<?xml version="1.0" encoding="UTF-8"?>
<testsuites name="Quicksti_Samday_Refunds_Admin" time="1018.51" tests="2" failures="2" errors="0">
   <testsuite name="Quicksti_Samday_Refunds_Admin" tests="2" failures="2" errors="0" time="1018.51" timestamp="2020-09-14 15:48:47" hostname="admin - SYS8" id="Test Suites/Certpay_testSuite/Quicksti_Samday_Refunds_Admin">
      <properties>
         <property name="deviceName" value=""/>
         <property name="devicePlatform" value=""/>
         <property name="logFolder" value="E:\\Sush_Certpay\\Reports\\20200914_154825\\Certpay_testSuite\\Quicksti_Samday_Refunds_Admin\\20200914_154826"/>
         <property name="logFiles" value="E:\\Sush_Certpay\\Reports\\20200914_154825\\Certpay_testSuite\\Quicksti_Samday_Refunds_Admin\\20200914_154826\\execution0.log"/>
         <property name="attachments" value="E:\\Sush_Certpay\\Reports\\20200914_154825\\Certpay_testSuite\\Quicksti_Samday_Refunds_Admin\\20200914_154826\\1600079325539.png, E:\\Sush_Certpay\\Reports\\20200914_154825\\Certpay_testSuite\\Quicksti_Samday_Refunds_Admin\\20200914_154826\\1600079326714.png, E:\\Sush_Certpay\\Reports\\20200914_154825\\Certpay_testSuite\\Quicksti_Samday_Refunds_Admin\\20200914_154826\\1600079744519.png"/>
         <property name="hostName" value="admin - SYS8"/>
         <property name="os" value="Windows 10 32bit"/>
         <property name="katalonVersion" value="7.1.2.1"/>
         <property name="browser" value="Chrome 85.0.4183.102"/>
         <property name="hostAddress" value="172.31.253.251"/>
         <property name="sessionId" value="936904d60f7856b7751d18f3310e4777"/>
         <property name="seleniumVersion" value="3.141.59"/>
         <property name="proxyInformation" value="ProxyInformation{proxyOption=NO_PROXY, proxyServerType=HTTP, password=, proxyServerAddress=, proxyServerPort=0, executionList=}"/>
         <property name="platform" value="Windows 10"/>
      </properties>
      <testcase name="Test Cases/SameDay_Refunds_Admin/TC_001_VISA_Sameday_FullRefund" time="600.156" classname="Test Cases/SameDay_Refunds_Admin/TC_001_VISA_Sameday_FullRefund" status="FAILED">
         <failure type="FAILED" message="Test Cases/SameDay_Refunds_Admin/TC_001_VISA_Sameday_FullRefund FAILED.
Reason:
com.kms.katalon.core.exception.StepFailedException: Unable to verify object 'Object Repository/CERTPAY_QUICKSTI/Payment_Information_Page/FIRST_NAME' is visible
	at com.kms.katalon.core.webui.keyword.internal.WebUIKeywordMain.stepFailed(WebUIKeywordMain.groovy:64)
	at com.kms.katalon.core.webui.keyword.internal.WebUIKeywordMain.runKeyword(WebUIKeywordMain.groovy:26)
	at com.kms.katalon.core.webui.keyword.builtin.VerifyElementVisibleKeyword.verifyElementVisible(VerifyElementVisibleKeyword.groovy:97)
	at com.kms.katalon.core.webui.keyword.builtin.VerifyElementVisibleKeyword.execute(VerifyElementVisibleKeyword.groovy:67)
	at com.kms.katalon.core.keyword.internal.KeywordExecutor.executeKeywordForPlatform(KeywordExecutor.groovy:72)
	at com.kms.katalon.core.webui.keyword.WebUiBuiltInKeywords.verifyElementVisible(WebUiBuiltInKeywords.groovy:372)
	at com.kms.katalon.core.webui.keyword.WebUiBuiltInKeywords$verifyElementVisible$2.call(Unknown Source)
	at utilities.SafeActions.safeType(SafeActions.groovy:109)
	at pages.Quicksti.setUserPaymentDetails(Quicksti.groovy:46)
	at pages.Quicksti.invokeMethod(Quicksti.groovy)
	at com.kms.katalon.core.main.CustomKeywordDelegatingMetaClass.invokeStaticMethod(CustomKeywordDelegatingMetaClass.java:50)
	at TC_001_VISA_Sameday_FullRefund.run(TC_001_VISA_Sameday_FullRefund:58)
	at com.kms.katalon.core.main.ScriptEngine.run(ScriptEngine.java:194)
	at com.kms.katalon.core.main.ScriptEngine.runScriptAsRawText(ScriptEngine.java:119)
	at com.kms.katalon.core.main.TestCaseExecutor.runScript(TestCaseExecutor.java:337)
	at com.kms.katalon.core.main.TestCaseExecutor.doExecute(TestCaseExecutor.java:328)
	at com.kms.katalon.core.main.TestCaseExecutor.processExecutionPhase(TestCaseExecutor.java:307)
	at com.kms.katalon.core.main.TestCaseExecutor.accessMainPhase(TestCaseExecutor.java:299)
	at com.kms.katalon.core.main.TestCaseExecutor.execute(TestCaseExecutor.java:233)
	at com.kms.katalon.core.main.TestSuiteExecutor.accessTestCaseMainPhase(TestSuiteExecutor.java:169)
	at com.kms.katalon.core.main.TestSuiteExecutor.accessTestSuiteMainPhase(TestSuiteExecutor.java:142)
	at com.kms.katalon.core.main.TestSuiteExecutor.execute(TestSuiteExecutor.java:91)
	at com.kms.katalon.core.main.TestCaseMain.startTestSuite(TestCaseMain.java:157)
	at com.kms.katalon.core.main.TestCaseMain$startTestSuite$0.call(Unknown Source)
	at TempTestSuite1600078706904.run(TempTestSuite1600078706904.groovy:36)
Caused by: com.kms.katalon.core.exception.StepFailedException: Web element with id: 'Object Repository/CERTPAY_QUICKSTI/Payment_Information_Page/FIRST_NAME' located by 'By.xpath: //input[@id='txtFirstName']' not found
	at com.kms.katalon.core.webui.keyword.internal.WebUIKeywordMain.stepFailed(WebUIKeywordMain.groovy:64)
	at com.kms.katalon.core.webui.keyword.builtin.VerifyElementVisibleKeyword$_verifyElementVisible_closure1.doCall(VerifyElementVisibleKeyword.groovy:89)
	at com.kms.katalon.core.webui.keyword.builtin.VerifyElementVisibleKeyword$_verifyElementVisible_closure1.call(VerifyElementVisibleKeyword.groovy)
	at com.kms.katalon.core.webui.keyword.internal.WebUIKeywordMain.runKeyword(WebUIKeywordMain.groovy:20)
	... 23 more
"/>
         <system-out><![CDATA[2020-09-14 15:48:47 - [TEST_CASE][FAILED] - Test Cases/SameDay_Refunds_Admin/TC_001_VISA_Sameday_FullRefund: Test Cases/SameDay_Refunds_Admin/TC_001_VISA_Sameday_FullRefund FAILED.
Reason:
com.kms.katalon.core.exception.StepFailedException: Unable to verify object 'Object Repository/CERTPAY_QUICKSTI/Payment_Information_Page/FIRST_NAME' is visible
	at com.kms.katalon.core.webui.keyword.internal.WebUIKeywordMain.stepFailed(WebUIKeywordMain.groovy:64)
	at com.kms.katalon.core.webui.keyword.internal.WebUIKeywordMain.runKeyword(WebUIKeywordMain.groovy:26)
	at com.kms.katalon.core.webui.keyword.builtin.VerifyElementVisibleKeyword.verifyElementVisible(VerifyElementVisibleKeyword.groovy:97)
	at com.kms.katalon.core.webui.keyword.builtin.VerifyElementVisibleKeyword.execute(VerifyElementVisibleKeyword.groovy:67)
	at com.kms.katalon.core.keyword.internal.KeywordExecutor.executeKeywordForPlatform(KeywordExecutor.groovy:72)
	at com.kms.katalon.core.webui.keyword.WebUiBuiltInKeywords.verifyElementVisible(WebUiBuiltInKeywords.groovy:372)
	at com.kms.katalon.core.webui.keyword.WebUiBuiltInKeywords$verifyElementVisible$2.call(Unknown Source)
	at utilities.SafeActions.safeType(SafeActions.groovy:109)
	at pages.Quicksti.setUserPaymentDetails(Quicksti.groovy:46)
	at pages.Quicksti.invokeMethod(Quicksti.groovy)
	at com.kms.katalon.core.main.CustomKeywordDelegatingMetaClass.invokeStaticMethod(CustomKeywordDelegatingMetaClass.java:50)
	at TC_001_VISA_Sameday_FullRefund.run(TC_001_VISA_Sameday_FullRefund:58)
	at com.kms.katalon.core.main.ScriptEngine.run(ScriptEngine.java:194)
	at com.kms.katalon.core.main.ScriptEngine.runScriptAsRawText(ScriptEngine.java:119)
	at com.kms.katalon.core.main.TestCaseExecutor.runScript(TestCaseExecutor.java:337)
	at com.kms.katalon.core.main.TestCaseExecutor.doExecute(TestCaseExecutor.java:328)
	at com.kms.katalon.core.main.TestCaseExecutor.processExecutionPhase(TestCaseExecutor.java:307)
	at com.kms.katalon.core.main.TestCaseExecutor.accessMainPhase(TestCaseExecutor.java:299)
	at com.kms.katalon.core.main.TestCaseExecutor.execute(TestCaseExecutor.java:233)
	at com.kms.katalon.core.main.TestSuiteExecutor.accessTestCaseMainPhase(TestSuiteExecutor.java:169)
	at com.kms.katalon.core.main.TestSuiteExecutor.accessTestSuiteMainPhase(TestSuiteExecutor.java:142)
	at com.kms.katalon.core.main.TestSuiteExecutor.execute(TestSuiteExecutor.java:91)
	at com.kms.katalon.core.main.TestCaseMain.startTestSuite(TestCaseMain.java:157)
	at com.kms.katalon.core.main.TestCaseMain$startTestSuite$0.call(Unknown Source)
	at TempTestSuite1600078706904.run(TempTestSuite1600078706904.groovy:36)
Caused by: com.kms.katalon.core.exception.StepFailedException: Web element with id: 'Object Repository/CERTPAY_QUICKSTI/Payment_Information_Page/FIRST_NAME' located by 'By.xpath: //input[@id='txtFirstName']' not found
	at com.kms.katalon.core.webui.keyword.internal.WebUIKeywordMain.stepFailed(WebUIKeywordMain.groovy:64)
	at com.kms.katalon.core.webui.keyword.builtin.VerifyElementVisibleKeyword$_verifyElementVisible_closure1.doCall(VerifyElementVisibleKeyword.groovy:89)
	at com.kms.katalon.core.webui.keyword.builtin.VerifyElementVisibleKeyword$_verifyElementVisible_closure1.call(VerifyElementVisibleKeyword.groovy)
	at com.kms.katalon.core.webui.keyword.internal.WebUIKeywordMain.runKeyword(WebUIKeywordMain.groovy:20)
	... 23 more


2020-09-14 15:48:47 - [TEST_STEP][PASSED] - Start listener action : beforeTestCase: null

2020-09-14 15:48:48 - [TEST_STEP][PASSED] - data = findTestData("Data Files/Certpay/SingleBureau_SingleLine"): null

2020-09-14 15:48:49 - [TEST_STEP][PASSED] - paymentIdList = []: null

2020-09-14 15:48:49 - [TEST_STEP][FAILED] - for (def index : (1..data.getRowNumbers())): Unable to verify object 'Object Repository/CERTPAY_QUICKSTI/Payment_Information_Page/FIRST_NAME' is visible

2020-09-14 15:48:49 - [TEST_STEP][PASSED] - firstName = data.getValue("FirstName", index): null

2020-09-14 15:48:49 - [TEST_STEP][PASSED] - lastName = data.getValue("LastName", index): null

2020-09-14 15:48:49 - [TEST_STEP][PASSED] - expMonth = data.getValue("ExpMonth", index): null

2020-09-14 15:48:49 - [TEST_STEP][PASSED] - expYear = data.getValue("ExpYear", index): null

2020-09-14 15:48:49 - [TEST_STEP][PASSED] - securityCode = data.getValue("SecurityCode", index): null

2020-09-14 15:48:49 - [TEST_STEP][PASSED] - paymentAmount = data.getValue("PaymentAmount", index): null

2020-09-14 15:48:49 - [TEST_STEP][PASSED] - paymentType = data.getValue("PaymentType", index): null

2020-09-14 15:48:49 - [TEST_STEP][PASSED] - quantity = data.getValue("Quantity", index): null

2020-09-14 15:48:49 - [TEST_STEP][PASSED] - comments = data.getValue("Comments", index): null

2020-09-14 15:48:49 - [TEST_STEP][PASSED] - referenceNum = data.getValue("ReferenceNum", index): null

2020-09-14 15:48:49 - [TEST_STEP][PASSED] - address = data.getValue("Address", index): null

2020-09-14 15:48:49 - [TEST_STEP][PASSED] - zipCode = data.getValue("Zipcode", index): null

2020-09-14 15:48:49 - [TEST_STEP][PASSED] - telephone = data.getValue("Telephone", index): null

2020-09-14 15:48:49 - [TEST_STEP][PASSED] - emailAddress = data.getValue("EmailAddress", index): null

2020-09-14 15:48:49 - [TEST_STEP][PASSED] - cardNum = data.getValue("CardNumber", index): null

2020-09-14 15:48:49 - [TEST_STEP][PASSED] - cardType = data.getValue("CardType", index): null

2020-09-14 15:48:49 - [TEST_STEP][PASSED] - utilities.SafeActions.openBrowser(Quicksti_Url, [pageLoadTime]): Browser launched successfully

2020-09-14 15:48:49 - [MESSAGE][INFO] - Opening Browser

2020-09-14 15:48:50 - [MESSAGE][INFO] - Starting 'Chrome' driver

2020-09-14 15:48:52 - [MESSAGE][INFO] - Action delay is set to 0 seconds

2020-09-14 15:49:58 - [MESSAGE][PASSED] - Browser is opened with url: 'https://qa-certpayquicksti.faps.net/'

2020-09-14 15:50:00 - [MESSAGE][PASSED] - Current window maximized

2020-09-14 15:50:00 - [MESSAGE][PASSED] - Browser launched successfully

2020-09-14 15:50:00 - [TEST_STEP][PASSED] - utilities.SafeActions.safeType(findTestObject("CERTPAY_QUICKSTI/Login_ Page/BUREAU_CODE"), bureau_code, "Bureau code", [pageLoadTime]): Quicksti_Samday_Refunds_Admin.ts:Entered'6100000 into Bureau code

2020-09-14 15:50:01 - [MESSAGE][PASSED] - Object 'Object Repository/CERTPAY_QUICKSTI/Login_ Page/BUREAU_CODE' is present

2020-09-14 15:50:02 - [MESSAGE][PASSED] - Object 'Object Repository/CERTPAY_QUICKSTI/Login_ Page/BUREAU_CODE' is visible

2020-09-14 15:50:02 - [MESSAGE][PASSED] - Object 'Object Repository/CERTPAY_QUICKSTI/Login_ Page/BUREAU_CODE' is present

2020-09-14 15:50:04 - [MESSAGE][PASSED] - Text '6100000' is set on object 'Object Repository/CERTPAY_QUICKSTI/Login_ Page/BUREAU_CODE'

2020-09-14 15:50:04 - [MESSAGE][PASSED] - Quicksti_Samday_Refunds_Admin.ts:Entered'6100000 into Bureau code

2020-09-14 15:50:04 - [TEST_STEP][PASSED] - utilities.SafeActions.safeType(findTestObject("CERTPAY_QUICKSTI/Login_ Page/TELLER_ID"), teller_id, "Bureau code", [pageLoadTime]): Quicksti_Samday_Refunds_Admin.ts:Entered'zenq into Bureau code

2020-09-14 15:50:04 - [MESSAGE][PASSED] - Object 'Object Repository/CERTPAY_QUICKSTI/Login_ Page/TELLER_ID' is present

2020-09-14 15:50:05 - [MESSAGE][PASSED] - Object 'Object Repository/CERTPAY_QUICKSTI/Login_ Page/TELLER_ID' is visible

2020-09-14 15:50:05 - [MESSAGE][PASSED] - Object 'Object Repository/CERTPAY_QUICKSTI/Login_ Page/TELLER_ID' is present

2020-09-14 15:50:06 - [MESSAGE][PASSED] - Text 'zenq' is set on object 'Object Repository/CERTPAY_QUICKSTI/Login_ Page/TELLER_ID'

2020-09-14 15:50:06 - [MESSAGE][PASSED] - Quicksti_Samday_Refunds_Admin.ts:Entered'zenq into Bureau code

2020-09-14 15:50:06 - [TEST_STEP][PASSED] - utilities.SafeActions.safeClick(findTestObject("CERTPAY_QUICKSTI/Login_ Page/NEXT_BUTTON"), "Next button", [pageLoadTime]): Quicksti_Samday_Refunds_Admin.ts:Clicked on the Next button

2020-09-14 15:50:06 - [MESSAGE][INFO] - safeClicking

2020-09-14 15:50:06 - [MESSAGE][PASSED] - Object 'Object Repository/CERTPAY_QUICKSTI/Login_ Page/NEXT_BUTTON' is present

2020-09-14 15:50:08 - [MESSAGE][PASSED] - Object 'Object Repository/CERTPAY_QUICKSTI/Login_ Page/NEXT_BUTTON' is clickable

2020-09-14 15:50:12 - [MESSAGE][PASSED] - Object: 'Object Repository/CERTPAY_QUICKSTI/Login_ Page/NEXT_BUTTON' is clicked on

2020-09-14 15:50:12 - [MESSAGE][PASSED] - Quicksti_Samday_Refunds_Admin.ts:Clicked on the Next button

2020-09-14 15:50:12 - [TEST_STEP][PASSED] - utilities.SafeActions.safeClick(findTestObject("CERTPAY_QUICKSTI/Payment_Information_Page/MANUAL_ENTRY_BUTTON"), "ManualEntry", [pageLoadTime]): Quicksti_Samday_Refunds_Admin.ts:Clicked on the ManualEntry

2020-09-14 15:50:12 - [MESSAGE][INFO] - safeClicking

2020-09-14 15:50:12 - [MESSAGE][PASSED] - Object 'Object Repository/CERTPAY_QUICKSTI/Payment_Information_Page/MANUAL_ENTRY_BUTTON' is present

2020-09-14 15:50:13 - [MESSAGE][PASSED] - Object 'Object Repository/CERTPAY_QUICKSTI/Payment_Information_Page/MANUAL_ENTRY_BUTTON' is clickable

2020-09-14 15:50:17 - [MESSAGE][PASSED] - Object: 'Object Repository/CERTPAY_QUICKSTI/Payment_Information_Page/MANUAL_ENTRY_BUTTON' is clicked on

2020-09-14 15:50:17 - [MESSAGE][PASSED] - Quicksti_Samday_Refunds_Admin.ts:Clicked on the ManualEntry

2020-09-14 15:50:17 - [TEST_STEP][PASSED] - CardNumber = pages.Quicksti.setUserPaymentDetails(firstName, lastName, cardNum): Quicksti_Samday_Refunds_Admin.ts:Entered'4761739001010135 into CardNum

2020-09-14 15:50:18 - [MESSAGE][PASSED] - Object 'Object Repository/CERTPAY_QUICKSTI/Payment_Information_Page/FIRST_NAME' is present

2020-09-14 15:50:18 - [MESSAGE][PASSED] - Object 'Object Repository/CERTPAY_QUICKSTI/Payment_Information_Page/FIRST_NAME' is visible

2020-09-14 15:50:18 - [MESSAGE][PASSED] - Object 'Object Repository/CERTPAY_QUICKSTI/Payment_Information_Page/FIRST_NAME' is present

2020-09-14 15:50:20 - [MESSAGE][PASSED] - Text 'Tester' is set on object 'Object Repository/CERTPAY_QUICKSTI/Payment_Information_Page/FIRST_NAME'

2020-09-14 15:50:20 - [MESSAGE][PASSED] - Quicksti_Samday_Refunds_Admin.ts:Entered'Tester into FirstName

2020-09-14 15:50:20 - [MESSAGE][PASSED] - Object 'Object Repository/CERTPAY_QUICKSTI/Payment_Information_Page/LAST_NAME' is present

2020-09-14 15:50:21 - [MESSAGE][PASSED] - Object 'Object Repository/CERTPAY_QUICKSTI/Payment_Information_Page/LAST_NAME' is visible

2020-09-14 15:50:21 - [MESSAGE][PASSED] - Object 'Object Repository/CERTPAY_QUICKSTI/Payment_Information_Page/LAST_NAME' is present

2020-09-14 15:50:22 - [MESSAGE][PASSED] - Text 'Zenq1' is set on object 'Object Repository/CERTPAY_QUICKSTI/Payment_Information_Page/LAST_NAME'

2020-09-14 15:50:22 - [MESSAGE][PASSED] - Quicksti_Samday_Refunds_Admin.ts:Entered'Zenq1 into LAstName

2020-09-14 15:50:23 - [MESSAGE][PASSED] - Object 'Object Repository/CERTPAY_QUICKSTI/Payment_Information_Page/CARD_NUMBER' is present

2020-09-14 15:50:23 - [MESSAGE][PASSED] - Object 'Object Repository/CERTPAY_QUICKSTI/Payment_Information_Page/CARD_NUMBER' is visible

2020-09-14 15:50:23 - [MESSAGE][PASSED] - Object 'Object Repository/CERTPAY_QUICKSTI/Payment_Information_Page/CARD_NUMBER' is present

2020-09-14 15:50:24 - [MESSAGE][PASSED] - Text '4761739001010135' is set on object 'Object Repository/CERTPAY_QUICKSTI/Payment_Information_Page/CARD_NUMBER'

2020-09-14 15:50:24 - [MESSAGE][PASSED] - Quicksti_Samday_Refunds_Admin.ts:Entered'4761739001010135 into CardNum

2020-09-14 15:50:24 - [TEST_STEP][PASSED] - utilities.SafeActions.safeSelectOptionInDropdownByVisibleText(findTestObject("CERTPAY_QUICKSTI/Payment_Information_Page/PAYMENT_TYPE"), paymentType, "paymentType", [pageLoadTime]): selected dropdown option by visible text  Taxesfrom paymentType

2020-09-14 15:50:25 - [MESSAGE][PASSED] - Object 'Object Repository/CERTPAY_QUICKSTI/Payment_Information_Page/PAYMENT_TYPE' is visible

2020-09-14 15:50:25 - [MESSAGE][PASSED] - Object 'Object Repository/CERTPAY_QUICKSTI/Payment_Information_Page/PAYMENT_TYPE' is present

2020-09-14 15:50:26 - [MESSAGE][PASSED] - Object: 'Object Repository/CERTPAY_QUICKSTI/Payment_Information_Page/PAYMENT_TYPE' is clicked on

2020-09-14 15:50:28 - [MESSAGE][PASSED] - All options with label 'Taxes' are selected in object 'Object Repository/CERTPAY_QUICKSTI/Payment_Information_Page/PAYMENT_TYPE'  using regular expression

2020-09-14 15:50:28 - [MESSAGE][PASSED] - selected dropdown option by visible text  Taxesfrom paymentType

2020-09-14 15:50:28 - [TEST_STEP][PASSED] - pages.Quicksti.setExpDate(expMonth, expYear, securityCode): Quicksti_Samday_Refunds_Admin.ts:Entered'207 into securityCode

2020-09-14 15:50:28 - [MESSAGE][PASSED] - Object 'Object Repository/CERTPAY_QUICKSTI/Payment_Information_Page/EXP_MONTH' is visible

2020-09-14 15:50:28 - [MESSAGE][PASSED] - Object 'Object Repository/CERTPAY_QUICKSTI/Payment_Information_Page/EXP_MONTH' is present

2020-09-14 15:50:29 - [MESSAGE][PASSED] - Object: 'Object Repository/CERTPAY_QUICKSTI/Payment_Information_Page/EXP_MONTH' is clicked on

2020-09-14 15:50:31 - [MESSAGE][PASSED] - All options with label '03' are selected in object 'Object Repository/CERTPAY_QUICKSTI/Payment_Information_Page/EXP_MONTH'  using regular expression

2020-09-14 15:50:31 - [MESSAGE][PASSED] - selected dropdown option by visible text  03from expMonth

2020-09-14 15:50:31 - [MESSAGE][PASSED] - Object 'Object Repository/CERTPAY_QUICKSTI/Payment_Information_Page/EXP_YEAR' is visible

2020-09-14 15:50:31 - [MESSAGE][PASSED] - Object 'Object Repository/CERTPAY_QUICKSTI/Payment_Information_Page/EXP_YEAR' is present

2020-09-14 15:50:33 - [MESSAGE][PASSED] - Object: 'Object Repository/CERTPAY_QUICKSTI/Payment_Information_Page/EXP_YEAR' is clicked on

2020-09-14 15:50:34 - [MESSAGE][PASSED] - All options with label '2022' are selected in object 'Object Repository/CERTPAY_QUICKSTI/Payment_Information_Page/EXP_YEAR'  using regular expression

2020-09-14 15:50:34 - [MESSAGE][PASSED] - selected dropdown option by visible text  2022from  expYear

2020-09-14 15:50:34 - [MESSAGE][PASSED] - Object 'Object Repository/CERTPAY_QUICKSTI/Payment_Information_Page/SECURITY_CODE' is present

2020-09-14 15:50:35 - [MESSAGE][PASSED] - Object 'Object Repository/CERTPAY_QUICKSTI/Payment_Information_Page/SECURITY_CODE' is visible

2020-09-14 15:50:35 - [MESSAGE][PASSED] - Object 'Object Repository/CERTPAY_QUICKSTI/Payment_Information_Page/SECURITY_CODE' is present

2020-09-14 15:50:36 - [MESSAGE][PASSED] - Text '207' is set on object 'Object Repository/CERTPAY_QUICKSTI/Payment_Information_Page/SECURITY_CODE'

2020-09-14 15:50:36 - [MESSAGE][PASSED] - Quicksti_Samday_Refunds_Admin.ts:Entered'207 into securityCode

2020-09-14 15:50:36 - [TEST_STEP][PASSED] - pages.Quicksti.setPaymentAmountDetailsForSinglePayment(paymentAmount, quantity): Quicksti_Samday_Refunds_Admin.ts:Entered'1 into Quantity

2020-09-14 15:50:37 - [MESSAGE][PASSED] - Object 'Object Repository/CERTPAY_QUICKSTI/Payment_Information_Page/PAYMENT_AMOUNT' is present

2020-09-14 15:50:37 - [MESSAGE][PASSED] - Object 'Object Repository/CERTPAY_QUICKSTI/Payment_Information_Page/PAYMENT_AMOUNT' is visible

2020-09-14 15:50:37 - [MESSAGE][PASSED] - Object 'Object Repository/CERTPAY_QUICKSTI/Payment_Information_Page/PAYMENT_AMOUNT' is present

2020-09-14 15:50:38 - [MESSAGE][PASSED] - Text '20.00' is set on object 'Object Repository/CERTPAY_QUICKSTI/Payment_Information_Page/PAYMENT_AMOUNT'

2020-09-14 15:50:38 - [MESSAGE][PASSED] - Quicksti_Samday_Refunds_Admin.ts:Entered'20.00 into amount

2020-09-14 15:50:39 - [MESSAGE][PASSED] - Object 'Object Repository/CERTPAY_QUICKSTI/Payment_Information_Page/QUANTITY' is present

2020-09-14 15:50:39 - [MESSAGE][PASSED] - Object 'Object Repository/CERTPAY_QUICKSTI/Payment_Information_Page/QUANTITY' is visible

2020-09-14 15:50:40 - [MESSAGE][PASSED] - Object 'Object Repository/CERTPAY_QUICKSTI/Payment_Information_Page/QUANTITY' is present

2020-09-14 15:50:41 - [MESSAGE][PASSED] - Text '1' is set on object 'Object Repository/CERTPAY_QUICKSTI/Payment_Information_Page/QUANTITY'

2020-09-14 15:50:41 - [MESSAGE][PASSED] - Quicksti_Samday_Refunds_Admin.ts:Entered'1 into Quantity

2020-09-14 15:50:41 - [TEST_STEP][PASSED] - utilities.SafeActions.safeType(findTestObject("CERTPAY_QUICKSTI/Payment_Information_Page/REFRENCE_NUMBER"), referenceNum, "Reference Number", [pageLoadTime]): Quicksti_Samday_Refunds_Admin.ts:Entered'11 into Reference Number

2020-09-14 15:50:41 - [MESSAGE][PASSED] - Object 'Object Repository/CERTPAY_QUICKSTI/Payment_Information_Page/REFRENCE_NUMBER' is present

2020-09-14 15:50:42 - [MESSAGE][PASSED] - Object 'Object Repository/CERTPAY_QUICKSTI/Payment_Information_Page/REFRENCE_NUMBER' is visible

2020-09-14 15:50:42 - [MESSAGE][PASSED] - Object 'Object Repository/CERTPAY_QUICKSTI/Payment_Information_Page/REFRENCE_NUMBER' is present

2020-09-14 15:50:43 - [MESSAGE][PASSED] - Text '11' is set on object 'Object Repository/CERTPAY_QUICKSTI/Payment_Information_Page/REFRENCE_NUMBER'

2020-09-14 15:50:43 - [MESSAGE][PASSED] - Quicksti_Samday_Refunds_Admin.ts:Entered'11 into Reference Number

2020-09-14 15:50:43 - [TEST_STEP][PASSED] - amount_Value = pages.Quicksti.getAttributeValue(findTestObject("CERTPAY_QUICKSTI/Payment_Information_Page/SUB_TOTAL")): pages.Quicksti.getAttributeValue is PASSED

2020-09-14 15:50:44 - [MESSAGE][PASSED] - Attribute 'value' of object 'Object Repository/CERTPAY_QUICKSTI/Payment_Information_Page/SUB_TOTAL' is: '20.00'

2020-09-14 15:50:44 - [MESSAGE][PASSED] - pages.Quicksti.getAttributeValue is PASSED

2020-09-14 15:50:44 - [TEST_STEP][PASSED] - utilities.SafeActions.safeType(findTestObject("CERTPAY_QUICKSTI/Payment_Information_Page/COMMENTS"), "Testing", "Comments", [pageLoadTime]): Quicksti_Samday_Refunds_Admin.ts:Entered'Testing into Comments

2020-09-14 15:50:44 - [MESSAGE][PASSED] - Object 'Object Repository/CERTPAY_QUICKSTI/Payment_Information_Page/COMMENTS' is present

2020-09-14 15:50:44 - [MESSAGE][PASSED] - Object 'Object Repository/CERTPAY_QUICKSTI/Payment_Information_Page/COMMENTS' is visible

2020-09-14 15:50:44 - [MESSAGE][PASSED] - Object 'Object Repository/CERTPAY_QUICKSTI/Payment_Information_Page/COMMENTS' is present

2020-09-14 15:50:46 - [MESSAGE][PASSED] - Text 'Testing' is set on object 'Object Repository/CERTPAY_QUICKSTI/Payment_Information_Page/COMMENTS'

2020-09-14 15:50:46 - [MESSAGE][PASSED] - Quicksti_Samday_Refunds_Admin.ts:Entered'Testing into Comments

2020-09-14 15:50:46 - [TEST_STEP][PASSED] - utilities.SafeActions.safeType(findTestObject("CERTPAY_QUICKSTI/Payment_Information_Page/ADDRESS"), address, "Address", [pageLoadTime]): Quicksti_Samday_Refunds_Admin.ts:Entered'14-2 into Address

2020-09-14 15:50:46 - [MESSAGE][PASSED] - Object 'Object Repository/CERTPAY_QUICKSTI/Payment_Information_Page/ADDRESS' is present

2020-09-14 15:50:47 - [MESSAGE][PASSED] - Object 'Object Repository/CERTPAY_QUICKSTI/Payment_Information_Page/ADDRESS' is visible

2020-09-14 15:50:47 - [MESSAGE][PASSED] - Object 'Object Repository/CERTPAY_QUICKSTI/Payment_Information_Page/ADDRESS' is present

2020-09-14 15:50:48 - [MESSAGE][PASSED] - Text '14-2' is set on object 'Object Repository/CERTPAY_QUICKSTI/Payment_Information_Page/ADDRESS'

2020-09-14 15:50:48 - [MESSAGE][PASSED] - Quicksti_Samday_Refunds_Admin.ts:Entered'14-2 into Address

2020-09-14 15:50:48 - [TEST_STEP][PASSED] - utilities.SafeActions.safeType(findTestObject("CERTPAY_QUICKSTI/Payment_Information_Page/ZIP_CODE"), zipCode, "zipcode", [pageLoadTime]): Quicksti_Samday_Refunds_Admin.ts:Entered'76102 into zipcode

2020-09-14 15:50:48 - [MESSAGE][PASSED] - Object 'Object Repository/CERTPAY_QUICKSTI/Payment_Information_Page/ZIP_CODE' is present

2020-09-14 15:50:49 - [MESSAGE][PASSED] - Object 'Object Repository/CERTPAY_QUICKSTI/Payment_Information_Page/ZIP_CODE' is visible

2020-09-14 15:50:49 - [MESSAGE][PASSED] - Object 'Object Repository/CERTPAY_QUICKSTI/Payment_Information_Page/ZIP_CODE' is present

2020-09-14 15:50:50 - [MESSAGE][PASSED] - Text '76102' is set on object 'Object Repository/CERTPAY_QUICKSTI/Payment_Information_Page/ZIP_CODE'

2020-09-14 15:50:50 - [MESSAGE][PASSED] - Quicksti_Samday_Refunds_Admin.ts:Entered'76102 into zipcode

2020-09-14 15:50:50 - [TEST_STEP][PASSED] - utilities.SafeActions.safeType(findTestObject("CERTPAY_QUICKSTI/Payment_Information_Page/TELEPHONE"), telephone, "Telephone", [pageLoadTime]): Quicksti_Samday_Refunds_Admin.ts:Entered'9988776655 into Telephone

2020-09-14 15:50:51 - [MESSAGE][PASSED] - Object 'Object Repository/CERTPAY_QUICKSTI/Payment_Information_Page/TELEPHONE' is present

2020-09-14 15:50:51 - [MESSAGE][PASSED] - Object 'Object Repository/CERTPAY_QUICKSTI/Payment_Information_Page/TELEPHONE' is visible

2020-09-14 15:50:51 - [MESSAGE][PASSED] - Object 'Object Repository/CERTPAY_QUICKSTI/Payment_Information_Page/TELEPHONE' is present

2020-09-14 15:50:53 - [MESSAGE][PASSED] - Text '9988776655' is set on object 'Object Repository/CERTPAY_QUICKSTI/Payment_Information_Page/TELEPHONE'

2020-09-14 15:50:53 - [MESSAGE][PASSED] - Quicksti_Samday_Refunds_Admin.ts:Entered'9988776655 into Telephone

2020-09-14 15:50:53 - [TEST_STEP][PASSED] - utilities.SafeActions.safeType(findTestObject("CERTPAY_QUICKSTI/Payment_Information_Page/EMAIL_ADDRESS"), emailAddress, "EMAIL address", [pageLoadTime]): Quicksti_Samday_Refunds_Admin.ts:Entered'testing@zenq.com into EMAIL address

2020-09-14 15:50:53 - [MESSAGE][PASSED] - Object 'Object Repository/CERTPAY_QUICKSTI/Payment_Information_Page/EMAIL_ADDRESS' is present

2020-09-14 15:50:53 - [MESSAGE][PASSED] - Object 'Object Repository/CERTPAY_QUICKSTI/Payment_Information_Page/EMAIL_ADDRESS' is visible

2020-09-14 15:50:53 - [MESSAGE][PASSED] - Object 'Object Repository/CERTPAY_QUICKSTI/Payment_Information_Page/EMAIL_ADDRESS' is present

2020-09-14 15:50:55 - [MESSAGE][PASSED] - Text 'testing@zenq.com' is set on object 'Object Repository/CERTPAY_QUICKSTI/Payment_Information_Page/EMAIL_ADDRESS'

2020-09-14 15:50:55 - [MESSAGE][PASSED] - Quicksti_Samday_Refunds_Admin.ts:Entered'testing@zenq.com into EMAIL address

2020-09-14 15:50:55 - [TEST_STEP][PASSED] - utilities.SafeActions.safeClick(findTestObject("CERTPAY_QUICKSTI/Payment_Information_Page/NEXT_BUTTON"), "Next", [pageLoadTime]): Quicksti_Samday_Refunds_Admin.ts:Clicked on the Next

2020-09-14 15:50:55 - [MESSAGE][INFO] - safeClicking

2020-09-14 15:50:55 - [MESSAGE][PASSED] - Object 'Object Repository/CERTPAY_QUICKSTI/Payment_Information_Page/NEXT_BUTTON' is present

2020-09-14 15:50:55 - [MESSAGE][PASSED] - Object 'Object Repository/CERTPAY_QUICKSTI/Payment_Information_Page/NEXT_BUTTON' is clickable

2020-09-14 15:50:58 - [MESSAGE][PASSED] - Object: 'Object Repository/CERTPAY_QUICKSTI/Payment_Information_Page/NEXT_BUTTON' is clicked on

2020-09-14 15:50:58 - [MESSAGE][PASSED] - Quicksti_Samday_Refunds_Admin.ts:Clicked on the Next

2020-09-14 15:50:58 - [TEST_STEP][PASSED] - pages.Quicksti.verifyUserPaymentDetails(paymentAmount, firstName, lastName, CardNumber): pages.Quicksti.verifyUserPaymentDetails is PASSED

2020-09-14 15:50:59 - [MESSAGE][PASSED] - Text of object 'Object Repository/CERTPAY_QUICKSTI/Payment_Details_Verification_Page/AMOUNT' is: '$20.00'

2020-09-14 15:50:59 - [MESSAGE][PASSED] - Actual text '20.00' and expected text '20.00' are matched  using regular expression

2020-09-14 15:50:59 - [MESSAGE][PASSED] - Text of object 'Object Repository/CERTPAY_QUICKSTI/Payment_Details_Verification_Page/NAME' is: 'Tester Zenq1'

2020-09-14 15:50:59 - [MESSAGE][PASSED] - Actual text 'Tester Zenq1' and expected text 'Tester Zenq1' are matched  using regular expression

2020-09-14 15:51:00 - [MESSAGE][PASSED] - Text of object 'Object Repository/CERTPAY_QUICKSTI/Payment_Details_Verification_Page/CARD_NUMBER' is: '...0135'

2020-09-14 15:51:00 - [MESSAGE][PASSED] - Actual text '0135' and expected text '0135' are matched  using regular expression

2020-09-14 15:51:00 - [MESSAGE][PASSED] - pages.Quicksti.verifyUserPaymentDetails is PASSED

2020-09-14 15:51:00 - [TEST_STEP][PASSED] - delay(2): Delayed 2 second(s)

2020-09-14 15:51:02 - [MESSAGE][PASSED] - Delayed 2 second(s)

2020-09-14 15:51:02 - [TEST_STEP][PASSED] - scrollToElement(findTestObject("CERTPAY_QUICKSTI/Payment_Details_Verification_Page/PROCESS"), 30): Scroll to object 'Object Repository/CERTPAY_QUICKSTI/Payment_Details_Verification_Page/PROCESS' successfully

2020-09-14 15:51:02 - [MESSAGE][PASSED] - Scroll to object 'Object Repository/CERTPAY_QUICKSTI/Payment_Details_Verification_Page/PROCESS' successfully

2020-09-14 15:51:02 - [TEST_STEP][PASSED] - utilities.SafeActions.safeClick(findTestObject("CERTPAY_QUICKSTI/Payment_Details_Verification_Page/PROCESS"), "Process", [pageLoadTime]): Quicksti_Samday_Refunds_Admin.ts:Clicked on the Process

2020-09-14 15:51:02 - [MESSAGE][INFO] - safeClicking

2020-09-14 15:51:02 - [MESSAGE][PASSED] - Object 'Object Repository/CERTPAY_QUICKSTI/Payment_Details_Verification_Page/PROCESS' is present

2020-09-14 15:51:03 - [MESSAGE][PASSED] - Object 'Object Repository/CERTPAY_QUICKSTI/Payment_Details_Verification_Page/PROCESS' is clickable

2020-09-14 15:51:09 - [MESSAGE][PASSED] - Object: 'Object Repository/CERTPAY_QUICKSTI/Payment_Details_Verification_Page/PROCESS' is clicked on

2020-09-14 15:51:09 - [MESSAGE][PASSED] - Quicksti_Samday_Refunds_Admin.ts:Clicked on the Process

2020-09-14 15:51:09 - [TEST_STEP][PASSED] - paymentId = pages.Quicksti.verifyPaymentApproval(findTestObject("CERTPAY_QUICKSTI/Payment_Details_Verification_Page/APPROVED")): Payment is approved

2020-09-14 15:51:09 - [MESSAGE][PASSED] - Text of object 'Object Repository/CERTPAY_QUICKSTI/Payment_Details_Verification_Page/PAYMENT_ID' is: '100176117083'

2020-09-14 15:51:09 - [MESSAGE][PASSED] - Object 'Object Repository/CERTPAY_QUICKSTI/Payment_Details_Verification_Page/APPROVED' is present

2020-09-14 15:51:09 - [MESSAGE][PASSED] - Payment is approved

2020-09-14 15:51:11 - [TEST_STEP][PASSED] - navigateToUrl(Admin_url): Navigate to 'https://qa-certpayadmin.faps.net' successfully

2020-09-14 15:51:16 - [MESSAGE][PASSED] - Navigate to 'https://qa-certpayadmin.faps.net' successfully

2020-09-14 15:51:16 - [TEST_STEP][PASSED] - pages.Bureau_Login_Page.loginToAdminSite(AdminUsername, AdminPassword): Quicksti_Samday_Refunds_Admin.ts:Clicked on the LOGIN

2020-09-14 15:51:17 - [MESSAGE][PASSED] - Object 'Object Repository/CERTPAY_ADMIN/USER_NAME' is present

2020-09-14 15:51:17 - [MESSAGE][PASSED] - Object 'Object Repository/CERTPAY_ADMIN/USER_NAME' is visible

2020-09-14 15:51:17 - [MESSAGE][PASSED] - Object 'Object Repository/CERTPAY_ADMIN/USER_NAME' is present

2020-09-14 15:51:19 - [MESSAGE][PASSED] - Text 'VVangiliappan' is set on object 'Object Repository/CERTPAY_ADMIN/USER_NAME'

2020-09-14 15:51:19 - [MESSAGE][PASSED] - Quicksti_Samday_Refunds_Admin.ts:Entered'VVangiliappan into username

2020-09-14 15:51:19 - [MESSAGE][PASSED] - Object 'Object Repository/CERTPAY_ADMIN/PASSWORD' is present

2020-09-14 15:51:19 - [MESSAGE][PASSED] - Object 'Object Repository/CERTPAY_ADMIN/PASSWORD' is visible

2020-09-14 15:51:20 - [MESSAGE][PASSED] - Object 'Object Repository/CERTPAY_ADMIN/PASSWORD' is present

2020-09-14 15:51:21 - [MESSAGE][PASSED] - Text 'Knila@12345' is set on object 'Object Repository/CERTPAY_ADMIN/PASSWORD'

2020-09-14 15:51:21 - [MESSAGE][PASSED] - Quicksti_Samday_Refunds_Admin.ts:Entered'Knila@12345 into password

2020-09-14 15:51:21 - [MESSAGE][INFO] - safeClicking

2020-09-14 15:51:21 - [MESSAGE][PASSED] - Object 'Object Repository/CERTPAY_ADMIN/LOGIN_BUTTON' is present

2020-09-14 15:51:21 - [MESSAGE][PASSED] - Object 'Object Repository/CERTPAY_ADMIN/LOGIN_BUTTON' is clickable

2020-09-14 15:51:29 - [MESSAGE][PASSED] - Object: 'Object Repository/CERTPAY_ADMIN/LOGIN_BUTTON' is clicked on

2020-09-14 15:51:29 - [MESSAGE][PASSED] - Quicksti_Samday_Refunds_Admin.ts:Clicked on the LOGIN

2020-09-14 15:51:29 - [TEST_STEP][PASSED] - utilities.SafeActions.safeClick(findTestObject("CERTPAY_ADMIN/TRANSACTION_SEARCH"), "TransactionSearch", [pageLoadTime]): Quicksti_Samday_Refunds_Admin.ts:Clicked on the TransactionSearch

2020-09-14 15:51:29 - [MESSAGE][INFO] - safeClicking

2020-09-14 15:51:29 - [MESSAGE][PASSED] - Object 'Object Repository/CERTPAY_ADMIN/TRANSACTION_SEARCH' is present

2020-09-14 15:51:29 - [MESSAGE][PASSED] - Object 'Object Repository/CERTPAY_ADMIN/TRANSACTION_SEARCH' is clickable

2020-09-14 15:51:33 - [MESSAGE][PASSED] - Object: 'Object Repository/CERTPAY_ADMIN/TRANSACTION_SEARCH' is clicked on

2020-09-14 15:51:33 - [MESSAGE][PASSED] - Quicksti_Samday_Refunds_Admin.ts:Clicked on the TransactionSearch

2020-09-14 15:51:33 - [TEST_STEP][PASSED] - utilities.SafeActions.safeType(findTestObject("CERTPAY_ADMIN/PAYMENT_ID"), paymentId, "Payment id", [pageLoadTime]): Quicksti_Samday_Refunds_Admin.ts:Entered'100176117083 into Payment id

2020-09-14 15:51:34 - [MESSAGE][PASSED] - Object 'Object Repository/CERTPAY_ADMIN/PAYMENT_ID' is present

2020-09-14 15:51:34 - [MESSAGE][PASSED] - Object 'Object Repository/CERTPAY_ADMIN/PAYMENT_ID' is visible

2020-09-14 15:51:34 - [MESSAGE][PASSED] - Object 'Object Repository/CERTPAY_ADMIN/PAYMENT_ID' is present

2020-09-14 15:51:36 - [MESSAGE][PASSED] - Text '100176117083' is set on object 'Object Repository/CERTPAY_ADMIN/PAYMENT_ID'

2020-09-14 15:51:36 - [MESSAGE][PASSED] - Quicksti_Samday_Refunds_Admin.ts:Entered'100176117083 into Payment id

2020-09-14 15:51:36 - [TEST_STEP][PASSED] - utilities.SafeActions.safeClick(findTestObject("CERTPAY_ADMIN/GO_BUTTON"), "Go button", [pageLoadTime]): Quicksti_Samday_Refunds_Admin.ts:Clicked on the Go button

2020-09-14 15:51:36 - [MESSAGE][INFO] - safeClicking

2020-09-14 15:51:36 - [MESSAGE][PASSED] - Object 'Object Repository/CERTPAY_ADMIN/GO_BUTTON' is present

2020-09-14 15:51:36 - [MESSAGE][PASSED] - Object 'Object Repository/CERTPAY_ADMIN/GO_BUTTON' is clickable

2020-09-14 15:51:40 - [MESSAGE][PASSED] - Object: 'Object Repository/CERTPAY_ADMIN/GO_BUTTON' is clicked on

2020-09-14 15:51:40 - [MESSAGE][PASSED] - Quicksti_Samday_Refunds_Admin.ts:Clicked on the Go button

2020-09-14 15:51:40 - [TEST_STEP][PASSED] - delay(5): Delayed 5 second(s)

2020-09-14 15:51:45 - [MESSAGE][PASSED] - Delayed 5 second(s)

2020-09-14 15:51:45 - [TEST_STEP][PASSED] - paymentIdList.add(paymentId): null

2020-09-14 15:51:45 - [TEST_STEP][PASSED] - println(paymentIdList): null

2020-09-14 15:51:45 - [TEST_STEP][PASSED] - utilities.SafeActions.safeClick(findTestObject("CERTPAY_ADMIN/ACTIONS_BUTTON"), "Actions button", [pageLoadTime]): Quicksti_Samday_Refunds_Admin.ts:Clicked on the Actions button

2020-09-14 15:51:45 - [MESSAGE][INFO] - safeClicking

2020-09-14 15:51:45 - [MESSAGE][PASSED] - Object 'Object Repository/CERTPAY_ADMIN/ACTIONS_BUTTON' is present

2020-09-14 15:51:46 - [MESSAGE][PASSED] - Object 'Object Repository/CERTPAY_ADMIN/ACTIONS_BUTTON' is clickable

2020-09-14 15:51:47 - [MESSAGE][PASSED] - Object: 'Object Repository/CERTPAY_ADMIN/ACTIONS_BUTTON' is clicked on

2020-09-14 15:51:47 - [MESSAGE][PASSED] - Quicksti_Samday_Refunds_Admin.ts:Clicked on the Actions button

2020-09-14 15:51:47 - [TEST_STEP][PASSED] - utilities.SafeActions.safeClick(findTestObject("CERTPAY_ADMIN/REFUND_MENU"), "Refund Menu", [pageLoadTime]): Quicksti_Samday_Refunds_Admin.ts:Clicked on the Refund Menu

2020-09-14 15:51:47 - [MESSAGE][INFO] - safeClicking

2020-09-14 15:51:47 - [MESSAGE][PASSED] - Object 'Object Repository/CERTPAY_ADMIN/REFUND_MENU' is present

2020-09-14 15:51:47 - [MESSAGE][PASSED] - Object 'Object Repository/CERTPAY_ADMIN/REFUND_MENU' is clickable

2020-09-14 15:51:49 - [MESSAGE][PASSED] - Object: 'Object Repository/CERTPAY_ADMIN/REFUND_MENU' is clicked on

2020-09-14 15:51:49 - [MESSAGE][PASSED] - Quicksti_Samday_Refunds_Admin.ts:Clicked on the Refund Menu

2020-09-14 15:51:49 - [TEST_STEP][PASSED] - utilities.SafeActions.safeClick(findTestObject("CERTPAY_ADMIN/CREDIT_RETURN"), "Credit Return", [pageLoadTime]): Quicksti_Samday_Refunds_Admin.ts:Clicked on the Credit Return

2020-09-14 15:51:49 - [MESSAGE][INFO] - safeClicking

2020-09-14 15:51:49 - [MESSAGE][PASSED] - Object 'Object Repository/CERTPAY_ADMIN/CREDIT_RETURN' is present

2020-09-14 15:51:49 - [MESSAGE][PASSED] - Object 'Object Repository/CERTPAY_ADMIN/CREDIT_RETURN' is clickable

2020-09-14 15:51:51 - [MESSAGE][PASSED] - Object: 'Object Repository/CERTPAY_ADMIN/CREDIT_RETURN' is clicked on

2020-09-14 15:51:51 - [MESSAGE][PASSED] - Quicksti_Samday_Refunds_Admin.ts:Clicked on the Credit Return

2020-09-14 15:51:51 - [TEST_STEP][PASSED] - utilities.SafeActions.safeClick(findTestObject("Object Repository/CERTPAY_ADMIN/FULL_REFUND_BUTTON"), "Set To Full Refund", [pageLoadTime]): Quicksti_Samday_Refunds_Admin.ts:Clicked on the Set To Full Refund

2020-09-14 15:51:51 - [MESSAGE][INFO] - safeClicking

2020-09-14 15:51:51 - [MESSAGE][PASSED] - Object 'Object Repository/CERTPAY_ADMIN/FULL_REFUND_BUTTON' is present

2020-09-14 15:51:51 - [MESSAGE][PASSED] - Object 'Object Repository/CERTPAY_ADMIN/FULL_REFUND_BUTTON' is clickable

2020-09-14 15:51:53 - [MESSAGE][PASSED] - Object: 'Object Repository/CERTPAY_ADMIN/FULL_REFUND_BUTTON' is clicked on

2020-09-14 15:51:53 - [MESSAGE][PASSED] - Quicksti_Samday_Refunds_Admin.ts:Clicked on the Set To Full Refund

2020-09-14 15:51:53 - [TEST_STEP][PASSED] - utilities.SafeActions.safeClick(findTestObject("Object Repository/CERTPAY_ADMIN/PROCESS_REVERSAL"), "Process Reversal", [pageLoadTime]): Quicksti_Samday_Refunds_Admin.ts:Clicked on the Process Reversal

2020-09-14 15:51:53 - [MESSAGE][INFO] - safeClicking

2020-09-14 15:51:53 - [MESSAGE][PASSED] - Object 'Object Repository/CERTPAY_ADMIN/PROCESS_REVERSAL' is present

2020-09-14 15:51:53 - [MESSAGE][PASSED] - Object 'Object Repository/CERTPAY_ADMIN/PROCESS_REVERSAL' is clickable

2020-09-14 15:51:54 - [MESSAGE][PASSED] - Object: 'Object Repository/CERTPAY_ADMIN/PROCESS_REVERSAL' is clicked on

2020-09-14 15:51:54 - [MESSAGE][PASSED] - Quicksti_Samday_Refunds_Admin.ts:Clicked on the Process Reversal

2020-09-14 15:51:54 - [TEST_STEP][PASSED] - delay(2): Delayed 2 second(s)

2020-09-14 15:51:56 - [MESSAGE][PASSED] - Delayed 2 second(s)

2020-09-14 15:51:56 - [TEST_STEP][PASSED] - firstName = data.getValue("FirstName", index): null

2020-09-14 15:51:56 - [TEST_STEP][PASSED] - lastName = data.getValue("LastName", index): null

2020-09-14 15:51:56 - [TEST_STEP][PASSED] - expMonth = data.getValue("ExpMonth", index): null

2020-09-14 15:51:56 - [TEST_STEP][PASSED] - expYear = data.getValue("ExpYear", index): null

2020-09-14 15:51:56 - [TEST_STEP][PASSED] - securityCode = data.getValue("SecurityCode", index): null

2020-09-14 15:51:56 - [TEST_STEP][PASSED] - paymentAmount = data.getValue("PaymentAmount", index): null

2020-09-14 15:51:56 - [TEST_STEP][PASSED] - paymentType = data.getValue("PaymentType", index): null

2020-09-14 15:51:56 - [TEST_STEP][PASSED] - quantity = data.getValue("Quantity", index): null

2020-09-14 15:51:56 - [TEST_STEP][PASSED] - comments = data.getValue("Comments", index): null

2020-09-14 15:51:56 - [TEST_STEP][PASSED] - referenceNum = data.getValue("ReferenceNum", index): null

2020-09-14 15:51:56 - [TEST_STEP][PASSED] - address = data.getValue("Address", index): null

2020-09-14 15:51:56 - [TEST_STEP][PASSED] - zipCode = data.getValue("Zipcode", index): null

2020-09-14 15:51:56 - [TEST_STEP][PASSED] - telephone = data.getValue("Telephone", index): null

2020-09-14 15:51:56 - [TEST_STEP][PASSED] - emailAddress = data.getValue("EmailAddress", index): null

2020-09-14 15:51:56 - [TEST_STEP][PASSED] - cardNum = data.getValue("CardNumber", index): null

2020-09-14 15:51:56 - [TEST_STEP][PASSED] - cardType = data.getValue("CardType", index): null

2020-09-14 15:51:56 - [TEST_STEP][PASSED] - utilities.SafeActions.openBrowser(Quicksti_Url, [pageLoadTime]): Browser launched successfully

2020-09-14 15:51:56 - [MESSAGE][INFO] - Opening Browser

2020-09-14 15:51:56 - [MESSAGE][WARNING] - A browser is already opened. Closing browser and opening a new one

2020-09-14 15:51:59 - [MESSAGE][INFO] - Starting 'Chrome' driver

2020-09-14 15:52:10 - [MESSAGE][PASSED] - Browser is opened with url: 'https://qa-certpayquicksti.faps.net/'

2020-09-14 15:52:12 - [MESSAGE][PASSED] - Current window maximized

2020-09-14 15:52:12 - [MESSAGE][PASSED] - Browser launched successfully

2020-09-14 15:52:12 - [TEST_STEP][PASSED] - utilities.SafeActions.safeType(findTestObject("CERTPAY_QUICKSTI/Login_ Page/BUREAU_CODE"), bureau_code, "Bureau code", [pageLoadTime]): Quicksti_Samday_Refunds_Admin.ts:Entered'6100000 into Bureau code

2020-09-14 15:52:13 - [MESSAGE][PASSED] - Object 'Object Repository/CERTPAY_QUICKSTI/Login_ Page/BUREAU_CODE' is present

2020-09-14 15:52:13 - [MESSAGE][PASSED] - Object 'Object Repository/CERTPAY_QUICKSTI/Login_ Page/BUREAU_CODE' is visible

2020-09-14 15:52:13 - [MESSAGE][PASSED] - Object 'Object Repository/CERTPAY_QUICKSTI/Login_ Page/BUREAU_CODE' is present

2020-09-14 15:52:14 - [MESSAGE][PASSED] - Text '6100000' is set on object 'Object Repository/CERTPAY_QUICKSTI/Login_ Page/BUREAU_CODE'

2020-09-14 15:52:14 - [MESSAGE][PASSED] - Quicksti_Samday_Refunds_Admin.ts:Entered'6100000 into Bureau code

2020-09-14 15:52:14 - [TEST_STEP][PASSED] - utilities.SafeActions.safeType(findTestObject("CERTPAY_QUICKSTI/Login_ Page/TELLER_ID"), teller_id, "Bureau code", [pageLoadTime]): Quicksti_Samday_Refunds_Admin.ts:Entered'zenq into Bureau code

2020-09-14 15:52:15 - [MESSAGE][PASSED] - Object 'Object Repository/CERTPAY_QUICKSTI/Login_ Page/TELLER_ID' is present

2020-09-14 15:52:15 - [MESSAGE][PASSED] - Object 'Object Repository/CERTPAY_QUICKSTI/Login_ Page/TELLER_ID' is visible

2020-09-14 15:52:15 - [MESSAGE][PASSED] - Object 'Object Repository/CERTPAY_QUICKSTI/Login_ Page/TELLER_ID' is present

2020-09-14 15:52:17 - [MESSAGE][PASSED] - Text 'zenq' is set on object 'Object Repository/CERTPAY_QUICKSTI/Login_ Page/TELLER_ID'

2020-09-14 15:52:17 - [MESSAGE][PASSED] - Quicksti_Samday_Refunds_Admin.ts:Entered'zenq into Bureau code

2020-09-14 15:52:17 - [TEST_STEP][PASSED] - utilities.SafeActions.safeClick(findTestObject("CERTPAY_QUICKSTI/Login_ Page/NEXT_BUTTON"), "Next button", [pageLoadTime]): Quicksti_Samday_Refunds_Admin.ts:Clicked on the Next button

2020-09-14 15:52:17 - [MESSAGE][INFO] - safeClicking

2020-09-14 15:52:17 - [MESSAGE][PASSED] - Object 'Object Repository/CERTPAY_QUICKSTI/Login_ Page/NEXT_BUTTON' is present

2020-09-14 15:52:17 - [MESSAGE][PASSED] - Object 'Object Repository/CERTPAY_QUICKSTI/Login_ Page/NEXT_BUTTON' is clickable

2020-09-14 15:52:21 - [MESSAGE][PASSED] - Object: 'Object Repository/CERTPAY_QUICKSTI/Login_ Page/NEXT_BUTTON' is clicked on

2020-09-14 15:52:21 - [MESSAGE][PASSED] - Quicksti_Samday_Refunds_Admin.ts:Clicked on the Next button

2020-09-14 15:52:21 - [TEST_STEP][PASSED] - utilities.SafeActions.safeClick(findTestObject("CERTPAY_QUICKSTI/Payment_Information_Page/MANUAL_ENTRY_BUTTON"), "ManualEntry", [pageLoadTime]): Quicksti_Samday_Refunds_Admin.ts:Clicked on the ManualEntry

2020-09-14 15:52:21 - [MESSAGE][INFO] - safeClicking

2020-09-14 15:52:21 - [MESSAGE][PASSED] - Object 'Object Repository/CERTPAY_QUICKSTI/Payment_Information_Page/MANUAL_ENTRY_BUTTON' is present

2020-09-14 15:52:21 - [MESSAGE][PASSED] - Object 'Object Repository/CERTPAY_QUICKSTI/Payment_Information_Page/MANUAL_ENTRY_BUTTON' is clickable

2020-09-14 15:52:24 - [MESSAGE][PASSED] - Object: 'Object Repository/CERTPAY_QUICKSTI/Payment_Information_Page/MANUAL_ENTRY_BUTTON' is clicked on

2020-09-14 15:52:24 - [MESSAGE][PASSED] - Quicksti_Samday_Refunds_Admin.ts:Clicked on the ManualEntry

2020-09-14 15:52:24 - [TEST_STEP][PASSED] - CardNumber = pages.Quicksti.setUserPaymentDetails(firstName, lastName, cardNum): Quicksti_Samday_Refunds_Admin.ts:Entered'5154623208647646 into CardNum

2020-09-14 15:52:25 - [MESSAGE][PASSED] - Object 'Object Repository/CERTPAY_QUICKSTI/Payment_Information_Page/FIRST_NAME' is present

2020-09-14 15:52:25 - [MESSAGE][PASSED] - Object 'Object Repository/CERTPAY_QUICKSTI/Payment_Information_Page/FIRST_NAME' is visible

2020-09-14 15:52:25 - [MESSAGE][PASSED] - Object 'Object Repository/CERTPAY_QUICKSTI/Payment_Information_Page/FIRST_NAME' is present

2020-09-14 15:52:27 - [MESSAGE][PASSED] - Text 'Tester' is set on object 'Object Repository/CERTPAY_QUICKSTI/Payment_Information_Page/FIRST_NAME'

2020-09-14 15:52:27 - [MESSAGE][PASSED] - Quicksti_Samday_Refunds_Admin.ts:Entered'Tester into FirstName

2020-09-14 15:52:27 - [MESSAGE][PASSED] - Object 'Object Repository/CERTPAY_QUICKSTI/Payment_Information_Page/LAST_NAME' is present

2020-09-14 15:52:27 - [MESSAGE][PASSED] - Object 'Object Repository/CERTPAY_QUICKSTI/Payment_Information_Page/LAST_NAME' is visible

2020-09-14 15:52:28 - [MESSAGE][PASSED] - Object 'Object Repository/CERTPAY_QUICKSTI/Payment_Information_Page/LAST_NAME' is present

2020-09-14 15:52:29 - [MESSAGE][PASSED] - Text 'Zenq1' is set on object 'Object Repository/CERTPAY_QUICKSTI/Payment_Information_Page/LAST_NAME'

2020-09-14 15:52:29 - [MESSAGE][PASSED] - Quicksti_Samday_Refunds_Admin.ts:Entered'Zenq1 into LAstName

2020-09-14 15:52:29 - [MESSAGE][PASSED] - Object 'Object Repository/CERTPAY_QUICKSTI/Payment_Information_Page/CARD_NUMBER' is present

2020-09-14 15:52:29 - [MESSAGE][PASSED] - Object 'Object Repository/CERTPAY_QUICKSTI/Payment_Information_Page/CARD_NUMBER' is visible

2020-09-14 15:52:30 - [MESSAGE][PASSED] - Object 'Object Repository/CERTPAY_QUICKSTI/Payment_Information_Page/CARD_NUMBER' is present

2020-09-14 15:52:31 - [MESSAGE][PASSED] - Text '5154623208647646' is set on object 'Object Repository/CERTPAY_QUICKSTI/Payment_Information_Page/CARD_NUMBER'

2020-09-14 15:52:31 - [MESSAGE][PASSED] - Quicksti_Samday_Refunds_Admin.ts:Entered'5154623208647646 into CardNum

2020-09-14 15:52:31 - [TEST_STEP][PASSED] - utilities.SafeActions.safeSelectOptionInDropdownByVisibleText(findTestObject("CERTPAY_QUICKSTI/Payment_Information_Page/PAYMENT_TYPE"), paymentType, "paymentType", [pageLoadTime]): selected dropdown option by visible text  Giftsfrom paymentType

2020-09-14 15:52:31 - [MESSAGE][PASSED] - Object 'Object Repository/CERTPAY_QUICKSTI/Payment_Information_Page/PAYMENT_TYPE' is visible

2020-09-14 15:52:32 - [MESSAGE][PASSED] - Object 'Object Repository/CERTPAY_QUICKSTI/Payment_Information_Page/PAYMENT_TYPE' is present

2020-09-14 15:52:33 - [MESSAGE][PASSED] - Object: 'Object Repository/CERTPAY_QUICKSTI/Payment_Information_Page/PAYMENT_TYPE' is clicked on

2020-09-14 15:52:34 - [MESSAGE][PASSED] - All options with label 'Gifts' are selected in object 'Object Repository/CERTPAY_QUICKSTI/Payment_Information_Page/PAYMENT_TYPE'  using regular expression

2020-09-14 15:52:34 - [MESSAGE][PASSED] - selected dropdown option by visible text  Giftsfrom paymentType

2020-09-14 15:52:34 - [TEST_STEP][PASSED] - pages.Quicksti.setExpDate(expMonth, expYear, securityCode): Quicksti_Samday_Refunds_Admin.ts:Entered'207 into securityCode

2020-09-14 15:52:34 - [MESSAGE][PASSED] - Object 'Object Repository/CERTPAY_QUICKSTI/Payment_Information_Page/EXP_MONTH' is visible

2020-09-14 15:52:35 - [MESSAGE][PASSED] - Object 'Object Repository/CERTPAY_QUICKSTI/Payment_Information_Page/EXP_MONTH' is present

2020-09-14 15:52:36 - [MESSAGE][PASSED] - Object: 'Object Repository/CERTPAY_QUICKSTI/Payment_Information_Page/EXP_MONTH' is clicked on

2020-09-14 15:52:37 - [MESSAGE][PASSED] - All options with label '04' are selected in object 'Object Repository/CERTPAY_QUICKSTI/Payment_Information_Page/EXP_MONTH'  using regular expression

2020-09-14 15:52:37 - [MESSAGE][PASSED] - selected dropdown option by visible text  04from expMonth

2020-09-14 15:52:38 - [MESSAGE][PASSED] - Object 'Object Repository/CERTPAY_QUICKSTI/Payment_Information_Page/EXP_YEAR' is visible

2020-09-14 15:52:38 - [MESSAGE][PASSED] - Object 'Object Repository/CERTPAY_QUICKSTI/Payment_Information_Page/EXP_YEAR' is present

2020-09-14 15:52:39 - [MESSAGE][PASSED] - Object: 'Object Repository/CERTPAY_QUICKSTI/Payment_Information_Page/EXP_YEAR' is clicked on

2020-09-14 15:52:40 - [MESSAGE][PASSED] - All options with label '2023' are selected in object 'Object Repository/CERTPAY_QUICKSTI/Payment_Information_Page/EXP_YEAR'  using regular expression

2020-09-14 15:52:40 - [MESSAGE][PASSED] - selected dropdown option by visible text  2023from  expYear

2020-09-14 15:52:41 - [MESSAGE][PASSED] - Object 'Object Repository/CERTPAY_QUICKSTI/Payment_Information_Page/SECURITY_CODE' is present

2020-09-14 15:52:41 - [MESSAGE][PASSED] - Object 'Object Repository/CERTPAY_QUICKSTI/Payment_Information_Page/SECURITY_CODE' is visible

2020-09-14 15:52:42 - [MESSAGE][PASSED] - Object 'Object Repository/CERTPAY_QUICKSTI/Payment_Information_Page/SECURITY_CODE' is present

2020-09-14 15:52:43 - [MESSAGE][PASSED] - Text '207' is set on object 'Object Repository/CERTPAY_QUICKSTI/Payment_Information_Page/SECURITY_CODE'

2020-09-14 15:52:43 - [MESSAGE][PASSED] - Quicksti_Samday_Refunds_Admin.ts:Entered'207 into securityCode

2020-09-14 15:52:43 - [TEST_STEP][PASSED] - pages.Quicksti.setPaymentAmountDetailsForSinglePayment(paymentAmount, quantity): Quicksti_Samday_Refunds_Admin.ts:Entered'2 into Quantity

2020-09-14 15:52:43 - [MESSAGE][PASSED] - Object 'Object Repository/CERTPAY_QUICKSTI/Payment_Information_Page/PAYMENT_AMOUNT' is present

2020-09-14 15:52:44 - [MESSAGE][PASSED] - Object 'Object Repository/CERTPAY_QUICKSTI/Payment_Information_Page/PAYMENT_AMOUNT' is visible

2020-09-14 15:52:44 - [MESSAGE][PASSED] - Object 'Object Repository/CERTPAY_QUICKSTI/Payment_Information_Page/PAYMENT_AMOUNT' is present

2020-09-14 15:52:45 - [MESSAGE][PASSED] - Text '25.00' is set on object 'Object Repository/CERTPAY_QUICKSTI/Payment_Information_Page/PAYMENT_AMOUNT'

2020-09-14 15:52:45 - [MESSAGE][PASSED] - Quicksti_Samday_Refunds_Admin.ts:Entered'25.00 into amount

2020-09-14 15:52:46 - [MESSAGE][PASSED] - Object 'Object Repository/CERTPAY_QUICKSTI/Payment_Information_Page/QUANTITY' is present

2020-09-14 15:52:46 - [MESSAGE][PASSED] - Object 'Object Repository/CERTPAY_QUICKSTI/Payment_Information_Page/QUANTITY' is visible

2020-09-14 15:52:46 - [MESSAGE][PASSED] - Object 'Object Repository/CERTPAY_QUICKSTI/Payment_Information_Page/QUANTITY' is present

2020-09-14 15:52:48 - [MESSAGE][PASSED] - Text '2' is set on object 'Object Repository/CERTPAY_QUICKSTI/Payment_Information_Page/QUANTITY'

2020-09-14 15:52:48 - [MESSAGE][PASSED] - Quicksti_Samday_Refunds_Admin.ts:Entered'2 into Quantity

2020-09-14 15:52:48 - [TEST_STEP][PASSED] - utilities.SafeActions.safeType(findTestObject("CERTPAY_QUICKSTI/Payment_Information_Page/REFRENCE_NUMBER"), referenceNum, "Reference Number", [pageLoadTime]): Quicksti_Samday_Refunds_Admin.ts:Entered'12 into Reference Number

2020-09-14 15:52:48 - [MESSAGE][PASSED] - Object 'Object Repository/CERTPAY_QUICKSTI/Payment_Information_Page/REFRENCE_NUMBER' is present

2020-09-14 15:52:48 - [MESSAGE][PASSED] - Object 'Object Repository/CERTPAY_QUICKSTI/Payment_Information_Page/REFRENCE_NUMBER' is visible

2020-09-14 15:52:48 - [MESSAGE][PASSED] - Object 'Object Repository/CERTPAY_QUICKSTI/Payment_Information_Page/REFRENCE_NUMBER' is present

2020-09-14 15:52:50 - [MESSAGE][PASSED] - Text '12' is set on object 'Object Repository/CERTPAY_QUICKSTI/Payment_Information_Page/REFRENCE_NUMBER'

2020-09-14 15:52:50 - [MESSAGE][PASSED] - Quicksti_Samday_Refunds_Admin.ts:Entered'12 into Reference Number

2020-09-14 15:52:50 - [TEST_STEP][PASSED] - amount_Value = pages.Quicksti.getAttributeValue(findTestObject("CERTPAY_QUICKSTI/Payment_Information_Page/SUB_TOTAL")): pages.Quicksti.getAttributeValue is PASSED

2020-09-14 15:52:50 - [MESSAGE][PASSED] - Attribute 'value' of object 'Object Repository/CERTPAY_QUICKSTI/Payment_Information_Page/SUB_TOTAL' is: '50.00'

2020-09-14 15:52:50 - [MESSAGE][PASSED] - pages.Quicksti.getAttributeValue is PASSED

2020-09-14 15:52:50 - [TEST_STEP][PASSED] - utilities.SafeActions.safeType(findTestObject("CERTPAY_QUICKSTI/Payment_Information_Page/COMMENTS"), "Testing", "Comments", [pageLoadTime]): Quicksti_Samday_Refunds_Admin.ts:Entered'Testing into Comments

2020-09-14 15:52:50 - [MESSAGE][PASSED] - Object 'Object Repository/CERTPAY_QUICKSTI/Payment_Information_Page/COMMENTS' is present

2020-09-14 15:52:51 - [MESSAGE][PASSED] - Object 'Object Repository/CERTPAY_QUICKSTI/Payment_Information_Page/COMMENTS' is visible

2020-09-14 15:52:51 - [MESSAGE][PASSED] - Object 'Object Repository/CERTPAY_QUICKSTI/Payment_Information_Page/COMMENTS' is present

2020-09-14 15:52:52 - [MESSAGE][PASSED] - Text 'Testing' is set on object 'Object Repository/CERTPAY_QUICKSTI/Payment_Information_Page/COMMENTS'

2020-09-14 15:52:52 - [MESSAGE][PASSED] - Quicksti_Samday_Refunds_Admin.ts:Entered'Testing into Comments

2020-09-14 15:52:52 - [TEST_STEP][PASSED] - utilities.SafeActions.safeType(findTestObject("CERTPAY_QUICKSTI/Payment_Information_Page/ADDRESS"), address, "Address", [pageLoadTime]): Quicksti_Samday_Refunds_Admin.ts:Entered'14-2 into Address

2020-09-14 15:52:53 - [MESSAGE][PASSED] - Object 'Object Repository/CERTPAY_QUICKSTI/Payment_Information_Page/ADDRESS' is present

2020-09-14 15:52:53 - [MESSAGE][PASSED] - Object 'Object Repository/CERTPAY_QUICKSTI/Payment_Information_Page/ADDRESS' is visible

2020-09-14 15:52:53 - [MESSAGE][PASSED] - Object 'Object Repository/CERTPAY_QUICKSTI/Payment_Information_Page/ADDRESS' is present

2020-09-14 15:52:54 - [MESSAGE][PASSED] - Text '14-2' is set on object 'Object Repository/CERTPAY_QUICKSTI/Payment_Information_Page/ADDRESS'

2020-09-14 15:52:54 - [MESSAGE][PASSED] - Quicksti_Samday_Refunds_Admin.ts:Entered'14-2 into Address

2020-09-14 15:52:54 - [TEST_STEP][PASSED] - utilities.SafeActions.safeType(findTestObject("CERTPAY_QUICKSTI/Payment_Information_Page/ZIP_CODE"), zipCode, "zipcode", [pageLoadTime]): Quicksti_Samday_Refunds_Admin.ts:Entered'76102 into zipcode

2020-09-14 15:52:55 - [MESSAGE][PASSED] - Object 'Object Repository/CERTPAY_QUICKSTI/Payment_Information_Page/ZIP_CODE' is present

2020-09-14 15:52:55 - [MESSAGE][PASSED] - Object 'Object Repository/CERTPAY_QUICKSTI/Payment_Information_Page/ZIP_CODE' is visible

2020-09-14 15:52:55 - [MESSAGE][PASSED] - Object 'Object Repository/CERTPAY_QUICKSTI/Payment_Information_Page/ZIP_CODE' is present

2020-09-14 15:52:57 - [MESSAGE][PASSED] - Text '76102' is set on object 'Object Repository/CERTPAY_QUICKSTI/Payment_Information_Page/ZIP_CODE'

2020-09-14 15:52:57 - [MESSAGE][PASSED] - Quicksti_Samday_Refunds_Admin.ts:Entered'76102 into zipcode

2020-09-14 15:52:57 - [TEST_STEP][PASSED] - utilities.SafeActions.safeType(findTestObject("CERTPAY_QUICKSTI/Payment_Information_Page/TELEPHONE"), telephone, "Telephone", [pageLoadTime]): Quicksti_Samday_Refunds_Admin.ts:Entered'9989897654 into Telephone

2020-09-14 15:52:57 - [MESSAGE][PASSED] - Object 'Object Repository/CERTPAY_QUICKSTI/Payment_Information_Page/TELEPHONE' is present

2020-09-14 15:52:57 - [MESSAGE][PASSED] - Object 'Object Repository/CERTPAY_QUICKSTI/Payment_Information_Page/TELEPHONE' is visible

2020-09-14 15:52:58 - [MESSAGE][PASSED] - Object 'Object Repository/CERTPAY_QUICKSTI/Payment_Information_Page/TELEPHONE' is present

2020-09-14 15:52:59 - [MESSAGE][PASSED] - Text '9989897654' is set on object 'Object Repository/CERTPAY_QUICKSTI/Payment_Information_Page/TELEPHONE'

2020-09-14 15:52:59 - [MESSAGE][PASSED] - Quicksti_Samday_Refunds_Admin.ts:Entered'9989897654 into Telephone

2020-09-14 15:52:59 - [TEST_STEP][PASSED] - utilities.SafeActions.safeType(findTestObject("CERTPAY_QUICKSTI/Payment_Information_Page/EMAIL_ADDRESS"), emailAddress, "EMAIL address", [pageLoadTime]): Quicksti_Samday_Refunds_Admin.ts:Entered'testing@zenq.com into EMAIL address

2020-09-14 15:52:59 - [MESSAGE][PASSED] - Object 'Object Repository/CERTPAY_QUICKSTI/Payment_Information_Page/EMAIL_ADDRESS' is present

2020-09-14 15:53:00 - [MESSAGE][PASSED] - Object 'Object Repository/CERTPAY_QUICKSTI/Payment_Information_Page/EMAIL_ADDRESS' is visible

2020-09-14 15:53:00 - [MESSAGE][PASSED] - Object 'Object Repository/CERTPAY_QUICKSTI/Payment_Information_Page/EMAIL_ADDRESS' is present

2020-09-14 15:53:01 - [MESSAGE][PASSED] - Text 'testing@zenq.com' is set on object 'Object Repository/CERTPAY_QUICKSTI/Payment_Information_Page/EMAIL_ADDRESS'

2020-09-14 15:53:01 - [MESSAGE][PASSED] - Quicksti_Samday_Refunds_Admin.ts:Entered'testing@zenq.com into EMAIL address

2020-09-14 15:53:01 - [TEST_STEP][PASSED] - utilities.SafeActions.safeClick(findTestObject("CERTPAY_QUICKSTI/Payment_Information_Page/NEXT_BUTTON"), "Next", [pageLoadTime]): Quicksti_Samday_Refunds_Admin.ts:Clicked on the Next

2020-09-14 15:53:01 - [MESSAGE][INFO] - safeClicking

2020-09-14 15:53:01 - [MESSAGE][PASSED] - Object 'Object Repository/CERTPAY_QUICKSTI/Payment_Information_Page/NEXT_BUTTON' is present

2020-09-14 15:53:02 - [MESSAGE][PASSED] - Object 'Object Repository/CERTPAY_QUICKSTI/Payment_Information_Page/NEXT_BUTTON' is clickable

2020-09-14 15:53:05 - [MESSAGE][PASSED] - Object: 'Object Repository/CERTPAY_QUICKSTI/Payment_Information_Page/NEXT_BUTTON' is clicked on

2020-09-14 15:53:05 - [MESSAGE][PASSED] - Quicksti_Samday_Refunds_Admin.ts:Clicked on the Next

2020-09-14 15:53:05 - [TEST_STEP][PASSED] - pages.Quicksti.verifyUserPaymentDetails(paymentAmount, firstName, lastName, CardNumber): pages.Quicksti.verifyUserPaymentDetails is PASSED

2020-09-14 15:53:05 - [MESSAGE][PASSED] - Text of object 'Object Repository/CERTPAY_QUICKSTI/Payment_Details_Verification_Page/AMOUNT' is: '$25.00'

2020-09-14 15:53:05 - [MESSAGE][PASSED] - Actual text '25.00' and expected text '25.00' are matched  using regular expression

2020-09-14 15:53:06 - [MESSAGE][PASSED] - Text of object 'Object Repository/CERTPAY_QUICKSTI/Payment_Details_Verification_Page/NAME' is: 'Tester Zenq1'

2020-09-14 15:53:06 - [MESSAGE][PASSED] - Actual text 'Tester Zenq1' and expected text 'Tester Zenq1' are matched  using regular expression

2020-09-14 15:53:06 - [MESSAGE][PASSED] - Text of object 'Object Repository/CERTPAY_QUICKSTI/Payment_Details_Verification_Page/CARD_NUMBER' is: '...7646'

2020-09-14 15:53:06 - [MESSAGE][PASSED] - Actual text '7646' and expected text '7646' are matched  using regular expression

2020-09-14 15:53:06 - [MESSAGE][PASSED] - pages.Quicksti.verifyUserPaymentDetails is PASSED

2020-09-14 15:53:06 - [TEST_STEP][PASSED] - delay(2): Delayed 2 second(s)

2020-09-14 15:53:08 - [MESSAGE][PASSED] - Delayed 2 second(s)

2020-09-14 15:53:08 - [TEST_STEP][PASSED] - scrollToElement(findTestObject("CERTPAY_QUICKSTI/Payment_Details_Verification_Page/PROCESS"), 30): Scroll to object 'Object Repository/CERTPAY_QUICKSTI/Payment_Details_Verification_Page/PROCESS' successfully

2020-09-14 15:53:09 - [MESSAGE][PASSED] - Scroll to object 'Object Repository/CERTPAY_QUICKSTI/Payment_Details_Verification_Page/PROCESS' successfully

2020-09-14 15:53:09 - [TEST_STEP][PASSED] - utilities.SafeActions.safeClick(findTestObject("CERTPAY_QUICKSTI/Payment_Details_Verification_Page/PROCESS"), "Process", [pageLoadTime]): Quicksti_Samday_Refunds_Admin.ts:Clicked on the Process

2020-09-14 15:53:09 - [MESSAGE][INFO] - safeClicking

2020-09-14 15:53:09 - [MESSAGE][PASSED] - Object 'Object Repository/CERTPAY_QUICKSTI/Payment_Details_Verification_Page/PROCESS' is present

2020-09-14 15:53:09 - [MESSAGE][PASSED] - Object 'Object Repository/CERTPAY_QUICKSTI/Payment_Details_Verification_Page/PROCESS' is clickable

2020-09-14 15:53:13 - [MESSAGE][PASSED] - Object: 'Object Repository/CERTPAY_QUICKSTI/Payment_Details_Verification_Page/PROCESS' is clicked on

2020-09-14 15:53:13 - [MESSAGE][PASSED] - Quicksti_Samday_Refunds_Admin.ts:Clicked on the Process

2020-09-14 15:53:13 - [TEST_STEP][PASSED] - paymentId = pages.Quicksti.verifyPaymentApproval(findTestObject("CERTPAY_QUICKSTI/Payment_Details_Verification_Page/APPROVED")): Payment is approved

2020-09-14 15:53:13 - [MESSAGE][PASSED] - Text of object 'Object Repository/CERTPAY_QUICKSTI/Payment_Details_Verification_Page/PAYMENT_ID' is: '100176117087'

2020-09-14 15:53:14 - [MESSAGE][PASSED] - Object 'Object Repository/CERTPAY_QUICKSTI/Payment_Details_Verification_Page/APPROVED' is present

2020-09-14 15:53:14 - [MESSAGE][PASSED] - Payment is approved

2020-09-14 15:53:16 - [TEST_STEP][PASSED] - navigateToUrl(Admin_url): Navigate to 'https://qa-certpayadmin.faps.net' successfully

2020-09-14 15:53:20 - [MESSAGE][PASSED] - Navigate to 'https://qa-certpayadmin.faps.net' successfully

2020-09-14 15:53:20 - [TEST_STEP][PASSED] - pages.Bureau_Login_Page.loginToAdminSite(AdminUsername, AdminPassword): Quicksti_Samday_Refunds_Admin.ts:Clicked on the LOGIN

2020-09-14 15:53:21 - [MESSAGE][PASSED] - Object 'Object Repository/CERTPAY_ADMIN/USER_NAME' is present

2020-09-14 15:53:21 - [MESSAGE][PASSED] - Object 'Object Repository/CERTPAY_ADMIN/USER_NAME' is visible

2020-09-14 15:53:21 - [MESSAGE][PASSED] - Object 'Object Repository/CERTPAY_ADMIN/USER_NAME' is present

2020-09-14 15:53:22 - [MESSAGE][PASSED] - Text 'VVangiliappan' is set on object 'Object Repository/CERTPAY_ADMIN/USER_NAME'

2020-09-14 15:53:22 - [MESSAGE][PASSED] - Quicksti_Samday_Refunds_Admin.ts:Entered'VVangiliappan into username

2020-09-14 15:53:23 - [MESSAGE][PASSED] - Object 'Object Repository/CERTPAY_ADMIN/PASSWORD' is present

2020-09-14 15:53:23 - [MESSAGE][PASSED] - Object 'Object Repository/CERTPAY_ADMIN/PASSWORD' is visible

2020-09-14 15:53:23 - [MESSAGE][PASSED] - Object 'Object Repository/CERTPAY_ADMIN/PASSWORD' is present

2020-09-14 15:53:25 - [MESSAGE][PASSED] - Text 'Knila@12345' is set on object 'Object Repository/CERTPAY_ADMIN/PASSWORD'

2020-09-14 15:53:25 - [MESSAGE][PASSED] - Quicksti_Samday_Refunds_Admin.ts:Entered'Knila@12345 into password

2020-09-14 15:53:25 - [MESSAGE][INFO] - safeClicking

2020-09-14 15:53:25 - [MESSAGE][PASSED] - Object 'Object Repository/CERTPAY_ADMIN/LOGIN_BUTTON' is present

2020-09-14 15:53:25 - [MESSAGE][PASSED] - Object 'Object Repository/CERTPAY_ADMIN/LOGIN_BUTTON' is clickable

2020-09-14 15:53:33 - [MESSAGE][PASSED] - Object: 'Object Repository/CERTPAY_ADMIN/LOGIN_BUTTON' is clicked on

2020-09-14 15:53:33 - [MESSAGE][PASSED] - Quicksti_Samday_Refunds_Admin.ts:Clicked on the LOGIN

2020-09-14 15:53:33 - [TEST_STEP][PASSED] - utilities.SafeActions.safeClick(findTestObject("CERTPAY_ADMIN/TRANSACTION_SEARCH"), "TransactionSearch", [pageLoadTime]): Quicksti_Samday_Refunds_Admin.ts:Clicked on the TransactionSearch

2020-09-14 15:53:33 - [MESSAGE][INFO] - safeClicking

2020-09-14 15:53:34 - [MESSAGE][PASSED] - Object 'Object Repository/CERTPAY_ADMIN/TRANSACTION_SEARCH' is present

2020-09-14 15:53:34 - [MESSAGE][PASSED] - Object 'Object Repository/CERTPAY_ADMIN/TRANSACTION_SEARCH' is clickable

2020-09-14 15:53:36 - [MESSAGE][PASSED] - Object: 'Object Repository/CERTPAY_ADMIN/TRANSACTION_SEARCH' is clicked on

2020-09-14 15:53:36 - [MESSAGE][PASSED] - Quicksti_Samday_Refunds_Admin.ts:Clicked on the TransactionSearch

2020-09-14 15:53:36 - [TEST_STEP][PASSED] - utilities.SafeActions.safeType(findTestObject("CERTPAY_ADMIN/PAYMENT_ID"), paymentId, "Payment id", [pageLoadTime]): Quicksti_Samday_Refunds_Admin.ts:Entered'100176117087 into Payment id

2020-09-14 15:53:37 - [MESSAGE][PASSED] - Object 'Object Repository/CERTPAY_ADMIN/PAYMENT_ID' is present

2020-09-14 15:53:37 - [MESSAGE][PASSED] - Object 'Object Repository/CERTPAY_ADMIN/PAYMENT_ID' is visible

2020-09-14 15:53:37 - [MESSAGE][PASSED] - Object 'Object Repository/CERTPAY_ADMIN/PAYMENT_ID' is present

2020-09-14 15:53:38 - [MESSAGE][PASSED] - Text '100176117087' is set on object 'Object Repository/CERTPAY_ADMIN/PAYMENT_ID'

2020-09-14 15:53:38 - [MESSAGE][PASSED] - Quicksti_Samday_Refunds_Admin.ts:Entered'100176117087 into Payment id

2020-09-14 15:53:38 - [TEST_STEP][PASSED] - utilities.SafeActions.safeClick(findTestObject("CERTPAY_ADMIN/GO_BUTTON"), "Go button", [pageLoadTime]): Quicksti_Samday_Refunds_Admin.ts:Clicked on the Go button

2020-09-14 15:53:38 - [MESSAGE][INFO] - safeClicking

2020-09-14 15:53:39 - [MESSAGE][PASSED] - Object 'Object Repository/CERTPAY_ADMIN/GO_BUTTON' is present

2020-09-14 15:53:39 - [MESSAGE][PASSED] - Object 'Object Repository/CERTPAY_ADMIN/GO_BUTTON' is clickable

2020-09-14 15:53:43 - [MESSAGE][PASSED] - Object: 'Object Repository/CERTPAY_ADMIN/GO_BUTTON' is clicked on

2020-09-14 15:53:43 - [MESSAGE][PASSED] - Quicksti_Samday_Refunds_Admin.ts:Clicked on the Go button

2020-09-14 15:53:43 - [TEST_STEP][PASSED] - delay(5): Delayed 5 second(s)

2020-09-14 15:53:48 - [MESSAGE][PASSED] - Delayed 5 second(s)

2020-09-14 15:53:48 - [TEST_STEP][PASSED] - paymentIdList.add(paymentId): null

2020-09-14 15:53:48 - [TEST_STEP][PASSED] - println(paymentIdList): null

2020-09-14 15:53:48 - [TEST_STEP][PASSED] - utilities.SafeActions.safeClick(findTestObject("CERTPAY_ADMIN/ACTIONS_BUTTON"), "Actions button", [pageLoadTime]): Quicksti_Samday_Refunds_Admin.ts:Clicked on the Actions button

2020-09-14 15:53:48 - [MESSAGE][INFO] - safeClicking

2020-09-14 15:53:48 - [MESSAGE][PASSED] - Object 'Object Repository/CERTPAY_ADMIN/ACTIONS_BUTTON' is present

2020-09-14 15:53:49 - [MESSAGE][PASSED] - Object 'Object Repository/CERTPAY_ADMIN/ACTIONS_BUTTON' is clickable

2020-09-14 15:53:50 - [MESSAGE][PASSED] - Object: 'Object Repository/CERTPAY_ADMIN/ACTIONS_BUTTON' is clicked on

2020-09-14 15:53:50 - [MESSAGE][PASSED] - Quicksti_Samday_Refunds_Admin.ts:Clicked on the Actions button

2020-09-14 15:53:50 - [TEST_STEP][PASSED] - utilities.SafeActions.safeClick(findTestObject("CERTPAY_ADMIN/REFUND_MENU"), "Refund Menu", [pageLoadTime]): Quicksti_Samday_Refunds_Admin.ts:Clicked on the Refund Menu

2020-09-14 15:53:50 - [MESSAGE][INFO] - safeClicking

2020-09-14 15:53:50 - [MESSAGE][PASSED] - Object 'Object Repository/CERTPAY_ADMIN/REFUND_MENU' is present

2020-09-14 15:53:50 - [MESSAGE][PASSED] - Object 'Object Repository/CERTPAY_ADMIN/REFUND_MENU' is clickable

2020-09-14 15:53:52 - [MESSAGE][PASSED] - Object: 'Object Repository/CERTPAY_ADMIN/REFUND_MENU' is clicked on

2020-09-14 15:53:52 - [MESSAGE][PASSED] - Quicksti_Samday_Refunds_Admin.ts:Clicked on the Refund Menu

2020-09-14 15:53:52 - [TEST_STEP][PASSED] - utilities.SafeActions.safeClick(findTestObject("CERTPAY_ADMIN/CREDIT_RETURN"), "Credit Return", [pageLoadTime]): Quicksti_Samday_Refunds_Admin.ts:Clicked on the Credit Return

2020-09-14 15:53:52 - [MESSAGE][INFO] - safeClicking

2020-09-14 15:53:52 - [MESSAGE][PASSED] - Object 'Object Repository/CERTPAY_ADMIN/CREDIT_RETURN' is present

2020-09-14 15:53:53 - [MESSAGE][PASSED] - Object 'Object Repository/CERTPAY_ADMIN/CREDIT_RETURN' is clickable

2020-09-14 15:53:54 - [MESSAGE][PASSED] - Object: 'Object Repository/CERTPAY_ADMIN/CREDIT_RETURN' is clicked on

2020-09-14 15:53:54 - [MESSAGE][PASSED] - Quicksti_Samday_Refunds_Admin.ts:Clicked on the Credit Return

2020-09-14 15:53:54 - [TEST_STEP][PASSED] - utilities.SafeActions.safeClick(findTestObject("Object Repository/CERTPAY_ADMIN/FULL_REFUND_BUTTON"), "Set To Full Refund", [pageLoadTime]): Quicksti_Samday_Refunds_Admin.ts:Clicked on the Set To Full Refund

2020-09-14 15:53:54 - [MESSAGE][INFO] - safeClicking

2020-09-14 15:53:54 - [MESSAGE][PASSED] - Object 'Object Repository/CERTPAY_ADMIN/FULL_REFUND_BUTTON' is present

2020-09-14 15:53:54 - [MESSAGE][PASSED] - Object 'Object Repository/CERTPAY_ADMIN/FULL_REFUND_BUTTON' is clickable

2020-09-14 15:53:56 - [MESSAGE][PASSED] - Object: 'Object Repository/CERTPAY_ADMIN/FULL_REFUND_BUTTON' is clicked on

2020-09-14 15:53:56 - [MESSAGE][PASSED] - Quicksti_Samday_Refunds_Admin.ts:Clicked on the Set To Full Refund

2020-09-14 15:53:56 - [TEST_STEP][PASSED] - utilities.SafeActions.safeClick(findTestObject("Object Repository/CERTPAY_ADMIN/PROCESS_REVERSAL"), "Process Reversal", [pageLoadTime]): Quicksti_Samday_Refunds_Admin.ts:Clicked on the Process Reversal

2020-09-14 15:53:56 - [MESSAGE][INFO] - safeClicking

2020-09-14 15:53:56 - [MESSAGE][PASSED] - Object 'Object Repository/CERTPAY_ADMIN/PROCESS_REVERSAL' is present

2020-09-14 15:53:56 - [MESSAGE][PASSED] - Object 'Object Repository/CERTPAY_ADMIN/PROCESS_REVERSAL' is clickable

2020-09-14 15:53:58 - [MESSAGE][PASSED] - Object: 'Object Repository/CERTPAY_ADMIN/PROCESS_REVERSAL' is clicked on

2020-09-14 15:53:58 - [MESSAGE][PASSED] - Quicksti_Samday_Refunds_Admin.ts:Clicked on the Process Reversal

2020-09-14 15:53:58 - [TEST_STEP][PASSED] - delay(2): Delayed 2 second(s)

2020-09-14 15:54:00 - [MESSAGE][PASSED] - Delayed 2 second(s)

2020-09-14 15:54:00 - [TEST_STEP][PASSED] - firstName = data.getValue("FirstName", index): null

2020-09-14 15:54:00 - [TEST_STEP][PASSED] - lastName = data.getValue("LastName", index): null

2020-09-14 15:54:00 - [TEST_STEP][PASSED] - expMonth = data.getValue("ExpMonth", index): null

2020-09-14 15:54:00 - [TEST_STEP][PASSED] - expYear = data.getValue("ExpYear", index): null

2020-09-14 15:54:00 - [TEST_STEP][PASSED] - securityCode = data.getValue("SecurityCode", index): null

2020-09-14 15:54:00 - [TEST_STEP][PASSED] - paymentAmount = data.getValue("PaymentAmount", index): null

2020-09-14 15:54:00 - [TEST_STEP][PASSED] - paymentType = data.getValue("PaymentType", index): null

2020-09-14 15:54:00 - [TEST_STEP][PASSED] - quantity = data.getValue("Quantity", index): null

2020-09-14 15:54:00 - [TEST_STEP][PASSED] - comments = data.getValue("Comments", index): null

2020-09-14 15:54:00 - [TEST_STEP][PASSED] - referenceNum = data.getValue("ReferenceNum", index): null

2020-09-14 15:54:00 - [TEST_STEP][PASSED] - address = data.getValue("Address", index): null

2020-09-14 15:54:00 - [TEST_STEP][PASSED] - zipCode = data.getValue("Zipcode", index): null

2020-09-14 15:54:00 - [TEST_STEP][PASSED] - telephone = data.getValue("Telephone", index): null

2020-09-14 15:54:00 - [TEST_STEP][PASSED] - emailAddress = data.getValue("EmailAddress", index): null

2020-09-14 15:54:00 - [TEST_STEP][PASSED] - cardNum = data.getValue("CardNumber", index): null

2020-09-14 15:54:00 - [TEST_STEP][PASSED] - cardType = data.getValue("CardType", index): null

2020-09-14 15:54:00 - [TEST_STEP][PASSED] - utilities.SafeActions.openBrowser(Quicksti_Url, [pageLoadTime]): Browser launched successfully

2020-09-14 15:54:00 - [MESSAGE][INFO] - Opening Browser

2020-09-14 15:54:00 - [MESSAGE][WARNING] - A browser is already opened. Closing browser and opening a new one

2020-09-14 15:54:00 - [MESSAGE][INFO] - Starting 'Chrome' driver

2020-09-14 15:54:10 - [MESSAGE][PASSED] - Browser is opened with url: 'https://qa-certpayquicksti.faps.net/'

2020-09-14 15:54:12 - [MESSAGE][PASSED] - Current window maximized

2020-09-14 15:54:12 - [MESSAGE][PASSED] - Browser launched successfully

2020-09-14 15:54:12 - [TEST_STEP][PASSED] - utilities.SafeActions.safeType(findTestObject("CERTPAY_QUICKSTI/Login_ Page/BUREAU_CODE"), bureau_code, "Bureau code", [pageLoadTime]): Quicksti_Samday_Refunds_Admin.ts:Entered'6100000 into Bureau code

2020-09-14 15:54:12 - [MESSAGE][PASSED] - Object 'Object Repository/CERTPAY_QUICKSTI/Login_ Page/BUREAU_CODE' is present

2020-09-14 15:54:13 - [MESSAGE][PASSED] - Object 'Object Repository/CERTPAY_QUICKSTI/Login_ Page/BUREAU_CODE' is visible

2020-09-14 15:54:13 - [MESSAGE][PASSED] - Object 'Object Repository/CERTPAY_QUICKSTI/Login_ Page/BUREAU_CODE' is present

2020-09-14 15:54:14 - [MESSAGE][PASSED] - Text '6100000' is set on object 'Object Repository/CERTPAY_QUICKSTI/Login_ Page/BUREAU_CODE'

2020-09-14 15:54:14 - [MESSAGE][PASSED] - Quicksti_Samday_Refunds_Admin.ts:Entered'6100000 into Bureau code

2020-09-14 15:54:14 - [TEST_STEP][PASSED] - utilities.SafeActions.safeType(findTestObject("CERTPAY_QUICKSTI/Login_ Page/TELLER_ID"), teller_id, "Bureau code", [pageLoadTime]): Quicksti_Samday_Refunds_Admin.ts:Entered'zenq into Bureau code

2020-09-14 15:54:15 - [MESSAGE][PASSED] - Object 'Object Repository/CERTPAY_QUICKSTI/Login_ Page/TELLER_ID' is present

2020-09-14 15:54:15 - [MESSAGE][PASSED] - Object 'Object Repository/CERTPAY_QUICKSTI/Login_ Page/TELLER_ID' is visible

2020-09-14 15:54:15 - [MESSAGE][PASSED] - Object 'Object Repository/CERTPAY_QUICKSTI/Login_ Page/TELLER_ID' is present

2020-09-14 15:54:16 - [MESSAGE][PASSED] - Text 'zenq' is set on object 'Object Repository/CERTPAY_QUICKSTI/Login_ Page/TELLER_ID'

2020-09-14 15:54:16 - [MESSAGE][PASSED] - Quicksti_Samday_Refunds_Admin.ts:Entered'zenq into Bureau code

2020-09-14 15:54:16 - [TEST_STEP][PASSED] - utilities.SafeActions.safeClick(findTestObject("CERTPAY_QUICKSTI/Login_ Page/NEXT_BUTTON"), "Next button", [pageLoadTime]): Quicksti_Samday_Refunds_Admin.ts:Clicked on the Next button

2020-09-14 15:54:17 - [MESSAGE][INFO] - safeClicking

2020-09-14 15:54:17 - [MESSAGE][PASSED] - Object 'Object Repository/CERTPAY_QUICKSTI/Login_ Page/NEXT_BUTTON' is present

2020-09-14 15:54:17 - [MESSAGE][PASSED] - Object 'Object Repository/CERTPAY_QUICKSTI/Login_ Page/NEXT_BUTTON' is clickable

2020-09-14 15:54:21 - [MESSAGE][PASSED] - Object: 'Object Repository/CERTPAY_QUICKSTI/Login_ Page/NEXT_BUTTON' is clicked on

2020-09-14 15:54:21 - [MESSAGE][PASSED] - Quicksti_Samday_Refunds_Admin.ts:Clicked on the Next button

2020-09-14 15:54:21 - [TEST_STEP][PASSED] - utilities.SafeActions.safeClick(findTestObject("CERTPAY_QUICKSTI/Payment_Information_Page/MANUAL_ENTRY_BUTTON"), "ManualEntry", [pageLoadTime]): Quicksti_Samday_Refunds_Admin.ts:Clicked on the ManualEntry

2020-09-14 15:54:21 - [MESSAGE][INFO] - safeClicking

2020-09-14 15:54:21 - [MESSAGE][PASSED] - Object 'Object Repository/CERTPAY_QUICKSTI/Payment_Information_Page/MANUAL_ENTRY_BUTTON' is present

2020-09-14 15:54:21 - [MESSAGE][PASSED] - Object 'Object Repository/CERTPAY_QUICKSTI/Payment_Information_Page/MANUAL_ENTRY_BUTTON' is clickable

2020-09-14 15:54:25 - [MESSAGE][PASSED] - Object: 'Object Repository/CERTPAY_QUICKSTI/Payment_Information_Page/MANUAL_ENTRY_BUTTON' is clicked on

2020-09-14 15:54:25 - [MESSAGE][PASSED] - Quicksti_Samday_Refunds_Admin.ts:Clicked on the ManualEntry

2020-09-14 15:54:25 - [TEST_STEP][PASSED] - CardNumber = pages.Quicksti.setUserPaymentDetails(firstName, lastName, cardNum): Quicksti_Samday_Refunds_Admin.ts:Entered'8171999900000018 into CardNum

2020-09-14 15:54:25 - [MESSAGE][PASSED] - Object 'Object Repository/CERTPAY_QUICKSTI/Payment_Information_Page/FIRST_NAME' is present

2020-09-14 15:54:25 - [MESSAGE][PASSED] - Object 'Object Repository/CERTPAY_QUICKSTI/Payment_Information_Page/FIRST_NAME' is visible

2020-09-14 15:54:26 - [MESSAGE][PASSED] - Object 'Object Repository/CERTPAY_QUICKSTI/Payment_Information_Page/FIRST_NAME' is present

2020-09-14 15:54:27 - [MESSAGE][PASSED] - Text 'Tester' is set on object 'Object Repository/CERTPAY_QUICKSTI/Payment_Information_Page/FIRST_NAME'

2020-09-14 15:54:27 - [MESSAGE][PASSED] - Quicksti_Samday_Refunds_Admin.ts:Entered'Tester into FirstName

2020-09-14 15:54:27 - [MESSAGE][PASSED] - Object 'Object Repository/CERTPAY_QUICKSTI/Payment_Information_Page/LAST_NAME' is present

2020-09-14 15:54:28 - [MESSAGE][PASSED] - Object 'Object Repository/CERTPAY_QUICKSTI/Payment_Information_Page/LAST_NAME' is visible

2020-09-14 15:54:28 - [MESSAGE][PASSED] - Object 'Object Repository/CERTPAY_QUICKSTI/Payment_Information_Page/LAST_NAME' is present

2020-09-14 15:54:29 - [MESSAGE][PASSED] - Text 'Zenq1' is set on object 'Object Repository/CERTPAY_QUICKSTI/Payment_Information_Page/LAST_NAME'

2020-09-14 15:54:29 - [MESSAGE][PASSED] - Quicksti_Samday_Refunds_Admin.ts:Entered'Zenq1 into LAstName

2020-09-14 15:54:29 - [MESSAGE][PASSED] - Object 'Object Repository/CERTPAY_QUICKSTI/Payment_Information_Page/CARD_NUMBER' is present

2020-09-14 15:54:30 - [MESSAGE][PASSED] - Object 'Object Repository/CERTPAY_QUICKSTI/Payment_Information_Page/CARD_NUMBER' is visible

2020-09-14 15:54:30 - [MESSAGE][PASSED] - Object 'Object Repository/CERTPAY_QUICKSTI/Payment_Information_Page/CARD_NUMBER' is present

2020-09-14 15:54:31 - [MESSAGE][PASSED] - Text '8171999900000018' is set on object 'Object Repository/CERTPAY_QUICKSTI/Payment_Information_Page/CARD_NUMBER'

2020-09-14 15:54:31 - [MESSAGE][PASSED] - Quicksti_Samday_Refunds_Admin.ts:Entered'8171999900000018 into CardNum

2020-09-14 15:54:31 - [TEST_STEP][PASSED] - utilities.SafeActions.safeSelectOptionInDropdownByVisibleText(findTestObject("CERTPAY_QUICKSTI/Payment_Information_Page/PAYMENT_TYPE"), paymentType, "paymentType", [pageLoadTime]): selected dropdown option by visible text  Licensesfrom paymentType

2020-09-14 15:54:32 - [MESSAGE][PASSED] - Object 'Object Repository/CERTPAY_QUICKSTI/Payment_Information_Page/PAYMENT_TYPE' is visible

2020-09-14 15:54:32 - [MESSAGE][PASSED] - Object 'Object Repository/CERTPAY_QUICKSTI/Payment_Information_Page/PAYMENT_TYPE' is present

2020-09-14 15:54:33 - [MESSAGE][PASSED] - Object: 'Object Repository/CERTPAY_QUICKSTI/Payment_Information_Page/PAYMENT_TYPE' is clicked on

2020-09-14 15:54:34 - [MESSAGE][PASSED] - All options with label 'Licenses' are selected in object 'Object Repository/CERTPAY_QUICKSTI/Payment_Information_Page/PAYMENT_TYPE'  using regular expression

2020-09-14 15:54:34 - [MESSAGE][PASSED] - selected dropdown option by visible text  Licensesfrom paymentType

2020-09-14 15:54:34 - [TEST_STEP][PASSED] - pages.Quicksti.setExpDate(expMonth, expYear, securityCode): Quicksti_Samday_Refunds_Admin.ts:Entered'111 into securityCode

2020-09-14 15:54:35 - [MESSAGE][PASSED] - Object 'Object Repository/CERTPAY_QUICKSTI/Payment_Information_Page/EXP_MONTH' is visible

2020-09-14 15:54:35 - [MESSAGE][PASSED] - Object 'Object Repository/CERTPAY_QUICKSTI/Payment_Information_Page/EXP_MONTH' is present

2020-09-14 15:54:36 - [MESSAGE][PASSED] - Object: 'Object Repository/CERTPAY_QUICKSTI/Payment_Information_Page/EXP_MONTH' is clicked on

2020-09-14 15:54:38 - [MESSAGE][PASSED] - All options with label '04' are selected in object 'Object Repository/CERTPAY_QUICKSTI/Payment_Information_Page/EXP_MONTH'  using regular expression

2020-09-14 15:54:38 - [MESSAGE][PASSED] - selected dropdown option by visible text  04from expMonth

2020-09-14 15:54:38 - [MESSAGE][PASSED] - Object 'Object Repository/CERTPAY_QUICKSTI/Payment_Information_Page/EXP_YEAR' is visible

2020-09-14 15:54:38 - [MESSAGE][PASSED] - Object 'Object Repository/CERTPAY_QUICKSTI/Payment_Information_Page/EXP_YEAR' is present

2020-09-14 15:54:39 - [MESSAGE][PASSED] - Object: 'Object Repository/CERTPAY_QUICKSTI/Payment_Information_Page/EXP_YEAR' is clicked on

2020-09-14 15:54:41 - [MESSAGE][PASSED] - All options with label '2027' are selected in object 'Object Repository/CERTPAY_QUICKSTI/Payment_Information_Page/EXP_YEAR'  using regular expression

2020-09-14 15:54:41 - [MESSAGE][PASSED] - selected dropdown option by visible text  2027from  expYear

2020-09-14 15:54:41 - [MESSAGE][PASSED] - Object 'Object Repository/CERTPAY_QUICKSTI/Payment_Information_Page/SECURITY_CODE' is present

2020-09-14 15:54:42 - [MESSAGE][PASSED] - Object 'Object Repository/CERTPAY_QUICKSTI/Payment_Information_Page/SECURITY_CODE' is visible

2020-09-14 15:54:42 - [MESSAGE][PASSED] - Object 'Object Repository/CERTPAY_QUICKSTI/Payment_Information_Page/SECURITY_CODE' is present

2020-09-14 15:54:43 - [MESSAGE][PASSED] - Text '111' is set on object 'Object Repository/CERTPAY_QUICKSTI/Payment_Information_Page/SECURITY_CODE'

2020-09-14 15:54:43 - [MESSAGE][PASSED] - Quicksti_Samday_Refunds_Admin.ts:Entered'111 into securityCode

2020-09-14 15:54:43 - [TEST_STEP][PASSED] - pages.Quicksti.setPaymentAmountDetailsForSinglePayment(paymentAmount, quantity): Quicksti_Samday_Refunds_Admin.ts:Entered'1 into Quantity

2020-09-14 15:54:44 - [MESSAGE][PASSED] - Object 'Object Repository/CERTPAY_QUICKSTI/Payment_Information_Page/PAYMENT_AMOUNT' is present

2020-09-14 15:54:44 - [MESSAGE][PASSED] - Object 'Object Repository/CERTPAY_QUICKSTI/Payment_Information_Page/PAYMENT_AMOUNT' is visible

2020-09-14 15:54:44 - [MESSAGE][PASSED] - Object 'Object Repository/CERTPAY_QUICKSTI/Payment_Information_Page/PAYMENT_AMOUNT' is present

2020-09-14 15:54:46 - [MESSAGE][PASSED] - Text '30.00' is set on object 'Object Repository/CERTPAY_QUICKSTI/Payment_Information_Page/PAYMENT_AMOUNT'

2020-09-14 15:54:46 - [MESSAGE][PASSED] - Quicksti_Samday_Refunds_Admin.ts:Entered'30.00 into amount

2020-09-14 15:54:46 - [MESSAGE][PASSED] - Object 'Object Repository/CERTPAY_QUICKSTI/Payment_Information_Page/QUANTITY' is present

2020-09-14 15:54:46 - [MESSAGE][PASSED] - Object 'Object Repository/CERTPAY_QUICKSTI/Payment_Information_Page/QUANTITY' is visible

2020-09-14 15:54:47 - [MESSAGE][PASSED] - Object 'Object Repository/CERTPAY_QUICKSTI/Payment_Information_Page/QUANTITY' is present

2020-09-14 15:54:48 - [MESSAGE][PASSED] - Text '1' is set on object 'Object Repository/CERTPAY_QUICKSTI/Payment_Information_Page/QUANTITY'

2020-09-14 15:54:48 - [MESSAGE][PASSED] - Quicksti_Samday_Refunds_Admin.ts:Entered'1 into Quantity

2020-09-14 15:54:48 - [TEST_STEP][PASSED] - utilities.SafeActions.safeType(findTestObject("CERTPAY_QUICKSTI/Payment_Information_Page/REFRENCE_NUMBER"), referenceNum, "Reference Number", [pageLoadTime]): Quicksti_Samday_Refunds_Admin.ts:Entered'13 into Reference Number

2020-09-14 15:54:48 - [MESSAGE][PASSED] - Object 'Object Repository/CERTPAY_QUICKSTI/Payment_Information_Page/REFRENCE_NUMBER' is present

2020-09-14 15:54:49 - [MESSAGE][PASSED] - Object 'Object Repository/CERTPAY_QUICKSTI/Payment_Information_Page/REFRENCE_NUMBER' is visible

2020-09-14 15:54:49 - [MESSAGE][PASSED] - Object 'Object Repository/CERTPAY_QUICKSTI/Payment_Information_Page/REFRENCE_NUMBER' is present

2020-09-14 15:54:50 - [MESSAGE][PASSED] - Text '13' is set on object 'Object Repository/CERTPAY_QUICKSTI/Payment_Information_Page/REFRENCE_NUMBER'

2020-09-14 15:54:50 - [MESSAGE][PASSED] - Quicksti_Samday_Refunds_Admin.ts:Entered'13 into Reference Number

2020-09-14 15:54:50 - [TEST_STEP][PASSED] - amount_Value = pages.Quicksti.getAttributeValue(findTestObject("CERTPAY_QUICKSTI/Payment_Information_Page/SUB_TOTAL")): pages.Quicksti.getAttributeValue is PASSED

2020-09-14 15:54:51 - [MESSAGE][PASSED] - Attribute 'value' of object 'Object Repository/CERTPAY_QUICKSTI/Payment_Information_Page/SUB_TOTAL' is: '30.00'

2020-09-14 15:54:51 - [MESSAGE][PASSED] - pages.Quicksti.getAttributeValue is PASSED

2020-09-14 15:54:51 - [TEST_STEP][PASSED] - utilities.SafeActions.safeType(findTestObject("CERTPAY_QUICKSTI/Payment_Information_Page/COMMENTS"), "Testing", "Comments", [pageLoadTime]): Quicksti_Samday_Refunds_Admin.ts:Entered'Testing into Comments

2020-09-14 15:54:51 - [MESSAGE][PASSED] - Object 'Object Repository/CERTPAY_QUICKSTI/Payment_Information_Page/COMMENTS' is present

2020-09-14 15:54:51 - [MESSAGE][PASSED] - Object 'Object Repository/CERTPAY_QUICKSTI/Payment_Information_Page/COMMENTS' is visible

2020-09-14 15:54:52 - [MESSAGE][PASSED] - Object 'Object Repository/CERTPAY_QUICKSTI/Payment_Information_Page/COMMENTS' is present

2020-09-14 15:54:53 - [MESSAGE][PASSED] - Text 'Testing' is set on object 'Object Repository/CERTPAY_QUICKSTI/Payment_Information_Page/COMMENTS'

2020-09-14 15:54:53 - [MESSAGE][PASSED] - Quicksti_Samday_Refunds_Admin.ts:Entered'Testing into Comments

2020-09-14 15:54:53 - [TEST_STEP][PASSED] - utilities.SafeActions.safeType(findTestObject("CERTPAY_QUICKSTI/Payment_Information_Page/ADDRESS"), address, "Address", [pageLoadTime]): Quicksti_Samday_Refunds_Admin.ts:Entered'14-2 into Address

2020-09-14 15:54:53 - [MESSAGE][PASSED] - Object 'Object Repository/CERTPAY_QUICKSTI/Payment_Information_Page/ADDRESS' is present

2020-09-14 15:54:54 - [MESSAGE][PASSED] - Object 'Object Repository/CERTPAY_QUICKSTI/Payment_Information_Page/ADDRESS' is visible

2020-09-14 15:54:54 - [MESSAGE][PASSED] - Object 'Object Repository/CERTPAY_QUICKSTI/Payment_Information_Page/ADDRESS' is present

2020-09-14 15:54:55 - [MESSAGE][PASSED] - Text '14-2' is set on object 'Object Repository/CERTPAY_QUICKSTI/Payment_Information_Page/ADDRESS'

2020-09-14 15:54:55 - [MESSAGE][PASSED] - Quicksti_Samday_Refunds_Admin.ts:Entered'14-2 into Address

2020-09-14 15:54:55 - [TEST_STEP][PASSED] - utilities.SafeActions.safeType(findTestObject("CERTPAY_QUICKSTI/Payment_Information_Page/ZIP_CODE"), zipCode, "zipcode", [pageLoadTime]): Quicksti_Samday_Refunds_Admin.ts:Entered'76102 into zipcode

2020-09-14 15:54:55 - [MESSAGE][PASSED] - Object 'Object Repository/CERTPAY_QUICKSTI/Payment_Information_Page/ZIP_CODE' is present

2020-09-14 15:54:56 - [MESSAGE][PASSED] - Object 'Object Repository/CERTPAY_QUICKSTI/Payment_Information_Page/ZIP_CODE' is visible

2020-09-14 15:54:56 - [MESSAGE][PASSED] - Object 'Object Repository/CERTPAY_QUICKSTI/Payment_Information_Page/ZIP_CODE' is present

2020-09-14 15:54:57 - [MESSAGE][PASSED] - Text '76102' is set on object 'Object Repository/CERTPAY_QUICKSTI/Payment_Information_Page/ZIP_CODE'

2020-09-14 15:54:57 - [MESSAGE][PASSED] - Quicksti_Samday_Refunds_Admin.ts:Entered'76102 into zipcode

2020-09-14 15:54:57 - [TEST_STEP][PASSED] - utilities.SafeActions.safeType(findTestObject("CERTPAY_QUICKSTI/Payment_Information_Page/TELEPHONE"), telephone, "Telephone", [pageLoadTime]): Quicksti_Samday_Refunds_Admin.ts:Entered'9989897654 into Telephone

2020-09-14 15:54:58 - [MESSAGE][PASSED] - Object 'Object Repository/CERTPAY_QUICKSTI/Payment_Information_Page/TELEPHONE' is present

2020-09-14 15:54:58 - [MESSAGE][PASSED] - Object 'Object Repository/CERTPAY_QUICKSTI/Payment_Information_Page/TELEPHONE' is visible

2020-09-14 15:54:58 - [MESSAGE][PASSED] - Object 'Object Repository/CERTPAY_QUICKSTI/Payment_Information_Page/TELEPHONE' is present

2020-09-14 15:54:59 - [MESSAGE][PASSED] - Text '9989897654' is set on object 'Object Repository/CERTPAY_QUICKSTI/Payment_Information_Page/TELEPHONE'

2020-09-14 15:54:59 - [MESSAGE][PASSED] - Quicksti_Samday_Refunds_Admin.ts:Entered'9989897654 into Telephone

2020-09-14 15:54:59 - [TEST_STEP][PASSED] - utilities.SafeActions.safeType(findTestObject("CERTPAY_QUICKSTI/Payment_Information_Page/EMAIL_ADDRESS"), emailAddress, "EMAIL address", [pageLoadTime]): Quicksti_Samday_Refunds_Admin.ts:Entered'testing@zenq.com into EMAIL address

2020-09-14 15:55:00 - [MESSAGE][PASSED] - Object 'Object Repository/CERTPAY_QUICKSTI/Payment_Information_Page/EMAIL_ADDRESS' is present

2020-09-14 15:55:00 - [MESSAGE][PASSED] - Object 'Object Repository/CERTPAY_QUICKSTI/Payment_Information_Page/EMAIL_ADDRESS' is visible

2020-09-14 15:55:00 - [MESSAGE][PASSED] - Object 'Object Repository/CERTPAY_QUICKSTI/Payment_Information_Page/EMAIL_ADDRESS' is present

2020-09-14 15:55:02 - [MESSAGE][PASSED] - Text 'testing@zenq.com' is set on object 'Object Repository/CERTPAY_QUICKSTI/Payment_Information_Page/EMAIL_ADDRESS'

2020-09-14 15:55:02 - [MESSAGE][PASSED] - Quicksti_Samday_Refunds_Admin.ts:Entered'testing@zenq.com into EMAIL address

2020-09-14 15:55:02 - [TEST_STEP][PASSED] - utilities.SafeActions.safeClick(findTestObject("CERTPAY_QUICKSTI/Payment_Information_Page/NEXT_BUTTON"), "Next", [pageLoadTime]): Quicksti_Samday_Refunds_Admin.ts:Clicked on the Next

2020-09-14 15:55:02 - [MESSAGE][INFO] - safeClicking

2020-09-14 15:55:02 - [MESSAGE][PASSED] - Object 'Object Repository/CERTPAY_QUICKSTI/Payment_Information_Page/NEXT_BUTTON' is present

2020-09-14 15:55:02 - [MESSAGE][PASSED] - Object 'Object Repository/CERTPAY_QUICKSTI/Payment_Information_Page/NEXT_BUTTON' is clickable

2020-09-14 15:55:06 - [MESSAGE][PASSED] - Object: 'Object Repository/CERTPAY_QUICKSTI/Payment_Information_Page/NEXT_BUTTON' is clicked on

2020-09-14 15:55:06 - [MESSAGE][PASSED] - Quicksti_Samday_Refunds_Admin.ts:Clicked on the Next

2020-09-14 15:55:06 - [TEST_STEP][PASSED] - pages.Quicksti.verifyUserPaymentDetails(paymentAmount, firstName, lastName, CardNumber): pages.Quicksti.verifyUserPaymentDetails is PASSED

2020-09-14 15:55:06 - [MESSAGE][PASSED] - Text of object 'Object Repository/CERTPAY_QUICKSTI/Payment_Details_Verification_Page/AMOUNT' is: '$30.00'

2020-09-14 15:55:06 - [MESSAGE][PASSED] - Actual text '30.00' and expected text '30.00' are matched  using regular expression

2020-09-14 15:55:06 - [MESSAGE][PASSED] - Text of object 'Object Repository/CERTPAY_QUICKSTI/Payment_Details_Verification_Page/NAME' is: 'Tester Zenq1'

2020-09-14 15:55:06 - [MESSAGE][PASSED] - Actual text 'Tester Zenq1' and expected text 'Tester Zenq1' are matched  using regular expression

2020-09-14 15:55:07 - [MESSAGE][PASSED] - Text of object 'Object Repository/CERTPAY_QUICKSTI/Payment_Details_Verification_Page/CARD_NUMBER' is: '...0018'

2020-09-14 15:55:07 - [MESSAGE][PASSED] - Actual text '0018' and expected text '0018' are matched  using regular expression

2020-09-14 15:55:07 - [MESSAGE][PASSED] - pages.Quicksti.verifyUserPaymentDetails is PASSED

2020-09-14 15:55:07 - [TEST_STEP][PASSED] - delay(2): Delayed 2 second(s)

2020-09-14 15:55:09 - [MESSAGE][PASSED] - Delayed 2 second(s)

2020-09-14 15:55:09 - [TEST_STEP][PASSED] - scrollToElement(findTestObject("CERTPAY_QUICKSTI/Payment_Details_Verification_Page/PROCESS"), 30): Scroll to object 'Object Repository/CERTPAY_QUICKSTI/Payment_Details_Verification_Page/PROCESS' successfully

2020-09-14 15:55:09 - [MESSAGE][PASSED] - Scroll to object 'Object Repository/CERTPAY_QUICKSTI/Payment_Details_Verification_Page/PROCESS' successfully

2020-09-14 15:55:09 - [TEST_STEP][PASSED] - utilities.SafeActions.safeClick(findTestObject("CERTPAY_QUICKSTI/Payment_Details_Verification_Page/PROCESS"), "Process", [pageLoadTime]): Quicksti_Samday_Refunds_Admin.ts:Clicked on the Process

2020-09-14 15:55:09 - [MESSAGE][INFO] - safeClicking

2020-09-14 15:55:10 - [MESSAGE][PASSED] - Object 'Object Repository/CERTPAY_QUICKSTI/Payment_Details_Verification_Page/PROCESS' is present

2020-09-14 15:55:10 - [MESSAGE][PASSED] - Object 'Object Repository/CERTPAY_QUICKSTI/Payment_Details_Verification_Page/PROCESS' is clickable

2020-09-14 15:55:15 - [MESSAGE][PASSED] - Object: 'Object Repository/CERTPAY_QUICKSTI/Payment_Details_Verification_Page/PROCESS' is clicked on

2020-09-14 15:55:15 - [MESSAGE][PASSED] - Quicksti_Samday_Refunds_Admin.ts:Clicked on the Process

2020-09-14 15:55:15 - [TEST_STEP][PASSED] - paymentId = pages.Quicksti.verifyPaymentApproval(findTestObject("CERTPAY_QUICKSTI/Payment_Details_Verification_Page/APPROVED")): Payment is approved

2020-09-14 15:55:15 - [MESSAGE][PASSED] - Text of object 'Object Repository/CERTPAY_QUICKSTI/Payment_Details_Verification_Page/PAYMENT_ID' is: '100176117091'

2020-09-14 15:55:16 - [MESSAGE][PASSED] - Object 'Object Repository/CERTPAY_QUICKSTI/Payment_Details_Verification_Page/APPROVED' is present

2020-09-14 15:55:16 - [MESSAGE][PASSED] - Payment is approved

2020-09-14 15:55:18 - [TEST_STEP][PASSED] - navigateToUrl(Admin_url): Navigate to 'https://qa-certpayadmin.faps.net' successfully

2020-09-14 15:55:22 - [MESSAGE][PASSED] - Navigate to 'https://qa-certpayadmin.faps.net' successfully

2020-09-14 15:55:22 - [TEST_STEP][PASSED] - pages.Bureau_Login_Page.loginToAdminSite(AdminUsername, AdminPassword): Quicksti_Samday_Refunds_Admin.ts:Clicked on the LOGIN

2020-09-14 15:55:22 - [MESSAGE][PASSED] - Object 'Object Repository/CERTPAY_ADMIN/USER_NAME' is present

2020-09-14 15:55:23 - [MESSAGE][PASSED] - Object 'Object Repository/CERTPAY_ADMIN/USER_NAME' is visible

2020-09-14 15:55:23 - [MESSAGE][PASSED] - Object 'Object Repository/CERTPAY_ADMIN/USER_NAME' is present

2020-09-14 15:55:24 - [MESSAGE][PASSED] - Text 'VVangiliappan' is set on object 'Object Repository/CERTPAY_ADMIN/USER_NAME'

2020-09-14 15:55:24 - [MESSAGE][PASSED] - Quicksti_Samday_Refunds_Admin.ts:Entered'VVangiliappan into username

2020-09-14 15:55:24 - [MESSAGE][PASSED] - Object 'Object Repository/CERTPAY_ADMIN/PASSWORD' is present

2020-09-14 15:55:25 - [MESSAGE][PASSED] - Object 'Object Repository/CERTPAY_ADMIN/PASSWORD' is visible

2020-09-14 15:55:25 - [MESSAGE][PASSED] - Object 'Object Repository/CERTPAY_ADMIN/PASSWORD' is present

2020-09-14 15:55:26 - [MESSAGE][PASSED] - Text 'Knila@12345' is set on object 'Object Repository/CERTPAY_ADMIN/PASSWORD'

2020-09-14 15:55:26 - [MESSAGE][PASSED] - Quicksti_Samday_Refunds_Admin.ts:Entered'Knila@12345 into password

2020-09-14 15:55:26 - [MESSAGE][INFO] - safeClicking

2020-09-14 15:55:27 - [MESSAGE][PASSED] - Object 'Object Repository/CERTPAY_ADMIN/LOGIN_BUTTON' is present

2020-09-14 15:55:27 - [MESSAGE][PASSED] - Object 'Object Repository/CERTPAY_ADMIN/LOGIN_BUTTON' is clickable

2020-09-14 15:55:35 - [MESSAGE][PASSED] - Object: 'Object Repository/CERTPAY_ADMIN/LOGIN_BUTTON' is clicked on

2020-09-14 15:55:35 - [MESSAGE][PASSED] - Quicksti_Samday_Refunds_Admin.ts:Clicked on the LOGIN

2020-09-14 15:55:35 - [TEST_STEP][PASSED] - utilities.SafeActions.safeClick(findTestObject("CERTPAY_ADMIN/TRANSACTION_SEARCH"), "TransactionSearch", [pageLoadTime]): Quicksti_Samday_Refunds_Admin.ts:Clicked on the TransactionSearch

2020-09-14 15:55:35 - [MESSAGE][INFO] - safeClicking

2020-09-14 15:55:35 - [MESSAGE][PASSED] - Object 'Object Repository/CERTPAY_ADMIN/TRANSACTION_SEARCH' is present

2020-09-14 15:55:36 - [MESSAGE][PASSED] - Object 'Object Repository/CERTPAY_ADMIN/TRANSACTION_SEARCH' is clickable

2020-09-14 15:55:39 - [MESSAGE][PASSED] - Object: 'Object Repository/CERTPAY_ADMIN/TRANSACTION_SEARCH' is clicked on

2020-09-14 15:55:39 - [MESSAGE][PASSED] - Quicksti_Samday_Refunds_Admin.ts:Clicked on the TransactionSearch

2020-09-14 15:55:39 - [TEST_STEP][PASSED] - utilities.SafeActions.safeType(findTestObject("CERTPAY_ADMIN/PAYMENT_ID"), paymentId, "Payment id", [pageLoadTime]): Quicksti_Samday_Refunds_Admin.ts:Entered'100176117091 into Payment id

2020-09-14 15:55:39 - [MESSAGE][PASSED] - Object 'Object Repository/CERTPAY_ADMIN/PAYMENT_ID' is present

2020-09-14 15:55:40 - [MESSAGE][PASSED] - Object 'Object Repository/CERTPAY_ADMIN/PAYMENT_ID' is visible

2020-09-14 15:55:40 - [MESSAGE][PASSED] - Object 'Object Repository/CERTPAY_ADMIN/PAYMENT_ID' is present

2020-09-14 15:55:41 - [MESSAGE][PASSED] - Text '100176117091' is set on object 'Object Repository/CERTPAY_ADMIN/PAYMENT_ID'

2020-09-14 15:55:41 - [MESSAGE][PASSED] - Quicksti_Samday_Refunds_Admin.ts:Entered'100176117091 into Payment id

2020-09-14 15:55:41 - [TEST_STEP][PASSED] - utilities.SafeActions.safeClick(findTestObject("CERTPAY_ADMIN/GO_BUTTON"), "Go button", [pageLoadTime]): Quicksti_Samday_Refunds_Admin.ts:Clicked on the Go button

2020-09-14 15:55:41 - [MESSAGE][INFO] - safeClicking

2020-09-14 15:55:42 - [MESSAGE][PASSED] - Object 'Object Repository/CERTPAY_ADMIN/GO_BUTTON' is present

2020-09-14 15:55:42 - [MESSAGE][PASSED] - Object 'Object Repository/CERTPAY_ADMIN/GO_BUTTON' is clickable

2020-09-14 15:55:46 - [MESSAGE][PASSED] - Object: 'Object Repository/CERTPAY_ADMIN/GO_BUTTON' is clicked on

2020-09-14 15:55:46 - [MESSAGE][PASSED] - Quicksti_Samday_Refunds_Admin.ts:Clicked on the Go button

2020-09-14 15:55:46 - [TEST_STEP][PASSED] - delay(5): Delayed 5 second(s)

2020-09-14 15:55:51 - [MESSAGE][PASSED] - Delayed 5 second(s)

2020-09-14 15:55:51 - [TEST_STEP][PASSED] - paymentIdList.add(paymentId): null

2020-09-14 15:55:51 - [TEST_STEP][PASSED] - println(paymentIdList): null

2020-09-14 15:55:51 - [TEST_STEP][PASSED] - utilities.SafeActions.safeClick(findTestObject("CERTPAY_ADMIN/ACTIONS_BUTTON"), "Actions button", [pageLoadTime]): Quicksti_Samday_Refunds_Admin.ts:Clicked on the Actions button

2020-09-14 15:55:51 - [MESSAGE][INFO] - safeClicking

2020-09-14 15:55:51 - [MESSAGE][PASSED] - Object 'Object Repository/CERTPAY_ADMIN/ACTIONS_BUTTON' is present

2020-09-14 15:55:52 - [MESSAGE][PASSED] - Object 'Object Repository/CERTPAY_ADMIN/ACTIONS_BUTTON' is clickable

2020-09-14 15:55:53 - [MESSAGE][PASSED] - Object: 'Object Repository/CERTPAY_ADMIN/ACTIONS_BUTTON' is clicked on

2020-09-14 15:55:53 - [MESSAGE][PASSED] - Quicksti_Samday_Refunds_Admin.ts:Clicked on the Actions button

2020-09-14 15:55:53 - [TEST_STEP][PASSED] - utilities.SafeActions.safeClick(findTestObject("CERTPAY_ADMIN/REFUND_MENU"), "Refund Menu", [pageLoadTime]): Quicksti_Samday_Refunds_Admin.ts:Clicked on the Refund Menu

2020-09-14 15:55:53 - [MESSAGE][INFO] - safeClicking

2020-09-14 15:55:53 - [MESSAGE][PASSED] - Object 'Object Repository/CERTPAY_ADMIN/REFUND_MENU' is present

2020-09-14 15:55:54 - [MESSAGE][PASSED] - Object 'Object Repository/CERTPAY_ADMIN/REFUND_MENU' is clickable

2020-09-14 15:55:55 - [MESSAGE][PASSED] - Object: 'Object Repository/CERTPAY_ADMIN/REFUND_MENU' is clicked on

2020-09-14 15:55:55 - [MESSAGE][PASSED] - Quicksti_Samday_Refunds_Admin.ts:Clicked on the Refund Menu

2020-09-14 15:55:55 - [TEST_STEP][PASSED] - utilities.SafeActions.safeClick(findTestObject("CERTPAY_ADMIN/CREDIT_RETURN"), "Credit Return", [pageLoadTime]): Quicksti_Samday_Refunds_Admin.ts:Clicked on the Credit Return

2020-09-14 15:55:55 - [MESSAGE][INFO] - safeClicking

2020-09-14 15:55:55 - [MESSAGE][PASSED] - Object 'Object Repository/CERTPAY_ADMIN/CREDIT_RETURN' is present

2020-09-14 15:55:56 - [MESSAGE][PASSED] - Object 'Object Repository/CERTPAY_ADMIN/CREDIT_RETURN' is clickable

2020-09-14 15:55:57 - [MESSAGE][PASSED] - Object: 'Object Repository/CERTPAY_ADMIN/CREDIT_RETURN' is clicked on

2020-09-14 15:55:57 - [MESSAGE][PASSED] - Quicksti_Samday_Refunds_Admin.ts:Clicked on the Credit Return

2020-09-14 15:55:57 - [TEST_STEP][PASSED] - utilities.SafeActions.safeClick(findTestObject("Object Repository/CERTPAY_ADMIN/FULL_REFUND_BUTTON"), "Set To Full Refund", [pageLoadTime]): Quicksti_Samday_Refunds_Admin.ts:Clicked on the Set To Full Refund

2020-09-14 15:55:57 - [MESSAGE][INFO] - safeClicking

2020-09-14 15:55:57 - [MESSAGE][PASSED] - Object 'Object Repository/CERTPAY_ADMIN/FULL_REFUND_BUTTON' is present

2020-09-14 15:55:58 - [MESSAGE][PASSED] - Object 'Object Repository/CERTPAY_ADMIN/FULL_REFUND_BUTTON' is clickable

2020-09-14 15:55:59 - [MESSAGE][PASSED] - Object: 'Object Repository/CERTPAY_ADMIN/FULL_REFUND_BUTTON' is clicked on

2020-09-14 15:55:59 - [MESSAGE][PASSED] - Quicksti_Samday_Refunds_Admin.ts:Clicked on the Set To Full Refund

2020-09-14 15:55:59 - [TEST_STEP][PASSED] - utilities.SafeActions.safeClick(findTestObject("Object Repository/CERTPAY_ADMIN/PROCESS_REVERSAL"), "Process Reversal", [pageLoadTime]): Quicksti_Samday_Refunds_Admin.ts:Clicked on the Process Reversal

2020-09-14 15:55:59 - [MESSAGE][INFO] - safeClicking

2020-09-14 15:55:59 - [MESSAGE][PASSED] - Object 'Object Repository/CERTPAY_ADMIN/PROCESS_REVERSAL' is present

2020-09-14 15:56:00 - [MESSAGE][PASSED] - Object 'Object Repository/CERTPAY_ADMIN/PROCESS_REVERSAL' is clickable

2020-09-14 15:56:01 - [MESSAGE][PASSED] - Object: 'Object Repository/CERTPAY_ADMIN/PROCESS_REVERSAL' is clicked on

2020-09-14 15:56:01 - [MESSAGE][PASSED] - Quicksti_Samday_Refunds_Admin.ts:Clicked on the Process Reversal

2020-09-14 15:56:01 - [TEST_STEP][PASSED] - delay(2): Delayed 2 second(s)

2020-09-14 15:56:03 - [MESSAGE][PASSED] - Delayed 2 second(s)

2020-09-14 15:56:03 - [TEST_STEP][PASSED] - firstName = data.getValue("FirstName", index): null

2020-09-14 15:56:03 - [TEST_STEP][PASSED] - lastName = data.getValue("LastName", index): null

2020-09-14 15:56:03 - [TEST_STEP][PASSED] - expMonth = data.getValue("ExpMonth", index): null

2020-09-14 15:56:03 - [TEST_STEP][PASSED] - expYear = data.getValue("ExpYear", index): null

2020-09-14 15:56:03 - [TEST_STEP][PASSED] - securityCode = data.getValue("SecurityCode", index): null

2020-09-14 15:56:03 - [TEST_STEP][PASSED] - paymentAmount = data.getValue("PaymentAmount", index): null

2020-09-14 15:56:03 - [TEST_STEP][PASSED] - paymentType = data.getValue("PaymentType", index): null

2020-09-14 15:56:03 - [TEST_STEP][PASSED] - quantity = data.getValue("Quantity", index): null

2020-09-14 15:56:03 - [TEST_STEP][PASSED] - comments = data.getValue("Comments", index): null

2020-09-14 15:56:03 - [TEST_STEP][PASSED] - referenceNum = data.getValue("ReferenceNum", index): null

2020-09-14 15:56:03 - [TEST_STEP][PASSED] - address = data.getValue("Address", index): null

2020-09-14 15:56:03 - [TEST_STEP][PASSED] - zipCode = data.getValue("Zipcode", index): null

2020-09-14 15:56:03 - [TEST_STEP][PASSED] - telephone = data.getValue("Telephone", index): null

2020-09-14 15:56:03 - [TEST_STEP][PASSED] - emailAddress = data.getValue("EmailAddress", index): null

2020-09-14 15:56:03 - [TEST_STEP][PASSED] - cardNum = data.getValue("CardNumber", index): null

2020-09-14 15:56:03 - [TEST_STEP][PASSED] - cardType = data.getValue("CardType", index): null

2020-09-14 15:56:03 - [TEST_STEP][PASSED] - utilities.SafeActions.openBrowser(Quicksti_Url, [pageLoadTime]): Browser launched successfully

2020-09-14 15:56:03 - [MESSAGE][INFO] - Opening Browser

2020-09-14 15:56:03 - [MESSAGE][WARNING] - A browser is already opened. Closing browser and opening a new one

2020-09-14 15:56:04 - [MESSAGE][INFO] - Starting 'Chrome' driver

2020-09-14 15:56:15 - [MESSAGE][PASSED] - Browser is opened with url: 'https://qa-certpayquicksti.faps.net/'

2020-09-14 15:56:17 - [MESSAGE][PASSED] - Current window maximized

2020-09-14 15:56:17 - [MESSAGE][PASSED] - Browser launched successfully

2020-09-14 15:56:17 - [TEST_STEP][PASSED] - utilities.SafeActions.safeType(findTestObject("CERTPAY_QUICKSTI/Login_ Page/BUREAU_CODE"), bureau_code, "Bureau code", [pageLoadTime]): Quicksti_Samday_Refunds_Admin.ts:Entered'6100000 into Bureau code

2020-09-14 15:56:18 - [MESSAGE][PASSED] - Object 'Object Repository/CERTPAY_QUICKSTI/Login_ Page/BUREAU_CODE' is present

2020-09-14 15:56:18 - [MESSAGE][PASSED] - Object 'Object Repository/CERTPAY_QUICKSTI/Login_ Page/BUREAU_CODE' is visible

2020-09-14 15:56:18 - [MESSAGE][PASSED] - Object 'Object Repository/CERTPAY_QUICKSTI/Login_ Page/BUREAU_CODE' is present

2020-09-14 15:56:20 - [MESSAGE][PASSED] - Text '6100000' is set on object 'Object Repository/CERTPAY_QUICKSTI/Login_ Page/BUREAU_CODE'

2020-09-14 15:56:20 - [MESSAGE][PASSED] - Quicksti_Samday_Refunds_Admin.ts:Entered'6100000 into Bureau code

2020-09-14 15:56:20 - [TEST_STEP][PASSED] - utilities.SafeActions.safeType(findTestObject("CERTPAY_QUICKSTI/Login_ Page/TELLER_ID"), teller_id, "Bureau code", [pageLoadTime]): Quicksti_Samday_Refunds_Admin.ts:Entered'zenq into Bureau code

2020-09-14 15:56:20 - [MESSAGE][PASSED] - Object 'Object Repository/CERTPAY_QUICKSTI/Login_ Page/TELLER_ID' is present

2020-09-14 15:56:20 - [MESSAGE][PASSED] - Object 'Object Repository/CERTPAY_QUICKSTI/Login_ Page/TELLER_ID' is visible

2020-09-14 15:56:23 - [MESSAGE][PASSED] - Object 'Object Repository/CERTPAY_QUICKSTI/Login_ Page/TELLER_ID' is present

2020-09-14 15:56:27 - [MESSAGE][PASSED] - Text 'zenq' is set on object 'Object Repository/CERTPAY_QUICKSTI/Login_ Page/TELLER_ID'

2020-09-14 15:56:27 - [MESSAGE][PASSED] - Quicksti_Samday_Refunds_Admin.ts:Entered'zenq into Bureau code

2020-09-14 15:56:27 - [TEST_STEP][PASSED] - utilities.SafeActions.safeClick(findTestObject("CERTPAY_QUICKSTI/Login_ Page/NEXT_BUTTON"), "Next button", [pageLoadTime]): Quicksti_Samday_Refunds_Admin.ts:Clicked on the Next button

2020-09-14 15:56:27 - [MESSAGE][INFO] - safeClicking

2020-09-14 15:56:29 - [MESSAGE][PASSED] - Object 'Object Repository/CERTPAY_QUICKSTI/Login_ Page/NEXT_BUTTON' is present

2020-09-14 15:56:31 - [MESSAGE][PASSED] - Object 'Object Repository/CERTPAY_QUICKSTI/Login_ Page/NEXT_BUTTON' is clickable

2020-09-14 15:56:37 - [MESSAGE][PASSED] - Object: 'Object Repository/CERTPAY_QUICKSTI/Login_ Page/NEXT_BUTTON' is clicked on

2020-09-14 15:56:37 - [MESSAGE][PASSED] - Quicksti_Samday_Refunds_Admin.ts:Clicked on the Next button

2020-09-14 15:56:37 - [TEST_STEP][PASSED] - utilities.SafeActions.safeClick(findTestObject("CERTPAY_QUICKSTI/Payment_Information_Page/MANUAL_ENTRY_BUTTON"), "ManualEntry", [pageLoadTime]): Quicksti_Samday_Refunds_Admin.ts:Clicked on the ManualEntry

2020-09-14 15:56:37 - [MESSAGE][INFO] - safeClicking

2020-09-14 15:56:39 - [MESSAGE][PASSED] - Object 'Object Repository/CERTPAY_QUICKSTI/Payment_Information_Page/MANUAL_ENTRY_BUTTON' is present

2020-09-14 15:56:41 - [MESSAGE][PASSED] - Object 'Object Repository/CERTPAY_QUICKSTI/Payment_Information_Page/MANUAL_ENTRY_BUTTON' is clickable

2020-09-14 15:56:45 - [MESSAGE][PASSED] - Object: 'Object Repository/CERTPAY_QUICKSTI/Payment_Information_Page/MANUAL_ENTRY_BUTTON' is clicked on

2020-09-14 15:56:45 - [MESSAGE][PASSED] - Quicksti_Samday_Refunds_Admin.ts:Clicked on the ManualEntry

2020-09-14 15:56:45 - [TEST_STEP][FAILED] - CardNumber = pages.Quicksti.setUserPaymentDetails(firstName, lastName, cardNum): Unable to verify object 'Object Repository/CERTPAY_QUICKSTI/Payment_Information_Page/FIRST_NAME' is visible

2020-09-14 15:58:05 - [MESSAGE][INFO] - Unable to find the element located by 'By.xpath: //input[@id='txtFirstName']'. Please recheck the objects properties to make sure the desired element is located. 

2020-09-14 15:58:05 - [MESSAGE][WARNING] - Object 'Object Repository/CERTPAY_QUICKSTI/Payment_Information_Page/FIRST_NAME' is not present after 60 second(s)

2020-09-14 15:58:45 - [MESSAGE][INFO] - Unable to find the element located by 'By.xpath: //input[@id='txtFirstName']'. Please recheck the objects properties to make sure the desired element is located. 

2020-09-14 15:58:46 - [MESSAGE][FAILED] - Web element with id: 'Object Repository/CERTPAY_QUICKSTI/Payment_Information_Page/FIRST_NAME' located by 'By.xpath: //input[@id='txtFirstName']' not found (Root cause: com.kms.katalon.core.exception.StepFailedException: Web element with id: 'Object Repository/CERTPAY_QUICKSTI/Payment_Information_Page/FIRST_NAME' located by 'By.xpath: //input[@id='txtFirstName']' not found
	at com.kms.katalon.core.webui.keyword.internal.WebUIKeywordMain.stepFailed(WebUIKeywordMain.groovy:64)
	at com.kms.katalon.core.webui.keyword.builtin.VerifyElementVisibleKeyword$_verifyElementVisible_closure1.doCall(VerifyElementVisibleKeyword.groovy:89)
	at com.kms.katalon.core.webui.keyword.builtin.VerifyElementVisibleKeyword$_verifyElementVisible_closure1.call(VerifyElementVisibleKeyword.groovy)
	at com.kms.katalon.core.webui.keyword.internal.WebUIKeywordMain.runKeyword(WebUIKeywordMain.groovy:20)
	at com.kms.katalon.core.webui.keyword.builtin.VerifyElementVisibleKeyword.verifyElementVisible(VerifyElementVisibleKeyword.groovy:97)
	at com.kms.katalon.core.webui.keyword.builtin.VerifyElementVisibleKeyword.execute(VerifyElementVisibleKeyword.groovy:67)
	at com.kms.katalon.core.keyword.internal.KeywordExecutor.executeKeywordForPlatform(KeywordExecutor.groovy:72)
	at com.kms.katalon.core.webui.keyword.WebUiBuiltInKeywords.verifyElementVisible(WebUiBuiltInKeywords.groovy:372)
	at com.kms.katalon.core.webui.keyword.WebUiBuiltInKeywords$verifyElementVisible$2.call(Unknown Source)
	at utilities.SafeActions.safeType(SafeActions.groovy:109)
	at pages.Quicksti.setUserPaymentDetails(Quicksti.groovy:46)
	at pages.Quicksti.invokeMethod(Quicksti.groovy)
	at com.kms.katalon.core.main.CustomKeywordDelegatingMetaClass.invokeStaticMethod(CustomKeywordDelegatingMetaClass.java:50)
	at TC_001_VISA_Sameday_FullRefund.run(TC_001_VISA_Sameday_FullRefund:58)
	at com.kms.katalon.core.main.ScriptEngine.run(ScriptEngine.java:194)
	at com.kms.katalon.core.main.ScriptEngine.runScriptAsRawText(ScriptEngine.java:119)
	at com.kms.katalon.core.main.TestCaseExecutor.runScript(TestCaseExecutor.java:337)
	at com.kms.katalon.core.main.TestCaseExecutor.doExecute(TestCaseExecutor.java:328)
	at com.kms.katalon.core.main.TestCaseExecutor.processExecutionPhase(TestCaseExecutor.java:307)
	at com.kms.katalon.core.main.TestCaseExecutor.accessMainPhase(TestCaseExecutor.java:299)
	at com.kms.katalon.core.main.TestCaseExecutor.execute(TestCaseExecutor.java:233)
	at com.kms.katalon.core.main.TestSuiteExecutor.accessTestCaseMainPhase(TestSuiteExecutor.java:169)
	at com.kms.katalon.core.main.TestSuiteExecutor.accessTestSuiteMainPhase(TestSuiteExecutor.java:142)
	at com.kms.katalon.core.main.TestSuiteExecutor.execute(TestSuiteExecutor.java:91)
	at com.kms.katalon.core.main.TestCaseMain.startTestSuite(TestCaseMain.java:157)
	at com.kms.katalon.core.main.TestCaseMain$startTestSuite$0.call(Unknown Source)
	at TempTestSuite1600078706904.run(TempTestSuite1600078706904.groovy:36)
)
[[ATTACHMENT|E:\\Sush_Certpay\\Reports\\20200914_154825\\Certpay_testSuite\\Quicksti_Samday_Refunds_Admin\\20200914_154826\\1600079325539.png]]

2020-09-14 15:58:47 - [MESSAGE][FAILED] - Unable to verify object 'Object Repository/CERTPAY_QUICKSTI/Payment_Information_Page/FIRST_NAME' is visible (Root cause: com.kms.katalon.core.exception.StepFailedException: Unable to verify object 'Object Repository/CERTPAY_QUICKSTI/Payment_Information_Page/FIRST_NAME' is visible
	at com.kms.katalon.core.webui.keyword.internal.WebUIKeywordMain.stepFailed(WebUIKeywordMain.groovy:64)
	at com.kms.katalon.core.webui.keyword.internal.WebUIKeywordMain.runKeyword(WebUIKeywordMain.groovy:26)
	at com.kms.katalon.core.webui.keyword.builtin.VerifyElementVisibleKeyword.verifyElementVisible(VerifyElementVisibleKeyword.groovy:97)
	at com.kms.katalon.core.webui.keyword.builtin.VerifyElementVisibleKeyword.execute(VerifyElementVisibleKeyword.groovy:67)
	at com.kms.katalon.core.keyword.internal.KeywordExecutor.executeKeywordForPlatform(KeywordExecutor.groovy:72)
	at com.kms.katalon.core.webui.keyword.WebUiBuiltInKeywords.verifyElementVisible(WebUiBuiltInKeywords.groovy:372)
	at com.kms.katalon.core.webui.keyword.WebUiBuiltInKeywords$verifyElementVisible$2.call(Unknown Source)
	at utilities.SafeActions.safeType(SafeActions.groovy:109)
	at pages.Quicksti.setUserPaymentDetails(Quicksti.groovy:46)
	at pages.Quicksti.invokeMethod(Quicksti.groovy)
	at com.kms.katalon.core.main.CustomKeywordDelegatingMetaClass.invokeStaticMethod(CustomKeywordDelegatingMetaClass.java:50)
	at TC_001_VISA_Sameday_FullRefund.run(TC_001_VISA_Sameday_FullRefund:58)
	at com.kms.katalon.core.main.ScriptEngine.run(ScriptEngine.java:194)
	at com.kms.katalon.core.main.ScriptEngine.runScriptAsRawText(ScriptEngine.java:119)
	at com.kms.katalon.core.main.TestCaseExecutor.runScript(TestCaseExecutor.java:337)
	at com.kms.katalon.core.main.TestCaseExecutor.doExecute(TestCaseExecutor.java:328)
	at com.kms.katalon.core.main.TestCaseExecutor.processExecutionPhase(TestCaseExecutor.java:307)
	at com.kms.katalon.core.main.TestCaseExecutor.accessMainPhase(TestCaseExecutor.java:299)
	at com.kms.katalon.core.main.TestCaseExecutor.execute(TestCaseExecutor.java:233)
	at com.kms.katalon.core.main.TestSuiteExecutor.accessTestCaseMainPhase(TestSuiteExecutor.java:169)
	at com.kms.katalon.core.main.TestSuiteExecutor.accessTestSuiteMainPhase(TestSuiteExecutor.java:142)
	at com.kms.katalon.core.main.TestSuiteExecutor.execute(TestSuiteExecutor.java:91)
	at com.kms.katalon.core.main.TestCaseMain.startTestSuite(TestCaseMain.java:157)
	at com.kms.katalon.core.main.TestCaseMain$startTestSuite$0.call(Unknown Source)
	at TempTestSuite1600078706904.run(TempTestSuite1600078706904.groovy:36)
Caused by: com.kms.katalon.core.exception.StepFailedException: Web element with id: 'Object Repository/CERTPAY_QUICKSTI/Payment_Information_Page/FIRST_NAME' located by 'By.xpath: //input[@id='txtFirstName']' not found
	at com.kms.katalon.core.webui.keyword.internal.WebUIKeywordMain.stepFailed(WebUIKeywordMain.groovy:64)
	at com.kms.katalon.core.webui.keyword.builtin.VerifyElementVisibleKeyword$_verifyElementVisible_closure1.doCall(VerifyElementVisibleKeyword.groovy:89)
	at com.kms.katalon.core.webui.keyword.builtin.VerifyElementVisibleKeyword$_verifyElementVisible_closure1.call(VerifyElementVisibleKeyword.groovy)
	at com.kms.katalon.core.webui.keyword.internal.WebUIKeywordMain.runKeyword(WebUIKeywordMain.groovy:20)
	... 23 more
)
[[ATTACHMENT|E:\\Sush_Certpay\\Reports\\20200914_154825\\Certpay_testSuite\\Quicksti_Samday_Refunds_Admin\\20200914_154826\\1600079326714.png]]

2020-09-14 15:58:47 - [MESSAGE][FAILED] - Unable to verify object 'Object Repository/CERTPAY_QUICKSTI/Payment_Information_Page/FIRST_NAME' is visible

2020-09-14 15:58:47 - [TEST_STEP][PASSED] - Start listener action : afterTestCase: Browser is closed

2020-09-14 15:58:47 - [TEST_STEP][PASSED] - closeBrowser(): Browser is closed

2020-09-14 15:58:48 - [MESSAGE][PASSED] - Browser is closed]]></system-out>
         <system-err><![CDATA[2020-09-14 15:48:47 - [TEST_CASE][FAILED] - Test Cases/SameDay_Refunds_Admin/TC_001_VISA_Sameday_FullRefund: Test Cases/SameDay_Refunds_Admin/TC_001_VISA_Sameday_FullRefund FAILED.
Reason:
com.kms.katalon.core.exception.StepFailedException: Unable to verify object 'Object Repository/CERTPAY_QUICKSTI/Payment_Information_Page/FIRST_NAME' is visible
	at com.kms.katalon.core.webui.keyword.internal.WebUIKeywordMain.stepFailed(WebUIKeywordMain.groovy:64)
	at com.kms.katalon.core.webui.keyword.internal.WebUIKeywordMain.runKeyword(WebUIKeywordMain.groovy:26)
	at com.kms.katalon.core.webui.keyword.builtin.VerifyElementVisibleKeyword.verifyElementVisible(VerifyElementVisibleKeyword.groovy:97)
	at com.kms.katalon.core.webui.keyword.builtin.VerifyElementVisibleKeyword.execute(VerifyElementVisibleKeyword.groovy:67)
	at com.kms.katalon.core.keyword.internal.KeywordExecutor.executeKeywordForPlatform(KeywordExecutor.groovy:72)
	at com.kms.katalon.core.webui.keyword.WebUiBuiltInKeywords.verifyElementVisible(WebUiBuiltInKeywords.groovy:372)
	at com.kms.katalon.core.webui.keyword.WebUiBuiltInKeywords$verifyElementVisible$2.call(Unknown Source)
	at utilities.SafeActions.safeType(SafeActions.groovy:109)
	at pages.Quicksti.setUserPaymentDetails(Quicksti.groovy:46)
	at pages.Quicksti.invokeMethod(Quicksti.groovy)
	at com.kms.katalon.core.main.CustomKeywordDelegatingMetaClass.invokeStaticMethod(CustomKeywordDelegatingMetaClass.java:50)
	at TC_001_VISA_Sameday_FullRefund.run(TC_001_VISA_Sameday_FullRefund:58)
	at com.kms.katalon.core.main.ScriptEngine.run(ScriptEngine.java:194)
	at com.kms.katalon.core.main.ScriptEngine.runScriptAsRawText(ScriptEngine.java:119)
	at com.kms.katalon.core.main.TestCaseExecutor.runScript(TestCaseExecutor.java:337)
	at com.kms.katalon.core.main.TestCaseExecutor.doExecute(TestCaseExecutor.java:328)
	at com.kms.katalon.core.main.TestCaseExecutor.processExecutionPhase(TestCaseExecutor.java:307)
	at com.kms.katalon.core.main.TestCaseExecutor.accessMainPhase(TestCaseExecutor.java:299)
	at com.kms.katalon.core.main.TestCaseExecutor.execute(TestCaseExecutor.java:233)
	at com.kms.katalon.core.main.TestSuiteExecutor.accessTestCaseMainPhase(TestSuiteExecutor.java:169)
	at com.kms.katalon.core.main.TestSuiteExecutor.accessTestSuiteMainPhase(TestSuiteExecutor.java:142)
	at com.kms.katalon.core.main.TestSuiteExecutor.execute(TestSuiteExecutor.java:91)
	at com.kms.katalon.core.main.TestCaseMain.startTestSuite(TestCaseMain.java:157)
	at com.kms.katalon.core.main.TestCaseMain$startTestSuite$0.call(Unknown Source)
	at TempTestSuite1600078706904.run(TempTestSuite1600078706904.groovy:36)
Caused by: com.kms.katalon.core.exception.StepFailedException: Web element with id: 'Object Repository/CERTPAY_QUICKSTI/Payment_Information_Page/FIRST_NAME' located by 'By.xpath: //input[@id='txtFirstName']' not found
	at com.kms.katalon.core.webui.keyword.internal.WebUIKeywordMain.stepFailed(WebUIKeywordMain.groovy:64)
	at com.kms.katalon.core.webui.keyword.builtin.VerifyElementVisibleKeyword$_verifyElementVisible_closure1.doCall(VerifyElementVisibleKeyword.groovy:89)
	at com.kms.katalon.core.webui.keyword.builtin.VerifyElementVisibleKeyword$_verifyElementVisible_closure1.call(VerifyElementVisibleKeyword.groovy)
	at com.kms.katalon.core.webui.keyword.internal.WebUIKeywordMain.runKeyword(WebUIKeywordMain.groovy:20)
	... 23 more]]></system-err>
      </testcase>
      <testcase name="Test Cases/SameDay_Refunds_Admin/TC_002_VISA_Sameday_PartialRefund" time="417.861" classname="Test Cases/SameDay_Refunds_Admin/TC_002_VISA_Sameday_PartialRefund" status="FAILED">
         <failure type="FAILED" message="Test Cases/SameDay_Refunds_Admin/TC_002_VISA_Sameday_PartialRefund FAILED.
Reason:
com.kms.katalon.core.exception.StepFailedException: Unable to get text of object 'Object Repository/CERTPAY_QUICKSTI/Payment_Details_Verification_Page/PAYMENT_ID'
	at com.kms.katalon.core.webui.keyword.internal.WebUIKeywordMain.stepFailed(WebUIKeywordMain.groovy:64)
	at com.kms.katalon.core.webui.keyword.internal.WebUIKeywordMain.runKeyword(WebUIKeywordMain.groovy:26)
	at com.kms.katalon.core.webui.keyword.builtin.GetTextKeyword.getText(GetTextKeyword.groovy:88)
	at com.kms.katalon.core.webui.keyword.builtin.GetTextKeyword.execute(GetTextKeyword.groovy:67)
	at com.kms.katalon.core.keyword.internal.KeywordExecutor.executeKeywordForPlatform(KeywordExecutor.groovy:72)
	at com.kms.katalon.core.webui.keyword.WebUiBuiltInKeywords.getText(WebUiBuiltInKeywords.groovy:888)
	at com.kms.katalon.core.webui.keyword.WebUiBuiltInKeywords$getText$10.call(Unknown Source)
	at pages.Quicksti.verifyPaymentApproval(Quicksti.groovy:162)
	at pages.Quicksti.invokeMethod(Quicksti.groovy)
	at com.kms.katalon.core.main.CustomKeywordDelegatingMetaClass.invokeStaticMethod(CustomKeywordDelegatingMetaClass.java:50)
	at TC_002_VISA_Sameday_PartialRefund.run(TC_002_VISA_Sameday_PartialRefund:111)
	at com.kms.katalon.core.main.ScriptEngine.run(ScriptEngine.java:194)
	at com.kms.katalon.core.main.ScriptEngine.runScriptAsRawText(ScriptEngine.java:119)
	at com.kms.katalon.core.main.TestCaseExecutor.runScript(TestCaseExecutor.java:337)
	at com.kms.katalon.core.main.TestCaseExecutor.doExecute(TestCaseExecutor.java:328)
	at com.kms.katalon.core.main.TestCaseExecutor.processExecutionPhase(TestCaseExecutor.java:307)
	at com.kms.katalon.core.main.TestCaseExecutor.accessMainPhase(TestCaseExecutor.java:299)
	at com.kms.katalon.core.main.TestCaseExecutor.execute(TestCaseExecutor.java:233)
	at com.kms.katalon.core.main.TestSuiteExecutor.accessTestCaseMainPhase(TestSuiteExecutor.java:169)
	at com.kms.katalon.core.main.TestSuiteExecutor.accessTestSuiteMainPhase(TestSuiteExecutor.java:142)
	at com.kms.katalon.core.main.TestSuiteExecutor.execute(TestSuiteExecutor.java:91)
	at com.kms.katalon.core.main.TestCaseMain.startTestSuite(TestCaseMain.java:157)
	at com.kms.katalon.core.main.TestCaseMain$startTestSuite$0.call(Unknown Source)
	at TempTestSuite1600078706904.run(TempTestSuite1600078706904.groovy:36)
Caused by: com.kms.katalon.core.webui.exception.WebElementNotFoundException: Web element with id: 'Object Repository/CERTPAY_QUICKSTI/Payment_Details_Verification_Page/PAYMENT_ID' located by 'By.xpath: //td[@class='invoiceItem col-xs-12 col-sm-5']//span[5]' not found
	at com.kms.katalon.core.webui.common.WebUiCommonHelper.findWebElement(WebUiCommonHelper.java:1154)
	at com.kms.katalon.core.webui.keyword.internal.WebUIAbstractKeyword.findWebElement(WebUIAbstractKeyword.groovy:27)
	at com.kms.katalon.core.webui.keyword.internal.WebUIAbstractKeyword.findWebElement(WebUIAbstractKeyword.groovy:26)
	at com.kms.katalon.core.webui.keyword.builtin.GetTextKeyword$_getText_closure1.doCall(GetTextKeyword.groovy:78)
	at com.kms.katalon.core.webui.keyword.builtin.GetTextKeyword$_getText_closure1.call(GetTextKeyword.groovy)
	at com.kms.katalon.core.webui.keyword.internal.WebUIKeywordMain.runKeyword(WebUIKeywordMain.groovy:20)
	... 22 more
"/>
         <system-out><![CDATA[2020-09-14 15:58:48 - [TEST_CASE][FAILED] - Test Cases/SameDay_Refunds_Admin/TC_002_VISA_Sameday_PartialRefund: Test Cases/SameDay_Refunds_Admin/TC_002_VISA_Sameday_PartialRefund FAILED.
Reason:
com.kms.katalon.core.exception.StepFailedException: Unable to get text of object 'Object Repository/CERTPAY_QUICKSTI/Payment_Details_Verification_Page/PAYMENT_ID'
	at com.kms.katalon.core.webui.keyword.internal.WebUIKeywordMain.stepFailed(WebUIKeywordMain.groovy:64)
	at com.kms.katalon.core.webui.keyword.internal.WebUIKeywordMain.runKeyword(WebUIKeywordMain.groovy:26)
	at com.kms.katalon.core.webui.keyword.builtin.GetTextKeyword.getText(GetTextKeyword.groovy:88)
	at com.kms.katalon.core.webui.keyword.builtin.GetTextKeyword.execute(GetTextKeyword.groovy:67)
	at com.kms.katalon.core.keyword.internal.KeywordExecutor.executeKeywordForPlatform(KeywordExecutor.groovy:72)
	at com.kms.katalon.core.webui.keyword.WebUiBuiltInKeywords.getText(WebUiBuiltInKeywords.groovy:888)
	at com.kms.katalon.core.webui.keyword.WebUiBuiltInKeywords$getText$10.call(Unknown Source)
	at pages.Quicksti.verifyPaymentApproval(Quicksti.groovy:162)
	at pages.Quicksti.invokeMethod(Quicksti.groovy)
	at com.kms.katalon.core.main.CustomKeywordDelegatingMetaClass.invokeStaticMethod(CustomKeywordDelegatingMetaClass.java:50)
	at TC_002_VISA_Sameday_PartialRefund.run(TC_002_VISA_Sameday_PartialRefund:111)
	at com.kms.katalon.core.main.ScriptEngine.run(ScriptEngine.java:194)
	at com.kms.katalon.core.main.ScriptEngine.runScriptAsRawText(ScriptEngine.java:119)
	at com.kms.katalon.core.main.TestCaseExecutor.runScript(TestCaseExecutor.java:337)
	at com.kms.katalon.core.main.TestCaseExecutor.doExecute(TestCaseExecutor.java:328)
	at com.kms.katalon.core.main.TestCaseExecutor.processExecutionPhase(TestCaseExecutor.java:307)
	at com.kms.katalon.core.main.TestCaseExecutor.accessMainPhase(TestCaseExecutor.java:299)
	at com.kms.katalon.core.main.TestCaseExecutor.execute(TestCaseExecutor.java:233)
	at com.kms.katalon.core.main.TestSuiteExecutor.accessTestCaseMainPhase(TestSuiteExecutor.java:169)
	at com.kms.katalon.core.main.TestSuiteExecutor.accessTestSuiteMainPhase(TestSuiteExecutor.java:142)
	at com.kms.katalon.core.main.TestSuiteExecutor.execute(TestSuiteExecutor.java:91)
	at com.kms.katalon.core.main.TestCaseMain.startTestSuite(TestCaseMain.java:157)
	at com.kms.katalon.core.main.TestCaseMain$startTestSuite$0.call(Unknown Source)
	at TempTestSuite1600078706904.run(TempTestSuite1600078706904.groovy:36)
Caused by: com.kms.katalon.core.webui.exception.WebElementNotFoundException: Web element with id: 'Object Repository/CERTPAY_QUICKSTI/Payment_Details_Verification_Page/PAYMENT_ID' located by 'By.xpath: //td[@class='invoiceItem col-xs-12 col-sm-5']//span[5]' not found
	at com.kms.katalon.core.webui.common.WebUiCommonHelper.findWebElement(WebUiCommonHelper.java:1154)
	at com.kms.katalon.core.webui.keyword.internal.WebUIAbstractKeyword.findWebElement(WebUIAbstractKeyword.groovy:27)
	at com.kms.katalon.core.webui.keyword.internal.WebUIAbstractKeyword.findWebElement(WebUIAbstractKeyword.groovy:26)
	at com.kms.katalon.core.webui.keyword.builtin.GetTextKeyword$_getText_closure1.doCall(GetTextKeyword.groovy:78)
	at com.kms.katalon.core.webui.keyword.builtin.GetTextKeyword$_getText_closure1.call(GetTextKeyword.groovy)
	at com.kms.katalon.core.webui.keyword.internal.WebUIKeywordMain.runKeyword(WebUIKeywordMain.groovy:20)
	... 22 more


2020-09-14 15:58:48 - [TEST_STEP][PASSED] - Start listener action : beforeTestCase: null

2020-09-14 15:58:48 - [TEST_STEP][PASSED] - data = findTestData("Data Files/Certpay/SingleBureau_SingleLine"): null

2020-09-14 15:58:49 - [TEST_STEP][PASSED] - paymentIdList = []: null

2020-09-14 15:58:49 - [TEST_STEP][FAILED] - for (def index : (1..data.getRowNumbers())): Unable to get text of object 'Object Repository/CERTPAY_QUICKSTI/Payment_Details_Verification_Page/PAYMENT_ID'

2020-09-14 15:58:49 - [TEST_STEP][PASSED] - firstName = data.getValue("FirstName", index): null

2020-09-14 15:58:49 - [TEST_STEP][PASSED] - lastName = data.getValue("LastName", index): null

2020-09-14 15:58:49 - [TEST_STEP][PASSED] - expMonth = data.getValue("ExpMonth", index): null

2020-09-14 15:58:49 - [TEST_STEP][PASSED] - expYear = data.getValue("ExpYear", index): null

2020-09-14 15:58:49 - [TEST_STEP][PASSED] - securityCode = data.getValue("SecurityCode", index): null

2020-09-14 15:58:49 - [TEST_STEP][PASSED] - paymentAmount = data.getValue("PaymentAmount", index): null

2020-09-14 15:58:49 - [TEST_STEP][PASSED] - paymentType = data.getValue("PaymentType", index): null

2020-09-14 15:58:49 - [TEST_STEP][PASSED] - quantity = data.getValue("Quantity", index): null

2020-09-14 15:58:49 - [TEST_STEP][PASSED] - comments = data.getValue("Comments", index): null

2020-09-14 15:58:49 - [TEST_STEP][PASSED] - referenceNum = data.getValue("ReferenceNum", index): null

2020-09-14 15:58:49 - [TEST_STEP][PASSED] - address = data.getValue("Address", index): null

2020-09-14 15:58:49 - [TEST_STEP][PASSED] - zipCode = data.getValue("Zipcode", index): null

2020-09-14 15:58:49 - [TEST_STEP][PASSED] - telephone = data.getValue("Telephone", index): null

2020-09-14 15:58:49 - [TEST_STEP][PASSED] - emailAddress = data.getValue("EmailAddress", index): null

2020-09-14 15:58:49 - [TEST_STEP][PASSED] - cardNum = data.getValue("CardNumber", index): null

2020-09-14 15:58:49 - [TEST_STEP][PASSED] - cardType = data.getValue("CardType", index): null

2020-09-14 15:58:49 - [TEST_STEP][PASSED] - RefundAmount = data.getValue("RefundAmount", index): null

2020-09-14 15:58:49 - [TEST_STEP][PASSED] - utilities.SafeActions.openBrowser(Quicksti_Url, [pageLoadTime]): Browser launched successfully

2020-09-14 15:58:49 - [MESSAGE][INFO] - Opening Browser

2020-09-14 15:58:49 - [MESSAGE][INFO] - Starting 'Chrome' driver

2020-09-14 15:58:59 - [MESSAGE][PASSED] - Browser is opened with url: 'https://qa-certpayquicksti.faps.net/'

2020-09-14 15:59:01 - [MESSAGE][PASSED] - Current window maximized

2020-09-14 15:59:01 - [MESSAGE][PASSED] - Browser launched successfully

2020-09-14 15:59:01 - [TEST_STEP][PASSED] - utilities.SafeActions.safeType(findTestObject("CERTPAY_QUICKSTI/Login_ Page/BUREAU_CODE"), bureau_code, "Bureau code", [pageLoadTime]): Quicksti_Samday_Refunds_Admin.ts:Entered'6100000 into Bureau code

2020-09-14 15:59:02 - [MESSAGE][PASSED] - Object 'Object Repository/CERTPAY_QUICKSTI/Login_ Page/BUREAU_CODE' is present

2020-09-14 15:59:02 - [MESSAGE][PASSED] - Object 'Object Repository/CERTPAY_QUICKSTI/Login_ Page/BUREAU_CODE' is visible

2020-09-14 15:59:02 - [MESSAGE][PASSED] - Object 'Object Repository/CERTPAY_QUICKSTI/Login_ Page/BUREAU_CODE' is present

2020-09-14 15:59:04 - [MESSAGE][PASSED] - Text '6100000' is set on object 'Object Repository/CERTPAY_QUICKSTI/Login_ Page/BUREAU_CODE'

2020-09-14 15:59:04 - [MESSAGE][PASSED] - Quicksti_Samday_Refunds_Admin.ts:Entered'6100000 into Bureau code

2020-09-14 15:59:04 - [TEST_STEP][PASSED] - utilities.SafeActions.safeType(findTestObject("CERTPAY_QUICKSTI/Login_ Page/TELLER_ID"), teller_id, "Bureau code", [pageLoadTime]): Quicksti_Samday_Refunds_Admin.ts:Entered'zenq into Bureau code

2020-09-14 15:59:04 - [MESSAGE][PASSED] - Object 'Object Repository/CERTPAY_QUICKSTI/Login_ Page/TELLER_ID' is present

2020-09-14 15:59:04 - [MESSAGE][PASSED] - Object 'Object Repository/CERTPAY_QUICKSTI/Login_ Page/TELLER_ID' is visible

2020-09-14 15:59:04 - [MESSAGE][PASSED] - Object 'Object Repository/CERTPAY_QUICKSTI/Login_ Page/TELLER_ID' is present

2020-09-14 15:59:06 - [MESSAGE][PASSED] - Text 'zenq' is set on object 'Object Repository/CERTPAY_QUICKSTI/Login_ Page/TELLER_ID'

2020-09-14 15:59:06 - [MESSAGE][PASSED] - Quicksti_Samday_Refunds_Admin.ts:Entered'zenq into Bureau code

2020-09-14 15:59:06 - [TEST_STEP][PASSED] - utilities.SafeActions.safeClick(findTestObject("CERTPAY_QUICKSTI/Login_ Page/NEXT_BUTTON"), "Next button", [pageLoadTime]): Quicksti_Samday_Refunds_Admin.ts:Clicked on the Next button

2020-09-14 15:59:06 - [MESSAGE][INFO] - safeClicking

2020-09-14 15:59:06 - [MESSAGE][PASSED] - Object 'Object Repository/CERTPAY_QUICKSTI/Login_ Page/NEXT_BUTTON' is present

2020-09-14 15:59:06 - [MESSAGE][PASSED] - Object 'Object Repository/CERTPAY_QUICKSTI/Login_ Page/NEXT_BUTTON' is clickable

2020-09-14 15:59:10 - [MESSAGE][PASSED] - Object: 'Object Repository/CERTPAY_QUICKSTI/Login_ Page/NEXT_BUTTON' is clicked on

2020-09-14 15:59:10 - [MESSAGE][PASSED] - Quicksti_Samday_Refunds_Admin.ts:Clicked on the Next button

2020-09-14 15:59:10 - [TEST_STEP][PASSED] - utilities.SafeActions.safeClick(findTestObject("CERTPAY_QUICKSTI/Payment_Information_Page/MANUAL_ENTRY_BUTTON"), "ManualEntry", [pageLoadTime]): Quicksti_Samday_Refunds_Admin.ts:Clicked on the ManualEntry

2020-09-14 15:59:10 - [MESSAGE][INFO] - safeClicking

2020-09-14 15:59:10 - [MESSAGE][PASSED] - Object 'Object Repository/CERTPAY_QUICKSTI/Payment_Information_Page/MANUAL_ENTRY_BUTTON' is present

2020-09-14 15:59:11 - [MESSAGE][PASSED] - Object 'Object Repository/CERTPAY_QUICKSTI/Payment_Information_Page/MANUAL_ENTRY_BUTTON' is clickable

2020-09-14 15:59:13 - [MESSAGE][PASSED] - Object: 'Object Repository/CERTPAY_QUICKSTI/Payment_Information_Page/MANUAL_ENTRY_BUTTON' is clicked on

2020-09-14 15:59:13 - [MESSAGE][PASSED] - Quicksti_Samday_Refunds_Admin.ts:Clicked on the ManualEntry

2020-09-14 15:59:13 - [TEST_STEP][PASSED] - CardNumber = pages.Quicksti.setUserPaymentDetails(firstName, lastName, cardNum): Quicksti_Samday_Refunds_Admin.ts:Entered'4761739001010135 into CardNum

2020-09-14 15:59:13 - [MESSAGE][PASSED] - Object 'Object Repository/CERTPAY_QUICKSTI/Payment_Information_Page/FIRST_NAME' is present

2020-09-14 15:59:13 - [MESSAGE][PASSED] - Object 'Object Repository/CERTPAY_QUICKSTI/Payment_Information_Page/FIRST_NAME' is visible

2020-09-14 15:59:14 - [MESSAGE][PASSED] - Object 'Object Repository/CERTPAY_QUICKSTI/Payment_Information_Page/FIRST_NAME' is present

2020-09-14 15:59:15 - [MESSAGE][PASSED] - Text 'Tester' is set on object 'Object Repository/CERTPAY_QUICKSTI/Payment_Information_Page/FIRST_NAME'

2020-09-14 15:59:15 - [MESSAGE][PASSED] - Quicksti_Samday_Refunds_Admin.ts:Entered'Tester into FirstName

2020-09-14 15:59:16 - [MESSAGE][PASSED] - Object 'Object Repository/CERTPAY_QUICKSTI/Payment_Information_Page/LAST_NAME' is present

2020-09-14 15:59:16 - [MESSAGE][PASSED] - Object 'Object Repository/CERTPAY_QUICKSTI/Payment_Information_Page/LAST_NAME' is visible

2020-09-14 15:59:16 - [MESSAGE][PASSED] - Object 'Object Repository/CERTPAY_QUICKSTI/Payment_Information_Page/LAST_NAME' is present

2020-09-14 15:59:17 - [MESSAGE][PASSED] - Text 'Zenq1' is set on object 'Object Repository/CERTPAY_QUICKSTI/Payment_Information_Page/LAST_NAME'

2020-09-14 15:59:17 - [MESSAGE][PASSED] - Quicksti_Samday_Refunds_Admin.ts:Entered'Zenq1 into LAstName

2020-09-14 15:59:18 - [MESSAGE][PASSED] - Object 'Object Repository/CERTPAY_QUICKSTI/Payment_Information_Page/CARD_NUMBER' is present

2020-09-14 15:59:18 - [MESSAGE][PASSED] - Object 'Object Repository/CERTPAY_QUICKSTI/Payment_Information_Page/CARD_NUMBER' is visible

2020-09-14 15:59:18 - [MESSAGE][PASSED] - Object 'Object Repository/CERTPAY_QUICKSTI/Payment_Information_Page/CARD_NUMBER' is present

2020-09-14 15:59:20 - [MESSAGE][PASSED] - Text '4761739001010135' is set on object 'Object Repository/CERTPAY_QUICKSTI/Payment_Information_Page/CARD_NUMBER'

2020-09-14 15:59:20 - [MESSAGE][PASSED] - Quicksti_Samday_Refunds_Admin.ts:Entered'4761739001010135 into CardNum

2020-09-14 15:59:20 - [TEST_STEP][PASSED] - utilities.SafeActions.safeSelectOptionInDropdownByVisibleText(findTestObject("CERTPAY_QUICKSTI/Payment_Information_Page/PAYMENT_TYPE"), paymentType, "paymentType", [pageLoadTime]): selected dropdown option by visible text  Taxesfrom paymentType

2020-09-14 15:59:20 - [MESSAGE][PASSED] - Object 'Object Repository/CERTPAY_QUICKSTI/Payment_Information_Page/PAYMENT_TYPE' is visible

2020-09-14 15:59:20 - [MESSAGE][PASSED] - Object 'Object Repository/CERTPAY_QUICKSTI/Payment_Information_Page/PAYMENT_TYPE' is present

2020-09-14 15:59:22 - [MESSAGE][PASSED] - Object: 'Object Repository/CERTPAY_QUICKSTI/Payment_Information_Page/PAYMENT_TYPE' is clicked on

2020-09-14 15:59:23 - [MESSAGE][PASSED] - All options with label 'Taxes' are selected in object 'Object Repository/CERTPAY_QUICKSTI/Payment_Information_Page/PAYMENT_TYPE'  using regular expression

2020-09-14 15:59:23 - [MESSAGE][PASSED] - selected dropdown option by visible text  Taxesfrom paymentType

2020-09-14 15:59:23 - [TEST_STEP][PASSED] - pages.Quicksti.setExpDate(expMonth, expYear, securityCode): Quicksti_Samday_Refunds_Admin.ts:Entered'207 into securityCode

2020-09-14 15:59:23 - [MESSAGE][PASSED] - Object 'Object Repository/CERTPAY_QUICKSTI/Payment_Information_Page/EXP_MONTH' is visible

2020-09-14 15:59:24 - [MESSAGE][PASSED] - Object 'Object Repository/CERTPAY_QUICKSTI/Payment_Information_Page/EXP_MONTH' is present

2020-09-14 15:59:25 - [MESSAGE][PASSED] - Object: 'Object Repository/CERTPAY_QUICKSTI/Payment_Information_Page/EXP_MONTH' is clicked on

2020-09-14 15:59:26 - [MESSAGE][PASSED] - All options with label '03' are selected in object 'Object Repository/CERTPAY_QUICKSTI/Payment_Information_Page/EXP_MONTH'  using regular expression

2020-09-14 15:59:26 - [MESSAGE][PASSED] - selected dropdown option by visible text  03from expMonth

2020-09-14 15:59:27 - [MESSAGE][PASSED] - Object 'Object Repository/CERTPAY_QUICKSTI/Payment_Information_Page/EXP_YEAR' is visible

2020-09-14 15:59:27 - [MESSAGE][PASSED] - Object 'Object Repository/CERTPAY_QUICKSTI/Payment_Information_Page/EXP_YEAR' is present

2020-09-14 15:59:28 - [MESSAGE][PASSED] - Object: 'Object Repository/CERTPAY_QUICKSTI/Payment_Information_Page/EXP_YEAR' is clicked on

2020-09-14 15:59:30 - [MESSAGE][PASSED] - All options with label '2022' are selected in object 'Object Repository/CERTPAY_QUICKSTI/Payment_Information_Page/EXP_YEAR'  using regular expression

2020-09-14 15:59:30 - [MESSAGE][PASSED] - selected dropdown option by visible text  2022from  expYear

2020-09-14 15:59:30 - [MESSAGE][PASSED] - Object 'Object Repository/CERTPAY_QUICKSTI/Payment_Information_Page/SECURITY_CODE' is present

2020-09-14 15:59:30 - [MESSAGE][PASSED] - Object 'Object Repository/CERTPAY_QUICKSTI/Payment_Information_Page/SECURITY_CODE' is visible

2020-09-14 15:59:31 - [MESSAGE][PASSED] - Object 'Object Repository/CERTPAY_QUICKSTI/Payment_Information_Page/SECURITY_CODE' is present

2020-09-14 15:59:32 - [MESSAGE][PASSED] - Text '207' is set on object 'Object Repository/CERTPAY_QUICKSTI/Payment_Information_Page/SECURITY_CODE'

2020-09-14 15:59:32 - [MESSAGE][PASSED] - Quicksti_Samday_Refunds_Admin.ts:Entered'207 into securityCode

2020-09-14 15:59:32 - [TEST_STEP][PASSED] - pages.Quicksti.setPaymentAmountDetailsForSinglePayment(paymentAmount, quantity): Quicksti_Samday_Refunds_Admin.ts:Entered'1 into Quantity

2020-09-14 15:59:32 - [MESSAGE][PASSED] - Object 'Object Repository/CERTPAY_QUICKSTI/Payment_Information_Page/PAYMENT_AMOUNT' is present

2020-09-14 15:59:33 - [MESSAGE][PASSED] - Object 'Object Repository/CERTPAY_QUICKSTI/Payment_Information_Page/PAYMENT_AMOUNT' is visible

2020-09-14 15:59:33 - [MESSAGE][PASSED] - Object 'Object Repository/CERTPAY_QUICKSTI/Payment_Information_Page/PAYMENT_AMOUNT' is present

2020-09-14 15:59:34 - [MESSAGE][PASSED] - Text '20.00' is set on object 'Object Repository/CERTPAY_QUICKSTI/Payment_Information_Page/PAYMENT_AMOUNT'

2020-09-14 15:59:34 - [MESSAGE][PASSED] - Quicksti_Samday_Refunds_Admin.ts:Entered'20.00 into amount

2020-09-14 15:59:35 - [MESSAGE][PASSED] - Object 'Object Repository/CERTPAY_QUICKSTI/Payment_Information_Page/QUANTITY' is present

2020-09-14 15:59:35 - [MESSAGE][PASSED] - Object 'Object Repository/CERTPAY_QUICKSTI/Payment_Information_Page/QUANTITY' is visible

2020-09-14 15:59:35 - [MESSAGE][PASSED] - Object 'Object Repository/CERTPAY_QUICKSTI/Payment_Information_Page/QUANTITY' is present

2020-09-14 15:59:37 - [MESSAGE][PASSED] - Text '1' is set on object 'Object Repository/CERTPAY_QUICKSTI/Payment_Information_Page/QUANTITY'

2020-09-14 15:59:37 - [MESSAGE][PASSED] - Quicksti_Samday_Refunds_Admin.ts:Entered'1 into Quantity

2020-09-14 15:59:37 - [TEST_STEP][PASSED] - utilities.SafeActions.safeType(findTestObject("CERTPAY_QUICKSTI/Payment_Information_Page/REFRENCE_NUMBER"), referenceNum, "Reference Number", [pageLoadTime]): Quicksti_Samday_Refunds_Admin.ts:Entered'11 into Reference Number

2020-09-14 15:59:37 - [MESSAGE][PASSED] - Object 'Object Repository/CERTPAY_QUICKSTI/Payment_Information_Page/REFRENCE_NUMBER' is present

2020-09-14 15:59:37 - [MESSAGE][PASSED] - Object 'Object Repository/CERTPAY_QUICKSTI/Payment_Information_Page/REFRENCE_NUMBER' is visible

2020-09-14 15:59:38 - [MESSAGE][PASSED] - Object 'Object Repository/CERTPAY_QUICKSTI/Payment_Information_Page/REFRENCE_NUMBER' is present

2020-09-14 15:59:39 - [MESSAGE][PASSED] - Text '11' is set on object 'Object Repository/CERTPAY_QUICKSTI/Payment_Information_Page/REFRENCE_NUMBER'

2020-09-14 15:59:39 - [MESSAGE][PASSED] - Quicksti_Samday_Refunds_Admin.ts:Entered'11 into Reference Number

2020-09-14 15:59:39 - [TEST_STEP][PASSED] - amount_Value = pages.Quicksti.getAttributeValue(findTestObject("CERTPAY_QUICKSTI/Payment_Information_Page/SUB_TOTAL")): pages.Quicksti.getAttributeValue is PASSED

2020-09-14 15:59:39 - [MESSAGE][PASSED] - Attribute 'value' of object 'Object Repository/CERTPAY_QUICKSTI/Payment_Information_Page/SUB_TOTAL' is: '20.00'

2020-09-14 15:59:39 - [MESSAGE][PASSED] - pages.Quicksti.getAttributeValue is PASSED

2020-09-14 15:59:39 - [TEST_STEP][PASSED] - utilities.SafeActions.safeType(findTestObject("CERTPAY_QUICKSTI/Payment_Information_Page/COMMENTS"), "Testing", "Comments", [pageLoadTime]): Quicksti_Samday_Refunds_Admin.ts:Entered'Testing into Comments

2020-09-14 15:59:40 - [MESSAGE][PASSED] - Object 'Object Repository/CERTPAY_QUICKSTI/Payment_Information_Page/COMMENTS' is present

2020-09-14 15:59:40 - [MESSAGE][PASSED] - Object 'Object Repository/CERTPAY_QUICKSTI/Payment_Information_Page/COMMENTS' is visible

2020-09-14 15:59:40 - [MESSAGE][PASSED] - Object 'Object Repository/CERTPAY_QUICKSTI/Payment_Information_Page/COMMENTS' is present

2020-09-14 15:59:42 - [MESSAGE][PASSED] - Text 'Testing' is set on object 'Object Repository/CERTPAY_QUICKSTI/Payment_Information_Page/COMMENTS'

2020-09-14 15:59:42 - [MESSAGE][PASSED] - Quicksti_Samday_Refunds_Admin.ts:Entered'Testing into Comments

2020-09-14 15:59:42 - [TEST_STEP][PASSED] - utilities.SafeActions.safeType(findTestObject("CERTPAY_QUICKSTI/Payment_Information_Page/ADDRESS"), address, "Address", [pageLoadTime]): Quicksti_Samday_Refunds_Admin.ts:Entered'14-2 into Address

2020-09-14 15:59:42 - [MESSAGE][PASSED] - Object 'Object Repository/CERTPAY_QUICKSTI/Payment_Information_Page/ADDRESS' is present

2020-09-14 15:59:42 - [MESSAGE][PASSED] - Object 'Object Repository/CERTPAY_QUICKSTI/Payment_Information_Page/ADDRESS' is visible

2020-09-14 15:59:43 - [MESSAGE][PASSED] - Object 'Object Repository/CERTPAY_QUICKSTI/Payment_Information_Page/ADDRESS' is present

2020-09-14 15:59:44 - [MESSAGE][PASSED] - Text '14-2' is set on object 'Object Repository/CERTPAY_QUICKSTI/Payment_Information_Page/ADDRESS'

2020-09-14 15:59:44 - [MESSAGE][PASSED] - Quicksti_Samday_Refunds_Admin.ts:Entered'14-2 into Address

2020-09-14 15:59:44 - [TEST_STEP][PASSED] - utilities.SafeActions.safeType(findTestObject("CERTPAY_QUICKSTI/Payment_Information_Page/ZIP_CODE"), zipCode, "zipcode", [pageLoadTime]): Quicksti_Samday_Refunds_Admin.ts:Entered'76102 into zipcode

2020-09-14 15:59:44 - [MESSAGE][PASSED] - Object 'Object Repository/CERTPAY_QUICKSTI/Payment_Information_Page/ZIP_CODE' is present

2020-09-14 15:59:45 - [MESSAGE][PASSED] - Object 'Object Repository/CERTPAY_QUICKSTI/Payment_Information_Page/ZIP_CODE' is visible

2020-09-14 15:59:45 - [MESSAGE][PASSED] - Object 'Object Repository/CERTPAY_QUICKSTI/Payment_Information_Page/ZIP_CODE' is present

2020-09-14 15:59:46 - [MESSAGE][PASSED] - Text '76102' is set on object 'Object Repository/CERTPAY_QUICKSTI/Payment_Information_Page/ZIP_CODE'

2020-09-14 15:59:46 - [MESSAGE][PASSED] - Quicksti_Samday_Refunds_Admin.ts:Entered'76102 into zipcode

2020-09-14 15:59:46 - [TEST_STEP][PASSED] - utilities.SafeActions.safeType(findTestObject("CERTPAY_QUICKSTI/Payment_Information_Page/TELEPHONE"), telephone, "Telephone", [pageLoadTime]): Quicksti_Samday_Refunds_Admin.ts:Entered'9988776655 into Telephone

2020-09-14 15:59:47 - [MESSAGE][PASSED] - Object 'Object Repository/CERTPAY_QUICKSTI/Payment_Information_Page/TELEPHONE' is present

2020-09-14 15:59:47 - [MESSAGE][PASSED] - Object 'Object Repository/CERTPAY_QUICKSTI/Payment_Information_Page/TELEPHONE' is visible

2020-09-14 15:59:47 - [MESSAGE][PASSED] - Object 'Object Repository/CERTPAY_QUICKSTI/Payment_Information_Page/TELEPHONE' is present

2020-09-14 15:59:49 - [MESSAGE][PASSED] - Text '9988776655' is set on object 'Object Repository/CERTPAY_QUICKSTI/Payment_Information_Page/TELEPHONE'

2020-09-14 15:59:49 - [MESSAGE][PASSED] - Quicksti_Samday_Refunds_Admin.ts:Entered'9988776655 into Telephone

2020-09-14 15:59:49 - [TEST_STEP][PASSED] - utilities.SafeActions.safeType(findTestObject("CERTPAY_QUICKSTI/Payment_Information_Page/EMAIL_ADDRESS"), emailAddress, "EMAIL address", [pageLoadTime]): Quicksti_Samday_Refunds_Admin.ts:Entered'testing@zenq.com into EMAIL address

2020-09-14 15:59:49 - [MESSAGE][PASSED] - Object 'Object Repository/CERTPAY_QUICKSTI/Payment_Information_Page/EMAIL_ADDRESS' is present

2020-09-14 15:59:49 - [MESSAGE][PASSED] - Object 'Object Repository/CERTPAY_QUICKSTI/Payment_Information_Page/EMAIL_ADDRESS' is visible

2020-09-14 15:59:50 - [MESSAGE][PASSED] - Object 'Object Repository/CERTPAY_QUICKSTI/Payment_Information_Page/EMAIL_ADDRESS' is present

2020-09-14 15:59:51 - [MESSAGE][PASSED] - Text 'testing@zenq.com' is set on object 'Object Repository/CERTPAY_QUICKSTI/Payment_Information_Page/EMAIL_ADDRESS'

2020-09-14 15:59:51 - [MESSAGE][PASSED] - Quicksti_Samday_Refunds_Admin.ts:Entered'testing@zenq.com into EMAIL address

2020-09-14 15:59:51 - [TEST_STEP][PASSED] - utilities.SafeActions.safeClick(findTestObject("CERTPAY_QUICKSTI/Payment_Information_Page/NEXT_BUTTON"), "Next", [pageLoadTime]): Quicksti_Samday_Refunds_Admin.ts:Clicked on the Next

2020-09-14 15:59:51 - [MESSAGE][INFO] - safeClicking

2020-09-14 15:59:51 - [MESSAGE][PASSED] - Object 'Object Repository/CERTPAY_QUICKSTI/Payment_Information_Page/NEXT_BUTTON' is present

2020-09-14 15:59:51 - [MESSAGE][PASSED] - Object 'Object Repository/CERTPAY_QUICKSTI/Payment_Information_Page/NEXT_BUTTON' is clickable

2020-09-14 15:59:55 - [MESSAGE][PASSED] - Object: 'Object Repository/CERTPAY_QUICKSTI/Payment_Information_Page/NEXT_BUTTON' is clicked on

2020-09-14 15:59:55 - [MESSAGE][PASSED] - Quicksti_Samday_Refunds_Admin.ts:Clicked on the Next

2020-09-14 15:59:55 - [TEST_STEP][PASSED] - pages.Quicksti.verifyUserPaymentDetails(paymentAmount, firstName, lastName, CardNumber): pages.Quicksti.verifyUserPaymentDetails is PASSED

2020-09-14 15:59:56 - [MESSAGE][PASSED] - Text of object 'Object Repository/CERTPAY_QUICKSTI/Payment_Details_Verification_Page/AMOUNT' is: '$20.00'

2020-09-14 15:59:56 - [MESSAGE][PASSED] - Actual text '20.00' and expected text '20.00' are matched  using regular expression

2020-09-14 15:59:56 - [MESSAGE][PASSED] - Text of object 'Object Repository/CERTPAY_QUICKSTI/Payment_Details_Verification_Page/NAME' is: 'Tester Zenq1'

2020-09-14 15:59:56 - [MESSAGE][PASSED] - Actual text 'Tester Zenq1' and expected text 'Tester Zenq1' are matched  using regular expression

2020-09-14 15:59:56 - [MESSAGE][PASSED] - Text of object 'Object Repository/CERTPAY_QUICKSTI/Payment_Details_Verification_Page/CARD_NUMBER' is: '...0135'

2020-09-14 15:59:56 - [MESSAGE][PASSED] - Actual text '0135' and expected text '0135' are matched  using regular expression

2020-09-14 15:59:56 - [MESSAGE][PASSED] - pages.Quicksti.verifyUserPaymentDetails is PASSED

2020-09-14 15:59:56 - [TEST_STEP][PASSED] - delay(2): Delayed 2 second(s)

2020-09-14 15:59:58 - [MESSAGE][PASSED] - Delayed 2 second(s)

2020-09-14 15:59:58 - [TEST_STEP][PASSED] - scrollToElement(findTestObject("CERTPAY_QUICKSTI/Payment_Details_Verification_Page/PROCESS"), 30): Scroll to object 'Object Repository/CERTPAY_QUICKSTI/Payment_Details_Verification_Page/PROCESS' successfully

2020-09-14 15:59:59 - [MESSAGE][PASSED] - Scroll to object 'Object Repository/CERTPAY_QUICKSTI/Payment_Details_Verification_Page/PROCESS' successfully

2020-09-14 15:59:59 - [TEST_STEP][PASSED] - utilities.SafeActions.safeClick(findTestObject("CERTPAY_QUICKSTI/Payment_Details_Verification_Page/PROCESS"), "Process", [pageLoadTime]): Quicksti_Samday_Refunds_Admin.ts:Clicked on the Process

2020-09-14 15:59:59 - [MESSAGE][INFO] - safeClicking

2020-09-14 15:59:59 - [MESSAGE][PASSED] - Object 'Object Repository/CERTPAY_QUICKSTI/Payment_Details_Verification_Page/PROCESS' is present

2020-09-14 15:59:59 - [MESSAGE][PASSED] - Object 'Object Repository/CERTPAY_QUICKSTI/Payment_Details_Verification_Page/PROCESS' is clickable

2020-09-14 16:00:05 - [MESSAGE][PASSED] - Object: 'Object Repository/CERTPAY_QUICKSTI/Payment_Details_Verification_Page/PROCESS' is clicked on

2020-09-14 16:00:05 - [MESSAGE][PASSED] - Quicksti_Samday_Refunds_Admin.ts:Clicked on the Process

2020-09-14 16:00:05 - [TEST_STEP][PASSED] - paymentId = pages.Quicksti.verifyPaymentApproval(findTestObject("CERTPAY_QUICKSTI/Payment_Details_Verification_Page/APPROVED")): Payment is approved

2020-09-14 16:00:06 - [MESSAGE][PASSED] - Text of object 'Object Repository/CERTPAY_QUICKSTI/Payment_Details_Verification_Page/PAYMENT_ID' is: '100176117095'

2020-09-14 16:00:06 - [MESSAGE][PASSED] - Object 'Object Repository/CERTPAY_QUICKSTI/Payment_Details_Verification_Page/APPROVED' is present

2020-09-14 16:00:06 - [MESSAGE][PASSED] - Payment is approved

2020-09-14 16:00:08 - [TEST_STEP][PASSED] - navigateToUrl(Admin_url): Navigate to 'https://qa-certpayadmin.faps.net' successfully

2020-09-14 16:00:13 - [MESSAGE][PASSED] - Navigate to 'https://qa-certpayadmin.faps.net' successfully

2020-09-14 16:00:13 - [TEST_STEP][PASSED] - pages.Bureau_Login_Page.loginToAdminSite(AdminUsername, AdminPassword): Quicksti_Samday_Refunds_Admin.ts:Clicked on the LOGIN

2020-09-14 16:00:13 - [MESSAGE][PASSED] - Object 'Object Repository/CERTPAY_ADMIN/USER_NAME' is present

2020-09-14 16:00:14 - [MESSAGE][PASSED] - Object 'Object Repository/CERTPAY_ADMIN/USER_NAME' is visible

2020-09-14 16:00:14 - [MESSAGE][PASSED] - Object 'Object Repository/CERTPAY_ADMIN/USER_NAME' is present

2020-09-14 16:00:15 - [MESSAGE][PASSED] - Text 'VVangiliappan' is set on object 'Object Repository/CERTPAY_ADMIN/USER_NAME'

2020-09-14 16:00:15 - [MESSAGE][PASSED] - Quicksti_Samday_Refunds_Admin.ts:Entered'VVangiliappan into username

2020-09-14 16:00:16 - [MESSAGE][PASSED] - Object 'Object Repository/CERTPAY_ADMIN/PASSWORD' is present

2020-09-14 16:00:16 - [MESSAGE][PASSED] - Object 'Object Repository/CERTPAY_ADMIN/PASSWORD' is visible

2020-09-14 16:00:16 - [MESSAGE][PASSED] - Object 'Object Repository/CERTPAY_ADMIN/PASSWORD' is present

2020-09-14 16:00:18 - [MESSAGE][PASSED] - Text 'Knila@12345' is set on object 'Object Repository/CERTPAY_ADMIN/PASSWORD'

2020-09-14 16:00:18 - [MESSAGE][PASSED] - Quicksti_Samday_Refunds_Admin.ts:Entered'Knila@12345 into password

2020-09-14 16:00:18 - [MESSAGE][INFO] - safeClicking

2020-09-14 16:00:18 - [MESSAGE][PASSED] - Object 'Object Repository/CERTPAY_ADMIN/LOGIN_BUTTON' is present

2020-09-14 16:00:18 - [MESSAGE][PASSED] - Object 'Object Repository/CERTPAY_ADMIN/LOGIN_BUTTON' is clickable

2020-09-14 16:00:27 - [MESSAGE][PASSED] - Object: 'Object Repository/CERTPAY_ADMIN/LOGIN_BUTTON' is clicked on

2020-09-14 16:00:27 - [MESSAGE][PASSED] - Quicksti_Samday_Refunds_Admin.ts:Clicked on the LOGIN

2020-09-14 16:00:27 - [TEST_STEP][PASSED] - utilities.SafeActions.safeClick(findTestObject("CERTPAY_ADMIN/TRANSACTION_SEARCH"), "TransactionSearch", [pageLoadTime]): Quicksti_Samday_Refunds_Admin.ts:Clicked on the TransactionSearch

2020-09-14 16:00:27 - [MESSAGE][INFO] - safeClicking

2020-09-14 16:00:27 - [MESSAGE][PASSED] - Object 'Object Repository/CERTPAY_ADMIN/TRANSACTION_SEARCH' is present

2020-09-14 16:00:28 - [MESSAGE][PASSED] - Object 'Object Repository/CERTPAY_ADMIN/TRANSACTION_SEARCH' is clickable

2020-09-14 16:00:31 - [MESSAGE][PASSED] - Object: 'Object Repository/CERTPAY_ADMIN/TRANSACTION_SEARCH' is clicked on

2020-09-14 16:00:31 - [MESSAGE][PASSED] - Quicksti_Samday_Refunds_Admin.ts:Clicked on the TransactionSearch

2020-09-14 16:00:31 - [TEST_STEP][PASSED] - utilities.SafeActions.safeType(findTestObject("CERTPAY_ADMIN/PAYMENT_ID"), paymentId, "Payment id", [pageLoadTime]): Quicksti_Samday_Refunds_Admin.ts:Entered'100176117095 into Payment id

2020-09-14 16:00:32 - [MESSAGE][PASSED] - Object 'Object Repository/CERTPAY_ADMIN/PAYMENT_ID' is present

2020-09-14 16:00:32 - [MESSAGE][PASSED] - Object 'Object Repository/CERTPAY_ADMIN/PAYMENT_ID' is visible

2020-09-14 16:00:33 - [MESSAGE][PASSED] - Object 'Object Repository/CERTPAY_ADMIN/PAYMENT_ID' is present

2020-09-14 16:00:34 - [MESSAGE][PASSED] - Text '100176117095' is set on object 'Object Repository/CERTPAY_ADMIN/PAYMENT_ID'

2020-09-14 16:00:34 - [MESSAGE][PASSED] - Quicksti_Samday_Refunds_Admin.ts:Entered'100176117095 into Payment id

2020-09-14 16:00:34 - [TEST_STEP][PASSED] - utilities.SafeActions.safeClick(findTestObject("CERTPAY_ADMIN/GO_BUTTON"), "Go button", [pageLoadTime]): Quicksti_Samday_Refunds_Admin.ts:Clicked on the Go button

2020-09-14 16:00:34 - [MESSAGE][INFO] - safeClicking

2020-09-14 16:00:34 - [MESSAGE][PASSED] - Object 'Object Repository/CERTPAY_ADMIN/GO_BUTTON' is present

2020-09-14 16:00:35 - [MESSAGE][PASSED] - Object 'Object Repository/CERTPAY_ADMIN/GO_BUTTON' is clickable

2020-09-14 16:00:38 - [MESSAGE][PASSED] - Object: 'Object Repository/CERTPAY_ADMIN/GO_BUTTON' is clicked on

2020-09-14 16:00:38 - [MESSAGE][PASSED] - Quicksti_Samday_Refunds_Admin.ts:Clicked on the Go button

2020-09-14 16:00:38 - [TEST_STEP][PASSED] - delay(5): Delayed 5 second(s)

2020-09-14 16:00:43 - [MESSAGE][PASSED] - Delayed 5 second(s)

2020-09-14 16:00:43 - [TEST_STEP][PASSED] - paymentIdList.add(paymentId): null

2020-09-14 16:00:43 - [TEST_STEP][PASSED] - println(paymentIdList): null

2020-09-14 16:00:43 - [TEST_STEP][PASSED] - utilities.SafeActions.safeClick(findTestObject("CERTPAY_ADMIN/ACTIONS_BUTTON"), "Actions button", [pageLoadTime]): Quicksti_Samday_Refunds_Admin.ts:Clicked on the Actions button

2020-09-14 16:00:44 - [MESSAGE][INFO] - safeClicking

2020-09-14 16:00:44 - [MESSAGE][PASSED] - Object 'Object Repository/CERTPAY_ADMIN/ACTIONS_BUTTON' is present

2020-09-14 16:00:44 - [MESSAGE][PASSED] - Object 'Object Repository/CERTPAY_ADMIN/ACTIONS_BUTTON' is clickable

2020-09-14 16:00:45 - [MESSAGE][PASSED] - Object: 'Object Repository/CERTPAY_ADMIN/ACTIONS_BUTTON' is clicked on

2020-09-14 16:00:45 - [MESSAGE][PASSED] - Quicksti_Samday_Refunds_Admin.ts:Clicked on the Actions button

2020-09-14 16:00:45 - [TEST_STEP][PASSED] - utilities.SafeActions.safeClick(findTestObject("CERTPAY_ADMIN/REFUND_MENU"), "Refund Menu", [pageLoadTime]): Quicksti_Samday_Refunds_Admin.ts:Clicked on the Refund Menu

2020-09-14 16:00:45 - [MESSAGE][INFO] - safeClicking

2020-09-14 16:00:46 - [MESSAGE][PASSED] - Object 'Object Repository/CERTPAY_ADMIN/REFUND_MENU' is present

2020-09-14 16:00:46 - [MESSAGE][PASSED] - Object 'Object Repository/CERTPAY_ADMIN/REFUND_MENU' is clickable

2020-09-14 16:00:47 - [MESSAGE][PASSED] - Object: 'Object Repository/CERTPAY_ADMIN/REFUND_MENU' is clicked on

2020-09-14 16:00:47 - [MESSAGE][PASSED] - Quicksti_Samday_Refunds_Admin.ts:Clicked on the Refund Menu

2020-09-14 16:00:47 - [TEST_STEP][PASSED] - utilities.SafeActions.safeClick(findTestObject("CERTPAY_ADMIN/CREDIT_RETURN"), "Credit Return", [pageLoadTime]): Quicksti_Samday_Refunds_Admin.ts:Clicked on the Credit Return

2020-09-14 16:00:47 - [MESSAGE][INFO] - safeClicking

2020-09-14 16:00:48 - [MESSAGE][PASSED] - Object 'Object Repository/CERTPAY_ADMIN/CREDIT_RETURN' is present

2020-09-14 16:00:48 - [MESSAGE][PASSED] - Object 'Object Repository/CERTPAY_ADMIN/CREDIT_RETURN' is clickable

2020-09-14 16:00:49 - [MESSAGE][PASSED] - Object: 'Object Repository/CERTPAY_ADMIN/CREDIT_RETURN' is clicked on

2020-09-14 16:00:49 - [MESSAGE][PASSED] - Quicksti_Samday_Refunds_Admin.ts:Clicked on the Credit Return

2020-09-14 16:00:49 - [TEST_STEP][PASSED] - utilities.SafeActions.safeType(findTestObject("Object Repository/CERTPAY_ADMIN/REFUND_AMOUNT"), RefundAmount, "Payment id", [pageLoadTime]): Quicksti_Samday_Refunds_Admin.ts:Entered'12.00 into Payment id

2020-09-14 16:00:50 - [MESSAGE][PASSED] - Object 'Object Repository/CERTPAY_ADMIN/REFUND_AMOUNT' is present

2020-09-14 16:00:50 - [MESSAGE][PASSED] - Object 'Object Repository/CERTPAY_ADMIN/REFUND_AMOUNT' is visible

2020-09-14 16:00:50 - [MESSAGE][PASSED] - Object 'Object Repository/CERTPAY_ADMIN/REFUND_AMOUNT' is present

2020-09-14 16:00:52 - [MESSAGE][PASSED] - Text '12.00' is set on object 'Object Repository/CERTPAY_ADMIN/REFUND_AMOUNT'

2020-09-14 16:00:52 - [MESSAGE][PASSED] - Quicksti_Samday_Refunds_Admin.ts:Entered'12.00 into Payment id

2020-09-14 16:00:52 - [TEST_STEP][PASSED] - utilities.SafeActions.safeClick(findTestObject("Object Repository/CERTPAY_ADMIN/PROCESS_REVERSAL"), "Process Reversal", [pageLoadTime]): Quicksti_Samday_Refunds_Admin.ts:Clicked on the Process Reversal

2020-09-14 16:00:52 - [MESSAGE][INFO] - safeClicking

2020-09-14 16:00:52 - [MESSAGE][PASSED] - Object 'Object Repository/CERTPAY_ADMIN/PROCESS_REVERSAL' is present

2020-09-14 16:00:52 - [MESSAGE][PASSED] - Object 'Object Repository/CERTPAY_ADMIN/PROCESS_REVERSAL' is clickable

2020-09-14 16:00:54 - [MESSAGE][PASSED] - Object: 'Object Repository/CERTPAY_ADMIN/PROCESS_REVERSAL' is clicked on

2020-09-14 16:00:54 - [MESSAGE][PASSED] - Quicksti_Samday_Refunds_Admin.ts:Clicked on the Process Reversal

2020-09-14 16:00:54 - [TEST_STEP][PASSED] - delay(2): Delayed 2 second(s)

2020-09-14 16:00:56 - [MESSAGE][PASSED] - Delayed 2 second(s)

2020-09-14 16:00:56 - [TEST_STEP][PASSED] - firstName = data.getValue("FirstName", index): null

2020-09-14 16:00:56 - [TEST_STEP][PASSED] - lastName = data.getValue("LastName", index): null

2020-09-14 16:00:56 - [TEST_STEP][PASSED] - expMonth = data.getValue("ExpMonth", index): null

2020-09-14 16:00:56 - [TEST_STEP][PASSED] - expYear = data.getValue("ExpYear", index): null

2020-09-14 16:00:56 - [TEST_STEP][PASSED] - securityCode = data.getValue("SecurityCode", index): null

2020-09-14 16:00:56 - [TEST_STEP][PASSED] - paymentAmount = data.getValue("PaymentAmount", index): null

2020-09-14 16:00:56 - [TEST_STEP][PASSED] - paymentType = data.getValue("PaymentType", index): null

2020-09-14 16:00:56 - [TEST_STEP][PASSED] - quantity = data.getValue("Quantity", index): null

2020-09-14 16:00:56 - [TEST_STEP][PASSED] - comments = data.getValue("Comments", index): null

2020-09-14 16:00:56 - [TEST_STEP][PASSED] - referenceNum = data.getValue("ReferenceNum", index): null

2020-09-14 16:00:56 - [TEST_STEP][PASSED] - address = data.getValue("Address", index): null

2020-09-14 16:00:56 - [TEST_STEP][PASSED] - zipCode = data.getValue("Zipcode", index): null

2020-09-14 16:00:56 - [TEST_STEP][PASSED] - telephone = data.getValue("Telephone", index): null

2020-09-14 16:00:56 - [TEST_STEP][PASSED] - emailAddress = data.getValue("EmailAddress", index): null

2020-09-14 16:00:56 - [TEST_STEP][PASSED] - cardNum = data.getValue("CardNumber", index): null

2020-09-14 16:00:56 - [TEST_STEP][PASSED] - cardType = data.getValue("CardType", index): null

2020-09-14 16:00:56 - [TEST_STEP][PASSED] - RefundAmount = data.getValue("RefundAmount", index): null

2020-09-14 16:00:56 - [TEST_STEP][PASSED] - utilities.SafeActions.openBrowser(Quicksti_Url, [pageLoadTime]): Browser launched successfully

2020-09-14 16:00:56 - [MESSAGE][INFO] - Opening Browser

2020-09-14 16:00:56 - [MESSAGE][WARNING] - A browser is already opened. Closing browser and opening a new one

2020-09-14 16:00:57 - [MESSAGE][INFO] - Starting 'Chrome' driver

2020-09-14 16:01:05 - [MESSAGE][PASSED] - Browser is opened with url: 'https://qa-certpayquicksti.faps.net/'

2020-09-14 16:01:07 - [MESSAGE][PASSED] - Current window maximized

2020-09-14 16:01:07 - [MESSAGE][PASSED] - Browser launched successfully

2020-09-14 16:01:07 - [TEST_STEP][PASSED] - utilities.SafeActions.safeType(findTestObject("CERTPAY_QUICKSTI/Login_ Page/BUREAU_CODE"), bureau_code, "Bureau code", [pageLoadTime]): Quicksti_Samday_Refunds_Admin.ts:Entered'6100000 into Bureau code

2020-09-14 16:01:07 - [MESSAGE][PASSED] - Object 'Object Repository/CERTPAY_QUICKSTI/Login_ Page/BUREAU_CODE' is present

2020-09-14 16:01:07 - [MESSAGE][PASSED] - Object 'Object Repository/CERTPAY_QUICKSTI/Login_ Page/BUREAU_CODE' is visible

2020-09-14 16:01:08 - [MESSAGE][PASSED] - Object 'Object Repository/CERTPAY_QUICKSTI/Login_ Page/BUREAU_CODE' is present

2020-09-14 16:01:09 - [MESSAGE][PASSED] - Text '6100000' is set on object 'Object Repository/CERTPAY_QUICKSTI/Login_ Page/BUREAU_CODE'

2020-09-14 16:01:09 - [MESSAGE][PASSED] - Quicksti_Samday_Refunds_Admin.ts:Entered'6100000 into Bureau code

2020-09-14 16:01:09 - [TEST_STEP][PASSED] - utilities.SafeActions.safeType(findTestObject("CERTPAY_QUICKSTI/Login_ Page/TELLER_ID"), teller_id, "Bureau code", [pageLoadTime]): Quicksti_Samday_Refunds_Admin.ts:Entered'zenq into Bureau code

2020-09-14 16:01:09 - [MESSAGE][PASSED] - Object 'Object Repository/CERTPAY_QUICKSTI/Login_ Page/TELLER_ID' is present

2020-09-14 16:01:09 - [MESSAGE][PASSED] - Object 'Object Repository/CERTPAY_QUICKSTI/Login_ Page/TELLER_ID' is visible

2020-09-14 16:01:10 - [MESSAGE][PASSED] - Object 'Object Repository/CERTPAY_QUICKSTI/Login_ Page/TELLER_ID' is present

2020-09-14 16:01:11 - [MESSAGE][PASSED] - Text 'zenq' is set on object 'Object Repository/CERTPAY_QUICKSTI/Login_ Page/TELLER_ID'

2020-09-14 16:01:11 - [MESSAGE][PASSED] - Quicksti_Samday_Refunds_Admin.ts:Entered'zenq into Bureau code

2020-09-14 16:01:11 - [TEST_STEP][PASSED] - utilities.SafeActions.safeClick(findTestObject("CERTPAY_QUICKSTI/Login_ Page/NEXT_BUTTON"), "Next button", [pageLoadTime]): Quicksti_Samday_Refunds_Admin.ts:Clicked on the Next button

2020-09-14 16:01:11 - [MESSAGE][INFO] - safeClicking

2020-09-14 16:01:11 - [MESSAGE][PASSED] - Object 'Object Repository/CERTPAY_QUICKSTI/Login_ Page/NEXT_BUTTON' is present

2020-09-14 16:01:12 - [MESSAGE][PASSED] - Object 'Object Repository/CERTPAY_QUICKSTI/Login_ Page/NEXT_BUTTON' is clickable

2020-09-14 16:01:15 - [MESSAGE][PASSED] - Object: 'Object Repository/CERTPAY_QUICKSTI/Login_ Page/NEXT_BUTTON' is clicked on

2020-09-14 16:01:15 - [MESSAGE][PASSED] - Quicksti_Samday_Refunds_Admin.ts:Clicked on the Next button

2020-09-14 16:01:15 - [TEST_STEP][PASSED] - utilities.SafeActions.safeClick(findTestObject("CERTPAY_QUICKSTI/Payment_Information_Page/MANUAL_ENTRY_BUTTON"), "ManualEntry", [pageLoadTime]): Quicksti_Samday_Refunds_Admin.ts:Clicked on the ManualEntry

2020-09-14 16:01:15 - [MESSAGE][INFO] - safeClicking

2020-09-14 16:01:16 - [MESSAGE][PASSED] - Object 'Object Repository/CERTPAY_QUICKSTI/Payment_Information_Page/MANUAL_ENTRY_BUTTON' is present

2020-09-14 16:01:16 - [MESSAGE][PASSED] - Object 'Object Repository/CERTPAY_QUICKSTI/Payment_Information_Page/MANUAL_ENTRY_BUTTON' is clickable

2020-09-14 16:01:18 - [MESSAGE][PASSED] - Object: 'Object Repository/CERTPAY_QUICKSTI/Payment_Information_Page/MANUAL_ENTRY_BUTTON' is clicked on

2020-09-14 16:01:18 - [MESSAGE][PASSED] - Quicksti_Samday_Refunds_Admin.ts:Clicked on the ManualEntry

2020-09-14 16:01:18 - [TEST_STEP][PASSED] - CardNumber = pages.Quicksti.setUserPaymentDetails(firstName, lastName, cardNum): Quicksti_Samday_Refunds_Admin.ts:Entered'5154623208647646 into CardNum

2020-09-14 16:01:19 - [MESSAGE][PASSED] - Object 'Object Repository/CERTPAY_QUICKSTI/Payment_Information_Page/FIRST_NAME' is present

2020-09-14 16:01:19 - [MESSAGE][PASSED] - Object 'Object Repository/CERTPAY_QUICKSTI/Payment_Information_Page/FIRST_NAME' is visible

2020-09-14 16:01:19 - [MESSAGE][PASSED] - Object 'Object Repository/CERTPAY_QUICKSTI/Payment_Information_Page/FIRST_NAME' is present

2020-09-14 16:01:20 - [MESSAGE][PASSED] - Text 'Tester' is set on object 'Object Repository/CERTPAY_QUICKSTI/Payment_Information_Page/FIRST_NAME'

2020-09-14 16:01:20 - [MESSAGE][PASSED] - Quicksti_Samday_Refunds_Admin.ts:Entered'Tester into FirstName

2020-09-14 16:01:21 - [MESSAGE][PASSED] - Object 'Object Repository/CERTPAY_QUICKSTI/Payment_Information_Page/LAST_NAME' is present

2020-09-14 16:01:21 - [MESSAGE][PASSED] - Object 'Object Repository/CERTPAY_QUICKSTI/Payment_Information_Page/LAST_NAME' is visible

2020-09-14 16:01:22 - [MESSAGE][PASSED] - Object 'Object Repository/CERTPAY_QUICKSTI/Payment_Information_Page/LAST_NAME' is present

2020-09-14 16:01:23 - [MESSAGE][PASSED] - Text 'Zenq1' is set on object 'Object Repository/CERTPAY_QUICKSTI/Payment_Information_Page/LAST_NAME'

2020-09-14 16:01:23 - [MESSAGE][PASSED] - Quicksti_Samday_Refunds_Admin.ts:Entered'Zenq1 into LAstName

2020-09-14 16:01:23 - [MESSAGE][PASSED] - Object 'Object Repository/CERTPAY_QUICKSTI/Payment_Information_Page/CARD_NUMBER' is present

2020-09-14 16:01:23 - [MESSAGE][PASSED] - Object 'Object Repository/CERTPAY_QUICKSTI/Payment_Information_Page/CARD_NUMBER' is visible

2020-09-14 16:01:24 - [MESSAGE][PASSED] - Object 'Object Repository/CERTPAY_QUICKSTI/Payment_Information_Page/CARD_NUMBER' is present

2020-09-14 16:01:25 - [MESSAGE][PASSED] - Text '5154623208647646' is set on object 'Object Repository/CERTPAY_QUICKSTI/Payment_Information_Page/CARD_NUMBER'

2020-09-14 16:01:25 - [MESSAGE][PASSED] - Quicksti_Samday_Refunds_Admin.ts:Entered'5154623208647646 into CardNum

2020-09-14 16:01:25 - [TEST_STEP][PASSED] - utilities.SafeActions.safeSelectOptionInDropdownByVisibleText(findTestObject("CERTPAY_QUICKSTI/Payment_Information_Page/PAYMENT_TYPE"), paymentType, "paymentType", [pageLoadTime]): selected dropdown option by visible text  Giftsfrom paymentType

2020-09-14 16:01:26 - [MESSAGE][PASSED] - Object 'Object Repository/CERTPAY_QUICKSTI/Payment_Information_Page/PAYMENT_TYPE' is visible

2020-09-14 16:01:26 - [MESSAGE][PASSED] - Object 'Object Repository/CERTPAY_QUICKSTI/Payment_Information_Page/PAYMENT_TYPE' is present

2020-09-14 16:01:27 - [MESSAGE][PASSED] - Object: 'Object Repository/CERTPAY_QUICKSTI/Payment_Information_Page/PAYMENT_TYPE' is clicked on

2020-09-14 16:01:28 - [MESSAGE][PASSED] - All options with label 'Gifts' are selected in object 'Object Repository/CERTPAY_QUICKSTI/Payment_Information_Page/PAYMENT_TYPE'  using regular expression

2020-09-14 16:01:28 - [MESSAGE][PASSED] - selected dropdown option by visible text  Giftsfrom paymentType

2020-09-14 16:01:28 - [TEST_STEP][PASSED] - pages.Quicksti.setExpDate(expMonth, expYear, securityCode): Quicksti_Samday_Refunds_Admin.ts:Entered'207 into securityCode

2020-09-14 16:01:29 - [MESSAGE][PASSED] - Object 'Object Repository/CERTPAY_QUICKSTI/Payment_Information_Page/EXP_MONTH' is visible

2020-09-14 16:01:29 - [MESSAGE][PASSED] - Object 'Object Repository/CERTPAY_QUICKSTI/Payment_Information_Page/EXP_MONTH' is present

2020-09-14 16:01:30 - [MESSAGE][PASSED] - Object: 'Object Repository/CERTPAY_QUICKSTI/Payment_Information_Page/EXP_MONTH' is clicked on

2020-09-14 16:01:31 - [MESSAGE][PASSED] - All options with label '04' are selected in object 'Object Repository/CERTPAY_QUICKSTI/Payment_Information_Page/EXP_MONTH'  using regular expression

2020-09-14 16:01:31 - [MESSAGE][PASSED] - selected dropdown option by visible text  04from expMonth

2020-09-14 16:01:32 - [MESSAGE][PASSED] - Object 'Object Repository/CERTPAY_QUICKSTI/Payment_Information_Page/EXP_YEAR' is visible

2020-09-14 16:01:32 - [MESSAGE][PASSED] - Object 'Object Repository/CERTPAY_QUICKSTI/Payment_Information_Page/EXP_YEAR' is present

2020-09-14 16:01:33 - [MESSAGE][PASSED] - Object: 'Object Repository/CERTPAY_QUICKSTI/Payment_Information_Page/EXP_YEAR' is clicked on

2020-09-14 16:01:35 - [MESSAGE][PASSED] - All options with label '2023' are selected in object 'Object Repository/CERTPAY_QUICKSTI/Payment_Information_Page/EXP_YEAR'  using regular expression

2020-09-14 16:01:35 - [MESSAGE][PASSED] - selected dropdown option by visible text  2023from  expYear

2020-09-14 16:01:35 - [MESSAGE][PASSED] - Object 'Object Repository/CERTPAY_QUICKSTI/Payment_Information_Page/SECURITY_CODE' is present

2020-09-14 16:01:35 - [MESSAGE][PASSED] - Object 'Object Repository/CERTPAY_QUICKSTI/Payment_Information_Page/SECURITY_CODE' is visible

2020-09-14 16:01:36 - [MESSAGE][PASSED] - Object 'Object Repository/CERTPAY_QUICKSTI/Payment_Information_Page/SECURITY_CODE' is present

2020-09-14 16:01:37 - [MESSAGE][PASSED] - Text '207' is set on object 'Object Repository/CERTPAY_QUICKSTI/Payment_Information_Page/SECURITY_CODE'

2020-09-14 16:01:37 - [MESSAGE][PASSED] - Quicksti_Samday_Refunds_Admin.ts:Entered'207 into securityCode

2020-09-14 16:01:37 - [TEST_STEP][PASSED] - pages.Quicksti.setPaymentAmountDetailsForSinglePayment(paymentAmount, quantity): Quicksti_Samday_Refunds_Admin.ts:Entered'2 into Quantity

2020-09-14 16:01:37 - [MESSAGE][PASSED] - Object 'Object Repository/CERTPAY_QUICKSTI/Payment_Information_Page/PAYMENT_AMOUNT' is present

2020-09-14 16:01:38 - [MESSAGE][PASSED] - Object 'Object Repository/CERTPAY_QUICKSTI/Payment_Information_Page/PAYMENT_AMOUNT' is visible

2020-09-14 16:01:38 - [MESSAGE][PASSED] - Object 'Object Repository/CERTPAY_QUICKSTI/Payment_Information_Page/PAYMENT_AMOUNT' is present

2020-09-14 16:01:39 - [MESSAGE][PASSED] - Text '25.00' is set on object 'Object Repository/CERTPAY_QUICKSTI/Payment_Information_Page/PAYMENT_AMOUNT'

2020-09-14 16:01:39 - [MESSAGE][PASSED] - Quicksti_Samday_Refunds_Admin.ts:Entered'25.00 into amount

2020-09-14 16:01:40 - [MESSAGE][PASSED] - Object 'Object Repository/CERTPAY_QUICKSTI/Payment_Information_Page/QUANTITY' is present

2020-09-14 16:01:40 - [MESSAGE][PASSED] - Object 'Object Repository/CERTPAY_QUICKSTI/Payment_Information_Page/QUANTITY' is visible

2020-09-14 16:01:40 - [MESSAGE][PASSED] - Object 'Object Repository/CERTPAY_QUICKSTI/Payment_Information_Page/QUANTITY' is present

2020-09-14 16:01:42 - [MESSAGE][PASSED] - Text '2' is set on object 'Object Repository/CERTPAY_QUICKSTI/Payment_Information_Page/QUANTITY'

2020-09-14 16:01:42 - [MESSAGE][PASSED] - Quicksti_Samday_Refunds_Admin.ts:Entered'2 into Quantity

2020-09-14 16:01:42 - [TEST_STEP][PASSED] - utilities.SafeActions.safeType(findTestObject("CERTPAY_QUICKSTI/Payment_Information_Page/REFRENCE_NUMBER"), referenceNum, "Reference Number", [pageLoadTime]): Quicksti_Samday_Refunds_Admin.ts:Entered'12 into Reference Number

2020-09-14 16:01:42 - [MESSAGE][PASSED] - Object 'Object Repository/CERTPAY_QUICKSTI/Payment_Information_Page/REFRENCE_NUMBER' is present

2020-09-14 16:01:42 - [MESSAGE][PASSED] - Object 'Object Repository/CERTPAY_QUICKSTI/Payment_Information_Page/REFRENCE_NUMBER' is visible

2020-09-14 16:01:43 - [MESSAGE][PASSED] - Object 'Object Repository/CERTPAY_QUICKSTI/Payment_Information_Page/REFRENCE_NUMBER' is present

2020-09-14 16:01:44 - [MESSAGE][PASSED] - Text '12' is set on object 'Object Repository/CERTPAY_QUICKSTI/Payment_Information_Page/REFRENCE_NUMBER'

2020-09-14 16:01:44 - [MESSAGE][PASSED] - Quicksti_Samday_Refunds_Admin.ts:Entered'12 into Reference Number

2020-09-14 16:01:44 - [TEST_STEP][PASSED] - amount_Value = pages.Quicksti.getAttributeValue(findTestObject("CERTPAY_QUICKSTI/Payment_Information_Page/SUB_TOTAL")): pages.Quicksti.getAttributeValue is PASSED

2020-09-14 16:01:45 - [MESSAGE][PASSED] - Attribute 'value' of object 'Object Repository/CERTPAY_QUICKSTI/Payment_Information_Page/SUB_TOTAL' is: '50.00'

2020-09-14 16:01:45 - [MESSAGE][PASSED] - pages.Quicksti.getAttributeValue is PASSED

2020-09-14 16:01:45 - [TEST_STEP][PASSED] - utilities.SafeActions.safeType(findTestObject("CERTPAY_QUICKSTI/Payment_Information_Page/COMMENTS"), "Testing", "Comments", [pageLoadTime]): Quicksti_Samday_Refunds_Admin.ts:Entered'Testing into Comments

2020-09-14 16:01:45 - [MESSAGE][PASSED] - Object 'Object Repository/CERTPAY_QUICKSTI/Payment_Information_Page/COMMENTS' is present

2020-09-14 16:01:45 - [MESSAGE][PASSED] - Object 'Object Repository/CERTPAY_QUICKSTI/Payment_Information_Page/COMMENTS' is visible

2020-09-14 16:01:45 - [MESSAGE][PASSED] - Object 'Object Repository/CERTPAY_QUICKSTI/Payment_Information_Page/COMMENTS' is present

2020-09-14 16:01:47 - [MESSAGE][PASSED] - Text 'Testing' is set on object 'Object Repository/CERTPAY_QUICKSTI/Payment_Information_Page/COMMENTS'

2020-09-14 16:01:47 - [MESSAGE][PASSED] - Quicksti_Samday_Refunds_Admin.ts:Entered'Testing into Comments

2020-09-14 16:01:47 - [TEST_STEP][PASSED] - utilities.SafeActions.safeType(findTestObject("CERTPAY_QUICKSTI/Payment_Information_Page/ADDRESS"), address, "Address", [pageLoadTime]): Quicksti_Samday_Refunds_Admin.ts:Entered'14-2 into Address

2020-09-14 16:01:47 - [MESSAGE][PASSED] - Object 'Object Repository/CERTPAY_QUICKSTI/Payment_Information_Page/ADDRESS' is present

2020-09-14 16:01:48 - [MESSAGE][PASSED] - Object 'Object Repository/CERTPAY_QUICKSTI/Payment_Information_Page/ADDRESS' is visible

2020-09-14 16:01:48 - [MESSAGE][PASSED] - Object 'Object Repository/CERTPAY_QUICKSTI/Payment_Information_Page/ADDRESS' is present

2020-09-14 16:01:49 - [MESSAGE][PASSED] - Text '14-2' is set on object 'Object Repository/CERTPAY_QUICKSTI/Payment_Information_Page/ADDRESS'

2020-09-14 16:01:49 - [MESSAGE][PASSED] - Quicksti_Samday_Refunds_Admin.ts:Entered'14-2 into Address

2020-09-14 16:01:49 - [TEST_STEP][PASSED] - utilities.SafeActions.safeType(findTestObject("CERTPAY_QUICKSTI/Payment_Information_Page/ZIP_CODE"), zipCode, "zipcode", [pageLoadTime]): Quicksti_Samday_Refunds_Admin.ts:Entered'76102 into zipcode

2020-09-14 16:01:50 - [MESSAGE][PASSED] - Object 'Object Repository/CERTPAY_QUICKSTI/Payment_Information_Page/ZIP_CODE' is present

2020-09-14 16:01:50 - [MESSAGE][PASSED] - Object 'Object Repository/CERTPAY_QUICKSTI/Payment_Information_Page/ZIP_CODE' is visible

2020-09-14 16:01:50 - [MESSAGE][PASSED] - Object 'Object Repository/CERTPAY_QUICKSTI/Payment_Information_Page/ZIP_CODE' is present

2020-09-14 16:01:51 - [MESSAGE][PASSED] - Text '76102' is set on object 'Object Repository/CERTPAY_QUICKSTI/Payment_Information_Page/ZIP_CODE'

2020-09-14 16:01:51 - [MESSAGE][PASSED] - Quicksti_Samday_Refunds_Admin.ts:Entered'76102 into zipcode

2020-09-14 16:01:51 - [TEST_STEP][PASSED] - utilities.SafeActions.safeType(findTestObject("CERTPAY_QUICKSTI/Payment_Information_Page/TELEPHONE"), telephone, "Telephone", [pageLoadTime]): Quicksti_Samday_Refunds_Admin.ts:Entered'9989897654 into Telephone

2020-09-14 16:01:52 - [MESSAGE][PASSED] - Object 'Object Repository/CERTPAY_QUICKSTI/Payment_Information_Page/TELEPHONE' is present

2020-09-14 16:01:52 - [MESSAGE][PASSED] - Object 'Object Repository/CERTPAY_QUICKSTI/Payment_Information_Page/TELEPHONE' is visible

2020-09-14 16:01:52 - [MESSAGE][PASSED] - Object 'Object Repository/CERTPAY_QUICKSTI/Payment_Information_Page/TELEPHONE' is present

2020-09-14 16:01:54 - [MESSAGE][PASSED] - Text '9989897654' is set on object 'Object Repository/CERTPAY_QUICKSTI/Payment_Information_Page/TELEPHONE'

2020-09-14 16:01:54 - [MESSAGE][PASSED] - Quicksti_Samday_Refunds_Admin.ts:Entered'9989897654 into Telephone

2020-09-14 16:01:54 - [TEST_STEP][PASSED] - utilities.SafeActions.safeType(findTestObject("CERTPAY_QUICKSTI/Payment_Information_Page/EMAIL_ADDRESS"), emailAddress, "EMAIL address", [pageLoadTime]): Quicksti_Samday_Refunds_Admin.ts:Entered'testing@zenq.com into EMAIL address

2020-09-14 16:01:54 - [MESSAGE][PASSED] - Object 'Object Repository/CERTPAY_QUICKSTI/Payment_Information_Page/EMAIL_ADDRESS' is present

2020-09-14 16:01:54 - [MESSAGE][PASSED] - Object 'Object Repository/CERTPAY_QUICKSTI/Payment_Information_Page/EMAIL_ADDRESS' is visible

2020-09-14 16:01:55 - [MESSAGE][PASSED] - Object 'Object Repository/CERTPAY_QUICKSTI/Payment_Information_Page/EMAIL_ADDRESS' is present

2020-09-14 16:01:56 - [MESSAGE][PASSED] - Text 'testing@zenq.com' is set on object 'Object Repository/CERTPAY_QUICKSTI/Payment_Information_Page/EMAIL_ADDRESS'

2020-09-14 16:01:56 - [MESSAGE][PASSED] - Quicksti_Samday_Refunds_Admin.ts:Entered'testing@zenq.com into EMAIL address

2020-09-14 16:01:56 - [TEST_STEP][PASSED] - utilities.SafeActions.safeClick(findTestObject("CERTPAY_QUICKSTI/Payment_Information_Page/NEXT_BUTTON"), "Next", [pageLoadTime]): Quicksti_Samday_Refunds_Admin.ts:Clicked on the Next

2020-09-14 16:01:56 - [MESSAGE][INFO] - safeClicking

2020-09-14 16:01:56 - [MESSAGE][PASSED] - Object 'Object Repository/CERTPAY_QUICKSTI/Payment_Information_Page/NEXT_BUTTON' is present

2020-09-14 16:01:57 - [MESSAGE][PASSED] - Object 'Object Repository/CERTPAY_QUICKSTI/Payment_Information_Page/NEXT_BUTTON' is clickable

2020-09-14 16:02:00 - [MESSAGE][PASSED] - Object: 'Object Repository/CERTPAY_QUICKSTI/Payment_Information_Page/NEXT_BUTTON' is clicked on

2020-09-14 16:02:00 - [MESSAGE][PASSED] - Quicksti_Samday_Refunds_Admin.ts:Clicked on the Next

2020-09-14 16:02:00 - [TEST_STEP][PASSED] - pages.Quicksti.verifyUserPaymentDetails(paymentAmount, firstName, lastName, CardNumber): pages.Quicksti.verifyUserPaymentDetails is PASSED

2020-09-14 16:02:00 - [MESSAGE][PASSED] - Text of object 'Object Repository/CERTPAY_QUICKSTI/Payment_Details_Verification_Page/AMOUNT' is: '$25.00'

2020-09-14 16:02:00 - [MESSAGE][PASSED] - Actual text '25.00' and expected text '25.00' are matched  using regular expression

2020-09-14 16:02:01 - [MESSAGE][PASSED] - Text of object 'Object Repository/CERTPAY_QUICKSTI/Payment_Details_Verification_Page/NAME' is: 'Tester Zenq1'

2020-09-14 16:02:01 - [MESSAGE][PASSED] - Actual text 'Tester Zenq1' and expected text 'Tester Zenq1' are matched  using regular expression

2020-09-14 16:02:01 - [MESSAGE][PASSED] - Text of object 'Object Repository/CERTPAY_QUICKSTI/Payment_Details_Verification_Page/CARD_NUMBER' is: '...7646'

2020-09-14 16:02:01 - [MESSAGE][PASSED] - Actual text '7646' and expected text '7646' are matched  using regular expression

2020-09-14 16:02:01 - [MESSAGE][PASSED] - pages.Quicksti.verifyUserPaymentDetails is PASSED

2020-09-14 16:02:01 - [TEST_STEP][PASSED] - delay(2): Delayed 2 second(s)

2020-09-14 16:02:03 - [MESSAGE][PASSED] - Delayed 2 second(s)

2020-09-14 16:02:03 - [TEST_STEP][PASSED] - scrollToElement(findTestObject("CERTPAY_QUICKSTI/Payment_Details_Verification_Page/PROCESS"), 30): Scroll to object 'Object Repository/CERTPAY_QUICKSTI/Payment_Details_Verification_Page/PROCESS' successfully

2020-09-14 16:02:03 - [MESSAGE][PASSED] - Scroll to object 'Object Repository/CERTPAY_QUICKSTI/Payment_Details_Verification_Page/PROCESS' successfully

2020-09-14 16:02:03 - [TEST_STEP][PASSED] - utilities.SafeActions.safeClick(findTestObject("CERTPAY_QUICKSTI/Payment_Details_Verification_Page/PROCESS"), "Process", [pageLoadTime]): Quicksti_Samday_Refunds_Admin.ts:Clicked on the Process

2020-09-14 16:02:03 - [MESSAGE][INFO] - safeClicking

2020-09-14 16:02:04 - [MESSAGE][PASSED] - Object 'Object Repository/CERTPAY_QUICKSTI/Payment_Details_Verification_Page/PROCESS' is present

2020-09-14 16:02:04 - [MESSAGE][PASSED] - Object 'Object Repository/CERTPAY_QUICKSTI/Payment_Details_Verification_Page/PROCESS' is clickable

2020-09-14 16:02:08 - [MESSAGE][PASSED] - Object: 'Object Repository/CERTPAY_QUICKSTI/Payment_Details_Verification_Page/PROCESS' is clicked on

2020-09-14 16:02:08 - [MESSAGE][PASSED] - Quicksti_Samday_Refunds_Admin.ts:Clicked on the Process

2020-09-14 16:02:08 - [TEST_STEP][PASSED] - paymentId = pages.Quicksti.verifyPaymentApproval(findTestObject("CERTPAY_QUICKSTI/Payment_Details_Verification_Page/APPROVED")): Payment is approved

2020-09-14 16:02:08 - [MESSAGE][PASSED] - Text of object 'Object Repository/CERTPAY_QUICKSTI/Payment_Details_Verification_Page/PAYMENT_ID' is: '100176117099'

2020-09-14 16:02:08 - [MESSAGE][PASSED] - Object 'Object Repository/CERTPAY_QUICKSTI/Payment_Details_Verification_Page/APPROVED' is present

2020-09-14 16:02:09 - [MESSAGE][PASSED] - Payment is approved

2020-09-14 16:02:11 - [TEST_STEP][PASSED] - navigateToUrl(Admin_url): Navigate to 'https://qa-certpayadmin.faps.net' successfully

2020-09-14 16:02:15 - [MESSAGE][PASSED] - Navigate to 'https://qa-certpayadmin.faps.net' successfully

2020-09-14 16:02:15 - [TEST_STEP][PASSED] - pages.Bureau_Login_Page.loginToAdminSite(AdminUsername, AdminPassword): Quicksti_Samday_Refunds_Admin.ts:Clicked on the LOGIN

2020-09-14 16:02:16 - [MESSAGE][PASSED] - Object 'Object Repository/CERTPAY_ADMIN/USER_NAME' is present

2020-09-14 16:02:16 - [MESSAGE][PASSED] - Object 'Object Repository/CERTPAY_ADMIN/USER_NAME' is visible

2020-09-14 16:02:16 - [MESSAGE][PASSED] - Object 'Object Repository/CERTPAY_ADMIN/USER_NAME' is present

2020-09-14 16:02:18 - [MESSAGE][PASSED] - Text 'VVangiliappan' is set on object 'Object Repository/CERTPAY_ADMIN/USER_NAME'

2020-09-14 16:02:18 - [MESSAGE][PASSED] - Quicksti_Samday_Refunds_Admin.ts:Entered'VVangiliappan into username

2020-09-14 16:02:18 - [MESSAGE][PASSED] - Object 'Object Repository/CERTPAY_ADMIN/PASSWORD' is present

2020-09-14 16:02:18 - [MESSAGE][PASSED] - Object 'Object Repository/CERTPAY_ADMIN/PASSWORD' is visible

2020-09-14 16:02:19 - [MESSAGE][PASSED] - Object 'Object Repository/CERTPAY_ADMIN/PASSWORD' is present

2020-09-14 16:02:20 - [MESSAGE][PASSED] - Text 'Knila@12345' is set on object 'Object Repository/CERTPAY_ADMIN/PASSWORD'

2020-09-14 16:02:20 - [MESSAGE][PASSED] - Quicksti_Samday_Refunds_Admin.ts:Entered'Knila@12345 into password

2020-09-14 16:02:20 - [MESSAGE][INFO] - safeClicking

2020-09-14 16:02:20 - [MESSAGE][PASSED] - Object 'Object Repository/CERTPAY_ADMIN/LOGIN_BUTTON' is present

2020-09-14 16:02:21 - [MESSAGE][PASSED] - Object 'Object Repository/CERTPAY_ADMIN/LOGIN_BUTTON' is clickable

2020-09-14 16:02:27 - [MESSAGE][PASSED] - Object: 'Object Repository/CERTPAY_ADMIN/LOGIN_BUTTON' is clicked on

2020-09-14 16:02:27 - [MESSAGE][PASSED] - Quicksti_Samday_Refunds_Admin.ts:Clicked on the LOGIN

2020-09-14 16:02:27 - [TEST_STEP][PASSED] - utilities.SafeActions.safeClick(findTestObject("CERTPAY_ADMIN/TRANSACTION_SEARCH"), "TransactionSearch", [pageLoadTime]): Quicksti_Samday_Refunds_Admin.ts:Clicked on the TransactionSearch

2020-09-14 16:02:27 - [MESSAGE][INFO] - safeClicking

2020-09-14 16:02:27 - [MESSAGE][PASSED] - Object 'Object Repository/CERTPAY_ADMIN/TRANSACTION_SEARCH' is present

2020-09-14 16:02:28 - [MESSAGE][PASSED] - Object 'Object Repository/CERTPAY_ADMIN/TRANSACTION_SEARCH' is clickable

2020-09-14 16:02:30 - [MESSAGE][PASSED] - Object: 'Object Repository/CERTPAY_ADMIN/TRANSACTION_SEARCH' is clicked on

2020-09-14 16:02:30 - [MESSAGE][PASSED] - Quicksti_Samday_Refunds_Admin.ts:Clicked on the TransactionSearch

2020-09-14 16:02:30 - [TEST_STEP][PASSED] - utilities.SafeActions.safeType(findTestObject("CERTPAY_ADMIN/PAYMENT_ID"), paymentId, "Payment id", [pageLoadTime]): Quicksti_Samday_Refunds_Admin.ts:Entered'100176117099 into Payment id

2020-09-14 16:02:31 - [MESSAGE][PASSED] - Object 'Object Repository/CERTPAY_ADMIN/PAYMENT_ID' is present

2020-09-14 16:02:31 - [MESSAGE][PASSED] - Object 'Object Repository/CERTPAY_ADMIN/PAYMENT_ID' is visible

2020-09-14 16:02:31 - [MESSAGE][PASSED] - Object 'Object Repository/CERTPAY_ADMIN/PAYMENT_ID' is present

2020-09-14 16:02:33 - [MESSAGE][PASSED] - Text '100176117099' is set on object 'Object Repository/CERTPAY_ADMIN/PAYMENT_ID'

2020-09-14 16:02:33 - [MESSAGE][PASSED] - Quicksti_Samday_Refunds_Admin.ts:Entered'100176117099 into Payment id

2020-09-14 16:02:33 - [TEST_STEP][PASSED] - utilities.SafeActions.safeClick(findTestObject("CERTPAY_ADMIN/GO_BUTTON"), "Go button", [pageLoadTime]): Quicksti_Samday_Refunds_Admin.ts:Clicked on the Go button

2020-09-14 16:02:33 - [MESSAGE][INFO] - safeClicking

2020-09-14 16:02:33 - [MESSAGE][PASSED] - Object 'Object Repository/CERTPAY_ADMIN/GO_BUTTON' is present

2020-09-14 16:02:33 - [MESSAGE][PASSED] - Object 'Object Repository/CERTPAY_ADMIN/GO_BUTTON' is clickable

2020-09-14 16:02:37 - [MESSAGE][PASSED] - Object: 'Object Repository/CERTPAY_ADMIN/GO_BUTTON' is clicked on

2020-09-14 16:02:37 - [MESSAGE][PASSED] - Quicksti_Samday_Refunds_Admin.ts:Clicked on the Go button

2020-09-14 16:02:37 - [TEST_STEP][PASSED] - delay(5): Delayed 5 second(s)

2020-09-14 16:02:42 - [MESSAGE][PASSED] - Delayed 5 second(s)

2020-09-14 16:02:42 - [TEST_STEP][PASSED] - paymentIdList.add(paymentId): null

2020-09-14 16:02:42 - [TEST_STEP][PASSED] - println(paymentIdList): null

2020-09-14 16:02:42 - [TEST_STEP][PASSED] - utilities.SafeActions.safeClick(findTestObject("CERTPAY_ADMIN/ACTIONS_BUTTON"), "Actions button", [pageLoadTime]): Quicksti_Samday_Refunds_Admin.ts:Clicked on the Actions button

2020-09-14 16:02:42 - [MESSAGE][INFO] - safeClicking

2020-09-14 16:02:42 - [MESSAGE][PASSED] - Object 'Object Repository/CERTPAY_ADMIN/ACTIONS_BUTTON' is present

2020-09-14 16:02:43 - [MESSAGE][PASSED] - Object 'Object Repository/CERTPAY_ADMIN/ACTIONS_BUTTON' is clickable

2020-09-14 16:02:44 - [MESSAGE][PASSED] - Object: 'Object Repository/CERTPAY_ADMIN/ACTIONS_BUTTON' is clicked on

2020-09-14 16:02:44 - [MESSAGE][PASSED] - Quicksti_Samday_Refunds_Admin.ts:Clicked on the Actions button

2020-09-14 16:02:44 - [TEST_STEP][PASSED] - utilities.SafeActions.safeClick(findTestObject("CERTPAY_ADMIN/REFUND_MENU"), "Refund Menu", [pageLoadTime]): Quicksti_Samday_Refunds_Admin.ts:Clicked on the Refund Menu

2020-09-14 16:02:44 - [MESSAGE][INFO] - safeClicking

2020-09-14 16:02:44 - [MESSAGE][PASSED] - Object 'Object Repository/CERTPAY_ADMIN/REFUND_MENU' is present

2020-09-14 16:02:44 - [MESSAGE][PASSED] - Object 'Object Repository/CERTPAY_ADMIN/REFUND_MENU' is clickable

2020-09-14 16:02:46 - [MESSAGE][PASSED] - Object: 'Object Repository/CERTPAY_ADMIN/REFUND_MENU' is clicked on

2020-09-14 16:02:46 - [MESSAGE][PASSED] - Quicksti_Samday_Refunds_Admin.ts:Clicked on the Refund Menu

2020-09-14 16:02:46 - [TEST_STEP][PASSED] - utilities.SafeActions.safeClick(findTestObject("CERTPAY_ADMIN/CREDIT_RETURN"), "Credit Return", [pageLoadTime]): Quicksti_Samday_Refunds_Admin.ts:Clicked on the Credit Return

2020-09-14 16:02:46 - [MESSAGE][INFO] - safeClicking

2020-09-14 16:02:46 - [MESSAGE][PASSED] - Object 'Object Repository/CERTPAY_ADMIN/CREDIT_RETURN' is present

2020-09-14 16:02:47 - [MESSAGE][PASSED] - Object 'Object Repository/CERTPAY_ADMIN/CREDIT_RETURN' is clickable

2020-09-14 16:02:48 - [MESSAGE][PASSED] - Object: 'Object Repository/CERTPAY_ADMIN/CREDIT_RETURN' is clicked on

2020-09-14 16:02:48 - [MESSAGE][PASSED] - Quicksti_Samday_Refunds_Admin.ts:Clicked on the Credit Return

2020-09-14 16:02:48 - [TEST_STEP][PASSED] - utilities.SafeActions.safeType(findTestObject("Object Repository/CERTPAY_ADMIN/REFUND_AMOUNT"), RefundAmount, "Payment id", [pageLoadTime]): Quicksti_Samday_Refunds_Admin.ts:Entered'15.00 into Payment id

2020-09-14 16:02:48 - [MESSAGE][PASSED] - Object 'Object Repository/CERTPAY_ADMIN/REFUND_AMOUNT' is present

2020-09-14 16:02:49 - [MESSAGE][PASSED] - Object 'Object Repository/CERTPAY_ADMIN/REFUND_AMOUNT' is visible

2020-09-14 16:02:49 - [MESSAGE][PASSED] - Object 'Object Repository/CERTPAY_ADMIN/REFUND_AMOUNT' is present

2020-09-14 16:02:50 - [MESSAGE][PASSED] - Text '15.00' is set on object 'Object Repository/CERTPAY_ADMIN/REFUND_AMOUNT'

2020-09-14 16:02:50 - [MESSAGE][PASSED] - Quicksti_Samday_Refunds_Admin.ts:Entered'15.00 into Payment id

2020-09-14 16:02:50 - [TEST_STEP][PASSED] - utilities.SafeActions.safeClick(findTestObject("Object Repository/CERTPAY_ADMIN/PROCESS_REVERSAL"), "Process Reversal", [pageLoadTime]): Quicksti_Samday_Refunds_Admin.ts:Clicked on the Process Reversal

2020-09-14 16:02:50 - [MESSAGE][INFO] - safeClicking

2020-09-14 16:02:50 - [MESSAGE][PASSED] - Object 'Object Repository/CERTPAY_ADMIN/PROCESS_REVERSAL' is present

2020-09-14 16:02:51 - [MESSAGE][PASSED] - Object 'Object Repository/CERTPAY_ADMIN/PROCESS_REVERSAL' is clickable

2020-09-14 16:02:52 - [MESSAGE][PASSED] - Object: 'Object Repository/CERTPAY_ADMIN/PROCESS_REVERSAL' is clicked on

2020-09-14 16:02:52 - [MESSAGE][PASSED] - Quicksti_Samday_Refunds_Admin.ts:Clicked on the Process Reversal

2020-09-14 16:02:52 - [TEST_STEP][PASSED] - delay(2): Delayed 2 second(s)

2020-09-14 16:02:54 - [MESSAGE][PASSED] - Delayed 2 second(s)

2020-09-14 16:02:54 - [TEST_STEP][PASSED] - firstName = data.getValue("FirstName", index): null

2020-09-14 16:02:54 - [TEST_STEP][PASSED] - lastName = data.getValue("LastName", index): null

2020-09-14 16:02:54 - [TEST_STEP][PASSED] - expMonth = data.getValue("ExpMonth", index): null

2020-09-14 16:02:54 - [TEST_STEP][PASSED] - expYear = data.getValue("ExpYear", index): null

2020-09-14 16:02:54 - [TEST_STEP][PASSED] - securityCode = data.getValue("SecurityCode", index): null

2020-09-14 16:02:54 - [TEST_STEP][PASSED] - paymentAmount = data.getValue("PaymentAmount", index): null

2020-09-14 16:02:54 - [TEST_STEP][PASSED] - paymentType = data.getValue("PaymentType", index): null

2020-09-14 16:02:54 - [TEST_STEP][PASSED] - quantity = data.getValue("Quantity", index): null

2020-09-14 16:02:54 - [TEST_STEP][PASSED] - comments = data.getValue("Comments", index): null

2020-09-14 16:02:54 - [TEST_STEP][PASSED] - referenceNum = data.getValue("ReferenceNum", index): null

2020-09-14 16:02:54 - [TEST_STEP][PASSED] - address = data.getValue("Address", index): null

2020-09-14 16:02:54 - [TEST_STEP][PASSED] - zipCode = data.getValue("Zipcode", index): null

2020-09-14 16:02:54 - [TEST_STEP][PASSED] - telephone = data.getValue("Telephone", index): null

2020-09-14 16:02:54 - [TEST_STEP][PASSED] - emailAddress = data.getValue("EmailAddress", index): null

2020-09-14 16:02:54 - [TEST_STEP][PASSED] - cardNum = data.getValue("CardNumber", index): null

2020-09-14 16:02:54 - [TEST_STEP][PASSED] - cardType = data.getValue("CardType", index): null

2020-09-14 16:02:54 - [TEST_STEP][PASSED] - RefundAmount = data.getValue("RefundAmount", index): null

2020-09-14 16:02:54 - [TEST_STEP][PASSED] - utilities.SafeActions.openBrowser(Quicksti_Url, [pageLoadTime]): Browser launched successfully

2020-09-14 16:02:54 - [MESSAGE][INFO] - Opening Browser

2020-09-14 16:02:54 - [MESSAGE][WARNING] - A browser is already opened. Closing browser and opening a new one

2020-09-14 16:02:55 - [MESSAGE][INFO] - Starting 'Chrome' driver

2020-09-14 16:03:02 - [MESSAGE][PASSED] - Browser is opened with url: 'https://qa-certpayquicksti.faps.net/'

2020-09-14 16:03:05 - [MESSAGE][PASSED] - Current window maximized

2020-09-14 16:03:05 - [MESSAGE][PASSED] - Browser launched successfully

2020-09-14 16:03:05 - [TEST_STEP][PASSED] - utilities.SafeActions.safeType(findTestObject("CERTPAY_QUICKSTI/Login_ Page/BUREAU_CODE"), bureau_code, "Bureau code", [pageLoadTime]): Quicksti_Samday_Refunds_Admin.ts:Entered'6100000 into Bureau code

2020-09-14 16:03:05 - [MESSAGE][PASSED] - Object 'Object Repository/CERTPAY_QUICKSTI/Login_ Page/BUREAU_CODE' is present

2020-09-14 16:03:05 - [MESSAGE][PASSED] - Object 'Object Repository/CERTPAY_QUICKSTI/Login_ Page/BUREAU_CODE' is visible

2020-09-14 16:03:06 - [MESSAGE][PASSED] - Object 'Object Repository/CERTPAY_QUICKSTI/Login_ Page/BUREAU_CODE' is present

2020-09-14 16:03:07 - [MESSAGE][PASSED] - Text '6100000' is set on object 'Object Repository/CERTPAY_QUICKSTI/Login_ Page/BUREAU_CODE'

2020-09-14 16:03:07 - [MESSAGE][PASSED] - Quicksti_Samday_Refunds_Admin.ts:Entered'6100000 into Bureau code

2020-09-14 16:03:07 - [TEST_STEP][PASSED] - utilities.SafeActions.safeType(findTestObject("CERTPAY_QUICKSTI/Login_ Page/TELLER_ID"), teller_id, "Bureau code", [pageLoadTime]): Quicksti_Samday_Refunds_Admin.ts:Entered'zenq into Bureau code

2020-09-14 16:03:07 - [MESSAGE][PASSED] - Object 'Object Repository/CERTPAY_QUICKSTI/Login_ Page/TELLER_ID' is present

2020-09-14 16:03:07 - [MESSAGE][PASSED] - Object 'Object Repository/CERTPAY_QUICKSTI/Login_ Page/TELLER_ID' is visible

2020-09-14 16:03:08 - [MESSAGE][PASSED] - Object 'Object Repository/CERTPAY_QUICKSTI/Login_ Page/TELLER_ID' is present

2020-09-14 16:03:09 - [MESSAGE][PASSED] - Text 'zenq' is set on object 'Object Repository/CERTPAY_QUICKSTI/Login_ Page/TELLER_ID'

2020-09-14 16:03:09 - [MESSAGE][PASSED] - Quicksti_Samday_Refunds_Admin.ts:Entered'zenq into Bureau code

2020-09-14 16:03:09 - [TEST_STEP][PASSED] - utilities.SafeActions.safeClick(findTestObject("CERTPAY_QUICKSTI/Login_ Page/NEXT_BUTTON"), "Next button", [pageLoadTime]): Quicksti_Samday_Refunds_Admin.ts:Clicked on the Next button

2020-09-14 16:03:09 - [MESSAGE][INFO] - safeClicking

2020-09-14 16:03:09 - [MESSAGE][PASSED] - Object 'Object Repository/CERTPAY_QUICKSTI/Login_ Page/NEXT_BUTTON' is present

2020-09-14 16:03:10 - [MESSAGE][PASSED] - Object 'Object Repository/CERTPAY_QUICKSTI/Login_ Page/NEXT_BUTTON' is clickable

2020-09-14 16:03:13 - [MESSAGE][PASSED] - Object: 'Object Repository/CERTPAY_QUICKSTI/Login_ Page/NEXT_BUTTON' is clicked on

2020-09-14 16:03:13 - [MESSAGE][PASSED] - Quicksti_Samday_Refunds_Admin.ts:Clicked on the Next button

2020-09-14 16:03:13 - [TEST_STEP][PASSED] - utilities.SafeActions.safeClick(findTestObject("CERTPAY_QUICKSTI/Payment_Information_Page/MANUAL_ENTRY_BUTTON"), "ManualEntry", [pageLoadTime]): Quicksti_Samday_Refunds_Admin.ts:Clicked on the ManualEntry

2020-09-14 16:03:13 - [MESSAGE][INFO] - safeClicking

2020-09-14 16:03:13 - [MESSAGE][PASSED] - Object 'Object Repository/CERTPAY_QUICKSTI/Payment_Information_Page/MANUAL_ENTRY_BUTTON' is present

2020-09-14 16:03:14 - [MESSAGE][PASSED] - Object 'Object Repository/CERTPAY_QUICKSTI/Payment_Information_Page/MANUAL_ENTRY_BUTTON' is clickable

2020-09-14 16:03:16 - [MESSAGE][PASSED] - Object: 'Object Repository/CERTPAY_QUICKSTI/Payment_Information_Page/MANUAL_ENTRY_BUTTON' is clicked on

2020-09-14 16:03:16 - [MESSAGE][PASSED] - Quicksti_Samday_Refunds_Admin.ts:Clicked on the ManualEntry

2020-09-14 16:03:16 - [TEST_STEP][PASSED] - CardNumber = pages.Quicksti.setUserPaymentDetails(firstName, lastName, cardNum): Quicksti_Samday_Refunds_Admin.ts:Entered'8171999900000018 into CardNum

2020-09-14 16:03:16 - [MESSAGE][PASSED] - Object 'Object Repository/CERTPAY_QUICKSTI/Payment_Information_Page/FIRST_NAME' is present

2020-09-14 16:03:17 - [MESSAGE][PASSED] - Object 'Object Repository/CERTPAY_QUICKSTI/Payment_Information_Page/FIRST_NAME' is visible

2020-09-14 16:03:17 - [MESSAGE][PASSED] - Object 'Object Repository/CERTPAY_QUICKSTI/Payment_Information_Page/FIRST_NAME' is present

2020-09-14 16:03:18 - [MESSAGE][PASSED] - Text 'Tester' is set on object 'Object Repository/CERTPAY_QUICKSTI/Payment_Information_Page/FIRST_NAME'

2020-09-14 16:03:18 - [MESSAGE][PASSED] - Quicksti_Samday_Refunds_Admin.ts:Entered'Tester into FirstName

2020-09-14 16:03:19 - [MESSAGE][PASSED] - Object 'Object Repository/CERTPAY_QUICKSTI/Payment_Information_Page/LAST_NAME' is present

2020-09-14 16:03:19 - [MESSAGE][PASSED] - Object 'Object Repository/CERTPAY_QUICKSTI/Payment_Information_Page/LAST_NAME' is visible

2020-09-14 16:03:19 - [MESSAGE][PASSED] - Object 'Object Repository/CERTPAY_QUICKSTI/Payment_Information_Page/LAST_NAME' is present

2020-09-14 16:03:21 - [MESSAGE][PASSED] - Text 'Zenq1' is set on object 'Object Repository/CERTPAY_QUICKSTI/Payment_Information_Page/LAST_NAME'

2020-09-14 16:03:21 - [MESSAGE][PASSED] - Quicksti_Samday_Refunds_Admin.ts:Entered'Zenq1 into LAstName

2020-09-14 16:03:21 - [MESSAGE][PASSED] - Object 'Object Repository/CERTPAY_QUICKSTI/Payment_Information_Page/CARD_NUMBER' is present

2020-09-14 16:03:21 - [MESSAGE][PASSED] - Object 'Object Repository/CERTPAY_QUICKSTI/Payment_Information_Page/CARD_NUMBER' is visible

2020-09-14 16:03:22 - [MESSAGE][PASSED] - Object 'Object Repository/CERTPAY_QUICKSTI/Payment_Information_Page/CARD_NUMBER' is present

2020-09-14 16:03:23 - [MESSAGE][PASSED] - Text '8171999900000018' is set on object 'Object Repository/CERTPAY_QUICKSTI/Payment_Information_Page/CARD_NUMBER'

2020-09-14 16:03:23 - [MESSAGE][PASSED] - Quicksti_Samday_Refunds_Admin.ts:Entered'8171999900000018 into CardNum

2020-09-14 16:03:23 - [TEST_STEP][PASSED] - utilities.SafeActions.safeSelectOptionInDropdownByVisibleText(findTestObject("CERTPAY_QUICKSTI/Payment_Information_Page/PAYMENT_TYPE"), paymentType, "paymentType", [pageLoadTime]): selected dropdown option by visible text  Licensesfrom paymentType

2020-09-14 16:03:23 - [MESSAGE][PASSED] - Object 'Object Repository/CERTPAY_QUICKSTI/Payment_Information_Page/PAYMENT_TYPE' is visible

2020-09-14 16:03:24 - [MESSAGE][PASSED] - Object 'Object Repository/CERTPAY_QUICKSTI/Payment_Information_Page/PAYMENT_TYPE' is present

2020-09-14 16:03:25 - [MESSAGE][PASSED] - Object: 'Object Repository/CERTPAY_QUICKSTI/Payment_Information_Page/PAYMENT_TYPE' is clicked on

2020-09-14 16:03:26 - [MESSAGE][PASSED] - All options with label 'Licenses' are selected in object 'Object Repository/CERTPAY_QUICKSTI/Payment_Information_Page/PAYMENT_TYPE'  using regular expression

2020-09-14 16:03:26 - [MESSAGE][PASSED] - selected dropdown option by visible text  Licensesfrom paymentType

2020-09-14 16:03:26 - [TEST_STEP][PASSED] - pages.Quicksti.setExpDate(expMonth, expYear, securityCode): Quicksti_Samday_Refunds_Admin.ts:Entered'111 into securityCode

2020-09-14 16:03:26 - [MESSAGE][PASSED] - Object 'Object Repository/CERTPAY_QUICKSTI/Payment_Information_Page/EXP_MONTH' is visible

2020-09-14 16:03:27 - [MESSAGE][PASSED] - Object 'Object Repository/CERTPAY_QUICKSTI/Payment_Information_Page/EXP_MONTH' is present

2020-09-14 16:03:28 - [MESSAGE][PASSED] - Object: 'Object Repository/CERTPAY_QUICKSTI/Payment_Information_Page/EXP_MONTH' is clicked on

2020-09-14 16:03:29 - [MESSAGE][PASSED] - All options with label '04' are selected in object 'Object Repository/CERTPAY_QUICKSTI/Payment_Information_Page/EXP_MONTH'  using regular expression

2020-09-14 16:03:29 - [MESSAGE][PASSED] - selected dropdown option by visible text  04from expMonth

2020-09-14 16:03:30 - [MESSAGE][PASSED] - Object 'Object Repository/CERTPAY_QUICKSTI/Payment_Information_Page/EXP_YEAR' is visible

2020-09-14 16:03:30 - [MESSAGE][PASSED] - Object 'Object Repository/CERTPAY_QUICKSTI/Payment_Information_Page/EXP_YEAR' is present

2020-09-14 16:03:31 - [MESSAGE][PASSED] - Object: 'Object Repository/CERTPAY_QUICKSTI/Payment_Information_Page/EXP_YEAR' is clicked on

2020-09-14 16:03:33 - [MESSAGE][PASSED] - All options with label '2027' are selected in object 'Object Repository/CERTPAY_QUICKSTI/Payment_Information_Page/EXP_YEAR'  using regular expression

2020-09-14 16:03:33 - [MESSAGE][PASSED] - selected dropdown option by visible text  2027from  expYear

2020-09-14 16:03:33 - [MESSAGE][PASSED] - Object 'Object Repository/CERTPAY_QUICKSTI/Payment_Information_Page/SECURITY_CODE' is present

2020-09-14 16:03:33 - [MESSAGE][PASSED] - Object 'Object Repository/CERTPAY_QUICKSTI/Payment_Information_Page/SECURITY_CODE' is visible

2020-09-14 16:03:34 - [MESSAGE][PASSED] - Object 'Object Repository/CERTPAY_QUICKSTI/Payment_Information_Page/SECURITY_CODE' is present

2020-09-14 16:03:35 - [MESSAGE][PASSED] - Text '111' is set on object 'Object Repository/CERTPAY_QUICKSTI/Payment_Information_Page/SECURITY_CODE'

2020-09-14 16:03:35 - [MESSAGE][PASSED] - Quicksti_Samday_Refunds_Admin.ts:Entered'111 into securityCode

2020-09-14 16:03:35 - [TEST_STEP][PASSED] - pages.Quicksti.setPaymentAmountDetailsForSinglePayment(paymentAmount, quantity): Quicksti_Samday_Refunds_Admin.ts:Entered'1 into Quantity

2020-09-14 16:03:35 - [MESSAGE][PASSED] - Object 'Object Repository/CERTPAY_QUICKSTI/Payment_Information_Page/PAYMENT_AMOUNT' is present

2020-09-14 16:03:36 - [MESSAGE][PASSED] - Object 'Object Repository/CERTPAY_QUICKSTI/Payment_Information_Page/PAYMENT_AMOUNT' is visible

2020-09-14 16:03:36 - [MESSAGE][PASSED] - Object 'Object Repository/CERTPAY_QUICKSTI/Payment_Information_Page/PAYMENT_AMOUNT' is present

2020-09-14 16:03:37 - [MESSAGE][PASSED] - Text '30.00' is set on object 'Object Repository/CERTPAY_QUICKSTI/Payment_Information_Page/PAYMENT_AMOUNT'

2020-09-14 16:03:37 - [MESSAGE][PASSED] - Quicksti_Samday_Refunds_Admin.ts:Entered'30.00 into amount

2020-09-14 16:03:38 - [MESSAGE][PASSED] - Object 'Object Repository/CERTPAY_QUICKSTI/Payment_Information_Page/QUANTITY' is present

2020-09-14 16:03:38 - [MESSAGE][PASSED] - Object 'Object Repository/CERTPAY_QUICKSTI/Payment_Information_Page/QUANTITY' is visible

2020-09-14 16:03:38 - [MESSAGE][PASSED] - Object 'Object Repository/CERTPAY_QUICKSTI/Payment_Information_Page/QUANTITY' is present

2020-09-14 16:03:40 - [MESSAGE][PASSED] - Text '1' is set on object 'Object Repository/CERTPAY_QUICKSTI/Payment_Information_Page/QUANTITY'

2020-09-14 16:03:40 - [MESSAGE][PASSED] - Quicksti_Samday_Refunds_Admin.ts:Entered'1 into Quantity

2020-09-14 16:03:40 - [TEST_STEP][PASSED] - utilities.SafeActions.safeType(findTestObject("CERTPAY_QUICKSTI/Payment_Information_Page/REFRENCE_NUMBER"), referenceNum, "Reference Number", [pageLoadTime]): Quicksti_Samday_Refunds_Admin.ts:Entered'13 into Reference Number

2020-09-14 16:03:40 - [MESSAGE][PASSED] - Object 'Object Repository/CERTPAY_QUICKSTI/Payment_Information_Page/REFRENCE_NUMBER' is present

2020-09-14 16:03:41 - [MESSAGE][PASSED] - Object 'Object Repository/CERTPAY_QUICKSTI/Payment_Information_Page/REFRENCE_NUMBER' is visible

2020-09-14 16:03:41 - [MESSAGE][PASSED] - Object 'Object Repository/CERTPAY_QUICKSTI/Payment_Information_Page/REFRENCE_NUMBER' is present

2020-09-14 16:03:44 - [MESSAGE][PASSED] - Text '13' is set on object 'Object Repository/CERTPAY_QUICKSTI/Payment_Information_Page/REFRENCE_NUMBER'

2020-09-14 16:03:44 - [MESSAGE][PASSED] - Quicksti_Samday_Refunds_Admin.ts:Entered'13 into Reference Number

2020-09-14 16:03:44 - [TEST_STEP][PASSED] - amount_Value = pages.Quicksti.getAttributeValue(findTestObject("CERTPAY_QUICKSTI/Payment_Information_Page/SUB_TOTAL")): pages.Quicksti.getAttributeValue is PASSED

2020-09-14 16:03:46 - [MESSAGE][PASSED] - Attribute 'value' of object 'Object Repository/CERTPAY_QUICKSTI/Payment_Information_Page/SUB_TOTAL' is: '30.00'

2020-09-14 16:03:46 - [MESSAGE][PASSED] - pages.Quicksti.getAttributeValue is PASSED

2020-09-14 16:03:46 - [TEST_STEP][PASSED] - utilities.SafeActions.safeType(findTestObject("CERTPAY_QUICKSTI/Payment_Information_Page/COMMENTS"), "Testing", "Comments", [pageLoadTime]): Quicksti_Samday_Refunds_Admin.ts:Entered'Testing into Comments

2020-09-14 16:03:47 - [MESSAGE][PASSED] - Object 'Object Repository/CERTPAY_QUICKSTI/Payment_Information_Page/COMMENTS' is present

2020-09-14 16:03:50 - [MESSAGE][PASSED] - Object 'Object Repository/CERTPAY_QUICKSTI/Payment_Information_Page/COMMENTS' is visible

2020-09-14 16:03:52 - [MESSAGE][PASSED] - Object 'Object Repository/CERTPAY_QUICKSTI/Payment_Information_Page/COMMENTS' is present

2020-09-14 16:03:56 - [MESSAGE][PASSED] - Text 'Testing' is set on object 'Object Repository/CERTPAY_QUICKSTI/Payment_Information_Page/COMMENTS'

2020-09-14 16:03:56 - [MESSAGE][PASSED] - Quicksti_Samday_Refunds_Admin.ts:Entered'Testing into Comments

2020-09-14 16:03:56 - [TEST_STEP][PASSED] - utilities.SafeActions.safeType(findTestObject("CERTPAY_QUICKSTI/Payment_Information_Page/ADDRESS"), address, "Address", [pageLoadTime]): Quicksti_Samday_Refunds_Admin.ts:Entered'14-2 into Address

2020-09-14 16:03:58 - [MESSAGE][PASSED] - Object 'Object Repository/CERTPAY_QUICKSTI/Payment_Information_Page/ADDRESS' is present

2020-09-14 16:04:00 - [MESSAGE][PASSED] - Object 'Object Repository/CERTPAY_QUICKSTI/Payment_Information_Page/ADDRESS' is visible

2020-09-14 16:04:02 - [MESSAGE][PASSED] - Object 'Object Repository/CERTPAY_QUICKSTI/Payment_Information_Page/ADDRESS' is present

2020-09-14 16:04:06 - [MESSAGE][PASSED] - Text '14-2' is set on object 'Object Repository/CERTPAY_QUICKSTI/Payment_Information_Page/ADDRESS'

2020-09-14 16:04:06 - [MESSAGE][PASSED] - Quicksti_Samday_Refunds_Admin.ts:Entered'14-2 into Address

2020-09-14 16:04:06 - [TEST_STEP][PASSED] - utilities.SafeActions.safeType(findTestObject("CERTPAY_QUICKSTI/Payment_Information_Page/ZIP_CODE"), zipCode, "zipcode", [pageLoadTime]): Quicksti_Samday_Refunds_Admin.ts:Entered'76102 into zipcode

2020-09-14 16:04:08 - [MESSAGE][PASSED] - Object 'Object Repository/CERTPAY_QUICKSTI/Payment_Information_Page/ZIP_CODE' is present

2020-09-14 16:04:10 - [MESSAGE][PASSED] - Object 'Object Repository/CERTPAY_QUICKSTI/Payment_Information_Page/ZIP_CODE' is visible

2020-09-14 16:04:11 - [MESSAGE][PASSED] - Object 'Object Repository/CERTPAY_QUICKSTI/Payment_Information_Page/ZIP_CODE' is present

2020-09-14 16:04:16 - [MESSAGE][PASSED] - Text '76102' is set on object 'Object Repository/CERTPAY_QUICKSTI/Payment_Information_Page/ZIP_CODE'

2020-09-14 16:04:16 - [MESSAGE][PASSED] - Quicksti_Samday_Refunds_Admin.ts:Entered'76102 into zipcode

2020-09-14 16:04:16 - [TEST_STEP][PASSED] - utilities.SafeActions.safeType(findTestObject("CERTPAY_QUICKSTI/Payment_Information_Page/TELEPHONE"), telephone, "Telephone", [pageLoadTime]): Quicksti_Samday_Refunds_Admin.ts:Entered'9989897654 into Telephone

2020-09-14 16:04:18 - [MESSAGE][PASSED] - Object 'Object Repository/CERTPAY_QUICKSTI/Payment_Information_Page/TELEPHONE' is present

2020-09-14 16:04:20 - [MESSAGE][PASSED] - Object 'Object Repository/CERTPAY_QUICKSTI/Payment_Information_Page/TELEPHONE' is visible

2020-09-14 16:04:22 - [MESSAGE][PASSED] - Object 'Object Repository/CERTPAY_QUICKSTI/Payment_Information_Page/TELEPHONE' is present

2020-09-14 16:04:26 - [MESSAGE][PASSED] - Text '9989897654' is set on object 'Object Repository/CERTPAY_QUICKSTI/Payment_Information_Page/TELEPHONE'

2020-09-14 16:04:26 - [MESSAGE][PASSED] - Quicksti_Samday_Refunds_Admin.ts:Entered'9989897654 into Telephone

2020-09-14 16:04:26 - [TEST_STEP][PASSED] - utilities.SafeActions.safeType(findTestObject("CERTPAY_QUICKSTI/Payment_Information_Page/EMAIL_ADDRESS"), emailAddress, "EMAIL address", [pageLoadTime]): Quicksti_Samday_Refunds_Admin.ts:Entered'testing@zenq.com into EMAIL address

2020-09-14 16:04:28 - [MESSAGE][PASSED] - Object 'Object Repository/CERTPAY_QUICKSTI/Payment_Information_Page/EMAIL_ADDRESS' is present

2020-09-14 16:04:30 - [MESSAGE][PASSED] - Object 'Object Repository/CERTPAY_QUICKSTI/Payment_Information_Page/EMAIL_ADDRESS' is visible

2020-09-14 16:04:32 - [MESSAGE][PASSED] - Object 'Object Repository/CERTPAY_QUICKSTI/Payment_Information_Page/EMAIL_ADDRESS' is present

2020-09-14 16:04:36 - [MESSAGE][PASSED] - Text 'testing@zenq.com' is set on object 'Object Repository/CERTPAY_QUICKSTI/Payment_Information_Page/EMAIL_ADDRESS'

2020-09-14 16:04:36 - [MESSAGE][PASSED] - Quicksti_Samday_Refunds_Admin.ts:Entered'testing@zenq.com into EMAIL address

2020-09-14 16:04:36 - [TEST_STEP][PASSED] - utilities.SafeActions.safeClick(findTestObject("CERTPAY_QUICKSTI/Payment_Information_Page/NEXT_BUTTON"), "Next", [pageLoadTime]): Quicksti_Samday_Refunds_Admin.ts:Clicked on the Next

2020-09-14 16:04:36 - [MESSAGE][INFO] - safeClicking

2020-09-14 16:04:38 - [MESSAGE][PASSED] - Object 'Object Repository/CERTPAY_QUICKSTI/Payment_Information_Page/NEXT_BUTTON' is present

2020-09-14 16:04:40 - [MESSAGE][PASSED] - Object 'Object Repository/CERTPAY_QUICKSTI/Payment_Information_Page/NEXT_BUTTON' is clickable

2020-09-14 16:04:45 - [MESSAGE][PASSED] - Object: 'Object Repository/CERTPAY_QUICKSTI/Payment_Information_Page/NEXT_BUTTON' is clicked on

2020-09-14 16:04:45 - [MESSAGE][PASSED] - Quicksti_Samday_Refunds_Admin.ts:Clicked on the Next

2020-09-14 16:04:45 - [TEST_STEP][PASSED] - pages.Quicksti.verifyUserPaymentDetails(paymentAmount, firstName, lastName, CardNumber): pages.Quicksti.verifyUserPaymentDetails is PASSED

2020-09-14 16:04:48 - [MESSAGE][PASSED] - Text of object 'Object Repository/CERTPAY_QUICKSTI/Payment_Details_Verification_Page/AMOUNT' is: '$30.00'

2020-09-14 16:04:48 - [MESSAGE][PASSED] - Actual text '30.00' and expected text '30.00' are matched  using regular expression

2020-09-14 16:04:50 - [MESSAGE][PASSED] - Text of object 'Object Repository/CERTPAY_QUICKSTI/Payment_Details_Verification_Page/NAME' is: 'Tester Zenq1'

2020-09-14 16:04:50 - [MESSAGE][PASSED] - Actual text 'Tester Zenq1' and expected text 'Tester Zenq1' are matched  using regular expression

2020-09-14 16:04:52 - [MESSAGE][PASSED] - Text of object 'Object Repository/CERTPAY_QUICKSTI/Payment_Details_Verification_Page/CARD_NUMBER' is: '...0018'

2020-09-14 16:04:52 - [MESSAGE][PASSED] - Actual text '0018' and expected text '0018' are matched  using regular expression

2020-09-14 16:04:52 - [MESSAGE][PASSED] - pages.Quicksti.verifyUserPaymentDetails is PASSED

2020-09-14 16:04:52 - [TEST_STEP][PASSED] - delay(2): Delayed 2 second(s)

2020-09-14 16:04:54 - [MESSAGE][PASSED] - Delayed 2 second(s)

2020-09-14 16:04:54 - [TEST_STEP][PASSED] - scrollToElement(findTestObject("CERTPAY_QUICKSTI/Payment_Details_Verification_Page/PROCESS"), 30): Scroll to object 'Object Repository/CERTPAY_QUICKSTI/Payment_Details_Verification_Page/PROCESS' successfully

2020-09-14 16:04:56 - [MESSAGE][PASSED] - Scroll to object 'Object Repository/CERTPAY_QUICKSTI/Payment_Details_Verification_Page/PROCESS' successfully

2020-09-14 16:04:56 - [TEST_STEP][PASSED] - utilities.SafeActions.safeClick(findTestObject("CERTPAY_QUICKSTI/Payment_Details_Verification_Page/PROCESS"), "Process", [pageLoadTime]): Quicksti_Samday_Refunds_Admin.ts:Clicked on the Process

2020-09-14 16:04:56 - [MESSAGE][INFO] - safeClicking

2020-09-14 16:04:58 - [MESSAGE][PASSED] - Object 'Object Repository/CERTPAY_QUICKSTI/Payment_Details_Verification_Page/PROCESS' is present

2020-09-14 16:05:00 - [MESSAGE][PASSED] - Object 'Object Repository/CERTPAY_QUICKSTI/Payment_Details_Verification_Page/PROCESS' is clickable

2020-09-14 16:05:04 - [MESSAGE][PASSED] - Object: 'Object Repository/CERTPAY_QUICKSTI/Payment_Details_Verification_Page/PROCESS' is clicked on

2020-09-14 16:05:04 - [MESSAGE][PASSED] - Quicksti_Samday_Refunds_Admin.ts:Clicked on the Process

2020-09-14 16:05:04 - [TEST_STEP][FAILED] - paymentId = pages.Quicksti.verifyPaymentApproval(findTestObject("CERTPAY_QUICKSTI/Payment_Details_Verification_Page/APPROVED")): Unable to get text of object 'Object Repository/CERTPAY_QUICKSTI/Payment_Details_Verification_Page/PAYMENT_ID'

2020-09-14 16:05:44 - [MESSAGE][INFO] - Unable to find the element located by 'By.xpath: //td[@class='invoiceItem col-xs-12 col-sm-5']//span[5]'. Please recheck the objects properties to make sure the desired element is located. 

2020-09-14 16:05:45 - [MESSAGE][FAILED] - Unable to get text of object 'Object Repository/CERTPAY_QUICKSTI/Payment_Details_Verification_Page/PAYMENT_ID' (Root cause: com.kms.katalon.core.exception.StepFailedException: Unable to get text of object 'Object Repository/CERTPAY_QUICKSTI/Payment_Details_Verification_Page/PAYMENT_ID'
	at com.kms.katalon.core.webui.keyword.internal.WebUIKeywordMain.stepFailed(WebUIKeywordMain.groovy:64)
	at com.kms.katalon.core.webui.keyword.internal.WebUIKeywordMain.runKeyword(WebUIKeywordMain.groovy:26)
	at com.kms.katalon.core.webui.keyword.builtin.GetTextKeyword.getText(GetTextKeyword.groovy:88)
	at com.kms.katalon.core.webui.keyword.builtin.GetTextKeyword.execute(GetTextKeyword.groovy:67)
	at com.kms.katalon.core.keyword.internal.KeywordExecutor.executeKeywordForPlatform(KeywordExecutor.groovy:72)
	at com.kms.katalon.core.webui.keyword.WebUiBuiltInKeywords.getText(WebUiBuiltInKeywords.groovy:888)
	at com.kms.katalon.core.webui.keyword.WebUiBuiltInKeywords$getText$10.call(Unknown Source)
	at pages.Quicksti.verifyPaymentApproval(Quicksti.groovy:162)
	at pages.Quicksti.invokeMethod(Quicksti.groovy)
	at com.kms.katalon.core.main.CustomKeywordDelegatingMetaClass.invokeStaticMethod(CustomKeywordDelegatingMetaClass.java:50)
	at TC_002_VISA_Sameday_PartialRefund.run(TC_002_VISA_Sameday_PartialRefund:111)
	at com.kms.katalon.core.main.ScriptEngine.run(ScriptEngine.java:194)
	at com.kms.katalon.core.main.ScriptEngine.runScriptAsRawText(ScriptEngine.java:119)
	at com.kms.katalon.core.main.TestCaseExecutor.runScript(TestCaseExecutor.java:337)
	at com.kms.katalon.core.main.TestCaseExecutor.doExecute(TestCaseExecutor.java:328)
	at com.kms.katalon.core.main.TestCaseExecutor.processExecutionPhase(TestCaseExecutor.java:307)
	at com.kms.katalon.core.main.TestCaseExecutor.accessMainPhase(TestCaseExecutor.java:299)
	at com.kms.katalon.core.main.TestCaseExecutor.execute(TestCaseExecutor.java:233)
	at com.kms.katalon.core.main.TestSuiteExecutor.accessTestCaseMainPhase(TestSuiteExecutor.java:169)
	at com.kms.katalon.core.main.TestSuiteExecutor.accessTestSuiteMainPhase(TestSuiteExecutor.java:142)
	at com.kms.katalon.core.main.TestSuiteExecutor.execute(TestSuiteExecutor.java:91)
	at com.kms.katalon.core.main.TestCaseMain.startTestSuite(TestCaseMain.java:157)
	at com.kms.katalon.core.main.TestCaseMain$startTestSuite$0.call(Unknown Source)
	at TempTestSuite1600078706904.run(TempTestSuite1600078706904.groovy:36)
Caused by: com.kms.katalon.core.webui.exception.WebElementNotFoundException: Web element with id: 'Object Repository/CERTPAY_QUICKSTI/Payment_Details_Verification_Page/PAYMENT_ID' located by 'By.xpath: //td[@class='invoiceItem col-xs-12 col-sm-5']//span[5]' not found
	at com.kms.katalon.core.webui.common.WebUiCommonHelper.findWebElement(WebUiCommonHelper.java:1154)
	at com.kms.katalon.core.webui.keyword.internal.WebUIAbstractKeyword.findWebElement(WebUIAbstractKeyword.groovy:27)
	at com.kms.katalon.core.webui.keyword.internal.WebUIAbstractKeyword.findWebElement(WebUIAbstractKeyword.groovy:26)
	at com.kms.katalon.core.webui.keyword.builtin.GetTextKeyword$_getText_closure1.doCall(GetTextKeyword.groovy:78)
	at com.kms.katalon.core.webui.keyword.builtin.GetTextKeyword$_getText_closure1.call(GetTextKeyword.groovy)
	at com.kms.katalon.core.webui.keyword.internal.WebUIKeywordMain.runKeyword(WebUIKeywordMain.groovy:20)
	at com.kms.katalon.core.webui.keyword.builtin.GetTextKeyword.getText(GetTextKeyword.groovy:88)
	at com.kms.katalon.core.webui.keyword.builtin.GetTextKeyword.execute(GetTextKeyword.groovy:67)
	at com.kms.katalon.core.keyword.internal.KeywordExecutor.executeKeywordForPlatform(KeywordExecutor.groovy:72)
	at com.kms.katalon.core.webui.keyword.WebUiBuiltInKeywords.getText(WebUiBuiltInKeywords.groovy:888)
	at com.kms.katalon.core.webui.keyword.WebUiBuiltInKeywords$getText$10.call(Unknown Source)
	at pages.Quicksti.verifyPaymentApproval(Quicksti.groovy:162)
	at pages.Quicksti.invokeMethod(Quicksti.groovy)
	at com.kms.katalon.core.main.CustomKeywordDelegatingMetaClass.invokeStaticMethod(CustomKeywordDelegatingMetaClass.java:50)
	at Script1599466069002.run(Script1599466069002.groovy:111)
	... 13 more
)
[[ATTACHMENT|E:\\Sush_Certpay\\Reports\\20200914_154825\\Certpay_testSuite\\Quicksti_Samday_Refunds_Admin\\20200914_154826\\1600079744519.png]]

2020-09-14 16:05:45 - [MESSAGE][FAILED] - Unable to get text of object 'Object Repository/CERTPAY_QUICKSTI/Payment_Details_Verification_Page/PAYMENT_ID'

2020-09-14 16:05:45 - [TEST_STEP][PASSED] - Start listener action : afterTestCase: Browser is closed

2020-09-14 16:05:45 - [TEST_STEP][PASSED] - closeBrowser(): Browser is closed

2020-09-14 16:05:45 - [MESSAGE][PASSED] - Browser is closed]]></system-out>
         <system-err><![CDATA[2020-09-14 15:58:48 - [TEST_CASE][FAILED] - Test Cases/SameDay_Refunds_Admin/TC_002_VISA_Sameday_PartialRefund: Test Cases/SameDay_Refunds_Admin/TC_002_VISA_Sameday_PartialRefund FAILED.
Reason:
com.kms.katalon.core.exception.StepFailedException: Unable to get text of object 'Object Repository/CERTPAY_QUICKSTI/Payment_Details_Verification_Page/PAYMENT_ID'
	at com.kms.katalon.core.webui.keyword.internal.WebUIKeywordMain.stepFailed(WebUIKeywordMain.groovy:64)
	at com.kms.katalon.core.webui.keyword.internal.WebUIKeywordMain.runKeyword(WebUIKeywordMain.groovy:26)
	at com.kms.katalon.core.webui.keyword.builtin.GetTextKeyword.getText(GetTextKeyword.groovy:88)
	at com.kms.katalon.core.webui.keyword.builtin.GetTextKeyword.execute(GetTextKeyword.groovy:67)
	at com.kms.katalon.core.keyword.internal.KeywordExecutor.executeKeywordForPlatform(KeywordExecutor.groovy:72)
	at com.kms.katalon.core.webui.keyword.WebUiBuiltInKeywords.getText(WebUiBuiltInKeywords.groovy:888)
	at com.kms.katalon.core.webui.keyword.WebUiBuiltInKeywords$getText$10.call(Unknown Source)
	at pages.Quicksti.verifyPaymentApproval(Quicksti.groovy:162)
	at pages.Quicksti.invokeMethod(Quicksti.groovy)
	at com.kms.katalon.core.main.CustomKeywordDelegatingMetaClass.invokeStaticMethod(CustomKeywordDelegatingMetaClass.java:50)
	at TC_002_VISA_Sameday_PartialRefund.run(TC_002_VISA_Sameday_PartialRefund:111)
	at com.kms.katalon.core.main.ScriptEngine.run(ScriptEngine.java:194)
	at com.kms.katalon.core.main.ScriptEngine.runScriptAsRawText(ScriptEngine.java:119)
	at com.kms.katalon.core.main.TestCaseExecutor.runScript(TestCaseExecutor.java:337)
	at com.kms.katalon.core.main.TestCaseExecutor.doExecute(TestCaseExecutor.java:328)
	at com.kms.katalon.core.main.TestCaseExecutor.processExecutionPhase(TestCaseExecutor.java:307)
	at com.kms.katalon.core.main.TestCaseExecutor.accessMainPhase(TestCaseExecutor.java:299)
	at com.kms.katalon.core.main.TestCaseExecutor.execute(TestCaseExecutor.java:233)
	at com.kms.katalon.core.main.TestSuiteExecutor.accessTestCaseMainPhase(TestSuiteExecutor.java:169)
	at com.kms.katalon.core.main.TestSuiteExecutor.accessTestSuiteMainPhase(TestSuiteExecutor.java:142)
	at com.kms.katalon.core.main.TestSuiteExecutor.execute(TestSuiteExecutor.java:91)
	at com.kms.katalon.core.main.TestCaseMain.startTestSuite(TestCaseMain.java:157)
	at com.kms.katalon.core.main.TestCaseMain$startTestSuite$0.call(Unknown Source)
	at TempTestSuite1600078706904.run(TempTestSuite1600078706904.groovy:36)
Caused by: com.kms.katalon.core.webui.exception.WebElementNotFoundException: Web element with id: 'Object Repository/CERTPAY_QUICKSTI/Payment_Details_Verification_Page/PAYMENT_ID' located by 'By.xpath: //td[@class='invoiceItem col-xs-12 col-sm-5']//span[5]' not found
	at com.kms.katalon.core.webui.common.WebUiCommonHelper.findWebElement(WebUiCommonHelper.java:1154)
	at com.kms.katalon.core.webui.keyword.internal.WebUIAbstractKeyword.findWebElement(WebUIAbstractKeyword.groovy:27)
	at com.kms.katalon.core.webui.keyword.internal.WebUIAbstractKeyword.findWebElement(WebUIAbstractKeyword.groovy:26)
	at com.kms.katalon.core.webui.keyword.builtin.GetTextKeyword$_getText_closure1.doCall(GetTextKeyword.groovy:78)
	at com.kms.katalon.core.webui.keyword.builtin.GetTextKeyword$_getText_closure1.call(GetTextKeyword.groovy)
	at com.kms.katalon.core.webui.keyword.internal.WebUIKeywordMain.runKeyword(WebUIKeywordMain.groovy:20)
	... 22 more]]></system-err>
      </testcase>
      <system-out><![CDATA[2020-09-14 15:48:47 - [TEST_SUITE][FAILED] - Quicksti_Samday_Refunds_Admin: Test Cases/SameDay_Refunds_Admin/TC_001_VISA_Sameday_FullRefund FAILED.
Reason:
com.kms.katalon.core.exception.StepFailedException: Unable to verify object 'Object Repository/CERTPAY_QUICKSTI/Payment_Information_Page/FIRST_NAME' is visible
	at com.kms.katalon.core.webui.keyword.internal.WebUIKeywordMain.stepFailed(WebUIKeywordMain.groovy:64)
	at com.kms.katalon.core.webui.keyword.internal.WebUIKeywordMain.runKeyword(WebUIKeywordMain.groovy:26)
	at com.kms.katalon.core.webui.keyword.builtin.VerifyElementVisibleKeyword.verifyElementVisible(VerifyElementVisibleKeyword.groovy:97)
	at com.kms.katalon.core.webui.keyword.builtin.VerifyElementVisibleKeyword.execute(VerifyElementVisibleKeyword.groovy:67)
	at com.kms.katalon.core.keyword.internal.KeywordExecutor.executeKeywordForPlatform(KeywordExecutor.groovy:72)
	at com.kms.katalon.core.webui.keyword.WebUiBuiltInKeywords.verifyElementVisible(WebUiBuiltInKeywords.groovy:372)
	at com.kms.katalon.core.webui.keyword.WebUiBuiltInKeywords$verifyElementVisible$2.call(Unknown Source)
	at utilities.SafeActions.safeType(SafeActions.groovy:109)
	at pages.Quicksti.setUserPaymentDetails(Quicksti.groovy:46)
	at pages.Quicksti.invokeMethod(Quicksti.groovy)
	at com.kms.katalon.core.main.CustomKeywordDelegatingMetaClass.invokeStaticMethod(CustomKeywordDelegatingMetaClass.java:50)
	at TC_001_VISA_Sameday_FullRefund.run(TC_001_VISA_Sameday_FullRefund:58)
	at com.kms.katalon.core.main.ScriptEngine.run(ScriptEngine.java:194)
	at com.kms.katalon.core.main.ScriptEngine.runScriptAsRawText(ScriptEngine.java:119)
	at com.kms.katalon.core.main.TestCaseExecutor.runScript(TestCaseExecutor.java:337)
	at com.kms.katalon.core.main.TestCaseExecutor.doExecute(TestCaseExecutor.java:328)
	at com.kms.katalon.core.main.TestCaseExecutor.processExecutionPhase(TestCaseExecutor.java:307)
	at com.kms.katalon.core.main.TestCaseExecutor.accessMainPhase(TestCaseExecutor.java:299)
	at com.kms.katalon.core.main.TestCaseExecutor.execute(TestCaseExecutor.java:233)
	at com.kms.katalon.core.main.TestSuiteExecutor.accessTestCaseMainPhase(TestSuiteExecutor.java:169)
	at com.kms.katalon.core.main.TestSuiteExecutor.accessTestSuiteMainPhase(TestSuiteExecutor.java:142)
	at com.kms.katalon.core.main.TestSuiteExecutor.execute(TestSuiteExecutor.java:91)
	at com.kms.katalon.core.main.TestCaseMain.startTestSuite(TestCaseMain.java:157)
	at com.kms.katalon.core.main.TestCaseMain$startTestSuite$0.call(Unknown Source)
	at TempTestSuite1600078706904.run(TempTestSuite1600078706904.groovy:36)
Caused by: com.kms.katalon.core.exception.StepFailedException: Web element with id: 'Object Repository/CERTPAY_QUICKSTI/Payment_Information_Page/FIRST_NAME' located by 'By.xpath: //input[@id='txtFirstName']' not found
	at com.kms.katalon.core.webui.keyword.internal.WebUIKeywordMain.stepFailed(WebUIKeywordMain.groovy:64)
	at com.kms.katalon.core.webui.keyword.builtin.VerifyElementVisibleKeyword$_verifyElementVisible_closure1.doCall(VerifyElementVisibleKeyword.groovy:89)
	at com.kms.katalon.core.webui.keyword.builtin.VerifyElementVisibleKeyword$_verifyElementVisible_closure1.call(VerifyElementVisibleKeyword.groovy)
	at com.kms.katalon.core.webui.keyword.internal.WebUIKeywordMain.runKeyword(WebUIKeywordMain.groovy:20)
	... 23 more]]></system-out>
      <system-err><![CDATA[2020-09-14 15:48:47 - [TEST_SUITE][FAILED] - Quicksti_Samday_Refunds_Admin: Test Cases/SameDay_Refunds_Admin/TC_001_VISA_Sameday_FullRefund FAILED.
Reason:
com.kms.katalon.core.exception.StepFailedException: Unable to verify object 'Object Repository/CERTPAY_QUICKSTI/Payment_Information_Page/FIRST_NAME' is visible
	at com.kms.katalon.core.webui.keyword.internal.WebUIKeywordMain.stepFailed(WebUIKeywordMain.groovy:64)
	at com.kms.katalon.core.webui.keyword.internal.WebUIKeywordMain.runKeyword(WebUIKeywordMain.groovy:26)
	at com.kms.katalon.core.webui.keyword.builtin.VerifyElementVisibleKeyword.verifyElementVisible(VerifyElementVisibleKeyword.groovy:97)
	at com.kms.katalon.core.webui.keyword.builtin.VerifyElementVisibleKeyword.execute(VerifyElementVisibleKeyword.groovy:67)
	at com.kms.katalon.core.keyword.internal.KeywordExecutor.executeKeywordForPlatform(KeywordExecutor.groovy:72)
	at com.kms.katalon.core.webui.keyword.WebUiBuiltInKeywords.verifyElementVisible(WebUiBuiltInKeywords.groovy:372)
	at com.kms.katalon.core.webui.keyword.WebUiBuiltInKeywords$verifyElementVisible$2.call(Unknown Source)
	at utilities.SafeActions.safeType(SafeActions.groovy:109)
	at pages.Quicksti.setUserPaymentDetails(Quicksti.groovy:46)
	at pages.Quicksti.invokeMethod(Quicksti.groovy)
	at com.kms.katalon.core.main.CustomKeywordDelegatingMetaClass.invokeStaticMethod(CustomKeywordDelegatingMetaClass.java:50)
	at TC_001_VISA_Sameday_FullRefund.run(TC_001_VISA_Sameday_FullRefund:58)
	at com.kms.katalon.core.main.ScriptEngine.run(ScriptEngine.java:194)
	at com.kms.katalon.core.main.ScriptEngine.runScriptAsRawText(ScriptEngine.java:119)
	at com.kms.katalon.core.main.TestCaseExecutor.runScript(TestCaseExecutor.java:337)
	at com.kms.katalon.core.main.TestCaseExecutor.doExecute(TestCaseExecutor.java:328)
	at com.kms.katalon.core.main.TestCaseExecutor.processExecutionPhase(TestCaseExecutor.java:307)
	at com.kms.katalon.core.main.TestCaseExecutor.accessMainPhase(TestCaseExecutor.java:299)
	at com.kms.katalon.core.main.TestCaseExecutor.execute(TestCaseExecutor.java:233)
	at com.kms.katalon.core.main.TestSuiteExecutor.accessTestCaseMainPhase(TestSuiteExecutor.java:169)
	at com.kms.katalon.core.main.TestSuiteExecutor.accessTestSuiteMainPhase(TestSuiteExecutor.java:142)
	at com.kms.katalon.core.main.TestSuiteExecutor.execute(TestSuiteExecutor.java:91)
	at com.kms.katalon.core.main.TestCaseMain.startTestSuite(TestCaseMain.java:157)
	at com.kms.katalon.core.main.TestCaseMain$startTestSuite$0.call(Unknown Source)
	at TempTestSuite1600078706904.run(TempTestSuite1600078706904.groovy:36)
Caused by: com.kms.katalon.core.exception.StepFailedException: Web element with id: 'Object Repository/CERTPAY_QUICKSTI/Payment_Information_Page/FIRST_NAME' located by 'By.xpath: //input[@id='txtFirstName']' not found
	at com.kms.katalon.core.webui.keyword.internal.WebUIKeywordMain.stepFailed(WebUIKeywordMain.groovy:64)
	at com.kms.katalon.core.webui.keyword.builtin.VerifyElementVisibleKeyword$_verifyElementVisible_closure1.doCall(VerifyElementVisibleKeyword.groovy:89)
	at com.kms.katalon.core.webui.keyword.builtin.VerifyElementVisibleKeyword$_verifyElementVisible_closure1.call(VerifyElementVisibleKeyword.groovy)
	at com.kms.katalon.core.webui.keyword.internal.WebUIKeywordMain.runKeyword(WebUIKeywordMain.groovy:20)
	... 23 more]]></system-err>
   </testsuite>
</testsuites>
