<?xml version="1.0" encoding="UTF-8"?>
<testsuites name="Consumer_Payment_Making" time="1506.519" tests="6" failures="0" errors="0">
   <testsuite name="Consumer_Payment_Making" tests="6" failures="0" errors="0" time="1506.519" timestamp="2020-10-16 14:12:49" hostname="admin - SYS8" id="Test Suites/Certpay_testSuite/Consumer_Payment_Making">
      <properties>
         <property name="deviceName" value=""/>
         <property name="devicePlatform" value=""/>
         <property name="logFolder" value="E:\\Sush_Certpay\\Reports\\20201016_141244\\Certpay_testSuite\\Consumer_Payment_Making\\20201016_141244"/>
         <property name="logFiles" value="E:\\Sush_Certpay\\Reports\\20201016_141244\\Certpay_testSuite\\Consumer_Payment_Making\\20201016_141244\\execution0.log"/>
         <property name="attachments" value="E:\\Sush_Certpay\\Reports\\20201016_141244\\Certpay_testSuite\\Consumer_Payment_Making\\20201016_141244\\1602838578157.png, E:\\Sush_Certpay\\Reports\\20201016_141244\\Certpay_testSuite\\Consumer_Payment_Making\\20201016_141244\\1602838810163.png, E:\\Sush_Certpay\\Reports\\20201016_141244\\Certpay_testSuite\\Consumer_Payment_Making\\20201016_141244\\1602839082452.png, E:\\Sush_Certpay\\Reports\\20201016_141244\\Certpay_testSuite\\Consumer_Payment_Making\\20201016_141244\\1602839246716.png"/>
         <property name="hostName" value="admin - SYS8"/>
         <property name="os" value="Windows 10 32bit"/>
         <property name="katalonVersion" value="7.1.2.1"/>
         <property name="browser" value="Chrome 86.0.4240.75"/>
         <property name="hostAddress" value="172.31.253.251"/>
         <property name="sessionId" value="1460ae6e52d8830100455e9b37d5358b"/>
         <property name="seleniumVersion" value="3.141.59"/>
         <property name="proxyInformation" value="ProxyInformation{proxyOption=NO_PROXY, proxyServerType=HTTP, password=, proxyServerAddress=, proxyServerPort=0, executionList=}"/>
         <property name="platform" value="Windows 10"/>
      </properties>
      <testcase name="Test Cases/Consumer_Make_Payment/TC_001_Credit_SingleLine_Payment" time="275.25" classname="Test Cases/Consumer_Make_Payment/TC_001_Credit_SingleLine_Payment" status="PASSED">
         <system-out><![CDATA[2020-10-16 14:12:49 - [TEST_CASE][PASSED] - Test Cases/Consumer_Make_Payment/TC_001_Credit_SingleLine_Payment: Test Cases/Consumer_Make_Payment/TC_001_Credit_SingleLine_Payment

2020-10-16 14:12:50 - [TEST_STEP][PASSED] - Start listener action : beforeTestCase: null

2020-10-16 14:12:50 - [TEST_STEP][PASSED] - utilities.SafeActions.openBrowser(certpay_url, [pageLoadTime]): Browser launched successfully

2020-10-16 14:12:50 - [MESSAGE][INFO] - Opening Browser

2020-10-16 14:12:51 - [MESSAGE][INFO] - Starting 'Chrome' driver

2020-10-16 14:12:51 - [MESSAGE][INFO] - Action delay is set to 0 seconds

2020-10-16 14:13:13 - [MESSAGE][PASSED] - Browser is opened with url: 'https://qa-certpay.faps.net/'

2020-10-16 14:13:15 - [MESSAGE][PASSED] - Current window maximized

2020-10-16 14:13:15 - [MESSAGE][PASSED] - Browser launched successfully

2020-10-16 14:13:15 - [TEST_STEP][PASSED] - utilities.SafeActions.safeType(findTestObject("MAKE_ PAYMENT/Home_ Page/BUREAU_CODE"), bureauCode, "Bureau code", [pageLoadTime]): Consumer_Payment_Making.ts:Entered'6100000 into Bureau code

2020-10-16 14:13:16 - [MESSAGE][PASSED] - Object 'Object Repository/MAKE_ PAYMENT/Home_ Page/BUREAU_CODE' is present

2020-10-16 14:13:16 - [MESSAGE][PASSED] - Object 'Object Repository/MAKE_ PAYMENT/Home_ Page/BUREAU_CODE' is visible

2020-10-16 14:13:16 - [MESSAGE][PASSED] - Object 'Object Repository/MAKE_ PAYMENT/Home_ Page/BUREAU_CODE' is present

2020-10-16 14:13:18 - [MESSAGE][PASSED] - Text '6100000' is set on object 'Object Repository/MAKE_ PAYMENT/Home_ Page/BUREAU_CODE'

2020-10-16 14:13:18 - [MESSAGE][PASSED] - Consumer_Payment_Making.ts:Entered'6100000 into Bureau code

2020-10-16 14:13:18 - [TEST_STEP][PASSED] - utilities.SafeActions.safeClick(findTestObject("MAKE_ PAYMENT/Home_ Page/BEGIN_PAYMENT"), "Begin payment", [pageLoadTime]): Consumer_Payment_Making.ts:Clicked on the Begin payment

2020-10-16 14:13:18 - [MESSAGE][INFO] - safeClicking

2020-10-16 14:13:18 - [MESSAGE][PASSED] - Object 'Object Repository/MAKE_ PAYMENT/Home_ Page/BEGIN_PAYMENT' is present

2020-10-16 14:13:19 - [MESSAGE][PASSED] - Object 'Object Repository/MAKE_ PAYMENT/Home_ Page/BEGIN_PAYMENT' is clickable

2020-10-16 14:13:25 - [MESSAGE][PASSED] - Object: 'Object Repository/MAKE_ PAYMENT/Home_ Page/BEGIN_PAYMENT' is clicked on

2020-10-16 14:13:25 - [MESSAGE][PASSED] - Consumer_Payment_Making.ts:Clicked on the Begin payment

2020-10-16 14:13:25 - [TEST_STEP][PASSED] - utilities.SafeActions.safeClick(findTestObject("MAKE_ PAYMENT/Home_ Page/CONTINUE"), "Continue", [pageLoadTime]): Consumer_Payment_Making.ts:Clicked on the Continue

2020-10-16 14:13:25 - [MESSAGE][INFO] - safeClicking

2020-10-16 14:13:26 - [MESSAGE][PASSED] - Object 'Object Repository/MAKE_ PAYMENT/Home_ Page/CONTINUE' is present

2020-10-16 14:13:26 - [MESSAGE][PASSED] - Object 'Object Repository/MAKE_ PAYMENT/Home_ Page/CONTINUE' is clickable

2020-10-16 14:13:33 - [MESSAGE][PASSED] - Object: 'Object Repository/MAKE_ PAYMENT/Home_ Page/CONTINUE' is clicked on

2020-10-16 14:13:33 - [MESSAGE][PASSED] - Consumer_Payment_Making.ts:Clicked on the Continue

2020-10-16 14:13:33 - [TEST_STEP][PASSED] - utilities.SafeActions.safeCheck(findTestObject("MAKE_ PAYMENT/Home_ Page/BANK_CARD"), "Bank card", [pageLoadTime]): Consumer_Payment_Making.ts:Checkbox 'Bank card'is selected

2020-10-16 14:13:33 - [MESSAGE][PASSED] - Object 'Object Repository/MAKE_ PAYMENT/Home_ Page/BANK_CARD' is present

2020-10-16 14:13:34 - [MESSAGE][PASSED] - Object 'Object Repository/MAKE_ PAYMENT/Home_ Page/BANK_CARD' is present

2020-10-16 14:13:35 - [MESSAGE][PASSED] - Object: 'Object Repository/MAKE_ PAYMENT/Home_ Page/BANK_CARD' is clicked on

2020-10-16 14:13:35 - [MESSAGE][PASSED] - Consumer_Payment_Making.ts:Checkbox 'Bank card'is selected

2020-10-16 14:13:35 - [TEST_STEP][PASSED] - pages.Payment_Page.setAmount("1", paymentAmount, "testing", referenceNum): Consumer_Payment_Making.ts:Entered'testing into Comments

2020-10-16 14:13:36 - [MESSAGE][PASSED] - Object '' is present

2020-10-16 14:13:36 - [MESSAGE][PASSED] - Object '' is visible

2020-10-16 14:13:36 - [MESSAGE][PASSED] - Object '' is present

2020-10-16 14:13:38 - [MESSAGE][PASSED] - Text '16.00' is set on object ''

2020-10-16 14:13:38 - [MESSAGE][PASSED] - Consumer_Payment_Making.ts:Entered'16.00 into Amount

2020-10-16 14:13:38 - [MESSAGE][PASSED] - Object '' is present

2020-10-16 14:13:38 - [MESSAGE][PASSED] - Object '' is visible

2020-10-16 14:13:39 - [MESSAGE][PASSED] - Object '' is present

2020-10-16 14:13:40 - [MESSAGE][PASSED] - Text '11' is set on object ''

2020-10-16 14:13:40 - [MESSAGE][PASSED] - Consumer_Payment_Making.ts:Entered'11 into Amount

2020-10-16 14:13:40 - [MESSAGE][PASSED] - Object '' is present

2020-10-16 14:13:41 - [MESSAGE][PASSED] - Object '' is visible

2020-10-16 14:13:41 - [MESSAGE][PASSED] - Object '' is present

2020-10-16 14:13:42 - [MESSAGE][PASSED] - Text 'testing' is set on object ''

2020-10-16 14:13:42 - [MESSAGE][PASSED] - Consumer_Payment_Making.ts:Entered'testing into Comments

2020-10-16 14:13:42 - [TEST_STEP][PASSED] - waitForPageLoad(0): Wait for page load successfully

2020-10-16 14:13:42 - [MESSAGE][WARNING] - Timeout '0' is invalid. Using default page load timeout: '30'

2020-10-16 14:13:42 - [MESSAGE][PASSED] - Wait for page load successfully

2020-10-16 14:13:42 - [TEST_STEP][PASSED] - utilities.SafeActions.safeSelectOptionInDropdownByVisibleText(findTestObject("MAKE_ PAYMENT/Home_ Page/CARD_TYPE"), CardType, "CardType", [pageLoadTime]): selected dropdown option by visible text  American Expressfrom CardType

2020-10-16 14:13:43 - [MESSAGE][PASSED] - Object 'Object Repository/MAKE_ PAYMENT/Home_ Page/CARD_TYPE' is visible

2020-10-16 14:13:43 - [MESSAGE][PASSED] - Object 'Object Repository/MAKE_ PAYMENT/Home_ Page/CARD_TYPE' is present

2020-10-16 14:13:44 - [MESSAGE][PASSED] - Object: 'Object Repository/MAKE_ PAYMENT/Home_ Page/CARD_TYPE' is clicked on

2020-10-16 14:13:45 - [MESSAGE][PASSED] - All options with label 'American Express' are selected in object 'Object Repository/MAKE_ PAYMENT/Home_ Page/CARD_TYPE'  using regular expression

2020-10-16 14:13:45 - [MESSAGE][PASSED] - selected dropdown option by visible text  American Expressfrom CardType

2020-10-16 14:13:45 - [TEST_STEP][PASSED] - utilities.SafeActions.safeSelectOptionInDropdownByVisibleText(findTestObject("MAKE_ PAYMENT/Home_ Page/PAYMENT_TYPE"), paymentType, "Payment Type", [pageLoadTime]): selected dropdown option by visible text  Taxesfrom Payment Type

2020-10-16 14:13:46 - [MESSAGE][PASSED] - Object 'Object Repository/MAKE_ PAYMENT/Home_ Page/PAYMENT_TYPE' is visible

2020-10-16 14:13:46 - [MESSAGE][PASSED] - Object 'Object Repository/MAKE_ PAYMENT/Home_ Page/PAYMENT_TYPE' is present

2020-10-16 14:13:47 - [MESSAGE][PASSED] - Object: 'Object Repository/MAKE_ PAYMENT/Home_ Page/PAYMENT_TYPE' is clicked on

2020-10-16 14:13:48 - [MESSAGE][PASSED] - All options with label 'Taxes' are selected in object 'Object Repository/MAKE_ PAYMENT/Home_ Page/PAYMENT_TYPE'  using regular expression

2020-10-16 14:13:48 - [MESSAGE][PASSED] - selected dropdown option by visible text  Taxesfrom Payment Type

2020-10-16 14:13:48 - [TEST_STEP][PASSED] - utilities.SafeActions.safeClick(findTestObject("MAKE_ PAYMENT/Home_ Page/NEXT_BUTTON"), "Continue", [pageLoadTime]): Consumer_Payment_Making.ts:Clicked on the Continue

2020-10-16 14:13:48 - [MESSAGE][INFO] - safeClicking

2020-10-16 14:13:49 - [MESSAGE][PASSED] - Object 'Object Repository/MAKE_ PAYMENT/Home_ Page/NEXT_BUTTON' is present

2020-10-16 14:13:49 - [MESSAGE][PASSED] - Object 'Object Repository/MAKE_ PAYMENT/Home_ Page/NEXT_BUTTON' is clickable

2020-10-16 14:13:55 - [MESSAGE][PASSED] - Object: 'Object Repository/MAKE_ PAYMENT/Home_ Page/NEXT_BUTTON' is clicked on

2020-10-16 14:13:55 - [MESSAGE][PASSED] - Consumer_Payment_Making.ts:Clicked on the Continue

2020-10-16 14:13:55 - [TEST_STEP][PASSED] - pages.Payment_Page.setPersonalDetails(firstName, lastName, telephone): Consumer_Payment_Making.ts:Entered'9640400667 into Telephone

2020-10-16 14:13:59 - [MESSAGE][PASSED] - Object 'Object Repository/MAKE_ PAYMENT/Consumer_Personal_ Details/FIRST_NAME' is present

2020-10-16 14:13:59 - [MESSAGE][PASSED] - Object 'Object Repository/MAKE_ PAYMENT/Consumer_Personal_ Details/FIRST_NAME' is visible

2020-10-16 14:13:59 - [MESSAGE][PASSED] - Object 'Object Repository/MAKE_ PAYMENT/Consumer_Personal_ Details/FIRST_NAME' is present

2020-10-16 14:14:00 - [MESSAGE][PASSED] - Text 'Susmitha' is set on object 'Object Repository/MAKE_ PAYMENT/Consumer_Personal_ Details/FIRST_NAME'

2020-10-16 14:14:00 - [MESSAGE][PASSED] - Consumer_Payment_Making.ts:Entered'Susmitha into FirstName

2020-10-16 14:14:01 - [MESSAGE][PASSED] - Object 'Object Repository/MAKE_ PAYMENT/Consumer_Personal_ Details/LAST_NAME' is present

2020-10-16 14:14:01 - [MESSAGE][PASSED] - Object 'Object Repository/MAKE_ PAYMENT/Consumer_Personal_ Details/LAST_NAME' is visible

2020-10-16 14:14:01 - [MESSAGE][PASSED] - Object 'Object Repository/MAKE_ PAYMENT/Consumer_Personal_ Details/LAST_NAME' is present

2020-10-16 14:14:03 - [MESSAGE][PASSED] - Text 'Angana' is set on object 'Object Repository/MAKE_ PAYMENT/Consumer_Personal_ Details/LAST_NAME'

2020-10-16 14:14:03 - [MESSAGE][PASSED] - Consumer_Payment_Making.ts:Entered'Angana into LastName

2020-10-16 14:14:03 - [MESSAGE][PASSED] - Object 'Object Repository/MAKE_ PAYMENT/Consumer_Personal_ Details/TELEPHONE' is present

2020-10-16 14:14:03 - [MESSAGE][PASSED] - Object 'Object Repository/MAKE_ PAYMENT/Consumer_Personal_ Details/TELEPHONE' is visible

2020-10-16 14:14:03 - [MESSAGE][PASSED] - Object 'Object Repository/MAKE_ PAYMENT/Consumer_Personal_ Details/TELEPHONE' is present

2020-10-16 14:14:05 - [MESSAGE][PASSED] - Text '9640400667' is set on object 'Object Repository/MAKE_ PAYMENT/Consumer_Personal_ Details/TELEPHONE'

2020-10-16 14:14:05 - [MESSAGE][PASSED] - Consumer_Payment_Making.ts:Entered'9640400667 into Telephone

2020-10-16 14:14:05 - [TEST_STEP][PASSED] - pages.Payment_Page.setLocationDetails(address, zipCode): Consumer_Payment_Making.ts:Entered'76102 into ZipCode

2020-10-16 14:14:05 - [MESSAGE][PASSED] - Object 'Object Repository/MAKE_ PAYMENT/Consumer_Personal_ Details/ADDRESS' is present

2020-10-16 14:14:05 - [MESSAGE][PASSED] - Object 'Object Repository/MAKE_ PAYMENT/Consumer_Personal_ Details/ADDRESS' is visible

2020-10-16 14:14:06 - [MESSAGE][PASSED] - Object 'Object Repository/MAKE_ PAYMENT/Consumer_Personal_ Details/ADDRESS' is present

2020-10-16 14:14:07 - [MESSAGE][PASSED] - Text '14-2' is set on object 'Object Repository/MAKE_ PAYMENT/Consumer_Personal_ Details/ADDRESS'

2020-10-16 14:14:07 - [MESSAGE][PASSED] - Consumer_Payment_Making.ts:Entered'14-2 into Address

2020-10-16 14:14:07 - [MESSAGE][PASSED] - Object 'Object Repository/MAKE_ PAYMENT/Consumer_Personal_ Details/ZIP_CODE' is present

2020-10-16 14:14:08 - [MESSAGE][PASSED] - Object 'Object Repository/MAKE_ PAYMENT/Consumer_Personal_ Details/ZIP_CODE' is visible

2020-10-16 14:14:08 - [MESSAGE][PASSED] - Object 'Object Repository/MAKE_ PAYMENT/Consumer_Personal_ Details/ZIP_CODE' is present

2020-10-16 14:14:09 - [MESSAGE][PASSED] - Text '76102' is set on object 'Object Repository/MAKE_ PAYMENT/Consumer_Personal_ Details/ZIP_CODE'

2020-10-16 14:14:09 - [MESSAGE][PASSED] - Consumer_Payment_Making.ts:Entered'76102 into ZipCode

2020-10-16 14:14:09 - [TEST_STEP][PASSED] - waitForElementClickable(findTestObject("MAKE_ PAYMENT/Home_ Page/CONTINUE"), 30): Object 'Object Repository/MAKE_ PAYMENT/Home_ Page/CONTINUE' is clickable

2020-10-16 14:14:10 - [MESSAGE][PASSED] - Object 'Object Repository/MAKE_ PAYMENT/Home_ Page/CONTINUE' is clickable

2020-10-16 14:14:10 - [TEST_STEP][PASSED] - pages.Payment_Page.clickOnElement(findTestObject("MAKE_ PAYMENT/Home_ Page/CONTINUE")): pages.Payment_Page.clickOnElement is PASSED

2020-10-16 14:14:19 - [MESSAGE][PASSED] - Execute JavaScript 'arguments[0].click()' successfully

2020-10-16 14:14:19 - [MESSAGE][PASSED] - pages.Payment_Page.clickOnElement is PASSED

2020-10-16 14:14:19 - [TEST_STEP][PASSED] - waitForElementClickable(findTestObject("MAKE_ PAYMENT/Consumer_Personal_ Details/CheckBox"), 30): Object 'Object Repository/MAKE_ PAYMENT/Consumer_Personal_ Details/CheckBox' is clickable

2020-10-16 14:14:25 - [MESSAGE][PASSED] - Object 'Object Repository/MAKE_ PAYMENT/Consumer_Personal_ Details/CheckBox' is clickable

2020-10-16 14:14:25 - [TEST_STEP][PASSED] - utilities.SafeActions.safeCheck(findTestObject("MAKE_ PAYMENT/Consumer_Personal_ Details/CheckBox"), "Billing CheckBox", [pageLoadTime]): Consumer_Payment_Making.ts:Checkbox 'Billing CheckBox'is selected

2020-10-16 14:14:25 - [MESSAGE][PASSED] - Object 'Object Repository/MAKE_ PAYMENT/Consumer_Personal_ Details/CheckBox' is present

2020-10-16 14:14:26 - [MESSAGE][PASSED] - Object 'Object Repository/MAKE_ PAYMENT/Consumer_Personal_ Details/CheckBox' is present

2020-10-16 14:14:27 - [MESSAGE][PASSED] - Object: 'Object Repository/MAKE_ PAYMENT/Consumer_Personal_ Details/CheckBox' is clicked on

2020-10-16 14:14:27 - [MESSAGE][PASSED] - Consumer_Payment_Making.ts:Checkbox 'Billing CheckBox'is selected

2020-10-16 14:14:27 - [TEST_STEP][PASSED] - waitForPageLoad(2): Wait for page load successfully

2020-10-16 14:14:32 - [MESSAGE][PASSED] - Wait for page load successfully

2020-10-16 14:14:32 - [TEST_STEP][PASSED] - utilities.SafeActions.safeClick(findTestObject("MAKE_ PAYMENT/Home_ Page/CONTINUE"), "Continue", [pageLoadTime]): Consumer_Payment_Making.ts:Clicked on the Continue

2020-10-16 14:14:32 - [MESSAGE][INFO] - safeClicking

2020-10-16 14:14:34 - [MESSAGE][PASSED] - Object 'Object Repository/MAKE_ PAYMENT/Home_ Page/CONTINUE' is present

2020-10-16 14:14:34 - [MESSAGE][PASSED] - Object 'Object Repository/MAKE_ PAYMENT/Home_ Page/CONTINUE' is clickable

2020-10-16 14:14:38 - [MESSAGE][PASSED] - Object: 'Object Repository/MAKE_ PAYMENT/Home_ Page/CONTINUE' is clicked on

2020-10-16 14:14:38 - [MESSAGE][PASSED] - Consumer_Payment_Making.ts:Clicked on the Continue

2020-10-16 14:14:38 - [TEST_STEP][PASSED] - delay(2): Delayed 2 second(s)

2020-10-16 14:14:40 - [MESSAGE][PASSED] - Delayed 2 second(s)

2020-10-16 14:14:40 - [TEST_STEP][PASSED] - pages.Payment_Page.setCardDetails(cardNum, securityCode, expYear, expMonth): Actual text '374245003731006' and expected text '374245003731006' are matched  using regular expression

2020-10-16 14:14:40 - [MESSAGE][PASSED] - Object 'Object Repository/MAKE_ PAYMENT/Consumer_Personal_ Details/CARD_NUM' is present

2020-10-16 14:14:40 - [MESSAGE][PASSED] - Object 'Object Repository/MAKE_ PAYMENT/Consumer_Personal_ Details/CARD_NUM' is visible

2020-10-16 14:14:41 - [MESSAGE][PASSED] - Object 'Object Repository/MAKE_ PAYMENT/Consumer_Personal_ Details/CARD_NUM' is present

2020-10-16 14:14:42 - [MESSAGE][PASSED] - Text '374245003731006' is set on object 'Object Repository/MAKE_ PAYMENT/Consumer_Personal_ Details/CARD_NUM'

2020-10-16 14:14:42 - [MESSAGE][PASSED] - Consumer_Payment_Making.ts:Entered'374245003731006 into CardNum

2020-10-16 14:14:42 - [MESSAGE][PASSED] - Object 'Object Repository/MAKE_ PAYMENT/Consumer_Personal_ Details/EXP_MONTH' is visible

2020-10-16 14:14:43 - [MESSAGE][PASSED] - Object 'Object Repository/MAKE_ PAYMENT/Consumer_Personal_ Details/EXP_MONTH' is present

2020-10-16 14:14:44 - [MESSAGE][PASSED] - Object: 'Object Repository/MAKE_ PAYMENT/Consumer_Personal_ Details/EXP_MONTH' is clicked on

2020-10-16 14:14:45 - [MESSAGE][PASSED] - All options with label '03' are selected in object 'Object Repository/MAKE_ PAYMENT/Consumer_Personal_ Details/EXP_MONTH'  using regular expression

2020-10-16 14:14:45 - [MESSAGE][PASSED] - selected dropdown option by visible text  03from Month

2020-10-16 14:14:46 - [MESSAGE][PASSED] - Object 'Object Repository/MAKE_ PAYMENT/Consumer_Personal_ Details/EXP_YEAR' is visible

2020-10-16 14:14:46 - [MESSAGE][PASSED] - Object 'Object Repository/MAKE_ PAYMENT/Consumer_Personal_ Details/EXP_YEAR' is present

2020-10-16 14:14:47 - [MESSAGE][PASSED] - Object: 'Object Repository/MAKE_ PAYMENT/Consumer_Personal_ Details/EXP_YEAR' is clicked on

2020-10-16 14:14:49 - [MESSAGE][PASSED] - All options with label '2025' are selected in object 'Object Repository/MAKE_ PAYMENT/Consumer_Personal_ Details/EXP_YEAR'  using regular expression

2020-10-16 14:14:49 - [MESSAGE][PASSED] - selected dropdown option by visible text  2025from year

2020-10-16 14:14:49 - [MESSAGE][PASSED] - Object 'Object Repository/MAKE_ PAYMENT/Consumer_Personal_ Details/SECURITY_CODE' is present

2020-10-16 14:14:49 - [MESSAGE][PASSED] - Object 'Object Repository/MAKE_ PAYMENT/Consumer_Personal_ Details/SECURITY_CODE' is visible

2020-10-16 14:14:50 - [MESSAGE][PASSED] - Object 'Object Repository/MAKE_ PAYMENT/Consumer_Personal_ Details/SECURITY_CODE' is present

2020-10-16 14:14:51 - [MESSAGE][PASSED] - Text '111' is set on object 'Object Repository/MAKE_ PAYMENT/Consumer_Personal_ Details/SECURITY_CODE'

2020-10-16 14:14:51 - [MESSAGE][PASSED] - Consumer_Payment_Making.ts:Entered'111 into SecurityCode

2020-10-16 14:14:51 - [MESSAGE][PASSED] - Attribute 'value' of object 'Object Repository/MAKE_ PAYMENT/Consumer_Personal_ Details/CARD_NUM' is: '374245003731006'

2020-10-16 14:14:51 - [MESSAGE][PASSED] - Actual text '374245003731006' and expected text '374245003731006' are matched  using regular expression

2020-10-16 14:14:51 - [TEST_STEP][PASSED] - utilities.SafeActions.safeType(findTestObject("MAKE_ PAYMENT/Consumer_Personal_ Details/EMAIL_ADDRESS"), emailAddress, "EmailAddress", [pageLoadTime]): Consumer_Payment_Making.ts:Entered'testing@zenq.com into EmailAddress

2020-10-16 14:14:52 - [MESSAGE][PASSED] - Object 'Object Repository/MAKE_ PAYMENT/Consumer_Personal_ Details/EMAIL_ADDRESS' is present

2020-10-16 14:14:52 - [MESSAGE][PASSED] - Object 'Object Repository/MAKE_ PAYMENT/Consumer_Personal_ Details/EMAIL_ADDRESS' is visible

2020-10-16 14:14:52 - [MESSAGE][PASSED] - Object 'Object Repository/MAKE_ PAYMENT/Consumer_Personal_ Details/EMAIL_ADDRESS' is present

2020-10-16 14:14:53 - [MESSAGE][PASSED] - Text 'testing@zenq.com' is set on object 'Object Repository/MAKE_ PAYMENT/Consumer_Personal_ Details/EMAIL_ADDRESS'

2020-10-16 14:14:53 - [MESSAGE][PASSED] - Consumer_Payment_Making.ts:Entered'testing@zenq.com into EmailAddress

2020-10-16 14:14:53 - [TEST_STEP][PASSED] - utilities.SafeActions.safeClick(findTestObject("MAKE_ PAYMENT/Home_ Page/CONTINUE"), "Continue", [pageLoadTime]): Consumer_Payment_Making.ts:Clicked on the Continue

2020-10-16 14:14:53 - [MESSAGE][INFO] - safeClicking

2020-10-16 14:14:54 - [MESSAGE][PASSED] - Object 'Object Repository/MAKE_ PAYMENT/Home_ Page/CONTINUE' is present

2020-10-16 14:14:54 - [MESSAGE][PASSED] - Object 'Object Repository/MAKE_ PAYMENT/Home_ Page/CONTINUE' is clickable

2020-10-16 14:15:01 - [MESSAGE][PASSED] - Object: 'Object Repository/MAKE_ PAYMENT/Home_ Page/CONTINUE' is clicked on

2020-10-16 14:15:01 - [MESSAGE][PASSED] - Consumer_Payment_Making.ts:Clicked on the Continue

2020-10-16 14:15:01 - [TEST_STEP][PASSED] - utilities.SafeActions.safeClick(findTestObject("MAKE_ PAYMENT/Consumer_Personal_ Details/I_AGREE"), "I agree", [pageLoadTime]): Consumer_Payment_Making.ts:Clicked on the I agree

2020-10-16 14:15:02 - [MESSAGE][INFO] - safeClicking

2020-10-16 14:15:03 - [MESSAGE][PASSED] - Object 'Object Repository/MAKE_ PAYMENT/Consumer_Personal_ Details/I_AGREE' is present

2020-10-16 14:15:03 - [MESSAGE][PASSED] - Object 'Object Repository/MAKE_ PAYMENT/Consumer_Personal_ Details/I_AGREE' is clickable

2020-10-16 14:15:07 - [MESSAGE][PASSED] - Object: 'Object Repository/MAKE_ PAYMENT/Consumer_Personal_ Details/I_AGREE' is clicked on

2020-10-16 14:15:07 - [MESSAGE][PASSED] - Consumer_Payment_Making.ts:Clicked on the I agree

2020-10-16 14:15:07 - [TEST_STEP][PASSED] - pages.Payment_Page.verifyUserDetails(firstName, lastName, emailAddress, CardType, ""): CardType matched

2020-10-16 14:15:08 - [MESSAGE][PASSED] - Scroll to object 'Object Repository/MAKE_ PAYMENT/Verification_ Details/FIRST_NAME' successfully

2020-10-16 14:15:08 - [MESSAGE][PASSED] - Text of object 'Object Repository/MAKE_ PAYMENT/Verification_ Details/FIRST_NAME' is: 'Susmitha'

2020-10-16 14:15:08 - [MESSAGE][PASSED] - Actual text 'Susmitha' and expected text 'Susmitha' are matched  using regular expression

2020-10-16 14:15:08 - [MESSAGE][PASSED] - Text of object 'Object Repository/MAKE_ PAYMENT/Verification_ Details/LAST_NAME' is: 'Angana'

2020-10-16 14:15:08 - [MESSAGE][PASSED] - Actual text 'Angana' and expected text 'Angana' are matched  using regular expression

2020-10-16 14:15:11 - [MESSAGE][PASSED] - Text of object 'Object Repository/MAKE_ PAYMENT/Verification_ Details/EMAIL_ADDRESS' is: 'testing@zenq.com'

2020-10-16 14:15:11 - [MESSAGE][PASSED] - Actual text 'testing@zenq.com' and expected text 'testing@zenq.com' are matched  using regular expression

2020-10-16 14:15:11 - [MESSAGE][PASSED] - Text of object 'Object Repository/MAKE_ PAYMENT/Verification_ Details/CARD_TYPE' is: 'American Express'

2020-10-16 14:15:11 - [MESSAGE][PASSED] - Actual text 'American Express' and expected text 'American Express' are matched  using regular expression

2020-10-16 14:15:11 - [MESSAGE][PASSED] - CardType matched

2020-10-16 14:15:11 - [TEST_STEP][PASSED] - utilities.SafeActions.safeClick(findTestObject("MAKE_ PAYMENT/Verification_ Details/PROCESS_PAYMENT"), "Process Payment", [pageLoadTime]): Consumer_Payment_Making.ts:Clicked on the Process Payment

2020-10-16 14:15:11 - [MESSAGE][INFO] - safeClicking

2020-10-16 14:15:12 - [MESSAGE][PASSED] - Object 'Object Repository/MAKE_ PAYMENT/Verification_ Details/PROCESS_PAYMENT' is present

2020-10-16 14:15:12 - [MESSAGE][PASSED] - Object 'Object Repository/MAKE_ PAYMENT/Verification_ Details/PROCESS_PAYMENT' is clickable

2020-10-16 14:15:13 - [MESSAGE][PASSED] - Object: 'Object Repository/MAKE_ PAYMENT/Verification_ Details/PROCESS_PAYMENT' is clicked on

2020-10-16 14:15:13 - [MESSAGE][PASSED] - Consumer_Payment_Making.ts:Clicked on the Process Payment

2020-10-16 14:15:13 - [TEST_STEP][PASSED] - utilities.SafeActions.safeClick(findTestObject("MAKE_ PAYMENT/Verification_ Details/YES_BUTTON"), "yes button", [pageLoadTime]): Consumer_Payment_Making.ts:Clicked on the yes button

2020-10-16 14:15:13 - [MESSAGE][INFO] - safeClicking

2020-10-16 14:15:14 - [MESSAGE][PASSED] - Object 'Object Repository/MAKE_ PAYMENT/Verification_ Details/YES_BUTTON' is present

2020-10-16 14:15:14 - [MESSAGE][PASSED] - Object 'Object Repository/MAKE_ PAYMENT/Verification_ Details/YES_BUTTON' is clickable

2020-10-16 14:16:03 - [MESSAGE][PASSED] - Object: 'Object Repository/MAKE_ PAYMENT/Verification_ Details/YES_BUTTON' is clicked on

2020-10-16 14:16:03 - [MESSAGE][PASSED] - Consumer_Payment_Making.ts:Clicked on the yes button

2020-10-16 14:16:03 - [TEST_STEP][PASSED] - PaymentId = pages.Payment_Page.verifyCardPaymentApproval(referenceNum): pages.Payment_Page.verifyCardPaymentApproval is PASSED

2020-10-16 14:16:06 - [MESSAGE][PASSED] - Text of object 'Object Repository/MAKE_ PAYMENT/Verification_ Details/PAY_ID_CARD' is: '100176130086'

2020-10-16 14:16:09 - [MESSAGE][PASSED] - Text of object 'Object Repository/MAKE_ PAYMENT/Verification_ Details/REFERENCE_NUM' is: '11'

2020-10-16 14:16:09 - [MESSAGE][PASSED] - pages.Payment_Page.verifyCardPaymentApproval is PASSED

2020-10-16 14:16:09 - [TEST_STEP][PASSED] - utilities.SafeActions.safeClick(findTestObject("SEARCH_PAYMENT/SEARCH_PAYMENT"), "Search Payment", [pageLoadTime]): Consumer_Payment_Making.ts:Clicked on the Search Payment

2020-10-16 14:16:09 - [MESSAGE][INFO] - safeClicking

2020-10-16 14:16:10 - [MESSAGE][PASSED] - Object 'Object Repository/SEARCH_PAYMENT/SEARCH_PAYMENT' is present

2020-10-16 14:16:10 - [MESSAGE][PASSED] - Object 'Object Repository/SEARCH_PAYMENT/SEARCH_PAYMENT' is clickable

2020-10-16 14:16:11 - [MESSAGE][PASSED] - Object: 'Object Repository/SEARCH_PAYMENT/SEARCH_PAYMENT' is clicked on

2020-10-16 14:16:11 - [MESSAGE][PASSED] - Consumer_Payment_Making.ts:Clicked on the Search Payment

2020-10-16 14:16:11 - [TEST_STEP][PASSED] - waitForPageLoad(10): Wait for page load successfully

2020-10-16 14:16:11 - [MESSAGE][PASSED] - Wait for page load successfully

2020-10-16 14:16:11 - [TEST_STEP][PASSED] - pages.Search_Page.switchToWindow(): pages.Search_Page.switchToWindow is PASSED

2020-10-16 14:16:13 - [MESSAGE][PASSED] - Object: 'Object Repository/SEARCH_PAYMENT/SEARCH_PAYMENT' is clicked on

2020-10-16 14:16:13 - [MESSAGE][PASSED] - Switched to window with index: '1'

2020-10-16 14:16:13 - [MESSAGE][PASSED] - pages.Search_Page.switchToWindow is PASSED

2020-10-16 14:16:13 - [TEST_STEP][PASSED] - waitForElementClickable(findTestObject("SEARCH_PAYMENT/CREDIT_OR_DEBIT_CARD"), 0): Object 'Object Repository/SEARCH_PAYMENT/CREDIT_OR_DEBIT_CARD' is clickable

2020-10-16 14:16:14 - [MESSAGE][WARNING] - Timeout '0' is invalid. Using default page load timeout: '30'

2020-10-16 14:16:28 - [MESSAGE][PASSED] - Object 'Object Repository/SEARCH_PAYMENT/CREDIT_OR_DEBIT_CARD' is clickable

2020-10-16 14:16:28 - [TEST_STEP][PASSED] - utilities.SafeActions.safeCheck(findTestObject("SEARCH_PAYMENT/CREDIT_OR_DEBIT_CARD"), "Credit card", [pageLoadTime]): Consumer_Payment_Making.ts:Checkbox 'Credit card'is selected

2020-10-16 14:16:28 - [MESSAGE][PASSED] - Object 'Object Repository/SEARCH_PAYMENT/CREDIT_OR_DEBIT_CARD' is present

2020-10-16 14:16:29 - [MESSAGE][PASSED] - Object 'Object Repository/SEARCH_PAYMENT/CREDIT_OR_DEBIT_CARD' is present

2020-10-16 14:16:30 - [MESSAGE][PASSED] - Object: 'Object Repository/SEARCH_PAYMENT/CREDIT_OR_DEBIT_CARD' is clicked on

2020-10-16 14:16:30 - [MESSAGE][PASSED] - Consumer_Payment_Making.ts:Checkbox 'Credit card'is selected

2020-10-16 14:16:30 - [TEST_STEP][PASSED] - pages.Search_Page.setSearchDetails(lastName, cardNum, accNum): Credit card is checked and cardNum is entered 

2020-10-16 14:16:31 - [MESSAGE][PASSED] - Object 'Object Repository/SEARCH_PAYMENT/BILLING_LAST_NAME' is present

2020-10-16 14:16:31 - [MESSAGE][PASSED] - Object 'Object Repository/SEARCH_PAYMENT/BILLING_LAST_NAME' is visible

2020-10-16 14:16:31 - [MESSAGE][PASSED] - Object 'Object Repository/SEARCH_PAYMENT/BILLING_LAST_NAME' is present

2020-10-16 14:16:33 - [MESSAGE][PASSED] - Text 'Angana' is set on object 'Object Repository/SEARCH_PAYMENT/BILLING_LAST_NAME'

2020-10-16 14:16:33 - [MESSAGE][PASSED] - Consumer_Payment_Making.ts:Entered'Angana into LastName

2020-10-16 14:16:33 - [MESSAGE][PASSED] - Object 'Object Repository/SEARCH_PAYMENT/CREDIT_OR_DEBIT_CARD' is checked

2020-10-16 14:16:33 - [MESSAGE][PASSED] - Object 'Object Repository/SEARCH_PAYMENT/CARD_NUMBER' is present

2020-10-16 14:16:34 - [MESSAGE][PASSED] - Object 'Object Repository/SEARCH_PAYMENT/CARD_NUMBER' is visible

2020-10-16 14:16:34 - [MESSAGE][PASSED] - Object 'Object Repository/SEARCH_PAYMENT/CARD_NUMBER' is present

2020-10-16 14:16:35 - [MESSAGE][PASSED] - Text '374245003731006' is set on object 'Object Repository/SEARCH_PAYMENT/CARD_NUMBER'

2020-10-16 14:16:35 - [MESSAGE][PASSED] - Consumer_Payment_Making.ts:Entered'374245003731006 into CArdNum

2020-10-16 14:16:35 - [MESSAGE][PASSED] - Credit card is checked and cardNum is entered 

2020-10-16 14:16:35 - [TEST_STEP][PASSED] - utilities.SafeActions.safeClick(findTestObject("SEARCH_PAYMENT/SEARCH_BUTTON"), "Search", [pageLoadTime]): Consumer_Payment_Making.ts:Clicked on the Search

2020-10-16 14:16:35 - [MESSAGE][INFO] - safeClicking

2020-10-16 14:16:36 - [MESSAGE][PASSED] - Object 'Object Repository/SEARCH_PAYMENT/SEARCH_BUTTON' is present

2020-10-16 14:16:36 - [MESSAGE][PASSED] - Object 'Object Repository/SEARCH_PAYMENT/SEARCH_BUTTON' is clickable

2020-10-16 14:17:03 - [MESSAGE][PASSED] - Object: 'Object Repository/SEARCH_PAYMENT/SEARCH_BUTTON' is clicked on

2020-10-16 14:17:03 - [MESSAGE][PASSED] - Consumer_Payment_Making.ts:Clicked on the Search

2020-10-16 14:17:03 - [TEST_STEP][PASSED] - pages.Payment_Page.verifyPaymentDetailsInReceipt(PaymentId): pages.Payment_Page.verifyPaymentDetailsInReceipt is PASSED

2020-10-16 14:17:06 - [MESSAGE][PASSED] - Text of object 'Object Repository/SEARCH_PAYMENT/REFERNCE_NUM' is: '11'

2020-10-16 14:17:06 - [MESSAGE][PASSED] - Text of object 'Object Repository/SEARCH_PAYMENT/PAYMENT_ID' is: '100176130086'

2020-10-16 14:17:06 - [MESSAGE][PASSED] - pages.Payment_Page.verifyPaymentDetailsInReceipt is PASSED

2020-10-16 14:17:06 - [TEST_STEP][PASSED] - utilities.SafeActions.safeClick(findTestObject("SEARCH_PAYMENT/SEARCH_ ICON"), "SearchIcon", [pageLoadTime]): Consumer_Payment_Making.ts:Clicked on the SearchIcon

2020-10-16 14:17:06 - [MESSAGE][INFO] - safeClicking

2020-10-16 14:17:06 - [MESSAGE][PASSED] - Object 'Object Repository/SEARCH_PAYMENT/SEARCH_ ICON' is present

2020-10-16 14:17:07 - [MESSAGE][PASSED] - Object 'Object Repository/SEARCH_PAYMENT/SEARCH_ ICON' is clickable

2020-10-16 14:17:08 - [MESSAGE][PASSED] - Object: 'Object Repository/SEARCH_PAYMENT/SEARCH_ ICON' is clicked on

2020-10-16 14:17:08 - [MESSAGE][PASSED] - Consumer_Payment_Making.ts:Clicked on the SearchIcon

2020-10-16 14:17:08 - [TEST_STEP][PASSED] - delay(2): Delayed 2 second(s)

2020-10-16 14:17:10 - [MESSAGE][PASSED] - Delayed 2 second(s)

2020-10-16 14:17:10 - [TEST_STEP][PASSED] - scrollToElement(findTestObject("SEARCH_PAYMENT/CLOSE_BUTTON"), 0): Scroll to object 'Object Repository/SEARCH_PAYMENT/CLOSE_BUTTON' successfully

2020-10-16 14:17:10 - [MESSAGE][WARNING] - Timeout '0' is invalid. Using default page load timeout: '30'

2020-10-16 14:17:11 - [MESSAGE][PASSED] - Scroll to object 'Object Repository/SEARCH_PAYMENT/CLOSE_BUTTON' successfully

2020-10-16 14:17:11 - [TEST_STEP][PASSED] - utilities.SafeActions.safeClick(findTestObject("SEARCH_PAYMENT/EMAIL_ RECEIPT"), "Email Receipt", [pageLoadTime]): Consumer_Payment_Making.ts:Clicked on the Email Receipt

2020-10-16 14:17:11 - [MESSAGE][INFO] - safeClicking

2020-10-16 14:17:11 - [MESSAGE][PASSED] - Object 'Object Repository/SEARCH_PAYMENT/EMAIL_ RECEIPT' is present

2020-10-16 14:17:11 - [MESSAGE][PASSED] - Object 'Object Repository/SEARCH_PAYMENT/EMAIL_ RECEIPT' is clickable

2020-10-16 14:17:13 - [MESSAGE][PASSED] - Object: 'Object Repository/SEARCH_PAYMENT/EMAIL_ RECEIPT' is clicked on

2020-10-16 14:17:13 - [MESSAGE][PASSED] - Consumer_Payment_Making.ts:Clicked on the Email Receipt

2020-10-16 14:17:13 - [TEST_STEP][PASSED] - utilities.SafeActions.safeClick(findTestObject("SEARCH_PAYMENT/SEND_ EMAIL_BUTTON"), "Send Email", [pageLoadTime]): Consumer_Payment_Making.ts:Clicked on the Send Email

2020-10-16 14:17:13 - [MESSAGE][INFO] - safeClicking

2020-10-16 14:17:13 - [MESSAGE][PASSED] - Object 'Object Repository/SEARCH_PAYMENT/SEND_ EMAIL_BUTTON' is present

2020-10-16 14:17:14 - [MESSAGE][PASSED] - Object 'Object Repository/SEARCH_PAYMENT/SEND_ EMAIL_BUTTON' is clickable

2020-10-16 14:17:15 - [MESSAGE][PASSED] - Object: 'Object Repository/SEARCH_PAYMENT/SEND_ EMAIL_BUTTON' is clicked on

2020-10-16 14:17:15 - [MESSAGE][PASSED] - Consumer_Payment_Making.ts:Clicked on the Send Email

2020-10-16 14:17:15 - [TEST_STEP][PASSED] - Start listener action : afterTestCase: Browser is closed

2020-10-16 14:17:15 - [TEST_STEP][PASSED] - closeBrowser(): Browser is closed

2020-10-16 14:17:25 - [MESSAGE][PASSED] - Browser is closed]]></system-out>
         <system-err><![CDATA[]]></system-err>
      </testcase>
      <testcase name="Test Cases/Consumer_Make_Payment/TC_002_Credit_MultiLine_Payment" time="275.498" classname="Test Cases/Consumer_Make_Payment/TC_002_Credit_MultiLine_Payment" status="PASSED">
         <system-out><![CDATA[2020-10-16 14:17:25 - [TEST_CASE][PASSED] - Test Cases/Consumer_Make_Payment/TC_002_Credit_MultiLine_Payment: Test Cases/Consumer_Make_Payment/TC_002_Credit_MultiLine_Payment

2020-10-16 14:17:26 - [TEST_STEP][PASSED] - Start listener action : beforeTestCase: null

2020-10-16 14:17:26 - [TEST_STEP][PASSED] - utilities.SafeActions.openBrowser(certpay_url, [pageLoadTime]): Browser launched successfully

2020-10-16 14:17:26 - [MESSAGE][INFO] - Opening Browser

2020-10-16 14:17:26 - [MESSAGE][INFO] - Starting 'Chrome' driver

2020-10-16 14:17:54 - [MESSAGE][PASSED] - Browser is opened with url: 'https://qa-certpay.faps.net/'

2020-10-16 14:17:56 - [MESSAGE][PASSED] - Current window maximized

2020-10-16 14:17:56 - [MESSAGE][PASSED] - Browser launched successfully

2020-10-16 14:17:56 - [TEST_STEP][PASSED] - utilities.SafeActions.safeType(findTestObject("MAKE_ PAYMENT/Home_ Page/BUREAU_CODE"), bureauCode, "Bureau code", [pageLoadTime]): Consumer_Payment_Making.ts:Entered'6100000 into Bureau code

2020-10-16 14:17:57 - [MESSAGE][PASSED] - Object 'Object Repository/MAKE_ PAYMENT/Home_ Page/BUREAU_CODE' is present

2020-10-16 14:17:57 - [MESSAGE][PASSED] - Object 'Object Repository/MAKE_ PAYMENT/Home_ Page/BUREAU_CODE' is visible

2020-10-16 14:17:57 - [MESSAGE][PASSED] - Object 'Object Repository/MAKE_ PAYMENT/Home_ Page/BUREAU_CODE' is present

2020-10-16 14:17:58 - [MESSAGE][PASSED] - Text '6100000' is set on object 'Object Repository/MAKE_ PAYMENT/Home_ Page/BUREAU_CODE'

2020-10-16 14:17:58 - [MESSAGE][PASSED] - Consumer_Payment_Making.ts:Entered'6100000 into Bureau code

2020-10-16 14:17:58 - [TEST_STEP][PASSED] - utilities.SafeActions.safeClick(findTestObject("MAKE_ PAYMENT/Home_ Page/BEGIN_PAYMENT"), "Begin payment", [pageLoadTime]): Consumer_Payment_Making.ts:Clicked on the Begin payment

2020-10-16 14:17:59 - [MESSAGE][INFO] - safeClicking

2020-10-16 14:17:59 - [MESSAGE][PASSED] - Object 'Object Repository/MAKE_ PAYMENT/Home_ Page/BEGIN_PAYMENT' is present

2020-10-16 14:17:59 - [MESSAGE][PASSED] - Object 'Object Repository/MAKE_ PAYMENT/Home_ Page/BEGIN_PAYMENT' is clickable

2020-10-16 14:18:04 - [MESSAGE][PASSED] - Object: 'Object Repository/MAKE_ PAYMENT/Home_ Page/BEGIN_PAYMENT' is clicked on

2020-10-16 14:18:04 - [MESSAGE][PASSED] - Consumer_Payment_Making.ts:Clicked on the Begin payment

2020-10-16 14:18:04 - [TEST_STEP][PASSED] - utilities.SafeActions.safeClick(findTestObject("MAKE_ PAYMENT/Home_ Page/CONTINUE"), "Continue", [pageLoadTime]): Consumer_Payment_Making.ts:Clicked on the Continue

2020-10-16 14:18:04 - [MESSAGE][INFO] - safeClicking

2020-10-16 14:18:06 - [MESSAGE][PASSED] - Object 'Object Repository/MAKE_ PAYMENT/Home_ Page/CONTINUE' is present

2020-10-16 14:18:06 - [MESSAGE][PASSED] - Object 'Object Repository/MAKE_ PAYMENT/Home_ Page/CONTINUE' is clickable

2020-10-16 14:18:12 - [MESSAGE][PASSED] - Object: 'Object Repository/MAKE_ PAYMENT/Home_ Page/CONTINUE' is clicked on

2020-10-16 14:18:12 - [MESSAGE][PASSED] - Consumer_Payment_Making.ts:Clicked on the Continue

2020-10-16 14:18:12 - [TEST_STEP][PASSED] - pages.Payment_Page.setAmount("1", paymentAmount, "testing", referenceNum): Consumer_Payment_Making.ts:Entered'testing into Comments

2020-10-16 14:18:12 - [MESSAGE][PASSED] - Object '' is present

2020-10-16 14:18:13 - [MESSAGE][PASSED] - Object '' is visible

2020-10-16 14:18:13 - [MESSAGE][PASSED] - Object '' is present

2020-10-16 14:18:14 - [MESSAGE][PASSED] - Text '20.00' is set on object ''

2020-10-16 14:18:14 - [MESSAGE][PASSED] - Consumer_Payment_Making.ts:Entered'20.00 into Amount

2020-10-16 14:18:15 - [MESSAGE][PASSED] - Object '' is present

2020-10-16 14:18:15 - [MESSAGE][PASSED] - Object '' is visible

2020-10-16 14:18:15 - [MESSAGE][PASSED] - Object '' is present

2020-10-16 14:18:16 - [MESSAGE][PASSED] - Text '12' is set on object ''

2020-10-16 14:18:16 - [MESSAGE][PASSED] - Consumer_Payment_Making.ts:Entered'12 into Amount

2020-10-16 14:18:17 - [MESSAGE][PASSED] - Object '' is present

2020-10-16 14:18:17 - [MESSAGE][PASSED] - Object '' is visible

2020-10-16 14:18:17 - [MESSAGE][PASSED] - Object '' is present

2020-10-16 14:18:19 - [MESSAGE][PASSED] - Text 'testing' is set on object ''

2020-10-16 14:18:19 - [MESSAGE][PASSED] - Consumer_Payment_Making.ts:Entered'testing into Comments

2020-10-16 14:18:19 - [TEST_STEP][PASSED] - utilities.SafeActions.safeClick(findTestObject("MAKE_ PAYMENT/Home_ Page/ADD_ANOTHER_PROPERTY"), "Multi-Payment", [pageLoadTime]): Consumer_Payment_Making.ts:Clicked on the Multi-Payment

2020-10-16 14:18:19 - [MESSAGE][INFO] - safeClicking

2020-10-16 14:18:19 - [MESSAGE][PASSED] - Object 'Object Repository/MAKE_ PAYMENT/Home_ Page/ADD_ANOTHER_PROPERTY' is present

2020-10-16 14:18:19 - [MESSAGE][PASSED] - Object 'Object Repository/MAKE_ PAYMENT/Home_ Page/ADD_ANOTHER_PROPERTY' is clickable

2020-10-16 14:18:23 - [MESSAGE][PASSED] - Object: 'Object Repository/MAKE_ PAYMENT/Home_ Page/ADD_ANOTHER_PROPERTY' is clicked on

2020-10-16 14:18:23 - [MESSAGE][PASSED] - Consumer_Payment_Making.ts:Clicked on the Multi-Payment

2020-10-16 14:18:23 - [TEST_STEP][PASSED] - pages.Payment_Page.setAmount("2", paymentAmount2, "Payment for testing", "22"): Consumer_Payment_Making.ts:Entered'Payment for testing into Comments

2020-10-16 14:18:24 - [MESSAGE][PASSED] - Object '' is present

2020-10-16 14:18:25 - [MESSAGE][PASSED] - Object '' is visible

2020-10-16 14:18:25 - [MESSAGE][PASSED] - Object '' is present

2020-10-16 14:18:26 - [MESSAGE][PASSED] - Text '15.00' is set on object ''

2020-10-16 14:18:26 - [MESSAGE][PASSED] - Consumer_Payment_Making.ts:Entered'15.00 into Amount

2020-10-16 14:18:27 - [MESSAGE][PASSED] - Object '' is present

2020-10-16 14:18:27 - [MESSAGE][PASSED] - Object '' is visible

2020-10-16 14:18:27 - [MESSAGE][PASSED] - Object '' is present

2020-10-16 14:18:28 - [MESSAGE][PASSED] - Text '22' is set on object ''

2020-10-16 14:18:28 - [MESSAGE][PASSED] - Consumer_Payment_Making.ts:Entered'22 into Amount

2020-10-16 14:18:29 - [MESSAGE][PASSED] - Object '' is present

2020-10-16 14:18:29 - [MESSAGE][PASSED] - Object '' is visible

2020-10-16 14:18:29 - [MESSAGE][PASSED] - Object '' is present

2020-10-16 14:18:31 - [MESSAGE][PASSED] - Text 'Payment for testing' is set on object ''

2020-10-16 14:18:31 - [MESSAGE][PASSED] - Consumer_Payment_Making.ts:Entered'Payment for testing into Comments

2020-10-16 14:18:31 - [TEST_STEP][PASSED] - utilities.SafeActions.safeCheck(findTestObject("MAKE_ PAYMENT/Home_ Page/BANK_CARD"), "Bank card", [pageLoadTime]): Consumer_Payment_Making.ts:Checkbox 'Bank card'is selected

2020-10-16 14:18:31 - [MESSAGE][PASSED] - Object 'Object Repository/MAKE_ PAYMENT/Home_ Page/BANK_CARD' is present

2020-10-16 14:18:32 - [MESSAGE][PASSED] - Object 'Object Repository/MAKE_ PAYMENT/Home_ Page/BANK_CARD' is present

2020-10-16 14:18:33 - [MESSAGE][PASSED] - Object: 'Object Repository/MAKE_ PAYMENT/Home_ Page/BANK_CARD' is clicked on

2020-10-16 14:18:33 - [MESSAGE][PASSED] - Consumer_Payment_Making.ts:Checkbox 'Bank card'is selected

2020-10-16 14:18:33 - [TEST_STEP][PASSED] - waitForPageLoad(2): Wait for page load successfully

2020-10-16 14:18:33 - [MESSAGE][PASSED] - Wait for page load successfully

2020-10-16 14:18:33 - [TEST_STEP][PASSED] - utilities.SafeActions.safeSelectOptionInDropdownByVisibleText(findTestObject("MAKE_ PAYMENT/Home_ Page/CARD_TYPE"), cardType, "CardType", [pageLoadTime]): selected dropdown option by visible text  Discoverfrom CardType

2020-10-16 14:18:34 - [MESSAGE][PASSED] - Object 'Object Repository/MAKE_ PAYMENT/Home_ Page/CARD_TYPE' is visible

2020-10-16 14:18:34 - [MESSAGE][PASSED] - Object 'Object Repository/MAKE_ PAYMENT/Home_ Page/CARD_TYPE' is present

2020-10-16 14:18:35 - [MESSAGE][PASSED] - Object: 'Object Repository/MAKE_ PAYMENT/Home_ Page/CARD_TYPE' is clicked on

2020-10-16 14:18:36 - [MESSAGE][PASSED] - All options with label 'Discover' are selected in object 'Object Repository/MAKE_ PAYMENT/Home_ Page/CARD_TYPE'  using regular expression

2020-10-16 14:18:36 - [MESSAGE][PASSED] - selected dropdown option by visible text  Discoverfrom CardType

2020-10-16 14:18:36 - [TEST_STEP][PASSED] - utilities.SafeActions.safeSelectOptionInDropdownByVisibleText(findTestObject("MAKE_ PAYMENT/Home_ Page/PAYMENT_TYPE"), paymentType, "Payment Type", [pageLoadTime]): selected dropdown option by visible text  Giftsfrom Payment Type

2020-10-16 14:18:37 - [MESSAGE][PASSED] - Object 'Object Repository/MAKE_ PAYMENT/Home_ Page/PAYMENT_TYPE' is visible

2020-10-16 14:18:37 - [MESSAGE][PASSED] - Object 'Object Repository/MAKE_ PAYMENT/Home_ Page/PAYMENT_TYPE' is present

2020-10-16 14:18:38 - [MESSAGE][PASSED] - Object: 'Object Repository/MAKE_ PAYMENT/Home_ Page/PAYMENT_TYPE' is clicked on

2020-10-16 14:18:39 - [MESSAGE][PASSED] - All options with label 'Gifts' are selected in object 'Object Repository/MAKE_ PAYMENT/Home_ Page/PAYMENT_TYPE'  using regular expression

2020-10-16 14:18:39 - [MESSAGE][PASSED] - selected dropdown option by visible text  Giftsfrom Payment Type

2020-10-16 14:18:39 - [TEST_STEP][PASSED] - utilities.SafeActions.safeClick(findTestObject("MAKE_ PAYMENT/Home_ Page/CONTINUE"), "Continue", [pageLoadTime]): Consumer_Payment_Making.ts:Clicked on the Continue

2020-10-16 14:18:39 - [MESSAGE][INFO] - safeClicking

2020-10-16 14:18:40 - [MESSAGE][PASSED] - Object 'Object Repository/MAKE_ PAYMENT/Home_ Page/CONTINUE' is present

2020-10-16 14:18:40 - [MESSAGE][PASSED] - Object 'Object Repository/MAKE_ PAYMENT/Home_ Page/CONTINUE' is clickable

2020-10-16 14:18:48 - [MESSAGE][PASSED] - Object: 'Object Repository/MAKE_ PAYMENT/Home_ Page/CONTINUE' is clicked on

2020-10-16 14:18:48 - [MESSAGE][PASSED] - Consumer_Payment_Making.ts:Clicked on the Continue

2020-10-16 14:18:48 - [TEST_STEP][PASSED] - pages.Payment_Page.setPersonalDetails(firstName, lastName, telephone): Consumer_Payment_Making.ts:Entered'9640400667 into Telephone

2020-10-16 14:18:50 - [MESSAGE][PASSED] - Object 'Object Repository/MAKE_ PAYMENT/Consumer_Personal_ Details/FIRST_NAME' is present

2020-10-16 14:18:50 - [MESSAGE][PASSED] - Object 'Object Repository/MAKE_ PAYMENT/Consumer_Personal_ Details/FIRST_NAME' is visible

2020-10-16 14:18:51 - [MESSAGE][PASSED] - Object 'Object Repository/MAKE_ PAYMENT/Consumer_Personal_ Details/FIRST_NAME' is present

2020-10-16 14:18:52 - [MESSAGE][PASSED] - Text 'Soha' is set on object 'Object Repository/MAKE_ PAYMENT/Consumer_Personal_ Details/FIRST_NAME'

2020-10-16 14:18:52 - [MESSAGE][PASSED] - Consumer_Payment_Making.ts:Entered'Soha into FirstName

2020-10-16 14:18:52 - [MESSAGE][PASSED] - Object 'Object Repository/MAKE_ PAYMENT/Consumer_Personal_ Details/LAST_NAME' is present

2020-10-16 14:18:53 - [MESSAGE][PASSED] - Object 'Object Repository/MAKE_ PAYMENT/Consumer_Personal_ Details/LAST_NAME' is visible

2020-10-16 14:18:53 - [MESSAGE][PASSED] - Object 'Object Repository/MAKE_ PAYMENT/Consumer_Personal_ Details/LAST_NAME' is present

2020-10-16 14:18:54 - [MESSAGE][PASSED] - Text 'brave' is set on object 'Object Repository/MAKE_ PAYMENT/Consumer_Personal_ Details/LAST_NAME'

2020-10-16 14:18:54 - [MESSAGE][PASSED] - Consumer_Payment_Making.ts:Entered'brave into LastName

2020-10-16 14:18:55 - [MESSAGE][PASSED] - Object 'Object Repository/MAKE_ PAYMENT/Consumer_Personal_ Details/TELEPHONE' is present

2020-10-16 14:18:55 - [MESSAGE][PASSED] - Object 'Object Repository/MAKE_ PAYMENT/Consumer_Personal_ Details/TELEPHONE' is visible

2020-10-16 14:18:55 - [MESSAGE][PASSED] - Object 'Object Repository/MAKE_ PAYMENT/Consumer_Personal_ Details/TELEPHONE' is present

2020-10-16 14:18:56 - [MESSAGE][PASSED] - Text '9640400667' is set on object 'Object Repository/MAKE_ PAYMENT/Consumer_Personal_ Details/TELEPHONE'

2020-10-16 14:18:56 - [MESSAGE][PASSED] - Consumer_Payment_Making.ts:Entered'9640400667 into Telephone

2020-10-16 14:18:56 - [TEST_STEP][PASSED] - pages.Payment_Page.setLocationDetails(address, zipCode): Consumer_Payment_Making.ts:Entered'76120 into ZipCode

2020-10-16 14:18:57 - [MESSAGE][PASSED] - Object 'Object Repository/MAKE_ PAYMENT/Consumer_Personal_ Details/ADDRESS' is present

2020-10-16 14:18:57 - [MESSAGE][PASSED] - Object 'Object Repository/MAKE_ PAYMENT/Consumer_Personal_ Details/ADDRESS' is visible

2020-10-16 14:18:57 - [MESSAGE][PASSED] - Object 'Object Repository/MAKE_ PAYMENT/Consumer_Personal_ Details/ADDRESS' is present

2020-10-16 14:18:59 - [MESSAGE][PASSED] - Text '14-2' is set on object 'Object Repository/MAKE_ PAYMENT/Consumer_Personal_ Details/ADDRESS'

2020-10-16 14:18:59 - [MESSAGE][PASSED] - Consumer_Payment_Making.ts:Entered'14-2 into Address

2020-10-16 14:18:59 - [MESSAGE][PASSED] - Object 'Object Repository/MAKE_ PAYMENT/Consumer_Personal_ Details/ZIP_CODE' is present

2020-10-16 14:18:59 - [MESSAGE][PASSED] - Object 'Object Repository/MAKE_ PAYMENT/Consumer_Personal_ Details/ZIP_CODE' is visible

2020-10-16 14:19:00 - [MESSAGE][PASSED] - Object 'Object Repository/MAKE_ PAYMENT/Consumer_Personal_ Details/ZIP_CODE' is present

2020-10-16 14:19:01 - [MESSAGE][PASSED] - Text '76120' is set on object 'Object Repository/MAKE_ PAYMENT/Consumer_Personal_ Details/ZIP_CODE'

2020-10-16 14:19:01 - [MESSAGE][PASSED] - Consumer_Payment_Making.ts:Entered'76120 into ZipCode

2020-10-16 14:19:01 - [TEST_STEP][PASSED] - waitForElementClickable(findTestObject("MAKE_ PAYMENT/Home_ Page/CONTINUE"), 30): Object 'Object Repository/MAKE_ PAYMENT/Home_ Page/CONTINUE' is clickable

2020-10-16 14:19:01 - [MESSAGE][PASSED] - Object 'Object Repository/MAKE_ PAYMENT/Home_ Page/CONTINUE' is clickable

2020-10-16 14:19:01 - [TEST_STEP][PASSED] - pages.Payment_Page.clickOnElement(findTestObject("MAKE_ PAYMENT/Home_ Page/CONTINUE")): pages.Payment_Page.clickOnElement is PASSED

2020-10-16 14:19:06 - [MESSAGE][PASSED] - Execute JavaScript 'arguments[0].click()' successfully

2020-10-16 14:19:06 - [MESSAGE][PASSED] - pages.Payment_Page.clickOnElement is PASSED

2020-10-16 14:19:06 - [TEST_STEP][PASSED] - utilities.SafeActions.safeCheck(findTestObject("MAKE_ PAYMENT/Consumer_Personal_ Details/CheckBox"), "Billing CheckBox", [pageLoadTime]): Consumer_Payment_Making.ts:Checkbox 'Billing CheckBox'is selected

2020-10-16 14:19:08 - [MESSAGE][PASSED] - Object 'Object Repository/MAKE_ PAYMENT/Consumer_Personal_ Details/CheckBox' is present

2020-10-16 14:19:09 - [MESSAGE][PASSED] - Object 'Object Repository/MAKE_ PAYMENT/Consumer_Personal_ Details/CheckBox' is present

2020-10-16 14:19:10 - [MESSAGE][PASSED] - Object: 'Object Repository/MAKE_ PAYMENT/Consumer_Personal_ Details/CheckBox' is clicked on

2020-10-16 14:19:10 - [MESSAGE][PASSED] - Consumer_Payment_Making.ts:Checkbox 'Billing CheckBox'is selected

2020-10-16 14:19:10 - [TEST_STEP][PASSED] - waitForPageLoad(0): Wait for page load successfully

2020-10-16 14:19:10 - [MESSAGE][WARNING] - Timeout '0' is invalid. Using default page load timeout: '30'

2020-10-16 14:19:19 - [MESSAGE][PASSED] - Wait for page load successfully

2020-10-16 14:19:19 - [TEST_STEP][PASSED] - utilities.SafeActions.safeClick(findTestObject("MAKE_ PAYMENT/Home_ Page/CONTINUE"), "Continue", [pageLoadTime]): Consumer_Payment_Making.ts:Clicked on the Continue

2020-10-16 14:19:20 - [MESSAGE][INFO] - safeClicking

2020-10-16 14:19:22 - [MESSAGE][PASSED] - Object 'Object Repository/MAKE_ PAYMENT/Home_ Page/CONTINUE' is present

2020-10-16 14:19:22 - [MESSAGE][PASSED] - Object 'Object Repository/MAKE_ PAYMENT/Home_ Page/CONTINUE' is clickable

2020-10-16 14:19:27 - [MESSAGE][PASSED] - Object: 'Object Repository/MAKE_ PAYMENT/Home_ Page/CONTINUE' is clicked on

2020-10-16 14:19:27 - [MESSAGE][PASSED] - Consumer_Payment_Making.ts:Clicked on the Continue

2020-10-16 14:19:27 - [TEST_STEP][PASSED] - pages.Payment_Page.setCardDetails(cardNum, securityCode, expYear, expMonth): Actual text '6510000000000133' and expected text '6510000000000133' are matched  using regular expression

2020-10-16 14:19:29 - [MESSAGE][PASSED] - Object 'Object Repository/MAKE_ PAYMENT/Consumer_Personal_ Details/CARD_NUM' is present

2020-10-16 14:19:29 - [MESSAGE][PASSED] - Object 'Object Repository/MAKE_ PAYMENT/Consumer_Personal_ Details/CARD_NUM' is visible

2020-10-16 14:19:29 - [MESSAGE][PASSED] - Object 'Object Repository/MAKE_ PAYMENT/Consumer_Personal_ Details/CARD_NUM' is present

2020-10-16 14:19:30 - [MESSAGE][PASSED] - Text '6510000000000133' is set on object 'Object Repository/MAKE_ PAYMENT/Consumer_Personal_ Details/CARD_NUM'

2020-10-16 14:19:30 - [MESSAGE][PASSED] - Consumer_Payment_Making.ts:Entered'6510000000000133 into CardNum

2020-10-16 14:19:31 - [MESSAGE][PASSED] - Object 'Object Repository/MAKE_ PAYMENT/Consumer_Personal_ Details/EXP_MONTH' is visible

2020-10-16 14:19:31 - [MESSAGE][PASSED] - Object 'Object Repository/MAKE_ PAYMENT/Consumer_Personal_ Details/EXP_MONTH' is present

2020-10-16 14:19:32 - [MESSAGE][PASSED] - Object: 'Object Repository/MAKE_ PAYMENT/Consumer_Personal_ Details/EXP_MONTH' is clicked on

2020-10-16 14:19:34 - [MESSAGE][PASSED] - All options with label '05' are selected in object 'Object Repository/MAKE_ PAYMENT/Consumer_Personal_ Details/EXP_MONTH'  using regular expression

2020-10-16 14:19:34 - [MESSAGE][PASSED] - selected dropdown option by visible text  05from Month

2020-10-16 14:19:34 - [MESSAGE][PASSED] - Object 'Object Repository/MAKE_ PAYMENT/Consumer_Personal_ Details/EXP_YEAR' is visible

2020-10-16 14:19:34 - [MESSAGE][PASSED] - Object 'Object Repository/MAKE_ PAYMENT/Consumer_Personal_ Details/EXP_YEAR' is present

2020-10-16 14:19:35 - [MESSAGE][PASSED] - Object: 'Object Repository/MAKE_ PAYMENT/Consumer_Personal_ Details/EXP_YEAR' is clicked on

2020-10-16 14:19:37 - [MESSAGE][PASSED] - All options with label '2021' are selected in object 'Object Repository/MAKE_ PAYMENT/Consumer_Personal_ Details/EXP_YEAR'  using regular expression

2020-10-16 14:19:37 - [MESSAGE][PASSED] - selected dropdown option by visible text  2021from year

2020-10-16 14:19:37 - [MESSAGE][PASSED] - Object 'Object Repository/MAKE_ PAYMENT/Consumer_Personal_ Details/SECURITY_CODE' is present

2020-10-16 14:19:37 - [MESSAGE][PASSED] - Object 'Object Repository/MAKE_ PAYMENT/Consumer_Personal_ Details/SECURITY_CODE' is visible

2020-10-16 14:19:38 - [MESSAGE][PASSED] - Object 'Object Repository/MAKE_ PAYMENT/Consumer_Personal_ Details/SECURITY_CODE' is present

2020-10-16 14:19:39 - [MESSAGE][PASSED] - Text '207' is set on object 'Object Repository/MAKE_ PAYMENT/Consumer_Personal_ Details/SECURITY_CODE'

2020-10-16 14:19:39 - [MESSAGE][PASSED] - Consumer_Payment_Making.ts:Entered'207 into SecurityCode

2020-10-16 14:19:39 - [MESSAGE][PASSED] - Attribute 'value' of object 'Object Repository/MAKE_ PAYMENT/Consumer_Personal_ Details/CARD_NUM' is: '6510000000000133'

2020-10-16 14:19:39 - [MESSAGE][PASSED] - Actual text '6510000000000133' and expected text '6510000000000133' are matched  using regular expression

2020-10-16 14:19:39 - [TEST_STEP][PASSED] - utilities.SafeActions.safeType(findTestObject("MAKE_ PAYMENT/Consumer_Personal_ Details/EMAIL_ADDRESS"), emailAddress, "EmailAddress", [pageLoadTime]): Consumer_Payment_Making.ts:Entered'testing@zenq.com into EmailAddress

2020-10-16 14:19:40 - [MESSAGE][PASSED] - Object 'Object Repository/MAKE_ PAYMENT/Consumer_Personal_ Details/EMAIL_ADDRESS' is present

2020-10-16 14:19:40 - [MESSAGE][PASSED] - Object 'Object Repository/MAKE_ PAYMENT/Consumer_Personal_ Details/EMAIL_ADDRESS' is visible

2020-10-16 14:19:40 - [MESSAGE][PASSED] - Object 'Object Repository/MAKE_ PAYMENT/Consumer_Personal_ Details/EMAIL_ADDRESS' is present

2020-10-16 14:19:41 - [MESSAGE][PASSED] - Text 'testing@zenq.com' is set on object 'Object Repository/MAKE_ PAYMENT/Consumer_Personal_ Details/EMAIL_ADDRESS'

2020-10-16 14:19:41 - [MESSAGE][PASSED] - Consumer_Payment_Making.ts:Entered'testing@zenq.com into EmailAddress

2020-10-16 14:19:41 - [TEST_STEP][PASSED] - utilities.SafeActions.safeClick(findTestObject("MAKE_ PAYMENT/Home_ Page/CONTINUE"), "Continue", [pageLoadTime]): Consumer_Payment_Making.ts:Clicked on the Continue

2020-10-16 14:19:41 - [MESSAGE][INFO] - safeClicking

2020-10-16 14:19:42 - [MESSAGE][PASSED] - Object 'Object Repository/MAKE_ PAYMENT/Home_ Page/CONTINUE' is present

2020-10-16 14:19:42 - [MESSAGE][PASSED] - Object 'Object Repository/MAKE_ PAYMENT/Home_ Page/CONTINUE' is clickable

2020-10-16 14:19:46 - [MESSAGE][PASSED] - Object: 'Object Repository/MAKE_ PAYMENT/Home_ Page/CONTINUE' is clicked on

2020-10-16 14:19:46 - [MESSAGE][PASSED] - Consumer_Payment_Making.ts:Clicked on the Continue

2020-10-16 14:19:46 - [TEST_STEP][PASSED] - utilities.SafeActions.safeClick(findTestObject("MAKE_ PAYMENT/Consumer_Personal_ Details/I_AGREE"), "I agree", [pageLoadTime]): Consumer_Payment_Making.ts:Clicked on the I agree

2020-10-16 14:19:47 - [MESSAGE][INFO] - safeClicking

2020-10-16 14:19:51 - [MESSAGE][PASSED] - Object 'Object Repository/MAKE_ PAYMENT/Consumer_Personal_ Details/I_AGREE' is present

2020-10-16 14:19:51 - [MESSAGE][PASSED] - Object 'Object Repository/MAKE_ PAYMENT/Consumer_Personal_ Details/I_AGREE' is clickable

2020-10-16 14:19:56 - [MESSAGE][PASSED] - Object: 'Object Repository/MAKE_ PAYMENT/Consumer_Personal_ Details/I_AGREE' is clicked on

2020-10-16 14:19:56 - [MESSAGE][PASSED] - Consumer_Payment_Making.ts:Clicked on the I agree

2020-10-16 14:19:56 - [TEST_STEP][PASSED] - pages.Payment_Page.verifyUserDetails(firstName, lastName, emailAddress, cardType, ""): CardType matched

2020-10-16 14:19:57 - [MESSAGE][PASSED] - Scroll to object 'Object Repository/MAKE_ PAYMENT/Verification_ Details/FIRST_NAME' successfully

2020-10-16 14:19:58 - [MESSAGE][PASSED] - Text of object 'Object Repository/MAKE_ PAYMENT/Verification_ Details/FIRST_NAME' is: 'Soha'

2020-10-16 14:19:58 - [MESSAGE][PASSED] - Actual text 'Soha' and expected text 'Soha' are matched  using regular expression

2020-10-16 14:19:58 - [MESSAGE][PASSED] - Text of object 'Object Repository/MAKE_ PAYMENT/Verification_ Details/LAST_NAME' is: 'brave'

2020-10-16 14:19:58 - [MESSAGE][PASSED] - Actual text 'brave' and expected text 'brave' are matched  using regular expression

2020-10-16 14:20:01 - [MESSAGE][PASSED] - Text of object 'Object Repository/MAKE_ PAYMENT/Verification_ Details/EMAIL_ADDRESS' is: 'testing@zenq.com'

2020-10-16 14:20:01 - [MESSAGE][PASSED] - Actual text 'testing@zenq.com' and expected text 'testing@zenq.com' are matched  using regular expression

2020-10-16 14:20:01 - [MESSAGE][PASSED] - Text of object 'Object Repository/MAKE_ PAYMENT/Verification_ Details/CARD_TYPE' is: 'Discover'

2020-10-16 14:20:01 - [MESSAGE][PASSED] - Actual text 'Discover' and expected text 'Discover' are matched  using regular expression

2020-10-16 14:20:01 - [MESSAGE][PASSED] - CardType matched

2020-10-16 14:20:01 - [TEST_STEP][PASSED] - utilities.SafeActions.safeClick(findTestObject("MAKE_ PAYMENT/Verification_ Details/PROCESS_PAYMENT"), "Process Payment", [pageLoadTime]): Consumer_Payment_Making.ts:Clicked on the Process Payment

2020-10-16 14:20:01 - [MESSAGE][INFO] - safeClicking

2020-10-16 14:20:01 - [MESSAGE][PASSED] - Object 'Object Repository/MAKE_ PAYMENT/Verification_ Details/PROCESS_PAYMENT' is present

2020-10-16 14:20:02 - [MESSAGE][PASSED] - Object 'Object Repository/MAKE_ PAYMENT/Verification_ Details/PROCESS_PAYMENT' is clickable

2020-10-16 14:20:03 - [MESSAGE][PASSED] - Object: 'Object Repository/MAKE_ PAYMENT/Verification_ Details/PROCESS_PAYMENT' is clicked on

2020-10-16 14:20:03 - [MESSAGE][PASSED] - Consumer_Payment_Making.ts:Clicked on the Process Payment

2020-10-16 14:20:03 - [TEST_STEP][PASSED] - utilities.SafeActions.safeClick(findTestObject("MAKE_ PAYMENT/Verification_ Details/YES_BUTTON"), "yes button", [pageLoadTime]): Consumer_Payment_Making.ts:Clicked on the yes button

2020-10-16 14:20:03 - [MESSAGE][INFO] - safeClicking

2020-10-16 14:20:03 - [MESSAGE][PASSED] - Object 'Object Repository/MAKE_ PAYMENT/Verification_ Details/YES_BUTTON' is present

2020-10-16 14:20:04 - [MESSAGE][PASSED] - Object 'Object Repository/MAKE_ PAYMENT/Verification_ Details/YES_BUTTON' is clickable

2020-10-16 14:20:09 - [MESSAGE][PASSED] - Object: 'Object Repository/MAKE_ PAYMENT/Verification_ Details/YES_BUTTON' is clicked on

2020-10-16 14:20:09 - [MESSAGE][PASSED] - Consumer_Payment_Making.ts:Clicked on the yes button

2020-10-16 14:20:09 - [TEST_STEP][PASSED] - PaymentID = pages.Payment_Page.verifyCardPaymentApproval(referenceNum): pages.Payment_Page.verifyCardPaymentApproval is PASSED

2020-10-16 14:20:12 - [MESSAGE][PASSED] - Text of object 'Object Repository/MAKE_ PAYMENT/Verification_ Details/PAY_ID_CARD' is: '100176130094'

2020-10-16 14:20:15 - [MESSAGE][PASSED] - Text of object 'Object Repository/MAKE_ PAYMENT/Verification_ Details/REFERENCE_NUM' is: '12'

2020-10-16 14:20:15 - [MESSAGE][PASSED] - pages.Payment_Page.verifyCardPaymentApproval is PASSED

2020-10-16 14:20:15 - [TEST_STEP][PASSED] - utilities.SafeActions.safeClick(findTestObject("SEARCH_PAYMENT/SEARCH_PAYMENT"), "Search Payment", [pageLoadTime]): Consumer_Payment_Making.ts:Clicked on the Search Payment

2020-10-16 14:20:15 - [MESSAGE][INFO] - safeClicking

2020-10-16 14:20:16 - [MESSAGE][PASSED] - Object 'Object Repository/SEARCH_PAYMENT/SEARCH_PAYMENT' is present

2020-10-16 14:20:16 - [MESSAGE][PASSED] - Object 'Object Repository/SEARCH_PAYMENT/SEARCH_PAYMENT' is clickable

2020-10-16 14:20:17 - [MESSAGE][PASSED] - Object: 'Object Repository/SEARCH_PAYMENT/SEARCH_PAYMENT' is clicked on

2020-10-16 14:20:17 - [MESSAGE][PASSED] - Consumer_Payment_Making.ts:Clicked on the Search Payment

2020-10-16 14:20:17 - [TEST_STEP][PASSED] - waitForPageLoad(10): Wait for page load successfully

2020-10-16 14:20:17 - [MESSAGE][PASSED] - Wait for page load successfully

2020-10-16 14:20:17 - [TEST_STEP][PASSED] - pages.Search_Page.switchToWindow(): pages.Search_Page.switchToWindow is PASSED

2020-10-16 14:20:19 - [MESSAGE][PASSED] - Object: 'Object Repository/SEARCH_PAYMENT/SEARCH_PAYMENT' is clicked on

2020-10-16 14:20:19 - [MESSAGE][PASSED] - Switched to window with index: '1'

2020-10-16 14:20:19 - [MESSAGE][PASSED] - pages.Search_Page.switchToWindow is PASSED

2020-10-16 14:20:19 - [TEST_STEP][PASSED] - utilities.SafeActions.safeCheck(findTestObject("SEARCH_PAYMENT/CREDIT_OR_DEBIT_CARD"), "Credit card", [pageLoadTime]): Consumer_Payment_Making.ts:Checkbox 'Credit card'is selected

2020-10-16 14:20:43 - [MESSAGE][PASSED] - Object 'Object Repository/SEARCH_PAYMENT/CREDIT_OR_DEBIT_CARD' is present

2020-10-16 14:20:44 - [MESSAGE][PASSED] - Object 'Object Repository/SEARCH_PAYMENT/CREDIT_OR_DEBIT_CARD' is present

2020-10-16 14:20:46 - [MESSAGE][PASSED] - Object: 'Object Repository/SEARCH_PAYMENT/CREDIT_OR_DEBIT_CARD' is clicked on

2020-10-16 14:20:46 - [MESSAGE][PASSED] - Consumer_Payment_Making.ts:Checkbox 'Credit card'is selected

2020-10-16 14:20:46 - [TEST_STEP][PASSED] - pages.Search_Page.setSearchDetails(lastName, cardNum, accNum): Credit card is checked and cardNum is entered 

2020-10-16 14:20:46 - [MESSAGE][PASSED] - Object 'Object Repository/SEARCH_PAYMENT/BILLING_LAST_NAME' is present

2020-10-16 14:20:46 - [MESSAGE][PASSED] - Object 'Object Repository/SEARCH_PAYMENT/BILLING_LAST_NAME' is visible

2020-10-16 14:20:47 - [MESSAGE][PASSED] - Object 'Object Repository/SEARCH_PAYMENT/BILLING_LAST_NAME' is present

2020-10-16 14:20:48 - [MESSAGE][PASSED] - Text 'brave' is set on object 'Object Repository/SEARCH_PAYMENT/BILLING_LAST_NAME'

2020-10-16 14:20:48 - [MESSAGE][PASSED] - Consumer_Payment_Making.ts:Entered'brave into LastName

2020-10-16 14:20:48 - [MESSAGE][PASSED] - Object 'Object Repository/SEARCH_PAYMENT/CREDIT_OR_DEBIT_CARD' is checked

2020-10-16 14:20:49 - [MESSAGE][PASSED] - Object 'Object Repository/SEARCH_PAYMENT/CARD_NUMBER' is present

2020-10-16 14:20:49 - [MESSAGE][PASSED] - Object 'Object Repository/SEARCH_PAYMENT/CARD_NUMBER' is visible

2020-10-16 14:20:49 - [MESSAGE][PASSED] - Object 'Object Repository/SEARCH_PAYMENT/CARD_NUMBER' is present

2020-10-16 14:20:51 - [MESSAGE][PASSED] - Text '6510000000000133' is set on object 'Object Repository/SEARCH_PAYMENT/CARD_NUMBER'

2020-10-16 14:20:51 - [MESSAGE][PASSED] - Consumer_Payment_Making.ts:Entered'6510000000000133 into CArdNum

2020-10-16 14:20:51 - [MESSAGE][PASSED] - Credit card is checked and cardNum is entered 

2020-10-16 14:20:51 - [TEST_STEP][PASSED] - utilities.SafeActions.safeClick(findTestObject("SEARCH_PAYMENT/SEARCH_BUTTON"), "Search", [pageLoadTime]): Consumer_Payment_Making.ts:Clicked on the Search

2020-10-16 14:20:51 - [MESSAGE][INFO] - safeClicking

2020-10-16 14:20:51 - [MESSAGE][PASSED] - Object 'Object Repository/SEARCH_PAYMENT/SEARCH_BUTTON' is present

2020-10-16 14:20:51 - [MESSAGE][PASSED] - Object 'Object Repository/SEARCH_PAYMENT/SEARCH_BUTTON' is clickable

2020-10-16 14:21:43 - [MESSAGE][PASSED] - Object: 'Object Repository/SEARCH_PAYMENT/SEARCH_BUTTON' is clicked on

2020-10-16 14:21:43 - [MESSAGE][PASSED] - Consumer_Payment_Making.ts:Clicked on the Search

2020-10-16 14:21:43 - [TEST_STEP][PASSED] - pages.Payment_Page.verifyPaymentDetailsInReceipt(PaymentID): pages.Payment_Page.verifyPaymentDetailsInReceipt is PASSED

2020-10-16 14:21:48 - [MESSAGE][PASSED] - Text of object 'Object Repository/SEARCH_PAYMENT/REFERNCE_NUM' is: '22'

2020-10-16 14:21:48 - [MESSAGE][PASSED] - Text of object 'Object Repository/SEARCH_PAYMENT/PAYMENT_ID' is: '100176130098'

2020-10-16 14:21:48 - [MESSAGE][PASSED] - pages.Payment_Page.verifyPaymentDetailsInReceipt is PASSED

2020-10-16 14:21:48 - [TEST_STEP][PASSED] - utilities.SafeActions.safeClick(findTestObject("SEARCH_PAYMENT/SEARCH_ ICON"), "SearchIcon", [pageLoadTime]): Consumer_Payment_Making.ts:Clicked on the SearchIcon

2020-10-16 14:21:48 - [MESSAGE][INFO] - safeClicking

2020-10-16 14:21:49 - [MESSAGE][PASSED] - Object 'Object Repository/SEARCH_PAYMENT/SEARCH_ ICON' is present

2020-10-16 14:21:49 - [MESSAGE][PASSED] - Object 'Object Repository/SEARCH_PAYMENT/SEARCH_ ICON' is clickable

2020-10-16 14:21:50 - [MESSAGE][PASSED] - Object: 'Object Repository/SEARCH_PAYMENT/SEARCH_ ICON' is clicked on

2020-10-16 14:21:50 - [MESSAGE][PASSED] - Consumer_Payment_Making.ts:Clicked on the SearchIcon

2020-10-16 14:21:50 - [TEST_STEP][PASSED] - delay(2): Delayed 2 second(s)

2020-10-16 14:21:52 - [MESSAGE][PASSED] - Delayed 2 second(s)

2020-10-16 14:21:52 - [TEST_STEP][PASSED] - scrollToElement(findTestObject("SEARCH_PAYMENT/CLOSE_BUTTON"), 0): Scroll to object 'Object Repository/SEARCH_PAYMENT/CLOSE_BUTTON' successfully

2020-10-16 14:21:52 - [MESSAGE][WARNING] - Timeout '0' is invalid. Using default page load timeout: '30'

2020-10-16 14:21:55 - [MESSAGE][PASSED] - Scroll to object 'Object Repository/SEARCH_PAYMENT/CLOSE_BUTTON' successfully

2020-10-16 14:21:55 - [TEST_STEP][PASSED] - utilities.SafeActions.safeClick(findTestObject("SEARCH_PAYMENT/EMAIL_ RECEIPT"), "Email Receipt", [pageLoadTime]): Consumer_Payment_Making.ts:Clicked on the Email Receipt

2020-10-16 14:21:55 - [MESSAGE][INFO] - safeClicking

2020-10-16 14:21:55 - [MESSAGE][PASSED] - Object 'Object Repository/SEARCH_PAYMENT/EMAIL_ RECEIPT' is present

2020-10-16 14:21:56 - [MESSAGE][PASSED] - Object 'Object Repository/SEARCH_PAYMENT/EMAIL_ RECEIPT' is clickable

2020-10-16 14:21:57 - [MESSAGE][PASSED] - Object: 'Object Repository/SEARCH_PAYMENT/EMAIL_ RECEIPT' is clicked on

2020-10-16 14:21:57 - [MESSAGE][PASSED] - Consumer_Payment_Making.ts:Clicked on the Email Receipt

2020-10-16 14:21:57 - [TEST_STEP][PASSED] - utilities.SafeActions.safeClick(findTestObject("SEARCH_PAYMENT/SEND_ EMAIL_BUTTON"), "Send Email", [pageLoadTime]): Consumer_Payment_Making.ts:Clicked on the Send Email

2020-10-16 14:21:57 - [MESSAGE][INFO] - safeClicking

2020-10-16 14:21:58 - [MESSAGE][PASSED] - Object 'Object Repository/SEARCH_PAYMENT/SEND_ EMAIL_BUTTON' is present

2020-10-16 14:21:58 - [MESSAGE][PASSED] - Object 'Object Repository/SEARCH_PAYMENT/SEND_ EMAIL_BUTTON' is clickable

2020-10-16 14:21:59 - [MESSAGE][PASSED] - Object: 'Object Repository/SEARCH_PAYMENT/SEND_ EMAIL_BUTTON' is clicked on

2020-10-16 14:21:59 - [MESSAGE][PASSED] - Consumer_Payment_Making.ts:Clicked on the Send Email

2020-10-16 14:21:59 - [TEST_STEP][PASSED] - Start listener action : afterTestCase: Browser is closed

2020-10-16 14:21:59 - [TEST_STEP][PASSED] - closeBrowser(): Browser is closed

2020-10-16 14:22:00 - [MESSAGE][PASSED] - Browser is closed]]></system-out>
         <system-err><![CDATA[]]></system-err>
      </testcase>
      <testcase name="Test Cases/Consumer_Make_Payment/TC_003_Echeck_Checking_SingleLine_Payment" time="280.276" classname="Test Cases/Consumer_Make_Payment/TC_003_Echeck_Checking_SingleLine_Payment" status="PASSED">
         <system-out><![CDATA[2020-10-16 14:22:00 - [TEST_CASE][PASSED] - Test Cases/Consumer_Make_Payment/TC_003_Echeck_Checking_SingleLine_Payment: Test Cases/Consumer_Make_Payment/TC_003_Echeck_Checking_SingleLine_Payment

2020-10-16 14:22:01 - [TEST_STEP][PASSED] - Start listener action : beforeTestCase: null

2020-10-16 14:22:01 - [TEST_STEP][PASSED] - utilities.SafeActions.openBrowser(certpay_url, [pageLoadTime]): Browser launched successfully

2020-10-16 14:22:01 - [MESSAGE][INFO] - Opening Browser

2020-10-16 14:22:01 - [MESSAGE][INFO] - Starting 'Chrome' driver

2020-10-16 14:22:19 - [MESSAGE][PASSED] - Browser is opened with url: 'https://qa-certpay.faps.net/'

2020-10-16 14:22:21 - [MESSAGE][PASSED] - Current window maximized

2020-10-16 14:22:21 - [MESSAGE][PASSED] - Browser launched successfully

2020-10-16 14:22:21 - [TEST_STEP][PASSED] - utilities.SafeActions.safeType(findTestObject("MAKE_ PAYMENT/Home_ Page/BUREAU_CODE"), bureauCode, "Bureau code", [pageLoadTime]): Consumer_Payment_Making.ts:Entered'6100000 into Bureau code

2020-10-16 14:22:51 - [MESSAGE][PASSED] - Object 'Object Repository/MAKE_ PAYMENT/Home_ Page/BUREAU_CODE' is present

2020-10-16 14:23:22 - [MESSAGE][PASSED] - Object 'Object Repository/MAKE_ PAYMENT/Home_ Page/BUREAU_CODE' is visible

2020-10-16 14:23:46 - [MESSAGE][PASSED] - Object 'Object Repository/MAKE_ PAYMENT/Home_ Page/BUREAU_CODE' is present

2020-10-16 14:23:48 - [MESSAGE][PASSED] - Text '6100000' is set on object 'Object Repository/MAKE_ PAYMENT/Home_ Page/BUREAU_CODE'

2020-10-16 14:23:48 - [MESSAGE][PASSED] - Consumer_Payment_Making.ts:Entered'6100000 into Bureau code

2020-10-16 14:23:48 - [TEST_STEP][PASSED] - utilities.SafeActions.safeClick(findTestObject("MAKE_ PAYMENT/Home_ Page/BEGIN_PAYMENT"), "Begin payment", [pageLoadTime]): Consumer_Payment_Making.ts:Clicked on the Begin payment

2020-10-16 14:23:48 - [MESSAGE][INFO] - safeClicking

2020-10-16 14:23:48 - [MESSAGE][PASSED] - Object 'Object Repository/MAKE_ PAYMENT/Home_ Page/BEGIN_PAYMENT' is present

2020-10-16 14:23:48 - [MESSAGE][PASSED] - Object 'Object Repository/MAKE_ PAYMENT/Home_ Page/BEGIN_PAYMENT' is clickable

2020-10-16 14:23:56 - [MESSAGE][PASSED] - Object: 'Object Repository/MAKE_ PAYMENT/Home_ Page/BEGIN_PAYMENT' is clicked on

2020-10-16 14:23:56 - [MESSAGE][PASSED] - Consumer_Payment_Making.ts:Clicked on the Begin payment

2020-10-16 14:23:56 - [TEST_STEP][PASSED] - utilities.SafeActions.safeClick(findTestObject("MAKE_ PAYMENT/Home_ Page/NEXT_BUTTON"), "Continue", [pageLoadTime]): Consumer_Payment_Making.ts:Clicked on the Continue

2020-10-16 14:23:56 - [MESSAGE][INFO] - safeClicking

2020-10-16 14:23:58 - [MESSAGE][PASSED] - Object 'Object Repository/MAKE_ PAYMENT/Home_ Page/NEXT_BUTTON' is present

2020-10-16 14:23:58 - [MESSAGE][PASSED] - Object 'Object Repository/MAKE_ PAYMENT/Home_ Page/NEXT_BUTTON' is clickable

2020-10-16 14:24:05 - [MESSAGE][PASSED] - Object: 'Object Repository/MAKE_ PAYMENT/Home_ Page/NEXT_BUTTON' is clicked on

2020-10-16 14:24:05 - [MESSAGE][PASSED] - Consumer_Payment_Making.ts:Clicked on the Continue

2020-10-16 14:24:05 - [TEST_STEP][PASSED] - utilities.SafeActions.safeCheck(findTestObject("MAKE_ PAYMENT/Home_ Page/ELECTRONIC_CHECK"), "Echeck", [pageLoadTime]): Consumer_Payment_Making.ts:Checkbox 'Echeck'is selected

2020-10-16 14:24:06 - [MESSAGE][PASSED] - Object 'Object Repository/MAKE_ PAYMENT/Home_ Page/ELECTRONIC_CHECK' is present

2020-10-16 14:24:07 - [MESSAGE][PASSED] - Object 'Object Repository/MAKE_ PAYMENT/Home_ Page/ELECTRONIC_CHECK' is present

2020-10-16 14:24:08 - [MESSAGE][PASSED] - Object: 'Object Repository/MAKE_ PAYMENT/Home_ Page/ELECTRONIC_CHECK' is clicked on

2020-10-16 14:24:08 - [MESSAGE][PASSED] - Consumer_Payment_Making.ts:Checkbox 'Echeck'is selected

2020-10-16 14:24:08 - [TEST_STEP][PASSED] - pages.Payment_Page.setAmount("1", paymentAmount, "testing", referenceNum): Consumer_Payment_Making.ts:Entered'testing into Comments

2020-10-16 14:24:21 - [MESSAGE][PASSED] - Object '' is present

2020-10-16 14:24:21 - [MESSAGE][PASSED] - Object '' is visible

2020-10-16 14:24:21 - [MESSAGE][PASSED] - Object '' is present

2020-10-16 14:24:22 - [MESSAGE][PASSED] - Text '30.00' is set on object ''

2020-10-16 14:24:22 - [MESSAGE][PASSED] - Consumer_Payment_Making.ts:Entered'30.00 into Amount

2020-10-16 14:24:23 - [MESSAGE][PASSED] - Object '' is present

2020-10-16 14:24:23 - [MESSAGE][PASSED] - Object '' is visible

2020-10-16 14:24:23 - [MESSAGE][PASSED] - Object '' is present

2020-10-16 14:24:24 - [MESSAGE][PASSED] - Text '13' is set on object ''

2020-10-16 14:24:24 - [MESSAGE][PASSED] - Consumer_Payment_Making.ts:Entered'13 into Amount

2020-10-16 14:24:25 - [MESSAGE][PASSED] - Object '' is present

2020-10-16 14:24:25 - [MESSAGE][PASSED] - Object '' is visible

2020-10-16 14:24:25 - [MESSAGE][PASSED] - Object '' is present

2020-10-16 14:24:27 - [MESSAGE][PASSED] - Text 'testing' is set on object ''

2020-10-16 14:24:27 - [MESSAGE][PASSED] - Consumer_Payment_Making.ts:Entered'testing into Comments

2020-10-16 14:24:27 - [TEST_STEP][PASSED] - utilities.SafeActions.safeSelectOptionInDropdownByVisibleText(findTestObject("MAKE_ PAYMENT/Home_ Page/PAYMENT_TYPE"), paymentType, "Payment Type", [pageLoadTime]): selected dropdown option by visible text  Licensesfrom Payment Type

2020-10-16 14:24:27 - [MESSAGE][PASSED] - Object 'Object Repository/MAKE_ PAYMENT/Home_ Page/PAYMENT_TYPE' is visible

2020-10-16 14:24:27 - [MESSAGE][PASSED] - Object 'Object Repository/MAKE_ PAYMENT/Home_ Page/PAYMENT_TYPE' is present

2020-10-16 14:24:29 - [MESSAGE][PASSED] - Object: 'Object Repository/MAKE_ PAYMENT/Home_ Page/PAYMENT_TYPE' is clicked on

2020-10-16 14:24:30 - [MESSAGE][PASSED] - All options with label 'Licenses' are selected in object 'Object Repository/MAKE_ PAYMENT/Home_ Page/PAYMENT_TYPE'  using regular expression

2020-10-16 14:24:30 - [MESSAGE][PASSED] - selected dropdown option by visible text  Licensesfrom Payment Type

2020-10-16 14:24:30 - [TEST_STEP][PASSED] - utilities.SafeActions.safeClick(findTestObject("MAKE_ PAYMENT/Home_ Page/CONTINUE"), "Continue", [pageLoadTime]): Consumer_Payment_Making.ts:Clicked on the Continue

2020-10-16 14:24:30 - [MESSAGE][INFO] - safeClicking

2020-10-16 14:24:30 - [MESSAGE][PASSED] - Object 'Object Repository/MAKE_ PAYMENT/Home_ Page/CONTINUE' is present

2020-10-16 14:24:30 - [MESSAGE][PASSED] - Object 'Object Repository/MAKE_ PAYMENT/Home_ Page/CONTINUE' is clickable

2020-10-16 14:24:37 - [MESSAGE][PASSED] - Object: 'Object Repository/MAKE_ PAYMENT/Home_ Page/CONTINUE' is clicked on

2020-10-16 14:24:37 - [MESSAGE][PASSED] - Consumer_Payment_Making.ts:Clicked on the Continue

2020-10-16 14:24:37 - [TEST_STEP][PASSED] - pages.Payment_Page.setPersonalDetails(firstName, lastName, telephone): Consumer_Payment_Making.ts:Entered'9898982244 into Telephone

2020-10-16 14:24:39 - [MESSAGE][PASSED] - Object 'Object Repository/MAKE_ PAYMENT/Consumer_Personal_ Details/FIRST_NAME' is present

2020-10-16 14:24:39 - [MESSAGE][PASSED] - Object 'Object Repository/MAKE_ PAYMENT/Consumer_Personal_ Details/FIRST_NAME' is visible

2020-10-16 14:24:39 - [MESSAGE][PASSED] - Object 'Object Repository/MAKE_ PAYMENT/Consumer_Personal_ Details/FIRST_NAME' is present

2020-10-16 14:24:41 - [MESSAGE][PASSED] - Text 'rema' is set on object 'Object Repository/MAKE_ PAYMENT/Consumer_Personal_ Details/FIRST_NAME'

2020-10-16 14:24:41 - [MESSAGE][PASSED] - Consumer_Payment_Making.ts:Entered'rema into FirstName

2020-10-16 14:24:41 - [MESSAGE][PASSED] - Object 'Object Repository/MAKE_ PAYMENT/Consumer_Personal_ Details/LAST_NAME' is present

2020-10-16 14:24:41 - [MESSAGE][PASSED] - Object 'Object Repository/MAKE_ PAYMENT/Consumer_Personal_ Details/LAST_NAME' is visible

2020-10-16 14:24:42 - [MESSAGE][PASSED] - Object 'Object Repository/MAKE_ PAYMENT/Consumer_Personal_ Details/LAST_NAME' is present

2020-10-16 14:24:43 - [MESSAGE][PASSED] - Text 'reiza' is set on object 'Object Repository/MAKE_ PAYMENT/Consumer_Personal_ Details/LAST_NAME'

2020-10-16 14:24:43 - [MESSAGE][PASSED] - Consumer_Payment_Making.ts:Entered'reiza into LastName

2020-10-16 14:24:43 - [MESSAGE][PASSED] - Object 'Object Repository/MAKE_ PAYMENT/Consumer_Personal_ Details/TELEPHONE' is present

2020-10-16 14:24:44 - [MESSAGE][PASSED] - Object 'Object Repository/MAKE_ PAYMENT/Consumer_Personal_ Details/TELEPHONE' is visible

2020-10-16 14:24:44 - [MESSAGE][PASSED] - Object 'Object Repository/MAKE_ PAYMENT/Consumer_Personal_ Details/TELEPHONE' is present

2020-10-16 14:24:45 - [MESSAGE][PASSED] - Text '9898982244' is set on object 'Object Repository/MAKE_ PAYMENT/Consumer_Personal_ Details/TELEPHONE'

2020-10-16 14:24:45 - [MESSAGE][PASSED] - Consumer_Payment_Making.ts:Entered'9898982244 into Telephone

2020-10-16 14:24:45 - [TEST_STEP][PASSED] - pages.Payment_Page.setLocationDetails(address, zipCode): Consumer_Payment_Making.ts:Entered'76103 into ZipCode

2020-10-16 14:24:46 - [MESSAGE][PASSED] - Object 'Object Repository/MAKE_ PAYMENT/Consumer_Personal_ Details/ADDRESS' is present

2020-10-16 14:24:46 - [MESSAGE][PASSED] - Object 'Object Repository/MAKE_ PAYMENT/Consumer_Personal_ Details/ADDRESS' is visible

2020-10-16 14:24:46 - [MESSAGE][PASSED] - Object 'Object Repository/MAKE_ PAYMENT/Consumer_Personal_ Details/ADDRESS' is present

2020-10-16 14:24:48 - [MESSAGE][PASSED] - Text '15-4' is set on object 'Object Repository/MAKE_ PAYMENT/Consumer_Personal_ Details/ADDRESS'

2020-10-16 14:24:48 - [MESSAGE][PASSED] - Consumer_Payment_Making.ts:Entered'15-4 into Address

2020-10-16 14:24:48 - [MESSAGE][PASSED] - Object 'Object Repository/MAKE_ PAYMENT/Consumer_Personal_ Details/ZIP_CODE' is present

2020-10-16 14:24:48 - [MESSAGE][PASSED] - Object 'Object Repository/MAKE_ PAYMENT/Consumer_Personal_ Details/ZIP_CODE' is visible

2020-10-16 14:24:49 - [MESSAGE][PASSED] - Object 'Object Repository/MAKE_ PAYMENT/Consumer_Personal_ Details/ZIP_CODE' is present

2020-10-16 14:24:50 - [MESSAGE][PASSED] - Text '76103' is set on object 'Object Repository/MAKE_ PAYMENT/Consumer_Personal_ Details/ZIP_CODE'

2020-10-16 14:24:50 - [MESSAGE][PASSED] - Consumer_Payment_Making.ts:Entered'76103 into ZipCode

2020-10-16 14:24:50 - [TEST_STEP][PASSED] - pages.Payment_Page.clickOnElement(findTestObject("MAKE_ PAYMENT/Home_ Page/CONTINUE")): pages.Payment_Page.clickOnElement is PASSED

2020-10-16 14:24:55 - [MESSAGE][PASSED] - Execute JavaScript 'arguments[0].click()' successfully

2020-10-16 14:24:55 - [MESSAGE][PASSED] - pages.Payment_Page.clickOnElement is PASSED

2020-10-16 14:24:55 - [TEST_STEP][PASSED] - utilities.SafeActions.safeCheck(findTestObject("MAKE_ PAYMENT/Consumer_Personal_ Details/CheckBox"), "Billing CheckBox", [pageLoadTime]): Consumer_Payment_Making.ts:Checkbox 'Billing CheckBox'is selected

2020-10-16 14:24:56 - [MESSAGE][PASSED] - Object 'Object Repository/MAKE_ PAYMENT/Consumer_Personal_ Details/CheckBox' is present

2020-10-16 14:24:57 - [MESSAGE][PASSED] - Object 'Object Repository/MAKE_ PAYMENT/Consumer_Personal_ Details/CheckBox' is present

2020-10-16 14:24:58 - [MESSAGE][PASSED] - Object: 'Object Repository/MAKE_ PAYMENT/Consumer_Personal_ Details/CheckBox' is clicked on

2020-10-16 14:24:58 - [MESSAGE][PASSED] - Consumer_Payment_Making.ts:Checkbox 'Billing CheckBox'is selected

2020-10-16 14:24:58 - [TEST_STEP][PASSED] - waitForPageLoad(2): Wait for page load successfully

2020-10-16 14:25:04 - [MESSAGE][PASSED] - Wait for page load successfully

2020-10-16 14:25:04 - [TEST_STEP][PASSED] - utilities.SafeActions.safeClick(findTestObject("MAKE_ PAYMENT/Home_ Page/CONTINUE"), "Continue", [pageLoadTime]): Consumer_Payment_Making.ts:Clicked on the Continue

2020-10-16 14:25:05 - [MESSAGE][INFO] - safeClicking

2020-10-16 14:25:06 - [MESSAGE][PASSED] - Object 'Object Repository/MAKE_ PAYMENT/Home_ Page/CONTINUE' is present

2020-10-16 14:25:06 - [MESSAGE][PASSED] - Object 'Object Repository/MAKE_ PAYMENT/Home_ Page/CONTINUE' is clickable

2020-10-16 14:25:11 - [MESSAGE][PASSED] - Object: 'Object Repository/MAKE_ PAYMENT/Home_ Page/CONTINUE' is clicked on

2020-10-16 14:25:11 - [MESSAGE][PASSED] - Consumer_Payment_Making.ts:Clicked on the Continue

2020-10-16 14:25:11 - [TEST_STEP][PASSED] - utilities.SafeActions.safeCheck(findTestObject("MAKE_ PAYMENT/Consumer_Personal_ Details/ACC_TYPE_CHECKING"), "Checking", [pageLoadTime]): Consumer_Payment_Making.ts:Checkbox 'Checking'is selected

2020-10-16 14:25:12 - [MESSAGE][PASSED] - Object 'Object Repository/MAKE_ PAYMENT/Consumer_Personal_ Details/ACC_TYPE_CHECKING' is present

2020-10-16 14:25:13 - [MESSAGE][PASSED] - Object 'Object Repository/MAKE_ PAYMENT/Consumer_Personal_ Details/ACC_TYPE_CHECKING' is present

2020-10-16 14:25:14 - [MESSAGE][PASSED] - Object: 'Object Repository/MAKE_ PAYMENT/Consumer_Personal_ Details/ACC_TYPE_CHECKING' is clicked on

2020-10-16 14:25:14 - [MESSAGE][PASSED] - Consumer_Payment_Making.ts:Checkbox 'Checking'is selected

2020-10-16 14:25:14 - [TEST_STEP][PASSED] - pages.Payment_Page.setElectronicCheckInformation(findTestObject("MAKE_ PAYMENT/Consumer_Personal_ Details/CHECKING_ACCOUNT_NUMBER"), findTestObject("MAKE_ PAYMENT/Consumer_Personal_ Details/CONFIRM_CHECKING_ACC_NUM"), routingNum, checkingAccNum): Consumer_Payment_Making.ts:Entered'123456 into ConfirmCheckAccNum

2020-10-16 14:25:15 - [MESSAGE][PASSED] - Object 'Object Repository/MAKE_ PAYMENT/Consumer_Personal_ Details/ROUTING_NUMBER' is present

2020-10-16 14:25:15 - [MESSAGE][PASSED] - Object 'Object Repository/MAKE_ PAYMENT/Consumer_Personal_ Details/ROUTING_NUMBER' is visible

2020-10-16 14:25:15 - [MESSAGE][PASSED] - Object 'Object Repository/MAKE_ PAYMENT/Consumer_Personal_ Details/ROUTING_NUMBER' is present

2020-10-16 14:25:16 - [MESSAGE][PASSED] - Text '111000025' is set on object 'Object Repository/MAKE_ PAYMENT/Consumer_Personal_ Details/ROUTING_NUMBER'

2020-10-16 14:25:16 - [MESSAGE][PASSED] - Consumer_Payment_Making.ts:Entered'111000025 into RoutingNumber

2020-10-16 14:25:17 - [MESSAGE][PASSED] - Object 'Object Repository/MAKE_ PAYMENT/Consumer_Personal_ Details/CHECKING_ACCOUNT_NUMBER' is present

2020-10-16 14:25:17 - [MESSAGE][PASSED] - Object 'Object Repository/MAKE_ PAYMENT/Consumer_Personal_ Details/CHECKING_ACCOUNT_NUMBER' is present

2020-10-16 14:25:17 - [MESSAGE][PASSED] - Object 'Object Repository/MAKE_ PAYMENT/Consumer_Personal_ Details/CHECKING_ACCOUNT_NUMBER' is visible

2020-10-16 14:25:18 - [MESSAGE][PASSED] - Object 'Object Repository/MAKE_ PAYMENT/Consumer_Personal_ Details/CHECKING_ACCOUNT_NUMBER' is present

2020-10-16 14:25:19 - [MESSAGE][PASSED] - Text '123456' is set on object 'Object Repository/MAKE_ PAYMENT/Consumer_Personal_ Details/CHECKING_ACCOUNT_NUMBER'

2020-10-16 14:25:19 - [MESSAGE][PASSED] - Consumer_Payment_Making.ts:Entered'123456 into CheckAccNum

2020-10-16 14:25:21 - [MESSAGE][PASSED] - Object 'Object Repository/MAKE_ PAYMENT/Consumer_Personal_ Details/CONFIRM_CHECKING_ACC_NUM' is present

2020-10-16 14:25:21 - [MESSAGE][PASSED] - Object 'Object Repository/MAKE_ PAYMENT/Consumer_Personal_ Details/CONFIRM_CHECKING_ACC_NUM' is visible

2020-10-16 14:25:21 - [MESSAGE][PASSED] - Object 'Object Repository/MAKE_ PAYMENT/Consumer_Personal_ Details/CONFIRM_CHECKING_ACC_NUM' is present

2020-10-16 14:25:23 - [MESSAGE][PASSED] - Text '123456' is set on object 'Object Repository/MAKE_ PAYMENT/Consumer_Personal_ Details/CONFIRM_CHECKING_ACC_NUM'

2020-10-16 14:25:23 - [MESSAGE][PASSED] - Consumer_Payment_Making.ts:Entered'123456 into ConfirmCheckAccNum

2020-10-16 14:25:23 - [TEST_STEP][PASSED] - utilities.SafeActions.safeType(findTestObject("MAKE_ PAYMENT/Consumer_Personal_ Details/EMAIL_ADDRESS"), emailAddress, "EmailAddress", [pageLoadTime]): Consumer_Payment_Making.ts:Entered'testing@zenq.com into EmailAddress

2020-10-16 14:25:23 - [MESSAGE][PASSED] - Object 'Object Repository/MAKE_ PAYMENT/Consumer_Personal_ Details/EMAIL_ADDRESS' is present

2020-10-16 14:25:23 - [MESSAGE][PASSED] - Object 'Object Repository/MAKE_ PAYMENT/Consumer_Personal_ Details/EMAIL_ADDRESS' is visible

2020-10-16 14:25:24 - [MESSAGE][PASSED] - Object 'Object Repository/MAKE_ PAYMENT/Consumer_Personal_ Details/EMAIL_ADDRESS' is present

2020-10-16 14:25:25 - [MESSAGE][PASSED] - Text 'testing@zenq.com' is set on object 'Object Repository/MAKE_ PAYMENT/Consumer_Personal_ Details/EMAIL_ADDRESS'

2020-10-16 14:25:25 - [MESSAGE][PASSED] - Consumer_Payment_Making.ts:Entered'testing@zenq.com into EmailAddress

2020-10-16 14:25:25 - [TEST_STEP][PASSED] - utilities.SafeActions.safeType(findTestObject("MAKE_ PAYMENT/Consumer_Personal_ Details/SIGNATURE"), firstName, "First name", [pageLoadTime]): Consumer_Payment_Making.ts:Entered'rema into First name

2020-10-16 14:25:25 - [MESSAGE][PASSED] - Object 'Object Repository/MAKE_ PAYMENT/Consumer_Personal_ Details/SIGNATURE' is present

2020-10-16 14:25:26 - [MESSAGE][PASSED] - Object 'Object Repository/MAKE_ PAYMENT/Consumer_Personal_ Details/SIGNATURE' is visible

2020-10-16 14:25:26 - [MESSAGE][PASSED] - Object 'Object Repository/MAKE_ PAYMENT/Consumer_Personal_ Details/SIGNATURE' is present

2020-10-16 14:25:27 - [MESSAGE][PASSED] - Text 'rema' is set on object 'Object Repository/MAKE_ PAYMENT/Consumer_Personal_ Details/SIGNATURE'

2020-10-16 14:25:27 - [MESSAGE][PASSED] - Consumer_Payment_Making.ts:Entered'rema into First name

2020-10-16 14:25:27 - [TEST_STEP][PASSED] - utilities.SafeActions.safeType(findTestObject("MAKE_ PAYMENT/Consumer_Personal_ Details/AGREEMENT"), "Yes", "Agreement", [pageLoadTime]): Consumer_Payment_Making.ts:Entered'Yes into Agreement

2020-10-16 14:25:28 - [MESSAGE][PASSED] - Object 'Object Repository/MAKE_ PAYMENT/Consumer_Personal_ Details/AGREEMENT' is present

2020-10-16 14:25:28 - [MESSAGE][PASSED] - Object 'Object Repository/MAKE_ PAYMENT/Consumer_Personal_ Details/AGREEMENT' is visible

2020-10-16 14:25:28 - [MESSAGE][PASSED] - Object 'Object Repository/MAKE_ PAYMENT/Consumer_Personal_ Details/AGREEMENT' is present

2020-10-16 14:25:30 - [MESSAGE][PASSED] - Text 'Yes' is set on object 'Object Repository/MAKE_ PAYMENT/Consumer_Personal_ Details/AGREEMENT'

2020-10-16 14:25:30 - [MESSAGE][PASSED] - Consumer_Payment_Making.ts:Entered'Yes into Agreement

2020-10-16 14:25:30 - [TEST_STEP][PASSED] - utilities.SafeActions.safeClick(findTestObject("MAKE_ PAYMENT/Home_ Page/CHECK_CONTINUE"), "Continue", [pageLoadTime]): Consumer_Payment_Making.ts:Clicked on the Continue

2020-10-16 14:25:30 - [MESSAGE][INFO] - safeClicking

2020-10-16 14:25:30 - [MESSAGE][PASSED] - Object 'Object Repository/MAKE_ PAYMENT/Home_ Page/CHECK_CONTINUE' is present

2020-10-16 14:25:30 - [MESSAGE][PASSED] - Object 'Object Repository/MAKE_ PAYMENT/Home_ Page/CHECK_CONTINUE' is clickable

2020-10-16 14:25:31 - [MESSAGE][PASSED] - Object: 'Object Repository/MAKE_ PAYMENT/Home_ Page/CHECK_CONTINUE' is clicked on

2020-10-16 14:25:31 - [MESSAGE][PASSED] - Consumer_Payment_Making.ts:Clicked on the Continue

2020-10-16 14:25:31 - [TEST_STEP][PASSED] - utilities.SafeActions.safeClick(findTestObject("MAKE_ PAYMENT/Home_ Page/CONTINUE"), "Continue", [pageLoadTime]): Consumer_Payment_Making.ts:Clicked on the Continue

2020-10-16 14:25:32 - [MESSAGE][INFO] - safeClicking

2020-10-16 14:25:32 - [MESSAGE][PASSED] - Object 'Object Repository/MAKE_ PAYMENT/Home_ Page/CONTINUE' is present

2020-10-16 14:25:32 - [MESSAGE][PASSED] - Object 'Object Repository/MAKE_ PAYMENT/Home_ Page/CONTINUE' is clickable

2020-10-16 14:25:38 - [MESSAGE][PASSED] - Object: 'Object Repository/MAKE_ PAYMENT/Home_ Page/CONTINUE' is clicked on

2020-10-16 14:25:38 - [MESSAGE][PASSED] - Consumer_Payment_Making.ts:Clicked on the Continue

2020-10-16 14:25:38 - [TEST_STEP][PASSED] - utilities.SafeActions.safeClick(findTestObject("MAKE_ PAYMENT/Consumer_Personal_ Details/I_AGREE"), "I agree", [pageLoadTime]): Consumer_Payment_Making.ts:Clicked on the I agree

2020-10-16 14:25:38 - [MESSAGE][INFO] - safeClicking

2020-10-16 14:25:39 - [MESSAGE][PASSED] - Object 'Object Repository/MAKE_ PAYMENT/Consumer_Personal_ Details/I_AGREE' is present

2020-10-16 14:25:39 - [MESSAGE][PASSED] - Object 'Object Repository/MAKE_ PAYMENT/Consumer_Personal_ Details/I_AGREE' is clickable

2020-10-16 14:25:44 - [MESSAGE][PASSED] - Object: 'Object Repository/MAKE_ PAYMENT/Consumer_Personal_ Details/I_AGREE' is clicked on

2020-10-16 14:25:44 - [MESSAGE][PASSED] - Consumer_Payment_Making.ts:Clicked on the I agree

2020-10-16 14:25:44 - [TEST_STEP][PASSED] - pages.Payment_Page.verifyUserDetails(firstName, lastName, emailAddress, "VISA", "Checking"): pages.Payment_Page.verifyUserDetails is PASSED

2020-10-16 14:25:45 - [MESSAGE][PASSED] - Scroll to object 'Object Repository/MAKE_ PAYMENT/Verification_ Details/FIRST_NAME' successfully

2020-10-16 14:25:46 - [MESSAGE][PASSED] - Text of object 'Object Repository/MAKE_ PAYMENT/Verification_ Details/FIRST_NAME' is: 'rema'

2020-10-16 14:25:46 - [MESSAGE][PASSED] - Actual text 'rema' and expected text 'rema' are matched  using regular expression

2020-10-16 14:25:46 - [MESSAGE][PASSED] - Text of object 'Object Repository/MAKE_ PAYMENT/Verification_ Details/LAST_NAME' is: 'reiza'

2020-10-16 14:25:46 - [MESSAGE][PASSED] - Actual text 'reiza' and expected text 'reiza' are matched  using regular expression

2020-10-16 14:25:49 - [MESSAGE][PASSED] - Text of object 'Object Repository/MAKE_ PAYMENT/Verification_ Details/EMAIL_ADDRESS' is: 'testing@zenq.com'

2020-10-16 14:25:49 - [MESSAGE][PASSED] - Actual text 'testing@zenq.com' and expected text 'testing@zenq.com' are matched  using regular expression

2020-10-16 14:25:49 - [MESSAGE][PASSED] - Text of object 'Object Repository/MAKE_ PAYMENT/Verification_ Details/ACH_ACC_TYPE' is: 'Checking'

2020-10-16 14:25:49 - [MESSAGE][PASSED] - Actual text 'Checking' and expected text 'Checking' are matched  using regular expression

2020-10-16 14:25:50 - [MESSAGE][PASSED] - pages.Payment_Page.verifyUserDetails is PASSED

2020-10-16 14:25:50 - [TEST_STEP][PASSED] - utilities.SafeActions.safeClick(findTestObject("MAKE_ PAYMENT/Verification_ Details/PROCESS_PAYMENT"), "Process Payment", [pageLoadTime]): Consumer_Payment_Making.ts:Clicked on the Process Payment

2020-10-16 14:25:50 - [MESSAGE][INFO] - safeClicking

2020-10-16 14:25:50 - [MESSAGE][PASSED] - Object 'Object Repository/MAKE_ PAYMENT/Verification_ Details/PROCESS_PAYMENT' is present

2020-10-16 14:25:51 - [MESSAGE][PASSED] - Object 'Object Repository/MAKE_ PAYMENT/Verification_ Details/PROCESS_PAYMENT' is clickable

2020-10-16 14:25:52 - [MESSAGE][PASSED] - Object: 'Object Repository/MAKE_ PAYMENT/Verification_ Details/PROCESS_PAYMENT' is clicked on

2020-10-16 14:25:52 - [MESSAGE][PASSED] - Consumer_Payment_Making.ts:Clicked on the Process Payment

2020-10-16 14:25:52 - [TEST_STEP][PASSED] - utilities.SafeActions.safeClick(findTestObject("MAKE_ PAYMENT/Verification_ Details/YES_BUTTON"), "yes button", [pageLoadTime]): Consumer_Payment_Making.ts:Clicked on the yes button

2020-10-16 14:25:52 - [MESSAGE][INFO] - safeClicking

2020-10-16 14:25:53 - [MESSAGE][PASSED] - Object 'Object Repository/MAKE_ PAYMENT/Verification_ Details/YES_BUTTON' is present

2020-10-16 14:25:53 - [MESSAGE][PASSED] - Object 'Object Repository/MAKE_ PAYMENT/Verification_ Details/YES_BUTTON' is clickable

2020-10-16 14:26:00 - [MESSAGE][PASSED] - Object: 'Object Repository/MAKE_ PAYMENT/Verification_ Details/YES_BUTTON' is clicked on

2020-10-16 14:26:00 - [MESSAGE][PASSED] - Consumer_Payment_Making.ts:Clicked on the yes button

2020-10-16 14:26:00 - [TEST_STEP][PASSED] - verifyElementPresent(findTestObject("MAKE_ PAYMENT/Verification_ Details/PENDING"), 30): Object 'Object Repository/MAKE_ PAYMENT/Verification_ Details/PENDING' is present

2020-10-16 14:26:02 - [MESSAGE][PASSED] - Object 'Object Repository/MAKE_ PAYMENT/Verification_ Details/PENDING' is present

2020-10-16 14:26:02 - [TEST_STEP][PASSED] - PaymentID = pages.Payment_Page.verifyECheckPaymentApproval(referenceNum): pages.Payment_Page.verifyECheckPaymentApproval is PASSED

2020-10-16 14:26:02 - [MESSAGE][PASSED] - Text of object 'Object Repository/MAKE_ PAYMENT/Verification_ Details/PAY_ID_ELECTRIC_CHECK' is: '100176130110'

2020-10-16 14:26:05 - [MESSAGE][PASSED] - Text of object 'Object Repository/MAKE_ PAYMENT/Verification_ Details/REF_NUM_E_CHECK' is: '13'

2020-10-16 14:26:05 - [MESSAGE][PASSED] - pages.Payment_Page.verifyECheckPaymentApproval is PASSED

2020-10-16 14:26:05 - [TEST_STEP][PASSED] - utilities.SafeActions.safeClick(findTestObject("SEARCH_PAYMENT/SEARCH_PAYMENT"), "Search Payment", [pageLoadTime]): Consumer_Payment_Making.ts:Clicked on the Search Payment

2020-10-16 14:26:05 - [MESSAGE][INFO] - safeClicking

2020-10-16 14:26:05 - [MESSAGE][PASSED] - Object 'Object Repository/SEARCH_PAYMENT/SEARCH_PAYMENT' is present

2020-10-16 14:26:05 - [MESSAGE][PASSED] - Object 'Object Repository/SEARCH_PAYMENT/SEARCH_PAYMENT' is clickable

2020-10-16 14:26:06 - [MESSAGE][PASSED] - Object: 'Object Repository/SEARCH_PAYMENT/SEARCH_PAYMENT' is clicked on

2020-10-16 14:26:06 - [MESSAGE][PASSED] - Consumer_Payment_Making.ts:Clicked on the Search Payment

2020-10-16 14:26:06 - [TEST_STEP][PASSED] - waitForPageLoad(10): Wait for page load successfully

2020-10-16 14:26:06 - [MESSAGE][PASSED] - Wait for page load successfully

2020-10-16 14:26:06 - [TEST_STEP][PASSED] - pages.Search_Page.switchToWindow(): pages.Search_Page.switchToWindow is PASSED

2020-10-16 14:26:08 - [MESSAGE][PASSED] - Object: 'Object Repository/SEARCH_PAYMENT/SEARCH_PAYMENT' is clicked on

2020-10-16 14:26:08 - [MESSAGE][PASSED] - Switched to window with index: '1'

2020-10-16 14:26:08 - [MESSAGE][PASSED] - pages.Search_Page.switchToWindow is PASSED

2020-10-16 14:26:08 - [TEST_STEP][PASSED] - utilities.SafeActions.safeCheck(findTestObject("SEARCH_PAYMENT/ELECTRONIC_CHECK"), "E check", [pageLoadTime]): Consumer_Payment_Making.ts:Checkbox 'E check'is selected

2020-10-16 14:26:13 - [MESSAGE][PASSED] - Object 'Object Repository/SEARCH_PAYMENT/ELECTRONIC_CHECK' is present

2020-10-16 14:26:14 - [MESSAGE][PASSED] - Object 'Object Repository/SEARCH_PAYMENT/ELECTRONIC_CHECK' is present

2020-10-16 14:26:15 - [MESSAGE][PASSED] - Object: 'Object Repository/SEARCH_PAYMENT/ELECTRONIC_CHECK' is clicked on

2020-10-16 14:26:15 - [MESSAGE][PASSED] - Consumer_Payment_Making.ts:Checkbox 'E check'is selected

2020-10-16 14:26:15 - [TEST_STEP][PASSED] - pages.Search_Page.setSearchDetails(lastName, cardNum, checkingAccNum): Acc num enterd

2020-10-16 14:26:15 - [MESSAGE][PASSED] - Object 'Object Repository/SEARCH_PAYMENT/BILLING_LAST_NAME' is present

2020-10-16 14:26:16 - [MESSAGE][PASSED] - Object 'Object Repository/SEARCH_PAYMENT/BILLING_LAST_NAME' is visible

2020-10-16 14:26:16 - [MESSAGE][PASSED] - Object 'Object Repository/SEARCH_PAYMENT/BILLING_LAST_NAME' is present

2020-10-16 14:26:17 - [MESSAGE][PASSED] - Text 'reiza' is set on object 'Object Repository/SEARCH_PAYMENT/BILLING_LAST_NAME'

2020-10-16 14:26:17 - [MESSAGE][PASSED] - Consumer_Payment_Making.ts:Entered'reiza into LastName

2020-10-16 14:26:19 - [MESSAGE][WARNING] - Object 'Object Repository/SEARCH_PAYMENT/CREDIT_OR_DEBIT_CARD' is not checked (Root cause: com.kms.katalon.core.exception.StepFailedException: Object 'Object Repository/SEARCH_PAYMENT/CREDIT_OR_DEBIT_CARD' is not checked
	at com.kms.katalon.core.webui.keyword.internal.WebUIKeywordMain.stepFailed(WebUIKeywordMain.groovy:64)
	at com.kms.katalon.core.webui.keyword.builtin.VerifyElementCheckedKeyword$_verifyElementChecked_closure1.doCall(VerifyElementCheckedKeyword.groovy:81)
	at com.kms.katalon.core.webui.keyword.builtin.VerifyElementCheckedKeyword$_verifyElementChecked_closure1.call(VerifyElementCheckedKeyword.groovy)
	at com.kms.katalon.core.webui.keyword.internal.WebUIKeywordMain.runKeyword(WebUIKeywordMain.groovy:20)
	at com.kms.katalon.core.webui.keyword.builtin.VerifyElementCheckedKeyword.verifyElementChecked(VerifyElementCheckedKeyword.groovy:92)
	at com.kms.katalon.core.webui.keyword.builtin.VerifyElementCheckedKeyword.execute(VerifyElementCheckedKeyword.groovy:68)
	at com.kms.katalon.core.keyword.internal.KeywordExecutor.executeKeywordForPlatform(KeywordExecutor.groovy:72)
	at com.kms.katalon.core.webui.keyword.WebUiBuiltInKeywords.verifyElementChecked(WebUiBuiltInKeywords.groovy:1352)
	at com.kms.katalon.core.webui.keyword.WebUiBuiltInKeywords$verifyElementChecked$15.call(Unknown Source)
	at pages.Search_Page.setSearchDetails(Search_Page.groovy:39)
	at pages.Search_Page.invokeMethod(Search_Page.groovy)
	at com.kms.katalon.core.main.CustomKeywordDelegatingMetaClass.invokeStaticMethod(CustomKeywordDelegatingMetaClass.java:50)
	at TC_003_Echeck_Checking_SingleLine_Payment.run(TC_003_Echeck_Checking_SingleLine_Payment:122)
	at com.kms.katalon.core.main.ScriptEngine.run(ScriptEngine.java:194)
	at com.kms.katalon.core.main.ScriptEngine.runScriptAsRawText(ScriptEngine.java:119)
	at com.kms.katalon.core.main.TestCaseExecutor.runScript(TestCaseExecutor.java:337)
	at com.kms.katalon.core.main.TestCaseExecutor.doExecute(TestCaseExecutor.java:328)
	at com.kms.katalon.core.main.TestCaseExecutor.processExecutionPhase(TestCaseExecutor.java:307)
	at com.kms.katalon.core.main.TestCaseExecutor.accessMainPhase(TestCaseExecutor.java:299)
	at com.kms.katalon.core.main.TestCaseExecutor.execute(TestCaseExecutor.java:233)
	at com.kms.katalon.core.main.TestSuiteExecutor.accessTestCaseMainPhase(TestSuiteExecutor.java:169)
	at com.kms.katalon.core.main.TestSuiteExecutor.accessTestSuiteMainPhase(TestSuiteExecutor.java:142)
	at com.kms.katalon.core.main.TestSuiteExecutor.execute(TestSuiteExecutor.java:91)
	at com.kms.katalon.core.main.TestCaseMain.startTestSuite(TestCaseMain.java:157)
	at com.kms.katalon.core.main.TestCaseMain$startTestSuite$0.call(Unknown Source)
	at TempTestSuite1602837764827.run(TempTestSuite1602837764827.groovy:36)
)
[[ATTACHMENT|E:\\Sush_Certpay\\Reports\\20201016_141244\\Certpay_testSuite\\Consumer_Payment_Making\\20201016_141244\\1602838578157.png]]

2020-10-16 14:26:19 - [MESSAGE][PASSED] - Object 'Object Repository/SEARCH_PAYMENT/ACC_NUMBER' is present

2020-10-16 14:26:19 - [MESSAGE][PASSED] - Object 'Object Repository/SEARCH_PAYMENT/ACC_NUMBER' is visible

2020-10-16 14:26:20 - [MESSAGE][PASSED] - Object 'Object Repository/SEARCH_PAYMENT/ACC_NUMBER' is present

2020-10-16 14:26:21 - [MESSAGE][PASSED] - Text '123456' is set on object 'Object Repository/SEARCH_PAYMENT/ACC_NUMBER'

2020-10-16 14:26:21 - [MESSAGE][PASSED] - Consumer_Payment_Making.ts:Entered'123456 into Acc num

2020-10-16 14:26:21 - [MESSAGE][PASSED] - Acc num enterd

2020-10-16 14:26:21 - [TEST_STEP][PASSED] - utilities.SafeActions.safeClick(findTestObject("SEARCH_PAYMENT/SEARCH_BUTTON"), "Search", [pageLoadTime]): Consumer_Payment_Making.ts:Clicked on the Search

2020-10-16 14:26:21 - [MESSAGE][INFO] - safeClicking

2020-10-16 14:26:21 - [MESSAGE][PASSED] - Object 'Object Repository/SEARCH_PAYMENT/SEARCH_BUTTON' is present

2020-10-16 14:26:22 - [MESSAGE][PASSED] - Object 'Object Repository/SEARCH_PAYMENT/SEARCH_BUTTON' is clickable

2020-10-16 14:26:28 - [MESSAGE][PASSED] - Object: 'Object Repository/SEARCH_PAYMENT/SEARCH_BUTTON' is clicked on

2020-10-16 14:26:28 - [MESSAGE][PASSED] - Consumer_Payment_Making.ts:Clicked on the Search

2020-10-16 14:26:28 - [TEST_STEP][PASSED] - pages.Payment_Page.verifyPaymentDetailsInReceipt(PaymentID): pages.Payment_Page.verifyPaymentDetailsInReceipt is PASSED

2020-10-16 14:26:30 - [MESSAGE][PASSED] - Text of object 'Object Repository/SEARCH_PAYMENT/REFERNCE_NUM' is: '13'

2020-10-16 14:26:30 - [MESSAGE][PASSED] - Text of object 'Object Repository/SEARCH_PAYMENT/PAYMENT_ID' is: '100176130110'

2020-10-16 14:26:30 - [MESSAGE][PASSED] - pages.Payment_Page.verifyPaymentDetailsInReceipt is PASSED

2020-10-16 14:26:30 - [TEST_STEP][PASSED] - utilities.SafeActions.safeClick(findTestObject("SEARCH_PAYMENT/SEARCH_ ICON"), "SearchIcon", [pageLoadTime]): Consumer_Payment_Making.ts:Clicked on the SearchIcon

2020-10-16 14:26:30 - [MESSAGE][INFO] - safeClicking

2020-10-16 14:26:30 - [MESSAGE][PASSED] - Object 'Object Repository/SEARCH_PAYMENT/SEARCH_ ICON' is present

2020-10-16 14:26:31 - [MESSAGE][PASSED] - Object 'Object Repository/SEARCH_PAYMENT/SEARCH_ ICON' is clickable

2020-10-16 14:26:32 - [MESSAGE][PASSED] - Object: 'Object Repository/SEARCH_PAYMENT/SEARCH_ ICON' is clicked on

2020-10-16 14:26:32 - [MESSAGE][PASSED] - Consumer_Payment_Making.ts:Clicked on the SearchIcon

2020-10-16 14:26:32 - [TEST_STEP][PASSED] - delay(2): Delayed 2 second(s)

2020-10-16 14:26:34 - [MESSAGE][PASSED] - Delayed 2 second(s)

2020-10-16 14:26:34 - [TEST_STEP][PASSED] - scrollToElement(findTestObject("SEARCH_PAYMENT/CLOSE_BUTTON"), 30): Scroll to object 'Object Repository/SEARCH_PAYMENT/CLOSE_BUTTON' successfully

2020-10-16 14:26:35 - [MESSAGE][PASSED] - Scroll to object 'Object Repository/SEARCH_PAYMENT/CLOSE_BUTTON' successfully

2020-10-16 14:26:35 - [TEST_STEP][PASSED] - utilities.SafeActions.safeClick(findTestObject("SEARCH_PAYMENT/EMAIL_ RECEIPT"), "Email Receipt", [pageLoadTime]): Consumer_Payment_Making.ts:Clicked on the Email Receipt

2020-10-16 14:26:35 - [MESSAGE][INFO] - safeClicking

2020-10-16 14:26:35 - [MESSAGE][PASSED] - Object 'Object Repository/SEARCH_PAYMENT/EMAIL_ RECEIPT' is present

2020-10-16 14:26:36 - [MESSAGE][PASSED] - Object 'Object Repository/SEARCH_PAYMENT/EMAIL_ RECEIPT' is clickable

2020-10-16 14:26:37 - [MESSAGE][PASSED] - Object: 'Object Repository/SEARCH_PAYMENT/EMAIL_ RECEIPT' is clicked on

2020-10-16 14:26:37 - [MESSAGE][PASSED] - Consumer_Payment_Making.ts:Clicked on the Email Receipt

2020-10-16 14:26:37 - [TEST_STEP][PASSED] - utilities.SafeActions.safeClick(findTestObject("SEARCH_PAYMENT/SEND_ EMAIL_BUTTON"), "Send Email", [pageLoadTime]): Consumer_Payment_Making.ts:Clicked on the Send Email

2020-10-16 14:26:37 - [MESSAGE][INFO] - safeClicking

2020-10-16 14:26:38 - [MESSAGE][PASSED] - Object 'Object Repository/SEARCH_PAYMENT/SEND_ EMAIL_BUTTON' is present

2020-10-16 14:26:38 - [MESSAGE][PASSED] - Object 'Object Repository/SEARCH_PAYMENT/SEND_ EMAIL_BUTTON' is clickable

2020-10-16 14:26:39 - [MESSAGE][PASSED] - Object: 'Object Repository/SEARCH_PAYMENT/SEND_ EMAIL_BUTTON' is clicked on

2020-10-16 14:26:39 - [MESSAGE][PASSED] - Consumer_Payment_Making.ts:Clicked on the Send Email

2020-10-16 14:26:39 - [TEST_STEP][PASSED] - Start listener action : afterTestCase: Browser is closed

2020-10-16 14:26:39 - [TEST_STEP][PASSED] - closeBrowser(): Browser is closed

2020-10-16 14:26:41 - [MESSAGE][PASSED] - Browser is closed]]></system-out>
         <system-err><![CDATA[]]></system-err>
      </testcase>
      <testcase name="Test Cases/Consumer_Make_Payment/TC_004_Echeck_Checking_MultiLine_Payment" time="288.619" classname="Test Cases/Consumer_Make_Payment/TC_004_Echeck_Checking_MultiLine_Payment" status="PASSED">
         <system-out><![CDATA[2020-10-16 14:26:41 - [TEST_CASE][PASSED] - Test Cases/Consumer_Make_Payment/TC_004_Echeck_Checking_MultiLine_Payment: Test Cases/Consumer_Make_Payment/TC_004_Echeck_Checking_MultiLine_Payment

2020-10-16 14:26:41 - [TEST_STEP][PASSED] - Start listener action : beforeTestCase: null

2020-10-16 14:26:41 - [TEST_STEP][PASSED] - utilities.SafeActions.openBrowser(certpay_url, [pageLoadTime]): Browser launched successfully

2020-10-16 14:26:41 - [MESSAGE][INFO] - Opening Browser

2020-10-16 14:26:41 - [MESSAGE][INFO] - Starting 'Chrome' driver

2020-10-16 14:27:18 - [MESSAGE][PASSED] - Browser is opened with url: 'https://qa-certpay.faps.net/'

2020-10-16 14:27:20 - [MESSAGE][PASSED] - Current window maximized

2020-10-16 14:27:20 - [MESSAGE][PASSED] - Browser launched successfully

2020-10-16 14:27:20 - [TEST_STEP][PASSED] - utilities.SafeActions.safeType(findTestObject("MAKE_ PAYMENT/Home_ Page/BUREAU_CODE"), bureauCode, "Bureau code", [pageLoadTime]): Consumer_Payment_Making.ts:Entered'6100000 into Bureau code

2020-10-16 14:27:21 - [MESSAGE][PASSED] - Object 'Object Repository/MAKE_ PAYMENT/Home_ Page/BUREAU_CODE' is present

2020-10-16 14:27:21 - [MESSAGE][PASSED] - Object 'Object Repository/MAKE_ PAYMENT/Home_ Page/BUREAU_CODE' is visible

2020-10-16 14:27:21 - [MESSAGE][PASSED] - Object 'Object Repository/MAKE_ PAYMENT/Home_ Page/BUREAU_CODE' is present

2020-10-16 14:27:23 - [MESSAGE][PASSED] - Text '6100000' is set on object 'Object Repository/MAKE_ PAYMENT/Home_ Page/BUREAU_CODE'

2020-10-16 14:27:23 - [MESSAGE][PASSED] - Consumer_Payment_Making.ts:Entered'6100000 into Bureau code

2020-10-16 14:27:23 - [TEST_STEP][PASSED] - utilities.SafeActions.safeClick(findTestObject("MAKE_ PAYMENT/Home_ Page/BEGIN_PAYMENT"), "Begin payment", [pageLoadTime]): Consumer_Payment_Making.ts:Clicked on the Begin payment

2020-10-16 14:27:23 - [MESSAGE][INFO] - safeClicking

2020-10-16 14:27:23 - [MESSAGE][PASSED] - Object 'Object Repository/MAKE_ PAYMENT/Home_ Page/BEGIN_PAYMENT' is present

2020-10-16 14:27:23 - [MESSAGE][PASSED] - Object 'Object Repository/MAKE_ PAYMENT/Home_ Page/BEGIN_PAYMENT' is clickable

2020-10-16 14:27:31 - [MESSAGE][PASSED] - Object: 'Object Repository/MAKE_ PAYMENT/Home_ Page/BEGIN_PAYMENT' is clicked on

2020-10-16 14:27:31 - [MESSAGE][PASSED] - Consumer_Payment_Making.ts:Clicked on the Begin payment

2020-10-16 14:27:31 - [TEST_STEP][PASSED] - utilities.SafeActions.safeClick(findTestObject("MAKE_ PAYMENT/Home_ Page/NEXT_BUTTON"), "Continue", [pageLoadTime]): Consumer_Payment_Making.ts:Clicked on the Continue

2020-10-16 14:27:31 - [MESSAGE][INFO] - safeClicking

2020-10-16 14:27:32 - [MESSAGE][PASSED] - Object 'Object Repository/MAKE_ PAYMENT/Home_ Page/NEXT_BUTTON' is present

2020-10-16 14:27:32 - [MESSAGE][PASSED] - Object 'Object Repository/MAKE_ PAYMENT/Home_ Page/NEXT_BUTTON' is clickable

2020-10-16 14:27:38 - [MESSAGE][PASSED] - Object: 'Object Repository/MAKE_ PAYMENT/Home_ Page/NEXT_BUTTON' is clicked on

2020-10-16 14:27:38 - [MESSAGE][PASSED] - Consumer_Payment_Making.ts:Clicked on the Continue

2020-10-16 14:27:38 - [TEST_STEP][PASSED] - utilities.SafeActions.safeCheck(findTestObject("MAKE_ PAYMENT/Home_ Page/ELECTRONIC_CHECK"), "Echeck", [pageLoadTime]): Consumer_Payment_Making.ts:Checkbox 'Echeck'is selected

2020-10-16 14:27:39 - [MESSAGE][PASSED] - Object 'Object Repository/MAKE_ PAYMENT/Home_ Page/ELECTRONIC_CHECK' is present

2020-10-16 14:27:40 - [MESSAGE][PASSED] - Object 'Object Repository/MAKE_ PAYMENT/Home_ Page/ELECTRONIC_CHECK' is present

2020-10-16 14:27:41 - [MESSAGE][PASSED] - Object: 'Object Repository/MAKE_ PAYMENT/Home_ Page/ELECTRONIC_CHECK' is clicked on

2020-10-16 14:27:41 - [MESSAGE][PASSED] - Consumer_Payment_Making.ts:Checkbox 'Echeck'is selected

2020-10-16 14:27:41 - [TEST_STEP][PASSED] - pages.Payment_Page.setAmount("1", paymentAmount, "testing", referenceNum): Consumer_Payment_Making.ts:Entered'testing into Comments

2020-10-16 14:27:49 - [MESSAGE][PASSED] - Object '' is present

2020-10-16 14:27:49 - [MESSAGE][PASSED] - Object '' is visible

2020-10-16 14:27:49 - [MESSAGE][PASSED] - Object '' is present

2020-10-16 14:27:51 - [MESSAGE][PASSED] - Text '10.00' is set on object ''

2020-10-16 14:27:51 - [MESSAGE][PASSED] - Consumer_Payment_Making.ts:Entered'10.00 into Amount

2020-10-16 14:27:51 - [MESSAGE][PASSED] - Object '' is present

2020-10-16 14:27:51 - [MESSAGE][PASSED] - Object '' is visible

2020-10-16 14:27:51 - [MESSAGE][PASSED] - Object '' is present

2020-10-16 14:27:53 - [MESSAGE][PASSED] - Text '11' is set on object ''

2020-10-16 14:27:53 - [MESSAGE][PASSED] - Consumer_Payment_Making.ts:Entered'11 into Amount

2020-10-16 14:27:53 - [MESSAGE][PASSED] - Object '' is present

2020-10-16 14:27:53 - [MESSAGE][PASSED] - Object '' is visible

2020-10-16 14:27:54 - [MESSAGE][PASSED] - Object '' is present

2020-10-16 14:27:55 - [MESSAGE][PASSED] - Text 'testing' is set on object ''

2020-10-16 14:27:55 - [MESSAGE][PASSED] - Consumer_Payment_Making.ts:Entered'testing into Comments

2020-10-16 14:27:55 - [TEST_STEP][PASSED] - utilities.SafeActions.safeClick(findTestObject("MAKE_ PAYMENT/Home_ Page/ADD_ANOTHER_PROPERTY"), "Multi-Payment", [pageLoadTime]): Consumer_Payment_Making.ts:Clicked on the Multi-Payment

2020-10-16 14:27:55 - [MESSAGE][INFO] - safeClicking

2020-10-16 14:27:56 - [MESSAGE][PASSED] - Object 'Object Repository/MAKE_ PAYMENT/Home_ Page/ADD_ANOTHER_PROPERTY' is present

2020-10-16 14:27:56 - [MESSAGE][PASSED] - Object 'Object Repository/MAKE_ PAYMENT/Home_ Page/ADD_ANOTHER_PROPERTY' is clickable

2020-10-16 14:27:59 - [MESSAGE][PASSED] - Object: 'Object Repository/MAKE_ PAYMENT/Home_ Page/ADD_ANOTHER_PROPERTY' is clicked on

2020-10-16 14:27:59 - [MESSAGE][PASSED] - Consumer_Payment_Making.ts:Clicked on the Multi-Payment

2020-10-16 14:27:59 - [TEST_STEP][PASSED] - pages.Payment_Page.setAmount("2", paymentAmount2, "Payment for testing", referenceNum): Consumer_Payment_Making.ts:Entered'Payment for testing into Comments

2020-10-16 14:28:01 - [MESSAGE][PASSED] - Object '' is present

2020-10-16 14:28:01 - [MESSAGE][PASSED] - Object '' is visible

2020-10-16 14:28:01 - [MESSAGE][PASSED] - Object '' is present

2020-10-16 14:28:02 - [MESSAGE][PASSED] - Text '35.00' is set on object ''

2020-10-16 14:28:02 - [MESSAGE][PASSED] - Consumer_Payment_Making.ts:Entered'35.00 into Amount

2020-10-16 14:28:03 - [MESSAGE][PASSED] - Object '' is present

2020-10-16 14:28:03 - [MESSAGE][PASSED] - Object '' is visible

2020-10-16 14:28:03 - [MESSAGE][PASSED] - Object '' is present

2020-10-16 14:28:04 - [MESSAGE][PASSED] - Text '11' is set on object ''

2020-10-16 14:28:04 - [MESSAGE][PASSED] - Consumer_Payment_Making.ts:Entered'11 into Amount

2020-10-16 14:28:05 - [MESSAGE][PASSED] - Object '' is present

2020-10-16 14:28:05 - [MESSAGE][PASSED] - Object '' is visible

2020-10-16 14:28:05 - [MESSAGE][PASSED] - Object '' is present

2020-10-16 14:28:07 - [MESSAGE][PASSED] - Text 'Payment for testing' is set on object ''

2020-10-16 14:28:07 - [MESSAGE][PASSED] - Consumer_Payment_Making.ts:Entered'Payment for testing into Comments

2020-10-16 14:28:07 - [TEST_STEP][PASSED] - utilities.SafeActions.safeSelectOptionInDropdownByVisibleText(findTestObject("MAKE_ PAYMENT/Home_ Page/PAYMENT_TYPE"), paymentType, "Payment Type", [pageLoadTime]): selected dropdown option by visible text  Taxesfrom Payment Type

2020-10-16 14:28:07 - [MESSAGE][PASSED] - Object 'Object Repository/MAKE_ PAYMENT/Home_ Page/PAYMENT_TYPE' is visible

2020-10-16 14:28:07 - [MESSAGE][PASSED] - Object 'Object Repository/MAKE_ PAYMENT/Home_ Page/PAYMENT_TYPE' is present

2020-10-16 14:28:08 - [MESSAGE][PASSED] - Object: 'Object Repository/MAKE_ PAYMENT/Home_ Page/PAYMENT_TYPE' is clicked on

2020-10-16 14:28:09 - [MESSAGE][PASSED] - All options with label 'Taxes' are selected in object 'Object Repository/MAKE_ PAYMENT/Home_ Page/PAYMENT_TYPE'  using regular expression

2020-10-16 14:28:09 - [MESSAGE][PASSED] - selected dropdown option by visible text  Taxesfrom Payment Type

2020-10-16 14:28:09 - [TEST_STEP][PASSED] - utilities.SafeActions.safeClick(findTestObject("MAKE_ PAYMENT/Home_ Page/CONTINUE"), "Continue", [pageLoadTime]): Consumer_Payment_Making.ts:Clicked on the Continue

2020-10-16 14:28:10 - [MESSAGE][INFO] - safeClicking

2020-10-16 14:28:10 - [MESSAGE][PASSED] - Object 'Object Repository/MAKE_ PAYMENT/Home_ Page/CONTINUE' is present

2020-10-16 14:28:10 - [MESSAGE][PASSED] - Object 'Object Repository/MAKE_ PAYMENT/Home_ Page/CONTINUE' is clickable

2020-10-16 14:28:17 - [MESSAGE][PASSED] - Object: 'Object Repository/MAKE_ PAYMENT/Home_ Page/CONTINUE' is clicked on

2020-10-16 14:28:17 - [MESSAGE][PASSED] - Consumer_Payment_Making.ts:Clicked on the Continue

2020-10-16 14:28:17 - [TEST_STEP][PASSED] - pages.Payment_Page.setPersonalDetails(firstName, lastName, telephone): Consumer_Payment_Making.ts:Entered'9988545421 into Telephone

2020-10-16 14:28:18 - [MESSAGE][PASSED] - Object 'Object Repository/MAKE_ PAYMENT/Consumer_Personal_ Details/FIRST_NAME' is present

2020-10-16 14:28:19 - [MESSAGE][PASSED] - Object 'Object Repository/MAKE_ PAYMENT/Consumer_Personal_ Details/FIRST_NAME' is visible

2020-10-16 14:28:19 - [MESSAGE][PASSED] - Object 'Object Repository/MAKE_ PAYMENT/Consumer_Personal_ Details/FIRST_NAME' is present

2020-10-16 14:28:20 - [MESSAGE][PASSED] - Text 'Chasto' is set on object 'Object Repository/MAKE_ PAYMENT/Consumer_Personal_ Details/FIRST_NAME'

2020-10-16 14:28:20 - [MESSAGE][PASSED] - Consumer_Payment_Making.ts:Entered'Chasto into FirstName

2020-10-16 14:28:21 - [MESSAGE][PASSED] - Object 'Object Repository/MAKE_ PAYMENT/Consumer_Personal_ Details/LAST_NAME' is present

2020-10-16 14:28:21 - [MESSAGE][PASSED] - Object 'Object Repository/MAKE_ PAYMENT/Consumer_Personal_ Details/LAST_NAME' is visible

2020-10-16 14:28:21 - [MESSAGE][PASSED] - Object 'Object Repository/MAKE_ PAYMENT/Consumer_Personal_ Details/LAST_NAME' is present

2020-10-16 14:28:22 - [MESSAGE][PASSED] - Text 'James' is set on object 'Object Repository/MAKE_ PAYMENT/Consumer_Personal_ Details/LAST_NAME'

2020-10-16 14:28:22 - [MESSAGE][PASSED] - Consumer_Payment_Making.ts:Entered'James into LastName

2020-10-16 14:28:23 - [MESSAGE][PASSED] - Object 'Object Repository/MAKE_ PAYMENT/Consumer_Personal_ Details/TELEPHONE' is present

2020-10-16 14:28:23 - [MESSAGE][PASSED] - Object 'Object Repository/MAKE_ PAYMENT/Consumer_Personal_ Details/TELEPHONE' is visible

2020-10-16 14:28:23 - [MESSAGE][PASSED] - Object 'Object Repository/MAKE_ PAYMENT/Consumer_Personal_ Details/TELEPHONE' is present

2020-10-16 14:28:25 - [MESSAGE][PASSED] - Text '9988545421' is set on object 'Object Repository/MAKE_ PAYMENT/Consumer_Personal_ Details/TELEPHONE'

2020-10-16 14:28:25 - [MESSAGE][PASSED] - Consumer_Payment_Making.ts:Entered'9988545421 into Telephone

2020-10-16 14:28:25 - [TEST_STEP][PASSED] - pages.Payment_Page.setLocationDetails(address, zipCode): Consumer_Payment_Making.ts:Entered'76102 into ZipCode

2020-10-16 14:28:25 - [MESSAGE][PASSED] - Object 'Object Repository/MAKE_ PAYMENT/Consumer_Personal_ Details/ADDRESS' is present

2020-10-16 14:28:25 - [MESSAGE][PASSED] - Object 'Object Repository/MAKE_ PAYMENT/Consumer_Personal_ Details/ADDRESS' is visible

2020-10-16 14:28:26 - [MESSAGE][PASSED] - Object 'Object Repository/MAKE_ PAYMENT/Consumer_Personal_ Details/ADDRESS' is present

2020-10-16 14:28:27 - [MESSAGE][PASSED] - Text '14-9' is set on object 'Object Repository/MAKE_ PAYMENT/Consumer_Personal_ Details/ADDRESS'

2020-10-16 14:28:27 - [MESSAGE][PASSED] - Consumer_Payment_Making.ts:Entered'14-9 into Address

2020-10-16 14:28:27 - [MESSAGE][PASSED] - Object 'Object Repository/MAKE_ PAYMENT/Consumer_Personal_ Details/ZIP_CODE' is present

2020-10-16 14:28:28 - [MESSAGE][PASSED] - Object 'Object Repository/MAKE_ PAYMENT/Consumer_Personal_ Details/ZIP_CODE' is visible

2020-10-16 14:28:28 - [MESSAGE][PASSED] - Object 'Object Repository/MAKE_ PAYMENT/Consumer_Personal_ Details/ZIP_CODE' is present

2020-10-16 14:28:29 - [MESSAGE][PASSED] - Text '76102' is set on object 'Object Repository/MAKE_ PAYMENT/Consumer_Personal_ Details/ZIP_CODE'

2020-10-16 14:28:29 - [MESSAGE][PASSED] - Consumer_Payment_Making.ts:Entered'76102 into ZipCode

2020-10-16 14:28:29 - [TEST_STEP][PASSED] - pages.Payment_Page.clickOnElement(findTestObject("MAKE_ PAYMENT/Home_ Page/CONTINUE")): pages.Payment_Page.clickOnElement is PASSED

2020-10-16 14:28:33 - [MESSAGE][PASSED] - Execute JavaScript 'arguments[0].click()' successfully

2020-10-16 14:28:33 - [MESSAGE][PASSED] - pages.Payment_Page.clickOnElement is PASSED

2020-10-16 14:28:33 - [TEST_STEP][PASSED] - utilities.SafeActions.safeCheck(findTestObject("MAKE_ PAYMENT/Consumer_Personal_ Details/CheckBox"), "Billing CheckBox", [pageLoadTime]): Consumer_Payment_Making.ts:Checkbox 'Billing CheckBox'is selected

2020-10-16 14:28:36 - [MESSAGE][PASSED] - Object 'Object Repository/MAKE_ PAYMENT/Consumer_Personal_ Details/CheckBox' is present

2020-10-16 14:28:37 - [MESSAGE][PASSED] - Object 'Object Repository/MAKE_ PAYMENT/Consumer_Personal_ Details/CheckBox' is present

2020-10-16 14:28:39 - [MESSAGE][PASSED] - Object: 'Object Repository/MAKE_ PAYMENT/Consumer_Personal_ Details/CheckBox' is clicked on

2020-10-16 14:28:39 - [MESSAGE][PASSED] - Consumer_Payment_Making.ts:Checkbox 'Billing CheckBox'is selected

2020-10-16 14:28:39 - [TEST_STEP][PASSED] - waitForPageLoad(2): Wait for page load successfully

2020-10-16 14:28:43 - [MESSAGE][PASSED] - Wait for page load successfully

2020-10-16 14:28:43 - [TEST_STEP][PASSED] - utilities.SafeActions.safeClick(findTestObject("MAKE_ PAYMENT/Home_ Page/CONTINUE"), "Continue", [pageLoadTime]): Consumer_Payment_Making.ts:Clicked on the Continue

2020-10-16 14:28:43 - [MESSAGE][INFO] - safeClicking

2020-10-16 14:28:45 - [MESSAGE][PASSED] - Object 'Object Repository/MAKE_ PAYMENT/Home_ Page/CONTINUE' is present

2020-10-16 14:28:46 - [MESSAGE][PASSED] - Object 'Object Repository/MAKE_ PAYMENT/Home_ Page/CONTINUE' is clickable

2020-10-16 14:28:52 - [MESSAGE][PASSED] - Object: 'Object Repository/MAKE_ PAYMENT/Home_ Page/CONTINUE' is clicked on

2020-10-16 14:28:52 - [MESSAGE][PASSED] - Consumer_Payment_Making.ts:Clicked on the Continue

2020-10-16 14:28:52 - [TEST_STEP][PASSED] - utilities.SafeActions.safeCheck(findTestObject("MAKE_ PAYMENT/Consumer_Personal_ Details/ACC_TYPE_CHECKING"), "Checking", [pageLoadTime]): Consumer_Payment_Making.ts:Checkbox 'Checking'is selected

2020-10-16 14:28:52 - [MESSAGE][PASSED] - Object 'Object Repository/MAKE_ PAYMENT/Consumer_Personal_ Details/ACC_TYPE_CHECKING' is present

2020-10-16 14:28:53 - [MESSAGE][PASSED] - Object 'Object Repository/MAKE_ PAYMENT/Consumer_Personal_ Details/ACC_TYPE_CHECKING' is present

2020-10-16 14:28:55 - [MESSAGE][PASSED] - Object: 'Object Repository/MAKE_ PAYMENT/Consumer_Personal_ Details/ACC_TYPE_CHECKING' is clicked on

2020-10-16 14:28:55 - [MESSAGE][PASSED] - Consumer_Payment_Making.ts:Checkbox 'Checking'is selected

2020-10-16 14:28:55 - [TEST_STEP][PASSED] - pages.Payment_Page.setElectronicCheckInformation(findTestObject("MAKE_ PAYMENT/Consumer_Personal_ Details/CHECKING_ACCOUNT_NUMBER"), findTestObject("MAKE_ PAYMENT/Consumer_Personal_ Details/CONFIRM_CHECKING_ACC_NUM"), routingNum, checkingAccNum): Consumer_Payment_Making.ts:Entered'123456 into ConfirmCheckAccNum

2020-10-16 14:28:55 - [MESSAGE][PASSED] - Object 'Object Repository/MAKE_ PAYMENT/Consumer_Personal_ Details/ROUTING_NUMBER' is present

2020-10-16 14:28:55 - [MESSAGE][PASSED] - Object 'Object Repository/MAKE_ PAYMENT/Consumer_Personal_ Details/ROUTING_NUMBER' is visible

2020-10-16 14:28:56 - [MESSAGE][PASSED] - Object 'Object Repository/MAKE_ PAYMENT/Consumer_Personal_ Details/ROUTING_NUMBER' is present

2020-10-16 14:28:57 - [MESSAGE][PASSED] - Text '111000025' is set on object 'Object Repository/MAKE_ PAYMENT/Consumer_Personal_ Details/ROUTING_NUMBER'

2020-10-16 14:28:57 - [MESSAGE][PASSED] - Consumer_Payment_Making.ts:Entered'111000025 into RoutingNumber

2020-10-16 14:28:57 - [MESSAGE][PASSED] - Object 'Object Repository/MAKE_ PAYMENT/Consumer_Personal_ Details/CHECKING_ACCOUNT_NUMBER' is present

2020-10-16 14:28:58 - [MESSAGE][PASSED] - Object 'Object Repository/MAKE_ PAYMENT/Consumer_Personal_ Details/CHECKING_ACCOUNT_NUMBER' is present

2020-10-16 14:28:58 - [MESSAGE][PASSED] - Object 'Object Repository/MAKE_ PAYMENT/Consumer_Personal_ Details/CHECKING_ACCOUNT_NUMBER' is visible

2020-10-16 14:28:58 - [MESSAGE][PASSED] - Object 'Object Repository/MAKE_ PAYMENT/Consumer_Personal_ Details/CHECKING_ACCOUNT_NUMBER' is present

2020-10-16 14:28:59 - [MESSAGE][PASSED] - Text '123456' is set on object 'Object Repository/MAKE_ PAYMENT/Consumer_Personal_ Details/CHECKING_ACCOUNT_NUMBER'

2020-10-16 14:28:59 - [MESSAGE][PASSED] - Consumer_Payment_Making.ts:Entered'123456 into CheckAccNum

2020-10-16 14:29:01 - [MESSAGE][PASSED] - Object 'Object Repository/MAKE_ PAYMENT/Consumer_Personal_ Details/CONFIRM_CHECKING_ACC_NUM' is present

2020-10-16 14:29:01 - [MESSAGE][PASSED] - Object 'Object Repository/MAKE_ PAYMENT/Consumer_Personal_ Details/CONFIRM_CHECKING_ACC_NUM' is visible

2020-10-16 14:29:02 - [MESSAGE][PASSED] - Object 'Object Repository/MAKE_ PAYMENT/Consumer_Personal_ Details/CONFIRM_CHECKING_ACC_NUM' is present

2020-10-16 14:29:03 - [MESSAGE][PASSED] - Text '123456' is set on object 'Object Repository/MAKE_ PAYMENT/Consumer_Personal_ Details/CONFIRM_CHECKING_ACC_NUM'

2020-10-16 14:29:03 - [MESSAGE][PASSED] - Consumer_Payment_Making.ts:Entered'123456 into ConfirmCheckAccNum

2020-10-16 14:29:03 - [TEST_STEP][PASSED] - utilities.SafeActions.safeType(findTestObject("MAKE_ PAYMENT/Consumer_Personal_ Details/EMAIL_ADDRESS"), emailAddress, "EmailAddress", [pageLoadTime]): Consumer_Payment_Making.ts:Entered'testing@zenq.com into EmailAddress

2020-10-16 14:29:03 - [MESSAGE][PASSED] - Object 'Object Repository/MAKE_ PAYMENT/Consumer_Personal_ Details/EMAIL_ADDRESS' is present

2020-10-16 14:29:04 - [MESSAGE][PASSED] - Object 'Object Repository/MAKE_ PAYMENT/Consumer_Personal_ Details/EMAIL_ADDRESS' is visible

2020-10-16 14:29:04 - [MESSAGE][PASSED] - Object 'Object Repository/MAKE_ PAYMENT/Consumer_Personal_ Details/EMAIL_ADDRESS' is present

2020-10-16 14:29:05 - [MESSAGE][PASSED] - Text 'testing@zenq.com' is set on object 'Object Repository/MAKE_ PAYMENT/Consumer_Personal_ Details/EMAIL_ADDRESS'

2020-10-16 14:29:05 - [MESSAGE][PASSED] - Consumer_Payment_Making.ts:Entered'testing@zenq.com into EmailAddress

2020-10-16 14:29:05 - [TEST_STEP][PASSED] - utilities.SafeActions.safeType(findTestObject("MAKE_ PAYMENT/Consumer_Personal_ Details/SIGNATURE"), firstName, "EmailAddress", [pageLoadTime]): Consumer_Payment_Making.ts:Entered'Chasto into EmailAddress

2020-10-16 14:29:06 - [MESSAGE][PASSED] - Object 'Object Repository/MAKE_ PAYMENT/Consumer_Personal_ Details/SIGNATURE' is present

2020-10-16 14:29:06 - [MESSAGE][PASSED] - Object 'Object Repository/MAKE_ PAYMENT/Consumer_Personal_ Details/SIGNATURE' is visible

2020-10-16 14:29:06 - [MESSAGE][PASSED] - Object 'Object Repository/MAKE_ PAYMENT/Consumer_Personal_ Details/SIGNATURE' is present

2020-10-16 14:29:07 - [MESSAGE][PASSED] - Text 'Chasto' is set on object 'Object Repository/MAKE_ PAYMENT/Consumer_Personal_ Details/SIGNATURE'

2020-10-16 14:29:07 - [MESSAGE][PASSED] - Consumer_Payment_Making.ts:Entered'Chasto into EmailAddress

2020-10-16 14:29:07 - [TEST_STEP][PASSED] - utilities.SafeActions.safeType(findTestObject("MAKE_ PAYMENT/Consumer_Personal_ Details/AGREEMENT"), "Yes", "Agreement", [pageLoadTime]): Consumer_Payment_Making.ts:Entered'Yes into Agreement

2020-10-16 14:29:08 - [MESSAGE][PASSED] - Object 'Object Repository/MAKE_ PAYMENT/Consumer_Personal_ Details/AGREEMENT' is present

2020-10-16 14:29:08 - [MESSAGE][PASSED] - Object 'Object Repository/MAKE_ PAYMENT/Consumer_Personal_ Details/AGREEMENT' is visible

2020-10-16 14:29:08 - [MESSAGE][PASSED] - Object 'Object Repository/MAKE_ PAYMENT/Consumer_Personal_ Details/AGREEMENT' is present

2020-10-16 14:29:10 - [MESSAGE][PASSED] - Text 'Yes' is set on object 'Object Repository/MAKE_ PAYMENT/Consumer_Personal_ Details/AGREEMENT'

2020-10-16 14:29:10 - [MESSAGE][PASSED] - Consumer_Payment_Making.ts:Entered'Yes into Agreement

2020-10-16 14:29:10 - [TEST_STEP][PASSED] - utilities.SafeActions.safeClick(findTestObject("MAKE_ PAYMENT/Home_ Page/CHECK_CONTINUE"), "Continue", [pageLoadTime]): Consumer_Payment_Making.ts:Clicked on the Continue

2020-10-16 14:29:10 - [MESSAGE][INFO] - safeClicking

2020-10-16 14:29:10 - [MESSAGE][PASSED] - Object 'Object Repository/MAKE_ PAYMENT/Home_ Page/CHECK_CONTINUE' is present

2020-10-16 14:29:10 - [MESSAGE][PASSED] - Object 'Object Repository/MAKE_ PAYMENT/Home_ Page/CHECK_CONTINUE' is clickable

2020-10-16 14:29:12 - [MESSAGE][PASSED] - Object: 'Object Repository/MAKE_ PAYMENT/Home_ Page/CHECK_CONTINUE' is clicked on

2020-10-16 14:29:12 - [MESSAGE][PASSED] - Consumer_Payment_Making.ts:Clicked on the Continue

2020-10-16 14:29:12 - [TEST_STEP][PASSED] - utilities.SafeActions.safeClick(findTestObject("MAKE_ PAYMENT/Home_ Page/CONTINUE"), "Continue", [pageLoadTime]): Consumer_Payment_Making.ts:Clicked on the Continue

2020-10-16 14:29:12 - [MESSAGE][INFO] - safeClicking

2020-10-16 14:29:12 - [MESSAGE][PASSED] - Object 'Object Repository/MAKE_ PAYMENT/Home_ Page/CONTINUE' is present

2020-10-16 14:29:13 - [MESSAGE][PASSED] - Object 'Object Repository/MAKE_ PAYMENT/Home_ Page/CONTINUE' is clickable

2020-10-16 14:29:18 - [MESSAGE][PASSED] - Object: 'Object Repository/MAKE_ PAYMENT/Home_ Page/CONTINUE' is clicked on

2020-10-16 14:29:18 - [MESSAGE][PASSED] - Consumer_Payment_Making.ts:Clicked on the Continue

2020-10-16 14:29:18 - [TEST_STEP][PASSED] - utilities.SafeActions.safeClick(findTestObject("MAKE_ PAYMENT/Consumer_Personal_ Details/I_AGREE"), "I agree", [pageLoadTime]): Consumer_Payment_Making.ts:Clicked on the I agree

2020-10-16 14:29:18 - [MESSAGE][INFO] - safeClicking

2020-10-16 14:29:20 - [MESSAGE][PASSED] - Object 'Object Repository/MAKE_ PAYMENT/Consumer_Personal_ Details/I_AGREE' is present

2020-10-16 14:29:20 - [MESSAGE][PASSED] - Object 'Object Repository/MAKE_ PAYMENT/Consumer_Personal_ Details/I_AGREE' is clickable

2020-10-16 14:29:26 - [MESSAGE][PASSED] - Object: 'Object Repository/MAKE_ PAYMENT/Consumer_Personal_ Details/I_AGREE' is clicked on

2020-10-16 14:29:26 - [MESSAGE][PASSED] - Consumer_Payment_Making.ts:Clicked on the I agree

2020-10-16 14:29:26 - [TEST_STEP][PASSED] - pages.Payment_Page.verifyUserDetails(firstName, lastName, emailAddress, "Discover", "Checking"): pages.Payment_Page.verifyUserDetails is PASSED

2020-10-16 14:29:27 - [MESSAGE][PASSED] - Scroll to object 'Object Repository/MAKE_ PAYMENT/Verification_ Details/FIRST_NAME' successfully

2020-10-16 14:29:27 - [MESSAGE][PASSED] - Text of object 'Object Repository/MAKE_ PAYMENT/Verification_ Details/FIRST_NAME' is: 'Chasto'

2020-10-16 14:29:27 - [MESSAGE][PASSED] - Actual text 'Chasto' and expected text 'Chasto' are matched  using regular expression

2020-10-16 14:29:28 - [MESSAGE][PASSED] - Text of object 'Object Repository/MAKE_ PAYMENT/Verification_ Details/LAST_NAME' is: 'James'

2020-10-16 14:29:28 - [MESSAGE][PASSED] - Actual text 'James' and expected text 'James' are matched  using regular expression

2020-10-16 14:29:30 - [MESSAGE][PASSED] - Text of object 'Object Repository/MAKE_ PAYMENT/Verification_ Details/EMAIL_ADDRESS' is: 'testing@zenq.com'

2020-10-16 14:29:30 - [MESSAGE][PASSED] - Actual text 'testing@zenq.com' and expected text 'testing@zenq.com' are matched  using regular expression

2020-10-16 14:29:31 - [MESSAGE][PASSED] - Text of object 'Object Repository/MAKE_ PAYMENT/Verification_ Details/ACH_ACC_TYPE' is: 'Checking'

2020-10-16 14:29:31 - [MESSAGE][PASSED] - Actual text 'Checking' and expected text 'Checking' are matched  using regular expression

2020-10-16 14:29:32 - [MESSAGE][PASSED] - pages.Payment_Page.verifyUserDetails is PASSED

2020-10-16 14:29:32 - [TEST_STEP][PASSED] - utilities.SafeActions.safeClick(findTestObject("MAKE_ PAYMENT/Verification_ Details/PROCESS_PAYMENT"), "Process Payment", [pageLoadTime]): Consumer_Payment_Making.ts:Clicked on the Process Payment

2020-10-16 14:29:32 - [MESSAGE][INFO] - safeClicking

2020-10-16 14:29:32 - [MESSAGE][PASSED] - Object 'Object Repository/MAKE_ PAYMENT/Verification_ Details/PROCESS_PAYMENT' is present

2020-10-16 14:29:32 - [MESSAGE][PASSED] - Object 'Object Repository/MAKE_ PAYMENT/Verification_ Details/PROCESS_PAYMENT' is clickable

2020-10-16 14:29:34 - [MESSAGE][PASSED] - Object: 'Object Repository/MAKE_ PAYMENT/Verification_ Details/PROCESS_PAYMENT' is clicked on

2020-10-16 14:29:34 - [MESSAGE][PASSED] - Consumer_Payment_Making.ts:Clicked on the Process Payment

2020-10-16 14:29:34 - [TEST_STEP][PASSED] - utilities.SafeActions.safeClick(findTestObject("MAKE_ PAYMENT/Verification_ Details/YES_BUTTON"), "yes button", [pageLoadTime]): Consumer_Payment_Making.ts:Clicked on the yes button

2020-10-16 14:29:34 - [MESSAGE][INFO] - safeClicking

2020-10-16 14:29:34 - [MESSAGE][PASSED] - Object 'Object Repository/MAKE_ PAYMENT/Verification_ Details/YES_BUTTON' is present

2020-10-16 14:29:34 - [MESSAGE][PASSED] - Object 'Object Repository/MAKE_ PAYMENT/Verification_ Details/YES_BUTTON' is clickable

2020-10-16 14:29:41 - [MESSAGE][PASSED] - Object: 'Object Repository/MAKE_ PAYMENT/Verification_ Details/YES_BUTTON' is clicked on

2020-10-16 14:29:41 - [MESSAGE][PASSED] - Consumer_Payment_Making.ts:Clicked on the yes button

2020-10-16 14:29:41 - [TEST_STEP][PASSED] - verifyElementPresent(findTestObject("MAKE_ PAYMENT/Verification_ Details/PENDING"), 30): Object 'Object Repository/MAKE_ PAYMENT/Verification_ Details/PENDING' is present

2020-10-16 14:29:42 - [MESSAGE][PASSED] - Object 'Object Repository/MAKE_ PAYMENT/Verification_ Details/PENDING' is present

2020-10-16 14:29:42 - [TEST_STEP][PASSED] - PaymentID = pages.Payment_Page.verifyECheckPaymentApproval(referenceNum): pages.Payment_Page.verifyECheckPaymentApproval is PASSED

2020-10-16 14:29:43 - [MESSAGE][PASSED] - Text of object 'Object Repository/MAKE_ PAYMENT/Verification_ Details/PAY_ID_ELECTRIC_CHECK' is: '100176130119'

2020-10-16 14:29:45 - [MESSAGE][PASSED] - Text of object 'Object Repository/MAKE_ PAYMENT/Verification_ Details/REF_NUM_E_CHECK' is: '11'

2020-10-16 14:29:45 - [MESSAGE][PASSED] - pages.Payment_Page.verifyECheckPaymentApproval is PASSED

2020-10-16 14:29:45 - [TEST_STEP][PASSED] - utilities.SafeActions.safeClick(findTestObject("SEARCH_PAYMENT/SEARCH_PAYMENT"), "Search Payment", [pageLoadTime]): Consumer_Payment_Making.ts:Clicked on the Search Payment

2020-10-16 14:29:45 - [MESSAGE][INFO] - safeClicking

2020-10-16 14:29:46 - [MESSAGE][PASSED] - Object 'Object Repository/SEARCH_PAYMENT/SEARCH_PAYMENT' is present

2020-10-16 14:29:46 - [MESSAGE][PASSED] - Object 'Object Repository/SEARCH_PAYMENT/SEARCH_PAYMENT' is clickable

2020-10-16 14:29:47 - [MESSAGE][PASSED] - Object: 'Object Repository/SEARCH_PAYMENT/SEARCH_PAYMENT' is clicked on

2020-10-16 14:29:47 - [MESSAGE][PASSED] - Consumer_Payment_Making.ts:Clicked on the Search Payment

2020-10-16 14:29:47 - [TEST_STEP][PASSED] - waitForPageLoad(10): Wait for page load successfully

2020-10-16 14:29:47 - [MESSAGE][PASSED] - Wait for page load successfully

2020-10-16 14:29:47 - [TEST_STEP][PASSED] - pages.Search_Page.switchToWindow(): pages.Search_Page.switchToWindow is PASSED

2020-10-16 14:29:49 - [MESSAGE][PASSED] - Object: 'Object Repository/SEARCH_PAYMENT/SEARCH_PAYMENT' is clicked on

2020-10-16 14:29:49 - [MESSAGE][PASSED] - Switched to window with index: '1'

2020-10-16 14:29:49 - [MESSAGE][PASSED] - pages.Search_Page.switchToWindow is PASSED

2020-10-16 14:29:49 - [TEST_STEP][PASSED] - utilities.SafeActions.safeCheck(findTestObject("SEARCH_PAYMENT/ELECTRONIC_CHECK"), "Echeck", [pageLoadTime]): Consumer_Payment_Making.ts:Checkbox 'Echeck'is selected

2020-10-16 14:30:03 - [MESSAGE][PASSED] - Object 'Object Repository/SEARCH_PAYMENT/ELECTRONIC_CHECK' is present

2020-10-16 14:30:06 - [MESSAGE][PASSED] - Object 'Object Repository/SEARCH_PAYMENT/ELECTRONIC_CHECK' is present

2020-10-16 14:30:07 - [MESSAGE][PASSED] - Object: 'Object Repository/SEARCH_PAYMENT/ELECTRONIC_CHECK' is clicked on

2020-10-16 14:30:07 - [MESSAGE][PASSED] - Consumer_Payment_Making.ts:Checkbox 'Echeck'is selected

2020-10-16 14:30:07 - [TEST_STEP][PASSED] - pages.Search_Page.setSearchDetails(lastName, VISA, checkingAccNum): Acc num enterd

2020-10-16 14:30:08 - [MESSAGE][PASSED] - Object 'Object Repository/SEARCH_PAYMENT/BILLING_LAST_NAME' is present

2020-10-16 14:30:08 - [MESSAGE][PASSED] - Object 'Object Repository/SEARCH_PAYMENT/BILLING_LAST_NAME' is visible

2020-10-16 14:30:08 - [MESSAGE][PASSED] - Object 'Object Repository/SEARCH_PAYMENT/BILLING_LAST_NAME' is present

2020-10-16 14:30:09 - [MESSAGE][PASSED] - Text 'James' is set on object 'Object Repository/SEARCH_PAYMENT/BILLING_LAST_NAME'

2020-10-16 14:30:09 - [MESSAGE][PASSED] - Consumer_Payment_Making.ts:Entered'James into LastName

2020-10-16 14:30:10 - [MESSAGE][WARNING] - Object 'Object Repository/SEARCH_PAYMENT/CREDIT_OR_DEBIT_CARD' is not checked (Root cause: com.kms.katalon.core.exception.StepFailedException: Object 'Object Repository/SEARCH_PAYMENT/CREDIT_OR_DEBIT_CARD' is not checked
	at com.kms.katalon.core.webui.keyword.internal.WebUIKeywordMain.stepFailed(WebUIKeywordMain.groovy:64)
	at com.kms.katalon.core.webui.keyword.builtin.VerifyElementCheckedKeyword$_verifyElementChecked_closure1.doCall(VerifyElementCheckedKeyword.groovy:81)
	at com.kms.katalon.core.webui.keyword.builtin.VerifyElementCheckedKeyword$_verifyElementChecked_closure1.call(VerifyElementCheckedKeyword.groovy)
	at com.kms.katalon.core.webui.keyword.internal.WebUIKeywordMain.runKeyword(WebUIKeywordMain.groovy:20)
	at com.kms.katalon.core.webui.keyword.builtin.VerifyElementCheckedKeyword.verifyElementChecked(VerifyElementCheckedKeyword.groovy:92)
	at com.kms.katalon.core.webui.keyword.builtin.VerifyElementCheckedKeyword.execute(VerifyElementCheckedKeyword.groovy:68)
	at com.kms.katalon.core.keyword.internal.KeywordExecutor.executeKeywordForPlatform(KeywordExecutor.groovy:72)
	at com.kms.katalon.core.webui.keyword.WebUiBuiltInKeywords.verifyElementChecked(WebUiBuiltInKeywords.groovy:1352)
	at com.kms.katalon.core.webui.keyword.WebUiBuiltInKeywords$verifyElementChecked$15.call(Unknown Source)
	at pages.Search_Page.setSearchDetails(Search_Page.groovy:39)
	at pages.Search_Page.invokeMethod(Search_Page.groovy)
	at com.kms.katalon.core.main.CustomKeywordDelegatingMetaClass.invokeStaticMethod(CustomKeywordDelegatingMetaClass.java:50)
	at TC_004_Echeck_Checking_MultiLine_Payment.run(TC_004_Echeck_Checking_MultiLine_Payment:128)
	at com.kms.katalon.core.main.ScriptEngine.run(ScriptEngine.java:194)
	at com.kms.katalon.core.main.ScriptEngine.runScriptAsRawText(ScriptEngine.java:119)
	at com.kms.katalon.core.main.TestCaseExecutor.runScript(TestCaseExecutor.java:337)
	at com.kms.katalon.core.main.TestCaseExecutor.doExecute(TestCaseExecutor.java:328)
	at com.kms.katalon.core.main.TestCaseExecutor.processExecutionPhase(TestCaseExecutor.java:307)
	at com.kms.katalon.core.main.TestCaseExecutor.accessMainPhase(TestCaseExecutor.java:299)
	at com.kms.katalon.core.main.TestCaseExecutor.execute(TestCaseExecutor.java:233)
	at com.kms.katalon.core.main.TestSuiteExecutor.accessTestCaseMainPhase(TestSuiteExecutor.java:169)
	at com.kms.katalon.core.main.TestSuiteExecutor.accessTestSuiteMainPhase(TestSuiteExecutor.java:142)
	at com.kms.katalon.core.main.TestSuiteExecutor.execute(TestSuiteExecutor.java:91)
	at com.kms.katalon.core.main.TestCaseMain.startTestSuite(TestCaseMain.java:157)
	at com.kms.katalon.core.main.TestCaseMain$startTestSuite$0.call(Unknown Source)
	at TempTestSuite1602837764827.run(TempTestSuite1602837764827.groovy:36)
)
[[ATTACHMENT|E:\\Sush_Certpay\\Reports\\20201016_141244\\Certpay_testSuite\\Consumer_Payment_Making\\20201016_141244\\1602838810163.png]]

2020-10-16 14:30:11 - [MESSAGE][PASSED] - Object 'Object Repository/SEARCH_PAYMENT/ACC_NUMBER' is present

2020-10-16 14:30:11 - [MESSAGE][PASSED] - Object 'Object Repository/SEARCH_PAYMENT/ACC_NUMBER' is visible

2020-10-16 14:30:11 - [MESSAGE][PASSED] - Object 'Object Repository/SEARCH_PAYMENT/ACC_NUMBER' is present

2020-10-16 14:30:12 - [MESSAGE][PASSED] - Text '123456' is set on object 'Object Repository/SEARCH_PAYMENT/ACC_NUMBER'

2020-10-16 14:30:12 - [MESSAGE][PASSED] - Consumer_Payment_Making.ts:Entered'123456 into Acc num

2020-10-16 14:30:12 - [MESSAGE][PASSED] - Acc num enterd

2020-10-16 14:30:12 - [TEST_STEP][PASSED] - utilities.SafeActions.safeClick(findTestObject("SEARCH_PAYMENT/SEARCH_BUTTON"), "Search", [pageLoadTime]): Consumer_Payment_Making.ts:Clicked on the Search

2020-10-16 14:30:12 - [MESSAGE][INFO] - safeClicking

2020-10-16 14:30:13 - [MESSAGE][PASSED] - Object 'Object Repository/SEARCH_PAYMENT/SEARCH_BUTTON' is present

2020-10-16 14:30:13 - [MESSAGE][PASSED] - Object 'Object Repository/SEARCH_PAYMENT/SEARCH_BUTTON' is clickable

2020-10-16 14:31:16 - [MESSAGE][PASSED] - Object: 'Object Repository/SEARCH_PAYMENT/SEARCH_BUTTON' is clicked on

2020-10-16 14:31:16 - [MESSAGE][PASSED] - Consumer_Payment_Making.ts:Clicked on the Search

2020-10-16 14:31:16 - [TEST_STEP][PASSED] - pages.Payment_Page.verifyPaymentDetailsInReceipt(PaymentID): pages.Payment_Page.verifyPaymentDetailsInReceipt is PASSED

2020-10-16 14:31:18 - [MESSAGE][PASSED] - Text of object 'Object Repository/SEARCH_PAYMENT/REFERNCE_NUM' is: '11'

2020-10-16 14:31:19 - [MESSAGE][PASSED] - Text of object 'Object Repository/SEARCH_PAYMENT/PAYMENT_ID' is: '100176130123'

2020-10-16 14:31:19 - [MESSAGE][PASSED] - pages.Payment_Page.verifyPaymentDetailsInReceipt is PASSED

2020-10-16 14:31:19 - [TEST_STEP][PASSED] - utilities.SafeActions.safeClick(findTestObject("SEARCH_PAYMENT/SEARCH_ ICON"), "SearchIcon", [pageLoadTime]): Consumer_Payment_Making.ts:Clicked on the SearchIcon

2020-10-16 14:31:19 - [MESSAGE][INFO] - safeClicking

2020-10-16 14:31:19 - [MESSAGE][PASSED] - Object 'Object Repository/SEARCH_PAYMENT/SEARCH_ ICON' is present

2020-10-16 14:31:19 - [MESSAGE][PASSED] - Object 'Object Repository/SEARCH_PAYMENT/SEARCH_ ICON' is clickable

2020-10-16 14:31:21 - [MESSAGE][PASSED] - Object: 'Object Repository/SEARCH_PAYMENT/SEARCH_ ICON' is clicked on

2020-10-16 14:31:21 - [MESSAGE][PASSED] - Consumer_Payment_Making.ts:Clicked on the SearchIcon

2020-10-16 14:31:21 - [TEST_STEP][PASSED] - scrollToElement(findTestObject("SEARCH_PAYMENT/CLOSE_BUTTON"), 0): Scroll to object 'Object Repository/SEARCH_PAYMENT/CLOSE_BUTTON' successfully

2020-10-16 14:31:21 - [MESSAGE][WARNING] - Timeout '0' is invalid. Using default page load timeout: '30'

2020-10-16 14:31:23 - [MESSAGE][PASSED] - Scroll to object 'Object Repository/SEARCH_PAYMENT/CLOSE_BUTTON' successfully

2020-10-16 14:31:23 - [TEST_STEP][PASSED] - utilities.SafeActions.safeClick(findTestObject("SEARCH_PAYMENT/EMAIL_ RECEIPT"), "Email Receipt", [pageLoadTime]): Consumer_Payment_Making.ts:Clicked on the Email Receipt

2020-10-16 14:31:23 - [MESSAGE][INFO] - safeClicking

2020-10-16 14:31:23 - [MESSAGE][PASSED] - Object 'Object Repository/SEARCH_PAYMENT/EMAIL_ RECEIPT' is present

2020-10-16 14:31:24 - [MESSAGE][PASSED] - Object 'Object Repository/SEARCH_PAYMENT/EMAIL_ RECEIPT' is clickable

2020-10-16 14:31:25 - [MESSAGE][PASSED] - Object: 'Object Repository/SEARCH_PAYMENT/EMAIL_ RECEIPT' is clicked on

2020-10-16 14:31:25 - [MESSAGE][PASSED] - Consumer_Payment_Making.ts:Clicked on the Email Receipt

2020-10-16 14:31:25 - [TEST_STEP][PASSED] - utilities.SafeActions.safeClick(findTestObject("SEARCH_PAYMENT/SEND_ EMAIL_BUTTON"), "Send Email", [pageLoadTime]): Consumer_Payment_Making.ts:Clicked on the Send Email

2020-10-16 14:31:25 - [MESSAGE][INFO] - safeClicking

2020-10-16 14:31:26 - [MESSAGE][PASSED] - Object 'Object Repository/SEARCH_PAYMENT/SEND_ EMAIL_BUTTON' is present

2020-10-16 14:31:26 - [MESSAGE][PASSED] - Object 'Object Repository/SEARCH_PAYMENT/SEND_ EMAIL_BUTTON' is clickable

2020-10-16 14:31:27 - [MESSAGE][PASSED] - Object: 'Object Repository/SEARCH_PAYMENT/SEND_ EMAIL_BUTTON' is clicked on

2020-10-16 14:31:27 - [MESSAGE][PASSED] - Consumer_Payment_Making.ts:Clicked on the Send Email

2020-10-16 14:31:27 - [TEST_STEP][PASSED] - Start listener action : afterTestCase: Browser is closed

2020-10-16 14:31:27 - [TEST_STEP][PASSED] - closeBrowser(): Browser is closed

2020-10-16 14:31:29 - [MESSAGE][PASSED] - Browser is closed]]></system-out>
         <system-err><![CDATA[]]></system-err>
      </testcase>
      <testcase name="Test Cases/Consumer_Make_Payment/TC_005_Echeck_Savings_SingleLine_Payment" time="211.858" classname="Test Cases/Consumer_Make_Payment/TC_005_Echeck_Savings_SingleLine_Payment" status="PASSED">
         <system-out><![CDATA[2020-10-16 14:31:29 - [TEST_CASE][PASSED] - Test Cases/Consumer_Make_Payment/TC_005_Echeck_Savings_SingleLine_Payment: Test Cases/Consumer_Make_Payment/TC_005_Echeck_Savings_SingleLine_Payment

2020-10-16 14:31:30 - [TEST_STEP][PASSED] - Start listener action : beforeTestCase: null

2020-10-16 14:31:30 - [TEST_STEP][PASSED] - utilities.SafeActions.openBrowser(certpay_url, [pageLoadTime]): Browser launched successfully

2020-10-16 14:31:30 - [MESSAGE][INFO] - Opening Browser

2020-10-16 14:31:30 - [MESSAGE][INFO] - Starting 'Chrome' driver

2020-10-16 14:31:46 - [MESSAGE][PASSED] - Browser is opened with url: 'https://qa-certpay.faps.net/'

2020-10-16 14:31:49 - [MESSAGE][PASSED] - Current window maximized

2020-10-16 14:31:49 - [MESSAGE][PASSED] - Browser launched successfully

2020-10-16 14:31:49 - [TEST_STEP][PASSED] - utilities.SafeActions.safeType(findTestObject("MAKE_ PAYMENT/Home_ Page/BUREAU_CODE"), bureauCode, "Bureau code", [pageLoadTime]): Consumer_Payment_Making.ts:Entered'6100000 into Bureau code

2020-10-16 14:31:49 - [MESSAGE][PASSED] - Object 'Object Repository/MAKE_ PAYMENT/Home_ Page/BUREAU_CODE' is present

2020-10-16 14:31:50 - [MESSAGE][PASSED] - Object 'Object Repository/MAKE_ PAYMENT/Home_ Page/BUREAU_CODE' is visible

2020-10-16 14:31:50 - [MESSAGE][PASSED] - Object 'Object Repository/MAKE_ PAYMENT/Home_ Page/BUREAU_CODE' is present

2020-10-16 14:31:51 - [MESSAGE][PASSED] - Text '6100000' is set on object 'Object Repository/MAKE_ PAYMENT/Home_ Page/BUREAU_CODE'

2020-10-16 14:31:51 - [MESSAGE][PASSED] - Consumer_Payment_Making.ts:Entered'6100000 into Bureau code

2020-10-16 14:31:51 - [TEST_STEP][PASSED] - utilities.SafeActions.safeClick(findTestObject("MAKE_ PAYMENT/Home_ Page/BEGIN_PAYMENT"), "Begin payment", [pageLoadTime]): Consumer_Payment_Making.ts:Clicked on the Begin payment

2020-10-16 14:31:51 - [MESSAGE][INFO] - safeClicking

2020-10-16 14:31:52 - [MESSAGE][PASSED] - Object 'Object Repository/MAKE_ PAYMENT/Home_ Page/BEGIN_PAYMENT' is present

2020-10-16 14:31:52 - [MESSAGE][PASSED] - Object 'Object Repository/MAKE_ PAYMENT/Home_ Page/BEGIN_PAYMENT' is clickable

2020-10-16 14:31:56 - [MESSAGE][PASSED] - Object: 'Object Repository/MAKE_ PAYMENT/Home_ Page/BEGIN_PAYMENT' is clicked on

2020-10-16 14:31:56 - [MESSAGE][PASSED] - Consumer_Payment_Making.ts:Clicked on the Begin payment

2020-10-16 14:31:56 - [TEST_STEP][PASSED] - utilities.SafeActions.safeClick(findTestObject("MAKE_ PAYMENT/Home_ Page/NEXT_BUTTON"), "Continue", [pageLoadTime]): Consumer_Payment_Making.ts:Clicked on the Continue

2020-10-16 14:31:57 - [MESSAGE][INFO] - safeClicking

2020-10-16 14:31:57 - [MESSAGE][PASSED] - Object 'Object Repository/MAKE_ PAYMENT/Home_ Page/NEXT_BUTTON' is present

2020-10-16 14:31:57 - [MESSAGE][PASSED] - Object 'Object Repository/MAKE_ PAYMENT/Home_ Page/NEXT_BUTTON' is clickable

2020-10-16 14:32:09 - [MESSAGE][PASSED] - Object: 'Object Repository/MAKE_ PAYMENT/Home_ Page/NEXT_BUTTON' is clicked on

2020-10-16 14:32:09 - [MESSAGE][PASSED] - Consumer_Payment_Making.ts:Clicked on the Continue

2020-10-16 14:32:09 - [TEST_STEP][PASSED] - utilities.SafeActions.safeCheck(findTestObject("MAKE_ PAYMENT/Home_ Page/ELECTRONIC_CHECK"), "Electronic check", [pageLoadTime]): Consumer_Payment_Making.ts:Checkbox 'Electronic check'is selected

2020-10-16 14:32:09 - [MESSAGE][PASSED] - Object 'Object Repository/MAKE_ PAYMENT/Home_ Page/ELECTRONIC_CHECK' is present

2020-10-16 14:32:10 - [MESSAGE][PASSED] - Object 'Object Repository/MAKE_ PAYMENT/Home_ Page/ELECTRONIC_CHECK' is present

2020-10-16 14:32:11 - [MESSAGE][PASSED] - Object: 'Object Repository/MAKE_ PAYMENT/Home_ Page/ELECTRONIC_CHECK' is clicked on

2020-10-16 14:32:11 - [MESSAGE][PASSED] - Consumer_Payment_Making.ts:Checkbox 'Electronic check'is selected

2020-10-16 14:32:11 - [TEST_STEP][PASSED] - pages.Payment_Page.setAmount("1", paymentAmount, "testing", referenceNum): Consumer_Payment_Making.ts:Entered'testing into Comments

2020-10-16 14:32:16 - [MESSAGE][PASSED] - Object '' is present

2020-10-16 14:32:17 - [MESSAGE][PASSED] - Object '' is visible

2020-10-16 14:32:17 - [MESSAGE][PASSED] - Object '' is present

2020-10-16 14:32:18 - [MESSAGE][PASSED] - Text '45.00' is set on object ''

2020-10-16 14:32:18 - [MESSAGE][PASSED] - Consumer_Payment_Making.ts:Entered'45.00 into Amount

2020-10-16 14:32:18 - [MESSAGE][PASSED] - Object '' is present

2020-10-16 14:32:19 - [MESSAGE][PASSED] - Object '' is visible

2020-10-16 14:32:19 - [MESSAGE][PASSED] - Object '' is present

2020-10-16 14:32:20 - [MESSAGE][PASSED] - Text '22' is set on object ''

2020-10-16 14:32:20 - [MESSAGE][PASSED] - Consumer_Payment_Making.ts:Entered'22 into Amount

2020-10-16 14:32:20 - [MESSAGE][PASSED] - Object '' is present

2020-10-16 14:32:21 - [MESSAGE][PASSED] - Object '' is visible

2020-10-16 14:32:21 - [MESSAGE][PASSED] - Object '' is present

2020-10-16 14:32:22 - [MESSAGE][PASSED] - Text 'testing' is set on object ''

2020-10-16 14:32:22 - [MESSAGE][PASSED] - Consumer_Payment_Making.ts:Entered'testing into Comments

2020-10-16 14:32:22 - [TEST_STEP][PASSED] - utilities.SafeActions.safeSelectOptionInDropdownByVisibleText(findTestObject("MAKE_ PAYMENT/Home_ Page/PAYMENT_TYPE"), paymentType, "Payment Type", [pageLoadTime]): selected dropdown option by visible text  Taxesfrom Payment Type

2020-10-16 14:32:23 - [MESSAGE][PASSED] - Object 'Object Repository/MAKE_ PAYMENT/Home_ Page/PAYMENT_TYPE' is visible

2020-10-16 14:32:23 - [MESSAGE][PASSED] - Object 'Object Repository/MAKE_ PAYMENT/Home_ Page/PAYMENT_TYPE' is present

2020-10-16 14:32:24 - [MESSAGE][PASSED] - Object: 'Object Repository/MAKE_ PAYMENT/Home_ Page/PAYMENT_TYPE' is clicked on

2020-10-16 14:32:25 - [MESSAGE][PASSED] - All options with label 'Taxes' are selected in object 'Object Repository/MAKE_ PAYMENT/Home_ Page/PAYMENT_TYPE'  using regular expression

2020-10-16 14:32:25 - [MESSAGE][PASSED] - selected dropdown option by visible text  Taxesfrom Payment Type

2020-10-16 14:32:25 - [TEST_STEP][PASSED] - utilities.SafeActions.safeClick(findTestObject("MAKE_ PAYMENT/Home_ Page/CONTINUE"), "Continue", [pageLoadTime]): Consumer_Payment_Making.ts:Clicked on the Continue

2020-10-16 14:32:25 - [MESSAGE][INFO] - safeClicking

2020-10-16 14:32:26 - [MESSAGE][PASSED] - Object 'Object Repository/MAKE_ PAYMENT/Home_ Page/CONTINUE' is present

2020-10-16 14:32:26 - [MESSAGE][PASSED] - Object 'Object Repository/MAKE_ PAYMENT/Home_ Page/CONTINUE' is clickable

2020-10-16 14:32:34 - [MESSAGE][PASSED] - Object: 'Object Repository/MAKE_ PAYMENT/Home_ Page/CONTINUE' is clicked on

2020-10-16 14:32:34 - [MESSAGE][PASSED] - Consumer_Payment_Making.ts:Clicked on the Continue

2020-10-16 14:32:34 - [TEST_STEP][PASSED] - pages.Payment_Page.setPersonalDetails(firstName, lastName, telephone): Consumer_Payment_Making.ts:Entered'9898767656 into Telephone

2020-10-16 14:32:42 - [MESSAGE][PASSED] - Object 'Object Repository/MAKE_ PAYMENT/Consumer_Personal_ Details/FIRST_NAME' is present

2020-10-16 14:32:42 - [MESSAGE][PASSED] - Object 'Object Repository/MAKE_ PAYMENT/Consumer_Personal_ Details/FIRST_NAME' is visible

2020-10-16 14:32:43 - [MESSAGE][PASSED] - Object 'Object Repository/MAKE_ PAYMENT/Consumer_Personal_ Details/FIRST_NAME' is present

2020-10-16 14:32:44 - [MESSAGE][PASSED] - Text 'Jackson' is set on object 'Object Repository/MAKE_ PAYMENT/Consumer_Personal_ Details/FIRST_NAME'

2020-10-16 14:32:44 - [MESSAGE][PASSED] - Consumer_Payment_Making.ts:Entered'Jackson into FirstName

2020-10-16 14:32:44 - [MESSAGE][PASSED] - Object 'Object Repository/MAKE_ PAYMENT/Consumer_Personal_ Details/LAST_NAME' is present

2020-10-16 14:32:45 - [MESSAGE][PASSED] - Object 'Object Repository/MAKE_ PAYMENT/Consumer_Personal_ Details/LAST_NAME' is visible

2020-10-16 14:32:45 - [MESSAGE][PASSED] - Object 'Object Repository/MAKE_ PAYMENT/Consumer_Personal_ Details/LAST_NAME' is present

2020-10-16 14:32:46 - [MESSAGE][PASSED] - Text 'Machael' is set on object 'Object Repository/MAKE_ PAYMENT/Consumer_Personal_ Details/LAST_NAME'

2020-10-16 14:32:46 - [MESSAGE][PASSED] - Consumer_Payment_Making.ts:Entered'Machael into LastName

2020-10-16 14:32:47 - [MESSAGE][PASSED] - Object 'Object Repository/MAKE_ PAYMENT/Consumer_Personal_ Details/TELEPHONE' is present

2020-10-16 14:32:47 - [MESSAGE][PASSED] - Object 'Object Repository/MAKE_ PAYMENT/Consumer_Personal_ Details/TELEPHONE' is visible

2020-10-16 14:32:47 - [MESSAGE][PASSED] - Object 'Object Repository/MAKE_ PAYMENT/Consumer_Personal_ Details/TELEPHONE' is present

2020-10-16 14:32:49 - [MESSAGE][PASSED] - Text '9898767656' is set on object 'Object Repository/MAKE_ PAYMENT/Consumer_Personal_ Details/TELEPHONE'

2020-10-16 14:32:49 - [MESSAGE][PASSED] - Consumer_Payment_Making.ts:Entered'9898767656 into Telephone

2020-10-16 14:32:49 - [TEST_STEP][PASSED] - pages.Payment_Page.setLocationDetails(address, zipCode): Consumer_Payment_Making.ts:Entered'76102 into ZipCode

2020-10-16 14:32:49 - [MESSAGE][PASSED] - Object 'Object Repository/MAKE_ PAYMENT/Consumer_Personal_ Details/ADDRESS' is present

2020-10-16 14:32:49 - [MESSAGE][PASSED] - Object 'Object Repository/MAKE_ PAYMENT/Consumer_Personal_ Details/ADDRESS' is visible

2020-10-16 14:32:50 - [MESSAGE][PASSED] - Object 'Object Repository/MAKE_ PAYMENT/Consumer_Personal_ Details/ADDRESS' is present

2020-10-16 14:32:51 - [MESSAGE][PASSED] - Text '14-2-6' is set on object 'Object Repository/MAKE_ PAYMENT/Consumer_Personal_ Details/ADDRESS'

2020-10-16 14:32:51 - [MESSAGE][PASSED] - Consumer_Payment_Making.ts:Entered'14-2-6 into Address

2020-10-16 14:32:51 - [MESSAGE][PASSED] - Object 'Object Repository/MAKE_ PAYMENT/Consumer_Personal_ Details/ZIP_CODE' is present

2020-10-16 14:32:52 - [MESSAGE][PASSED] - Object 'Object Repository/MAKE_ PAYMENT/Consumer_Personal_ Details/ZIP_CODE' is visible

2020-10-16 14:32:52 - [MESSAGE][PASSED] - Object 'Object Repository/MAKE_ PAYMENT/Consumer_Personal_ Details/ZIP_CODE' is present

2020-10-16 14:32:53 - [MESSAGE][PASSED] - Text '76102' is set on object 'Object Repository/MAKE_ PAYMENT/Consumer_Personal_ Details/ZIP_CODE'

2020-10-16 14:32:53 - [MESSAGE][PASSED] - Consumer_Payment_Making.ts:Entered'76102 into ZipCode

2020-10-16 14:32:53 - [TEST_STEP][PASSED] - pages.Payment_Page.clickOnElement(findTestObject("MAKE_ PAYMENT/Home_ Page/CONTINUE")): pages.Payment_Page.clickOnElement is PASSED

2020-10-16 14:33:25 - [MESSAGE][PASSED] - Execute JavaScript 'arguments[0].click()' successfully

2020-10-16 14:33:25 - [MESSAGE][PASSED] - pages.Payment_Page.clickOnElement is PASSED

2020-10-16 14:33:25 - [TEST_STEP][PASSED] - utilities.SafeActions.safeCheck(findTestObject("MAKE_ PAYMENT/Consumer_Personal_ Details/CheckBox"), "Billing CheckBox", [pageLoadTime]): Consumer_Payment_Making.ts:Checkbox 'Billing CheckBox'is selected

2020-10-16 14:33:26 - [MESSAGE][PASSED] - Object 'Object Repository/MAKE_ PAYMENT/Consumer_Personal_ Details/CheckBox' is present

2020-10-16 14:33:27 - [MESSAGE][PASSED] - Object 'Object Repository/MAKE_ PAYMENT/Consumer_Personal_ Details/CheckBox' is present

2020-10-16 14:33:28 - [MESSAGE][PASSED] - Object: 'Object Repository/MAKE_ PAYMENT/Consumer_Personal_ Details/CheckBox' is clicked on

2020-10-16 14:33:28 - [MESSAGE][PASSED] - Consumer_Payment_Making.ts:Checkbox 'Billing CheckBox'is selected

2020-10-16 14:33:28 - [TEST_STEP][PASSED] - waitForPageLoad(2): Wait for page load successfully

2020-10-16 14:33:35 - [MESSAGE][PASSED] - Wait for page load successfully

2020-10-16 14:33:35 - [TEST_STEP][PASSED] - utilities.SafeActions.safeClick(findTestObject("MAKE_ PAYMENT/Home_ Page/CONTINUE"), "Continue", [pageLoadTime]): Consumer_Payment_Making.ts:Clicked on the Continue

2020-10-16 14:33:35 - [MESSAGE][INFO] - safeClicking

2020-10-16 14:33:37 - [MESSAGE][PASSED] - Object 'Object Repository/MAKE_ PAYMENT/Home_ Page/CONTINUE' is present

2020-10-16 14:33:38 - [MESSAGE][PASSED] - Object 'Object Repository/MAKE_ PAYMENT/Home_ Page/CONTINUE' is clickable

2020-10-16 14:33:43 - [MESSAGE][PASSED] - Object: 'Object Repository/MAKE_ PAYMENT/Home_ Page/CONTINUE' is clicked on

2020-10-16 14:33:43 - [MESSAGE][PASSED] - Consumer_Payment_Making.ts:Clicked on the Continue

2020-10-16 14:33:43 - [TEST_STEP][PASSED] - utilities.SafeActions.safeCheck(findTestObject("MAKE_ PAYMENT/Consumer_Personal_ Details/ACC_TYPE_SAVINGS"), "Savings", [pageLoadTime]): Consumer_Payment_Making.ts:Checkbox 'Savings'is selected

2020-10-16 14:33:44 - [MESSAGE][PASSED] - Object 'Object Repository/MAKE_ PAYMENT/Consumer_Personal_ Details/ACC_TYPE_SAVINGS' is present

2020-10-16 14:33:45 - [MESSAGE][PASSED] - Object 'Object Repository/MAKE_ PAYMENT/Consumer_Personal_ Details/ACC_TYPE_SAVINGS' is present

2020-10-16 14:33:46 - [MESSAGE][PASSED] - Object: 'Object Repository/MAKE_ PAYMENT/Consumer_Personal_ Details/ACC_TYPE_SAVINGS' is clicked on

2020-10-16 14:33:46 - [MESSAGE][PASSED] - Consumer_Payment_Making.ts:Checkbox 'Savings'is selected

2020-10-16 14:33:46 - [TEST_STEP][PASSED] - pages.Payment_Page.setElectronicCheckInformation(findTestObject("MAKE_ PAYMENT/Consumer_Personal_ Details/CHECKING_ACCOUNT_NUMBER"), findTestObject("MAKE_ PAYMENT/Consumer_Personal_ Details/CONFIRM_CHECKING_ACC_NUM"), routingNum, checkingAccNum): Consumer_Payment_Making.ts:Entered'456789 into ConfirmCheckAccNum

2020-10-16 14:33:46 - [MESSAGE][PASSED] - Object 'Object Repository/MAKE_ PAYMENT/Consumer_Personal_ Details/ROUTING_NUMBER' is present

2020-10-16 14:33:47 - [MESSAGE][PASSED] - Object 'Object Repository/MAKE_ PAYMENT/Consumer_Personal_ Details/ROUTING_NUMBER' is visible

2020-10-16 14:33:47 - [MESSAGE][PASSED] - Object 'Object Repository/MAKE_ PAYMENT/Consumer_Personal_ Details/ROUTING_NUMBER' is present

2020-10-16 14:33:48 - [MESSAGE][PASSED] - Text '111000025' is set on object 'Object Repository/MAKE_ PAYMENT/Consumer_Personal_ Details/ROUTING_NUMBER'

2020-10-16 14:33:48 - [MESSAGE][PASSED] - Consumer_Payment_Making.ts:Entered'111000025 into RoutingNumber

2020-10-16 14:33:49 - [MESSAGE][PASSED] - Object 'Object Repository/MAKE_ PAYMENT/Consumer_Personal_ Details/CHECKING_ACCOUNT_NUMBER' is present

2020-10-16 14:33:49 - [MESSAGE][PASSED] - Object 'Object Repository/MAKE_ PAYMENT/Consumer_Personal_ Details/CHECKING_ACCOUNT_NUMBER' is present

2020-10-16 14:33:49 - [MESSAGE][PASSED] - Object 'Object Repository/MAKE_ PAYMENT/Consumer_Personal_ Details/CHECKING_ACCOUNT_NUMBER' is visible

2020-10-16 14:33:49 - [MESSAGE][PASSED] - Object 'Object Repository/MAKE_ PAYMENT/Consumer_Personal_ Details/CHECKING_ACCOUNT_NUMBER' is present

2020-10-16 14:33:51 - [MESSAGE][PASSED] - Text '456789' is set on object 'Object Repository/MAKE_ PAYMENT/Consumer_Personal_ Details/CHECKING_ACCOUNT_NUMBER'

2020-10-16 14:33:51 - [MESSAGE][PASSED] - Consumer_Payment_Making.ts:Entered'456789 into CheckAccNum

2020-10-16 14:33:52 - [MESSAGE][PASSED] - Object 'Object Repository/MAKE_ PAYMENT/Consumer_Personal_ Details/CONFIRM_CHECKING_ACC_NUM' is present

2020-10-16 14:33:52 - [MESSAGE][PASSED] - Object 'Object Repository/MAKE_ PAYMENT/Consumer_Personal_ Details/CONFIRM_CHECKING_ACC_NUM' is visible

2020-10-16 14:33:53 - [MESSAGE][PASSED] - Object 'Object Repository/MAKE_ PAYMENT/Consumer_Personal_ Details/CONFIRM_CHECKING_ACC_NUM' is present

2020-10-16 14:33:54 - [MESSAGE][PASSED] - Text '456789' is set on object 'Object Repository/MAKE_ PAYMENT/Consumer_Personal_ Details/CONFIRM_CHECKING_ACC_NUM'

2020-10-16 14:33:54 - [MESSAGE][PASSED] - Consumer_Payment_Making.ts:Entered'456789 into ConfirmCheckAccNum

2020-10-16 14:33:54 - [TEST_STEP][PASSED] - utilities.SafeActions.safeType(findTestObject("MAKE_ PAYMENT/Consumer_Personal_ Details/EMAIL_ADDRESS"), emailAddress, "EmailAddress", [pageLoadTime]): Consumer_Payment_Making.ts:Entered'testing@zenq.com into EmailAddress

2020-10-16 14:33:54 - [MESSAGE][PASSED] - Object 'Object Repository/MAKE_ PAYMENT/Consumer_Personal_ Details/EMAIL_ADDRESS' is present

2020-10-16 14:33:55 - [MESSAGE][PASSED] - Object 'Object Repository/MAKE_ PAYMENT/Consumer_Personal_ Details/EMAIL_ADDRESS' is visible

2020-10-16 14:33:55 - [MESSAGE][PASSED] - Object 'Object Repository/MAKE_ PAYMENT/Consumer_Personal_ Details/EMAIL_ADDRESS' is present

2020-10-16 14:33:56 - [MESSAGE][PASSED] - Text 'testing@zenq.com' is set on object 'Object Repository/MAKE_ PAYMENT/Consumer_Personal_ Details/EMAIL_ADDRESS'

2020-10-16 14:33:56 - [MESSAGE][PASSED] - Consumer_Payment_Making.ts:Entered'testing@zenq.com into EmailAddress

2020-10-16 14:33:56 - [TEST_STEP][PASSED] - utilities.SafeActions.safeType(findTestObject("MAKE_ PAYMENT/Consumer_Personal_ Details/SIGNATURE"), firstName, "EmailAddress", [pageLoadTime]): Consumer_Payment_Making.ts:Entered'Jackson into EmailAddress

2020-10-16 14:33:57 - [MESSAGE][PASSED] - Object 'Object Repository/MAKE_ PAYMENT/Consumer_Personal_ Details/SIGNATURE' is present

2020-10-16 14:33:57 - [MESSAGE][PASSED] - Object 'Object Repository/MAKE_ PAYMENT/Consumer_Personal_ Details/SIGNATURE' is visible

2020-10-16 14:33:57 - [MESSAGE][PASSED] - Object 'Object Repository/MAKE_ PAYMENT/Consumer_Personal_ Details/SIGNATURE' is present

2020-10-16 14:33:58 - [MESSAGE][PASSED] - Text 'Jackson' is set on object 'Object Repository/MAKE_ PAYMENT/Consumer_Personal_ Details/SIGNATURE'

2020-10-16 14:33:58 - [MESSAGE][PASSED] - Consumer_Payment_Making.ts:Entered'Jackson into EmailAddress

2020-10-16 14:33:58 - [TEST_STEP][PASSED] - utilities.SafeActions.safeType(findTestObject("MAKE_ PAYMENT/Consumer_Personal_ Details/AGREEMENT"), "Yes", "Agreement", [pageLoadTime]): Consumer_Payment_Making.ts:Entered'Yes into Agreement

2020-10-16 14:33:59 - [MESSAGE][PASSED] - Object 'Object Repository/MAKE_ PAYMENT/Consumer_Personal_ Details/AGREEMENT' is present

2020-10-16 14:33:59 - [MESSAGE][PASSED] - Object 'Object Repository/MAKE_ PAYMENT/Consumer_Personal_ Details/AGREEMENT' is visible

2020-10-16 14:33:59 - [MESSAGE][PASSED] - Object 'Object Repository/MAKE_ PAYMENT/Consumer_Personal_ Details/AGREEMENT' is present

2020-10-16 14:34:01 - [MESSAGE][PASSED] - Text 'Yes' is set on object 'Object Repository/MAKE_ PAYMENT/Consumer_Personal_ Details/AGREEMENT'

2020-10-16 14:34:01 - [MESSAGE][PASSED] - Consumer_Payment_Making.ts:Entered'Yes into Agreement

2020-10-16 14:34:01 - [TEST_STEP][PASSED] - utilities.SafeActions.safeClick(findTestObject("MAKE_ PAYMENT/Home_ Page/CHECK_CONTINUE"), "Continue", [pageLoadTime]): Consumer_Payment_Making.ts:Clicked on the Continue

2020-10-16 14:34:01 - [MESSAGE][INFO] - safeClicking

2020-10-16 14:34:01 - [MESSAGE][PASSED] - Object 'Object Repository/MAKE_ PAYMENT/Home_ Page/CHECK_CONTINUE' is present

2020-10-16 14:34:01 - [MESSAGE][PASSED] - Object 'Object Repository/MAKE_ PAYMENT/Home_ Page/CHECK_CONTINUE' is clickable

2020-10-16 14:34:03 - [MESSAGE][PASSED] - Object: 'Object Repository/MAKE_ PAYMENT/Home_ Page/CHECK_CONTINUE' is clicked on

2020-10-16 14:34:03 - [MESSAGE][PASSED] - Consumer_Payment_Making.ts:Clicked on the Continue

2020-10-16 14:34:03 - [TEST_STEP][PASSED] - utilities.SafeActions.safeClick(findTestObject("MAKE_ PAYMENT/Home_ Page/CONTINUE"), "Continue", [pageLoadTime]): Consumer_Payment_Making.ts:Clicked on the Continue

2020-10-16 14:34:03 - [MESSAGE][INFO] - safeClicking

2020-10-16 14:34:03 - [MESSAGE][PASSED] - Object 'Object Repository/MAKE_ PAYMENT/Home_ Page/CONTINUE' is present

2020-10-16 14:34:04 - [MESSAGE][PASSED] - Object 'Object Repository/MAKE_ PAYMENT/Home_ Page/CONTINUE' is clickable

2020-10-16 14:34:07 - [MESSAGE][PASSED] - Object: 'Object Repository/MAKE_ PAYMENT/Home_ Page/CONTINUE' is clicked on

2020-10-16 14:34:07 - [MESSAGE][PASSED] - Consumer_Payment_Making.ts:Clicked on the Continue

2020-10-16 14:34:07 - [TEST_STEP][PASSED] - utilities.SafeActions.safeClick(findTestObject("MAKE_ PAYMENT/Consumer_Personal_ Details/I_AGREE"), "I agree", [pageLoadTime]): Consumer_Payment_Making.ts:Clicked on the I agree

2020-10-16 14:34:07 - [MESSAGE][INFO] - safeClicking

2020-10-16 14:34:08 - [MESSAGE][PASSED] - Object 'Object Repository/MAKE_ PAYMENT/Consumer_Personal_ Details/I_AGREE' is present

2020-10-16 14:34:08 - [MESSAGE][PASSED] - Object 'Object Repository/MAKE_ PAYMENT/Consumer_Personal_ Details/I_AGREE' is clickable

2020-10-16 14:34:12 - [MESSAGE][PASSED] - Object: 'Object Repository/MAKE_ PAYMENT/Consumer_Personal_ Details/I_AGREE' is clicked on

2020-10-16 14:34:12 - [MESSAGE][PASSED] - Consumer_Payment_Making.ts:Clicked on the I agree

2020-10-16 14:34:12 - [TEST_STEP][PASSED] - pages.Payment_Page.verifyUserDetails(firstName, lastName, emailAddress, "Discover", "Savings"): pages.Payment_Page.verifyUserDetails is PASSED

2020-10-16 14:34:13 - [MESSAGE][PASSED] - Scroll to object 'Object Repository/MAKE_ PAYMENT/Verification_ Details/FIRST_NAME' successfully

2020-10-16 14:34:13 - [MESSAGE][PASSED] - Text of object 'Object Repository/MAKE_ PAYMENT/Verification_ Details/FIRST_NAME' is: 'Jackson'

2020-10-16 14:34:13 - [MESSAGE][PASSED] - Actual text 'Jackson' and expected text 'Jackson' are matched  using regular expression

2020-10-16 14:34:14 - [MESSAGE][PASSED] - Text of object 'Object Repository/MAKE_ PAYMENT/Verification_ Details/LAST_NAME' is: 'Machael'

2020-10-16 14:34:14 - [MESSAGE][PASSED] - Actual text 'Machael' and expected text 'Machael' are matched  using regular expression

2020-10-16 14:34:16 - [MESSAGE][PASSED] - Text of object 'Object Repository/MAKE_ PAYMENT/Verification_ Details/EMAIL_ADDRESS' is: 'testing@zenq.com'

2020-10-16 14:34:16 - [MESSAGE][PASSED] - Actual text 'testing@zenq.com' and expected text 'testing@zenq.com' are matched  using regular expression

2020-10-16 14:34:16 - [MESSAGE][PASSED] - Text of object 'Object Repository/MAKE_ PAYMENT/Verification_ Details/ACH_ACC_TYPE' is: 'Savings'

2020-10-16 14:34:16 - [MESSAGE][PASSED] - Actual text 'Savings' and expected text 'Savings' are matched  using regular expression

2020-10-16 14:34:17 - [MESSAGE][PASSED] - pages.Payment_Page.verifyUserDetails is PASSED

2020-10-16 14:34:17 - [TEST_STEP][PASSED] - utilities.SafeActions.safeClick(findTestObject("MAKE_ PAYMENT/Verification_ Details/PROCESS_PAYMENT"), "Process Payment", [pageLoadTime]): Consumer_Payment_Making.ts:Clicked on the Process Payment

2020-10-16 14:34:17 - [MESSAGE][INFO] - safeClicking

2020-10-16 14:34:18 - [MESSAGE][PASSED] - Object 'Object Repository/MAKE_ PAYMENT/Verification_ Details/PROCESS_PAYMENT' is present

2020-10-16 14:34:18 - [MESSAGE][PASSED] - Object 'Object Repository/MAKE_ PAYMENT/Verification_ Details/PROCESS_PAYMENT' is clickable

2020-10-16 14:34:19 - [MESSAGE][PASSED] - Object: 'Object Repository/MAKE_ PAYMENT/Verification_ Details/PROCESS_PAYMENT' is clicked on

2020-10-16 14:34:19 - [MESSAGE][PASSED] - Consumer_Payment_Making.ts:Clicked on the Process Payment

2020-10-16 14:34:19 - [TEST_STEP][PASSED] - utilities.SafeActions.safeClick(findTestObject("MAKE_ PAYMENT/Verification_ Details/YES_BUTTON"), "yes button", [pageLoadTime]): Consumer_Payment_Making.ts:Clicked on the yes button

2020-10-16 14:34:19 - [MESSAGE][INFO] - safeClicking

2020-10-16 14:34:20 - [MESSAGE][PASSED] - Object 'Object Repository/MAKE_ PAYMENT/Verification_ Details/YES_BUTTON' is present

2020-10-16 14:34:20 - [MESSAGE][PASSED] - Object 'Object Repository/MAKE_ PAYMENT/Verification_ Details/YES_BUTTON' is clickable

2020-10-16 14:34:25 - [MESSAGE][PASSED] - Object: 'Object Repository/MAKE_ PAYMENT/Verification_ Details/YES_BUTTON' is clicked on

2020-10-16 14:34:25 - [MESSAGE][PASSED] - Consumer_Payment_Making.ts:Clicked on the yes button

2020-10-16 14:34:25 - [TEST_STEP][PASSED] - verifyElementPresent(findTestObject("MAKE_ PAYMENT/Verification_ Details/PENDING"), 30): Object 'Object Repository/MAKE_ PAYMENT/Verification_ Details/PENDING' is present

2020-10-16 14:34:26 - [MESSAGE][PASSED] - Object 'Object Repository/MAKE_ PAYMENT/Verification_ Details/PENDING' is present

2020-10-16 14:34:26 - [TEST_STEP][PASSED] - PaymentID = pages.Payment_Page.verifyECheckPaymentApproval(referenceNum): pages.Payment_Page.verifyECheckPaymentApproval is PASSED

2020-10-16 14:34:26 - [MESSAGE][PASSED] - Text of object 'Object Repository/MAKE_ PAYMENT/Verification_ Details/PAY_ID_ELECTRIC_CHECK' is: '100176130136'

2020-10-16 14:34:29 - [MESSAGE][PASSED] - Text of object 'Object Repository/MAKE_ PAYMENT/Verification_ Details/REF_NUM_E_CHECK' is: '22'

2020-10-16 14:34:29 - [MESSAGE][PASSED] - pages.Payment_Page.verifyECheckPaymentApproval is PASSED

2020-10-16 14:34:29 - [TEST_STEP][PASSED] - utilities.SafeActions.safeClick(findTestObject("SEARCH_PAYMENT/SEARCH_PAYMENT"), "Search Payment", [pageLoadTime]): Consumer_Payment_Making.ts:Clicked on the Search Payment

2020-10-16 14:34:29 - [MESSAGE][INFO] - safeClicking

2020-10-16 14:34:29 - [MESSAGE][PASSED] - Object 'Object Repository/SEARCH_PAYMENT/SEARCH_PAYMENT' is present

2020-10-16 14:34:29 - [MESSAGE][PASSED] - Object 'Object Repository/SEARCH_PAYMENT/SEARCH_PAYMENT' is clickable

2020-10-16 14:34:31 - [MESSAGE][PASSED] - Object: 'Object Repository/SEARCH_PAYMENT/SEARCH_PAYMENT' is clicked on

2020-10-16 14:34:31 - [MESSAGE][PASSED] - Consumer_Payment_Making.ts:Clicked on the Search Payment

2020-10-16 14:34:31 - [TEST_STEP][PASSED] - waitForPageLoad(10): Wait for page load successfully

2020-10-16 14:34:31 - [MESSAGE][PASSED] - Wait for page load successfully

2020-10-16 14:34:31 - [TEST_STEP][PASSED] - pages.Search_Page.switchToWindow(): pages.Search_Page.switchToWindow is PASSED

2020-10-16 14:34:32 - [MESSAGE][PASSED] - Object: 'Object Repository/SEARCH_PAYMENT/SEARCH_PAYMENT' is clicked on

2020-10-16 14:34:33 - [MESSAGE][PASSED] - Switched to window with index: '1'

2020-10-16 14:34:33 - [MESSAGE][PASSED] - pages.Search_Page.switchToWindow is PASSED

2020-10-16 14:34:33 - [TEST_STEP][PASSED] - utilities.SafeActions.safeCheck(findTestObject("SEARCH_PAYMENT/ELECTRONIC_CHECK"), "Echeck", [pageLoadTime]): Consumer_Payment_Making.ts:Checkbox 'Echeck'is selected

2020-10-16 14:34:37 - [MESSAGE][PASSED] - Object 'Object Repository/SEARCH_PAYMENT/ELECTRONIC_CHECK' is present

2020-10-16 14:34:38 - [MESSAGE][PASSED] - Object 'Object Repository/SEARCH_PAYMENT/ELECTRONIC_CHECK' is present

2020-10-16 14:34:39 - [MESSAGE][PASSED] - Object: 'Object Repository/SEARCH_PAYMENT/ELECTRONIC_CHECK' is clicked on

2020-10-16 14:34:39 - [MESSAGE][PASSED] - Consumer_Payment_Making.ts:Checkbox 'Echeck'is selected

2020-10-16 14:34:39 - [TEST_STEP][PASSED] - pages.Search_Page.setSearchDetails(lastName, VISA, checkingAccNum): Acc num enterd

2020-10-16 14:34:40 - [MESSAGE][PASSED] - Object 'Object Repository/SEARCH_PAYMENT/BILLING_LAST_NAME' is present

2020-10-16 14:34:40 - [MESSAGE][PASSED] - Object 'Object Repository/SEARCH_PAYMENT/BILLING_LAST_NAME' is visible

2020-10-16 14:34:40 - [MESSAGE][PASSED] - Object 'Object Repository/SEARCH_PAYMENT/BILLING_LAST_NAME' is present

2020-10-16 14:34:42 - [MESSAGE][PASSED] - Text 'Machael' is set on object 'Object Repository/SEARCH_PAYMENT/BILLING_LAST_NAME'

2020-10-16 14:34:42 - [MESSAGE][PASSED] - Consumer_Payment_Making.ts:Entered'Machael into LastName

2020-10-16 14:34:43 - [MESSAGE][WARNING] - Object 'Object Repository/SEARCH_PAYMENT/CREDIT_OR_DEBIT_CARD' is not checked (Root cause: com.kms.katalon.core.exception.StepFailedException: Object 'Object Repository/SEARCH_PAYMENT/CREDIT_OR_DEBIT_CARD' is not checked
	at com.kms.katalon.core.webui.keyword.internal.WebUIKeywordMain.stepFailed(WebUIKeywordMain.groovy:64)
	at com.kms.katalon.core.webui.keyword.builtin.VerifyElementCheckedKeyword$_verifyElementChecked_closure1.doCall(VerifyElementCheckedKeyword.groovy:81)
	at com.kms.katalon.core.webui.keyword.builtin.VerifyElementCheckedKeyword$_verifyElementChecked_closure1.call(VerifyElementCheckedKeyword.groovy)
	at com.kms.katalon.core.webui.keyword.internal.WebUIKeywordMain.runKeyword(WebUIKeywordMain.groovy:20)
	at com.kms.katalon.core.webui.keyword.builtin.VerifyElementCheckedKeyword.verifyElementChecked(VerifyElementCheckedKeyword.groovy:92)
	at com.kms.katalon.core.webui.keyword.builtin.VerifyElementCheckedKeyword.execute(VerifyElementCheckedKeyword.groovy:68)
	at com.kms.katalon.core.keyword.internal.KeywordExecutor.executeKeywordForPlatform(KeywordExecutor.groovy:72)
	at com.kms.katalon.core.webui.keyword.WebUiBuiltInKeywords.verifyElementChecked(WebUiBuiltInKeywords.groovy:1352)
	at com.kms.katalon.core.webui.keyword.WebUiBuiltInKeywords$verifyElementChecked$15.call(Unknown Source)
	at pages.Search_Page.setSearchDetails(Search_Page.groovy:39)
	at pages.Search_Page.invokeMethod(Search_Page.groovy)
	at com.kms.katalon.core.main.CustomKeywordDelegatingMetaClass.invokeStaticMethod(CustomKeywordDelegatingMetaClass.java:50)
	at TC_005_Echeck_Savings_SingleLine_Payment.run(TC_005_Echeck_Savings_SingleLine_Payment:121)
	at com.kms.katalon.core.main.ScriptEngine.run(ScriptEngine.java:194)
	at com.kms.katalon.core.main.ScriptEngine.runScriptAsRawText(ScriptEngine.java:119)
	at com.kms.katalon.core.main.TestCaseExecutor.runScript(TestCaseExecutor.java:337)
	at com.kms.katalon.core.main.TestCaseExecutor.doExecute(TestCaseExecutor.java:328)
	at com.kms.katalon.core.main.TestCaseExecutor.processExecutionPhase(TestCaseExecutor.java:307)
	at com.kms.katalon.core.main.TestCaseExecutor.accessMainPhase(TestCaseExecutor.java:299)
	at com.kms.katalon.core.main.TestCaseExecutor.execute(TestCaseExecutor.java:233)
	at com.kms.katalon.core.main.TestSuiteExecutor.accessTestCaseMainPhase(TestSuiteExecutor.java:169)
	at com.kms.katalon.core.main.TestSuiteExecutor.accessTestSuiteMainPhase(TestSuiteExecutor.java:142)
	at com.kms.katalon.core.main.TestSuiteExecutor.execute(TestSuiteExecutor.java:91)
	at com.kms.katalon.core.main.TestCaseMain.startTestSuite(TestCaseMain.java:157)
	at com.kms.katalon.core.main.TestCaseMain$startTestSuite$0.call(Unknown Source)
	at TempTestSuite1602837764827.run(TempTestSuite1602837764827.groovy:36)
)
[[ATTACHMENT|E:\\Sush_Certpay\\Reports\\20201016_141244\\Certpay_testSuite\\Consumer_Payment_Making\\20201016_141244\\1602839082452.png]]

2020-10-16 14:34:43 - [MESSAGE][PASSED] - Object 'Object Repository/SEARCH_PAYMENT/ACC_NUMBER' is present

2020-10-16 14:34:43 - [MESSAGE][PASSED] - Object 'Object Repository/SEARCH_PAYMENT/ACC_NUMBER' is visible

2020-10-16 14:34:43 - [MESSAGE][PASSED] - Object 'Object Repository/SEARCH_PAYMENT/ACC_NUMBER' is present

2020-10-16 14:34:45 - [MESSAGE][PASSED] - Text '456789' is set on object 'Object Repository/SEARCH_PAYMENT/ACC_NUMBER'

2020-10-16 14:34:45 - [MESSAGE][PASSED] - Consumer_Payment_Making.ts:Entered'456789 into Acc num

2020-10-16 14:34:45 - [MESSAGE][PASSED] - Acc num enterd

2020-10-16 14:34:45 - [TEST_STEP][PASSED] - utilities.SafeActions.safeClick(findTestObject("SEARCH_PAYMENT/SEARCH_BUTTON"), "Search", [pageLoadTime]): Consumer_Payment_Making.ts:Clicked on the Search

2020-10-16 14:34:45 - [MESSAGE][INFO] - safeClicking

2020-10-16 14:34:45 - [MESSAGE][PASSED] - Object 'Object Repository/SEARCH_PAYMENT/SEARCH_BUTTON' is present

2020-10-16 14:34:45 - [MESSAGE][PASSED] - Object 'Object Repository/SEARCH_PAYMENT/SEARCH_BUTTON' is clickable

2020-10-16 14:34:50 - [MESSAGE][PASSED] - Object: 'Object Repository/SEARCH_PAYMENT/SEARCH_BUTTON' is clicked on

2020-10-16 14:34:50 - [MESSAGE][PASSED] - Consumer_Payment_Making.ts:Clicked on the Search

2020-10-16 14:34:50 - [TEST_STEP][PASSED] - pages.Payment_Page.verifyPaymentDetailsInReceipt(PaymentID): pages.Payment_Page.verifyPaymentDetailsInReceipt is PASSED

2020-10-16 14:34:52 - [MESSAGE][PASSED] - Text of object 'Object Repository/SEARCH_PAYMENT/REFERNCE_NUM' is: '22'

2020-10-16 14:34:52 - [MESSAGE][PASSED] - Text of object 'Object Repository/SEARCH_PAYMENT/PAYMENT_ID' is: '100176130136'

2020-10-16 14:34:52 - [MESSAGE][PASSED] - pages.Payment_Page.verifyPaymentDetailsInReceipt is PASSED

2020-10-16 14:34:52 - [TEST_STEP][PASSED] - utilities.SafeActions.safeClick(findTestObject("SEARCH_PAYMENT/SEARCH_ ICON"), "SearchIcon", [pageLoadTime]): Consumer_Payment_Making.ts:Clicked on the SearchIcon

2020-10-16 14:34:52 - [MESSAGE][INFO] - safeClicking

2020-10-16 14:34:52 - [MESSAGE][PASSED] - Object 'Object Repository/SEARCH_PAYMENT/SEARCH_ ICON' is present

2020-10-16 14:34:53 - [MESSAGE][PASSED] - Object 'Object Repository/SEARCH_PAYMENT/SEARCH_ ICON' is clickable

2020-10-16 14:34:54 - [MESSAGE][PASSED] - Object: 'Object Repository/SEARCH_PAYMENT/SEARCH_ ICON' is clicked on

2020-10-16 14:34:54 - [MESSAGE][PASSED] - Consumer_Payment_Making.ts:Clicked on the SearchIcon

2020-10-16 14:34:54 - [TEST_STEP][PASSED] - scrollToElement(findTestObject("SEARCH_PAYMENT/CLOSE_BUTTON"), 30): Scroll to object 'Object Repository/SEARCH_PAYMENT/CLOSE_BUTTON' successfully

2020-10-16 14:34:55 - [MESSAGE][PASSED] - Scroll to object 'Object Repository/SEARCH_PAYMENT/CLOSE_BUTTON' successfully

2020-10-16 14:34:55 - [TEST_STEP][PASSED] - utilities.SafeActions.safeClick(findTestObject("SEARCH_PAYMENT/EMAIL_ RECEIPT"), "Email Receipt", [pageLoadTime]): Consumer_Payment_Making.ts:Clicked on the Email Receipt

2020-10-16 14:34:55 - [MESSAGE][INFO] - safeClicking

2020-10-16 14:34:55 - [MESSAGE][PASSED] - Object 'Object Repository/SEARCH_PAYMENT/EMAIL_ RECEIPT' is present

2020-10-16 14:34:56 - [MESSAGE][PASSED] - Object 'Object Repository/SEARCH_PAYMENT/EMAIL_ RECEIPT' is clickable

2020-10-16 14:34:57 - [MESSAGE][PASSED] - Object: 'Object Repository/SEARCH_PAYMENT/EMAIL_ RECEIPT' is clicked on

2020-10-16 14:34:57 - [MESSAGE][PASSED] - Consumer_Payment_Making.ts:Clicked on the Email Receipt

2020-10-16 14:34:57 - [TEST_STEP][PASSED] - utilities.SafeActions.safeClick(findTestObject("SEARCH_PAYMENT/SEND_ EMAIL_BUTTON"), "Send Email", [pageLoadTime]): Consumer_Payment_Making.ts:Clicked on the Send Email

2020-10-16 14:34:57 - [MESSAGE][INFO] - safeClicking

2020-10-16 14:34:58 - [MESSAGE][PASSED] - Object 'Object Repository/SEARCH_PAYMENT/SEND_ EMAIL_BUTTON' is present

2020-10-16 14:34:58 - [MESSAGE][PASSED] - Object 'Object Repository/SEARCH_PAYMENT/SEND_ EMAIL_BUTTON' is clickable

2020-10-16 14:34:59 - [MESSAGE][PASSED] - Object: 'Object Repository/SEARCH_PAYMENT/SEND_ EMAIL_BUTTON' is clicked on

2020-10-16 14:34:59 - [MESSAGE][PASSED] - Consumer_Payment_Making.ts:Clicked on the Send Email

2020-10-16 14:34:59 - [TEST_STEP][PASSED] - Start listener action : afterTestCase: Browser is closed

2020-10-16 14:34:59 - [TEST_STEP][PASSED] - closeBrowser(): Browser is closed

2020-10-16 14:35:01 - [MESSAGE][PASSED] - Browser is closed]]></system-out>
         <system-err><![CDATA[]]></system-err>
      </testcase>
      <testcase name="Test Cases/Consumer_Make_Payment/TC_006_Echeck_Savings_MultiLine_Payment" time="172.409" classname="Test Cases/Consumer_Make_Payment/TC_006_Echeck_Savings_MultiLine_Payment" status="PASSED">
         <system-out><![CDATA[2020-10-16 14:35:01 - [TEST_CASE][PASSED] - Test Cases/Consumer_Make_Payment/TC_006_Echeck_Savings_MultiLine_Payment: Test Cases/Consumer_Make_Payment/TC_006_Echeck_Savings_MultiLine_Payment

2020-10-16 14:35:02 - [TEST_STEP][PASSED] - Start listener action : beforeTestCase: null

2020-10-16 14:35:02 - [TEST_STEP][PASSED] - utilities.SafeActions.openBrowser(certpay_url, [pageLoadTime]): Browser launched successfully

2020-10-16 14:35:02 - [MESSAGE][INFO] - Opening Browser

2020-10-16 14:35:02 - [MESSAGE][INFO] - Starting 'Chrome' driver

2020-10-16 14:35:17 - [MESSAGE][PASSED] - Browser is opened with url: 'https://qa-certpay.faps.net/'

2020-10-16 14:35:19 - [MESSAGE][PASSED] - Current window maximized

2020-10-16 14:35:19 - [MESSAGE][PASSED] - Browser launched successfully

2020-10-16 14:35:19 - [TEST_STEP][PASSED] - utilities.SafeActions.safeType(findTestObject("MAKE_ PAYMENT/Home_ Page/BUREAU_CODE"), bureauCode, "Bureau code", [pageLoadTime]): Consumer_Payment_Making.ts:Entered'6100000 into Bureau code

2020-10-16 14:35:19 - [MESSAGE][PASSED] - Object 'Object Repository/MAKE_ PAYMENT/Home_ Page/BUREAU_CODE' is present

2020-10-16 14:35:19 - [MESSAGE][PASSED] - Object 'Object Repository/MAKE_ PAYMENT/Home_ Page/BUREAU_CODE' is visible

2020-10-16 14:35:20 - [MESSAGE][PASSED] - Object 'Object Repository/MAKE_ PAYMENT/Home_ Page/BUREAU_CODE' is present

2020-10-16 14:35:21 - [MESSAGE][PASSED] - Text '6100000' is set on object 'Object Repository/MAKE_ PAYMENT/Home_ Page/BUREAU_CODE'

2020-10-16 14:35:21 - [MESSAGE][PASSED] - Consumer_Payment_Making.ts:Entered'6100000 into Bureau code

2020-10-16 14:35:21 - [TEST_STEP][PASSED] - utilities.SafeActions.safeClick(findTestObject("MAKE_ PAYMENT/Home_ Page/BEGIN_PAYMENT"), "Begin payment", [pageLoadTime]): Consumer_Payment_Making.ts:Clicked on the Begin payment

2020-10-16 14:35:21 - [MESSAGE][INFO] - safeClicking

2020-10-16 14:35:21 - [MESSAGE][PASSED] - Object 'Object Repository/MAKE_ PAYMENT/Home_ Page/BEGIN_PAYMENT' is present

2020-10-16 14:35:22 - [MESSAGE][PASSED] - Object 'Object Repository/MAKE_ PAYMENT/Home_ Page/BEGIN_PAYMENT' is clickable

2020-10-16 14:35:25 - [MESSAGE][PASSED] - Object: 'Object Repository/MAKE_ PAYMENT/Home_ Page/BEGIN_PAYMENT' is clicked on

2020-10-16 14:35:25 - [MESSAGE][PASSED] - Consumer_Payment_Making.ts:Clicked on the Begin payment

2020-10-16 14:35:25 - [TEST_STEP][PASSED] - utilities.SafeActions.safeClick(findTestObject("MAKE_ PAYMENT/Home_ Page/NEXT_BUTTON"), "Continue", [pageLoadTime]): Consumer_Payment_Making.ts:Clicked on the Continue

2020-10-16 14:35:25 - [MESSAGE][INFO] - safeClicking

2020-10-16 14:35:26 - [MESSAGE][PASSED] - Object 'Object Repository/MAKE_ PAYMENT/Home_ Page/NEXT_BUTTON' is present

2020-10-16 14:35:26 - [MESSAGE][PASSED] - Object 'Object Repository/MAKE_ PAYMENT/Home_ Page/NEXT_BUTTON' is clickable

2020-10-16 14:35:32 - [MESSAGE][PASSED] - Object: 'Object Repository/MAKE_ PAYMENT/Home_ Page/NEXT_BUTTON' is clicked on

2020-10-16 14:35:32 - [MESSAGE][PASSED] - Consumer_Payment_Making.ts:Clicked on the Continue

2020-10-16 14:35:32 - [TEST_STEP][PASSED] - utilities.SafeActions.safeCheck(findTestObject("MAKE_ PAYMENT/Home_ Page/ELECTRONIC_CHECK"), "Electronic check", [pageLoadTime]): Consumer_Payment_Making.ts:Checkbox 'Electronic check'is selected

2020-10-16 14:35:32 - [MESSAGE][PASSED] - Object 'Object Repository/MAKE_ PAYMENT/Home_ Page/ELECTRONIC_CHECK' is present

2020-10-16 14:35:33 - [MESSAGE][PASSED] - Object 'Object Repository/MAKE_ PAYMENT/Home_ Page/ELECTRONIC_CHECK' is present

2020-10-16 14:35:34 - [MESSAGE][PASSED] - Object: 'Object Repository/MAKE_ PAYMENT/Home_ Page/ELECTRONIC_CHECK' is clicked on

2020-10-16 14:35:34 - [MESSAGE][PASSED] - Consumer_Payment_Making.ts:Checkbox 'Electronic check'is selected

2020-10-16 14:35:34 - [TEST_STEP][PASSED] - pages.Payment_Page.setAmount("1", paymentAmount, "testing", referenceNum): Consumer_Payment_Making.ts:Entered'testing into Comments

2020-10-16 14:35:36 - [MESSAGE][PASSED] - Object '' is present

2020-10-16 14:35:36 - [MESSAGE][PASSED] - Object '' is visible

2020-10-16 14:35:37 - [MESSAGE][PASSED] - Object '' is present

2020-10-16 14:35:38 - [MESSAGE][PASSED] - Text '23.00' is set on object ''

2020-10-16 14:35:38 - [MESSAGE][PASSED] - Consumer_Payment_Making.ts:Entered'23.00 into Amount

2020-10-16 14:35:38 - [MESSAGE][PASSED] - Object '' is present

2020-10-16 14:35:39 - [MESSAGE][PASSED] - Object '' is visible

2020-10-16 14:35:39 - [MESSAGE][PASSED] - Object '' is present

2020-10-16 14:35:40 - [MESSAGE][PASSED] - Text '11' is set on object ''

2020-10-16 14:35:40 - [MESSAGE][PASSED] - Consumer_Payment_Making.ts:Entered'11 into Amount

2020-10-16 14:35:41 - [MESSAGE][PASSED] - Object '' is present

2020-10-16 14:35:41 - [MESSAGE][PASSED] - Object '' is visible

2020-10-16 14:35:41 - [MESSAGE][PASSED] - Object '' is present

2020-10-16 14:35:42 - [MESSAGE][PASSED] - Text 'testing' is set on object ''

2020-10-16 14:35:42 - [MESSAGE][PASSED] - Consumer_Payment_Making.ts:Entered'testing into Comments

2020-10-16 14:35:42 - [TEST_STEP][PASSED] - utilities.SafeActions.safeClick(findTestObject("MAKE_ PAYMENT/Home_ Page/ADD_ANOTHER_PROPERTY"), "Multi-Payment", [pageLoadTime]): Consumer_Payment_Making.ts:Clicked on the Multi-Payment

2020-10-16 14:35:42 - [MESSAGE][INFO] - safeClicking

2020-10-16 14:35:43 - [MESSAGE][PASSED] - Object 'Object Repository/MAKE_ PAYMENT/Home_ Page/ADD_ANOTHER_PROPERTY' is present

2020-10-16 14:35:43 - [MESSAGE][PASSED] - Object 'Object Repository/MAKE_ PAYMENT/Home_ Page/ADD_ANOTHER_PROPERTY' is clickable

2020-10-16 14:35:46 - [MESSAGE][PASSED] - Object: 'Object Repository/MAKE_ PAYMENT/Home_ Page/ADD_ANOTHER_PROPERTY' is clicked on

2020-10-16 14:35:46 - [MESSAGE][PASSED] - Consumer_Payment_Making.ts:Clicked on the Multi-Payment

2020-10-16 14:35:46 - [TEST_STEP][PASSED] - pages.Payment_Page.setAmount("2", paymentAmount2, "Payment for testing", referenceNum): Consumer_Payment_Making.ts:Entered'Payment for testing into Comments

2020-10-16 14:35:48 - [MESSAGE][PASSED] - Object '' is present

2020-10-16 14:35:48 - [MESSAGE][PASSED] - Object '' is visible

2020-10-16 14:35:48 - [MESSAGE][PASSED] - Object '' is present

2020-10-16 14:35:49 - [MESSAGE][PASSED] - Text '33.00' is set on object ''

2020-10-16 14:35:49 - [MESSAGE][PASSED] - Consumer_Payment_Making.ts:Entered'33.00 into Amount

2020-10-16 14:35:50 - [MESSAGE][PASSED] - Object '' is present

2020-10-16 14:35:50 - [MESSAGE][PASSED] - Object '' is visible

2020-10-16 14:35:50 - [MESSAGE][PASSED] - Object '' is present

2020-10-16 14:35:52 - [MESSAGE][PASSED] - Text '11' is set on object ''

2020-10-16 14:35:52 - [MESSAGE][PASSED] - Consumer_Payment_Making.ts:Entered'11 into Amount

2020-10-16 14:35:52 - [MESSAGE][PASSED] - Object '' is present

2020-10-16 14:35:52 - [MESSAGE][PASSED] - Object '' is visible

2020-10-16 14:35:52 - [MESSAGE][PASSED] - Object '' is present

2020-10-16 14:35:54 - [MESSAGE][PASSED] - Text 'Payment for testing' is set on object ''

2020-10-16 14:35:54 - [MESSAGE][PASSED] - Consumer_Payment_Making.ts:Entered'Payment for testing into Comments

2020-10-16 14:35:54 - [TEST_STEP][PASSED] - utilities.SafeActions.safeSelectOptionInDropdownByVisibleText(findTestObject("MAKE_ PAYMENT/Home_ Page/PAYMENT_TYPE"), paymentType, "Payment Type", [pageLoadTime]): selected dropdown option by visible text  Giftsfrom Payment Type

2020-10-16 14:35:54 - [MESSAGE][PASSED] - Object 'Object Repository/MAKE_ PAYMENT/Home_ Page/PAYMENT_TYPE' is visible

2020-10-16 14:35:55 - [MESSAGE][PASSED] - Object 'Object Repository/MAKE_ PAYMENT/Home_ Page/PAYMENT_TYPE' is present

2020-10-16 14:35:56 - [MESSAGE][PASSED] - Object: 'Object Repository/MAKE_ PAYMENT/Home_ Page/PAYMENT_TYPE' is clicked on

2020-10-16 14:35:57 - [MESSAGE][PASSED] - All options with label 'Gifts' are selected in object 'Object Repository/MAKE_ PAYMENT/Home_ Page/PAYMENT_TYPE'  using regular expression

2020-10-16 14:35:57 - [MESSAGE][PASSED] - selected dropdown option by visible text  Giftsfrom Payment Type

2020-10-16 14:35:57 - [TEST_STEP][PASSED] - utilities.SafeActions.safeClick(findTestObject("MAKE_ PAYMENT/Home_ Page/CONTINUE"), "Continue", [pageLoadTime]): Consumer_Payment_Making.ts:Clicked on the Continue

2020-10-16 14:35:57 - [MESSAGE][INFO] - safeClicking

2020-10-16 14:35:57 - [MESSAGE][PASSED] - Object 'Object Repository/MAKE_ PAYMENT/Home_ Page/CONTINUE' is present

2020-10-16 14:35:58 - [MESSAGE][PASSED] - Object 'Object Repository/MAKE_ PAYMENT/Home_ Page/CONTINUE' is clickable

2020-10-16 14:36:03 - [MESSAGE][PASSED] - Object: 'Object Repository/MAKE_ PAYMENT/Home_ Page/CONTINUE' is clicked on

2020-10-16 14:36:03 - [MESSAGE][PASSED] - Consumer_Payment_Making.ts:Clicked on the Continue

2020-10-16 14:36:03 - [TEST_STEP][PASSED] - pages.Payment_Page.setPersonalDetails(firstName, lastName, telephone): Consumer_Payment_Making.ts:Entered'9988676754 into Telephone

2020-10-16 14:36:03 - [MESSAGE][PASSED] - Object 'Object Repository/MAKE_ PAYMENT/Consumer_Personal_ Details/FIRST_NAME' is present

2020-10-16 14:36:04 - [MESSAGE][PASSED] - Object 'Object Repository/MAKE_ PAYMENT/Consumer_Personal_ Details/FIRST_NAME' is visible

2020-10-16 14:36:04 - [MESSAGE][PASSED] - Object 'Object Repository/MAKE_ PAYMENT/Consumer_Personal_ Details/FIRST_NAME' is present

2020-10-16 14:36:05 - [MESSAGE][PASSED] - Text 'Imran' is set on object 'Object Repository/MAKE_ PAYMENT/Consumer_Personal_ Details/FIRST_NAME'

2020-10-16 14:36:05 - [MESSAGE][PASSED] - Consumer_Payment_Making.ts:Entered'Imran into FirstName

2020-10-16 14:36:05 - [MESSAGE][PASSED] - Object 'Object Repository/MAKE_ PAYMENT/Consumer_Personal_ Details/LAST_NAME' is present

2020-10-16 14:36:06 - [MESSAGE][PASSED] - Object 'Object Repository/MAKE_ PAYMENT/Consumer_Personal_ Details/LAST_NAME' is visible

2020-10-16 14:36:06 - [MESSAGE][PASSED] - Object 'Object Repository/MAKE_ PAYMENT/Consumer_Personal_ Details/LAST_NAME' is present

2020-10-16 14:36:07 - [MESSAGE][PASSED] - Text 'shahi' is set on object 'Object Repository/MAKE_ PAYMENT/Consumer_Personal_ Details/LAST_NAME'

2020-10-16 14:36:07 - [MESSAGE][PASSED] - Consumer_Payment_Making.ts:Entered'shahi into LastName

2020-10-16 14:36:08 - [MESSAGE][PASSED] - Object 'Object Repository/MAKE_ PAYMENT/Consumer_Personal_ Details/TELEPHONE' is present

2020-10-16 14:36:08 - [MESSAGE][PASSED] - Object 'Object Repository/MAKE_ PAYMENT/Consumer_Personal_ Details/TELEPHONE' is visible

2020-10-16 14:36:08 - [MESSAGE][PASSED] - Object 'Object Repository/MAKE_ PAYMENT/Consumer_Personal_ Details/TELEPHONE' is present

2020-10-16 14:36:10 - [MESSAGE][PASSED] - Text '9988676754' is set on object 'Object Repository/MAKE_ PAYMENT/Consumer_Personal_ Details/TELEPHONE'

2020-10-16 14:36:10 - [MESSAGE][PASSED] - Consumer_Payment_Making.ts:Entered'9988676754 into Telephone

2020-10-16 14:36:10 - [TEST_STEP][PASSED] - pages.Payment_Page.setLocationDetails(address, zipCode): Consumer_Payment_Making.ts:Entered'76102 into ZipCode

2020-10-16 14:36:10 - [MESSAGE][PASSED] - Object 'Object Repository/MAKE_ PAYMENT/Consumer_Personal_ Details/ADDRESS' is present

2020-10-16 14:36:10 - [MESSAGE][PASSED] - Object 'Object Repository/MAKE_ PAYMENT/Consumer_Personal_ Details/ADDRESS' is visible

2020-10-16 14:36:10 - [MESSAGE][PASSED] - Object 'Object Repository/MAKE_ PAYMENT/Consumer_Personal_ Details/ADDRESS' is present

2020-10-16 14:36:12 - [MESSAGE][PASSED] - Text '14-3' is set on object 'Object Repository/MAKE_ PAYMENT/Consumer_Personal_ Details/ADDRESS'

2020-10-16 14:36:12 - [MESSAGE][PASSED] - Consumer_Payment_Making.ts:Entered'14-3 into Address

2020-10-16 14:36:12 - [MESSAGE][PASSED] - Object 'Object Repository/MAKE_ PAYMENT/Consumer_Personal_ Details/ZIP_CODE' is present

2020-10-16 14:36:12 - [MESSAGE][PASSED] - Object 'Object Repository/MAKE_ PAYMENT/Consumer_Personal_ Details/ZIP_CODE' is visible

2020-10-16 14:36:13 - [MESSAGE][PASSED] - Object 'Object Repository/MAKE_ PAYMENT/Consumer_Personal_ Details/ZIP_CODE' is present

2020-10-16 14:36:14 - [MESSAGE][PASSED] - Text '76102' is set on object 'Object Repository/MAKE_ PAYMENT/Consumer_Personal_ Details/ZIP_CODE'

2020-10-16 14:36:14 - [MESSAGE][PASSED] - Consumer_Payment_Making.ts:Entered'76102 into ZipCode

2020-10-16 14:36:14 - [TEST_STEP][PASSED] - pages.Payment_Page.clickOnElement(findTestObject("MAKE_ PAYMENT/Home_ Page/CONTINUE")): pages.Payment_Page.clickOnElement is PASSED

2020-10-16 14:36:17 - [MESSAGE][PASSED] - Execute JavaScript 'arguments[0].click()' successfully

2020-10-16 14:36:17 - [MESSAGE][PASSED] - pages.Payment_Page.clickOnElement is PASSED

2020-10-16 14:36:17 - [TEST_STEP][PASSED] - utilities.SafeActions.safeCheck(findTestObject("MAKE_ PAYMENT/Consumer_Personal_ Details/CheckBox"), "Billing CheckBox", [pageLoadTime]): Consumer_Payment_Making.ts:Checkbox 'Billing CheckBox'is selected

2020-10-16 14:36:19 - [MESSAGE][PASSED] - Object 'Object Repository/MAKE_ PAYMENT/Consumer_Personal_ Details/CheckBox' is present

2020-10-16 14:36:20 - [MESSAGE][PASSED] - Object 'Object Repository/MAKE_ PAYMENT/Consumer_Personal_ Details/CheckBox' is present

2020-10-16 14:36:21 - [MESSAGE][PASSED] - Object: 'Object Repository/MAKE_ PAYMENT/Consumer_Personal_ Details/CheckBox' is clicked on

2020-10-16 14:36:21 - [MESSAGE][PASSED] - Consumer_Payment_Making.ts:Checkbox 'Billing CheckBox'is selected

2020-10-16 14:36:21 - [TEST_STEP][PASSED] - waitForPageLoad(2): Wait for page load successfully

2020-10-16 14:36:24 - [MESSAGE][PASSED] - Wait for page load successfully

2020-10-16 14:36:24 - [TEST_STEP][PASSED] - utilities.SafeActions.safeClick(findTestObject("MAKE_ PAYMENT/Home_ Page/CONTINUE"), "Continue", [pageLoadTime]): Consumer_Payment_Making.ts:Clicked on the Continue

2020-10-16 14:36:24 - [MESSAGE][INFO] - safeClicking

2020-10-16 14:36:25 - [MESSAGE][PASSED] - Object 'Object Repository/MAKE_ PAYMENT/Home_ Page/CONTINUE' is present

2020-10-16 14:36:26 - [MESSAGE][PASSED] - Object 'Object Repository/MAKE_ PAYMENT/Home_ Page/CONTINUE' is clickable

2020-10-16 14:36:29 - [MESSAGE][PASSED] - Object: 'Object Repository/MAKE_ PAYMENT/Home_ Page/CONTINUE' is clicked on

2020-10-16 14:36:29 - [MESSAGE][PASSED] - Consumer_Payment_Making.ts:Clicked on the Continue

2020-10-16 14:36:29 - [TEST_STEP][PASSED] - utilities.SafeActions.safeCheck(findTestObject("MAKE_ PAYMENT/Consumer_Personal_ Details/ACC_TYPE_SAVINGS"), "Savings", [pageLoadTime]): Consumer_Payment_Making.ts:Checkbox 'Savings'is selected

2020-10-16 14:36:30 - [MESSAGE][PASSED] - Object 'Object Repository/MAKE_ PAYMENT/Consumer_Personal_ Details/ACC_TYPE_SAVINGS' is present

2020-10-16 14:36:31 - [MESSAGE][PASSED] - Object 'Object Repository/MAKE_ PAYMENT/Consumer_Personal_ Details/ACC_TYPE_SAVINGS' is present

2020-10-16 14:36:33 - [MESSAGE][PASSED] - Object: 'Object Repository/MAKE_ PAYMENT/Consumer_Personal_ Details/ACC_TYPE_SAVINGS' is clicked on

2020-10-16 14:36:33 - [MESSAGE][PASSED] - Consumer_Payment_Making.ts:Checkbox 'Savings'is selected

2020-10-16 14:36:33 - [TEST_STEP][PASSED] - pages.Payment_Page.setElectronicCheckInformation(findTestObject("MAKE_ PAYMENT/Consumer_Personal_ Details/CHECKING_ACCOUNT_NUMBER"), findTestObject("MAKE_ PAYMENT/Consumer_Personal_ Details/CONFIRM_CHECKING_ACC_NUM"), routingNum, checkingAccNum): Consumer_Payment_Making.ts:Entered'456789 into ConfirmCheckAccNum

2020-10-16 14:36:33 - [MESSAGE][PASSED] - Object 'Object Repository/MAKE_ PAYMENT/Consumer_Personal_ Details/ROUTING_NUMBER' is present

2020-10-16 14:36:34 - [MESSAGE][PASSED] - Object 'Object Repository/MAKE_ PAYMENT/Consumer_Personal_ Details/ROUTING_NUMBER' is visible

2020-10-16 14:36:34 - [MESSAGE][PASSED] - Object 'Object Repository/MAKE_ PAYMENT/Consumer_Personal_ Details/ROUTING_NUMBER' is present

2020-10-16 14:36:35 - [MESSAGE][PASSED] - Text '111000025' is set on object 'Object Repository/MAKE_ PAYMENT/Consumer_Personal_ Details/ROUTING_NUMBER'

2020-10-16 14:36:35 - [MESSAGE][PASSED] - Consumer_Payment_Making.ts:Entered'111000025 into RoutingNumber

2020-10-16 14:36:35 - [MESSAGE][PASSED] - Object 'Object Repository/MAKE_ PAYMENT/Consumer_Personal_ Details/CHECKING_ACCOUNT_NUMBER' is present

2020-10-16 14:36:36 - [MESSAGE][PASSED] - Object 'Object Repository/MAKE_ PAYMENT/Consumer_Personal_ Details/CHECKING_ACCOUNT_NUMBER' is present

2020-10-16 14:36:36 - [MESSAGE][PASSED] - Object 'Object Repository/MAKE_ PAYMENT/Consumer_Personal_ Details/CHECKING_ACCOUNT_NUMBER' is visible

2020-10-16 14:36:36 - [MESSAGE][PASSED] - Object 'Object Repository/MAKE_ PAYMENT/Consumer_Personal_ Details/CHECKING_ACCOUNT_NUMBER' is present

2020-10-16 14:36:38 - [MESSAGE][PASSED] - Text '456789' is set on object 'Object Repository/MAKE_ PAYMENT/Consumer_Personal_ Details/CHECKING_ACCOUNT_NUMBER'

2020-10-16 14:36:38 - [MESSAGE][PASSED] - Consumer_Payment_Making.ts:Entered'456789 into CheckAccNum

2020-10-16 14:36:38 - [MESSAGE][PASSED] - Object 'Object Repository/MAKE_ PAYMENT/Consumer_Personal_ Details/CONFIRM_CHECKING_ACC_NUM' is present

2020-10-16 14:36:38 - [MESSAGE][PASSED] - Object 'Object Repository/MAKE_ PAYMENT/Consumer_Personal_ Details/CONFIRM_CHECKING_ACC_NUM' is visible

2020-10-16 14:36:39 - [MESSAGE][PASSED] - Object 'Object Repository/MAKE_ PAYMENT/Consumer_Personal_ Details/CONFIRM_CHECKING_ACC_NUM' is present

2020-10-16 14:36:40 - [MESSAGE][PASSED] - Text '456789' is set on object 'Object Repository/MAKE_ PAYMENT/Consumer_Personal_ Details/CONFIRM_CHECKING_ACC_NUM'

2020-10-16 14:36:40 - [MESSAGE][PASSED] - Consumer_Payment_Making.ts:Entered'456789 into ConfirmCheckAccNum

2020-10-16 14:36:40 - [TEST_STEP][PASSED] - utilities.SafeActions.safeType(findTestObject("MAKE_ PAYMENT/Consumer_Personal_ Details/EMAIL_ADDRESS"), emailAddress, "EmailAddress", [pageLoadTime]): Consumer_Payment_Making.ts:Entered'testing@zenq.com into EmailAddress

2020-10-16 14:36:40 - [MESSAGE][PASSED] - Object 'Object Repository/MAKE_ PAYMENT/Consumer_Personal_ Details/EMAIL_ADDRESS' is present

2020-10-16 14:36:41 - [MESSAGE][PASSED] - Object 'Object Repository/MAKE_ PAYMENT/Consumer_Personal_ Details/EMAIL_ADDRESS' is visible

2020-10-16 14:36:41 - [MESSAGE][PASSED] - Object 'Object Repository/MAKE_ PAYMENT/Consumer_Personal_ Details/EMAIL_ADDRESS' is present

2020-10-16 14:36:42 - [MESSAGE][PASSED] - Text 'testing@zenq.com' is set on object 'Object Repository/MAKE_ PAYMENT/Consumer_Personal_ Details/EMAIL_ADDRESS'

2020-10-16 14:36:42 - [MESSAGE][PASSED] - Consumer_Payment_Making.ts:Entered'testing@zenq.com into EmailAddress

2020-10-16 14:36:42 - [TEST_STEP][PASSED] - utilities.SafeActions.safeType(findTestObject("MAKE_ PAYMENT/Consumer_Personal_ Details/SIGNATURE"), firstName, "EmailAddress", [pageLoadTime]): Consumer_Payment_Making.ts:Entered'Imran into EmailAddress

2020-10-16 14:36:43 - [MESSAGE][PASSED] - Object 'Object Repository/MAKE_ PAYMENT/Consumer_Personal_ Details/SIGNATURE' is present

2020-10-16 14:36:43 - [MESSAGE][PASSED] - Object 'Object Repository/MAKE_ PAYMENT/Consumer_Personal_ Details/SIGNATURE' is visible

2020-10-16 14:36:43 - [MESSAGE][PASSED] - Object 'Object Repository/MAKE_ PAYMENT/Consumer_Personal_ Details/SIGNATURE' is present

2020-10-16 14:36:45 - [MESSAGE][PASSED] - Text 'Imran' is set on object 'Object Repository/MAKE_ PAYMENT/Consumer_Personal_ Details/SIGNATURE'

2020-10-16 14:36:45 - [MESSAGE][PASSED] - Consumer_Payment_Making.ts:Entered'Imran into EmailAddress

2020-10-16 14:36:45 - [TEST_STEP][PASSED] - utilities.SafeActions.safeType(findTestObject("MAKE_ PAYMENT/Consumer_Personal_ Details/AGREEMENT"), "Yes", "Agreement", [pageLoadTime]): Consumer_Payment_Making.ts:Entered'Yes into Agreement

2020-10-16 14:36:45 - [MESSAGE][PASSED] - Object 'Object Repository/MAKE_ PAYMENT/Consumer_Personal_ Details/AGREEMENT' is present

2020-10-16 14:36:45 - [MESSAGE][PASSED] - Object 'Object Repository/MAKE_ PAYMENT/Consumer_Personal_ Details/AGREEMENT' is visible

2020-10-16 14:36:45 - [MESSAGE][PASSED] - Object 'Object Repository/MAKE_ PAYMENT/Consumer_Personal_ Details/AGREEMENT' is present

2020-10-16 14:36:47 - [MESSAGE][PASSED] - Text 'Yes' is set on object 'Object Repository/MAKE_ PAYMENT/Consumer_Personal_ Details/AGREEMENT'

2020-10-16 14:36:47 - [MESSAGE][PASSED] - Consumer_Payment_Making.ts:Entered'Yes into Agreement

2020-10-16 14:36:47 - [TEST_STEP][PASSED] - utilities.SafeActions.safeClick(findTestObject("MAKE_ PAYMENT/Home_ Page/CHECK_CONTINUE"), "Continue", [pageLoadTime]): Consumer_Payment_Making.ts:Clicked on the Continue

2020-10-16 14:36:47 - [MESSAGE][INFO] - safeClicking

2020-10-16 14:36:47 - [MESSAGE][PASSED] - Object 'Object Repository/MAKE_ PAYMENT/Home_ Page/CHECK_CONTINUE' is present

2020-10-16 14:36:47 - [MESSAGE][PASSED] - Object 'Object Repository/MAKE_ PAYMENT/Home_ Page/CHECK_CONTINUE' is clickable

2020-10-16 14:36:48 - [MESSAGE][PASSED] - Object: 'Object Repository/MAKE_ PAYMENT/Home_ Page/CHECK_CONTINUE' is clicked on

2020-10-16 14:36:48 - [MESSAGE][PASSED] - Consumer_Payment_Making.ts:Clicked on the Continue

2020-10-16 14:36:48 - [TEST_STEP][PASSED] - utilities.SafeActions.safeClick(findTestObject("MAKE_ PAYMENT/Home_ Page/CONTINUE"), "Continue", [pageLoadTime]): Consumer_Payment_Making.ts:Clicked on the Continue

2020-10-16 14:36:49 - [MESSAGE][INFO] - safeClicking

2020-10-16 14:36:49 - [MESSAGE][PASSED] - Object 'Object Repository/MAKE_ PAYMENT/Home_ Page/CONTINUE' is present

2020-10-16 14:36:49 - [MESSAGE][PASSED] - Object 'Object Repository/MAKE_ PAYMENT/Home_ Page/CONTINUE' is clickable

2020-10-16 14:36:53 - [MESSAGE][PASSED] - Object: 'Object Repository/MAKE_ PAYMENT/Home_ Page/CONTINUE' is clicked on

2020-10-16 14:36:53 - [MESSAGE][PASSED] - Consumer_Payment_Making.ts:Clicked on the Continue

2020-10-16 14:36:53 - [TEST_STEP][PASSED] - utilities.SafeActions.safeClick(findTestObject("MAKE_ PAYMENT/Consumer_Personal_ Details/I_AGREE"), "I agree", [pageLoadTime]): Consumer_Payment_Making.ts:Clicked on the I agree

2020-10-16 14:36:53 - [MESSAGE][INFO] - safeClicking

2020-10-16 14:36:54 - [MESSAGE][PASSED] - Object 'Object Repository/MAKE_ PAYMENT/Consumer_Personal_ Details/I_AGREE' is present

2020-10-16 14:36:54 - [MESSAGE][PASSED] - Object 'Object Repository/MAKE_ PAYMENT/Consumer_Personal_ Details/I_AGREE' is clickable

2020-10-16 14:36:57 - [MESSAGE][PASSED] - Object: 'Object Repository/MAKE_ PAYMENT/Consumer_Personal_ Details/I_AGREE' is clicked on

2020-10-16 14:36:57 - [MESSAGE][PASSED] - Consumer_Payment_Making.ts:Clicked on the I agree

2020-10-16 14:36:57 - [TEST_STEP][PASSED] - pages.Payment_Page.verifyUserDetails(firstName, lastName, emailAddress, "", "Savings"): pages.Payment_Page.verifyUserDetails is PASSED

2020-10-16 14:36:58 - [MESSAGE][PASSED] - Scroll to object 'Object Repository/MAKE_ PAYMENT/Verification_ Details/FIRST_NAME' successfully

2020-10-16 14:36:58 - [MESSAGE][PASSED] - Text of object 'Object Repository/MAKE_ PAYMENT/Verification_ Details/FIRST_NAME' is: 'Imran'

2020-10-16 14:36:58 - [MESSAGE][PASSED] - Actual text 'Imran' and expected text 'Imran' are matched  using regular expression

2020-10-16 14:36:58 - [MESSAGE][PASSED] - Text of object 'Object Repository/MAKE_ PAYMENT/Verification_ Details/LAST_NAME' is: 'shahi'

2020-10-16 14:36:58 - [MESSAGE][PASSED] - Actual text 'shahi' and expected text 'shahi' are matched  using regular expression

2020-10-16 14:37:01 - [MESSAGE][PASSED] - Text of object 'Object Repository/MAKE_ PAYMENT/Verification_ Details/EMAIL_ADDRESS' is: 'testing@zenq.com'

2020-10-16 14:37:01 - [MESSAGE][PASSED] - Actual text 'testing@zenq.com' and expected text 'testing@zenq.com' are matched  using regular expression

2020-10-16 14:37:01 - [MESSAGE][PASSED] - Text of object 'Object Repository/MAKE_ PAYMENT/Verification_ Details/ACH_ACC_TYPE' is: 'Savings'

2020-10-16 14:37:01 - [MESSAGE][PASSED] - Actual text 'Savings' and expected text 'Savings' are matched  using regular expression

2020-10-16 14:37:02 - [MESSAGE][PASSED] - pages.Payment_Page.verifyUserDetails is PASSED

2020-10-16 14:37:02 - [TEST_STEP][PASSED] - utilities.SafeActions.safeClick(findTestObject("MAKE_ PAYMENT/Verification_ Details/PROCESS_PAYMENT"), "Process Payment", [pageLoadTime]): Consumer_Payment_Making.ts:Clicked on the Process Payment

2020-10-16 14:37:02 - [MESSAGE][INFO] - safeClicking

2020-10-16 14:37:02 - [MESSAGE][PASSED] - Object 'Object Repository/MAKE_ PAYMENT/Verification_ Details/PROCESS_PAYMENT' is present

2020-10-16 14:37:03 - [MESSAGE][PASSED] - Object 'Object Repository/MAKE_ PAYMENT/Verification_ Details/PROCESS_PAYMENT' is clickable

2020-10-16 14:37:04 - [MESSAGE][PASSED] - Object: 'Object Repository/MAKE_ PAYMENT/Verification_ Details/PROCESS_PAYMENT' is clicked on

2020-10-16 14:37:04 - [MESSAGE][PASSED] - Consumer_Payment_Making.ts:Clicked on the Process Payment

2020-10-16 14:37:04 - [TEST_STEP][PASSED] - utilities.SafeActions.safeClick(findTestObject("MAKE_ PAYMENT/Verification_ Details/YES_BUTTON"), "yes button", [pageLoadTime]): Consumer_Payment_Making.ts:Clicked on the yes button

2020-10-16 14:37:04 - [MESSAGE][INFO] - safeClicking

2020-10-16 14:37:05 - [MESSAGE][PASSED] - Object 'Object Repository/MAKE_ PAYMENT/Verification_ Details/YES_BUTTON' is present

2020-10-16 14:37:05 - [MESSAGE][PASSED] - Object 'Object Repository/MAKE_ PAYMENT/Verification_ Details/YES_BUTTON' is clickable

2020-10-16 14:37:10 - [MESSAGE][PASSED] - Object: 'Object Repository/MAKE_ PAYMENT/Verification_ Details/YES_BUTTON' is clicked on

2020-10-16 14:37:10 - [MESSAGE][PASSED] - Consumer_Payment_Making.ts:Clicked on the yes button

2020-10-16 14:37:10 - [TEST_STEP][PASSED] - verifyElementPresent(findTestObject("MAKE_ PAYMENT/Verification_ Details/PENDING"), 30): Object 'Object Repository/MAKE_ PAYMENT/Verification_ Details/PENDING' is present

2020-10-16 14:37:12 - [MESSAGE][PASSED] - Object 'Object Repository/MAKE_ PAYMENT/Verification_ Details/PENDING' is present

2020-10-16 14:37:12 - [TEST_STEP][PASSED] - PaymentID = pages.Payment_Page.verifyECheckPaymentApproval(referenceNum): pages.Payment_Page.verifyECheckPaymentApproval is PASSED

2020-10-16 14:37:12 - [MESSAGE][PASSED] - Text of object 'Object Repository/MAKE_ PAYMENT/Verification_ Details/PAY_ID_ELECTRIC_CHECK' is: '100176130149'

2020-10-16 14:37:14 - [MESSAGE][PASSED] - Text of object 'Object Repository/MAKE_ PAYMENT/Verification_ Details/REF_NUM_E_CHECK' is: '11'

2020-10-16 14:37:14 - [MESSAGE][PASSED] - pages.Payment_Page.verifyECheckPaymentApproval is PASSED

2020-10-16 14:37:14 - [TEST_STEP][PASSED] - utilities.SafeActions.safeClick(findTestObject("SEARCH_PAYMENT/SEARCH_PAYMENT"), "Search Payment", [pageLoadTime]): Consumer_Payment_Making.ts:Clicked on the Search Payment

2020-10-16 14:37:14 - [MESSAGE][INFO] - safeClicking

2020-10-16 14:37:15 - [MESSAGE][PASSED] - Object 'Object Repository/SEARCH_PAYMENT/SEARCH_PAYMENT' is present

2020-10-16 14:37:15 - [MESSAGE][PASSED] - Object 'Object Repository/SEARCH_PAYMENT/SEARCH_PAYMENT' is clickable

2020-10-16 14:37:16 - [MESSAGE][PASSED] - Object: 'Object Repository/SEARCH_PAYMENT/SEARCH_PAYMENT' is clicked on

2020-10-16 14:37:16 - [MESSAGE][PASSED] - Consumer_Payment_Making.ts:Clicked on the Search Payment

2020-10-16 14:37:16 - [TEST_STEP][PASSED] - waitForPageLoad(10): Wait for page load successfully

2020-10-16 14:37:16 - [MESSAGE][PASSED] - Wait for page load successfully

2020-10-16 14:37:16 - [TEST_STEP][PASSED] - pages.Search_Page.switchToWindow(): pages.Search_Page.switchToWindow is PASSED

2020-10-16 14:37:18 - [MESSAGE][PASSED] - Object: 'Object Repository/SEARCH_PAYMENT/SEARCH_PAYMENT' is clicked on

2020-10-16 14:37:18 - [MESSAGE][PASSED] - Switched to window with index: '1'

2020-10-16 14:37:18 - [MESSAGE][PASSED] - pages.Search_Page.switchToWindow is PASSED

2020-10-16 14:37:18 - [TEST_STEP][PASSED] - utilities.SafeActions.safeCheck(findTestObject("SEARCH_PAYMENT/ELECTRONIC_CHECK"), "Echeck", [pageLoadTime]): Consumer_Payment_Making.ts:Checkbox 'Echeck'is selected

2020-10-16 14:37:21 - [MESSAGE][PASSED] - Object 'Object Repository/SEARCH_PAYMENT/ELECTRONIC_CHECK' is present

2020-10-16 14:37:22 - [MESSAGE][PASSED] - Object 'Object Repository/SEARCH_PAYMENT/ELECTRONIC_CHECK' is present

2020-10-16 14:37:24 - [MESSAGE][PASSED] - Object: 'Object Repository/SEARCH_PAYMENT/ELECTRONIC_CHECK' is clicked on

2020-10-16 14:37:24 - [MESSAGE][PASSED] - Consumer_Payment_Making.ts:Checkbox 'Echeck'is selected

2020-10-16 14:37:24 - [TEST_STEP][PASSED] - pages.Search_Page.setSearchDetails(lastName, VISA, checkingAccNum): Acc num enterd

2020-10-16 14:37:24 - [MESSAGE][PASSED] - Object 'Object Repository/SEARCH_PAYMENT/BILLING_LAST_NAME' is present

2020-10-16 14:37:24 - [MESSAGE][PASSED] - Object 'Object Repository/SEARCH_PAYMENT/BILLING_LAST_NAME' is visible

2020-10-16 14:37:25 - [MESSAGE][PASSED] - Object 'Object Repository/SEARCH_PAYMENT/BILLING_LAST_NAME' is present

2020-10-16 14:37:26 - [MESSAGE][PASSED] - Text 'shahi' is set on object 'Object Repository/SEARCH_PAYMENT/BILLING_LAST_NAME'

2020-10-16 14:37:26 - [MESSAGE][PASSED] - Consumer_Payment_Making.ts:Entered'shahi into LastName

2020-10-16 14:37:27 - [MESSAGE][WARNING] - Object 'Object Repository/SEARCH_PAYMENT/CREDIT_OR_DEBIT_CARD' is not checked (Root cause: com.kms.katalon.core.exception.StepFailedException: Object 'Object Repository/SEARCH_PAYMENT/CREDIT_OR_DEBIT_CARD' is not checked
	at com.kms.katalon.core.webui.keyword.internal.WebUIKeywordMain.stepFailed(WebUIKeywordMain.groovy:64)
	at com.kms.katalon.core.webui.keyword.builtin.VerifyElementCheckedKeyword$_verifyElementChecked_closure1.doCall(VerifyElementCheckedKeyword.groovy:81)
	at com.kms.katalon.core.webui.keyword.builtin.VerifyElementCheckedKeyword$_verifyElementChecked_closure1.call(VerifyElementCheckedKeyword.groovy)
	at com.kms.katalon.core.webui.keyword.internal.WebUIKeywordMain.runKeyword(WebUIKeywordMain.groovy:20)
	at com.kms.katalon.core.webui.keyword.builtin.VerifyElementCheckedKeyword.verifyElementChecked(VerifyElementCheckedKeyword.groovy:92)
	at com.kms.katalon.core.webui.keyword.builtin.VerifyElementCheckedKeyword.execute(VerifyElementCheckedKeyword.groovy:68)
	at com.kms.katalon.core.keyword.internal.KeywordExecutor.executeKeywordForPlatform(KeywordExecutor.groovy:72)
	at com.kms.katalon.core.webui.keyword.WebUiBuiltInKeywords.verifyElementChecked(WebUiBuiltInKeywords.groovy:1352)
	at com.kms.katalon.core.webui.keyword.WebUiBuiltInKeywords$verifyElementChecked$15.call(Unknown Source)
	at pages.Search_Page.setSearchDetails(Search_Page.groovy:39)
	at pages.Search_Page.invokeMethod(Search_Page.groovy)
	at com.kms.katalon.core.main.CustomKeywordDelegatingMetaClass.invokeStaticMethod(CustomKeywordDelegatingMetaClass.java:50)
	at TC_006_Echeck_Savings_MultiLine_Payment.run(TC_006_Echeck_Savings_MultiLine_Payment:128)
	at com.kms.katalon.core.main.ScriptEngine.run(ScriptEngine.java:194)
	at com.kms.katalon.core.main.ScriptEngine.runScriptAsRawText(ScriptEngine.java:119)
	at com.kms.katalon.core.main.TestCaseExecutor.runScript(TestCaseExecutor.java:337)
	at com.kms.katalon.core.main.TestCaseExecutor.doExecute(TestCaseExecutor.java:328)
	at com.kms.katalon.core.main.TestCaseExecutor.processExecutionPhase(TestCaseExecutor.java:307)
	at com.kms.katalon.core.main.TestCaseExecutor.accessMainPhase(TestCaseExecutor.java:299)
	at com.kms.katalon.core.main.TestCaseExecutor.execute(TestCaseExecutor.java:233)
	at com.kms.katalon.core.main.TestSuiteExecutor.accessTestCaseMainPhase(TestSuiteExecutor.java:169)
	at com.kms.katalon.core.main.TestSuiteExecutor.accessTestSuiteMainPhase(TestSuiteExecutor.java:142)
	at com.kms.katalon.core.main.TestSuiteExecutor.execute(TestSuiteExecutor.java:91)
	at com.kms.katalon.core.main.TestCaseMain.startTestSuite(TestCaseMain.java:157)
	at com.kms.katalon.core.main.TestCaseMain$startTestSuite$0.call(Unknown Source)
	at TempTestSuite1602837764827.run(TempTestSuite1602837764827.groovy:36)
)
[[ATTACHMENT|E:\\Sush_Certpay\\Reports\\20201016_141244\\Certpay_testSuite\\Consumer_Payment_Making\\20201016_141244\\1602839246716.png]]

2020-10-16 14:37:27 - [MESSAGE][PASSED] - Object 'Object Repository/SEARCH_PAYMENT/ACC_NUMBER' is present

2020-10-16 14:37:27 - [MESSAGE][PASSED] - Object 'Object Repository/SEARCH_PAYMENT/ACC_NUMBER' is visible

2020-10-16 14:37:28 - [MESSAGE][PASSED] - Object 'Object Repository/SEARCH_PAYMENT/ACC_NUMBER' is present

2020-10-16 14:37:29 - [MESSAGE][PASSED] - Text '456789' is set on object 'Object Repository/SEARCH_PAYMENT/ACC_NUMBER'

2020-10-16 14:37:29 - [MESSAGE][PASSED] - Consumer_Payment_Making.ts:Entered'456789 into Acc num

2020-10-16 14:37:29 - [MESSAGE][PASSED] - Acc num enterd

2020-10-16 14:37:29 - [TEST_STEP][PASSED] - utilities.SafeActions.safeClick(findTestObject("SEARCH_PAYMENT/SEARCH_BUTTON"), "Search", [pageLoadTime]): Consumer_Payment_Making.ts:Clicked on the Search

2020-10-16 14:37:29 - [MESSAGE][INFO] - safeClicking

2020-10-16 14:37:29 - [MESSAGE][PASSED] - Object 'Object Repository/SEARCH_PAYMENT/SEARCH_BUTTON' is present

2020-10-16 14:37:30 - [MESSAGE][PASSED] - Object 'Object Repository/SEARCH_PAYMENT/SEARCH_BUTTON' is clickable

2020-10-16 14:37:41 - [MESSAGE][PASSED] - Object: 'Object Repository/SEARCH_PAYMENT/SEARCH_BUTTON' is clicked on

2020-10-16 14:37:41 - [MESSAGE][PASSED] - Consumer_Payment_Making.ts:Clicked on the Search

2020-10-16 14:37:41 - [TEST_STEP][PASSED] - pages.Payment_Page.verifyPaymentDetailsInReceipt(PaymentID): pages.Payment_Page.verifyPaymentDetailsInReceipt is PASSED

2020-10-16 14:37:43 - [MESSAGE][PASSED] - Text of object 'Object Repository/SEARCH_PAYMENT/REFERNCE_NUM' is: '11'

2020-10-16 14:37:43 - [MESSAGE][PASSED] - Text of object 'Object Repository/SEARCH_PAYMENT/PAYMENT_ID' is: '100176130153'

2020-10-16 14:37:43 - [MESSAGE][PASSED] - pages.Payment_Page.verifyPaymentDetailsInReceipt is PASSED

2020-10-16 14:37:43 - [TEST_STEP][PASSED] - utilities.SafeActions.safeClick(findTestObject("SEARCH_PAYMENT/SEARCH_ ICON"), "SearchIcon", [pageLoadTime]): Consumer_Payment_Making.ts:Clicked on the SearchIcon

2020-10-16 14:37:43 - [MESSAGE][INFO] - safeClicking

2020-10-16 14:37:44 - [MESSAGE][PASSED] - Object 'Object Repository/SEARCH_PAYMENT/SEARCH_ ICON' is present

2020-10-16 14:37:44 - [MESSAGE][PASSED] - Object 'Object Repository/SEARCH_PAYMENT/SEARCH_ ICON' is clickable

2020-10-16 14:37:45 - [MESSAGE][PASSED] - Object: 'Object Repository/SEARCH_PAYMENT/SEARCH_ ICON' is clicked on

2020-10-16 14:37:45 - [MESSAGE][PASSED] - Consumer_Payment_Making.ts:Clicked on the SearchIcon

2020-10-16 14:37:45 - [TEST_STEP][PASSED] - delay(2): Delayed 2 second(s)

2020-10-16 14:37:47 - [MESSAGE][PASSED] - Delayed 2 second(s)

2020-10-16 14:37:47 - [TEST_STEP][PASSED] - scrollToElement(findTestObject("SEARCH_PAYMENT/CLOSE_BUTTON"), 30): Scroll to object 'Object Repository/SEARCH_PAYMENT/CLOSE_BUTTON' successfully

2020-10-16 14:37:48 - [MESSAGE][PASSED] - Scroll to object 'Object Repository/SEARCH_PAYMENT/CLOSE_BUTTON' successfully

2020-10-16 14:37:48 - [TEST_STEP][PASSED] - utilities.SafeActions.safeClick(findTestObject("SEARCH_PAYMENT/EMAIL_ RECEIPT"), "Email Receipt", [pageLoadTime]): Consumer_Payment_Making.ts:Clicked on the Email Receipt

2020-10-16 14:37:48 - [MESSAGE][INFO] - safeClicking

2020-10-16 14:37:48 - [MESSAGE][PASSED] - Object 'Object Repository/SEARCH_PAYMENT/EMAIL_ RECEIPT' is present

2020-10-16 14:37:48 - [MESSAGE][PASSED] - Object 'Object Repository/SEARCH_PAYMENT/EMAIL_ RECEIPT' is clickable

2020-10-16 14:37:49 - [MESSAGE][PASSED] - Object: 'Object Repository/SEARCH_PAYMENT/EMAIL_ RECEIPT' is clicked on

2020-10-16 14:37:49 - [MESSAGE][PASSED] - Consumer_Payment_Making.ts:Clicked on the Email Receipt

2020-10-16 14:37:49 - [TEST_STEP][PASSED] - utilities.SafeActions.safeClick(findTestObject("SEARCH_PAYMENT/SEND_ EMAIL_BUTTON"), "Send Email", [pageLoadTime]): Consumer_Payment_Making.ts:Clicked on the Send Email

2020-10-16 14:37:50 - [MESSAGE][INFO] - safeClicking

2020-10-16 14:37:50 - [MESSAGE][PASSED] - Object 'Object Repository/SEARCH_PAYMENT/SEND_ EMAIL_BUTTON' is present

2020-10-16 14:37:51 - [MESSAGE][PASSED] - Object 'Object Repository/SEARCH_PAYMENT/SEND_ EMAIL_BUTTON' is clickable

2020-10-16 14:37:52 - [MESSAGE][PASSED] - Object: 'Object Repository/SEARCH_PAYMENT/SEND_ EMAIL_BUTTON' is clicked on

2020-10-16 14:37:52 - [MESSAGE][PASSED] - Consumer_Payment_Making.ts:Clicked on the Send Email

2020-10-16 14:37:52 - [TEST_STEP][PASSED] - Start listener action : afterTestCase: Browser is closed

2020-10-16 14:37:52 - [TEST_STEP][PASSED] - closeBrowser(): Browser is closed

2020-10-16 14:37:54 - [MESSAGE][PASSED] - Browser is closed]]></system-out>
         <system-err><![CDATA[]]></system-err>
      </testcase>
      <system-out><![CDATA[2020-10-16 14:12:49 - [TEST_SUITE][PASSED] - Consumer_Payment_Making: Test Cases/Consumer_Make_Payment/TC_006_Echeck_Savings_MultiLine_Payment]]></system-out>
      <system-err><![CDATA[]]></system-err>
   </testsuite>
</testsuites>
