<?xml version="1.0" encoding="UTF-8"?>
<testsuites name="Quicksti" time="2912.855" tests="5" failures="0" errors="0">
   <testsuite name="Quicksti" tests="5" failures="0" errors="0" time="2912.855" timestamp="2020-09-08 16:18:44" hostname="admin - SYS8" id="Test Suites/Certpay_testSuite/Quicksti">
      <properties>
         <property name="deviceName" value=""/>
         <property name="devicePlatform" value=""/>
         <property name="logFolder" value="E:\\Sush_Certpay\\Reports\\20200908_161840\\Certpay_testSuite\\Quicksti\\20200908_161840"/>
         <property name="logFiles" value="E:\\Sush_Certpay\\Reports\\20200908_161840\\Certpay_testSuite\\Quicksti\\20200908_161840\\execution0.log"/>
         <property name="attachments" value=""/>
         <property name="hostName" value="admin - SYS8"/>
         <property name="os" value="Windows 10 32bit"/>
         <property name="katalonVersion" value="7.1.2.1"/>
         <property name="browser" value="Chrome 85.0.4183.83"/>
         <property name="hostAddress" value="172.31.253.251"/>
         <property name="sessionId" value="9737a97af6ae6d00b1dfd83e52a8379f"/>
         <property name="seleniumVersion" value="3.141.59"/>
         <property name="proxyInformation" value="ProxyInformation{proxyOption=NO_PROXY, proxyServerType=HTTP, password=, proxyServerAddress=, proxyServerPort=0, executionList=}"/>
         <property name="platform" value="Windows 10"/>
      </properties>
      <testcase name="Test Cases/Certpay_Quicksti/TC_001_SingleBureauSite_SingleLinePayment" time="485.711" classname="Test Cases/Certpay_Quicksti/TC_001_SingleBureauSite_SingleLinePayment" status="PASSED">
         <system-out><![CDATA[2020-09-08 16:18:44 - [TEST_CASE][PASSED] - Test Cases/Certpay_Quicksti/TC_001_SingleBureauSite_SingleLinePayment: Test Cases/Certpay_Quicksti/TC_001_SingleBureauSite_SingleLinePayment

2020-09-08 16:18:44 - [TEST_STEP][PASSED] - Start listener action : beforeTestCase: null

2020-09-08 16:18:45 - [TEST_STEP][PASSED] - data = findTestData("Data Files/Certpay/SingleBureau_SingleLine"): null

2020-09-08 16:18:46 - [TEST_STEP][PASSED] - paymentIdList = []: null

2020-09-08 16:18:46 - [TEST_STEP][PASSED] - for (def index : (1..data.getRowNumbers())): null

2020-09-08 16:18:46 - [TEST_STEP][PASSED] - firstName = data.getValue("FirstName", index): null

2020-09-08 16:18:46 - [TEST_STEP][PASSED] - lastName = data.getValue("LastName", index): null

2020-09-08 16:18:46 - [TEST_STEP][PASSED] - expMonth = data.getValue("ExpMonth", index): null

2020-09-08 16:18:46 - [TEST_STEP][PASSED] - expYear = data.getValue("ExpYear", index): null

2020-09-08 16:18:46 - [TEST_STEP][PASSED] - securityCode = data.getValue("SecurityCode", index): null

2020-09-08 16:18:46 - [TEST_STEP][PASSED] - paymentAmount = data.getValue("PaymentAmount", index): null

2020-09-08 16:18:46 - [TEST_STEP][PASSED] - paymentType = data.getValue("PaymentType", index): null

2020-09-08 16:18:46 - [TEST_STEP][PASSED] - quantity = data.getValue("Quantity", index): null

2020-09-08 16:18:46 - [TEST_STEP][PASSED] - comments = data.getValue("Comments", index): null

2020-09-08 16:18:46 - [TEST_STEP][PASSED] - referenceNum = data.getValue("ReferenceNum", index): null

2020-09-08 16:18:46 - [TEST_STEP][PASSED] - address = data.getValue("Address", index): null

2020-09-08 16:18:46 - [TEST_STEP][PASSED] - zipCode = data.getValue("Zipcode", index): null

2020-09-08 16:18:46 - [TEST_STEP][PASSED] - telephone = data.getValue("Telephone", index): null

2020-09-08 16:18:46 - [TEST_STEP][PASSED] - emailAddress = data.getValue("EmailAddress", index): null

2020-09-08 16:18:46 - [TEST_STEP][PASSED] - cardNum = data.getValue("CardNumber", index): null

2020-09-08 16:18:46 - [TEST_STEP][PASSED] - cardType = data.getValue("CardType", index): null

2020-09-08 16:18:46 - [TEST_STEP][PASSED] - utilities.SafeActions.openBrowser(Quicksti_Url, [pageLoadTime]): Browser launched successfully

2020-09-08 16:18:46 - [MESSAGE][INFO] - Opening Browser

2020-09-08 16:18:46 - [MESSAGE][INFO] - Starting 'Chrome' driver

2020-09-08 16:18:46 - [MESSAGE][INFO] - Action delay is set to 0 seconds

2020-09-08 16:18:57 - [MESSAGE][PASSED] - Browser is opened with url: 'https://qa-certpayquicksti.faps.net/'

2020-09-08 16:18:59 - [MESSAGE][PASSED] - Current window maximized

2020-09-08 16:18:59 - [MESSAGE][PASSED] - Browser launched successfully

2020-09-08 16:18:59 - [TEST_STEP][PASSED] - utilities.SafeActions.safeType(findTestObject("CERTPAY_QUICKSTI/Login_ Page/BUREAU_CODE"), bureau_code, "Bureau code", [pageLoadTime]): Quicksti.ts:Entered'6100000 into Bureau code

2020-09-08 16:18:59 - [MESSAGE][PASSED] - Object 'Object Repository/CERTPAY_QUICKSTI/Login_ Page/BUREAU_CODE' is present

2020-09-08 16:19:00 - [MESSAGE][PASSED] - Object 'Object Repository/CERTPAY_QUICKSTI/Login_ Page/BUREAU_CODE' is visible

2020-09-08 16:19:00 - [MESSAGE][PASSED] - Object 'Object Repository/CERTPAY_QUICKSTI/Login_ Page/BUREAU_CODE' is present

2020-09-08 16:19:01 - [MESSAGE][PASSED] - Text '6100000' is set on object 'Object Repository/CERTPAY_QUICKSTI/Login_ Page/BUREAU_CODE'

2020-09-08 16:19:01 - [MESSAGE][PASSED] - Quicksti.ts:Entered'6100000 into Bureau code

2020-09-08 16:19:01 - [TEST_STEP][PASSED] - utilities.SafeActions.safeType(findTestObject("CERTPAY_QUICKSTI/Login_ Page/TELLER_ID"), teller_id, "Bureau code", [pageLoadTime]): Quicksti.ts:Entered'zenq into Bureau code

2020-09-08 16:19:02 - [MESSAGE][PASSED] - Object 'Object Repository/CERTPAY_QUICKSTI/Login_ Page/TELLER_ID' is present

2020-09-08 16:19:02 - [MESSAGE][PASSED] - Object 'Object Repository/CERTPAY_QUICKSTI/Login_ Page/TELLER_ID' is visible

2020-09-08 16:19:02 - [MESSAGE][PASSED] - Object 'Object Repository/CERTPAY_QUICKSTI/Login_ Page/TELLER_ID' is present

2020-09-08 16:19:03 - [MESSAGE][PASSED] - Text 'zenq' is set on object 'Object Repository/CERTPAY_QUICKSTI/Login_ Page/TELLER_ID'

2020-09-08 16:19:03 - [MESSAGE][PASSED] - Quicksti.ts:Entered'zenq into Bureau code

2020-09-08 16:19:03 - [TEST_STEP][PASSED] - utilities.SafeActions.safeClick(findTestObject("CERTPAY_QUICKSTI/Login_ Page/NEXT_BUTTON"), "Next button", [pageLoadTime]): Quicksti.ts:Clicked on the Next button

2020-09-08 16:19:03 - [MESSAGE][INFO] - safeClicking

2020-09-08 16:19:04 - [MESSAGE][PASSED] - Object 'Object Repository/CERTPAY_QUICKSTI/Login_ Page/NEXT_BUTTON' is present

2020-09-08 16:19:04 - [MESSAGE][PASSED] - Object 'Object Repository/CERTPAY_QUICKSTI/Login_ Page/NEXT_BUTTON' is clickable

2020-09-08 16:19:09 - [MESSAGE][PASSED] - Object: 'Object Repository/CERTPAY_QUICKSTI/Login_ Page/NEXT_BUTTON' is clicked on

2020-09-08 16:19:09 - [MESSAGE][PASSED] - Quicksti.ts:Clicked on the Next button

2020-09-08 16:19:09 - [TEST_STEP][PASSED] - utilities.SafeActions.safeClick(findTestObject("CERTPAY_QUICKSTI/Payment_Information_Page/MANUAL_ENTRY_BUTTON"), "ManualEntry", [pageLoadTime]): Quicksti.ts:Clicked on the ManualEntry

2020-09-08 16:19:09 - [MESSAGE][INFO] - safeClicking

2020-09-08 16:19:09 - [MESSAGE][PASSED] - Object 'Object Repository/CERTPAY_QUICKSTI/Payment_Information_Page/MANUAL_ENTRY_BUTTON' is present

2020-09-08 16:19:10 - [MESSAGE][PASSED] - Object 'Object Repository/CERTPAY_QUICKSTI/Payment_Information_Page/MANUAL_ENTRY_BUTTON' is clickable

2020-09-08 16:19:13 - [MESSAGE][PASSED] - Object: 'Object Repository/CERTPAY_QUICKSTI/Payment_Information_Page/MANUAL_ENTRY_BUTTON' is clicked on

2020-09-08 16:19:13 - [MESSAGE][PASSED] - Quicksti.ts:Clicked on the ManualEntry

2020-09-08 16:19:13 - [TEST_STEP][PASSED] - CardNumber = pages.Quicksti.setUserPaymentDetails(firstName, lastName, cardNum): Quicksti.ts:Entered'4761739001010135 into CardNum

2020-09-08 16:19:13 - [MESSAGE][PASSED] - Object 'Object Repository/CERTPAY_QUICKSTI/Payment_Information_Page/FIRST_NAME' is present

2020-09-08 16:19:13 - [MESSAGE][PASSED] - Object 'Object Repository/CERTPAY_QUICKSTI/Payment_Information_Page/FIRST_NAME' is visible

2020-09-08 16:19:14 - [MESSAGE][PASSED] - Object 'Object Repository/CERTPAY_QUICKSTI/Payment_Information_Page/FIRST_NAME' is present

2020-09-08 16:19:15 - [MESSAGE][PASSED] - Text 'Tester' is set on object 'Object Repository/CERTPAY_QUICKSTI/Payment_Information_Page/FIRST_NAME'

2020-09-08 16:19:15 - [MESSAGE][PASSED] - Quicksti.ts:Entered'Tester into FirstName

2020-09-08 16:19:15 - [MESSAGE][PASSED] - Object 'Object Repository/CERTPAY_QUICKSTI/Payment_Information_Page/LAST_NAME' is present

2020-09-08 16:19:16 - [MESSAGE][PASSED] - Object 'Object Repository/CERTPAY_QUICKSTI/Payment_Information_Page/LAST_NAME' is visible

2020-09-08 16:19:16 - [MESSAGE][PASSED] - Object 'Object Repository/CERTPAY_QUICKSTI/Payment_Information_Page/LAST_NAME' is present

2020-09-08 16:19:17 - [MESSAGE][PASSED] - Text 'Zenq1' is set on object 'Object Repository/CERTPAY_QUICKSTI/Payment_Information_Page/LAST_NAME'

2020-09-08 16:19:17 - [MESSAGE][PASSED] - Quicksti.ts:Entered'Zenq1 into LAstName

2020-09-08 16:19:18 - [MESSAGE][PASSED] - Object 'Object Repository/CERTPAY_QUICKSTI/Payment_Information_Page/CARD_NUMBER' is present

2020-09-08 16:19:18 - [MESSAGE][PASSED] - Object 'Object Repository/CERTPAY_QUICKSTI/Payment_Information_Page/CARD_NUMBER' is visible

2020-09-08 16:19:18 - [MESSAGE][PASSED] - Object 'Object Repository/CERTPAY_QUICKSTI/Payment_Information_Page/CARD_NUMBER' is present

2020-09-08 16:19:19 - [MESSAGE][PASSED] - Text '4761739001010135' is set on object 'Object Repository/CERTPAY_QUICKSTI/Payment_Information_Page/CARD_NUMBER'

2020-09-08 16:19:19 - [MESSAGE][PASSED] - Quicksti.ts:Entered'4761739001010135 into CardNum

2020-09-08 16:19:19 - [TEST_STEP][PASSED] - utilities.SafeActions.safeSelectOptionInDropdownByVisibleText(findTestObject("CERTPAY_QUICKSTI/Payment_Information_Page/PAYMENT_TYPE"), paymentType, "paymentType", [pageLoadTime]): selected dropdown option by visible text  Taxesfrom paymentType

2020-09-08 16:19:20 - [MESSAGE][PASSED] - Object 'Object Repository/CERTPAY_QUICKSTI/Payment_Information_Page/PAYMENT_TYPE' is visible

2020-09-08 16:19:20 - [MESSAGE][PASSED] - Object 'Object Repository/CERTPAY_QUICKSTI/Payment_Information_Page/PAYMENT_TYPE' is present

2020-09-08 16:19:21 - [MESSAGE][PASSED] - Object: 'Object Repository/CERTPAY_QUICKSTI/Payment_Information_Page/PAYMENT_TYPE' is clicked on

2020-09-08 16:19:22 - [MESSAGE][PASSED] - All options with label 'Taxes' are selected in object 'Object Repository/CERTPAY_QUICKSTI/Payment_Information_Page/PAYMENT_TYPE'  using regular expression

2020-09-08 16:19:22 - [MESSAGE][PASSED] - selected dropdown option by visible text  Taxesfrom paymentType

2020-09-08 16:19:22 - [TEST_STEP][PASSED] - pages.Quicksti.setExpDate(expMonth, expYear, securityCode): Quicksti.ts:Entered'207 into securityCode

2020-09-08 16:19:23 - [MESSAGE][PASSED] - Object 'Object Repository/CERTPAY_QUICKSTI/Payment_Information_Page/EXP_MONTH' is visible

2020-09-08 16:19:23 - [MESSAGE][PASSED] - Object 'Object Repository/CERTPAY_QUICKSTI/Payment_Information_Page/EXP_MONTH' is present

2020-09-08 16:19:24 - [MESSAGE][PASSED] - Object: 'Object Repository/CERTPAY_QUICKSTI/Payment_Information_Page/EXP_MONTH' is clicked on

2020-09-08 16:19:26 - [MESSAGE][PASSED] - All options with label '03' are selected in object 'Object Repository/CERTPAY_QUICKSTI/Payment_Information_Page/EXP_MONTH'  using regular expression

2020-09-08 16:19:26 - [MESSAGE][PASSED] - selected dropdown option by visible text  03from expMonth

2020-09-08 16:19:26 - [MESSAGE][PASSED] - Object 'Object Repository/CERTPAY_QUICKSTI/Payment_Information_Page/EXP_YEAR' is visible

2020-09-08 16:19:26 - [MESSAGE][PASSED] - Object 'Object Repository/CERTPAY_QUICKSTI/Payment_Information_Page/EXP_YEAR' is present

2020-09-08 16:19:27 - [MESSAGE][PASSED] - Object: 'Object Repository/CERTPAY_QUICKSTI/Payment_Information_Page/EXP_YEAR' is clicked on

2020-09-08 16:19:29 - [MESSAGE][PASSED] - All options with label '2022' are selected in object 'Object Repository/CERTPAY_QUICKSTI/Payment_Information_Page/EXP_YEAR'  using regular expression

2020-09-08 16:19:29 - [MESSAGE][PASSED] - selected dropdown option by visible text  2022from  expYear

2020-09-08 16:19:29 - [MESSAGE][PASSED] - Object 'Object Repository/CERTPAY_QUICKSTI/Payment_Information_Page/SECURITY_CODE' is present

2020-09-08 16:19:30 - [MESSAGE][PASSED] - Object 'Object Repository/CERTPAY_QUICKSTI/Payment_Information_Page/SECURITY_CODE' is visible

2020-09-08 16:19:30 - [MESSAGE][PASSED] - Object 'Object Repository/CERTPAY_QUICKSTI/Payment_Information_Page/SECURITY_CODE' is present

2020-09-08 16:19:31 - [MESSAGE][PASSED] - Text '207' is set on object 'Object Repository/CERTPAY_QUICKSTI/Payment_Information_Page/SECURITY_CODE'

2020-09-08 16:19:31 - [MESSAGE][PASSED] - Quicksti.ts:Entered'207 into securityCode

2020-09-08 16:19:31 - [TEST_STEP][PASSED] - pages.Quicksti.setPaymentAmountDetailsForSinglePayment(paymentAmount, quantity): Quicksti.ts:Entered'1 into Quantity

2020-09-08 16:19:32 - [MESSAGE][PASSED] - Object 'Object Repository/CERTPAY_QUICKSTI/Payment_Information_Page/PAYMENT_AMOUNT' is present

2020-09-08 16:19:32 - [MESSAGE][PASSED] - Object 'Object Repository/CERTPAY_QUICKSTI/Payment_Information_Page/PAYMENT_AMOUNT' is visible

2020-09-08 16:19:32 - [MESSAGE][PASSED] - Object 'Object Repository/CERTPAY_QUICKSTI/Payment_Information_Page/PAYMENT_AMOUNT' is present

2020-09-08 16:19:34 - [MESSAGE][PASSED] - Text '20.00' is set on object 'Object Repository/CERTPAY_QUICKSTI/Payment_Information_Page/PAYMENT_AMOUNT'

2020-09-08 16:19:34 - [MESSAGE][PASSED] - Quicksti.ts:Entered'20.00 into amount

2020-09-08 16:19:34 - [MESSAGE][PASSED] - Object 'Object Repository/CERTPAY_QUICKSTI/Payment_Information_Page/QUANTITY' is present

2020-09-08 16:19:35 - [MESSAGE][PASSED] - Object 'Object Repository/CERTPAY_QUICKSTI/Payment_Information_Page/QUANTITY' is visible

2020-09-08 16:19:35 - [MESSAGE][PASSED] - Object 'Object Repository/CERTPAY_QUICKSTI/Payment_Information_Page/QUANTITY' is present

2020-09-08 16:19:36 - [MESSAGE][PASSED] - Text '1' is set on object 'Object Repository/CERTPAY_QUICKSTI/Payment_Information_Page/QUANTITY'

2020-09-08 16:19:36 - [MESSAGE][PASSED] - Quicksti.ts:Entered'1 into Quantity

2020-09-08 16:19:36 - [TEST_STEP][PASSED] - utilities.SafeActions.safeType(findTestObject("CERTPAY_QUICKSTI/Payment_Information_Page/REFRENCE_NUMBER"), referenceNum, "Reference Number", [pageLoadTime]): Quicksti.ts:Entered'11 into Reference Number

2020-09-08 16:19:37 - [MESSAGE][PASSED] - Object 'Object Repository/CERTPAY_QUICKSTI/Payment_Information_Page/REFRENCE_NUMBER' is present

2020-09-08 16:19:37 - [MESSAGE][PASSED] - Object 'Object Repository/CERTPAY_QUICKSTI/Payment_Information_Page/REFRENCE_NUMBER' is visible

2020-09-08 16:19:37 - [MESSAGE][PASSED] - Object 'Object Repository/CERTPAY_QUICKSTI/Payment_Information_Page/REFRENCE_NUMBER' is present

2020-09-08 16:19:39 - [MESSAGE][PASSED] - Text '11' is set on object 'Object Repository/CERTPAY_QUICKSTI/Payment_Information_Page/REFRENCE_NUMBER'

2020-09-08 16:19:39 - [MESSAGE][PASSED] - Quicksti.ts:Entered'11 into Reference Number

2020-09-08 16:19:39 - [TEST_STEP][PASSED] - amount_Value = pages.Quicksti.getAttributeValue(findTestObject("CERTPAY_QUICKSTI/Payment_Information_Page/SUB_TOTAL")): pages.Quicksti.getAttributeValue is PASSED

2020-09-08 16:19:39 - [MESSAGE][PASSED] - Attribute 'value' of object 'Object Repository/CERTPAY_QUICKSTI/Payment_Information_Page/SUB_TOTAL' is: '20.00'

2020-09-08 16:19:39 - [MESSAGE][PASSED] - pages.Quicksti.getAttributeValue is PASSED

2020-09-08 16:19:39 - [TEST_STEP][PASSED] - utilities.SafeActions.safeType(findTestObject("CERTPAY_QUICKSTI/Payment_Information_Page/COMMENTS"), "Testing", "Comments", [pageLoadTime]): Quicksti.ts:Entered'Testing into Comments

2020-09-08 16:19:39 - [MESSAGE][PASSED] - Object 'Object Repository/CERTPAY_QUICKSTI/Payment_Information_Page/COMMENTS' is present

2020-09-08 16:19:40 - [MESSAGE][PASSED] - Object 'Object Repository/CERTPAY_QUICKSTI/Payment_Information_Page/COMMENTS' is visible

2020-09-08 16:19:40 - [MESSAGE][PASSED] - Object 'Object Repository/CERTPAY_QUICKSTI/Payment_Information_Page/COMMENTS' is present

2020-09-08 16:19:41 - [MESSAGE][PASSED] - Text 'Testing' is set on object 'Object Repository/CERTPAY_QUICKSTI/Payment_Information_Page/COMMENTS'

2020-09-08 16:19:41 - [MESSAGE][PASSED] - Quicksti.ts:Entered'Testing into Comments

2020-09-08 16:19:41 - [TEST_STEP][PASSED] - utilities.SafeActions.safeType(findTestObject("CERTPAY_QUICKSTI/Payment_Information_Page/ADDRESS"), address, "Address", [pageLoadTime]): Quicksti.ts:Entered'14-2 into Address

2020-09-08 16:19:42 - [MESSAGE][PASSED] - Object 'Object Repository/CERTPAY_QUICKSTI/Payment_Information_Page/ADDRESS' is present

2020-09-08 16:19:42 - [MESSAGE][PASSED] - Object 'Object Repository/CERTPAY_QUICKSTI/Payment_Information_Page/ADDRESS' is visible

2020-09-08 16:19:42 - [MESSAGE][PASSED] - Object 'Object Repository/CERTPAY_QUICKSTI/Payment_Information_Page/ADDRESS' is present

2020-09-08 16:19:44 - [MESSAGE][PASSED] - Text '14-2' is set on object 'Object Repository/CERTPAY_QUICKSTI/Payment_Information_Page/ADDRESS'

2020-09-08 16:19:44 - [MESSAGE][PASSED] - Quicksti.ts:Entered'14-2 into Address

2020-09-08 16:19:44 - [TEST_STEP][PASSED] - utilities.SafeActions.safeType(findTestObject("CERTPAY_QUICKSTI/Payment_Information_Page/ZIP_CODE"), zipCode, "zipcode", [pageLoadTime]): Quicksti.ts:Entered'76102 into zipcode

2020-09-08 16:19:44 - [MESSAGE][PASSED] - Object 'Object Repository/CERTPAY_QUICKSTI/Payment_Information_Page/ZIP_CODE' is present

2020-09-08 16:19:44 - [MESSAGE][PASSED] - Object 'Object Repository/CERTPAY_QUICKSTI/Payment_Information_Page/ZIP_CODE' is visible

2020-09-08 16:19:45 - [MESSAGE][PASSED] - Object 'Object Repository/CERTPAY_QUICKSTI/Payment_Information_Page/ZIP_CODE' is present

2020-09-08 16:19:46 - [MESSAGE][PASSED] - Text '76102' is set on object 'Object Repository/CERTPAY_QUICKSTI/Payment_Information_Page/ZIP_CODE'

2020-09-08 16:19:46 - [MESSAGE][PASSED] - Quicksti.ts:Entered'76102 into zipcode

2020-09-08 16:19:46 - [TEST_STEP][PASSED] - utilities.SafeActions.safeType(findTestObject("CERTPAY_QUICKSTI/Payment_Information_Page/TELEPHONE"), telephone, "Telephone", [pageLoadTime]): Quicksti.ts:Entered'9988776655 into Telephone

2020-09-08 16:19:46 - [MESSAGE][PASSED] - Object 'Object Repository/CERTPAY_QUICKSTI/Payment_Information_Page/TELEPHONE' is present

2020-09-08 16:19:47 - [MESSAGE][PASSED] - Object 'Object Repository/CERTPAY_QUICKSTI/Payment_Information_Page/TELEPHONE' is visible

2020-09-08 16:19:47 - [MESSAGE][PASSED] - Object 'Object Repository/CERTPAY_QUICKSTI/Payment_Information_Page/TELEPHONE' is present

2020-09-08 16:19:48 - [MESSAGE][PASSED] - Text '9988776655' is set on object 'Object Repository/CERTPAY_QUICKSTI/Payment_Information_Page/TELEPHONE'

2020-09-08 16:19:48 - [MESSAGE][PASSED] - Quicksti.ts:Entered'9988776655 into Telephone

2020-09-08 16:19:48 - [TEST_STEP][PASSED] - utilities.SafeActions.safeType(findTestObject("CERTPAY_QUICKSTI/Payment_Information_Page/EMAIL_ADDRESS"), emailAddress, "EMAIL address", [pageLoadTime]): Quicksti.ts:Entered'testing@zenq.com into EMAIL address

2020-09-08 16:19:49 - [MESSAGE][PASSED] - Object 'Object Repository/CERTPAY_QUICKSTI/Payment_Information_Page/EMAIL_ADDRESS' is present

2020-09-08 16:19:49 - [MESSAGE][PASSED] - Object 'Object Repository/CERTPAY_QUICKSTI/Payment_Information_Page/EMAIL_ADDRESS' is visible

2020-09-08 16:19:49 - [MESSAGE][PASSED] - Object 'Object Repository/CERTPAY_QUICKSTI/Payment_Information_Page/EMAIL_ADDRESS' is present

2020-09-08 16:19:51 - [MESSAGE][PASSED] - Text 'testing@zenq.com' is set on object 'Object Repository/CERTPAY_QUICKSTI/Payment_Information_Page/EMAIL_ADDRESS'

2020-09-08 16:19:51 - [MESSAGE][PASSED] - Quicksti.ts:Entered'testing@zenq.com into EMAIL address

2020-09-08 16:19:51 - [TEST_STEP][PASSED] - utilities.SafeActions.safeClick(findTestObject("CERTPAY_QUICKSTI/Payment_Information_Page/NEXT_BUTTON"), "Next", [pageLoadTime]): Quicksti.ts:Clicked on the Next

2020-09-08 16:19:51 - [MESSAGE][INFO] - safeClicking

2020-09-08 16:19:51 - [MESSAGE][PASSED] - Object 'Object Repository/CERTPAY_QUICKSTI/Payment_Information_Page/NEXT_BUTTON' is present

2020-09-08 16:19:51 - [MESSAGE][PASSED] - Object 'Object Repository/CERTPAY_QUICKSTI/Payment_Information_Page/NEXT_BUTTON' is clickable

2020-09-08 16:19:54 - [MESSAGE][PASSED] - Object: 'Object Repository/CERTPAY_QUICKSTI/Payment_Information_Page/NEXT_BUTTON' is clicked on

2020-09-08 16:19:54 - [MESSAGE][PASSED] - Quicksti.ts:Clicked on the Next

2020-09-08 16:19:54 - [TEST_STEP][PASSED] - pages.Quicksti.verifyUserPaymentDetails(paymentAmount, firstName, lastName, CardNumber): pages.Quicksti.verifyUserPaymentDetails is PASSED

2020-09-08 16:19:55 - [MESSAGE][PASSED] - Text of object 'Object Repository/CERTPAY_QUICKSTI/Payment_Details_Verification_Page/AMOUNT' is: '$20.00'

2020-09-08 16:19:55 - [MESSAGE][PASSED] - Actual text '20.00' and expected text '20.00' are matched  using regular expression

2020-09-08 16:19:55 - [MESSAGE][PASSED] - Text of object 'Object Repository/CERTPAY_QUICKSTI/Payment_Details_Verification_Page/NAME' is: 'Tester Zenq1'

2020-09-08 16:19:55 - [MESSAGE][PASSED] - Actual text 'Tester Zenq1' and expected text 'Tester Zenq1' are matched  using regular expression

2020-09-08 16:19:56 - [MESSAGE][PASSED] - Text of object 'Object Repository/CERTPAY_QUICKSTI/Payment_Details_Verification_Page/CARD_NUMBER' is: '...0135'

2020-09-08 16:19:56 - [MESSAGE][PASSED] - Actual text '0135' and expected text '0135' are matched  using regular expression

2020-09-08 16:19:56 - [MESSAGE][PASSED] - pages.Quicksti.verifyUserPaymentDetails is PASSED

2020-09-08 16:19:56 - [TEST_STEP][PASSED] - delay(2): Delayed 2 second(s)

2020-09-08 16:19:58 - [MESSAGE][PASSED] - Delayed 2 second(s)

2020-09-08 16:19:58 - [TEST_STEP][PASSED] - scrollToElement(findTestObject("CERTPAY_QUICKSTI/Payment_Details_Verification_Page/PROCESS"), 0): Scroll to object 'Object Repository/CERTPAY_QUICKSTI/Payment_Details_Verification_Page/PROCESS' successfully

2020-09-08 16:19:58 - [MESSAGE][WARNING] - Timeout '0' is invalid. Using default page load timeout: '30'

2020-09-08 16:19:58 - [MESSAGE][PASSED] - Scroll to object 'Object Repository/CERTPAY_QUICKSTI/Payment_Details_Verification_Page/PROCESS' successfully

2020-09-08 16:19:58 - [TEST_STEP][PASSED] - utilities.SafeActions.safeClick(findTestObject("CERTPAY_QUICKSTI/Payment_Details_Verification_Page/PROCESS"), "Process", [pageLoadTime]): Quicksti.ts:Clicked on the Process

2020-09-08 16:19:58 - [MESSAGE][INFO] - safeClicking

2020-09-08 16:19:58 - [MESSAGE][PASSED] - Object 'Object Repository/CERTPAY_QUICKSTI/Payment_Details_Verification_Page/PROCESS' is present

2020-09-08 16:19:59 - [MESSAGE][PASSED] - Object 'Object Repository/CERTPAY_QUICKSTI/Payment_Details_Verification_Page/PROCESS' is clickable

2020-09-08 16:20:03 - [MESSAGE][PASSED] - Object: 'Object Repository/CERTPAY_QUICKSTI/Payment_Details_Verification_Page/PROCESS' is clicked on

2020-09-08 16:20:03 - [MESSAGE][PASSED] - Quicksti.ts:Clicked on the Process

2020-09-08 16:20:03 - [TEST_STEP][PASSED] - paymentId = pages.Quicksti.verifyPaymentApproval(findTestObject("CERTPAY_QUICKSTI/Payment_Details_Verification_Page/APPROVED")): Payment is approved

2020-09-08 16:20:03 - [MESSAGE][PASSED] - Text of object 'Object Repository/CERTPAY_QUICKSTI/Payment_Details_Verification_Page/PAYMENT_ID' is: '100176112279'

2020-09-08 16:20:04 - [MESSAGE][PASSED] - Object 'Object Repository/CERTPAY_QUICKSTI/Payment_Details_Verification_Page/APPROVED' is present

2020-09-08 16:20:04 - [MESSAGE][PASSED] - Payment is approved

2020-09-08 16:20:06 - [TEST_STEP][PASSED] - navigateToUrl(Admin_url): Navigate to 'https://qa-certpayadmin.faps.net' successfully

2020-09-08 16:20:10 - [MESSAGE][PASSED] - Navigate to 'https://qa-certpayadmin.faps.net' successfully

2020-09-08 16:20:11 - [TEST_STEP][PASSED] - pages.Bureau_Login_Page.loginToAdminSite(AdminUsername, AdminPassword): Quicksti.ts:Clicked on the LOGIN

2020-09-08 16:20:11 - [MESSAGE][PASSED] - Object 'Object Repository/CERTPAY_ADMIN/USER_NAME' is present

2020-09-08 16:20:11 - [MESSAGE][PASSED] - Object 'Object Repository/CERTPAY_ADMIN/USER_NAME' is visible

2020-09-08 16:20:12 - [MESSAGE][PASSED] - Object 'Object Repository/CERTPAY_ADMIN/USER_NAME' is present

2020-09-08 16:20:13 - [MESSAGE][PASSED] - Text 'VVangiliappan' is set on object 'Object Repository/CERTPAY_ADMIN/USER_NAME'

2020-09-08 16:20:13 - [MESSAGE][PASSED] - Quicksti.ts:Entered'VVangiliappan into username

2020-09-08 16:20:13 - [MESSAGE][PASSED] - Object 'Object Repository/CERTPAY_ADMIN/PASSWORD' is present

2020-09-08 16:20:14 - [MESSAGE][PASSED] - Object 'Object Repository/CERTPAY_ADMIN/PASSWORD' is visible

2020-09-08 16:20:14 - [MESSAGE][PASSED] - Object 'Object Repository/CERTPAY_ADMIN/PASSWORD' is present

2020-09-08 16:20:15 - [MESSAGE][PASSED] - Text 'Knila@12345' is set on object 'Object Repository/CERTPAY_ADMIN/PASSWORD'

2020-09-08 16:20:15 - [MESSAGE][PASSED] - Quicksti.ts:Entered'Knila@12345 into password

2020-09-08 16:20:15 - [MESSAGE][INFO] - safeClicking

2020-09-08 16:20:16 - [MESSAGE][PASSED] - Object 'Object Repository/CERTPAY_ADMIN/LOGIN_BUTTON' is present

2020-09-08 16:20:16 - [MESSAGE][PASSED] - Object 'Object Repository/CERTPAY_ADMIN/LOGIN_BUTTON' is clickable

2020-09-08 16:20:20 - [MESSAGE][PASSED] - Object: 'Object Repository/CERTPAY_ADMIN/LOGIN_BUTTON' is clicked on

2020-09-08 16:20:20 - [MESSAGE][PASSED] - Quicksti.ts:Clicked on the LOGIN

2020-09-08 16:20:20 - [TEST_STEP][PASSED] - utilities.SafeActions.safeClick(findTestObject("CERTPAY_ADMIN/TRANSACTION_SEARCH"), "TransactionSearch", [pageLoadTime]): Quicksti.ts:Clicked on the TransactionSearch

2020-09-08 16:20:20 - [MESSAGE][INFO] - safeClicking

2020-09-08 16:20:27 - [MESSAGE][PASSED] - Object 'Object Repository/CERTPAY_ADMIN/TRANSACTION_SEARCH' is present

2020-09-08 16:20:27 - [MESSAGE][PASSED] - Object 'Object Repository/CERTPAY_ADMIN/TRANSACTION_SEARCH' is clickable

2020-09-08 16:20:38 - [MESSAGE][PASSED] - Object: 'Object Repository/CERTPAY_ADMIN/TRANSACTION_SEARCH' is clicked on

2020-09-08 16:20:38 - [MESSAGE][PASSED] - Quicksti.ts:Clicked on the TransactionSearch

2020-09-08 16:20:38 - [TEST_STEP][PASSED] - utilities.SafeActions.safeType(findTestObject("CERTPAY_ADMIN/PAYMENT_ID"), paymentId, "Payment id", [pageLoadTime]): Quicksti.ts:Entered'100176112279 into Payment id

2020-09-08 16:20:38 - [MESSAGE][PASSED] - Object 'Object Repository/CERTPAY_ADMIN/PAYMENT_ID' is present

2020-09-08 16:20:39 - [MESSAGE][PASSED] - Object 'Object Repository/CERTPAY_ADMIN/PAYMENT_ID' is visible

2020-09-08 16:20:39 - [MESSAGE][PASSED] - Object 'Object Repository/CERTPAY_ADMIN/PAYMENT_ID' is present

2020-09-08 16:20:40 - [MESSAGE][PASSED] - Text '100176112279' is set on object 'Object Repository/CERTPAY_ADMIN/PAYMENT_ID'

2020-09-08 16:20:40 - [MESSAGE][PASSED] - Quicksti.ts:Entered'100176112279 into Payment id

2020-09-08 16:20:40 - [TEST_STEP][PASSED] - utilities.SafeActions.safeClick(findTestObject("CERTPAY_ADMIN/GO_BUTTON"), "Go button", [pageLoadTime]): Quicksti.ts:Clicked on the Go button

2020-09-08 16:20:40 - [MESSAGE][INFO] - safeClicking

2020-09-08 16:20:40 - [MESSAGE][PASSED] - Object 'Object Repository/CERTPAY_ADMIN/GO_BUTTON' is present

2020-09-08 16:20:41 - [MESSAGE][PASSED] - Object 'Object Repository/CERTPAY_ADMIN/GO_BUTTON' is clickable

2020-09-08 16:20:46 - [MESSAGE][PASSED] - Object: 'Object Repository/CERTPAY_ADMIN/GO_BUTTON' is clicked on

2020-09-08 16:20:46 - [MESSAGE][PASSED] - Quicksti.ts:Clicked on the Go button

2020-09-08 16:20:46 - [TEST_STEP][PASSED] - delay(5): Delayed 5 second(s)

2020-09-08 16:20:51 - [MESSAGE][PASSED] - Delayed 5 second(s)

2020-09-08 16:20:51 - [TEST_STEP][PASSED] - scrollToPosition(800, 900): Browser is scrolled to position x = 800, y = 900

2020-09-08 16:20:51 - [MESSAGE][PASSED] - Browser is scrolled to position x = 800, y = 900

2020-09-08 16:20:51 - [TEST_STEP][PASSED] - paymentIdList.add(paymentId): null

2020-09-08 16:20:51 - [TEST_STEP][PASSED] - println(paymentIdList): null

2020-09-08 16:20:51 - [TEST_STEP][PASSED] - firstName = data.getValue("FirstName", index): null

2020-09-08 16:20:51 - [TEST_STEP][PASSED] - lastName = data.getValue("LastName", index): null

2020-09-08 16:20:51 - [TEST_STEP][PASSED] - expMonth = data.getValue("ExpMonth", index): null

2020-09-08 16:20:51 - [TEST_STEP][PASSED] - expYear = data.getValue("ExpYear", index): null

2020-09-08 16:20:51 - [TEST_STEP][PASSED] - securityCode = data.getValue("SecurityCode", index): null

2020-09-08 16:20:51 - [TEST_STEP][PASSED] - paymentAmount = data.getValue("PaymentAmount", index): null

2020-09-08 16:20:51 - [TEST_STEP][PASSED] - paymentType = data.getValue("PaymentType", index): null

2020-09-08 16:20:51 - [TEST_STEP][PASSED] - quantity = data.getValue("Quantity", index): null

2020-09-08 16:20:51 - [TEST_STEP][PASSED] - comments = data.getValue("Comments", index): null

2020-09-08 16:20:51 - [TEST_STEP][PASSED] - referenceNum = data.getValue("ReferenceNum", index): null

2020-09-08 16:20:51 - [TEST_STEP][PASSED] - address = data.getValue("Address", index): null

2020-09-08 16:20:51 - [TEST_STEP][PASSED] - zipCode = data.getValue("Zipcode", index): null

2020-09-08 16:20:51 - [TEST_STEP][PASSED] - telephone = data.getValue("Telephone", index): null

2020-09-08 16:20:51 - [TEST_STEP][PASSED] - emailAddress = data.getValue("EmailAddress", index): null

2020-09-08 16:20:51 - [TEST_STEP][PASSED] - cardNum = data.getValue("CardNumber", index): null

2020-09-08 16:20:51 - [TEST_STEP][PASSED] - cardType = data.getValue("CardType", index): null

2020-09-08 16:20:51 - [TEST_STEP][PASSED] - utilities.SafeActions.openBrowser(Quicksti_Url, [pageLoadTime]): Browser launched successfully

2020-09-08 16:20:51 - [MESSAGE][INFO] - Opening Browser

2020-09-08 16:20:51 - [MESSAGE][WARNING] - A browser is already opened. Closing browser and opening a new one

2020-09-08 16:21:00 - [MESSAGE][INFO] - Starting 'Chrome' driver

2020-09-08 16:21:17 - [MESSAGE][PASSED] - Browser is opened with url: 'https://qa-certpayquicksti.faps.net/'

2020-09-08 16:21:19 - [MESSAGE][PASSED] - Current window maximized

2020-09-08 16:21:19 - [MESSAGE][PASSED] - Browser launched successfully

2020-09-08 16:21:19 - [TEST_STEP][PASSED] - utilities.SafeActions.safeType(findTestObject("CERTPAY_QUICKSTI/Login_ Page/BUREAU_CODE"), bureau_code, "Bureau code", [pageLoadTime]): Quicksti.ts:Entered'6100000 into Bureau code

2020-09-08 16:21:19 - [MESSAGE][PASSED] - Object 'Object Repository/CERTPAY_QUICKSTI/Login_ Page/BUREAU_CODE' is present

2020-09-08 16:21:20 - [MESSAGE][PASSED] - Object 'Object Repository/CERTPAY_QUICKSTI/Login_ Page/BUREAU_CODE' is visible

2020-09-08 16:21:20 - [MESSAGE][PASSED] - Object 'Object Repository/CERTPAY_QUICKSTI/Login_ Page/BUREAU_CODE' is present

2020-09-08 16:21:21 - [MESSAGE][PASSED] - Text '6100000' is set on object 'Object Repository/CERTPAY_QUICKSTI/Login_ Page/BUREAU_CODE'

2020-09-08 16:21:21 - [MESSAGE][PASSED] - Quicksti.ts:Entered'6100000 into Bureau code

2020-09-08 16:21:21 - [TEST_STEP][PASSED] - utilities.SafeActions.safeType(findTestObject("CERTPAY_QUICKSTI/Login_ Page/TELLER_ID"), teller_id, "Bureau code", [pageLoadTime]): Quicksti.ts:Entered'zenq into Bureau code

2020-09-08 16:21:22 - [MESSAGE][PASSED] - Object 'Object Repository/CERTPAY_QUICKSTI/Login_ Page/TELLER_ID' is present

2020-09-08 16:21:22 - [MESSAGE][PASSED] - Object 'Object Repository/CERTPAY_QUICKSTI/Login_ Page/TELLER_ID' is visible

2020-09-08 16:21:22 - [MESSAGE][PASSED] - Object 'Object Repository/CERTPAY_QUICKSTI/Login_ Page/TELLER_ID' is present

2020-09-08 16:21:24 - [MESSAGE][PASSED] - Text 'zenq' is set on object 'Object Repository/CERTPAY_QUICKSTI/Login_ Page/TELLER_ID'

2020-09-08 16:21:24 - [MESSAGE][PASSED] - Quicksti.ts:Entered'zenq into Bureau code

2020-09-08 16:21:24 - [TEST_STEP][PASSED] - utilities.SafeActions.safeClick(findTestObject("CERTPAY_QUICKSTI/Login_ Page/NEXT_BUTTON"), "Next button", [pageLoadTime]): Quicksti.ts:Clicked on the Next button

2020-09-08 16:21:24 - [MESSAGE][INFO] - safeClicking

2020-09-08 16:21:24 - [MESSAGE][PASSED] - Object 'Object Repository/CERTPAY_QUICKSTI/Login_ Page/NEXT_BUTTON' is present

2020-09-08 16:21:24 - [MESSAGE][PASSED] - Object 'Object Repository/CERTPAY_QUICKSTI/Login_ Page/NEXT_BUTTON' is clickable

2020-09-08 16:21:28 - [MESSAGE][PASSED] - Object: 'Object Repository/CERTPAY_QUICKSTI/Login_ Page/NEXT_BUTTON' is clicked on

2020-09-08 16:21:28 - [MESSAGE][PASSED] - Quicksti.ts:Clicked on the Next button

2020-09-08 16:21:28 - [TEST_STEP][PASSED] - utilities.SafeActions.safeClick(findTestObject("CERTPAY_QUICKSTI/Payment_Information_Page/MANUAL_ENTRY_BUTTON"), "ManualEntry", [pageLoadTime]): Quicksti.ts:Clicked on the ManualEntry

2020-09-08 16:21:29 - [MESSAGE][INFO] - safeClicking

2020-09-08 16:21:29 - [MESSAGE][PASSED] - Object 'Object Repository/CERTPAY_QUICKSTI/Payment_Information_Page/MANUAL_ENTRY_BUTTON' is present

2020-09-08 16:21:29 - [MESSAGE][PASSED] - Object 'Object Repository/CERTPAY_QUICKSTI/Payment_Information_Page/MANUAL_ENTRY_BUTTON' is clickable

2020-09-08 16:21:31 - [MESSAGE][PASSED] - Object: 'Object Repository/CERTPAY_QUICKSTI/Payment_Information_Page/MANUAL_ENTRY_BUTTON' is clicked on

2020-09-08 16:21:31 - [MESSAGE][PASSED] - Quicksti.ts:Clicked on the ManualEntry

2020-09-08 16:21:31 - [TEST_STEP][PASSED] - CardNumber = pages.Quicksti.setUserPaymentDetails(firstName, lastName, cardNum): Quicksti.ts:Entered'5154623208647646 into CardNum

2020-09-08 16:21:32 - [MESSAGE][PASSED] - Object 'Object Repository/CERTPAY_QUICKSTI/Payment_Information_Page/FIRST_NAME' is present

2020-09-08 16:21:32 - [MESSAGE][PASSED] - Object 'Object Repository/CERTPAY_QUICKSTI/Payment_Information_Page/FIRST_NAME' is visible

2020-09-08 16:21:32 - [MESSAGE][PASSED] - Object 'Object Repository/CERTPAY_QUICKSTI/Payment_Information_Page/FIRST_NAME' is present

2020-09-08 16:21:34 - [MESSAGE][PASSED] - Text 'Tester' is set on object 'Object Repository/CERTPAY_QUICKSTI/Payment_Information_Page/FIRST_NAME'

2020-09-08 16:21:34 - [MESSAGE][PASSED] - Quicksti.ts:Entered'Tester into FirstName

2020-09-08 16:21:34 - [MESSAGE][PASSED] - Object 'Object Repository/CERTPAY_QUICKSTI/Payment_Information_Page/LAST_NAME' is present

2020-09-08 16:21:34 - [MESSAGE][PASSED] - Object 'Object Repository/CERTPAY_QUICKSTI/Payment_Information_Page/LAST_NAME' is visible

2020-09-08 16:21:35 - [MESSAGE][PASSED] - Object 'Object Repository/CERTPAY_QUICKSTI/Payment_Information_Page/LAST_NAME' is present

2020-09-08 16:21:36 - [MESSAGE][PASSED] - Text 'Zenq1' is set on object 'Object Repository/CERTPAY_QUICKSTI/Payment_Information_Page/LAST_NAME'

2020-09-08 16:21:36 - [MESSAGE][PASSED] - Quicksti.ts:Entered'Zenq1 into LAstName

2020-09-08 16:21:36 - [MESSAGE][PASSED] - Object 'Object Repository/CERTPAY_QUICKSTI/Payment_Information_Page/CARD_NUMBER' is present

2020-09-08 16:21:37 - [MESSAGE][PASSED] - Object 'Object Repository/CERTPAY_QUICKSTI/Payment_Information_Page/CARD_NUMBER' is visible

2020-09-08 16:21:37 - [MESSAGE][PASSED] - Object 'Object Repository/CERTPAY_QUICKSTI/Payment_Information_Page/CARD_NUMBER' is present

2020-09-08 16:21:38 - [MESSAGE][PASSED] - Text '5154623208647646' is set on object 'Object Repository/CERTPAY_QUICKSTI/Payment_Information_Page/CARD_NUMBER'

2020-09-08 16:21:38 - [MESSAGE][PASSED] - Quicksti.ts:Entered'5154623208647646 into CardNum

2020-09-08 16:21:38 - [TEST_STEP][PASSED] - utilities.SafeActions.safeSelectOptionInDropdownByVisibleText(findTestObject("CERTPAY_QUICKSTI/Payment_Information_Page/PAYMENT_TYPE"), paymentType, "paymentType", [pageLoadTime]): selected dropdown option by visible text  Giftsfrom paymentType

2020-09-08 16:21:39 - [MESSAGE][PASSED] - Object 'Object Repository/CERTPAY_QUICKSTI/Payment_Information_Page/PAYMENT_TYPE' is visible

2020-09-08 16:21:39 - [MESSAGE][PASSED] - Object 'Object Repository/CERTPAY_QUICKSTI/Payment_Information_Page/PAYMENT_TYPE' is present

2020-09-08 16:21:40 - [MESSAGE][PASSED] - Object: 'Object Repository/CERTPAY_QUICKSTI/Payment_Information_Page/PAYMENT_TYPE' is clicked on

2020-09-08 16:21:41 - [MESSAGE][PASSED] - All options with label 'Gifts' are selected in object 'Object Repository/CERTPAY_QUICKSTI/Payment_Information_Page/PAYMENT_TYPE'  using regular expression

2020-09-08 16:21:41 - [MESSAGE][PASSED] - selected dropdown option by visible text  Giftsfrom paymentType

2020-09-08 16:21:41 - [TEST_STEP][PASSED] - pages.Quicksti.setExpDate(expMonth, expYear, securityCode): Quicksti.ts:Entered'207 into securityCode

2020-09-08 16:21:42 - [MESSAGE][PASSED] - Object 'Object Repository/CERTPAY_QUICKSTI/Payment_Information_Page/EXP_MONTH' is visible

2020-09-08 16:21:42 - [MESSAGE][PASSED] - Object 'Object Repository/CERTPAY_QUICKSTI/Payment_Information_Page/EXP_MONTH' is present

2020-09-08 16:21:43 - [MESSAGE][PASSED] - Object: 'Object Repository/CERTPAY_QUICKSTI/Payment_Information_Page/EXP_MONTH' is clicked on

2020-09-08 16:21:45 - [MESSAGE][PASSED] - All options with label '04' are selected in object 'Object Repository/CERTPAY_QUICKSTI/Payment_Information_Page/EXP_MONTH'  using regular expression

2020-09-08 16:21:45 - [MESSAGE][PASSED] - selected dropdown option by visible text  04from expMonth

2020-09-08 16:21:45 - [MESSAGE][PASSED] - Object 'Object Repository/CERTPAY_QUICKSTI/Payment_Information_Page/EXP_YEAR' is visible

2020-09-08 16:21:45 - [MESSAGE][PASSED] - Object 'Object Repository/CERTPAY_QUICKSTI/Payment_Information_Page/EXP_YEAR' is present

2020-09-08 16:21:47 - [MESSAGE][PASSED] - Object: 'Object Repository/CERTPAY_QUICKSTI/Payment_Information_Page/EXP_YEAR' is clicked on

2020-09-08 16:21:48 - [MESSAGE][PASSED] - All options with label '2023' are selected in object 'Object Repository/CERTPAY_QUICKSTI/Payment_Information_Page/EXP_YEAR'  using regular expression

2020-09-08 16:21:48 - [MESSAGE][PASSED] - selected dropdown option by visible text  2023from  expYear

2020-09-08 16:21:48 - [MESSAGE][PASSED] - Object 'Object Repository/CERTPAY_QUICKSTI/Payment_Information_Page/SECURITY_CODE' is present

2020-09-08 16:21:49 - [MESSAGE][PASSED] - Object 'Object Repository/CERTPAY_QUICKSTI/Payment_Information_Page/SECURITY_CODE' is visible

2020-09-08 16:21:49 - [MESSAGE][PASSED] - Object 'Object Repository/CERTPAY_QUICKSTI/Payment_Information_Page/SECURITY_CODE' is present

2020-09-08 16:21:50 - [MESSAGE][PASSED] - Text '207' is set on object 'Object Repository/CERTPAY_QUICKSTI/Payment_Information_Page/SECURITY_CODE'

2020-09-08 16:21:50 - [MESSAGE][PASSED] - Quicksti.ts:Entered'207 into securityCode

2020-09-08 16:21:50 - [TEST_STEP][PASSED] - pages.Quicksti.setPaymentAmountDetailsForSinglePayment(paymentAmount, quantity): Quicksti.ts:Entered'2 into Quantity

2020-09-08 16:21:51 - [MESSAGE][PASSED] - Object 'Object Repository/CERTPAY_QUICKSTI/Payment_Information_Page/PAYMENT_AMOUNT' is present

2020-09-08 16:21:51 - [MESSAGE][PASSED] - Object 'Object Repository/CERTPAY_QUICKSTI/Payment_Information_Page/PAYMENT_AMOUNT' is visible

2020-09-08 16:21:51 - [MESSAGE][PASSED] - Object 'Object Repository/CERTPAY_QUICKSTI/Payment_Information_Page/PAYMENT_AMOUNT' is present

2020-09-08 16:21:53 - [MESSAGE][PASSED] - Text '25.00' is set on object 'Object Repository/CERTPAY_QUICKSTI/Payment_Information_Page/PAYMENT_AMOUNT'

2020-09-08 16:21:53 - [MESSAGE][PASSED] - Quicksti.ts:Entered'25.00 into amount

2020-09-08 16:21:53 - [MESSAGE][PASSED] - Object 'Object Repository/CERTPAY_QUICKSTI/Payment_Information_Page/QUANTITY' is present

2020-09-08 16:21:53 - [MESSAGE][PASSED] - Object 'Object Repository/CERTPAY_QUICKSTI/Payment_Information_Page/QUANTITY' is visible

2020-09-08 16:21:54 - [MESSAGE][PASSED] - Object 'Object Repository/CERTPAY_QUICKSTI/Payment_Information_Page/QUANTITY' is present

2020-09-08 16:21:55 - [MESSAGE][PASSED] - Text '2' is set on object 'Object Repository/CERTPAY_QUICKSTI/Payment_Information_Page/QUANTITY'

2020-09-08 16:21:55 - [MESSAGE][PASSED] - Quicksti.ts:Entered'2 into Quantity

2020-09-08 16:21:55 - [TEST_STEP][PASSED] - utilities.SafeActions.safeType(findTestObject("CERTPAY_QUICKSTI/Payment_Information_Page/REFRENCE_NUMBER"), referenceNum, "Reference Number", [pageLoadTime]): Quicksti.ts:Entered'12 into Reference Number

2020-09-08 16:21:55 - [MESSAGE][PASSED] - Object 'Object Repository/CERTPAY_QUICKSTI/Payment_Information_Page/REFRENCE_NUMBER' is present

2020-09-08 16:21:56 - [MESSAGE][PASSED] - Object 'Object Repository/CERTPAY_QUICKSTI/Payment_Information_Page/REFRENCE_NUMBER' is visible

2020-09-08 16:21:56 - [MESSAGE][PASSED] - Object 'Object Repository/CERTPAY_QUICKSTI/Payment_Information_Page/REFRENCE_NUMBER' is present

2020-09-08 16:21:57 - [MESSAGE][PASSED] - Text '12' is set on object 'Object Repository/CERTPAY_QUICKSTI/Payment_Information_Page/REFRENCE_NUMBER'

2020-09-08 16:21:57 - [MESSAGE][PASSED] - Quicksti.ts:Entered'12 into Reference Number

2020-09-08 16:21:57 - [TEST_STEP][PASSED] - amount_Value = pages.Quicksti.getAttributeValue(findTestObject("CERTPAY_QUICKSTI/Payment_Information_Page/SUB_TOTAL")): pages.Quicksti.getAttributeValue is PASSED

2020-09-08 16:21:57 - [MESSAGE][PASSED] - Attribute 'value' of object 'Object Repository/CERTPAY_QUICKSTI/Payment_Information_Page/SUB_TOTAL' is: '50.00'

2020-09-08 16:21:57 - [MESSAGE][PASSED] - pages.Quicksti.getAttributeValue is PASSED

2020-09-08 16:21:57 - [TEST_STEP][PASSED] - utilities.SafeActions.safeType(findTestObject("CERTPAY_QUICKSTI/Payment_Information_Page/COMMENTS"), "Testing", "Comments", [pageLoadTime]): Quicksti.ts:Entered'Testing into Comments

2020-09-08 16:21:58 - [MESSAGE][PASSED] - Object 'Object Repository/CERTPAY_QUICKSTI/Payment_Information_Page/COMMENTS' is present

2020-09-08 16:21:58 - [MESSAGE][PASSED] - Object 'Object Repository/CERTPAY_QUICKSTI/Payment_Information_Page/COMMENTS' is visible

2020-09-08 16:21:58 - [MESSAGE][PASSED] - Object 'Object Repository/CERTPAY_QUICKSTI/Payment_Information_Page/COMMENTS' is present

2020-09-08 16:22:00 - [MESSAGE][PASSED] - Text 'Testing' is set on object 'Object Repository/CERTPAY_QUICKSTI/Payment_Information_Page/COMMENTS'

2020-09-08 16:22:00 - [MESSAGE][PASSED] - Quicksti.ts:Entered'Testing into Comments

2020-09-08 16:22:00 - [TEST_STEP][PASSED] - utilities.SafeActions.safeType(findTestObject("CERTPAY_QUICKSTI/Payment_Information_Page/ADDRESS"), address, "Address", [pageLoadTime]): Quicksti.ts:Entered'14-2 into Address

2020-09-08 16:22:00 - [MESSAGE][PASSED] - Object 'Object Repository/CERTPAY_QUICKSTI/Payment_Information_Page/ADDRESS' is present

2020-09-08 16:22:00 - [MESSAGE][PASSED] - Object 'Object Repository/CERTPAY_QUICKSTI/Payment_Information_Page/ADDRESS' is visible

2020-09-08 16:22:01 - [MESSAGE][PASSED] - Object 'Object Repository/CERTPAY_QUICKSTI/Payment_Information_Page/ADDRESS' is present

2020-09-08 16:22:02 - [MESSAGE][PASSED] - Text '14-2' is set on object 'Object Repository/CERTPAY_QUICKSTI/Payment_Information_Page/ADDRESS'

2020-09-08 16:22:02 - [MESSAGE][PASSED] - Quicksti.ts:Entered'14-2 into Address

2020-09-08 16:22:02 - [TEST_STEP][PASSED] - utilities.SafeActions.safeType(findTestObject("CERTPAY_QUICKSTI/Payment_Information_Page/ZIP_CODE"), zipCode, "zipcode", [pageLoadTime]): Quicksti.ts:Entered'76102 into zipcode

2020-09-08 16:22:02 - [MESSAGE][PASSED] - Object 'Object Repository/CERTPAY_QUICKSTI/Payment_Information_Page/ZIP_CODE' is present

2020-09-08 16:22:02 - [MESSAGE][PASSED] - Object 'Object Repository/CERTPAY_QUICKSTI/Payment_Information_Page/ZIP_CODE' is visible

2020-09-08 16:22:03 - [MESSAGE][PASSED] - Object 'Object Repository/CERTPAY_QUICKSTI/Payment_Information_Page/ZIP_CODE' is present

2020-09-08 16:22:04 - [MESSAGE][PASSED] - Text '76102' is set on object 'Object Repository/CERTPAY_QUICKSTI/Payment_Information_Page/ZIP_CODE'

2020-09-08 16:22:04 - [MESSAGE][PASSED] - Quicksti.ts:Entered'76102 into zipcode

2020-09-08 16:22:04 - [TEST_STEP][PASSED] - utilities.SafeActions.safeType(findTestObject("CERTPAY_QUICKSTI/Payment_Information_Page/TELEPHONE"), telephone, "Telephone", [pageLoadTime]): Quicksti.ts:Entered'9989897654 into Telephone

2020-09-08 16:22:04 - [MESSAGE][PASSED] - Object 'Object Repository/CERTPAY_QUICKSTI/Payment_Information_Page/TELEPHONE' is present

2020-09-08 16:22:05 - [MESSAGE][PASSED] - Object 'Object Repository/CERTPAY_QUICKSTI/Payment_Information_Page/TELEPHONE' is visible

2020-09-08 16:22:05 - [MESSAGE][PASSED] - Object 'Object Repository/CERTPAY_QUICKSTI/Payment_Information_Page/TELEPHONE' is present

2020-09-08 16:22:06 - [MESSAGE][PASSED] - Text '9989897654' is set on object 'Object Repository/CERTPAY_QUICKSTI/Payment_Information_Page/TELEPHONE'

2020-09-08 16:22:06 - [MESSAGE][PASSED] - Quicksti.ts:Entered'9989897654 into Telephone

2020-09-08 16:22:06 - [TEST_STEP][PASSED] - utilities.SafeActions.safeType(findTestObject("CERTPAY_QUICKSTI/Payment_Information_Page/EMAIL_ADDRESS"), emailAddress, "EMAIL address", [pageLoadTime]): Quicksti.ts:Entered'testing@zenq.com into EMAIL address

2020-09-08 16:22:07 - [MESSAGE][PASSED] - Object 'Object Repository/CERTPAY_QUICKSTI/Payment_Information_Page/EMAIL_ADDRESS' is present

2020-09-08 16:22:07 - [MESSAGE][PASSED] - Object 'Object Repository/CERTPAY_QUICKSTI/Payment_Information_Page/EMAIL_ADDRESS' is visible

2020-09-08 16:22:07 - [MESSAGE][PASSED] - Object 'Object Repository/CERTPAY_QUICKSTI/Payment_Information_Page/EMAIL_ADDRESS' is present

2020-09-08 16:22:08 - [MESSAGE][PASSED] - Text 'testing@zenq.com' is set on object 'Object Repository/CERTPAY_QUICKSTI/Payment_Information_Page/EMAIL_ADDRESS'

2020-09-08 16:22:08 - [MESSAGE][PASSED] - Quicksti.ts:Entered'testing@zenq.com into EMAIL address

2020-09-08 16:22:08 - [TEST_STEP][PASSED] - utilities.SafeActions.safeClick(findTestObject("CERTPAY_QUICKSTI/Payment_Information_Page/NEXT_BUTTON"), "Next", [pageLoadTime]): Quicksti.ts:Clicked on the Next

2020-09-08 16:22:08 - [MESSAGE][INFO] - safeClicking

2020-09-08 16:22:09 - [MESSAGE][PASSED] - Object 'Object Repository/CERTPAY_QUICKSTI/Payment_Information_Page/NEXT_BUTTON' is present

2020-09-08 16:22:09 - [MESSAGE][PASSED] - Object 'Object Repository/CERTPAY_QUICKSTI/Payment_Information_Page/NEXT_BUTTON' is clickable

2020-09-08 16:22:12 - [MESSAGE][PASSED] - Object: 'Object Repository/CERTPAY_QUICKSTI/Payment_Information_Page/NEXT_BUTTON' is clicked on

2020-09-08 16:22:12 - [MESSAGE][PASSED] - Quicksti.ts:Clicked on the Next

2020-09-08 16:22:12 - [TEST_STEP][PASSED] - pages.Quicksti.verifyUserPaymentDetails(paymentAmount, firstName, lastName, CardNumber): pages.Quicksti.verifyUserPaymentDetails is PASSED

2020-09-08 16:22:13 - [MESSAGE][PASSED] - Text of object 'Object Repository/CERTPAY_QUICKSTI/Payment_Details_Verification_Page/AMOUNT' is: '$25.00'

2020-09-08 16:22:13 - [MESSAGE][PASSED] - Actual text '25.00' and expected text '25.00' are matched  using regular expression

2020-09-08 16:22:13 - [MESSAGE][PASSED] - Text of object 'Object Repository/CERTPAY_QUICKSTI/Payment_Details_Verification_Page/NAME' is: 'Tester Zenq1'

2020-09-08 16:22:13 - [MESSAGE][PASSED] - Actual text 'Tester Zenq1' and expected text 'Tester Zenq1' are matched  using regular expression

2020-09-08 16:22:14 - [MESSAGE][PASSED] - Text of object 'Object Repository/CERTPAY_QUICKSTI/Payment_Details_Verification_Page/CARD_NUMBER' is: '...7646'

2020-09-08 16:22:14 - [MESSAGE][PASSED] - Actual text '7646' and expected text '7646' are matched  using regular expression

2020-09-08 16:22:14 - [MESSAGE][PASSED] - pages.Quicksti.verifyUserPaymentDetails is PASSED

2020-09-08 16:22:14 - [TEST_STEP][PASSED] - delay(2): Delayed 2 second(s)

2020-09-08 16:22:16 - [MESSAGE][PASSED] - Delayed 2 second(s)

2020-09-08 16:22:16 - [TEST_STEP][PASSED] - scrollToElement(findTestObject("CERTPAY_QUICKSTI/Payment_Details_Verification_Page/PROCESS"), 0): Scroll to object 'Object Repository/CERTPAY_QUICKSTI/Payment_Details_Verification_Page/PROCESS' successfully

2020-09-08 16:22:16 - [MESSAGE][WARNING] - Timeout '0' is invalid. Using default page load timeout: '30'

2020-09-08 16:22:16 - [MESSAGE][PASSED] - Scroll to object 'Object Repository/CERTPAY_QUICKSTI/Payment_Details_Verification_Page/PROCESS' successfully

2020-09-08 16:22:16 - [TEST_STEP][PASSED] - utilities.SafeActions.safeClick(findTestObject("CERTPAY_QUICKSTI/Payment_Details_Verification_Page/PROCESS"), "Process", [pageLoadTime]): Quicksti.ts:Clicked on the Process

2020-09-08 16:22:16 - [MESSAGE][INFO] - safeClicking

2020-09-08 16:22:16 - [MESSAGE][PASSED] - Object 'Object Repository/CERTPAY_QUICKSTI/Payment_Details_Verification_Page/PROCESS' is present

2020-09-08 16:22:17 - [MESSAGE][PASSED] - Object 'Object Repository/CERTPAY_QUICKSTI/Payment_Details_Verification_Page/PROCESS' is clickable

2020-09-08 16:22:21 - [MESSAGE][PASSED] - Object: 'Object Repository/CERTPAY_QUICKSTI/Payment_Details_Verification_Page/PROCESS' is clicked on

2020-09-08 16:22:21 - [MESSAGE][PASSED] - Quicksti.ts:Clicked on the Process

2020-09-08 16:22:21 - [TEST_STEP][PASSED] - paymentId = pages.Quicksti.verifyPaymentApproval(findTestObject("CERTPAY_QUICKSTI/Payment_Details_Verification_Page/APPROVED")): Payment is approved

2020-09-08 16:22:22 - [MESSAGE][PASSED] - Text of object 'Object Repository/CERTPAY_QUICKSTI/Payment_Details_Verification_Page/PAYMENT_ID' is: '100176112283'

2020-09-08 16:22:22 - [MESSAGE][PASSED] - Object 'Object Repository/CERTPAY_QUICKSTI/Payment_Details_Verification_Page/APPROVED' is present

2020-09-08 16:22:22 - [MESSAGE][PASSED] - Payment is approved

2020-09-08 16:22:24 - [TEST_STEP][PASSED] - navigateToUrl(Admin_url): Navigate to 'https://qa-certpayadmin.faps.net' successfully

2020-09-08 16:22:29 - [MESSAGE][PASSED] - Navigate to 'https://qa-certpayadmin.faps.net' successfully

2020-09-08 16:22:29 - [TEST_STEP][PASSED] - pages.Bureau_Login_Page.loginToAdminSite(AdminUsername, AdminPassword): Quicksti.ts:Clicked on the LOGIN

2020-09-08 16:22:29 - [MESSAGE][PASSED] - Object 'Object Repository/CERTPAY_ADMIN/USER_NAME' is present

2020-09-08 16:22:30 - [MESSAGE][PASSED] - Object 'Object Repository/CERTPAY_ADMIN/USER_NAME' is visible

2020-09-08 16:22:30 - [MESSAGE][PASSED] - Object 'Object Repository/CERTPAY_ADMIN/USER_NAME' is present

2020-09-08 16:22:31 - [MESSAGE][PASSED] - Text 'VVangiliappan' is set on object 'Object Repository/CERTPAY_ADMIN/USER_NAME'

2020-09-08 16:22:31 - [MESSAGE][PASSED] - Quicksti.ts:Entered'VVangiliappan into username

2020-09-08 16:22:32 - [MESSAGE][PASSED] - Object 'Object Repository/CERTPAY_ADMIN/PASSWORD' is present

2020-09-08 16:22:32 - [MESSAGE][PASSED] - Object 'Object Repository/CERTPAY_ADMIN/PASSWORD' is visible

2020-09-08 16:22:32 - [MESSAGE][PASSED] - Object 'Object Repository/CERTPAY_ADMIN/PASSWORD' is present

2020-09-08 16:22:33 - [MESSAGE][PASSED] - Text 'Knila@12345' is set on object 'Object Repository/CERTPAY_ADMIN/PASSWORD'

2020-09-08 16:22:33 - [MESSAGE][PASSED] - Quicksti.ts:Entered'Knila@12345 into password

2020-09-08 16:22:34 - [MESSAGE][INFO] - safeClicking

2020-09-08 16:22:34 - [MESSAGE][PASSED] - Object 'Object Repository/CERTPAY_ADMIN/LOGIN_BUTTON' is present

2020-09-08 16:22:34 - [MESSAGE][PASSED] - Object 'Object Repository/CERTPAY_ADMIN/LOGIN_BUTTON' is clickable

2020-09-08 16:22:43 - [MESSAGE][PASSED] - Object: 'Object Repository/CERTPAY_ADMIN/LOGIN_BUTTON' is clicked on

2020-09-08 16:22:43 - [MESSAGE][PASSED] - Quicksti.ts:Clicked on the LOGIN

2020-09-08 16:22:43 - [TEST_STEP][PASSED] - utilities.SafeActions.safeClick(findTestObject("CERTPAY_ADMIN/TRANSACTION_SEARCH"), "TransactionSearch", [pageLoadTime]): Quicksti.ts:Clicked on the TransactionSearch

2020-09-08 16:22:43 - [MESSAGE][INFO] - safeClicking

2020-09-08 16:22:43 - [MESSAGE][PASSED] - Object 'Object Repository/CERTPAY_ADMIN/TRANSACTION_SEARCH' is present

2020-09-08 16:22:44 - [MESSAGE][PASSED] - Object 'Object Repository/CERTPAY_ADMIN/TRANSACTION_SEARCH' is clickable

2020-09-08 16:22:47 - [MESSAGE][PASSED] - Object: 'Object Repository/CERTPAY_ADMIN/TRANSACTION_SEARCH' is clicked on

2020-09-08 16:22:47 - [MESSAGE][PASSED] - Quicksti.ts:Clicked on the TransactionSearch

2020-09-08 16:22:47 - [TEST_STEP][PASSED] - utilities.SafeActions.safeType(findTestObject("CERTPAY_ADMIN/PAYMENT_ID"), paymentId, "Payment id", [pageLoadTime]): Quicksti.ts:Entered'100176112283 into Payment id

2020-09-08 16:22:48 - [MESSAGE][PASSED] - Object 'Object Repository/CERTPAY_ADMIN/PAYMENT_ID' is present

2020-09-08 16:22:48 - [MESSAGE][PASSED] - Object 'Object Repository/CERTPAY_ADMIN/PAYMENT_ID' is visible

2020-09-08 16:22:49 - [MESSAGE][PASSED] - Object 'Object Repository/CERTPAY_ADMIN/PAYMENT_ID' is present

2020-09-08 16:22:50 - [MESSAGE][PASSED] - Text '100176112283' is set on object 'Object Repository/CERTPAY_ADMIN/PAYMENT_ID'

2020-09-08 16:22:50 - [MESSAGE][PASSED] - Quicksti.ts:Entered'100176112283 into Payment id

2020-09-08 16:22:50 - [TEST_STEP][PASSED] - utilities.SafeActions.safeClick(findTestObject("CERTPAY_ADMIN/GO_BUTTON"), "Go button", [pageLoadTime]): Quicksti.ts:Clicked on the Go button

2020-09-08 16:22:50 - [MESSAGE][INFO] - safeClicking

2020-09-08 16:22:50 - [MESSAGE][PASSED] - Object 'Object Repository/CERTPAY_ADMIN/GO_BUTTON' is present

2020-09-08 16:22:51 - [MESSAGE][PASSED] - Object 'Object Repository/CERTPAY_ADMIN/GO_BUTTON' is clickable

2020-09-08 16:22:54 - [MESSAGE][PASSED] - Object: 'Object Repository/CERTPAY_ADMIN/GO_BUTTON' is clicked on

2020-09-08 16:22:54 - [MESSAGE][PASSED] - Quicksti.ts:Clicked on the Go button

2020-09-08 16:22:54 - [TEST_STEP][PASSED] - delay(5): Delayed 5 second(s)

2020-09-08 16:22:59 - [MESSAGE][PASSED] - Delayed 5 second(s)

2020-09-08 16:22:59 - [TEST_STEP][PASSED] - scrollToPosition(800, 900): Browser is scrolled to position x = 800, y = 900

2020-09-08 16:22:59 - [MESSAGE][PASSED] - Browser is scrolled to position x = 800, y = 900

2020-09-08 16:22:59 - [TEST_STEP][PASSED] - paymentIdList.add(paymentId): null

2020-09-08 16:22:59 - [TEST_STEP][PASSED] - println(paymentIdList): null

2020-09-08 16:22:59 - [TEST_STEP][PASSED] - firstName = data.getValue("FirstName", index): null

2020-09-08 16:22:59 - [TEST_STEP][PASSED] - lastName = data.getValue("LastName", index): null

2020-09-08 16:22:59 - [TEST_STEP][PASSED] - expMonth = data.getValue("ExpMonth", index): null

2020-09-08 16:22:59 - [TEST_STEP][PASSED] - expYear = data.getValue("ExpYear", index): null

2020-09-08 16:22:59 - [TEST_STEP][PASSED] - securityCode = data.getValue("SecurityCode", index): null

2020-09-08 16:22:59 - [TEST_STEP][PASSED] - paymentAmount = data.getValue("PaymentAmount", index): null

2020-09-08 16:22:59 - [TEST_STEP][PASSED] - paymentType = data.getValue("PaymentType", index): null

2020-09-08 16:22:59 - [TEST_STEP][PASSED] - quantity = data.getValue("Quantity", index): null

2020-09-08 16:22:59 - [TEST_STEP][PASSED] - comments = data.getValue("Comments", index): null

2020-09-08 16:22:59 - [TEST_STEP][PASSED] - referenceNum = data.getValue("ReferenceNum", index): null

2020-09-08 16:22:59 - [TEST_STEP][PASSED] - address = data.getValue("Address", index): null

2020-09-08 16:22:59 - [TEST_STEP][PASSED] - zipCode = data.getValue("Zipcode", index): null

2020-09-08 16:22:59 - [TEST_STEP][PASSED] - telephone = data.getValue("Telephone", index): null

2020-09-08 16:22:59 - [TEST_STEP][PASSED] - emailAddress = data.getValue("EmailAddress", index): null

2020-09-08 16:22:59 - [TEST_STEP][PASSED] - cardNum = data.getValue("CardNumber", index): null

2020-09-08 16:22:59 - [TEST_STEP][PASSED] - cardType = data.getValue("CardType", index): null

2020-09-08 16:22:59 - [TEST_STEP][PASSED] - utilities.SafeActions.openBrowser(Quicksti_Url, [pageLoadTime]): Browser launched successfully

2020-09-08 16:22:59 - [MESSAGE][INFO] - Opening Browser

2020-09-08 16:22:59 - [MESSAGE][WARNING] - A browser is already opened. Closing browser and opening a new one

2020-09-08 16:23:00 - [MESSAGE][INFO] - Starting 'Chrome' driver

2020-09-08 16:23:09 - [MESSAGE][PASSED] - Browser is opened with url: 'https://qa-certpayquicksti.faps.net/'

2020-09-08 16:23:11 - [MESSAGE][PASSED] - Current window maximized

2020-09-08 16:23:11 - [MESSAGE][PASSED] - Browser launched successfully

2020-09-08 16:23:11 - [TEST_STEP][PASSED] - utilities.SafeActions.safeType(findTestObject("CERTPAY_QUICKSTI/Login_ Page/BUREAU_CODE"), bureau_code, "Bureau code", [pageLoadTime]): Quicksti.ts:Entered'6100000 into Bureau code

2020-09-08 16:23:11 - [MESSAGE][PASSED] - Object 'Object Repository/CERTPAY_QUICKSTI/Login_ Page/BUREAU_CODE' is present

2020-09-08 16:23:12 - [MESSAGE][PASSED] - Object 'Object Repository/CERTPAY_QUICKSTI/Login_ Page/BUREAU_CODE' is visible

2020-09-08 16:23:12 - [MESSAGE][PASSED] - Object 'Object Repository/CERTPAY_QUICKSTI/Login_ Page/BUREAU_CODE' is present

2020-09-08 16:23:13 - [MESSAGE][PASSED] - Text '6100000' is set on object 'Object Repository/CERTPAY_QUICKSTI/Login_ Page/BUREAU_CODE'

2020-09-08 16:23:13 - [MESSAGE][PASSED] - Quicksti.ts:Entered'6100000 into Bureau code

2020-09-08 16:23:13 - [TEST_STEP][PASSED] - utilities.SafeActions.safeType(findTestObject("CERTPAY_QUICKSTI/Login_ Page/TELLER_ID"), teller_id, "Bureau code", [pageLoadTime]): Quicksti.ts:Entered'zenq into Bureau code

2020-09-08 16:23:13 - [MESSAGE][PASSED] - Object 'Object Repository/CERTPAY_QUICKSTI/Login_ Page/TELLER_ID' is present

2020-09-08 16:23:14 - [MESSAGE][PASSED] - Object 'Object Repository/CERTPAY_QUICKSTI/Login_ Page/TELLER_ID' is visible

2020-09-08 16:23:14 - [MESSAGE][PASSED] - Object 'Object Repository/CERTPAY_QUICKSTI/Login_ Page/TELLER_ID' is present

2020-09-08 16:23:15 - [MESSAGE][PASSED] - Text 'zenq' is set on object 'Object Repository/CERTPAY_QUICKSTI/Login_ Page/TELLER_ID'

2020-09-08 16:23:15 - [MESSAGE][PASSED] - Quicksti.ts:Entered'zenq into Bureau code

2020-09-08 16:23:15 - [TEST_STEP][PASSED] - utilities.SafeActions.safeClick(findTestObject("CERTPAY_QUICKSTI/Login_ Page/NEXT_BUTTON"), "Next button", [pageLoadTime]): Quicksti.ts:Clicked on the Next button

2020-09-08 16:23:15 - [MESSAGE][INFO] - safeClicking

2020-09-08 16:23:16 - [MESSAGE][PASSED] - Object 'Object Repository/CERTPAY_QUICKSTI/Login_ Page/NEXT_BUTTON' is present

2020-09-08 16:23:16 - [MESSAGE][PASSED] - Object 'Object Repository/CERTPAY_QUICKSTI/Login_ Page/NEXT_BUTTON' is clickable

2020-09-08 16:23:20 - [MESSAGE][PASSED] - Object: 'Object Repository/CERTPAY_QUICKSTI/Login_ Page/NEXT_BUTTON' is clicked on

2020-09-08 16:23:20 - [MESSAGE][PASSED] - Quicksti.ts:Clicked on the Next button

2020-09-08 16:23:20 - [TEST_STEP][PASSED] - utilities.SafeActions.safeClick(findTestObject("CERTPAY_QUICKSTI/Payment_Information_Page/MANUAL_ENTRY_BUTTON"), "ManualEntry", [pageLoadTime]): Quicksti.ts:Clicked on the ManualEntry

2020-09-08 16:23:20 - [MESSAGE][INFO] - safeClicking

2020-09-08 16:23:21 - [MESSAGE][PASSED] - Object 'Object Repository/CERTPAY_QUICKSTI/Payment_Information_Page/MANUAL_ENTRY_BUTTON' is present

2020-09-08 16:23:21 - [MESSAGE][PASSED] - Object 'Object Repository/CERTPAY_QUICKSTI/Payment_Information_Page/MANUAL_ENTRY_BUTTON' is clickable

2020-09-08 16:23:23 - [MESSAGE][PASSED] - Object: 'Object Repository/CERTPAY_QUICKSTI/Payment_Information_Page/MANUAL_ENTRY_BUTTON' is clicked on

2020-09-08 16:23:23 - [MESSAGE][PASSED] - Quicksti.ts:Clicked on the ManualEntry

2020-09-08 16:23:23 - [TEST_STEP][PASSED] - CardNumber = pages.Quicksti.setUserPaymentDetails(firstName, lastName, cardNum): Quicksti.ts:Entered'8171999900000018 into CardNum

2020-09-08 16:23:23 - [MESSAGE][PASSED] - Object 'Object Repository/CERTPAY_QUICKSTI/Payment_Information_Page/FIRST_NAME' is present

2020-09-08 16:23:24 - [MESSAGE][PASSED] - Object 'Object Repository/CERTPAY_QUICKSTI/Payment_Information_Page/FIRST_NAME' is visible

2020-09-08 16:23:24 - [MESSAGE][PASSED] - Object 'Object Repository/CERTPAY_QUICKSTI/Payment_Information_Page/FIRST_NAME' is present

2020-09-08 16:23:25 - [MESSAGE][PASSED] - Text 'Tester' is set on object 'Object Repository/CERTPAY_QUICKSTI/Payment_Information_Page/FIRST_NAME'

2020-09-08 16:23:25 - [MESSAGE][PASSED] - Quicksti.ts:Entered'Tester into FirstName

2020-09-08 16:23:26 - [MESSAGE][PASSED] - Object 'Object Repository/CERTPAY_QUICKSTI/Payment_Information_Page/LAST_NAME' is present

2020-09-08 16:23:26 - [MESSAGE][PASSED] - Object 'Object Repository/CERTPAY_QUICKSTI/Payment_Information_Page/LAST_NAME' is visible

2020-09-08 16:23:26 - [MESSAGE][PASSED] - Object 'Object Repository/CERTPAY_QUICKSTI/Payment_Information_Page/LAST_NAME' is present

2020-09-08 16:23:28 - [MESSAGE][PASSED] - Text 'Zenq1' is set on object 'Object Repository/CERTPAY_QUICKSTI/Payment_Information_Page/LAST_NAME'

2020-09-08 16:23:28 - [MESSAGE][PASSED] - Quicksti.ts:Entered'Zenq1 into LAstName

2020-09-08 16:23:28 - [MESSAGE][PASSED] - Object 'Object Repository/CERTPAY_QUICKSTI/Payment_Information_Page/CARD_NUMBER' is present

2020-09-08 16:23:28 - [MESSAGE][PASSED] - Object 'Object Repository/CERTPAY_QUICKSTI/Payment_Information_Page/CARD_NUMBER' is visible

2020-09-08 16:23:29 - [MESSAGE][PASSED] - Object 'Object Repository/CERTPAY_QUICKSTI/Payment_Information_Page/CARD_NUMBER' is present

2020-09-08 16:23:30 - [MESSAGE][PASSED] - Text '8171999900000018' is set on object 'Object Repository/CERTPAY_QUICKSTI/Payment_Information_Page/CARD_NUMBER'

2020-09-08 16:23:30 - [MESSAGE][PASSED] - Quicksti.ts:Entered'8171999900000018 into CardNum

2020-09-08 16:23:30 - [TEST_STEP][PASSED] - utilities.SafeActions.safeSelectOptionInDropdownByVisibleText(findTestObject("CERTPAY_QUICKSTI/Payment_Information_Page/PAYMENT_TYPE"), paymentType, "paymentType", [pageLoadTime]): selected dropdown option by visible text  Licensesfrom paymentType

2020-09-08 16:23:30 - [MESSAGE][PASSED] - Object 'Object Repository/CERTPAY_QUICKSTI/Payment_Information_Page/PAYMENT_TYPE' is visible

2020-09-08 16:23:31 - [MESSAGE][PASSED] - Object 'Object Repository/CERTPAY_QUICKSTI/Payment_Information_Page/PAYMENT_TYPE' is present

2020-09-08 16:23:32 - [MESSAGE][PASSED] - Object: 'Object Repository/CERTPAY_QUICKSTI/Payment_Information_Page/PAYMENT_TYPE' is clicked on

2020-09-08 16:23:33 - [MESSAGE][PASSED] - All options with label 'Licenses' are selected in object 'Object Repository/CERTPAY_QUICKSTI/Payment_Information_Page/PAYMENT_TYPE'  using regular expression

2020-09-08 16:23:33 - [MESSAGE][PASSED] - selected dropdown option by visible text  Licensesfrom paymentType

2020-09-08 16:23:33 - [TEST_STEP][PASSED] - pages.Quicksti.setExpDate(expMonth, expYear, securityCode): Quicksti.ts:Entered'111 into securityCode

2020-09-08 16:23:33 - [MESSAGE][PASSED] - Object 'Object Repository/CERTPAY_QUICKSTI/Payment_Information_Page/EXP_MONTH' is visible

2020-09-08 16:23:34 - [MESSAGE][PASSED] - Object 'Object Repository/CERTPAY_QUICKSTI/Payment_Information_Page/EXP_MONTH' is present

2020-09-08 16:23:35 - [MESSAGE][PASSED] - Object: 'Object Repository/CERTPAY_QUICKSTI/Payment_Information_Page/EXP_MONTH' is clicked on

2020-09-08 16:23:36 - [MESSAGE][PASSED] - All options with label '04' are selected in object 'Object Repository/CERTPAY_QUICKSTI/Payment_Information_Page/EXP_MONTH'  using regular expression

2020-09-08 16:23:36 - [MESSAGE][PASSED] - selected dropdown option by visible text  04from expMonth

2020-09-08 16:23:37 - [MESSAGE][PASSED] - Object 'Object Repository/CERTPAY_QUICKSTI/Payment_Information_Page/EXP_YEAR' is visible

2020-09-08 16:23:37 - [MESSAGE][PASSED] - Object 'Object Repository/CERTPAY_QUICKSTI/Payment_Information_Page/EXP_YEAR' is present

2020-09-08 16:23:38 - [MESSAGE][PASSED] - Object: 'Object Repository/CERTPAY_QUICKSTI/Payment_Information_Page/EXP_YEAR' is clicked on

2020-09-08 16:23:40 - [MESSAGE][PASSED] - All options with label '2027' are selected in object 'Object Repository/CERTPAY_QUICKSTI/Payment_Information_Page/EXP_YEAR'  using regular expression

2020-09-08 16:23:40 - [MESSAGE][PASSED] - selected dropdown option by visible text  2027from  expYear

2020-09-08 16:23:40 - [MESSAGE][PASSED] - Object 'Object Repository/CERTPAY_QUICKSTI/Payment_Information_Page/SECURITY_CODE' is present

2020-09-08 16:23:40 - [MESSAGE][PASSED] - Object 'Object Repository/CERTPAY_QUICKSTI/Payment_Information_Page/SECURITY_CODE' is visible

2020-09-08 16:23:41 - [MESSAGE][PASSED] - Object 'Object Repository/CERTPAY_QUICKSTI/Payment_Information_Page/SECURITY_CODE' is present

2020-09-08 16:23:42 - [MESSAGE][PASSED] - Text '111' is set on object 'Object Repository/CERTPAY_QUICKSTI/Payment_Information_Page/SECURITY_CODE'

2020-09-08 16:23:42 - [MESSAGE][PASSED] - Quicksti.ts:Entered'111 into securityCode

2020-09-08 16:23:42 - [TEST_STEP][PASSED] - pages.Quicksti.setPaymentAmountDetailsForSinglePayment(paymentAmount, quantity): Quicksti.ts:Entered'1 into Quantity

2020-09-08 16:23:42 - [MESSAGE][PASSED] - Object 'Object Repository/CERTPAY_QUICKSTI/Payment_Information_Page/PAYMENT_AMOUNT' is present

2020-09-08 16:23:43 - [MESSAGE][PASSED] - Object 'Object Repository/CERTPAY_QUICKSTI/Payment_Information_Page/PAYMENT_AMOUNT' is visible

2020-09-08 16:23:43 - [MESSAGE][PASSED] - Object 'Object Repository/CERTPAY_QUICKSTI/Payment_Information_Page/PAYMENT_AMOUNT' is present

2020-09-08 16:23:44 - [MESSAGE][PASSED] - Text '30.00' is set on object 'Object Repository/CERTPAY_QUICKSTI/Payment_Information_Page/PAYMENT_AMOUNT'

2020-09-08 16:23:44 - [MESSAGE][PASSED] - Quicksti.ts:Entered'30.00 into amount

2020-09-08 16:23:45 - [MESSAGE][PASSED] - Object 'Object Repository/CERTPAY_QUICKSTI/Payment_Information_Page/QUANTITY' is present

2020-09-08 16:23:45 - [MESSAGE][PASSED] - Object 'Object Repository/CERTPAY_QUICKSTI/Payment_Information_Page/QUANTITY' is visible

2020-09-08 16:23:45 - [MESSAGE][PASSED] - Object 'Object Repository/CERTPAY_QUICKSTI/Payment_Information_Page/QUANTITY' is present

2020-09-08 16:23:47 - [MESSAGE][PASSED] - Text '1' is set on object 'Object Repository/CERTPAY_QUICKSTI/Payment_Information_Page/QUANTITY'

2020-09-08 16:23:47 - [MESSAGE][PASSED] - Quicksti.ts:Entered'1 into Quantity

2020-09-08 16:23:47 - [TEST_STEP][PASSED] - utilities.SafeActions.safeType(findTestObject("CERTPAY_QUICKSTI/Payment_Information_Page/REFRENCE_NUMBER"), referenceNum, "Reference Number", [pageLoadTime]): Quicksti.ts:Entered'13 into Reference Number

2020-09-08 16:23:47 - [MESSAGE][PASSED] - Object 'Object Repository/CERTPAY_QUICKSTI/Payment_Information_Page/REFRENCE_NUMBER' is present

2020-09-08 16:23:47 - [MESSAGE][PASSED] - Object 'Object Repository/CERTPAY_QUICKSTI/Payment_Information_Page/REFRENCE_NUMBER' is visible

2020-09-08 16:23:47 - [MESSAGE][PASSED] - Object 'Object Repository/CERTPAY_QUICKSTI/Payment_Information_Page/REFRENCE_NUMBER' is present

2020-09-08 16:23:49 - [MESSAGE][PASSED] - Text '13' is set on object 'Object Repository/CERTPAY_QUICKSTI/Payment_Information_Page/REFRENCE_NUMBER'

2020-09-08 16:23:49 - [MESSAGE][PASSED] - Quicksti.ts:Entered'13 into Reference Number

2020-09-08 16:23:49 - [TEST_STEP][PASSED] - amount_Value = pages.Quicksti.getAttributeValue(findTestObject("CERTPAY_QUICKSTI/Payment_Information_Page/SUB_TOTAL")): pages.Quicksti.getAttributeValue is PASSED

2020-09-08 16:23:49 - [MESSAGE][PASSED] - Attribute 'value' of object 'Object Repository/CERTPAY_QUICKSTI/Payment_Information_Page/SUB_TOTAL' is: '30.00'

2020-09-08 16:23:49 - [MESSAGE][PASSED] - pages.Quicksti.getAttributeValue is PASSED

2020-09-08 16:23:49 - [TEST_STEP][PASSED] - utilities.SafeActions.safeType(findTestObject("CERTPAY_QUICKSTI/Payment_Information_Page/COMMENTS"), "Testing", "Comments", [pageLoadTime]): Quicksti.ts:Entered'Testing into Comments

2020-09-08 16:23:50 - [MESSAGE][PASSED] - Object 'Object Repository/CERTPAY_QUICKSTI/Payment_Information_Page/COMMENTS' is present

2020-09-08 16:23:50 - [MESSAGE][PASSED] - Object 'Object Repository/CERTPAY_QUICKSTI/Payment_Information_Page/COMMENTS' is visible

2020-09-08 16:23:50 - [MESSAGE][PASSED] - Object 'Object Repository/CERTPAY_QUICKSTI/Payment_Information_Page/COMMENTS' is present

2020-09-08 16:23:51 - [MESSAGE][PASSED] - Text 'Testing' is set on object 'Object Repository/CERTPAY_QUICKSTI/Payment_Information_Page/COMMENTS'

2020-09-08 16:23:51 - [MESSAGE][PASSED] - Quicksti.ts:Entered'Testing into Comments

2020-09-08 16:23:51 - [TEST_STEP][PASSED] - utilities.SafeActions.safeType(findTestObject("CERTPAY_QUICKSTI/Payment_Information_Page/ADDRESS"), address, "Address", [pageLoadTime]): Quicksti.ts:Entered'14-2 into Address

2020-09-08 16:23:52 - [MESSAGE][PASSED] - Object 'Object Repository/CERTPAY_QUICKSTI/Payment_Information_Page/ADDRESS' is present

2020-09-08 16:23:52 - [MESSAGE][PASSED] - Object 'Object Repository/CERTPAY_QUICKSTI/Payment_Information_Page/ADDRESS' is visible

2020-09-08 16:23:52 - [MESSAGE][PASSED] - Object 'Object Repository/CERTPAY_QUICKSTI/Payment_Information_Page/ADDRESS' is present

2020-09-08 16:23:54 - [MESSAGE][PASSED] - Text '14-2' is set on object 'Object Repository/CERTPAY_QUICKSTI/Payment_Information_Page/ADDRESS'

2020-09-08 16:23:54 - [MESSAGE][PASSED] - Quicksti.ts:Entered'14-2 into Address

2020-09-08 16:23:54 - [TEST_STEP][PASSED] - utilities.SafeActions.safeType(findTestObject("CERTPAY_QUICKSTI/Payment_Information_Page/ZIP_CODE"), zipCode, "zipcode", [pageLoadTime]): Quicksti.ts:Entered'76102 into zipcode

2020-09-08 16:23:54 - [MESSAGE][PASSED] - Object 'Object Repository/CERTPAY_QUICKSTI/Payment_Information_Page/ZIP_CODE' is present

2020-09-08 16:23:54 - [MESSAGE][PASSED] - Object 'Object Repository/CERTPAY_QUICKSTI/Payment_Information_Page/ZIP_CODE' is visible

2020-09-08 16:23:55 - [MESSAGE][PASSED] - Object 'Object Repository/CERTPAY_QUICKSTI/Payment_Information_Page/ZIP_CODE' is present

2020-09-08 16:23:56 - [MESSAGE][PASSED] - Text '76102' is set on object 'Object Repository/CERTPAY_QUICKSTI/Payment_Information_Page/ZIP_CODE'

2020-09-08 16:23:56 - [MESSAGE][PASSED] - Quicksti.ts:Entered'76102 into zipcode

2020-09-08 16:23:56 - [TEST_STEP][PASSED] - utilities.SafeActions.safeType(findTestObject("CERTPAY_QUICKSTI/Payment_Information_Page/TELEPHONE"), telephone, "Telephone", [pageLoadTime]): Quicksti.ts:Entered'9989897654 into Telephone

2020-09-08 16:23:56 - [MESSAGE][PASSED] - Object 'Object Repository/CERTPAY_QUICKSTI/Payment_Information_Page/TELEPHONE' is present

2020-09-08 16:23:57 - [MESSAGE][PASSED] - Object 'Object Repository/CERTPAY_QUICKSTI/Payment_Information_Page/TELEPHONE' is visible

2020-09-08 16:23:57 - [MESSAGE][PASSED] - Object 'Object Repository/CERTPAY_QUICKSTI/Payment_Information_Page/TELEPHONE' is present

2020-09-08 16:23:58 - [MESSAGE][PASSED] - Text '9989897654' is set on object 'Object Repository/CERTPAY_QUICKSTI/Payment_Information_Page/TELEPHONE'

2020-09-08 16:23:58 - [MESSAGE][PASSED] - Quicksti.ts:Entered'9989897654 into Telephone

2020-09-08 16:23:58 - [TEST_STEP][PASSED] - utilities.SafeActions.safeType(findTestObject("CERTPAY_QUICKSTI/Payment_Information_Page/EMAIL_ADDRESS"), emailAddress, "EMAIL address", [pageLoadTime]): Quicksti.ts:Entered'testing@zenq.com into EMAIL address

2020-09-08 16:23:59 - [MESSAGE][PASSED] - Object 'Object Repository/CERTPAY_QUICKSTI/Payment_Information_Page/EMAIL_ADDRESS' is present

2020-09-08 16:23:59 - [MESSAGE][PASSED] - Object 'Object Repository/CERTPAY_QUICKSTI/Payment_Information_Page/EMAIL_ADDRESS' is visible

2020-09-08 16:23:59 - [MESSAGE][PASSED] - Object 'Object Repository/CERTPAY_QUICKSTI/Payment_Information_Page/EMAIL_ADDRESS' is present

2020-09-08 16:24:01 - [MESSAGE][PASSED] - Text 'testing@zenq.com' is set on object 'Object Repository/CERTPAY_QUICKSTI/Payment_Information_Page/EMAIL_ADDRESS'

2020-09-08 16:24:01 - [MESSAGE][PASSED] - Quicksti.ts:Entered'testing@zenq.com into EMAIL address

2020-09-08 16:24:01 - [TEST_STEP][PASSED] - utilities.SafeActions.safeClick(findTestObject("CERTPAY_QUICKSTI/Payment_Information_Page/NEXT_BUTTON"), "Next", [pageLoadTime]): Quicksti.ts:Clicked on the Next

2020-09-08 16:24:01 - [MESSAGE][INFO] - safeClicking

2020-09-08 16:24:01 - [MESSAGE][PASSED] - Object 'Object Repository/CERTPAY_QUICKSTI/Payment_Information_Page/NEXT_BUTTON' is present

2020-09-08 16:24:01 - [MESSAGE][PASSED] - Object 'Object Repository/CERTPAY_QUICKSTI/Payment_Information_Page/NEXT_BUTTON' is clickable

2020-09-08 16:24:05 - [MESSAGE][PASSED] - Object: 'Object Repository/CERTPAY_QUICKSTI/Payment_Information_Page/NEXT_BUTTON' is clicked on

2020-09-08 16:24:05 - [MESSAGE][PASSED] - Quicksti.ts:Clicked on the Next

2020-09-08 16:24:05 - [TEST_STEP][PASSED] - pages.Quicksti.verifyUserPaymentDetails(paymentAmount, firstName, lastName, CardNumber): pages.Quicksti.verifyUserPaymentDetails is PASSED

2020-09-08 16:24:05 - [MESSAGE][PASSED] - Text of object 'Object Repository/CERTPAY_QUICKSTI/Payment_Details_Verification_Page/AMOUNT' is: '$30.00'

2020-09-08 16:24:05 - [MESSAGE][PASSED] - Actual text '30.00' and expected text '30.00' are matched  using regular expression

2020-09-08 16:24:05 - [MESSAGE][PASSED] - Text of object 'Object Repository/CERTPAY_QUICKSTI/Payment_Details_Verification_Page/NAME' is: 'Tester Zenq1'

2020-09-08 16:24:05 - [MESSAGE][PASSED] - Actual text 'Tester Zenq1' and expected text 'Tester Zenq1' are matched  using regular expression

2020-09-08 16:24:06 - [MESSAGE][PASSED] - Text of object 'Object Repository/CERTPAY_QUICKSTI/Payment_Details_Verification_Page/CARD_NUMBER' is: '...0018'

2020-09-08 16:24:06 - [MESSAGE][PASSED] - Actual text '0018' and expected text '0018' are matched  using regular expression

2020-09-08 16:24:06 - [MESSAGE][PASSED] - pages.Quicksti.verifyUserPaymentDetails is PASSED

2020-09-08 16:24:06 - [TEST_STEP][PASSED] - delay(2): Delayed 2 second(s)

2020-09-08 16:24:08 - [MESSAGE][PASSED] - Delayed 2 second(s)

2020-09-08 16:24:08 - [TEST_STEP][PASSED] - scrollToElement(findTestObject("CERTPAY_QUICKSTI/Payment_Details_Verification_Page/PROCESS"), 0): Scroll to object 'Object Repository/CERTPAY_QUICKSTI/Payment_Details_Verification_Page/PROCESS' successfully

2020-09-08 16:24:08 - [MESSAGE][WARNING] - Timeout '0' is invalid. Using default page load timeout: '30'

2020-09-08 16:24:08 - [MESSAGE][PASSED] - Scroll to object 'Object Repository/CERTPAY_QUICKSTI/Payment_Details_Verification_Page/PROCESS' successfully

2020-09-08 16:24:08 - [TEST_STEP][PASSED] - utilities.SafeActions.safeClick(findTestObject("CERTPAY_QUICKSTI/Payment_Details_Verification_Page/PROCESS"), "Process", [pageLoadTime]): Quicksti.ts:Clicked on the Process

2020-09-08 16:24:08 - [MESSAGE][INFO] - safeClicking

2020-09-08 16:24:08 - [MESSAGE][PASSED] - Object 'Object Repository/CERTPAY_QUICKSTI/Payment_Details_Verification_Page/PROCESS' is present

2020-09-08 16:24:09 - [MESSAGE][PASSED] - Object 'Object Repository/CERTPAY_QUICKSTI/Payment_Details_Verification_Page/PROCESS' is clickable

2020-09-08 16:24:13 - [MESSAGE][PASSED] - Object: 'Object Repository/CERTPAY_QUICKSTI/Payment_Details_Verification_Page/PROCESS' is clicked on

2020-09-08 16:24:13 - [MESSAGE][PASSED] - Quicksti.ts:Clicked on the Process

2020-09-08 16:24:13 - [TEST_STEP][PASSED] - paymentId = pages.Quicksti.verifyPaymentApproval(findTestObject("CERTPAY_QUICKSTI/Payment_Details_Verification_Page/APPROVED")): Payment is approved

2020-09-08 16:24:13 - [MESSAGE][PASSED] - Text of object 'Object Repository/CERTPAY_QUICKSTI/Payment_Details_Verification_Page/PAYMENT_ID' is: '100176112287'

2020-09-08 16:24:13 - [MESSAGE][PASSED] - Object 'Object Repository/CERTPAY_QUICKSTI/Payment_Details_Verification_Page/APPROVED' is present

2020-09-08 16:24:13 - [MESSAGE][PASSED] - Payment is approved

2020-09-08 16:24:15 - [TEST_STEP][PASSED] - navigateToUrl(Admin_url): Navigate to 'https://qa-certpayadmin.faps.net' successfully

2020-09-08 16:24:24 - [MESSAGE][PASSED] - Navigate to 'https://qa-certpayadmin.faps.net' successfully

2020-09-08 16:24:24 - [TEST_STEP][PASSED] - pages.Bureau_Login_Page.loginToAdminSite(AdminUsername, AdminPassword): Quicksti.ts:Clicked on the LOGIN

2020-09-08 16:24:25 - [MESSAGE][PASSED] - Object 'Object Repository/CERTPAY_ADMIN/USER_NAME' is present

2020-09-08 16:24:25 - [MESSAGE][PASSED] - Object 'Object Repository/CERTPAY_ADMIN/USER_NAME' is visible

2020-09-08 16:24:25 - [MESSAGE][PASSED] - Object 'Object Repository/CERTPAY_ADMIN/USER_NAME' is present

2020-09-08 16:24:27 - [MESSAGE][PASSED] - Text 'VVangiliappan' is set on object 'Object Repository/CERTPAY_ADMIN/USER_NAME'

2020-09-08 16:24:27 - [MESSAGE][PASSED] - Quicksti.ts:Entered'VVangiliappan into username

2020-09-08 16:24:27 - [MESSAGE][PASSED] - Object 'Object Repository/CERTPAY_ADMIN/PASSWORD' is present

2020-09-08 16:24:27 - [MESSAGE][PASSED] - Object 'Object Repository/CERTPAY_ADMIN/PASSWORD' is visible

2020-09-08 16:24:28 - [MESSAGE][PASSED] - Object 'Object Repository/CERTPAY_ADMIN/PASSWORD' is present

2020-09-08 16:24:29 - [MESSAGE][PASSED] - Text 'Knila@12345' is set on object 'Object Repository/CERTPAY_ADMIN/PASSWORD'

2020-09-08 16:24:29 - [MESSAGE][PASSED] - Quicksti.ts:Entered'Knila@12345 into password

2020-09-08 16:24:29 - [MESSAGE][INFO] - safeClicking

2020-09-08 16:24:29 - [MESSAGE][PASSED] - Object 'Object Repository/CERTPAY_ADMIN/LOGIN_BUTTON' is present

2020-09-08 16:24:29 - [MESSAGE][PASSED] - Object 'Object Repository/CERTPAY_ADMIN/LOGIN_BUTTON' is clickable

2020-09-08 16:24:36 - [MESSAGE][PASSED] - Object: 'Object Repository/CERTPAY_ADMIN/LOGIN_BUTTON' is clicked on

2020-09-08 16:24:36 - [MESSAGE][PASSED] - Quicksti.ts:Clicked on the LOGIN

2020-09-08 16:24:36 - [TEST_STEP][PASSED] - utilities.SafeActions.safeClick(findTestObject("CERTPAY_ADMIN/TRANSACTION_SEARCH"), "TransactionSearch", [pageLoadTime]): Quicksti.ts:Clicked on the TransactionSearch

2020-09-08 16:24:37 - [MESSAGE][INFO] - safeClicking

2020-09-08 16:24:37 - [MESSAGE][PASSED] - Object 'Object Repository/CERTPAY_ADMIN/TRANSACTION_SEARCH' is present

2020-09-08 16:24:37 - [MESSAGE][PASSED] - Object 'Object Repository/CERTPAY_ADMIN/TRANSACTION_SEARCH' is clickable

2020-09-08 16:24:40 - [MESSAGE][PASSED] - Object: 'Object Repository/CERTPAY_ADMIN/TRANSACTION_SEARCH' is clicked on

2020-09-08 16:24:40 - [MESSAGE][PASSED] - Quicksti.ts:Clicked on the TransactionSearch

2020-09-08 16:24:40 - [TEST_STEP][PASSED] - utilities.SafeActions.safeType(findTestObject("CERTPAY_ADMIN/PAYMENT_ID"), paymentId, "Payment id", [pageLoadTime]): Quicksti.ts:Entered'100176112287 into Payment id

2020-09-08 16:24:41 - [MESSAGE][PASSED] - Object 'Object Repository/CERTPAY_ADMIN/PAYMENT_ID' is present

2020-09-08 16:24:41 - [MESSAGE][PASSED] - Object 'Object Repository/CERTPAY_ADMIN/PAYMENT_ID' is visible

2020-09-08 16:24:41 - [MESSAGE][PASSED] - Object 'Object Repository/CERTPAY_ADMIN/PAYMENT_ID' is present

2020-09-08 16:24:43 - [MESSAGE][PASSED] - Text '100176112287' is set on object 'Object Repository/CERTPAY_ADMIN/PAYMENT_ID'

2020-09-08 16:24:43 - [MESSAGE][PASSED] - Quicksti.ts:Entered'100176112287 into Payment id

2020-09-08 16:24:43 - [TEST_STEP][PASSED] - utilities.SafeActions.safeClick(findTestObject("CERTPAY_ADMIN/GO_BUTTON"), "Go button", [pageLoadTime]): Quicksti.ts:Clicked on the Go button

2020-09-08 16:24:43 - [MESSAGE][INFO] - safeClicking

2020-09-08 16:24:43 - [MESSAGE][PASSED] - Object 'Object Repository/CERTPAY_ADMIN/GO_BUTTON' is present

2020-09-08 16:24:43 - [MESSAGE][PASSED] - Object 'Object Repository/CERTPAY_ADMIN/GO_BUTTON' is clickable

2020-09-08 16:24:46 - [MESSAGE][PASSED] - Object: 'Object Repository/CERTPAY_ADMIN/GO_BUTTON' is clicked on

2020-09-08 16:24:46 - [MESSAGE][PASSED] - Quicksti.ts:Clicked on the Go button

2020-09-08 16:24:46 - [TEST_STEP][PASSED] - delay(5): Delayed 5 second(s)

2020-09-08 16:24:51 - [MESSAGE][PASSED] - Delayed 5 second(s)

2020-09-08 16:24:51 - [TEST_STEP][PASSED] - scrollToPosition(800, 900): Browser is scrolled to position x = 800, y = 900

2020-09-08 16:24:51 - [MESSAGE][PASSED] - Browser is scrolled to position x = 800, y = 900

2020-09-08 16:24:51 - [TEST_STEP][PASSED] - paymentIdList.add(paymentId): null

2020-09-08 16:24:51 - [TEST_STEP][PASSED] - println(paymentIdList): null

2020-09-08 16:24:51 - [TEST_STEP][PASSED] - firstName = data.getValue("FirstName", index): null

2020-09-08 16:24:51 - [TEST_STEP][PASSED] - lastName = data.getValue("LastName", index): null

2020-09-08 16:24:51 - [TEST_STEP][PASSED] - expMonth = data.getValue("ExpMonth", index): null

2020-09-08 16:24:51 - [TEST_STEP][PASSED] - expYear = data.getValue("ExpYear", index): null

2020-09-08 16:24:51 - [TEST_STEP][PASSED] - securityCode = data.getValue("SecurityCode", index): null

2020-09-08 16:24:51 - [TEST_STEP][PASSED] - paymentAmount = data.getValue("PaymentAmount", index): null

2020-09-08 16:24:51 - [TEST_STEP][PASSED] - paymentType = data.getValue("PaymentType", index): null

2020-09-08 16:24:51 - [TEST_STEP][PASSED] - quantity = data.getValue("Quantity", index): null

2020-09-08 16:24:51 - [TEST_STEP][PASSED] - comments = data.getValue("Comments", index): null

2020-09-08 16:24:51 - [TEST_STEP][PASSED] - referenceNum = data.getValue("ReferenceNum", index): null

2020-09-08 16:24:51 - [TEST_STEP][PASSED] - address = data.getValue("Address", index): null

2020-09-08 16:24:51 - [TEST_STEP][PASSED] - zipCode = data.getValue("Zipcode", index): null

2020-09-08 16:24:51 - [TEST_STEP][PASSED] - telephone = data.getValue("Telephone", index): null

2020-09-08 16:24:51 - [TEST_STEP][PASSED] - emailAddress = data.getValue("EmailAddress", index): null

2020-09-08 16:24:51 - [TEST_STEP][PASSED] - cardNum = data.getValue("CardNumber", index): null

2020-09-08 16:24:51 - [TEST_STEP][PASSED] - cardType = data.getValue("CardType", index): null

2020-09-08 16:24:51 - [TEST_STEP][PASSED] - utilities.SafeActions.openBrowser(Quicksti_Url, [pageLoadTime]): Browser launched successfully

2020-09-08 16:24:51 - [MESSAGE][INFO] - Opening Browser

2020-09-08 16:24:51 - [MESSAGE][WARNING] - A browser is already opened. Closing browser and opening a new one

2020-09-08 16:24:52 - [MESSAGE][INFO] - Starting 'Chrome' driver

2020-09-08 16:25:00 - [MESSAGE][PASSED] - Browser is opened with url: 'https://qa-certpayquicksti.faps.net/'

2020-09-08 16:25:02 - [MESSAGE][PASSED] - Current window maximized

2020-09-08 16:25:02 - [MESSAGE][PASSED] - Browser launched successfully

2020-09-08 16:25:02 - [TEST_STEP][PASSED] - utilities.SafeActions.safeType(findTestObject("CERTPAY_QUICKSTI/Login_ Page/BUREAU_CODE"), bureau_code, "Bureau code", [pageLoadTime]): Quicksti.ts:Entered'6100000 into Bureau code

2020-09-08 16:25:02 - [MESSAGE][PASSED] - Object 'Object Repository/CERTPAY_QUICKSTI/Login_ Page/BUREAU_CODE' is present

2020-09-08 16:25:03 - [MESSAGE][PASSED] - Object 'Object Repository/CERTPAY_QUICKSTI/Login_ Page/BUREAU_CODE' is visible

2020-09-08 16:25:03 - [MESSAGE][PASSED] - Object 'Object Repository/CERTPAY_QUICKSTI/Login_ Page/BUREAU_CODE' is present

2020-09-08 16:25:04 - [MESSAGE][PASSED] - Text '6100000' is set on object 'Object Repository/CERTPAY_QUICKSTI/Login_ Page/BUREAU_CODE'

2020-09-08 16:25:04 - [MESSAGE][PASSED] - Quicksti.ts:Entered'6100000 into Bureau code

2020-09-08 16:25:04 - [TEST_STEP][PASSED] - utilities.SafeActions.safeType(findTestObject("CERTPAY_QUICKSTI/Login_ Page/TELLER_ID"), teller_id, "Bureau code", [pageLoadTime]): Quicksti.ts:Entered'zenq into Bureau code

2020-09-08 16:25:05 - [MESSAGE][PASSED] - Object 'Object Repository/CERTPAY_QUICKSTI/Login_ Page/TELLER_ID' is present

2020-09-08 16:25:05 - [MESSAGE][PASSED] - Object 'Object Repository/CERTPAY_QUICKSTI/Login_ Page/TELLER_ID' is visible

2020-09-08 16:25:05 - [MESSAGE][PASSED] - Object 'Object Repository/CERTPAY_QUICKSTI/Login_ Page/TELLER_ID' is present

2020-09-08 16:25:06 - [MESSAGE][PASSED] - Text 'zenq' is set on object 'Object Repository/CERTPAY_QUICKSTI/Login_ Page/TELLER_ID'

2020-09-08 16:25:06 - [MESSAGE][PASSED] - Quicksti.ts:Entered'zenq into Bureau code

2020-09-08 16:25:06 - [TEST_STEP][PASSED] - utilities.SafeActions.safeClick(findTestObject("CERTPAY_QUICKSTI/Login_ Page/NEXT_BUTTON"), "Next button", [pageLoadTime]): Quicksti.ts:Clicked on the Next button

2020-09-08 16:25:06 - [MESSAGE][INFO] - safeClicking

2020-09-08 16:25:07 - [MESSAGE][PASSED] - Object 'Object Repository/CERTPAY_QUICKSTI/Login_ Page/NEXT_BUTTON' is present

2020-09-08 16:25:07 - [MESSAGE][PASSED] - Object 'Object Repository/CERTPAY_QUICKSTI/Login_ Page/NEXT_BUTTON' is clickable

2020-09-08 16:25:10 - [MESSAGE][PASSED] - Object: 'Object Repository/CERTPAY_QUICKSTI/Login_ Page/NEXT_BUTTON' is clicked on

2020-09-08 16:25:10 - [MESSAGE][PASSED] - Quicksti.ts:Clicked on the Next button

2020-09-08 16:25:10 - [TEST_STEP][PASSED] - utilities.SafeActions.safeClick(findTestObject("CERTPAY_QUICKSTI/Payment_Information_Page/MANUAL_ENTRY_BUTTON"), "ManualEntry", [pageLoadTime]): Quicksti.ts:Clicked on the ManualEntry

2020-09-08 16:25:10 - [MESSAGE][INFO] - safeClicking

2020-09-08 16:25:11 - [MESSAGE][PASSED] - Object 'Object Repository/CERTPAY_QUICKSTI/Payment_Information_Page/MANUAL_ENTRY_BUTTON' is present

2020-09-08 16:25:11 - [MESSAGE][PASSED] - Object 'Object Repository/CERTPAY_QUICKSTI/Payment_Information_Page/MANUAL_ENTRY_BUTTON' is clickable

2020-09-08 16:25:13 - [MESSAGE][PASSED] - Object: 'Object Repository/CERTPAY_QUICKSTI/Payment_Information_Page/MANUAL_ENTRY_BUTTON' is clicked on

2020-09-08 16:25:13 - [MESSAGE][PASSED] - Quicksti.ts:Clicked on the ManualEntry

2020-09-08 16:25:13 - [TEST_STEP][PASSED] - CardNumber = pages.Quicksti.setUserPaymentDetails(firstName, lastName, cardNum): Quicksti.ts:Entered'374245003731006 into CardNum

2020-09-08 16:25:13 - [MESSAGE][PASSED] - Object 'Object Repository/CERTPAY_QUICKSTI/Payment_Information_Page/FIRST_NAME' is present

2020-09-08 16:25:14 - [MESSAGE][PASSED] - Object 'Object Repository/CERTPAY_QUICKSTI/Payment_Information_Page/FIRST_NAME' is visible

2020-09-08 16:25:14 - [MESSAGE][PASSED] - Object 'Object Repository/CERTPAY_QUICKSTI/Payment_Information_Page/FIRST_NAME' is present

2020-09-08 16:25:15 - [MESSAGE][PASSED] - Text 'Tester' is set on object 'Object Repository/CERTPAY_QUICKSTI/Payment_Information_Page/FIRST_NAME'

2020-09-08 16:25:15 - [MESSAGE][PASSED] - Quicksti.ts:Entered'Tester into FirstName

2020-09-08 16:25:16 - [MESSAGE][PASSED] - Object 'Object Repository/CERTPAY_QUICKSTI/Payment_Information_Page/LAST_NAME' is present

2020-09-08 16:25:16 - [MESSAGE][PASSED] - Object 'Object Repository/CERTPAY_QUICKSTI/Payment_Information_Page/LAST_NAME' is visible

2020-09-08 16:25:17 - [MESSAGE][PASSED] - Object 'Object Repository/CERTPAY_QUICKSTI/Payment_Information_Page/LAST_NAME' is present

2020-09-08 16:25:18 - [MESSAGE][PASSED] - Text 'Zenq1' is set on object 'Object Repository/CERTPAY_QUICKSTI/Payment_Information_Page/LAST_NAME'

2020-09-08 16:25:18 - [MESSAGE][PASSED] - Quicksti.ts:Entered'Zenq1 into LAstName

2020-09-08 16:25:18 - [MESSAGE][PASSED] - Object 'Object Repository/CERTPAY_QUICKSTI/Payment_Information_Page/CARD_NUMBER' is present

2020-09-08 16:25:19 - [MESSAGE][PASSED] - Object 'Object Repository/CERTPAY_QUICKSTI/Payment_Information_Page/CARD_NUMBER' is visible

2020-09-08 16:25:19 - [MESSAGE][PASSED] - Object 'Object Repository/CERTPAY_QUICKSTI/Payment_Information_Page/CARD_NUMBER' is present

2020-09-08 16:25:20 - [MESSAGE][PASSED] - Text '374245003731006' is set on object 'Object Repository/CERTPAY_QUICKSTI/Payment_Information_Page/CARD_NUMBER'

2020-09-08 16:25:20 - [MESSAGE][PASSED] - Quicksti.ts:Entered'374245003731006 into CardNum

2020-09-08 16:25:20 - [TEST_STEP][PASSED] - utilities.SafeActions.safeSelectOptionInDropdownByVisibleText(findTestObject("CERTPAY_QUICKSTI/Payment_Information_Page/PAYMENT_TYPE"), paymentType, "paymentType", [pageLoadTime]): selected dropdown option by visible text  Taxesfrom paymentType

2020-09-08 16:25:21 - [MESSAGE][PASSED] - Object 'Object Repository/CERTPAY_QUICKSTI/Payment_Information_Page/PAYMENT_TYPE' is visible

2020-09-08 16:25:21 - [MESSAGE][PASSED] - Object 'Object Repository/CERTPAY_QUICKSTI/Payment_Information_Page/PAYMENT_TYPE' is present

2020-09-08 16:25:22 - [MESSAGE][PASSED] - Object: 'Object Repository/CERTPAY_QUICKSTI/Payment_Information_Page/PAYMENT_TYPE' is clicked on

2020-09-08 16:25:23 - [MESSAGE][PASSED] - All options with label 'Taxes' are selected in object 'Object Repository/CERTPAY_QUICKSTI/Payment_Information_Page/PAYMENT_TYPE'  using regular expression

2020-09-08 16:25:23 - [MESSAGE][PASSED] - selected dropdown option by visible text  Taxesfrom paymentType

2020-09-08 16:25:23 - [TEST_STEP][PASSED] - pages.Quicksti.setExpDate(expMonth, expYear, securityCode): Quicksti.ts:Entered'111 into securityCode

2020-09-08 16:25:24 - [MESSAGE][PASSED] - Object 'Object Repository/CERTPAY_QUICKSTI/Payment_Information_Page/EXP_MONTH' is visible

2020-09-08 16:25:24 - [MESSAGE][PASSED] - Object 'Object Repository/CERTPAY_QUICKSTI/Payment_Information_Page/EXP_MONTH' is present

2020-09-08 16:25:25 - [MESSAGE][PASSED] - Object: 'Object Repository/CERTPAY_QUICKSTI/Payment_Information_Page/EXP_MONTH' is clicked on

2020-09-08 16:25:26 - [MESSAGE][PASSED] - All options with label '05' are selected in object 'Object Repository/CERTPAY_QUICKSTI/Payment_Information_Page/EXP_MONTH'  using regular expression

2020-09-08 16:25:26 - [MESSAGE][PASSED] - selected dropdown option by visible text  05from expMonth

2020-09-08 16:25:27 - [MESSAGE][PASSED] - Object 'Object Repository/CERTPAY_QUICKSTI/Payment_Information_Page/EXP_YEAR' is visible

2020-09-08 16:25:27 - [MESSAGE][PASSED] - Object 'Object Repository/CERTPAY_QUICKSTI/Payment_Information_Page/EXP_YEAR' is present

2020-09-08 16:25:28 - [MESSAGE][PASSED] - Object: 'Object Repository/CERTPAY_QUICKSTI/Payment_Information_Page/EXP_YEAR' is clicked on

2020-09-08 16:25:30 - [MESSAGE][PASSED] - All options with label '2022' are selected in object 'Object Repository/CERTPAY_QUICKSTI/Payment_Information_Page/EXP_YEAR'  using regular expression

2020-09-08 16:25:30 - [MESSAGE][PASSED] - selected dropdown option by visible text  2022from  expYear

2020-09-08 16:25:30 - [MESSAGE][PASSED] - Object 'Object Repository/CERTPAY_QUICKSTI/Payment_Information_Page/SECURITY_CODE' is present

2020-09-08 16:25:30 - [MESSAGE][PASSED] - Object 'Object Repository/CERTPAY_QUICKSTI/Payment_Information_Page/SECURITY_CODE' is visible

2020-09-08 16:25:31 - [MESSAGE][PASSED] - Object 'Object Repository/CERTPAY_QUICKSTI/Payment_Information_Page/SECURITY_CODE' is present

2020-09-08 16:25:32 - [MESSAGE][PASSED] - Text '111' is set on object 'Object Repository/CERTPAY_QUICKSTI/Payment_Information_Page/SECURITY_CODE'

2020-09-08 16:25:32 - [MESSAGE][PASSED] - Quicksti.ts:Entered'111 into securityCode

2020-09-08 16:25:32 - [TEST_STEP][PASSED] - pages.Quicksti.setPaymentAmountDetailsForSinglePayment(paymentAmount, quantity): Quicksti.ts:Entered'1 into Quantity

2020-09-08 16:25:32 - [MESSAGE][PASSED] - Object 'Object Repository/CERTPAY_QUICKSTI/Payment_Information_Page/PAYMENT_AMOUNT' is present

2020-09-08 16:25:33 - [MESSAGE][PASSED] - Object 'Object Repository/CERTPAY_QUICKSTI/Payment_Information_Page/PAYMENT_AMOUNT' is visible

2020-09-08 16:25:33 - [MESSAGE][PASSED] - Object 'Object Repository/CERTPAY_QUICKSTI/Payment_Information_Page/PAYMENT_AMOUNT' is present

2020-09-08 16:25:34 - [MESSAGE][PASSED] - Text '35.00' is set on object 'Object Repository/CERTPAY_QUICKSTI/Payment_Information_Page/PAYMENT_AMOUNT'

2020-09-08 16:25:34 - [MESSAGE][PASSED] - Quicksti.ts:Entered'35.00 into amount

2020-09-08 16:25:35 - [MESSAGE][PASSED] - Object 'Object Repository/CERTPAY_QUICKSTI/Payment_Information_Page/QUANTITY' is present

2020-09-08 16:25:35 - [MESSAGE][PASSED] - Object 'Object Repository/CERTPAY_QUICKSTI/Payment_Information_Page/QUANTITY' is visible

2020-09-08 16:25:35 - [MESSAGE][PASSED] - Object 'Object Repository/CERTPAY_QUICKSTI/Payment_Information_Page/QUANTITY' is present

2020-09-08 16:25:37 - [MESSAGE][PASSED] - Text '1' is set on object 'Object Repository/CERTPAY_QUICKSTI/Payment_Information_Page/QUANTITY'

2020-09-08 16:25:37 - [MESSAGE][PASSED] - Quicksti.ts:Entered'1 into Quantity

2020-09-08 16:25:37 - [TEST_STEP][PASSED] - utilities.SafeActions.safeType(findTestObject("CERTPAY_QUICKSTI/Payment_Information_Page/REFRENCE_NUMBER"), referenceNum, "Reference Number", [pageLoadTime]): Quicksti.ts:Entered'11 into Reference Number

2020-09-08 16:25:37 - [MESSAGE][PASSED] - Object 'Object Repository/CERTPAY_QUICKSTI/Payment_Information_Page/REFRENCE_NUMBER' is present

2020-09-08 16:25:37 - [MESSAGE][PASSED] - Object 'Object Repository/CERTPAY_QUICKSTI/Payment_Information_Page/REFRENCE_NUMBER' is visible

2020-09-08 16:25:38 - [MESSAGE][PASSED] - Object 'Object Repository/CERTPAY_QUICKSTI/Payment_Information_Page/REFRENCE_NUMBER' is present

2020-09-08 16:25:39 - [MESSAGE][PASSED] - Text '11' is set on object 'Object Repository/CERTPAY_QUICKSTI/Payment_Information_Page/REFRENCE_NUMBER'

2020-09-08 16:25:39 - [MESSAGE][PASSED] - Quicksti.ts:Entered'11 into Reference Number

2020-09-08 16:25:39 - [TEST_STEP][PASSED] - amount_Value = pages.Quicksti.getAttributeValue(findTestObject("CERTPAY_QUICKSTI/Payment_Information_Page/SUB_TOTAL")): pages.Quicksti.getAttributeValue is PASSED

2020-09-08 16:25:40 - [MESSAGE][PASSED] - Attribute 'value' of object 'Object Repository/CERTPAY_QUICKSTI/Payment_Information_Page/SUB_TOTAL' is: '35.00'

2020-09-08 16:25:40 - [MESSAGE][PASSED] - pages.Quicksti.getAttributeValue is PASSED

2020-09-08 16:25:40 - [TEST_STEP][PASSED] - utilities.SafeActions.safeType(findTestObject("CERTPAY_QUICKSTI/Payment_Information_Page/COMMENTS"), "Testing", "Comments", [pageLoadTime]): Quicksti.ts:Entered'Testing into Comments

2020-09-08 16:25:40 - [MESSAGE][PASSED] - Object 'Object Repository/CERTPAY_QUICKSTI/Payment_Information_Page/COMMENTS' is present

2020-09-08 16:25:40 - [MESSAGE][PASSED] - Object 'Object Repository/CERTPAY_QUICKSTI/Payment_Information_Page/COMMENTS' is visible

2020-09-08 16:25:40 - [MESSAGE][PASSED] - Object 'Object Repository/CERTPAY_QUICKSTI/Payment_Information_Page/COMMENTS' is present

2020-09-08 16:25:42 - [MESSAGE][PASSED] - Text 'Testing' is set on object 'Object Repository/CERTPAY_QUICKSTI/Payment_Information_Page/COMMENTS'

2020-09-08 16:25:42 - [MESSAGE][PASSED] - Quicksti.ts:Entered'Testing into Comments

2020-09-08 16:25:42 - [TEST_STEP][PASSED] - utilities.SafeActions.safeType(findTestObject("CERTPAY_QUICKSTI/Payment_Information_Page/ADDRESS"), address, "Address", [pageLoadTime]): Quicksti.ts:Entered'14-2 into Address

2020-09-08 16:25:42 - [MESSAGE][PASSED] - Object 'Object Repository/CERTPAY_QUICKSTI/Payment_Information_Page/ADDRESS' is present

2020-09-08 16:25:42 - [MESSAGE][PASSED] - Object 'Object Repository/CERTPAY_QUICKSTI/Payment_Information_Page/ADDRESS' is visible

2020-09-08 16:25:43 - [MESSAGE][PASSED] - Object 'Object Repository/CERTPAY_QUICKSTI/Payment_Information_Page/ADDRESS' is present

2020-09-08 16:25:44 - [MESSAGE][PASSED] - Text '14-2' is set on object 'Object Repository/CERTPAY_QUICKSTI/Payment_Information_Page/ADDRESS'

2020-09-08 16:25:44 - [MESSAGE][PASSED] - Quicksti.ts:Entered'14-2 into Address

2020-09-08 16:25:44 - [TEST_STEP][PASSED] - utilities.SafeActions.safeType(findTestObject("CERTPAY_QUICKSTI/Payment_Information_Page/ZIP_CODE"), zipCode, "zipcode", [pageLoadTime]): Quicksti.ts:Entered'76102 into zipcode

2020-09-08 16:25:44 - [MESSAGE][PASSED] - Object 'Object Repository/CERTPAY_QUICKSTI/Payment_Information_Page/ZIP_CODE' is present

2020-09-08 16:25:45 - [MESSAGE][PASSED] - Object 'Object Repository/CERTPAY_QUICKSTI/Payment_Information_Page/ZIP_CODE' is visible

2020-09-08 16:25:45 - [MESSAGE][PASSED] - Object 'Object Repository/CERTPAY_QUICKSTI/Payment_Information_Page/ZIP_CODE' is present

2020-09-08 16:25:46 - [MESSAGE][PASSED] - Text '76102' is set on object 'Object Repository/CERTPAY_QUICKSTI/Payment_Information_Page/ZIP_CODE'

2020-09-08 16:25:46 - [MESSAGE][PASSED] - Quicksti.ts:Entered'76102 into zipcode

2020-09-08 16:25:46 - [TEST_STEP][PASSED] - utilities.SafeActions.safeType(findTestObject("CERTPAY_QUICKSTI/Payment_Information_Page/TELEPHONE"), telephone, "Telephone", [pageLoadTime]): Quicksti.ts:Entered'9989897654 into Telephone

2020-09-08 16:25:47 - [MESSAGE][PASSED] - Object 'Object Repository/CERTPAY_QUICKSTI/Payment_Information_Page/TELEPHONE' is present

2020-09-08 16:25:47 - [MESSAGE][PASSED] - Object 'Object Repository/CERTPAY_QUICKSTI/Payment_Information_Page/TELEPHONE' is visible

2020-09-08 16:25:47 - [MESSAGE][PASSED] - Object 'Object Repository/CERTPAY_QUICKSTI/Payment_Information_Page/TELEPHONE' is present

2020-09-08 16:25:48 - [MESSAGE][PASSED] - Text '9989897654' is set on object 'Object Repository/CERTPAY_QUICKSTI/Payment_Information_Page/TELEPHONE'

2020-09-08 16:25:48 - [MESSAGE][PASSED] - Quicksti.ts:Entered'9989897654 into Telephone

2020-09-08 16:25:48 - [TEST_STEP][PASSED] - utilities.SafeActions.safeType(findTestObject("CERTPAY_QUICKSTI/Payment_Information_Page/EMAIL_ADDRESS"), emailAddress, "EMAIL address", [pageLoadTime]): Quicksti.ts:Entered'testing@zenq.com into EMAIL address

2020-09-08 16:25:49 - [MESSAGE][PASSED] - Object 'Object Repository/CERTPAY_QUICKSTI/Payment_Information_Page/EMAIL_ADDRESS' is present

2020-09-08 16:25:49 - [MESSAGE][PASSED] - Object 'Object Repository/CERTPAY_QUICKSTI/Payment_Information_Page/EMAIL_ADDRESS' is visible

2020-09-08 16:25:49 - [MESSAGE][PASSED] - Object 'Object Repository/CERTPAY_QUICKSTI/Payment_Information_Page/EMAIL_ADDRESS' is present

2020-09-08 16:25:51 - [MESSAGE][PASSED] - Text 'testing@zenq.com' is set on object 'Object Repository/CERTPAY_QUICKSTI/Payment_Information_Page/EMAIL_ADDRESS'

2020-09-08 16:25:51 - [MESSAGE][PASSED] - Quicksti.ts:Entered'testing@zenq.com into EMAIL address

2020-09-08 16:25:51 - [TEST_STEP][PASSED] - utilities.SafeActions.safeClick(findTestObject("CERTPAY_QUICKSTI/Payment_Information_Page/NEXT_BUTTON"), "Next", [pageLoadTime]): Quicksti.ts:Clicked on the Next

2020-09-08 16:25:51 - [MESSAGE][INFO] - safeClicking

2020-09-08 16:25:51 - [MESSAGE][PASSED] - Object 'Object Repository/CERTPAY_QUICKSTI/Payment_Information_Page/NEXT_BUTTON' is present

2020-09-08 16:25:51 - [MESSAGE][PASSED] - Object 'Object Repository/CERTPAY_QUICKSTI/Payment_Information_Page/NEXT_BUTTON' is clickable

2020-09-08 16:25:55 - [MESSAGE][PASSED] - Object: 'Object Repository/CERTPAY_QUICKSTI/Payment_Information_Page/NEXT_BUTTON' is clicked on

2020-09-08 16:25:55 - [MESSAGE][PASSED] - Quicksti.ts:Clicked on the Next

2020-09-08 16:25:55 - [TEST_STEP][PASSED] - pages.Quicksti.verifyUserPaymentDetails(paymentAmount, firstName, lastName, CardNumber): pages.Quicksti.verifyUserPaymentDetails is PASSED

2020-09-08 16:25:55 - [MESSAGE][PASSED] - Text of object 'Object Repository/CERTPAY_QUICKSTI/Payment_Details_Verification_Page/AMOUNT' is: '$35.00'

2020-09-08 16:25:55 - [MESSAGE][PASSED] - Actual text '35.00' and expected text '35.00' are matched  using regular expression

2020-09-08 16:25:55 - [MESSAGE][PASSED] - Text of object 'Object Repository/CERTPAY_QUICKSTI/Payment_Details_Verification_Page/NAME' is: 'Tester Zenq1'

2020-09-08 16:25:55 - [MESSAGE][PASSED] - Actual text 'Tester Zenq1' and expected text 'Tester Zenq1' are matched  using regular expression

2020-09-08 16:25:56 - [MESSAGE][PASSED] - Text of object 'Object Repository/CERTPAY_QUICKSTI/Payment_Details_Verification_Page/CARD_NUMBER' is: '...1006'

2020-09-08 16:25:56 - [MESSAGE][PASSED] - Actual text '1006' and expected text '1006' are matched  using regular expression

2020-09-08 16:25:56 - [MESSAGE][PASSED] - pages.Quicksti.verifyUserPaymentDetails is PASSED

2020-09-08 16:25:56 - [TEST_STEP][PASSED] - delay(2): Delayed 2 second(s)

2020-09-08 16:25:58 - [MESSAGE][PASSED] - Delayed 2 second(s)

2020-09-08 16:25:58 - [TEST_STEP][PASSED] - scrollToElement(findTestObject("CERTPAY_QUICKSTI/Payment_Details_Verification_Page/PROCESS"), 0): Scroll to object 'Object Repository/CERTPAY_QUICKSTI/Payment_Details_Verification_Page/PROCESS' successfully

2020-09-08 16:25:58 - [MESSAGE][WARNING] - Timeout '0' is invalid. Using default page load timeout: '30'

2020-09-08 16:25:58 - [MESSAGE][PASSED] - Scroll to object 'Object Repository/CERTPAY_QUICKSTI/Payment_Details_Verification_Page/PROCESS' successfully

2020-09-08 16:25:58 - [TEST_STEP][PASSED] - utilities.SafeActions.safeClick(findTestObject("CERTPAY_QUICKSTI/Payment_Details_Verification_Page/PROCESS"), "Process", [pageLoadTime]): Quicksti.ts:Clicked on the Process

2020-09-08 16:25:58 - [MESSAGE][INFO] - safeClicking

2020-09-08 16:25:59 - [MESSAGE][PASSED] - Object 'Object Repository/CERTPAY_QUICKSTI/Payment_Details_Verification_Page/PROCESS' is present

2020-09-08 16:25:59 - [MESSAGE][PASSED] - Object 'Object Repository/CERTPAY_QUICKSTI/Payment_Details_Verification_Page/PROCESS' is clickable

2020-09-08 16:26:03 - [MESSAGE][PASSED] - Object: 'Object Repository/CERTPAY_QUICKSTI/Payment_Details_Verification_Page/PROCESS' is clicked on

2020-09-08 16:26:03 - [MESSAGE][PASSED] - Quicksti.ts:Clicked on the Process

2020-09-08 16:26:03 - [TEST_STEP][PASSED] - paymentId = pages.Quicksti.verifyPaymentApproval(findTestObject("CERTPAY_QUICKSTI/Payment_Details_Verification_Page/APPROVED")): Payment is approved

2020-09-08 16:26:04 - [MESSAGE][PASSED] - Text of object 'Object Repository/CERTPAY_QUICKSTI/Payment_Details_Verification_Page/PAYMENT_ID' is: '100176112291'

2020-09-08 16:26:04 - [MESSAGE][PASSED] - Object 'Object Repository/CERTPAY_QUICKSTI/Payment_Details_Verification_Page/APPROVED' is present

2020-09-08 16:26:04 - [MESSAGE][PASSED] - Payment is approved

2020-09-08 16:26:06 - [TEST_STEP][PASSED] - navigateToUrl(Admin_url): Navigate to 'https://qa-certpayadmin.faps.net' successfully

2020-09-08 16:26:12 - [MESSAGE][PASSED] - Navigate to 'https://qa-certpayadmin.faps.net' successfully

2020-09-08 16:26:12 - [TEST_STEP][PASSED] - pages.Bureau_Login_Page.loginToAdminSite(AdminUsername, AdminPassword): Quicksti.ts:Clicked on the LOGIN

2020-09-08 16:26:12 - [MESSAGE][PASSED] - Object 'Object Repository/CERTPAY_ADMIN/USER_NAME' is present

2020-09-08 16:26:12 - [MESSAGE][PASSED] - Object 'Object Repository/CERTPAY_ADMIN/USER_NAME' is visible

2020-09-08 16:26:13 - [MESSAGE][PASSED] - Object 'Object Repository/CERTPAY_ADMIN/USER_NAME' is present

2020-09-08 16:26:14 - [MESSAGE][PASSED] - Text 'VVangiliappan' is set on object 'Object Repository/CERTPAY_ADMIN/USER_NAME'

2020-09-08 16:26:14 - [MESSAGE][PASSED] - Quicksti.ts:Entered'VVangiliappan into username

2020-09-08 16:26:14 - [MESSAGE][PASSED] - Object 'Object Repository/CERTPAY_ADMIN/PASSWORD' is present

2020-09-08 16:26:15 - [MESSAGE][PASSED] - Object 'Object Repository/CERTPAY_ADMIN/PASSWORD' is visible

2020-09-08 16:26:15 - [MESSAGE][PASSED] - Object 'Object Repository/CERTPAY_ADMIN/PASSWORD' is present

2020-09-08 16:26:16 - [MESSAGE][PASSED] - Text 'Knila@12345' is set on object 'Object Repository/CERTPAY_ADMIN/PASSWORD'

2020-09-08 16:26:16 - [MESSAGE][PASSED] - Quicksti.ts:Entered'Knila@12345 into password

2020-09-08 16:26:16 - [MESSAGE][INFO] - safeClicking

2020-09-08 16:26:17 - [MESSAGE][PASSED] - Object 'Object Repository/CERTPAY_ADMIN/LOGIN_BUTTON' is present

2020-09-08 16:26:17 - [MESSAGE][PASSED] - Object 'Object Repository/CERTPAY_ADMIN/LOGIN_BUTTON' is clickable

2020-09-08 16:26:31 - [MESSAGE][PASSED] - Object: 'Object Repository/CERTPAY_ADMIN/LOGIN_BUTTON' is clicked on

2020-09-08 16:26:31 - [MESSAGE][PASSED] - Quicksti.ts:Clicked on the LOGIN

2020-09-08 16:26:31 - [TEST_STEP][PASSED] - utilities.SafeActions.safeClick(findTestObject("CERTPAY_ADMIN/TRANSACTION_SEARCH"), "TransactionSearch", [pageLoadTime]): Quicksti.ts:Clicked on the TransactionSearch

2020-09-08 16:26:31 - [MESSAGE][INFO] - safeClicking

2020-09-08 16:26:31 - [MESSAGE][PASSED] - Object 'Object Repository/CERTPAY_ADMIN/TRANSACTION_SEARCH' is present

2020-09-08 16:26:32 - [MESSAGE][PASSED] - Object 'Object Repository/CERTPAY_ADMIN/TRANSACTION_SEARCH' is clickable

2020-09-08 16:26:37 - [MESSAGE][PASSED] - Object: 'Object Repository/CERTPAY_ADMIN/TRANSACTION_SEARCH' is clicked on

2020-09-08 16:26:37 - [MESSAGE][PASSED] - Quicksti.ts:Clicked on the TransactionSearch

2020-09-08 16:26:37 - [TEST_STEP][PASSED] - utilities.SafeActions.safeType(findTestObject("CERTPAY_ADMIN/PAYMENT_ID"), paymentId, "Payment id", [pageLoadTime]): Quicksti.ts:Entered'100176112291 into Payment id

2020-09-08 16:26:38 - [MESSAGE][PASSED] - Object 'Object Repository/CERTPAY_ADMIN/PAYMENT_ID' is present

2020-09-08 16:26:38 - [MESSAGE][PASSED] - Object 'Object Repository/CERTPAY_ADMIN/PAYMENT_ID' is visible

2020-09-08 16:26:38 - [MESSAGE][PASSED] - Object 'Object Repository/CERTPAY_ADMIN/PAYMENT_ID' is present

2020-09-08 16:26:39 - [MESSAGE][PASSED] - Text '100176112291' is set on object 'Object Repository/CERTPAY_ADMIN/PAYMENT_ID'

2020-09-08 16:26:39 - [MESSAGE][PASSED] - Quicksti.ts:Entered'100176112291 into Payment id

2020-09-08 16:26:39 - [TEST_STEP][PASSED] - utilities.SafeActions.safeClick(findTestObject("CERTPAY_ADMIN/GO_BUTTON"), "Go button", [pageLoadTime]): Quicksti.ts:Clicked on the Go button

2020-09-08 16:26:39 - [MESSAGE][INFO] - safeClicking

2020-09-08 16:26:40 - [MESSAGE][PASSED] - Object 'Object Repository/CERTPAY_ADMIN/GO_BUTTON' is present

2020-09-08 16:26:40 - [MESSAGE][PASSED] - Object 'Object Repository/CERTPAY_ADMIN/GO_BUTTON' is clickable

2020-09-08 16:26:44 - [MESSAGE][PASSED] - Object: 'Object Repository/CERTPAY_ADMIN/GO_BUTTON' is clicked on

2020-09-08 16:26:44 - [MESSAGE][PASSED] - Quicksti.ts:Clicked on the Go button

2020-09-08 16:26:44 - [TEST_STEP][PASSED] - delay(5): Delayed 5 second(s)

2020-09-08 16:26:49 - [MESSAGE][PASSED] - Delayed 5 second(s)

2020-09-08 16:26:49 - [TEST_STEP][PASSED] - scrollToPosition(800, 900): Browser is scrolled to position x = 800, y = 900

2020-09-08 16:26:49 - [MESSAGE][PASSED] - Browser is scrolled to position x = 800, y = 900

2020-09-08 16:26:49 - [TEST_STEP][PASSED] - paymentIdList.add(paymentId): null

2020-09-08 16:26:49 - [TEST_STEP][PASSED] - println(paymentIdList): null

2020-09-08 16:26:49 - [TEST_STEP][PASSED] - return paymentIdList: null

2020-09-08 16:26:49 - [TEST_STEP][PASSED] - Start listener action : afterTestCase: Browser is closed

2020-09-08 16:26:49 - [TEST_STEP][PASSED] - closeBrowser(): Browser is closed

2020-09-08 16:26:50 - [MESSAGE][PASSED] - Browser is closed]]></system-out>
         <system-err><![CDATA[]]></system-err>
      </testcase>
      <testcase name="Test Cases/Certpay_Quicksti/TC_002_MultiBureauSite_SingleBureau_MultiLinePayment" time="530.613" classname="Test Cases/Certpay_Quicksti/TC_002_MultiBureauSite_SingleBureau_MultiLinePayment" status="PASSED">
         <system-out><![CDATA[2020-09-08 16:26:50 - [TEST_CASE][PASSED] - Test Cases/Certpay_Quicksti/TC_002_MultiBureauSite_SingleBureau_MultiLinePayment: Test Cases/Certpay_Quicksti/TC_002_MultiBureauSite_SingleBureau_MultiLinePayment

2020-09-08 16:26:50 - [TEST_STEP][PASSED] - Start listener action : beforeTestCase: null

2020-09-08 16:26:51 - [TEST_STEP][PASSED] - data = findTestData("Certpay/SingleBureau_MultiLine"): null

2020-09-08 16:26:51 - [TEST_STEP][PASSED] - amountList = []: null

2020-09-08 16:26:51 - [TEST_STEP][PASSED] - referenceList = []: null

2020-09-08 16:26:51 - [TEST_STEP][PASSED] - paymentTypeList = []: null

2020-09-08 16:26:51 - [TEST_STEP][PASSED] - quantityList = []: null

2020-09-08 16:26:51 - [TEST_STEP][PASSED] - commentsList = []: null

2020-09-08 16:26:51 - [TEST_STEP][PASSED] - paymentIdList = []: null

2020-09-08 16:26:51 - [TEST_STEP][PASSED] - list = new java.util.ArrayList(): null

2020-09-08 16:26:51 - [TEST_STEP][PASSED] - for (def index : (1..data.getRowNumbers())): null

2020-09-08 16:26:51 - [TEST_STEP][PASSED] - firstName = data.getValue("FirstName", index): null

2020-09-08 16:26:51 - [TEST_STEP][PASSED] - lastName = data.getValue("LastName", index): null

2020-09-08 16:26:51 - [TEST_STEP][PASSED] - cardNum = data.getValue("CardNumber", index): null

2020-09-08 16:26:51 - [TEST_STEP][PASSED] - expMonth = data.getValue("ExpMonth", index): null

2020-09-08 16:26:51 - [TEST_STEP][PASSED] - expYear = data.getValue("ExpYear", index): null

2020-09-08 16:26:51 - [TEST_STEP][PASSED] - securityCode = data.getValue("SecurityCode", index): null

2020-09-08 16:26:51 - [TEST_STEP][PASSED] - paymentAmount = data.getValue("PaymentAmount", index): null

2020-09-08 16:26:51 - [TEST_STEP][PASSED] - paymentType = data.getValue("PaymentType", index): null

2020-09-08 16:26:51 - [TEST_STEP][PASSED] - quantity = data.getValue("Quantity", index): null

2020-09-08 16:26:51 - [TEST_STEP][PASSED] - comments = data.getValue("Comments", index): null

2020-09-08 16:26:51 - [TEST_STEP][PASSED] - referenceNum = data.getValue("ReferenceNum", index): null

2020-09-08 16:26:51 - [TEST_STEP][PASSED] - address = data.getValue("Address", index): null

2020-09-08 16:26:51 - [TEST_STEP][PASSED] - zipCode = data.getValue("Zipcode", index): null

2020-09-08 16:26:51 - [TEST_STEP][PASSED] - telephone = data.getValue("Telephone", index): null

2020-09-08 16:26:51 - [TEST_STEP][PASSED] - emailAddress = data.getValue("EmailAddress", index): null

2020-09-08 16:26:51 - [TEST_STEP][PASSED] - cardType = data.getValue("CardType", index): null

2020-09-08 16:26:51 - [TEST_STEP][PASSED] - amountList = paymentAmount.split(","): null

2020-09-08 16:26:51 - [TEST_STEP][PASSED] - referenceList = referenceNum.split(","): null

2020-09-08 16:26:51 - [TEST_STEP][PASSED] - paymentTypeList = paymentType.split(","): null

2020-09-08 16:26:51 - [TEST_STEP][PASSED] - commentsList = comments.split(","): null

2020-09-08 16:26:51 - [TEST_STEP][PASSED] - quantityList = quantity.split(","): null

2020-09-08 16:26:51 - [TEST_STEP][PASSED] - utilities.SafeActions.openBrowser(Quicksti_Url, [pageLoadTime]): Browser launched successfully

2020-09-08 16:26:51 - [MESSAGE][INFO] - Opening Browser

2020-09-08 16:26:51 - [MESSAGE][INFO] - Starting 'Chrome' driver

2020-09-08 16:26:59 - [MESSAGE][PASSED] - Browser is opened with url: 'https://qa-certpayquicksti.faps.net/'

2020-09-08 16:27:01 - [MESSAGE][PASSED] - Current window maximized

2020-09-08 16:27:01 - [MESSAGE][PASSED] - Browser launched successfully

2020-09-08 16:27:01 - [TEST_STEP][PASSED] - utilities.SafeActions.safeCheck(findTestObject("CERTPAY_QUICKSTI/Login_ Page/MULTI_BUREAU_CHECKBOX"), "Multi Bureau", [pageLoadTime]): Quicksti.ts:Checkbox 'Multi Bureau'is selected

2020-09-08 16:27:01 - [MESSAGE][PASSED] - Object 'Object Repository/CERTPAY_QUICKSTI/Login_ Page/MULTI_BUREAU_CHECKBOX' is present

2020-09-08 16:27:02 - [MESSAGE][PASSED] - Object 'Object Repository/CERTPAY_QUICKSTI/Login_ Page/MULTI_BUREAU_CHECKBOX' is present

2020-09-08 16:27:04 - [MESSAGE][PASSED] - Object: 'Object Repository/CERTPAY_QUICKSTI/Login_ Page/MULTI_BUREAU_CHECKBOX' is clicked on

2020-09-08 16:27:04 - [MESSAGE][PASSED] - Quicksti.ts:Checkbox 'Multi Bureau'is selected

2020-09-08 16:27:04 - [TEST_STEP][PASSED] - utilities.SafeActions.safeType(findTestObject("CERTPAY_QUICKSTI/Login_ Page/TELLER_ID"), teller_id, "Bureau code", [pageLoadTime]): Quicksti.ts:Entered'zenq into Bureau code

2020-09-08 16:27:05 - [MESSAGE][PASSED] - Object 'Object Repository/CERTPAY_QUICKSTI/Login_ Page/TELLER_ID' is present

2020-09-08 16:27:05 - [MESSAGE][PASSED] - Object 'Object Repository/CERTPAY_QUICKSTI/Login_ Page/TELLER_ID' is visible

2020-09-08 16:27:05 - [MESSAGE][PASSED] - Object 'Object Repository/CERTPAY_QUICKSTI/Login_ Page/TELLER_ID' is present

2020-09-08 16:27:07 - [MESSAGE][PASSED] - Text 'zenq' is set on object 'Object Repository/CERTPAY_QUICKSTI/Login_ Page/TELLER_ID'

2020-09-08 16:27:07 - [MESSAGE][PASSED] - Quicksti.ts:Entered'zenq into Bureau code

2020-09-08 16:27:07 - [TEST_STEP][PASSED] - utilities.SafeActions.safeClick(findTestObject("CERTPAY_QUICKSTI/Login_ Page/NEXT_BUTTON"), "Next button", [pageLoadTime]): Quicksti.ts:Clicked on the Next button

2020-09-08 16:27:07 - [MESSAGE][INFO] - safeClicking

2020-09-08 16:27:07 - [MESSAGE][PASSED] - Object 'Object Repository/CERTPAY_QUICKSTI/Login_ Page/NEXT_BUTTON' is present

2020-09-08 16:27:07 - [MESSAGE][PASSED] - Object 'Object Repository/CERTPAY_QUICKSTI/Login_ Page/NEXT_BUTTON' is clickable

2020-09-08 16:27:12 - [MESSAGE][PASSED] - Object: 'Object Repository/CERTPAY_QUICKSTI/Login_ Page/NEXT_BUTTON' is clicked on

2020-09-08 16:27:12 - [MESSAGE][PASSED] - Quicksti.ts:Clicked on the Next button

2020-09-08 16:27:12 - [TEST_STEP][PASSED] - for ([i = 0, i <= amountList.size() - 1, (i++)]): Quicksti.ts:Entered'2 into Quntity

2020-09-08 16:27:12 - [TEST_STEP][PASSED] - s = Integer.toString(i): null

2020-09-08 16:27:12 - [TEST_STEP][PASSED] - pages.Quicksti.setCommnets("0", s, commentsList.get(i)): Quicksti.ts:Entered'Testing into Comments

2020-09-08 16:27:12 - [MESSAGE][PASSED] - Object '' is present

2020-09-08 16:27:12 - [MESSAGE][PASSED] - Object '' is visible

2020-09-08 16:27:13 - [MESSAGE][PASSED] - Object '' is present

2020-09-08 16:27:14 - [MESSAGE][PASSED] - Text 'Testing' is set on object ''

2020-09-08 16:27:14 - [MESSAGE][PASSED] - Quicksti.ts:Entered'Testing into Comments

2020-09-08 16:27:14 - [TEST_STEP][PASSED] - utilities.SafeActions.safeType(findTestObject("CERTPAY_QUICKSTI/Payment_Information_Page/PAYMENT_AMOUNT"), amountList.get(i), "Payment Amount", [pageLoadTime]): Quicksti.ts:Entered'45.00 into Payment Amount

2020-09-08 16:27:15 - [MESSAGE][PASSED] - Object 'Object Repository/CERTPAY_QUICKSTI/Payment_Information_Page/PAYMENT_AMOUNT' is present

2020-09-08 16:27:15 - [MESSAGE][PASSED] - Object 'Object Repository/CERTPAY_QUICKSTI/Payment_Information_Page/PAYMENT_AMOUNT' is visible

2020-09-08 16:27:15 - [MESSAGE][PASSED] - Object 'Object Repository/CERTPAY_QUICKSTI/Payment_Information_Page/PAYMENT_AMOUNT' is present

2020-09-08 16:27:16 - [MESSAGE][PASSED] - Text '45.00' is set on object 'Object Repository/CERTPAY_QUICKSTI/Payment_Information_Page/PAYMENT_AMOUNT'

2020-09-08 16:27:16 - [MESSAGE][PASSED] - Quicksti.ts:Entered'45.00 into Payment Amount

2020-09-08 16:27:16 - [TEST_STEP][PASSED] - pages.Quicksti.setAmountDetailsForMultiBureau(s, paymentTypeList.get(i), "0", referenceList.get(i), quantityList.get(i)): Quicksti.ts:Entered'1 into Quntity

2020-09-08 16:27:17 - [MESSAGE][PASSED] - Object '' is visible

2020-09-08 16:27:17 - [MESSAGE][PASSED] - Object '' is present

2020-09-08 16:27:19 - [MESSAGE][PASSED] - Object: '' is clicked on

2020-09-08 16:27:20 - [MESSAGE][PASSED] - All options with label 'Licenses' are selected in object ''  using regular expression

2020-09-08 16:27:20 - [MESSAGE][PASSED] - selected dropdown option by visible text  Licensesfrom Payment Type

2020-09-08 16:27:20 - [MESSAGE][PASSED] - Object '' is present

2020-09-08 16:27:21 - [MESSAGE][PASSED] - Object '' is visible

2020-09-08 16:27:21 - [MESSAGE][PASSED] - Object '' is present

2020-09-08 16:27:22 - [MESSAGE][PASSED] - Text '11' is set on object ''

2020-09-08 16:27:22 - [MESSAGE][PASSED] - Quicksti.ts:Entered'11 into RefrenceNumber

2020-09-08 16:27:22 - [MESSAGE][PASSED] - Object '' is present

2020-09-08 16:27:23 - [MESSAGE][PASSED] - Object '' is visible

2020-09-08 16:27:23 - [MESSAGE][PASSED] - Object '' is present

2020-09-08 16:27:24 - [MESSAGE][PASSED] - Text '1' is set on object ''

2020-09-08 16:27:24 - [MESSAGE][PASSED] - Quicksti.ts:Entered'1 into Quntity

2020-09-08 16:27:24 - [TEST_STEP][PASSED] - s = Integer.toString(i): null

2020-09-08 16:27:24 - [TEST_STEP][PASSED] - pages.Quicksti.setCommnets("0", s, commentsList.get(i)): Quicksti.ts:Entered'Tester into Comments

2020-09-08 16:27:25 - [MESSAGE][PASSED] - Object '' is present

2020-09-08 16:27:25 - [MESSAGE][PASSED] - Object '' is visible

2020-09-08 16:27:25 - [MESSAGE][PASSED] - Object '' is present

2020-09-08 16:27:27 - [MESSAGE][PASSED] - Text 'Tester' is set on object ''

2020-09-08 16:27:27 - [MESSAGE][PASSED] - Quicksti.ts:Entered'Tester into Comments

2020-09-08 16:27:27 - [TEST_STEP][PASSED] - utilities.SafeActions.safeType(findTestObject("CERTPAY_QUICKSTI/Payment_Information_Page/PAYMENT_AMOUNT"), amountList.get(i), "Payment Amount", [pageLoadTime]): Quicksti.ts:Entered'35.00 into Payment Amount

2020-09-08 16:27:27 - [MESSAGE][PASSED] - Object 'Object Repository/CERTPAY_QUICKSTI/Payment_Information_Page/PAYMENT_AMOUNT' is present

2020-09-08 16:27:27 - [MESSAGE][PASSED] - Object 'Object Repository/CERTPAY_QUICKSTI/Payment_Information_Page/PAYMENT_AMOUNT' is visible

2020-09-08 16:27:28 - [MESSAGE][PASSED] - Object 'Object Repository/CERTPAY_QUICKSTI/Payment_Information_Page/PAYMENT_AMOUNT' is present

2020-09-08 16:27:29 - [MESSAGE][PASSED] - Text '35.00' is set on object 'Object Repository/CERTPAY_QUICKSTI/Payment_Information_Page/PAYMENT_AMOUNT'

2020-09-08 16:27:29 - [MESSAGE][PASSED] - Quicksti.ts:Entered'35.00 into Payment Amount

2020-09-08 16:27:29 - [TEST_STEP][PASSED] - pages.Quicksti.setAmountDetailsForMultiBureau(s, paymentTypeList.get(i), "0", referenceList.get(i), quantityList.get(i)): Quicksti.ts:Entered'2 into Quntity

2020-09-08 16:27:30 - [MESSAGE][PASSED] - Object '' is visible

2020-09-08 16:27:30 - [MESSAGE][PASSED] - Object '' is present

2020-09-08 16:27:31 - [MESSAGE][PASSED] - Object: '' is clicked on

2020-09-08 16:27:32 - [MESSAGE][PASSED] - All options with label 'Taxes' are selected in object ''  using regular expression

2020-09-08 16:27:32 - [MESSAGE][PASSED] - selected dropdown option by visible text  Taxesfrom Payment Type

2020-09-08 16:27:33 - [MESSAGE][PASSED] - Object '' is present

2020-09-08 16:27:33 - [MESSAGE][PASSED] - Object '' is visible

2020-09-08 16:27:33 - [MESSAGE][PASSED] - Object '' is present

2020-09-08 16:27:35 - [MESSAGE][PASSED] - Text '12' is set on object ''

2020-09-08 16:27:35 - [MESSAGE][PASSED] - Quicksti.ts:Entered'12 into RefrenceNumber

2020-09-08 16:27:35 - [MESSAGE][PASSED] - Object '' is present

2020-09-08 16:27:35 - [MESSAGE][PASSED] - Object '' is visible

2020-09-08 16:27:36 - [MESSAGE][PASSED] - Object '' is present

2020-09-08 16:27:37 - [MESSAGE][PASSED] - Text '2' is set on object ''

2020-09-08 16:27:37 - [MESSAGE][PASSED] - Quicksti.ts:Entered'2 into Quntity

2020-09-08 16:27:37 - [TEST_STEP][PASSED] - amount_Value = pages.Quicksti.getAttributeValue(findTestObject("CERTPAY_QUICKSTI/Payment_Information_Page/SUB_TOTAL")): pages.Quicksti.getAttributeValue is PASSED

2020-09-08 16:27:37 - [MESSAGE][PASSED] - Attribute 'value' of object 'Object Repository/CERTPAY_QUICKSTI/Payment_Information_Page/SUB_TOTAL' is: '45.00'

2020-09-08 16:27:37 - [MESSAGE][PASSED] - pages.Quicksti.getAttributeValue is PASSED

2020-09-08 16:27:37 - [TEST_STEP][PASSED] - utilities.SafeActions.safeClick(findTestObject("CERTPAY_QUICKSTI/Payment_Information_Page/MANUAL_ENTRY_BUTTON"), "ManualEntry", [pageLoadTime]): Quicksti.ts:Clicked on the ManualEntry

2020-09-08 16:27:37 - [MESSAGE][INFO] - safeClicking

2020-09-08 16:27:38 - [MESSAGE][PASSED] - Object 'Object Repository/CERTPAY_QUICKSTI/Payment_Information_Page/MANUAL_ENTRY_BUTTON' is present

2020-09-08 16:27:38 - [MESSAGE][PASSED] - Object 'Object Repository/CERTPAY_QUICKSTI/Payment_Information_Page/MANUAL_ENTRY_BUTTON' is clickable

2020-09-08 16:27:42 - [MESSAGE][PASSED] - Object: 'Object Repository/CERTPAY_QUICKSTI/Payment_Information_Page/MANUAL_ENTRY_BUTTON' is clicked on

2020-09-08 16:27:42 - [MESSAGE][PASSED] - Quicksti.ts:Clicked on the ManualEntry

2020-09-08 16:27:42 - [TEST_STEP][PASSED] - CardNumber = pages.Quicksti.setUserPaymentDetails(firstName, lastName, cardNum): Quicksti.ts:Entered'4761739001010135 into CardNum

2020-09-08 16:27:42 - [MESSAGE][PASSED] - Object 'Object Repository/CERTPAY_QUICKSTI/Payment_Information_Page/FIRST_NAME' is present

2020-09-08 16:27:43 - [MESSAGE][PASSED] - Object 'Object Repository/CERTPAY_QUICKSTI/Payment_Information_Page/FIRST_NAME' is visible

2020-09-08 16:27:43 - [MESSAGE][PASSED] - Object 'Object Repository/CERTPAY_QUICKSTI/Payment_Information_Page/FIRST_NAME' is present

2020-09-08 16:27:44 - [MESSAGE][PASSED] - Text 'Tester' is set on object 'Object Repository/CERTPAY_QUICKSTI/Payment_Information_Page/FIRST_NAME'

2020-09-08 16:27:44 - [MESSAGE][PASSED] - Quicksti.ts:Entered'Tester into FirstName

2020-09-08 16:27:45 - [MESSAGE][PASSED] - Object 'Object Repository/CERTPAY_QUICKSTI/Payment_Information_Page/LAST_NAME' is present

2020-09-08 16:27:45 - [MESSAGE][PASSED] - Object 'Object Repository/CERTPAY_QUICKSTI/Payment_Information_Page/LAST_NAME' is visible

2020-09-08 16:27:45 - [MESSAGE][PASSED] - Object 'Object Repository/CERTPAY_QUICKSTI/Payment_Information_Page/LAST_NAME' is present

2020-09-08 16:27:47 - [MESSAGE][PASSED] - Text 'Zenq1' is set on object 'Object Repository/CERTPAY_QUICKSTI/Payment_Information_Page/LAST_NAME'

2020-09-08 16:27:47 - [MESSAGE][PASSED] - Quicksti.ts:Entered'Zenq1 into LAstName

2020-09-08 16:27:47 - [MESSAGE][PASSED] - Object 'Object Repository/CERTPAY_QUICKSTI/Payment_Information_Page/CARD_NUMBER' is present

2020-09-08 16:27:47 - [MESSAGE][PASSED] - Object 'Object Repository/CERTPAY_QUICKSTI/Payment_Information_Page/CARD_NUMBER' is visible

2020-09-08 16:27:48 - [MESSAGE][PASSED] - Object 'Object Repository/CERTPAY_QUICKSTI/Payment_Information_Page/CARD_NUMBER' is present

2020-09-08 16:27:49 - [MESSAGE][PASSED] - Text '4761739001010135' is set on object 'Object Repository/CERTPAY_QUICKSTI/Payment_Information_Page/CARD_NUMBER'

2020-09-08 16:27:49 - [MESSAGE][PASSED] - Quicksti.ts:Entered'4761739001010135 into CardNum

2020-09-08 16:27:49 - [TEST_STEP][PASSED] - pages.Quicksti.setExpDate(expMonth, expYear, securityCode): Quicksti.ts:Entered'207 into securityCode

2020-09-08 16:27:49 - [MESSAGE][PASSED] - Object 'Object Repository/CERTPAY_QUICKSTI/Payment_Information_Page/EXP_MONTH' is visible

2020-09-08 16:27:50 - [MESSAGE][PASSED] - Object 'Object Repository/CERTPAY_QUICKSTI/Payment_Information_Page/EXP_MONTH' is present

2020-09-08 16:27:51 - [MESSAGE][PASSED] - Object: 'Object Repository/CERTPAY_QUICKSTI/Payment_Information_Page/EXP_MONTH' is clicked on

2020-09-08 16:27:52 - [MESSAGE][PASSED] - All options with label '03' are selected in object 'Object Repository/CERTPAY_QUICKSTI/Payment_Information_Page/EXP_MONTH'  using regular expression

2020-09-08 16:27:52 - [MESSAGE][PASSED] - selected dropdown option by visible text  03from expMonth

2020-09-08 16:27:53 - [MESSAGE][PASSED] - Object 'Object Repository/CERTPAY_QUICKSTI/Payment_Information_Page/EXP_YEAR' is visible

2020-09-08 16:27:53 - [MESSAGE][PASSED] - Object 'Object Repository/CERTPAY_QUICKSTI/Payment_Information_Page/EXP_YEAR' is present

2020-09-08 16:27:54 - [MESSAGE][PASSED] - Object: 'Object Repository/CERTPAY_QUICKSTI/Payment_Information_Page/EXP_YEAR' is clicked on

2020-09-08 16:27:56 - [MESSAGE][PASSED] - All options with label '2022' are selected in object 'Object Repository/CERTPAY_QUICKSTI/Payment_Information_Page/EXP_YEAR'  using regular expression

2020-09-08 16:27:56 - [MESSAGE][PASSED] - selected dropdown option by visible text  2022from  expYear

2020-09-08 16:27:56 - [MESSAGE][PASSED] - Object 'Object Repository/CERTPAY_QUICKSTI/Payment_Information_Page/SECURITY_CODE' is present

2020-09-08 16:27:56 - [MESSAGE][PASSED] - Object 'Object Repository/CERTPAY_QUICKSTI/Payment_Information_Page/SECURITY_CODE' is visible

2020-09-08 16:27:56 - [MESSAGE][PASSED] - Object 'Object Repository/CERTPAY_QUICKSTI/Payment_Information_Page/SECURITY_CODE' is present

2020-09-08 16:27:58 - [MESSAGE][PASSED] - Text '207' is set on object 'Object Repository/CERTPAY_QUICKSTI/Payment_Information_Page/SECURITY_CODE'

2020-09-08 16:27:58 - [MESSAGE][PASSED] - Quicksti.ts:Entered'207 into securityCode

2020-09-08 16:27:58 - [TEST_STEP][PASSED] - utilities.SafeActions.safeType(findTestObject("CERTPAY_QUICKSTI/Payment_Information_Page/ADDRESS"), address, "Address", [pageLoadTime]): Quicksti.ts:Entered'14-2 into Address

2020-09-08 16:27:58 - [MESSAGE][PASSED] - Object 'Object Repository/CERTPAY_QUICKSTI/Payment_Information_Page/ADDRESS' is present

2020-09-08 16:27:59 - [MESSAGE][PASSED] - Object 'Object Repository/CERTPAY_QUICKSTI/Payment_Information_Page/ADDRESS' is visible

2020-09-08 16:27:59 - [MESSAGE][PASSED] - Object 'Object Repository/CERTPAY_QUICKSTI/Payment_Information_Page/ADDRESS' is present

2020-09-08 16:28:00 - [MESSAGE][PASSED] - Text '14-2' is set on object 'Object Repository/CERTPAY_QUICKSTI/Payment_Information_Page/ADDRESS'

2020-09-08 16:28:00 - [MESSAGE][PASSED] - Quicksti.ts:Entered'14-2 into Address

2020-09-08 16:28:00 - [TEST_STEP][PASSED] - utilities.SafeActions.safeType(findTestObject("CERTPAY_QUICKSTI/Payment_Information_Page/ZIP_CODE"), zipCode, "zipcode", [pageLoadTime]): Quicksti.ts:Entered'76102 into zipcode

2020-09-08 16:28:00 - [MESSAGE][PASSED] - Object 'Object Repository/CERTPAY_QUICKSTI/Payment_Information_Page/ZIP_CODE' is present

2020-09-08 16:28:01 - [MESSAGE][PASSED] - Object 'Object Repository/CERTPAY_QUICKSTI/Payment_Information_Page/ZIP_CODE' is visible

2020-09-08 16:28:01 - [MESSAGE][PASSED] - Object 'Object Repository/CERTPAY_QUICKSTI/Payment_Information_Page/ZIP_CODE' is present

2020-09-08 16:28:02 - [MESSAGE][PASSED] - Text '76102' is set on object 'Object Repository/CERTPAY_QUICKSTI/Payment_Information_Page/ZIP_CODE'

2020-09-08 16:28:02 - [MESSAGE][PASSED] - Quicksti.ts:Entered'76102 into zipcode

2020-09-08 16:28:02 - [TEST_STEP][PASSED] - utilities.SafeActions.safeType(findTestObject("CERTPAY_QUICKSTI/Payment_Information_Page/TELEPHONE"), telephone, "Telephone", [pageLoadTime]): Quicksti.ts:Entered'9988776655 into Telephone

2020-09-08 16:28:03 - [MESSAGE][PASSED] - Object 'Object Repository/CERTPAY_QUICKSTI/Payment_Information_Page/TELEPHONE' is present

2020-09-08 16:28:03 - [MESSAGE][PASSED] - Object 'Object Repository/CERTPAY_QUICKSTI/Payment_Information_Page/TELEPHONE' is visible

2020-09-08 16:28:03 - [MESSAGE][PASSED] - Object 'Object Repository/CERTPAY_QUICKSTI/Payment_Information_Page/TELEPHONE' is present

2020-09-08 16:28:05 - [MESSAGE][PASSED] - Text '9988776655' is set on object 'Object Repository/CERTPAY_QUICKSTI/Payment_Information_Page/TELEPHONE'

2020-09-08 16:28:05 - [MESSAGE][PASSED] - Quicksti.ts:Entered'9988776655 into Telephone

2020-09-08 16:28:05 - [TEST_STEP][PASSED] - utilities.SafeActions.safeType(findTestObject("CERTPAY_QUICKSTI/Payment_Information_Page/EMAIL_ADDRESS"), emailAddress, "EMAIL address", [pageLoadTime]): Quicksti.ts:Entered'testing@zenq.com into EMAIL address

2020-09-08 16:28:05 - [MESSAGE][PASSED] - Object 'Object Repository/CERTPAY_QUICKSTI/Payment_Information_Page/EMAIL_ADDRESS' is present

2020-09-08 16:28:05 - [MESSAGE][PASSED] - Object 'Object Repository/CERTPAY_QUICKSTI/Payment_Information_Page/EMAIL_ADDRESS' is visible

2020-09-08 16:28:06 - [MESSAGE][PASSED] - Object 'Object Repository/CERTPAY_QUICKSTI/Payment_Information_Page/EMAIL_ADDRESS' is present

2020-09-08 16:28:07 - [MESSAGE][PASSED] - Text 'testing@zenq.com' is set on object 'Object Repository/CERTPAY_QUICKSTI/Payment_Information_Page/EMAIL_ADDRESS'

2020-09-08 16:28:07 - [MESSAGE][PASSED] - Quicksti.ts:Entered'testing@zenq.com into EMAIL address

2020-09-08 16:28:07 - [TEST_STEP][PASSED] - utilities.SafeActions.safeClick(findTestObject("CERTPAY_QUICKSTI/Payment_Information_Page/NEXT_BUTTON"), "Next", [pageLoadTime]): Quicksti.ts:Clicked on the Next

2020-09-08 16:28:07 - [MESSAGE][INFO] - safeClicking

2020-09-08 16:28:07 - [MESSAGE][PASSED] - Object 'Object Repository/CERTPAY_QUICKSTI/Payment_Information_Page/NEXT_BUTTON' is present

2020-09-08 16:28:08 - [MESSAGE][PASSED] - Object 'Object Repository/CERTPAY_QUICKSTI/Payment_Information_Page/NEXT_BUTTON' is clickable

2020-09-08 16:28:11 - [MESSAGE][PASSED] - Object: 'Object Repository/CERTPAY_QUICKSTI/Payment_Information_Page/NEXT_BUTTON' is clicked on

2020-09-08 16:28:11 - [MESSAGE][PASSED] - Quicksti.ts:Clicked on the Next

2020-09-08 16:28:11 - [TEST_STEP][PASSED] - pages.Quicksti.verifyUserPaymentDetails(amountList.get(0), firstName, lastName, CardNumber): pages.Quicksti.verifyUserPaymentDetails is PASSED

2020-09-08 16:28:12 - [MESSAGE][PASSED] - Text of object 'Object Repository/CERTPAY_QUICKSTI/Payment_Details_Verification_Page/AMOUNT' is: '$45.00'

2020-09-08 16:28:12 - [MESSAGE][PASSED] - Actual text '45.00' and expected text '45.00' are matched  using regular expression

2020-09-08 16:28:12 - [MESSAGE][PASSED] - Text of object 'Object Repository/CERTPAY_QUICKSTI/Payment_Details_Verification_Page/NAME' is: 'Tester Zenq1'

2020-09-08 16:28:12 - [MESSAGE][PASSED] - Actual text 'Tester Zenq1' and expected text 'Tester Zenq1' are matched  using regular expression

2020-09-08 16:28:13 - [MESSAGE][PASSED] - Text of object 'Object Repository/CERTPAY_QUICKSTI/Payment_Details_Verification_Page/CARD_NUMBER' is: '...0135'

2020-09-08 16:28:13 - [MESSAGE][PASSED] - Actual text '0135' and expected text '0135' are matched  using regular expression

2020-09-08 16:28:13 - [MESSAGE][PASSED] - pages.Quicksti.verifyUserPaymentDetails is PASSED

2020-09-08 16:28:13 - [TEST_STEP][PASSED] - delay(2): Delayed 2 second(s)

2020-09-08 16:28:15 - [MESSAGE][PASSED] - Delayed 2 second(s)

2020-09-08 16:28:15 - [TEST_STEP][PASSED] - scrollToElement(findTestObject("CERTPAY_QUICKSTI/Payment_Details_Verification_Page/PROCESS"), 0): Scroll to object 'Object Repository/CERTPAY_QUICKSTI/Payment_Details_Verification_Page/PROCESS' successfully

2020-09-08 16:28:15 - [MESSAGE][WARNING] - Timeout '0' is invalid. Using default page load timeout: '30'

2020-09-08 16:28:15 - [MESSAGE][PASSED] - Scroll to object 'Object Repository/CERTPAY_QUICKSTI/Payment_Details_Verification_Page/PROCESS' successfully

2020-09-08 16:28:15 - [TEST_STEP][PASSED] - utilities.SafeActions.safeClick(findTestObject("CERTPAY_QUICKSTI/Payment_Details_Verification_Page/PROCESS"), "Process", [pageLoadTime]): Quicksti.ts:Clicked on the Process

2020-09-08 16:28:15 - [MESSAGE][INFO] - safeClicking

2020-09-08 16:28:15 - [MESSAGE][PASSED] - Object 'Object Repository/CERTPAY_QUICKSTI/Payment_Details_Verification_Page/PROCESS' is present

2020-09-08 16:28:16 - [MESSAGE][PASSED] - Object 'Object Repository/CERTPAY_QUICKSTI/Payment_Details_Verification_Page/PROCESS' is clickable

2020-09-08 16:28:20 - [MESSAGE][PASSED] - Object: 'Object Repository/CERTPAY_QUICKSTI/Payment_Details_Verification_Page/PROCESS' is clicked on

2020-09-08 16:28:20 - [MESSAGE][PASSED] - Quicksti.ts:Clicked on the Process

2020-09-08 16:28:20 - [TEST_STEP][PASSED] - PaymentID = pages.Quicksti.verifyPaymentApproval(findTestObject("CERTPAY_QUICKSTI/Payment_Details_Verification_Page/APPROVED")): Payment is approved

2020-09-08 16:28:21 - [MESSAGE][PASSED] - Text of object 'Object Repository/CERTPAY_QUICKSTI/Payment_Details_Verification_Page/PAYMENT_ID' is: '100176112295'

2020-09-08 16:28:21 - [MESSAGE][PASSED] - Object 'Object Repository/CERTPAY_QUICKSTI/Payment_Details_Verification_Page/APPROVED' is present

2020-09-08 16:28:21 - [MESSAGE][PASSED] - Payment is approved

2020-09-08 16:28:23 - [TEST_STEP][PASSED] - navigateToUrl(Admin_url): Navigate to 'https://qa-certpayadmin.faps.net' successfully

2020-09-08 16:28:28 - [MESSAGE][PASSED] - Navigate to 'https://qa-certpayadmin.faps.net' successfully

2020-09-08 16:28:28 - [TEST_STEP][PASSED] - pages.Bureau_Login_Page.loginToAdminSite(AdminUsername, AdminPassword): Quicksti.ts:Clicked on the LOGIN

2020-09-08 16:28:28 - [MESSAGE][PASSED] - Object 'Object Repository/CERTPAY_ADMIN/USER_NAME' is present

2020-09-08 16:28:29 - [MESSAGE][PASSED] - Object 'Object Repository/CERTPAY_ADMIN/USER_NAME' is visible

2020-09-08 16:28:29 - [MESSAGE][PASSED] - Object 'Object Repository/CERTPAY_ADMIN/USER_NAME' is present

2020-09-08 16:28:30 - [MESSAGE][PASSED] - Text 'VVangiliappan' is set on object 'Object Repository/CERTPAY_ADMIN/USER_NAME'

2020-09-08 16:28:30 - [MESSAGE][PASSED] - Quicksti.ts:Entered'VVangiliappan into username

2020-09-08 16:28:31 - [MESSAGE][PASSED] - Object 'Object Repository/CERTPAY_ADMIN/PASSWORD' is present

2020-09-08 16:28:31 - [MESSAGE][PASSED] - Object 'Object Repository/CERTPAY_ADMIN/PASSWORD' is visible

2020-09-08 16:28:31 - [MESSAGE][PASSED] - Object 'Object Repository/CERTPAY_ADMIN/PASSWORD' is present

2020-09-08 16:28:33 - [MESSAGE][PASSED] - Text 'Knila@12345' is set on object 'Object Repository/CERTPAY_ADMIN/PASSWORD'

2020-09-08 16:28:33 - [MESSAGE][PASSED] - Quicksti.ts:Entered'Knila@12345 into password

2020-09-08 16:28:33 - [MESSAGE][INFO] - safeClicking

2020-09-08 16:28:33 - [MESSAGE][PASSED] - Object 'Object Repository/CERTPAY_ADMIN/LOGIN_BUTTON' is present

2020-09-08 16:28:33 - [MESSAGE][PASSED] - Object 'Object Repository/CERTPAY_ADMIN/LOGIN_BUTTON' is clickable

2020-09-08 16:28:45 - [MESSAGE][PASSED] - Object: 'Object Repository/CERTPAY_ADMIN/LOGIN_BUTTON' is clicked on

2020-09-08 16:28:45 - [MESSAGE][PASSED] - Quicksti.ts:Clicked on the LOGIN

2020-09-08 16:28:45 - [TEST_STEP][PASSED] - utilities.SafeActions.safeClick(findTestObject("CERTPAY_ADMIN/TRANSACTION_SEARCH"), "TransactionSearch", [pageLoadTime]): Quicksti.ts:Clicked on the TransactionSearch

2020-09-08 16:28:45 - [MESSAGE][INFO] - safeClicking

2020-09-08 16:28:46 - [MESSAGE][PASSED] - Object 'Object Repository/CERTPAY_ADMIN/TRANSACTION_SEARCH' is present

2020-09-08 16:28:46 - [MESSAGE][PASSED] - Object 'Object Repository/CERTPAY_ADMIN/TRANSACTION_SEARCH' is clickable

2020-09-08 16:28:50 - [MESSAGE][PASSED] - Object: 'Object Repository/CERTPAY_ADMIN/TRANSACTION_SEARCH' is clicked on

2020-09-08 16:28:50 - [MESSAGE][PASSED] - Quicksti.ts:Clicked on the TransactionSearch

2020-09-08 16:28:50 - [TEST_STEP][PASSED] - delay(2): Delayed 2 second(s)

2020-09-08 16:28:52 - [MESSAGE][PASSED] - Delayed 2 second(s)

2020-09-08 16:28:52 - [TEST_STEP][PASSED] - utilities.SafeActions.safeType(findTestObject("CERTPAY_ADMIN/PAYMENT_ID"), PaymentID, "Payment id", [pageLoadTime]): Quicksti.ts:Entered'100176112295 into Payment id

2020-09-08 16:28:53 - [MESSAGE][PASSED] - Object 'Object Repository/CERTPAY_ADMIN/PAYMENT_ID' is present

2020-09-08 16:28:53 - [MESSAGE][PASSED] - Object 'Object Repository/CERTPAY_ADMIN/PAYMENT_ID' is visible

2020-09-08 16:28:53 - [MESSAGE][PASSED] - Object 'Object Repository/CERTPAY_ADMIN/PAYMENT_ID' is present

2020-09-08 16:28:55 - [MESSAGE][PASSED] - Text '100176112295' is set on object 'Object Repository/CERTPAY_ADMIN/PAYMENT_ID'

2020-09-08 16:28:55 - [MESSAGE][PASSED] - Quicksti.ts:Entered'100176112295 into Payment id

2020-09-08 16:28:55 - [TEST_STEP][PASSED] - utilities.SafeActions.safeClick(findTestObject("CERTPAY_ADMIN/GO_BUTTON"), "Go button", [pageLoadTime]): Quicksti.ts:Clicked on the Go button

2020-09-08 16:28:55 - [MESSAGE][INFO] - safeClicking

2020-09-08 16:28:55 - [MESSAGE][PASSED] - Object 'Object Repository/CERTPAY_ADMIN/GO_BUTTON' is present

2020-09-08 16:28:55 - [MESSAGE][PASSED] - Object 'Object Repository/CERTPAY_ADMIN/GO_BUTTON' is clickable

2020-09-08 16:28:58 - [MESSAGE][PASSED] - Object: 'Object Repository/CERTPAY_ADMIN/GO_BUTTON' is clicked on

2020-09-08 16:28:58 - [MESSAGE][PASSED] - Quicksti.ts:Clicked on the Go button

2020-09-08 16:28:58 - [TEST_STEP][PASSED] - delay(5): Delayed 5 second(s)

2020-09-08 16:29:03 - [MESSAGE][PASSED] - Delayed 5 second(s)

2020-09-08 16:29:03 - [TEST_STEP][PASSED] - scrollToPosition(800, 900): Browser is scrolled to position x = 800, y = 900

2020-09-08 16:29:03 - [MESSAGE][PASSED] - Browser is scrolled to position x = 800, y = 900

2020-09-08 16:29:03 - [TEST_STEP][PASSED] - paymentIdList.add(PaymentID): null

2020-09-08 16:29:03 - [TEST_STEP][PASSED] - println(paymentIdList): null

2020-09-08 16:29:03 - [TEST_STEP][PASSED] - firstName = data.getValue("FirstName", index): null

2020-09-08 16:29:03 - [TEST_STEP][PASSED] - lastName = data.getValue("LastName", index): null

2020-09-08 16:29:03 - [TEST_STEP][PASSED] - cardNum = data.getValue("CardNumber", index): null

2020-09-08 16:29:03 - [TEST_STEP][PASSED] - expMonth = data.getValue("ExpMonth", index): null

2020-09-08 16:29:03 - [TEST_STEP][PASSED] - expYear = data.getValue("ExpYear", index): null

2020-09-08 16:29:03 - [TEST_STEP][PASSED] - securityCode = data.getValue("SecurityCode", index): null

2020-09-08 16:29:03 - [TEST_STEP][PASSED] - paymentAmount = data.getValue("PaymentAmount", index): null

2020-09-08 16:29:03 - [TEST_STEP][PASSED] - paymentType = data.getValue("PaymentType", index): null

2020-09-08 16:29:03 - [TEST_STEP][PASSED] - quantity = data.getValue("Quantity", index): null

2020-09-08 16:29:03 - [TEST_STEP][PASSED] - comments = data.getValue("Comments", index): null

2020-09-08 16:29:03 - [TEST_STEP][PASSED] - referenceNum = data.getValue("ReferenceNum", index): null

2020-09-08 16:29:03 - [TEST_STEP][PASSED] - address = data.getValue("Address", index): null

2020-09-08 16:29:03 - [TEST_STEP][PASSED] - zipCode = data.getValue("Zipcode", index): null

2020-09-08 16:29:03 - [TEST_STEP][PASSED] - telephone = data.getValue("Telephone", index): null

2020-09-08 16:29:03 - [TEST_STEP][PASSED] - emailAddress = data.getValue("EmailAddress", index): null

2020-09-08 16:29:03 - [TEST_STEP][PASSED] - cardType = data.getValue("CardType", index): null

2020-09-08 16:29:03 - [TEST_STEP][PASSED] - amountList = paymentAmount.split(","): null

2020-09-08 16:29:03 - [TEST_STEP][PASSED] - referenceList = referenceNum.split(","): null

2020-09-08 16:29:03 - [TEST_STEP][PASSED] - paymentTypeList = paymentType.split(","): null

2020-09-08 16:29:03 - [TEST_STEP][PASSED] - commentsList = comments.split(","): null

2020-09-08 16:29:03 - [TEST_STEP][PASSED] - quantityList = quantity.split(","): null

2020-09-08 16:29:03 - [TEST_STEP][PASSED] - utilities.SafeActions.openBrowser(Quicksti_Url, [pageLoadTime]): Browser launched successfully

2020-09-08 16:29:03 - [MESSAGE][INFO] - Opening Browser

2020-09-08 16:29:03 - [MESSAGE][WARNING] - A browser is already opened. Closing browser and opening a new one

2020-09-08 16:29:04 - [MESSAGE][INFO] - Starting 'Chrome' driver

2020-09-08 16:29:12 - [MESSAGE][PASSED] - Browser is opened with url: 'https://qa-certpayquicksti.faps.net/'

2020-09-08 16:29:14 - [MESSAGE][PASSED] - Current window maximized

2020-09-08 16:29:14 - [MESSAGE][PASSED] - Browser launched successfully

2020-09-08 16:29:14 - [TEST_STEP][PASSED] - utilities.SafeActions.safeCheck(findTestObject("CERTPAY_QUICKSTI/Login_ Page/MULTI_BUREAU_CHECKBOX"), "Multi Bureau", [pageLoadTime]): Quicksti.ts:Checkbox 'Multi Bureau'is selected

2020-09-08 16:29:14 - [MESSAGE][PASSED] - Object 'Object Repository/CERTPAY_QUICKSTI/Login_ Page/MULTI_BUREAU_CHECKBOX' is present

2020-09-08 16:29:15 - [MESSAGE][PASSED] - Object 'Object Repository/CERTPAY_QUICKSTI/Login_ Page/MULTI_BUREAU_CHECKBOX' is present

2020-09-08 16:29:17 - [MESSAGE][PASSED] - Object: 'Object Repository/CERTPAY_QUICKSTI/Login_ Page/MULTI_BUREAU_CHECKBOX' is clicked on

2020-09-08 16:29:17 - [MESSAGE][PASSED] - Quicksti.ts:Checkbox 'Multi Bureau'is selected

2020-09-08 16:29:17 - [TEST_STEP][PASSED] - utilities.SafeActions.safeType(findTestObject("CERTPAY_QUICKSTI/Login_ Page/TELLER_ID"), teller_id, "Bureau code", [pageLoadTime]): Quicksti.ts:Entered'zenq into Bureau code

2020-09-08 16:29:18 - [MESSAGE][PASSED] - Object 'Object Repository/CERTPAY_QUICKSTI/Login_ Page/TELLER_ID' is present

2020-09-08 16:29:18 - [MESSAGE][PASSED] - Object 'Object Repository/CERTPAY_QUICKSTI/Login_ Page/TELLER_ID' is visible

2020-09-08 16:29:18 - [MESSAGE][PASSED] - Object 'Object Repository/CERTPAY_QUICKSTI/Login_ Page/TELLER_ID' is present

2020-09-08 16:29:20 - [MESSAGE][PASSED] - Text 'zenq' is set on object 'Object Repository/CERTPAY_QUICKSTI/Login_ Page/TELLER_ID'

2020-09-08 16:29:20 - [MESSAGE][PASSED] - Quicksti.ts:Entered'zenq into Bureau code

2020-09-08 16:29:20 - [TEST_STEP][PASSED] - utilities.SafeActions.safeClick(findTestObject("CERTPAY_QUICKSTI/Login_ Page/NEXT_BUTTON"), "Next button", [pageLoadTime]): Quicksti.ts:Clicked on the Next button

2020-09-08 16:29:20 - [MESSAGE][INFO] - safeClicking

2020-09-08 16:29:20 - [MESSAGE][PASSED] - Object 'Object Repository/CERTPAY_QUICKSTI/Login_ Page/NEXT_BUTTON' is present

2020-09-08 16:29:20 - [MESSAGE][PASSED] - Object 'Object Repository/CERTPAY_QUICKSTI/Login_ Page/NEXT_BUTTON' is clickable

2020-09-08 16:29:25 - [MESSAGE][PASSED] - Object: 'Object Repository/CERTPAY_QUICKSTI/Login_ Page/NEXT_BUTTON' is clicked on

2020-09-08 16:29:25 - [MESSAGE][PASSED] - Quicksti.ts:Clicked on the Next button

2020-09-08 16:29:25 - [TEST_STEP][PASSED] - for ([i = 0, i <= amountList.size() - 1, (i++)]): Quicksti.ts:Entered'2 into Quntity

2020-09-08 16:29:25 - [TEST_STEP][PASSED] - s = Integer.toString(i): null

2020-09-08 16:29:25 - [TEST_STEP][PASSED] - pages.Quicksti.setCommnets("0", s, commentsList.get(i)): Quicksti.ts:Entered'Testing into Comments

2020-09-08 16:29:25 - [MESSAGE][PASSED] - Object '' is present

2020-09-08 16:29:25 - [MESSAGE][PASSED] - Object '' is visible

2020-09-08 16:29:26 - [MESSAGE][PASSED] - Object '' is present

2020-09-08 16:29:27 - [MESSAGE][PASSED] - Text 'Testing' is set on object ''

2020-09-08 16:29:27 - [MESSAGE][PASSED] - Quicksti.ts:Entered'Testing into Comments

2020-09-08 16:29:27 - [TEST_STEP][PASSED] - utilities.SafeActions.safeType(findTestObject("CERTPAY_QUICKSTI/Payment_Information_Page/PAYMENT_AMOUNT"), amountList.get(i), "Payment Amount", [pageLoadTime]): Quicksti.ts:Entered'35.00 into Payment Amount

2020-09-08 16:29:27 - [MESSAGE][PASSED] - Object 'Object Repository/CERTPAY_QUICKSTI/Payment_Information_Page/PAYMENT_AMOUNT' is present

2020-09-08 16:29:28 - [MESSAGE][PASSED] - Object 'Object Repository/CERTPAY_QUICKSTI/Payment_Information_Page/PAYMENT_AMOUNT' is visible

2020-09-08 16:29:28 - [MESSAGE][PASSED] - Object 'Object Repository/CERTPAY_QUICKSTI/Payment_Information_Page/PAYMENT_AMOUNT' is present

2020-09-08 16:29:29 - [MESSAGE][PASSED] - Text '35.00' is set on object 'Object Repository/CERTPAY_QUICKSTI/Payment_Information_Page/PAYMENT_AMOUNT'

2020-09-08 16:29:29 - [MESSAGE][PASSED] - Quicksti.ts:Entered'35.00 into Payment Amount

2020-09-08 16:29:29 - [TEST_STEP][PASSED] - pages.Quicksti.setAmountDetailsForMultiBureau(s, paymentTypeList.get(i), "0", referenceList.get(i), quantityList.get(i)): Quicksti.ts:Entered'1 into Quntity

2020-09-08 16:29:30 - [MESSAGE][PASSED] - Object '' is visible

2020-09-08 16:29:30 - [MESSAGE][PASSED] - Object '' is present

2020-09-08 16:29:31 - [MESSAGE][PASSED] - Object: '' is clicked on

2020-09-08 16:29:33 - [MESSAGE][PASSED] - All options with label 'Licenses' are selected in object ''  using regular expression

2020-09-08 16:29:33 - [MESSAGE][PASSED] - selected dropdown option by visible text  Licensesfrom Payment Type

2020-09-08 16:29:33 - [MESSAGE][PASSED] - Object '' is present

2020-09-08 16:29:33 - [MESSAGE][PASSED] - Object '' is visible

2020-09-08 16:29:34 - [MESSAGE][PASSED] - Object '' is present

2020-09-08 16:29:35 - [MESSAGE][PASSED] - Text '11' is set on object ''

2020-09-08 16:29:35 - [MESSAGE][PASSED] - Quicksti.ts:Entered'11 into RefrenceNumber

2020-09-08 16:29:35 - [MESSAGE][PASSED] - Object '' is present

2020-09-08 16:29:36 - [MESSAGE][PASSED] - Object '' is visible

2020-09-08 16:29:36 - [MESSAGE][PASSED] - Object '' is present

2020-09-08 16:29:37 - [MESSAGE][PASSED] - Text '1' is set on object ''

2020-09-08 16:29:37 - [MESSAGE][PASSED] - Quicksti.ts:Entered'1 into Quntity

2020-09-08 16:29:37 - [TEST_STEP][PASSED] - s = Integer.toString(i): null

2020-09-08 16:29:37 - [TEST_STEP][PASSED] - pages.Quicksti.setCommnets("0", s, commentsList.get(i)): Quicksti.ts:Entered'Tester into Comments

2020-09-08 16:29:38 - [MESSAGE][PASSED] - Object '' is present

2020-09-08 16:29:38 - [MESSAGE][PASSED] - Object '' is visible

2020-09-08 16:29:38 - [MESSAGE][PASSED] - Object '' is present

2020-09-08 16:29:40 - [MESSAGE][PASSED] - Text 'Tester' is set on object ''

2020-09-08 16:29:40 - [MESSAGE][PASSED] - Quicksti.ts:Entered'Tester into Comments

2020-09-08 16:29:40 - [TEST_STEP][PASSED] - utilities.SafeActions.safeType(findTestObject("CERTPAY_QUICKSTI/Payment_Information_Page/PAYMENT_AMOUNT"), amountList.get(i), "Payment Amount", [pageLoadTime]): Quicksti.ts:Entered'40.00 into Payment Amount

2020-09-08 16:29:40 - [MESSAGE][PASSED] - Object 'Object Repository/CERTPAY_QUICKSTI/Payment_Information_Page/PAYMENT_AMOUNT' is present

2020-09-08 16:29:40 - [MESSAGE][PASSED] - Object 'Object Repository/CERTPAY_QUICKSTI/Payment_Information_Page/PAYMENT_AMOUNT' is visible

2020-09-08 16:29:41 - [MESSAGE][PASSED] - Object 'Object Repository/CERTPAY_QUICKSTI/Payment_Information_Page/PAYMENT_AMOUNT' is present

2020-09-08 16:29:42 - [MESSAGE][PASSED] - Text '40.00' is set on object 'Object Repository/CERTPAY_QUICKSTI/Payment_Information_Page/PAYMENT_AMOUNT'

2020-09-08 16:29:42 - [MESSAGE][PASSED] - Quicksti.ts:Entered'40.00 into Payment Amount

2020-09-08 16:29:42 - [TEST_STEP][PASSED] - pages.Quicksti.setAmountDetailsForMultiBureau(s, paymentTypeList.get(i), "0", referenceList.get(i), quantityList.get(i)): Quicksti.ts:Entered'2 into Quntity

2020-09-08 16:29:43 - [MESSAGE][PASSED] - Object '' is visible

2020-09-08 16:29:43 - [MESSAGE][PASSED] - Object '' is present

2020-09-08 16:29:44 - [MESSAGE][PASSED] - Object: '' is clicked on

2020-09-08 16:29:45 - [MESSAGE][PASSED] - All options with label 'Taxes' are selected in object ''  using regular expression

2020-09-08 16:29:45 - [MESSAGE][PASSED] - selected dropdown option by visible text  Taxesfrom Payment Type

2020-09-08 16:29:46 - [MESSAGE][PASSED] - Object '' is present

2020-09-08 16:29:46 - [MESSAGE][PASSED] - Object '' is visible

2020-09-08 16:29:46 - [MESSAGE][PASSED] - Object '' is present

2020-09-08 16:29:48 - [MESSAGE][PASSED] - Text '12' is set on object ''

2020-09-08 16:29:48 - [MESSAGE][PASSED] - Quicksti.ts:Entered'12 into RefrenceNumber

2020-09-08 16:29:48 - [MESSAGE][PASSED] - Object '' is present

2020-09-08 16:29:48 - [MESSAGE][PASSED] - Object '' is visible

2020-09-08 16:29:49 - [MESSAGE][PASSED] - Object '' is present

2020-09-08 16:29:50 - [MESSAGE][PASSED] - Text '2' is set on object ''

2020-09-08 16:29:50 - [MESSAGE][PASSED] - Quicksti.ts:Entered'2 into Quntity

2020-09-08 16:29:50 - [TEST_STEP][PASSED] - amount_Value = pages.Quicksti.getAttributeValue(findTestObject("CERTPAY_QUICKSTI/Payment_Information_Page/SUB_TOTAL")): pages.Quicksti.getAttributeValue is PASSED

2020-09-08 16:29:50 - [MESSAGE][PASSED] - Attribute 'value' of object 'Object Repository/CERTPAY_QUICKSTI/Payment_Information_Page/SUB_TOTAL' is: '35.00'

2020-09-08 16:29:50 - [MESSAGE][PASSED] - pages.Quicksti.getAttributeValue is PASSED

2020-09-08 16:29:50 - [TEST_STEP][PASSED] - utilities.SafeActions.safeClick(findTestObject("CERTPAY_QUICKSTI/Payment_Information_Page/MANUAL_ENTRY_BUTTON"), "ManualEntry", [pageLoadTime]): Quicksti.ts:Clicked on the ManualEntry

2020-09-08 16:29:50 - [MESSAGE][INFO] - safeClicking

2020-09-08 16:29:51 - [MESSAGE][PASSED] - Object 'Object Repository/CERTPAY_QUICKSTI/Payment_Information_Page/MANUAL_ENTRY_BUTTON' is present

2020-09-08 16:29:51 - [MESSAGE][PASSED] - Object 'Object Repository/CERTPAY_QUICKSTI/Payment_Information_Page/MANUAL_ENTRY_BUTTON' is clickable

2020-09-08 16:29:56 - [MESSAGE][PASSED] - Object: 'Object Repository/CERTPAY_QUICKSTI/Payment_Information_Page/MANUAL_ENTRY_BUTTON' is clicked on

2020-09-08 16:29:56 - [MESSAGE][PASSED] - Quicksti.ts:Clicked on the ManualEntry

2020-09-08 16:29:56 - [TEST_STEP][PASSED] - CardNumber = pages.Quicksti.setUserPaymentDetails(firstName, lastName, cardNum): Quicksti.ts:Entered'5154623208647646 into CardNum

2020-09-08 16:29:56 - [MESSAGE][PASSED] - Object 'Object Repository/CERTPAY_QUICKSTI/Payment_Information_Page/FIRST_NAME' is present

2020-09-08 16:29:56 - [MESSAGE][PASSED] - Object 'Object Repository/CERTPAY_QUICKSTI/Payment_Information_Page/FIRST_NAME' is visible

2020-09-08 16:29:56 - [MESSAGE][PASSED] - Object 'Object Repository/CERTPAY_QUICKSTI/Payment_Information_Page/FIRST_NAME' is present

2020-09-08 16:29:58 - [MESSAGE][PASSED] - Text 'Tester' is set on object 'Object Repository/CERTPAY_QUICKSTI/Payment_Information_Page/FIRST_NAME'

2020-09-08 16:29:58 - [MESSAGE][PASSED] - Quicksti.ts:Entered'Tester into FirstName

2020-09-08 16:29:58 - [MESSAGE][PASSED] - Object 'Object Repository/CERTPAY_QUICKSTI/Payment_Information_Page/LAST_NAME' is present

2020-09-08 16:29:59 - [MESSAGE][PASSED] - Object 'Object Repository/CERTPAY_QUICKSTI/Payment_Information_Page/LAST_NAME' is visible

2020-09-08 16:29:59 - [MESSAGE][PASSED] - Object 'Object Repository/CERTPAY_QUICKSTI/Payment_Information_Page/LAST_NAME' is present

2020-09-08 16:30:00 - [MESSAGE][PASSED] - Text 'Zenq1' is set on object 'Object Repository/CERTPAY_QUICKSTI/Payment_Information_Page/LAST_NAME'

2020-09-08 16:30:00 - [MESSAGE][PASSED] - Quicksti.ts:Entered'Zenq1 into LAstName

2020-09-08 16:30:00 - [MESSAGE][PASSED] - Object 'Object Repository/CERTPAY_QUICKSTI/Payment_Information_Page/CARD_NUMBER' is present

2020-09-08 16:30:01 - [MESSAGE][PASSED] - Object 'Object Repository/CERTPAY_QUICKSTI/Payment_Information_Page/CARD_NUMBER' is visible

2020-09-08 16:30:01 - [MESSAGE][PASSED] - Object 'Object Repository/CERTPAY_QUICKSTI/Payment_Information_Page/CARD_NUMBER' is present

2020-09-08 16:30:02 - [MESSAGE][PASSED] - Text '5154623208647646' is set on object 'Object Repository/CERTPAY_QUICKSTI/Payment_Information_Page/CARD_NUMBER'

2020-09-08 16:30:02 - [MESSAGE][PASSED] - Quicksti.ts:Entered'5154623208647646 into CardNum

2020-09-08 16:30:02 - [TEST_STEP][PASSED] - pages.Quicksti.setExpDate(expMonth, expYear, securityCode): Quicksti.ts:Entered'207 into securityCode

2020-09-08 16:30:03 - [MESSAGE][PASSED] - Object 'Object Repository/CERTPAY_QUICKSTI/Payment_Information_Page/EXP_MONTH' is visible

2020-09-08 16:30:03 - [MESSAGE][PASSED] - Object 'Object Repository/CERTPAY_QUICKSTI/Payment_Information_Page/EXP_MONTH' is present

2020-09-08 16:30:04 - [MESSAGE][PASSED] - Object: 'Object Repository/CERTPAY_QUICKSTI/Payment_Information_Page/EXP_MONTH' is clicked on

2020-09-08 16:30:06 - [MESSAGE][PASSED] - All options with label '04' are selected in object 'Object Repository/CERTPAY_QUICKSTI/Payment_Information_Page/EXP_MONTH'  using regular expression

2020-09-08 16:30:06 - [MESSAGE][PASSED] - selected dropdown option by visible text  04from expMonth

2020-09-08 16:30:06 - [MESSAGE][PASSED] - Object 'Object Repository/CERTPAY_QUICKSTI/Payment_Information_Page/EXP_YEAR' is visible

2020-09-08 16:30:06 - [MESSAGE][PASSED] - Object 'Object Repository/CERTPAY_QUICKSTI/Payment_Information_Page/EXP_YEAR' is present

2020-09-08 16:30:08 - [MESSAGE][PASSED] - Object: 'Object Repository/CERTPAY_QUICKSTI/Payment_Information_Page/EXP_YEAR' is clicked on

2020-09-08 16:30:09 - [MESSAGE][PASSED] - All options with label '2023' are selected in object 'Object Repository/CERTPAY_QUICKSTI/Payment_Information_Page/EXP_YEAR'  using regular expression

2020-09-08 16:30:09 - [MESSAGE][PASSED] - selected dropdown option by visible text  2023from  expYear

2020-09-08 16:30:09 - [MESSAGE][PASSED] - Object 'Object Repository/CERTPAY_QUICKSTI/Payment_Information_Page/SECURITY_CODE' is present

2020-09-08 16:30:10 - [MESSAGE][PASSED] - Object 'Object Repository/CERTPAY_QUICKSTI/Payment_Information_Page/SECURITY_CODE' is visible

2020-09-08 16:30:10 - [MESSAGE][PASSED] - Object 'Object Repository/CERTPAY_QUICKSTI/Payment_Information_Page/SECURITY_CODE' is present

2020-09-08 16:30:11 - [MESSAGE][PASSED] - Text '207' is set on object 'Object Repository/CERTPAY_QUICKSTI/Payment_Information_Page/SECURITY_CODE'

2020-09-08 16:30:11 - [MESSAGE][PASSED] - Quicksti.ts:Entered'207 into securityCode

2020-09-08 16:30:11 - [TEST_STEP][PASSED] - utilities.SafeActions.safeType(findTestObject("CERTPAY_QUICKSTI/Payment_Information_Page/ADDRESS"), address, "Address", [pageLoadTime]): Quicksti.ts:Entered'14-2 into Address

2020-09-08 16:30:12 - [MESSAGE][PASSED] - Object 'Object Repository/CERTPAY_QUICKSTI/Payment_Information_Page/ADDRESS' is present

2020-09-08 16:30:12 - [MESSAGE][PASSED] - Object 'Object Repository/CERTPAY_QUICKSTI/Payment_Information_Page/ADDRESS' is visible

2020-09-08 16:30:12 - [MESSAGE][PASSED] - Object 'Object Repository/CERTPAY_QUICKSTI/Payment_Information_Page/ADDRESS' is present

2020-09-08 16:30:14 - [MESSAGE][PASSED] - Text '14-2' is set on object 'Object Repository/CERTPAY_QUICKSTI/Payment_Information_Page/ADDRESS'

2020-09-08 16:30:14 - [MESSAGE][PASSED] - Quicksti.ts:Entered'14-2 into Address

2020-09-08 16:30:14 - [TEST_STEP][PASSED] - utilities.SafeActions.safeType(findTestObject("CERTPAY_QUICKSTI/Payment_Information_Page/ZIP_CODE"), zipCode, "zipcode", [pageLoadTime]): Quicksti.ts:Entered'76102 into zipcode

2020-09-08 16:30:14 - [MESSAGE][PASSED] - Object 'Object Repository/CERTPAY_QUICKSTI/Payment_Information_Page/ZIP_CODE' is present

2020-09-08 16:30:14 - [MESSAGE][PASSED] - Object 'Object Repository/CERTPAY_QUICKSTI/Payment_Information_Page/ZIP_CODE' is visible

2020-09-08 16:30:15 - [MESSAGE][PASSED] - Object 'Object Repository/CERTPAY_QUICKSTI/Payment_Information_Page/ZIP_CODE' is present

2020-09-08 16:30:16 - [MESSAGE][PASSED] - Text '76102' is set on object 'Object Repository/CERTPAY_QUICKSTI/Payment_Information_Page/ZIP_CODE'

2020-09-08 16:30:16 - [MESSAGE][PASSED] - Quicksti.ts:Entered'76102 into zipcode

2020-09-08 16:30:16 - [TEST_STEP][PASSED] - utilities.SafeActions.safeType(findTestObject("CERTPAY_QUICKSTI/Payment_Information_Page/TELEPHONE"), telephone, "Telephone", [pageLoadTime]): Quicksti.ts:Entered'9989897654 into Telephone

2020-09-08 16:30:16 - [MESSAGE][PASSED] - Object 'Object Repository/CERTPAY_QUICKSTI/Payment_Information_Page/TELEPHONE' is present

2020-09-08 16:30:17 - [MESSAGE][PASSED] - Object 'Object Repository/CERTPAY_QUICKSTI/Payment_Information_Page/TELEPHONE' is visible

2020-09-08 16:30:17 - [MESSAGE][PASSED] - Object 'Object Repository/CERTPAY_QUICKSTI/Payment_Information_Page/TELEPHONE' is present

2020-09-08 16:30:18 - [MESSAGE][PASSED] - Text '9989897654' is set on object 'Object Repository/CERTPAY_QUICKSTI/Payment_Information_Page/TELEPHONE'

2020-09-08 16:30:18 - [MESSAGE][PASSED] - Quicksti.ts:Entered'9989897654 into Telephone

2020-09-08 16:30:18 - [TEST_STEP][PASSED] - utilities.SafeActions.safeType(findTestObject("CERTPAY_QUICKSTI/Payment_Information_Page/EMAIL_ADDRESS"), emailAddress, "EMAIL address", [pageLoadTime]): Quicksti.ts:Entered'testing@zenq.com into EMAIL address

2020-09-08 16:30:18 - [MESSAGE][PASSED] - Object 'Object Repository/CERTPAY_QUICKSTI/Payment_Information_Page/EMAIL_ADDRESS' is present

2020-09-08 16:30:19 - [MESSAGE][PASSED] - Object 'Object Repository/CERTPAY_QUICKSTI/Payment_Information_Page/EMAIL_ADDRESS' is visible

2020-09-08 16:30:19 - [MESSAGE][PASSED] - Object 'Object Repository/CERTPAY_QUICKSTI/Payment_Information_Page/EMAIL_ADDRESS' is present

2020-09-08 16:30:20 - [MESSAGE][PASSED] - Text 'testing@zenq.com' is set on object 'Object Repository/CERTPAY_QUICKSTI/Payment_Information_Page/EMAIL_ADDRESS'

2020-09-08 16:30:20 - [MESSAGE][PASSED] - Quicksti.ts:Entered'testing@zenq.com into EMAIL address

2020-09-08 16:30:20 - [TEST_STEP][PASSED] - utilities.SafeActions.safeClick(findTestObject("CERTPAY_QUICKSTI/Payment_Information_Page/NEXT_BUTTON"), "Next", [pageLoadTime]): Quicksti.ts:Clicked on the Next

2020-09-08 16:30:20 - [MESSAGE][INFO] - safeClicking

2020-09-08 16:30:21 - [MESSAGE][PASSED] - Object 'Object Repository/CERTPAY_QUICKSTI/Payment_Information_Page/NEXT_BUTTON' is present

2020-09-08 16:30:21 - [MESSAGE][PASSED] - Object 'Object Repository/CERTPAY_QUICKSTI/Payment_Information_Page/NEXT_BUTTON' is clickable

2020-09-08 16:30:24 - [MESSAGE][PASSED] - Object: 'Object Repository/CERTPAY_QUICKSTI/Payment_Information_Page/NEXT_BUTTON' is clicked on

2020-09-08 16:30:24 - [MESSAGE][PASSED] - Quicksti.ts:Clicked on the Next

2020-09-08 16:30:24 - [TEST_STEP][PASSED] - pages.Quicksti.verifyUserPaymentDetails(amountList.get(0), firstName, lastName, CardNumber): pages.Quicksti.verifyUserPaymentDetails is PASSED

2020-09-08 16:30:25 - [MESSAGE][PASSED] - Text of object 'Object Repository/CERTPAY_QUICKSTI/Payment_Details_Verification_Page/AMOUNT' is: '$35.00'

2020-09-08 16:30:25 - [MESSAGE][PASSED] - Actual text '35.00' and expected text '35.00' are matched  using regular expression

2020-09-08 16:30:25 - [MESSAGE][PASSED] - Text of object 'Object Repository/CERTPAY_QUICKSTI/Payment_Details_Verification_Page/NAME' is: 'Tester Zenq1'

2020-09-08 16:30:25 - [MESSAGE][PASSED] - Actual text 'Tester Zenq1' and expected text 'Tester Zenq1' are matched  using regular expression

2020-09-08 16:30:26 - [MESSAGE][PASSED] - Text of object 'Object Repository/CERTPAY_QUICKSTI/Payment_Details_Verification_Page/CARD_NUMBER' is: '...7646'

2020-09-08 16:30:26 - [MESSAGE][PASSED] - Actual text '7646' and expected text '7646' are matched  using regular expression

2020-09-08 16:30:26 - [MESSAGE][PASSED] - pages.Quicksti.verifyUserPaymentDetails is PASSED

2020-09-08 16:30:26 - [TEST_STEP][PASSED] - delay(2): Delayed 2 second(s)

2020-09-08 16:30:28 - [MESSAGE][PASSED] - Delayed 2 second(s)

2020-09-08 16:30:28 - [TEST_STEP][PASSED] - scrollToElement(findTestObject("CERTPAY_QUICKSTI/Payment_Details_Verification_Page/PROCESS"), 0): Scroll to object 'Object Repository/CERTPAY_QUICKSTI/Payment_Details_Verification_Page/PROCESS' successfully

2020-09-08 16:30:28 - [MESSAGE][WARNING] - Timeout '0' is invalid. Using default page load timeout: '30'

2020-09-08 16:30:28 - [MESSAGE][PASSED] - Scroll to object 'Object Repository/CERTPAY_QUICKSTI/Payment_Details_Verification_Page/PROCESS' successfully

2020-09-08 16:30:28 - [TEST_STEP][PASSED] - utilities.SafeActions.safeClick(findTestObject("CERTPAY_QUICKSTI/Payment_Details_Verification_Page/PROCESS"), "Process", [pageLoadTime]): Quicksti.ts:Clicked on the Process

2020-09-08 16:30:28 - [MESSAGE][INFO] - safeClicking

2020-09-08 16:30:28 - [MESSAGE][PASSED] - Object 'Object Repository/CERTPAY_QUICKSTI/Payment_Details_Verification_Page/PROCESS' is present

2020-09-08 16:30:29 - [MESSAGE][PASSED] - Object 'Object Repository/CERTPAY_QUICKSTI/Payment_Details_Verification_Page/PROCESS' is clickable

2020-09-08 16:30:34 - [MESSAGE][PASSED] - Object: 'Object Repository/CERTPAY_QUICKSTI/Payment_Details_Verification_Page/PROCESS' is clicked on

2020-09-08 16:30:34 - [MESSAGE][PASSED] - Quicksti.ts:Clicked on the Process

2020-09-08 16:30:34 - [TEST_STEP][PASSED] - PaymentID = pages.Quicksti.verifyPaymentApproval(findTestObject("CERTPAY_QUICKSTI/Payment_Details_Verification_Page/APPROVED")): Payment is approved

2020-09-08 16:30:35 - [MESSAGE][PASSED] - Text of object 'Object Repository/CERTPAY_QUICKSTI/Payment_Details_Verification_Page/PAYMENT_ID' is: '100176112300'

2020-09-08 16:30:35 - [MESSAGE][PASSED] - Object 'Object Repository/CERTPAY_QUICKSTI/Payment_Details_Verification_Page/APPROVED' is present

2020-09-08 16:30:35 - [MESSAGE][PASSED] - Payment is approved

2020-09-08 16:30:37 - [TEST_STEP][PASSED] - navigateToUrl(Admin_url): Navigate to 'https://qa-certpayadmin.faps.net' successfully

2020-09-08 16:30:41 - [MESSAGE][PASSED] - Navigate to 'https://qa-certpayadmin.faps.net' successfully

2020-09-08 16:30:41 - [TEST_STEP][PASSED] - pages.Bureau_Login_Page.loginToAdminSite(AdminUsername, AdminPassword): Quicksti.ts:Clicked on the LOGIN

2020-09-08 16:30:42 - [MESSAGE][PASSED] - Object 'Object Repository/CERTPAY_ADMIN/USER_NAME' is present

2020-09-08 16:30:42 - [MESSAGE][PASSED] - Object 'Object Repository/CERTPAY_ADMIN/USER_NAME' is visible

2020-09-08 16:30:42 - [MESSAGE][PASSED] - Object 'Object Repository/CERTPAY_ADMIN/USER_NAME' is present

2020-09-08 16:30:44 - [MESSAGE][PASSED] - Text 'VVangiliappan' is set on object 'Object Repository/CERTPAY_ADMIN/USER_NAME'

2020-09-08 16:30:44 - [MESSAGE][PASSED] - Quicksti.ts:Entered'VVangiliappan into username

2020-09-08 16:30:44 - [MESSAGE][PASSED] - Object 'Object Repository/CERTPAY_ADMIN/PASSWORD' is present

2020-09-08 16:30:44 - [MESSAGE][PASSED] - Object 'Object Repository/CERTPAY_ADMIN/PASSWORD' is visible

2020-09-08 16:30:44 - [MESSAGE][PASSED] - Object 'Object Repository/CERTPAY_ADMIN/PASSWORD' is present

2020-09-08 16:30:46 - [MESSAGE][PASSED] - Text 'Knila@12345' is set on object 'Object Repository/CERTPAY_ADMIN/PASSWORD'

2020-09-08 16:30:46 - [MESSAGE][PASSED] - Quicksti.ts:Entered'Knila@12345 into password

2020-09-08 16:30:46 - [MESSAGE][INFO] - safeClicking

2020-09-08 16:30:46 - [MESSAGE][PASSED] - Object 'Object Repository/CERTPAY_ADMIN/LOGIN_BUTTON' is present

2020-09-08 16:30:46 - [MESSAGE][PASSED] - Object 'Object Repository/CERTPAY_ADMIN/LOGIN_BUTTON' is clickable

2020-09-08 16:30:57 - [MESSAGE][PASSED] - Object: 'Object Repository/CERTPAY_ADMIN/LOGIN_BUTTON' is clicked on

2020-09-08 16:30:57 - [MESSAGE][PASSED] - Quicksti.ts:Clicked on the LOGIN

2020-09-08 16:30:57 - [TEST_STEP][PASSED] - utilities.SafeActions.safeClick(findTestObject("CERTPAY_ADMIN/TRANSACTION_SEARCH"), "TransactionSearch", [pageLoadTime]): Quicksti.ts:Clicked on the TransactionSearch

2020-09-08 16:30:57 - [MESSAGE][INFO] - safeClicking

2020-09-08 16:30:58 - [MESSAGE][PASSED] - Object 'Object Repository/CERTPAY_ADMIN/TRANSACTION_SEARCH' is present

2020-09-08 16:30:58 - [MESSAGE][PASSED] - Object 'Object Repository/CERTPAY_ADMIN/TRANSACTION_SEARCH' is clickable

2020-09-08 16:31:02 - [MESSAGE][PASSED] - Object: 'Object Repository/CERTPAY_ADMIN/TRANSACTION_SEARCH' is clicked on

2020-09-08 16:31:02 - [MESSAGE][PASSED] - Quicksti.ts:Clicked on the TransactionSearch

2020-09-08 16:31:02 - [TEST_STEP][PASSED] - delay(2): Delayed 2 second(s)

2020-09-08 16:31:04 - [MESSAGE][PASSED] - Delayed 2 second(s)

2020-09-08 16:31:04 - [TEST_STEP][PASSED] - utilities.SafeActions.safeType(findTestObject("CERTPAY_ADMIN/PAYMENT_ID"), PaymentID, "Payment id", [pageLoadTime]): Quicksti.ts:Entered'100176112300 into Payment id

2020-09-08 16:31:04 - [MESSAGE][PASSED] - Object 'Object Repository/CERTPAY_ADMIN/PAYMENT_ID' is present

2020-09-08 16:31:04 - [MESSAGE][PASSED] - Object 'Object Repository/CERTPAY_ADMIN/PAYMENT_ID' is visible

2020-09-08 16:31:05 - [MESSAGE][PASSED] - Object 'Object Repository/CERTPAY_ADMIN/PAYMENT_ID' is present

2020-09-08 16:31:06 - [MESSAGE][PASSED] - Text '100176112300' is set on object 'Object Repository/CERTPAY_ADMIN/PAYMENT_ID'

2020-09-08 16:31:06 - [MESSAGE][PASSED] - Quicksti.ts:Entered'100176112300 into Payment id

2020-09-08 16:31:06 - [TEST_STEP][PASSED] - utilities.SafeActions.safeClick(findTestObject("CERTPAY_ADMIN/GO_BUTTON"), "Go button", [pageLoadTime]): Quicksti.ts:Clicked on the Go button

2020-09-08 16:31:06 - [MESSAGE][INFO] - safeClicking

2020-09-08 16:31:06 - [MESSAGE][PASSED] - Object 'Object Repository/CERTPAY_ADMIN/GO_BUTTON' is present

2020-09-08 16:31:06 - [MESSAGE][PASSED] - Object 'Object Repository/CERTPAY_ADMIN/GO_BUTTON' is clickable

2020-09-08 16:31:09 - [MESSAGE][PASSED] - Object: 'Object Repository/CERTPAY_ADMIN/GO_BUTTON' is clicked on

2020-09-08 16:31:09 - [MESSAGE][PASSED] - Quicksti.ts:Clicked on the Go button

2020-09-08 16:31:09 - [TEST_STEP][PASSED] - delay(5): Delayed 5 second(s)

2020-09-08 16:31:14 - [MESSAGE][PASSED] - Delayed 5 second(s)

2020-09-08 16:31:14 - [TEST_STEP][PASSED] - scrollToPosition(800, 900): Browser is scrolled to position x = 800, y = 900

2020-09-08 16:31:14 - [MESSAGE][PASSED] - Browser is scrolled to position x = 800, y = 900

2020-09-08 16:31:14 - [TEST_STEP][PASSED] - paymentIdList.add(PaymentID): null

2020-09-08 16:31:14 - [TEST_STEP][PASSED] - println(paymentIdList): null

2020-09-08 16:31:14 - [TEST_STEP][PASSED] - firstName = data.getValue("FirstName", index): null

2020-09-08 16:31:14 - [TEST_STEP][PASSED] - lastName = data.getValue("LastName", index): null

2020-09-08 16:31:14 - [TEST_STEP][PASSED] - cardNum = data.getValue("CardNumber", index): null

2020-09-08 16:31:14 - [TEST_STEP][PASSED] - expMonth = data.getValue("ExpMonth", index): null

2020-09-08 16:31:14 - [TEST_STEP][PASSED] - expYear = data.getValue("ExpYear", index): null

2020-09-08 16:31:14 - [TEST_STEP][PASSED] - securityCode = data.getValue("SecurityCode", index): null

2020-09-08 16:31:14 - [TEST_STEP][PASSED] - paymentAmount = data.getValue("PaymentAmount", index): null

2020-09-08 16:31:14 - [TEST_STEP][PASSED] - paymentType = data.getValue("PaymentType", index): null

2020-09-08 16:31:14 - [TEST_STEP][PASSED] - quantity = data.getValue("Quantity", index): null

2020-09-08 16:31:14 - [TEST_STEP][PASSED] - comments = data.getValue("Comments", index): null

2020-09-08 16:31:14 - [TEST_STEP][PASSED] - referenceNum = data.getValue("ReferenceNum", index): null

2020-09-08 16:31:14 - [TEST_STEP][PASSED] - address = data.getValue("Address", index): null

2020-09-08 16:31:14 - [TEST_STEP][PASSED] - zipCode = data.getValue("Zipcode", index): null

2020-09-08 16:31:14 - [TEST_STEP][PASSED] - telephone = data.getValue("Telephone", index): null

2020-09-08 16:31:14 - [TEST_STEP][PASSED] - emailAddress = data.getValue("EmailAddress", index): null

2020-09-08 16:31:14 - [TEST_STEP][PASSED] - cardType = data.getValue("CardType", index): null

2020-09-08 16:31:14 - [TEST_STEP][PASSED] - amountList = paymentAmount.split(","): null

2020-09-08 16:31:14 - [TEST_STEP][PASSED] - referenceList = referenceNum.split(","): null

2020-09-08 16:31:14 - [TEST_STEP][PASSED] - paymentTypeList = paymentType.split(","): null

2020-09-08 16:31:14 - [TEST_STEP][PASSED] - commentsList = comments.split(","): null

2020-09-08 16:31:14 - [TEST_STEP][PASSED] - quantityList = quantity.split(","): null

2020-09-08 16:31:14 - [TEST_STEP][PASSED] - utilities.SafeActions.openBrowser(Quicksti_Url, [pageLoadTime]): Browser launched successfully

2020-09-08 16:31:14 - [MESSAGE][INFO] - Opening Browser

2020-09-08 16:31:14 - [MESSAGE][WARNING] - A browser is already opened. Closing browser and opening a new one

2020-09-08 16:31:15 - [MESSAGE][INFO] - Starting 'Chrome' driver

2020-09-08 16:31:23 - [MESSAGE][PASSED] - Browser is opened with url: 'https://qa-certpayquicksti.faps.net/'

2020-09-08 16:31:25 - [MESSAGE][PASSED] - Current window maximized

2020-09-08 16:31:25 - [MESSAGE][PASSED] - Browser launched successfully

2020-09-08 16:31:25 - [TEST_STEP][PASSED] - utilities.SafeActions.safeCheck(findTestObject("CERTPAY_QUICKSTI/Login_ Page/MULTI_BUREAU_CHECKBOX"), "Multi Bureau", [pageLoadTime]): Quicksti.ts:Checkbox 'Multi Bureau'is selected

2020-09-08 16:31:26 - [MESSAGE][PASSED] - Object 'Object Repository/CERTPAY_QUICKSTI/Login_ Page/MULTI_BUREAU_CHECKBOX' is present

2020-09-08 16:31:27 - [MESSAGE][PASSED] - Object 'Object Repository/CERTPAY_QUICKSTI/Login_ Page/MULTI_BUREAU_CHECKBOX' is present

2020-09-08 16:31:28 - [MESSAGE][PASSED] - Object: 'Object Repository/CERTPAY_QUICKSTI/Login_ Page/MULTI_BUREAU_CHECKBOX' is clicked on

2020-09-08 16:31:28 - [MESSAGE][PASSED] - Quicksti.ts:Checkbox 'Multi Bureau'is selected

2020-09-08 16:31:28 - [TEST_STEP][PASSED] - utilities.SafeActions.safeType(findTestObject("CERTPAY_QUICKSTI/Login_ Page/TELLER_ID"), teller_id, "Bureau code", [pageLoadTime]): Quicksti.ts:Entered'zenq into Bureau code

2020-09-08 16:31:30 - [MESSAGE][PASSED] - Object 'Object Repository/CERTPAY_QUICKSTI/Login_ Page/TELLER_ID' is present

2020-09-08 16:31:30 - [MESSAGE][PASSED] - Object 'Object Repository/CERTPAY_QUICKSTI/Login_ Page/TELLER_ID' is visible

2020-09-08 16:31:30 - [MESSAGE][PASSED] - Object 'Object Repository/CERTPAY_QUICKSTI/Login_ Page/TELLER_ID' is present

2020-09-08 16:31:31 - [MESSAGE][PASSED] - Text 'zenq' is set on object 'Object Repository/CERTPAY_QUICKSTI/Login_ Page/TELLER_ID'

2020-09-08 16:31:31 - [MESSAGE][PASSED] - Quicksti.ts:Entered'zenq into Bureau code

2020-09-08 16:31:31 - [TEST_STEP][PASSED] - utilities.SafeActions.safeClick(findTestObject("CERTPAY_QUICKSTI/Login_ Page/NEXT_BUTTON"), "Next button", [pageLoadTime]): Quicksti.ts:Clicked on the Next button

2020-09-08 16:31:31 - [MESSAGE][INFO] - safeClicking

2020-09-08 16:31:32 - [MESSAGE][PASSED] - Object 'Object Repository/CERTPAY_QUICKSTI/Login_ Page/NEXT_BUTTON' is present

2020-09-08 16:31:32 - [MESSAGE][PASSED] - Object 'Object Repository/CERTPAY_QUICKSTI/Login_ Page/NEXT_BUTTON' is clickable

2020-09-08 16:31:36 - [MESSAGE][PASSED] - Object: 'Object Repository/CERTPAY_QUICKSTI/Login_ Page/NEXT_BUTTON' is clicked on

2020-09-08 16:31:36 - [MESSAGE][PASSED] - Quicksti.ts:Clicked on the Next button

2020-09-08 16:31:36 - [TEST_STEP][PASSED] - for ([i = 0, i <= amountList.size() - 1, (i++)]): Quicksti.ts:Entered'2 into Quntity

2020-09-08 16:31:36 - [TEST_STEP][PASSED] - s = Integer.toString(i): null

2020-09-08 16:31:36 - [TEST_STEP][PASSED] - pages.Quicksti.setCommnets("0", s, commentsList.get(i)): Quicksti.ts:Entered'Testing into Comments

2020-09-08 16:31:37 - [MESSAGE][PASSED] - Object '' is present

2020-09-08 16:31:37 - [MESSAGE][PASSED] - Object '' is visible

2020-09-08 16:31:37 - [MESSAGE][PASSED] - Object '' is present

2020-09-08 16:31:39 - [MESSAGE][PASSED] - Text 'Testing' is set on object ''

2020-09-08 16:31:39 - [MESSAGE][PASSED] - Quicksti.ts:Entered'Testing into Comments

2020-09-08 16:31:39 - [TEST_STEP][PASSED] - utilities.SafeActions.safeType(findTestObject("CERTPAY_QUICKSTI/Payment_Information_Page/PAYMENT_AMOUNT"), amountList.get(i), "Payment Amount", [pageLoadTime]): Quicksti.ts:Entered'35.00 into Payment Amount

2020-09-08 16:31:39 - [MESSAGE][PASSED] - Object 'Object Repository/CERTPAY_QUICKSTI/Payment_Information_Page/PAYMENT_AMOUNT' is present

2020-09-08 16:31:40 - [MESSAGE][PASSED] - Object 'Object Repository/CERTPAY_QUICKSTI/Payment_Information_Page/PAYMENT_AMOUNT' is visible

2020-09-08 16:31:40 - [MESSAGE][PASSED] - Object 'Object Repository/CERTPAY_QUICKSTI/Payment_Information_Page/PAYMENT_AMOUNT' is present

2020-09-08 16:31:41 - [MESSAGE][PASSED] - Text '35.00' is set on object 'Object Repository/CERTPAY_QUICKSTI/Payment_Information_Page/PAYMENT_AMOUNT'

2020-09-08 16:31:41 - [MESSAGE][PASSED] - Quicksti.ts:Entered'35.00 into Payment Amount

2020-09-08 16:31:41 - [TEST_STEP][PASSED] - pages.Quicksti.setAmountDetailsForMultiBureau(s, paymentTypeList.get(i), "0", referenceList.get(i), quantityList.get(i)): Quicksti.ts:Entered'1 into Quntity

2020-09-08 16:31:42 - [MESSAGE][PASSED] - Object '' is visible

2020-09-08 16:31:42 - [MESSAGE][PASSED] - Object '' is present

2020-09-08 16:31:43 - [MESSAGE][PASSED] - Object: '' is clicked on

2020-09-08 16:31:45 - [MESSAGE][PASSED] - All options with label 'Licenses' are selected in object ''  using regular expression

2020-09-08 16:31:45 - [MESSAGE][PASSED] - selected dropdown option by visible text  Licensesfrom Payment Type

2020-09-08 16:31:45 - [MESSAGE][PASSED] - Object '' is present

2020-09-08 16:31:45 - [MESSAGE][PASSED] - Object '' is visible

2020-09-08 16:31:46 - [MESSAGE][PASSED] - Object '' is present

2020-09-08 16:31:47 - [MESSAGE][PASSED] - Text '11' is set on object ''

2020-09-08 16:31:47 - [MESSAGE][PASSED] - Quicksti.ts:Entered'11 into RefrenceNumber

2020-09-08 16:31:47 - [MESSAGE][PASSED] - Object '' is present

2020-09-08 16:31:48 - [MESSAGE][PASSED] - Object '' is visible

2020-09-08 16:31:48 - [MESSAGE][PASSED] - Object '' is present

2020-09-08 16:31:49 - [MESSAGE][PASSED] - Text '1' is set on object ''

2020-09-08 16:31:49 - [MESSAGE][PASSED] - Quicksti.ts:Entered'1 into Quntity

2020-09-08 16:31:49 - [TEST_STEP][PASSED] - s = Integer.toString(i): null

2020-09-08 16:31:49 - [TEST_STEP][PASSED] - pages.Quicksti.setCommnets("0", s, commentsList.get(i)): Quicksti.ts:Entered'Tester into Comments

2020-09-08 16:31:50 - [MESSAGE][PASSED] - Object '' is present

2020-09-08 16:31:50 - [MESSAGE][PASSED] - Object '' is visible

2020-09-08 16:31:50 - [MESSAGE][PASSED] - Object '' is present

2020-09-08 16:31:52 - [MESSAGE][PASSED] - Text 'Tester' is set on object ''

2020-09-08 16:31:52 - [MESSAGE][PASSED] - Quicksti.ts:Entered'Tester into Comments

2020-09-08 16:31:52 - [TEST_STEP][PASSED] - utilities.SafeActions.safeType(findTestObject("CERTPAY_QUICKSTI/Payment_Information_Page/PAYMENT_AMOUNT"), amountList.get(i), "Payment Amount", [pageLoadTime]): Quicksti.ts:Entered'40.00 into Payment Amount

2020-09-08 16:31:52 - [MESSAGE][PASSED] - Object 'Object Repository/CERTPAY_QUICKSTI/Payment_Information_Page/PAYMENT_AMOUNT' is present

2020-09-08 16:31:52 - [MESSAGE][PASSED] - Object 'Object Repository/CERTPAY_QUICKSTI/Payment_Information_Page/PAYMENT_AMOUNT' is visible

2020-09-08 16:31:53 - [MESSAGE][PASSED] - Object 'Object Repository/CERTPAY_QUICKSTI/Payment_Information_Page/PAYMENT_AMOUNT' is present

2020-09-08 16:31:54 - [MESSAGE][PASSED] - Text '40.00' is set on object 'Object Repository/CERTPAY_QUICKSTI/Payment_Information_Page/PAYMENT_AMOUNT'

2020-09-08 16:31:54 - [MESSAGE][PASSED] - Quicksti.ts:Entered'40.00 into Payment Amount

2020-09-08 16:31:54 - [TEST_STEP][PASSED] - pages.Quicksti.setAmountDetailsForMultiBureau(s, paymentTypeList.get(i), "0", referenceList.get(i), quantityList.get(i)): Quicksti.ts:Entered'2 into Quntity

2020-09-08 16:31:55 - [MESSAGE][PASSED] - Object '' is visible

2020-09-08 16:31:55 - [MESSAGE][PASSED] - Object '' is present

2020-09-08 16:31:56 - [MESSAGE][PASSED] - Object: '' is clicked on

2020-09-08 16:31:57 - [MESSAGE][PASSED] - All options with label 'Taxes' are selected in object ''  using regular expression

2020-09-08 16:31:57 - [MESSAGE][PASSED] - selected dropdown option by visible text  Taxesfrom Payment Type

2020-09-08 16:31:58 - [MESSAGE][PASSED] - Object '' is present

2020-09-08 16:31:58 - [MESSAGE][PASSED] - Object '' is visible

2020-09-08 16:31:58 - [MESSAGE][PASSED] - Object '' is present

2020-09-08 16:32:00 - [MESSAGE][PASSED] - Text '12' is set on object ''

2020-09-08 16:32:00 - [MESSAGE][PASSED] - Quicksti.ts:Entered'12 into RefrenceNumber

2020-09-08 16:32:00 - [MESSAGE][PASSED] - Object '' is present

2020-09-08 16:32:00 - [MESSAGE][PASSED] - Object '' is visible

2020-09-08 16:32:01 - [MESSAGE][PASSED] - Object '' is present

2020-09-08 16:32:02 - [MESSAGE][PASSED] - Text '2' is set on object ''

2020-09-08 16:32:02 - [MESSAGE][PASSED] - Quicksti.ts:Entered'2 into Quntity

2020-09-08 16:32:02 - [TEST_STEP][PASSED] - amount_Value = pages.Quicksti.getAttributeValue(findTestObject("CERTPAY_QUICKSTI/Payment_Information_Page/SUB_TOTAL")): pages.Quicksti.getAttributeValue is PASSED

2020-09-08 16:32:02 - [MESSAGE][PASSED] - Attribute 'value' of object 'Object Repository/CERTPAY_QUICKSTI/Payment_Information_Page/SUB_TOTAL' is: '35.00'

2020-09-08 16:32:02 - [MESSAGE][PASSED] - pages.Quicksti.getAttributeValue is PASSED

2020-09-08 16:32:02 - [TEST_STEP][PASSED] - utilities.SafeActions.safeClick(findTestObject("CERTPAY_QUICKSTI/Payment_Information_Page/MANUAL_ENTRY_BUTTON"), "ManualEntry", [pageLoadTime]): Quicksti.ts:Clicked on the ManualEntry

2020-09-08 16:32:02 - [MESSAGE][INFO] - safeClicking

2020-09-08 16:32:03 - [MESSAGE][PASSED] - Object 'Object Repository/CERTPAY_QUICKSTI/Payment_Information_Page/MANUAL_ENTRY_BUTTON' is present

2020-09-08 16:32:03 - [MESSAGE][PASSED] - Object 'Object Repository/CERTPAY_QUICKSTI/Payment_Information_Page/MANUAL_ENTRY_BUTTON' is clickable

2020-09-08 16:32:07 - [MESSAGE][PASSED] - Object: 'Object Repository/CERTPAY_QUICKSTI/Payment_Information_Page/MANUAL_ENTRY_BUTTON' is clicked on

2020-09-08 16:32:07 - [MESSAGE][PASSED] - Quicksti.ts:Clicked on the ManualEntry

2020-09-08 16:32:07 - [TEST_STEP][PASSED] - CardNumber = pages.Quicksti.setUserPaymentDetails(firstName, lastName, cardNum): Quicksti.ts:Entered'8171999900000018 into CardNum

2020-09-08 16:32:07 - [MESSAGE][PASSED] - Object 'Object Repository/CERTPAY_QUICKSTI/Payment_Information_Page/FIRST_NAME' is present

2020-09-08 16:32:08 - [MESSAGE][PASSED] - Object 'Object Repository/CERTPAY_QUICKSTI/Payment_Information_Page/FIRST_NAME' is visible

2020-09-08 16:32:08 - [MESSAGE][PASSED] - Object 'Object Repository/CERTPAY_QUICKSTI/Payment_Information_Page/FIRST_NAME' is present

2020-09-08 16:32:09 - [MESSAGE][PASSED] - Text 'Tester' is set on object 'Object Repository/CERTPAY_QUICKSTI/Payment_Information_Page/FIRST_NAME'

2020-09-08 16:32:09 - [MESSAGE][PASSED] - Quicksti.ts:Entered'Tester into FirstName

2020-09-08 16:32:10 - [MESSAGE][PASSED] - Object 'Object Repository/CERTPAY_QUICKSTI/Payment_Information_Page/LAST_NAME' is present

2020-09-08 16:32:10 - [MESSAGE][PASSED] - Object 'Object Repository/CERTPAY_QUICKSTI/Payment_Information_Page/LAST_NAME' is visible

2020-09-08 16:32:10 - [MESSAGE][PASSED] - Object 'Object Repository/CERTPAY_QUICKSTI/Payment_Information_Page/LAST_NAME' is present

2020-09-08 16:32:12 - [MESSAGE][PASSED] - Text 'Zenq1' is set on object 'Object Repository/CERTPAY_QUICKSTI/Payment_Information_Page/LAST_NAME'

2020-09-08 16:32:12 - [MESSAGE][PASSED] - Quicksti.ts:Entered'Zenq1 into LAstName

2020-09-08 16:32:12 - [MESSAGE][PASSED] - Object 'Object Repository/CERTPAY_QUICKSTI/Payment_Information_Page/CARD_NUMBER' is present

2020-09-08 16:32:12 - [MESSAGE][PASSED] - Object 'Object Repository/CERTPAY_QUICKSTI/Payment_Information_Page/CARD_NUMBER' is visible

2020-09-08 16:32:13 - [MESSAGE][PASSED] - Object 'Object Repository/CERTPAY_QUICKSTI/Payment_Information_Page/CARD_NUMBER' is present

2020-09-08 16:32:14 - [MESSAGE][PASSED] - Text '8171999900000018' is set on object 'Object Repository/CERTPAY_QUICKSTI/Payment_Information_Page/CARD_NUMBER'

2020-09-08 16:32:14 - [MESSAGE][PASSED] - Quicksti.ts:Entered'8171999900000018 into CardNum

2020-09-08 16:32:14 - [TEST_STEP][PASSED] - pages.Quicksti.setExpDate(expMonth, expYear, securityCode): Quicksti.ts:Entered'111 into securityCode

2020-09-08 16:32:14 - [MESSAGE][PASSED] - Object 'Object Repository/CERTPAY_QUICKSTI/Payment_Information_Page/EXP_MONTH' is visible

2020-09-08 16:32:15 - [MESSAGE][PASSED] - Object 'Object Repository/CERTPAY_QUICKSTI/Payment_Information_Page/EXP_MONTH' is present

2020-09-08 16:32:16 - [MESSAGE][PASSED] - Object: 'Object Repository/CERTPAY_QUICKSTI/Payment_Information_Page/EXP_MONTH' is clicked on

2020-09-08 16:32:17 - [MESSAGE][PASSED] - All options with label '04' are selected in object 'Object Repository/CERTPAY_QUICKSTI/Payment_Information_Page/EXP_MONTH'  using regular expression

2020-09-08 16:32:17 - [MESSAGE][PASSED] - selected dropdown option by visible text  04from expMonth

2020-09-08 16:32:18 - [MESSAGE][PASSED] - Object 'Object Repository/CERTPAY_QUICKSTI/Payment_Information_Page/EXP_YEAR' is visible

2020-09-08 16:32:18 - [MESSAGE][PASSED] - Object 'Object Repository/CERTPAY_QUICKSTI/Payment_Information_Page/EXP_YEAR' is present

2020-09-08 16:32:19 - [MESSAGE][PASSED] - Object: 'Object Repository/CERTPAY_QUICKSTI/Payment_Information_Page/EXP_YEAR' is clicked on

2020-09-08 16:32:21 - [MESSAGE][PASSED] - All options with label '2027' are selected in object 'Object Repository/CERTPAY_QUICKSTI/Payment_Information_Page/EXP_YEAR'  using regular expression

2020-09-08 16:32:21 - [MESSAGE][PASSED] - selected dropdown option by visible text  2027from  expYear

2020-09-08 16:32:21 - [MESSAGE][PASSED] - Object 'Object Repository/CERTPAY_QUICKSTI/Payment_Information_Page/SECURITY_CODE' is present

2020-09-08 16:32:21 - [MESSAGE][PASSED] - Object 'Object Repository/CERTPAY_QUICKSTI/Payment_Information_Page/SECURITY_CODE' is visible

2020-09-08 16:32:22 - [MESSAGE][PASSED] - Object 'Object Repository/CERTPAY_QUICKSTI/Payment_Information_Page/SECURITY_CODE' is present

2020-09-08 16:32:23 - [MESSAGE][PASSED] - Text '111' is set on object 'Object Repository/CERTPAY_QUICKSTI/Payment_Information_Page/SECURITY_CODE'

2020-09-08 16:32:23 - [MESSAGE][PASSED] - Quicksti.ts:Entered'111 into securityCode

2020-09-08 16:32:23 - [TEST_STEP][PASSED] - utilities.SafeActions.safeType(findTestObject("CERTPAY_QUICKSTI/Payment_Information_Page/ADDRESS"), address, "Address", [pageLoadTime]): Quicksti.ts:Entered'14-2 into Address

2020-09-08 16:32:23 - [MESSAGE][PASSED] - Object 'Object Repository/CERTPAY_QUICKSTI/Payment_Information_Page/ADDRESS' is present

2020-09-08 16:32:24 - [MESSAGE][PASSED] - Object 'Object Repository/CERTPAY_QUICKSTI/Payment_Information_Page/ADDRESS' is visible

2020-09-08 16:32:24 - [MESSAGE][PASSED] - Object 'Object Repository/CERTPAY_QUICKSTI/Payment_Information_Page/ADDRESS' is present

2020-09-08 16:32:25 - [MESSAGE][PASSED] - Text '14-2' is set on object 'Object Repository/CERTPAY_QUICKSTI/Payment_Information_Page/ADDRESS'

2020-09-08 16:32:25 - [MESSAGE][PASSED] - Quicksti.ts:Entered'14-2 into Address

2020-09-08 16:32:25 - [TEST_STEP][PASSED] - utilities.SafeActions.safeType(findTestObject("CERTPAY_QUICKSTI/Payment_Information_Page/ZIP_CODE"), zipCode, "zipcode", [pageLoadTime]): Quicksti.ts:Entered'76102 into zipcode

2020-09-08 16:32:25 - [MESSAGE][PASSED] - Object 'Object Repository/CERTPAY_QUICKSTI/Payment_Information_Page/ZIP_CODE' is present

2020-09-08 16:32:26 - [MESSAGE][PASSED] - Object 'Object Repository/CERTPAY_QUICKSTI/Payment_Information_Page/ZIP_CODE' is visible

2020-09-08 16:32:26 - [MESSAGE][PASSED] - Object 'Object Repository/CERTPAY_QUICKSTI/Payment_Information_Page/ZIP_CODE' is present

2020-09-08 16:32:27 - [MESSAGE][PASSED] - Text '76102' is set on object 'Object Repository/CERTPAY_QUICKSTI/Payment_Information_Page/ZIP_CODE'

2020-09-08 16:32:27 - [MESSAGE][PASSED] - Quicksti.ts:Entered'76102 into zipcode

2020-09-08 16:32:27 - [TEST_STEP][PASSED] - utilities.SafeActions.safeType(findTestObject("CERTPAY_QUICKSTI/Payment_Information_Page/TELEPHONE"), telephone, "Telephone", [pageLoadTime]): Quicksti.ts:Entered'9989897654 into Telephone

2020-09-08 16:32:28 - [MESSAGE][PASSED] - Object 'Object Repository/CERTPAY_QUICKSTI/Payment_Information_Page/TELEPHONE' is present

2020-09-08 16:32:28 - [MESSAGE][PASSED] - Object 'Object Repository/CERTPAY_QUICKSTI/Payment_Information_Page/TELEPHONE' is visible

2020-09-08 16:32:28 - [MESSAGE][PASSED] - Object 'Object Repository/CERTPAY_QUICKSTI/Payment_Information_Page/TELEPHONE' is present

2020-09-08 16:32:30 - [MESSAGE][PASSED] - Text '9989897654' is set on object 'Object Repository/CERTPAY_QUICKSTI/Payment_Information_Page/TELEPHONE'

2020-09-08 16:32:30 - [MESSAGE][PASSED] - Quicksti.ts:Entered'9989897654 into Telephone

2020-09-08 16:32:30 - [TEST_STEP][PASSED] - utilities.SafeActions.safeType(findTestObject("CERTPAY_QUICKSTI/Payment_Information_Page/EMAIL_ADDRESS"), emailAddress, "EMAIL address", [pageLoadTime]): Quicksti.ts:Entered'testing@zenq.com into EMAIL address

2020-09-08 16:32:30 - [MESSAGE][PASSED] - Object 'Object Repository/CERTPAY_QUICKSTI/Payment_Information_Page/EMAIL_ADDRESS' is present

2020-09-08 16:32:30 - [MESSAGE][PASSED] - Object 'Object Repository/CERTPAY_QUICKSTI/Payment_Information_Page/EMAIL_ADDRESS' is visible

2020-09-08 16:32:31 - [MESSAGE][PASSED] - Object 'Object Repository/CERTPAY_QUICKSTI/Payment_Information_Page/EMAIL_ADDRESS' is present

2020-09-08 16:32:32 - [MESSAGE][PASSED] - Text 'testing@zenq.com' is set on object 'Object Repository/CERTPAY_QUICKSTI/Payment_Information_Page/EMAIL_ADDRESS'

2020-09-08 16:32:32 - [MESSAGE][PASSED] - Quicksti.ts:Entered'testing@zenq.com into EMAIL address

2020-09-08 16:32:32 - [TEST_STEP][PASSED] - utilities.SafeActions.safeClick(findTestObject("CERTPAY_QUICKSTI/Payment_Information_Page/NEXT_BUTTON"), "Next", [pageLoadTime]): Quicksti.ts:Clicked on the Next

2020-09-08 16:32:32 - [MESSAGE][INFO] - safeClicking

2020-09-08 16:32:32 - [MESSAGE][PASSED] - Object 'Object Repository/CERTPAY_QUICKSTI/Payment_Information_Page/NEXT_BUTTON' is present

2020-09-08 16:32:33 - [MESSAGE][PASSED] - Object 'Object Repository/CERTPAY_QUICKSTI/Payment_Information_Page/NEXT_BUTTON' is clickable

2020-09-08 16:32:36 - [MESSAGE][PASSED] - Object: 'Object Repository/CERTPAY_QUICKSTI/Payment_Information_Page/NEXT_BUTTON' is clicked on

2020-09-08 16:32:36 - [MESSAGE][PASSED] - Quicksti.ts:Clicked on the Next

2020-09-08 16:32:36 - [TEST_STEP][PASSED] - pages.Quicksti.verifyUserPaymentDetails(amountList.get(0), firstName, lastName, CardNumber): pages.Quicksti.verifyUserPaymentDetails is PASSED

2020-09-08 16:32:37 - [MESSAGE][PASSED] - Text of object 'Object Repository/CERTPAY_QUICKSTI/Payment_Details_Verification_Page/AMOUNT' is: '$35.00'

2020-09-08 16:32:37 - [MESSAGE][PASSED] - Actual text '35.00' and expected text '35.00' are matched  using regular expression

2020-09-08 16:32:37 - [MESSAGE][PASSED] - Text of object 'Object Repository/CERTPAY_QUICKSTI/Payment_Details_Verification_Page/NAME' is: 'Tester Zenq1'

2020-09-08 16:32:37 - [MESSAGE][PASSED] - Actual text 'Tester Zenq1' and expected text 'Tester Zenq1' are matched  using regular expression

2020-09-08 16:32:37 - [MESSAGE][PASSED] - Text of object 'Object Repository/CERTPAY_QUICKSTI/Payment_Details_Verification_Page/CARD_NUMBER' is: '...0018'

2020-09-08 16:32:37 - [MESSAGE][PASSED] - Actual text '0018' and expected text '0018' are matched  using regular expression

2020-09-08 16:32:37 - [MESSAGE][PASSED] - pages.Quicksti.verifyUserPaymentDetails is PASSED

2020-09-08 16:32:37 - [TEST_STEP][PASSED] - delay(2): Delayed 2 second(s)

2020-09-08 16:32:39 - [MESSAGE][PASSED] - Delayed 2 second(s)

2020-09-08 16:32:39 - [TEST_STEP][PASSED] - scrollToElement(findTestObject("CERTPAY_QUICKSTI/Payment_Details_Verification_Page/PROCESS"), 0): Scroll to object 'Object Repository/CERTPAY_QUICKSTI/Payment_Details_Verification_Page/PROCESS' successfully

2020-09-08 16:32:39 - [MESSAGE][WARNING] - Timeout '0' is invalid. Using default page load timeout: '30'

2020-09-08 16:32:40 - [MESSAGE][PASSED] - Scroll to object 'Object Repository/CERTPAY_QUICKSTI/Payment_Details_Verification_Page/PROCESS' successfully

2020-09-08 16:32:40 - [TEST_STEP][PASSED] - utilities.SafeActions.safeClick(findTestObject("CERTPAY_QUICKSTI/Payment_Details_Verification_Page/PROCESS"), "Process", [pageLoadTime]): Quicksti.ts:Clicked on the Process

2020-09-08 16:32:40 - [MESSAGE][INFO] - safeClicking

2020-09-08 16:32:40 - [MESSAGE][PASSED] - Object 'Object Repository/CERTPAY_QUICKSTI/Payment_Details_Verification_Page/PROCESS' is present

2020-09-08 16:32:40 - [MESSAGE][PASSED] - Object 'Object Repository/CERTPAY_QUICKSTI/Payment_Details_Verification_Page/PROCESS' is clickable

2020-09-08 16:32:46 - [MESSAGE][PASSED] - Object: 'Object Repository/CERTPAY_QUICKSTI/Payment_Details_Verification_Page/PROCESS' is clicked on

2020-09-08 16:32:46 - [MESSAGE][PASSED] - Quicksti.ts:Clicked on the Process

2020-09-08 16:32:46 - [TEST_STEP][PASSED] - PaymentID = pages.Quicksti.verifyPaymentApproval(findTestObject("CERTPAY_QUICKSTI/Payment_Details_Verification_Page/APPROVED")): Payment is approved

2020-09-08 16:32:46 - [MESSAGE][PASSED] - Text of object 'Object Repository/CERTPAY_QUICKSTI/Payment_Details_Verification_Page/PAYMENT_ID' is: '100176112305'

2020-09-08 16:32:47 - [MESSAGE][PASSED] - Object 'Object Repository/CERTPAY_QUICKSTI/Payment_Details_Verification_Page/APPROVED' is present

2020-09-08 16:32:47 - [MESSAGE][PASSED] - Payment is approved

2020-09-08 16:32:49 - [TEST_STEP][PASSED] - navigateToUrl(Admin_url): Navigate to 'https://qa-certpayadmin.faps.net' successfully

2020-09-08 16:32:53 - [MESSAGE][PASSED] - Navigate to 'https://qa-certpayadmin.faps.net' successfully

2020-09-08 16:32:53 - [TEST_STEP][PASSED] - pages.Bureau_Login_Page.loginToAdminSite(AdminUsername, AdminPassword): Quicksti.ts:Clicked on the LOGIN

2020-09-08 16:32:54 - [MESSAGE][PASSED] - Object 'Object Repository/CERTPAY_ADMIN/USER_NAME' is present

2020-09-08 16:32:54 - [MESSAGE][PASSED] - Object 'Object Repository/CERTPAY_ADMIN/USER_NAME' is visible

2020-09-08 16:32:54 - [MESSAGE][PASSED] - Object 'Object Repository/CERTPAY_ADMIN/USER_NAME' is present

2020-09-08 16:32:56 - [MESSAGE][PASSED] - Text 'VVangiliappan' is set on object 'Object Repository/CERTPAY_ADMIN/USER_NAME'

2020-09-08 16:32:56 - [MESSAGE][PASSED] - Quicksti.ts:Entered'VVangiliappan into username

2020-09-08 16:32:56 - [MESSAGE][PASSED] - Object 'Object Repository/CERTPAY_ADMIN/PASSWORD' is present

2020-09-08 16:32:56 - [MESSAGE][PASSED] - Object 'Object Repository/CERTPAY_ADMIN/PASSWORD' is visible

2020-09-08 16:32:57 - [MESSAGE][PASSED] - Object 'Object Repository/CERTPAY_ADMIN/PASSWORD' is present

2020-09-08 16:32:58 - [MESSAGE][PASSED] - Text 'Knila@12345' is set on object 'Object Repository/CERTPAY_ADMIN/PASSWORD'

2020-09-08 16:32:58 - [MESSAGE][PASSED] - Quicksti.ts:Entered'Knila@12345 into password

2020-09-08 16:32:58 - [MESSAGE][INFO] - safeClicking

2020-09-08 16:32:58 - [MESSAGE][PASSED] - Object 'Object Repository/CERTPAY_ADMIN/LOGIN_BUTTON' is present

2020-09-08 16:32:59 - [MESSAGE][PASSED] - Object 'Object Repository/CERTPAY_ADMIN/LOGIN_BUTTON' is clickable

2020-09-08 16:33:08 - [MESSAGE][PASSED] - Object: 'Object Repository/CERTPAY_ADMIN/LOGIN_BUTTON' is clicked on

2020-09-08 16:33:08 - [MESSAGE][PASSED] - Quicksti.ts:Clicked on the LOGIN

2020-09-08 16:33:08 - [TEST_STEP][PASSED] - utilities.SafeActions.safeClick(findTestObject("CERTPAY_ADMIN/TRANSACTION_SEARCH"), "TransactionSearch", [pageLoadTime]): Quicksti.ts:Clicked on the TransactionSearch

2020-09-08 16:33:08 - [MESSAGE][INFO] - safeClicking

2020-09-08 16:33:09 - [MESSAGE][PASSED] - Object 'Object Repository/CERTPAY_ADMIN/TRANSACTION_SEARCH' is present

2020-09-08 16:33:09 - [MESSAGE][PASSED] - Object 'Object Repository/CERTPAY_ADMIN/TRANSACTION_SEARCH' is clickable

2020-09-08 16:33:11 - [MESSAGE][PASSED] - Object: 'Object Repository/CERTPAY_ADMIN/TRANSACTION_SEARCH' is clicked on

2020-09-08 16:33:11 - [MESSAGE][PASSED] - Quicksti.ts:Clicked on the TransactionSearch

2020-09-08 16:33:11 - [TEST_STEP][PASSED] - delay(2): Delayed 2 second(s)

2020-09-08 16:33:13 - [MESSAGE][PASSED] - Delayed 2 second(s)

2020-09-08 16:33:13 - [TEST_STEP][PASSED] - utilities.SafeActions.safeType(findTestObject("CERTPAY_ADMIN/PAYMENT_ID"), PaymentID, "Payment id", [pageLoadTime]): Quicksti.ts:Entered'100176112305 into Payment id

2020-09-08 16:33:14 - [MESSAGE][PASSED] - Object 'Object Repository/CERTPAY_ADMIN/PAYMENT_ID' is present

2020-09-08 16:33:14 - [MESSAGE][PASSED] - Object 'Object Repository/CERTPAY_ADMIN/PAYMENT_ID' is visible

2020-09-08 16:33:14 - [MESSAGE][PASSED] - Object 'Object Repository/CERTPAY_ADMIN/PAYMENT_ID' is present

2020-09-08 16:33:16 - [MESSAGE][PASSED] - Text '100176112305' is set on object 'Object Repository/CERTPAY_ADMIN/PAYMENT_ID'

2020-09-08 16:33:16 - [MESSAGE][PASSED] - Quicksti.ts:Entered'100176112305 into Payment id

2020-09-08 16:33:16 - [TEST_STEP][PASSED] - utilities.SafeActions.safeClick(findTestObject("CERTPAY_ADMIN/GO_BUTTON"), "Go button", [pageLoadTime]): Quicksti.ts:Clicked on the Go button

2020-09-08 16:33:16 - [MESSAGE][INFO] - safeClicking

2020-09-08 16:33:16 - [MESSAGE][PASSED] - Object 'Object Repository/CERTPAY_ADMIN/GO_BUTTON' is present

2020-09-08 16:33:16 - [MESSAGE][PASSED] - Object 'Object Repository/CERTPAY_ADMIN/GO_BUTTON' is clickable

2020-09-08 16:33:20 - [MESSAGE][PASSED] - Object: 'Object Repository/CERTPAY_ADMIN/GO_BUTTON' is clicked on

2020-09-08 16:33:20 - [MESSAGE][PASSED] - Quicksti.ts:Clicked on the Go button

2020-09-08 16:33:20 - [TEST_STEP][PASSED] - delay(5): Delayed 5 second(s)

2020-09-08 16:33:25 - [MESSAGE][PASSED] - Delayed 5 second(s)

2020-09-08 16:33:25 - [TEST_STEP][PASSED] - scrollToPosition(800, 900): Browser is scrolled to position x = 800, y = 900

2020-09-08 16:33:25 - [MESSAGE][PASSED] - Browser is scrolled to position x = 800, y = 900

2020-09-08 16:33:25 - [TEST_STEP][PASSED] - paymentIdList.add(PaymentID): null

2020-09-08 16:33:25 - [TEST_STEP][PASSED] - println(paymentIdList): null

2020-09-08 16:33:25 - [TEST_STEP][PASSED] - firstName = data.getValue("FirstName", index): null

2020-09-08 16:33:25 - [TEST_STEP][PASSED] - lastName = data.getValue("LastName", index): null

2020-09-08 16:33:25 - [TEST_STEP][PASSED] - cardNum = data.getValue("CardNumber", index): null

2020-09-08 16:33:25 - [TEST_STEP][PASSED] - expMonth = data.getValue("ExpMonth", index): null

2020-09-08 16:33:25 - [TEST_STEP][PASSED] - expYear = data.getValue("ExpYear", index): null

2020-09-08 16:33:25 - [TEST_STEP][PASSED] - securityCode = data.getValue("SecurityCode", index): null

2020-09-08 16:33:25 - [TEST_STEP][PASSED] - paymentAmount = data.getValue("PaymentAmount", index): null

2020-09-08 16:33:25 - [TEST_STEP][PASSED] - paymentType = data.getValue("PaymentType", index): null

2020-09-08 16:33:25 - [TEST_STEP][PASSED] - quantity = data.getValue("Quantity", index): null

2020-09-08 16:33:25 - [TEST_STEP][PASSED] - comments = data.getValue("Comments", index): null

2020-09-08 16:33:25 - [TEST_STEP][PASSED] - referenceNum = data.getValue("ReferenceNum", index): null

2020-09-08 16:33:25 - [TEST_STEP][PASSED] - address = data.getValue("Address", index): null

2020-09-08 16:33:25 - [TEST_STEP][PASSED] - zipCode = data.getValue("Zipcode", index): null

2020-09-08 16:33:25 - [TEST_STEP][PASSED] - telephone = data.getValue("Telephone", index): null

2020-09-08 16:33:25 - [TEST_STEP][PASSED] - emailAddress = data.getValue("EmailAddress", index): null

2020-09-08 16:33:25 - [TEST_STEP][PASSED] - cardType = data.getValue("CardType", index): null

2020-09-08 16:33:25 - [TEST_STEP][PASSED] - amountList = paymentAmount.split(","): null

2020-09-08 16:33:25 - [TEST_STEP][PASSED] - referenceList = referenceNum.split(","): null

2020-09-08 16:33:25 - [TEST_STEP][PASSED] - paymentTypeList = paymentType.split(","): null

2020-09-08 16:33:25 - [TEST_STEP][PASSED] - commentsList = comments.split(","): null

2020-09-08 16:33:25 - [TEST_STEP][PASSED] - quantityList = quantity.split(","): null

2020-09-08 16:33:25 - [TEST_STEP][PASSED] - utilities.SafeActions.openBrowser(Quicksti_Url, [pageLoadTime]): Browser launched successfully

2020-09-08 16:33:25 - [MESSAGE][INFO] - Opening Browser

2020-09-08 16:33:25 - [MESSAGE][WARNING] - A browser is already opened. Closing browser and opening a new one

2020-09-08 16:33:26 - [MESSAGE][INFO] - Starting 'Chrome' driver

2020-09-08 16:33:34 - [MESSAGE][PASSED] - Browser is opened with url: 'https://qa-certpayquicksti.faps.net/'

2020-09-08 16:33:36 - [MESSAGE][PASSED] - Current window maximized

2020-09-08 16:33:36 - [MESSAGE][PASSED] - Browser launched successfully

2020-09-08 16:33:36 - [TEST_STEP][PASSED] - utilities.SafeActions.safeCheck(findTestObject("CERTPAY_QUICKSTI/Login_ Page/MULTI_BUREAU_CHECKBOX"), "Multi Bureau", [pageLoadTime]): Quicksti.ts:Checkbox 'Multi Bureau'is selected

2020-09-08 16:33:36 - [MESSAGE][PASSED] - Object 'Object Repository/CERTPAY_QUICKSTI/Login_ Page/MULTI_BUREAU_CHECKBOX' is present

2020-09-08 16:33:37 - [MESSAGE][PASSED] - Object 'Object Repository/CERTPAY_QUICKSTI/Login_ Page/MULTI_BUREAU_CHECKBOX' is present

2020-09-08 16:33:38 - [MESSAGE][PASSED] - Object: 'Object Repository/CERTPAY_QUICKSTI/Login_ Page/MULTI_BUREAU_CHECKBOX' is clicked on

2020-09-08 16:33:38 - [MESSAGE][PASSED] - Quicksti.ts:Checkbox 'Multi Bureau'is selected

2020-09-08 16:33:38 - [TEST_STEP][PASSED] - utilities.SafeActions.safeType(findTestObject("CERTPAY_QUICKSTI/Login_ Page/TELLER_ID"), teller_id, "Bureau code", [pageLoadTime]): Quicksti.ts:Entered'zenq into Bureau code

2020-09-08 16:33:40 - [MESSAGE][PASSED] - Object 'Object Repository/CERTPAY_QUICKSTI/Login_ Page/TELLER_ID' is present

2020-09-08 16:33:40 - [MESSAGE][PASSED] - Object 'Object Repository/CERTPAY_QUICKSTI/Login_ Page/TELLER_ID' is visible

2020-09-08 16:33:40 - [MESSAGE][PASSED] - Object 'Object Repository/CERTPAY_QUICKSTI/Login_ Page/TELLER_ID' is present

2020-09-08 16:33:41 - [MESSAGE][PASSED] - Text 'zenq' is set on object 'Object Repository/CERTPAY_QUICKSTI/Login_ Page/TELLER_ID'

2020-09-08 16:33:41 - [MESSAGE][PASSED] - Quicksti.ts:Entered'zenq into Bureau code

2020-09-08 16:33:41 - [TEST_STEP][PASSED] - utilities.SafeActions.safeClick(findTestObject("CERTPAY_QUICKSTI/Login_ Page/NEXT_BUTTON"), "Next button", [pageLoadTime]): Quicksti.ts:Clicked on the Next button

2020-09-08 16:33:41 - [MESSAGE][INFO] - safeClicking

2020-09-08 16:33:42 - [MESSAGE][PASSED] - Object 'Object Repository/CERTPAY_QUICKSTI/Login_ Page/NEXT_BUTTON' is present

2020-09-08 16:33:42 - [MESSAGE][PASSED] - Object 'Object Repository/CERTPAY_QUICKSTI/Login_ Page/NEXT_BUTTON' is clickable

2020-09-08 16:33:48 - [MESSAGE][PASSED] - Object: 'Object Repository/CERTPAY_QUICKSTI/Login_ Page/NEXT_BUTTON' is clicked on

2020-09-08 16:33:48 - [MESSAGE][PASSED] - Quicksti.ts:Clicked on the Next button

2020-09-08 16:33:48 - [TEST_STEP][PASSED] - for ([i = 0, i <= amountList.size() - 1, (i++)]): Quicksti.ts:Entered'2 into Quntity

2020-09-08 16:33:48 - [TEST_STEP][PASSED] - s = Integer.toString(i): null

2020-09-08 16:33:48 - [TEST_STEP][PASSED] - pages.Quicksti.setCommnets("0", s, commentsList.get(i)): Quicksti.ts:Entered'Testing into Comments

2020-09-08 16:33:48 - [MESSAGE][PASSED] - Object '' is present

2020-09-08 16:33:48 - [MESSAGE][PASSED] - Object '' is visible

2020-09-08 16:33:49 - [MESSAGE][PASSED] - Object '' is present

2020-09-08 16:33:50 - [MESSAGE][PASSED] - Text 'Testing' is set on object ''

2020-09-08 16:33:50 - [MESSAGE][PASSED] - Quicksti.ts:Entered'Testing into Comments

2020-09-08 16:33:50 - [TEST_STEP][PASSED] - utilities.SafeActions.safeType(findTestObject("CERTPAY_QUICKSTI/Payment_Information_Page/PAYMENT_AMOUNT"), amountList.get(i), "Payment Amount", [pageLoadTime]): Quicksti.ts:Entered'35.00 into Payment Amount

2020-09-08 16:33:50 - [MESSAGE][PASSED] - Object 'Object Repository/CERTPAY_QUICKSTI/Payment_Information_Page/PAYMENT_AMOUNT' is present

2020-09-08 16:33:51 - [MESSAGE][PASSED] - Object 'Object Repository/CERTPAY_QUICKSTI/Payment_Information_Page/PAYMENT_AMOUNT' is visible

2020-09-08 16:33:51 - [MESSAGE][PASSED] - Object 'Object Repository/CERTPAY_QUICKSTI/Payment_Information_Page/PAYMENT_AMOUNT' is present

2020-09-08 16:33:52 - [MESSAGE][PASSED] - Text '35.00' is set on object 'Object Repository/CERTPAY_QUICKSTI/Payment_Information_Page/PAYMENT_AMOUNT'

2020-09-08 16:33:52 - [MESSAGE][PASSED] - Quicksti.ts:Entered'35.00 into Payment Amount

2020-09-08 16:33:52 - [TEST_STEP][PASSED] - pages.Quicksti.setAmountDetailsForMultiBureau(s, paymentTypeList.get(i), "0", referenceList.get(i), quantityList.get(i)): Quicksti.ts:Entered'1 into Quntity

2020-09-08 16:33:53 - [MESSAGE][PASSED] - Object '' is visible

2020-09-08 16:33:53 - [MESSAGE][PASSED] - Object '' is present

2020-09-08 16:33:54 - [MESSAGE][PASSED] - Object: '' is clicked on

2020-09-08 16:33:56 - [MESSAGE][PASSED] - All options with label 'Licenses' are selected in object ''  using regular expression

2020-09-08 16:33:56 - [MESSAGE][PASSED] - selected dropdown option by visible text  Licensesfrom Payment Type

2020-09-08 16:33:56 - [MESSAGE][PASSED] - Object '' is present

2020-09-08 16:33:57 - [MESSAGE][PASSED] - Object '' is visible

2020-09-08 16:33:57 - [MESSAGE][PASSED] - Object '' is present

2020-09-08 16:33:58 - [MESSAGE][PASSED] - Text '11' is set on object ''

2020-09-08 16:33:58 - [MESSAGE][PASSED] - Quicksti.ts:Entered'11 into RefrenceNumber

2020-09-08 16:33:58 - [MESSAGE][PASSED] - Object '' is present

2020-09-08 16:33:59 - [MESSAGE][PASSED] - Object '' is visible

2020-09-08 16:33:59 - [MESSAGE][PASSED] - Object '' is present

2020-09-08 16:34:00 - [MESSAGE][PASSED] - Text '1' is set on object ''

2020-09-08 16:34:00 - [MESSAGE][PASSED] - Quicksti.ts:Entered'1 into Quntity

2020-09-08 16:34:00 - [TEST_STEP][PASSED] - s = Integer.toString(i): null

2020-09-08 16:34:00 - [TEST_STEP][PASSED] - pages.Quicksti.setCommnets("0", s, commentsList.get(i)): Quicksti.ts:Entered'Tester into Comments

2020-09-08 16:34:01 - [MESSAGE][PASSED] - Object '' is present

2020-09-08 16:34:01 - [MESSAGE][PASSED] - Object '' is visible

2020-09-08 16:34:01 - [MESSAGE][PASSED] - Object '' is present

2020-09-08 16:34:03 - [MESSAGE][PASSED] - Text 'Tester' is set on object ''

2020-09-08 16:34:03 - [MESSAGE][PASSED] - Quicksti.ts:Entered'Tester into Comments

2020-09-08 16:34:03 - [TEST_STEP][PASSED] - utilities.SafeActions.safeType(findTestObject("CERTPAY_QUICKSTI/Payment_Information_Page/PAYMENT_AMOUNT"), amountList.get(i), "Payment Amount", [pageLoadTime]): Quicksti.ts:Entered'40.00 into Payment Amount

2020-09-08 16:34:03 - [MESSAGE][PASSED] - Object 'Object Repository/CERTPAY_QUICKSTI/Payment_Information_Page/PAYMENT_AMOUNT' is present

2020-09-08 16:34:03 - [MESSAGE][PASSED] - Object 'Object Repository/CERTPAY_QUICKSTI/Payment_Information_Page/PAYMENT_AMOUNT' is visible

2020-09-08 16:34:04 - [MESSAGE][PASSED] - Object 'Object Repository/CERTPAY_QUICKSTI/Payment_Information_Page/PAYMENT_AMOUNT' is present

2020-09-08 16:34:05 - [MESSAGE][PASSED] - Text '40.00' is set on object 'Object Repository/CERTPAY_QUICKSTI/Payment_Information_Page/PAYMENT_AMOUNT'

2020-09-08 16:34:05 - [MESSAGE][PASSED] - Quicksti.ts:Entered'40.00 into Payment Amount

2020-09-08 16:34:05 - [TEST_STEP][PASSED] - pages.Quicksti.setAmountDetailsForMultiBureau(s, paymentTypeList.get(i), "0", referenceList.get(i), quantityList.get(i)): Quicksti.ts:Entered'2 into Quntity

2020-09-08 16:34:06 - [MESSAGE][PASSED] - Object '' is visible

2020-09-08 16:34:06 - [MESSAGE][PASSED] - Object '' is present

2020-09-08 16:34:07 - [MESSAGE][PASSED] - Object: '' is clicked on

2020-09-08 16:34:09 - [MESSAGE][PASSED] - All options with label 'Taxes' are selected in object ''  using regular expression

2020-09-08 16:34:09 - [MESSAGE][PASSED] - selected dropdown option by visible text  Taxesfrom Payment Type

2020-09-08 16:34:09 - [MESSAGE][PASSED] - Object '' is present

2020-09-08 16:34:09 - [MESSAGE][PASSED] - Object '' is visible

2020-09-08 16:34:10 - [MESSAGE][PASSED] - Object '' is present

2020-09-08 16:34:11 - [MESSAGE][PASSED] - Text '12' is set on object ''

2020-09-08 16:34:11 - [MESSAGE][PASSED] - Quicksti.ts:Entered'12 into RefrenceNumber

2020-09-08 16:34:11 - [MESSAGE][PASSED] - Object '' is present

2020-09-08 16:34:12 - [MESSAGE][PASSED] - Object '' is visible

2020-09-08 16:34:12 - [MESSAGE][PASSED] - Object '' is present

2020-09-08 16:34:13 - [MESSAGE][PASSED] - Text '2' is set on object ''

2020-09-08 16:34:13 - [MESSAGE][PASSED] - Quicksti.ts:Entered'2 into Quntity

2020-09-08 16:34:13 - [TEST_STEP][PASSED] - amount_Value = pages.Quicksti.getAttributeValue(findTestObject("CERTPAY_QUICKSTI/Payment_Information_Page/SUB_TOTAL")): pages.Quicksti.getAttributeValue is PASSED

2020-09-08 16:34:14 - [MESSAGE][PASSED] - Attribute 'value' of object 'Object Repository/CERTPAY_QUICKSTI/Payment_Information_Page/SUB_TOTAL' is: '35.00'

2020-09-08 16:34:14 - [MESSAGE][PASSED] - pages.Quicksti.getAttributeValue is PASSED

2020-09-08 16:34:14 - [TEST_STEP][PASSED] - utilities.SafeActions.safeClick(findTestObject("CERTPAY_QUICKSTI/Payment_Information_Page/MANUAL_ENTRY_BUTTON"), "ManualEntry", [pageLoadTime]): Quicksti.ts:Clicked on the ManualEntry

2020-09-08 16:34:14 - [MESSAGE][INFO] - safeClicking

2020-09-08 16:34:14 - [MESSAGE][PASSED] - Object 'Object Repository/CERTPAY_QUICKSTI/Payment_Information_Page/MANUAL_ENTRY_BUTTON' is present

2020-09-08 16:34:14 - [MESSAGE][PASSED] - Object 'Object Repository/CERTPAY_QUICKSTI/Payment_Information_Page/MANUAL_ENTRY_BUTTON' is clickable

2020-09-08 16:34:21 - [MESSAGE][PASSED] - Object: 'Object Repository/CERTPAY_QUICKSTI/Payment_Information_Page/MANUAL_ENTRY_BUTTON' is clicked on

2020-09-08 16:34:21 - [MESSAGE][PASSED] - Quicksti.ts:Clicked on the ManualEntry

2020-09-08 16:34:21 - [TEST_STEP][PASSED] - CardNumber = pages.Quicksti.setUserPaymentDetails(firstName, lastName, cardNum): Quicksti.ts:Entered'374245003731006 into CardNum

2020-09-08 16:34:21 - [MESSAGE][PASSED] - Object 'Object Repository/CERTPAY_QUICKSTI/Payment_Information_Page/FIRST_NAME' is present

2020-09-08 16:34:21 - [MESSAGE][PASSED] - Object 'Object Repository/CERTPAY_QUICKSTI/Payment_Information_Page/FIRST_NAME' is visible

2020-09-08 16:34:22 - [MESSAGE][PASSED] - Object 'Object Repository/CERTPAY_QUICKSTI/Payment_Information_Page/FIRST_NAME' is present

2020-09-08 16:34:23 - [MESSAGE][PASSED] - Text 'Tester' is set on object 'Object Repository/CERTPAY_QUICKSTI/Payment_Information_Page/FIRST_NAME'

2020-09-08 16:34:23 - [MESSAGE][PASSED] - Quicksti.ts:Entered'Tester into FirstName

2020-09-08 16:34:23 - [MESSAGE][PASSED] - Object 'Object Repository/CERTPAY_QUICKSTI/Payment_Information_Page/LAST_NAME' is present

2020-09-08 16:34:24 - [MESSAGE][PASSED] - Object 'Object Repository/CERTPAY_QUICKSTI/Payment_Information_Page/LAST_NAME' is visible

2020-09-08 16:34:24 - [MESSAGE][PASSED] - Object 'Object Repository/CERTPAY_QUICKSTI/Payment_Information_Page/LAST_NAME' is present

2020-09-08 16:34:25 - [MESSAGE][PASSED] - Text 'Zenq1' is set on object 'Object Repository/CERTPAY_QUICKSTI/Payment_Information_Page/LAST_NAME'

2020-09-08 16:34:25 - [MESSAGE][PASSED] - Quicksti.ts:Entered'Zenq1 into LAstName

2020-09-08 16:34:26 - [MESSAGE][PASSED] - Object 'Object Repository/CERTPAY_QUICKSTI/Payment_Information_Page/CARD_NUMBER' is present

2020-09-08 16:34:26 - [MESSAGE][PASSED] - Object 'Object Repository/CERTPAY_QUICKSTI/Payment_Information_Page/CARD_NUMBER' is visible

2020-09-08 16:34:26 - [MESSAGE][PASSED] - Object 'Object Repository/CERTPAY_QUICKSTI/Payment_Information_Page/CARD_NUMBER' is present

2020-09-08 16:34:28 - [MESSAGE][PASSED] - Text '374245003731006' is set on object 'Object Repository/CERTPAY_QUICKSTI/Payment_Information_Page/CARD_NUMBER'

2020-09-08 16:34:28 - [MESSAGE][PASSED] - Quicksti.ts:Entered'374245003731006 into CardNum

2020-09-08 16:34:28 - [TEST_STEP][PASSED] - pages.Quicksti.setExpDate(expMonth, expYear, securityCode): Quicksti.ts:Entered'111 into securityCode

2020-09-08 16:34:28 - [MESSAGE][PASSED] - Object 'Object Repository/CERTPAY_QUICKSTI/Payment_Information_Page/EXP_MONTH' is visible

2020-09-08 16:34:28 - [MESSAGE][PASSED] - Object 'Object Repository/CERTPAY_QUICKSTI/Payment_Information_Page/EXP_MONTH' is present

2020-09-08 16:34:30 - [MESSAGE][PASSED] - Object: 'Object Repository/CERTPAY_QUICKSTI/Payment_Information_Page/EXP_MONTH' is clicked on

2020-09-08 16:34:31 - [MESSAGE][PASSED] - All options with label '05' are selected in object 'Object Repository/CERTPAY_QUICKSTI/Payment_Information_Page/EXP_MONTH'  using regular expression

2020-09-08 16:34:31 - [MESSAGE][PASSED] - selected dropdown option by visible text  05from expMonth

2020-09-08 16:34:31 - [MESSAGE][PASSED] - Object 'Object Repository/CERTPAY_QUICKSTI/Payment_Information_Page/EXP_YEAR' is visible

2020-09-08 16:34:31 - [MESSAGE][PASSED] - Object 'Object Repository/CERTPAY_QUICKSTI/Payment_Information_Page/EXP_YEAR' is present

2020-09-08 16:34:33 - [MESSAGE][PASSED] - Object: 'Object Repository/CERTPAY_QUICKSTI/Payment_Information_Page/EXP_YEAR' is clicked on

2020-09-08 16:34:34 - [MESSAGE][PASSED] - All options with label '2022' are selected in object 'Object Repository/CERTPAY_QUICKSTI/Payment_Information_Page/EXP_YEAR'  using regular expression

2020-09-08 16:34:34 - [MESSAGE][PASSED] - selected dropdown option by visible text  2022from  expYear

2020-09-08 16:34:34 - [MESSAGE][PASSED] - Object 'Object Repository/CERTPAY_QUICKSTI/Payment_Information_Page/SECURITY_CODE' is present

2020-09-08 16:34:35 - [MESSAGE][PASSED] - Object 'Object Repository/CERTPAY_QUICKSTI/Payment_Information_Page/SECURITY_CODE' is visible

2020-09-08 16:34:35 - [MESSAGE][PASSED] - Object 'Object Repository/CERTPAY_QUICKSTI/Payment_Information_Page/SECURITY_CODE' is present

2020-09-08 16:34:36 - [MESSAGE][PASSED] - Text '111' is set on object 'Object Repository/CERTPAY_QUICKSTI/Payment_Information_Page/SECURITY_CODE'

2020-09-08 16:34:36 - [MESSAGE][PASSED] - Quicksti.ts:Entered'111 into securityCode

2020-09-08 16:34:36 - [TEST_STEP][PASSED] - utilities.SafeActions.safeType(findTestObject("CERTPAY_QUICKSTI/Payment_Information_Page/ADDRESS"), address, "Address", [pageLoadTime]): Quicksti.ts:Entered'14-2 into Address

2020-09-08 16:34:37 - [MESSAGE][PASSED] - Object 'Object Repository/CERTPAY_QUICKSTI/Payment_Information_Page/ADDRESS' is present

2020-09-08 16:34:37 - [MESSAGE][PASSED] - Object 'Object Repository/CERTPAY_QUICKSTI/Payment_Information_Page/ADDRESS' is visible

2020-09-08 16:34:37 - [MESSAGE][PASSED] - Object 'Object Repository/CERTPAY_QUICKSTI/Payment_Information_Page/ADDRESS' is present

2020-09-08 16:34:39 - [MESSAGE][PASSED] - Text '14-2' is set on object 'Object Repository/CERTPAY_QUICKSTI/Payment_Information_Page/ADDRESS'

2020-09-08 16:34:39 - [MESSAGE][PASSED] - Quicksti.ts:Entered'14-2 into Address

2020-09-08 16:34:39 - [TEST_STEP][PASSED] - utilities.SafeActions.safeType(findTestObject("CERTPAY_QUICKSTI/Payment_Information_Page/ZIP_CODE"), zipCode, "zipcode", [pageLoadTime]): Quicksti.ts:Entered'76102 into zipcode

2020-09-08 16:34:39 - [MESSAGE][PASSED] - Object 'Object Repository/CERTPAY_QUICKSTI/Payment_Information_Page/ZIP_CODE' is present

2020-09-08 16:34:39 - [MESSAGE][PASSED] - Object 'Object Repository/CERTPAY_QUICKSTI/Payment_Information_Page/ZIP_CODE' is visible

2020-09-08 16:34:39 - [MESSAGE][PASSED] - Object 'Object Repository/CERTPAY_QUICKSTI/Payment_Information_Page/ZIP_CODE' is present

2020-09-08 16:34:41 - [MESSAGE][PASSED] - Text '76102' is set on object 'Object Repository/CERTPAY_QUICKSTI/Payment_Information_Page/ZIP_CODE'

2020-09-08 16:34:41 - [MESSAGE][PASSED] - Quicksti.ts:Entered'76102 into zipcode

2020-09-08 16:34:41 - [TEST_STEP][PASSED] - utilities.SafeActions.safeType(findTestObject("CERTPAY_QUICKSTI/Payment_Information_Page/TELEPHONE"), telephone, "Telephone", [pageLoadTime]): Quicksti.ts:Entered'9989897654 into Telephone

2020-09-08 16:34:41 - [MESSAGE][PASSED] - Object 'Object Repository/CERTPAY_QUICKSTI/Payment_Information_Page/TELEPHONE' is present

2020-09-08 16:34:41 - [MESSAGE][PASSED] - Object 'Object Repository/CERTPAY_QUICKSTI/Payment_Information_Page/TELEPHONE' is visible

2020-09-08 16:34:42 - [MESSAGE][PASSED] - Object 'Object Repository/CERTPAY_QUICKSTI/Payment_Information_Page/TELEPHONE' is present

2020-09-08 16:34:43 - [MESSAGE][PASSED] - Text '9989897654' is set on object 'Object Repository/CERTPAY_QUICKSTI/Payment_Information_Page/TELEPHONE'

2020-09-08 16:34:43 - [MESSAGE][PASSED] - Quicksti.ts:Entered'9989897654 into Telephone

2020-09-08 16:34:43 - [TEST_STEP][PASSED] - utilities.SafeActions.safeType(findTestObject("CERTPAY_QUICKSTI/Payment_Information_Page/EMAIL_ADDRESS"), emailAddress, "EMAIL address", [pageLoadTime]): Quicksti.ts:Entered'testing@zenq.com into EMAIL address

2020-09-08 16:34:43 - [MESSAGE][PASSED] - Object 'Object Repository/CERTPAY_QUICKSTI/Payment_Information_Page/EMAIL_ADDRESS' is present

2020-09-08 16:34:44 - [MESSAGE][PASSED] - Object 'Object Repository/CERTPAY_QUICKSTI/Payment_Information_Page/EMAIL_ADDRESS' is visible

2020-09-08 16:34:44 - [MESSAGE][PASSED] - Object 'Object Repository/CERTPAY_QUICKSTI/Payment_Information_Page/EMAIL_ADDRESS' is present

2020-09-08 16:34:45 - [MESSAGE][PASSED] - Text 'testing@zenq.com' is set on object 'Object Repository/CERTPAY_QUICKSTI/Payment_Information_Page/EMAIL_ADDRESS'

2020-09-08 16:34:45 - [MESSAGE][PASSED] - Quicksti.ts:Entered'testing@zenq.com into EMAIL address

2020-09-08 16:34:45 - [TEST_STEP][PASSED] - utilities.SafeActions.safeClick(findTestObject("CERTPAY_QUICKSTI/Payment_Information_Page/NEXT_BUTTON"), "Next", [pageLoadTime]): Quicksti.ts:Clicked on the Next

2020-09-08 16:34:45 - [MESSAGE][INFO] - safeClicking

2020-09-08 16:34:46 - [MESSAGE][PASSED] - Object 'Object Repository/CERTPAY_QUICKSTI/Payment_Information_Page/NEXT_BUTTON' is present

2020-09-08 16:34:46 - [MESSAGE][PASSED] - Object 'Object Repository/CERTPAY_QUICKSTI/Payment_Information_Page/NEXT_BUTTON' is clickable

2020-09-08 16:34:49 - [MESSAGE][PASSED] - Object: 'Object Repository/CERTPAY_QUICKSTI/Payment_Information_Page/NEXT_BUTTON' is clicked on

2020-09-08 16:34:49 - [MESSAGE][PASSED] - Quicksti.ts:Clicked on the Next

2020-09-08 16:34:49 - [TEST_STEP][PASSED] - pages.Quicksti.verifyUserPaymentDetails(amountList.get(0), firstName, lastName, CardNumber): pages.Quicksti.verifyUserPaymentDetails is PASSED

2020-09-08 16:34:50 - [MESSAGE][PASSED] - Text of object 'Object Repository/CERTPAY_QUICKSTI/Payment_Details_Verification_Page/AMOUNT' is: '$35.00'

2020-09-08 16:34:50 - [MESSAGE][PASSED] - Actual text '35.00' and expected text '35.00' are matched  using regular expression

2020-09-08 16:34:50 - [MESSAGE][PASSED] - Text of object 'Object Repository/CERTPAY_QUICKSTI/Payment_Details_Verification_Page/NAME' is: 'Tester Zenq1'

2020-09-08 16:34:50 - [MESSAGE][PASSED] - Actual text 'Tester Zenq1' and expected text 'Tester Zenq1' are matched  using regular expression

2020-09-08 16:34:51 - [MESSAGE][PASSED] - Text of object 'Object Repository/CERTPAY_QUICKSTI/Payment_Details_Verification_Page/CARD_NUMBER' is: '...1006'

2020-09-08 16:34:51 - [MESSAGE][PASSED] - Actual text '1006' and expected text '1006' are matched  using regular expression

2020-09-08 16:34:51 - [MESSAGE][PASSED] - pages.Quicksti.verifyUserPaymentDetails is PASSED

2020-09-08 16:34:51 - [TEST_STEP][PASSED] - delay(2): Delayed 2 second(s)

2020-09-08 16:34:53 - [MESSAGE][PASSED] - Delayed 2 second(s)

2020-09-08 16:34:53 - [TEST_STEP][PASSED] - scrollToElement(findTestObject("CERTPAY_QUICKSTI/Payment_Details_Verification_Page/PROCESS"), 0): Scroll to object 'Object Repository/CERTPAY_QUICKSTI/Payment_Details_Verification_Page/PROCESS' successfully

2020-09-08 16:34:53 - [MESSAGE][WARNING] - Timeout '0' is invalid. Using default page load timeout: '30'

2020-09-08 16:34:53 - [MESSAGE][PASSED] - Scroll to object 'Object Repository/CERTPAY_QUICKSTI/Payment_Details_Verification_Page/PROCESS' successfully

2020-09-08 16:34:53 - [TEST_STEP][PASSED] - utilities.SafeActions.safeClick(findTestObject("CERTPAY_QUICKSTI/Payment_Details_Verification_Page/PROCESS"), "Process", [pageLoadTime]): Quicksti.ts:Clicked on the Process

2020-09-08 16:34:53 - [MESSAGE][INFO] - safeClicking

2020-09-08 16:34:54 - [MESSAGE][PASSED] - Object 'Object Repository/CERTPAY_QUICKSTI/Payment_Details_Verification_Page/PROCESS' is present

2020-09-08 16:34:54 - [MESSAGE][PASSED] - Object 'Object Repository/CERTPAY_QUICKSTI/Payment_Details_Verification_Page/PROCESS' is clickable

2020-09-08 16:34:59 - [MESSAGE][PASSED] - Object: 'Object Repository/CERTPAY_QUICKSTI/Payment_Details_Verification_Page/PROCESS' is clicked on

2020-09-08 16:34:59 - [MESSAGE][PASSED] - Quicksti.ts:Clicked on the Process

2020-09-08 16:34:59 - [TEST_STEP][PASSED] - PaymentID = pages.Quicksti.verifyPaymentApproval(findTestObject("CERTPAY_QUICKSTI/Payment_Details_Verification_Page/APPROVED")): Payment is approved

2020-09-08 16:35:00 - [MESSAGE][PASSED] - Text of object 'Object Repository/CERTPAY_QUICKSTI/Payment_Details_Verification_Page/PAYMENT_ID' is: '100176112310'

2020-09-08 16:35:00 - [MESSAGE][PASSED] - Object 'Object Repository/CERTPAY_QUICKSTI/Payment_Details_Verification_Page/APPROVED' is present

2020-09-08 16:35:00 - [MESSAGE][PASSED] - Payment is approved

2020-09-08 16:35:02 - [TEST_STEP][PASSED] - navigateToUrl(Admin_url): Navigate to 'https://qa-certpayadmin.faps.net' successfully

2020-09-08 16:35:06 - [MESSAGE][PASSED] - Navigate to 'https://qa-certpayadmin.faps.net' successfully

2020-09-08 16:35:06 - [TEST_STEP][PASSED] - pages.Bureau_Login_Page.loginToAdminSite(AdminUsername, AdminPassword): Quicksti.ts:Clicked on the LOGIN

2020-09-08 16:35:07 - [MESSAGE][PASSED] - Object 'Object Repository/CERTPAY_ADMIN/USER_NAME' is present

2020-09-08 16:35:07 - [MESSAGE][PASSED] - Object 'Object Repository/CERTPAY_ADMIN/USER_NAME' is visible

2020-09-08 16:35:07 - [MESSAGE][PASSED] - Object 'Object Repository/CERTPAY_ADMIN/USER_NAME' is present

2020-09-08 16:35:09 - [MESSAGE][PASSED] - Text 'VVangiliappan' is set on object 'Object Repository/CERTPAY_ADMIN/USER_NAME'

2020-09-08 16:35:09 - [MESSAGE][PASSED] - Quicksti.ts:Entered'VVangiliappan into username

2020-09-08 16:35:09 - [MESSAGE][PASSED] - Object 'Object Repository/CERTPAY_ADMIN/PASSWORD' is present

2020-09-08 16:35:09 - [MESSAGE][PASSED] - Object 'Object Repository/CERTPAY_ADMIN/PASSWORD' is visible

2020-09-08 16:35:10 - [MESSAGE][PASSED] - Object 'Object Repository/CERTPAY_ADMIN/PASSWORD' is present

2020-09-08 16:35:11 - [MESSAGE][PASSED] - Text 'Knila@12345' is set on object 'Object Repository/CERTPAY_ADMIN/PASSWORD'

2020-09-08 16:35:11 - [MESSAGE][PASSED] - Quicksti.ts:Entered'Knila@12345 into password

2020-09-08 16:35:11 - [MESSAGE][INFO] - safeClicking

2020-09-08 16:35:11 - [MESSAGE][PASSED] - Object 'Object Repository/CERTPAY_ADMIN/LOGIN_BUTTON' is present

2020-09-08 16:35:12 - [MESSAGE][PASSED] - Object 'Object Repository/CERTPAY_ADMIN/LOGIN_BUTTON' is clickable

2020-09-08 16:35:20 - [MESSAGE][PASSED] - Object: 'Object Repository/CERTPAY_ADMIN/LOGIN_BUTTON' is clicked on

2020-09-08 16:35:20 - [MESSAGE][PASSED] - Quicksti.ts:Clicked on the LOGIN

2020-09-08 16:35:20 - [TEST_STEP][PASSED] - utilities.SafeActions.safeClick(findTestObject("CERTPAY_ADMIN/TRANSACTION_SEARCH"), "TransactionSearch", [pageLoadTime]): Quicksti.ts:Clicked on the TransactionSearch

2020-09-08 16:35:21 - [MESSAGE][INFO] - safeClicking

2020-09-08 16:35:21 - [MESSAGE][PASSED] - Object 'Object Repository/CERTPAY_ADMIN/TRANSACTION_SEARCH' is present

2020-09-08 16:35:21 - [MESSAGE][PASSED] - Object 'Object Repository/CERTPAY_ADMIN/TRANSACTION_SEARCH' is clickable

2020-09-08 16:35:26 - [MESSAGE][PASSED] - Object: 'Object Repository/CERTPAY_ADMIN/TRANSACTION_SEARCH' is clicked on

2020-09-08 16:35:26 - [MESSAGE][PASSED] - Quicksti.ts:Clicked on the TransactionSearch

2020-09-08 16:35:26 - [TEST_STEP][PASSED] - delay(2): Delayed 2 second(s)

2020-09-08 16:35:28 - [MESSAGE][PASSED] - Delayed 2 second(s)

2020-09-08 16:35:28 - [TEST_STEP][PASSED] - utilities.SafeActions.safeType(findTestObject("CERTPAY_ADMIN/PAYMENT_ID"), PaymentID, "Payment id", [pageLoadTime]): Quicksti.ts:Entered'100176112310 into Payment id

2020-09-08 16:35:28 - [MESSAGE][PASSED] - Object 'Object Repository/CERTPAY_ADMIN/PAYMENT_ID' is present

2020-09-08 16:35:28 - [MESSAGE][PASSED] - Object 'Object Repository/CERTPAY_ADMIN/PAYMENT_ID' is visible

2020-09-08 16:35:29 - [MESSAGE][PASSED] - Object 'Object Repository/CERTPAY_ADMIN/PAYMENT_ID' is present

2020-09-08 16:35:30 - [MESSAGE][PASSED] - Text '100176112310' is set on object 'Object Repository/CERTPAY_ADMIN/PAYMENT_ID'

2020-09-08 16:35:30 - [MESSAGE][PASSED] - Quicksti.ts:Entered'100176112310 into Payment id

2020-09-08 16:35:30 - [TEST_STEP][PASSED] - utilities.SafeActions.safeClick(findTestObject("CERTPAY_ADMIN/GO_BUTTON"), "Go button", [pageLoadTime]): Quicksti.ts:Clicked on the Go button

2020-09-08 16:35:30 - [MESSAGE][INFO] - safeClicking

2020-09-08 16:35:30 - [MESSAGE][PASSED] - Object 'Object Repository/CERTPAY_ADMIN/GO_BUTTON' is present

2020-09-08 16:35:31 - [MESSAGE][PASSED] - Object 'Object Repository/CERTPAY_ADMIN/GO_BUTTON' is clickable

2020-09-08 16:35:35 - [MESSAGE][PASSED] - Object: 'Object Repository/CERTPAY_ADMIN/GO_BUTTON' is clicked on

2020-09-08 16:35:35 - [MESSAGE][PASSED] - Quicksti.ts:Clicked on the Go button

2020-09-08 16:35:35 - [TEST_STEP][PASSED] - delay(5): Delayed 5 second(s)

2020-09-08 16:35:40 - [MESSAGE][PASSED] - Delayed 5 second(s)

2020-09-08 16:35:40 - [TEST_STEP][PASSED] - scrollToPosition(800, 900): Browser is scrolled to position x = 800, y = 900

2020-09-08 16:35:40 - [MESSAGE][PASSED] - Browser is scrolled to position x = 800, y = 900

2020-09-08 16:35:40 - [TEST_STEP][PASSED] - paymentIdList.add(PaymentID): null

2020-09-08 16:35:40 - [TEST_STEP][PASSED] - println(paymentIdList): null

2020-09-08 16:35:40 - [TEST_STEP][PASSED] - return paymentIdList: null

2020-09-08 16:35:40 - [TEST_STEP][PASSED] - Start listener action : afterTestCase: Browser is closed

2020-09-08 16:35:40 - [TEST_STEP][PASSED] - closeBrowser(): Browser is closed

2020-09-08 16:35:40 - [MESSAGE][PASSED] - Browser is closed]]></system-out>
         <system-err><![CDATA[]]></system-err>
      </testcase>
      <testcase name="Test Cases/Certpay_Quicksti/TC_003_MultiBureauSite_SingleBureau_SingleLinePayment" time="496.634" classname="Test Cases/Certpay_Quicksti/TC_003_MultiBureauSite_SingleBureau_SingleLinePayment" status="PASSED">
         <system-out><![CDATA[2020-09-08 16:35:41 - [TEST_CASE][PASSED] - Test Cases/Certpay_Quicksti/TC_003_MultiBureauSite_SingleBureau_SingleLinePayment: Test Cases/Certpay_Quicksti/TC_003_MultiBureauSite_SingleBureau_SingleLinePayment

2020-09-08 16:35:41 - [TEST_STEP][PASSED] - Start listener action : beforeTestCase: null

2020-09-08 16:35:41 - [TEST_STEP][PASSED] - data = findTestData("Data Files/Certpay/SingleBureau_SingleLine"): null

2020-09-08 16:35:41 - [TEST_STEP][PASSED] - paymentIdList = []: null

2020-09-08 16:35:41 - [TEST_STEP][PASSED] - for (def index : (1..data.getRowNumbers())): null

2020-09-08 16:35:41 - [TEST_STEP][PASSED] - firstName = data.getValue("FirstName", index): null

2020-09-08 16:35:41 - [TEST_STEP][PASSED] - lastName = data.getValue("LastName", index): null

2020-09-08 16:35:41 - [TEST_STEP][PASSED] - expMonth = data.getValue("ExpMonth", index): null

2020-09-08 16:35:41 - [TEST_STEP][PASSED] - expYear = data.getValue("ExpYear", index): null

2020-09-08 16:35:41 - [TEST_STEP][PASSED] - securityCode = data.getValue("SecurityCode", index): null

2020-09-08 16:35:41 - [TEST_STEP][PASSED] - paymentAmount = data.getValue("PaymentAmount", index): null

2020-09-08 16:35:41 - [TEST_STEP][PASSED] - paymentType = data.getValue("PaymentType", index): null

2020-09-08 16:35:41 - [TEST_STEP][PASSED] - quantity = data.getValue("Quantity", index): null

2020-09-08 16:35:41 - [TEST_STEP][PASSED] - comments = data.getValue("Comments", index): null

2020-09-08 16:35:42 - [TEST_STEP][PASSED] - referenceNum = data.getValue("ReferenceNum", index): null

2020-09-08 16:35:42 - [TEST_STEP][PASSED] - address = data.getValue("Address", index): null

2020-09-08 16:35:42 - [TEST_STEP][PASSED] - zipCode = data.getValue("Zipcode", index): null

2020-09-08 16:35:42 - [TEST_STEP][PASSED] - telephone = data.getValue("Telephone", index): null

2020-09-08 16:35:42 - [TEST_STEP][PASSED] - emailAddress = data.getValue("EmailAddress", index): null

2020-09-08 16:35:42 - [TEST_STEP][PASSED] - cardNum = data.getValue("CardNumber", index): null

2020-09-08 16:35:42 - [TEST_STEP][PASSED] - cardType = data.getValue("CardType", index): null

2020-09-08 16:35:42 - [TEST_STEP][PASSED] - utilities.SafeActions.openBrowser(Quicksti_Url, [pageLoadTime]): Browser launched successfully

2020-09-08 16:35:42 - [MESSAGE][INFO] - Opening Browser

2020-09-08 16:35:42 - [MESSAGE][INFO] - Starting 'Chrome' driver

2020-09-08 16:35:49 - [MESSAGE][PASSED] - Browser is opened with url: 'https://qa-certpayquicksti.faps.net/'

2020-09-08 16:35:51 - [MESSAGE][PASSED] - Current window maximized

2020-09-08 16:35:51 - [MESSAGE][PASSED] - Browser launched successfully

2020-09-08 16:35:51 - [TEST_STEP][PASSED] - utilities.SafeActions.safeCheck(findTestObject("CERTPAY_QUICKSTI/Login_ Page/MULTI_BUREAU_CHECKBOX"), "Multi Bureau", [pageLoadTime]): Quicksti.ts:Checkbox 'Multi Bureau'is selected

2020-09-08 16:35:51 - [MESSAGE][PASSED] - Object 'Object Repository/CERTPAY_QUICKSTI/Login_ Page/MULTI_BUREAU_CHECKBOX' is present

2020-09-08 16:35:53 - [MESSAGE][PASSED] - Object 'Object Repository/CERTPAY_QUICKSTI/Login_ Page/MULTI_BUREAU_CHECKBOX' is present

2020-09-08 16:35:54 - [MESSAGE][PASSED] - Object: 'Object Repository/CERTPAY_QUICKSTI/Login_ Page/MULTI_BUREAU_CHECKBOX' is clicked on

2020-09-08 16:35:54 - [MESSAGE][PASSED] - Quicksti.ts:Checkbox 'Multi Bureau'is selected

2020-09-08 16:35:54 - [TEST_STEP][PASSED] - utilities.SafeActions.safeType(findTestObject("CERTPAY_QUICKSTI/Login_ Page/TELLER_ID"), teller_id, "Bureau code", [pageLoadTime]): Quicksti.ts:Entered'zenq into Bureau code

2020-09-08 16:35:55 - [MESSAGE][PASSED] - Object 'Object Repository/CERTPAY_QUICKSTI/Login_ Page/TELLER_ID' is present

2020-09-08 16:35:55 - [MESSAGE][PASSED] - Object 'Object Repository/CERTPAY_QUICKSTI/Login_ Page/TELLER_ID' is visible

2020-09-08 16:35:56 - [MESSAGE][PASSED] - Object 'Object Repository/CERTPAY_QUICKSTI/Login_ Page/TELLER_ID' is present

2020-09-08 16:35:57 - [MESSAGE][PASSED] - Text 'zenq' is set on object 'Object Repository/CERTPAY_QUICKSTI/Login_ Page/TELLER_ID'

2020-09-08 16:35:57 - [MESSAGE][PASSED] - Quicksti.ts:Entered'zenq into Bureau code

2020-09-08 16:35:57 - [TEST_STEP][PASSED] - utilities.SafeActions.safeClick(findTestObject("CERTPAY_QUICKSTI/Login_ Page/NEXT_BUTTON"), "Next button", [pageLoadTime]): Quicksti.ts:Clicked on the Next button

2020-09-08 16:35:57 - [MESSAGE][INFO] - safeClicking

2020-09-08 16:35:57 - [MESSAGE][PASSED] - Object 'Object Repository/CERTPAY_QUICKSTI/Login_ Page/NEXT_BUTTON' is present

2020-09-08 16:35:58 - [MESSAGE][PASSED] - Object 'Object Repository/CERTPAY_QUICKSTI/Login_ Page/NEXT_BUTTON' is clickable

2020-09-08 16:36:02 - [MESSAGE][PASSED] - Object: 'Object Repository/CERTPAY_QUICKSTI/Login_ Page/NEXT_BUTTON' is clicked on

2020-09-08 16:36:02 - [MESSAGE][PASSED] - Quicksti.ts:Clicked on the Next button

2020-09-08 16:36:02 - [TEST_STEP][PASSED] - pages.Quicksti.setCommnets("0", "0", comments): Quicksti.ts:Entered'Testing into Comments

2020-09-08 16:36:02 - [MESSAGE][PASSED] - Object '' is present

2020-09-08 16:36:03 - [MESSAGE][PASSED] - Object '' is visible

2020-09-08 16:36:03 - [MESSAGE][PASSED] - Object '' is present

2020-09-08 16:36:04 - [MESSAGE][PASSED] - Text 'Testing' is set on object ''

2020-09-08 16:36:04 - [MESSAGE][PASSED] - Quicksti.ts:Entered'Testing into Comments

2020-09-08 16:36:04 - [TEST_STEP][PASSED] - utilities.SafeActions.safeType(findTestObject("CERTPAY_QUICKSTI/Payment_Information_Page/PAYMENT_AMOUNT"), paymentAmount, "Payment Amount", [pageLoadTime]): Quicksti.ts:Entered'20.00 into Payment Amount

2020-09-08 16:36:05 - [MESSAGE][PASSED] - Object 'Object Repository/CERTPAY_QUICKSTI/Payment_Information_Page/PAYMENT_AMOUNT' is present

2020-09-08 16:36:05 - [MESSAGE][PASSED] - Object 'Object Repository/CERTPAY_QUICKSTI/Payment_Information_Page/PAYMENT_AMOUNT' is visible

2020-09-08 16:36:06 - [MESSAGE][PASSED] - Object 'Object Repository/CERTPAY_QUICKSTI/Payment_Information_Page/PAYMENT_AMOUNT' is present

2020-09-08 16:36:07 - [MESSAGE][PASSED] - Text '20.00' is set on object 'Object Repository/CERTPAY_QUICKSTI/Payment_Information_Page/PAYMENT_AMOUNT'

2020-09-08 16:36:07 - [MESSAGE][PASSED] - Quicksti.ts:Entered'20.00 into Payment Amount

2020-09-08 16:36:07 - [TEST_STEP][PASSED] - pages.Quicksti.setAmountDetailsForMultiBureau("0", paymentType, "0", referenceNum, quantity): Quicksti.ts:Entered'1 into Quntity

2020-09-08 16:36:07 - [MESSAGE][PASSED] - Object '' is visible

2020-09-08 16:36:08 - [MESSAGE][PASSED] - Object '' is present

2020-09-08 16:36:09 - [MESSAGE][PASSED] - Object: '' is clicked on

2020-09-08 16:36:10 - [MESSAGE][PASSED] - All options with label 'Taxes' are selected in object ''  using regular expression

2020-09-08 16:36:10 - [MESSAGE][PASSED] - selected dropdown option by visible text  Taxesfrom Payment Type

2020-09-08 16:36:11 - [MESSAGE][PASSED] - Object '' is present

2020-09-08 16:36:11 - [MESSAGE][PASSED] - Object '' is visible

2020-09-08 16:36:11 - [MESSAGE][PASSED] - Object '' is present

2020-09-08 16:36:13 - [MESSAGE][PASSED] - Text '11' is set on object ''

2020-09-08 16:36:13 - [MESSAGE][PASSED] - Quicksti.ts:Entered'11 into RefrenceNumber

2020-09-08 16:36:13 - [MESSAGE][PASSED] - Object '' is present

2020-09-08 16:36:13 - [MESSAGE][PASSED] - Object '' is visible

2020-09-08 16:36:14 - [MESSAGE][PASSED] - Object '' is present

2020-09-08 16:36:15 - [MESSAGE][PASSED] - Text '1' is set on object ''

2020-09-08 16:36:15 - [MESSAGE][PASSED] - Quicksti.ts:Entered'1 into Quntity

2020-09-08 16:36:15 - [TEST_STEP][PASSED] - utilities.SafeActions.safeClick(findTestObject("CERTPAY_QUICKSTI/Payment_Information_Page/MANUAL_ENTRY_BUTTON"), "ManualEntry", [pageLoadTime]): Quicksti.ts:Clicked on the ManualEntry

2020-09-08 16:36:15 - [MESSAGE][INFO] - safeClicking

2020-09-08 16:36:15 - [MESSAGE][PASSED] - Object 'Object Repository/CERTPAY_QUICKSTI/Payment_Information_Page/MANUAL_ENTRY_BUTTON' is present

2020-09-08 16:36:16 - [MESSAGE][PASSED] - Object 'Object Repository/CERTPAY_QUICKSTI/Payment_Information_Page/MANUAL_ENTRY_BUTTON' is clickable

2020-09-08 16:36:21 - [MESSAGE][PASSED] - Object: 'Object Repository/CERTPAY_QUICKSTI/Payment_Information_Page/MANUAL_ENTRY_BUTTON' is clicked on

2020-09-08 16:36:21 - [MESSAGE][PASSED] - Quicksti.ts:Clicked on the ManualEntry

2020-09-08 16:36:21 - [TEST_STEP][PASSED] - amount_Value = pages.Quicksti.getAttributeValue(findTestObject("CERTPAY_QUICKSTI/Payment_Information_Page/SUB_TOTAL")): pages.Quicksti.getAttributeValue is PASSED

2020-09-08 16:36:21 - [MESSAGE][PASSED] - Attribute 'value' of object 'Object Repository/CERTPAY_QUICKSTI/Payment_Information_Page/SUB_TOTAL' is: '20.00'

2020-09-08 16:36:21 - [MESSAGE][PASSED] - pages.Quicksti.getAttributeValue is PASSED

2020-09-08 16:36:21 - [TEST_STEP][PASSED] - CardNumber = pages.Quicksti.setUserPaymentDetails(firstName, lastName, cardNum): Quicksti.ts:Entered'4761739001010135 into CardNum

2020-09-08 16:36:22 - [MESSAGE][PASSED] - Object 'Object Repository/CERTPAY_QUICKSTI/Payment_Information_Page/FIRST_NAME' is present

2020-09-08 16:36:22 - [MESSAGE][PASSED] - Object 'Object Repository/CERTPAY_QUICKSTI/Payment_Information_Page/FIRST_NAME' is visible

2020-09-08 16:36:22 - [MESSAGE][PASSED] - Object 'Object Repository/CERTPAY_QUICKSTI/Payment_Information_Page/FIRST_NAME' is present

2020-09-08 16:36:23 - [MESSAGE][PASSED] - Text 'Tester' is set on object 'Object Repository/CERTPAY_QUICKSTI/Payment_Information_Page/FIRST_NAME'

2020-09-08 16:36:24 - [MESSAGE][PASSED] - Quicksti.ts:Entered'Tester into FirstName

2020-09-08 16:36:24 - [MESSAGE][PASSED] - Object 'Object Repository/CERTPAY_QUICKSTI/Payment_Information_Page/LAST_NAME' is present

2020-09-08 16:36:25 - [MESSAGE][PASSED] - Object 'Object Repository/CERTPAY_QUICKSTI/Payment_Information_Page/LAST_NAME' is visible

2020-09-08 16:36:25 - [MESSAGE][PASSED] - Object 'Object Repository/CERTPAY_QUICKSTI/Payment_Information_Page/LAST_NAME' is present

2020-09-08 16:36:26 - [MESSAGE][PASSED] - Text 'Zenq1' is set on object 'Object Repository/CERTPAY_QUICKSTI/Payment_Information_Page/LAST_NAME'

2020-09-08 16:36:26 - [MESSAGE][PASSED] - Quicksti.ts:Entered'Zenq1 into LAstName

2020-09-08 16:36:27 - [MESSAGE][PASSED] - Object 'Object Repository/CERTPAY_QUICKSTI/Payment_Information_Page/CARD_NUMBER' is present

2020-09-08 16:36:27 - [MESSAGE][PASSED] - Object 'Object Repository/CERTPAY_QUICKSTI/Payment_Information_Page/CARD_NUMBER' is visible

2020-09-08 16:36:27 - [MESSAGE][PASSED] - Object 'Object Repository/CERTPAY_QUICKSTI/Payment_Information_Page/CARD_NUMBER' is present

2020-09-08 16:36:29 - [MESSAGE][PASSED] - Text '4761739001010135' is set on object 'Object Repository/CERTPAY_QUICKSTI/Payment_Information_Page/CARD_NUMBER'

2020-09-08 16:36:29 - [MESSAGE][PASSED] - Quicksti.ts:Entered'4761739001010135 into CardNum

2020-09-08 16:36:29 - [TEST_STEP][PASSED] - pages.Quicksti.setExpDate(expMonth, expYear, securityCode): Quicksti.ts:Entered'207 into securityCode

2020-09-08 16:36:29 - [MESSAGE][PASSED] - Object 'Object Repository/CERTPAY_QUICKSTI/Payment_Information_Page/EXP_MONTH' is visible

2020-09-08 16:36:29 - [MESSAGE][PASSED] - Object 'Object Repository/CERTPAY_QUICKSTI/Payment_Information_Page/EXP_MONTH' is present

2020-09-08 16:36:31 - [MESSAGE][PASSED] - Object: 'Object Repository/CERTPAY_QUICKSTI/Payment_Information_Page/EXP_MONTH' is clicked on

2020-09-08 16:36:32 - [MESSAGE][PASSED] - All options with label '03' are selected in object 'Object Repository/CERTPAY_QUICKSTI/Payment_Information_Page/EXP_MONTH'  using regular expression

2020-09-08 16:36:32 - [MESSAGE][PASSED] - selected dropdown option by visible text  03from expMonth

2020-09-08 16:36:33 - [MESSAGE][PASSED] - Object 'Object Repository/CERTPAY_QUICKSTI/Payment_Information_Page/EXP_YEAR' is visible

2020-09-08 16:36:33 - [MESSAGE][PASSED] - Object 'Object Repository/CERTPAY_QUICKSTI/Payment_Information_Page/EXP_YEAR' is present

2020-09-08 16:36:34 - [MESSAGE][PASSED] - Object: 'Object Repository/CERTPAY_QUICKSTI/Payment_Information_Page/EXP_YEAR' is clicked on

2020-09-08 16:36:35 - [MESSAGE][PASSED] - All options with label '2022' are selected in object 'Object Repository/CERTPAY_QUICKSTI/Payment_Information_Page/EXP_YEAR'  using regular expression

2020-09-08 16:36:35 - [MESSAGE][PASSED] - selected dropdown option by visible text  2022from  expYear

2020-09-08 16:36:36 - [MESSAGE][PASSED] - Object 'Object Repository/CERTPAY_QUICKSTI/Payment_Information_Page/SECURITY_CODE' is present

2020-09-08 16:36:36 - [MESSAGE][PASSED] - Object 'Object Repository/CERTPAY_QUICKSTI/Payment_Information_Page/SECURITY_CODE' is visible

2020-09-08 16:36:36 - [MESSAGE][PASSED] - Object 'Object Repository/CERTPAY_QUICKSTI/Payment_Information_Page/SECURITY_CODE' is present

2020-09-08 16:36:38 - [MESSAGE][PASSED] - Text '207' is set on object 'Object Repository/CERTPAY_QUICKSTI/Payment_Information_Page/SECURITY_CODE'

2020-09-08 16:36:38 - [MESSAGE][PASSED] - Quicksti.ts:Entered'207 into securityCode

2020-09-08 16:36:38 - [TEST_STEP][PASSED] - utilities.SafeActions.safeType(findTestObject("CERTPAY_QUICKSTI/Payment_Information_Page/ADDRESS"), address, "Address", [pageLoadTime]): Quicksti.ts:Entered'14-2 into Address

2020-09-08 16:36:38 - [MESSAGE][PASSED] - Object 'Object Repository/CERTPAY_QUICKSTI/Payment_Information_Page/ADDRESS' is present

2020-09-08 16:36:38 - [MESSAGE][PASSED] - Object 'Object Repository/CERTPAY_QUICKSTI/Payment_Information_Page/ADDRESS' is visible

2020-09-08 16:36:39 - [MESSAGE][PASSED] - Object 'Object Repository/CERTPAY_QUICKSTI/Payment_Information_Page/ADDRESS' is present

2020-09-08 16:36:40 - [MESSAGE][PASSED] - Text '14-2' is set on object 'Object Repository/CERTPAY_QUICKSTI/Payment_Information_Page/ADDRESS'

2020-09-08 16:36:40 - [MESSAGE][PASSED] - Quicksti.ts:Entered'14-2 into Address

2020-09-08 16:36:40 - [TEST_STEP][PASSED] - utilities.SafeActions.safeType(findTestObject("CERTPAY_QUICKSTI/Payment_Information_Page/ZIP_CODE"), zipCode, "zipcode", [pageLoadTime]): Quicksti.ts:Entered'76102 into zipcode

2020-09-08 16:36:40 - [MESSAGE][PASSED] - Object 'Object Repository/CERTPAY_QUICKSTI/Payment_Information_Page/ZIP_CODE' is present

2020-09-08 16:36:41 - [MESSAGE][PASSED] - Object 'Object Repository/CERTPAY_QUICKSTI/Payment_Information_Page/ZIP_CODE' is visible

2020-09-08 16:36:41 - [MESSAGE][PASSED] - Object 'Object Repository/CERTPAY_QUICKSTI/Payment_Information_Page/ZIP_CODE' is present

2020-09-08 16:36:42 - [MESSAGE][PASSED] - Text '76102' is set on object 'Object Repository/CERTPAY_QUICKSTI/Payment_Information_Page/ZIP_CODE'

2020-09-08 16:36:42 - [MESSAGE][PASSED] - Quicksti.ts:Entered'76102 into zipcode

2020-09-08 16:36:42 - [TEST_STEP][PASSED] - utilities.SafeActions.safeType(findTestObject("CERTPAY_QUICKSTI/Payment_Information_Page/TELEPHONE"), telephone, "Telephone", [pageLoadTime]): Quicksti.ts:Entered'9988776655 into Telephone

2020-09-08 16:36:43 - [MESSAGE][PASSED] - Object 'Object Repository/CERTPAY_QUICKSTI/Payment_Information_Page/TELEPHONE' is present

2020-09-08 16:36:43 - [MESSAGE][PASSED] - Object 'Object Repository/CERTPAY_QUICKSTI/Payment_Information_Page/TELEPHONE' is visible

2020-09-08 16:36:43 - [MESSAGE][PASSED] - Object 'Object Repository/CERTPAY_QUICKSTI/Payment_Information_Page/TELEPHONE' is present

2020-09-08 16:36:44 - [MESSAGE][PASSED] - Text '9988776655' is set on object 'Object Repository/CERTPAY_QUICKSTI/Payment_Information_Page/TELEPHONE'

2020-09-08 16:36:44 - [MESSAGE][PASSED] - Quicksti.ts:Entered'9988776655 into Telephone

2020-09-08 16:36:44 - [TEST_STEP][PASSED] - utilities.SafeActions.safeType(findTestObject("CERTPAY_QUICKSTI/Payment_Information_Page/EMAIL_ADDRESS"), emailAddress, "EMAIL address", [pageLoadTime]): Quicksti.ts:Entered'testing@zenq.com into EMAIL address

2020-09-08 16:36:45 - [MESSAGE][PASSED] - Object 'Object Repository/CERTPAY_QUICKSTI/Payment_Information_Page/EMAIL_ADDRESS' is present

2020-09-08 16:36:45 - [MESSAGE][PASSED] - Object 'Object Repository/CERTPAY_QUICKSTI/Payment_Information_Page/EMAIL_ADDRESS' is visible

2020-09-08 16:36:45 - [MESSAGE][PASSED] - Object 'Object Repository/CERTPAY_QUICKSTI/Payment_Information_Page/EMAIL_ADDRESS' is present

2020-09-08 16:36:47 - [MESSAGE][PASSED] - Text 'testing@zenq.com' is set on object 'Object Repository/CERTPAY_QUICKSTI/Payment_Information_Page/EMAIL_ADDRESS'

2020-09-08 16:36:47 - [MESSAGE][PASSED] - Quicksti.ts:Entered'testing@zenq.com into EMAIL address

2020-09-08 16:36:47 - [TEST_STEP][PASSED] - utilities.SafeActions.safeClick(findTestObject("CERTPAY_QUICKSTI/Payment_Information_Page/NEXT_BUTTON"), "Next", [pageLoadTime]): Quicksti.ts:Clicked on the Next

2020-09-08 16:36:47 - [MESSAGE][INFO] - safeClicking

2020-09-08 16:36:47 - [MESSAGE][PASSED] - Object 'Object Repository/CERTPAY_QUICKSTI/Payment_Information_Page/NEXT_BUTTON' is present

2020-09-08 16:36:47 - [MESSAGE][PASSED] - Object 'Object Repository/CERTPAY_QUICKSTI/Payment_Information_Page/NEXT_BUTTON' is clickable

2020-09-08 16:36:51 - [MESSAGE][PASSED] - Object: 'Object Repository/CERTPAY_QUICKSTI/Payment_Information_Page/NEXT_BUTTON' is clicked on

2020-09-08 16:36:51 - [MESSAGE][PASSED] - Quicksti.ts:Clicked on the Next

2020-09-08 16:36:51 - [TEST_STEP][PASSED] - pages.Quicksti.verifyUserPaymentDetails(paymentAmount, firstName, lastName, CardNumber): pages.Quicksti.verifyUserPaymentDetails is PASSED

2020-09-08 16:36:52 - [MESSAGE][PASSED] - Text of object 'Object Repository/CERTPAY_QUICKSTI/Payment_Details_Verification_Page/AMOUNT' is: '$20.00'

2020-09-08 16:36:52 - [MESSAGE][PASSED] - Actual text '20.00' and expected text '20.00' are matched  using regular expression

2020-09-08 16:36:52 - [MESSAGE][PASSED] - Text of object 'Object Repository/CERTPAY_QUICKSTI/Payment_Details_Verification_Page/NAME' is: 'Tester Zenq1'

2020-09-08 16:36:52 - [MESSAGE][PASSED] - Actual text 'Tester Zenq1' and expected text 'Tester Zenq1' are matched  using regular expression

2020-09-08 16:36:53 - [MESSAGE][PASSED] - Text of object 'Object Repository/CERTPAY_QUICKSTI/Payment_Details_Verification_Page/CARD_NUMBER' is: '...0135'

2020-09-08 16:36:53 - [MESSAGE][PASSED] - Actual text '0135' and expected text '0135' are matched  using regular expression

2020-09-08 16:36:53 - [MESSAGE][PASSED] - pages.Quicksti.verifyUserPaymentDetails is PASSED

2020-09-08 16:36:53 - [TEST_STEP][PASSED] - delay(2): Delayed 2 second(s)

2020-09-08 16:36:55 - [MESSAGE][PASSED] - Delayed 2 second(s)

2020-09-08 16:36:55 - [TEST_STEP][PASSED] - scrollToElement(findTestObject("CERTPAY_QUICKSTI/Payment_Details_Verification_Page/PROCESS"), 0): Scroll to object 'Object Repository/CERTPAY_QUICKSTI/Payment_Details_Verification_Page/PROCESS' successfully

2020-09-08 16:36:55 - [MESSAGE][WARNING] - Timeout '0' is invalid. Using default page load timeout: '30'

2020-09-08 16:36:55 - [MESSAGE][PASSED] - Scroll to object 'Object Repository/CERTPAY_QUICKSTI/Payment_Details_Verification_Page/PROCESS' successfully

2020-09-08 16:36:55 - [TEST_STEP][PASSED] - utilities.SafeActions.safeClick(findTestObject("CERTPAY_QUICKSTI/Payment_Details_Verification_Page/PROCESS"), "Process", [pageLoadTime]): Quicksti.ts:Clicked on the Process

2020-09-08 16:36:55 - [MESSAGE][INFO] - safeClicking

2020-09-08 16:36:55 - [MESSAGE][PASSED] - Object 'Object Repository/CERTPAY_QUICKSTI/Payment_Details_Verification_Page/PROCESS' is present

2020-09-08 16:36:56 - [MESSAGE][PASSED] - Object 'Object Repository/CERTPAY_QUICKSTI/Payment_Details_Verification_Page/PROCESS' is clickable

2020-09-08 16:36:59 - [MESSAGE][PASSED] - Object: 'Object Repository/CERTPAY_QUICKSTI/Payment_Details_Verification_Page/PROCESS' is clicked on

2020-09-08 16:36:59 - [MESSAGE][PASSED] - Quicksti.ts:Clicked on the Process

2020-09-08 16:36:59 - [TEST_STEP][PASSED] - paymentId = pages.Quicksti.verifyPaymentApproval(findTestObject("CERTPAY_QUICKSTI/Payment_Details_Verification_Page/APPROVED")): Payment is approved

2020-09-08 16:36:59 - [MESSAGE][PASSED] - Text of object 'Object Repository/CERTPAY_QUICKSTI/Payment_Details_Verification_Page/PAYMENT_ID' is: '100176112315'

2020-09-08 16:37:00 - [MESSAGE][PASSED] - Object 'Object Repository/CERTPAY_QUICKSTI/Payment_Details_Verification_Page/APPROVED' is present

2020-09-08 16:37:00 - [MESSAGE][PASSED] - Payment is approved

2020-09-08 16:37:02 - [TEST_STEP][PASSED] - navigateToUrl(Admin_url): Navigate to 'https://qa-certpayadmin.faps.net' successfully

2020-09-08 16:37:06 - [MESSAGE][PASSED] - Navigate to 'https://qa-certpayadmin.faps.net' successfully

2020-09-08 16:37:07 - [TEST_STEP][PASSED] - pages.Bureau_Login_Page.loginToAdminSite(AdminUsername, AdminPassword): Quicksti.ts:Clicked on the LOGIN

2020-09-08 16:37:07 - [MESSAGE][PASSED] - Object 'Object Repository/CERTPAY_ADMIN/USER_NAME' is present

2020-09-08 16:37:07 - [MESSAGE][PASSED] - Object 'Object Repository/CERTPAY_ADMIN/USER_NAME' is visible

2020-09-08 16:37:08 - [MESSAGE][PASSED] - Object 'Object Repository/CERTPAY_ADMIN/USER_NAME' is present

2020-09-08 16:37:09 - [MESSAGE][PASSED] - Text 'VVangiliappan' is set on object 'Object Repository/CERTPAY_ADMIN/USER_NAME'

2020-09-08 16:37:09 - [MESSAGE][PASSED] - Quicksti.ts:Entered'VVangiliappan into username

2020-09-08 16:37:09 - [MESSAGE][PASSED] - Object 'Object Repository/CERTPAY_ADMIN/PASSWORD' is present

2020-09-08 16:37:10 - [MESSAGE][PASSED] - Object 'Object Repository/CERTPAY_ADMIN/PASSWORD' is visible

2020-09-08 16:37:10 - [MESSAGE][PASSED] - Object 'Object Repository/CERTPAY_ADMIN/PASSWORD' is present

2020-09-08 16:37:11 - [MESSAGE][PASSED] - Text 'Knila@12345' is set on object 'Object Repository/CERTPAY_ADMIN/PASSWORD'

2020-09-08 16:37:11 - [MESSAGE][PASSED] - Quicksti.ts:Entered'Knila@12345 into password

2020-09-08 16:37:11 - [MESSAGE][INFO] - safeClicking

2020-09-08 16:37:12 - [MESSAGE][PASSED] - Object 'Object Repository/CERTPAY_ADMIN/LOGIN_BUTTON' is present

2020-09-08 16:37:12 - [MESSAGE][PASSED] - Object 'Object Repository/CERTPAY_ADMIN/LOGIN_BUTTON' is clickable

2020-09-08 16:37:20 - [MESSAGE][PASSED] - Object: 'Object Repository/CERTPAY_ADMIN/LOGIN_BUTTON' is clicked on

2020-09-08 16:37:20 - [MESSAGE][PASSED] - Quicksti.ts:Clicked on the LOGIN

2020-09-08 16:37:20 - [TEST_STEP][PASSED] - utilities.SafeActions.safeClick(findTestObject("CERTPAY_ADMIN/TRANSACTION_SEARCH"), "TransactionSearch", [pageLoadTime]): Quicksti.ts:Clicked on the TransactionSearch

2020-09-08 16:37:20 - [MESSAGE][INFO] - safeClicking

2020-09-08 16:37:20 - [MESSAGE][PASSED] - Object 'Object Repository/CERTPAY_ADMIN/TRANSACTION_SEARCH' is present

2020-09-08 16:37:20 - [MESSAGE][PASSED] - Object 'Object Repository/CERTPAY_ADMIN/TRANSACTION_SEARCH' is clickable

2020-09-08 16:37:23 - [MESSAGE][PASSED] - Object: 'Object Repository/CERTPAY_ADMIN/TRANSACTION_SEARCH' is clicked on

2020-09-08 16:37:23 - [MESSAGE][PASSED] - Quicksti.ts:Clicked on the TransactionSearch

2020-09-08 16:37:23 - [TEST_STEP][PASSED] - utilities.SafeActions.safeType(findTestObject("CERTPAY_ADMIN/PAYMENT_ID"), paymentId, "Payment id", [pageLoadTime]): Quicksti.ts:Entered'100176112315 into Payment id

2020-09-08 16:37:23 - [MESSAGE][PASSED] - Object 'Object Repository/CERTPAY_ADMIN/PAYMENT_ID' is present

2020-09-08 16:37:23 - [MESSAGE][PASSED] - Object 'Object Repository/CERTPAY_ADMIN/PAYMENT_ID' is visible

2020-09-08 16:37:24 - [MESSAGE][PASSED] - Object 'Object Repository/CERTPAY_ADMIN/PAYMENT_ID' is present

2020-09-08 16:37:25 - [MESSAGE][PASSED] - Text '100176112315' is set on object 'Object Repository/CERTPAY_ADMIN/PAYMENT_ID'

2020-09-08 16:37:25 - [MESSAGE][PASSED] - Quicksti.ts:Entered'100176112315 into Payment id

2020-09-08 16:37:25 - [TEST_STEP][PASSED] - utilities.SafeActions.safeClick(findTestObject("CERTPAY_ADMIN/GO_BUTTON"), "Go button", [pageLoadTime]): Quicksti.ts:Clicked on the Go button

2020-09-08 16:37:25 - [MESSAGE][INFO] - safeClicking

2020-09-08 16:37:25 - [MESSAGE][PASSED] - Object 'Object Repository/CERTPAY_ADMIN/GO_BUTTON' is present

2020-09-08 16:37:26 - [MESSAGE][PASSED] - Object 'Object Repository/CERTPAY_ADMIN/GO_BUTTON' is clickable

2020-09-08 16:37:28 - [MESSAGE][PASSED] - Object: 'Object Repository/CERTPAY_ADMIN/GO_BUTTON' is clicked on

2020-09-08 16:37:28 - [MESSAGE][PASSED] - Quicksti.ts:Clicked on the Go button

2020-09-08 16:37:28 - [TEST_STEP][PASSED] - delay(5): Delayed 5 second(s)

2020-09-08 16:37:33 - [MESSAGE][PASSED] - Delayed 5 second(s)

2020-09-08 16:37:33 - [TEST_STEP][PASSED] - scrollToPosition(800, 900): Browser is scrolled to position x = 800, y = 900

2020-09-08 16:37:33 - [MESSAGE][PASSED] - Browser is scrolled to position x = 800, y = 900

2020-09-08 16:37:33 - [TEST_STEP][PASSED] - paymentIdList.add(paymentId): null

2020-09-08 16:37:33 - [TEST_STEP][PASSED] - println(paymentIdList): null

2020-09-08 16:37:33 - [TEST_STEP][PASSED] - firstName = data.getValue("FirstName", index): null

2020-09-08 16:37:33 - [TEST_STEP][PASSED] - lastName = data.getValue("LastName", index): null

2020-09-08 16:37:33 - [TEST_STEP][PASSED] - expMonth = data.getValue("ExpMonth", index): null

2020-09-08 16:37:33 - [TEST_STEP][PASSED] - expYear = data.getValue("ExpYear", index): null

2020-09-08 16:37:33 - [TEST_STEP][PASSED] - securityCode = data.getValue("SecurityCode", index): null

2020-09-08 16:37:33 - [TEST_STEP][PASSED] - paymentAmount = data.getValue("PaymentAmount", index): null

2020-09-08 16:37:33 - [TEST_STEP][PASSED] - paymentType = data.getValue("PaymentType", index): null

2020-09-08 16:37:33 - [TEST_STEP][PASSED] - quantity = data.getValue("Quantity", index): null

2020-09-08 16:37:33 - [TEST_STEP][PASSED] - comments = data.getValue("Comments", index): null

2020-09-08 16:37:33 - [TEST_STEP][PASSED] - referenceNum = data.getValue("ReferenceNum", index): null

2020-09-08 16:37:33 - [TEST_STEP][PASSED] - address = data.getValue("Address", index): null

2020-09-08 16:37:33 - [TEST_STEP][PASSED] - zipCode = data.getValue("Zipcode", index): null

2020-09-08 16:37:33 - [TEST_STEP][PASSED] - telephone = data.getValue("Telephone", index): null

2020-09-08 16:37:33 - [TEST_STEP][PASSED] - emailAddress = data.getValue("EmailAddress", index): null

2020-09-08 16:37:33 - [TEST_STEP][PASSED] - cardNum = data.getValue("CardNumber", index): null

2020-09-08 16:37:33 - [TEST_STEP][PASSED] - cardType = data.getValue("CardType", index): null

2020-09-08 16:37:33 - [TEST_STEP][PASSED] - utilities.SafeActions.openBrowser(Quicksti_Url, [pageLoadTime]): Browser launched successfully

2020-09-08 16:37:33 - [MESSAGE][INFO] - Opening Browser

2020-09-08 16:37:33 - [MESSAGE][WARNING] - A browser is already opened. Closing browser and opening a new one

2020-09-08 16:37:34 - [MESSAGE][INFO] - Starting 'Chrome' driver

2020-09-08 16:37:42 - [MESSAGE][PASSED] - Browser is opened with url: 'https://qa-certpayquicksti.faps.net/'

2020-09-08 16:37:45 - [MESSAGE][PASSED] - Current window maximized

2020-09-08 16:37:45 - [MESSAGE][PASSED] - Browser launched successfully

2020-09-08 16:37:45 - [TEST_STEP][PASSED] - utilities.SafeActions.safeCheck(findTestObject("CERTPAY_QUICKSTI/Login_ Page/MULTI_BUREAU_CHECKBOX"), "Multi Bureau", [pageLoadTime]): Quicksti.ts:Checkbox 'Multi Bureau'is selected

2020-09-08 16:37:45 - [MESSAGE][PASSED] - Object 'Object Repository/CERTPAY_QUICKSTI/Login_ Page/MULTI_BUREAU_CHECKBOX' is present

2020-09-08 16:37:46 - [MESSAGE][PASSED] - Object 'Object Repository/CERTPAY_QUICKSTI/Login_ Page/MULTI_BUREAU_CHECKBOX' is present

2020-09-08 16:37:47 - [MESSAGE][PASSED] - Object: 'Object Repository/CERTPAY_QUICKSTI/Login_ Page/MULTI_BUREAU_CHECKBOX' is clicked on

2020-09-08 16:37:47 - [MESSAGE][PASSED] - Quicksti.ts:Checkbox 'Multi Bureau'is selected

2020-09-08 16:37:47 - [TEST_STEP][PASSED] - utilities.SafeActions.safeType(findTestObject("CERTPAY_QUICKSTI/Login_ Page/TELLER_ID"), teller_id, "Bureau code", [pageLoadTime]): Quicksti.ts:Entered'zenq into Bureau code

2020-09-08 16:37:48 - [MESSAGE][PASSED] - Object 'Object Repository/CERTPAY_QUICKSTI/Login_ Page/TELLER_ID' is present

2020-09-08 16:37:49 - [MESSAGE][PASSED] - Object 'Object Repository/CERTPAY_QUICKSTI/Login_ Page/TELLER_ID' is visible

2020-09-08 16:37:49 - [MESSAGE][PASSED] - Object 'Object Repository/CERTPAY_QUICKSTI/Login_ Page/TELLER_ID' is present

2020-09-08 16:37:50 - [MESSAGE][PASSED] - Text 'zenq' is set on object 'Object Repository/CERTPAY_QUICKSTI/Login_ Page/TELLER_ID'

2020-09-08 16:37:50 - [MESSAGE][PASSED] - Quicksti.ts:Entered'zenq into Bureau code

2020-09-08 16:37:50 - [TEST_STEP][PASSED] - utilities.SafeActions.safeClick(findTestObject("CERTPAY_QUICKSTI/Login_ Page/NEXT_BUTTON"), "Next button", [pageLoadTime]): Quicksti.ts:Clicked on the Next button

2020-09-08 16:37:50 - [MESSAGE][INFO] - safeClicking

2020-09-08 16:37:51 - [MESSAGE][PASSED] - Object 'Object Repository/CERTPAY_QUICKSTI/Login_ Page/NEXT_BUTTON' is present

2020-09-08 16:37:51 - [MESSAGE][PASSED] - Object 'Object Repository/CERTPAY_QUICKSTI/Login_ Page/NEXT_BUTTON' is clickable

2020-09-08 16:37:56 - [MESSAGE][PASSED] - Object: 'Object Repository/CERTPAY_QUICKSTI/Login_ Page/NEXT_BUTTON' is clicked on

2020-09-08 16:37:56 - [MESSAGE][PASSED] - Quicksti.ts:Clicked on the Next button

2020-09-08 16:37:56 - [TEST_STEP][PASSED] - pages.Quicksti.setCommnets("0", "0", comments): Quicksti.ts:Entered'Testing into Comments

2020-09-08 16:37:56 - [MESSAGE][PASSED] - Object '' is present

2020-09-08 16:37:56 - [MESSAGE][PASSED] - Object '' is visible

2020-09-08 16:37:57 - [MESSAGE][PASSED] - Object '' is present

2020-09-08 16:37:58 - [MESSAGE][PASSED] - Text 'Testing' is set on object ''

2020-09-08 16:37:58 - [MESSAGE][PASSED] - Quicksti.ts:Entered'Testing into Comments

2020-09-08 16:37:58 - [TEST_STEP][PASSED] - utilities.SafeActions.safeType(findTestObject("CERTPAY_QUICKSTI/Payment_Information_Page/PAYMENT_AMOUNT"), paymentAmount, "Payment Amount", [pageLoadTime]): Quicksti.ts:Entered'25.00 into Payment Amount

2020-09-08 16:37:58 - [MESSAGE][PASSED] - Object 'Object Repository/CERTPAY_QUICKSTI/Payment_Information_Page/PAYMENT_AMOUNT' is present

2020-09-08 16:37:59 - [MESSAGE][PASSED] - Object 'Object Repository/CERTPAY_QUICKSTI/Payment_Information_Page/PAYMENT_AMOUNT' is visible

2020-09-08 16:37:59 - [MESSAGE][PASSED] - Object 'Object Repository/CERTPAY_QUICKSTI/Payment_Information_Page/PAYMENT_AMOUNT' is present

2020-09-08 16:38:00 - [MESSAGE][PASSED] - Text '25.00' is set on object 'Object Repository/CERTPAY_QUICKSTI/Payment_Information_Page/PAYMENT_AMOUNT'

2020-09-08 16:38:00 - [MESSAGE][PASSED] - Quicksti.ts:Entered'25.00 into Payment Amount

2020-09-08 16:38:00 - [TEST_STEP][PASSED] - pages.Quicksti.setAmountDetailsForMultiBureau("0", paymentType, "0", referenceNum, quantity): Quicksti.ts:Entered'2 into Quntity

2020-09-08 16:38:01 - [MESSAGE][PASSED] - Object '' is visible

2020-09-08 16:38:01 - [MESSAGE][PASSED] - Object '' is present

2020-09-08 16:38:02 - [MESSAGE][PASSED] - Object: '' is clicked on

2020-09-08 16:38:04 - [MESSAGE][PASSED] - All options with label 'Gifts' are selected in object ''  using regular expression

2020-09-08 16:38:04 - [MESSAGE][PASSED] - selected dropdown option by visible text  Giftsfrom Payment Type

2020-09-08 16:38:04 - [MESSAGE][PASSED] - Object '' is present

2020-09-08 16:38:04 - [MESSAGE][PASSED] - Object '' is visible

2020-09-08 16:38:05 - [MESSAGE][PASSED] - Object '' is present

2020-09-08 16:38:06 - [MESSAGE][PASSED] - Text '12' is set on object ''

2020-09-08 16:38:06 - [MESSAGE][PASSED] - Quicksti.ts:Entered'12 into RefrenceNumber

2020-09-08 16:38:06 - [MESSAGE][PASSED] - Object '' is present

2020-09-08 16:38:07 - [MESSAGE][PASSED] - Object '' is visible

2020-09-08 16:38:07 - [MESSAGE][PASSED] - Object '' is present

2020-09-08 16:38:08 - [MESSAGE][PASSED] - Text '2' is set on object ''

2020-09-08 16:38:08 - [MESSAGE][PASSED] - Quicksti.ts:Entered'2 into Quntity

2020-09-08 16:38:08 - [TEST_STEP][PASSED] - utilities.SafeActions.safeClick(findTestObject("CERTPAY_QUICKSTI/Payment_Information_Page/MANUAL_ENTRY_BUTTON"), "ManualEntry", [pageLoadTime]): Quicksti.ts:Clicked on the ManualEntry

2020-09-08 16:38:08 - [MESSAGE][INFO] - safeClicking

2020-09-08 16:38:09 - [MESSAGE][PASSED] - Object 'Object Repository/CERTPAY_QUICKSTI/Payment_Information_Page/MANUAL_ENTRY_BUTTON' is present

2020-09-08 16:38:09 - [MESSAGE][PASSED] - Object 'Object Repository/CERTPAY_QUICKSTI/Payment_Information_Page/MANUAL_ENTRY_BUTTON' is clickable

2020-09-08 16:38:13 - [MESSAGE][PASSED] - Object: 'Object Repository/CERTPAY_QUICKSTI/Payment_Information_Page/MANUAL_ENTRY_BUTTON' is clicked on

2020-09-08 16:38:13 - [MESSAGE][PASSED] - Quicksti.ts:Clicked on the ManualEntry

2020-09-08 16:38:13 - [TEST_STEP][PASSED] - amount_Value = pages.Quicksti.getAttributeValue(findTestObject("CERTPAY_QUICKSTI/Payment_Information_Page/SUB_TOTAL")): pages.Quicksti.getAttributeValue is PASSED

2020-09-08 16:38:13 - [MESSAGE][PASSED] - Attribute 'value' of object 'Object Repository/CERTPAY_QUICKSTI/Payment_Information_Page/SUB_TOTAL' is: '50.00'

2020-09-08 16:38:13 - [MESSAGE][PASSED] - pages.Quicksti.getAttributeValue is PASSED

2020-09-08 16:38:13 - [TEST_STEP][PASSED] - CardNumber = pages.Quicksti.setUserPaymentDetails(firstName, lastName, cardNum): Quicksti.ts:Entered'5154623208647646 into CardNum

2020-09-08 16:38:14 - [MESSAGE][PASSED] - Object 'Object Repository/CERTPAY_QUICKSTI/Payment_Information_Page/FIRST_NAME' is present

2020-09-08 16:38:14 - [MESSAGE][PASSED] - Object 'Object Repository/CERTPAY_QUICKSTI/Payment_Information_Page/FIRST_NAME' is visible

2020-09-08 16:38:14 - [MESSAGE][PASSED] - Object 'Object Repository/CERTPAY_QUICKSTI/Payment_Information_Page/FIRST_NAME' is present

2020-09-08 16:38:16 - [MESSAGE][PASSED] - Text 'Tester' is set on object 'Object Repository/CERTPAY_QUICKSTI/Payment_Information_Page/FIRST_NAME'

2020-09-08 16:38:16 - [MESSAGE][PASSED] - Quicksti.ts:Entered'Tester into FirstName

2020-09-08 16:38:16 - [MESSAGE][PASSED] - Object 'Object Repository/CERTPAY_QUICKSTI/Payment_Information_Page/LAST_NAME' is present

2020-09-08 16:38:17 - [MESSAGE][PASSED] - Object 'Object Repository/CERTPAY_QUICKSTI/Payment_Information_Page/LAST_NAME' is visible

2020-09-08 16:38:17 - [MESSAGE][PASSED] - Object 'Object Repository/CERTPAY_QUICKSTI/Payment_Information_Page/LAST_NAME' is present

2020-09-08 16:38:18 - [MESSAGE][PASSED] - Text 'Zenq1' is set on object 'Object Repository/CERTPAY_QUICKSTI/Payment_Information_Page/LAST_NAME'

2020-09-08 16:38:18 - [MESSAGE][PASSED] - Quicksti.ts:Entered'Zenq1 into LAstName

2020-09-08 16:38:18 - [MESSAGE][PASSED] - Object 'Object Repository/CERTPAY_QUICKSTI/Payment_Information_Page/CARD_NUMBER' is present

2020-09-08 16:38:19 - [MESSAGE][PASSED] - Object 'Object Repository/CERTPAY_QUICKSTI/Payment_Information_Page/CARD_NUMBER' is visible

2020-09-08 16:38:19 - [MESSAGE][PASSED] - Object 'Object Repository/CERTPAY_QUICKSTI/Payment_Information_Page/CARD_NUMBER' is present

2020-09-08 16:38:20 - [MESSAGE][PASSED] - Text '5154623208647646' is set on object 'Object Repository/CERTPAY_QUICKSTI/Payment_Information_Page/CARD_NUMBER'

2020-09-08 16:38:20 - [MESSAGE][PASSED] - Quicksti.ts:Entered'5154623208647646 into CardNum

2020-09-08 16:38:20 - [TEST_STEP][PASSED] - pages.Quicksti.setExpDate(expMonth, expYear, securityCode): Quicksti.ts:Entered'207 into securityCode

2020-09-08 16:38:21 - [MESSAGE][PASSED] - Object 'Object Repository/CERTPAY_QUICKSTI/Payment_Information_Page/EXP_MONTH' is visible

2020-09-08 16:38:21 - [MESSAGE][PASSED] - Object 'Object Repository/CERTPAY_QUICKSTI/Payment_Information_Page/EXP_MONTH' is present

2020-09-08 16:38:22 - [MESSAGE][PASSED] - Object: 'Object Repository/CERTPAY_QUICKSTI/Payment_Information_Page/EXP_MONTH' is clicked on

2020-09-08 16:38:24 - [MESSAGE][PASSED] - All options with label '04' are selected in object 'Object Repository/CERTPAY_QUICKSTI/Payment_Information_Page/EXP_MONTH'  using regular expression

2020-09-08 16:38:24 - [MESSAGE][PASSED] - selected dropdown option by visible text  04from expMonth

2020-09-08 16:38:24 - [MESSAGE][PASSED] - Object 'Object Repository/CERTPAY_QUICKSTI/Payment_Information_Page/EXP_YEAR' is visible

2020-09-08 16:38:24 - [MESSAGE][PASSED] - Object 'Object Repository/CERTPAY_QUICKSTI/Payment_Information_Page/EXP_YEAR' is present

2020-09-08 16:38:26 - [MESSAGE][PASSED] - Object: 'Object Repository/CERTPAY_QUICKSTI/Payment_Information_Page/EXP_YEAR' is clicked on

2020-09-08 16:38:27 - [MESSAGE][PASSED] - All options with label '2023' are selected in object 'Object Repository/CERTPAY_QUICKSTI/Payment_Information_Page/EXP_YEAR'  using regular expression

2020-09-08 16:38:27 - [MESSAGE][PASSED] - selected dropdown option by visible text  2023from  expYear

2020-09-08 16:38:27 - [MESSAGE][PASSED] - Object 'Object Repository/CERTPAY_QUICKSTI/Payment_Information_Page/SECURITY_CODE' is present

2020-09-08 16:38:28 - [MESSAGE][PASSED] - Object 'Object Repository/CERTPAY_QUICKSTI/Payment_Information_Page/SECURITY_CODE' is visible

2020-09-08 16:38:28 - [MESSAGE][PASSED] - Object 'Object Repository/CERTPAY_QUICKSTI/Payment_Information_Page/SECURITY_CODE' is present

2020-09-08 16:38:29 - [MESSAGE][PASSED] - Text '207' is set on object 'Object Repository/CERTPAY_QUICKSTI/Payment_Information_Page/SECURITY_CODE'

2020-09-08 16:38:29 - [MESSAGE][PASSED] - Quicksti.ts:Entered'207 into securityCode

2020-09-08 16:38:29 - [TEST_STEP][PASSED] - utilities.SafeActions.safeType(findTestObject("CERTPAY_QUICKSTI/Payment_Information_Page/ADDRESS"), address, "Address", [pageLoadTime]): Quicksti.ts:Entered'14-2 into Address

2020-09-08 16:38:30 - [MESSAGE][PASSED] - Object 'Object Repository/CERTPAY_QUICKSTI/Payment_Information_Page/ADDRESS' is present

2020-09-08 16:38:30 - [MESSAGE][PASSED] - Object 'Object Repository/CERTPAY_QUICKSTI/Payment_Information_Page/ADDRESS' is visible

2020-09-08 16:38:30 - [MESSAGE][PASSED] - Object 'Object Repository/CERTPAY_QUICKSTI/Payment_Information_Page/ADDRESS' is present

2020-09-08 16:38:32 - [MESSAGE][PASSED] - Text '14-2' is set on object 'Object Repository/CERTPAY_QUICKSTI/Payment_Information_Page/ADDRESS'

2020-09-08 16:38:32 - [MESSAGE][PASSED] - Quicksti.ts:Entered'14-2 into Address

2020-09-08 16:38:32 - [TEST_STEP][PASSED] - utilities.SafeActions.safeType(findTestObject("CERTPAY_QUICKSTI/Payment_Information_Page/ZIP_CODE"), zipCode, "zipcode", [pageLoadTime]): Quicksti.ts:Entered'76102 into zipcode

2020-09-08 16:38:32 - [MESSAGE][PASSED] - Object 'Object Repository/CERTPAY_QUICKSTI/Payment_Information_Page/ZIP_CODE' is present

2020-09-08 16:38:32 - [MESSAGE][PASSED] - Object 'Object Repository/CERTPAY_QUICKSTI/Payment_Information_Page/ZIP_CODE' is visible

2020-09-08 16:38:33 - [MESSAGE][PASSED] - Object 'Object Repository/CERTPAY_QUICKSTI/Payment_Information_Page/ZIP_CODE' is present

2020-09-08 16:38:34 - [MESSAGE][PASSED] - Text '76102' is set on object 'Object Repository/CERTPAY_QUICKSTI/Payment_Information_Page/ZIP_CODE'

2020-09-08 16:38:34 - [MESSAGE][PASSED] - Quicksti.ts:Entered'76102 into zipcode

2020-09-08 16:38:34 - [TEST_STEP][PASSED] - utilities.SafeActions.safeType(findTestObject("CERTPAY_QUICKSTI/Payment_Information_Page/TELEPHONE"), telephone, "Telephone", [pageLoadTime]): Quicksti.ts:Entered'9989897654 into Telephone

2020-09-08 16:38:34 - [MESSAGE][PASSED] - Object 'Object Repository/CERTPAY_QUICKSTI/Payment_Information_Page/TELEPHONE' is present

2020-09-08 16:38:35 - [MESSAGE][PASSED] - Object 'Object Repository/CERTPAY_QUICKSTI/Payment_Information_Page/TELEPHONE' is visible

2020-09-08 16:38:35 - [MESSAGE][PASSED] - Object 'Object Repository/CERTPAY_QUICKSTI/Payment_Information_Page/TELEPHONE' is present

2020-09-08 16:38:36 - [MESSAGE][PASSED] - Text '9989897654' is set on object 'Object Repository/CERTPAY_QUICKSTI/Payment_Information_Page/TELEPHONE'

2020-09-08 16:38:36 - [MESSAGE][PASSED] - Quicksti.ts:Entered'9989897654 into Telephone

2020-09-08 16:38:36 - [TEST_STEP][PASSED] - utilities.SafeActions.safeType(findTestObject("CERTPAY_QUICKSTI/Payment_Information_Page/EMAIL_ADDRESS"), emailAddress, "EMAIL address", [pageLoadTime]): Quicksti.ts:Entered'testing@zenq.com into EMAIL address

2020-09-08 16:38:37 - [MESSAGE][PASSED] - Object 'Object Repository/CERTPAY_QUICKSTI/Payment_Information_Page/EMAIL_ADDRESS' is present

2020-09-08 16:38:37 - [MESSAGE][PASSED] - Object 'Object Repository/CERTPAY_QUICKSTI/Payment_Information_Page/EMAIL_ADDRESS' is visible

2020-09-08 16:38:37 - [MESSAGE][PASSED] - Object 'Object Repository/CERTPAY_QUICKSTI/Payment_Information_Page/EMAIL_ADDRESS' is present

2020-09-08 16:38:39 - [MESSAGE][PASSED] - Text 'testing@zenq.com' is set on object 'Object Repository/CERTPAY_QUICKSTI/Payment_Information_Page/EMAIL_ADDRESS'

2020-09-08 16:38:39 - [MESSAGE][PASSED] - Quicksti.ts:Entered'testing@zenq.com into EMAIL address

2020-09-08 16:38:39 - [TEST_STEP][PASSED] - utilities.SafeActions.safeClick(findTestObject("CERTPAY_QUICKSTI/Payment_Information_Page/NEXT_BUTTON"), "Next", [pageLoadTime]): Quicksti.ts:Clicked on the Next

2020-09-08 16:38:39 - [MESSAGE][INFO] - safeClicking

2020-09-08 16:38:39 - [MESSAGE][PASSED] - Object 'Object Repository/CERTPAY_QUICKSTI/Payment_Information_Page/NEXT_BUTTON' is present

2020-09-08 16:38:39 - [MESSAGE][PASSED] - Object 'Object Repository/CERTPAY_QUICKSTI/Payment_Information_Page/NEXT_BUTTON' is clickable

2020-09-08 16:38:43 - [MESSAGE][PASSED] - Object: 'Object Repository/CERTPAY_QUICKSTI/Payment_Information_Page/NEXT_BUTTON' is clicked on

2020-09-08 16:38:43 - [MESSAGE][PASSED] - Quicksti.ts:Clicked on the Next

2020-09-08 16:38:43 - [TEST_STEP][PASSED] - pages.Quicksti.verifyUserPaymentDetails(paymentAmount, firstName, lastName, CardNumber): pages.Quicksti.verifyUserPaymentDetails is PASSED

2020-09-08 16:38:45 - [MESSAGE][PASSED] - Text of object 'Object Repository/CERTPAY_QUICKSTI/Payment_Details_Verification_Page/AMOUNT' is: '$25.00'

2020-09-08 16:38:45 - [MESSAGE][PASSED] - Actual text '25.00' and expected text '25.00' are matched  using regular expression

2020-09-08 16:38:46 - [MESSAGE][PASSED] - Text of object 'Object Repository/CERTPAY_QUICKSTI/Payment_Details_Verification_Page/NAME' is: 'Tester Zenq1'

2020-09-08 16:38:46 - [MESSAGE][PASSED] - Actual text 'Tester Zenq1' and expected text 'Tester Zenq1' are matched  using regular expression

2020-09-08 16:38:46 - [MESSAGE][PASSED] - Text of object 'Object Repository/CERTPAY_QUICKSTI/Payment_Details_Verification_Page/CARD_NUMBER' is: '...7646'

2020-09-08 16:38:46 - [MESSAGE][PASSED] - Actual text '7646' and expected text '7646' are matched  using regular expression

2020-09-08 16:38:46 - [MESSAGE][PASSED] - pages.Quicksti.verifyUserPaymentDetails is PASSED

2020-09-08 16:38:46 - [TEST_STEP][PASSED] - delay(2): Delayed 2 second(s)

2020-09-08 16:38:48 - [MESSAGE][PASSED] - Delayed 2 second(s)

2020-09-08 16:38:48 - [TEST_STEP][PASSED] - scrollToElement(findTestObject("CERTPAY_QUICKSTI/Payment_Details_Verification_Page/PROCESS"), 0): Scroll to object 'Object Repository/CERTPAY_QUICKSTI/Payment_Details_Verification_Page/PROCESS' successfully

2020-09-08 16:38:48 - [MESSAGE][WARNING] - Timeout '0' is invalid. Using default page load timeout: '30'

2020-09-08 16:38:48 - [MESSAGE][PASSED] - Scroll to object 'Object Repository/CERTPAY_QUICKSTI/Payment_Details_Verification_Page/PROCESS' successfully

2020-09-08 16:38:48 - [TEST_STEP][PASSED] - utilities.SafeActions.safeClick(findTestObject("CERTPAY_QUICKSTI/Payment_Details_Verification_Page/PROCESS"), "Process", [pageLoadTime]): Quicksti.ts:Clicked on the Process

2020-09-08 16:38:48 - [MESSAGE][INFO] - safeClicking

2020-09-08 16:38:49 - [MESSAGE][PASSED] - Object 'Object Repository/CERTPAY_QUICKSTI/Payment_Details_Verification_Page/PROCESS' is present

2020-09-08 16:38:49 - [MESSAGE][PASSED] - Object 'Object Repository/CERTPAY_QUICKSTI/Payment_Details_Verification_Page/PROCESS' is clickable

2020-09-08 16:38:54 - [MESSAGE][PASSED] - Object: 'Object Repository/CERTPAY_QUICKSTI/Payment_Details_Verification_Page/PROCESS' is clicked on

2020-09-08 16:38:54 - [MESSAGE][PASSED] - Quicksti.ts:Clicked on the Process

2020-09-08 16:38:54 - [TEST_STEP][PASSED] - paymentId = pages.Quicksti.verifyPaymentApproval(findTestObject("CERTPAY_QUICKSTI/Payment_Details_Verification_Page/APPROVED")): Payment is approved

2020-09-08 16:38:54 - [MESSAGE][PASSED] - Text of object 'Object Repository/CERTPAY_QUICKSTI/Payment_Details_Verification_Page/PAYMENT_ID' is: '100176112319'

2020-09-08 16:38:55 - [MESSAGE][PASSED] - Object 'Object Repository/CERTPAY_QUICKSTI/Payment_Details_Verification_Page/APPROVED' is present

2020-09-08 16:38:55 - [MESSAGE][PASSED] - Payment is approved

2020-09-08 16:38:57 - [TEST_STEP][PASSED] - navigateToUrl(Admin_url): Navigate to 'https://qa-certpayadmin.faps.net' successfully

2020-09-08 16:39:01 - [MESSAGE][PASSED] - Navigate to 'https://qa-certpayadmin.faps.net' successfully

2020-09-08 16:39:01 - [TEST_STEP][PASSED] - pages.Bureau_Login_Page.loginToAdminSite(AdminUsername, AdminPassword): Quicksti.ts:Clicked on the LOGIN

2020-09-08 16:39:02 - [MESSAGE][PASSED] - Object 'Object Repository/CERTPAY_ADMIN/USER_NAME' is present

2020-09-08 16:39:02 - [MESSAGE][PASSED] - Object 'Object Repository/CERTPAY_ADMIN/USER_NAME' is visible

2020-09-08 16:39:02 - [MESSAGE][PASSED] - Object 'Object Repository/CERTPAY_ADMIN/USER_NAME' is present

2020-09-08 16:39:03 - [MESSAGE][PASSED] - Text 'VVangiliappan' is set on object 'Object Repository/CERTPAY_ADMIN/USER_NAME'

2020-09-08 16:39:03 - [MESSAGE][PASSED] - Quicksti.ts:Entered'VVangiliappan into username

2020-09-08 16:39:04 - [MESSAGE][PASSED] - Object 'Object Repository/CERTPAY_ADMIN/PASSWORD' is present

2020-09-08 16:39:04 - [MESSAGE][PASSED] - Object 'Object Repository/CERTPAY_ADMIN/PASSWORD' is visible

2020-09-08 16:39:04 - [MESSAGE][PASSED] - Object 'Object Repository/CERTPAY_ADMIN/PASSWORD' is present

2020-09-08 16:39:06 - [MESSAGE][PASSED] - Text 'Knila@12345' is set on object 'Object Repository/CERTPAY_ADMIN/PASSWORD'

2020-09-08 16:39:06 - [MESSAGE][PASSED] - Quicksti.ts:Entered'Knila@12345 into password

2020-09-08 16:39:06 - [MESSAGE][INFO] - safeClicking

2020-09-08 16:39:06 - [MESSAGE][PASSED] - Object 'Object Repository/CERTPAY_ADMIN/LOGIN_BUTTON' is present

2020-09-08 16:39:06 - [MESSAGE][PASSED] - Object 'Object Repository/CERTPAY_ADMIN/LOGIN_BUTTON' is clickable

2020-09-08 16:39:15 - [MESSAGE][PASSED] - Object: 'Object Repository/CERTPAY_ADMIN/LOGIN_BUTTON' is clicked on

2020-09-08 16:39:15 - [MESSAGE][PASSED] - Quicksti.ts:Clicked on the LOGIN

2020-09-08 16:39:15 - [TEST_STEP][PASSED] - utilities.SafeActions.safeClick(findTestObject("CERTPAY_ADMIN/TRANSACTION_SEARCH"), "TransactionSearch", [pageLoadTime]): Quicksti.ts:Clicked on the TransactionSearch

2020-09-08 16:39:15 - [MESSAGE][INFO] - safeClicking

2020-09-08 16:39:15 - [MESSAGE][PASSED] - Object 'Object Repository/CERTPAY_ADMIN/TRANSACTION_SEARCH' is present

2020-09-08 16:39:16 - [MESSAGE][PASSED] - Object 'Object Repository/CERTPAY_ADMIN/TRANSACTION_SEARCH' is clickable

2020-09-08 16:39:19 - [MESSAGE][PASSED] - Object: 'Object Repository/CERTPAY_ADMIN/TRANSACTION_SEARCH' is clicked on

2020-09-08 16:39:19 - [MESSAGE][PASSED] - Quicksti.ts:Clicked on the TransactionSearch

2020-09-08 16:39:19 - [TEST_STEP][PASSED] - utilities.SafeActions.safeType(findTestObject("CERTPAY_ADMIN/PAYMENT_ID"), paymentId, "Payment id", [pageLoadTime]): Quicksti.ts:Entered'100176112319 into Payment id

2020-09-08 16:39:20 - [MESSAGE][PASSED] - Object 'Object Repository/CERTPAY_ADMIN/PAYMENT_ID' is present

2020-09-08 16:39:20 - [MESSAGE][PASSED] - Object 'Object Repository/CERTPAY_ADMIN/PAYMENT_ID' is visible

2020-09-08 16:39:20 - [MESSAGE][PASSED] - Object 'Object Repository/CERTPAY_ADMIN/PAYMENT_ID' is present

2020-09-08 16:39:22 - [MESSAGE][PASSED] - Text '100176112319' is set on object 'Object Repository/CERTPAY_ADMIN/PAYMENT_ID'

2020-09-08 16:39:22 - [MESSAGE][PASSED] - Quicksti.ts:Entered'100176112319 into Payment id

2020-09-08 16:39:22 - [TEST_STEP][PASSED] - utilities.SafeActions.safeClick(findTestObject("CERTPAY_ADMIN/GO_BUTTON"), "Go button", [pageLoadTime]): Quicksti.ts:Clicked on the Go button

2020-09-08 16:39:22 - [MESSAGE][INFO] - safeClicking

2020-09-08 16:39:22 - [MESSAGE][PASSED] - Object 'Object Repository/CERTPAY_ADMIN/GO_BUTTON' is present

2020-09-08 16:39:22 - [MESSAGE][PASSED] - Object 'Object Repository/CERTPAY_ADMIN/GO_BUTTON' is clickable

2020-09-08 16:39:26 - [MESSAGE][PASSED] - Object: 'Object Repository/CERTPAY_ADMIN/GO_BUTTON' is clicked on

2020-09-08 16:39:26 - [MESSAGE][PASSED] - Quicksti.ts:Clicked on the Go button

2020-09-08 16:39:26 - [TEST_STEP][PASSED] - delay(5): Delayed 5 second(s)

2020-09-08 16:39:31 - [MESSAGE][PASSED] - Delayed 5 second(s)

2020-09-08 16:39:31 - [TEST_STEP][PASSED] - scrollToPosition(800, 900): Browser is scrolled to position x = 800, y = 900

2020-09-08 16:39:31 - [MESSAGE][PASSED] - Browser is scrolled to position x = 800, y = 900

2020-09-08 16:39:31 - [TEST_STEP][PASSED] - paymentIdList.add(paymentId): null

2020-09-08 16:39:31 - [TEST_STEP][PASSED] - println(paymentIdList): null

2020-09-08 16:39:31 - [TEST_STEP][PASSED] - firstName = data.getValue("FirstName", index): null

2020-09-08 16:39:31 - [TEST_STEP][PASSED] - lastName = data.getValue("LastName", index): null

2020-09-08 16:39:31 - [TEST_STEP][PASSED] - expMonth = data.getValue("ExpMonth", index): null

2020-09-08 16:39:31 - [TEST_STEP][PASSED] - expYear = data.getValue("ExpYear", index): null

2020-09-08 16:39:31 - [TEST_STEP][PASSED] - securityCode = data.getValue("SecurityCode", index): null

2020-09-08 16:39:31 - [TEST_STEP][PASSED] - paymentAmount = data.getValue("PaymentAmount", index): null

2020-09-08 16:39:31 - [TEST_STEP][PASSED] - paymentType = data.getValue("PaymentType", index): null

2020-09-08 16:39:31 - [TEST_STEP][PASSED] - quantity = data.getValue("Quantity", index): null

2020-09-08 16:39:31 - [TEST_STEP][PASSED] - comments = data.getValue("Comments", index): null

2020-09-08 16:39:31 - [TEST_STEP][PASSED] - referenceNum = data.getValue("ReferenceNum", index): null

2020-09-08 16:39:31 - [TEST_STEP][PASSED] - address = data.getValue("Address", index): null

2020-09-08 16:39:31 - [TEST_STEP][PASSED] - zipCode = data.getValue("Zipcode", index): null

2020-09-08 16:39:31 - [TEST_STEP][PASSED] - telephone = data.getValue("Telephone", index): null

2020-09-08 16:39:31 - [TEST_STEP][PASSED] - emailAddress = data.getValue("EmailAddress", index): null

2020-09-08 16:39:31 - [TEST_STEP][PASSED] - cardNum = data.getValue("CardNumber", index): null

2020-09-08 16:39:31 - [TEST_STEP][PASSED] - cardType = data.getValue("CardType", index): null

2020-09-08 16:39:31 - [TEST_STEP][PASSED] - utilities.SafeActions.openBrowser(Quicksti_Url, [pageLoadTime]): Browser launched successfully

2020-09-08 16:39:31 - [MESSAGE][INFO] - Opening Browser

2020-09-08 16:39:31 - [MESSAGE][WARNING] - A browser is already opened. Closing browser and opening a new one

2020-09-08 16:39:32 - [MESSAGE][INFO] - Starting 'Chrome' driver

2020-09-08 16:39:39 - [MESSAGE][PASSED] - Browser is opened with url: 'https://qa-certpayquicksti.faps.net/'

2020-09-08 16:39:42 - [MESSAGE][PASSED] - Current window maximized

2020-09-08 16:39:42 - [MESSAGE][PASSED] - Browser launched successfully

2020-09-08 16:39:42 - [TEST_STEP][PASSED] - utilities.SafeActions.safeCheck(findTestObject("CERTPAY_QUICKSTI/Login_ Page/MULTI_BUREAU_CHECKBOX"), "Multi Bureau", [pageLoadTime]): Quicksti.ts:Checkbox 'Multi Bureau'is selected

2020-09-08 16:39:42 - [MESSAGE][PASSED] - Object 'Object Repository/CERTPAY_QUICKSTI/Login_ Page/MULTI_BUREAU_CHECKBOX' is present

2020-09-08 16:39:43 - [MESSAGE][PASSED] - Object 'Object Repository/CERTPAY_QUICKSTI/Login_ Page/MULTI_BUREAU_CHECKBOX' is present

2020-09-08 16:39:44 - [MESSAGE][PASSED] - Object: 'Object Repository/CERTPAY_QUICKSTI/Login_ Page/MULTI_BUREAU_CHECKBOX' is clicked on

2020-09-08 16:39:44 - [MESSAGE][PASSED] - Quicksti.ts:Checkbox 'Multi Bureau'is selected

2020-09-08 16:39:44 - [TEST_STEP][PASSED] - utilities.SafeActions.safeType(findTestObject("CERTPAY_QUICKSTI/Login_ Page/TELLER_ID"), teller_id, "Bureau code", [pageLoadTime]): Quicksti.ts:Entered'zenq into Bureau code

2020-09-08 16:39:46 - [MESSAGE][PASSED] - Object 'Object Repository/CERTPAY_QUICKSTI/Login_ Page/TELLER_ID' is present

2020-09-08 16:39:46 - [MESSAGE][PASSED] - Object 'Object Repository/CERTPAY_QUICKSTI/Login_ Page/TELLER_ID' is visible

2020-09-08 16:39:46 - [MESSAGE][PASSED] - Object 'Object Repository/CERTPAY_QUICKSTI/Login_ Page/TELLER_ID' is present

2020-09-08 16:39:47 - [MESSAGE][PASSED] - Text 'zenq' is set on object 'Object Repository/CERTPAY_QUICKSTI/Login_ Page/TELLER_ID'

2020-09-08 16:39:47 - [MESSAGE][PASSED] - Quicksti.ts:Entered'zenq into Bureau code

2020-09-08 16:39:47 - [TEST_STEP][PASSED] - utilities.SafeActions.safeClick(findTestObject("CERTPAY_QUICKSTI/Login_ Page/NEXT_BUTTON"), "Next button", [pageLoadTime]): Quicksti.ts:Clicked on the Next button

2020-09-08 16:39:47 - [MESSAGE][INFO] - safeClicking

2020-09-08 16:39:48 - [MESSAGE][PASSED] - Object 'Object Repository/CERTPAY_QUICKSTI/Login_ Page/NEXT_BUTTON' is present

2020-09-08 16:39:48 - [MESSAGE][PASSED] - Object 'Object Repository/CERTPAY_QUICKSTI/Login_ Page/NEXT_BUTTON' is clickable

2020-09-08 16:39:53 - [MESSAGE][PASSED] - Object: 'Object Repository/CERTPAY_QUICKSTI/Login_ Page/NEXT_BUTTON' is clicked on

2020-09-08 16:39:53 - [MESSAGE][PASSED] - Quicksti.ts:Clicked on the Next button

2020-09-08 16:39:53 - [TEST_STEP][PASSED] - pages.Quicksti.setCommnets("0", "0", comments): Quicksti.ts:Entered'Testing into Comments

2020-09-08 16:39:53 - [MESSAGE][PASSED] - Object '' is present

2020-09-08 16:39:53 - [MESSAGE][PASSED] - Object '' is visible

2020-09-08 16:39:53 - [MESSAGE][PASSED] - Object '' is present

2020-09-08 16:39:55 - [MESSAGE][PASSED] - Text 'Testing' is set on object ''

2020-09-08 16:39:55 - [MESSAGE][PASSED] - Quicksti.ts:Entered'Testing into Comments

2020-09-08 16:39:55 - [TEST_STEP][PASSED] - utilities.SafeActions.safeType(findTestObject("CERTPAY_QUICKSTI/Payment_Information_Page/PAYMENT_AMOUNT"), paymentAmount, "Payment Amount", [pageLoadTime]): Quicksti.ts:Entered'30.00 into Payment Amount

2020-09-08 16:39:55 - [MESSAGE][PASSED] - Object 'Object Repository/CERTPAY_QUICKSTI/Payment_Information_Page/PAYMENT_AMOUNT' is present

2020-09-08 16:39:56 - [MESSAGE][PASSED] - Object 'Object Repository/CERTPAY_QUICKSTI/Payment_Information_Page/PAYMENT_AMOUNT' is visible

2020-09-08 16:39:56 - [MESSAGE][PASSED] - Object 'Object Repository/CERTPAY_QUICKSTI/Payment_Information_Page/PAYMENT_AMOUNT' is present

2020-09-08 16:39:57 - [MESSAGE][PASSED] - Text '30.00' is set on object 'Object Repository/CERTPAY_QUICKSTI/Payment_Information_Page/PAYMENT_AMOUNT'

2020-09-08 16:39:57 - [MESSAGE][PASSED] - Quicksti.ts:Entered'30.00 into Payment Amount

2020-09-08 16:39:57 - [TEST_STEP][PASSED] - pages.Quicksti.setAmountDetailsForMultiBureau("0", paymentType, "0", referenceNum, quantity): Quicksti.ts:Entered'1 into Quntity

2020-09-08 16:39:58 - [MESSAGE][PASSED] - Object '' is visible

2020-09-08 16:39:58 - [MESSAGE][PASSED] - Object '' is present

2020-09-08 16:39:59 - [MESSAGE][PASSED] - Object: '' is clicked on

2020-09-08 16:40:01 - [MESSAGE][PASSED] - All options with label 'Licenses' are selected in object ''  using regular expression

2020-09-08 16:40:01 - [MESSAGE][PASSED] - selected dropdown option by visible text  Licensesfrom Payment Type

2020-09-08 16:40:01 - [MESSAGE][PASSED] - Object '' is present

2020-09-08 16:40:01 - [MESSAGE][PASSED] - Object '' is visible

2020-09-08 16:40:02 - [MESSAGE][PASSED] - Object '' is present

2020-09-08 16:40:03 - [MESSAGE][PASSED] - Text '13' is set on object ''

2020-09-08 16:40:03 - [MESSAGE][PASSED] - Quicksti.ts:Entered'13 into RefrenceNumber

2020-09-08 16:40:03 - [MESSAGE][PASSED] - Object '' is present

2020-09-08 16:40:04 - [MESSAGE][PASSED] - Object '' is visible

2020-09-08 16:40:04 - [MESSAGE][PASSED] - Object '' is present

2020-09-08 16:40:05 - [MESSAGE][PASSED] - Text '1' is set on object ''

2020-09-08 16:40:05 - [MESSAGE][PASSED] - Quicksti.ts:Entered'1 into Quntity

2020-09-08 16:40:05 - [TEST_STEP][PASSED] - utilities.SafeActions.safeClick(findTestObject("CERTPAY_QUICKSTI/Payment_Information_Page/MANUAL_ENTRY_BUTTON"), "ManualEntry", [pageLoadTime]): Quicksti.ts:Clicked on the ManualEntry

2020-09-08 16:40:05 - [MESSAGE][INFO] - safeClicking

2020-09-08 16:40:06 - [MESSAGE][PASSED] - Object 'Object Repository/CERTPAY_QUICKSTI/Payment_Information_Page/MANUAL_ENTRY_BUTTON' is present

2020-09-08 16:40:06 - [MESSAGE][PASSED] - Object 'Object Repository/CERTPAY_QUICKSTI/Payment_Information_Page/MANUAL_ENTRY_BUTTON' is clickable

2020-09-08 16:40:33 - [MESSAGE][PASSED] - Object: 'Object Repository/CERTPAY_QUICKSTI/Payment_Information_Page/MANUAL_ENTRY_BUTTON' is clicked on

2020-09-08 16:40:33 - [MESSAGE][PASSED] - Quicksti.ts:Clicked on the ManualEntry

2020-09-08 16:40:33 - [TEST_STEP][PASSED] - amount_Value = pages.Quicksti.getAttributeValue(findTestObject("CERTPAY_QUICKSTI/Payment_Information_Page/SUB_TOTAL")): pages.Quicksti.getAttributeValue is PASSED

2020-09-08 16:40:33 - [MESSAGE][PASSED] - Attribute 'value' of object 'Object Repository/CERTPAY_QUICKSTI/Payment_Information_Page/SUB_TOTAL' is: '30.00'

2020-09-08 16:40:33 - [MESSAGE][PASSED] - pages.Quicksti.getAttributeValue is PASSED

2020-09-08 16:40:33 - [TEST_STEP][PASSED] - CardNumber = pages.Quicksti.setUserPaymentDetails(firstName, lastName, cardNum): Quicksti.ts:Entered'8171999900000018 into CardNum

2020-09-08 16:40:34 - [MESSAGE][PASSED] - Object 'Object Repository/CERTPAY_QUICKSTI/Payment_Information_Page/FIRST_NAME' is present

2020-09-08 16:40:34 - [MESSAGE][PASSED] - Object 'Object Repository/CERTPAY_QUICKSTI/Payment_Information_Page/FIRST_NAME' is visible

2020-09-08 16:40:34 - [MESSAGE][PASSED] - Object 'Object Repository/CERTPAY_QUICKSTI/Payment_Information_Page/FIRST_NAME' is present

2020-09-08 16:40:35 - [MESSAGE][PASSED] - Text 'Tester' is set on object 'Object Repository/CERTPAY_QUICKSTI/Payment_Information_Page/FIRST_NAME'

2020-09-08 16:40:35 - [MESSAGE][PASSED] - Quicksti.ts:Entered'Tester into FirstName

2020-09-08 16:40:36 - [MESSAGE][PASSED] - Object 'Object Repository/CERTPAY_QUICKSTI/Payment_Information_Page/LAST_NAME' is present

2020-09-08 16:40:36 - [MESSAGE][PASSED] - Object 'Object Repository/CERTPAY_QUICKSTI/Payment_Information_Page/LAST_NAME' is visible

2020-09-08 16:40:36 - [MESSAGE][PASSED] - Object 'Object Repository/CERTPAY_QUICKSTI/Payment_Information_Page/LAST_NAME' is present

2020-09-08 16:40:38 - [MESSAGE][PASSED] - Text 'Zenq1' is set on object 'Object Repository/CERTPAY_QUICKSTI/Payment_Information_Page/LAST_NAME'

2020-09-08 16:40:38 - [MESSAGE][PASSED] - Quicksti.ts:Entered'Zenq1 into LAstName

2020-09-08 16:40:38 - [MESSAGE][PASSED] - Object 'Object Repository/CERTPAY_QUICKSTI/Payment_Information_Page/CARD_NUMBER' is present

2020-09-08 16:40:38 - [MESSAGE][PASSED] - Object 'Object Repository/CERTPAY_QUICKSTI/Payment_Information_Page/CARD_NUMBER' is visible

2020-09-08 16:40:39 - [MESSAGE][PASSED] - Object 'Object Repository/CERTPAY_QUICKSTI/Payment_Information_Page/CARD_NUMBER' is present

2020-09-08 16:40:40 - [MESSAGE][PASSED] - Text '8171999900000018' is set on object 'Object Repository/CERTPAY_QUICKSTI/Payment_Information_Page/CARD_NUMBER'

2020-09-08 16:40:40 - [MESSAGE][PASSED] - Quicksti.ts:Entered'8171999900000018 into CardNum

2020-09-08 16:40:40 - [TEST_STEP][PASSED] - pages.Quicksti.setExpDate(expMonth, expYear, securityCode): Quicksti.ts:Entered'111 into securityCode

2020-09-08 16:40:40 - [MESSAGE][PASSED] - Object 'Object Repository/CERTPAY_QUICKSTI/Payment_Information_Page/EXP_MONTH' is visible

2020-09-08 16:40:41 - [MESSAGE][PASSED] - Object 'Object Repository/CERTPAY_QUICKSTI/Payment_Information_Page/EXP_MONTH' is present

2020-09-08 16:40:42 - [MESSAGE][PASSED] - Object: 'Object Repository/CERTPAY_QUICKSTI/Payment_Information_Page/EXP_MONTH' is clicked on

2020-09-08 16:40:43 - [MESSAGE][PASSED] - All options with label '04' are selected in object 'Object Repository/CERTPAY_QUICKSTI/Payment_Information_Page/EXP_MONTH'  using regular expression

2020-09-08 16:40:43 - [MESSAGE][PASSED] - selected dropdown option by visible text  04from expMonth

2020-09-08 16:40:44 - [MESSAGE][PASSED] - Object 'Object Repository/CERTPAY_QUICKSTI/Payment_Information_Page/EXP_YEAR' is visible

2020-09-08 16:40:44 - [MESSAGE][PASSED] - Object 'Object Repository/CERTPAY_QUICKSTI/Payment_Information_Page/EXP_YEAR' is present

2020-09-08 16:40:45 - [MESSAGE][PASSED] - Object: 'Object Repository/CERTPAY_QUICKSTI/Payment_Information_Page/EXP_YEAR' is clicked on

2020-09-08 16:40:47 - [MESSAGE][PASSED] - All options with label '2027' are selected in object 'Object Repository/CERTPAY_QUICKSTI/Payment_Information_Page/EXP_YEAR'  using regular expression

2020-09-08 16:40:47 - [MESSAGE][PASSED] - selected dropdown option by visible text  2027from  expYear

2020-09-08 16:40:47 - [MESSAGE][PASSED] - Object 'Object Repository/CERTPAY_QUICKSTI/Payment_Information_Page/SECURITY_CODE' is present

2020-09-08 16:40:47 - [MESSAGE][PASSED] - Object 'Object Repository/CERTPAY_QUICKSTI/Payment_Information_Page/SECURITY_CODE' is visible

2020-09-08 16:40:48 - [MESSAGE][PASSED] - Object 'Object Repository/CERTPAY_QUICKSTI/Payment_Information_Page/SECURITY_CODE' is present

2020-09-08 16:40:49 - [MESSAGE][PASSED] - Text '111' is set on object 'Object Repository/CERTPAY_QUICKSTI/Payment_Information_Page/SECURITY_CODE'

2020-09-08 16:40:49 - [MESSAGE][PASSED] - Quicksti.ts:Entered'111 into securityCode

2020-09-08 16:40:49 - [TEST_STEP][PASSED] - utilities.SafeActions.safeType(findTestObject("CERTPAY_QUICKSTI/Payment_Information_Page/ADDRESS"), address, "Address", [pageLoadTime]): Quicksti.ts:Entered'14-2 into Address

2020-09-08 16:40:49 - [MESSAGE][PASSED] - Object 'Object Repository/CERTPAY_QUICKSTI/Payment_Information_Page/ADDRESS' is present

2020-09-08 16:40:50 - [MESSAGE][PASSED] - Object 'Object Repository/CERTPAY_QUICKSTI/Payment_Information_Page/ADDRESS' is visible

2020-09-08 16:40:50 - [MESSAGE][PASSED] - Object 'Object Repository/CERTPAY_QUICKSTI/Payment_Information_Page/ADDRESS' is present

2020-09-08 16:40:51 - [MESSAGE][PASSED] - Text '14-2' is set on object 'Object Repository/CERTPAY_QUICKSTI/Payment_Information_Page/ADDRESS'

2020-09-08 16:40:51 - [MESSAGE][PASSED] - Quicksti.ts:Entered'14-2 into Address

2020-09-08 16:40:51 - [TEST_STEP][PASSED] - utilities.SafeActions.safeType(findTestObject("CERTPAY_QUICKSTI/Payment_Information_Page/ZIP_CODE"), zipCode, "zipcode", [pageLoadTime]): Quicksti.ts:Entered'76102 into zipcode

2020-09-08 16:40:52 - [MESSAGE][PASSED] - Object 'Object Repository/CERTPAY_QUICKSTI/Payment_Information_Page/ZIP_CODE' is present

2020-09-08 16:40:52 - [MESSAGE][PASSED] - Object 'Object Repository/CERTPAY_QUICKSTI/Payment_Information_Page/ZIP_CODE' is visible

2020-09-08 16:40:52 - [MESSAGE][PASSED] - Object 'Object Repository/CERTPAY_QUICKSTI/Payment_Information_Page/ZIP_CODE' is present

2020-09-08 16:40:53 - [MESSAGE][PASSED] - Text '76102' is set on object 'Object Repository/CERTPAY_QUICKSTI/Payment_Information_Page/ZIP_CODE'

2020-09-08 16:40:53 - [MESSAGE][PASSED] - Quicksti.ts:Entered'76102 into zipcode

2020-09-08 16:40:53 - [TEST_STEP][PASSED] - utilities.SafeActions.safeType(findTestObject("CERTPAY_QUICKSTI/Payment_Information_Page/TELEPHONE"), telephone, "Telephone", [pageLoadTime]): Quicksti.ts:Entered'9989897654 into Telephone

2020-09-08 16:40:54 - [MESSAGE][PASSED] - Object 'Object Repository/CERTPAY_QUICKSTI/Payment_Information_Page/TELEPHONE' is present

2020-09-08 16:40:54 - [MESSAGE][PASSED] - Object 'Object Repository/CERTPAY_QUICKSTI/Payment_Information_Page/TELEPHONE' is visible

2020-09-08 16:40:54 - [MESSAGE][PASSED] - Object 'Object Repository/CERTPAY_QUICKSTI/Payment_Information_Page/TELEPHONE' is present

2020-09-08 16:40:56 - [MESSAGE][PASSED] - Text '9989897654' is set on object 'Object Repository/CERTPAY_QUICKSTI/Payment_Information_Page/TELEPHONE'

2020-09-08 16:40:56 - [MESSAGE][PASSED] - Quicksti.ts:Entered'9989897654 into Telephone

2020-09-08 16:40:56 - [TEST_STEP][PASSED] - utilities.SafeActions.safeType(findTestObject("CERTPAY_QUICKSTI/Payment_Information_Page/EMAIL_ADDRESS"), emailAddress, "EMAIL address", [pageLoadTime]): Quicksti.ts:Entered'testing@zenq.com into EMAIL address

2020-09-08 16:40:56 - [MESSAGE][PASSED] - Object 'Object Repository/CERTPAY_QUICKSTI/Payment_Information_Page/EMAIL_ADDRESS' is present

2020-09-08 16:40:56 - [MESSAGE][PASSED] - Object 'Object Repository/CERTPAY_QUICKSTI/Payment_Information_Page/EMAIL_ADDRESS' is visible

2020-09-08 16:40:57 - [MESSAGE][PASSED] - Object 'Object Repository/CERTPAY_QUICKSTI/Payment_Information_Page/EMAIL_ADDRESS' is present

2020-09-08 16:40:58 - [MESSAGE][PASSED] - Text 'testing@zenq.com' is set on object 'Object Repository/CERTPAY_QUICKSTI/Payment_Information_Page/EMAIL_ADDRESS'

2020-09-08 16:40:58 - [MESSAGE][PASSED] - Quicksti.ts:Entered'testing@zenq.com into EMAIL address

2020-09-08 16:40:58 - [TEST_STEP][PASSED] - utilities.SafeActions.safeClick(findTestObject("CERTPAY_QUICKSTI/Payment_Information_Page/NEXT_BUTTON"), "Next", [pageLoadTime]): Quicksti.ts:Clicked on the Next

2020-09-08 16:40:58 - [MESSAGE][INFO] - safeClicking

2020-09-08 16:40:58 - [MESSAGE][PASSED] - Object 'Object Repository/CERTPAY_QUICKSTI/Payment_Information_Page/NEXT_BUTTON' is present

2020-09-08 16:40:59 - [MESSAGE][PASSED] - Object 'Object Repository/CERTPAY_QUICKSTI/Payment_Information_Page/NEXT_BUTTON' is clickable

2020-09-08 16:41:02 - [MESSAGE][PASSED] - Object: 'Object Repository/CERTPAY_QUICKSTI/Payment_Information_Page/NEXT_BUTTON' is clicked on

2020-09-08 16:41:02 - [MESSAGE][PASSED] - Quicksti.ts:Clicked on the Next

2020-09-08 16:41:02 - [TEST_STEP][PASSED] - pages.Quicksti.verifyUserPaymentDetails(paymentAmount, firstName, lastName, CardNumber): pages.Quicksti.verifyUserPaymentDetails is PASSED

2020-09-08 16:41:03 - [MESSAGE][PASSED] - Text of object 'Object Repository/CERTPAY_QUICKSTI/Payment_Details_Verification_Page/AMOUNT' is: '$30.00'

2020-09-08 16:41:03 - [MESSAGE][PASSED] - Actual text '30.00' and expected text '30.00' are matched  using regular expression

2020-09-08 16:41:03 - [MESSAGE][PASSED] - Text of object 'Object Repository/CERTPAY_QUICKSTI/Payment_Details_Verification_Page/NAME' is: 'Tester Zenq1'

2020-09-08 16:41:03 - [MESSAGE][PASSED] - Actual text 'Tester Zenq1' and expected text 'Tester Zenq1' are matched  using regular expression

2020-09-08 16:41:04 - [MESSAGE][PASSED] - Text of object 'Object Repository/CERTPAY_QUICKSTI/Payment_Details_Verification_Page/CARD_NUMBER' is: '...0018'

2020-09-08 16:41:04 - [MESSAGE][PASSED] - Actual text '0018' and expected text '0018' are matched  using regular expression

2020-09-08 16:41:04 - [MESSAGE][PASSED] - pages.Quicksti.verifyUserPaymentDetails is PASSED

2020-09-08 16:41:04 - [TEST_STEP][PASSED] - delay(2): Delayed 2 second(s)

2020-09-08 16:41:06 - [MESSAGE][PASSED] - Delayed 2 second(s)

2020-09-08 16:41:06 - [TEST_STEP][PASSED] - scrollToElement(findTestObject("CERTPAY_QUICKSTI/Payment_Details_Verification_Page/PROCESS"), 0): Scroll to object 'Object Repository/CERTPAY_QUICKSTI/Payment_Details_Verification_Page/PROCESS' successfully

2020-09-08 16:41:06 - [MESSAGE][WARNING] - Timeout '0' is invalid. Using default page load timeout: '30'

2020-09-08 16:41:06 - [MESSAGE][PASSED] - Scroll to object 'Object Repository/CERTPAY_QUICKSTI/Payment_Details_Verification_Page/PROCESS' successfully

2020-09-08 16:41:06 - [TEST_STEP][PASSED] - utilities.SafeActions.safeClick(findTestObject("CERTPAY_QUICKSTI/Payment_Details_Verification_Page/PROCESS"), "Process", [pageLoadTime]): Quicksti.ts:Clicked on the Process

2020-09-08 16:41:06 - [MESSAGE][INFO] - safeClicking

2020-09-08 16:41:07 - [MESSAGE][PASSED] - Object 'Object Repository/CERTPAY_QUICKSTI/Payment_Details_Verification_Page/PROCESS' is present

2020-09-08 16:41:07 - [MESSAGE][PASSED] - Object 'Object Repository/CERTPAY_QUICKSTI/Payment_Details_Verification_Page/PROCESS' is clickable

2020-09-08 16:41:11 - [MESSAGE][PASSED] - Object: 'Object Repository/CERTPAY_QUICKSTI/Payment_Details_Verification_Page/PROCESS' is clicked on

2020-09-08 16:41:11 - [MESSAGE][PASSED] - Quicksti.ts:Clicked on the Process

2020-09-08 16:41:11 - [TEST_STEP][PASSED] - paymentId = pages.Quicksti.verifyPaymentApproval(findTestObject("CERTPAY_QUICKSTI/Payment_Details_Verification_Page/APPROVED")): Payment is approved

2020-09-08 16:41:12 - [MESSAGE][PASSED] - Text of object 'Object Repository/CERTPAY_QUICKSTI/Payment_Details_Verification_Page/PAYMENT_ID' is: '100176112323'

2020-09-08 16:41:12 - [MESSAGE][PASSED] - Object 'Object Repository/CERTPAY_QUICKSTI/Payment_Details_Verification_Page/APPROVED' is present

2020-09-08 16:41:12 - [MESSAGE][PASSED] - Payment is approved

2020-09-08 16:41:14 - [TEST_STEP][PASSED] - navigateToUrl(Admin_url): Navigate to 'https://qa-certpayadmin.faps.net' successfully

2020-09-08 16:41:19 - [MESSAGE][PASSED] - Navigate to 'https://qa-certpayadmin.faps.net' successfully

2020-09-08 16:41:19 - [TEST_STEP][PASSED] - pages.Bureau_Login_Page.loginToAdminSite(AdminUsername, AdminPassword): Quicksti.ts:Clicked on the LOGIN

2020-09-08 16:41:20 - [MESSAGE][PASSED] - Object 'Object Repository/CERTPAY_ADMIN/USER_NAME' is present

2020-09-08 16:41:20 - [MESSAGE][PASSED] - Object 'Object Repository/CERTPAY_ADMIN/USER_NAME' is visible

2020-09-08 16:41:20 - [MESSAGE][PASSED] - Object 'Object Repository/CERTPAY_ADMIN/USER_NAME' is present

2020-09-08 16:41:21 - [MESSAGE][PASSED] - Text 'VVangiliappan' is set on object 'Object Repository/CERTPAY_ADMIN/USER_NAME'

2020-09-08 16:41:21 - [MESSAGE][PASSED] - Quicksti.ts:Entered'VVangiliappan into username

2020-09-08 16:41:22 - [MESSAGE][PASSED] - Object 'Object Repository/CERTPAY_ADMIN/PASSWORD' is present

2020-09-08 16:41:22 - [MESSAGE][PASSED] - Object 'Object Repository/CERTPAY_ADMIN/PASSWORD' is visible

2020-09-08 16:41:22 - [MESSAGE][PASSED] - Object 'Object Repository/CERTPAY_ADMIN/PASSWORD' is present

2020-09-08 16:41:24 - [MESSAGE][PASSED] - Text 'Knila@12345' is set on object 'Object Repository/CERTPAY_ADMIN/PASSWORD'

2020-09-08 16:41:24 - [MESSAGE][PASSED] - Quicksti.ts:Entered'Knila@12345 into password

2020-09-08 16:41:24 - [MESSAGE][INFO] - safeClicking

2020-09-08 16:41:24 - [MESSAGE][PASSED] - Object 'Object Repository/CERTPAY_ADMIN/LOGIN_BUTTON' is present

2020-09-08 16:41:24 - [MESSAGE][PASSED] - Object 'Object Repository/CERTPAY_ADMIN/LOGIN_BUTTON' is clickable

2020-09-08 16:41:37 - [MESSAGE][PASSED] - Object: 'Object Repository/CERTPAY_ADMIN/LOGIN_BUTTON' is clicked on

2020-09-08 16:41:37 - [MESSAGE][PASSED] - Quicksti.ts:Clicked on the LOGIN

2020-09-08 16:41:37 - [TEST_STEP][PASSED] - utilities.SafeActions.safeClick(findTestObject("CERTPAY_ADMIN/TRANSACTION_SEARCH"), "TransactionSearch", [pageLoadTime]): Quicksti.ts:Clicked on the TransactionSearch

2020-09-08 16:41:37 - [MESSAGE][INFO] - safeClicking

2020-09-08 16:41:37 - [MESSAGE][PASSED] - Object 'Object Repository/CERTPAY_ADMIN/TRANSACTION_SEARCH' is present

2020-09-08 16:41:37 - [MESSAGE][PASSED] - Object 'Object Repository/CERTPAY_ADMIN/TRANSACTION_SEARCH' is clickable

2020-09-08 16:41:44 - [MESSAGE][PASSED] - Object: 'Object Repository/CERTPAY_ADMIN/TRANSACTION_SEARCH' is clicked on

2020-09-08 16:41:44 - [MESSAGE][PASSED] - Quicksti.ts:Clicked on the TransactionSearch

2020-09-08 16:41:44 - [TEST_STEP][PASSED] - utilities.SafeActions.safeType(findTestObject("CERTPAY_ADMIN/PAYMENT_ID"), paymentId, "Payment id", [pageLoadTime]): Quicksti.ts:Entered'100176112323 into Payment id

2020-09-08 16:41:45 - [MESSAGE][PASSED] - Object 'Object Repository/CERTPAY_ADMIN/PAYMENT_ID' is present

2020-09-08 16:41:45 - [MESSAGE][PASSED] - Object 'Object Repository/CERTPAY_ADMIN/PAYMENT_ID' is visible

2020-09-08 16:41:45 - [MESSAGE][PASSED] - Object 'Object Repository/CERTPAY_ADMIN/PAYMENT_ID' is present

2020-09-08 16:41:47 - [MESSAGE][PASSED] - Text '100176112323' is set on object 'Object Repository/CERTPAY_ADMIN/PAYMENT_ID'

2020-09-08 16:41:47 - [MESSAGE][PASSED] - Quicksti.ts:Entered'100176112323 into Payment id

2020-09-08 16:41:47 - [TEST_STEP][PASSED] - utilities.SafeActions.safeClick(findTestObject("CERTPAY_ADMIN/GO_BUTTON"), "Go button", [pageLoadTime]): Quicksti.ts:Clicked on the Go button

2020-09-08 16:41:47 - [MESSAGE][INFO] - safeClicking

2020-09-08 16:41:47 - [MESSAGE][PASSED] - Object 'Object Repository/CERTPAY_ADMIN/GO_BUTTON' is present

2020-09-08 16:41:47 - [MESSAGE][PASSED] - Object 'Object Repository/CERTPAY_ADMIN/GO_BUTTON' is clickable

2020-09-08 16:41:51 - [MESSAGE][PASSED] - Object: 'Object Repository/CERTPAY_ADMIN/GO_BUTTON' is clicked on

2020-09-08 16:41:51 - [MESSAGE][PASSED] - Quicksti.ts:Clicked on the Go button

2020-09-08 16:41:51 - [TEST_STEP][PASSED] - delay(5): Delayed 5 second(s)

2020-09-08 16:41:56 - [MESSAGE][PASSED] - Delayed 5 second(s)

2020-09-08 16:41:56 - [TEST_STEP][PASSED] - scrollToPosition(800, 900): Browser is scrolled to position x = 800, y = 900

2020-09-08 16:41:56 - [MESSAGE][PASSED] - Browser is scrolled to position x = 800, y = 900

2020-09-08 16:41:56 - [TEST_STEP][PASSED] - paymentIdList.add(paymentId): null

2020-09-08 16:41:56 - [TEST_STEP][PASSED] - println(paymentIdList): null

2020-09-08 16:41:56 - [TEST_STEP][PASSED] - firstName = data.getValue("FirstName", index): null

2020-09-08 16:41:56 - [TEST_STEP][PASSED] - lastName = data.getValue("LastName", index): null

2020-09-08 16:41:56 - [TEST_STEP][PASSED] - expMonth = data.getValue("ExpMonth", index): null

2020-09-08 16:41:56 - [TEST_STEP][PASSED] - expYear = data.getValue("ExpYear", index): null

2020-09-08 16:41:56 - [TEST_STEP][PASSED] - securityCode = data.getValue("SecurityCode", index): null

2020-09-08 16:41:56 - [TEST_STEP][PASSED] - paymentAmount = data.getValue("PaymentAmount", index): null

2020-09-08 16:41:56 - [TEST_STEP][PASSED] - paymentType = data.getValue("PaymentType", index): null

2020-09-08 16:41:56 - [TEST_STEP][PASSED] - quantity = data.getValue("Quantity", index): null

2020-09-08 16:41:56 - [TEST_STEP][PASSED] - comments = data.getValue("Comments", index): null

2020-09-08 16:41:56 - [TEST_STEP][PASSED] - referenceNum = data.getValue("ReferenceNum", index): null

2020-09-08 16:41:56 - [TEST_STEP][PASSED] - address = data.getValue("Address", index): null

2020-09-08 16:41:56 - [TEST_STEP][PASSED] - zipCode = data.getValue("Zipcode", index): null

2020-09-08 16:41:56 - [TEST_STEP][PASSED] - telephone = data.getValue("Telephone", index): null

2020-09-08 16:41:56 - [TEST_STEP][PASSED] - emailAddress = data.getValue("EmailAddress", index): null

2020-09-08 16:41:56 - [TEST_STEP][PASSED] - cardNum = data.getValue("CardNumber", index): null

2020-09-08 16:41:56 - [TEST_STEP][PASSED] - cardType = data.getValue("CardType", index): null

2020-09-08 16:41:56 - [TEST_STEP][PASSED] - utilities.SafeActions.openBrowser(Quicksti_Url, [pageLoadTime]): Browser launched successfully

2020-09-08 16:41:56 - [MESSAGE][INFO] - Opening Browser

2020-09-08 16:41:56 - [MESSAGE][WARNING] - A browser is already opened. Closing browser and opening a new one

2020-09-08 16:41:57 - [MESSAGE][INFO] - Starting 'Chrome' driver

2020-09-08 16:42:06 - [MESSAGE][PASSED] - Browser is opened with url: 'https://qa-certpayquicksti.faps.net/'

2020-09-08 16:42:08 - [MESSAGE][PASSED] - Current window maximized

2020-09-08 16:42:08 - [MESSAGE][PASSED] - Browser launched successfully

2020-09-08 16:42:08 - [TEST_STEP][PASSED] - utilities.SafeActions.safeCheck(findTestObject("CERTPAY_QUICKSTI/Login_ Page/MULTI_BUREAU_CHECKBOX"), "Multi Bureau", [pageLoadTime]): Quicksti.ts:Checkbox 'Multi Bureau'is selected

2020-09-08 16:42:08 - [MESSAGE][PASSED] - Object 'Object Repository/CERTPAY_QUICKSTI/Login_ Page/MULTI_BUREAU_CHECKBOX' is present

2020-09-08 16:42:09 - [MESSAGE][PASSED] - Object 'Object Repository/CERTPAY_QUICKSTI/Login_ Page/MULTI_BUREAU_CHECKBOX' is present

2020-09-08 16:42:11 - [MESSAGE][PASSED] - Object: 'Object Repository/CERTPAY_QUICKSTI/Login_ Page/MULTI_BUREAU_CHECKBOX' is clicked on

2020-09-08 16:42:11 - [MESSAGE][PASSED] - Quicksti.ts:Checkbox 'Multi Bureau'is selected

2020-09-08 16:42:11 - [TEST_STEP][PASSED] - utilities.SafeActions.safeType(findTestObject("CERTPAY_QUICKSTI/Login_ Page/TELLER_ID"), teller_id, "Bureau code", [pageLoadTime]): Quicksti.ts:Entered'zenq into Bureau code

2020-09-08 16:42:12 - [MESSAGE][PASSED] - Object 'Object Repository/CERTPAY_QUICKSTI/Login_ Page/TELLER_ID' is present

2020-09-08 16:42:12 - [MESSAGE][PASSED] - Object 'Object Repository/CERTPAY_QUICKSTI/Login_ Page/TELLER_ID' is visible

2020-09-08 16:42:13 - [MESSAGE][PASSED] - Object 'Object Repository/CERTPAY_QUICKSTI/Login_ Page/TELLER_ID' is present

2020-09-08 16:42:14 - [MESSAGE][PASSED] - Text 'zenq' is set on object 'Object Repository/CERTPAY_QUICKSTI/Login_ Page/TELLER_ID'

2020-09-08 16:42:14 - [MESSAGE][PASSED] - Quicksti.ts:Entered'zenq into Bureau code

2020-09-08 16:42:14 - [TEST_STEP][PASSED] - utilities.SafeActions.safeClick(findTestObject("CERTPAY_QUICKSTI/Login_ Page/NEXT_BUTTON"), "Next button", [pageLoadTime]): Quicksti.ts:Clicked on the Next button

2020-09-08 16:42:14 - [MESSAGE][INFO] - safeClicking

2020-09-08 16:42:14 - [MESSAGE][PASSED] - Object 'Object Repository/CERTPAY_QUICKSTI/Login_ Page/NEXT_BUTTON' is present

2020-09-08 16:42:15 - [MESSAGE][PASSED] - Object 'Object Repository/CERTPAY_QUICKSTI/Login_ Page/NEXT_BUTTON' is clickable

2020-09-08 16:42:20 - [MESSAGE][PASSED] - Object: 'Object Repository/CERTPAY_QUICKSTI/Login_ Page/NEXT_BUTTON' is clicked on

2020-09-08 16:42:20 - [MESSAGE][PASSED] - Quicksti.ts:Clicked on the Next button

2020-09-08 16:42:20 - [TEST_STEP][PASSED] - pages.Quicksti.setCommnets("0", "0", comments): Quicksti.ts:Entered'Testing into Comments

2020-09-08 16:42:20 - [MESSAGE][PASSED] - Object '' is present

2020-09-08 16:42:20 - [MESSAGE][PASSED] - Object '' is visible

2020-09-08 16:42:21 - [MESSAGE][PASSED] - Object '' is present

2020-09-08 16:42:22 - [MESSAGE][PASSED] - Text 'Testing' is set on object ''

2020-09-08 16:42:22 - [MESSAGE][PASSED] - Quicksti.ts:Entered'Testing into Comments

2020-09-08 16:42:22 - [TEST_STEP][PASSED] - utilities.SafeActions.safeType(findTestObject("CERTPAY_QUICKSTI/Payment_Information_Page/PAYMENT_AMOUNT"), paymentAmount, "Payment Amount", [pageLoadTime]): Quicksti.ts:Entered'35.00 into Payment Amount

2020-09-08 16:42:22 - [MESSAGE][PASSED] - Object 'Object Repository/CERTPAY_QUICKSTI/Payment_Information_Page/PAYMENT_AMOUNT' is present

2020-09-08 16:42:23 - [MESSAGE][PASSED] - Object 'Object Repository/CERTPAY_QUICKSTI/Payment_Information_Page/PAYMENT_AMOUNT' is visible

2020-09-08 16:42:23 - [MESSAGE][PASSED] - Object 'Object Repository/CERTPAY_QUICKSTI/Payment_Information_Page/PAYMENT_AMOUNT' is present

2020-09-08 16:42:24 - [MESSAGE][PASSED] - Text '35.00' is set on object 'Object Repository/CERTPAY_QUICKSTI/Payment_Information_Page/PAYMENT_AMOUNT'

2020-09-08 16:42:24 - [MESSAGE][PASSED] - Quicksti.ts:Entered'35.00 into Payment Amount

2020-09-08 16:42:24 - [TEST_STEP][PASSED] - pages.Quicksti.setAmountDetailsForMultiBureau("0", paymentType, "0", referenceNum, quantity): Quicksti.ts:Entered'1 into Quntity

2020-09-08 16:42:25 - [MESSAGE][PASSED] - Object '' is visible

2020-09-08 16:42:25 - [MESSAGE][PASSED] - Object '' is present

2020-09-08 16:42:26 - [MESSAGE][PASSED] - Object: '' is clicked on

2020-09-08 16:42:28 - [MESSAGE][PASSED] - All options with label 'Taxes' are selected in object ''  using regular expression

2020-09-08 16:42:28 - [MESSAGE][PASSED] - selected dropdown option by visible text  Taxesfrom Payment Type

2020-09-08 16:42:28 - [MESSAGE][PASSED] - Object '' is present

2020-09-08 16:42:28 - [MESSAGE][PASSED] - Object '' is visible

2020-09-08 16:42:29 - [MESSAGE][PASSED] - Object '' is present

2020-09-08 16:42:30 - [MESSAGE][PASSED] - Text '11' is set on object ''

2020-09-08 16:42:30 - [MESSAGE][PASSED] - Quicksti.ts:Entered'11 into RefrenceNumber

2020-09-08 16:42:30 - [MESSAGE][PASSED] - Object '' is present

2020-09-08 16:42:30 - [MESSAGE][PASSED] - Object '' is visible

2020-09-08 16:42:31 - [MESSAGE][PASSED] - Object '' is present

2020-09-08 16:42:32 - [MESSAGE][PASSED] - Text '1' is set on object ''

2020-09-08 16:42:32 - [MESSAGE][PASSED] - Quicksti.ts:Entered'1 into Quntity

2020-09-08 16:42:32 - [TEST_STEP][PASSED] - utilities.SafeActions.safeClick(findTestObject("CERTPAY_QUICKSTI/Payment_Information_Page/MANUAL_ENTRY_BUTTON"), "ManualEntry", [pageLoadTime]): Quicksti.ts:Clicked on the ManualEntry

2020-09-08 16:42:32 - [MESSAGE][INFO] - safeClicking

2020-09-08 16:42:32 - [MESSAGE][PASSED] - Object 'Object Repository/CERTPAY_QUICKSTI/Payment_Information_Page/MANUAL_ENTRY_BUTTON' is present

2020-09-08 16:42:33 - [MESSAGE][PASSED] - Object 'Object Repository/CERTPAY_QUICKSTI/Payment_Information_Page/MANUAL_ENTRY_BUTTON' is clickable

2020-09-08 16:42:37 - [MESSAGE][PASSED] - Object: 'Object Repository/CERTPAY_QUICKSTI/Payment_Information_Page/MANUAL_ENTRY_BUTTON' is clicked on

2020-09-08 16:42:37 - [MESSAGE][PASSED] - Quicksti.ts:Clicked on the ManualEntry

2020-09-08 16:42:37 - [TEST_STEP][PASSED] - amount_Value = pages.Quicksti.getAttributeValue(findTestObject("CERTPAY_QUICKSTI/Payment_Information_Page/SUB_TOTAL")): pages.Quicksti.getAttributeValue is PASSED

2020-09-08 16:42:37 - [MESSAGE][PASSED] - Attribute 'value' of object 'Object Repository/CERTPAY_QUICKSTI/Payment_Information_Page/SUB_TOTAL' is: '35.00'

2020-09-08 16:42:37 - [MESSAGE][PASSED] - pages.Quicksti.getAttributeValue is PASSED

2020-09-08 16:42:37 - [TEST_STEP][PASSED] - CardNumber = pages.Quicksti.setUserPaymentDetails(firstName, lastName, cardNum): Quicksti.ts:Entered'374245003731006 into CardNum

2020-09-08 16:42:38 - [MESSAGE][PASSED] - Object 'Object Repository/CERTPAY_QUICKSTI/Payment_Information_Page/FIRST_NAME' is present

2020-09-08 16:42:38 - [MESSAGE][PASSED] - Object 'Object Repository/CERTPAY_QUICKSTI/Payment_Information_Page/FIRST_NAME' is visible

2020-09-08 16:42:38 - [MESSAGE][PASSED] - Object 'Object Repository/CERTPAY_QUICKSTI/Payment_Information_Page/FIRST_NAME' is present

2020-09-08 16:42:40 - [MESSAGE][PASSED] - Text 'Tester' is set on object 'Object Repository/CERTPAY_QUICKSTI/Payment_Information_Page/FIRST_NAME'

2020-09-08 16:42:40 - [MESSAGE][PASSED] - Quicksti.ts:Entered'Tester into FirstName

2020-09-08 16:42:40 - [MESSAGE][PASSED] - Object 'Object Repository/CERTPAY_QUICKSTI/Payment_Information_Page/LAST_NAME' is present

2020-09-08 16:42:40 - [MESSAGE][PASSED] - Object 'Object Repository/CERTPAY_QUICKSTI/Payment_Information_Page/LAST_NAME' is visible

2020-09-08 16:42:41 - [MESSAGE][PASSED] - Object 'Object Repository/CERTPAY_QUICKSTI/Payment_Information_Page/LAST_NAME' is present

2020-09-08 16:42:42 - [MESSAGE][PASSED] - Text 'Zenq1' is set on object 'Object Repository/CERTPAY_QUICKSTI/Payment_Information_Page/LAST_NAME'

2020-09-08 16:42:42 - [MESSAGE][PASSED] - Quicksti.ts:Entered'Zenq1 into LAstName

2020-09-08 16:42:42 - [MESSAGE][PASSED] - Object 'Object Repository/CERTPAY_QUICKSTI/Payment_Information_Page/CARD_NUMBER' is present

2020-09-08 16:42:43 - [MESSAGE][PASSED] - Object 'Object Repository/CERTPAY_QUICKSTI/Payment_Information_Page/CARD_NUMBER' is visible

2020-09-08 16:42:43 - [MESSAGE][PASSED] - Object 'Object Repository/CERTPAY_QUICKSTI/Payment_Information_Page/CARD_NUMBER' is present

2020-09-08 16:42:44 - [MESSAGE][PASSED] - Text '374245003731006' is set on object 'Object Repository/CERTPAY_QUICKSTI/Payment_Information_Page/CARD_NUMBER'

2020-09-08 16:42:44 - [MESSAGE][PASSED] - Quicksti.ts:Entered'374245003731006 into CardNum

2020-09-08 16:42:44 - [TEST_STEP][PASSED] - pages.Quicksti.setExpDate(expMonth, expYear, securityCode): Quicksti.ts:Entered'111 into securityCode

2020-09-08 16:42:45 - [MESSAGE][PASSED] - Object 'Object Repository/CERTPAY_QUICKSTI/Payment_Information_Page/EXP_MONTH' is visible

2020-09-08 16:42:45 - [MESSAGE][PASSED] - Object 'Object Repository/CERTPAY_QUICKSTI/Payment_Information_Page/EXP_MONTH' is present

2020-09-08 16:42:46 - [MESSAGE][PASSED] - Object: 'Object Repository/CERTPAY_QUICKSTI/Payment_Information_Page/EXP_MONTH' is clicked on

2020-09-08 16:42:47 - [MESSAGE][PASSED] - All options with label '05' are selected in object 'Object Repository/CERTPAY_QUICKSTI/Payment_Information_Page/EXP_MONTH'  using regular expression

2020-09-08 16:42:47 - [MESSAGE][PASSED] - selected dropdown option by visible text  05from expMonth

2020-09-08 16:42:48 - [MESSAGE][PASSED] - Object 'Object Repository/CERTPAY_QUICKSTI/Payment_Information_Page/EXP_YEAR' is visible

2020-09-08 16:42:48 - [MESSAGE][PASSED] - Object 'Object Repository/CERTPAY_QUICKSTI/Payment_Information_Page/EXP_YEAR' is present

2020-09-08 16:42:49 - [MESSAGE][PASSED] - Object: 'Object Repository/CERTPAY_QUICKSTI/Payment_Information_Page/EXP_YEAR' is clicked on

2020-09-08 16:42:51 - [MESSAGE][PASSED] - All options with label '2022' are selected in object 'Object Repository/CERTPAY_QUICKSTI/Payment_Information_Page/EXP_YEAR'  using regular expression

2020-09-08 16:42:51 - [MESSAGE][PASSED] - selected dropdown option by visible text  2022from  expYear

2020-09-08 16:42:51 - [MESSAGE][PASSED] - Object 'Object Repository/CERTPAY_QUICKSTI/Payment_Information_Page/SECURITY_CODE' is present

2020-09-08 16:42:51 - [MESSAGE][PASSED] - Object 'Object Repository/CERTPAY_QUICKSTI/Payment_Information_Page/SECURITY_CODE' is visible

2020-09-08 16:42:52 - [MESSAGE][PASSED] - Object 'Object Repository/CERTPAY_QUICKSTI/Payment_Information_Page/SECURITY_CODE' is present

2020-09-08 16:42:53 - [MESSAGE][PASSED] - Text '111' is set on object 'Object Repository/CERTPAY_QUICKSTI/Payment_Information_Page/SECURITY_CODE'

2020-09-08 16:42:53 - [MESSAGE][PASSED] - Quicksti.ts:Entered'111 into securityCode

2020-09-08 16:42:53 - [TEST_STEP][PASSED] - utilities.SafeActions.safeType(findTestObject("CERTPAY_QUICKSTI/Payment_Information_Page/ADDRESS"), address, "Address", [pageLoadTime]): Quicksti.ts:Entered'14-2 into Address

2020-09-08 16:42:53 - [MESSAGE][PASSED] - Object 'Object Repository/CERTPAY_QUICKSTI/Payment_Information_Page/ADDRESS' is present

2020-09-08 16:42:54 - [MESSAGE][PASSED] - Object 'Object Repository/CERTPAY_QUICKSTI/Payment_Information_Page/ADDRESS' is visible

2020-09-08 16:42:54 - [MESSAGE][PASSED] - Object 'Object Repository/CERTPAY_QUICKSTI/Payment_Information_Page/ADDRESS' is present

2020-09-08 16:42:55 - [MESSAGE][PASSED] - Text '14-2' is set on object 'Object Repository/CERTPAY_QUICKSTI/Payment_Information_Page/ADDRESS'

2020-09-08 16:42:55 - [MESSAGE][PASSED] - Quicksti.ts:Entered'14-2 into Address

2020-09-08 16:42:55 - [TEST_STEP][PASSED] - utilities.SafeActions.safeType(findTestObject("CERTPAY_QUICKSTI/Payment_Information_Page/ZIP_CODE"), zipCode, "zipcode", [pageLoadTime]): Quicksti.ts:Entered'76102 into zipcode

2020-09-08 16:42:56 - [MESSAGE][PASSED] - Object 'Object Repository/CERTPAY_QUICKSTI/Payment_Information_Page/ZIP_CODE' is present

2020-09-08 16:42:56 - [MESSAGE][PASSED] - Object 'Object Repository/CERTPAY_QUICKSTI/Payment_Information_Page/ZIP_CODE' is visible

2020-09-08 16:42:56 - [MESSAGE][PASSED] - Object 'Object Repository/CERTPAY_QUICKSTI/Payment_Information_Page/ZIP_CODE' is present

2020-09-08 16:42:58 - [MESSAGE][PASSED] - Text '76102' is set on object 'Object Repository/CERTPAY_QUICKSTI/Payment_Information_Page/ZIP_CODE'

2020-09-08 16:42:58 - [MESSAGE][PASSED] - Quicksti.ts:Entered'76102 into zipcode

2020-09-08 16:42:58 - [TEST_STEP][PASSED] - utilities.SafeActions.safeType(findTestObject("CERTPAY_QUICKSTI/Payment_Information_Page/TELEPHONE"), telephone, "Telephone", [pageLoadTime]): Quicksti.ts:Entered'9989897654 into Telephone

2020-09-08 16:42:58 - [MESSAGE][PASSED] - Object 'Object Repository/CERTPAY_QUICKSTI/Payment_Information_Page/TELEPHONE' is present

2020-09-08 16:42:58 - [MESSAGE][PASSED] - Object 'Object Repository/CERTPAY_QUICKSTI/Payment_Information_Page/TELEPHONE' is visible

2020-09-08 16:42:59 - [MESSAGE][PASSED] - Object 'Object Repository/CERTPAY_QUICKSTI/Payment_Information_Page/TELEPHONE' is present

2020-09-08 16:43:00 - [MESSAGE][PASSED] - Text '9989897654' is set on object 'Object Repository/CERTPAY_QUICKSTI/Payment_Information_Page/TELEPHONE'

2020-09-08 16:43:00 - [MESSAGE][PASSED] - Quicksti.ts:Entered'9989897654 into Telephone

2020-09-08 16:43:00 - [TEST_STEP][PASSED] - utilities.SafeActions.safeType(findTestObject("CERTPAY_QUICKSTI/Payment_Information_Page/EMAIL_ADDRESS"), emailAddress, "EMAIL address", [pageLoadTime]): Quicksti.ts:Entered'testing@zenq.com into EMAIL address

2020-09-08 16:43:00 - [MESSAGE][PASSED] - Object 'Object Repository/CERTPAY_QUICKSTI/Payment_Information_Page/EMAIL_ADDRESS' is present

2020-09-08 16:43:01 - [MESSAGE][PASSED] - Object 'Object Repository/CERTPAY_QUICKSTI/Payment_Information_Page/EMAIL_ADDRESS' is visible

2020-09-08 16:43:01 - [MESSAGE][PASSED] - Object 'Object Repository/CERTPAY_QUICKSTI/Payment_Information_Page/EMAIL_ADDRESS' is present

2020-09-08 16:43:02 - [MESSAGE][PASSED] - Text 'testing@zenq.com' is set on object 'Object Repository/CERTPAY_QUICKSTI/Payment_Information_Page/EMAIL_ADDRESS'

2020-09-08 16:43:02 - [MESSAGE][PASSED] - Quicksti.ts:Entered'testing@zenq.com into EMAIL address

2020-09-08 16:43:02 - [TEST_STEP][PASSED] - utilities.SafeActions.safeClick(findTestObject("CERTPAY_QUICKSTI/Payment_Information_Page/NEXT_BUTTON"), "Next", [pageLoadTime]): Quicksti.ts:Clicked on the Next

2020-09-08 16:43:02 - [MESSAGE][INFO] - safeClicking

2020-09-08 16:43:02 - [MESSAGE][PASSED] - Object 'Object Repository/CERTPAY_QUICKSTI/Payment_Information_Page/NEXT_BUTTON' is present

2020-09-08 16:43:03 - [MESSAGE][PASSED] - Object 'Object Repository/CERTPAY_QUICKSTI/Payment_Information_Page/NEXT_BUTTON' is clickable

2020-09-08 16:43:06 - [MESSAGE][PASSED] - Object: 'Object Repository/CERTPAY_QUICKSTI/Payment_Information_Page/NEXT_BUTTON' is clicked on

2020-09-08 16:43:06 - [MESSAGE][PASSED] - Quicksti.ts:Clicked on the Next

2020-09-08 16:43:06 - [TEST_STEP][PASSED] - pages.Quicksti.verifyUserPaymentDetails(paymentAmount, firstName, lastName, CardNumber): pages.Quicksti.verifyUserPaymentDetails is PASSED

2020-09-08 16:43:07 - [MESSAGE][PASSED] - Text of object 'Object Repository/CERTPAY_QUICKSTI/Payment_Details_Verification_Page/AMOUNT' is: '$35.00'

2020-09-08 16:43:07 - [MESSAGE][PASSED] - Actual text '35.00' and expected text '35.00' are matched  using regular expression

2020-09-08 16:43:07 - [MESSAGE][PASSED] - Text of object 'Object Repository/CERTPAY_QUICKSTI/Payment_Details_Verification_Page/NAME' is: 'Tester Zenq1'

2020-09-08 16:43:07 - [MESSAGE][PASSED] - Actual text 'Tester Zenq1' and expected text 'Tester Zenq1' are matched  using regular expression

2020-09-08 16:43:08 - [MESSAGE][PASSED] - Text of object 'Object Repository/CERTPAY_QUICKSTI/Payment_Details_Verification_Page/CARD_NUMBER' is: '...1006'

2020-09-08 16:43:08 - [MESSAGE][PASSED] - Actual text '1006' and expected text '1006' are matched  using regular expression

2020-09-08 16:43:08 - [MESSAGE][PASSED] - pages.Quicksti.verifyUserPaymentDetails is PASSED

2020-09-08 16:43:08 - [TEST_STEP][PASSED] - delay(2): Delayed 2 second(s)

2020-09-08 16:43:10 - [MESSAGE][PASSED] - Delayed 2 second(s)

2020-09-08 16:43:10 - [TEST_STEP][PASSED] - scrollToElement(findTestObject("CERTPAY_QUICKSTI/Payment_Details_Verification_Page/PROCESS"), 0): Scroll to object 'Object Repository/CERTPAY_QUICKSTI/Payment_Details_Verification_Page/PROCESS' successfully

2020-09-08 16:43:10 - [MESSAGE][WARNING] - Timeout '0' is invalid. Using default page load timeout: '30'

2020-09-08 16:43:10 - [MESSAGE][PASSED] - Scroll to object 'Object Repository/CERTPAY_QUICKSTI/Payment_Details_Verification_Page/PROCESS' successfully

2020-09-08 16:43:10 - [TEST_STEP][PASSED] - utilities.SafeActions.safeClick(findTestObject("CERTPAY_QUICKSTI/Payment_Details_Verification_Page/PROCESS"), "Process", [pageLoadTime]): Quicksti.ts:Clicked on the Process

2020-09-08 16:43:10 - [MESSAGE][INFO] - safeClicking

2020-09-08 16:43:11 - [MESSAGE][PASSED] - Object 'Object Repository/CERTPAY_QUICKSTI/Payment_Details_Verification_Page/PROCESS' is present

2020-09-08 16:43:11 - [MESSAGE][PASSED] - Object 'Object Repository/CERTPAY_QUICKSTI/Payment_Details_Verification_Page/PROCESS' is clickable

2020-09-08 16:43:15 - [MESSAGE][PASSED] - Object: 'Object Repository/CERTPAY_QUICKSTI/Payment_Details_Verification_Page/PROCESS' is clicked on

2020-09-08 16:43:15 - [MESSAGE][PASSED] - Quicksti.ts:Clicked on the Process

2020-09-08 16:43:15 - [TEST_STEP][PASSED] - paymentId = pages.Quicksti.verifyPaymentApproval(findTestObject("CERTPAY_QUICKSTI/Payment_Details_Verification_Page/APPROVED")): Payment is approved

2020-09-08 16:43:16 - [MESSAGE][PASSED] - Text of object 'Object Repository/CERTPAY_QUICKSTI/Payment_Details_Verification_Page/PAYMENT_ID' is: '100176112327'

2020-09-08 16:43:16 - [MESSAGE][PASSED] - Object 'Object Repository/CERTPAY_QUICKSTI/Payment_Details_Verification_Page/APPROVED' is present

2020-09-08 16:43:16 - [MESSAGE][PASSED] - Payment is approved

2020-09-08 16:43:18 - [TEST_STEP][PASSED] - navigateToUrl(Admin_url): Navigate to 'https://qa-certpayadmin.faps.net' successfully

2020-09-08 16:43:23 - [MESSAGE][PASSED] - Navigate to 'https://qa-certpayadmin.faps.net' successfully

2020-09-08 16:43:23 - [TEST_STEP][PASSED] - pages.Bureau_Login_Page.loginToAdminSite(AdminUsername, AdminPassword): Quicksti.ts:Clicked on the LOGIN

2020-09-08 16:43:23 - [MESSAGE][PASSED] - Object 'Object Repository/CERTPAY_ADMIN/USER_NAME' is present

2020-09-08 16:43:24 - [MESSAGE][PASSED] - Object 'Object Repository/CERTPAY_ADMIN/USER_NAME' is visible

2020-09-08 16:43:24 - [MESSAGE][PASSED] - Object 'Object Repository/CERTPAY_ADMIN/USER_NAME' is present

2020-09-08 16:43:25 - [MESSAGE][PASSED] - Text 'VVangiliappan' is set on object 'Object Repository/CERTPAY_ADMIN/USER_NAME'

2020-09-08 16:43:25 - [MESSAGE][PASSED] - Quicksti.ts:Entered'VVangiliappan into username

2020-09-08 16:43:26 - [MESSAGE][PASSED] - Object 'Object Repository/CERTPAY_ADMIN/PASSWORD' is present

2020-09-08 16:43:26 - [MESSAGE][PASSED] - Object 'Object Repository/CERTPAY_ADMIN/PASSWORD' is visible

2020-09-08 16:43:26 - [MESSAGE][PASSED] - Object 'Object Repository/CERTPAY_ADMIN/PASSWORD' is present

2020-09-08 16:43:28 - [MESSAGE][PASSED] - Text 'Knila@12345' is set on object 'Object Repository/CERTPAY_ADMIN/PASSWORD'

2020-09-08 16:43:28 - [MESSAGE][PASSED] - Quicksti.ts:Entered'Knila@12345 into password

2020-09-08 16:43:28 - [MESSAGE][INFO] - safeClicking

2020-09-08 16:43:28 - [MESSAGE][PASSED] - Object 'Object Repository/CERTPAY_ADMIN/LOGIN_BUTTON' is present

2020-09-08 16:43:28 - [MESSAGE][PASSED] - Object 'Object Repository/CERTPAY_ADMIN/LOGIN_BUTTON' is clickable

2020-09-08 16:43:39 - [MESSAGE][PASSED] - Object: 'Object Repository/CERTPAY_ADMIN/LOGIN_BUTTON' is clicked on

2020-09-08 16:43:39 - [MESSAGE][PASSED] - Quicksti.ts:Clicked on the LOGIN

2020-09-08 16:43:39 - [TEST_STEP][PASSED] - utilities.SafeActions.safeClick(findTestObject("CERTPAY_ADMIN/TRANSACTION_SEARCH"), "TransactionSearch", [pageLoadTime]): Quicksti.ts:Clicked on the TransactionSearch

2020-09-08 16:43:39 - [MESSAGE][INFO] - safeClicking

2020-09-08 16:43:39 - [MESSAGE][PASSED] - Object 'Object Repository/CERTPAY_ADMIN/TRANSACTION_SEARCH' is present

2020-09-08 16:43:39 - [MESSAGE][PASSED] - Object 'Object Repository/CERTPAY_ADMIN/TRANSACTION_SEARCH' is clickable

2020-09-08 16:43:44 - [MESSAGE][PASSED] - Object: 'Object Repository/CERTPAY_ADMIN/TRANSACTION_SEARCH' is clicked on

2020-09-08 16:43:44 - [MESSAGE][PASSED] - Quicksti.ts:Clicked on the TransactionSearch

2020-09-08 16:43:44 - [TEST_STEP][PASSED] - utilities.SafeActions.safeType(findTestObject("CERTPAY_ADMIN/PAYMENT_ID"), paymentId, "Payment id", [pageLoadTime]): Quicksti.ts:Entered'100176112327 into Payment id

2020-09-08 16:43:45 - [MESSAGE][PASSED] - Object 'Object Repository/CERTPAY_ADMIN/PAYMENT_ID' is present

2020-09-08 16:43:45 - [MESSAGE][PASSED] - Object 'Object Repository/CERTPAY_ADMIN/PAYMENT_ID' is visible

2020-09-08 16:43:45 - [MESSAGE][PASSED] - Object 'Object Repository/CERTPAY_ADMIN/PAYMENT_ID' is present

2020-09-08 16:43:47 - [MESSAGE][PASSED] - Text '100176112327' is set on object 'Object Repository/CERTPAY_ADMIN/PAYMENT_ID'

2020-09-08 16:43:47 - [MESSAGE][PASSED] - Quicksti.ts:Entered'100176112327 into Payment id

2020-09-08 16:43:47 - [TEST_STEP][PASSED] - utilities.SafeActions.safeClick(findTestObject("CERTPAY_ADMIN/GO_BUTTON"), "Go button", [pageLoadTime]): Quicksti.ts:Clicked on the Go button

2020-09-08 16:43:47 - [MESSAGE][INFO] - safeClicking

2020-09-08 16:43:47 - [MESSAGE][PASSED] - Object 'Object Repository/CERTPAY_ADMIN/GO_BUTTON' is present

2020-09-08 16:43:47 - [MESSAGE][PASSED] - Object 'Object Repository/CERTPAY_ADMIN/GO_BUTTON' is clickable

2020-09-08 16:43:51 - [MESSAGE][PASSED] - Object: 'Object Repository/CERTPAY_ADMIN/GO_BUTTON' is clicked on

2020-09-08 16:43:51 - [MESSAGE][PASSED] - Quicksti.ts:Clicked on the Go button

2020-09-08 16:43:51 - [TEST_STEP][PASSED] - delay(5): Delayed 5 second(s)

2020-09-08 16:43:56 - [MESSAGE][PASSED] - Delayed 5 second(s)

2020-09-08 16:43:56 - [TEST_STEP][PASSED] - scrollToPosition(800, 900): Browser is scrolled to position x = 800, y = 900

2020-09-08 16:43:56 - [MESSAGE][PASSED] - Browser is scrolled to position x = 800, y = 900

2020-09-08 16:43:56 - [TEST_STEP][PASSED] - paymentIdList.add(paymentId): null

2020-09-08 16:43:56 - [TEST_STEP][PASSED] - println(paymentIdList): null

2020-09-08 16:43:56 - [TEST_STEP][PASSED] - return paymentIdList: null

2020-09-08 16:43:56 - [TEST_STEP][PASSED] - Start listener action : afterTestCase: Browser is closed

2020-09-08 16:43:56 - [TEST_STEP][PASSED] - closeBrowser(): Browser is closed

2020-09-08 16:43:57 - [MESSAGE][PASSED] - Browser is closed]]></system-out>
         <system-err><![CDATA[]]></system-err>
      </testcase>
      <testcase name="Test Cases/Certpay_Quicksti/TC_004_MultiBureauSite_MultiBureaus_SingleLinePayment" time="563.362" classname="Test Cases/Certpay_Quicksti/TC_004_MultiBureauSite_MultiBureaus_SingleLinePayment" status="PASSED">
         <system-out><![CDATA[2020-09-08 16:43:57 - [TEST_CASE][PASSED] - Test Cases/Certpay_Quicksti/TC_004_MultiBureauSite_MultiBureaus_SingleLinePayment: Test Cases/Certpay_Quicksti/TC_004_MultiBureauSite_MultiBureaus_SingleLinePayment

2020-09-08 16:43:57 - [TEST_STEP][PASSED] - Start listener action : beforeTestCase: null

2020-09-08 16:43:58 - [TEST_STEP][PASSED] - data = findTestData("Data Files/Certpay/MultiBureau_SingleLine"): null

2020-09-08 16:43:58 - [TEST_STEP][PASSED] - for (def index : (1..data.getRowNumbers())): Browser is scrolled to position x = 800, y = 900

2020-09-08 16:43:58 - [TEST_STEP][PASSED] - firstName = data.getValue("FirstName", index): null

2020-09-08 16:43:58 - [TEST_STEP][PASSED] - lastName = data.getValue("LastName", index): null

2020-09-08 16:43:58 - [TEST_STEP][PASSED] - expMonth = data.getValue("ExpMonth", index): null

2020-09-08 16:43:58 - [TEST_STEP][PASSED] - expYear = data.getValue("ExpYear", index): null

2020-09-08 16:43:58 - [TEST_STEP][PASSED] - securityCode = data.getValue("SecurityCode", index): null

2020-09-08 16:43:58 - [TEST_STEP][PASSED] - paymentAmount = data.getValue("PaymentAmount", index): null

2020-09-08 16:43:58 - [TEST_STEP][PASSED] - paymentType = data.getValue("PaymentType", index): null

2020-09-08 16:43:58 - [TEST_STEP][PASSED] - quantity = data.getValue("Quantity", index): null

2020-09-08 16:43:58 - [TEST_STEP][PASSED] - comments = data.getValue("Comments", index): null

2020-09-08 16:43:58 - [TEST_STEP][PASSED] - referenceNum = data.getValue("ReferenceNum", index): null

2020-09-08 16:43:58 - [TEST_STEP][PASSED] - address = data.getValue("Address", index): null

2020-09-08 16:43:58 - [TEST_STEP][PASSED] - zipCode = data.getValue("Zipcode", index): null

2020-09-08 16:43:58 - [TEST_STEP][PASSED] - telephone = data.getValue("Telephone", index): null

2020-09-08 16:43:58 - [TEST_STEP][PASSED] - emailAddress = data.getValue("EmailAddress", index): null

2020-09-08 16:43:58 - [TEST_STEP][PASSED] - cardNum = data.getValue("CardNumber", index): null

2020-09-08 16:43:58 - [TEST_STEP][PASSED] - cardType = data.getValue("CardType", index): null

2020-09-08 16:43:58 - [TEST_STEP][PASSED] - utilities.SafeActions.openBrowser(Quicksti_Url, [pageLoadTime]): Browser launched successfully

2020-09-08 16:43:58 - [MESSAGE][INFO] - Opening Browser

2020-09-08 16:43:58 - [MESSAGE][INFO] - Starting 'Chrome' driver

2020-09-08 16:44:06 - [MESSAGE][PASSED] - Browser is opened with url: 'https://qa-certpayquicksti.faps.net/'

2020-09-08 16:44:08 - [MESSAGE][PASSED] - Current window maximized

2020-09-08 16:44:08 - [MESSAGE][PASSED] - Browser launched successfully

2020-09-08 16:44:08 - [TEST_STEP][PASSED] - utilities.SafeActions.safeCheck(findTestObject("CERTPAY_QUICKSTI/Login_ Page/MULTI_BUREAU_CHECKBOX"), "Multi Bureau", [pageLoadTime]): Quicksti.ts:Checkbox 'Multi Bureau'is selected

2020-09-08 16:44:09 - [MESSAGE][PASSED] - Object 'Object Repository/CERTPAY_QUICKSTI/Login_ Page/MULTI_BUREAU_CHECKBOX' is present

2020-09-08 16:44:10 - [MESSAGE][PASSED] - Object 'Object Repository/CERTPAY_QUICKSTI/Login_ Page/MULTI_BUREAU_CHECKBOX' is present

2020-09-08 16:44:11 - [MESSAGE][PASSED] - Object: 'Object Repository/CERTPAY_QUICKSTI/Login_ Page/MULTI_BUREAU_CHECKBOX' is clicked on

2020-09-08 16:44:11 - [MESSAGE][PASSED] - Quicksti.ts:Checkbox 'Multi Bureau'is selected

2020-09-08 16:44:11 - [TEST_STEP][PASSED] - utilities.SafeActions.safeType(findTestObject("CERTPAY_QUICKSTI/Login_ Page/TELLER_ID"), teller_id, "Bureau code", [pageLoadTime]): Quicksti.ts:Entered'zenq into Bureau code

2020-09-08 16:44:12 - [MESSAGE][PASSED] - Object 'Object Repository/CERTPAY_QUICKSTI/Login_ Page/TELLER_ID' is present

2020-09-08 16:44:12 - [MESSAGE][PASSED] - Object 'Object Repository/CERTPAY_QUICKSTI/Login_ Page/TELLER_ID' is visible

2020-09-08 16:44:13 - [MESSAGE][PASSED] - Object 'Object Repository/CERTPAY_QUICKSTI/Login_ Page/TELLER_ID' is present

2020-09-08 16:44:14 - [MESSAGE][PASSED] - Text 'zenq' is set on object 'Object Repository/CERTPAY_QUICKSTI/Login_ Page/TELLER_ID'

2020-09-08 16:44:14 - [MESSAGE][PASSED] - Quicksti.ts:Entered'zenq into Bureau code

2020-09-08 16:44:14 - [TEST_STEP][PASSED] - utilities.SafeActions.safeClick(findTestObject("CERTPAY_QUICKSTI/Login_ Page/NEXT_BUTTON"), "Next button", [pageLoadTime]): Quicksti.ts:Clicked on the Next button

2020-09-08 16:44:14 - [MESSAGE][INFO] - safeClicking

2020-09-08 16:44:14 - [MESSAGE][PASSED] - Object 'Object Repository/CERTPAY_QUICKSTI/Login_ Page/NEXT_BUTTON' is present

2020-09-08 16:44:15 - [MESSAGE][PASSED] - Object 'Object Repository/CERTPAY_QUICKSTI/Login_ Page/NEXT_BUTTON' is clickable

2020-09-08 16:44:21 - [MESSAGE][PASSED] - Object: 'Object Repository/CERTPAY_QUICKSTI/Login_ Page/NEXT_BUTTON' is clicked on

2020-09-08 16:44:21 - [MESSAGE][PASSED] - Quicksti.ts:Clicked on the Next button

2020-09-08 16:44:21 - [TEST_STEP][PASSED] - pages.Quicksti.setCommnets("0", "0", comments): Quicksti.ts:Entered'Testing into Comments

2020-09-08 16:44:21 - [MESSAGE][PASSED] - Object '' is present

2020-09-08 16:44:21 - [MESSAGE][PASSED] - Object '' is visible

2020-09-08 16:44:22 - [MESSAGE][PASSED] - Object '' is present

2020-09-08 16:44:23 - [MESSAGE][PASSED] - Text 'Testing' is set on object ''

2020-09-08 16:44:23 - [MESSAGE][PASSED] - Quicksti.ts:Entered'Testing into Comments

2020-09-08 16:44:23 - [TEST_STEP][PASSED] - utilities.SafeActions.safeType(findTestObject("CERTPAY_QUICKSTI/Payment_Information_Page/PAYMENT_AMOUNT"), paymentAmount, "Payment Amount", [pageLoadTime]): Quicksti.ts:Entered'20.00 into Payment Amount

2020-09-08 16:44:23 - [MESSAGE][PASSED] - Object 'Object Repository/CERTPAY_QUICKSTI/Payment_Information_Page/PAYMENT_AMOUNT' is present

2020-09-08 16:44:24 - [MESSAGE][PASSED] - Object 'Object Repository/CERTPAY_QUICKSTI/Payment_Information_Page/PAYMENT_AMOUNT' is visible

2020-09-08 16:44:24 - [MESSAGE][PASSED] - Object 'Object Repository/CERTPAY_QUICKSTI/Payment_Information_Page/PAYMENT_AMOUNT' is present

2020-09-08 16:44:25 - [MESSAGE][PASSED] - Text '20.00' is set on object 'Object Repository/CERTPAY_QUICKSTI/Payment_Information_Page/PAYMENT_AMOUNT'

2020-09-08 16:44:25 - [MESSAGE][PASSED] - Quicksti.ts:Entered'20.00 into Payment Amount

2020-09-08 16:44:25 - [TEST_STEP][PASSED] - pages.Quicksti.setAmountDetailsForMultiBureau("0", paymentType, "0", referenceNum, quantity): Quicksti.ts:Entered'1 into Quntity

2020-09-08 16:44:26 - [MESSAGE][PASSED] - Object '' is visible

2020-09-08 16:44:26 - [MESSAGE][PASSED] - Object '' is present

2020-09-08 16:44:28 - [MESSAGE][PASSED] - Object: '' is clicked on

2020-09-08 16:44:29 - [MESSAGE][PASSED] - All options with label 'Taxes' are selected in object ''  using regular expression

2020-09-08 16:44:29 - [MESSAGE][PASSED] - selected dropdown option by visible text  Taxesfrom Payment Type

2020-09-08 16:44:29 - [MESSAGE][PASSED] - Object '' is present

2020-09-08 16:44:30 - [MESSAGE][PASSED] - Object '' is visible

2020-09-08 16:44:30 - [MESSAGE][PASSED] - Object '' is present

2020-09-08 16:44:31 - [MESSAGE][PASSED] - Text '11' is set on object ''

2020-09-08 16:44:31 - [MESSAGE][PASSED] - Quicksti.ts:Entered'11 into RefrenceNumber

2020-09-08 16:44:31 - [MESSAGE][PASSED] - Object '' is present

2020-09-08 16:44:32 - [MESSAGE][PASSED] - Object '' is visible

2020-09-08 16:44:32 - [MESSAGE][PASSED] - Object '' is present

2020-09-08 16:44:33 - [MESSAGE][PASSED] - Text '1' is set on object ''

2020-09-08 16:44:33 - [MESSAGE][PASSED] - Quicksti.ts:Entered'1 into Quntity

2020-09-08 16:44:33 - [TEST_STEP][PASSED] - utilities.SafeActions.safeType(findTestObject("CERTPAY_QUICKSTI/Payment_Information_Page/MULTIBUREAU_PAYMENT_AMOUNT"), paymentAmount, "Payment Amount", [pageLoadTime]): Quicksti.ts:Entered'20.00 into Payment Amount

2020-09-08 16:44:34 - [MESSAGE][PASSED] - Object 'Object Repository/CERTPAY_QUICKSTI/Payment_Information_Page/MULTIBUREAU_PAYMENT_AMOUNT' is present

2020-09-08 16:44:34 - [MESSAGE][PASSED] - Object 'Object Repository/CERTPAY_QUICKSTI/Payment_Information_Page/MULTIBUREAU_PAYMENT_AMOUNT' is visible

2020-09-08 16:44:34 - [MESSAGE][PASSED] - Object 'Object Repository/CERTPAY_QUICKSTI/Payment_Information_Page/MULTIBUREAU_PAYMENT_AMOUNT' is present

2020-09-08 16:44:36 - [MESSAGE][PASSED] - Text '20.00' is set on object 'Object Repository/CERTPAY_QUICKSTI/Payment_Information_Page/MULTIBUREAU_PAYMENT_AMOUNT'

2020-09-08 16:44:36 - [MESSAGE][PASSED] - Quicksti.ts:Entered'20.00 into Payment Amount

2020-09-08 16:44:36 - [TEST_STEP][PASSED] - pages.Quicksti.setAmountDetailsForMultiBureau("0", "Registration Fees", "1", referenceNum, quantity): Quicksti.ts:Entered'1 into Quntity

2020-09-08 16:44:36 - [MESSAGE][PASSED] - Object '' is visible

2020-09-08 16:44:37 - [MESSAGE][PASSED] - Object '' is present

2020-09-08 16:44:38 - [MESSAGE][PASSED] - Object: '' is clicked on

2020-09-08 16:44:39 - [MESSAGE][PASSED] - All options with label 'Registration Fees' are selected in object ''  using regular expression

2020-09-08 16:44:39 - [MESSAGE][PASSED] - selected dropdown option by visible text  Registration Feesfrom Payment Type

2020-09-08 16:44:39 - [MESSAGE][PASSED] - Object '' is present

2020-09-08 16:44:39 - [MESSAGE][PASSED] - Object '' is visible

2020-09-08 16:44:40 - [MESSAGE][PASSED] - Object '' is present

2020-09-08 16:44:41 - [MESSAGE][PASSED] - Text '11' is set on object ''

2020-09-08 16:44:41 - [MESSAGE][PASSED] - Quicksti.ts:Entered'11 into RefrenceNumber

2020-09-08 16:44:41 - [MESSAGE][PASSED] - Object '' is present

2020-09-08 16:44:42 - [MESSAGE][PASSED] - Object '' is visible

2020-09-08 16:44:42 - [MESSAGE][PASSED] - Object '' is present

2020-09-08 16:44:43 - [MESSAGE][PASSED] - Text '1' is set on object ''

2020-09-08 16:44:43 - [MESSAGE][PASSED] - Quicksti.ts:Entered'1 into Quntity

2020-09-08 16:44:43 - [TEST_STEP][PASSED] - utilities.SafeActions.safeType(findTestObject("CERTPAY_QUICKSTI/Payment_Information_Page/MULTIBUREAU_PAY_AMOUNT2"), paymentAmount, "Payment Amount", [pageLoadTime]): Quicksti.ts:Entered'20.00 into Payment Amount

2020-09-08 16:44:44 - [MESSAGE][PASSED] - Object 'Object Repository/CERTPAY_QUICKSTI/Payment_Information_Page/MULTIBUREAU_PAY_AMOUNT2' is present

2020-09-08 16:44:44 - [MESSAGE][PASSED] - Object 'Object Repository/CERTPAY_QUICKSTI/Payment_Information_Page/MULTIBUREAU_PAY_AMOUNT2' is visible

2020-09-08 16:44:44 - [MESSAGE][PASSED] - Object 'Object Repository/CERTPAY_QUICKSTI/Payment_Information_Page/MULTIBUREAU_PAY_AMOUNT2' is present

2020-09-08 16:44:45 - [MESSAGE][PASSED] - Text '20.00' is set on object 'Object Repository/CERTPAY_QUICKSTI/Payment_Information_Page/MULTIBUREAU_PAY_AMOUNT2'

2020-09-08 16:44:45 - [MESSAGE][PASSED] - Quicksti.ts:Entered'20.00 into Payment Amount

2020-09-08 16:44:45 - [TEST_STEP][PASSED] - pages.Quicksti.setCommnets("2", "0", "Tester"): Quicksti.ts:Entered'Tester into Comments

2020-09-08 16:44:46 - [MESSAGE][PASSED] - Object '' is present

2020-09-08 16:44:46 - [MESSAGE][PASSED] - Object '' is visible

2020-09-08 16:44:47 - [MESSAGE][PASSED] - Object '' is present

2020-09-08 16:44:48 - [MESSAGE][PASSED] - Text 'Tester' is set on object ''

2020-09-08 16:44:48 - [MESSAGE][PASSED] - Quicksti.ts:Entered'Tester into Comments

2020-09-08 16:44:48 - [TEST_STEP][PASSED] - pages.Quicksti.setAmountDetailsForMultiBureau("0", "Vehicles", "2", referenceNum, quantity): Quicksti.ts:Entered'1 into Quntity

2020-09-08 16:44:48 - [MESSAGE][PASSED] - Object '' is visible

2020-09-08 16:44:49 - [MESSAGE][PASSED] - Object '' is present

2020-09-08 16:44:50 - [MESSAGE][PASSED] - Object: '' is clicked on

2020-09-08 16:44:51 - [MESSAGE][PASSED] - All options with label 'Vehicles' are selected in object ''  using regular expression

2020-09-08 16:44:51 - [MESSAGE][PASSED] - selected dropdown option by visible text  Vehiclesfrom Payment Type

2020-09-08 16:44:51 - [MESSAGE][PASSED] - Object '' is present

2020-09-08 16:44:52 - [MESSAGE][PASSED] - Object '' is visible

2020-09-08 16:44:52 - [MESSAGE][PASSED] - Object '' is present

2020-09-08 16:44:53 - [MESSAGE][PASSED] - Text '11' is set on object ''

2020-09-08 16:44:53 - [MESSAGE][PASSED] - Quicksti.ts:Entered'11 into RefrenceNumber

2020-09-08 16:44:54 - [MESSAGE][PASSED] - Object '' is present

2020-09-08 16:44:54 - [MESSAGE][PASSED] - Object '' is visible

2020-09-08 16:44:54 - [MESSAGE][PASSED] - Object '' is present

2020-09-08 16:44:56 - [MESSAGE][PASSED] - Text '1' is set on object ''

2020-09-08 16:44:56 - [MESSAGE][PASSED] - Quicksti.ts:Entered'1 into Quntity

2020-09-08 16:44:56 - [TEST_STEP][PASSED] - utilities.SafeActions.safeClick(findTestObject("CERTPAY_QUICKSTI/Payment_Information_Page/MANUAL_ENTRY_BUTTON"), "ManualEntry", [pageLoadTime]): Quicksti.ts:Clicked on the ManualEntry

2020-09-08 16:44:56 - [MESSAGE][INFO] - safeClicking

2020-09-08 16:44:56 - [MESSAGE][PASSED] - Object 'Object Repository/CERTPAY_QUICKSTI/Payment_Information_Page/MANUAL_ENTRY_BUTTON' is present

2020-09-08 16:44:56 - [MESSAGE][PASSED] - Object 'Object Repository/CERTPAY_QUICKSTI/Payment_Information_Page/MANUAL_ENTRY_BUTTON' is clickable

2020-09-08 16:45:00 - [MESSAGE][PASSED] - Object: 'Object Repository/CERTPAY_QUICKSTI/Payment_Information_Page/MANUAL_ENTRY_BUTTON' is clicked on

2020-09-08 16:45:00 - [MESSAGE][PASSED] - Quicksti.ts:Clicked on the ManualEntry

2020-09-08 16:45:00 - [TEST_STEP][PASSED] - amount_Value = pages.Quicksti.getAttributeValue(findTestObject("CERTPAY_QUICKSTI/Payment_Information_Page/SUB_TOTAL")): pages.Quicksti.getAttributeValue is PASSED

2020-09-08 16:45:01 - [MESSAGE][PASSED] - Attribute 'value' of object 'Object Repository/CERTPAY_QUICKSTI/Payment_Information_Page/SUB_TOTAL' is: '20.00'

2020-09-08 16:45:01 - [MESSAGE][PASSED] - pages.Quicksti.getAttributeValue is PASSED

2020-09-08 16:45:01 - [TEST_STEP][PASSED] - CardNumber = pages.Quicksti.setUserPaymentDetails(firstName, lastName, cardNum): Quicksti.ts:Entered'4761739001010135 into CardNum

2020-09-08 16:45:01 - [MESSAGE][PASSED] - Object 'Object Repository/CERTPAY_QUICKSTI/Payment_Information_Page/FIRST_NAME' is present

2020-09-08 16:45:01 - [MESSAGE][PASSED] - Object 'Object Repository/CERTPAY_QUICKSTI/Payment_Information_Page/FIRST_NAME' is visible

2020-09-08 16:45:02 - [MESSAGE][PASSED] - Object 'Object Repository/CERTPAY_QUICKSTI/Payment_Information_Page/FIRST_NAME' is present

2020-09-08 16:45:03 - [MESSAGE][PASSED] - Text 'Tester' is set on object 'Object Repository/CERTPAY_QUICKSTI/Payment_Information_Page/FIRST_NAME'

2020-09-08 16:45:03 - [MESSAGE][PASSED] - Quicksti.ts:Entered'Tester into FirstName

2020-09-08 16:45:03 - [MESSAGE][PASSED] - Object 'Object Repository/CERTPAY_QUICKSTI/Payment_Information_Page/LAST_NAME' is present

2020-09-08 16:45:04 - [MESSAGE][PASSED] - Object 'Object Repository/CERTPAY_QUICKSTI/Payment_Information_Page/LAST_NAME' is visible

2020-09-08 16:45:04 - [MESSAGE][PASSED] - Object 'Object Repository/CERTPAY_QUICKSTI/Payment_Information_Page/LAST_NAME' is present

2020-09-08 16:45:05 - [MESSAGE][PASSED] - Text 'Zenq1' is set on object 'Object Repository/CERTPAY_QUICKSTI/Payment_Information_Page/LAST_NAME'

2020-09-08 16:45:05 - [MESSAGE][PASSED] - Quicksti.ts:Entered'Zenq1 into LAstName

2020-09-08 16:45:06 - [MESSAGE][PASSED] - Object 'Object Repository/CERTPAY_QUICKSTI/Payment_Information_Page/CARD_NUMBER' is present

2020-09-08 16:45:06 - [MESSAGE][PASSED] - Object 'Object Repository/CERTPAY_QUICKSTI/Payment_Information_Page/CARD_NUMBER' is visible

2020-09-08 16:45:06 - [MESSAGE][PASSED] - Object 'Object Repository/CERTPAY_QUICKSTI/Payment_Information_Page/CARD_NUMBER' is present

2020-09-08 16:45:07 - [MESSAGE][PASSED] - Text '4761739001010135' is set on object 'Object Repository/CERTPAY_QUICKSTI/Payment_Information_Page/CARD_NUMBER'

2020-09-08 16:45:07 - [MESSAGE][PASSED] - Quicksti.ts:Entered'4761739001010135 into CardNum

2020-09-08 16:45:07 - [TEST_STEP][PASSED] - pages.Quicksti.setExpDate(expMonth, expYear, securityCode): Quicksti.ts:Entered'207 into securityCode

2020-09-08 16:45:08 - [MESSAGE][PASSED] - Object 'Object Repository/CERTPAY_QUICKSTI/Payment_Information_Page/EXP_MONTH' is visible

2020-09-08 16:45:08 - [MESSAGE][PASSED] - Object 'Object Repository/CERTPAY_QUICKSTI/Payment_Information_Page/EXP_MONTH' is present

2020-09-08 16:45:09 - [MESSAGE][PASSED] - Object: 'Object Repository/CERTPAY_QUICKSTI/Payment_Information_Page/EXP_MONTH' is clicked on

2020-09-08 16:45:11 - [MESSAGE][PASSED] - All options with label '03' are selected in object 'Object Repository/CERTPAY_QUICKSTI/Payment_Information_Page/EXP_MONTH'  using regular expression

2020-09-08 16:45:11 - [MESSAGE][PASSED] - selected dropdown option by visible text  03from expMonth

2020-09-08 16:45:11 - [MESSAGE][PASSED] - Object 'Object Repository/CERTPAY_QUICKSTI/Payment_Information_Page/EXP_YEAR' is visible

2020-09-08 16:45:11 - [MESSAGE][PASSED] - Object 'Object Repository/CERTPAY_QUICKSTI/Payment_Information_Page/EXP_YEAR' is present

2020-09-08 16:45:13 - [MESSAGE][PASSED] - Object: 'Object Repository/CERTPAY_QUICKSTI/Payment_Information_Page/EXP_YEAR' is clicked on

2020-09-08 16:45:14 - [MESSAGE][PASSED] - All options with label '2022' are selected in object 'Object Repository/CERTPAY_QUICKSTI/Payment_Information_Page/EXP_YEAR'  using regular expression

2020-09-08 16:45:14 - [MESSAGE][PASSED] - selected dropdown option by visible text  2022from  expYear

2020-09-08 16:45:14 - [MESSAGE][PASSED] - Object 'Object Repository/CERTPAY_QUICKSTI/Payment_Information_Page/SECURITY_CODE' is present

2020-09-08 16:45:15 - [MESSAGE][PASSED] - Object 'Object Repository/CERTPAY_QUICKSTI/Payment_Information_Page/SECURITY_CODE' is visible

2020-09-08 16:45:15 - [MESSAGE][PASSED] - Object 'Object Repository/CERTPAY_QUICKSTI/Payment_Information_Page/SECURITY_CODE' is present

2020-09-08 16:45:16 - [MESSAGE][PASSED] - Text '207' is set on object 'Object Repository/CERTPAY_QUICKSTI/Payment_Information_Page/SECURITY_CODE'

2020-09-08 16:45:16 - [MESSAGE][PASSED] - Quicksti.ts:Entered'207 into securityCode

2020-09-08 16:45:16 - [TEST_STEP][PASSED] - utilities.SafeActions.safeType(findTestObject("CERTPAY_QUICKSTI/Payment_Information_Page/ADDRESS"), address, "Address", [pageLoadTime]): Quicksti.ts:Entered'14-2 into Address

2020-09-08 16:45:17 - [MESSAGE][PASSED] - Object 'Object Repository/CERTPAY_QUICKSTI/Payment_Information_Page/ADDRESS' is present

2020-09-08 16:45:17 - [MESSAGE][PASSED] - Object 'Object Repository/CERTPAY_QUICKSTI/Payment_Information_Page/ADDRESS' is visible

2020-09-08 16:45:17 - [MESSAGE][PASSED] - Object 'Object Repository/CERTPAY_QUICKSTI/Payment_Information_Page/ADDRESS' is present

2020-09-08 16:45:19 - [MESSAGE][PASSED] - Text '14-2' is set on object 'Object Repository/CERTPAY_QUICKSTI/Payment_Information_Page/ADDRESS'

2020-09-08 16:45:19 - [MESSAGE][PASSED] - Quicksti.ts:Entered'14-2 into Address

2020-09-08 16:45:19 - [TEST_STEP][PASSED] - utilities.SafeActions.safeType(findTestObject("CERTPAY_QUICKSTI/Payment_Information_Page/ZIP_CODE"), zipCode, "zipcode", [pageLoadTime]): Quicksti.ts:Entered'76102 into zipcode

2020-09-08 16:45:19 - [MESSAGE][PASSED] - Object 'Object Repository/CERTPAY_QUICKSTI/Payment_Information_Page/ZIP_CODE' is present

2020-09-08 16:45:19 - [MESSAGE][PASSED] - Object 'Object Repository/CERTPAY_QUICKSTI/Payment_Information_Page/ZIP_CODE' is visible

2020-09-08 16:45:20 - [MESSAGE][PASSED] - Object 'Object Repository/CERTPAY_QUICKSTI/Payment_Information_Page/ZIP_CODE' is present

2020-09-08 16:45:21 - [MESSAGE][PASSED] - Text '76102' is set on object 'Object Repository/CERTPAY_QUICKSTI/Payment_Information_Page/ZIP_CODE'

2020-09-08 16:45:21 - [MESSAGE][PASSED] - Quicksti.ts:Entered'76102 into zipcode

2020-09-08 16:45:21 - [TEST_STEP][PASSED] - utilities.SafeActions.safeType(findTestObject("CERTPAY_QUICKSTI/Payment_Information_Page/TELEPHONE"), telephone, "Telephone", [pageLoadTime]): Quicksti.ts:Entered'9988776655 into Telephone

2020-09-08 16:45:21 - [MESSAGE][PASSED] - Object 'Object Repository/CERTPAY_QUICKSTI/Payment_Information_Page/TELEPHONE' is present

2020-09-08 16:45:22 - [MESSAGE][PASSED] - Object 'Object Repository/CERTPAY_QUICKSTI/Payment_Information_Page/TELEPHONE' is visible

2020-09-08 16:45:22 - [MESSAGE][PASSED] - Object 'Object Repository/CERTPAY_QUICKSTI/Payment_Information_Page/TELEPHONE' is present

2020-09-08 16:45:23 - [MESSAGE][PASSED] - Text '9988776655' is set on object 'Object Repository/CERTPAY_QUICKSTI/Payment_Information_Page/TELEPHONE'

2020-09-08 16:45:23 - [MESSAGE][PASSED] - Quicksti.ts:Entered'9988776655 into Telephone

2020-09-08 16:45:23 - [TEST_STEP][PASSED] - utilities.SafeActions.safeType(findTestObject("CERTPAY_QUICKSTI/Payment_Information_Page/EMAIL_ADDRESS"), emailAddress, "EMAIL address", [pageLoadTime]): Quicksti.ts:Entered'testing@zenq.com into EMAIL address

2020-09-08 16:45:24 - [MESSAGE][PASSED] - Object 'Object Repository/CERTPAY_QUICKSTI/Payment_Information_Page/EMAIL_ADDRESS' is present

2020-09-08 16:45:24 - [MESSAGE][PASSED] - Object 'Object Repository/CERTPAY_QUICKSTI/Payment_Information_Page/EMAIL_ADDRESS' is visible

2020-09-08 16:45:24 - [MESSAGE][PASSED] - Object 'Object Repository/CERTPAY_QUICKSTI/Payment_Information_Page/EMAIL_ADDRESS' is present

2020-09-08 16:45:26 - [MESSAGE][PASSED] - Text 'testing@zenq.com' is set on object 'Object Repository/CERTPAY_QUICKSTI/Payment_Information_Page/EMAIL_ADDRESS'

2020-09-08 16:45:26 - [MESSAGE][PASSED] - Quicksti.ts:Entered'testing@zenq.com into EMAIL address

2020-09-08 16:45:26 - [TEST_STEP][PASSED] - utilities.SafeActions.safeClick(findTestObject("CERTPAY_QUICKSTI/Payment_Information_Page/NEXT_BUTTON"), "Next", [pageLoadTime]): Quicksti.ts:Clicked on the Next

2020-09-08 16:45:26 - [MESSAGE][INFO] - safeClicking

2020-09-08 16:45:26 - [MESSAGE][PASSED] - Object 'Object Repository/CERTPAY_QUICKSTI/Payment_Information_Page/NEXT_BUTTON' is present

2020-09-08 16:45:26 - [MESSAGE][PASSED] - Object 'Object Repository/CERTPAY_QUICKSTI/Payment_Information_Page/NEXT_BUTTON' is clickable

2020-09-08 16:45:30 - [MESSAGE][PASSED] - Object: 'Object Repository/CERTPAY_QUICKSTI/Payment_Information_Page/NEXT_BUTTON' is clicked on

2020-09-08 16:45:30 - [MESSAGE][PASSED] - Quicksti.ts:Clicked on the Next

2020-09-08 16:45:30 - [TEST_STEP][PASSED] - pages.Quicksti.verifyUserPaymentDetails(paymentAmount, firstName, lastName, CardNumber): pages.Quicksti.verifyUserPaymentDetails is PASSED

2020-09-08 16:45:31 - [MESSAGE][PASSED] - Text of object 'Object Repository/CERTPAY_QUICKSTI/Payment_Details_Verification_Page/AMOUNT' is: '$20.00'

2020-09-08 16:45:31 - [MESSAGE][PASSED] - Actual text '20.00' and expected text '20.00' are matched  using regular expression

2020-09-08 16:45:31 - [MESSAGE][PASSED] - Text of object 'Object Repository/CERTPAY_QUICKSTI/Payment_Details_Verification_Page/NAME' is: 'Tester Zenq1'

2020-09-08 16:45:31 - [MESSAGE][PASSED] - Actual text 'Tester Zenq1' and expected text 'Tester Zenq1' are matched  using regular expression

2020-09-08 16:45:32 - [MESSAGE][PASSED] - Text of object 'Object Repository/CERTPAY_QUICKSTI/Payment_Details_Verification_Page/CARD_NUMBER' is: '...0135'

2020-09-08 16:45:32 - [MESSAGE][PASSED] - Actual text '0135' and expected text '0135' are matched  using regular expression

2020-09-08 16:45:32 - [MESSAGE][PASSED] - pages.Quicksti.verifyUserPaymentDetails is PASSED

2020-09-08 16:45:32 - [TEST_STEP][PASSED] - delay(2): Delayed 2 second(s)

2020-09-08 16:45:34 - [MESSAGE][PASSED] - Delayed 2 second(s)

2020-09-08 16:45:34 - [TEST_STEP][PASSED] - scrollToElement(findTestObject("CERTPAY_QUICKSTI/Payment_Details_Verification_Page/PROCESS"), 0): Scroll to object 'Object Repository/CERTPAY_QUICKSTI/Payment_Details_Verification_Page/PROCESS' successfully

2020-09-08 16:45:34 - [MESSAGE][WARNING] - Timeout '0' is invalid. Using default page load timeout: '30'

2020-09-08 16:45:34 - [MESSAGE][PASSED] - Scroll to object 'Object Repository/CERTPAY_QUICKSTI/Payment_Details_Verification_Page/PROCESS' successfully

2020-09-08 16:45:34 - [TEST_STEP][PASSED] - utilities.SafeActions.safeClick(findTestObject("CERTPAY_QUICKSTI/Payment_Details_Verification_Page/PROCESS"), "Process", [pageLoadTime]): Quicksti.ts:Clicked on the Process

2020-09-08 16:45:34 - [MESSAGE][INFO] - safeClicking

2020-09-08 16:45:35 - [MESSAGE][PASSED] - Object 'Object Repository/CERTPAY_QUICKSTI/Payment_Details_Verification_Page/PROCESS' is present

2020-09-08 16:45:35 - [MESSAGE][PASSED] - Object 'Object Repository/CERTPAY_QUICKSTI/Payment_Details_Verification_Page/PROCESS' is clickable

2020-09-08 16:45:40 - [MESSAGE][PASSED] - Object: 'Object Repository/CERTPAY_QUICKSTI/Payment_Details_Verification_Page/PROCESS' is clicked on

2020-09-08 16:45:40 - [MESSAGE][PASSED] - Quicksti.ts:Clicked on the Process

2020-09-08 16:45:40 - [TEST_STEP][PASSED] - PaymentId = pages.Quicksti.verifyPaymentApproval(findTestObject("CERTPAY_QUICKSTI/Payment_Details_Verification_Page/APPROVED")): Payment is approved

2020-09-08 16:45:41 - [MESSAGE][PASSED] - Text of object 'Object Repository/CERTPAY_QUICKSTI/Payment_Details_Verification_Page/PAYMENT_ID' is: '100176112331'

2020-09-08 16:45:41 - [MESSAGE][PASSED] - Object 'Object Repository/CERTPAY_QUICKSTI/Payment_Details_Verification_Page/APPROVED' is present

2020-09-08 16:45:41 - [MESSAGE][PASSED] - Payment is approved

2020-09-08 16:45:43 - [TEST_STEP][PASSED] - navigateToUrl(Admin_url): Navigate to 'https://qa-certpayadmin.faps.net' successfully

2020-09-08 16:45:48 - [MESSAGE][PASSED] - Navigate to 'https://qa-certpayadmin.faps.net' successfully

2020-09-08 16:45:48 - [TEST_STEP][PASSED] - pages.Bureau_Login_Page.loginToAdminSite(AdminUsername, AdminPassword): Quicksti.ts:Clicked on the LOGIN

2020-09-08 16:45:48 - [MESSAGE][PASSED] - Object 'Object Repository/CERTPAY_ADMIN/USER_NAME' is present

2020-09-08 16:45:48 - [MESSAGE][PASSED] - Object 'Object Repository/CERTPAY_ADMIN/USER_NAME' is visible

2020-09-08 16:45:49 - [MESSAGE][PASSED] - Object 'Object Repository/CERTPAY_ADMIN/USER_NAME' is present

2020-09-08 16:45:50 - [MESSAGE][PASSED] - Text 'VVangiliappan' is set on object 'Object Repository/CERTPAY_ADMIN/USER_NAME'

2020-09-08 16:45:50 - [MESSAGE][PASSED] - Quicksti.ts:Entered'VVangiliappan into username

2020-09-08 16:45:50 - [MESSAGE][PASSED] - Object 'Object Repository/CERTPAY_ADMIN/PASSWORD' is present

2020-09-08 16:45:51 - [MESSAGE][PASSED] - Object 'Object Repository/CERTPAY_ADMIN/PASSWORD' is visible

2020-09-08 16:45:51 - [MESSAGE][PASSED] - Object 'Object Repository/CERTPAY_ADMIN/PASSWORD' is present

2020-09-08 16:45:52 - [MESSAGE][PASSED] - Text 'Knila@12345' is set on object 'Object Repository/CERTPAY_ADMIN/PASSWORD'

2020-09-08 16:45:52 - [MESSAGE][PASSED] - Quicksti.ts:Entered'Knila@12345 into password

2020-09-08 16:45:52 - [MESSAGE][INFO] - safeClicking

2020-09-08 16:45:53 - [MESSAGE][PASSED] - Object 'Object Repository/CERTPAY_ADMIN/LOGIN_BUTTON' is present

2020-09-08 16:45:53 - [MESSAGE][PASSED] - Object 'Object Repository/CERTPAY_ADMIN/LOGIN_BUTTON' is clickable

2020-09-08 16:46:00 - [MESSAGE][PASSED] - Object: 'Object Repository/CERTPAY_ADMIN/LOGIN_BUTTON' is clicked on

2020-09-08 16:46:00 - [MESSAGE][PASSED] - Quicksti.ts:Clicked on the LOGIN

2020-09-08 16:46:00 - [TEST_STEP][PASSED] - utilities.SafeActions.safeClick(findTestObject("CERTPAY_ADMIN/TRANSACTION_SEARCH"), "TransactionSearch", [pageLoadTime]): Quicksti.ts:Clicked on the TransactionSearch

2020-09-08 16:46:00 - [MESSAGE][INFO] - safeClicking

2020-09-08 16:46:00 - [MESSAGE][PASSED] - Object 'Object Repository/CERTPAY_ADMIN/TRANSACTION_SEARCH' is present

2020-09-08 16:46:01 - [MESSAGE][PASSED] - Object 'Object Repository/CERTPAY_ADMIN/TRANSACTION_SEARCH' is clickable

2020-09-08 16:46:06 - [MESSAGE][PASSED] - Object: 'Object Repository/CERTPAY_ADMIN/TRANSACTION_SEARCH' is clicked on

2020-09-08 16:46:06 - [MESSAGE][PASSED] - Quicksti.ts:Clicked on the TransactionSearch

2020-09-08 16:46:06 - [TEST_STEP][PASSED] - utilities.SafeActions.safeType(findTestObject("CERTPAY_ADMIN/PAYMENT_ID"), PaymentId, "Payment id", [pageLoadTime]): Quicksti.ts:Entered'100176112331 into Payment id

2020-09-08 16:46:06 - [MESSAGE][PASSED] - Object 'Object Repository/CERTPAY_ADMIN/PAYMENT_ID' is present

2020-09-08 16:46:06 - [MESSAGE][PASSED] - Object 'Object Repository/CERTPAY_ADMIN/PAYMENT_ID' is visible

2020-09-08 16:46:07 - [MESSAGE][PASSED] - Object 'Object Repository/CERTPAY_ADMIN/PAYMENT_ID' is present

2020-09-08 16:46:08 - [MESSAGE][PASSED] - Text '100176112331' is set on object 'Object Repository/CERTPAY_ADMIN/PAYMENT_ID'

2020-09-08 16:46:08 - [MESSAGE][PASSED] - Quicksti.ts:Entered'100176112331 into Payment id

2020-09-08 16:46:08 - [TEST_STEP][PASSED] - utilities.SafeActions.safeClick(findTestObject("CERTPAY_ADMIN/GO_BUTTON"), "Go button", [pageLoadTime]): Quicksti.ts:Clicked on the Go button

2020-09-08 16:46:08 - [MESSAGE][INFO] - safeClicking

2020-09-08 16:46:08 - [MESSAGE][PASSED] - Object 'Object Repository/CERTPAY_ADMIN/GO_BUTTON' is present

2020-09-08 16:46:09 - [MESSAGE][PASSED] - Object 'Object Repository/CERTPAY_ADMIN/GO_BUTTON' is clickable

2020-09-08 16:46:12 - [MESSAGE][PASSED] - Object: 'Object Repository/CERTPAY_ADMIN/GO_BUTTON' is clicked on

2020-09-08 16:46:12 - [MESSAGE][PASSED] - Quicksti.ts:Clicked on the Go button

2020-09-08 16:46:12 - [TEST_STEP][PASSED] - delay(5): Delayed 5 second(s)

2020-09-08 16:46:17 - [MESSAGE][PASSED] - Delayed 5 second(s)

2020-09-08 16:46:17 - [TEST_STEP][PASSED] - scrollToPosition(800, 900): Browser is scrolled to position x = 800, y = 900

2020-09-08 16:46:17 - [MESSAGE][PASSED] - Browser is scrolled to position x = 800, y = 900

2020-09-08 16:46:17 - [TEST_STEP][PASSED] - firstName = data.getValue("FirstName", index): null

2020-09-08 16:46:17 - [TEST_STEP][PASSED] - lastName = data.getValue("LastName", index): null

2020-09-08 16:46:17 - [TEST_STEP][PASSED] - expMonth = data.getValue("ExpMonth", index): null

2020-09-08 16:46:17 - [TEST_STEP][PASSED] - expYear = data.getValue("ExpYear", index): null

2020-09-08 16:46:17 - [TEST_STEP][PASSED] - securityCode = data.getValue("SecurityCode", index): null

2020-09-08 16:46:17 - [TEST_STEP][PASSED] - paymentAmount = data.getValue("PaymentAmount", index): null

2020-09-08 16:46:17 - [TEST_STEP][PASSED] - paymentType = data.getValue("PaymentType", index): null

2020-09-08 16:46:17 - [TEST_STEP][PASSED] - quantity = data.getValue("Quantity", index): null

2020-09-08 16:46:17 - [TEST_STEP][PASSED] - comments = data.getValue("Comments", index): null

2020-09-08 16:46:17 - [TEST_STEP][PASSED] - referenceNum = data.getValue("ReferenceNum", index): null

2020-09-08 16:46:17 - [TEST_STEP][PASSED] - address = data.getValue("Address", index): null

2020-09-08 16:46:17 - [TEST_STEP][PASSED] - zipCode = data.getValue("Zipcode", index): null

2020-09-08 16:46:17 - [TEST_STEP][PASSED] - telephone = data.getValue("Telephone", index): null

2020-09-08 16:46:17 - [TEST_STEP][PASSED] - emailAddress = data.getValue("EmailAddress", index): null

2020-09-08 16:46:17 - [TEST_STEP][PASSED] - cardNum = data.getValue("CardNumber", index): null

2020-09-08 16:46:17 - [TEST_STEP][PASSED] - cardType = data.getValue("CardType", index): null

2020-09-08 16:46:17 - [TEST_STEP][PASSED] - utilities.SafeActions.openBrowser(Quicksti_Url, [pageLoadTime]): Browser launched successfully

2020-09-08 16:46:17 - [MESSAGE][INFO] - Opening Browser

2020-09-08 16:46:17 - [MESSAGE][WARNING] - A browser is already opened. Closing browser and opening a new one

2020-09-08 16:46:18 - [MESSAGE][INFO] - Starting 'Chrome' driver

2020-09-08 16:46:26 - [MESSAGE][PASSED] - Browser is opened with url: 'https://qa-certpayquicksti.faps.net/'

2020-09-08 16:46:28 - [MESSAGE][PASSED] - Current window maximized

2020-09-08 16:46:28 - [MESSAGE][PASSED] - Browser launched successfully

2020-09-08 16:46:28 - [TEST_STEP][PASSED] - utilities.SafeActions.safeCheck(findTestObject("CERTPAY_QUICKSTI/Login_ Page/MULTI_BUREAU_CHECKBOX"), "Multi Bureau", [pageLoadTime]): Quicksti.ts:Checkbox 'Multi Bureau'is selected

2020-09-08 16:46:28 - [MESSAGE][PASSED] - Object 'Object Repository/CERTPAY_QUICKSTI/Login_ Page/MULTI_BUREAU_CHECKBOX' is present

2020-09-08 16:46:29 - [MESSAGE][PASSED] - Object 'Object Repository/CERTPAY_QUICKSTI/Login_ Page/MULTI_BUREAU_CHECKBOX' is present

2020-09-08 16:46:30 - [MESSAGE][PASSED] - Object: 'Object Repository/CERTPAY_QUICKSTI/Login_ Page/MULTI_BUREAU_CHECKBOX' is clicked on

2020-09-08 16:46:30 - [MESSAGE][PASSED] - Quicksti.ts:Checkbox 'Multi Bureau'is selected

2020-09-08 16:46:30 - [TEST_STEP][PASSED] - utilities.SafeActions.safeType(findTestObject("CERTPAY_QUICKSTI/Login_ Page/TELLER_ID"), teller_id, "Bureau code", [pageLoadTime]): Quicksti.ts:Entered'zenq into Bureau code

2020-09-08 16:46:32 - [MESSAGE][PASSED] - Object 'Object Repository/CERTPAY_QUICKSTI/Login_ Page/TELLER_ID' is present

2020-09-08 16:46:32 - [MESSAGE][PASSED] - Object 'Object Repository/CERTPAY_QUICKSTI/Login_ Page/TELLER_ID' is visible

2020-09-08 16:46:32 - [MESSAGE][PASSED] - Object 'Object Repository/CERTPAY_QUICKSTI/Login_ Page/TELLER_ID' is present

2020-09-08 16:46:34 - [MESSAGE][PASSED] - Text 'zenq' is set on object 'Object Repository/CERTPAY_QUICKSTI/Login_ Page/TELLER_ID'

2020-09-08 16:46:34 - [MESSAGE][PASSED] - Quicksti.ts:Entered'zenq into Bureau code

2020-09-08 16:46:34 - [TEST_STEP][PASSED] - utilities.SafeActions.safeClick(findTestObject("CERTPAY_QUICKSTI/Login_ Page/NEXT_BUTTON"), "Next button", [pageLoadTime]): Quicksti.ts:Clicked on the Next button

2020-09-08 16:46:34 - [MESSAGE][INFO] - safeClicking

2020-09-08 16:46:34 - [MESSAGE][PASSED] - Object 'Object Repository/CERTPAY_QUICKSTI/Login_ Page/NEXT_BUTTON' is present

2020-09-08 16:46:34 - [MESSAGE][PASSED] - Object 'Object Repository/CERTPAY_QUICKSTI/Login_ Page/NEXT_BUTTON' is clickable

2020-09-08 16:46:39 - [MESSAGE][PASSED] - Object: 'Object Repository/CERTPAY_QUICKSTI/Login_ Page/NEXT_BUTTON' is clicked on

2020-09-08 16:46:39 - [MESSAGE][PASSED] - Quicksti.ts:Clicked on the Next button

2020-09-08 16:46:39 - [TEST_STEP][PASSED] - pages.Quicksti.setCommnets("0", "0", comments): Quicksti.ts:Entered'Testing into Comments

2020-09-08 16:46:39 - [MESSAGE][PASSED] - Object '' is present

2020-09-08 16:46:40 - [MESSAGE][PASSED] - Object '' is visible

2020-09-08 16:46:40 - [MESSAGE][PASSED] - Object '' is present

2020-09-08 16:46:41 - [MESSAGE][PASSED] - Text 'Testing' is set on object ''

2020-09-08 16:46:41 - [MESSAGE][PASSED] - Quicksti.ts:Entered'Testing into Comments

2020-09-08 16:46:41 - [TEST_STEP][PASSED] - utilities.SafeActions.safeType(findTestObject("CERTPAY_QUICKSTI/Payment_Information_Page/PAYMENT_AMOUNT"), paymentAmount, "Payment Amount", [pageLoadTime]): Quicksti.ts:Entered'25.00 into Payment Amount

2020-09-08 16:46:42 - [MESSAGE][PASSED] - Object 'Object Repository/CERTPAY_QUICKSTI/Payment_Information_Page/PAYMENT_AMOUNT' is present

2020-09-08 16:46:42 - [MESSAGE][PASSED] - Object 'Object Repository/CERTPAY_QUICKSTI/Payment_Information_Page/PAYMENT_AMOUNT' is visible

2020-09-08 16:46:42 - [MESSAGE][PASSED] - Object 'Object Repository/CERTPAY_QUICKSTI/Payment_Information_Page/PAYMENT_AMOUNT' is present

2020-09-08 16:46:44 - [MESSAGE][PASSED] - Text '25.00' is set on object 'Object Repository/CERTPAY_QUICKSTI/Payment_Information_Page/PAYMENT_AMOUNT'

2020-09-08 16:46:44 - [MESSAGE][PASSED] - Quicksti.ts:Entered'25.00 into Payment Amount

2020-09-08 16:46:44 - [TEST_STEP][PASSED] - pages.Quicksti.setAmountDetailsForMultiBureau("0", paymentType, "0", referenceNum, quantity): Quicksti.ts:Entered'2 into Quntity

2020-09-08 16:46:44 - [MESSAGE][PASSED] - Object '' is visible

2020-09-08 16:46:45 - [MESSAGE][PASSED] - Object '' is present

2020-09-08 16:46:46 - [MESSAGE][PASSED] - Object: '' is clicked on

2020-09-08 16:46:47 - [MESSAGE][PASSED] - All options with label 'Gifts' are selected in object ''  using regular expression

2020-09-08 16:46:47 - [MESSAGE][PASSED] - selected dropdown option by visible text  Giftsfrom Payment Type

2020-09-08 16:46:48 - [MESSAGE][PASSED] - Object '' is present

2020-09-08 16:46:48 - [MESSAGE][PASSED] - Object '' is visible

2020-09-08 16:46:48 - [MESSAGE][PASSED] - Object '' is present

2020-09-08 16:46:49 - [MESSAGE][PASSED] - Text '12' is set on object ''

2020-09-08 16:46:49 - [MESSAGE][PASSED] - Quicksti.ts:Entered'12 into RefrenceNumber

2020-09-08 16:46:50 - [MESSAGE][PASSED] - Object '' is present

2020-09-08 16:46:50 - [MESSAGE][PASSED] - Object '' is visible

2020-09-08 16:46:50 - [MESSAGE][PASSED] - Object '' is present

2020-09-08 16:46:52 - [MESSAGE][PASSED] - Text '2' is set on object ''

2020-09-08 16:46:52 - [MESSAGE][PASSED] - Quicksti.ts:Entered'2 into Quntity

2020-09-08 16:46:52 - [TEST_STEP][PASSED] - utilities.SafeActions.safeType(findTestObject("CERTPAY_QUICKSTI/Payment_Information_Page/MULTIBUREAU_PAYMENT_AMOUNT"), paymentAmount, "Payment Amount", [pageLoadTime]): Quicksti.ts:Entered'25.00 into Payment Amount

2020-09-08 16:46:52 - [MESSAGE][PASSED] - Object 'Object Repository/CERTPAY_QUICKSTI/Payment_Information_Page/MULTIBUREAU_PAYMENT_AMOUNT' is present

2020-09-08 16:46:52 - [MESSAGE][PASSED] - Object 'Object Repository/CERTPAY_QUICKSTI/Payment_Information_Page/MULTIBUREAU_PAYMENT_AMOUNT' is visible

2020-09-08 16:46:53 - [MESSAGE][PASSED] - Object 'Object Repository/CERTPAY_QUICKSTI/Payment_Information_Page/MULTIBUREAU_PAYMENT_AMOUNT' is present

2020-09-08 16:46:54 - [MESSAGE][PASSED] - Text '25.00' is set on object 'Object Repository/CERTPAY_QUICKSTI/Payment_Information_Page/MULTIBUREAU_PAYMENT_AMOUNT'

2020-09-08 16:46:54 - [MESSAGE][PASSED] - Quicksti.ts:Entered'25.00 into Payment Amount

2020-09-08 16:46:54 - [TEST_STEP][PASSED] - pages.Quicksti.setAmountDetailsForMultiBureau("0", "Registration Fees", "1", referenceNum, quantity): Quicksti.ts:Entered'2 into Quntity

2020-09-08 16:46:55 - [MESSAGE][PASSED] - Object '' is visible

2020-09-08 16:46:55 - [MESSAGE][PASSED] - Object '' is present

2020-09-08 16:46:56 - [MESSAGE][PASSED] - Object: '' is clicked on

2020-09-08 16:46:57 - [MESSAGE][PASSED] - All options with label 'Registration Fees' are selected in object ''  using regular expression

2020-09-08 16:46:57 - [MESSAGE][PASSED] - selected dropdown option by visible text  Registration Feesfrom Payment Type

2020-09-08 16:46:58 - [MESSAGE][PASSED] - Object '' is present

2020-09-08 16:46:58 - [MESSAGE][PASSED] - Object '' is visible

2020-09-08 16:46:58 - [MESSAGE][PASSED] - Object '' is present

2020-09-08 16:47:00 - [MESSAGE][PASSED] - Text '12' is set on object ''

2020-09-08 16:47:00 - [MESSAGE][PASSED] - Quicksti.ts:Entered'12 into RefrenceNumber

2020-09-08 16:47:00 - [MESSAGE][PASSED] - Object '' is present

2020-09-08 16:47:00 - [MESSAGE][PASSED] - Object '' is visible

2020-09-08 16:47:00 - [MESSAGE][PASSED] - Object '' is present

2020-09-08 16:47:02 - [MESSAGE][PASSED] - Text '2' is set on object ''

2020-09-08 16:47:02 - [MESSAGE][PASSED] - Quicksti.ts:Entered'2 into Quntity

2020-09-08 16:47:02 - [TEST_STEP][PASSED] - utilities.SafeActions.safeType(findTestObject("CERTPAY_QUICKSTI/Payment_Information_Page/MULTIBUREAU_PAY_AMOUNT2"), paymentAmount, "Payment Amount", [pageLoadTime]): Quicksti.ts:Entered'25.00 into Payment Amount

2020-09-08 16:47:02 - [MESSAGE][PASSED] - Object 'Object Repository/CERTPAY_QUICKSTI/Payment_Information_Page/MULTIBUREAU_PAY_AMOUNT2' is present

2020-09-08 16:47:02 - [MESSAGE][PASSED] - Object 'Object Repository/CERTPAY_QUICKSTI/Payment_Information_Page/MULTIBUREAU_PAY_AMOUNT2' is visible

2020-09-08 16:47:03 - [MESSAGE][PASSED] - Object 'Object Repository/CERTPAY_QUICKSTI/Payment_Information_Page/MULTIBUREAU_PAY_AMOUNT2' is present

2020-09-08 16:47:04 - [MESSAGE][PASSED] - Text '25.00' is set on object 'Object Repository/CERTPAY_QUICKSTI/Payment_Information_Page/MULTIBUREAU_PAY_AMOUNT2'

2020-09-08 16:47:04 - [MESSAGE][PASSED] - Quicksti.ts:Entered'25.00 into Payment Amount

2020-09-08 16:47:04 - [TEST_STEP][PASSED] - pages.Quicksti.setCommnets("2", "0", "Tester"): Quicksti.ts:Entered'Tester into Comments

2020-09-08 16:47:05 - [MESSAGE][PASSED] - Object '' is present

2020-09-08 16:47:05 - [MESSAGE][PASSED] - Object '' is visible

2020-09-08 16:47:05 - [MESSAGE][PASSED] - Object '' is present

2020-09-08 16:47:07 - [MESSAGE][PASSED] - Text 'Tester' is set on object ''

2020-09-08 16:47:07 - [MESSAGE][PASSED] - Quicksti.ts:Entered'Tester into Comments

2020-09-08 16:47:07 - [TEST_STEP][PASSED] - pages.Quicksti.setAmountDetailsForMultiBureau("0", "Vehicles", "2", referenceNum, quantity): Quicksti.ts:Entered'2 into Quntity

2020-09-08 16:47:07 - [MESSAGE][PASSED] - Object '' is visible

2020-09-08 16:47:07 - [MESSAGE][PASSED] - Object '' is present

2020-09-08 16:47:09 - [MESSAGE][PASSED] - Object: '' is clicked on

2020-09-08 16:47:10 - [MESSAGE][PASSED] - All options with label 'Vehicles' are selected in object ''  using regular expression

2020-09-08 16:47:10 - [MESSAGE][PASSED] - selected dropdown option by visible text  Vehiclesfrom Payment Type

2020-09-08 16:47:10 - [MESSAGE][PASSED] - Object '' is present

2020-09-08 16:47:10 - [MESSAGE][PASSED] - Object '' is visible

2020-09-08 16:47:11 - [MESSAGE][PASSED] - Object '' is present

2020-09-08 16:47:12 - [MESSAGE][PASSED] - Text '12' is set on object ''

2020-09-08 16:47:12 - [MESSAGE][PASSED] - Quicksti.ts:Entered'12 into RefrenceNumber

2020-09-08 16:47:12 - [MESSAGE][PASSED] - Object '' is present

2020-09-08 16:47:13 - [MESSAGE][PASSED] - Object '' is visible

2020-09-08 16:47:13 - [MESSAGE][PASSED] - Object '' is present

2020-09-08 16:47:14 - [MESSAGE][PASSED] - Text '2' is set on object ''

2020-09-08 16:47:14 - [MESSAGE][PASSED] - Quicksti.ts:Entered'2 into Quntity

2020-09-08 16:47:14 - [TEST_STEP][PASSED] - utilities.SafeActions.safeClick(findTestObject("CERTPAY_QUICKSTI/Payment_Information_Page/MANUAL_ENTRY_BUTTON"), "ManualEntry", [pageLoadTime]): Quicksti.ts:Clicked on the ManualEntry

2020-09-08 16:47:14 - [MESSAGE][INFO] - safeClicking

2020-09-08 16:47:15 - [MESSAGE][PASSED] - Object 'Object Repository/CERTPAY_QUICKSTI/Payment_Information_Page/MANUAL_ENTRY_BUTTON' is present

2020-09-08 16:47:15 - [MESSAGE][PASSED] - Object 'Object Repository/CERTPAY_QUICKSTI/Payment_Information_Page/MANUAL_ENTRY_BUTTON' is clickable

2020-09-08 16:47:19 - [MESSAGE][PASSED] - Object: 'Object Repository/CERTPAY_QUICKSTI/Payment_Information_Page/MANUAL_ENTRY_BUTTON' is clicked on

2020-09-08 16:47:19 - [MESSAGE][PASSED] - Quicksti.ts:Clicked on the ManualEntry

2020-09-08 16:47:19 - [TEST_STEP][PASSED] - amount_Value = pages.Quicksti.getAttributeValue(findTestObject("CERTPAY_QUICKSTI/Payment_Information_Page/SUB_TOTAL")): pages.Quicksti.getAttributeValue is PASSED

2020-09-08 16:47:19 - [MESSAGE][PASSED] - Attribute 'value' of object 'Object Repository/CERTPAY_QUICKSTI/Payment_Information_Page/SUB_TOTAL' is: '50.00'

2020-09-08 16:47:19 - [MESSAGE][PASSED] - pages.Quicksti.getAttributeValue is PASSED

2020-09-08 16:47:19 - [TEST_STEP][PASSED] - CardNumber = pages.Quicksti.setUserPaymentDetails(firstName, lastName, cardNum): Quicksti.ts:Entered'5154623208647646 into CardNum

2020-09-08 16:47:20 - [MESSAGE][PASSED] - Object 'Object Repository/CERTPAY_QUICKSTI/Payment_Information_Page/FIRST_NAME' is present

2020-09-08 16:47:20 - [MESSAGE][PASSED] - Object 'Object Repository/CERTPAY_QUICKSTI/Payment_Information_Page/FIRST_NAME' is visible

2020-09-08 16:47:20 - [MESSAGE][PASSED] - Object 'Object Repository/CERTPAY_QUICKSTI/Payment_Information_Page/FIRST_NAME' is present

2020-09-08 16:47:22 - [MESSAGE][PASSED] - Text 'Venkata' is set on object 'Object Repository/CERTPAY_QUICKSTI/Payment_Information_Page/FIRST_NAME'

2020-09-08 16:47:22 - [MESSAGE][PASSED] - Quicksti.ts:Entered'Venkata into FirstName

2020-09-08 16:47:22 - [MESSAGE][PASSED] - Object 'Object Repository/CERTPAY_QUICKSTI/Payment_Information_Page/LAST_NAME' is present

2020-09-08 16:47:22 - [MESSAGE][PASSED] - Object 'Object Repository/CERTPAY_QUICKSTI/Payment_Information_Page/LAST_NAME' is visible

2020-09-08 16:47:23 - [MESSAGE][PASSED] - Object 'Object Repository/CERTPAY_QUICKSTI/Payment_Information_Page/LAST_NAME' is present

2020-09-08 16:47:24 - [MESSAGE][PASSED] - Text 'Annam' is set on object 'Object Repository/CERTPAY_QUICKSTI/Payment_Information_Page/LAST_NAME'

2020-09-08 16:47:24 - [MESSAGE][PASSED] - Quicksti.ts:Entered'Annam into LAstName

2020-09-08 16:47:24 - [MESSAGE][PASSED] - Object 'Object Repository/CERTPAY_QUICKSTI/Payment_Information_Page/CARD_NUMBER' is present

2020-09-08 16:47:25 - [MESSAGE][PASSED] - Object 'Object Repository/CERTPAY_QUICKSTI/Payment_Information_Page/CARD_NUMBER' is visible

2020-09-08 16:47:25 - [MESSAGE][PASSED] - Object 'Object Repository/CERTPAY_QUICKSTI/Payment_Information_Page/CARD_NUMBER' is present

2020-09-08 16:47:26 - [MESSAGE][PASSED] - Text '5154623208647646' is set on object 'Object Repository/CERTPAY_QUICKSTI/Payment_Information_Page/CARD_NUMBER'

2020-09-08 16:47:26 - [MESSAGE][PASSED] - Quicksti.ts:Entered'5154623208647646 into CardNum

2020-09-08 16:47:26 - [TEST_STEP][PASSED] - pages.Quicksti.setExpDate(expMonth, expYear, securityCode): Quicksti.ts:Entered'207 into securityCode

2020-09-08 16:47:27 - [MESSAGE][PASSED] - Object 'Object Repository/CERTPAY_QUICKSTI/Payment_Information_Page/EXP_MONTH' is visible

2020-09-08 16:47:27 - [MESSAGE][PASSED] - Object 'Object Repository/CERTPAY_QUICKSTI/Payment_Information_Page/EXP_MONTH' is present

2020-09-08 16:47:28 - [MESSAGE][PASSED] - Object: 'Object Repository/CERTPAY_QUICKSTI/Payment_Information_Page/EXP_MONTH' is clicked on

2020-09-08 16:47:30 - [MESSAGE][PASSED] - All options with label '04' are selected in object 'Object Repository/CERTPAY_QUICKSTI/Payment_Information_Page/EXP_MONTH'  using regular expression

2020-09-08 16:47:30 - [MESSAGE][PASSED] - selected dropdown option by visible text  04from expMonth

2020-09-08 16:47:30 - [MESSAGE][PASSED] - Object 'Object Repository/CERTPAY_QUICKSTI/Payment_Information_Page/EXP_YEAR' is visible

2020-09-08 16:47:30 - [MESSAGE][PASSED] - Object 'Object Repository/CERTPAY_QUICKSTI/Payment_Information_Page/EXP_YEAR' is present

2020-09-08 16:47:32 - [MESSAGE][PASSED] - Object: 'Object Repository/CERTPAY_QUICKSTI/Payment_Information_Page/EXP_YEAR' is clicked on

2020-09-08 16:47:33 - [MESSAGE][PASSED] - All options with label '2023' are selected in object 'Object Repository/CERTPAY_QUICKSTI/Payment_Information_Page/EXP_YEAR'  using regular expression

2020-09-08 16:47:33 - [MESSAGE][PASSED] - selected dropdown option by visible text  2023from  expYear

2020-09-08 16:47:34 - [MESSAGE][PASSED] - Object 'Object Repository/CERTPAY_QUICKSTI/Payment_Information_Page/SECURITY_CODE' is present

2020-09-08 16:47:34 - [MESSAGE][PASSED] - Object 'Object Repository/CERTPAY_QUICKSTI/Payment_Information_Page/SECURITY_CODE' is visible

2020-09-08 16:47:34 - [MESSAGE][PASSED] - Object 'Object Repository/CERTPAY_QUICKSTI/Payment_Information_Page/SECURITY_CODE' is present

2020-09-08 16:47:36 - [MESSAGE][PASSED] - Text '207' is set on object 'Object Repository/CERTPAY_QUICKSTI/Payment_Information_Page/SECURITY_CODE'

2020-09-08 16:47:36 - [MESSAGE][PASSED] - Quicksti.ts:Entered'207 into securityCode

2020-09-08 16:47:36 - [TEST_STEP][PASSED] - utilities.SafeActions.safeType(findTestObject("CERTPAY_QUICKSTI/Payment_Information_Page/ADDRESS"), address, "Address", [pageLoadTime]): Quicksti.ts:Entered'14-2 into Address

2020-09-08 16:47:36 - [MESSAGE][PASSED] - Object 'Object Repository/CERTPAY_QUICKSTI/Payment_Information_Page/ADDRESS' is present

2020-09-08 16:47:36 - [MESSAGE][PASSED] - Object 'Object Repository/CERTPAY_QUICKSTI/Payment_Information_Page/ADDRESS' is visible

2020-09-08 16:47:37 - [MESSAGE][PASSED] - Object 'Object Repository/CERTPAY_QUICKSTI/Payment_Information_Page/ADDRESS' is present

2020-09-08 16:47:38 - [MESSAGE][PASSED] - Text '14-2' is set on object 'Object Repository/CERTPAY_QUICKSTI/Payment_Information_Page/ADDRESS'

2020-09-08 16:47:38 - [MESSAGE][PASSED] - Quicksti.ts:Entered'14-2 into Address

2020-09-08 16:47:38 - [TEST_STEP][PASSED] - utilities.SafeActions.safeType(findTestObject("CERTPAY_QUICKSTI/Payment_Information_Page/ZIP_CODE"), zipCode, "zipcode", [pageLoadTime]): Quicksti.ts:Entered'76102 into zipcode

2020-09-08 16:47:39 - [MESSAGE][PASSED] - Object 'Object Repository/CERTPAY_QUICKSTI/Payment_Information_Page/ZIP_CODE' is present

2020-09-08 16:47:39 - [MESSAGE][PASSED] - Object 'Object Repository/CERTPAY_QUICKSTI/Payment_Information_Page/ZIP_CODE' is visible

2020-09-08 16:47:39 - [MESSAGE][PASSED] - Object 'Object Repository/CERTPAY_QUICKSTI/Payment_Information_Page/ZIP_CODE' is present

2020-09-08 16:47:40 - [MESSAGE][PASSED] - Text '76102' is set on object 'Object Repository/CERTPAY_QUICKSTI/Payment_Information_Page/ZIP_CODE'

2020-09-08 16:47:40 - [MESSAGE][PASSED] - Quicksti.ts:Entered'76102 into zipcode

2020-09-08 16:47:40 - [TEST_STEP][PASSED] - utilities.SafeActions.safeType(findTestObject("CERTPAY_QUICKSTI/Payment_Information_Page/TELEPHONE"), telephone, "Telephone", [pageLoadTime]): Quicksti.ts:Entered'9989897654 into Telephone

2020-09-08 16:47:41 - [MESSAGE][PASSED] - Object 'Object Repository/CERTPAY_QUICKSTI/Payment_Information_Page/TELEPHONE' is present

2020-09-08 16:47:41 - [MESSAGE][PASSED] - Object 'Object Repository/CERTPAY_QUICKSTI/Payment_Information_Page/TELEPHONE' is visible

2020-09-08 16:47:41 - [MESSAGE][PASSED] - Object 'Object Repository/CERTPAY_QUICKSTI/Payment_Information_Page/TELEPHONE' is present

2020-09-08 16:47:43 - [MESSAGE][PASSED] - Text '9989897654' is set on object 'Object Repository/CERTPAY_QUICKSTI/Payment_Information_Page/TELEPHONE'

2020-09-08 16:47:43 - [MESSAGE][PASSED] - Quicksti.ts:Entered'9989897654 into Telephone

2020-09-08 16:47:43 - [TEST_STEP][PASSED] - utilities.SafeActions.safeType(findTestObject("CERTPAY_QUICKSTI/Payment_Information_Page/EMAIL_ADDRESS"), emailAddress, "EMAIL address", [pageLoadTime]): Quicksti.ts:Entered'testing@zenq.com into EMAIL address

2020-09-08 16:47:43 - [MESSAGE][PASSED] - Object 'Object Repository/CERTPAY_QUICKSTI/Payment_Information_Page/EMAIL_ADDRESS' is present

2020-09-08 16:47:43 - [MESSAGE][PASSED] - Object 'Object Repository/CERTPAY_QUICKSTI/Payment_Information_Page/EMAIL_ADDRESS' is visible

2020-09-08 16:47:44 - [MESSAGE][PASSED] - Object 'Object Repository/CERTPAY_QUICKSTI/Payment_Information_Page/EMAIL_ADDRESS' is present

2020-09-08 16:47:45 - [MESSAGE][PASSED] - Text 'testing@zenq.com' is set on object 'Object Repository/CERTPAY_QUICKSTI/Payment_Information_Page/EMAIL_ADDRESS'

2020-09-08 16:47:45 - [MESSAGE][PASSED] - Quicksti.ts:Entered'testing@zenq.com into EMAIL address

2020-09-08 16:47:45 - [TEST_STEP][PASSED] - utilities.SafeActions.safeClick(findTestObject("CERTPAY_QUICKSTI/Payment_Information_Page/NEXT_BUTTON"), "Next", [pageLoadTime]): Quicksti.ts:Clicked on the Next

2020-09-08 16:47:45 - [MESSAGE][INFO] - safeClicking

2020-09-08 16:47:45 - [MESSAGE][PASSED] - Object 'Object Repository/CERTPAY_QUICKSTI/Payment_Information_Page/NEXT_BUTTON' is present

2020-09-08 16:47:46 - [MESSAGE][PASSED] - Object 'Object Repository/CERTPAY_QUICKSTI/Payment_Information_Page/NEXT_BUTTON' is clickable

2020-09-08 16:47:49 - [MESSAGE][PASSED] - Object: 'Object Repository/CERTPAY_QUICKSTI/Payment_Information_Page/NEXT_BUTTON' is clicked on

2020-09-08 16:47:49 - [MESSAGE][PASSED] - Quicksti.ts:Clicked on the Next

2020-09-08 16:47:49 - [TEST_STEP][PASSED] - pages.Quicksti.verifyUserPaymentDetails(paymentAmount, firstName, lastName, CardNumber): pages.Quicksti.verifyUserPaymentDetails is PASSED

2020-09-08 16:47:50 - [MESSAGE][PASSED] - Text of object 'Object Repository/CERTPAY_QUICKSTI/Payment_Details_Verification_Page/AMOUNT' is: '$25.00'

2020-09-08 16:47:50 - [MESSAGE][PASSED] - Actual text '25.00' and expected text '25.00' are matched  using regular expression

2020-09-08 16:47:50 - [MESSAGE][PASSED] - Text of object 'Object Repository/CERTPAY_QUICKSTI/Payment_Details_Verification_Page/NAME' is: 'Venkata Annam'

2020-09-08 16:47:50 - [MESSAGE][PASSED] - Actual text 'Venkata Annam' and expected text 'Venkata Annam' are matched  using regular expression

2020-09-08 16:47:50 - [MESSAGE][PASSED] - Text of object 'Object Repository/CERTPAY_QUICKSTI/Payment_Details_Verification_Page/CARD_NUMBER' is: '...7646'

2020-09-08 16:47:50 - [MESSAGE][PASSED] - Actual text '7646' and expected text '7646' are matched  using regular expression

2020-09-08 16:47:50 - [MESSAGE][PASSED] - pages.Quicksti.verifyUserPaymentDetails is PASSED

2020-09-08 16:47:50 - [TEST_STEP][PASSED] - delay(2): Delayed 2 second(s)

2020-09-08 16:47:53 - [MESSAGE][PASSED] - Delayed 2 second(s)

2020-09-08 16:47:53 - [TEST_STEP][PASSED] - scrollToElement(findTestObject("CERTPAY_QUICKSTI/Payment_Details_Verification_Page/PROCESS"), 0): Scroll to object 'Object Repository/CERTPAY_QUICKSTI/Payment_Details_Verification_Page/PROCESS' successfully

2020-09-08 16:47:53 - [MESSAGE][WARNING] - Timeout '0' is invalid. Using default page load timeout: '30'

2020-09-08 16:47:53 - [MESSAGE][PASSED] - Scroll to object 'Object Repository/CERTPAY_QUICKSTI/Payment_Details_Verification_Page/PROCESS' successfully

2020-09-08 16:47:53 - [TEST_STEP][PASSED] - utilities.SafeActions.safeClick(findTestObject("CERTPAY_QUICKSTI/Payment_Details_Verification_Page/PROCESS"), "Process", [pageLoadTime]): Quicksti.ts:Clicked on the Process

2020-09-08 16:47:53 - [MESSAGE][INFO] - safeClicking

2020-09-08 16:47:53 - [MESSAGE][PASSED] - Object 'Object Repository/CERTPAY_QUICKSTI/Payment_Details_Verification_Page/PROCESS' is present

2020-09-08 16:47:54 - [MESSAGE][PASSED] - Object 'Object Repository/CERTPAY_QUICKSTI/Payment_Details_Verification_Page/PROCESS' is clickable

2020-09-08 16:47:59 - [MESSAGE][PASSED] - Object: 'Object Repository/CERTPAY_QUICKSTI/Payment_Details_Verification_Page/PROCESS' is clicked on

2020-09-08 16:47:59 - [MESSAGE][PASSED] - Quicksti.ts:Clicked on the Process

2020-09-08 16:47:59 - [TEST_STEP][PASSED] - PaymentId = pages.Quicksti.verifyPaymentApproval(findTestObject("CERTPAY_QUICKSTI/Payment_Details_Verification_Page/APPROVED")): Payment is approved

2020-09-08 16:48:00 - [MESSAGE][PASSED] - Text of object 'Object Repository/CERTPAY_QUICKSTI/Payment_Details_Verification_Page/PAYMENT_ID' is: '100176112343'

2020-09-08 16:48:00 - [MESSAGE][PASSED] - Object 'Object Repository/CERTPAY_QUICKSTI/Payment_Details_Verification_Page/APPROVED' is present

2020-09-08 16:48:00 - [MESSAGE][PASSED] - Payment is approved

2020-09-08 16:48:02 - [TEST_STEP][PASSED] - navigateToUrl(Admin_url): Navigate to 'https://qa-certpayadmin.faps.net' successfully

2020-09-08 16:48:09 - [MESSAGE][PASSED] - Navigate to 'https://qa-certpayadmin.faps.net' successfully

2020-09-08 16:48:09 - [TEST_STEP][PASSED] - pages.Bureau_Login_Page.loginToAdminSite(AdminUsername, AdminPassword): Quicksti.ts:Clicked on the LOGIN

2020-09-08 16:48:09 - [MESSAGE][PASSED] - Object 'Object Repository/CERTPAY_ADMIN/USER_NAME' is present

2020-09-08 16:48:10 - [MESSAGE][PASSED] - Object 'Object Repository/CERTPAY_ADMIN/USER_NAME' is visible

2020-09-08 16:48:10 - [MESSAGE][PASSED] - Object 'Object Repository/CERTPAY_ADMIN/USER_NAME' is present

2020-09-08 16:48:11 - [MESSAGE][PASSED] - Text 'VVangiliappan' is set on object 'Object Repository/CERTPAY_ADMIN/USER_NAME'

2020-09-08 16:48:11 - [MESSAGE][PASSED] - Quicksti.ts:Entered'VVangiliappan into username

2020-09-08 16:48:12 - [MESSAGE][PASSED] - Object 'Object Repository/CERTPAY_ADMIN/PASSWORD' is present

2020-09-08 16:48:12 - [MESSAGE][PASSED] - Object 'Object Repository/CERTPAY_ADMIN/PASSWORD' is visible

2020-09-08 16:48:12 - [MESSAGE][PASSED] - Object 'Object Repository/CERTPAY_ADMIN/PASSWORD' is present

2020-09-08 16:48:14 - [MESSAGE][PASSED] - Text 'Knila@12345' is set on object 'Object Repository/CERTPAY_ADMIN/PASSWORD'

2020-09-08 16:48:14 - [MESSAGE][PASSED] - Quicksti.ts:Entered'Knila@12345 into password

2020-09-08 16:48:14 - [MESSAGE][INFO] - safeClicking

2020-09-08 16:48:14 - [MESSAGE][PASSED] - Object 'Object Repository/CERTPAY_ADMIN/LOGIN_BUTTON' is present

2020-09-08 16:48:14 - [MESSAGE][PASSED] - Object 'Object Repository/CERTPAY_ADMIN/LOGIN_BUTTON' is clickable

2020-09-08 16:48:26 - [MESSAGE][PASSED] - Object: 'Object Repository/CERTPAY_ADMIN/LOGIN_BUTTON' is clicked on

2020-09-08 16:48:26 - [MESSAGE][PASSED] - Quicksti.ts:Clicked on the LOGIN

2020-09-08 16:48:26 - [TEST_STEP][PASSED] - utilities.SafeActions.safeClick(findTestObject("CERTPAY_ADMIN/TRANSACTION_SEARCH"), "TransactionSearch", [pageLoadTime]): Quicksti.ts:Clicked on the TransactionSearch

2020-09-08 16:48:26 - [MESSAGE][INFO] - safeClicking

2020-09-08 16:48:27 - [MESSAGE][PASSED] - Object 'Object Repository/CERTPAY_ADMIN/TRANSACTION_SEARCH' is present

2020-09-08 16:48:27 - [MESSAGE][PASSED] - Object 'Object Repository/CERTPAY_ADMIN/TRANSACTION_SEARCH' is clickable

2020-09-08 16:48:31 - [MESSAGE][PASSED] - Object: 'Object Repository/CERTPAY_ADMIN/TRANSACTION_SEARCH' is clicked on

2020-09-08 16:48:31 - [MESSAGE][PASSED] - Quicksti.ts:Clicked on the TransactionSearch

2020-09-08 16:48:31 - [TEST_STEP][PASSED] - utilities.SafeActions.safeType(findTestObject("CERTPAY_ADMIN/PAYMENT_ID"), PaymentId, "Payment id", [pageLoadTime]): Quicksti.ts:Entered'100176112343 into Payment id

2020-09-08 16:48:31 - [MESSAGE][PASSED] - Object 'Object Repository/CERTPAY_ADMIN/PAYMENT_ID' is present

2020-09-08 16:48:31 - [MESSAGE][PASSED] - Object 'Object Repository/CERTPAY_ADMIN/PAYMENT_ID' is visible

2020-09-08 16:48:32 - [MESSAGE][PASSED] - Object 'Object Repository/CERTPAY_ADMIN/PAYMENT_ID' is present

2020-09-08 16:48:33 - [MESSAGE][PASSED] - Text '100176112343' is set on object 'Object Repository/CERTPAY_ADMIN/PAYMENT_ID'

2020-09-08 16:48:33 - [MESSAGE][PASSED] - Quicksti.ts:Entered'100176112343 into Payment id

2020-09-08 16:48:33 - [TEST_STEP][PASSED] - utilities.SafeActions.safeClick(findTestObject("CERTPAY_ADMIN/GO_BUTTON"), "Go button", [pageLoadTime]): Quicksti.ts:Clicked on the Go button

2020-09-08 16:48:33 - [MESSAGE][INFO] - safeClicking

2020-09-08 16:48:33 - [MESSAGE][PASSED] - Object 'Object Repository/CERTPAY_ADMIN/GO_BUTTON' is present

2020-09-08 16:48:34 - [MESSAGE][PASSED] - Object 'Object Repository/CERTPAY_ADMIN/GO_BUTTON' is clickable

2020-09-08 16:48:37 - [MESSAGE][PASSED] - Object: 'Object Repository/CERTPAY_ADMIN/GO_BUTTON' is clicked on

2020-09-08 16:48:37 - [MESSAGE][PASSED] - Quicksti.ts:Clicked on the Go button

2020-09-08 16:48:37 - [TEST_STEP][PASSED] - delay(5): Delayed 5 second(s)

2020-09-08 16:48:42 - [MESSAGE][PASSED] - Delayed 5 second(s)

2020-09-08 16:48:42 - [TEST_STEP][PASSED] - scrollToPosition(800, 900): Browser is scrolled to position x = 800, y = 900

2020-09-08 16:48:42 - [MESSAGE][PASSED] - Browser is scrolled to position x = 800, y = 900

2020-09-08 16:48:42 - [TEST_STEP][PASSED] - firstName = data.getValue("FirstName", index): null

2020-09-08 16:48:42 - [TEST_STEP][PASSED] - lastName = data.getValue("LastName", index): null

2020-09-08 16:48:42 - [TEST_STEP][PASSED] - expMonth = data.getValue("ExpMonth", index): null

2020-09-08 16:48:42 - [TEST_STEP][PASSED] - expYear = data.getValue("ExpYear", index): null

2020-09-08 16:48:42 - [TEST_STEP][PASSED] - securityCode = data.getValue("SecurityCode", index): null

2020-09-08 16:48:42 - [TEST_STEP][PASSED] - paymentAmount = data.getValue("PaymentAmount", index): null

2020-09-08 16:48:42 - [TEST_STEP][PASSED] - paymentType = data.getValue("PaymentType", index): null

2020-09-08 16:48:42 - [TEST_STEP][PASSED] - quantity = data.getValue("Quantity", index): null

2020-09-08 16:48:42 - [TEST_STEP][PASSED] - comments = data.getValue("Comments", index): null

2020-09-08 16:48:42 - [TEST_STEP][PASSED] - referenceNum = data.getValue("ReferenceNum", index): null

2020-09-08 16:48:42 - [TEST_STEP][PASSED] - address = data.getValue("Address", index): null

2020-09-08 16:48:43 - [TEST_STEP][PASSED] - zipCode = data.getValue("Zipcode", index): null

2020-09-08 16:48:43 - [TEST_STEP][PASSED] - telephone = data.getValue("Telephone", index): null

2020-09-08 16:48:43 - [TEST_STEP][PASSED] - emailAddress = data.getValue("EmailAddress", index): null

2020-09-08 16:48:43 - [TEST_STEP][PASSED] - cardNum = data.getValue("CardNumber", index): null

2020-09-08 16:48:43 - [TEST_STEP][PASSED] - cardType = data.getValue("CardType", index): null

2020-09-08 16:48:43 - [TEST_STEP][PASSED] - utilities.SafeActions.openBrowser(Quicksti_Url, [pageLoadTime]): Browser launched successfully

2020-09-08 16:48:43 - [MESSAGE][INFO] - Opening Browser

2020-09-08 16:48:43 - [MESSAGE][WARNING] - A browser is already opened. Closing browser and opening a new one

2020-09-08 16:48:43 - [MESSAGE][INFO] - Starting 'Chrome' driver

2020-09-08 16:48:51 - [MESSAGE][PASSED] - Browser is opened with url: 'https://qa-certpayquicksti.faps.net/'

2020-09-08 16:48:53 - [MESSAGE][PASSED] - Current window maximized

2020-09-08 16:48:53 - [MESSAGE][PASSED] - Browser launched successfully

2020-09-08 16:48:53 - [TEST_STEP][PASSED] - utilities.SafeActions.safeCheck(findTestObject("CERTPAY_QUICKSTI/Login_ Page/MULTI_BUREAU_CHECKBOX"), "Multi Bureau", [pageLoadTime]): Quicksti.ts:Checkbox 'Multi Bureau'is selected

2020-09-08 16:48:54 - [MESSAGE][PASSED] - Object 'Object Repository/CERTPAY_QUICKSTI/Login_ Page/MULTI_BUREAU_CHECKBOX' is present

2020-09-08 16:48:55 - [MESSAGE][PASSED] - Object 'Object Repository/CERTPAY_QUICKSTI/Login_ Page/MULTI_BUREAU_CHECKBOX' is present

2020-09-08 16:48:56 - [MESSAGE][PASSED] - Object: 'Object Repository/CERTPAY_QUICKSTI/Login_ Page/MULTI_BUREAU_CHECKBOX' is clicked on

2020-09-08 16:48:56 - [MESSAGE][PASSED] - Quicksti.ts:Checkbox 'Multi Bureau'is selected

2020-09-08 16:48:56 - [TEST_STEP][PASSED] - utilities.SafeActions.safeType(findTestObject("CERTPAY_QUICKSTI/Login_ Page/TELLER_ID"), teller_id, "Bureau code", [pageLoadTime]): Quicksti.ts:Entered'zenq into Bureau code

2020-09-08 16:48:57 - [MESSAGE][PASSED] - Object 'Object Repository/CERTPAY_QUICKSTI/Login_ Page/TELLER_ID' is present

2020-09-08 16:48:57 - [MESSAGE][PASSED] - Object 'Object Repository/CERTPAY_QUICKSTI/Login_ Page/TELLER_ID' is visible

2020-09-08 16:48:58 - [MESSAGE][PASSED] - Object 'Object Repository/CERTPAY_QUICKSTI/Login_ Page/TELLER_ID' is present

2020-09-08 16:48:59 - [MESSAGE][PASSED] - Text 'zenq' is set on object 'Object Repository/CERTPAY_QUICKSTI/Login_ Page/TELLER_ID'

2020-09-08 16:48:59 - [MESSAGE][PASSED] - Quicksti.ts:Entered'zenq into Bureau code

2020-09-08 16:48:59 - [TEST_STEP][PASSED] - utilities.SafeActions.safeClick(findTestObject("CERTPAY_QUICKSTI/Login_ Page/NEXT_BUTTON"), "Next button", [pageLoadTime]): Quicksti.ts:Clicked on the Next button

2020-09-08 16:48:59 - [MESSAGE][INFO] - safeClicking

2020-09-08 16:48:59 - [MESSAGE][PASSED] - Object 'Object Repository/CERTPAY_QUICKSTI/Login_ Page/NEXT_BUTTON' is present

2020-09-08 16:49:00 - [MESSAGE][PASSED] - Object 'Object Repository/CERTPAY_QUICKSTI/Login_ Page/NEXT_BUTTON' is clickable

2020-09-08 16:49:04 - [MESSAGE][PASSED] - Object: 'Object Repository/CERTPAY_QUICKSTI/Login_ Page/NEXT_BUTTON' is clicked on

2020-09-08 16:49:04 - [MESSAGE][PASSED] - Quicksti.ts:Clicked on the Next button

2020-09-08 16:49:04 - [TEST_STEP][PASSED] - pages.Quicksti.setCommnets("0", "0", comments): Quicksti.ts:Entered'Testing into Comments

2020-09-08 16:49:04 - [MESSAGE][PASSED] - Object '' is present

2020-09-08 16:49:05 - [MESSAGE][PASSED] - Object '' is visible

2020-09-08 16:49:05 - [MESSAGE][PASSED] - Object '' is present

2020-09-08 16:49:06 - [MESSAGE][PASSED] - Text 'Testing' is set on object ''

2020-09-08 16:49:06 - [MESSAGE][PASSED] - Quicksti.ts:Entered'Testing into Comments

2020-09-08 16:49:06 - [TEST_STEP][PASSED] - utilities.SafeActions.safeType(findTestObject("CERTPAY_QUICKSTI/Payment_Information_Page/PAYMENT_AMOUNT"), paymentAmount, "Payment Amount", [pageLoadTime]): Quicksti.ts:Entered'30.00 into Payment Amount

2020-09-08 16:49:07 - [MESSAGE][PASSED] - Object 'Object Repository/CERTPAY_QUICKSTI/Payment_Information_Page/PAYMENT_AMOUNT' is present

2020-09-08 16:49:07 - [MESSAGE][PASSED] - Object 'Object Repository/CERTPAY_QUICKSTI/Payment_Information_Page/PAYMENT_AMOUNT' is visible

2020-09-08 16:49:08 - [MESSAGE][PASSED] - Object 'Object Repository/CERTPAY_QUICKSTI/Payment_Information_Page/PAYMENT_AMOUNT' is present

2020-09-08 16:49:09 - [MESSAGE][PASSED] - Text '30.00' is set on object 'Object Repository/CERTPAY_QUICKSTI/Payment_Information_Page/PAYMENT_AMOUNT'

2020-09-08 16:49:09 - [MESSAGE][PASSED] - Quicksti.ts:Entered'30.00 into Payment Amount

2020-09-08 16:49:09 - [TEST_STEP][PASSED] - pages.Quicksti.setAmountDetailsForMultiBureau("0", paymentType, "0", referenceNum, quantity): Quicksti.ts:Entered'1 into Quntity

2020-09-08 16:49:09 - [MESSAGE][PASSED] - Object '' is visible

2020-09-08 16:49:10 - [MESSAGE][PASSED] - Object '' is present

2020-09-08 16:49:11 - [MESSAGE][PASSED] - Object: '' is clicked on

2020-09-08 16:49:12 - [MESSAGE][PASSED] - All options with label 'Licenses' are selected in object ''  using regular expression

2020-09-08 16:49:12 - [MESSAGE][PASSED] - selected dropdown option by visible text  Licensesfrom Payment Type

2020-09-08 16:49:13 - [MESSAGE][PASSED] - Object '' is present

2020-09-08 16:49:13 - [MESSAGE][PASSED] - Object '' is visible

2020-09-08 16:49:13 - [MESSAGE][PASSED] - Object '' is present

2020-09-08 16:49:15 - [MESSAGE][PASSED] - Text '13' is set on object ''

2020-09-08 16:49:15 - [MESSAGE][PASSED] - Quicksti.ts:Entered'13 into RefrenceNumber

2020-09-08 16:49:15 - [MESSAGE][PASSED] - Object '' is present

2020-09-08 16:49:15 - [MESSAGE][PASSED] - Object '' is visible

2020-09-08 16:49:15 - [MESSAGE][PASSED] - Object '' is present

2020-09-08 16:49:17 - [MESSAGE][PASSED] - Text '1' is set on object ''

2020-09-08 16:49:17 - [MESSAGE][PASSED] - Quicksti.ts:Entered'1 into Quntity

2020-09-08 16:49:17 - [TEST_STEP][PASSED] - utilities.SafeActions.safeType(findTestObject("CERTPAY_QUICKSTI/Payment_Information_Page/MULTIBUREAU_PAYMENT_AMOUNT"), paymentAmount, "Payment Amount", [pageLoadTime]): Quicksti.ts:Entered'30.00 into Payment Amount

2020-09-08 16:49:17 - [MESSAGE][PASSED] - Object 'Object Repository/CERTPAY_QUICKSTI/Payment_Information_Page/MULTIBUREAU_PAYMENT_AMOUNT' is present

2020-09-08 16:49:17 - [MESSAGE][PASSED] - Object 'Object Repository/CERTPAY_QUICKSTI/Payment_Information_Page/MULTIBUREAU_PAYMENT_AMOUNT' is visible

2020-09-08 16:49:18 - [MESSAGE][PASSED] - Object 'Object Repository/CERTPAY_QUICKSTI/Payment_Information_Page/MULTIBUREAU_PAYMENT_AMOUNT' is present

2020-09-08 16:49:19 - [MESSAGE][PASSED] - Text '30.00' is set on object 'Object Repository/CERTPAY_QUICKSTI/Payment_Information_Page/MULTIBUREAU_PAYMENT_AMOUNT'

2020-09-08 16:49:19 - [MESSAGE][PASSED] - Quicksti.ts:Entered'30.00 into Payment Amount

2020-09-08 16:49:19 - [TEST_STEP][PASSED] - pages.Quicksti.setAmountDetailsForMultiBureau("0", "Registration Fees", "1", referenceNum, quantity): Quicksti.ts:Entered'1 into Quntity

2020-09-08 16:49:20 - [MESSAGE][PASSED] - Object '' is visible

2020-09-08 16:49:20 - [MESSAGE][PASSED] - Object '' is present

2020-09-08 16:49:22 - [MESSAGE][PASSED] - Object: '' is clicked on

2020-09-08 16:49:23 - [MESSAGE][PASSED] - All options with label 'Registration Fees' are selected in object ''  using regular expression

2020-09-08 16:49:23 - [MESSAGE][PASSED] - selected dropdown option by visible text  Registration Feesfrom Payment Type

2020-09-08 16:49:23 - [MESSAGE][PASSED] - Object '' is present

2020-09-08 16:49:23 - [MESSAGE][PASSED] - Object '' is visible

2020-09-08 16:49:24 - [MESSAGE][PASSED] - Object '' is present

2020-09-08 16:49:25 - [MESSAGE][PASSED] - Text '13' is set on object ''

2020-09-08 16:49:25 - [MESSAGE][PASSED] - Quicksti.ts:Entered'13 into RefrenceNumber

2020-09-08 16:49:25 - [MESSAGE][PASSED] - Object '' is present

2020-09-08 16:49:26 - [MESSAGE][PASSED] - Object '' is visible

2020-09-08 16:49:26 - [MESSAGE][PASSED] - Object '' is present

2020-09-08 16:49:27 - [MESSAGE][PASSED] - Text '1' is set on object ''

2020-09-08 16:49:27 - [MESSAGE][PASSED] - Quicksti.ts:Entered'1 into Quntity

2020-09-08 16:49:27 - [TEST_STEP][PASSED] - utilities.SafeActions.safeType(findTestObject("CERTPAY_QUICKSTI/Payment_Information_Page/MULTIBUREAU_PAY_AMOUNT2"), paymentAmount, "Payment Amount", [pageLoadTime]): Quicksti.ts:Entered'30.00 into Payment Amount

2020-09-08 16:49:28 - [MESSAGE][PASSED] - Object 'Object Repository/CERTPAY_QUICKSTI/Payment_Information_Page/MULTIBUREAU_PAY_AMOUNT2' is present

2020-09-08 16:49:28 - [MESSAGE][PASSED] - Object 'Object Repository/CERTPAY_QUICKSTI/Payment_Information_Page/MULTIBUREAU_PAY_AMOUNT2' is visible

2020-09-08 16:49:29 - [MESSAGE][PASSED] - Object 'Object Repository/CERTPAY_QUICKSTI/Payment_Information_Page/MULTIBUREAU_PAY_AMOUNT2' is present

2020-09-08 16:49:30 - [MESSAGE][PASSED] - Text '30.00' is set on object 'Object Repository/CERTPAY_QUICKSTI/Payment_Information_Page/MULTIBUREAU_PAY_AMOUNT2'

2020-09-08 16:49:30 - [MESSAGE][PASSED] - Quicksti.ts:Entered'30.00 into Payment Amount

2020-09-08 16:49:30 - [TEST_STEP][PASSED] - pages.Quicksti.setCommnets("2", "0", "Tester"): Quicksti.ts:Entered'Tester into Comments

2020-09-08 16:49:30 - [MESSAGE][PASSED] - Object '' is present

2020-09-08 16:49:31 - [MESSAGE][PASSED] - Object '' is visible

2020-09-08 16:49:31 - [MESSAGE][PASSED] - Object '' is present

2020-09-08 16:49:32 - [MESSAGE][PASSED] - Text 'Tester' is set on object ''

2020-09-08 16:49:32 - [MESSAGE][PASSED] - Quicksti.ts:Entered'Tester into Comments

2020-09-08 16:49:32 - [TEST_STEP][PASSED] - pages.Quicksti.setAmountDetailsForMultiBureau("0", "Vehicles", "2", referenceNum, quantity): Quicksti.ts:Entered'1 into Quntity

2020-09-08 16:49:33 - [MESSAGE][PASSED] - Object '' is visible

2020-09-08 16:49:33 - [MESSAGE][PASSED] - Object '' is present

2020-09-08 16:49:34 - [MESSAGE][PASSED] - Object: '' is clicked on

2020-09-08 16:49:35 - [MESSAGE][PASSED] - All options with label 'Vehicles' are selected in object ''  using regular expression

2020-09-08 16:49:35 - [MESSAGE][PASSED] - selected dropdown option by visible text  Vehiclesfrom Payment Type

2020-09-08 16:49:36 - [MESSAGE][PASSED] - Object '' is present

2020-09-08 16:49:36 - [MESSAGE][PASSED] - Object '' is visible

2020-09-08 16:49:36 - [MESSAGE][PASSED] - Object '' is present

2020-09-08 16:49:38 - [MESSAGE][PASSED] - Text '13' is set on object ''

2020-09-08 16:49:38 - [MESSAGE][PASSED] - Quicksti.ts:Entered'13 into RefrenceNumber

2020-09-08 16:49:38 - [MESSAGE][PASSED] - Object '' is present

2020-09-08 16:49:38 - [MESSAGE][PASSED] - Object '' is visible

2020-09-08 16:49:39 - [MESSAGE][PASSED] - Object '' is present

2020-09-08 16:49:40 - [MESSAGE][PASSED] - Text '1' is set on object ''

2020-09-08 16:49:40 - [MESSAGE][PASSED] - Quicksti.ts:Entered'1 into Quntity

2020-09-08 16:49:40 - [TEST_STEP][PASSED] - utilities.SafeActions.safeClick(findTestObject("CERTPAY_QUICKSTI/Payment_Information_Page/MANUAL_ENTRY_BUTTON"), "ManualEntry", [pageLoadTime]): Quicksti.ts:Clicked on the ManualEntry

2020-09-08 16:49:40 - [MESSAGE][INFO] - safeClicking

2020-09-08 16:49:40 - [MESSAGE][PASSED] - Object 'Object Repository/CERTPAY_QUICKSTI/Payment_Information_Page/MANUAL_ENTRY_BUTTON' is present

2020-09-08 16:49:41 - [MESSAGE][PASSED] - Object 'Object Repository/CERTPAY_QUICKSTI/Payment_Information_Page/MANUAL_ENTRY_BUTTON' is clickable

2020-09-08 16:49:45 - [MESSAGE][PASSED] - Object: 'Object Repository/CERTPAY_QUICKSTI/Payment_Information_Page/MANUAL_ENTRY_BUTTON' is clicked on

2020-09-08 16:49:45 - [MESSAGE][PASSED] - Quicksti.ts:Clicked on the ManualEntry

2020-09-08 16:49:45 - [TEST_STEP][PASSED] - amount_Value = pages.Quicksti.getAttributeValue(findTestObject("CERTPAY_QUICKSTI/Payment_Information_Page/SUB_TOTAL")): pages.Quicksti.getAttributeValue is PASSED

2020-09-08 16:49:45 - [MESSAGE][PASSED] - Attribute 'value' of object 'Object Repository/CERTPAY_QUICKSTI/Payment_Information_Page/SUB_TOTAL' is: '30.00'

2020-09-08 16:49:45 - [MESSAGE][PASSED] - pages.Quicksti.getAttributeValue is PASSED

2020-09-08 16:49:45 - [TEST_STEP][PASSED] - CardNumber = pages.Quicksti.setUserPaymentDetails(firstName, lastName, cardNum): Quicksti.ts:Entered'8171999900000018 into CardNum

2020-09-08 16:49:46 - [MESSAGE][PASSED] - Object 'Object Repository/CERTPAY_QUICKSTI/Payment_Information_Page/FIRST_NAME' is present

2020-09-08 16:49:46 - [MESSAGE][PASSED] - Object 'Object Repository/CERTPAY_QUICKSTI/Payment_Information_Page/FIRST_NAME' is visible

2020-09-08 16:49:46 - [MESSAGE][PASSED] - Object 'Object Repository/CERTPAY_QUICKSTI/Payment_Information_Page/FIRST_NAME' is present

2020-09-08 16:49:47 - [MESSAGE][PASSED] - Text 'Tester' is set on object 'Object Repository/CERTPAY_QUICKSTI/Payment_Information_Page/FIRST_NAME'

2020-09-08 16:49:47 - [MESSAGE][PASSED] - Quicksti.ts:Entered'Tester into FirstName

2020-09-08 16:49:48 - [MESSAGE][PASSED] - Object 'Object Repository/CERTPAY_QUICKSTI/Payment_Information_Page/LAST_NAME' is present

2020-09-08 16:49:48 - [MESSAGE][PASSED] - Object 'Object Repository/CERTPAY_QUICKSTI/Payment_Information_Page/LAST_NAME' is visible

2020-09-08 16:49:48 - [MESSAGE][PASSED] - Object 'Object Repository/CERTPAY_QUICKSTI/Payment_Information_Page/LAST_NAME' is present

2020-09-08 16:49:50 - [MESSAGE][PASSED] - Text 'Zenq1' is set on object 'Object Repository/CERTPAY_QUICKSTI/Payment_Information_Page/LAST_NAME'

2020-09-08 16:49:50 - [MESSAGE][PASSED] - Quicksti.ts:Entered'Zenq1 into LAstName

2020-09-08 16:49:50 - [MESSAGE][PASSED] - Object 'Object Repository/CERTPAY_QUICKSTI/Payment_Information_Page/CARD_NUMBER' is present

2020-09-08 16:49:50 - [MESSAGE][PASSED] - Object 'Object Repository/CERTPAY_QUICKSTI/Payment_Information_Page/CARD_NUMBER' is visible

2020-09-08 16:49:51 - [MESSAGE][PASSED] - Object 'Object Repository/CERTPAY_QUICKSTI/Payment_Information_Page/CARD_NUMBER' is present

2020-09-08 16:49:52 - [MESSAGE][PASSED] - Text '8171999900000018' is set on object 'Object Repository/CERTPAY_QUICKSTI/Payment_Information_Page/CARD_NUMBER'

2020-09-08 16:49:52 - [MESSAGE][PASSED] - Quicksti.ts:Entered'8171999900000018 into CardNum

2020-09-08 16:49:52 - [TEST_STEP][PASSED] - pages.Quicksti.setExpDate(expMonth, expYear, securityCode): Quicksti.ts:Entered'111 into securityCode

2020-09-08 16:49:52 - [MESSAGE][PASSED] - Object 'Object Repository/CERTPAY_QUICKSTI/Payment_Information_Page/EXP_MONTH' is visible

2020-09-08 16:49:53 - [MESSAGE][PASSED] - Object 'Object Repository/CERTPAY_QUICKSTI/Payment_Information_Page/EXP_MONTH' is present

2020-09-08 16:49:54 - [MESSAGE][PASSED] - Object: 'Object Repository/CERTPAY_QUICKSTI/Payment_Information_Page/EXP_MONTH' is clicked on

2020-09-08 16:49:55 - [MESSAGE][PASSED] - All options with label '04' are selected in object 'Object Repository/CERTPAY_QUICKSTI/Payment_Information_Page/EXP_MONTH'  using regular expression

2020-09-08 16:49:55 - [MESSAGE][PASSED] - selected dropdown option by visible text  04from expMonth

2020-09-08 16:49:56 - [MESSAGE][PASSED] - Object 'Object Repository/CERTPAY_QUICKSTI/Payment_Information_Page/EXP_YEAR' is visible

2020-09-08 16:49:56 - [MESSAGE][PASSED] - Object 'Object Repository/CERTPAY_QUICKSTI/Payment_Information_Page/EXP_YEAR' is present

2020-09-08 16:49:57 - [MESSAGE][PASSED] - Object: 'Object Repository/CERTPAY_QUICKSTI/Payment_Information_Page/EXP_YEAR' is clicked on

2020-09-08 16:49:59 - [MESSAGE][PASSED] - All options with label '2027' are selected in object 'Object Repository/CERTPAY_QUICKSTI/Payment_Information_Page/EXP_YEAR'  using regular expression

2020-09-08 16:49:59 - [MESSAGE][PASSED] - selected dropdown option by visible text  2027from  expYear

2020-09-08 16:49:59 - [MESSAGE][PASSED] - Object 'Object Repository/CERTPAY_QUICKSTI/Payment_Information_Page/SECURITY_CODE' is present

2020-09-08 16:50:00 - [MESSAGE][PASSED] - Object 'Object Repository/CERTPAY_QUICKSTI/Payment_Information_Page/SECURITY_CODE' is visible

2020-09-08 16:50:00 - [MESSAGE][PASSED] - Object 'Object Repository/CERTPAY_QUICKSTI/Payment_Information_Page/SECURITY_CODE' is present

2020-09-08 16:50:01 - [MESSAGE][PASSED] - Text '111' is set on object 'Object Repository/CERTPAY_QUICKSTI/Payment_Information_Page/SECURITY_CODE'

2020-09-08 16:50:01 - [MESSAGE][PASSED] - Quicksti.ts:Entered'111 into securityCode

2020-09-08 16:50:01 - [TEST_STEP][PASSED] - utilities.SafeActions.safeType(findTestObject("CERTPAY_QUICKSTI/Payment_Information_Page/ADDRESS"), address, "Address", [pageLoadTime]): Quicksti.ts:Entered'14-2 into Address

2020-09-08 16:50:01 - [MESSAGE][PASSED] - Object 'Object Repository/CERTPAY_QUICKSTI/Payment_Information_Page/ADDRESS' is present

2020-09-08 16:50:02 - [MESSAGE][PASSED] - Object 'Object Repository/CERTPAY_QUICKSTI/Payment_Information_Page/ADDRESS' is visible

2020-09-08 16:50:02 - [MESSAGE][PASSED] - Object 'Object Repository/CERTPAY_QUICKSTI/Payment_Information_Page/ADDRESS' is present

2020-09-08 16:50:03 - [MESSAGE][PASSED] - Text '14-2' is set on object 'Object Repository/CERTPAY_QUICKSTI/Payment_Information_Page/ADDRESS'

2020-09-08 16:50:03 - [MESSAGE][PASSED] - Quicksti.ts:Entered'14-2 into Address

2020-09-08 16:50:03 - [TEST_STEP][PASSED] - utilities.SafeActions.safeType(findTestObject("CERTPAY_QUICKSTI/Payment_Information_Page/ZIP_CODE"), zipCode, "zipcode", [pageLoadTime]): Quicksti.ts:Entered'76102 into zipcode

2020-09-08 16:50:04 - [MESSAGE][PASSED] - Object 'Object Repository/CERTPAY_QUICKSTI/Payment_Information_Page/ZIP_CODE' is present

2020-09-08 16:50:04 - [MESSAGE][PASSED] - Object 'Object Repository/CERTPAY_QUICKSTI/Payment_Information_Page/ZIP_CODE' is visible

2020-09-08 16:50:04 - [MESSAGE][PASSED] - Object 'Object Repository/CERTPAY_QUICKSTI/Payment_Information_Page/ZIP_CODE' is present

2020-09-08 16:50:06 - [MESSAGE][PASSED] - Text '76102' is set on object 'Object Repository/CERTPAY_QUICKSTI/Payment_Information_Page/ZIP_CODE'

2020-09-08 16:50:06 - [MESSAGE][PASSED] - Quicksti.ts:Entered'76102 into zipcode

2020-09-08 16:50:06 - [TEST_STEP][PASSED] - utilities.SafeActions.safeType(findTestObject("CERTPAY_QUICKSTI/Payment_Information_Page/TELEPHONE"), telephone, "Telephone", [pageLoadTime]): Quicksti.ts:Entered'9989897654 into Telephone

2020-09-08 16:50:06 - [MESSAGE][PASSED] - Object 'Object Repository/CERTPAY_QUICKSTI/Payment_Information_Page/TELEPHONE' is present

2020-09-08 16:50:06 - [MESSAGE][PASSED] - Object 'Object Repository/CERTPAY_QUICKSTI/Payment_Information_Page/TELEPHONE' is visible

2020-09-08 16:50:06 - [MESSAGE][PASSED] - Object 'Object Repository/CERTPAY_QUICKSTI/Payment_Information_Page/TELEPHONE' is present

2020-09-08 16:50:08 - [MESSAGE][PASSED] - Text '9989897654' is set on object 'Object Repository/CERTPAY_QUICKSTI/Payment_Information_Page/TELEPHONE'

2020-09-08 16:50:08 - [MESSAGE][PASSED] - Quicksti.ts:Entered'9989897654 into Telephone

2020-09-08 16:50:08 - [TEST_STEP][PASSED] - utilities.SafeActions.safeType(findTestObject("CERTPAY_QUICKSTI/Payment_Information_Page/EMAIL_ADDRESS"), emailAddress, "EMAIL address", [pageLoadTime]): Quicksti.ts:Entered'testing@zenq.com into EMAIL address

2020-09-08 16:50:08 - [MESSAGE][PASSED] - Object 'Object Repository/CERTPAY_QUICKSTI/Payment_Information_Page/EMAIL_ADDRESS' is present

2020-09-08 16:50:08 - [MESSAGE][PASSED] - Object 'Object Repository/CERTPAY_QUICKSTI/Payment_Information_Page/EMAIL_ADDRESS' is visible

2020-09-08 16:50:09 - [MESSAGE][PASSED] - Object 'Object Repository/CERTPAY_QUICKSTI/Payment_Information_Page/EMAIL_ADDRESS' is present

2020-09-08 16:50:10 - [MESSAGE][PASSED] - Text 'testing@zenq.com' is set on object 'Object Repository/CERTPAY_QUICKSTI/Payment_Information_Page/EMAIL_ADDRESS'

2020-09-08 16:50:10 - [MESSAGE][PASSED] - Quicksti.ts:Entered'testing@zenq.com into EMAIL address

2020-09-08 16:50:10 - [TEST_STEP][PASSED] - utilities.SafeActions.safeClick(findTestObject("CERTPAY_QUICKSTI/Payment_Information_Page/NEXT_BUTTON"), "Next", [pageLoadTime]): Quicksti.ts:Clicked on the Next

2020-09-08 16:50:10 - [MESSAGE][INFO] - safeClicking

2020-09-08 16:50:10 - [MESSAGE][PASSED] - Object 'Object Repository/CERTPAY_QUICKSTI/Payment_Information_Page/NEXT_BUTTON' is present

2020-09-08 16:50:11 - [MESSAGE][PASSED] - Object 'Object Repository/CERTPAY_QUICKSTI/Payment_Information_Page/NEXT_BUTTON' is clickable

2020-09-08 16:50:14 - [MESSAGE][PASSED] - Object: 'Object Repository/CERTPAY_QUICKSTI/Payment_Information_Page/NEXT_BUTTON' is clicked on

2020-09-08 16:50:14 - [MESSAGE][PASSED] - Quicksti.ts:Clicked on the Next

2020-09-08 16:50:14 - [TEST_STEP][PASSED] - pages.Quicksti.verifyUserPaymentDetails(paymentAmount, firstName, lastName, CardNumber): pages.Quicksti.verifyUserPaymentDetails is PASSED

2020-09-08 16:50:15 - [MESSAGE][PASSED] - Text of object 'Object Repository/CERTPAY_QUICKSTI/Payment_Details_Verification_Page/AMOUNT' is: '$30.00'

2020-09-08 16:50:15 - [MESSAGE][PASSED] - Actual text '30.00' and expected text '30.00' are matched  using regular expression

2020-09-08 16:50:15 - [MESSAGE][PASSED] - Text of object 'Object Repository/CERTPAY_QUICKSTI/Payment_Details_Verification_Page/NAME' is: 'Tester Zenq1'

2020-09-08 16:50:15 - [MESSAGE][PASSED] - Actual text 'Tester Zenq1' and expected text 'Tester Zenq1' are matched  using regular expression

2020-09-08 16:50:16 - [MESSAGE][PASSED] - Text of object 'Object Repository/CERTPAY_QUICKSTI/Payment_Details_Verification_Page/CARD_NUMBER' is: '...0018'

2020-09-08 16:50:16 - [MESSAGE][PASSED] - Actual text '0018' and expected text '0018' are matched  using regular expression

2020-09-08 16:50:16 - [MESSAGE][PASSED] - pages.Quicksti.verifyUserPaymentDetails is PASSED

2020-09-08 16:50:16 - [TEST_STEP][PASSED] - delay(2): Delayed 2 second(s)

2020-09-08 16:50:18 - [MESSAGE][PASSED] - Delayed 2 second(s)

2020-09-08 16:50:18 - [TEST_STEP][PASSED] - scrollToElement(findTestObject("CERTPAY_QUICKSTI/Payment_Details_Verification_Page/PROCESS"), 0): Scroll to object 'Object Repository/CERTPAY_QUICKSTI/Payment_Details_Verification_Page/PROCESS' successfully

2020-09-08 16:50:18 - [MESSAGE][WARNING] - Timeout '0' is invalid. Using default page load timeout: '30'

2020-09-08 16:50:18 - [MESSAGE][PASSED] - Scroll to object 'Object Repository/CERTPAY_QUICKSTI/Payment_Details_Verification_Page/PROCESS' successfully

2020-09-08 16:50:18 - [TEST_STEP][PASSED] - utilities.SafeActions.safeClick(findTestObject("CERTPAY_QUICKSTI/Payment_Details_Verification_Page/PROCESS"), "Process", [pageLoadTime]): Quicksti.ts:Clicked on the Process

2020-09-08 16:50:18 - [MESSAGE][INFO] - safeClicking

2020-09-08 16:50:18 - [MESSAGE][PASSED] - Object 'Object Repository/CERTPAY_QUICKSTI/Payment_Details_Verification_Page/PROCESS' is present

2020-09-08 16:50:19 - [MESSAGE][PASSED] - Object 'Object Repository/CERTPAY_QUICKSTI/Payment_Details_Verification_Page/PROCESS' is clickable

2020-09-08 16:50:24 - [MESSAGE][PASSED] - Object: 'Object Repository/CERTPAY_QUICKSTI/Payment_Details_Verification_Page/PROCESS' is clicked on

2020-09-08 16:50:24 - [MESSAGE][PASSED] - Quicksti.ts:Clicked on the Process

2020-09-08 16:50:24 - [TEST_STEP][PASSED] - PaymentId = pages.Quicksti.verifyPaymentApproval(findTestObject("CERTPAY_QUICKSTI/Payment_Details_Verification_Page/APPROVED")): Payment is approved

2020-09-08 16:50:25 - [MESSAGE][PASSED] - Text of object 'Object Repository/CERTPAY_QUICKSTI/Payment_Details_Verification_Page/PAYMENT_ID' is: '100176112355'

2020-09-08 16:50:25 - [MESSAGE][PASSED] - Object 'Object Repository/CERTPAY_QUICKSTI/Payment_Details_Verification_Page/APPROVED' is present

2020-09-08 16:50:25 - [MESSAGE][PASSED] - Payment is approved

2020-09-08 16:50:27 - [TEST_STEP][PASSED] - navigateToUrl(Admin_url): Navigate to 'https://qa-certpayadmin.faps.net' successfully

2020-09-08 16:50:32 - [MESSAGE][PASSED] - Navigate to 'https://qa-certpayadmin.faps.net' successfully

2020-09-08 16:50:32 - [TEST_STEP][PASSED] - pages.Bureau_Login_Page.loginToAdminSite(AdminUsername, AdminPassword): Quicksti.ts:Clicked on the LOGIN

2020-09-08 16:50:33 - [MESSAGE][PASSED] - Object 'Object Repository/CERTPAY_ADMIN/USER_NAME' is present

2020-09-08 16:50:33 - [MESSAGE][PASSED] - Object 'Object Repository/CERTPAY_ADMIN/USER_NAME' is visible

2020-09-08 16:50:33 - [MESSAGE][PASSED] - Object 'Object Repository/CERTPAY_ADMIN/USER_NAME' is present

2020-09-08 16:50:34 - [MESSAGE][PASSED] - Text 'VVangiliappan' is set on object 'Object Repository/CERTPAY_ADMIN/USER_NAME'

2020-09-08 16:50:34 - [MESSAGE][PASSED] - Quicksti.ts:Entered'VVangiliappan into username

2020-09-08 16:50:35 - [MESSAGE][PASSED] - Object 'Object Repository/CERTPAY_ADMIN/PASSWORD' is present

2020-09-08 16:50:35 - [MESSAGE][PASSED] - Object 'Object Repository/CERTPAY_ADMIN/PASSWORD' is visible

2020-09-08 16:50:35 - [MESSAGE][PASSED] - Object 'Object Repository/CERTPAY_ADMIN/PASSWORD' is present

2020-09-08 16:50:37 - [MESSAGE][PASSED] - Text 'Knila@12345' is set on object 'Object Repository/CERTPAY_ADMIN/PASSWORD'

2020-09-08 16:50:37 - [MESSAGE][PASSED] - Quicksti.ts:Entered'Knila@12345 into password

2020-09-08 16:50:37 - [MESSAGE][INFO] - safeClicking

2020-09-08 16:50:37 - [MESSAGE][PASSED] - Object 'Object Repository/CERTPAY_ADMIN/LOGIN_BUTTON' is present

2020-09-08 16:50:37 - [MESSAGE][PASSED] - Object 'Object Repository/CERTPAY_ADMIN/LOGIN_BUTTON' is clickable

2020-09-08 16:50:45 - [MESSAGE][PASSED] - Object: 'Object Repository/CERTPAY_ADMIN/LOGIN_BUTTON' is clicked on

2020-09-08 16:50:45 - [MESSAGE][PASSED] - Quicksti.ts:Clicked on the LOGIN

2020-09-08 16:50:45 - [TEST_STEP][PASSED] - utilities.SafeActions.safeClick(findTestObject("CERTPAY_ADMIN/TRANSACTION_SEARCH"), "TransactionSearch", [pageLoadTime]): Quicksti.ts:Clicked on the TransactionSearch

2020-09-08 16:50:45 - [MESSAGE][INFO] - safeClicking

2020-09-08 16:50:45 - [MESSAGE][PASSED] - Object 'Object Repository/CERTPAY_ADMIN/TRANSACTION_SEARCH' is present

2020-09-08 16:50:46 - [MESSAGE][PASSED] - Object 'Object Repository/CERTPAY_ADMIN/TRANSACTION_SEARCH' is clickable

2020-09-08 16:50:48 - [MESSAGE][PASSED] - Object: 'Object Repository/CERTPAY_ADMIN/TRANSACTION_SEARCH' is clicked on

2020-09-08 16:50:48 - [MESSAGE][PASSED] - Quicksti.ts:Clicked on the TransactionSearch

2020-09-08 16:50:48 - [TEST_STEP][PASSED] - utilities.SafeActions.safeType(findTestObject("CERTPAY_ADMIN/PAYMENT_ID"), PaymentId, "Payment id", [pageLoadTime]): Quicksti.ts:Entered'100176112355 into Payment id

2020-09-08 16:50:48 - [MESSAGE][PASSED] - Object 'Object Repository/CERTPAY_ADMIN/PAYMENT_ID' is present

2020-09-08 16:50:49 - [MESSAGE][PASSED] - Object 'Object Repository/CERTPAY_ADMIN/PAYMENT_ID' is visible

2020-09-08 16:50:49 - [MESSAGE][PASSED] - Object 'Object Repository/CERTPAY_ADMIN/PAYMENT_ID' is present

2020-09-08 16:50:50 - [MESSAGE][PASSED] - Text '100176112355' is set on object 'Object Repository/CERTPAY_ADMIN/PAYMENT_ID'

2020-09-08 16:50:50 - [MESSAGE][PASSED] - Quicksti.ts:Entered'100176112355 into Payment id

2020-09-08 16:50:50 - [TEST_STEP][PASSED] - utilities.SafeActions.safeClick(findTestObject("CERTPAY_ADMIN/GO_BUTTON"), "Go button", [pageLoadTime]): Quicksti.ts:Clicked on the Go button

2020-09-08 16:50:50 - [MESSAGE][INFO] - safeClicking

2020-09-08 16:50:51 - [MESSAGE][PASSED] - Object 'Object Repository/CERTPAY_ADMIN/GO_BUTTON' is present

2020-09-08 16:50:51 - [MESSAGE][PASSED] - Object 'Object Repository/CERTPAY_ADMIN/GO_BUTTON' is clickable

2020-09-08 16:50:55 - [MESSAGE][PASSED] - Object: 'Object Repository/CERTPAY_ADMIN/GO_BUTTON' is clicked on

2020-09-08 16:50:55 - [MESSAGE][PASSED] - Quicksti.ts:Clicked on the Go button

2020-09-08 16:50:55 - [TEST_STEP][PASSED] - delay(5): Delayed 5 second(s)

2020-09-08 16:51:00 - [MESSAGE][PASSED] - Delayed 5 second(s)

2020-09-08 16:51:00 - [TEST_STEP][PASSED] - scrollToPosition(800, 900): Browser is scrolled to position x = 800, y = 900

2020-09-08 16:51:00 - [MESSAGE][PASSED] - Browser is scrolled to position x = 800, y = 900

2020-09-08 16:51:00 - [TEST_STEP][PASSED] - firstName = data.getValue("FirstName", index): null

2020-09-08 16:51:00 - [TEST_STEP][PASSED] - lastName = data.getValue("LastName", index): null

2020-09-08 16:51:00 - [TEST_STEP][PASSED] - expMonth = data.getValue("ExpMonth", index): null

2020-09-08 16:51:00 - [TEST_STEP][PASSED] - expYear = data.getValue("ExpYear", index): null

2020-09-08 16:51:00 - [TEST_STEP][PASSED] - securityCode = data.getValue("SecurityCode", index): null

2020-09-08 16:51:00 - [TEST_STEP][PASSED] - paymentAmount = data.getValue("PaymentAmount", index): null

2020-09-08 16:51:00 - [TEST_STEP][PASSED] - paymentType = data.getValue("PaymentType", index): null

2020-09-08 16:51:00 - [TEST_STEP][PASSED] - quantity = data.getValue("Quantity", index): null

2020-09-08 16:51:00 - [TEST_STEP][PASSED] - comments = data.getValue("Comments", index): null

2020-09-08 16:51:00 - [TEST_STEP][PASSED] - referenceNum = data.getValue("ReferenceNum", index): null

2020-09-08 16:51:00 - [TEST_STEP][PASSED] - address = data.getValue("Address", index): null

2020-09-08 16:51:00 - [TEST_STEP][PASSED] - zipCode = data.getValue("Zipcode", index): null

2020-09-08 16:51:00 - [TEST_STEP][PASSED] - telephone = data.getValue("Telephone", index): null

2020-09-08 16:51:00 - [TEST_STEP][PASSED] - emailAddress = data.getValue("EmailAddress", index): null

2020-09-08 16:51:00 - [TEST_STEP][PASSED] - cardNum = data.getValue("CardNumber", index): null

2020-09-08 16:51:00 - [TEST_STEP][PASSED] - cardType = data.getValue("CardType", index): null

2020-09-08 16:51:00 - [TEST_STEP][PASSED] - utilities.SafeActions.openBrowser(Quicksti_Url, [pageLoadTime]): Browser launched successfully

2020-09-08 16:51:00 - [MESSAGE][INFO] - Opening Browser

2020-09-08 16:51:00 - [MESSAGE][WARNING] - A browser is already opened. Closing browser and opening a new one

2020-09-08 16:51:01 - [MESSAGE][INFO] - Starting 'Chrome' driver

2020-09-08 16:51:10 - [MESSAGE][PASSED] - Browser is opened with url: 'https://qa-certpayquicksti.faps.net/'

2020-09-08 16:51:12 - [MESSAGE][PASSED] - Current window maximized

2020-09-08 16:51:12 - [MESSAGE][PASSED] - Browser launched successfully

2020-09-08 16:51:12 - [TEST_STEP][PASSED] - utilities.SafeActions.safeCheck(findTestObject("CERTPAY_QUICKSTI/Login_ Page/MULTI_BUREAU_CHECKBOX"), "Multi Bureau", [pageLoadTime]): Quicksti.ts:Checkbox 'Multi Bureau'is selected

2020-09-08 16:51:12 - [MESSAGE][PASSED] - Object 'Object Repository/CERTPAY_QUICKSTI/Login_ Page/MULTI_BUREAU_CHECKBOX' is present

2020-09-08 16:51:13 - [MESSAGE][PASSED] - Object 'Object Repository/CERTPAY_QUICKSTI/Login_ Page/MULTI_BUREAU_CHECKBOX' is present

2020-09-08 16:51:15 - [MESSAGE][PASSED] - Object: 'Object Repository/CERTPAY_QUICKSTI/Login_ Page/MULTI_BUREAU_CHECKBOX' is clicked on

2020-09-08 16:51:15 - [MESSAGE][PASSED] - Quicksti.ts:Checkbox 'Multi Bureau'is selected

2020-09-08 16:51:15 - [TEST_STEP][PASSED] - utilities.SafeActions.safeType(findTestObject("CERTPAY_QUICKSTI/Login_ Page/TELLER_ID"), teller_id, "Bureau code", [pageLoadTime]): Quicksti.ts:Entered'zenq into Bureau code

2020-09-08 16:51:16 - [MESSAGE][PASSED] - Object 'Object Repository/CERTPAY_QUICKSTI/Login_ Page/TELLER_ID' is present

2020-09-08 16:51:16 - [MESSAGE][PASSED] - Object 'Object Repository/CERTPAY_QUICKSTI/Login_ Page/TELLER_ID' is visible

2020-09-08 16:51:16 - [MESSAGE][PASSED] - Object 'Object Repository/CERTPAY_QUICKSTI/Login_ Page/TELLER_ID' is present

2020-09-08 16:51:17 - [MESSAGE][PASSED] - Text 'zenq' is set on object 'Object Repository/CERTPAY_QUICKSTI/Login_ Page/TELLER_ID'

2020-09-08 16:51:17 - [MESSAGE][PASSED] - Quicksti.ts:Entered'zenq into Bureau code

2020-09-08 16:51:17 - [TEST_STEP][PASSED] - utilities.SafeActions.safeClick(findTestObject("CERTPAY_QUICKSTI/Login_ Page/NEXT_BUTTON"), "Next button", [pageLoadTime]): Quicksti.ts:Clicked on the Next button

2020-09-08 16:51:18 - [MESSAGE][INFO] - safeClicking

2020-09-08 16:51:18 - [MESSAGE][PASSED] - Object 'Object Repository/CERTPAY_QUICKSTI/Login_ Page/NEXT_BUTTON' is present

2020-09-08 16:51:18 - [MESSAGE][PASSED] - Object 'Object Repository/CERTPAY_QUICKSTI/Login_ Page/NEXT_BUTTON' is clickable

2020-09-08 16:51:23 - [MESSAGE][PASSED] - Object: 'Object Repository/CERTPAY_QUICKSTI/Login_ Page/NEXT_BUTTON' is clicked on

2020-09-08 16:51:23 - [MESSAGE][PASSED] - Quicksti.ts:Clicked on the Next button

2020-09-08 16:51:23 - [TEST_STEP][PASSED] - pages.Quicksti.setCommnets("0", "0", comments): Quicksti.ts:Entered'Testing into Comments

2020-09-08 16:51:23 - [MESSAGE][PASSED] - Object '' is present

2020-09-08 16:51:23 - [MESSAGE][PASSED] - Object '' is visible

2020-09-08 16:51:24 - [MESSAGE][PASSED] - Object '' is present

2020-09-08 16:51:25 - [MESSAGE][PASSED] - Text 'Testing' is set on object ''

2020-09-08 16:51:25 - [MESSAGE][PASSED] - Quicksti.ts:Entered'Testing into Comments

2020-09-08 16:51:25 - [TEST_STEP][PASSED] - utilities.SafeActions.safeType(findTestObject("CERTPAY_QUICKSTI/Payment_Information_Page/PAYMENT_AMOUNT"), paymentAmount, "Payment Amount", [pageLoadTime]): Quicksti.ts:Entered'35.00 into Payment Amount

2020-09-08 16:51:26 - [MESSAGE][PASSED] - Object 'Object Repository/CERTPAY_QUICKSTI/Payment_Information_Page/PAYMENT_AMOUNT' is present

2020-09-08 16:51:26 - [MESSAGE][PASSED] - Object 'Object Repository/CERTPAY_QUICKSTI/Payment_Information_Page/PAYMENT_AMOUNT' is visible

2020-09-08 16:51:26 - [MESSAGE][PASSED] - Object 'Object Repository/CERTPAY_QUICKSTI/Payment_Information_Page/PAYMENT_AMOUNT' is present

2020-09-08 16:51:28 - [MESSAGE][PASSED] - Text '35.00' is set on object 'Object Repository/CERTPAY_QUICKSTI/Payment_Information_Page/PAYMENT_AMOUNT'

2020-09-08 16:51:28 - [MESSAGE][PASSED] - Quicksti.ts:Entered'35.00 into Payment Amount

2020-09-08 16:51:28 - [TEST_STEP][PASSED] - pages.Quicksti.setAmountDetailsForMultiBureau("0", paymentType, "0", referenceNum, quantity): Quicksti.ts:Entered'1 into Quntity

2020-09-08 16:51:28 - [MESSAGE][PASSED] - Object '' is visible

2020-09-08 16:51:28 - [MESSAGE][PASSED] - Object '' is present

2020-09-08 16:51:30 - [MESSAGE][PASSED] - Object: '' is clicked on

2020-09-08 16:51:31 - [MESSAGE][PASSED] - All options with label 'Taxes' are selected in object ''  using regular expression

2020-09-08 16:51:31 - [MESSAGE][PASSED] - selected dropdown option by visible text  Taxesfrom Payment Type

2020-09-08 16:51:31 - [MESSAGE][PASSED] - Object '' is present

2020-09-08 16:51:32 - [MESSAGE][PASSED] - Object '' is visible

2020-09-08 16:51:32 - [MESSAGE][PASSED] - Object '' is present

2020-09-08 16:51:33 - [MESSAGE][PASSED] - Text '11' is set on object ''

2020-09-08 16:51:33 - [MESSAGE][PASSED] - Quicksti.ts:Entered'11 into RefrenceNumber

2020-09-08 16:51:34 - [MESSAGE][PASSED] - Object '' is present

2020-09-08 16:51:34 - [MESSAGE][PASSED] - Object '' is visible

2020-09-08 16:51:34 - [MESSAGE][PASSED] - Object '' is present

2020-09-08 16:51:36 - [MESSAGE][PASSED] - Text '1' is set on object ''

2020-09-08 16:51:36 - [MESSAGE][PASSED] - Quicksti.ts:Entered'1 into Quntity

2020-09-08 16:51:36 - [TEST_STEP][PASSED] - utilities.SafeActions.safeType(findTestObject("CERTPAY_QUICKSTI/Payment_Information_Page/MULTIBUREAU_PAYMENT_AMOUNT"), paymentAmount, "Payment Amount", [pageLoadTime]): Quicksti.ts:Entered'35.00 into Payment Amount

2020-09-08 16:51:36 - [MESSAGE][PASSED] - Object 'Object Repository/CERTPAY_QUICKSTI/Payment_Information_Page/MULTIBUREAU_PAYMENT_AMOUNT' is present

2020-09-08 16:51:36 - [MESSAGE][PASSED] - Object 'Object Repository/CERTPAY_QUICKSTI/Payment_Information_Page/MULTIBUREAU_PAYMENT_AMOUNT' is visible

2020-09-08 16:51:37 - [MESSAGE][PASSED] - Object 'Object Repository/CERTPAY_QUICKSTI/Payment_Information_Page/MULTIBUREAU_PAYMENT_AMOUNT' is present

2020-09-08 16:51:38 - [MESSAGE][PASSED] - Text '35.00' is set on object 'Object Repository/CERTPAY_QUICKSTI/Payment_Information_Page/MULTIBUREAU_PAYMENT_AMOUNT'

2020-09-08 16:51:38 - [MESSAGE][PASSED] - Quicksti.ts:Entered'35.00 into Payment Amount

2020-09-08 16:51:38 - [TEST_STEP][PASSED] - pages.Quicksti.setAmountDetailsForMultiBureau("0", "Registration Fees", "1", referenceNum, quantity): Quicksti.ts:Entered'1 into Quntity

2020-09-08 16:51:39 - [MESSAGE][PASSED] - Object '' is visible

2020-09-08 16:51:39 - [MESSAGE][PASSED] - Object '' is present

2020-09-08 16:51:40 - [MESSAGE][PASSED] - Object: '' is clicked on

2020-09-08 16:51:41 - [MESSAGE][PASSED] - All options with label 'Registration Fees' are selected in object ''  using regular expression

2020-09-08 16:51:41 - [MESSAGE][PASSED] - selected dropdown option by visible text  Registration Feesfrom Payment Type

2020-09-08 16:51:42 - [MESSAGE][PASSED] - Object '' is present

2020-09-08 16:51:42 - [MESSAGE][PASSED] - Object '' is visible

2020-09-08 16:51:42 - [MESSAGE][PASSED] - Object '' is present

2020-09-08 16:51:44 - [MESSAGE][PASSED] - Text '11' is set on object ''

2020-09-08 16:51:44 - [MESSAGE][PASSED] - Quicksti.ts:Entered'11 into RefrenceNumber

2020-09-08 16:51:44 - [MESSAGE][PASSED] - Object '' is present

2020-09-08 16:51:44 - [MESSAGE][PASSED] - Object '' is visible

2020-09-08 16:51:45 - [MESSAGE][PASSED] - Object '' is present

2020-09-08 16:51:46 - [MESSAGE][PASSED] - Text '1' is set on object ''

2020-09-08 16:51:46 - [MESSAGE][PASSED] - Quicksti.ts:Entered'1 into Quntity

2020-09-08 16:51:46 - [TEST_STEP][PASSED] - utilities.SafeActions.safeType(findTestObject("CERTPAY_QUICKSTI/Payment_Information_Page/MULTIBUREAU_PAY_AMOUNT2"), paymentAmount, "Payment Amount", [pageLoadTime]): Quicksti.ts:Entered'35.00 into Payment Amount

2020-09-08 16:51:46 - [MESSAGE][PASSED] - Object 'Object Repository/CERTPAY_QUICKSTI/Payment_Information_Page/MULTIBUREAU_PAY_AMOUNT2' is present

2020-09-08 16:51:47 - [MESSAGE][PASSED] - Object 'Object Repository/CERTPAY_QUICKSTI/Payment_Information_Page/MULTIBUREAU_PAY_AMOUNT2' is visible

2020-09-08 16:51:47 - [MESSAGE][PASSED] - Object 'Object Repository/CERTPAY_QUICKSTI/Payment_Information_Page/MULTIBUREAU_PAY_AMOUNT2' is present

2020-09-08 16:51:48 - [MESSAGE][PASSED] - Text '35.00' is set on object 'Object Repository/CERTPAY_QUICKSTI/Payment_Information_Page/MULTIBUREAU_PAY_AMOUNT2'

2020-09-08 16:51:48 - [MESSAGE][PASSED] - Quicksti.ts:Entered'35.00 into Payment Amount

2020-09-08 16:51:48 - [TEST_STEP][PASSED] - pages.Quicksti.setCommnets("2", "0", "Tester"): Quicksti.ts:Entered'Tester into Comments

2020-09-08 16:51:49 - [MESSAGE][PASSED] - Object '' is present

2020-09-08 16:51:49 - [MESSAGE][PASSED] - Object '' is visible

2020-09-08 16:51:49 - [MESSAGE][PASSED] - Object '' is present

2020-09-08 16:51:51 - [MESSAGE][PASSED] - Text 'Tester' is set on object ''

2020-09-08 16:51:51 - [MESSAGE][PASSED] - Quicksti.ts:Entered'Tester into Comments

2020-09-08 16:51:51 - [TEST_STEP][PASSED] - pages.Quicksti.setAmountDetailsForMultiBureau("0", "Vehicles", "2", referenceNum, quantity): Quicksti.ts:Entered'1 into Quntity

2020-09-08 16:51:51 - [MESSAGE][PASSED] - Object '' is visible

2020-09-08 16:51:51 - [MESSAGE][PASSED] - Object '' is present

2020-09-08 16:51:53 - [MESSAGE][PASSED] - Object: '' is clicked on

2020-09-08 16:51:54 - [MESSAGE][PASSED] - All options with label 'Vehicles' are selected in object ''  using regular expression

2020-09-08 16:51:54 - [MESSAGE][PASSED] - selected dropdown option by visible text  Vehiclesfrom Payment Type

2020-09-08 16:51:54 - [MESSAGE][PASSED] - Object '' is present

2020-09-08 16:51:55 - [MESSAGE][PASSED] - Object '' is visible

2020-09-08 16:51:55 - [MESSAGE][PASSED] - Object '' is present

2020-09-08 16:51:56 - [MESSAGE][PASSED] - Text '11' is set on object ''

2020-09-08 16:51:56 - [MESSAGE][PASSED] - Quicksti.ts:Entered'11 into RefrenceNumber

2020-09-08 16:51:56 - [MESSAGE][PASSED] - Object '' is present

2020-09-08 16:51:57 - [MESSAGE][PASSED] - Object '' is visible

2020-09-08 16:51:57 - [MESSAGE][PASSED] - Object '' is present

2020-09-08 16:51:58 - [MESSAGE][PASSED] - Text '1' is set on object ''

2020-09-08 16:51:58 - [MESSAGE][PASSED] - Quicksti.ts:Entered'1 into Quntity

2020-09-08 16:51:58 - [TEST_STEP][PASSED] - utilities.SafeActions.safeClick(findTestObject("CERTPAY_QUICKSTI/Payment_Information_Page/MANUAL_ENTRY_BUTTON"), "ManualEntry", [pageLoadTime]): Quicksti.ts:Clicked on the ManualEntry

2020-09-08 16:51:58 - [MESSAGE][INFO] - safeClicking

2020-09-08 16:51:59 - [MESSAGE][PASSED] - Object 'Object Repository/CERTPAY_QUICKSTI/Payment_Information_Page/MANUAL_ENTRY_BUTTON' is present

2020-09-08 16:51:59 - [MESSAGE][PASSED] - Object 'Object Repository/CERTPAY_QUICKSTI/Payment_Information_Page/MANUAL_ENTRY_BUTTON' is clickable

2020-09-08 16:52:03 - [MESSAGE][PASSED] - Object: 'Object Repository/CERTPAY_QUICKSTI/Payment_Information_Page/MANUAL_ENTRY_BUTTON' is clicked on

2020-09-08 16:52:03 - [MESSAGE][PASSED] - Quicksti.ts:Clicked on the ManualEntry

2020-09-08 16:52:03 - [TEST_STEP][PASSED] - amount_Value = pages.Quicksti.getAttributeValue(findTestObject("CERTPAY_QUICKSTI/Payment_Information_Page/SUB_TOTAL")): pages.Quicksti.getAttributeValue is PASSED

2020-09-08 16:52:04 - [MESSAGE][PASSED] - Attribute 'value' of object 'Object Repository/CERTPAY_QUICKSTI/Payment_Information_Page/SUB_TOTAL' is: '35.00'

2020-09-08 16:52:04 - [MESSAGE][PASSED] - pages.Quicksti.getAttributeValue is PASSED

2020-09-08 16:52:04 - [TEST_STEP][PASSED] - CardNumber = pages.Quicksti.setUserPaymentDetails(firstName, lastName, cardNum): Quicksti.ts:Entered'374245003731006 into CardNum

2020-09-08 16:52:04 - [MESSAGE][PASSED] - Object 'Object Repository/CERTPAY_QUICKSTI/Payment_Information_Page/FIRST_NAME' is present

2020-09-08 16:52:05 - [MESSAGE][PASSED] - Object 'Object Repository/CERTPAY_QUICKSTI/Payment_Information_Page/FIRST_NAME' is visible

2020-09-08 16:52:05 - [MESSAGE][PASSED] - Object 'Object Repository/CERTPAY_QUICKSTI/Payment_Information_Page/FIRST_NAME' is present

2020-09-08 16:52:06 - [MESSAGE][PASSED] - Text 'Tester' is set on object 'Object Repository/CERTPAY_QUICKSTI/Payment_Information_Page/FIRST_NAME'

2020-09-08 16:52:06 - [MESSAGE][PASSED] - Quicksti.ts:Entered'Tester into FirstName

2020-09-08 16:52:07 - [MESSAGE][PASSED] - Object 'Object Repository/CERTPAY_QUICKSTI/Payment_Information_Page/LAST_NAME' is present

2020-09-08 16:52:07 - [MESSAGE][PASSED] - Object 'Object Repository/CERTPAY_QUICKSTI/Payment_Information_Page/LAST_NAME' is visible

2020-09-08 16:52:07 - [MESSAGE][PASSED] - Object 'Object Repository/CERTPAY_QUICKSTI/Payment_Information_Page/LAST_NAME' is present

2020-09-08 16:52:08 - [MESSAGE][PASSED] - Text 'Zenq1' is set on object 'Object Repository/CERTPAY_QUICKSTI/Payment_Information_Page/LAST_NAME'

2020-09-08 16:52:08 - [MESSAGE][PASSED] - Quicksti.ts:Entered'Zenq1 into LAstName

2020-09-08 16:52:09 - [MESSAGE][PASSED] - Object 'Object Repository/CERTPAY_QUICKSTI/Payment_Information_Page/CARD_NUMBER' is present

2020-09-08 16:52:09 - [MESSAGE][PASSED] - Object 'Object Repository/CERTPAY_QUICKSTI/Payment_Information_Page/CARD_NUMBER' is visible

2020-09-08 16:52:09 - [MESSAGE][PASSED] - Object 'Object Repository/CERTPAY_QUICKSTI/Payment_Information_Page/CARD_NUMBER' is present

2020-09-08 16:52:11 - [MESSAGE][PASSED] - Text '374245003731006' is set on object 'Object Repository/CERTPAY_QUICKSTI/Payment_Information_Page/CARD_NUMBER'

2020-09-08 16:52:11 - [MESSAGE][PASSED] - Quicksti.ts:Entered'374245003731006 into CardNum

2020-09-08 16:52:11 - [TEST_STEP][PASSED] - pages.Quicksti.setExpDate(expMonth, expYear, securityCode): Quicksti.ts:Entered'111 into securityCode

2020-09-08 16:52:11 - [MESSAGE][PASSED] - Object 'Object Repository/CERTPAY_QUICKSTI/Payment_Information_Page/EXP_MONTH' is visible

2020-09-08 16:52:11 - [MESSAGE][PASSED] - Object 'Object Repository/CERTPAY_QUICKSTI/Payment_Information_Page/EXP_MONTH' is present

2020-09-08 16:52:13 - [MESSAGE][PASSED] - Object: 'Object Repository/CERTPAY_QUICKSTI/Payment_Information_Page/EXP_MONTH' is clicked on

2020-09-08 16:52:14 - [MESSAGE][PASSED] - All options with label '05' are selected in object 'Object Repository/CERTPAY_QUICKSTI/Payment_Information_Page/EXP_MONTH'  using regular expression

2020-09-08 16:52:14 - [MESSAGE][PASSED] - selected dropdown option by visible text  05from expMonth

2020-09-08 16:52:14 - [MESSAGE][PASSED] - Object 'Object Repository/CERTPAY_QUICKSTI/Payment_Information_Page/EXP_YEAR' is visible

2020-09-08 16:52:15 - [MESSAGE][PASSED] - Object 'Object Repository/CERTPAY_QUICKSTI/Payment_Information_Page/EXP_YEAR' is present

2020-09-08 16:52:16 - [MESSAGE][PASSED] - Object: 'Object Repository/CERTPAY_QUICKSTI/Payment_Information_Page/EXP_YEAR' is clicked on

2020-09-08 16:52:17 - [MESSAGE][PASSED] - All options with label '2022' are selected in object 'Object Repository/CERTPAY_QUICKSTI/Payment_Information_Page/EXP_YEAR'  using regular expression

2020-09-08 16:52:17 - [MESSAGE][PASSED] - selected dropdown option by visible text  2022from  expYear

2020-09-08 16:52:18 - [MESSAGE][PASSED] - Object 'Object Repository/CERTPAY_QUICKSTI/Payment_Information_Page/SECURITY_CODE' is present

2020-09-08 16:52:18 - [MESSAGE][PASSED] - Object 'Object Repository/CERTPAY_QUICKSTI/Payment_Information_Page/SECURITY_CODE' is visible

2020-09-08 16:52:18 - [MESSAGE][PASSED] - Object 'Object Repository/CERTPAY_QUICKSTI/Payment_Information_Page/SECURITY_CODE' is present

2020-09-08 16:52:20 - [MESSAGE][PASSED] - Text '111' is set on object 'Object Repository/CERTPAY_QUICKSTI/Payment_Information_Page/SECURITY_CODE'

2020-09-08 16:52:20 - [MESSAGE][PASSED] - Quicksti.ts:Entered'111 into securityCode

2020-09-08 16:52:20 - [TEST_STEP][PASSED] - utilities.SafeActions.safeType(findTestObject("CERTPAY_QUICKSTI/Payment_Information_Page/ADDRESS"), address, "Address", [pageLoadTime]): Quicksti.ts:Entered'14-2 into Address

2020-09-08 16:52:20 - [MESSAGE][PASSED] - Object 'Object Repository/CERTPAY_QUICKSTI/Payment_Information_Page/ADDRESS' is present

2020-09-08 16:52:20 - [MESSAGE][PASSED] - Object 'Object Repository/CERTPAY_QUICKSTI/Payment_Information_Page/ADDRESS' is visible

2020-09-08 16:52:21 - [MESSAGE][PASSED] - Object 'Object Repository/CERTPAY_QUICKSTI/Payment_Information_Page/ADDRESS' is present

2020-09-08 16:52:22 - [MESSAGE][PASSED] - Text '14-2' is set on object 'Object Repository/CERTPAY_QUICKSTI/Payment_Information_Page/ADDRESS'

2020-09-08 16:52:22 - [MESSAGE][PASSED] - Quicksti.ts:Entered'14-2 into Address

2020-09-08 16:52:22 - [TEST_STEP][PASSED] - utilities.SafeActions.safeType(findTestObject("CERTPAY_QUICKSTI/Payment_Information_Page/ZIP_CODE"), zipCode, "zipcode", [pageLoadTime]): Quicksti.ts:Entered'76102 into zipcode

2020-09-08 16:52:22 - [MESSAGE][PASSED] - Object 'Object Repository/CERTPAY_QUICKSTI/Payment_Information_Page/ZIP_CODE' is present

2020-09-08 16:52:23 - [MESSAGE][PASSED] - Object 'Object Repository/CERTPAY_QUICKSTI/Payment_Information_Page/ZIP_CODE' is visible

2020-09-08 16:52:23 - [MESSAGE][PASSED] - Object 'Object Repository/CERTPAY_QUICKSTI/Payment_Information_Page/ZIP_CODE' is present

2020-09-08 16:52:24 - [MESSAGE][PASSED] - Text '76102' is set on object 'Object Repository/CERTPAY_QUICKSTI/Payment_Information_Page/ZIP_CODE'

2020-09-08 16:52:24 - [MESSAGE][PASSED] - Quicksti.ts:Entered'76102 into zipcode

2020-09-08 16:52:24 - [TEST_STEP][PASSED] - utilities.SafeActions.safeType(findTestObject("CERTPAY_QUICKSTI/Payment_Information_Page/TELEPHONE"), telephone, "Telephone", [pageLoadTime]): Quicksti.ts:Entered'9989897654 into Telephone

2020-09-08 16:52:25 - [MESSAGE][PASSED] - Object 'Object Repository/CERTPAY_QUICKSTI/Payment_Information_Page/TELEPHONE' is present

2020-09-08 16:52:25 - [MESSAGE][PASSED] - Object 'Object Repository/CERTPAY_QUICKSTI/Payment_Information_Page/TELEPHONE' is visible

2020-09-08 16:52:25 - [MESSAGE][PASSED] - Object 'Object Repository/CERTPAY_QUICKSTI/Payment_Information_Page/TELEPHONE' is present

2020-09-08 16:52:27 - [MESSAGE][PASSED] - Text '9989897654' is set on object 'Object Repository/CERTPAY_QUICKSTI/Payment_Information_Page/TELEPHONE'

2020-09-08 16:52:27 - [MESSAGE][PASSED] - Quicksti.ts:Entered'9989897654 into Telephone

2020-09-08 16:52:27 - [TEST_STEP][PASSED] - utilities.SafeActions.safeType(findTestObject("CERTPAY_QUICKSTI/Payment_Information_Page/EMAIL_ADDRESS"), emailAddress, "EMAIL address", [pageLoadTime]): Quicksti.ts:Entered'testing@zenq.com into EMAIL address

2020-09-08 16:52:27 - [MESSAGE][PASSED] - Object 'Object Repository/CERTPAY_QUICKSTI/Payment_Information_Page/EMAIL_ADDRESS' is present

2020-09-08 16:52:27 - [MESSAGE][PASSED] - Object 'Object Repository/CERTPAY_QUICKSTI/Payment_Information_Page/EMAIL_ADDRESS' is visible

2020-09-08 16:52:28 - [MESSAGE][PASSED] - Object 'Object Repository/CERTPAY_QUICKSTI/Payment_Information_Page/EMAIL_ADDRESS' is present

2020-09-08 16:52:29 - [MESSAGE][PASSED] - Text 'testing@zenq.com' is set on object 'Object Repository/CERTPAY_QUICKSTI/Payment_Information_Page/EMAIL_ADDRESS'

2020-09-08 16:52:29 - [MESSAGE][PASSED] - Quicksti.ts:Entered'testing@zenq.com into EMAIL address

2020-09-08 16:52:29 - [TEST_STEP][PASSED] - utilities.SafeActions.safeClick(findTestObject("CERTPAY_QUICKSTI/Payment_Information_Page/NEXT_BUTTON"), "Next", [pageLoadTime]): Quicksti.ts:Clicked on the Next

2020-09-08 16:52:29 - [MESSAGE][INFO] - safeClicking

2020-09-08 16:52:29 - [MESSAGE][PASSED] - Object 'Object Repository/CERTPAY_QUICKSTI/Payment_Information_Page/NEXT_BUTTON' is present

2020-09-08 16:52:30 - [MESSAGE][PASSED] - Object 'Object Repository/CERTPAY_QUICKSTI/Payment_Information_Page/NEXT_BUTTON' is clickable

2020-09-08 16:52:33 - [MESSAGE][PASSED] - Object: 'Object Repository/CERTPAY_QUICKSTI/Payment_Information_Page/NEXT_BUTTON' is clicked on

2020-09-08 16:52:33 - [MESSAGE][PASSED] - Quicksti.ts:Clicked on the Next

2020-09-08 16:52:33 - [TEST_STEP][PASSED] - pages.Quicksti.verifyUserPaymentDetails(paymentAmount, firstName, lastName, CardNumber): pages.Quicksti.verifyUserPaymentDetails is PASSED

2020-09-08 16:52:34 - [MESSAGE][PASSED] - Text of object 'Object Repository/CERTPAY_QUICKSTI/Payment_Details_Verification_Page/AMOUNT' is: '$35.00'

2020-09-08 16:52:34 - [MESSAGE][PASSED] - Actual text '35.00' and expected text '35.00' are matched  using regular expression

2020-09-08 16:52:34 - [MESSAGE][PASSED] - Text of object 'Object Repository/CERTPAY_QUICKSTI/Payment_Details_Verification_Page/NAME' is: 'Tester Zenq1'

2020-09-08 16:52:34 - [MESSAGE][PASSED] - Actual text 'Tester Zenq1' and expected text 'Tester Zenq1' are matched  using regular expression

2020-09-08 16:52:35 - [MESSAGE][PASSED] - Text of object 'Object Repository/CERTPAY_QUICKSTI/Payment_Details_Verification_Page/CARD_NUMBER' is: '...1006'

2020-09-08 16:52:35 - [MESSAGE][PASSED] - Actual text '1006' and expected text '1006' are matched  using regular expression

2020-09-08 16:52:35 - [MESSAGE][PASSED] - pages.Quicksti.verifyUserPaymentDetails is PASSED

2020-09-08 16:52:35 - [TEST_STEP][PASSED] - delay(2): Delayed 2 second(s)

2020-09-08 16:52:37 - [MESSAGE][PASSED] - Delayed 2 second(s)

2020-09-08 16:52:37 - [TEST_STEP][PASSED] - scrollToElement(findTestObject("CERTPAY_QUICKSTI/Payment_Details_Verification_Page/PROCESS"), 0): Scroll to object 'Object Repository/CERTPAY_QUICKSTI/Payment_Details_Verification_Page/PROCESS' successfully

2020-09-08 16:52:37 - [MESSAGE][WARNING] - Timeout '0' is invalid. Using default page load timeout: '30'

2020-09-08 16:52:37 - [MESSAGE][PASSED] - Scroll to object 'Object Repository/CERTPAY_QUICKSTI/Payment_Details_Verification_Page/PROCESS' successfully

2020-09-08 16:52:37 - [TEST_STEP][PASSED] - utilities.SafeActions.safeClick(findTestObject("CERTPAY_QUICKSTI/Payment_Details_Verification_Page/PROCESS"), "Process", [pageLoadTime]): Quicksti.ts:Clicked on the Process

2020-09-08 16:52:37 - [MESSAGE][INFO] - safeClicking

2020-09-08 16:52:37 - [MESSAGE][PASSED] - Object 'Object Repository/CERTPAY_QUICKSTI/Payment_Details_Verification_Page/PROCESS' is present

2020-09-08 16:52:38 - [MESSAGE][PASSED] - Object 'Object Repository/CERTPAY_QUICKSTI/Payment_Details_Verification_Page/PROCESS' is clickable

2020-09-08 16:52:44 - [MESSAGE][PASSED] - Object: 'Object Repository/CERTPAY_QUICKSTI/Payment_Details_Verification_Page/PROCESS' is clicked on

2020-09-08 16:52:44 - [MESSAGE][PASSED] - Quicksti.ts:Clicked on the Process

2020-09-08 16:52:44 - [TEST_STEP][PASSED] - PaymentId = pages.Quicksti.verifyPaymentApproval(findTestObject("CERTPAY_QUICKSTI/Payment_Details_Verification_Page/APPROVED")): Payment is approved

2020-09-08 16:52:44 - [MESSAGE][PASSED] - Text of object 'Object Repository/CERTPAY_QUICKSTI/Payment_Details_Verification_Page/PAYMENT_ID' is: '100176112367'

2020-09-08 16:52:44 - [MESSAGE][PASSED] - Object 'Object Repository/CERTPAY_QUICKSTI/Payment_Details_Verification_Page/APPROVED' is present

2020-09-08 16:52:44 - [MESSAGE][PASSED] - Payment is approved

2020-09-08 16:52:46 - [TEST_STEP][PASSED] - navigateToUrl(Admin_url): Navigate to 'https://qa-certpayadmin.faps.net' successfully

2020-09-08 16:52:52 - [MESSAGE][PASSED] - Navigate to 'https://qa-certpayadmin.faps.net' successfully

2020-09-08 16:52:52 - [TEST_STEP][PASSED] - pages.Bureau_Login_Page.loginToAdminSite(AdminUsername, AdminPassword): Quicksti.ts:Clicked on the LOGIN

2020-09-08 16:52:52 - [MESSAGE][PASSED] - Object 'Object Repository/CERTPAY_ADMIN/USER_NAME' is present

2020-09-08 16:52:52 - [MESSAGE][PASSED] - Object 'Object Repository/CERTPAY_ADMIN/USER_NAME' is visible

2020-09-08 16:52:53 - [MESSAGE][PASSED] - Object 'Object Repository/CERTPAY_ADMIN/USER_NAME' is present

2020-09-08 16:52:54 - [MESSAGE][PASSED] - Text 'VVangiliappan' is set on object 'Object Repository/CERTPAY_ADMIN/USER_NAME'

2020-09-08 16:52:54 - [MESSAGE][PASSED] - Quicksti.ts:Entered'VVangiliappan into username

2020-09-08 16:52:54 - [MESSAGE][PASSED] - Object 'Object Repository/CERTPAY_ADMIN/PASSWORD' is present

2020-09-08 16:52:55 - [MESSAGE][PASSED] - Object 'Object Repository/CERTPAY_ADMIN/PASSWORD' is visible

2020-09-08 16:52:55 - [MESSAGE][PASSED] - Object 'Object Repository/CERTPAY_ADMIN/PASSWORD' is present

2020-09-08 16:52:56 - [MESSAGE][PASSED] - Text 'Knila@12345' is set on object 'Object Repository/CERTPAY_ADMIN/PASSWORD'

2020-09-08 16:52:56 - [MESSAGE][PASSED] - Quicksti.ts:Entered'Knila@12345 into password

2020-09-08 16:52:56 - [MESSAGE][INFO] - safeClicking

2020-09-08 16:52:57 - [MESSAGE][PASSED] - Object 'Object Repository/CERTPAY_ADMIN/LOGIN_BUTTON' is present

2020-09-08 16:52:57 - [MESSAGE][PASSED] - Object 'Object Repository/CERTPAY_ADMIN/LOGIN_BUTTON' is clickable

2020-09-08 16:53:04 - [MESSAGE][PASSED] - Object: 'Object Repository/CERTPAY_ADMIN/LOGIN_BUTTON' is clicked on

2020-09-08 16:53:04 - [MESSAGE][PASSED] - Quicksti.ts:Clicked on the LOGIN

2020-09-08 16:53:04 - [TEST_STEP][PASSED] - utilities.SafeActions.safeClick(findTestObject("CERTPAY_ADMIN/TRANSACTION_SEARCH"), "TransactionSearch", [pageLoadTime]): Quicksti.ts:Clicked on the TransactionSearch

2020-09-08 16:53:05 - [MESSAGE][INFO] - safeClicking

2020-09-08 16:53:05 - [MESSAGE][PASSED] - Object 'Object Repository/CERTPAY_ADMIN/TRANSACTION_SEARCH' is present

2020-09-08 16:53:05 - [MESSAGE][PASSED] - Object 'Object Repository/CERTPAY_ADMIN/TRANSACTION_SEARCH' is clickable

2020-09-08 16:53:09 - [MESSAGE][PASSED] - Object: 'Object Repository/CERTPAY_ADMIN/TRANSACTION_SEARCH' is clicked on

2020-09-08 16:53:09 - [MESSAGE][PASSED] - Quicksti.ts:Clicked on the TransactionSearch

2020-09-08 16:53:09 - [TEST_STEP][PASSED] - utilities.SafeActions.safeType(findTestObject("CERTPAY_ADMIN/PAYMENT_ID"), PaymentId, "Payment id", [pageLoadTime]): Quicksti.ts:Entered'100176112367 into Payment id

2020-09-08 16:53:09 - [MESSAGE][PASSED] - Object 'Object Repository/CERTPAY_ADMIN/PAYMENT_ID' is present

2020-09-08 16:53:10 - [MESSAGE][PASSED] - Object 'Object Repository/CERTPAY_ADMIN/PAYMENT_ID' is visible

2020-09-08 16:53:10 - [MESSAGE][PASSED] - Object 'Object Repository/CERTPAY_ADMIN/PAYMENT_ID' is present

2020-09-08 16:53:11 - [MESSAGE][PASSED] - Text '100176112367' is set on object 'Object Repository/CERTPAY_ADMIN/PAYMENT_ID'

2020-09-08 16:53:11 - [MESSAGE][PASSED] - Quicksti.ts:Entered'100176112367 into Payment id

2020-09-08 16:53:11 - [TEST_STEP][PASSED] - utilities.SafeActions.safeClick(findTestObject("CERTPAY_ADMIN/GO_BUTTON"), "Go button", [pageLoadTime]): Quicksti.ts:Clicked on the Go button

2020-09-08 16:53:11 - [MESSAGE][INFO] - safeClicking

2020-09-08 16:53:12 - [MESSAGE][PASSED] - Object 'Object Repository/CERTPAY_ADMIN/GO_BUTTON' is present

2020-09-08 16:53:12 - [MESSAGE][PASSED] - Object 'Object Repository/CERTPAY_ADMIN/GO_BUTTON' is clickable

2020-09-08 16:53:15 - [MESSAGE][PASSED] - Object: 'Object Repository/CERTPAY_ADMIN/GO_BUTTON' is clicked on

2020-09-08 16:53:15 - [MESSAGE][PASSED] - Quicksti.ts:Clicked on the Go button

2020-09-08 16:53:15 - [TEST_STEP][PASSED] - delay(5): Delayed 5 second(s)

2020-09-08 16:53:20 - [MESSAGE][PASSED] - Delayed 5 second(s)

2020-09-08 16:53:20 - [TEST_STEP][PASSED] - scrollToPosition(800, 900): Browser is scrolled to position x = 800, y = 900

2020-09-08 16:53:20 - [MESSAGE][PASSED] - Browser is scrolled to position x = 800, y = 900

2020-09-08 16:53:20 - [TEST_STEP][PASSED] - Start listener action : afterTestCase: Browser is closed

2020-09-08 16:53:20 - [TEST_STEP][PASSED] - closeBrowser(): Browser is closed

2020-09-08 16:53:21 - [MESSAGE][PASSED] - Browser is closed]]></system-out>
         <system-err><![CDATA[]]></system-err>
      </testcase>
      <testcase name="Test Cases/Certpay_Quicksti/TC_005_MultiBureauSite_MultiBureaus_MultiLinePayments" time="835.253" classname="Test Cases/Certpay_Quicksti/TC_005_MultiBureauSite_MultiBureaus_MultiLinePayments" status="PASSED">
         <system-out><![CDATA[2020-09-08 16:53:21 - [TEST_CASE][PASSED] - Test Cases/Certpay_Quicksti/TC_005_MultiBureauSite_MultiBureaus_MultiLinePayments: Test Cases/Certpay_Quicksti/TC_005_MultiBureauSite_MultiBureaus_MultiLinePayments

2020-09-08 16:53:21 - [TEST_STEP][PASSED] - Start listener action : beforeTestCase: null

2020-09-08 16:53:21 - [TEST_STEP][PASSED] - data = findTestData("Certpay/MultiBureau_MultiLine"): null

2020-09-08 16:53:21 - [TEST_STEP][PASSED] - amountList = []: null

2020-09-08 16:53:21 - [TEST_STEP][PASSED] - referenceList = []: null

2020-09-08 16:53:21 - [TEST_STEP][PASSED] - paymentTypeList = []: null

2020-09-08 16:53:21 - [TEST_STEP][PASSED] - quantityList = []: null

2020-09-08 16:53:21 - [TEST_STEP][PASSED] - commentsList = []: null

2020-09-08 16:53:21 - [TEST_STEP][PASSED] - paymentIdList = []: null

2020-09-08 16:53:21 - [TEST_STEP][PASSED] - list = new java.util.ArrayList(): null

2020-09-08 16:53:21 - [TEST_STEP][PASSED] - for (def index : (1..data.getRowNumbers())): null

2020-09-08 16:53:21 - [TEST_STEP][PASSED] - firstName = data.getValue("FirstName", index): null

2020-09-08 16:53:21 - [TEST_STEP][PASSED] - lastName = data.getValue("LastName", index): null

2020-09-08 16:53:21 - [TEST_STEP][PASSED] - cardNum = data.getValue("CardNumber", index): null

2020-09-08 16:53:21 - [TEST_STEP][PASSED] - expMonth = data.getValue("ExpMonth", index): null

2020-09-08 16:53:21 - [TEST_STEP][PASSED] - expYear = data.getValue("ExpYear", index): null

2020-09-08 16:53:21 - [TEST_STEP][PASSED] - securityCode = data.getValue("SecurityCode", index): null

2020-09-08 16:53:21 - [TEST_STEP][PASSED] - paymentAmount = data.getValue("PaymentAmount", index): null

2020-09-08 16:53:21 - [TEST_STEP][PASSED] - paymentType = data.getValue("PaymentType", index): null

2020-09-08 16:53:21 - [TEST_STEP][PASSED] - quantity = data.getValue("Quantity", index): null

2020-09-08 16:53:22 - [TEST_STEP][PASSED] - comments = data.getValue("Comments", index): null

2020-09-08 16:53:22 - [TEST_STEP][PASSED] - referenceNum = data.getValue("ReferenceNum", index): null

2020-09-08 16:53:22 - [TEST_STEP][PASSED] - address = data.getValue("Address", index): null

2020-09-08 16:53:22 - [TEST_STEP][PASSED] - zipCode = data.getValue("Zipcode", index): null

2020-09-08 16:53:22 - [TEST_STEP][PASSED] - telephone = data.getValue("Telephone", index): null

2020-09-08 16:53:22 - [TEST_STEP][PASSED] - emailAddress = data.getValue("EmailAddress", index): null

2020-09-08 16:53:22 - [TEST_STEP][PASSED] - cardType = data.getValue("CardType", index): null

2020-09-08 16:53:22 - [TEST_STEP][PASSED] - amountList = paymentAmount.split(","): null

2020-09-08 16:53:22 - [TEST_STEP][PASSED] - referenceList = referenceNum.split(","): null

2020-09-08 16:53:22 - [TEST_STEP][PASSED] - paymentTypeList = paymentType.split(","): null

2020-09-08 16:53:22 - [TEST_STEP][PASSED] - commentsList = comments.split(","): null

2020-09-08 16:53:22 - [TEST_STEP][PASSED] - quantityList = quantity.split(","): null

2020-09-08 16:53:22 - [TEST_STEP][PASSED] - utilities.SafeActions.openBrowser(Quicksti_Url, [pageLoadTime]): Browser launched successfully

2020-09-08 16:53:22 - [MESSAGE][INFO] - Opening Browser

2020-09-08 16:53:22 - [MESSAGE][INFO] - Starting 'Chrome' driver

2020-09-08 16:53:32 - [MESSAGE][PASSED] - Browser is opened with url: 'https://qa-certpayquicksti.faps.net/'

2020-09-08 16:53:34 - [MESSAGE][PASSED] - Current window maximized

2020-09-08 16:53:34 - [MESSAGE][PASSED] - Browser launched successfully

2020-09-08 16:53:34 - [TEST_STEP][PASSED] - utilities.SafeActions.safeCheck(findTestObject("CERTPAY_QUICKSTI/Login_ Page/MULTI_BUREAU_CHECKBOX"), "Multi Bureau", [pageLoadTime]): Quicksti.ts:Checkbox 'Multi Bureau'is selected

2020-09-08 16:53:34 - [MESSAGE][PASSED] - Object 'Object Repository/CERTPAY_QUICKSTI/Login_ Page/MULTI_BUREAU_CHECKBOX' is present

2020-09-08 16:53:35 - [MESSAGE][PASSED] - Object 'Object Repository/CERTPAY_QUICKSTI/Login_ Page/MULTI_BUREAU_CHECKBOX' is present

2020-09-08 16:53:36 - [MESSAGE][PASSED] - Object: 'Object Repository/CERTPAY_QUICKSTI/Login_ Page/MULTI_BUREAU_CHECKBOX' is clicked on

2020-09-08 16:53:36 - [MESSAGE][PASSED] - Quicksti.ts:Checkbox 'Multi Bureau'is selected

2020-09-08 16:53:36 - [TEST_STEP][PASSED] - utilities.SafeActions.safeType(findTestObject("CERTPAY_QUICKSTI/Login_ Page/TELLER_ID"), teller_id, "Bureau code", [pageLoadTime]): Quicksti.ts:Entered'zenq into Bureau code

2020-09-08 16:53:38 - [MESSAGE][PASSED] - Object 'Object Repository/CERTPAY_QUICKSTI/Login_ Page/TELLER_ID' is present

2020-09-08 16:53:38 - [MESSAGE][PASSED] - Object 'Object Repository/CERTPAY_QUICKSTI/Login_ Page/TELLER_ID' is visible

2020-09-08 16:53:38 - [MESSAGE][PASSED] - Object 'Object Repository/CERTPAY_QUICKSTI/Login_ Page/TELLER_ID' is present

2020-09-08 16:53:39 - [MESSAGE][PASSED] - Text 'zenq' is set on object 'Object Repository/CERTPAY_QUICKSTI/Login_ Page/TELLER_ID'

2020-09-08 16:53:39 - [MESSAGE][PASSED] - Quicksti.ts:Entered'zenq into Bureau code

2020-09-08 16:53:39 - [TEST_STEP][PASSED] - utilities.SafeActions.safeClick(findTestObject("CERTPAY_QUICKSTI/Login_ Page/NEXT_BUTTON"), "Next button", [pageLoadTime]): Quicksti.ts:Clicked on the Next button

2020-09-08 16:53:40 - [MESSAGE][INFO] - safeClicking

2020-09-08 16:53:40 - [MESSAGE][PASSED] - Object 'Object Repository/CERTPAY_QUICKSTI/Login_ Page/NEXT_BUTTON' is present

2020-09-08 16:53:40 - [MESSAGE][PASSED] - Object 'Object Repository/CERTPAY_QUICKSTI/Login_ Page/NEXT_BUTTON' is clickable

2020-09-08 16:53:44 - [MESSAGE][PASSED] - Object: 'Object Repository/CERTPAY_QUICKSTI/Login_ Page/NEXT_BUTTON' is clicked on

2020-09-08 16:53:44 - [MESSAGE][PASSED] - Quicksti.ts:Clicked on the Next button

2020-09-08 16:53:44 - [TEST_STEP][PASSED] - for ([i = 0, i <= amountList.size() - 1, (i++)]): Quicksti.ts:Entered'2 into Quntity

2020-09-08 16:53:44 - [TEST_STEP][PASSED] - s = Integer.toString(i): null

2020-09-08 16:53:44 - [TEST_STEP][PASSED] - pages.Quicksti.setCommnets("0", s, commentsList.get(i)): Quicksti.ts:Entered'Testing into Comments

2020-09-08 16:53:44 - [MESSAGE][PASSED] - Object '' is present

2020-09-08 16:53:45 - [MESSAGE][PASSED] - Object '' is visible

2020-09-08 16:53:45 - [MESSAGE][PASSED] - Object '' is present

2020-09-08 16:53:46 - [MESSAGE][PASSED] - Text 'Testing' is set on object ''

2020-09-08 16:53:46 - [MESSAGE][PASSED] - Quicksti.ts:Entered'Testing into Comments

2020-09-08 16:53:46 - [TEST_STEP][PASSED] - utilities.SafeActions.safeType(findTestObject("CERTPAY_QUICKSTI/Payment_Information_Page/PAYMENT_AMOUNT"), amountList.get(i), "Payment Amount", [pageLoadTime]): Quicksti.ts:Entered'45.00 into Payment Amount

2020-09-08 16:53:47 - [MESSAGE][PASSED] - Object 'Object Repository/CERTPAY_QUICKSTI/Payment_Information_Page/PAYMENT_AMOUNT' is present

2020-09-08 16:53:47 - [MESSAGE][PASSED] - Object 'Object Repository/CERTPAY_QUICKSTI/Payment_Information_Page/PAYMENT_AMOUNT' is visible

2020-09-08 16:53:47 - [MESSAGE][PASSED] - Object 'Object Repository/CERTPAY_QUICKSTI/Payment_Information_Page/PAYMENT_AMOUNT' is present

2020-09-08 16:53:49 - [MESSAGE][PASSED] - Text '45.00' is set on object 'Object Repository/CERTPAY_QUICKSTI/Payment_Information_Page/PAYMENT_AMOUNT'

2020-09-08 16:53:49 - [MESSAGE][PASSED] - Quicksti.ts:Entered'45.00 into Payment Amount

2020-09-08 16:53:49 - [TEST_STEP][PASSED] - pages.Quicksti.setAmountDetailsForMultiBureau(s, paymentTypeList.get(i), "0", referenceList.get(i), quantityList.get(i)): Quicksti.ts:Entered'1 into Quntity

2020-09-08 16:53:49 - [MESSAGE][PASSED] - Object '' is visible

2020-09-08 16:53:50 - [MESSAGE][PASSED] - Object '' is present

2020-09-08 16:53:51 - [MESSAGE][PASSED] - Object: '' is clicked on

2020-09-08 16:53:52 - [MESSAGE][PASSED] - All options with label 'Licenses' are selected in object ''  using regular expression

2020-09-08 16:53:52 - [MESSAGE][PASSED] - selected dropdown option by visible text  Licensesfrom Payment Type

2020-09-08 16:53:53 - [MESSAGE][PASSED] - Object '' is present

2020-09-08 16:53:53 - [MESSAGE][PASSED] - Object '' is visible

2020-09-08 16:53:53 - [MESSAGE][PASSED] - Object '' is present

2020-09-08 16:53:54 - [MESSAGE][PASSED] - Text '11' is set on object ''

2020-09-08 16:53:54 - [MESSAGE][PASSED] - Quicksti.ts:Entered'11 into RefrenceNumber

2020-09-08 16:53:55 - [MESSAGE][PASSED] - Object '' is present

2020-09-08 16:53:55 - [MESSAGE][PASSED] - Object '' is visible

2020-09-08 16:53:55 - [MESSAGE][PASSED] - Object '' is present

2020-09-08 16:53:57 - [MESSAGE][PASSED] - Text '1' is set on object ''

2020-09-08 16:53:57 - [MESSAGE][PASSED] - Quicksti.ts:Entered'1 into Quntity

2020-09-08 16:53:57 - [TEST_STEP][PASSED] - s = Integer.toString(i): null

2020-09-08 16:53:57 - [TEST_STEP][PASSED] - pages.Quicksti.setCommnets("0", s, commentsList.get(i)): Quicksti.ts:Entered'Tester into Comments

2020-09-08 16:53:57 - [MESSAGE][PASSED] - Object '' is present

2020-09-08 16:53:57 - [MESSAGE][PASSED] - Object '' is visible

2020-09-08 16:53:58 - [MESSAGE][PASSED] - Object '' is present

2020-09-08 16:53:59 - [MESSAGE][PASSED] - Text 'Tester' is set on object ''

2020-09-08 16:53:59 - [MESSAGE][PASSED] - Quicksti.ts:Entered'Tester into Comments

2020-09-08 16:53:59 - [TEST_STEP][PASSED] - utilities.SafeActions.safeType(findTestObject("CERTPAY_QUICKSTI/Payment_Information_Page/PAYMENT_AMOUNT"), amountList.get(i), "Payment Amount", [pageLoadTime]): Quicksti.ts:Entered'35.00 into Payment Amount

2020-09-08 16:53:59 - [MESSAGE][PASSED] - Object 'Object Repository/CERTPAY_QUICKSTI/Payment_Information_Page/PAYMENT_AMOUNT' is present

2020-09-08 16:54:00 - [MESSAGE][PASSED] - Object 'Object Repository/CERTPAY_QUICKSTI/Payment_Information_Page/PAYMENT_AMOUNT' is visible

2020-09-08 16:54:00 - [MESSAGE][PASSED] - Object 'Object Repository/CERTPAY_QUICKSTI/Payment_Information_Page/PAYMENT_AMOUNT' is present

2020-09-08 16:54:01 - [MESSAGE][PASSED] - Text '35.00' is set on object 'Object Repository/CERTPAY_QUICKSTI/Payment_Information_Page/PAYMENT_AMOUNT'

2020-09-08 16:54:01 - [MESSAGE][PASSED] - Quicksti.ts:Entered'35.00 into Payment Amount

2020-09-08 16:54:01 - [TEST_STEP][PASSED] - pages.Quicksti.setAmountDetailsForMultiBureau(s, paymentTypeList.get(i), "0", referenceList.get(i), quantityList.get(i)): Quicksti.ts:Entered'2 into Quntity

2020-09-08 16:54:02 - [MESSAGE][PASSED] - Object '' is visible

2020-09-08 16:54:02 - [MESSAGE][PASSED] - Object '' is present

2020-09-08 16:54:04 - [MESSAGE][PASSED] - Object: '' is clicked on

2020-09-08 16:54:05 - [MESSAGE][PASSED] - All options with label 'Taxes' are selected in object ''  using regular expression

2020-09-08 16:54:05 - [MESSAGE][PASSED] - selected dropdown option by visible text  Taxesfrom Payment Type

2020-09-08 16:54:05 - [MESSAGE][PASSED] - Object '' is present

2020-09-08 16:54:06 - [MESSAGE][PASSED] - Object '' is visible

2020-09-08 16:54:06 - [MESSAGE][PASSED] - Object '' is present

2020-09-08 16:54:07 - [MESSAGE][PASSED] - Text '12' is set on object ''

2020-09-08 16:54:07 - [MESSAGE][PASSED] - Quicksti.ts:Entered'12 into RefrenceNumber

2020-09-08 16:54:08 - [MESSAGE][PASSED] - Object '' is present

2020-09-08 16:54:08 - [MESSAGE][PASSED] - Object '' is visible

2020-09-08 16:54:08 - [MESSAGE][PASSED] - Object '' is present

2020-09-08 16:54:10 - [MESSAGE][PASSED] - Text '2' is set on object ''

2020-09-08 16:54:10 - [MESSAGE][PASSED] - Quicksti.ts:Entered'2 into Quntity

2020-09-08 16:54:10 - [TEST_STEP][PASSED] - s = Integer.toString(i): null

2020-09-08 16:54:10 - [TEST_STEP][PASSED] - pages.Quicksti.setCommnets("0", s, commentsList.get(i)): Quicksti.ts:Entered'Testing into Comments

2020-09-08 16:54:10 - [MESSAGE][PASSED] - Object '' is present

2020-09-08 16:54:10 - [MESSAGE][PASSED] - Object '' is visible

2020-09-08 16:54:11 - [MESSAGE][PASSED] - Object '' is present

2020-09-08 16:54:12 - [MESSAGE][PASSED] - Text 'Testing' is set on object ''

2020-09-08 16:54:12 - [MESSAGE][PASSED] - Quicksti.ts:Entered'Testing into Comments

2020-09-08 16:54:12 - [TEST_STEP][PASSED] - utilities.SafeActions.safeType(findTestObject("CERTPAY_QUICKSTI/Payment_Information_Page/PAYMENT_AMOUNT"), amountList.get(i), "Payment Amount", [pageLoadTime]): Quicksti.ts:Entered'20.00 into Payment Amount

2020-09-08 16:54:12 - [MESSAGE][PASSED] - Object 'Object Repository/CERTPAY_QUICKSTI/Payment_Information_Page/PAYMENT_AMOUNT' is present

2020-09-08 16:54:13 - [MESSAGE][PASSED] - Object 'Object Repository/CERTPAY_QUICKSTI/Payment_Information_Page/PAYMENT_AMOUNT' is visible

2020-09-08 16:54:13 - [MESSAGE][PASSED] - Object 'Object Repository/CERTPAY_QUICKSTI/Payment_Information_Page/PAYMENT_AMOUNT' is present

2020-09-08 16:54:14 - [MESSAGE][PASSED] - Text '20.00' is set on object 'Object Repository/CERTPAY_QUICKSTI/Payment_Information_Page/PAYMENT_AMOUNT'

2020-09-08 16:54:14 - [MESSAGE][PASSED] - Quicksti.ts:Entered'20.00 into Payment Amount

2020-09-08 16:54:14 - [TEST_STEP][PASSED] - pages.Quicksti.setAmountDetailsForMultiBureau(s, paymentTypeList.get(i), "0", referenceList.get(i), quantityList.get(i)): Quicksti.ts:Entered'2 into Quntity

2020-09-08 16:54:15 - [MESSAGE][PASSED] - Object '' is visible

2020-09-08 16:54:15 - [MESSAGE][PASSED] - Object '' is present

2020-09-08 16:54:16 - [MESSAGE][PASSED] - Object: '' is clicked on

2020-09-08 16:54:18 - [MESSAGE][PASSED] - All options with label 'Court Fines' are selected in object ''  using regular expression

2020-09-08 16:54:18 - [MESSAGE][PASSED] - selected dropdown option by visible text  Court Finesfrom Payment Type

2020-09-08 16:54:18 - [MESSAGE][PASSED] - Object '' is present

2020-09-08 16:54:19 - [MESSAGE][PASSED] - Object '' is visible

2020-09-08 16:54:19 - [MESSAGE][PASSED] - Object '' is present

2020-09-08 16:54:20 - [MESSAGE][PASSED] - Text '13' is set on object ''

2020-09-08 16:54:20 - [MESSAGE][PASSED] - Quicksti.ts:Entered'13 into RefrenceNumber

2020-09-08 16:54:20 - [MESSAGE][PASSED] - Object '' is present

2020-09-08 16:54:21 - [MESSAGE][PASSED] - Object '' is visible

2020-09-08 16:54:21 - [MESSAGE][PASSED] - Object '' is present

2020-09-08 16:54:22 - [MESSAGE][PASSED] - Text '2' is set on object ''

2020-09-08 16:54:22 - [MESSAGE][PASSED] - Quicksti.ts:Entered'2 into Quntity

2020-09-08 16:54:22 - [TEST_STEP][PASSED] - for ([i = 0, i <= amountList.size() - 1, (i++)]): Quicksti.ts:Entered'2 into Quntity

2020-09-08 16:54:22 - [TEST_STEP][PASSED] - s = Integer.toString(i): null

2020-09-08 16:54:22 - [TEST_STEP][PASSED] - utilities.SafeActions.safeType(findTestObject("CERTPAY_QUICKSTI/Payment_Information_Page/MULTIBUREAU_PAYMENT_AMOUNT"), amountList.get(i), "Payment Amount", [pageLoadTime]): Quicksti.ts:Entered'45.00 into Payment Amount

2020-09-08 16:54:23 - [MESSAGE][PASSED] - Object 'Object Repository/CERTPAY_QUICKSTI/Payment_Information_Page/MULTIBUREAU_PAYMENT_AMOUNT' is present

2020-09-08 16:54:23 - [MESSAGE][PASSED] - Object 'Object Repository/CERTPAY_QUICKSTI/Payment_Information_Page/MULTIBUREAU_PAYMENT_AMOUNT' is visible

2020-09-08 16:54:23 - [MESSAGE][PASSED] - Object 'Object Repository/CERTPAY_QUICKSTI/Payment_Information_Page/MULTIBUREAU_PAYMENT_AMOUNT' is present

2020-09-08 16:54:25 - [MESSAGE][PASSED] - Text '45.00' is set on object 'Object Repository/CERTPAY_QUICKSTI/Payment_Information_Page/MULTIBUREAU_PAYMENT_AMOUNT'

2020-09-08 16:54:25 - [MESSAGE][PASSED] - Quicksti.ts:Entered'45.00 into Payment Amount

2020-09-08 16:54:25 - [TEST_STEP][PASSED] - pages.Quicksti.setAmountDetailsForMultiBureau(s, "Registration Fees", "1", referenceList.get(i), quantityList.get(i)): Quicksti.ts:Entered'1 into Quntity

2020-09-08 16:54:25 - [MESSAGE][PASSED] - Object '' is visible

2020-09-08 16:54:26 - [MESSAGE][PASSED] - Object '' is present

2020-09-08 16:54:27 - [MESSAGE][PASSED] - Object: '' is clicked on

2020-09-08 16:54:28 - [MESSAGE][PASSED] - All options with label 'Registration Fees' are selected in object ''  using regular expression

2020-09-08 16:54:28 - [MESSAGE][PASSED] - selected dropdown option by visible text  Registration Feesfrom Payment Type

2020-09-08 16:54:28 - [MESSAGE][PASSED] - Object '' is present

2020-09-08 16:54:28 - [MESSAGE][PASSED] - Object '' is visible

2020-09-08 16:54:29 - [MESSAGE][PASSED] - Object '' is present

2020-09-08 16:54:30 - [MESSAGE][PASSED] - Text '11' is set on object ''

2020-09-08 16:54:30 - [MESSAGE][PASSED] - Quicksti.ts:Entered'11 into RefrenceNumber

2020-09-08 16:54:30 - [MESSAGE][PASSED] - Object '' is present

2020-09-08 16:54:31 - [MESSAGE][PASSED] - Object '' is visible

2020-09-08 16:54:31 - [MESSAGE][PASSED] - Object '' is present

2020-09-08 16:54:32 - [MESSAGE][PASSED] - Text '1' is set on object ''

2020-09-08 16:54:32 - [MESSAGE][PASSED] - Quicksti.ts:Entered'1 into Quntity

2020-09-08 16:54:32 - [TEST_STEP][PASSED] - s = Integer.toString(i): null

2020-09-08 16:54:32 - [TEST_STEP][PASSED] - utilities.SafeActions.safeType(findTestObject("CERTPAY_QUICKSTI/Payment_Information_Page/MULTIBUREAU_PAYMENT_AMOUNT"), amountList.get(i), "Payment Amount", [pageLoadTime]): Quicksti.ts:Entered'35.00 into Payment Amount

2020-09-08 16:54:33 - [MESSAGE][PASSED] - Object 'Object Repository/CERTPAY_QUICKSTI/Payment_Information_Page/MULTIBUREAU_PAYMENT_AMOUNT' is present

2020-09-08 16:54:33 - [MESSAGE][PASSED] - Object 'Object Repository/CERTPAY_QUICKSTI/Payment_Information_Page/MULTIBUREAU_PAYMENT_AMOUNT' is visible

2020-09-08 16:54:33 - [MESSAGE][PASSED] - Object 'Object Repository/CERTPAY_QUICKSTI/Payment_Information_Page/MULTIBUREAU_PAYMENT_AMOUNT' is present

2020-09-08 16:54:35 - [MESSAGE][PASSED] - Text '35.00' is set on object 'Object Repository/CERTPAY_QUICKSTI/Payment_Information_Page/MULTIBUREAU_PAYMENT_AMOUNT'

2020-09-08 16:54:35 - [MESSAGE][PASSED] - Quicksti.ts:Entered'35.00 into Payment Amount

2020-09-08 16:54:35 - [TEST_STEP][PASSED] - pages.Quicksti.setAmountDetailsForMultiBureau(s, "Registration Fees", "1", referenceList.get(i), quantityList.get(i)): Quicksti.ts:Entered'2 into Quntity

2020-09-08 16:54:35 - [MESSAGE][PASSED] - Object '' is visible

2020-09-08 16:54:35 - [MESSAGE][PASSED] - Object '' is present

2020-09-08 16:54:37 - [MESSAGE][PASSED] - Object: '' is clicked on

2020-09-08 16:54:38 - [MESSAGE][PASSED] - All options with label 'Registration Fees' are selected in object ''  using regular expression

2020-09-08 16:54:38 - [MESSAGE][PASSED] - selected dropdown option by visible text  Registration Feesfrom Payment Type

2020-09-08 16:54:38 - [MESSAGE][PASSED] - Object '' is present

2020-09-08 16:54:38 - [MESSAGE][PASSED] - Object '' is visible

2020-09-08 16:54:39 - [MESSAGE][PASSED] - Object '' is present

2020-09-08 16:54:40 - [MESSAGE][PASSED] - Text '12' is set on object ''

2020-09-08 16:54:40 - [MESSAGE][PASSED] - Quicksti.ts:Entered'12 into RefrenceNumber

2020-09-08 16:54:40 - [MESSAGE][PASSED] - Object '' is present

2020-09-08 16:54:41 - [MESSAGE][PASSED] - Object '' is visible

2020-09-08 16:54:41 - [MESSAGE][PASSED] - Object '' is present

2020-09-08 16:54:42 - [MESSAGE][PASSED] - Text '2' is set on object ''

2020-09-08 16:54:42 - [MESSAGE][PASSED] - Quicksti.ts:Entered'2 into Quntity

2020-09-08 16:54:42 - [TEST_STEP][PASSED] - s = Integer.toString(i): null

2020-09-08 16:54:42 - [TEST_STEP][PASSED] - utilities.SafeActions.safeType(findTestObject("CERTPAY_QUICKSTI/Payment_Information_Page/MULTIBUREAU_PAYMENT_AMOUNT"), amountList.get(i), "Payment Amount", [pageLoadTime]): Quicksti.ts:Entered'20.00 into Payment Amount

2020-09-08 16:54:42 - [MESSAGE][PASSED] - Object 'Object Repository/CERTPAY_QUICKSTI/Payment_Information_Page/MULTIBUREAU_PAYMENT_AMOUNT' is present

2020-09-08 16:54:43 - [MESSAGE][PASSED] - Object 'Object Repository/CERTPAY_QUICKSTI/Payment_Information_Page/MULTIBUREAU_PAYMENT_AMOUNT' is visible

2020-09-08 16:54:43 - [MESSAGE][PASSED] - Object 'Object Repository/CERTPAY_QUICKSTI/Payment_Information_Page/MULTIBUREAU_PAYMENT_AMOUNT' is present

2020-09-08 16:54:44 - [MESSAGE][PASSED] - Text '20.00' is set on object 'Object Repository/CERTPAY_QUICKSTI/Payment_Information_Page/MULTIBUREAU_PAYMENT_AMOUNT'

2020-09-08 16:54:44 - [MESSAGE][PASSED] - Quicksti.ts:Entered'20.00 into Payment Amount

2020-09-08 16:54:44 - [TEST_STEP][PASSED] - pages.Quicksti.setAmountDetailsForMultiBureau(s, "Registration Fees", "1", referenceList.get(i), quantityList.get(i)): Quicksti.ts:Entered'2 into Quntity

2020-09-08 16:54:45 - [MESSAGE][PASSED] - Object '' is visible

2020-09-08 16:54:45 - [MESSAGE][PASSED] - Object '' is present

2020-09-08 16:54:47 - [MESSAGE][PASSED] - Object: '' is clicked on

2020-09-08 16:54:48 - [MESSAGE][PASSED] - All options with label 'Registration Fees' are selected in object ''  using regular expression

2020-09-08 16:54:48 - [MESSAGE][PASSED] - selected dropdown option by visible text  Registration Feesfrom Payment Type

2020-09-08 16:54:48 - [MESSAGE][PASSED] - Object '' is present

2020-09-08 16:54:48 - [MESSAGE][PASSED] - Object '' is visible

2020-09-08 16:54:49 - [MESSAGE][PASSED] - Object '' is present

2020-09-08 16:54:50 - [MESSAGE][PASSED] - Text '13' is set on object ''

2020-09-08 16:54:50 - [MESSAGE][PASSED] - Quicksti.ts:Entered'13 into RefrenceNumber

2020-09-08 16:54:50 - [MESSAGE][PASSED] - Object '' is present

2020-09-08 16:54:51 - [MESSAGE][PASSED] - Object '' is visible

2020-09-08 16:54:51 - [MESSAGE][PASSED] - Object '' is present

2020-09-08 16:54:52 - [MESSAGE][PASSED] - Text '2' is set on object ''

2020-09-08 16:54:52 - [MESSAGE][PASSED] - Quicksti.ts:Entered'2 into Quntity

2020-09-08 16:54:52 - [TEST_STEP][PASSED] - for ([i = 0, i <= amountList.size() - 1, (i++)]): Quicksti.ts:Entered'Testing into Comments

2020-09-08 16:54:52 - [TEST_STEP][PASSED] - s = Integer.toString(i): null

2020-09-08 16:54:52 - [TEST_STEP][PASSED] - utilities.SafeActions.safeType(findTestObject("CERTPAY_QUICKSTI/Payment_Information_Page/MULTIBUREAU_PAY_AMOUNT2"), amountList.get(i), "Payment Amount", [pageLoadTime]): Quicksti.ts:Entered'45.00 into Payment Amount

2020-09-08 16:54:53 - [MESSAGE][PASSED] - Object 'Object Repository/CERTPAY_QUICKSTI/Payment_Information_Page/MULTIBUREAU_PAY_AMOUNT2' is present

2020-09-08 16:54:53 - [MESSAGE][PASSED] - Object 'Object Repository/CERTPAY_QUICKSTI/Payment_Information_Page/MULTIBUREAU_PAY_AMOUNT2' is visible

2020-09-08 16:54:53 - [MESSAGE][PASSED] - Object 'Object Repository/CERTPAY_QUICKSTI/Payment_Information_Page/MULTIBUREAU_PAY_AMOUNT2' is present

2020-09-08 16:54:54 - [MESSAGE][PASSED] - Text '45.00' is set on object 'Object Repository/CERTPAY_QUICKSTI/Payment_Information_Page/MULTIBUREAU_PAY_AMOUNT2'

2020-09-08 16:54:54 - [MESSAGE][PASSED] - Quicksti.ts:Entered'45.00 into Payment Amount

2020-09-08 16:54:54 - [TEST_STEP][PASSED] - pages.Quicksti.setAmountDetailsForMultiBureau(s, "Vehicles", "2", referenceList.get(i), quantityList.get(i)): Quicksti.ts:Entered'1 into Quntity

2020-09-08 16:54:55 - [MESSAGE][PASSED] - Object '' is visible

2020-09-08 16:54:55 - [MESSAGE][PASSED] - Object '' is present

2020-09-08 16:54:57 - [MESSAGE][PASSED] - Object: '' is clicked on

2020-09-08 16:54:58 - [MESSAGE][PASSED] - All options with label 'Vehicles' are selected in object ''  using regular expression

2020-09-08 16:54:58 - [MESSAGE][PASSED] - selected dropdown option by visible text  Vehiclesfrom Payment Type

2020-09-08 16:54:58 - [MESSAGE][PASSED] - Object '' is present

2020-09-08 16:54:59 - [MESSAGE][PASSED] - Object '' is visible

2020-09-08 16:54:59 - [MESSAGE][PASSED] - Object '' is present

2020-09-08 16:55:00 - [MESSAGE][PASSED] - Text '11' is set on object ''

2020-09-08 16:55:00 - [MESSAGE][PASSED] - Quicksti.ts:Entered'11 into RefrenceNumber

2020-09-08 16:55:00 - [MESSAGE][PASSED] - Object '' is present

2020-09-08 16:55:01 - [MESSAGE][PASSED] - Object '' is visible

2020-09-08 16:55:01 - [MESSAGE][PASSED] - Object '' is present

2020-09-08 16:55:02 - [MESSAGE][PASSED] - Text '1' is set on object ''

2020-09-08 16:55:02 - [MESSAGE][PASSED] - Quicksti.ts:Entered'1 into Quntity

2020-09-08 16:55:02 - [TEST_STEP][PASSED] - pages.Quicksti.setCommnets("2", s, commentsList.get(i)): Quicksti.ts:Entered'Testing into Comments

2020-09-08 16:55:03 - [MESSAGE][PASSED] - Object '' is present

2020-09-08 16:55:03 - [MESSAGE][PASSED] - Object '' is visible

2020-09-08 16:55:03 - [MESSAGE][PASSED] - Object '' is present

2020-09-08 16:55:05 - [MESSAGE][PASSED] - Text 'Testing' is set on object ''

2020-09-08 16:55:05 - [MESSAGE][PASSED] - Quicksti.ts:Entered'Testing into Comments

2020-09-08 16:55:05 - [TEST_STEP][PASSED] - s = Integer.toString(i): null

2020-09-08 16:55:05 - [TEST_STEP][PASSED] - utilities.SafeActions.safeType(findTestObject("CERTPAY_QUICKSTI/Payment_Information_Page/MULTIBUREAU_PAY_AMOUNT2"), amountList.get(i), "Payment Amount", [pageLoadTime]): Quicksti.ts:Entered'35.00 into Payment Amount

2020-09-08 16:55:05 - [MESSAGE][PASSED] - Object 'Object Repository/CERTPAY_QUICKSTI/Payment_Information_Page/MULTIBUREAU_PAY_AMOUNT2' is present

2020-09-08 16:55:06 - [MESSAGE][PASSED] - Object 'Object Repository/CERTPAY_QUICKSTI/Payment_Information_Page/MULTIBUREAU_PAY_AMOUNT2' is visible

2020-09-08 16:55:06 - [MESSAGE][PASSED] - Object 'Object Repository/CERTPAY_QUICKSTI/Payment_Information_Page/MULTIBUREAU_PAY_AMOUNT2' is present

2020-09-08 16:55:07 - [MESSAGE][PASSED] - Text '35.00' is set on object 'Object Repository/CERTPAY_QUICKSTI/Payment_Information_Page/MULTIBUREAU_PAY_AMOUNT2'

2020-09-08 16:55:07 - [MESSAGE][PASSED] - Quicksti.ts:Entered'35.00 into Payment Amount

2020-09-08 16:55:07 - [TEST_STEP][PASSED] - pages.Quicksti.setAmountDetailsForMultiBureau(s, "Vehicles", "2", referenceList.get(i), quantityList.get(i)): Quicksti.ts:Entered'2 into Quntity

2020-09-08 16:55:08 - [MESSAGE][PASSED] - Object '' is visible

2020-09-08 16:55:08 - [MESSAGE][PASSED] - Object '' is present

2020-09-08 16:55:09 - [MESSAGE][PASSED] - Object: '' is clicked on

2020-09-08 16:55:11 - [MESSAGE][PASSED] - All options with label 'Vehicles' are selected in object ''  using regular expression

2020-09-08 16:55:11 - [MESSAGE][PASSED] - selected dropdown option by visible text  Vehiclesfrom Payment Type

2020-09-08 16:55:11 - [MESSAGE][PASSED] - Object '' is present

2020-09-08 16:55:11 - [MESSAGE][PASSED] - Object '' is visible

2020-09-08 16:55:12 - [MESSAGE][PASSED] - Object '' is present

2020-09-08 16:55:13 - [MESSAGE][PASSED] - Text '12' is set on object ''

2020-09-08 16:55:13 - [MESSAGE][PASSED] - Quicksti.ts:Entered'12 into RefrenceNumber

2020-09-08 16:55:13 - [MESSAGE][PASSED] - Object '' is present

2020-09-08 16:55:14 - [MESSAGE][PASSED] - Object '' is visible

2020-09-08 16:55:14 - [MESSAGE][PASSED] - Object '' is present

2020-09-08 16:55:15 - [MESSAGE][PASSED] - Text '2' is set on object ''

2020-09-08 16:55:15 - [MESSAGE][PASSED] - Quicksti.ts:Entered'2 into Quntity

2020-09-08 16:55:15 - [TEST_STEP][PASSED] - pages.Quicksti.setCommnets("2", s, commentsList.get(i)): Quicksti.ts:Entered'Tester into Comments

2020-09-08 16:55:16 - [MESSAGE][PASSED] - Object '' is present

2020-09-08 16:55:16 - [MESSAGE][PASSED] - Object '' is visible

2020-09-08 16:55:16 - [MESSAGE][PASSED] - Object '' is present

2020-09-08 16:55:18 - [MESSAGE][PASSED] - Text 'Tester' is set on object ''

2020-09-08 16:55:18 - [MESSAGE][PASSED] - Quicksti.ts:Entered'Tester into Comments

2020-09-08 16:55:18 - [TEST_STEP][PASSED] - s = Integer.toString(i): null

2020-09-08 16:55:18 - [TEST_STEP][PASSED] - utilities.SafeActions.safeType(findTestObject("CERTPAY_QUICKSTI/Payment_Information_Page/MULTIBUREAU_PAY_AMOUNT2"), amountList.get(i), "Payment Amount", [pageLoadTime]): Quicksti.ts:Entered'20.00 into Payment Amount

2020-09-08 16:55:18 - [MESSAGE][PASSED] - Object 'Object Repository/CERTPAY_QUICKSTI/Payment_Information_Page/MULTIBUREAU_PAY_AMOUNT2' is present

2020-09-08 16:55:18 - [MESSAGE][PASSED] - Object 'Object Repository/CERTPAY_QUICKSTI/Payment_Information_Page/MULTIBUREAU_PAY_AMOUNT2' is visible

2020-09-08 16:55:19 - [MESSAGE][PASSED] - Object 'Object Repository/CERTPAY_QUICKSTI/Payment_Information_Page/MULTIBUREAU_PAY_AMOUNT2' is present

2020-09-08 16:55:20 - [MESSAGE][PASSED] - Text '20.00' is set on object 'Object Repository/CERTPAY_QUICKSTI/Payment_Information_Page/MULTIBUREAU_PAY_AMOUNT2'

2020-09-08 16:55:20 - [MESSAGE][PASSED] - Quicksti.ts:Entered'20.00 into Payment Amount

2020-09-08 16:55:20 - [TEST_STEP][PASSED] - pages.Quicksti.setAmountDetailsForMultiBureau(s, "Vehicles", "2", referenceList.get(i), quantityList.get(i)): Quicksti.ts:Entered'2 into Quntity

2020-09-08 16:55:21 - [MESSAGE][PASSED] - Object '' is visible

2020-09-08 16:55:21 - [MESSAGE][PASSED] - Object '' is present

2020-09-08 16:55:22 - [MESSAGE][PASSED] - Object: '' is clicked on

2020-09-08 16:55:23 - [MESSAGE][PASSED] - All options with label 'Vehicles' are selected in object ''  using regular expression

2020-09-08 16:55:23 - [MESSAGE][PASSED] - selected dropdown option by visible text  Vehiclesfrom Payment Type

2020-09-08 16:55:24 - [MESSAGE][PASSED] - Object '' is present

2020-09-08 16:55:24 - [MESSAGE][PASSED] - Object '' is visible

2020-09-08 16:55:24 - [MESSAGE][PASSED] - Object '' is present

2020-09-08 16:55:26 - [MESSAGE][PASSED] - Text '13' is set on object ''

2020-09-08 16:55:26 - [MESSAGE][PASSED] - Quicksti.ts:Entered'13 into RefrenceNumber

2020-09-08 16:55:26 - [MESSAGE][PASSED] - Object '' is present

2020-09-08 16:55:26 - [MESSAGE][PASSED] - Object '' is visible

2020-09-08 16:55:27 - [MESSAGE][PASSED] - Object '' is present

2020-09-08 16:55:28 - [MESSAGE][PASSED] - Text '2' is set on object ''

2020-09-08 16:55:28 - [MESSAGE][PASSED] - Quicksti.ts:Entered'2 into Quntity

2020-09-08 16:55:28 - [TEST_STEP][PASSED] - pages.Quicksti.setCommnets("2", s, commentsList.get(i)): Quicksti.ts:Entered'Testing into Comments

2020-09-08 16:55:28 - [MESSAGE][PASSED] - Object '' is present

2020-09-08 16:55:29 - [MESSAGE][PASSED] - Object '' is visible

2020-09-08 16:55:29 - [MESSAGE][PASSED] - Object '' is present

2020-09-08 16:55:30 - [MESSAGE][PASSED] - Text 'Testing' is set on object ''

2020-09-08 16:55:30 - [MESSAGE][PASSED] - Quicksti.ts:Entered'Testing into Comments

2020-09-08 16:55:30 - [TEST_STEP][PASSED] - utilities.SafeActions.safeClick(findTestObject("CERTPAY_QUICKSTI/Payment_Information_Page/MANUAL_ENTRY_BUTTON"), "ManualEntry", [pageLoadTime]): Quicksti.ts:Clicked on the ManualEntry

2020-09-08 16:55:30 - [MESSAGE][INFO] - safeClicking

2020-09-08 16:55:31 - [MESSAGE][PASSED] - Object 'Object Repository/CERTPAY_QUICKSTI/Payment_Information_Page/MANUAL_ENTRY_BUTTON' is present

2020-09-08 16:55:31 - [MESSAGE][PASSED] - Object 'Object Repository/CERTPAY_QUICKSTI/Payment_Information_Page/MANUAL_ENTRY_BUTTON' is clickable

2020-09-08 16:55:35 - [MESSAGE][PASSED] - Object: 'Object Repository/CERTPAY_QUICKSTI/Payment_Information_Page/MANUAL_ENTRY_BUTTON' is clicked on

2020-09-08 16:55:35 - [MESSAGE][PASSED] - Quicksti.ts:Clicked on the ManualEntry

2020-09-08 16:55:35 - [TEST_STEP][PASSED] - amount_Value = pages.Quicksti.getAttributeValue(findTestObject("CERTPAY_QUICKSTI/Payment_Information_Page/SUB_TOTAL")): pages.Quicksti.getAttributeValue is PASSED

2020-09-08 16:55:36 - [MESSAGE][PASSED] - Attribute 'value' of object 'Object Repository/CERTPAY_QUICKSTI/Payment_Information_Page/SUB_TOTAL' is: '45.00'

2020-09-08 16:55:36 - [MESSAGE][PASSED] - pages.Quicksti.getAttributeValue is PASSED

2020-09-08 16:55:36 - [TEST_STEP][PASSED] - CardNumber = pages.Quicksti.setUserPaymentDetails(firstName, lastName, cardNum): Quicksti.ts:Entered'4761739001010135 into CardNum

2020-09-08 16:55:36 - [MESSAGE][PASSED] - Object 'Object Repository/CERTPAY_QUICKSTI/Payment_Information_Page/FIRST_NAME' is present

2020-09-08 16:55:37 - [MESSAGE][PASSED] - Object 'Object Repository/CERTPAY_QUICKSTI/Payment_Information_Page/FIRST_NAME' is visible

2020-09-08 16:55:37 - [MESSAGE][PASSED] - Object 'Object Repository/CERTPAY_QUICKSTI/Payment_Information_Page/FIRST_NAME' is present

2020-09-08 16:55:38 - [MESSAGE][PASSED] - Text 'Tester' is set on object 'Object Repository/CERTPAY_QUICKSTI/Payment_Information_Page/FIRST_NAME'

2020-09-08 16:55:38 - [MESSAGE][PASSED] - Quicksti.ts:Entered'Tester into FirstName

2020-09-08 16:55:39 - [MESSAGE][PASSED] - Object 'Object Repository/CERTPAY_QUICKSTI/Payment_Information_Page/LAST_NAME' is present

2020-09-08 16:55:39 - [MESSAGE][PASSED] - Object 'Object Repository/CERTPAY_QUICKSTI/Payment_Information_Page/LAST_NAME' is visible

2020-09-08 16:55:39 - [MESSAGE][PASSED] - Object 'Object Repository/CERTPAY_QUICKSTI/Payment_Information_Page/LAST_NAME' is present

2020-09-08 16:55:41 - [MESSAGE][PASSED] - Text 'Zenq1' is set on object 'Object Repository/CERTPAY_QUICKSTI/Payment_Information_Page/LAST_NAME'

2020-09-08 16:55:41 - [MESSAGE][PASSED] - Quicksti.ts:Entered'Zenq1 into LAstName

2020-09-08 16:55:41 - [MESSAGE][PASSED] - Object 'Object Repository/CERTPAY_QUICKSTI/Payment_Information_Page/CARD_NUMBER' is present

2020-09-08 16:55:41 - [MESSAGE][PASSED] - Object 'Object Repository/CERTPAY_QUICKSTI/Payment_Information_Page/CARD_NUMBER' is visible

2020-09-08 16:55:42 - [MESSAGE][PASSED] - Object 'Object Repository/CERTPAY_QUICKSTI/Payment_Information_Page/CARD_NUMBER' is present

2020-09-08 16:55:43 - [MESSAGE][PASSED] - Text '4761739001010135' is set on object 'Object Repository/CERTPAY_QUICKSTI/Payment_Information_Page/CARD_NUMBER'

2020-09-08 16:55:43 - [MESSAGE][PASSED] - Quicksti.ts:Entered'4761739001010135 into CardNum

2020-09-08 16:55:43 - [TEST_STEP][PASSED] - pages.Quicksti.setExpDate(expMonth, expYear, securityCode): Quicksti.ts:Entered'207 into securityCode

2020-09-08 16:55:43 - [MESSAGE][PASSED] - Object 'Object Repository/CERTPAY_QUICKSTI/Payment_Information_Page/EXP_MONTH' is visible

2020-09-08 16:55:44 - [MESSAGE][PASSED] - Object 'Object Repository/CERTPAY_QUICKSTI/Payment_Information_Page/EXP_MONTH' is present

2020-09-08 16:55:45 - [MESSAGE][PASSED] - Object: 'Object Repository/CERTPAY_QUICKSTI/Payment_Information_Page/EXP_MONTH' is clicked on

2020-09-08 16:55:46 - [MESSAGE][PASSED] - All options with label '03' are selected in object 'Object Repository/CERTPAY_QUICKSTI/Payment_Information_Page/EXP_MONTH'  using regular expression

2020-09-08 16:55:46 - [MESSAGE][PASSED] - selected dropdown option by visible text  03from expMonth

2020-09-08 16:55:47 - [MESSAGE][PASSED] - Object 'Object Repository/CERTPAY_QUICKSTI/Payment_Information_Page/EXP_YEAR' is visible

2020-09-08 16:55:47 - [MESSAGE][PASSED] - Object 'Object Repository/CERTPAY_QUICKSTI/Payment_Information_Page/EXP_YEAR' is present

2020-09-08 16:55:48 - [MESSAGE][PASSED] - Object: 'Object Repository/CERTPAY_QUICKSTI/Payment_Information_Page/EXP_YEAR' is clicked on

2020-09-08 16:55:50 - [MESSAGE][PASSED] - All options with label '2022' are selected in object 'Object Repository/CERTPAY_QUICKSTI/Payment_Information_Page/EXP_YEAR'  using regular expression

2020-09-08 16:55:50 - [MESSAGE][PASSED] - selected dropdown option by visible text  2022from  expYear

2020-09-08 16:55:50 - [MESSAGE][PASSED] - Object 'Object Repository/CERTPAY_QUICKSTI/Payment_Information_Page/SECURITY_CODE' is present

2020-09-08 16:55:50 - [MESSAGE][PASSED] - Object 'Object Repository/CERTPAY_QUICKSTI/Payment_Information_Page/SECURITY_CODE' is visible

2020-09-08 16:55:51 - [MESSAGE][PASSED] - Object 'Object Repository/CERTPAY_QUICKSTI/Payment_Information_Page/SECURITY_CODE' is present

2020-09-08 16:55:52 - [MESSAGE][PASSED] - Text '207' is set on object 'Object Repository/CERTPAY_QUICKSTI/Payment_Information_Page/SECURITY_CODE'

2020-09-08 16:55:52 - [MESSAGE][PASSED] - Quicksti.ts:Entered'207 into securityCode

2020-09-08 16:55:52 - [TEST_STEP][PASSED] - utilities.SafeActions.safeType(findTestObject("CERTPAY_QUICKSTI/Payment_Information_Page/ADDRESS"), address, "Address", [pageLoadTime]): Quicksti.ts:Entered'14-2 into Address

2020-09-08 16:55:52 - [MESSAGE][PASSED] - Object 'Object Repository/CERTPAY_QUICKSTI/Payment_Information_Page/ADDRESS' is present

2020-09-08 16:55:53 - [MESSAGE][PASSED] - Object 'Object Repository/CERTPAY_QUICKSTI/Payment_Information_Page/ADDRESS' is visible

2020-09-08 16:55:53 - [MESSAGE][PASSED] - Object 'Object Repository/CERTPAY_QUICKSTI/Payment_Information_Page/ADDRESS' is present

2020-09-08 16:55:54 - [MESSAGE][PASSED] - Text '14-2' is set on object 'Object Repository/CERTPAY_QUICKSTI/Payment_Information_Page/ADDRESS'

2020-09-08 16:55:54 - [MESSAGE][PASSED] - Quicksti.ts:Entered'14-2 into Address

2020-09-08 16:55:54 - [TEST_STEP][PASSED] - utilities.SafeActions.safeType(findTestObject("CERTPAY_QUICKSTI/Payment_Information_Page/ZIP_CODE"), zipCode, "zipcode", [pageLoadTime]): Quicksti.ts:Entered'76102 into zipcode

2020-09-08 16:55:55 - [MESSAGE][PASSED] - Object 'Object Repository/CERTPAY_QUICKSTI/Payment_Information_Page/ZIP_CODE' is present

2020-09-08 16:55:55 - [MESSAGE][PASSED] - Object 'Object Repository/CERTPAY_QUICKSTI/Payment_Information_Page/ZIP_CODE' is visible

2020-09-08 16:55:55 - [MESSAGE][PASSED] - Object 'Object Repository/CERTPAY_QUICKSTI/Payment_Information_Page/ZIP_CODE' is present

2020-09-08 16:55:57 - [MESSAGE][PASSED] - Text '76102' is set on object 'Object Repository/CERTPAY_QUICKSTI/Payment_Information_Page/ZIP_CODE'

2020-09-08 16:55:57 - [MESSAGE][PASSED] - Quicksti.ts:Entered'76102 into zipcode

2020-09-08 16:55:57 - [TEST_STEP][PASSED] - utilities.SafeActions.safeType(findTestObject("CERTPAY_QUICKSTI/Payment_Information_Page/TELEPHONE"), telephone, "Telephone", [pageLoadTime]): Quicksti.ts:Entered'9988776655 into Telephone

2020-09-08 16:55:57 - [MESSAGE][PASSED] - Object 'Object Repository/CERTPAY_QUICKSTI/Payment_Information_Page/TELEPHONE' is present

2020-09-08 16:55:57 - [MESSAGE][PASSED] - Object 'Object Repository/CERTPAY_QUICKSTI/Payment_Information_Page/TELEPHONE' is visible

2020-09-08 16:55:58 - [MESSAGE][PASSED] - Object 'Object Repository/CERTPAY_QUICKSTI/Payment_Information_Page/TELEPHONE' is present

2020-09-08 16:55:59 - [MESSAGE][PASSED] - Text '9988776655' is set on object 'Object Repository/CERTPAY_QUICKSTI/Payment_Information_Page/TELEPHONE'

2020-09-08 16:55:59 - [MESSAGE][PASSED] - Quicksti.ts:Entered'9988776655 into Telephone

2020-09-08 16:55:59 - [TEST_STEP][PASSED] - utilities.SafeActions.safeType(findTestObject("CERTPAY_QUICKSTI/Payment_Information_Page/EMAIL_ADDRESS"), emailAddress, "EMAIL address", [pageLoadTime]): Quicksti.ts:Entered'testing@zenq.com into EMAIL address

2020-09-08 16:55:59 - [MESSAGE][PASSED] - Object 'Object Repository/CERTPAY_QUICKSTI/Payment_Information_Page/EMAIL_ADDRESS' is present

2020-09-08 16:56:00 - [MESSAGE][PASSED] - Object 'Object Repository/CERTPAY_QUICKSTI/Payment_Information_Page/EMAIL_ADDRESS' is visible

2020-09-08 16:56:00 - [MESSAGE][PASSED] - Object 'Object Repository/CERTPAY_QUICKSTI/Payment_Information_Page/EMAIL_ADDRESS' is present

2020-09-08 16:56:01 - [MESSAGE][PASSED] - Text 'testing@zenq.com' is set on object 'Object Repository/CERTPAY_QUICKSTI/Payment_Information_Page/EMAIL_ADDRESS'

2020-09-08 16:56:01 - [MESSAGE][PASSED] - Quicksti.ts:Entered'testing@zenq.com into EMAIL address

2020-09-08 16:56:01 - [TEST_STEP][PASSED] - utilities.SafeActions.safeClick(findTestObject("CERTPAY_QUICKSTI/Payment_Information_Page/NEXT_BUTTON"), "Next", [pageLoadTime]): Quicksti.ts:Clicked on the Next

2020-09-08 16:56:01 - [MESSAGE][INFO] - safeClicking

2020-09-08 16:56:02 - [MESSAGE][PASSED] - Object 'Object Repository/CERTPAY_QUICKSTI/Payment_Information_Page/NEXT_BUTTON' is present

2020-09-08 16:56:02 - [MESSAGE][PASSED] - Object 'Object Repository/CERTPAY_QUICKSTI/Payment_Information_Page/NEXT_BUTTON' is clickable

2020-09-08 16:56:06 - [MESSAGE][PASSED] - Object: 'Object Repository/CERTPAY_QUICKSTI/Payment_Information_Page/NEXT_BUTTON' is clicked on

2020-09-08 16:56:06 - [MESSAGE][PASSED] - Quicksti.ts:Clicked on the Next

2020-09-08 16:56:06 - [TEST_STEP][PASSED] - pages.Quicksti.verifyUserPaymentDetails(amountList.get(0), firstName, lastName, CardNumber): pages.Quicksti.verifyUserPaymentDetails is PASSED

2020-09-08 16:56:06 - [MESSAGE][PASSED] - Text of object 'Object Repository/CERTPAY_QUICKSTI/Payment_Details_Verification_Page/AMOUNT' is: '$45.00'

2020-09-08 16:56:06 - [MESSAGE][PASSED] - Actual text '45.00' and expected text '45.00' are matched  using regular expression

2020-09-08 16:56:06 - [MESSAGE][PASSED] - Text of object 'Object Repository/CERTPAY_QUICKSTI/Payment_Details_Verification_Page/NAME' is: 'Tester Zenq1'

2020-09-08 16:56:06 - [MESSAGE][PASSED] - Actual text 'Tester Zenq1' and expected text 'Tester Zenq1' are matched  using regular expression

2020-09-08 16:56:07 - [MESSAGE][PASSED] - Text of object 'Object Repository/CERTPAY_QUICKSTI/Payment_Details_Verification_Page/CARD_NUMBER' is: '...0135'

2020-09-08 16:56:07 - [MESSAGE][PASSED] - Actual text '0135' and expected text '0135' are matched  using regular expression

2020-09-08 16:56:07 - [MESSAGE][PASSED] - pages.Quicksti.verifyUserPaymentDetails is PASSED

2020-09-08 16:56:07 - [TEST_STEP][PASSED] - scrollToElement(findTestObject("CERTPAY_QUICKSTI/Payment_Details_Verification_Page/PROCESS"), 30): Scroll to object 'Object Repository/CERTPAY_QUICKSTI/Payment_Details_Verification_Page/PROCESS' successfully

2020-09-08 16:56:07 - [MESSAGE][PASSED] - Scroll to object 'Object Repository/CERTPAY_QUICKSTI/Payment_Details_Verification_Page/PROCESS' successfully

2020-09-08 16:56:07 - [TEST_STEP][PASSED] - utilities.SafeActions.safeClick(findTestObject("CERTPAY_QUICKSTI/Payment_Details_Verification_Page/PROCESS"), "Process", [pageLoadTime]): Quicksti.ts:Clicked on the Process

2020-09-08 16:56:07 - [MESSAGE][INFO] - safeClicking

2020-09-08 16:56:08 - [MESSAGE][PASSED] - Object 'Object Repository/CERTPAY_QUICKSTI/Payment_Details_Verification_Page/PROCESS' is present

2020-09-08 16:56:08 - [MESSAGE][PASSED] - Object 'Object Repository/CERTPAY_QUICKSTI/Payment_Details_Verification_Page/PROCESS' is clickable

2020-09-08 16:56:14 - [MESSAGE][PASSED] - Object: 'Object Repository/CERTPAY_QUICKSTI/Payment_Details_Verification_Page/PROCESS' is clicked on

2020-09-08 16:56:14 - [MESSAGE][PASSED] - Quicksti.ts:Clicked on the Process

2020-09-08 16:56:14 - [TEST_STEP][PASSED] - paymentId = pages.Quicksti.verifyPaymentApproval(findTestObject("CERTPAY_QUICKSTI/Payment_Details_Verification_Page/APPROVED")): Payment is approved

2020-09-08 16:56:14 - [MESSAGE][PASSED] - Text of object 'Object Repository/CERTPAY_QUICKSTI/Payment_Details_Verification_Page/PAYMENT_ID' is: '100176112379'

2020-09-08 16:56:14 - [MESSAGE][PASSED] - Object 'Object Repository/CERTPAY_QUICKSTI/Payment_Details_Verification_Page/APPROVED' is present

2020-09-08 16:56:14 - [MESSAGE][PASSED] - Payment is approved

2020-09-08 16:56:16 - [TEST_STEP][PASSED] - navigateToUrl(Admin_url): Navigate to 'https://qa-certpayadmin.faps.net' successfully

2020-09-08 16:56:23 - [MESSAGE][PASSED] - Navigate to 'https://qa-certpayadmin.faps.net' successfully

2020-09-08 16:56:23 - [TEST_STEP][PASSED] - pages.Bureau_Login_Page.loginToAdminSite(AdminUsername, AdminPassword): Quicksti.ts:Clicked on the LOGIN

2020-09-08 16:56:23 - [MESSAGE][PASSED] - Object 'Object Repository/CERTPAY_ADMIN/USER_NAME' is present

2020-09-08 16:56:23 - [MESSAGE][PASSED] - Object 'Object Repository/CERTPAY_ADMIN/USER_NAME' is visible

2020-09-08 16:56:24 - [MESSAGE][PASSED] - Object 'Object Repository/CERTPAY_ADMIN/USER_NAME' is present

2020-09-08 16:56:25 - [MESSAGE][PASSED] - Text 'VVangiliappan' is set on object 'Object Repository/CERTPAY_ADMIN/USER_NAME'

2020-09-08 16:56:25 - [MESSAGE][PASSED] - Quicksti.ts:Entered'VVangiliappan into username

2020-09-08 16:56:26 - [MESSAGE][PASSED] - Object 'Object Repository/CERTPAY_ADMIN/PASSWORD' is present

2020-09-08 16:56:26 - [MESSAGE][PASSED] - Object 'Object Repository/CERTPAY_ADMIN/PASSWORD' is visible

2020-09-08 16:56:26 - [MESSAGE][PASSED] - Object 'Object Repository/CERTPAY_ADMIN/PASSWORD' is present

2020-09-08 16:56:27 - [MESSAGE][PASSED] - Text 'Knila@12345' is set on object 'Object Repository/CERTPAY_ADMIN/PASSWORD'

2020-09-08 16:56:27 - [MESSAGE][PASSED] - Quicksti.ts:Entered'Knila@12345 into password

2020-09-08 16:56:28 - [MESSAGE][INFO] - safeClicking

2020-09-08 16:56:28 - [MESSAGE][PASSED] - Object 'Object Repository/CERTPAY_ADMIN/LOGIN_BUTTON' is present

2020-09-08 16:56:28 - [MESSAGE][PASSED] - Object 'Object Repository/CERTPAY_ADMIN/LOGIN_BUTTON' is clickable

2020-09-08 16:56:36 - [MESSAGE][PASSED] - Object: 'Object Repository/CERTPAY_ADMIN/LOGIN_BUTTON' is clicked on

2020-09-08 16:56:36 - [MESSAGE][PASSED] - Quicksti.ts:Clicked on the LOGIN

2020-09-08 16:56:36 - [TEST_STEP][PASSED] - utilities.SafeActions.safeClick(findTestObject("CERTPAY_ADMIN/TRANSACTION_SEARCH"), "TransactionSearch", [pageLoadTime]): Quicksti.ts:Clicked on the TransactionSearch

2020-09-08 16:56:36 - [MESSAGE][INFO] - safeClicking

2020-09-08 16:56:36 - [MESSAGE][PASSED] - Object 'Object Repository/CERTPAY_ADMIN/TRANSACTION_SEARCH' is present

2020-09-08 16:56:36 - [MESSAGE][PASSED] - Object 'Object Repository/CERTPAY_ADMIN/TRANSACTION_SEARCH' is clickable

2020-09-08 16:56:41 - [MESSAGE][PASSED] - Object: 'Object Repository/CERTPAY_ADMIN/TRANSACTION_SEARCH' is clicked on

2020-09-08 16:56:41 - [MESSAGE][PASSED] - Quicksti.ts:Clicked on the TransactionSearch

2020-09-08 16:56:41 - [TEST_STEP][PASSED] - utilities.SafeActions.safeType(findTestObject("CERTPAY_ADMIN/PAYMENT_ID"), paymentId, "Payment id", [pageLoadTime]): Quicksti.ts:Entered'100176112379 into Payment id

2020-09-08 16:56:41 - [MESSAGE][PASSED] - Object 'Object Repository/CERTPAY_ADMIN/PAYMENT_ID' is present

2020-09-08 16:56:42 - [MESSAGE][PASSED] - Object 'Object Repository/CERTPAY_ADMIN/PAYMENT_ID' is visible

2020-09-08 16:56:42 - [MESSAGE][PASSED] - Object 'Object Repository/CERTPAY_ADMIN/PAYMENT_ID' is present

2020-09-08 16:56:43 - [MESSAGE][PASSED] - Text '100176112379' is set on object 'Object Repository/CERTPAY_ADMIN/PAYMENT_ID'

2020-09-08 16:56:43 - [MESSAGE][PASSED] - Quicksti.ts:Entered'100176112379 into Payment id

2020-09-08 16:56:43 - [TEST_STEP][PASSED] - utilities.SafeActions.safeClick(findTestObject("CERTPAY_ADMIN/GO_BUTTON"), "Go button", [pageLoadTime]): Quicksti.ts:Clicked on the Go button

2020-09-08 16:56:43 - [MESSAGE][INFO] - safeClicking

2020-09-08 16:56:43 - [MESSAGE][PASSED] - Object 'Object Repository/CERTPAY_ADMIN/GO_BUTTON' is present

2020-09-08 16:56:44 - [MESSAGE][PASSED] - Object 'Object Repository/CERTPAY_ADMIN/GO_BUTTON' is clickable

2020-09-08 16:56:46 - [MESSAGE][PASSED] - Object: 'Object Repository/CERTPAY_ADMIN/GO_BUTTON' is clicked on

2020-09-08 16:56:46 - [MESSAGE][PASSED] - Quicksti.ts:Clicked on the Go button

2020-09-08 16:56:46 - [TEST_STEP][PASSED] - delay(5): Delayed 5 second(s)

2020-09-08 16:56:51 - [MESSAGE][PASSED] - Delayed 5 second(s)

2020-09-08 16:56:51 - [TEST_STEP][PASSED] - scrollToPosition(800, 900): Browser is scrolled to position x = 800, y = 900

2020-09-08 16:56:51 - [MESSAGE][PASSED] - Browser is scrolled to position x = 800, y = 900

2020-09-08 16:56:51 - [TEST_STEP][PASSED] - paymentIdList.add(paymentId): null

2020-09-08 16:56:51 - [TEST_STEP][PASSED] - println(paymentIdList): null

2020-09-08 16:56:51 - [TEST_STEP][PASSED] - firstName = data.getValue("FirstName", index): null

2020-09-08 16:56:51 - [TEST_STEP][PASSED] - lastName = data.getValue("LastName", index): null

2020-09-08 16:56:51 - [TEST_STEP][PASSED] - cardNum = data.getValue("CardNumber", index): null

2020-09-08 16:56:51 - [TEST_STEP][PASSED] - expMonth = data.getValue("ExpMonth", index): null

2020-09-08 16:56:51 - [TEST_STEP][PASSED] - expYear = data.getValue("ExpYear", index): null

2020-09-08 16:56:51 - [TEST_STEP][PASSED] - securityCode = data.getValue("SecurityCode", index): null

2020-09-08 16:56:51 - [TEST_STEP][PASSED] - paymentAmount = data.getValue("PaymentAmount", index): null

2020-09-08 16:56:51 - [TEST_STEP][PASSED] - paymentType = data.getValue("PaymentType", index): null

2020-09-08 16:56:51 - [TEST_STEP][PASSED] - quantity = data.getValue("Quantity", index): null

2020-09-08 16:56:51 - [TEST_STEP][PASSED] - comments = data.getValue("Comments", index): null

2020-09-08 16:56:51 - [TEST_STEP][PASSED] - referenceNum = data.getValue("ReferenceNum", index): null

2020-09-08 16:56:51 - [TEST_STEP][PASSED] - address = data.getValue("Address", index): null

2020-09-08 16:56:51 - [TEST_STEP][PASSED] - zipCode = data.getValue("Zipcode", index): null

2020-09-08 16:56:51 - [TEST_STEP][PASSED] - telephone = data.getValue("Telephone", index): null

2020-09-08 16:56:51 - [TEST_STEP][PASSED] - emailAddress = data.getValue("EmailAddress", index): null

2020-09-08 16:56:51 - [TEST_STEP][PASSED] - cardType = data.getValue("CardType", index): null

2020-09-08 16:56:51 - [TEST_STEP][PASSED] - amountList = paymentAmount.split(","): null

2020-09-08 16:56:51 - [TEST_STEP][PASSED] - referenceList = referenceNum.split(","): null

2020-09-08 16:56:51 - [TEST_STEP][PASSED] - paymentTypeList = paymentType.split(","): null

2020-09-08 16:56:51 - [TEST_STEP][PASSED] - commentsList = comments.split(","): null

2020-09-08 16:56:51 - [TEST_STEP][PASSED] - quantityList = quantity.split(","): null

2020-09-08 16:56:51 - [TEST_STEP][PASSED] - utilities.SafeActions.openBrowser(Quicksti_Url, [pageLoadTime]): Browser launched successfully

2020-09-08 16:56:51 - [MESSAGE][INFO] - Opening Browser

2020-09-08 16:56:51 - [MESSAGE][WARNING] - A browser is already opened. Closing browser and opening a new one

2020-09-08 16:56:52 - [MESSAGE][INFO] - Starting 'Chrome' driver

2020-09-08 16:57:01 - [MESSAGE][PASSED] - Browser is opened with url: 'https://qa-certpayquicksti.faps.net/'

2020-09-08 16:57:04 - [MESSAGE][PASSED] - Current window maximized

2020-09-08 16:57:04 - [MESSAGE][PASSED] - Browser launched successfully

2020-09-08 16:57:04 - [TEST_STEP][PASSED] - utilities.SafeActions.safeCheck(findTestObject("CERTPAY_QUICKSTI/Login_ Page/MULTI_BUREAU_CHECKBOX"), "Multi Bureau", [pageLoadTime]): Quicksti.ts:Checkbox 'Multi Bureau'is selected

2020-09-08 16:57:04 - [MESSAGE][PASSED] - Object 'Object Repository/CERTPAY_QUICKSTI/Login_ Page/MULTI_BUREAU_CHECKBOX' is present

2020-09-08 16:57:05 - [MESSAGE][PASSED] - Object 'Object Repository/CERTPAY_QUICKSTI/Login_ Page/MULTI_BUREAU_CHECKBOX' is present

2020-09-08 16:57:06 - [MESSAGE][PASSED] - Object: 'Object Repository/CERTPAY_QUICKSTI/Login_ Page/MULTI_BUREAU_CHECKBOX' is clicked on

2020-09-08 16:57:06 - [MESSAGE][PASSED] - Quicksti.ts:Checkbox 'Multi Bureau'is selected

2020-09-08 16:57:06 - [TEST_STEP][PASSED] - utilities.SafeActions.safeType(findTestObject("CERTPAY_QUICKSTI/Login_ Page/TELLER_ID"), teller_id, "Bureau code", [pageLoadTime]): Quicksti.ts:Entered'zenq into Bureau code

2020-09-08 16:57:07 - [MESSAGE][PASSED] - Object 'Object Repository/CERTPAY_QUICKSTI/Login_ Page/TELLER_ID' is present

2020-09-08 16:57:08 - [MESSAGE][PASSED] - Object 'Object Repository/CERTPAY_QUICKSTI/Login_ Page/TELLER_ID' is visible

2020-09-08 16:57:08 - [MESSAGE][PASSED] - Object 'Object Repository/CERTPAY_QUICKSTI/Login_ Page/TELLER_ID' is present

2020-09-08 16:57:09 - [MESSAGE][PASSED] - Text 'zenq' is set on object 'Object Repository/CERTPAY_QUICKSTI/Login_ Page/TELLER_ID'

2020-09-08 16:57:09 - [MESSAGE][PASSED] - Quicksti.ts:Entered'zenq into Bureau code

2020-09-08 16:57:09 - [TEST_STEP][PASSED] - utilities.SafeActions.safeClick(findTestObject("CERTPAY_QUICKSTI/Login_ Page/NEXT_BUTTON"), "Next button", [pageLoadTime]): Quicksti.ts:Clicked on the Next button

2020-09-08 16:57:09 - [MESSAGE][INFO] - safeClicking

2020-09-08 16:57:09 - [MESSAGE][PASSED] - Object 'Object Repository/CERTPAY_QUICKSTI/Login_ Page/NEXT_BUTTON' is present

2020-09-08 16:57:10 - [MESSAGE][PASSED] - Object 'Object Repository/CERTPAY_QUICKSTI/Login_ Page/NEXT_BUTTON' is clickable

2020-09-08 16:57:14 - [MESSAGE][PASSED] - Object: 'Object Repository/CERTPAY_QUICKSTI/Login_ Page/NEXT_BUTTON' is clicked on

2020-09-08 16:57:14 - [MESSAGE][PASSED] - Quicksti.ts:Clicked on the Next button

2020-09-08 16:57:14 - [TEST_STEP][PASSED] - for ([i = 0, i <= amountList.size() - 1, (i++)]): Quicksti.ts:Entered'2 into Quntity

2020-09-08 16:57:14 - [TEST_STEP][PASSED] - s = Integer.toString(i): null

2020-09-08 16:57:14 - [TEST_STEP][PASSED] - pages.Quicksti.setCommnets("0", s, commentsList.get(i)): Quicksti.ts:Entered'Testing into Comments

2020-09-08 16:57:14 - [MESSAGE][PASSED] - Object '' is present

2020-09-08 16:57:15 - [MESSAGE][PASSED] - Object '' is visible

2020-09-08 16:57:15 - [MESSAGE][PASSED] - Object '' is present

2020-09-08 16:57:16 - [MESSAGE][PASSED] - Text 'Testing' is set on object ''

2020-09-08 16:57:16 - [MESSAGE][PASSED] - Quicksti.ts:Entered'Testing into Comments

2020-09-08 16:57:16 - [TEST_STEP][PASSED] - utilities.SafeActions.safeType(findTestObject("CERTPAY_QUICKSTI/Payment_Information_Page/PAYMENT_AMOUNT"), amountList.get(i), "Payment Amount", [pageLoadTime]): Quicksti.ts:Entered'45.00 into Payment Amount

2020-09-08 16:57:17 - [MESSAGE][PASSED] - Object 'Object Repository/CERTPAY_QUICKSTI/Payment_Information_Page/PAYMENT_AMOUNT' is present

2020-09-08 16:57:17 - [MESSAGE][PASSED] - Object 'Object Repository/CERTPAY_QUICKSTI/Payment_Information_Page/PAYMENT_AMOUNT' is visible

2020-09-08 16:57:17 - [MESSAGE][PASSED] - Object 'Object Repository/CERTPAY_QUICKSTI/Payment_Information_Page/PAYMENT_AMOUNT' is present

2020-09-08 16:57:19 - [MESSAGE][PASSED] - Text '45.00' is set on object 'Object Repository/CERTPAY_QUICKSTI/Payment_Information_Page/PAYMENT_AMOUNT'

2020-09-08 16:57:19 - [MESSAGE][PASSED] - Quicksti.ts:Entered'45.00 into Payment Amount

2020-09-08 16:57:19 - [TEST_STEP][PASSED] - pages.Quicksti.setAmountDetailsForMultiBureau(s, paymentTypeList.get(i), "0", referenceList.get(i), quantityList.get(i)): Quicksti.ts:Entered'1 into Quntity

2020-09-08 16:57:19 - [MESSAGE][PASSED] - Object '' is visible

2020-09-08 16:57:20 - [MESSAGE][PASSED] - Object '' is present

2020-09-08 16:57:21 - [MESSAGE][PASSED] - Object: '' is clicked on

2020-09-08 16:57:22 - [MESSAGE][PASSED] - All options with label 'Licenses' are selected in object ''  using regular expression

2020-09-08 16:57:22 - [MESSAGE][PASSED] - selected dropdown option by visible text  Licensesfrom Payment Type

2020-09-08 16:57:22 - [MESSAGE][PASSED] - Object '' is present

2020-09-08 16:57:23 - [MESSAGE][PASSED] - Object '' is visible

2020-09-08 16:57:23 - [MESSAGE][PASSED] - Object '' is present

2020-09-08 16:57:24 - [MESSAGE][PASSED] - Text '11' is set on object ''

2020-09-08 16:57:24 - [MESSAGE][PASSED] - Quicksti.ts:Entered'11 into RefrenceNumber

2020-09-08 16:57:25 - [MESSAGE][PASSED] - Object '' is present

2020-09-08 16:57:25 - [MESSAGE][PASSED] - Object '' is visible

2020-09-08 16:57:25 - [MESSAGE][PASSED] - Object '' is present

2020-09-08 16:57:27 - [MESSAGE][PASSED] - Text '1' is set on object ''

2020-09-08 16:57:27 - [MESSAGE][PASSED] - Quicksti.ts:Entered'1 into Quntity

2020-09-08 16:57:27 - [TEST_STEP][PASSED] - s = Integer.toString(i): null

2020-09-08 16:57:27 - [TEST_STEP][PASSED] - pages.Quicksti.setCommnets("0", s, commentsList.get(i)): Quicksti.ts:Entered'Tester into Comments

2020-09-08 16:57:27 - [MESSAGE][PASSED] - Object '' is present

2020-09-08 16:57:27 - [MESSAGE][PASSED] - Object '' is visible

2020-09-08 16:57:28 - [MESSAGE][PASSED] - Object '' is present

2020-09-08 16:57:29 - [MESSAGE][PASSED] - Text 'Tester' is set on object ''

2020-09-08 16:57:29 - [MESSAGE][PASSED] - Quicksti.ts:Entered'Tester into Comments

2020-09-08 16:57:29 - [TEST_STEP][PASSED] - utilities.SafeActions.safeType(findTestObject("CERTPAY_QUICKSTI/Payment_Information_Page/PAYMENT_AMOUNT"), amountList.get(i), "Payment Amount", [pageLoadTime]): Quicksti.ts:Entered'35.00 into Payment Amount

2020-09-08 16:57:29 - [MESSAGE][PASSED] - Object 'Object Repository/CERTPAY_QUICKSTI/Payment_Information_Page/PAYMENT_AMOUNT' is present

2020-09-08 16:57:30 - [MESSAGE][PASSED] - Object 'Object Repository/CERTPAY_QUICKSTI/Payment_Information_Page/PAYMENT_AMOUNT' is visible

2020-09-08 16:57:30 - [MESSAGE][PASSED] - Object 'Object Repository/CERTPAY_QUICKSTI/Payment_Information_Page/PAYMENT_AMOUNT' is present

2020-09-08 16:57:31 - [MESSAGE][PASSED] - Text '35.00' is set on object 'Object Repository/CERTPAY_QUICKSTI/Payment_Information_Page/PAYMENT_AMOUNT'

2020-09-08 16:57:31 - [MESSAGE][PASSED] - Quicksti.ts:Entered'35.00 into Payment Amount

2020-09-08 16:57:31 - [TEST_STEP][PASSED] - pages.Quicksti.setAmountDetailsForMultiBureau(s, paymentTypeList.get(i), "0", referenceList.get(i), quantityList.get(i)): Quicksti.ts:Entered'2 into Quntity

2020-09-08 16:57:32 - [MESSAGE][PASSED] - Object '' is visible

2020-09-08 16:57:32 - [MESSAGE][PASSED] - Object '' is present

2020-09-08 16:57:33 - [MESSAGE][PASSED] - Object: '' is clicked on

2020-09-08 16:57:35 - [MESSAGE][PASSED] - All options with label 'Taxes' are selected in object ''  using regular expression

2020-09-08 16:57:35 - [MESSAGE][PASSED] - selected dropdown option by visible text  Taxesfrom Payment Type

2020-09-08 16:57:35 - [MESSAGE][PASSED] - Object '' is present

2020-09-08 16:57:36 - [MESSAGE][PASSED] - Object '' is visible

2020-09-08 16:57:36 - [MESSAGE][PASSED] - Object '' is present

2020-09-08 16:57:37 - [MESSAGE][PASSED] - Text '12' is set on object ''

2020-09-08 16:57:37 - [MESSAGE][PASSED] - Quicksti.ts:Entered'12 into RefrenceNumber

2020-09-08 16:57:37 - [MESSAGE][PASSED] - Object '' is present

2020-09-08 16:57:38 - [MESSAGE][PASSED] - Object '' is visible

2020-09-08 16:57:38 - [MESSAGE][PASSED] - Object '' is present

2020-09-08 16:57:39 - [MESSAGE][PASSED] - Text '2' is set on object ''

2020-09-08 16:57:39 - [MESSAGE][PASSED] - Quicksti.ts:Entered'2 into Quntity

2020-09-08 16:57:39 - [TEST_STEP][PASSED] - s = Integer.toString(i): null

2020-09-08 16:57:39 - [TEST_STEP][PASSED] - pages.Quicksti.setCommnets("0", s, commentsList.get(i)): Quicksti.ts:Entered'Testing into Comments

2020-09-08 16:57:40 - [MESSAGE][PASSED] - Object '' is present

2020-09-08 16:57:40 - [MESSAGE][PASSED] - Object '' is visible

2020-09-08 16:57:40 - [MESSAGE][PASSED] - Object '' is present

2020-09-08 16:57:42 - [MESSAGE][PASSED] - Text 'Testing' is set on object ''

2020-09-08 16:57:42 - [MESSAGE][PASSED] - Quicksti.ts:Entered'Testing into Comments

2020-09-08 16:57:42 - [TEST_STEP][PASSED] - utilities.SafeActions.safeType(findTestObject("CERTPAY_QUICKSTI/Payment_Information_Page/PAYMENT_AMOUNT"), amountList.get(i), "Payment Amount", [pageLoadTime]): Quicksti.ts:Entered'20.00 into Payment Amount

2020-09-08 16:57:42 - [MESSAGE][PASSED] - Object 'Object Repository/CERTPAY_QUICKSTI/Payment_Information_Page/PAYMENT_AMOUNT' is present

2020-09-08 16:57:42 - [MESSAGE][PASSED] - Object 'Object Repository/CERTPAY_QUICKSTI/Payment_Information_Page/PAYMENT_AMOUNT' is visible

2020-09-08 16:57:43 - [MESSAGE][PASSED] - Object 'Object Repository/CERTPAY_QUICKSTI/Payment_Information_Page/PAYMENT_AMOUNT' is present

2020-09-08 16:57:44 - [MESSAGE][PASSED] - Text '20.00' is set on object 'Object Repository/CERTPAY_QUICKSTI/Payment_Information_Page/PAYMENT_AMOUNT'

2020-09-08 16:57:44 - [MESSAGE][PASSED] - Quicksti.ts:Entered'20.00 into Payment Amount

2020-09-08 16:57:44 - [TEST_STEP][PASSED] - pages.Quicksti.setAmountDetailsForMultiBureau(s, paymentTypeList.get(i), "0", referenceList.get(i), quantityList.get(i)): Quicksti.ts:Entered'2 into Quntity

2020-09-08 16:57:45 - [MESSAGE][PASSED] - Object '' is visible

2020-09-08 16:57:45 - [MESSAGE][PASSED] - Object '' is present

2020-09-08 16:57:46 - [MESSAGE][PASSED] - Object: '' is clicked on

2020-09-08 16:57:47 - [MESSAGE][PASSED] - All options with label 'Court Fines' are selected in object ''  using regular expression

2020-09-08 16:57:47 - [MESSAGE][PASSED] - selected dropdown option by visible text  Court Finesfrom Payment Type

2020-09-08 16:57:48 - [MESSAGE][PASSED] - Object '' is present

2020-09-08 16:57:48 - [MESSAGE][PASSED] - Object '' is visible

2020-09-08 16:57:48 - [MESSAGE][PASSED] - Object '' is present

2020-09-08 16:57:50 - [MESSAGE][PASSED] - Text '13' is set on object ''

2020-09-08 16:57:50 - [MESSAGE][PASSED] - Quicksti.ts:Entered'13 into RefrenceNumber

2020-09-08 16:57:50 - [MESSAGE][PASSED] - Object '' is present

2020-09-08 16:57:50 - [MESSAGE][PASSED] - Object '' is visible

2020-09-08 16:57:51 - [MESSAGE][PASSED] - Object '' is present

2020-09-08 16:57:52 - [MESSAGE][PASSED] - Text '2' is set on object ''

2020-09-08 16:57:52 - [MESSAGE][PASSED] - Quicksti.ts:Entered'2 into Quntity

2020-09-08 16:57:52 - [TEST_STEP][PASSED] - for ([i = 0, i <= amountList.size() - 1, (i++)]): Quicksti.ts:Entered'2 into Quntity

2020-09-08 16:57:52 - [TEST_STEP][PASSED] - s = Integer.toString(i): null

2020-09-08 16:57:52 - [TEST_STEP][PASSED] - utilities.SafeActions.safeType(findTestObject("CERTPAY_QUICKSTI/Payment_Information_Page/MULTIBUREAU_PAYMENT_AMOUNT"), amountList.get(i), "Payment Amount", [pageLoadTime]): Quicksti.ts:Entered'45.00 into Payment Amount

2020-09-08 16:57:52 - [MESSAGE][PASSED] - Object 'Object Repository/CERTPAY_QUICKSTI/Payment_Information_Page/MULTIBUREAU_PAYMENT_AMOUNT' is present

2020-09-08 16:57:53 - [MESSAGE][PASSED] - Object 'Object Repository/CERTPAY_QUICKSTI/Payment_Information_Page/MULTIBUREAU_PAYMENT_AMOUNT' is visible

2020-09-08 16:57:53 - [MESSAGE][PASSED] - Object 'Object Repository/CERTPAY_QUICKSTI/Payment_Information_Page/MULTIBUREAU_PAYMENT_AMOUNT' is present

2020-09-08 16:57:54 - [MESSAGE][PASSED] - Text '45.00' is set on object 'Object Repository/CERTPAY_QUICKSTI/Payment_Information_Page/MULTIBUREAU_PAYMENT_AMOUNT'

2020-09-08 16:57:54 - [MESSAGE][PASSED] - Quicksti.ts:Entered'45.00 into Payment Amount

2020-09-08 16:57:54 - [TEST_STEP][PASSED] - pages.Quicksti.setAmountDetailsForMultiBureau(s, "Registration Fees", "1", referenceList.get(i), quantityList.get(i)): Quicksti.ts:Entered'1 into Quntity

2020-09-08 16:57:55 - [MESSAGE][PASSED] - Object '' is visible

2020-09-08 16:57:55 - [MESSAGE][PASSED] - Object '' is present

2020-09-08 16:57:57 - [MESSAGE][PASSED] - Object: '' is clicked on

2020-09-08 16:57:58 - [MESSAGE][PASSED] - All options with label 'Registration Fees' are selected in object ''  using regular expression

2020-09-08 16:57:58 - [MESSAGE][PASSED] - selected dropdown option by visible text  Registration Feesfrom Payment Type

2020-09-08 16:57:58 - [MESSAGE][PASSED] - Object '' is present

2020-09-08 16:57:58 - [MESSAGE][PASSED] - Object '' is visible

2020-09-08 16:57:58 - [MESSAGE][PASSED] - Object '' is present

2020-09-08 16:58:00 - [MESSAGE][PASSED] - Text '11' is set on object ''

2020-09-08 16:58:00 - [MESSAGE][PASSED] - Quicksti.ts:Entered'11 into RefrenceNumber

2020-09-08 16:58:00 - [MESSAGE][PASSED] - Object '' is present

2020-09-08 16:58:00 - [MESSAGE][PASSED] - Object '' is visible

2020-09-08 16:58:01 - [MESSAGE][PASSED] - Object '' is present

2020-09-08 16:58:02 - [MESSAGE][PASSED] - Text '1' is set on object ''

2020-09-08 16:58:02 - [MESSAGE][PASSED] - Quicksti.ts:Entered'1 into Quntity

2020-09-08 16:58:02 - [TEST_STEP][PASSED] - s = Integer.toString(i): null

2020-09-08 16:58:02 - [TEST_STEP][PASSED] - utilities.SafeActions.safeType(findTestObject("CERTPAY_QUICKSTI/Payment_Information_Page/MULTIBUREAU_PAYMENT_AMOUNT"), amountList.get(i), "Payment Amount", [pageLoadTime]): Quicksti.ts:Entered'35.00 into Payment Amount

2020-09-08 16:58:02 - [MESSAGE][PASSED] - Object 'Object Repository/CERTPAY_QUICKSTI/Payment_Information_Page/MULTIBUREAU_PAYMENT_AMOUNT' is present

2020-09-08 16:58:03 - [MESSAGE][PASSED] - Object 'Object Repository/CERTPAY_QUICKSTI/Payment_Information_Page/MULTIBUREAU_PAYMENT_AMOUNT' is visible

2020-09-08 16:58:03 - [MESSAGE][PASSED] - Object 'Object Repository/CERTPAY_QUICKSTI/Payment_Information_Page/MULTIBUREAU_PAYMENT_AMOUNT' is present

2020-09-08 16:58:04 - [MESSAGE][PASSED] - Text '35.00' is set on object 'Object Repository/CERTPAY_QUICKSTI/Payment_Information_Page/MULTIBUREAU_PAYMENT_AMOUNT'

2020-09-08 16:58:04 - [MESSAGE][PASSED] - Quicksti.ts:Entered'35.00 into Payment Amount

2020-09-08 16:58:04 - [TEST_STEP][PASSED] - pages.Quicksti.setAmountDetailsForMultiBureau(s, "Registration Fees", "1", referenceList.get(i), quantityList.get(i)): Quicksti.ts:Entered'2 into Quntity

2020-09-08 16:58:05 - [MESSAGE][PASSED] - Object '' is visible

2020-09-08 16:58:05 - [MESSAGE][PASSED] - Object '' is present

2020-09-08 16:58:06 - [MESSAGE][PASSED] - Object: '' is clicked on

2020-09-08 16:58:07 - [MESSAGE][PASSED] - All options with label 'Registration Fees' are selected in object ''  using regular expression

2020-09-08 16:58:07 - [MESSAGE][PASSED] - selected dropdown option by visible text  Registration Feesfrom Payment Type

2020-09-08 16:58:08 - [MESSAGE][PASSED] - Object '' is present

2020-09-08 16:58:08 - [MESSAGE][PASSED] - Object '' is visible

2020-09-08 16:58:08 - [MESSAGE][PASSED] - Object '' is present

2020-09-08 16:58:10 - [MESSAGE][PASSED] - Text '12' is set on object ''

2020-09-08 16:58:10 - [MESSAGE][PASSED] - Quicksti.ts:Entered'12 into RefrenceNumber

2020-09-08 16:58:10 - [MESSAGE][PASSED] - Object '' is present

2020-09-08 16:58:10 - [MESSAGE][PASSED] - Object '' is visible

2020-09-08 16:58:10 - [MESSAGE][PASSED] - Object '' is present

2020-09-08 16:58:12 - [MESSAGE][PASSED] - Text '2' is set on object ''

2020-09-08 16:58:12 - [MESSAGE][PASSED] - Quicksti.ts:Entered'2 into Quntity

2020-09-08 16:58:12 - [TEST_STEP][PASSED] - s = Integer.toString(i): null

2020-09-08 16:58:12 - [TEST_STEP][PASSED] - utilities.SafeActions.safeType(findTestObject("CERTPAY_QUICKSTI/Payment_Information_Page/MULTIBUREAU_PAYMENT_AMOUNT"), amountList.get(i), "Payment Amount", [pageLoadTime]): Quicksti.ts:Entered'20.00 into Payment Amount

2020-09-08 16:58:12 - [MESSAGE][PASSED] - Object 'Object Repository/CERTPAY_QUICKSTI/Payment_Information_Page/MULTIBUREAU_PAYMENT_AMOUNT' is present

2020-09-08 16:58:12 - [MESSAGE][PASSED] - Object 'Object Repository/CERTPAY_QUICKSTI/Payment_Information_Page/MULTIBUREAU_PAYMENT_AMOUNT' is visible

2020-09-08 16:58:13 - [MESSAGE][PASSED] - Object 'Object Repository/CERTPAY_QUICKSTI/Payment_Information_Page/MULTIBUREAU_PAYMENT_AMOUNT' is present

2020-09-08 16:58:14 - [MESSAGE][PASSED] - Text '20.00' is set on object 'Object Repository/CERTPAY_QUICKSTI/Payment_Information_Page/MULTIBUREAU_PAYMENT_AMOUNT'

2020-09-08 16:58:14 - [MESSAGE][PASSED] - Quicksti.ts:Entered'20.00 into Payment Amount

2020-09-08 16:58:14 - [TEST_STEP][PASSED] - pages.Quicksti.setAmountDetailsForMultiBureau(s, "Registration Fees", "1", referenceList.get(i), quantityList.get(i)): Quicksti.ts:Entered'2 into Quntity

2020-09-08 16:58:15 - [MESSAGE][PASSED] - Object '' is visible

2020-09-08 16:58:15 - [MESSAGE][PASSED] - Object '' is present

2020-09-08 16:58:16 - [MESSAGE][PASSED] - Object: '' is clicked on

2020-09-08 16:58:17 - [MESSAGE][PASSED] - All options with label 'Registration Fees' are selected in object ''  using regular expression

2020-09-08 16:58:17 - [MESSAGE][PASSED] - selected dropdown option by visible text  Registration Feesfrom Payment Type

2020-09-08 16:58:18 - [MESSAGE][PASSED] - Object '' is present

2020-09-08 16:58:18 - [MESSAGE][PASSED] - Object '' is visible

2020-09-08 16:58:18 - [MESSAGE][PASSED] - Object '' is present

2020-09-08 16:58:19 - [MESSAGE][PASSED] - Text '13' is set on object ''

2020-09-08 16:58:19 - [MESSAGE][PASSED] - Quicksti.ts:Entered'13 into RefrenceNumber

2020-09-08 16:58:20 - [MESSAGE][PASSED] - Object '' is present

2020-09-08 16:58:20 - [MESSAGE][PASSED] - Object '' is visible

2020-09-08 16:58:20 - [MESSAGE][PASSED] - Object '' is present

2020-09-08 16:58:22 - [MESSAGE][PASSED] - Text '2' is set on object ''

2020-09-08 16:58:22 - [MESSAGE][PASSED] - Quicksti.ts:Entered'2 into Quntity

2020-09-08 16:58:22 - [TEST_STEP][PASSED] - for ([i = 0, i <= amountList.size() - 1, (i++)]): Quicksti.ts:Entered'Testing into Comments

2020-09-08 16:58:22 - [TEST_STEP][PASSED] - s = Integer.toString(i): null

2020-09-08 16:58:22 - [TEST_STEP][PASSED] - utilities.SafeActions.safeType(findTestObject("CERTPAY_QUICKSTI/Payment_Information_Page/MULTIBUREAU_PAY_AMOUNT2"), amountList.get(i), "Payment Amount", [pageLoadTime]): Quicksti.ts:Entered'45.00 into Payment Amount

2020-09-08 16:58:22 - [MESSAGE][PASSED] - Object 'Object Repository/CERTPAY_QUICKSTI/Payment_Information_Page/MULTIBUREAU_PAY_AMOUNT2' is present

2020-09-08 16:58:22 - [MESSAGE][PASSED] - Object 'Object Repository/CERTPAY_QUICKSTI/Payment_Information_Page/MULTIBUREAU_PAY_AMOUNT2' is visible

2020-09-08 16:58:23 - [MESSAGE][PASSED] - Object 'Object Repository/CERTPAY_QUICKSTI/Payment_Information_Page/MULTIBUREAU_PAY_AMOUNT2' is present

2020-09-08 16:58:24 - [MESSAGE][PASSED] - Text '45.00' is set on object 'Object Repository/CERTPAY_QUICKSTI/Payment_Information_Page/MULTIBUREAU_PAY_AMOUNT2'

2020-09-08 16:58:24 - [MESSAGE][PASSED] - Quicksti.ts:Entered'45.00 into Payment Amount

2020-09-08 16:58:24 - [TEST_STEP][PASSED] - pages.Quicksti.setAmountDetailsForMultiBureau(s, "Vehicles", "2", referenceList.get(i), quantityList.get(i)): Quicksti.ts:Entered'1 into Quntity

2020-09-08 16:58:25 - [MESSAGE][PASSED] - Object '' is visible

2020-09-08 16:58:25 - [MESSAGE][PASSED] - Object '' is present

2020-09-08 16:58:26 - [MESSAGE][PASSED] - Object: '' is clicked on

2020-09-08 16:58:27 - [MESSAGE][PASSED] - All options with label 'Vehicles' are selected in object ''  using regular expression

2020-09-08 16:58:27 - [MESSAGE][PASSED] - selected dropdown option by visible text  Vehiclesfrom Payment Type

2020-09-08 16:58:28 - [MESSAGE][PASSED] - Object '' is present

2020-09-08 16:58:28 - [MESSAGE][PASSED] - Object '' is visible

2020-09-08 16:58:29 - [MESSAGE][PASSED] - Object '' is present

2020-09-08 16:58:30 - [MESSAGE][PASSED] - Text '11' is set on object ''

2020-09-08 16:58:30 - [MESSAGE][PASSED] - Quicksti.ts:Entered'11 into RefrenceNumber

2020-09-08 16:58:30 - [MESSAGE][PASSED] - Object '' is present

2020-09-08 16:58:30 - [MESSAGE][PASSED] - Object '' is visible

2020-09-08 16:58:31 - [MESSAGE][PASSED] - Object '' is present

2020-09-08 16:58:32 - [MESSAGE][PASSED] - Text '1' is set on object ''

2020-09-08 16:58:32 - [MESSAGE][PASSED] - Quicksti.ts:Entered'1 into Quntity

2020-09-08 16:58:32 - [TEST_STEP][PASSED] - pages.Quicksti.setCommnets("2", s, commentsList.get(i)): Quicksti.ts:Entered'Testing into Comments

2020-09-08 16:58:32 - [MESSAGE][PASSED] - Object '' is present

2020-09-08 16:58:33 - [MESSAGE][PASSED] - Object '' is visible

2020-09-08 16:58:33 - [MESSAGE][PASSED] - Object '' is present

2020-09-08 16:58:34 - [MESSAGE][PASSED] - Text 'Testing' is set on object ''

2020-09-08 16:58:34 - [MESSAGE][PASSED] - Quicksti.ts:Entered'Testing into Comments

2020-09-08 16:58:34 - [TEST_STEP][PASSED] - s = Integer.toString(i): null

2020-09-08 16:58:34 - [TEST_STEP][PASSED] - utilities.SafeActions.safeType(findTestObject("CERTPAY_QUICKSTI/Payment_Information_Page/MULTIBUREAU_PAY_AMOUNT2"), amountList.get(i), "Payment Amount", [pageLoadTime]): Quicksti.ts:Entered'35.00 into Payment Amount

2020-09-08 16:58:35 - [MESSAGE][PASSED] - Object 'Object Repository/CERTPAY_QUICKSTI/Payment_Information_Page/MULTIBUREAU_PAY_AMOUNT2' is present

2020-09-08 16:58:35 - [MESSAGE][PASSED] - Object 'Object Repository/CERTPAY_QUICKSTI/Payment_Information_Page/MULTIBUREAU_PAY_AMOUNT2' is visible

2020-09-08 16:58:35 - [MESSAGE][PASSED] - Object 'Object Repository/CERTPAY_QUICKSTI/Payment_Information_Page/MULTIBUREAU_PAY_AMOUNT2' is present

2020-09-08 16:58:37 - [MESSAGE][PASSED] - Text '35.00' is set on object 'Object Repository/CERTPAY_QUICKSTI/Payment_Information_Page/MULTIBUREAU_PAY_AMOUNT2'

2020-09-08 16:58:37 - [MESSAGE][PASSED] - Quicksti.ts:Entered'35.00 into Payment Amount

2020-09-08 16:58:37 - [TEST_STEP][PASSED] - pages.Quicksti.setAmountDetailsForMultiBureau(s, "Vehicles", "2", referenceList.get(i), quantityList.get(i)): Quicksti.ts:Entered'2 into Quntity

2020-09-08 16:58:37 - [MESSAGE][PASSED] - Object '' is visible

2020-09-08 16:58:38 - [MESSAGE][PASSED] - Object '' is present

2020-09-08 16:58:39 - [MESSAGE][PASSED] - Object: '' is clicked on

2020-09-08 16:58:40 - [MESSAGE][PASSED] - All options with label 'Vehicles' are selected in object ''  using regular expression

2020-09-08 16:58:40 - [MESSAGE][PASSED] - selected dropdown option by visible text  Vehiclesfrom Payment Type

2020-09-08 16:58:41 - [MESSAGE][PASSED] - Object '' is present

2020-09-08 16:58:41 - [MESSAGE][PASSED] - Object '' is visible

2020-09-08 16:58:41 - [MESSAGE][PASSED] - Object '' is present

2020-09-08 16:58:43 - [MESSAGE][PASSED] - Text '12' is set on object ''

2020-09-08 16:58:43 - [MESSAGE][PASSED] - Quicksti.ts:Entered'12 into RefrenceNumber

2020-09-08 16:58:43 - [MESSAGE][PASSED] - Object '' is present

2020-09-08 16:58:43 - [MESSAGE][PASSED] - Object '' is visible

2020-09-08 16:58:44 - [MESSAGE][PASSED] - Object '' is present

2020-09-08 16:58:45 - [MESSAGE][PASSED] - Text '2' is set on object ''

2020-09-08 16:58:45 - [MESSAGE][PASSED] - Quicksti.ts:Entered'2 into Quntity

2020-09-08 16:58:45 - [TEST_STEP][PASSED] - pages.Quicksti.setCommnets("2", s, commentsList.get(i)): Quicksti.ts:Entered'Tester into Comments

2020-09-08 16:58:45 - [MESSAGE][PASSED] - Object '' is present

2020-09-08 16:58:46 - [MESSAGE][PASSED] - Object '' is visible

2020-09-08 16:58:46 - [MESSAGE][PASSED] - Object '' is present

2020-09-08 16:58:47 - [MESSAGE][PASSED] - Text 'Tester' is set on object ''

2020-09-08 16:58:47 - [MESSAGE][PASSED] - Quicksti.ts:Entered'Tester into Comments

2020-09-08 16:58:47 - [TEST_STEP][PASSED] - s = Integer.toString(i): null

2020-09-08 16:58:47 - [TEST_STEP][PASSED] - utilities.SafeActions.safeType(findTestObject("CERTPAY_QUICKSTI/Payment_Information_Page/MULTIBUREAU_PAY_AMOUNT2"), amountList.get(i), "Payment Amount", [pageLoadTime]): Quicksti.ts:Entered'20.00 into Payment Amount

2020-09-08 16:58:48 - [MESSAGE][PASSED] - Object 'Object Repository/CERTPAY_QUICKSTI/Payment_Information_Page/MULTIBUREAU_PAY_AMOUNT2' is present

2020-09-08 16:58:48 - [MESSAGE][PASSED] - Object 'Object Repository/CERTPAY_QUICKSTI/Payment_Information_Page/MULTIBUREAU_PAY_AMOUNT2' is visible

2020-09-08 16:58:48 - [MESSAGE][PASSED] - Object 'Object Repository/CERTPAY_QUICKSTI/Payment_Information_Page/MULTIBUREAU_PAY_AMOUNT2' is present

2020-09-08 16:58:50 - [MESSAGE][PASSED] - Text '20.00' is set on object 'Object Repository/CERTPAY_QUICKSTI/Payment_Information_Page/MULTIBUREAU_PAY_AMOUNT2'

2020-09-08 16:58:50 - [MESSAGE][PASSED] - Quicksti.ts:Entered'20.00 into Payment Amount

2020-09-08 16:58:50 - [TEST_STEP][PASSED] - pages.Quicksti.setAmountDetailsForMultiBureau(s, "Vehicles", "2", referenceList.get(i), quantityList.get(i)): Quicksti.ts:Entered'2 into Quntity

2020-09-08 16:58:50 - [MESSAGE][PASSED] - Object '' is visible

2020-09-08 16:58:50 - [MESSAGE][PASSED] - Object '' is present

2020-09-08 16:58:52 - [MESSAGE][PASSED] - Object: '' is clicked on

2020-09-08 16:58:53 - [MESSAGE][PASSED] - All options with label 'Vehicles' are selected in object ''  using regular expression

2020-09-08 16:58:53 - [MESSAGE][PASSED] - selected dropdown option by visible text  Vehiclesfrom Payment Type

2020-09-08 16:58:53 - [MESSAGE][PASSED] - Object '' is present

2020-09-08 16:58:54 - [MESSAGE][PASSED] - Object '' is visible

2020-09-08 16:58:54 - [MESSAGE][PASSED] - Object '' is present

2020-09-08 16:58:55 - [MESSAGE][PASSED] - Text '13' is set on object ''

2020-09-08 16:58:55 - [MESSAGE][PASSED] - Quicksti.ts:Entered'13 into RefrenceNumber

2020-09-08 16:58:56 - [MESSAGE][PASSED] - Object '' is present

2020-09-08 16:58:56 - [MESSAGE][PASSED] - Object '' is visible

2020-09-08 16:58:56 - [MESSAGE][PASSED] - Object '' is present

2020-09-08 16:58:58 - [MESSAGE][PASSED] - Text '2' is set on object ''

2020-09-08 16:58:58 - [MESSAGE][PASSED] - Quicksti.ts:Entered'2 into Quntity

2020-09-08 16:58:58 - [TEST_STEP][PASSED] - pages.Quicksti.setCommnets("2", s, commentsList.get(i)): Quicksti.ts:Entered'Testing into Comments

2020-09-08 16:58:58 - [MESSAGE][PASSED] - Object '' is present

2020-09-08 16:58:58 - [MESSAGE][PASSED] - Object '' is visible

2020-09-08 16:58:59 - [MESSAGE][PASSED] - Object '' is present

2020-09-08 16:59:00 - [MESSAGE][PASSED] - Text 'Testing' is set on object ''

2020-09-08 16:59:00 - [MESSAGE][PASSED] - Quicksti.ts:Entered'Testing into Comments

2020-09-08 16:59:00 - [TEST_STEP][PASSED] - utilities.SafeActions.safeClick(findTestObject("CERTPAY_QUICKSTI/Payment_Information_Page/MANUAL_ENTRY_BUTTON"), "ManualEntry", [pageLoadTime]): Quicksti.ts:Clicked on the ManualEntry

2020-09-08 16:59:00 - [MESSAGE][INFO] - safeClicking

2020-09-08 16:59:00 - [MESSAGE][PASSED] - Object 'Object Repository/CERTPAY_QUICKSTI/Payment_Information_Page/MANUAL_ENTRY_BUTTON' is present

2020-09-08 16:59:01 - [MESSAGE][PASSED] - Object 'Object Repository/CERTPAY_QUICKSTI/Payment_Information_Page/MANUAL_ENTRY_BUTTON' is clickable

2020-09-08 16:59:05 - [MESSAGE][PASSED] - Object: 'Object Repository/CERTPAY_QUICKSTI/Payment_Information_Page/MANUAL_ENTRY_BUTTON' is clicked on

2020-09-08 16:59:05 - [MESSAGE][PASSED] - Quicksti.ts:Clicked on the ManualEntry

2020-09-08 16:59:05 - [TEST_STEP][PASSED] - amount_Value = pages.Quicksti.getAttributeValue(findTestObject("CERTPAY_QUICKSTI/Payment_Information_Page/SUB_TOTAL")): pages.Quicksti.getAttributeValue is PASSED

2020-09-08 16:59:06 - [MESSAGE][PASSED] - Attribute 'value' of object 'Object Repository/CERTPAY_QUICKSTI/Payment_Information_Page/SUB_TOTAL' is: '45.00'

2020-09-08 16:59:06 - [MESSAGE][PASSED] - pages.Quicksti.getAttributeValue is PASSED

2020-09-08 16:59:06 - [TEST_STEP][PASSED] - CardNumber = pages.Quicksti.setUserPaymentDetails(firstName, lastName, cardNum): Quicksti.ts:Entered'5154623208647646 into CardNum

2020-09-08 16:59:06 - [MESSAGE][PASSED] - Object 'Object Repository/CERTPAY_QUICKSTI/Payment_Information_Page/FIRST_NAME' is present

2020-09-08 16:59:06 - [MESSAGE][PASSED] - Object 'Object Repository/CERTPAY_QUICKSTI/Payment_Information_Page/FIRST_NAME' is visible

2020-09-08 16:59:07 - [MESSAGE][PASSED] - Object 'Object Repository/CERTPAY_QUICKSTI/Payment_Information_Page/FIRST_NAME' is present

2020-09-08 16:59:08 - [MESSAGE][PASSED] - Text 'Tester' is set on object 'Object Repository/CERTPAY_QUICKSTI/Payment_Information_Page/FIRST_NAME'

2020-09-08 16:59:08 - [MESSAGE][PASSED] - Quicksti.ts:Entered'Tester into FirstName

2020-09-08 16:59:08 - [MESSAGE][PASSED] - Object 'Object Repository/CERTPAY_QUICKSTI/Payment_Information_Page/LAST_NAME' is present

2020-09-08 16:59:09 - [MESSAGE][PASSED] - Object 'Object Repository/CERTPAY_QUICKSTI/Payment_Information_Page/LAST_NAME' is visible

2020-09-08 16:59:09 - [MESSAGE][PASSED] - Object 'Object Repository/CERTPAY_QUICKSTI/Payment_Information_Page/LAST_NAME' is present

2020-09-08 16:59:10 - [MESSAGE][PASSED] - Text 'Zenq1' is set on object 'Object Repository/CERTPAY_QUICKSTI/Payment_Information_Page/LAST_NAME'

2020-09-08 16:59:10 - [MESSAGE][PASSED] - Quicksti.ts:Entered'Zenq1 into LAstName

2020-09-08 16:59:11 - [MESSAGE][PASSED] - Object 'Object Repository/CERTPAY_QUICKSTI/Payment_Information_Page/CARD_NUMBER' is present

2020-09-08 16:59:11 - [MESSAGE][PASSED] - Object 'Object Repository/CERTPAY_QUICKSTI/Payment_Information_Page/CARD_NUMBER' is visible

2020-09-08 16:59:11 - [MESSAGE][PASSED] - Object 'Object Repository/CERTPAY_QUICKSTI/Payment_Information_Page/CARD_NUMBER' is present

2020-09-08 16:59:13 - [MESSAGE][PASSED] - Text '5154623208647646' is set on object 'Object Repository/CERTPAY_QUICKSTI/Payment_Information_Page/CARD_NUMBER'

2020-09-08 16:59:13 - [MESSAGE][PASSED] - Quicksti.ts:Entered'5154623208647646 into CardNum

2020-09-08 16:59:13 - [TEST_STEP][PASSED] - pages.Quicksti.setExpDate(expMonth, expYear, securityCode): Quicksti.ts:Entered'207 into securityCode

2020-09-08 16:59:13 - [MESSAGE][PASSED] - Object 'Object Repository/CERTPAY_QUICKSTI/Payment_Information_Page/EXP_MONTH' is visible

2020-09-08 16:59:13 - [MESSAGE][PASSED] - Object 'Object Repository/CERTPAY_QUICKSTI/Payment_Information_Page/EXP_MONTH' is present

2020-09-08 16:59:15 - [MESSAGE][PASSED] - Object: 'Object Repository/CERTPAY_QUICKSTI/Payment_Information_Page/EXP_MONTH' is clicked on

2020-09-08 16:59:16 - [MESSAGE][PASSED] - All options with label '04' are selected in object 'Object Repository/CERTPAY_QUICKSTI/Payment_Information_Page/EXP_MONTH'  using regular expression

2020-09-08 16:59:16 - [MESSAGE][PASSED] - selected dropdown option by visible text  04from expMonth

2020-09-08 16:59:16 - [MESSAGE][PASSED] - Object 'Object Repository/CERTPAY_QUICKSTI/Payment_Information_Page/EXP_YEAR' is visible

2020-09-08 16:59:17 - [MESSAGE][PASSED] - Object 'Object Repository/CERTPAY_QUICKSTI/Payment_Information_Page/EXP_YEAR' is present

2020-09-08 16:59:18 - [MESSAGE][PASSED] - Object: 'Object Repository/CERTPAY_QUICKSTI/Payment_Information_Page/EXP_YEAR' is clicked on

2020-09-08 16:59:19 - [MESSAGE][PASSED] - All options with label '2023' are selected in object 'Object Repository/CERTPAY_QUICKSTI/Payment_Information_Page/EXP_YEAR'  using regular expression

2020-09-08 16:59:19 - [MESSAGE][PASSED] - selected dropdown option by visible text  2023from  expYear

2020-09-08 16:59:20 - [MESSAGE][PASSED] - Object 'Object Repository/CERTPAY_QUICKSTI/Payment_Information_Page/SECURITY_CODE' is present

2020-09-08 16:59:20 - [MESSAGE][PASSED] - Object 'Object Repository/CERTPAY_QUICKSTI/Payment_Information_Page/SECURITY_CODE' is visible

2020-09-08 16:59:20 - [MESSAGE][PASSED] - Object 'Object Repository/CERTPAY_QUICKSTI/Payment_Information_Page/SECURITY_CODE' is present

2020-09-08 16:59:22 - [MESSAGE][PASSED] - Text '207' is set on object 'Object Repository/CERTPAY_QUICKSTI/Payment_Information_Page/SECURITY_CODE'

2020-09-08 16:59:22 - [MESSAGE][PASSED] - Quicksti.ts:Entered'207 into securityCode

2020-09-08 16:59:22 - [TEST_STEP][PASSED] - utilities.SafeActions.safeType(findTestObject("CERTPAY_QUICKSTI/Payment_Information_Page/ADDRESS"), address, "Address", [pageLoadTime]): Quicksti.ts:Entered'14-2 into Address

2020-09-08 16:59:22 - [MESSAGE][PASSED] - Object 'Object Repository/CERTPAY_QUICKSTI/Payment_Information_Page/ADDRESS' is present

2020-09-08 16:59:22 - [MESSAGE][PASSED] - Object 'Object Repository/CERTPAY_QUICKSTI/Payment_Information_Page/ADDRESS' is visible

2020-09-08 16:59:23 - [MESSAGE][PASSED] - Object 'Object Repository/CERTPAY_QUICKSTI/Payment_Information_Page/ADDRESS' is present

2020-09-08 16:59:24 - [MESSAGE][PASSED] - Text '14-2' is set on object 'Object Repository/CERTPAY_QUICKSTI/Payment_Information_Page/ADDRESS'

2020-09-08 16:59:24 - [MESSAGE][PASSED] - Quicksti.ts:Entered'14-2 into Address

2020-09-08 16:59:24 - [TEST_STEP][PASSED] - utilities.SafeActions.safeType(findTestObject("CERTPAY_QUICKSTI/Payment_Information_Page/ZIP_CODE"), zipCode, "zipcode", [pageLoadTime]): Quicksti.ts:Entered'76102 into zipcode

2020-09-08 16:59:24 - [MESSAGE][PASSED] - Object 'Object Repository/CERTPAY_QUICKSTI/Payment_Information_Page/ZIP_CODE' is present

2020-09-08 16:59:25 - [MESSAGE][PASSED] - Object 'Object Repository/CERTPAY_QUICKSTI/Payment_Information_Page/ZIP_CODE' is visible

2020-09-08 16:59:25 - [MESSAGE][PASSED] - Object 'Object Repository/CERTPAY_QUICKSTI/Payment_Information_Page/ZIP_CODE' is present

2020-09-08 16:59:26 - [MESSAGE][PASSED] - Text '76102' is set on object 'Object Repository/CERTPAY_QUICKSTI/Payment_Information_Page/ZIP_CODE'

2020-09-08 16:59:26 - [MESSAGE][PASSED] - Quicksti.ts:Entered'76102 into zipcode

2020-09-08 16:59:26 - [TEST_STEP][PASSED] - utilities.SafeActions.safeType(findTestObject("CERTPAY_QUICKSTI/Payment_Information_Page/TELEPHONE"), telephone, "Telephone", [pageLoadTime]): Quicksti.ts:Entered'9989897654 into Telephone

2020-09-08 16:59:27 - [MESSAGE][PASSED] - Object 'Object Repository/CERTPAY_QUICKSTI/Payment_Information_Page/TELEPHONE' is present

2020-09-08 16:59:27 - [MESSAGE][PASSED] - Object 'Object Repository/CERTPAY_QUICKSTI/Payment_Information_Page/TELEPHONE' is visible

2020-09-08 16:59:27 - [MESSAGE][PASSED] - Object 'Object Repository/CERTPAY_QUICKSTI/Payment_Information_Page/TELEPHONE' is present

2020-09-08 16:59:28 - [MESSAGE][PASSED] - Text '9989897654' is set on object 'Object Repository/CERTPAY_QUICKSTI/Payment_Information_Page/TELEPHONE'

2020-09-08 16:59:28 - [MESSAGE][PASSED] - Quicksti.ts:Entered'9989897654 into Telephone

2020-09-08 16:59:28 - [TEST_STEP][PASSED] - utilities.SafeActions.safeType(findTestObject("CERTPAY_QUICKSTI/Payment_Information_Page/EMAIL_ADDRESS"), emailAddress, "EMAIL address", [pageLoadTime]): Quicksti.ts:Entered'testing@zenq.com into EMAIL address

2020-09-08 16:59:29 - [MESSAGE][PASSED] - Object 'Object Repository/CERTPAY_QUICKSTI/Payment_Information_Page/EMAIL_ADDRESS' is present

2020-09-08 16:59:29 - [MESSAGE][PASSED] - Object 'Object Repository/CERTPAY_QUICKSTI/Payment_Information_Page/EMAIL_ADDRESS' is visible

2020-09-08 16:59:29 - [MESSAGE][PASSED] - Object 'Object Repository/CERTPAY_QUICKSTI/Payment_Information_Page/EMAIL_ADDRESS' is present

2020-09-08 16:59:31 - [MESSAGE][PASSED] - Text 'testing@zenq.com' is set on object 'Object Repository/CERTPAY_QUICKSTI/Payment_Information_Page/EMAIL_ADDRESS'

2020-09-08 16:59:31 - [MESSAGE][PASSED] - Quicksti.ts:Entered'testing@zenq.com into EMAIL address

2020-09-08 16:59:31 - [TEST_STEP][PASSED] - utilities.SafeActions.safeClick(findTestObject("CERTPAY_QUICKSTI/Payment_Information_Page/NEXT_BUTTON"), "Next", [pageLoadTime]): Quicksti.ts:Clicked on the Next

2020-09-08 16:59:31 - [MESSAGE][INFO] - safeClicking

2020-09-08 16:59:31 - [MESSAGE][PASSED] - Object 'Object Repository/CERTPAY_QUICKSTI/Payment_Information_Page/NEXT_BUTTON' is present

2020-09-08 16:59:31 - [MESSAGE][PASSED] - Object 'Object Repository/CERTPAY_QUICKSTI/Payment_Information_Page/NEXT_BUTTON' is clickable

2020-09-08 16:59:35 - [MESSAGE][PASSED] - Object: 'Object Repository/CERTPAY_QUICKSTI/Payment_Information_Page/NEXT_BUTTON' is clicked on

2020-09-08 16:59:35 - [MESSAGE][PASSED] - Quicksti.ts:Clicked on the Next

2020-09-08 16:59:35 - [TEST_STEP][PASSED] - pages.Quicksti.verifyUserPaymentDetails(amountList.get(0), firstName, lastName, CardNumber): pages.Quicksti.verifyUserPaymentDetails is PASSED

2020-09-08 16:59:36 - [MESSAGE][PASSED] - Text of object 'Object Repository/CERTPAY_QUICKSTI/Payment_Details_Verification_Page/AMOUNT' is: '$45.00'

2020-09-08 16:59:36 - [MESSAGE][PASSED] - Actual text '45.00' and expected text '45.00' are matched  using regular expression

2020-09-08 16:59:36 - [MESSAGE][PASSED] - Text of object 'Object Repository/CERTPAY_QUICKSTI/Payment_Details_Verification_Page/NAME' is: 'Tester Zenq1'

2020-09-08 16:59:36 - [MESSAGE][PASSED] - Actual text 'Tester Zenq1' and expected text 'Tester Zenq1' are matched  using regular expression

2020-09-08 16:59:36 - [MESSAGE][PASSED] - Text of object 'Object Repository/CERTPAY_QUICKSTI/Payment_Details_Verification_Page/CARD_NUMBER' is: '...7646'

2020-09-08 16:59:36 - [MESSAGE][PASSED] - Actual text '7646' and expected text '7646' are matched  using regular expression

2020-09-08 16:59:36 - [MESSAGE][PASSED] - pages.Quicksti.verifyUserPaymentDetails is PASSED

2020-09-08 16:59:36 - [TEST_STEP][PASSED] - scrollToElement(findTestObject("CERTPAY_QUICKSTI/Payment_Details_Verification_Page/PROCESS"), 30): Scroll to object 'Object Repository/CERTPAY_QUICKSTI/Payment_Details_Verification_Page/PROCESS' successfully

2020-09-08 16:59:37 - [MESSAGE][PASSED] - Scroll to object 'Object Repository/CERTPAY_QUICKSTI/Payment_Details_Verification_Page/PROCESS' successfully

2020-09-08 16:59:37 - [TEST_STEP][PASSED] - utilities.SafeActions.safeClick(findTestObject("CERTPAY_QUICKSTI/Payment_Details_Verification_Page/PROCESS"), "Process", [pageLoadTime]): Quicksti.ts:Clicked on the Process

2020-09-08 16:59:37 - [MESSAGE][INFO] - safeClicking

2020-09-08 16:59:37 - [MESSAGE][PASSED] - Object 'Object Repository/CERTPAY_QUICKSTI/Payment_Details_Verification_Page/PROCESS' is present

2020-09-08 16:59:37 - [MESSAGE][PASSED] - Object 'Object Repository/CERTPAY_QUICKSTI/Payment_Details_Verification_Page/PROCESS' is clickable

2020-09-08 16:59:43 - [MESSAGE][PASSED] - Object: 'Object Repository/CERTPAY_QUICKSTI/Payment_Details_Verification_Page/PROCESS' is clicked on

2020-09-08 16:59:43 - [MESSAGE][PASSED] - Quicksti.ts:Clicked on the Process

2020-09-08 16:59:43 - [TEST_STEP][PASSED] - paymentId = pages.Quicksti.verifyPaymentApproval(findTestObject("CERTPAY_QUICKSTI/Payment_Details_Verification_Page/APPROVED")): Payment is approved

2020-09-08 16:59:44 - [MESSAGE][PASSED] - Text of object 'Object Repository/CERTPAY_QUICKSTI/Payment_Details_Verification_Page/PAYMENT_ID' is: '100176112397'

2020-09-08 16:59:44 - [MESSAGE][PASSED] - Object 'Object Repository/CERTPAY_QUICKSTI/Payment_Details_Verification_Page/APPROVED' is present

2020-09-08 16:59:44 - [MESSAGE][PASSED] - Payment is approved

2020-09-08 16:59:46 - [TEST_STEP][PASSED] - navigateToUrl(Admin_url): Navigate to 'https://qa-certpayadmin.faps.net' successfully

2020-09-08 16:59:51 - [MESSAGE][PASSED] - Navigate to 'https://qa-certpayadmin.faps.net' successfully

2020-09-08 16:59:51 - [TEST_STEP][PASSED] - pages.Bureau_Login_Page.loginToAdminSite(AdminUsername, AdminPassword): Quicksti.ts:Clicked on the LOGIN

2020-09-08 16:59:51 - [MESSAGE][PASSED] - Object 'Object Repository/CERTPAY_ADMIN/USER_NAME' is present

2020-09-08 16:59:51 - [MESSAGE][PASSED] - Object 'Object Repository/CERTPAY_ADMIN/USER_NAME' is visible

2020-09-08 16:59:52 - [MESSAGE][PASSED] - Object 'Object Repository/CERTPAY_ADMIN/USER_NAME' is present

2020-09-08 16:59:53 - [MESSAGE][PASSED] - Text 'VVangiliappan' is set on object 'Object Repository/CERTPAY_ADMIN/USER_NAME'

2020-09-08 16:59:53 - [MESSAGE][PASSED] - Quicksti.ts:Entered'VVangiliappan into username

2020-09-08 16:59:53 - [MESSAGE][PASSED] - Object 'Object Repository/CERTPAY_ADMIN/PASSWORD' is present

2020-09-08 16:59:54 - [MESSAGE][PASSED] - Object 'Object Repository/CERTPAY_ADMIN/PASSWORD' is visible

2020-09-08 16:59:54 - [MESSAGE][PASSED] - Object 'Object Repository/CERTPAY_ADMIN/PASSWORD' is present

2020-09-08 16:59:55 - [MESSAGE][PASSED] - Text 'Knila@12345' is set on object 'Object Repository/CERTPAY_ADMIN/PASSWORD'

2020-09-08 16:59:55 - [MESSAGE][PASSED] - Quicksti.ts:Entered'Knila@12345 into password

2020-09-08 16:59:55 - [MESSAGE][INFO] - safeClicking

2020-09-08 16:59:56 - [MESSAGE][PASSED] - Object 'Object Repository/CERTPAY_ADMIN/LOGIN_BUTTON' is present

2020-09-08 16:59:56 - [MESSAGE][PASSED] - Object 'Object Repository/CERTPAY_ADMIN/LOGIN_BUTTON' is clickable

2020-09-08 17:00:05 - [MESSAGE][PASSED] - Object: 'Object Repository/CERTPAY_ADMIN/LOGIN_BUTTON' is clicked on

2020-09-08 17:00:05 - [MESSAGE][PASSED] - Quicksti.ts:Clicked on the LOGIN

2020-09-08 17:00:05 - [TEST_STEP][PASSED] - utilities.SafeActions.safeClick(findTestObject("CERTPAY_ADMIN/TRANSACTION_SEARCH"), "TransactionSearch", [pageLoadTime]): Quicksti.ts:Clicked on the TransactionSearch

2020-09-08 17:00:05 - [MESSAGE][INFO] - safeClicking

2020-09-08 17:00:05 - [MESSAGE][PASSED] - Object 'Object Repository/CERTPAY_ADMIN/TRANSACTION_SEARCH' is present

2020-09-08 17:00:05 - [MESSAGE][PASSED] - Object 'Object Repository/CERTPAY_ADMIN/TRANSACTION_SEARCH' is clickable

2020-09-08 17:00:09 - [MESSAGE][PASSED] - Object: 'Object Repository/CERTPAY_ADMIN/TRANSACTION_SEARCH' is clicked on

2020-09-08 17:00:09 - [MESSAGE][PASSED] - Quicksti.ts:Clicked on the TransactionSearch

2020-09-08 17:00:09 - [TEST_STEP][PASSED] - utilities.SafeActions.safeType(findTestObject("CERTPAY_ADMIN/PAYMENT_ID"), paymentId, "Payment id", [pageLoadTime]): Quicksti.ts:Entered'100176112397 into Payment id

2020-09-08 17:00:10 - [MESSAGE][PASSED] - Object 'Object Repository/CERTPAY_ADMIN/PAYMENT_ID' is present

2020-09-08 17:00:10 - [MESSAGE][PASSED] - Object 'Object Repository/CERTPAY_ADMIN/PAYMENT_ID' is visible

2020-09-08 17:00:10 - [MESSAGE][PASSED] - Object 'Object Repository/CERTPAY_ADMIN/PAYMENT_ID' is present

2020-09-08 17:00:12 - [MESSAGE][PASSED] - Text '100176112397' is set on object 'Object Repository/CERTPAY_ADMIN/PAYMENT_ID'

2020-09-08 17:00:12 - [MESSAGE][PASSED] - Quicksti.ts:Entered'100176112397 into Payment id

2020-09-08 17:00:12 - [TEST_STEP][PASSED] - utilities.SafeActions.safeClick(findTestObject("CERTPAY_ADMIN/GO_BUTTON"), "Go button", [pageLoadTime]): Quicksti.ts:Clicked on the Go button

2020-09-08 17:00:12 - [MESSAGE][INFO] - safeClicking

2020-09-08 17:00:12 - [MESSAGE][PASSED] - Object 'Object Repository/CERTPAY_ADMIN/GO_BUTTON' is present

2020-09-08 17:00:13 - [MESSAGE][PASSED] - Object 'Object Repository/CERTPAY_ADMIN/GO_BUTTON' is clickable

2020-09-08 17:00:16 - [MESSAGE][PASSED] - Object: 'Object Repository/CERTPAY_ADMIN/GO_BUTTON' is clicked on

2020-09-08 17:00:16 - [MESSAGE][PASSED] - Quicksti.ts:Clicked on the Go button

2020-09-08 17:00:16 - [TEST_STEP][PASSED] - delay(5): Delayed 5 second(s)

2020-09-08 17:00:21 - [MESSAGE][PASSED] - Delayed 5 second(s)

2020-09-08 17:00:21 - [TEST_STEP][PASSED] - scrollToPosition(800, 900): Browser is scrolled to position x = 800, y = 900

2020-09-08 17:00:21 - [MESSAGE][PASSED] - Browser is scrolled to position x = 800, y = 900

2020-09-08 17:00:21 - [TEST_STEP][PASSED] - paymentIdList.add(paymentId): null

2020-09-08 17:00:21 - [TEST_STEP][PASSED] - println(paymentIdList): null

2020-09-08 17:00:21 - [TEST_STEP][PASSED] - firstName = data.getValue("FirstName", index): null

2020-09-08 17:00:21 - [TEST_STEP][PASSED] - lastName = data.getValue("LastName", index): null

2020-09-08 17:00:21 - [TEST_STEP][PASSED] - cardNum = data.getValue("CardNumber", index): null

2020-09-08 17:00:21 - [TEST_STEP][PASSED] - expMonth = data.getValue("ExpMonth", index): null

2020-09-08 17:00:21 - [TEST_STEP][PASSED] - expYear = data.getValue("ExpYear", index): null

2020-09-08 17:00:21 - [TEST_STEP][PASSED] - securityCode = data.getValue("SecurityCode", index): null

2020-09-08 17:00:21 - [TEST_STEP][PASSED] - paymentAmount = data.getValue("PaymentAmount", index): null

2020-09-08 17:00:21 - [TEST_STEP][PASSED] - paymentType = data.getValue("PaymentType", index): null

2020-09-08 17:00:21 - [TEST_STEP][PASSED] - quantity = data.getValue("Quantity", index): null

2020-09-08 17:00:21 - [TEST_STEP][PASSED] - comments = data.getValue("Comments", index): null

2020-09-08 17:00:21 - [TEST_STEP][PASSED] - referenceNum = data.getValue("ReferenceNum", index): null

2020-09-08 17:00:21 - [TEST_STEP][PASSED] - address = data.getValue("Address", index): null

2020-09-08 17:00:21 - [TEST_STEP][PASSED] - zipCode = data.getValue("Zipcode", index): null

2020-09-08 17:00:21 - [TEST_STEP][PASSED] - telephone = data.getValue("Telephone", index): null

2020-09-08 17:00:21 - [TEST_STEP][PASSED] - emailAddress = data.getValue("EmailAddress", index): null

2020-09-08 17:00:21 - [TEST_STEP][PASSED] - cardType = data.getValue("CardType", index): null

2020-09-08 17:00:21 - [TEST_STEP][PASSED] - amountList = paymentAmount.split(","): null

2020-09-08 17:00:21 - [TEST_STEP][PASSED] - referenceList = referenceNum.split(","): null

2020-09-08 17:00:21 - [TEST_STEP][PASSED] - paymentTypeList = paymentType.split(","): null

2020-09-08 17:00:21 - [TEST_STEP][PASSED] - commentsList = comments.split(","): null

2020-09-08 17:00:21 - [TEST_STEP][PASSED] - quantityList = quantity.split(","): null

2020-09-08 17:00:21 - [TEST_STEP][PASSED] - utilities.SafeActions.openBrowser(Quicksti_Url, [pageLoadTime]): Browser launched successfully

2020-09-08 17:00:21 - [MESSAGE][INFO] - Opening Browser

2020-09-08 17:00:21 - [MESSAGE][WARNING] - A browser is already opened. Closing browser and opening a new one

2020-09-08 17:00:22 - [MESSAGE][INFO] - Starting 'Chrome' driver

2020-09-08 17:00:29 - [MESSAGE][PASSED] - Browser is opened with url: 'https://qa-certpayquicksti.faps.net/'

2020-09-08 17:00:31 - [MESSAGE][PASSED] - Current window maximized

2020-09-08 17:00:31 - [MESSAGE][PASSED] - Browser launched successfully

2020-09-08 17:00:31 - [TEST_STEP][PASSED] - utilities.SafeActions.safeCheck(findTestObject("CERTPAY_QUICKSTI/Login_ Page/MULTI_BUREAU_CHECKBOX"), "Multi Bureau", [pageLoadTime]): Quicksti.ts:Checkbox 'Multi Bureau'is selected

2020-09-08 17:00:32 - [MESSAGE][PASSED] - Object 'Object Repository/CERTPAY_QUICKSTI/Login_ Page/MULTI_BUREAU_CHECKBOX' is present

2020-09-08 17:00:33 - [MESSAGE][PASSED] - Object 'Object Repository/CERTPAY_QUICKSTI/Login_ Page/MULTI_BUREAU_CHECKBOX' is present

2020-09-08 17:00:34 - [MESSAGE][PASSED] - Object: 'Object Repository/CERTPAY_QUICKSTI/Login_ Page/MULTI_BUREAU_CHECKBOX' is clicked on

2020-09-08 17:00:34 - [MESSAGE][PASSED] - Quicksti.ts:Checkbox 'Multi Bureau'is selected

2020-09-08 17:00:34 - [TEST_STEP][PASSED] - utilities.SafeActions.safeType(findTestObject("CERTPAY_QUICKSTI/Login_ Page/TELLER_ID"), teller_id, "Bureau code", [pageLoadTime]): Quicksti.ts:Entered'zenq into Bureau code

2020-09-08 17:00:35 - [MESSAGE][PASSED] - Object 'Object Repository/CERTPAY_QUICKSTI/Login_ Page/TELLER_ID' is present

2020-09-08 17:00:36 - [MESSAGE][PASSED] - Object 'Object Repository/CERTPAY_QUICKSTI/Login_ Page/TELLER_ID' is visible

2020-09-08 17:00:36 - [MESSAGE][PASSED] - Object 'Object Repository/CERTPAY_QUICKSTI/Login_ Page/TELLER_ID' is present

2020-09-08 17:00:37 - [MESSAGE][PASSED] - Text 'zenq' is set on object 'Object Repository/CERTPAY_QUICKSTI/Login_ Page/TELLER_ID'

2020-09-08 17:00:37 - [MESSAGE][PASSED] - Quicksti.ts:Entered'zenq into Bureau code

2020-09-08 17:00:37 - [TEST_STEP][PASSED] - utilities.SafeActions.safeClick(findTestObject("CERTPAY_QUICKSTI/Login_ Page/NEXT_BUTTON"), "Next button", [pageLoadTime]): Quicksti.ts:Clicked on the Next button

2020-09-08 17:00:37 - [MESSAGE][INFO] - safeClicking

2020-09-08 17:00:38 - [MESSAGE][PASSED] - Object 'Object Repository/CERTPAY_QUICKSTI/Login_ Page/NEXT_BUTTON' is present

2020-09-08 17:00:38 - [MESSAGE][PASSED] - Object 'Object Repository/CERTPAY_QUICKSTI/Login_ Page/NEXT_BUTTON' is clickable

2020-09-08 17:00:44 - [MESSAGE][PASSED] - Object: 'Object Repository/CERTPAY_QUICKSTI/Login_ Page/NEXT_BUTTON' is clicked on

2020-09-08 17:00:44 - [MESSAGE][PASSED] - Quicksti.ts:Clicked on the Next button

2020-09-08 17:00:44 - [TEST_STEP][PASSED] - for ([i = 0, i <= amountList.size() - 1, (i++)]): Quicksti.ts:Entered'2 into Quntity

2020-09-08 17:00:44 - [TEST_STEP][PASSED] - s = Integer.toString(i): null

2020-09-08 17:00:44 - [TEST_STEP][PASSED] - pages.Quicksti.setCommnets("0", s, commentsList.get(i)): Quicksti.ts:Entered'Testing into Comments

2020-09-08 17:00:44 - [MESSAGE][PASSED] - Object '' is present

2020-09-08 17:00:45 - [MESSAGE][PASSED] - Object '' is visible

2020-09-08 17:00:45 - [MESSAGE][PASSED] - Object '' is present

2020-09-08 17:00:46 - [MESSAGE][PASSED] - Text 'Testing' is set on object ''

2020-09-08 17:00:46 - [MESSAGE][PASSED] - Quicksti.ts:Entered'Testing into Comments

2020-09-08 17:00:46 - [TEST_STEP][PASSED] - utilities.SafeActions.safeType(findTestObject("CERTPAY_QUICKSTI/Payment_Information_Page/PAYMENT_AMOUNT"), amountList.get(i), "Payment Amount", [pageLoadTime]): Quicksti.ts:Entered'45.00 into Payment Amount

2020-09-08 17:00:47 - [MESSAGE][PASSED] - Object 'Object Repository/CERTPAY_QUICKSTI/Payment_Information_Page/PAYMENT_AMOUNT' is present

2020-09-08 17:00:47 - [MESSAGE][PASSED] - Object 'Object Repository/CERTPAY_QUICKSTI/Payment_Information_Page/PAYMENT_AMOUNT' is visible

2020-09-08 17:00:47 - [MESSAGE][PASSED] - Object 'Object Repository/CERTPAY_QUICKSTI/Payment_Information_Page/PAYMENT_AMOUNT' is present

2020-09-08 17:00:48 - [MESSAGE][PASSED] - Text '45.00' is set on object 'Object Repository/CERTPAY_QUICKSTI/Payment_Information_Page/PAYMENT_AMOUNT'

2020-09-08 17:00:48 - [MESSAGE][PASSED] - Quicksti.ts:Entered'45.00 into Payment Amount

2020-09-08 17:00:48 - [TEST_STEP][PASSED] - pages.Quicksti.setAmountDetailsForMultiBureau(s, paymentTypeList.get(i), "0", referenceList.get(i), quantityList.get(i)): Quicksti.ts:Entered'1 into Quntity

2020-09-08 17:00:49 - [MESSAGE][PASSED] - Object '' is visible

2020-09-08 17:00:49 - [MESSAGE][PASSED] - Object '' is present

2020-09-08 17:00:50 - [MESSAGE][PASSED] - Object: '' is clicked on

2020-09-08 17:00:52 - [MESSAGE][PASSED] - All options with label 'Licenses' are selected in object ''  using regular expression

2020-09-08 17:00:52 - [MESSAGE][PASSED] - selected dropdown option by visible text  Licensesfrom Payment Type

2020-09-08 17:00:52 - [MESSAGE][PASSED] - Object '' is present

2020-09-08 17:00:52 - [MESSAGE][PASSED] - Object '' is visible

2020-09-08 17:00:53 - [MESSAGE][PASSED] - Object '' is present

2020-09-08 17:00:54 - [MESSAGE][PASSED] - Text '11' is set on object ''

2020-09-08 17:00:54 - [MESSAGE][PASSED] - Quicksti.ts:Entered'11 into RefrenceNumber

2020-09-08 17:00:54 - [MESSAGE][PASSED] - Object '' is present

2020-09-08 17:00:55 - [MESSAGE][PASSED] - Object '' is visible

2020-09-08 17:00:55 - [MESSAGE][PASSED] - Object '' is present

2020-09-08 17:00:56 - [MESSAGE][PASSED] - Text '1' is set on object ''

2020-09-08 17:00:56 - [MESSAGE][PASSED] - Quicksti.ts:Entered'1 into Quntity

2020-09-08 17:00:56 - [TEST_STEP][PASSED] - s = Integer.toString(i): null

2020-09-08 17:00:56 - [TEST_STEP][PASSED] - pages.Quicksti.setCommnets("0", s, commentsList.get(i)): Quicksti.ts:Entered'Tester into Comments

2020-09-08 17:00:57 - [MESSAGE][PASSED] - Object '' is present

2020-09-08 17:00:57 - [MESSAGE][PASSED] - Object '' is visible

2020-09-08 17:00:57 - [MESSAGE][PASSED] - Object '' is present

2020-09-08 17:00:59 - [MESSAGE][PASSED] - Text 'Tester' is set on object ''

2020-09-08 17:00:59 - [MESSAGE][PASSED] - Quicksti.ts:Entered'Tester into Comments

2020-09-08 17:00:59 - [TEST_STEP][PASSED] - utilities.SafeActions.safeType(findTestObject("CERTPAY_QUICKSTI/Payment_Information_Page/PAYMENT_AMOUNT"), amountList.get(i), "Payment Amount", [pageLoadTime]): Quicksti.ts:Entered'35.00 into Payment Amount

2020-09-08 17:00:59 - [MESSAGE][PASSED] - Object 'Object Repository/CERTPAY_QUICKSTI/Payment_Information_Page/PAYMENT_AMOUNT' is present

2020-09-08 17:00:59 - [MESSAGE][PASSED] - Object 'Object Repository/CERTPAY_QUICKSTI/Payment_Information_Page/PAYMENT_AMOUNT' is visible

2020-09-08 17:01:00 - [MESSAGE][PASSED] - Object 'Object Repository/CERTPAY_QUICKSTI/Payment_Information_Page/PAYMENT_AMOUNT' is present

2020-09-08 17:01:01 - [MESSAGE][PASSED] - Text '35.00' is set on object 'Object Repository/CERTPAY_QUICKSTI/Payment_Information_Page/PAYMENT_AMOUNT'

2020-09-08 17:01:01 - [MESSAGE][PASSED] - Quicksti.ts:Entered'35.00 into Payment Amount

2020-09-08 17:01:01 - [TEST_STEP][PASSED] - pages.Quicksti.setAmountDetailsForMultiBureau(s, paymentTypeList.get(i), "0", referenceList.get(i), quantityList.get(i)): Quicksti.ts:Entered'2 into Quntity

2020-09-08 17:01:02 - [MESSAGE][PASSED] - Object '' is visible

2020-09-08 17:01:02 - [MESSAGE][PASSED] - Object '' is present

2020-09-08 17:01:03 - [MESSAGE][PASSED] - Object: '' is clicked on

2020-09-08 17:01:04 - [MESSAGE][PASSED] - All options with label 'Taxes' are selected in object ''  using regular expression

2020-09-08 17:01:04 - [MESSAGE][PASSED] - selected dropdown option by visible text  Taxesfrom Payment Type

2020-09-08 17:01:05 - [MESSAGE][PASSED] - Object '' is present

2020-09-08 17:01:05 - [MESSAGE][PASSED] - Object '' is visible

2020-09-08 17:01:05 - [MESSAGE][PASSED] - Object '' is present

2020-09-08 17:01:07 - [MESSAGE][PASSED] - Text '12' is set on object ''

2020-09-08 17:01:07 - [MESSAGE][PASSED] - Quicksti.ts:Entered'12 into RefrenceNumber

2020-09-08 17:01:07 - [MESSAGE][PASSED] - Object '' is present

2020-09-08 17:01:07 - [MESSAGE][PASSED] - Object '' is visible

2020-09-08 17:01:07 - [MESSAGE][PASSED] - Object '' is present

2020-09-08 17:01:09 - [MESSAGE][PASSED] - Text '2' is set on object ''

2020-09-08 17:01:09 - [MESSAGE][PASSED] - Quicksti.ts:Entered'2 into Quntity

2020-09-08 17:01:09 - [TEST_STEP][PASSED] - s = Integer.toString(i): null

2020-09-08 17:01:09 - [TEST_STEP][PASSED] - pages.Quicksti.setCommnets("0", s, commentsList.get(i)): Quicksti.ts:Entered'Testing into Comments

2020-09-08 17:01:09 - [MESSAGE][PASSED] - Object '' is present

2020-09-08 17:01:09 - [MESSAGE][PASSED] - Object '' is visible

2020-09-08 17:01:10 - [MESSAGE][PASSED] - Object '' is present

2020-09-08 17:01:11 - [MESSAGE][PASSED] - Text 'Testing' is set on object ''

2020-09-08 17:01:11 - [MESSAGE][PASSED] - Quicksti.ts:Entered'Testing into Comments

2020-09-08 17:01:11 - [TEST_STEP][PASSED] - utilities.SafeActions.safeType(findTestObject("CERTPAY_QUICKSTI/Payment_Information_Page/PAYMENT_AMOUNT"), amountList.get(i), "Payment Amount", [pageLoadTime]): Quicksti.ts:Entered'20.00 into Payment Amount

2020-09-08 17:01:11 - [MESSAGE][PASSED] - Object 'Object Repository/CERTPAY_QUICKSTI/Payment_Information_Page/PAYMENT_AMOUNT' is present

2020-09-08 17:01:12 - [MESSAGE][PASSED] - Object 'Object Repository/CERTPAY_QUICKSTI/Payment_Information_Page/PAYMENT_AMOUNT' is visible

2020-09-08 17:01:12 - [MESSAGE][PASSED] - Object 'Object Repository/CERTPAY_QUICKSTI/Payment_Information_Page/PAYMENT_AMOUNT' is present

2020-09-08 17:01:13 - [MESSAGE][PASSED] - Text '20.00' is set on object 'Object Repository/CERTPAY_QUICKSTI/Payment_Information_Page/PAYMENT_AMOUNT'

2020-09-08 17:01:13 - [MESSAGE][PASSED] - Quicksti.ts:Entered'20.00 into Payment Amount

2020-09-08 17:01:13 - [TEST_STEP][PASSED] - pages.Quicksti.setAmountDetailsForMultiBureau(s, paymentTypeList.get(i), "0", referenceList.get(i), quantityList.get(i)): Quicksti.ts:Entered'2 into Quntity

2020-09-08 17:01:14 - [MESSAGE][PASSED] - Object '' is visible

2020-09-08 17:01:14 - [MESSAGE][PASSED] - Object '' is present

2020-09-08 17:01:15 - [MESSAGE][PASSED] - Object: '' is clicked on

2020-09-08 17:01:17 - [MESSAGE][PASSED] - All options with label 'Court Fines' are selected in object ''  using regular expression

2020-09-08 17:01:17 - [MESSAGE][PASSED] - selected dropdown option by visible text  Court Finesfrom Payment Type

2020-09-08 17:01:17 - [MESSAGE][PASSED] - Object '' is present

2020-09-08 17:01:18 - [MESSAGE][PASSED] - Object '' is visible

2020-09-08 17:01:18 - [MESSAGE][PASSED] - Object '' is present

2020-09-08 17:01:19 - [MESSAGE][PASSED] - Text '13' is set on object ''

2020-09-08 17:01:19 - [MESSAGE][PASSED] - Quicksti.ts:Entered'13 into RefrenceNumber

2020-09-08 17:01:20 - [MESSAGE][PASSED] - Object '' is present

2020-09-08 17:01:20 - [MESSAGE][PASSED] - Object '' is visible

2020-09-08 17:01:20 - [MESSAGE][PASSED] - Object '' is present

2020-09-08 17:01:21 - [MESSAGE][PASSED] - Text '2' is set on object ''

2020-09-08 17:01:21 - [MESSAGE][PASSED] - Quicksti.ts:Entered'2 into Quntity

2020-09-08 17:01:21 - [TEST_STEP][PASSED] - for ([i = 0, i <= amountList.size() - 1, (i++)]): Quicksti.ts:Entered'2 into Quntity

2020-09-08 17:01:21 - [TEST_STEP][PASSED] - s = Integer.toString(i): null

2020-09-08 17:01:21 - [TEST_STEP][PASSED] - utilities.SafeActions.safeType(findTestObject("CERTPAY_QUICKSTI/Payment_Information_Page/MULTIBUREAU_PAYMENT_AMOUNT"), amountList.get(i), "Payment Amount", [pageLoadTime]): Quicksti.ts:Entered'45.00 into Payment Amount

2020-09-08 17:01:22 - [MESSAGE][PASSED] - Object 'Object Repository/CERTPAY_QUICKSTI/Payment_Information_Page/MULTIBUREAU_PAYMENT_AMOUNT' is present

2020-09-08 17:01:23 - [MESSAGE][PASSED] - Object 'Object Repository/CERTPAY_QUICKSTI/Payment_Information_Page/MULTIBUREAU_PAYMENT_AMOUNT' is visible

2020-09-08 17:01:23 - [MESSAGE][PASSED] - Object 'Object Repository/CERTPAY_QUICKSTI/Payment_Information_Page/MULTIBUREAU_PAYMENT_AMOUNT' is present

2020-09-08 17:01:24 - [MESSAGE][PASSED] - Text '45.00' is set on object 'Object Repository/CERTPAY_QUICKSTI/Payment_Information_Page/MULTIBUREAU_PAYMENT_AMOUNT'

2020-09-08 17:01:24 - [MESSAGE][PASSED] - Quicksti.ts:Entered'45.00 into Payment Amount

2020-09-08 17:01:24 - [TEST_STEP][PASSED] - pages.Quicksti.setAmountDetailsForMultiBureau(s, "Registration Fees", "1", referenceList.get(i), quantityList.get(i)): Quicksti.ts:Entered'1 into Quntity

2020-09-08 17:01:25 - [MESSAGE][PASSED] - Object '' is visible

2020-09-08 17:01:25 - [MESSAGE][PASSED] - Object '' is present

2020-09-08 17:01:26 - [MESSAGE][PASSED] - Object: '' is clicked on

2020-09-08 17:01:27 - [MESSAGE][PASSED] - All options with label 'Registration Fees' are selected in object ''  using regular expression

2020-09-08 17:01:27 - [MESSAGE][PASSED] - selected dropdown option by visible text  Registration Feesfrom Payment Type

2020-09-08 17:01:28 - [MESSAGE][PASSED] - Object '' is present

2020-09-08 17:01:28 - [MESSAGE][PASSED] - Object '' is visible

2020-09-08 17:01:28 - [MESSAGE][PASSED] - Object '' is present

2020-09-08 17:01:30 - [MESSAGE][PASSED] - Text '11' is set on object ''

2020-09-08 17:01:30 - [MESSAGE][PASSED] - Quicksti.ts:Entered'11 into RefrenceNumber

2020-09-08 17:01:30 - [MESSAGE][PASSED] - Object '' is present

2020-09-08 17:01:30 - [MESSAGE][PASSED] - Object '' is visible

2020-09-08 17:01:31 - [MESSAGE][PASSED] - Object '' is present

2020-09-08 17:01:32 - [MESSAGE][PASSED] - Text '1' is set on object ''

2020-09-08 17:01:32 - [MESSAGE][PASSED] - Quicksti.ts:Entered'1 into Quntity

2020-09-08 17:01:32 - [TEST_STEP][PASSED] - s = Integer.toString(i): null

2020-09-08 17:01:32 - [TEST_STEP][PASSED] - utilities.SafeActions.safeType(findTestObject("CERTPAY_QUICKSTI/Payment_Information_Page/MULTIBUREAU_PAYMENT_AMOUNT"), amountList.get(i), "Payment Amount", [pageLoadTime]): Quicksti.ts:Entered'35.00 into Payment Amount

2020-09-08 17:01:32 - [MESSAGE][PASSED] - Object 'Object Repository/CERTPAY_QUICKSTI/Payment_Information_Page/MULTIBUREAU_PAYMENT_AMOUNT' is present

2020-09-08 17:01:33 - [MESSAGE][PASSED] - Object 'Object Repository/CERTPAY_QUICKSTI/Payment_Information_Page/MULTIBUREAU_PAYMENT_AMOUNT' is visible

2020-09-08 17:01:33 - [MESSAGE][PASSED] - Object 'Object Repository/CERTPAY_QUICKSTI/Payment_Information_Page/MULTIBUREAU_PAYMENT_AMOUNT' is present

2020-09-08 17:01:34 - [MESSAGE][PASSED] - Text '35.00' is set on object 'Object Repository/CERTPAY_QUICKSTI/Payment_Information_Page/MULTIBUREAU_PAYMENT_AMOUNT'

2020-09-08 17:01:34 - [MESSAGE][PASSED] - Quicksti.ts:Entered'35.00 into Payment Amount

2020-09-08 17:01:34 - [TEST_STEP][PASSED] - pages.Quicksti.setAmountDetailsForMultiBureau(s, "Registration Fees", "1", referenceList.get(i), quantityList.get(i)): Quicksti.ts:Entered'2 into Quntity

2020-09-08 17:01:35 - [MESSAGE][PASSED] - Object '' is visible

2020-09-08 17:01:35 - [MESSAGE][PASSED] - Object '' is present

2020-09-08 17:01:36 - [MESSAGE][PASSED] - Object: '' is clicked on

2020-09-08 17:01:37 - [MESSAGE][PASSED] - All options with label 'Registration Fees' are selected in object ''  using regular expression

2020-09-08 17:01:37 - [MESSAGE][PASSED] - selected dropdown option by visible text  Registration Feesfrom Payment Type

2020-09-08 17:01:38 - [MESSAGE][PASSED] - Object '' is present

2020-09-08 17:01:38 - [MESSAGE][PASSED] - Object '' is visible

2020-09-08 17:01:38 - [MESSAGE][PASSED] - Object '' is present

2020-09-08 17:01:39 - [MESSAGE][PASSED] - Text '12' is set on object ''

2020-09-08 17:01:39 - [MESSAGE][PASSED] - Quicksti.ts:Entered'12 into RefrenceNumber

2020-09-08 17:01:40 - [MESSAGE][PASSED] - Object '' is present

2020-09-08 17:01:40 - [MESSAGE][PASSED] - Object '' is visible

2020-09-08 17:01:40 - [MESSAGE][PASSED] - Object '' is present

2020-09-08 17:01:42 - [MESSAGE][PASSED] - Text '2' is set on object ''

2020-09-08 17:01:42 - [MESSAGE][PASSED] - Quicksti.ts:Entered'2 into Quntity

2020-09-08 17:01:42 - [TEST_STEP][PASSED] - s = Integer.toString(i): null

2020-09-08 17:01:42 - [TEST_STEP][PASSED] - utilities.SafeActions.safeType(findTestObject("CERTPAY_QUICKSTI/Payment_Information_Page/MULTIBUREAU_PAYMENT_AMOUNT"), amountList.get(i), "Payment Amount", [pageLoadTime]): Quicksti.ts:Entered'20.00 into Payment Amount

2020-09-08 17:01:42 - [MESSAGE][PASSED] - Object 'Object Repository/CERTPAY_QUICKSTI/Payment_Information_Page/MULTIBUREAU_PAYMENT_AMOUNT' is present

2020-09-08 17:01:42 - [MESSAGE][PASSED] - Object 'Object Repository/CERTPAY_QUICKSTI/Payment_Information_Page/MULTIBUREAU_PAYMENT_AMOUNT' is visible

2020-09-08 17:01:43 - [MESSAGE][PASSED] - Object 'Object Repository/CERTPAY_QUICKSTI/Payment_Information_Page/MULTIBUREAU_PAYMENT_AMOUNT' is present

2020-09-08 17:01:44 - [MESSAGE][PASSED] - Text '20.00' is set on object 'Object Repository/CERTPAY_QUICKSTI/Payment_Information_Page/MULTIBUREAU_PAYMENT_AMOUNT'

2020-09-08 17:01:44 - [MESSAGE][PASSED] - Quicksti.ts:Entered'20.00 into Payment Amount

2020-09-08 17:01:44 - [TEST_STEP][PASSED] - pages.Quicksti.setAmountDetailsForMultiBureau(s, "Registration Fees", "1", referenceList.get(i), quantityList.get(i)): Quicksti.ts:Entered'2 into Quntity

2020-09-08 17:01:44 - [MESSAGE][PASSED] - Object '' is visible

2020-09-08 17:01:45 - [MESSAGE][PASSED] - Object '' is present

2020-09-08 17:01:46 - [MESSAGE][PASSED] - Object: '' is clicked on

2020-09-08 17:01:47 - [MESSAGE][PASSED] - All options with label 'Registration Fees' are selected in object ''  using regular expression

2020-09-08 17:01:47 - [MESSAGE][PASSED] - selected dropdown option by visible text  Registration Feesfrom Payment Type

2020-09-08 17:01:47 - [MESSAGE][PASSED] - Object '' is present

2020-09-08 17:01:48 - [MESSAGE][PASSED] - Object '' is visible

2020-09-08 17:01:48 - [MESSAGE][PASSED] - Object '' is present

2020-09-08 17:01:49 - [MESSAGE][PASSED] - Text '13' is set on object ''

2020-09-08 17:01:49 - [MESSAGE][PASSED] - Quicksti.ts:Entered'13 into RefrenceNumber

2020-09-08 17:01:50 - [MESSAGE][PASSED] - Object '' is present

2020-09-08 17:01:50 - [MESSAGE][PASSED] - Object '' is visible

2020-09-08 17:01:50 - [MESSAGE][PASSED] - Object '' is present

2020-09-08 17:01:52 - [MESSAGE][PASSED] - Text '2' is set on object ''

2020-09-08 17:01:52 - [MESSAGE][PASSED] - Quicksti.ts:Entered'2 into Quntity

2020-09-08 17:01:52 - [TEST_STEP][PASSED] - for ([i = 0, i <= amountList.size() - 1, (i++)]): Quicksti.ts:Entered'Testing into Comments

2020-09-08 17:01:52 - [TEST_STEP][PASSED] - s = Integer.toString(i): null

2020-09-08 17:01:52 - [TEST_STEP][PASSED] - utilities.SafeActions.safeType(findTestObject("CERTPAY_QUICKSTI/Payment_Information_Page/MULTIBUREAU_PAY_AMOUNT2"), amountList.get(i), "Payment Amount", [pageLoadTime]): Quicksti.ts:Entered'45.00 into Payment Amount

2020-09-08 17:01:52 - [MESSAGE][PASSED] - Object 'Object Repository/CERTPAY_QUICKSTI/Payment_Information_Page/MULTIBUREAU_PAY_AMOUNT2' is present

2020-09-08 17:01:52 - [MESSAGE][PASSED] - Object 'Object Repository/CERTPAY_QUICKSTI/Payment_Information_Page/MULTIBUREAU_PAY_AMOUNT2' is visible

2020-09-08 17:01:53 - [MESSAGE][PASSED] - Object 'Object Repository/CERTPAY_QUICKSTI/Payment_Information_Page/MULTIBUREAU_PAY_AMOUNT2' is present

2020-09-08 17:01:54 - [MESSAGE][PASSED] - Text '45.00' is set on object 'Object Repository/CERTPAY_QUICKSTI/Payment_Information_Page/MULTIBUREAU_PAY_AMOUNT2'

2020-09-08 17:01:54 - [MESSAGE][PASSED] - Quicksti.ts:Entered'45.00 into Payment Amount

2020-09-08 17:01:54 - [TEST_STEP][PASSED] - pages.Quicksti.setAmountDetailsForMultiBureau(s, "Vehicles", "2", referenceList.get(i), quantityList.get(i)): Quicksti.ts:Entered'1 into Quntity

2020-09-08 17:01:55 - [MESSAGE][PASSED] - Object '' is visible

2020-09-08 17:01:55 - [MESSAGE][PASSED] - Object '' is present

2020-09-08 17:01:56 - [MESSAGE][PASSED] - Object: '' is clicked on

2020-09-08 17:01:57 - [MESSAGE][PASSED] - All options with label 'Vehicles' are selected in object ''  using regular expression

2020-09-08 17:01:57 - [MESSAGE][PASSED] - selected dropdown option by visible text  Vehiclesfrom Payment Type

2020-09-08 17:01:58 - [MESSAGE][PASSED] - Object '' is present

2020-09-08 17:01:58 - [MESSAGE][PASSED] - Object '' is visible

2020-09-08 17:01:58 - [MESSAGE][PASSED] - Object '' is present

2020-09-08 17:02:00 - [MESSAGE][PASSED] - Text '11' is set on object ''

2020-09-08 17:02:00 - [MESSAGE][PASSED] - Quicksti.ts:Entered'11 into RefrenceNumber

2020-09-08 17:02:00 - [MESSAGE][PASSED] - Object '' is present

2020-09-08 17:02:00 - [MESSAGE][PASSED] - Object '' is visible

2020-09-08 17:02:01 - [MESSAGE][PASSED] - Object '' is present

2020-09-08 17:02:02 - [MESSAGE][PASSED] - Text '1' is set on object ''

2020-09-08 17:02:02 - [MESSAGE][PASSED] - Quicksti.ts:Entered'1 into Quntity

2020-09-08 17:02:02 - [TEST_STEP][PASSED] - pages.Quicksti.setCommnets("2", s, commentsList.get(i)): Quicksti.ts:Entered'Testing into Comments

2020-09-08 17:02:03 - [MESSAGE][PASSED] - Object '' is present

2020-09-08 17:02:03 - [MESSAGE][PASSED] - Object '' is visible

2020-09-08 17:02:03 - [MESSAGE][PASSED] - Object '' is present

2020-09-08 17:02:04 - [MESSAGE][PASSED] - Text 'Testing' is set on object ''

2020-09-08 17:02:04 - [MESSAGE][PASSED] - Quicksti.ts:Entered'Testing into Comments

2020-09-08 17:02:04 - [TEST_STEP][PASSED] - s = Integer.toString(i): null

2020-09-08 17:02:04 - [TEST_STEP][PASSED] - utilities.SafeActions.safeType(findTestObject("CERTPAY_QUICKSTI/Payment_Information_Page/MULTIBUREAU_PAY_AMOUNT2"), amountList.get(i), "Payment Amount", [pageLoadTime]): Quicksti.ts:Entered'35.00 into Payment Amount

2020-09-08 17:02:05 - [MESSAGE][PASSED] - Object 'Object Repository/CERTPAY_QUICKSTI/Payment_Information_Page/MULTIBUREAU_PAY_AMOUNT2' is present

2020-09-08 17:02:05 - [MESSAGE][PASSED] - Object 'Object Repository/CERTPAY_QUICKSTI/Payment_Information_Page/MULTIBUREAU_PAY_AMOUNT2' is visible

2020-09-08 17:02:05 - [MESSAGE][PASSED] - Object 'Object Repository/CERTPAY_QUICKSTI/Payment_Information_Page/MULTIBUREAU_PAY_AMOUNT2' is present

2020-09-08 17:02:07 - [MESSAGE][PASSED] - Text '35.00' is set on object 'Object Repository/CERTPAY_QUICKSTI/Payment_Information_Page/MULTIBUREAU_PAY_AMOUNT2'

2020-09-08 17:02:07 - [MESSAGE][PASSED] - Quicksti.ts:Entered'35.00 into Payment Amount

2020-09-08 17:02:07 - [TEST_STEP][PASSED] - pages.Quicksti.setAmountDetailsForMultiBureau(s, "Vehicles", "2", referenceList.get(i), quantityList.get(i)): Quicksti.ts:Entered'2 into Quntity

2020-09-08 17:02:07 - [MESSAGE][PASSED] - Object '' is visible

2020-09-08 17:02:08 - [MESSAGE][PASSED] - Object '' is present

2020-09-08 17:02:09 - [MESSAGE][PASSED] - Object: '' is clicked on

2020-09-08 17:02:10 - [MESSAGE][PASSED] - All options with label 'Vehicles' are selected in object ''  using regular expression

2020-09-08 17:02:10 - [MESSAGE][PASSED] - selected dropdown option by visible text  Vehiclesfrom Payment Type

2020-09-08 17:02:10 - [MESSAGE][PASSED] - Object '' is present

2020-09-08 17:02:11 - [MESSAGE][PASSED] - Object '' is visible

2020-09-08 17:02:11 - [MESSAGE][PASSED] - Object '' is present

2020-09-08 17:02:12 - [MESSAGE][PASSED] - Text '12' is set on object ''

2020-09-08 17:02:12 - [MESSAGE][PASSED] - Quicksti.ts:Entered'12 into RefrenceNumber

2020-09-08 17:02:13 - [MESSAGE][PASSED] - Object '' is present

2020-09-08 17:02:13 - [MESSAGE][PASSED] - Object '' is visible

2020-09-08 17:02:13 - [MESSAGE][PASSED] - Object '' is present

2020-09-08 17:02:15 - [MESSAGE][PASSED] - Text '2' is set on object ''

2020-09-08 17:02:15 - [MESSAGE][PASSED] - Quicksti.ts:Entered'2 into Quntity

2020-09-08 17:02:15 - [TEST_STEP][PASSED] - pages.Quicksti.setCommnets("2", s, commentsList.get(i)): Quicksti.ts:Entered'Tester into Comments

2020-09-08 17:02:15 - [MESSAGE][PASSED] - Object '' is present

2020-09-08 17:02:15 - [MESSAGE][PASSED] - Object '' is visible

2020-09-08 17:02:16 - [MESSAGE][PASSED] - Object '' is present

2020-09-08 17:02:17 - [MESSAGE][PASSED] - Text 'Tester' is set on object ''

2020-09-08 17:02:17 - [MESSAGE][PASSED] - Quicksti.ts:Entered'Tester into Comments

2020-09-08 17:02:17 - [TEST_STEP][PASSED] - s = Integer.toString(i): null

2020-09-08 17:02:17 - [TEST_STEP][PASSED] - utilities.SafeActions.safeType(findTestObject("CERTPAY_QUICKSTI/Payment_Information_Page/MULTIBUREAU_PAY_AMOUNT2"), amountList.get(i), "Payment Amount", [pageLoadTime]): Quicksti.ts:Entered'20.00 into Payment Amount

2020-09-08 17:02:17 - [MESSAGE][PASSED] - Object 'Object Repository/CERTPAY_QUICKSTI/Payment_Information_Page/MULTIBUREAU_PAY_AMOUNT2' is present

2020-09-08 17:02:18 - [MESSAGE][PASSED] - Object 'Object Repository/CERTPAY_QUICKSTI/Payment_Information_Page/MULTIBUREAU_PAY_AMOUNT2' is visible

2020-09-08 17:02:18 - [MESSAGE][PASSED] - Object 'Object Repository/CERTPAY_QUICKSTI/Payment_Information_Page/MULTIBUREAU_PAY_AMOUNT2' is present

2020-09-08 17:02:19 - [MESSAGE][PASSED] - Text '20.00' is set on object 'Object Repository/CERTPAY_QUICKSTI/Payment_Information_Page/MULTIBUREAU_PAY_AMOUNT2'

2020-09-08 17:02:19 - [MESSAGE][PASSED] - Quicksti.ts:Entered'20.00 into Payment Amount

2020-09-08 17:02:19 - [TEST_STEP][PASSED] - pages.Quicksti.setAmountDetailsForMultiBureau(s, "Vehicles", "2", referenceList.get(i), quantityList.get(i)): Quicksti.ts:Entered'2 into Quntity

2020-09-08 17:02:20 - [MESSAGE][PASSED] - Object '' is visible

2020-09-08 17:02:20 - [MESSAGE][PASSED] - Object '' is present

2020-09-08 17:02:22 - [MESSAGE][PASSED] - Object: '' is clicked on

2020-09-08 17:02:23 - [MESSAGE][PASSED] - All options with label 'Vehicles' are selected in object ''  using regular expression

2020-09-08 17:02:23 - [MESSAGE][PASSED] - selected dropdown option by visible text  Vehiclesfrom Payment Type

2020-09-08 17:02:23 - [MESSAGE][PASSED] - Object '' is present

2020-09-08 17:02:24 - [MESSAGE][PASSED] - Object '' is visible

2020-09-08 17:02:24 - [MESSAGE][PASSED] - Object '' is present

2020-09-08 17:02:25 - [MESSAGE][PASSED] - Text '13' is set on object ''

2020-09-08 17:02:25 - [MESSAGE][PASSED] - Quicksti.ts:Entered'13 into RefrenceNumber

2020-09-08 17:02:26 - [MESSAGE][PASSED] - Object '' is present

2020-09-08 17:02:26 - [MESSAGE][PASSED] - Object '' is visible

2020-09-08 17:02:26 - [MESSAGE][PASSED] - Object '' is present

2020-09-08 17:02:28 - [MESSAGE][PASSED] - Text '2' is set on object ''

2020-09-08 17:02:28 - [MESSAGE][PASSED] - Quicksti.ts:Entered'2 into Quntity

2020-09-08 17:02:28 - [TEST_STEP][PASSED] - pages.Quicksti.setCommnets("2", s, commentsList.get(i)): Quicksti.ts:Entered'Testing into Comments

2020-09-08 17:02:28 - [MESSAGE][PASSED] - Object '' is present

2020-09-08 17:02:28 - [MESSAGE][PASSED] - Object '' is visible

2020-09-08 17:02:29 - [MESSAGE][PASSED] - Object '' is present

2020-09-08 17:02:30 - [MESSAGE][PASSED] - Text 'Testing' is set on object ''

2020-09-08 17:02:30 - [MESSAGE][PASSED] - Quicksti.ts:Entered'Testing into Comments

2020-09-08 17:02:30 - [TEST_STEP][PASSED] - utilities.SafeActions.safeClick(findTestObject("CERTPAY_QUICKSTI/Payment_Information_Page/MANUAL_ENTRY_BUTTON"), "ManualEntry", [pageLoadTime]): Quicksti.ts:Clicked on the ManualEntry

2020-09-08 17:02:30 - [MESSAGE][INFO] - safeClicking

2020-09-08 17:02:30 - [MESSAGE][PASSED] - Object 'Object Repository/CERTPAY_QUICKSTI/Payment_Information_Page/MANUAL_ENTRY_BUTTON' is present

2020-09-08 17:02:31 - [MESSAGE][PASSED] - Object 'Object Repository/CERTPAY_QUICKSTI/Payment_Information_Page/MANUAL_ENTRY_BUTTON' is clickable

2020-09-08 17:02:35 - [MESSAGE][PASSED] - Object: 'Object Repository/CERTPAY_QUICKSTI/Payment_Information_Page/MANUAL_ENTRY_BUTTON' is clicked on

2020-09-08 17:02:35 - [MESSAGE][PASSED] - Quicksti.ts:Clicked on the ManualEntry

2020-09-08 17:02:35 - [TEST_STEP][PASSED] - amount_Value = pages.Quicksti.getAttributeValue(findTestObject("CERTPAY_QUICKSTI/Payment_Information_Page/SUB_TOTAL")): pages.Quicksti.getAttributeValue is PASSED

2020-09-08 17:02:36 - [MESSAGE][PASSED] - Attribute 'value' of object 'Object Repository/CERTPAY_QUICKSTI/Payment_Information_Page/SUB_TOTAL' is: '45.00'

2020-09-08 17:02:36 - [MESSAGE][PASSED] - pages.Quicksti.getAttributeValue is PASSED

2020-09-08 17:02:36 - [TEST_STEP][PASSED] - CardNumber = pages.Quicksti.setUserPaymentDetails(firstName, lastName, cardNum): Quicksti.ts:Entered'8171999900000018 into CardNum

2020-09-08 17:02:36 - [MESSAGE][PASSED] - Object 'Object Repository/CERTPAY_QUICKSTI/Payment_Information_Page/FIRST_NAME' is present

2020-09-08 17:02:37 - [MESSAGE][PASSED] - Object 'Object Repository/CERTPAY_QUICKSTI/Payment_Information_Page/FIRST_NAME' is visible

2020-09-08 17:02:37 - [MESSAGE][PASSED] - Object 'Object Repository/CERTPAY_QUICKSTI/Payment_Information_Page/FIRST_NAME' is present

2020-09-08 17:02:38 - [MESSAGE][PASSED] - Text 'Tester' is set on object 'Object Repository/CERTPAY_QUICKSTI/Payment_Information_Page/FIRST_NAME'

2020-09-08 17:02:38 - [MESSAGE][PASSED] - Quicksti.ts:Entered'Tester into FirstName

2020-09-08 17:02:39 - [MESSAGE][PASSED] - Object 'Object Repository/CERTPAY_QUICKSTI/Payment_Information_Page/LAST_NAME' is present

2020-09-08 17:02:39 - [MESSAGE][PASSED] - Object 'Object Repository/CERTPAY_QUICKSTI/Payment_Information_Page/LAST_NAME' is visible

2020-09-08 17:02:39 - [MESSAGE][PASSED] - Object 'Object Repository/CERTPAY_QUICKSTI/Payment_Information_Page/LAST_NAME' is present

2020-09-08 17:02:41 - [MESSAGE][PASSED] - Text 'Zenq1' is set on object 'Object Repository/CERTPAY_QUICKSTI/Payment_Information_Page/LAST_NAME'

2020-09-08 17:02:41 - [MESSAGE][PASSED] - Quicksti.ts:Entered'Zenq1 into LAstName

2020-09-08 17:02:41 - [MESSAGE][PASSED] - Object 'Object Repository/CERTPAY_QUICKSTI/Payment_Information_Page/CARD_NUMBER' is present

2020-09-08 17:02:41 - [MESSAGE][PASSED] - Object 'Object Repository/CERTPAY_QUICKSTI/Payment_Information_Page/CARD_NUMBER' is visible

2020-09-08 17:02:42 - [MESSAGE][PASSED] - Object 'Object Repository/CERTPAY_QUICKSTI/Payment_Information_Page/CARD_NUMBER' is present

2020-09-08 17:02:43 - [MESSAGE][PASSED] - Text '8171999900000018' is set on object 'Object Repository/CERTPAY_QUICKSTI/Payment_Information_Page/CARD_NUMBER'

2020-09-08 17:02:43 - [MESSAGE][PASSED] - Quicksti.ts:Entered'8171999900000018 into CardNum

2020-09-08 17:02:43 - [TEST_STEP][PASSED] - pages.Quicksti.setExpDate(expMonth, expYear, securityCode): Quicksti.ts:Entered'111 into securityCode

2020-09-08 17:02:43 - [MESSAGE][PASSED] - Object 'Object Repository/CERTPAY_QUICKSTI/Payment_Information_Page/EXP_MONTH' is visible

2020-09-08 17:02:44 - [MESSAGE][PASSED] - Object 'Object Repository/CERTPAY_QUICKSTI/Payment_Information_Page/EXP_MONTH' is present

2020-09-08 17:02:45 - [MESSAGE][PASSED] - Object: 'Object Repository/CERTPAY_QUICKSTI/Payment_Information_Page/EXP_MONTH' is clicked on

2020-09-08 17:02:46 - [MESSAGE][PASSED] - All options with label '04' are selected in object 'Object Repository/CERTPAY_QUICKSTI/Payment_Information_Page/EXP_MONTH'  using regular expression

2020-09-08 17:02:46 - [MESSAGE][PASSED] - selected dropdown option by visible text  04from expMonth

2020-09-08 17:02:47 - [MESSAGE][PASSED] - Object 'Object Repository/CERTPAY_QUICKSTI/Payment_Information_Page/EXP_YEAR' is visible

2020-09-08 17:02:47 - [MESSAGE][PASSED] - Object 'Object Repository/CERTPAY_QUICKSTI/Payment_Information_Page/EXP_YEAR' is present

2020-09-08 17:02:48 - [MESSAGE][PASSED] - Object: 'Object Repository/CERTPAY_QUICKSTI/Payment_Information_Page/EXP_YEAR' is clicked on

2020-09-08 17:02:50 - [MESSAGE][PASSED] - All options with label '2027' are selected in object 'Object Repository/CERTPAY_QUICKSTI/Payment_Information_Page/EXP_YEAR'  using regular expression

2020-09-08 17:02:50 - [MESSAGE][PASSED] - selected dropdown option by visible text  2027from  expYear

2020-09-08 17:02:50 - [MESSAGE][PASSED] - Object 'Object Repository/CERTPAY_QUICKSTI/Payment_Information_Page/SECURITY_CODE' is present

2020-09-08 17:02:50 - [MESSAGE][PASSED] - Object 'Object Repository/CERTPAY_QUICKSTI/Payment_Information_Page/SECURITY_CODE' is visible

2020-09-08 17:02:51 - [MESSAGE][PASSED] - Object 'Object Repository/CERTPAY_QUICKSTI/Payment_Information_Page/SECURITY_CODE' is present

2020-09-08 17:02:52 - [MESSAGE][PASSED] - Text '111' is set on object 'Object Repository/CERTPAY_QUICKSTI/Payment_Information_Page/SECURITY_CODE'

2020-09-08 17:02:52 - [MESSAGE][PASSED] - Quicksti.ts:Entered'111 into securityCode

2020-09-08 17:02:52 - [TEST_STEP][PASSED] - utilities.SafeActions.safeType(findTestObject("CERTPAY_QUICKSTI/Payment_Information_Page/ADDRESS"), address, "Address", [pageLoadTime]): Quicksti.ts:Entered'14-2 into Address

2020-09-08 17:02:52 - [MESSAGE][PASSED] - Object 'Object Repository/CERTPAY_QUICKSTI/Payment_Information_Page/ADDRESS' is present

2020-09-08 17:02:53 - [MESSAGE][PASSED] - Object 'Object Repository/CERTPAY_QUICKSTI/Payment_Information_Page/ADDRESS' is visible

2020-09-08 17:02:53 - [MESSAGE][PASSED] - Object 'Object Repository/CERTPAY_QUICKSTI/Payment_Information_Page/ADDRESS' is present

2020-09-08 17:02:54 - [MESSAGE][PASSED] - Text '14-2' is set on object 'Object Repository/CERTPAY_QUICKSTI/Payment_Information_Page/ADDRESS'

2020-09-08 17:02:54 - [MESSAGE][PASSED] - Quicksti.ts:Entered'14-2 into Address

2020-09-08 17:02:54 - [TEST_STEP][PASSED] - utilities.SafeActions.safeType(findTestObject("CERTPAY_QUICKSTI/Payment_Information_Page/ZIP_CODE"), zipCode, "zipcode", [pageLoadTime]): Quicksti.ts:Entered'76102 into zipcode

2020-09-08 17:02:55 - [MESSAGE][PASSED] - Object 'Object Repository/CERTPAY_QUICKSTI/Payment_Information_Page/ZIP_CODE' is present

2020-09-08 17:02:55 - [MESSAGE][PASSED] - Object 'Object Repository/CERTPAY_QUICKSTI/Payment_Information_Page/ZIP_CODE' is visible

2020-09-08 17:02:55 - [MESSAGE][PASSED] - Object 'Object Repository/CERTPAY_QUICKSTI/Payment_Information_Page/ZIP_CODE' is present

2020-09-08 17:02:56 - [MESSAGE][PASSED] - Text '76102' is set on object 'Object Repository/CERTPAY_QUICKSTI/Payment_Information_Page/ZIP_CODE'

2020-09-08 17:02:56 - [MESSAGE][PASSED] - Quicksti.ts:Entered'76102 into zipcode

2020-09-08 17:02:56 - [TEST_STEP][PASSED] - utilities.SafeActions.safeType(findTestObject("CERTPAY_QUICKSTI/Payment_Information_Page/TELEPHONE"), telephone, "Telephone", [pageLoadTime]): Quicksti.ts:Entered'9989897654 into Telephone

2020-09-08 17:02:57 - [MESSAGE][PASSED] - Object 'Object Repository/CERTPAY_QUICKSTI/Payment_Information_Page/TELEPHONE' is present

2020-09-08 17:02:57 - [MESSAGE][PASSED] - Object 'Object Repository/CERTPAY_QUICKSTI/Payment_Information_Page/TELEPHONE' is visible

2020-09-08 17:02:57 - [MESSAGE][PASSED] - Object 'Object Repository/CERTPAY_QUICKSTI/Payment_Information_Page/TELEPHONE' is present

2020-09-08 17:02:59 - [MESSAGE][PASSED] - Text '9989897654' is set on object 'Object Repository/CERTPAY_QUICKSTI/Payment_Information_Page/TELEPHONE'

2020-09-08 17:02:59 - [MESSAGE][PASSED] - Quicksti.ts:Entered'9989897654 into Telephone

2020-09-08 17:02:59 - [TEST_STEP][PASSED] - utilities.SafeActions.safeType(findTestObject("CERTPAY_QUICKSTI/Payment_Information_Page/EMAIL_ADDRESS"), emailAddress, "EMAIL address", [pageLoadTime]): Quicksti.ts:Entered'testing@zenq.com into EMAIL address

2020-09-08 17:02:59 - [MESSAGE][PASSED] - Object 'Object Repository/CERTPAY_QUICKSTI/Payment_Information_Page/EMAIL_ADDRESS' is present

2020-09-08 17:02:59 - [MESSAGE][PASSED] - Object 'Object Repository/CERTPAY_QUICKSTI/Payment_Information_Page/EMAIL_ADDRESS' is visible

2020-09-08 17:03:00 - [MESSAGE][PASSED] - Object 'Object Repository/CERTPAY_QUICKSTI/Payment_Information_Page/EMAIL_ADDRESS' is present

2020-09-08 17:03:01 - [MESSAGE][PASSED] - Text 'testing@zenq.com' is set on object 'Object Repository/CERTPAY_QUICKSTI/Payment_Information_Page/EMAIL_ADDRESS'

2020-09-08 17:03:01 - [MESSAGE][PASSED] - Quicksti.ts:Entered'testing@zenq.com into EMAIL address

2020-09-08 17:03:01 - [TEST_STEP][PASSED] - utilities.SafeActions.safeClick(findTestObject("CERTPAY_QUICKSTI/Payment_Information_Page/NEXT_BUTTON"), "Next", [pageLoadTime]): Quicksti.ts:Clicked on the Next

2020-09-08 17:03:01 - [MESSAGE][INFO] - safeClicking

2020-09-08 17:03:01 - [MESSAGE][PASSED] - Object 'Object Repository/CERTPAY_QUICKSTI/Payment_Information_Page/NEXT_BUTTON' is present

2020-09-08 17:03:02 - [MESSAGE][PASSED] - Object 'Object Repository/CERTPAY_QUICKSTI/Payment_Information_Page/NEXT_BUTTON' is clickable

2020-09-08 17:03:06 - [MESSAGE][PASSED] - Object: 'Object Repository/CERTPAY_QUICKSTI/Payment_Information_Page/NEXT_BUTTON' is clicked on

2020-09-08 17:03:06 - [MESSAGE][PASSED] - Quicksti.ts:Clicked on the Next

2020-09-08 17:03:06 - [TEST_STEP][PASSED] - pages.Quicksti.verifyUserPaymentDetails(amountList.get(0), firstName, lastName, CardNumber): pages.Quicksti.verifyUserPaymentDetails is PASSED

2020-09-08 17:03:06 - [MESSAGE][PASSED] - Text of object 'Object Repository/CERTPAY_QUICKSTI/Payment_Details_Verification_Page/AMOUNT' is: '$45.00'

2020-09-08 17:03:06 - [MESSAGE][PASSED] - Actual text '45.00' and expected text '45.00' are matched  using regular expression

2020-09-08 17:03:06 - [MESSAGE][PASSED] - Text of object 'Object Repository/CERTPAY_QUICKSTI/Payment_Details_Verification_Page/NAME' is: 'Tester Zenq1'

2020-09-08 17:03:06 - [MESSAGE][PASSED] - Actual text 'Tester Zenq1' and expected text 'Tester Zenq1' are matched  using regular expression

2020-09-08 17:03:07 - [MESSAGE][PASSED] - Text of object 'Object Repository/CERTPAY_QUICKSTI/Payment_Details_Verification_Page/CARD_NUMBER' is: '...0018'

2020-09-08 17:03:07 - [MESSAGE][PASSED] - Actual text '0018' and expected text '0018' are matched  using regular expression

2020-09-08 17:03:07 - [MESSAGE][PASSED] - pages.Quicksti.verifyUserPaymentDetails is PASSED

2020-09-08 17:03:07 - [TEST_STEP][PASSED] - scrollToElement(findTestObject("CERTPAY_QUICKSTI/Payment_Details_Verification_Page/PROCESS"), 30): Scroll to object 'Object Repository/CERTPAY_QUICKSTI/Payment_Details_Verification_Page/PROCESS' successfully

2020-09-08 17:03:07 - [MESSAGE][PASSED] - Scroll to object 'Object Repository/CERTPAY_QUICKSTI/Payment_Details_Verification_Page/PROCESS' successfully

2020-09-08 17:03:07 - [TEST_STEP][PASSED] - utilities.SafeActions.safeClick(findTestObject("CERTPAY_QUICKSTI/Payment_Details_Verification_Page/PROCESS"), "Process", [pageLoadTime]): Quicksti.ts:Clicked on the Process

2020-09-08 17:03:07 - [MESSAGE][INFO] - safeClicking

2020-09-08 17:03:08 - [MESSAGE][PASSED] - Object 'Object Repository/CERTPAY_QUICKSTI/Payment_Details_Verification_Page/PROCESS' is present

2020-09-08 17:03:08 - [MESSAGE][PASSED] - Object 'Object Repository/CERTPAY_QUICKSTI/Payment_Details_Verification_Page/PROCESS' is clickable

2020-09-08 17:03:14 - [MESSAGE][PASSED] - Object: 'Object Repository/CERTPAY_QUICKSTI/Payment_Details_Verification_Page/PROCESS' is clicked on

2020-09-08 17:03:14 - [MESSAGE][PASSED] - Quicksti.ts:Clicked on the Process

2020-09-08 17:03:14 - [TEST_STEP][PASSED] - paymentId = pages.Quicksti.verifyPaymentApproval(findTestObject("CERTPAY_QUICKSTI/Payment_Details_Verification_Page/APPROVED")): Payment is approved

2020-09-08 17:03:14 - [MESSAGE][PASSED] - Text of object 'Object Repository/CERTPAY_QUICKSTI/Payment_Details_Verification_Page/PAYMENT_ID' is: '100176112415'

2020-09-08 17:03:14 - [MESSAGE][PASSED] - Object 'Object Repository/CERTPAY_QUICKSTI/Payment_Details_Verification_Page/APPROVED' is present

2020-09-08 17:03:14 - [MESSAGE][PASSED] - Payment is approved

2020-09-08 17:03:16 - [TEST_STEP][PASSED] - navigateToUrl(Admin_url): Navigate to 'https://qa-certpayadmin.faps.net' successfully

2020-09-08 17:03:21 - [MESSAGE][PASSED] - Navigate to 'https://qa-certpayadmin.faps.net' successfully

2020-09-08 17:03:21 - [TEST_STEP][PASSED] - pages.Bureau_Login_Page.loginToAdminSite(AdminUsername, AdminPassword): Quicksti.ts:Clicked on the LOGIN

2020-09-08 17:03:21 - [MESSAGE][PASSED] - Object 'Object Repository/CERTPAY_ADMIN/USER_NAME' is present

2020-09-08 17:03:22 - [MESSAGE][PASSED] - Object 'Object Repository/CERTPAY_ADMIN/USER_NAME' is visible

2020-09-08 17:03:22 - [MESSAGE][PASSED] - Object 'Object Repository/CERTPAY_ADMIN/USER_NAME' is present

2020-09-08 17:03:23 - [MESSAGE][PASSED] - Text 'VVangiliappan' is set on object 'Object Repository/CERTPAY_ADMIN/USER_NAME'

2020-09-08 17:03:23 - [MESSAGE][PASSED] - Quicksti.ts:Entered'VVangiliappan into username

2020-09-08 17:03:24 - [MESSAGE][PASSED] - Object 'Object Repository/CERTPAY_ADMIN/PASSWORD' is present

2020-09-08 17:03:24 - [MESSAGE][PASSED] - Object 'Object Repository/CERTPAY_ADMIN/PASSWORD' is visible

2020-09-08 17:03:24 - [MESSAGE][PASSED] - Object 'Object Repository/CERTPAY_ADMIN/PASSWORD' is present

2020-09-08 17:03:26 - [MESSAGE][PASSED] - Text 'Knila@12345' is set on object 'Object Repository/CERTPAY_ADMIN/PASSWORD'

2020-09-08 17:03:26 - [MESSAGE][PASSED] - Quicksti.ts:Entered'Knila@12345 into password

2020-09-08 17:03:26 - [MESSAGE][INFO] - safeClicking

2020-09-08 17:03:26 - [MESSAGE][PASSED] - Object 'Object Repository/CERTPAY_ADMIN/LOGIN_BUTTON' is present

2020-09-08 17:03:26 - [MESSAGE][PASSED] - Object 'Object Repository/CERTPAY_ADMIN/LOGIN_BUTTON' is clickable

2020-09-08 17:03:34 - [MESSAGE][PASSED] - Object: 'Object Repository/CERTPAY_ADMIN/LOGIN_BUTTON' is clicked on

2020-09-08 17:03:34 - [MESSAGE][PASSED] - Quicksti.ts:Clicked on the LOGIN

2020-09-08 17:03:34 - [TEST_STEP][PASSED] - utilities.SafeActions.safeClick(findTestObject("CERTPAY_ADMIN/TRANSACTION_SEARCH"), "TransactionSearch", [pageLoadTime]): Quicksti.ts:Clicked on the TransactionSearch

2020-09-08 17:03:34 - [MESSAGE][INFO] - safeClicking

2020-09-08 17:03:34 - [MESSAGE][PASSED] - Object 'Object Repository/CERTPAY_ADMIN/TRANSACTION_SEARCH' is present

2020-09-08 17:03:34 - [MESSAGE][PASSED] - Object 'Object Repository/CERTPAY_ADMIN/TRANSACTION_SEARCH' is clickable

2020-09-08 17:03:36 - [MESSAGE][PASSED] - Object: 'Object Repository/CERTPAY_ADMIN/TRANSACTION_SEARCH' is clicked on

2020-09-08 17:03:36 - [MESSAGE][PASSED] - Quicksti.ts:Clicked on the TransactionSearch

2020-09-08 17:03:36 - [TEST_STEP][PASSED] - utilities.SafeActions.safeType(findTestObject("CERTPAY_ADMIN/PAYMENT_ID"), paymentId, "Payment id", [pageLoadTime]): Quicksti.ts:Entered'100176112415 into Payment id

2020-09-08 17:03:37 - [MESSAGE][PASSED] - Object 'Object Repository/CERTPAY_ADMIN/PAYMENT_ID' is present

2020-09-08 17:03:37 - [MESSAGE][PASSED] - Object 'Object Repository/CERTPAY_ADMIN/PAYMENT_ID' is visible

2020-09-08 17:03:37 - [MESSAGE][PASSED] - Object 'Object Repository/CERTPAY_ADMIN/PAYMENT_ID' is present

2020-09-08 17:03:39 - [MESSAGE][PASSED] - Text '100176112415' is set on object 'Object Repository/CERTPAY_ADMIN/PAYMENT_ID'

2020-09-08 17:03:39 - [MESSAGE][PASSED] - Quicksti.ts:Entered'100176112415 into Payment id

2020-09-08 17:03:39 - [TEST_STEP][PASSED] - utilities.SafeActions.safeClick(findTestObject("CERTPAY_ADMIN/GO_BUTTON"), "Go button", [pageLoadTime]): Quicksti.ts:Clicked on the Go button

2020-09-08 17:03:39 - [MESSAGE][INFO] - safeClicking

2020-09-08 17:03:39 - [MESSAGE][PASSED] - Object 'Object Repository/CERTPAY_ADMIN/GO_BUTTON' is present

2020-09-08 17:03:39 - [MESSAGE][PASSED] - Object 'Object Repository/CERTPAY_ADMIN/GO_BUTTON' is clickable

2020-09-08 17:03:43 - [MESSAGE][PASSED] - Object: 'Object Repository/CERTPAY_ADMIN/GO_BUTTON' is clicked on

2020-09-08 17:03:43 - [MESSAGE][PASSED] - Quicksti.ts:Clicked on the Go button

2020-09-08 17:03:43 - [TEST_STEP][PASSED] - delay(5): Delayed 5 second(s)

2020-09-08 17:03:48 - [MESSAGE][PASSED] - Delayed 5 second(s)

2020-09-08 17:03:48 - [TEST_STEP][PASSED] - scrollToPosition(800, 900): Browser is scrolled to position x = 800, y = 900

2020-09-08 17:03:48 - [MESSAGE][PASSED] - Browser is scrolled to position x = 800, y = 900

2020-09-08 17:03:48 - [TEST_STEP][PASSED] - paymentIdList.add(paymentId): null

2020-09-08 17:03:48 - [TEST_STEP][PASSED] - println(paymentIdList): null

2020-09-08 17:03:48 - [TEST_STEP][PASSED] - firstName = data.getValue("FirstName", index): null

2020-09-08 17:03:48 - [TEST_STEP][PASSED] - lastName = data.getValue("LastName", index): null

2020-09-08 17:03:48 - [TEST_STEP][PASSED] - cardNum = data.getValue("CardNumber", index): null

2020-09-08 17:03:48 - [TEST_STEP][PASSED] - expMonth = data.getValue("ExpMonth", index): null

2020-09-08 17:03:48 - [TEST_STEP][PASSED] - expYear = data.getValue("ExpYear", index): null

2020-09-08 17:03:48 - [TEST_STEP][PASSED] - securityCode = data.getValue("SecurityCode", index): null

2020-09-08 17:03:48 - [TEST_STEP][PASSED] - paymentAmount = data.getValue("PaymentAmount", index): null

2020-09-08 17:03:48 - [TEST_STEP][PASSED] - paymentType = data.getValue("PaymentType", index): null

2020-09-08 17:03:48 - [TEST_STEP][PASSED] - quantity = data.getValue("Quantity", index): null

2020-09-08 17:03:48 - [TEST_STEP][PASSED] - comments = data.getValue("Comments", index): null

2020-09-08 17:03:48 - [TEST_STEP][PASSED] - referenceNum = data.getValue("ReferenceNum", index): null

2020-09-08 17:03:48 - [TEST_STEP][PASSED] - address = data.getValue("Address", index): null

2020-09-08 17:03:48 - [TEST_STEP][PASSED] - zipCode = data.getValue("Zipcode", index): null

2020-09-08 17:03:48 - [TEST_STEP][PASSED] - telephone = data.getValue("Telephone", index): null

2020-09-08 17:03:48 - [TEST_STEP][PASSED] - emailAddress = data.getValue("EmailAddress", index): null

2020-09-08 17:03:48 - [TEST_STEP][PASSED] - cardType = data.getValue("CardType", index): null

2020-09-08 17:03:48 - [TEST_STEP][PASSED] - amountList = paymentAmount.split(","): null

2020-09-08 17:03:48 - [TEST_STEP][PASSED] - referenceList = referenceNum.split(","): null

2020-09-08 17:03:48 - [TEST_STEP][PASSED] - paymentTypeList = paymentType.split(","): null

2020-09-08 17:03:48 - [TEST_STEP][PASSED] - commentsList = comments.split(","): null

2020-09-08 17:03:48 - [TEST_STEP][PASSED] - quantityList = quantity.split(","): null

2020-09-08 17:03:48 - [TEST_STEP][PASSED] - utilities.SafeActions.openBrowser(Quicksti_Url, [pageLoadTime]): Browser launched successfully

2020-09-08 17:03:48 - [MESSAGE][INFO] - Opening Browser

2020-09-08 17:03:48 - [MESSAGE][WARNING] - A browser is already opened. Closing browser and opening a new one

2020-09-08 17:03:49 - [MESSAGE][INFO] - Starting 'Chrome' driver

2020-09-08 17:03:57 - [MESSAGE][PASSED] - Browser is opened with url: 'https://qa-certpayquicksti.faps.net/'

2020-09-08 17:03:59 - [MESSAGE][PASSED] - Current window maximized

2020-09-08 17:03:59 - [MESSAGE][PASSED] - Browser launched successfully

2020-09-08 17:03:59 - [TEST_STEP][PASSED] - utilities.SafeActions.safeCheck(findTestObject("CERTPAY_QUICKSTI/Login_ Page/MULTI_BUREAU_CHECKBOX"), "Multi Bureau", [pageLoadTime]): Quicksti.ts:Checkbox 'Multi Bureau'is selected

2020-09-08 17:03:59 - [MESSAGE][PASSED] - Object 'Object Repository/CERTPAY_QUICKSTI/Login_ Page/MULTI_BUREAU_CHECKBOX' is present

2020-09-08 17:04:01 - [MESSAGE][PASSED] - Object 'Object Repository/CERTPAY_QUICKSTI/Login_ Page/MULTI_BUREAU_CHECKBOX' is present

2020-09-08 17:04:02 - [MESSAGE][PASSED] - Object: 'Object Repository/CERTPAY_QUICKSTI/Login_ Page/MULTI_BUREAU_CHECKBOX' is clicked on

2020-09-08 17:04:02 - [MESSAGE][PASSED] - Quicksti.ts:Checkbox 'Multi Bureau'is selected

2020-09-08 17:04:02 - [TEST_STEP][PASSED] - utilities.SafeActions.safeType(findTestObject("CERTPAY_QUICKSTI/Login_ Page/TELLER_ID"), teller_id, "Bureau code", [pageLoadTime]): Quicksti.ts:Entered'zenq into Bureau code

2020-09-08 17:04:03 - [MESSAGE][PASSED] - Object 'Object Repository/CERTPAY_QUICKSTI/Login_ Page/TELLER_ID' is present

2020-09-08 17:04:03 - [MESSAGE][PASSED] - Object 'Object Repository/CERTPAY_QUICKSTI/Login_ Page/TELLER_ID' is visible

2020-09-08 17:04:04 - [MESSAGE][PASSED] - Object 'Object Repository/CERTPAY_QUICKSTI/Login_ Page/TELLER_ID' is present

2020-09-08 17:04:05 - [MESSAGE][PASSED] - Text 'zenq' is set on object 'Object Repository/CERTPAY_QUICKSTI/Login_ Page/TELLER_ID'

2020-09-08 17:04:05 - [MESSAGE][PASSED] - Quicksti.ts:Entered'zenq into Bureau code

2020-09-08 17:04:05 - [TEST_STEP][PASSED] - utilities.SafeActions.safeClick(findTestObject("CERTPAY_QUICKSTI/Login_ Page/NEXT_BUTTON"), "Next button", [pageLoadTime]): Quicksti.ts:Clicked on the Next button

2020-09-08 17:04:05 - [MESSAGE][INFO] - safeClicking

2020-09-08 17:04:05 - [MESSAGE][PASSED] - Object 'Object Repository/CERTPAY_QUICKSTI/Login_ Page/NEXT_BUTTON' is present

2020-09-08 17:04:06 - [MESSAGE][PASSED] - Object 'Object Repository/CERTPAY_QUICKSTI/Login_ Page/NEXT_BUTTON' is clickable

2020-09-08 17:04:10 - [MESSAGE][PASSED] - Object: 'Object Repository/CERTPAY_QUICKSTI/Login_ Page/NEXT_BUTTON' is clicked on

2020-09-08 17:04:10 - [MESSAGE][PASSED] - Quicksti.ts:Clicked on the Next button

2020-09-08 17:04:10 - [TEST_STEP][PASSED] - for ([i = 0, i <= amountList.size() - 1, (i++)]): Quicksti.ts:Entered'2 into Quntity

2020-09-08 17:04:10 - [TEST_STEP][PASSED] - s = Integer.toString(i): null

2020-09-08 17:04:10 - [TEST_STEP][PASSED] - pages.Quicksti.setCommnets("0", s, commentsList.get(i)): Quicksti.ts:Entered'Testing into Comments

2020-09-08 17:04:11 - [MESSAGE][PASSED] - Object '' is present

2020-09-08 17:04:11 - [MESSAGE][PASSED] - Object '' is visible

2020-09-08 17:04:11 - [MESSAGE][PASSED] - Object '' is present

2020-09-08 17:04:13 - [MESSAGE][PASSED] - Text 'Testing' is set on object ''

2020-09-08 17:04:13 - [MESSAGE][PASSED] - Quicksti.ts:Entered'Testing into Comments

2020-09-08 17:04:13 - [TEST_STEP][PASSED] - utilities.SafeActions.safeType(findTestObject("CERTPAY_QUICKSTI/Payment_Information_Page/PAYMENT_AMOUNT"), amountList.get(i), "Payment Amount", [pageLoadTime]): Quicksti.ts:Entered'45.00 into Payment Amount

2020-09-08 17:04:13 - [MESSAGE][PASSED] - Object 'Object Repository/CERTPAY_QUICKSTI/Payment_Information_Page/PAYMENT_AMOUNT' is present

2020-09-08 17:04:13 - [MESSAGE][PASSED] - Object 'Object Repository/CERTPAY_QUICKSTI/Payment_Information_Page/PAYMENT_AMOUNT' is visible

2020-09-08 17:04:14 - [MESSAGE][PASSED] - Object 'Object Repository/CERTPAY_QUICKSTI/Payment_Information_Page/PAYMENT_AMOUNT' is present

2020-09-08 17:04:15 - [MESSAGE][PASSED] - Text '45.00' is set on object 'Object Repository/CERTPAY_QUICKSTI/Payment_Information_Page/PAYMENT_AMOUNT'

2020-09-08 17:04:15 - [MESSAGE][PASSED] - Quicksti.ts:Entered'45.00 into Payment Amount

2020-09-08 17:04:15 - [TEST_STEP][PASSED] - pages.Quicksti.setAmountDetailsForMultiBureau(s, paymentTypeList.get(i), "0", referenceList.get(i), quantityList.get(i)): Quicksti.ts:Entered'1 into Quntity

2020-09-08 17:04:16 - [MESSAGE][PASSED] - Object '' is visible

2020-09-08 17:04:16 - [MESSAGE][PASSED] - Object '' is present

2020-09-08 17:04:17 - [MESSAGE][PASSED] - Object: '' is clicked on

2020-09-08 17:04:18 - [MESSAGE][PASSED] - All options with label 'Licenses' are selected in object ''  using regular expression

2020-09-08 17:04:18 - [MESSAGE][PASSED] - selected dropdown option by visible text  Licensesfrom Payment Type

2020-09-08 17:04:19 - [MESSAGE][PASSED] - Object '' is present

2020-09-08 17:04:19 - [MESSAGE][PASSED] - Object '' is visible

2020-09-08 17:04:19 - [MESSAGE][PASSED] - Object '' is present

2020-09-08 17:04:21 - [MESSAGE][PASSED] - Text '11' is set on object ''

2020-09-08 17:04:21 - [MESSAGE][PASSED] - Quicksti.ts:Entered'11 into RefrenceNumber

2020-09-08 17:04:21 - [MESSAGE][PASSED] - Object '' is present

2020-09-08 17:04:21 - [MESSAGE][PASSED] - Object '' is visible

2020-09-08 17:04:21 - [MESSAGE][PASSED] - Object '' is present

2020-09-08 17:04:23 - [MESSAGE][PASSED] - Text '1' is set on object ''

2020-09-08 17:04:23 - [MESSAGE][PASSED] - Quicksti.ts:Entered'1 into Quntity

2020-09-08 17:04:23 - [TEST_STEP][PASSED] - s = Integer.toString(i): null

2020-09-08 17:04:23 - [TEST_STEP][PASSED] - pages.Quicksti.setCommnets("0", s, commentsList.get(i)): Quicksti.ts:Entered'Tester into Comments

2020-09-08 17:04:23 - [MESSAGE][PASSED] - Object '' is present

2020-09-08 17:04:23 - [MESSAGE][PASSED] - Object '' is visible

2020-09-08 17:04:24 - [MESSAGE][PASSED] - Object '' is present

2020-09-08 17:04:25 - [MESSAGE][PASSED] - Text 'Tester' is set on object ''

2020-09-08 17:04:25 - [MESSAGE][PASSED] - Quicksti.ts:Entered'Tester into Comments

2020-09-08 17:04:25 - [TEST_STEP][PASSED] - utilities.SafeActions.safeType(findTestObject("CERTPAY_QUICKSTI/Payment_Information_Page/PAYMENT_AMOUNT"), amountList.get(i), "Payment Amount", [pageLoadTime]): Quicksti.ts:Entered'35.00 into Payment Amount

2020-09-08 17:04:25 - [MESSAGE][PASSED] - Object 'Object Repository/CERTPAY_QUICKSTI/Payment_Information_Page/PAYMENT_AMOUNT' is present

2020-09-08 17:04:26 - [MESSAGE][PASSED] - Object 'Object Repository/CERTPAY_QUICKSTI/Payment_Information_Page/PAYMENT_AMOUNT' is visible

2020-09-08 17:04:26 - [MESSAGE][PASSED] - Object 'Object Repository/CERTPAY_QUICKSTI/Payment_Information_Page/PAYMENT_AMOUNT' is present

2020-09-08 17:04:27 - [MESSAGE][PASSED] - Text '35.00' is set on object 'Object Repository/CERTPAY_QUICKSTI/Payment_Information_Page/PAYMENT_AMOUNT'

2020-09-08 17:04:27 - [MESSAGE][PASSED] - Quicksti.ts:Entered'35.00 into Payment Amount

2020-09-08 17:04:27 - [TEST_STEP][PASSED] - pages.Quicksti.setAmountDetailsForMultiBureau(s, paymentTypeList.get(i), "0", referenceList.get(i), quantityList.get(i)): Quicksti.ts:Entered'2 into Quntity

2020-09-08 17:04:28 - [MESSAGE][PASSED] - Object '' is visible

2020-09-08 17:04:28 - [MESSAGE][PASSED] - Object '' is present

2020-09-08 17:04:30 - [MESSAGE][PASSED] - Object: '' is clicked on

2020-09-08 17:04:31 - [MESSAGE][PASSED] - All options with label 'Taxes' are selected in object ''  using regular expression

2020-09-08 17:04:31 - [MESSAGE][PASSED] - selected dropdown option by visible text  Taxesfrom Payment Type

2020-09-08 17:04:31 - [MESSAGE][PASSED] - Object '' is present

2020-09-08 17:04:32 - [MESSAGE][PASSED] - Object '' is visible

2020-09-08 17:04:32 - [MESSAGE][PASSED] - Object '' is present

2020-09-08 17:04:33 - [MESSAGE][PASSED] - Text '12' is set on object ''

2020-09-08 17:04:33 - [MESSAGE][PASSED] - Quicksti.ts:Entered'12 into RefrenceNumber

2020-09-08 17:04:34 - [MESSAGE][PASSED] - Object '' is present

2020-09-08 17:04:34 - [MESSAGE][PASSED] - Object '' is visible

2020-09-08 17:04:34 - [MESSAGE][PASSED] - Object '' is present

2020-09-08 17:04:36 - [MESSAGE][PASSED] - Text '2' is set on object ''

2020-09-08 17:04:36 - [MESSAGE][PASSED] - Quicksti.ts:Entered'2 into Quntity

2020-09-08 17:04:36 - [TEST_STEP][PASSED] - s = Integer.toString(i): null

2020-09-08 17:04:36 - [TEST_STEP][PASSED] - pages.Quicksti.setCommnets("0", s, commentsList.get(i)): Quicksti.ts:Entered'Testing into Comments

2020-09-08 17:04:36 - [MESSAGE][PASSED] - Object '' is present

2020-09-08 17:04:36 - [MESSAGE][PASSED] - Object '' is visible

2020-09-08 17:04:37 - [MESSAGE][PASSED] - Object '' is present

2020-09-08 17:04:38 - [MESSAGE][PASSED] - Text 'Testing' is set on object ''

2020-09-08 17:04:38 - [MESSAGE][PASSED] - Quicksti.ts:Entered'Testing into Comments

2020-09-08 17:04:38 - [TEST_STEP][PASSED] - utilities.SafeActions.safeType(findTestObject("CERTPAY_QUICKSTI/Payment_Information_Page/PAYMENT_AMOUNT"), amountList.get(i), "Payment Amount", [pageLoadTime]): Quicksti.ts:Entered'20.00 into Payment Amount

2020-09-08 17:04:38 - [MESSAGE][PASSED] - Object 'Object Repository/CERTPAY_QUICKSTI/Payment_Information_Page/PAYMENT_AMOUNT' is present

2020-09-08 17:04:39 - [MESSAGE][PASSED] - Object 'Object Repository/CERTPAY_QUICKSTI/Payment_Information_Page/PAYMENT_AMOUNT' is visible

2020-09-08 17:04:39 - [MESSAGE][PASSED] - Object 'Object Repository/CERTPAY_QUICKSTI/Payment_Information_Page/PAYMENT_AMOUNT' is present

2020-09-08 17:04:40 - [MESSAGE][PASSED] - Text '20.00' is set on object 'Object Repository/CERTPAY_QUICKSTI/Payment_Information_Page/PAYMENT_AMOUNT'

2020-09-08 17:04:40 - [MESSAGE][PASSED] - Quicksti.ts:Entered'20.00 into Payment Amount

2020-09-08 17:04:40 - [TEST_STEP][PASSED] - pages.Quicksti.setAmountDetailsForMultiBureau(s, paymentTypeList.get(i), "0", referenceList.get(i), quantityList.get(i)): Quicksti.ts:Entered'2 into Quntity

2020-09-08 17:04:41 - [MESSAGE][PASSED] - Object '' is visible

2020-09-08 17:04:41 - [MESSAGE][PASSED] - Object '' is present

2020-09-08 17:04:42 - [MESSAGE][PASSED] - Object: '' is clicked on

2020-09-08 17:04:44 - [MESSAGE][PASSED] - All options with label 'Court Fines' are selected in object ''  using regular expression

2020-09-08 17:04:44 - [MESSAGE][PASSED] - selected dropdown option by visible text  Court Finesfrom Payment Type

2020-09-08 17:04:44 - [MESSAGE][PASSED] - Object '' is present

2020-09-08 17:04:45 - [MESSAGE][PASSED] - Object '' is visible

2020-09-08 17:04:45 - [MESSAGE][PASSED] - Object '' is present

2020-09-08 17:04:46 - [MESSAGE][PASSED] - Text '13' is set on object ''

2020-09-08 17:04:46 - [MESSAGE][PASSED] - Quicksti.ts:Entered'13 into RefrenceNumber

2020-09-08 17:04:47 - [MESSAGE][PASSED] - Object '' is present

2020-09-08 17:04:47 - [MESSAGE][PASSED] - Object '' is visible

2020-09-08 17:04:47 - [MESSAGE][PASSED] - Object '' is present

2020-09-08 17:04:48 - [MESSAGE][PASSED] - Text '2' is set on object ''

2020-09-08 17:04:48 - [MESSAGE][PASSED] - Quicksti.ts:Entered'2 into Quntity

2020-09-08 17:04:48 - [TEST_STEP][PASSED] - for ([i = 0, i <= amountList.size() - 1, (i++)]): Quicksti.ts:Entered'2 into Quntity

2020-09-08 17:04:48 - [TEST_STEP][PASSED] - s = Integer.toString(i): null

2020-09-08 17:04:48 - [TEST_STEP][PASSED] - utilities.SafeActions.safeType(findTestObject("CERTPAY_QUICKSTI/Payment_Information_Page/MULTIBUREAU_PAYMENT_AMOUNT"), amountList.get(i), "Payment Amount", [pageLoadTime]): Quicksti.ts:Entered'45.00 into Payment Amount

2020-09-08 17:04:49 - [MESSAGE][PASSED] - Object 'Object Repository/CERTPAY_QUICKSTI/Payment_Information_Page/MULTIBUREAU_PAYMENT_AMOUNT' is present

2020-09-08 17:04:49 - [MESSAGE][PASSED] - Object 'Object Repository/CERTPAY_QUICKSTI/Payment_Information_Page/MULTIBUREAU_PAYMENT_AMOUNT' is visible

2020-09-08 17:04:50 - [MESSAGE][PASSED] - Object 'Object Repository/CERTPAY_QUICKSTI/Payment_Information_Page/MULTIBUREAU_PAYMENT_AMOUNT' is present

2020-09-08 17:04:51 - [MESSAGE][PASSED] - Text '45.00' is set on object 'Object Repository/CERTPAY_QUICKSTI/Payment_Information_Page/MULTIBUREAU_PAYMENT_AMOUNT'

2020-09-08 17:04:51 - [MESSAGE][PASSED] - Quicksti.ts:Entered'45.00 into Payment Amount

2020-09-08 17:04:51 - [TEST_STEP][PASSED] - pages.Quicksti.setAmountDetailsForMultiBureau(s, "Registration Fees", "1", referenceList.get(i), quantityList.get(i)): Quicksti.ts:Entered'1 into Quntity

2020-09-08 17:04:51 - [MESSAGE][PASSED] - Object '' is visible

2020-09-08 17:04:52 - [MESSAGE][PASSED] - Object '' is present

2020-09-08 17:04:53 - [MESSAGE][PASSED] - Object: '' is clicked on

2020-09-08 17:04:54 - [MESSAGE][PASSED] - All options with label 'Registration Fees' are selected in object ''  using regular expression

2020-09-08 17:04:54 - [MESSAGE][PASSED] - selected dropdown option by visible text  Registration Feesfrom Payment Type

2020-09-08 17:04:54 - [MESSAGE][PASSED] - Object '' is present

2020-09-08 17:04:55 - [MESSAGE][PASSED] - Object '' is visible

2020-09-08 17:04:55 - [MESSAGE][PASSED] - Object '' is present

2020-09-08 17:04:56 - [MESSAGE][PASSED] - Text '11' is set on object ''

2020-09-08 17:04:56 - [MESSAGE][PASSED] - Quicksti.ts:Entered'11 into RefrenceNumber

2020-09-08 17:04:57 - [MESSAGE][PASSED] - Object '' is present

2020-09-08 17:04:57 - [MESSAGE][PASSED] - Object '' is visible

2020-09-08 17:04:57 - [MESSAGE][PASSED] - Object '' is present

2020-09-08 17:04:58 - [MESSAGE][PASSED] - Text '1' is set on object ''

2020-09-08 17:04:58 - [MESSAGE][PASSED] - Quicksti.ts:Entered'1 into Quntity

2020-09-08 17:04:58 - [TEST_STEP][PASSED] - s = Integer.toString(i): null

2020-09-08 17:04:58 - [TEST_STEP][PASSED] - utilities.SafeActions.safeType(findTestObject("CERTPAY_QUICKSTI/Payment_Information_Page/MULTIBUREAU_PAYMENT_AMOUNT"), amountList.get(i), "Payment Amount", [pageLoadTime]): Quicksti.ts:Entered'35.00 into Payment Amount

2020-09-08 17:04:59 - [MESSAGE][PASSED] - Object 'Object Repository/CERTPAY_QUICKSTI/Payment_Information_Page/MULTIBUREAU_PAYMENT_AMOUNT' is present

2020-09-08 17:04:59 - [MESSAGE][PASSED] - Object 'Object Repository/CERTPAY_QUICKSTI/Payment_Information_Page/MULTIBUREAU_PAYMENT_AMOUNT' is visible

2020-09-08 17:04:59 - [MESSAGE][PASSED] - Object 'Object Repository/CERTPAY_QUICKSTI/Payment_Information_Page/MULTIBUREAU_PAYMENT_AMOUNT' is present

2020-09-08 17:05:01 - [MESSAGE][PASSED] - Text '35.00' is set on object 'Object Repository/CERTPAY_QUICKSTI/Payment_Information_Page/MULTIBUREAU_PAYMENT_AMOUNT'

2020-09-08 17:05:01 - [MESSAGE][PASSED] - Quicksti.ts:Entered'35.00 into Payment Amount

2020-09-08 17:05:01 - [TEST_STEP][PASSED] - pages.Quicksti.setAmountDetailsForMultiBureau(s, "Registration Fees", "1", referenceList.get(i), quantityList.get(i)): Quicksti.ts:Entered'2 into Quntity

2020-09-08 17:05:01 - [MESSAGE][PASSED] - Object '' is visible

2020-09-08 17:05:02 - [MESSAGE][PASSED] - Object '' is present

2020-09-08 17:05:03 - [MESSAGE][PASSED] - Object: '' is clicked on

2020-09-08 17:05:04 - [MESSAGE][PASSED] - All options with label 'Registration Fees' are selected in object ''  using regular expression

2020-09-08 17:05:04 - [MESSAGE][PASSED] - selected dropdown option by visible text  Registration Feesfrom Payment Type

2020-09-08 17:05:04 - [MESSAGE][PASSED] - Object '' is present

2020-09-08 17:05:04 - [MESSAGE][PASSED] - Object '' is visible

2020-09-08 17:05:05 - [MESSAGE][PASSED] - Object '' is present

2020-09-08 17:05:06 - [MESSAGE][PASSED] - Text '12' is set on object ''

2020-09-08 17:05:06 - [MESSAGE][PASSED] - Quicksti.ts:Entered'12 into RefrenceNumber

2020-09-08 17:05:06 - [MESSAGE][PASSED] - Object '' is present

2020-09-08 17:05:07 - [MESSAGE][PASSED] - Object '' is visible

2020-09-08 17:05:07 - [MESSAGE][PASSED] - Object '' is present

2020-09-08 17:05:08 - [MESSAGE][PASSED] - Text '2' is set on object ''

2020-09-08 17:05:08 - [MESSAGE][PASSED] - Quicksti.ts:Entered'2 into Quntity

2020-09-08 17:05:08 - [TEST_STEP][PASSED] - s = Integer.toString(i): null

2020-09-08 17:05:08 - [TEST_STEP][PASSED] - utilities.SafeActions.safeType(findTestObject("CERTPAY_QUICKSTI/Payment_Information_Page/MULTIBUREAU_PAYMENT_AMOUNT"), amountList.get(i), "Payment Amount", [pageLoadTime]): Quicksti.ts:Entered'20.00 into Payment Amount

2020-09-08 17:05:09 - [MESSAGE][PASSED] - Object 'Object Repository/CERTPAY_QUICKSTI/Payment_Information_Page/MULTIBUREAU_PAYMENT_AMOUNT' is present

2020-09-08 17:05:09 - [MESSAGE][PASSED] - Object 'Object Repository/CERTPAY_QUICKSTI/Payment_Information_Page/MULTIBUREAU_PAYMENT_AMOUNT' is visible

2020-09-08 17:05:09 - [MESSAGE][PASSED] - Object 'Object Repository/CERTPAY_QUICKSTI/Payment_Information_Page/MULTIBUREAU_PAYMENT_AMOUNT' is present

2020-09-08 17:05:11 - [MESSAGE][PASSED] - Text '20.00' is set on object 'Object Repository/CERTPAY_QUICKSTI/Payment_Information_Page/MULTIBUREAU_PAYMENT_AMOUNT'

2020-09-08 17:05:11 - [MESSAGE][PASSED] - Quicksti.ts:Entered'20.00 into Payment Amount

2020-09-08 17:05:11 - [TEST_STEP][PASSED] - pages.Quicksti.setAmountDetailsForMultiBureau(s, "Registration Fees", "1", referenceList.get(i), quantityList.get(i)): Quicksti.ts:Entered'2 into Quntity

2020-09-08 17:05:11 - [MESSAGE][PASSED] - Object '' is visible

2020-09-08 17:05:11 - [MESSAGE][PASSED] - Object '' is present

2020-09-08 17:05:13 - [MESSAGE][PASSED] - Object: '' is clicked on

2020-09-08 17:05:14 - [MESSAGE][PASSED] - All options with label 'Registration Fees' are selected in object ''  using regular expression

2020-09-08 17:05:14 - [MESSAGE][PASSED] - selected dropdown option by visible text  Registration Feesfrom Payment Type

2020-09-08 17:05:14 - [MESSAGE][PASSED] - Object '' is present

2020-09-08 17:05:14 - [MESSAGE][PASSED] - Object '' is visible

2020-09-08 17:05:15 - [MESSAGE][PASSED] - Object '' is present

2020-09-08 17:05:16 - [MESSAGE][PASSED] - Text '13' is set on object ''

2020-09-08 17:05:16 - [MESSAGE][PASSED] - Quicksti.ts:Entered'13 into RefrenceNumber

2020-09-08 17:05:16 - [MESSAGE][PASSED] - Object '' is present

2020-09-08 17:05:17 - [MESSAGE][PASSED] - Object '' is visible

2020-09-08 17:05:17 - [MESSAGE][PASSED] - Object '' is present

2020-09-08 17:05:18 - [MESSAGE][PASSED] - Text '2' is set on object ''

2020-09-08 17:05:18 - [MESSAGE][PASSED] - Quicksti.ts:Entered'2 into Quntity

2020-09-08 17:05:18 - [TEST_STEP][PASSED] - for ([i = 0, i <= amountList.size() - 1, (i++)]): Quicksti.ts:Entered'Testing into Comments

2020-09-08 17:05:18 - [TEST_STEP][PASSED] - s = Integer.toString(i): null

2020-09-08 17:05:18 - [TEST_STEP][PASSED] - utilities.SafeActions.safeType(findTestObject("CERTPAY_QUICKSTI/Payment_Information_Page/MULTIBUREAU_PAY_AMOUNT2"), amountList.get(i), "Payment Amount", [pageLoadTime]): Quicksti.ts:Entered'45.00 into Payment Amount

2020-09-08 17:05:19 - [MESSAGE][PASSED] - Object 'Object Repository/CERTPAY_QUICKSTI/Payment_Information_Page/MULTIBUREAU_PAY_AMOUNT2' is present

2020-09-08 17:05:19 - [MESSAGE][PASSED] - Object 'Object Repository/CERTPAY_QUICKSTI/Payment_Information_Page/MULTIBUREAU_PAY_AMOUNT2' is visible

2020-09-08 17:05:19 - [MESSAGE][PASSED] - Object 'Object Repository/CERTPAY_QUICKSTI/Payment_Information_Page/MULTIBUREAU_PAY_AMOUNT2' is present

2020-09-08 17:05:21 - [MESSAGE][PASSED] - Text '45.00' is set on object 'Object Repository/CERTPAY_QUICKSTI/Payment_Information_Page/MULTIBUREAU_PAY_AMOUNT2'

2020-09-08 17:05:21 - [MESSAGE][PASSED] - Quicksti.ts:Entered'45.00 into Payment Amount

2020-09-08 17:05:21 - [TEST_STEP][PASSED] - pages.Quicksti.setAmountDetailsForMultiBureau(s, "Vehicles", "2", referenceList.get(i), quantityList.get(i)): Quicksti.ts:Entered'1 into Quntity

2020-09-08 17:05:21 - [MESSAGE][PASSED] - Object '' is visible

2020-09-08 17:05:21 - [MESSAGE][PASSED] - Object '' is present

2020-09-08 17:05:23 - [MESSAGE][PASSED] - Object: '' is clicked on

2020-09-08 17:05:24 - [MESSAGE][PASSED] - All options with label 'Vehicles' are selected in object ''  using regular expression

2020-09-08 17:05:24 - [MESSAGE][PASSED] - selected dropdown option by visible text  Vehiclesfrom Payment Type

2020-09-08 17:05:24 - [MESSAGE][PASSED] - Object '' is present

2020-09-08 17:05:25 - [MESSAGE][PASSED] - Object '' is visible

2020-09-08 17:05:25 - [MESSAGE][PASSED] - Object '' is present

2020-09-08 17:05:26 - [MESSAGE][PASSED] - Text '11' is set on object ''

2020-09-08 17:05:26 - [MESSAGE][PASSED] - Quicksti.ts:Entered'11 into RefrenceNumber

2020-09-08 17:05:27 - [MESSAGE][PASSED] - Object '' is present

2020-09-08 17:05:27 - [MESSAGE][PASSED] - Object '' is visible

2020-09-08 17:05:27 - [MESSAGE][PASSED] - Object '' is present

2020-09-08 17:05:28 - [MESSAGE][PASSED] - Text '1' is set on object ''

2020-09-08 17:05:28 - [MESSAGE][PASSED] - Quicksti.ts:Entered'1 into Quntity

2020-09-08 17:05:28 - [TEST_STEP][PASSED] - pages.Quicksti.setCommnets("2", s, commentsList.get(i)): Quicksti.ts:Entered'Testing into Comments

2020-09-08 17:05:29 - [MESSAGE][PASSED] - Object '' is present

2020-09-08 17:05:29 - [MESSAGE][PASSED] - Object '' is visible

2020-09-08 17:05:29 - [MESSAGE][PASSED] - Object '' is present

2020-09-08 17:05:31 - [MESSAGE][PASSED] - Text 'Testing' is set on object ''

2020-09-08 17:05:31 - [MESSAGE][PASSED] - Quicksti.ts:Entered'Testing into Comments

2020-09-08 17:05:31 - [TEST_STEP][PASSED] - s = Integer.toString(i): null

2020-09-08 17:05:31 - [TEST_STEP][PASSED] - utilities.SafeActions.safeType(findTestObject("CERTPAY_QUICKSTI/Payment_Information_Page/MULTIBUREAU_PAY_AMOUNT2"), amountList.get(i), "Payment Amount", [pageLoadTime]): Quicksti.ts:Entered'35.00 into Payment Amount

2020-09-08 17:05:31 - [MESSAGE][PASSED] - Object 'Object Repository/CERTPAY_QUICKSTI/Payment_Information_Page/MULTIBUREAU_PAY_AMOUNT2' is present

2020-09-08 17:05:32 - [MESSAGE][PASSED] - Object 'Object Repository/CERTPAY_QUICKSTI/Payment_Information_Page/MULTIBUREAU_PAY_AMOUNT2' is visible

2020-09-08 17:05:32 - [MESSAGE][PASSED] - Object 'Object Repository/CERTPAY_QUICKSTI/Payment_Information_Page/MULTIBUREAU_PAY_AMOUNT2' is present

2020-09-08 17:05:33 - [MESSAGE][PASSED] - Text '35.00' is set on object 'Object Repository/CERTPAY_QUICKSTI/Payment_Information_Page/MULTIBUREAU_PAY_AMOUNT2'

2020-09-08 17:05:33 - [MESSAGE][PASSED] - Quicksti.ts:Entered'35.00 into Payment Amount

2020-09-08 17:05:33 - [TEST_STEP][PASSED] - pages.Quicksti.setAmountDetailsForMultiBureau(s, "Vehicles", "2", referenceList.get(i), quantityList.get(i)): Quicksti.ts:Entered'2 into Quntity

2020-09-08 17:05:34 - [MESSAGE][PASSED] - Object '' is visible

2020-09-08 17:05:34 - [MESSAGE][PASSED] - Object '' is present

2020-09-08 17:05:35 - [MESSAGE][PASSED] - Object: '' is clicked on

2020-09-08 17:05:37 - [MESSAGE][PASSED] - All options with label 'Vehicles' are selected in object ''  using regular expression

2020-09-08 17:05:37 - [MESSAGE][PASSED] - selected dropdown option by visible text  Vehiclesfrom Payment Type

2020-09-08 17:05:37 - [MESSAGE][PASSED] - Object '' is present

2020-09-08 17:05:37 - [MESSAGE][PASSED] - Object '' is visible

2020-09-08 17:05:38 - [MESSAGE][PASSED] - Object '' is present

2020-09-08 17:05:39 - [MESSAGE][PASSED] - Text '12' is set on object ''

2020-09-08 17:05:39 - [MESSAGE][PASSED] - Quicksti.ts:Entered'12 into RefrenceNumber

2020-09-08 17:05:39 - [MESSAGE][PASSED] - Object '' is present

2020-09-08 17:05:40 - [MESSAGE][PASSED] - Object '' is visible

2020-09-08 17:05:40 - [MESSAGE][PASSED] - Object '' is present

2020-09-08 17:05:41 - [MESSAGE][PASSED] - Text '2' is set on object ''

2020-09-08 17:05:41 - [MESSAGE][PASSED] - Quicksti.ts:Entered'2 into Quntity

2020-09-08 17:05:41 - [TEST_STEP][PASSED] - pages.Quicksti.setCommnets("2", s, commentsList.get(i)): Quicksti.ts:Entered'Tester into Comments

2020-09-08 17:05:42 - [MESSAGE][PASSED] - Object '' is present

2020-09-08 17:05:42 - [MESSAGE][PASSED] - Object '' is visible

2020-09-08 17:05:42 - [MESSAGE][PASSED] - Object '' is present

2020-09-08 17:05:44 - [MESSAGE][PASSED] - Text 'Tester' is set on object ''

2020-09-08 17:05:44 - [MESSAGE][PASSED] - Quicksti.ts:Entered'Tester into Comments

2020-09-08 17:05:44 - [TEST_STEP][PASSED] - s = Integer.toString(i): null

2020-09-08 17:05:44 - [TEST_STEP][PASSED] - utilities.SafeActions.safeType(findTestObject("CERTPAY_QUICKSTI/Payment_Information_Page/MULTIBUREAU_PAY_AMOUNT2"), amountList.get(i), "Payment Amount", [pageLoadTime]): Quicksti.ts:Entered'20.00 into Payment Amount

2020-09-08 17:05:44 - [MESSAGE][PASSED] - Object 'Object Repository/CERTPAY_QUICKSTI/Payment_Information_Page/MULTIBUREAU_PAY_AMOUNT2' is present

2020-09-08 17:05:45 - [MESSAGE][PASSED] - Object 'Object Repository/CERTPAY_QUICKSTI/Payment_Information_Page/MULTIBUREAU_PAY_AMOUNT2' is visible

2020-09-08 17:05:45 - [MESSAGE][PASSED] - Object 'Object Repository/CERTPAY_QUICKSTI/Payment_Information_Page/MULTIBUREAU_PAY_AMOUNT2' is present

2020-09-08 17:05:46 - [MESSAGE][PASSED] - Text '20.00' is set on object 'Object Repository/CERTPAY_QUICKSTI/Payment_Information_Page/MULTIBUREAU_PAY_AMOUNT2'

2020-09-08 17:05:46 - [MESSAGE][PASSED] - Quicksti.ts:Entered'20.00 into Payment Amount

2020-09-08 17:05:46 - [TEST_STEP][PASSED] - pages.Quicksti.setAmountDetailsForMultiBureau(s, "Vehicles", "2", referenceList.get(i), quantityList.get(i)): Quicksti.ts:Entered'2 into Quntity

2020-09-08 17:05:47 - [MESSAGE][PASSED] - Object '' is visible

2020-09-08 17:05:47 - [MESSAGE][PASSED] - Object '' is present

2020-09-08 17:05:48 - [MESSAGE][PASSED] - Object: '' is clicked on

2020-09-08 17:05:49 - [MESSAGE][PASSED] - All options with label 'Vehicles' are selected in object ''  using regular expression

2020-09-08 17:05:49 - [MESSAGE][PASSED] - selected dropdown option by visible text  Vehiclesfrom Payment Type

2020-09-08 17:05:50 - [MESSAGE][PASSED] - Object '' is present

2020-09-08 17:05:50 - [MESSAGE][PASSED] - Object '' is visible

2020-09-08 17:05:50 - [MESSAGE][PASSED] - Object '' is present

2020-09-08 17:05:52 - [MESSAGE][PASSED] - Text '13' is set on object ''

2020-09-08 17:05:52 - [MESSAGE][PASSED] - Quicksti.ts:Entered'13 into RefrenceNumber

2020-09-08 17:05:52 - [MESSAGE][PASSED] - Object '' is present

2020-09-08 17:05:52 - [MESSAGE][PASSED] - Object '' is visible

2020-09-08 17:05:53 - [MESSAGE][PASSED] - Object '' is present

2020-09-08 17:05:54 - [MESSAGE][PASSED] - Text '2' is set on object ''

2020-09-08 17:05:54 - [MESSAGE][PASSED] - Quicksti.ts:Entered'2 into Quntity

2020-09-08 17:05:54 - [TEST_STEP][PASSED] - pages.Quicksti.setCommnets("2", s, commentsList.get(i)): Quicksti.ts:Entered'Testing into Comments

2020-09-08 17:05:54 - [MESSAGE][PASSED] - Object '' is present

2020-09-08 17:05:55 - [MESSAGE][PASSED] - Object '' is visible

2020-09-08 17:05:55 - [MESSAGE][PASSED] - Object '' is present

2020-09-08 17:05:56 - [MESSAGE][PASSED] - Text 'Testing' is set on object ''

2020-09-08 17:05:56 - [MESSAGE][PASSED] - Quicksti.ts:Entered'Testing into Comments

2020-09-08 17:05:56 - [TEST_STEP][PASSED] - utilities.SafeActions.safeClick(findTestObject("CERTPAY_QUICKSTI/Payment_Information_Page/MANUAL_ENTRY_BUTTON"), "ManualEntry", [pageLoadTime]): Quicksti.ts:Clicked on the ManualEntry

2020-09-08 17:05:56 - [MESSAGE][INFO] - safeClicking

2020-09-08 17:05:57 - [MESSAGE][PASSED] - Object 'Object Repository/CERTPAY_QUICKSTI/Payment_Information_Page/MANUAL_ENTRY_BUTTON' is present

2020-09-08 17:05:57 - [MESSAGE][PASSED] - Object 'Object Repository/CERTPAY_QUICKSTI/Payment_Information_Page/MANUAL_ENTRY_BUTTON' is clickable

2020-09-08 17:06:01 - [MESSAGE][PASSED] - Object: 'Object Repository/CERTPAY_QUICKSTI/Payment_Information_Page/MANUAL_ENTRY_BUTTON' is clicked on

2020-09-08 17:06:01 - [MESSAGE][PASSED] - Quicksti.ts:Clicked on the ManualEntry

2020-09-08 17:06:01 - [TEST_STEP][PASSED] - amount_Value = pages.Quicksti.getAttributeValue(findTestObject("CERTPAY_QUICKSTI/Payment_Information_Page/SUB_TOTAL")): pages.Quicksti.getAttributeValue is PASSED

2020-09-08 17:06:02 - [MESSAGE][PASSED] - Attribute 'value' of object 'Object Repository/CERTPAY_QUICKSTI/Payment_Information_Page/SUB_TOTAL' is: '45.00'

2020-09-08 17:06:02 - [MESSAGE][PASSED] - pages.Quicksti.getAttributeValue is PASSED

2020-09-08 17:06:02 - [TEST_STEP][PASSED] - CardNumber = pages.Quicksti.setUserPaymentDetails(firstName, lastName, cardNum): Quicksti.ts:Entered'374245003731006 into CardNum

2020-09-08 17:06:02 - [MESSAGE][PASSED] - Object 'Object Repository/CERTPAY_QUICKSTI/Payment_Information_Page/FIRST_NAME' is present

2020-09-08 17:06:03 - [MESSAGE][PASSED] - Object 'Object Repository/CERTPAY_QUICKSTI/Payment_Information_Page/FIRST_NAME' is visible

2020-09-08 17:06:03 - [MESSAGE][PASSED] - Object 'Object Repository/CERTPAY_QUICKSTI/Payment_Information_Page/FIRST_NAME' is present

2020-09-08 17:06:05 - [MESSAGE][PASSED] - Text 'Tester' is set on object 'Object Repository/CERTPAY_QUICKSTI/Payment_Information_Page/FIRST_NAME'

2020-09-08 17:06:05 - [MESSAGE][PASSED] - Quicksti.ts:Entered'Tester into FirstName

2020-09-08 17:06:05 - [MESSAGE][PASSED] - Object 'Object Repository/CERTPAY_QUICKSTI/Payment_Information_Page/LAST_NAME' is present

2020-09-08 17:06:05 - [MESSAGE][PASSED] - Object 'Object Repository/CERTPAY_QUICKSTI/Payment_Information_Page/LAST_NAME' is visible

2020-09-08 17:06:05 - [MESSAGE][PASSED] - Object 'Object Repository/CERTPAY_QUICKSTI/Payment_Information_Page/LAST_NAME' is present

2020-09-08 17:06:07 - [MESSAGE][PASSED] - Text 'Zenq1' is set on object 'Object Repository/CERTPAY_QUICKSTI/Payment_Information_Page/LAST_NAME'

2020-09-08 17:06:07 - [MESSAGE][PASSED] - Quicksti.ts:Entered'Zenq1 into LAstName

2020-09-08 17:06:07 - [MESSAGE][PASSED] - Object 'Object Repository/CERTPAY_QUICKSTI/Payment_Information_Page/CARD_NUMBER' is present

2020-09-08 17:06:07 - [MESSAGE][PASSED] - Object 'Object Repository/CERTPAY_QUICKSTI/Payment_Information_Page/CARD_NUMBER' is visible

2020-09-08 17:06:08 - [MESSAGE][PASSED] - Object 'Object Repository/CERTPAY_QUICKSTI/Payment_Information_Page/CARD_NUMBER' is present

2020-09-08 17:06:09 - [MESSAGE][PASSED] - Text '374245003731006' is set on object 'Object Repository/CERTPAY_QUICKSTI/Payment_Information_Page/CARD_NUMBER'

2020-09-08 17:06:09 - [MESSAGE][PASSED] - Quicksti.ts:Entered'374245003731006 into CardNum

2020-09-08 17:06:09 - [TEST_STEP][PASSED] - pages.Quicksti.setExpDate(expMonth, expYear, securityCode): Quicksti.ts:Entered'111 into securityCode

2020-09-08 17:06:09 - [MESSAGE][PASSED] - Object 'Object Repository/CERTPAY_QUICKSTI/Payment_Information_Page/EXP_MONTH' is visible

2020-09-08 17:06:10 - [MESSAGE][PASSED] - Object 'Object Repository/CERTPAY_QUICKSTI/Payment_Information_Page/EXP_MONTH' is present

2020-09-08 17:06:11 - [MESSAGE][PASSED] - Object: 'Object Repository/CERTPAY_QUICKSTI/Payment_Information_Page/EXP_MONTH' is clicked on

2020-09-08 17:06:12 - [MESSAGE][PASSED] - All options with label '05' are selected in object 'Object Repository/CERTPAY_QUICKSTI/Payment_Information_Page/EXP_MONTH'  using regular expression

2020-09-08 17:06:12 - [MESSAGE][PASSED] - selected dropdown option by visible text  05from expMonth

2020-09-08 17:06:13 - [MESSAGE][PASSED] - Object 'Object Repository/CERTPAY_QUICKSTI/Payment_Information_Page/EXP_YEAR' is visible

2020-09-08 17:06:13 - [MESSAGE][PASSED] - Object 'Object Repository/CERTPAY_QUICKSTI/Payment_Information_Page/EXP_YEAR' is present

2020-09-08 17:06:14 - [MESSAGE][PASSED] - Object: 'Object Repository/CERTPAY_QUICKSTI/Payment_Information_Page/EXP_YEAR' is clicked on

2020-09-08 17:06:16 - [MESSAGE][PASSED] - All options with label '2022' are selected in object 'Object Repository/CERTPAY_QUICKSTI/Payment_Information_Page/EXP_YEAR'  using regular expression

2020-09-08 17:06:16 - [MESSAGE][PASSED] - selected dropdown option by visible text  2022from  expYear

2020-09-08 17:06:16 - [MESSAGE][PASSED] - Object 'Object Repository/CERTPAY_QUICKSTI/Payment_Information_Page/SECURITY_CODE' is present

2020-09-08 17:06:16 - [MESSAGE][PASSED] - Object 'Object Repository/CERTPAY_QUICKSTI/Payment_Information_Page/SECURITY_CODE' is visible

2020-09-08 17:06:17 - [MESSAGE][PASSED] - Object 'Object Repository/CERTPAY_QUICKSTI/Payment_Information_Page/SECURITY_CODE' is present

2020-09-08 17:06:18 - [MESSAGE][PASSED] - Text '111' is set on object 'Object Repository/CERTPAY_QUICKSTI/Payment_Information_Page/SECURITY_CODE'

2020-09-08 17:06:18 - [MESSAGE][PASSED] - Quicksti.ts:Entered'111 into securityCode

2020-09-08 17:06:18 - [TEST_STEP][PASSED] - utilities.SafeActions.safeType(findTestObject("CERTPAY_QUICKSTI/Payment_Information_Page/ADDRESS"), address, "Address", [pageLoadTime]): Quicksti.ts:Entered'14-2 into Address

2020-09-08 17:06:18 - [MESSAGE][PASSED] - Object 'Object Repository/CERTPAY_QUICKSTI/Payment_Information_Page/ADDRESS' is present

2020-09-08 17:06:19 - [MESSAGE][PASSED] - Object 'Object Repository/CERTPAY_QUICKSTI/Payment_Information_Page/ADDRESS' is visible

2020-09-08 17:06:19 - [MESSAGE][PASSED] - Object 'Object Repository/CERTPAY_QUICKSTI/Payment_Information_Page/ADDRESS' is present

2020-09-08 17:06:20 - [MESSAGE][PASSED] - Text '14-2' is set on object 'Object Repository/CERTPAY_QUICKSTI/Payment_Information_Page/ADDRESS'

2020-09-08 17:06:20 - [MESSAGE][PASSED] - Quicksti.ts:Entered'14-2 into Address

2020-09-08 17:06:20 - [TEST_STEP][PASSED] - utilities.SafeActions.safeType(findTestObject("CERTPAY_QUICKSTI/Payment_Information_Page/ZIP_CODE"), zipCode, "zipcode", [pageLoadTime]): Quicksti.ts:Entered'76102 into zipcode

2020-09-08 17:06:21 - [MESSAGE][PASSED] - Object 'Object Repository/CERTPAY_QUICKSTI/Payment_Information_Page/ZIP_CODE' is present

2020-09-08 17:06:21 - [MESSAGE][PASSED] - Object 'Object Repository/CERTPAY_QUICKSTI/Payment_Information_Page/ZIP_CODE' is visible

2020-09-08 17:06:21 - [MESSAGE][PASSED] - Object 'Object Repository/CERTPAY_QUICKSTI/Payment_Information_Page/ZIP_CODE' is present

2020-09-08 17:06:23 - [MESSAGE][PASSED] - Text '76102' is set on object 'Object Repository/CERTPAY_QUICKSTI/Payment_Information_Page/ZIP_CODE'

2020-09-08 17:06:23 - [MESSAGE][PASSED] - Quicksti.ts:Entered'76102 into zipcode

2020-09-08 17:06:23 - [TEST_STEP][PASSED] - utilities.SafeActions.safeType(findTestObject("CERTPAY_QUICKSTI/Payment_Information_Page/TELEPHONE"), telephone, "Telephone", [pageLoadTime]): Quicksti.ts:Entered'9989897654 into Telephone

2020-09-08 17:06:23 - [MESSAGE][PASSED] - Object 'Object Repository/CERTPAY_QUICKSTI/Payment_Information_Page/TELEPHONE' is present

2020-09-08 17:06:23 - [MESSAGE][PASSED] - Object 'Object Repository/CERTPAY_QUICKSTI/Payment_Information_Page/TELEPHONE' is visible

2020-09-08 17:06:23 - [MESSAGE][PASSED] - Object 'Object Repository/CERTPAY_QUICKSTI/Payment_Information_Page/TELEPHONE' is present

2020-09-08 17:06:25 - [MESSAGE][PASSED] - Text '9989897654' is set on object 'Object Repository/CERTPAY_QUICKSTI/Payment_Information_Page/TELEPHONE'

2020-09-08 17:06:25 - [MESSAGE][PASSED] - Quicksti.ts:Entered'9989897654 into Telephone

2020-09-08 17:06:25 - [TEST_STEP][PASSED] - utilities.SafeActions.safeType(findTestObject("CERTPAY_QUICKSTI/Payment_Information_Page/EMAIL_ADDRESS"), emailAddress, "EMAIL address", [pageLoadTime]): Quicksti.ts:Entered'testing@zenq.com into EMAIL address

2020-09-08 17:06:25 - [MESSAGE][PASSED] - Object 'Object Repository/CERTPAY_QUICKSTI/Payment_Information_Page/EMAIL_ADDRESS' is present

2020-09-08 17:06:25 - [MESSAGE][PASSED] - Object 'Object Repository/CERTPAY_QUICKSTI/Payment_Information_Page/EMAIL_ADDRESS' is visible

2020-09-08 17:06:26 - [MESSAGE][PASSED] - Object 'Object Repository/CERTPAY_QUICKSTI/Payment_Information_Page/EMAIL_ADDRESS' is present

2020-09-08 17:06:27 - [MESSAGE][PASSED] - Text 'testing@zenq.com' is set on object 'Object Repository/CERTPAY_QUICKSTI/Payment_Information_Page/EMAIL_ADDRESS'

2020-09-08 17:06:27 - [MESSAGE][PASSED] - Quicksti.ts:Entered'testing@zenq.com into EMAIL address

2020-09-08 17:06:27 - [TEST_STEP][PASSED] - utilities.SafeActions.safeClick(findTestObject("CERTPAY_QUICKSTI/Payment_Information_Page/NEXT_BUTTON"), "Next", [pageLoadTime]): Quicksti.ts:Clicked on the Next

2020-09-08 17:06:27 - [MESSAGE][INFO] - safeClicking

2020-09-08 17:06:27 - [MESSAGE][PASSED] - Object 'Object Repository/CERTPAY_QUICKSTI/Payment_Information_Page/NEXT_BUTTON' is present

2020-09-08 17:06:28 - [MESSAGE][PASSED] - Object 'Object Repository/CERTPAY_QUICKSTI/Payment_Information_Page/NEXT_BUTTON' is clickable

2020-09-08 17:06:31 - [MESSAGE][PASSED] - Object: 'Object Repository/CERTPAY_QUICKSTI/Payment_Information_Page/NEXT_BUTTON' is clicked on

2020-09-08 17:06:31 - [MESSAGE][PASSED] - Quicksti.ts:Clicked on the Next

2020-09-08 17:06:31 - [TEST_STEP][PASSED] - pages.Quicksti.verifyUserPaymentDetails(amountList.get(0), firstName, lastName, CardNumber): pages.Quicksti.verifyUserPaymentDetails is PASSED

2020-09-08 17:06:32 - [MESSAGE][PASSED] - Text of object 'Object Repository/CERTPAY_QUICKSTI/Payment_Details_Verification_Page/AMOUNT' is: '$45.00'

2020-09-08 17:06:32 - [MESSAGE][PASSED] - Actual text '45.00' and expected text '45.00' are matched  using regular expression

2020-09-08 17:06:32 - [MESSAGE][PASSED] - Text of object 'Object Repository/CERTPAY_QUICKSTI/Payment_Details_Verification_Page/NAME' is: 'Tester Zenq1'

2020-09-08 17:06:32 - [MESSAGE][PASSED] - Actual text 'Tester Zenq1' and expected text 'Tester Zenq1' are matched  using regular expression

2020-09-08 17:06:33 - [MESSAGE][PASSED] - Text of object 'Object Repository/CERTPAY_QUICKSTI/Payment_Details_Verification_Page/CARD_NUMBER' is: '...1006'

2020-09-08 17:06:33 - [MESSAGE][PASSED] - Actual text '1006' and expected text '1006' are matched  using regular expression

2020-09-08 17:06:33 - [MESSAGE][PASSED] - pages.Quicksti.verifyUserPaymentDetails is PASSED

2020-09-08 17:06:33 - [TEST_STEP][PASSED] - scrollToElement(findTestObject("CERTPAY_QUICKSTI/Payment_Details_Verification_Page/PROCESS"), 30): Scroll to object 'Object Repository/CERTPAY_QUICKSTI/Payment_Details_Verification_Page/PROCESS' successfully

2020-09-08 17:06:33 - [MESSAGE][PASSED] - Scroll to object 'Object Repository/CERTPAY_QUICKSTI/Payment_Details_Verification_Page/PROCESS' successfully

2020-09-08 17:06:33 - [TEST_STEP][PASSED] - utilities.SafeActions.safeClick(findTestObject("CERTPAY_QUICKSTI/Payment_Details_Verification_Page/PROCESS"), "Process", [pageLoadTime]): Quicksti.ts:Clicked on the Process

2020-09-08 17:06:33 - [MESSAGE][INFO] - safeClicking

2020-09-08 17:06:33 - [MESSAGE][PASSED] - Object 'Object Repository/CERTPAY_QUICKSTI/Payment_Details_Verification_Page/PROCESS' is present

2020-09-08 17:06:34 - [MESSAGE][PASSED] - Object 'Object Repository/CERTPAY_QUICKSTI/Payment_Details_Verification_Page/PROCESS' is clickable

2020-09-08 17:06:38 - [MESSAGE][PASSED] - Object: 'Object Repository/CERTPAY_QUICKSTI/Payment_Details_Verification_Page/PROCESS' is clicked on

2020-09-08 17:06:38 - [MESSAGE][PASSED] - Quicksti.ts:Clicked on the Process

2020-09-08 17:06:38 - [TEST_STEP][PASSED] - paymentId = pages.Quicksti.verifyPaymentApproval(findTestObject("CERTPAY_QUICKSTI/Payment_Details_Verification_Page/APPROVED")): Payment is approved

2020-09-08 17:06:39 - [MESSAGE][PASSED] - Text of object 'Object Repository/CERTPAY_QUICKSTI/Payment_Details_Verification_Page/PAYMENT_ID' is: '100176112433'

2020-09-08 17:06:39 - [MESSAGE][PASSED] - Object 'Object Repository/CERTPAY_QUICKSTI/Payment_Details_Verification_Page/APPROVED' is present

2020-09-08 17:06:39 - [MESSAGE][PASSED] - Payment is approved

2020-09-08 17:06:41 - [TEST_STEP][PASSED] - navigateToUrl(Admin_url): Navigate to 'https://qa-certpayadmin.faps.net' successfully

2020-09-08 17:06:47 - [MESSAGE][PASSED] - Navigate to 'https://qa-certpayadmin.faps.net' successfully

2020-09-08 17:06:47 - [TEST_STEP][PASSED] - pages.Bureau_Login_Page.loginToAdminSite(AdminUsername, AdminPassword): Quicksti.ts:Clicked on the LOGIN

2020-09-08 17:06:48 - [MESSAGE][PASSED] - Object 'Object Repository/CERTPAY_ADMIN/USER_NAME' is present

2020-09-08 17:06:48 - [MESSAGE][PASSED] - Object 'Object Repository/CERTPAY_ADMIN/USER_NAME' is visible

2020-09-08 17:06:48 - [MESSAGE][PASSED] - Object 'Object Repository/CERTPAY_ADMIN/USER_NAME' is present

2020-09-08 17:06:50 - [MESSAGE][PASSED] - Text 'VVangiliappan' is set on object 'Object Repository/CERTPAY_ADMIN/USER_NAME'

2020-09-08 17:06:50 - [MESSAGE][PASSED] - Quicksti.ts:Entered'VVangiliappan into username

2020-09-08 17:06:50 - [MESSAGE][PASSED] - Object 'Object Repository/CERTPAY_ADMIN/PASSWORD' is present

2020-09-08 17:06:50 - [MESSAGE][PASSED] - Object 'Object Repository/CERTPAY_ADMIN/PASSWORD' is visible

2020-09-08 17:06:50 - [MESSAGE][PASSED] - Object 'Object Repository/CERTPAY_ADMIN/PASSWORD' is present

2020-09-08 17:06:52 - [MESSAGE][PASSED] - Text 'Knila@12345' is set on object 'Object Repository/CERTPAY_ADMIN/PASSWORD'

2020-09-08 17:06:52 - [MESSAGE][PASSED] - Quicksti.ts:Entered'Knila@12345 into password

2020-09-08 17:06:52 - [MESSAGE][INFO] - safeClicking

2020-09-08 17:06:52 - [MESSAGE][PASSED] - Object 'Object Repository/CERTPAY_ADMIN/LOGIN_BUTTON' is present

2020-09-08 17:06:52 - [MESSAGE][PASSED] - Object 'Object Repository/CERTPAY_ADMIN/LOGIN_BUTTON' is clickable

2020-09-08 17:07:00 - [MESSAGE][PASSED] - Object: 'Object Repository/CERTPAY_ADMIN/LOGIN_BUTTON' is clicked on

2020-09-08 17:07:00 - [MESSAGE][PASSED] - Quicksti.ts:Clicked on the LOGIN

2020-09-08 17:07:00 - [TEST_STEP][PASSED] - utilities.SafeActions.safeClick(findTestObject("CERTPAY_ADMIN/TRANSACTION_SEARCH"), "TransactionSearch", [pageLoadTime]): Quicksti.ts:Clicked on the TransactionSearch

2020-09-08 17:07:00 - [MESSAGE][INFO] - safeClicking

2020-09-08 17:07:00 - [MESSAGE][PASSED] - Object 'Object Repository/CERTPAY_ADMIN/TRANSACTION_SEARCH' is present

2020-09-08 17:07:01 - [MESSAGE][PASSED] - Object 'Object Repository/CERTPAY_ADMIN/TRANSACTION_SEARCH' is clickable

2020-09-08 17:07:03 - [MESSAGE][PASSED] - Object: 'Object Repository/CERTPAY_ADMIN/TRANSACTION_SEARCH' is clicked on

2020-09-08 17:07:03 - [MESSAGE][PASSED] - Quicksti.ts:Clicked on the TransactionSearch

2020-09-08 17:07:03 - [TEST_STEP][PASSED] - utilities.SafeActions.safeType(findTestObject("CERTPAY_ADMIN/PAYMENT_ID"), paymentId, "Payment id", [pageLoadTime]): Quicksti.ts:Entered'100176112433 into Payment id

2020-09-08 17:07:03 - [MESSAGE][PASSED] - Object 'Object Repository/CERTPAY_ADMIN/PAYMENT_ID' is present

2020-09-08 17:07:04 - [MESSAGE][PASSED] - Object 'Object Repository/CERTPAY_ADMIN/PAYMENT_ID' is visible

2020-09-08 17:07:04 - [MESSAGE][PASSED] - Object 'Object Repository/CERTPAY_ADMIN/PAYMENT_ID' is present

2020-09-08 17:07:05 - [MESSAGE][PASSED] - Text '100176112433' is set on object 'Object Repository/CERTPAY_ADMIN/PAYMENT_ID'

2020-09-08 17:07:05 - [MESSAGE][PASSED] - Quicksti.ts:Entered'100176112433 into Payment id

2020-09-08 17:07:05 - [TEST_STEP][PASSED] - utilities.SafeActions.safeClick(findTestObject("CERTPAY_ADMIN/GO_BUTTON"), "Go button", [pageLoadTime]): Quicksti.ts:Clicked on the Go button

2020-09-08 17:07:05 - [MESSAGE][INFO] - safeClicking

2020-09-08 17:07:06 - [MESSAGE][PASSED] - Object 'Object Repository/CERTPAY_ADMIN/GO_BUTTON' is present

2020-09-08 17:07:06 - [MESSAGE][PASSED] - Object 'Object Repository/CERTPAY_ADMIN/GO_BUTTON' is clickable

2020-09-08 17:07:10 - [MESSAGE][PASSED] - Object: 'Object Repository/CERTPAY_ADMIN/GO_BUTTON' is clicked on

2020-09-08 17:07:10 - [MESSAGE][PASSED] - Quicksti.ts:Clicked on the Go button

2020-09-08 17:07:10 - [TEST_STEP][PASSED] - delay(5): Delayed 5 second(s)

2020-09-08 17:07:15 - [MESSAGE][PASSED] - Delayed 5 second(s)

2020-09-08 17:07:15 - [TEST_STEP][PASSED] - scrollToPosition(800, 900): Browser is scrolled to position x = 800, y = 900

2020-09-08 17:07:15 - [MESSAGE][PASSED] - Browser is scrolled to position x = 800, y = 900

2020-09-08 17:07:15 - [TEST_STEP][PASSED] - paymentIdList.add(paymentId): null

2020-09-08 17:07:15 - [TEST_STEP][PASSED] - println(paymentIdList): null

2020-09-08 17:07:15 - [TEST_STEP][PASSED] - return paymentIdList: null

2020-09-08 17:07:15 - [TEST_STEP][PASSED] - Start listener action : afterTestCase: Browser is closed

2020-09-08 17:07:15 - [TEST_STEP][PASSED] - closeBrowser(): Browser is closed

2020-09-08 17:07:16 - [MESSAGE][PASSED] - Browser is closed]]></system-out>
         <system-err><![CDATA[]]></system-err>
      </testcase>
      <system-out><![CDATA[2020-09-08 16:18:44 - [TEST_SUITE][PASSED] - Quicksti: Test Cases/Certpay_Quicksti/TC_005_MultiBureauSite_MultiBureaus_MultiLinePayments]]></system-out>
      <system-err><![CDATA[]]></system-err>
   </testsuite>
</testsuites>
