<?xml version="1.0" encoding="UTF-8"?>
<testsuites name="Consumer_Payment_Making" time="183.579" tests="1" failures="0" errors="0">
   <testsuite name="Consumer_Payment_Making" tests="1" failures="0" errors="0" time="183.579" timestamp="2020-09-02 15:35:12" hostname="admin - SYS8" id="Test Suites/Certpay_testSuite/Consumer_Payment_Making">
      <properties>
         <property name="deviceName" value=""/>
         <property name="devicePlatform" value=""/>
         <property name="logFolder" value="C:\\Users\\admin\\git\\Sush_Certpay\\Reports\\20200902_153507\\Certpay_testSuite\\Consumer_Payment_Making\\20200902_153507"/>
         <property name="logFiles" value="C:\\Users\\admin\\git\\Sush_Certpay\\Reports\\20200902_153507\\Certpay_testSuite\\Consumer_Payment_Making\\20200902_153507\\execution0.log"/>
         <property name="attachments" value="C:\\Users\\admin\\git\\Sush_Certpay\\Reports\\20200902_153507\\Certpay_testSuite\\Consumer_Payment_Making\\20200902_153507\\1599041274546.png"/>
         <property name="hostName" value="admin - SYS8"/>
         <property name="os" value="Windows 10 32bit"/>
         <property name="katalonVersion" value="7.1.2.1"/>
         <property name="browser" value="Chrome 84.0.4147.135"/>
         <property name="hostAddress" value="172.31.253.251"/>
         <property name="sessionId" value="981665bd0c50bc8c6eedd13eba373ef4"/>
         <property name="seleniumVersion" value="3.141.59"/>
         <property name="proxyInformation" value="ProxyInformation{proxyOption=NO_PROXY, proxyServerType=HTTP, password=, proxyServerAddress=, proxyServerPort=0, executionList=}"/>
         <property name="platform" value="Windows 10"/>
      </properties>
      <testcase name="Test Cases/Consumer_Make_Payment/TC_006_Echeck_Savings_MultiLine_Payment" time="183.063" classname="Test Cases/Consumer_Make_Payment/TC_006_Echeck_Savings_MultiLine_Payment" status="PASSED">
         <system-out><![CDATA[2020-09-02 15:35:13 - [TEST_CASE][PASSED] - Test Cases/Consumer_Make_Payment/TC_006_Echeck_Savings_MultiLine_Payment: Test Cases/Consumer_Make_Payment/TC_006_Echeck_Savings_MultiLine_Payment

2020-09-02 15:35:13 - [TEST_STEP][PASSED] - Start listener action : beforeTestCase: null

2020-09-02 15:35:14 - [TEST_STEP][PASSED] - utilities.SafeActions.openBrowser(certpay_url, [pageLoadTime]): Browser launched successfully

2020-09-02 15:35:14 - [MESSAGE][INFO] - Opening Browser

2020-09-02 15:35:14 - [MESSAGE][INFO] - Starting 'Chrome' driver

2020-09-02 15:35:14 - [MESSAGE][INFO] - Action delay is set to 0 seconds

2020-09-02 15:35:24 - [MESSAGE][PASSED] - Browser is opened with url: 'https://qa-certpay.faps.net/'

2020-09-02 15:35:26 - [MESSAGE][PASSED] - Current window maximized

2020-09-02 15:35:26 - [MESSAGE][PASSED] - Browser launched successfully

2020-09-02 15:35:26 - [TEST_STEP][PASSED] - utilities.SafeActions.safeType(findTestObject("MAKE_ PAYMENT/Home_ Page/BUREAU_CODE"), bureauCode, "Bureau code", [pageLoadTime]): Consumer_Payment_Making.ts:Entered'6100000 into Bureau code

2020-09-02 15:35:27 - [MESSAGE][PASSED] - Object 'Object Repository/MAKE_ PAYMENT/Home_ Page/BUREAU_CODE' is present

2020-09-02 15:35:27 - [MESSAGE][PASSED] - Object 'Object Repository/MAKE_ PAYMENT/Home_ Page/BUREAU_CODE' is visible

2020-09-02 15:35:28 - [MESSAGE][PASSED] - Object 'Object Repository/MAKE_ PAYMENT/Home_ Page/BUREAU_CODE' is present

2020-09-02 15:35:29 - [MESSAGE][PASSED] - Text '6100000' is set on object 'Object Repository/MAKE_ PAYMENT/Home_ Page/BUREAU_CODE'

2020-09-02 15:35:29 - [MESSAGE][PASSED] - Consumer_Payment_Making.ts:Entered'6100000 into Bureau code

2020-09-02 15:35:29 - [TEST_STEP][PASSED] - utilities.SafeActions.safeClick(findTestObject("MAKE_ PAYMENT/Home_ Page/BEGIN_PAYMENT"), "Begin payment", [pageLoadTime]): Consumer_Payment_Making.ts:Clicked on the Begin payment

2020-09-02 15:35:29 - [MESSAGE][INFO] - safeClicking

2020-09-02 15:35:30 - [MESSAGE][PASSED] - Object 'Object Repository/MAKE_ PAYMENT/Home_ Page/BEGIN_PAYMENT' is present

2020-09-02 15:35:30 - [MESSAGE][PASSED] - Object 'Object Repository/MAKE_ PAYMENT/Home_ Page/BEGIN_PAYMENT' is clickable

2020-09-02 15:35:34 - [MESSAGE][PASSED] - Object: 'Object Repository/MAKE_ PAYMENT/Home_ Page/BEGIN_PAYMENT' is clicked on

2020-09-02 15:35:34 - [MESSAGE][PASSED] - Consumer_Payment_Making.ts:Clicked on the Begin payment

2020-09-02 15:35:34 - [TEST_STEP][PASSED] - utilities.SafeActions.safeClick(findTestObject("MAKE_ PAYMENT/Home_ Page/NEXT_BUTTON"), "Continue", [pageLoadTime]): Consumer_Payment_Making.ts:Clicked on the Continue

2020-09-02 15:35:34 - [MESSAGE][INFO] - safeClicking

2020-09-02 15:35:35 - [MESSAGE][PASSED] - Object 'Object Repository/MAKE_ PAYMENT/Home_ Page/NEXT_BUTTON' is present

2020-09-02 15:35:35 - [MESSAGE][PASSED] - Object 'Object Repository/MAKE_ PAYMENT/Home_ Page/NEXT_BUTTON' is clickable

2020-09-02 15:35:38 - [MESSAGE][PASSED] - Object: 'Object Repository/MAKE_ PAYMENT/Home_ Page/NEXT_BUTTON' is clicked on

2020-09-02 15:35:38 - [MESSAGE][PASSED] - Consumer_Payment_Making.ts:Clicked on the Continue

2020-09-02 15:35:38 - [TEST_STEP][PASSED] - utilities.SafeActions.safeCheck(findTestObject("MAKE_ PAYMENT/Home_ Page/ELECTRONIC_CHECK"), "Electronic check", [pageLoadTime]): Consumer_Payment_Making.ts:Checkbox 'Electronic check'is selected

2020-09-02 15:35:39 - [MESSAGE][PASSED] - Object 'Object Repository/MAKE_ PAYMENT/Home_ Page/ELECTRONIC_CHECK' is present

2020-09-02 15:35:40 - [MESSAGE][PASSED] - Object 'Object Repository/MAKE_ PAYMENT/Home_ Page/ELECTRONIC_CHECK' is present

2020-09-02 15:35:41 - [MESSAGE][PASSED] - Object: 'Object Repository/MAKE_ PAYMENT/Home_ Page/ELECTRONIC_CHECK' is clicked on

2020-09-02 15:35:41 - [MESSAGE][PASSED] - Consumer_Payment_Making.ts:Checkbox 'Electronic check'is selected

2020-09-02 15:35:41 - [TEST_STEP][PASSED] - pages.Payment_Page.setAmount("1", paymentAmount, "testing", referenceNum): Consumer_Payment_Making.ts:Entered'testing into Comments

2020-09-02 15:35:45 - [MESSAGE][PASSED] - Object '' is present

2020-09-02 15:35:45 - [MESSAGE][PASSED] - Object '' is visible

2020-09-02 15:35:45 - [MESSAGE][PASSED] - Object '' is present

2020-09-02 15:35:46 - [MESSAGE][PASSED] - Text '23.00' is set on object ''

2020-09-02 15:35:46 - [MESSAGE][PASSED] - Consumer_Payment_Making.ts:Entered'23.00 into Amount

2020-09-02 15:35:47 - [MESSAGE][PASSED] - Object '' is present

2020-09-02 15:35:47 - [MESSAGE][PASSED] - Object '' is visible

2020-09-02 15:35:47 - [MESSAGE][PASSED] - Object '' is present

2020-09-02 15:35:49 - [MESSAGE][PASSED] - Text '11' is set on object ''

2020-09-02 15:35:49 - [MESSAGE][PASSED] - Consumer_Payment_Making.ts:Entered'11 into Amount

2020-09-02 15:35:49 - [MESSAGE][PASSED] - Object '' is present

2020-09-02 15:35:49 - [MESSAGE][PASSED] - Object '' is visible

2020-09-02 15:35:50 - [MESSAGE][PASSED] - Object '' is present

2020-09-02 15:35:51 - [MESSAGE][PASSED] - Text 'testing' is set on object ''

2020-09-02 15:35:51 - [MESSAGE][PASSED] - Consumer_Payment_Making.ts:Entered'testing into Comments

2020-09-02 15:35:51 - [TEST_STEP][PASSED] - utilities.SafeActions.safeClick(findTestObject("MAKE_ PAYMENT/Home_ Page/ADD_ANOTHER_PROPERTY"), "Multi-Payment", [pageLoadTime]): Consumer_Payment_Making.ts:Clicked on the Multi-Payment

2020-09-02 15:35:51 - [MESSAGE][INFO] - safeClicking

2020-09-02 15:35:51 - [MESSAGE][PASSED] - Object 'Object Repository/MAKE_ PAYMENT/Home_ Page/ADD_ANOTHER_PROPERTY' is present

2020-09-02 15:35:52 - [MESSAGE][PASSED] - Object 'Object Repository/MAKE_ PAYMENT/Home_ Page/ADD_ANOTHER_PROPERTY' is clickable

2020-09-02 15:35:55 - [MESSAGE][PASSED] - Object: 'Object Repository/MAKE_ PAYMENT/Home_ Page/ADD_ANOTHER_PROPERTY' is clicked on

2020-09-02 15:35:55 - [MESSAGE][PASSED] - Consumer_Payment_Making.ts:Clicked on the Multi-Payment

2020-09-02 15:35:55 - [TEST_STEP][PASSED] - pages.Payment_Page.setAmount("2", paymentAmount2, "Payment for testing", referenceNum): Consumer_Payment_Making.ts:Entered'Payment for testing into Comments

2020-09-02 15:35:56 - [MESSAGE][PASSED] - Object '' is present

2020-09-02 15:35:56 - [MESSAGE][PASSED] - Object '' is visible

2020-09-02 15:35:57 - [MESSAGE][PASSED] - Object '' is present

2020-09-02 15:35:58 - [MESSAGE][PASSED] - Text '33.00' is set on object ''

2020-09-02 15:35:58 - [MESSAGE][PASSED] - Consumer_Payment_Making.ts:Entered'33.00 into Amount

2020-09-02 15:35:58 - [MESSAGE][PASSED] - Object '' is present

2020-09-02 15:35:59 - [MESSAGE][PASSED] - Object '' is visible

2020-09-02 15:35:59 - [MESSAGE][PASSED] - Object '' is present

2020-09-02 15:36:00 - [MESSAGE][PASSED] - Text '11' is set on object ''

2020-09-02 15:36:00 - [MESSAGE][PASSED] - Consumer_Payment_Making.ts:Entered'11 into Amount

2020-09-02 15:36:00 - [MESSAGE][PASSED] - Object '' is present

2020-09-02 15:36:01 - [MESSAGE][PASSED] - Object '' is visible

2020-09-02 15:36:01 - [MESSAGE][PASSED] - Object '' is present

2020-09-02 15:36:03 - [MESSAGE][PASSED] - Text 'Payment for testing' is set on object ''

2020-09-02 15:36:03 - [MESSAGE][PASSED] - Consumer_Payment_Making.ts:Entered'Payment for testing into Comments

2020-09-02 15:36:03 - [TEST_STEP][PASSED] - utilities.SafeActions.safeSelectOptionInDropdownByVisibleText(findTestObject("MAKE_ PAYMENT/Home_ Page/PAYMENT_TYPE"), paymentType, "Payment Type", [pageLoadTime]): selected dropdown option by visible text  Giftsfrom Payment Type

2020-09-02 15:36:03 - [MESSAGE][PASSED] - Object 'Object Repository/MAKE_ PAYMENT/Home_ Page/PAYMENT_TYPE' is visible

2020-09-02 15:36:03 - [MESSAGE][PASSED] - Object 'Object Repository/MAKE_ PAYMENT/Home_ Page/PAYMENT_TYPE' is present

2020-09-02 15:36:04 - [MESSAGE][PASSED] - Object: 'Object Repository/MAKE_ PAYMENT/Home_ Page/PAYMENT_TYPE' is clicked on

2020-09-02 15:36:06 - [MESSAGE][PASSED] - All options with label 'Gifts' are selected in object 'Object Repository/MAKE_ PAYMENT/Home_ Page/PAYMENT_TYPE'  using regular expression

2020-09-02 15:36:06 - [MESSAGE][PASSED] - selected dropdown option by visible text  Giftsfrom Payment Type

2020-09-02 15:36:06 - [TEST_STEP][PASSED] - utilities.SafeActions.safeClick(findTestObject("MAKE_ PAYMENT/Home_ Page/CONTINUE"), "Continue", [pageLoadTime]): Consumer_Payment_Making.ts:Clicked on the Continue

2020-09-02 15:36:06 - [MESSAGE][INFO] - safeClicking

2020-09-02 15:36:06 - [MESSAGE][PASSED] - Object 'Object Repository/MAKE_ PAYMENT/Home_ Page/CONTINUE' is present

2020-09-02 15:36:06 - [MESSAGE][PASSED] - Object 'Object Repository/MAKE_ PAYMENT/Home_ Page/CONTINUE' is clickable

2020-09-02 15:36:10 - [MESSAGE][PASSED] - Object: 'Object Repository/MAKE_ PAYMENT/Home_ Page/CONTINUE' is clicked on

2020-09-02 15:36:10 - [MESSAGE][PASSED] - Consumer_Payment_Making.ts:Clicked on the Continue

2020-09-02 15:36:10 - [TEST_STEP][PASSED] - pages.Payment_Page.setPersonalDetails(firstName, lastName, telephone): Consumer_Payment_Making.ts:Entered'9988676754 into Telephone

2020-09-02 15:36:11 - [MESSAGE][PASSED] - Object 'Object Repository/MAKE_ PAYMENT/Consumer_Personal_ Details/FIRST_NAME' is present

2020-09-02 15:36:11 - [MESSAGE][PASSED] - Object 'Object Repository/MAKE_ PAYMENT/Consumer_Personal_ Details/FIRST_NAME' is visible

2020-09-02 15:36:12 - [MESSAGE][PASSED] - Object 'Object Repository/MAKE_ PAYMENT/Consumer_Personal_ Details/FIRST_NAME' is present

2020-09-02 15:36:13 - [MESSAGE][PASSED] - Text 'Imran' is set on object 'Object Repository/MAKE_ PAYMENT/Consumer_Personal_ Details/FIRST_NAME'

2020-09-02 15:36:13 - [MESSAGE][PASSED] - Consumer_Payment_Making.ts:Entered'Imran into FirstName

2020-09-02 15:36:13 - [MESSAGE][PASSED] - Object 'Object Repository/MAKE_ PAYMENT/Consumer_Personal_ Details/LAST_NAME' is present

2020-09-02 15:36:14 - [MESSAGE][PASSED] - Object 'Object Repository/MAKE_ PAYMENT/Consumer_Personal_ Details/LAST_NAME' is visible

2020-09-02 15:36:14 - [MESSAGE][PASSED] - Object 'Object Repository/MAKE_ PAYMENT/Consumer_Personal_ Details/LAST_NAME' is present

2020-09-02 15:36:15 - [MESSAGE][PASSED] - Text 'shahi' is set on object 'Object Repository/MAKE_ PAYMENT/Consumer_Personal_ Details/LAST_NAME'

2020-09-02 15:36:15 - [MESSAGE][PASSED] - Consumer_Payment_Making.ts:Entered'shahi into LastName

2020-09-02 15:36:15 - [MESSAGE][PASSED] - Object 'Object Repository/MAKE_ PAYMENT/Consumer_Personal_ Details/TELEPHONE' is present

2020-09-02 15:36:16 - [MESSAGE][PASSED] - Object 'Object Repository/MAKE_ PAYMENT/Consumer_Personal_ Details/TELEPHONE' is visible

2020-09-02 15:36:16 - [MESSAGE][PASSED] - Object 'Object Repository/MAKE_ PAYMENT/Consumer_Personal_ Details/TELEPHONE' is present

2020-09-02 15:36:17 - [MESSAGE][PASSED] - Text '9988676754' is set on object 'Object Repository/MAKE_ PAYMENT/Consumer_Personal_ Details/TELEPHONE'

2020-09-02 15:36:17 - [MESSAGE][PASSED] - Consumer_Payment_Making.ts:Entered'9988676754 into Telephone

2020-09-02 15:36:17 - [TEST_STEP][PASSED] - pages.Payment_Page.setLocationDetails(address, zipCode): Consumer_Payment_Making.ts:Entered'76102 into ZipCode

2020-09-02 15:36:18 - [MESSAGE][PASSED] - Object 'Object Repository/MAKE_ PAYMENT/Consumer_Personal_ Details/ADDRESS' is present

2020-09-02 15:36:18 - [MESSAGE][PASSED] - Object 'Object Repository/MAKE_ PAYMENT/Consumer_Personal_ Details/ADDRESS' is visible

2020-09-02 15:36:18 - [MESSAGE][PASSED] - Object 'Object Repository/MAKE_ PAYMENT/Consumer_Personal_ Details/ADDRESS' is present

2020-09-02 15:36:20 - [MESSAGE][PASSED] - Text '14-3' is set on object 'Object Repository/MAKE_ PAYMENT/Consumer_Personal_ Details/ADDRESS'

2020-09-02 15:36:20 - [MESSAGE][PASSED] - Consumer_Payment_Making.ts:Entered'14-3 into Address

2020-09-02 15:36:20 - [MESSAGE][PASSED] - Object 'Object Repository/MAKE_ PAYMENT/Consumer_Personal_ Details/ZIP_CODE' is present

2020-09-02 15:36:20 - [MESSAGE][PASSED] - Object 'Object Repository/MAKE_ PAYMENT/Consumer_Personal_ Details/ZIP_CODE' is visible

2020-09-02 15:36:21 - [MESSAGE][PASSED] - Object 'Object Repository/MAKE_ PAYMENT/Consumer_Personal_ Details/ZIP_CODE' is present

2020-09-02 15:36:22 - [MESSAGE][PASSED] - Text '76102' is set on object 'Object Repository/MAKE_ PAYMENT/Consumer_Personal_ Details/ZIP_CODE'

2020-09-02 15:36:22 - [MESSAGE][PASSED] - Consumer_Payment_Making.ts:Entered'76102 into ZipCode

2020-09-02 15:36:22 - [TEST_STEP][PASSED] - pages.Payment_Page.clickOnElement(findTestObject("MAKE_ PAYMENT/Home_ Page/CONTINUE")): pages.Payment_Page.clickOnElement is PASSED

2020-09-02 15:36:25 - [MESSAGE][PASSED] - Execute JavaScript 'arguments[0].click()' successfully

2020-09-02 15:36:25 - [MESSAGE][PASSED] - pages.Payment_Page.clickOnElement is PASSED

2020-09-02 15:36:25 - [TEST_STEP][PASSED] - utilities.SafeActions.safeCheck(findTestObject("MAKE_ PAYMENT/Consumer_Personal_ Details/CheckBox"), "Billing CheckBox", [pageLoadTime]): Consumer_Payment_Making.ts:Checkbox 'Billing CheckBox'is selected

2020-09-02 15:36:27 - [MESSAGE][PASSED] - Object 'Object Repository/MAKE_ PAYMENT/Consumer_Personal_ Details/CheckBox' is present

2020-09-02 15:36:29 - [MESSAGE][PASSED] - Object 'Object Repository/MAKE_ PAYMENT/Consumer_Personal_ Details/CheckBox' is present

2020-09-02 15:36:39 - [MESSAGE][PASSED] - Object: 'Object Repository/MAKE_ PAYMENT/Consumer_Personal_ Details/CheckBox' is clicked on

2020-09-02 15:36:39 - [MESSAGE][PASSED] - Consumer_Payment_Making.ts:Checkbox 'Billing CheckBox'is selected

2020-09-02 15:36:39 - [TEST_STEP][PASSED] - waitForPageLoad(2): Wait for page load successfully

2020-09-02 15:36:39 - [MESSAGE][PASSED] - Wait for page load successfully

2020-09-02 15:36:39 - [TEST_STEP][PASSED] - utilities.SafeActions.safeClick(findTestObject("MAKE_ PAYMENT/Home_ Page/CONTINUE"), "Continue", [pageLoadTime]): Consumer_Payment_Making.ts:Clicked on the Continue

2020-09-02 15:36:39 - [MESSAGE][INFO] - safeClicking

2020-09-02 15:36:46 - [MESSAGE][PASSED] - Object 'Object Repository/MAKE_ PAYMENT/Home_ Page/CONTINUE' is present

2020-09-02 15:36:48 - [MESSAGE][PASSED] - Object 'Object Repository/MAKE_ PAYMENT/Home_ Page/CONTINUE' is clickable

2020-09-02 15:36:53 - [MESSAGE][PASSED] - Object: 'Object Repository/MAKE_ PAYMENT/Home_ Page/CONTINUE' is clicked on

2020-09-02 15:36:53 - [MESSAGE][PASSED] - Consumer_Payment_Making.ts:Clicked on the Continue

2020-09-02 15:36:53 - [TEST_STEP][PASSED] - utilities.SafeActions.safeCheck(findTestObject("MAKE_ PAYMENT/Consumer_Personal_ Details/ACC_TYPE_SAVINGS"), "Savings", [pageLoadTime]): Consumer_Payment_Making.ts:Checkbox 'Savings'is selected

2020-09-02 15:36:54 - [MESSAGE][PASSED] - Object 'Object Repository/MAKE_ PAYMENT/Consumer_Personal_ Details/ACC_TYPE_SAVINGS' is present

2020-09-02 15:36:55 - [MESSAGE][PASSED] - Object 'Object Repository/MAKE_ PAYMENT/Consumer_Personal_ Details/ACC_TYPE_SAVINGS' is present

2020-09-02 15:36:56 - [MESSAGE][PASSED] - Object: 'Object Repository/MAKE_ PAYMENT/Consumer_Personal_ Details/ACC_TYPE_SAVINGS' is clicked on

2020-09-02 15:36:56 - [MESSAGE][PASSED] - Consumer_Payment_Making.ts:Checkbox 'Savings'is selected

2020-09-02 15:36:56 - [TEST_STEP][PASSED] - pages.Payment_Page.setElectronicCheckInformation(findTestObject("MAKE_ PAYMENT/Consumer_Personal_ Details/CHECKING_ACCOUNT_NUMBER"), findTestObject("MAKE_ PAYMENT/Consumer_Personal_ Details/CONFIRM_CHECKING_ACC_NUM"), routingNum, checkingAccNum): Consumer_Payment_Making.ts:Entered'456789 into ConfirmCheckAccNum

2020-09-02 15:36:57 - [MESSAGE][PASSED] - Object 'Object Repository/MAKE_ PAYMENT/Consumer_Personal_ Details/ROUTING_NUMBER' is present

2020-09-02 15:36:57 - [MESSAGE][PASSED] - Object 'Object Repository/MAKE_ PAYMENT/Consumer_Personal_ Details/ROUTING_NUMBER' is visible

2020-09-02 15:36:57 - [MESSAGE][PASSED] - Object 'Object Repository/MAKE_ PAYMENT/Consumer_Personal_ Details/ROUTING_NUMBER' is present

2020-09-02 15:36:59 - [MESSAGE][PASSED] - Text '111000025' is set on object 'Object Repository/MAKE_ PAYMENT/Consumer_Personal_ Details/ROUTING_NUMBER'

2020-09-02 15:36:59 - [MESSAGE][PASSED] - Consumer_Payment_Making.ts:Entered'111000025 into RoutingNumber

2020-09-02 15:36:59 - [MESSAGE][PASSED] - Object 'Object Repository/MAKE_ PAYMENT/Consumer_Personal_ Details/CHECKING_ACCOUNT_NUMBER' is present

2020-09-02 15:36:59 - [MESSAGE][PASSED] - Object 'Object Repository/MAKE_ PAYMENT/Consumer_Personal_ Details/CHECKING_ACCOUNT_NUMBER' is present

2020-09-02 15:37:00 - [MESSAGE][PASSED] - Object 'Object Repository/MAKE_ PAYMENT/Consumer_Personal_ Details/CHECKING_ACCOUNT_NUMBER' is visible

2020-09-02 15:37:00 - [MESSAGE][PASSED] - Object 'Object Repository/MAKE_ PAYMENT/Consumer_Personal_ Details/CHECKING_ACCOUNT_NUMBER' is present

2020-09-02 15:37:01 - [MESSAGE][PASSED] - Text '456789' is set on object 'Object Repository/MAKE_ PAYMENT/Consumer_Personal_ Details/CHECKING_ACCOUNT_NUMBER'

2020-09-02 15:37:01 - [MESSAGE][PASSED] - Consumer_Payment_Making.ts:Entered'456789 into CheckAccNum

2020-09-02 15:37:02 - [MESSAGE][PASSED] - Object 'Object Repository/MAKE_ PAYMENT/Consumer_Personal_ Details/CONFIRM_CHECKING_ACC_NUM' is present

2020-09-02 15:37:02 - [MESSAGE][PASSED] - Object 'Object Repository/MAKE_ PAYMENT/Consumer_Personal_ Details/CONFIRM_CHECKING_ACC_NUM' is visible

2020-09-02 15:37:02 - [MESSAGE][PASSED] - Object 'Object Repository/MAKE_ PAYMENT/Consumer_Personal_ Details/CONFIRM_CHECKING_ACC_NUM' is present

2020-09-02 15:37:04 - [MESSAGE][PASSED] - Text '456789' is set on object 'Object Repository/MAKE_ PAYMENT/Consumer_Personal_ Details/CONFIRM_CHECKING_ACC_NUM'

2020-09-02 15:37:04 - [MESSAGE][PASSED] - Consumer_Payment_Making.ts:Entered'456789 into ConfirmCheckAccNum

2020-09-02 15:37:04 - [TEST_STEP][PASSED] - utilities.SafeActions.safeType(findTestObject("MAKE_ PAYMENT/Consumer_Personal_ Details/EMAIL_ADDRESS"), emailAddress, "EmailAddress", [pageLoadTime]): Consumer_Payment_Making.ts:Entered'testing@zenq.com into EmailAddress

2020-09-02 15:37:04 - [MESSAGE][PASSED] - Object 'Object Repository/MAKE_ PAYMENT/Consumer_Personal_ Details/EMAIL_ADDRESS' is present

2020-09-02 15:37:04 - [MESSAGE][PASSED] - Object 'Object Repository/MAKE_ PAYMENT/Consumer_Personal_ Details/EMAIL_ADDRESS' is visible

2020-09-02 15:37:05 - [MESSAGE][PASSED] - Object 'Object Repository/MAKE_ PAYMENT/Consumer_Personal_ Details/EMAIL_ADDRESS' is present

2020-09-02 15:37:06 - [MESSAGE][PASSED] - Text 'testing@zenq.com' is set on object 'Object Repository/MAKE_ PAYMENT/Consumer_Personal_ Details/EMAIL_ADDRESS'

2020-09-02 15:37:06 - [MESSAGE][PASSED] - Consumer_Payment_Making.ts:Entered'testing@zenq.com into EmailAddress

2020-09-02 15:37:06 - [TEST_STEP][PASSED] - utilities.SafeActions.safeType(findTestObject("MAKE_ PAYMENT/Consumer_Personal_ Details/SIGNATURE"), firstName, "EmailAddress", [pageLoadTime]): Consumer_Payment_Making.ts:Entered'Imran into EmailAddress

2020-09-02 15:37:06 - [MESSAGE][PASSED] - Object 'Object Repository/MAKE_ PAYMENT/Consumer_Personal_ Details/SIGNATURE' is present

2020-09-02 15:37:07 - [MESSAGE][PASSED] - Object 'Object Repository/MAKE_ PAYMENT/Consumer_Personal_ Details/SIGNATURE' is visible

2020-09-02 15:37:07 - [MESSAGE][PASSED] - Object 'Object Repository/MAKE_ PAYMENT/Consumer_Personal_ Details/SIGNATURE' is present

2020-09-02 15:37:08 - [MESSAGE][PASSED] - Text 'Imran' is set on object 'Object Repository/MAKE_ PAYMENT/Consumer_Personal_ Details/SIGNATURE'

2020-09-02 15:37:08 - [MESSAGE][PASSED] - Consumer_Payment_Making.ts:Entered'Imran into EmailAddress

2020-09-02 15:37:08 - [TEST_STEP][PASSED] - utilities.SafeActions.safeType(findTestObject("MAKE_ PAYMENT/Consumer_Personal_ Details/AGREEMENT"), "Yes", "Agreement", [pageLoadTime]): Consumer_Payment_Making.ts:Entered'Yes into Agreement

2020-09-02 15:37:09 - [MESSAGE][PASSED] - Object 'Object Repository/MAKE_ PAYMENT/Consumer_Personal_ Details/AGREEMENT' is present

2020-09-02 15:37:09 - [MESSAGE][PASSED] - Object 'Object Repository/MAKE_ PAYMENT/Consumer_Personal_ Details/AGREEMENT' is visible

2020-09-02 15:37:09 - [MESSAGE][PASSED] - Object 'Object Repository/MAKE_ PAYMENT/Consumer_Personal_ Details/AGREEMENT' is present

2020-09-02 15:37:11 - [MESSAGE][PASSED] - Text 'Yes' is set on object 'Object Repository/MAKE_ PAYMENT/Consumer_Personal_ Details/AGREEMENT'

2020-09-02 15:37:11 - [MESSAGE][PASSED] - Consumer_Payment_Making.ts:Entered'Yes into Agreement

2020-09-02 15:37:11 - [TEST_STEP][PASSED] - utilities.SafeActions.safeClick(findTestObject("MAKE_ PAYMENT/Home_ Page/CHECK_CONTINUE"), "Continue", [pageLoadTime]): Consumer_Payment_Making.ts:Clicked on the Continue

2020-09-02 15:37:11 - [MESSAGE][INFO] - safeClicking

2020-09-02 15:37:11 - [MESSAGE][PASSED] - Object 'Object Repository/MAKE_ PAYMENT/Home_ Page/CHECK_CONTINUE' is present

2020-09-02 15:37:11 - [MESSAGE][PASSED] - Object 'Object Repository/MAKE_ PAYMENT/Home_ Page/CHECK_CONTINUE' is clickable

2020-09-02 15:37:13 - [MESSAGE][PASSED] - Object: 'Object Repository/MAKE_ PAYMENT/Home_ Page/CHECK_CONTINUE' is clicked on

2020-09-02 15:37:13 - [MESSAGE][PASSED] - Consumer_Payment_Making.ts:Clicked on the Continue

2020-09-02 15:37:13 - [TEST_STEP][PASSED] - utilities.SafeActions.safeClick(findTestObject("MAKE_ PAYMENT/Home_ Page/CONTINUE"), "Continue", [pageLoadTime]): Consumer_Payment_Making.ts:Clicked on the Continue

2020-09-02 15:37:13 - [MESSAGE][INFO] - safeClicking

2020-09-02 15:37:13 - [MESSAGE][PASSED] - Object 'Object Repository/MAKE_ PAYMENT/Home_ Page/CONTINUE' is present

2020-09-02 15:37:13 - [MESSAGE][PASSED] - Object 'Object Repository/MAKE_ PAYMENT/Home_ Page/CONTINUE' is clickable

2020-09-02 15:37:17 - [MESSAGE][PASSED] - Object: 'Object Repository/MAKE_ PAYMENT/Home_ Page/CONTINUE' is clicked on

2020-09-02 15:37:17 - [MESSAGE][PASSED] - Consumer_Payment_Making.ts:Clicked on the Continue

2020-09-02 15:37:17 - [TEST_STEP][PASSED] - utilities.SafeActions.safeClick(findTestObject("MAKE_ PAYMENT/Consumer_Personal_ Details/I_AGREE"), "I agree", [pageLoadTime]): Consumer_Payment_Making.ts:Clicked on the I agree

2020-09-02 15:37:17 - [MESSAGE][INFO] - safeClicking

2020-09-02 15:37:18 - [MESSAGE][PASSED] - Object 'Object Repository/MAKE_ PAYMENT/Consumer_Personal_ Details/I_AGREE' is present

2020-09-02 15:37:18 - [MESSAGE][PASSED] - Object 'Object Repository/MAKE_ PAYMENT/Consumer_Personal_ Details/I_AGREE' is clickable

2020-09-02 15:37:21 - [MESSAGE][PASSED] - Object: 'Object Repository/MAKE_ PAYMENT/Consumer_Personal_ Details/I_AGREE' is clicked on

2020-09-02 15:37:21 - [MESSAGE][PASSED] - Consumer_Payment_Making.ts:Clicked on the I agree

2020-09-02 15:37:21 - [TEST_STEP][PASSED] - pages.Payment_Page.verifyUserDetails(firstName, lastName, emailAddress, "", "Savings"): pages.Payment_Page.verifyUserDetails is PASSED

2020-09-02 15:37:21 - [MESSAGE][PASSED] - Scroll to object 'Object Repository/MAKE_ PAYMENT/Verification_ Details/FIRST_NAME' successfully

2020-09-02 15:37:22 - [MESSAGE][PASSED] - Text of object 'Object Repository/MAKE_ PAYMENT/Verification_ Details/FIRST_NAME' is: 'Imran'

2020-09-02 15:37:22 - [MESSAGE][PASSED] - Actual text 'Imran' and expected text 'Imran' are matched  using regular expression

2020-09-02 15:37:22 - [MESSAGE][PASSED] - Text of object 'Object Repository/MAKE_ PAYMENT/Verification_ Details/LAST_NAME' is: 'shahi'

2020-09-02 15:37:22 - [MESSAGE][PASSED] - Actual text 'shahi' and expected text 'shahi' are matched  using regular expression

2020-09-02 15:37:25 - [MESSAGE][PASSED] - Text of object 'Object Repository/MAKE_ PAYMENT/Verification_ Details/EMAIL_ADDRESS' is: 'testing@zenq.com'

2020-09-02 15:37:25 - [MESSAGE][PASSED] - Actual text 'testing@zenq.com' and expected text 'testing@zenq.com' are matched  using regular expression

2020-09-02 15:37:25 - [MESSAGE][PASSED] - Text of object 'Object Repository/MAKE_ PAYMENT/Verification_ Details/ACH_ACC_TYPE' is: 'Savings'

2020-09-02 15:37:25 - [MESSAGE][PASSED] - Actual text 'Savings' and expected text 'Savings' are matched  using regular expression

2020-09-02 15:37:26 - [MESSAGE][PASSED] - pages.Payment_Page.verifyUserDetails is PASSED

2020-09-02 15:37:26 - [TEST_STEP][PASSED] - utilities.SafeActions.safeClick(findTestObject("MAKE_ PAYMENT/Verification_ Details/PROCESS_PAYMENT"), "Process Payment", [pageLoadTime]): Consumer_Payment_Making.ts:Clicked on the Process Payment

2020-09-02 15:37:26 - [MESSAGE][INFO] - safeClicking

2020-09-02 15:37:26 - [MESSAGE][PASSED] - Object 'Object Repository/MAKE_ PAYMENT/Verification_ Details/PROCESS_PAYMENT' is present

2020-09-02 15:37:27 - [MESSAGE][PASSED] - Object 'Object Repository/MAKE_ PAYMENT/Verification_ Details/PROCESS_PAYMENT' is clickable

2020-09-02 15:37:28 - [MESSAGE][PASSED] - Object: 'Object Repository/MAKE_ PAYMENT/Verification_ Details/PROCESS_PAYMENT' is clicked on

2020-09-02 15:37:28 - [MESSAGE][PASSED] - Consumer_Payment_Making.ts:Clicked on the Process Payment

2020-09-02 15:37:28 - [TEST_STEP][PASSED] - utilities.SafeActions.safeClick(findTestObject("MAKE_ PAYMENT/Verification_ Details/YES_BUTTON"), "yes button", [pageLoadTime]): Consumer_Payment_Making.ts:Clicked on the yes button

2020-09-02 15:37:28 - [MESSAGE][INFO] - safeClicking

2020-09-02 15:37:29 - [MESSAGE][PASSED] - Object 'Object Repository/MAKE_ PAYMENT/Verification_ Details/YES_BUTTON' is present

2020-09-02 15:37:29 - [MESSAGE][PASSED] - Object 'Object Repository/MAKE_ PAYMENT/Verification_ Details/YES_BUTTON' is clickable

2020-09-02 15:37:33 - [MESSAGE][PASSED] - Object: 'Object Repository/MAKE_ PAYMENT/Verification_ Details/YES_BUTTON' is clicked on

2020-09-02 15:37:33 - [MESSAGE][PASSED] - Consumer_Payment_Making.ts:Clicked on the yes button

2020-09-02 15:37:33 - [TEST_STEP][PASSED] - verifyElementPresent(findTestObject("MAKE_ PAYMENT/Verification_ Details/PENDING"), 30): Object 'Object Repository/MAKE_ PAYMENT/Verification_ Details/PENDING' is present

2020-09-02 15:37:35 - [MESSAGE][PASSED] - Object 'Object Repository/MAKE_ PAYMENT/Verification_ Details/PENDING' is present

2020-09-02 15:37:35 - [TEST_STEP][PASSED] - PaymentID = pages.Payment_Page.verifyECheckPaymentApproval(referenceNum): pages.Payment_Page.verifyECheckPaymentApproval is PASSED

2020-09-02 15:37:35 - [MESSAGE][PASSED] - Text of object 'Object Repository/MAKE_ PAYMENT/Verification_ Details/PAY_ID_ELECTRIC_CHECK' is: '100176105355'

2020-09-02 15:37:38 - [MESSAGE][PASSED] - Text of object 'Object Repository/MAKE_ PAYMENT/Verification_ Details/REF_NUM_E_CHECK' is: '11'

2020-09-02 15:37:38 - [MESSAGE][PASSED] - pages.Payment_Page.verifyECheckPaymentApproval is PASSED

2020-09-02 15:37:38 - [TEST_STEP][PASSED] - utilities.SafeActions.safeClick(findTestObject("SEARCH_PAYMENT/SEARCH_PAYMENT"), "Search Payment", [pageLoadTime]): Consumer_Payment_Making.ts:Clicked on the Search Payment

2020-09-02 15:37:38 - [MESSAGE][INFO] - safeClicking

2020-09-02 15:37:38 - [MESSAGE][PASSED] - Object 'Object Repository/SEARCH_PAYMENT/SEARCH_PAYMENT' is present

2020-09-02 15:37:38 - [MESSAGE][PASSED] - Object 'Object Repository/SEARCH_PAYMENT/SEARCH_PAYMENT' is clickable

2020-09-02 15:37:40 - [MESSAGE][PASSED] - Object: 'Object Repository/SEARCH_PAYMENT/SEARCH_PAYMENT' is clicked on

2020-09-02 15:37:40 - [MESSAGE][PASSED] - Consumer_Payment_Making.ts:Clicked on the Search Payment

2020-09-02 15:37:40 - [TEST_STEP][PASSED] - waitForPageLoad(10): Wait for page load successfully

2020-09-02 15:37:40 - [MESSAGE][PASSED] - Wait for page load successfully

2020-09-02 15:37:40 - [TEST_STEP][PASSED] - pages.Search_Page.switchToWindow(): pages.Search_Page.switchToWindow is PASSED

2020-09-02 15:37:46 - [MESSAGE][PASSED] - Object: 'Object Repository/SEARCH_PAYMENT/SEARCH_PAYMENT' is clicked on

2020-09-02 15:37:47 - [MESSAGE][PASSED] - Switched to window with index: '1'

2020-09-02 15:37:47 - [MESSAGE][PASSED] - pages.Search_Page.switchToWindow is PASSED

2020-09-02 15:37:47 - [TEST_STEP][PASSED] - utilities.SafeActions.safeCheck(findTestObject("SEARCH_PAYMENT/ELECTRONIC_CHECK"), "Echeck", [mediumWait]): Consumer_Payment_Making.ts:Checkbox 'Echeck'is selected

2020-09-02 15:37:49 - [MESSAGE][PASSED] - Object 'Object Repository/SEARCH_PAYMENT/ELECTRONIC_CHECK' is present

2020-09-02 15:37:50 - [MESSAGE][PASSED] - Object 'Object Repository/SEARCH_PAYMENT/ELECTRONIC_CHECK' is present

2020-09-02 15:37:51 - [MESSAGE][PASSED] - Object: 'Object Repository/SEARCH_PAYMENT/ELECTRONIC_CHECK' is clicked on

2020-09-02 15:37:51 - [MESSAGE][PASSED] - Consumer_Payment_Making.ts:Checkbox 'Echeck'is selected

2020-09-02 15:37:51 - [TEST_STEP][PASSED] - pages.Search_Page.setSearchDetails(lastName, VISA, checkingAccNum): Acc num enterd

2020-09-02 15:37:52 - [MESSAGE][PASSED] - Object 'Object Repository/SEARCH_PAYMENT/BILLING_LAST_NAME' is present

2020-09-02 15:37:52 - [MESSAGE][PASSED] - Object 'Object Repository/SEARCH_PAYMENT/BILLING_LAST_NAME' is visible

2020-09-02 15:37:52 - [MESSAGE][PASSED] - Object 'Object Repository/SEARCH_PAYMENT/BILLING_LAST_NAME' is present

2020-09-02 15:37:54 - [MESSAGE][PASSED] - Text 'shahi' is set on object 'Object Repository/SEARCH_PAYMENT/BILLING_LAST_NAME'

2020-09-02 15:37:54 - [MESSAGE][PASSED] - Consumer_Payment_Making.ts:Entered'shahi into LastName

2020-09-02 15:37:54 - [MESSAGE][WARNING] - Object 'Object Repository/SEARCH_PAYMENT/CREDIT_OR_DEBIT_CARD' is not checked (Root cause: com.kms.katalon.core.exception.StepFailedException: Object 'Object Repository/SEARCH_PAYMENT/CREDIT_OR_DEBIT_CARD' is not checked
	at com.kms.katalon.core.webui.keyword.internal.WebUIKeywordMain.stepFailed(WebUIKeywordMain.groovy:64)
	at com.kms.katalon.core.webui.keyword.builtin.VerifyElementCheckedKeyword$_verifyElementChecked_closure1.doCall(VerifyElementCheckedKeyword.groovy:81)
	at com.kms.katalon.core.webui.keyword.builtin.VerifyElementCheckedKeyword$_verifyElementChecked_closure1.call(VerifyElementCheckedKeyword.groovy)
	at com.kms.katalon.core.webui.keyword.internal.WebUIKeywordMain.runKeyword(WebUIKeywordMain.groovy:20)
	at com.kms.katalon.core.webui.keyword.builtin.VerifyElementCheckedKeyword.verifyElementChecked(VerifyElementCheckedKeyword.groovy:92)
	at com.kms.katalon.core.webui.keyword.builtin.VerifyElementCheckedKeyword.execute(VerifyElementCheckedKeyword.groovy:68)
	at com.kms.katalon.core.keyword.internal.KeywordExecutor.executeKeywordForPlatform(KeywordExecutor.groovy:72)
	at com.kms.katalon.core.webui.keyword.WebUiBuiltInKeywords.verifyElementChecked(WebUiBuiltInKeywords.groovy:1352)
	at com.kms.katalon.core.webui.keyword.WebUiBuiltInKeywords$verifyElementChecked$14.call(Unknown Source)
	at pages.Search_Page.setSearchDetails(Search_Page.groovy:39)
	at pages.Search_Page.invokeMethod(Search_Page.groovy)
	at com.kms.katalon.core.main.CustomKeywordDelegatingMetaClass.invokeStaticMethod(CustomKeywordDelegatingMetaClass.java:50)
	at TC_006_Echeck_Savings_MultiLine_Payment.run(TC_006_Echeck_Savings_MultiLine_Payment:128)
	at com.kms.katalon.core.main.ScriptEngine.run(ScriptEngine.java:194)
	at com.kms.katalon.core.main.ScriptEngine.runScriptAsRawText(ScriptEngine.java:119)
	at com.kms.katalon.core.main.TestCaseExecutor.runScript(TestCaseExecutor.java:337)
	at com.kms.katalon.core.main.TestCaseExecutor.doExecute(TestCaseExecutor.java:328)
	at com.kms.katalon.core.main.TestCaseExecutor.processExecutionPhase(TestCaseExecutor.java:307)
	at com.kms.katalon.core.main.TestCaseExecutor.accessMainPhase(TestCaseExecutor.java:299)
	at com.kms.katalon.core.main.TestCaseExecutor.execute(TestCaseExecutor.java:233)
	at com.kms.katalon.core.main.TestSuiteExecutor.accessTestCaseMainPhase(TestSuiteExecutor.java:169)
	at com.kms.katalon.core.main.TestSuiteExecutor.accessTestSuiteMainPhase(TestSuiteExecutor.java:142)
	at com.kms.katalon.core.main.TestSuiteExecutor.execute(TestSuiteExecutor.java:91)
	at com.kms.katalon.core.main.TestCaseMain.startTestSuite(TestCaseMain.java:157)
	at com.kms.katalon.core.main.TestCaseMain$startTestSuite$0.call(Unknown Source)
	at TempTestSuite1599041107644.run(TempTestSuite1599041107644.groovy:36)
)
[[ATTACHMENT|C:\\Users\\admin\\git\\Sush_Certpay\\Reports\\20200902_153507\\Certpay_testSuite\\Consumer_Payment_Making\\20200902_153507\\1599041274546.png]]

2020-09-02 15:37:55 - [MESSAGE][PASSED] - Object 'Object Repository/SEARCH_PAYMENT/ACC_NUMBER' is present

2020-09-02 15:37:55 - [MESSAGE][PASSED] - Object 'Object Repository/SEARCH_PAYMENT/ACC_NUMBER' is visible

2020-09-02 15:37:55 - [MESSAGE][PASSED] - Object 'Object Repository/SEARCH_PAYMENT/ACC_NUMBER' is present

2020-09-02 15:37:57 - [MESSAGE][PASSED] - Text '456789' is set on object 'Object Repository/SEARCH_PAYMENT/ACC_NUMBER'

2020-09-02 15:37:57 - [MESSAGE][PASSED] - Consumer_Payment_Making.ts:Entered'456789 into Acc num

2020-09-02 15:37:57 - [MESSAGE][PASSED] - Acc num enterd

2020-09-02 15:37:57 - [TEST_STEP][PASSED] - utilities.SafeActions.safeClick(findTestObject("SEARCH_PAYMENT/SEARCH_BUTTON"), "Search", [pageLoadTime]): Consumer_Payment_Making.ts:Clicked on the Search

2020-09-02 15:37:57 - [MESSAGE][INFO] - safeClicking

2020-09-02 15:37:57 - [MESSAGE][PASSED] - Object 'Object Repository/SEARCH_PAYMENT/SEARCH_BUTTON' is present

2020-09-02 15:37:57 - [MESSAGE][PASSED] - Object 'Object Repository/SEARCH_PAYMENT/SEARCH_BUTTON' is clickable

2020-09-02 15:38:04 - [MESSAGE][PASSED] - Object: 'Object Repository/SEARCH_PAYMENT/SEARCH_BUTTON' is clicked on

2020-09-02 15:38:04 - [MESSAGE][PASSED] - Consumer_Payment_Making.ts:Clicked on the Search

2020-09-02 15:38:04 - [TEST_STEP][PASSED] - pages.Payment_Page.verifyPaymentDetailsInReceipt(PaymentID): pages.Payment_Page.verifyPaymentDetailsInReceipt is PASSED

2020-09-02 15:38:06 - [MESSAGE][PASSED] - Text of object 'Object Repository/SEARCH_PAYMENT/REFERNCE_NUM' is: '11'

2020-09-02 15:38:06 - [MESSAGE][PASSED] - Text of object 'Object Repository/SEARCH_PAYMENT/PAYMENT_ID' is: '100176105359'

2020-09-02 15:38:06 - [MESSAGE][PASSED] - pages.Payment_Page.verifyPaymentDetailsInReceipt is PASSED

2020-09-02 15:38:06 - [TEST_STEP][PASSED] - utilities.SafeActions.safeClick(findTestObject("SEARCH_PAYMENT/SEARCH_ ICON"), "SearchIcon", [pageLoadTime]): Consumer_Payment_Making.ts:Clicked on the SearchIcon

2020-09-02 15:38:06 - [MESSAGE][INFO] - safeClicking

2020-09-02 15:38:06 - [MESSAGE][PASSED] - Object 'Object Repository/SEARCH_PAYMENT/SEARCH_ ICON' is present

2020-09-02 15:38:07 - [MESSAGE][PASSED] - Object 'Object Repository/SEARCH_PAYMENT/SEARCH_ ICON' is clickable

2020-09-02 15:38:08 - [MESSAGE][PASSED] - Object: 'Object Repository/SEARCH_PAYMENT/SEARCH_ ICON' is clicked on

2020-09-02 15:38:08 - [MESSAGE][PASSED] - Consumer_Payment_Making.ts:Clicked on the SearchIcon

2020-09-02 15:38:08 - [TEST_STEP][PASSED] - delay(2): Delayed 2 second(s)

2020-09-02 15:38:10 - [MESSAGE][PASSED] - Delayed 2 second(s)

2020-09-02 15:38:10 - [TEST_STEP][PASSED] - scrollToElement(findTestObject("SEARCH_PAYMENT/CLOSE_BUTTON"), 30): Scroll to object 'Object Repository/SEARCH_PAYMENT/CLOSE_BUTTON' successfully

2020-09-02 15:38:10 - [MESSAGE][PASSED] - Scroll to object 'Object Repository/SEARCH_PAYMENT/CLOSE_BUTTON' successfully

2020-09-02 15:38:10 - [TEST_STEP][PASSED] - utilities.SafeActions.safeClick(findTestObject("SEARCH_PAYMENT/EMAIL_ RECEIPT"), "Email Receipt", [pageLoadTime]): Consumer_Payment_Making.ts:Clicked on the Email Receipt

2020-09-02 15:38:11 - [MESSAGE][INFO] - safeClicking

2020-09-02 15:38:11 - [MESSAGE][PASSED] - Object 'Object Repository/SEARCH_PAYMENT/EMAIL_ RECEIPT' is present

2020-09-02 15:38:11 - [MESSAGE][PASSED] - Object 'Object Repository/SEARCH_PAYMENT/EMAIL_ RECEIPT' is clickable

2020-09-02 15:38:12 - [MESSAGE][PASSED] - Object: 'Object Repository/SEARCH_PAYMENT/EMAIL_ RECEIPT' is clicked on

2020-09-02 15:38:12 - [MESSAGE][PASSED] - Consumer_Payment_Making.ts:Clicked on the Email Receipt

2020-09-02 15:38:12 - [TEST_STEP][PASSED] - utilities.SafeActions.safeClick(findTestObject("SEARCH_PAYMENT/SEND_ EMAIL_BUTTON"), "Send Email", [pageLoadTime]): Consumer_Payment_Making.ts:Clicked on the Send Email

2020-09-02 15:38:13 - [MESSAGE][INFO] - safeClicking

2020-09-02 15:38:13 - [MESSAGE][PASSED] - Object 'Object Repository/SEARCH_PAYMENT/SEND_ EMAIL_BUTTON' is present

2020-09-02 15:38:14 - [MESSAGE][PASSED] - Object 'Object Repository/SEARCH_PAYMENT/SEND_ EMAIL_BUTTON' is clickable

2020-09-02 15:38:15 - [MESSAGE][PASSED] - Object: 'Object Repository/SEARCH_PAYMENT/SEND_ EMAIL_BUTTON' is clicked on

2020-09-02 15:38:15 - [MESSAGE][PASSED] - Consumer_Payment_Making.ts:Clicked on the Send Email

2020-09-02 15:38:15 - [TEST_STEP][PASSED] - Start listener action : afterTestCase: Browser is closed

2020-09-02 15:38:15 - [TEST_STEP][PASSED] - closeBrowser(): Browser is closed

2020-09-02 15:38:16 - [MESSAGE][PASSED] - Browser is closed]]></system-out>
         <system-err><![CDATA[]]></system-err>
      </testcase>
      <system-out><![CDATA[2020-09-02 15:35:12 - [TEST_SUITE][PASSED] - Consumer_Payment_Making: Test Cases/Consumer_Make_Payment/TC_006_Echeck_Savings_MultiLine_Payment]]></system-out>
      <system-err><![CDATA[]]></system-err>
   </testsuite>
</testsuites>
