<?xml version="1.0" encoding="UTF-8"?>
<testsuites name="Consumer_Payment_Making" time="1059.279" tests="6" failures="0" errors="0">
   <testsuite name="Consumer_Payment_Making" tests="6" failures="0" errors="0" time="1059.279" timestamp="2020-10-13 11:32:39" hostname="admin - SYS8" id="Test Suites/Certpay_testSuite/Consumer_Payment_Making">
      <properties>
         <property name="deviceName" value=""/>
         <property name="devicePlatform" value=""/>
         <property name="logFolder" value="E:\\Sush_Certpay\\Reports\\20201013_113229\\Certpay_testSuite\\Consumer_Payment_Making\\20201013_113229"/>
         <property name="logFiles" value="E:\\Sush_Certpay\\Reports\\20201013_113229\\Certpay_testSuite\\Consumer_Payment_Making\\20201013_113229\\execution0.log"/>
         <property name="attachments" value="E:\\Sush_Certpay\\Reports\\20201013_113229\\Certpay_testSuite\\Consumer_Payment_Making\\20201013_113229\\1602569482357.png, E:\\Sush_Certpay\\Reports\\20201013_113229\\Certpay_testSuite\\Consumer_Payment_Making\\20201013_113229\\1602569640490.png, E:\\Sush_Certpay\\Reports\\20201013_113229\\Certpay_testSuite\\Consumer_Payment_Making\\20201013_113229\\1602569832207.png, E:\\Sush_Certpay\\Reports\\20201013_113229\\Certpay_testSuite\\Consumer_Payment_Making\\20201013_113229\\1602569996751.png"/>
         <property name="hostName" value="admin - SYS8"/>
         <property name="os" value="Windows 10 32bit"/>
         <property name="katalonVersion" value="7.1.2.1"/>
         <property name="browser" value="Chrome 86.0.4240.75"/>
         <property name="hostAddress" value="172.31.253.251"/>
         <property name="sessionId" value="ecef16864cfe35fdb3d0af20fb257564"/>
         <property name="seleniumVersion" value="3.141.59"/>
         <property name="proxyInformation" value="ProxyInformation{proxyOption=NO_PROXY, proxyServerType=HTTP, password=, proxyServerAddress=, proxyServerPort=0, executionList=}"/>
         <property name="platform" value="Windows 10"/>
      </properties>
      <testcase name="Test Cases/Consumer_Make_Payment/TC_001_Credit_SingleLine_Payment" time="240.77" classname="Test Cases/Consumer_Make_Payment/TC_001_Credit_SingleLine_Payment" status="PASSED">
         <system-out><![CDATA[2020-10-13 11:32:39 - [TEST_CASE][PASSED] - Test Cases/Consumer_Make_Payment/TC_001_Credit_SingleLine_Payment: Test Cases/Consumer_Make_Payment/TC_001_Credit_SingleLine_Payment

2020-10-13 11:32:40 - [TEST_STEP][PASSED] - Start listener action : beforeTestCase: null

2020-10-13 11:32:40 - [TEST_STEP][PASSED] - utilities.SafeActions.openBrowser(certpay_url, [pageLoadTime]): Browser launched successfully

2020-10-13 11:32:40 - [MESSAGE][INFO] - Opening Browser

2020-10-13 11:32:41 - [MESSAGE][INFO] - Starting 'Chrome' driver

2020-10-13 11:32:41 - [MESSAGE][INFO] - Action delay is set to 0 seconds

2020-10-13 11:33:32 - [MESSAGE][PASSED] - Browser is opened with url: 'https://qa-certpay.faps.net/'

2020-10-13 11:33:34 - [MESSAGE][PASSED] - Current window maximized

2020-10-13 11:33:34 - [MESSAGE][PASSED] - Browser launched successfully

2020-10-13 11:33:34 - [TEST_STEP][PASSED] - utilities.SafeActions.safeType(findTestObject("MAKE_ PAYMENT/Home_ Page/BUREAU_CODE"), bureauCode, "Bureau code", [pageLoadTime]): Consumer_Payment_Making.ts:Entered'6100000 into Bureau code

2020-10-13 11:33:35 - [MESSAGE][PASSED] - Object 'Object Repository/MAKE_ PAYMENT/Home_ Page/BUREAU_CODE' is present

2020-10-13 11:33:35 - [MESSAGE][PASSED] - Object 'Object Repository/MAKE_ PAYMENT/Home_ Page/BUREAU_CODE' is visible

2020-10-13 11:33:36 - [MESSAGE][PASSED] - Object 'Object Repository/MAKE_ PAYMENT/Home_ Page/BUREAU_CODE' is present

2020-10-13 11:33:37 - [MESSAGE][PASSED] - Text '6100000' is set on object 'Object Repository/MAKE_ PAYMENT/Home_ Page/BUREAU_CODE'

2020-10-13 11:33:37 - [MESSAGE][PASSED] - Consumer_Payment_Making.ts:Entered'6100000 into Bureau code

2020-10-13 11:33:37 - [TEST_STEP][PASSED] - utilities.SafeActions.safeClick(findTestObject("MAKE_ PAYMENT/Home_ Page/BEGIN_PAYMENT"), "Begin payment", [pageLoadTime]): Consumer_Payment_Making.ts:Clicked on the Begin payment

2020-10-13 11:33:37 - [MESSAGE][INFO] - safeClicking

2020-10-13 11:33:38 - [MESSAGE][PASSED] - Object 'Object Repository/MAKE_ PAYMENT/Home_ Page/BEGIN_PAYMENT' is present

2020-10-13 11:33:38 - [MESSAGE][PASSED] - Object 'Object Repository/MAKE_ PAYMENT/Home_ Page/BEGIN_PAYMENT' is clickable

2020-10-13 11:33:51 - [MESSAGE][PASSED] - Object: 'Object Repository/MAKE_ PAYMENT/Home_ Page/BEGIN_PAYMENT' is clicked on

2020-10-13 11:33:51 - [MESSAGE][PASSED] - Consumer_Payment_Making.ts:Clicked on the Begin payment

2020-10-13 11:33:51 - [TEST_STEP][PASSED] - utilities.SafeActions.safeClick(findTestObject("MAKE_ PAYMENT/Home_ Page/CONTINUE"), "Continue", [pageLoadTime]): Consumer_Payment_Making.ts:Clicked on the Continue

2020-10-13 11:33:51 - [MESSAGE][INFO] - safeClicking

2020-10-13 11:33:56 - [MESSAGE][PASSED] - Object 'Object Repository/MAKE_ PAYMENT/Home_ Page/CONTINUE' is present

2020-10-13 11:33:57 - [MESSAGE][PASSED] - Object 'Object Repository/MAKE_ PAYMENT/Home_ Page/CONTINUE' is clickable

2020-10-13 11:34:10 - [MESSAGE][PASSED] - Object: 'Object Repository/MAKE_ PAYMENT/Home_ Page/CONTINUE' is clicked on

2020-10-13 11:34:10 - [MESSAGE][PASSED] - Consumer_Payment_Making.ts:Clicked on the Continue

2020-10-13 11:34:10 - [TEST_STEP][PASSED] - utilities.SafeActions.safeCheck(findTestObject("MAKE_ PAYMENT/Home_ Page/BANK_CARD"), "Bank card", [pageLoadTime]): Consumer_Payment_Making.ts:Checkbox 'Bank card'is selected

2020-10-13 11:34:11 - [MESSAGE][PASSED] - Object 'Object Repository/MAKE_ PAYMENT/Home_ Page/BANK_CARD' is present

2020-10-13 11:34:12 - [MESSAGE][PASSED] - Object 'Object Repository/MAKE_ PAYMENT/Home_ Page/BANK_CARD' is present

2020-10-13 11:34:13 - [MESSAGE][PASSED] - Object: 'Object Repository/MAKE_ PAYMENT/Home_ Page/BANK_CARD' is clicked on

2020-10-13 11:34:13 - [MESSAGE][PASSED] - Consumer_Payment_Making.ts:Checkbox 'Bank card'is selected

2020-10-13 11:34:13 - [TEST_STEP][PASSED] - pages.Payment_Page.setAmount("1", paymentAmount, "testing", referenceNum): Consumer_Payment_Making.ts:Entered'testing into Comments

2020-10-13 11:34:14 - [MESSAGE][PASSED] - Object '' is present

2020-10-13 11:34:14 - [MESSAGE][PASSED] - Object '' is visible

2020-10-13 11:34:14 - [MESSAGE][PASSED] - Object '' is present

2020-10-13 11:34:15 - [MESSAGE][PASSED] - Text '16.00' is set on object ''

2020-10-13 11:34:15 - [MESSAGE][PASSED] - Consumer_Payment_Making.ts:Entered'16.00 into Amount

2020-10-13 11:34:16 - [MESSAGE][PASSED] - Object '' is present

2020-10-13 11:34:16 - [MESSAGE][PASSED] - Object '' is visible

2020-10-13 11:34:16 - [MESSAGE][PASSED] - Object '' is present

2020-10-13 11:34:18 - [MESSAGE][PASSED] - Text '11' is set on object ''

2020-10-13 11:34:18 - [MESSAGE][PASSED] - Consumer_Payment_Making.ts:Entered'11 into Amount

2020-10-13 11:34:18 - [MESSAGE][PASSED] - Object '' is present

2020-10-13 11:34:18 - [MESSAGE][PASSED] - Object '' is visible

2020-10-13 11:34:18 - [MESSAGE][PASSED] - Object '' is present

2020-10-13 11:34:20 - [MESSAGE][PASSED] - Text 'testing' is set on object ''

2020-10-13 11:34:20 - [MESSAGE][PASSED] - Consumer_Payment_Making.ts:Entered'testing into Comments

2020-10-13 11:34:20 - [TEST_STEP][PASSED] - waitForPageLoad(0): Wait for page load successfully

2020-10-13 11:34:20 - [MESSAGE][WARNING] - Timeout '0' is invalid. Using default page load timeout: '30'

2020-10-13 11:34:20 - [MESSAGE][PASSED] - Wait for page load successfully

2020-10-13 11:34:20 - [TEST_STEP][PASSED] - utilities.SafeActions.safeSelectOptionInDropdownByVisibleText(findTestObject("MAKE_ PAYMENT/Home_ Page/CARD_TYPE"), CardType, "CardType", [pageLoadTime]): selected dropdown option by visible text  American Expressfrom CardType

2020-10-13 11:34:20 - [MESSAGE][PASSED] - Object 'Object Repository/MAKE_ PAYMENT/Home_ Page/CARD_TYPE' is visible

2020-10-13 11:34:21 - [MESSAGE][PASSED] - Object 'Object Repository/MAKE_ PAYMENT/Home_ Page/CARD_TYPE' is present

2020-10-13 11:34:22 - [MESSAGE][PASSED] - Object: 'Object Repository/MAKE_ PAYMENT/Home_ Page/CARD_TYPE' is clicked on

2020-10-13 11:34:23 - [MESSAGE][PASSED] - All options with label 'American Express' are selected in object 'Object Repository/MAKE_ PAYMENT/Home_ Page/CARD_TYPE'  using regular expression

2020-10-13 11:34:23 - [MESSAGE][PASSED] - selected dropdown option by visible text  American Expressfrom CardType

2020-10-13 11:34:23 - [TEST_STEP][PASSED] - utilities.SafeActions.safeSelectOptionInDropdownByVisibleText(findTestObject("MAKE_ PAYMENT/Home_ Page/PAYMENT_TYPE"), paymentType, "Payment Type", [pageLoadTime]): selected dropdown option by visible text  Taxesfrom Payment Type

2020-10-13 11:34:23 - [MESSAGE][PASSED] - Object 'Object Repository/MAKE_ PAYMENT/Home_ Page/PAYMENT_TYPE' is visible

2020-10-13 11:34:24 - [MESSAGE][PASSED] - Object 'Object Repository/MAKE_ PAYMENT/Home_ Page/PAYMENT_TYPE' is present

2020-10-13 11:34:25 - [MESSAGE][PASSED] - Object: 'Object Repository/MAKE_ PAYMENT/Home_ Page/PAYMENT_TYPE' is clicked on

2020-10-13 11:34:26 - [MESSAGE][PASSED] - All options with label 'Taxes' are selected in object 'Object Repository/MAKE_ PAYMENT/Home_ Page/PAYMENT_TYPE'  using regular expression

2020-10-13 11:34:26 - [MESSAGE][PASSED] - selected dropdown option by visible text  Taxesfrom Payment Type

2020-10-13 11:34:26 - [TEST_STEP][PASSED] - utilities.SafeActions.safeClick(findTestObject("MAKE_ PAYMENT/Home_ Page/NEXT_BUTTON"), "Continue", [pageLoadTime]): Consumer_Payment_Making.ts:Clicked on the Continue

2020-10-13 11:34:26 - [MESSAGE][INFO] - safeClicking

2020-10-13 11:34:26 - [MESSAGE][PASSED] - Object 'Object Repository/MAKE_ PAYMENT/Home_ Page/NEXT_BUTTON' is present

2020-10-13 11:34:27 - [MESSAGE][PASSED] - Object 'Object Repository/MAKE_ PAYMENT/Home_ Page/NEXT_BUTTON' is clickable

2020-10-13 11:34:31 - [MESSAGE][PASSED] - Object: 'Object Repository/MAKE_ PAYMENT/Home_ Page/NEXT_BUTTON' is clicked on

2020-10-13 11:34:31 - [MESSAGE][PASSED] - Consumer_Payment_Making.ts:Clicked on the Continue

2020-10-13 11:34:31 - [TEST_STEP][PASSED] - pages.Payment_Page.setPersonalDetails(firstName, lastName, telephone): Consumer_Payment_Making.ts:Entered'9640400667 into Telephone

2020-10-13 11:34:34 - [MESSAGE][PASSED] - Object 'Object Repository/MAKE_ PAYMENT/Consumer_Personal_ Details/FIRST_NAME' is present

2020-10-13 11:34:34 - [MESSAGE][PASSED] - Object 'Object Repository/MAKE_ PAYMENT/Consumer_Personal_ Details/FIRST_NAME' is visible

2020-10-13 11:34:34 - [MESSAGE][PASSED] - Object 'Object Repository/MAKE_ PAYMENT/Consumer_Personal_ Details/FIRST_NAME' is present

2020-10-13 11:34:36 - [MESSAGE][PASSED] - Text 'Susmitha' is set on object 'Object Repository/MAKE_ PAYMENT/Consumer_Personal_ Details/FIRST_NAME'

2020-10-13 11:34:36 - [MESSAGE][PASSED] - Consumer_Payment_Making.ts:Entered'Susmitha into FirstName

2020-10-13 11:34:36 - [MESSAGE][PASSED] - Object 'Object Repository/MAKE_ PAYMENT/Consumer_Personal_ Details/LAST_NAME' is present

2020-10-13 11:34:36 - [MESSAGE][PASSED] - Object 'Object Repository/MAKE_ PAYMENT/Consumer_Personal_ Details/LAST_NAME' is visible

2020-10-13 11:34:36 - [MESSAGE][PASSED] - Object 'Object Repository/MAKE_ PAYMENT/Consumer_Personal_ Details/LAST_NAME' is present

2020-10-13 11:34:38 - [MESSAGE][PASSED] - Text 'Angana' is set on object 'Object Repository/MAKE_ PAYMENT/Consumer_Personal_ Details/LAST_NAME'

2020-10-13 11:34:38 - [MESSAGE][PASSED] - Consumer_Payment_Making.ts:Entered'Angana into LastName

2020-10-13 11:34:38 - [MESSAGE][PASSED] - Object 'Object Repository/MAKE_ PAYMENT/Consumer_Personal_ Details/TELEPHONE' is present

2020-10-13 11:34:39 - [MESSAGE][PASSED] - Object 'Object Repository/MAKE_ PAYMENT/Consumer_Personal_ Details/TELEPHONE' is visible

2020-10-13 11:34:39 - [MESSAGE][PASSED] - Object 'Object Repository/MAKE_ PAYMENT/Consumer_Personal_ Details/TELEPHONE' is present

2020-10-13 11:34:40 - [MESSAGE][PASSED] - Text '9640400667' is set on object 'Object Repository/MAKE_ PAYMENT/Consumer_Personal_ Details/TELEPHONE'

2020-10-13 11:34:40 - [MESSAGE][PASSED] - Consumer_Payment_Making.ts:Entered'9640400667 into Telephone

2020-10-13 11:34:40 - [TEST_STEP][PASSED] - pages.Payment_Page.setLocationDetails(address, zipCode): Consumer_Payment_Making.ts:Entered'76102 into ZipCode

2020-10-13 11:34:41 - [MESSAGE][PASSED] - Object 'Object Repository/MAKE_ PAYMENT/Consumer_Personal_ Details/ADDRESS' is present

2020-10-13 11:34:41 - [MESSAGE][PASSED] - Object 'Object Repository/MAKE_ PAYMENT/Consumer_Personal_ Details/ADDRESS' is visible

2020-10-13 11:34:41 - [MESSAGE][PASSED] - Object 'Object Repository/MAKE_ PAYMENT/Consumer_Personal_ Details/ADDRESS' is present

2020-10-13 11:34:42 - [MESSAGE][PASSED] - Text '14-2' is set on object 'Object Repository/MAKE_ PAYMENT/Consumer_Personal_ Details/ADDRESS'

2020-10-13 11:34:42 - [MESSAGE][PASSED] - Consumer_Payment_Making.ts:Entered'14-2 into Address

2020-10-13 11:34:43 - [MESSAGE][PASSED] - Object 'Object Repository/MAKE_ PAYMENT/Consumer_Personal_ Details/ZIP_CODE' is present

2020-10-13 11:34:43 - [MESSAGE][PASSED] - Object 'Object Repository/MAKE_ PAYMENT/Consumer_Personal_ Details/ZIP_CODE' is visible

2020-10-13 11:34:43 - [MESSAGE][PASSED] - Object 'Object Repository/MAKE_ PAYMENT/Consumer_Personal_ Details/ZIP_CODE' is present

2020-10-13 11:34:45 - [MESSAGE][PASSED] - Text '76102' is set on object 'Object Repository/MAKE_ PAYMENT/Consumer_Personal_ Details/ZIP_CODE'

2020-10-13 11:34:45 - [MESSAGE][PASSED] - Consumer_Payment_Making.ts:Entered'76102 into ZipCode

2020-10-13 11:34:45 - [TEST_STEP][PASSED] - waitForElementClickable(findTestObject("MAKE_ PAYMENT/Home_ Page/CONTINUE"), 30): Object 'Object Repository/MAKE_ PAYMENT/Home_ Page/CONTINUE' is clickable

2020-10-13 11:34:45 - [MESSAGE][PASSED] - Object 'Object Repository/MAKE_ PAYMENT/Home_ Page/CONTINUE' is clickable

2020-10-13 11:34:45 - [TEST_STEP][PASSED] - pages.Payment_Page.clickOnElement(findTestObject("MAKE_ PAYMENT/Home_ Page/CONTINUE")): pages.Payment_Page.clickOnElement is PASSED

2020-10-13 11:34:53 - [MESSAGE][PASSED] - Execute JavaScript 'arguments[0].click()' successfully

2020-10-13 11:34:53 - [MESSAGE][PASSED] - pages.Payment_Page.clickOnElement is PASSED

2020-10-13 11:34:53 - [TEST_STEP][PASSED] - waitForElementClickable(findTestObject("MAKE_ PAYMENT/Consumer_Personal_ Details/CheckBox"), 30): Object 'Object Repository/MAKE_ PAYMENT/Consumer_Personal_ Details/CheckBox' is clickable

2020-10-13 11:34:55 - [MESSAGE][PASSED] - Object 'Object Repository/MAKE_ PAYMENT/Consumer_Personal_ Details/CheckBox' is clickable

2020-10-13 11:34:55 - [TEST_STEP][PASSED] - utilities.SafeActions.safeCheck(findTestObject("MAKE_ PAYMENT/Consumer_Personal_ Details/CheckBox"), "Billing CheckBox", [pageLoadTime]): Consumer_Payment_Making.ts:Checkbox 'Billing CheckBox'is selected

2020-10-13 11:34:55 - [MESSAGE][PASSED] - Object 'Object Repository/MAKE_ PAYMENT/Consumer_Personal_ Details/CheckBox' is present

2020-10-13 11:34:56 - [MESSAGE][PASSED] - Object 'Object Repository/MAKE_ PAYMENT/Consumer_Personal_ Details/CheckBox' is present

2020-10-13 11:34:58 - [MESSAGE][PASSED] - Object: 'Object Repository/MAKE_ PAYMENT/Consumer_Personal_ Details/CheckBox' is clicked on

2020-10-13 11:34:58 - [MESSAGE][PASSED] - Consumer_Payment_Making.ts:Checkbox 'Billing CheckBox'is selected

2020-10-13 11:34:58 - [TEST_STEP][PASSED] - waitForPageLoad(2): Wait for page load successfully

2020-10-13 11:35:02 - [MESSAGE][PASSED] - Wait for page load successfully

2020-10-13 11:35:02 - [TEST_STEP][PASSED] - utilities.SafeActions.safeClick(findTestObject("MAKE_ PAYMENT/Home_ Page/CONTINUE"), "Continue", [pageLoadTime]): Consumer_Payment_Making.ts:Clicked on the Continue

2020-10-13 11:35:02 - [MESSAGE][INFO] - safeClicking

2020-10-13 11:35:04 - [MESSAGE][PASSED] - Object 'Object Repository/MAKE_ PAYMENT/Home_ Page/CONTINUE' is present

2020-10-13 11:35:05 - [MESSAGE][PASSED] - Object 'Object Repository/MAKE_ PAYMENT/Home_ Page/CONTINUE' is clickable

2020-10-13 11:35:09 - [MESSAGE][PASSED] - Object: 'Object Repository/MAKE_ PAYMENT/Home_ Page/CONTINUE' is clicked on

2020-10-13 11:35:09 - [MESSAGE][PASSED] - Consumer_Payment_Making.ts:Clicked on the Continue

2020-10-13 11:35:09 - [TEST_STEP][PASSED] - delay(2): Delayed 2 second(s)

2020-10-13 11:35:11 - [MESSAGE][PASSED] - Delayed 2 second(s)

2020-10-13 11:35:11 - [TEST_STEP][PASSED] - pages.Payment_Page.setCardDetails(cardNum, securityCode, expYear, expMonth): Actual text '374245003731006' and expected text '374245003731006' are matched  using regular expression

2020-10-13 11:35:11 - [MESSAGE][PASSED] - Object 'Object Repository/MAKE_ PAYMENT/Consumer_Personal_ Details/CARD_NUM' is present

2020-10-13 11:35:12 - [MESSAGE][PASSED] - Object 'Object Repository/MAKE_ PAYMENT/Consumer_Personal_ Details/CARD_NUM' is visible

2020-10-13 11:35:12 - [MESSAGE][PASSED] - Object 'Object Repository/MAKE_ PAYMENT/Consumer_Personal_ Details/CARD_NUM' is present

2020-10-13 11:35:13 - [MESSAGE][PASSED] - Text '374245003731006' is set on object 'Object Repository/MAKE_ PAYMENT/Consumer_Personal_ Details/CARD_NUM'

2020-10-13 11:35:13 - [MESSAGE][PASSED] - Consumer_Payment_Making.ts:Entered'374245003731006 into CardNum

2020-10-13 11:35:13 - [MESSAGE][PASSED] - Object 'Object Repository/MAKE_ PAYMENT/Consumer_Personal_ Details/EXP_MONTH' is visible

2020-10-13 11:35:14 - [MESSAGE][PASSED] - Object 'Object Repository/MAKE_ PAYMENT/Consumer_Personal_ Details/EXP_MONTH' is present

2020-10-13 11:35:15 - [MESSAGE][PASSED] - Object: 'Object Repository/MAKE_ PAYMENT/Consumer_Personal_ Details/EXP_MONTH' is clicked on

2020-10-13 11:35:16 - [MESSAGE][PASSED] - All options with label '03' are selected in object 'Object Repository/MAKE_ PAYMENT/Consumer_Personal_ Details/EXP_MONTH'  using regular expression

2020-10-13 11:35:16 - [MESSAGE][PASSED] - selected dropdown option by visible text  03from Month

2020-10-13 11:35:17 - [MESSAGE][PASSED] - Object 'Object Repository/MAKE_ PAYMENT/Consumer_Personal_ Details/EXP_YEAR' is visible

2020-10-13 11:35:17 - [MESSAGE][PASSED] - Object 'Object Repository/MAKE_ PAYMENT/Consumer_Personal_ Details/EXP_YEAR' is present

2020-10-13 11:35:18 - [MESSAGE][PASSED] - Object: 'Object Repository/MAKE_ PAYMENT/Consumer_Personal_ Details/EXP_YEAR' is clicked on

2020-10-13 11:35:19 - [MESSAGE][PASSED] - All options with label '2025' are selected in object 'Object Repository/MAKE_ PAYMENT/Consumer_Personal_ Details/EXP_YEAR'  using regular expression

2020-10-13 11:35:19 - [MESSAGE][PASSED] - selected dropdown option by visible text  2025from year

2020-10-13 11:35:20 - [MESSAGE][PASSED] - Object 'Object Repository/MAKE_ PAYMENT/Consumer_Personal_ Details/SECURITY_CODE' is present

2020-10-13 11:35:20 - [MESSAGE][PASSED] - Object 'Object Repository/MAKE_ PAYMENT/Consumer_Personal_ Details/SECURITY_CODE' is visible

2020-10-13 11:35:20 - [MESSAGE][PASSED] - Object 'Object Repository/MAKE_ PAYMENT/Consumer_Personal_ Details/SECURITY_CODE' is present

2020-10-13 11:35:22 - [MESSAGE][PASSED] - Text '111' is set on object 'Object Repository/MAKE_ PAYMENT/Consumer_Personal_ Details/SECURITY_CODE'

2020-10-13 11:35:22 - [MESSAGE][PASSED] - Consumer_Payment_Making.ts:Entered'111 into SecurityCode

2020-10-13 11:35:22 - [MESSAGE][PASSED] - Attribute 'value' of object 'Object Repository/MAKE_ PAYMENT/Consumer_Personal_ Details/CARD_NUM' is: '374245003731006'

2020-10-13 11:35:22 - [MESSAGE][PASSED] - Actual text '374245003731006' and expected text '374245003731006' are matched  using regular expression

2020-10-13 11:35:22 - [TEST_STEP][PASSED] - utilities.SafeActions.safeType(findTestObject("MAKE_ PAYMENT/Consumer_Personal_ Details/EMAIL_ADDRESS"), emailAddress, "EmailAddress", [pageLoadTime]): Consumer_Payment_Making.ts:Entered'testing@zenq.com into EmailAddress

2020-10-13 11:35:22 - [MESSAGE][PASSED] - Object 'Object Repository/MAKE_ PAYMENT/Consumer_Personal_ Details/EMAIL_ADDRESS' is present

2020-10-13 11:35:23 - [MESSAGE][PASSED] - Object 'Object Repository/MAKE_ PAYMENT/Consumer_Personal_ Details/EMAIL_ADDRESS' is visible

2020-10-13 11:35:23 - [MESSAGE][PASSED] - Object 'Object Repository/MAKE_ PAYMENT/Consumer_Personal_ Details/EMAIL_ADDRESS' is present

2020-10-13 11:35:24 - [MESSAGE][PASSED] - Text 'testing@zenq.com' is set on object 'Object Repository/MAKE_ PAYMENT/Consumer_Personal_ Details/EMAIL_ADDRESS'

2020-10-13 11:35:24 - [MESSAGE][PASSED] - Consumer_Payment_Making.ts:Entered'testing@zenq.com into EmailAddress

2020-10-13 11:35:24 - [TEST_STEP][PASSED] - utilities.SafeActions.safeClick(findTestObject("MAKE_ PAYMENT/Home_ Page/CONTINUE"), "Continue", [pageLoadTime]): Consumer_Payment_Making.ts:Clicked on the Continue

2020-10-13 11:35:24 - [MESSAGE][INFO] - safeClicking

2020-10-13 11:35:25 - [MESSAGE][PASSED] - Object 'Object Repository/MAKE_ PAYMENT/Home_ Page/CONTINUE' is present

2020-10-13 11:35:25 - [MESSAGE][PASSED] - Object 'Object Repository/MAKE_ PAYMENT/Home_ Page/CONTINUE' is clickable

2020-10-13 11:35:28 - [MESSAGE][PASSED] - Object: 'Object Repository/MAKE_ PAYMENT/Home_ Page/CONTINUE' is clicked on

2020-10-13 11:35:28 - [MESSAGE][PASSED] - Consumer_Payment_Making.ts:Clicked on the Continue

2020-10-13 11:35:28 - [TEST_STEP][PASSED] - utilities.SafeActions.safeClick(findTestObject("MAKE_ PAYMENT/Consumer_Personal_ Details/I_AGREE"), "I agree", [pageLoadTime]): Consumer_Payment_Making.ts:Clicked on the I agree

2020-10-13 11:35:29 - [MESSAGE][INFO] - safeClicking

2020-10-13 11:35:30 - [MESSAGE][PASSED] - Object 'Object Repository/MAKE_ PAYMENT/Consumer_Personal_ Details/I_AGREE' is present

2020-10-13 11:35:31 - [MESSAGE][PASSED] - Object 'Object Repository/MAKE_ PAYMENT/Consumer_Personal_ Details/I_AGREE' is clickable

2020-10-13 11:35:33 - [MESSAGE][PASSED] - Object: 'Object Repository/MAKE_ PAYMENT/Consumer_Personal_ Details/I_AGREE' is clicked on

2020-10-13 11:35:33 - [MESSAGE][PASSED] - Consumer_Payment_Making.ts:Clicked on the I agree

2020-10-13 11:35:33 - [TEST_STEP][PASSED] - pages.Payment_Page.verifyUserDetails(firstName, lastName, emailAddress, CardType, ""): CardType matched

2020-10-13 11:35:34 - [MESSAGE][PASSED] - Scroll to object 'Object Repository/MAKE_ PAYMENT/Verification_ Details/FIRST_NAME' successfully

2020-10-13 11:35:34 - [MESSAGE][PASSED] - Text of object 'Object Repository/MAKE_ PAYMENT/Verification_ Details/FIRST_NAME' is: 'Susmitha'

2020-10-13 11:35:34 - [MESSAGE][PASSED] - Actual text 'Susmitha' and expected text 'Susmitha' are matched  using regular expression

2020-10-13 11:35:35 - [MESSAGE][PASSED] - Text of object 'Object Repository/MAKE_ PAYMENT/Verification_ Details/LAST_NAME' is: 'Angana'

2020-10-13 11:35:35 - [MESSAGE][PASSED] - Actual text 'Angana' and expected text 'Angana' are matched  using regular expression

2020-10-13 11:35:37 - [MESSAGE][PASSED] - Text of object 'Object Repository/MAKE_ PAYMENT/Verification_ Details/EMAIL_ADDRESS' is: 'testing@zenq.com'

2020-10-13 11:35:37 - [MESSAGE][PASSED] - Actual text 'testing@zenq.com' and expected text 'testing@zenq.com' are matched  using regular expression

2020-10-13 11:35:38 - [MESSAGE][PASSED] - Text of object 'Object Repository/MAKE_ PAYMENT/Verification_ Details/CARD_TYPE' is: 'American Express'

2020-10-13 11:35:38 - [MESSAGE][PASSED] - Actual text 'American Express' and expected text 'American Express' are matched  using regular expression

2020-10-13 11:35:38 - [MESSAGE][PASSED] - CardType matched

2020-10-13 11:35:38 - [TEST_STEP][PASSED] - utilities.SafeActions.safeClick(findTestObject("MAKE_ PAYMENT/Verification_ Details/PROCESS_PAYMENT"), "Process Payment", [pageLoadTime]): Consumer_Payment_Making.ts:Clicked on the Process Payment

2020-10-13 11:35:38 - [MESSAGE][INFO] - safeClicking

2020-10-13 11:35:38 - [MESSAGE][PASSED] - Object 'Object Repository/MAKE_ PAYMENT/Verification_ Details/PROCESS_PAYMENT' is present

2020-10-13 11:35:38 - [MESSAGE][PASSED] - Object 'Object Repository/MAKE_ PAYMENT/Verification_ Details/PROCESS_PAYMENT' is clickable

2020-10-13 11:35:40 - [MESSAGE][PASSED] - Object: 'Object Repository/MAKE_ PAYMENT/Verification_ Details/PROCESS_PAYMENT' is clicked on

2020-10-13 11:35:40 - [MESSAGE][PASSED] - Consumer_Payment_Making.ts:Clicked on the Process Payment

2020-10-13 11:35:40 - [TEST_STEP][PASSED] - utilities.SafeActions.safeClick(findTestObject("MAKE_ PAYMENT/Verification_ Details/YES_BUTTON"), "yes button", [pageLoadTime]): Consumer_Payment_Making.ts:Clicked on the yes button

2020-10-13 11:35:40 - [MESSAGE][INFO] - safeClicking

2020-10-13 11:35:40 - [MESSAGE][PASSED] - Object 'Object Repository/MAKE_ PAYMENT/Verification_ Details/YES_BUTTON' is present

2020-10-13 11:35:41 - [MESSAGE][PASSED] - Object 'Object Repository/MAKE_ PAYMENT/Verification_ Details/YES_BUTTON' is clickable

2020-10-13 11:35:47 - [MESSAGE][PASSED] - Object: 'Object Repository/MAKE_ PAYMENT/Verification_ Details/YES_BUTTON' is clicked on

2020-10-13 11:35:47 - [MESSAGE][PASSED] - Consumer_Payment_Making.ts:Clicked on the yes button

2020-10-13 11:35:47 - [TEST_STEP][PASSED] - PaymentId = pages.Payment_Page.verifyCardPaymentApproval(referenceNum): pages.Payment_Page.verifyCardPaymentApproval is PASSED

2020-10-13 11:35:48 - [MESSAGE][PASSED] - Text of object 'Object Repository/MAKE_ PAYMENT/Verification_ Details/PAY_ID_CARD' is: '100176127442'

2020-10-13 11:35:52 - [MESSAGE][PASSED] - Text of object 'Object Repository/MAKE_ PAYMENT/Verification_ Details/REFERENCE_NUM' is: '11'

2020-10-13 11:35:52 - [MESSAGE][PASSED] - pages.Payment_Page.verifyCardPaymentApproval is PASSED

2020-10-13 11:35:52 - [TEST_STEP][PASSED] - utilities.SafeActions.safeClick(findTestObject("SEARCH_PAYMENT/SEARCH_PAYMENT"), "Search Payment", [pageLoadTime]): Consumer_Payment_Making.ts:Clicked on the Search Payment

2020-10-13 11:35:52 - [MESSAGE][INFO] - safeClicking

2020-10-13 11:35:52 - [MESSAGE][PASSED] - Object 'Object Repository/SEARCH_PAYMENT/SEARCH_PAYMENT' is present

2020-10-13 11:35:52 - [MESSAGE][PASSED] - Object 'Object Repository/SEARCH_PAYMENT/SEARCH_PAYMENT' is clickable

2020-10-13 11:35:54 - [MESSAGE][PASSED] - Object: 'Object Repository/SEARCH_PAYMENT/SEARCH_PAYMENT' is clicked on

2020-10-13 11:35:54 - [MESSAGE][PASSED] - Consumer_Payment_Making.ts:Clicked on the Search Payment

2020-10-13 11:35:54 - [TEST_STEP][PASSED] - waitForPageLoad(10): Wait for page load successfully

2020-10-13 11:35:54 - [MESSAGE][PASSED] - Wait for page load successfully

2020-10-13 11:35:54 - [TEST_STEP][PASSED] - pages.Search_Page.switchToWindow(): pages.Search_Page.switchToWindow is PASSED

2020-10-13 11:35:55 - [MESSAGE][PASSED] - Object: 'Object Repository/SEARCH_PAYMENT/SEARCH_PAYMENT' is clicked on

2020-10-13 11:35:55 - [MESSAGE][PASSED] - Switched to window with index: '1'

2020-10-13 11:35:55 - [MESSAGE][PASSED] - pages.Search_Page.switchToWindow is PASSED

2020-10-13 11:35:55 - [TEST_STEP][PASSED] - waitForElementClickable(findTestObject("SEARCH_PAYMENT/CREDIT_OR_DEBIT_CARD"), 0): Object 'Object Repository/SEARCH_PAYMENT/CREDIT_OR_DEBIT_CARD' is clickable

2020-10-13 11:35:55 - [MESSAGE][WARNING] - Timeout '0' is invalid. Using default page load timeout: '30'

2020-10-13 11:36:12 - [MESSAGE][PASSED] - Object 'Object Repository/SEARCH_PAYMENT/CREDIT_OR_DEBIT_CARD' is clickable

2020-10-13 11:36:12 - [TEST_STEP][PASSED] - utilities.SafeActions.safeCheck(findTestObject("SEARCH_PAYMENT/CREDIT_OR_DEBIT_CARD"), "Credit card", [pageLoadTime]): Consumer_Payment_Making.ts:Checkbox 'Credit card'is selected

2020-10-13 11:36:13 - [MESSAGE][PASSED] - Object 'Object Repository/SEARCH_PAYMENT/CREDIT_OR_DEBIT_CARD' is present

2020-10-13 11:36:14 - [MESSAGE][PASSED] - Object 'Object Repository/SEARCH_PAYMENT/CREDIT_OR_DEBIT_CARD' is present

2020-10-13 11:36:15 - [MESSAGE][PASSED] - Object: 'Object Repository/SEARCH_PAYMENT/CREDIT_OR_DEBIT_CARD' is clicked on

2020-10-13 11:36:15 - [MESSAGE][PASSED] - Consumer_Payment_Making.ts:Checkbox 'Credit card'is selected

2020-10-13 11:36:15 - [TEST_STEP][PASSED] - pages.Search_Page.setSearchDetails(lastName, cardNum, accNum): Credit card is checked and cardNum is entered 

2020-10-13 11:36:15 - [MESSAGE][PASSED] - Object 'Object Repository/SEARCH_PAYMENT/BILLING_LAST_NAME' is present

2020-10-13 11:36:16 - [MESSAGE][PASSED] - Object 'Object Repository/SEARCH_PAYMENT/BILLING_LAST_NAME' is visible

2020-10-13 11:36:16 - [MESSAGE][PASSED] - Object 'Object Repository/SEARCH_PAYMENT/BILLING_LAST_NAME' is present

2020-10-13 11:36:17 - [MESSAGE][PASSED] - Text 'Angana' is set on object 'Object Repository/SEARCH_PAYMENT/BILLING_LAST_NAME'

2020-10-13 11:36:17 - [MESSAGE][PASSED] - Consumer_Payment_Making.ts:Entered'Angana into LastName

2020-10-13 11:36:18 - [MESSAGE][PASSED] - Object 'Object Repository/SEARCH_PAYMENT/CREDIT_OR_DEBIT_CARD' is checked

2020-10-13 11:36:18 - [MESSAGE][PASSED] - Object 'Object Repository/SEARCH_PAYMENT/CARD_NUMBER' is present

2020-10-13 11:36:18 - [MESSAGE][PASSED] - Object 'Object Repository/SEARCH_PAYMENT/CARD_NUMBER' is visible

2020-10-13 11:36:19 - [MESSAGE][PASSED] - Object 'Object Repository/SEARCH_PAYMENT/CARD_NUMBER' is present

2020-10-13 11:36:20 - [MESSAGE][PASSED] - Text '374245003731006' is set on object 'Object Repository/SEARCH_PAYMENT/CARD_NUMBER'

2020-10-13 11:36:20 - [MESSAGE][PASSED] - Consumer_Payment_Making.ts:Entered'374245003731006 into CArdNum

2020-10-13 11:36:20 - [MESSAGE][PASSED] - Credit card is checked and cardNum is entered 

2020-10-13 11:36:20 - [TEST_STEP][PASSED] - utilities.SafeActions.safeClick(findTestObject("SEARCH_PAYMENT/SEARCH_BUTTON"), "Search", [pageLoadTime]): Consumer_Payment_Making.ts:Clicked on the Search

2020-10-13 11:36:20 - [MESSAGE][INFO] - safeClicking

2020-10-13 11:36:20 - [MESSAGE][PASSED] - Object 'Object Repository/SEARCH_PAYMENT/SEARCH_BUTTON' is present

2020-10-13 11:36:21 - [MESSAGE][PASSED] - Object 'Object Repository/SEARCH_PAYMENT/SEARCH_BUTTON' is clickable

2020-10-13 11:36:26 - [MESSAGE][PASSED] - Object: 'Object Repository/SEARCH_PAYMENT/SEARCH_BUTTON' is clicked on

2020-10-13 11:36:26 - [MESSAGE][PASSED] - Consumer_Payment_Making.ts:Clicked on the Search

2020-10-13 11:36:26 - [TEST_STEP][PASSED] - pages.Payment_Page.verifyPaymentDetailsInReceipt(PaymentId): pages.Payment_Page.verifyPaymentDetailsInReceipt is PASSED

2020-10-13 11:36:27 - [MESSAGE][PASSED] - Text of object 'Object Repository/SEARCH_PAYMENT/REFERNCE_NUM' is: '11'

2020-10-13 11:36:28 - [MESSAGE][PASSED] - Text of object 'Object Repository/SEARCH_PAYMENT/PAYMENT_ID' is: '100176127442'

2020-10-13 11:36:28 - [MESSAGE][PASSED] - pages.Payment_Page.verifyPaymentDetailsInReceipt is PASSED

2020-10-13 11:36:28 - [TEST_STEP][PASSED] - utilities.SafeActions.safeClick(findTestObject("SEARCH_PAYMENT/SEARCH_ ICON"), "SearchIcon", [pageLoadTime]): Consumer_Payment_Making.ts:Clicked on the SearchIcon

2020-10-13 11:36:28 - [MESSAGE][INFO] - safeClicking

2020-10-13 11:36:28 - [MESSAGE][PASSED] - Object 'Object Repository/SEARCH_PAYMENT/SEARCH_ ICON' is present

2020-10-13 11:36:29 - [MESSAGE][PASSED] - Object 'Object Repository/SEARCH_PAYMENT/SEARCH_ ICON' is clickable

2020-10-13 11:36:30 - [MESSAGE][PASSED] - Object: 'Object Repository/SEARCH_PAYMENT/SEARCH_ ICON' is clicked on

2020-10-13 11:36:30 - [MESSAGE][PASSED] - Consumer_Payment_Making.ts:Clicked on the SearchIcon

2020-10-13 11:36:30 - [TEST_STEP][PASSED] - delay(2): Delayed 2 second(s)

2020-10-13 11:36:32 - [MESSAGE][PASSED] - Delayed 2 second(s)

2020-10-13 11:36:32 - [TEST_STEP][PASSED] - scrollToElement(findTestObject("SEARCH_PAYMENT/CLOSE_BUTTON"), 0): Scroll to object 'Object Repository/SEARCH_PAYMENT/CLOSE_BUTTON' successfully

2020-10-13 11:36:32 - [MESSAGE][WARNING] - Timeout '0' is invalid. Using default page load timeout: '30'

2020-10-13 11:36:32 - [MESSAGE][PASSED] - Scroll to object 'Object Repository/SEARCH_PAYMENT/CLOSE_BUTTON' successfully

2020-10-13 11:36:32 - [TEST_STEP][PASSED] - utilities.SafeActions.safeClick(findTestObject("SEARCH_PAYMENT/EMAIL_ RECEIPT"), "Email Receipt", [pageLoadTime]): Consumer_Payment_Making.ts:Clicked on the Email Receipt

2020-10-13 11:36:32 - [MESSAGE][INFO] - safeClicking

2020-10-13 11:36:33 - [MESSAGE][PASSED] - Object 'Object Repository/SEARCH_PAYMENT/EMAIL_ RECEIPT' is present

2020-10-13 11:36:33 - [MESSAGE][PASSED] - Object 'Object Repository/SEARCH_PAYMENT/EMAIL_ RECEIPT' is clickable

2020-10-13 11:36:34 - [MESSAGE][PASSED] - Object: 'Object Repository/SEARCH_PAYMENT/EMAIL_ RECEIPT' is clicked on

2020-10-13 11:36:34 - [MESSAGE][PASSED] - Consumer_Payment_Making.ts:Clicked on the Email Receipt

2020-10-13 11:36:34 - [TEST_STEP][PASSED] - utilities.SafeActions.safeClick(findTestObject("SEARCH_PAYMENT/SEND_ EMAIL_BUTTON"), "Send Email", [pageLoadTime]): Consumer_Payment_Making.ts:Clicked on the Send Email

2020-10-13 11:36:34 - [MESSAGE][INFO] - safeClicking

2020-10-13 11:36:35 - [MESSAGE][PASSED] - Object 'Object Repository/SEARCH_PAYMENT/SEND_ EMAIL_BUTTON' is present

2020-10-13 11:36:35 - [MESSAGE][PASSED] - Object 'Object Repository/SEARCH_PAYMENT/SEND_ EMAIL_BUTTON' is clickable

2020-10-13 11:36:36 - [MESSAGE][PASSED] - Object: 'Object Repository/SEARCH_PAYMENT/SEND_ EMAIL_BUTTON' is clicked on

2020-10-13 11:36:36 - [MESSAGE][PASSED] - Consumer_Payment_Making.ts:Clicked on the Send Email

2020-10-13 11:36:36 - [TEST_STEP][PASSED] - Start listener action : afterTestCase: Browser is closed

2020-10-13 11:36:36 - [TEST_STEP][PASSED] - closeBrowser(): Browser is closed

2020-10-13 11:36:40 - [MESSAGE][PASSED] - Browser is closed]]></system-out>
         <system-err><![CDATA[]]></system-err>
      </testcase>
      <testcase name="Test Cases/Consumer_Make_Payment/TC_002_Credit_MultiLine_Payment" time="156.542" classname="Test Cases/Consumer_Make_Payment/TC_002_Credit_MultiLine_Payment" status="PASSED">
         <system-out><![CDATA[2020-10-13 11:36:40 - [TEST_CASE][PASSED] - Test Cases/Consumer_Make_Payment/TC_002_Credit_MultiLine_Payment: Test Cases/Consumer_Make_Payment/TC_002_Credit_MultiLine_Payment

2020-10-13 11:36:41 - [TEST_STEP][PASSED] - Start listener action : beforeTestCase: null

2020-10-13 11:36:41 - [TEST_STEP][PASSED] - utilities.SafeActions.openBrowser(certpay_url, [pageLoadTime]): Browser launched successfully

2020-10-13 11:36:41 - [MESSAGE][INFO] - Opening Browser

2020-10-13 11:36:41 - [MESSAGE][INFO] - Starting 'Chrome' driver

2020-10-13 11:36:49 - [MESSAGE][PASSED] - Browser is opened with url: 'https://qa-certpay.faps.net/'

2020-10-13 11:36:51 - [MESSAGE][PASSED] - Current window maximized

2020-10-13 11:36:51 - [MESSAGE][PASSED] - Browser launched successfully

2020-10-13 11:36:51 - [TEST_STEP][PASSED] - utilities.SafeActions.safeType(findTestObject("MAKE_ PAYMENT/Home_ Page/BUREAU_CODE"), bureauCode, "Bureau code", [pageLoadTime]): Consumer_Payment_Making.ts:Entered'6100000 into Bureau code

2020-10-13 11:36:52 - [MESSAGE][PASSED] - Object 'Object Repository/MAKE_ PAYMENT/Home_ Page/BUREAU_CODE' is present

2020-10-13 11:36:52 - [MESSAGE][PASSED] - Object 'Object Repository/MAKE_ PAYMENT/Home_ Page/BUREAU_CODE' is visible

2020-10-13 11:36:52 - [MESSAGE][PASSED] - Object 'Object Repository/MAKE_ PAYMENT/Home_ Page/BUREAU_CODE' is present

2020-10-13 11:36:53 - [MESSAGE][PASSED] - Text '6100000' is set on object 'Object Repository/MAKE_ PAYMENT/Home_ Page/BUREAU_CODE'

2020-10-13 11:36:53 - [MESSAGE][PASSED] - Consumer_Payment_Making.ts:Entered'6100000 into Bureau code

2020-10-13 11:36:53 - [TEST_STEP][PASSED] - utilities.SafeActions.safeClick(findTestObject("MAKE_ PAYMENT/Home_ Page/BEGIN_PAYMENT"), "Begin payment", [pageLoadTime]): Consumer_Payment_Making.ts:Clicked on the Begin payment

2020-10-13 11:36:53 - [MESSAGE][INFO] - safeClicking

2020-10-13 11:36:54 - [MESSAGE][PASSED] - Object 'Object Repository/MAKE_ PAYMENT/Home_ Page/BEGIN_PAYMENT' is present

2020-10-13 11:36:54 - [MESSAGE][PASSED] - Object 'Object Repository/MAKE_ PAYMENT/Home_ Page/BEGIN_PAYMENT' is clickable

2020-10-13 11:36:57 - [MESSAGE][PASSED] - Object: 'Object Repository/MAKE_ PAYMENT/Home_ Page/BEGIN_PAYMENT' is clicked on

2020-10-13 11:36:57 - [MESSAGE][PASSED] - Consumer_Payment_Making.ts:Clicked on the Begin payment

2020-10-13 11:36:57 - [TEST_STEP][PASSED] - utilities.SafeActions.safeClick(findTestObject("MAKE_ PAYMENT/Home_ Page/CONTINUE"), "Continue", [pageLoadTime]): Consumer_Payment_Making.ts:Clicked on the Continue

2020-10-13 11:36:57 - [MESSAGE][INFO] - safeClicking

2020-10-13 11:36:58 - [MESSAGE][PASSED] - Object 'Object Repository/MAKE_ PAYMENT/Home_ Page/CONTINUE' is present

2020-10-13 11:36:58 - [MESSAGE][PASSED] - Object 'Object Repository/MAKE_ PAYMENT/Home_ Page/CONTINUE' is clickable

2020-10-13 11:37:02 - [MESSAGE][PASSED] - Object: 'Object Repository/MAKE_ PAYMENT/Home_ Page/CONTINUE' is clicked on

2020-10-13 11:37:02 - [MESSAGE][PASSED] - Consumer_Payment_Making.ts:Clicked on the Continue

2020-10-13 11:37:02 - [TEST_STEP][PASSED] - pages.Payment_Page.setAmount("1", paymentAmount, "testing", referenceNum): Consumer_Payment_Making.ts:Entered'testing into Comments

2020-10-13 11:37:03 - [MESSAGE][PASSED] - Object '' is present

2020-10-13 11:37:03 - [MESSAGE][PASSED] - Object '' is visible

2020-10-13 11:37:03 - [MESSAGE][PASSED] - Object '' is present

2020-10-13 11:37:05 - [MESSAGE][PASSED] - Text '20.00' is set on object ''

2020-10-13 11:37:05 - [MESSAGE][PASSED] - Consumer_Payment_Making.ts:Entered'20.00 into Amount

2020-10-13 11:37:05 - [MESSAGE][PASSED] - Object '' is present

2020-10-13 11:37:05 - [MESSAGE][PASSED] - Object '' is visible

2020-10-13 11:37:06 - [MESSAGE][PASSED] - Object '' is present

2020-10-13 11:37:07 - [MESSAGE][PASSED] - Text '12' is set on object ''

2020-10-13 11:37:07 - [MESSAGE][PASSED] - Consumer_Payment_Making.ts:Entered'12 into Amount

2020-10-13 11:37:07 - [MESSAGE][PASSED] - Object '' is present

2020-10-13 11:37:08 - [MESSAGE][PASSED] - Object '' is visible

2020-10-13 11:37:08 - [MESSAGE][PASSED] - Object '' is present

2020-10-13 11:37:09 - [MESSAGE][PASSED] - Text 'testing' is set on object ''

2020-10-13 11:37:09 - [MESSAGE][PASSED] - Consumer_Payment_Making.ts:Entered'testing into Comments

2020-10-13 11:37:09 - [TEST_STEP][PASSED] - utilities.SafeActions.safeClick(findTestObject("MAKE_ PAYMENT/Home_ Page/ADD_ANOTHER_PROPERTY"), "Multi-Payment", [pageLoadTime]): Consumer_Payment_Making.ts:Clicked on the Multi-Payment

2020-10-13 11:37:09 - [MESSAGE][INFO] - safeClicking

2020-10-13 11:37:09 - [MESSAGE][PASSED] - Object 'Object Repository/MAKE_ PAYMENT/Home_ Page/ADD_ANOTHER_PROPERTY' is present

2020-10-13 11:37:10 - [MESSAGE][PASSED] - Object 'Object Repository/MAKE_ PAYMENT/Home_ Page/ADD_ANOTHER_PROPERTY' is clickable

2020-10-13 11:37:13 - [MESSAGE][PASSED] - Object: 'Object Repository/MAKE_ PAYMENT/Home_ Page/ADD_ANOTHER_PROPERTY' is clicked on

2020-10-13 11:37:13 - [MESSAGE][PASSED] - Consumer_Payment_Making.ts:Clicked on the Multi-Payment

2020-10-13 11:37:13 - [TEST_STEP][PASSED] - pages.Payment_Page.setAmount("2", paymentAmount2, "Payment for testing", "22"): Consumer_Payment_Making.ts:Entered'Payment for testing into Comments

2020-10-13 11:37:14 - [MESSAGE][PASSED] - Object '' is present

2020-10-13 11:37:15 - [MESSAGE][PASSED] - Object '' is visible

2020-10-13 11:37:15 - [MESSAGE][PASSED] - Object '' is present

2020-10-13 11:37:16 - [MESSAGE][PASSED] - Text '15.00' is set on object ''

2020-10-13 11:37:16 - [MESSAGE][PASSED] - Consumer_Payment_Making.ts:Entered'15.00 into Amount

2020-10-13 11:37:16 - [MESSAGE][PASSED] - Object '' is present

2020-10-13 11:37:17 - [MESSAGE][PASSED] - Object '' is visible

2020-10-13 11:37:17 - [MESSAGE][PASSED] - Object '' is present

2020-10-13 11:37:18 - [MESSAGE][PASSED] - Text '22' is set on object ''

2020-10-13 11:37:18 - [MESSAGE][PASSED] - Consumer_Payment_Making.ts:Entered'22 into Amount

2020-10-13 11:37:18 - [MESSAGE][PASSED] - Object '' is present

2020-10-13 11:37:19 - [MESSAGE][PASSED] - Object '' is visible

2020-10-13 11:37:19 - [MESSAGE][PASSED] - Object '' is present

2020-10-13 11:37:20 - [MESSAGE][PASSED] - Text 'Payment for testing' is set on object ''

2020-10-13 11:37:20 - [MESSAGE][PASSED] - Consumer_Payment_Making.ts:Entered'Payment for testing into Comments

2020-10-13 11:37:20 - [TEST_STEP][PASSED] - utilities.SafeActions.safeCheck(findTestObject("MAKE_ PAYMENT/Home_ Page/BANK_CARD"), "Bank card", [pageLoadTime]): Consumer_Payment_Making.ts:Checkbox 'Bank card'is selected

2020-10-13 11:37:21 - [MESSAGE][PASSED] - Object 'Object Repository/MAKE_ PAYMENT/Home_ Page/BANK_CARD' is present

2020-10-13 11:37:22 - [MESSAGE][PASSED] - Object 'Object Repository/MAKE_ PAYMENT/Home_ Page/BANK_CARD' is present

2020-10-13 11:37:23 - [MESSAGE][PASSED] - Object: 'Object Repository/MAKE_ PAYMENT/Home_ Page/BANK_CARD' is clicked on

2020-10-13 11:37:23 - [MESSAGE][PASSED] - Consumer_Payment_Making.ts:Checkbox 'Bank card'is selected

2020-10-13 11:37:23 - [TEST_STEP][PASSED] - waitForPageLoad(2): Wait for page load successfully

2020-10-13 11:37:23 - [MESSAGE][PASSED] - Wait for page load successfully

2020-10-13 11:37:23 - [TEST_STEP][PASSED] - utilities.SafeActions.safeSelectOptionInDropdownByVisibleText(findTestObject("MAKE_ PAYMENT/Home_ Page/CARD_TYPE"), cardType, "CardType", [pageLoadTime]): selected dropdown option by visible text  Discoverfrom CardType

2020-10-13 11:37:23 - [MESSAGE][PASSED] - Object 'Object Repository/MAKE_ PAYMENT/Home_ Page/CARD_TYPE' is visible

2020-10-13 11:37:24 - [MESSAGE][PASSED] - Object 'Object Repository/MAKE_ PAYMENT/Home_ Page/CARD_TYPE' is present

2020-10-13 11:37:25 - [MESSAGE][PASSED] - Object: 'Object Repository/MAKE_ PAYMENT/Home_ Page/CARD_TYPE' is clicked on

2020-10-13 11:37:26 - [MESSAGE][PASSED] - All options with label 'Discover' are selected in object 'Object Repository/MAKE_ PAYMENT/Home_ Page/CARD_TYPE'  using regular expression

2020-10-13 11:37:26 - [MESSAGE][PASSED] - selected dropdown option by visible text  Discoverfrom CardType

2020-10-13 11:37:26 - [TEST_STEP][PASSED] - utilities.SafeActions.safeSelectOptionInDropdownByVisibleText(findTestObject("MAKE_ PAYMENT/Home_ Page/PAYMENT_TYPE"), paymentType, "Payment Type", [pageLoadTime]): selected dropdown option by visible text  Giftsfrom Payment Type

2020-10-13 11:37:27 - [MESSAGE][PASSED] - Object 'Object Repository/MAKE_ PAYMENT/Home_ Page/PAYMENT_TYPE' is visible

2020-10-13 11:37:27 - [MESSAGE][PASSED] - Object 'Object Repository/MAKE_ PAYMENT/Home_ Page/PAYMENT_TYPE' is present

2020-10-13 11:37:28 - [MESSAGE][PASSED] - Object: 'Object Repository/MAKE_ PAYMENT/Home_ Page/PAYMENT_TYPE' is clicked on

2020-10-13 11:37:29 - [MESSAGE][PASSED] - All options with label 'Gifts' are selected in object 'Object Repository/MAKE_ PAYMENT/Home_ Page/PAYMENT_TYPE'  using regular expression

2020-10-13 11:37:29 - [MESSAGE][PASSED] - selected dropdown option by visible text  Giftsfrom Payment Type

2020-10-13 11:37:29 - [TEST_STEP][PASSED] - utilities.SafeActions.safeClick(findTestObject("MAKE_ PAYMENT/Home_ Page/CONTINUE"), "Continue", [pageLoadTime]): Consumer_Payment_Making.ts:Clicked on the Continue

2020-10-13 11:37:29 - [MESSAGE][INFO] - safeClicking

2020-10-13 11:37:30 - [MESSAGE][PASSED] - Object 'Object Repository/MAKE_ PAYMENT/Home_ Page/CONTINUE' is present

2020-10-13 11:37:30 - [MESSAGE][PASSED] - Object 'Object Repository/MAKE_ PAYMENT/Home_ Page/CONTINUE' is clickable

2020-10-13 11:37:34 - [MESSAGE][PASSED] - Object: 'Object Repository/MAKE_ PAYMENT/Home_ Page/CONTINUE' is clicked on

2020-10-13 11:37:34 - [MESSAGE][PASSED] - Consumer_Payment_Making.ts:Clicked on the Continue

2020-10-13 11:37:34 - [TEST_STEP][PASSED] - pages.Payment_Page.setPersonalDetails(firstName, lastName, telephone): Consumer_Payment_Making.ts:Entered'9640400667 into Telephone

2020-10-13 11:37:35 - [MESSAGE][PASSED] - Object 'Object Repository/MAKE_ PAYMENT/Consumer_Personal_ Details/FIRST_NAME' is present

2020-10-13 11:37:36 - [MESSAGE][PASSED] - Object 'Object Repository/MAKE_ PAYMENT/Consumer_Personal_ Details/FIRST_NAME' is visible

2020-10-13 11:37:36 - [MESSAGE][PASSED] - Object 'Object Repository/MAKE_ PAYMENT/Consumer_Personal_ Details/FIRST_NAME' is present

2020-10-13 11:37:37 - [MESSAGE][PASSED] - Text 'Soha' is set on object 'Object Repository/MAKE_ PAYMENT/Consumer_Personal_ Details/FIRST_NAME'

2020-10-13 11:37:37 - [MESSAGE][PASSED] - Consumer_Payment_Making.ts:Entered'Soha into FirstName

2020-10-13 11:37:37 - [MESSAGE][PASSED] - Object 'Object Repository/MAKE_ PAYMENT/Consumer_Personal_ Details/LAST_NAME' is present

2020-10-13 11:37:38 - [MESSAGE][PASSED] - Object 'Object Repository/MAKE_ PAYMENT/Consumer_Personal_ Details/LAST_NAME' is visible

2020-10-13 11:37:38 - [MESSAGE][PASSED] - Object 'Object Repository/MAKE_ PAYMENT/Consumer_Personal_ Details/LAST_NAME' is present

2020-10-13 11:37:39 - [MESSAGE][PASSED] - Text 'brave' is set on object 'Object Repository/MAKE_ PAYMENT/Consumer_Personal_ Details/LAST_NAME'

2020-10-13 11:37:39 - [MESSAGE][PASSED] - Consumer_Payment_Making.ts:Entered'brave into LastName

2020-10-13 11:37:40 - [MESSAGE][PASSED] - Object 'Object Repository/MAKE_ PAYMENT/Consumer_Personal_ Details/TELEPHONE' is present

2020-10-13 11:37:40 - [MESSAGE][PASSED] - Object 'Object Repository/MAKE_ PAYMENT/Consumer_Personal_ Details/TELEPHONE' is visible

2020-10-13 11:37:40 - [MESSAGE][PASSED] - Object 'Object Repository/MAKE_ PAYMENT/Consumer_Personal_ Details/TELEPHONE' is present

2020-10-13 11:37:41 - [MESSAGE][PASSED] - Text '9640400667' is set on object 'Object Repository/MAKE_ PAYMENT/Consumer_Personal_ Details/TELEPHONE'

2020-10-13 11:37:41 - [MESSAGE][PASSED] - Consumer_Payment_Making.ts:Entered'9640400667 into Telephone

2020-10-13 11:37:41 - [TEST_STEP][PASSED] - pages.Payment_Page.setLocationDetails(address, zipCode): Consumer_Payment_Making.ts:Entered'76120 into ZipCode

2020-10-13 11:37:42 - [MESSAGE][PASSED] - Object 'Object Repository/MAKE_ PAYMENT/Consumer_Personal_ Details/ADDRESS' is present

2020-10-13 11:37:42 - [MESSAGE][PASSED] - Object 'Object Repository/MAKE_ PAYMENT/Consumer_Personal_ Details/ADDRESS' is visible

2020-10-13 11:37:42 - [MESSAGE][PASSED] - Object 'Object Repository/MAKE_ PAYMENT/Consumer_Personal_ Details/ADDRESS' is present

2020-10-13 11:37:44 - [MESSAGE][PASSED] - Text '14-2' is set on object 'Object Repository/MAKE_ PAYMENT/Consumer_Personal_ Details/ADDRESS'

2020-10-13 11:37:44 - [MESSAGE][PASSED] - Consumer_Payment_Making.ts:Entered'14-2 into Address

2020-10-13 11:37:44 - [MESSAGE][PASSED] - Object 'Object Repository/MAKE_ PAYMENT/Consumer_Personal_ Details/ZIP_CODE' is present

2020-10-13 11:37:44 - [MESSAGE][PASSED] - Object 'Object Repository/MAKE_ PAYMENT/Consumer_Personal_ Details/ZIP_CODE' is visible

2020-10-13 11:37:45 - [MESSAGE][PASSED] - Object 'Object Repository/MAKE_ PAYMENT/Consumer_Personal_ Details/ZIP_CODE' is present

2020-10-13 11:37:46 - [MESSAGE][PASSED] - Text '76120' is set on object 'Object Repository/MAKE_ PAYMENT/Consumer_Personal_ Details/ZIP_CODE'

2020-10-13 11:37:46 - [MESSAGE][PASSED] - Consumer_Payment_Making.ts:Entered'76120 into ZipCode

2020-10-13 11:37:46 - [TEST_STEP][PASSED] - waitForElementClickable(findTestObject("MAKE_ PAYMENT/Home_ Page/CONTINUE"), 30): Object 'Object Repository/MAKE_ PAYMENT/Home_ Page/CONTINUE' is clickable

2020-10-13 11:37:46 - [MESSAGE][PASSED] - Object 'Object Repository/MAKE_ PAYMENT/Home_ Page/CONTINUE' is clickable

2020-10-13 11:37:46 - [TEST_STEP][PASSED] - pages.Payment_Page.clickOnElement(findTestObject("MAKE_ PAYMENT/Home_ Page/CONTINUE")): pages.Payment_Page.clickOnElement is PASSED

2020-10-13 11:37:50 - [MESSAGE][PASSED] - Execute JavaScript 'arguments[0].click()' successfully

2020-10-13 11:37:50 - [MESSAGE][PASSED] - pages.Payment_Page.clickOnElement is PASSED

2020-10-13 11:37:50 - [TEST_STEP][PASSED] - utilities.SafeActions.safeCheck(findTestObject("MAKE_ PAYMENT/Consumer_Personal_ Details/CheckBox"), "Billing CheckBox", [pageLoadTime]): Consumer_Payment_Making.ts:Checkbox 'Billing CheckBox'is selected

2020-10-13 11:37:51 - [MESSAGE][PASSED] - Object 'Object Repository/MAKE_ PAYMENT/Consumer_Personal_ Details/CheckBox' is present

2020-10-13 11:37:52 - [MESSAGE][PASSED] - Object 'Object Repository/MAKE_ PAYMENT/Consumer_Personal_ Details/CheckBox' is present

2020-10-13 11:37:53 - [MESSAGE][PASSED] - Object: 'Object Repository/MAKE_ PAYMENT/Consumer_Personal_ Details/CheckBox' is clicked on

2020-10-13 11:37:53 - [MESSAGE][PASSED] - Consumer_Payment_Making.ts:Checkbox 'Billing CheckBox'is selected

2020-10-13 11:37:53 - [TEST_STEP][PASSED] - waitForPageLoad(0): Wait for page load successfully

2020-10-13 11:37:53 - [MESSAGE][WARNING] - Timeout '0' is invalid. Using default page load timeout: '30'

2020-10-13 11:37:55 - [MESSAGE][PASSED] - Wait for page load successfully

2020-10-13 11:37:55 - [TEST_STEP][PASSED] - utilities.SafeActions.safeClick(findTestObject("MAKE_ PAYMENT/Home_ Page/CONTINUE"), "Continue", [pageLoadTime]): Consumer_Payment_Making.ts:Clicked on the Continue

2020-10-13 11:37:55 - [MESSAGE][INFO] - safeClicking

2020-10-13 11:37:56 - [MESSAGE][PASSED] - Object 'Object Repository/MAKE_ PAYMENT/Home_ Page/CONTINUE' is present

2020-10-13 11:37:56 - [MESSAGE][PASSED] - Object 'Object Repository/MAKE_ PAYMENT/Home_ Page/CONTINUE' is clickable

2020-10-13 11:37:59 - [MESSAGE][PASSED] - Object: 'Object Repository/MAKE_ PAYMENT/Home_ Page/CONTINUE' is clicked on

2020-10-13 11:37:59 - [MESSAGE][PASSED] - Consumer_Payment_Making.ts:Clicked on the Continue

2020-10-13 11:37:59 - [TEST_STEP][PASSED] - pages.Payment_Page.setCardDetails(cardNum, securityCode, expYear, expMonth): Actual text '6510000000000133' and expected text '6510000000000133' are matched  using regular expression

2020-10-13 11:38:01 - [MESSAGE][PASSED] - Object 'Object Repository/MAKE_ PAYMENT/Consumer_Personal_ Details/CARD_NUM' is present

2020-10-13 11:38:01 - [MESSAGE][PASSED] - Object 'Object Repository/MAKE_ PAYMENT/Consumer_Personal_ Details/CARD_NUM' is visible

2020-10-13 11:38:01 - [MESSAGE][PASSED] - Object 'Object Repository/MAKE_ PAYMENT/Consumer_Personal_ Details/CARD_NUM' is present

2020-10-13 11:38:03 - [MESSAGE][PASSED] - Text '6510000000000133' is set on object 'Object Repository/MAKE_ PAYMENT/Consumer_Personal_ Details/CARD_NUM'

2020-10-13 11:38:03 - [MESSAGE][PASSED] - Consumer_Payment_Making.ts:Entered'6510000000000133 into CardNum

2020-10-13 11:38:03 - [MESSAGE][PASSED] - Object 'Object Repository/MAKE_ PAYMENT/Consumer_Personal_ Details/EXP_MONTH' is visible

2020-10-13 11:38:03 - [MESSAGE][PASSED] - Object 'Object Repository/MAKE_ PAYMENT/Consumer_Personal_ Details/EXP_MONTH' is present

2020-10-13 11:38:05 - [MESSAGE][PASSED] - Object: 'Object Repository/MAKE_ PAYMENT/Consumer_Personal_ Details/EXP_MONTH' is clicked on

2020-10-13 11:38:06 - [MESSAGE][PASSED] - All options with label '05' are selected in object 'Object Repository/MAKE_ PAYMENT/Consumer_Personal_ Details/EXP_MONTH'  using regular expression

2020-10-13 11:38:06 - [MESSAGE][PASSED] - selected dropdown option by visible text  05from Month

2020-10-13 11:38:06 - [MESSAGE][PASSED] - Object 'Object Repository/MAKE_ PAYMENT/Consumer_Personal_ Details/EXP_YEAR' is visible

2020-10-13 11:38:07 - [MESSAGE][PASSED] - Object 'Object Repository/MAKE_ PAYMENT/Consumer_Personal_ Details/EXP_YEAR' is present

2020-10-13 11:38:08 - [MESSAGE][PASSED] - Object: 'Object Repository/MAKE_ PAYMENT/Consumer_Personal_ Details/EXP_YEAR' is clicked on

2020-10-13 11:38:09 - [MESSAGE][PASSED] - All options with label '2021' are selected in object 'Object Repository/MAKE_ PAYMENT/Consumer_Personal_ Details/EXP_YEAR'  using regular expression

2020-10-13 11:38:09 - [MESSAGE][PASSED] - selected dropdown option by visible text  2021from year

2020-10-13 11:38:09 - [MESSAGE][PASSED] - Object 'Object Repository/MAKE_ PAYMENT/Consumer_Personal_ Details/SECURITY_CODE' is present

2020-10-13 11:38:10 - [MESSAGE][PASSED] - Object 'Object Repository/MAKE_ PAYMENT/Consumer_Personal_ Details/SECURITY_CODE' is visible

2020-10-13 11:38:10 - [MESSAGE][PASSED] - Object 'Object Repository/MAKE_ PAYMENT/Consumer_Personal_ Details/SECURITY_CODE' is present

2020-10-13 11:38:11 - [MESSAGE][PASSED] - Text '207' is set on object 'Object Repository/MAKE_ PAYMENT/Consumer_Personal_ Details/SECURITY_CODE'

2020-10-13 11:38:11 - [MESSAGE][PASSED] - Consumer_Payment_Making.ts:Entered'207 into SecurityCode

2020-10-13 11:38:12 - [MESSAGE][PASSED] - Attribute 'value' of object 'Object Repository/MAKE_ PAYMENT/Consumer_Personal_ Details/CARD_NUM' is: '6510000000000133'

2020-10-13 11:38:12 - [MESSAGE][PASSED] - Actual text '6510000000000133' and expected text '6510000000000133' are matched  using regular expression

2020-10-13 11:38:12 - [TEST_STEP][PASSED] - utilities.SafeActions.safeType(findTestObject("MAKE_ PAYMENT/Consumer_Personal_ Details/EMAIL_ADDRESS"), emailAddress, "EmailAddress", [pageLoadTime]): Consumer_Payment_Making.ts:Entered'testing@zenq.com into EmailAddress

2020-10-13 11:38:12 - [MESSAGE][PASSED] - Object 'Object Repository/MAKE_ PAYMENT/Consumer_Personal_ Details/EMAIL_ADDRESS' is present

2020-10-13 11:38:12 - [MESSAGE][PASSED] - Object 'Object Repository/MAKE_ PAYMENT/Consumer_Personal_ Details/EMAIL_ADDRESS' is visible

2020-10-13 11:38:13 - [MESSAGE][PASSED] - Object 'Object Repository/MAKE_ PAYMENT/Consumer_Personal_ Details/EMAIL_ADDRESS' is present

2020-10-13 11:38:14 - [MESSAGE][PASSED] - Text 'testing@zenq.com' is set on object 'Object Repository/MAKE_ PAYMENT/Consumer_Personal_ Details/EMAIL_ADDRESS'

2020-10-13 11:38:14 - [MESSAGE][PASSED] - Consumer_Payment_Making.ts:Entered'testing@zenq.com into EmailAddress

2020-10-13 11:38:14 - [TEST_STEP][PASSED] - utilities.SafeActions.safeClick(findTestObject("MAKE_ PAYMENT/Home_ Page/CONTINUE"), "Continue", [pageLoadTime]): Consumer_Payment_Making.ts:Clicked on the Continue

2020-10-13 11:38:14 - [MESSAGE][INFO] - safeClicking

2020-10-13 11:38:14 - [MESSAGE][PASSED] - Object 'Object Repository/MAKE_ PAYMENT/Home_ Page/CONTINUE' is present

2020-10-13 11:38:14 - [MESSAGE][PASSED] - Object 'Object Repository/MAKE_ PAYMENT/Home_ Page/CONTINUE' is clickable

2020-10-13 11:38:18 - [MESSAGE][PASSED] - Object: 'Object Repository/MAKE_ PAYMENT/Home_ Page/CONTINUE' is clicked on

2020-10-13 11:38:18 - [MESSAGE][PASSED] - Consumer_Payment_Making.ts:Clicked on the Continue

2020-10-13 11:38:18 - [TEST_STEP][PASSED] - utilities.SafeActions.safeClick(findTestObject("MAKE_ PAYMENT/Consumer_Personal_ Details/I_AGREE"), "I agree", [pageLoadTime]): Consumer_Payment_Making.ts:Clicked on the I agree

2020-10-13 11:38:19 - [MESSAGE][INFO] - safeClicking

2020-10-13 11:38:20 - [MESSAGE][PASSED] - Object 'Object Repository/MAKE_ PAYMENT/Consumer_Personal_ Details/I_AGREE' is present

2020-10-13 11:38:20 - [MESSAGE][PASSED] - Object 'Object Repository/MAKE_ PAYMENT/Consumer_Personal_ Details/I_AGREE' is clickable

2020-10-13 11:38:23 - [MESSAGE][PASSED] - Object: 'Object Repository/MAKE_ PAYMENT/Consumer_Personal_ Details/I_AGREE' is clicked on

2020-10-13 11:38:23 - [MESSAGE][PASSED] - Consumer_Payment_Making.ts:Clicked on the I agree

2020-10-13 11:38:23 - [TEST_STEP][PASSED] - pages.Payment_Page.verifyUserDetails(firstName, lastName, emailAddress, cardType, ""): CardType matched

2020-10-13 11:38:24 - [MESSAGE][PASSED] - Scroll to object 'Object Repository/MAKE_ PAYMENT/Verification_ Details/FIRST_NAME' successfully

2020-10-13 11:38:24 - [MESSAGE][PASSED] - Text of object 'Object Repository/MAKE_ PAYMENT/Verification_ Details/FIRST_NAME' is: 'Soha'

2020-10-13 11:38:24 - [MESSAGE][PASSED] - Actual text 'Soha' and expected text 'Soha' are matched  using regular expression

2020-10-13 11:38:25 - [MESSAGE][PASSED] - Text of object 'Object Repository/MAKE_ PAYMENT/Verification_ Details/LAST_NAME' is: 'brave'

2020-10-13 11:38:25 - [MESSAGE][PASSED] - Actual text 'brave' and expected text 'brave' are matched  using regular expression

2020-10-13 11:38:27 - [MESSAGE][PASSED] - Text of object 'Object Repository/MAKE_ PAYMENT/Verification_ Details/EMAIL_ADDRESS' is: 'testing@zenq.com'

2020-10-13 11:38:27 - [MESSAGE][PASSED] - Actual text 'testing@zenq.com' and expected text 'testing@zenq.com' are matched  using regular expression

2020-10-13 11:38:27 - [MESSAGE][PASSED] - Text of object 'Object Repository/MAKE_ PAYMENT/Verification_ Details/CARD_TYPE' is: 'Discover'

2020-10-13 11:38:27 - [MESSAGE][PASSED] - Actual text 'Discover' and expected text 'Discover' are matched  using regular expression

2020-10-13 11:38:27 - [MESSAGE][PASSED] - CardType matched

2020-10-13 11:38:27 - [TEST_STEP][PASSED] - utilities.SafeActions.safeClick(findTestObject("MAKE_ PAYMENT/Verification_ Details/PROCESS_PAYMENT"), "Process Payment", [pageLoadTime]): Consumer_Payment_Making.ts:Clicked on the Process Payment

2020-10-13 11:38:27 - [MESSAGE][INFO] - safeClicking

2020-10-13 11:38:28 - [MESSAGE][PASSED] - Object 'Object Repository/MAKE_ PAYMENT/Verification_ Details/PROCESS_PAYMENT' is present

2020-10-13 11:38:28 - [MESSAGE][PASSED] - Object 'Object Repository/MAKE_ PAYMENT/Verification_ Details/PROCESS_PAYMENT' is clickable

2020-10-13 11:38:29 - [MESSAGE][PASSED] - Object: 'Object Repository/MAKE_ PAYMENT/Verification_ Details/PROCESS_PAYMENT' is clicked on

2020-10-13 11:38:29 - [MESSAGE][PASSED] - Consumer_Payment_Making.ts:Clicked on the Process Payment

2020-10-13 11:38:29 - [TEST_STEP][PASSED] - utilities.SafeActions.safeClick(findTestObject("MAKE_ PAYMENT/Verification_ Details/YES_BUTTON"), "yes button", [pageLoadTime]): Consumer_Payment_Making.ts:Clicked on the yes button

2020-10-13 11:38:29 - [MESSAGE][INFO] - safeClicking

2020-10-13 11:38:30 - [MESSAGE][PASSED] - Object 'Object Repository/MAKE_ PAYMENT/Verification_ Details/YES_BUTTON' is present

2020-10-13 11:38:30 - [MESSAGE][PASSED] - Object 'Object Repository/MAKE_ PAYMENT/Verification_ Details/YES_BUTTON' is clickable

2020-10-13 11:38:37 - [MESSAGE][PASSED] - Object: 'Object Repository/MAKE_ PAYMENT/Verification_ Details/YES_BUTTON' is clicked on

2020-10-13 11:38:37 - [MESSAGE][PASSED] - Consumer_Payment_Making.ts:Clicked on the yes button

2020-10-13 11:38:37 - [TEST_STEP][PASSED] - PaymentID = pages.Payment_Page.verifyCardPaymentApproval(referenceNum): pages.Payment_Page.verifyCardPaymentApproval is PASSED

2020-10-13 11:38:38 - [MESSAGE][PASSED] - Text of object 'Object Repository/MAKE_ PAYMENT/Verification_ Details/PAY_ID_CARD' is: '100176127446'

2020-10-13 11:38:41 - [MESSAGE][PASSED] - Text of object 'Object Repository/MAKE_ PAYMENT/Verification_ Details/REFERENCE_NUM' is: '12'

2020-10-13 11:38:41 - [MESSAGE][PASSED] - pages.Payment_Page.verifyCardPaymentApproval is PASSED

2020-10-13 11:38:41 - [TEST_STEP][PASSED] - utilities.SafeActions.safeClick(findTestObject("SEARCH_PAYMENT/SEARCH_PAYMENT"), "Search Payment", [pageLoadTime]): Consumer_Payment_Making.ts:Clicked on the Search Payment

2020-10-13 11:38:41 - [MESSAGE][INFO] - safeClicking

2020-10-13 11:38:42 - [MESSAGE][PASSED] - Object 'Object Repository/SEARCH_PAYMENT/SEARCH_PAYMENT' is present

2020-10-13 11:38:42 - [MESSAGE][PASSED] - Object 'Object Repository/SEARCH_PAYMENT/SEARCH_PAYMENT' is clickable

2020-10-13 11:38:43 - [MESSAGE][PASSED] - Object: 'Object Repository/SEARCH_PAYMENT/SEARCH_PAYMENT' is clicked on

2020-10-13 11:38:43 - [MESSAGE][PASSED] - Consumer_Payment_Making.ts:Clicked on the Search Payment

2020-10-13 11:38:43 - [TEST_STEP][PASSED] - waitForPageLoad(10): Wait for page load successfully

2020-10-13 11:38:43 - [MESSAGE][PASSED] - Wait for page load successfully

2020-10-13 11:38:43 - [TEST_STEP][PASSED] - pages.Search_Page.switchToWindow(): pages.Search_Page.switchToWindow is PASSED

2020-10-13 11:38:45 - [MESSAGE][PASSED] - Object: 'Object Repository/SEARCH_PAYMENT/SEARCH_PAYMENT' is clicked on

2020-10-13 11:38:45 - [MESSAGE][PASSED] - Switched to window with index: '1'

2020-10-13 11:38:45 - [MESSAGE][PASSED] - pages.Search_Page.switchToWindow is PASSED

2020-10-13 11:38:45 - [TEST_STEP][PASSED] - utilities.SafeActions.safeCheck(findTestObject("SEARCH_PAYMENT/CREDIT_OR_DEBIT_CARD"), "Credit card", [pageLoadTime]): Consumer_Payment_Making.ts:Checkbox 'Credit card'is selected

2020-10-13 11:38:47 - [MESSAGE][PASSED] - Object 'Object Repository/SEARCH_PAYMENT/CREDIT_OR_DEBIT_CARD' is present

2020-10-13 11:38:49 - [MESSAGE][PASSED] - Object 'Object Repository/SEARCH_PAYMENT/CREDIT_OR_DEBIT_CARD' is present

2020-10-13 11:38:50 - [MESSAGE][PASSED] - Object: 'Object Repository/SEARCH_PAYMENT/CREDIT_OR_DEBIT_CARD' is clicked on

2020-10-13 11:38:50 - [MESSAGE][PASSED] - Consumer_Payment_Making.ts:Checkbox 'Credit card'is selected

2020-10-13 11:38:50 - [TEST_STEP][PASSED] - pages.Search_Page.setSearchDetails(lastName, cardNum, accNum): Credit card is checked and cardNum is entered 

2020-10-13 11:38:50 - [MESSAGE][PASSED] - Object 'Object Repository/SEARCH_PAYMENT/BILLING_LAST_NAME' is present

2020-10-13 11:38:51 - [MESSAGE][PASSED] - Object 'Object Repository/SEARCH_PAYMENT/BILLING_LAST_NAME' is visible

2020-10-13 11:38:51 - [MESSAGE][PASSED] - Object 'Object Repository/SEARCH_PAYMENT/BILLING_LAST_NAME' is present

2020-10-13 11:38:52 - [MESSAGE][PASSED] - Text 'brave' is set on object 'Object Repository/SEARCH_PAYMENT/BILLING_LAST_NAME'

2020-10-13 11:38:52 - [MESSAGE][PASSED] - Consumer_Payment_Making.ts:Entered'brave into LastName

2020-10-13 11:38:52 - [MESSAGE][PASSED] - Object 'Object Repository/SEARCH_PAYMENT/CREDIT_OR_DEBIT_CARD' is checked

2020-10-13 11:38:53 - [MESSAGE][PASSED] - Object 'Object Repository/SEARCH_PAYMENT/CARD_NUMBER' is present

2020-10-13 11:38:53 - [MESSAGE][PASSED] - Object 'Object Repository/SEARCH_PAYMENT/CARD_NUMBER' is visible

2020-10-13 11:38:53 - [MESSAGE][PASSED] - Object 'Object Repository/SEARCH_PAYMENT/CARD_NUMBER' is present

2020-10-13 11:38:55 - [MESSAGE][PASSED] - Text '6510000000000133' is set on object 'Object Repository/SEARCH_PAYMENT/CARD_NUMBER'

2020-10-13 11:38:55 - [MESSAGE][PASSED] - Consumer_Payment_Making.ts:Entered'6510000000000133 into CArdNum

2020-10-13 11:38:55 - [MESSAGE][PASSED] - Credit card is checked and cardNum is entered 

2020-10-13 11:38:55 - [TEST_STEP][PASSED] - utilities.SafeActions.safeClick(findTestObject("SEARCH_PAYMENT/SEARCH_BUTTON"), "Search", [pageLoadTime]): Consumer_Payment_Making.ts:Clicked on the Search

2020-10-13 11:38:55 - [MESSAGE][INFO] - safeClicking

2020-10-13 11:38:55 - [MESSAGE][PASSED] - Object 'Object Repository/SEARCH_PAYMENT/SEARCH_BUTTON' is present

2020-10-13 11:38:55 - [MESSAGE][PASSED] - Object 'Object Repository/SEARCH_PAYMENT/SEARCH_BUTTON' is clickable

2020-10-13 11:39:03 - [MESSAGE][PASSED] - Object: 'Object Repository/SEARCH_PAYMENT/SEARCH_BUTTON' is clicked on

2020-10-13 11:39:03 - [MESSAGE][PASSED] - Consumer_Payment_Making.ts:Clicked on the Search

2020-10-13 11:39:03 - [TEST_STEP][PASSED] - pages.Payment_Page.verifyPaymentDetailsInReceipt(PaymentID): pages.Payment_Page.verifyPaymentDetailsInReceipt is PASSED

2020-10-13 11:39:05 - [MESSAGE][PASSED] - Text of object 'Object Repository/SEARCH_PAYMENT/REFERNCE_NUM' is: '22'

2020-10-13 11:39:05 - [MESSAGE][PASSED] - Text of object 'Object Repository/SEARCH_PAYMENT/PAYMENT_ID' is: '100176127450'

2020-10-13 11:39:05 - [MESSAGE][PASSED] - pages.Payment_Page.verifyPaymentDetailsInReceipt is PASSED

2020-10-13 11:39:05 - [TEST_STEP][PASSED] - utilities.SafeActions.safeClick(findTestObject("SEARCH_PAYMENT/SEARCH_ ICON"), "SearchIcon", [pageLoadTime]): Consumer_Payment_Making.ts:Clicked on the SearchIcon

2020-10-13 11:39:05 - [MESSAGE][INFO] - safeClicking

2020-10-13 11:39:05 - [MESSAGE][PASSED] - Object 'Object Repository/SEARCH_PAYMENT/SEARCH_ ICON' is present

2020-10-13 11:39:05 - [MESSAGE][PASSED] - Object 'Object Repository/SEARCH_PAYMENT/SEARCH_ ICON' is clickable

2020-10-13 11:39:07 - [MESSAGE][PASSED] - Object: 'Object Repository/SEARCH_PAYMENT/SEARCH_ ICON' is clicked on

2020-10-13 11:39:07 - [MESSAGE][PASSED] - Consumer_Payment_Making.ts:Clicked on the SearchIcon

2020-10-13 11:39:07 - [TEST_STEP][PASSED] - delay(2): Delayed 2 second(s)

2020-10-13 11:39:09 - [MESSAGE][PASSED] - Delayed 2 second(s)

2020-10-13 11:39:09 - [TEST_STEP][PASSED] - scrollToElement(findTestObject("SEARCH_PAYMENT/CLOSE_BUTTON"), 0): Scroll to object 'Object Repository/SEARCH_PAYMENT/CLOSE_BUTTON' successfully

2020-10-13 11:39:09 - [MESSAGE][WARNING] - Timeout '0' is invalid. Using default page load timeout: '30'

2020-10-13 11:39:09 - [MESSAGE][PASSED] - Scroll to object 'Object Repository/SEARCH_PAYMENT/CLOSE_BUTTON' successfully

2020-10-13 11:39:09 - [TEST_STEP][PASSED] - utilities.SafeActions.safeClick(findTestObject("SEARCH_PAYMENT/EMAIL_ RECEIPT"), "Email Receipt", [pageLoadTime]): Consumer_Payment_Making.ts:Clicked on the Email Receipt

2020-10-13 11:39:09 - [MESSAGE][INFO] - safeClicking

2020-10-13 11:39:10 - [MESSAGE][PASSED] - Object 'Object Repository/SEARCH_PAYMENT/EMAIL_ RECEIPT' is present

2020-10-13 11:39:10 - [MESSAGE][PASSED] - Object 'Object Repository/SEARCH_PAYMENT/EMAIL_ RECEIPT' is clickable

2020-10-13 11:39:11 - [MESSAGE][PASSED] - Object: 'Object Repository/SEARCH_PAYMENT/EMAIL_ RECEIPT' is clicked on

2020-10-13 11:39:11 - [MESSAGE][PASSED] - Consumer_Payment_Making.ts:Clicked on the Email Receipt

2020-10-13 11:39:11 - [TEST_STEP][PASSED] - utilities.SafeActions.safeClick(findTestObject("SEARCH_PAYMENT/SEND_ EMAIL_BUTTON"), "Send Email", [pageLoadTime]): Consumer_Payment_Making.ts:Clicked on the Send Email

2020-10-13 11:39:11 - [MESSAGE][INFO] - safeClicking

2020-10-13 11:39:12 - [MESSAGE][PASSED] - Object 'Object Repository/SEARCH_PAYMENT/SEND_ EMAIL_BUTTON' is present

2020-10-13 11:39:12 - [MESSAGE][PASSED] - Object 'Object Repository/SEARCH_PAYMENT/SEND_ EMAIL_BUTTON' is clickable

2020-10-13 11:39:13 - [MESSAGE][PASSED] - Object: 'Object Repository/SEARCH_PAYMENT/SEND_ EMAIL_BUTTON' is clicked on

2020-10-13 11:39:13 - [MESSAGE][PASSED] - Consumer_Payment_Making.ts:Clicked on the Send Email

2020-10-13 11:39:13 - [TEST_STEP][PASSED] - Start listener action : afterTestCase: Browser is closed

2020-10-13 11:39:13 - [TEST_STEP][PASSED] - closeBrowser(): Browser is closed

2020-10-13 11:39:17 - [MESSAGE][PASSED] - Browser is closed]]></system-out>
         <system-err><![CDATA[]]></system-err>
      </testcase>
      <testcase name="Test Cases/Consumer_Make_Payment/TC_003_Echeck_Checking_SingleLine_Payment" time="147.246" classname="Test Cases/Consumer_Make_Payment/TC_003_Echeck_Checking_SingleLine_Payment" status="PASSED">
         <system-out><![CDATA[2020-10-13 11:39:17 - [TEST_CASE][PASSED] - Test Cases/Consumer_Make_Payment/TC_003_Echeck_Checking_SingleLine_Payment: Test Cases/Consumer_Make_Payment/TC_003_Echeck_Checking_SingleLine_Payment

2020-10-13 11:39:17 - [TEST_STEP][PASSED] - Start listener action : beforeTestCase: null

2020-10-13 11:39:18 - [TEST_STEP][PASSED] - utilities.SafeActions.openBrowser(certpay_url, [pageLoadTime]): Browser launched successfully

2020-10-13 11:39:18 - [MESSAGE][INFO] - Opening Browser

2020-10-13 11:39:18 - [MESSAGE][INFO] - Starting 'Chrome' driver

2020-10-13 11:39:26 - [MESSAGE][PASSED] - Browser is opened with url: 'https://qa-certpay.faps.net/'

2020-10-13 11:39:28 - [MESSAGE][PASSED] - Current window maximized

2020-10-13 11:39:28 - [MESSAGE][PASSED] - Browser launched successfully

2020-10-13 11:39:28 - [TEST_STEP][PASSED] - utilities.SafeActions.safeType(findTestObject("MAKE_ PAYMENT/Home_ Page/BUREAU_CODE"), bureauCode, "Bureau code", [pageLoadTime]): Consumer_Payment_Making.ts:Entered'6100000 into Bureau code

2020-10-13 11:39:28 - [MESSAGE][PASSED] - Object 'Object Repository/MAKE_ PAYMENT/Home_ Page/BUREAU_CODE' is present

2020-10-13 11:39:28 - [MESSAGE][PASSED] - Object 'Object Repository/MAKE_ PAYMENT/Home_ Page/BUREAU_CODE' is visible

2020-10-13 11:39:29 - [MESSAGE][PASSED] - Object 'Object Repository/MAKE_ PAYMENT/Home_ Page/BUREAU_CODE' is present

2020-10-13 11:39:30 - [MESSAGE][PASSED] - Text '6100000' is set on object 'Object Repository/MAKE_ PAYMENT/Home_ Page/BUREAU_CODE'

2020-10-13 11:39:30 - [MESSAGE][PASSED] - Consumer_Payment_Making.ts:Entered'6100000 into Bureau code

2020-10-13 11:39:30 - [TEST_STEP][PASSED] - utilities.SafeActions.safeClick(findTestObject("MAKE_ PAYMENT/Home_ Page/BEGIN_PAYMENT"), "Begin payment", [pageLoadTime]): Consumer_Payment_Making.ts:Clicked on the Begin payment

2020-10-13 11:39:30 - [MESSAGE][INFO] - safeClicking

2020-10-13 11:39:30 - [MESSAGE][PASSED] - Object 'Object Repository/MAKE_ PAYMENT/Home_ Page/BEGIN_PAYMENT' is present

2020-10-13 11:39:31 - [MESSAGE][PASSED] - Object 'Object Repository/MAKE_ PAYMENT/Home_ Page/BEGIN_PAYMENT' is clickable

2020-10-13 11:39:34 - [MESSAGE][PASSED] - Object: 'Object Repository/MAKE_ PAYMENT/Home_ Page/BEGIN_PAYMENT' is clicked on

2020-10-13 11:39:34 - [MESSAGE][PASSED] - Consumer_Payment_Making.ts:Clicked on the Begin payment

2020-10-13 11:39:34 - [TEST_STEP][PASSED] - utilities.SafeActions.safeClick(findTestObject("MAKE_ PAYMENT/Home_ Page/NEXT_BUTTON"), "Continue", [pageLoadTime]): Consumer_Payment_Making.ts:Clicked on the Continue

2020-10-13 11:39:34 - [MESSAGE][INFO] - safeClicking

2020-10-13 11:39:35 - [MESSAGE][PASSED] - Object 'Object Repository/MAKE_ PAYMENT/Home_ Page/NEXT_BUTTON' is present

2020-10-13 11:39:35 - [MESSAGE][PASSED] - Object 'Object Repository/MAKE_ PAYMENT/Home_ Page/NEXT_BUTTON' is clickable

2020-10-13 11:39:39 - [MESSAGE][PASSED] - Object: 'Object Repository/MAKE_ PAYMENT/Home_ Page/NEXT_BUTTON' is clicked on

2020-10-13 11:39:39 - [MESSAGE][PASSED] - Consumer_Payment_Making.ts:Clicked on the Continue

2020-10-13 11:39:39 - [TEST_STEP][PASSED] - utilities.SafeActions.safeCheck(findTestObject("MAKE_ PAYMENT/Home_ Page/ELECTRONIC_CHECK"), "Echeck", [pageLoadTime]): Consumer_Payment_Making.ts:Checkbox 'Echeck'is selected

2020-10-13 11:39:40 - [MESSAGE][PASSED] - Object 'Object Repository/MAKE_ PAYMENT/Home_ Page/ELECTRONIC_CHECK' is present

2020-10-13 11:39:41 - [MESSAGE][PASSED] - Object 'Object Repository/MAKE_ PAYMENT/Home_ Page/ELECTRONIC_CHECK' is present

2020-10-13 11:39:42 - [MESSAGE][PASSED] - Object: 'Object Repository/MAKE_ PAYMENT/Home_ Page/ELECTRONIC_CHECK' is clicked on

2020-10-13 11:39:42 - [MESSAGE][PASSED] - Consumer_Payment_Making.ts:Checkbox 'Echeck'is selected

2020-10-13 11:39:42 - [TEST_STEP][PASSED] - pages.Payment_Page.setAmount("1", paymentAmount, "testing", referenceNum): Consumer_Payment_Making.ts:Entered'testing into Comments

2020-10-13 11:39:44 - [MESSAGE][PASSED] - Object '' is present

2020-10-13 11:39:44 - [MESSAGE][PASSED] - Object '' is visible

2020-10-13 11:39:44 - [MESSAGE][PASSED] - Object '' is present

2020-10-13 11:39:46 - [MESSAGE][PASSED] - Text '30.00' is set on object ''

2020-10-13 11:39:46 - [MESSAGE][PASSED] - Consumer_Payment_Making.ts:Entered'30.00 into Amount

2020-10-13 11:39:46 - [MESSAGE][PASSED] - Object '' is present

2020-10-13 11:39:46 - [MESSAGE][PASSED] - Object '' is visible

2020-10-13 11:39:46 - [MESSAGE][PASSED] - Object '' is present

2020-10-13 11:39:48 - [MESSAGE][PASSED] - Text '13' is set on object ''

2020-10-13 11:39:48 - [MESSAGE][PASSED] - Consumer_Payment_Making.ts:Entered'13 into Amount

2020-10-13 11:39:48 - [MESSAGE][PASSED] - Object '' is present

2020-10-13 11:39:48 - [MESSAGE][PASSED] - Object '' is visible

2020-10-13 11:39:48 - [MESSAGE][PASSED] - Object '' is present

2020-10-13 11:39:50 - [MESSAGE][PASSED] - Text 'testing' is set on object ''

2020-10-13 11:39:50 - [MESSAGE][PASSED] - Consumer_Payment_Making.ts:Entered'testing into Comments

2020-10-13 11:39:50 - [TEST_STEP][PASSED] - utilities.SafeActions.safeSelectOptionInDropdownByVisibleText(findTestObject("MAKE_ PAYMENT/Home_ Page/PAYMENT_TYPE"), paymentType, "Payment Type", [pageLoadTime]): selected dropdown option by visible text  Licensesfrom Payment Type

2020-10-13 11:39:50 - [MESSAGE][PASSED] - Object 'Object Repository/MAKE_ PAYMENT/Home_ Page/PAYMENT_TYPE' is visible

2020-10-13 11:39:50 - [MESSAGE][PASSED] - Object 'Object Repository/MAKE_ PAYMENT/Home_ Page/PAYMENT_TYPE' is present

2020-10-13 11:39:52 - [MESSAGE][PASSED] - Object: 'Object Repository/MAKE_ PAYMENT/Home_ Page/PAYMENT_TYPE' is clicked on

2020-10-13 11:39:53 - [MESSAGE][PASSED] - All options with label 'Licenses' are selected in object 'Object Repository/MAKE_ PAYMENT/Home_ Page/PAYMENT_TYPE'  using regular expression

2020-10-13 11:39:53 - [MESSAGE][PASSED] - selected dropdown option by visible text  Licensesfrom Payment Type

2020-10-13 11:39:53 - [TEST_STEP][PASSED] - utilities.SafeActions.safeClick(findTestObject("MAKE_ PAYMENT/Home_ Page/CONTINUE"), "Continue", [pageLoadTime]): Consumer_Payment_Making.ts:Clicked on the Continue

2020-10-13 11:39:53 - [MESSAGE][INFO] - safeClicking

2020-10-13 11:39:53 - [MESSAGE][PASSED] - Object 'Object Repository/MAKE_ PAYMENT/Home_ Page/CONTINUE' is present

2020-10-13 11:39:53 - [MESSAGE][PASSED] - Object 'Object Repository/MAKE_ PAYMENT/Home_ Page/CONTINUE' is clickable

2020-10-13 11:39:57 - [MESSAGE][PASSED] - Object: 'Object Repository/MAKE_ PAYMENT/Home_ Page/CONTINUE' is clicked on

2020-10-13 11:39:57 - [MESSAGE][PASSED] - Consumer_Payment_Making.ts:Clicked on the Continue

2020-10-13 11:39:57 - [TEST_STEP][PASSED] - pages.Payment_Page.setPersonalDetails(firstName, lastName, telephone): Consumer_Payment_Making.ts:Entered'9898982244 into Telephone

2020-10-13 11:39:58 - [MESSAGE][PASSED] - Object 'Object Repository/MAKE_ PAYMENT/Consumer_Personal_ Details/FIRST_NAME' is present

2020-10-13 11:39:59 - [MESSAGE][PASSED] - Object 'Object Repository/MAKE_ PAYMENT/Consumer_Personal_ Details/FIRST_NAME' is visible

2020-10-13 11:39:59 - [MESSAGE][PASSED] - Object 'Object Repository/MAKE_ PAYMENT/Consumer_Personal_ Details/FIRST_NAME' is present

2020-10-13 11:40:00 - [MESSAGE][PASSED] - Text 'rema' is set on object 'Object Repository/MAKE_ PAYMENT/Consumer_Personal_ Details/FIRST_NAME'

2020-10-13 11:40:00 - [MESSAGE][PASSED] - Consumer_Payment_Making.ts:Entered'rema into FirstName

2020-10-13 11:40:01 - [MESSAGE][PASSED] - Object 'Object Repository/MAKE_ PAYMENT/Consumer_Personal_ Details/LAST_NAME' is present

2020-10-13 11:40:01 - [MESSAGE][PASSED] - Object 'Object Repository/MAKE_ PAYMENT/Consumer_Personal_ Details/LAST_NAME' is visible

2020-10-13 11:40:01 - [MESSAGE][PASSED] - Object 'Object Repository/MAKE_ PAYMENT/Consumer_Personal_ Details/LAST_NAME' is present

2020-10-13 11:40:02 - [MESSAGE][PASSED] - Text 'reiza' is set on object 'Object Repository/MAKE_ PAYMENT/Consumer_Personal_ Details/LAST_NAME'

2020-10-13 11:40:02 - [MESSAGE][PASSED] - Consumer_Payment_Making.ts:Entered'reiza into LastName

2020-10-13 11:40:03 - [MESSAGE][PASSED] - Object 'Object Repository/MAKE_ PAYMENT/Consumer_Personal_ Details/TELEPHONE' is present

2020-10-13 11:40:03 - [MESSAGE][PASSED] - Object 'Object Repository/MAKE_ PAYMENT/Consumer_Personal_ Details/TELEPHONE' is visible

2020-10-13 11:40:03 - [MESSAGE][PASSED] - Object 'Object Repository/MAKE_ PAYMENT/Consumer_Personal_ Details/TELEPHONE' is present

2020-10-13 11:40:05 - [MESSAGE][PASSED] - Text '9898982244' is set on object 'Object Repository/MAKE_ PAYMENT/Consumer_Personal_ Details/TELEPHONE'

2020-10-13 11:40:05 - [MESSAGE][PASSED] - Consumer_Payment_Making.ts:Entered'9898982244 into Telephone

2020-10-13 11:40:05 - [TEST_STEP][PASSED] - pages.Payment_Page.setLocationDetails(address, zipCode): Consumer_Payment_Making.ts:Entered'76103 into ZipCode

2020-10-13 11:40:05 - [MESSAGE][PASSED] - Object 'Object Repository/MAKE_ PAYMENT/Consumer_Personal_ Details/ADDRESS' is present

2020-10-13 11:40:05 - [MESSAGE][PASSED] - Object 'Object Repository/MAKE_ PAYMENT/Consumer_Personal_ Details/ADDRESS' is visible

2020-10-13 11:40:06 - [MESSAGE][PASSED] - Object 'Object Repository/MAKE_ PAYMENT/Consumer_Personal_ Details/ADDRESS' is present

2020-10-13 11:40:07 - [MESSAGE][PASSED] - Text '15-4' is set on object 'Object Repository/MAKE_ PAYMENT/Consumer_Personal_ Details/ADDRESS'

2020-10-13 11:40:07 - [MESSAGE][PASSED] - Consumer_Payment_Making.ts:Entered'15-4 into Address

2020-10-13 11:40:07 - [MESSAGE][PASSED] - Object 'Object Repository/MAKE_ PAYMENT/Consumer_Personal_ Details/ZIP_CODE' is present

2020-10-13 11:40:08 - [MESSAGE][PASSED] - Object 'Object Repository/MAKE_ PAYMENT/Consumer_Personal_ Details/ZIP_CODE' is visible

2020-10-13 11:40:08 - [MESSAGE][PASSED] - Object 'Object Repository/MAKE_ PAYMENT/Consumer_Personal_ Details/ZIP_CODE' is present

2020-10-13 11:40:09 - [MESSAGE][PASSED] - Text '76103' is set on object 'Object Repository/MAKE_ PAYMENT/Consumer_Personal_ Details/ZIP_CODE'

2020-10-13 11:40:09 - [MESSAGE][PASSED] - Consumer_Payment_Making.ts:Entered'76103 into ZipCode

2020-10-13 11:40:09 - [TEST_STEP][PASSED] - pages.Payment_Page.clickOnElement(findTestObject("MAKE_ PAYMENT/Home_ Page/CONTINUE")): pages.Payment_Page.clickOnElement is PASSED

2020-10-13 11:40:12 - [MESSAGE][PASSED] - Execute JavaScript 'arguments[0].click()' successfully

2020-10-13 11:40:12 - [MESSAGE][PASSED] - pages.Payment_Page.clickOnElement is PASSED

2020-10-13 11:40:12 - [TEST_STEP][PASSED] - utilities.SafeActions.safeCheck(findTestObject("MAKE_ PAYMENT/Consumer_Personal_ Details/CheckBox"), "Billing CheckBox", [pageLoadTime]): Consumer_Payment_Making.ts:Checkbox 'Billing CheckBox'is selected

2020-10-13 11:40:14 - [MESSAGE][PASSED] - Object 'Object Repository/MAKE_ PAYMENT/Consumer_Personal_ Details/CheckBox' is present

2020-10-13 11:40:15 - [MESSAGE][PASSED] - Object 'Object Repository/MAKE_ PAYMENT/Consumer_Personal_ Details/CheckBox' is present

2020-10-13 11:40:16 - [MESSAGE][PASSED] - Object: 'Object Repository/MAKE_ PAYMENT/Consumer_Personal_ Details/CheckBox' is clicked on

2020-10-13 11:40:16 - [MESSAGE][PASSED] - Consumer_Payment_Making.ts:Checkbox 'Billing CheckBox'is selected

2020-10-13 11:40:16 - [TEST_STEP][PASSED] - waitForPageLoad(2): Wait for page load successfully

2020-10-13 11:40:18 - [MESSAGE][PASSED] - Wait for page load successfully

2020-10-13 11:40:18 - [TEST_STEP][PASSED] - utilities.SafeActions.safeClick(findTestObject("MAKE_ PAYMENT/Home_ Page/CONTINUE"), "Continue", [pageLoadTime]): Consumer_Payment_Making.ts:Clicked on the Continue

2020-10-13 11:40:18 - [MESSAGE][INFO] - safeClicking

2020-10-13 11:40:18 - [MESSAGE][PASSED] - Object 'Object Repository/MAKE_ PAYMENT/Home_ Page/CONTINUE' is present

2020-10-13 11:40:19 - [MESSAGE][PASSED] - Object 'Object Repository/MAKE_ PAYMENT/Home_ Page/CONTINUE' is clickable

2020-10-13 11:40:23 - [MESSAGE][PASSED] - Object: 'Object Repository/MAKE_ PAYMENT/Home_ Page/CONTINUE' is clicked on

2020-10-13 11:40:23 - [MESSAGE][PASSED] - Consumer_Payment_Making.ts:Clicked on the Continue

2020-10-13 11:40:23 - [TEST_STEP][PASSED] - utilities.SafeActions.safeCheck(findTestObject("MAKE_ PAYMENT/Consumer_Personal_ Details/ACC_TYPE_CHECKING"), "Checking", [pageLoadTime]): Consumer_Payment_Making.ts:Checkbox 'Checking'is selected

2020-10-13 11:40:25 - [MESSAGE][PASSED] - Object 'Object Repository/MAKE_ PAYMENT/Consumer_Personal_ Details/ACC_TYPE_CHECKING' is present

2020-10-13 11:40:26 - [MESSAGE][PASSED] - Object 'Object Repository/MAKE_ PAYMENT/Consumer_Personal_ Details/ACC_TYPE_CHECKING' is present

2020-10-13 11:40:27 - [MESSAGE][PASSED] - Object: 'Object Repository/MAKE_ PAYMENT/Consumer_Personal_ Details/ACC_TYPE_CHECKING' is clicked on

2020-10-13 11:40:27 - [MESSAGE][PASSED] - Consumer_Payment_Making.ts:Checkbox 'Checking'is selected

2020-10-13 11:40:27 - [TEST_STEP][PASSED] - pages.Payment_Page.setElectronicCheckInformation(findTestObject("MAKE_ PAYMENT/Consumer_Personal_ Details/CHECKING_ACCOUNT_NUMBER"), findTestObject("MAKE_ PAYMENT/Consumer_Personal_ Details/CONFIRM_CHECKING_ACC_NUM"), routingNum, checkingAccNum): Consumer_Payment_Making.ts:Entered'123456 into ConfirmCheckAccNum

2020-10-13 11:40:27 - [MESSAGE][PASSED] - Object 'Object Repository/MAKE_ PAYMENT/Consumer_Personal_ Details/ROUTING_NUMBER' is present

2020-10-13 11:40:28 - [MESSAGE][PASSED] - Object 'Object Repository/MAKE_ PAYMENT/Consumer_Personal_ Details/ROUTING_NUMBER' is visible

2020-10-13 11:40:28 - [MESSAGE][PASSED] - Object 'Object Repository/MAKE_ PAYMENT/Consumer_Personal_ Details/ROUTING_NUMBER' is present

2020-10-13 11:40:29 - [MESSAGE][PASSED] - Text '111000025' is set on object 'Object Repository/MAKE_ PAYMENT/Consumer_Personal_ Details/ROUTING_NUMBER'

2020-10-13 11:40:29 - [MESSAGE][PASSED] - Consumer_Payment_Making.ts:Entered'111000025 into RoutingNumber

2020-10-13 11:40:30 - [MESSAGE][PASSED] - Object 'Object Repository/MAKE_ PAYMENT/Consumer_Personal_ Details/CHECKING_ACCOUNT_NUMBER' is present

2020-10-13 11:40:30 - [MESSAGE][PASSED] - Object 'Object Repository/MAKE_ PAYMENT/Consumer_Personal_ Details/CHECKING_ACCOUNT_NUMBER' is present

2020-10-13 11:40:30 - [MESSAGE][PASSED] - Object 'Object Repository/MAKE_ PAYMENT/Consumer_Personal_ Details/CHECKING_ACCOUNT_NUMBER' is visible

2020-10-13 11:40:30 - [MESSAGE][PASSED] - Object 'Object Repository/MAKE_ PAYMENT/Consumer_Personal_ Details/CHECKING_ACCOUNT_NUMBER' is present

2020-10-13 11:40:32 - [MESSAGE][PASSED] - Text '123456' is set on object 'Object Repository/MAKE_ PAYMENT/Consumer_Personal_ Details/CHECKING_ACCOUNT_NUMBER'

2020-10-13 11:40:32 - [MESSAGE][PASSED] - Consumer_Payment_Making.ts:Entered'123456 into CheckAccNum

2020-10-13 11:40:33 - [MESSAGE][PASSED] - Object 'Object Repository/MAKE_ PAYMENT/Consumer_Personal_ Details/CONFIRM_CHECKING_ACC_NUM' is present

2020-10-13 11:40:33 - [MESSAGE][PASSED] - Object 'Object Repository/MAKE_ PAYMENT/Consumer_Personal_ Details/CONFIRM_CHECKING_ACC_NUM' is visible

2020-10-13 11:40:34 - [MESSAGE][PASSED] - Object 'Object Repository/MAKE_ PAYMENT/Consumer_Personal_ Details/CONFIRM_CHECKING_ACC_NUM' is present

2020-10-13 11:40:35 - [MESSAGE][PASSED] - Text '123456' is set on object 'Object Repository/MAKE_ PAYMENT/Consumer_Personal_ Details/CONFIRM_CHECKING_ACC_NUM'

2020-10-13 11:40:35 - [MESSAGE][PASSED] - Consumer_Payment_Making.ts:Entered'123456 into ConfirmCheckAccNum

2020-10-13 11:40:35 - [TEST_STEP][PASSED] - utilities.SafeActions.safeType(findTestObject("MAKE_ PAYMENT/Consumer_Personal_ Details/EMAIL_ADDRESS"), emailAddress, "EmailAddress", [pageLoadTime]): Consumer_Payment_Making.ts:Entered'testing@zenq.com into EmailAddress

2020-10-13 11:40:35 - [MESSAGE][PASSED] - Object 'Object Repository/MAKE_ PAYMENT/Consumer_Personal_ Details/EMAIL_ADDRESS' is present

2020-10-13 11:40:36 - [MESSAGE][PASSED] - Object 'Object Repository/MAKE_ PAYMENT/Consumer_Personal_ Details/EMAIL_ADDRESS' is visible

2020-10-13 11:40:36 - [MESSAGE][PASSED] - Object 'Object Repository/MAKE_ PAYMENT/Consumer_Personal_ Details/EMAIL_ADDRESS' is present

2020-10-13 11:40:37 - [MESSAGE][PASSED] - Text 'testing@zenq.com' is set on object 'Object Repository/MAKE_ PAYMENT/Consumer_Personal_ Details/EMAIL_ADDRESS'

2020-10-13 11:40:37 - [MESSAGE][PASSED] - Consumer_Payment_Making.ts:Entered'testing@zenq.com into EmailAddress

2020-10-13 11:40:37 - [TEST_STEP][PASSED] - utilities.SafeActions.safeType(findTestObject("MAKE_ PAYMENT/Consumer_Personal_ Details/SIGNATURE"), firstName, "First name", [pageLoadTime]): Consumer_Payment_Making.ts:Entered'rema into First name

2020-10-13 11:40:38 - [MESSAGE][PASSED] - Object 'Object Repository/MAKE_ PAYMENT/Consumer_Personal_ Details/SIGNATURE' is present

2020-10-13 11:40:38 - [MESSAGE][PASSED] - Object 'Object Repository/MAKE_ PAYMENT/Consumer_Personal_ Details/SIGNATURE' is visible

2020-10-13 11:40:38 - [MESSAGE][PASSED] - Object 'Object Repository/MAKE_ PAYMENT/Consumer_Personal_ Details/SIGNATURE' is present

2020-10-13 11:40:40 - [MESSAGE][PASSED] - Text 'rema' is set on object 'Object Repository/MAKE_ PAYMENT/Consumer_Personal_ Details/SIGNATURE'

2020-10-13 11:40:40 - [MESSAGE][PASSED] - Consumer_Payment_Making.ts:Entered'rema into First name

2020-10-13 11:40:40 - [TEST_STEP][PASSED] - utilities.SafeActions.safeType(findTestObject("MAKE_ PAYMENT/Consumer_Personal_ Details/AGREEMENT"), "Yes", "Agreement", [pageLoadTime]): Consumer_Payment_Making.ts:Entered'Yes into Agreement

2020-10-13 11:40:40 - [MESSAGE][PASSED] - Object 'Object Repository/MAKE_ PAYMENT/Consumer_Personal_ Details/AGREEMENT' is present

2020-10-13 11:40:40 - [MESSAGE][PASSED] - Object 'Object Repository/MAKE_ PAYMENT/Consumer_Personal_ Details/AGREEMENT' is visible

2020-10-13 11:40:40 - [MESSAGE][PASSED] - Object 'Object Repository/MAKE_ PAYMENT/Consumer_Personal_ Details/AGREEMENT' is present

2020-10-13 11:40:42 - [MESSAGE][PASSED] - Text 'Yes' is set on object 'Object Repository/MAKE_ PAYMENT/Consumer_Personal_ Details/AGREEMENT'

2020-10-13 11:40:42 - [MESSAGE][PASSED] - Consumer_Payment_Making.ts:Entered'Yes into Agreement

2020-10-13 11:40:42 - [TEST_STEP][PASSED] - utilities.SafeActions.safeClick(findTestObject("MAKE_ PAYMENT/Home_ Page/CHECK_CONTINUE"), "Continue", [pageLoadTime]): Consumer_Payment_Making.ts:Clicked on the Continue

2020-10-13 11:40:42 - [MESSAGE][INFO] - safeClicking

2020-10-13 11:40:42 - [MESSAGE][PASSED] - Object 'Object Repository/MAKE_ PAYMENT/Home_ Page/CHECK_CONTINUE' is present

2020-10-13 11:40:42 - [MESSAGE][PASSED] - Object 'Object Repository/MAKE_ PAYMENT/Home_ Page/CHECK_CONTINUE' is clickable

2020-10-13 11:40:44 - [MESSAGE][PASSED] - Object: 'Object Repository/MAKE_ PAYMENT/Home_ Page/CHECK_CONTINUE' is clicked on

2020-10-13 11:40:44 - [MESSAGE][PASSED] - Consumer_Payment_Making.ts:Clicked on the Continue

2020-10-13 11:40:44 - [TEST_STEP][PASSED] - utilities.SafeActions.safeClick(findTestObject("MAKE_ PAYMENT/Home_ Page/CONTINUE"), "Continue", [pageLoadTime]): Consumer_Payment_Making.ts:Clicked on the Continue

2020-10-13 11:40:44 - [MESSAGE][INFO] - safeClicking

2020-10-13 11:40:44 - [MESSAGE][PASSED] - Object 'Object Repository/MAKE_ PAYMENT/Home_ Page/CONTINUE' is present

2020-10-13 11:40:45 - [MESSAGE][PASSED] - Object 'Object Repository/MAKE_ PAYMENT/Home_ Page/CONTINUE' is clickable

2020-10-13 11:40:48 - [MESSAGE][PASSED] - Object: 'Object Repository/MAKE_ PAYMENT/Home_ Page/CONTINUE' is clicked on

2020-10-13 11:40:48 - [MESSAGE][PASSED] - Consumer_Payment_Making.ts:Clicked on the Continue

2020-10-13 11:40:48 - [TEST_STEP][PASSED] - utilities.SafeActions.safeClick(findTestObject("MAKE_ PAYMENT/Consumer_Personal_ Details/I_AGREE"), "I agree", [pageLoadTime]): Consumer_Payment_Making.ts:Clicked on the I agree

2020-10-13 11:40:48 - [MESSAGE][INFO] - safeClicking

2020-10-13 11:40:49 - [MESSAGE][PASSED] - Object 'Object Repository/MAKE_ PAYMENT/Consumer_Personal_ Details/I_AGREE' is present

2020-10-13 11:40:50 - [MESSAGE][PASSED] - Object 'Object Repository/MAKE_ PAYMENT/Consumer_Personal_ Details/I_AGREE' is clickable

2020-10-13 11:40:53 - [MESSAGE][PASSED] - Object: 'Object Repository/MAKE_ PAYMENT/Consumer_Personal_ Details/I_AGREE' is clicked on

2020-10-13 11:40:53 - [MESSAGE][PASSED] - Consumer_Payment_Making.ts:Clicked on the I agree

2020-10-13 11:40:53 - [TEST_STEP][PASSED] - pages.Payment_Page.verifyUserDetails(firstName, lastName, emailAddress, "VISA", "Checking"): pages.Payment_Page.verifyUserDetails is PASSED

2020-10-13 11:40:54 - [MESSAGE][PASSED] - Scroll to object 'Object Repository/MAKE_ PAYMENT/Verification_ Details/FIRST_NAME' successfully

2020-10-13 11:40:55 - [MESSAGE][PASSED] - Text of object 'Object Repository/MAKE_ PAYMENT/Verification_ Details/FIRST_NAME' is: 'rema'

2020-10-13 11:40:55 - [MESSAGE][PASSED] - Actual text 'rema' and expected text 'rema' are matched  using regular expression

2020-10-13 11:40:55 - [MESSAGE][PASSED] - Text of object 'Object Repository/MAKE_ PAYMENT/Verification_ Details/LAST_NAME' is: 'reiza'

2020-10-13 11:40:55 - [MESSAGE][PASSED] - Actual text 'reiza' and expected text 'reiza' are matched  using regular expression

2020-10-13 11:40:57 - [MESSAGE][PASSED] - Text of object 'Object Repository/MAKE_ PAYMENT/Verification_ Details/EMAIL_ADDRESS' is: 'testing@zenq.com'

2020-10-13 11:40:57 - [MESSAGE][PASSED] - Actual text 'testing@zenq.com' and expected text 'testing@zenq.com' are matched  using regular expression

2020-10-13 11:40:58 - [MESSAGE][PASSED] - Text of object 'Object Repository/MAKE_ PAYMENT/Verification_ Details/ACH_ACC_TYPE' is: 'Checking'

2020-10-13 11:40:58 - [MESSAGE][PASSED] - Actual text 'Checking' and expected text 'Checking' are matched  using regular expression

2020-10-13 11:40:59 - [MESSAGE][PASSED] - pages.Payment_Page.verifyUserDetails is PASSED

2020-10-13 11:40:59 - [TEST_STEP][PASSED] - utilities.SafeActions.safeClick(findTestObject("MAKE_ PAYMENT/Verification_ Details/PROCESS_PAYMENT"), "Process Payment", [pageLoadTime]): Consumer_Payment_Making.ts:Clicked on the Process Payment

2020-10-13 11:40:59 - [MESSAGE][INFO] - safeClicking

2020-10-13 11:40:59 - [MESSAGE][PASSED] - Object 'Object Repository/MAKE_ PAYMENT/Verification_ Details/PROCESS_PAYMENT' is present

2020-10-13 11:41:00 - [MESSAGE][PASSED] - Object 'Object Repository/MAKE_ PAYMENT/Verification_ Details/PROCESS_PAYMENT' is clickable

2020-10-13 11:41:01 - [MESSAGE][PASSED] - Object: 'Object Repository/MAKE_ PAYMENT/Verification_ Details/PROCESS_PAYMENT' is clicked on

2020-10-13 11:41:01 - [MESSAGE][PASSED] - Consumer_Payment_Making.ts:Clicked on the Process Payment

2020-10-13 11:41:01 - [TEST_STEP][PASSED] - utilities.SafeActions.safeClick(findTestObject("MAKE_ PAYMENT/Verification_ Details/YES_BUTTON"), "yes button", [pageLoadTime]): Consumer_Payment_Making.ts:Clicked on the yes button

2020-10-13 11:41:01 - [MESSAGE][INFO] - safeClicking

2020-10-13 11:41:01 - [MESSAGE][PASSED] - Object 'Object Repository/MAKE_ PAYMENT/Verification_ Details/YES_BUTTON' is present

2020-10-13 11:41:02 - [MESSAGE][PASSED] - Object 'Object Repository/MAKE_ PAYMENT/Verification_ Details/YES_BUTTON' is clickable

2020-10-13 11:41:06 - [MESSAGE][PASSED] - Object: 'Object Repository/MAKE_ PAYMENT/Verification_ Details/YES_BUTTON' is clicked on

2020-10-13 11:41:06 - [MESSAGE][PASSED] - Consumer_Payment_Making.ts:Clicked on the yes button

2020-10-13 11:41:06 - [TEST_STEP][PASSED] - verifyElementPresent(findTestObject("MAKE_ PAYMENT/Verification_ Details/PENDING"), 30): Object 'Object Repository/MAKE_ PAYMENT/Verification_ Details/PENDING' is present

2020-10-13 11:41:07 - [MESSAGE][PASSED] - Object 'Object Repository/MAKE_ PAYMENT/Verification_ Details/PENDING' is present

2020-10-13 11:41:07 - [TEST_STEP][PASSED] - PaymentID = pages.Payment_Page.verifyECheckPaymentApproval(referenceNum): pages.Payment_Page.verifyECheckPaymentApproval is PASSED

2020-10-13 11:41:08 - [MESSAGE][PASSED] - Text of object 'Object Repository/MAKE_ PAYMENT/Verification_ Details/PAY_ID_ELECTRIC_CHECK' is: '100176127454'

2020-10-13 11:41:10 - [MESSAGE][PASSED] - Text of object 'Object Repository/MAKE_ PAYMENT/Verification_ Details/REF_NUM_E_CHECK' is: '13'

2020-10-13 11:41:10 - [MESSAGE][PASSED] - pages.Payment_Page.verifyECheckPaymentApproval is PASSED

2020-10-13 11:41:10 - [TEST_STEP][PASSED] - utilities.SafeActions.safeClick(findTestObject("SEARCH_PAYMENT/SEARCH_PAYMENT"), "Search Payment", [pageLoadTime]): Consumer_Payment_Making.ts:Clicked on the Search Payment

2020-10-13 11:41:10 - [MESSAGE][INFO] - safeClicking

2020-10-13 11:41:11 - [MESSAGE][PASSED] - Object 'Object Repository/SEARCH_PAYMENT/SEARCH_PAYMENT' is present

2020-10-13 11:41:11 - [MESSAGE][PASSED] - Object 'Object Repository/SEARCH_PAYMENT/SEARCH_PAYMENT' is clickable

2020-10-13 11:41:12 - [MESSAGE][PASSED] - Object: 'Object Repository/SEARCH_PAYMENT/SEARCH_PAYMENT' is clicked on

2020-10-13 11:41:12 - [MESSAGE][PASSED] - Consumer_Payment_Making.ts:Clicked on the Search Payment

2020-10-13 11:41:12 - [TEST_STEP][PASSED] - waitForPageLoad(10): Wait for page load successfully

2020-10-13 11:41:12 - [MESSAGE][PASSED] - Wait for page load successfully

2020-10-13 11:41:12 - [TEST_STEP][PASSED] - pages.Search_Page.switchToWindow(): pages.Search_Page.switchToWindow is PASSED

2020-10-13 11:41:14 - [MESSAGE][PASSED] - Object: 'Object Repository/SEARCH_PAYMENT/SEARCH_PAYMENT' is clicked on

2020-10-13 11:41:14 - [MESSAGE][PASSED] - Switched to window with index: '1'

2020-10-13 11:41:14 - [MESSAGE][PASSED] - pages.Search_Page.switchToWindow is PASSED

2020-10-13 11:41:14 - [TEST_STEP][PASSED] - utilities.SafeActions.safeCheck(findTestObject("SEARCH_PAYMENT/ELECTRONIC_CHECK"), "E check", [pageLoadTime]): Consumer_Payment_Making.ts:Checkbox 'E check'is selected

2020-10-13 11:41:17 - [MESSAGE][PASSED] - Object 'Object Repository/SEARCH_PAYMENT/ELECTRONIC_CHECK' is present

2020-10-13 11:41:18 - [MESSAGE][PASSED] - Object 'Object Repository/SEARCH_PAYMENT/ELECTRONIC_CHECK' is present

2020-10-13 11:41:19 - [MESSAGE][PASSED] - Object: 'Object Repository/SEARCH_PAYMENT/ELECTRONIC_CHECK' is clicked on

2020-10-13 11:41:19 - [MESSAGE][PASSED] - Consumer_Payment_Making.ts:Checkbox 'E check'is selected

2020-10-13 11:41:19 - [TEST_STEP][PASSED] - pages.Search_Page.setSearchDetails(lastName, cardNum, checkingAccNum): Acc num enterd

2020-10-13 11:41:20 - [MESSAGE][PASSED] - Object 'Object Repository/SEARCH_PAYMENT/BILLING_LAST_NAME' is present

2020-10-13 11:41:20 - [MESSAGE][PASSED] - Object 'Object Repository/SEARCH_PAYMENT/BILLING_LAST_NAME' is visible

2020-10-13 11:41:20 - [MESSAGE][PASSED] - Object 'Object Repository/SEARCH_PAYMENT/BILLING_LAST_NAME' is present

2020-10-13 11:41:21 - [MESSAGE][PASSED] - Text 'reiza' is set on object 'Object Repository/SEARCH_PAYMENT/BILLING_LAST_NAME'

2020-10-13 11:41:21 - [MESSAGE][PASSED] - Consumer_Payment_Making.ts:Entered'reiza into LastName

2020-10-13 11:41:23 - [MESSAGE][WARNING] - Object 'Object Repository/SEARCH_PAYMENT/CREDIT_OR_DEBIT_CARD' is not checked (Root cause: com.kms.katalon.core.exception.StepFailedException: Object 'Object Repository/SEARCH_PAYMENT/CREDIT_OR_DEBIT_CARD' is not checked
	at com.kms.katalon.core.webui.keyword.internal.WebUIKeywordMain.stepFailed(WebUIKeywordMain.groovy:64)
	at com.kms.katalon.core.webui.keyword.builtin.VerifyElementCheckedKeyword$_verifyElementChecked_closure1.doCall(VerifyElementCheckedKeyword.groovy:81)
	at com.kms.katalon.core.webui.keyword.builtin.VerifyElementCheckedKeyword$_verifyElementChecked_closure1.call(VerifyElementCheckedKeyword.groovy)
	at com.kms.katalon.core.webui.keyword.internal.WebUIKeywordMain.runKeyword(WebUIKeywordMain.groovy:20)
	at com.kms.katalon.core.webui.keyword.builtin.VerifyElementCheckedKeyword.verifyElementChecked(VerifyElementCheckedKeyword.groovy:92)
	at com.kms.katalon.core.webui.keyword.builtin.VerifyElementCheckedKeyword.execute(VerifyElementCheckedKeyword.groovy:68)
	at com.kms.katalon.core.keyword.internal.KeywordExecutor.executeKeywordForPlatform(KeywordExecutor.groovy:72)
	at com.kms.katalon.core.webui.keyword.WebUiBuiltInKeywords.verifyElementChecked(WebUiBuiltInKeywords.groovy:1352)
	at com.kms.katalon.core.webui.keyword.WebUiBuiltInKeywords$verifyElementChecked$13.call(Unknown Source)
	at pages.Search_Page.setSearchDetails(Search_Page.groovy:39)
	at pages.Search_Page.invokeMethod(Search_Page.groovy)
	at com.kms.katalon.core.main.CustomKeywordDelegatingMetaClass.invokeStaticMethod(CustomKeywordDelegatingMetaClass.java:50)
	at TC_003_Echeck_Checking_SingleLine_Payment.run(TC_003_Echeck_Checking_SingleLine_Payment:122)
	at com.kms.katalon.core.main.ScriptEngine.run(ScriptEngine.java:194)
	at com.kms.katalon.core.main.ScriptEngine.runScriptAsRawText(ScriptEngine.java:119)
	at com.kms.katalon.core.main.TestCaseExecutor.runScript(TestCaseExecutor.java:337)
	at com.kms.katalon.core.main.TestCaseExecutor.doExecute(TestCaseExecutor.java:328)
	at com.kms.katalon.core.main.TestCaseExecutor.processExecutionPhase(TestCaseExecutor.java:307)
	at com.kms.katalon.core.main.TestCaseExecutor.accessMainPhase(TestCaseExecutor.java:299)
	at com.kms.katalon.core.main.TestCaseExecutor.execute(TestCaseExecutor.java:233)
	at com.kms.katalon.core.main.TestSuiteExecutor.accessTestCaseMainPhase(TestSuiteExecutor.java:169)
	at com.kms.katalon.core.main.TestSuiteExecutor.accessTestSuiteMainPhase(TestSuiteExecutor.java:142)
	at com.kms.katalon.core.main.TestSuiteExecutor.execute(TestSuiteExecutor.java:91)
	at com.kms.katalon.core.main.TestCaseMain.startTestSuite(TestCaseMain.java:157)
	at com.kms.katalon.core.main.TestCaseMain$startTestSuite$0.call(Unknown Source)
	at TempTestSuite1602568949585.run(TempTestSuite1602568949585.groovy:36)
)
[[ATTACHMENT|E:\\Sush_Certpay\\Reports\\20201013_113229\\Certpay_testSuite\\Consumer_Payment_Making\\20201013_113229\\1602569482357.png]]

2020-10-13 11:41:23 - [MESSAGE][PASSED] - Object 'Object Repository/SEARCH_PAYMENT/ACC_NUMBER' is present

2020-10-13 11:41:23 - [MESSAGE][PASSED] - Object 'Object Repository/SEARCH_PAYMENT/ACC_NUMBER' is visible

2020-10-13 11:41:24 - [MESSAGE][PASSED] - Object 'Object Repository/SEARCH_PAYMENT/ACC_NUMBER' is present

2020-10-13 11:41:25 - [MESSAGE][PASSED] - Text '123456' is set on object 'Object Repository/SEARCH_PAYMENT/ACC_NUMBER'

2020-10-13 11:41:25 - [MESSAGE][PASSED] - Consumer_Payment_Making.ts:Entered'123456 into Acc num

2020-10-13 11:41:25 - [MESSAGE][PASSED] - Acc num enterd

2020-10-13 11:41:25 - [TEST_STEP][PASSED] - utilities.SafeActions.safeClick(findTestObject("SEARCH_PAYMENT/SEARCH_BUTTON"), "Search", [pageLoadTime]): Consumer_Payment_Making.ts:Clicked on the Search

2020-10-13 11:41:25 - [MESSAGE][INFO] - safeClicking

2020-10-13 11:41:25 - [MESSAGE][PASSED] - Object 'Object Repository/SEARCH_PAYMENT/SEARCH_BUTTON' is present

2020-10-13 11:41:26 - [MESSAGE][PASSED] - Object 'Object Repository/SEARCH_PAYMENT/SEARCH_BUTTON' is clickable

2020-10-13 11:41:32 - [MESSAGE][PASSED] - Object: 'Object Repository/SEARCH_PAYMENT/SEARCH_BUTTON' is clicked on

2020-10-13 11:41:32 - [MESSAGE][PASSED] - Consumer_Payment_Making.ts:Clicked on the Search

2020-10-13 11:41:32 - [TEST_STEP][PASSED] - pages.Payment_Page.verifyPaymentDetailsInReceipt(PaymentID): pages.Payment_Page.verifyPaymentDetailsInReceipt is PASSED

2020-10-13 11:41:34 - [MESSAGE][PASSED] - Text of object 'Object Repository/SEARCH_PAYMENT/REFERNCE_NUM' is: '13'

2020-10-13 11:41:34 - [MESSAGE][PASSED] - Text of object 'Object Repository/SEARCH_PAYMENT/PAYMENT_ID' is: '100176127454'

2020-10-13 11:41:34 - [MESSAGE][PASSED] - pages.Payment_Page.verifyPaymentDetailsInReceipt is PASSED

2020-10-13 11:41:34 - [TEST_STEP][PASSED] - utilities.SafeActions.safeClick(findTestObject("SEARCH_PAYMENT/SEARCH_ ICON"), "SearchIcon", [pageLoadTime]): Consumer_Payment_Making.ts:Clicked on the SearchIcon

2020-10-13 11:41:34 - [MESSAGE][INFO] - safeClicking

2020-10-13 11:41:34 - [MESSAGE][PASSED] - Object 'Object Repository/SEARCH_PAYMENT/SEARCH_ ICON' is present

2020-10-13 11:41:35 - [MESSAGE][PASSED] - Object 'Object Repository/SEARCH_PAYMENT/SEARCH_ ICON' is clickable

2020-10-13 11:41:36 - [MESSAGE][PASSED] - Object: 'Object Repository/SEARCH_PAYMENT/SEARCH_ ICON' is clicked on

2020-10-13 11:41:36 - [MESSAGE][PASSED] - Consumer_Payment_Making.ts:Clicked on the SearchIcon

2020-10-13 11:41:36 - [TEST_STEP][PASSED] - delay(2): Delayed 2 second(s)

2020-10-13 11:41:38 - [MESSAGE][PASSED] - Delayed 2 second(s)

2020-10-13 11:41:38 - [TEST_STEP][PASSED] - scrollToElement(findTestObject("SEARCH_PAYMENT/CLOSE_BUTTON"), 30): Scroll to object 'Object Repository/SEARCH_PAYMENT/CLOSE_BUTTON' successfully

2020-10-13 11:41:38 - [MESSAGE][PASSED] - Scroll to object 'Object Repository/SEARCH_PAYMENT/CLOSE_BUTTON' successfully

2020-10-13 11:41:38 - [TEST_STEP][PASSED] - utilities.SafeActions.safeClick(findTestObject("SEARCH_PAYMENT/EMAIL_ RECEIPT"), "Email Receipt", [pageLoadTime]): Consumer_Payment_Making.ts:Clicked on the Email Receipt

2020-10-13 11:41:38 - [MESSAGE][INFO] - safeClicking

2020-10-13 11:41:39 - [MESSAGE][PASSED] - Object 'Object Repository/SEARCH_PAYMENT/EMAIL_ RECEIPT' is present

2020-10-13 11:41:39 - [MESSAGE][PASSED] - Object 'Object Repository/SEARCH_PAYMENT/EMAIL_ RECEIPT' is clickable

2020-10-13 11:41:40 - [MESSAGE][PASSED] - Object: 'Object Repository/SEARCH_PAYMENT/EMAIL_ RECEIPT' is clicked on

2020-10-13 11:41:40 - [MESSAGE][PASSED] - Consumer_Payment_Making.ts:Clicked on the Email Receipt

2020-10-13 11:41:40 - [TEST_STEP][PASSED] - utilities.SafeActions.safeClick(findTestObject("SEARCH_PAYMENT/SEND_ EMAIL_BUTTON"), "Send Email", [pageLoadTime]): Consumer_Payment_Making.ts:Clicked on the Send Email

2020-10-13 11:41:40 - [MESSAGE][INFO] - safeClicking

2020-10-13 11:41:41 - [MESSAGE][PASSED] - Object 'Object Repository/SEARCH_PAYMENT/SEND_ EMAIL_BUTTON' is present

2020-10-13 11:41:41 - [MESSAGE][PASSED] - Object 'Object Repository/SEARCH_PAYMENT/SEND_ EMAIL_BUTTON' is clickable

2020-10-13 11:41:42 - [MESSAGE][PASSED] - Object: 'Object Repository/SEARCH_PAYMENT/SEND_ EMAIL_BUTTON' is clicked on

2020-10-13 11:41:42 - [MESSAGE][PASSED] - Consumer_Payment_Making.ts:Clicked on the Send Email

2020-10-13 11:41:42 - [TEST_STEP][PASSED] - Start listener action : afterTestCase: Browser is closed

2020-10-13 11:41:42 - [TEST_STEP][PASSED] - closeBrowser(): Browser is closed

2020-10-13 11:41:44 - [MESSAGE][PASSED] - Browser is closed]]></system-out>
         <system-err><![CDATA[]]></system-err>
      </testcase>
      <testcase name="Test Cases/Consumer_Make_Payment/TC_004_Echeck_Checking_MultiLine_Payment" time="159.599" classname="Test Cases/Consumer_Make_Payment/TC_004_Echeck_Checking_MultiLine_Payment" status="PASSED">
         <system-out><![CDATA[2020-10-13 11:41:44 - [TEST_CASE][PASSED] - Test Cases/Consumer_Make_Payment/TC_004_Echeck_Checking_MultiLine_Payment: Test Cases/Consumer_Make_Payment/TC_004_Echeck_Checking_MultiLine_Payment

2020-10-13 11:41:44 - [TEST_STEP][PASSED] - Start listener action : beforeTestCase: null

2020-10-13 11:41:45 - [TEST_STEP][PASSED] - utilities.SafeActions.openBrowser(certpay_url, [pageLoadTime]): Browser launched successfully

2020-10-13 11:41:45 - [MESSAGE][INFO] - Opening Browser

2020-10-13 11:41:45 - [MESSAGE][INFO] - Starting 'Chrome' driver

2020-10-13 11:41:54 - [MESSAGE][PASSED] - Browser is opened with url: 'https://qa-certpay.faps.net/'

2020-10-13 11:41:56 - [MESSAGE][PASSED] - Current window maximized

2020-10-13 11:41:56 - [MESSAGE][PASSED] - Browser launched successfully

2020-10-13 11:41:56 - [TEST_STEP][PASSED] - utilities.SafeActions.safeType(findTestObject("MAKE_ PAYMENT/Home_ Page/BUREAU_CODE"), bureauCode, "Bureau code", [pageLoadTime]): Consumer_Payment_Making.ts:Entered'6100000 into Bureau code

2020-10-13 11:41:56 - [MESSAGE][PASSED] - Object 'Object Repository/MAKE_ PAYMENT/Home_ Page/BUREAU_CODE' is present

2020-10-13 11:41:57 - [MESSAGE][PASSED] - Object 'Object Repository/MAKE_ PAYMENT/Home_ Page/BUREAU_CODE' is visible

2020-10-13 11:41:57 - [MESSAGE][PASSED] - Object 'Object Repository/MAKE_ PAYMENT/Home_ Page/BUREAU_CODE' is present

2020-10-13 11:41:58 - [MESSAGE][PASSED] - Text '6100000' is set on object 'Object Repository/MAKE_ PAYMENT/Home_ Page/BUREAU_CODE'

2020-10-13 11:41:58 - [MESSAGE][PASSED] - Consumer_Payment_Making.ts:Entered'6100000 into Bureau code

2020-10-13 11:41:58 - [TEST_STEP][PASSED] - utilities.SafeActions.safeClick(findTestObject("MAKE_ PAYMENT/Home_ Page/BEGIN_PAYMENT"), "Begin payment", [pageLoadTime]): Consumer_Payment_Making.ts:Clicked on the Begin payment

2020-10-13 11:41:58 - [MESSAGE][INFO] - safeClicking

2020-10-13 11:41:58 - [MESSAGE][PASSED] - Object 'Object Repository/MAKE_ PAYMENT/Home_ Page/BEGIN_PAYMENT' is present

2020-10-13 11:41:59 - [MESSAGE][PASSED] - Object 'Object Repository/MAKE_ PAYMENT/Home_ Page/BEGIN_PAYMENT' is clickable

2020-10-13 11:42:01 - [MESSAGE][PASSED] - Object: 'Object Repository/MAKE_ PAYMENT/Home_ Page/BEGIN_PAYMENT' is clicked on

2020-10-13 11:42:01 - [MESSAGE][PASSED] - Consumer_Payment_Making.ts:Clicked on the Begin payment

2020-10-13 11:42:01 - [TEST_STEP][PASSED] - utilities.SafeActions.safeClick(findTestObject("MAKE_ PAYMENT/Home_ Page/NEXT_BUTTON"), "Continue", [pageLoadTime]): Consumer_Payment_Making.ts:Clicked on the Continue

2020-10-13 11:42:02 - [MESSAGE][INFO] - safeClicking

2020-10-13 11:42:02 - [MESSAGE][PASSED] - Object 'Object Repository/MAKE_ PAYMENT/Home_ Page/NEXT_BUTTON' is present

2020-10-13 11:42:03 - [MESSAGE][PASSED] - Object 'Object Repository/MAKE_ PAYMENT/Home_ Page/NEXT_BUTTON' is clickable

2020-10-13 11:42:07 - [MESSAGE][PASSED] - Object: 'Object Repository/MAKE_ PAYMENT/Home_ Page/NEXT_BUTTON' is clicked on

2020-10-13 11:42:07 - [MESSAGE][PASSED] - Consumer_Payment_Making.ts:Clicked on the Continue

2020-10-13 11:42:07 - [TEST_STEP][PASSED] - utilities.SafeActions.safeCheck(findTestObject("MAKE_ PAYMENT/Home_ Page/ELECTRONIC_CHECK"), "Echeck", [pageLoadTime]): Consumer_Payment_Making.ts:Checkbox 'Echeck'is selected

2020-10-13 11:42:07 - [MESSAGE][PASSED] - Object 'Object Repository/MAKE_ PAYMENT/Home_ Page/ELECTRONIC_CHECK' is present

2020-10-13 11:42:08 - [MESSAGE][PASSED] - Object 'Object Repository/MAKE_ PAYMENT/Home_ Page/ELECTRONIC_CHECK' is present

2020-10-13 11:42:10 - [MESSAGE][PASSED] - Object: 'Object Repository/MAKE_ PAYMENT/Home_ Page/ELECTRONIC_CHECK' is clicked on

2020-10-13 11:42:10 - [MESSAGE][PASSED] - Consumer_Payment_Making.ts:Checkbox 'Echeck'is selected

2020-10-13 11:42:10 - [TEST_STEP][PASSED] - pages.Payment_Page.setAmount("1", paymentAmount, "testing", referenceNum): Consumer_Payment_Making.ts:Entered'testing into Comments

2020-10-13 11:42:12 - [MESSAGE][PASSED] - Object '' is present

2020-10-13 11:42:12 - [MESSAGE][PASSED] - Object '' is visible

2020-10-13 11:42:12 - [MESSAGE][PASSED] - Object '' is present

2020-10-13 11:42:14 - [MESSAGE][PASSED] - Text '10.00' is set on object ''

2020-10-13 11:42:14 - [MESSAGE][PASSED] - Consumer_Payment_Making.ts:Entered'10.00 into Amount

2020-10-13 11:42:14 - [MESSAGE][PASSED] - Object '' is present

2020-10-13 11:42:14 - [MESSAGE][PASSED] - Object '' is visible

2020-10-13 11:42:15 - [MESSAGE][PASSED] - Object '' is present

2020-10-13 11:42:16 - [MESSAGE][PASSED] - Text '11' is set on object ''

2020-10-13 11:42:16 - [MESSAGE][PASSED] - Consumer_Payment_Making.ts:Entered'11 into Amount

2020-10-13 11:42:16 - [MESSAGE][PASSED] - Object '' is present

2020-10-13 11:42:17 - [MESSAGE][PASSED] - Object '' is visible

2020-10-13 11:42:17 - [MESSAGE][PASSED] - Object '' is present

2020-10-13 11:42:18 - [MESSAGE][PASSED] - Text 'testing' is set on object ''

2020-10-13 11:42:18 - [MESSAGE][PASSED] - Consumer_Payment_Making.ts:Entered'testing into Comments

2020-10-13 11:42:18 - [TEST_STEP][PASSED] - utilities.SafeActions.safeClick(findTestObject("MAKE_ PAYMENT/Home_ Page/ADD_ANOTHER_PROPERTY"), "Multi-Payment", [pageLoadTime]): Consumer_Payment_Making.ts:Clicked on the Multi-Payment

2020-10-13 11:42:18 - [MESSAGE][INFO] - safeClicking

2020-10-13 11:42:19 - [MESSAGE][PASSED] - Object 'Object Repository/MAKE_ PAYMENT/Home_ Page/ADD_ANOTHER_PROPERTY' is present

2020-10-13 11:42:19 - [MESSAGE][PASSED] - Object 'Object Repository/MAKE_ PAYMENT/Home_ Page/ADD_ANOTHER_PROPERTY' is clickable

2020-10-13 11:42:22 - [MESSAGE][PASSED] - Object: 'Object Repository/MAKE_ PAYMENT/Home_ Page/ADD_ANOTHER_PROPERTY' is clicked on

2020-10-13 11:42:22 - [MESSAGE][PASSED] - Consumer_Payment_Making.ts:Clicked on the Multi-Payment

2020-10-13 11:42:22 - [TEST_STEP][PASSED] - pages.Payment_Page.setAmount("2", paymentAmount2, "Payment for testing", referenceNum): Consumer_Payment_Making.ts:Entered'Payment for testing into Comments

2020-10-13 11:42:24 - [MESSAGE][PASSED] - Object '' is present

2020-10-13 11:42:24 - [MESSAGE][PASSED] - Object '' is visible

2020-10-13 11:42:24 - [MESSAGE][PASSED] - Object '' is present

2020-10-13 11:42:25 - [MESSAGE][PASSED] - Text '35.00' is set on object ''

2020-10-13 11:42:25 - [MESSAGE][PASSED] - Consumer_Payment_Making.ts:Entered'35.00 into Amount

2020-10-13 11:42:26 - [MESSAGE][PASSED] - Object '' is present

2020-10-13 11:42:26 - [MESSAGE][PASSED] - Object '' is visible

2020-10-13 11:42:26 - [MESSAGE][PASSED] - Object '' is present

2020-10-13 11:42:28 - [MESSAGE][PASSED] - Text '11' is set on object ''

2020-10-13 11:42:28 - [MESSAGE][PASSED] - Consumer_Payment_Making.ts:Entered'11 into Amount

2020-10-13 11:42:28 - [MESSAGE][PASSED] - Object '' is present

2020-10-13 11:42:28 - [MESSAGE][PASSED] - Object '' is visible

2020-10-13 11:42:28 - [MESSAGE][PASSED] - Object '' is present

2020-10-13 11:42:30 - [MESSAGE][PASSED] - Text 'Payment for testing' is set on object ''

2020-10-13 11:42:30 - [MESSAGE][PASSED] - Consumer_Payment_Making.ts:Entered'Payment for testing into Comments

2020-10-13 11:42:30 - [TEST_STEP][PASSED] - utilities.SafeActions.safeSelectOptionInDropdownByVisibleText(findTestObject("MAKE_ PAYMENT/Home_ Page/PAYMENT_TYPE"), paymentType, "Payment Type", [pageLoadTime]): selected dropdown option by visible text  Taxesfrom Payment Type

2020-10-13 11:42:30 - [MESSAGE][PASSED] - Object 'Object Repository/MAKE_ PAYMENT/Home_ Page/PAYMENT_TYPE' is visible

2020-10-13 11:42:30 - [MESSAGE][PASSED] - Object 'Object Repository/MAKE_ PAYMENT/Home_ Page/PAYMENT_TYPE' is present

2020-10-13 11:42:32 - [MESSAGE][PASSED] - Object: 'Object Repository/MAKE_ PAYMENT/Home_ Page/PAYMENT_TYPE' is clicked on

2020-10-13 11:42:33 - [MESSAGE][PASSED] - All options with label 'Taxes' are selected in object 'Object Repository/MAKE_ PAYMENT/Home_ Page/PAYMENT_TYPE'  using regular expression

2020-10-13 11:42:33 - [MESSAGE][PASSED] - selected dropdown option by visible text  Taxesfrom Payment Type

2020-10-13 11:42:33 - [TEST_STEP][PASSED] - utilities.SafeActions.safeClick(findTestObject("MAKE_ PAYMENT/Home_ Page/CONTINUE"), "Continue", [pageLoadTime]): Consumer_Payment_Making.ts:Clicked on the Continue

2020-10-13 11:42:33 - [MESSAGE][INFO] - safeClicking

2020-10-13 11:42:33 - [MESSAGE][PASSED] - Object 'Object Repository/MAKE_ PAYMENT/Home_ Page/CONTINUE' is present

2020-10-13 11:42:33 - [MESSAGE][PASSED] - Object 'Object Repository/MAKE_ PAYMENT/Home_ Page/CONTINUE' is clickable

2020-10-13 11:42:37 - [MESSAGE][PASSED] - Object: 'Object Repository/MAKE_ PAYMENT/Home_ Page/CONTINUE' is clicked on

2020-10-13 11:42:37 - [MESSAGE][PASSED] - Consumer_Payment_Making.ts:Clicked on the Continue

2020-10-13 11:42:37 - [TEST_STEP][PASSED] - pages.Payment_Page.setPersonalDetails(firstName, lastName, telephone): Consumer_Payment_Making.ts:Entered'9988545421 into Telephone

2020-10-13 11:42:38 - [MESSAGE][PASSED] - Object 'Object Repository/MAKE_ PAYMENT/Consumer_Personal_ Details/FIRST_NAME' is present

2020-10-13 11:42:38 - [MESSAGE][PASSED] - Object 'Object Repository/MAKE_ PAYMENT/Consumer_Personal_ Details/FIRST_NAME' is visible

2020-10-13 11:42:39 - [MESSAGE][PASSED] - Object 'Object Repository/MAKE_ PAYMENT/Consumer_Personal_ Details/FIRST_NAME' is present

2020-10-13 11:42:40 - [MESSAGE][PASSED] - Text 'Chasto' is set on object 'Object Repository/MAKE_ PAYMENT/Consumer_Personal_ Details/FIRST_NAME'

2020-10-13 11:42:40 - [MESSAGE][PASSED] - Consumer_Payment_Making.ts:Entered'Chasto into FirstName

2020-10-13 11:42:40 - [MESSAGE][PASSED] - Object 'Object Repository/MAKE_ PAYMENT/Consumer_Personal_ Details/LAST_NAME' is present

2020-10-13 11:42:41 - [MESSAGE][PASSED] - Object 'Object Repository/MAKE_ PAYMENT/Consumer_Personal_ Details/LAST_NAME' is visible

2020-10-13 11:42:41 - [MESSAGE][PASSED] - Object 'Object Repository/MAKE_ PAYMENT/Consumer_Personal_ Details/LAST_NAME' is present

2020-10-13 11:42:42 - [MESSAGE][PASSED] - Text 'James' is set on object 'Object Repository/MAKE_ PAYMENT/Consumer_Personal_ Details/LAST_NAME'

2020-10-13 11:42:42 - [MESSAGE][PASSED] - Consumer_Payment_Making.ts:Entered'James into LastName

2020-10-13 11:42:43 - [MESSAGE][PASSED] - Object 'Object Repository/MAKE_ PAYMENT/Consumer_Personal_ Details/TELEPHONE' is present

2020-10-13 11:42:43 - [MESSAGE][PASSED] - Object 'Object Repository/MAKE_ PAYMENT/Consumer_Personal_ Details/TELEPHONE' is visible

2020-10-13 11:42:43 - [MESSAGE][PASSED] - Object 'Object Repository/MAKE_ PAYMENT/Consumer_Personal_ Details/TELEPHONE' is present

2020-10-13 11:42:44 - [MESSAGE][PASSED] - Text '9988545421' is set on object 'Object Repository/MAKE_ PAYMENT/Consumer_Personal_ Details/TELEPHONE'

2020-10-13 11:42:44 - [MESSAGE][PASSED] - Consumer_Payment_Making.ts:Entered'9988545421 into Telephone

2020-10-13 11:42:44 - [TEST_STEP][PASSED] - pages.Payment_Page.setLocationDetails(address, zipCode): Consumer_Payment_Making.ts:Entered'76102 into ZipCode

2020-10-13 11:42:45 - [MESSAGE][PASSED] - Object 'Object Repository/MAKE_ PAYMENT/Consumer_Personal_ Details/ADDRESS' is present

2020-10-13 11:42:45 - [MESSAGE][PASSED] - Object 'Object Repository/MAKE_ PAYMENT/Consumer_Personal_ Details/ADDRESS' is visible

2020-10-13 11:42:45 - [MESSAGE][PASSED] - Object 'Object Repository/MAKE_ PAYMENT/Consumer_Personal_ Details/ADDRESS' is present

2020-10-13 11:42:47 - [MESSAGE][PASSED] - Text '14-9' is set on object 'Object Repository/MAKE_ PAYMENT/Consumer_Personal_ Details/ADDRESS'

2020-10-13 11:42:47 - [MESSAGE][PASSED] - Consumer_Payment_Making.ts:Entered'14-9 into Address

2020-10-13 11:42:47 - [MESSAGE][PASSED] - Object 'Object Repository/MAKE_ PAYMENT/Consumer_Personal_ Details/ZIP_CODE' is present

2020-10-13 11:42:47 - [MESSAGE][PASSED] - Object 'Object Repository/MAKE_ PAYMENT/Consumer_Personal_ Details/ZIP_CODE' is visible

2020-10-13 11:42:48 - [MESSAGE][PASSED] - Object 'Object Repository/MAKE_ PAYMENT/Consumer_Personal_ Details/ZIP_CODE' is present

2020-10-13 11:42:49 - [MESSAGE][PASSED] - Text '76102' is set on object 'Object Repository/MAKE_ PAYMENT/Consumer_Personal_ Details/ZIP_CODE'

2020-10-13 11:42:49 - [MESSAGE][PASSED] - Consumer_Payment_Making.ts:Entered'76102 into ZipCode

2020-10-13 11:42:49 - [TEST_STEP][PASSED] - pages.Payment_Page.clickOnElement(findTestObject("MAKE_ PAYMENT/Home_ Page/CONTINUE")): pages.Payment_Page.clickOnElement is PASSED

2020-10-13 11:42:52 - [MESSAGE][PASSED] - Execute JavaScript 'arguments[0].click()' successfully

2020-10-13 11:42:52 - [MESSAGE][PASSED] - pages.Payment_Page.clickOnElement is PASSED

2020-10-13 11:42:52 - [TEST_STEP][PASSED] - utilities.SafeActions.safeCheck(findTestObject("MAKE_ PAYMENT/Consumer_Personal_ Details/CheckBox"), "Billing CheckBox", [pageLoadTime]): Consumer_Payment_Making.ts:Checkbox 'Billing CheckBox'is selected

2020-10-13 11:42:53 - [MESSAGE][PASSED] - Object 'Object Repository/MAKE_ PAYMENT/Consumer_Personal_ Details/CheckBox' is present

2020-10-13 11:42:54 - [MESSAGE][PASSED] - Object 'Object Repository/MAKE_ PAYMENT/Consumer_Personal_ Details/CheckBox' is present

2020-10-13 11:42:55 - [MESSAGE][PASSED] - Object: 'Object Repository/MAKE_ PAYMENT/Consumer_Personal_ Details/CheckBox' is clicked on

2020-10-13 11:42:55 - [MESSAGE][PASSED] - Consumer_Payment_Making.ts:Checkbox 'Billing CheckBox'is selected

2020-10-13 11:42:55 - [TEST_STEP][PASSED] - waitForPageLoad(2): Wait for page load successfully

2020-10-13 11:42:57 - [MESSAGE][PASSED] - Wait for page load successfully

2020-10-13 11:42:57 - [TEST_STEP][PASSED] - utilities.SafeActions.safeClick(findTestObject("MAKE_ PAYMENT/Home_ Page/CONTINUE"), "Continue", [pageLoadTime]): Consumer_Payment_Making.ts:Clicked on the Continue

2020-10-13 11:42:58 - [MESSAGE][INFO] - safeClicking

2020-10-13 11:42:59 - [MESSAGE][PASSED] - Object 'Object Repository/MAKE_ PAYMENT/Home_ Page/CONTINUE' is present

2020-10-13 11:42:59 - [MESSAGE][PASSED] - Object 'Object Repository/MAKE_ PAYMENT/Home_ Page/CONTINUE' is clickable

2020-10-13 11:43:02 - [MESSAGE][PASSED] - Object: 'Object Repository/MAKE_ PAYMENT/Home_ Page/CONTINUE' is clicked on

2020-10-13 11:43:02 - [MESSAGE][PASSED] - Consumer_Payment_Making.ts:Clicked on the Continue

2020-10-13 11:43:02 - [TEST_STEP][PASSED] - utilities.SafeActions.safeCheck(findTestObject("MAKE_ PAYMENT/Consumer_Personal_ Details/ACC_TYPE_CHECKING"), "Checking", [pageLoadTime]): Consumer_Payment_Making.ts:Checkbox 'Checking'is selected

2020-10-13 11:43:03 - [MESSAGE][PASSED] - Object 'Object Repository/MAKE_ PAYMENT/Consumer_Personal_ Details/ACC_TYPE_CHECKING' is present

2020-10-13 11:43:04 - [MESSAGE][PASSED] - Object 'Object Repository/MAKE_ PAYMENT/Consumer_Personal_ Details/ACC_TYPE_CHECKING' is present

2020-10-13 11:43:05 - [MESSAGE][PASSED] - Object: 'Object Repository/MAKE_ PAYMENT/Consumer_Personal_ Details/ACC_TYPE_CHECKING' is clicked on

2020-10-13 11:43:05 - [MESSAGE][PASSED] - Consumer_Payment_Making.ts:Checkbox 'Checking'is selected

2020-10-13 11:43:05 - [TEST_STEP][PASSED] - pages.Payment_Page.setElectronicCheckInformation(findTestObject("MAKE_ PAYMENT/Consumer_Personal_ Details/CHECKING_ACCOUNT_NUMBER"), findTestObject("MAKE_ PAYMENT/Consumer_Personal_ Details/CONFIRM_CHECKING_ACC_NUM"), routingNum, checkingAccNum): Consumer_Payment_Making.ts:Entered'123456 into ConfirmCheckAccNum

2020-10-13 11:43:05 - [MESSAGE][PASSED] - Object 'Object Repository/MAKE_ PAYMENT/Consumer_Personal_ Details/ROUTING_NUMBER' is present

2020-10-13 11:43:06 - [MESSAGE][PASSED] - Object 'Object Repository/MAKE_ PAYMENT/Consumer_Personal_ Details/ROUTING_NUMBER' is visible

2020-10-13 11:43:06 - [MESSAGE][PASSED] - Object 'Object Repository/MAKE_ PAYMENT/Consumer_Personal_ Details/ROUTING_NUMBER' is present

2020-10-13 11:43:07 - [MESSAGE][PASSED] - Text '111000025' is set on object 'Object Repository/MAKE_ PAYMENT/Consumer_Personal_ Details/ROUTING_NUMBER'

2020-10-13 11:43:07 - [MESSAGE][PASSED] - Consumer_Payment_Making.ts:Entered'111000025 into RoutingNumber

2020-10-13 11:43:08 - [MESSAGE][PASSED] - Object 'Object Repository/MAKE_ PAYMENT/Consumer_Personal_ Details/CHECKING_ACCOUNT_NUMBER' is present

2020-10-13 11:43:08 - [MESSAGE][PASSED] - Object 'Object Repository/MAKE_ PAYMENT/Consumer_Personal_ Details/CHECKING_ACCOUNT_NUMBER' is present

2020-10-13 11:43:08 - [MESSAGE][PASSED] - Object 'Object Repository/MAKE_ PAYMENT/Consumer_Personal_ Details/CHECKING_ACCOUNT_NUMBER' is visible

2020-10-13 11:43:08 - [MESSAGE][PASSED] - Object 'Object Repository/MAKE_ PAYMENT/Consumer_Personal_ Details/CHECKING_ACCOUNT_NUMBER' is present

2020-10-13 11:43:10 - [MESSAGE][PASSED] - Text '123456' is set on object 'Object Repository/MAKE_ PAYMENT/Consumer_Personal_ Details/CHECKING_ACCOUNT_NUMBER'

2020-10-13 11:43:10 - [MESSAGE][PASSED] - Consumer_Payment_Making.ts:Entered'123456 into CheckAccNum

2020-10-13 11:43:11 - [MESSAGE][PASSED] - Object 'Object Repository/MAKE_ PAYMENT/Consumer_Personal_ Details/CONFIRM_CHECKING_ACC_NUM' is present

2020-10-13 11:43:11 - [MESSAGE][PASSED] - Object 'Object Repository/MAKE_ PAYMENT/Consumer_Personal_ Details/CONFIRM_CHECKING_ACC_NUM' is visible

2020-10-13 11:43:12 - [MESSAGE][PASSED] - Object 'Object Repository/MAKE_ PAYMENT/Consumer_Personal_ Details/CONFIRM_CHECKING_ACC_NUM' is present

2020-10-13 11:43:13 - [MESSAGE][PASSED] - Text '123456' is set on object 'Object Repository/MAKE_ PAYMENT/Consumer_Personal_ Details/CONFIRM_CHECKING_ACC_NUM'

2020-10-13 11:43:13 - [MESSAGE][PASSED] - Consumer_Payment_Making.ts:Entered'123456 into ConfirmCheckAccNum

2020-10-13 11:43:13 - [TEST_STEP][PASSED] - utilities.SafeActions.safeType(findTestObject("MAKE_ PAYMENT/Consumer_Personal_ Details/EMAIL_ADDRESS"), emailAddress, "EmailAddress", [pageLoadTime]): Consumer_Payment_Making.ts:Entered'testing@zenq.com into EmailAddress

2020-10-13 11:43:13 - [MESSAGE][PASSED] - Object 'Object Repository/MAKE_ PAYMENT/Consumer_Personal_ Details/EMAIL_ADDRESS' is present

2020-10-13 11:43:14 - [MESSAGE][PASSED] - Object 'Object Repository/MAKE_ PAYMENT/Consumer_Personal_ Details/EMAIL_ADDRESS' is visible

2020-10-13 11:43:14 - [MESSAGE][PASSED] - Object 'Object Repository/MAKE_ PAYMENT/Consumer_Personal_ Details/EMAIL_ADDRESS' is present

2020-10-13 11:43:15 - [MESSAGE][PASSED] - Text 'testing@zenq.com' is set on object 'Object Repository/MAKE_ PAYMENT/Consumer_Personal_ Details/EMAIL_ADDRESS'

2020-10-13 11:43:15 - [MESSAGE][PASSED] - Consumer_Payment_Making.ts:Entered'testing@zenq.com into EmailAddress

2020-10-13 11:43:15 - [TEST_STEP][PASSED] - utilities.SafeActions.safeType(findTestObject("MAKE_ PAYMENT/Consumer_Personal_ Details/SIGNATURE"), firstName, "EmailAddress", [pageLoadTime]): Consumer_Payment_Making.ts:Entered'Chasto into EmailAddress

2020-10-13 11:43:16 - [MESSAGE][PASSED] - Object 'Object Repository/MAKE_ PAYMENT/Consumer_Personal_ Details/SIGNATURE' is present

2020-10-13 11:43:16 - [MESSAGE][PASSED] - Object 'Object Repository/MAKE_ PAYMENT/Consumer_Personal_ Details/SIGNATURE' is visible

2020-10-13 11:43:16 - [MESSAGE][PASSED] - Object 'Object Repository/MAKE_ PAYMENT/Consumer_Personal_ Details/SIGNATURE' is present

2020-10-13 11:43:17 - [MESSAGE][PASSED] - Text 'Chasto' is set on object 'Object Repository/MAKE_ PAYMENT/Consumer_Personal_ Details/SIGNATURE'

2020-10-13 11:43:17 - [MESSAGE][PASSED] - Consumer_Payment_Making.ts:Entered'Chasto into EmailAddress

2020-10-13 11:43:17 - [TEST_STEP][PASSED] - utilities.SafeActions.safeType(findTestObject("MAKE_ PAYMENT/Consumer_Personal_ Details/AGREEMENT"), "Yes", "Agreement", [pageLoadTime]): Consumer_Payment_Making.ts:Entered'Yes into Agreement

2020-10-13 11:43:18 - [MESSAGE][PASSED] - Object 'Object Repository/MAKE_ PAYMENT/Consumer_Personal_ Details/AGREEMENT' is present

2020-10-13 11:43:18 - [MESSAGE][PASSED] - Object 'Object Repository/MAKE_ PAYMENT/Consumer_Personal_ Details/AGREEMENT' is visible

2020-10-13 11:43:18 - [MESSAGE][PASSED] - Object 'Object Repository/MAKE_ PAYMENT/Consumer_Personal_ Details/AGREEMENT' is present

2020-10-13 11:43:20 - [MESSAGE][PASSED] - Text 'Yes' is set on object 'Object Repository/MAKE_ PAYMENT/Consumer_Personal_ Details/AGREEMENT'

2020-10-13 11:43:20 - [MESSAGE][PASSED] - Consumer_Payment_Making.ts:Entered'Yes into Agreement

2020-10-13 11:43:20 - [TEST_STEP][PASSED] - utilities.SafeActions.safeClick(findTestObject("MAKE_ PAYMENT/Home_ Page/CHECK_CONTINUE"), "Continue", [pageLoadTime]): Consumer_Payment_Making.ts:Clicked on the Continue

2020-10-13 11:43:20 - [MESSAGE][INFO] - safeClicking

2020-10-13 11:43:20 - [MESSAGE][PASSED] - Object 'Object Repository/MAKE_ PAYMENT/Home_ Page/CHECK_CONTINUE' is present

2020-10-13 11:43:20 - [MESSAGE][PASSED] - Object 'Object Repository/MAKE_ PAYMENT/Home_ Page/CHECK_CONTINUE' is clickable

2020-10-13 11:43:21 - [MESSAGE][PASSED] - Object: 'Object Repository/MAKE_ PAYMENT/Home_ Page/CHECK_CONTINUE' is clicked on

2020-10-13 11:43:21 - [MESSAGE][PASSED] - Consumer_Payment_Making.ts:Clicked on the Continue

2020-10-13 11:43:21 - [TEST_STEP][PASSED] - utilities.SafeActions.safeClick(findTestObject("MAKE_ PAYMENT/Home_ Page/CONTINUE"), "Continue", [pageLoadTime]): Consumer_Payment_Making.ts:Clicked on the Continue

2020-10-13 11:43:21 - [MESSAGE][INFO] - safeClicking

2020-10-13 11:43:22 - [MESSAGE][PASSED] - Object 'Object Repository/MAKE_ PAYMENT/Home_ Page/CONTINUE' is present

2020-10-13 11:43:22 - [MESSAGE][PASSED] - Object 'Object Repository/MAKE_ PAYMENT/Home_ Page/CONTINUE' is clickable

2020-10-13 11:43:26 - [MESSAGE][PASSED] - Object: 'Object Repository/MAKE_ PAYMENT/Home_ Page/CONTINUE' is clicked on

2020-10-13 11:43:26 - [MESSAGE][PASSED] - Consumer_Payment_Making.ts:Clicked on the Continue

2020-10-13 11:43:26 - [TEST_STEP][PASSED] - utilities.SafeActions.safeClick(findTestObject("MAKE_ PAYMENT/Consumer_Personal_ Details/I_AGREE"), "I agree", [pageLoadTime]): Consumer_Payment_Making.ts:Clicked on the I agree

2020-10-13 11:43:26 - [MESSAGE][INFO] - safeClicking

2020-10-13 11:43:27 - [MESSAGE][PASSED] - Object 'Object Repository/MAKE_ PAYMENT/Consumer_Personal_ Details/I_AGREE' is present

2020-10-13 11:43:27 - [MESSAGE][PASSED] - Object 'Object Repository/MAKE_ PAYMENT/Consumer_Personal_ Details/I_AGREE' is clickable

2020-10-13 11:43:31 - [MESSAGE][PASSED] - Object: 'Object Repository/MAKE_ PAYMENT/Consumer_Personal_ Details/I_AGREE' is clicked on

2020-10-13 11:43:31 - [MESSAGE][PASSED] - Consumer_Payment_Making.ts:Clicked on the I agree

2020-10-13 11:43:31 - [TEST_STEP][PASSED] - pages.Payment_Page.verifyUserDetails(firstName, lastName, emailAddress, "Discover", "Checking"): pages.Payment_Page.verifyUserDetails is PASSED

2020-10-13 11:43:32 - [MESSAGE][PASSED] - Scroll to object 'Object Repository/MAKE_ PAYMENT/Verification_ Details/FIRST_NAME' successfully

2020-10-13 11:43:33 - [MESSAGE][PASSED] - Text of object 'Object Repository/MAKE_ PAYMENT/Verification_ Details/FIRST_NAME' is: 'Chasto'

2020-10-13 11:43:33 - [MESSAGE][PASSED] - Actual text 'Chasto' and expected text 'Chasto' are matched  using regular expression

2020-10-13 11:43:33 - [MESSAGE][PASSED] - Text of object 'Object Repository/MAKE_ PAYMENT/Verification_ Details/LAST_NAME' is: 'James'

2020-10-13 11:43:33 - [MESSAGE][PASSED] - Actual text 'James' and expected text 'James' are matched  using regular expression

2020-10-13 11:43:35 - [MESSAGE][PASSED] - Text of object 'Object Repository/MAKE_ PAYMENT/Verification_ Details/EMAIL_ADDRESS' is: 'testing@zenq.com'

2020-10-13 11:43:35 - [MESSAGE][PASSED] - Actual text 'testing@zenq.com' and expected text 'testing@zenq.com' are matched  using regular expression

2020-10-13 11:43:36 - [MESSAGE][PASSED] - Text of object 'Object Repository/MAKE_ PAYMENT/Verification_ Details/ACH_ACC_TYPE' is: 'Checking'

2020-10-13 11:43:36 - [MESSAGE][PASSED] - Actual text 'Checking' and expected text 'Checking' are matched  using regular expression

2020-10-13 11:43:37 - [MESSAGE][PASSED] - pages.Payment_Page.verifyUserDetails is PASSED

2020-10-13 11:43:37 - [TEST_STEP][PASSED] - utilities.SafeActions.safeClick(findTestObject("MAKE_ PAYMENT/Verification_ Details/PROCESS_PAYMENT"), "Process Payment", [pageLoadTime]): Consumer_Payment_Making.ts:Clicked on the Process Payment

2020-10-13 11:43:37 - [MESSAGE][INFO] - safeClicking

2020-10-13 11:43:37 - [MESSAGE][PASSED] - Object 'Object Repository/MAKE_ PAYMENT/Verification_ Details/PROCESS_PAYMENT' is present

2020-10-13 11:43:37 - [MESSAGE][PASSED] - Object 'Object Repository/MAKE_ PAYMENT/Verification_ Details/PROCESS_PAYMENT' is clickable

2020-10-13 11:43:39 - [MESSAGE][PASSED] - Object: 'Object Repository/MAKE_ PAYMENT/Verification_ Details/PROCESS_PAYMENT' is clicked on

2020-10-13 11:43:39 - [MESSAGE][PASSED] - Consumer_Payment_Making.ts:Clicked on the Process Payment

2020-10-13 11:43:39 - [TEST_STEP][PASSED] - utilities.SafeActions.safeClick(findTestObject("MAKE_ PAYMENT/Verification_ Details/YES_BUTTON"), "yes button", [pageLoadTime]): Consumer_Payment_Making.ts:Clicked on the yes button

2020-10-13 11:43:39 - [MESSAGE][INFO] - safeClicking

2020-10-13 11:43:39 - [MESSAGE][PASSED] - Object 'Object Repository/MAKE_ PAYMENT/Verification_ Details/YES_BUTTON' is present

2020-10-13 11:43:40 - [MESSAGE][PASSED] - Object 'Object Repository/MAKE_ PAYMENT/Verification_ Details/YES_BUTTON' is clickable

2020-10-13 11:43:44 - [MESSAGE][PASSED] - Object: 'Object Repository/MAKE_ PAYMENT/Verification_ Details/YES_BUTTON' is clicked on

2020-10-13 11:43:44 - [MESSAGE][PASSED] - Consumer_Payment_Making.ts:Clicked on the yes button

2020-10-13 11:43:44 - [TEST_STEP][PASSED] - verifyElementPresent(findTestObject("MAKE_ PAYMENT/Verification_ Details/PENDING"), 30): Object 'Object Repository/MAKE_ PAYMENT/Verification_ Details/PENDING' is present

2020-10-13 11:43:45 - [MESSAGE][PASSED] - Object 'Object Repository/MAKE_ PAYMENT/Verification_ Details/PENDING' is present

2020-10-13 11:43:45 - [TEST_STEP][PASSED] - PaymentID = pages.Payment_Page.verifyECheckPaymentApproval(referenceNum): pages.Payment_Page.verifyECheckPaymentApproval is PASSED

2020-10-13 11:43:46 - [MESSAGE][PASSED] - Text of object 'Object Repository/MAKE_ PAYMENT/Verification_ Details/PAY_ID_ELECTRIC_CHECK' is: '100176127458'

2020-10-13 11:43:48 - [MESSAGE][PASSED] - Text of object 'Object Repository/MAKE_ PAYMENT/Verification_ Details/REF_NUM_E_CHECK' is: '11'

2020-10-13 11:43:48 - [MESSAGE][PASSED] - pages.Payment_Page.verifyECheckPaymentApproval is PASSED

2020-10-13 11:43:48 - [TEST_STEP][PASSED] - utilities.SafeActions.safeClick(findTestObject("SEARCH_PAYMENT/SEARCH_PAYMENT"), "Search Payment", [pageLoadTime]): Consumer_Payment_Making.ts:Clicked on the Search Payment

2020-10-13 11:43:48 - [MESSAGE][INFO] - safeClicking

2020-10-13 11:43:48 - [MESSAGE][PASSED] - Object 'Object Repository/SEARCH_PAYMENT/SEARCH_PAYMENT' is present

2020-10-13 11:43:49 - [MESSAGE][PASSED] - Object 'Object Repository/SEARCH_PAYMENT/SEARCH_PAYMENT' is clickable

2020-10-13 11:43:50 - [MESSAGE][PASSED] - Object: 'Object Repository/SEARCH_PAYMENT/SEARCH_PAYMENT' is clicked on

2020-10-13 11:43:50 - [MESSAGE][PASSED] - Consumer_Payment_Making.ts:Clicked on the Search Payment

2020-10-13 11:43:50 - [TEST_STEP][PASSED] - waitForPageLoad(10): Wait for page load successfully

2020-10-13 11:43:50 - [MESSAGE][PASSED] - Wait for page load successfully

2020-10-13 11:43:50 - [TEST_STEP][PASSED] - pages.Search_Page.switchToWindow(): pages.Search_Page.switchToWindow is PASSED

2020-10-13 11:43:52 - [MESSAGE][PASSED] - Object: 'Object Repository/SEARCH_PAYMENT/SEARCH_PAYMENT' is clicked on

2020-10-13 11:43:52 - [MESSAGE][PASSED] - Switched to window with index: '1'

2020-10-13 11:43:52 - [MESSAGE][PASSED] - pages.Search_Page.switchToWindow is PASSED

2020-10-13 11:43:52 - [TEST_STEP][PASSED] - utilities.SafeActions.safeCheck(findTestObject("SEARCH_PAYMENT/ELECTRONIC_CHECK"), "Echeck", [pageLoadTime]): Consumer_Payment_Making.ts:Checkbox 'Echeck'is selected

2020-10-13 11:43:55 - [MESSAGE][PASSED] - Object 'Object Repository/SEARCH_PAYMENT/ELECTRONIC_CHECK' is present

2020-10-13 11:43:56 - [MESSAGE][PASSED] - Object 'Object Repository/SEARCH_PAYMENT/ELECTRONIC_CHECK' is present

2020-10-13 11:43:57 - [MESSAGE][PASSED] - Object: 'Object Repository/SEARCH_PAYMENT/ELECTRONIC_CHECK' is clicked on

2020-10-13 11:43:57 - [MESSAGE][PASSED] - Consumer_Payment_Making.ts:Checkbox 'Echeck'is selected

2020-10-13 11:43:57 - [TEST_STEP][PASSED] - pages.Search_Page.setSearchDetails(lastName, VISA, checkingAccNum): Acc num enterd

2020-10-13 11:43:58 - [MESSAGE][PASSED] - Object 'Object Repository/SEARCH_PAYMENT/BILLING_LAST_NAME' is present

2020-10-13 11:43:58 - [MESSAGE][PASSED] - Object 'Object Repository/SEARCH_PAYMENT/BILLING_LAST_NAME' is visible

2020-10-13 11:43:58 - [MESSAGE][PASSED] - Object 'Object Repository/SEARCH_PAYMENT/BILLING_LAST_NAME' is present

2020-10-13 11:44:00 - [MESSAGE][PASSED] - Text 'James' is set on object 'Object Repository/SEARCH_PAYMENT/BILLING_LAST_NAME'

2020-10-13 11:44:00 - [MESSAGE][PASSED] - Consumer_Payment_Making.ts:Entered'James into LastName

2020-10-13 11:44:00 - [MESSAGE][WARNING] - Object 'Object Repository/SEARCH_PAYMENT/CREDIT_OR_DEBIT_CARD' is not checked (Root cause: com.kms.katalon.core.exception.StepFailedException: Object 'Object Repository/SEARCH_PAYMENT/CREDIT_OR_DEBIT_CARD' is not checked
	at com.kms.katalon.core.webui.keyword.internal.WebUIKeywordMain.stepFailed(WebUIKeywordMain.groovy:64)
	at com.kms.katalon.core.webui.keyword.builtin.VerifyElementCheckedKeyword$_verifyElementChecked_closure1.doCall(VerifyElementCheckedKeyword.groovy:81)
	at com.kms.katalon.core.webui.keyword.builtin.VerifyElementCheckedKeyword$_verifyElementChecked_closure1.call(VerifyElementCheckedKeyword.groovy)
	at com.kms.katalon.core.webui.keyword.internal.WebUIKeywordMain.runKeyword(WebUIKeywordMain.groovy:20)
	at com.kms.katalon.core.webui.keyword.builtin.VerifyElementCheckedKeyword.verifyElementChecked(VerifyElementCheckedKeyword.groovy:92)
	at com.kms.katalon.core.webui.keyword.builtin.VerifyElementCheckedKeyword.execute(VerifyElementCheckedKeyword.groovy:68)
	at com.kms.katalon.core.keyword.internal.KeywordExecutor.executeKeywordForPlatform(KeywordExecutor.groovy:72)
	at com.kms.katalon.core.webui.keyword.WebUiBuiltInKeywords.verifyElementChecked(WebUiBuiltInKeywords.groovy:1352)
	at com.kms.katalon.core.webui.keyword.WebUiBuiltInKeywords$verifyElementChecked$13.call(Unknown Source)
	at pages.Search_Page.setSearchDetails(Search_Page.groovy:39)
	at pages.Search_Page.invokeMethod(Search_Page.groovy)
	at com.kms.katalon.core.main.CustomKeywordDelegatingMetaClass.invokeStaticMethod(CustomKeywordDelegatingMetaClass.java:50)
	at TC_004_Echeck_Checking_MultiLine_Payment.run(TC_004_Echeck_Checking_MultiLine_Payment:128)
	at com.kms.katalon.core.main.ScriptEngine.run(ScriptEngine.java:194)
	at com.kms.katalon.core.main.ScriptEngine.runScriptAsRawText(ScriptEngine.java:119)
	at com.kms.katalon.core.main.TestCaseExecutor.runScript(TestCaseExecutor.java:337)
	at com.kms.katalon.core.main.TestCaseExecutor.doExecute(TestCaseExecutor.java:328)
	at com.kms.katalon.core.main.TestCaseExecutor.processExecutionPhase(TestCaseExecutor.java:307)
	at com.kms.katalon.core.main.TestCaseExecutor.accessMainPhase(TestCaseExecutor.java:299)
	at com.kms.katalon.core.main.TestCaseExecutor.execute(TestCaseExecutor.java:233)
	at com.kms.katalon.core.main.TestSuiteExecutor.accessTestCaseMainPhase(TestSuiteExecutor.java:169)
	at com.kms.katalon.core.main.TestSuiteExecutor.accessTestSuiteMainPhase(TestSuiteExecutor.java:142)
	at com.kms.katalon.core.main.TestSuiteExecutor.execute(TestSuiteExecutor.java:91)
	at com.kms.katalon.core.main.TestCaseMain.startTestSuite(TestCaseMain.java:157)
	at com.kms.katalon.core.main.TestCaseMain$startTestSuite$0.call(Unknown Source)
	at TempTestSuite1602568949585.run(TempTestSuite1602568949585.groovy:36)
)
[[ATTACHMENT|E:\\Sush_Certpay\\Reports\\20201013_113229\\Certpay_testSuite\\Consumer_Payment_Making\\20201013_113229\\1602569640490.png]]

2020-10-13 11:44:01 - [MESSAGE][PASSED] - Object 'Object Repository/SEARCH_PAYMENT/ACC_NUMBER' is present

2020-10-13 11:44:01 - [MESSAGE][PASSED] - Object 'Object Repository/SEARCH_PAYMENT/ACC_NUMBER' is visible

2020-10-13 11:44:01 - [MESSAGE][PASSED] - Object 'Object Repository/SEARCH_PAYMENT/ACC_NUMBER' is present

2020-10-13 11:44:03 - [MESSAGE][PASSED] - Text '123456' is set on object 'Object Repository/SEARCH_PAYMENT/ACC_NUMBER'

2020-10-13 11:44:03 - [MESSAGE][PASSED] - Consumer_Payment_Making.ts:Entered'123456 into Acc num

2020-10-13 11:44:03 - [MESSAGE][PASSED] - Acc num enterd

2020-10-13 11:44:03 - [TEST_STEP][PASSED] - utilities.SafeActions.safeClick(findTestObject("SEARCH_PAYMENT/SEARCH_BUTTON"), "Search", [pageLoadTime]): Consumer_Payment_Making.ts:Clicked on the Search

2020-10-13 11:44:03 - [MESSAGE][INFO] - safeClicking

2020-10-13 11:44:03 - [MESSAGE][PASSED] - Object 'Object Repository/SEARCH_PAYMENT/SEARCH_BUTTON' is present

2020-10-13 11:44:03 - [MESSAGE][PASSED] - Object 'Object Repository/SEARCH_PAYMENT/SEARCH_BUTTON' is clickable

2020-10-13 11:44:10 - [MESSAGE][PASSED] - Object: 'Object Repository/SEARCH_PAYMENT/SEARCH_BUTTON' is clicked on

2020-10-13 11:44:10 - [MESSAGE][PASSED] - Consumer_Payment_Making.ts:Clicked on the Search

2020-10-13 11:44:10 - [TEST_STEP][PASSED] - pages.Payment_Page.verifyPaymentDetailsInReceipt(PaymentID): pages.Payment_Page.verifyPaymentDetailsInReceipt is PASSED

2020-10-13 11:44:12 - [MESSAGE][PASSED] - Text of object 'Object Repository/SEARCH_PAYMENT/REFERNCE_NUM' is: '11'

2020-10-13 11:44:12 - [MESSAGE][PASSED] - Text of object 'Object Repository/SEARCH_PAYMENT/PAYMENT_ID' is: '100176127462'

2020-10-13 11:44:12 - [MESSAGE][PASSED] - pages.Payment_Page.verifyPaymentDetailsInReceipt is PASSED

2020-10-13 11:44:12 - [TEST_STEP][PASSED] - utilities.SafeActions.safeClick(findTestObject("SEARCH_PAYMENT/SEARCH_ ICON"), "SearchIcon", [pageLoadTime]): Consumer_Payment_Making.ts:Clicked on the SearchIcon

2020-10-13 11:44:12 - [MESSAGE][INFO] - safeClicking

2020-10-13 11:44:12 - [MESSAGE][PASSED] - Object 'Object Repository/SEARCH_PAYMENT/SEARCH_ ICON' is present

2020-10-13 11:44:12 - [MESSAGE][PASSED] - Object 'Object Repository/SEARCH_PAYMENT/SEARCH_ ICON' is clickable

2020-10-13 11:44:14 - [MESSAGE][PASSED] - Object: 'Object Repository/SEARCH_PAYMENT/SEARCH_ ICON' is clicked on

2020-10-13 11:44:14 - [MESSAGE][PASSED] - Consumer_Payment_Making.ts:Clicked on the SearchIcon

2020-10-13 11:44:14 - [TEST_STEP][PASSED] - scrollToElement(findTestObject("SEARCH_PAYMENT/CLOSE_BUTTON"), 0): Scroll to object 'Object Repository/SEARCH_PAYMENT/CLOSE_BUTTON' successfully

2020-10-13 11:44:14 - [MESSAGE][WARNING] - Timeout '0' is invalid. Using default page load timeout: '30'

2020-10-13 11:44:16 - [MESSAGE][PASSED] - Scroll to object 'Object Repository/SEARCH_PAYMENT/CLOSE_BUTTON' successfully

2020-10-13 11:44:16 - [TEST_STEP][PASSED] - utilities.SafeActions.safeClick(findTestObject("SEARCH_PAYMENT/EMAIL_ RECEIPT"), "Email Receipt", [pageLoadTime]): Consumer_Payment_Making.ts:Clicked on the Email Receipt

2020-10-13 11:44:16 - [MESSAGE][INFO] - safeClicking

2020-10-13 11:44:16 - [MESSAGE][PASSED] - Object 'Object Repository/SEARCH_PAYMENT/EMAIL_ RECEIPT' is present

2020-10-13 11:44:16 - [MESSAGE][PASSED] - Object 'Object Repository/SEARCH_PAYMENT/EMAIL_ RECEIPT' is clickable

2020-10-13 11:44:18 - [MESSAGE][PASSED] - Object: 'Object Repository/SEARCH_PAYMENT/EMAIL_ RECEIPT' is clicked on

2020-10-13 11:44:18 - [MESSAGE][PASSED] - Consumer_Payment_Making.ts:Clicked on the Email Receipt

2020-10-13 11:44:18 - [TEST_STEP][PASSED] - utilities.SafeActions.safeClick(findTestObject("SEARCH_PAYMENT/SEND_ EMAIL_BUTTON"), "Send Email", [pageLoadTime]): Consumer_Payment_Making.ts:Clicked on the Send Email

2020-10-13 11:44:18 - [MESSAGE][INFO] - safeClicking

2020-10-13 11:44:18 - [MESSAGE][PASSED] - Object 'Object Repository/SEARCH_PAYMENT/SEND_ EMAIL_BUTTON' is present

2020-10-13 11:44:19 - [MESSAGE][PASSED] - Object 'Object Repository/SEARCH_PAYMENT/SEND_ EMAIL_BUTTON' is clickable

2020-10-13 11:44:20 - [MESSAGE][PASSED] - Object: 'Object Repository/SEARCH_PAYMENT/SEND_ EMAIL_BUTTON' is clicked on

2020-10-13 11:44:20 - [MESSAGE][PASSED] - Consumer_Payment_Making.ts:Clicked on the Send Email

2020-10-13 11:44:20 - [TEST_STEP][PASSED] - Start listener action : afterTestCase: Browser is closed

2020-10-13 11:44:20 - [TEST_STEP][PASSED] - closeBrowser(): Browser is closed

2020-10-13 11:44:24 - [MESSAGE][PASSED] - Browser is closed]]></system-out>
         <system-err><![CDATA[]]></system-err>
      </testcase>
      <testcase name="Test Cases/Consumer_Make_Payment/TC_005_Echeck_Savings_SingleLine_Payment" time="188.85" classname="Test Cases/Consumer_Make_Payment/TC_005_Echeck_Savings_SingleLine_Payment" status="PASSED">
         <system-out><![CDATA[2020-10-13 11:44:24 - [TEST_CASE][PASSED] - Test Cases/Consumer_Make_Payment/TC_005_Echeck_Savings_SingleLine_Payment: Test Cases/Consumer_Make_Payment/TC_005_Echeck_Savings_SingleLine_Payment

2020-10-13 11:44:24 - [TEST_STEP][PASSED] - Start listener action : beforeTestCase: null

2020-10-13 11:44:24 - [TEST_STEP][PASSED] - utilities.SafeActions.openBrowser(certpay_url, [pageLoadTime]): Browser launched successfully

2020-10-13 11:44:24 - [MESSAGE][INFO] - Opening Browser

2020-10-13 11:44:24 - [MESSAGE][INFO] - Starting 'Chrome' driver

2020-10-13 11:44:40 - [MESSAGE][PASSED] - Browser is opened with url: 'https://qa-certpay.faps.net/'

2020-10-13 11:44:43 - [MESSAGE][PASSED] - Current window maximized

2020-10-13 11:44:43 - [MESSAGE][PASSED] - Browser launched successfully

2020-10-13 11:44:43 - [TEST_STEP][PASSED] - utilities.SafeActions.safeType(findTestObject("MAKE_ PAYMENT/Home_ Page/BUREAU_CODE"), bureauCode, "Bureau code", [pageLoadTime]): Consumer_Payment_Making.ts:Entered'6100000 into Bureau code

2020-10-13 11:44:43 - [MESSAGE][PASSED] - Object 'Object Repository/MAKE_ PAYMENT/Home_ Page/BUREAU_CODE' is present

2020-10-13 11:44:43 - [MESSAGE][PASSED] - Object 'Object Repository/MAKE_ PAYMENT/Home_ Page/BUREAU_CODE' is visible

2020-10-13 11:44:43 - [MESSAGE][PASSED] - Object 'Object Repository/MAKE_ PAYMENT/Home_ Page/BUREAU_CODE' is present

2020-10-13 11:44:45 - [MESSAGE][PASSED] - Text '6100000' is set on object 'Object Repository/MAKE_ PAYMENT/Home_ Page/BUREAU_CODE'

2020-10-13 11:44:45 - [MESSAGE][PASSED] - Consumer_Payment_Making.ts:Entered'6100000 into Bureau code

2020-10-13 11:44:45 - [TEST_STEP][PASSED] - utilities.SafeActions.safeClick(findTestObject("MAKE_ PAYMENT/Home_ Page/BEGIN_PAYMENT"), "Begin payment", [pageLoadTime]): Consumer_Payment_Making.ts:Clicked on the Begin payment

2020-10-13 11:44:45 - [MESSAGE][INFO] - safeClicking

2020-10-13 11:44:45 - [MESSAGE][PASSED] - Object 'Object Repository/MAKE_ PAYMENT/Home_ Page/BEGIN_PAYMENT' is present

2020-10-13 11:44:45 - [MESSAGE][PASSED] - Object 'Object Repository/MAKE_ PAYMENT/Home_ Page/BEGIN_PAYMENT' is clickable

2020-10-13 11:44:49 - [MESSAGE][PASSED] - Object: 'Object Repository/MAKE_ PAYMENT/Home_ Page/BEGIN_PAYMENT' is clicked on

2020-10-13 11:44:49 - [MESSAGE][PASSED] - Consumer_Payment_Making.ts:Clicked on the Begin payment

2020-10-13 11:44:49 - [TEST_STEP][PASSED] - utilities.SafeActions.safeClick(findTestObject("MAKE_ PAYMENT/Home_ Page/NEXT_BUTTON"), "Continue", [pageLoadTime]): Consumer_Payment_Making.ts:Clicked on the Continue

2020-10-13 11:44:49 - [MESSAGE][INFO] - safeClicking

2020-10-13 11:44:50 - [MESSAGE][PASSED] - Object 'Object Repository/MAKE_ PAYMENT/Home_ Page/NEXT_BUTTON' is present

2020-10-13 11:44:50 - [MESSAGE][PASSED] - Object 'Object Repository/MAKE_ PAYMENT/Home_ Page/NEXT_BUTTON' is clickable

2020-10-13 11:44:55 - [MESSAGE][PASSED] - Object: 'Object Repository/MAKE_ PAYMENT/Home_ Page/NEXT_BUTTON' is clicked on

2020-10-13 11:44:55 - [MESSAGE][PASSED] - Consumer_Payment_Making.ts:Clicked on the Continue

2020-10-13 11:44:55 - [TEST_STEP][PASSED] - utilities.SafeActions.safeCheck(findTestObject("MAKE_ PAYMENT/Home_ Page/ELECTRONIC_CHECK"), "Electronic check", [pageLoadTime]): Consumer_Payment_Making.ts:Checkbox 'Electronic check'is selected

2020-10-13 11:44:56 - [MESSAGE][PASSED] - Object 'Object Repository/MAKE_ PAYMENT/Home_ Page/ELECTRONIC_CHECK' is present

2020-10-13 11:44:57 - [MESSAGE][PASSED] - Object 'Object Repository/MAKE_ PAYMENT/Home_ Page/ELECTRONIC_CHECK' is present

2020-10-13 11:44:58 - [MESSAGE][PASSED] - Object: 'Object Repository/MAKE_ PAYMENT/Home_ Page/ELECTRONIC_CHECK' is clicked on

2020-10-13 11:44:58 - [MESSAGE][PASSED] - Consumer_Payment_Making.ts:Checkbox 'Electronic check'is selected

2020-10-13 11:44:58 - [TEST_STEP][PASSED] - pages.Payment_Page.setAmount("1", paymentAmount, "testing", referenceNum): Consumer_Payment_Making.ts:Entered'testing into Comments

2020-10-13 11:45:02 - [MESSAGE][PASSED] - Object '' is present

2020-10-13 11:45:02 - [MESSAGE][PASSED] - Object '' is visible

2020-10-13 11:45:02 - [MESSAGE][PASSED] - Object '' is present

2020-10-13 11:45:04 - [MESSAGE][PASSED] - Text '45.00' is set on object ''

2020-10-13 11:45:04 - [MESSAGE][PASSED] - Consumer_Payment_Making.ts:Entered'45.00 into Amount

2020-10-13 11:45:04 - [MESSAGE][PASSED] - Object '' is present

2020-10-13 11:45:04 - [MESSAGE][PASSED] - Object '' is visible

2020-10-13 11:45:04 - [MESSAGE][PASSED] - Object '' is present

2020-10-13 11:45:06 - [MESSAGE][PASSED] - Text '22' is set on object ''

2020-10-13 11:45:06 - [MESSAGE][PASSED] - Consumer_Payment_Making.ts:Entered'22 into Amount

2020-10-13 11:45:06 - [MESSAGE][PASSED] - Object '' is present

2020-10-13 11:45:06 - [MESSAGE][PASSED] - Object '' is visible

2020-10-13 11:45:07 - [MESSAGE][PASSED] - Object '' is present

2020-10-13 11:45:08 - [MESSAGE][PASSED] - Text 'testing' is set on object ''

2020-10-13 11:45:08 - [MESSAGE][PASSED] - Consumer_Payment_Making.ts:Entered'testing into Comments

2020-10-13 11:45:08 - [TEST_STEP][PASSED] - utilities.SafeActions.safeSelectOptionInDropdownByVisibleText(findTestObject("MAKE_ PAYMENT/Home_ Page/PAYMENT_TYPE"), paymentType, "Payment Type", [pageLoadTime]): selected dropdown option by visible text  Taxesfrom Payment Type

2020-10-13 11:45:08 - [MESSAGE][PASSED] - Object 'Object Repository/MAKE_ PAYMENT/Home_ Page/PAYMENT_TYPE' is visible

2020-10-13 11:45:09 - [MESSAGE][PASSED] - Object 'Object Repository/MAKE_ PAYMENT/Home_ Page/PAYMENT_TYPE' is present

2020-10-13 11:45:10 - [MESSAGE][PASSED] - Object: 'Object Repository/MAKE_ PAYMENT/Home_ Page/PAYMENT_TYPE' is clicked on

2020-10-13 11:45:11 - [MESSAGE][PASSED] - All options with label 'Taxes' are selected in object 'Object Repository/MAKE_ PAYMENT/Home_ Page/PAYMENT_TYPE'  using regular expression

2020-10-13 11:45:11 - [MESSAGE][PASSED] - selected dropdown option by visible text  Taxesfrom Payment Type

2020-10-13 11:45:11 - [TEST_STEP][PASSED] - utilities.SafeActions.safeClick(findTestObject("MAKE_ PAYMENT/Home_ Page/CONTINUE"), "Continue", [pageLoadTime]): Consumer_Payment_Making.ts:Clicked on the Continue

2020-10-13 11:45:11 - [MESSAGE][INFO] - safeClicking

2020-10-13 11:45:12 - [MESSAGE][PASSED] - Object 'Object Repository/MAKE_ PAYMENT/Home_ Page/CONTINUE' is present

2020-10-13 11:45:12 - [MESSAGE][PASSED] - Object 'Object Repository/MAKE_ PAYMENT/Home_ Page/CONTINUE' is clickable

2020-10-13 11:45:16 - [MESSAGE][PASSED] - Object: 'Object Repository/MAKE_ PAYMENT/Home_ Page/CONTINUE' is clicked on

2020-10-13 11:45:16 - [MESSAGE][PASSED] - Consumer_Payment_Making.ts:Clicked on the Continue

2020-10-13 11:45:16 - [TEST_STEP][PASSED] - pages.Payment_Page.setPersonalDetails(firstName, lastName, telephone): Consumer_Payment_Making.ts:Entered'9898767656 into Telephone

2020-10-13 11:45:17 - [MESSAGE][PASSED] - Object 'Object Repository/MAKE_ PAYMENT/Consumer_Personal_ Details/FIRST_NAME' is present

2020-10-13 11:45:17 - [MESSAGE][PASSED] - Object 'Object Repository/MAKE_ PAYMENT/Consumer_Personal_ Details/FIRST_NAME' is visible

2020-10-13 11:45:18 - [MESSAGE][PASSED] - Object 'Object Repository/MAKE_ PAYMENT/Consumer_Personal_ Details/FIRST_NAME' is present

2020-10-13 11:45:19 - [MESSAGE][PASSED] - Text 'Jackson' is set on object 'Object Repository/MAKE_ PAYMENT/Consumer_Personal_ Details/FIRST_NAME'

2020-10-13 11:45:19 - [MESSAGE][PASSED] - Consumer_Payment_Making.ts:Entered'Jackson into FirstName

2020-10-13 11:45:19 - [MESSAGE][PASSED] - Object 'Object Repository/MAKE_ PAYMENT/Consumer_Personal_ Details/LAST_NAME' is present

2020-10-13 11:45:20 - [MESSAGE][PASSED] - Object 'Object Repository/MAKE_ PAYMENT/Consumer_Personal_ Details/LAST_NAME' is visible

2020-10-13 11:45:20 - [MESSAGE][PASSED] - Object 'Object Repository/MAKE_ PAYMENT/Consumer_Personal_ Details/LAST_NAME' is present

2020-10-13 11:45:21 - [MESSAGE][PASSED] - Text 'Machael' is set on object 'Object Repository/MAKE_ PAYMENT/Consumer_Personal_ Details/LAST_NAME'

2020-10-13 11:45:21 - [MESSAGE][PASSED] - Consumer_Payment_Making.ts:Entered'Machael into LastName

2020-10-13 11:45:22 - [MESSAGE][PASSED] - Object 'Object Repository/MAKE_ PAYMENT/Consumer_Personal_ Details/TELEPHONE' is present

2020-10-13 11:45:22 - [MESSAGE][PASSED] - Object 'Object Repository/MAKE_ PAYMENT/Consumer_Personal_ Details/TELEPHONE' is visible

2020-10-13 11:45:22 - [MESSAGE][PASSED] - Object 'Object Repository/MAKE_ PAYMENT/Consumer_Personal_ Details/TELEPHONE' is present

2020-10-13 11:45:23 - [MESSAGE][PASSED] - Text '9898767656' is set on object 'Object Repository/MAKE_ PAYMENT/Consumer_Personal_ Details/TELEPHONE'

2020-10-13 11:45:23 - [MESSAGE][PASSED] - Consumer_Payment_Making.ts:Entered'9898767656 into Telephone

2020-10-13 11:45:23 - [TEST_STEP][PASSED] - pages.Payment_Page.setLocationDetails(address, zipCode): Consumer_Payment_Making.ts:Entered'76102 into ZipCode

2020-10-13 11:45:24 - [MESSAGE][PASSED] - Object 'Object Repository/MAKE_ PAYMENT/Consumer_Personal_ Details/ADDRESS' is present

2020-10-13 11:45:24 - [MESSAGE][PASSED] - Object 'Object Repository/MAKE_ PAYMENT/Consumer_Personal_ Details/ADDRESS' is visible

2020-10-13 11:45:24 - [MESSAGE][PASSED] - Object 'Object Repository/MAKE_ PAYMENT/Consumer_Personal_ Details/ADDRESS' is present

2020-10-13 11:45:26 - [MESSAGE][PASSED] - Text '14-2-6' is set on object 'Object Repository/MAKE_ PAYMENT/Consumer_Personal_ Details/ADDRESS'

2020-10-13 11:45:26 - [MESSAGE][PASSED] - Consumer_Payment_Making.ts:Entered'14-2-6 into Address

2020-10-13 11:45:26 - [MESSAGE][PASSED] - Object 'Object Repository/MAKE_ PAYMENT/Consumer_Personal_ Details/ZIP_CODE' is present

2020-10-13 11:45:26 - [MESSAGE][PASSED] - Object 'Object Repository/MAKE_ PAYMENT/Consumer_Personal_ Details/ZIP_CODE' is visible

2020-10-13 11:45:26 - [MESSAGE][PASSED] - Object 'Object Repository/MAKE_ PAYMENT/Consumer_Personal_ Details/ZIP_CODE' is present

2020-10-13 11:45:28 - [MESSAGE][PASSED] - Text '76102' is set on object 'Object Repository/MAKE_ PAYMENT/Consumer_Personal_ Details/ZIP_CODE'

2020-10-13 11:45:28 - [MESSAGE][PASSED] - Consumer_Payment_Making.ts:Entered'76102 into ZipCode

2020-10-13 11:45:28 - [TEST_STEP][PASSED] - pages.Payment_Page.clickOnElement(findTestObject("MAKE_ PAYMENT/Home_ Page/CONTINUE")): pages.Payment_Page.clickOnElement is PASSED

2020-10-13 11:45:35 - [MESSAGE][PASSED] - Execute JavaScript 'arguments[0].click()' successfully

2020-10-13 11:45:35 - [MESSAGE][PASSED] - pages.Payment_Page.clickOnElement is PASSED

2020-10-13 11:45:35 - [TEST_STEP][PASSED] - utilities.SafeActions.safeCheck(findTestObject("MAKE_ PAYMENT/Consumer_Personal_ Details/CheckBox"), "Billing CheckBox", [pageLoadTime]): Consumer_Payment_Making.ts:Checkbox 'Billing CheckBox'is selected

2020-10-13 11:45:37 - [MESSAGE][PASSED] - Object 'Object Repository/MAKE_ PAYMENT/Consumer_Personal_ Details/CheckBox' is present

2020-10-13 11:45:38 - [MESSAGE][PASSED] - Object 'Object Repository/MAKE_ PAYMENT/Consumer_Personal_ Details/CheckBox' is present

2020-10-13 11:45:40 - [MESSAGE][PASSED] - Object: 'Object Repository/MAKE_ PAYMENT/Consumer_Personal_ Details/CheckBox' is clicked on

2020-10-13 11:45:40 - [MESSAGE][PASSED] - Consumer_Payment_Making.ts:Checkbox 'Billing CheckBox'is selected

2020-10-13 11:45:40 - [TEST_STEP][PASSED] - waitForPageLoad(2): Wait for page load successfully

2020-10-13 11:45:43 - [MESSAGE][PASSED] - Wait for page load successfully

2020-10-13 11:45:43 - [TEST_STEP][PASSED] - utilities.SafeActions.safeClick(findTestObject("MAKE_ PAYMENT/Home_ Page/CONTINUE"), "Continue", [pageLoadTime]): Consumer_Payment_Making.ts:Clicked on the Continue

2020-10-13 11:45:43 - [MESSAGE][INFO] - safeClicking

2020-10-13 11:45:45 - [MESSAGE][PASSED] - Object 'Object Repository/MAKE_ PAYMENT/Home_ Page/CONTINUE' is present

2020-10-13 11:45:45 - [MESSAGE][PASSED] - Object 'Object Repository/MAKE_ PAYMENT/Home_ Page/CONTINUE' is clickable

2020-10-13 11:45:50 - [MESSAGE][PASSED] - Object: 'Object Repository/MAKE_ PAYMENT/Home_ Page/CONTINUE' is clicked on

2020-10-13 11:45:50 - [MESSAGE][PASSED] - Consumer_Payment_Making.ts:Clicked on the Continue

2020-10-13 11:45:50 - [TEST_STEP][PASSED] - utilities.SafeActions.safeCheck(findTestObject("MAKE_ PAYMENT/Consumer_Personal_ Details/ACC_TYPE_SAVINGS"), "Savings", [pageLoadTime]): Consumer_Payment_Making.ts:Checkbox 'Savings'is selected

2020-10-13 11:45:52 - [MESSAGE][PASSED] - Object 'Object Repository/MAKE_ PAYMENT/Consumer_Personal_ Details/ACC_TYPE_SAVINGS' is present

2020-10-13 11:45:53 - [MESSAGE][PASSED] - Object 'Object Repository/MAKE_ PAYMENT/Consumer_Personal_ Details/ACC_TYPE_SAVINGS' is present

2020-10-13 11:45:54 - [MESSAGE][PASSED] - Object: 'Object Repository/MAKE_ PAYMENT/Consumer_Personal_ Details/ACC_TYPE_SAVINGS' is clicked on

2020-10-13 11:45:54 - [MESSAGE][PASSED] - Consumer_Payment_Making.ts:Checkbox 'Savings'is selected

2020-10-13 11:45:54 - [TEST_STEP][PASSED] - pages.Payment_Page.setElectronicCheckInformation(findTestObject("MAKE_ PAYMENT/Consumer_Personal_ Details/CHECKING_ACCOUNT_NUMBER"), findTestObject("MAKE_ PAYMENT/Consumer_Personal_ Details/CONFIRM_CHECKING_ACC_NUM"), routingNum, checkingAccNum): Consumer_Payment_Making.ts:Entered'456789 into ConfirmCheckAccNum

2020-10-13 11:45:55 - [MESSAGE][PASSED] - Object 'Object Repository/MAKE_ PAYMENT/Consumer_Personal_ Details/ROUTING_NUMBER' is present

2020-10-13 11:45:55 - [MESSAGE][PASSED] - Object 'Object Repository/MAKE_ PAYMENT/Consumer_Personal_ Details/ROUTING_NUMBER' is visible

2020-10-13 11:45:55 - [MESSAGE][PASSED] - Object 'Object Repository/MAKE_ PAYMENT/Consumer_Personal_ Details/ROUTING_NUMBER' is present

2020-10-13 11:45:57 - [MESSAGE][PASSED] - Text '111000025' is set on object 'Object Repository/MAKE_ PAYMENT/Consumer_Personal_ Details/ROUTING_NUMBER'

2020-10-13 11:45:57 - [MESSAGE][PASSED] - Consumer_Payment_Making.ts:Entered'111000025 into RoutingNumber

2020-10-13 11:45:57 - [MESSAGE][PASSED] - Object 'Object Repository/MAKE_ PAYMENT/Consumer_Personal_ Details/CHECKING_ACCOUNT_NUMBER' is present

2020-10-13 11:45:57 - [MESSAGE][PASSED] - Object 'Object Repository/MAKE_ PAYMENT/Consumer_Personal_ Details/CHECKING_ACCOUNT_NUMBER' is present

2020-10-13 11:45:57 - [MESSAGE][PASSED] - Object 'Object Repository/MAKE_ PAYMENT/Consumer_Personal_ Details/CHECKING_ACCOUNT_NUMBER' is visible

2020-10-13 11:45:58 - [MESSAGE][PASSED] - Object 'Object Repository/MAKE_ PAYMENT/Consumer_Personal_ Details/CHECKING_ACCOUNT_NUMBER' is present

2020-10-13 11:45:59 - [MESSAGE][PASSED] - Text '456789' is set on object 'Object Repository/MAKE_ PAYMENT/Consumer_Personal_ Details/CHECKING_ACCOUNT_NUMBER'

2020-10-13 11:45:59 - [MESSAGE][PASSED] - Consumer_Payment_Making.ts:Entered'456789 into CheckAccNum

2020-10-13 11:46:00 - [MESSAGE][PASSED] - Object 'Object Repository/MAKE_ PAYMENT/Consumer_Personal_ Details/CONFIRM_CHECKING_ACC_NUM' is present

2020-10-13 11:46:00 - [MESSAGE][PASSED] - Object 'Object Repository/MAKE_ PAYMENT/Consumer_Personal_ Details/CONFIRM_CHECKING_ACC_NUM' is visible

2020-10-13 11:46:01 - [MESSAGE][PASSED] - Object 'Object Repository/MAKE_ PAYMENT/Consumer_Personal_ Details/CONFIRM_CHECKING_ACC_NUM' is present

2020-10-13 11:46:02 - [MESSAGE][PASSED] - Text '456789' is set on object 'Object Repository/MAKE_ PAYMENT/Consumer_Personal_ Details/CONFIRM_CHECKING_ACC_NUM'

2020-10-13 11:46:02 - [MESSAGE][PASSED] - Consumer_Payment_Making.ts:Entered'456789 into ConfirmCheckAccNum

2020-10-13 11:46:02 - [TEST_STEP][PASSED] - utilities.SafeActions.safeType(findTestObject("MAKE_ PAYMENT/Consumer_Personal_ Details/EMAIL_ADDRESS"), emailAddress, "EmailAddress", [pageLoadTime]): Consumer_Payment_Making.ts:Entered'testing@zenq.com into EmailAddress

2020-10-13 11:46:02 - [MESSAGE][PASSED] - Object 'Object Repository/MAKE_ PAYMENT/Consumer_Personal_ Details/EMAIL_ADDRESS' is present

2020-10-13 11:46:03 - [MESSAGE][PASSED] - Object 'Object Repository/MAKE_ PAYMENT/Consumer_Personal_ Details/EMAIL_ADDRESS' is visible

2020-10-13 11:46:03 - [MESSAGE][PASSED] - Object 'Object Repository/MAKE_ PAYMENT/Consumer_Personal_ Details/EMAIL_ADDRESS' is present

2020-10-13 11:46:04 - [MESSAGE][PASSED] - Text 'testing@zenq.com' is set on object 'Object Repository/MAKE_ PAYMENT/Consumer_Personal_ Details/EMAIL_ADDRESS'

2020-10-13 11:46:04 - [MESSAGE][PASSED] - Consumer_Payment_Making.ts:Entered'testing@zenq.com into EmailAddress

2020-10-13 11:46:04 - [TEST_STEP][PASSED] - utilities.SafeActions.safeType(findTestObject("MAKE_ PAYMENT/Consumer_Personal_ Details/SIGNATURE"), firstName, "EmailAddress", [pageLoadTime]): Consumer_Payment_Making.ts:Entered'Jackson into EmailAddress

2020-10-13 11:46:05 - [MESSAGE][PASSED] - Object 'Object Repository/MAKE_ PAYMENT/Consumer_Personal_ Details/SIGNATURE' is present

2020-10-13 11:46:05 - [MESSAGE][PASSED] - Object 'Object Repository/MAKE_ PAYMENT/Consumer_Personal_ Details/SIGNATURE' is visible

2020-10-13 11:46:05 - [MESSAGE][PASSED] - Object 'Object Repository/MAKE_ PAYMENT/Consumer_Personal_ Details/SIGNATURE' is present

2020-10-13 11:46:06 - [MESSAGE][PASSED] - Text 'Jackson' is set on object 'Object Repository/MAKE_ PAYMENT/Consumer_Personal_ Details/SIGNATURE'

2020-10-13 11:46:06 - [MESSAGE][PASSED] - Consumer_Payment_Making.ts:Entered'Jackson into EmailAddress

2020-10-13 11:46:06 - [TEST_STEP][PASSED] - utilities.SafeActions.safeType(findTestObject("MAKE_ PAYMENT/Consumer_Personal_ Details/AGREEMENT"), "Yes", "Agreement", [pageLoadTime]): Consumer_Payment_Making.ts:Entered'Yes into Agreement

2020-10-13 11:46:07 - [MESSAGE][PASSED] - Object 'Object Repository/MAKE_ PAYMENT/Consumer_Personal_ Details/AGREEMENT' is present

2020-10-13 11:46:07 - [MESSAGE][PASSED] - Object 'Object Repository/MAKE_ PAYMENT/Consumer_Personal_ Details/AGREEMENT' is visible

2020-10-13 11:46:07 - [MESSAGE][PASSED] - Object 'Object Repository/MAKE_ PAYMENT/Consumer_Personal_ Details/AGREEMENT' is present

2020-10-13 11:46:09 - [MESSAGE][PASSED] - Text 'Yes' is set on object 'Object Repository/MAKE_ PAYMENT/Consumer_Personal_ Details/AGREEMENT'

2020-10-13 11:46:09 - [MESSAGE][PASSED] - Consumer_Payment_Making.ts:Entered'Yes into Agreement

2020-10-13 11:46:09 - [TEST_STEP][PASSED] - utilities.SafeActions.safeClick(findTestObject("MAKE_ PAYMENT/Home_ Page/CHECK_CONTINUE"), "Continue", [pageLoadTime]): Consumer_Payment_Making.ts:Clicked on the Continue

2020-10-13 11:46:09 - [MESSAGE][INFO] - safeClicking

2020-10-13 11:46:09 - [MESSAGE][PASSED] - Object 'Object Repository/MAKE_ PAYMENT/Home_ Page/CHECK_CONTINUE' is present

2020-10-13 11:46:09 - [MESSAGE][PASSED] - Object 'Object Repository/MAKE_ PAYMENT/Home_ Page/CHECK_CONTINUE' is clickable

2020-10-13 11:46:11 - [MESSAGE][PASSED] - Object: 'Object Repository/MAKE_ PAYMENT/Home_ Page/CHECK_CONTINUE' is clicked on

2020-10-13 11:46:11 - [MESSAGE][PASSED] - Consumer_Payment_Making.ts:Clicked on the Continue

2020-10-13 11:46:11 - [TEST_STEP][PASSED] - utilities.SafeActions.safeClick(findTestObject("MAKE_ PAYMENT/Home_ Page/CONTINUE"), "Continue", [pageLoadTime]): Consumer_Payment_Making.ts:Clicked on the Continue

2020-10-13 11:46:11 - [MESSAGE][INFO] - safeClicking

2020-10-13 11:46:11 - [MESSAGE][PASSED] - Object 'Object Repository/MAKE_ PAYMENT/Home_ Page/CONTINUE' is present

2020-10-13 11:46:11 - [MESSAGE][PASSED] - Object 'Object Repository/MAKE_ PAYMENT/Home_ Page/CONTINUE' is clickable

2020-10-13 11:46:15 - [MESSAGE][PASSED] - Object: 'Object Repository/MAKE_ PAYMENT/Home_ Page/CONTINUE' is clicked on

2020-10-13 11:46:15 - [MESSAGE][PASSED] - Consumer_Payment_Making.ts:Clicked on the Continue

2020-10-13 11:46:15 - [TEST_STEP][PASSED] - utilities.SafeActions.safeClick(findTestObject("MAKE_ PAYMENT/Consumer_Personal_ Details/I_AGREE"), "I agree", [pageLoadTime]): Consumer_Payment_Making.ts:Clicked on the I agree

2020-10-13 11:46:15 - [MESSAGE][INFO] - safeClicking

2020-10-13 11:46:17 - [MESSAGE][PASSED] - Object 'Object Repository/MAKE_ PAYMENT/Consumer_Personal_ Details/I_AGREE' is present

2020-10-13 11:46:17 - [MESSAGE][PASSED] - Object 'Object Repository/MAKE_ PAYMENT/Consumer_Personal_ Details/I_AGREE' is clickable

2020-10-13 11:46:21 - [MESSAGE][PASSED] - Object: 'Object Repository/MAKE_ PAYMENT/Consumer_Personal_ Details/I_AGREE' is clicked on

2020-10-13 11:46:21 - [MESSAGE][PASSED] - Consumer_Payment_Making.ts:Clicked on the I agree

2020-10-13 11:46:21 - [TEST_STEP][PASSED] - pages.Payment_Page.verifyUserDetails(firstName, lastName, emailAddress, "Discover", "Savings"): pages.Payment_Page.verifyUserDetails is PASSED

2020-10-13 11:46:21 - [MESSAGE][PASSED] - Scroll to object 'Object Repository/MAKE_ PAYMENT/Verification_ Details/FIRST_NAME' successfully

2020-10-13 11:46:22 - [MESSAGE][PASSED] - Text of object 'Object Repository/MAKE_ PAYMENT/Verification_ Details/FIRST_NAME' is: 'Jackson'

2020-10-13 11:46:22 - [MESSAGE][PASSED] - Actual text 'Jackson' and expected text 'Jackson' are matched  using regular expression

2020-10-13 11:46:22 - [MESSAGE][PASSED] - Text of object 'Object Repository/MAKE_ PAYMENT/Verification_ Details/LAST_NAME' is: 'Machael'

2020-10-13 11:46:22 - [MESSAGE][PASSED] - Actual text 'Machael' and expected text 'Machael' are matched  using regular expression

2020-10-13 11:46:25 - [MESSAGE][PASSED] - Text of object 'Object Repository/MAKE_ PAYMENT/Verification_ Details/EMAIL_ADDRESS' is: 'testing@zenq.com'

2020-10-13 11:46:25 - [MESSAGE][PASSED] - Actual text 'testing@zenq.com' and expected text 'testing@zenq.com' are matched  using regular expression

2020-10-13 11:46:25 - [MESSAGE][PASSED] - Text of object 'Object Repository/MAKE_ PAYMENT/Verification_ Details/ACH_ACC_TYPE' is: 'Savings'

2020-10-13 11:46:25 - [MESSAGE][PASSED] - Actual text 'Savings' and expected text 'Savings' are matched  using regular expression

2020-10-13 11:46:26 - [MESSAGE][PASSED] - pages.Payment_Page.verifyUserDetails is PASSED

2020-10-13 11:46:26 - [TEST_STEP][PASSED] - utilities.SafeActions.safeClick(findTestObject("MAKE_ PAYMENT/Verification_ Details/PROCESS_PAYMENT"), "Process Payment", [pageLoadTime]): Consumer_Payment_Making.ts:Clicked on the Process Payment

2020-10-13 11:46:26 - [MESSAGE][INFO] - safeClicking

2020-10-13 11:46:26 - [MESSAGE][PASSED] - Object 'Object Repository/MAKE_ PAYMENT/Verification_ Details/PROCESS_PAYMENT' is present

2020-10-13 11:46:27 - [MESSAGE][PASSED] - Object 'Object Repository/MAKE_ PAYMENT/Verification_ Details/PROCESS_PAYMENT' is clickable

2020-10-13 11:46:28 - [MESSAGE][PASSED] - Object: 'Object Repository/MAKE_ PAYMENT/Verification_ Details/PROCESS_PAYMENT' is clicked on

2020-10-13 11:46:28 - [MESSAGE][PASSED] - Consumer_Payment_Making.ts:Clicked on the Process Payment

2020-10-13 11:46:28 - [TEST_STEP][PASSED] - utilities.SafeActions.safeClick(findTestObject("MAKE_ PAYMENT/Verification_ Details/YES_BUTTON"), "yes button", [pageLoadTime]): Consumer_Payment_Making.ts:Clicked on the yes button

2020-10-13 11:46:28 - [MESSAGE][INFO] - safeClicking

2020-10-13 11:46:29 - [MESSAGE][PASSED] - Object 'Object Repository/MAKE_ PAYMENT/Verification_ Details/YES_BUTTON' is present

2020-10-13 11:46:29 - [MESSAGE][PASSED] - Object 'Object Repository/MAKE_ PAYMENT/Verification_ Details/YES_BUTTON' is clickable

2020-10-13 11:46:54 - [MESSAGE][PASSED] - Object: 'Object Repository/MAKE_ PAYMENT/Verification_ Details/YES_BUTTON' is clicked on

2020-10-13 11:46:54 - [MESSAGE][PASSED] - Consumer_Payment_Making.ts:Clicked on the yes button

2020-10-13 11:46:54 - [TEST_STEP][PASSED] - verifyElementPresent(findTestObject("MAKE_ PAYMENT/Verification_ Details/PENDING"), 30): Object 'Object Repository/MAKE_ PAYMENT/Verification_ Details/PENDING' is present

2020-10-13 11:46:57 - [MESSAGE][PASSED] - Object 'Object Repository/MAKE_ PAYMENT/Verification_ Details/PENDING' is present

2020-10-13 11:46:57 - [TEST_STEP][PASSED] - PaymentID = pages.Payment_Page.verifyECheckPaymentApproval(referenceNum): pages.Payment_Page.verifyECheckPaymentApproval is PASSED

2020-10-13 11:46:57 - [MESSAGE][PASSED] - Text of object 'Object Repository/MAKE_ PAYMENT/Verification_ Details/PAY_ID_ELECTRIC_CHECK' is: '100176127466'

2020-10-13 11:47:00 - [MESSAGE][PASSED] - Text of object 'Object Repository/MAKE_ PAYMENT/Verification_ Details/REF_NUM_E_CHECK' is: '22'

2020-10-13 11:47:00 - [MESSAGE][PASSED] - pages.Payment_Page.verifyECheckPaymentApproval is PASSED

2020-10-13 11:47:00 - [TEST_STEP][PASSED] - utilities.SafeActions.safeClick(findTestObject("SEARCH_PAYMENT/SEARCH_PAYMENT"), "Search Payment", [pageLoadTime]): Consumer_Payment_Making.ts:Clicked on the Search Payment

2020-10-13 11:47:00 - [MESSAGE][INFO] - safeClicking

2020-10-13 11:47:00 - [MESSAGE][PASSED] - Object 'Object Repository/SEARCH_PAYMENT/SEARCH_PAYMENT' is present

2020-10-13 11:47:00 - [MESSAGE][PASSED] - Object 'Object Repository/SEARCH_PAYMENT/SEARCH_PAYMENT' is clickable

2020-10-13 11:47:01 - [MESSAGE][PASSED] - Object: 'Object Repository/SEARCH_PAYMENT/SEARCH_PAYMENT' is clicked on

2020-10-13 11:47:01 - [MESSAGE][PASSED] - Consumer_Payment_Making.ts:Clicked on the Search Payment

2020-10-13 11:47:01 - [TEST_STEP][PASSED] - waitForPageLoad(10): Wait for page load successfully

2020-10-13 11:47:01 - [MESSAGE][PASSED] - Wait for page load successfully

2020-10-13 11:47:01 - [TEST_STEP][PASSED] - pages.Search_Page.switchToWindow(): pages.Search_Page.switchToWindow is PASSED

2020-10-13 11:47:03 - [MESSAGE][PASSED] - Object: 'Object Repository/SEARCH_PAYMENT/SEARCH_PAYMENT' is clicked on

2020-10-13 11:47:03 - [MESSAGE][PASSED] - Switched to window with index: '1'

2020-10-13 11:47:03 - [MESSAGE][PASSED] - pages.Search_Page.switchToWindow is PASSED

2020-10-13 11:47:03 - [TEST_STEP][PASSED] - utilities.SafeActions.safeCheck(findTestObject("SEARCH_PAYMENT/ELECTRONIC_CHECK"), "Echeck", [pageLoadTime]): Consumer_Payment_Making.ts:Checkbox 'Echeck'is selected

2020-10-13 11:47:07 - [MESSAGE][PASSED] - Object 'Object Repository/SEARCH_PAYMENT/ELECTRONIC_CHECK' is present

2020-10-13 11:47:08 - [MESSAGE][PASSED] - Object 'Object Repository/SEARCH_PAYMENT/ELECTRONIC_CHECK' is present

2020-10-13 11:47:09 - [MESSAGE][PASSED] - Object: 'Object Repository/SEARCH_PAYMENT/ELECTRONIC_CHECK' is clicked on

2020-10-13 11:47:09 - [MESSAGE][PASSED] - Consumer_Payment_Making.ts:Checkbox 'Echeck'is selected

2020-10-13 11:47:09 - [TEST_STEP][PASSED] - pages.Search_Page.setSearchDetails(lastName, VISA, checkingAccNum): Acc num enterd

2020-10-13 11:47:09 - [MESSAGE][PASSED] - Object 'Object Repository/SEARCH_PAYMENT/BILLING_LAST_NAME' is present

2020-10-13 11:47:10 - [MESSAGE][PASSED] - Object 'Object Repository/SEARCH_PAYMENT/BILLING_LAST_NAME' is visible

2020-10-13 11:47:10 - [MESSAGE][PASSED] - Object 'Object Repository/SEARCH_PAYMENT/BILLING_LAST_NAME' is present

2020-10-13 11:47:11 - [MESSAGE][PASSED] - Text 'Machael' is set on object 'Object Repository/SEARCH_PAYMENT/BILLING_LAST_NAME'

2020-10-13 11:47:11 - [MESSAGE][PASSED] - Consumer_Payment_Making.ts:Entered'Machael into LastName

2020-10-13 11:47:12 - [MESSAGE][WARNING] - Object 'Object Repository/SEARCH_PAYMENT/CREDIT_OR_DEBIT_CARD' is not checked (Root cause: com.kms.katalon.core.exception.StepFailedException: Object 'Object Repository/SEARCH_PAYMENT/CREDIT_OR_DEBIT_CARD' is not checked
	at com.kms.katalon.core.webui.keyword.internal.WebUIKeywordMain.stepFailed(WebUIKeywordMain.groovy:64)
	at com.kms.katalon.core.webui.keyword.builtin.VerifyElementCheckedKeyword$_verifyElementChecked_closure1.doCall(VerifyElementCheckedKeyword.groovy:81)
	at com.kms.katalon.core.webui.keyword.builtin.VerifyElementCheckedKeyword$_verifyElementChecked_closure1.call(VerifyElementCheckedKeyword.groovy)
	at com.kms.katalon.core.webui.keyword.internal.WebUIKeywordMain.runKeyword(WebUIKeywordMain.groovy:20)
	at com.kms.katalon.core.webui.keyword.builtin.VerifyElementCheckedKeyword.verifyElementChecked(VerifyElementCheckedKeyword.groovy:92)
	at com.kms.katalon.core.webui.keyword.builtin.VerifyElementCheckedKeyword.execute(VerifyElementCheckedKeyword.groovy:68)
	at com.kms.katalon.core.keyword.internal.KeywordExecutor.executeKeywordForPlatform(KeywordExecutor.groovy:72)
	at com.kms.katalon.core.webui.keyword.WebUiBuiltInKeywords.verifyElementChecked(WebUiBuiltInKeywords.groovy:1352)
	at com.kms.katalon.core.webui.keyword.WebUiBuiltInKeywords$verifyElementChecked$13.call(Unknown Source)
	at pages.Search_Page.setSearchDetails(Search_Page.groovy:39)
	at pages.Search_Page.invokeMethod(Search_Page.groovy)
	at com.kms.katalon.core.main.CustomKeywordDelegatingMetaClass.invokeStaticMethod(CustomKeywordDelegatingMetaClass.java:50)
	at TC_005_Echeck_Savings_SingleLine_Payment.run(TC_005_Echeck_Savings_SingleLine_Payment:121)
	at com.kms.katalon.core.main.ScriptEngine.run(ScriptEngine.java:194)
	at com.kms.katalon.core.main.ScriptEngine.runScriptAsRawText(ScriptEngine.java:119)
	at com.kms.katalon.core.main.TestCaseExecutor.runScript(TestCaseExecutor.java:337)
	at com.kms.katalon.core.main.TestCaseExecutor.doExecute(TestCaseExecutor.java:328)
	at com.kms.katalon.core.main.TestCaseExecutor.processExecutionPhase(TestCaseExecutor.java:307)
	at com.kms.katalon.core.main.TestCaseExecutor.accessMainPhase(TestCaseExecutor.java:299)
	at com.kms.katalon.core.main.TestCaseExecutor.execute(TestCaseExecutor.java:233)
	at com.kms.katalon.core.main.TestSuiteExecutor.accessTestCaseMainPhase(TestSuiteExecutor.java:169)
	at com.kms.katalon.core.main.TestSuiteExecutor.accessTestSuiteMainPhase(TestSuiteExecutor.java:142)
	at com.kms.katalon.core.main.TestSuiteExecutor.execute(TestSuiteExecutor.java:91)
	at com.kms.katalon.core.main.TestCaseMain.startTestSuite(TestCaseMain.java:157)
	at com.kms.katalon.core.main.TestCaseMain$startTestSuite$0.call(Unknown Source)
	at TempTestSuite1602568949585.run(TempTestSuite1602568949585.groovy:36)
)
[[ATTACHMENT|E:\\Sush_Certpay\\Reports\\20201013_113229\\Certpay_testSuite\\Consumer_Payment_Making\\20201013_113229\\1602569832207.png]]

2020-10-13 11:47:13 - [MESSAGE][PASSED] - Object 'Object Repository/SEARCH_PAYMENT/ACC_NUMBER' is present

2020-10-13 11:47:13 - [MESSAGE][PASSED] - Object 'Object Repository/SEARCH_PAYMENT/ACC_NUMBER' is visible

2020-10-13 11:47:13 - [MESSAGE][PASSED] - Object 'Object Repository/SEARCH_PAYMENT/ACC_NUMBER' is present

2020-10-13 11:47:14 - [MESSAGE][PASSED] - Text '456789' is set on object 'Object Repository/SEARCH_PAYMENT/ACC_NUMBER'

2020-10-13 11:47:14 - [MESSAGE][PASSED] - Consumer_Payment_Making.ts:Entered'456789 into Acc num

2020-10-13 11:47:14 - [MESSAGE][PASSED] - Acc num enterd

2020-10-13 11:47:14 - [TEST_STEP][PASSED] - utilities.SafeActions.safeClick(findTestObject("SEARCH_PAYMENT/SEARCH_BUTTON"), "Search", [pageLoadTime]): Consumer_Payment_Making.ts:Clicked on the Search

2020-10-13 11:47:14 - [MESSAGE][INFO] - safeClicking

2020-10-13 11:47:15 - [MESSAGE][PASSED] - Object 'Object Repository/SEARCH_PAYMENT/SEARCH_BUTTON' is present

2020-10-13 11:47:15 - [MESSAGE][PASSED] - Object 'Object Repository/SEARCH_PAYMENT/SEARCH_BUTTON' is clickable

2020-10-13 11:47:19 - [MESSAGE][PASSED] - Object: 'Object Repository/SEARCH_PAYMENT/SEARCH_BUTTON' is clicked on

2020-10-13 11:47:19 - [MESSAGE][PASSED] - Consumer_Payment_Making.ts:Clicked on the Search

2020-10-13 11:47:19 - [TEST_STEP][PASSED] - pages.Payment_Page.verifyPaymentDetailsInReceipt(PaymentID): pages.Payment_Page.verifyPaymentDetailsInReceipt is PASSED

2020-10-13 11:47:21 - [MESSAGE][PASSED] - Text of object 'Object Repository/SEARCH_PAYMENT/REFERNCE_NUM' is: '22'

2020-10-13 11:47:21 - [MESSAGE][PASSED] - Text of object 'Object Repository/SEARCH_PAYMENT/PAYMENT_ID' is: '100176127466'

2020-10-13 11:47:21 - [MESSAGE][PASSED] - pages.Payment_Page.verifyPaymentDetailsInReceipt is PASSED

2020-10-13 11:47:21 - [TEST_STEP][PASSED] - utilities.SafeActions.safeClick(findTestObject("SEARCH_PAYMENT/SEARCH_ ICON"), "SearchIcon", [pageLoadTime]): Consumer_Payment_Making.ts:Clicked on the SearchIcon

2020-10-13 11:47:21 - [MESSAGE][INFO] - safeClicking

2020-10-13 11:47:22 - [MESSAGE][PASSED] - Object 'Object Repository/SEARCH_PAYMENT/SEARCH_ ICON' is present

2020-10-13 11:47:22 - [MESSAGE][PASSED] - Object 'Object Repository/SEARCH_PAYMENT/SEARCH_ ICON' is clickable

2020-10-13 11:47:23 - [MESSAGE][PASSED] - Object: 'Object Repository/SEARCH_PAYMENT/SEARCH_ ICON' is clicked on

2020-10-13 11:47:23 - [MESSAGE][PASSED] - Consumer_Payment_Making.ts:Clicked on the SearchIcon

2020-10-13 11:47:23 - [TEST_STEP][PASSED] - scrollToElement(findTestObject("SEARCH_PAYMENT/CLOSE_BUTTON"), 30): Scroll to object 'Object Repository/SEARCH_PAYMENT/CLOSE_BUTTON' successfully

2020-10-13 11:47:26 - [MESSAGE][PASSED] - Scroll to object 'Object Repository/SEARCH_PAYMENT/CLOSE_BUTTON' successfully

2020-10-13 11:47:26 - [TEST_STEP][PASSED] - utilities.SafeActions.safeClick(findTestObject("SEARCH_PAYMENT/EMAIL_ RECEIPT"), "Email Receipt", [pageLoadTime]): Consumer_Payment_Making.ts:Clicked on the Email Receipt

2020-10-13 11:47:26 - [MESSAGE][INFO] - safeClicking

2020-10-13 11:47:27 - [MESSAGE][PASSED] - Object 'Object Repository/SEARCH_PAYMENT/EMAIL_ RECEIPT' is present

2020-10-13 11:47:27 - [MESSAGE][PASSED] - Object 'Object Repository/SEARCH_PAYMENT/EMAIL_ RECEIPT' is clickable

2020-10-13 11:47:28 - [MESSAGE][PASSED] - Object: 'Object Repository/SEARCH_PAYMENT/EMAIL_ RECEIPT' is clicked on

2020-10-13 11:47:28 - [MESSAGE][PASSED] - Consumer_Payment_Making.ts:Clicked on the Email Receipt

2020-10-13 11:47:28 - [TEST_STEP][PASSED] - utilities.SafeActions.safeClick(findTestObject("SEARCH_PAYMENT/SEND_ EMAIL_BUTTON"), "Send Email", [pageLoadTime]): Consumer_Payment_Making.ts:Clicked on the Send Email

2020-10-13 11:47:28 - [MESSAGE][INFO] - safeClicking

2020-10-13 11:47:29 - [MESSAGE][PASSED] - Object 'Object Repository/SEARCH_PAYMENT/SEND_ EMAIL_BUTTON' is present

2020-10-13 11:47:29 - [MESSAGE][PASSED] - Object 'Object Repository/SEARCH_PAYMENT/SEND_ EMAIL_BUTTON' is clickable

2020-10-13 11:47:30 - [MESSAGE][PASSED] - Object: 'Object Repository/SEARCH_PAYMENT/SEND_ EMAIL_BUTTON' is clicked on

2020-10-13 11:47:30 - [MESSAGE][PASSED] - Consumer_Payment_Making.ts:Clicked on the Send Email

2020-10-13 11:47:30 - [TEST_STEP][PASSED] - Start listener action : afterTestCase: Browser is closed

2020-10-13 11:47:30 - [TEST_STEP][PASSED] - closeBrowser(): Browser is closed

2020-10-13 11:47:33 - [MESSAGE][PASSED] - Browser is closed]]></system-out>
         <system-err><![CDATA[]]></system-err>
      </testcase>
      <testcase name="Test Cases/Consumer_Make_Payment/TC_006_Echeck_Savings_MultiLine_Payment" time="164.272" classname="Test Cases/Consumer_Make_Payment/TC_006_Echeck_Savings_MultiLine_Payment" status="PASSED">
         <system-out><![CDATA[2020-10-13 11:47:33 - [TEST_CASE][PASSED] - Test Cases/Consumer_Make_Payment/TC_006_Echeck_Savings_MultiLine_Payment: Test Cases/Consumer_Make_Payment/TC_006_Echeck_Savings_MultiLine_Payment

2020-10-13 11:47:33 - [TEST_STEP][PASSED] - Start listener action : beforeTestCase: null

2020-10-13 11:47:33 - [TEST_STEP][PASSED] - utilities.SafeActions.openBrowser(certpay_url, [pageLoadTime]): Browser launched successfully

2020-10-13 11:47:33 - [MESSAGE][INFO] - Opening Browser

2020-10-13 11:47:33 - [MESSAGE][INFO] - Starting 'Chrome' driver

2020-10-13 11:47:42 - [MESSAGE][PASSED] - Browser is opened with url: 'https://qa-certpay.faps.net/'

2020-10-13 11:47:44 - [MESSAGE][PASSED] - Current window maximized

2020-10-13 11:47:44 - [MESSAGE][PASSED] - Browser launched successfully

2020-10-13 11:47:44 - [TEST_STEP][PASSED] - utilities.SafeActions.safeType(findTestObject("MAKE_ PAYMENT/Home_ Page/BUREAU_CODE"), bureauCode, "Bureau code", [pageLoadTime]): Consumer_Payment_Making.ts:Entered'6100000 into Bureau code

2020-10-13 11:47:44 - [MESSAGE][PASSED] - Object 'Object Repository/MAKE_ PAYMENT/Home_ Page/BUREAU_CODE' is present

2020-10-13 11:47:45 - [MESSAGE][PASSED] - Object 'Object Repository/MAKE_ PAYMENT/Home_ Page/BUREAU_CODE' is visible

2020-10-13 11:47:45 - [MESSAGE][PASSED] - Object 'Object Repository/MAKE_ PAYMENT/Home_ Page/BUREAU_CODE' is present

2020-10-13 11:47:46 - [MESSAGE][PASSED] - Text '6100000' is set on object 'Object Repository/MAKE_ PAYMENT/Home_ Page/BUREAU_CODE'

2020-10-13 11:47:46 - [MESSAGE][PASSED] - Consumer_Payment_Making.ts:Entered'6100000 into Bureau code

2020-10-13 11:47:46 - [TEST_STEP][PASSED] - utilities.SafeActions.safeClick(findTestObject("MAKE_ PAYMENT/Home_ Page/BEGIN_PAYMENT"), "Begin payment", [pageLoadTime]): Consumer_Payment_Making.ts:Clicked on the Begin payment

2020-10-13 11:47:46 - [MESSAGE][INFO] - safeClicking

2020-10-13 11:47:46 - [MESSAGE][PASSED] - Object 'Object Repository/MAKE_ PAYMENT/Home_ Page/BEGIN_PAYMENT' is present

2020-10-13 11:47:47 - [MESSAGE][PASSED] - Object 'Object Repository/MAKE_ PAYMENT/Home_ Page/BEGIN_PAYMENT' is clickable

2020-10-13 11:47:51 - [MESSAGE][PASSED] - Object: 'Object Repository/MAKE_ PAYMENT/Home_ Page/BEGIN_PAYMENT' is clicked on

2020-10-13 11:47:51 - [MESSAGE][PASSED] - Consumer_Payment_Making.ts:Clicked on the Begin payment

2020-10-13 11:47:51 - [TEST_STEP][PASSED] - utilities.SafeActions.safeClick(findTestObject("MAKE_ PAYMENT/Home_ Page/NEXT_BUTTON"), "Continue", [pageLoadTime]): Consumer_Payment_Making.ts:Clicked on the Continue

2020-10-13 11:47:51 - [MESSAGE][INFO] - safeClicking

2020-10-13 11:47:52 - [MESSAGE][PASSED] - Object 'Object Repository/MAKE_ PAYMENT/Home_ Page/NEXT_BUTTON' is present

2020-10-13 11:47:53 - [MESSAGE][PASSED] - Object 'Object Repository/MAKE_ PAYMENT/Home_ Page/NEXT_BUTTON' is clickable

2020-10-13 11:47:58 - [MESSAGE][PASSED] - Object: 'Object Repository/MAKE_ PAYMENT/Home_ Page/NEXT_BUTTON' is clicked on

2020-10-13 11:47:58 - [MESSAGE][PASSED] - Consumer_Payment_Making.ts:Clicked on the Continue

2020-10-13 11:47:58 - [TEST_STEP][PASSED] - utilities.SafeActions.safeCheck(findTestObject("MAKE_ PAYMENT/Home_ Page/ELECTRONIC_CHECK"), "Electronic check", [pageLoadTime]): Consumer_Payment_Making.ts:Checkbox 'Electronic check'is selected

2020-10-13 11:47:58 - [MESSAGE][PASSED] - Object 'Object Repository/MAKE_ PAYMENT/Home_ Page/ELECTRONIC_CHECK' is present

2020-10-13 11:47:59 - [MESSAGE][PASSED] - Object 'Object Repository/MAKE_ PAYMENT/Home_ Page/ELECTRONIC_CHECK' is present

2020-10-13 11:48:00 - [MESSAGE][PASSED] - Object: 'Object Repository/MAKE_ PAYMENT/Home_ Page/ELECTRONIC_CHECK' is clicked on

2020-10-13 11:48:00 - [MESSAGE][PASSED] - Consumer_Payment_Making.ts:Checkbox 'Electronic check'is selected

2020-10-13 11:48:00 - [TEST_STEP][PASSED] - pages.Payment_Page.setAmount("1", paymentAmount, "testing", referenceNum): Consumer_Payment_Making.ts:Entered'testing into Comments

2020-10-13 11:48:03 - [MESSAGE][PASSED] - Object '' is present

2020-10-13 11:48:04 - [MESSAGE][PASSED] - Object '' is visible

2020-10-13 11:48:04 - [MESSAGE][PASSED] - Object '' is present

2020-10-13 11:48:05 - [MESSAGE][PASSED] - Text '23.00' is set on object ''

2020-10-13 11:48:05 - [MESSAGE][PASSED] - Consumer_Payment_Making.ts:Entered'23.00 into Amount

2020-10-13 11:48:05 - [MESSAGE][PASSED] - Object '' is present

2020-10-13 11:48:06 - [MESSAGE][PASSED] - Object '' is visible

2020-10-13 11:48:06 - [MESSAGE][PASSED] - Object '' is present

2020-10-13 11:48:07 - [MESSAGE][PASSED] - Text '11' is set on object ''

2020-10-13 11:48:07 - [MESSAGE][PASSED] - Consumer_Payment_Making.ts:Entered'11 into Amount

2020-10-13 11:48:07 - [MESSAGE][PASSED] - Object '' is present

2020-10-13 11:48:08 - [MESSAGE][PASSED] - Object '' is visible

2020-10-13 11:48:08 - [MESSAGE][PASSED] - Object '' is present

2020-10-13 11:48:09 - [MESSAGE][PASSED] - Text 'testing' is set on object ''

2020-10-13 11:48:09 - [MESSAGE][PASSED] - Consumer_Payment_Making.ts:Entered'testing into Comments

2020-10-13 11:48:09 - [TEST_STEP][PASSED] - utilities.SafeActions.safeClick(findTestObject("MAKE_ PAYMENT/Home_ Page/ADD_ANOTHER_PROPERTY"), "Multi-Payment", [pageLoadTime]): Consumer_Payment_Making.ts:Clicked on the Multi-Payment

2020-10-13 11:48:09 - [MESSAGE][INFO] - safeClicking

2020-10-13 11:48:10 - [MESSAGE][PASSED] - Object 'Object Repository/MAKE_ PAYMENT/Home_ Page/ADD_ANOTHER_PROPERTY' is present

2020-10-13 11:48:10 - [MESSAGE][PASSED] - Object 'Object Repository/MAKE_ PAYMENT/Home_ Page/ADD_ANOTHER_PROPERTY' is clickable

2020-10-13 11:48:15 - [MESSAGE][PASSED] - Object: 'Object Repository/MAKE_ PAYMENT/Home_ Page/ADD_ANOTHER_PROPERTY' is clicked on

2020-10-13 11:48:15 - [MESSAGE][PASSED] - Consumer_Payment_Making.ts:Clicked on the Multi-Payment

2020-10-13 11:48:15 - [TEST_STEP][PASSED] - pages.Payment_Page.setAmount("2", paymentAmount2, "Payment for testing", referenceNum): Consumer_Payment_Making.ts:Entered'Payment for testing into Comments

2020-10-13 11:48:17 - [MESSAGE][PASSED] - Object '' is present

2020-10-13 11:48:17 - [MESSAGE][PASSED] - Object '' is visible

2020-10-13 11:48:18 - [MESSAGE][PASSED] - Object '' is present

2020-10-13 11:48:19 - [MESSAGE][PASSED] - Text '33.00' is set on object ''

2020-10-13 11:48:19 - [MESSAGE][PASSED] - Consumer_Payment_Making.ts:Entered'33.00 into Amount

2020-10-13 11:48:19 - [MESSAGE][PASSED] - Object '' is present

2020-10-13 11:48:19 - [MESSAGE][PASSED] - Object '' is visible

2020-10-13 11:48:20 - [MESSAGE][PASSED] - Object '' is present

2020-10-13 11:48:21 - [MESSAGE][PASSED] - Text '11' is set on object ''

2020-10-13 11:48:21 - [MESSAGE][PASSED] - Consumer_Payment_Making.ts:Entered'11 into Amount

2020-10-13 11:48:21 - [MESSAGE][PASSED] - Object '' is present

2020-10-13 11:48:22 - [MESSAGE][PASSED] - Object '' is visible

2020-10-13 11:48:22 - [MESSAGE][PASSED] - Object '' is present

2020-10-13 11:48:23 - [MESSAGE][PASSED] - Text 'Payment for testing' is set on object ''

2020-10-13 11:48:23 - [MESSAGE][PASSED] - Consumer_Payment_Making.ts:Entered'Payment for testing into Comments

2020-10-13 11:48:23 - [TEST_STEP][PASSED] - utilities.SafeActions.safeSelectOptionInDropdownByVisibleText(findTestObject("MAKE_ PAYMENT/Home_ Page/PAYMENT_TYPE"), paymentType, "Payment Type", [pageLoadTime]): selected dropdown option by visible text  Giftsfrom Payment Type

2020-10-13 11:48:23 - [MESSAGE][PASSED] - Object 'Object Repository/MAKE_ PAYMENT/Home_ Page/PAYMENT_TYPE' is visible

2020-10-13 11:48:24 - [MESSAGE][PASSED] - Object 'Object Repository/MAKE_ PAYMENT/Home_ Page/PAYMENT_TYPE' is present

2020-10-13 11:48:25 - [MESSAGE][PASSED] - Object: 'Object Repository/MAKE_ PAYMENT/Home_ Page/PAYMENT_TYPE' is clicked on

2020-10-13 11:48:26 - [MESSAGE][PASSED] - All options with label 'Gifts' are selected in object 'Object Repository/MAKE_ PAYMENT/Home_ Page/PAYMENT_TYPE'  using regular expression

2020-10-13 11:48:26 - [MESSAGE][PASSED] - selected dropdown option by visible text  Giftsfrom Payment Type

2020-10-13 11:48:26 - [TEST_STEP][PASSED] - utilities.SafeActions.safeClick(findTestObject("MAKE_ PAYMENT/Home_ Page/CONTINUE"), "Continue", [pageLoadTime]): Consumer_Payment_Making.ts:Clicked on the Continue

2020-10-13 11:48:26 - [MESSAGE][INFO] - safeClicking

2020-10-13 11:48:26 - [MESSAGE][PASSED] - Object 'Object Repository/MAKE_ PAYMENT/Home_ Page/CONTINUE' is present

2020-10-13 11:48:27 - [MESSAGE][PASSED] - Object 'Object Repository/MAKE_ PAYMENT/Home_ Page/CONTINUE' is clickable

2020-10-13 11:48:30 - [MESSAGE][PASSED] - Object: 'Object Repository/MAKE_ PAYMENT/Home_ Page/CONTINUE' is clicked on

2020-10-13 11:48:30 - [MESSAGE][PASSED] - Consumer_Payment_Making.ts:Clicked on the Continue

2020-10-13 11:48:30 - [TEST_STEP][PASSED] - pages.Payment_Page.setPersonalDetails(firstName, lastName, telephone): Consumer_Payment_Making.ts:Entered'9988676754 into Telephone

2020-10-13 11:48:32 - [MESSAGE][PASSED] - Object 'Object Repository/MAKE_ PAYMENT/Consumer_Personal_ Details/FIRST_NAME' is present

2020-10-13 11:48:32 - [MESSAGE][PASSED] - Object 'Object Repository/MAKE_ PAYMENT/Consumer_Personal_ Details/FIRST_NAME' is visible

2020-10-13 11:48:32 - [MESSAGE][PASSED] - Object 'Object Repository/MAKE_ PAYMENT/Consumer_Personal_ Details/FIRST_NAME' is present

2020-10-13 11:48:34 - [MESSAGE][PASSED] - Text 'Imran' is set on object 'Object Repository/MAKE_ PAYMENT/Consumer_Personal_ Details/FIRST_NAME'

2020-10-13 11:48:34 - [MESSAGE][PASSED] - Consumer_Payment_Making.ts:Entered'Imran into FirstName

2020-10-13 11:48:34 - [MESSAGE][PASSED] - Object 'Object Repository/MAKE_ PAYMENT/Consumer_Personal_ Details/LAST_NAME' is present

2020-10-13 11:48:34 - [MESSAGE][PASSED] - Object 'Object Repository/MAKE_ PAYMENT/Consumer_Personal_ Details/LAST_NAME' is visible

2020-10-13 11:48:34 - [MESSAGE][PASSED] - Object 'Object Repository/MAKE_ PAYMENT/Consumer_Personal_ Details/LAST_NAME' is present

2020-10-13 11:48:36 - [MESSAGE][PASSED] - Text 'shahi' is set on object 'Object Repository/MAKE_ PAYMENT/Consumer_Personal_ Details/LAST_NAME'

2020-10-13 11:48:36 - [MESSAGE][PASSED] - Consumer_Payment_Making.ts:Entered'shahi into LastName

2020-10-13 11:48:36 - [MESSAGE][PASSED] - Object 'Object Repository/MAKE_ PAYMENT/Consumer_Personal_ Details/TELEPHONE' is present

2020-10-13 11:48:36 - [MESSAGE][PASSED] - Object 'Object Repository/MAKE_ PAYMENT/Consumer_Personal_ Details/TELEPHONE' is visible

2020-10-13 11:48:37 - [MESSAGE][PASSED] - Object 'Object Repository/MAKE_ PAYMENT/Consumer_Personal_ Details/TELEPHONE' is present

2020-10-13 11:48:38 - [MESSAGE][PASSED] - Text '9988676754' is set on object 'Object Repository/MAKE_ PAYMENT/Consumer_Personal_ Details/TELEPHONE'

2020-10-13 11:48:38 - [MESSAGE][PASSED] - Consumer_Payment_Making.ts:Entered'9988676754 into Telephone

2020-10-13 11:48:38 - [TEST_STEP][PASSED] - pages.Payment_Page.setLocationDetails(address, zipCode): Consumer_Payment_Making.ts:Entered'76102 into ZipCode

2020-10-13 11:48:38 - [MESSAGE][PASSED] - Object 'Object Repository/MAKE_ PAYMENT/Consumer_Personal_ Details/ADDRESS' is present

2020-10-13 11:48:38 - [MESSAGE][PASSED] - Object 'Object Repository/MAKE_ PAYMENT/Consumer_Personal_ Details/ADDRESS' is visible

2020-10-13 11:48:39 - [MESSAGE][PASSED] - Object 'Object Repository/MAKE_ PAYMENT/Consumer_Personal_ Details/ADDRESS' is present

2020-10-13 11:48:40 - [MESSAGE][PASSED] - Text '14-3' is set on object 'Object Repository/MAKE_ PAYMENT/Consumer_Personal_ Details/ADDRESS'

2020-10-13 11:48:40 - [MESSAGE][PASSED] - Consumer_Payment_Making.ts:Entered'14-3 into Address

2020-10-13 11:48:40 - [MESSAGE][PASSED] - Object 'Object Repository/MAKE_ PAYMENT/Consumer_Personal_ Details/ZIP_CODE' is present

2020-10-13 11:48:41 - [MESSAGE][PASSED] - Object 'Object Repository/MAKE_ PAYMENT/Consumer_Personal_ Details/ZIP_CODE' is visible

2020-10-13 11:48:41 - [MESSAGE][PASSED] - Object 'Object Repository/MAKE_ PAYMENT/Consumer_Personal_ Details/ZIP_CODE' is present

2020-10-13 11:48:42 - [MESSAGE][PASSED] - Text '76102' is set on object 'Object Repository/MAKE_ PAYMENT/Consumer_Personal_ Details/ZIP_CODE'

2020-10-13 11:48:42 - [MESSAGE][PASSED] - Consumer_Payment_Making.ts:Entered'76102 into ZipCode

2020-10-13 11:48:42 - [TEST_STEP][PASSED] - pages.Payment_Page.clickOnElement(findTestObject("MAKE_ PAYMENT/Home_ Page/CONTINUE")): pages.Payment_Page.clickOnElement is PASSED

2020-10-13 11:48:45 - [MESSAGE][PASSED] - Execute JavaScript 'arguments[0].click()' successfully

2020-10-13 11:48:45 - [MESSAGE][PASSED] - pages.Payment_Page.clickOnElement is PASSED

2020-10-13 11:48:45 - [TEST_STEP][PASSED] - utilities.SafeActions.safeCheck(findTestObject("MAKE_ PAYMENT/Consumer_Personal_ Details/CheckBox"), "Billing CheckBox", [pageLoadTime]): Consumer_Payment_Making.ts:Checkbox 'Billing CheckBox'is selected

2020-10-13 11:48:46 - [MESSAGE][PASSED] - Object 'Object Repository/MAKE_ PAYMENT/Consumer_Personal_ Details/CheckBox' is present

2020-10-13 11:48:48 - [MESSAGE][PASSED] - Object 'Object Repository/MAKE_ PAYMENT/Consumer_Personal_ Details/CheckBox' is present

2020-10-13 11:48:49 - [MESSAGE][PASSED] - Object: 'Object Repository/MAKE_ PAYMENT/Consumer_Personal_ Details/CheckBox' is clicked on

2020-10-13 11:48:49 - [MESSAGE][PASSED] - Consumer_Payment_Making.ts:Checkbox 'Billing CheckBox'is selected

2020-10-13 11:48:49 - [TEST_STEP][PASSED] - waitForPageLoad(2): Wait for page load successfully

2020-10-13 11:48:52 - [MESSAGE][PASSED] - Wait for page load successfully

2020-10-13 11:48:52 - [TEST_STEP][PASSED] - utilities.SafeActions.safeClick(findTestObject("MAKE_ PAYMENT/Home_ Page/CONTINUE"), "Continue", [pageLoadTime]): Consumer_Payment_Making.ts:Clicked on the Continue

2020-10-13 11:48:52 - [MESSAGE][INFO] - safeClicking

2020-10-13 11:48:53 - [MESSAGE][PASSED] - Object 'Object Repository/MAKE_ PAYMENT/Home_ Page/CONTINUE' is present

2020-10-13 11:48:53 - [MESSAGE][PASSED] - Object 'Object Repository/MAKE_ PAYMENT/Home_ Page/CONTINUE' is clickable

2020-10-13 11:48:57 - [MESSAGE][PASSED] - Object: 'Object Repository/MAKE_ PAYMENT/Home_ Page/CONTINUE' is clicked on

2020-10-13 11:48:57 - [MESSAGE][PASSED] - Consumer_Payment_Making.ts:Clicked on the Continue

2020-10-13 11:48:57 - [TEST_STEP][PASSED] - utilities.SafeActions.safeCheck(findTestObject("MAKE_ PAYMENT/Consumer_Personal_ Details/ACC_TYPE_SAVINGS"), "Savings", [pageLoadTime]): Consumer_Payment_Making.ts:Checkbox 'Savings'is selected

2020-10-13 11:48:58 - [MESSAGE][PASSED] - Object 'Object Repository/MAKE_ PAYMENT/Consumer_Personal_ Details/ACC_TYPE_SAVINGS' is present

2020-10-13 11:48:59 - [MESSAGE][PASSED] - Object 'Object Repository/MAKE_ PAYMENT/Consumer_Personal_ Details/ACC_TYPE_SAVINGS' is present

2020-10-13 11:49:00 - [MESSAGE][PASSED] - Object: 'Object Repository/MAKE_ PAYMENT/Consumer_Personal_ Details/ACC_TYPE_SAVINGS' is clicked on

2020-10-13 11:49:00 - [MESSAGE][PASSED] - Consumer_Payment_Making.ts:Checkbox 'Savings'is selected

2020-10-13 11:49:00 - [TEST_STEP][PASSED] - pages.Payment_Page.setElectronicCheckInformation(findTestObject("MAKE_ PAYMENT/Consumer_Personal_ Details/CHECKING_ACCOUNT_NUMBER"), findTestObject("MAKE_ PAYMENT/Consumer_Personal_ Details/CONFIRM_CHECKING_ACC_NUM"), routingNum, checkingAccNum): Consumer_Payment_Making.ts:Entered'456789 into ConfirmCheckAccNum

2020-10-13 11:49:01 - [MESSAGE][PASSED] - Object 'Object Repository/MAKE_ PAYMENT/Consumer_Personal_ Details/ROUTING_NUMBER' is present

2020-10-13 11:49:01 - [MESSAGE][PASSED] - Object 'Object Repository/MAKE_ PAYMENT/Consumer_Personal_ Details/ROUTING_NUMBER' is visible

2020-10-13 11:49:01 - [MESSAGE][PASSED] - Object 'Object Repository/MAKE_ PAYMENT/Consumer_Personal_ Details/ROUTING_NUMBER' is present

2020-10-13 11:49:02 - [MESSAGE][PASSED] - Text '111000025' is set on object 'Object Repository/MAKE_ PAYMENT/Consumer_Personal_ Details/ROUTING_NUMBER'

2020-10-13 11:49:02 - [MESSAGE][PASSED] - Consumer_Payment_Making.ts:Entered'111000025 into RoutingNumber

2020-10-13 11:49:03 - [MESSAGE][PASSED] - Object 'Object Repository/MAKE_ PAYMENT/Consumer_Personal_ Details/CHECKING_ACCOUNT_NUMBER' is present

2020-10-13 11:49:03 - [MESSAGE][PASSED] - Object 'Object Repository/MAKE_ PAYMENT/Consumer_Personal_ Details/CHECKING_ACCOUNT_NUMBER' is present

2020-10-13 11:49:03 - [MESSAGE][PASSED] - Object 'Object Repository/MAKE_ PAYMENT/Consumer_Personal_ Details/CHECKING_ACCOUNT_NUMBER' is visible

2020-10-13 11:49:04 - [MESSAGE][PASSED] - Object 'Object Repository/MAKE_ PAYMENT/Consumer_Personal_ Details/CHECKING_ACCOUNT_NUMBER' is present

2020-10-13 11:49:05 - [MESSAGE][PASSED] - Text '456789' is set on object 'Object Repository/MAKE_ PAYMENT/Consumer_Personal_ Details/CHECKING_ACCOUNT_NUMBER'

2020-10-13 11:49:05 - [MESSAGE][PASSED] - Consumer_Payment_Making.ts:Entered'456789 into CheckAccNum

2020-10-13 11:49:06 - [MESSAGE][PASSED] - Object 'Object Repository/MAKE_ PAYMENT/Consumer_Personal_ Details/CONFIRM_CHECKING_ACC_NUM' is present

2020-10-13 11:49:06 - [MESSAGE][PASSED] - Object 'Object Repository/MAKE_ PAYMENT/Consumer_Personal_ Details/CONFIRM_CHECKING_ACC_NUM' is visible

2020-10-13 11:49:07 - [MESSAGE][PASSED] - Object 'Object Repository/MAKE_ PAYMENT/Consumer_Personal_ Details/CONFIRM_CHECKING_ACC_NUM' is present

2020-10-13 11:49:08 - [MESSAGE][PASSED] - Text '456789' is set on object 'Object Repository/MAKE_ PAYMENT/Consumer_Personal_ Details/CONFIRM_CHECKING_ACC_NUM'

2020-10-13 11:49:08 - [MESSAGE][PASSED] - Consumer_Payment_Making.ts:Entered'456789 into ConfirmCheckAccNum

2020-10-13 11:49:08 - [TEST_STEP][PASSED] - utilities.SafeActions.safeType(findTestObject("MAKE_ PAYMENT/Consumer_Personal_ Details/EMAIL_ADDRESS"), emailAddress, "EmailAddress", [pageLoadTime]): Consumer_Payment_Making.ts:Entered'testing@zenq.com into EmailAddress

2020-10-13 11:49:08 - [MESSAGE][PASSED] - Object 'Object Repository/MAKE_ PAYMENT/Consumer_Personal_ Details/EMAIL_ADDRESS' is present

2020-10-13 11:49:09 - [MESSAGE][PASSED] - Object 'Object Repository/MAKE_ PAYMENT/Consumer_Personal_ Details/EMAIL_ADDRESS' is visible

2020-10-13 11:49:09 - [MESSAGE][PASSED] - Object 'Object Repository/MAKE_ PAYMENT/Consumer_Personal_ Details/EMAIL_ADDRESS' is present

2020-10-13 11:49:10 - [MESSAGE][PASSED] - Text 'testing@zenq.com' is set on object 'Object Repository/MAKE_ PAYMENT/Consumer_Personal_ Details/EMAIL_ADDRESS'

2020-10-13 11:49:10 - [MESSAGE][PASSED] - Consumer_Payment_Making.ts:Entered'testing@zenq.com into EmailAddress

2020-10-13 11:49:10 - [TEST_STEP][PASSED] - utilities.SafeActions.safeType(findTestObject("MAKE_ PAYMENT/Consumer_Personal_ Details/SIGNATURE"), firstName, "EmailAddress", [pageLoadTime]): Consumer_Payment_Making.ts:Entered'Imran into EmailAddress

2020-10-13 11:49:11 - [MESSAGE][PASSED] - Object 'Object Repository/MAKE_ PAYMENT/Consumer_Personal_ Details/SIGNATURE' is present

2020-10-13 11:49:11 - [MESSAGE][PASSED] - Object 'Object Repository/MAKE_ PAYMENT/Consumer_Personal_ Details/SIGNATURE' is visible

2020-10-13 11:49:11 - [MESSAGE][PASSED] - Object 'Object Repository/MAKE_ PAYMENT/Consumer_Personal_ Details/SIGNATURE' is present

2020-10-13 11:49:13 - [MESSAGE][PASSED] - Text 'Imran' is set on object 'Object Repository/MAKE_ PAYMENT/Consumer_Personal_ Details/SIGNATURE'

2020-10-13 11:49:13 - [MESSAGE][PASSED] - Consumer_Payment_Making.ts:Entered'Imran into EmailAddress

2020-10-13 11:49:13 - [TEST_STEP][PASSED] - utilities.SafeActions.safeType(findTestObject("MAKE_ PAYMENT/Consumer_Personal_ Details/AGREEMENT"), "Yes", "Agreement", [pageLoadTime]): Consumer_Payment_Making.ts:Entered'Yes into Agreement

2020-10-13 11:49:13 - [MESSAGE][PASSED] - Object 'Object Repository/MAKE_ PAYMENT/Consumer_Personal_ Details/AGREEMENT' is present

2020-10-13 11:49:13 - [MESSAGE][PASSED] - Object 'Object Repository/MAKE_ PAYMENT/Consumer_Personal_ Details/AGREEMENT' is visible

2020-10-13 11:49:14 - [MESSAGE][PASSED] - Object 'Object Repository/MAKE_ PAYMENT/Consumer_Personal_ Details/AGREEMENT' is present

2020-10-13 11:49:15 - [MESSAGE][PASSED] - Text 'Yes' is set on object 'Object Repository/MAKE_ PAYMENT/Consumer_Personal_ Details/AGREEMENT'

2020-10-13 11:49:15 - [MESSAGE][PASSED] - Consumer_Payment_Making.ts:Entered'Yes into Agreement

2020-10-13 11:49:15 - [TEST_STEP][PASSED] - utilities.SafeActions.safeClick(findTestObject("MAKE_ PAYMENT/Home_ Page/CHECK_CONTINUE"), "Continue", [pageLoadTime]): Consumer_Payment_Making.ts:Clicked on the Continue

2020-10-13 11:49:15 - [MESSAGE][INFO] - safeClicking

2020-10-13 11:49:15 - [MESSAGE][PASSED] - Object 'Object Repository/MAKE_ PAYMENT/Home_ Page/CHECK_CONTINUE' is present

2020-10-13 11:49:15 - [MESSAGE][PASSED] - Object 'Object Repository/MAKE_ PAYMENT/Home_ Page/CHECK_CONTINUE' is clickable

2020-10-13 11:49:17 - [MESSAGE][PASSED] - Object: 'Object Repository/MAKE_ PAYMENT/Home_ Page/CHECK_CONTINUE' is clicked on

2020-10-13 11:49:17 - [MESSAGE][PASSED] - Consumer_Payment_Making.ts:Clicked on the Continue

2020-10-13 11:49:17 - [TEST_STEP][PASSED] - utilities.SafeActions.safeClick(findTestObject("MAKE_ PAYMENT/Home_ Page/CONTINUE"), "Continue", [pageLoadTime]): Consumer_Payment_Making.ts:Clicked on the Continue

2020-10-13 11:49:17 - [MESSAGE][INFO] - safeClicking

2020-10-13 11:49:17 - [MESSAGE][PASSED] - Object 'Object Repository/MAKE_ PAYMENT/Home_ Page/CONTINUE' is present

2020-10-13 11:49:18 - [MESSAGE][PASSED] - Object 'Object Repository/MAKE_ PAYMENT/Home_ Page/CONTINUE' is clickable

2020-10-13 11:49:22 - [MESSAGE][PASSED] - Object: 'Object Repository/MAKE_ PAYMENT/Home_ Page/CONTINUE' is clicked on

2020-10-13 11:49:22 - [MESSAGE][PASSED] - Consumer_Payment_Making.ts:Clicked on the Continue

2020-10-13 11:49:22 - [TEST_STEP][PASSED] - utilities.SafeActions.safeClick(findTestObject("MAKE_ PAYMENT/Consumer_Personal_ Details/I_AGREE"), "I agree", [pageLoadTime]): Consumer_Payment_Making.ts:Clicked on the I agree

2020-10-13 11:49:22 - [MESSAGE][INFO] - safeClicking

2020-10-13 11:49:23 - [MESSAGE][PASSED] - Object 'Object Repository/MAKE_ PAYMENT/Consumer_Personal_ Details/I_AGREE' is present

2020-10-13 11:49:23 - [MESSAGE][PASSED] - Object 'Object Repository/MAKE_ PAYMENT/Consumer_Personal_ Details/I_AGREE' is clickable

2020-10-13 11:49:27 - [MESSAGE][PASSED] - Object: 'Object Repository/MAKE_ PAYMENT/Consumer_Personal_ Details/I_AGREE' is clicked on

2020-10-13 11:49:27 - [MESSAGE][PASSED] - Consumer_Payment_Making.ts:Clicked on the I agree

2020-10-13 11:49:27 - [TEST_STEP][PASSED] - pages.Payment_Page.verifyUserDetails(firstName, lastName, emailAddress, "", "Savings"): pages.Payment_Page.verifyUserDetails is PASSED

2020-10-13 11:49:28 - [MESSAGE][PASSED] - Scroll to object 'Object Repository/MAKE_ PAYMENT/Verification_ Details/FIRST_NAME' successfully

2020-10-13 11:49:28 - [MESSAGE][PASSED] - Text of object 'Object Repository/MAKE_ PAYMENT/Verification_ Details/FIRST_NAME' is: 'Imran'

2020-10-13 11:49:29 - [MESSAGE][PASSED] - Actual text 'Imran' and expected text 'Imran' are matched  using regular expression

2020-10-13 11:49:29 - [MESSAGE][PASSED] - Text of object 'Object Repository/MAKE_ PAYMENT/Verification_ Details/LAST_NAME' is: 'shahi'

2020-10-13 11:49:29 - [MESSAGE][PASSED] - Actual text 'shahi' and expected text 'shahi' are matched  using regular expression

2020-10-13 11:49:31 - [MESSAGE][PASSED] - Text of object 'Object Repository/MAKE_ PAYMENT/Verification_ Details/EMAIL_ADDRESS' is: 'testing@zenq.com'

2020-10-13 11:49:31 - [MESSAGE][PASSED] - Actual text 'testing@zenq.com' and expected text 'testing@zenq.com' are matched  using regular expression

2020-10-13 11:49:32 - [MESSAGE][PASSED] - Text of object 'Object Repository/MAKE_ PAYMENT/Verification_ Details/ACH_ACC_TYPE' is: 'Savings'

2020-10-13 11:49:32 - [MESSAGE][PASSED] - Actual text 'Savings' and expected text 'Savings' are matched  using regular expression

2020-10-13 11:49:33 - [MESSAGE][PASSED] - pages.Payment_Page.verifyUserDetails is PASSED

2020-10-13 11:49:33 - [TEST_STEP][PASSED] - utilities.SafeActions.safeClick(findTestObject("MAKE_ PAYMENT/Verification_ Details/PROCESS_PAYMENT"), "Process Payment", [pageLoadTime]): Consumer_Payment_Making.ts:Clicked on the Process Payment

2020-10-13 11:49:33 - [MESSAGE][INFO] - safeClicking

2020-10-13 11:49:33 - [MESSAGE][PASSED] - Object 'Object Repository/MAKE_ PAYMENT/Verification_ Details/PROCESS_PAYMENT' is present

2020-10-13 11:49:33 - [MESSAGE][PASSED] - Object 'Object Repository/MAKE_ PAYMENT/Verification_ Details/PROCESS_PAYMENT' is clickable

2020-10-13 11:49:35 - [MESSAGE][PASSED] - Object: 'Object Repository/MAKE_ PAYMENT/Verification_ Details/PROCESS_PAYMENT' is clicked on

2020-10-13 11:49:35 - [MESSAGE][PASSED] - Consumer_Payment_Making.ts:Clicked on the Process Payment

2020-10-13 11:49:35 - [TEST_STEP][PASSED] - utilities.SafeActions.safeClick(findTestObject("MAKE_ PAYMENT/Verification_ Details/YES_BUTTON"), "yes button", [pageLoadTime]): Consumer_Payment_Making.ts:Clicked on the yes button

2020-10-13 11:49:35 - [MESSAGE][INFO] - safeClicking

2020-10-13 11:49:35 - [MESSAGE][PASSED] - Object 'Object Repository/MAKE_ PAYMENT/Verification_ Details/YES_BUTTON' is present

2020-10-13 11:49:36 - [MESSAGE][PASSED] - Object 'Object Repository/MAKE_ PAYMENT/Verification_ Details/YES_BUTTON' is clickable

2020-10-13 11:49:39 - [MESSAGE][PASSED] - Object: 'Object Repository/MAKE_ PAYMENT/Verification_ Details/YES_BUTTON' is clicked on

2020-10-13 11:49:39 - [MESSAGE][PASSED] - Consumer_Payment_Making.ts:Clicked on the yes button

2020-10-13 11:49:39 - [TEST_STEP][PASSED] - verifyElementPresent(findTestObject("MAKE_ PAYMENT/Verification_ Details/PENDING"), 30): Object 'Object Repository/MAKE_ PAYMENT/Verification_ Details/PENDING' is present

2020-10-13 11:49:41 - [MESSAGE][PASSED] - Object 'Object Repository/MAKE_ PAYMENT/Verification_ Details/PENDING' is present

2020-10-13 11:49:41 - [TEST_STEP][PASSED] - PaymentID = pages.Payment_Page.verifyECheckPaymentApproval(referenceNum): pages.Payment_Page.verifyECheckPaymentApproval is PASSED

2020-10-13 11:49:41 - [MESSAGE][PASSED] - Text of object 'Object Repository/MAKE_ PAYMENT/Verification_ Details/PAY_ID_ELECTRIC_CHECK' is: '100176127470'

2020-10-13 11:49:43 - [MESSAGE][PASSED] - Text of object 'Object Repository/MAKE_ PAYMENT/Verification_ Details/REF_NUM_E_CHECK' is: '11'

2020-10-13 11:49:43 - [MESSAGE][PASSED] - pages.Payment_Page.verifyECheckPaymentApproval is PASSED

2020-10-13 11:49:43 - [TEST_STEP][PASSED] - utilities.SafeActions.safeClick(findTestObject("SEARCH_PAYMENT/SEARCH_PAYMENT"), "Search Payment", [pageLoadTime]): Consumer_Payment_Making.ts:Clicked on the Search Payment

2020-10-13 11:49:43 - [MESSAGE][INFO] - safeClicking

2020-10-13 11:49:44 - [MESSAGE][PASSED] - Object 'Object Repository/SEARCH_PAYMENT/SEARCH_PAYMENT' is present

2020-10-13 11:49:44 - [MESSAGE][PASSED] - Object 'Object Repository/SEARCH_PAYMENT/SEARCH_PAYMENT' is clickable

2020-10-13 11:49:45 - [MESSAGE][PASSED] - Object: 'Object Repository/SEARCH_PAYMENT/SEARCH_PAYMENT' is clicked on

2020-10-13 11:49:45 - [MESSAGE][PASSED] - Consumer_Payment_Making.ts:Clicked on the Search Payment

2020-10-13 11:49:45 - [TEST_STEP][PASSED] - waitForPageLoad(10): Wait for page load successfully

2020-10-13 11:49:45 - [MESSAGE][PASSED] - Wait for page load successfully

2020-10-13 11:49:45 - [TEST_STEP][PASSED] - pages.Search_Page.switchToWindow(): pages.Search_Page.switchToWindow is PASSED

2020-10-13 11:49:47 - [MESSAGE][PASSED] - Object: 'Object Repository/SEARCH_PAYMENT/SEARCH_PAYMENT' is clicked on

2020-10-13 11:49:47 - [MESSAGE][PASSED] - Switched to window with index: '1'

2020-10-13 11:49:47 - [MESSAGE][PASSED] - pages.Search_Page.switchToWindow is PASSED

2020-10-13 11:49:47 - [TEST_STEP][PASSED] - utilities.SafeActions.safeCheck(findTestObject("SEARCH_PAYMENT/ELECTRONIC_CHECK"), "Echeck", [pageLoadTime]): Consumer_Payment_Making.ts:Checkbox 'Echeck'is selected

2020-10-13 11:49:51 - [MESSAGE][PASSED] - Object 'Object Repository/SEARCH_PAYMENT/ELECTRONIC_CHECK' is present

2020-10-13 11:49:52 - [MESSAGE][PASSED] - Object 'Object Repository/SEARCH_PAYMENT/ELECTRONIC_CHECK' is present

2020-10-13 11:49:54 - [MESSAGE][PASSED] - Object: 'Object Repository/SEARCH_PAYMENT/ELECTRONIC_CHECK' is clicked on

2020-10-13 11:49:54 - [MESSAGE][PASSED] - Consumer_Payment_Making.ts:Checkbox 'Echeck'is selected

2020-10-13 11:49:54 - [TEST_STEP][PASSED] - pages.Search_Page.setSearchDetails(lastName, VISA, checkingAccNum): Acc num enterd

2020-10-13 11:49:54 - [MESSAGE][PASSED] - Object 'Object Repository/SEARCH_PAYMENT/BILLING_LAST_NAME' is present

2020-10-13 11:49:54 - [MESSAGE][PASSED] - Object 'Object Repository/SEARCH_PAYMENT/BILLING_LAST_NAME' is visible

2020-10-13 11:49:55 - [MESSAGE][PASSED] - Object 'Object Repository/SEARCH_PAYMENT/BILLING_LAST_NAME' is present

2020-10-13 11:49:56 - [MESSAGE][PASSED] - Text 'shahi' is set on object 'Object Repository/SEARCH_PAYMENT/BILLING_LAST_NAME'

2020-10-13 11:49:56 - [MESSAGE][PASSED] - Consumer_Payment_Making.ts:Entered'shahi into LastName

2020-10-13 11:49:57 - [MESSAGE][WARNING] - Object 'Object Repository/SEARCH_PAYMENT/CREDIT_OR_DEBIT_CARD' is not checked (Root cause: com.kms.katalon.core.exception.StepFailedException: Object 'Object Repository/SEARCH_PAYMENT/CREDIT_OR_DEBIT_CARD' is not checked
	at com.kms.katalon.core.webui.keyword.internal.WebUIKeywordMain.stepFailed(WebUIKeywordMain.groovy:64)
	at com.kms.katalon.core.webui.keyword.builtin.VerifyElementCheckedKeyword$_verifyElementChecked_closure1.doCall(VerifyElementCheckedKeyword.groovy:81)
	at com.kms.katalon.core.webui.keyword.builtin.VerifyElementCheckedKeyword$_verifyElementChecked_closure1.call(VerifyElementCheckedKeyword.groovy)
	at com.kms.katalon.core.webui.keyword.internal.WebUIKeywordMain.runKeyword(WebUIKeywordMain.groovy:20)
	at com.kms.katalon.core.webui.keyword.builtin.VerifyElementCheckedKeyword.verifyElementChecked(VerifyElementCheckedKeyword.groovy:92)
	at com.kms.katalon.core.webui.keyword.builtin.VerifyElementCheckedKeyword.execute(VerifyElementCheckedKeyword.groovy:68)
	at com.kms.katalon.core.keyword.internal.KeywordExecutor.executeKeywordForPlatform(KeywordExecutor.groovy:72)
	at com.kms.katalon.core.webui.keyword.WebUiBuiltInKeywords.verifyElementChecked(WebUiBuiltInKeywords.groovy:1352)
	at com.kms.katalon.core.webui.keyword.WebUiBuiltInKeywords$verifyElementChecked$13.call(Unknown Source)
	at pages.Search_Page.setSearchDetails(Search_Page.groovy:39)
	at pages.Search_Page.invokeMethod(Search_Page.groovy)
	at com.kms.katalon.core.main.CustomKeywordDelegatingMetaClass.invokeStaticMethod(CustomKeywordDelegatingMetaClass.java:50)
	at TC_006_Echeck_Savings_MultiLine_Payment.run(TC_006_Echeck_Savings_MultiLine_Payment:128)
	at com.kms.katalon.core.main.ScriptEngine.run(ScriptEngine.java:194)
	at com.kms.katalon.core.main.ScriptEngine.runScriptAsRawText(ScriptEngine.java:119)
	at com.kms.katalon.core.main.TestCaseExecutor.runScript(TestCaseExecutor.java:337)
	at com.kms.katalon.core.main.TestCaseExecutor.doExecute(TestCaseExecutor.java:328)
	at com.kms.katalon.core.main.TestCaseExecutor.processExecutionPhase(TestCaseExecutor.java:307)
	at com.kms.katalon.core.main.TestCaseExecutor.accessMainPhase(TestCaseExecutor.java:299)
	at com.kms.katalon.core.main.TestCaseExecutor.execute(TestCaseExecutor.java:233)
	at com.kms.katalon.core.main.TestSuiteExecutor.accessTestCaseMainPhase(TestSuiteExecutor.java:169)
	at com.kms.katalon.core.main.TestSuiteExecutor.accessTestSuiteMainPhase(TestSuiteExecutor.java:142)
	at com.kms.katalon.core.main.TestSuiteExecutor.execute(TestSuiteExecutor.java:91)
	at com.kms.katalon.core.main.TestCaseMain.startTestSuite(TestCaseMain.java:157)
	at com.kms.katalon.core.main.TestCaseMain$startTestSuite$0.call(Unknown Source)
	at TempTestSuite1602568949585.run(TempTestSuite1602568949585.groovy:36)
)
[[ATTACHMENT|E:\\Sush_Certpay\\Reports\\20201013_113229\\Certpay_testSuite\\Consumer_Payment_Making\\20201013_113229\\1602569996751.png]]

2020-10-13 11:49:57 - [MESSAGE][PASSED] - Object 'Object Repository/SEARCH_PAYMENT/ACC_NUMBER' is present

2020-10-13 11:49:57 - [MESSAGE][PASSED] - Object 'Object Repository/SEARCH_PAYMENT/ACC_NUMBER' is visible

2020-10-13 11:49:58 - [MESSAGE][PASSED] - Object 'Object Repository/SEARCH_PAYMENT/ACC_NUMBER' is present

2020-10-13 11:49:59 - [MESSAGE][PASSED] - Text '456789' is set on object 'Object Repository/SEARCH_PAYMENT/ACC_NUMBER'

2020-10-13 11:49:59 - [MESSAGE][PASSED] - Consumer_Payment_Making.ts:Entered'456789 into Acc num

2020-10-13 11:49:59 - [MESSAGE][PASSED] - Acc num enterd

2020-10-13 11:49:59 - [TEST_STEP][PASSED] - utilities.SafeActions.safeClick(findTestObject("SEARCH_PAYMENT/SEARCH_BUTTON"), "Search", [pageLoadTime]): Consumer_Payment_Making.ts:Clicked on the Search

2020-10-13 11:49:59 - [MESSAGE][INFO] - safeClicking

2020-10-13 11:49:59 - [MESSAGE][PASSED] - Object 'Object Repository/SEARCH_PAYMENT/SEARCH_BUTTON' is present

2020-10-13 11:50:00 - [MESSAGE][PASSED] - Object 'Object Repository/SEARCH_PAYMENT/SEARCH_BUTTON' is clickable

2020-10-13 11:50:05 - [MESSAGE][PASSED] - Object: 'Object Repository/SEARCH_PAYMENT/SEARCH_BUTTON' is clicked on

2020-10-13 11:50:05 - [MESSAGE][PASSED] - Consumer_Payment_Making.ts:Clicked on the Search

2020-10-13 11:50:05 - [TEST_STEP][PASSED] - pages.Payment_Page.verifyPaymentDetailsInReceipt(PaymentID): pages.Payment_Page.verifyPaymentDetailsInReceipt is PASSED

2020-10-13 11:50:07 - [MESSAGE][PASSED] - Text of object 'Object Repository/SEARCH_PAYMENT/REFERNCE_NUM' is: '11'

2020-10-13 11:50:07 - [MESSAGE][PASSED] - Text of object 'Object Repository/SEARCH_PAYMENT/PAYMENT_ID' is: '100176127474'

2020-10-13 11:50:07 - [MESSAGE][PASSED] - pages.Payment_Page.verifyPaymentDetailsInReceipt is PASSED

2020-10-13 11:50:07 - [TEST_STEP][PASSED] - utilities.SafeActions.safeClick(findTestObject("SEARCH_PAYMENT/SEARCH_ ICON"), "SearchIcon", [pageLoadTime]): Consumer_Payment_Making.ts:Clicked on the SearchIcon

2020-10-13 11:50:07 - [MESSAGE][INFO] - safeClicking

2020-10-13 11:50:07 - [MESSAGE][PASSED] - Object 'Object Repository/SEARCH_PAYMENT/SEARCH_ ICON' is present

2020-10-13 11:50:08 - [MESSAGE][PASSED] - Object 'Object Repository/SEARCH_PAYMENT/SEARCH_ ICON' is clickable

2020-10-13 11:50:09 - [MESSAGE][PASSED] - Object: 'Object Repository/SEARCH_PAYMENT/SEARCH_ ICON' is clicked on

2020-10-13 11:50:09 - [MESSAGE][PASSED] - Consumer_Payment_Making.ts:Clicked on the SearchIcon

2020-10-13 11:50:09 - [TEST_STEP][PASSED] - delay(2): Delayed 2 second(s)

2020-10-13 11:50:11 - [MESSAGE][PASSED] - Delayed 2 second(s)

2020-10-13 11:50:11 - [TEST_STEP][PASSED] - scrollToElement(findTestObject("SEARCH_PAYMENT/CLOSE_BUTTON"), 30): Scroll to object 'Object Repository/SEARCH_PAYMENT/CLOSE_BUTTON' successfully

2020-10-13 11:50:11 - [MESSAGE][PASSED] - Scroll to object 'Object Repository/SEARCH_PAYMENT/CLOSE_BUTTON' successfully

2020-10-13 11:50:11 - [TEST_STEP][PASSED] - utilities.SafeActions.safeClick(findTestObject("SEARCH_PAYMENT/EMAIL_ RECEIPT"), "Email Receipt", [pageLoadTime]): Consumer_Payment_Making.ts:Clicked on the Email Receipt

2020-10-13 11:50:12 - [MESSAGE][INFO] - safeClicking

2020-10-13 11:50:12 - [MESSAGE][PASSED] - Object 'Object Repository/SEARCH_PAYMENT/EMAIL_ RECEIPT' is present

2020-10-13 11:50:12 - [MESSAGE][PASSED] - Object 'Object Repository/SEARCH_PAYMENT/EMAIL_ RECEIPT' is clickable

2020-10-13 11:50:13 - [MESSAGE][PASSED] - Object: 'Object Repository/SEARCH_PAYMENT/EMAIL_ RECEIPT' is clicked on

2020-10-13 11:50:13 - [MESSAGE][PASSED] - Consumer_Payment_Making.ts:Clicked on the Email Receipt

2020-10-13 11:50:13 - [TEST_STEP][PASSED] - utilities.SafeActions.safeClick(findTestObject("SEARCH_PAYMENT/SEND_ EMAIL_BUTTON"), "Send Email", [pageLoadTime]): Consumer_Payment_Making.ts:Clicked on the Send Email

2020-10-13 11:50:13 - [MESSAGE][INFO] - safeClicking

2020-10-13 11:50:14 - [MESSAGE][PASSED] - Object 'Object Repository/SEARCH_PAYMENT/SEND_ EMAIL_BUTTON' is present

2020-10-13 11:50:14 - [MESSAGE][PASSED] - Object 'Object Repository/SEARCH_PAYMENT/SEND_ EMAIL_BUTTON' is clickable

2020-10-13 11:50:16 - [MESSAGE][PASSED] - Object: 'Object Repository/SEARCH_PAYMENT/SEND_ EMAIL_BUTTON' is clicked on

2020-10-13 11:50:16 - [MESSAGE][PASSED] - Consumer_Payment_Making.ts:Clicked on the Send Email

2020-10-13 11:50:16 - [TEST_STEP][PASSED] - Start listener action : afterTestCase: Browser is closed

2020-10-13 11:50:16 - [TEST_STEP][PASSED] - closeBrowser(): Browser is closed

2020-10-13 11:50:17 - [MESSAGE][PASSED] - Browser is closed]]></system-out>
         <system-err><![CDATA[]]></system-err>
      </testcase>
      <system-out><![CDATA[2020-10-13 11:32:39 - [TEST_SUITE][PASSED] - Consumer_Payment_Making: Test Cases/Consumer_Make_Payment/TC_006_Echeck_Savings_MultiLine_Payment]]></system-out>
      <system-err><![CDATA[]]></system-err>
   </testsuite>
</testsuites>
