<?xml version="1.0" encoding="UTF-8"?>
<testsuites name="Quicksti" time="3394.169" tests="5" failures="3" errors="0">
   <testsuite name="Quicksti" tests="5" failures="3" errors="0" time="3394.169" timestamp="2020-10-15 13:54:23" hostname="admin - SYS8" id="Test Suites/Certpay_testSuite/Quicksti">
      <properties>
         <property name="deviceName" value=""/>
         <property name="devicePlatform" value=""/>
         <property name="logFolder" value="E:\\Sush_Certpay\\Reports\\20201015_135419\\Certpay_testSuite\\Quicksti\\20201015_135419"/>
         <property name="logFiles" value="E:\\Sush_Certpay\\Reports\\20201015_135419\\Certpay_testSuite\\Quicksti\\20201015_135419\\execution0.log"/>
         <property name="attachments" value="E:\\Sush_Certpay\\Reports\\20201015_135419\\Certpay_testSuite\\Quicksti\\20201015_135419\\1602752776080.png"/>
         <property name="hostName" value="admin - SYS8"/>
         <property name="os" value="Windows 10 32bit"/>
         <property name="katalonVersion" value="7.1.2.1"/>
         <property name="browser" value="Chrome 86.0.4240.75"/>
         <property name="hostAddress" value="172.31.253.251"/>
         <property name="sessionId" value="5d6e2ff743773ac062d9c04e56b9bc49"/>
         <property name="seleniumVersion" value="3.141.59"/>
         <property name="proxyInformation" value="ProxyInformation{proxyOption=NO_PROXY, proxyServerType=HTTP, password=, proxyServerAddress=, proxyServerPort=0, executionList=}"/>
         <property name="platform" value="Windows 10"/>
      </properties>
      <testcase name="Test Cases/Certpay_Quicksti/TC_001_SingleBureauSite_SingleLinePayment" time="599.485" classname="Test Cases/Certpay_Quicksti/TC_001_SingleBureauSite_SingleLinePayment" status="FAILED">
         <failure type="FAILED" message="Test Cases/Certpay_Quicksti/TC_001_SingleBureauSite_SingleLinePayment FAILED.
Reason:
com.kms.katalon.core.exception.StepFailedException: Unable to verify match
	at com.kms.katalon.core.util.KeywordUtil.markFailed(KeywordUtil.java:19)
	at com.kms.katalon.core.util.KeywordUtil$markFailed$1.call(Unknown Source)
	at pages.Search_Page.validatePaymentAmount(Search_Page.groovy:140)
	at pages.Search_Page.invokeMethod(Search_Page.groovy)
	at com.kms.katalon.core.main.CustomKeywordDelegatingMetaClass.invokeStaticMethod(CustomKeywordDelegatingMetaClass.java:50)
	at TC_001_SingleBureauSite_SingleLinePayment.run(TC_001_SingleBureauSite_SingleLinePayment:144)
	at com.kms.katalon.core.main.ScriptEngine.run(ScriptEngine.java:194)
	at com.kms.katalon.core.main.ScriptEngine.runScriptAsRawText(ScriptEngine.java:119)
	at com.kms.katalon.core.main.TestCaseExecutor.runScript(TestCaseExecutor.java:337)
	at com.kms.katalon.core.main.TestCaseExecutor.doExecute(TestCaseExecutor.java:328)
	at com.kms.katalon.core.main.TestCaseExecutor.processExecutionPhase(TestCaseExecutor.java:307)
	at com.kms.katalon.core.main.TestCaseExecutor.accessMainPhase(TestCaseExecutor.java:299)
	at com.kms.katalon.core.main.TestCaseExecutor.execute(TestCaseExecutor.java:233)
	at com.kms.katalon.core.main.TestSuiteExecutor.accessTestCaseMainPhase(TestSuiteExecutor.java:169)
	at com.kms.katalon.core.main.TestSuiteExecutor.accessTestSuiteMainPhase(TestSuiteExecutor.java:142)
	at com.kms.katalon.core.main.TestSuiteExecutor.execute(TestSuiteExecutor.java:91)
	at com.kms.katalon.core.main.TestCaseMain.startTestSuite(TestCaseMain.java:157)
	at com.kms.katalon.core.main.TestCaseMain$startTestSuite$0.call(Unknown Source)
	at TempTestSuite1602750259530.run(TempTestSuite1602750259530.groovy:36)
"/>
         <system-out><![CDATA[2020-10-15 13:54:23 - [TEST_CASE][FAILED] - Test Cases/Certpay_Quicksti/TC_001_SingleBureauSite_SingleLinePayment: Test Cases/Certpay_Quicksti/TC_001_SingleBureauSite_SingleLinePayment FAILED.
Reason:
com.kms.katalon.core.exception.StepFailedException: Unable to verify match
	at com.kms.katalon.core.util.KeywordUtil.markFailed(KeywordUtil.java:19)
	at com.kms.katalon.core.util.KeywordUtil$markFailed$1.call(Unknown Source)
	at pages.Search_Page.validatePaymentAmount(Search_Page.groovy:140)
	at pages.Search_Page.invokeMethod(Search_Page.groovy)
	at com.kms.katalon.core.main.CustomKeywordDelegatingMetaClass.invokeStaticMethod(CustomKeywordDelegatingMetaClass.java:50)
	at TC_001_SingleBureauSite_SingleLinePayment.run(TC_001_SingleBureauSite_SingleLinePayment:144)
	at com.kms.katalon.core.main.ScriptEngine.run(ScriptEngine.java:194)
	at com.kms.katalon.core.main.ScriptEngine.runScriptAsRawText(ScriptEngine.java:119)
	at com.kms.katalon.core.main.TestCaseExecutor.runScript(TestCaseExecutor.java:337)
	at com.kms.katalon.core.main.TestCaseExecutor.doExecute(TestCaseExecutor.java:328)
	at com.kms.katalon.core.main.TestCaseExecutor.processExecutionPhase(TestCaseExecutor.java:307)
	at com.kms.katalon.core.main.TestCaseExecutor.accessMainPhase(TestCaseExecutor.java:299)
	at com.kms.katalon.core.main.TestCaseExecutor.execute(TestCaseExecutor.java:233)
	at com.kms.katalon.core.main.TestSuiteExecutor.accessTestCaseMainPhase(TestSuiteExecutor.java:169)
	at com.kms.katalon.core.main.TestSuiteExecutor.accessTestSuiteMainPhase(TestSuiteExecutor.java:142)
	at com.kms.katalon.core.main.TestSuiteExecutor.execute(TestSuiteExecutor.java:91)
	at com.kms.katalon.core.main.TestCaseMain.startTestSuite(TestCaseMain.java:157)
	at com.kms.katalon.core.main.TestCaseMain$startTestSuite$0.call(Unknown Source)
	at TempTestSuite1602750259530.run(TempTestSuite1602750259530.groovy:36)


2020-10-15 13:54:23 - [TEST_STEP][PASSED] - Start listener action : beforeTestCase: null

2020-10-15 13:54:24 - [TEST_STEP][PASSED] - data = findTestData("Data Files/Certpay/SingleBureau_SingleLine"): null

2020-10-15 13:54:25 - [TEST_STEP][PASSED] - paymentIdList = []: null

2020-10-15 13:54:25 - [TEST_STEP][FAILED] - for (def index : (1..data.getRowNumbers())): null

2020-10-15 13:54:25 - [TEST_STEP][PASSED] - firstName = data.getValue("FirstName", index): null

2020-10-15 13:54:25 - [TEST_STEP][PASSED] - lastName = data.getValue("LastName", index): null

2020-10-15 13:54:25 - [TEST_STEP][PASSED] - expMonth = data.getValue("ExpMonth", index): null

2020-10-15 13:54:25 - [TEST_STEP][PASSED] - expYear = data.getValue("ExpYear", index): null

2020-10-15 13:54:25 - [TEST_STEP][PASSED] - securityCode = data.getValue("SecurityCode", index): null

2020-10-15 13:54:25 - [TEST_STEP][PASSED] - paymentAmount = data.getValue("PaymentAmount", index): null

2020-10-15 13:54:25 - [TEST_STEP][PASSED] - paymentType = data.getValue("PaymentType", index): null

2020-10-15 13:54:25 - [TEST_STEP][PASSED] - quantity = data.getValue("Quantity", index): null

2020-10-15 13:54:25 - [TEST_STEP][PASSED] - comments = data.getValue("Comments", index): null

2020-10-15 13:54:25 - [TEST_STEP][PASSED] - referenceNum = data.getValue("ReferenceNum", index): null

2020-10-15 13:54:25 - [TEST_STEP][PASSED] - address = data.getValue("Address", index): null

2020-10-15 13:54:25 - [TEST_STEP][PASSED] - zipCode = data.getValue("Zipcode", index): null

2020-10-15 13:54:25 - [TEST_STEP][PASSED] - telephone = data.getValue("Telephone", index): null

2020-10-15 13:54:25 - [TEST_STEP][PASSED] - emailAddress = data.getValue("EmailAddress", index): null

2020-10-15 13:54:25 - [TEST_STEP][PASSED] - cardNum = data.getValue("CardNumber", index): null

2020-10-15 13:54:25 - [TEST_STEP][PASSED] - cardType = data.getValue("CardType", index): null

2020-10-15 13:54:25 - [TEST_STEP][PASSED] - utilities.SafeActions.openBrowser(Quicksti_Url, [pageLoadTime]): Browser launched successfully

2020-10-15 13:54:25 - [MESSAGE][INFO] - Opening Browser

2020-10-15 13:54:25 - [MESSAGE][INFO] - Starting 'Chrome' driver

2020-10-15 13:54:25 - [MESSAGE][INFO] - Action delay is set to 0 seconds

2020-10-15 13:54:46 - [MESSAGE][PASSED] - Browser is opened with url: 'https://qa-certpayquicksti.faps.net/'

2020-10-15 13:54:49 - [MESSAGE][PASSED] - Current window maximized

2020-10-15 13:54:49 - [MESSAGE][PASSED] - Browser launched successfully

2020-10-15 13:54:49 - [TEST_STEP][PASSED] - utilities.SafeActions.safeType(findTestObject("CERTPAY_QUICKSTI/Login_ Page/BUREAU_CODE"), bureau_code, "Bureau code", [pageLoadTime]): Quicksti.ts:Entered'6100000 into Bureau code

2020-10-15 13:54:49 - [MESSAGE][PASSED] - Object 'Object Repository/CERTPAY_QUICKSTI/Login_ Page/BUREAU_CODE' is present

2020-10-15 13:54:49 - [MESSAGE][PASSED] - Object 'Object Repository/CERTPAY_QUICKSTI/Login_ Page/BUREAU_CODE' is visible

2020-10-15 13:54:50 - [MESSAGE][PASSED] - Object 'Object Repository/CERTPAY_QUICKSTI/Login_ Page/BUREAU_CODE' is present

2020-10-15 13:54:51 - [MESSAGE][PASSED] - Text '6100000' is set on object 'Object Repository/CERTPAY_QUICKSTI/Login_ Page/BUREAU_CODE'

2020-10-15 13:54:51 - [MESSAGE][PASSED] - Quicksti.ts:Entered'6100000 into Bureau code

2020-10-15 13:54:51 - [TEST_STEP][PASSED] - utilities.SafeActions.safeType(findTestObject("CERTPAY_QUICKSTI/Login_ Page/TELLER_ID"), teller_id, "Bureau code", [pageLoadTime]): Quicksti.ts:Entered'zenq into Bureau code

2020-10-15 13:54:51 - [MESSAGE][PASSED] - Object 'Object Repository/CERTPAY_QUICKSTI/Login_ Page/TELLER_ID' is present

2020-10-15 13:54:52 - [MESSAGE][PASSED] - Object 'Object Repository/CERTPAY_QUICKSTI/Login_ Page/TELLER_ID' is visible

2020-10-15 13:54:52 - [MESSAGE][PASSED] - Object 'Object Repository/CERTPAY_QUICKSTI/Login_ Page/TELLER_ID' is present

2020-10-15 13:54:53 - [MESSAGE][PASSED] - Text 'zenq' is set on object 'Object Repository/CERTPAY_QUICKSTI/Login_ Page/TELLER_ID'

2020-10-15 13:54:53 - [MESSAGE][PASSED] - Quicksti.ts:Entered'zenq into Bureau code

2020-10-15 13:54:53 - [TEST_STEP][PASSED] - utilities.SafeActions.safeClick(findTestObject("CERTPAY_QUICKSTI/Login_ Page/NEXT_BUTTON"), "Next button", [pageLoadTime]): Quicksti.ts:Clicked on the Next button

2020-10-15 13:54:53 - [MESSAGE][INFO] - safeClicking

2020-10-15 13:54:54 - [MESSAGE][PASSED] - Object 'Object Repository/CERTPAY_QUICKSTI/Login_ Page/NEXT_BUTTON' is present

2020-10-15 13:54:54 - [MESSAGE][PASSED] - Object 'Object Repository/CERTPAY_QUICKSTI/Login_ Page/NEXT_BUTTON' is clickable

2020-10-15 13:54:57 - [MESSAGE][PASSED] - Object: 'Object Repository/CERTPAY_QUICKSTI/Login_ Page/NEXT_BUTTON' is clicked on

2020-10-15 13:54:57 - [MESSAGE][PASSED] - Quicksti.ts:Clicked on the Next button

2020-10-15 13:54:57 - [TEST_STEP][PASSED] - utilities.SafeActions.safeClick(findTestObject("CERTPAY_QUICKSTI/Payment_Information_Page/MANUAL_ENTRY_BUTTON"), "ManualEntry", [pageLoadTime]): Quicksti.ts:Clicked on the ManualEntry

2020-10-15 13:54:57 - [MESSAGE][INFO] - safeClicking

2020-10-15 13:54:58 - [MESSAGE][PASSED] - Object 'Object Repository/CERTPAY_QUICKSTI/Payment_Information_Page/MANUAL_ENTRY_BUTTON' is present

2020-10-15 13:54:58 - [MESSAGE][PASSED] - Object 'Object Repository/CERTPAY_QUICKSTI/Payment_Information_Page/MANUAL_ENTRY_BUTTON' is clickable

2020-10-15 13:55:01 - [MESSAGE][PASSED] - Object: 'Object Repository/CERTPAY_QUICKSTI/Payment_Information_Page/MANUAL_ENTRY_BUTTON' is clicked on

2020-10-15 13:55:01 - [MESSAGE][PASSED] - Quicksti.ts:Clicked on the ManualEntry

2020-10-15 13:55:01 - [TEST_STEP][PASSED] - CardNumber = pages.Quicksti.setUserPaymentDetails(firstName, lastName, cardNum): Quicksti.ts:Entered'4761739001010135 into CardNum

2020-10-15 13:55:01 - [MESSAGE][PASSED] - Object 'Object Repository/CERTPAY_QUICKSTI/Payment_Information_Page/FIRST_NAME' is present

2020-10-15 13:55:02 - [MESSAGE][PASSED] - Object 'Object Repository/CERTPAY_QUICKSTI/Payment_Information_Page/FIRST_NAME' is visible

2020-10-15 13:55:02 - [MESSAGE][PASSED] - Object 'Object Repository/CERTPAY_QUICKSTI/Payment_Information_Page/FIRST_NAME' is present

2020-10-15 13:55:03 - [MESSAGE][PASSED] - Text 'Tester' is set on object 'Object Repository/CERTPAY_QUICKSTI/Payment_Information_Page/FIRST_NAME'

2020-10-15 13:55:03 - [MESSAGE][PASSED] - Quicksti.ts:Entered'Tester into FirstName

2020-10-15 13:55:04 - [MESSAGE][PASSED] - Object 'Object Repository/CERTPAY_QUICKSTI/Payment_Information_Page/LAST_NAME' is present

2020-10-15 13:55:04 - [MESSAGE][PASSED] - Object 'Object Repository/CERTPAY_QUICKSTI/Payment_Information_Page/LAST_NAME' is visible

2020-10-15 13:55:04 - [MESSAGE][PASSED] - Object 'Object Repository/CERTPAY_QUICKSTI/Payment_Information_Page/LAST_NAME' is present

2020-10-15 13:55:05 - [MESSAGE][PASSED] - Text 'Zenq1' is set on object 'Object Repository/CERTPAY_QUICKSTI/Payment_Information_Page/LAST_NAME'

2020-10-15 13:55:05 - [MESSAGE][PASSED] - Quicksti.ts:Entered'Zenq1 into LAstName

2020-10-15 13:55:06 - [MESSAGE][PASSED] - Object 'Object Repository/CERTPAY_QUICKSTI/Payment_Information_Page/CARD_NUMBER' is present

2020-10-15 13:55:06 - [MESSAGE][PASSED] - Object 'Object Repository/CERTPAY_QUICKSTI/Payment_Information_Page/CARD_NUMBER' is visible

2020-10-15 13:55:06 - [MESSAGE][PASSED] - Object 'Object Repository/CERTPAY_QUICKSTI/Payment_Information_Page/CARD_NUMBER' is present

2020-10-15 13:55:08 - [MESSAGE][PASSED] - Text '4761739001010135' is set on object 'Object Repository/CERTPAY_QUICKSTI/Payment_Information_Page/CARD_NUMBER'

2020-10-15 13:55:08 - [MESSAGE][PASSED] - Quicksti.ts:Entered'4761739001010135 into CardNum

2020-10-15 13:55:08 - [TEST_STEP][PASSED] - utilities.SafeActions.safeSelectOptionInDropdownByVisibleText(findTestObject("CERTPAY_QUICKSTI/Payment_Information_Page/PAYMENT_TYPE"), paymentType, "paymentType", [pageLoadTime]): selected dropdown option by visible text  Taxesfrom paymentType

2020-10-15 13:55:08 - [MESSAGE][PASSED] - Object 'Object Repository/CERTPAY_QUICKSTI/Payment_Information_Page/PAYMENT_TYPE' is visible

2020-10-15 13:55:08 - [MESSAGE][PASSED] - Object 'Object Repository/CERTPAY_QUICKSTI/Payment_Information_Page/PAYMENT_TYPE' is present

2020-10-15 13:55:10 - [MESSAGE][PASSED] - Object: 'Object Repository/CERTPAY_QUICKSTI/Payment_Information_Page/PAYMENT_TYPE' is clicked on

2020-10-15 13:55:11 - [MESSAGE][PASSED] - All options with label 'Taxes' are selected in object 'Object Repository/CERTPAY_QUICKSTI/Payment_Information_Page/PAYMENT_TYPE'  using regular expression

2020-10-15 13:55:11 - [MESSAGE][PASSED] - selected dropdown option by visible text  Taxesfrom paymentType

2020-10-15 13:55:11 - [TEST_STEP][PASSED] - pages.Quicksti.setExpDate(expMonth, expYear, securityCode): Quicksti.ts:Entered'207 into securityCode

2020-10-15 13:55:11 - [MESSAGE][PASSED] - Object 'Object Repository/CERTPAY_QUICKSTI/Payment_Information_Page/EXP_MONTH' is visible

2020-10-15 13:55:11 - [MESSAGE][PASSED] - Object 'Object Repository/CERTPAY_QUICKSTI/Payment_Information_Page/EXP_MONTH' is present

2020-10-15 13:55:13 - [MESSAGE][PASSED] - Object: 'Object Repository/CERTPAY_QUICKSTI/Payment_Information_Page/EXP_MONTH' is clicked on

2020-10-15 13:55:14 - [MESSAGE][PASSED] - All options with label '03' are selected in object 'Object Repository/CERTPAY_QUICKSTI/Payment_Information_Page/EXP_MONTH'  using regular expression

2020-10-15 13:55:14 - [MESSAGE][PASSED] - selected dropdown option by visible text  03from expMonth

2020-10-15 13:55:14 - [MESSAGE][PASSED] - Object 'Object Repository/CERTPAY_QUICKSTI/Payment_Information_Page/EXP_YEAR' is visible

2020-10-15 13:55:15 - [MESSAGE][PASSED] - Object 'Object Repository/CERTPAY_QUICKSTI/Payment_Information_Page/EXP_YEAR' is present

2020-10-15 13:55:16 - [MESSAGE][PASSED] - Object: 'Object Repository/CERTPAY_QUICKSTI/Payment_Information_Page/EXP_YEAR' is clicked on

2020-10-15 13:55:17 - [MESSAGE][PASSED] - All options with label '2022' are selected in object 'Object Repository/CERTPAY_QUICKSTI/Payment_Information_Page/EXP_YEAR'  using regular expression

2020-10-15 13:55:17 - [MESSAGE][PASSED] - selected dropdown option by visible text  2022from  expYear

2020-10-15 13:55:18 - [MESSAGE][PASSED] - Object 'Object Repository/CERTPAY_QUICKSTI/Payment_Information_Page/SECURITY_CODE' is present

2020-10-15 13:55:18 - [MESSAGE][PASSED] - Object 'Object Repository/CERTPAY_QUICKSTI/Payment_Information_Page/SECURITY_CODE' is visible

2020-10-15 13:55:18 - [MESSAGE][PASSED] - Object 'Object Repository/CERTPAY_QUICKSTI/Payment_Information_Page/SECURITY_CODE' is present

2020-10-15 13:55:20 - [MESSAGE][PASSED] - Text '207' is set on object 'Object Repository/CERTPAY_QUICKSTI/Payment_Information_Page/SECURITY_CODE'

2020-10-15 13:55:20 - [MESSAGE][PASSED] - Quicksti.ts:Entered'207 into securityCode

2020-10-15 13:55:20 - [TEST_STEP][PASSED] - pages.Quicksti.setPaymentAmountDetailsForSinglePayment(paymentAmount, quantity): Quicksti.ts:Entered'1 into Quantity

2020-10-15 13:55:20 - [MESSAGE][PASSED] - Object 'Object Repository/CERTPAY_QUICKSTI/Payment_Information_Page/PAYMENT_AMOUNT' is present

2020-10-15 13:55:20 - [MESSAGE][PASSED] - Object 'Object Repository/CERTPAY_QUICKSTI/Payment_Information_Page/PAYMENT_AMOUNT' is visible

2020-10-15 13:55:21 - [MESSAGE][PASSED] - Object 'Object Repository/CERTPAY_QUICKSTI/Payment_Information_Page/PAYMENT_AMOUNT' is present

2020-10-15 13:55:22 - [MESSAGE][PASSED] - Text '20.00' is set on object 'Object Repository/CERTPAY_QUICKSTI/Payment_Information_Page/PAYMENT_AMOUNT'

2020-10-15 13:55:22 - [MESSAGE][PASSED] - Quicksti.ts:Entered'20.00 into amount

2020-10-15 13:55:22 - [MESSAGE][PASSED] - Object 'Object Repository/CERTPAY_QUICKSTI/Payment_Information_Page/QUANTITY' is present

2020-10-15 13:55:23 - [MESSAGE][PASSED] - Object 'Object Repository/CERTPAY_QUICKSTI/Payment_Information_Page/QUANTITY' is visible

2020-10-15 13:55:23 - [MESSAGE][PASSED] - Object 'Object Repository/CERTPAY_QUICKSTI/Payment_Information_Page/QUANTITY' is present

2020-10-15 13:55:24 - [MESSAGE][PASSED] - Text '1' is set on object 'Object Repository/CERTPAY_QUICKSTI/Payment_Information_Page/QUANTITY'

2020-10-15 13:55:24 - [MESSAGE][PASSED] - Quicksti.ts:Entered'1 into Quantity

2020-10-15 13:55:24 - [TEST_STEP][PASSED] - utilities.SafeActions.safeType(findTestObject("CERTPAY_QUICKSTI/Payment_Information_Page/REFRENCE_NUMBER"), referenceNum, "Reference Number", [pageLoadTime]): Quicksti.ts:Entered'11 into Reference Number

2020-10-15 13:55:25 - [MESSAGE][PASSED] - Object 'Object Repository/CERTPAY_QUICKSTI/Payment_Information_Page/REFRENCE_NUMBER' is present

2020-10-15 13:55:25 - [MESSAGE][PASSED] - Object 'Object Repository/CERTPAY_QUICKSTI/Payment_Information_Page/REFRENCE_NUMBER' is visible

2020-10-15 13:55:25 - [MESSAGE][PASSED] - Object 'Object Repository/CERTPAY_QUICKSTI/Payment_Information_Page/REFRENCE_NUMBER' is present

2020-10-15 13:55:27 - [MESSAGE][PASSED] - Text '11' is set on object 'Object Repository/CERTPAY_QUICKSTI/Payment_Information_Page/REFRENCE_NUMBER'

2020-10-15 13:55:27 - [MESSAGE][PASSED] - Quicksti.ts:Entered'11 into Reference Number

2020-10-15 13:55:27 - [TEST_STEP][PASSED] - amount_Value = pages.Quicksti.getAttributeValue(findTestObject("CERTPAY_QUICKSTI/Payment_Information_Page/SUB_TOTAL")): pages.Quicksti.getAttributeValue is PASSED

2020-10-15 13:55:27 - [MESSAGE][PASSED] - Attribute 'value' of object 'Object Repository/CERTPAY_QUICKSTI/Payment_Information_Page/SUB_TOTAL' is: '20.00'

2020-10-15 13:55:27 - [MESSAGE][PASSED] - pages.Quicksti.getAttributeValue is PASSED

2020-10-15 13:55:27 - [TEST_STEP][PASSED] - utilities.SafeActions.safeType(findTestObject("CERTPAY_QUICKSTI/Payment_Information_Page/COMMENTS"), "Testing", "Comments", [pageLoadTime]): Quicksti.ts:Entered'Testing into Comments

2020-10-15 13:55:27 - [MESSAGE][PASSED] - Object 'Object Repository/CERTPAY_QUICKSTI/Payment_Information_Page/COMMENTS' is present

2020-10-15 13:55:28 - [MESSAGE][PASSED] - Object 'Object Repository/CERTPAY_QUICKSTI/Payment_Information_Page/COMMENTS' is visible

2020-10-15 13:55:28 - [MESSAGE][PASSED] - Object 'Object Repository/CERTPAY_QUICKSTI/Payment_Information_Page/COMMENTS' is present

2020-10-15 13:55:29 - [MESSAGE][PASSED] - Text 'Testing' is set on object 'Object Repository/CERTPAY_QUICKSTI/Payment_Information_Page/COMMENTS'

2020-10-15 13:55:29 - [MESSAGE][PASSED] - Quicksti.ts:Entered'Testing into Comments

2020-10-15 13:55:29 - [TEST_STEP][PASSED] - utilities.SafeActions.safeType(findTestObject("CERTPAY_QUICKSTI/Payment_Information_Page/ADDRESS"), address, "Address", [pageLoadTime]): Quicksti.ts:Entered'14-2 into Address

2020-10-15 13:55:30 - [MESSAGE][PASSED] - Object 'Object Repository/CERTPAY_QUICKSTI/Payment_Information_Page/ADDRESS' is present

2020-10-15 13:55:30 - [MESSAGE][PASSED] - Object 'Object Repository/CERTPAY_QUICKSTI/Payment_Information_Page/ADDRESS' is visible

2020-10-15 13:55:30 - [MESSAGE][PASSED] - Object 'Object Repository/CERTPAY_QUICKSTI/Payment_Information_Page/ADDRESS' is present

2020-10-15 13:55:31 - [MESSAGE][PASSED] - Text '14-2' is set on object 'Object Repository/CERTPAY_QUICKSTI/Payment_Information_Page/ADDRESS'

2020-10-15 13:55:31 - [MESSAGE][PASSED] - Quicksti.ts:Entered'14-2 into Address

2020-10-15 13:55:31 - [TEST_STEP][PASSED] - utilities.SafeActions.safeType(findTestObject("CERTPAY_QUICKSTI/Payment_Information_Page/ZIP_CODE"), zipCode, "zipcode", [pageLoadTime]): Quicksti.ts:Entered'76102 into zipcode

2020-10-15 13:55:32 - [MESSAGE][PASSED] - Object 'Object Repository/CERTPAY_QUICKSTI/Payment_Information_Page/ZIP_CODE' is present

2020-10-15 13:55:32 - [MESSAGE][PASSED] - Object 'Object Repository/CERTPAY_QUICKSTI/Payment_Information_Page/ZIP_CODE' is visible

2020-10-15 13:55:32 - [MESSAGE][PASSED] - Object 'Object Repository/CERTPAY_QUICKSTI/Payment_Information_Page/ZIP_CODE' is present

2020-10-15 13:55:34 - [MESSAGE][PASSED] - Text '76102' is set on object 'Object Repository/CERTPAY_QUICKSTI/Payment_Information_Page/ZIP_CODE'

2020-10-15 13:55:34 - [MESSAGE][PASSED] - Quicksti.ts:Entered'76102 into zipcode

2020-10-15 13:55:34 - [TEST_STEP][PASSED] - utilities.SafeActions.safeType(findTestObject("CERTPAY_QUICKSTI/Payment_Information_Page/TELEPHONE"), telephone, "Telephone", [pageLoadTime]): Quicksti.ts:Entered'9988776655 into Telephone

2020-10-15 13:55:34 - [MESSAGE][PASSED] - Object 'Object Repository/CERTPAY_QUICKSTI/Payment_Information_Page/TELEPHONE' is present

2020-10-15 13:55:34 - [MESSAGE][PASSED] - Object 'Object Repository/CERTPAY_QUICKSTI/Payment_Information_Page/TELEPHONE' is visible

2020-10-15 13:55:34 - [MESSAGE][PASSED] - Object 'Object Repository/CERTPAY_QUICKSTI/Payment_Information_Page/TELEPHONE' is present

2020-10-15 13:55:36 - [MESSAGE][PASSED] - Text '9988776655' is set on object 'Object Repository/CERTPAY_QUICKSTI/Payment_Information_Page/TELEPHONE'

2020-10-15 13:55:36 - [MESSAGE][PASSED] - Quicksti.ts:Entered'9988776655 into Telephone

2020-10-15 13:55:36 - [TEST_STEP][PASSED] - utilities.SafeActions.safeType(findTestObject("CERTPAY_QUICKSTI/Payment_Information_Page/EMAIL_ADDRESS"), emailAddress, "EMAIL address", [pageLoadTime]): Quicksti.ts:Entered'testing@zenq.com into EMAIL address

2020-10-15 13:55:36 - [MESSAGE][PASSED] - Object 'Object Repository/CERTPAY_QUICKSTI/Payment_Information_Page/EMAIL_ADDRESS' is present

2020-10-15 13:55:36 - [MESSAGE][PASSED] - Object 'Object Repository/CERTPAY_QUICKSTI/Payment_Information_Page/EMAIL_ADDRESS' is visible

2020-10-15 13:55:37 - [MESSAGE][PASSED] - Object 'Object Repository/CERTPAY_QUICKSTI/Payment_Information_Page/EMAIL_ADDRESS' is present

2020-10-15 13:55:38 - [MESSAGE][PASSED] - Text 'testing@zenq.com' is set on object 'Object Repository/CERTPAY_QUICKSTI/Payment_Information_Page/EMAIL_ADDRESS'

2020-10-15 13:55:38 - [MESSAGE][PASSED] - Quicksti.ts:Entered'testing@zenq.com into EMAIL address

2020-10-15 13:55:38 - [TEST_STEP][PASSED] - utilities.SafeActions.safeClick(findTestObject("CERTPAY_QUICKSTI/Payment_Information_Page/NEXT_BUTTON"), "Next", [pageLoadTime]): Quicksti.ts:Clicked on the Next

2020-10-15 13:55:38 - [MESSAGE][INFO] - safeClicking

2020-10-15 13:55:38 - [MESSAGE][PASSED] - Object 'Object Repository/CERTPAY_QUICKSTI/Payment_Information_Page/NEXT_BUTTON' is present

2020-10-15 13:55:39 - [MESSAGE][PASSED] - Object 'Object Repository/CERTPAY_QUICKSTI/Payment_Information_Page/NEXT_BUTTON' is clickable

2020-10-15 13:55:42 - [MESSAGE][PASSED] - Object: 'Object Repository/CERTPAY_QUICKSTI/Payment_Information_Page/NEXT_BUTTON' is clicked on

2020-10-15 13:55:42 - [MESSAGE][PASSED] - Quicksti.ts:Clicked on the Next

2020-10-15 13:55:42 - [TEST_STEP][PASSED] - pages.Quicksti.verifyUserPaymentDetails(paymentAmount, firstName, lastName, CardNumber): pages.Quicksti.verifyUserPaymentDetails is PASSED

2020-10-15 13:55:43 - [MESSAGE][PASSED] - Text of object 'Object Repository/CERTPAY_QUICKSTI/Payment_Details_Verification_Page/AMOUNT' is: '$20.00'

2020-10-15 13:55:43 - [MESSAGE][PASSED] - Actual text '20.00' and expected text '20.00' are matched  using regular expression

2020-10-15 13:55:43 - [MESSAGE][PASSED] - Text of object 'Object Repository/CERTPAY_QUICKSTI/Payment_Details_Verification_Page/NAME' is: 'Tester Zenq1'

2020-10-15 13:55:43 - [MESSAGE][PASSED] - Actual text 'Tester Zenq1' and expected text 'Tester Zenq1' are matched  using regular expression

2020-10-15 13:55:44 - [MESSAGE][PASSED] - Text of object 'Object Repository/CERTPAY_QUICKSTI/Payment_Details_Verification_Page/CARD_NUMBER' is: '...0135'

2020-10-15 13:55:44 - [MESSAGE][PASSED] - Actual text '0135' and expected text '0135' are matched  using regular expression

2020-10-15 13:55:44 - [MESSAGE][PASSED] - pages.Quicksti.verifyUserPaymentDetails is PASSED

2020-10-15 13:55:44 - [TEST_STEP][PASSED] - delay(2): Delayed 2 second(s)

2020-10-15 13:55:46 - [MESSAGE][PASSED] - Delayed 2 second(s)

2020-10-15 13:55:46 - [TEST_STEP][PASSED] - ConvFee = getText(findTestObject("CERTPAY_QUICKSTI/Payment_Information_Page/CONV_FEE")): Text of object 'Object Repository/CERTPAY_QUICKSTI/Payment_Information_Page/CONV_FEE' is: '$0.20'

2020-10-15 13:55:46 - [MESSAGE][PASSED] - Text of object 'Object Repository/CERTPAY_QUICKSTI/Payment_Information_Page/CONV_FEE' is: '$0.20'

2020-10-15 13:55:46 - [TEST_STEP][PASSED] - scrollToElement(findTestObject("CERTPAY_QUICKSTI/Payment_Details_Verification_Page/PROCESS"), 0): Scroll to object 'Object Repository/CERTPAY_QUICKSTI/Payment_Details_Verification_Page/PROCESS' successfully

2020-10-15 13:55:46 - [MESSAGE][WARNING] - Timeout '0' is invalid. Using default page load timeout: '30'

2020-10-15 13:55:46 - [MESSAGE][PASSED] - Scroll to object 'Object Repository/CERTPAY_QUICKSTI/Payment_Details_Verification_Page/PROCESS' successfully

2020-10-15 13:55:46 - [TEST_STEP][PASSED] - utilities.SafeActions.safeClick(findTestObject("CERTPAY_QUICKSTI/Payment_Details_Verification_Page/PROCESS"), "Process", [pageLoadTime]): Quicksti.ts:Clicked on the Process

2020-10-15 13:55:46 - [MESSAGE][INFO] - safeClicking

2020-10-15 13:55:47 - [MESSAGE][PASSED] - Object 'Object Repository/CERTPAY_QUICKSTI/Payment_Details_Verification_Page/PROCESS' is present

2020-10-15 13:55:47 - [MESSAGE][PASSED] - Object 'Object Repository/CERTPAY_QUICKSTI/Payment_Details_Verification_Page/PROCESS' is clickable

2020-10-15 13:55:53 - [MESSAGE][PASSED] - Object: 'Object Repository/CERTPAY_QUICKSTI/Payment_Details_Verification_Page/PROCESS' is clicked on

2020-10-15 13:55:53 - [MESSAGE][PASSED] - Quicksti.ts:Clicked on the Process

2020-10-15 13:55:53 - [TEST_STEP][PASSED] - paymentId = pages.Quicksti.verifyPaymentApproval(findTestObject("CERTPAY_QUICKSTI/Payment_Details_Verification_Page/APPROVED")): Payment is approved

2020-10-15 13:55:53 - [MESSAGE][PASSED] - Text of object 'Object Repository/CERTPAY_QUICKSTI/Payment_Details_Verification_Page/PAYMENT_ID' is: '100176129030'

2020-10-15 13:55:53 - [MESSAGE][PASSED] - Object 'Object Repository/CERTPAY_QUICKSTI/Payment_Details_Verification_Page/APPROVED' is present

2020-10-15 13:55:53 - [MESSAGE][PASSED] - Payment is approved

2020-10-15 13:55:55 - [TEST_STEP][PASSED] - navigateToUrl(Admin_url): Navigate to 'https://qa-certpayadmin.faps.net' successfully

2020-10-15 13:56:07 - [MESSAGE][PASSED] - Navigate to 'https://qa-certpayadmin.faps.net' successfully

2020-10-15 13:56:07 - [TEST_STEP][PASSED] - pages.Bureau_Login_Page.loginToAdminSite(AdminUsername, AdminPassword): Quicksti.ts:Clicked on the LOGIN

2020-10-15 13:56:08 - [MESSAGE][PASSED] - Object 'Object Repository/CERTPAY_ADMIN/USER_NAME' is present

2020-10-15 13:56:08 - [MESSAGE][PASSED] - Object 'Object Repository/CERTPAY_ADMIN/USER_NAME' is visible

2020-10-15 13:56:08 - [MESSAGE][PASSED] - Object 'Object Repository/CERTPAY_ADMIN/USER_NAME' is present

2020-10-15 13:56:09 - [MESSAGE][PASSED] - Text 'VVangiliappan' is set on object 'Object Repository/CERTPAY_ADMIN/USER_NAME'

2020-10-15 13:56:09 - [MESSAGE][PASSED] - Quicksti.ts:Entered'VVangiliappan into username

2020-10-15 13:56:10 - [MESSAGE][PASSED] - Object 'Object Repository/CERTPAY_ADMIN/PASSWORD' is present

2020-10-15 13:56:10 - [MESSAGE][PASSED] - Object 'Object Repository/CERTPAY_ADMIN/PASSWORD' is visible

2020-10-15 13:56:10 - [MESSAGE][PASSED] - Object 'Object Repository/CERTPAY_ADMIN/PASSWORD' is present

2020-10-15 13:56:12 - [MESSAGE][PASSED] - Text 'Test@123' is set on object 'Object Repository/CERTPAY_ADMIN/PASSWORD'

2020-10-15 13:56:12 - [MESSAGE][PASSED] - Quicksti.ts:Entered'Test@123 into password

2020-10-15 13:56:12 - [MESSAGE][INFO] - safeClicking

2020-10-15 13:56:12 - [MESSAGE][PASSED] - Object 'Object Repository/CERTPAY_ADMIN/LOGIN_BUTTON' is present

2020-10-15 13:56:12 - [MESSAGE][PASSED] - Object 'Object Repository/CERTPAY_ADMIN/LOGIN_BUTTON' is clickable

2020-10-15 13:56:26 - [MESSAGE][PASSED] - Object: 'Object Repository/CERTPAY_ADMIN/LOGIN_BUTTON' is clicked on

2020-10-15 13:56:26 - [MESSAGE][PASSED] - Quicksti.ts:Clicked on the LOGIN

2020-10-15 13:56:26 - [TEST_STEP][PASSED] - utilities.SafeActions.safeClick(findTestObject("CERTPAY_ADMIN/TRANSACTION_MENU"), "TransactionMenu", [pageLoadTime]): Quicksti.ts:Clicked on the TransactionMenu

2020-10-15 13:56:26 - [MESSAGE][INFO] - safeClicking

2020-10-15 13:56:26 - [MESSAGE][PASSED] - Object 'Object Repository/CERTPAY_ADMIN/TRANSACTION_MENU' is present

2020-10-15 13:56:26 - [MESSAGE][PASSED] - Object 'Object Repository/CERTPAY_ADMIN/TRANSACTION_MENU' is clickable

2020-10-15 13:56:27 - [MESSAGE][PASSED] - Object: 'Object Repository/CERTPAY_ADMIN/TRANSACTION_MENU' is clicked on

2020-10-15 13:56:27 - [MESSAGE][PASSED] - Quicksti.ts:Clicked on the TransactionMenu

2020-10-15 13:56:27 - [TEST_STEP][PASSED] - utilities.SafeActions.safeClick(findTestObject("CERTPAY_ADMIN/TRANSACTION_SEARCH"), "TransactionSearch", [pageLoadTime]): Quicksti.ts:Clicked on the TransactionSearch

2020-10-15 13:56:28 - [MESSAGE][INFO] - safeClicking

2020-10-15 13:56:28 - [MESSAGE][PASSED] - Object 'Object Repository/CERTPAY_ADMIN/TRANSACTION_SEARCH' is present

2020-10-15 13:56:28 - [MESSAGE][PASSED] - Object 'Object Repository/CERTPAY_ADMIN/TRANSACTION_SEARCH' is clickable

2020-10-15 13:56:38 - [MESSAGE][PASSED] - Object: 'Object Repository/CERTPAY_ADMIN/TRANSACTION_SEARCH' is clicked on

2020-10-15 13:56:38 - [MESSAGE][PASSED] - Quicksti.ts:Clicked on the TransactionSearch

2020-10-15 13:56:38 - [TEST_STEP][PASSED] - utilities.SafeActions.safeType(findTestObject("CERTPAY_ADMIN/PAYMENT_ID"), paymentId, "Payment id", [pageLoadTime]): Quicksti.ts:Entered'100176129030 into Payment id

2020-10-15 13:56:39 - [MESSAGE][PASSED] - Object 'Object Repository/CERTPAY_ADMIN/PAYMENT_ID' is present

2020-10-15 13:56:39 - [MESSAGE][PASSED] - Object 'Object Repository/CERTPAY_ADMIN/PAYMENT_ID' is visible

2020-10-15 13:56:39 - [MESSAGE][PASSED] - Object 'Object Repository/CERTPAY_ADMIN/PAYMENT_ID' is present

2020-10-15 13:56:40 - [MESSAGE][PASSED] - Text '100176129030' is set on object 'Object Repository/CERTPAY_ADMIN/PAYMENT_ID'

2020-10-15 13:56:40 - [MESSAGE][PASSED] - Quicksti.ts:Entered'100176129030 into Payment id

2020-10-15 13:56:40 - [TEST_STEP][PASSED] - utilities.SafeActions.safeClick(findTestObject("CERTPAY_ADMIN/GO_BUTTON"), "Go button", [pageLoadTime]): Quicksti.ts:Clicked on the Go button

2020-10-15 13:56:41 - [MESSAGE][INFO] - safeClicking

2020-10-15 13:56:41 - [MESSAGE][PASSED] - Object 'Object Repository/CERTPAY_ADMIN/GO_BUTTON' is present

2020-10-15 13:56:41 - [MESSAGE][PASSED] - Object 'Object Repository/CERTPAY_ADMIN/GO_BUTTON' is clickable

2020-10-15 13:56:45 - [MESSAGE][PASSED] - Object: 'Object Repository/CERTPAY_ADMIN/GO_BUTTON' is clicked on

2020-10-15 13:56:45 - [MESSAGE][PASSED] - Quicksti.ts:Clicked on the Go button

2020-10-15 13:56:45 - [TEST_STEP][PASSED] - delay(5): Delayed 5 second(s)

2020-10-15 13:56:50 - [MESSAGE][PASSED] - Delayed 5 second(s)

2020-10-15 13:56:50 - [TEST_STEP][PASSED] - scrollToPosition(800, 900): Browser is scrolled to position x = 800, y = 900

2020-10-15 13:56:50 - [MESSAGE][PASSED] - Browser is scrolled to position x = 800, y = 900

2020-10-15 13:56:50 - [TEST_STEP][PASSED] - pages.Search_Page.validatePaymentAmount(paymentAmount, ConvFee): Verified payment details successfully 

2020-10-15 13:56:50 - [MESSAGE][PASSED] - Text of object 'Object Repository/CERTPAY_ADMIN/PAYMENT_AMOUNT' is: '$20.00'

2020-10-15 13:56:50 - [MESSAGE][PASSED] - Actual text '20.00' and expected text '20.00' are matched  using regular expression

2020-10-15 13:56:51 - [MESSAGE][PASSED] - Text of object 'Object Repository/CERTPAY_ADMIN/CONV_FEE' is: '$0.20'

2020-10-15 13:56:51 - [MESSAGE][PASSED] - Actual text '0.20' and expected text '0.20' are matched  using regular expression

2020-10-15 13:56:51 - [MESSAGE][PASSED] - Verified payment details successfully 

2020-10-15 13:56:51 - [TEST_STEP][PASSED] - paymentIdList.add(paymentId): null

2020-10-15 13:56:51 - [TEST_STEP][PASSED] - println(paymentIdList): null

2020-10-15 13:56:51 - [TEST_STEP][PASSED] - firstName = data.getValue("FirstName", index): null

2020-10-15 13:56:51 - [TEST_STEP][PASSED] - lastName = data.getValue("LastName", index): null

2020-10-15 13:56:51 - [TEST_STEP][PASSED] - expMonth = data.getValue("ExpMonth", index): null

2020-10-15 13:56:51 - [TEST_STEP][PASSED] - expYear = data.getValue("ExpYear", index): null

2020-10-15 13:56:51 - [TEST_STEP][PASSED] - securityCode = data.getValue("SecurityCode", index): null

2020-10-15 13:56:51 - [TEST_STEP][PASSED] - paymentAmount = data.getValue("PaymentAmount", index): null

2020-10-15 13:56:51 - [TEST_STEP][PASSED] - paymentType = data.getValue("PaymentType", index): null

2020-10-15 13:56:51 - [TEST_STEP][PASSED] - quantity = data.getValue("Quantity", index): null

2020-10-15 13:56:51 - [TEST_STEP][PASSED] - comments = data.getValue("Comments", index): null

2020-10-15 13:56:51 - [TEST_STEP][PASSED] - referenceNum = data.getValue("ReferenceNum", index): null

2020-10-15 13:56:51 - [TEST_STEP][PASSED] - address = data.getValue("Address", index): null

2020-10-15 13:56:51 - [TEST_STEP][PASSED] - zipCode = data.getValue("Zipcode", index): null

2020-10-15 13:56:51 - [TEST_STEP][PASSED] - telephone = data.getValue("Telephone", index): null

2020-10-15 13:56:51 - [TEST_STEP][PASSED] - emailAddress = data.getValue("EmailAddress", index): null

2020-10-15 13:56:51 - [TEST_STEP][PASSED] - cardNum = data.getValue("CardNumber", index): null

2020-10-15 13:56:51 - [TEST_STEP][PASSED] - cardType = data.getValue("CardType", index): null

2020-10-15 13:56:51 - [TEST_STEP][PASSED] - utilities.SafeActions.openBrowser(Quicksti_Url, [pageLoadTime]): Browser launched successfully

2020-10-15 13:56:51 - [MESSAGE][INFO] - Opening Browser

2020-10-15 13:56:51 - [MESSAGE][WARNING] - A browser is already opened. Closing browser and opening a new one

2020-10-15 13:56:52 - [MESSAGE][INFO] - Starting 'Chrome' driver

2020-10-15 13:57:06 - [MESSAGE][PASSED] - Browser is opened with url: 'https://qa-certpayquicksti.faps.net/'

2020-10-15 13:57:08 - [MESSAGE][PASSED] - Current window maximized

2020-10-15 13:57:08 - [MESSAGE][PASSED] - Browser launched successfully

2020-10-15 13:57:08 - [TEST_STEP][PASSED] - utilities.SafeActions.safeType(findTestObject("CERTPAY_QUICKSTI/Login_ Page/BUREAU_CODE"), bureau_code, "Bureau code", [pageLoadTime]): Quicksti.ts:Entered'6100000 into Bureau code

2020-10-15 13:57:09 - [MESSAGE][PASSED] - Object 'Object Repository/CERTPAY_QUICKSTI/Login_ Page/BUREAU_CODE' is present

2020-10-15 13:57:09 - [MESSAGE][PASSED] - Object 'Object Repository/CERTPAY_QUICKSTI/Login_ Page/BUREAU_CODE' is visible

2020-10-15 13:57:09 - [MESSAGE][PASSED] - Object 'Object Repository/CERTPAY_QUICKSTI/Login_ Page/BUREAU_CODE' is present

2020-10-15 13:57:10 - [MESSAGE][PASSED] - Text '6100000' is set on object 'Object Repository/CERTPAY_QUICKSTI/Login_ Page/BUREAU_CODE'

2020-10-15 13:57:10 - [MESSAGE][PASSED] - Quicksti.ts:Entered'6100000 into Bureau code

2020-10-15 13:57:10 - [TEST_STEP][PASSED] - utilities.SafeActions.safeType(findTestObject("CERTPAY_QUICKSTI/Login_ Page/TELLER_ID"), teller_id, "Bureau code", [pageLoadTime]): Quicksti.ts:Entered'zenq into Bureau code

2020-10-15 13:57:11 - [MESSAGE][PASSED] - Object 'Object Repository/CERTPAY_QUICKSTI/Login_ Page/TELLER_ID' is present

2020-10-15 13:57:11 - [MESSAGE][PASSED] - Object 'Object Repository/CERTPAY_QUICKSTI/Login_ Page/TELLER_ID' is visible

2020-10-15 13:57:11 - [MESSAGE][PASSED] - Object 'Object Repository/CERTPAY_QUICKSTI/Login_ Page/TELLER_ID' is present

2020-10-15 13:57:12 - [MESSAGE][PASSED] - Text 'zenq' is set on object 'Object Repository/CERTPAY_QUICKSTI/Login_ Page/TELLER_ID'

2020-10-15 13:57:12 - [MESSAGE][PASSED] - Quicksti.ts:Entered'zenq into Bureau code

2020-10-15 13:57:12 - [TEST_STEP][PASSED] - utilities.SafeActions.safeClick(findTestObject("CERTPAY_QUICKSTI/Login_ Page/NEXT_BUTTON"), "Next button", [pageLoadTime]): Quicksti.ts:Clicked on the Next button

2020-10-15 13:57:12 - [MESSAGE][INFO] - safeClicking

2020-10-15 13:57:13 - [MESSAGE][PASSED] - Object 'Object Repository/CERTPAY_QUICKSTI/Login_ Page/NEXT_BUTTON' is present

2020-10-15 13:57:13 - [MESSAGE][PASSED] - Object 'Object Repository/CERTPAY_QUICKSTI/Login_ Page/NEXT_BUTTON' is clickable

2020-10-15 13:57:18 - [MESSAGE][PASSED] - Object: 'Object Repository/CERTPAY_QUICKSTI/Login_ Page/NEXT_BUTTON' is clicked on

2020-10-15 13:57:18 - [MESSAGE][PASSED] - Quicksti.ts:Clicked on the Next button

2020-10-15 13:57:18 - [TEST_STEP][PASSED] - utilities.SafeActions.safeClick(findTestObject("CERTPAY_QUICKSTI/Payment_Information_Page/MANUAL_ENTRY_BUTTON"), "ManualEntry", [pageLoadTime]): Quicksti.ts:Clicked on the ManualEntry

2020-10-15 13:57:18 - [MESSAGE][INFO] - safeClicking

2020-10-15 13:57:18 - [MESSAGE][PASSED] - Object 'Object Repository/CERTPAY_QUICKSTI/Payment_Information_Page/MANUAL_ENTRY_BUTTON' is present

2020-10-15 13:57:18 - [MESSAGE][PASSED] - Object 'Object Repository/CERTPAY_QUICKSTI/Payment_Information_Page/MANUAL_ENTRY_BUTTON' is clickable

2020-10-15 13:57:22 - [MESSAGE][PASSED] - Object: 'Object Repository/CERTPAY_QUICKSTI/Payment_Information_Page/MANUAL_ENTRY_BUTTON' is clicked on

2020-10-15 13:57:22 - [MESSAGE][PASSED] - Quicksti.ts:Clicked on the ManualEntry

2020-10-15 13:57:22 - [TEST_STEP][PASSED] - CardNumber = pages.Quicksti.setUserPaymentDetails(firstName, lastName, cardNum): Quicksti.ts:Entered'5154623208647646 into CardNum

2020-10-15 13:57:23 - [MESSAGE][PASSED] - Object 'Object Repository/CERTPAY_QUICKSTI/Payment_Information_Page/FIRST_NAME' is present

2020-10-15 13:57:23 - [MESSAGE][PASSED] - Object 'Object Repository/CERTPAY_QUICKSTI/Payment_Information_Page/FIRST_NAME' is visible

2020-10-15 13:57:23 - [MESSAGE][PASSED] - Object 'Object Repository/CERTPAY_QUICKSTI/Payment_Information_Page/FIRST_NAME' is present

2020-10-15 13:57:24 - [MESSAGE][PASSED] - Text 'Tester' is set on object 'Object Repository/CERTPAY_QUICKSTI/Payment_Information_Page/FIRST_NAME'

2020-10-15 13:57:24 - [MESSAGE][PASSED] - Quicksti.ts:Entered'Tester into FirstName

2020-10-15 13:57:25 - [MESSAGE][PASSED] - Object 'Object Repository/CERTPAY_QUICKSTI/Payment_Information_Page/LAST_NAME' is present

2020-10-15 13:57:25 - [MESSAGE][PASSED] - Object 'Object Repository/CERTPAY_QUICKSTI/Payment_Information_Page/LAST_NAME' is visible

2020-10-15 13:57:25 - [MESSAGE][PASSED] - Object 'Object Repository/CERTPAY_QUICKSTI/Payment_Information_Page/LAST_NAME' is present

2020-10-15 13:57:27 - [MESSAGE][PASSED] - Text 'Zenq1' is set on object 'Object Repository/CERTPAY_QUICKSTI/Payment_Information_Page/LAST_NAME'

2020-10-15 13:57:27 - [MESSAGE][PASSED] - Quicksti.ts:Entered'Zenq1 into LAstName

2020-10-15 13:57:27 - [MESSAGE][PASSED] - Object 'Object Repository/CERTPAY_QUICKSTI/Payment_Information_Page/CARD_NUMBER' is present

2020-10-15 13:57:27 - [MESSAGE][PASSED] - Object 'Object Repository/CERTPAY_QUICKSTI/Payment_Information_Page/CARD_NUMBER' is visible

2020-10-15 13:57:28 - [MESSAGE][PASSED] - Object 'Object Repository/CERTPAY_QUICKSTI/Payment_Information_Page/CARD_NUMBER' is present

2020-10-15 13:57:29 - [MESSAGE][PASSED] - Text '5154623208647646' is set on object 'Object Repository/CERTPAY_QUICKSTI/Payment_Information_Page/CARD_NUMBER'

2020-10-15 13:57:29 - [MESSAGE][PASSED] - Quicksti.ts:Entered'5154623208647646 into CardNum

2020-10-15 13:57:29 - [TEST_STEP][PASSED] - utilities.SafeActions.safeSelectOptionInDropdownByVisibleText(findTestObject("CERTPAY_QUICKSTI/Payment_Information_Page/PAYMENT_TYPE"), paymentType, "paymentType", [pageLoadTime]): selected dropdown option by visible text  Giftsfrom paymentType

2020-10-15 13:57:29 - [MESSAGE][PASSED] - Object 'Object Repository/CERTPAY_QUICKSTI/Payment_Information_Page/PAYMENT_TYPE' is visible

2020-10-15 13:57:30 - [MESSAGE][PASSED] - Object 'Object Repository/CERTPAY_QUICKSTI/Payment_Information_Page/PAYMENT_TYPE' is present

2020-10-15 13:57:31 - [MESSAGE][PASSED] - Object: 'Object Repository/CERTPAY_QUICKSTI/Payment_Information_Page/PAYMENT_TYPE' is clicked on

2020-10-15 13:57:32 - [MESSAGE][PASSED] - All options with label 'Gifts' are selected in object 'Object Repository/CERTPAY_QUICKSTI/Payment_Information_Page/PAYMENT_TYPE'  using regular expression

2020-10-15 13:57:32 - [MESSAGE][PASSED] - selected dropdown option by visible text  Giftsfrom paymentType

2020-10-15 13:57:32 - [TEST_STEP][PASSED] - pages.Quicksti.setExpDate(expMonth, expYear, securityCode): Quicksti.ts:Entered'207 into securityCode

2020-10-15 13:57:32 - [MESSAGE][PASSED] - Object 'Object Repository/CERTPAY_QUICKSTI/Payment_Information_Page/EXP_MONTH' is visible

2020-10-15 13:57:33 - [MESSAGE][PASSED] - Object 'Object Repository/CERTPAY_QUICKSTI/Payment_Information_Page/EXP_MONTH' is present

2020-10-15 13:57:34 - [MESSAGE][PASSED] - Object: 'Object Repository/CERTPAY_QUICKSTI/Payment_Information_Page/EXP_MONTH' is clicked on

2020-10-15 13:57:35 - [MESSAGE][PASSED] - All options with label '04' are selected in object 'Object Repository/CERTPAY_QUICKSTI/Payment_Information_Page/EXP_MONTH'  using regular expression

2020-10-15 13:57:35 - [MESSAGE][PASSED] - selected dropdown option by visible text  04from expMonth

2020-10-15 13:57:35 - [MESSAGE][PASSED] - Object 'Object Repository/CERTPAY_QUICKSTI/Payment_Information_Page/EXP_YEAR' is visible

2020-10-15 13:57:36 - [MESSAGE][PASSED] - Object 'Object Repository/CERTPAY_QUICKSTI/Payment_Information_Page/EXP_YEAR' is present

2020-10-15 13:57:37 - [MESSAGE][PASSED] - Object: 'Object Repository/CERTPAY_QUICKSTI/Payment_Information_Page/EXP_YEAR' is clicked on

2020-10-15 13:57:38 - [MESSAGE][PASSED] - All options with label '2023' are selected in object 'Object Repository/CERTPAY_QUICKSTI/Payment_Information_Page/EXP_YEAR'  using regular expression

2020-10-15 13:57:38 - [MESSAGE][PASSED] - selected dropdown option by visible text  2023from  expYear

2020-10-15 13:57:39 - [MESSAGE][PASSED] - Object 'Object Repository/CERTPAY_QUICKSTI/Payment_Information_Page/SECURITY_CODE' is present

2020-10-15 13:57:39 - [MESSAGE][PASSED] - Object 'Object Repository/CERTPAY_QUICKSTI/Payment_Information_Page/SECURITY_CODE' is visible

2020-10-15 13:57:39 - [MESSAGE][PASSED] - Object 'Object Repository/CERTPAY_QUICKSTI/Payment_Information_Page/SECURITY_CODE' is present

2020-10-15 13:57:41 - [MESSAGE][PASSED] - Text '207' is set on object 'Object Repository/CERTPAY_QUICKSTI/Payment_Information_Page/SECURITY_CODE'

2020-10-15 13:57:41 - [MESSAGE][PASSED] - Quicksti.ts:Entered'207 into securityCode

2020-10-15 13:57:41 - [TEST_STEP][PASSED] - pages.Quicksti.setPaymentAmountDetailsForSinglePayment(paymentAmount, quantity): Quicksti.ts:Entered'2 into Quantity

2020-10-15 13:57:41 - [MESSAGE][PASSED] - Object 'Object Repository/CERTPAY_QUICKSTI/Payment_Information_Page/PAYMENT_AMOUNT' is present

2020-10-15 13:57:41 - [MESSAGE][PASSED] - Object 'Object Repository/CERTPAY_QUICKSTI/Payment_Information_Page/PAYMENT_AMOUNT' is visible

2020-10-15 13:57:42 - [MESSAGE][PASSED] - Object 'Object Repository/CERTPAY_QUICKSTI/Payment_Information_Page/PAYMENT_AMOUNT' is present

2020-10-15 13:57:43 - [MESSAGE][PASSED] - Text '25.00' is set on object 'Object Repository/CERTPAY_QUICKSTI/Payment_Information_Page/PAYMENT_AMOUNT'

2020-10-15 13:57:43 - [MESSAGE][PASSED] - Quicksti.ts:Entered'25.00 into amount

2020-10-15 13:57:43 - [MESSAGE][PASSED] - Object 'Object Repository/CERTPAY_QUICKSTI/Payment_Information_Page/QUANTITY' is present

2020-10-15 13:57:44 - [MESSAGE][PASSED] - Object 'Object Repository/CERTPAY_QUICKSTI/Payment_Information_Page/QUANTITY' is visible

2020-10-15 13:57:44 - [MESSAGE][PASSED] - Object 'Object Repository/CERTPAY_QUICKSTI/Payment_Information_Page/QUANTITY' is present

2020-10-15 13:57:45 - [MESSAGE][PASSED] - Text '2' is set on object 'Object Repository/CERTPAY_QUICKSTI/Payment_Information_Page/QUANTITY'

2020-10-15 13:57:45 - [MESSAGE][PASSED] - Quicksti.ts:Entered'2 into Quantity

2020-10-15 13:57:45 - [TEST_STEP][PASSED] - utilities.SafeActions.safeType(findTestObject("CERTPAY_QUICKSTI/Payment_Information_Page/REFRENCE_NUMBER"), referenceNum, "Reference Number", [pageLoadTime]): Quicksti.ts:Entered'12 into Reference Number

2020-10-15 13:57:46 - [MESSAGE][PASSED] - Object 'Object Repository/CERTPAY_QUICKSTI/Payment_Information_Page/REFRENCE_NUMBER' is present

2020-10-15 13:57:46 - [MESSAGE][PASSED] - Object 'Object Repository/CERTPAY_QUICKSTI/Payment_Information_Page/REFRENCE_NUMBER' is visible

2020-10-15 13:57:46 - [MESSAGE][PASSED] - Object 'Object Repository/CERTPAY_QUICKSTI/Payment_Information_Page/REFRENCE_NUMBER' is present

2020-10-15 13:57:48 - [MESSAGE][PASSED] - Text '12' is set on object 'Object Repository/CERTPAY_QUICKSTI/Payment_Information_Page/REFRENCE_NUMBER'

2020-10-15 13:57:48 - [MESSAGE][PASSED] - Quicksti.ts:Entered'12 into Reference Number

2020-10-15 13:57:48 - [TEST_STEP][PASSED] - amount_Value = pages.Quicksti.getAttributeValue(findTestObject("CERTPAY_QUICKSTI/Payment_Information_Page/SUB_TOTAL")): pages.Quicksti.getAttributeValue is PASSED

2020-10-15 13:57:48 - [MESSAGE][PASSED] - Attribute 'value' of object 'Object Repository/CERTPAY_QUICKSTI/Payment_Information_Page/SUB_TOTAL' is: '50.00'

2020-10-15 13:57:48 - [MESSAGE][PASSED] - pages.Quicksti.getAttributeValue is PASSED

2020-10-15 13:57:48 - [TEST_STEP][PASSED] - utilities.SafeActions.safeType(findTestObject("CERTPAY_QUICKSTI/Payment_Information_Page/COMMENTS"), "Testing", "Comments", [pageLoadTime]): Quicksti.ts:Entered'Testing into Comments

2020-10-15 13:57:48 - [MESSAGE][PASSED] - Object 'Object Repository/CERTPAY_QUICKSTI/Payment_Information_Page/COMMENTS' is present

2020-10-15 13:57:49 - [MESSAGE][PASSED] - Object 'Object Repository/CERTPAY_QUICKSTI/Payment_Information_Page/COMMENTS' is visible

2020-10-15 13:57:49 - [MESSAGE][PASSED] - Object 'Object Repository/CERTPAY_QUICKSTI/Payment_Information_Page/COMMENTS' is present

2020-10-15 13:57:50 - [MESSAGE][PASSED] - Text 'Testing' is set on object 'Object Repository/CERTPAY_QUICKSTI/Payment_Information_Page/COMMENTS'

2020-10-15 13:57:50 - [MESSAGE][PASSED] - Quicksti.ts:Entered'Testing into Comments

2020-10-15 13:57:50 - [TEST_STEP][PASSED] - utilities.SafeActions.safeType(findTestObject("CERTPAY_QUICKSTI/Payment_Information_Page/ADDRESS"), address, "Address", [pageLoadTime]): Quicksti.ts:Entered'14-2 into Address

2020-10-15 13:57:51 - [MESSAGE][PASSED] - Object 'Object Repository/CERTPAY_QUICKSTI/Payment_Information_Page/ADDRESS' is present

2020-10-15 13:57:51 - [MESSAGE][PASSED] - Object 'Object Repository/CERTPAY_QUICKSTI/Payment_Information_Page/ADDRESS' is visible

2020-10-15 13:57:51 - [MESSAGE][PASSED] - Object 'Object Repository/CERTPAY_QUICKSTI/Payment_Information_Page/ADDRESS' is present

2020-10-15 13:57:53 - [MESSAGE][PASSED] - Text '14-2' is set on object 'Object Repository/CERTPAY_QUICKSTI/Payment_Information_Page/ADDRESS'

2020-10-15 13:57:53 - [MESSAGE][PASSED] - Quicksti.ts:Entered'14-2 into Address

2020-10-15 13:57:53 - [TEST_STEP][PASSED] - utilities.SafeActions.safeType(findTestObject("CERTPAY_QUICKSTI/Payment_Information_Page/ZIP_CODE"), zipCode, "zipcode", [pageLoadTime]): Quicksti.ts:Entered'76102 into zipcode

2020-10-15 13:57:53 - [MESSAGE][PASSED] - Object 'Object Repository/CERTPAY_QUICKSTI/Payment_Information_Page/ZIP_CODE' is present

2020-10-15 13:57:53 - [MESSAGE][PASSED] - Object 'Object Repository/CERTPAY_QUICKSTI/Payment_Information_Page/ZIP_CODE' is visible

2020-10-15 13:57:53 - [MESSAGE][PASSED] - Object 'Object Repository/CERTPAY_QUICKSTI/Payment_Information_Page/ZIP_CODE' is present

2020-10-15 13:57:55 - [MESSAGE][PASSED] - Text '76102' is set on object 'Object Repository/CERTPAY_QUICKSTI/Payment_Information_Page/ZIP_CODE'

2020-10-15 13:57:55 - [MESSAGE][PASSED] - Quicksti.ts:Entered'76102 into zipcode

2020-10-15 13:57:55 - [TEST_STEP][PASSED] - utilities.SafeActions.safeType(findTestObject("CERTPAY_QUICKSTI/Payment_Information_Page/TELEPHONE"), telephone, "Telephone", [pageLoadTime]): Quicksti.ts:Entered'9989897654 into Telephone

2020-10-15 13:57:55 - [MESSAGE][PASSED] - Object 'Object Repository/CERTPAY_QUICKSTI/Payment_Information_Page/TELEPHONE' is present

2020-10-15 13:57:55 - [MESSAGE][PASSED] - Object 'Object Repository/CERTPAY_QUICKSTI/Payment_Information_Page/TELEPHONE' is visible

2020-10-15 13:57:56 - [MESSAGE][PASSED] - Object 'Object Repository/CERTPAY_QUICKSTI/Payment_Information_Page/TELEPHONE' is present

2020-10-15 13:57:57 - [MESSAGE][PASSED] - Text '9989897654' is set on object 'Object Repository/CERTPAY_QUICKSTI/Payment_Information_Page/TELEPHONE'

2020-10-15 13:57:57 - [MESSAGE][PASSED] - Quicksti.ts:Entered'9989897654 into Telephone

2020-10-15 13:57:57 - [TEST_STEP][PASSED] - utilities.SafeActions.safeType(findTestObject("CERTPAY_QUICKSTI/Payment_Information_Page/EMAIL_ADDRESS"), emailAddress, "EMAIL address", [pageLoadTime]): Quicksti.ts:Entered'testing@zenq.com into EMAIL address

2020-10-15 13:57:57 - [MESSAGE][PASSED] - Object 'Object Repository/CERTPAY_QUICKSTI/Payment_Information_Page/EMAIL_ADDRESS' is present

2020-10-15 13:57:57 - [MESSAGE][PASSED] - Object 'Object Repository/CERTPAY_QUICKSTI/Payment_Information_Page/EMAIL_ADDRESS' is visible

2020-10-15 13:57:58 - [MESSAGE][PASSED] - Object 'Object Repository/CERTPAY_QUICKSTI/Payment_Information_Page/EMAIL_ADDRESS' is present

2020-10-15 13:57:59 - [MESSAGE][PASSED] - Text 'testing@zenq.com' is set on object 'Object Repository/CERTPAY_QUICKSTI/Payment_Information_Page/EMAIL_ADDRESS'

2020-10-15 13:57:59 - [MESSAGE][PASSED] - Quicksti.ts:Entered'testing@zenq.com into EMAIL address

2020-10-15 13:57:59 - [TEST_STEP][PASSED] - utilities.SafeActions.safeClick(findTestObject("CERTPAY_QUICKSTI/Payment_Information_Page/NEXT_BUTTON"), "Next", [pageLoadTime]): Quicksti.ts:Clicked on the Next

2020-10-15 13:57:59 - [MESSAGE][INFO] - safeClicking

2020-10-15 13:57:59 - [MESSAGE][PASSED] - Object 'Object Repository/CERTPAY_QUICKSTI/Payment_Information_Page/NEXT_BUTTON' is present

2020-10-15 13:57:59 - [MESSAGE][PASSED] - Object 'Object Repository/CERTPAY_QUICKSTI/Payment_Information_Page/NEXT_BUTTON' is clickable

2020-10-15 13:58:04 - [MESSAGE][PASSED] - Object: 'Object Repository/CERTPAY_QUICKSTI/Payment_Information_Page/NEXT_BUTTON' is clicked on

2020-10-15 13:58:04 - [MESSAGE][PASSED] - Quicksti.ts:Clicked on the Next

2020-10-15 13:58:04 - [TEST_STEP][PASSED] - pages.Quicksti.verifyUserPaymentDetails(paymentAmount, firstName, lastName, CardNumber): pages.Quicksti.verifyUserPaymentDetails is PASSED

2020-10-15 13:58:04 - [MESSAGE][PASSED] - Text of object 'Object Repository/CERTPAY_QUICKSTI/Payment_Details_Verification_Page/AMOUNT' is: '$25.00'

2020-10-15 13:58:04 - [MESSAGE][PASSED] - Actual text '25.00' and expected text '25.00' are matched  using regular expression

2020-10-15 13:58:04 - [MESSAGE][PASSED] - Text of object 'Object Repository/CERTPAY_QUICKSTI/Payment_Details_Verification_Page/NAME' is: 'Tester Zenq1'

2020-10-15 13:58:04 - [MESSAGE][PASSED] - Actual text 'Tester Zenq1' and expected text 'Tester Zenq1' are matched  using regular expression

2020-10-15 13:58:05 - [MESSAGE][PASSED] - Text of object 'Object Repository/CERTPAY_QUICKSTI/Payment_Details_Verification_Page/CARD_NUMBER' is: '...7646'

2020-10-15 13:58:05 - [MESSAGE][PASSED] - Actual text '7646' and expected text '7646' are matched  using regular expression

2020-10-15 13:58:05 - [MESSAGE][PASSED] - pages.Quicksti.verifyUserPaymentDetails is PASSED

2020-10-15 13:58:05 - [TEST_STEP][PASSED] - delay(2): Delayed 2 second(s)

2020-10-15 13:58:07 - [MESSAGE][PASSED] - Delayed 2 second(s)

2020-10-15 13:58:07 - [TEST_STEP][PASSED] - ConvFee = getText(findTestObject("CERTPAY_QUICKSTI/Payment_Information_Page/CONV_FEE")): Text of object 'Object Repository/CERTPAY_QUICKSTI/Payment_Information_Page/CONV_FEE' is: '$0.50'

2020-10-15 13:58:07 - [MESSAGE][PASSED] - Text of object 'Object Repository/CERTPAY_QUICKSTI/Payment_Information_Page/CONV_FEE' is: '$0.50'

2020-10-15 13:58:07 - [TEST_STEP][PASSED] - scrollToElement(findTestObject("CERTPAY_QUICKSTI/Payment_Details_Verification_Page/PROCESS"), 0): Scroll to object 'Object Repository/CERTPAY_QUICKSTI/Payment_Details_Verification_Page/PROCESS' successfully

2020-10-15 13:58:07 - [MESSAGE][WARNING] - Timeout '0' is invalid. Using default page load timeout: '30'

2020-10-15 13:58:08 - [MESSAGE][PASSED] - Scroll to object 'Object Repository/CERTPAY_QUICKSTI/Payment_Details_Verification_Page/PROCESS' successfully

2020-10-15 13:58:08 - [TEST_STEP][PASSED] - utilities.SafeActions.safeClick(findTestObject("CERTPAY_QUICKSTI/Payment_Details_Verification_Page/PROCESS"), "Process", [pageLoadTime]): Quicksti.ts:Clicked on the Process

2020-10-15 13:58:08 - [MESSAGE][INFO] - safeClicking

2020-10-15 13:58:08 - [MESSAGE][PASSED] - Object 'Object Repository/CERTPAY_QUICKSTI/Payment_Details_Verification_Page/PROCESS' is present

2020-10-15 13:58:08 - [MESSAGE][PASSED] - Object 'Object Repository/CERTPAY_QUICKSTI/Payment_Details_Verification_Page/PROCESS' is clickable

2020-10-15 13:58:14 - [MESSAGE][PASSED] - Object: 'Object Repository/CERTPAY_QUICKSTI/Payment_Details_Verification_Page/PROCESS' is clicked on

2020-10-15 13:58:14 - [MESSAGE][PASSED] - Quicksti.ts:Clicked on the Process

2020-10-15 13:58:14 - [TEST_STEP][PASSED] - paymentId = pages.Quicksti.verifyPaymentApproval(findTestObject("CERTPAY_QUICKSTI/Payment_Details_Verification_Page/APPROVED")): Payment is approved

2020-10-15 13:58:14 - [MESSAGE][PASSED] - Text of object 'Object Repository/CERTPAY_QUICKSTI/Payment_Details_Verification_Page/PAYMENT_ID' is: '100176129034'

2020-10-15 13:58:14 - [MESSAGE][PASSED] - Object 'Object Repository/CERTPAY_QUICKSTI/Payment_Details_Verification_Page/APPROVED' is present

2020-10-15 13:58:14 - [MESSAGE][PASSED] - Payment is approved

2020-10-15 13:58:16 - [TEST_STEP][PASSED] - navigateToUrl(Admin_url): Navigate to 'https://qa-certpayadmin.faps.net' successfully

2020-10-15 13:58:29 - [MESSAGE][PASSED] - Navigate to 'https://qa-certpayadmin.faps.net' successfully

2020-10-15 13:58:29 - [TEST_STEP][PASSED] - pages.Bureau_Login_Page.loginToAdminSite(AdminUsername, AdminPassword): Quicksti.ts:Clicked on the LOGIN

2020-10-15 13:58:30 - [MESSAGE][PASSED] - Object 'Object Repository/CERTPAY_ADMIN/USER_NAME' is present

2020-10-15 13:58:30 - [MESSAGE][PASSED] - Object 'Object Repository/CERTPAY_ADMIN/USER_NAME' is visible

2020-10-15 13:58:30 - [MESSAGE][PASSED] - Object 'Object Repository/CERTPAY_ADMIN/USER_NAME' is present

2020-10-15 13:58:31 - [MESSAGE][PASSED] - Text 'VVangiliappan' is set on object 'Object Repository/CERTPAY_ADMIN/USER_NAME'

2020-10-15 13:58:31 - [MESSAGE][PASSED] - Quicksti.ts:Entered'VVangiliappan into username

2020-10-15 13:58:32 - [MESSAGE][PASSED] - Object 'Object Repository/CERTPAY_ADMIN/PASSWORD' is present

2020-10-15 13:58:32 - [MESSAGE][PASSED] - Object 'Object Repository/CERTPAY_ADMIN/PASSWORD' is visible

2020-10-15 13:58:32 - [MESSAGE][PASSED] - Object 'Object Repository/CERTPAY_ADMIN/PASSWORD' is present

2020-10-15 13:58:34 - [MESSAGE][PASSED] - Text 'Test@123' is set on object 'Object Repository/CERTPAY_ADMIN/PASSWORD'

2020-10-15 13:58:34 - [MESSAGE][PASSED] - Quicksti.ts:Entered'Test@123 into password

2020-10-15 13:58:34 - [MESSAGE][INFO] - safeClicking

2020-10-15 13:58:34 - [MESSAGE][PASSED] - Object 'Object Repository/CERTPAY_ADMIN/LOGIN_BUTTON' is present

2020-10-15 13:58:34 - [MESSAGE][PASSED] - Object 'Object Repository/CERTPAY_ADMIN/LOGIN_BUTTON' is clickable

2020-10-15 13:58:54 - [MESSAGE][PASSED] - Object: 'Object Repository/CERTPAY_ADMIN/LOGIN_BUTTON' is clicked on

2020-10-15 13:58:54 - [MESSAGE][PASSED] - Quicksti.ts:Clicked on the LOGIN

2020-10-15 13:58:54 - [TEST_STEP][PASSED] - utilities.SafeActions.safeClick(findTestObject("CERTPAY_ADMIN/TRANSACTION_MENU"), "TransactionMenu", [pageLoadTime]): Quicksti.ts:Clicked on the TransactionMenu

2020-10-15 13:58:54 - [MESSAGE][INFO] - safeClicking

2020-10-15 13:58:54 - [MESSAGE][PASSED] - Object 'Object Repository/CERTPAY_ADMIN/TRANSACTION_MENU' is present

2020-10-15 13:58:54 - [MESSAGE][PASSED] - Object 'Object Repository/CERTPAY_ADMIN/TRANSACTION_MENU' is clickable

2020-10-15 13:58:55 - [MESSAGE][PASSED] - Object: 'Object Repository/CERTPAY_ADMIN/TRANSACTION_MENU' is clicked on

2020-10-15 13:58:55 - [MESSAGE][PASSED] - Quicksti.ts:Clicked on the TransactionMenu

2020-10-15 13:58:55 - [TEST_STEP][PASSED] - utilities.SafeActions.safeClick(findTestObject("CERTPAY_ADMIN/TRANSACTION_SEARCH"), "TransactionSearch", [pageLoadTime]): Quicksti.ts:Clicked on the TransactionSearch

2020-10-15 13:58:56 - [MESSAGE][INFO] - safeClicking

2020-10-15 13:58:56 - [MESSAGE][PASSED] - Object 'Object Repository/CERTPAY_ADMIN/TRANSACTION_SEARCH' is present

2020-10-15 13:58:56 - [MESSAGE][PASSED] - Object 'Object Repository/CERTPAY_ADMIN/TRANSACTION_SEARCH' is clickable

2020-10-15 13:59:06 - [MESSAGE][PASSED] - Object: 'Object Repository/CERTPAY_ADMIN/TRANSACTION_SEARCH' is clicked on

2020-10-15 13:59:06 - [MESSAGE][PASSED] - Quicksti.ts:Clicked on the TransactionSearch

2020-10-15 13:59:06 - [TEST_STEP][PASSED] - utilities.SafeActions.safeType(findTestObject("CERTPAY_ADMIN/PAYMENT_ID"), paymentId, "Payment id", [pageLoadTime]): Quicksti.ts:Entered'100176129034 into Payment id

2020-10-15 13:59:07 - [MESSAGE][PASSED] - Object 'Object Repository/CERTPAY_ADMIN/PAYMENT_ID' is present

2020-10-15 13:59:07 - [MESSAGE][PASSED] - Object 'Object Repository/CERTPAY_ADMIN/PAYMENT_ID' is visible

2020-10-15 13:59:07 - [MESSAGE][PASSED] - Object 'Object Repository/CERTPAY_ADMIN/PAYMENT_ID' is present

2020-10-15 13:59:08 - [MESSAGE][PASSED] - Text '100176129034' is set on object 'Object Repository/CERTPAY_ADMIN/PAYMENT_ID'

2020-10-15 13:59:08 - [MESSAGE][PASSED] - Quicksti.ts:Entered'100176129034 into Payment id

2020-10-15 13:59:08 - [TEST_STEP][PASSED] - utilities.SafeActions.safeClick(findTestObject("CERTPAY_ADMIN/GO_BUTTON"), "Go button", [pageLoadTime]): Quicksti.ts:Clicked on the Go button

2020-10-15 13:59:09 - [MESSAGE][INFO] - safeClicking

2020-10-15 13:59:09 - [MESSAGE][PASSED] - Object 'Object Repository/CERTPAY_ADMIN/GO_BUTTON' is present

2020-10-15 13:59:09 - [MESSAGE][PASSED] - Object 'Object Repository/CERTPAY_ADMIN/GO_BUTTON' is clickable

2020-10-15 13:59:14 - [MESSAGE][PASSED] - Object: 'Object Repository/CERTPAY_ADMIN/GO_BUTTON' is clicked on

2020-10-15 13:59:14 - [MESSAGE][PASSED] - Quicksti.ts:Clicked on the Go button

2020-10-15 13:59:14 - [TEST_STEP][PASSED] - delay(5): Delayed 5 second(s)

2020-10-15 13:59:19 - [MESSAGE][PASSED] - Delayed 5 second(s)

2020-10-15 13:59:19 - [TEST_STEP][PASSED] - scrollToPosition(800, 900): Browser is scrolled to position x = 800, y = 900

2020-10-15 13:59:19 - [MESSAGE][PASSED] - Browser is scrolled to position x = 800, y = 900

2020-10-15 13:59:19 - [TEST_STEP][FAILED] - pages.Search_Page.validatePaymentAmount(paymentAmount, ConvFee): com.kms.katalon.core.exception.StepFailedException: Unable to verify match

2020-10-15 13:59:20 - [MESSAGE][PASSED] - Text of object 'Object Repository/CERTPAY_ADMIN/PAYMENT_AMOUNT' is: '$50.00'

2020-10-15 13:59:20 - [MESSAGE][FAILED] - Unable to verify match between actual text '50.00' and expected text '25.00' using regular expression (Root cause: com.kms.katalon.core.exception.StepFailedException: Actual text '50.00' and expected text '25.00' are not matched using regular expression
	at com.kms.katalon.core.keyword.builtin.VerifyMatchKeyword$_verifyMatch_closure1.doCall(VerifyMatchKeyword.groovy:57)
	at com.kms.katalon.core.keyword.builtin.VerifyMatchKeyword$_verifyMatch_closure1.call(VerifyMatchKeyword.groovy)
	at com.kms.katalon.core.keyword.internal.KeywordMain.runKeyword(KeywordMain.groovy:68)
	at com.kms.katalon.core.keyword.builtin.VerifyMatchKeyword.verifyMatch(VerifyMatchKeyword.groovy:60)
	at com.kms.katalon.core.keyword.builtin.VerifyMatchKeyword.execute(VerifyMatchKeyword.groovy:45)
	at com.kms.katalon.core.keyword.internal.KeywordExecutor.executeKeywordForPlatform(KeywordExecutor.groovy:72)
	at com.kms.katalon.core.keyword.BuiltinKeywords.verifyMatch(BuiltinKeywords.groovy:55)
	at pages.Search_Page.validatePaymentAmount(Search_Page.groovy:124)
	at pages.Search_Page.invokeMethod(Search_Page.groovy)
	at com.kms.katalon.core.main.CustomKeywordDelegatingMetaClass.invokeStaticMethod(CustomKeywordDelegatingMetaClass.java:50)
	at TC_001_SingleBureauSite_SingleLinePayment.run(TC_001_SingleBureauSite_SingleLinePayment:144)
	at com.kms.katalon.core.main.ScriptEngine.run(ScriptEngine.java:194)
	at com.kms.katalon.core.main.ScriptEngine.runScriptAsRawText(ScriptEngine.java:119)
	at com.kms.katalon.core.main.TestCaseExecutor.runScript(TestCaseExecutor.java:337)
	at com.kms.katalon.core.main.TestCaseExecutor.doExecute(TestCaseExecutor.java:328)
	at com.kms.katalon.core.main.TestCaseExecutor.processExecutionPhase(TestCaseExecutor.java:307)
	at com.kms.katalon.core.main.TestCaseExecutor.accessMainPhase(TestCaseExecutor.java:299)
	at com.kms.katalon.core.main.TestCaseExecutor.execute(TestCaseExecutor.java:233)
	at com.kms.katalon.core.main.TestSuiteExecutor.accessTestCaseMainPhase(TestSuiteExecutor.java:169)
	at com.kms.katalon.core.main.TestSuiteExecutor.accessTestSuiteMainPhase(TestSuiteExecutor.java:142)
	at com.kms.katalon.core.main.TestSuiteExecutor.execute(TestSuiteExecutor.java:91)
	at com.kms.katalon.core.main.TestCaseMain.startTestSuite(TestCaseMain.java:157)
	at com.kms.katalon.core.main.TestCaseMain$startTestSuite$0.call(Unknown Source)
	at TempTestSuite1602750259530.run(TempTestSuite1602750259530.groovy:36)
)

2020-10-15 13:59:20 - [MESSAGE][FAILED] - Unable to verify match

2020-10-15 13:59:20 - [MESSAGE][FAILED] - com.kms.katalon.core.exception.StepFailedException: Unable to verify match

2020-10-15 13:59:20 - [TEST_STEP][PASSED] - paymentIdList.add(paymentId): null

2020-10-15 13:59:20 - [TEST_STEP][PASSED] - println(paymentIdList): null

2020-10-15 13:59:20 - [TEST_STEP][PASSED] - firstName = data.getValue("FirstName", index): null

2020-10-15 13:59:20 - [TEST_STEP][PASSED] - lastName = data.getValue("LastName", index): null

2020-10-15 13:59:20 - [TEST_STEP][PASSED] - expMonth = data.getValue("ExpMonth", index): null

2020-10-15 13:59:20 - [TEST_STEP][PASSED] - expYear = data.getValue("ExpYear", index): null

2020-10-15 13:59:20 - [TEST_STEP][PASSED] - securityCode = data.getValue("SecurityCode", index): null

2020-10-15 13:59:20 - [TEST_STEP][PASSED] - paymentAmount = data.getValue("PaymentAmount", index): null

2020-10-15 13:59:20 - [TEST_STEP][PASSED] - paymentType = data.getValue("PaymentType", index): null

2020-10-15 13:59:20 - [TEST_STEP][PASSED] - quantity = data.getValue("Quantity", index): null

2020-10-15 13:59:20 - [TEST_STEP][PASSED] - comments = data.getValue("Comments", index): null

2020-10-15 13:59:20 - [TEST_STEP][PASSED] - referenceNum = data.getValue("ReferenceNum", index): null

2020-10-15 13:59:20 - [TEST_STEP][PASSED] - address = data.getValue("Address", index): null

2020-10-15 13:59:20 - [TEST_STEP][PASSED] - zipCode = data.getValue("Zipcode", index): null

2020-10-15 13:59:20 - [TEST_STEP][PASSED] - telephone = data.getValue("Telephone", index): null

2020-10-15 13:59:20 - [TEST_STEP][PASSED] - emailAddress = data.getValue("EmailAddress", index): null

2020-10-15 13:59:20 - [TEST_STEP][PASSED] - cardNum = data.getValue("CardNumber", index): null

2020-10-15 13:59:20 - [TEST_STEP][PASSED] - cardType = data.getValue("CardType", index): null

2020-10-15 13:59:20 - [TEST_STEP][PASSED] - utilities.SafeActions.openBrowser(Quicksti_Url, [pageLoadTime]): Browser launched successfully

2020-10-15 13:59:20 - [MESSAGE][INFO] - Opening Browser

2020-10-15 13:59:20 - [MESSAGE][WARNING] - A browser is already opened. Closing browser and opening a new one

2020-10-15 13:59:21 - [MESSAGE][INFO] - Starting 'Chrome' driver

2020-10-15 13:59:33 - [MESSAGE][PASSED] - Browser is opened with url: 'https://qa-certpayquicksti.faps.net/'

2020-10-15 13:59:35 - [MESSAGE][PASSED] - Current window maximized

2020-10-15 13:59:35 - [MESSAGE][PASSED] - Browser launched successfully

2020-10-15 13:59:35 - [TEST_STEP][PASSED] - utilities.SafeActions.safeType(findTestObject("CERTPAY_QUICKSTI/Login_ Page/BUREAU_CODE"), bureau_code, "Bureau code", [pageLoadTime]): Quicksti.ts:Entered'6100000 into Bureau code

2020-10-15 13:59:35 - [MESSAGE][PASSED] - Object 'Object Repository/CERTPAY_QUICKSTI/Login_ Page/BUREAU_CODE' is present

2020-10-15 13:59:35 - [MESSAGE][PASSED] - Object 'Object Repository/CERTPAY_QUICKSTI/Login_ Page/BUREAU_CODE' is visible

2020-10-15 13:59:36 - [MESSAGE][PASSED] - Object 'Object Repository/CERTPAY_QUICKSTI/Login_ Page/BUREAU_CODE' is present

2020-10-15 13:59:37 - [MESSAGE][PASSED] - Text '6100000' is set on object 'Object Repository/CERTPAY_QUICKSTI/Login_ Page/BUREAU_CODE'

2020-10-15 13:59:37 - [MESSAGE][PASSED] - Quicksti.ts:Entered'6100000 into Bureau code

2020-10-15 13:59:37 - [TEST_STEP][PASSED] - utilities.SafeActions.safeType(findTestObject("CERTPAY_QUICKSTI/Login_ Page/TELLER_ID"), teller_id, "Bureau code", [pageLoadTime]): Quicksti.ts:Entered'zenq into Bureau code

2020-10-15 13:59:37 - [MESSAGE][PASSED] - Object 'Object Repository/CERTPAY_QUICKSTI/Login_ Page/TELLER_ID' is present

2020-10-15 13:59:37 - [MESSAGE][PASSED] - Object 'Object Repository/CERTPAY_QUICKSTI/Login_ Page/TELLER_ID' is visible

2020-10-15 13:59:38 - [MESSAGE][PASSED] - Object 'Object Repository/CERTPAY_QUICKSTI/Login_ Page/TELLER_ID' is present

2020-10-15 13:59:39 - [MESSAGE][PASSED] - Text 'zenq' is set on object 'Object Repository/CERTPAY_QUICKSTI/Login_ Page/TELLER_ID'

2020-10-15 13:59:39 - [MESSAGE][PASSED] - Quicksti.ts:Entered'zenq into Bureau code

2020-10-15 13:59:39 - [TEST_STEP][PASSED] - utilities.SafeActions.safeClick(findTestObject("CERTPAY_QUICKSTI/Login_ Page/NEXT_BUTTON"), "Next button", [pageLoadTime]): Quicksti.ts:Clicked on the Next button

2020-10-15 13:59:39 - [MESSAGE][INFO] - safeClicking

2020-10-15 13:59:39 - [MESSAGE][PASSED] - Object 'Object Repository/CERTPAY_QUICKSTI/Login_ Page/NEXT_BUTTON' is present

2020-10-15 13:59:40 - [MESSAGE][PASSED] - Object 'Object Repository/CERTPAY_QUICKSTI/Login_ Page/NEXT_BUTTON' is clickable

2020-10-15 13:59:47 - [MESSAGE][PASSED] - Object: 'Object Repository/CERTPAY_QUICKSTI/Login_ Page/NEXT_BUTTON' is clicked on

2020-10-15 13:59:47 - [MESSAGE][PASSED] - Quicksti.ts:Clicked on the Next button

2020-10-15 13:59:47 - [TEST_STEP][PASSED] - utilities.SafeActions.safeClick(findTestObject("CERTPAY_QUICKSTI/Payment_Information_Page/MANUAL_ENTRY_BUTTON"), "ManualEntry", [pageLoadTime]): Quicksti.ts:Clicked on the ManualEntry

2020-10-15 13:59:48 - [MESSAGE][INFO] - safeClicking

2020-10-15 13:59:48 - [MESSAGE][PASSED] - Object 'Object Repository/CERTPAY_QUICKSTI/Payment_Information_Page/MANUAL_ENTRY_BUTTON' is present

2020-10-15 13:59:48 - [MESSAGE][PASSED] - Object 'Object Repository/CERTPAY_QUICKSTI/Payment_Information_Page/MANUAL_ENTRY_BUTTON' is clickable

2020-10-15 13:59:52 - [MESSAGE][PASSED] - Object: 'Object Repository/CERTPAY_QUICKSTI/Payment_Information_Page/MANUAL_ENTRY_BUTTON' is clicked on

2020-10-15 13:59:52 - [MESSAGE][PASSED] - Quicksti.ts:Clicked on the ManualEntry

2020-10-15 13:59:52 - [TEST_STEP][PASSED] - CardNumber = pages.Quicksti.setUserPaymentDetails(firstName, lastName, cardNum): Quicksti.ts:Entered'8171999900000018 into CardNum

2020-10-15 13:59:52 - [MESSAGE][PASSED] - Object 'Object Repository/CERTPAY_QUICKSTI/Payment_Information_Page/FIRST_NAME' is present

2020-10-15 13:59:53 - [MESSAGE][PASSED] - Object 'Object Repository/CERTPAY_QUICKSTI/Payment_Information_Page/FIRST_NAME' is visible

2020-10-15 13:59:53 - [MESSAGE][PASSED] - Object 'Object Repository/CERTPAY_QUICKSTI/Payment_Information_Page/FIRST_NAME' is present

2020-10-15 13:59:54 - [MESSAGE][PASSED] - Text 'Tester' is set on object 'Object Repository/CERTPAY_QUICKSTI/Payment_Information_Page/FIRST_NAME'

2020-10-15 13:59:54 - [MESSAGE][PASSED] - Quicksti.ts:Entered'Tester into FirstName

2020-10-15 13:59:55 - [MESSAGE][PASSED] - Object 'Object Repository/CERTPAY_QUICKSTI/Payment_Information_Page/LAST_NAME' is present

2020-10-15 13:59:55 - [MESSAGE][PASSED] - Object 'Object Repository/CERTPAY_QUICKSTI/Payment_Information_Page/LAST_NAME' is visible

2020-10-15 13:59:55 - [MESSAGE][PASSED] - Object 'Object Repository/CERTPAY_QUICKSTI/Payment_Information_Page/LAST_NAME' is present

2020-10-15 13:59:56 - [MESSAGE][PASSED] - Text 'Zenq1' is set on object 'Object Repository/CERTPAY_QUICKSTI/Payment_Information_Page/LAST_NAME'

2020-10-15 13:59:56 - [MESSAGE][PASSED] - Quicksti.ts:Entered'Zenq1 into LAstName

2020-10-15 13:59:57 - [MESSAGE][PASSED] - Object 'Object Repository/CERTPAY_QUICKSTI/Payment_Information_Page/CARD_NUMBER' is present

2020-10-15 13:59:57 - [MESSAGE][PASSED] - Object 'Object Repository/CERTPAY_QUICKSTI/Payment_Information_Page/CARD_NUMBER' is visible

2020-10-15 13:59:57 - [MESSAGE][PASSED] - Object 'Object Repository/CERTPAY_QUICKSTI/Payment_Information_Page/CARD_NUMBER' is present

2020-10-15 13:59:59 - [MESSAGE][PASSED] - Text '8171999900000018' is set on object 'Object Repository/CERTPAY_QUICKSTI/Payment_Information_Page/CARD_NUMBER'

2020-10-15 13:59:59 - [MESSAGE][PASSED] - Quicksti.ts:Entered'8171999900000018 into CardNum

2020-10-15 13:59:59 - [TEST_STEP][PASSED] - utilities.SafeActions.safeSelectOptionInDropdownByVisibleText(findTestObject("CERTPAY_QUICKSTI/Payment_Information_Page/PAYMENT_TYPE"), paymentType, "paymentType", [pageLoadTime]): selected dropdown option by visible text  Licensesfrom paymentType

2020-10-15 13:59:59 - [MESSAGE][PASSED] - Object 'Object Repository/CERTPAY_QUICKSTI/Payment_Information_Page/PAYMENT_TYPE' is visible

2020-10-15 13:59:59 - [MESSAGE][PASSED] - Object 'Object Repository/CERTPAY_QUICKSTI/Payment_Information_Page/PAYMENT_TYPE' is present

2020-10-15 14:00:01 - [MESSAGE][PASSED] - Object: 'Object Repository/CERTPAY_QUICKSTI/Payment_Information_Page/PAYMENT_TYPE' is clicked on

2020-10-15 14:00:02 - [MESSAGE][PASSED] - All options with label 'Licenses' are selected in object 'Object Repository/CERTPAY_QUICKSTI/Payment_Information_Page/PAYMENT_TYPE'  using regular expression

2020-10-15 14:00:02 - [MESSAGE][PASSED] - selected dropdown option by visible text  Licensesfrom paymentType

2020-10-15 14:00:02 - [TEST_STEP][PASSED] - pages.Quicksti.setExpDate(expMonth, expYear, securityCode): Quicksti.ts:Entered'111 into securityCode

2020-10-15 14:00:02 - [MESSAGE][PASSED] - Object 'Object Repository/CERTPAY_QUICKSTI/Payment_Information_Page/EXP_MONTH' is visible

2020-10-15 14:00:02 - [MESSAGE][PASSED] - Object 'Object Repository/CERTPAY_QUICKSTI/Payment_Information_Page/EXP_MONTH' is present

2020-10-15 14:00:03 - [MESSAGE][PASSED] - Object: 'Object Repository/CERTPAY_QUICKSTI/Payment_Information_Page/EXP_MONTH' is clicked on

2020-10-15 14:00:05 - [MESSAGE][PASSED] - All options with label '04' are selected in object 'Object Repository/CERTPAY_QUICKSTI/Payment_Information_Page/EXP_MONTH'  using regular expression

2020-10-15 14:00:05 - [MESSAGE][PASSED] - selected dropdown option by visible text  04from expMonth

2020-10-15 14:00:05 - [MESSAGE][PASSED] - Object 'Object Repository/CERTPAY_QUICKSTI/Payment_Information_Page/EXP_YEAR' is visible

2020-10-15 14:00:05 - [MESSAGE][PASSED] - Object 'Object Repository/CERTPAY_QUICKSTI/Payment_Information_Page/EXP_YEAR' is present

2020-10-15 14:00:07 - [MESSAGE][PASSED] - Object: 'Object Repository/CERTPAY_QUICKSTI/Payment_Information_Page/EXP_YEAR' is clicked on

2020-10-15 14:00:08 - [MESSAGE][PASSED] - All options with label '2027' are selected in object 'Object Repository/CERTPAY_QUICKSTI/Payment_Information_Page/EXP_YEAR'  using regular expression

2020-10-15 14:00:08 - [MESSAGE][PASSED] - selected dropdown option by visible text  2027from  expYear

2020-10-15 14:00:08 - [MESSAGE][PASSED] - Object 'Object Repository/CERTPAY_QUICKSTI/Payment_Information_Page/SECURITY_CODE' is present

2020-10-15 14:00:09 - [MESSAGE][PASSED] - Object 'Object Repository/CERTPAY_QUICKSTI/Payment_Information_Page/SECURITY_CODE' is visible

2020-10-15 14:00:09 - [MESSAGE][PASSED] - Object 'Object Repository/CERTPAY_QUICKSTI/Payment_Information_Page/SECURITY_CODE' is present

2020-10-15 14:00:10 - [MESSAGE][PASSED] - Text '111' is set on object 'Object Repository/CERTPAY_QUICKSTI/Payment_Information_Page/SECURITY_CODE'

2020-10-15 14:00:10 - [MESSAGE][PASSED] - Quicksti.ts:Entered'111 into securityCode

2020-10-15 14:00:10 - [TEST_STEP][PASSED] - pages.Quicksti.setPaymentAmountDetailsForSinglePayment(paymentAmount, quantity): Quicksti.ts:Entered'1 into Quantity

2020-10-15 14:00:11 - [MESSAGE][PASSED] - Object 'Object Repository/CERTPAY_QUICKSTI/Payment_Information_Page/PAYMENT_AMOUNT' is present

2020-10-15 14:00:11 - [MESSAGE][PASSED] - Object 'Object Repository/CERTPAY_QUICKSTI/Payment_Information_Page/PAYMENT_AMOUNT' is visible

2020-10-15 14:00:11 - [MESSAGE][PASSED] - Object 'Object Repository/CERTPAY_QUICKSTI/Payment_Information_Page/PAYMENT_AMOUNT' is present

2020-10-15 14:00:13 - [MESSAGE][PASSED] - Text '30.00' is set on object 'Object Repository/CERTPAY_QUICKSTI/Payment_Information_Page/PAYMENT_AMOUNT'

2020-10-15 14:00:13 - [MESSAGE][PASSED] - Quicksti.ts:Entered'30.00 into amount

2020-10-15 14:00:13 - [MESSAGE][PASSED] - Object 'Object Repository/CERTPAY_QUICKSTI/Payment_Information_Page/QUANTITY' is present

2020-10-15 14:00:14 - [MESSAGE][PASSED] - Object 'Object Repository/CERTPAY_QUICKSTI/Payment_Information_Page/QUANTITY' is visible

2020-10-15 14:00:14 - [MESSAGE][PASSED] - Object 'Object Repository/CERTPAY_QUICKSTI/Payment_Information_Page/QUANTITY' is present

2020-10-15 14:00:15 - [MESSAGE][PASSED] - Text '1' is set on object 'Object Repository/CERTPAY_QUICKSTI/Payment_Information_Page/QUANTITY'

2020-10-15 14:00:15 - [MESSAGE][PASSED] - Quicksti.ts:Entered'1 into Quantity

2020-10-15 14:00:15 - [TEST_STEP][PASSED] - utilities.SafeActions.safeType(findTestObject("CERTPAY_QUICKSTI/Payment_Information_Page/REFRENCE_NUMBER"), referenceNum, "Reference Number", [pageLoadTime]): Quicksti.ts:Entered'13 into Reference Number

2020-10-15 14:00:16 - [MESSAGE][PASSED] - Object 'Object Repository/CERTPAY_QUICKSTI/Payment_Information_Page/REFRENCE_NUMBER' is present

2020-10-15 14:00:16 - [MESSAGE][PASSED] - Object 'Object Repository/CERTPAY_QUICKSTI/Payment_Information_Page/REFRENCE_NUMBER' is visible

2020-10-15 14:00:16 - [MESSAGE][PASSED] - Object 'Object Repository/CERTPAY_QUICKSTI/Payment_Information_Page/REFRENCE_NUMBER' is present

2020-10-15 14:00:17 - [MESSAGE][PASSED] - Text '13' is set on object 'Object Repository/CERTPAY_QUICKSTI/Payment_Information_Page/REFRENCE_NUMBER'

2020-10-15 14:00:17 - [MESSAGE][PASSED] - Quicksti.ts:Entered'13 into Reference Number

2020-10-15 14:00:17 - [TEST_STEP][PASSED] - amount_Value = pages.Quicksti.getAttributeValue(findTestObject("CERTPAY_QUICKSTI/Payment_Information_Page/SUB_TOTAL")): pages.Quicksti.getAttributeValue is PASSED

2020-10-15 14:00:18 - [MESSAGE][PASSED] - Attribute 'value' of object 'Object Repository/CERTPAY_QUICKSTI/Payment_Information_Page/SUB_TOTAL' is: '30.00'

2020-10-15 14:00:18 - [MESSAGE][PASSED] - pages.Quicksti.getAttributeValue is PASSED

2020-10-15 14:00:18 - [TEST_STEP][PASSED] - utilities.SafeActions.safeType(findTestObject("CERTPAY_QUICKSTI/Payment_Information_Page/COMMENTS"), "Testing", "Comments", [pageLoadTime]): Quicksti.ts:Entered'Testing into Comments

2020-10-15 14:00:18 - [MESSAGE][PASSED] - Object 'Object Repository/CERTPAY_QUICKSTI/Payment_Information_Page/COMMENTS' is present

2020-10-15 14:00:18 - [MESSAGE][PASSED] - Object 'Object Repository/CERTPAY_QUICKSTI/Payment_Information_Page/COMMENTS' is visible

2020-10-15 14:00:19 - [MESSAGE][PASSED] - Object 'Object Repository/CERTPAY_QUICKSTI/Payment_Information_Page/COMMENTS' is present

2020-10-15 14:00:20 - [MESSAGE][PASSED] - Text 'Testing' is set on object 'Object Repository/CERTPAY_QUICKSTI/Payment_Information_Page/COMMENTS'

2020-10-15 14:00:20 - [MESSAGE][PASSED] - Quicksti.ts:Entered'Testing into Comments

2020-10-15 14:00:20 - [TEST_STEP][PASSED] - utilities.SafeActions.safeType(findTestObject("CERTPAY_QUICKSTI/Payment_Information_Page/ADDRESS"), address, "Address", [pageLoadTime]): Quicksti.ts:Entered'14-2 into Address

2020-10-15 14:00:20 - [MESSAGE][PASSED] - Object 'Object Repository/CERTPAY_QUICKSTI/Payment_Information_Page/ADDRESS' is present

2020-10-15 14:00:21 - [MESSAGE][PASSED] - Object 'Object Repository/CERTPAY_QUICKSTI/Payment_Information_Page/ADDRESS' is visible

2020-10-15 14:00:21 - [MESSAGE][PASSED] - Object 'Object Repository/CERTPAY_QUICKSTI/Payment_Information_Page/ADDRESS' is present

2020-10-15 14:00:22 - [MESSAGE][PASSED] - Text '14-2' is set on object 'Object Repository/CERTPAY_QUICKSTI/Payment_Information_Page/ADDRESS'

2020-10-15 14:00:22 - [MESSAGE][PASSED] - Quicksti.ts:Entered'14-2 into Address

2020-10-15 14:00:22 - [TEST_STEP][PASSED] - utilities.SafeActions.safeType(findTestObject("CERTPAY_QUICKSTI/Payment_Information_Page/ZIP_CODE"), zipCode, "zipcode", [pageLoadTime]): Quicksti.ts:Entered'76102 into zipcode

2020-10-15 14:00:23 - [MESSAGE][PASSED] - Object 'Object Repository/CERTPAY_QUICKSTI/Payment_Information_Page/ZIP_CODE' is present

2020-10-15 14:00:23 - [MESSAGE][PASSED] - Object 'Object Repository/CERTPAY_QUICKSTI/Payment_Information_Page/ZIP_CODE' is visible

2020-10-15 14:00:23 - [MESSAGE][PASSED] - Object 'Object Repository/CERTPAY_QUICKSTI/Payment_Information_Page/ZIP_CODE' is present

2020-10-15 14:00:24 - [MESSAGE][PASSED] - Text '76102' is set on object 'Object Repository/CERTPAY_QUICKSTI/Payment_Information_Page/ZIP_CODE'

2020-10-15 14:00:24 - [MESSAGE][PASSED] - Quicksti.ts:Entered'76102 into zipcode

2020-10-15 14:00:24 - [TEST_STEP][PASSED] - utilities.SafeActions.safeType(findTestObject("CERTPAY_QUICKSTI/Payment_Information_Page/TELEPHONE"), telephone, "Telephone", [pageLoadTime]): Quicksti.ts:Entered'9989897654 into Telephone

2020-10-15 14:00:25 - [MESSAGE][PASSED] - Object 'Object Repository/CERTPAY_QUICKSTI/Payment_Information_Page/TELEPHONE' is present

2020-10-15 14:00:25 - [MESSAGE][PASSED] - Object 'Object Repository/CERTPAY_QUICKSTI/Payment_Information_Page/TELEPHONE' is visible

2020-10-15 14:00:25 - [MESSAGE][PASSED] - Object 'Object Repository/CERTPAY_QUICKSTI/Payment_Information_Page/TELEPHONE' is present

2020-10-15 14:00:27 - [MESSAGE][PASSED] - Text '9989897654' is set on object 'Object Repository/CERTPAY_QUICKSTI/Payment_Information_Page/TELEPHONE'

2020-10-15 14:00:27 - [MESSAGE][PASSED] - Quicksti.ts:Entered'9989897654 into Telephone

2020-10-15 14:00:27 - [TEST_STEP][PASSED] - utilities.SafeActions.safeType(findTestObject("CERTPAY_QUICKSTI/Payment_Information_Page/EMAIL_ADDRESS"), emailAddress, "EMAIL address", [pageLoadTime]): Quicksti.ts:Entered'testing@zenq.com into EMAIL address

2020-10-15 14:00:27 - [MESSAGE][PASSED] - Object 'Object Repository/CERTPAY_QUICKSTI/Payment_Information_Page/EMAIL_ADDRESS' is present

2020-10-15 14:00:27 - [MESSAGE][PASSED] - Object 'Object Repository/CERTPAY_QUICKSTI/Payment_Information_Page/EMAIL_ADDRESS' is visible

2020-10-15 14:00:28 - [MESSAGE][PASSED] - Object 'Object Repository/CERTPAY_QUICKSTI/Payment_Information_Page/EMAIL_ADDRESS' is present

2020-10-15 14:00:29 - [MESSAGE][PASSED] - Text 'testing@zenq.com' is set on object 'Object Repository/CERTPAY_QUICKSTI/Payment_Information_Page/EMAIL_ADDRESS'

2020-10-15 14:00:29 - [MESSAGE][PASSED] - Quicksti.ts:Entered'testing@zenq.com into EMAIL address

2020-10-15 14:00:29 - [TEST_STEP][PASSED] - utilities.SafeActions.safeClick(findTestObject("CERTPAY_QUICKSTI/Payment_Information_Page/NEXT_BUTTON"), "Next", [pageLoadTime]): Quicksti.ts:Clicked on the Next

2020-10-15 14:00:29 - [MESSAGE][INFO] - safeClicking

2020-10-15 14:00:29 - [MESSAGE][PASSED] - Object 'Object Repository/CERTPAY_QUICKSTI/Payment_Information_Page/NEXT_BUTTON' is present

2020-10-15 14:00:29 - [MESSAGE][PASSED] - Object 'Object Repository/CERTPAY_QUICKSTI/Payment_Information_Page/NEXT_BUTTON' is clickable

2020-10-15 14:00:33 - [MESSAGE][PASSED] - Object: 'Object Repository/CERTPAY_QUICKSTI/Payment_Information_Page/NEXT_BUTTON' is clicked on

2020-10-15 14:00:33 - [MESSAGE][PASSED] - Quicksti.ts:Clicked on the Next

2020-10-15 14:00:33 - [TEST_STEP][PASSED] - pages.Quicksti.verifyUserPaymentDetails(paymentAmount, firstName, lastName, CardNumber): pages.Quicksti.verifyUserPaymentDetails is PASSED

2020-10-15 14:00:34 - [MESSAGE][PASSED] - Text of object 'Object Repository/CERTPAY_QUICKSTI/Payment_Details_Verification_Page/AMOUNT' is: '$30.00'

2020-10-15 14:00:34 - [MESSAGE][PASSED] - Actual text '30.00' and expected text '30.00' are matched  using regular expression

2020-10-15 14:00:35 - [MESSAGE][PASSED] - Text of object 'Object Repository/CERTPAY_QUICKSTI/Payment_Details_Verification_Page/NAME' is: 'Tester Zenq1'

2020-10-15 14:00:35 - [MESSAGE][PASSED] - Actual text 'Tester Zenq1' and expected text 'Tester Zenq1' are matched  using regular expression

2020-10-15 14:00:35 - [MESSAGE][PASSED] - Text of object 'Object Repository/CERTPAY_QUICKSTI/Payment_Details_Verification_Page/CARD_NUMBER' is: '...0018'

2020-10-15 14:00:35 - [MESSAGE][PASSED] - Actual text '0018' and expected text '0018' are matched  using regular expression

2020-10-15 14:00:35 - [MESSAGE][PASSED] - pages.Quicksti.verifyUserPaymentDetails is PASSED

2020-10-15 14:00:35 - [TEST_STEP][PASSED] - delay(2): Delayed 2 second(s)

2020-10-15 14:00:37 - [MESSAGE][PASSED] - Delayed 2 second(s)

2020-10-15 14:00:37 - [TEST_STEP][PASSED] - ConvFee = getText(findTestObject("CERTPAY_QUICKSTI/Payment_Information_Page/CONV_FEE")): Text of object 'Object Repository/CERTPAY_QUICKSTI/Payment_Information_Page/CONV_FEE' is: '$1.00'

2020-10-15 14:00:37 - [MESSAGE][PASSED] - Text of object 'Object Repository/CERTPAY_QUICKSTI/Payment_Information_Page/CONV_FEE' is: '$1.00'

2020-10-15 14:00:37 - [TEST_STEP][PASSED] - scrollToElement(findTestObject("CERTPAY_QUICKSTI/Payment_Details_Verification_Page/PROCESS"), 0): Scroll to object 'Object Repository/CERTPAY_QUICKSTI/Payment_Details_Verification_Page/PROCESS' successfully

2020-10-15 14:00:37 - [MESSAGE][WARNING] - Timeout '0' is invalid. Using default page load timeout: '30'

2020-10-15 14:00:38 - [MESSAGE][PASSED] - Scroll to object 'Object Repository/CERTPAY_QUICKSTI/Payment_Details_Verification_Page/PROCESS' successfully

2020-10-15 14:00:38 - [TEST_STEP][PASSED] - utilities.SafeActions.safeClick(findTestObject("CERTPAY_QUICKSTI/Payment_Details_Verification_Page/PROCESS"), "Process", [pageLoadTime]): Quicksti.ts:Clicked on the Process

2020-10-15 14:00:38 - [MESSAGE][INFO] - safeClicking

2020-10-15 14:00:38 - [MESSAGE][PASSED] - Object 'Object Repository/CERTPAY_QUICKSTI/Payment_Details_Verification_Page/PROCESS' is present

2020-10-15 14:00:38 - [MESSAGE][PASSED] - Object 'Object Repository/CERTPAY_QUICKSTI/Payment_Details_Verification_Page/PROCESS' is clickable

2020-10-15 14:00:44 - [MESSAGE][PASSED] - Object: 'Object Repository/CERTPAY_QUICKSTI/Payment_Details_Verification_Page/PROCESS' is clicked on

2020-10-15 14:00:44 - [MESSAGE][PASSED] - Quicksti.ts:Clicked on the Process

2020-10-15 14:00:44 - [TEST_STEP][PASSED] - paymentId = pages.Quicksti.verifyPaymentApproval(findTestObject("CERTPAY_QUICKSTI/Payment_Details_Verification_Page/APPROVED")): Payment is approved

2020-10-15 14:00:45 - [MESSAGE][PASSED] - Text of object 'Object Repository/CERTPAY_QUICKSTI/Payment_Details_Verification_Page/PAYMENT_ID' is: '100176129038'

2020-10-15 14:00:45 - [MESSAGE][PASSED] - Object 'Object Repository/CERTPAY_QUICKSTI/Payment_Details_Verification_Page/APPROVED' is present

2020-10-15 14:00:45 - [MESSAGE][PASSED] - Payment is approved

2020-10-15 14:00:47 - [TEST_STEP][PASSED] - navigateToUrl(Admin_url): Navigate to 'https://qa-certpayadmin.faps.net' successfully

2020-10-15 14:00:56 - [MESSAGE][PASSED] - Navigate to 'https://qa-certpayadmin.faps.net' successfully

2020-10-15 14:00:56 - [TEST_STEP][PASSED] - pages.Bureau_Login_Page.loginToAdminSite(AdminUsername, AdminPassword): Quicksti.ts:Clicked on the LOGIN

2020-10-15 14:00:56 - [MESSAGE][PASSED] - Object 'Object Repository/CERTPAY_ADMIN/USER_NAME' is present

2020-10-15 14:00:57 - [MESSAGE][PASSED] - Object 'Object Repository/CERTPAY_ADMIN/USER_NAME' is visible

2020-10-15 14:00:57 - [MESSAGE][PASSED] - Object 'Object Repository/CERTPAY_ADMIN/USER_NAME' is present

2020-10-15 14:00:58 - [MESSAGE][PASSED] - Text 'VVangiliappan' is set on object 'Object Repository/CERTPAY_ADMIN/USER_NAME'

2020-10-15 14:00:58 - [MESSAGE][PASSED] - Quicksti.ts:Entered'VVangiliappan into username

2020-10-15 14:00:58 - [MESSAGE][PASSED] - Object 'Object Repository/CERTPAY_ADMIN/PASSWORD' is present

2020-10-15 14:00:59 - [MESSAGE][PASSED] - Object 'Object Repository/CERTPAY_ADMIN/PASSWORD' is visible

2020-10-15 14:00:59 - [MESSAGE][PASSED] - Object 'Object Repository/CERTPAY_ADMIN/PASSWORD' is present

2020-10-15 14:01:00 - [MESSAGE][PASSED] - Text 'Test@123' is set on object 'Object Repository/CERTPAY_ADMIN/PASSWORD'

2020-10-15 14:01:00 - [MESSAGE][PASSED] - Quicksti.ts:Entered'Test@123 into password

2020-10-15 14:01:00 - [MESSAGE][INFO] - safeClicking

2020-10-15 14:01:01 - [MESSAGE][PASSED] - Object 'Object Repository/CERTPAY_ADMIN/LOGIN_BUTTON' is present

2020-10-15 14:01:01 - [MESSAGE][PASSED] - Object 'Object Repository/CERTPAY_ADMIN/LOGIN_BUTTON' is clickable

2020-10-15 14:01:27 - [MESSAGE][PASSED] - Object: 'Object Repository/CERTPAY_ADMIN/LOGIN_BUTTON' is clicked on

2020-10-15 14:01:27 - [MESSAGE][PASSED] - Quicksti.ts:Clicked on the LOGIN

2020-10-15 14:01:27 - [TEST_STEP][PASSED] - utilities.SafeActions.safeClick(findTestObject("CERTPAY_ADMIN/TRANSACTION_MENU"), "TransactionMenu", [pageLoadTime]): Quicksti.ts:Clicked on the TransactionMenu

2020-10-15 14:01:28 - [MESSAGE][INFO] - safeClicking

2020-10-15 14:01:28 - [MESSAGE][PASSED] - Object 'Object Repository/CERTPAY_ADMIN/TRANSACTION_MENU' is present

2020-10-15 14:01:28 - [MESSAGE][PASSED] - Object 'Object Repository/CERTPAY_ADMIN/TRANSACTION_MENU' is clickable

2020-10-15 14:01:29 - [MESSAGE][PASSED] - Object: 'Object Repository/CERTPAY_ADMIN/TRANSACTION_MENU' is clicked on

2020-10-15 14:01:29 - [MESSAGE][PASSED] - Quicksti.ts:Clicked on the TransactionMenu

2020-10-15 14:01:29 - [TEST_STEP][PASSED] - utilities.SafeActions.safeClick(findTestObject("CERTPAY_ADMIN/TRANSACTION_SEARCH"), "TransactionSearch", [pageLoadTime]): Quicksti.ts:Clicked on the TransactionSearch

2020-10-15 14:01:29 - [MESSAGE][INFO] - safeClicking

2020-10-15 14:01:30 - [MESSAGE][PASSED] - Object 'Object Repository/CERTPAY_ADMIN/TRANSACTION_SEARCH' is present

2020-10-15 14:01:30 - [MESSAGE][PASSED] - Object 'Object Repository/CERTPAY_ADMIN/TRANSACTION_SEARCH' is clickable

2020-10-15 14:01:43 - [MESSAGE][PASSED] - Object: 'Object Repository/CERTPAY_ADMIN/TRANSACTION_SEARCH' is clicked on

2020-10-15 14:01:43 - [MESSAGE][PASSED] - Quicksti.ts:Clicked on the TransactionSearch

2020-10-15 14:01:43 - [TEST_STEP][PASSED] - utilities.SafeActions.safeType(findTestObject("CERTPAY_ADMIN/PAYMENT_ID"), paymentId, "Payment id", [pageLoadTime]): Quicksti.ts:Entered'100176129038 into Payment id

2020-10-15 14:01:43 - [MESSAGE][PASSED] - Object 'Object Repository/CERTPAY_ADMIN/PAYMENT_ID' is present

2020-10-15 14:01:43 - [MESSAGE][PASSED] - Object 'Object Repository/CERTPAY_ADMIN/PAYMENT_ID' is visible

2020-10-15 14:01:44 - [MESSAGE][PASSED] - Object 'Object Repository/CERTPAY_ADMIN/PAYMENT_ID' is present

2020-10-15 14:01:45 - [MESSAGE][PASSED] - Text '100176129038' is set on object 'Object Repository/CERTPAY_ADMIN/PAYMENT_ID'

2020-10-15 14:01:45 - [MESSAGE][PASSED] - Quicksti.ts:Entered'100176129038 into Payment id

2020-10-15 14:01:45 - [TEST_STEP][PASSED] - utilities.SafeActions.safeClick(findTestObject("CERTPAY_ADMIN/GO_BUTTON"), "Go button", [pageLoadTime]): Quicksti.ts:Clicked on the Go button

2020-10-15 14:01:45 - [MESSAGE][INFO] - safeClicking

2020-10-15 14:01:45 - [MESSAGE][PASSED] - Object 'Object Repository/CERTPAY_ADMIN/GO_BUTTON' is present

2020-10-15 14:01:46 - [MESSAGE][PASSED] - Object 'Object Repository/CERTPAY_ADMIN/GO_BUTTON' is clickable

2020-10-15 14:01:51 - [MESSAGE][PASSED] - Object: 'Object Repository/CERTPAY_ADMIN/GO_BUTTON' is clicked on

2020-10-15 14:01:51 - [MESSAGE][PASSED] - Quicksti.ts:Clicked on the Go button

2020-10-15 14:01:51 - [TEST_STEP][PASSED] - delay(5): Delayed 5 second(s)

2020-10-15 14:01:56 - [MESSAGE][PASSED] - Delayed 5 second(s)

2020-10-15 14:01:56 - [TEST_STEP][PASSED] - scrollToPosition(800, 900): Browser is scrolled to position x = 800, y = 900

2020-10-15 14:01:56 - [MESSAGE][PASSED] - Browser is scrolled to position x = 800, y = 900

2020-10-15 14:01:56 - [TEST_STEP][PASSED] - pages.Search_Page.validatePaymentAmount(paymentAmount, ConvFee): Verified payment details successfully 

2020-10-15 14:01:57 - [MESSAGE][PASSED] - Text of object 'Object Repository/CERTPAY_ADMIN/PAYMENT_AMOUNT' is: '$30.00'

2020-10-15 14:01:57 - [MESSAGE][PASSED] - Actual text '30.00' and expected text '30.00' are matched  using regular expression

2020-10-15 14:01:57 - [MESSAGE][PASSED] - Text of object 'Object Repository/CERTPAY_ADMIN/CONV_FEE' is: '$1.00'

2020-10-15 14:01:57 - [MESSAGE][PASSED] - Actual text '1.00' and expected text '1.00' are matched  using regular expression

2020-10-15 14:01:57 - [MESSAGE][PASSED] - Verified payment details successfully 

2020-10-15 14:01:57 - [TEST_STEP][PASSED] - paymentIdList.add(paymentId): null

2020-10-15 14:01:57 - [TEST_STEP][PASSED] - println(paymentIdList): null

2020-10-15 14:01:57 - [TEST_STEP][PASSED] - firstName = data.getValue("FirstName", index): null

2020-10-15 14:01:57 - [TEST_STEP][PASSED] - lastName = data.getValue("LastName", index): null

2020-10-15 14:01:57 - [TEST_STEP][PASSED] - expMonth = data.getValue("ExpMonth", index): null

2020-10-15 14:01:57 - [TEST_STEP][PASSED] - expYear = data.getValue("ExpYear", index): null

2020-10-15 14:01:57 - [TEST_STEP][PASSED] - securityCode = data.getValue("SecurityCode", index): null

2020-10-15 14:01:57 - [TEST_STEP][PASSED] - paymentAmount = data.getValue("PaymentAmount", index): null

2020-10-15 14:01:57 - [TEST_STEP][PASSED] - paymentType = data.getValue("PaymentType", index): null

2020-10-15 14:01:57 - [TEST_STEP][PASSED] - quantity = data.getValue("Quantity", index): null

2020-10-15 14:01:57 - [TEST_STEP][PASSED] - comments = data.getValue("Comments", index): null

2020-10-15 14:01:57 - [TEST_STEP][PASSED] - referenceNum = data.getValue("ReferenceNum", index): null

2020-10-15 14:01:57 - [TEST_STEP][PASSED] - address = data.getValue("Address", index): null

2020-10-15 14:01:57 - [TEST_STEP][PASSED] - zipCode = data.getValue("Zipcode", index): null

2020-10-15 14:01:57 - [TEST_STEP][PASSED] - telephone = data.getValue("Telephone", index): null

2020-10-15 14:01:57 - [TEST_STEP][PASSED] - emailAddress = data.getValue("EmailAddress", index): null

2020-10-15 14:01:57 - [TEST_STEP][PASSED] - cardNum = data.getValue("CardNumber", index): null

2020-10-15 14:01:57 - [TEST_STEP][PASSED] - cardType = data.getValue("CardType", index): null

2020-10-15 14:01:57 - [TEST_STEP][PASSED] - utilities.SafeActions.openBrowser(Quicksti_Url, [pageLoadTime]): Browser launched successfully

2020-10-15 14:01:57 - [MESSAGE][INFO] - Opening Browser

2020-10-15 14:01:57 - [MESSAGE][WARNING] - A browser is already opened. Closing browser and opening a new one

2020-10-15 14:01:58 - [MESSAGE][INFO] - Starting 'Chrome' driver

2020-10-15 14:02:13 - [MESSAGE][PASSED] - Browser is opened with url: 'https://qa-certpayquicksti.faps.net/'

2020-10-15 14:02:15 - [MESSAGE][PASSED] - Current window maximized

2020-10-15 14:02:15 - [MESSAGE][PASSED] - Browser launched successfully

2020-10-15 14:02:15 - [TEST_STEP][PASSED] - utilities.SafeActions.safeType(findTestObject("CERTPAY_QUICKSTI/Login_ Page/BUREAU_CODE"), bureau_code, "Bureau code", [pageLoadTime]): Quicksti.ts:Entered'6100000 into Bureau code

2020-10-15 14:02:16 - [MESSAGE][PASSED] - Object 'Object Repository/CERTPAY_QUICKSTI/Login_ Page/BUREAU_CODE' is present

2020-10-15 14:02:16 - [MESSAGE][PASSED] - Object 'Object Repository/CERTPAY_QUICKSTI/Login_ Page/BUREAU_CODE' is visible

2020-10-15 14:02:16 - [MESSAGE][PASSED] - Object 'Object Repository/CERTPAY_QUICKSTI/Login_ Page/BUREAU_CODE' is present

2020-10-15 14:02:18 - [MESSAGE][PASSED] - Text '6100000' is set on object 'Object Repository/CERTPAY_QUICKSTI/Login_ Page/BUREAU_CODE'

2020-10-15 14:02:18 - [MESSAGE][PASSED] - Quicksti.ts:Entered'6100000 into Bureau code

2020-10-15 14:02:18 - [TEST_STEP][PASSED] - utilities.SafeActions.safeType(findTestObject("CERTPAY_QUICKSTI/Login_ Page/TELLER_ID"), teller_id, "Bureau code", [pageLoadTime]): Quicksti.ts:Entered'zenq into Bureau code

2020-10-15 14:02:18 - [MESSAGE][PASSED] - Object 'Object Repository/CERTPAY_QUICKSTI/Login_ Page/TELLER_ID' is present

2020-10-15 14:02:18 - [MESSAGE][PASSED] - Object 'Object Repository/CERTPAY_QUICKSTI/Login_ Page/TELLER_ID' is visible

2020-10-15 14:02:19 - [MESSAGE][PASSED] - Object 'Object Repository/CERTPAY_QUICKSTI/Login_ Page/TELLER_ID' is present

2020-10-15 14:02:20 - [MESSAGE][PASSED] - Text 'zenq' is set on object 'Object Repository/CERTPAY_QUICKSTI/Login_ Page/TELLER_ID'

2020-10-15 14:02:20 - [MESSAGE][PASSED] - Quicksti.ts:Entered'zenq into Bureau code

2020-10-15 14:02:20 - [TEST_STEP][PASSED] - utilities.SafeActions.safeClick(findTestObject("CERTPAY_QUICKSTI/Login_ Page/NEXT_BUTTON"), "Next button", [pageLoadTime]): Quicksti.ts:Clicked on the Next button

2020-10-15 14:02:20 - [MESSAGE][INFO] - safeClicking

2020-10-15 14:02:20 - [MESSAGE][PASSED] - Object 'Object Repository/CERTPAY_QUICKSTI/Login_ Page/NEXT_BUTTON' is present

2020-10-15 14:02:20 - [MESSAGE][PASSED] - Object 'Object Repository/CERTPAY_QUICKSTI/Login_ Page/NEXT_BUTTON' is clickable

2020-10-15 14:02:26 - [MESSAGE][PASSED] - Object: 'Object Repository/CERTPAY_QUICKSTI/Login_ Page/NEXT_BUTTON' is clicked on

2020-10-15 14:02:26 - [MESSAGE][PASSED] - Quicksti.ts:Clicked on the Next button

2020-10-15 14:02:26 - [TEST_STEP][PASSED] - utilities.SafeActions.safeClick(findTestObject("CERTPAY_QUICKSTI/Payment_Information_Page/MANUAL_ENTRY_BUTTON"), "ManualEntry", [pageLoadTime]): Quicksti.ts:Clicked on the ManualEntry

2020-10-15 14:02:26 - [MESSAGE][INFO] - safeClicking

2020-10-15 14:02:26 - [MESSAGE][PASSED] - Object 'Object Repository/CERTPAY_QUICKSTI/Payment_Information_Page/MANUAL_ENTRY_BUTTON' is present

2020-10-15 14:02:27 - [MESSAGE][PASSED] - Object 'Object Repository/CERTPAY_QUICKSTI/Payment_Information_Page/MANUAL_ENTRY_BUTTON' is clickable

2020-10-15 14:02:29 - [MESSAGE][PASSED] - Object: 'Object Repository/CERTPAY_QUICKSTI/Payment_Information_Page/MANUAL_ENTRY_BUTTON' is clicked on

2020-10-15 14:02:29 - [MESSAGE][PASSED] - Quicksti.ts:Clicked on the ManualEntry

2020-10-15 14:02:29 - [TEST_STEP][PASSED] - CardNumber = pages.Quicksti.setUserPaymentDetails(firstName, lastName, cardNum): Quicksti.ts:Entered'374245003731006 into CardNum

2020-10-15 14:02:29 - [MESSAGE][PASSED] - Object 'Object Repository/CERTPAY_QUICKSTI/Payment_Information_Page/FIRST_NAME' is present

2020-10-15 14:02:30 - [MESSAGE][PASSED] - Object 'Object Repository/CERTPAY_QUICKSTI/Payment_Information_Page/FIRST_NAME' is visible

2020-10-15 14:02:30 - [MESSAGE][PASSED] - Object 'Object Repository/CERTPAY_QUICKSTI/Payment_Information_Page/FIRST_NAME' is present

2020-10-15 14:02:31 - [MESSAGE][PASSED] - Text 'Tester' is set on object 'Object Repository/CERTPAY_QUICKSTI/Payment_Information_Page/FIRST_NAME'

2020-10-15 14:02:31 - [MESSAGE][PASSED] - Quicksti.ts:Entered'Tester into FirstName

2020-10-15 14:02:32 - [MESSAGE][PASSED] - Object 'Object Repository/CERTPAY_QUICKSTI/Payment_Information_Page/LAST_NAME' is present

2020-10-15 14:02:32 - [MESSAGE][PASSED] - Object 'Object Repository/CERTPAY_QUICKSTI/Payment_Information_Page/LAST_NAME' is visible

2020-10-15 14:02:32 - [MESSAGE][PASSED] - Object 'Object Repository/CERTPAY_QUICKSTI/Payment_Information_Page/LAST_NAME' is present

2020-10-15 14:02:34 - [MESSAGE][PASSED] - Text 'Zenq1' is set on object 'Object Repository/CERTPAY_QUICKSTI/Payment_Information_Page/LAST_NAME'

2020-10-15 14:02:34 - [MESSAGE][PASSED] - Quicksti.ts:Entered'Zenq1 into LAstName

2020-10-15 14:02:34 - [MESSAGE][PASSED] - Object 'Object Repository/CERTPAY_QUICKSTI/Payment_Information_Page/CARD_NUMBER' is present

2020-10-15 14:02:34 - [MESSAGE][PASSED] - Object 'Object Repository/CERTPAY_QUICKSTI/Payment_Information_Page/CARD_NUMBER' is visible

2020-10-15 14:02:34 - [MESSAGE][PASSED] - Object 'Object Repository/CERTPAY_QUICKSTI/Payment_Information_Page/CARD_NUMBER' is present

2020-10-15 14:02:36 - [MESSAGE][PASSED] - Text '374245003731006' is set on object 'Object Repository/CERTPAY_QUICKSTI/Payment_Information_Page/CARD_NUMBER'

2020-10-15 14:02:36 - [MESSAGE][PASSED] - Quicksti.ts:Entered'374245003731006 into CardNum

2020-10-15 14:02:36 - [TEST_STEP][PASSED] - utilities.SafeActions.safeSelectOptionInDropdownByVisibleText(findTestObject("CERTPAY_QUICKSTI/Payment_Information_Page/PAYMENT_TYPE"), paymentType, "paymentType", [pageLoadTime]): selected dropdown option by visible text  Taxesfrom paymentType

2020-10-15 14:02:36 - [MESSAGE][PASSED] - Object 'Object Repository/CERTPAY_QUICKSTI/Payment_Information_Page/PAYMENT_TYPE' is visible

2020-10-15 14:02:36 - [MESSAGE][PASSED] - Object 'Object Repository/CERTPAY_QUICKSTI/Payment_Information_Page/PAYMENT_TYPE' is present

2020-10-15 14:02:38 - [MESSAGE][PASSED] - Object: 'Object Repository/CERTPAY_QUICKSTI/Payment_Information_Page/PAYMENT_TYPE' is clicked on

2020-10-15 14:02:39 - [MESSAGE][PASSED] - All options with label 'Taxes' are selected in object 'Object Repository/CERTPAY_QUICKSTI/Payment_Information_Page/PAYMENT_TYPE'  using regular expression

2020-10-15 14:02:39 - [MESSAGE][PASSED] - selected dropdown option by visible text  Taxesfrom paymentType

2020-10-15 14:02:39 - [TEST_STEP][PASSED] - pages.Quicksti.setExpDate(expMonth, expYear, securityCode): Quicksti.ts:Entered'111 into securityCode

2020-10-15 14:02:39 - [MESSAGE][PASSED] - Object 'Object Repository/CERTPAY_QUICKSTI/Payment_Information_Page/EXP_MONTH' is visible

2020-10-15 14:02:39 - [MESSAGE][PASSED] - Object 'Object Repository/CERTPAY_QUICKSTI/Payment_Information_Page/EXP_MONTH' is present

2020-10-15 14:02:41 - [MESSAGE][PASSED] - Object: 'Object Repository/CERTPAY_QUICKSTI/Payment_Information_Page/EXP_MONTH' is clicked on

2020-10-15 14:02:42 - [MESSAGE][PASSED] - All options with label '05' are selected in object 'Object Repository/CERTPAY_QUICKSTI/Payment_Information_Page/EXP_MONTH'  using regular expression

2020-10-15 14:02:42 - [MESSAGE][PASSED] - selected dropdown option by visible text  05from expMonth

2020-10-15 14:02:42 - [MESSAGE][PASSED] - Object 'Object Repository/CERTPAY_QUICKSTI/Payment_Information_Page/EXP_YEAR' is visible

2020-10-15 14:02:43 - [MESSAGE][PASSED] - Object 'Object Repository/CERTPAY_QUICKSTI/Payment_Information_Page/EXP_YEAR' is present

2020-10-15 14:02:44 - [MESSAGE][PASSED] - Object: 'Object Repository/CERTPAY_QUICKSTI/Payment_Information_Page/EXP_YEAR' is clicked on

2020-10-15 14:02:45 - [MESSAGE][PASSED] - All options with label '2022' are selected in object 'Object Repository/CERTPAY_QUICKSTI/Payment_Information_Page/EXP_YEAR'  using regular expression

2020-10-15 14:02:45 - [MESSAGE][PASSED] - selected dropdown option by visible text  2022from  expYear

2020-10-15 14:02:46 - [MESSAGE][PASSED] - Object 'Object Repository/CERTPAY_QUICKSTI/Payment_Information_Page/SECURITY_CODE' is present

2020-10-15 14:02:46 - [MESSAGE][PASSED] - Object 'Object Repository/CERTPAY_QUICKSTI/Payment_Information_Page/SECURITY_CODE' is visible

2020-10-15 14:02:46 - [MESSAGE][PASSED] - Object 'Object Repository/CERTPAY_QUICKSTI/Payment_Information_Page/SECURITY_CODE' is present

2020-10-15 14:02:47 - [MESSAGE][PASSED] - Text '111' is set on object 'Object Repository/CERTPAY_QUICKSTI/Payment_Information_Page/SECURITY_CODE'

2020-10-15 14:02:47 - [MESSAGE][PASSED] - Quicksti.ts:Entered'111 into securityCode

2020-10-15 14:02:47 - [TEST_STEP][PASSED] - pages.Quicksti.setPaymentAmountDetailsForSinglePayment(paymentAmount, quantity): Quicksti.ts:Entered'1 into Quantity

2020-10-15 14:02:48 - [MESSAGE][PASSED] - Object 'Object Repository/CERTPAY_QUICKSTI/Payment_Information_Page/PAYMENT_AMOUNT' is present

2020-10-15 14:02:48 - [MESSAGE][PASSED] - Object 'Object Repository/CERTPAY_QUICKSTI/Payment_Information_Page/PAYMENT_AMOUNT' is visible

2020-10-15 14:02:48 - [MESSAGE][PASSED] - Object 'Object Repository/CERTPAY_QUICKSTI/Payment_Information_Page/PAYMENT_AMOUNT' is present

2020-10-15 14:02:50 - [MESSAGE][PASSED] - Text '35.00' is set on object 'Object Repository/CERTPAY_QUICKSTI/Payment_Information_Page/PAYMENT_AMOUNT'

2020-10-15 14:02:50 - [MESSAGE][PASSED] - Quicksti.ts:Entered'35.00 into amount

2020-10-15 14:02:50 - [MESSAGE][PASSED] - Object 'Object Repository/CERTPAY_QUICKSTI/Payment_Information_Page/QUANTITY' is present

2020-10-15 14:02:51 - [MESSAGE][PASSED] - Object 'Object Repository/CERTPAY_QUICKSTI/Payment_Information_Page/QUANTITY' is visible

2020-10-15 14:02:51 - [MESSAGE][PASSED] - Object 'Object Repository/CERTPAY_QUICKSTI/Payment_Information_Page/QUANTITY' is present

2020-10-15 14:02:52 - [MESSAGE][PASSED] - Text '1' is set on object 'Object Repository/CERTPAY_QUICKSTI/Payment_Information_Page/QUANTITY'

2020-10-15 14:02:52 - [MESSAGE][PASSED] - Quicksti.ts:Entered'1 into Quantity

2020-10-15 14:02:52 - [TEST_STEP][PASSED] - utilities.SafeActions.safeType(findTestObject("CERTPAY_QUICKSTI/Payment_Information_Page/REFRENCE_NUMBER"), referenceNum, "Reference Number", [pageLoadTime]): Quicksti.ts:Entered'11 into Reference Number

2020-10-15 14:02:53 - [MESSAGE][PASSED] - Object 'Object Repository/CERTPAY_QUICKSTI/Payment_Information_Page/REFRENCE_NUMBER' is present

2020-10-15 14:02:53 - [MESSAGE][PASSED] - Object 'Object Repository/CERTPAY_QUICKSTI/Payment_Information_Page/REFRENCE_NUMBER' is visible

2020-10-15 14:02:53 - [MESSAGE][PASSED] - Object 'Object Repository/CERTPAY_QUICKSTI/Payment_Information_Page/REFRENCE_NUMBER' is present

2020-10-15 14:02:55 - [MESSAGE][PASSED] - Text '11' is set on object 'Object Repository/CERTPAY_QUICKSTI/Payment_Information_Page/REFRENCE_NUMBER'

2020-10-15 14:02:55 - [MESSAGE][PASSED] - Quicksti.ts:Entered'11 into Reference Number

2020-10-15 14:02:55 - [TEST_STEP][PASSED] - amount_Value = pages.Quicksti.getAttributeValue(findTestObject("CERTPAY_QUICKSTI/Payment_Information_Page/SUB_TOTAL")): pages.Quicksti.getAttributeValue is PASSED

2020-10-15 14:02:55 - [MESSAGE][PASSED] - Attribute 'value' of object 'Object Repository/CERTPAY_QUICKSTI/Payment_Information_Page/SUB_TOTAL' is: '35.00'

2020-10-15 14:02:55 - [MESSAGE][PASSED] - pages.Quicksti.getAttributeValue is PASSED

2020-10-15 14:02:55 - [TEST_STEP][PASSED] - utilities.SafeActions.safeType(findTestObject("CERTPAY_QUICKSTI/Payment_Information_Page/COMMENTS"), "Testing", "Comments", [pageLoadTime]): Quicksti.ts:Entered'Testing into Comments

2020-10-15 14:02:55 - [MESSAGE][PASSED] - Object 'Object Repository/CERTPAY_QUICKSTI/Payment_Information_Page/COMMENTS' is present

2020-10-15 14:02:56 - [MESSAGE][PASSED] - Object 'Object Repository/CERTPAY_QUICKSTI/Payment_Information_Page/COMMENTS' is visible

2020-10-15 14:02:56 - [MESSAGE][PASSED] - Object 'Object Repository/CERTPAY_QUICKSTI/Payment_Information_Page/COMMENTS' is present

2020-10-15 14:02:57 - [MESSAGE][PASSED] - Text 'Testing' is set on object 'Object Repository/CERTPAY_QUICKSTI/Payment_Information_Page/COMMENTS'

2020-10-15 14:02:57 - [MESSAGE][PASSED] - Quicksti.ts:Entered'Testing into Comments

2020-10-15 14:02:57 - [TEST_STEP][PASSED] - utilities.SafeActions.safeType(findTestObject("CERTPAY_QUICKSTI/Payment_Information_Page/ADDRESS"), address, "Address", [pageLoadTime]): Quicksti.ts:Entered'14-2 into Address

2020-10-15 14:02:58 - [MESSAGE][PASSED] - Object 'Object Repository/CERTPAY_QUICKSTI/Payment_Information_Page/ADDRESS' is present

2020-10-15 14:02:58 - [MESSAGE][PASSED] - Object 'Object Repository/CERTPAY_QUICKSTI/Payment_Information_Page/ADDRESS' is visible

2020-10-15 14:02:58 - [MESSAGE][PASSED] - Object 'Object Repository/CERTPAY_QUICKSTI/Payment_Information_Page/ADDRESS' is present

2020-10-15 14:03:00 - [MESSAGE][PASSED] - Text '14-2' is set on object 'Object Repository/CERTPAY_QUICKSTI/Payment_Information_Page/ADDRESS'

2020-10-15 14:03:00 - [MESSAGE][PASSED] - Quicksti.ts:Entered'14-2 into Address

2020-10-15 14:03:00 - [TEST_STEP][PASSED] - utilities.SafeActions.safeType(findTestObject("CERTPAY_QUICKSTI/Payment_Information_Page/ZIP_CODE"), zipCode, "zipcode", [pageLoadTime]): Quicksti.ts:Entered'76102 into zipcode

2020-10-15 14:03:00 - [MESSAGE][PASSED] - Object 'Object Repository/CERTPAY_QUICKSTI/Payment_Information_Page/ZIP_CODE' is present

2020-10-15 14:03:00 - [MESSAGE][PASSED] - Object 'Object Repository/CERTPAY_QUICKSTI/Payment_Information_Page/ZIP_CODE' is visible

2020-10-15 14:03:00 - [MESSAGE][PASSED] - Object 'Object Repository/CERTPAY_QUICKSTI/Payment_Information_Page/ZIP_CODE' is present

2020-10-15 14:03:02 - [MESSAGE][PASSED] - Text '76102' is set on object 'Object Repository/CERTPAY_QUICKSTI/Payment_Information_Page/ZIP_CODE'

2020-10-15 14:03:02 - [MESSAGE][PASSED] - Quicksti.ts:Entered'76102 into zipcode

2020-10-15 14:03:02 - [TEST_STEP][PASSED] - utilities.SafeActions.safeType(findTestObject("CERTPAY_QUICKSTI/Payment_Information_Page/TELEPHONE"), telephone, "Telephone", [pageLoadTime]): Quicksti.ts:Entered'9989897654 into Telephone

2020-10-15 14:03:02 - [MESSAGE][PASSED] - Object 'Object Repository/CERTPAY_QUICKSTI/Payment_Information_Page/TELEPHONE' is present

2020-10-15 14:03:02 - [MESSAGE][PASSED] - Object 'Object Repository/CERTPAY_QUICKSTI/Payment_Information_Page/TELEPHONE' is visible

2020-10-15 14:03:03 - [MESSAGE][PASSED] - Object 'Object Repository/CERTPAY_QUICKSTI/Payment_Information_Page/TELEPHONE' is present

2020-10-15 14:03:04 - [MESSAGE][PASSED] - Text '9989897654' is set on object 'Object Repository/CERTPAY_QUICKSTI/Payment_Information_Page/TELEPHONE'

2020-10-15 14:03:04 - [MESSAGE][PASSED] - Quicksti.ts:Entered'9989897654 into Telephone

2020-10-15 14:03:04 - [TEST_STEP][PASSED] - utilities.SafeActions.safeType(findTestObject("CERTPAY_QUICKSTI/Payment_Information_Page/EMAIL_ADDRESS"), emailAddress, "EMAIL address", [pageLoadTime]): Quicksti.ts:Entered'testing@zenq.com into EMAIL address

2020-10-15 14:03:04 - [MESSAGE][PASSED] - Object 'Object Repository/CERTPAY_QUICKSTI/Payment_Information_Page/EMAIL_ADDRESS' is present

2020-10-15 14:03:05 - [MESSAGE][PASSED] - Object 'Object Repository/CERTPAY_QUICKSTI/Payment_Information_Page/EMAIL_ADDRESS' is visible

2020-10-15 14:03:05 - [MESSAGE][PASSED] - Object 'Object Repository/CERTPAY_QUICKSTI/Payment_Information_Page/EMAIL_ADDRESS' is present

2020-10-15 14:03:06 - [MESSAGE][PASSED] - Text 'testing@zenq.com' is set on object 'Object Repository/CERTPAY_QUICKSTI/Payment_Information_Page/EMAIL_ADDRESS'

2020-10-15 14:03:06 - [MESSAGE][PASSED] - Quicksti.ts:Entered'testing@zenq.com into EMAIL address

2020-10-15 14:03:06 - [TEST_STEP][PASSED] - utilities.SafeActions.safeClick(findTestObject("CERTPAY_QUICKSTI/Payment_Information_Page/NEXT_BUTTON"), "Next", [pageLoadTime]): Quicksti.ts:Clicked on the Next

2020-10-15 14:03:06 - [MESSAGE][INFO] - safeClicking

2020-10-15 14:03:06 - [MESSAGE][PASSED] - Object 'Object Repository/CERTPAY_QUICKSTI/Payment_Information_Page/NEXT_BUTTON' is present

2020-10-15 14:03:07 - [MESSAGE][PASSED] - Object 'Object Repository/CERTPAY_QUICKSTI/Payment_Information_Page/NEXT_BUTTON' is clickable

2020-10-15 14:03:11 - [MESSAGE][PASSED] - Object: 'Object Repository/CERTPAY_QUICKSTI/Payment_Information_Page/NEXT_BUTTON' is clicked on

2020-10-15 14:03:11 - [MESSAGE][PASSED] - Quicksti.ts:Clicked on the Next

2020-10-15 14:03:11 - [TEST_STEP][PASSED] - pages.Quicksti.verifyUserPaymentDetails(paymentAmount, firstName, lastName, CardNumber): pages.Quicksti.verifyUserPaymentDetails is PASSED

2020-10-15 14:03:11 - [MESSAGE][PASSED] - Text of object 'Object Repository/CERTPAY_QUICKSTI/Payment_Details_Verification_Page/AMOUNT' is: '$35.00'

2020-10-15 14:03:11 - [MESSAGE][PASSED] - Actual text '35.00' and expected text '35.00' are matched  using regular expression

2020-10-15 14:03:11 - [MESSAGE][PASSED] - Text of object 'Object Repository/CERTPAY_QUICKSTI/Payment_Details_Verification_Page/NAME' is: 'Tester Zenq1'

2020-10-15 14:03:11 - [MESSAGE][PASSED] - Actual text 'Tester Zenq1' and expected text 'Tester Zenq1' are matched  using regular expression

2020-10-15 14:03:12 - [MESSAGE][PASSED] - Text of object 'Object Repository/CERTPAY_QUICKSTI/Payment_Details_Verification_Page/CARD_NUMBER' is: '...1006'

2020-10-15 14:03:12 - [MESSAGE][PASSED] - Actual text '1006' and expected text '1006' are matched  using regular expression

2020-10-15 14:03:12 - [MESSAGE][PASSED] - pages.Quicksti.verifyUserPaymentDetails is PASSED

2020-10-15 14:03:12 - [TEST_STEP][PASSED] - delay(2): Delayed 2 second(s)

2020-10-15 14:03:14 - [MESSAGE][PASSED] - Delayed 2 second(s)

2020-10-15 14:03:14 - [TEST_STEP][PASSED] - ConvFee = getText(findTestObject("CERTPAY_QUICKSTI/Payment_Information_Page/CONV_FEE")): Text of object 'Object Repository/CERTPAY_QUICKSTI/Payment_Information_Page/CONV_FEE' is: '$1.00'

2020-10-15 14:03:14 - [MESSAGE][PASSED] - Text of object 'Object Repository/CERTPAY_QUICKSTI/Payment_Information_Page/CONV_FEE' is: '$1.00'

2020-10-15 14:03:14 - [TEST_STEP][PASSED] - scrollToElement(findTestObject("CERTPAY_QUICKSTI/Payment_Details_Verification_Page/PROCESS"), 0): Scroll to object 'Object Repository/CERTPAY_QUICKSTI/Payment_Details_Verification_Page/PROCESS' successfully

2020-10-15 14:03:14 - [MESSAGE][WARNING] - Timeout '0' is invalid. Using default page load timeout: '30'

2020-10-15 14:03:15 - [MESSAGE][PASSED] - Scroll to object 'Object Repository/CERTPAY_QUICKSTI/Payment_Details_Verification_Page/PROCESS' successfully

2020-10-15 14:03:15 - [TEST_STEP][PASSED] - utilities.SafeActions.safeClick(findTestObject("CERTPAY_QUICKSTI/Payment_Details_Verification_Page/PROCESS"), "Process", [pageLoadTime]): Quicksti.ts:Clicked on the Process

2020-10-15 14:03:15 - [MESSAGE][INFO] - safeClicking

2020-10-15 14:03:15 - [MESSAGE][PASSED] - Object 'Object Repository/CERTPAY_QUICKSTI/Payment_Details_Verification_Page/PROCESS' is present

2020-10-15 14:03:15 - [MESSAGE][PASSED] - Object 'Object Repository/CERTPAY_QUICKSTI/Payment_Details_Verification_Page/PROCESS' is clickable

2020-10-15 14:03:20 - [MESSAGE][PASSED] - Object: 'Object Repository/CERTPAY_QUICKSTI/Payment_Details_Verification_Page/PROCESS' is clicked on

2020-10-15 14:03:20 - [MESSAGE][PASSED] - Quicksti.ts:Clicked on the Process

2020-10-15 14:03:20 - [TEST_STEP][PASSED] - paymentId = pages.Quicksti.verifyPaymentApproval(findTestObject("CERTPAY_QUICKSTI/Payment_Details_Verification_Page/APPROVED")): Payment is approved

2020-10-15 14:03:21 - [MESSAGE][PASSED] - Text of object 'Object Repository/CERTPAY_QUICKSTI/Payment_Details_Verification_Page/PAYMENT_ID' is: '100176129042'

2020-10-15 14:03:21 - [MESSAGE][PASSED] - Object 'Object Repository/CERTPAY_QUICKSTI/Payment_Details_Verification_Page/APPROVED' is present

2020-10-15 14:03:21 - [MESSAGE][PASSED] - Payment is approved

2020-10-15 14:03:23 - [TEST_STEP][PASSED] - navigateToUrl(Admin_url): Navigate to 'https://qa-certpayadmin.faps.net' successfully

2020-10-15 14:03:37 - [MESSAGE][PASSED] - Navigate to 'https://qa-certpayadmin.faps.net' successfully

2020-10-15 14:03:37 - [TEST_STEP][PASSED] - pages.Bureau_Login_Page.loginToAdminSite(AdminUsername, AdminPassword): Quicksti.ts:Clicked on the LOGIN

2020-10-15 14:03:37 - [MESSAGE][PASSED] - Object 'Object Repository/CERTPAY_ADMIN/USER_NAME' is present

2020-10-15 14:03:37 - [MESSAGE][PASSED] - Object 'Object Repository/CERTPAY_ADMIN/USER_NAME' is visible

2020-10-15 14:03:38 - [MESSAGE][PASSED] - Object 'Object Repository/CERTPAY_ADMIN/USER_NAME' is present

2020-10-15 14:03:39 - [MESSAGE][PASSED] - Text 'VVangiliappan' is set on object 'Object Repository/CERTPAY_ADMIN/USER_NAME'

2020-10-15 14:03:39 - [MESSAGE][PASSED] - Quicksti.ts:Entered'VVangiliappan into username

2020-10-15 14:03:39 - [MESSAGE][PASSED] - Object 'Object Repository/CERTPAY_ADMIN/PASSWORD' is present

2020-10-15 14:03:40 - [MESSAGE][PASSED] - Object 'Object Repository/CERTPAY_ADMIN/PASSWORD' is visible

2020-10-15 14:03:40 - [MESSAGE][PASSED] - Object 'Object Repository/CERTPAY_ADMIN/PASSWORD' is present

2020-10-15 14:03:41 - [MESSAGE][PASSED] - Text 'Test@123' is set on object 'Object Repository/CERTPAY_ADMIN/PASSWORD'

2020-10-15 14:03:41 - [MESSAGE][PASSED] - Quicksti.ts:Entered'Test@123 into password

2020-10-15 14:03:41 - [MESSAGE][INFO] - safeClicking

2020-10-15 14:03:41 - [MESSAGE][PASSED] - Object 'Object Repository/CERTPAY_ADMIN/LOGIN_BUTTON' is present

2020-10-15 14:03:42 - [MESSAGE][PASSED] - Object 'Object Repository/CERTPAY_ADMIN/LOGIN_BUTTON' is clickable

2020-10-15 14:03:58 - [MESSAGE][PASSED] - Object: 'Object Repository/CERTPAY_ADMIN/LOGIN_BUTTON' is clicked on

2020-10-15 14:03:58 - [MESSAGE][PASSED] - Quicksti.ts:Clicked on the LOGIN

2020-10-15 14:03:58 - [TEST_STEP][PASSED] - utilities.SafeActions.safeClick(findTestObject("CERTPAY_ADMIN/TRANSACTION_MENU"), "TransactionMenu", [pageLoadTime]): Quicksti.ts:Clicked on the TransactionMenu

2020-10-15 14:03:58 - [MESSAGE][INFO] - safeClicking

2020-10-15 14:03:58 - [MESSAGE][PASSED] - Object 'Object Repository/CERTPAY_ADMIN/TRANSACTION_MENU' is present

2020-10-15 14:03:58 - [MESSAGE][PASSED] - Object 'Object Repository/CERTPAY_ADMIN/TRANSACTION_MENU' is clickable

2020-10-15 14:04:00 - [MESSAGE][PASSED] - Object: 'Object Repository/CERTPAY_ADMIN/TRANSACTION_MENU' is clicked on

2020-10-15 14:04:00 - [MESSAGE][PASSED] - Quicksti.ts:Clicked on the TransactionMenu

2020-10-15 14:04:00 - [TEST_STEP][PASSED] - utilities.SafeActions.safeClick(findTestObject("CERTPAY_ADMIN/TRANSACTION_SEARCH"), "TransactionSearch", [pageLoadTime]): Quicksti.ts:Clicked on the TransactionSearch

2020-10-15 14:04:00 - [MESSAGE][INFO] - safeClicking

2020-10-15 14:04:00 - [MESSAGE][PASSED] - Object 'Object Repository/CERTPAY_ADMIN/TRANSACTION_SEARCH' is present

2020-10-15 14:04:00 - [MESSAGE][PASSED] - Object 'Object Repository/CERTPAY_ADMIN/TRANSACTION_SEARCH' is clickable

2020-10-15 14:04:09 - [MESSAGE][PASSED] - Object: 'Object Repository/CERTPAY_ADMIN/TRANSACTION_SEARCH' is clicked on

2020-10-15 14:04:09 - [MESSAGE][PASSED] - Quicksti.ts:Clicked on the TransactionSearch

2020-10-15 14:04:09 - [TEST_STEP][PASSED] - utilities.SafeActions.safeType(findTestObject("CERTPAY_ADMIN/PAYMENT_ID"), paymentId, "Payment id", [pageLoadTime]): Quicksti.ts:Entered'100176129042 into Payment id

2020-10-15 14:04:09 - [MESSAGE][PASSED] - Object 'Object Repository/CERTPAY_ADMIN/PAYMENT_ID' is present

2020-10-15 14:04:09 - [MESSAGE][PASSED] - Object 'Object Repository/CERTPAY_ADMIN/PAYMENT_ID' is visible

2020-10-15 14:04:10 - [MESSAGE][PASSED] - Object 'Object Repository/CERTPAY_ADMIN/PAYMENT_ID' is present

2020-10-15 14:04:11 - [MESSAGE][PASSED] - Text '100176129042' is set on object 'Object Repository/CERTPAY_ADMIN/PAYMENT_ID'

2020-10-15 14:04:11 - [MESSAGE][PASSED] - Quicksti.ts:Entered'100176129042 into Payment id

2020-10-15 14:04:11 - [TEST_STEP][PASSED] - utilities.SafeActions.safeClick(findTestObject("CERTPAY_ADMIN/GO_BUTTON"), "Go button", [pageLoadTime]): Quicksti.ts:Clicked on the Go button

2020-10-15 14:04:11 - [MESSAGE][INFO] - safeClicking

2020-10-15 14:04:11 - [MESSAGE][PASSED] - Object 'Object Repository/CERTPAY_ADMIN/GO_BUTTON' is present

2020-10-15 14:04:12 - [MESSAGE][PASSED] - Object 'Object Repository/CERTPAY_ADMIN/GO_BUTTON' is clickable

2020-10-15 14:04:16 - [MESSAGE][PASSED] - Object: 'Object Repository/CERTPAY_ADMIN/GO_BUTTON' is clicked on

2020-10-15 14:04:16 - [MESSAGE][PASSED] - Quicksti.ts:Clicked on the Go button

2020-10-15 14:04:16 - [TEST_STEP][PASSED] - delay(5): Delayed 5 second(s)

2020-10-15 14:04:21 - [MESSAGE][PASSED] - Delayed 5 second(s)

2020-10-15 14:04:21 - [TEST_STEP][PASSED] - scrollToPosition(800, 900): Browser is scrolled to position x = 800, y = 900

2020-10-15 14:04:21 - [MESSAGE][PASSED] - Browser is scrolled to position x = 800, y = 900

2020-10-15 14:04:21 - [TEST_STEP][PASSED] - pages.Search_Page.validatePaymentAmount(paymentAmount, ConvFee): Verified payment details successfully 

2020-10-15 14:04:21 - [MESSAGE][PASSED] - Text of object 'Object Repository/CERTPAY_ADMIN/PAYMENT_AMOUNT' is: '$35.00'

2020-10-15 14:04:21 - [MESSAGE][PASSED] - Actual text '35.00' and expected text '35.00' are matched  using regular expression

2020-10-15 14:04:22 - [MESSAGE][PASSED] - Text of object 'Object Repository/CERTPAY_ADMIN/CONV_FEE' is: '$1.00'

2020-10-15 14:04:22 - [MESSAGE][PASSED] - Actual text '1.00' and expected text '1.00' are matched  using regular expression

2020-10-15 14:04:22 - [MESSAGE][PASSED] - Verified payment details successfully 

2020-10-15 14:04:22 - [TEST_STEP][PASSED] - paymentIdList.add(paymentId): null

2020-10-15 14:04:22 - [TEST_STEP][PASSED] - println(paymentIdList): null

2020-10-15 14:04:22 - [TEST_STEP][PASSED] - return paymentIdList: null

2020-10-15 14:04:22 - [TEST_STEP][PASSED] - Start listener action : afterTestCase: Browser is closed

2020-10-15 14:04:22 - [TEST_STEP][PASSED] - closeBrowser(): Browser is closed

2020-10-15 14:04:23 - [MESSAGE][PASSED] - Browser is closed]]></system-out>
         <system-err><![CDATA[2020-10-15 13:54:23 - [TEST_CASE][FAILED] - Test Cases/Certpay_Quicksti/TC_001_SingleBureauSite_SingleLinePayment: Test Cases/Certpay_Quicksti/TC_001_SingleBureauSite_SingleLinePayment FAILED.
Reason:
com.kms.katalon.core.exception.StepFailedException: Unable to verify match
	at com.kms.katalon.core.util.KeywordUtil.markFailed(KeywordUtil.java:19)
	at com.kms.katalon.core.util.KeywordUtil$markFailed$1.call(Unknown Source)
	at pages.Search_Page.validatePaymentAmount(Search_Page.groovy:140)
	at pages.Search_Page.invokeMethod(Search_Page.groovy)
	at com.kms.katalon.core.main.CustomKeywordDelegatingMetaClass.invokeStaticMethod(CustomKeywordDelegatingMetaClass.java:50)
	at TC_001_SingleBureauSite_SingleLinePayment.run(TC_001_SingleBureauSite_SingleLinePayment:144)
	at com.kms.katalon.core.main.ScriptEngine.run(ScriptEngine.java:194)
	at com.kms.katalon.core.main.ScriptEngine.runScriptAsRawText(ScriptEngine.java:119)
	at com.kms.katalon.core.main.TestCaseExecutor.runScript(TestCaseExecutor.java:337)
	at com.kms.katalon.core.main.TestCaseExecutor.doExecute(TestCaseExecutor.java:328)
	at com.kms.katalon.core.main.TestCaseExecutor.processExecutionPhase(TestCaseExecutor.java:307)
	at com.kms.katalon.core.main.TestCaseExecutor.accessMainPhase(TestCaseExecutor.java:299)
	at com.kms.katalon.core.main.TestCaseExecutor.execute(TestCaseExecutor.java:233)
	at com.kms.katalon.core.main.TestSuiteExecutor.accessTestCaseMainPhase(TestSuiteExecutor.java:169)
	at com.kms.katalon.core.main.TestSuiteExecutor.accessTestSuiteMainPhase(TestSuiteExecutor.java:142)
	at com.kms.katalon.core.main.TestSuiteExecutor.execute(TestSuiteExecutor.java:91)
	at com.kms.katalon.core.main.TestCaseMain.startTestSuite(TestCaseMain.java:157)
	at com.kms.katalon.core.main.TestCaseMain$startTestSuite$0.call(Unknown Source)
	at TempTestSuite1602750259530.run(TempTestSuite1602750259530.groovy:36)]]></system-err>
      </testcase>
      <testcase name="Test Cases/Certpay_Quicksti/TC_002_MultiBureauSite_SingleBureau_MultiLinePayment" time="725.06" classname="Test Cases/Certpay_Quicksti/TC_002_MultiBureauSite_SingleBureau_MultiLinePayment" status="PASSED">
         <system-out><![CDATA[2020-10-15 14:04:23 - [TEST_CASE][PASSED] - Test Cases/Certpay_Quicksti/TC_002_MultiBureauSite_SingleBureau_MultiLinePayment: Test Cases/Certpay_Quicksti/TC_002_MultiBureauSite_SingleBureau_MultiLinePayment

2020-10-15 14:04:23 - [TEST_STEP][PASSED] - Start listener action : beforeTestCase: null

2020-10-15 14:04:23 - [TEST_STEP][PASSED] - data = findTestData("Certpay/SingleBureau_MultiLine"): null

2020-10-15 14:04:23 - [TEST_STEP][PASSED] - amountList = []: null

2020-10-15 14:04:23 - [TEST_STEP][PASSED] - referenceList = []: null

2020-10-15 14:04:23 - [TEST_STEP][PASSED] - paymentTypeList = []: null

2020-10-15 14:04:23 - [TEST_STEP][PASSED] - quantityList = []: null

2020-10-15 14:04:23 - [TEST_STEP][PASSED] - commentsList = []: null

2020-10-15 14:04:23 - [TEST_STEP][PASSED] - paymentIdList = []: null

2020-10-15 14:04:23 - [TEST_STEP][PASSED] - list = new java.util.ArrayList(): null

2020-10-15 14:04:23 - [TEST_STEP][PASSED] - for (def index : (1..data.getRowNumbers())): null

2020-10-15 14:04:23 - [TEST_STEP][PASSED] - firstName = data.getValue("FirstName", index): null

2020-10-15 14:04:23 - [TEST_STEP][PASSED] - lastName = data.getValue("LastName", index): null

2020-10-15 14:04:23 - [TEST_STEP][PASSED] - cardNum = data.getValue("CardNumber", index): null

2020-10-15 14:04:23 - [TEST_STEP][PASSED] - expMonth = data.getValue("ExpMonth", index): null

2020-10-15 14:04:23 - [TEST_STEP][PASSED] - expYear = data.getValue("ExpYear", index): null

2020-10-15 14:04:23 - [TEST_STEP][PASSED] - securityCode = data.getValue("SecurityCode", index): null

2020-10-15 14:04:23 - [TEST_STEP][PASSED] - paymentAmount = data.getValue("PaymentAmount", index): null

2020-10-15 14:04:23 - [TEST_STEP][PASSED] - paymentType = data.getValue("PaymentType", index): null

2020-10-15 14:04:23 - [TEST_STEP][PASSED] - quantity = data.getValue("Quantity", index): null

2020-10-15 14:04:23 - [TEST_STEP][PASSED] - comments = data.getValue("Comments", index): null

2020-10-15 14:04:23 - [TEST_STEP][PASSED] - referenceNum = data.getValue("ReferenceNum", index): null

2020-10-15 14:04:23 - [TEST_STEP][PASSED] - address = data.getValue("Address", index): null

2020-10-15 14:04:23 - [TEST_STEP][PASSED] - zipCode = data.getValue("Zipcode", index): null

2020-10-15 14:04:23 - [TEST_STEP][PASSED] - telephone = data.getValue("Telephone", index): null

2020-10-15 14:04:23 - [TEST_STEP][PASSED] - emailAddress = data.getValue("EmailAddress", index): null

2020-10-15 14:04:23 - [TEST_STEP][PASSED] - cardType = data.getValue("CardType", index): null

2020-10-15 14:04:23 - [TEST_STEP][PASSED] - amountList = paymentAmount.split(","): null

2020-10-15 14:04:23 - [TEST_STEP][PASSED] - referenceList = referenceNum.split(","): null

2020-10-15 14:04:23 - [TEST_STEP][PASSED] - paymentTypeList = paymentType.split(","): null

2020-10-15 14:04:23 - [TEST_STEP][PASSED] - commentsList = comments.split(","): null

2020-10-15 14:04:23 - [TEST_STEP][PASSED] - quantityList = quantity.split(","): null

2020-10-15 14:04:23 - [TEST_STEP][PASSED] - utilities.SafeActions.openBrowser(Quicksti_Url, [pageLoadTime]): Browser launched successfully

2020-10-15 14:04:23 - [MESSAGE][INFO] - Opening Browser

2020-10-15 14:04:23 - [MESSAGE][INFO] - Starting 'Chrome' driver

2020-10-15 14:04:42 - [MESSAGE][PASSED] - Browser is opened with url: 'https://qa-certpayquicksti.faps.net/'

2020-10-15 14:04:45 - [MESSAGE][PASSED] - Current window maximized

2020-10-15 14:04:45 - [MESSAGE][PASSED] - Browser launched successfully

2020-10-15 14:04:45 - [TEST_STEP][PASSED] - utilities.SafeActions.safeCheck(findTestObject("CERTPAY_QUICKSTI/Login_ Page/MULTI_BUREAU_CHECKBOX"), "Multi Bureau", [pageLoadTime]): Quicksti.ts:Checkbox 'Multi Bureau'is selected

2020-10-15 14:04:45 - [MESSAGE][PASSED] - Object 'Object Repository/CERTPAY_QUICKSTI/Login_ Page/MULTI_BUREAU_CHECKBOX' is present

2020-10-15 14:04:46 - [MESSAGE][PASSED] - Object 'Object Repository/CERTPAY_QUICKSTI/Login_ Page/MULTI_BUREAU_CHECKBOX' is present

2020-10-15 14:04:47 - [MESSAGE][PASSED] - Object: 'Object Repository/CERTPAY_QUICKSTI/Login_ Page/MULTI_BUREAU_CHECKBOX' is clicked on

2020-10-15 14:04:47 - [MESSAGE][PASSED] - Quicksti.ts:Checkbox 'Multi Bureau'is selected

2020-10-15 14:04:47 - [TEST_STEP][PASSED] - utilities.SafeActions.safeType(findTestObject("CERTPAY_QUICKSTI/Login_ Page/TELLER_ID"), teller_id, "Bureau code", [pageLoadTime]): Quicksti.ts:Entered'zenq into Bureau code

2020-10-15 14:04:51 - [MESSAGE][PASSED] - Object 'Object Repository/CERTPAY_QUICKSTI/Login_ Page/TELLER_ID' is present

2020-10-15 14:04:51 - [MESSAGE][PASSED] - Object 'Object Repository/CERTPAY_QUICKSTI/Login_ Page/TELLER_ID' is visible

2020-10-15 14:04:51 - [MESSAGE][PASSED] - Object 'Object Repository/CERTPAY_QUICKSTI/Login_ Page/TELLER_ID' is present

2020-10-15 14:04:53 - [MESSAGE][PASSED] - Text 'zenq' is set on object 'Object Repository/CERTPAY_QUICKSTI/Login_ Page/TELLER_ID'

2020-10-15 14:04:53 - [MESSAGE][PASSED] - Quicksti.ts:Entered'zenq into Bureau code

2020-10-15 14:04:53 - [TEST_STEP][PASSED] - utilities.SafeActions.safeClick(findTestObject("CERTPAY_QUICKSTI/Login_ Page/NEXT_BUTTON"), "Next button", [pageLoadTime]): Quicksti.ts:Clicked on the Next button

2020-10-15 14:04:53 - [MESSAGE][INFO] - safeClicking

2020-10-15 14:04:53 - [MESSAGE][PASSED] - Object 'Object Repository/CERTPAY_QUICKSTI/Login_ Page/NEXT_BUTTON' is present

2020-10-15 14:04:53 - [MESSAGE][PASSED] - Object 'Object Repository/CERTPAY_QUICKSTI/Login_ Page/NEXT_BUTTON' is clickable

2020-10-15 14:05:01 - [MESSAGE][PASSED] - Object: 'Object Repository/CERTPAY_QUICKSTI/Login_ Page/NEXT_BUTTON' is clicked on

2020-10-15 14:05:01 - [MESSAGE][PASSED] - Quicksti.ts:Clicked on the Next button

2020-10-15 14:05:01 - [TEST_STEP][PASSED] - for ([i = 0, i <= amountList.size() - 1, (i++)]): Quicksti.ts:Entered'2 into Quntity

2020-10-15 14:05:01 - [TEST_STEP][PASSED] - s = Integer.toString(i): null

2020-10-15 14:05:01 - [TEST_STEP][PASSED] - pages.Quicksti.setCommnets("0", s, commentsList.get(i)): Quicksti.ts:Entered'Testing into Comments

2020-10-15 14:05:01 - [MESSAGE][PASSED] - Object '' is present

2020-10-15 14:05:01 - [MESSAGE][PASSED] - Object '' is visible

2020-10-15 14:05:02 - [MESSAGE][PASSED] - Object '' is present

2020-10-15 14:05:03 - [MESSAGE][PASSED] - Text 'Testing' is set on object ''

2020-10-15 14:05:03 - [MESSAGE][PASSED] - Quicksti.ts:Entered'Testing into Comments

2020-10-15 14:05:03 - [TEST_STEP][PASSED] - utilities.SafeActions.safeType(findTestObject("CERTPAY_QUICKSTI/Payment_Information_Page/PAYMENT_AMOUNT"), amountList.get(i), "Payment Amount", [pageLoadTime]): Quicksti.ts:Entered'45.00 into Payment Amount

2020-10-15 14:05:03 - [MESSAGE][PASSED] - Object 'Object Repository/CERTPAY_QUICKSTI/Payment_Information_Page/PAYMENT_AMOUNT' is present

2020-10-15 14:05:04 - [MESSAGE][PASSED] - Object 'Object Repository/CERTPAY_QUICKSTI/Payment_Information_Page/PAYMENT_AMOUNT' is visible

2020-10-15 14:05:04 - [MESSAGE][PASSED] - Object 'Object Repository/CERTPAY_QUICKSTI/Payment_Information_Page/PAYMENT_AMOUNT' is present

2020-10-15 14:05:05 - [MESSAGE][PASSED] - Text '45.00' is set on object 'Object Repository/CERTPAY_QUICKSTI/Payment_Information_Page/PAYMENT_AMOUNT'

2020-10-15 14:05:05 - [MESSAGE][PASSED] - Quicksti.ts:Entered'45.00 into Payment Amount

2020-10-15 14:05:05 - [TEST_STEP][PASSED] - pages.Quicksti.setAmountDetailsForMultiBureau(s, paymentTypeList.get(i), "0", referenceList.get(i), quantityList.get(i)): Quicksti.ts:Entered'1 into Quntity

2020-10-15 14:05:06 - [MESSAGE][PASSED] - Object '' is visible

2020-10-15 14:05:06 - [MESSAGE][PASSED] - Object '' is present

2020-10-15 14:05:07 - [MESSAGE][PASSED] - Object: '' is clicked on

2020-10-15 14:05:09 - [MESSAGE][PASSED] - All options with label 'Licenses' are selected in object ''  using regular expression

2020-10-15 14:05:09 - [MESSAGE][PASSED] - selected dropdown option by visible text  Licensesfrom Payment Type

2020-10-15 14:05:09 - [MESSAGE][PASSED] - Object '' is present

2020-10-15 14:05:09 - [MESSAGE][PASSED] - Object '' is visible

2020-10-15 14:05:10 - [MESSAGE][PASSED] - Object '' is present

2020-10-15 14:05:11 - [MESSAGE][PASSED] - Text '11' is set on object ''

2020-10-15 14:05:11 - [MESSAGE][PASSED] - Quicksti.ts:Entered'11 into RefrenceNumber

2020-10-15 14:05:11 - [MESSAGE][PASSED] - Object '' is present

2020-10-15 14:05:12 - [MESSAGE][PASSED] - Object '' is visible

2020-10-15 14:05:12 - [MESSAGE][PASSED] - Object '' is present

2020-10-15 14:05:13 - [MESSAGE][PASSED] - Text '1' is set on object ''

2020-10-15 14:05:13 - [MESSAGE][PASSED] - Quicksti.ts:Entered'1 into Quntity

2020-10-15 14:05:13 - [TEST_STEP][PASSED] - s = Integer.toString(i): null

2020-10-15 14:05:13 - [TEST_STEP][PASSED] - pages.Quicksti.setCommnets("0", s, commentsList.get(i)): Quicksti.ts:Entered'Tester into Comments

2020-10-15 14:05:14 - [MESSAGE][PASSED] - Object '' is present

2020-10-15 14:05:14 - [MESSAGE][PASSED] - Object '' is visible

2020-10-15 14:05:14 - [MESSAGE][PASSED] - Object '' is present

2020-10-15 14:05:15 - [MESSAGE][PASSED] - Text 'Tester' is set on object ''

2020-10-15 14:05:15 - [MESSAGE][PASSED] - Quicksti.ts:Entered'Tester into Comments

2020-10-15 14:05:15 - [TEST_STEP][PASSED] - utilities.SafeActions.safeType(findTestObject("CERTPAY_QUICKSTI/Payment_Information_Page/PAYMENT_AMOUNT"), amountList.get(i), "Payment Amount", [pageLoadTime]): Quicksti.ts:Entered'35.00 into Payment Amount

2020-10-15 14:05:16 - [MESSAGE][PASSED] - Object 'Object Repository/CERTPAY_QUICKSTI/Payment_Information_Page/PAYMENT_AMOUNT' is present

2020-10-15 14:05:16 - [MESSAGE][PASSED] - Object 'Object Repository/CERTPAY_QUICKSTI/Payment_Information_Page/PAYMENT_AMOUNT' is visible

2020-10-15 14:05:16 - [MESSAGE][PASSED] - Object 'Object Repository/CERTPAY_QUICKSTI/Payment_Information_Page/PAYMENT_AMOUNT' is present

2020-10-15 14:05:18 - [MESSAGE][PASSED] - Text '35.00' is set on object 'Object Repository/CERTPAY_QUICKSTI/Payment_Information_Page/PAYMENT_AMOUNT'

2020-10-15 14:05:18 - [MESSAGE][PASSED] - Quicksti.ts:Entered'35.00 into Payment Amount

2020-10-15 14:05:18 - [TEST_STEP][PASSED] - pages.Quicksti.setAmountDetailsForMultiBureau(s, paymentTypeList.get(i), "0", referenceList.get(i), quantityList.get(i)): Quicksti.ts:Entered'2 into Quntity

2020-10-15 14:05:18 - [MESSAGE][PASSED] - Object '' is visible

2020-10-15 14:05:19 - [MESSAGE][PASSED] - Object '' is present

2020-10-15 14:05:20 - [MESSAGE][PASSED] - Object: '' is clicked on

2020-10-15 14:05:21 - [MESSAGE][PASSED] - All options with label 'Taxes' are selected in object ''  using regular expression

2020-10-15 14:05:21 - [MESSAGE][PASSED] - selected dropdown option by visible text  Taxesfrom Payment Type

2020-10-15 14:05:22 - [MESSAGE][PASSED] - Object '' is present

2020-10-15 14:05:22 - [MESSAGE][PASSED] - Object '' is visible

2020-10-15 14:05:22 - [MESSAGE][PASSED] - Object '' is present

2020-10-15 14:05:23 - [MESSAGE][PASSED] - Text '12' is set on object ''

2020-10-15 14:05:23 - [MESSAGE][PASSED] - Quicksti.ts:Entered'12 into RefrenceNumber

2020-10-15 14:05:24 - [MESSAGE][PASSED] - Object '' is present

2020-10-15 14:05:24 - [MESSAGE][PASSED] - Object '' is visible

2020-10-15 14:05:24 - [MESSAGE][PASSED] - Object '' is present

2020-10-15 14:05:26 - [MESSAGE][PASSED] - Text '2' is set on object ''

2020-10-15 14:05:26 - [MESSAGE][PASSED] - Quicksti.ts:Entered'2 into Quntity

2020-10-15 14:05:26 - [TEST_STEP][PASSED] - amount_Value = pages.Quicksti.getAttributeValue(findTestObject("CERTPAY_QUICKSTI/Payment_Information_Page/SUB_TOTAL")): pages.Quicksti.getAttributeValue is PASSED

2020-10-15 14:05:26 - [MESSAGE][PASSED] - Attribute 'value' of object 'Object Repository/CERTPAY_QUICKSTI/Payment_Information_Page/SUB_TOTAL' is: '45.00'

2020-10-15 14:05:26 - [MESSAGE][PASSED] - pages.Quicksti.getAttributeValue is PASSED

2020-10-15 14:05:26 - [TEST_STEP][PASSED] - utilities.SafeActions.safeClick(findTestObject("CERTPAY_QUICKSTI/Payment_Information_Page/MANUAL_ENTRY_BUTTON"), "ManualEntry", [pageLoadTime]): Quicksti.ts:Clicked on the ManualEntry

2020-10-15 14:05:26 - [MESSAGE][INFO] - safeClicking

2020-10-15 14:05:26 - [MESSAGE][PASSED] - Object 'Object Repository/CERTPAY_QUICKSTI/Payment_Information_Page/MANUAL_ENTRY_BUTTON' is present

2020-10-15 14:05:27 - [MESSAGE][PASSED] - Object 'Object Repository/CERTPAY_QUICKSTI/Payment_Information_Page/MANUAL_ENTRY_BUTTON' is clickable

2020-10-15 14:05:33 - [MESSAGE][PASSED] - Object: 'Object Repository/CERTPAY_QUICKSTI/Payment_Information_Page/MANUAL_ENTRY_BUTTON' is clicked on

2020-10-15 14:05:33 - [MESSAGE][PASSED] - Quicksti.ts:Clicked on the ManualEntry

2020-10-15 14:05:33 - [TEST_STEP][PASSED] - CardNumber = pages.Quicksti.setUserPaymentDetails(firstName, lastName, cardNum): Quicksti.ts:Entered'4761739001010135 into CardNum

2020-10-15 14:05:33 - [MESSAGE][PASSED] - Object 'Object Repository/CERTPAY_QUICKSTI/Payment_Information_Page/FIRST_NAME' is present

2020-10-15 14:05:34 - [MESSAGE][PASSED] - Object 'Object Repository/CERTPAY_QUICKSTI/Payment_Information_Page/FIRST_NAME' is visible

2020-10-15 14:05:34 - [MESSAGE][PASSED] - Object 'Object Repository/CERTPAY_QUICKSTI/Payment_Information_Page/FIRST_NAME' is present

2020-10-15 14:05:35 - [MESSAGE][PASSED] - Text 'Tester' is set on object 'Object Repository/CERTPAY_QUICKSTI/Payment_Information_Page/FIRST_NAME'

2020-10-15 14:05:35 - [MESSAGE][PASSED] - Quicksti.ts:Entered'Tester into FirstName

2020-10-15 14:05:36 - [MESSAGE][PASSED] - Object 'Object Repository/CERTPAY_QUICKSTI/Payment_Information_Page/LAST_NAME' is present

2020-10-15 14:05:36 - [MESSAGE][PASSED] - Object 'Object Repository/CERTPAY_QUICKSTI/Payment_Information_Page/LAST_NAME' is visible

2020-10-15 14:05:36 - [MESSAGE][PASSED] - Object 'Object Repository/CERTPAY_QUICKSTI/Payment_Information_Page/LAST_NAME' is present

2020-10-15 14:05:38 - [MESSAGE][PASSED] - Text 'Zenq1' is set on object 'Object Repository/CERTPAY_QUICKSTI/Payment_Information_Page/LAST_NAME'

2020-10-15 14:05:38 - [MESSAGE][PASSED] - Quicksti.ts:Entered'Zenq1 into LAstName

2020-10-15 14:05:38 - [MESSAGE][PASSED] - Object 'Object Repository/CERTPAY_QUICKSTI/Payment_Information_Page/CARD_NUMBER' is present

2020-10-15 14:05:38 - [MESSAGE][PASSED] - Object 'Object Repository/CERTPAY_QUICKSTI/Payment_Information_Page/CARD_NUMBER' is visible

2020-10-15 14:05:39 - [MESSAGE][PASSED] - Object 'Object Repository/CERTPAY_QUICKSTI/Payment_Information_Page/CARD_NUMBER' is present

2020-10-15 14:05:40 - [MESSAGE][PASSED] - Text '4761739001010135' is set on object 'Object Repository/CERTPAY_QUICKSTI/Payment_Information_Page/CARD_NUMBER'

2020-10-15 14:05:40 - [MESSAGE][PASSED] - Quicksti.ts:Entered'4761739001010135 into CardNum

2020-10-15 14:05:40 - [TEST_STEP][PASSED] - pages.Quicksti.setExpDate(expMonth, expYear, securityCode): Quicksti.ts:Entered'207 into securityCode

2020-10-15 14:05:40 - [MESSAGE][PASSED] - Object 'Object Repository/CERTPAY_QUICKSTI/Payment_Information_Page/EXP_MONTH' is visible

2020-10-15 14:05:41 - [MESSAGE][PASSED] - Object 'Object Repository/CERTPAY_QUICKSTI/Payment_Information_Page/EXP_MONTH' is present

2020-10-15 14:05:42 - [MESSAGE][PASSED] - Object: 'Object Repository/CERTPAY_QUICKSTI/Payment_Information_Page/EXP_MONTH' is clicked on

2020-10-15 14:05:43 - [MESSAGE][PASSED] - All options with label '03' are selected in object 'Object Repository/CERTPAY_QUICKSTI/Payment_Information_Page/EXP_MONTH'  using regular expression

2020-10-15 14:05:43 - [MESSAGE][PASSED] - selected dropdown option by visible text  03from expMonth

2020-10-15 14:05:43 - [MESSAGE][PASSED] - Object 'Object Repository/CERTPAY_QUICKSTI/Payment_Information_Page/EXP_YEAR' is visible

2020-10-15 14:05:44 - [MESSAGE][PASSED] - Object 'Object Repository/CERTPAY_QUICKSTI/Payment_Information_Page/EXP_YEAR' is present

2020-10-15 14:05:45 - [MESSAGE][PASSED] - Object: 'Object Repository/CERTPAY_QUICKSTI/Payment_Information_Page/EXP_YEAR' is clicked on

2020-10-15 14:05:46 - [MESSAGE][PASSED] - All options with label '2022' are selected in object 'Object Repository/CERTPAY_QUICKSTI/Payment_Information_Page/EXP_YEAR'  using regular expression

2020-10-15 14:05:46 - [MESSAGE][PASSED] - selected dropdown option by visible text  2022from  expYear

2020-10-15 14:05:47 - [MESSAGE][PASSED] - Object 'Object Repository/CERTPAY_QUICKSTI/Payment_Information_Page/SECURITY_CODE' is present

2020-10-15 14:05:47 - [MESSAGE][PASSED] - Object 'Object Repository/CERTPAY_QUICKSTI/Payment_Information_Page/SECURITY_CODE' is visible

2020-10-15 14:05:47 - [MESSAGE][PASSED] - Object 'Object Repository/CERTPAY_QUICKSTI/Payment_Information_Page/SECURITY_CODE' is present

2020-10-15 14:05:49 - [MESSAGE][PASSED] - Text '207' is set on object 'Object Repository/CERTPAY_QUICKSTI/Payment_Information_Page/SECURITY_CODE'

2020-10-15 14:05:49 - [MESSAGE][PASSED] - Quicksti.ts:Entered'207 into securityCode

2020-10-15 14:05:49 - [TEST_STEP][PASSED] - utilities.SafeActions.safeType(findTestObject("CERTPAY_QUICKSTI/Payment_Information_Page/ADDRESS"), address, "Address", [pageLoadTime]): Quicksti.ts:Entered'14-2 into Address

2020-10-15 14:05:49 - [MESSAGE][PASSED] - Object 'Object Repository/CERTPAY_QUICKSTI/Payment_Information_Page/ADDRESS' is present

2020-10-15 14:05:49 - [MESSAGE][PASSED] - Object 'Object Repository/CERTPAY_QUICKSTI/Payment_Information_Page/ADDRESS' is visible

2020-10-15 14:05:50 - [MESSAGE][PASSED] - Object 'Object Repository/CERTPAY_QUICKSTI/Payment_Information_Page/ADDRESS' is present

2020-10-15 14:05:51 - [MESSAGE][PASSED] - Text '14-2' is set on object 'Object Repository/CERTPAY_QUICKSTI/Payment_Information_Page/ADDRESS'

2020-10-15 14:05:51 - [MESSAGE][PASSED] - Quicksti.ts:Entered'14-2 into Address

2020-10-15 14:05:51 - [TEST_STEP][PASSED] - utilities.SafeActions.safeType(findTestObject("CERTPAY_QUICKSTI/Payment_Information_Page/ZIP_CODE"), zipCode, "zipcode", [pageLoadTime]): Quicksti.ts:Entered'76102 into zipcode

2020-10-15 14:05:51 - [MESSAGE][PASSED] - Object 'Object Repository/CERTPAY_QUICKSTI/Payment_Information_Page/ZIP_CODE' is present

2020-10-15 14:05:52 - [MESSAGE][PASSED] - Object 'Object Repository/CERTPAY_QUICKSTI/Payment_Information_Page/ZIP_CODE' is visible

2020-10-15 14:05:52 - [MESSAGE][PASSED] - Object 'Object Repository/CERTPAY_QUICKSTI/Payment_Information_Page/ZIP_CODE' is present

2020-10-15 14:05:53 - [MESSAGE][PASSED] - Text '76102' is set on object 'Object Repository/CERTPAY_QUICKSTI/Payment_Information_Page/ZIP_CODE'

2020-10-15 14:05:53 - [MESSAGE][PASSED] - Quicksti.ts:Entered'76102 into zipcode

2020-10-15 14:05:53 - [TEST_STEP][PASSED] - utilities.SafeActions.safeType(findTestObject("CERTPAY_QUICKSTI/Payment_Information_Page/TELEPHONE"), telephone, "Telephone", [pageLoadTime]): Quicksti.ts:Entered'9988776655 into Telephone

2020-10-15 14:05:53 - [MESSAGE][PASSED] - Object 'Object Repository/CERTPAY_QUICKSTI/Payment_Information_Page/TELEPHONE' is present

2020-10-15 14:05:54 - [MESSAGE][PASSED] - Object 'Object Repository/CERTPAY_QUICKSTI/Payment_Information_Page/TELEPHONE' is visible

2020-10-15 14:05:54 - [MESSAGE][PASSED] - Object 'Object Repository/CERTPAY_QUICKSTI/Payment_Information_Page/TELEPHONE' is present

2020-10-15 14:05:55 - [MESSAGE][PASSED] - Text '9988776655' is set on object 'Object Repository/CERTPAY_QUICKSTI/Payment_Information_Page/TELEPHONE'

2020-10-15 14:05:55 - [MESSAGE][PASSED] - Quicksti.ts:Entered'9988776655 into Telephone

2020-10-15 14:05:55 - [TEST_STEP][PASSED] - utilities.SafeActions.safeType(findTestObject("CERTPAY_QUICKSTI/Payment_Information_Page/EMAIL_ADDRESS"), emailAddress, "EMAIL address", [pageLoadTime]): Quicksti.ts:Entered'testing@zenq.com into EMAIL address

2020-10-15 14:05:56 - [MESSAGE][PASSED] - Object 'Object Repository/CERTPAY_QUICKSTI/Payment_Information_Page/EMAIL_ADDRESS' is present

2020-10-15 14:05:56 - [MESSAGE][PASSED] - Object 'Object Repository/CERTPAY_QUICKSTI/Payment_Information_Page/EMAIL_ADDRESS' is visible

2020-10-15 14:05:56 - [MESSAGE][PASSED] - Object 'Object Repository/CERTPAY_QUICKSTI/Payment_Information_Page/EMAIL_ADDRESS' is present

2020-10-15 14:05:58 - [MESSAGE][PASSED] - Text 'testing@zenq.com' is set on object 'Object Repository/CERTPAY_QUICKSTI/Payment_Information_Page/EMAIL_ADDRESS'

2020-10-15 14:05:58 - [MESSAGE][PASSED] - Quicksti.ts:Entered'testing@zenq.com into EMAIL address

2020-10-15 14:05:58 - [TEST_STEP][PASSED] - utilities.SafeActions.safeClick(findTestObject("CERTPAY_QUICKSTI/Payment_Information_Page/NEXT_BUTTON"), "Next", [pageLoadTime]): Quicksti.ts:Clicked on the Next

2020-10-15 14:05:58 - [MESSAGE][INFO] - safeClicking

2020-10-15 14:05:58 - [MESSAGE][PASSED] - Object 'Object Repository/CERTPAY_QUICKSTI/Payment_Information_Page/NEXT_BUTTON' is present

2020-10-15 14:05:58 - [MESSAGE][PASSED] - Object 'Object Repository/CERTPAY_QUICKSTI/Payment_Information_Page/NEXT_BUTTON' is clickable

2020-10-15 14:06:04 - [MESSAGE][PASSED] - Object: 'Object Repository/CERTPAY_QUICKSTI/Payment_Information_Page/NEXT_BUTTON' is clicked on

2020-10-15 14:06:04 - [MESSAGE][PASSED] - Quicksti.ts:Clicked on the Next

2020-10-15 14:06:04 - [TEST_STEP][PASSED] - pages.Quicksti.verifyUserPaymentDetails(amountList.get(0), firstName, lastName, CardNumber): pages.Quicksti.verifyUserPaymentDetails is PASSED

2020-10-15 14:06:05 - [MESSAGE][PASSED] - Text of object 'Object Repository/CERTPAY_QUICKSTI/Payment_Details_Verification_Page/AMOUNT' is: '$45.00'

2020-10-15 14:06:05 - [MESSAGE][PASSED] - Actual text '45.00' and expected text '45.00' are matched  using regular expression

2020-10-15 14:06:05 - [MESSAGE][PASSED] - Text of object 'Object Repository/CERTPAY_QUICKSTI/Payment_Details_Verification_Page/NAME' is: 'Tester Zenq1'

2020-10-15 14:06:05 - [MESSAGE][PASSED] - Actual text 'Tester Zenq1' and expected text 'Tester Zenq1' are matched  using regular expression

2020-10-15 14:06:06 - [MESSAGE][PASSED] - Text of object 'Object Repository/CERTPAY_QUICKSTI/Payment_Details_Verification_Page/CARD_NUMBER' is: '...0135'

2020-10-15 14:06:06 - [MESSAGE][PASSED] - Actual text '0135' and expected text '0135' are matched  using regular expression

2020-10-15 14:06:06 - [MESSAGE][PASSED] - pages.Quicksti.verifyUserPaymentDetails is PASSED

2020-10-15 14:06:06 - [TEST_STEP][PASSED] - delay(2): Delayed 2 second(s)

2020-10-15 14:06:08 - [MESSAGE][PASSED] - Delayed 2 second(s)

2020-10-15 14:06:08 - [TEST_STEP][PASSED] - ConvFee = getText(findTestObject("CERTPAY_QUICKSTI/Payment_Information_Page/CONV_FEE")): Text of object 'Object Repository/CERTPAY_QUICKSTI/Payment_Information_Page/CONV_FEE' is: '$0.45'

2020-10-15 14:06:08 - [MESSAGE][PASSED] - Text of object 'Object Repository/CERTPAY_QUICKSTI/Payment_Information_Page/CONV_FEE' is: '$0.45'

2020-10-15 14:06:08 - [TEST_STEP][PASSED] - scrollToElement(findTestObject("CERTPAY_QUICKSTI/Payment_Details_Verification_Page/PROCESS"), 0): Scroll to object 'Object Repository/CERTPAY_QUICKSTI/Payment_Details_Verification_Page/PROCESS' successfully

2020-10-15 14:06:08 - [MESSAGE][WARNING] - Timeout '0' is invalid. Using default page load timeout: '30'

2020-10-15 14:06:09 - [MESSAGE][PASSED] - Scroll to object 'Object Repository/CERTPAY_QUICKSTI/Payment_Details_Verification_Page/PROCESS' successfully

2020-10-15 14:06:09 - [TEST_STEP][PASSED] - utilities.SafeActions.safeClick(findTestObject("CERTPAY_QUICKSTI/Payment_Details_Verification_Page/PROCESS"), "Process", [pageLoadTime]): Quicksti.ts:Clicked on the Process

2020-10-15 14:06:09 - [MESSAGE][INFO] - safeClicking

2020-10-15 14:06:09 - [MESSAGE][PASSED] - Object 'Object Repository/CERTPAY_QUICKSTI/Payment_Details_Verification_Page/PROCESS' is present

2020-10-15 14:06:09 - [MESSAGE][PASSED] - Object 'Object Repository/CERTPAY_QUICKSTI/Payment_Details_Verification_Page/PROCESS' is clickable

2020-10-15 14:06:16 - [MESSAGE][PASSED] - Object: 'Object Repository/CERTPAY_QUICKSTI/Payment_Details_Verification_Page/PROCESS' is clicked on

2020-10-15 14:06:16 - [MESSAGE][PASSED] - Quicksti.ts:Clicked on the Process

2020-10-15 14:06:16 - [TEST_STEP][PASSED] - PaymentID = pages.Quicksti.verifyPaymentApproval(findTestObject("CERTPAY_QUICKSTI/Payment_Details_Verification_Page/APPROVED")): Payment is approved

2020-10-15 14:06:17 - [MESSAGE][PASSED] - Text of object 'Object Repository/CERTPAY_QUICKSTI/Payment_Details_Verification_Page/PAYMENT_ID' is: '100176129046'

2020-10-15 14:06:17 - [MESSAGE][PASSED] - Object 'Object Repository/CERTPAY_QUICKSTI/Payment_Details_Verification_Page/APPROVED' is present

2020-10-15 14:06:17 - [MESSAGE][PASSED] - Payment is approved

2020-10-15 14:06:19 - [TEST_STEP][PASSED] - navigateToUrl(Admin_url): Navigate to 'https://qa-certpayadmin.faps.net' successfully

2020-10-15 14:06:34 - [MESSAGE][PASSED] - Navigate to 'https://qa-certpayadmin.faps.net' successfully

2020-10-15 14:06:34 - [TEST_STEP][PASSED] - pages.Bureau_Login_Page.loginToAdminSite(AdminUsername, AdminPassword): Quicksti.ts:Clicked on the LOGIN

2020-10-15 14:06:34 - [MESSAGE][PASSED] - Object 'Object Repository/CERTPAY_ADMIN/USER_NAME' is present

2020-10-15 14:06:35 - [MESSAGE][PASSED] - Object 'Object Repository/CERTPAY_ADMIN/USER_NAME' is visible

2020-10-15 14:06:35 - [MESSAGE][PASSED] - Object 'Object Repository/CERTPAY_ADMIN/USER_NAME' is present

2020-10-15 14:06:36 - [MESSAGE][PASSED] - Text 'VVangiliappan' is set on object 'Object Repository/CERTPAY_ADMIN/USER_NAME'

2020-10-15 14:06:36 - [MESSAGE][PASSED] - Quicksti.ts:Entered'VVangiliappan into username

2020-10-15 14:06:37 - [MESSAGE][PASSED] - Object 'Object Repository/CERTPAY_ADMIN/PASSWORD' is present

2020-10-15 14:06:37 - [MESSAGE][PASSED] - Object 'Object Repository/CERTPAY_ADMIN/PASSWORD' is visible

2020-10-15 14:06:37 - [MESSAGE][PASSED] - Object 'Object Repository/CERTPAY_ADMIN/PASSWORD' is present

2020-10-15 14:06:38 - [MESSAGE][PASSED] - Text 'Test@123' is set on object 'Object Repository/CERTPAY_ADMIN/PASSWORD'

2020-10-15 14:06:38 - [MESSAGE][PASSED] - Quicksti.ts:Entered'Test@123 into password

2020-10-15 14:06:38 - [MESSAGE][INFO] - safeClicking

2020-10-15 14:06:39 - [MESSAGE][PASSED] - Object 'Object Repository/CERTPAY_ADMIN/LOGIN_BUTTON' is present

2020-10-15 14:06:39 - [MESSAGE][PASSED] - Object 'Object Repository/CERTPAY_ADMIN/LOGIN_BUTTON' is clickable

2020-10-15 14:06:59 - [MESSAGE][PASSED] - Object: 'Object Repository/CERTPAY_ADMIN/LOGIN_BUTTON' is clicked on

2020-10-15 14:06:59 - [MESSAGE][PASSED] - Quicksti.ts:Clicked on the LOGIN

2020-10-15 14:06:59 - [TEST_STEP][PASSED] - utilities.SafeActions.safeClick(findTestObject("CERTPAY_ADMIN/TRANSACTION_MENU"), "TransactionMenu", [pageLoadTime]): Quicksti.ts:Clicked on the TransactionMenu

2020-10-15 14:06:59 - [MESSAGE][INFO] - safeClicking

2020-10-15 14:06:59 - [MESSAGE][PASSED] - Object 'Object Repository/CERTPAY_ADMIN/TRANSACTION_MENU' is present

2020-10-15 14:06:59 - [MESSAGE][PASSED] - Object 'Object Repository/CERTPAY_ADMIN/TRANSACTION_MENU' is clickable

2020-10-15 14:07:01 - [MESSAGE][PASSED] - Object: 'Object Repository/CERTPAY_ADMIN/TRANSACTION_MENU' is clicked on

2020-10-15 14:07:01 - [MESSAGE][PASSED] - Quicksti.ts:Clicked on the TransactionMenu

2020-10-15 14:07:01 - [TEST_STEP][PASSED] - utilities.SafeActions.safeClick(findTestObject("CERTPAY_ADMIN/TRANSACTION_SEARCH"), "TransactionSearch", [pageLoadTime]): Quicksti.ts:Clicked on the TransactionSearch

2020-10-15 14:07:01 - [MESSAGE][INFO] - safeClicking

2020-10-15 14:07:01 - [MESSAGE][PASSED] - Object 'Object Repository/CERTPAY_ADMIN/TRANSACTION_SEARCH' is present

2020-10-15 14:07:01 - [MESSAGE][PASSED] - Object 'Object Repository/CERTPAY_ADMIN/TRANSACTION_SEARCH' is clickable

2020-10-15 14:07:14 - [MESSAGE][PASSED] - Object: 'Object Repository/CERTPAY_ADMIN/TRANSACTION_SEARCH' is clicked on

2020-10-15 14:07:14 - [MESSAGE][PASSED] - Quicksti.ts:Clicked on the TransactionSearch

2020-10-15 14:07:14 - [TEST_STEP][PASSED] - delay(2): Delayed 2 second(s)

2020-10-15 14:07:16 - [MESSAGE][PASSED] - Delayed 2 second(s)

2020-10-15 14:07:17 - [TEST_STEP][PASSED] - utilities.SafeActions.safeType(findTestObject("CERTPAY_ADMIN/PAYMENT_ID"), PaymentID, "Payment id", [pageLoadTime]): Quicksti.ts:Entered'100176129046 into Payment id

2020-10-15 14:07:17 - [MESSAGE][PASSED] - Object 'Object Repository/CERTPAY_ADMIN/PAYMENT_ID' is present

2020-10-15 14:07:17 - [MESSAGE][PASSED] - Object 'Object Repository/CERTPAY_ADMIN/PAYMENT_ID' is visible

2020-10-15 14:07:17 - [MESSAGE][PASSED] - Object 'Object Repository/CERTPAY_ADMIN/PAYMENT_ID' is present

2020-10-15 14:07:19 - [MESSAGE][PASSED] - Text '100176129046' is set on object 'Object Repository/CERTPAY_ADMIN/PAYMENT_ID'

2020-10-15 14:07:19 - [MESSAGE][PASSED] - Quicksti.ts:Entered'100176129046 into Payment id

2020-10-15 14:07:19 - [TEST_STEP][PASSED] - utilities.SafeActions.safeClick(findTestObject("CERTPAY_ADMIN/GO_BUTTON"), "Go button", [pageLoadTime]): Quicksti.ts:Clicked on the Go button

2020-10-15 14:07:19 - [MESSAGE][INFO] - safeClicking

2020-10-15 14:07:19 - [MESSAGE][PASSED] - Object 'Object Repository/CERTPAY_ADMIN/GO_BUTTON' is present

2020-10-15 14:07:19 - [MESSAGE][PASSED] - Object 'Object Repository/CERTPAY_ADMIN/GO_BUTTON' is clickable

2020-10-15 14:07:25 - [MESSAGE][PASSED] - Object: 'Object Repository/CERTPAY_ADMIN/GO_BUTTON' is clicked on

2020-10-15 14:07:25 - [MESSAGE][PASSED] - Quicksti.ts:Clicked on the Go button

2020-10-15 14:07:25 - [TEST_STEP][PASSED] - delay(5): Delayed 5 second(s)

2020-10-15 14:07:30 - [MESSAGE][PASSED] - Delayed 5 second(s)

2020-10-15 14:07:30 - [TEST_STEP][PASSED] - scrollToPosition(800, 900): Browser is scrolled to position x = 800, y = 900

2020-10-15 14:07:30 - [MESSAGE][PASSED] - Browser is scrolled to position x = 800, y = 900

2020-10-15 14:07:30 - [TEST_STEP][PASSED] - pages.Search_Page.validatePaymentAmount(amountList.get(0), ConvFee): Verified payment details successfully 

2020-10-15 14:07:30 - [MESSAGE][PASSED] - Text of object 'Object Repository/CERTPAY_ADMIN/PAYMENT_AMOUNT' is: '$45.00'

2020-10-15 14:07:30 - [MESSAGE][PASSED] - Actual text '45.00' and expected text '45.00' are matched  using regular expression

2020-10-15 14:07:31 - [MESSAGE][PASSED] - Text of object 'Object Repository/CERTPAY_ADMIN/CONV_FEE' is: '$0.45'

2020-10-15 14:07:31 - [MESSAGE][PASSED] - Actual text '0.45' and expected text '0.45' are matched  using regular expression

2020-10-15 14:07:31 - [MESSAGE][PASSED] - Verified payment details successfully 

2020-10-15 14:07:31 - [TEST_STEP][PASSED] - paymentIdList.add(PaymentID): null

2020-10-15 14:07:31 - [TEST_STEP][PASSED] - println(paymentIdList): null

2020-10-15 14:07:31 - [TEST_STEP][PASSED] - firstName = data.getValue("FirstName", index): null

2020-10-15 14:07:31 - [TEST_STEP][PASSED] - lastName = data.getValue("LastName", index): null

2020-10-15 14:07:31 - [TEST_STEP][PASSED] - cardNum = data.getValue("CardNumber", index): null

2020-10-15 14:07:31 - [TEST_STEP][PASSED] - expMonth = data.getValue("ExpMonth", index): null

2020-10-15 14:07:31 - [TEST_STEP][PASSED] - expYear = data.getValue("ExpYear", index): null

2020-10-15 14:07:31 - [TEST_STEP][PASSED] - securityCode = data.getValue("SecurityCode", index): null

2020-10-15 14:07:31 - [TEST_STEP][PASSED] - paymentAmount = data.getValue("PaymentAmount", index): null

2020-10-15 14:07:31 - [TEST_STEP][PASSED] - paymentType = data.getValue("PaymentType", index): null

2020-10-15 14:07:31 - [TEST_STEP][PASSED] - quantity = data.getValue("Quantity", index): null

2020-10-15 14:07:31 - [TEST_STEP][PASSED] - comments = data.getValue("Comments", index): null

2020-10-15 14:07:31 - [TEST_STEP][PASSED] - referenceNum = data.getValue("ReferenceNum", index): null

2020-10-15 14:07:31 - [TEST_STEP][PASSED] - address = data.getValue("Address", index): null

2020-10-15 14:07:31 - [TEST_STEP][PASSED] - zipCode = data.getValue("Zipcode", index): null

2020-10-15 14:07:31 - [TEST_STEP][PASSED] - telephone = data.getValue("Telephone", index): null

2020-10-15 14:07:31 - [TEST_STEP][PASSED] - emailAddress = data.getValue("EmailAddress", index): null

2020-10-15 14:07:31 - [TEST_STEP][PASSED] - cardType = data.getValue("CardType", index): null

2020-10-15 14:07:31 - [TEST_STEP][PASSED] - amountList = paymentAmount.split(","): null

2020-10-15 14:07:31 - [TEST_STEP][PASSED] - referenceList = referenceNum.split(","): null

2020-10-15 14:07:31 - [TEST_STEP][PASSED] - paymentTypeList = paymentType.split(","): null

2020-10-15 14:07:31 - [TEST_STEP][PASSED] - commentsList = comments.split(","): null

2020-10-15 14:07:31 - [TEST_STEP][PASSED] - quantityList = quantity.split(","): null

2020-10-15 14:07:31 - [TEST_STEP][PASSED] - utilities.SafeActions.openBrowser(Quicksti_Url, [pageLoadTime]): Browser launched successfully

2020-10-15 14:07:31 - [MESSAGE][INFO] - Opening Browser

2020-10-15 14:07:31 - [MESSAGE][WARNING] - A browser is already opened. Closing browser and opening a new one

2020-10-15 14:07:32 - [MESSAGE][INFO] - Starting 'Chrome' driver

2020-10-15 14:07:50 - [MESSAGE][PASSED] - Browser is opened with url: 'https://qa-certpayquicksti.faps.net/'

2020-10-15 14:07:52 - [MESSAGE][PASSED] - Current window maximized

2020-10-15 14:07:52 - [MESSAGE][PASSED] - Browser launched successfully

2020-10-15 14:07:52 - [TEST_STEP][PASSED] - utilities.SafeActions.safeCheck(findTestObject("CERTPAY_QUICKSTI/Login_ Page/MULTI_BUREAU_CHECKBOX"), "Multi Bureau", [pageLoadTime]): Quicksti.ts:Checkbox 'Multi Bureau'is selected

2020-10-15 14:07:53 - [MESSAGE][PASSED] - Object 'Object Repository/CERTPAY_QUICKSTI/Login_ Page/MULTI_BUREAU_CHECKBOX' is present

2020-10-15 14:07:54 - [MESSAGE][PASSED] - Object 'Object Repository/CERTPAY_QUICKSTI/Login_ Page/MULTI_BUREAU_CHECKBOX' is present

2020-10-15 14:07:55 - [MESSAGE][PASSED] - Object: 'Object Repository/CERTPAY_QUICKSTI/Login_ Page/MULTI_BUREAU_CHECKBOX' is clicked on

2020-10-15 14:07:55 - [MESSAGE][PASSED] - Quicksti.ts:Checkbox 'Multi Bureau'is selected

2020-10-15 14:07:55 - [TEST_STEP][PASSED] - utilities.SafeActions.safeType(findTestObject("CERTPAY_QUICKSTI/Login_ Page/TELLER_ID"), teller_id, "Bureau code", [pageLoadTime]): Quicksti.ts:Entered'zenq into Bureau code

2020-10-15 14:08:00 - [MESSAGE][PASSED] - Object 'Object Repository/CERTPAY_QUICKSTI/Login_ Page/TELLER_ID' is present

2020-10-15 14:08:00 - [MESSAGE][PASSED] - Object 'Object Repository/CERTPAY_QUICKSTI/Login_ Page/TELLER_ID' is visible

2020-10-15 14:08:00 - [MESSAGE][PASSED] - Object 'Object Repository/CERTPAY_QUICKSTI/Login_ Page/TELLER_ID' is present

2020-10-15 14:08:02 - [MESSAGE][PASSED] - Text 'zenq' is set on object 'Object Repository/CERTPAY_QUICKSTI/Login_ Page/TELLER_ID'

2020-10-15 14:08:02 - [MESSAGE][PASSED] - Quicksti.ts:Entered'zenq into Bureau code

2020-10-15 14:08:02 - [TEST_STEP][PASSED] - utilities.SafeActions.safeClick(findTestObject("CERTPAY_QUICKSTI/Login_ Page/NEXT_BUTTON"), "Next button", [pageLoadTime]): Quicksti.ts:Clicked on the Next button

2020-10-15 14:08:02 - [MESSAGE][INFO] - safeClicking

2020-10-15 14:08:02 - [MESSAGE][PASSED] - Object 'Object Repository/CERTPAY_QUICKSTI/Login_ Page/NEXT_BUTTON' is present

2020-10-15 14:08:02 - [MESSAGE][PASSED] - Object 'Object Repository/CERTPAY_QUICKSTI/Login_ Page/NEXT_BUTTON' is clickable

2020-10-15 14:08:10 - [MESSAGE][PASSED] - Object: 'Object Repository/CERTPAY_QUICKSTI/Login_ Page/NEXT_BUTTON' is clicked on

2020-10-15 14:08:10 - [MESSAGE][PASSED] - Quicksti.ts:Clicked on the Next button

2020-10-15 14:08:10 - [TEST_STEP][PASSED] - for ([i = 0, i <= amountList.size() - 1, (i++)]): Quicksti.ts:Entered'2 into Quntity

2020-10-15 14:08:10 - [TEST_STEP][PASSED] - s = Integer.toString(i): null

2020-10-15 14:08:10 - [TEST_STEP][PASSED] - pages.Quicksti.setCommnets("0", s, commentsList.get(i)): Quicksti.ts:Entered'Testing into Comments

2020-10-15 14:08:11 - [MESSAGE][PASSED] - Object '' is present

2020-10-15 14:08:11 - [MESSAGE][PASSED] - Object '' is visible

2020-10-15 14:08:11 - [MESSAGE][PASSED] - Object '' is present

2020-10-15 14:08:13 - [MESSAGE][PASSED] - Text 'Testing' is set on object ''

2020-10-15 14:08:13 - [MESSAGE][PASSED] - Quicksti.ts:Entered'Testing into Comments

2020-10-15 14:08:13 - [TEST_STEP][PASSED] - utilities.SafeActions.safeType(findTestObject("CERTPAY_QUICKSTI/Payment_Information_Page/PAYMENT_AMOUNT"), amountList.get(i), "Payment Amount", [pageLoadTime]): Quicksti.ts:Entered'35.00 into Payment Amount

2020-10-15 14:08:13 - [MESSAGE][PASSED] - Object 'Object Repository/CERTPAY_QUICKSTI/Payment_Information_Page/PAYMENT_AMOUNT' is present

2020-10-15 14:08:13 - [MESSAGE][PASSED] - Object 'Object Repository/CERTPAY_QUICKSTI/Payment_Information_Page/PAYMENT_AMOUNT' is visible

2020-10-15 14:08:14 - [MESSAGE][PASSED] - Object 'Object Repository/CERTPAY_QUICKSTI/Payment_Information_Page/PAYMENT_AMOUNT' is present

2020-10-15 14:08:15 - [MESSAGE][PASSED] - Text '35.00' is set on object 'Object Repository/CERTPAY_QUICKSTI/Payment_Information_Page/PAYMENT_AMOUNT'

2020-10-15 14:08:15 - [MESSAGE][PASSED] - Quicksti.ts:Entered'35.00 into Payment Amount

2020-10-15 14:08:15 - [TEST_STEP][PASSED] - pages.Quicksti.setAmountDetailsForMultiBureau(s, paymentTypeList.get(i), "0", referenceList.get(i), quantityList.get(i)): Quicksti.ts:Entered'1 into Quntity

2020-10-15 14:08:15 - [MESSAGE][PASSED] - Object '' is visible

2020-10-15 14:08:16 - [MESSAGE][PASSED] - Object '' is present

2020-10-15 14:08:17 - [MESSAGE][PASSED] - Object: '' is clicked on

2020-10-15 14:08:18 - [MESSAGE][PASSED] - All options with label 'Licenses' are selected in object ''  using regular expression

2020-10-15 14:08:18 - [MESSAGE][PASSED] - selected dropdown option by visible text  Licensesfrom Payment Type

2020-10-15 14:08:19 - [MESSAGE][PASSED] - Object '' is present

2020-10-15 14:08:19 - [MESSAGE][PASSED] - Object '' is visible

2020-10-15 14:08:19 - [MESSAGE][PASSED] - Object '' is present

2020-10-15 14:08:21 - [MESSAGE][PASSED] - Text '11' is set on object ''

2020-10-15 14:08:21 - [MESSAGE][PASSED] - Quicksti.ts:Entered'11 into RefrenceNumber

2020-10-15 14:08:21 - [MESSAGE][PASSED] - Object '' is present

2020-10-15 14:08:21 - [MESSAGE][PASSED] - Object '' is visible

2020-10-15 14:08:21 - [MESSAGE][PASSED] - Object '' is present

2020-10-15 14:08:23 - [MESSAGE][PASSED] - Text '1' is set on object ''

2020-10-15 14:08:23 - [MESSAGE][PASSED] - Quicksti.ts:Entered'1 into Quntity

2020-10-15 14:08:23 - [TEST_STEP][PASSED] - s = Integer.toString(i): null

2020-10-15 14:08:23 - [TEST_STEP][PASSED] - pages.Quicksti.setCommnets("0", s, commentsList.get(i)): Quicksti.ts:Entered'Tester into Comments

2020-10-15 14:08:23 - [MESSAGE][PASSED] - Object '' is present

2020-10-15 14:08:23 - [MESSAGE][PASSED] - Object '' is visible

2020-10-15 14:08:24 - [MESSAGE][PASSED] - Object '' is present

2020-10-15 14:08:25 - [MESSAGE][PASSED] - Text 'Tester' is set on object ''

2020-10-15 14:08:25 - [MESSAGE][PASSED] - Quicksti.ts:Entered'Tester into Comments

2020-10-15 14:08:25 - [TEST_STEP][PASSED] - utilities.SafeActions.safeType(findTestObject("CERTPAY_QUICKSTI/Payment_Information_Page/PAYMENT_AMOUNT"), amountList.get(i), "Payment Amount", [pageLoadTime]): Quicksti.ts:Entered'40.00 into Payment Amount

2020-10-15 14:08:25 - [MESSAGE][PASSED] - Object 'Object Repository/CERTPAY_QUICKSTI/Payment_Information_Page/PAYMENT_AMOUNT' is present

2020-10-15 14:08:26 - [MESSAGE][PASSED] - Object 'Object Repository/CERTPAY_QUICKSTI/Payment_Information_Page/PAYMENT_AMOUNT' is visible

2020-10-15 14:08:26 - [MESSAGE][PASSED] - Object 'Object Repository/CERTPAY_QUICKSTI/Payment_Information_Page/PAYMENT_AMOUNT' is present

2020-10-15 14:08:27 - [MESSAGE][PASSED] - Text '40.00' is set on object 'Object Repository/CERTPAY_QUICKSTI/Payment_Information_Page/PAYMENT_AMOUNT'

2020-10-15 14:08:27 - [MESSAGE][PASSED] - Quicksti.ts:Entered'40.00 into Payment Amount

2020-10-15 14:08:27 - [TEST_STEP][PASSED] - pages.Quicksti.setAmountDetailsForMultiBureau(s, paymentTypeList.get(i), "0", referenceList.get(i), quantityList.get(i)): Quicksti.ts:Entered'2 into Quntity

2020-10-15 14:08:28 - [MESSAGE][PASSED] - Object '' is visible

2020-10-15 14:08:28 - [MESSAGE][PASSED] - Object '' is present

2020-10-15 14:08:29 - [MESSAGE][PASSED] - Object: '' is clicked on

2020-10-15 14:08:31 - [MESSAGE][PASSED] - All options with label 'Taxes' are selected in object ''  using regular expression

2020-10-15 14:08:31 - [MESSAGE][PASSED] - selected dropdown option by visible text  Taxesfrom Payment Type

2020-10-15 14:08:31 - [MESSAGE][PASSED] - Object '' is present

2020-10-15 14:08:31 - [MESSAGE][PASSED] - Object '' is visible

2020-10-15 14:08:32 - [MESSAGE][PASSED] - Object '' is present

2020-10-15 14:08:33 - [MESSAGE][PASSED] - Text '12' is set on object ''

2020-10-15 14:08:33 - [MESSAGE][PASSED] - Quicksti.ts:Entered'12 into RefrenceNumber

2020-10-15 14:08:33 - [MESSAGE][PASSED] - Object '' is present

2020-10-15 14:08:34 - [MESSAGE][PASSED] - Object '' is visible

2020-10-15 14:08:34 - [MESSAGE][PASSED] - Object '' is present

2020-10-15 14:08:35 - [MESSAGE][PASSED] - Text '2' is set on object ''

2020-10-15 14:08:35 - [MESSAGE][PASSED] - Quicksti.ts:Entered'2 into Quntity

2020-10-15 14:08:35 - [TEST_STEP][PASSED] - amount_Value = pages.Quicksti.getAttributeValue(findTestObject("CERTPAY_QUICKSTI/Payment_Information_Page/SUB_TOTAL")): pages.Quicksti.getAttributeValue is PASSED

2020-10-15 14:08:36 - [MESSAGE][PASSED] - Attribute 'value' of object 'Object Repository/CERTPAY_QUICKSTI/Payment_Information_Page/SUB_TOTAL' is: '35.00'

2020-10-15 14:08:36 - [MESSAGE][PASSED] - pages.Quicksti.getAttributeValue is PASSED

2020-10-15 14:08:36 - [TEST_STEP][PASSED] - utilities.SafeActions.safeClick(findTestObject("CERTPAY_QUICKSTI/Payment_Information_Page/MANUAL_ENTRY_BUTTON"), "ManualEntry", [pageLoadTime]): Quicksti.ts:Clicked on the ManualEntry

2020-10-15 14:08:36 - [MESSAGE][INFO] - safeClicking

2020-10-15 14:08:36 - [MESSAGE][PASSED] - Object 'Object Repository/CERTPAY_QUICKSTI/Payment_Information_Page/MANUAL_ENTRY_BUTTON' is present

2020-10-15 14:08:36 - [MESSAGE][PASSED] - Object 'Object Repository/CERTPAY_QUICKSTI/Payment_Information_Page/MANUAL_ENTRY_BUTTON' is clickable

2020-10-15 14:08:43 - [MESSAGE][PASSED] - Object: 'Object Repository/CERTPAY_QUICKSTI/Payment_Information_Page/MANUAL_ENTRY_BUTTON' is clicked on

2020-10-15 14:08:43 - [MESSAGE][PASSED] - Quicksti.ts:Clicked on the ManualEntry

2020-10-15 14:08:43 - [TEST_STEP][PASSED] - CardNumber = pages.Quicksti.setUserPaymentDetails(firstName, lastName, cardNum): Quicksti.ts:Entered'5154623208647646 into CardNum

2020-10-15 14:08:43 - [MESSAGE][PASSED] - Object 'Object Repository/CERTPAY_QUICKSTI/Payment_Information_Page/FIRST_NAME' is present

2020-10-15 14:08:43 - [MESSAGE][PASSED] - Object 'Object Repository/CERTPAY_QUICKSTI/Payment_Information_Page/FIRST_NAME' is visible

2020-10-15 14:08:44 - [MESSAGE][PASSED] - Object 'Object Repository/CERTPAY_QUICKSTI/Payment_Information_Page/FIRST_NAME' is present

2020-10-15 14:08:45 - [MESSAGE][PASSED] - Text 'Tester' is set on object 'Object Repository/CERTPAY_QUICKSTI/Payment_Information_Page/FIRST_NAME'

2020-10-15 14:08:45 - [MESSAGE][PASSED] - Quicksti.ts:Entered'Tester into FirstName

2020-10-15 14:08:45 - [MESSAGE][PASSED] - Object 'Object Repository/CERTPAY_QUICKSTI/Payment_Information_Page/LAST_NAME' is present

2020-10-15 14:08:46 - [MESSAGE][PASSED] - Object 'Object Repository/CERTPAY_QUICKSTI/Payment_Information_Page/LAST_NAME' is visible

2020-10-15 14:08:46 - [MESSAGE][PASSED] - Object 'Object Repository/CERTPAY_QUICKSTI/Payment_Information_Page/LAST_NAME' is present

2020-10-15 14:08:47 - [MESSAGE][PASSED] - Text 'Zenq1' is set on object 'Object Repository/CERTPAY_QUICKSTI/Payment_Information_Page/LAST_NAME'

2020-10-15 14:08:47 - [MESSAGE][PASSED] - Quicksti.ts:Entered'Zenq1 into LAstName

2020-10-15 14:08:48 - [MESSAGE][PASSED] - Object 'Object Repository/CERTPAY_QUICKSTI/Payment_Information_Page/CARD_NUMBER' is present

2020-10-15 14:08:48 - [MESSAGE][PASSED] - Object 'Object Repository/CERTPAY_QUICKSTI/Payment_Information_Page/CARD_NUMBER' is visible

2020-10-15 14:08:48 - [MESSAGE][PASSED] - Object 'Object Repository/CERTPAY_QUICKSTI/Payment_Information_Page/CARD_NUMBER' is present

2020-10-15 14:08:50 - [MESSAGE][PASSED] - Text '5154623208647646' is set on object 'Object Repository/CERTPAY_QUICKSTI/Payment_Information_Page/CARD_NUMBER'

2020-10-15 14:08:50 - [MESSAGE][PASSED] - Quicksti.ts:Entered'5154623208647646 into CardNum

2020-10-15 14:08:50 - [TEST_STEP][PASSED] - pages.Quicksti.setExpDate(expMonth, expYear, securityCode): Quicksti.ts:Entered'207 into securityCode

2020-10-15 14:08:50 - [MESSAGE][PASSED] - Object 'Object Repository/CERTPAY_QUICKSTI/Payment_Information_Page/EXP_MONTH' is visible

2020-10-15 14:08:50 - [MESSAGE][PASSED] - Object 'Object Repository/CERTPAY_QUICKSTI/Payment_Information_Page/EXP_MONTH' is present

2020-10-15 14:08:51 - [MESSAGE][PASSED] - Object: 'Object Repository/CERTPAY_QUICKSTI/Payment_Information_Page/EXP_MONTH' is clicked on

2020-10-15 14:08:53 - [MESSAGE][PASSED] - All options with label '04' are selected in object 'Object Repository/CERTPAY_QUICKSTI/Payment_Information_Page/EXP_MONTH'  using regular expression

2020-10-15 14:08:53 - [MESSAGE][PASSED] - selected dropdown option by visible text  04from expMonth

2020-10-15 14:08:53 - [MESSAGE][PASSED] - Object 'Object Repository/CERTPAY_QUICKSTI/Payment_Information_Page/EXP_YEAR' is visible

2020-10-15 14:08:53 - [MESSAGE][PASSED] - Object 'Object Repository/CERTPAY_QUICKSTI/Payment_Information_Page/EXP_YEAR' is present

2020-10-15 14:08:55 - [MESSAGE][PASSED] - Object: 'Object Repository/CERTPAY_QUICKSTI/Payment_Information_Page/EXP_YEAR' is clicked on

2020-10-15 14:08:56 - [MESSAGE][PASSED] - All options with label '2023' are selected in object 'Object Repository/CERTPAY_QUICKSTI/Payment_Information_Page/EXP_YEAR'  using regular expression

2020-10-15 14:08:56 - [MESSAGE][PASSED] - selected dropdown option by visible text  2023from  expYear

2020-10-15 14:08:56 - [MESSAGE][PASSED] - Object 'Object Repository/CERTPAY_QUICKSTI/Payment_Information_Page/SECURITY_CODE' is present

2020-10-15 14:08:57 - [MESSAGE][PASSED] - Object 'Object Repository/CERTPAY_QUICKSTI/Payment_Information_Page/SECURITY_CODE' is visible

2020-10-15 14:08:57 - [MESSAGE][PASSED] - Object 'Object Repository/CERTPAY_QUICKSTI/Payment_Information_Page/SECURITY_CODE' is present

2020-10-15 14:08:58 - [MESSAGE][PASSED] - Text '207' is set on object 'Object Repository/CERTPAY_QUICKSTI/Payment_Information_Page/SECURITY_CODE'

2020-10-15 14:08:58 - [MESSAGE][PASSED] - Quicksti.ts:Entered'207 into securityCode

2020-10-15 14:08:58 - [TEST_STEP][PASSED] - utilities.SafeActions.safeType(findTestObject("CERTPAY_QUICKSTI/Payment_Information_Page/ADDRESS"), address, "Address", [pageLoadTime]): Quicksti.ts:Entered'14-2 into Address

2020-10-15 14:08:59 - [MESSAGE][PASSED] - Object 'Object Repository/CERTPAY_QUICKSTI/Payment_Information_Page/ADDRESS' is present

2020-10-15 14:08:59 - [MESSAGE][PASSED] - Object 'Object Repository/CERTPAY_QUICKSTI/Payment_Information_Page/ADDRESS' is visible

2020-10-15 14:08:59 - [MESSAGE][PASSED] - Object 'Object Repository/CERTPAY_QUICKSTI/Payment_Information_Page/ADDRESS' is present

2020-10-15 14:09:00 - [MESSAGE][PASSED] - Text '14-2' is set on object 'Object Repository/CERTPAY_QUICKSTI/Payment_Information_Page/ADDRESS'

2020-10-15 14:09:00 - [MESSAGE][PASSED] - Quicksti.ts:Entered'14-2 into Address

2020-10-15 14:09:00 - [TEST_STEP][PASSED] - utilities.SafeActions.safeType(findTestObject("CERTPAY_QUICKSTI/Payment_Information_Page/ZIP_CODE"), zipCode, "zipcode", [pageLoadTime]): Quicksti.ts:Entered'76102 into zipcode

2020-10-15 14:09:01 - [MESSAGE][PASSED] - Object 'Object Repository/CERTPAY_QUICKSTI/Payment_Information_Page/ZIP_CODE' is present

2020-10-15 14:09:01 - [MESSAGE][PASSED] - Object 'Object Repository/CERTPAY_QUICKSTI/Payment_Information_Page/ZIP_CODE' is visible

2020-10-15 14:09:01 - [MESSAGE][PASSED] - Object 'Object Repository/CERTPAY_QUICKSTI/Payment_Information_Page/ZIP_CODE' is present

2020-10-15 14:09:03 - [MESSAGE][PASSED] - Text '76102' is set on object 'Object Repository/CERTPAY_QUICKSTI/Payment_Information_Page/ZIP_CODE'

2020-10-15 14:09:03 - [MESSAGE][PASSED] - Quicksti.ts:Entered'76102 into zipcode

2020-10-15 14:09:03 - [TEST_STEP][PASSED] - utilities.SafeActions.safeType(findTestObject("CERTPAY_QUICKSTI/Payment_Information_Page/TELEPHONE"), telephone, "Telephone", [pageLoadTime]): Quicksti.ts:Entered'9989897654 into Telephone

2020-10-15 14:09:03 - [MESSAGE][PASSED] - Object 'Object Repository/CERTPAY_QUICKSTI/Payment_Information_Page/TELEPHONE' is present

2020-10-15 14:09:03 - [MESSAGE][PASSED] - Object 'Object Repository/CERTPAY_QUICKSTI/Payment_Information_Page/TELEPHONE' is visible

2020-10-15 14:09:04 - [MESSAGE][PASSED] - Object 'Object Repository/CERTPAY_QUICKSTI/Payment_Information_Page/TELEPHONE' is present

2020-10-15 14:09:05 - [MESSAGE][PASSED] - Text '9989897654' is set on object 'Object Repository/CERTPAY_QUICKSTI/Payment_Information_Page/TELEPHONE'

2020-10-15 14:09:05 - [MESSAGE][PASSED] - Quicksti.ts:Entered'9989897654 into Telephone

2020-10-15 14:09:05 - [TEST_STEP][PASSED] - utilities.SafeActions.safeType(findTestObject("CERTPAY_QUICKSTI/Payment_Information_Page/EMAIL_ADDRESS"), emailAddress, "EMAIL address", [pageLoadTime]): Quicksti.ts:Entered'testing@zenq.com into EMAIL address

2020-10-15 14:09:05 - [MESSAGE][PASSED] - Object 'Object Repository/CERTPAY_QUICKSTI/Payment_Information_Page/EMAIL_ADDRESS' is present

2020-10-15 14:09:06 - [MESSAGE][PASSED] - Object 'Object Repository/CERTPAY_QUICKSTI/Payment_Information_Page/EMAIL_ADDRESS' is visible

2020-10-15 14:09:06 - [MESSAGE][PASSED] - Object 'Object Repository/CERTPAY_QUICKSTI/Payment_Information_Page/EMAIL_ADDRESS' is present

2020-10-15 14:09:07 - [MESSAGE][PASSED] - Text 'testing@zenq.com' is set on object 'Object Repository/CERTPAY_QUICKSTI/Payment_Information_Page/EMAIL_ADDRESS'

2020-10-15 14:09:07 - [MESSAGE][PASSED] - Quicksti.ts:Entered'testing@zenq.com into EMAIL address

2020-10-15 14:09:07 - [TEST_STEP][PASSED] - utilities.SafeActions.safeClick(findTestObject("CERTPAY_QUICKSTI/Payment_Information_Page/NEXT_BUTTON"), "Next", [pageLoadTime]): Quicksti.ts:Clicked on the Next

2020-10-15 14:09:07 - [MESSAGE][INFO] - safeClicking

2020-10-15 14:09:08 - [MESSAGE][PASSED] - Object 'Object Repository/CERTPAY_QUICKSTI/Payment_Information_Page/NEXT_BUTTON' is present

2020-10-15 14:09:08 - [MESSAGE][PASSED] - Object 'Object Repository/CERTPAY_QUICKSTI/Payment_Information_Page/NEXT_BUTTON' is clickable

2020-10-15 14:09:11 - [MESSAGE][PASSED] - Object: 'Object Repository/CERTPAY_QUICKSTI/Payment_Information_Page/NEXT_BUTTON' is clicked on

2020-10-15 14:09:11 - [MESSAGE][PASSED] - Quicksti.ts:Clicked on the Next

2020-10-15 14:09:11 - [TEST_STEP][PASSED] - pages.Quicksti.verifyUserPaymentDetails(amountList.get(0), firstName, lastName, CardNumber): pages.Quicksti.verifyUserPaymentDetails is PASSED

2020-10-15 14:09:12 - [MESSAGE][PASSED] - Text of object 'Object Repository/CERTPAY_QUICKSTI/Payment_Details_Verification_Page/AMOUNT' is: '$35.00'

2020-10-15 14:09:12 - [MESSAGE][PASSED] - Actual text '35.00' and expected text '35.00' are matched  using regular expression

2020-10-15 14:09:12 - [MESSAGE][PASSED] - Text of object 'Object Repository/CERTPAY_QUICKSTI/Payment_Details_Verification_Page/NAME' is: 'Tester Zenq1'

2020-10-15 14:09:12 - [MESSAGE][PASSED] - Actual text 'Tester Zenq1' and expected text 'Tester Zenq1' are matched  using regular expression

2020-10-15 14:09:12 - [MESSAGE][PASSED] - Text of object 'Object Repository/CERTPAY_QUICKSTI/Payment_Details_Verification_Page/CARD_NUMBER' is: '...7646'

2020-10-15 14:09:12 - [MESSAGE][PASSED] - Actual text '7646' and expected text '7646' are matched  using regular expression

2020-10-15 14:09:12 - [MESSAGE][PASSED] - pages.Quicksti.verifyUserPaymentDetails is PASSED

2020-10-15 14:09:12 - [TEST_STEP][PASSED] - delay(2): Delayed 2 second(s)

2020-10-15 14:09:14 - [MESSAGE][PASSED] - Delayed 2 second(s)

2020-10-15 14:09:14 - [TEST_STEP][PASSED] - ConvFee = getText(findTestObject("CERTPAY_QUICKSTI/Payment_Information_Page/CONV_FEE")): Text of object 'Object Repository/CERTPAY_QUICKSTI/Payment_Information_Page/CONV_FEE' is: '$0.35'

2020-10-15 14:09:15 - [MESSAGE][PASSED] - Text of object 'Object Repository/CERTPAY_QUICKSTI/Payment_Information_Page/CONV_FEE' is: '$0.35'

2020-10-15 14:09:15 - [TEST_STEP][PASSED] - scrollToElement(findTestObject("CERTPAY_QUICKSTI/Payment_Details_Verification_Page/PROCESS"), 0): Scroll to object 'Object Repository/CERTPAY_QUICKSTI/Payment_Details_Verification_Page/PROCESS' successfully

2020-10-15 14:09:15 - [MESSAGE][WARNING] - Timeout '0' is invalid. Using default page load timeout: '30'

2020-10-15 14:09:15 - [MESSAGE][PASSED] - Scroll to object 'Object Repository/CERTPAY_QUICKSTI/Payment_Details_Verification_Page/PROCESS' successfully

2020-10-15 14:09:15 - [TEST_STEP][PASSED] - utilities.SafeActions.safeClick(findTestObject("CERTPAY_QUICKSTI/Payment_Details_Verification_Page/PROCESS"), "Process", [pageLoadTime]): Quicksti.ts:Clicked on the Process

2020-10-15 14:09:15 - [MESSAGE][INFO] - safeClicking

2020-10-15 14:09:16 - [MESSAGE][PASSED] - Object 'Object Repository/CERTPAY_QUICKSTI/Payment_Details_Verification_Page/PROCESS' is present

2020-10-15 14:09:16 - [MESSAGE][PASSED] - Object 'Object Repository/CERTPAY_QUICKSTI/Payment_Details_Verification_Page/PROCESS' is clickable

2020-10-15 14:09:20 - [MESSAGE][PASSED] - Object: 'Object Repository/CERTPAY_QUICKSTI/Payment_Details_Verification_Page/PROCESS' is clicked on

2020-10-15 14:09:20 - [MESSAGE][PASSED] - Quicksti.ts:Clicked on the Process

2020-10-15 14:09:20 - [TEST_STEP][PASSED] - PaymentID = pages.Quicksti.verifyPaymentApproval(findTestObject("CERTPAY_QUICKSTI/Payment_Details_Verification_Page/APPROVED")): Payment is approved

2020-10-15 14:09:21 - [MESSAGE][PASSED] - Text of object 'Object Repository/CERTPAY_QUICKSTI/Payment_Details_Verification_Page/PAYMENT_ID' is: '100176129051'

2020-10-15 14:09:21 - [MESSAGE][PASSED] - Object 'Object Repository/CERTPAY_QUICKSTI/Payment_Details_Verification_Page/APPROVED' is present

2020-10-15 14:09:21 - [MESSAGE][PASSED] - Payment is approved

2020-10-15 14:09:23 - [TEST_STEP][PASSED] - navigateToUrl(Admin_url): Navigate to 'https://qa-certpayadmin.faps.net' successfully

2020-10-15 14:09:34 - [MESSAGE][PASSED] - Navigate to 'https://qa-certpayadmin.faps.net' successfully

2020-10-15 14:09:34 - [TEST_STEP][PASSED] - pages.Bureau_Login_Page.loginToAdminSite(AdminUsername, AdminPassword): Quicksti.ts:Clicked on the LOGIN

2020-10-15 14:09:34 - [MESSAGE][PASSED] - Object 'Object Repository/CERTPAY_ADMIN/USER_NAME' is present

2020-10-15 14:09:35 - [MESSAGE][PASSED] - Object 'Object Repository/CERTPAY_ADMIN/USER_NAME' is visible

2020-10-15 14:09:35 - [MESSAGE][PASSED] - Object 'Object Repository/CERTPAY_ADMIN/USER_NAME' is present

2020-10-15 14:09:36 - [MESSAGE][PASSED] - Text 'VVangiliappan' is set on object 'Object Repository/CERTPAY_ADMIN/USER_NAME'

2020-10-15 14:09:36 - [MESSAGE][PASSED] - Quicksti.ts:Entered'VVangiliappan into username

2020-10-15 14:09:36 - [MESSAGE][PASSED] - Object 'Object Repository/CERTPAY_ADMIN/PASSWORD' is present

2020-10-15 14:09:37 - [MESSAGE][PASSED] - Object 'Object Repository/CERTPAY_ADMIN/PASSWORD' is visible

2020-10-15 14:09:37 - [MESSAGE][PASSED] - Object 'Object Repository/CERTPAY_ADMIN/PASSWORD' is present

2020-10-15 14:09:38 - [MESSAGE][PASSED] - Text 'Test@123' is set on object 'Object Repository/CERTPAY_ADMIN/PASSWORD'

2020-10-15 14:09:38 - [MESSAGE][PASSED] - Quicksti.ts:Entered'Test@123 into password

2020-10-15 14:09:38 - [MESSAGE][INFO] - safeClicking

2020-10-15 14:09:39 - [MESSAGE][PASSED] - Object 'Object Repository/CERTPAY_ADMIN/LOGIN_BUTTON' is present

2020-10-15 14:09:39 - [MESSAGE][PASSED] - Object 'Object Repository/CERTPAY_ADMIN/LOGIN_BUTTON' is clickable

2020-10-15 14:10:03 - [MESSAGE][PASSED] - Object: 'Object Repository/CERTPAY_ADMIN/LOGIN_BUTTON' is clicked on

2020-10-15 14:10:03 - [MESSAGE][PASSED] - Quicksti.ts:Clicked on the LOGIN

2020-10-15 14:10:03 - [TEST_STEP][PASSED] - utilities.SafeActions.safeClick(findTestObject("CERTPAY_ADMIN/TRANSACTION_MENU"), "TransactionMenu", [pageLoadTime]): Quicksti.ts:Clicked on the TransactionMenu

2020-10-15 14:10:03 - [MESSAGE][INFO] - safeClicking

2020-10-15 14:10:04 - [MESSAGE][PASSED] - Object 'Object Repository/CERTPAY_ADMIN/TRANSACTION_MENU' is present

2020-10-15 14:10:04 - [MESSAGE][PASSED] - Object 'Object Repository/CERTPAY_ADMIN/TRANSACTION_MENU' is clickable

2020-10-15 14:10:05 - [MESSAGE][PASSED] - Object: 'Object Repository/CERTPAY_ADMIN/TRANSACTION_MENU' is clicked on

2020-10-15 14:10:05 - [MESSAGE][PASSED] - Quicksti.ts:Clicked on the TransactionMenu

2020-10-15 14:10:05 - [TEST_STEP][PASSED] - utilities.SafeActions.safeClick(findTestObject("CERTPAY_ADMIN/TRANSACTION_SEARCH"), "TransactionSearch", [pageLoadTime]): Quicksti.ts:Clicked on the TransactionSearch

2020-10-15 14:10:05 - [MESSAGE][INFO] - safeClicking

2020-10-15 14:10:06 - [MESSAGE][PASSED] - Object 'Object Repository/CERTPAY_ADMIN/TRANSACTION_SEARCH' is present

2020-10-15 14:10:06 - [MESSAGE][PASSED] - Object 'Object Repository/CERTPAY_ADMIN/TRANSACTION_SEARCH' is clickable

2020-10-15 14:10:14 - [MESSAGE][PASSED] - Object: 'Object Repository/CERTPAY_ADMIN/TRANSACTION_SEARCH' is clicked on

2020-10-15 14:10:14 - [MESSAGE][PASSED] - Quicksti.ts:Clicked on the TransactionSearch

2020-10-15 14:10:14 - [TEST_STEP][PASSED] - delay(2): Delayed 2 second(s)

2020-10-15 14:10:16 - [MESSAGE][PASSED] - Delayed 2 second(s)

2020-10-15 14:10:16 - [TEST_STEP][PASSED] - utilities.SafeActions.safeType(findTestObject("CERTPAY_ADMIN/PAYMENT_ID"), PaymentID, "Payment id", [pageLoadTime]): Quicksti.ts:Entered'100176129051 into Payment id

2020-10-15 14:10:17 - [MESSAGE][PASSED] - Object 'Object Repository/CERTPAY_ADMIN/PAYMENT_ID' is present

2020-10-15 14:10:17 - [MESSAGE][PASSED] - Object 'Object Repository/CERTPAY_ADMIN/PAYMENT_ID' is visible

2020-10-15 14:10:17 - [MESSAGE][PASSED] - Object 'Object Repository/CERTPAY_ADMIN/PAYMENT_ID' is present

2020-10-15 14:10:18 - [MESSAGE][PASSED] - Text '100176129051' is set on object 'Object Repository/CERTPAY_ADMIN/PAYMENT_ID'

2020-10-15 14:10:18 - [MESSAGE][PASSED] - Quicksti.ts:Entered'100176129051 into Payment id

2020-10-15 14:10:18 - [TEST_STEP][PASSED] - utilities.SafeActions.safeClick(findTestObject("CERTPAY_ADMIN/GO_BUTTON"), "Go button", [pageLoadTime]): Quicksti.ts:Clicked on the Go button

2020-10-15 14:10:18 - [MESSAGE][INFO] - safeClicking

2020-10-15 14:10:19 - [MESSAGE][PASSED] - Object 'Object Repository/CERTPAY_ADMIN/GO_BUTTON' is present

2020-10-15 14:10:19 - [MESSAGE][PASSED] - Object 'Object Repository/CERTPAY_ADMIN/GO_BUTTON' is clickable

2020-10-15 14:10:26 - [MESSAGE][PASSED] - Object: 'Object Repository/CERTPAY_ADMIN/GO_BUTTON' is clicked on

2020-10-15 14:10:26 - [MESSAGE][PASSED] - Quicksti.ts:Clicked on the Go button

2020-10-15 14:10:26 - [TEST_STEP][PASSED] - delay(5): Delayed 5 second(s)

2020-10-15 14:10:31 - [MESSAGE][PASSED] - Delayed 5 second(s)

2020-10-15 14:10:31 - [TEST_STEP][PASSED] - scrollToPosition(800, 900): Browser is scrolled to position x = 800, y = 900

2020-10-15 14:10:31 - [MESSAGE][PASSED] - Browser is scrolled to position x = 800, y = 900

2020-10-15 14:10:31 - [TEST_STEP][PASSED] - pages.Search_Page.validatePaymentAmount(amountList.get(0), ConvFee): Verified payment details successfully 

2020-10-15 14:10:32 - [MESSAGE][PASSED] - Text of object 'Object Repository/CERTPAY_ADMIN/PAYMENT_AMOUNT' is: '$35.00'

2020-10-15 14:10:32 - [MESSAGE][PASSED] - Actual text '35.00' and expected text '35.00' are matched  using regular expression

2020-10-15 14:10:32 - [MESSAGE][PASSED] - Text of object 'Object Repository/CERTPAY_ADMIN/CONV_FEE' is: '$0.35'

2020-10-15 14:10:32 - [MESSAGE][PASSED] - Actual text '0.35' and expected text '0.35' are matched  using regular expression

2020-10-15 14:10:32 - [MESSAGE][PASSED] - Verified payment details successfully 

2020-10-15 14:10:32 - [TEST_STEP][PASSED] - paymentIdList.add(PaymentID): null

2020-10-15 14:10:32 - [TEST_STEP][PASSED] - println(paymentIdList): null

2020-10-15 14:10:32 - [TEST_STEP][PASSED] - firstName = data.getValue("FirstName", index): null

2020-10-15 14:10:32 - [TEST_STEP][PASSED] - lastName = data.getValue("LastName", index): null

2020-10-15 14:10:32 - [TEST_STEP][PASSED] - cardNum = data.getValue("CardNumber", index): null

2020-10-15 14:10:32 - [TEST_STEP][PASSED] - expMonth = data.getValue("ExpMonth", index): null

2020-10-15 14:10:32 - [TEST_STEP][PASSED] - expYear = data.getValue("ExpYear", index): null

2020-10-15 14:10:32 - [TEST_STEP][PASSED] - securityCode = data.getValue("SecurityCode", index): null

2020-10-15 14:10:32 - [TEST_STEP][PASSED] - paymentAmount = data.getValue("PaymentAmount", index): null

2020-10-15 14:10:32 - [TEST_STEP][PASSED] - paymentType = data.getValue("PaymentType", index): null

2020-10-15 14:10:32 - [TEST_STEP][PASSED] - quantity = data.getValue("Quantity", index): null

2020-10-15 14:10:32 - [TEST_STEP][PASSED] - comments = data.getValue("Comments", index): null

2020-10-15 14:10:32 - [TEST_STEP][PASSED] - referenceNum = data.getValue("ReferenceNum", index): null

2020-10-15 14:10:32 - [TEST_STEP][PASSED] - address = data.getValue("Address", index): null

2020-10-15 14:10:32 - [TEST_STEP][PASSED] - zipCode = data.getValue("Zipcode", index): null

2020-10-15 14:10:32 - [TEST_STEP][PASSED] - telephone = data.getValue("Telephone", index): null

2020-10-15 14:10:32 - [TEST_STEP][PASSED] - emailAddress = data.getValue("EmailAddress", index): null

2020-10-15 14:10:32 - [TEST_STEP][PASSED] - cardType = data.getValue("CardType", index): null

2020-10-15 14:10:32 - [TEST_STEP][PASSED] - amountList = paymentAmount.split(","): null

2020-10-15 14:10:32 - [TEST_STEP][PASSED] - referenceList = referenceNum.split(","): null

2020-10-15 14:10:32 - [TEST_STEP][PASSED] - paymentTypeList = paymentType.split(","): null

2020-10-15 14:10:32 - [TEST_STEP][PASSED] - commentsList = comments.split(","): null

2020-10-15 14:10:32 - [TEST_STEP][PASSED] - quantityList = quantity.split(","): null

2020-10-15 14:10:32 - [TEST_STEP][PASSED] - utilities.SafeActions.openBrowser(Quicksti_Url, [pageLoadTime]): Browser launched successfully

2020-10-15 14:10:32 - [MESSAGE][INFO] - Opening Browser

2020-10-15 14:10:32 - [MESSAGE][WARNING] - A browser is already opened. Closing browser and opening a new one

2020-10-15 14:10:33 - [MESSAGE][INFO] - Starting 'Chrome' driver

2020-10-15 14:10:49 - [MESSAGE][PASSED] - Browser is opened with url: 'https://qa-certpayquicksti.faps.net/'

2020-10-15 14:10:51 - [MESSAGE][PASSED] - Current window maximized

2020-10-15 14:10:51 - [MESSAGE][PASSED] - Browser launched successfully

2020-10-15 14:10:51 - [TEST_STEP][PASSED] - utilities.SafeActions.safeCheck(findTestObject("CERTPAY_QUICKSTI/Login_ Page/MULTI_BUREAU_CHECKBOX"), "Multi Bureau", [pageLoadTime]): Quicksti.ts:Checkbox 'Multi Bureau'is selected

2020-10-15 14:10:51 - [MESSAGE][PASSED] - Object 'Object Repository/CERTPAY_QUICKSTI/Login_ Page/MULTI_BUREAU_CHECKBOX' is present

2020-10-15 14:10:53 - [MESSAGE][PASSED] - Object 'Object Repository/CERTPAY_QUICKSTI/Login_ Page/MULTI_BUREAU_CHECKBOX' is present

2020-10-15 14:10:54 - [MESSAGE][PASSED] - Object: 'Object Repository/CERTPAY_QUICKSTI/Login_ Page/MULTI_BUREAU_CHECKBOX' is clicked on

2020-10-15 14:10:54 - [MESSAGE][PASSED] - Quicksti.ts:Checkbox 'Multi Bureau'is selected

2020-10-15 14:10:54 - [TEST_STEP][PASSED] - utilities.SafeActions.safeType(findTestObject("CERTPAY_QUICKSTI/Login_ Page/TELLER_ID"), teller_id, "Bureau code", [pageLoadTime]): Quicksti.ts:Entered'zenq into Bureau code

2020-10-15 14:10:57 - [MESSAGE][PASSED] - Object 'Object Repository/CERTPAY_QUICKSTI/Login_ Page/TELLER_ID' is present

2020-10-15 14:10:57 - [MESSAGE][PASSED] - Object 'Object Repository/CERTPAY_QUICKSTI/Login_ Page/TELLER_ID' is visible

2020-10-15 14:10:58 - [MESSAGE][PASSED] - Object 'Object Repository/CERTPAY_QUICKSTI/Login_ Page/TELLER_ID' is present

2020-10-15 14:10:59 - [MESSAGE][PASSED] - Text 'zenq' is set on object 'Object Repository/CERTPAY_QUICKSTI/Login_ Page/TELLER_ID'

2020-10-15 14:10:59 - [MESSAGE][PASSED] - Quicksti.ts:Entered'zenq into Bureau code

2020-10-15 14:10:59 - [TEST_STEP][PASSED] - utilities.SafeActions.safeClick(findTestObject("CERTPAY_QUICKSTI/Login_ Page/NEXT_BUTTON"), "Next button", [pageLoadTime]): Quicksti.ts:Clicked on the Next button

2020-10-15 14:10:59 - [MESSAGE][INFO] - safeClicking

2020-10-15 14:10:59 - [MESSAGE][PASSED] - Object 'Object Repository/CERTPAY_QUICKSTI/Login_ Page/NEXT_BUTTON' is present

2020-10-15 14:11:00 - [MESSAGE][PASSED] - Object 'Object Repository/CERTPAY_QUICKSTI/Login_ Page/NEXT_BUTTON' is clickable

2020-10-15 14:11:14 - [MESSAGE][PASSED] - Object: 'Object Repository/CERTPAY_QUICKSTI/Login_ Page/NEXT_BUTTON' is clicked on

2020-10-15 14:11:14 - [MESSAGE][PASSED] - Quicksti.ts:Clicked on the Next button

2020-10-15 14:11:14 - [TEST_STEP][PASSED] - for ([i = 0, i <= amountList.size() - 1, (i++)]): Quicksti.ts:Entered'2 into Quntity

2020-10-15 14:11:14 - [TEST_STEP][PASSED] - s = Integer.toString(i): null

2020-10-15 14:11:14 - [TEST_STEP][PASSED] - pages.Quicksti.setCommnets("0", s, commentsList.get(i)): Quicksti.ts:Entered'Testing into Comments

2020-10-15 14:11:14 - [MESSAGE][PASSED] - Object '' is present

2020-10-15 14:11:15 - [MESSAGE][PASSED] - Object '' is visible

2020-10-15 14:11:15 - [MESSAGE][PASSED] - Object '' is present

2020-10-15 14:11:16 - [MESSAGE][PASSED] - Text 'Testing' is set on object ''

2020-10-15 14:11:16 - [MESSAGE][PASSED] - Quicksti.ts:Entered'Testing into Comments

2020-10-15 14:11:16 - [TEST_STEP][PASSED] - utilities.SafeActions.safeType(findTestObject("CERTPAY_QUICKSTI/Payment_Information_Page/PAYMENT_AMOUNT"), amountList.get(i), "Payment Amount", [pageLoadTime]): Quicksti.ts:Entered'35.00 into Payment Amount

2020-10-15 14:11:17 - [MESSAGE][PASSED] - Object 'Object Repository/CERTPAY_QUICKSTI/Payment_Information_Page/PAYMENT_AMOUNT' is present

2020-10-15 14:11:17 - [MESSAGE][PASSED] - Object 'Object Repository/CERTPAY_QUICKSTI/Payment_Information_Page/PAYMENT_AMOUNT' is visible

2020-10-15 14:11:17 - [MESSAGE][PASSED] - Object 'Object Repository/CERTPAY_QUICKSTI/Payment_Information_Page/PAYMENT_AMOUNT' is present

2020-10-15 14:11:18 - [MESSAGE][PASSED] - Text '35.00' is set on object 'Object Repository/CERTPAY_QUICKSTI/Payment_Information_Page/PAYMENT_AMOUNT'

2020-10-15 14:11:18 - [MESSAGE][PASSED] - Quicksti.ts:Entered'35.00 into Payment Amount

2020-10-15 14:11:18 - [TEST_STEP][PASSED] - pages.Quicksti.setAmountDetailsForMultiBureau(s, paymentTypeList.get(i), "0", referenceList.get(i), quantityList.get(i)): Quicksti.ts:Entered'1 into Quntity

2020-10-15 14:11:19 - [MESSAGE][PASSED] - Object '' is visible

2020-10-15 14:11:19 - [MESSAGE][PASSED] - Object '' is present

2020-10-15 14:11:21 - [MESSAGE][PASSED] - Object: '' is clicked on

2020-10-15 14:11:22 - [MESSAGE][PASSED] - All options with label 'Licenses' are selected in object ''  using regular expression

2020-10-15 14:11:22 - [MESSAGE][PASSED] - selected dropdown option by visible text  Licensesfrom Payment Type

2020-10-15 14:11:22 - [MESSAGE][PASSED] - Object '' is present

2020-10-15 14:11:22 - [MESSAGE][PASSED] - Object '' is visible

2020-10-15 14:11:23 - [MESSAGE][PASSED] - Object '' is present

2020-10-15 14:11:24 - [MESSAGE][PASSED] - Text '11' is set on object ''

2020-10-15 14:11:24 - [MESSAGE][PASSED] - Quicksti.ts:Entered'11 into RefrenceNumber

2020-10-15 14:11:24 - [MESSAGE][PASSED] - Object '' is present

2020-10-15 14:11:25 - [MESSAGE][PASSED] - Object '' is visible

2020-10-15 14:11:25 - [MESSAGE][PASSED] - Object '' is present

2020-10-15 14:11:26 - [MESSAGE][PASSED] - Text '1' is set on object ''

2020-10-15 14:11:26 - [MESSAGE][PASSED] - Quicksti.ts:Entered'1 into Quntity

2020-10-15 14:11:26 - [TEST_STEP][PASSED] - s = Integer.toString(i): null

2020-10-15 14:11:26 - [TEST_STEP][PASSED] - pages.Quicksti.setCommnets("0", s, commentsList.get(i)): Quicksti.ts:Entered'Tester into Comments

2020-10-15 14:11:27 - [MESSAGE][PASSED] - Object '' is present

2020-10-15 14:11:27 - [MESSAGE][PASSED] - Object '' is visible

2020-10-15 14:11:27 - [MESSAGE][PASSED] - Object '' is present

2020-10-15 14:11:29 - [MESSAGE][PASSED] - Text 'Tester' is set on object ''

2020-10-15 14:11:29 - [MESSAGE][PASSED] - Quicksti.ts:Entered'Tester into Comments

2020-10-15 14:11:29 - [TEST_STEP][PASSED] - utilities.SafeActions.safeType(findTestObject("CERTPAY_QUICKSTI/Payment_Information_Page/PAYMENT_AMOUNT"), amountList.get(i), "Payment Amount", [pageLoadTime]): Quicksti.ts:Entered'40.00 into Payment Amount

2020-10-15 14:11:29 - [MESSAGE][PASSED] - Object 'Object Repository/CERTPAY_QUICKSTI/Payment_Information_Page/PAYMENT_AMOUNT' is present

2020-10-15 14:11:29 - [MESSAGE][PASSED] - Object 'Object Repository/CERTPAY_QUICKSTI/Payment_Information_Page/PAYMENT_AMOUNT' is visible

2020-10-15 14:11:30 - [MESSAGE][PASSED] - Object 'Object Repository/CERTPAY_QUICKSTI/Payment_Information_Page/PAYMENT_AMOUNT' is present

2020-10-15 14:11:31 - [MESSAGE][PASSED] - Text '40.00' is set on object 'Object Repository/CERTPAY_QUICKSTI/Payment_Information_Page/PAYMENT_AMOUNT'

2020-10-15 14:11:31 - [MESSAGE][PASSED] - Quicksti.ts:Entered'40.00 into Payment Amount

2020-10-15 14:11:31 - [TEST_STEP][PASSED] - pages.Quicksti.setAmountDetailsForMultiBureau(s, paymentTypeList.get(i), "0", referenceList.get(i), quantityList.get(i)): Quicksti.ts:Entered'2 into Quntity

2020-10-15 14:11:31 - [MESSAGE][PASSED] - Object '' is visible

2020-10-15 14:11:32 - [MESSAGE][PASSED] - Object '' is present

2020-10-15 14:11:33 - [MESSAGE][PASSED] - Object: '' is clicked on

2020-10-15 14:11:34 - [MESSAGE][PASSED] - All options with label 'Taxes' are selected in object ''  using regular expression

2020-10-15 14:11:34 - [MESSAGE][PASSED] - selected dropdown option by visible text  Taxesfrom Payment Type

2020-10-15 14:11:35 - [MESSAGE][PASSED] - Object '' is present

2020-10-15 14:11:35 - [MESSAGE][PASSED] - Object '' is visible

2020-10-15 14:11:35 - [MESSAGE][PASSED] - Object '' is present

2020-10-15 14:11:36 - [MESSAGE][PASSED] - Text '12' is set on object ''

2020-10-15 14:11:36 - [MESSAGE][PASSED] - Quicksti.ts:Entered'12 into RefrenceNumber

2020-10-15 14:11:37 - [MESSAGE][PASSED] - Object '' is present

2020-10-15 14:11:37 - [MESSAGE][PASSED] - Object '' is visible

2020-10-15 14:11:37 - [MESSAGE][PASSED] - Object '' is present

2020-10-15 14:11:39 - [MESSAGE][PASSED] - Text '2' is set on object ''

2020-10-15 14:11:39 - [MESSAGE][PASSED] - Quicksti.ts:Entered'2 into Quntity

2020-10-15 14:11:39 - [TEST_STEP][PASSED] - amount_Value = pages.Quicksti.getAttributeValue(findTestObject("CERTPAY_QUICKSTI/Payment_Information_Page/SUB_TOTAL")): pages.Quicksti.getAttributeValue is PASSED

2020-10-15 14:11:39 - [MESSAGE][PASSED] - Attribute 'value' of object 'Object Repository/CERTPAY_QUICKSTI/Payment_Information_Page/SUB_TOTAL' is: '35.00'

2020-10-15 14:11:39 - [MESSAGE][PASSED] - pages.Quicksti.getAttributeValue is PASSED

2020-10-15 14:11:39 - [TEST_STEP][PASSED] - utilities.SafeActions.safeClick(findTestObject("CERTPAY_QUICKSTI/Payment_Information_Page/MANUAL_ENTRY_BUTTON"), "ManualEntry", [pageLoadTime]): Quicksti.ts:Clicked on the ManualEntry

2020-10-15 14:11:39 - [MESSAGE][INFO] - safeClicking

2020-10-15 14:11:39 - [MESSAGE][PASSED] - Object 'Object Repository/CERTPAY_QUICKSTI/Payment_Information_Page/MANUAL_ENTRY_BUTTON' is present

2020-10-15 14:11:40 - [MESSAGE][PASSED] - Object 'Object Repository/CERTPAY_QUICKSTI/Payment_Information_Page/MANUAL_ENTRY_BUTTON' is clickable

2020-10-15 14:11:45 - [MESSAGE][PASSED] - Object: 'Object Repository/CERTPAY_QUICKSTI/Payment_Information_Page/MANUAL_ENTRY_BUTTON' is clicked on

2020-10-15 14:11:45 - [MESSAGE][PASSED] - Quicksti.ts:Clicked on the ManualEntry

2020-10-15 14:11:45 - [TEST_STEP][PASSED] - CardNumber = pages.Quicksti.setUserPaymentDetails(firstName, lastName, cardNum): Quicksti.ts:Entered'8171999900000018 into CardNum

2020-10-15 14:11:45 - [MESSAGE][PASSED] - Object 'Object Repository/CERTPAY_QUICKSTI/Payment_Information_Page/FIRST_NAME' is present

2020-10-15 14:11:46 - [MESSAGE][PASSED] - Object 'Object Repository/CERTPAY_QUICKSTI/Payment_Information_Page/FIRST_NAME' is visible

2020-10-15 14:11:46 - [MESSAGE][PASSED] - Object 'Object Repository/CERTPAY_QUICKSTI/Payment_Information_Page/FIRST_NAME' is present

2020-10-15 14:11:47 - [MESSAGE][PASSED] - Text 'Tester' is set on object 'Object Repository/CERTPAY_QUICKSTI/Payment_Information_Page/FIRST_NAME'

2020-10-15 14:11:47 - [MESSAGE][PASSED] - Quicksti.ts:Entered'Tester into FirstName

2020-10-15 14:11:48 - [MESSAGE][PASSED] - Object 'Object Repository/CERTPAY_QUICKSTI/Payment_Information_Page/LAST_NAME' is present

2020-10-15 14:11:48 - [MESSAGE][PASSED] - Object 'Object Repository/CERTPAY_QUICKSTI/Payment_Information_Page/LAST_NAME' is visible

2020-10-15 14:11:48 - [MESSAGE][PASSED] - Object 'Object Repository/CERTPAY_QUICKSTI/Payment_Information_Page/LAST_NAME' is present

2020-10-15 14:11:50 - [MESSAGE][PASSED] - Text 'Zenq1' is set on object 'Object Repository/CERTPAY_QUICKSTI/Payment_Information_Page/LAST_NAME'

2020-10-15 14:11:50 - [MESSAGE][PASSED] - Quicksti.ts:Entered'Zenq1 into LAstName

2020-10-15 14:11:50 - [MESSAGE][PASSED] - Object 'Object Repository/CERTPAY_QUICKSTI/Payment_Information_Page/CARD_NUMBER' is present

2020-10-15 14:11:50 - [MESSAGE][PASSED] - Object 'Object Repository/CERTPAY_QUICKSTI/Payment_Information_Page/CARD_NUMBER' is visible

2020-10-15 14:11:51 - [MESSAGE][PASSED] - Object 'Object Repository/CERTPAY_QUICKSTI/Payment_Information_Page/CARD_NUMBER' is present

2020-10-15 14:11:52 - [MESSAGE][PASSED] - Text '8171999900000018' is set on object 'Object Repository/CERTPAY_QUICKSTI/Payment_Information_Page/CARD_NUMBER'

2020-10-15 14:11:52 - [MESSAGE][PASSED] - Quicksti.ts:Entered'8171999900000018 into CardNum

2020-10-15 14:11:52 - [TEST_STEP][PASSED] - pages.Quicksti.setExpDate(expMonth, expYear, securityCode): Quicksti.ts:Entered'111 into securityCode

2020-10-15 14:11:52 - [MESSAGE][PASSED] - Object 'Object Repository/CERTPAY_QUICKSTI/Payment_Information_Page/EXP_MONTH' is visible

2020-10-15 14:11:53 - [MESSAGE][PASSED] - Object 'Object Repository/CERTPAY_QUICKSTI/Payment_Information_Page/EXP_MONTH' is present

2020-10-15 14:11:54 - [MESSAGE][PASSED] - Object: 'Object Repository/CERTPAY_QUICKSTI/Payment_Information_Page/EXP_MONTH' is clicked on

2020-10-15 14:11:55 - [MESSAGE][PASSED] - All options with label '04' are selected in object 'Object Repository/CERTPAY_QUICKSTI/Payment_Information_Page/EXP_MONTH'  using regular expression

2020-10-15 14:11:55 - [MESSAGE][PASSED] - selected dropdown option by visible text  04from expMonth

2020-10-15 14:11:55 - [MESSAGE][PASSED] - Object 'Object Repository/CERTPAY_QUICKSTI/Payment_Information_Page/EXP_YEAR' is visible

2020-10-15 14:11:56 - [MESSAGE][PASSED] - Object 'Object Repository/CERTPAY_QUICKSTI/Payment_Information_Page/EXP_YEAR' is present

2020-10-15 14:11:57 - [MESSAGE][PASSED] - Object: 'Object Repository/CERTPAY_QUICKSTI/Payment_Information_Page/EXP_YEAR' is clicked on

2020-10-15 14:11:58 - [MESSAGE][PASSED] - All options with label '2027' are selected in object 'Object Repository/CERTPAY_QUICKSTI/Payment_Information_Page/EXP_YEAR'  using regular expression

2020-10-15 14:11:58 - [MESSAGE][PASSED] - selected dropdown option by visible text  2027from  expYear

2020-10-15 14:11:59 - [MESSAGE][PASSED] - Object 'Object Repository/CERTPAY_QUICKSTI/Payment_Information_Page/SECURITY_CODE' is present

2020-10-15 14:11:59 - [MESSAGE][PASSED] - Object 'Object Repository/CERTPAY_QUICKSTI/Payment_Information_Page/SECURITY_CODE' is visible

2020-10-15 14:11:59 - [MESSAGE][PASSED] - Object 'Object Repository/CERTPAY_QUICKSTI/Payment_Information_Page/SECURITY_CODE' is present

2020-10-15 14:12:01 - [MESSAGE][PASSED] - Text '111' is set on object 'Object Repository/CERTPAY_QUICKSTI/Payment_Information_Page/SECURITY_CODE'

2020-10-15 14:12:01 - [MESSAGE][PASSED] - Quicksti.ts:Entered'111 into securityCode

2020-10-15 14:12:01 - [TEST_STEP][PASSED] - utilities.SafeActions.safeType(findTestObject("CERTPAY_QUICKSTI/Payment_Information_Page/ADDRESS"), address, "Address", [pageLoadTime]): Quicksti.ts:Entered'14-2 into Address

2020-10-15 14:12:01 - [MESSAGE][PASSED] - Object 'Object Repository/CERTPAY_QUICKSTI/Payment_Information_Page/ADDRESS' is present

2020-10-15 14:12:01 - [MESSAGE][PASSED] - Object 'Object Repository/CERTPAY_QUICKSTI/Payment_Information_Page/ADDRESS' is visible

2020-10-15 14:12:02 - [MESSAGE][PASSED] - Object 'Object Repository/CERTPAY_QUICKSTI/Payment_Information_Page/ADDRESS' is present

2020-10-15 14:12:03 - [MESSAGE][PASSED] - Text '14-2' is set on object 'Object Repository/CERTPAY_QUICKSTI/Payment_Information_Page/ADDRESS'

2020-10-15 14:12:03 - [MESSAGE][PASSED] - Quicksti.ts:Entered'14-2 into Address

2020-10-15 14:12:03 - [TEST_STEP][PASSED] - utilities.SafeActions.safeType(findTestObject("CERTPAY_QUICKSTI/Payment_Information_Page/ZIP_CODE"), zipCode, "zipcode", [pageLoadTime]): Quicksti.ts:Entered'76102 into zipcode

2020-10-15 14:12:03 - [MESSAGE][PASSED] - Object 'Object Repository/CERTPAY_QUICKSTI/Payment_Information_Page/ZIP_CODE' is present

2020-10-15 14:12:04 - [MESSAGE][PASSED] - Object 'Object Repository/CERTPAY_QUICKSTI/Payment_Information_Page/ZIP_CODE' is visible

2020-10-15 14:12:04 - [MESSAGE][PASSED] - Object 'Object Repository/CERTPAY_QUICKSTI/Payment_Information_Page/ZIP_CODE' is present

2020-10-15 14:12:05 - [MESSAGE][PASSED] - Text '76102' is set on object 'Object Repository/CERTPAY_QUICKSTI/Payment_Information_Page/ZIP_CODE'

2020-10-15 14:12:05 - [MESSAGE][PASSED] - Quicksti.ts:Entered'76102 into zipcode

2020-10-15 14:12:05 - [TEST_STEP][PASSED] - utilities.SafeActions.safeType(findTestObject("CERTPAY_QUICKSTI/Payment_Information_Page/TELEPHONE"), telephone, "Telephone", [pageLoadTime]): Quicksti.ts:Entered'9989897654 into Telephone

2020-10-15 14:12:05 - [MESSAGE][PASSED] - Object 'Object Repository/CERTPAY_QUICKSTI/Payment_Information_Page/TELEPHONE' is present

2020-10-15 14:12:06 - [MESSAGE][PASSED] - Object 'Object Repository/CERTPAY_QUICKSTI/Payment_Information_Page/TELEPHONE' is visible

2020-10-15 14:12:06 - [MESSAGE][PASSED] - Object 'Object Repository/CERTPAY_QUICKSTI/Payment_Information_Page/TELEPHONE' is present

2020-10-15 14:12:07 - [MESSAGE][PASSED] - Text '9989897654' is set on object 'Object Repository/CERTPAY_QUICKSTI/Payment_Information_Page/TELEPHONE'

2020-10-15 14:12:07 - [MESSAGE][PASSED] - Quicksti.ts:Entered'9989897654 into Telephone

2020-10-15 14:12:07 - [TEST_STEP][PASSED] - utilities.SafeActions.safeType(findTestObject("CERTPAY_QUICKSTI/Payment_Information_Page/EMAIL_ADDRESS"), emailAddress, "EMAIL address", [pageLoadTime]): Quicksti.ts:Entered'testing@zenq.com into EMAIL address

2020-10-15 14:12:08 - [MESSAGE][PASSED] - Object 'Object Repository/CERTPAY_QUICKSTI/Payment_Information_Page/EMAIL_ADDRESS' is present

2020-10-15 14:12:08 - [MESSAGE][PASSED] - Object 'Object Repository/CERTPAY_QUICKSTI/Payment_Information_Page/EMAIL_ADDRESS' is visible

2020-10-15 14:12:08 - [MESSAGE][PASSED] - Object 'Object Repository/CERTPAY_QUICKSTI/Payment_Information_Page/EMAIL_ADDRESS' is present

2020-10-15 14:12:10 - [MESSAGE][PASSED] - Text 'testing@zenq.com' is set on object 'Object Repository/CERTPAY_QUICKSTI/Payment_Information_Page/EMAIL_ADDRESS'

2020-10-15 14:12:10 - [MESSAGE][PASSED] - Quicksti.ts:Entered'testing@zenq.com into EMAIL address

2020-10-15 14:12:10 - [TEST_STEP][PASSED] - utilities.SafeActions.safeClick(findTestObject("CERTPAY_QUICKSTI/Payment_Information_Page/NEXT_BUTTON"), "Next", [pageLoadTime]): Quicksti.ts:Clicked on the Next

2020-10-15 14:12:10 - [MESSAGE][INFO] - safeClicking

2020-10-15 14:12:10 - [MESSAGE][PASSED] - Object 'Object Repository/CERTPAY_QUICKSTI/Payment_Information_Page/NEXT_BUTTON' is present

2020-10-15 14:12:10 - [MESSAGE][PASSED] - Object 'Object Repository/CERTPAY_QUICKSTI/Payment_Information_Page/NEXT_BUTTON' is clickable

2020-10-15 14:12:14 - [MESSAGE][PASSED] - Object: 'Object Repository/CERTPAY_QUICKSTI/Payment_Information_Page/NEXT_BUTTON' is clicked on

2020-10-15 14:12:14 - [MESSAGE][PASSED] - Quicksti.ts:Clicked on the Next

2020-10-15 14:12:14 - [TEST_STEP][PASSED] - pages.Quicksti.verifyUserPaymentDetails(amountList.get(0), firstName, lastName, CardNumber): pages.Quicksti.verifyUserPaymentDetails is PASSED

2020-10-15 14:12:15 - [MESSAGE][PASSED] - Text of object 'Object Repository/CERTPAY_QUICKSTI/Payment_Details_Verification_Page/AMOUNT' is: '$35.00'

2020-10-15 14:12:15 - [MESSAGE][PASSED] - Actual text '35.00' and expected text '35.00' are matched  using regular expression

2020-10-15 14:12:15 - [MESSAGE][PASSED] - Text of object 'Object Repository/CERTPAY_QUICKSTI/Payment_Details_Verification_Page/NAME' is: 'Tester Zenq1'

2020-10-15 14:12:15 - [MESSAGE][PASSED] - Actual text 'Tester Zenq1' and expected text 'Tester Zenq1' are matched  using regular expression

2020-10-15 14:12:16 - [MESSAGE][PASSED] - Text of object 'Object Repository/CERTPAY_QUICKSTI/Payment_Details_Verification_Page/CARD_NUMBER' is: '...0018'

2020-10-15 14:12:16 - [MESSAGE][PASSED] - Actual text '0018' and expected text '0018' are matched  using regular expression

2020-10-15 14:12:16 - [MESSAGE][PASSED] - pages.Quicksti.verifyUserPaymentDetails is PASSED

2020-10-15 14:12:16 - [TEST_STEP][PASSED] - delay(2): Delayed 2 second(s)

2020-10-15 14:12:18 - [MESSAGE][PASSED] - Delayed 2 second(s)

2020-10-15 14:12:18 - [TEST_STEP][PASSED] - ConvFee = getText(findTestObject("CERTPAY_QUICKSTI/Payment_Information_Page/CONV_FEE")): Text of object 'Object Repository/CERTPAY_QUICKSTI/Payment_Information_Page/CONV_FEE' is: '$0.88'

2020-10-15 14:12:18 - [MESSAGE][PASSED] - Text of object 'Object Repository/CERTPAY_QUICKSTI/Payment_Information_Page/CONV_FEE' is: '$0.88'

2020-10-15 14:12:18 - [TEST_STEP][PASSED] - scrollToElement(findTestObject("CERTPAY_QUICKSTI/Payment_Details_Verification_Page/PROCESS"), 0): Scroll to object 'Object Repository/CERTPAY_QUICKSTI/Payment_Details_Verification_Page/PROCESS' successfully

2020-10-15 14:12:18 - [MESSAGE][WARNING] - Timeout '0' is invalid. Using default page load timeout: '30'

2020-10-15 14:12:18 - [MESSAGE][PASSED] - Scroll to object 'Object Repository/CERTPAY_QUICKSTI/Payment_Details_Verification_Page/PROCESS' successfully

2020-10-15 14:12:18 - [TEST_STEP][PASSED] - utilities.SafeActions.safeClick(findTestObject("CERTPAY_QUICKSTI/Payment_Details_Verification_Page/PROCESS"), "Process", [pageLoadTime]): Quicksti.ts:Clicked on the Process

2020-10-15 14:12:19 - [MESSAGE][INFO] - safeClicking

2020-10-15 14:12:19 - [MESSAGE][PASSED] - Object 'Object Repository/CERTPAY_QUICKSTI/Payment_Details_Verification_Page/PROCESS' is present

2020-10-15 14:12:19 - [MESSAGE][PASSED] - Object 'Object Repository/CERTPAY_QUICKSTI/Payment_Details_Verification_Page/PROCESS' is clickable

2020-10-15 14:12:25 - [MESSAGE][PASSED] - Object: 'Object Repository/CERTPAY_QUICKSTI/Payment_Details_Verification_Page/PROCESS' is clicked on

2020-10-15 14:12:25 - [MESSAGE][PASSED] - Quicksti.ts:Clicked on the Process

2020-10-15 14:12:25 - [TEST_STEP][PASSED] - PaymentID = pages.Quicksti.verifyPaymentApproval(findTestObject("CERTPAY_QUICKSTI/Payment_Details_Verification_Page/APPROVED")): Payment is approved

2020-10-15 14:12:25 - [MESSAGE][PASSED] - Text of object 'Object Repository/CERTPAY_QUICKSTI/Payment_Details_Verification_Page/PAYMENT_ID' is: '100176129056'

2020-10-15 14:12:25 - [MESSAGE][PASSED] - Object 'Object Repository/CERTPAY_QUICKSTI/Payment_Details_Verification_Page/APPROVED' is present

2020-10-15 14:12:25 - [MESSAGE][PASSED] - Payment is approved

2020-10-15 14:12:27 - [TEST_STEP][PASSED] - navigateToUrl(Admin_url): Navigate to 'https://qa-certpayadmin.faps.net' successfully

2020-10-15 14:12:41 - [MESSAGE][PASSED] - Navigate to 'https://qa-certpayadmin.faps.net' successfully

2020-10-15 14:12:41 - [TEST_STEP][PASSED] - pages.Bureau_Login_Page.loginToAdminSite(AdminUsername, AdminPassword): Quicksti.ts:Clicked on the LOGIN

2020-10-15 14:12:42 - [MESSAGE][PASSED] - Object 'Object Repository/CERTPAY_ADMIN/USER_NAME' is present

2020-10-15 14:12:42 - [MESSAGE][PASSED] - Object 'Object Repository/CERTPAY_ADMIN/USER_NAME' is visible

2020-10-15 14:12:42 - [MESSAGE][PASSED] - Object 'Object Repository/CERTPAY_ADMIN/USER_NAME' is present

2020-10-15 14:12:43 - [MESSAGE][PASSED] - Text 'VVangiliappan' is set on object 'Object Repository/CERTPAY_ADMIN/USER_NAME'

2020-10-15 14:12:43 - [MESSAGE][PASSED] - Quicksti.ts:Entered'VVangiliappan into username

2020-10-15 14:12:44 - [MESSAGE][PASSED] - Object 'Object Repository/CERTPAY_ADMIN/PASSWORD' is present

2020-10-15 14:12:44 - [MESSAGE][PASSED] - Object 'Object Repository/CERTPAY_ADMIN/PASSWORD' is visible

2020-10-15 14:12:44 - [MESSAGE][PASSED] - Object 'Object Repository/CERTPAY_ADMIN/PASSWORD' is present

2020-10-15 14:12:46 - [MESSAGE][PASSED] - Text 'Test@123' is set on object 'Object Repository/CERTPAY_ADMIN/PASSWORD'

2020-10-15 14:12:46 - [MESSAGE][PASSED] - Quicksti.ts:Entered'Test@123 into password

2020-10-15 14:12:46 - [MESSAGE][INFO] - safeClicking

2020-10-15 14:12:46 - [MESSAGE][PASSED] - Object 'Object Repository/CERTPAY_ADMIN/LOGIN_BUTTON' is present

2020-10-15 14:12:46 - [MESSAGE][PASSED] - Object 'Object Repository/CERTPAY_ADMIN/LOGIN_BUTTON' is clickable

2020-10-15 14:13:04 - [MESSAGE][PASSED] - Object: 'Object Repository/CERTPAY_ADMIN/LOGIN_BUTTON' is clicked on

2020-10-15 14:13:04 - [MESSAGE][PASSED] - Quicksti.ts:Clicked on the LOGIN

2020-10-15 14:13:04 - [TEST_STEP][PASSED] - utilities.SafeActions.safeClick(findTestObject("CERTPAY_ADMIN/TRANSACTION_MENU"), "TransactionMenu", [pageLoadTime]): Quicksti.ts:Clicked on the TransactionMenu

2020-10-15 14:13:04 - [MESSAGE][INFO] - safeClicking

2020-10-15 14:13:04 - [MESSAGE][PASSED] - Object 'Object Repository/CERTPAY_ADMIN/TRANSACTION_MENU' is present

2020-10-15 14:13:04 - [MESSAGE][PASSED] - Object 'Object Repository/CERTPAY_ADMIN/TRANSACTION_MENU' is clickable

2020-10-15 14:13:06 - [MESSAGE][PASSED] - Object: 'Object Repository/CERTPAY_ADMIN/TRANSACTION_MENU' is clicked on

2020-10-15 14:13:06 - [MESSAGE][PASSED] - Quicksti.ts:Clicked on the TransactionMenu

2020-10-15 14:13:06 - [TEST_STEP][PASSED] - utilities.SafeActions.safeClick(findTestObject("CERTPAY_ADMIN/TRANSACTION_SEARCH"), "TransactionSearch", [pageLoadTime]): Quicksti.ts:Clicked on the TransactionSearch

2020-10-15 14:13:06 - [MESSAGE][INFO] - safeClicking

2020-10-15 14:13:06 - [MESSAGE][PASSED] - Object 'Object Repository/CERTPAY_ADMIN/TRANSACTION_SEARCH' is present

2020-10-15 14:13:06 - [MESSAGE][PASSED] - Object 'Object Repository/CERTPAY_ADMIN/TRANSACTION_SEARCH' is clickable

2020-10-15 14:13:16 - [MESSAGE][PASSED] - Object: 'Object Repository/CERTPAY_ADMIN/TRANSACTION_SEARCH' is clicked on

2020-10-15 14:13:16 - [MESSAGE][PASSED] - Quicksti.ts:Clicked on the TransactionSearch

2020-10-15 14:13:16 - [TEST_STEP][PASSED] - delay(2): Delayed 2 second(s)

2020-10-15 14:13:18 - [MESSAGE][PASSED] - Delayed 2 second(s)

2020-10-15 14:13:18 - [TEST_STEP][PASSED] - utilities.SafeActions.safeType(findTestObject("CERTPAY_ADMIN/PAYMENT_ID"), PaymentID, "Payment id", [pageLoadTime]): Quicksti.ts:Entered'100176129056 into Payment id

2020-10-15 14:13:18 - [MESSAGE][PASSED] - Object 'Object Repository/CERTPAY_ADMIN/PAYMENT_ID' is present

2020-10-15 14:13:19 - [MESSAGE][PASSED] - Object 'Object Repository/CERTPAY_ADMIN/PAYMENT_ID' is visible

2020-10-15 14:13:19 - [MESSAGE][PASSED] - Object 'Object Repository/CERTPAY_ADMIN/PAYMENT_ID' is present

2020-10-15 14:13:20 - [MESSAGE][PASSED] - Text '100176129056' is set on object 'Object Repository/CERTPAY_ADMIN/PAYMENT_ID'

2020-10-15 14:13:20 - [MESSAGE][PASSED] - Quicksti.ts:Entered'100176129056 into Payment id

2020-10-15 14:13:20 - [TEST_STEP][PASSED] - utilities.SafeActions.safeClick(findTestObject("CERTPAY_ADMIN/GO_BUTTON"), "Go button", [pageLoadTime]): Quicksti.ts:Clicked on the Go button

2020-10-15 14:13:20 - [MESSAGE][INFO] - safeClicking

2020-10-15 14:13:21 - [MESSAGE][PASSED] - Object 'Object Repository/CERTPAY_ADMIN/GO_BUTTON' is present

2020-10-15 14:13:21 - [MESSAGE][PASSED] - Object 'Object Repository/CERTPAY_ADMIN/GO_BUTTON' is clickable

2020-10-15 14:13:27 - [MESSAGE][PASSED] - Object: 'Object Repository/CERTPAY_ADMIN/GO_BUTTON' is clicked on

2020-10-15 14:13:27 - [MESSAGE][PASSED] - Quicksti.ts:Clicked on the Go button

2020-10-15 14:13:27 - [TEST_STEP][PASSED] - delay(5): Delayed 5 second(s)

2020-10-15 14:13:32 - [MESSAGE][PASSED] - Delayed 5 second(s)

2020-10-15 14:13:32 - [TEST_STEP][PASSED] - scrollToPosition(800, 900): Browser is scrolled to position x = 800, y = 900

2020-10-15 14:13:32 - [MESSAGE][PASSED] - Browser is scrolled to position x = 800, y = 900

2020-10-15 14:13:32 - [TEST_STEP][PASSED] - pages.Search_Page.validatePaymentAmount(amountList.get(0), ConvFee): Verified payment details successfully 

2020-10-15 14:13:32 - [MESSAGE][PASSED] - Text of object 'Object Repository/CERTPAY_ADMIN/PAYMENT_AMOUNT' is: '$35.00'

2020-10-15 14:13:32 - [MESSAGE][PASSED] - Actual text '35.00' and expected text '35.00' are matched  using regular expression

2020-10-15 14:13:32 - [MESSAGE][PASSED] - Text of object 'Object Repository/CERTPAY_ADMIN/CONV_FEE' is: '$0.88'

2020-10-15 14:13:32 - [MESSAGE][PASSED] - Actual text '0.88' and expected text '0.88' are matched  using regular expression

2020-10-15 14:13:32 - [MESSAGE][PASSED] - Verified payment details successfully 

2020-10-15 14:13:32 - [TEST_STEP][PASSED] - paymentIdList.add(PaymentID): null

2020-10-15 14:13:32 - [TEST_STEP][PASSED] - println(paymentIdList): null

2020-10-15 14:13:32 - [TEST_STEP][PASSED] - firstName = data.getValue("FirstName", index): null

2020-10-15 14:13:32 - [TEST_STEP][PASSED] - lastName = data.getValue("LastName", index): null

2020-10-15 14:13:32 - [TEST_STEP][PASSED] - cardNum = data.getValue("CardNumber", index): null

2020-10-15 14:13:32 - [TEST_STEP][PASSED] - expMonth = data.getValue("ExpMonth", index): null

2020-10-15 14:13:32 - [TEST_STEP][PASSED] - expYear = data.getValue("ExpYear", index): null

2020-10-15 14:13:32 - [TEST_STEP][PASSED] - securityCode = data.getValue("SecurityCode", index): null

2020-10-15 14:13:32 - [TEST_STEP][PASSED] - paymentAmount = data.getValue("PaymentAmount", index): null

2020-10-15 14:13:32 - [TEST_STEP][PASSED] - paymentType = data.getValue("PaymentType", index): null

2020-10-15 14:13:32 - [TEST_STEP][PASSED] - quantity = data.getValue("Quantity", index): null

2020-10-15 14:13:32 - [TEST_STEP][PASSED] - comments = data.getValue("Comments", index): null

2020-10-15 14:13:32 - [TEST_STEP][PASSED] - referenceNum = data.getValue("ReferenceNum", index): null

2020-10-15 14:13:32 - [TEST_STEP][PASSED] - address = data.getValue("Address", index): null

2020-10-15 14:13:32 - [TEST_STEP][PASSED] - zipCode = data.getValue("Zipcode", index): null

2020-10-15 14:13:32 - [TEST_STEP][PASSED] - telephone = data.getValue("Telephone", index): null

2020-10-15 14:13:32 - [TEST_STEP][PASSED] - emailAddress = data.getValue("EmailAddress", index): null

2020-10-15 14:13:32 - [TEST_STEP][PASSED] - cardType = data.getValue("CardType", index): null

2020-10-15 14:13:32 - [TEST_STEP][PASSED] - amountList = paymentAmount.split(","): null

2020-10-15 14:13:32 - [TEST_STEP][PASSED] - referenceList = referenceNum.split(","): null

2020-10-15 14:13:32 - [TEST_STEP][PASSED] - paymentTypeList = paymentType.split(","): null

2020-10-15 14:13:32 - [TEST_STEP][PASSED] - commentsList = comments.split(","): null

2020-10-15 14:13:32 - [TEST_STEP][PASSED] - quantityList = quantity.split(","): null

2020-10-15 14:13:32 - [TEST_STEP][PASSED] - utilities.SafeActions.openBrowser(Quicksti_Url, [pageLoadTime]): Browser launched successfully

2020-10-15 14:13:32 - [MESSAGE][INFO] - Opening Browser

2020-10-15 14:13:32 - [MESSAGE][WARNING] - A browser is already opened. Closing browser and opening a new one

2020-10-15 14:13:33 - [MESSAGE][INFO] - Starting 'Chrome' driver

2020-10-15 14:13:51 - [MESSAGE][PASSED] - Browser is opened with url: 'https://qa-certpayquicksti.faps.net/'

2020-10-15 14:13:53 - [MESSAGE][PASSED] - Current window maximized

2020-10-15 14:13:53 - [MESSAGE][PASSED] - Browser launched successfully

2020-10-15 14:13:53 - [TEST_STEP][PASSED] - utilities.SafeActions.safeCheck(findTestObject("CERTPAY_QUICKSTI/Login_ Page/MULTI_BUREAU_CHECKBOX"), "Multi Bureau", [pageLoadTime]): Quicksti.ts:Checkbox 'Multi Bureau'is selected

2020-10-15 14:13:54 - [MESSAGE][PASSED] - Object 'Object Repository/CERTPAY_QUICKSTI/Login_ Page/MULTI_BUREAU_CHECKBOX' is present

2020-10-15 14:13:55 - [MESSAGE][PASSED] - Object 'Object Repository/CERTPAY_QUICKSTI/Login_ Page/MULTI_BUREAU_CHECKBOX' is present

2020-10-15 14:13:56 - [MESSAGE][PASSED] - Object: 'Object Repository/CERTPAY_QUICKSTI/Login_ Page/MULTI_BUREAU_CHECKBOX' is clicked on

2020-10-15 14:13:56 - [MESSAGE][PASSED] - Quicksti.ts:Checkbox 'Multi Bureau'is selected

2020-10-15 14:13:56 - [TEST_STEP][PASSED] - utilities.SafeActions.safeType(findTestObject("CERTPAY_QUICKSTI/Login_ Page/TELLER_ID"), teller_id, "Bureau code", [pageLoadTime]): Quicksti.ts:Entered'zenq into Bureau code

2020-10-15 14:13:59 - [MESSAGE][PASSED] - Object 'Object Repository/CERTPAY_QUICKSTI/Login_ Page/TELLER_ID' is present

2020-10-15 14:13:59 - [MESSAGE][PASSED] - Object 'Object Repository/CERTPAY_QUICKSTI/Login_ Page/TELLER_ID' is visible

2020-10-15 14:13:59 - [MESSAGE][PASSED] - Object 'Object Repository/CERTPAY_QUICKSTI/Login_ Page/TELLER_ID' is present

2020-10-15 14:14:01 - [MESSAGE][PASSED] - Text 'zenq' is set on object 'Object Repository/CERTPAY_QUICKSTI/Login_ Page/TELLER_ID'

2020-10-15 14:14:01 - [MESSAGE][PASSED] - Quicksti.ts:Entered'zenq into Bureau code

2020-10-15 14:14:01 - [TEST_STEP][PASSED] - utilities.SafeActions.safeClick(findTestObject("CERTPAY_QUICKSTI/Login_ Page/NEXT_BUTTON"), "Next button", [pageLoadTime]): Quicksti.ts:Clicked on the Next button

2020-10-15 14:14:01 - [MESSAGE][INFO] - safeClicking

2020-10-15 14:14:01 - [MESSAGE][PASSED] - Object 'Object Repository/CERTPAY_QUICKSTI/Login_ Page/NEXT_BUTTON' is present

2020-10-15 14:14:01 - [MESSAGE][PASSED] - Object 'Object Repository/CERTPAY_QUICKSTI/Login_ Page/NEXT_BUTTON' is clickable

2020-10-15 14:14:08 - [MESSAGE][PASSED] - Object: 'Object Repository/CERTPAY_QUICKSTI/Login_ Page/NEXT_BUTTON' is clicked on

2020-10-15 14:14:08 - [MESSAGE][PASSED] - Quicksti.ts:Clicked on the Next button

2020-10-15 14:14:08 - [TEST_STEP][PASSED] - for ([i = 0, i <= amountList.size() - 1, (i++)]): Quicksti.ts:Entered'2 into Quntity

2020-10-15 14:14:08 - [TEST_STEP][PASSED] - s = Integer.toString(i): null

2020-10-15 14:14:08 - [TEST_STEP][PASSED] - pages.Quicksti.setCommnets("0", s, commentsList.get(i)): Quicksti.ts:Entered'Testing into Comments

2020-10-15 14:14:08 - [MESSAGE][PASSED] - Object '' is present

2020-10-15 14:14:09 - [MESSAGE][PASSED] - Object '' is visible

2020-10-15 14:14:09 - [MESSAGE][PASSED] - Object '' is present

2020-10-15 14:14:10 - [MESSAGE][PASSED] - Text 'Testing' is set on object ''

2020-10-15 14:14:10 - [MESSAGE][PASSED] - Quicksti.ts:Entered'Testing into Comments

2020-10-15 14:14:10 - [TEST_STEP][PASSED] - utilities.SafeActions.safeType(findTestObject("CERTPAY_QUICKSTI/Payment_Information_Page/PAYMENT_AMOUNT"), amountList.get(i), "Payment Amount", [pageLoadTime]): Quicksti.ts:Entered'35.00 into Payment Amount

2020-10-15 14:14:11 - [MESSAGE][PASSED] - Object 'Object Repository/CERTPAY_QUICKSTI/Payment_Information_Page/PAYMENT_AMOUNT' is present

2020-10-15 14:14:11 - [MESSAGE][PASSED] - Object 'Object Repository/CERTPAY_QUICKSTI/Payment_Information_Page/PAYMENT_AMOUNT' is visible

2020-10-15 14:14:11 - [MESSAGE][PASSED] - Object 'Object Repository/CERTPAY_QUICKSTI/Payment_Information_Page/PAYMENT_AMOUNT' is present

2020-10-15 14:14:13 - [MESSAGE][PASSED] - Text '35.00' is set on object 'Object Repository/CERTPAY_QUICKSTI/Payment_Information_Page/PAYMENT_AMOUNT'

2020-10-15 14:14:13 - [MESSAGE][PASSED] - Quicksti.ts:Entered'35.00 into Payment Amount

2020-10-15 14:14:13 - [TEST_STEP][PASSED] - pages.Quicksti.setAmountDetailsForMultiBureau(s, paymentTypeList.get(i), "0", referenceList.get(i), quantityList.get(i)): Quicksti.ts:Entered'1 into Quntity

2020-10-15 14:14:13 - [MESSAGE][PASSED] - Object '' is visible

2020-10-15 14:14:13 - [MESSAGE][PASSED] - Object '' is present

2020-10-15 14:14:15 - [MESSAGE][PASSED] - Object: '' is clicked on

2020-10-15 14:14:16 - [MESSAGE][PASSED] - All options with label 'Licenses' are selected in object ''  using regular expression

2020-10-15 14:14:16 - [MESSAGE][PASSED] - selected dropdown option by visible text  Licensesfrom Payment Type

2020-10-15 14:14:16 - [MESSAGE][PASSED] - Object '' is present

2020-10-15 14:14:16 - [MESSAGE][PASSED] - Object '' is visible

2020-10-15 14:14:17 - [MESSAGE][PASSED] - Object '' is present

2020-10-15 14:14:18 - [MESSAGE][PASSED] - Text '11' is set on object ''

2020-10-15 14:14:18 - [MESSAGE][PASSED] - Quicksti.ts:Entered'11 into RefrenceNumber

2020-10-15 14:14:18 - [MESSAGE][PASSED] - Object '' is present

2020-10-15 14:14:19 - [MESSAGE][PASSED] - Object '' is visible

2020-10-15 14:14:19 - [MESSAGE][PASSED] - Object '' is present

2020-10-15 14:14:20 - [MESSAGE][PASSED] - Text '1' is set on object ''

2020-10-15 14:14:20 - [MESSAGE][PASSED] - Quicksti.ts:Entered'1 into Quntity

2020-10-15 14:14:20 - [TEST_STEP][PASSED] - s = Integer.toString(i): null

2020-10-15 14:14:20 - [TEST_STEP][PASSED] - pages.Quicksti.setCommnets("0", s, commentsList.get(i)): Quicksti.ts:Entered'Tester into Comments

2020-10-15 14:14:21 - [MESSAGE][PASSED] - Object '' is present

2020-10-15 14:14:21 - [MESSAGE][PASSED] - Object '' is visible

2020-10-15 14:14:21 - [MESSAGE][PASSED] - Object '' is present

2020-10-15 14:14:22 - [MESSAGE][PASSED] - Text 'Tester' is set on object ''

2020-10-15 14:14:22 - [MESSAGE][PASSED] - Quicksti.ts:Entered'Tester into Comments

2020-10-15 14:14:22 - [TEST_STEP][PASSED] - utilities.SafeActions.safeType(findTestObject("CERTPAY_QUICKSTI/Payment_Information_Page/PAYMENT_AMOUNT"), amountList.get(i), "Payment Amount", [pageLoadTime]): Quicksti.ts:Entered'40.00 into Payment Amount

2020-10-15 14:14:23 - [MESSAGE][PASSED] - Object 'Object Repository/CERTPAY_QUICKSTI/Payment_Information_Page/PAYMENT_AMOUNT' is present

2020-10-15 14:14:23 - [MESSAGE][PASSED] - Object 'Object Repository/CERTPAY_QUICKSTI/Payment_Information_Page/PAYMENT_AMOUNT' is visible

2020-10-15 14:14:23 - [MESSAGE][PASSED] - Object 'Object Repository/CERTPAY_QUICKSTI/Payment_Information_Page/PAYMENT_AMOUNT' is present

2020-10-15 14:14:25 - [MESSAGE][PASSED] - Text '40.00' is set on object 'Object Repository/CERTPAY_QUICKSTI/Payment_Information_Page/PAYMENT_AMOUNT'

2020-10-15 14:14:25 - [MESSAGE][PASSED] - Quicksti.ts:Entered'40.00 into Payment Amount

2020-10-15 14:14:25 - [TEST_STEP][PASSED] - pages.Quicksti.setAmountDetailsForMultiBureau(s, paymentTypeList.get(i), "0", referenceList.get(i), quantityList.get(i)): Quicksti.ts:Entered'2 into Quntity

2020-10-15 14:14:25 - [MESSAGE][PASSED] - Object '' is visible

2020-10-15 14:14:26 - [MESSAGE][PASSED] - Object '' is present

2020-10-15 14:14:27 - [MESSAGE][PASSED] - Object: '' is clicked on

2020-10-15 14:14:28 - [MESSAGE][PASSED] - All options with label 'Taxes' are selected in object ''  using regular expression

2020-10-15 14:14:28 - [MESSAGE][PASSED] - selected dropdown option by visible text  Taxesfrom Payment Type

2020-10-15 14:14:29 - [MESSAGE][PASSED] - Object '' is present

2020-10-15 14:14:29 - [MESSAGE][PASSED] - Object '' is visible

2020-10-15 14:14:29 - [MESSAGE][PASSED] - Object '' is present

2020-10-15 14:14:31 - [MESSAGE][PASSED] - Text '12' is set on object ''

2020-10-15 14:14:31 - [MESSAGE][PASSED] - Quicksti.ts:Entered'12 into RefrenceNumber

2020-10-15 14:14:31 - [MESSAGE][PASSED] - Object '' is present

2020-10-15 14:14:31 - [MESSAGE][PASSED] - Object '' is visible

2020-10-15 14:14:31 - [MESSAGE][PASSED] - Object '' is present

2020-10-15 14:14:33 - [MESSAGE][PASSED] - Text '2' is set on object ''

2020-10-15 14:14:33 - [MESSAGE][PASSED] - Quicksti.ts:Entered'2 into Quntity

2020-10-15 14:14:33 - [TEST_STEP][PASSED] - amount_Value = pages.Quicksti.getAttributeValue(findTestObject("CERTPAY_QUICKSTI/Payment_Information_Page/SUB_TOTAL")): pages.Quicksti.getAttributeValue is PASSED

2020-10-15 14:14:33 - [MESSAGE][PASSED] - Attribute 'value' of object 'Object Repository/CERTPAY_QUICKSTI/Payment_Information_Page/SUB_TOTAL' is: '35.00'

2020-10-15 14:14:33 - [MESSAGE][PASSED] - pages.Quicksti.getAttributeValue is PASSED

2020-10-15 14:14:33 - [TEST_STEP][PASSED] - utilities.SafeActions.safeClick(findTestObject("CERTPAY_QUICKSTI/Payment_Information_Page/MANUAL_ENTRY_BUTTON"), "ManualEntry", [pageLoadTime]): Quicksti.ts:Clicked on the ManualEntry

2020-10-15 14:14:33 - [MESSAGE][INFO] - safeClicking

2020-10-15 14:14:34 - [MESSAGE][PASSED] - Object 'Object Repository/CERTPAY_QUICKSTI/Payment_Information_Page/MANUAL_ENTRY_BUTTON' is present

2020-10-15 14:14:34 - [MESSAGE][PASSED] - Object 'Object Repository/CERTPAY_QUICKSTI/Payment_Information_Page/MANUAL_ENTRY_BUTTON' is clickable

2020-10-15 14:14:40 - [MESSAGE][PASSED] - Object: 'Object Repository/CERTPAY_QUICKSTI/Payment_Information_Page/MANUAL_ENTRY_BUTTON' is clicked on

2020-10-15 14:14:40 - [MESSAGE][PASSED] - Quicksti.ts:Clicked on the ManualEntry

2020-10-15 14:14:40 - [TEST_STEP][PASSED] - CardNumber = pages.Quicksti.setUserPaymentDetails(firstName, lastName, cardNum): Quicksti.ts:Entered'374245003731006 into CardNum

2020-10-15 14:14:40 - [MESSAGE][PASSED] - Object 'Object Repository/CERTPAY_QUICKSTI/Payment_Information_Page/FIRST_NAME' is present

2020-10-15 14:14:41 - [MESSAGE][PASSED] - Object 'Object Repository/CERTPAY_QUICKSTI/Payment_Information_Page/FIRST_NAME' is visible

2020-10-15 14:14:41 - [MESSAGE][PASSED] - Object 'Object Repository/CERTPAY_QUICKSTI/Payment_Information_Page/FIRST_NAME' is present

2020-10-15 14:14:42 - [MESSAGE][PASSED] - Text 'Tester' is set on object 'Object Repository/CERTPAY_QUICKSTI/Payment_Information_Page/FIRST_NAME'

2020-10-15 14:14:42 - [MESSAGE][PASSED] - Quicksti.ts:Entered'Tester into FirstName

2020-10-15 14:14:43 - [MESSAGE][PASSED] - Object 'Object Repository/CERTPAY_QUICKSTI/Payment_Information_Page/LAST_NAME' is present

2020-10-15 14:14:43 - [MESSAGE][PASSED] - Object 'Object Repository/CERTPAY_QUICKSTI/Payment_Information_Page/LAST_NAME' is visible

2020-10-15 14:14:43 - [MESSAGE][PASSED] - Object 'Object Repository/CERTPAY_QUICKSTI/Payment_Information_Page/LAST_NAME' is present

2020-10-15 14:14:44 - [MESSAGE][PASSED] - Text 'Zenq1' is set on object 'Object Repository/CERTPAY_QUICKSTI/Payment_Information_Page/LAST_NAME'

2020-10-15 14:14:44 - [MESSAGE][PASSED] - Quicksti.ts:Entered'Zenq1 into LAstName

2020-10-15 14:14:45 - [MESSAGE][PASSED] - Object 'Object Repository/CERTPAY_QUICKSTI/Payment_Information_Page/CARD_NUMBER' is present

2020-10-15 14:14:45 - [MESSAGE][PASSED] - Object 'Object Repository/CERTPAY_QUICKSTI/Payment_Information_Page/CARD_NUMBER' is visible

2020-10-15 14:14:45 - [MESSAGE][PASSED] - Object 'Object Repository/CERTPAY_QUICKSTI/Payment_Information_Page/CARD_NUMBER' is present

2020-10-15 14:14:47 - [MESSAGE][PASSED] - Text '374245003731006' is set on object 'Object Repository/CERTPAY_QUICKSTI/Payment_Information_Page/CARD_NUMBER'

2020-10-15 14:14:47 - [MESSAGE][PASSED] - Quicksti.ts:Entered'374245003731006 into CardNum

2020-10-15 14:14:47 - [TEST_STEP][PASSED] - pages.Quicksti.setExpDate(expMonth, expYear, securityCode): Quicksti.ts:Entered'111 into securityCode

2020-10-15 14:14:47 - [MESSAGE][PASSED] - Object 'Object Repository/CERTPAY_QUICKSTI/Payment_Information_Page/EXP_MONTH' is visible

2020-10-15 14:14:47 - [MESSAGE][PASSED] - Object 'Object Repository/CERTPAY_QUICKSTI/Payment_Information_Page/EXP_MONTH' is present

2020-10-15 14:14:49 - [MESSAGE][PASSED] - Object: 'Object Repository/CERTPAY_QUICKSTI/Payment_Information_Page/EXP_MONTH' is clicked on

2020-10-15 14:14:50 - [MESSAGE][PASSED] - All options with label '05' are selected in object 'Object Repository/CERTPAY_QUICKSTI/Payment_Information_Page/EXP_MONTH'  using regular expression

2020-10-15 14:14:50 - [MESSAGE][PASSED] - selected dropdown option by visible text  05from expMonth

2020-10-15 14:14:50 - [MESSAGE][PASSED] - Object 'Object Repository/CERTPAY_QUICKSTI/Payment_Information_Page/EXP_YEAR' is visible

2020-10-15 14:14:50 - [MESSAGE][PASSED] - Object 'Object Repository/CERTPAY_QUICKSTI/Payment_Information_Page/EXP_YEAR' is present

2020-10-15 14:14:52 - [MESSAGE][PASSED] - Object: 'Object Repository/CERTPAY_QUICKSTI/Payment_Information_Page/EXP_YEAR' is clicked on

2020-10-15 14:14:53 - [MESSAGE][PASSED] - All options with label '2022' are selected in object 'Object Repository/CERTPAY_QUICKSTI/Payment_Information_Page/EXP_YEAR'  using regular expression

2020-10-15 14:14:53 - [MESSAGE][PASSED] - selected dropdown option by visible text  2022from  expYear

2020-10-15 14:14:53 - [MESSAGE][PASSED] - Object 'Object Repository/CERTPAY_QUICKSTI/Payment_Information_Page/SECURITY_CODE' is present

2020-10-15 14:14:54 - [MESSAGE][PASSED] - Object 'Object Repository/CERTPAY_QUICKSTI/Payment_Information_Page/SECURITY_CODE' is visible

2020-10-15 14:14:54 - [MESSAGE][PASSED] - Object 'Object Repository/CERTPAY_QUICKSTI/Payment_Information_Page/SECURITY_CODE' is present

2020-10-15 14:14:55 - [MESSAGE][PASSED] - Text '111' is set on object 'Object Repository/CERTPAY_QUICKSTI/Payment_Information_Page/SECURITY_CODE'

2020-10-15 14:14:55 - [MESSAGE][PASSED] - Quicksti.ts:Entered'111 into securityCode

2020-10-15 14:14:55 - [TEST_STEP][PASSED] - utilities.SafeActions.safeType(findTestObject("CERTPAY_QUICKSTI/Payment_Information_Page/ADDRESS"), address, "Address", [pageLoadTime]): Quicksti.ts:Entered'14-2 into Address

2020-10-15 14:14:56 - [MESSAGE][PASSED] - Object 'Object Repository/CERTPAY_QUICKSTI/Payment_Information_Page/ADDRESS' is present

2020-10-15 14:14:56 - [MESSAGE][PASSED] - Object 'Object Repository/CERTPAY_QUICKSTI/Payment_Information_Page/ADDRESS' is visible

2020-10-15 14:14:56 - [MESSAGE][PASSED] - Object 'Object Repository/CERTPAY_QUICKSTI/Payment_Information_Page/ADDRESS' is present

2020-10-15 14:14:58 - [MESSAGE][PASSED] - Text '14-2' is set on object 'Object Repository/CERTPAY_QUICKSTI/Payment_Information_Page/ADDRESS'

2020-10-15 14:14:58 - [MESSAGE][PASSED] - Quicksti.ts:Entered'14-2 into Address

2020-10-15 14:14:58 - [TEST_STEP][PASSED] - utilities.SafeActions.safeType(findTestObject("CERTPAY_QUICKSTI/Payment_Information_Page/ZIP_CODE"), zipCode, "zipcode", [pageLoadTime]): Quicksti.ts:Entered'76102 into zipcode

2020-10-15 14:14:58 - [MESSAGE][PASSED] - Object 'Object Repository/CERTPAY_QUICKSTI/Payment_Information_Page/ZIP_CODE' is present

2020-10-15 14:14:58 - [MESSAGE][PASSED] - Object 'Object Repository/CERTPAY_QUICKSTI/Payment_Information_Page/ZIP_CODE' is visible

2020-10-15 14:14:58 - [MESSAGE][PASSED] - Object 'Object Repository/CERTPAY_QUICKSTI/Payment_Information_Page/ZIP_CODE' is present

2020-10-15 14:15:00 - [MESSAGE][PASSED] - Text '76102' is set on object 'Object Repository/CERTPAY_QUICKSTI/Payment_Information_Page/ZIP_CODE'

2020-10-15 14:15:00 - [MESSAGE][PASSED] - Quicksti.ts:Entered'76102 into zipcode

2020-10-15 14:15:00 - [TEST_STEP][PASSED] - utilities.SafeActions.safeType(findTestObject("CERTPAY_QUICKSTI/Payment_Information_Page/TELEPHONE"), telephone, "Telephone", [pageLoadTime]): Quicksti.ts:Entered'9989897654 into Telephone

2020-10-15 14:15:00 - [MESSAGE][PASSED] - Object 'Object Repository/CERTPAY_QUICKSTI/Payment_Information_Page/TELEPHONE' is present

2020-10-15 14:15:00 - [MESSAGE][PASSED] - Object 'Object Repository/CERTPAY_QUICKSTI/Payment_Information_Page/TELEPHONE' is visible

2020-10-15 14:15:01 - [MESSAGE][PASSED] - Object 'Object Repository/CERTPAY_QUICKSTI/Payment_Information_Page/TELEPHONE' is present

2020-10-15 14:15:02 - [MESSAGE][PASSED] - Text '9989897654' is set on object 'Object Repository/CERTPAY_QUICKSTI/Payment_Information_Page/TELEPHONE'

2020-10-15 14:15:02 - [MESSAGE][PASSED] - Quicksti.ts:Entered'9989897654 into Telephone

2020-10-15 14:15:02 - [TEST_STEP][PASSED] - utilities.SafeActions.safeType(findTestObject("CERTPAY_QUICKSTI/Payment_Information_Page/EMAIL_ADDRESS"), emailAddress, "EMAIL address", [pageLoadTime]): Quicksti.ts:Entered'testing@zenq.com into EMAIL address

2020-10-15 14:15:02 - [MESSAGE][PASSED] - Object 'Object Repository/CERTPAY_QUICKSTI/Payment_Information_Page/EMAIL_ADDRESS' is present

2020-10-15 14:15:03 - [MESSAGE][PASSED] - Object 'Object Repository/CERTPAY_QUICKSTI/Payment_Information_Page/EMAIL_ADDRESS' is visible

2020-10-15 14:15:03 - [MESSAGE][PASSED] - Object 'Object Repository/CERTPAY_QUICKSTI/Payment_Information_Page/EMAIL_ADDRESS' is present

2020-10-15 14:15:04 - [MESSAGE][PASSED] - Text 'testing@zenq.com' is set on object 'Object Repository/CERTPAY_QUICKSTI/Payment_Information_Page/EMAIL_ADDRESS'

2020-10-15 14:15:04 - [MESSAGE][PASSED] - Quicksti.ts:Entered'testing@zenq.com into EMAIL address

2020-10-15 14:15:04 - [TEST_STEP][PASSED] - utilities.SafeActions.safeClick(findTestObject("CERTPAY_QUICKSTI/Payment_Information_Page/NEXT_BUTTON"), "Next", [pageLoadTime]): Quicksti.ts:Clicked on the Next

2020-10-15 14:15:04 - [MESSAGE][INFO] - safeClicking

2020-10-15 14:15:05 - [MESSAGE][PASSED] - Object 'Object Repository/CERTPAY_QUICKSTI/Payment_Information_Page/NEXT_BUTTON' is present

2020-10-15 14:15:05 - [MESSAGE][PASSED] - Object 'Object Repository/CERTPAY_QUICKSTI/Payment_Information_Page/NEXT_BUTTON' is clickable

2020-10-15 14:15:09 - [MESSAGE][PASSED] - Object: 'Object Repository/CERTPAY_QUICKSTI/Payment_Information_Page/NEXT_BUTTON' is clicked on

2020-10-15 14:15:09 - [MESSAGE][PASSED] - Quicksti.ts:Clicked on the Next

2020-10-15 14:15:09 - [TEST_STEP][PASSED] - pages.Quicksti.verifyUserPaymentDetails(amountList.get(0), firstName, lastName, CardNumber): pages.Quicksti.verifyUserPaymentDetails is PASSED

2020-10-15 14:15:10 - [MESSAGE][PASSED] - Text of object 'Object Repository/CERTPAY_QUICKSTI/Payment_Details_Verification_Page/AMOUNT' is: '$35.00'

2020-10-15 14:15:10 - [MESSAGE][PASSED] - Actual text '35.00' and expected text '35.00' are matched  using regular expression

2020-10-15 14:15:10 - [MESSAGE][PASSED] - Text of object 'Object Repository/CERTPAY_QUICKSTI/Payment_Details_Verification_Page/NAME' is: 'Tester Zenq1'

2020-10-15 14:15:10 - [MESSAGE][PASSED] - Actual text 'Tester Zenq1' and expected text 'Tester Zenq1' are matched  using regular expression

2020-10-15 14:15:11 - [MESSAGE][PASSED] - Text of object 'Object Repository/CERTPAY_QUICKSTI/Payment_Details_Verification_Page/CARD_NUMBER' is: '...1006'

2020-10-15 14:15:11 - [MESSAGE][PASSED] - Actual text '1006' and expected text '1006' are matched  using regular expression

2020-10-15 14:15:11 - [MESSAGE][PASSED] - pages.Quicksti.verifyUserPaymentDetails is PASSED

2020-10-15 14:15:11 - [TEST_STEP][PASSED] - delay(2): Delayed 2 second(s)

2020-10-15 14:15:13 - [MESSAGE][PASSED] - Delayed 2 second(s)

2020-10-15 14:15:13 - [TEST_STEP][PASSED] - ConvFee = getText(findTestObject("CERTPAY_QUICKSTI/Payment_Information_Page/CONV_FEE")): Text of object 'Object Repository/CERTPAY_QUICKSTI/Payment_Information_Page/CONV_FEE' is: '$0.88'

2020-10-15 14:15:13 - [MESSAGE][PASSED] - Text of object 'Object Repository/CERTPAY_QUICKSTI/Payment_Information_Page/CONV_FEE' is: '$0.88'

2020-10-15 14:15:13 - [TEST_STEP][PASSED] - scrollToElement(findTestObject("CERTPAY_QUICKSTI/Payment_Details_Verification_Page/PROCESS"), 0): Scroll to object 'Object Repository/CERTPAY_QUICKSTI/Payment_Details_Verification_Page/PROCESS' successfully

2020-10-15 14:15:13 - [MESSAGE][WARNING] - Timeout '0' is invalid. Using default page load timeout: '30'

2020-10-15 14:15:14 - [MESSAGE][PASSED] - Scroll to object 'Object Repository/CERTPAY_QUICKSTI/Payment_Details_Verification_Page/PROCESS' successfully

2020-10-15 14:15:14 - [TEST_STEP][PASSED] - utilities.SafeActions.safeClick(findTestObject("CERTPAY_QUICKSTI/Payment_Details_Verification_Page/PROCESS"), "Process", [pageLoadTime]): Quicksti.ts:Clicked on the Process

2020-10-15 14:15:14 - [MESSAGE][INFO] - safeClicking

2020-10-15 14:15:14 - [MESSAGE][PASSED] - Object 'Object Repository/CERTPAY_QUICKSTI/Payment_Details_Verification_Page/PROCESS' is present

2020-10-15 14:15:14 - [MESSAGE][PASSED] - Object 'Object Repository/CERTPAY_QUICKSTI/Payment_Details_Verification_Page/PROCESS' is clickable

2020-10-15 14:15:20 - [MESSAGE][PASSED] - Object: 'Object Repository/CERTPAY_QUICKSTI/Payment_Details_Verification_Page/PROCESS' is clicked on

2020-10-15 14:15:20 - [MESSAGE][PASSED] - Quicksti.ts:Clicked on the Process

2020-10-15 14:15:20 - [TEST_STEP][PASSED] - PaymentID = pages.Quicksti.verifyPaymentApproval(findTestObject("CERTPAY_QUICKSTI/Payment_Details_Verification_Page/APPROVED")): Payment is approved

2020-10-15 14:15:21 - [MESSAGE][PASSED] - Text of object 'Object Repository/CERTPAY_QUICKSTI/Payment_Details_Verification_Page/PAYMENT_ID' is: '100176129061'

2020-10-15 14:15:21 - [MESSAGE][PASSED] - Object 'Object Repository/CERTPAY_QUICKSTI/Payment_Details_Verification_Page/APPROVED' is present

2020-10-15 14:15:21 - [MESSAGE][PASSED] - Payment is approved

2020-10-15 14:15:23 - [TEST_STEP][PASSED] - navigateToUrl(Admin_url): Navigate to 'https://qa-certpayadmin.faps.net' successfully

2020-10-15 14:15:33 - [MESSAGE][PASSED] - Navigate to 'https://qa-certpayadmin.faps.net' successfully

2020-10-15 14:15:33 - [TEST_STEP][PASSED] - pages.Bureau_Login_Page.loginToAdminSite(AdminUsername, AdminPassword): Quicksti.ts:Clicked on the LOGIN

2020-10-15 14:15:33 - [MESSAGE][PASSED] - Object 'Object Repository/CERTPAY_ADMIN/USER_NAME' is present

2020-10-15 14:15:33 - [MESSAGE][PASSED] - Object 'Object Repository/CERTPAY_ADMIN/USER_NAME' is visible

2020-10-15 14:15:34 - [MESSAGE][PASSED] - Object 'Object Repository/CERTPAY_ADMIN/USER_NAME' is present

2020-10-15 14:15:35 - [MESSAGE][PASSED] - Text 'VVangiliappan' is set on object 'Object Repository/CERTPAY_ADMIN/USER_NAME'

2020-10-15 14:15:35 - [MESSAGE][PASSED] - Quicksti.ts:Entered'VVangiliappan into username

2020-10-15 14:15:35 - [MESSAGE][PASSED] - Object 'Object Repository/CERTPAY_ADMIN/PASSWORD' is present

2020-10-15 14:15:36 - [MESSAGE][PASSED] - Object 'Object Repository/CERTPAY_ADMIN/PASSWORD' is visible

2020-10-15 14:15:36 - [MESSAGE][PASSED] - Object 'Object Repository/CERTPAY_ADMIN/PASSWORD' is present

2020-10-15 14:15:37 - [MESSAGE][PASSED] - Text 'Test@123' is set on object 'Object Repository/CERTPAY_ADMIN/PASSWORD'

2020-10-15 14:15:37 - [MESSAGE][PASSED] - Quicksti.ts:Entered'Test@123 into password

2020-10-15 14:15:37 - [MESSAGE][INFO] - safeClicking

2020-10-15 14:15:37 - [MESSAGE][PASSED] - Object 'Object Repository/CERTPAY_ADMIN/LOGIN_BUTTON' is present

2020-10-15 14:15:38 - [MESSAGE][PASSED] - Object 'Object Repository/CERTPAY_ADMIN/LOGIN_BUTTON' is clickable

2020-10-15 14:15:55 - [MESSAGE][PASSED] - Object: 'Object Repository/CERTPAY_ADMIN/LOGIN_BUTTON' is clicked on

2020-10-15 14:15:55 - [MESSAGE][PASSED] - Quicksti.ts:Clicked on the LOGIN

2020-10-15 14:15:55 - [TEST_STEP][PASSED] - utilities.SafeActions.safeClick(findTestObject("CERTPAY_ADMIN/TRANSACTION_MENU"), "TransactionMenu", [pageLoadTime]): Quicksti.ts:Clicked on the TransactionMenu

2020-10-15 14:15:55 - [MESSAGE][INFO] - safeClicking

2020-10-15 14:15:55 - [MESSAGE][PASSED] - Object 'Object Repository/CERTPAY_ADMIN/TRANSACTION_MENU' is present

2020-10-15 14:15:55 - [MESSAGE][PASSED] - Object 'Object Repository/CERTPAY_ADMIN/TRANSACTION_MENU' is clickable

2020-10-15 14:15:57 - [MESSAGE][PASSED] - Object: 'Object Repository/CERTPAY_ADMIN/TRANSACTION_MENU' is clicked on

2020-10-15 14:15:57 - [MESSAGE][PASSED] - Quicksti.ts:Clicked on the TransactionMenu

2020-10-15 14:15:57 - [TEST_STEP][PASSED] - utilities.SafeActions.safeClick(findTestObject("CERTPAY_ADMIN/TRANSACTION_SEARCH"), "TransactionSearch", [pageLoadTime]): Quicksti.ts:Clicked on the TransactionSearch

2020-10-15 14:15:57 - [MESSAGE][INFO] - safeClicking

2020-10-15 14:15:57 - [MESSAGE][PASSED] - Object 'Object Repository/CERTPAY_ADMIN/TRANSACTION_SEARCH' is present

2020-10-15 14:15:57 - [MESSAGE][PASSED] - Object 'Object Repository/CERTPAY_ADMIN/TRANSACTION_SEARCH' is clickable

2020-10-15 14:16:05 - [MESSAGE][PASSED] - Object: 'Object Repository/CERTPAY_ADMIN/TRANSACTION_SEARCH' is clicked on

2020-10-15 14:16:05 - [MESSAGE][PASSED] - Quicksti.ts:Clicked on the TransactionSearch

2020-10-15 14:16:05 - [TEST_STEP][PASSED] - delay(2): Delayed 2 second(s)

2020-10-15 14:16:07 - [MESSAGE][PASSED] - Delayed 2 second(s)

2020-10-15 14:16:07 - [TEST_STEP][PASSED] - utilities.SafeActions.safeType(findTestObject("CERTPAY_ADMIN/PAYMENT_ID"), PaymentID, "Payment id", [pageLoadTime]): Quicksti.ts:Entered'100176129061 into Payment id

2020-10-15 14:16:08 - [MESSAGE][PASSED] - Object 'Object Repository/CERTPAY_ADMIN/PAYMENT_ID' is present

2020-10-15 14:16:08 - [MESSAGE][PASSED] - Object 'Object Repository/CERTPAY_ADMIN/PAYMENT_ID' is visible

2020-10-15 14:16:08 - [MESSAGE][PASSED] - Object 'Object Repository/CERTPAY_ADMIN/PAYMENT_ID' is present

2020-10-15 14:16:10 - [MESSAGE][PASSED] - Text '100176129061' is set on object 'Object Repository/CERTPAY_ADMIN/PAYMENT_ID'

2020-10-15 14:16:10 - [MESSAGE][PASSED] - Quicksti.ts:Entered'100176129061 into Payment id

2020-10-15 14:16:10 - [TEST_STEP][PASSED] - utilities.SafeActions.safeClick(findTestObject("CERTPAY_ADMIN/GO_BUTTON"), "Go button", [pageLoadTime]): Quicksti.ts:Clicked on the Go button

2020-10-15 14:16:10 - [MESSAGE][INFO] - safeClicking

2020-10-15 14:16:10 - [MESSAGE][PASSED] - Object 'Object Repository/CERTPAY_ADMIN/GO_BUTTON' is present

2020-10-15 14:16:10 - [MESSAGE][PASSED] - Object 'Object Repository/CERTPAY_ADMIN/GO_BUTTON' is clickable

2020-10-15 14:16:21 - [MESSAGE][PASSED] - Object: 'Object Repository/CERTPAY_ADMIN/GO_BUTTON' is clicked on

2020-10-15 14:16:21 - [MESSAGE][PASSED] - Quicksti.ts:Clicked on the Go button

2020-10-15 14:16:21 - [TEST_STEP][PASSED] - delay(5): Delayed 5 second(s)

2020-10-15 14:16:26 - [MESSAGE][PASSED] - Delayed 5 second(s)

2020-10-15 14:16:26 - [TEST_STEP][PASSED] - scrollToPosition(800, 900): Browser is scrolled to position x = 800, y = 900

2020-10-15 14:16:26 - [MESSAGE][PASSED] - Browser is scrolled to position x = 800, y = 900

2020-10-15 14:16:26 - [TEST_STEP][PASSED] - pages.Search_Page.validatePaymentAmount(amountList.get(0), ConvFee): Verified payment details successfully 

2020-10-15 14:16:26 - [MESSAGE][PASSED] - Text of object 'Object Repository/CERTPAY_ADMIN/PAYMENT_AMOUNT' is: '$35.00'

2020-10-15 14:16:26 - [MESSAGE][PASSED] - Actual text '35.00' and expected text '35.00' are matched  using regular expression

2020-10-15 14:16:27 - [MESSAGE][PASSED] - Text of object 'Object Repository/CERTPAY_ADMIN/CONV_FEE' is: '$0.88'

2020-10-15 14:16:27 - [MESSAGE][PASSED] - Actual text '0.88' and expected text '0.88' are matched  using regular expression

2020-10-15 14:16:27 - [MESSAGE][PASSED] - Verified payment details successfully 

2020-10-15 14:16:27 - [TEST_STEP][PASSED] - paymentIdList.add(PaymentID): null

2020-10-15 14:16:27 - [TEST_STEP][PASSED] - println(paymentIdList): null

2020-10-15 14:16:27 - [TEST_STEP][PASSED] - return paymentIdList: null

2020-10-15 14:16:27 - [TEST_STEP][PASSED] - Start listener action : afterTestCase: Browser is closed

2020-10-15 14:16:27 - [TEST_STEP][PASSED] - closeBrowser(): Browser is closed

2020-10-15 14:16:28 - [MESSAGE][PASSED] - Browser is closed]]></system-out>
         <system-err><![CDATA[]]></system-err>
      </testcase>
      <testcase name="Test Cases/Certpay_Quicksti/TC_003_MultiBureauSite_SingleBureau_SingleLinePayment" time="690.867" classname="Test Cases/Certpay_Quicksti/TC_003_MultiBureauSite_SingleBureau_SingleLinePayment" status="FAILED">
         <failure type="FAILED" message="Test Cases/Certpay_Quicksti/TC_003_MultiBureauSite_SingleBureau_SingleLinePayment FAILED.
Reason:
com.kms.katalon.core.exception.StepFailedException: Unable to verify match
	at com.kms.katalon.core.util.KeywordUtil.markFailed(KeywordUtil.java:19)
	at com.kms.katalon.core.util.KeywordUtil$markFailed$1.call(Unknown Source)
	at pages.Search_Page.validatePaymentAmount(Search_Page.groovy:140)
	at pages.Search_Page.invokeMethod(Search_Page.groovy)
	at com.kms.katalon.core.main.CustomKeywordDelegatingMetaClass.invokeStaticMethod(CustomKeywordDelegatingMetaClass.java:50)
	at TC_003_MultiBureauSite_SingleBureau_SingleLinePayment.run(TC_003_MultiBureauSite_SingleBureau_SingleLinePayment:134)
	at com.kms.katalon.core.main.ScriptEngine.run(ScriptEngine.java:194)
	at com.kms.katalon.core.main.ScriptEngine.runScriptAsRawText(ScriptEngine.java:119)
	at com.kms.katalon.core.main.TestCaseExecutor.runScript(TestCaseExecutor.java:337)
	at com.kms.katalon.core.main.TestCaseExecutor.doExecute(TestCaseExecutor.java:328)
	at com.kms.katalon.core.main.TestCaseExecutor.processExecutionPhase(TestCaseExecutor.java:307)
	at com.kms.katalon.core.main.TestCaseExecutor.accessMainPhase(TestCaseExecutor.java:299)
	at com.kms.katalon.core.main.TestCaseExecutor.execute(TestCaseExecutor.java:233)
	at com.kms.katalon.core.main.TestSuiteExecutor.accessTestCaseMainPhase(TestSuiteExecutor.java:169)
	at com.kms.katalon.core.main.TestSuiteExecutor.accessTestSuiteMainPhase(TestSuiteExecutor.java:142)
	at com.kms.katalon.core.main.TestSuiteExecutor.execute(TestSuiteExecutor.java:91)
	at com.kms.katalon.core.main.TestCaseMain.startTestSuite(TestCaseMain.java:157)
	at com.kms.katalon.core.main.TestCaseMain$startTestSuite$0.call(Unknown Source)
	at TempTestSuite1602750259530.run(TempTestSuite1602750259530.groovy:36)
"/>
         <system-out><![CDATA[2020-10-15 14:16:28 - [TEST_CASE][FAILED] - Test Cases/Certpay_Quicksti/TC_003_MultiBureauSite_SingleBureau_SingleLinePayment: Test Cases/Certpay_Quicksti/TC_003_MultiBureauSite_SingleBureau_SingleLinePayment FAILED.
Reason:
com.kms.katalon.core.exception.StepFailedException: Unable to verify match
	at com.kms.katalon.core.util.KeywordUtil.markFailed(KeywordUtil.java:19)
	at com.kms.katalon.core.util.KeywordUtil$markFailed$1.call(Unknown Source)
	at pages.Search_Page.validatePaymentAmount(Search_Page.groovy:140)
	at pages.Search_Page.invokeMethod(Search_Page.groovy)
	at com.kms.katalon.core.main.CustomKeywordDelegatingMetaClass.invokeStaticMethod(CustomKeywordDelegatingMetaClass.java:50)
	at TC_003_MultiBureauSite_SingleBureau_SingleLinePayment.run(TC_003_MultiBureauSite_SingleBureau_SingleLinePayment:134)
	at com.kms.katalon.core.main.ScriptEngine.run(ScriptEngine.java:194)
	at com.kms.katalon.core.main.ScriptEngine.runScriptAsRawText(ScriptEngine.java:119)
	at com.kms.katalon.core.main.TestCaseExecutor.runScript(TestCaseExecutor.java:337)
	at com.kms.katalon.core.main.TestCaseExecutor.doExecute(TestCaseExecutor.java:328)
	at com.kms.katalon.core.main.TestCaseExecutor.processExecutionPhase(TestCaseExecutor.java:307)
	at com.kms.katalon.core.main.TestCaseExecutor.accessMainPhase(TestCaseExecutor.java:299)
	at com.kms.katalon.core.main.TestCaseExecutor.execute(TestCaseExecutor.java:233)
	at com.kms.katalon.core.main.TestSuiteExecutor.accessTestCaseMainPhase(TestSuiteExecutor.java:169)
	at com.kms.katalon.core.main.TestSuiteExecutor.accessTestSuiteMainPhase(TestSuiteExecutor.java:142)
	at com.kms.katalon.core.main.TestSuiteExecutor.execute(TestSuiteExecutor.java:91)
	at com.kms.katalon.core.main.TestCaseMain.startTestSuite(TestCaseMain.java:157)
	at com.kms.katalon.core.main.TestCaseMain$startTestSuite$0.call(Unknown Source)
	at TempTestSuite1602750259530.run(TempTestSuite1602750259530.groovy:36)


2020-10-15 14:16:28 - [TEST_STEP][PASSED] - Start listener action : beforeTestCase: null

2020-10-15 14:16:28 - [TEST_STEP][PASSED] - data = findTestData("Data Files/Certpay/SingleBureau_SingleLine"): null

2020-10-15 14:16:28 - [TEST_STEP][PASSED] - paymentIdList = []: null

2020-10-15 14:16:28 - [TEST_STEP][FAILED] - for (def index : (1..data.getRowNumbers())): null

2020-10-15 14:16:28 - [TEST_STEP][PASSED] - firstName = data.getValue("FirstName", index): null

2020-10-15 14:16:28 - [TEST_STEP][PASSED] - lastName = data.getValue("LastName", index): null

2020-10-15 14:16:28 - [TEST_STEP][PASSED] - expMonth = data.getValue("ExpMonth", index): null

2020-10-15 14:16:28 - [TEST_STEP][PASSED] - expYear = data.getValue("ExpYear", index): null

2020-10-15 14:16:28 - [TEST_STEP][PASSED] - securityCode = data.getValue("SecurityCode", index): null

2020-10-15 14:16:28 - [TEST_STEP][PASSED] - paymentAmount = data.getValue("PaymentAmount", index): null

2020-10-15 14:16:28 - [TEST_STEP][PASSED] - paymentType = data.getValue("PaymentType", index): null

2020-10-15 14:16:28 - [TEST_STEP][PASSED] - quantity = data.getValue("Quantity", index): null

2020-10-15 14:16:28 - [TEST_STEP][PASSED] - comments = data.getValue("Comments", index): null

2020-10-15 14:16:28 - [TEST_STEP][PASSED] - referenceNum = data.getValue("ReferenceNum", index): null

2020-10-15 14:16:28 - [TEST_STEP][PASSED] - address = data.getValue("Address", index): null

2020-10-15 14:16:28 - [TEST_STEP][PASSED] - zipCode = data.getValue("Zipcode", index): null

2020-10-15 14:16:28 - [TEST_STEP][PASSED] - telephone = data.getValue("Telephone", index): null

2020-10-15 14:16:28 - [TEST_STEP][PASSED] - emailAddress = data.getValue("EmailAddress", index): null

2020-10-15 14:16:28 - [TEST_STEP][PASSED] - cardNum = data.getValue("CardNumber", index): null

2020-10-15 14:16:28 - [TEST_STEP][PASSED] - cardType = data.getValue("CardType", index): null

2020-10-15 14:16:28 - [TEST_STEP][PASSED] - utilities.SafeActions.openBrowser(Quicksti_Url, [pageLoadTime]): Browser launched successfully

2020-10-15 14:16:28 - [MESSAGE][INFO] - Opening Browser

2020-10-15 14:16:28 - [MESSAGE][INFO] - Starting 'Chrome' driver

2020-10-15 14:16:51 - [MESSAGE][PASSED] - Browser is opened with url: 'https://qa-certpayquicksti.faps.net/'

2020-10-15 14:16:53 - [MESSAGE][PASSED] - Current window maximized

2020-10-15 14:16:53 - [MESSAGE][PASSED] - Browser launched successfully

2020-10-15 14:16:53 - [TEST_STEP][PASSED] - utilities.SafeActions.safeCheck(findTestObject("CERTPAY_QUICKSTI/Login_ Page/MULTI_BUREAU_CHECKBOX"), "Multi Bureau", [pageLoadTime]): Quicksti.ts:Checkbox 'Multi Bureau'is selected

2020-10-15 14:16:53 - [MESSAGE][PASSED] - Object 'Object Repository/CERTPAY_QUICKSTI/Login_ Page/MULTI_BUREAU_CHECKBOX' is present

2020-10-15 14:16:55 - [MESSAGE][PASSED] - Object 'Object Repository/CERTPAY_QUICKSTI/Login_ Page/MULTI_BUREAU_CHECKBOX' is present

2020-10-15 14:16:56 - [MESSAGE][PASSED] - Object: 'Object Repository/CERTPAY_QUICKSTI/Login_ Page/MULTI_BUREAU_CHECKBOX' is clicked on

2020-10-15 14:16:56 - [MESSAGE][PASSED] - Quicksti.ts:Checkbox 'Multi Bureau'is selected

2020-10-15 14:16:56 - [TEST_STEP][PASSED] - utilities.SafeActions.safeType(findTestObject("CERTPAY_QUICKSTI/Login_ Page/TELLER_ID"), teller_id, "Bureau code", [pageLoadTime]): Quicksti.ts:Entered'zenq into Bureau code

2020-10-15 14:17:00 - [MESSAGE][PASSED] - Object 'Object Repository/CERTPAY_QUICKSTI/Login_ Page/TELLER_ID' is present

2020-10-15 14:17:00 - [MESSAGE][PASSED] - Object 'Object Repository/CERTPAY_QUICKSTI/Login_ Page/TELLER_ID' is visible

2020-10-15 14:17:00 - [MESSAGE][PASSED] - Object 'Object Repository/CERTPAY_QUICKSTI/Login_ Page/TELLER_ID' is present

2020-10-15 14:17:02 - [MESSAGE][PASSED] - Text 'zenq' is set on object 'Object Repository/CERTPAY_QUICKSTI/Login_ Page/TELLER_ID'

2020-10-15 14:17:02 - [MESSAGE][PASSED] - Quicksti.ts:Entered'zenq into Bureau code

2020-10-15 14:17:02 - [TEST_STEP][PASSED] - utilities.SafeActions.safeClick(findTestObject("CERTPAY_QUICKSTI/Login_ Page/NEXT_BUTTON"), "Next button", [pageLoadTime]): Quicksti.ts:Clicked on the Next button

2020-10-15 14:17:02 - [MESSAGE][INFO] - safeClicking

2020-10-15 14:17:02 - [MESSAGE][PASSED] - Object 'Object Repository/CERTPAY_QUICKSTI/Login_ Page/NEXT_BUTTON' is present

2020-10-15 14:17:02 - [MESSAGE][PASSED] - Object 'Object Repository/CERTPAY_QUICKSTI/Login_ Page/NEXT_BUTTON' is clickable

2020-10-15 14:17:17 - [MESSAGE][PASSED] - Object: 'Object Repository/CERTPAY_QUICKSTI/Login_ Page/NEXT_BUTTON' is clicked on

2020-10-15 14:17:17 - [MESSAGE][PASSED] - Quicksti.ts:Clicked on the Next button

2020-10-15 14:17:17 - [TEST_STEP][PASSED] - pages.Quicksti.setCommnets("0", "0", comments): Quicksti.ts:Entered'Testing into Comments

2020-10-15 14:17:18 - [MESSAGE][PASSED] - Object '' is present

2020-10-15 14:17:18 - [MESSAGE][PASSED] - Object '' is visible

2020-10-15 14:17:18 - [MESSAGE][PASSED] - Object '' is present

2020-10-15 14:17:20 - [MESSAGE][PASSED] - Text 'Testing' is set on object ''

2020-10-15 14:17:20 - [MESSAGE][PASSED] - Quicksti.ts:Entered'Testing into Comments

2020-10-15 14:17:20 - [TEST_STEP][PASSED] - utilities.SafeActions.safeType(findTestObject("CERTPAY_QUICKSTI/Payment_Information_Page/PAYMENT_AMOUNT"), paymentAmount, "Payment Amount", [pageLoadTime]): Quicksti.ts:Entered'20.00 into Payment Amount

2020-10-15 14:17:20 - [MESSAGE][PASSED] - Object 'Object Repository/CERTPAY_QUICKSTI/Payment_Information_Page/PAYMENT_AMOUNT' is present

2020-10-15 14:17:20 - [MESSAGE][PASSED] - Object 'Object Repository/CERTPAY_QUICKSTI/Payment_Information_Page/PAYMENT_AMOUNT' is visible

2020-10-15 14:17:21 - [MESSAGE][PASSED] - Object 'Object Repository/CERTPAY_QUICKSTI/Payment_Information_Page/PAYMENT_AMOUNT' is present

2020-10-15 14:17:22 - [MESSAGE][PASSED] - Text '20.00' is set on object 'Object Repository/CERTPAY_QUICKSTI/Payment_Information_Page/PAYMENT_AMOUNT'

2020-10-15 14:17:22 - [MESSAGE][PASSED] - Quicksti.ts:Entered'20.00 into Payment Amount

2020-10-15 14:17:22 - [TEST_STEP][PASSED] - pages.Quicksti.setAmountDetailsForMultiBureau("0", paymentType, "0", referenceNum, quantity): Quicksti.ts:Entered'1 into Quntity

2020-10-15 14:17:22 - [MESSAGE][PASSED] - Object '' is visible

2020-10-15 14:17:23 - [MESSAGE][PASSED] - Object '' is present

2020-10-15 14:17:24 - [MESSAGE][PASSED] - Object: '' is clicked on

2020-10-15 14:17:25 - [MESSAGE][PASSED] - All options with label 'Taxes' are selected in object ''  using regular expression

2020-10-15 14:17:25 - [MESSAGE][PASSED] - selected dropdown option by visible text  Taxesfrom Payment Type

2020-10-15 14:17:26 - [MESSAGE][PASSED] - Object '' is present

2020-10-15 14:17:26 - [MESSAGE][PASSED] - Object '' is visible

2020-10-15 14:17:26 - [MESSAGE][PASSED] - Object '' is present

2020-10-15 14:17:28 - [MESSAGE][PASSED] - Text '11' is set on object ''

2020-10-15 14:17:28 - [MESSAGE][PASSED] - Quicksti.ts:Entered'11 into RefrenceNumber

2020-10-15 14:17:28 - [MESSAGE][PASSED] - Object '' is present

2020-10-15 14:17:28 - [MESSAGE][PASSED] - Object '' is visible

2020-10-15 14:17:28 - [MESSAGE][PASSED] - Object '' is present

2020-10-15 14:17:30 - [MESSAGE][PASSED] - Text '1' is set on object ''

2020-10-15 14:17:30 - [MESSAGE][PASSED] - Quicksti.ts:Entered'1 into Quntity

2020-10-15 14:17:30 - [TEST_STEP][PASSED] - utilities.SafeActions.safeClick(findTestObject("CERTPAY_QUICKSTI/Payment_Information_Page/MANUAL_ENTRY_BUTTON"), "ManualEntry", [pageLoadTime]): Quicksti.ts:Clicked on the ManualEntry

2020-10-15 14:17:30 - [MESSAGE][INFO] - safeClicking

2020-10-15 14:17:30 - [MESSAGE][PASSED] - Object 'Object Repository/CERTPAY_QUICKSTI/Payment_Information_Page/MANUAL_ENTRY_BUTTON' is present

2020-10-15 14:17:31 - [MESSAGE][PASSED] - Object 'Object Repository/CERTPAY_QUICKSTI/Payment_Information_Page/MANUAL_ENTRY_BUTTON' is clickable

2020-10-15 14:17:36 - [MESSAGE][PASSED] - Object: 'Object Repository/CERTPAY_QUICKSTI/Payment_Information_Page/MANUAL_ENTRY_BUTTON' is clicked on

2020-10-15 14:17:36 - [MESSAGE][PASSED] - Quicksti.ts:Clicked on the ManualEntry

2020-10-15 14:17:36 - [TEST_STEP][PASSED] - amount_Value = pages.Quicksti.getAttributeValue(findTestObject("CERTPAY_QUICKSTI/Payment_Information_Page/SUB_TOTAL")): pages.Quicksti.getAttributeValue is PASSED

2020-10-15 14:17:36 - [MESSAGE][PASSED] - Attribute 'value' of object 'Object Repository/CERTPAY_QUICKSTI/Payment_Information_Page/SUB_TOTAL' is: '20.00'

2020-10-15 14:17:36 - [MESSAGE][PASSED] - pages.Quicksti.getAttributeValue is PASSED

2020-10-15 14:17:36 - [TEST_STEP][PASSED] - CardNumber = pages.Quicksti.setUserPaymentDetails(firstName, lastName, cardNum): Quicksti.ts:Entered'4761739001010135 into CardNum

2020-10-15 14:17:37 - [MESSAGE][PASSED] - Object 'Object Repository/CERTPAY_QUICKSTI/Payment_Information_Page/FIRST_NAME' is present

2020-10-15 14:17:37 - [MESSAGE][PASSED] - Object 'Object Repository/CERTPAY_QUICKSTI/Payment_Information_Page/FIRST_NAME' is visible

2020-10-15 14:17:37 - [MESSAGE][PASSED] - Object 'Object Repository/CERTPAY_QUICKSTI/Payment_Information_Page/FIRST_NAME' is present

2020-10-15 14:17:39 - [MESSAGE][PASSED] - Text 'Tester' is set on object 'Object Repository/CERTPAY_QUICKSTI/Payment_Information_Page/FIRST_NAME'

2020-10-15 14:17:39 - [MESSAGE][PASSED] - Quicksti.ts:Entered'Tester into FirstName

2020-10-15 14:17:39 - [MESSAGE][PASSED] - Object 'Object Repository/CERTPAY_QUICKSTI/Payment_Information_Page/LAST_NAME' is present

2020-10-15 14:17:39 - [MESSAGE][PASSED] - Object 'Object Repository/CERTPAY_QUICKSTI/Payment_Information_Page/LAST_NAME' is visible

2020-10-15 14:17:40 - [MESSAGE][PASSED] - Object 'Object Repository/CERTPAY_QUICKSTI/Payment_Information_Page/LAST_NAME' is present

2020-10-15 14:17:41 - [MESSAGE][PASSED] - Text 'Zenq1' is set on object 'Object Repository/CERTPAY_QUICKSTI/Payment_Information_Page/LAST_NAME'

2020-10-15 14:17:41 - [MESSAGE][PASSED] - Quicksti.ts:Entered'Zenq1 into LAstName

2020-10-15 14:17:41 - [MESSAGE][PASSED] - Object 'Object Repository/CERTPAY_QUICKSTI/Payment_Information_Page/CARD_NUMBER' is present

2020-10-15 14:17:41 - [MESSAGE][PASSED] - Object 'Object Repository/CERTPAY_QUICKSTI/Payment_Information_Page/CARD_NUMBER' is visible

2020-10-15 14:17:42 - [MESSAGE][PASSED] - Object 'Object Repository/CERTPAY_QUICKSTI/Payment_Information_Page/CARD_NUMBER' is present

2020-10-15 14:17:43 - [MESSAGE][PASSED] - Text '4761739001010135' is set on object 'Object Repository/CERTPAY_QUICKSTI/Payment_Information_Page/CARD_NUMBER'

2020-10-15 14:17:43 - [MESSAGE][PASSED] - Quicksti.ts:Entered'4761739001010135 into CardNum

2020-10-15 14:17:43 - [TEST_STEP][PASSED] - pages.Quicksti.setExpDate(expMonth, expYear, securityCode): Quicksti.ts:Entered'207 into securityCode

2020-10-15 14:17:43 - [MESSAGE][PASSED] - Object 'Object Repository/CERTPAY_QUICKSTI/Payment_Information_Page/EXP_MONTH' is visible

2020-10-15 14:17:44 - [MESSAGE][PASSED] - Object 'Object Repository/CERTPAY_QUICKSTI/Payment_Information_Page/EXP_MONTH' is present

2020-10-15 14:17:45 - [MESSAGE][PASSED] - Object: 'Object Repository/CERTPAY_QUICKSTI/Payment_Information_Page/EXP_MONTH' is clicked on

2020-10-15 14:17:46 - [MESSAGE][PASSED] - All options with label '03' are selected in object 'Object Repository/CERTPAY_QUICKSTI/Payment_Information_Page/EXP_MONTH'  using regular expression

2020-10-15 14:17:46 - [MESSAGE][PASSED] - selected dropdown option by visible text  03from expMonth

2020-10-15 14:17:46 - [MESSAGE][PASSED] - Object 'Object Repository/CERTPAY_QUICKSTI/Payment_Information_Page/EXP_YEAR' is visible

2020-10-15 14:17:47 - [MESSAGE][PASSED] - Object 'Object Repository/CERTPAY_QUICKSTI/Payment_Information_Page/EXP_YEAR' is present

2020-10-15 14:17:48 - [MESSAGE][PASSED] - Object: 'Object Repository/CERTPAY_QUICKSTI/Payment_Information_Page/EXP_YEAR' is clicked on

2020-10-15 14:17:49 - [MESSAGE][PASSED] - All options with label '2022' are selected in object 'Object Repository/CERTPAY_QUICKSTI/Payment_Information_Page/EXP_YEAR'  using regular expression

2020-10-15 14:17:49 - [MESSAGE][PASSED] - selected dropdown option by visible text  2022from  expYear

2020-10-15 14:17:50 - [MESSAGE][PASSED] - Object 'Object Repository/CERTPAY_QUICKSTI/Payment_Information_Page/SECURITY_CODE' is present

2020-10-15 14:17:50 - [MESSAGE][PASSED] - Object 'Object Repository/CERTPAY_QUICKSTI/Payment_Information_Page/SECURITY_CODE' is visible

2020-10-15 14:17:50 - [MESSAGE][PASSED] - Object 'Object Repository/CERTPAY_QUICKSTI/Payment_Information_Page/SECURITY_CODE' is present

2020-10-15 14:17:52 - [MESSAGE][PASSED] - Text '207' is set on object 'Object Repository/CERTPAY_QUICKSTI/Payment_Information_Page/SECURITY_CODE'

2020-10-15 14:17:52 - [MESSAGE][PASSED] - Quicksti.ts:Entered'207 into securityCode

2020-10-15 14:17:52 - [TEST_STEP][PASSED] - utilities.SafeActions.safeType(findTestObject("CERTPAY_QUICKSTI/Payment_Information_Page/ADDRESS"), address, "Address", [pageLoadTime]): Quicksti.ts:Entered'14-2 into Address

2020-10-15 14:17:52 - [MESSAGE][PASSED] - Object 'Object Repository/CERTPAY_QUICKSTI/Payment_Information_Page/ADDRESS' is present

2020-10-15 14:17:52 - [MESSAGE][PASSED] - Object 'Object Repository/CERTPAY_QUICKSTI/Payment_Information_Page/ADDRESS' is visible

2020-10-15 14:17:53 - [MESSAGE][PASSED] - Object 'Object Repository/CERTPAY_QUICKSTI/Payment_Information_Page/ADDRESS' is present

2020-10-15 14:17:54 - [MESSAGE][PASSED] - Text '14-2' is set on object 'Object Repository/CERTPAY_QUICKSTI/Payment_Information_Page/ADDRESS'

2020-10-15 14:17:54 - [MESSAGE][PASSED] - Quicksti.ts:Entered'14-2 into Address

2020-10-15 14:17:54 - [TEST_STEP][PASSED] - utilities.SafeActions.safeType(findTestObject("CERTPAY_QUICKSTI/Payment_Information_Page/ZIP_CODE"), zipCode, "zipcode", [pageLoadTime]): Quicksti.ts:Entered'76102 into zipcode

2020-10-15 14:17:54 - [MESSAGE][PASSED] - Object 'Object Repository/CERTPAY_QUICKSTI/Payment_Information_Page/ZIP_CODE' is present

2020-10-15 14:17:54 - [MESSAGE][PASSED] - Object 'Object Repository/CERTPAY_QUICKSTI/Payment_Information_Page/ZIP_CODE' is visible

2020-10-15 14:17:55 - [MESSAGE][PASSED] - Object 'Object Repository/CERTPAY_QUICKSTI/Payment_Information_Page/ZIP_CODE' is present

2020-10-15 14:17:56 - [MESSAGE][PASSED] - Text '76102' is set on object 'Object Repository/CERTPAY_QUICKSTI/Payment_Information_Page/ZIP_CODE'

2020-10-15 14:17:56 - [MESSAGE][PASSED] - Quicksti.ts:Entered'76102 into zipcode

2020-10-15 14:17:56 - [TEST_STEP][PASSED] - utilities.SafeActions.safeType(findTestObject("CERTPAY_QUICKSTI/Payment_Information_Page/TELEPHONE"), telephone, "Telephone", [pageLoadTime]): Quicksti.ts:Entered'9988776655 into Telephone

2020-10-15 14:17:56 - [MESSAGE][PASSED] - Object 'Object Repository/CERTPAY_QUICKSTI/Payment_Information_Page/TELEPHONE' is present

2020-10-15 14:17:57 - [MESSAGE][PASSED] - Object 'Object Repository/CERTPAY_QUICKSTI/Payment_Information_Page/TELEPHONE' is visible

2020-10-15 14:17:57 - [MESSAGE][PASSED] - Object 'Object Repository/CERTPAY_QUICKSTI/Payment_Information_Page/TELEPHONE' is present

2020-10-15 14:17:58 - [MESSAGE][PASSED] - Text '9988776655' is set on object 'Object Repository/CERTPAY_QUICKSTI/Payment_Information_Page/TELEPHONE'

2020-10-15 14:17:58 - [MESSAGE][PASSED] - Quicksti.ts:Entered'9988776655 into Telephone

2020-10-15 14:17:58 - [TEST_STEP][PASSED] - utilities.SafeActions.safeType(findTestObject("CERTPAY_QUICKSTI/Payment_Information_Page/EMAIL_ADDRESS"), emailAddress, "EMAIL address", [pageLoadTime]): Quicksti.ts:Entered'testing@zenq.com into EMAIL address

2020-10-15 14:17:59 - [MESSAGE][PASSED] - Object 'Object Repository/CERTPAY_QUICKSTI/Payment_Information_Page/EMAIL_ADDRESS' is present

2020-10-15 14:17:59 - [MESSAGE][PASSED] - Object 'Object Repository/CERTPAY_QUICKSTI/Payment_Information_Page/EMAIL_ADDRESS' is visible

2020-10-15 14:17:59 - [MESSAGE][PASSED] - Object 'Object Repository/CERTPAY_QUICKSTI/Payment_Information_Page/EMAIL_ADDRESS' is present

2020-10-15 14:18:01 - [MESSAGE][PASSED] - Text 'testing@zenq.com' is set on object 'Object Repository/CERTPAY_QUICKSTI/Payment_Information_Page/EMAIL_ADDRESS'

2020-10-15 14:18:01 - [MESSAGE][PASSED] - Quicksti.ts:Entered'testing@zenq.com into EMAIL address

2020-10-15 14:18:01 - [TEST_STEP][PASSED] - utilities.SafeActions.safeClick(findTestObject("CERTPAY_QUICKSTI/Payment_Information_Page/NEXT_BUTTON"), "Next", [pageLoadTime]): Quicksti.ts:Clicked on the Next

2020-10-15 14:18:01 - [MESSAGE][INFO] - safeClicking

2020-10-15 14:18:01 - [MESSAGE][PASSED] - Object 'Object Repository/CERTPAY_QUICKSTI/Payment_Information_Page/NEXT_BUTTON' is present

2020-10-15 14:18:01 - [MESSAGE][PASSED] - Object 'Object Repository/CERTPAY_QUICKSTI/Payment_Information_Page/NEXT_BUTTON' is clickable

2020-10-15 14:18:07 - [MESSAGE][PASSED] - Object: 'Object Repository/CERTPAY_QUICKSTI/Payment_Information_Page/NEXT_BUTTON' is clicked on

2020-10-15 14:18:07 - [MESSAGE][PASSED] - Quicksti.ts:Clicked on the Next

2020-10-15 14:18:07 - [TEST_STEP][PASSED] - pages.Quicksti.verifyUserPaymentDetails(paymentAmount, firstName, lastName, CardNumber): pages.Quicksti.verifyUserPaymentDetails is PASSED

2020-10-15 14:18:08 - [MESSAGE][PASSED] - Text of object 'Object Repository/CERTPAY_QUICKSTI/Payment_Details_Verification_Page/AMOUNT' is: '$20.00'

2020-10-15 14:18:08 - [MESSAGE][PASSED] - Actual text '20.00' and expected text '20.00' are matched  using regular expression

2020-10-15 14:18:08 - [MESSAGE][PASSED] - Text of object 'Object Repository/CERTPAY_QUICKSTI/Payment_Details_Verification_Page/NAME' is: 'Tester Zenq1'

2020-10-15 14:18:08 - [MESSAGE][PASSED] - Actual text 'Tester Zenq1' and expected text 'Tester Zenq1' are matched  using regular expression

2020-10-15 14:18:08 - [MESSAGE][PASSED] - Text of object 'Object Repository/CERTPAY_QUICKSTI/Payment_Details_Verification_Page/CARD_NUMBER' is: '...0135'

2020-10-15 14:18:08 - [MESSAGE][PASSED] - Actual text '0135' and expected text '0135' are matched  using regular expression

2020-10-15 14:18:08 - [MESSAGE][PASSED] - pages.Quicksti.verifyUserPaymentDetails is PASSED

2020-10-15 14:18:08 - [TEST_STEP][PASSED] - delay(2): Delayed 2 second(s)

2020-10-15 14:18:10 - [MESSAGE][PASSED] - Delayed 2 second(s)

2020-10-15 14:18:10 - [TEST_STEP][PASSED] - ConvFee = getText(findTestObject("CERTPAY_QUICKSTI/Payment_Information_Page/CONV_FEE")): Text of object 'Object Repository/CERTPAY_QUICKSTI/Payment_Information_Page/CONV_FEE' is: '$0.20'

2020-10-15 14:18:11 - [MESSAGE][PASSED] - Text of object 'Object Repository/CERTPAY_QUICKSTI/Payment_Information_Page/CONV_FEE' is: '$0.20'

2020-10-15 14:18:11 - [TEST_STEP][PASSED] - scrollToElement(findTestObject("CERTPAY_QUICKSTI/Payment_Details_Verification_Page/PROCESS"), 0): Scroll to object 'Object Repository/CERTPAY_QUICKSTI/Payment_Details_Verification_Page/PROCESS' successfully

2020-10-15 14:18:11 - [MESSAGE][WARNING] - Timeout '0' is invalid. Using default page load timeout: '30'

2020-10-15 14:18:11 - [MESSAGE][PASSED] - Scroll to object 'Object Repository/CERTPAY_QUICKSTI/Payment_Details_Verification_Page/PROCESS' successfully

2020-10-15 14:18:11 - [TEST_STEP][PASSED] - utilities.SafeActions.safeClick(findTestObject("CERTPAY_QUICKSTI/Payment_Details_Verification_Page/PROCESS"), "Process", [pageLoadTime]): Quicksti.ts:Clicked on the Process

2020-10-15 14:18:11 - [MESSAGE][INFO] - safeClicking

2020-10-15 14:18:12 - [MESSAGE][PASSED] - Object 'Object Repository/CERTPAY_QUICKSTI/Payment_Details_Verification_Page/PROCESS' is present

2020-10-15 14:18:12 - [MESSAGE][PASSED] - Object 'Object Repository/CERTPAY_QUICKSTI/Payment_Details_Verification_Page/PROCESS' is clickable

2020-10-15 14:18:17 - [MESSAGE][PASSED] - Object: 'Object Repository/CERTPAY_QUICKSTI/Payment_Details_Verification_Page/PROCESS' is clicked on

2020-10-15 14:18:17 - [MESSAGE][PASSED] - Quicksti.ts:Clicked on the Process

2020-10-15 14:18:17 - [TEST_STEP][PASSED] - paymentId = pages.Quicksti.verifyPaymentApproval(findTestObject("CERTPAY_QUICKSTI/Payment_Details_Verification_Page/APPROVED")): Payment is approved

2020-10-15 14:18:17 - [MESSAGE][PASSED] - Text of object 'Object Repository/CERTPAY_QUICKSTI/Payment_Details_Verification_Page/PAYMENT_ID' is: '100176129066'

2020-10-15 14:18:18 - [MESSAGE][PASSED] - Object 'Object Repository/CERTPAY_QUICKSTI/Payment_Details_Verification_Page/APPROVED' is present

2020-10-15 14:18:18 - [MESSAGE][PASSED] - Payment is approved

2020-10-15 14:18:20 - [TEST_STEP][PASSED] - navigateToUrl(Admin_url): Navigate to 'https://qa-certpayadmin.faps.net' successfully

2020-10-15 14:18:31 - [MESSAGE][PASSED] - Navigate to 'https://qa-certpayadmin.faps.net' successfully

2020-10-15 14:18:31 - [TEST_STEP][PASSED] - pages.Bureau_Login_Page.loginToAdminSite(AdminUsername, AdminPassword): Quicksti.ts:Clicked on the LOGIN

2020-10-15 14:18:32 - [MESSAGE][PASSED] - Object 'Object Repository/CERTPAY_ADMIN/USER_NAME' is present

2020-10-15 14:18:32 - [MESSAGE][PASSED] - Object 'Object Repository/CERTPAY_ADMIN/USER_NAME' is visible

2020-10-15 14:18:32 - [MESSAGE][PASSED] - Object 'Object Repository/CERTPAY_ADMIN/USER_NAME' is present

2020-10-15 14:18:34 - [MESSAGE][PASSED] - Text 'VVangiliappan' is set on object 'Object Repository/CERTPAY_ADMIN/USER_NAME'

2020-10-15 14:18:34 - [MESSAGE][PASSED] - Quicksti.ts:Entered'VVangiliappan into username

2020-10-15 14:18:34 - [MESSAGE][PASSED] - Object 'Object Repository/CERTPAY_ADMIN/PASSWORD' is present

2020-10-15 14:18:34 - [MESSAGE][PASSED] - Object 'Object Repository/CERTPAY_ADMIN/PASSWORD' is visible

2020-10-15 14:18:34 - [MESSAGE][PASSED] - Object 'Object Repository/CERTPAY_ADMIN/PASSWORD' is present

2020-10-15 14:18:36 - [MESSAGE][PASSED] - Text 'Test@123' is set on object 'Object Repository/CERTPAY_ADMIN/PASSWORD'

2020-10-15 14:18:36 - [MESSAGE][PASSED] - Quicksti.ts:Entered'Test@123 into password

2020-10-15 14:18:36 - [MESSAGE][INFO] - safeClicking

2020-10-15 14:18:36 - [MESSAGE][PASSED] - Object 'Object Repository/CERTPAY_ADMIN/LOGIN_BUTTON' is present

2020-10-15 14:18:36 - [MESSAGE][PASSED] - Object 'Object Repository/CERTPAY_ADMIN/LOGIN_BUTTON' is clickable

2020-10-15 14:18:54 - [MESSAGE][PASSED] - Object: 'Object Repository/CERTPAY_ADMIN/LOGIN_BUTTON' is clicked on

2020-10-15 14:18:54 - [MESSAGE][PASSED] - Quicksti.ts:Clicked on the LOGIN

2020-10-15 14:18:54 - [TEST_STEP][PASSED] - utilities.SafeActions.safeClick(findTestObject("CERTPAY_ADMIN/TRANSACTION_MENU"), "TransactionMenu", [pageLoadTime]): Quicksti.ts:Clicked on the TransactionMenu

2020-10-15 14:18:54 - [MESSAGE][INFO] - safeClicking

2020-10-15 14:18:55 - [MESSAGE][PASSED] - Object 'Object Repository/CERTPAY_ADMIN/TRANSACTION_MENU' is present

2020-10-15 14:18:55 - [MESSAGE][PASSED] - Object 'Object Repository/CERTPAY_ADMIN/TRANSACTION_MENU' is clickable

2020-10-15 14:18:56 - [MESSAGE][PASSED] - Object: 'Object Repository/CERTPAY_ADMIN/TRANSACTION_MENU' is clicked on

2020-10-15 14:18:56 - [MESSAGE][PASSED] - Quicksti.ts:Clicked on the TransactionMenu

2020-10-15 14:18:56 - [TEST_STEP][PASSED] - utilities.SafeActions.safeClick(findTestObject("CERTPAY_ADMIN/TRANSACTION_SEARCH"), "TransactionSearch", [pageLoadTime]): Quicksti.ts:Clicked on the TransactionSearch

2020-10-15 14:18:56 - [MESSAGE][INFO] - safeClicking

2020-10-15 14:18:57 - [MESSAGE][PASSED] - Object 'Object Repository/CERTPAY_ADMIN/TRANSACTION_SEARCH' is present

2020-10-15 14:18:57 - [MESSAGE][PASSED] - Object 'Object Repository/CERTPAY_ADMIN/TRANSACTION_SEARCH' is clickable

2020-10-15 14:19:03 - [MESSAGE][PASSED] - Object: 'Object Repository/CERTPAY_ADMIN/TRANSACTION_SEARCH' is clicked on

2020-10-15 14:19:03 - [MESSAGE][PASSED] - Quicksti.ts:Clicked on the TransactionSearch

2020-10-15 14:19:03 - [TEST_STEP][PASSED] - utilities.SafeActions.safeType(findTestObject("CERTPAY_ADMIN/PAYMENT_ID"), paymentId, "Payment id", [pageLoadTime]): Quicksti.ts:Entered'100176129066 into Payment id

2020-10-15 14:19:04 - [MESSAGE][PASSED] - Object 'Object Repository/CERTPAY_ADMIN/PAYMENT_ID' is present

2020-10-15 14:19:04 - [MESSAGE][PASSED] - Object 'Object Repository/CERTPAY_ADMIN/PAYMENT_ID' is visible

2020-10-15 14:19:04 - [MESSAGE][PASSED] - Object 'Object Repository/CERTPAY_ADMIN/PAYMENT_ID' is present

2020-10-15 14:19:06 - [MESSAGE][PASSED] - Text '100176129066' is set on object 'Object Repository/CERTPAY_ADMIN/PAYMENT_ID'

2020-10-15 14:19:06 - [MESSAGE][PASSED] - Quicksti.ts:Entered'100176129066 into Payment id

2020-10-15 14:19:06 - [TEST_STEP][PASSED] - utilities.SafeActions.safeClick(findTestObject("CERTPAY_ADMIN/GO_BUTTON"), "Go button", [pageLoadTime]): Quicksti.ts:Clicked on the Go button

2020-10-15 14:19:06 - [MESSAGE][INFO] - safeClicking

2020-10-15 14:19:06 - [MESSAGE][PASSED] - Object 'Object Repository/CERTPAY_ADMIN/GO_BUTTON' is present

2020-10-15 14:19:06 - [MESSAGE][PASSED] - Object 'Object Repository/CERTPAY_ADMIN/GO_BUTTON' is clickable

2020-10-15 14:19:09 - [MESSAGE][PASSED] - Object: 'Object Repository/CERTPAY_ADMIN/GO_BUTTON' is clicked on

2020-10-15 14:19:09 - [MESSAGE][PASSED] - Quicksti.ts:Clicked on the Go button

2020-10-15 14:19:09 - [TEST_STEP][PASSED] - delay(5): Delayed 5 second(s)

2020-10-15 14:19:14 - [MESSAGE][PASSED] - Delayed 5 second(s)

2020-10-15 14:19:14 - [TEST_STEP][PASSED] - scrollToPosition(800, 900): Browser is scrolled to position x = 800, y = 900

2020-10-15 14:19:14 - [MESSAGE][PASSED] - Browser is scrolled to position x = 800, y = 900

2020-10-15 14:19:14 - [TEST_STEP][PASSED] - pages.Search_Page.validatePaymentAmount(paymentAmount, ConvFee): Verified payment details successfully 

2020-10-15 14:19:14 - [MESSAGE][PASSED] - Text of object 'Object Repository/CERTPAY_ADMIN/PAYMENT_AMOUNT' is: '$20.00'

2020-10-15 14:19:14 - [MESSAGE][PASSED] - Actual text '20.00' and expected text '20.00' are matched  using regular expression

2020-10-15 14:19:15 - [MESSAGE][PASSED] - Text of object 'Object Repository/CERTPAY_ADMIN/CONV_FEE' is: '$0.20'

2020-10-15 14:19:15 - [MESSAGE][PASSED] - Actual text '0.20' and expected text '0.20' are matched  using regular expression

2020-10-15 14:19:15 - [MESSAGE][PASSED] - Verified payment details successfully 

2020-10-15 14:19:15 - [TEST_STEP][PASSED] - paymentIdList.add(paymentId): null

2020-10-15 14:19:15 - [TEST_STEP][PASSED] - println(paymentIdList): null

2020-10-15 14:19:15 - [TEST_STEP][PASSED] - firstName = data.getValue("FirstName", index): null

2020-10-15 14:19:15 - [TEST_STEP][PASSED] - lastName = data.getValue("LastName", index): null

2020-10-15 14:19:15 - [TEST_STEP][PASSED] - expMonth = data.getValue("ExpMonth", index): null

2020-10-15 14:19:15 - [TEST_STEP][PASSED] - expYear = data.getValue("ExpYear", index): null

2020-10-15 14:19:15 - [TEST_STEP][PASSED] - securityCode = data.getValue("SecurityCode", index): null

2020-10-15 14:19:15 - [TEST_STEP][PASSED] - paymentAmount = data.getValue("PaymentAmount", index): null

2020-10-15 14:19:15 - [TEST_STEP][PASSED] - paymentType = data.getValue("PaymentType", index): null

2020-10-15 14:19:15 - [TEST_STEP][PASSED] - quantity = data.getValue("Quantity", index): null

2020-10-15 14:19:15 - [TEST_STEP][PASSED] - comments = data.getValue("Comments", index): null

2020-10-15 14:19:15 - [TEST_STEP][PASSED] - referenceNum = data.getValue("ReferenceNum", index): null

2020-10-15 14:19:15 - [TEST_STEP][PASSED] - address = data.getValue("Address", index): null

2020-10-15 14:19:15 - [TEST_STEP][PASSED] - zipCode = data.getValue("Zipcode", index): null

2020-10-15 14:19:15 - [TEST_STEP][PASSED] - telephone = data.getValue("Telephone", index): null

2020-10-15 14:19:15 - [TEST_STEP][PASSED] - emailAddress = data.getValue("EmailAddress", index): null

2020-10-15 14:19:15 - [TEST_STEP][PASSED] - cardNum = data.getValue("CardNumber", index): null

2020-10-15 14:19:15 - [TEST_STEP][PASSED] - cardType = data.getValue("CardType", index): null

2020-10-15 14:19:15 - [TEST_STEP][PASSED] - utilities.SafeActions.openBrowser(Quicksti_Url, [pageLoadTime]): Browser launched successfully

2020-10-15 14:19:15 - [MESSAGE][INFO] - Opening Browser

2020-10-15 14:19:15 - [MESSAGE][WARNING] - A browser is already opened. Closing browser and opening a new one

2020-10-15 14:19:15 - [MESSAGE][INFO] - Starting 'Chrome' driver

2020-10-15 14:19:34 - [MESSAGE][PASSED] - Browser is opened with url: 'https://qa-certpayquicksti.faps.net/'

2020-10-15 14:19:36 - [MESSAGE][PASSED] - Current window maximized

2020-10-15 14:19:36 - [MESSAGE][PASSED] - Browser launched successfully

2020-10-15 14:19:36 - [TEST_STEP][PASSED] - utilities.SafeActions.safeCheck(findTestObject("CERTPAY_QUICKSTI/Login_ Page/MULTI_BUREAU_CHECKBOX"), "Multi Bureau", [pageLoadTime]): Quicksti.ts:Checkbox 'Multi Bureau'is selected

2020-10-15 14:19:36 - [MESSAGE][PASSED] - Object 'Object Repository/CERTPAY_QUICKSTI/Login_ Page/MULTI_BUREAU_CHECKBOX' is present

2020-10-15 14:19:37 - [MESSAGE][PASSED] - Object 'Object Repository/CERTPAY_QUICKSTI/Login_ Page/MULTI_BUREAU_CHECKBOX' is present

2020-10-15 14:19:38 - [MESSAGE][PASSED] - Object: 'Object Repository/CERTPAY_QUICKSTI/Login_ Page/MULTI_BUREAU_CHECKBOX' is clicked on

2020-10-15 14:19:38 - [MESSAGE][PASSED] - Quicksti.ts:Checkbox 'Multi Bureau'is selected

2020-10-15 14:19:38 - [TEST_STEP][PASSED] - utilities.SafeActions.safeType(findTestObject("CERTPAY_QUICKSTI/Login_ Page/TELLER_ID"), teller_id, "Bureau code", [pageLoadTime]): Quicksti.ts:Entered'zenq into Bureau code

2020-10-15 14:19:41 - [MESSAGE][PASSED] - Object 'Object Repository/CERTPAY_QUICKSTI/Login_ Page/TELLER_ID' is present

2020-10-15 14:19:41 - [MESSAGE][PASSED] - Object 'Object Repository/CERTPAY_QUICKSTI/Login_ Page/TELLER_ID' is visible

2020-10-15 14:19:41 - [MESSAGE][PASSED] - Object 'Object Repository/CERTPAY_QUICKSTI/Login_ Page/TELLER_ID' is present

2020-10-15 14:19:43 - [MESSAGE][PASSED] - Text 'zenq' is set on object 'Object Repository/CERTPAY_QUICKSTI/Login_ Page/TELLER_ID'

2020-10-15 14:19:43 - [MESSAGE][PASSED] - Quicksti.ts:Entered'zenq into Bureau code

2020-10-15 14:19:43 - [TEST_STEP][PASSED] - utilities.SafeActions.safeClick(findTestObject("CERTPAY_QUICKSTI/Login_ Page/NEXT_BUTTON"), "Next button", [pageLoadTime]): Quicksti.ts:Clicked on the Next button

2020-10-15 14:19:43 - [MESSAGE][INFO] - safeClicking

2020-10-15 14:19:43 - [MESSAGE][PASSED] - Object 'Object Repository/CERTPAY_QUICKSTI/Login_ Page/NEXT_BUTTON' is present

2020-10-15 14:19:43 - [MESSAGE][PASSED] - Object 'Object Repository/CERTPAY_QUICKSTI/Login_ Page/NEXT_BUTTON' is clickable

2020-10-15 14:19:55 - [MESSAGE][PASSED] - Object: 'Object Repository/CERTPAY_QUICKSTI/Login_ Page/NEXT_BUTTON' is clicked on

2020-10-15 14:19:55 - [MESSAGE][PASSED] - Quicksti.ts:Clicked on the Next button

2020-10-15 14:19:55 - [TEST_STEP][PASSED] - pages.Quicksti.setCommnets("0", "0", comments): Quicksti.ts:Entered'Testing into Comments

2020-10-15 14:19:56 - [MESSAGE][PASSED] - Object '' is present

2020-10-15 14:19:56 - [MESSAGE][PASSED] - Object '' is visible

2020-10-15 14:19:56 - [MESSAGE][PASSED] - Object '' is present

2020-10-15 14:19:57 - [MESSAGE][PASSED] - Text 'Testing' is set on object ''

2020-10-15 14:19:57 - [MESSAGE][PASSED] - Quicksti.ts:Entered'Testing into Comments

2020-10-15 14:19:57 - [TEST_STEP][PASSED] - utilities.SafeActions.safeType(findTestObject("CERTPAY_QUICKSTI/Payment_Information_Page/PAYMENT_AMOUNT"), paymentAmount, "Payment Amount", [pageLoadTime]): Quicksti.ts:Entered'25.00 into Payment Amount

2020-10-15 14:19:58 - [MESSAGE][PASSED] - Object 'Object Repository/CERTPAY_QUICKSTI/Payment_Information_Page/PAYMENT_AMOUNT' is present

2020-10-15 14:19:58 - [MESSAGE][PASSED] - Object 'Object Repository/CERTPAY_QUICKSTI/Payment_Information_Page/PAYMENT_AMOUNT' is visible

2020-10-15 14:19:59 - [MESSAGE][PASSED] - Object 'Object Repository/CERTPAY_QUICKSTI/Payment_Information_Page/PAYMENT_AMOUNT' is present

2020-10-15 14:20:00 - [MESSAGE][PASSED] - Text '25.00' is set on object 'Object Repository/CERTPAY_QUICKSTI/Payment_Information_Page/PAYMENT_AMOUNT'

2020-10-15 14:20:00 - [MESSAGE][PASSED] - Quicksti.ts:Entered'25.00 into Payment Amount

2020-10-15 14:20:00 - [TEST_STEP][PASSED] - pages.Quicksti.setAmountDetailsForMultiBureau("0", paymentType, "0", referenceNum, quantity): Quicksti.ts:Entered'2 into Quntity

2020-10-15 14:20:00 - [MESSAGE][PASSED] - Object '' is visible

2020-10-15 14:20:01 - [MESSAGE][PASSED] - Object '' is present

2020-10-15 14:20:02 - [MESSAGE][PASSED] - Object: '' is clicked on

2020-10-15 14:20:03 - [MESSAGE][PASSED] - All options with label 'Gifts' are selected in object ''  using regular expression

2020-10-15 14:20:03 - [MESSAGE][PASSED] - selected dropdown option by visible text  Giftsfrom Payment Type

2020-10-15 14:20:04 - [MESSAGE][PASSED] - Object '' is present

2020-10-15 14:20:04 - [MESSAGE][PASSED] - Object '' is visible

2020-10-15 14:20:04 - [MESSAGE][PASSED] - Object '' is present

2020-10-15 14:20:05 - [MESSAGE][PASSED] - Text '12' is set on object ''

2020-10-15 14:20:05 - [MESSAGE][PASSED] - Quicksti.ts:Entered'12 into RefrenceNumber

2020-10-15 14:20:06 - [MESSAGE][PASSED] - Object '' is present

2020-10-15 14:20:06 - [MESSAGE][PASSED] - Object '' is visible

2020-10-15 14:20:06 - [MESSAGE][PASSED] - Object '' is present

2020-10-15 14:20:08 - [MESSAGE][PASSED] - Text '2' is set on object ''

2020-10-15 14:20:08 - [MESSAGE][PASSED] - Quicksti.ts:Entered'2 into Quntity

2020-10-15 14:20:08 - [TEST_STEP][PASSED] - utilities.SafeActions.safeClick(findTestObject("CERTPAY_QUICKSTI/Payment_Information_Page/MANUAL_ENTRY_BUTTON"), "ManualEntry", [pageLoadTime]): Quicksti.ts:Clicked on the ManualEntry

2020-10-15 14:20:08 - [MESSAGE][INFO] - safeClicking

2020-10-15 14:20:08 - [MESSAGE][PASSED] - Object 'Object Repository/CERTPAY_QUICKSTI/Payment_Information_Page/MANUAL_ENTRY_BUTTON' is present

2020-10-15 14:20:08 - [MESSAGE][PASSED] - Object 'Object Repository/CERTPAY_QUICKSTI/Payment_Information_Page/MANUAL_ENTRY_BUTTON' is clickable

2020-10-15 14:20:14 - [MESSAGE][PASSED] - Object: 'Object Repository/CERTPAY_QUICKSTI/Payment_Information_Page/MANUAL_ENTRY_BUTTON' is clicked on

2020-10-15 14:20:14 - [MESSAGE][PASSED] - Quicksti.ts:Clicked on the ManualEntry

2020-10-15 14:20:14 - [TEST_STEP][PASSED] - amount_Value = pages.Quicksti.getAttributeValue(findTestObject("CERTPAY_QUICKSTI/Payment_Information_Page/SUB_TOTAL")): pages.Quicksti.getAttributeValue is PASSED

2020-10-15 14:20:15 - [MESSAGE][PASSED] - Attribute 'value' of object 'Object Repository/CERTPAY_QUICKSTI/Payment_Information_Page/SUB_TOTAL' is: '50.00'

2020-10-15 14:20:15 - [MESSAGE][PASSED] - pages.Quicksti.getAttributeValue is PASSED

2020-10-15 14:20:15 - [TEST_STEP][PASSED] - CardNumber = pages.Quicksti.setUserPaymentDetails(firstName, lastName, cardNum): Quicksti.ts:Entered'5154623208647646 into CardNum

2020-10-15 14:20:15 - [MESSAGE][PASSED] - Object 'Object Repository/CERTPAY_QUICKSTI/Payment_Information_Page/FIRST_NAME' is present

2020-10-15 14:20:15 - [MESSAGE][PASSED] - Object 'Object Repository/CERTPAY_QUICKSTI/Payment_Information_Page/FIRST_NAME' is visible

2020-10-15 14:20:16 - [MESSAGE][PASSED] - Object 'Object Repository/CERTPAY_QUICKSTI/Payment_Information_Page/FIRST_NAME' is present

2020-10-15 14:20:17 - [MESSAGE][PASSED] - Text 'Tester' is set on object 'Object Repository/CERTPAY_QUICKSTI/Payment_Information_Page/FIRST_NAME'

2020-10-15 14:20:17 - [MESSAGE][PASSED] - Quicksti.ts:Entered'Tester into FirstName

2020-10-15 14:20:17 - [MESSAGE][PASSED] - Object 'Object Repository/CERTPAY_QUICKSTI/Payment_Information_Page/LAST_NAME' is present

2020-10-15 14:20:18 - [MESSAGE][PASSED] - Object 'Object Repository/CERTPAY_QUICKSTI/Payment_Information_Page/LAST_NAME' is visible

2020-10-15 14:20:18 - [MESSAGE][PASSED] - Object 'Object Repository/CERTPAY_QUICKSTI/Payment_Information_Page/LAST_NAME' is present

2020-10-15 14:20:19 - [MESSAGE][PASSED] - Text 'Zenq1' is set on object 'Object Repository/CERTPAY_QUICKSTI/Payment_Information_Page/LAST_NAME'

2020-10-15 14:20:19 - [MESSAGE][PASSED] - Quicksti.ts:Entered'Zenq1 into LAstName

2020-10-15 14:20:19 - [MESSAGE][PASSED] - Object 'Object Repository/CERTPAY_QUICKSTI/Payment_Information_Page/CARD_NUMBER' is present

2020-10-15 14:20:20 - [MESSAGE][PASSED] - Object 'Object Repository/CERTPAY_QUICKSTI/Payment_Information_Page/CARD_NUMBER' is visible

2020-10-15 14:20:20 - [MESSAGE][PASSED] - Object 'Object Repository/CERTPAY_QUICKSTI/Payment_Information_Page/CARD_NUMBER' is present

2020-10-15 14:20:21 - [MESSAGE][PASSED] - Text '5154623208647646' is set on object 'Object Repository/CERTPAY_QUICKSTI/Payment_Information_Page/CARD_NUMBER'

2020-10-15 14:20:21 - [MESSAGE][PASSED] - Quicksti.ts:Entered'5154623208647646 into CardNum

2020-10-15 14:20:21 - [TEST_STEP][PASSED] - pages.Quicksti.setExpDate(expMonth, expYear, securityCode): Quicksti.ts:Entered'207 into securityCode

2020-10-15 14:20:22 - [MESSAGE][PASSED] - Object 'Object Repository/CERTPAY_QUICKSTI/Payment_Information_Page/EXP_MONTH' is visible

2020-10-15 14:20:22 - [MESSAGE][PASSED] - Object 'Object Repository/CERTPAY_QUICKSTI/Payment_Information_Page/EXP_MONTH' is present

2020-10-15 14:20:23 - [MESSAGE][PASSED] - Object: 'Object Repository/CERTPAY_QUICKSTI/Payment_Information_Page/EXP_MONTH' is clicked on

2020-10-15 14:20:24 - [MESSAGE][PASSED] - All options with label '04' are selected in object 'Object Repository/CERTPAY_QUICKSTI/Payment_Information_Page/EXP_MONTH'  using regular expression

2020-10-15 14:20:24 - [MESSAGE][PASSED] - selected dropdown option by visible text  04from expMonth

2020-10-15 14:20:25 - [MESSAGE][PASSED] - Object 'Object Repository/CERTPAY_QUICKSTI/Payment_Information_Page/EXP_YEAR' is visible

2020-10-15 14:20:25 - [MESSAGE][PASSED] - Object 'Object Repository/CERTPAY_QUICKSTI/Payment_Information_Page/EXP_YEAR' is present

2020-10-15 14:20:26 - [MESSAGE][PASSED] - Object: 'Object Repository/CERTPAY_QUICKSTI/Payment_Information_Page/EXP_YEAR' is clicked on

2020-10-15 14:20:27 - [MESSAGE][PASSED] - All options with label '2023' are selected in object 'Object Repository/CERTPAY_QUICKSTI/Payment_Information_Page/EXP_YEAR'  using regular expression

2020-10-15 14:20:27 - [MESSAGE][PASSED] - selected dropdown option by visible text  2023from  expYear

2020-10-15 14:20:28 - [MESSAGE][PASSED] - Object 'Object Repository/CERTPAY_QUICKSTI/Payment_Information_Page/SECURITY_CODE' is present

2020-10-15 14:20:28 - [MESSAGE][PASSED] - Object 'Object Repository/CERTPAY_QUICKSTI/Payment_Information_Page/SECURITY_CODE' is visible

2020-10-15 14:20:28 - [MESSAGE][PASSED] - Object 'Object Repository/CERTPAY_QUICKSTI/Payment_Information_Page/SECURITY_CODE' is present

2020-10-15 14:20:30 - [MESSAGE][PASSED] - Text '207' is set on object 'Object Repository/CERTPAY_QUICKSTI/Payment_Information_Page/SECURITY_CODE'

2020-10-15 14:20:30 - [MESSAGE][PASSED] - Quicksti.ts:Entered'207 into securityCode

2020-10-15 14:20:30 - [TEST_STEP][PASSED] - utilities.SafeActions.safeType(findTestObject("CERTPAY_QUICKSTI/Payment_Information_Page/ADDRESS"), address, "Address", [pageLoadTime]): Quicksti.ts:Entered'14-2 into Address

2020-10-15 14:20:30 - [MESSAGE][PASSED] - Object 'Object Repository/CERTPAY_QUICKSTI/Payment_Information_Page/ADDRESS' is present

2020-10-15 14:20:30 - [MESSAGE][PASSED] - Object 'Object Repository/CERTPAY_QUICKSTI/Payment_Information_Page/ADDRESS' is visible

2020-10-15 14:20:30 - [MESSAGE][PASSED] - Object 'Object Repository/CERTPAY_QUICKSTI/Payment_Information_Page/ADDRESS' is present

2020-10-15 14:20:32 - [MESSAGE][PASSED] - Text '14-2' is set on object 'Object Repository/CERTPAY_QUICKSTI/Payment_Information_Page/ADDRESS'

2020-10-15 14:20:32 - [MESSAGE][PASSED] - Quicksti.ts:Entered'14-2 into Address

2020-10-15 14:20:32 - [TEST_STEP][PASSED] - utilities.SafeActions.safeType(findTestObject("CERTPAY_QUICKSTI/Payment_Information_Page/ZIP_CODE"), zipCode, "zipcode", [pageLoadTime]): Quicksti.ts:Entered'76102 into zipcode

2020-10-15 14:20:32 - [MESSAGE][PASSED] - Object 'Object Repository/CERTPAY_QUICKSTI/Payment_Information_Page/ZIP_CODE' is present

2020-10-15 14:20:32 - [MESSAGE][PASSED] - Object 'Object Repository/CERTPAY_QUICKSTI/Payment_Information_Page/ZIP_CODE' is visible

2020-10-15 14:20:32 - [MESSAGE][PASSED] - Object 'Object Repository/CERTPAY_QUICKSTI/Payment_Information_Page/ZIP_CODE' is present

2020-10-15 14:20:34 - [MESSAGE][PASSED] - Text '76102' is set on object 'Object Repository/CERTPAY_QUICKSTI/Payment_Information_Page/ZIP_CODE'

2020-10-15 14:20:34 - [MESSAGE][PASSED] - Quicksti.ts:Entered'76102 into zipcode

2020-10-15 14:20:34 - [TEST_STEP][PASSED] - utilities.SafeActions.safeType(findTestObject("CERTPAY_QUICKSTI/Payment_Information_Page/TELEPHONE"), telephone, "Telephone", [pageLoadTime]): Quicksti.ts:Entered'9989897654 into Telephone

2020-10-15 14:20:34 - [MESSAGE][PASSED] - Object 'Object Repository/CERTPAY_QUICKSTI/Payment_Information_Page/TELEPHONE' is present

2020-10-15 14:20:34 - [MESSAGE][PASSED] - Object 'Object Repository/CERTPAY_QUICKSTI/Payment_Information_Page/TELEPHONE' is visible

2020-10-15 14:20:35 - [MESSAGE][PASSED] - Object 'Object Repository/CERTPAY_QUICKSTI/Payment_Information_Page/TELEPHONE' is present

2020-10-15 14:20:36 - [MESSAGE][PASSED] - Text '9989897654' is set on object 'Object Repository/CERTPAY_QUICKSTI/Payment_Information_Page/TELEPHONE'

2020-10-15 14:20:36 - [MESSAGE][PASSED] - Quicksti.ts:Entered'9989897654 into Telephone

2020-10-15 14:20:36 - [TEST_STEP][PASSED] - utilities.SafeActions.safeType(findTestObject("CERTPAY_QUICKSTI/Payment_Information_Page/EMAIL_ADDRESS"), emailAddress, "EMAIL address", [pageLoadTime]): Quicksti.ts:Entered'testing@zenq.com into EMAIL address

2020-10-15 14:20:36 - [MESSAGE][PASSED] - Object 'Object Repository/CERTPAY_QUICKSTI/Payment_Information_Page/EMAIL_ADDRESS' is present

2020-10-15 14:20:36 - [MESSAGE][PASSED] - Object 'Object Repository/CERTPAY_QUICKSTI/Payment_Information_Page/EMAIL_ADDRESS' is visible

2020-10-15 14:20:37 - [MESSAGE][PASSED] - Object 'Object Repository/CERTPAY_QUICKSTI/Payment_Information_Page/EMAIL_ADDRESS' is present

2020-10-15 14:20:38 - [MESSAGE][PASSED] - Text 'testing@zenq.com' is set on object 'Object Repository/CERTPAY_QUICKSTI/Payment_Information_Page/EMAIL_ADDRESS'

2020-10-15 14:20:38 - [MESSAGE][PASSED] - Quicksti.ts:Entered'testing@zenq.com into EMAIL address

2020-10-15 14:20:38 - [TEST_STEP][PASSED] - utilities.SafeActions.safeClick(findTestObject("CERTPAY_QUICKSTI/Payment_Information_Page/NEXT_BUTTON"), "Next", [pageLoadTime]): Quicksti.ts:Clicked on the Next

2020-10-15 14:20:38 - [MESSAGE][INFO] - safeClicking

2020-10-15 14:20:38 - [MESSAGE][PASSED] - Object 'Object Repository/CERTPAY_QUICKSTI/Payment_Information_Page/NEXT_BUTTON' is present

2020-10-15 14:20:39 - [MESSAGE][PASSED] - Object 'Object Repository/CERTPAY_QUICKSTI/Payment_Information_Page/NEXT_BUTTON' is clickable

2020-10-15 14:20:43 - [MESSAGE][PASSED] - Object: 'Object Repository/CERTPAY_QUICKSTI/Payment_Information_Page/NEXT_BUTTON' is clicked on

2020-10-15 14:20:43 - [MESSAGE][PASSED] - Quicksti.ts:Clicked on the Next

2020-10-15 14:20:43 - [TEST_STEP][PASSED] - pages.Quicksti.verifyUserPaymentDetails(paymentAmount, firstName, lastName, CardNumber): pages.Quicksti.verifyUserPaymentDetails is PASSED

2020-10-15 14:20:43 - [MESSAGE][PASSED] - Text of object 'Object Repository/CERTPAY_QUICKSTI/Payment_Details_Verification_Page/AMOUNT' is: '$25.00'

2020-10-15 14:20:43 - [MESSAGE][PASSED] - Actual text '25.00' and expected text '25.00' are matched  using regular expression

2020-10-15 14:20:44 - [MESSAGE][PASSED] - Text of object 'Object Repository/CERTPAY_QUICKSTI/Payment_Details_Verification_Page/NAME' is: 'Tester Zenq1'

2020-10-15 14:20:44 - [MESSAGE][PASSED] - Actual text 'Tester Zenq1' and expected text 'Tester Zenq1' are matched  using regular expression

2020-10-15 14:20:44 - [MESSAGE][PASSED] - Text of object 'Object Repository/CERTPAY_QUICKSTI/Payment_Details_Verification_Page/CARD_NUMBER' is: '...7646'

2020-10-15 14:20:44 - [MESSAGE][PASSED] - Actual text '7646' and expected text '7646' are matched  using regular expression

2020-10-15 14:20:44 - [MESSAGE][PASSED] - pages.Quicksti.verifyUserPaymentDetails is PASSED

2020-10-15 14:20:44 - [TEST_STEP][PASSED] - delay(2): Delayed 2 second(s)

2020-10-15 14:20:46 - [MESSAGE][PASSED] - Delayed 2 second(s)

2020-10-15 14:20:46 - [TEST_STEP][PASSED] - ConvFee = getText(findTestObject("CERTPAY_QUICKSTI/Payment_Information_Page/CONV_FEE")): Text of object 'Object Repository/CERTPAY_QUICKSTI/Payment_Information_Page/CONV_FEE' is: '$0.50'

2020-10-15 14:20:46 - [MESSAGE][PASSED] - Text of object 'Object Repository/CERTPAY_QUICKSTI/Payment_Information_Page/CONV_FEE' is: '$0.50'

2020-10-15 14:20:46 - [TEST_STEP][PASSED] - scrollToElement(findTestObject("CERTPAY_QUICKSTI/Payment_Details_Verification_Page/PROCESS"), 0): Scroll to object 'Object Repository/CERTPAY_QUICKSTI/Payment_Details_Verification_Page/PROCESS' successfully

2020-10-15 14:20:46 - [MESSAGE][WARNING] - Timeout '0' is invalid. Using default page load timeout: '30'

2020-10-15 14:20:47 - [MESSAGE][PASSED] - Scroll to object 'Object Repository/CERTPAY_QUICKSTI/Payment_Details_Verification_Page/PROCESS' successfully

2020-10-15 14:20:47 - [TEST_STEP][PASSED] - utilities.SafeActions.safeClick(findTestObject("CERTPAY_QUICKSTI/Payment_Details_Verification_Page/PROCESS"), "Process", [pageLoadTime]): Quicksti.ts:Clicked on the Process

2020-10-15 14:20:47 - [MESSAGE][INFO] - safeClicking

2020-10-15 14:20:47 - [MESSAGE][PASSED] - Object 'Object Repository/CERTPAY_QUICKSTI/Payment_Details_Verification_Page/PROCESS' is present

2020-10-15 14:20:47 - [MESSAGE][PASSED] - Object 'Object Repository/CERTPAY_QUICKSTI/Payment_Details_Verification_Page/PROCESS' is clickable

2020-10-15 14:20:52 - [MESSAGE][PASSED] - Object: 'Object Repository/CERTPAY_QUICKSTI/Payment_Details_Verification_Page/PROCESS' is clicked on

2020-10-15 14:20:52 - [MESSAGE][PASSED] - Quicksti.ts:Clicked on the Process

2020-10-15 14:20:52 - [TEST_STEP][PASSED] - paymentId = pages.Quicksti.verifyPaymentApproval(findTestObject("CERTPAY_QUICKSTI/Payment_Details_Verification_Page/APPROVED")): Payment is approved

2020-10-15 14:20:52 - [MESSAGE][PASSED] - Text of object 'Object Repository/CERTPAY_QUICKSTI/Payment_Details_Verification_Page/PAYMENT_ID' is: '100176129070'

2020-10-15 14:20:53 - [MESSAGE][PASSED] - Object 'Object Repository/CERTPAY_QUICKSTI/Payment_Details_Verification_Page/APPROVED' is present

2020-10-15 14:20:53 - [MESSAGE][PASSED] - Payment is approved

2020-10-15 14:20:55 - [TEST_STEP][PASSED] - navigateToUrl(Admin_url): Navigate to 'https://qa-certpayadmin.faps.net' successfully

2020-10-15 14:21:07 - [MESSAGE][PASSED] - Navigate to 'https://qa-certpayadmin.faps.net' successfully

2020-10-15 14:21:07 - [TEST_STEP][PASSED] - pages.Bureau_Login_Page.loginToAdminSite(AdminUsername, AdminPassword): Quicksti.ts:Clicked on the LOGIN

2020-10-15 14:21:08 - [MESSAGE][PASSED] - Object 'Object Repository/CERTPAY_ADMIN/USER_NAME' is present

2020-10-15 14:21:08 - [MESSAGE][PASSED] - Object 'Object Repository/CERTPAY_ADMIN/USER_NAME' is visible

2020-10-15 14:21:08 - [MESSAGE][PASSED] - Object 'Object Repository/CERTPAY_ADMIN/USER_NAME' is present

2020-10-15 14:21:10 - [MESSAGE][PASSED] - Text 'VVangiliappan' is set on object 'Object Repository/CERTPAY_ADMIN/USER_NAME'

2020-10-15 14:21:10 - [MESSAGE][PASSED] - Quicksti.ts:Entered'VVangiliappan into username

2020-10-15 14:21:10 - [MESSAGE][PASSED] - Object 'Object Repository/CERTPAY_ADMIN/PASSWORD' is present

2020-10-15 14:21:10 - [MESSAGE][PASSED] - Object 'Object Repository/CERTPAY_ADMIN/PASSWORD' is visible

2020-10-15 14:21:11 - [MESSAGE][PASSED] - Object 'Object Repository/CERTPAY_ADMIN/PASSWORD' is present

2020-10-15 14:21:12 - [MESSAGE][PASSED] - Text 'Test@123' is set on object 'Object Repository/CERTPAY_ADMIN/PASSWORD'

2020-10-15 14:21:12 - [MESSAGE][PASSED] - Quicksti.ts:Entered'Test@123 into password

2020-10-15 14:21:12 - [MESSAGE][INFO] - safeClicking

2020-10-15 14:21:12 - [MESSAGE][PASSED] - Object 'Object Repository/CERTPAY_ADMIN/LOGIN_BUTTON' is present

2020-10-15 14:21:13 - [MESSAGE][PASSED] - Object 'Object Repository/CERTPAY_ADMIN/LOGIN_BUTTON' is clickable

2020-10-15 14:21:32 - [MESSAGE][PASSED] - Object: 'Object Repository/CERTPAY_ADMIN/LOGIN_BUTTON' is clicked on

2020-10-15 14:21:32 - [MESSAGE][PASSED] - Quicksti.ts:Clicked on the LOGIN

2020-10-15 14:21:32 - [TEST_STEP][PASSED] - utilities.SafeActions.safeClick(findTestObject("CERTPAY_ADMIN/TRANSACTION_MENU"), "TransactionMenu", [pageLoadTime]): Quicksti.ts:Clicked on the TransactionMenu

2020-10-15 14:21:32 - [MESSAGE][INFO] - safeClicking

2020-10-15 14:21:32 - [MESSAGE][PASSED] - Object 'Object Repository/CERTPAY_ADMIN/TRANSACTION_MENU' is present

2020-10-15 14:21:32 - [MESSAGE][PASSED] - Object 'Object Repository/CERTPAY_ADMIN/TRANSACTION_MENU' is clickable

2020-10-15 14:21:34 - [MESSAGE][PASSED] - Object: 'Object Repository/CERTPAY_ADMIN/TRANSACTION_MENU' is clicked on

2020-10-15 14:21:34 - [MESSAGE][PASSED] - Quicksti.ts:Clicked on the TransactionMenu

2020-10-15 14:21:34 - [TEST_STEP][PASSED] - utilities.SafeActions.safeClick(findTestObject("CERTPAY_ADMIN/TRANSACTION_SEARCH"), "TransactionSearch", [pageLoadTime]): Quicksti.ts:Clicked on the TransactionSearch

2020-10-15 14:21:34 - [MESSAGE][INFO] - safeClicking

2020-10-15 14:21:34 - [MESSAGE][PASSED] - Object 'Object Repository/CERTPAY_ADMIN/TRANSACTION_SEARCH' is present

2020-10-15 14:21:34 - [MESSAGE][PASSED] - Object 'Object Repository/CERTPAY_ADMIN/TRANSACTION_SEARCH' is clickable

2020-10-15 14:21:41 - [MESSAGE][PASSED] - Object: 'Object Repository/CERTPAY_ADMIN/TRANSACTION_SEARCH' is clicked on

2020-10-15 14:21:41 - [MESSAGE][PASSED] - Quicksti.ts:Clicked on the TransactionSearch

2020-10-15 14:21:41 - [TEST_STEP][PASSED] - utilities.SafeActions.safeType(findTestObject("CERTPAY_ADMIN/PAYMENT_ID"), paymentId, "Payment id", [pageLoadTime]): Quicksti.ts:Entered'100176129070 into Payment id

2020-10-15 14:21:42 - [MESSAGE][PASSED] - Object 'Object Repository/CERTPAY_ADMIN/PAYMENT_ID' is present

2020-10-15 14:21:42 - [MESSAGE][PASSED] - Object 'Object Repository/CERTPAY_ADMIN/PAYMENT_ID' is visible

2020-10-15 14:21:42 - [MESSAGE][PASSED] - Object 'Object Repository/CERTPAY_ADMIN/PAYMENT_ID' is present

2020-10-15 14:21:44 - [MESSAGE][PASSED] - Text '100176129070' is set on object 'Object Repository/CERTPAY_ADMIN/PAYMENT_ID'

2020-10-15 14:21:44 - [MESSAGE][PASSED] - Quicksti.ts:Entered'100176129070 into Payment id

2020-10-15 14:21:44 - [TEST_STEP][PASSED] - utilities.SafeActions.safeClick(findTestObject("CERTPAY_ADMIN/GO_BUTTON"), "Go button", [pageLoadTime]): Quicksti.ts:Clicked on the Go button

2020-10-15 14:21:44 - [MESSAGE][INFO] - safeClicking

2020-10-15 14:21:44 - [MESSAGE][PASSED] - Object 'Object Repository/CERTPAY_ADMIN/GO_BUTTON' is present

2020-10-15 14:21:44 - [MESSAGE][PASSED] - Object 'Object Repository/CERTPAY_ADMIN/GO_BUTTON' is clickable

2020-10-15 14:21:51 - [MESSAGE][PASSED] - Object: 'Object Repository/CERTPAY_ADMIN/GO_BUTTON' is clicked on

2020-10-15 14:21:51 - [MESSAGE][PASSED] - Quicksti.ts:Clicked on the Go button

2020-10-15 14:21:51 - [TEST_STEP][PASSED] - delay(5): Delayed 5 second(s)

2020-10-15 14:21:56 - [MESSAGE][PASSED] - Delayed 5 second(s)

2020-10-15 14:21:56 - [TEST_STEP][PASSED] - scrollToPosition(800, 900): Browser is scrolled to position x = 800, y = 900

2020-10-15 14:21:56 - [MESSAGE][PASSED] - Browser is scrolled to position x = 800, y = 900

2020-10-15 14:21:56 - [TEST_STEP][FAILED] - pages.Search_Page.validatePaymentAmount(paymentAmount, ConvFee): com.kms.katalon.core.exception.StepFailedException: Unable to verify match

2020-10-15 14:21:57 - [MESSAGE][PASSED] - Text of object 'Object Repository/CERTPAY_ADMIN/PAYMENT_AMOUNT' is: '$50.00'

2020-10-15 14:21:57 - [MESSAGE][FAILED] - Unable to verify match between actual text '50.00' and expected text '25.00' using regular expression (Root cause: com.kms.katalon.core.exception.StepFailedException: Actual text '50.00' and expected text '25.00' are not matched using regular expression
	at com.kms.katalon.core.keyword.builtin.VerifyMatchKeyword$_verifyMatch_closure1.doCall(VerifyMatchKeyword.groovy:57)
	at com.kms.katalon.core.keyword.builtin.VerifyMatchKeyword$_verifyMatch_closure1.call(VerifyMatchKeyword.groovy)
	at com.kms.katalon.core.keyword.internal.KeywordMain.runKeyword(KeywordMain.groovy:68)
	at com.kms.katalon.core.keyword.builtin.VerifyMatchKeyword.verifyMatch(VerifyMatchKeyword.groovy:60)
	at com.kms.katalon.core.keyword.builtin.VerifyMatchKeyword.execute(VerifyMatchKeyword.groovy:45)
	at com.kms.katalon.core.keyword.internal.KeywordExecutor.executeKeywordForPlatform(KeywordExecutor.groovy:72)
	at com.kms.katalon.core.keyword.BuiltinKeywords.verifyMatch(BuiltinKeywords.groovy:55)
	at pages.Search_Page.validatePaymentAmount(Search_Page.groovy:124)
	at pages.Search_Page.invokeMethod(Search_Page.groovy)
	at com.kms.katalon.core.main.CustomKeywordDelegatingMetaClass.invokeStaticMethod(CustomKeywordDelegatingMetaClass.java:50)
	at TC_003_MultiBureauSite_SingleBureau_SingleLinePayment.run(TC_003_MultiBureauSite_SingleBureau_SingleLinePayment:134)
	at com.kms.katalon.core.main.ScriptEngine.run(ScriptEngine.java:194)
	at com.kms.katalon.core.main.ScriptEngine.runScriptAsRawText(ScriptEngine.java:119)
	at com.kms.katalon.core.main.TestCaseExecutor.runScript(TestCaseExecutor.java:337)
	at com.kms.katalon.core.main.TestCaseExecutor.doExecute(TestCaseExecutor.java:328)
	at com.kms.katalon.core.main.TestCaseExecutor.processExecutionPhase(TestCaseExecutor.java:307)
	at com.kms.katalon.core.main.TestCaseExecutor.accessMainPhase(TestCaseExecutor.java:299)
	at com.kms.katalon.core.main.TestCaseExecutor.execute(TestCaseExecutor.java:233)
	at com.kms.katalon.core.main.TestSuiteExecutor.accessTestCaseMainPhase(TestSuiteExecutor.java:169)
	at com.kms.katalon.core.main.TestSuiteExecutor.accessTestSuiteMainPhase(TestSuiteExecutor.java:142)
	at com.kms.katalon.core.main.TestSuiteExecutor.execute(TestSuiteExecutor.java:91)
	at com.kms.katalon.core.main.TestCaseMain.startTestSuite(TestCaseMain.java:157)
	at com.kms.katalon.core.main.TestCaseMain$startTestSuite$0.call(Unknown Source)
	at TempTestSuite1602750259530.run(TempTestSuite1602750259530.groovy:36)
)

2020-10-15 14:21:57 - [MESSAGE][FAILED] - Unable to verify match

2020-10-15 14:21:57 - [MESSAGE][FAILED] - com.kms.katalon.core.exception.StepFailedException: Unable to verify match

2020-10-15 14:21:57 - [TEST_STEP][PASSED] - paymentIdList.add(paymentId): null

2020-10-15 14:21:57 - [TEST_STEP][PASSED] - println(paymentIdList): null

2020-10-15 14:21:57 - [TEST_STEP][PASSED] - firstName = data.getValue("FirstName", index): null

2020-10-15 14:21:57 - [TEST_STEP][PASSED] - lastName = data.getValue("LastName", index): null

2020-10-15 14:21:57 - [TEST_STEP][PASSED] - expMonth = data.getValue("ExpMonth", index): null

2020-10-15 14:21:57 - [TEST_STEP][PASSED] - expYear = data.getValue("ExpYear", index): null

2020-10-15 14:21:57 - [TEST_STEP][PASSED] - securityCode = data.getValue("SecurityCode", index): null

2020-10-15 14:21:57 - [TEST_STEP][PASSED] - paymentAmount = data.getValue("PaymentAmount", index): null

2020-10-15 14:21:57 - [TEST_STEP][PASSED] - paymentType = data.getValue("PaymentType", index): null

2020-10-15 14:21:57 - [TEST_STEP][PASSED] - quantity = data.getValue("Quantity", index): null

2020-10-15 14:21:57 - [TEST_STEP][PASSED] - comments = data.getValue("Comments", index): null

2020-10-15 14:21:57 - [TEST_STEP][PASSED] - referenceNum = data.getValue("ReferenceNum", index): null

2020-10-15 14:21:57 - [TEST_STEP][PASSED] - address = data.getValue("Address", index): null

2020-10-15 14:21:57 - [TEST_STEP][PASSED] - zipCode = data.getValue("Zipcode", index): null

2020-10-15 14:21:57 - [TEST_STEP][PASSED] - telephone = data.getValue("Telephone", index): null

2020-10-15 14:21:57 - [TEST_STEP][PASSED] - emailAddress = data.getValue("EmailAddress", index): null

2020-10-15 14:21:57 - [TEST_STEP][PASSED] - cardNum = data.getValue("CardNumber", index): null

2020-10-15 14:21:57 - [TEST_STEP][PASSED] - cardType = data.getValue("CardType", index): null

2020-10-15 14:21:57 - [TEST_STEP][PASSED] - utilities.SafeActions.openBrowser(Quicksti_Url, [pageLoadTime]): Browser launched successfully

2020-10-15 14:21:57 - [MESSAGE][INFO] - Opening Browser

2020-10-15 14:21:57 - [MESSAGE][WARNING] - A browser is already opened. Closing browser and opening a new one

2020-10-15 14:21:58 - [MESSAGE][INFO] - Starting 'Chrome' driver

2020-10-15 14:22:15 - [MESSAGE][PASSED] - Browser is opened with url: 'https://qa-certpayquicksti.faps.net/'

2020-10-15 14:22:17 - [MESSAGE][PASSED] - Current window maximized

2020-10-15 14:22:17 - [MESSAGE][PASSED] - Browser launched successfully

2020-10-15 14:22:17 - [TEST_STEP][PASSED] - utilities.SafeActions.safeCheck(findTestObject("CERTPAY_QUICKSTI/Login_ Page/MULTI_BUREAU_CHECKBOX"), "Multi Bureau", [pageLoadTime]): Quicksti.ts:Checkbox 'Multi Bureau'is selected

2020-10-15 14:22:18 - [MESSAGE][PASSED] - Object 'Object Repository/CERTPAY_QUICKSTI/Login_ Page/MULTI_BUREAU_CHECKBOX' is present

2020-10-15 14:22:19 - [MESSAGE][PASSED] - Object 'Object Repository/CERTPAY_QUICKSTI/Login_ Page/MULTI_BUREAU_CHECKBOX' is present

2020-10-15 14:22:20 - [MESSAGE][PASSED] - Object: 'Object Repository/CERTPAY_QUICKSTI/Login_ Page/MULTI_BUREAU_CHECKBOX' is clicked on

2020-10-15 14:22:20 - [MESSAGE][PASSED] - Quicksti.ts:Checkbox 'Multi Bureau'is selected

2020-10-15 14:22:20 - [TEST_STEP][PASSED] - utilities.SafeActions.safeType(findTestObject("CERTPAY_QUICKSTI/Login_ Page/TELLER_ID"), teller_id, "Bureau code", [pageLoadTime]): Quicksti.ts:Entered'zenq into Bureau code

2020-10-15 14:22:24 - [MESSAGE][PASSED] - Object 'Object Repository/CERTPAY_QUICKSTI/Login_ Page/TELLER_ID' is present

2020-10-15 14:22:24 - [MESSAGE][PASSED] - Object 'Object Repository/CERTPAY_QUICKSTI/Login_ Page/TELLER_ID' is visible

2020-10-15 14:22:25 - [MESSAGE][PASSED] - Object 'Object Repository/CERTPAY_QUICKSTI/Login_ Page/TELLER_ID' is present

2020-10-15 14:22:26 - [MESSAGE][PASSED] - Text 'zenq' is set on object 'Object Repository/CERTPAY_QUICKSTI/Login_ Page/TELLER_ID'

2020-10-15 14:22:26 - [MESSAGE][PASSED] - Quicksti.ts:Entered'zenq into Bureau code

2020-10-15 14:22:26 - [TEST_STEP][PASSED] - utilities.SafeActions.safeClick(findTestObject("CERTPAY_QUICKSTI/Login_ Page/NEXT_BUTTON"), "Next button", [pageLoadTime]): Quicksti.ts:Clicked on the Next button

2020-10-15 14:22:26 - [MESSAGE][INFO] - safeClicking

2020-10-15 14:22:26 - [MESSAGE][PASSED] - Object 'Object Repository/CERTPAY_QUICKSTI/Login_ Page/NEXT_BUTTON' is present

2020-10-15 14:22:26 - [MESSAGE][PASSED] - Object 'Object Repository/CERTPAY_QUICKSTI/Login_ Page/NEXT_BUTTON' is clickable

2020-10-15 14:22:41 - [MESSAGE][PASSED] - Object: 'Object Repository/CERTPAY_QUICKSTI/Login_ Page/NEXT_BUTTON' is clicked on

2020-10-15 14:22:41 - [MESSAGE][PASSED] - Quicksti.ts:Clicked on the Next button

2020-10-15 14:22:41 - [TEST_STEP][PASSED] - pages.Quicksti.setCommnets("0", "0", comments): Quicksti.ts:Entered'Testing into Comments

2020-10-15 14:22:41 - [MESSAGE][PASSED] - Object '' is present

2020-10-15 14:22:41 - [MESSAGE][PASSED] - Object '' is visible

2020-10-15 14:22:42 - [MESSAGE][PASSED] - Object '' is present

2020-10-15 14:22:43 - [MESSAGE][PASSED] - Text 'Testing' is set on object ''

2020-10-15 14:22:43 - [MESSAGE][PASSED] - Quicksti.ts:Entered'Testing into Comments

2020-10-15 14:22:43 - [TEST_STEP][PASSED] - utilities.SafeActions.safeType(findTestObject("CERTPAY_QUICKSTI/Payment_Information_Page/PAYMENT_AMOUNT"), paymentAmount, "Payment Amount", [pageLoadTime]): Quicksti.ts:Entered'30.00 into Payment Amount

2020-10-15 14:22:43 - [MESSAGE][PASSED] - Object 'Object Repository/CERTPAY_QUICKSTI/Payment_Information_Page/PAYMENT_AMOUNT' is present

2020-10-15 14:22:44 - [MESSAGE][PASSED] - Object 'Object Repository/CERTPAY_QUICKSTI/Payment_Information_Page/PAYMENT_AMOUNT' is visible

2020-10-15 14:22:44 - [MESSAGE][PASSED] - Object 'Object Repository/CERTPAY_QUICKSTI/Payment_Information_Page/PAYMENT_AMOUNT' is present

2020-10-15 14:22:45 - [MESSAGE][PASSED] - Text '30.00' is set on object 'Object Repository/CERTPAY_QUICKSTI/Payment_Information_Page/PAYMENT_AMOUNT'

2020-10-15 14:22:45 - [MESSAGE][PASSED] - Quicksti.ts:Entered'30.00 into Payment Amount

2020-10-15 14:22:45 - [TEST_STEP][PASSED] - pages.Quicksti.setAmountDetailsForMultiBureau("0", paymentType, "0", referenceNum, quantity): Quicksti.ts:Entered'1 into Quntity

2020-10-15 14:22:46 - [MESSAGE][PASSED] - Object '' is visible

2020-10-15 14:22:46 - [MESSAGE][PASSED] - Object '' is present

2020-10-15 14:22:47 - [MESSAGE][PASSED] - Object: '' is clicked on

2020-10-15 14:22:49 - [MESSAGE][PASSED] - All options with label 'Licenses' are selected in object ''  using regular expression

2020-10-15 14:22:49 - [MESSAGE][PASSED] - selected dropdown option by visible text  Licensesfrom Payment Type

2020-10-15 14:22:49 - [MESSAGE][PASSED] - Object '' is present

2020-10-15 14:22:49 - [MESSAGE][PASSED] - Object '' is visible

2020-10-15 14:22:50 - [MESSAGE][PASSED] - Object '' is present

2020-10-15 14:22:51 - [MESSAGE][PASSED] - Text '13' is set on object ''

2020-10-15 14:22:51 - [MESSAGE][PASSED] - Quicksti.ts:Entered'13 into RefrenceNumber

2020-10-15 14:22:51 - [MESSAGE][PASSED] - Object '' is present

2020-10-15 14:22:52 - [MESSAGE][PASSED] - Object '' is visible

2020-10-15 14:22:52 - [MESSAGE][PASSED] - Object '' is present

2020-10-15 14:22:53 - [MESSAGE][PASSED] - Text '1' is set on object ''

2020-10-15 14:22:53 - [MESSAGE][PASSED] - Quicksti.ts:Entered'1 into Quntity

2020-10-15 14:22:53 - [TEST_STEP][PASSED] - utilities.SafeActions.safeClick(findTestObject("CERTPAY_QUICKSTI/Payment_Information_Page/MANUAL_ENTRY_BUTTON"), "ManualEntry", [pageLoadTime]): Quicksti.ts:Clicked on the ManualEntry

2020-10-15 14:22:53 - [MESSAGE][INFO] - safeClicking

2020-10-15 14:22:54 - [MESSAGE][PASSED] - Object 'Object Repository/CERTPAY_QUICKSTI/Payment_Information_Page/MANUAL_ENTRY_BUTTON' is present

2020-10-15 14:22:54 - [MESSAGE][PASSED] - Object 'Object Repository/CERTPAY_QUICKSTI/Payment_Information_Page/MANUAL_ENTRY_BUTTON' is clickable

2020-10-15 14:23:01 - [MESSAGE][PASSED] - Object: 'Object Repository/CERTPAY_QUICKSTI/Payment_Information_Page/MANUAL_ENTRY_BUTTON' is clicked on

2020-10-15 14:23:01 - [MESSAGE][PASSED] - Quicksti.ts:Clicked on the ManualEntry

2020-10-15 14:23:01 - [TEST_STEP][PASSED] - amount_Value = pages.Quicksti.getAttributeValue(findTestObject("CERTPAY_QUICKSTI/Payment_Information_Page/SUB_TOTAL")): pages.Quicksti.getAttributeValue is PASSED

2020-10-15 14:23:01 - [MESSAGE][PASSED] - Attribute 'value' of object 'Object Repository/CERTPAY_QUICKSTI/Payment_Information_Page/SUB_TOTAL' is: '30.00'

2020-10-15 14:23:01 - [MESSAGE][PASSED] - pages.Quicksti.getAttributeValue is PASSED

2020-10-15 14:23:01 - [TEST_STEP][PASSED] - CardNumber = pages.Quicksti.setUserPaymentDetails(firstName, lastName, cardNum): Quicksti.ts:Entered'8171999900000018 into CardNum

2020-10-15 14:23:02 - [MESSAGE][PASSED] - Object 'Object Repository/CERTPAY_QUICKSTI/Payment_Information_Page/FIRST_NAME' is present

2020-10-15 14:23:02 - [MESSAGE][PASSED] - Object 'Object Repository/CERTPAY_QUICKSTI/Payment_Information_Page/FIRST_NAME' is visible

2020-10-15 14:23:02 - [MESSAGE][PASSED] - Object 'Object Repository/CERTPAY_QUICKSTI/Payment_Information_Page/FIRST_NAME' is present

2020-10-15 14:23:04 - [MESSAGE][PASSED] - Text 'Tester' is set on object 'Object Repository/CERTPAY_QUICKSTI/Payment_Information_Page/FIRST_NAME'

2020-10-15 14:23:04 - [MESSAGE][PASSED] - Quicksti.ts:Entered'Tester into FirstName

2020-10-15 14:23:04 - [MESSAGE][PASSED] - Object 'Object Repository/CERTPAY_QUICKSTI/Payment_Information_Page/LAST_NAME' is present

2020-10-15 14:23:04 - [MESSAGE][PASSED] - Object 'Object Repository/CERTPAY_QUICKSTI/Payment_Information_Page/LAST_NAME' is visible

2020-10-15 14:23:05 - [MESSAGE][PASSED] - Object 'Object Repository/CERTPAY_QUICKSTI/Payment_Information_Page/LAST_NAME' is present

2020-10-15 14:23:06 - [MESSAGE][PASSED] - Text 'Zenq1' is set on object 'Object Repository/CERTPAY_QUICKSTI/Payment_Information_Page/LAST_NAME'

2020-10-15 14:23:06 - [MESSAGE][PASSED] - Quicksti.ts:Entered'Zenq1 into LAstName

2020-10-15 14:23:06 - [MESSAGE][PASSED] - Object 'Object Repository/CERTPAY_QUICKSTI/Payment_Information_Page/CARD_NUMBER' is present

2020-10-15 14:23:06 - [MESSAGE][PASSED] - Object 'Object Repository/CERTPAY_QUICKSTI/Payment_Information_Page/CARD_NUMBER' is visible

2020-10-15 14:23:07 - [MESSAGE][PASSED] - Object 'Object Repository/CERTPAY_QUICKSTI/Payment_Information_Page/CARD_NUMBER' is present

2020-10-15 14:23:08 - [MESSAGE][PASSED] - Text '8171999900000018' is set on object 'Object Repository/CERTPAY_QUICKSTI/Payment_Information_Page/CARD_NUMBER'

2020-10-15 14:23:08 - [MESSAGE][PASSED] - Quicksti.ts:Entered'8171999900000018 into CardNum

2020-10-15 14:23:08 - [TEST_STEP][PASSED] - pages.Quicksti.setExpDate(expMonth, expYear, securityCode): Quicksti.ts:Entered'111 into securityCode

2020-10-15 14:23:08 - [MESSAGE][PASSED] - Object 'Object Repository/CERTPAY_QUICKSTI/Payment_Information_Page/EXP_MONTH' is visible

2020-10-15 14:23:09 - [MESSAGE][PASSED] - Object 'Object Repository/CERTPAY_QUICKSTI/Payment_Information_Page/EXP_MONTH' is present

2020-10-15 14:23:10 - [MESSAGE][PASSED] - Object: 'Object Repository/CERTPAY_QUICKSTI/Payment_Information_Page/EXP_MONTH' is clicked on

2020-10-15 14:23:11 - [MESSAGE][PASSED] - All options with label '04' are selected in object 'Object Repository/CERTPAY_QUICKSTI/Payment_Information_Page/EXP_MONTH'  using regular expression

2020-10-15 14:23:11 - [MESSAGE][PASSED] - selected dropdown option by visible text  04from expMonth

2020-10-15 14:23:12 - [MESSAGE][PASSED] - Object 'Object Repository/CERTPAY_QUICKSTI/Payment_Information_Page/EXP_YEAR' is visible

2020-10-15 14:23:12 - [MESSAGE][PASSED] - Object 'Object Repository/CERTPAY_QUICKSTI/Payment_Information_Page/EXP_YEAR' is present

2020-10-15 14:23:13 - [MESSAGE][PASSED] - Object: 'Object Repository/CERTPAY_QUICKSTI/Payment_Information_Page/EXP_YEAR' is clicked on

2020-10-15 14:23:15 - [MESSAGE][PASSED] - All options with label '2027' are selected in object 'Object Repository/CERTPAY_QUICKSTI/Payment_Information_Page/EXP_YEAR'  using regular expression

2020-10-15 14:23:15 - [MESSAGE][PASSED] - selected dropdown option by visible text  2027from  expYear

2020-10-15 14:23:15 - [MESSAGE][PASSED] - Object 'Object Repository/CERTPAY_QUICKSTI/Payment_Information_Page/SECURITY_CODE' is present

2020-10-15 14:23:15 - [MESSAGE][PASSED] - Object 'Object Repository/CERTPAY_QUICKSTI/Payment_Information_Page/SECURITY_CODE' is visible

2020-10-15 14:23:15 - [MESSAGE][PASSED] - Object 'Object Repository/CERTPAY_QUICKSTI/Payment_Information_Page/SECURITY_CODE' is present

2020-10-15 14:23:17 - [MESSAGE][PASSED] - Text '111' is set on object 'Object Repository/CERTPAY_QUICKSTI/Payment_Information_Page/SECURITY_CODE'

2020-10-15 14:23:17 - [MESSAGE][PASSED] - Quicksti.ts:Entered'111 into securityCode

2020-10-15 14:23:17 - [TEST_STEP][PASSED] - utilities.SafeActions.safeType(findTestObject("CERTPAY_QUICKSTI/Payment_Information_Page/ADDRESS"), address, "Address", [pageLoadTime]): Quicksti.ts:Entered'14-2 into Address

2020-10-15 14:23:17 - [MESSAGE][PASSED] - Object 'Object Repository/CERTPAY_QUICKSTI/Payment_Information_Page/ADDRESS' is present

2020-10-15 14:23:17 - [MESSAGE][PASSED] - Object 'Object Repository/CERTPAY_QUICKSTI/Payment_Information_Page/ADDRESS' is visible

2020-10-15 14:23:18 - [MESSAGE][PASSED] - Object 'Object Repository/CERTPAY_QUICKSTI/Payment_Information_Page/ADDRESS' is present

2020-10-15 14:23:19 - [MESSAGE][PASSED] - Text '14-2' is set on object 'Object Repository/CERTPAY_QUICKSTI/Payment_Information_Page/ADDRESS'

2020-10-15 14:23:19 - [MESSAGE][PASSED] - Quicksti.ts:Entered'14-2 into Address

2020-10-15 14:23:19 - [TEST_STEP][PASSED] - utilities.SafeActions.safeType(findTestObject("CERTPAY_QUICKSTI/Payment_Information_Page/ZIP_CODE"), zipCode, "zipcode", [pageLoadTime]): Quicksti.ts:Entered'76102 into zipcode

2020-10-15 14:23:19 - [MESSAGE][PASSED] - Object 'Object Repository/CERTPAY_QUICKSTI/Payment_Information_Page/ZIP_CODE' is present

2020-10-15 14:23:20 - [MESSAGE][PASSED] - Object 'Object Repository/CERTPAY_QUICKSTI/Payment_Information_Page/ZIP_CODE' is visible

2020-10-15 14:23:20 - [MESSAGE][PASSED] - Object 'Object Repository/CERTPAY_QUICKSTI/Payment_Information_Page/ZIP_CODE' is present

2020-10-15 14:23:21 - [MESSAGE][PASSED] - Text '76102' is set on object 'Object Repository/CERTPAY_QUICKSTI/Payment_Information_Page/ZIP_CODE'

2020-10-15 14:23:21 - [MESSAGE][PASSED] - Quicksti.ts:Entered'76102 into zipcode

2020-10-15 14:23:21 - [TEST_STEP][PASSED] - utilities.SafeActions.safeType(findTestObject("CERTPAY_QUICKSTI/Payment_Information_Page/TELEPHONE"), telephone, "Telephone", [pageLoadTime]): Quicksti.ts:Entered'9989897654 into Telephone

2020-10-15 14:23:21 - [MESSAGE][PASSED] - Object 'Object Repository/CERTPAY_QUICKSTI/Payment_Information_Page/TELEPHONE' is present

2020-10-15 14:23:22 - [MESSAGE][PASSED] - Object 'Object Repository/CERTPAY_QUICKSTI/Payment_Information_Page/TELEPHONE' is visible

2020-10-15 14:23:22 - [MESSAGE][PASSED] - Object 'Object Repository/CERTPAY_QUICKSTI/Payment_Information_Page/TELEPHONE' is present

2020-10-15 14:23:23 - [MESSAGE][PASSED] - Text '9989897654' is set on object 'Object Repository/CERTPAY_QUICKSTI/Payment_Information_Page/TELEPHONE'

2020-10-15 14:23:23 - [MESSAGE][PASSED] - Quicksti.ts:Entered'9989897654 into Telephone

2020-10-15 14:23:23 - [TEST_STEP][PASSED] - utilities.SafeActions.safeType(findTestObject("CERTPAY_QUICKSTI/Payment_Information_Page/EMAIL_ADDRESS"), emailAddress, "EMAIL address", [pageLoadTime]): Quicksti.ts:Entered'testing@zenq.com into EMAIL address

2020-10-15 14:23:24 - [MESSAGE][PASSED] - Object 'Object Repository/CERTPAY_QUICKSTI/Payment_Information_Page/EMAIL_ADDRESS' is present

2020-10-15 14:23:24 - [MESSAGE][PASSED] - Object 'Object Repository/CERTPAY_QUICKSTI/Payment_Information_Page/EMAIL_ADDRESS' is visible

2020-10-15 14:23:24 - [MESSAGE][PASSED] - Object 'Object Repository/CERTPAY_QUICKSTI/Payment_Information_Page/EMAIL_ADDRESS' is present

2020-10-15 14:23:26 - [MESSAGE][PASSED] - Text 'testing@zenq.com' is set on object 'Object Repository/CERTPAY_QUICKSTI/Payment_Information_Page/EMAIL_ADDRESS'

2020-10-15 14:23:26 - [MESSAGE][PASSED] - Quicksti.ts:Entered'testing@zenq.com into EMAIL address

2020-10-15 14:23:26 - [TEST_STEP][PASSED] - utilities.SafeActions.safeClick(findTestObject("CERTPAY_QUICKSTI/Payment_Information_Page/NEXT_BUTTON"), "Next", [pageLoadTime]): Quicksti.ts:Clicked on the Next

2020-10-15 14:23:26 - [MESSAGE][INFO] - safeClicking

2020-10-15 14:23:26 - [MESSAGE][PASSED] - Object 'Object Repository/CERTPAY_QUICKSTI/Payment_Information_Page/NEXT_BUTTON' is present

2020-10-15 14:23:26 - [MESSAGE][PASSED] - Object 'Object Repository/CERTPAY_QUICKSTI/Payment_Information_Page/NEXT_BUTTON' is clickable

2020-10-15 14:23:30 - [MESSAGE][PASSED] - Object: 'Object Repository/CERTPAY_QUICKSTI/Payment_Information_Page/NEXT_BUTTON' is clicked on

2020-10-15 14:23:30 - [MESSAGE][PASSED] - Quicksti.ts:Clicked on the Next

2020-10-15 14:23:30 - [TEST_STEP][PASSED] - pages.Quicksti.verifyUserPaymentDetails(paymentAmount, firstName, lastName, CardNumber): pages.Quicksti.verifyUserPaymentDetails is PASSED

2020-10-15 14:23:31 - [MESSAGE][PASSED] - Text of object 'Object Repository/CERTPAY_QUICKSTI/Payment_Details_Verification_Page/AMOUNT' is: '$30.00'

2020-10-15 14:23:31 - [MESSAGE][PASSED] - Actual text '30.00' and expected text '30.00' are matched  using regular expression

2020-10-15 14:23:31 - [MESSAGE][PASSED] - Text of object 'Object Repository/CERTPAY_QUICKSTI/Payment_Details_Verification_Page/NAME' is: 'Tester Zenq1'

2020-10-15 14:23:31 - [MESSAGE][PASSED] - Actual text 'Tester Zenq1' and expected text 'Tester Zenq1' are matched  using regular expression

2020-10-15 14:23:32 - [MESSAGE][PASSED] - Text of object 'Object Repository/CERTPAY_QUICKSTI/Payment_Details_Verification_Page/CARD_NUMBER' is: '...0018'

2020-10-15 14:23:32 - [MESSAGE][PASSED] - Actual text '0018' and expected text '0018' are matched  using regular expression

2020-10-15 14:23:32 - [MESSAGE][PASSED] - pages.Quicksti.verifyUserPaymentDetails is PASSED

2020-10-15 14:23:32 - [TEST_STEP][PASSED] - delay(2): Delayed 2 second(s)

2020-10-15 14:23:34 - [MESSAGE][PASSED] - Delayed 2 second(s)

2020-10-15 14:23:34 - [TEST_STEP][PASSED] - ConvFee = getText(findTestObject("CERTPAY_QUICKSTI/Payment_Information_Page/CONV_FEE")): Text of object 'Object Repository/CERTPAY_QUICKSTI/Payment_Information_Page/CONV_FEE' is: '$1.00'

2020-10-15 14:23:34 - [MESSAGE][PASSED] - Text of object 'Object Repository/CERTPAY_QUICKSTI/Payment_Information_Page/CONV_FEE' is: '$1.00'

2020-10-15 14:23:34 - [TEST_STEP][PASSED] - scrollToElement(findTestObject("CERTPAY_QUICKSTI/Payment_Details_Verification_Page/PROCESS"), 0): Scroll to object 'Object Repository/CERTPAY_QUICKSTI/Payment_Details_Verification_Page/PROCESS' successfully

2020-10-15 14:23:34 - [MESSAGE][WARNING] - Timeout '0' is invalid. Using default page load timeout: '30'

2020-10-15 14:23:35 - [MESSAGE][PASSED] - Scroll to object 'Object Repository/CERTPAY_QUICKSTI/Payment_Details_Verification_Page/PROCESS' successfully

2020-10-15 14:23:35 - [TEST_STEP][PASSED] - utilities.SafeActions.safeClick(findTestObject("CERTPAY_QUICKSTI/Payment_Details_Verification_Page/PROCESS"), "Process", [pageLoadTime]): Quicksti.ts:Clicked on the Process

2020-10-15 14:23:35 - [MESSAGE][INFO] - safeClicking

2020-10-15 14:23:35 - [MESSAGE][PASSED] - Object 'Object Repository/CERTPAY_QUICKSTI/Payment_Details_Verification_Page/PROCESS' is present

2020-10-15 14:23:35 - [MESSAGE][PASSED] - Object 'Object Repository/CERTPAY_QUICKSTI/Payment_Details_Verification_Page/PROCESS' is clickable

2020-10-15 14:23:41 - [MESSAGE][PASSED] - Object: 'Object Repository/CERTPAY_QUICKSTI/Payment_Details_Verification_Page/PROCESS' is clicked on

2020-10-15 14:23:41 - [MESSAGE][PASSED] - Quicksti.ts:Clicked on the Process

2020-10-15 14:23:41 - [TEST_STEP][PASSED] - paymentId = pages.Quicksti.verifyPaymentApproval(findTestObject("CERTPAY_QUICKSTI/Payment_Details_Verification_Page/APPROVED")): Payment is approved

2020-10-15 14:23:41 - [MESSAGE][PASSED] - Text of object 'Object Repository/CERTPAY_QUICKSTI/Payment_Details_Verification_Page/PAYMENT_ID' is: '100176129074'

2020-10-15 14:23:41 - [MESSAGE][PASSED] - Object 'Object Repository/CERTPAY_QUICKSTI/Payment_Details_Verification_Page/APPROVED' is present

2020-10-15 14:23:41 - [MESSAGE][PASSED] - Payment is approved

2020-10-15 14:23:43 - [TEST_STEP][PASSED] - navigateToUrl(Admin_url): Navigate to 'https://qa-certpayadmin.faps.net' successfully

2020-10-15 14:23:52 - [MESSAGE][PASSED] - Navigate to 'https://qa-certpayadmin.faps.net' successfully

2020-10-15 14:23:52 - [TEST_STEP][PASSED] - pages.Bureau_Login_Page.loginToAdminSite(AdminUsername, AdminPassword): Quicksti.ts:Clicked on the LOGIN

2020-10-15 14:23:53 - [MESSAGE][PASSED] - Object 'Object Repository/CERTPAY_ADMIN/USER_NAME' is present

2020-10-15 14:23:53 - [MESSAGE][PASSED] - Object 'Object Repository/CERTPAY_ADMIN/USER_NAME' is visible

2020-10-15 14:23:53 - [MESSAGE][PASSED] - Object 'Object Repository/CERTPAY_ADMIN/USER_NAME' is present

2020-10-15 14:23:55 - [MESSAGE][PASSED] - Text 'VVangiliappan' is set on object 'Object Repository/CERTPAY_ADMIN/USER_NAME'

2020-10-15 14:23:55 - [MESSAGE][PASSED] - Quicksti.ts:Entered'VVangiliappan into username

2020-10-15 14:23:55 - [MESSAGE][PASSED] - Object 'Object Repository/CERTPAY_ADMIN/PASSWORD' is present

2020-10-15 14:23:55 - [MESSAGE][PASSED] - Object 'Object Repository/CERTPAY_ADMIN/PASSWORD' is visible

2020-10-15 14:23:56 - [MESSAGE][PASSED] - Object 'Object Repository/CERTPAY_ADMIN/PASSWORD' is present

2020-10-15 14:23:57 - [MESSAGE][PASSED] - Text 'Test@123' is set on object 'Object Repository/CERTPAY_ADMIN/PASSWORD'

2020-10-15 14:23:57 - [MESSAGE][PASSED] - Quicksti.ts:Entered'Test@123 into password

2020-10-15 14:23:57 - [MESSAGE][INFO] - safeClicking

2020-10-15 14:23:57 - [MESSAGE][PASSED] - Object 'Object Repository/CERTPAY_ADMIN/LOGIN_BUTTON' is present

2020-10-15 14:23:58 - [MESSAGE][PASSED] - Object 'Object Repository/CERTPAY_ADMIN/LOGIN_BUTTON' is clickable

2020-10-15 14:24:17 - [MESSAGE][PASSED] - Object: 'Object Repository/CERTPAY_ADMIN/LOGIN_BUTTON' is clicked on

2020-10-15 14:24:17 - [MESSAGE][PASSED] - Quicksti.ts:Clicked on the LOGIN

2020-10-15 14:24:17 - [TEST_STEP][PASSED] - utilities.SafeActions.safeClick(findTestObject("CERTPAY_ADMIN/TRANSACTION_MENU"), "TransactionMenu", [pageLoadTime]): Quicksti.ts:Clicked on the TransactionMenu

2020-10-15 14:24:18 - [MESSAGE][INFO] - safeClicking

2020-10-15 14:24:18 - [MESSAGE][PASSED] - Object 'Object Repository/CERTPAY_ADMIN/TRANSACTION_MENU' is present

2020-10-15 14:24:18 - [MESSAGE][PASSED] - Object 'Object Repository/CERTPAY_ADMIN/TRANSACTION_MENU' is clickable

2020-10-15 14:24:19 - [MESSAGE][PASSED] - Object: 'Object Repository/CERTPAY_ADMIN/TRANSACTION_MENU' is clicked on

2020-10-15 14:24:19 - [MESSAGE][PASSED] - Quicksti.ts:Clicked on the TransactionMenu

2020-10-15 14:24:19 - [TEST_STEP][PASSED] - utilities.SafeActions.safeClick(findTestObject("CERTPAY_ADMIN/TRANSACTION_SEARCH"), "TransactionSearch", [pageLoadTime]): Quicksti.ts:Clicked on the TransactionSearch

2020-10-15 14:24:19 - [MESSAGE][INFO] - safeClicking

2020-10-15 14:24:20 - [MESSAGE][PASSED] - Object 'Object Repository/CERTPAY_ADMIN/TRANSACTION_SEARCH' is present

2020-10-15 14:24:20 - [MESSAGE][PASSED] - Object 'Object Repository/CERTPAY_ADMIN/TRANSACTION_SEARCH' is clickable

2020-10-15 14:24:31 - [MESSAGE][PASSED] - Object: 'Object Repository/CERTPAY_ADMIN/TRANSACTION_SEARCH' is clicked on

2020-10-15 14:24:31 - [MESSAGE][PASSED] - Quicksti.ts:Clicked on the TransactionSearch

2020-10-15 14:24:31 - [TEST_STEP][PASSED] - utilities.SafeActions.safeType(findTestObject("CERTPAY_ADMIN/PAYMENT_ID"), paymentId, "Payment id", [pageLoadTime]): Quicksti.ts:Entered'100176129074 into Payment id

2020-10-15 14:24:31 - [MESSAGE][PASSED] - Object 'Object Repository/CERTPAY_ADMIN/PAYMENT_ID' is present

2020-10-15 14:24:32 - [MESSAGE][PASSED] - Object 'Object Repository/CERTPAY_ADMIN/PAYMENT_ID' is visible

2020-10-15 14:24:32 - [MESSAGE][PASSED] - Object 'Object Repository/CERTPAY_ADMIN/PAYMENT_ID' is present

2020-10-15 14:24:33 - [MESSAGE][PASSED] - Text '100176129074' is set on object 'Object Repository/CERTPAY_ADMIN/PAYMENT_ID'

2020-10-15 14:24:33 - [MESSAGE][PASSED] - Quicksti.ts:Entered'100176129074 into Payment id

2020-10-15 14:24:33 - [TEST_STEP][PASSED] - utilities.SafeActions.safeClick(findTestObject("CERTPAY_ADMIN/GO_BUTTON"), "Go button", [pageLoadTime]): Quicksti.ts:Clicked on the Go button

2020-10-15 14:24:33 - [MESSAGE][INFO] - safeClicking

2020-10-15 14:24:34 - [MESSAGE][PASSED] - Object 'Object Repository/CERTPAY_ADMIN/GO_BUTTON' is present

2020-10-15 14:24:34 - [MESSAGE][PASSED] - Object 'Object Repository/CERTPAY_ADMIN/GO_BUTTON' is clickable

2020-10-15 14:24:41 - [MESSAGE][PASSED] - Object: 'Object Repository/CERTPAY_ADMIN/GO_BUTTON' is clicked on

2020-10-15 14:24:41 - [MESSAGE][PASSED] - Quicksti.ts:Clicked on the Go button

2020-10-15 14:24:41 - [TEST_STEP][PASSED] - delay(5): Delayed 5 second(s)

2020-10-15 14:24:46 - [MESSAGE][PASSED] - Delayed 5 second(s)

2020-10-15 14:24:46 - [TEST_STEP][PASSED] - scrollToPosition(800, 900): Browser is scrolled to position x = 800, y = 900

2020-10-15 14:24:46 - [MESSAGE][PASSED] - Browser is scrolled to position x = 800, y = 900

2020-10-15 14:24:46 - [TEST_STEP][PASSED] - pages.Search_Page.validatePaymentAmount(paymentAmount, ConvFee): Verified payment details successfully 

2020-10-15 14:24:46 - [MESSAGE][PASSED] - Text of object 'Object Repository/CERTPAY_ADMIN/PAYMENT_AMOUNT' is: '$30.00'

2020-10-15 14:24:46 - [MESSAGE][PASSED] - Actual text '30.00' and expected text '30.00' are matched  using regular expression

2020-10-15 14:24:46 - [MESSAGE][PASSED] - Text of object 'Object Repository/CERTPAY_ADMIN/CONV_FEE' is: '$1.00'

2020-10-15 14:24:46 - [MESSAGE][PASSED] - Actual text '1.00' and expected text '1.00' are matched  using regular expression

2020-10-15 14:24:46 - [MESSAGE][PASSED] - Verified payment details successfully 

2020-10-15 14:24:46 - [TEST_STEP][PASSED] - paymentIdList.add(paymentId): null

2020-10-15 14:24:46 - [TEST_STEP][PASSED] - println(paymentIdList): null

2020-10-15 14:24:46 - [TEST_STEP][PASSED] - firstName = data.getValue("FirstName", index): null

2020-10-15 14:24:46 - [TEST_STEP][PASSED] - lastName = data.getValue("LastName", index): null

2020-10-15 14:24:46 - [TEST_STEP][PASSED] - expMonth = data.getValue("ExpMonth", index): null

2020-10-15 14:24:46 - [TEST_STEP][PASSED] - expYear = data.getValue("ExpYear", index): null

2020-10-15 14:24:46 - [TEST_STEP][PASSED] - securityCode = data.getValue("SecurityCode", index): null

2020-10-15 14:24:46 - [TEST_STEP][PASSED] - paymentAmount = data.getValue("PaymentAmount", index): null

2020-10-15 14:24:46 - [TEST_STEP][PASSED] - paymentType = data.getValue("PaymentType", index): null

2020-10-15 14:24:46 - [TEST_STEP][PASSED] - quantity = data.getValue("Quantity", index): null

2020-10-15 14:24:46 - [TEST_STEP][PASSED] - comments = data.getValue("Comments", index): null

2020-10-15 14:24:46 - [TEST_STEP][PASSED] - referenceNum = data.getValue("ReferenceNum", index): null

2020-10-15 14:24:46 - [TEST_STEP][PASSED] - address = data.getValue("Address", index): null

2020-10-15 14:24:46 - [TEST_STEP][PASSED] - zipCode = data.getValue("Zipcode", index): null

2020-10-15 14:24:46 - [TEST_STEP][PASSED] - telephone = data.getValue("Telephone", index): null

2020-10-15 14:24:46 - [TEST_STEP][PASSED] - emailAddress = data.getValue("EmailAddress", index): null

2020-10-15 14:24:46 - [TEST_STEP][PASSED] - cardNum = data.getValue("CardNumber", index): null

2020-10-15 14:24:46 - [TEST_STEP][PASSED] - cardType = data.getValue("CardType", index): null

2020-10-15 14:24:46 - [TEST_STEP][PASSED] - utilities.SafeActions.openBrowser(Quicksti_Url, [pageLoadTime]): Browser launched successfully

2020-10-15 14:24:46 - [MESSAGE][INFO] - Opening Browser

2020-10-15 14:24:46 - [MESSAGE][WARNING] - A browser is already opened. Closing browser and opening a new one

2020-10-15 14:24:48 - [MESSAGE][INFO] - Starting 'Chrome' driver

2020-10-15 14:25:07 - [MESSAGE][PASSED] - Browser is opened with url: 'https://qa-certpayquicksti.faps.net/'

2020-10-15 14:25:09 - [MESSAGE][PASSED] - Current window maximized

2020-10-15 14:25:09 - [MESSAGE][PASSED] - Browser launched successfully

2020-10-15 14:25:09 - [TEST_STEP][PASSED] - utilities.SafeActions.safeCheck(findTestObject("CERTPAY_QUICKSTI/Login_ Page/MULTI_BUREAU_CHECKBOX"), "Multi Bureau", [pageLoadTime]): Quicksti.ts:Checkbox 'Multi Bureau'is selected

2020-10-15 14:25:09 - [MESSAGE][PASSED] - Object 'Object Repository/CERTPAY_QUICKSTI/Login_ Page/MULTI_BUREAU_CHECKBOX' is present

2020-10-15 14:25:10 - [MESSAGE][PASSED] - Object 'Object Repository/CERTPAY_QUICKSTI/Login_ Page/MULTI_BUREAU_CHECKBOX' is present

2020-10-15 14:25:12 - [MESSAGE][PASSED] - Object: 'Object Repository/CERTPAY_QUICKSTI/Login_ Page/MULTI_BUREAU_CHECKBOX' is clicked on

2020-10-15 14:25:12 - [MESSAGE][PASSED] - Quicksti.ts:Checkbox 'Multi Bureau'is selected

2020-10-15 14:25:12 - [TEST_STEP][PASSED] - utilities.SafeActions.safeType(findTestObject("CERTPAY_QUICKSTI/Login_ Page/TELLER_ID"), teller_id, "Bureau code", [pageLoadTime]): Quicksti.ts:Entered'zenq into Bureau code

2020-10-15 14:25:15 - [MESSAGE][PASSED] - Object 'Object Repository/CERTPAY_QUICKSTI/Login_ Page/TELLER_ID' is present

2020-10-15 14:25:16 - [MESSAGE][PASSED] - Object 'Object Repository/CERTPAY_QUICKSTI/Login_ Page/TELLER_ID' is visible

2020-10-15 14:25:16 - [MESSAGE][PASSED] - Object 'Object Repository/CERTPAY_QUICKSTI/Login_ Page/TELLER_ID' is present

2020-10-15 14:25:17 - [MESSAGE][PASSED] - Text 'zenq' is set on object 'Object Repository/CERTPAY_QUICKSTI/Login_ Page/TELLER_ID'

2020-10-15 14:25:17 - [MESSAGE][PASSED] - Quicksti.ts:Entered'zenq into Bureau code

2020-10-15 14:25:17 - [TEST_STEP][PASSED] - utilities.SafeActions.safeClick(findTestObject("CERTPAY_QUICKSTI/Login_ Page/NEXT_BUTTON"), "Next button", [pageLoadTime]): Quicksti.ts:Clicked on the Next button

2020-10-15 14:25:17 - [MESSAGE][INFO] - safeClicking

2020-10-15 14:25:18 - [MESSAGE][PASSED] - Object 'Object Repository/CERTPAY_QUICKSTI/Login_ Page/NEXT_BUTTON' is present

2020-10-15 14:25:18 - [MESSAGE][PASSED] - Object 'Object Repository/CERTPAY_QUICKSTI/Login_ Page/NEXT_BUTTON' is clickable

2020-10-15 14:25:27 - [MESSAGE][PASSED] - Object: 'Object Repository/CERTPAY_QUICKSTI/Login_ Page/NEXT_BUTTON' is clicked on

2020-10-15 14:25:27 - [MESSAGE][PASSED] - Quicksti.ts:Clicked on the Next button

2020-10-15 14:25:27 - [TEST_STEP][PASSED] - pages.Quicksti.setCommnets("0", "0", comments): Quicksti.ts:Entered'Testing into Comments

2020-10-15 14:25:27 - [MESSAGE][PASSED] - Object '' is present

2020-10-15 14:25:27 - [MESSAGE][PASSED] - Object '' is visible

2020-10-15 14:25:28 - [MESSAGE][PASSED] - Object '' is present

2020-10-15 14:25:29 - [MESSAGE][PASSED] - Text 'Testing' is set on object ''

2020-10-15 14:25:29 - [MESSAGE][PASSED] - Quicksti.ts:Entered'Testing into Comments

2020-10-15 14:25:29 - [TEST_STEP][PASSED] - utilities.SafeActions.safeType(findTestObject("CERTPAY_QUICKSTI/Payment_Information_Page/PAYMENT_AMOUNT"), paymentAmount, "Payment Amount", [pageLoadTime]): Quicksti.ts:Entered'35.00 into Payment Amount

2020-10-15 14:25:29 - [MESSAGE][PASSED] - Object 'Object Repository/CERTPAY_QUICKSTI/Payment_Information_Page/PAYMENT_AMOUNT' is present

2020-10-15 14:25:30 - [MESSAGE][PASSED] - Object 'Object Repository/CERTPAY_QUICKSTI/Payment_Information_Page/PAYMENT_AMOUNT' is visible

2020-10-15 14:25:30 - [MESSAGE][PASSED] - Object 'Object Repository/CERTPAY_QUICKSTI/Payment_Information_Page/PAYMENT_AMOUNT' is present

2020-10-15 14:25:31 - [MESSAGE][PASSED] - Text '35.00' is set on object 'Object Repository/CERTPAY_QUICKSTI/Payment_Information_Page/PAYMENT_AMOUNT'

2020-10-15 14:25:31 - [MESSAGE][PASSED] - Quicksti.ts:Entered'35.00 into Payment Amount

2020-10-15 14:25:31 - [TEST_STEP][PASSED] - pages.Quicksti.setAmountDetailsForMultiBureau("0", paymentType, "0", referenceNum, quantity): Quicksti.ts:Entered'1 into Quntity

2020-10-15 14:25:32 - [MESSAGE][PASSED] - Object '' is visible

2020-10-15 14:25:32 - [MESSAGE][PASSED] - Object '' is present

2020-10-15 14:25:33 - [MESSAGE][PASSED] - Object: '' is clicked on

2020-10-15 14:25:35 - [MESSAGE][PASSED] - All options with label 'Taxes' are selected in object ''  using regular expression

2020-10-15 14:25:35 - [MESSAGE][PASSED] - selected dropdown option by visible text  Taxesfrom Payment Type

2020-10-15 14:25:35 - [MESSAGE][PASSED] - Object '' is present

2020-10-15 14:25:35 - [MESSAGE][PASSED] - Object '' is visible

2020-10-15 14:25:36 - [MESSAGE][PASSED] - Object '' is present

2020-10-15 14:25:37 - [MESSAGE][PASSED] - Text '11' is set on object ''

2020-10-15 14:25:37 - [MESSAGE][PASSED] - Quicksti.ts:Entered'11 into RefrenceNumber

2020-10-15 14:25:37 - [MESSAGE][PASSED] - Object '' is present

2020-10-15 14:25:38 - [MESSAGE][PASSED] - Object '' is visible

2020-10-15 14:25:38 - [MESSAGE][PASSED] - Object '' is present

2020-10-15 14:25:39 - [MESSAGE][PASSED] - Text '1' is set on object ''

2020-10-15 14:25:39 - [MESSAGE][PASSED] - Quicksti.ts:Entered'1 into Quntity

2020-10-15 14:25:39 - [TEST_STEP][PASSED] - utilities.SafeActions.safeClick(findTestObject("CERTPAY_QUICKSTI/Payment_Information_Page/MANUAL_ENTRY_BUTTON"), "ManualEntry", [pageLoadTime]): Quicksti.ts:Clicked on the ManualEntry

2020-10-15 14:25:39 - [MESSAGE][INFO] - safeClicking

2020-10-15 14:25:40 - [MESSAGE][PASSED] - Object 'Object Repository/CERTPAY_QUICKSTI/Payment_Information_Page/MANUAL_ENTRY_BUTTON' is present

2020-10-15 14:25:40 - [MESSAGE][PASSED] - Object 'Object Repository/CERTPAY_QUICKSTI/Payment_Information_Page/MANUAL_ENTRY_BUTTON' is clickable

2020-10-15 14:25:46 - [MESSAGE][PASSED] - Object: 'Object Repository/CERTPAY_QUICKSTI/Payment_Information_Page/MANUAL_ENTRY_BUTTON' is clicked on

2020-10-15 14:25:46 - [MESSAGE][PASSED] - Quicksti.ts:Clicked on the ManualEntry

2020-10-15 14:25:46 - [TEST_STEP][PASSED] - amount_Value = pages.Quicksti.getAttributeValue(findTestObject("CERTPAY_QUICKSTI/Payment_Information_Page/SUB_TOTAL")): pages.Quicksti.getAttributeValue is PASSED

2020-10-15 14:25:46 - [MESSAGE][PASSED] - Attribute 'value' of object 'Object Repository/CERTPAY_QUICKSTI/Payment_Information_Page/SUB_TOTAL' is: '35.00'

2020-10-15 14:25:46 - [MESSAGE][PASSED] - pages.Quicksti.getAttributeValue is PASSED

2020-10-15 14:25:46 - [TEST_STEP][PASSED] - CardNumber = pages.Quicksti.setUserPaymentDetails(firstName, lastName, cardNum): Quicksti.ts:Entered'374245003731006 into CardNum

2020-10-15 14:25:47 - [MESSAGE][PASSED] - Object 'Object Repository/CERTPAY_QUICKSTI/Payment_Information_Page/FIRST_NAME' is present

2020-10-15 14:25:47 - [MESSAGE][PASSED] - Object 'Object Repository/CERTPAY_QUICKSTI/Payment_Information_Page/FIRST_NAME' is visible

2020-10-15 14:25:47 - [MESSAGE][PASSED] - Object 'Object Repository/CERTPAY_QUICKSTI/Payment_Information_Page/FIRST_NAME' is present

2020-10-15 14:25:49 - [MESSAGE][PASSED] - Text 'Tester' is set on object 'Object Repository/CERTPAY_QUICKSTI/Payment_Information_Page/FIRST_NAME'

2020-10-15 14:25:49 - [MESSAGE][PASSED] - Quicksti.ts:Entered'Tester into FirstName

2020-10-15 14:25:49 - [MESSAGE][PASSED] - Object 'Object Repository/CERTPAY_QUICKSTI/Payment_Information_Page/LAST_NAME' is present

2020-10-15 14:25:49 - [MESSAGE][PASSED] - Object 'Object Repository/CERTPAY_QUICKSTI/Payment_Information_Page/LAST_NAME' is visible

2020-10-15 14:25:50 - [MESSAGE][PASSED] - Object 'Object Repository/CERTPAY_QUICKSTI/Payment_Information_Page/LAST_NAME' is present

2020-10-15 14:25:51 - [MESSAGE][PASSED] - Text 'Zenq1' is set on object 'Object Repository/CERTPAY_QUICKSTI/Payment_Information_Page/LAST_NAME'

2020-10-15 14:25:51 - [MESSAGE][PASSED] - Quicksti.ts:Entered'Zenq1 into LAstName

2020-10-15 14:25:51 - [MESSAGE][PASSED] - Object 'Object Repository/CERTPAY_QUICKSTI/Payment_Information_Page/CARD_NUMBER' is present

2020-10-15 14:25:52 - [MESSAGE][PASSED] - Object 'Object Repository/CERTPAY_QUICKSTI/Payment_Information_Page/CARD_NUMBER' is visible

2020-10-15 14:25:52 - [MESSAGE][PASSED] - Object 'Object Repository/CERTPAY_QUICKSTI/Payment_Information_Page/CARD_NUMBER' is present

2020-10-15 14:25:53 - [MESSAGE][PASSED] - Text '374245003731006' is set on object 'Object Repository/CERTPAY_QUICKSTI/Payment_Information_Page/CARD_NUMBER'

2020-10-15 14:25:53 - [MESSAGE][PASSED] - Quicksti.ts:Entered'374245003731006 into CardNum

2020-10-15 14:25:53 - [TEST_STEP][PASSED] - pages.Quicksti.setExpDate(expMonth, expYear, securityCode): Quicksti.ts:Entered'111 into securityCode

2020-10-15 14:25:54 - [MESSAGE][PASSED] - Object 'Object Repository/CERTPAY_QUICKSTI/Payment_Information_Page/EXP_MONTH' is visible

2020-10-15 14:25:54 - [MESSAGE][PASSED] - Object 'Object Repository/CERTPAY_QUICKSTI/Payment_Information_Page/EXP_MONTH' is present

2020-10-15 14:25:55 - [MESSAGE][PASSED] - Object: 'Object Repository/CERTPAY_QUICKSTI/Payment_Information_Page/EXP_MONTH' is clicked on

2020-10-15 14:25:56 - [MESSAGE][PASSED] - All options with label '05' are selected in object 'Object Repository/CERTPAY_QUICKSTI/Payment_Information_Page/EXP_MONTH'  using regular expression

2020-10-15 14:25:56 - [MESSAGE][PASSED] - selected dropdown option by visible text  05from expMonth

2020-10-15 14:25:57 - [MESSAGE][PASSED] - Object 'Object Repository/CERTPAY_QUICKSTI/Payment_Information_Page/EXP_YEAR' is visible

2020-10-15 14:25:57 - [MESSAGE][PASSED] - Object 'Object Repository/CERTPAY_QUICKSTI/Payment_Information_Page/EXP_YEAR' is present

2020-10-15 14:25:58 - [MESSAGE][PASSED] - Object: 'Object Repository/CERTPAY_QUICKSTI/Payment_Information_Page/EXP_YEAR' is clicked on

2020-10-15 14:26:00 - [MESSAGE][PASSED] - All options with label '2022' are selected in object 'Object Repository/CERTPAY_QUICKSTI/Payment_Information_Page/EXP_YEAR'  using regular expression

2020-10-15 14:26:00 - [MESSAGE][PASSED] - selected dropdown option by visible text  2022from  expYear

2020-10-15 14:26:00 - [MESSAGE][PASSED] - Object 'Object Repository/CERTPAY_QUICKSTI/Payment_Information_Page/SECURITY_CODE' is present

2020-10-15 14:26:00 - [MESSAGE][PASSED] - Object 'Object Repository/CERTPAY_QUICKSTI/Payment_Information_Page/SECURITY_CODE' is visible

2020-10-15 14:26:01 - [MESSAGE][PASSED] - Object 'Object Repository/CERTPAY_QUICKSTI/Payment_Information_Page/SECURITY_CODE' is present

2020-10-15 14:26:02 - [MESSAGE][PASSED] - Text '111' is set on object 'Object Repository/CERTPAY_QUICKSTI/Payment_Information_Page/SECURITY_CODE'

2020-10-15 14:26:02 - [MESSAGE][PASSED] - Quicksti.ts:Entered'111 into securityCode

2020-10-15 14:26:02 - [TEST_STEP][PASSED] - utilities.SafeActions.safeType(findTestObject("CERTPAY_QUICKSTI/Payment_Information_Page/ADDRESS"), address, "Address", [pageLoadTime]): Quicksti.ts:Entered'14-2 into Address

2020-10-15 14:26:02 - [MESSAGE][PASSED] - Object 'Object Repository/CERTPAY_QUICKSTI/Payment_Information_Page/ADDRESS' is present

2020-10-15 14:26:02 - [MESSAGE][PASSED] - Object 'Object Repository/CERTPAY_QUICKSTI/Payment_Information_Page/ADDRESS' is visible

2020-10-15 14:26:03 - [MESSAGE][PASSED] - Object 'Object Repository/CERTPAY_QUICKSTI/Payment_Information_Page/ADDRESS' is present

2020-10-15 14:26:04 - [MESSAGE][PASSED] - Text '14-2' is set on object 'Object Repository/CERTPAY_QUICKSTI/Payment_Information_Page/ADDRESS'

2020-10-15 14:26:04 - [MESSAGE][PASSED] - Quicksti.ts:Entered'14-2 into Address

2020-10-15 14:26:04 - [TEST_STEP][PASSED] - utilities.SafeActions.safeType(findTestObject("CERTPAY_QUICKSTI/Payment_Information_Page/ZIP_CODE"), zipCode, "zipcode", [pageLoadTime]): Quicksti.ts:Entered'76102 into zipcode

2020-10-15 14:26:04 - [MESSAGE][PASSED] - Object 'Object Repository/CERTPAY_QUICKSTI/Payment_Information_Page/ZIP_CODE' is present

2020-10-15 14:26:05 - [MESSAGE][PASSED] - Object 'Object Repository/CERTPAY_QUICKSTI/Payment_Information_Page/ZIP_CODE' is visible

2020-10-15 14:26:05 - [MESSAGE][PASSED] - Object 'Object Repository/CERTPAY_QUICKSTI/Payment_Information_Page/ZIP_CODE' is present

2020-10-15 14:26:06 - [MESSAGE][PASSED] - Text '76102' is set on object 'Object Repository/CERTPAY_QUICKSTI/Payment_Information_Page/ZIP_CODE'

2020-10-15 14:26:06 - [MESSAGE][PASSED] - Quicksti.ts:Entered'76102 into zipcode

2020-10-15 14:26:06 - [TEST_STEP][PASSED] - utilities.SafeActions.safeType(findTestObject("CERTPAY_QUICKSTI/Payment_Information_Page/TELEPHONE"), telephone, "Telephone", [pageLoadTime]): Quicksti.ts:Entered'9989897654 into Telephone

2020-10-15 14:26:07 - [MESSAGE][PASSED] - Object 'Object Repository/CERTPAY_QUICKSTI/Payment_Information_Page/TELEPHONE' is present

2020-10-15 14:26:07 - [MESSAGE][PASSED] - Object 'Object Repository/CERTPAY_QUICKSTI/Payment_Information_Page/TELEPHONE' is visible

2020-10-15 14:26:07 - [MESSAGE][PASSED] - Object 'Object Repository/CERTPAY_QUICKSTI/Payment_Information_Page/TELEPHONE' is present

2020-10-15 14:26:08 - [MESSAGE][PASSED] - Text '9989897654' is set on object 'Object Repository/CERTPAY_QUICKSTI/Payment_Information_Page/TELEPHONE'

2020-10-15 14:26:08 - [MESSAGE][PASSED] - Quicksti.ts:Entered'9989897654 into Telephone

2020-10-15 14:26:08 - [TEST_STEP][PASSED] - utilities.SafeActions.safeType(findTestObject("CERTPAY_QUICKSTI/Payment_Information_Page/EMAIL_ADDRESS"), emailAddress, "EMAIL address", [pageLoadTime]): Quicksti.ts:Entered'testing@zenq.com into EMAIL address

2020-10-15 14:26:09 - [MESSAGE][PASSED] - Object 'Object Repository/CERTPAY_QUICKSTI/Payment_Information_Page/EMAIL_ADDRESS' is present

2020-10-15 14:26:09 - [MESSAGE][PASSED] - Object 'Object Repository/CERTPAY_QUICKSTI/Payment_Information_Page/EMAIL_ADDRESS' is visible

2020-10-15 14:26:09 - [MESSAGE][PASSED] - Object 'Object Repository/CERTPAY_QUICKSTI/Payment_Information_Page/EMAIL_ADDRESS' is present

2020-10-15 14:26:11 - [MESSAGE][PASSED] - Text 'testing@zenq.com' is set on object 'Object Repository/CERTPAY_QUICKSTI/Payment_Information_Page/EMAIL_ADDRESS'

2020-10-15 14:26:11 - [MESSAGE][PASSED] - Quicksti.ts:Entered'testing@zenq.com into EMAIL address

2020-10-15 14:26:11 - [TEST_STEP][PASSED] - utilities.SafeActions.safeClick(findTestObject("CERTPAY_QUICKSTI/Payment_Information_Page/NEXT_BUTTON"), "Next", [pageLoadTime]): Quicksti.ts:Clicked on the Next

2020-10-15 14:26:11 - [MESSAGE][INFO] - safeClicking

2020-10-15 14:26:11 - [MESSAGE][PASSED] - Object 'Object Repository/CERTPAY_QUICKSTI/Payment_Information_Page/NEXT_BUTTON' is present

2020-10-15 14:26:11 - [MESSAGE][PASSED] - Object 'Object Repository/CERTPAY_QUICKSTI/Payment_Information_Page/NEXT_BUTTON' is clickable

2020-10-15 14:26:31 - [MESSAGE][PASSED] - Object: 'Object Repository/CERTPAY_QUICKSTI/Payment_Information_Page/NEXT_BUTTON' is clicked on

2020-10-15 14:26:31 - [MESSAGE][PASSED] - Quicksti.ts:Clicked on the Next

2020-10-15 14:26:31 - [TEST_STEP][PASSED] - pages.Quicksti.verifyUserPaymentDetails(paymentAmount, firstName, lastName, CardNumber): pages.Quicksti.verifyUserPaymentDetails is PASSED

2020-10-15 14:26:32 - [MESSAGE][PASSED] - Text of object 'Object Repository/CERTPAY_QUICKSTI/Payment_Details_Verification_Page/AMOUNT' is: '$35.00'

2020-10-15 14:26:32 - [MESSAGE][PASSED] - Actual text '35.00' and expected text '35.00' are matched  using regular expression

2020-10-15 14:26:32 - [MESSAGE][PASSED] - Text of object 'Object Repository/CERTPAY_QUICKSTI/Payment_Details_Verification_Page/NAME' is: 'Tester Zenq1'

2020-10-15 14:26:32 - [MESSAGE][PASSED] - Actual text 'Tester Zenq1' and expected text 'Tester Zenq1' are matched  using regular expression

2020-10-15 14:26:33 - [MESSAGE][PASSED] - Text of object 'Object Repository/CERTPAY_QUICKSTI/Payment_Details_Verification_Page/CARD_NUMBER' is: '...1006'

2020-10-15 14:26:33 - [MESSAGE][PASSED] - Actual text '1006' and expected text '1006' are matched  using regular expression

2020-10-15 14:26:33 - [MESSAGE][PASSED] - pages.Quicksti.verifyUserPaymentDetails is PASSED

2020-10-15 14:26:33 - [TEST_STEP][PASSED] - delay(2): Delayed 2 second(s)

2020-10-15 14:26:35 - [MESSAGE][PASSED] - Delayed 2 second(s)

2020-10-15 14:26:35 - [TEST_STEP][PASSED] - ConvFee = getText(findTestObject("CERTPAY_QUICKSTI/Payment_Information_Page/CONV_FEE")): Text of object 'Object Repository/CERTPAY_QUICKSTI/Payment_Information_Page/CONV_FEE' is: '$1.00'

2020-10-15 14:26:35 - [MESSAGE][PASSED] - Text of object 'Object Repository/CERTPAY_QUICKSTI/Payment_Information_Page/CONV_FEE' is: '$1.00'

2020-10-15 14:26:35 - [TEST_STEP][PASSED] - scrollToElement(findTestObject("CERTPAY_QUICKSTI/Payment_Details_Verification_Page/PROCESS"), 0): Scroll to object 'Object Repository/CERTPAY_QUICKSTI/Payment_Details_Verification_Page/PROCESS' successfully

2020-10-15 14:26:35 - [MESSAGE][WARNING] - Timeout '0' is invalid. Using default page load timeout: '30'

2020-10-15 14:26:35 - [MESSAGE][PASSED] - Scroll to object 'Object Repository/CERTPAY_QUICKSTI/Payment_Details_Verification_Page/PROCESS' successfully

2020-10-15 14:26:35 - [TEST_STEP][PASSED] - utilities.SafeActions.safeClick(findTestObject("CERTPAY_QUICKSTI/Payment_Details_Verification_Page/PROCESS"), "Process", [pageLoadTime]): Quicksti.ts:Clicked on the Process

2020-10-15 14:26:35 - [MESSAGE][INFO] - safeClicking

2020-10-15 14:26:36 - [MESSAGE][PASSED] - Object 'Object Repository/CERTPAY_QUICKSTI/Payment_Details_Verification_Page/PROCESS' is present

2020-10-15 14:26:36 - [MESSAGE][PASSED] - Object 'Object Repository/CERTPAY_QUICKSTI/Payment_Details_Verification_Page/PROCESS' is clickable

2020-10-15 14:26:42 - [MESSAGE][PASSED] - Object: 'Object Repository/CERTPAY_QUICKSTI/Payment_Details_Verification_Page/PROCESS' is clicked on

2020-10-15 14:26:42 - [MESSAGE][PASSED] - Quicksti.ts:Clicked on the Process

2020-10-15 14:26:42 - [TEST_STEP][PASSED] - paymentId = pages.Quicksti.verifyPaymentApproval(findTestObject("CERTPAY_QUICKSTI/Payment_Details_Verification_Page/APPROVED")): Payment is approved

2020-10-15 14:26:43 - [MESSAGE][PASSED] - Text of object 'Object Repository/CERTPAY_QUICKSTI/Payment_Details_Verification_Page/PAYMENT_ID' is: '100176129078'

2020-10-15 14:26:43 - [MESSAGE][PASSED] - Object 'Object Repository/CERTPAY_QUICKSTI/Payment_Details_Verification_Page/APPROVED' is present

2020-10-15 14:26:43 - [MESSAGE][PASSED] - Payment is approved

2020-10-15 14:26:45 - [TEST_STEP][PASSED] - navigateToUrl(Admin_url): Navigate to 'https://qa-certpayadmin.faps.net' successfully

2020-10-15 14:27:00 - [MESSAGE][PASSED] - Navigate to 'https://qa-certpayadmin.faps.net' successfully

2020-10-15 14:27:00 - [TEST_STEP][PASSED] - pages.Bureau_Login_Page.loginToAdminSite(AdminUsername, AdminPassword): Quicksti.ts:Clicked on the LOGIN

2020-10-15 14:27:01 - [MESSAGE][PASSED] - Object 'Object Repository/CERTPAY_ADMIN/USER_NAME' is present

2020-10-15 14:27:01 - [MESSAGE][PASSED] - Object 'Object Repository/CERTPAY_ADMIN/USER_NAME' is visible

2020-10-15 14:27:01 - [MESSAGE][PASSED] - Object 'Object Repository/CERTPAY_ADMIN/USER_NAME' is present

2020-10-15 14:27:02 - [MESSAGE][PASSED] - Text 'VVangiliappan' is set on object 'Object Repository/CERTPAY_ADMIN/USER_NAME'

2020-10-15 14:27:02 - [MESSAGE][PASSED] - Quicksti.ts:Entered'VVangiliappan into username

2020-10-15 14:27:03 - [MESSAGE][PASSED] - Object 'Object Repository/CERTPAY_ADMIN/PASSWORD' is present

2020-10-15 14:27:03 - [MESSAGE][PASSED] - Object 'Object Repository/CERTPAY_ADMIN/PASSWORD' is visible

2020-10-15 14:27:03 - [MESSAGE][PASSED] - Object 'Object Repository/CERTPAY_ADMIN/PASSWORD' is present

2020-10-15 14:27:05 - [MESSAGE][PASSED] - Text 'Test@123' is set on object 'Object Repository/CERTPAY_ADMIN/PASSWORD'

2020-10-15 14:27:05 - [MESSAGE][PASSED] - Quicksti.ts:Entered'Test@123 into password

2020-10-15 14:27:05 - [MESSAGE][INFO] - safeClicking

2020-10-15 14:27:05 - [MESSAGE][PASSED] - Object 'Object Repository/CERTPAY_ADMIN/LOGIN_BUTTON' is present

2020-10-15 14:27:05 - [MESSAGE][PASSED] - Object 'Object Repository/CERTPAY_ADMIN/LOGIN_BUTTON' is clickable

2020-10-15 14:27:33 - [MESSAGE][PASSED] - Object: 'Object Repository/CERTPAY_ADMIN/LOGIN_BUTTON' is clicked on

2020-10-15 14:27:33 - [MESSAGE][PASSED] - Quicksti.ts:Clicked on the LOGIN

2020-10-15 14:27:33 - [TEST_STEP][PASSED] - utilities.SafeActions.safeClick(findTestObject("CERTPAY_ADMIN/TRANSACTION_MENU"), "TransactionMenu", [pageLoadTime]): Quicksti.ts:Clicked on the TransactionMenu

2020-10-15 14:27:33 - [MESSAGE][INFO] - safeClicking

2020-10-15 14:27:34 - [MESSAGE][PASSED] - Object 'Object Repository/CERTPAY_ADMIN/TRANSACTION_MENU' is present

2020-10-15 14:27:34 - [MESSAGE][PASSED] - Object 'Object Repository/CERTPAY_ADMIN/TRANSACTION_MENU' is clickable

2020-10-15 14:27:35 - [MESSAGE][PASSED] - Object: 'Object Repository/CERTPAY_ADMIN/TRANSACTION_MENU' is clicked on

2020-10-15 14:27:35 - [MESSAGE][PASSED] - Quicksti.ts:Clicked on the TransactionMenu

2020-10-15 14:27:35 - [TEST_STEP][PASSED] - utilities.SafeActions.safeClick(findTestObject("CERTPAY_ADMIN/TRANSACTION_SEARCH"), "TransactionSearch", [pageLoadTime]): Quicksti.ts:Clicked on the TransactionSearch

2020-10-15 14:27:35 - [MESSAGE][INFO] - safeClicking

2020-10-15 14:27:36 - [MESSAGE][PASSED] - Object 'Object Repository/CERTPAY_ADMIN/TRANSACTION_SEARCH' is present

2020-10-15 14:27:36 - [MESSAGE][PASSED] - Object 'Object Repository/CERTPAY_ADMIN/TRANSACTION_SEARCH' is clickable

2020-10-15 14:27:45 - [MESSAGE][PASSED] - Object: 'Object Repository/CERTPAY_ADMIN/TRANSACTION_SEARCH' is clicked on

2020-10-15 14:27:45 - [MESSAGE][PASSED] - Quicksti.ts:Clicked on the TransactionSearch

2020-10-15 14:27:45 - [TEST_STEP][PASSED] - utilities.SafeActions.safeType(findTestObject("CERTPAY_ADMIN/PAYMENT_ID"), paymentId, "Payment id", [pageLoadTime]): Quicksti.ts:Entered'100176129078 into Payment id

2020-10-15 14:27:45 - [MESSAGE][PASSED] - Object 'Object Repository/CERTPAY_ADMIN/PAYMENT_ID' is present

2020-10-15 14:27:46 - [MESSAGE][PASSED] - Object 'Object Repository/CERTPAY_ADMIN/PAYMENT_ID' is visible

2020-10-15 14:27:46 - [MESSAGE][PASSED] - Object 'Object Repository/CERTPAY_ADMIN/PAYMENT_ID' is present

2020-10-15 14:27:47 - [MESSAGE][PASSED] - Text '100176129078' is set on object 'Object Repository/CERTPAY_ADMIN/PAYMENT_ID'

2020-10-15 14:27:47 - [MESSAGE][PASSED] - Quicksti.ts:Entered'100176129078 into Payment id

2020-10-15 14:27:47 - [TEST_STEP][PASSED] - utilities.SafeActions.safeClick(findTestObject("CERTPAY_ADMIN/GO_BUTTON"), "Go button", [pageLoadTime]): Quicksti.ts:Clicked on the Go button

2020-10-15 14:27:47 - [MESSAGE][INFO] - safeClicking

2020-10-15 14:27:48 - [MESSAGE][PASSED] - Object 'Object Repository/CERTPAY_ADMIN/GO_BUTTON' is present

2020-10-15 14:27:48 - [MESSAGE][PASSED] - Object 'Object Repository/CERTPAY_ADMIN/GO_BUTTON' is clickable

2020-10-15 14:27:52 - [MESSAGE][PASSED] - Object: 'Object Repository/CERTPAY_ADMIN/GO_BUTTON' is clicked on

2020-10-15 14:27:52 - [MESSAGE][PASSED] - Quicksti.ts:Clicked on the Go button

2020-10-15 14:27:52 - [TEST_STEP][PASSED] - delay(5): Delayed 5 second(s)

2020-10-15 14:27:57 - [MESSAGE][PASSED] - Delayed 5 second(s)

2020-10-15 14:27:57 - [TEST_STEP][PASSED] - scrollToPosition(800, 900): Browser is scrolled to position x = 800, y = 900

2020-10-15 14:27:57 - [MESSAGE][PASSED] - Browser is scrolled to position x = 800, y = 900

2020-10-15 14:27:57 - [TEST_STEP][PASSED] - pages.Search_Page.validatePaymentAmount(paymentAmount, ConvFee): Verified payment details successfully 

2020-10-15 14:27:57 - [MESSAGE][PASSED] - Text of object 'Object Repository/CERTPAY_ADMIN/PAYMENT_AMOUNT' is: '$35.00'

2020-10-15 14:27:57 - [MESSAGE][PASSED] - Actual text '35.00' and expected text '35.00' are matched  using regular expression

2020-10-15 14:27:58 - [MESSAGE][PASSED] - Text of object 'Object Repository/CERTPAY_ADMIN/CONV_FEE' is: '$1.00'

2020-10-15 14:27:58 - [MESSAGE][PASSED] - Actual text '1.00' and expected text '1.00' are matched  using regular expression

2020-10-15 14:27:58 - [MESSAGE][PASSED] - Verified payment details successfully 

2020-10-15 14:27:58 - [TEST_STEP][PASSED] - paymentIdList.add(paymentId): null

2020-10-15 14:27:58 - [TEST_STEP][PASSED] - println(paymentIdList): null

2020-10-15 14:27:58 - [TEST_STEP][PASSED] - return paymentIdList: null

2020-10-15 14:27:58 - [TEST_STEP][PASSED] - Start listener action : afterTestCase: Browser is closed

2020-10-15 14:27:58 - [TEST_STEP][PASSED] - closeBrowser(): Browser is closed

2020-10-15 14:27:59 - [MESSAGE][PASSED] - Browser is closed]]></system-out>
         <system-err><![CDATA[2020-10-15 14:16:28 - [TEST_CASE][FAILED] - Test Cases/Certpay_Quicksti/TC_003_MultiBureauSite_SingleBureau_SingleLinePayment: Test Cases/Certpay_Quicksti/TC_003_MultiBureauSite_SingleBureau_SingleLinePayment FAILED.
Reason:
com.kms.katalon.core.exception.StepFailedException: Unable to verify match
	at com.kms.katalon.core.util.KeywordUtil.markFailed(KeywordUtil.java:19)
	at com.kms.katalon.core.util.KeywordUtil$markFailed$1.call(Unknown Source)
	at pages.Search_Page.validatePaymentAmount(Search_Page.groovy:140)
	at pages.Search_Page.invokeMethod(Search_Page.groovy)
	at com.kms.katalon.core.main.CustomKeywordDelegatingMetaClass.invokeStaticMethod(CustomKeywordDelegatingMetaClass.java:50)
	at TC_003_MultiBureauSite_SingleBureau_SingleLinePayment.run(TC_003_MultiBureauSite_SingleBureau_SingleLinePayment:134)
	at com.kms.katalon.core.main.ScriptEngine.run(ScriptEngine.java:194)
	at com.kms.katalon.core.main.ScriptEngine.runScriptAsRawText(ScriptEngine.java:119)
	at com.kms.katalon.core.main.TestCaseExecutor.runScript(TestCaseExecutor.java:337)
	at com.kms.katalon.core.main.TestCaseExecutor.doExecute(TestCaseExecutor.java:328)
	at com.kms.katalon.core.main.TestCaseExecutor.processExecutionPhase(TestCaseExecutor.java:307)
	at com.kms.katalon.core.main.TestCaseExecutor.accessMainPhase(TestCaseExecutor.java:299)
	at com.kms.katalon.core.main.TestCaseExecutor.execute(TestCaseExecutor.java:233)
	at com.kms.katalon.core.main.TestSuiteExecutor.accessTestCaseMainPhase(TestSuiteExecutor.java:169)
	at com.kms.katalon.core.main.TestSuiteExecutor.accessTestSuiteMainPhase(TestSuiteExecutor.java:142)
	at com.kms.katalon.core.main.TestSuiteExecutor.execute(TestSuiteExecutor.java:91)
	at com.kms.katalon.core.main.TestCaseMain.startTestSuite(TestCaseMain.java:157)
	at com.kms.katalon.core.main.TestCaseMain$startTestSuite$0.call(Unknown Source)
	at TempTestSuite1602750259530.run(TempTestSuite1602750259530.groovy:36)]]></system-err>
      </testcase>
      <testcase name="Test Cases/Certpay_Quicksti/TC_004_MultiBureauSite_MultiBureaus_SingleLinePayment" time="499.43" classname="Test Cases/Certpay_Quicksti/TC_004_MultiBureauSite_MultiBureaus_SingleLinePayment" status="FAILED">
         <failure type="FAILED" message="Test Cases/Certpay_Quicksti/TC_004_MultiBureauSite_MultiBureaus_SingleLinePayment FAILED.
Reason:
com.kms.katalon.core.exception.StepFailedException: Unable to get text of object 'Object Repository/CERTPAY_QUICKSTI/Payment_Details_Verification_Page/AMOUNT'
	at com.kms.katalon.core.webui.keyword.internal.WebUIKeywordMain.stepFailed(WebUIKeywordMain.groovy:64)
	at com.kms.katalon.core.webui.keyword.internal.WebUIKeywordMain.runKeyword(WebUIKeywordMain.groovy:26)
	at com.kms.katalon.core.webui.keyword.builtin.GetTextKeyword.getText(GetTextKeyword.groovy:88)
	at com.kms.katalon.core.webui.keyword.builtin.GetTextKeyword.execute(GetTextKeyword.groovy:67)
	at com.kms.katalon.core.keyword.internal.KeywordExecutor.executeKeywordForPlatform(KeywordExecutor.groovy:72)
	at com.kms.katalon.core.webui.keyword.WebUiBuiltInKeywords.getText(WebUiBuiltInKeywords.groovy:888)
	at com.kms.katalon.core.webui.keyword.WebUiBuiltInKeywords$getText$10.call(Unknown Source)
	at pages.Quicksti.verifyUserPaymentDetails(Quicksti.groovy:104)
	at pages.Quicksti.invokeMethod(Quicksti.groovy)
	at com.kms.katalon.core.main.CustomKeywordDelegatingMetaClass.invokeStaticMethod(CustomKeywordDelegatingMetaClass.java:50)
	at TC_004_MultiBureauSite_MultiBureaus_SingleLinePayment.run(TC_004_MultiBureauSite_MultiBureaus_SingleLinePayment:108)
	at com.kms.katalon.core.main.ScriptEngine.run(ScriptEngine.java:194)
	at com.kms.katalon.core.main.ScriptEngine.runScriptAsRawText(ScriptEngine.java:119)
	at com.kms.katalon.core.main.TestCaseExecutor.runScript(TestCaseExecutor.java:337)
	at com.kms.katalon.core.main.TestCaseExecutor.doExecute(TestCaseExecutor.java:328)
	at com.kms.katalon.core.main.TestCaseExecutor.processExecutionPhase(TestCaseExecutor.java:307)
	at com.kms.katalon.core.main.TestCaseExecutor.accessMainPhase(TestCaseExecutor.java:299)
	at com.kms.katalon.core.main.TestCaseExecutor.execute(TestCaseExecutor.java:233)
	at com.kms.katalon.core.main.TestSuiteExecutor.accessTestCaseMainPhase(TestSuiteExecutor.java:169)
	at com.kms.katalon.core.main.TestSuiteExecutor.accessTestSuiteMainPhase(TestSuiteExecutor.java:142)
	at com.kms.katalon.core.main.TestSuiteExecutor.execute(TestSuiteExecutor.java:91)
	at com.kms.katalon.core.main.TestCaseMain.startTestSuite(TestCaseMain.java:157)
	at com.kms.katalon.core.main.TestCaseMain$startTestSuite$0.call(Unknown Source)
	at TempTestSuite1602750259530.run(TempTestSuite1602750259530.groovy:36)
Caused by: com.kms.katalon.core.webui.exception.WebElementNotFoundException: Web element with id: 'Object Repository/CERTPAY_QUICKSTI/Payment_Details_Verification_Page/AMOUNT' located by 'By.xpath: (//td[@class='invoiceAmount col-xs-12 col-sm-2 amount'])[1]' not found
	at com.kms.katalon.core.webui.common.WebUiCommonHelper.findWebElement(WebUiCommonHelper.java:1154)
	at com.kms.katalon.core.webui.keyword.internal.WebUIAbstractKeyword.findWebElement(WebUIAbstractKeyword.groovy:27)
	at com.kms.katalon.core.webui.keyword.internal.WebUIAbstractKeyword.findWebElement(WebUIAbstractKeyword.groovy:26)
	at com.kms.katalon.core.webui.keyword.builtin.GetTextKeyword$_getText_closure1.doCall(GetTextKeyword.groovy:78)
	at com.kms.katalon.core.webui.keyword.builtin.GetTextKeyword$_getText_closure1.call(GetTextKeyword.groovy)
	at com.kms.katalon.core.webui.keyword.internal.WebUIKeywordMain.runKeyword(WebUIKeywordMain.groovy:20)
	... 22 more
"/>
         <system-out><![CDATA[2020-10-15 14:27:59 - [TEST_CASE][FAILED] - Test Cases/Certpay_Quicksti/TC_004_MultiBureauSite_MultiBureaus_SingleLinePayment: Test Cases/Certpay_Quicksti/TC_004_MultiBureauSite_MultiBureaus_SingleLinePayment FAILED.
Reason:
com.kms.katalon.core.exception.StepFailedException: Unable to get text of object 'Object Repository/CERTPAY_QUICKSTI/Payment_Details_Verification_Page/AMOUNT'
	at com.kms.katalon.core.webui.keyword.internal.WebUIKeywordMain.stepFailed(WebUIKeywordMain.groovy:64)
	at com.kms.katalon.core.webui.keyword.internal.WebUIKeywordMain.runKeyword(WebUIKeywordMain.groovy:26)
	at com.kms.katalon.core.webui.keyword.builtin.GetTextKeyword.getText(GetTextKeyword.groovy:88)
	at com.kms.katalon.core.webui.keyword.builtin.GetTextKeyword.execute(GetTextKeyword.groovy:67)
	at com.kms.katalon.core.keyword.internal.KeywordExecutor.executeKeywordForPlatform(KeywordExecutor.groovy:72)
	at com.kms.katalon.core.webui.keyword.WebUiBuiltInKeywords.getText(WebUiBuiltInKeywords.groovy:888)
	at com.kms.katalon.core.webui.keyword.WebUiBuiltInKeywords$getText$10.call(Unknown Source)
	at pages.Quicksti.verifyUserPaymentDetails(Quicksti.groovy:104)
	at pages.Quicksti.invokeMethod(Quicksti.groovy)
	at com.kms.katalon.core.main.CustomKeywordDelegatingMetaClass.invokeStaticMethod(CustomKeywordDelegatingMetaClass.java:50)
	at TC_004_MultiBureauSite_MultiBureaus_SingleLinePayment.run(TC_004_MultiBureauSite_MultiBureaus_SingleLinePayment:108)
	at com.kms.katalon.core.main.ScriptEngine.run(ScriptEngine.java:194)
	at com.kms.katalon.core.main.ScriptEngine.runScriptAsRawText(ScriptEngine.java:119)
	at com.kms.katalon.core.main.TestCaseExecutor.runScript(TestCaseExecutor.java:337)
	at com.kms.katalon.core.main.TestCaseExecutor.doExecute(TestCaseExecutor.java:328)
	at com.kms.katalon.core.main.TestCaseExecutor.processExecutionPhase(TestCaseExecutor.java:307)
	at com.kms.katalon.core.main.TestCaseExecutor.accessMainPhase(TestCaseExecutor.java:299)
	at com.kms.katalon.core.main.TestCaseExecutor.execute(TestCaseExecutor.java:233)
	at com.kms.katalon.core.main.TestSuiteExecutor.accessTestCaseMainPhase(TestSuiteExecutor.java:169)
	at com.kms.katalon.core.main.TestSuiteExecutor.accessTestSuiteMainPhase(TestSuiteExecutor.java:142)
	at com.kms.katalon.core.main.TestSuiteExecutor.execute(TestSuiteExecutor.java:91)
	at com.kms.katalon.core.main.TestCaseMain.startTestSuite(TestCaseMain.java:157)
	at com.kms.katalon.core.main.TestCaseMain$startTestSuite$0.call(Unknown Source)
	at TempTestSuite1602750259530.run(TempTestSuite1602750259530.groovy:36)
Caused by: com.kms.katalon.core.webui.exception.WebElementNotFoundException: Web element with id: 'Object Repository/CERTPAY_QUICKSTI/Payment_Details_Verification_Page/AMOUNT' located by 'By.xpath: (//td[@class='invoiceAmount col-xs-12 col-sm-2 amount'])[1]' not found
	at com.kms.katalon.core.webui.common.WebUiCommonHelper.findWebElement(WebUiCommonHelper.java:1154)
	at com.kms.katalon.core.webui.keyword.internal.WebUIAbstractKeyword.findWebElement(WebUIAbstractKeyword.groovy:27)
	at com.kms.katalon.core.webui.keyword.internal.WebUIAbstractKeyword.findWebElement(WebUIAbstractKeyword.groovy:26)
	at com.kms.katalon.core.webui.keyword.builtin.GetTextKeyword$_getText_closure1.doCall(GetTextKeyword.groovy:78)
	at com.kms.katalon.core.webui.keyword.builtin.GetTextKeyword$_getText_closure1.call(GetTextKeyword.groovy)
	at com.kms.katalon.core.webui.keyword.internal.WebUIKeywordMain.runKeyword(WebUIKeywordMain.groovy:20)
	... 22 more


2020-10-15 14:27:59 - [TEST_STEP][PASSED] - Start listener action : beforeTestCase: null

2020-10-15 14:27:59 - [TEST_STEP][PASSED] - data = findTestData("Data Files/Certpay/MultiBureau_SingleLine"): null

2020-10-15 14:27:59 - [TEST_STEP][FAILED] - for (def index : (1..data.getRowNumbers())): Unable to get text of object 'Object Repository/CERTPAY_QUICKSTI/Payment_Details_Verification_Page/AMOUNT'

2020-10-15 14:27:59 - [TEST_STEP][PASSED] - firstName = data.getValue("FirstName", index): null

2020-10-15 14:27:59 - [TEST_STEP][PASSED] - lastName = data.getValue("LastName", index): null

2020-10-15 14:27:59 - [TEST_STEP][PASSED] - expMonth = data.getValue("ExpMonth", index): null

2020-10-15 14:27:59 - [TEST_STEP][PASSED] - expYear = data.getValue("ExpYear", index): null

2020-10-15 14:27:59 - [TEST_STEP][PASSED] - securityCode = data.getValue("SecurityCode", index): null

2020-10-15 14:27:59 - [TEST_STEP][PASSED] - paymentAmount = data.getValue("PaymentAmount", index): null

2020-10-15 14:27:59 - [TEST_STEP][PASSED] - paymentType = data.getValue("PaymentType", index): null

2020-10-15 14:27:59 - [TEST_STEP][PASSED] - quantity = data.getValue("Quantity", index): null

2020-10-15 14:27:59 - [TEST_STEP][PASSED] - comments = data.getValue("Comments", index): null

2020-10-15 14:27:59 - [TEST_STEP][PASSED] - referenceNum = data.getValue("ReferenceNum", index): null

2020-10-15 14:27:59 - [TEST_STEP][PASSED] - address = data.getValue("Address", index): null

2020-10-15 14:27:59 - [TEST_STEP][PASSED] - zipCode = data.getValue("Zipcode", index): null

2020-10-15 14:27:59 - [TEST_STEP][PASSED] - telephone = data.getValue("Telephone", index): null

2020-10-15 14:27:59 - [TEST_STEP][PASSED] - emailAddress = data.getValue("EmailAddress", index): null

2020-10-15 14:27:59 - [TEST_STEP][PASSED] - cardNum = data.getValue("CardNumber", index): null

2020-10-15 14:27:59 - [TEST_STEP][PASSED] - cardType = data.getValue("CardType", index): null

2020-10-15 14:27:59 - [TEST_STEP][PASSED] - utilities.SafeActions.openBrowser(Quicksti_Url, [pageLoadTime]): Browser launched successfully

2020-10-15 14:27:59 - [MESSAGE][INFO] - Opening Browser

2020-10-15 14:27:59 - [MESSAGE][INFO] - Starting 'Chrome' driver

2020-10-15 14:28:27 - [MESSAGE][PASSED] - Browser is opened with url: 'https://qa-certpayquicksti.faps.net/'

2020-10-15 14:28:29 - [MESSAGE][PASSED] - Current window maximized

2020-10-15 14:28:29 - [MESSAGE][PASSED] - Browser launched successfully

2020-10-15 14:28:29 - [TEST_STEP][PASSED] - utilities.SafeActions.safeCheck(findTestObject("CERTPAY_QUICKSTI/Login_ Page/MULTI_BUREAU_CHECKBOX"), "Multi Bureau", [pageLoadTime]): Quicksti.ts:Checkbox 'Multi Bureau'is selected

2020-10-15 14:28:29 - [MESSAGE][PASSED] - Object 'Object Repository/CERTPAY_QUICKSTI/Login_ Page/MULTI_BUREAU_CHECKBOX' is present

2020-10-15 14:28:30 - [MESSAGE][PASSED] - Object 'Object Repository/CERTPAY_QUICKSTI/Login_ Page/MULTI_BUREAU_CHECKBOX' is present

2020-10-15 14:28:32 - [MESSAGE][PASSED] - Object: 'Object Repository/CERTPAY_QUICKSTI/Login_ Page/MULTI_BUREAU_CHECKBOX' is clicked on

2020-10-15 14:28:32 - [MESSAGE][PASSED] - Quicksti.ts:Checkbox 'Multi Bureau'is selected

2020-10-15 14:28:32 - [TEST_STEP][PASSED] - utilities.SafeActions.safeType(findTestObject("CERTPAY_QUICKSTI/Login_ Page/TELLER_ID"), teller_id, "Bureau code", [pageLoadTime]): Quicksti.ts:Entered'zenq into Bureau code

2020-10-15 14:28:34 - [MESSAGE][PASSED] - Object 'Object Repository/CERTPAY_QUICKSTI/Login_ Page/TELLER_ID' is present

2020-10-15 14:28:35 - [MESSAGE][PASSED] - Object 'Object Repository/CERTPAY_QUICKSTI/Login_ Page/TELLER_ID' is visible

2020-10-15 14:28:35 - [MESSAGE][PASSED] - Object 'Object Repository/CERTPAY_QUICKSTI/Login_ Page/TELLER_ID' is present

2020-10-15 14:28:36 - [MESSAGE][PASSED] - Text 'zenq' is set on object 'Object Repository/CERTPAY_QUICKSTI/Login_ Page/TELLER_ID'

2020-10-15 14:28:36 - [MESSAGE][PASSED] - Quicksti.ts:Entered'zenq into Bureau code

2020-10-15 14:28:36 - [TEST_STEP][PASSED] - utilities.SafeActions.safeClick(findTestObject("CERTPAY_QUICKSTI/Login_ Page/NEXT_BUTTON"), "Next button", [pageLoadTime]): Quicksti.ts:Clicked on the Next button

2020-10-15 14:28:36 - [MESSAGE][INFO] - safeClicking

2020-10-15 14:28:37 - [MESSAGE][PASSED] - Object 'Object Repository/CERTPAY_QUICKSTI/Login_ Page/NEXT_BUTTON' is present

2020-10-15 14:28:37 - [MESSAGE][PASSED] - Object 'Object Repository/CERTPAY_QUICKSTI/Login_ Page/NEXT_BUTTON' is clickable

2020-10-15 14:28:44 - [MESSAGE][PASSED] - Object: 'Object Repository/CERTPAY_QUICKSTI/Login_ Page/NEXT_BUTTON' is clicked on

2020-10-15 14:28:44 - [MESSAGE][PASSED] - Quicksti.ts:Clicked on the Next button

2020-10-15 14:28:44 - [TEST_STEP][PASSED] - pages.Quicksti.setCommnets("0", "0", comments): Quicksti.ts:Entered'Testing into Comments

2020-10-15 14:28:45 - [MESSAGE][PASSED] - Object '' is present

2020-10-15 14:28:45 - [MESSAGE][PASSED] - Object '' is visible

2020-10-15 14:28:45 - [MESSAGE][PASSED] - Object '' is present

2020-10-15 14:28:47 - [MESSAGE][PASSED] - Text 'Testing' is set on object ''

2020-10-15 14:28:47 - [MESSAGE][PASSED] - Quicksti.ts:Entered'Testing into Comments

2020-10-15 14:28:47 - [TEST_STEP][PASSED] - utilities.SafeActions.safeType(findTestObject("CERTPAY_QUICKSTI/Payment_Information_Page/PAYMENT_AMOUNT"), paymentAmount, "Payment Amount", [pageLoadTime]): Quicksti.ts:Entered'20.00 into Payment Amount

2020-10-15 14:28:47 - [MESSAGE][PASSED] - Object 'Object Repository/CERTPAY_QUICKSTI/Payment_Information_Page/PAYMENT_AMOUNT' is present

2020-10-15 14:28:47 - [MESSAGE][PASSED] - Object 'Object Repository/CERTPAY_QUICKSTI/Payment_Information_Page/PAYMENT_AMOUNT' is visible

2020-10-15 14:28:48 - [MESSAGE][PASSED] - Object 'Object Repository/CERTPAY_QUICKSTI/Payment_Information_Page/PAYMENT_AMOUNT' is present

2020-10-15 14:28:49 - [MESSAGE][PASSED] - Text '20.00' is set on object 'Object Repository/CERTPAY_QUICKSTI/Payment_Information_Page/PAYMENT_AMOUNT'

2020-10-15 14:28:49 - [MESSAGE][PASSED] - Quicksti.ts:Entered'20.00 into Payment Amount

2020-10-15 14:28:49 - [TEST_STEP][PASSED] - pages.Quicksti.setAmountDetailsForMultiBureau("0", paymentType, "0", referenceNum, quantity): Quicksti.ts:Entered'1 into Quntity

2020-10-15 14:28:50 - [MESSAGE][PASSED] - Object '' is visible

2020-10-15 14:28:50 - [MESSAGE][PASSED] - Object '' is present

2020-10-15 14:28:51 - [MESSAGE][PASSED] - Object: '' is clicked on

2020-10-15 14:28:52 - [MESSAGE][PASSED] - All options with label 'Taxes' are selected in object ''  using regular expression

2020-10-15 14:28:52 - [MESSAGE][PASSED] - selected dropdown option by visible text  Taxesfrom Payment Type

2020-10-15 14:28:53 - [MESSAGE][PASSED] - Object '' is present

2020-10-15 14:28:53 - [MESSAGE][PASSED] - Object '' is visible

2020-10-15 14:28:53 - [MESSAGE][PASSED] - Object '' is present

2020-10-15 14:28:55 - [MESSAGE][PASSED] - Text '11' is set on object ''

2020-10-15 14:28:55 - [MESSAGE][PASSED] - Quicksti.ts:Entered'11 into RefrenceNumber

2020-10-15 14:28:55 - [MESSAGE][PASSED] - Object '' is present

2020-10-15 14:28:55 - [MESSAGE][PASSED] - Object '' is visible

2020-10-15 14:28:55 - [MESSAGE][PASSED] - Object '' is present

2020-10-15 14:28:57 - [MESSAGE][PASSED] - Text '1' is set on object ''

2020-10-15 14:28:57 - [MESSAGE][PASSED] - Quicksti.ts:Entered'1 into Quntity

2020-10-15 14:28:57 - [TEST_STEP][PASSED] - utilities.SafeActions.safeType(findTestObject("CERTPAY_QUICKSTI/Payment_Information_Page/MULTIBUREAU_PAYMENT_AMOUNT"), paymentAmount, "Payment Amount", [pageLoadTime]): Quicksti.ts:Entered'20.00 into Payment Amount

2020-10-15 14:28:57 - [MESSAGE][PASSED] - Object 'Object Repository/CERTPAY_QUICKSTI/Payment_Information_Page/MULTIBUREAU_PAYMENT_AMOUNT' is present

2020-10-15 14:28:57 - [MESSAGE][PASSED] - Object 'Object Repository/CERTPAY_QUICKSTI/Payment_Information_Page/MULTIBUREAU_PAYMENT_AMOUNT' is visible

2020-10-15 14:28:58 - [MESSAGE][PASSED] - Object 'Object Repository/CERTPAY_QUICKSTI/Payment_Information_Page/MULTIBUREAU_PAYMENT_AMOUNT' is present

2020-10-15 14:28:59 - [MESSAGE][PASSED] - Text '20.00' is set on object 'Object Repository/CERTPAY_QUICKSTI/Payment_Information_Page/MULTIBUREAU_PAYMENT_AMOUNT'

2020-10-15 14:28:59 - [MESSAGE][PASSED] - Quicksti.ts:Entered'20.00 into Payment Amount

2020-10-15 14:28:59 - [TEST_STEP][PASSED] - pages.Quicksti.setAmountDetailsForMultiBureau("0", "Registration Fees", "1", referenceNum, quantity): Quicksti.ts:Entered'1 into Quntity

2020-10-15 14:29:00 - [MESSAGE][PASSED] - Object '' is visible

2020-10-15 14:29:00 - [MESSAGE][PASSED] - Object '' is present

2020-10-15 14:29:01 - [MESSAGE][PASSED] - Object: '' is clicked on

2020-10-15 14:29:02 - [MESSAGE][PASSED] - All options with label 'Registration Fees' are selected in object ''  using regular expression

2020-10-15 14:29:02 - [MESSAGE][PASSED] - selected dropdown option by visible text  Registration Feesfrom Payment Type

2020-10-15 14:29:02 - [MESSAGE][PASSED] - Object '' is present

2020-10-15 14:29:02 - [MESSAGE][PASSED] - Object '' is visible

2020-10-15 14:29:03 - [MESSAGE][PASSED] - Object '' is present

2020-10-15 14:29:04 - [MESSAGE][PASSED] - Text '11' is set on object ''

2020-10-15 14:29:04 - [MESSAGE][PASSED] - Quicksti.ts:Entered'11 into RefrenceNumber

2020-10-15 14:29:04 - [MESSAGE][PASSED] - Object '' is present

2020-10-15 14:29:05 - [MESSAGE][PASSED] - Object '' is visible

2020-10-15 14:29:05 - [MESSAGE][PASSED] - Object '' is present

2020-10-15 14:29:06 - [MESSAGE][PASSED] - Text '1' is set on object ''

2020-10-15 14:29:06 - [MESSAGE][PASSED] - Quicksti.ts:Entered'1 into Quntity

2020-10-15 14:29:06 - [TEST_STEP][PASSED] - utilities.SafeActions.safeType(findTestObject("CERTPAY_QUICKSTI/Payment_Information_Page/MULTIBUREAU_PAY_AMOUNT2"), paymentAmount, "Payment Amount", [pageLoadTime]): Quicksti.ts:Entered'20.00 into Payment Amount

2020-10-15 14:29:06 - [MESSAGE][PASSED] - Object 'Object Repository/CERTPAY_QUICKSTI/Payment_Information_Page/MULTIBUREAU_PAY_AMOUNT2' is present

2020-10-15 14:29:07 - [MESSAGE][PASSED] - Object 'Object Repository/CERTPAY_QUICKSTI/Payment_Information_Page/MULTIBUREAU_PAY_AMOUNT2' is visible

2020-10-15 14:29:07 - [MESSAGE][PASSED] - Object 'Object Repository/CERTPAY_QUICKSTI/Payment_Information_Page/MULTIBUREAU_PAY_AMOUNT2' is present

2020-10-15 14:29:08 - [MESSAGE][PASSED] - Text '20.00' is set on object 'Object Repository/CERTPAY_QUICKSTI/Payment_Information_Page/MULTIBUREAU_PAY_AMOUNT2'

2020-10-15 14:29:08 - [MESSAGE][PASSED] - Quicksti.ts:Entered'20.00 into Payment Amount

2020-10-15 14:29:08 - [TEST_STEP][PASSED] - pages.Quicksti.setCommnets("2", "0", "Tester"): Quicksti.ts:Entered'Tester into Comments

2020-10-15 14:29:09 - [MESSAGE][PASSED] - Object '' is present

2020-10-15 14:29:09 - [MESSAGE][PASSED] - Object '' is visible

2020-10-15 14:29:09 - [MESSAGE][PASSED] - Object '' is present

2020-10-15 14:29:11 - [MESSAGE][PASSED] - Text 'Tester' is set on object ''

2020-10-15 14:29:11 - [MESSAGE][PASSED] - Quicksti.ts:Entered'Tester into Comments

2020-10-15 14:29:11 - [TEST_STEP][PASSED] - pages.Quicksti.setAmountDetailsForMultiBureau("0", "Vehicles", "2", referenceNum, quantity): Quicksti.ts:Entered'1 into Quntity

2020-10-15 14:29:11 - [MESSAGE][PASSED] - Object '' is visible

2020-10-15 14:29:11 - [MESSAGE][PASSED] - Object '' is present

2020-10-15 14:29:12 - [MESSAGE][PASSED] - Object: '' is clicked on

2020-10-15 14:29:13 - [MESSAGE][PASSED] - All options with label 'Vehicles' are selected in object ''  using regular expression

2020-10-15 14:29:13 - [MESSAGE][PASSED] - selected dropdown option by visible text  Vehiclesfrom Payment Type

2020-10-15 14:29:14 - [MESSAGE][PASSED] - Object '' is present

2020-10-15 14:29:14 - [MESSAGE][PASSED] - Object '' is visible

2020-10-15 14:29:14 - [MESSAGE][PASSED] - Object '' is present

2020-10-15 14:29:16 - [MESSAGE][PASSED] - Text '11' is set on object ''

2020-10-15 14:29:16 - [MESSAGE][PASSED] - Quicksti.ts:Entered'11 into RefrenceNumber

2020-10-15 14:29:16 - [MESSAGE][PASSED] - Object '' is present

2020-10-15 14:29:16 - [MESSAGE][PASSED] - Object '' is visible

2020-10-15 14:29:16 - [MESSAGE][PASSED] - Object '' is present

2020-10-15 14:29:18 - [MESSAGE][PASSED] - Text '1' is set on object ''

2020-10-15 14:29:18 - [MESSAGE][PASSED] - Quicksti.ts:Entered'1 into Quntity

2020-10-15 14:29:18 - [TEST_STEP][PASSED] - utilities.SafeActions.safeClick(findTestObject("CERTPAY_QUICKSTI/Payment_Information_Page/MANUAL_ENTRY_BUTTON"), "ManualEntry", [pageLoadTime]): Quicksti.ts:Clicked on the ManualEntry

2020-10-15 14:29:18 - [MESSAGE][INFO] - safeClicking

2020-10-15 14:29:18 - [MESSAGE][PASSED] - Object 'Object Repository/CERTPAY_QUICKSTI/Payment_Information_Page/MANUAL_ENTRY_BUTTON' is present

2020-10-15 14:29:18 - [MESSAGE][PASSED] - Object 'Object Repository/CERTPAY_QUICKSTI/Payment_Information_Page/MANUAL_ENTRY_BUTTON' is clickable

2020-10-15 14:29:23 - [MESSAGE][PASSED] - Object: 'Object Repository/CERTPAY_QUICKSTI/Payment_Information_Page/MANUAL_ENTRY_BUTTON' is clicked on

2020-10-15 14:29:23 - [MESSAGE][PASSED] - Quicksti.ts:Clicked on the ManualEntry

2020-10-15 14:29:23 - [TEST_STEP][PASSED] - amount_Value = pages.Quicksti.getAttributeValue(findTestObject("CERTPAY_QUICKSTI/Payment_Information_Page/SUB_TOTAL")): pages.Quicksti.getAttributeValue is PASSED

2020-10-15 14:29:23 - [MESSAGE][PASSED] - Attribute 'value' of object 'Object Repository/CERTPAY_QUICKSTI/Payment_Information_Page/SUB_TOTAL' is: '20.00'

2020-10-15 14:29:23 - [MESSAGE][PASSED] - pages.Quicksti.getAttributeValue is PASSED

2020-10-15 14:29:23 - [TEST_STEP][PASSED] - CardNumber = pages.Quicksti.setUserPaymentDetails(firstName, lastName, cardNum): Quicksti.ts:Entered'4761739001010135 into CardNum

2020-10-15 14:29:23 - [MESSAGE][PASSED] - Object 'Object Repository/CERTPAY_QUICKSTI/Payment_Information_Page/FIRST_NAME' is present

2020-10-15 14:29:24 - [MESSAGE][PASSED] - Object 'Object Repository/CERTPAY_QUICKSTI/Payment_Information_Page/FIRST_NAME' is visible

2020-10-15 14:29:24 - [MESSAGE][PASSED] - Object 'Object Repository/CERTPAY_QUICKSTI/Payment_Information_Page/FIRST_NAME' is present

2020-10-15 14:29:25 - [MESSAGE][PASSED] - Text 'Tester' is set on object 'Object Repository/CERTPAY_QUICKSTI/Payment_Information_Page/FIRST_NAME'

2020-10-15 14:29:25 - [MESSAGE][PASSED] - Quicksti.ts:Entered'Tester into FirstName

2020-10-15 14:29:26 - [MESSAGE][PASSED] - Object 'Object Repository/CERTPAY_QUICKSTI/Payment_Information_Page/LAST_NAME' is present

2020-10-15 14:29:26 - [MESSAGE][PASSED] - Object 'Object Repository/CERTPAY_QUICKSTI/Payment_Information_Page/LAST_NAME' is visible

2020-10-15 14:29:26 - [MESSAGE][PASSED] - Object 'Object Repository/CERTPAY_QUICKSTI/Payment_Information_Page/LAST_NAME' is present

2020-10-15 14:29:27 - [MESSAGE][PASSED] - Text 'Zenq1' is set on object 'Object Repository/CERTPAY_QUICKSTI/Payment_Information_Page/LAST_NAME'

2020-10-15 14:29:27 - [MESSAGE][PASSED] - Quicksti.ts:Entered'Zenq1 into LAstName

2020-10-15 14:29:28 - [MESSAGE][PASSED] - Object 'Object Repository/CERTPAY_QUICKSTI/Payment_Information_Page/CARD_NUMBER' is present

2020-10-15 14:29:28 - [MESSAGE][PASSED] - Object 'Object Repository/CERTPAY_QUICKSTI/Payment_Information_Page/CARD_NUMBER' is visible

2020-10-15 14:29:28 - [MESSAGE][PASSED] - Object 'Object Repository/CERTPAY_QUICKSTI/Payment_Information_Page/CARD_NUMBER' is present

2020-10-15 14:29:29 - [MESSAGE][PASSED] - Text '4761739001010135' is set on object 'Object Repository/CERTPAY_QUICKSTI/Payment_Information_Page/CARD_NUMBER'

2020-10-15 14:29:29 - [MESSAGE][PASSED] - Quicksti.ts:Entered'4761739001010135 into CardNum

2020-10-15 14:29:30 - [TEST_STEP][PASSED] - pages.Quicksti.setExpDate(expMonth, expYear, securityCode): Quicksti.ts:Entered'207 into securityCode

2020-10-15 14:29:30 - [MESSAGE][PASSED] - Object 'Object Repository/CERTPAY_QUICKSTI/Payment_Information_Page/EXP_MONTH' is visible

2020-10-15 14:29:30 - [MESSAGE][PASSED] - Object 'Object Repository/CERTPAY_QUICKSTI/Payment_Information_Page/EXP_MONTH' is present

2020-10-15 14:29:31 - [MESSAGE][PASSED] - Object: 'Object Repository/CERTPAY_QUICKSTI/Payment_Information_Page/EXP_MONTH' is clicked on

2020-10-15 14:29:32 - [MESSAGE][PASSED] - All options with label '03' are selected in object 'Object Repository/CERTPAY_QUICKSTI/Payment_Information_Page/EXP_MONTH'  using regular expression

2020-10-15 14:29:32 - [MESSAGE][PASSED] - selected dropdown option by visible text  03from expMonth

2020-10-15 14:29:33 - [MESSAGE][PASSED] - Object 'Object Repository/CERTPAY_QUICKSTI/Payment_Information_Page/EXP_YEAR' is visible

2020-10-15 14:29:33 - [MESSAGE][PASSED] - Object 'Object Repository/CERTPAY_QUICKSTI/Payment_Information_Page/EXP_YEAR' is present

2020-10-15 14:29:34 - [MESSAGE][PASSED] - Object: 'Object Repository/CERTPAY_QUICKSTI/Payment_Information_Page/EXP_YEAR' is clicked on

2020-10-15 14:29:36 - [MESSAGE][PASSED] - All options with label '2022' are selected in object 'Object Repository/CERTPAY_QUICKSTI/Payment_Information_Page/EXP_YEAR'  using regular expression

2020-10-15 14:29:36 - [MESSAGE][PASSED] - selected dropdown option by visible text  2022from  expYear

2020-10-15 14:29:36 - [MESSAGE][PASSED] - Object 'Object Repository/CERTPAY_QUICKSTI/Payment_Information_Page/SECURITY_CODE' is present

2020-10-15 14:29:36 - [MESSAGE][PASSED] - Object 'Object Repository/CERTPAY_QUICKSTI/Payment_Information_Page/SECURITY_CODE' is visible

2020-10-15 14:29:36 - [MESSAGE][PASSED] - Object 'Object Repository/CERTPAY_QUICKSTI/Payment_Information_Page/SECURITY_CODE' is present

2020-10-15 14:29:38 - [MESSAGE][PASSED] - Text '207' is set on object 'Object Repository/CERTPAY_QUICKSTI/Payment_Information_Page/SECURITY_CODE'

2020-10-15 14:29:38 - [MESSAGE][PASSED] - Quicksti.ts:Entered'207 into securityCode

2020-10-15 14:29:38 - [TEST_STEP][PASSED] - utilities.SafeActions.safeType(findTestObject("CERTPAY_QUICKSTI/Payment_Information_Page/ADDRESS"), address, "Address", [pageLoadTime]): Quicksti.ts:Entered'14-2 into Address

2020-10-15 14:29:38 - [MESSAGE][PASSED] - Object 'Object Repository/CERTPAY_QUICKSTI/Payment_Information_Page/ADDRESS' is present

2020-10-15 14:29:38 - [MESSAGE][PASSED] - Object 'Object Repository/CERTPAY_QUICKSTI/Payment_Information_Page/ADDRESS' is visible

2020-10-15 14:29:38 - [MESSAGE][PASSED] - Object 'Object Repository/CERTPAY_QUICKSTI/Payment_Information_Page/ADDRESS' is present

2020-10-15 14:29:40 - [MESSAGE][PASSED] - Text '14-2' is set on object 'Object Repository/CERTPAY_QUICKSTI/Payment_Information_Page/ADDRESS'

2020-10-15 14:29:40 - [MESSAGE][PASSED] - Quicksti.ts:Entered'14-2 into Address

2020-10-15 14:29:40 - [TEST_STEP][PASSED] - utilities.SafeActions.safeType(findTestObject("CERTPAY_QUICKSTI/Payment_Information_Page/ZIP_CODE"), zipCode, "zipcode", [pageLoadTime]): Quicksti.ts:Entered'76102 into zipcode

2020-10-15 14:29:40 - [MESSAGE][PASSED] - Object 'Object Repository/CERTPAY_QUICKSTI/Payment_Information_Page/ZIP_CODE' is present

2020-10-15 14:29:40 - [MESSAGE][PASSED] - Object 'Object Repository/CERTPAY_QUICKSTI/Payment_Information_Page/ZIP_CODE' is visible

2020-10-15 14:29:40 - [MESSAGE][PASSED] - Object 'Object Repository/CERTPAY_QUICKSTI/Payment_Information_Page/ZIP_CODE' is present

2020-10-15 14:29:42 - [MESSAGE][PASSED] - Text '76102' is set on object 'Object Repository/CERTPAY_QUICKSTI/Payment_Information_Page/ZIP_CODE'

2020-10-15 14:29:42 - [MESSAGE][PASSED] - Quicksti.ts:Entered'76102 into zipcode

2020-10-15 14:29:42 - [TEST_STEP][PASSED] - utilities.SafeActions.safeType(findTestObject("CERTPAY_QUICKSTI/Payment_Information_Page/TELEPHONE"), telephone, "Telephone", [pageLoadTime]): Quicksti.ts:Entered'9988776655 into Telephone

2020-10-15 14:29:42 - [MESSAGE][PASSED] - Object 'Object Repository/CERTPAY_QUICKSTI/Payment_Information_Page/TELEPHONE' is present

2020-10-15 14:29:42 - [MESSAGE][PASSED] - Object 'Object Repository/CERTPAY_QUICKSTI/Payment_Information_Page/TELEPHONE' is visible

2020-10-15 14:29:43 - [MESSAGE][PASSED] - Object 'Object Repository/CERTPAY_QUICKSTI/Payment_Information_Page/TELEPHONE' is present

2020-10-15 14:29:44 - [MESSAGE][PASSED] - Text '9988776655' is set on object 'Object Repository/CERTPAY_QUICKSTI/Payment_Information_Page/TELEPHONE'

2020-10-15 14:29:44 - [MESSAGE][PASSED] - Quicksti.ts:Entered'9988776655 into Telephone

2020-10-15 14:29:44 - [TEST_STEP][PASSED] - utilities.SafeActions.safeType(findTestObject("CERTPAY_QUICKSTI/Payment_Information_Page/EMAIL_ADDRESS"), emailAddress, "EMAIL address", [pageLoadTime]): Quicksti.ts:Entered'testing@zenq.com into EMAIL address

2020-10-15 14:29:44 - [MESSAGE][PASSED] - Object 'Object Repository/CERTPAY_QUICKSTI/Payment_Information_Page/EMAIL_ADDRESS' is present

2020-10-15 14:29:44 - [MESSAGE][PASSED] - Object 'Object Repository/CERTPAY_QUICKSTI/Payment_Information_Page/EMAIL_ADDRESS' is visible

2020-10-15 14:29:45 - [MESSAGE][PASSED] - Object 'Object Repository/CERTPAY_QUICKSTI/Payment_Information_Page/EMAIL_ADDRESS' is present

2020-10-15 14:29:46 - [MESSAGE][PASSED] - Text 'testing@zenq.com' is set on object 'Object Repository/CERTPAY_QUICKSTI/Payment_Information_Page/EMAIL_ADDRESS'

2020-10-15 14:29:46 - [MESSAGE][PASSED] - Quicksti.ts:Entered'testing@zenq.com into EMAIL address

2020-10-15 14:29:46 - [TEST_STEP][PASSED] - utilities.SafeActions.safeClick(findTestObject("CERTPAY_QUICKSTI/Payment_Information_Page/NEXT_BUTTON"), "Next", [pageLoadTime]): Quicksti.ts:Clicked on the Next

2020-10-15 14:29:46 - [MESSAGE][INFO] - safeClicking

2020-10-15 14:29:46 - [MESSAGE][PASSED] - Object 'Object Repository/CERTPAY_QUICKSTI/Payment_Information_Page/NEXT_BUTTON' is present

2020-10-15 14:29:46 - [MESSAGE][PASSED] - Object 'Object Repository/CERTPAY_QUICKSTI/Payment_Information_Page/NEXT_BUTTON' is clickable

2020-10-15 14:29:50 - [MESSAGE][PASSED] - Object: 'Object Repository/CERTPAY_QUICKSTI/Payment_Information_Page/NEXT_BUTTON' is clicked on

2020-10-15 14:29:50 - [MESSAGE][PASSED] - Quicksti.ts:Clicked on the Next

2020-10-15 14:29:50 - [TEST_STEP][PASSED] - pages.Quicksti.verifyUserPaymentDetails(paymentAmount, firstName, lastName, CardNumber): pages.Quicksti.verifyUserPaymentDetails is PASSED

2020-10-15 14:29:51 - [MESSAGE][PASSED] - Text of object 'Object Repository/CERTPAY_QUICKSTI/Payment_Details_Verification_Page/AMOUNT' is: '$20.00'

2020-10-15 14:29:51 - [MESSAGE][PASSED] - Actual text '20.00' and expected text '20.00' are matched  using regular expression

2020-10-15 14:29:51 - [MESSAGE][PASSED] - Text of object 'Object Repository/CERTPAY_QUICKSTI/Payment_Details_Verification_Page/NAME' is: 'Tester Zenq1'

2020-10-15 14:29:51 - [MESSAGE][PASSED] - Actual text 'Tester Zenq1' and expected text 'Tester Zenq1' are matched  using regular expression

2020-10-15 14:29:51 - [MESSAGE][PASSED] - Text of object 'Object Repository/CERTPAY_QUICKSTI/Payment_Details_Verification_Page/CARD_NUMBER' is: '...0135'

2020-10-15 14:29:51 - [MESSAGE][PASSED] - Actual text '0135' and expected text '0135' are matched  using regular expression

2020-10-15 14:29:51 - [MESSAGE][PASSED] - pages.Quicksti.verifyUserPaymentDetails is PASSED

2020-10-15 14:29:51 - [TEST_STEP][PASSED] - delay(2): Delayed 2 second(s)

2020-10-15 14:29:53 - [MESSAGE][PASSED] - Delayed 2 second(s)

2020-10-15 14:29:53 - [TEST_STEP][PASSED] - ConvFee = getText(findTestObject("CERTPAY_QUICKSTI/Payment_Information_Page/CONV_FEE")): Text of object 'Object Repository/CERTPAY_QUICKSTI/Payment_Information_Page/CONV_FEE' is: '$0.20'

2020-10-15 14:29:54 - [MESSAGE][PASSED] - Text of object 'Object Repository/CERTPAY_QUICKSTI/Payment_Information_Page/CONV_FEE' is: '$0.20'

2020-10-15 14:29:54 - [TEST_STEP][PASSED] - scrollToElement(findTestObject("CERTPAY_QUICKSTI/Payment_Details_Verification_Page/PROCESS"), 0): Scroll to object 'Object Repository/CERTPAY_QUICKSTI/Payment_Details_Verification_Page/PROCESS' successfully

2020-10-15 14:29:54 - [MESSAGE][WARNING] - Timeout '0' is invalid. Using default page load timeout: '30'

2020-10-15 14:29:54 - [MESSAGE][PASSED] - Scroll to object 'Object Repository/CERTPAY_QUICKSTI/Payment_Details_Verification_Page/PROCESS' successfully

2020-10-15 14:29:54 - [TEST_STEP][PASSED] - utilities.SafeActions.safeClick(findTestObject("CERTPAY_QUICKSTI/Payment_Details_Verification_Page/PROCESS"), "Process", [pageLoadTime]): Quicksti.ts:Clicked on the Process

2020-10-15 14:29:54 - [MESSAGE][INFO] - safeClicking

2020-10-15 14:29:54 - [MESSAGE][PASSED] - Object 'Object Repository/CERTPAY_QUICKSTI/Payment_Details_Verification_Page/PROCESS' is present

2020-10-15 14:29:55 - [MESSAGE][PASSED] - Object 'Object Repository/CERTPAY_QUICKSTI/Payment_Details_Verification_Page/PROCESS' is clickable

2020-10-15 14:29:59 - [MESSAGE][PASSED] - Object: 'Object Repository/CERTPAY_QUICKSTI/Payment_Details_Verification_Page/PROCESS' is clicked on

2020-10-15 14:29:59 - [MESSAGE][PASSED] - Quicksti.ts:Clicked on the Process

2020-10-15 14:29:59 - [TEST_STEP][PASSED] - PaymentId = pages.Quicksti.verifyPaymentApproval(findTestObject("CERTPAY_QUICKSTI/Payment_Details_Verification_Page/APPROVED")): Payment is approved

2020-10-15 14:30:00 - [MESSAGE][PASSED] - Text of object 'Object Repository/CERTPAY_QUICKSTI/Payment_Details_Verification_Page/PAYMENT_ID' is: '100176129082'

2020-10-15 14:30:00 - [MESSAGE][PASSED] - Object 'Object Repository/CERTPAY_QUICKSTI/Payment_Details_Verification_Page/APPROVED' is present

2020-10-15 14:30:00 - [MESSAGE][PASSED] - Payment is approved

2020-10-15 14:30:02 - [TEST_STEP][PASSED] - navigateToUrl(Admin_url): Navigate to 'https://qa-certpayadmin.faps.net' successfully

2020-10-15 14:30:20 - [MESSAGE][PASSED] - Navigate to 'https://qa-certpayadmin.faps.net' successfully

2020-10-15 14:30:20 - [TEST_STEP][PASSED] - pages.Bureau_Login_Page.loginToAdminSite(AdminUsername, AdminPassword): Quicksti.ts:Clicked on the LOGIN

2020-10-15 14:30:21 - [MESSAGE][PASSED] - Object 'Object Repository/CERTPAY_ADMIN/USER_NAME' is present

2020-10-15 14:30:21 - [MESSAGE][PASSED] - Object 'Object Repository/CERTPAY_ADMIN/USER_NAME' is visible

2020-10-15 14:30:21 - [MESSAGE][PASSED] - Object 'Object Repository/CERTPAY_ADMIN/USER_NAME' is present

2020-10-15 14:30:23 - [MESSAGE][PASSED] - Text 'VVangiliappan' is set on object 'Object Repository/CERTPAY_ADMIN/USER_NAME'

2020-10-15 14:30:23 - [MESSAGE][PASSED] - Quicksti.ts:Entered'VVangiliappan into username

2020-10-15 14:30:23 - [MESSAGE][PASSED] - Object 'Object Repository/CERTPAY_ADMIN/PASSWORD' is present

2020-10-15 14:30:23 - [MESSAGE][PASSED] - Object 'Object Repository/CERTPAY_ADMIN/PASSWORD' is visible

2020-10-15 14:30:23 - [MESSAGE][PASSED] - Object 'Object Repository/CERTPAY_ADMIN/PASSWORD' is present

2020-10-15 14:30:25 - [MESSAGE][PASSED] - Text 'Test@123' is set on object 'Object Repository/CERTPAY_ADMIN/PASSWORD'

2020-10-15 14:30:25 - [MESSAGE][PASSED] - Quicksti.ts:Entered'Test@123 into password

2020-10-15 14:30:25 - [MESSAGE][INFO] - safeClicking

2020-10-15 14:30:25 - [MESSAGE][PASSED] - Object 'Object Repository/CERTPAY_ADMIN/LOGIN_BUTTON' is present

2020-10-15 14:30:25 - [MESSAGE][PASSED] - Object 'Object Repository/CERTPAY_ADMIN/LOGIN_BUTTON' is clickable

2020-10-15 14:31:00 - [MESSAGE][PASSED] - Object: 'Object Repository/CERTPAY_ADMIN/LOGIN_BUTTON' is clicked on

2020-10-15 14:31:00 - [MESSAGE][PASSED] - Quicksti.ts:Clicked on the LOGIN

2020-10-15 14:31:00 - [TEST_STEP][PASSED] - utilities.SafeActions.safeClick(findTestObject("CERTPAY_ADMIN/TRANSACTION_MENU"), "TransactionMenu", [pageLoadTime]): Quicksti.ts:Clicked on the TransactionMenu

2020-10-15 14:31:00 - [MESSAGE][INFO] - safeClicking

2020-10-15 14:31:00 - [MESSAGE][PASSED] - Object 'Object Repository/CERTPAY_ADMIN/TRANSACTION_MENU' is present

2020-10-15 14:31:00 - [MESSAGE][PASSED] - Object 'Object Repository/CERTPAY_ADMIN/TRANSACTION_MENU' is clickable

2020-10-15 14:31:02 - [MESSAGE][PASSED] - Object: 'Object Repository/CERTPAY_ADMIN/TRANSACTION_MENU' is clicked on

2020-10-15 14:31:02 - [MESSAGE][PASSED] - Quicksti.ts:Clicked on the TransactionMenu

2020-10-15 14:31:02 - [TEST_STEP][PASSED] - utilities.SafeActions.safeClick(findTestObject("CERTPAY_ADMIN/TRANSACTION_SEARCH"), "TransactionSearch", [pageLoadTime]): Quicksti.ts:Clicked on the TransactionSearch

2020-10-15 14:31:02 - [MESSAGE][INFO] - safeClicking

2020-10-15 14:31:02 - [MESSAGE][PASSED] - Object 'Object Repository/CERTPAY_ADMIN/TRANSACTION_SEARCH' is present

2020-10-15 14:31:02 - [MESSAGE][PASSED] - Object 'Object Repository/CERTPAY_ADMIN/TRANSACTION_SEARCH' is clickable

2020-10-15 14:31:09 - [MESSAGE][PASSED] - Object: 'Object Repository/CERTPAY_ADMIN/TRANSACTION_SEARCH' is clicked on

2020-10-15 14:31:09 - [MESSAGE][PASSED] - Quicksti.ts:Clicked on the TransactionSearch

2020-10-15 14:31:09 - [TEST_STEP][PASSED] - utilities.SafeActions.safeType(findTestObject("CERTPAY_ADMIN/PAYMENT_ID"), PaymentId, "Payment id", [pageLoadTime]): Quicksti.ts:Entered'100176129082 into Payment id

2020-10-15 14:31:09 - [MESSAGE][PASSED] - Object 'Object Repository/CERTPAY_ADMIN/PAYMENT_ID' is present

2020-10-15 14:31:10 - [MESSAGE][PASSED] - Object 'Object Repository/CERTPAY_ADMIN/PAYMENT_ID' is visible

2020-10-15 14:31:10 - [MESSAGE][PASSED] - Object 'Object Repository/CERTPAY_ADMIN/PAYMENT_ID' is present

2020-10-15 14:31:11 - [MESSAGE][PASSED] - Text '100176129082' is set on object 'Object Repository/CERTPAY_ADMIN/PAYMENT_ID'

2020-10-15 14:31:11 - [MESSAGE][PASSED] - Quicksti.ts:Entered'100176129082 into Payment id

2020-10-15 14:31:11 - [TEST_STEP][PASSED] - utilities.SafeActions.safeClick(findTestObject("CERTPAY_ADMIN/GO_BUTTON"), "Go button", [pageLoadTime]): Quicksti.ts:Clicked on the Go button

2020-10-15 14:31:11 - [MESSAGE][INFO] - safeClicking

2020-10-15 14:31:11 - [MESSAGE][PASSED] - Object 'Object Repository/CERTPAY_ADMIN/GO_BUTTON' is present

2020-10-15 14:31:12 - [MESSAGE][PASSED] - Object 'Object Repository/CERTPAY_ADMIN/GO_BUTTON' is clickable

2020-10-15 14:31:15 - [MESSAGE][PASSED] - Object: 'Object Repository/CERTPAY_ADMIN/GO_BUTTON' is clicked on

2020-10-15 14:31:15 - [MESSAGE][PASSED] - Quicksti.ts:Clicked on the Go button

2020-10-15 14:31:15 - [TEST_STEP][PASSED] - delay(5): Delayed 5 second(s)

2020-10-15 14:31:20 - [MESSAGE][PASSED] - Delayed 5 second(s)

2020-10-15 14:31:20 - [TEST_STEP][PASSED] - scrollToPosition(800, 900): Browser is scrolled to position x = 800, y = 900

2020-10-15 14:31:20 - [MESSAGE][PASSED] - Browser is scrolled to position x = 800, y = 900

2020-10-15 14:31:20 - [TEST_STEP][PASSED] - pages.Search_Page.validatePaymentAmount(paymentAmount, ConvFee): Verified payment details successfully 

2020-10-15 14:31:21 - [MESSAGE][PASSED] - Text of object 'Object Repository/CERTPAY_ADMIN/PAYMENT_AMOUNT' is: '$20.00'

2020-10-15 14:31:21 - [MESSAGE][PASSED] - Actual text '20.00' and expected text '20.00' are matched  using regular expression

2020-10-15 14:31:21 - [MESSAGE][PASSED] - Text of object 'Object Repository/CERTPAY_ADMIN/CONV_FEE' is: '$0.20'

2020-10-15 14:31:21 - [MESSAGE][PASSED] - Actual text '0.20' and expected text '0.20' are matched  using regular expression

2020-10-15 14:31:21 - [MESSAGE][PASSED] - Verified payment details successfully 

2020-10-15 14:31:21 - [TEST_STEP][PASSED] - firstName = data.getValue("FirstName", index): null

2020-10-15 14:31:21 - [TEST_STEP][PASSED] - lastName = data.getValue("LastName", index): null

2020-10-15 14:31:21 - [TEST_STEP][PASSED] - expMonth = data.getValue("ExpMonth", index): null

2020-10-15 14:31:21 - [TEST_STEP][PASSED] - expYear = data.getValue("ExpYear", index): null

2020-10-15 14:31:21 - [TEST_STEP][PASSED] - securityCode = data.getValue("SecurityCode", index): null

2020-10-15 14:31:21 - [TEST_STEP][PASSED] - paymentAmount = data.getValue("PaymentAmount", index): null

2020-10-15 14:31:21 - [TEST_STEP][PASSED] - paymentType = data.getValue("PaymentType", index): null

2020-10-15 14:31:21 - [TEST_STEP][PASSED] - quantity = data.getValue("Quantity", index): null

2020-10-15 14:31:21 - [TEST_STEP][PASSED] - comments = data.getValue("Comments", index): null

2020-10-15 14:31:21 - [TEST_STEP][PASSED] - referenceNum = data.getValue("ReferenceNum", index): null

2020-10-15 14:31:21 - [TEST_STEP][PASSED] - address = data.getValue("Address", index): null

2020-10-15 14:31:21 - [TEST_STEP][PASSED] - zipCode = data.getValue("Zipcode", index): null

2020-10-15 14:31:21 - [TEST_STEP][PASSED] - telephone = data.getValue("Telephone", index): null

2020-10-15 14:31:21 - [TEST_STEP][PASSED] - emailAddress = data.getValue("EmailAddress", index): null

2020-10-15 14:31:21 - [TEST_STEP][PASSED] - cardNum = data.getValue("CardNumber", index): null

2020-10-15 14:31:21 - [TEST_STEP][PASSED] - cardType = data.getValue("CardType", index): null

2020-10-15 14:31:21 - [TEST_STEP][PASSED] - utilities.SafeActions.openBrowser(Quicksti_Url, [pageLoadTime]): Browser launched successfully

2020-10-15 14:31:21 - [MESSAGE][INFO] - Opening Browser

2020-10-15 14:31:21 - [MESSAGE][WARNING] - A browser is already opened. Closing browser and opening a new one

2020-10-15 14:31:22 - [MESSAGE][INFO] - Starting 'Chrome' driver

2020-10-15 14:31:41 - [MESSAGE][PASSED] - Browser is opened with url: 'https://qa-certpayquicksti.faps.net/'

2020-10-15 14:31:43 - [MESSAGE][PASSED] - Current window maximized

2020-10-15 14:31:43 - [MESSAGE][PASSED] - Browser launched successfully

2020-10-15 14:31:43 - [TEST_STEP][PASSED] - utilities.SafeActions.safeCheck(findTestObject("CERTPAY_QUICKSTI/Login_ Page/MULTI_BUREAU_CHECKBOX"), "Multi Bureau", [pageLoadTime]): Quicksti.ts:Checkbox 'Multi Bureau'is selected

2020-10-15 14:31:44 - [MESSAGE][PASSED] - Object 'Object Repository/CERTPAY_QUICKSTI/Login_ Page/MULTI_BUREAU_CHECKBOX' is present

2020-10-15 14:31:45 - [MESSAGE][PASSED] - Object 'Object Repository/CERTPAY_QUICKSTI/Login_ Page/MULTI_BUREAU_CHECKBOX' is present

2020-10-15 14:31:46 - [MESSAGE][PASSED] - Object: 'Object Repository/CERTPAY_QUICKSTI/Login_ Page/MULTI_BUREAU_CHECKBOX' is clicked on

2020-10-15 14:31:46 - [MESSAGE][PASSED] - Quicksti.ts:Checkbox 'Multi Bureau'is selected

2020-10-15 14:31:46 - [TEST_STEP][PASSED] - utilities.SafeActions.safeType(findTestObject("CERTPAY_QUICKSTI/Login_ Page/TELLER_ID"), teller_id, "Bureau code", [pageLoadTime]): Quicksti.ts:Entered'zenq into Bureau code

2020-10-15 14:31:49 - [MESSAGE][PASSED] - Object 'Object Repository/CERTPAY_QUICKSTI/Login_ Page/TELLER_ID' is present

2020-10-15 14:31:49 - [MESSAGE][PASSED] - Object 'Object Repository/CERTPAY_QUICKSTI/Login_ Page/TELLER_ID' is visible

2020-10-15 14:31:49 - [MESSAGE][PASSED] - Object 'Object Repository/CERTPAY_QUICKSTI/Login_ Page/TELLER_ID' is present

2020-10-15 14:31:50 - [MESSAGE][PASSED] - Text 'zenq' is set on object 'Object Repository/CERTPAY_QUICKSTI/Login_ Page/TELLER_ID'

2020-10-15 14:31:50 - [MESSAGE][PASSED] - Quicksti.ts:Entered'zenq into Bureau code

2020-10-15 14:31:50 - [TEST_STEP][PASSED] - utilities.SafeActions.safeClick(findTestObject("CERTPAY_QUICKSTI/Login_ Page/NEXT_BUTTON"), "Next button", [pageLoadTime]): Quicksti.ts:Clicked on the Next button

2020-10-15 14:31:50 - [MESSAGE][INFO] - safeClicking

2020-10-15 14:31:51 - [MESSAGE][PASSED] - Object 'Object Repository/CERTPAY_QUICKSTI/Login_ Page/NEXT_BUTTON' is present

2020-10-15 14:31:51 - [MESSAGE][PASSED] - Object 'Object Repository/CERTPAY_QUICKSTI/Login_ Page/NEXT_BUTTON' is clickable

2020-10-15 14:32:04 - [MESSAGE][PASSED] - Object: 'Object Repository/CERTPAY_QUICKSTI/Login_ Page/NEXT_BUTTON' is clicked on

2020-10-15 14:32:04 - [MESSAGE][PASSED] - Quicksti.ts:Clicked on the Next button

2020-10-15 14:32:04 - [TEST_STEP][PASSED] - pages.Quicksti.setCommnets("0", "0", comments): Quicksti.ts:Entered'Testing into Comments

2020-10-15 14:32:04 - [MESSAGE][PASSED] - Object '' is present

2020-10-15 14:32:05 - [MESSAGE][PASSED] - Object '' is visible

2020-10-15 14:32:05 - [MESSAGE][PASSED] - Object '' is present

2020-10-15 14:32:06 - [MESSAGE][PASSED] - Text 'Testing' is set on object ''

2020-10-15 14:32:06 - [MESSAGE][PASSED] - Quicksti.ts:Entered'Testing into Comments

2020-10-15 14:32:06 - [TEST_STEP][PASSED] - utilities.SafeActions.safeType(findTestObject("CERTPAY_QUICKSTI/Payment_Information_Page/PAYMENT_AMOUNT"), paymentAmount, "Payment Amount", [pageLoadTime]): Quicksti.ts:Entered'25.00 into Payment Amount

2020-10-15 14:32:07 - [MESSAGE][PASSED] - Object 'Object Repository/CERTPAY_QUICKSTI/Payment_Information_Page/PAYMENT_AMOUNT' is present

2020-10-15 14:32:07 - [MESSAGE][PASSED] - Object 'Object Repository/CERTPAY_QUICKSTI/Payment_Information_Page/PAYMENT_AMOUNT' is visible

2020-10-15 14:32:07 - [MESSAGE][PASSED] - Object 'Object Repository/CERTPAY_QUICKSTI/Payment_Information_Page/PAYMENT_AMOUNT' is present

2020-10-15 14:32:09 - [MESSAGE][PASSED] - Text '25.00' is set on object 'Object Repository/CERTPAY_QUICKSTI/Payment_Information_Page/PAYMENT_AMOUNT'

2020-10-15 14:32:09 - [MESSAGE][PASSED] - Quicksti.ts:Entered'25.00 into Payment Amount

2020-10-15 14:32:09 - [TEST_STEP][PASSED] - pages.Quicksti.setAmountDetailsForMultiBureau("0", paymentType, "0", referenceNum, quantity): Quicksti.ts:Entered'2 into Quntity

2020-10-15 14:32:09 - [MESSAGE][PASSED] - Object '' is visible

2020-10-15 14:32:10 - [MESSAGE][PASSED] - Object '' is present

2020-10-15 14:32:11 - [MESSAGE][PASSED] - Object: '' is clicked on

2020-10-15 14:32:12 - [MESSAGE][PASSED] - All options with label 'Gifts' are selected in object ''  using regular expression

2020-10-15 14:32:12 - [MESSAGE][PASSED] - selected dropdown option by visible text  Giftsfrom Payment Type

2020-10-15 14:32:13 - [MESSAGE][PASSED] - Object '' is present

2020-10-15 14:32:13 - [MESSAGE][PASSED] - Object '' is visible

2020-10-15 14:32:13 - [MESSAGE][PASSED] - Object '' is present

2020-10-15 14:32:15 - [MESSAGE][PASSED] - Text '12' is set on object ''

2020-10-15 14:32:15 - [MESSAGE][PASSED] - Quicksti.ts:Entered'12 into RefrenceNumber

2020-10-15 14:32:15 - [MESSAGE][PASSED] - Object '' is present

2020-10-15 14:32:15 - [MESSAGE][PASSED] - Object '' is visible

2020-10-15 14:32:15 - [MESSAGE][PASSED] - Object '' is present

2020-10-15 14:32:17 - [MESSAGE][PASSED] - Text '2' is set on object ''

2020-10-15 14:32:17 - [MESSAGE][PASSED] - Quicksti.ts:Entered'2 into Quntity

2020-10-15 14:32:17 - [TEST_STEP][PASSED] - utilities.SafeActions.safeType(findTestObject("CERTPAY_QUICKSTI/Payment_Information_Page/MULTIBUREAU_PAYMENT_AMOUNT"), paymentAmount, "Payment Amount", [pageLoadTime]): Quicksti.ts:Entered'25.00 into Payment Amount

2020-10-15 14:32:17 - [MESSAGE][PASSED] - Object 'Object Repository/CERTPAY_QUICKSTI/Payment_Information_Page/MULTIBUREAU_PAYMENT_AMOUNT' is present

2020-10-15 14:32:17 - [MESSAGE][PASSED] - Object 'Object Repository/CERTPAY_QUICKSTI/Payment_Information_Page/MULTIBUREAU_PAYMENT_AMOUNT' is visible

2020-10-15 14:32:18 - [MESSAGE][PASSED] - Object 'Object Repository/CERTPAY_QUICKSTI/Payment_Information_Page/MULTIBUREAU_PAYMENT_AMOUNT' is present

2020-10-15 14:32:19 - [MESSAGE][PASSED] - Text '25.00' is set on object 'Object Repository/CERTPAY_QUICKSTI/Payment_Information_Page/MULTIBUREAU_PAYMENT_AMOUNT'

2020-10-15 14:32:19 - [MESSAGE][PASSED] - Quicksti.ts:Entered'25.00 into Payment Amount

2020-10-15 14:32:19 - [TEST_STEP][PASSED] - pages.Quicksti.setAmountDetailsForMultiBureau("0", "Registration Fees", "1", referenceNum, quantity): Quicksti.ts:Entered'2 into Quntity

2020-10-15 14:32:20 - [MESSAGE][PASSED] - Object '' is visible

2020-10-15 14:32:20 - [MESSAGE][PASSED] - Object '' is present

2020-10-15 14:32:21 - [MESSAGE][PASSED] - Object: '' is clicked on

2020-10-15 14:32:22 - [MESSAGE][PASSED] - All options with label 'Registration Fees' are selected in object ''  using regular expression

2020-10-15 14:32:22 - [MESSAGE][PASSED] - selected dropdown option by visible text  Registration Feesfrom Payment Type

2020-10-15 14:32:23 - [MESSAGE][PASSED] - Object '' is present

2020-10-15 14:32:23 - [MESSAGE][PASSED] - Object '' is visible

2020-10-15 14:32:23 - [MESSAGE][PASSED] - Object '' is present

2020-10-15 14:32:24 - [MESSAGE][PASSED] - Text '12' is set on object ''

2020-10-15 14:32:24 - [MESSAGE][PASSED] - Quicksti.ts:Entered'12 into RefrenceNumber

2020-10-15 14:32:25 - [MESSAGE][PASSED] - Object '' is present

2020-10-15 14:32:25 - [MESSAGE][PASSED] - Object '' is visible

2020-10-15 14:32:25 - [MESSAGE][PASSED] - Object '' is present

2020-10-15 14:32:27 - [MESSAGE][PASSED] - Text '2' is set on object ''

2020-10-15 14:32:27 - [MESSAGE][PASSED] - Quicksti.ts:Entered'2 into Quntity

2020-10-15 14:32:27 - [TEST_STEP][PASSED] - utilities.SafeActions.safeType(findTestObject("CERTPAY_QUICKSTI/Payment_Information_Page/MULTIBUREAU_PAY_AMOUNT2"), paymentAmount, "Payment Amount", [pageLoadTime]): Quicksti.ts:Entered'25.00 into Payment Amount

2020-10-15 14:32:27 - [MESSAGE][PASSED] - Object 'Object Repository/CERTPAY_QUICKSTI/Payment_Information_Page/MULTIBUREAU_PAY_AMOUNT2' is present

2020-10-15 14:32:27 - [MESSAGE][PASSED] - Object 'Object Repository/CERTPAY_QUICKSTI/Payment_Information_Page/MULTIBUREAU_PAY_AMOUNT2' is visible

2020-10-15 14:32:28 - [MESSAGE][PASSED] - Object 'Object Repository/CERTPAY_QUICKSTI/Payment_Information_Page/MULTIBUREAU_PAY_AMOUNT2' is present

2020-10-15 14:32:29 - [MESSAGE][PASSED] - Text '25.00' is set on object 'Object Repository/CERTPAY_QUICKSTI/Payment_Information_Page/MULTIBUREAU_PAY_AMOUNT2'

2020-10-15 14:32:29 - [MESSAGE][PASSED] - Quicksti.ts:Entered'25.00 into Payment Amount

2020-10-15 14:32:29 - [TEST_STEP][PASSED] - pages.Quicksti.setCommnets("2", "0", "Tester"): Quicksti.ts:Entered'Tester into Comments

2020-10-15 14:32:29 - [MESSAGE][PASSED] - Object '' is present

2020-10-15 14:32:30 - [MESSAGE][PASSED] - Object '' is visible

2020-10-15 14:32:30 - [MESSAGE][PASSED] - Object '' is present

2020-10-15 14:32:31 - [MESSAGE][PASSED] - Text 'Tester' is set on object ''

2020-10-15 14:32:31 - [MESSAGE][PASSED] - Quicksti.ts:Entered'Tester into Comments

2020-10-15 14:32:31 - [TEST_STEP][PASSED] - pages.Quicksti.setAmountDetailsForMultiBureau("0", "Vehicles", "2", referenceNum, quantity): Quicksti.ts:Entered'2 into Quntity

2020-10-15 14:32:32 - [MESSAGE][PASSED] - Object '' is visible

2020-10-15 14:32:32 - [MESSAGE][PASSED] - Object '' is present

2020-10-15 14:32:33 - [MESSAGE][PASSED] - Object: '' is clicked on

2020-10-15 14:32:34 - [MESSAGE][PASSED] - All options with label 'Vehicles' are selected in object ''  using regular expression

2020-10-15 14:32:34 - [MESSAGE][PASSED] - selected dropdown option by visible text  Vehiclesfrom Payment Type

2020-10-15 14:32:35 - [MESSAGE][PASSED] - Object '' is present

2020-10-15 14:32:35 - [MESSAGE][PASSED] - Object '' is visible

2020-10-15 14:32:35 - [MESSAGE][PASSED] - Object '' is present

2020-10-15 14:32:37 - [MESSAGE][PASSED] - Text '12' is set on object ''

2020-10-15 14:32:37 - [MESSAGE][PASSED] - Quicksti.ts:Entered'12 into RefrenceNumber

2020-10-15 14:32:37 - [MESSAGE][PASSED] - Object '' is present

2020-10-15 14:32:37 - [MESSAGE][PASSED] - Object '' is visible

2020-10-15 14:32:38 - [MESSAGE][PASSED] - Object '' is present

2020-10-15 14:32:39 - [MESSAGE][PASSED] - Text '2' is set on object ''

2020-10-15 14:32:39 - [MESSAGE][PASSED] - Quicksti.ts:Entered'2 into Quntity

2020-10-15 14:32:39 - [TEST_STEP][PASSED] - utilities.SafeActions.safeClick(findTestObject("CERTPAY_QUICKSTI/Payment_Information_Page/MANUAL_ENTRY_BUTTON"), "ManualEntry", [pageLoadTime]): Quicksti.ts:Clicked on the ManualEntry

2020-10-15 14:32:39 - [MESSAGE][INFO] - safeClicking

2020-10-15 14:32:39 - [MESSAGE][PASSED] - Object 'Object Repository/CERTPAY_QUICKSTI/Payment_Information_Page/MANUAL_ENTRY_BUTTON' is present

2020-10-15 14:32:40 - [MESSAGE][PASSED] - Object 'Object Repository/CERTPAY_QUICKSTI/Payment_Information_Page/MANUAL_ENTRY_BUTTON' is clickable

2020-10-15 14:32:44 - [MESSAGE][PASSED] - Object: 'Object Repository/CERTPAY_QUICKSTI/Payment_Information_Page/MANUAL_ENTRY_BUTTON' is clicked on

2020-10-15 14:32:44 - [MESSAGE][PASSED] - Quicksti.ts:Clicked on the ManualEntry

2020-10-15 14:32:44 - [TEST_STEP][PASSED] - amount_Value = pages.Quicksti.getAttributeValue(findTestObject("CERTPAY_QUICKSTI/Payment_Information_Page/SUB_TOTAL")): pages.Quicksti.getAttributeValue is PASSED

2020-10-15 14:32:45 - [MESSAGE][PASSED] - Attribute 'value' of object 'Object Repository/CERTPAY_QUICKSTI/Payment_Information_Page/SUB_TOTAL' is: '50.00'

2020-10-15 14:32:45 - [MESSAGE][PASSED] - pages.Quicksti.getAttributeValue is PASSED

2020-10-15 14:32:45 - [TEST_STEP][PASSED] - CardNumber = pages.Quicksti.setUserPaymentDetails(firstName, lastName, cardNum): Quicksti.ts:Entered'5154623208647646 into CardNum

2020-10-15 14:32:45 - [MESSAGE][PASSED] - Object 'Object Repository/CERTPAY_QUICKSTI/Payment_Information_Page/FIRST_NAME' is present

2020-10-15 14:32:45 - [MESSAGE][PASSED] - Object 'Object Repository/CERTPAY_QUICKSTI/Payment_Information_Page/FIRST_NAME' is visible

2020-10-15 14:32:45 - [MESSAGE][PASSED] - Object 'Object Repository/CERTPAY_QUICKSTI/Payment_Information_Page/FIRST_NAME' is present

2020-10-15 14:32:47 - [MESSAGE][PASSED] - Text 'Venkata' is set on object 'Object Repository/CERTPAY_QUICKSTI/Payment_Information_Page/FIRST_NAME'

2020-10-15 14:32:47 - [MESSAGE][PASSED] - Quicksti.ts:Entered'Venkata into FirstName

2020-10-15 14:32:47 - [MESSAGE][PASSED] - Object 'Object Repository/CERTPAY_QUICKSTI/Payment_Information_Page/LAST_NAME' is present

2020-10-15 14:32:48 - [MESSAGE][PASSED] - Object 'Object Repository/CERTPAY_QUICKSTI/Payment_Information_Page/LAST_NAME' is visible

2020-10-15 14:32:48 - [MESSAGE][PASSED] - Object 'Object Repository/CERTPAY_QUICKSTI/Payment_Information_Page/LAST_NAME' is present

2020-10-15 14:32:49 - [MESSAGE][PASSED] - Text 'Annam' is set on object 'Object Repository/CERTPAY_QUICKSTI/Payment_Information_Page/LAST_NAME'

2020-10-15 14:32:49 - [MESSAGE][PASSED] - Quicksti.ts:Entered'Annam into LAstName

2020-10-15 14:32:49 - [MESSAGE][PASSED] - Object 'Object Repository/CERTPAY_QUICKSTI/Payment_Information_Page/CARD_NUMBER' is present

2020-10-15 14:32:50 - [MESSAGE][PASSED] - Object 'Object Repository/CERTPAY_QUICKSTI/Payment_Information_Page/CARD_NUMBER' is visible

2020-10-15 14:32:50 - [MESSAGE][PASSED] - Object 'Object Repository/CERTPAY_QUICKSTI/Payment_Information_Page/CARD_NUMBER' is present

2020-10-15 14:32:51 - [MESSAGE][PASSED] - Text '5154623208647646' is set on object 'Object Repository/CERTPAY_QUICKSTI/Payment_Information_Page/CARD_NUMBER'

2020-10-15 14:32:51 - [MESSAGE][PASSED] - Quicksti.ts:Entered'5154623208647646 into CardNum

2020-10-15 14:32:51 - [TEST_STEP][PASSED] - pages.Quicksti.setExpDate(expMonth, expYear, securityCode): Quicksti.ts:Entered'207 into securityCode

2020-10-15 14:32:52 - [MESSAGE][PASSED] - Object 'Object Repository/CERTPAY_QUICKSTI/Payment_Information_Page/EXP_MONTH' is visible

2020-10-15 14:32:52 - [MESSAGE][PASSED] - Object 'Object Repository/CERTPAY_QUICKSTI/Payment_Information_Page/EXP_MONTH' is present

2020-10-15 14:32:54 - [MESSAGE][PASSED] - Object: 'Object Repository/CERTPAY_QUICKSTI/Payment_Information_Page/EXP_MONTH' is clicked on

2020-10-15 14:35:18 - [MESSAGE][PASSED] - All options with label '04' are selected in object 'Object Repository/CERTPAY_QUICKSTI/Payment_Information_Page/EXP_MONTH'  using regular expression

2020-10-15 14:35:18 - [MESSAGE][PASSED] - selected dropdown option by visible text  04from expMonth

2020-10-15 14:35:19 - [MESSAGE][PASSED] - Object 'Object Repository/CERTPAY_QUICKSTI/Payment_Information_Page/EXP_YEAR' is visible

2020-10-15 14:35:19 - [MESSAGE][PASSED] - Object 'Object Repository/CERTPAY_QUICKSTI/Payment_Information_Page/EXP_YEAR' is present

2020-10-15 14:35:20 - [MESSAGE][PASSED] - Object: 'Object Repository/CERTPAY_QUICKSTI/Payment_Information_Page/EXP_YEAR' is clicked on

2020-10-15 14:35:23 - [MESSAGE][PASSED] - All options with label '2023' are selected in object 'Object Repository/CERTPAY_QUICKSTI/Payment_Information_Page/EXP_YEAR'  using regular expression

2020-10-15 14:35:23 - [MESSAGE][PASSED] - selected dropdown option by visible text  2023from  expYear

2020-10-15 14:35:23 - [MESSAGE][PASSED] - Object 'Object Repository/CERTPAY_QUICKSTI/Payment_Information_Page/SECURITY_CODE' is present

2020-10-15 14:35:24 - [MESSAGE][PASSED] - Object 'Object Repository/CERTPAY_QUICKSTI/Payment_Information_Page/SECURITY_CODE' is visible

2020-10-15 14:35:24 - [MESSAGE][PASSED] - Object 'Object Repository/CERTPAY_QUICKSTI/Payment_Information_Page/SECURITY_CODE' is present

2020-10-15 14:35:25 - [MESSAGE][PASSED] - Text '207' is set on object 'Object Repository/CERTPAY_QUICKSTI/Payment_Information_Page/SECURITY_CODE'

2020-10-15 14:35:25 - [MESSAGE][PASSED] - Quicksti.ts:Entered'207 into securityCode

2020-10-15 14:35:25 - [TEST_STEP][PASSED] - utilities.SafeActions.safeType(findTestObject("CERTPAY_QUICKSTI/Payment_Information_Page/ADDRESS"), address, "Address", [pageLoadTime]): Quicksti.ts:Entered'14-2 into Address

2020-10-15 14:35:26 - [MESSAGE][PASSED] - Object 'Object Repository/CERTPAY_QUICKSTI/Payment_Information_Page/ADDRESS' is present

2020-10-15 14:35:26 - [MESSAGE][PASSED] - Object 'Object Repository/CERTPAY_QUICKSTI/Payment_Information_Page/ADDRESS' is visible

2020-10-15 14:35:26 - [MESSAGE][PASSED] - Object 'Object Repository/CERTPAY_QUICKSTI/Payment_Information_Page/ADDRESS' is present

2020-10-15 14:35:28 - [MESSAGE][PASSED] - Text '14-2' is set on object 'Object Repository/CERTPAY_QUICKSTI/Payment_Information_Page/ADDRESS'

2020-10-15 14:35:28 - [MESSAGE][PASSED] - Quicksti.ts:Entered'14-2 into Address

2020-10-15 14:35:28 - [TEST_STEP][PASSED] - utilities.SafeActions.safeType(findTestObject("CERTPAY_QUICKSTI/Payment_Information_Page/ZIP_CODE"), zipCode, "zipcode", [pageLoadTime]): Quicksti.ts:Entered'76102 into zipcode

2020-10-15 14:35:28 - [MESSAGE][PASSED] - Object 'Object Repository/CERTPAY_QUICKSTI/Payment_Information_Page/ZIP_CODE' is present

2020-10-15 14:35:28 - [MESSAGE][PASSED] - Object 'Object Repository/CERTPAY_QUICKSTI/Payment_Information_Page/ZIP_CODE' is visible

2020-10-15 14:35:28 - [MESSAGE][PASSED] - Object 'Object Repository/CERTPAY_QUICKSTI/Payment_Information_Page/ZIP_CODE' is present

2020-10-15 14:35:30 - [MESSAGE][PASSED] - Text '76102' is set on object 'Object Repository/CERTPAY_QUICKSTI/Payment_Information_Page/ZIP_CODE'

2020-10-15 14:35:30 - [MESSAGE][PASSED] - Quicksti.ts:Entered'76102 into zipcode

2020-10-15 14:35:30 - [TEST_STEP][PASSED] - utilities.SafeActions.safeType(findTestObject("CERTPAY_QUICKSTI/Payment_Information_Page/TELEPHONE"), telephone, "Telephone", [pageLoadTime]): Quicksti.ts:Entered'9989897654 into Telephone

2020-10-15 14:35:30 - [MESSAGE][PASSED] - Object 'Object Repository/CERTPAY_QUICKSTI/Payment_Information_Page/TELEPHONE' is present

2020-10-15 14:35:31 - [MESSAGE][PASSED] - Object 'Object Repository/CERTPAY_QUICKSTI/Payment_Information_Page/TELEPHONE' is visible

2020-10-15 14:35:31 - [MESSAGE][PASSED] - Object 'Object Repository/CERTPAY_QUICKSTI/Payment_Information_Page/TELEPHONE' is present

2020-10-15 14:35:32 - [MESSAGE][PASSED] - Text '9989897654' is set on object 'Object Repository/CERTPAY_QUICKSTI/Payment_Information_Page/TELEPHONE'

2020-10-15 14:35:32 - [MESSAGE][PASSED] - Quicksti.ts:Entered'9989897654 into Telephone

2020-10-15 14:35:32 - [TEST_STEP][PASSED] - utilities.SafeActions.safeType(findTestObject("CERTPAY_QUICKSTI/Payment_Information_Page/EMAIL_ADDRESS"), emailAddress, "EMAIL address", [pageLoadTime]): Quicksti.ts:Entered'testing@zenq.com into EMAIL address

2020-10-15 14:35:33 - [MESSAGE][PASSED] - Object 'Object Repository/CERTPAY_QUICKSTI/Payment_Information_Page/EMAIL_ADDRESS' is present

2020-10-15 14:35:33 - [MESSAGE][PASSED] - Object 'Object Repository/CERTPAY_QUICKSTI/Payment_Information_Page/EMAIL_ADDRESS' is visible

2020-10-15 14:35:33 - [MESSAGE][PASSED] - Object 'Object Repository/CERTPAY_QUICKSTI/Payment_Information_Page/EMAIL_ADDRESS' is present

2020-10-15 14:35:35 - [MESSAGE][PASSED] - Text 'testing@zenq.com' is set on object 'Object Repository/CERTPAY_QUICKSTI/Payment_Information_Page/EMAIL_ADDRESS'

2020-10-15 14:35:35 - [MESSAGE][PASSED] - Quicksti.ts:Entered'testing@zenq.com into EMAIL address

2020-10-15 14:35:35 - [TEST_STEP][PASSED] - utilities.SafeActions.safeClick(findTestObject("CERTPAY_QUICKSTI/Payment_Information_Page/NEXT_BUTTON"), "Next", [pageLoadTime]): Quicksti.ts:Clicked on the Next

2020-10-15 14:35:35 - [MESSAGE][INFO] - safeClicking

2020-10-15 14:35:35 - [MESSAGE][PASSED] - Object 'Object Repository/CERTPAY_QUICKSTI/Payment_Information_Page/NEXT_BUTTON' is present

2020-10-15 14:35:35 - [MESSAGE][PASSED] - Object 'Object Repository/CERTPAY_QUICKSTI/Payment_Information_Page/NEXT_BUTTON' is clickable

2020-10-15 14:35:43 - [MESSAGE][PASSED] - Object: 'Object Repository/CERTPAY_QUICKSTI/Payment_Information_Page/NEXT_BUTTON' is clicked on

2020-10-15 14:35:43 - [MESSAGE][PASSED] - Quicksti.ts:Clicked on the Next

2020-10-15 14:35:43 - [TEST_STEP][FAILED] - pages.Quicksti.verifyUserPaymentDetails(paymentAmount, firstName, lastName, CardNumber): Unable to get text of object 'Object Repository/CERTPAY_QUICKSTI/Payment_Details_Verification_Page/AMOUNT'

2020-10-15 14:36:16 - [MESSAGE][INFO] - Unable to find the element located by 'By.xpath: (//td[@class='invoiceAmount col-xs-12 col-sm-2 amount'])[1]'. Please recheck the objects properties to make sure the desired element is located. 

2020-10-15 14:36:17 - [MESSAGE][FAILED] - Unable to get text of object 'Object Repository/CERTPAY_QUICKSTI/Payment_Details_Verification_Page/AMOUNT' (Root cause: com.kms.katalon.core.exception.StepFailedException: Unable to get text of object 'Object Repository/CERTPAY_QUICKSTI/Payment_Details_Verification_Page/AMOUNT'
	at com.kms.katalon.core.webui.keyword.internal.WebUIKeywordMain.stepFailed(WebUIKeywordMain.groovy:64)
	at com.kms.katalon.core.webui.keyword.internal.WebUIKeywordMain.runKeyword(WebUIKeywordMain.groovy:26)
	at com.kms.katalon.core.webui.keyword.builtin.GetTextKeyword.getText(GetTextKeyword.groovy:88)
	at com.kms.katalon.core.webui.keyword.builtin.GetTextKeyword.execute(GetTextKeyword.groovy:67)
	at com.kms.katalon.core.keyword.internal.KeywordExecutor.executeKeywordForPlatform(KeywordExecutor.groovy:72)
	at com.kms.katalon.core.webui.keyword.WebUiBuiltInKeywords.getText(WebUiBuiltInKeywords.groovy:888)
	at com.kms.katalon.core.webui.keyword.WebUiBuiltInKeywords$getText$10.call(Unknown Source)
	at pages.Quicksti.verifyUserPaymentDetails(Quicksti.groovy:104)
	at pages.Quicksti.invokeMethod(Quicksti.groovy)
	at com.kms.katalon.core.main.CustomKeywordDelegatingMetaClass.invokeStaticMethod(CustomKeywordDelegatingMetaClass.java:50)
	at TC_004_MultiBureauSite_MultiBureaus_SingleLinePayment.run(TC_004_MultiBureauSite_MultiBureaus_SingleLinePayment:108)
	at com.kms.katalon.core.main.ScriptEngine.run(ScriptEngine.java:194)
	at com.kms.katalon.core.main.ScriptEngine.runScriptAsRawText(ScriptEngine.java:119)
	at com.kms.katalon.core.main.TestCaseExecutor.runScript(TestCaseExecutor.java:337)
	at com.kms.katalon.core.main.TestCaseExecutor.doExecute(TestCaseExecutor.java:328)
	at com.kms.katalon.core.main.TestCaseExecutor.processExecutionPhase(TestCaseExecutor.java:307)
	at com.kms.katalon.core.main.TestCaseExecutor.accessMainPhase(TestCaseExecutor.java:299)
	at com.kms.katalon.core.main.TestCaseExecutor.execute(TestCaseExecutor.java:233)
	at com.kms.katalon.core.main.TestSuiteExecutor.accessTestCaseMainPhase(TestSuiteExecutor.java:169)
	at com.kms.katalon.core.main.TestSuiteExecutor.accessTestSuiteMainPhase(TestSuiteExecutor.java:142)
	at com.kms.katalon.core.main.TestSuiteExecutor.execute(TestSuiteExecutor.java:91)
	at com.kms.katalon.core.main.TestCaseMain.startTestSuite(TestCaseMain.java:157)
	at com.kms.katalon.core.main.TestCaseMain$startTestSuite$0.call(Unknown Source)
	at TempTestSuite1602750259530.run(TempTestSuite1602750259530.groovy:36)
Caused by: com.kms.katalon.core.webui.exception.WebElementNotFoundException: Web element with id: 'Object Repository/CERTPAY_QUICKSTI/Payment_Details_Verification_Page/AMOUNT' located by 'By.xpath: (//td[@class='invoiceAmount col-xs-12 col-sm-2 amount'])[1]' not found
	at com.kms.katalon.core.webui.common.WebUiCommonHelper.findWebElement(WebUiCommonHelper.java:1154)
	at com.kms.katalon.core.webui.keyword.internal.WebUIAbstractKeyword.findWebElement(WebUIAbstractKeyword.groovy:27)
	at com.kms.katalon.core.webui.keyword.internal.WebUIAbstractKeyword.findWebElement(WebUIAbstractKeyword.groovy:26)
	at com.kms.katalon.core.webui.keyword.builtin.GetTextKeyword$_getText_closure1.doCall(GetTextKeyword.groovy:78)
	at com.kms.katalon.core.webui.keyword.builtin.GetTextKeyword$_getText_closure1.call(GetTextKeyword.groovy)
	at com.kms.katalon.core.webui.keyword.internal.WebUIKeywordMain.runKeyword(WebUIKeywordMain.groovy:20)
	at com.kms.katalon.core.webui.keyword.builtin.GetTextKeyword.getText(GetTextKeyword.groovy:88)
	at com.kms.katalon.core.webui.keyword.builtin.GetTextKeyword.execute(GetTextKeyword.groovy:67)
	at com.kms.katalon.core.keyword.internal.KeywordExecutor.executeKeywordForPlatform(KeywordExecutor.groovy:72)
	at com.kms.katalon.core.webui.keyword.WebUiBuiltInKeywords.getText(WebUiBuiltInKeywords.groovy:888)
	at com.kms.katalon.core.webui.keyword.WebUiBuiltInKeywords$getText$10.call(Unknown Source)
	at pages.Quicksti.verifyUserPaymentDetails(Quicksti.groovy:104)
	at pages.Quicksti.invokeMethod(Quicksti.groovy)
	at com.kms.katalon.core.main.CustomKeywordDelegatingMetaClass.invokeStaticMethod(CustomKeywordDelegatingMetaClass.java:50)
	at Script1572264750878.run(Script1572264750878.groovy:108)
	... 13 more
)
[[ATTACHMENT|E:\\Sush_Certpay\\Reports\\20201015_135419\\Certpay_testSuite\\Quicksti\\20201015_135419\\1602752776080.png]]

2020-10-15 14:36:17 - [MESSAGE][FAILED] - Unable to get text of object 'Object Repository/CERTPAY_QUICKSTI/Payment_Details_Verification_Page/AMOUNT'

2020-10-15 14:36:17 - [TEST_STEP][PASSED] - Start listener action : afterTestCase: Browser is closed

2020-10-15 14:36:17 - [TEST_STEP][PASSED] - closeBrowser(): Browser is closed

2020-10-15 14:36:18 - [MESSAGE][PASSED] - Browser is closed]]></system-out>
         <system-err><![CDATA[2020-10-15 14:27:59 - [TEST_CASE][FAILED] - Test Cases/Certpay_Quicksti/TC_004_MultiBureauSite_MultiBureaus_SingleLinePayment: Test Cases/Certpay_Quicksti/TC_004_MultiBureauSite_MultiBureaus_SingleLinePayment FAILED.
Reason:
com.kms.katalon.core.exception.StepFailedException: Unable to get text of object 'Object Repository/CERTPAY_QUICKSTI/Payment_Details_Verification_Page/AMOUNT'
	at com.kms.katalon.core.webui.keyword.internal.WebUIKeywordMain.stepFailed(WebUIKeywordMain.groovy:64)
	at com.kms.katalon.core.webui.keyword.internal.WebUIKeywordMain.runKeyword(WebUIKeywordMain.groovy:26)
	at com.kms.katalon.core.webui.keyword.builtin.GetTextKeyword.getText(GetTextKeyword.groovy:88)
	at com.kms.katalon.core.webui.keyword.builtin.GetTextKeyword.execute(GetTextKeyword.groovy:67)
	at com.kms.katalon.core.keyword.internal.KeywordExecutor.executeKeywordForPlatform(KeywordExecutor.groovy:72)
	at com.kms.katalon.core.webui.keyword.WebUiBuiltInKeywords.getText(WebUiBuiltInKeywords.groovy:888)
	at com.kms.katalon.core.webui.keyword.WebUiBuiltInKeywords$getText$10.call(Unknown Source)
	at pages.Quicksti.verifyUserPaymentDetails(Quicksti.groovy:104)
	at pages.Quicksti.invokeMethod(Quicksti.groovy)
	at com.kms.katalon.core.main.CustomKeywordDelegatingMetaClass.invokeStaticMethod(CustomKeywordDelegatingMetaClass.java:50)
	at TC_004_MultiBureauSite_MultiBureaus_SingleLinePayment.run(TC_004_MultiBureauSite_MultiBureaus_SingleLinePayment:108)
	at com.kms.katalon.core.main.ScriptEngine.run(ScriptEngine.java:194)
	at com.kms.katalon.core.main.ScriptEngine.runScriptAsRawText(ScriptEngine.java:119)
	at com.kms.katalon.core.main.TestCaseExecutor.runScript(TestCaseExecutor.java:337)
	at com.kms.katalon.core.main.TestCaseExecutor.doExecute(TestCaseExecutor.java:328)
	at com.kms.katalon.core.main.TestCaseExecutor.processExecutionPhase(TestCaseExecutor.java:307)
	at com.kms.katalon.core.main.TestCaseExecutor.accessMainPhase(TestCaseExecutor.java:299)
	at com.kms.katalon.core.main.TestCaseExecutor.execute(TestCaseExecutor.java:233)
	at com.kms.katalon.core.main.TestSuiteExecutor.accessTestCaseMainPhase(TestSuiteExecutor.java:169)
	at com.kms.katalon.core.main.TestSuiteExecutor.accessTestSuiteMainPhase(TestSuiteExecutor.java:142)
	at com.kms.katalon.core.main.TestSuiteExecutor.execute(TestSuiteExecutor.java:91)
	at com.kms.katalon.core.main.TestCaseMain.startTestSuite(TestCaseMain.java:157)
	at com.kms.katalon.core.main.TestCaseMain$startTestSuite$0.call(Unknown Source)
	at TempTestSuite1602750259530.run(TempTestSuite1602750259530.groovy:36)
Caused by: com.kms.katalon.core.webui.exception.WebElementNotFoundException: Web element with id: 'Object Repository/CERTPAY_QUICKSTI/Payment_Details_Verification_Page/AMOUNT' located by 'By.xpath: (//td[@class='invoiceAmount col-xs-12 col-sm-2 amount'])[1]' not found
	at com.kms.katalon.core.webui.common.WebUiCommonHelper.findWebElement(WebUiCommonHelper.java:1154)
	at com.kms.katalon.core.webui.keyword.internal.WebUIAbstractKeyword.findWebElement(WebUIAbstractKeyword.groovy:27)
	at com.kms.katalon.core.webui.keyword.internal.WebUIAbstractKeyword.findWebElement(WebUIAbstractKeyword.groovy:26)
	at com.kms.katalon.core.webui.keyword.builtin.GetTextKeyword$_getText_closure1.doCall(GetTextKeyword.groovy:78)
	at com.kms.katalon.core.webui.keyword.builtin.GetTextKeyword$_getText_closure1.call(GetTextKeyword.groovy)
	at com.kms.katalon.core.webui.keyword.internal.WebUIKeywordMain.runKeyword(WebUIKeywordMain.groovy:20)
	... 22 more]]></system-err>
      </testcase>
      <testcase name="Test Cases/Certpay_Quicksti/TC_005_MultiBureauSite_MultiBureaus_MultiLinePayments" time="878.382" classname="Test Cases/Certpay_Quicksti/TC_005_MultiBureauSite_MultiBureaus_MultiLinePayments" status="PASSED">
         <system-out><![CDATA[2020-10-15 14:36:18 - [TEST_CASE][PASSED] - Test Cases/Certpay_Quicksti/TC_005_MultiBureauSite_MultiBureaus_MultiLinePayments: Test Cases/Certpay_Quicksti/TC_005_MultiBureauSite_MultiBureaus_MultiLinePayments

2020-10-15 14:36:18 - [TEST_STEP][PASSED] - Start listener action : beforeTestCase: null

2020-10-15 14:36:19 - [TEST_STEP][PASSED] - data = findTestData("Certpay/MultiBureau_MultiLine"): null

2020-10-15 14:36:19 - [TEST_STEP][PASSED] - amountList = []: null

2020-10-15 14:36:19 - [TEST_STEP][PASSED] - referenceList = []: null

2020-10-15 14:36:19 - [TEST_STEP][PASSED] - paymentTypeList = []: null

2020-10-15 14:36:19 - [TEST_STEP][PASSED] - quantityList = []: null

2020-10-15 14:36:19 - [TEST_STEP][PASSED] - commentsList = []: null

2020-10-15 14:36:19 - [TEST_STEP][PASSED] - paymentIdList = []: null

2020-10-15 14:36:19 - [TEST_STEP][PASSED] - list = new java.util.ArrayList(): null

2020-10-15 14:36:19 - [TEST_STEP][PASSED] - for (def index : (1..data.getRowNumbers())): null

2020-10-15 14:36:19 - [TEST_STEP][PASSED] - firstName = data.getValue("FirstName", index): null

2020-10-15 14:36:19 - [TEST_STEP][PASSED] - lastName = data.getValue("LastName", index): null

2020-10-15 14:36:19 - [TEST_STEP][PASSED] - cardNum = data.getValue("CardNumber", index): null

2020-10-15 14:36:19 - [TEST_STEP][PASSED] - expMonth = data.getValue("ExpMonth", index): null

2020-10-15 14:36:19 - [TEST_STEP][PASSED] - expYear = data.getValue("ExpYear", index): null

2020-10-15 14:36:19 - [TEST_STEP][PASSED] - securityCode = data.getValue("SecurityCode", index): null

2020-10-15 14:36:19 - [TEST_STEP][PASSED] - paymentAmount = data.getValue("PaymentAmount", index): null

2020-10-15 14:36:19 - [TEST_STEP][PASSED] - paymentType = data.getValue("PaymentType", index): null

2020-10-15 14:36:19 - [TEST_STEP][PASSED] - quantity = data.getValue("Quantity", index): null

2020-10-15 14:36:19 - [TEST_STEP][PASSED] - comments = data.getValue("Comments", index): null

2020-10-15 14:36:19 - [TEST_STEP][PASSED] - referenceNum = data.getValue("ReferenceNum", index): null

2020-10-15 14:36:19 - [TEST_STEP][PASSED] - address = data.getValue("Address", index): null

2020-10-15 14:36:19 - [TEST_STEP][PASSED] - zipCode = data.getValue("Zipcode", index): null

2020-10-15 14:36:19 - [TEST_STEP][PASSED] - telephone = data.getValue("Telephone", index): null

2020-10-15 14:36:19 - [TEST_STEP][PASSED] - emailAddress = data.getValue("EmailAddress", index): null

2020-10-15 14:36:19 - [TEST_STEP][PASSED] - cardType = data.getValue("CardType", index): null

2020-10-15 14:36:19 - [TEST_STEP][PASSED] - amountList = paymentAmount.split(","): null

2020-10-15 14:36:19 - [TEST_STEP][PASSED] - referenceList = referenceNum.split(","): null

2020-10-15 14:36:19 - [TEST_STEP][PASSED] - paymentTypeList = paymentType.split(","): null

2020-10-15 14:36:19 - [TEST_STEP][PASSED] - commentsList = comments.split(","): null

2020-10-15 14:36:19 - [TEST_STEP][PASSED] - quantityList = quantity.split(","): null

2020-10-15 14:36:19 - [TEST_STEP][PASSED] - utilities.SafeActions.openBrowser(Quicksti_Url, [pageLoadTime]): Browser launched successfully

2020-10-15 14:36:19 - [MESSAGE][INFO] - Opening Browser

2020-10-15 14:36:19 - [MESSAGE][INFO] - Starting 'Chrome' driver

2020-10-15 14:36:30 - [MESSAGE][PASSED] - Browser is opened with url: 'https://qa-certpayquicksti.faps.net/'

2020-10-15 14:36:32 - [MESSAGE][PASSED] - Current window maximized

2020-10-15 14:36:32 - [MESSAGE][PASSED] - Browser launched successfully

2020-10-15 14:36:32 - [TEST_STEP][PASSED] - utilities.SafeActions.safeCheck(findTestObject("CERTPAY_QUICKSTI/Login_ Page/MULTI_BUREAU_CHECKBOX"), "Multi Bureau", [pageLoadTime]): Quicksti.ts:Checkbox 'Multi Bureau'is selected

2020-10-15 14:36:32 - [MESSAGE][PASSED] - Object 'Object Repository/CERTPAY_QUICKSTI/Login_ Page/MULTI_BUREAU_CHECKBOX' is present

2020-10-15 14:36:33 - [MESSAGE][PASSED] - Object 'Object Repository/CERTPAY_QUICKSTI/Login_ Page/MULTI_BUREAU_CHECKBOX' is present

2020-10-15 14:36:34 - [MESSAGE][PASSED] - Object: 'Object Repository/CERTPAY_QUICKSTI/Login_ Page/MULTI_BUREAU_CHECKBOX' is clicked on

2020-10-15 14:36:34 - [MESSAGE][PASSED] - Quicksti.ts:Checkbox 'Multi Bureau'is selected

2020-10-15 14:36:34 - [TEST_STEP][PASSED] - utilities.SafeActions.safeType(findTestObject("CERTPAY_QUICKSTI/Login_ Page/TELLER_ID"), teller_id, "Bureau code", [pageLoadTime]): Quicksti.ts:Entered'zenq into Bureau code

2020-10-15 14:36:36 - [MESSAGE][PASSED] - Object 'Object Repository/CERTPAY_QUICKSTI/Login_ Page/TELLER_ID' is present

2020-10-15 14:36:36 - [MESSAGE][PASSED] - Object 'Object Repository/CERTPAY_QUICKSTI/Login_ Page/TELLER_ID' is visible

2020-10-15 14:36:36 - [MESSAGE][PASSED] - Object 'Object Repository/CERTPAY_QUICKSTI/Login_ Page/TELLER_ID' is present

2020-10-15 14:36:38 - [MESSAGE][PASSED] - Text 'zenq' is set on object 'Object Repository/CERTPAY_QUICKSTI/Login_ Page/TELLER_ID'

2020-10-15 14:36:38 - [MESSAGE][PASSED] - Quicksti.ts:Entered'zenq into Bureau code

2020-10-15 14:36:38 - [TEST_STEP][PASSED] - utilities.SafeActions.safeClick(findTestObject("CERTPAY_QUICKSTI/Login_ Page/NEXT_BUTTON"), "Next button", [pageLoadTime]): Quicksti.ts:Clicked on the Next button

2020-10-15 14:36:38 - [MESSAGE][INFO] - safeClicking

2020-10-15 14:36:38 - [MESSAGE][PASSED] - Object 'Object Repository/CERTPAY_QUICKSTI/Login_ Page/NEXT_BUTTON' is present

2020-10-15 14:36:38 - [MESSAGE][PASSED] - Object 'Object Repository/CERTPAY_QUICKSTI/Login_ Page/NEXT_BUTTON' is clickable

2020-10-15 14:36:42 - [MESSAGE][PASSED] - Object: 'Object Repository/CERTPAY_QUICKSTI/Login_ Page/NEXT_BUTTON' is clicked on

2020-10-15 14:36:42 - [MESSAGE][PASSED] - Quicksti.ts:Clicked on the Next button

2020-10-15 14:36:42 - [TEST_STEP][PASSED] - for ([i = 0, i <= amountList.size() - 1, (i++)]): Quicksti.ts:Entered'2 into Quntity

2020-10-15 14:36:42 - [TEST_STEP][PASSED] - s = Integer.toString(i): null

2020-10-15 14:36:42 - [TEST_STEP][PASSED] - pages.Quicksti.setCommnets("0", s, commentsList.get(i)): Quicksti.ts:Entered'Testing into Comments

2020-10-15 14:36:43 - [MESSAGE][PASSED] - Object '' is present

2020-10-15 14:36:43 - [MESSAGE][PASSED] - Object '' is visible

2020-10-15 14:36:43 - [MESSAGE][PASSED] - Object '' is present

2020-10-15 14:36:44 - [MESSAGE][PASSED] - Text 'Testing' is set on object ''

2020-10-15 14:36:44 - [MESSAGE][PASSED] - Quicksti.ts:Entered'Testing into Comments

2020-10-15 14:36:44 - [TEST_STEP][PASSED] - utilities.SafeActions.safeType(findTestObject("CERTPAY_QUICKSTI/Payment_Information_Page/PAYMENT_AMOUNT"), amountList.get(i), "Payment Amount", [pageLoadTime]): Quicksti.ts:Entered'45.00 into Payment Amount

2020-10-15 14:36:45 - [MESSAGE][PASSED] - Object 'Object Repository/CERTPAY_QUICKSTI/Payment_Information_Page/PAYMENT_AMOUNT' is present

2020-10-15 14:36:45 - [MESSAGE][PASSED] - Object 'Object Repository/CERTPAY_QUICKSTI/Payment_Information_Page/PAYMENT_AMOUNT' is visible

2020-10-15 14:36:45 - [MESSAGE][PASSED] - Object 'Object Repository/CERTPAY_QUICKSTI/Payment_Information_Page/PAYMENT_AMOUNT' is present

2020-10-15 14:36:47 - [MESSAGE][PASSED] - Text '45.00' is set on object 'Object Repository/CERTPAY_QUICKSTI/Payment_Information_Page/PAYMENT_AMOUNT'

2020-10-15 14:36:47 - [MESSAGE][PASSED] - Quicksti.ts:Entered'45.00 into Payment Amount

2020-10-15 14:36:47 - [TEST_STEP][PASSED] - pages.Quicksti.setAmountDetailsForMultiBureau(s, paymentTypeList.get(i), "0", referenceList.get(i), quantityList.get(i)): Quicksti.ts:Entered'1 into Quntity

2020-10-15 14:36:47 - [MESSAGE][PASSED] - Object '' is visible

2020-10-15 14:36:47 - [MESSAGE][PASSED] - Object '' is present

2020-10-15 14:36:49 - [MESSAGE][PASSED] - Object: '' is clicked on

2020-10-15 14:36:50 - [MESSAGE][PASSED] - All options with label 'Licenses' are selected in object ''  using regular expression

2020-10-15 14:36:50 - [MESSAGE][PASSED] - selected dropdown option by visible text  Licensesfrom Payment Type

2020-10-15 14:36:50 - [MESSAGE][PASSED] - Object '' is present

2020-10-15 14:36:50 - [MESSAGE][PASSED] - Object '' is visible

2020-10-15 14:36:51 - [MESSAGE][PASSED] - Object '' is present

2020-10-15 14:36:52 - [MESSAGE][PASSED] - Text '11' is set on object ''

2020-10-15 14:36:52 - [MESSAGE][PASSED] - Quicksti.ts:Entered'11 into RefrenceNumber

2020-10-15 14:36:52 - [MESSAGE][PASSED] - Object '' is present

2020-10-15 14:36:53 - [MESSAGE][PASSED] - Object '' is visible

2020-10-15 14:36:53 - [MESSAGE][PASSED] - Object '' is present

2020-10-15 14:36:54 - [MESSAGE][PASSED] - Text '1' is set on object ''

2020-10-15 14:36:54 - [MESSAGE][PASSED] - Quicksti.ts:Entered'1 into Quntity

2020-10-15 14:36:54 - [TEST_STEP][PASSED] - s = Integer.toString(i): null

2020-10-15 14:36:54 - [TEST_STEP][PASSED] - pages.Quicksti.setCommnets("0", s, commentsList.get(i)): Quicksti.ts:Entered'Tester into Comments

2020-10-15 14:36:55 - [MESSAGE][PASSED] - Object '' is present

2020-10-15 14:36:55 - [MESSAGE][PASSED] - Object '' is visible

2020-10-15 14:36:55 - [MESSAGE][PASSED] - Object '' is present

2020-10-15 14:36:57 - [MESSAGE][PASSED] - Text 'Tester' is set on object ''

2020-10-15 14:36:57 - [MESSAGE][PASSED] - Quicksti.ts:Entered'Tester into Comments

2020-10-15 14:36:57 - [TEST_STEP][PASSED] - utilities.SafeActions.safeType(findTestObject("CERTPAY_QUICKSTI/Payment_Information_Page/PAYMENT_AMOUNT"), amountList.get(i), "Payment Amount", [pageLoadTime]): Quicksti.ts:Entered'35.00 into Payment Amount

2020-10-15 14:36:57 - [MESSAGE][PASSED] - Object 'Object Repository/CERTPAY_QUICKSTI/Payment_Information_Page/PAYMENT_AMOUNT' is present

2020-10-15 14:36:57 - [MESSAGE][PASSED] - Object 'Object Repository/CERTPAY_QUICKSTI/Payment_Information_Page/PAYMENT_AMOUNT' is visible

2020-10-15 14:36:58 - [MESSAGE][PASSED] - Object 'Object Repository/CERTPAY_QUICKSTI/Payment_Information_Page/PAYMENT_AMOUNT' is present

2020-10-15 14:36:59 - [MESSAGE][PASSED] - Text '35.00' is set on object 'Object Repository/CERTPAY_QUICKSTI/Payment_Information_Page/PAYMENT_AMOUNT'

2020-10-15 14:36:59 - [MESSAGE][PASSED] - Quicksti.ts:Entered'35.00 into Payment Amount

2020-10-15 14:36:59 - [TEST_STEP][PASSED] - pages.Quicksti.setAmountDetailsForMultiBureau(s, paymentTypeList.get(i), "0", referenceList.get(i), quantityList.get(i)): Quicksti.ts:Entered'2 into Quntity

2020-10-15 14:36:59 - [MESSAGE][PASSED] - Object '' is visible

2020-10-15 14:37:00 - [MESSAGE][PASSED] - Object '' is present

2020-10-15 14:37:01 - [MESSAGE][PASSED] - Object: '' is clicked on

2020-10-15 14:37:02 - [MESSAGE][PASSED] - All options with label 'Taxes' are selected in object ''  using regular expression

2020-10-15 14:37:02 - [MESSAGE][PASSED] - selected dropdown option by visible text  Taxesfrom Payment Type

2020-10-15 14:37:03 - [MESSAGE][PASSED] - Object '' is present

2020-10-15 14:37:03 - [MESSAGE][PASSED] - Object '' is visible

2020-10-15 14:37:03 - [MESSAGE][PASSED] - Object '' is present

2020-10-15 14:37:05 - [MESSAGE][PASSED] - Text '12' is set on object ''

2020-10-15 14:37:05 - [MESSAGE][PASSED] - Quicksti.ts:Entered'12 into RefrenceNumber

2020-10-15 14:37:05 - [MESSAGE][PASSED] - Object '' is present

2020-10-15 14:37:05 - [MESSAGE][PASSED] - Object '' is visible

2020-10-15 14:37:05 - [MESSAGE][PASSED] - Object '' is present

2020-10-15 14:37:07 - [MESSAGE][PASSED] - Text '2' is set on object ''

2020-10-15 14:37:07 - [MESSAGE][PASSED] - Quicksti.ts:Entered'2 into Quntity

2020-10-15 14:37:07 - [TEST_STEP][PASSED] - s = Integer.toString(i): null

2020-10-15 14:37:07 - [TEST_STEP][PASSED] - pages.Quicksti.setCommnets("0", s, commentsList.get(i)): Quicksti.ts:Entered'Testing into Comments

2020-10-15 14:37:07 - [MESSAGE][PASSED] - Object '' is present

2020-10-15 14:37:07 - [MESSAGE][PASSED] - Object '' is visible

2020-10-15 14:37:08 - [MESSAGE][PASSED] - Object '' is present

2020-10-15 14:37:09 - [MESSAGE][PASSED] - Text 'Testing' is set on object ''

2020-10-15 14:37:09 - [MESSAGE][PASSED] - Quicksti.ts:Entered'Testing into Comments

2020-10-15 14:37:09 - [TEST_STEP][PASSED] - utilities.SafeActions.safeType(findTestObject("CERTPAY_QUICKSTI/Payment_Information_Page/PAYMENT_AMOUNT"), amountList.get(i), "Payment Amount", [pageLoadTime]): Quicksti.ts:Entered'20.00 into Payment Amount

2020-10-15 14:37:09 - [MESSAGE][PASSED] - Object 'Object Repository/CERTPAY_QUICKSTI/Payment_Information_Page/PAYMENT_AMOUNT' is present

2020-10-15 14:37:10 - [MESSAGE][PASSED] - Object 'Object Repository/CERTPAY_QUICKSTI/Payment_Information_Page/PAYMENT_AMOUNT' is visible

2020-10-15 14:37:10 - [MESSAGE][PASSED] - Object 'Object Repository/CERTPAY_QUICKSTI/Payment_Information_Page/PAYMENT_AMOUNT' is present

2020-10-15 14:37:11 - [MESSAGE][PASSED] - Text '20.00' is set on object 'Object Repository/CERTPAY_QUICKSTI/Payment_Information_Page/PAYMENT_AMOUNT'

2020-10-15 14:37:11 - [MESSAGE][PASSED] - Quicksti.ts:Entered'20.00 into Payment Amount

2020-10-15 14:37:11 - [TEST_STEP][PASSED] - pages.Quicksti.setAmountDetailsForMultiBureau(s, paymentTypeList.get(i), "0", referenceList.get(i), quantityList.get(i)): Quicksti.ts:Entered'2 into Quntity

2020-10-15 14:37:12 - [MESSAGE][PASSED] - Object '' is visible

2020-10-15 14:37:12 - [MESSAGE][PASSED] - Object '' is present

2020-10-15 14:37:13 - [MESSAGE][PASSED] - Object: '' is clicked on

2020-10-15 14:37:14 - [MESSAGE][PASSED] - All options with label 'Court Fines' are selected in object ''  using regular expression

2020-10-15 14:37:14 - [MESSAGE][PASSED] - selected dropdown option by visible text  Court Finesfrom Payment Type

2020-10-15 14:37:15 - [MESSAGE][PASSED] - Object '' is present

2020-10-15 14:37:15 - [MESSAGE][PASSED] - Object '' is visible

2020-10-15 14:37:15 - [MESSAGE][PASSED] - Object '' is present

2020-10-15 14:37:17 - [MESSAGE][PASSED] - Text '13' is set on object ''

2020-10-15 14:37:17 - [MESSAGE][PASSED] - Quicksti.ts:Entered'13 into RefrenceNumber

2020-10-15 14:37:17 - [MESSAGE][PASSED] - Object '' is present

2020-10-15 14:37:17 - [MESSAGE][PASSED] - Object '' is visible

2020-10-15 14:37:18 - [MESSAGE][PASSED] - Object '' is present

2020-10-15 14:37:19 - [MESSAGE][PASSED] - Text '2' is set on object ''

2020-10-15 14:37:19 - [MESSAGE][PASSED] - Quicksti.ts:Entered'2 into Quntity

2020-10-15 14:37:19 - [TEST_STEP][PASSED] - for ([i = 0, i <= amountList.size() - 1, (i++)]): Quicksti.ts:Entered'2 into Quntity

2020-10-15 14:37:19 - [TEST_STEP][PASSED] - s = Integer.toString(i): null

2020-10-15 14:37:19 - [TEST_STEP][PASSED] - utilities.SafeActions.safeType(findTestObject("CERTPAY_QUICKSTI/Payment_Information_Page/MULTIBUREAU_PAYMENT_AMOUNT"), amountList.get(i), "Payment Amount", [pageLoadTime]): Quicksti.ts:Entered'45.00 into Payment Amount

2020-10-15 14:37:19 - [MESSAGE][PASSED] - Object 'Object Repository/CERTPAY_QUICKSTI/Payment_Information_Page/MULTIBUREAU_PAYMENT_AMOUNT' is present

2020-10-15 14:37:20 - [MESSAGE][PASSED] - Object 'Object Repository/CERTPAY_QUICKSTI/Payment_Information_Page/MULTIBUREAU_PAYMENT_AMOUNT' is visible

2020-10-15 14:37:20 - [MESSAGE][PASSED] - Object 'Object Repository/CERTPAY_QUICKSTI/Payment_Information_Page/MULTIBUREAU_PAYMENT_AMOUNT' is present

2020-10-15 14:37:21 - [MESSAGE][PASSED] - Text '45.00' is set on object 'Object Repository/CERTPAY_QUICKSTI/Payment_Information_Page/MULTIBUREAU_PAYMENT_AMOUNT'

2020-10-15 14:37:21 - [MESSAGE][PASSED] - Quicksti.ts:Entered'45.00 into Payment Amount

2020-10-15 14:37:21 - [TEST_STEP][PASSED] - pages.Quicksti.setAmountDetailsForMultiBureau(s, "Registration Fees", "1", referenceList.get(i), quantityList.get(i)): Quicksti.ts:Entered'1 into Quntity

2020-10-15 14:37:22 - [MESSAGE][PASSED] - Object '' is visible

2020-10-15 14:37:22 - [MESSAGE][PASSED] - Object '' is present

2020-10-15 14:37:23 - [MESSAGE][PASSED] - Object: '' is clicked on

2020-10-15 14:37:24 - [MESSAGE][PASSED] - All options with label 'Registration Fees' are selected in object ''  using regular expression

2020-10-15 14:37:24 - [MESSAGE][PASSED] - selected dropdown option by visible text  Registration Feesfrom Payment Type

2020-10-15 14:37:25 - [MESSAGE][PASSED] - Object '' is present

2020-10-15 14:37:25 - [MESSAGE][PASSED] - Object '' is visible

2020-10-15 14:37:25 - [MESSAGE][PASSED] - Object '' is present

2020-10-15 14:37:26 - [MESSAGE][PASSED] - Text '11' is set on object ''

2020-10-15 14:37:26 - [MESSAGE][PASSED] - Quicksti.ts:Entered'11 into RefrenceNumber

2020-10-15 14:37:27 - [MESSAGE][PASSED] - Object '' is present

2020-10-15 14:37:27 - [MESSAGE][PASSED] - Object '' is visible

2020-10-15 14:37:27 - [MESSAGE][PASSED] - Object '' is present

2020-10-15 14:37:29 - [MESSAGE][PASSED] - Text '1' is set on object ''

2020-10-15 14:37:29 - [MESSAGE][PASSED] - Quicksti.ts:Entered'1 into Quntity

2020-10-15 14:37:29 - [TEST_STEP][PASSED] - s = Integer.toString(i): null

2020-10-15 14:37:29 - [TEST_STEP][PASSED] - utilities.SafeActions.safeType(findTestObject("CERTPAY_QUICKSTI/Payment_Information_Page/MULTIBUREAU_PAYMENT_AMOUNT"), amountList.get(i), "Payment Amount", [pageLoadTime]): Quicksti.ts:Entered'35.00 into Payment Amount

2020-10-15 14:37:29 - [MESSAGE][PASSED] - Object 'Object Repository/CERTPAY_QUICKSTI/Payment_Information_Page/MULTIBUREAU_PAYMENT_AMOUNT' is present

2020-10-15 14:37:29 - [MESSAGE][PASSED] - Object 'Object Repository/CERTPAY_QUICKSTI/Payment_Information_Page/MULTIBUREAU_PAYMENT_AMOUNT' is visible

2020-10-15 14:37:30 - [MESSAGE][PASSED] - Object 'Object Repository/CERTPAY_QUICKSTI/Payment_Information_Page/MULTIBUREAU_PAYMENT_AMOUNT' is present

2020-10-15 14:37:31 - [MESSAGE][PASSED] - Text '35.00' is set on object 'Object Repository/CERTPAY_QUICKSTI/Payment_Information_Page/MULTIBUREAU_PAYMENT_AMOUNT'

2020-10-15 14:37:31 - [MESSAGE][PASSED] - Quicksti.ts:Entered'35.00 into Payment Amount

2020-10-15 14:37:31 - [TEST_STEP][PASSED] - pages.Quicksti.setAmountDetailsForMultiBureau(s, "Registration Fees", "1", referenceList.get(i), quantityList.get(i)): Quicksti.ts:Entered'2 into Quntity

2020-10-15 14:37:31 - [MESSAGE][PASSED] - Object '' is visible

2020-10-15 14:37:32 - [MESSAGE][PASSED] - Object '' is present

2020-10-15 14:37:33 - [MESSAGE][PASSED] - Object: '' is clicked on

2020-10-15 14:37:34 - [MESSAGE][PASSED] - All options with label 'Registration Fees' are selected in object ''  using regular expression

2020-10-15 14:37:34 - [MESSAGE][PASSED] - selected dropdown option by visible text  Registration Feesfrom Payment Type

2020-10-15 14:37:34 - [MESSAGE][PASSED] - Object '' is present

2020-10-15 14:37:35 - [MESSAGE][PASSED] - Object '' is visible

2020-10-15 14:37:35 - [MESSAGE][PASSED] - Object '' is present

2020-10-15 14:37:36 - [MESSAGE][PASSED] - Text '12' is set on object ''

2020-10-15 14:37:36 - [MESSAGE][PASSED] - Quicksti.ts:Entered'12 into RefrenceNumber

2020-10-15 14:37:37 - [MESSAGE][PASSED] - Object '' is present

2020-10-15 14:37:37 - [MESSAGE][PASSED] - Object '' is visible

2020-10-15 14:37:37 - [MESSAGE][PASSED] - Object '' is present

2020-10-15 14:37:38 - [MESSAGE][PASSED] - Text '2' is set on object ''

2020-10-15 14:37:38 - [MESSAGE][PASSED] - Quicksti.ts:Entered'2 into Quntity

2020-10-15 14:37:38 - [TEST_STEP][PASSED] - s = Integer.toString(i): null

2020-10-15 14:37:38 - [TEST_STEP][PASSED] - utilities.SafeActions.safeType(findTestObject("CERTPAY_QUICKSTI/Payment_Information_Page/MULTIBUREAU_PAYMENT_AMOUNT"), amountList.get(i), "Payment Amount", [pageLoadTime]): Quicksti.ts:Entered'20.00 into Payment Amount

2020-10-15 14:37:39 - [MESSAGE][PASSED] - Object 'Object Repository/CERTPAY_QUICKSTI/Payment_Information_Page/MULTIBUREAU_PAYMENT_AMOUNT' is present

2020-10-15 14:37:39 - [MESSAGE][PASSED] - Object 'Object Repository/CERTPAY_QUICKSTI/Payment_Information_Page/MULTIBUREAU_PAYMENT_AMOUNT' is visible

2020-10-15 14:37:39 - [MESSAGE][PASSED] - Object 'Object Repository/CERTPAY_QUICKSTI/Payment_Information_Page/MULTIBUREAU_PAYMENT_AMOUNT' is present

2020-10-15 14:37:41 - [MESSAGE][PASSED] - Text '20.00' is set on object 'Object Repository/CERTPAY_QUICKSTI/Payment_Information_Page/MULTIBUREAU_PAYMENT_AMOUNT'

2020-10-15 14:37:41 - [MESSAGE][PASSED] - Quicksti.ts:Entered'20.00 into Payment Amount

2020-10-15 14:37:41 - [TEST_STEP][PASSED] - pages.Quicksti.setAmountDetailsForMultiBureau(s, "Registration Fees", "1", referenceList.get(i), quantityList.get(i)): Quicksti.ts:Entered'2 into Quntity

2020-10-15 14:37:41 - [MESSAGE][PASSED] - Object '' is visible

2020-10-15 14:37:42 - [MESSAGE][PASSED] - Object '' is present

2020-10-15 14:37:43 - [MESSAGE][PASSED] - Object: '' is clicked on

2020-10-15 14:37:44 - [MESSAGE][PASSED] - All options with label 'Registration Fees' are selected in object ''  using regular expression

2020-10-15 14:37:44 - [MESSAGE][PASSED] - selected dropdown option by visible text  Registration Feesfrom Payment Type

2020-10-15 14:37:44 - [MESSAGE][PASSED] - Object '' is present

2020-10-15 14:37:45 - [MESSAGE][PASSED] - Object '' is visible

2020-10-15 14:37:45 - [MESSAGE][PASSED] - Object '' is present

2020-10-15 14:37:46 - [MESSAGE][PASSED] - Text '13' is set on object ''

2020-10-15 14:37:46 - [MESSAGE][PASSED] - Quicksti.ts:Entered'13 into RefrenceNumber

2020-10-15 14:37:47 - [MESSAGE][PASSED] - Object '' is present

2020-10-15 14:37:47 - [MESSAGE][PASSED] - Object '' is visible

2020-10-15 14:37:47 - [MESSAGE][PASSED] - Object '' is present

2020-10-15 14:37:48 - [MESSAGE][PASSED] - Text '2' is set on object ''

2020-10-15 14:37:48 - [MESSAGE][PASSED] - Quicksti.ts:Entered'2 into Quntity

2020-10-15 14:37:48 - [TEST_STEP][PASSED] - for ([i = 0, i <= amountList.size() - 1, (i++)]): Quicksti.ts:Entered'Testing into Comments

2020-10-15 14:37:48 - [TEST_STEP][PASSED] - s = Integer.toString(i): null

2020-10-15 14:37:48 - [TEST_STEP][PASSED] - utilities.SafeActions.safeType(findTestObject("CERTPAY_QUICKSTI/Payment_Information_Page/MULTIBUREAU_PAY_AMOUNT2"), amountList.get(i), "Payment Amount", [pageLoadTime]): Quicksti.ts:Entered'45.00 into Payment Amount

2020-10-15 14:37:49 - [MESSAGE][PASSED] - Object 'Object Repository/CERTPAY_QUICKSTI/Payment_Information_Page/MULTIBUREAU_PAY_AMOUNT2' is present

2020-10-15 14:37:49 - [MESSAGE][PASSED] - Object 'Object Repository/CERTPAY_QUICKSTI/Payment_Information_Page/MULTIBUREAU_PAY_AMOUNT2' is visible

2020-10-15 14:37:49 - [MESSAGE][PASSED] - Object 'Object Repository/CERTPAY_QUICKSTI/Payment_Information_Page/MULTIBUREAU_PAY_AMOUNT2' is present

2020-10-15 14:37:51 - [MESSAGE][PASSED] - Text '45.00' is set on object 'Object Repository/CERTPAY_QUICKSTI/Payment_Information_Page/MULTIBUREAU_PAY_AMOUNT2'

2020-10-15 14:37:51 - [MESSAGE][PASSED] - Quicksti.ts:Entered'45.00 into Payment Amount

2020-10-15 14:37:51 - [TEST_STEP][PASSED] - pages.Quicksti.setAmountDetailsForMultiBureau(s, "Vehicles", "2", referenceList.get(i), quantityList.get(i)): Quicksti.ts:Entered'1 into Quntity

2020-10-15 14:37:51 - [MESSAGE][PASSED] - Object '' is visible

2020-10-15 14:37:52 - [MESSAGE][PASSED] - Object '' is present

2020-10-15 14:37:53 - [MESSAGE][PASSED] - Object: '' is clicked on

2020-10-15 14:37:54 - [MESSAGE][PASSED] - All options with label 'Vehicles' are selected in object ''  using regular expression

2020-10-15 14:37:54 - [MESSAGE][PASSED] - selected dropdown option by visible text  Vehiclesfrom Payment Type

2020-10-15 14:37:54 - [MESSAGE][PASSED] - Object '' is present

2020-10-15 14:37:55 - [MESSAGE][PASSED] - Object '' is visible

2020-10-15 14:37:55 - [MESSAGE][PASSED] - Object '' is present

2020-10-15 14:37:56 - [MESSAGE][PASSED] - Text '11' is set on object ''

2020-10-15 14:37:56 - [MESSAGE][PASSED] - Quicksti.ts:Entered'11 into RefrenceNumber

2020-10-15 14:37:56 - [MESSAGE][PASSED] - Object '' is present

2020-10-15 14:37:57 - [MESSAGE][PASSED] - Object '' is visible

2020-10-15 14:37:57 - [MESSAGE][PASSED] - Object '' is present

2020-10-15 14:37:58 - [MESSAGE][PASSED] - Text '1' is set on object ''

2020-10-15 14:37:58 - [MESSAGE][PASSED] - Quicksti.ts:Entered'1 into Quntity

2020-10-15 14:37:58 - [TEST_STEP][PASSED] - pages.Quicksti.setCommnets("2", s, commentsList.get(i)): Quicksti.ts:Entered'Testing into Comments

2020-10-15 14:37:59 - [MESSAGE][PASSED] - Object '' is present

2020-10-15 14:37:59 - [MESSAGE][PASSED] - Object '' is visible

2020-10-15 14:37:59 - [MESSAGE][PASSED] - Object '' is present

2020-10-15 14:38:01 - [MESSAGE][PASSED] - Text 'Testing' is set on object ''

2020-10-15 14:38:01 - [MESSAGE][PASSED] - Quicksti.ts:Entered'Testing into Comments

2020-10-15 14:38:01 - [TEST_STEP][PASSED] - s = Integer.toString(i): null

2020-10-15 14:38:01 - [TEST_STEP][PASSED] - utilities.SafeActions.safeType(findTestObject("CERTPAY_QUICKSTI/Payment_Information_Page/MULTIBUREAU_PAY_AMOUNT2"), amountList.get(i), "Payment Amount", [pageLoadTime]): Quicksti.ts:Entered'35.00 into Payment Amount

2020-10-15 14:38:01 - [MESSAGE][PASSED] - Object 'Object Repository/CERTPAY_QUICKSTI/Payment_Information_Page/MULTIBUREAU_PAY_AMOUNT2' is present

2020-10-15 14:38:01 - [MESSAGE][PASSED] - Object 'Object Repository/CERTPAY_QUICKSTI/Payment_Information_Page/MULTIBUREAU_PAY_AMOUNT2' is visible

2020-10-15 14:38:01 - [MESSAGE][PASSED] - Object 'Object Repository/CERTPAY_QUICKSTI/Payment_Information_Page/MULTIBUREAU_PAY_AMOUNT2' is present

2020-10-15 14:38:03 - [MESSAGE][PASSED] - Text '35.00' is set on object 'Object Repository/CERTPAY_QUICKSTI/Payment_Information_Page/MULTIBUREAU_PAY_AMOUNT2'

2020-10-15 14:38:03 - [MESSAGE][PASSED] - Quicksti.ts:Entered'35.00 into Payment Amount

2020-10-15 14:38:03 - [TEST_STEP][PASSED] - pages.Quicksti.setAmountDetailsForMultiBureau(s, "Vehicles", "2", referenceList.get(i), quantityList.get(i)): Quicksti.ts:Entered'2 into Quntity

2020-10-15 14:38:03 - [MESSAGE][PASSED] - Object '' is visible

2020-10-15 14:38:04 - [MESSAGE][PASSED] - Object '' is present

2020-10-15 14:38:05 - [MESSAGE][PASSED] - Object: '' is clicked on

2020-10-15 14:38:06 - [MESSAGE][PASSED] - All options with label 'Vehicles' are selected in object ''  using regular expression

2020-10-15 14:38:06 - [MESSAGE][PASSED] - selected dropdown option by visible text  Vehiclesfrom Payment Type

2020-10-15 14:38:06 - [MESSAGE][PASSED] - Object '' is present

2020-10-15 14:38:07 - [MESSAGE][PASSED] - Object '' is visible

2020-10-15 14:38:07 - [MESSAGE][PASSED] - Object '' is present

2020-10-15 14:38:08 - [MESSAGE][PASSED] - Text '12' is set on object ''

2020-10-15 14:38:08 - [MESSAGE][PASSED] - Quicksti.ts:Entered'12 into RefrenceNumber

2020-10-15 14:38:08 - [MESSAGE][PASSED] - Object '' is present

2020-10-15 14:38:09 - [MESSAGE][PASSED] - Object '' is visible

2020-10-15 14:38:09 - [MESSAGE][PASSED] - Object '' is present

2020-10-15 14:38:10 - [MESSAGE][PASSED] - Text '2' is set on object ''

2020-10-15 14:38:10 - [MESSAGE][PASSED] - Quicksti.ts:Entered'2 into Quntity

2020-10-15 14:38:10 - [TEST_STEP][PASSED] - pages.Quicksti.setCommnets("2", s, commentsList.get(i)): Quicksti.ts:Entered'Tester into Comments

2020-10-15 14:38:11 - [MESSAGE][PASSED] - Object '' is present

2020-10-15 14:38:11 - [MESSAGE][PASSED] - Object '' is visible

2020-10-15 14:38:11 - [MESSAGE][PASSED] - Object '' is present

2020-10-15 14:38:12 - [MESSAGE][PASSED] - Text 'Tester' is set on object ''

2020-10-15 14:38:12 - [MESSAGE][PASSED] - Quicksti.ts:Entered'Tester into Comments

2020-10-15 14:38:12 - [TEST_STEP][PASSED] - s = Integer.toString(i): null

2020-10-15 14:38:12 - [TEST_STEP][PASSED] - utilities.SafeActions.safeType(findTestObject("CERTPAY_QUICKSTI/Payment_Information_Page/MULTIBUREAU_PAY_AMOUNT2"), amountList.get(i), "Payment Amount", [pageLoadTime]): Quicksti.ts:Entered'20.00 into Payment Amount

2020-10-15 14:38:13 - [MESSAGE][PASSED] - Object 'Object Repository/CERTPAY_QUICKSTI/Payment_Information_Page/MULTIBUREAU_PAY_AMOUNT2' is present

2020-10-15 14:38:13 - [MESSAGE][PASSED] - Object 'Object Repository/CERTPAY_QUICKSTI/Payment_Information_Page/MULTIBUREAU_PAY_AMOUNT2' is visible

2020-10-15 14:38:13 - [MESSAGE][PASSED] - Object 'Object Repository/CERTPAY_QUICKSTI/Payment_Information_Page/MULTIBUREAU_PAY_AMOUNT2' is present

2020-10-15 14:38:15 - [MESSAGE][PASSED] - Text '20.00' is set on object 'Object Repository/CERTPAY_QUICKSTI/Payment_Information_Page/MULTIBUREAU_PAY_AMOUNT2'

2020-10-15 14:38:15 - [MESSAGE][PASSED] - Quicksti.ts:Entered'20.00 into Payment Amount

2020-10-15 14:38:15 - [TEST_STEP][PASSED] - pages.Quicksti.setAmountDetailsForMultiBureau(s, "Vehicles", "2", referenceList.get(i), quantityList.get(i)): Quicksti.ts:Entered'2 into Quntity

2020-10-15 14:38:15 - [MESSAGE][PASSED] - Object '' is visible

2020-10-15 14:38:16 - [MESSAGE][PASSED] - Object '' is present

2020-10-15 14:38:17 - [MESSAGE][PASSED] - Object: '' is clicked on

2020-10-15 14:38:18 - [MESSAGE][PASSED] - All options with label 'Vehicles' are selected in object ''  using regular expression

2020-10-15 14:38:18 - [MESSAGE][PASSED] - selected dropdown option by visible text  Vehiclesfrom Payment Type

2020-10-15 14:38:19 - [MESSAGE][PASSED] - Object '' is present

2020-10-15 14:38:19 - [MESSAGE][PASSED] - Object '' is visible

2020-10-15 14:38:19 - [MESSAGE][PASSED] - Object '' is present

2020-10-15 14:38:20 - [MESSAGE][PASSED] - Text '13' is set on object ''

2020-10-15 14:38:20 - [MESSAGE][PASSED] - Quicksti.ts:Entered'13 into RefrenceNumber

2020-10-15 14:38:21 - [MESSAGE][PASSED] - Object '' is present

2020-10-15 14:38:21 - [MESSAGE][PASSED] - Object '' is visible

2020-10-15 14:38:21 - [MESSAGE][PASSED] - Object '' is present

2020-10-15 14:38:23 - [MESSAGE][PASSED] - Text '2' is set on object ''

2020-10-15 14:38:23 - [MESSAGE][PASSED] - Quicksti.ts:Entered'2 into Quntity

2020-10-15 14:38:23 - [TEST_STEP][PASSED] - pages.Quicksti.setCommnets("2", s, commentsList.get(i)): Quicksti.ts:Entered'Testing into Comments

2020-10-15 14:38:23 - [MESSAGE][PASSED] - Object '' is present

2020-10-15 14:38:23 - [MESSAGE][PASSED] - Object '' is visible

2020-10-15 14:38:24 - [MESSAGE][PASSED] - Object '' is present

2020-10-15 14:38:25 - [MESSAGE][PASSED] - Text 'Testing' is set on object ''

2020-10-15 14:38:25 - [MESSAGE][PASSED] - Quicksti.ts:Entered'Testing into Comments

2020-10-15 14:38:25 - [TEST_STEP][PASSED] - utilities.SafeActions.safeClick(findTestObject("CERTPAY_QUICKSTI/Payment_Information_Page/MANUAL_ENTRY_BUTTON"), "ManualEntry", [pageLoadTime]): Quicksti.ts:Clicked on the ManualEntry

2020-10-15 14:38:25 - [MESSAGE][INFO] - safeClicking

2020-10-15 14:38:25 - [MESSAGE][PASSED] - Object 'Object Repository/CERTPAY_QUICKSTI/Payment_Information_Page/MANUAL_ENTRY_BUTTON' is present

2020-10-15 14:38:25 - [MESSAGE][PASSED] - Object 'Object Repository/CERTPAY_QUICKSTI/Payment_Information_Page/MANUAL_ENTRY_BUTTON' is clickable

2020-10-15 14:38:30 - [MESSAGE][PASSED] - Object: 'Object Repository/CERTPAY_QUICKSTI/Payment_Information_Page/MANUAL_ENTRY_BUTTON' is clicked on

2020-10-15 14:38:30 - [MESSAGE][PASSED] - Quicksti.ts:Clicked on the ManualEntry

2020-10-15 14:38:30 - [TEST_STEP][PASSED] - amount_Value = pages.Quicksti.getAttributeValue(findTestObject("CERTPAY_QUICKSTI/Payment_Information_Page/SUB_TOTAL")): pages.Quicksti.getAttributeValue is PASSED

2020-10-15 14:38:31 - [MESSAGE][PASSED] - Attribute 'value' of object 'Object Repository/CERTPAY_QUICKSTI/Payment_Information_Page/SUB_TOTAL' is: '45.00'

2020-10-15 14:38:31 - [MESSAGE][PASSED] - pages.Quicksti.getAttributeValue is PASSED

2020-10-15 14:38:31 - [TEST_STEP][PASSED] - CardNumber = pages.Quicksti.setUserPaymentDetails(firstName, lastName, cardNum): Quicksti.ts:Entered'4761739001010135 into CardNum

2020-10-15 14:38:32 - [MESSAGE][PASSED] - Object 'Object Repository/CERTPAY_QUICKSTI/Payment_Information_Page/FIRST_NAME' is present

2020-10-15 14:38:32 - [MESSAGE][PASSED] - Object 'Object Repository/CERTPAY_QUICKSTI/Payment_Information_Page/FIRST_NAME' is visible

2020-10-15 14:38:32 - [MESSAGE][PASSED] - Object 'Object Repository/CERTPAY_QUICKSTI/Payment_Information_Page/FIRST_NAME' is present

2020-10-15 14:38:33 - [MESSAGE][PASSED] - Text 'Tester' is set on object 'Object Repository/CERTPAY_QUICKSTI/Payment_Information_Page/FIRST_NAME'

2020-10-15 14:38:33 - [MESSAGE][PASSED] - Quicksti.ts:Entered'Tester into FirstName

2020-10-15 14:38:34 - [MESSAGE][PASSED] - Object 'Object Repository/CERTPAY_QUICKSTI/Payment_Information_Page/LAST_NAME' is present

2020-10-15 14:38:34 - [MESSAGE][PASSED] - Object 'Object Repository/CERTPAY_QUICKSTI/Payment_Information_Page/LAST_NAME' is visible

2020-10-15 14:38:34 - [MESSAGE][PASSED] - Object 'Object Repository/CERTPAY_QUICKSTI/Payment_Information_Page/LAST_NAME' is present

2020-10-15 14:38:36 - [MESSAGE][PASSED] - Text 'Zenq1' is set on object 'Object Repository/CERTPAY_QUICKSTI/Payment_Information_Page/LAST_NAME'

2020-10-15 14:38:36 - [MESSAGE][PASSED] - Quicksti.ts:Entered'Zenq1 into LAstName

2020-10-15 14:38:36 - [MESSAGE][PASSED] - Object 'Object Repository/CERTPAY_QUICKSTI/Payment_Information_Page/CARD_NUMBER' is present

2020-10-15 14:38:36 - [MESSAGE][PASSED] - Object 'Object Repository/CERTPAY_QUICKSTI/Payment_Information_Page/CARD_NUMBER' is visible

2020-10-15 14:38:37 - [MESSAGE][PASSED] - Object 'Object Repository/CERTPAY_QUICKSTI/Payment_Information_Page/CARD_NUMBER' is present

2020-10-15 14:38:38 - [MESSAGE][PASSED] - Text '4761739001010135' is set on object 'Object Repository/CERTPAY_QUICKSTI/Payment_Information_Page/CARD_NUMBER'

2020-10-15 14:38:38 - [MESSAGE][PASSED] - Quicksti.ts:Entered'4761739001010135 into CardNum

2020-10-15 14:38:38 - [TEST_STEP][PASSED] - pages.Quicksti.setExpDate(expMonth, expYear, securityCode): Quicksti.ts:Entered'207 into securityCode

2020-10-15 14:38:38 - [MESSAGE][PASSED] - Object 'Object Repository/CERTPAY_QUICKSTI/Payment_Information_Page/EXP_MONTH' is visible

2020-10-15 14:38:38 - [MESSAGE][PASSED] - Object 'Object Repository/CERTPAY_QUICKSTI/Payment_Information_Page/EXP_MONTH' is present

2020-10-15 14:38:40 - [MESSAGE][PASSED] - Object: 'Object Repository/CERTPAY_QUICKSTI/Payment_Information_Page/EXP_MONTH' is clicked on

2020-10-15 14:38:41 - [MESSAGE][PASSED] - All options with label '03' are selected in object 'Object Repository/CERTPAY_QUICKSTI/Payment_Information_Page/EXP_MONTH'  using regular expression

2020-10-15 14:38:41 - [MESSAGE][PASSED] - selected dropdown option by visible text  03from expMonth

2020-10-15 14:38:41 - [MESSAGE][PASSED] - Object 'Object Repository/CERTPAY_QUICKSTI/Payment_Information_Page/EXP_YEAR' is visible

2020-10-15 14:38:42 - [MESSAGE][PASSED] - Object 'Object Repository/CERTPAY_QUICKSTI/Payment_Information_Page/EXP_YEAR' is present

2020-10-15 14:38:43 - [MESSAGE][PASSED] - Object: 'Object Repository/CERTPAY_QUICKSTI/Payment_Information_Page/EXP_YEAR' is clicked on

2020-10-15 14:38:44 - [MESSAGE][PASSED] - All options with label '2022' are selected in object 'Object Repository/CERTPAY_QUICKSTI/Payment_Information_Page/EXP_YEAR'  using regular expression

2020-10-15 14:38:44 - [MESSAGE][PASSED] - selected dropdown option by visible text  2022from  expYear

2020-10-15 14:38:45 - [MESSAGE][PASSED] - Object 'Object Repository/CERTPAY_QUICKSTI/Payment_Information_Page/SECURITY_CODE' is present

2020-10-15 14:38:45 - [MESSAGE][PASSED] - Object 'Object Repository/CERTPAY_QUICKSTI/Payment_Information_Page/SECURITY_CODE' is visible

2020-10-15 14:38:45 - [MESSAGE][PASSED] - Object 'Object Repository/CERTPAY_QUICKSTI/Payment_Information_Page/SECURITY_CODE' is present

2020-10-15 14:38:46 - [MESSAGE][PASSED] - Text '207' is set on object 'Object Repository/CERTPAY_QUICKSTI/Payment_Information_Page/SECURITY_CODE'

2020-10-15 14:38:46 - [MESSAGE][PASSED] - Quicksti.ts:Entered'207 into securityCode

2020-10-15 14:38:46 - [TEST_STEP][PASSED] - utilities.SafeActions.safeType(findTestObject("CERTPAY_QUICKSTI/Payment_Information_Page/ADDRESS"), address, "Address", [pageLoadTime]): Quicksti.ts:Entered'14-2 into Address

2020-10-15 14:38:47 - [MESSAGE][PASSED] - Object 'Object Repository/CERTPAY_QUICKSTI/Payment_Information_Page/ADDRESS' is present

2020-10-15 14:38:47 - [MESSAGE][PASSED] - Object 'Object Repository/CERTPAY_QUICKSTI/Payment_Information_Page/ADDRESS' is visible

2020-10-15 14:38:47 - [MESSAGE][PASSED] - Object 'Object Repository/CERTPAY_QUICKSTI/Payment_Information_Page/ADDRESS' is present

2020-10-15 14:38:49 - [MESSAGE][PASSED] - Text '14-2' is set on object 'Object Repository/CERTPAY_QUICKSTI/Payment_Information_Page/ADDRESS'

2020-10-15 14:38:49 - [MESSAGE][PASSED] - Quicksti.ts:Entered'14-2 into Address

2020-10-15 14:38:49 - [TEST_STEP][PASSED] - utilities.SafeActions.safeType(findTestObject("CERTPAY_QUICKSTI/Payment_Information_Page/ZIP_CODE"), zipCode, "zipcode", [pageLoadTime]): Quicksti.ts:Entered'76102 into zipcode

2020-10-15 14:38:49 - [MESSAGE][PASSED] - Object 'Object Repository/CERTPAY_QUICKSTI/Payment_Information_Page/ZIP_CODE' is present

2020-10-15 14:38:49 - [MESSAGE][PASSED] - Object 'Object Repository/CERTPAY_QUICKSTI/Payment_Information_Page/ZIP_CODE' is visible

2020-10-15 14:38:49 - [MESSAGE][PASSED] - Object 'Object Repository/CERTPAY_QUICKSTI/Payment_Information_Page/ZIP_CODE' is present

2020-10-15 14:38:51 - [MESSAGE][PASSED] - Text '76102' is set on object 'Object Repository/CERTPAY_QUICKSTI/Payment_Information_Page/ZIP_CODE'

2020-10-15 14:38:51 - [MESSAGE][PASSED] - Quicksti.ts:Entered'76102 into zipcode

2020-10-15 14:38:51 - [TEST_STEP][PASSED] - utilities.SafeActions.safeType(findTestObject("CERTPAY_QUICKSTI/Payment_Information_Page/TELEPHONE"), telephone, "Telephone", [pageLoadTime]): Quicksti.ts:Entered'9988776655 into Telephone

2020-10-15 14:38:51 - [MESSAGE][PASSED] - Object 'Object Repository/CERTPAY_QUICKSTI/Payment_Information_Page/TELEPHONE' is present

2020-10-15 14:38:51 - [MESSAGE][PASSED] - Object 'Object Repository/CERTPAY_QUICKSTI/Payment_Information_Page/TELEPHONE' is visible

2020-10-15 14:38:52 - [MESSAGE][PASSED] - Object 'Object Repository/CERTPAY_QUICKSTI/Payment_Information_Page/TELEPHONE' is present

2020-10-15 14:38:53 - [MESSAGE][PASSED] - Text '9988776655' is set on object 'Object Repository/CERTPAY_QUICKSTI/Payment_Information_Page/TELEPHONE'

2020-10-15 14:38:53 - [MESSAGE][PASSED] - Quicksti.ts:Entered'9988776655 into Telephone

2020-10-15 14:38:53 - [TEST_STEP][PASSED] - utilities.SafeActions.safeType(findTestObject("CERTPAY_QUICKSTI/Payment_Information_Page/EMAIL_ADDRESS"), emailAddress, "EMAIL address", [pageLoadTime]): Quicksti.ts:Entered'testing@zenq.com into EMAIL address

2020-10-15 14:38:53 - [MESSAGE][PASSED] - Object 'Object Repository/CERTPAY_QUICKSTI/Payment_Information_Page/EMAIL_ADDRESS' is present

2020-10-15 14:38:53 - [MESSAGE][PASSED] - Object 'Object Repository/CERTPAY_QUICKSTI/Payment_Information_Page/EMAIL_ADDRESS' is visible

2020-10-15 14:38:54 - [MESSAGE][PASSED] - Object 'Object Repository/CERTPAY_QUICKSTI/Payment_Information_Page/EMAIL_ADDRESS' is present

2020-10-15 14:38:55 - [MESSAGE][PASSED] - Text 'testing@zenq.com' is set on object 'Object Repository/CERTPAY_QUICKSTI/Payment_Information_Page/EMAIL_ADDRESS'

2020-10-15 14:38:55 - [MESSAGE][PASSED] - Quicksti.ts:Entered'testing@zenq.com into EMAIL address

2020-10-15 14:38:55 - [TEST_STEP][PASSED] - utilities.SafeActions.safeClick(findTestObject("CERTPAY_QUICKSTI/Payment_Information_Page/NEXT_BUTTON"), "Next", [pageLoadTime]): Quicksti.ts:Clicked on the Next

2020-10-15 14:38:55 - [MESSAGE][INFO] - safeClicking

2020-10-15 14:38:55 - [MESSAGE][PASSED] - Object 'Object Repository/CERTPAY_QUICKSTI/Payment_Information_Page/NEXT_BUTTON' is present

2020-10-15 14:38:56 - [MESSAGE][PASSED] - Object 'Object Repository/CERTPAY_QUICKSTI/Payment_Information_Page/NEXT_BUTTON' is clickable

2020-10-15 14:39:00 - [MESSAGE][PASSED] - Object: 'Object Repository/CERTPAY_QUICKSTI/Payment_Information_Page/NEXT_BUTTON' is clicked on

2020-10-15 14:39:00 - [MESSAGE][PASSED] - Quicksti.ts:Clicked on the Next

2020-10-15 14:39:00 - [TEST_STEP][PASSED] - pages.Quicksti.verifyUserPaymentDetails(amountList.get(0), firstName, lastName, CardNumber): pages.Quicksti.verifyUserPaymentDetails is PASSED

2020-10-15 14:39:00 - [MESSAGE][PASSED] - Text of object 'Object Repository/CERTPAY_QUICKSTI/Payment_Details_Verification_Page/AMOUNT' is: '$45.00'

2020-10-15 14:39:00 - [MESSAGE][PASSED] - Actual text '45.00' and expected text '45.00' are matched  using regular expression

2020-10-15 14:39:01 - [MESSAGE][PASSED] - Text of object 'Object Repository/CERTPAY_QUICKSTI/Payment_Details_Verification_Page/NAME' is: 'Tester Zenq1'

2020-10-15 14:39:01 - [MESSAGE][PASSED] - Actual text 'Tester Zenq1' and expected text 'Tester Zenq1' are matched  using regular expression

2020-10-15 14:39:01 - [MESSAGE][PASSED] - Text of object 'Object Repository/CERTPAY_QUICKSTI/Payment_Details_Verification_Page/CARD_NUMBER' is: '...0135'

2020-10-15 14:39:01 - [MESSAGE][PASSED] - Actual text '0135' and expected text '0135' are matched  using regular expression

2020-10-15 14:39:01 - [MESSAGE][PASSED] - pages.Quicksti.verifyUserPaymentDetails is PASSED

2020-10-15 14:39:01 - [TEST_STEP][PASSED] - ConvFee = getText(findTestObject("CERTPAY_QUICKSTI/Payment_Information_Page/CONV_FEE")): Text of object 'Object Repository/CERTPAY_QUICKSTI/Payment_Information_Page/CONV_FEE' is: '$0.45'

2020-10-15 14:39:01 - [MESSAGE][PASSED] - Text of object 'Object Repository/CERTPAY_QUICKSTI/Payment_Information_Page/CONV_FEE' is: '$0.45'

2020-10-15 14:39:01 - [TEST_STEP][PASSED] - scrollToElement(findTestObject("CERTPAY_QUICKSTI/Payment_Details_Verification_Page/PROCESS"), 30): Scroll to object 'Object Repository/CERTPAY_QUICKSTI/Payment_Details_Verification_Page/PROCESS' successfully

2020-10-15 14:39:02 - [MESSAGE][PASSED] - Scroll to object 'Object Repository/CERTPAY_QUICKSTI/Payment_Details_Verification_Page/PROCESS' successfully

2020-10-15 14:39:02 - [TEST_STEP][PASSED] - utilities.SafeActions.safeClick(findTestObject("CERTPAY_QUICKSTI/Payment_Details_Verification_Page/PROCESS"), "Process", [pageLoadTime]): Quicksti.ts:Clicked on the Process

2020-10-15 14:39:02 - [MESSAGE][INFO] - safeClicking

2020-10-15 14:39:02 - [MESSAGE][PASSED] - Object 'Object Repository/CERTPAY_QUICKSTI/Payment_Details_Verification_Page/PROCESS' is present

2020-10-15 14:39:02 - [MESSAGE][PASSED] - Object 'Object Repository/CERTPAY_QUICKSTI/Payment_Details_Verification_Page/PROCESS' is clickable

2020-10-15 14:39:08 - [MESSAGE][PASSED] - Object: 'Object Repository/CERTPAY_QUICKSTI/Payment_Details_Verification_Page/PROCESS' is clicked on

2020-10-15 14:39:08 - [MESSAGE][PASSED] - Quicksti.ts:Clicked on the Process

2020-10-15 14:39:08 - [TEST_STEP][PASSED] - paymentId = pages.Quicksti.verifyPaymentApproval(findTestObject("CERTPAY_QUICKSTI/Payment_Details_Verification_Page/APPROVED")): Payment is approved

2020-10-15 14:39:08 - [MESSAGE][PASSED] - Text of object 'Object Repository/CERTPAY_QUICKSTI/Payment_Details_Verification_Page/PAYMENT_ID' is: '100176129094'

2020-10-15 14:39:09 - [MESSAGE][PASSED] - Object 'Object Repository/CERTPAY_QUICKSTI/Payment_Details_Verification_Page/APPROVED' is present

2020-10-15 14:39:09 - [MESSAGE][PASSED] - Payment is approved

2020-10-15 14:39:11 - [TEST_STEP][PASSED] - navigateToUrl(Admin_url): Navigate to 'https://qa-certpayadmin.faps.net' successfully

2020-10-15 14:39:19 - [MESSAGE][PASSED] - Navigate to 'https://qa-certpayadmin.faps.net' successfully

2020-10-15 14:39:19 - [TEST_STEP][PASSED] - pages.Bureau_Login_Page.loginToAdminSite(AdminUsername, AdminPassword): Quicksti.ts:Clicked on the LOGIN

2020-10-15 14:39:20 - [MESSAGE][PASSED] - Object 'Object Repository/CERTPAY_ADMIN/USER_NAME' is present

2020-10-15 14:39:20 - [MESSAGE][PASSED] - Object 'Object Repository/CERTPAY_ADMIN/USER_NAME' is visible

2020-10-15 14:39:20 - [MESSAGE][PASSED] - Object 'Object Repository/CERTPAY_ADMIN/USER_NAME' is present

2020-10-15 14:39:21 - [MESSAGE][PASSED] - Text 'VVangiliappan' is set on object 'Object Repository/CERTPAY_ADMIN/USER_NAME'

2020-10-15 14:39:21 - [MESSAGE][PASSED] - Quicksti.ts:Entered'VVangiliappan into username

2020-10-15 14:39:22 - [MESSAGE][PASSED] - Object 'Object Repository/CERTPAY_ADMIN/PASSWORD' is present

2020-10-15 14:39:22 - [MESSAGE][PASSED] - Object 'Object Repository/CERTPAY_ADMIN/PASSWORD' is visible

2020-10-15 14:39:22 - [MESSAGE][PASSED] - Object 'Object Repository/CERTPAY_ADMIN/PASSWORD' is present

2020-10-15 14:39:24 - [MESSAGE][PASSED] - Text 'Test@123' is set on object 'Object Repository/CERTPAY_ADMIN/PASSWORD'

2020-10-15 14:39:24 - [MESSAGE][PASSED] - Quicksti.ts:Entered'Test@123 into password

2020-10-15 14:39:24 - [MESSAGE][INFO] - safeClicking

2020-10-15 14:39:24 - [MESSAGE][PASSED] - Object 'Object Repository/CERTPAY_ADMIN/LOGIN_BUTTON' is present

2020-10-15 14:39:24 - [MESSAGE][PASSED] - Object 'Object Repository/CERTPAY_ADMIN/LOGIN_BUTTON' is clickable

2020-10-15 14:39:38 - [MESSAGE][PASSED] - Object: 'Object Repository/CERTPAY_ADMIN/LOGIN_BUTTON' is clicked on

2020-10-15 14:39:38 - [MESSAGE][PASSED] - Quicksti.ts:Clicked on the LOGIN

2020-10-15 14:39:38 - [TEST_STEP][PASSED] - utilities.SafeActions.safeClick(findTestObject("CERTPAY_ADMIN/TRANSACTION_MENU"), "TransactionMenu", [pageLoadTime]): Quicksti.ts:Clicked on the TransactionMenu

2020-10-15 14:39:38 - [MESSAGE][INFO] - safeClicking

2020-10-15 14:39:38 - [MESSAGE][PASSED] - Object 'Object Repository/CERTPAY_ADMIN/TRANSACTION_MENU' is present

2020-10-15 14:39:39 - [MESSAGE][PASSED] - Object 'Object Repository/CERTPAY_ADMIN/TRANSACTION_MENU' is clickable

2020-10-15 14:39:40 - [MESSAGE][PASSED] - Object: 'Object Repository/CERTPAY_ADMIN/TRANSACTION_MENU' is clicked on

2020-10-15 14:39:40 - [MESSAGE][PASSED] - Quicksti.ts:Clicked on the TransactionMenu

2020-10-15 14:39:40 - [TEST_STEP][PASSED] - utilities.SafeActions.safeClick(findTestObject("CERTPAY_ADMIN/TRANSACTION_SEARCH"), "TransactionSearch", [pageLoadTime]): Quicksti.ts:Clicked on the TransactionSearch

2020-10-15 14:39:40 - [MESSAGE][INFO] - safeClicking

2020-10-15 14:39:40 - [MESSAGE][PASSED] - Object 'Object Repository/CERTPAY_ADMIN/TRANSACTION_SEARCH' is present

2020-10-15 14:39:41 - [MESSAGE][PASSED] - Object 'Object Repository/CERTPAY_ADMIN/TRANSACTION_SEARCH' is clickable

2020-10-15 14:39:46 - [MESSAGE][PASSED] - Object: 'Object Repository/CERTPAY_ADMIN/TRANSACTION_SEARCH' is clicked on

2020-10-15 14:39:46 - [MESSAGE][PASSED] - Quicksti.ts:Clicked on the TransactionSearch

2020-10-15 14:39:46 - [TEST_STEP][PASSED] - utilities.SafeActions.safeType(findTestObject("CERTPAY_ADMIN/PAYMENT_ID"), paymentId, "Payment id", [pageLoadTime]): Quicksti.ts:Entered'100176129094 into Payment id

2020-10-15 14:39:46 - [MESSAGE][PASSED] - Object 'Object Repository/CERTPAY_ADMIN/PAYMENT_ID' is present

2020-10-15 14:39:47 - [MESSAGE][PASSED] - Object 'Object Repository/CERTPAY_ADMIN/PAYMENT_ID' is visible

2020-10-15 14:39:47 - [MESSAGE][PASSED] - Object 'Object Repository/CERTPAY_ADMIN/PAYMENT_ID' is present

2020-10-15 14:39:48 - [MESSAGE][PASSED] - Text '100176129094' is set on object 'Object Repository/CERTPAY_ADMIN/PAYMENT_ID'

2020-10-15 14:39:48 - [MESSAGE][PASSED] - Quicksti.ts:Entered'100176129094 into Payment id

2020-10-15 14:39:48 - [TEST_STEP][PASSED] - utilities.SafeActions.safeClick(findTestObject("CERTPAY_ADMIN/GO_BUTTON"), "Go button", [pageLoadTime]): Quicksti.ts:Clicked on the Go button

2020-10-15 14:39:48 - [MESSAGE][INFO] - safeClicking

2020-10-15 14:39:49 - [MESSAGE][PASSED] - Object 'Object Repository/CERTPAY_ADMIN/GO_BUTTON' is present

2020-10-15 14:39:49 - [MESSAGE][PASSED] - Object 'Object Repository/CERTPAY_ADMIN/GO_BUTTON' is clickable

2020-10-15 14:39:52 - [MESSAGE][PASSED] - Object: 'Object Repository/CERTPAY_ADMIN/GO_BUTTON' is clicked on

2020-10-15 14:39:52 - [MESSAGE][PASSED] - Quicksti.ts:Clicked on the Go button

2020-10-15 14:39:52 - [TEST_STEP][PASSED] - delay(5): Delayed 5 second(s)

2020-10-15 14:39:57 - [MESSAGE][PASSED] - Delayed 5 second(s)

2020-10-15 14:39:57 - [TEST_STEP][PASSED] - scrollToPosition(800, 900): Browser is scrolled to position x = 800, y = 900

2020-10-15 14:39:57 - [MESSAGE][PASSED] - Browser is scrolled to position x = 800, y = 900

2020-10-15 14:39:57 - [TEST_STEP][PASSED] - pages.Search_Page.validatePaymentAmount(amountList.get(0), ConvFee): Verified payment details successfully 

2020-10-15 14:39:58 - [MESSAGE][PASSED] - Text of object 'Object Repository/CERTPAY_ADMIN/PAYMENT_AMOUNT' is: '$45.00'

2020-10-15 14:39:58 - [MESSAGE][PASSED] - Actual text '45.00' and expected text '45.00' are matched  using regular expression

2020-10-15 14:39:58 - [MESSAGE][PASSED] - Text of object 'Object Repository/CERTPAY_ADMIN/CONV_FEE' is: '$0.45'

2020-10-15 14:39:58 - [MESSAGE][PASSED] - Actual text '0.45' and expected text '0.45' are matched  using regular expression

2020-10-15 14:39:58 - [MESSAGE][PASSED] - Verified payment details successfully 

2020-10-15 14:39:58 - [TEST_STEP][PASSED] - paymentIdList.add(paymentId): null

2020-10-15 14:39:58 - [TEST_STEP][PASSED] - println(paymentIdList): null

2020-10-15 14:39:58 - [TEST_STEP][PASSED] - firstName = data.getValue("FirstName", index): null

2020-10-15 14:39:58 - [TEST_STEP][PASSED] - lastName = data.getValue("LastName", index): null

2020-10-15 14:39:58 - [TEST_STEP][PASSED] - cardNum = data.getValue("CardNumber", index): null

2020-10-15 14:39:58 - [TEST_STEP][PASSED] - expMonth = data.getValue("ExpMonth", index): null

2020-10-15 14:39:58 - [TEST_STEP][PASSED] - expYear = data.getValue("ExpYear", index): null

2020-10-15 14:39:58 - [TEST_STEP][PASSED] - securityCode = data.getValue("SecurityCode", index): null

2020-10-15 14:39:58 - [TEST_STEP][PASSED] - paymentAmount = data.getValue("PaymentAmount", index): null

2020-10-15 14:39:58 - [TEST_STEP][PASSED] - paymentType = data.getValue("PaymentType", index): null

2020-10-15 14:39:58 - [TEST_STEP][PASSED] - quantity = data.getValue("Quantity", index): null

2020-10-15 14:39:58 - [TEST_STEP][PASSED] - comments = data.getValue("Comments", index): null

2020-10-15 14:39:58 - [TEST_STEP][PASSED] - referenceNum = data.getValue("ReferenceNum", index): null

2020-10-15 14:39:58 - [TEST_STEP][PASSED] - address = data.getValue("Address", index): null

2020-10-15 14:39:58 - [TEST_STEP][PASSED] - zipCode = data.getValue("Zipcode", index): null

2020-10-15 14:39:58 - [TEST_STEP][PASSED] - telephone = data.getValue("Telephone", index): null

2020-10-15 14:39:58 - [TEST_STEP][PASSED] - emailAddress = data.getValue("EmailAddress", index): null

2020-10-15 14:39:58 - [TEST_STEP][PASSED] - cardType = data.getValue("CardType", index): null

2020-10-15 14:39:58 - [TEST_STEP][PASSED] - amountList = paymentAmount.split(","): null

2020-10-15 14:39:58 - [TEST_STEP][PASSED] - referenceList = referenceNum.split(","): null

2020-10-15 14:39:58 - [TEST_STEP][PASSED] - paymentTypeList = paymentType.split(","): null

2020-10-15 14:39:58 - [TEST_STEP][PASSED] - commentsList = comments.split(","): null

2020-10-15 14:39:58 - [TEST_STEP][PASSED] - quantityList = quantity.split(","): null

2020-10-15 14:39:58 - [TEST_STEP][PASSED] - utilities.SafeActions.openBrowser(Quicksti_Url, [pageLoadTime]): Browser launched successfully

2020-10-15 14:39:58 - [MESSAGE][INFO] - Opening Browser

2020-10-15 14:39:58 - [MESSAGE][WARNING] - A browser is already opened. Closing browser and opening a new one

2020-10-15 14:39:59 - [MESSAGE][INFO] - Starting 'Chrome' driver

2020-10-15 14:40:09 - [MESSAGE][PASSED] - Browser is opened with url: 'https://qa-certpayquicksti.faps.net/'

2020-10-15 14:40:12 - [MESSAGE][PASSED] - Current window maximized

2020-10-15 14:40:12 - [MESSAGE][PASSED] - Browser launched successfully

2020-10-15 14:40:12 - [TEST_STEP][PASSED] - utilities.SafeActions.safeCheck(findTestObject("CERTPAY_QUICKSTI/Login_ Page/MULTI_BUREAU_CHECKBOX"), "Multi Bureau", [pageLoadTime]): Quicksti.ts:Checkbox 'Multi Bureau'is selected

2020-10-15 14:40:12 - [MESSAGE][PASSED] - Object 'Object Repository/CERTPAY_QUICKSTI/Login_ Page/MULTI_BUREAU_CHECKBOX' is present

2020-10-15 14:40:13 - [MESSAGE][PASSED] - Object 'Object Repository/CERTPAY_QUICKSTI/Login_ Page/MULTI_BUREAU_CHECKBOX' is present

2020-10-15 14:40:14 - [MESSAGE][PASSED] - Object: 'Object Repository/CERTPAY_QUICKSTI/Login_ Page/MULTI_BUREAU_CHECKBOX' is clicked on

2020-10-15 14:40:14 - [MESSAGE][PASSED] - Quicksti.ts:Checkbox 'Multi Bureau'is selected

2020-10-15 14:40:14 - [TEST_STEP][PASSED] - utilities.SafeActions.safeType(findTestObject("CERTPAY_QUICKSTI/Login_ Page/TELLER_ID"), teller_id, "Bureau code", [pageLoadTime]): Quicksti.ts:Entered'zenq into Bureau code

2020-10-15 14:40:16 - [MESSAGE][PASSED] - Object 'Object Repository/CERTPAY_QUICKSTI/Login_ Page/TELLER_ID' is present

2020-10-15 14:40:16 - [MESSAGE][PASSED] - Object 'Object Repository/CERTPAY_QUICKSTI/Login_ Page/TELLER_ID' is visible

2020-10-15 14:40:16 - [MESSAGE][PASSED] - Object 'Object Repository/CERTPAY_QUICKSTI/Login_ Page/TELLER_ID' is present

2020-10-15 14:40:17 - [MESSAGE][PASSED] - Text 'zenq' is set on object 'Object Repository/CERTPAY_QUICKSTI/Login_ Page/TELLER_ID'

2020-10-15 14:40:17 - [MESSAGE][PASSED] - Quicksti.ts:Entered'zenq into Bureau code

2020-10-15 14:40:17 - [TEST_STEP][PASSED] - utilities.SafeActions.safeClick(findTestObject("CERTPAY_QUICKSTI/Login_ Page/NEXT_BUTTON"), "Next button", [pageLoadTime]): Quicksti.ts:Clicked on the Next button

2020-10-15 14:40:17 - [MESSAGE][INFO] - safeClicking

2020-10-15 14:40:18 - [MESSAGE][PASSED] - Object 'Object Repository/CERTPAY_QUICKSTI/Login_ Page/NEXT_BUTTON' is present

2020-10-15 14:40:18 - [MESSAGE][PASSED] - Object 'Object Repository/CERTPAY_QUICKSTI/Login_ Page/NEXT_BUTTON' is clickable

2020-10-15 14:40:23 - [MESSAGE][PASSED] - Object: 'Object Repository/CERTPAY_QUICKSTI/Login_ Page/NEXT_BUTTON' is clicked on

2020-10-15 14:40:23 - [MESSAGE][PASSED] - Quicksti.ts:Clicked on the Next button

2020-10-15 14:40:23 - [TEST_STEP][PASSED] - for ([i = 0, i <= amountList.size() - 1, (i++)]): Quicksti.ts:Entered'2 into Quntity

2020-10-15 14:40:23 - [TEST_STEP][PASSED] - s = Integer.toString(i): null

2020-10-15 14:40:23 - [TEST_STEP][PASSED] - pages.Quicksti.setCommnets("0", s, commentsList.get(i)): Quicksti.ts:Entered'Testing into Comments

2020-10-15 14:40:23 - [MESSAGE][PASSED] - Object '' is present

2020-10-15 14:40:23 - [MESSAGE][PASSED] - Object '' is visible

2020-10-15 14:40:24 - [MESSAGE][PASSED] - Object '' is present

2020-10-15 14:40:25 - [MESSAGE][PASSED] - Text 'Testing' is set on object ''

2020-10-15 14:40:25 - [MESSAGE][PASSED] - Quicksti.ts:Entered'Testing into Comments

2020-10-15 14:40:25 - [TEST_STEP][PASSED] - utilities.SafeActions.safeType(findTestObject("CERTPAY_QUICKSTI/Payment_Information_Page/PAYMENT_AMOUNT"), amountList.get(i), "Payment Amount", [pageLoadTime]): Quicksti.ts:Entered'45.00 into Payment Amount

2020-10-15 14:40:25 - [MESSAGE][PASSED] - Object 'Object Repository/CERTPAY_QUICKSTI/Payment_Information_Page/PAYMENT_AMOUNT' is present

2020-10-15 14:40:26 - [MESSAGE][PASSED] - Object 'Object Repository/CERTPAY_QUICKSTI/Payment_Information_Page/PAYMENT_AMOUNT' is visible

2020-10-15 14:40:26 - [MESSAGE][PASSED] - Object 'Object Repository/CERTPAY_QUICKSTI/Payment_Information_Page/PAYMENT_AMOUNT' is present

2020-10-15 14:40:27 - [MESSAGE][PASSED] - Text '45.00' is set on object 'Object Repository/CERTPAY_QUICKSTI/Payment_Information_Page/PAYMENT_AMOUNT'

2020-10-15 14:40:27 - [MESSAGE][PASSED] - Quicksti.ts:Entered'45.00 into Payment Amount

2020-10-15 14:40:27 - [TEST_STEP][PASSED] - pages.Quicksti.setAmountDetailsForMultiBureau(s, paymentTypeList.get(i), "0", referenceList.get(i), quantityList.get(i)): Quicksti.ts:Entered'1 into Quntity

2020-10-15 14:40:28 - [MESSAGE][PASSED] - Object '' is visible

2020-10-15 14:40:28 - [MESSAGE][PASSED] - Object '' is present

2020-10-15 14:40:29 - [MESSAGE][PASSED] - Object: '' is clicked on

2020-10-15 14:40:30 - [MESSAGE][PASSED] - All options with label 'Licenses' are selected in object ''  using regular expression

2020-10-15 14:40:30 - [MESSAGE][PASSED] - selected dropdown option by visible text  Licensesfrom Payment Type

2020-10-15 14:40:31 - [MESSAGE][PASSED] - Object '' is present

2020-10-15 14:40:31 - [MESSAGE][PASSED] - Object '' is visible

2020-10-15 14:40:31 - [MESSAGE][PASSED] - Object '' is present

2020-10-15 14:40:33 - [MESSAGE][PASSED] - Text '11' is set on object ''

2020-10-15 14:40:33 - [MESSAGE][PASSED] - Quicksti.ts:Entered'11 into RefrenceNumber

2020-10-15 14:40:33 - [MESSAGE][PASSED] - Object '' is present

2020-10-15 14:40:33 - [MESSAGE][PASSED] - Object '' is visible

2020-10-15 14:40:34 - [MESSAGE][PASSED] - Object '' is present

2020-10-15 14:40:35 - [MESSAGE][PASSED] - Text '1' is set on object ''

2020-10-15 14:40:35 - [MESSAGE][PASSED] - Quicksti.ts:Entered'1 into Quntity

2020-10-15 14:40:35 - [TEST_STEP][PASSED] - s = Integer.toString(i): null

2020-10-15 14:40:35 - [TEST_STEP][PASSED] - pages.Quicksti.setCommnets("0", s, commentsList.get(i)): Quicksti.ts:Entered'Tester into Comments

2020-10-15 14:40:35 - [MESSAGE][PASSED] - Object '' is present

2020-10-15 14:40:35 - [MESSAGE][PASSED] - Object '' is visible

2020-10-15 14:40:36 - [MESSAGE][PASSED] - Object '' is present

2020-10-15 14:40:37 - [MESSAGE][PASSED] - Text 'Tester' is set on object ''

2020-10-15 14:40:37 - [MESSAGE][PASSED] - Quicksti.ts:Entered'Tester into Comments

2020-10-15 14:40:37 - [TEST_STEP][PASSED] - utilities.SafeActions.safeType(findTestObject("CERTPAY_QUICKSTI/Payment_Information_Page/PAYMENT_AMOUNT"), amountList.get(i), "Payment Amount", [pageLoadTime]): Quicksti.ts:Entered'35.00 into Payment Amount

2020-10-15 14:40:37 - [MESSAGE][PASSED] - Object 'Object Repository/CERTPAY_QUICKSTI/Payment_Information_Page/PAYMENT_AMOUNT' is present

2020-10-15 14:40:38 - [MESSAGE][PASSED] - Object 'Object Repository/CERTPAY_QUICKSTI/Payment_Information_Page/PAYMENT_AMOUNT' is visible

2020-10-15 14:40:38 - [MESSAGE][PASSED] - Object 'Object Repository/CERTPAY_QUICKSTI/Payment_Information_Page/PAYMENT_AMOUNT' is present

2020-10-15 14:40:39 - [MESSAGE][PASSED] - Text '35.00' is set on object 'Object Repository/CERTPAY_QUICKSTI/Payment_Information_Page/PAYMENT_AMOUNT'

2020-10-15 14:40:39 - [MESSAGE][PASSED] - Quicksti.ts:Entered'35.00 into Payment Amount

2020-10-15 14:40:39 - [TEST_STEP][PASSED] - pages.Quicksti.setAmountDetailsForMultiBureau(s, paymentTypeList.get(i), "0", referenceList.get(i), quantityList.get(i)): Quicksti.ts:Entered'2 into Quntity

2020-10-15 14:40:40 - [MESSAGE][PASSED] - Object '' is visible

2020-10-15 14:40:40 - [MESSAGE][PASSED] - Object '' is present

2020-10-15 14:40:41 - [MESSAGE][PASSED] - Object: '' is clicked on

2020-10-15 14:40:42 - [MESSAGE][PASSED] - All options with label 'Taxes' are selected in object ''  using regular expression

2020-10-15 14:40:42 - [MESSAGE][PASSED] - selected dropdown option by visible text  Taxesfrom Payment Type

2020-10-15 14:40:43 - [MESSAGE][PASSED] - Object '' is present

2020-10-15 14:40:43 - [MESSAGE][PASSED] - Object '' is visible

2020-10-15 14:40:43 - [MESSAGE][PASSED] - Object '' is present

2020-10-15 14:40:45 - [MESSAGE][PASSED] - Text '12' is set on object ''

2020-10-15 14:40:45 - [MESSAGE][PASSED] - Quicksti.ts:Entered'12 into RefrenceNumber

2020-10-15 14:40:45 - [MESSAGE][PASSED] - Object '' is present

2020-10-15 14:40:45 - [MESSAGE][PASSED] - Object '' is visible

2020-10-15 14:40:46 - [MESSAGE][PASSED] - Object '' is present

2020-10-15 14:40:47 - [MESSAGE][PASSED] - Text '2' is set on object ''

2020-10-15 14:40:47 - [MESSAGE][PASSED] - Quicksti.ts:Entered'2 into Quntity

2020-10-15 14:40:47 - [TEST_STEP][PASSED] - s = Integer.toString(i): null

2020-10-15 14:40:47 - [TEST_STEP][PASSED] - pages.Quicksti.setCommnets("0", s, commentsList.get(i)): Quicksti.ts:Entered'Testing into Comments

2020-10-15 14:40:47 - [MESSAGE][PASSED] - Object '' is present

2020-10-15 14:40:48 - [MESSAGE][PASSED] - Object '' is visible

2020-10-15 14:40:48 - [MESSAGE][PASSED] - Object '' is present

2020-10-15 14:40:49 - [MESSAGE][PASSED] - Text 'Testing' is set on object ''

2020-10-15 14:40:49 - [MESSAGE][PASSED] - Quicksti.ts:Entered'Testing into Comments

2020-10-15 14:40:49 - [TEST_STEP][PASSED] - utilities.SafeActions.safeType(findTestObject("CERTPAY_QUICKSTI/Payment_Information_Page/PAYMENT_AMOUNT"), amountList.get(i), "Payment Amount", [pageLoadTime]): Quicksti.ts:Entered'20.00 into Payment Amount

2020-10-15 14:40:49 - [MESSAGE][PASSED] - Object 'Object Repository/CERTPAY_QUICKSTI/Payment_Information_Page/PAYMENT_AMOUNT' is present

2020-10-15 14:40:50 - [MESSAGE][PASSED] - Object 'Object Repository/CERTPAY_QUICKSTI/Payment_Information_Page/PAYMENT_AMOUNT' is visible

2020-10-15 14:40:50 - [MESSAGE][PASSED] - Object 'Object Repository/CERTPAY_QUICKSTI/Payment_Information_Page/PAYMENT_AMOUNT' is present

2020-10-15 14:40:51 - [MESSAGE][PASSED] - Text '20.00' is set on object 'Object Repository/CERTPAY_QUICKSTI/Payment_Information_Page/PAYMENT_AMOUNT'

2020-10-15 14:40:51 - [MESSAGE][PASSED] - Quicksti.ts:Entered'20.00 into Payment Amount

2020-10-15 14:40:51 - [TEST_STEP][PASSED] - pages.Quicksti.setAmountDetailsForMultiBureau(s, paymentTypeList.get(i), "0", referenceList.get(i), quantityList.get(i)): Quicksti.ts:Entered'2 into Quntity

2020-10-15 14:40:52 - [MESSAGE][PASSED] - Object '' is visible

2020-10-15 14:40:52 - [MESSAGE][PASSED] - Object '' is present

2020-10-15 14:40:53 - [MESSAGE][PASSED] - Object: '' is clicked on

2020-10-15 14:40:55 - [MESSAGE][PASSED] - All options with label 'Court Fines' are selected in object ''  using regular expression

2020-10-15 14:40:55 - [MESSAGE][PASSED] - selected dropdown option by visible text  Court Finesfrom Payment Type

2020-10-15 14:40:55 - [MESSAGE][PASSED] - Object '' is present

2020-10-15 14:40:56 - [MESSAGE][PASSED] - Object '' is visible

2020-10-15 14:40:56 - [MESSAGE][PASSED] - Object '' is present

2020-10-15 14:40:57 - [MESSAGE][PASSED] - Text '13' is set on object ''

2020-10-15 14:40:57 - [MESSAGE][PASSED] - Quicksti.ts:Entered'13 into RefrenceNumber

2020-10-15 14:40:57 - [MESSAGE][PASSED] - Object '' is present

2020-10-15 14:40:58 - [MESSAGE][PASSED] - Object '' is visible

2020-10-15 14:40:58 - [MESSAGE][PASSED] - Object '' is present

2020-10-15 14:40:59 - [MESSAGE][PASSED] - Text '2' is set on object ''

2020-10-15 14:40:59 - [MESSAGE][PASSED] - Quicksti.ts:Entered'2 into Quntity

2020-10-15 14:40:59 - [TEST_STEP][PASSED] - for ([i = 0, i <= amountList.size() - 1, (i++)]): Quicksti.ts:Entered'2 into Quntity

2020-10-15 14:40:59 - [TEST_STEP][PASSED] - s = Integer.toString(i): null

2020-10-15 14:40:59 - [TEST_STEP][PASSED] - utilities.SafeActions.safeType(findTestObject("CERTPAY_QUICKSTI/Payment_Information_Page/MULTIBUREAU_PAYMENT_AMOUNT"), amountList.get(i), "Payment Amount", [pageLoadTime]): Quicksti.ts:Entered'45.00 into Payment Amount

2020-10-15 14:41:00 - [MESSAGE][PASSED] - Object 'Object Repository/CERTPAY_QUICKSTI/Payment_Information_Page/MULTIBUREAU_PAYMENT_AMOUNT' is present

2020-10-15 14:41:00 - [MESSAGE][PASSED] - Object 'Object Repository/CERTPAY_QUICKSTI/Payment_Information_Page/MULTIBUREAU_PAYMENT_AMOUNT' is visible

2020-10-15 14:41:00 - [MESSAGE][PASSED] - Object 'Object Repository/CERTPAY_QUICKSTI/Payment_Information_Page/MULTIBUREAU_PAYMENT_AMOUNT' is present

2020-10-15 14:41:01 - [MESSAGE][PASSED] - Text '45.00' is set on object 'Object Repository/CERTPAY_QUICKSTI/Payment_Information_Page/MULTIBUREAU_PAYMENT_AMOUNT'

2020-10-15 14:41:01 - [MESSAGE][PASSED] - Quicksti.ts:Entered'45.00 into Payment Amount

2020-10-15 14:41:01 - [TEST_STEP][PASSED] - pages.Quicksti.setAmountDetailsForMultiBureau(s, "Registration Fees", "1", referenceList.get(i), quantityList.get(i)): Quicksti.ts:Entered'1 into Quntity

2020-10-15 14:41:02 - [MESSAGE][PASSED] - Object '' is visible

2020-10-15 14:41:02 - [MESSAGE][PASSED] - Object '' is present

2020-10-15 14:41:03 - [MESSAGE][PASSED] - Object: '' is clicked on

2020-10-15 14:41:05 - [MESSAGE][PASSED] - All options with label 'Registration Fees' are selected in object ''  using regular expression

2020-10-15 14:41:05 - [MESSAGE][PASSED] - selected dropdown option by visible text  Registration Feesfrom Payment Type

2020-10-15 14:41:05 - [MESSAGE][PASSED] - Object '' is present

2020-10-15 14:41:05 - [MESSAGE][PASSED] - Object '' is visible

2020-10-15 14:41:05 - [MESSAGE][PASSED] - Object '' is present

2020-10-15 14:41:07 - [MESSAGE][PASSED] - Text '11' is set on object ''

2020-10-15 14:41:07 - [MESSAGE][PASSED] - Quicksti.ts:Entered'11 into RefrenceNumber

2020-10-15 14:41:07 - [MESSAGE][PASSED] - Object '' is present

2020-10-15 14:41:07 - [MESSAGE][PASSED] - Object '' is visible

2020-10-15 14:41:08 - [MESSAGE][PASSED] - Object '' is present

2020-10-15 14:41:09 - [MESSAGE][PASSED] - Text '1' is set on object ''

2020-10-15 14:41:09 - [MESSAGE][PASSED] - Quicksti.ts:Entered'1 into Quntity

2020-10-15 14:41:09 - [TEST_STEP][PASSED] - s = Integer.toString(i): null

2020-10-15 14:41:09 - [TEST_STEP][PASSED] - utilities.SafeActions.safeType(findTestObject("CERTPAY_QUICKSTI/Payment_Information_Page/MULTIBUREAU_PAYMENT_AMOUNT"), amountList.get(i), "Payment Amount", [pageLoadTime]): Quicksti.ts:Entered'35.00 into Payment Amount

2020-10-15 14:41:09 - [MESSAGE][PASSED] - Object 'Object Repository/CERTPAY_QUICKSTI/Payment_Information_Page/MULTIBUREAU_PAYMENT_AMOUNT' is present

2020-10-15 14:41:09 - [MESSAGE][PASSED] - Object 'Object Repository/CERTPAY_QUICKSTI/Payment_Information_Page/MULTIBUREAU_PAYMENT_AMOUNT' is visible

2020-10-15 14:41:10 - [MESSAGE][PASSED] - Object 'Object Repository/CERTPAY_QUICKSTI/Payment_Information_Page/MULTIBUREAU_PAYMENT_AMOUNT' is present

2020-10-15 14:41:11 - [MESSAGE][PASSED] - Text '35.00' is set on object 'Object Repository/CERTPAY_QUICKSTI/Payment_Information_Page/MULTIBUREAU_PAYMENT_AMOUNT'

2020-10-15 14:41:11 - [MESSAGE][PASSED] - Quicksti.ts:Entered'35.00 into Payment Amount

2020-10-15 14:41:11 - [TEST_STEP][PASSED] - pages.Quicksti.setAmountDetailsForMultiBureau(s, "Registration Fees", "1", referenceList.get(i), quantityList.get(i)): Quicksti.ts:Entered'2 into Quntity

2020-10-15 14:41:11 - [MESSAGE][PASSED] - Object '' is visible

2020-10-15 14:41:12 - [MESSAGE][PASSED] - Object '' is present

2020-10-15 14:41:13 - [MESSAGE][PASSED] - Object: '' is clicked on

2020-10-15 14:41:14 - [MESSAGE][PASSED] - All options with label 'Registration Fees' are selected in object ''  using regular expression

2020-10-15 14:41:14 - [MESSAGE][PASSED] - selected dropdown option by visible text  Registration Feesfrom Payment Type

2020-10-15 14:41:14 - [MESSAGE][PASSED] - Object '' is present

2020-10-15 14:41:15 - [MESSAGE][PASSED] - Object '' is visible

2020-10-15 14:41:15 - [MESSAGE][PASSED] - Object '' is present

2020-10-15 14:41:16 - [MESSAGE][PASSED] - Text '12' is set on object ''

2020-10-15 14:41:16 - [MESSAGE][PASSED] - Quicksti.ts:Entered'12 into RefrenceNumber

2020-10-15 14:41:17 - [MESSAGE][PASSED] - Object '' is present

2020-10-15 14:41:17 - [MESSAGE][PASSED] - Object '' is visible

2020-10-15 14:41:17 - [MESSAGE][PASSED] - Object '' is present

2020-10-15 14:41:18 - [MESSAGE][PASSED] - Text '2' is set on object ''

2020-10-15 14:41:18 - [MESSAGE][PASSED] - Quicksti.ts:Entered'2 into Quntity

2020-10-15 14:41:18 - [TEST_STEP][PASSED] - s = Integer.toString(i): null

2020-10-15 14:41:18 - [TEST_STEP][PASSED] - utilities.SafeActions.safeType(findTestObject("CERTPAY_QUICKSTI/Payment_Information_Page/MULTIBUREAU_PAYMENT_AMOUNT"), amountList.get(i), "Payment Amount", [pageLoadTime]): Quicksti.ts:Entered'20.00 into Payment Amount

2020-10-15 14:41:19 - [MESSAGE][PASSED] - Object 'Object Repository/CERTPAY_QUICKSTI/Payment_Information_Page/MULTIBUREAU_PAYMENT_AMOUNT' is present

2020-10-15 14:41:19 - [MESSAGE][PASSED] - Object 'Object Repository/CERTPAY_QUICKSTI/Payment_Information_Page/MULTIBUREAU_PAYMENT_AMOUNT' is visible

2020-10-15 14:41:19 - [MESSAGE][PASSED] - Object 'Object Repository/CERTPAY_QUICKSTI/Payment_Information_Page/MULTIBUREAU_PAYMENT_AMOUNT' is present

2020-10-15 14:41:21 - [MESSAGE][PASSED] - Text '20.00' is set on object 'Object Repository/CERTPAY_QUICKSTI/Payment_Information_Page/MULTIBUREAU_PAYMENT_AMOUNT'

2020-10-15 14:41:21 - [MESSAGE][PASSED] - Quicksti.ts:Entered'20.00 into Payment Amount

2020-10-15 14:41:21 - [TEST_STEP][PASSED] - pages.Quicksti.setAmountDetailsForMultiBureau(s, "Registration Fees", "1", referenceList.get(i), quantityList.get(i)): Quicksti.ts:Entered'2 into Quntity

2020-10-15 14:41:21 - [MESSAGE][PASSED] - Object '' is visible

2020-10-15 14:41:22 - [MESSAGE][PASSED] - Object '' is present

2020-10-15 14:41:23 - [MESSAGE][PASSED] - Object: '' is clicked on

2020-10-15 14:41:24 - [MESSAGE][PASSED] - All options with label 'Registration Fees' are selected in object ''  using regular expression

2020-10-15 14:41:24 - [MESSAGE][PASSED] - selected dropdown option by visible text  Registration Feesfrom Payment Type

2020-10-15 14:41:24 - [MESSAGE][PASSED] - Object '' is present

2020-10-15 14:41:24 - [MESSAGE][PASSED] - Object '' is visible

2020-10-15 14:41:25 - [MESSAGE][PASSED] - Object '' is present

2020-10-15 14:41:26 - [MESSAGE][PASSED] - Text '13' is set on object ''

2020-10-15 14:41:26 - [MESSAGE][PASSED] - Quicksti.ts:Entered'13 into RefrenceNumber

2020-10-15 14:41:26 - [MESSAGE][PASSED] - Object '' is present

2020-10-15 14:41:27 - [MESSAGE][PASSED] - Object '' is visible

2020-10-15 14:41:27 - [MESSAGE][PASSED] - Object '' is present

2020-10-15 14:41:28 - [MESSAGE][PASSED] - Text '2' is set on object ''

2020-10-15 14:41:28 - [MESSAGE][PASSED] - Quicksti.ts:Entered'2 into Quntity

2020-10-15 14:41:28 - [TEST_STEP][PASSED] - for ([i = 0, i <= amountList.size() - 1, (i++)]): Quicksti.ts:Entered'Testing into Comments

2020-10-15 14:41:28 - [TEST_STEP][PASSED] - s = Integer.toString(i): null

2020-10-15 14:41:28 - [TEST_STEP][PASSED] - utilities.SafeActions.safeType(findTestObject("CERTPAY_QUICKSTI/Payment_Information_Page/MULTIBUREAU_PAY_AMOUNT2"), amountList.get(i), "Payment Amount", [pageLoadTime]): Quicksti.ts:Entered'45.00 into Payment Amount

2020-10-15 14:41:29 - [MESSAGE][PASSED] - Object 'Object Repository/CERTPAY_QUICKSTI/Payment_Information_Page/MULTIBUREAU_PAY_AMOUNT2' is present

2020-10-15 14:41:29 - [MESSAGE][PASSED] - Object 'Object Repository/CERTPAY_QUICKSTI/Payment_Information_Page/MULTIBUREAU_PAY_AMOUNT2' is visible

2020-10-15 14:41:29 - [MESSAGE][PASSED] - Object 'Object Repository/CERTPAY_QUICKSTI/Payment_Information_Page/MULTIBUREAU_PAY_AMOUNT2' is present

2020-10-15 14:41:30 - [MESSAGE][PASSED] - Text '45.00' is set on object 'Object Repository/CERTPAY_QUICKSTI/Payment_Information_Page/MULTIBUREAU_PAY_AMOUNT2'

2020-10-15 14:41:30 - [MESSAGE][PASSED] - Quicksti.ts:Entered'45.00 into Payment Amount

2020-10-15 14:41:30 - [TEST_STEP][PASSED] - pages.Quicksti.setAmountDetailsForMultiBureau(s, "Vehicles", "2", referenceList.get(i), quantityList.get(i)): Quicksti.ts:Entered'1 into Quntity

2020-10-15 14:41:31 - [MESSAGE][PASSED] - Object '' is visible

2020-10-15 14:41:31 - [MESSAGE][PASSED] - Object '' is present

2020-10-15 14:41:33 - [MESSAGE][PASSED] - Object: '' is clicked on

2020-10-15 14:41:34 - [MESSAGE][PASSED] - All options with label 'Vehicles' are selected in object ''  using regular expression

2020-10-15 14:41:34 - [MESSAGE][PASSED] - selected dropdown option by visible text  Vehiclesfrom Payment Type

2020-10-15 14:41:34 - [MESSAGE][PASSED] - Object '' is present

2020-10-15 14:41:35 - [MESSAGE][PASSED] - Object '' is visible

2020-10-15 14:41:35 - [MESSAGE][PASSED] - Object '' is present

2020-10-15 14:41:36 - [MESSAGE][PASSED] - Text '11' is set on object ''

2020-10-15 14:41:36 - [MESSAGE][PASSED] - Quicksti.ts:Entered'11 into RefrenceNumber

2020-10-15 14:41:36 - [MESSAGE][PASSED] - Object '' is present

2020-10-15 14:41:37 - [MESSAGE][PASSED] - Object '' is visible

2020-10-15 14:41:37 - [MESSAGE][PASSED] - Object '' is present

2020-10-15 14:41:38 - [MESSAGE][PASSED] - Text '1' is set on object ''

2020-10-15 14:41:38 - [MESSAGE][PASSED] - Quicksti.ts:Entered'1 into Quntity

2020-10-15 14:41:38 - [TEST_STEP][PASSED] - pages.Quicksti.setCommnets("2", s, commentsList.get(i)): Quicksti.ts:Entered'Testing into Comments

2020-10-15 14:41:39 - [MESSAGE][PASSED] - Object '' is present

2020-10-15 14:41:39 - [MESSAGE][PASSED] - Object '' is visible

2020-10-15 14:41:39 - [MESSAGE][PASSED] - Object '' is present

2020-10-15 14:41:40 - [MESSAGE][PASSED] - Text 'Testing' is set on object ''

2020-10-15 14:41:40 - [MESSAGE][PASSED] - Quicksti.ts:Entered'Testing into Comments

2020-10-15 14:41:40 - [TEST_STEP][PASSED] - s = Integer.toString(i): null

2020-10-15 14:41:40 - [TEST_STEP][PASSED] - utilities.SafeActions.safeType(findTestObject("CERTPAY_QUICKSTI/Payment_Information_Page/MULTIBUREAU_PAY_AMOUNT2"), amountList.get(i), "Payment Amount", [pageLoadTime]): Quicksti.ts:Entered'35.00 into Payment Amount

2020-10-15 14:41:41 - [MESSAGE][PASSED] - Object 'Object Repository/CERTPAY_QUICKSTI/Payment_Information_Page/MULTIBUREAU_PAY_AMOUNT2' is present

2020-10-15 14:41:41 - [MESSAGE][PASSED] - Object 'Object Repository/CERTPAY_QUICKSTI/Payment_Information_Page/MULTIBUREAU_PAY_AMOUNT2' is visible

2020-10-15 14:41:41 - [MESSAGE][PASSED] - Object 'Object Repository/CERTPAY_QUICKSTI/Payment_Information_Page/MULTIBUREAU_PAY_AMOUNT2' is present

2020-10-15 14:41:43 - [MESSAGE][PASSED] - Text '35.00' is set on object 'Object Repository/CERTPAY_QUICKSTI/Payment_Information_Page/MULTIBUREAU_PAY_AMOUNT2'

2020-10-15 14:41:43 - [MESSAGE][PASSED] - Quicksti.ts:Entered'35.00 into Payment Amount

2020-10-15 14:41:43 - [TEST_STEP][PASSED] - pages.Quicksti.setAmountDetailsForMultiBureau(s, "Vehicles", "2", referenceList.get(i), quantityList.get(i)): Quicksti.ts:Entered'2 into Quntity

2020-10-15 14:41:43 - [MESSAGE][PASSED] - Object '' is visible

2020-10-15 14:41:44 - [MESSAGE][PASSED] - Object '' is present

2020-10-15 14:41:45 - [MESSAGE][PASSED] - Object: '' is clicked on

2020-10-15 14:41:46 - [MESSAGE][PASSED] - All options with label 'Vehicles' are selected in object ''  using regular expression

2020-10-15 14:41:46 - [MESSAGE][PASSED] - selected dropdown option by visible text  Vehiclesfrom Payment Type

2020-10-15 14:41:47 - [MESSAGE][PASSED] - Object '' is present

2020-10-15 14:41:47 - [MESSAGE][PASSED] - Object '' is visible

2020-10-15 14:41:47 - [MESSAGE][PASSED] - Object '' is present

2020-10-15 14:41:48 - [MESSAGE][PASSED] - Text '12' is set on object ''

2020-10-15 14:41:48 - [MESSAGE][PASSED] - Quicksti.ts:Entered'12 into RefrenceNumber

2020-10-15 14:41:49 - [MESSAGE][PASSED] - Object '' is present

2020-10-15 14:41:49 - [MESSAGE][PASSED] - Object '' is visible

2020-10-15 14:41:49 - [MESSAGE][PASSED] - Object '' is present

2020-10-15 14:41:51 - [MESSAGE][PASSED] - Text '2' is set on object ''

2020-10-15 14:41:51 - [MESSAGE][PASSED] - Quicksti.ts:Entered'2 into Quntity

2020-10-15 14:41:51 - [TEST_STEP][PASSED] - pages.Quicksti.setCommnets("2", s, commentsList.get(i)): Quicksti.ts:Entered'Tester into Comments

2020-10-15 14:41:51 - [MESSAGE][PASSED] - Object '' is present

2020-10-15 14:41:51 - [MESSAGE][PASSED] - Object '' is visible

2020-10-15 14:41:52 - [MESSAGE][PASSED] - Object '' is present

2020-10-15 14:41:53 - [MESSAGE][PASSED] - Text 'Tester' is set on object ''

2020-10-15 14:41:53 - [MESSAGE][PASSED] - Quicksti.ts:Entered'Tester into Comments

2020-10-15 14:41:53 - [TEST_STEP][PASSED] - s = Integer.toString(i): null

2020-10-15 14:41:53 - [TEST_STEP][PASSED] - utilities.SafeActions.safeType(findTestObject("CERTPAY_QUICKSTI/Payment_Information_Page/MULTIBUREAU_PAY_AMOUNT2"), amountList.get(i), "Payment Amount", [pageLoadTime]): Quicksti.ts:Entered'20.00 into Payment Amount

2020-10-15 14:41:53 - [MESSAGE][PASSED] - Object 'Object Repository/CERTPAY_QUICKSTI/Payment_Information_Page/MULTIBUREAU_PAY_AMOUNT2' is present

2020-10-15 14:41:54 - [MESSAGE][PASSED] - Object 'Object Repository/CERTPAY_QUICKSTI/Payment_Information_Page/MULTIBUREAU_PAY_AMOUNT2' is visible

2020-10-15 14:41:54 - [MESSAGE][PASSED] - Object 'Object Repository/CERTPAY_QUICKSTI/Payment_Information_Page/MULTIBUREAU_PAY_AMOUNT2' is present

2020-10-15 14:41:55 - [MESSAGE][PASSED] - Text '20.00' is set on object 'Object Repository/CERTPAY_QUICKSTI/Payment_Information_Page/MULTIBUREAU_PAY_AMOUNT2'

2020-10-15 14:41:55 - [MESSAGE][PASSED] - Quicksti.ts:Entered'20.00 into Payment Amount

2020-10-15 14:41:55 - [TEST_STEP][PASSED] - pages.Quicksti.setAmountDetailsForMultiBureau(s, "Vehicles", "2", referenceList.get(i), quantityList.get(i)): Quicksti.ts:Entered'2 into Quntity

2020-10-15 14:41:56 - [MESSAGE][PASSED] - Object '' is visible

2020-10-15 14:41:56 - [MESSAGE][PASSED] - Object '' is present

2020-10-15 14:41:57 - [MESSAGE][PASSED] - Object: '' is clicked on

2020-10-15 14:41:58 - [MESSAGE][PASSED] - All options with label 'Vehicles' are selected in object ''  using regular expression

2020-10-15 14:41:58 - [MESSAGE][PASSED] - selected dropdown option by visible text  Vehiclesfrom Payment Type

2020-10-15 14:41:59 - [MESSAGE][PASSED] - Object '' is present

2020-10-15 14:41:59 - [MESSAGE][PASSED] - Object '' is visible

2020-10-15 14:41:59 - [MESSAGE][PASSED] - Object '' is present

2020-10-15 14:42:01 - [MESSAGE][PASSED] - Text '13' is set on object ''

2020-10-15 14:42:01 - [MESSAGE][PASSED] - Quicksti.ts:Entered'13 into RefrenceNumber

2020-10-15 14:42:01 - [MESSAGE][PASSED] - Object '' is present

2020-10-15 14:42:01 - [MESSAGE][PASSED] - Object '' is visible

2020-10-15 14:42:02 - [MESSAGE][PASSED] - Object '' is present

2020-10-15 14:42:03 - [MESSAGE][PASSED] - Text '2' is set on object ''

2020-10-15 14:42:03 - [MESSAGE][PASSED] - Quicksti.ts:Entered'2 into Quntity

2020-10-15 14:42:03 - [TEST_STEP][PASSED] - pages.Quicksti.setCommnets("2", s, commentsList.get(i)): Quicksti.ts:Entered'Testing into Comments

2020-10-15 14:42:03 - [MESSAGE][PASSED] - Object '' is present

2020-10-15 14:42:04 - [MESSAGE][PASSED] - Object '' is visible

2020-10-15 14:42:04 - [MESSAGE][PASSED] - Object '' is present

2020-10-15 14:42:05 - [MESSAGE][PASSED] - Text 'Testing' is set on object ''

2020-10-15 14:42:05 - [MESSAGE][PASSED] - Quicksti.ts:Entered'Testing into Comments

2020-10-15 14:42:05 - [TEST_STEP][PASSED] - utilities.SafeActions.safeClick(findTestObject("CERTPAY_QUICKSTI/Payment_Information_Page/MANUAL_ENTRY_BUTTON"), "ManualEntry", [pageLoadTime]): Quicksti.ts:Clicked on the ManualEntry

2020-10-15 14:42:05 - [MESSAGE][INFO] - safeClicking

2020-10-15 14:42:06 - [MESSAGE][PASSED] - Object 'Object Repository/CERTPAY_QUICKSTI/Payment_Information_Page/MANUAL_ENTRY_BUTTON' is present

2020-10-15 14:42:06 - [MESSAGE][PASSED] - Object 'Object Repository/CERTPAY_QUICKSTI/Payment_Information_Page/MANUAL_ENTRY_BUTTON' is clickable

2020-10-15 14:42:10 - [MESSAGE][PASSED] - Object: 'Object Repository/CERTPAY_QUICKSTI/Payment_Information_Page/MANUAL_ENTRY_BUTTON' is clicked on

2020-10-15 14:42:10 - [MESSAGE][PASSED] - Quicksti.ts:Clicked on the ManualEntry

2020-10-15 14:42:10 - [TEST_STEP][PASSED] - amount_Value = pages.Quicksti.getAttributeValue(findTestObject("CERTPAY_QUICKSTI/Payment_Information_Page/SUB_TOTAL")): pages.Quicksti.getAttributeValue is PASSED

2020-10-15 14:42:11 - [MESSAGE][PASSED] - Attribute 'value' of object 'Object Repository/CERTPAY_QUICKSTI/Payment_Information_Page/SUB_TOTAL' is: '45.00'

2020-10-15 14:42:11 - [MESSAGE][PASSED] - pages.Quicksti.getAttributeValue is PASSED

2020-10-15 14:42:11 - [TEST_STEP][PASSED] - CardNumber = pages.Quicksti.setUserPaymentDetails(firstName, lastName, cardNum): Quicksti.ts:Entered'5154623208647646 into CardNum

2020-10-15 14:42:11 - [MESSAGE][PASSED] - Object 'Object Repository/CERTPAY_QUICKSTI/Payment_Information_Page/FIRST_NAME' is present

2020-10-15 14:42:12 - [MESSAGE][PASSED] - Object 'Object Repository/CERTPAY_QUICKSTI/Payment_Information_Page/FIRST_NAME' is visible

2020-10-15 14:42:12 - [MESSAGE][PASSED] - Object 'Object Repository/CERTPAY_QUICKSTI/Payment_Information_Page/FIRST_NAME' is present

2020-10-15 14:42:13 - [MESSAGE][PASSED] - Text 'Tester' is set on object 'Object Repository/CERTPAY_QUICKSTI/Payment_Information_Page/FIRST_NAME'

2020-10-15 14:42:13 - [MESSAGE][PASSED] - Quicksti.ts:Entered'Tester into FirstName

2020-10-15 14:42:14 - [MESSAGE][PASSED] - Object 'Object Repository/CERTPAY_QUICKSTI/Payment_Information_Page/LAST_NAME' is present

2020-10-15 14:42:14 - [MESSAGE][PASSED] - Object 'Object Repository/CERTPAY_QUICKSTI/Payment_Information_Page/LAST_NAME' is visible

2020-10-15 14:42:14 - [MESSAGE][PASSED] - Object 'Object Repository/CERTPAY_QUICKSTI/Payment_Information_Page/LAST_NAME' is present

2020-10-15 14:42:16 - [MESSAGE][PASSED] - Text 'Zenq1' is set on object 'Object Repository/CERTPAY_QUICKSTI/Payment_Information_Page/LAST_NAME'

2020-10-15 14:42:16 - [MESSAGE][PASSED] - Quicksti.ts:Entered'Zenq1 into LAstName

2020-10-15 14:42:16 - [MESSAGE][PASSED] - Object 'Object Repository/CERTPAY_QUICKSTI/Payment_Information_Page/CARD_NUMBER' is present

2020-10-15 14:42:16 - [MESSAGE][PASSED] - Object 'Object Repository/CERTPAY_QUICKSTI/Payment_Information_Page/CARD_NUMBER' is visible

2020-10-15 14:42:17 - [MESSAGE][PASSED] - Object 'Object Repository/CERTPAY_QUICKSTI/Payment_Information_Page/CARD_NUMBER' is present

2020-10-15 14:42:18 - [MESSAGE][PASSED] - Text '5154623208647646' is set on object 'Object Repository/CERTPAY_QUICKSTI/Payment_Information_Page/CARD_NUMBER'

2020-10-15 14:42:18 - [MESSAGE][PASSED] - Quicksti.ts:Entered'5154623208647646 into CardNum

2020-10-15 14:42:18 - [TEST_STEP][PASSED] - pages.Quicksti.setExpDate(expMonth, expYear, securityCode): Quicksti.ts:Entered'207 into securityCode

2020-10-15 14:42:19 - [MESSAGE][PASSED] - Object 'Object Repository/CERTPAY_QUICKSTI/Payment_Information_Page/EXP_MONTH' is visible

2020-10-15 14:42:19 - [MESSAGE][PASSED] - Object 'Object Repository/CERTPAY_QUICKSTI/Payment_Information_Page/EXP_MONTH' is present

2020-10-15 14:42:20 - [MESSAGE][PASSED] - Object: 'Object Repository/CERTPAY_QUICKSTI/Payment_Information_Page/EXP_MONTH' is clicked on

2020-10-15 14:42:22 - [MESSAGE][PASSED] - All options with label '04' are selected in object 'Object Repository/CERTPAY_QUICKSTI/Payment_Information_Page/EXP_MONTH'  using regular expression

2020-10-15 14:42:22 - [MESSAGE][PASSED] - selected dropdown option by visible text  04from expMonth

2020-10-15 14:42:22 - [MESSAGE][PASSED] - Object 'Object Repository/CERTPAY_QUICKSTI/Payment_Information_Page/EXP_YEAR' is visible

2020-10-15 14:42:22 - [MESSAGE][PASSED] - Object 'Object Repository/CERTPAY_QUICKSTI/Payment_Information_Page/EXP_YEAR' is present

2020-10-15 14:42:24 - [MESSAGE][PASSED] - Object: 'Object Repository/CERTPAY_QUICKSTI/Payment_Information_Page/EXP_YEAR' is clicked on

2020-10-15 14:42:25 - [MESSAGE][PASSED] - All options with label '2023' are selected in object 'Object Repository/CERTPAY_QUICKSTI/Payment_Information_Page/EXP_YEAR'  using regular expression

2020-10-15 14:42:25 - [MESSAGE][PASSED] - selected dropdown option by visible text  2023from  expYear

2020-10-15 14:42:26 - [MESSAGE][PASSED] - Object 'Object Repository/CERTPAY_QUICKSTI/Payment_Information_Page/SECURITY_CODE' is present

2020-10-15 14:42:26 - [MESSAGE][PASSED] - Object 'Object Repository/CERTPAY_QUICKSTI/Payment_Information_Page/SECURITY_CODE' is visible

2020-10-15 14:42:26 - [MESSAGE][PASSED] - Object 'Object Repository/CERTPAY_QUICKSTI/Payment_Information_Page/SECURITY_CODE' is present

2020-10-15 14:42:28 - [MESSAGE][PASSED] - Text '207' is set on object 'Object Repository/CERTPAY_QUICKSTI/Payment_Information_Page/SECURITY_CODE'

2020-10-15 14:42:28 - [MESSAGE][PASSED] - Quicksti.ts:Entered'207 into securityCode

2020-10-15 14:42:28 - [TEST_STEP][PASSED] - utilities.SafeActions.safeType(findTestObject("CERTPAY_QUICKSTI/Payment_Information_Page/ADDRESS"), address, "Address", [pageLoadTime]): Quicksti.ts:Entered'14-2 into Address

2020-10-15 14:42:28 - [MESSAGE][PASSED] - Object 'Object Repository/CERTPAY_QUICKSTI/Payment_Information_Page/ADDRESS' is present

2020-10-15 14:42:28 - [MESSAGE][PASSED] - Object 'Object Repository/CERTPAY_QUICKSTI/Payment_Information_Page/ADDRESS' is visible

2020-10-15 14:42:28 - [MESSAGE][PASSED] - Object 'Object Repository/CERTPAY_QUICKSTI/Payment_Information_Page/ADDRESS' is present

2020-10-15 14:42:30 - [MESSAGE][PASSED] - Text '14-2' is set on object 'Object Repository/CERTPAY_QUICKSTI/Payment_Information_Page/ADDRESS'

2020-10-15 14:42:30 - [MESSAGE][PASSED] - Quicksti.ts:Entered'14-2 into Address

2020-10-15 14:42:30 - [TEST_STEP][PASSED] - utilities.SafeActions.safeType(findTestObject("CERTPAY_QUICKSTI/Payment_Information_Page/ZIP_CODE"), zipCode, "zipcode", [pageLoadTime]): Quicksti.ts:Entered'76102 into zipcode

2020-10-15 14:42:30 - [MESSAGE][PASSED] - Object 'Object Repository/CERTPAY_QUICKSTI/Payment_Information_Page/ZIP_CODE' is present

2020-10-15 14:42:30 - [MESSAGE][PASSED] - Object 'Object Repository/CERTPAY_QUICKSTI/Payment_Information_Page/ZIP_CODE' is visible

2020-10-15 14:42:31 - [MESSAGE][PASSED] - Object 'Object Repository/CERTPAY_QUICKSTI/Payment_Information_Page/ZIP_CODE' is present

2020-10-15 14:42:32 - [MESSAGE][PASSED] - Text '76102' is set on object 'Object Repository/CERTPAY_QUICKSTI/Payment_Information_Page/ZIP_CODE'

2020-10-15 14:42:32 - [MESSAGE][PASSED] - Quicksti.ts:Entered'76102 into zipcode

2020-10-15 14:42:32 - [TEST_STEP][PASSED] - utilities.SafeActions.safeType(findTestObject("CERTPAY_QUICKSTI/Payment_Information_Page/TELEPHONE"), telephone, "Telephone", [pageLoadTime]): Quicksti.ts:Entered'9989897654 into Telephone

2020-10-15 14:42:32 - [MESSAGE][PASSED] - Object 'Object Repository/CERTPAY_QUICKSTI/Payment_Information_Page/TELEPHONE' is present

2020-10-15 14:42:33 - [MESSAGE][PASSED] - Object 'Object Repository/CERTPAY_QUICKSTI/Payment_Information_Page/TELEPHONE' is visible

2020-10-15 14:42:33 - [MESSAGE][PASSED] - Object 'Object Repository/CERTPAY_QUICKSTI/Payment_Information_Page/TELEPHONE' is present

2020-10-15 14:42:34 - [MESSAGE][PASSED] - Text '9989897654' is set on object 'Object Repository/CERTPAY_QUICKSTI/Payment_Information_Page/TELEPHONE'

2020-10-15 14:42:34 - [MESSAGE][PASSED] - Quicksti.ts:Entered'9989897654 into Telephone

2020-10-15 14:42:34 - [TEST_STEP][PASSED] - utilities.SafeActions.safeType(findTestObject("CERTPAY_QUICKSTI/Payment_Information_Page/EMAIL_ADDRESS"), emailAddress, "EMAIL address", [pageLoadTime]): Quicksti.ts:Entered'testing@zenq.com into EMAIL address

2020-10-15 14:42:35 - [MESSAGE][PASSED] - Object 'Object Repository/CERTPAY_QUICKSTI/Payment_Information_Page/EMAIL_ADDRESS' is present

2020-10-15 14:42:35 - [MESSAGE][PASSED] - Object 'Object Repository/CERTPAY_QUICKSTI/Payment_Information_Page/EMAIL_ADDRESS' is visible

2020-10-15 14:42:35 - [MESSAGE][PASSED] - Object 'Object Repository/CERTPAY_QUICKSTI/Payment_Information_Page/EMAIL_ADDRESS' is present

2020-10-15 14:42:36 - [MESSAGE][PASSED] - Text 'testing@zenq.com' is set on object 'Object Repository/CERTPAY_QUICKSTI/Payment_Information_Page/EMAIL_ADDRESS'

2020-10-15 14:42:36 - [MESSAGE][PASSED] - Quicksti.ts:Entered'testing@zenq.com into EMAIL address

2020-10-15 14:42:36 - [TEST_STEP][PASSED] - utilities.SafeActions.safeClick(findTestObject("CERTPAY_QUICKSTI/Payment_Information_Page/NEXT_BUTTON"), "Next", [pageLoadTime]): Quicksti.ts:Clicked on the Next

2020-10-15 14:42:36 - [MESSAGE][INFO] - safeClicking

2020-10-15 14:42:37 - [MESSAGE][PASSED] - Object 'Object Repository/CERTPAY_QUICKSTI/Payment_Information_Page/NEXT_BUTTON' is present

2020-10-15 14:42:37 - [MESSAGE][PASSED] - Object 'Object Repository/CERTPAY_QUICKSTI/Payment_Information_Page/NEXT_BUTTON' is clickable

2020-10-15 14:42:41 - [MESSAGE][PASSED] - Object: 'Object Repository/CERTPAY_QUICKSTI/Payment_Information_Page/NEXT_BUTTON' is clicked on

2020-10-15 14:42:41 - [MESSAGE][PASSED] - Quicksti.ts:Clicked on the Next

2020-10-15 14:42:41 - [TEST_STEP][PASSED] - pages.Quicksti.verifyUserPaymentDetails(amountList.get(0), firstName, lastName, CardNumber): pages.Quicksti.verifyUserPaymentDetails is PASSED

2020-10-15 14:42:41 - [MESSAGE][PASSED] - Text of object 'Object Repository/CERTPAY_QUICKSTI/Payment_Details_Verification_Page/AMOUNT' is: '$45.00'

2020-10-15 14:42:41 - [MESSAGE][PASSED] - Actual text '45.00' and expected text '45.00' are matched  using regular expression

2020-10-15 14:42:42 - [MESSAGE][PASSED] - Text of object 'Object Repository/CERTPAY_QUICKSTI/Payment_Details_Verification_Page/NAME' is: 'Tester Zenq1'

2020-10-15 14:42:42 - [MESSAGE][PASSED] - Actual text 'Tester Zenq1' and expected text 'Tester Zenq1' are matched  using regular expression

2020-10-15 14:42:42 - [MESSAGE][PASSED] - Text of object 'Object Repository/CERTPAY_QUICKSTI/Payment_Details_Verification_Page/CARD_NUMBER' is: '...7646'

2020-10-15 14:42:42 - [MESSAGE][PASSED] - Actual text '7646' and expected text '7646' are matched  using regular expression

2020-10-15 14:42:42 - [MESSAGE][PASSED] - pages.Quicksti.verifyUserPaymentDetails is PASSED

2020-10-15 14:42:42 - [TEST_STEP][PASSED] - ConvFee = getText(findTestObject("CERTPAY_QUICKSTI/Payment_Information_Page/CONV_FEE")): Text of object 'Object Repository/CERTPAY_QUICKSTI/Payment_Information_Page/CONV_FEE' is: '$0.45'

2020-10-15 14:42:43 - [MESSAGE][PASSED] - Text of object 'Object Repository/CERTPAY_QUICKSTI/Payment_Information_Page/CONV_FEE' is: '$0.45'

2020-10-15 14:42:43 - [TEST_STEP][PASSED] - scrollToElement(findTestObject("CERTPAY_QUICKSTI/Payment_Details_Verification_Page/PROCESS"), 30): Scroll to object 'Object Repository/CERTPAY_QUICKSTI/Payment_Details_Verification_Page/PROCESS' successfully

2020-10-15 14:42:43 - [MESSAGE][PASSED] - Scroll to object 'Object Repository/CERTPAY_QUICKSTI/Payment_Details_Verification_Page/PROCESS' successfully

2020-10-15 14:42:43 - [TEST_STEP][PASSED] - utilities.SafeActions.safeClick(findTestObject("CERTPAY_QUICKSTI/Payment_Details_Verification_Page/PROCESS"), "Process", [pageLoadTime]): Quicksti.ts:Clicked on the Process

2020-10-15 14:42:43 - [MESSAGE][INFO] - safeClicking

2020-10-15 14:42:43 - [MESSAGE][PASSED] - Object 'Object Repository/CERTPAY_QUICKSTI/Payment_Details_Verification_Page/PROCESS' is present

2020-10-15 14:42:44 - [MESSAGE][PASSED] - Object 'Object Repository/CERTPAY_QUICKSTI/Payment_Details_Verification_Page/PROCESS' is clickable

2020-10-15 14:42:50 - [MESSAGE][PASSED] - Object: 'Object Repository/CERTPAY_QUICKSTI/Payment_Details_Verification_Page/PROCESS' is clicked on

2020-10-15 14:42:50 - [MESSAGE][PASSED] - Quicksti.ts:Clicked on the Process

2020-10-15 14:42:50 - [TEST_STEP][PASSED] - paymentId = pages.Quicksti.verifyPaymentApproval(findTestObject("CERTPAY_QUICKSTI/Payment_Details_Verification_Page/APPROVED")): Payment is approved

2020-10-15 14:42:50 - [MESSAGE][PASSED] - Text of object 'Object Repository/CERTPAY_QUICKSTI/Payment_Details_Verification_Page/PAYMENT_ID' is: '100176129112'

2020-10-15 14:42:51 - [MESSAGE][PASSED] - Object 'Object Repository/CERTPAY_QUICKSTI/Payment_Details_Verification_Page/APPROVED' is present

2020-10-15 14:42:51 - [MESSAGE][PASSED] - Payment is approved

2020-10-15 14:42:53 - [TEST_STEP][PASSED] - navigateToUrl(Admin_url): Navigate to 'https://qa-certpayadmin.faps.net' successfully

2020-10-15 14:43:01 - [MESSAGE][PASSED] - Navigate to 'https://qa-certpayadmin.faps.net' successfully

2020-10-15 14:43:01 - [TEST_STEP][PASSED] - pages.Bureau_Login_Page.loginToAdminSite(AdminUsername, AdminPassword): Quicksti.ts:Clicked on the LOGIN

2020-10-15 14:43:01 - [MESSAGE][PASSED] - Object 'Object Repository/CERTPAY_ADMIN/USER_NAME' is present

2020-10-15 14:43:01 - [MESSAGE][PASSED] - Object 'Object Repository/CERTPAY_ADMIN/USER_NAME' is visible

2020-10-15 14:43:02 - [MESSAGE][PASSED] - Object 'Object Repository/CERTPAY_ADMIN/USER_NAME' is present

2020-10-15 14:43:03 - [MESSAGE][PASSED] - Text 'VVangiliappan' is set on object 'Object Repository/CERTPAY_ADMIN/USER_NAME'

2020-10-15 14:43:03 - [MESSAGE][PASSED] - Quicksti.ts:Entered'VVangiliappan into username

2020-10-15 14:43:03 - [MESSAGE][PASSED] - Object 'Object Repository/CERTPAY_ADMIN/PASSWORD' is present

2020-10-15 14:43:04 - [MESSAGE][PASSED] - Object 'Object Repository/CERTPAY_ADMIN/PASSWORD' is visible

2020-10-15 14:43:04 - [MESSAGE][PASSED] - Object 'Object Repository/CERTPAY_ADMIN/PASSWORD' is present

2020-10-15 14:43:05 - [MESSAGE][PASSED] - Text 'Test@123' is set on object 'Object Repository/CERTPAY_ADMIN/PASSWORD'

2020-10-15 14:43:05 - [MESSAGE][PASSED] - Quicksti.ts:Entered'Test@123 into password

2020-10-15 14:43:05 - [MESSAGE][INFO] - safeClicking

2020-10-15 14:43:05 - [MESSAGE][PASSED] - Object 'Object Repository/CERTPAY_ADMIN/LOGIN_BUTTON' is present

2020-10-15 14:43:06 - [MESSAGE][PASSED] - Object 'Object Repository/CERTPAY_ADMIN/LOGIN_BUTTON' is clickable

2020-10-15 14:43:20 - [MESSAGE][PASSED] - Object: 'Object Repository/CERTPAY_ADMIN/LOGIN_BUTTON' is clicked on

2020-10-15 14:43:20 - [MESSAGE][PASSED] - Quicksti.ts:Clicked on the LOGIN

2020-10-15 14:43:20 - [TEST_STEP][PASSED] - utilities.SafeActions.safeClick(findTestObject("CERTPAY_ADMIN/TRANSACTION_MENU"), "TransactionMenu", [pageLoadTime]): Quicksti.ts:Clicked on the TransactionMenu

2020-10-15 14:43:20 - [MESSAGE][INFO] - safeClicking

2020-10-15 14:43:21 - [MESSAGE][PASSED] - Object 'Object Repository/CERTPAY_ADMIN/TRANSACTION_MENU' is present

2020-10-15 14:43:21 - [MESSAGE][PASSED] - Object 'Object Repository/CERTPAY_ADMIN/TRANSACTION_MENU' is clickable

2020-10-15 14:43:22 - [MESSAGE][PASSED] - Object: 'Object Repository/CERTPAY_ADMIN/TRANSACTION_MENU' is clicked on

2020-10-15 14:43:22 - [MESSAGE][PASSED] - Quicksti.ts:Clicked on the TransactionMenu

2020-10-15 14:43:22 - [TEST_STEP][PASSED] - utilities.SafeActions.safeClick(findTestObject("CERTPAY_ADMIN/TRANSACTION_SEARCH"), "TransactionSearch", [pageLoadTime]): Quicksti.ts:Clicked on the TransactionSearch

2020-10-15 14:43:22 - [MESSAGE][INFO] - safeClicking

2020-10-15 14:43:23 - [MESSAGE][PASSED] - Object 'Object Repository/CERTPAY_ADMIN/TRANSACTION_SEARCH' is present

2020-10-15 14:43:23 - [MESSAGE][PASSED] - Object 'Object Repository/CERTPAY_ADMIN/TRANSACTION_SEARCH' is clickable

2020-10-15 14:43:27 - [MESSAGE][PASSED] - Object: 'Object Repository/CERTPAY_ADMIN/TRANSACTION_SEARCH' is clicked on

2020-10-15 14:43:27 - [MESSAGE][PASSED] - Quicksti.ts:Clicked on the TransactionSearch

2020-10-15 14:43:27 - [TEST_STEP][PASSED] - utilities.SafeActions.safeType(findTestObject("CERTPAY_ADMIN/PAYMENT_ID"), paymentId, "Payment id", [pageLoadTime]): Quicksti.ts:Entered'100176129112 into Payment id

2020-10-15 14:43:27 - [MESSAGE][PASSED] - Object 'Object Repository/CERTPAY_ADMIN/PAYMENT_ID' is present

2020-10-15 14:43:28 - [MESSAGE][PASSED] - Object 'Object Repository/CERTPAY_ADMIN/PAYMENT_ID' is visible

2020-10-15 14:43:28 - [MESSAGE][PASSED] - Object 'Object Repository/CERTPAY_ADMIN/PAYMENT_ID' is present

2020-10-15 14:43:29 - [MESSAGE][PASSED] - Text '100176129112' is set on object 'Object Repository/CERTPAY_ADMIN/PAYMENT_ID'

2020-10-15 14:43:29 - [MESSAGE][PASSED] - Quicksti.ts:Entered'100176129112 into Payment id

2020-10-15 14:43:29 - [TEST_STEP][PASSED] - utilities.SafeActions.safeClick(findTestObject("CERTPAY_ADMIN/GO_BUTTON"), "Go button", [pageLoadTime]): Quicksti.ts:Clicked on the Go button

2020-10-15 14:43:29 - [MESSAGE][INFO] - safeClicking

2020-10-15 14:43:29 - [MESSAGE][PASSED] - Object 'Object Repository/CERTPAY_ADMIN/GO_BUTTON' is present

2020-10-15 14:43:30 - [MESSAGE][PASSED] - Object 'Object Repository/CERTPAY_ADMIN/GO_BUTTON' is clickable

2020-10-15 14:43:32 - [MESSAGE][PASSED] - Object: 'Object Repository/CERTPAY_ADMIN/GO_BUTTON' is clicked on

2020-10-15 14:43:32 - [MESSAGE][PASSED] - Quicksti.ts:Clicked on the Go button

2020-10-15 14:43:32 - [TEST_STEP][PASSED] - delay(5): Delayed 5 second(s)

2020-10-15 14:43:37 - [MESSAGE][PASSED] - Delayed 5 second(s)

2020-10-15 14:43:37 - [TEST_STEP][PASSED] - scrollToPosition(800, 900): Browser is scrolled to position x = 800, y = 900

2020-10-15 14:43:37 - [MESSAGE][PASSED] - Browser is scrolled to position x = 800, y = 900

2020-10-15 14:43:37 - [TEST_STEP][PASSED] - pages.Search_Page.validatePaymentAmount(amountList.get(0), ConvFee): Verified payment details successfully 

2020-10-15 14:43:38 - [MESSAGE][PASSED] - Text of object 'Object Repository/CERTPAY_ADMIN/PAYMENT_AMOUNT' is: '$45.00'

2020-10-15 14:43:38 - [MESSAGE][PASSED] - Actual text '45.00' and expected text '45.00' are matched  using regular expression

2020-10-15 14:43:38 - [MESSAGE][PASSED] - Text of object 'Object Repository/CERTPAY_ADMIN/CONV_FEE' is: '$0.45'

2020-10-15 14:43:38 - [MESSAGE][PASSED] - Actual text '0.45' and expected text '0.45' are matched  using regular expression

2020-10-15 14:43:38 - [MESSAGE][PASSED] - Verified payment details successfully 

2020-10-15 14:43:38 - [TEST_STEP][PASSED] - paymentIdList.add(paymentId): null

2020-10-15 14:43:38 - [TEST_STEP][PASSED] - println(paymentIdList): null

2020-10-15 14:43:38 - [TEST_STEP][PASSED] - firstName = data.getValue("FirstName", index): null

2020-10-15 14:43:38 - [TEST_STEP][PASSED] - lastName = data.getValue("LastName", index): null

2020-10-15 14:43:38 - [TEST_STEP][PASSED] - cardNum = data.getValue("CardNumber", index): null

2020-10-15 14:43:38 - [TEST_STEP][PASSED] - expMonth = data.getValue("ExpMonth", index): null

2020-10-15 14:43:38 - [TEST_STEP][PASSED] - expYear = data.getValue("ExpYear", index): null

2020-10-15 14:43:38 - [TEST_STEP][PASSED] - securityCode = data.getValue("SecurityCode", index): null

2020-10-15 14:43:38 - [TEST_STEP][PASSED] - paymentAmount = data.getValue("PaymentAmount", index): null

2020-10-15 14:43:38 - [TEST_STEP][PASSED] - paymentType = data.getValue("PaymentType", index): null

2020-10-15 14:43:38 - [TEST_STEP][PASSED] - quantity = data.getValue("Quantity", index): null

2020-10-15 14:43:38 - [TEST_STEP][PASSED] - comments = data.getValue("Comments", index): null

2020-10-15 14:43:38 - [TEST_STEP][PASSED] - referenceNum = data.getValue("ReferenceNum", index): null

2020-10-15 14:43:38 - [TEST_STEP][PASSED] - address = data.getValue("Address", index): null

2020-10-15 14:43:38 - [TEST_STEP][PASSED] - zipCode = data.getValue("Zipcode", index): null

2020-10-15 14:43:38 - [TEST_STEP][PASSED] - telephone = data.getValue("Telephone", index): null

2020-10-15 14:43:38 - [TEST_STEP][PASSED] - emailAddress = data.getValue("EmailAddress", index): null

2020-10-15 14:43:38 - [TEST_STEP][PASSED] - cardType = data.getValue("CardType", index): null

2020-10-15 14:43:38 - [TEST_STEP][PASSED] - amountList = paymentAmount.split(","): null

2020-10-15 14:43:38 - [TEST_STEP][PASSED] - referenceList = referenceNum.split(","): null

2020-10-15 14:43:38 - [TEST_STEP][PASSED] - paymentTypeList = paymentType.split(","): null

2020-10-15 14:43:38 - [TEST_STEP][PASSED] - commentsList = comments.split(","): null

2020-10-15 14:43:38 - [TEST_STEP][PASSED] - quantityList = quantity.split(","): null

2020-10-15 14:43:38 - [TEST_STEP][PASSED] - utilities.SafeActions.openBrowser(Quicksti_Url, [pageLoadTime]): Browser launched successfully

2020-10-15 14:43:38 - [MESSAGE][INFO] - Opening Browser

2020-10-15 14:43:38 - [MESSAGE][WARNING] - A browser is already opened. Closing browser and opening a new one

2020-10-15 14:43:47 - [MESSAGE][INFO] - Starting 'Chrome' driver

2020-10-15 14:44:06 - [MESSAGE][PASSED] - Browser is opened with url: 'https://qa-certpayquicksti.faps.net/'

2020-10-15 14:44:08 - [MESSAGE][PASSED] - Current window maximized

2020-10-15 14:44:08 - [MESSAGE][PASSED] - Browser launched successfully

2020-10-15 14:44:08 - [TEST_STEP][PASSED] - utilities.SafeActions.safeCheck(findTestObject("CERTPAY_QUICKSTI/Login_ Page/MULTI_BUREAU_CHECKBOX"), "Multi Bureau", [pageLoadTime]): Quicksti.ts:Checkbox 'Multi Bureau'is selected

2020-10-15 14:44:08 - [MESSAGE][PASSED] - Object 'Object Repository/CERTPAY_QUICKSTI/Login_ Page/MULTI_BUREAU_CHECKBOX' is present

2020-10-15 14:44:09 - [MESSAGE][PASSED] - Object 'Object Repository/CERTPAY_QUICKSTI/Login_ Page/MULTI_BUREAU_CHECKBOX' is present

2020-10-15 14:44:11 - [MESSAGE][PASSED] - Object: 'Object Repository/CERTPAY_QUICKSTI/Login_ Page/MULTI_BUREAU_CHECKBOX' is clicked on

2020-10-15 14:44:11 - [MESSAGE][PASSED] - Quicksti.ts:Checkbox 'Multi Bureau'is selected

2020-10-15 14:44:11 - [TEST_STEP][PASSED] - utilities.SafeActions.safeType(findTestObject("CERTPAY_QUICKSTI/Login_ Page/TELLER_ID"), teller_id, "Bureau code", [pageLoadTime]): Quicksti.ts:Entered'zenq into Bureau code

2020-10-15 14:44:13 - [MESSAGE][PASSED] - Object 'Object Repository/CERTPAY_QUICKSTI/Login_ Page/TELLER_ID' is present

2020-10-15 14:44:13 - [MESSAGE][PASSED] - Object 'Object Repository/CERTPAY_QUICKSTI/Login_ Page/TELLER_ID' is visible

2020-10-15 14:44:13 - [MESSAGE][PASSED] - Object 'Object Repository/CERTPAY_QUICKSTI/Login_ Page/TELLER_ID' is present

2020-10-15 14:44:15 - [MESSAGE][PASSED] - Text 'zenq' is set on object 'Object Repository/CERTPAY_QUICKSTI/Login_ Page/TELLER_ID'

2020-10-15 14:44:15 - [MESSAGE][PASSED] - Quicksti.ts:Entered'zenq into Bureau code

2020-10-15 14:44:15 - [TEST_STEP][PASSED] - utilities.SafeActions.safeClick(findTestObject("CERTPAY_QUICKSTI/Login_ Page/NEXT_BUTTON"), "Next button", [pageLoadTime]): Quicksti.ts:Clicked on the Next button

2020-10-15 14:44:15 - [MESSAGE][INFO] - safeClicking

2020-10-15 14:44:15 - [MESSAGE][PASSED] - Object 'Object Repository/CERTPAY_QUICKSTI/Login_ Page/NEXT_BUTTON' is present

2020-10-15 14:44:15 - [MESSAGE][PASSED] - Object 'Object Repository/CERTPAY_QUICKSTI/Login_ Page/NEXT_BUTTON' is clickable

2020-10-15 14:44:19 - [MESSAGE][PASSED] - Object: 'Object Repository/CERTPAY_QUICKSTI/Login_ Page/NEXT_BUTTON' is clicked on

2020-10-15 14:44:19 - [MESSAGE][PASSED] - Quicksti.ts:Clicked on the Next button

2020-10-15 14:44:19 - [TEST_STEP][PASSED] - for ([i = 0, i <= amountList.size() - 1, (i++)]): Quicksti.ts:Entered'2 into Quntity

2020-10-15 14:44:19 - [TEST_STEP][PASSED] - s = Integer.toString(i): null

2020-10-15 14:44:19 - [TEST_STEP][PASSED] - pages.Quicksti.setCommnets("0", s, commentsList.get(i)): Quicksti.ts:Entered'Testing into Comments

2020-10-15 14:44:20 - [MESSAGE][PASSED] - Object '' is present

2020-10-15 14:44:20 - [MESSAGE][PASSED] - Object '' is visible

2020-10-15 14:44:20 - [MESSAGE][PASSED] - Object '' is present

2020-10-15 14:44:22 - [MESSAGE][PASSED] - Text 'Testing' is set on object ''

2020-10-15 14:44:22 - [MESSAGE][PASSED] - Quicksti.ts:Entered'Testing into Comments

2020-10-15 14:44:22 - [TEST_STEP][PASSED] - utilities.SafeActions.safeType(findTestObject("CERTPAY_QUICKSTI/Payment_Information_Page/PAYMENT_AMOUNT"), amountList.get(i), "Payment Amount", [pageLoadTime]): Quicksti.ts:Entered'45.00 into Payment Amount

2020-10-15 14:44:22 - [MESSAGE][PASSED] - Object 'Object Repository/CERTPAY_QUICKSTI/Payment_Information_Page/PAYMENT_AMOUNT' is present

2020-10-15 14:44:22 - [MESSAGE][PASSED] - Object 'Object Repository/CERTPAY_QUICKSTI/Payment_Information_Page/PAYMENT_AMOUNT' is visible

2020-10-15 14:44:23 - [MESSAGE][PASSED] - Object 'Object Repository/CERTPAY_QUICKSTI/Payment_Information_Page/PAYMENT_AMOUNT' is present

2020-10-15 14:44:24 - [MESSAGE][PASSED] - Text '45.00' is set on object 'Object Repository/CERTPAY_QUICKSTI/Payment_Information_Page/PAYMENT_AMOUNT'

2020-10-15 14:44:24 - [MESSAGE][PASSED] - Quicksti.ts:Entered'45.00 into Payment Amount

2020-10-15 14:44:24 - [TEST_STEP][PASSED] - pages.Quicksti.setAmountDetailsForMultiBureau(s, paymentTypeList.get(i), "0", referenceList.get(i), quantityList.get(i)): Quicksti.ts:Entered'1 into Quntity

2020-10-15 14:44:24 - [MESSAGE][PASSED] - Object '' is visible

2020-10-15 14:44:25 - [MESSAGE][PASSED] - Object '' is present

2020-10-15 14:44:26 - [MESSAGE][PASSED] - Object: '' is clicked on

2020-10-15 14:44:27 - [MESSAGE][PASSED] - All options with label 'Licenses' are selected in object ''  using regular expression

2020-10-15 14:44:27 - [MESSAGE][PASSED] - selected dropdown option by visible text  Licensesfrom Payment Type

2020-10-15 14:44:27 - [MESSAGE][PASSED] - Object '' is present

2020-10-15 14:44:28 - [MESSAGE][PASSED] - Object '' is visible

2020-10-15 14:44:28 - [MESSAGE][PASSED] - Object '' is present

2020-10-15 14:44:29 - [MESSAGE][PASSED] - Text '11' is set on object ''

2020-10-15 14:44:29 - [MESSAGE][PASSED] - Quicksti.ts:Entered'11 into RefrenceNumber

2020-10-15 14:44:29 - [MESSAGE][PASSED] - Object '' is present

2020-10-15 14:44:30 - [MESSAGE][PASSED] - Object '' is visible

2020-10-15 14:44:30 - [MESSAGE][PASSED] - Object '' is present

2020-10-15 14:44:31 - [MESSAGE][PASSED] - Text '1' is set on object ''

2020-10-15 14:44:31 - [MESSAGE][PASSED] - Quicksti.ts:Entered'1 into Quntity

2020-10-15 14:44:31 - [TEST_STEP][PASSED] - s = Integer.toString(i): null

2020-10-15 14:44:31 - [TEST_STEP][PASSED] - pages.Quicksti.setCommnets("0", s, commentsList.get(i)): Quicksti.ts:Entered'Tester into Comments

2020-10-15 14:44:32 - [MESSAGE][PASSED] - Object '' is present

2020-10-15 14:44:32 - [MESSAGE][PASSED] - Object '' is visible

2020-10-15 14:44:32 - [MESSAGE][PASSED] - Object '' is present

2020-10-15 14:44:33 - [MESSAGE][PASSED] - Text 'Tester' is set on object ''

2020-10-15 14:44:33 - [MESSAGE][PASSED] - Quicksti.ts:Entered'Tester into Comments

2020-10-15 14:44:33 - [TEST_STEP][PASSED] - utilities.SafeActions.safeType(findTestObject("CERTPAY_QUICKSTI/Payment_Information_Page/PAYMENT_AMOUNT"), amountList.get(i), "Payment Amount", [pageLoadTime]): Quicksti.ts:Entered'35.00 into Payment Amount

2020-10-15 14:44:34 - [MESSAGE][PASSED] - Object 'Object Repository/CERTPAY_QUICKSTI/Payment_Information_Page/PAYMENT_AMOUNT' is present

2020-10-15 14:44:34 - [MESSAGE][PASSED] - Object 'Object Repository/CERTPAY_QUICKSTI/Payment_Information_Page/PAYMENT_AMOUNT' is visible

2020-10-15 14:44:34 - [MESSAGE][PASSED] - Object 'Object Repository/CERTPAY_QUICKSTI/Payment_Information_Page/PAYMENT_AMOUNT' is present

2020-10-15 14:44:36 - [MESSAGE][PASSED] - Text '35.00' is set on object 'Object Repository/CERTPAY_QUICKSTI/Payment_Information_Page/PAYMENT_AMOUNT'

2020-10-15 14:44:36 - [MESSAGE][PASSED] - Quicksti.ts:Entered'35.00 into Payment Amount

2020-10-15 14:44:36 - [TEST_STEP][PASSED] - pages.Quicksti.setAmountDetailsForMultiBureau(s, paymentTypeList.get(i), "0", referenceList.get(i), quantityList.get(i)): Quicksti.ts:Entered'2 into Quntity

2020-10-15 14:44:36 - [MESSAGE][PASSED] - Object '' is visible

2020-10-15 14:44:36 - [MESSAGE][PASSED] - Object '' is present

2020-10-15 14:44:38 - [MESSAGE][PASSED] - Object: '' is clicked on

2020-10-15 14:44:39 - [MESSAGE][PASSED] - All options with label 'Taxes' are selected in object ''  using regular expression

2020-10-15 14:44:39 - [MESSAGE][PASSED] - selected dropdown option by visible text  Taxesfrom Payment Type

2020-10-15 14:44:39 - [MESSAGE][PASSED] - Object '' is present

2020-10-15 14:44:40 - [MESSAGE][PASSED] - Object '' is visible

2020-10-15 14:44:40 - [MESSAGE][PASSED] - Object '' is present

2020-10-15 14:44:41 - [MESSAGE][PASSED] - Text '12' is set on object ''

2020-10-15 14:44:41 - [MESSAGE][PASSED] - Quicksti.ts:Entered'12 into RefrenceNumber

2020-10-15 14:44:41 - [MESSAGE][PASSED] - Object '' is present

2020-10-15 14:44:42 - [MESSAGE][PASSED] - Object '' is visible

2020-10-15 14:44:42 - [MESSAGE][PASSED] - Object '' is present

2020-10-15 14:44:43 - [MESSAGE][PASSED] - Text '2' is set on object ''

2020-10-15 14:44:43 - [MESSAGE][PASSED] - Quicksti.ts:Entered'2 into Quntity

2020-10-15 14:44:43 - [TEST_STEP][PASSED] - s = Integer.toString(i): null

2020-10-15 14:44:43 - [TEST_STEP][PASSED] - pages.Quicksti.setCommnets("0", s, commentsList.get(i)): Quicksti.ts:Entered'Testing into Comments

2020-10-15 14:44:43 - [MESSAGE][PASSED] - Object '' is present

2020-10-15 14:44:44 - [MESSAGE][PASSED] - Object '' is visible

2020-10-15 14:44:44 - [MESSAGE][PASSED] - Object '' is present

2020-10-15 14:44:45 - [MESSAGE][PASSED] - Text 'Testing' is set on object ''

2020-10-15 14:44:45 - [MESSAGE][PASSED] - Quicksti.ts:Entered'Testing into Comments

2020-10-15 14:44:45 - [TEST_STEP][PASSED] - utilities.SafeActions.safeType(findTestObject("CERTPAY_QUICKSTI/Payment_Information_Page/PAYMENT_AMOUNT"), amountList.get(i), "Payment Amount", [pageLoadTime]): Quicksti.ts:Entered'20.00 into Payment Amount

2020-10-15 14:44:46 - [MESSAGE][PASSED] - Object 'Object Repository/CERTPAY_QUICKSTI/Payment_Information_Page/PAYMENT_AMOUNT' is present

2020-10-15 14:44:46 - [MESSAGE][PASSED] - Object 'Object Repository/CERTPAY_QUICKSTI/Payment_Information_Page/PAYMENT_AMOUNT' is visible

2020-10-15 14:44:46 - [MESSAGE][PASSED] - Object 'Object Repository/CERTPAY_QUICKSTI/Payment_Information_Page/PAYMENT_AMOUNT' is present

2020-10-15 14:44:48 - [MESSAGE][PASSED] - Text '20.00' is set on object 'Object Repository/CERTPAY_QUICKSTI/Payment_Information_Page/PAYMENT_AMOUNT'

2020-10-15 14:44:48 - [MESSAGE][PASSED] - Quicksti.ts:Entered'20.00 into Payment Amount

2020-10-15 14:44:48 - [TEST_STEP][PASSED] - pages.Quicksti.setAmountDetailsForMultiBureau(s, paymentTypeList.get(i), "0", referenceList.get(i), quantityList.get(i)): Quicksti.ts:Entered'2 into Quntity

2020-10-15 14:44:48 - [MESSAGE][PASSED] - Object '' is visible

2020-10-15 14:44:48 - [MESSAGE][PASSED] - Object '' is present

2020-10-15 14:44:50 - [MESSAGE][PASSED] - Object: '' is clicked on

2020-10-15 14:44:51 - [MESSAGE][PASSED] - All options with label 'Court Fines' are selected in object ''  using regular expression

2020-10-15 14:44:51 - [MESSAGE][PASSED] - selected dropdown option by visible text  Court Finesfrom Payment Type

2020-10-15 14:44:51 - [MESSAGE][PASSED] - Object '' is present

2020-10-15 14:44:52 - [MESSAGE][PASSED] - Object '' is visible

2020-10-15 14:44:52 - [MESSAGE][PASSED] - Object '' is present

2020-10-15 14:44:53 - [MESSAGE][PASSED] - Text '13' is set on object ''

2020-10-15 14:44:53 - [MESSAGE][PASSED] - Quicksti.ts:Entered'13 into RefrenceNumber

2020-10-15 14:44:53 - [MESSAGE][PASSED] - Object '' is present

2020-10-15 14:44:54 - [MESSAGE][PASSED] - Object '' is visible

2020-10-15 14:44:54 - [MESSAGE][PASSED] - Object '' is present

2020-10-15 14:44:55 - [MESSAGE][PASSED] - Text '2' is set on object ''

2020-10-15 14:44:55 - [MESSAGE][PASSED] - Quicksti.ts:Entered'2 into Quntity

2020-10-15 14:44:55 - [TEST_STEP][PASSED] - for ([i = 0, i <= amountList.size() - 1, (i++)]): Quicksti.ts:Entered'2 into Quntity

2020-10-15 14:44:55 - [TEST_STEP][PASSED] - s = Integer.toString(i): null

2020-10-15 14:44:55 - [TEST_STEP][PASSED] - utilities.SafeActions.safeType(findTestObject("CERTPAY_QUICKSTI/Payment_Information_Page/MULTIBUREAU_PAYMENT_AMOUNT"), amountList.get(i), "Payment Amount", [pageLoadTime]): Quicksti.ts:Entered'45.00 into Payment Amount

2020-10-15 14:44:56 - [MESSAGE][PASSED] - Object 'Object Repository/CERTPAY_QUICKSTI/Payment_Information_Page/MULTIBUREAU_PAYMENT_AMOUNT' is present

2020-10-15 14:44:56 - [MESSAGE][PASSED] - Object 'Object Repository/CERTPAY_QUICKSTI/Payment_Information_Page/MULTIBUREAU_PAYMENT_AMOUNT' is visible

2020-10-15 14:44:56 - [MESSAGE][PASSED] - Object 'Object Repository/CERTPAY_QUICKSTI/Payment_Information_Page/MULTIBUREAU_PAYMENT_AMOUNT' is present

2020-10-15 14:44:58 - [MESSAGE][PASSED] - Text '45.00' is set on object 'Object Repository/CERTPAY_QUICKSTI/Payment_Information_Page/MULTIBUREAU_PAYMENT_AMOUNT'

2020-10-15 14:44:58 - [MESSAGE][PASSED] - Quicksti.ts:Entered'45.00 into Payment Amount

2020-10-15 14:44:58 - [TEST_STEP][PASSED] - pages.Quicksti.setAmountDetailsForMultiBureau(s, "Registration Fees", "1", referenceList.get(i), quantityList.get(i)): Quicksti.ts:Entered'1 into Quntity

2020-10-15 14:44:58 - [MESSAGE][PASSED] - Object '' is visible

2020-10-15 14:44:58 - [MESSAGE][PASSED] - Object '' is present

2020-10-15 14:45:00 - [MESSAGE][PASSED] - Object: '' is clicked on

2020-10-15 14:45:01 - [MESSAGE][PASSED] - All options with label 'Registration Fees' are selected in object ''  using regular expression

2020-10-15 14:45:01 - [MESSAGE][PASSED] - selected dropdown option by visible text  Registration Feesfrom Payment Type

2020-10-15 14:45:01 - [MESSAGE][PASSED] - Object '' is present

2020-10-15 14:45:01 - [MESSAGE][PASSED] - Object '' is visible

2020-10-15 14:45:01 - [MESSAGE][PASSED] - Object '' is present

2020-10-15 14:45:03 - [MESSAGE][PASSED] - Text '11' is set on object ''

2020-10-15 14:45:03 - [MESSAGE][PASSED] - Quicksti.ts:Entered'11 into RefrenceNumber

2020-10-15 14:45:03 - [MESSAGE][PASSED] - Object '' is present

2020-10-15 14:45:03 - [MESSAGE][PASSED] - Object '' is visible

2020-10-15 14:45:03 - [MESSAGE][PASSED] - Object '' is present

2020-10-15 14:45:05 - [MESSAGE][PASSED] - Text '1' is set on object ''

2020-10-15 14:45:05 - [MESSAGE][PASSED] - Quicksti.ts:Entered'1 into Quntity

2020-10-15 14:45:05 - [TEST_STEP][PASSED] - s = Integer.toString(i): null

2020-10-15 14:45:05 - [TEST_STEP][PASSED] - utilities.SafeActions.safeType(findTestObject("CERTPAY_QUICKSTI/Payment_Information_Page/MULTIBUREAU_PAYMENT_AMOUNT"), amountList.get(i), "Payment Amount", [pageLoadTime]): Quicksti.ts:Entered'35.00 into Payment Amount

2020-10-15 14:45:05 - [MESSAGE][PASSED] - Object 'Object Repository/CERTPAY_QUICKSTI/Payment_Information_Page/MULTIBUREAU_PAYMENT_AMOUNT' is present

2020-10-15 14:45:05 - [MESSAGE][PASSED] - Object 'Object Repository/CERTPAY_QUICKSTI/Payment_Information_Page/MULTIBUREAU_PAYMENT_AMOUNT' is visible

2020-10-15 14:45:06 - [MESSAGE][PASSED] - Object 'Object Repository/CERTPAY_QUICKSTI/Payment_Information_Page/MULTIBUREAU_PAYMENT_AMOUNT' is present

2020-10-15 14:45:07 - [MESSAGE][PASSED] - Text '35.00' is set on object 'Object Repository/CERTPAY_QUICKSTI/Payment_Information_Page/MULTIBUREAU_PAYMENT_AMOUNT'

2020-10-15 14:45:07 - [MESSAGE][PASSED] - Quicksti.ts:Entered'35.00 into Payment Amount

2020-10-15 14:45:07 - [TEST_STEP][PASSED] - pages.Quicksti.setAmountDetailsForMultiBureau(s, "Registration Fees", "1", referenceList.get(i), quantityList.get(i)): Quicksti.ts:Entered'2 into Quntity

2020-10-15 14:45:08 - [MESSAGE][PASSED] - Object '' is visible

2020-10-15 14:45:08 - [MESSAGE][PASSED] - Object '' is present

2020-10-15 14:45:09 - [MESSAGE][PASSED] - Object: '' is clicked on

2020-10-15 14:45:10 - [MESSAGE][PASSED] - All options with label 'Registration Fees' are selected in object ''  using regular expression

2020-10-15 14:45:10 - [MESSAGE][PASSED] - selected dropdown option by visible text  Registration Feesfrom Payment Type

2020-10-15 14:45:10 - [MESSAGE][PASSED] - Object '' is present

2020-10-15 14:45:11 - [MESSAGE][PASSED] - Object '' is visible

2020-10-15 14:45:11 - [MESSAGE][PASSED] - Object '' is present

2020-10-15 14:45:12 - [MESSAGE][PASSED] - Text '12' is set on object ''

2020-10-15 14:45:12 - [MESSAGE][PASSED] - Quicksti.ts:Entered'12 into RefrenceNumber

2020-10-15 14:45:12 - [MESSAGE][PASSED] - Object '' is present

2020-10-15 14:45:13 - [MESSAGE][PASSED] - Object '' is visible

2020-10-15 14:45:13 - [MESSAGE][PASSED] - Object '' is present

2020-10-15 14:45:14 - [MESSAGE][PASSED] - Text '2' is set on object ''

2020-10-15 14:45:14 - [MESSAGE][PASSED] - Quicksti.ts:Entered'2 into Quntity

2020-10-15 14:45:14 - [TEST_STEP][PASSED] - s = Integer.toString(i): null

2020-10-15 14:45:14 - [TEST_STEP][PASSED] - utilities.SafeActions.safeType(findTestObject("CERTPAY_QUICKSTI/Payment_Information_Page/MULTIBUREAU_PAYMENT_AMOUNT"), amountList.get(i), "Payment Amount", [pageLoadTime]): Quicksti.ts:Entered'20.00 into Payment Amount

2020-10-15 14:45:15 - [MESSAGE][PASSED] - Object 'Object Repository/CERTPAY_QUICKSTI/Payment_Information_Page/MULTIBUREAU_PAYMENT_AMOUNT' is present

2020-10-15 14:45:15 - [MESSAGE][PASSED] - Object 'Object Repository/CERTPAY_QUICKSTI/Payment_Information_Page/MULTIBUREAU_PAYMENT_AMOUNT' is visible

2020-10-15 14:45:15 - [MESSAGE][PASSED] - Object 'Object Repository/CERTPAY_QUICKSTI/Payment_Information_Page/MULTIBUREAU_PAYMENT_AMOUNT' is present

2020-10-15 14:45:17 - [MESSAGE][PASSED] - Text '20.00' is set on object 'Object Repository/CERTPAY_QUICKSTI/Payment_Information_Page/MULTIBUREAU_PAYMENT_AMOUNT'

2020-10-15 14:45:17 - [MESSAGE][PASSED] - Quicksti.ts:Entered'20.00 into Payment Amount

2020-10-15 14:45:17 - [TEST_STEP][PASSED] - pages.Quicksti.setAmountDetailsForMultiBureau(s, "Registration Fees", "1", referenceList.get(i), quantityList.get(i)): Quicksti.ts:Entered'2 into Quntity

2020-10-15 14:45:17 - [MESSAGE][PASSED] - Object '' is visible

2020-10-15 14:45:17 - [MESSAGE][PASSED] - Object '' is present

2020-10-15 14:45:19 - [MESSAGE][PASSED] - Object: '' is clicked on

2020-10-15 14:45:20 - [MESSAGE][PASSED] - All options with label 'Registration Fees' are selected in object ''  using regular expression

2020-10-15 14:45:20 - [MESSAGE][PASSED] - selected dropdown option by visible text  Registration Feesfrom Payment Type

2020-10-15 14:45:20 - [MESSAGE][PASSED] - Object '' is present

2020-10-15 14:45:20 - [MESSAGE][PASSED] - Object '' is visible

2020-10-15 14:45:21 - [MESSAGE][PASSED] - Object '' is present

2020-10-15 14:45:22 - [MESSAGE][PASSED] - Text '13' is set on object ''

2020-10-15 14:45:22 - [MESSAGE][PASSED] - Quicksti.ts:Entered'13 into RefrenceNumber

2020-10-15 14:45:22 - [MESSAGE][PASSED] - Object '' is present

2020-10-15 14:45:23 - [MESSAGE][PASSED] - Object '' is visible

2020-10-15 14:45:23 - [MESSAGE][PASSED] - Object '' is present

2020-10-15 14:45:24 - [MESSAGE][PASSED] - Text '2' is set on object ''

2020-10-15 14:45:24 - [MESSAGE][PASSED] - Quicksti.ts:Entered'2 into Quntity

2020-10-15 14:45:24 - [TEST_STEP][PASSED] - for ([i = 0, i <= amountList.size() - 1, (i++)]): Quicksti.ts:Entered'Testing into Comments

2020-10-15 14:45:24 - [TEST_STEP][PASSED] - s = Integer.toString(i): null

2020-10-15 14:45:24 - [TEST_STEP][PASSED] - utilities.SafeActions.safeType(findTestObject("CERTPAY_QUICKSTI/Payment_Information_Page/MULTIBUREAU_PAY_AMOUNT2"), amountList.get(i), "Payment Amount", [pageLoadTime]): Quicksti.ts:Entered'45.00 into Payment Amount

2020-10-15 14:45:24 - [MESSAGE][PASSED] - Object 'Object Repository/CERTPAY_QUICKSTI/Payment_Information_Page/MULTIBUREAU_PAY_AMOUNT2' is present

2020-10-15 14:45:25 - [MESSAGE][PASSED] - Object 'Object Repository/CERTPAY_QUICKSTI/Payment_Information_Page/MULTIBUREAU_PAY_AMOUNT2' is visible

2020-10-15 14:45:25 - [MESSAGE][PASSED] - Object 'Object Repository/CERTPAY_QUICKSTI/Payment_Information_Page/MULTIBUREAU_PAY_AMOUNT2' is present

2020-10-15 14:45:26 - [MESSAGE][PASSED] - Text '45.00' is set on object 'Object Repository/CERTPAY_QUICKSTI/Payment_Information_Page/MULTIBUREAU_PAY_AMOUNT2'

2020-10-15 14:45:26 - [MESSAGE][PASSED] - Quicksti.ts:Entered'45.00 into Payment Amount

2020-10-15 14:45:26 - [TEST_STEP][PASSED] - pages.Quicksti.setAmountDetailsForMultiBureau(s, "Vehicles", "2", referenceList.get(i), quantityList.get(i)): Quicksti.ts:Entered'1 into Quntity

2020-10-15 14:45:27 - [MESSAGE][PASSED] - Object '' is visible

2020-10-15 14:45:27 - [MESSAGE][PASSED] - Object '' is present

2020-10-15 14:45:28 - [MESSAGE][PASSED] - Object: '' is clicked on

2020-10-15 14:45:30 - [MESSAGE][PASSED] - All options with label 'Vehicles' are selected in object ''  using regular expression

2020-10-15 14:45:30 - [MESSAGE][PASSED] - selected dropdown option by visible text  Vehiclesfrom Payment Type

2020-10-15 14:45:30 - [MESSAGE][PASSED] - Object '' is present

2020-10-15 14:45:30 - [MESSAGE][PASSED] - Object '' is visible

2020-10-15 14:45:31 - [MESSAGE][PASSED] - Object '' is present

2020-10-15 14:45:32 - [MESSAGE][PASSED] - Text '11' is set on object ''

2020-10-15 14:45:32 - [MESSAGE][PASSED] - Quicksti.ts:Entered'11 into RefrenceNumber

2020-10-15 14:45:32 - [MESSAGE][PASSED] - Object '' is present

2020-10-15 14:45:33 - [MESSAGE][PASSED] - Object '' is visible

2020-10-15 14:45:33 - [MESSAGE][PASSED] - Object '' is present

2020-10-15 14:45:34 - [MESSAGE][PASSED] - Text '1' is set on object ''

2020-10-15 14:45:34 - [MESSAGE][PASSED] - Quicksti.ts:Entered'1 into Quntity

2020-10-15 14:45:34 - [TEST_STEP][PASSED] - pages.Quicksti.setCommnets("2", s, commentsList.get(i)): Quicksti.ts:Entered'Testing into Comments

2020-10-15 14:45:34 - [MESSAGE][PASSED] - Object '' is present

2020-10-15 14:45:35 - [MESSAGE][PASSED] - Object '' is visible

2020-10-15 14:45:35 - [MESSAGE][PASSED] - Object '' is present

2020-10-15 14:45:36 - [MESSAGE][PASSED] - Text 'Testing' is set on object ''

2020-10-15 14:45:36 - [MESSAGE][PASSED] - Quicksti.ts:Entered'Testing into Comments

2020-10-15 14:45:36 - [TEST_STEP][PASSED] - s = Integer.toString(i): null

2020-10-15 14:45:36 - [TEST_STEP][PASSED] - utilities.SafeActions.safeType(findTestObject("CERTPAY_QUICKSTI/Payment_Information_Page/MULTIBUREAU_PAY_AMOUNT2"), amountList.get(i), "Payment Amount", [pageLoadTime]): Quicksti.ts:Entered'35.00 into Payment Amount

2020-10-15 14:45:37 - [MESSAGE][PASSED] - Object 'Object Repository/CERTPAY_QUICKSTI/Payment_Information_Page/MULTIBUREAU_PAY_AMOUNT2' is present

2020-10-15 14:45:37 - [MESSAGE][PASSED] - Object 'Object Repository/CERTPAY_QUICKSTI/Payment_Information_Page/MULTIBUREAU_PAY_AMOUNT2' is visible

2020-10-15 14:45:37 - [MESSAGE][PASSED] - Object 'Object Repository/CERTPAY_QUICKSTI/Payment_Information_Page/MULTIBUREAU_PAY_AMOUNT2' is present

2020-10-15 14:45:39 - [MESSAGE][PASSED] - Text '35.00' is set on object 'Object Repository/CERTPAY_QUICKSTI/Payment_Information_Page/MULTIBUREAU_PAY_AMOUNT2'

2020-10-15 14:45:39 - [MESSAGE][PASSED] - Quicksti.ts:Entered'35.00 into Payment Amount

2020-10-15 14:45:39 - [TEST_STEP][PASSED] - pages.Quicksti.setAmountDetailsForMultiBureau(s, "Vehicles", "2", referenceList.get(i), quantityList.get(i)): Quicksti.ts:Entered'2 into Quntity

2020-10-15 14:45:39 - [MESSAGE][PASSED] - Object '' is visible

2020-10-15 14:45:39 - [MESSAGE][PASSED] - Object '' is present

2020-10-15 14:45:41 - [MESSAGE][PASSED] - Object: '' is clicked on

2020-10-15 14:45:42 - [MESSAGE][PASSED] - All options with label 'Vehicles' are selected in object ''  using regular expression

2020-10-15 14:45:42 - [MESSAGE][PASSED] - selected dropdown option by visible text  Vehiclesfrom Payment Type

2020-10-15 14:45:42 - [MESSAGE][PASSED] - Object '' is present

2020-10-15 14:45:43 - [MESSAGE][PASSED] - Object '' is visible

2020-10-15 14:45:43 - [MESSAGE][PASSED] - Object '' is present

2020-10-15 14:45:44 - [MESSAGE][PASSED] - Text '12' is set on object ''

2020-10-15 14:45:44 - [MESSAGE][PASSED] - Quicksti.ts:Entered'12 into RefrenceNumber

2020-10-15 14:45:44 - [MESSAGE][PASSED] - Object '' is present

2020-10-15 14:45:45 - [MESSAGE][PASSED] - Object '' is visible

2020-10-15 14:45:45 - [MESSAGE][PASSED] - Object '' is present

2020-10-15 14:45:46 - [MESSAGE][PASSED] - Text '2' is set on object ''

2020-10-15 14:45:46 - [MESSAGE][PASSED] - Quicksti.ts:Entered'2 into Quntity

2020-10-15 14:45:46 - [TEST_STEP][PASSED] - pages.Quicksti.setCommnets("2", s, commentsList.get(i)): Quicksti.ts:Entered'Tester into Comments

2020-10-15 14:45:47 - [MESSAGE][PASSED] - Object '' is present

2020-10-15 14:45:47 - [MESSAGE][PASSED] - Object '' is visible

2020-10-15 14:45:47 - [MESSAGE][PASSED] - Object '' is present

2020-10-15 14:45:49 - [MESSAGE][PASSED] - Text 'Tester' is set on object ''

2020-10-15 14:45:49 - [MESSAGE][PASSED] - Quicksti.ts:Entered'Tester into Comments

2020-10-15 14:45:49 - [TEST_STEP][PASSED] - s = Integer.toString(i): null

2020-10-15 14:45:49 - [TEST_STEP][PASSED] - utilities.SafeActions.safeType(findTestObject("CERTPAY_QUICKSTI/Payment_Information_Page/MULTIBUREAU_PAY_AMOUNT2"), amountList.get(i), "Payment Amount", [pageLoadTime]): Quicksti.ts:Entered'20.00 into Payment Amount

2020-10-15 14:45:49 - [MESSAGE][PASSED] - Object 'Object Repository/CERTPAY_QUICKSTI/Payment_Information_Page/MULTIBUREAU_PAY_AMOUNT2' is present

2020-10-15 14:45:49 - [MESSAGE][PASSED] - Object 'Object Repository/CERTPAY_QUICKSTI/Payment_Information_Page/MULTIBUREAU_PAY_AMOUNT2' is visible

2020-10-15 14:45:50 - [MESSAGE][PASSED] - Object 'Object Repository/CERTPAY_QUICKSTI/Payment_Information_Page/MULTIBUREAU_PAY_AMOUNT2' is present

2020-10-15 14:45:51 - [MESSAGE][PASSED] - Text '20.00' is set on object 'Object Repository/CERTPAY_QUICKSTI/Payment_Information_Page/MULTIBUREAU_PAY_AMOUNT2'

2020-10-15 14:45:51 - [MESSAGE][PASSED] - Quicksti.ts:Entered'20.00 into Payment Amount

2020-10-15 14:45:51 - [TEST_STEP][PASSED] - pages.Quicksti.setAmountDetailsForMultiBureau(s, "Vehicles", "2", referenceList.get(i), quantityList.get(i)): Quicksti.ts:Entered'2 into Quntity

2020-10-15 14:45:51 - [MESSAGE][PASSED] - Object '' is visible

2020-10-15 14:45:52 - [MESSAGE][PASSED] - Object '' is present

2020-10-15 14:45:53 - [MESSAGE][PASSED] - Object: '' is clicked on

2020-10-15 14:45:54 - [MESSAGE][PASSED] - All options with label 'Vehicles' are selected in object ''  using regular expression

2020-10-15 14:45:54 - [MESSAGE][PASSED] - selected dropdown option by visible text  Vehiclesfrom Payment Type

2020-10-15 14:45:54 - [MESSAGE][PASSED] - Object '' is present

2020-10-15 14:45:55 - [MESSAGE][PASSED] - Object '' is visible

2020-10-15 14:45:55 - [MESSAGE][PASSED] - Object '' is present

2020-10-15 14:45:56 - [MESSAGE][PASSED] - Text '13' is set on object ''

2020-10-15 14:45:56 - [MESSAGE][PASSED] - Quicksti.ts:Entered'13 into RefrenceNumber

2020-10-15 14:45:57 - [MESSAGE][PASSED] - Object '' is present

2020-10-15 14:45:57 - [MESSAGE][PASSED] - Object '' is visible

2020-10-15 14:45:57 - [MESSAGE][PASSED] - Object '' is present

2020-10-15 14:45:58 - [MESSAGE][PASSED] - Text '2' is set on object ''

2020-10-15 14:45:58 - [MESSAGE][PASSED] - Quicksti.ts:Entered'2 into Quntity

2020-10-15 14:45:58 - [TEST_STEP][PASSED] - pages.Quicksti.setCommnets("2", s, commentsList.get(i)): Quicksti.ts:Entered'Testing into Comments

2020-10-15 14:45:59 - [MESSAGE][PASSED] - Object '' is present

2020-10-15 14:45:59 - [MESSAGE][PASSED] - Object '' is visible

2020-10-15 14:45:59 - [MESSAGE][PASSED] - Object '' is present

2020-10-15 14:46:01 - [MESSAGE][PASSED] - Text 'Testing' is set on object ''

2020-10-15 14:46:01 - [MESSAGE][PASSED] - Quicksti.ts:Entered'Testing into Comments

2020-10-15 14:46:01 - [TEST_STEP][PASSED] - utilities.SafeActions.safeClick(findTestObject("CERTPAY_QUICKSTI/Payment_Information_Page/MANUAL_ENTRY_BUTTON"), "ManualEntry", [pageLoadTime]): Quicksti.ts:Clicked on the ManualEntry

2020-10-15 14:46:01 - [MESSAGE][INFO] - safeClicking

2020-10-15 14:46:01 - [MESSAGE][PASSED] - Object 'Object Repository/CERTPAY_QUICKSTI/Payment_Information_Page/MANUAL_ENTRY_BUTTON' is present

2020-10-15 14:46:01 - [MESSAGE][PASSED] - Object 'Object Repository/CERTPAY_QUICKSTI/Payment_Information_Page/MANUAL_ENTRY_BUTTON' is clickable

2020-10-15 14:46:05 - [MESSAGE][PASSED] - Object: 'Object Repository/CERTPAY_QUICKSTI/Payment_Information_Page/MANUAL_ENTRY_BUTTON' is clicked on

2020-10-15 14:46:05 - [MESSAGE][PASSED] - Quicksti.ts:Clicked on the ManualEntry

2020-10-15 14:46:05 - [TEST_STEP][PASSED] - amount_Value = pages.Quicksti.getAttributeValue(findTestObject("CERTPAY_QUICKSTI/Payment_Information_Page/SUB_TOTAL")): pages.Quicksti.getAttributeValue is PASSED

2020-10-15 14:46:06 - [MESSAGE][PASSED] - Attribute 'value' of object 'Object Repository/CERTPAY_QUICKSTI/Payment_Information_Page/SUB_TOTAL' is: '45.00'

2020-10-15 14:46:06 - [MESSAGE][PASSED] - pages.Quicksti.getAttributeValue is PASSED

2020-10-15 14:46:06 - [TEST_STEP][PASSED] - CardNumber = pages.Quicksti.setUserPaymentDetails(firstName, lastName, cardNum): Quicksti.ts:Entered'8171999900000018 into CardNum

2020-10-15 14:46:06 - [MESSAGE][PASSED] - Object 'Object Repository/CERTPAY_QUICKSTI/Payment_Information_Page/FIRST_NAME' is present

2020-10-15 14:46:06 - [MESSAGE][PASSED] - Object 'Object Repository/CERTPAY_QUICKSTI/Payment_Information_Page/FIRST_NAME' is visible

2020-10-15 14:46:07 - [MESSAGE][PASSED] - Object 'Object Repository/CERTPAY_QUICKSTI/Payment_Information_Page/FIRST_NAME' is present

2020-10-15 14:46:08 - [MESSAGE][PASSED] - Text 'Tester' is set on object 'Object Repository/CERTPAY_QUICKSTI/Payment_Information_Page/FIRST_NAME'

2020-10-15 14:46:08 - [MESSAGE][PASSED] - Quicksti.ts:Entered'Tester into FirstName

2020-10-15 14:46:08 - [MESSAGE][PASSED] - Object 'Object Repository/CERTPAY_QUICKSTI/Payment_Information_Page/LAST_NAME' is present

2020-10-15 14:46:09 - [MESSAGE][PASSED] - Object 'Object Repository/CERTPAY_QUICKSTI/Payment_Information_Page/LAST_NAME' is visible

2020-10-15 14:46:09 - [MESSAGE][PASSED] - Object 'Object Repository/CERTPAY_QUICKSTI/Payment_Information_Page/LAST_NAME' is present

2020-10-15 14:46:10 - [MESSAGE][PASSED] - Text 'Zenq1' is set on object 'Object Repository/CERTPAY_QUICKSTI/Payment_Information_Page/LAST_NAME'

2020-10-15 14:46:10 - [MESSAGE][PASSED] - Quicksti.ts:Entered'Zenq1 into LAstName

2020-10-15 14:46:11 - [MESSAGE][PASSED] - Object 'Object Repository/CERTPAY_QUICKSTI/Payment_Information_Page/CARD_NUMBER' is present

2020-10-15 14:46:11 - [MESSAGE][PASSED] - Object 'Object Repository/CERTPAY_QUICKSTI/Payment_Information_Page/CARD_NUMBER' is visible

2020-10-15 14:46:11 - [MESSAGE][PASSED] - Object 'Object Repository/CERTPAY_QUICKSTI/Payment_Information_Page/CARD_NUMBER' is present

2020-10-15 14:46:12 - [MESSAGE][PASSED] - Text '8171999900000018' is set on object 'Object Repository/CERTPAY_QUICKSTI/Payment_Information_Page/CARD_NUMBER'

2020-10-15 14:46:12 - [MESSAGE][PASSED] - Quicksti.ts:Entered'8171999900000018 into CardNum

2020-10-15 14:46:12 - [TEST_STEP][PASSED] - pages.Quicksti.setExpDate(expMonth, expYear, securityCode): Quicksti.ts:Entered'111 into securityCode

2020-10-15 14:46:13 - [MESSAGE][PASSED] - Object 'Object Repository/CERTPAY_QUICKSTI/Payment_Information_Page/EXP_MONTH' is visible

2020-10-15 14:46:13 - [MESSAGE][PASSED] - Object 'Object Repository/CERTPAY_QUICKSTI/Payment_Information_Page/EXP_MONTH' is present

2020-10-15 14:46:14 - [MESSAGE][PASSED] - Object: 'Object Repository/CERTPAY_QUICKSTI/Payment_Information_Page/EXP_MONTH' is clicked on

2020-10-15 14:46:16 - [MESSAGE][PASSED] - All options with label '04' are selected in object 'Object Repository/CERTPAY_QUICKSTI/Payment_Information_Page/EXP_MONTH'  using regular expression

2020-10-15 14:46:16 - [MESSAGE][PASSED] - selected dropdown option by visible text  04from expMonth

2020-10-15 14:46:16 - [MESSAGE][PASSED] - Object 'Object Repository/CERTPAY_QUICKSTI/Payment_Information_Page/EXP_YEAR' is visible

2020-10-15 14:46:16 - [MESSAGE][PASSED] - Object 'Object Repository/CERTPAY_QUICKSTI/Payment_Information_Page/EXP_YEAR' is present

2020-10-15 14:46:17 - [MESSAGE][PASSED] - Object: 'Object Repository/CERTPAY_QUICKSTI/Payment_Information_Page/EXP_YEAR' is clicked on

2020-10-15 14:46:19 - [MESSAGE][PASSED] - All options with label '2027' are selected in object 'Object Repository/CERTPAY_QUICKSTI/Payment_Information_Page/EXP_YEAR'  using regular expression

2020-10-15 14:46:19 - [MESSAGE][PASSED] - selected dropdown option by visible text  2027from  expYear

2020-10-15 14:46:19 - [MESSAGE][PASSED] - Object 'Object Repository/CERTPAY_QUICKSTI/Payment_Information_Page/SECURITY_CODE' is present

2020-10-15 14:46:20 - [MESSAGE][PASSED] - Object 'Object Repository/CERTPAY_QUICKSTI/Payment_Information_Page/SECURITY_CODE' is visible

2020-10-15 14:46:20 - [MESSAGE][PASSED] - Object 'Object Repository/CERTPAY_QUICKSTI/Payment_Information_Page/SECURITY_CODE' is present

2020-10-15 14:46:21 - [MESSAGE][PASSED] - Text '111' is set on object 'Object Repository/CERTPAY_QUICKSTI/Payment_Information_Page/SECURITY_CODE'

2020-10-15 14:46:21 - [MESSAGE][PASSED] - Quicksti.ts:Entered'111 into securityCode

2020-10-15 14:46:21 - [TEST_STEP][PASSED] - utilities.SafeActions.safeType(findTestObject("CERTPAY_QUICKSTI/Payment_Information_Page/ADDRESS"), address, "Address", [pageLoadTime]): Quicksti.ts:Entered'14-2 into Address

2020-10-15 14:46:21 - [MESSAGE][PASSED] - Object 'Object Repository/CERTPAY_QUICKSTI/Payment_Information_Page/ADDRESS' is present

2020-10-15 14:46:22 - [MESSAGE][PASSED] - Object 'Object Repository/CERTPAY_QUICKSTI/Payment_Information_Page/ADDRESS' is visible

2020-10-15 14:46:22 - [MESSAGE][PASSED] - Object 'Object Repository/CERTPAY_QUICKSTI/Payment_Information_Page/ADDRESS' is present

2020-10-15 14:46:23 - [MESSAGE][PASSED] - Text '14-2' is set on object 'Object Repository/CERTPAY_QUICKSTI/Payment_Information_Page/ADDRESS'

2020-10-15 14:46:23 - [MESSAGE][PASSED] - Quicksti.ts:Entered'14-2 into Address

2020-10-15 14:46:23 - [TEST_STEP][PASSED] - utilities.SafeActions.safeType(findTestObject("CERTPAY_QUICKSTI/Payment_Information_Page/ZIP_CODE"), zipCode, "zipcode", [pageLoadTime]): Quicksti.ts:Entered'76102 into zipcode

2020-10-15 14:46:24 - [MESSAGE][PASSED] - Object 'Object Repository/CERTPAY_QUICKSTI/Payment_Information_Page/ZIP_CODE' is present

2020-10-15 14:46:24 - [MESSAGE][PASSED] - Object 'Object Repository/CERTPAY_QUICKSTI/Payment_Information_Page/ZIP_CODE' is visible

2020-10-15 14:46:24 - [MESSAGE][PASSED] - Object 'Object Repository/CERTPAY_QUICKSTI/Payment_Information_Page/ZIP_CODE' is present

2020-10-15 14:46:25 - [MESSAGE][PASSED] - Text '76102' is set on object 'Object Repository/CERTPAY_QUICKSTI/Payment_Information_Page/ZIP_CODE'

2020-10-15 14:46:25 - [MESSAGE][PASSED] - Quicksti.ts:Entered'76102 into zipcode

2020-10-15 14:46:25 - [TEST_STEP][PASSED] - utilities.SafeActions.safeType(findTestObject("CERTPAY_QUICKSTI/Payment_Information_Page/TELEPHONE"), telephone, "Telephone", [pageLoadTime]): Quicksti.ts:Entered'9989897654 into Telephone

2020-10-15 14:46:26 - [MESSAGE][PASSED] - Object 'Object Repository/CERTPAY_QUICKSTI/Payment_Information_Page/TELEPHONE' is present

2020-10-15 14:46:26 - [MESSAGE][PASSED] - Object 'Object Repository/CERTPAY_QUICKSTI/Payment_Information_Page/TELEPHONE' is visible

2020-10-15 14:46:26 - [MESSAGE][PASSED] - Object 'Object Repository/CERTPAY_QUICKSTI/Payment_Information_Page/TELEPHONE' is present

2020-10-15 14:46:28 - [MESSAGE][PASSED] - Text '9989897654' is set on object 'Object Repository/CERTPAY_QUICKSTI/Payment_Information_Page/TELEPHONE'

2020-10-15 14:46:28 - [MESSAGE][PASSED] - Quicksti.ts:Entered'9989897654 into Telephone

2020-10-15 14:46:28 - [TEST_STEP][PASSED] - utilities.SafeActions.safeType(findTestObject("CERTPAY_QUICKSTI/Payment_Information_Page/EMAIL_ADDRESS"), emailAddress, "EMAIL address", [pageLoadTime]): Quicksti.ts:Entered'testing@zenq.com into EMAIL address

2020-10-15 14:46:28 - [MESSAGE][PASSED] - Object 'Object Repository/CERTPAY_QUICKSTI/Payment_Information_Page/EMAIL_ADDRESS' is present

2020-10-15 14:46:28 - [MESSAGE][PASSED] - Object 'Object Repository/CERTPAY_QUICKSTI/Payment_Information_Page/EMAIL_ADDRESS' is visible

2020-10-15 14:46:28 - [MESSAGE][PASSED] - Object 'Object Repository/CERTPAY_QUICKSTI/Payment_Information_Page/EMAIL_ADDRESS' is present

2020-10-15 14:46:30 - [MESSAGE][PASSED] - Text 'testing@zenq.com' is set on object 'Object Repository/CERTPAY_QUICKSTI/Payment_Information_Page/EMAIL_ADDRESS'

2020-10-15 14:46:30 - [MESSAGE][PASSED] - Quicksti.ts:Entered'testing@zenq.com into EMAIL address

2020-10-15 14:46:30 - [TEST_STEP][PASSED] - utilities.SafeActions.safeClick(findTestObject("CERTPAY_QUICKSTI/Payment_Information_Page/NEXT_BUTTON"), "Next", [pageLoadTime]): Quicksti.ts:Clicked on the Next

2020-10-15 14:46:30 - [MESSAGE][INFO] - safeClicking

2020-10-15 14:46:30 - [MESSAGE][PASSED] - Object 'Object Repository/CERTPAY_QUICKSTI/Payment_Information_Page/NEXT_BUTTON' is present

2020-10-15 14:46:30 - [MESSAGE][PASSED] - Object 'Object Repository/CERTPAY_QUICKSTI/Payment_Information_Page/NEXT_BUTTON' is clickable

2020-10-15 14:46:34 - [MESSAGE][PASSED] - Object: 'Object Repository/CERTPAY_QUICKSTI/Payment_Information_Page/NEXT_BUTTON' is clicked on

2020-10-15 14:46:34 - [MESSAGE][PASSED] - Quicksti.ts:Clicked on the Next

2020-10-15 14:46:34 - [TEST_STEP][PASSED] - pages.Quicksti.verifyUserPaymentDetails(amountList.get(0), firstName, lastName, CardNumber): pages.Quicksti.verifyUserPaymentDetails is PASSED

2020-10-15 14:46:35 - [MESSAGE][PASSED] - Text of object 'Object Repository/CERTPAY_QUICKSTI/Payment_Details_Verification_Page/AMOUNT' is: '$45.00'

2020-10-15 14:46:35 - [MESSAGE][PASSED] - Actual text '45.00' and expected text '45.00' are matched  using regular expression

2020-10-15 14:46:35 - [MESSAGE][PASSED] - Text of object 'Object Repository/CERTPAY_QUICKSTI/Payment_Details_Verification_Page/NAME' is: 'Tester Zenq1'

2020-10-15 14:46:35 - [MESSAGE][PASSED] - Actual text 'Tester Zenq1' and expected text 'Tester Zenq1' are matched  using regular expression

2020-10-15 14:46:36 - [MESSAGE][PASSED] - Text of object 'Object Repository/CERTPAY_QUICKSTI/Payment_Details_Verification_Page/CARD_NUMBER' is: '...0018'

2020-10-15 14:46:36 - [MESSAGE][PASSED] - Actual text '0018' and expected text '0018' are matched  using regular expression

2020-10-15 14:46:36 - [MESSAGE][PASSED] - pages.Quicksti.verifyUserPaymentDetails is PASSED

2020-10-15 14:46:36 - [TEST_STEP][PASSED] - ConvFee = getText(findTestObject("CERTPAY_QUICKSTI/Payment_Information_Page/CONV_FEE")): Text of object 'Object Repository/CERTPAY_QUICKSTI/Payment_Information_Page/CONV_FEE' is: '$1.13'

2020-10-15 14:46:36 - [MESSAGE][PASSED] - Text of object 'Object Repository/CERTPAY_QUICKSTI/Payment_Information_Page/CONV_FEE' is: '$1.13'

2020-10-15 14:46:36 - [TEST_STEP][PASSED] - scrollToElement(findTestObject("CERTPAY_QUICKSTI/Payment_Details_Verification_Page/PROCESS"), 30): Scroll to object 'Object Repository/CERTPAY_QUICKSTI/Payment_Details_Verification_Page/PROCESS' successfully

2020-10-15 14:46:36 - [MESSAGE][PASSED] - Scroll to object 'Object Repository/CERTPAY_QUICKSTI/Payment_Details_Verification_Page/PROCESS' successfully

2020-10-15 14:46:36 - [TEST_STEP][PASSED] - utilities.SafeActions.safeClick(findTestObject("CERTPAY_QUICKSTI/Payment_Details_Verification_Page/PROCESS"), "Process", [pageLoadTime]): Quicksti.ts:Clicked on the Process

2020-10-15 14:46:36 - [MESSAGE][INFO] - safeClicking

2020-10-15 14:46:37 - [MESSAGE][PASSED] - Object 'Object Repository/CERTPAY_QUICKSTI/Payment_Details_Verification_Page/PROCESS' is present

2020-10-15 14:46:37 - [MESSAGE][PASSED] - Object 'Object Repository/CERTPAY_QUICKSTI/Payment_Details_Verification_Page/PROCESS' is clickable

2020-10-15 14:46:42 - [MESSAGE][PASSED] - Object: 'Object Repository/CERTPAY_QUICKSTI/Payment_Details_Verification_Page/PROCESS' is clicked on

2020-10-15 14:46:42 - [MESSAGE][PASSED] - Quicksti.ts:Clicked on the Process

2020-10-15 14:46:42 - [TEST_STEP][PASSED] - paymentId = pages.Quicksti.verifyPaymentApproval(findTestObject("CERTPAY_QUICKSTI/Payment_Details_Verification_Page/APPROVED")): Payment is approved

2020-10-15 14:46:42 - [MESSAGE][PASSED] - Text of object 'Object Repository/CERTPAY_QUICKSTI/Payment_Details_Verification_Page/PAYMENT_ID' is: '100176129130'

2020-10-15 14:46:43 - [MESSAGE][PASSED] - Object 'Object Repository/CERTPAY_QUICKSTI/Payment_Details_Verification_Page/APPROVED' is present

2020-10-15 14:46:43 - [MESSAGE][PASSED] - Payment is approved

2020-10-15 14:46:45 - [TEST_STEP][PASSED] - navigateToUrl(Admin_url): Navigate to 'https://qa-certpayadmin.faps.net' successfully

2020-10-15 14:46:52 - [MESSAGE][PASSED] - Navigate to 'https://qa-certpayadmin.faps.net' successfully

2020-10-15 14:46:52 - [TEST_STEP][PASSED] - pages.Bureau_Login_Page.loginToAdminSite(AdminUsername, AdminPassword): Quicksti.ts:Clicked on the LOGIN

2020-10-15 14:46:52 - [MESSAGE][PASSED] - Object 'Object Repository/CERTPAY_ADMIN/USER_NAME' is present

2020-10-15 14:46:52 - [MESSAGE][PASSED] - Object 'Object Repository/CERTPAY_ADMIN/USER_NAME' is visible

2020-10-15 14:46:53 - [MESSAGE][PASSED] - Object 'Object Repository/CERTPAY_ADMIN/USER_NAME' is present

2020-10-15 14:46:54 - [MESSAGE][PASSED] - Text 'VVangiliappan' is set on object 'Object Repository/CERTPAY_ADMIN/USER_NAME'

2020-10-15 14:46:54 - [MESSAGE][PASSED] - Quicksti.ts:Entered'VVangiliappan into username

2020-10-15 14:46:54 - [MESSAGE][PASSED] - Object 'Object Repository/CERTPAY_ADMIN/PASSWORD' is present

2020-10-15 14:46:55 - [MESSAGE][PASSED] - Object 'Object Repository/CERTPAY_ADMIN/PASSWORD' is visible

2020-10-15 14:46:55 - [MESSAGE][PASSED] - Object 'Object Repository/CERTPAY_ADMIN/PASSWORD' is present

2020-10-15 14:46:56 - [MESSAGE][PASSED] - Text 'Test@123' is set on object 'Object Repository/CERTPAY_ADMIN/PASSWORD'

2020-10-15 14:46:56 - [MESSAGE][PASSED] - Quicksti.ts:Entered'Test@123 into password

2020-10-15 14:46:56 - [MESSAGE][INFO] - safeClicking

2020-10-15 14:46:56 - [MESSAGE][PASSED] - Object 'Object Repository/CERTPAY_ADMIN/LOGIN_BUTTON' is present

2020-10-15 14:46:57 - [MESSAGE][PASSED] - Object 'Object Repository/CERTPAY_ADMIN/LOGIN_BUTTON' is clickable

2020-10-15 14:47:07 - [MESSAGE][PASSED] - Object: 'Object Repository/CERTPAY_ADMIN/LOGIN_BUTTON' is clicked on

2020-10-15 14:47:07 - [MESSAGE][PASSED] - Quicksti.ts:Clicked on the LOGIN

2020-10-15 14:47:07 - [TEST_STEP][PASSED] - utilities.SafeActions.safeClick(findTestObject("CERTPAY_ADMIN/TRANSACTION_MENU"), "TransactionMenu", [pageLoadTime]): Quicksti.ts:Clicked on the TransactionMenu

2020-10-15 14:47:07 - [MESSAGE][INFO] - safeClicking

2020-10-15 14:47:07 - [MESSAGE][PASSED] - Object 'Object Repository/CERTPAY_ADMIN/TRANSACTION_MENU' is present

2020-10-15 14:47:08 - [MESSAGE][PASSED] - Object 'Object Repository/CERTPAY_ADMIN/TRANSACTION_MENU' is clickable

2020-10-15 14:47:09 - [MESSAGE][PASSED] - Object: 'Object Repository/CERTPAY_ADMIN/TRANSACTION_MENU' is clicked on

2020-10-15 14:47:09 - [MESSAGE][PASSED] - Quicksti.ts:Clicked on the TransactionMenu

2020-10-15 14:47:09 - [TEST_STEP][PASSED] - utilities.SafeActions.safeClick(findTestObject("CERTPAY_ADMIN/TRANSACTION_SEARCH"), "TransactionSearch", [pageLoadTime]): Quicksti.ts:Clicked on the TransactionSearch

2020-10-15 14:47:09 - [MESSAGE][INFO] - safeClicking

2020-10-15 14:47:09 - [MESSAGE][PASSED] - Object 'Object Repository/CERTPAY_ADMIN/TRANSACTION_SEARCH' is present

2020-10-15 14:47:10 - [MESSAGE][PASSED] - Object 'Object Repository/CERTPAY_ADMIN/TRANSACTION_SEARCH' is clickable

2020-10-15 14:47:14 - [MESSAGE][PASSED] - Object: 'Object Repository/CERTPAY_ADMIN/TRANSACTION_SEARCH' is clicked on

2020-10-15 14:47:14 - [MESSAGE][PASSED] - Quicksti.ts:Clicked on the TransactionSearch

2020-10-15 14:47:14 - [TEST_STEP][PASSED] - utilities.SafeActions.safeType(findTestObject("CERTPAY_ADMIN/PAYMENT_ID"), paymentId, "Payment id", [pageLoadTime]): Quicksti.ts:Entered'100176129130 into Payment id

2020-10-15 14:47:15 - [MESSAGE][PASSED] - Object 'Object Repository/CERTPAY_ADMIN/PAYMENT_ID' is present

2020-10-15 14:47:15 - [MESSAGE][PASSED] - Object 'Object Repository/CERTPAY_ADMIN/PAYMENT_ID' is visible

2020-10-15 14:47:15 - [MESSAGE][PASSED] - Object 'Object Repository/CERTPAY_ADMIN/PAYMENT_ID' is present

2020-10-15 14:47:16 - [MESSAGE][PASSED] - Text '100176129130' is set on object 'Object Repository/CERTPAY_ADMIN/PAYMENT_ID'

2020-10-15 14:47:16 - [MESSAGE][PASSED] - Quicksti.ts:Entered'100176129130 into Payment id

2020-10-15 14:47:16 - [TEST_STEP][PASSED] - utilities.SafeActions.safeClick(findTestObject("CERTPAY_ADMIN/GO_BUTTON"), "Go button", [pageLoadTime]): Quicksti.ts:Clicked on the Go button

2020-10-15 14:47:16 - [MESSAGE][INFO] - safeClicking

2020-10-15 14:47:17 - [MESSAGE][PASSED] - Object 'Object Repository/CERTPAY_ADMIN/GO_BUTTON' is present

2020-10-15 14:47:17 - [MESSAGE][PASSED] - Object 'Object Repository/CERTPAY_ADMIN/GO_BUTTON' is clickable

2020-10-15 14:47:19 - [MESSAGE][PASSED] - Object: 'Object Repository/CERTPAY_ADMIN/GO_BUTTON' is clicked on

2020-10-15 14:47:19 - [MESSAGE][PASSED] - Quicksti.ts:Clicked on the Go button

2020-10-15 14:47:19 - [TEST_STEP][PASSED] - delay(5): Delayed 5 second(s)

2020-10-15 14:47:24 - [MESSAGE][PASSED] - Delayed 5 second(s)

2020-10-15 14:47:24 - [TEST_STEP][PASSED] - scrollToPosition(800, 900): Browser is scrolled to position x = 800, y = 900

2020-10-15 14:47:24 - [MESSAGE][PASSED] - Browser is scrolled to position x = 800, y = 900

2020-10-15 14:47:24 - [TEST_STEP][PASSED] - pages.Search_Page.validatePaymentAmount(amountList.get(0), ConvFee): Verified payment details successfully 

2020-10-15 14:47:25 - [MESSAGE][PASSED] - Text of object 'Object Repository/CERTPAY_ADMIN/PAYMENT_AMOUNT' is: '$45.00'

2020-10-15 14:47:25 - [MESSAGE][PASSED] - Actual text '45.00' and expected text '45.00' are matched  using regular expression

2020-10-15 14:47:25 - [MESSAGE][PASSED] - Text of object 'Object Repository/CERTPAY_ADMIN/CONV_FEE' is: '$1.13'

2020-10-15 14:47:25 - [MESSAGE][PASSED] - Actual text '1.13' and expected text '1.13' are matched  using regular expression

2020-10-15 14:47:25 - [MESSAGE][PASSED] - Verified payment details successfully 

2020-10-15 14:47:25 - [TEST_STEP][PASSED] - paymentIdList.add(paymentId): null

2020-10-15 14:47:25 - [TEST_STEP][PASSED] - println(paymentIdList): null

2020-10-15 14:47:25 - [TEST_STEP][PASSED] - firstName = data.getValue("FirstName", index): null

2020-10-15 14:47:25 - [TEST_STEP][PASSED] - lastName = data.getValue("LastName", index): null

2020-10-15 14:47:25 - [TEST_STEP][PASSED] - cardNum = data.getValue("CardNumber", index): null

2020-10-15 14:47:25 - [TEST_STEP][PASSED] - expMonth = data.getValue("ExpMonth", index): null

2020-10-15 14:47:25 - [TEST_STEP][PASSED] - expYear = data.getValue("ExpYear", index): null

2020-10-15 14:47:25 - [TEST_STEP][PASSED] - securityCode = data.getValue("SecurityCode", index): null

2020-10-15 14:47:25 - [TEST_STEP][PASSED] - paymentAmount = data.getValue("PaymentAmount", index): null

2020-10-15 14:47:25 - [TEST_STEP][PASSED] - paymentType = data.getValue("PaymentType", index): null

2020-10-15 14:47:25 - [TEST_STEP][PASSED] - quantity = data.getValue("Quantity", index): null

2020-10-15 14:47:25 - [TEST_STEP][PASSED] - comments = data.getValue("Comments", index): null

2020-10-15 14:47:25 - [TEST_STEP][PASSED] - referenceNum = data.getValue("ReferenceNum", index): null

2020-10-15 14:47:25 - [TEST_STEP][PASSED] - address = data.getValue("Address", index): null

2020-10-15 14:47:25 - [TEST_STEP][PASSED] - zipCode = data.getValue("Zipcode", index): null

2020-10-15 14:47:25 - [TEST_STEP][PASSED] - telephone = data.getValue("Telephone", index): null

2020-10-15 14:47:25 - [TEST_STEP][PASSED] - emailAddress = data.getValue("EmailAddress", index): null

2020-10-15 14:47:25 - [TEST_STEP][PASSED] - cardType = data.getValue("CardType", index): null

2020-10-15 14:47:25 - [TEST_STEP][PASSED] - amountList = paymentAmount.split(","): null

2020-10-15 14:47:25 - [TEST_STEP][PASSED] - referenceList = referenceNum.split(","): null

2020-10-15 14:47:25 - [TEST_STEP][PASSED] - paymentTypeList = paymentType.split(","): null

2020-10-15 14:47:25 - [TEST_STEP][PASSED] - commentsList = comments.split(","): null

2020-10-15 14:47:25 - [TEST_STEP][PASSED] - quantityList = quantity.split(","): null

2020-10-15 14:47:25 - [TEST_STEP][PASSED] - utilities.SafeActions.openBrowser(Quicksti_Url, [pageLoadTime]): Browser launched successfully

2020-10-15 14:47:25 - [MESSAGE][INFO] - Opening Browser

2020-10-15 14:47:25 - [MESSAGE][WARNING] - A browser is already opened. Closing browser and opening a new one

2020-10-15 14:47:27 - [MESSAGE][INFO] - Starting 'Chrome' driver

2020-10-15 14:47:37 - [MESSAGE][PASSED] - Browser is opened with url: 'https://qa-certpayquicksti.faps.net/'

2020-10-15 14:47:39 - [MESSAGE][PASSED] - Current window maximized

2020-10-15 14:47:39 - [MESSAGE][PASSED] - Browser launched successfully

2020-10-15 14:47:39 - [TEST_STEP][PASSED] - utilities.SafeActions.safeCheck(findTestObject("CERTPAY_QUICKSTI/Login_ Page/MULTI_BUREAU_CHECKBOX"), "Multi Bureau", [pageLoadTime]): Quicksti.ts:Checkbox 'Multi Bureau'is selected

2020-10-15 14:47:39 - [MESSAGE][PASSED] - Object 'Object Repository/CERTPAY_QUICKSTI/Login_ Page/MULTI_BUREAU_CHECKBOX' is present

2020-10-15 14:47:41 - [MESSAGE][PASSED] - Object 'Object Repository/CERTPAY_QUICKSTI/Login_ Page/MULTI_BUREAU_CHECKBOX' is present

2020-10-15 14:47:42 - [MESSAGE][PASSED] - Object: 'Object Repository/CERTPAY_QUICKSTI/Login_ Page/MULTI_BUREAU_CHECKBOX' is clicked on

2020-10-15 14:47:42 - [MESSAGE][PASSED] - Quicksti.ts:Checkbox 'Multi Bureau'is selected

2020-10-15 14:47:42 - [TEST_STEP][PASSED] - utilities.SafeActions.safeType(findTestObject("CERTPAY_QUICKSTI/Login_ Page/TELLER_ID"), teller_id, "Bureau code", [pageLoadTime]): Quicksti.ts:Entered'zenq into Bureau code

2020-10-15 14:47:43 - [MESSAGE][PASSED] - Object 'Object Repository/CERTPAY_QUICKSTI/Login_ Page/TELLER_ID' is present

2020-10-15 14:47:44 - [MESSAGE][PASSED] - Object 'Object Repository/CERTPAY_QUICKSTI/Login_ Page/TELLER_ID' is visible

2020-10-15 14:47:44 - [MESSAGE][PASSED] - Object 'Object Repository/CERTPAY_QUICKSTI/Login_ Page/TELLER_ID' is present

2020-10-15 14:47:45 - [MESSAGE][PASSED] - Text 'zenq' is set on object 'Object Repository/CERTPAY_QUICKSTI/Login_ Page/TELLER_ID'

2020-10-15 14:47:45 - [MESSAGE][PASSED] - Quicksti.ts:Entered'zenq into Bureau code

2020-10-15 14:47:45 - [TEST_STEP][PASSED] - utilities.SafeActions.safeClick(findTestObject("CERTPAY_QUICKSTI/Login_ Page/NEXT_BUTTON"), "Next button", [pageLoadTime]): Quicksti.ts:Clicked on the Next button

2020-10-15 14:47:45 - [MESSAGE][INFO] - safeClicking

2020-10-15 14:47:45 - [MESSAGE][PASSED] - Object 'Object Repository/CERTPAY_QUICKSTI/Login_ Page/NEXT_BUTTON' is present

2020-10-15 14:47:46 - [MESSAGE][PASSED] - Object 'Object Repository/CERTPAY_QUICKSTI/Login_ Page/NEXT_BUTTON' is clickable

2020-10-15 14:47:51 - [MESSAGE][PASSED] - Object: 'Object Repository/CERTPAY_QUICKSTI/Login_ Page/NEXT_BUTTON' is clicked on

2020-10-15 14:47:51 - [MESSAGE][PASSED] - Quicksti.ts:Clicked on the Next button

2020-10-15 14:47:51 - [TEST_STEP][PASSED] - for ([i = 0, i <= amountList.size() - 1, (i++)]): Quicksti.ts:Entered'2 into Quntity

2020-10-15 14:47:51 - [TEST_STEP][PASSED] - s = Integer.toString(i): null

2020-10-15 14:47:51 - [TEST_STEP][PASSED] - pages.Quicksti.setCommnets("0", s, commentsList.get(i)): Quicksti.ts:Entered'Testing into Comments

2020-10-15 14:47:52 - [MESSAGE][PASSED] - Object '' is present

2020-10-15 14:47:52 - [MESSAGE][PASSED] - Object '' is visible

2020-10-15 14:47:52 - [MESSAGE][PASSED] - Object '' is present

2020-10-15 14:47:53 - [MESSAGE][PASSED] - Text 'Testing' is set on object ''

2020-10-15 14:47:53 - [MESSAGE][PASSED] - Quicksti.ts:Entered'Testing into Comments

2020-10-15 14:47:53 - [TEST_STEP][PASSED] - utilities.SafeActions.safeType(findTestObject("CERTPAY_QUICKSTI/Payment_Information_Page/PAYMENT_AMOUNT"), amountList.get(i), "Payment Amount", [pageLoadTime]): Quicksti.ts:Entered'45.00 into Payment Amount

2020-10-15 14:47:54 - [MESSAGE][PASSED] - Object 'Object Repository/CERTPAY_QUICKSTI/Payment_Information_Page/PAYMENT_AMOUNT' is present

2020-10-15 14:47:54 - [MESSAGE][PASSED] - Object 'Object Repository/CERTPAY_QUICKSTI/Payment_Information_Page/PAYMENT_AMOUNT' is visible

2020-10-15 14:47:54 - [MESSAGE][PASSED] - Object 'Object Repository/CERTPAY_QUICKSTI/Payment_Information_Page/PAYMENT_AMOUNT' is present

2020-10-15 14:47:56 - [MESSAGE][PASSED] - Text '45.00' is set on object 'Object Repository/CERTPAY_QUICKSTI/Payment_Information_Page/PAYMENT_AMOUNT'

2020-10-15 14:47:56 - [MESSAGE][PASSED] - Quicksti.ts:Entered'45.00 into Payment Amount

2020-10-15 14:47:56 - [TEST_STEP][PASSED] - pages.Quicksti.setAmountDetailsForMultiBureau(s, paymentTypeList.get(i), "0", referenceList.get(i), quantityList.get(i)): Quicksti.ts:Entered'1 into Quntity

2020-10-15 14:47:56 - [MESSAGE][PASSED] - Object '' is visible

2020-10-15 14:47:57 - [MESSAGE][PASSED] - Object '' is present

2020-10-15 14:47:58 - [MESSAGE][PASSED] - Object: '' is clicked on

2020-10-15 14:47:59 - [MESSAGE][PASSED] - All options with label 'Licenses' are selected in object ''  using regular expression

2020-10-15 14:47:59 - [MESSAGE][PASSED] - selected dropdown option by visible text  Licensesfrom Payment Type

2020-10-15 14:47:59 - [MESSAGE][PASSED] - Object '' is present

2020-10-15 14:48:00 - [MESSAGE][PASSED] - Object '' is visible

2020-10-15 14:48:00 - [MESSAGE][PASSED] - Object '' is present

2020-10-15 14:48:01 - [MESSAGE][PASSED] - Text '11' is set on object ''

2020-10-15 14:48:01 - [MESSAGE][PASSED] - Quicksti.ts:Entered'11 into RefrenceNumber

2020-10-15 14:48:01 - [MESSAGE][PASSED] - Object '' is present

2020-10-15 14:48:02 - [MESSAGE][PASSED] - Object '' is visible

2020-10-15 14:48:02 - [MESSAGE][PASSED] - Object '' is present

2020-10-15 14:48:03 - [MESSAGE][PASSED] - Text '1' is set on object ''

2020-10-15 14:48:03 - [MESSAGE][PASSED] - Quicksti.ts:Entered'1 into Quntity

2020-10-15 14:48:03 - [TEST_STEP][PASSED] - s = Integer.toString(i): null

2020-10-15 14:48:03 - [TEST_STEP][PASSED] - pages.Quicksti.setCommnets("0", s, commentsList.get(i)): Quicksti.ts:Entered'Tester into Comments

2020-10-15 14:48:03 - [MESSAGE][PASSED] - Object '' is present

2020-10-15 14:48:04 - [MESSAGE][PASSED] - Object '' is visible

2020-10-15 14:48:04 - [MESSAGE][PASSED] - Object '' is present

2020-10-15 14:48:05 - [MESSAGE][PASSED] - Text 'Tester' is set on object ''

2020-10-15 14:48:05 - [MESSAGE][PASSED] - Quicksti.ts:Entered'Tester into Comments

2020-10-15 14:48:05 - [TEST_STEP][PASSED] - utilities.SafeActions.safeType(findTestObject("CERTPAY_QUICKSTI/Payment_Information_Page/PAYMENT_AMOUNT"), amountList.get(i), "Payment Amount", [pageLoadTime]): Quicksti.ts:Entered'35.00 into Payment Amount

2020-10-15 14:48:06 - [MESSAGE][PASSED] - Object 'Object Repository/CERTPAY_QUICKSTI/Payment_Information_Page/PAYMENT_AMOUNT' is present

2020-10-15 14:48:06 - [MESSAGE][PASSED] - Object 'Object Repository/CERTPAY_QUICKSTI/Payment_Information_Page/PAYMENT_AMOUNT' is visible

2020-10-15 14:48:06 - [MESSAGE][PASSED] - Object 'Object Repository/CERTPAY_QUICKSTI/Payment_Information_Page/PAYMENT_AMOUNT' is present

2020-10-15 14:48:08 - [MESSAGE][PASSED] - Text '35.00' is set on object 'Object Repository/CERTPAY_QUICKSTI/Payment_Information_Page/PAYMENT_AMOUNT'

2020-10-15 14:48:08 - [MESSAGE][PASSED] - Quicksti.ts:Entered'35.00 into Payment Amount

2020-10-15 14:48:08 - [TEST_STEP][PASSED] - pages.Quicksti.setAmountDetailsForMultiBureau(s, paymentTypeList.get(i), "0", referenceList.get(i), quantityList.get(i)): Quicksti.ts:Entered'2 into Quntity

2020-10-15 14:48:08 - [MESSAGE][PASSED] - Object '' is visible

2020-10-15 14:48:08 - [MESSAGE][PASSED] - Object '' is present

2020-10-15 14:48:10 - [MESSAGE][PASSED] - Object: '' is clicked on

2020-10-15 14:48:11 - [MESSAGE][PASSED] - All options with label 'Taxes' are selected in object ''  using regular expression

2020-10-15 14:48:11 - [MESSAGE][PASSED] - selected dropdown option by visible text  Taxesfrom Payment Type

2020-10-15 14:48:11 - [MESSAGE][PASSED] - Object '' is present

2020-10-15 14:48:12 - [MESSAGE][PASSED] - Object '' is visible

2020-10-15 14:48:12 - [MESSAGE][PASSED] - Object '' is present

2020-10-15 14:48:13 - [MESSAGE][PASSED] - Text '12' is set on object ''

2020-10-15 14:48:13 - [MESSAGE][PASSED] - Quicksti.ts:Entered'12 into RefrenceNumber

2020-10-15 14:48:13 - [MESSAGE][PASSED] - Object '' is present

2020-10-15 14:48:14 - [MESSAGE][PASSED] - Object '' is visible

2020-10-15 14:48:14 - [MESSAGE][PASSED] - Object '' is present

2020-10-15 14:48:15 - [MESSAGE][PASSED] - Text '2' is set on object ''

2020-10-15 14:48:15 - [MESSAGE][PASSED] - Quicksti.ts:Entered'2 into Quntity

2020-10-15 14:48:15 - [TEST_STEP][PASSED] - s = Integer.toString(i): null

2020-10-15 14:48:15 - [TEST_STEP][PASSED] - pages.Quicksti.setCommnets("0", s, commentsList.get(i)): Quicksti.ts:Entered'Testing into Comments

2020-10-15 14:48:15 - [MESSAGE][PASSED] - Object '' is present

2020-10-15 14:48:16 - [MESSAGE][PASSED] - Object '' is visible

2020-10-15 14:48:16 - [MESSAGE][PASSED] - Object '' is present

2020-10-15 14:48:17 - [MESSAGE][PASSED] - Text 'Testing' is set on object ''

2020-10-15 14:48:17 - [MESSAGE][PASSED] - Quicksti.ts:Entered'Testing into Comments

2020-10-15 14:48:17 - [TEST_STEP][PASSED] - utilities.SafeActions.safeType(findTestObject("CERTPAY_QUICKSTI/Payment_Information_Page/PAYMENT_AMOUNT"), amountList.get(i), "Payment Amount", [pageLoadTime]): Quicksti.ts:Entered'20.00 into Payment Amount

2020-10-15 14:48:18 - [MESSAGE][PASSED] - Object 'Object Repository/CERTPAY_QUICKSTI/Payment_Information_Page/PAYMENT_AMOUNT' is present

2020-10-15 14:48:18 - [MESSAGE][PASSED] - Object 'Object Repository/CERTPAY_QUICKSTI/Payment_Information_Page/PAYMENT_AMOUNT' is visible

2020-10-15 14:48:18 - [MESSAGE][PASSED] - Object 'Object Repository/CERTPAY_QUICKSTI/Payment_Information_Page/PAYMENT_AMOUNT' is present

2020-10-15 14:48:20 - [MESSAGE][PASSED] - Text '20.00' is set on object 'Object Repository/CERTPAY_QUICKSTI/Payment_Information_Page/PAYMENT_AMOUNT'

2020-10-15 14:48:20 - [MESSAGE][PASSED] - Quicksti.ts:Entered'20.00 into Payment Amount

2020-10-15 14:48:20 - [TEST_STEP][PASSED] - pages.Quicksti.setAmountDetailsForMultiBureau(s, paymentTypeList.get(i), "0", referenceList.get(i), quantityList.get(i)): Quicksti.ts:Entered'2 into Quntity

2020-10-15 14:48:20 - [MESSAGE][PASSED] - Object '' is visible

2020-10-15 14:48:20 - [MESSAGE][PASSED] - Object '' is present

2020-10-15 14:48:22 - [MESSAGE][PASSED] - Object: '' is clicked on

2020-10-15 14:48:23 - [MESSAGE][PASSED] - All options with label 'Court Fines' are selected in object ''  using regular expression

2020-10-15 14:48:23 - [MESSAGE][PASSED] - selected dropdown option by visible text  Court Finesfrom Payment Type

2020-10-15 14:48:23 - [MESSAGE][PASSED] - Object '' is present

2020-10-15 14:48:24 - [MESSAGE][PASSED] - Object '' is visible

2020-10-15 14:48:24 - [MESSAGE][PASSED] - Object '' is present

2020-10-15 14:48:25 - [MESSAGE][PASSED] - Text '13' is set on object ''

2020-10-15 14:48:25 - [MESSAGE][PASSED] - Quicksti.ts:Entered'13 into RefrenceNumber

2020-10-15 14:48:25 - [MESSAGE][PASSED] - Object '' is present

2020-10-15 14:48:26 - [MESSAGE][PASSED] - Object '' is visible

2020-10-15 14:48:26 - [MESSAGE][PASSED] - Object '' is present

2020-10-15 14:48:27 - [MESSAGE][PASSED] - Text '2' is set on object ''

2020-10-15 14:48:27 - [MESSAGE][PASSED] - Quicksti.ts:Entered'2 into Quntity

2020-10-15 14:48:27 - [TEST_STEP][PASSED] - for ([i = 0, i <= amountList.size() - 1, (i++)]): Quicksti.ts:Entered'2 into Quntity

2020-10-15 14:48:27 - [TEST_STEP][PASSED] - s = Integer.toString(i): null

2020-10-15 14:48:27 - [TEST_STEP][PASSED] - utilities.SafeActions.safeType(findTestObject("CERTPAY_QUICKSTI/Payment_Information_Page/MULTIBUREAU_PAYMENT_AMOUNT"), amountList.get(i), "Payment Amount", [pageLoadTime]): Quicksti.ts:Entered'45.00 into Payment Amount

2020-10-15 14:48:28 - [MESSAGE][PASSED] - Object 'Object Repository/CERTPAY_QUICKSTI/Payment_Information_Page/MULTIBUREAU_PAYMENT_AMOUNT' is present

2020-10-15 14:48:28 - [MESSAGE][PASSED] - Object 'Object Repository/CERTPAY_QUICKSTI/Payment_Information_Page/MULTIBUREAU_PAYMENT_AMOUNT' is visible

2020-10-15 14:48:28 - [MESSAGE][PASSED] - Object 'Object Repository/CERTPAY_QUICKSTI/Payment_Information_Page/MULTIBUREAU_PAYMENT_AMOUNT' is present

2020-10-15 14:48:30 - [MESSAGE][PASSED] - Text '45.00' is set on object 'Object Repository/CERTPAY_QUICKSTI/Payment_Information_Page/MULTIBUREAU_PAYMENT_AMOUNT'

2020-10-15 14:48:30 - [MESSAGE][PASSED] - Quicksti.ts:Entered'45.00 into Payment Amount

2020-10-15 14:48:30 - [TEST_STEP][PASSED] - pages.Quicksti.setAmountDetailsForMultiBureau(s, "Registration Fees", "1", referenceList.get(i), quantityList.get(i)): Quicksti.ts:Entered'1 into Quntity

2020-10-15 14:48:30 - [MESSAGE][PASSED] - Object '' is visible

2020-10-15 14:48:30 - [MESSAGE][PASSED] - Object '' is present

2020-10-15 14:48:32 - [MESSAGE][PASSED] - Object: '' is clicked on

2020-10-15 14:48:33 - [MESSAGE][PASSED] - All options with label 'Registration Fees' are selected in object ''  using regular expression

2020-10-15 14:48:33 - [MESSAGE][PASSED] - selected dropdown option by visible text  Registration Feesfrom Payment Type

2020-10-15 14:48:33 - [MESSAGE][PASSED] - Object '' is present

2020-10-15 14:48:33 - [MESSAGE][PASSED] - Object '' is visible

2020-10-15 14:48:34 - [MESSAGE][PASSED] - Object '' is present

2020-10-15 14:48:35 - [MESSAGE][PASSED] - Text '11' is set on object ''

2020-10-15 14:48:35 - [MESSAGE][PASSED] - Quicksti.ts:Entered'11 into RefrenceNumber

2020-10-15 14:48:35 - [MESSAGE][PASSED] - Object '' is present

2020-10-15 14:48:35 - [MESSAGE][PASSED] - Object '' is visible

2020-10-15 14:48:36 - [MESSAGE][PASSED] - Object '' is present

2020-10-15 14:48:37 - [MESSAGE][PASSED] - Text '1' is set on object ''

2020-10-15 14:48:37 - [MESSAGE][PASSED] - Quicksti.ts:Entered'1 into Quntity

2020-10-15 14:48:37 - [TEST_STEP][PASSED] - s = Integer.toString(i): null

2020-10-15 14:48:37 - [TEST_STEP][PASSED] - utilities.SafeActions.safeType(findTestObject("CERTPAY_QUICKSTI/Payment_Information_Page/MULTIBUREAU_PAYMENT_AMOUNT"), amountList.get(i), "Payment Amount", [pageLoadTime]): Quicksti.ts:Entered'35.00 into Payment Amount

2020-10-15 14:48:37 - [MESSAGE][PASSED] - Object 'Object Repository/CERTPAY_QUICKSTI/Payment_Information_Page/MULTIBUREAU_PAYMENT_AMOUNT' is present

2020-10-15 14:48:38 - [MESSAGE][PASSED] - Object 'Object Repository/CERTPAY_QUICKSTI/Payment_Information_Page/MULTIBUREAU_PAYMENT_AMOUNT' is visible

2020-10-15 14:48:38 - [MESSAGE][PASSED] - Object 'Object Repository/CERTPAY_QUICKSTI/Payment_Information_Page/MULTIBUREAU_PAYMENT_AMOUNT' is present

2020-10-15 14:48:39 - [MESSAGE][PASSED] - Text '35.00' is set on object 'Object Repository/CERTPAY_QUICKSTI/Payment_Information_Page/MULTIBUREAU_PAYMENT_AMOUNT'

2020-10-15 14:48:39 - [MESSAGE][PASSED] - Quicksti.ts:Entered'35.00 into Payment Amount

2020-10-15 14:48:39 - [TEST_STEP][PASSED] - pages.Quicksti.setAmountDetailsForMultiBureau(s, "Registration Fees", "1", referenceList.get(i), quantityList.get(i)): Quicksti.ts:Entered'2 into Quntity

2020-10-15 14:48:40 - [MESSAGE][PASSED] - Object '' is visible

2020-10-15 14:48:40 - [MESSAGE][PASSED] - Object '' is present

2020-10-15 14:48:41 - [MESSAGE][PASSED] - Object: '' is clicked on

2020-10-15 14:48:42 - [MESSAGE][PASSED] - All options with label 'Registration Fees' are selected in object ''  using regular expression

2020-10-15 14:48:42 - [MESSAGE][PASSED] - selected dropdown option by visible text  Registration Feesfrom Payment Type

2020-10-15 14:48:42 - [MESSAGE][PASSED] - Object '' is present

2020-10-15 14:48:43 - [MESSAGE][PASSED] - Object '' is visible

2020-10-15 14:48:43 - [MESSAGE][PASSED] - Object '' is present

2020-10-15 14:48:44 - [MESSAGE][PASSED] - Text '12' is set on object ''

2020-10-15 14:48:44 - [MESSAGE][PASSED] - Quicksti.ts:Entered'12 into RefrenceNumber

2020-10-15 14:48:45 - [MESSAGE][PASSED] - Object '' is present

2020-10-15 14:48:45 - [MESSAGE][PASSED] - Object '' is visible

2020-10-15 14:48:45 - [MESSAGE][PASSED] - Object '' is present

2020-10-15 14:48:46 - [MESSAGE][PASSED] - Text '2' is set on object ''

2020-10-15 14:48:46 - [MESSAGE][PASSED] - Quicksti.ts:Entered'2 into Quntity

2020-10-15 14:48:46 - [TEST_STEP][PASSED] - s = Integer.toString(i): null

2020-10-15 14:48:46 - [TEST_STEP][PASSED] - utilities.SafeActions.safeType(findTestObject("CERTPAY_QUICKSTI/Payment_Information_Page/MULTIBUREAU_PAYMENT_AMOUNT"), amountList.get(i), "Payment Amount", [pageLoadTime]): Quicksti.ts:Entered'20.00 into Payment Amount

2020-10-15 14:48:47 - [MESSAGE][PASSED] - Object 'Object Repository/CERTPAY_QUICKSTI/Payment_Information_Page/MULTIBUREAU_PAYMENT_AMOUNT' is present

2020-10-15 14:48:47 - [MESSAGE][PASSED] - Object 'Object Repository/CERTPAY_QUICKSTI/Payment_Information_Page/MULTIBUREAU_PAYMENT_AMOUNT' is visible

2020-10-15 14:48:47 - [MESSAGE][PASSED] - Object 'Object Repository/CERTPAY_QUICKSTI/Payment_Information_Page/MULTIBUREAU_PAYMENT_AMOUNT' is present

2020-10-15 14:48:49 - [MESSAGE][PASSED] - Text '20.00' is set on object 'Object Repository/CERTPAY_QUICKSTI/Payment_Information_Page/MULTIBUREAU_PAYMENT_AMOUNT'

2020-10-15 14:48:49 - [MESSAGE][PASSED] - Quicksti.ts:Entered'20.00 into Payment Amount

2020-10-15 14:48:49 - [TEST_STEP][PASSED] - pages.Quicksti.setAmountDetailsForMultiBureau(s, "Registration Fees", "1", referenceList.get(i), quantityList.get(i)): Quicksti.ts:Entered'2 into Quntity

2020-10-15 14:48:49 - [MESSAGE][PASSED] - Object '' is visible

2020-10-15 14:48:49 - [MESSAGE][PASSED] - Object '' is present

2020-10-15 14:48:51 - [MESSAGE][PASSED] - Object: '' is clicked on

2020-10-15 14:48:52 - [MESSAGE][PASSED] - All options with label 'Registration Fees' are selected in object ''  using regular expression

2020-10-15 14:48:52 - [MESSAGE][PASSED] - selected dropdown option by visible text  Registration Feesfrom Payment Type

2020-10-15 14:48:52 - [MESSAGE][PASSED] - Object '' is present

2020-10-15 14:48:52 - [MESSAGE][PASSED] - Object '' is visible

2020-10-15 14:48:52 - [MESSAGE][PASSED] - Object '' is present

2020-10-15 14:48:54 - [MESSAGE][PASSED] - Text '13' is set on object ''

2020-10-15 14:48:54 - [MESSAGE][PASSED] - Quicksti.ts:Entered'13 into RefrenceNumber

2020-10-15 14:48:54 - [MESSAGE][PASSED] - Object '' is present

2020-10-15 14:48:54 - [MESSAGE][PASSED] - Object '' is visible

2020-10-15 14:48:54 - [MESSAGE][PASSED] - Object '' is present

2020-10-15 14:48:56 - [MESSAGE][PASSED] - Text '2' is set on object ''

2020-10-15 14:48:56 - [MESSAGE][PASSED] - Quicksti.ts:Entered'2 into Quntity

2020-10-15 14:48:56 - [TEST_STEP][PASSED] - for ([i = 0, i <= amountList.size() - 1, (i++)]): Quicksti.ts:Entered'Testing into Comments

2020-10-15 14:48:56 - [TEST_STEP][PASSED] - s = Integer.toString(i): null

2020-10-15 14:48:56 - [TEST_STEP][PASSED] - utilities.SafeActions.safeType(findTestObject("CERTPAY_QUICKSTI/Payment_Information_Page/MULTIBUREAU_PAY_AMOUNT2"), amountList.get(i), "Payment Amount", [pageLoadTime]): Quicksti.ts:Entered'45.00 into Payment Amount

2020-10-15 14:48:56 - [MESSAGE][PASSED] - Object 'Object Repository/CERTPAY_QUICKSTI/Payment_Information_Page/MULTIBUREAU_PAY_AMOUNT2' is present

2020-10-15 14:48:56 - [MESSAGE][PASSED] - Object 'Object Repository/CERTPAY_QUICKSTI/Payment_Information_Page/MULTIBUREAU_PAY_AMOUNT2' is visible

2020-10-15 14:48:57 - [MESSAGE][PASSED] - Object 'Object Repository/CERTPAY_QUICKSTI/Payment_Information_Page/MULTIBUREAU_PAY_AMOUNT2' is present

2020-10-15 14:48:58 - [MESSAGE][PASSED] - Text '45.00' is set on object 'Object Repository/CERTPAY_QUICKSTI/Payment_Information_Page/MULTIBUREAU_PAY_AMOUNT2'

2020-10-15 14:48:58 - [MESSAGE][PASSED] - Quicksti.ts:Entered'45.00 into Payment Amount

2020-10-15 14:48:58 - [TEST_STEP][PASSED] - pages.Quicksti.setAmountDetailsForMultiBureau(s, "Vehicles", "2", referenceList.get(i), quantityList.get(i)): Quicksti.ts:Entered'1 into Quntity

2020-10-15 14:48:59 - [MESSAGE][PASSED] - Object '' is visible

2020-10-15 14:48:59 - [MESSAGE][PASSED] - Object '' is present

2020-10-15 14:49:00 - [MESSAGE][PASSED] - Object: '' is clicked on

2020-10-15 14:49:01 - [MESSAGE][PASSED] - All options with label 'Vehicles' are selected in object ''  using regular expression

2020-10-15 14:49:01 - [MESSAGE][PASSED] - selected dropdown option by visible text  Vehiclesfrom Payment Type

2020-10-15 14:49:02 - [MESSAGE][PASSED] - Object '' is present

2020-10-15 14:49:02 - [MESSAGE][PASSED] - Object '' is visible

2020-10-15 14:49:02 - [MESSAGE][PASSED] - Object '' is present

2020-10-15 14:49:04 - [MESSAGE][PASSED] - Text '11' is set on object ''

2020-10-15 14:49:04 - [MESSAGE][PASSED] - Quicksti.ts:Entered'11 into RefrenceNumber

2020-10-15 14:49:04 - [MESSAGE][PASSED] - Object '' is present

2020-10-15 14:49:04 - [MESSAGE][PASSED] - Object '' is visible

2020-10-15 14:49:04 - [MESSAGE][PASSED] - Object '' is present

2020-10-15 14:49:06 - [MESSAGE][PASSED] - Text '1' is set on object ''

2020-10-15 14:49:06 - [MESSAGE][PASSED] - Quicksti.ts:Entered'1 into Quntity

2020-10-15 14:49:06 - [TEST_STEP][PASSED] - pages.Quicksti.setCommnets("2", s, commentsList.get(i)): Quicksti.ts:Entered'Testing into Comments

2020-10-15 14:49:06 - [MESSAGE][PASSED] - Object '' is present

2020-10-15 14:49:06 - [MESSAGE][PASSED] - Object '' is visible

2020-10-15 14:49:06 - [MESSAGE][PASSED] - Object '' is present

2020-10-15 14:49:08 - [MESSAGE][PASSED] - Text 'Testing' is set on object ''

2020-10-15 14:49:08 - [MESSAGE][PASSED] - Quicksti.ts:Entered'Testing into Comments

2020-10-15 14:49:08 - [TEST_STEP][PASSED] - s = Integer.toString(i): null

2020-10-15 14:49:08 - [TEST_STEP][PASSED] - utilities.SafeActions.safeType(findTestObject("CERTPAY_QUICKSTI/Payment_Information_Page/MULTIBUREAU_PAY_AMOUNT2"), amountList.get(i), "Payment Amount", [pageLoadTime]): Quicksti.ts:Entered'35.00 into Payment Amount

2020-10-15 14:49:08 - [MESSAGE][PASSED] - Object 'Object Repository/CERTPAY_QUICKSTI/Payment_Information_Page/MULTIBUREAU_PAY_AMOUNT2' is present

2020-10-15 14:49:08 - [MESSAGE][PASSED] - Object 'Object Repository/CERTPAY_QUICKSTI/Payment_Information_Page/MULTIBUREAU_PAY_AMOUNT2' is visible

2020-10-15 14:49:09 - [MESSAGE][PASSED] - Object 'Object Repository/CERTPAY_QUICKSTI/Payment_Information_Page/MULTIBUREAU_PAY_AMOUNT2' is present

2020-10-15 14:49:10 - [MESSAGE][PASSED] - Text '35.00' is set on object 'Object Repository/CERTPAY_QUICKSTI/Payment_Information_Page/MULTIBUREAU_PAY_AMOUNT2'

2020-10-15 14:49:10 - [MESSAGE][PASSED] - Quicksti.ts:Entered'35.00 into Payment Amount

2020-10-15 14:49:10 - [TEST_STEP][PASSED] - pages.Quicksti.setAmountDetailsForMultiBureau(s, "Vehicles", "2", referenceList.get(i), quantityList.get(i)): Quicksti.ts:Entered'2 into Quntity

2020-10-15 14:49:11 - [MESSAGE][PASSED] - Object '' is visible

2020-10-15 14:49:11 - [MESSAGE][PASSED] - Object '' is present

2020-10-15 14:49:12 - [MESSAGE][PASSED] - Object: '' is clicked on

2020-10-15 14:49:13 - [MESSAGE][PASSED] - All options with label 'Vehicles' are selected in object ''  using regular expression

2020-10-15 14:49:13 - [MESSAGE][PASSED] - selected dropdown option by visible text  Vehiclesfrom Payment Type

2020-10-15 14:49:14 - [MESSAGE][PASSED] - Object '' is present

2020-10-15 14:49:14 - [MESSAGE][PASSED] - Object '' is visible

2020-10-15 14:49:14 - [MESSAGE][PASSED] - Object '' is present

2020-10-15 14:49:15 - [MESSAGE][PASSED] - Text '12' is set on object ''

2020-10-15 14:49:15 - [MESSAGE][PASSED] - Quicksti.ts:Entered'12 into RefrenceNumber

2020-10-15 14:49:16 - [MESSAGE][PASSED] - Object '' is present

2020-10-15 14:49:16 - [MESSAGE][PASSED] - Object '' is visible

2020-10-15 14:49:16 - [MESSAGE][PASSED] - Object '' is present

2020-10-15 14:49:17 - [MESSAGE][PASSED] - Text '2' is set on object ''

2020-10-15 14:49:17 - [MESSAGE][PASSED] - Quicksti.ts:Entered'2 into Quntity

2020-10-15 14:49:17 - [TEST_STEP][PASSED] - pages.Quicksti.setCommnets("2", s, commentsList.get(i)): Quicksti.ts:Entered'Tester into Comments

2020-10-15 14:49:18 - [MESSAGE][PASSED] - Object '' is present

2020-10-15 14:49:18 - [MESSAGE][PASSED] - Object '' is visible

2020-10-15 14:49:18 - [MESSAGE][PASSED] - Object '' is present

2020-10-15 14:49:20 - [MESSAGE][PASSED] - Text 'Tester' is set on object ''

2020-10-15 14:49:20 - [MESSAGE][PASSED] - Quicksti.ts:Entered'Tester into Comments

2020-10-15 14:49:20 - [TEST_STEP][PASSED] - s = Integer.toString(i): null

2020-10-15 14:49:20 - [TEST_STEP][PASSED] - utilities.SafeActions.safeType(findTestObject("CERTPAY_QUICKSTI/Payment_Information_Page/MULTIBUREAU_PAY_AMOUNT2"), amountList.get(i), "Payment Amount", [pageLoadTime]): Quicksti.ts:Entered'20.00 into Payment Amount

2020-10-15 14:49:20 - [MESSAGE][PASSED] - Object 'Object Repository/CERTPAY_QUICKSTI/Payment_Information_Page/MULTIBUREAU_PAY_AMOUNT2' is present

2020-10-15 14:49:20 - [MESSAGE][PASSED] - Object 'Object Repository/CERTPAY_QUICKSTI/Payment_Information_Page/MULTIBUREAU_PAY_AMOUNT2' is visible

2020-10-15 14:49:21 - [MESSAGE][PASSED] - Object 'Object Repository/CERTPAY_QUICKSTI/Payment_Information_Page/MULTIBUREAU_PAY_AMOUNT2' is present

2020-10-15 14:49:22 - [MESSAGE][PASSED] - Text '20.00' is set on object 'Object Repository/CERTPAY_QUICKSTI/Payment_Information_Page/MULTIBUREAU_PAY_AMOUNT2'

2020-10-15 14:49:22 - [MESSAGE][PASSED] - Quicksti.ts:Entered'20.00 into Payment Amount

2020-10-15 14:49:22 - [TEST_STEP][PASSED] - pages.Quicksti.setAmountDetailsForMultiBureau(s, "Vehicles", "2", referenceList.get(i), quantityList.get(i)): Quicksti.ts:Entered'2 into Quntity

2020-10-15 14:49:22 - [MESSAGE][PASSED] - Object '' is visible

2020-10-15 14:49:23 - [MESSAGE][PASSED] - Object '' is present

2020-10-15 14:49:24 - [MESSAGE][PASSED] - Object: '' is clicked on

2020-10-15 14:49:25 - [MESSAGE][PASSED] - All options with label 'Vehicles' are selected in object ''  using regular expression

2020-10-15 14:49:25 - [MESSAGE][PASSED] - selected dropdown option by visible text  Vehiclesfrom Payment Type

2020-10-15 14:49:26 - [MESSAGE][PASSED] - Object '' is present

2020-10-15 14:49:26 - [MESSAGE][PASSED] - Object '' is visible

2020-10-15 14:49:26 - [MESSAGE][PASSED] - Object '' is present

2020-10-15 14:49:27 - [MESSAGE][PASSED] - Text '13' is set on object ''

2020-10-15 14:49:27 - [MESSAGE][PASSED] - Quicksti.ts:Entered'13 into RefrenceNumber

2020-10-15 14:49:28 - [MESSAGE][PASSED] - Object '' is present

2020-10-15 14:49:28 - [MESSAGE][PASSED] - Object '' is visible

2020-10-15 14:49:28 - [MESSAGE][PASSED] - Object '' is present

2020-10-15 14:49:30 - [MESSAGE][PASSED] - Text '2' is set on object ''

2020-10-15 14:49:30 - [MESSAGE][PASSED] - Quicksti.ts:Entered'2 into Quntity

2020-10-15 14:49:30 - [TEST_STEP][PASSED] - pages.Quicksti.setCommnets("2", s, commentsList.get(i)): Quicksti.ts:Entered'Testing into Comments

2020-10-15 14:49:30 - [MESSAGE][PASSED] - Object '' is present

2020-10-15 14:49:30 - [MESSAGE][PASSED] - Object '' is visible

2020-10-15 14:49:30 - [MESSAGE][PASSED] - Object '' is present

2020-10-15 14:49:32 - [MESSAGE][PASSED] - Text 'Testing' is set on object ''

2020-10-15 14:49:32 - [MESSAGE][PASSED] - Quicksti.ts:Entered'Testing into Comments

2020-10-15 14:49:32 - [TEST_STEP][PASSED] - utilities.SafeActions.safeClick(findTestObject("CERTPAY_QUICKSTI/Payment_Information_Page/MANUAL_ENTRY_BUTTON"), "ManualEntry", [pageLoadTime]): Quicksti.ts:Clicked on the ManualEntry

2020-10-15 14:49:32 - [MESSAGE][INFO] - safeClicking

2020-10-15 14:49:32 - [MESSAGE][PASSED] - Object 'Object Repository/CERTPAY_QUICKSTI/Payment_Information_Page/MANUAL_ENTRY_BUTTON' is present

2020-10-15 14:49:33 - [MESSAGE][PASSED] - Object 'Object Repository/CERTPAY_QUICKSTI/Payment_Information_Page/MANUAL_ENTRY_BUTTON' is clickable

2020-10-15 14:49:37 - [MESSAGE][PASSED] - Object: 'Object Repository/CERTPAY_QUICKSTI/Payment_Information_Page/MANUAL_ENTRY_BUTTON' is clicked on

2020-10-15 14:49:37 - [MESSAGE][PASSED] - Quicksti.ts:Clicked on the ManualEntry

2020-10-15 14:49:37 - [TEST_STEP][PASSED] - amount_Value = pages.Quicksti.getAttributeValue(findTestObject("CERTPAY_QUICKSTI/Payment_Information_Page/SUB_TOTAL")): pages.Quicksti.getAttributeValue is PASSED

2020-10-15 14:49:38 - [MESSAGE][PASSED] - Attribute 'value' of object 'Object Repository/CERTPAY_QUICKSTI/Payment_Information_Page/SUB_TOTAL' is: '45.00'

2020-10-15 14:49:38 - [MESSAGE][PASSED] - pages.Quicksti.getAttributeValue is PASSED

2020-10-15 14:49:38 - [TEST_STEP][PASSED] - CardNumber = pages.Quicksti.setUserPaymentDetails(firstName, lastName, cardNum): Quicksti.ts:Entered'374245003731006 into CardNum

2020-10-15 14:49:38 - [MESSAGE][PASSED] - Object 'Object Repository/CERTPAY_QUICKSTI/Payment_Information_Page/FIRST_NAME' is present

2020-10-15 14:49:38 - [MESSAGE][PASSED] - Object 'Object Repository/CERTPAY_QUICKSTI/Payment_Information_Page/FIRST_NAME' is visible

2020-10-15 14:49:39 - [MESSAGE][PASSED] - Object 'Object Repository/CERTPAY_QUICKSTI/Payment_Information_Page/FIRST_NAME' is present

2020-10-15 14:49:40 - [MESSAGE][PASSED] - Text 'Tester' is set on object 'Object Repository/CERTPAY_QUICKSTI/Payment_Information_Page/FIRST_NAME'

2020-10-15 14:49:40 - [MESSAGE][PASSED] - Quicksti.ts:Entered'Tester into FirstName

2020-10-15 14:49:40 - [MESSAGE][PASSED] - Object 'Object Repository/CERTPAY_QUICKSTI/Payment_Information_Page/LAST_NAME' is present

2020-10-15 14:49:41 - [MESSAGE][PASSED] - Object 'Object Repository/CERTPAY_QUICKSTI/Payment_Information_Page/LAST_NAME' is visible

2020-10-15 14:49:41 - [MESSAGE][PASSED] - Object 'Object Repository/CERTPAY_QUICKSTI/Payment_Information_Page/LAST_NAME' is present

2020-10-15 14:49:42 - [MESSAGE][PASSED] - Text 'Zenq1' is set on object 'Object Repository/CERTPAY_QUICKSTI/Payment_Information_Page/LAST_NAME'

2020-10-15 14:49:42 - [MESSAGE][PASSED] - Quicksti.ts:Entered'Zenq1 into LAstName

2020-10-15 14:49:42 - [MESSAGE][PASSED] - Object 'Object Repository/CERTPAY_QUICKSTI/Payment_Information_Page/CARD_NUMBER' is present

2020-10-15 14:49:43 - [MESSAGE][PASSED] - Object 'Object Repository/CERTPAY_QUICKSTI/Payment_Information_Page/CARD_NUMBER' is visible

2020-10-15 14:49:43 - [MESSAGE][PASSED] - Object 'Object Repository/CERTPAY_QUICKSTI/Payment_Information_Page/CARD_NUMBER' is present

2020-10-15 14:49:44 - [MESSAGE][PASSED] - Text '374245003731006' is set on object 'Object Repository/CERTPAY_QUICKSTI/Payment_Information_Page/CARD_NUMBER'

2020-10-15 14:49:44 - [MESSAGE][PASSED] - Quicksti.ts:Entered'374245003731006 into CardNum

2020-10-15 14:49:44 - [TEST_STEP][PASSED] - pages.Quicksti.setExpDate(expMonth, expYear, securityCode): Quicksti.ts:Entered'111 into securityCode

2020-10-15 14:49:45 - [MESSAGE][PASSED] - Object 'Object Repository/CERTPAY_QUICKSTI/Payment_Information_Page/EXP_MONTH' is visible

2020-10-15 14:49:45 - [MESSAGE][PASSED] - Object 'Object Repository/CERTPAY_QUICKSTI/Payment_Information_Page/EXP_MONTH' is present

2020-10-15 14:49:46 - [MESSAGE][PASSED] - Object: 'Object Repository/CERTPAY_QUICKSTI/Payment_Information_Page/EXP_MONTH' is clicked on

2020-10-15 14:49:47 - [MESSAGE][PASSED] - All options with label '05' are selected in object 'Object Repository/CERTPAY_QUICKSTI/Payment_Information_Page/EXP_MONTH'  using regular expression

2020-10-15 14:49:47 - [MESSAGE][PASSED] - selected dropdown option by visible text  05from expMonth

2020-10-15 14:49:48 - [MESSAGE][PASSED] - Object 'Object Repository/CERTPAY_QUICKSTI/Payment_Information_Page/EXP_YEAR' is visible

2020-10-15 14:49:48 - [MESSAGE][PASSED] - Object 'Object Repository/CERTPAY_QUICKSTI/Payment_Information_Page/EXP_YEAR' is present

2020-10-15 14:49:49 - [MESSAGE][PASSED] - Object: 'Object Repository/CERTPAY_QUICKSTI/Payment_Information_Page/EXP_YEAR' is clicked on

2020-10-15 14:49:50 - [MESSAGE][PASSED] - All options with label '2022' are selected in object 'Object Repository/CERTPAY_QUICKSTI/Payment_Information_Page/EXP_YEAR'  using regular expression

2020-10-15 14:49:50 - [MESSAGE][PASSED] - selected dropdown option by visible text  2022from  expYear

2020-10-15 14:49:51 - [MESSAGE][PASSED] - Object 'Object Repository/CERTPAY_QUICKSTI/Payment_Information_Page/SECURITY_CODE' is present

2020-10-15 14:49:51 - [MESSAGE][PASSED] - Object 'Object Repository/CERTPAY_QUICKSTI/Payment_Information_Page/SECURITY_CODE' is visible

2020-10-15 14:49:51 - [MESSAGE][PASSED] - Object 'Object Repository/CERTPAY_QUICKSTI/Payment_Information_Page/SECURITY_CODE' is present

2020-10-15 14:49:52 - [MESSAGE][PASSED] - Text '111' is set on object 'Object Repository/CERTPAY_QUICKSTI/Payment_Information_Page/SECURITY_CODE'

2020-10-15 14:49:52 - [MESSAGE][PASSED] - Quicksti.ts:Entered'111 into securityCode

2020-10-15 14:49:52 - [TEST_STEP][PASSED] - utilities.SafeActions.safeType(findTestObject("CERTPAY_QUICKSTI/Payment_Information_Page/ADDRESS"), address, "Address", [pageLoadTime]): Quicksti.ts:Entered'14-2 into Address

2020-10-15 14:49:53 - [MESSAGE][PASSED] - Object 'Object Repository/CERTPAY_QUICKSTI/Payment_Information_Page/ADDRESS' is present

2020-10-15 14:49:53 - [MESSAGE][PASSED] - Object 'Object Repository/CERTPAY_QUICKSTI/Payment_Information_Page/ADDRESS' is visible

2020-10-15 14:49:53 - [MESSAGE][PASSED] - Object 'Object Repository/CERTPAY_QUICKSTI/Payment_Information_Page/ADDRESS' is present

2020-10-15 14:49:55 - [MESSAGE][PASSED] - Text '14-2' is set on object 'Object Repository/CERTPAY_QUICKSTI/Payment_Information_Page/ADDRESS'

2020-10-15 14:49:55 - [MESSAGE][PASSED] - Quicksti.ts:Entered'14-2 into Address

2020-10-15 14:49:55 - [TEST_STEP][PASSED] - utilities.SafeActions.safeType(findTestObject("CERTPAY_QUICKSTI/Payment_Information_Page/ZIP_CODE"), zipCode, "zipcode", [pageLoadTime]): Quicksti.ts:Entered'76102 into zipcode

2020-10-15 14:49:55 - [MESSAGE][PASSED] - Object 'Object Repository/CERTPAY_QUICKSTI/Payment_Information_Page/ZIP_CODE' is present

2020-10-15 14:49:55 - [MESSAGE][PASSED] - Object 'Object Repository/CERTPAY_QUICKSTI/Payment_Information_Page/ZIP_CODE' is visible

2020-10-15 14:49:55 - [MESSAGE][PASSED] - Object 'Object Repository/CERTPAY_QUICKSTI/Payment_Information_Page/ZIP_CODE' is present

2020-10-15 14:49:57 - [MESSAGE][PASSED] - Text '76102' is set on object 'Object Repository/CERTPAY_QUICKSTI/Payment_Information_Page/ZIP_CODE'

2020-10-15 14:49:57 - [MESSAGE][PASSED] - Quicksti.ts:Entered'76102 into zipcode

2020-10-15 14:49:57 - [TEST_STEP][PASSED] - utilities.SafeActions.safeType(findTestObject("CERTPAY_QUICKSTI/Payment_Information_Page/TELEPHONE"), telephone, "Telephone", [pageLoadTime]): Quicksti.ts:Entered'9989897654 into Telephone

2020-10-15 14:49:57 - [MESSAGE][PASSED] - Object 'Object Repository/CERTPAY_QUICKSTI/Payment_Information_Page/TELEPHONE' is present

2020-10-15 14:49:57 - [MESSAGE][PASSED] - Object 'Object Repository/CERTPAY_QUICKSTI/Payment_Information_Page/TELEPHONE' is visible

2020-10-15 14:49:58 - [MESSAGE][PASSED] - Object 'Object Repository/CERTPAY_QUICKSTI/Payment_Information_Page/TELEPHONE' is present

2020-10-15 14:49:59 - [MESSAGE][PASSED] - Text '9989897654' is set on object 'Object Repository/CERTPAY_QUICKSTI/Payment_Information_Page/TELEPHONE'

2020-10-15 14:49:59 - [MESSAGE][PASSED] - Quicksti.ts:Entered'9989897654 into Telephone

2020-10-15 14:49:59 - [TEST_STEP][PASSED] - utilities.SafeActions.safeType(findTestObject("CERTPAY_QUICKSTI/Payment_Information_Page/EMAIL_ADDRESS"), emailAddress, "EMAIL address", [pageLoadTime]): Quicksti.ts:Entered'testing@zenq.com into EMAIL address

2020-10-15 14:49:59 - [MESSAGE][PASSED] - Object 'Object Repository/CERTPAY_QUICKSTI/Payment_Information_Page/EMAIL_ADDRESS' is present

2020-10-15 14:50:00 - [MESSAGE][PASSED] - Object 'Object Repository/CERTPAY_QUICKSTI/Payment_Information_Page/EMAIL_ADDRESS' is visible

2020-10-15 14:50:00 - [MESSAGE][PASSED] - Object 'Object Repository/CERTPAY_QUICKSTI/Payment_Information_Page/EMAIL_ADDRESS' is present

2020-10-15 14:50:01 - [MESSAGE][PASSED] - Text 'testing@zenq.com' is set on object 'Object Repository/CERTPAY_QUICKSTI/Payment_Information_Page/EMAIL_ADDRESS'

2020-10-15 14:50:01 - [MESSAGE][PASSED] - Quicksti.ts:Entered'testing@zenq.com into EMAIL address

2020-10-15 14:50:01 - [TEST_STEP][PASSED] - utilities.SafeActions.safeClick(findTestObject("CERTPAY_QUICKSTI/Payment_Information_Page/NEXT_BUTTON"), "Next", [pageLoadTime]): Quicksti.ts:Clicked on the Next

2020-10-15 14:50:01 - [MESSAGE][INFO] - safeClicking

2020-10-15 14:50:01 - [MESSAGE][PASSED] - Object 'Object Repository/CERTPAY_QUICKSTI/Payment_Information_Page/NEXT_BUTTON' is present

2020-10-15 14:50:02 - [MESSAGE][PASSED] - Object 'Object Repository/CERTPAY_QUICKSTI/Payment_Information_Page/NEXT_BUTTON' is clickable

2020-10-15 14:50:06 - [MESSAGE][PASSED] - Object: 'Object Repository/CERTPAY_QUICKSTI/Payment_Information_Page/NEXT_BUTTON' is clicked on

2020-10-15 14:50:06 - [MESSAGE][PASSED] - Quicksti.ts:Clicked on the Next

2020-10-15 14:50:06 - [TEST_STEP][PASSED] - pages.Quicksti.verifyUserPaymentDetails(amountList.get(0), firstName, lastName, CardNumber): pages.Quicksti.verifyUserPaymentDetails is PASSED

2020-10-15 14:50:06 - [MESSAGE][PASSED] - Text of object 'Object Repository/CERTPAY_QUICKSTI/Payment_Details_Verification_Page/AMOUNT' is: '$45.00'

2020-10-15 14:50:06 - [MESSAGE][PASSED] - Actual text '45.00' and expected text '45.00' are matched  using regular expression

2020-10-15 14:50:07 - [MESSAGE][PASSED] - Text of object 'Object Repository/CERTPAY_QUICKSTI/Payment_Details_Verification_Page/NAME' is: 'Tester Zenq1'

2020-10-15 14:50:07 - [MESSAGE][PASSED] - Actual text 'Tester Zenq1' and expected text 'Tester Zenq1' are matched  using regular expression

2020-10-15 14:50:07 - [MESSAGE][PASSED] - Text of object 'Object Repository/CERTPAY_QUICKSTI/Payment_Details_Verification_Page/CARD_NUMBER' is: '...1006'

2020-10-15 14:50:07 - [MESSAGE][PASSED] - Actual text '1006' and expected text '1006' are matched  using regular expression

2020-10-15 14:50:07 - [MESSAGE][PASSED] - pages.Quicksti.verifyUserPaymentDetails is PASSED

2020-10-15 14:50:07 - [TEST_STEP][PASSED] - ConvFee = getText(findTestObject("CERTPAY_QUICKSTI/Payment_Information_Page/CONV_FEE")): Text of object 'Object Repository/CERTPAY_QUICKSTI/Payment_Information_Page/CONV_FEE' is: '$1.13'

2020-10-15 14:50:07 - [MESSAGE][PASSED] - Text of object 'Object Repository/CERTPAY_QUICKSTI/Payment_Information_Page/CONV_FEE' is: '$1.13'

2020-10-15 14:50:07 - [TEST_STEP][PASSED] - scrollToElement(findTestObject("CERTPAY_QUICKSTI/Payment_Details_Verification_Page/PROCESS"), 30): Scroll to object 'Object Repository/CERTPAY_QUICKSTI/Payment_Details_Verification_Page/PROCESS' successfully

2020-10-15 14:50:08 - [MESSAGE][PASSED] - Scroll to object 'Object Repository/CERTPAY_QUICKSTI/Payment_Details_Verification_Page/PROCESS' successfully

2020-10-15 14:50:08 - [TEST_STEP][PASSED] - utilities.SafeActions.safeClick(findTestObject("CERTPAY_QUICKSTI/Payment_Details_Verification_Page/PROCESS"), "Process", [pageLoadTime]): Quicksti.ts:Clicked on the Process

2020-10-15 14:50:08 - [MESSAGE][INFO] - safeClicking

2020-10-15 14:50:08 - [MESSAGE][PASSED] - Object 'Object Repository/CERTPAY_QUICKSTI/Payment_Details_Verification_Page/PROCESS' is present

2020-10-15 14:50:08 - [MESSAGE][PASSED] - Object 'Object Repository/CERTPAY_QUICKSTI/Payment_Details_Verification_Page/PROCESS' is clickable

2020-10-15 14:50:14 - [MESSAGE][PASSED] - Object: 'Object Repository/CERTPAY_QUICKSTI/Payment_Details_Verification_Page/PROCESS' is clicked on

2020-10-15 14:50:14 - [MESSAGE][PASSED] - Quicksti.ts:Clicked on the Process

2020-10-15 14:50:14 - [TEST_STEP][PASSED] - paymentId = pages.Quicksti.verifyPaymentApproval(findTestObject("CERTPAY_QUICKSTI/Payment_Details_Verification_Page/APPROVED")): Payment is approved

2020-10-15 14:50:14 - [MESSAGE][PASSED] - Text of object 'Object Repository/CERTPAY_QUICKSTI/Payment_Details_Verification_Page/PAYMENT_ID' is: '100176129148'

2020-10-15 14:50:14 - [MESSAGE][PASSED] - Object 'Object Repository/CERTPAY_QUICKSTI/Payment_Details_Verification_Page/APPROVED' is present

2020-10-15 14:50:14 - [MESSAGE][PASSED] - Payment is approved

2020-10-15 14:50:16 - [TEST_STEP][PASSED] - navigateToUrl(Admin_url): Navigate to 'https://qa-certpayadmin.faps.net' successfully

2020-10-15 14:50:24 - [MESSAGE][PASSED] - Navigate to 'https://qa-certpayadmin.faps.net' successfully

2020-10-15 14:50:24 - [TEST_STEP][PASSED] - pages.Bureau_Login_Page.loginToAdminSite(AdminUsername, AdminPassword): Quicksti.ts:Clicked on the LOGIN

2020-10-15 14:50:24 - [MESSAGE][PASSED] - Object 'Object Repository/CERTPAY_ADMIN/USER_NAME' is present

2020-10-15 14:50:24 - [MESSAGE][PASSED] - Object 'Object Repository/CERTPAY_ADMIN/USER_NAME' is visible

2020-10-15 14:50:25 - [MESSAGE][PASSED] - Object 'Object Repository/CERTPAY_ADMIN/USER_NAME' is present

2020-10-15 14:50:26 - [MESSAGE][PASSED] - Text 'VVangiliappan' is set on object 'Object Repository/CERTPAY_ADMIN/USER_NAME'

2020-10-15 14:50:26 - [MESSAGE][PASSED] - Quicksti.ts:Entered'VVangiliappan into username

2020-10-15 14:50:26 - [MESSAGE][PASSED] - Object 'Object Repository/CERTPAY_ADMIN/PASSWORD' is present

2020-10-15 14:50:27 - [MESSAGE][PASSED] - Object 'Object Repository/CERTPAY_ADMIN/PASSWORD' is visible

2020-10-15 14:50:27 - [MESSAGE][PASSED] - Object 'Object Repository/CERTPAY_ADMIN/PASSWORD' is present

2020-10-15 14:50:28 - [MESSAGE][PASSED] - Text 'Test@123' is set on object 'Object Repository/CERTPAY_ADMIN/PASSWORD'

2020-10-15 14:50:28 - [MESSAGE][PASSED] - Quicksti.ts:Entered'Test@123 into password

2020-10-15 14:50:28 - [MESSAGE][INFO] - safeClicking

2020-10-15 14:50:28 - [MESSAGE][PASSED] - Object 'Object Repository/CERTPAY_ADMIN/LOGIN_BUTTON' is present

2020-10-15 14:50:29 - [MESSAGE][PASSED] - Object 'Object Repository/CERTPAY_ADMIN/LOGIN_BUTTON' is clickable

2020-10-15 14:50:37 - [MESSAGE][PASSED] - Object: 'Object Repository/CERTPAY_ADMIN/LOGIN_BUTTON' is clicked on

2020-10-15 14:50:37 - [MESSAGE][PASSED] - Quicksti.ts:Clicked on the LOGIN

2020-10-15 14:50:37 - [TEST_STEP][PASSED] - utilities.SafeActions.safeClick(findTestObject("CERTPAY_ADMIN/TRANSACTION_MENU"), "TransactionMenu", [pageLoadTime]): Quicksti.ts:Clicked on the TransactionMenu

2020-10-15 14:50:37 - [MESSAGE][INFO] - safeClicking

2020-10-15 14:50:38 - [MESSAGE][PASSED] - Object 'Object Repository/CERTPAY_ADMIN/TRANSACTION_MENU' is present

2020-10-15 14:50:38 - [MESSAGE][PASSED] - Object 'Object Repository/CERTPAY_ADMIN/TRANSACTION_MENU' is clickable

2020-10-15 14:50:39 - [MESSAGE][PASSED] - Object: 'Object Repository/CERTPAY_ADMIN/TRANSACTION_MENU' is clicked on

2020-10-15 14:50:39 - [MESSAGE][PASSED] - Quicksti.ts:Clicked on the TransactionMenu

2020-10-15 14:50:39 - [TEST_STEP][PASSED] - utilities.SafeActions.safeClick(findTestObject("CERTPAY_ADMIN/TRANSACTION_SEARCH"), "TransactionSearch", [pageLoadTime]): Quicksti.ts:Clicked on the TransactionSearch

2020-10-15 14:50:39 - [MESSAGE][INFO] - safeClicking

2020-10-15 14:50:40 - [MESSAGE][PASSED] - Object 'Object Repository/CERTPAY_ADMIN/TRANSACTION_SEARCH' is present

2020-10-15 14:50:40 - [MESSAGE][PASSED] - Object 'Object Repository/CERTPAY_ADMIN/TRANSACTION_SEARCH' is clickable

2020-10-15 14:50:43 - [MESSAGE][PASSED] - Object: 'Object Repository/CERTPAY_ADMIN/TRANSACTION_SEARCH' is clicked on

2020-10-15 14:50:43 - [MESSAGE][PASSED] - Quicksti.ts:Clicked on the TransactionSearch

2020-10-15 14:50:43 - [TEST_STEP][PASSED] - utilities.SafeActions.safeType(findTestObject("CERTPAY_ADMIN/PAYMENT_ID"), paymentId, "Payment id", [pageLoadTime]): Quicksti.ts:Entered'100176129148 into Payment id

2020-10-15 14:50:43 - [MESSAGE][PASSED] - Object 'Object Repository/CERTPAY_ADMIN/PAYMENT_ID' is present

2020-10-15 14:50:44 - [MESSAGE][PASSED] - Object 'Object Repository/CERTPAY_ADMIN/PAYMENT_ID' is visible

2020-10-15 14:50:44 - [MESSAGE][PASSED] - Object 'Object Repository/CERTPAY_ADMIN/PAYMENT_ID' is present

2020-10-15 14:50:45 - [MESSAGE][PASSED] - Text '100176129148' is set on object 'Object Repository/CERTPAY_ADMIN/PAYMENT_ID'

2020-10-15 14:50:45 - [MESSAGE][PASSED] - Quicksti.ts:Entered'100176129148 into Payment id

2020-10-15 14:50:45 - [TEST_STEP][PASSED] - utilities.SafeActions.safeClick(findTestObject("CERTPAY_ADMIN/GO_BUTTON"), "Go button", [pageLoadTime]): Quicksti.ts:Clicked on the Go button

2020-10-15 14:50:45 - [MESSAGE][INFO] - safeClicking

2020-10-15 14:50:45 - [MESSAGE][PASSED] - Object 'Object Repository/CERTPAY_ADMIN/GO_BUTTON' is present

2020-10-15 14:50:46 - [MESSAGE][PASSED] - Object 'Object Repository/CERTPAY_ADMIN/GO_BUTTON' is clickable

2020-10-15 14:50:49 - [MESSAGE][PASSED] - Object: 'Object Repository/CERTPAY_ADMIN/GO_BUTTON' is clicked on

2020-10-15 14:50:49 - [MESSAGE][PASSED] - Quicksti.ts:Clicked on the Go button

2020-10-15 14:50:49 - [TEST_STEP][PASSED] - delay(5): Delayed 5 second(s)

2020-10-15 14:50:54 - [MESSAGE][PASSED] - Delayed 5 second(s)

2020-10-15 14:50:54 - [TEST_STEP][PASSED] - scrollToPosition(800, 900): Browser is scrolled to position x = 800, y = 900

2020-10-15 14:50:54 - [MESSAGE][PASSED] - Browser is scrolled to position x = 800, y = 900

2020-10-15 14:50:54 - [TEST_STEP][PASSED] - pages.Search_Page.validatePaymentAmount(amountList.get(0), ConvFee): Verified payment details successfully 

2020-10-15 14:50:55 - [MESSAGE][PASSED] - Text of object 'Object Repository/CERTPAY_ADMIN/PAYMENT_AMOUNT' is: '$45.00'

2020-10-15 14:50:55 - [MESSAGE][PASSED] - Actual text '45.00' and expected text '45.00' are matched  using regular expression

2020-10-15 14:50:55 - [MESSAGE][PASSED] - Text of object 'Object Repository/CERTPAY_ADMIN/CONV_FEE' is: '$1.13'

2020-10-15 14:50:55 - [MESSAGE][PASSED] - Actual text '1.13' and expected text '1.13' are matched  using regular expression

2020-10-15 14:50:55 - [MESSAGE][PASSED] - Verified payment details successfully 

2020-10-15 14:50:55 - [TEST_STEP][PASSED] - paymentIdList.add(paymentId): null

2020-10-15 14:50:55 - [TEST_STEP][PASSED] - println(paymentIdList): null

2020-10-15 14:50:55 - [TEST_STEP][PASSED] - return paymentIdList: null

2020-10-15 14:50:55 - [TEST_STEP][PASSED] - Start listener action : afterTestCase: Browser is closed

2020-10-15 14:50:55 - [TEST_STEP][PASSED] - closeBrowser(): Browser is closed

2020-10-15 14:50:56 - [MESSAGE][PASSED] - Browser is closed]]></system-out>
         <system-err><![CDATA[]]></system-err>
      </testcase>
      <system-out><![CDATA[2020-10-15 13:54:23 - [TEST_SUITE][FAILED] - Quicksti: Test Cases/Certpay_Quicksti/TC_001_SingleBureauSite_SingleLinePayment FAILED.
Reason:
com.kms.katalon.core.exception.StepFailedException: Unable to verify match
	at com.kms.katalon.core.util.KeywordUtil.markFailed(KeywordUtil.java:19)
	at com.kms.katalon.core.util.KeywordUtil$markFailed$1.call(Unknown Source)
	at pages.Search_Page.validatePaymentAmount(Search_Page.groovy:140)
	at pages.Search_Page.invokeMethod(Search_Page.groovy)
	at com.kms.katalon.core.main.CustomKeywordDelegatingMetaClass.invokeStaticMethod(CustomKeywordDelegatingMetaClass.java:50)
	at TC_001_SingleBureauSite_SingleLinePayment.run(TC_001_SingleBureauSite_SingleLinePayment:144)
	at com.kms.katalon.core.main.ScriptEngine.run(ScriptEngine.java:194)
	at com.kms.katalon.core.main.ScriptEngine.runScriptAsRawText(ScriptEngine.java:119)
	at com.kms.katalon.core.main.TestCaseExecutor.runScript(TestCaseExecutor.java:337)
	at com.kms.katalon.core.main.TestCaseExecutor.doExecute(TestCaseExecutor.java:328)
	at com.kms.katalon.core.main.TestCaseExecutor.processExecutionPhase(TestCaseExecutor.java:307)
	at com.kms.katalon.core.main.TestCaseExecutor.accessMainPhase(TestCaseExecutor.java:299)
	at com.kms.katalon.core.main.TestCaseExecutor.execute(TestCaseExecutor.java:233)
	at com.kms.katalon.core.main.TestSuiteExecutor.accessTestCaseMainPhase(TestSuiteExecutor.java:169)
	at com.kms.katalon.core.main.TestSuiteExecutor.accessTestSuiteMainPhase(TestSuiteExecutor.java:142)
	at com.kms.katalon.core.main.TestSuiteExecutor.execute(TestSuiteExecutor.java:91)
	at com.kms.katalon.core.main.TestCaseMain.startTestSuite(TestCaseMain.java:157)
	at com.kms.katalon.core.main.TestCaseMain$startTestSuite$0.call(Unknown Source)
	at TempTestSuite1602750259530.run(TempTestSuite1602750259530.groovy:36)]]></system-out>
      <system-err><![CDATA[2020-10-15 13:54:23 - [TEST_SUITE][FAILED] - Quicksti: Test Cases/Certpay_Quicksti/TC_001_SingleBureauSite_SingleLinePayment FAILED.
Reason:
com.kms.katalon.core.exception.StepFailedException: Unable to verify match
	at com.kms.katalon.core.util.KeywordUtil.markFailed(KeywordUtil.java:19)
	at com.kms.katalon.core.util.KeywordUtil$markFailed$1.call(Unknown Source)
	at pages.Search_Page.validatePaymentAmount(Search_Page.groovy:140)
	at pages.Search_Page.invokeMethod(Search_Page.groovy)
	at com.kms.katalon.core.main.CustomKeywordDelegatingMetaClass.invokeStaticMethod(CustomKeywordDelegatingMetaClass.java:50)
	at TC_001_SingleBureauSite_SingleLinePayment.run(TC_001_SingleBureauSite_SingleLinePayment:144)
	at com.kms.katalon.core.main.ScriptEngine.run(ScriptEngine.java:194)
	at com.kms.katalon.core.main.ScriptEngine.runScriptAsRawText(ScriptEngine.java:119)
	at com.kms.katalon.core.main.TestCaseExecutor.runScript(TestCaseExecutor.java:337)
	at com.kms.katalon.core.main.TestCaseExecutor.doExecute(TestCaseExecutor.java:328)
	at com.kms.katalon.core.main.TestCaseExecutor.processExecutionPhase(TestCaseExecutor.java:307)
	at com.kms.katalon.core.main.TestCaseExecutor.accessMainPhase(TestCaseExecutor.java:299)
	at com.kms.katalon.core.main.TestCaseExecutor.execute(TestCaseExecutor.java:233)
	at com.kms.katalon.core.main.TestSuiteExecutor.accessTestCaseMainPhase(TestSuiteExecutor.java:169)
	at com.kms.katalon.core.main.TestSuiteExecutor.accessTestSuiteMainPhase(TestSuiteExecutor.java:142)
	at com.kms.katalon.core.main.TestSuiteExecutor.execute(TestSuiteExecutor.java:91)
	at com.kms.katalon.core.main.TestCaseMain.startTestSuite(TestCaseMain.java:157)
	at com.kms.katalon.core.main.TestCaseMain$startTestSuite$0.call(Unknown Source)
	at TempTestSuite1602750259530.run(TempTestSuite1602750259530.groovy:36)]]></system-err>
   </testsuite>
</testsuites>
