<?xml version="1.0" encoding="UTF-8"?>
<testsuites name="Quicksti" time="1017.011" tests="1" failures="0" errors="0">
   <testsuite name="Quicksti" tests="1" failures="0" errors="0" time="1017.011" timestamp="2020-10-16 10:22:08" hostname="admin - SYS8" id="Test Suites/Certpay_testSuite/Quicksti">
      <properties>
         <property name="deviceName" value=""/>
         <property name="devicePlatform" value=""/>
         <property name="logFolder" value="E:\\Sush_Certpay\\Reports\\20201016_102159\\Certpay_testSuite\\Quicksti\\20201016_102159"/>
         <property name="logFiles" value="E:\\Sush_Certpay\\Reports\\20201016_102159\\Certpay_testSuite\\Quicksti\\20201016_102159\\execution0.log"/>
         <property name="attachments" value=""/>
         <property name="hostName" value="admin - SYS8"/>
         <property name="os" value="Windows 10 32bit"/>
         <property name="katalonVersion" value="7.1.2.1"/>
         <property name="browser" value="Chrome 86.0.4240.75"/>
         <property name="hostAddress" value="172.31.253.251"/>
         <property name="sessionId" value="d27457016d1e92451d73271aa8b170b7"/>
         <property name="seleniumVersion" value="3.141.59"/>
         <property name="proxyInformation" value="ProxyInformation{proxyOption=NO_PROXY, proxyServerType=HTTP, password=, proxyServerAddress=, proxyServerPort=0, executionList=}"/>
         <property name="platform" value="Windows 10"/>
      </properties>
      <testcase name="Test Cases/Certpay_Quicksti/TC_005_MultiBureauSite_MultiBureaus_MultiLinePayments" time="1014.431" classname="Test Cases/Certpay_Quicksti/TC_005_MultiBureauSite_MultiBureaus_MultiLinePayments" status="PASSED">
         <system-out><![CDATA[2020-10-16 10:22:09 - [TEST_CASE][PASSED] - Test Cases/Certpay_Quicksti/TC_005_MultiBureauSite_MultiBureaus_MultiLinePayments: Test Cases/Certpay_Quicksti/TC_005_MultiBureauSite_MultiBureaus_MultiLinePayments

2020-10-16 10:22:09 - [TEST_STEP][PASSED] - Start listener action : beforeTestCase: null

2020-10-16 10:22:09 - [TEST_STEP][PASSED] - data = findTestData("Certpay/MultiBureau_MultiLine"): null

2020-10-16 10:22:12 - [TEST_STEP][PASSED] - amountList = []: null

2020-10-16 10:22:12 - [TEST_STEP][PASSED] - referenceList = []: null

2020-10-16 10:22:12 - [TEST_STEP][PASSED] - paymentTypeList = []: null

2020-10-16 10:22:12 - [TEST_STEP][PASSED] - quantityList = []: null

2020-10-16 10:22:12 - [TEST_STEP][PASSED] - commentsList = []: null

2020-10-16 10:22:12 - [TEST_STEP][PASSED] - paymentIdList = []: null

2020-10-16 10:22:12 - [TEST_STEP][PASSED] - list = new java.util.ArrayList(): null

2020-10-16 10:22:12 - [TEST_STEP][PASSED] - for (def index : (1..data.getRowNumbers())): null

2020-10-16 10:22:12 - [TEST_STEP][PASSED] - firstName = data.getValue("FirstName", index): null

2020-10-16 10:22:12 - [TEST_STEP][PASSED] - lastName = data.getValue("LastName", index): null

2020-10-16 10:22:12 - [TEST_STEP][PASSED] - cardNum = data.getValue("CardNumber", index): null

2020-10-16 10:22:12 - [TEST_STEP][PASSED] - expMonth = data.getValue("ExpMonth", index): null

2020-10-16 10:22:12 - [TEST_STEP][PASSED] - expYear = data.getValue("ExpYear", index): null

2020-10-16 10:22:12 - [TEST_STEP][PASSED] - securityCode = data.getValue("SecurityCode", index): null

2020-10-16 10:22:12 - [TEST_STEP][PASSED] - paymentAmount = data.getValue("PaymentAmount", index): null

2020-10-16 10:22:12 - [TEST_STEP][PASSED] - paymentType = data.getValue("PaymentType", index): null

2020-10-16 10:22:12 - [TEST_STEP][PASSED] - quantity = data.getValue("Quantity", index): null

2020-10-16 10:22:12 - [TEST_STEP][PASSED] - comments = data.getValue("Comments", index): null

2020-10-16 10:22:12 - [TEST_STEP][PASSED] - referenceNum = data.getValue("ReferenceNum", index): null

2020-10-16 10:22:12 - [TEST_STEP][PASSED] - address = data.getValue("Address", index): null

2020-10-16 10:22:12 - [TEST_STEP][PASSED] - zipCode = data.getValue("Zipcode", index): null

2020-10-16 10:22:12 - [TEST_STEP][PASSED] - telephone = data.getValue("Telephone", index): null

2020-10-16 10:22:12 - [TEST_STEP][PASSED] - emailAddress = data.getValue("EmailAddress", index): null

2020-10-16 10:22:12 - [TEST_STEP][PASSED] - cardType = data.getValue("CardType", index): null

2020-10-16 10:22:12 - [TEST_STEP][PASSED] - amountList = paymentAmount.split(","): null

2020-10-16 10:22:12 - [TEST_STEP][PASSED] - referenceList = referenceNum.split(","): null

2020-10-16 10:22:12 - [TEST_STEP][PASSED] - paymentTypeList = paymentType.split(","): null

2020-10-16 10:22:12 - [TEST_STEP][PASSED] - commentsList = comments.split(","): null

2020-10-16 10:22:12 - [TEST_STEP][PASSED] - quantityList = quantity.split(","): null

2020-10-16 10:22:12 - [TEST_STEP][PASSED] - utilities.SafeActions.openBrowser(Quicksti_Url, [pageLoadTime]): Browser launched successfully

2020-10-16 10:22:12 - [MESSAGE][INFO] - Opening Browser

2020-10-16 10:22:13 - [MESSAGE][INFO] - Starting 'Chrome' driver

2020-10-16 10:22:13 - [MESSAGE][INFO] - Action delay is set to 0 seconds

2020-10-16 10:22:39 - [MESSAGE][PASSED] - Browser is opened with url: 'https://qa-certpayquicksti.faps.net/'

2020-10-16 10:22:42 - [MESSAGE][PASSED] - Current window maximized

2020-10-16 10:22:42 - [MESSAGE][PASSED] - Browser launched successfully

2020-10-16 10:22:42 - [TEST_STEP][PASSED] - utilities.SafeActions.safeCheck(findTestObject("CERTPAY_QUICKSTI/Login_ Page/MULTI_BUREAU_CHECKBOX"), "Multi Bureau", [pageLoadTime]): Quicksti.ts:Checkbox 'Multi Bureau'is selected

2020-10-16 10:22:42 - [MESSAGE][PASSED] - Object 'Object Repository/CERTPAY_QUICKSTI/Login_ Page/MULTI_BUREAU_CHECKBOX' is present

2020-10-16 10:22:44 - [MESSAGE][PASSED] - Object 'Object Repository/CERTPAY_QUICKSTI/Login_ Page/MULTI_BUREAU_CHECKBOX' is present

2020-10-16 10:22:45 - [MESSAGE][PASSED] - Object: 'Object Repository/CERTPAY_QUICKSTI/Login_ Page/MULTI_BUREAU_CHECKBOX' is clicked on

2020-10-16 10:22:45 - [MESSAGE][PASSED] - Quicksti.ts:Checkbox 'Multi Bureau'is selected

2020-10-16 10:22:45 - [TEST_STEP][PASSED] - utilities.SafeActions.safeType(findTestObject("CERTPAY_QUICKSTI/Login_ Page/TELLER_ID"), teller_id, "Bureau code", [pageLoadTime]): Quicksti.ts:Entered'zenq into Bureau code

2020-10-16 10:22:48 - [MESSAGE][PASSED] - Object 'Object Repository/CERTPAY_QUICKSTI/Login_ Page/TELLER_ID' is present

2020-10-16 10:22:48 - [MESSAGE][PASSED] - Object 'Object Repository/CERTPAY_QUICKSTI/Login_ Page/TELLER_ID' is visible

2020-10-16 10:22:48 - [MESSAGE][PASSED] - Object 'Object Repository/CERTPAY_QUICKSTI/Login_ Page/TELLER_ID' is present

2020-10-16 10:22:50 - [MESSAGE][PASSED] - Text 'zenq' is set on object 'Object Repository/CERTPAY_QUICKSTI/Login_ Page/TELLER_ID'

2020-10-16 10:22:50 - [MESSAGE][PASSED] - Quicksti.ts:Entered'zenq into Bureau code

2020-10-16 10:22:50 - [TEST_STEP][PASSED] - utilities.SafeActions.safeClick(findTestObject("CERTPAY_QUICKSTI/Login_ Page/NEXT_BUTTON"), "Next button", [pageLoadTime]): Quicksti.ts:Clicked on the Next button

2020-10-16 10:22:50 - [MESSAGE][INFO] - safeClicking

2020-10-16 10:22:51 - [MESSAGE][PASSED] - Object 'Object Repository/CERTPAY_QUICKSTI/Login_ Page/NEXT_BUTTON' is present

2020-10-16 10:22:52 - [MESSAGE][PASSED] - Object 'Object Repository/CERTPAY_QUICKSTI/Login_ Page/NEXT_BUTTON' is clickable

2020-10-16 10:23:00 - [MESSAGE][PASSED] - Object: 'Object Repository/CERTPAY_QUICKSTI/Login_ Page/NEXT_BUTTON' is clicked on

2020-10-16 10:23:00 - [MESSAGE][PASSED] - Quicksti.ts:Clicked on the Next button

2020-10-16 10:23:00 - [TEST_STEP][PASSED] - for ([i = 0, i <= amountList.size() - 1, (i++)]): Quicksti.ts:Entered'2 into Quntity

2020-10-16 10:23:00 - [TEST_STEP][PASSED] - s = Integer.toString(i): null

2020-10-16 10:23:00 - [TEST_STEP][PASSED] - pages.Quicksti.setCommnets("0", s, commentsList.get(i)): Quicksti.ts:Entered'Testing into Comments

2020-10-16 10:23:00 - [MESSAGE][PASSED] - Object '' is present

2020-10-16 10:23:00 - [MESSAGE][PASSED] - Object '' is visible

2020-10-16 10:23:01 - [MESSAGE][PASSED] - Object '' is present

2020-10-16 10:23:02 - [MESSAGE][PASSED] - Text 'Testing' is set on object ''

2020-10-16 10:23:02 - [MESSAGE][PASSED] - Quicksti.ts:Entered'Testing into Comments

2020-10-16 10:23:02 - [TEST_STEP][PASSED] - utilities.SafeActions.safeType(findTestObject("CERTPAY_QUICKSTI/Payment_Information_Page/PAYMENT_AMOUNT"), amountList.get(i), "Payment Amount", [pageLoadTime]): Quicksti.ts:Entered'45.00 into Payment Amount

2020-10-16 10:23:02 - [MESSAGE][PASSED] - Object 'Object Repository/CERTPAY_QUICKSTI/Payment_Information_Page/PAYMENT_AMOUNT' is present

2020-10-16 10:23:03 - [MESSAGE][PASSED] - Object 'Object Repository/CERTPAY_QUICKSTI/Payment_Information_Page/PAYMENT_AMOUNT' is visible

2020-10-16 10:23:03 - [MESSAGE][PASSED] - Object 'Object Repository/CERTPAY_QUICKSTI/Payment_Information_Page/PAYMENT_AMOUNT' is present

2020-10-16 10:23:04 - [MESSAGE][PASSED] - Text '45.00' is set on object 'Object Repository/CERTPAY_QUICKSTI/Payment_Information_Page/PAYMENT_AMOUNT'

2020-10-16 10:23:04 - [MESSAGE][PASSED] - Quicksti.ts:Entered'45.00 into Payment Amount

2020-10-16 10:23:04 - [TEST_STEP][PASSED] - pages.Quicksti.setAmountDetailsForMultiBureau(s, paymentTypeList.get(i), "0", referenceList.get(i), quantityList.get(i)): Quicksti.ts:Entered'1 into Quntity

2020-10-16 10:23:05 - [MESSAGE][PASSED] - Object '' is visible

2020-10-16 10:23:05 - [MESSAGE][PASSED] - Object '' is present

2020-10-16 10:23:06 - [MESSAGE][PASSED] - Object: '' is clicked on

2020-10-16 10:23:08 - [MESSAGE][PASSED] - All options with label 'Licenses' are selected in object ''  using regular expression

2020-10-16 10:23:08 - [MESSAGE][PASSED] - selected dropdown option by visible text  Licensesfrom Payment Type

2020-10-16 10:23:08 - [MESSAGE][PASSED] - Object '' is present

2020-10-16 10:23:08 - [MESSAGE][PASSED] - Object '' is visible

2020-10-16 10:23:09 - [MESSAGE][PASSED] - Object '' is present

2020-10-16 10:23:10 - [MESSAGE][PASSED] - Text '11' is set on object ''

2020-10-16 10:23:10 - [MESSAGE][PASSED] - Quicksti.ts:Entered'11 into RefrenceNumber

2020-10-16 10:23:10 - [MESSAGE][PASSED] - Object '' is present

2020-10-16 10:23:11 - [MESSAGE][PASSED] - Object '' is visible

2020-10-16 10:23:11 - [MESSAGE][PASSED] - Object '' is present

2020-10-16 10:23:12 - [MESSAGE][PASSED] - Text '1' is set on object ''

2020-10-16 10:23:12 - [MESSAGE][PASSED] - Quicksti.ts:Entered'1 into Quntity

2020-10-16 10:23:12 - [TEST_STEP][PASSED] - s = Integer.toString(i): null

2020-10-16 10:23:12 - [TEST_STEP][PASSED] - pages.Quicksti.setCommnets("0", s, commentsList.get(i)): Quicksti.ts:Entered'Tester into Comments

2020-10-16 10:23:12 - [MESSAGE][PASSED] - Object '' is present

2020-10-16 10:23:13 - [MESSAGE][PASSED] - Object '' is visible

2020-10-16 10:23:13 - [MESSAGE][PASSED] - Object '' is present

2020-10-16 10:23:14 - [MESSAGE][PASSED] - Text 'Tester' is set on object ''

2020-10-16 10:23:14 - [MESSAGE][PASSED] - Quicksti.ts:Entered'Tester into Comments

2020-10-16 10:23:14 - [TEST_STEP][PASSED] - utilities.SafeActions.safeType(findTestObject("CERTPAY_QUICKSTI/Payment_Information_Page/PAYMENT_AMOUNT"), amountList.get(i), "Payment Amount", [pageLoadTime]): Quicksti.ts:Entered'35.00 into Payment Amount

2020-10-16 10:23:15 - [MESSAGE][PASSED] - Object 'Object Repository/CERTPAY_QUICKSTI/Payment_Information_Page/PAYMENT_AMOUNT' is present

2020-10-16 10:23:15 - [MESSAGE][PASSED] - Object 'Object Repository/CERTPAY_QUICKSTI/Payment_Information_Page/PAYMENT_AMOUNT' is visible

2020-10-16 10:23:15 - [MESSAGE][PASSED] - Object 'Object Repository/CERTPAY_QUICKSTI/Payment_Information_Page/PAYMENT_AMOUNT' is present

2020-10-16 10:23:17 - [MESSAGE][PASSED] - Text '35.00' is set on object 'Object Repository/CERTPAY_QUICKSTI/Payment_Information_Page/PAYMENT_AMOUNT'

2020-10-16 10:23:17 - [MESSAGE][PASSED] - Quicksti.ts:Entered'35.00 into Payment Amount

2020-10-16 10:23:17 - [TEST_STEP][PASSED] - pages.Quicksti.setAmountDetailsForMultiBureau(s, paymentTypeList.get(i), "0", referenceList.get(i), quantityList.get(i)): Quicksti.ts:Entered'2 into Quntity

2020-10-16 10:23:17 - [MESSAGE][PASSED] - Object '' is visible

2020-10-16 10:23:18 - [MESSAGE][PASSED] - Object '' is present

2020-10-16 10:23:19 - [MESSAGE][PASSED] - Object: '' is clicked on

2020-10-16 10:23:20 - [MESSAGE][PASSED] - All options with label 'Taxes' are selected in object ''  using regular expression

2020-10-16 10:23:20 - [MESSAGE][PASSED] - selected dropdown option by visible text  Taxesfrom Payment Type

2020-10-16 10:23:21 - [MESSAGE][PASSED] - Object '' is present

2020-10-16 10:23:21 - [MESSAGE][PASSED] - Object '' is visible

2020-10-16 10:23:21 - [MESSAGE][PASSED] - Object '' is present

2020-10-16 10:23:23 - [MESSAGE][PASSED] - Text '12' is set on object ''

2020-10-16 10:23:23 - [MESSAGE][PASSED] - Quicksti.ts:Entered'12 into RefrenceNumber

2020-10-16 10:23:23 - [MESSAGE][PASSED] - Object '' is present

2020-10-16 10:23:23 - [MESSAGE][PASSED] - Object '' is visible

2020-10-16 10:23:23 - [MESSAGE][PASSED] - Object '' is present

2020-10-16 10:23:25 - [MESSAGE][PASSED] - Text '2' is set on object ''

2020-10-16 10:23:25 - [MESSAGE][PASSED] - Quicksti.ts:Entered'2 into Quntity

2020-10-16 10:23:25 - [TEST_STEP][PASSED] - s = Integer.toString(i): null

2020-10-16 10:23:25 - [TEST_STEP][PASSED] - pages.Quicksti.setCommnets("0", s, commentsList.get(i)): Quicksti.ts:Entered'Testing into Comments

2020-10-16 10:23:25 - [MESSAGE][PASSED] - Object '' is present

2020-10-16 10:23:26 - [MESSAGE][PASSED] - Object '' is visible

2020-10-16 10:23:26 - [MESSAGE][PASSED] - Object '' is present

2020-10-16 10:23:27 - [MESSAGE][PASSED] - Text 'Testing' is set on object ''

2020-10-16 10:23:27 - [MESSAGE][PASSED] - Quicksti.ts:Entered'Testing into Comments

2020-10-16 10:23:27 - [TEST_STEP][PASSED] - utilities.SafeActions.safeType(findTestObject("CERTPAY_QUICKSTI/Payment_Information_Page/PAYMENT_AMOUNT"), amountList.get(i), "Payment Amount", [pageLoadTime]): Quicksti.ts:Entered'20.00 into Payment Amount

2020-10-16 10:23:28 - [MESSAGE][PASSED] - Object 'Object Repository/CERTPAY_QUICKSTI/Payment_Information_Page/PAYMENT_AMOUNT' is present

2020-10-16 10:23:28 - [MESSAGE][PASSED] - Object 'Object Repository/CERTPAY_QUICKSTI/Payment_Information_Page/PAYMENT_AMOUNT' is visible

2020-10-16 10:23:28 - [MESSAGE][PASSED] - Object 'Object Repository/CERTPAY_QUICKSTI/Payment_Information_Page/PAYMENT_AMOUNT' is present

2020-10-16 10:23:30 - [MESSAGE][PASSED] - Text '20.00' is set on object 'Object Repository/CERTPAY_QUICKSTI/Payment_Information_Page/PAYMENT_AMOUNT'

2020-10-16 10:23:30 - [MESSAGE][PASSED] - Quicksti.ts:Entered'20.00 into Payment Amount

2020-10-16 10:23:30 - [TEST_STEP][PASSED] - pages.Quicksti.setAmountDetailsForMultiBureau(s, paymentTypeList.get(i), "0", referenceList.get(i), quantityList.get(i)): Quicksti.ts:Entered'2 into Quntity

2020-10-16 10:23:30 - [MESSAGE][PASSED] - Object '' is visible

2020-10-16 10:23:31 - [MESSAGE][PASSED] - Object '' is present

2020-10-16 10:23:32 - [MESSAGE][PASSED] - Object: '' is clicked on

2020-10-16 10:23:33 - [MESSAGE][PASSED] - All options with label 'Court Fines' are selected in object ''  using regular expression

2020-10-16 10:23:33 - [MESSAGE][PASSED] - selected dropdown option by visible text  Court Finesfrom Payment Type

2020-10-16 10:23:34 - [MESSAGE][PASSED] - Object '' is present

2020-10-16 10:23:34 - [MESSAGE][PASSED] - Object '' is visible

2020-10-16 10:23:34 - [MESSAGE][PASSED] - Object '' is present

2020-10-16 10:23:36 - [MESSAGE][PASSED] - Text '13' is set on object ''

2020-10-16 10:23:36 - [MESSAGE][PASSED] - Quicksti.ts:Entered'13 into RefrenceNumber

2020-10-16 10:23:36 - [MESSAGE][PASSED] - Object '' is present

2020-10-16 10:23:36 - [MESSAGE][PASSED] - Object '' is visible

2020-10-16 10:23:37 - [MESSAGE][PASSED] - Object '' is present

2020-10-16 10:23:38 - [MESSAGE][PASSED] - Text '2' is set on object ''

2020-10-16 10:23:38 - [MESSAGE][PASSED] - Quicksti.ts:Entered'2 into Quntity

2020-10-16 10:23:38 - [TEST_STEP][PASSED] - for ([i = 0, i <= amountList.size() - 1, (i++)]): Quicksti.ts:Entered'2 into Quntity

2020-10-16 10:23:38 - [TEST_STEP][PASSED] - s = Integer.toString(i): null

2020-10-16 10:23:38 - [TEST_STEP][PASSED] - utilities.SafeActions.safeType(findTestObject("CERTPAY_QUICKSTI/Payment_Information_Page/MULTIBUREAU_PAYMENT_AMOUNT"), amountList.get(i), "Payment Amount", [pageLoadTime]): Quicksti.ts:Entered'45.00 into Payment Amount

2020-10-16 10:23:38 - [MESSAGE][PASSED] - Object 'Object Repository/CERTPAY_QUICKSTI/Payment_Information_Page/MULTIBUREAU_PAYMENT_AMOUNT' is present

2020-10-16 10:23:39 - [MESSAGE][PASSED] - Object 'Object Repository/CERTPAY_QUICKSTI/Payment_Information_Page/MULTIBUREAU_PAYMENT_AMOUNT' is visible

2020-10-16 10:23:39 - [MESSAGE][PASSED] - Object 'Object Repository/CERTPAY_QUICKSTI/Payment_Information_Page/MULTIBUREAU_PAYMENT_AMOUNT' is present

2020-10-16 10:23:40 - [MESSAGE][PASSED] - Text '45.00' is set on object 'Object Repository/CERTPAY_QUICKSTI/Payment_Information_Page/MULTIBUREAU_PAYMENT_AMOUNT'

2020-10-16 10:23:40 - [MESSAGE][PASSED] - Quicksti.ts:Entered'45.00 into Payment Amount

2020-10-16 10:23:40 - [TEST_STEP][PASSED] - pages.Quicksti.setAmountDetailsForMultiBureau(s, "Registration Fees", "1", referenceList.get(i), quantityList.get(i)): Quicksti.ts:Entered'1 into Quntity

2020-10-16 10:23:41 - [MESSAGE][PASSED] - Object '' is visible

2020-10-16 10:23:41 - [MESSAGE][PASSED] - Object '' is present

2020-10-16 10:23:42 - [MESSAGE][PASSED] - Object: '' is clicked on

2020-10-16 10:23:43 - [MESSAGE][PASSED] - All options with label 'Registration Fees' are selected in object ''  using regular expression

2020-10-16 10:23:43 - [MESSAGE][PASSED] - selected dropdown option by visible text  Registration Feesfrom Payment Type

2020-10-16 10:23:43 - [MESSAGE][PASSED] - Object '' is present

2020-10-16 10:23:44 - [MESSAGE][PASSED] - Object '' is visible

2020-10-16 10:23:44 - [MESSAGE][PASSED] - Object '' is present

2020-10-16 10:23:45 - [MESSAGE][PASSED] - Text '11' is set on object ''

2020-10-16 10:23:45 - [MESSAGE][PASSED] - Quicksti.ts:Entered'11 into RefrenceNumber

2020-10-16 10:23:46 - [MESSAGE][PASSED] - Object '' is present

2020-10-16 10:23:46 - [MESSAGE][PASSED] - Object '' is visible

2020-10-16 10:23:46 - [MESSAGE][PASSED] - Object '' is present

2020-10-16 10:23:48 - [MESSAGE][PASSED] - Text '1' is set on object ''

2020-10-16 10:23:48 - [MESSAGE][PASSED] - Quicksti.ts:Entered'1 into Quntity

2020-10-16 10:23:48 - [TEST_STEP][PASSED] - s = Integer.toString(i): null

2020-10-16 10:23:48 - [TEST_STEP][PASSED] - utilities.SafeActions.safeType(findTestObject("CERTPAY_QUICKSTI/Payment_Information_Page/MULTIBUREAU_PAYMENT_AMOUNT"), amountList.get(i), "Payment Amount", [pageLoadTime]): Quicksti.ts:Entered'35.00 into Payment Amount

2020-10-16 10:23:48 - [MESSAGE][PASSED] - Object 'Object Repository/CERTPAY_QUICKSTI/Payment_Information_Page/MULTIBUREAU_PAYMENT_AMOUNT' is present

2020-10-16 10:23:48 - [MESSAGE][PASSED] - Object 'Object Repository/CERTPAY_QUICKSTI/Payment_Information_Page/MULTIBUREAU_PAYMENT_AMOUNT' is visible

2020-10-16 10:23:49 - [MESSAGE][PASSED] - Object 'Object Repository/CERTPAY_QUICKSTI/Payment_Information_Page/MULTIBUREAU_PAYMENT_AMOUNT' is present

2020-10-16 10:23:50 - [MESSAGE][PASSED] - Text '35.00' is set on object 'Object Repository/CERTPAY_QUICKSTI/Payment_Information_Page/MULTIBUREAU_PAYMENT_AMOUNT'

2020-10-16 10:23:50 - [MESSAGE][PASSED] - Quicksti.ts:Entered'35.00 into Payment Amount

2020-10-16 10:23:50 - [TEST_STEP][PASSED] - pages.Quicksti.setAmountDetailsForMultiBureau(s, "Registration Fees", "1", referenceList.get(i), quantityList.get(i)): Quicksti.ts:Entered'2 into Quntity

2020-10-16 10:23:51 - [MESSAGE][PASSED] - Object '' is visible

2020-10-16 10:23:51 - [MESSAGE][PASSED] - Object '' is present

2020-10-16 10:23:52 - [MESSAGE][PASSED] - Object: '' is clicked on

2020-10-16 10:23:53 - [MESSAGE][PASSED] - All options with label 'Registration Fees' are selected in object ''  using regular expression

2020-10-16 10:23:53 - [MESSAGE][PASSED] - selected dropdown option by visible text  Registration Feesfrom Payment Type

2020-10-16 10:23:53 - [MESSAGE][PASSED] - Object '' is present

2020-10-16 10:23:54 - [MESSAGE][PASSED] - Object '' is visible

2020-10-16 10:23:54 - [MESSAGE][PASSED] - Object '' is present

2020-10-16 10:23:55 - [MESSAGE][PASSED] - Text '12' is set on object ''

2020-10-16 10:23:55 - [MESSAGE][PASSED] - Quicksti.ts:Entered'12 into RefrenceNumber

2020-10-16 10:23:56 - [MESSAGE][PASSED] - Object '' is present

2020-10-16 10:23:56 - [MESSAGE][PASSED] - Object '' is visible

2020-10-16 10:23:56 - [MESSAGE][PASSED] - Object '' is present

2020-10-16 10:23:57 - [MESSAGE][PASSED] - Text '2' is set on object ''

2020-10-16 10:23:57 - [MESSAGE][PASSED] - Quicksti.ts:Entered'2 into Quntity

2020-10-16 10:23:57 - [TEST_STEP][PASSED] - s = Integer.toString(i): null

2020-10-16 10:23:57 - [TEST_STEP][PASSED] - utilities.SafeActions.safeType(findTestObject("CERTPAY_QUICKSTI/Payment_Information_Page/MULTIBUREAU_PAYMENT_AMOUNT"), amountList.get(i), "Payment Amount", [pageLoadTime]): Quicksti.ts:Entered'20.00 into Payment Amount

2020-10-16 10:23:58 - [MESSAGE][PASSED] - Object 'Object Repository/CERTPAY_QUICKSTI/Payment_Information_Page/MULTIBUREAU_PAYMENT_AMOUNT' is present

2020-10-16 10:23:58 - [MESSAGE][PASSED] - Object 'Object Repository/CERTPAY_QUICKSTI/Payment_Information_Page/MULTIBUREAU_PAYMENT_AMOUNT' is visible

2020-10-16 10:23:59 - [MESSAGE][PASSED] - Object 'Object Repository/CERTPAY_QUICKSTI/Payment_Information_Page/MULTIBUREAU_PAYMENT_AMOUNT' is present

2020-10-16 10:24:00 - [MESSAGE][PASSED] - Text '20.00' is set on object 'Object Repository/CERTPAY_QUICKSTI/Payment_Information_Page/MULTIBUREAU_PAYMENT_AMOUNT'

2020-10-16 10:24:00 - [MESSAGE][PASSED] - Quicksti.ts:Entered'20.00 into Payment Amount

2020-10-16 10:24:00 - [TEST_STEP][PASSED] - pages.Quicksti.setAmountDetailsForMultiBureau(s, "Registration Fees", "1", referenceList.get(i), quantityList.get(i)): Quicksti.ts:Entered'2 into Quntity

2020-10-16 10:24:00 - [MESSAGE][PASSED] - Object '' is visible

2020-10-16 10:24:01 - [MESSAGE][PASSED] - Object '' is present

2020-10-16 10:24:02 - [MESSAGE][PASSED] - Object: '' is clicked on

2020-10-16 10:24:03 - [MESSAGE][PASSED] - All options with label 'Registration Fees' are selected in object ''  using regular expression

2020-10-16 10:24:03 - [MESSAGE][PASSED] - selected dropdown option by visible text  Registration Feesfrom Payment Type

2020-10-16 10:24:03 - [MESSAGE][PASSED] - Object '' is present

2020-10-16 10:24:04 - [MESSAGE][PASSED] - Object '' is visible

2020-10-16 10:24:04 - [MESSAGE][PASSED] - Object '' is present

2020-10-16 10:24:05 - [MESSAGE][PASSED] - Text '13' is set on object ''

2020-10-16 10:24:05 - [MESSAGE][PASSED] - Quicksti.ts:Entered'13 into RefrenceNumber

2020-10-16 10:24:06 - [MESSAGE][PASSED] - Object '' is present

2020-10-16 10:24:06 - [MESSAGE][PASSED] - Object '' is visible

2020-10-16 10:24:06 - [MESSAGE][PASSED] - Object '' is present

2020-10-16 10:24:08 - [MESSAGE][PASSED] - Text '2' is set on object ''

2020-10-16 10:24:08 - [MESSAGE][PASSED] - Quicksti.ts:Entered'2 into Quntity

2020-10-16 10:24:08 - [TEST_STEP][PASSED] - for ([i = 0, i <= amountList.size() - 1, (i++)]): Quicksti.ts:Entered'Testing into Comments

2020-10-16 10:24:08 - [TEST_STEP][PASSED] - s = Integer.toString(i): null

2020-10-16 10:24:08 - [TEST_STEP][PASSED] - utilities.SafeActions.safeType(findTestObject("CERTPAY_QUICKSTI/Payment_Information_Page/MULTIBUREAU_PAY_AMOUNT2"), amountList.get(i), "Payment Amount", [pageLoadTime]): Quicksti.ts:Entered'45.00 into Payment Amount

2020-10-16 10:24:08 - [MESSAGE][PASSED] - Object 'Object Repository/CERTPAY_QUICKSTI/Payment_Information_Page/MULTIBUREAU_PAY_AMOUNT2' is present

2020-10-16 10:24:08 - [MESSAGE][PASSED] - Object 'Object Repository/CERTPAY_QUICKSTI/Payment_Information_Page/MULTIBUREAU_PAY_AMOUNT2' is visible

2020-10-16 10:24:09 - [MESSAGE][PASSED] - Object 'Object Repository/CERTPAY_QUICKSTI/Payment_Information_Page/MULTIBUREAU_PAY_AMOUNT2' is present

2020-10-16 10:24:10 - [MESSAGE][PASSED] - Text '45.00' is set on object 'Object Repository/CERTPAY_QUICKSTI/Payment_Information_Page/MULTIBUREAU_PAY_AMOUNT2'

2020-10-16 10:24:10 - [MESSAGE][PASSED] - Quicksti.ts:Entered'45.00 into Payment Amount

2020-10-16 10:24:10 - [TEST_STEP][PASSED] - pages.Quicksti.setAmountDetailsForMultiBureau(s, "Vehicles", "2", referenceList.get(i), quantityList.get(i)): Quicksti.ts:Entered'1 into Quntity

2020-10-16 10:24:11 - [MESSAGE][PASSED] - Object '' is visible

2020-10-16 10:24:11 - [MESSAGE][PASSED] - Object '' is present

2020-10-16 10:24:12 - [MESSAGE][PASSED] - Object: '' is clicked on

2020-10-16 10:24:13 - [MESSAGE][PASSED] - All options with label 'Vehicles' are selected in object ''  using regular expression

2020-10-16 10:24:13 - [MESSAGE][PASSED] - selected dropdown option by visible text  Vehiclesfrom Payment Type

2020-10-16 10:24:14 - [MESSAGE][PASSED] - Object '' is present

2020-10-16 10:24:14 - [MESSAGE][PASSED] - Object '' is visible

2020-10-16 10:24:15 - [MESSAGE][PASSED] - Object '' is present

2020-10-16 10:24:16 - [MESSAGE][PASSED] - Text '11' is set on object ''

2020-10-16 10:24:16 - [MESSAGE][PASSED] - Quicksti.ts:Entered'11 into RefrenceNumber

2020-10-16 10:24:16 - [MESSAGE][PASSED] - Object '' is present

2020-10-16 10:24:16 - [MESSAGE][PASSED] - Object '' is visible

2020-10-16 10:24:17 - [MESSAGE][PASSED] - Object '' is present

2020-10-16 10:24:18 - [MESSAGE][PASSED] - Text '1' is set on object ''

2020-10-16 10:24:18 - [MESSAGE][PASSED] - Quicksti.ts:Entered'1 into Quntity

2020-10-16 10:24:18 - [TEST_STEP][PASSED] - pages.Quicksti.setCommnets("2", s, commentsList.get(i)): Quicksti.ts:Entered'Testing into Comments

2020-10-16 10:24:18 - [MESSAGE][PASSED] - Object '' is present

2020-10-16 10:24:19 - [MESSAGE][PASSED] - Object '' is visible

2020-10-16 10:24:19 - [MESSAGE][PASSED] - Object '' is present

2020-10-16 10:24:20 - [MESSAGE][PASSED] - Text 'Testing' is set on object ''

2020-10-16 10:24:20 - [MESSAGE][PASSED] - Quicksti.ts:Entered'Testing into Comments

2020-10-16 10:24:20 - [TEST_STEP][PASSED] - s = Integer.toString(i): null

2020-10-16 10:24:20 - [TEST_STEP][PASSED] - utilities.SafeActions.safeType(findTestObject("CERTPAY_QUICKSTI/Payment_Information_Page/MULTIBUREAU_PAY_AMOUNT2"), amountList.get(i), "Payment Amount", [pageLoadTime]): Quicksti.ts:Entered'35.00 into Payment Amount

2020-10-16 10:24:21 - [MESSAGE][PASSED] - Object 'Object Repository/CERTPAY_QUICKSTI/Payment_Information_Page/MULTIBUREAU_PAY_AMOUNT2' is present

2020-10-16 10:24:21 - [MESSAGE][PASSED] - Object 'Object Repository/CERTPAY_QUICKSTI/Payment_Information_Page/MULTIBUREAU_PAY_AMOUNT2' is visible

2020-10-16 10:24:22 - [MESSAGE][PASSED] - Object 'Object Repository/CERTPAY_QUICKSTI/Payment_Information_Page/MULTIBUREAU_PAY_AMOUNT2' is present

2020-10-16 10:24:23 - [MESSAGE][PASSED] - Text '35.00' is set on object 'Object Repository/CERTPAY_QUICKSTI/Payment_Information_Page/MULTIBUREAU_PAY_AMOUNT2'

2020-10-16 10:24:23 - [MESSAGE][PASSED] - Quicksti.ts:Entered'35.00 into Payment Amount

2020-10-16 10:24:23 - [TEST_STEP][PASSED] - pages.Quicksti.setAmountDetailsForMultiBureau(s, "Vehicles", "2", referenceList.get(i), quantityList.get(i)): Quicksti.ts:Entered'2 into Quntity

2020-10-16 10:24:23 - [MESSAGE][PASSED] - Object '' is visible

2020-10-16 10:24:24 - [MESSAGE][PASSED] - Object '' is present

2020-10-16 10:24:25 - [MESSAGE][PASSED] - Object: '' is clicked on

2020-10-16 10:24:26 - [MESSAGE][PASSED] - All options with label 'Vehicles' are selected in object ''  using regular expression

2020-10-16 10:24:26 - [MESSAGE][PASSED] - selected dropdown option by visible text  Vehiclesfrom Payment Type

2020-10-16 10:24:27 - [MESSAGE][PASSED] - Object '' is present

2020-10-16 10:24:27 - [MESSAGE][PASSED] - Object '' is visible

2020-10-16 10:24:27 - [MESSAGE][PASSED] - Object '' is present

2020-10-16 10:24:29 - [MESSAGE][PASSED] - Text '12' is set on object ''

2020-10-16 10:24:29 - [MESSAGE][PASSED] - Quicksti.ts:Entered'12 into RefrenceNumber

2020-10-16 10:24:29 - [MESSAGE][PASSED] - Object '' is present

2020-10-16 10:24:29 - [MESSAGE][PASSED] - Object '' is visible

2020-10-16 10:24:30 - [MESSAGE][PASSED] - Object '' is present

2020-10-16 10:24:31 - [MESSAGE][PASSED] - Text '2' is set on object ''

2020-10-16 10:24:31 - [MESSAGE][PASSED] - Quicksti.ts:Entered'2 into Quntity

2020-10-16 10:24:31 - [TEST_STEP][PASSED] - pages.Quicksti.setCommnets("2", s, commentsList.get(i)): Quicksti.ts:Entered'Tester into Comments

2020-10-16 10:24:31 - [MESSAGE][PASSED] - Object '' is present

2020-10-16 10:24:32 - [MESSAGE][PASSED] - Object '' is visible

2020-10-16 10:24:32 - [MESSAGE][PASSED] - Object '' is present

2020-10-16 10:24:33 - [MESSAGE][PASSED] - Text 'Tester' is set on object ''

2020-10-16 10:24:33 - [MESSAGE][PASSED] - Quicksti.ts:Entered'Tester into Comments

2020-10-16 10:24:33 - [TEST_STEP][PASSED] - s = Integer.toString(i): null

2020-10-16 10:24:33 - [TEST_STEP][PASSED] - utilities.SafeActions.safeType(findTestObject("CERTPAY_QUICKSTI/Payment_Information_Page/MULTIBUREAU_PAY_AMOUNT2"), amountList.get(i), "Payment Amount", [pageLoadTime]): Quicksti.ts:Entered'20.00 into Payment Amount

2020-10-16 10:24:34 - [MESSAGE][PASSED] - Object 'Object Repository/CERTPAY_QUICKSTI/Payment_Information_Page/MULTIBUREAU_PAY_AMOUNT2' is present

2020-10-16 10:24:34 - [MESSAGE][PASSED] - Object 'Object Repository/CERTPAY_QUICKSTI/Payment_Information_Page/MULTIBUREAU_PAY_AMOUNT2' is visible

2020-10-16 10:24:34 - [MESSAGE][PASSED] - Object 'Object Repository/CERTPAY_QUICKSTI/Payment_Information_Page/MULTIBUREAU_PAY_AMOUNT2' is present

2020-10-16 10:24:36 - [MESSAGE][PASSED] - Text '20.00' is set on object 'Object Repository/CERTPAY_QUICKSTI/Payment_Information_Page/MULTIBUREAU_PAY_AMOUNT2'

2020-10-16 10:24:36 - [MESSAGE][PASSED] - Quicksti.ts:Entered'20.00 into Payment Amount

2020-10-16 10:24:36 - [TEST_STEP][PASSED] - pages.Quicksti.setAmountDetailsForMultiBureau(s, "Vehicles", "2", referenceList.get(i), quantityList.get(i)): Quicksti.ts:Entered'2 into Quntity

2020-10-16 10:24:36 - [MESSAGE][PASSED] - Object '' is visible

2020-10-16 10:24:37 - [MESSAGE][PASSED] - Object '' is present

2020-10-16 10:24:38 - [MESSAGE][PASSED] - Object: '' is clicked on

2020-10-16 10:24:39 - [MESSAGE][PASSED] - All options with label 'Vehicles' are selected in object ''  using regular expression

2020-10-16 10:24:39 - [MESSAGE][PASSED] - selected dropdown option by visible text  Vehiclesfrom Payment Type

2020-10-16 10:24:40 - [MESSAGE][PASSED] - Object '' is present

2020-10-16 10:24:40 - [MESSAGE][PASSED] - Object '' is visible

2020-10-16 10:24:40 - [MESSAGE][PASSED] - Object '' is present

2020-10-16 10:24:42 - [MESSAGE][PASSED] - Text '13' is set on object ''

2020-10-16 10:24:42 - [MESSAGE][PASSED] - Quicksti.ts:Entered'13 into RefrenceNumber

2020-10-16 10:24:42 - [MESSAGE][PASSED] - Object '' is present

2020-10-16 10:24:42 - [MESSAGE][PASSED] - Object '' is visible

2020-10-16 10:24:43 - [MESSAGE][PASSED] - Object '' is present

2020-10-16 10:24:44 - [MESSAGE][PASSED] - Text '2' is set on object ''

2020-10-16 10:24:44 - [MESSAGE][PASSED] - Quicksti.ts:Entered'2 into Quntity

2020-10-16 10:24:44 - [TEST_STEP][PASSED] - pages.Quicksti.setCommnets("2", s, commentsList.get(i)): Quicksti.ts:Entered'Testing into Comments

2020-10-16 10:24:44 - [MESSAGE][PASSED] - Object '' is present

2020-10-16 10:24:45 - [MESSAGE][PASSED] - Object '' is visible

2020-10-16 10:24:45 - [MESSAGE][PASSED] - Object '' is present

2020-10-16 10:24:46 - [MESSAGE][PASSED] - Text 'Testing' is set on object ''

2020-10-16 10:24:46 - [MESSAGE][PASSED] - Quicksti.ts:Entered'Testing into Comments

2020-10-16 10:24:46 - [TEST_STEP][PASSED] - utilities.SafeActions.safeClick(findTestObject("CERTPAY_QUICKSTI/Payment_Information_Page/MANUAL_ENTRY_BUTTON"), "ManualEntry", [pageLoadTime]): Quicksti.ts:Clicked on the ManualEntry

2020-10-16 10:24:46 - [MESSAGE][INFO] - safeClicking

2020-10-16 10:24:47 - [MESSAGE][PASSED] - Object 'Object Repository/CERTPAY_QUICKSTI/Payment_Information_Page/MANUAL_ENTRY_BUTTON' is present

2020-10-16 10:24:47 - [MESSAGE][PASSED] - Object 'Object Repository/CERTPAY_QUICKSTI/Payment_Information_Page/MANUAL_ENTRY_BUTTON' is clickable

2020-10-16 10:24:52 - [MESSAGE][PASSED] - Object: 'Object Repository/CERTPAY_QUICKSTI/Payment_Information_Page/MANUAL_ENTRY_BUTTON' is clicked on

2020-10-16 10:24:52 - [MESSAGE][PASSED] - Quicksti.ts:Clicked on the ManualEntry

2020-10-16 10:24:52 - [TEST_STEP][PASSED] - amount_Value = pages.Quicksti.getAttributeValue(findTestObject("CERTPAY_QUICKSTI/Payment_Information_Page/SUB_TOTAL")): pages.Quicksti.getAttributeValue is PASSED

2020-10-16 10:24:53 - [MESSAGE][PASSED] - Attribute 'value' of object 'Object Repository/CERTPAY_QUICKSTI/Payment_Information_Page/SUB_TOTAL' is: '45.00'

2020-10-16 10:24:53 - [MESSAGE][PASSED] - pages.Quicksti.getAttributeValue is PASSED

2020-10-16 10:24:53 - [TEST_STEP][PASSED] - CardNumber = pages.Quicksti.setUserPaymentDetails(firstName, lastName, cardNum): Quicksti.ts:Entered'4761739001010135 into CardNum

2020-10-16 10:24:53 - [MESSAGE][PASSED] - Object 'Object Repository/CERTPAY_QUICKSTI/Payment_Information_Page/FIRST_NAME' is present

2020-10-16 10:24:54 - [MESSAGE][PASSED] - Object 'Object Repository/CERTPAY_QUICKSTI/Payment_Information_Page/FIRST_NAME' is visible

2020-10-16 10:24:54 - [MESSAGE][PASSED] - Object 'Object Repository/CERTPAY_QUICKSTI/Payment_Information_Page/FIRST_NAME' is present

2020-10-16 10:24:55 - [MESSAGE][PASSED] - Text 'Tester' is set on object 'Object Repository/CERTPAY_QUICKSTI/Payment_Information_Page/FIRST_NAME'

2020-10-16 10:24:55 - [MESSAGE][PASSED] - Quicksti.ts:Entered'Tester into FirstName

2020-10-16 10:24:56 - [MESSAGE][PASSED] - Object 'Object Repository/CERTPAY_QUICKSTI/Payment_Information_Page/LAST_NAME' is present

2020-10-16 10:24:56 - [MESSAGE][PASSED] - Object 'Object Repository/CERTPAY_QUICKSTI/Payment_Information_Page/LAST_NAME' is visible

2020-10-16 10:24:56 - [MESSAGE][PASSED] - Object 'Object Repository/CERTPAY_QUICKSTI/Payment_Information_Page/LAST_NAME' is present

2020-10-16 10:24:58 - [MESSAGE][PASSED] - Text 'Zenq1' is set on object 'Object Repository/CERTPAY_QUICKSTI/Payment_Information_Page/LAST_NAME'

2020-10-16 10:24:58 - [MESSAGE][PASSED] - Quicksti.ts:Entered'Zenq1 into LAstName

2020-10-16 10:24:58 - [MESSAGE][PASSED] - Object 'Object Repository/CERTPAY_QUICKSTI/Payment_Information_Page/CARD_NUMBER' is present

2020-10-16 10:24:58 - [MESSAGE][PASSED] - Object 'Object Repository/CERTPAY_QUICKSTI/Payment_Information_Page/CARD_NUMBER' is visible

2020-10-16 10:24:59 - [MESSAGE][PASSED] - Object 'Object Repository/CERTPAY_QUICKSTI/Payment_Information_Page/CARD_NUMBER' is present

2020-10-16 10:25:00 - [MESSAGE][PASSED] - Text '4761739001010135' is set on object 'Object Repository/CERTPAY_QUICKSTI/Payment_Information_Page/CARD_NUMBER'

2020-10-16 10:25:00 - [MESSAGE][PASSED] - Quicksti.ts:Entered'4761739001010135 into CardNum

2020-10-16 10:25:00 - [TEST_STEP][PASSED] - pages.Quicksti.setExpDate(expMonth, expYear, securityCode): Quicksti.ts:Entered'207 into securityCode

2020-10-16 10:25:00 - [MESSAGE][PASSED] - Object 'Object Repository/CERTPAY_QUICKSTI/Payment_Information_Page/EXP_MONTH' is visible

2020-10-16 10:25:01 - [MESSAGE][PASSED] - Object 'Object Repository/CERTPAY_QUICKSTI/Payment_Information_Page/EXP_MONTH' is present

2020-10-16 10:25:02 - [MESSAGE][PASSED] - Object: 'Object Repository/CERTPAY_QUICKSTI/Payment_Information_Page/EXP_MONTH' is clicked on

2020-10-16 10:25:03 - [MESSAGE][PASSED] - All options with label '03' are selected in object 'Object Repository/CERTPAY_QUICKSTI/Payment_Information_Page/EXP_MONTH'  using regular expression

2020-10-16 10:25:03 - [MESSAGE][PASSED] - selected dropdown option by visible text  03from expMonth

2020-10-16 10:25:04 - [MESSAGE][PASSED] - Object 'Object Repository/CERTPAY_QUICKSTI/Payment_Information_Page/EXP_YEAR' is visible

2020-10-16 10:25:04 - [MESSAGE][PASSED] - Object 'Object Repository/CERTPAY_QUICKSTI/Payment_Information_Page/EXP_YEAR' is present

2020-10-16 10:25:05 - [MESSAGE][PASSED] - Object: 'Object Repository/CERTPAY_QUICKSTI/Payment_Information_Page/EXP_YEAR' is clicked on

2020-10-16 10:25:07 - [MESSAGE][PASSED] - All options with label '2022' are selected in object 'Object Repository/CERTPAY_QUICKSTI/Payment_Information_Page/EXP_YEAR'  using regular expression

2020-10-16 10:25:07 - [MESSAGE][PASSED] - selected dropdown option by visible text  2022from  expYear

2020-10-16 10:25:07 - [MESSAGE][PASSED] - Object 'Object Repository/CERTPAY_QUICKSTI/Payment_Information_Page/SECURITY_CODE' is present

2020-10-16 10:25:07 - [MESSAGE][PASSED] - Object 'Object Repository/CERTPAY_QUICKSTI/Payment_Information_Page/SECURITY_CODE' is visible

2020-10-16 10:25:08 - [MESSAGE][PASSED] - Object 'Object Repository/CERTPAY_QUICKSTI/Payment_Information_Page/SECURITY_CODE' is present

2020-10-16 10:25:09 - [MESSAGE][PASSED] - Text '207' is set on object 'Object Repository/CERTPAY_QUICKSTI/Payment_Information_Page/SECURITY_CODE'

2020-10-16 10:25:09 - [MESSAGE][PASSED] - Quicksti.ts:Entered'207 into securityCode

2020-10-16 10:25:09 - [TEST_STEP][PASSED] - utilities.SafeActions.safeType(findTestObject("CERTPAY_QUICKSTI/Payment_Information_Page/ADDRESS"), address, "Address", [pageLoadTime]): Quicksti.ts:Entered'14-2 into Address

2020-10-16 10:25:09 - [MESSAGE][PASSED] - Object 'Object Repository/CERTPAY_QUICKSTI/Payment_Information_Page/ADDRESS' is present

2020-10-16 10:25:10 - [MESSAGE][PASSED] - Object 'Object Repository/CERTPAY_QUICKSTI/Payment_Information_Page/ADDRESS' is visible

2020-10-16 10:25:10 - [MESSAGE][PASSED] - Object 'Object Repository/CERTPAY_QUICKSTI/Payment_Information_Page/ADDRESS' is present

2020-10-16 10:25:11 - [MESSAGE][PASSED] - Text '14-2' is set on object 'Object Repository/CERTPAY_QUICKSTI/Payment_Information_Page/ADDRESS'

2020-10-16 10:25:11 - [MESSAGE][PASSED] - Quicksti.ts:Entered'14-2 into Address

2020-10-16 10:25:11 - [TEST_STEP][PASSED] - utilities.SafeActions.safeType(findTestObject("CERTPAY_QUICKSTI/Payment_Information_Page/ZIP_CODE"), zipCode, "zipcode", [pageLoadTime]): Quicksti.ts:Entered'76102 into zipcode

2020-10-16 10:25:12 - [MESSAGE][PASSED] - Object 'Object Repository/CERTPAY_QUICKSTI/Payment_Information_Page/ZIP_CODE' is present

2020-10-16 10:25:12 - [MESSAGE][PASSED] - Object 'Object Repository/CERTPAY_QUICKSTI/Payment_Information_Page/ZIP_CODE' is visible

2020-10-16 10:25:12 - [MESSAGE][PASSED] - Object 'Object Repository/CERTPAY_QUICKSTI/Payment_Information_Page/ZIP_CODE' is present

2020-10-16 10:25:13 - [MESSAGE][PASSED] - Text '76102' is set on object 'Object Repository/CERTPAY_QUICKSTI/Payment_Information_Page/ZIP_CODE'

2020-10-16 10:25:13 - [MESSAGE][PASSED] - Quicksti.ts:Entered'76102 into zipcode

2020-10-16 10:25:13 - [TEST_STEP][PASSED] - utilities.SafeActions.safeType(findTestObject("CERTPAY_QUICKSTI/Payment_Information_Page/TELEPHONE"), telephone, "Telephone", [pageLoadTime]): Quicksti.ts:Entered'9988776655 into Telephone

2020-10-16 10:25:14 - [MESSAGE][PASSED] - Object 'Object Repository/CERTPAY_QUICKSTI/Payment_Information_Page/TELEPHONE' is present

2020-10-16 10:25:14 - [MESSAGE][PASSED] - Object 'Object Repository/CERTPAY_QUICKSTI/Payment_Information_Page/TELEPHONE' is visible

2020-10-16 10:25:14 - [MESSAGE][PASSED] - Object 'Object Repository/CERTPAY_QUICKSTI/Payment_Information_Page/TELEPHONE' is present

2020-10-16 10:25:16 - [MESSAGE][PASSED] - Text '9988776655' is set on object 'Object Repository/CERTPAY_QUICKSTI/Payment_Information_Page/TELEPHONE'

2020-10-16 10:25:16 - [MESSAGE][PASSED] - Quicksti.ts:Entered'9988776655 into Telephone

2020-10-16 10:25:16 - [TEST_STEP][PASSED] - utilities.SafeActions.safeType(findTestObject("CERTPAY_QUICKSTI/Payment_Information_Page/EMAIL_ADDRESS"), emailAddress, "EMAIL address", [pageLoadTime]): Quicksti.ts:Entered'testing@zenq.com into EMAIL address

2020-10-16 10:25:16 - [MESSAGE][PASSED] - Object 'Object Repository/CERTPAY_QUICKSTI/Payment_Information_Page/EMAIL_ADDRESS' is present

2020-10-16 10:25:16 - [MESSAGE][PASSED] - Object 'Object Repository/CERTPAY_QUICKSTI/Payment_Information_Page/EMAIL_ADDRESS' is visible

2020-10-16 10:25:17 - [MESSAGE][PASSED] - Object 'Object Repository/CERTPAY_QUICKSTI/Payment_Information_Page/EMAIL_ADDRESS' is present

2020-10-16 10:25:18 - [MESSAGE][PASSED] - Text 'testing@zenq.com' is set on object 'Object Repository/CERTPAY_QUICKSTI/Payment_Information_Page/EMAIL_ADDRESS'

2020-10-16 10:25:18 - [MESSAGE][PASSED] - Quicksti.ts:Entered'testing@zenq.com into EMAIL address

2020-10-16 10:25:18 - [TEST_STEP][PASSED] - utilities.SafeActions.safeClick(findTestObject("CERTPAY_QUICKSTI/Payment_Information_Page/NEXT_BUTTON"), "Next", [pageLoadTime]): Quicksti.ts:Clicked on the Next

2020-10-16 10:25:18 - [MESSAGE][INFO] - safeClicking

2020-10-16 10:25:18 - [MESSAGE][PASSED] - Object 'Object Repository/CERTPAY_QUICKSTI/Payment_Information_Page/NEXT_BUTTON' is present

2020-10-16 10:25:19 - [MESSAGE][PASSED] - Object 'Object Repository/CERTPAY_QUICKSTI/Payment_Information_Page/NEXT_BUTTON' is clickable

2020-10-16 10:25:23 - [MESSAGE][PASSED] - Object: 'Object Repository/CERTPAY_QUICKSTI/Payment_Information_Page/NEXT_BUTTON' is clicked on

2020-10-16 10:25:23 - [MESSAGE][PASSED] - Quicksti.ts:Clicked on the Next

2020-10-16 10:25:23 - [TEST_STEP][PASSED] - pages.Quicksti.verifyUserPaymentDetails(amountList.get(0), firstName, lastName, CardNumber): pages.Quicksti.verifyUserPaymentDetails is PASSED

2020-10-16 10:25:23 - [MESSAGE][PASSED] - Text of object 'Object Repository/CERTPAY_QUICKSTI/Payment_Details_Verification_Page/AMOUNT' is: '$45.00'

2020-10-16 10:25:23 - [MESSAGE][PASSED] - Actual text '45.00' and expected text '45.00' are matched  using regular expression

2020-10-16 10:25:24 - [MESSAGE][PASSED] - Text of object 'Object Repository/CERTPAY_QUICKSTI/Payment_Details_Verification_Page/NAME' is: 'Tester Zenq1'

2020-10-16 10:25:24 - [MESSAGE][PASSED] - Actual text 'Tester Zenq1' and expected text 'Tester Zenq1' are matched  using regular expression

2020-10-16 10:25:24 - [MESSAGE][PASSED] - Text of object 'Object Repository/CERTPAY_QUICKSTI/Payment_Details_Verification_Page/CARD_NUMBER' is: '...0135'

2020-10-16 10:25:24 - [MESSAGE][PASSED] - Actual text '0135' and expected text '0135' are matched  using regular expression

2020-10-16 10:25:24 - [MESSAGE][PASSED] - pages.Quicksti.verifyUserPaymentDetails is PASSED

2020-10-16 10:25:24 - [TEST_STEP][PASSED] - ConvFee = getText(findTestObject("CERTPAY_QUICKSTI/Payment_Information_Page/CONV_FEE")): Text of object 'Object Repository/CERTPAY_QUICKSTI/Payment_Information_Page/CONV_FEE' is: '$0.45'

2020-10-16 10:25:24 - [MESSAGE][PASSED] - Text of object 'Object Repository/CERTPAY_QUICKSTI/Payment_Information_Page/CONV_FEE' is: '$0.45'

2020-10-16 10:25:24 - [TEST_STEP][PASSED] - scrollToElement(findTestObject("CERTPAY_QUICKSTI/Payment_Details_Verification_Page/PROCESS"), 30): Scroll to object 'Object Repository/CERTPAY_QUICKSTI/Payment_Details_Verification_Page/PROCESS' successfully

2020-10-16 10:25:25 - [MESSAGE][PASSED] - Scroll to object 'Object Repository/CERTPAY_QUICKSTI/Payment_Details_Verification_Page/PROCESS' successfully

2020-10-16 10:25:25 - [TEST_STEP][PASSED] - utilities.SafeActions.safeClick(findTestObject("CERTPAY_QUICKSTI/Payment_Details_Verification_Page/PROCESS"), "Process", [pageLoadTime]): Quicksti.ts:Clicked on the Process

2020-10-16 10:25:25 - [MESSAGE][INFO] - safeClicking

2020-10-16 10:25:25 - [MESSAGE][PASSED] - Object 'Object Repository/CERTPAY_QUICKSTI/Payment_Details_Verification_Page/PROCESS' is present

2020-10-16 10:25:25 - [MESSAGE][PASSED] - Object 'Object Repository/CERTPAY_QUICKSTI/Payment_Details_Verification_Page/PROCESS' is clickable

2020-10-16 10:25:30 - [MESSAGE][PASSED] - Object: 'Object Repository/CERTPAY_QUICKSTI/Payment_Details_Verification_Page/PROCESS' is clicked on

2020-10-16 10:25:30 - [MESSAGE][PASSED] - Quicksti.ts:Clicked on the Process

2020-10-16 10:25:30 - [TEST_STEP][PASSED] - paymentId = pages.Quicksti.verifyPaymentApproval(findTestObject("CERTPAY_QUICKSTI/Payment_Details_Verification_Page/APPROVED")): Payment is approved

2020-10-16 10:25:31 - [MESSAGE][PASSED] - Text of object 'Object Repository/CERTPAY_QUICKSTI/Payment_Details_Verification_Page/PAYMENT_ID' is: '100176129894'

2020-10-16 10:25:31 - [MESSAGE][PASSED] - Object 'Object Repository/CERTPAY_QUICKSTI/Payment_Details_Verification_Page/APPROVED' is present

2020-10-16 10:25:31 - [MESSAGE][PASSED] - Payment is approved

2020-10-16 10:25:33 - [TEST_STEP][PASSED] - navigateToUrl(Admin_url): Navigate to 'https://qa-certpayadmin.faps.net' successfully

2020-10-16 10:25:42 - [MESSAGE][PASSED] - Navigate to 'https://qa-certpayadmin.faps.net' successfully

2020-10-16 10:25:42 - [TEST_STEP][PASSED] - pages.Bureau_Login_Page.loginToAdminSite(AdminUsername, AdminPassword): Quicksti.ts:Clicked on the LOGIN

2020-10-16 10:25:42 - [MESSAGE][PASSED] - Object 'Object Repository/CERTPAY_ADMIN/USER_NAME' is present

2020-10-16 10:25:42 - [MESSAGE][PASSED] - Object 'Object Repository/CERTPAY_ADMIN/USER_NAME' is visible

2020-10-16 10:25:43 - [MESSAGE][PASSED] - Object 'Object Repository/CERTPAY_ADMIN/USER_NAME' is present

2020-10-16 10:25:44 - [MESSAGE][PASSED] - Text 'VVangiliappan' is set on object 'Object Repository/CERTPAY_ADMIN/USER_NAME'

2020-10-16 10:25:44 - [MESSAGE][PASSED] - Quicksti.ts:Entered'VVangiliappan into username

2020-10-16 10:25:44 - [MESSAGE][PASSED] - Object 'Object Repository/CERTPAY_ADMIN/PASSWORD' is present

2020-10-16 10:25:44 - [MESSAGE][PASSED] - Object 'Object Repository/CERTPAY_ADMIN/PASSWORD' is visible

2020-10-16 10:25:45 - [MESSAGE][PASSED] - Object 'Object Repository/CERTPAY_ADMIN/PASSWORD' is present

2020-10-16 10:25:46 - [MESSAGE][PASSED] - Text 'Test@123' is set on object 'Object Repository/CERTPAY_ADMIN/PASSWORD'

2020-10-16 10:25:46 - [MESSAGE][PASSED] - Quicksti.ts:Entered'Test@123 into password

2020-10-16 10:25:46 - [MESSAGE][INFO] - safeClicking

2020-10-16 10:25:46 - [MESSAGE][PASSED] - Object 'Object Repository/CERTPAY_ADMIN/LOGIN_BUTTON' is present

2020-10-16 10:25:47 - [MESSAGE][PASSED] - Object 'Object Repository/CERTPAY_ADMIN/LOGIN_BUTTON' is clickable

2020-10-16 10:26:04 - [MESSAGE][PASSED] - Object: 'Object Repository/CERTPAY_ADMIN/LOGIN_BUTTON' is clicked on

2020-10-16 10:26:04 - [MESSAGE][PASSED] - Quicksti.ts:Clicked on the LOGIN

2020-10-16 10:26:04 - [TEST_STEP][PASSED] - utilities.SafeActions.safeClick(findTestObject("CERTPAY_ADMIN/TRANSACTION_MENU"), "TransactionMenu", [pageLoadTime]): Quicksti.ts:Clicked on the TransactionMenu

2020-10-16 10:26:04 - [MESSAGE][INFO] - safeClicking

2020-10-16 10:26:05 - [MESSAGE][PASSED] - Object 'Object Repository/CERTPAY_ADMIN/TRANSACTION_MENU' is present

2020-10-16 10:26:05 - [MESSAGE][PASSED] - Object 'Object Repository/CERTPAY_ADMIN/TRANSACTION_MENU' is clickable

2020-10-16 10:26:06 - [MESSAGE][PASSED] - Object: 'Object Repository/CERTPAY_ADMIN/TRANSACTION_MENU' is clicked on

2020-10-16 10:26:06 - [MESSAGE][PASSED] - Quicksti.ts:Clicked on the TransactionMenu

2020-10-16 10:26:06 - [TEST_STEP][PASSED] - utilities.SafeActions.safeClick(findTestObject("CERTPAY_ADMIN/TRANSACTION_SEARCH"), "TransactionSearch", [pageLoadTime]): Quicksti.ts:Clicked on the TransactionSearch

2020-10-16 10:26:06 - [MESSAGE][INFO] - safeClicking

2020-10-16 10:26:07 - [MESSAGE][PASSED] - Object 'Object Repository/CERTPAY_ADMIN/TRANSACTION_SEARCH' is present

2020-10-16 10:26:07 - [MESSAGE][PASSED] - Object 'Object Repository/CERTPAY_ADMIN/TRANSACTION_SEARCH' is clickable

2020-10-16 10:26:21 - [MESSAGE][PASSED] - Object: 'Object Repository/CERTPAY_ADMIN/TRANSACTION_SEARCH' is clicked on

2020-10-16 10:26:21 - [MESSAGE][PASSED] - Quicksti.ts:Clicked on the TransactionSearch

2020-10-16 10:26:21 - [TEST_STEP][PASSED] - utilities.SafeActions.safeType(findTestObject("CERTPAY_ADMIN/PAYMENT_ID"), paymentId, "Payment id", [pageLoadTime]): Quicksti.ts:Entered'100176129894 into Payment id

2020-10-16 10:26:21 - [MESSAGE][PASSED] - Object 'Object Repository/CERTPAY_ADMIN/PAYMENT_ID' is present

2020-10-16 10:26:22 - [MESSAGE][PASSED] - Object 'Object Repository/CERTPAY_ADMIN/PAYMENT_ID' is visible

2020-10-16 10:26:22 - [MESSAGE][PASSED] - Object 'Object Repository/CERTPAY_ADMIN/PAYMENT_ID' is present

2020-10-16 10:26:23 - [MESSAGE][PASSED] - Text '100176129894' is set on object 'Object Repository/CERTPAY_ADMIN/PAYMENT_ID'

2020-10-16 10:26:23 - [MESSAGE][PASSED] - Quicksti.ts:Entered'100176129894 into Payment id

2020-10-16 10:26:23 - [TEST_STEP][PASSED] - utilities.SafeActions.safeClick(findTestObject("CERTPAY_ADMIN/GO_BUTTON"), "Go button", [pageLoadTime]): Quicksti.ts:Clicked on the Go button

2020-10-16 10:26:23 - [MESSAGE][INFO] - safeClicking

2020-10-16 10:26:23 - [MESSAGE][PASSED] - Object 'Object Repository/CERTPAY_ADMIN/GO_BUTTON' is present

2020-10-16 10:26:24 - [MESSAGE][PASSED] - Object 'Object Repository/CERTPAY_ADMIN/GO_BUTTON' is clickable

2020-10-16 10:26:30 - [MESSAGE][PASSED] - Object: 'Object Repository/CERTPAY_ADMIN/GO_BUTTON' is clicked on

2020-10-16 10:26:30 - [MESSAGE][PASSED] - Quicksti.ts:Clicked on the Go button

2020-10-16 10:26:30 - [TEST_STEP][PASSED] - delay(5): Delayed 5 second(s)

2020-10-16 10:26:35 - [MESSAGE][PASSED] - Delayed 5 second(s)

2020-10-16 10:26:35 - [TEST_STEP][PASSED] - scrollToPosition(800, 900): Browser is scrolled to position x = 800, y = 900

2020-10-16 10:26:35 - [MESSAGE][PASSED] - Browser is scrolled to position x = 800, y = 900

2020-10-16 10:26:35 - [TEST_STEP][PASSED] - pages.Search_Page.validatePaymentAmount(amountList.get(0), ConvFee): Verified payment details successfully 

2020-10-16 10:26:35 - [MESSAGE][PASSED] - Text of object 'Object Repository/CERTPAY_ADMIN/PAYMENT_AMOUNT' is: '$45.00'

2020-10-16 10:26:35 - [MESSAGE][PASSED] - Actual text '45.00' and expected text '45.00' are matched  using regular expression

2020-10-16 10:26:36 - [MESSAGE][PASSED] - Text of object 'Object Repository/CERTPAY_ADMIN/CONV_FEE' is: '$0.45'

2020-10-16 10:26:36 - [MESSAGE][PASSED] - Actual text '0.45' and expected text '0.45' are matched  using regular expression

2020-10-16 10:26:36 - [MESSAGE][PASSED] - Verified payment details successfully 

2020-10-16 10:26:36 - [TEST_STEP][PASSED] - paymentIdList.add(paymentId): null

2020-10-16 10:26:36 - [TEST_STEP][PASSED] - println(paymentIdList): null

2020-10-16 10:26:36 - [TEST_STEP][PASSED] - firstName = data.getValue("FirstName", index): null

2020-10-16 10:26:36 - [TEST_STEP][PASSED] - lastName = data.getValue("LastName", index): null

2020-10-16 10:26:36 - [TEST_STEP][PASSED] - cardNum = data.getValue("CardNumber", index): null

2020-10-16 10:26:36 - [TEST_STEP][PASSED] - expMonth = data.getValue("ExpMonth", index): null

2020-10-16 10:26:36 - [TEST_STEP][PASSED] - expYear = data.getValue("ExpYear", index): null

2020-10-16 10:26:36 - [TEST_STEP][PASSED] - securityCode = data.getValue("SecurityCode", index): null

2020-10-16 10:26:36 - [TEST_STEP][PASSED] - paymentAmount = data.getValue("PaymentAmount", index): null

2020-10-16 10:26:36 - [TEST_STEP][PASSED] - paymentType = data.getValue("PaymentType", index): null

2020-10-16 10:26:36 - [TEST_STEP][PASSED] - quantity = data.getValue("Quantity", index): null

2020-10-16 10:26:36 - [TEST_STEP][PASSED] - comments = data.getValue("Comments", index): null

2020-10-16 10:26:36 - [TEST_STEP][PASSED] - referenceNum = data.getValue("ReferenceNum", index): null

2020-10-16 10:26:36 - [TEST_STEP][PASSED] - address = data.getValue("Address", index): null

2020-10-16 10:26:36 - [TEST_STEP][PASSED] - zipCode = data.getValue("Zipcode", index): null

2020-10-16 10:26:36 - [TEST_STEP][PASSED] - telephone = data.getValue("Telephone", index): null

2020-10-16 10:26:36 - [TEST_STEP][PASSED] - emailAddress = data.getValue("EmailAddress", index): null

2020-10-16 10:26:36 - [TEST_STEP][PASSED] - cardType = data.getValue("CardType", index): null

2020-10-16 10:26:36 - [TEST_STEP][PASSED] - amountList = paymentAmount.split(","): null

2020-10-16 10:26:36 - [TEST_STEP][PASSED] - referenceList = referenceNum.split(","): null

2020-10-16 10:26:36 - [TEST_STEP][PASSED] - paymentTypeList = paymentType.split(","): null

2020-10-16 10:26:36 - [TEST_STEP][PASSED] - commentsList = comments.split(","): null

2020-10-16 10:26:36 - [TEST_STEP][PASSED] - quantityList = quantity.split(","): null

2020-10-16 10:26:36 - [TEST_STEP][PASSED] - utilities.SafeActions.openBrowser(Quicksti_Url, [pageLoadTime]): Browser launched successfully

2020-10-16 10:26:36 - [MESSAGE][INFO] - Opening Browser

2020-10-16 10:26:36 - [MESSAGE][WARNING] - A browser is already opened. Closing browser and opening a new one

2020-10-16 10:26:37 - [MESSAGE][INFO] - Starting 'Chrome' driver

2020-10-16 10:26:52 - [MESSAGE][PASSED] - Browser is opened with url: 'https://qa-certpayquicksti.faps.net/'

2020-10-16 10:26:54 - [MESSAGE][PASSED] - Current window maximized

2020-10-16 10:26:54 - [MESSAGE][PASSED] - Browser launched successfully

2020-10-16 10:26:54 - [TEST_STEP][PASSED] - utilities.SafeActions.safeCheck(findTestObject("CERTPAY_QUICKSTI/Login_ Page/MULTI_BUREAU_CHECKBOX"), "Multi Bureau", [pageLoadTime]): Quicksti.ts:Checkbox 'Multi Bureau'is selected

2020-10-16 10:26:54 - [MESSAGE][PASSED] - Object 'Object Repository/CERTPAY_QUICKSTI/Login_ Page/MULTI_BUREAU_CHECKBOX' is present

2020-10-16 10:26:55 - [MESSAGE][PASSED] - Object 'Object Repository/CERTPAY_QUICKSTI/Login_ Page/MULTI_BUREAU_CHECKBOX' is present

2020-10-16 10:26:56 - [MESSAGE][PASSED] - Object: 'Object Repository/CERTPAY_QUICKSTI/Login_ Page/MULTI_BUREAU_CHECKBOX' is clicked on

2020-10-16 10:26:56 - [MESSAGE][PASSED] - Quicksti.ts:Checkbox 'Multi Bureau'is selected

2020-10-16 10:26:56 - [TEST_STEP][PASSED] - utilities.SafeActions.safeType(findTestObject("CERTPAY_QUICKSTI/Login_ Page/TELLER_ID"), teller_id, "Bureau code", [pageLoadTime]): Quicksti.ts:Entered'zenq into Bureau code

2020-10-16 10:27:02 - [MESSAGE][PASSED] - Object 'Object Repository/CERTPAY_QUICKSTI/Login_ Page/TELLER_ID' is present

2020-10-16 10:27:02 - [MESSAGE][PASSED] - Object 'Object Repository/CERTPAY_QUICKSTI/Login_ Page/TELLER_ID' is visible

2020-10-16 10:27:02 - [MESSAGE][PASSED] - Object 'Object Repository/CERTPAY_QUICKSTI/Login_ Page/TELLER_ID' is present

2020-10-16 10:27:04 - [MESSAGE][PASSED] - Text 'zenq' is set on object 'Object Repository/CERTPAY_QUICKSTI/Login_ Page/TELLER_ID'

2020-10-16 10:27:04 - [MESSAGE][PASSED] - Quicksti.ts:Entered'zenq into Bureau code

2020-10-16 10:27:04 - [TEST_STEP][PASSED] - utilities.SafeActions.safeClick(findTestObject("CERTPAY_QUICKSTI/Login_ Page/NEXT_BUTTON"), "Next button", [pageLoadTime]): Quicksti.ts:Clicked on the Next button

2020-10-16 10:27:04 - [MESSAGE][INFO] - safeClicking

2020-10-16 10:27:04 - [MESSAGE][PASSED] - Object 'Object Repository/CERTPAY_QUICKSTI/Login_ Page/NEXT_BUTTON' is present

2020-10-16 10:27:04 - [MESSAGE][PASSED] - Object 'Object Repository/CERTPAY_QUICKSTI/Login_ Page/NEXT_BUTTON' is clickable

2020-10-16 10:27:09 - [MESSAGE][PASSED] - Object: 'Object Repository/CERTPAY_QUICKSTI/Login_ Page/NEXT_BUTTON' is clicked on

2020-10-16 10:27:09 - [MESSAGE][PASSED] - Quicksti.ts:Clicked on the Next button

2020-10-16 10:27:09 - [TEST_STEP][PASSED] - for ([i = 0, i <= amountList.size() - 1, (i++)]): Quicksti.ts:Entered'2 into Quntity

2020-10-16 10:27:09 - [TEST_STEP][PASSED] - s = Integer.toString(i): null

2020-10-16 10:27:09 - [TEST_STEP][PASSED] - pages.Quicksti.setCommnets("0", s, commentsList.get(i)): Quicksti.ts:Entered'Testing into Comments

2020-10-16 10:27:09 - [MESSAGE][PASSED] - Object '' is present

2020-10-16 10:27:09 - [MESSAGE][PASSED] - Object '' is visible

2020-10-16 10:27:10 - [MESSAGE][PASSED] - Object '' is present

2020-10-16 10:27:11 - [MESSAGE][PASSED] - Text 'Testing' is set on object ''

2020-10-16 10:27:11 - [MESSAGE][PASSED] - Quicksti.ts:Entered'Testing into Comments

2020-10-16 10:27:11 - [TEST_STEP][PASSED] - utilities.SafeActions.safeType(findTestObject("CERTPAY_QUICKSTI/Payment_Information_Page/PAYMENT_AMOUNT"), amountList.get(i), "Payment Amount", [pageLoadTime]): Quicksti.ts:Entered'45.00 into Payment Amount

2020-10-16 10:27:12 - [MESSAGE][PASSED] - Object 'Object Repository/CERTPAY_QUICKSTI/Payment_Information_Page/PAYMENT_AMOUNT' is present

2020-10-16 10:27:12 - [MESSAGE][PASSED] - Object 'Object Repository/CERTPAY_QUICKSTI/Payment_Information_Page/PAYMENT_AMOUNT' is visible

2020-10-16 10:27:12 - [MESSAGE][PASSED] - Object 'Object Repository/CERTPAY_QUICKSTI/Payment_Information_Page/PAYMENT_AMOUNT' is present

2020-10-16 10:27:14 - [MESSAGE][PASSED] - Text '45.00' is set on object 'Object Repository/CERTPAY_QUICKSTI/Payment_Information_Page/PAYMENT_AMOUNT'

2020-10-16 10:27:14 - [MESSAGE][PASSED] - Quicksti.ts:Entered'45.00 into Payment Amount

2020-10-16 10:27:14 - [TEST_STEP][PASSED] - pages.Quicksti.setAmountDetailsForMultiBureau(s, paymentTypeList.get(i), "0", referenceList.get(i), quantityList.get(i)): Quicksti.ts:Entered'1 into Quntity

2020-10-16 10:27:14 - [MESSAGE][PASSED] - Object '' is visible

2020-10-16 10:27:14 - [MESSAGE][PASSED] - Object '' is present

2020-10-16 10:27:16 - [MESSAGE][PASSED] - Object: '' is clicked on

2020-10-16 10:27:17 - [MESSAGE][PASSED] - All options with label 'Licenses' are selected in object ''  using regular expression

2020-10-16 10:27:17 - [MESSAGE][PASSED] - selected dropdown option by visible text  Licensesfrom Payment Type

2020-10-16 10:27:17 - [MESSAGE][PASSED] - Object '' is present

2020-10-16 10:27:18 - [MESSAGE][PASSED] - Object '' is visible

2020-10-16 10:27:18 - [MESSAGE][PASSED] - Object '' is present

2020-10-16 10:27:19 - [MESSAGE][PASSED] - Text '11' is set on object ''

2020-10-16 10:27:19 - [MESSAGE][PASSED] - Quicksti.ts:Entered'11 into RefrenceNumber

2020-10-16 10:27:20 - [MESSAGE][PASSED] - Object '' is present

2020-10-16 10:27:20 - [MESSAGE][PASSED] - Object '' is visible

2020-10-16 10:27:20 - [MESSAGE][PASSED] - Object '' is present

2020-10-16 10:27:21 - [MESSAGE][PASSED] - Text '1' is set on object ''

2020-10-16 10:27:21 - [MESSAGE][PASSED] - Quicksti.ts:Entered'1 into Quntity

2020-10-16 10:27:21 - [TEST_STEP][PASSED] - s = Integer.toString(i): null

2020-10-16 10:27:21 - [TEST_STEP][PASSED] - pages.Quicksti.setCommnets("0", s, commentsList.get(i)): Quicksti.ts:Entered'Tester into Comments

2020-10-16 10:27:22 - [MESSAGE][PASSED] - Object '' is present

2020-10-16 10:27:22 - [MESSAGE][PASSED] - Object '' is visible

2020-10-16 10:27:22 - [MESSAGE][PASSED] - Object '' is present

2020-10-16 10:27:24 - [MESSAGE][PASSED] - Text 'Tester' is set on object ''

2020-10-16 10:27:24 - [MESSAGE][PASSED] - Quicksti.ts:Entered'Tester into Comments

2020-10-16 10:27:24 - [TEST_STEP][PASSED] - utilities.SafeActions.safeType(findTestObject("CERTPAY_QUICKSTI/Payment_Information_Page/PAYMENT_AMOUNT"), amountList.get(i), "Payment Amount", [pageLoadTime]): Quicksti.ts:Entered'35.00 into Payment Amount

2020-10-16 10:27:24 - [MESSAGE][PASSED] - Object 'Object Repository/CERTPAY_QUICKSTI/Payment_Information_Page/PAYMENT_AMOUNT' is present

2020-10-16 10:27:24 - [MESSAGE][PASSED] - Object 'Object Repository/CERTPAY_QUICKSTI/Payment_Information_Page/PAYMENT_AMOUNT' is visible

2020-10-16 10:27:25 - [MESSAGE][PASSED] - Object 'Object Repository/CERTPAY_QUICKSTI/Payment_Information_Page/PAYMENT_AMOUNT' is present

2020-10-16 10:27:26 - [MESSAGE][PASSED] - Text '35.00' is set on object 'Object Repository/CERTPAY_QUICKSTI/Payment_Information_Page/PAYMENT_AMOUNT'

2020-10-16 10:27:26 - [MESSAGE][PASSED] - Quicksti.ts:Entered'35.00 into Payment Amount

2020-10-16 10:27:26 - [TEST_STEP][PASSED] - pages.Quicksti.setAmountDetailsForMultiBureau(s, paymentTypeList.get(i), "0", referenceList.get(i), quantityList.get(i)): Quicksti.ts:Entered'2 into Quntity

2020-10-16 10:27:27 - [MESSAGE][PASSED] - Object '' is visible

2020-10-16 10:27:27 - [MESSAGE][PASSED] - Object '' is present

2020-10-16 10:27:28 - [MESSAGE][PASSED] - Object: '' is clicked on

2020-10-16 10:27:30 - [MESSAGE][PASSED] - All options with label 'Taxes' are selected in object ''  using regular expression

2020-10-16 10:27:30 - [MESSAGE][PASSED] - selected dropdown option by visible text  Taxesfrom Payment Type

2020-10-16 10:27:30 - [MESSAGE][PASSED] - Object '' is present

2020-10-16 10:27:30 - [MESSAGE][PASSED] - Object '' is visible

2020-10-16 10:27:31 - [MESSAGE][PASSED] - Object '' is present

2020-10-16 10:27:32 - [MESSAGE][PASSED] - Text '12' is set on object ''

2020-10-16 10:27:32 - [MESSAGE][PASSED] - Quicksti.ts:Entered'12 into RefrenceNumber

2020-10-16 10:27:32 - [MESSAGE][PASSED] - Object '' is present

2020-10-16 10:27:32 - [MESSAGE][PASSED] - Object '' is visible

2020-10-16 10:27:33 - [MESSAGE][PASSED] - Object '' is present

2020-10-16 10:27:34 - [MESSAGE][PASSED] - Text '2' is set on object ''

2020-10-16 10:27:34 - [MESSAGE][PASSED] - Quicksti.ts:Entered'2 into Quntity

2020-10-16 10:27:34 - [TEST_STEP][PASSED] - s = Integer.toString(i): null

2020-10-16 10:27:34 - [TEST_STEP][PASSED] - pages.Quicksti.setCommnets("0", s, commentsList.get(i)): Quicksti.ts:Entered'Testing into Comments

2020-10-16 10:27:34 - [MESSAGE][PASSED] - Object '' is present

2020-10-16 10:27:35 - [MESSAGE][PASSED] - Object '' is visible

2020-10-16 10:27:35 - [MESSAGE][PASSED] - Object '' is present

2020-10-16 10:27:36 - [MESSAGE][PASSED] - Text 'Testing' is set on object ''

2020-10-16 10:27:36 - [MESSAGE][PASSED] - Quicksti.ts:Entered'Testing into Comments

2020-10-16 10:27:36 - [TEST_STEP][PASSED] - utilities.SafeActions.safeType(findTestObject("CERTPAY_QUICKSTI/Payment_Information_Page/PAYMENT_AMOUNT"), amountList.get(i), "Payment Amount", [pageLoadTime]): Quicksti.ts:Entered'20.00 into Payment Amount

2020-10-16 10:27:37 - [MESSAGE][PASSED] - Object 'Object Repository/CERTPAY_QUICKSTI/Payment_Information_Page/PAYMENT_AMOUNT' is present

2020-10-16 10:27:37 - [MESSAGE][PASSED] - Object 'Object Repository/CERTPAY_QUICKSTI/Payment_Information_Page/PAYMENT_AMOUNT' is visible

2020-10-16 10:27:37 - [MESSAGE][PASSED] - Object 'Object Repository/CERTPAY_QUICKSTI/Payment_Information_Page/PAYMENT_AMOUNT' is present

2020-10-16 10:27:39 - [MESSAGE][PASSED] - Text '20.00' is set on object 'Object Repository/CERTPAY_QUICKSTI/Payment_Information_Page/PAYMENT_AMOUNT'

2020-10-16 10:27:39 - [MESSAGE][PASSED] - Quicksti.ts:Entered'20.00 into Payment Amount

2020-10-16 10:27:39 - [TEST_STEP][PASSED] - pages.Quicksti.setAmountDetailsForMultiBureau(s, paymentTypeList.get(i), "0", referenceList.get(i), quantityList.get(i)): Quicksti.ts:Entered'2 into Quntity

2020-10-16 10:27:39 - [MESSAGE][PASSED] - Object '' is visible

2020-10-16 10:27:40 - [MESSAGE][PASSED] - Object '' is present

2020-10-16 10:27:41 - [MESSAGE][PASSED] - Object: '' is clicked on

2020-10-16 10:27:42 - [MESSAGE][PASSED] - All options with label 'Court Fines' are selected in object ''  using regular expression

2020-10-16 10:27:42 - [MESSAGE][PASSED] - selected dropdown option by visible text  Court Finesfrom Payment Type

2020-10-16 10:27:43 - [MESSAGE][PASSED] - Object '' is present

2020-10-16 10:27:43 - [MESSAGE][PASSED] - Object '' is visible

2020-10-16 10:27:43 - [MESSAGE][PASSED] - Object '' is present

2020-10-16 10:27:45 - [MESSAGE][PASSED] - Text '13' is set on object ''

2020-10-16 10:27:45 - [MESSAGE][PASSED] - Quicksti.ts:Entered'13 into RefrenceNumber

2020-10-16 10:27:45 - [MESSAGE][PASSED] - Object '' is present

2020-10-16 10:27:45 - [MESSAGE][PASSED] - Object '' is visible

2020-10-16 10:27:46 - [MESSAGE][PASSED] - Object '' is present

2020-10-16 10:27:47 - [MESSAGE][PASSED] - Text '2' is set on object ''

2020-10-16 10:27:47 - [MESSAGE][PASSED] - Quicksti.ts:Entered'2 into Quntity

2020-10-16 10:27:47 - [TEST_STEP][PASSED] - for ([i = 0, i <= amountList.size() - 1, (i++)]): Quicksti.ts:Entered'2 into Quntity

2020-10-16 10:27:47 - [TEST_STEP][PASSED] - s = Integer.toString(i): null

2020-10-16 10:27:47 - [TEST_STEP][PASSED] - utilities.SafeActions.safeType(findTestObject("CERTPAY_QUICKSTI/Payment_Information_Page/MULTIBUREAU_PAYMENT_AMOUNT"), amountList.get(i), "Payment Amount", [pageLoadTime]): Quicksti.ts:Entered'45.00 into Payment Amount

2020-10-16 10:27:47 - [MESSAGE][PASSED] - Object 'Object Repository/CERTPAY_QUICKSTI/Payment_Information_Page/MULTIBUREAU_PAYMENT_AMOUNT' is present

2020-10-16 10:27:48 - [MESSAGE][PASSED] - Object 'Object Repository/CERTPAY_QUICKSTI/Payment_Information_Page/MULTIBUREAU_PAYMENT_AMOUNT' is visible

2020-10-16 10:27:48 - [MESSAGE][PASSED] - Object 'Object Repository/CERTPAY_QUICKSTI/Payment_Information_Page/MULTIBUREAU_PAYMENT_AMOUNT' is present

2020-10-16 10:27:49 - [MESSAGE][PASSED] - Text '45.00' is set on object 'Object Repository/CERTPAY_QUICKSTI/Payment_Information_Page/MULTIBUREAU_PAYMENT_AMOUNT'

2020-10-16 10:27:49 - [MESSAGE][PASSED] - Quicksti.ts:Entered'45.00 into Payment Amount

2020-10-16 10:27:49 - [TEST_STEP][PASSED] - pages.Quicksti.setAmountDetailsForMultiBureau(s, "Registration Fees", "1", referenceList.get(i), quantityList.get(i)): Quicksti.ts:Entered'1 into Quntity

2020-10-16 10:27:50 - [MESSAGE][PASSED] - Object '' is visible

2020-10-16 10:27:50 - [MESSAGE][PASSED] - Object '' is present

2020-10-16 10:27:51 - [MESSAGE][PASSED] - Object: '' is clicked on

2020-10-16 10:27:53 - [MESSAGE][PASSED] - All options with label 'Registration Fees' are selected in object ''  using regular expression

2020-10-16 10:27:53 - [MESSAGE][PASSED] - selected dropdown option by visible text  Registration Feesfrom Payment Type

2020-10-16 10:27:53 - [MESSAGE][PASSED] - Object '' is present

2020-10-16 10:27:53 - [MESSAGE][PASSED] - Object '' is visible

2020-10-16 10:27:53 - [MESSAGE][PASSED] - Object '' is present

2020-10-16 10:27:55 - [MESSAGE][PASSED] - Text '11' is set on object ''

2020-10-16 10:27:55 - [MESSAGE][PASSED] - Quicksti.ts:Entered'11 into RefrenceNumber

2020-10-16 10:27:55 - [MESSAGE][PASSED] - Object '' is present

2020-10-16 10:27:55 - [MESSAGE][PASSED] - Object '' is visible

2020-10-16 10:27:56 - [MESSAGE][PASSED] - Object '' is present

2020-10-16 10:27:57 - [MESSAGE][PASSED] - Text '1' is set on object ''

2020-10-16 10:27:57 - [MESSAGE][PASSED] - Quicksti.ts:Entered'1 into Quntity

2020-10-16 10:27:57 - [TEST_STEP][PASSED] - s = Integer.toString(i): null

2020-10-16 10:27:57 - [TEST_STEP][PASSED] - utilities.SafeActions.safeType(findTestObject("CERTPAY_QUICKSTI/Payment_Information_Page/MULTIBUREAU_PAYMENT_AMOUNT"), amountList.get(i), "Payment Amount", [pageLoadTime]): Quicksti.ts:Entered'35.00 into Payment Amount

2020-10-16 10:27:57 - [MESSAGE][PASSED] - Object 'Object Repository/CERTPAY_QUICKSTI/Payment_Information_Page/MULTIBUREAU_PAYMENT_AMOUNT' is present

2020-10-16 10:27:58 - [MESSAGE][PASSED] - Object 'Object Repository/CERTPAY_QUICKSTI/Payment_Information_Page/MULTIBUREAU_PAYMENT_AMOUNT' is visible

2020-10-16 10:27:58 - [MESSAGE][PASSED] - Object 'Object Repository/CERTPAY_QUICKSTI/Payment_Information_Page/MULTIBUREAU_PAYMENT_AMOUNT' is present

2020-10-16 10:27:59 - [MESSAGE][PASSED] - Text '35.00' is set on object 'Object Repository/CERTPAY_QUICKSTI/Payment_Information_Page/MULTIBUREAU_PAYMENT_AMOUNT'

2020-10-16 10:27:59 - [MESSAGE][PASSED] - Quicksti.ts:Entered'35.00 into Payment Amount

2020-10-16 10:27:59 - [TEST_STEP][PASSED] - pages.Quicksti.setAmountDetailsForMultiBureau(s, "Registration Fees", "1", referenceList.get(i), quantityList.get(i)): Quicksti.ts:Entered'2 into Quntity

2020-10-16 10:28:00 - [MESSAGE][PASSED] - Object '' is visible

2020-10-16 10:28:00 - [MESSAGE][PASSED] - Object '' is present

2020-10-16 10:28:02 - [MESSAGE][PASSED] - Object: '' is clicked on

2020-10-16 10:28:03 - [MESSAGE][PASSED] - All options with label 'Registration Fees' are selected in object ''  using regular expression

2020-10-16 10:28:03 - [MESSAGE][PASSED] - selected dropdown option by visible text  Registration Feesfrom Payment Type

2020-10-16 10:28:03 - [MESSAGE][PASSED] - Object '' is present

2020-10-16 10:28:03 - [MESSAGE][PASSED] - Object '' is visible

2020-10-16 10:28:04 - [MESSAGE][PASSED] - Object '' is present

2020-10-16 10:28:05 - [MESSAGE][PASSED] - Text '12' is set on object ''

2020-10-16 10:28:05 - [MESSAGE][PASSED] - Quicksti.ts:Entered'12 into RefrenceNumber

2020-10-16 10:28:05 - [MESSAGE][PASSED] - Object '' is present

2020-10-16 10:28:05 - [MESSAGE][PASSED] - Object '' is visible

2020-10-16 10:28:06 - [MESSAGE][PASSED] - Object '' is present

2020-10-16 10:28:07 - [MESSAGE][PASSED] - Text '2' is set on object ''

2020-10-16 10:28:07 - [MESSAGE][PASSED] - Quicksti.ts:Entered'2 into Quntity

2020-10-16 10:28:07 - [TEST_STEP][PASSED] - s = Integer.toString(i): null

2020-10-16 10:28:07 - [TEST_STEP][PASSED] - utilities.SafeActions.safeType(findTestObject("CERTPAY_QUICKSTI/Payment_Information_Page/MULTIBUREAU_PAYMENT_AMOUNT"), amountList.get(i), "Payment Amount", [pageLoadTime]): Quicksti.ts:Entered'20.00 into Payment Amount

2020-10-16 10:28:07 - [MESSAGE][PASSED] - Object 'Object Repository/CERTPAY_QUICKSTI/Payment_Information_Page/MULTIBUREAU_PAYMENT_AMOUNT' is present

2020-10-16 10:28:08 - [MESSAGE][PASSED] - Object 'Object Repository/CERTPAY_QUICKSTI/Payment_Information_Page/MULTIBUREAU_PAYMENT_AMOUNT' is visible

2020-10-16 10:28:08 - [MESSAGE][PASSED] - Object 'Object Repository/CERTPAY_QUICKSTI/Payment_Information_Page/MULTIBUREAU_PAYMENT_AMOUNT' is present

2020-10-16 10:28:09 - [MESSAGE][PASSED] - Text '20.00' is set on object 'Object Repository/CERTPAY_QUICKSTI/Payment_Information_Page/MULTIBUREAU_PAYMENT_AMOUNT'

2020-10-16 10:28:09 - [MESSAGE][PASSED] - Quicksti.ts:Entered'20.00 into Payment Amount

2020-10-16 10:28:09 - [TEST_STEP][PASSED] - pages.Quicksti.setAmountDetailsForMultiBureau(s, "Registration Fees", "1", referenceList.get(i), quantityList.get(i)): Quicksti.ts:Entered'2 into Quntity

2020-10-16 10:28:10 - [MESSAGE][PASSED] - Object '' is visible

2020-10-16 10:28:10 - [MESSAGE][PASSED] - Object '' is present

2020-10-16 10:28:12 - [MESSAGE][PASSED] - Object: '' is clicked on

2020-10-16 10:28:13 - [MESSAGE][PASSED] - All options with label 'Registration Fees' are selected in object ''  using regular expression

2020-10-16 10:28:13 - [MESSAGE][PASSED] - selected dropdown option by visible text  Registration Feesfrom Payment Type

2020-10-16 10:28:13 - [MESSAGE][PASSED] - Object '' is present

2020-10-16 10:28:13 - [MESSAGE][PASSED] - Object '' is visible

2020-10-16 10:28:14 - [MESSAGE][PASSED] - Object '' is present

2020-10-16 10:28:15 - [MESSAGE][PASSED] - Text '13' is set on object ''

2020-10-16 10:28:15 - [MESSAGE][PASSED] - Quicksti.ts:Entered'13 into RefrenceNumber

2020-10-16 10:28:15 - [MESSAGE][PASSED] - Object '' is present

2020-10-16 10:28:16 - [MESSAGE][PASSED] - Object '' is visible

2020-10-16 10:28:16 - [MESSAGE][PASSED] - Object '' is present

2020-10-16 10:28:17 - [MESSAGE][PASSED] - Text '2' is set on object ''

2020-10-16 10:28:17 - [MESSAGE][PASSED] - Quicksti.ts:Entered'2 into Quntity

2020-10-16 10:28:17 - [TEST_STEP][PASSED] - for ([i = 0, i <= amountList.size() - 1, (i++)]): Quicksti.ts:Entered'Testing into Comments

2020-10-16 10:28:17 - [TEST_STEP][PASSED] - s = Integer.toString(i): null

2020-10-16 10:28:17 - [TEST_STEP][PASSED] - utilities.SafeActions.safeType(findTestObject("CERTPAY_QUICKSTI/Payment_Information_Page/MULTIBUREAU_PAY_AMOUNT2"), amountList.get(i), "Payment Amount", [pageLoadTime]): Quicksti.ts:Entered'45.00 into Payment Amount

2020-10-16 10:28:17 - [MESSAGE][PASSED] - Object 'Object Repository/CERTPAY_QUICKSTI/Payment_Information_Page/MULTIBUREAU_PAY_AMOUNT2' is present

2020-10-16 10:28:18 - [MESSAGE][PASSED] - Object 'Object Repository/CERTPAY_QUICKSTI/Payment_Information_Page/MULTIBUREAU_PAY_AMOUNT2' is visible

2020-10-16 10:28:18 - [MESSAGE][PASSED] - Object 'Object Repository/CERTPAY_QUICKSTI/Payment_Information_Page/MULTIBUREAU_PAY_AMOUNT2' is present

2020-10-16 10:28:19 - [MESSAGE][PASSED] - Text '45.00' is set on object 'Object Repository/CERTPAY_QUICKSTI/Payment_Information_Page/MULTIBUREAU_PAY_AMOUNT2'

2020-10-16 10:28:19 - [MESSAGE][PASSED] - Quicksti.ts:Entered'45.00 into Payment Amount

2020-10-16 10:28:19 - [TEST_STEP][PASSED] - pages.Quicksti.setAmountDetailsForMultiBureau(s, "Vehicles", "2", referenceList.get(i), quantityList.get(i)): Quicksti.ts:Entered'1 into Quntity

2020-10-16 10:28:20 - [MESSAGE][PASSED] - Object '' is visible

2020-10-16 10:28:20 - [MESSAGE][PASSED] - Object '' is present

2020-10-16 10:28:22 - [MESSAGE][PASSED] - Object: '' is clicked on

2020-10-16 10:28:23 - [MESSAGE][PASSED] - All options with label 'Vehicles' are selected in object ''  using regular expression

2020-10-16 10:28:23 - [MESSAGE][PASSED] - selected dropdown option by visible text  Vehiclesfrom Payment Type

2020-10-16 10:28:23 - [MESSAGE][PASSED] - Object '' is present

2020-10-16 10:28:24 - [MESSAGE][PASSED] - Object '' is visible

2020-10-16 10:28:24 - [MESSAGE][PASSED] - Object '' is present

2020-10-16 10:28:25 - [MESSAGE][PASSED] - Text '11' is set on object ''

2020-10-16 10:28:25 - [MESSAGE][PASSED] - Quicksti.ts:Entered'11 into RefrenceNumber

2020-10-16 10:28:25 - [MESSAGE][PASSED] - Object '' is present

2020-10-16 10:28:26 - [MESSAGE][PASSED] - Object '' is visible

2020-10-16 10:28:26 - [MESSAGE][PASSED] - Object '' is present

2020-10-16 10:28:27 - [MESSAGE][PASSED] - Text '1' is set on object ''

2020-10-16 10:28:27 - [MESSAGE][PASSED] - Quicksti.ts:Entered'1 into Quntity

2020-10-16 10:28:27 - [TEST_STEP][PASSED] - pages.Quicksti.setCommnets("2", s, commentsList.get(i)): Quicksti.ts:Entered'Testing into Comments

2020-10-16 10:28:28 - [MESSAGE][PASSED] - Object '' is present

2020-10-16 10:28:28 - [MESSAGE][PASSED] - Object '' is visible

2020-10-16 10:28:28 - [MESSAGE][PASSED] - Object '' is present

2020-10-16 10:28:30 - [MESSAGE][PASSED] - Text 'Testing' is set on object ''

2020-10-16 10:28:30 - [MESSAGE][PASSED] - Quicksti.ts:Entered'Testing into Comments

2020-10-16 10:28:30 - [TEST_STEP][PASSED] - s = Integer.toString(i): null

2020-10-16 10:28:30 - [TEST_STEP][PASSED] - utilities.SafeActions.safeType(findTestObject("CERTPAY_QUICKSTI/Payment_Information_Page/MULTIBUREAU_PAY_AMOUNT2"), amountList.get(i), "Payment Amount", [pageLoadTime]): Quicksti.ts:Entered'35.00 into Payment Amount

2020-10-16 10:28:30 - [MESSAGE][PASSED] - Object 'Object Repository/CERTPAY_QUICKSTI/Payment_Information_Page/MULTIBUREAU_PAY_AMOUNT2' is present

2020-10-16 10:28:31 - [MESSAGE][PASSED] - Object 'Object Repository/CERTPAY_QUICKSTI/Payment_Information_Page/MULTIBUREAU_PAY_AMOUNT2' is visible

2020-10-16 10:28:31 - [MESSAGE][PASSED] - Object 'Object Repository/CERTPAY_QUICKSTI/Payment_Information_Page/MULTIBUREAU_PAY_AMOUNT2' is present

2020-10-16 10:28:32 - [MESSAGE][PASSED] - Text '35.00' is set on object 'Object Repository/CERTPAY_QUICKSTI/Payment_Information_Page/MULTIBUREAU_PAY_AMOUNT2'

2020-10-16 10:28:32 - [MESSAGE][PASSED] - Quicksti.ts:Entered'35.00 into Payment Amount

2020-10-16 10:28:32 - [TEST_STEP][PASSED] - pages.Quicksti.setAmountDetailsForMultiBureau(s, "Vehicles", "2", referenceList.get(i), quantityList.get(i)): Quicksti.ts:Entered'2 into Quntity

2020-10-16 10:28:33 - [MESSAGE][PASSED] - Object '' is visible

2020-10-16 10:28:33 - [MESSAGE][PASSED] - Object '' is present

2020-10-16 10:28:34 - [MESSAGE][PASSED] - Object: '' is clicked on

2020-10-16 10:28:35 - [MESSAGE][PASSED] - All options with label 'Vehicles' are selected in object ''  using regular expression

2020-10-16 10:28:35 - [MESSAGE][PASSED] - selected dropdown option by visible text  Vehiclesfrom Payment Type

2020-10-16 10:28:36 - [MESSAGE][PASSED] - Object '' is present

2020-10-16 10:28:36 - [MESSAGE][PASSED] - Object '' is visible

2020-10-16 10:28:36 - [MESSAGE][PASSED] - Object '' is present

2020-10-16 10:28:38 - [MESSAGE][PASSED] - Text '12' is set on object ''

2020-10-16 10:28:38 - [MESSAGE][PASSED] - Quicksti.ts:Entered'12 into RefrenceNumber

2020-10-16 10:28:38 - [MESSAGE][PASSED] - Object '' is present

2020-10-16 10:28:38 - [MESSAGE][PASSED] - Object '' is visible

2020-10-16 10:28:39 - [MESSAGE][PASSED] - Object '' is present

2020-10-16 10:28:40 - [MESSAGE][PASSED] - Text '2' is set on object ''

2020-10-16 10:28:40 - [MESSAGE][PASSED] - Quicksti.ts:Entered'2 into Quntity

2020-10-16 10:28:40 - [TEST_STEP][PASSED] - pages.Quicksti.setCommnets("2", s, commentsList.get(i)): Quicksti.ts:Entered'Tester into Comments

2020-10-16 10:28:40 - [MESSAGE][PASSED] - Object '' is present

2020-10-16 10:28:41 - [MESSAGE][PASSED] - Object '' is visible

2020-10-16 10:28:41 - [MESSAGE][PASSED] - Object '' is present

2020-10-16 10:28:42 - [MESSAGE][PASSED] - Text 'Tester' is set on object ''

2020-10-16 10:28:42 - [MESSAGE][PASSED] - Quicksti.ts:Entered'Tester into Comments

2020-10-16 10:28:42 - [TEST_STEP][PASSED] - s = Integer.toString(i): null

2020-10-16 10:28:42 - [TEST_STEP][PASSED] - utilities.SafeActions.safeType(findTestObject("CERTPAY_QUICKSTI/Payment_Information_Page/MULTIBUREAU_PAY_AMOUNT2"), amountList.get(i), "Payment Amount", [pageLoadTime]): Quicksti.ts:Entered'20.00 into Payment Amount

2020-10-16 10:28:43 - [MESSAGE][PASSED] - Object 'Object Repository/CERTPAY_QUICKSTI/Payment_Information_Page/MULTIBUREAU_PAY_AMOUNT2' is present

2020-10-16 10:28:43 - [MESSAGE][PASSED] - Object 'Object Repository/CERTPAY_QUICKSTI/Payment_Information_Page/MULTIBUREAU_PAY_AMOUNT2' is visible

2020-10-16 10:28:43 - [MESSAGE][PASSED] - Object 'Object Repository/CERTPAY_QUICKSTI/Payment_Information_Page/MULTIBUREAU_PAY_AMOUNT2' is present

2020-10-16 10:28:45 - [MESSAGE][PASSED] - Text '20.00' is set on object 'Object Repository/CERTPAY_QUICKSTI/Payment_Information_Page/MULTIBUREAU_PAY_AMOUNT2'

2020-10-16 10:28:45 - [MESSAGE][PASSED] - Quicksti.ts:Entered'20.00 into Payment Amount

2020-10-16 10:28:45 - [TEST_STEP][PASSED] - pages.Quicksti.setAmountDetailsForMultiBureau(s, "Vehicles", "2", referenceList.get(i), quantityList.get(i)): Quicksti.ts:Entered'2 into Quntity

2020-10-16 10:28:45 - [MESSAGE][PASSED] - Object '' is visible

2020-10-16 10:28:45 - [MESSAGE][PASSED] - Object '' is present

2020-10-16 10:28:47 - [MESSAGE][PASSED] - Object: '' is clicked on

2020-10-16 10:28:48 - [MESSAGE][PASSED] - All options with label 'Vehicles' are selected in object ''  using regular expression

2020-10-16 10:28:48 - [MESSAGE][PASSED] - selected dropdown option by visible text  Vehiclesfrom Payment Type

2020-10-16 10:28:48 - [MESSAGE][PASSED] - Object '' is present

2020-10-16 10:28:49 - [MESSAGE][PASSED] - Object '' is visible

2020-10-16 10:28:49 - [MESSAGE][PASSED] - Object '' is present

2020-10-16 10:28:50 - [MESSAGE][PASSED] - Text '13' is set on object ''

2020-10-16 10:28:50 - [MESSAGE][PASSED] - Quicksti.ts:Entered'13 into RefrenceNumber

2020-10-16 10:28:50 - [MESSAGE][PASSED] - Object '' is present

2020-10-16 10:28:51 - [MESSAGE][PASSED] - Object '' is visible

2020-10-16 10:28:51 - [MESSAGE][PASSED] - Object '' is present

2020-10-16 10:28:52 - [MESSAGE][PASSED] - Text '2' is set on object ''

2020-10-16 10:28:52 - [MESSAGE][PASSED] - Quicksti.ts:Entered'2 into Quntity

2020-10-16 10:28:52 - [TEST_STEP][PASSED] - pages.Quicksti.setCommnets("2", s, commentsList.get(i)): Quicksti.ts:Entered'Testing into Comments

2020-10-16 10:28:53 - [MESSAGE][PASSED] - Object '' is present

2020-10-16 10:28:53 - [MESSAGE][PASSED] - Object '' is visible

2020-10-16 10:28:53 - [MESSAGE][PASSED] - Object '' is present

2020-10-16 10:28:55 - [MESSAGE][PASSED] - Text 'Testing' is set on object ''

2020-10-16 10:28:55 - [MESSAGE][PASSED] - Quicksti.ts:Entered'Testing into Comments

2020-10-16 10:28:55 - [TEST_STEP][PASSED] - utilities.SafeActions.safeClick(findTestObject("CERTPAY_QUICKSTI/Payment_Information_Page/MANUAL_ENTRY_BUTTON"), "ManualEntry", [pageLoadTime]): Quicksti.ts:Clicked on the ManualEntry

2020-10-16 10:28:55 - [MESSAGE][INFO] - safeClicking

2020-10-16 10:28:55 - [MESSAGE][PASSED] - Object 'Object Repository/CERTPAY_QUICKSTI/Payment_Information_Page/MANUAL_ENTRY_BUTTON' is present

2020-10-16 10:28:55 - [MESSAGE][PASSED] - Object 'Object Repository/CERTPAY_QUICKSTI/Payment_Information_Page/MANUAL_ENTRY_BUTTON' is clickable

2020-10-16 10:29:00 - [MESSAGE][PASSED] - Object: 'Object Repository/CERTPAY_QUICKSTI/Payment_Information_Page/MANUAL_ENTRY_BUTTON' is clicked on

2020-10-16 10:29:00 - [MESSAGE][PASSED] - Quicksti.ts:Clicked on the ManualEntry

2020-10-16 10:29:00 - [TEST_STEP][PASSED] - amount_Value = pages.Quicksti.getAttributeValue(findTestObject("CERTPAY_QUICKSTI/Payment_Information_Page/SUB_TOTAL")): pages.Quicksti.getAttributeValue is PASSED

2020-10-16 10:29:00 - [MESSAGE][PASSED] - Attribute 'value' of object 'Object Repository/CERTPAY_QUICKSTI/Payment_Information_Page/SUB_TOTAL' is: '45.00'

2020-10-16 10:29:00 - [MESSAGE][PASSED] - pages.Quicksti.getAttributeValue is PASSED

2020-10-16 10:29:00 - [TEST_STEP][PASSED] - CardNumber = pages.Quicksti.setUserPaymentDetails(firstName, lastName, cardNum): Quicksti.ts:Entered'5154623208647646 into CardNum

2020-10-16 10:29:00 - [MESSAGE][PASSED] - Object 'Object Repository/CERTPAY_QUICKSTI/Payment_Information_Page/FIRST_NAME' is present

2020-10-16 10:29:01 - [MESSAGE][PASSED] - Object 'Object Repository/CERTPAY_QUICKSTI/Payment_Information_Page/FIRST_NAME' is visible

2020-10-16 10:29:01 - [MESSAGE][PASSED] - Object 'Object Repository/CERTPAY_QUICKSTI/Payment_Information_Page/FIRST_NAME' is present

2020-10-16 10:29:02 - [MESSAGE][PASSED] - Text 'Tester' is set on object 'Object Repository/CERTPAY_QUICKSTI/Payment_Information_Page/FIRST_NAME'

2020-10-16 10:29:02 - [MESSAGE][PASSED] - Quicksti.ts:Entered'Tester into FirstName

2020-10-16 10:29:03 - [MESSAGE][PASSED] - Object 'Object Repository/CERTPAY_QUICKSTI/Payment_Information_Page/LAST_NAME' is present

2020-10-16 10:29:03 - [MESSAGE][PASSED] - Object 'Object Repository/CERTPAY_QUICKSTI/Payment_Information_Page/LAST_NAME' is visible

2020-10-16 10:29:03 - [MESSAGE][PASSED] - Object 'Object Repository/CERTPAY_QUICKSTI/Payment_Information_Page/LAST_NAME' is present

2020-10-16 10:29:05 - [MESSAGE][PASSED] - Text 'Zenq1' is set on object 'Object Repository/CERTPAY_QUICKSTI/Payment_Information_Page/LAST_NAME'

2020-10-16 10:29:05 - [MESSAGE][PASSED] - Quicksti.ts:Entered'Zenq1 into LAstName

2020-10-16 10:29:05 - [MESSAGE][PASSED] - Object 'Object Repository/CERTPAY_QUICKSTI/Payment_Information_Page/CARD_NUMBER' is present

2020-10-16 10:29:05 - [MESSAGE][PASSED] - Object 'Object Repository/CERTPAY_QUICKSTI/Payment_Information_Page/CARD_NUMBER' is visible

2020-10-16 10:29:06 - [MESSAGE][PASSED] - Object 'Object Repository/CERTPAY_QUICKSTI/Payment_Information_Page/CARD_NUMBER' is present

2020-10-16 10:29:07 - [MESSAGE][PASSED] - Text '5154623208647646' is set on object 'Object Repository/CERTPAY_QUICKSTI/Payment_Information_Page/CARD_NUMBER'

2020-10-16 10:29:07 - [MESSAGE][PASSED] - Quicksti.ts:Entered'5154623208647646 into CardNum

2020-10-16 10:29:07 - [TEST_STEP][PASSED] - pages.Quicksti.setExpDate(expMonth, expYear, securityCode): Quicksti.ts:Entered'207 into securityCode

2020-10-16 10:29:07 - [MESSAGE][PASSED] - Object 'Object Repository/CERTPAY_QUICKSTI/Payment_Information_Page/EXP_MONTH' is visible

2020-10-16 10:29:08 - [MESSAGE][PASSED] - Object 'Object Repository/CERTPAY_QUICKSTI/Payment_Information_Page/EXP_MONTH' is present

2020-10-16 10:29:09 - [MESSAGE][PASSED] - Object: 'Object Repository/CERTPAY_QUICKSTI/Payment_Information_Page/EXP_MONTH' is clicked on

2020-10-16 10:29:10 - [MESSAGE][PASSED] - All options with label '04' are selected in object 'Object Repository/CERTPAY_QUICKSTI/Payment_Information_Page/EXP_MONTH'  using regular expression

2020-10-16 10:29:10 - [MESSAGE][PASSED] - selected dropdown option by visible text  04from expMonth

2020-10-16 10:29:11 - [MESSAGE][PASSED] - Object 'Object Repository/CERTPAY_QUICKSTI/Payment_Information_Page/EXP_YEAR' is visible

2020-10-16 10:29:11 - [MESSAGE][PASSED] - Object 'Object Repository/CERTPAY_QUICKSTI/Payment_Information_Page/EXP_YEAR' is present

2020-10-16 10:29:12 - [MESSAGE][PASSED] - Object: 'Object Repository/CERTPAY_QUICKSTI/Payment_Information_Page/EXP_YEAR' is clicked on

2020-10-16 10:29:14 - [MESSAGE][PASSED] - All options with label '2023' are selected in object 'Object Repository/CERTPAY_QUICKSTI/Payment_Information_Page/EXP_YEAR'  using regular expression

2020-10-16 10:29:14 - [MESSAGE][PASSED] - selected dropdown option by visible text  2023from  expYear

2020-10-16 10:29:14 - [MESSAGE][PASSED] - Object 'Object Repository/CERTPAY_QUICKSTI/Payment_Information_Page/SECURITY_CODE' is present

2020-10-16 10:29:14 - [MESSAGE][PASSED] - Object 'Object Repository/CERTPAY_QUICKSTI/Payment_Information_Page/SECURITY_CODE' is visible

2020-10-16 10:29:15 - [MESSAGE][PASSED] - Object 'Object Repository/CERTPAY_QUICKSTI/Payment_Information_Page/SECURITY_CODE' is present

2020-10-16 10:29:16 - [MESSAGE][PASSED] - Text '207' is set on object 'Object Repository/CERTPAY_QUICKSTI/Payment_Information_Page/SECURITY_CODE'

2020-10-16 10:29:16 - [MESSAGE][PASSED] - Quicksti.ts:Entered'207 into securityCode

2020-10-16 10:29:16 - [TEST_STEP][PASSED] - utilities.SafeActions.safeType(findTestObject("CERTPAY_QUICKSTI/Payment_Information_Page/ADDRESS"), address, "Address", [pageLoadTime]): Quicksti.ts:Entered'14-2 into Address

2020-10-16 10:29:16 - [MESSAGE][PASSED] - Object 'Object Repository/CERTPAY_QUICKSTI/Payment_Information_Page/ADDRESS' is present

2020-10-16 10:29:17 - [MESSAGE][PASSED] - Object 'Object Repository/CERTPAY_QUICKSTI/Payment_Information_Page/ADDRESS' is visible

2020-10-16 10:29:17 - [MESSAGE][PASSED] - Object 'Object Repository/CERTPAY_QUICKSTI/Payment_Information_Page/ADDRESS' is present

2020-10-16 10:29:18 - [MESSAGE][PASSED] - Text '14-2' is set on object 'Object Repository/CERTPAY_QUICKSTI/Payment_Information_Page/ADDRESS'

2020-10-16 10:29:18 - [MESSAGE][PASSED] - Quicksti.ts:Entered'14-2 into Address

2020-10-16 10:29:18 - [TEST_STEP][PASSED] - utilities.SafeActions.safeType(findTestObject("CERTPAY_QUICKSTI/Payment_Information_Page/ZIP_CODE"), zipCode, "zipcode", [pageLoadTime]): Quicksti.ts:Entered'76102 into zipcode

2020-10-16 10:29:19 - [MESSAGE][PASSED] - Object 'Object Repository/CERTPAY_QUICKSTI/Payment_Information_Page/ZIP_CODE' is present

2020-10-16 10:29:19 - [MESSAGE][PASSED] - Object 'Object Repository/CERTPAY_QUICKSTI/Payment_Information_Page/ZIP_CODE' is visible

2020-10-16 10:29:19 - [MESSAGE][PASSED] - Object 'Object Repository/CERTPAY_QUICKSTI/Payment_Information_Page/ZIP_CODE' is present

2020-10-16 10:29:20 - [MESSAGE][PASSED] - Text '76102' is set on object 'Object Repository/CERTPAY_QUICKSTI/Payment_Information_Page/ZIP_CODE'

2020-10-16 10:29:20 - [MESSAGE][PASSED] - Quicksti.ts:Entered'76102 into zipcode

2020-10-16 10:29:20 - [TEST_STEP][PASSED] - utilities.SafeActions.safeType(findTestObject("CERTPAY_QUICKSTI/Payment_Information_Page/TELEPHONE"), telephone, "Telephone", [pageLoadTime]): Quicksti.ts:Entered'9989897654 into Telephone

2020-10-16 10:29:21 - [MESSAGE][PASSED] - Object 'Object Repository/CERTPAY_QUICKSTI/Payment_Information_Page/TELEPHONE' is present

2020-10-16 10:29:21 - [MESSAGE][PASSED] - Object 'Object Repository/CERTPAY_QUICKSTI/Payment_Information_Page/TELEPHONE' is visible

2020-10-16 10:29:21 - [MESSAGE][PASSED] - Object 'Object Repository/CERTPAY_QUICKSTI/Payment_Information_Page/TELEPHONE' is present

2020-10-16 10:29:23 - [MESSAGE][PASSED] - Text '9989897654' is set on object 'Object Repository/CERTPAY_QUICKSTI/Payment_Information_Page/TELEPHONE'

2020-10-16 10:29:23 - [MESSAGE][PASSED] - Quicksti.ts:Entered'9989897654 into Telephone

2020-10-16 10:29:23 - [TEST_STEP][PASSED] - utilities.SafeActions.safeType(findTestObject("CERTPAY_QUICKSTI/Payment_Information_Page/EMAIL_ADDRESS"), emailAddress, "EMAIL address", [pageLoadTime]): Quicksti.ts:Entered'testing@zenq.com into EMAIL address

2020-10-16 10:29:23 - [MESSAGE][PASSED] - Object 'Object Repository/CERTPAY_QUICKSTI/Payment_Information_Page/EMAIL_ADDRESS' is present

2020-10-16 10:29:23 - [MESSAGE][PASSED] - Object 'Object Repository/CERTPAY_QUICKSTI/Payment_Information_Page/EMAIL_ADDRESS' is visible

2020-10-16 10:29:24 - [MESSAGE][PASSED] - Object 'Object Repository/CERTPAY_QUICKSTI/Payment_Information_Page/EMAIL_ADDRESS' is present

2020-10-16 10:29:25 - [MESSAGE][PASSED] - Text 'testing@zenq.com' is set on object 'Object Repository/CERTPAY_QUICKSTI/Payment_Information_Page/EMAIL_ADDRESS'

2020-10-16 10:29:25 - [MESSAGE][PASSED] - Quicksti.ts:Entered'testing@zenq.com into EMAIL address

2020-10-16 10:29:25 - [TEST_STEP][PASSED] - utilities.SafeActions.safeClick(findTestObject("CERTPAY_QUICKSTI/Payment_Information_Page/NEXT_BUTTON"), "Next", [pageLoadTime]): Quicksti.ts:Clicked on the Next

2020-10-16 10:29:25 - [MESSAGE][INFO] - safeClicking

2020-10-16 10:29:25 - [MESSAGE][PASSED] - Object 'Object Repository/CERTPAY_QUICKSTI/Payment_Information_Page/NEXT_BUTTON' is present

2020-10-16 10:29:26 - [MESSAGE][PASSED] - Object 'Object Repository/CERTPAY_QUICKSTI/Payment_Information_Page/NEXT_BUTTON' is clickable

2020-10-16 10:29:30 - [MESSAGE][PASSED] - Object: 'Object Repository/CERTPAY_QUICKSTI/Payment_Information_Page/NEXT_BUTTON' is clicked on

2020-10-16 10:29:30 - [MESSAGE][PASSED] - Quicksti.ts:Clicked on the Next

2020-10-16 10:29:30 - [TEST_STEP][PASSED] - pages.Quicksti.verifyUserPaymentDetails(amountList.get(0), firstName, lastName, CardNumber): pages.Quicksti.verifyUserPaymentDetails is PASSED

2020-10-16 10:29:31 - [MESSAGE][PASSED] - Text of object 'Object Repository/CERTPAY_QUICKSTI/Payment_Details_Verification_Page/AMOUNT' is: '$45.00'

2020-10-16 10:29:31 - [MESSAGE][PASSED] - Actual text '45.00' and expected text '45.00' are matched  using regular expression

2020-10-16 10:29:31 - [MESSAGE][PASSED] - Text of object 'Object Repository/CERTPAY_QUICKSTI/Payment_Details_Verification_Page/NAME' is: 'Tester Zenq1'

2020-10-16 10:29:31 - [MESSAGE][PASSED] - Actual text 'Tester Zenq1' and expected text 'Tester Zenq1' are matched  using regular expression

2020-10-16 10:29:32 - [MESSAGE][PASSED] - Text of object 'Object Repository/CERTPAY_QUICKSTI/Payment_Details_Verification_Page/CARD_NUMBER' is: '...7646'

2020-10-16 10:29:32 - [MESSAGE][PASSED] - Actual text '7646' and expected text '7646' are matched  using regular expression

2020-10-16 10:29:32 - [MESSAGE][PASSED] - pages.Quicksti.verifyUserPaymentDetails is PASSED

2020-10-16 10:29:32 - [TEST_STEP][PASSED] - ConvFee = getText(findTestObject("CERTPAY_QUICKSTI/Payment_Information_Page/CONV_FEE")): Text of object 'Object Repository/CERTPAY_QUICKSTI/Payment_Information_Page/CONV_FEE' is: '$0.45'

2020-10-16 10:29:32 - [MESSAGE][PASSED] - Text of object 'Object Repository/CERTPAY_QUICKSTI/Payment_Information_Page/CONV_FEE' is: '$0.45'

2020-10-16 10:29:32 - [TEST_STEP][PASSED] - scrollToElement(findTestObject("CERTPAY_QUICKSTI/Payment_Details_Verification_Page/PROCESS"), 30): Scroll to object 'Object Repository/CERTPAY_QUICKSTI/Payment_Details_Verification_Page/PROCESS' successfully

2020-10-16 10:29:32 - [MESSAGE][PASSED] - Scroll to object 'Object Repository/CERTPAY_QUICKSTI/Payment_Details_Verification_Page/PROCESS' successfully

2020-10-16 10:29:32 - [TEST_STEP][PASSED] - utilities.SafeActions.safeClick(findTestObject("CERTPAY_QUICKSTI/Payment_Details_Verification_Page/PROCESS"), "Process", [pageLoadTime]): Quicksti.ts:Clicked on the Process

2020-10-16 10:29:32 - [MESSAGE][INFO] - safeClicking

2020-10-16 10:29:33 - [MESSAGE][PASSED] - Object 'Object Repository/CERTPAY_QUICKSTI/Payment_Details_Verification_Page/PROCESS' is present

2020-10-16 10:29:33 - [MESSAGE][PASSED] - Object 'Object Repository/CERTPAY_QUICKSTI/Payment_Details_Verification_Page/PROCESS' is clickable

2020-10-16 10:29:39 - [MESSAGE][PASSED] - Object: 'Object Repository/CERTPAY_QUICKSTI/Payment_Details_Verification_Page/PROCESS' is clicked on

2020-10-16 10:29:39 - [MESSAGE][PASSED] - Quicksti.ts:Clicked on the Process

2020-10-16 10:29:39 - [TEST_STEP][PASSED] - paymentId = pages.Quicksti.verifyPaymentApproval(findTestObject("CERTPAY_QUICKSTI/Payment_Details_Verification_Page/APPROVED")): Payment is approved

2020-10-16 10:29:40 - [MESSAGE][PASSED] - Text of object 'Object Repository/CERTPAY_QUICKSTI/Payment_Details_Verification_Page/PAYMENT_ID' is: '100176129912'

2020-10-16 10:29:40 - [MESSAGE][PASSED] - Object 'Object Repository/CERTPAY_QUICKSTI/Payment_Details_Verification_Page/APPROVED' is present

2020-10-16 10:29:40 - [MESSAGE][PASSED] - Payment is approved

2020-10-16 10:29:42 - [TEST_STEP][PASSED] - navigateToUrl(Admin_url): Navigate to 'https://qa-certpayadmin.faps.net' successfully

2020-10-16 10:29:50 - [MESSAGE][PASSED] - Navigate to 'https://qa-certpayadmin.faps.net' successfully

2020-10-16 10:29:50 - [TEST_STEP][PASSED] - pages.Bureau_Login_Page.loginToAdminSite(AdminUsername, AdminPassword): Quicksti.ts:Clicked on the LOGIN

2020-10-16 10:29:51 - [MESSAGE][PASSED] - Object 'Object Repository/CERTPAY_ADMIN/USER_NAME' is present

2020-10-16 10:29:51 - [MESSAGE][PASSED] - Object 'Object Repository/CERTPAY_ADMIN/USER_NAME' is visible

2020-10-16 10:29:51 - [MESSAGE][PASSED] - Object 'Object Repository/CERTPAY_ADMIN/USER_NAME' is present

2020-10-16 10:29:52 - [MESSAGE][PASSED] - Text 'VVangiliappan' is set on object 'Object Repository/CERTPAY_ADMIN/USER_NAME'

2020-10-16 10:29:52 - [MESSAGE][PASSED] - Quicksti.ts:Entered'VVangiliappan into username

2020-10-16 10:29:53 - [MESSAGE][PASSED] - Object 'Object Repository/CERTPAY_ADMIN/PASSWORD' is present

2020-10-16 10:29:53 - [MESSAGE][PASSED] - Object 'Object Repository/CERTPAY_ADMIN/PASSWORD' is visible

2020-10-16 10:29:53 - [MESSAGE][PASSED] - Object 'Object Repository/CERTPAY_ADMIN/PASSWORD' is present

2020-10-16 10:29:55 - [MESSAGE][PASSED] - Text 'Test@123' is set on object 'Object Repository/CERTPAY_ADMIN/PASSWORD'

2020-10-16 10:29:55 - [MESSAGE][PASSED] - Quicksti.ts:Entered'Test@123 into password

2020-10-16 10:29:55 - [MESSAGE][INFO] - safeClicking

2020-10-16 10:29:55 - [MESSAGE][PASSED] - Object 'Object Repository/CERTPAY_ADMIN/LOGIN_BUTTON' is present

2020-10-16 10:29:55 - [MESSAGE][PASSED] - Object 'Object Repository/CERTPAY_ADMIN/LOGIN_BUTTON' is clickable

2020-10-16 10:30:07 - [MESSAGE][PASSED] - Object: 'Object Repository/CERTPAY_ADMIN/LOGIN_BUTTON' is clicked on

2020-10-16 10:30:07 - [MESSAGE][PASSED] - Quicksti.ts:Clicked on the LOGIN

2020-10-16 10:30:07 - [TEST_STEP][PASSED] - utilities.SafeActions.safeClick(findTestObject("CERTPAY_ADMIN/TRANSACTION_MENU"), "TransactionMenu", [pageLoadTime]): Quicksti.ts:Clicked on the TransactionMenu

2020-10-16 10:30:07 - [MESSAGE][INFO] - safeClicking

2020-10-16 10:30:08 - [MESSAGE][PASSED] - Object 'Object Repository/CERTPAY_ADMIN/TRANSACTION_MENU' is present

2020-10-16 10:30:08 - [MESSAGE][PASSED] - Object 'Object Repository/CERTPAY_ADMIN/TRANSACTION_MENU' is clickable

2020-10-16 10:30:09 - [MESSAGE][PASSED] - Object: 'Object Repository/CERTPAY_ADMIN/TRANSACTION_MENU' is clicked on

2020-10-16 10:30:09 - [MESSAGE][PASSED] - Quicksti.ts:Clicked on the TransactionMenu

2020-10-16 10:30:09 - [TEST_STEP][PASSED] - utilities.SafeActions.safeClick(findTestObject("CERTPAY_ADMIN/TRANSACTION_SEARCH"), "TransactionSearch", [pageLoadTime]): Quicksti.ts:Clicked on the TransactionSearch

2020-10-16 10:30:09 - [MESSAGE][INFO] - safeClicking

2020-10-16 10:30:10 - [MESSAGE][PASSED] - Object 'Object Repository/CERTPAY_ADMIN/TRANSACTION_SEARCH' is present

2020-10-16 10:30:10 - [MESSAGE][PASSED] - Object 'Object Repository/CERTPAY_ADMIN/TRANSACTION_SEARCH' is clickable

2020-10-16 10:30:18 - [MESSAGE][PASSED] - Object: 'Object Repository/CERTPAY_ADMIN/TRANSACTION_SEARCH' is clicked on

2020-10-16 10:30:18 - [MESSAGE][PASSED] - Quicksti.ts:Clicked on the TransactionSearch

2020-10-16 10:30:18 - [TEST_STEP][PASSED] - utilities.SafeActions.safeType(findTestObject("CERTPAY_ADMIN/PAYMENT_ID"), paymentId, "Payment id", [pageLoadTime]): Quicksti.ts:Entered'100176129912 into Payment id

2020-10-16 10:30:19 - [MESSAGE][PASSED] - Object 'Object Repository/CERTPAY_ADMIN/PAYMENT_ID' is present

2020-10-16 10:30:19 - [MESSAGE][PASSED] - Object 'Object Repository/CERTPAY_ADMIN/PAYMENT_ID' is visible

2020-10-16 10:30:19 - [MESSAGE][PASSED] - Object 'Object Repository/CERTPAY_ADMIN/PAYMENT_ID' is present

2020-10-16 10:30:21 - [MESSAGE][PASSED] - Text '100176129912' is set on object 'Object Repository/CERTPAY_ADMIN/PAYMENT_ID'

2020-10-16 10:30:21 - [MESSAGE][PASSED] - Quicksti.ts:Entered'100176129912 into Payment id

2020-10-16 10:30:21 - [TEST_STEP][PASSED] - utilities.SafeActions.safeClick(findTestObject("CERTPAY_ADMIN/GO_BUTTON"), "Go button", [pageLoadTime]): Quicksti.ts:Clicked on the Go button

2020-10-16 10:30:21 - [MESSAGE][INFO] - safeClicking

2020-10-16 10:30:21 - [MESSAGE][PASSED] - Object 'Object Repository/CERTPAY_ADMIN/GO_BUTTON' is present

2020-10-16 10:30:21 - [MESSAGE][PASSED] - Object 'Object Repository/CERTPAY_ADMIN/GO_BUTTON' is clickable

2020-10-16 10:30:31 - [MESSAGE][PASSED] - Object: 'Object Repository/CERTPAY_ADMIN/GO_BUTTON' is clicked on

2020-10-16 10:30:31 - [MESSAGE][PASSED] - Quicksti.ts:Clicked on the Go button

2020-10-16 10:30:31 - [TEST_STEP][PASSED] - delay(5): Delayed 5 second(s)

2020-10-16 10:30:36 - [MESSAGE][PASSED] - Delayed 5 second(s)

2020-10-16 10:30:36 - [TEST_STEP][PASSED] - scrollToPosition(800, 900): Browser is scrolled to position x = 800, y = 900

2020-10-16 10:30:36 - [MESSAGE][PASSED] - Browser is scrolled to position x = 800, y = 900

2020-10-16 10:30:36 - [TEST_STEP][PASSED] - pages.Search_Page.validatePaymentAmount(amountList.get(0), ConvFee): Verified payment details successfully 

2020-10-16 10:30:37 - [MESSAGE][PASSED] - Text of object 'Object Repository/CERTPAY_ADMIN/PAYMENT_AMOUNT' is: '$45.00'

2020-10-16 10:30:37 - [MESSAGE][PASSED] - Actual text '45.00' and expected text '45.00' are matched  using regular expression

2020-10-16 10:30:37 - [MESSAGE][PASSED] - Text of object 'Object Repository/CERTPAY_ADMIN/CONV_FEE' is: '$0.45'

2020-10-16 10:30:37 - [MESSAGE][PASSED] - Actual text '0.45' and expected text '0.45' are matched  using regular expression

2020-10-16 10:30:37 - [MESSAGE][PASSED] - Verified payment details successfully 

2020-10-16 10:30:37 - [TEST_STEP][PASSED] - paymentIdList.add(paymentId): null

2020-10-16 10:30:37 - [TEST_STEP][PASSED] - println(paymentIdList): null

2020-10-16 10:30:37 - [TEST_STEP][PASSED] - firstName = data.getValue("FirstName", index): null

2020-10-16 10:30:37 - [TEST_STEP][PASSED] - lastName = data.getValue("LastName", index): null

2020-10-16 10:30:37 - [TEST_STEP][PASSED] - cardNum = data.getValue("CardNumber", index): null

2020-10-16 10:30:37 - [TEST_STEP][PASSED] - expMonth = data.getValue("ExpMonth", index): null

2020-10-16 10:30:37 - [TEST_STEP][PASSED] - expYear = data.getValue("ExpYear", index): null

2020-10-16 10:30:37 - [TEST_STEP][PASSED] - securityCode = data.getValue("SecurityCode", index): null

2020-10-16 10:30:37 - [TEST_STEP][PASSED] - paymentAmount = data.getValue("PaymentAmount", index): null

2020-10-16 10:30:37 - [TEST_STEP][PASSED] - paymentType = data.getValue("PaymentType", index): null

2020-10-16 10:30:37 - [TEST_STEP][PASSED] - quantity = data.getValue("Quantity", index): null

2020-10-16 10:30:37 - [TEST_STEP][PASSED] - comments = data.getValue("Comments", index): null

2020-10-16 10:30:37 - [TEST_STEP][PASSED] - referenceNum = data.getValue("ReferenceNum", index): null

2020-10-16 10:30:37 - [TEST_STEP][PASSED] - address = data.getValue("Address", index): null

2020-10-16 10:30:37 - [TEST_STEP][PASSED] - zipCode = data.getValue("Zipcode", index): null

2020-10-16 10:30:37 - [TEST_STEP][PASSED] - telephone = data.getValue("Telephone", index): null

2020-10-16 10:30:37 - [TEST_STEP][PASSED] - emailAddress = data.getValue("EmailAddress", index): null

2020-10-16 10:30:37 - [TEST_STEP][PASSED] - cardType = data.getValue("CardType", index): null

2020-10-16 10:30:37 - [TEST_STEP][PASSED] - amountList = paymentAmount.split(","): null

2020-10-16 10:30:37 - [TEST_STEP][PASSED] - referenceList = referenceNum.split(","): null

2020-10-16 10:30:37 - [TEST_STEP][PASSED] - paymentTypeList = paymentType.split(","): null

2020-10-16 10:30:37 - [TEST_STEP][PASSED] - commentsList = comments.split(","): null

2020-10-16 10:30:37 - [TEST_STEP][PASSED] - quantityList = quantity.split(","): null

2020-10-16 10:30:37 - [TEST_STEP][PASSED] - utilities.SafeActions.openBrowser(Quicksti_Url, [pageLoadTime]): Browser launched successfully

2020-10-16 10:30:37 - [MESSAGE][INFO] - Opening Browser

2020-10-16 10:30:37 - [MESSAGE][WARNING] - A browser is already opened. Closing browser and opening a new one

2020-10-16 10:30:38 - [MESSAGE][INFO] - Starting 'Chrome' driver

2020-10-16 10:30:52 - [MESSAGE][PASSED] - Browser is opened with url: 'https://qa-certpayquicksti.faps.net/'

2020-10-16 10:30:54 - [MESSAGE][PASSED] - Current window maximized

2020-10-16 10:30:54 - [MESSAGE][PASSED] - Browser launched successfully

2020-10-16 10:30:54 - [TEST_STEP][PASSED] - utilities.SafeActions.safeCheck(findTestObject("CERTPAY_QUICKSTI/Login_ Page/MULTI_BUREAU_CHECKBOX"), "Multi Bureau", [pageLoadTime]): Quicksti.ts:Checkbox 'Multi Bureau'is selected

2020-10-16 10:30:54 - [MESSAGE][PASSED] - Object 'Object Repository/CERTPAY_QUICKSTI/Login_ Page/MULTI_BUREAU_CHECKBOX' is present

2020-10-16 10:30:55 - [MESSAGE][PASSED] - Object 'Object Repository/CERTPAY_QUICKSTI/Login_ Page/MULTI_BUREAU_CHECKBOX' is present

2020-10-16 10:30:57 - [MESSAGE][PASSED] - Object: 'Object Repository/CERTPAY_QUICKSTI/Login_ Page/MULTI_BUREAU_CHECKBOX' is clicked on

2020-10-16 10:30:57 - [MESSAGE][PASSED] - Quicksti.ts:Checkbox 'Multi Bureau'is selected

2020-10-16 10:30:57 - [TEST_STEP][PASSED] - utilities.SafeActions.safeType(findTestObject("CERTPAY_QUICKSTI/Login_ Page/TELLER_ID"), teller_id, "Bureau code", [pageLoadTime]): Quicksti.ts:Entered'zenq into Bureau code

2020-10-16 10:30:59 - [MESSAGE][PASSED] - Object 'Object Repository/CERTPAY_QUICKSTI/Login_ Page/TELLER_ID' is present

2020-10-16 10:30:59 - [MESSAGE][PASSED] - Object 'Object Repository/CERTPAY_QUICKSTI/Login_ Page/TELLER_ID' is visible

2020-10-16 10:30:59 - [MESSAGE][PASSED] - Object 'Object Repository/CERTPAY_QUICKSTI/Login_ Page/TELLER_ID' is present

2020-10-16 10:31:01 - [MESSAGE][PASSED] - Text 'zenq' is set on object 'Object Repository/CERTPAY_QUICKSTI/Login_ Page/TELLER_ID'

2020-10-16 10:31:01 - [MESSAGE][PASSED] - Quicksti.ts:Entered'zenq into Bureau code

2020-10-16 10:31:01 - [TEST_STEP][PASSED] - utilities.SafeActions.safeClick(findTestObject("CERTPAY_QUICKSTI/Login_ Page/NEXT_BUTTON"), "Next button", [pageLoadTime]): Quicksti.ts:Clicked on the Next button

2020-10-16 10:31:01 - [MESSAGE][INFO] - safeClicking

2020-10-16 10:31:01 - [MESSAGE][PASSED] - Object 'Object Repository/CERTPAY_QUICKSTI/Login_ Page/NEXT_BUTTON' is present

2020-10-16 10:31:01 - [MESSAGE][PASSED] - Object 'Object Repository/CERTPAY_QUICKSTI/Login_ Page/NEXT_BUTTON' is clickable

2020-10-16 10:31:06 - [MESSAGE][PASSED] - Object: 'Object Repository/CERTPAY_QUICKSTI/Login_ Page/NEXT_BUTTON' is clicked on

2020-10-16 10:31:06 - [MESSAGE][PASSED] - Quicksti.ts:Clicked on the Next button

2020-10-16 10:31:06 - [TEST_STEP][PASSED] - for ([i = 0, i <= amountList.size() - 1, (i++)]): Quicksti.ts:Entered'2 into Quntity

2020-10-16 10:31:06 - [TEST_STEP][PASSED] - s = Integer.toString(i): null

2020-10-16 10:31:06 - [TEST_STEP][PASSED] - pages.Quicksti.setCommnets("0", s, commentsList.get(i)): Quicksti.ts:Entered'Testing into Comments

2020-10-16 10:31:06 - [MESSAGE][PASSED] - Object '' is present

2020-10-16 10:31:06 - [MESSAGE][PASSED] - Object '' is visible

2020-10-16 10:31:07 - [MESSAGE][PASSED] - Object '' is present

2020-10-16 10:31:08 - [MESSAGE][PASSED] - Text 'Testing' is set on object ''

2020-10-16 10:31:08 - [MESSAGE][PASSED] - Quicksti.ts:Entered'Testing into Comments

2020-10-16 10:31:08 - [TEST_STEP][PASSED] - utilities.SafeActions.safeType(findTestObject("CERTPAY_QUICKSTI/Payment_Information_Page/PAYMENT_AMOUNT"), amountList.get(i), "Payment Amount", [pageLoadTime]): Quicksti.ts:Entered'45.00 into Payment Amount

2020-10-16 10:31:08 - [MESSAGE][PASSED] - Object 'Object Repository/CERTPAY_QUICKSTI/Payment_Information_Page/PAYMENT_AMOUNT' is present

2020-10-16 10:31:09 - [MESSAGE][PASSED] - Object 'Object Repository/CERTPAY_QUICKSTI/Payment_Information_Page/PAYMENT_AMOUNT' is visible

2020-10-16 10:31:09 - [MESSAGE][PASSED] - Object 'Object Repository/CERTPAY_QUICKSTI/Payment_Information_Page/PAYMENT_AMOUNT' is present

2020-10-16 10:31:10 - [MESSAGE][PASSED] - Text '45.00' is set on object 'Object Repository/CERTPAY_QUICKSTI/Payment_Information_Page/PAYMENT_AMOUNT'

2020-10-16 10:31:10 - [MESSAGE][PASSED] - Quicksti.ts:Entered'45.00 into Payment Amount

2020-10-16 10:31:10 - [TEST_STEP][PASSED] - pages.Quicksti.setAmountDetailsForMultiBureau(s, paymentTypeList.get(i), "0", referenceList.get(i), quantityList.get(i)): Quicksti.ts:Entered'1 into Quntity

2020-10-16 10:31:11 - [MESSAGE][PASSED] - Object '' is visible

2020-10-16 10:31:11 - [MESSAGE][PASSED] - Object '' is present

2020-10-16 10:31:12 - [MESSAGE][PASSED] - Object: '' is clicked on

2020-10-16 10:31:13 - [MESSAGE][PASSED] - All options with label 'Licenses' are selected in object ''  using regular expression

2020-10-16 10:31:13 - [MESSAGE][PASSED] - selected dropdown option by visible text  Licensesfrom Payment Type

2020-10-16 10:31:14 - [MESSAGE][PASSED] - Object '' is present

2020-10-16 10:31:14 - [MESSAGE][PASSED] - Object '' is visible

2020-10-16 10:31:14 - [MESSAGE][PASSED] - Object '' is present

2020-10-16 10:31:16 - [MESSAGE][PASSED] - Text '11' is set on object ''

2020-10-16 10:31:16 - [MESSAGE][PASSED] - Quicksti.ts:Entered'11 into RefrenceNumber

2020-10-16 10:31:16 - [MESSAGE][PASSED] - Object '' is present

2020-10-16 10:31:16 - [MESSAGE][PASSED] - Object '' is visible

2020-10-16 10:31:17 - [MESSAGE][PASSED] - Object '' is present

2020-10-16 10:31:18 - [MESSAGE][PASSED] - Text '1' is set on object ''

2020-10-16 10:31:18 - [MESSAGE][PASSED] - Quicksti.ts:Entered'1 into Quntity

2020-10-16 10:31:18 - [TEST_STEP][PASSED] - s = Integer.toString(i): null

2020-10-16 10:31:18 - [TEST_STEP][PASSED] - pages.Quicksti.setCommnets("0", s, commentsList.get(i)): Quicksti.ts:Entered'Tester into Comments

2020-10-16 10:31:18 - [MESSAGE][PASSED] - Object '' is present

2020-10-16 10:31:19 - [MESSAGE][PASSED] - Object '' is visible

2020-10-16 10:31:19 - [MESSAGE][PASSED] - Object '' is present

2020-10-16 10:31:20 - [MESSAGE][PASSED] - Text 'Tester' is set on object ''

2020-10-16 10:31:20 - [MESSAGE][PASSED] - Quicksti.ts:Entered'Tester into Comments

2020-10-16 10:31:20 - [TEST_STEP][PASSED] - utilities.SafeActions.safeType(findTestObject("CERTPAY_QUICKSTI/Payment_Information_Page/PAYMENT_AMOUNT"), amountList.get(i), "Payment Amount", [pageLoadTime]): Quicksti.ts:Entered'35.00 into Payment Amount

2020-10-16 10:31:21 - [MESSAGE][PASSED] - Object 'Object Repository/CERTPAY_QUICKSTI/Payment_Information_Page/PAYMENT_AMOUNT' is present

2020-10-16 10:31:21 - [MESSAGE][PASSED] - Object 'Object Repository/CERTPAY_QUICKSTI/Payment_Information_Page/PAYMENT_AMOUNT' is visible

2020-10-16 10:31:21 - [MESSAGE][PASSED] - Object 'Object Repository/CERTPAY_QUICKSTI/Payment_Information_Page/PAYMENT_AMOUNT' is present

2020-10-16 10:31:23 - [MESSAGE][PASSED] - Text '35.00' is set on object 'Object Repository/CERTPAY_QUICKSTI/Payment_Information_Page/PAYMENT_AMOUNT'

2020-10-16 10:31:23 - [MESSAGE][PASSED] - Quicksti.ts:Entered'35.00 into Payment Amount

2020-10-16 10:31:23 - [TEST_STEP][PASSED] - pages.Quicksti.setAmountDetailsForMultiBureau(s, paymentTypeList.get(i), "0", referenceList.get(i), quantityList.get(i)): Quicksti.ts:Entered'2 into Quntity

2020-10-16 10:31:23 - [MESSAGE][PASSED] - Object '' is visible

2020-10-16 10:31:23 - [MESSAGE][PASSED] - Object '' is present

2020-10-16 10:31:25 - [MESSAGE][PASSED] - Object: '' is clicked on

2020-10-16 10:31:26 - [MESSAGE][PASSED] - All options with label 'Taxes' are selected in object ''  using regular expression

2020-10-16 10:31:26 - [MESSAGE][PASSED] - selected dropdown option by visible text  Taxesfrom Payment Type

2020-10-16 10:31:26 - [MESSAGE][PASSED] - Object '' is present

2020-10-16 10:31:27 - [MESSAGE][PASSED] - Object '' is visible

2020-10-16 10:31:27 - [MESSAGE][PASSED] - Object '' is present

2020-10-16 10:31:28 - [MESSAGE][PASSED] - Text '12' is set on object ''

2020-10-16 10:31:28 - [MESSAGE][PASSED] - Quicksti.ts:Entered'12 into RefrenceNumber

2020-10-16 10:31:29 - [MESSAGE][PASSED] - Object '' is present

2020-10-16 10:31:29 - [MESSAGE][PASSED] - Object '' is visible

2020-10-16 10:31:29 - [MESSAGE][PASSED] - Object '' is present

2020-10-16 10:31:31 - [MESSAGE][PASSED] - Text '2' is set on object ''

2020-10-16 10:31:31 - [MESSAGE][PASSED] - Quicksti.ts:Entered'2 into Quntity

2020-10-16 10:31:31 - [TEST_STEP][PASSED] - s = Integer.toString(i): null

2020-10-16 10:31:31 - [TEST_STEP][PASSED] - pages.Quicksti.setCommnets("0", s, commentsList.get(i)): Quicksti.ts:Entered'Testing into Comments

2020-10-16 10:31:31 - [MESSAGE][PASSED] - Object '' is present

2020-10-16 10:31:31 - [MESSAGE][PASSED] - Object '' is visible

2020-10-16 10:31:32 - [MESSAGE][PASSED] - Object '' is present

2020-10-16 10:31:33 - [MESSAGE][PASSED] - Text 'Testing' is set on object ''

2020-10-16 10:31:33 - [MESSAGE][PASSED] - Quicksti.ts:Entered'Testing into Comments

2020-10-16 10:31:33 - [TEST_STEP][PASSED] - utilities.SafeActions.safeType(findTestObject("CERTPAY_QUICKSTI/Payment_Information_Page/PAYMENT_AMOUNT"), amountList.get(i), "Payment Amount", [pageLoadTime]): Quicksti.ts:Entered'20.00 into Payment Amount

2020-10-16 10:31:33 - [MESSAGE][PASSED] - Object 'Object Repository/CERTPAY_QUICKSTI/Payment_Information_Page/PAYMENT_AMOUNT' is present

2020-10-16 10:31:34 - [MESSAGE][PASSED] - Object 'Object Repository/CERTPAY_QUICKSTI/Payment_Information_Page/PAYMENT_AMOUNT' is visible

2020-10-16 10:31:34 - [MESSAGE][PASSED] - Object 'Object Repository/CERTPAY_QUICKSTI/Payment_Information_Page/PAYMENT_AMOUNT' is present

2020-10-16 10:31:35 - [MESSAGE][PASSED] - Text '20.00' is set on object 'Object Repository/CERTPAY_QUICKSTI/Payment_Information_Page/PAYMENT_AMOUNT'

2020-10-16 10:31:35 - [MESSAGE][PASSED] - Quicksti.ts:Entered'20.00 into Payment Amount

2020-10-16 10:31:35 - [TEST_STEP][PASSED] - pages.Quicksti.setAmountDetailsForMultiBureau(s, paymentTypeList.get(i), "0", referenceList.get(i), quantityList.get(i)): Quicksti.ts:Entered'2 into Quntity

2020-10-16 10:31:36 - [MESSAGE][PASSED] - Object '' is visible

2020-10-16 10:31:36 - [MESSAGE][PASSED] - Object '' is present

2020-10-16 10:31:37 - [MESSAGE][PASSED] - Object: '' is clicked on

2020-10-16 10:31:39 - [MESSAGE][PASSED] - All options with label 'Court Fines' are selected in object ''  using regular expression

2020-10-16 10:31:39 - [MESSAGE][PASSED] - selected dropdown option by visible text  Court Finesfrom Payment Type

2020-10-16 10:31:39 - [MESSAGE][PASSED] - Object '' is present

2020-10-16 10:31:40 - [MESSAGE][PASSED] - Object '' is visible

2020-10-16 10:31:40 - [MESSAGE][PASSED] - Object '' is present

2020-10-16 10:31:41 - [MESSAGE][PASSED] - Text '13' is set on object ''

2020-10-16 10:31:41 - [MESSAGE][PASSED] - Quicksti.ts:Entered'13 into RefrenceNumber

2020-10-16 10:31:41 - [MESSAGE][PASSED] - Object '' is present

2020-10-16 10:31:42 - [MESSAGE][PASSED] - Object '' is visible

2020-10-16 10:31:42 - [MESSAGE][PASSED] - Object '' is present

2020-10-16 10:31:43 - [MESSAGE][PASSED] - Text '2' is set on object ''

2020-10-16 10:31:43 - [MESSAGE][PASSED] - Quicksti.ts:Entered'2 into Quntity

2020-10-16 10:31:43 - [TEST_STEP][PASSED] - for ([i = 0, i <= amountList.size() - 1, (i++)]): Quicksti.ts:Entered'2 into Quntity

2020-10-16 10:31:43 - [TEST_STEP][PASSED] - s = Integer.toString(i): null

2020-10-16 10:31:43 - [TEST_STEP][PASSED] - utilities.SafeActions.safeType(findTestObject("CERTPAY_QUICKSTI/Payment_Information_Page/MULTIBUREAU_PAYMENT_AMOUNT"), amountList.get(i), "Payment Amount", [pageLoadTime]): Quicksti.ts:Entered'45.00 into Payment Amount

2020-10-16 10:31:44 - [MESSAGE][PASSED] - Object 'Object Repository/CERTPAY_QUICKSTI/Payment_Information_Page/MULTIBUREAU_PAYMENT_AMOUNT' is present

2020-10-16 10:31:44 - [MESSAGE][PASSED] - Object 'Object Repository/CERTPAY_QUICKSTI/Payment_Information_Page/MULTIBUREAU_PAYMENT_AMOUNT' is visible

2020-10-16 10:31:44 - [MESSAGE][PASSED] - Object 'Object Repository/CERTPAY_QUICKSTI/Payment_Information_Page/MULTIBUREAU_PAYMENT_AMOUNT' is present

2020-10-16 10:31:46 - [MESSAGE][PASSED] - Text '45.00' is set on object 'Object Repository/CERTPAY_QUICKSTI/Payment_Information_Page/MULTIBUREAU_PAYMENT_AMOUNT'

2020-10-16 10:31:46 - [MESSAGE][PASSED] - Quicksti.ts:Entered'45.00 into Payment Amount

2020-10-16 10:31:46 - [TEST_STEP][PASSED] - pages.Quicksti.setAmountDetailsForMultiBureau(s, "Registration Fees", "1", referenceList.get(i), quantityList.get(i)): Quicksti.ts:Entered'1 into Quntity

2020-10-16 10:31:46 - [MESSAGE][PASSED] - Object '' is visible

2020-10-16 10:31:47 - [MESSAGE][PASSED] - Object '' is present

2020-10-16 10:31:48 - [MESSAGE][PASSED] - Object: '' is clicked on

2020-10-16 10:31:49 - [MESSAGE][PASSED] - All options with label 'Registration Fees' are selected in object ''  using regular expression

2020-10-16 10:31:49 - [MESSAGE][PASSED] - selected dropdown option by visible text  Registration Feesfrom Payment Type

2020-10-16 10:31:49 - [MESSAGE][PASSED] - Object '' is present

2020-10-16 10:31:49 - [MESSAGE][PASSED] - Object '' is visible

2020-10-16 10:31:50 - [MESSAGE][PASSED] - Object '' is present

2020-10-16 10:31:51 - [MESSAGE][PASSED] - Text '11' is set on object ''

2020-10-16 10:31:51 - [MESSAGE][PASSED] - Quicksti.ts:Entered'11 into RefrenceNumber

2020-10-16 10:31:51 - [MESSAGE][PASSED] - Object '' is present

2020-10-16 10:31:52 - [MESSAGE][PASSED] - Object '' is visible

2020-10-16 10:31:52 - [MESSAGE][PASSED] - Object '' is present

2020-10-16 10:31:53 - [MESSAGE][PASSED] - Text '1' is set on object ''

2020-10-16 10:31:53 - [MESSAGE][PASSED] - Quicksti.ts:Entered'1 into Quntity

2020-10-16 10:31:53 - [TEST_STEP][PASSED] - s = Integer.toString(i): null

2020-10-16 10:31:53 - [TEST_STEP][PASSED] - utilities.SafeActions.safeType(findTestObject("CERTPAY_QUICKSTI/Payment_Information_Page/MULTIBUREAU_PAYMENT_AMOUNT"), amountList.get(i), "Payment Amount", [pageLoadTime]): Quicksti.ts:Entered'35.00 into Payment Amount

2020-10-16 10:31:54 - [MESSAGE][PASSED] - Object 'Object Repository/CERTPAY_QUICKSTI/Payment_Information_Page/MULTIBUREAU_PAYMENT_AMOUNT' is present

2020-10-16 10:31:54 - [MESSAGE][PASSED] - Object 'Object Repository/CERTPAY_QUICKSTI/Payment_Information_Page/MULTIBUREAU_PAYMENT_AMOUNT' is visible

2020-10-16 10:31:54 - [MESSAGE][PASSED] - Object 'Object Repository/CERTPAY_QUICKSTI/Payment_Information_Page/MULTIBUREAU_PAYMENT_AMOUNT' is present

2020-10-16 10:31:56 - [MESSAGE][PASSED] - Text '35.00' is set on object 'Object Repository/CERTPAY_QUICKSTI/Payment_Information_Page/MULTIBUREAU_PAYMENT_AMOUNT'

2020-10-16 10:31:56 - [MESSAGE][PASSED] - Quicksti.ts:Entered'35.00 into Payment Amount

2020-10-16 10:31:56 - [TEST_STEP][PASSED] - pages.Quicksti.setAmountDetailsForMultiBureau(s, "Registration Fees", "1", referenceList.get(i), quantityList.get(i)): Quicksti.ts:Entered'2 into Quntity

2020-10-16 10:31:56 - [MESSAGE][PASSED] - Object '' is visible

2020-10-16 10:31:56 - [MESSAGE][PASSED] - Object '' is present

2020-10-16 10:31:58 - [MESSAGE][PASSED] - Object: '' is clicked on

2020-10-16 10:31:59 - [MESSAGE][PASSED] - All options with label 'Registration Fees' are selected in object ''  using regular expression

2020-10-16 10:31:59 - [MESSAGE][PASSED] - selected dropdown option by visible text  Registration Feesfrom Payment Type

2020-10-16 10:31:59 - [MESSAGE][PASSED] - Object '' is present

2020-10-16 10:31:59 - [MESSAGE][PASSED] - Object '' is visible

2020-10-16 10:32:00 - [MESSAGE][PASSED] - Object '' is present

2020-10-16 10:32:01 - [MESSAGE][PASSED] - Text '12' is set on object ''

2020-10-16 10:32:01 - [MESSAGE][PASSED] - Quicksti.ts:Entered'12 into RefrenceNumber

2020-10-16 10:32:01 - [MESSAGE][PASSED] - Object '' is present

2020-10-16 10:32:02 - [MESSAGE][PASSED] - Object '' is visible

2020-10-16 10:32:02 - [MESSAGE][PASSED] - Object '' is present

2020-10-16 10:32:03 - [MESSAGE][PASSED] - Text '2' is set on object ''

2020-10-16 10:32:03 - [MESSAGE][PASSED] - Quicksti.ts:Entered'2 into Quntity

2020-10-16 10:32:03 - [TEST_STEP][PASSED] - s = Integer.toString(i): null

2020-10-16 10:32:03 - [TEST_STEP][PASSED] - utilities.SafeActions.safeType(findTestObject("CERTPAY_QUICKSTI/Payment_Information_Page/MULTIBUREAU_PAYMENT_AMOUNT"), amountList.get(i), "Payment Amount", [pageLoadTime]): Quicksti.ts:Entered'20.00 into Payment Amount

2020-10-16 10:32:04 - [MESSAGE][PASSED] - Object 'Object Repository/CERTPAY_QUICKSTI/Payment_Information_Page/MULTIBUREAU_PAYMENT_AMOUNT' is present

2020-10-16 10:32:04 - [MESSAGE][PASSED] - Object 'Object Repository/CERTPAY_QUICKSTI/Payment_Information_Page/MULTIBUREAU_PAYMENT_AMOUNT' is visible

2020-10-16 10:32:04 - [MESSAGE][PASSED] - Object 'Object Repository/CERTPAY_QUICKSTI/Payment_Information_Page/MULTIBUREAU_PAYMENT_AMOUNT' is present

2020-10-16 10:32:05 - [MESSAGE][PASSED] - Text '20.00' is set on object 'Object Repository/CERTPAY_QUICKSTI/Payment_Information_Page/MULTIBUREAU_PAYMENT_AMOUNT'

2020-10-16 10:32:05 - [MESSAGE][PASSED] - Quicksti.ts:Entered'20.00 into Payment Amount

2020-10-16 10:32:05 - [TEST_STEP][PASSED] - pages.Quicksti.setAmountDetailsForMultiBureau(s, "Registration Fees", "1", referenceList.get(i), quantityList.get(i)): Quicksti.ts:Entered'2 into Quntity

2020-10-16 10:32:06 - [MESSAGE][PASSED] - Object '' is visible

2020-10-16 10:32:06 - [MESSAGE][PASSED] - Object '' is present

2020-10-16 10:32:08 - [MESSAGE][PASSED] - Object: '' is clicked on

2020-10-16 10:32:09 - [MESSAGE][PASSED] - All options with label 'Registration Fees' are selected in object ''  using regular expression

2020-10-16 10:32:09 - [MESSAGE][PASSED] - selected dropdown option by visible text  Registration Feesfrom Payment Type

2020-10-16 10:32:09 - [MESSAGE][PASSED] - Object '' is present

2020-10-16 10:32:09 - [MESSAGE][PASSED] - Object '' is visible

2020-10-16 10:32:10 - [MESSAGE][PASSED] - Object '' is present

2020-10-16 10:32:11 - [MESSAGE][PASSED] - Text '13' is set on object ''

2020-10-16 10:32:11 - [MESSAGE][PASSED] - Quicksti.ts:Entered'13 into RefrenceNumber

2020-10-16 10:32:11 - [MESSAGE][PASSED] - Object '' is present

2020-10-16 10:32:12 - [MESSAGE][PASSED] - Object '' is visible

2020-10-16 10:32:12 - [MESSAGE][PASSED] - Object '' is present

2020-10-16 10:32:13 - [MESSAGE][PASSED] - Text '2' is set on object ''

2020-10-16 10:32:13 - [MESSAGE][PASSED] - Quicksti.ts:Entered'2 into Quntity

2020-10-16 10:32:13 - [TEST_STEP][PASSED] - for ([i = 0, i <= amountList.size() - 1, (i++)]): Quicksti.ts:Entered'Testing into Comments

2020-10-16 10:32:13 - [TEST_STEP][PASSED] - s = Integer.toString(i): null

2020-10-16 10:32:13 - [TEST_STEP][PASSED] - utilities.SafeActions.safeType(findTestObject("CERTPAY_QUICKSTI/Payment_Information_Page/MULTIBUREAU_PAY_AMOUNT2"), amountList.get(i), "Payment Amount", [pageLoadTime]): Quicksti.ts:Entered'45.00 into Payment Amount

2020-10-16 10:32:14 - [MESSAGE][PASSED] - Object 'Object Repository/CERTPAY_QUICKSTI/Payment_Information_Page/MULTIBUREAU_PAY_AMOUNT2' is present

2020-10-16 10:32:14 - [MESSAGE][PASSED] - Object 'Object Repository/CERTPAY_QUICKSTI/Payment_Information_Page/MULTIBUREAU_PAY_AMOUNT2' is visible

2020-10-16 10:32:14 - [MESSAGE][PASSED] - Object 'Object Repository/CERTPAY_QUICKSTI/Payment_Information_Page/MULTIBUREAU_PAY_AMOUNT2' is present

2020-10-16 10:32:16 - [MESSAGE][PASSED] - Text '45.00' is set on object 'Object Repository/CERTPAY_QUICKSTI/Payment_Information_Page/MULTIBUREAU_PAY_AMOUNT2'

2020-10-16 10:32:16 - [MESSAGE][PASSED] - Quicksti.ts:Entered'45.00 into Payment Amount

2020-10-16 10:32:16 - [TEST_STEP][PASSED] - pages.Quicksti.setAmountDetailsForMultiBureau(s, "Vehicles", "2", referenceList.get(i), quantityList.get(i)): Quicksti.ts:Entered'1 into Quntity

2020-10-16 10:32:16 - [MESSAGE][PASSED] - Object '' is visible

2020-10-16 10:32:16 - [MESSAGE][PASSED] - Object '' is present

2020-10-16 10:32:18 - [MESSAGE][PASSED] - Object: '' is clicked on

2020-10-16 10:32:19 - [MESSAGE][PASSED] - All options with label 'Vehicles' are selected in object ''  using regular expression

2020-10-16 10:32:19 - [MESSAGE][PASSED] - selected dropdown option by visible text  Vehiclesfrom Payment Type

2020-10-16 10:32:19 - [MESSAGE][PASSED] - Object '' is present

2020-10-16 10:32:20 - [MESSAGE][PASSED] - Object '' is visible

2020-10-16 10:32:20 - [MESSAGE][PASSED] - Object '' is present

2020-10-16 10:32:21 - [MESSAGE][PASSED] - Text '11' is set on object ''

2020-10-16 10:32:21 - [MESSAGE][PASSED] - Quicksti.ts:Entered'11 into RefrenceNumber

2020-10-16 10:32:22 - [MESSAGE][PASSED] - Object '' is present

2020-10-16 10:32:22 - [MESSAGE][PASSED] - Object '' is visible

2020-10-16 10:32:22 - [MESSAGE][PASSED] - Object '' is present

2020-10-16 10:32:24 - [MESSAGE][PASSED] - Text '1' is set on object ''

2020-10-16 10:32:24 - [MESSAGE][PASSED] - Quicksti.ts:Entered'1 into Quntity

2020-10-16 10:32:24 - [TEST_STEP][PASSED] - pages.Quicksti.setCommnets("2", s, commentsList.get(i)): Quicksti.ts:Entered'Testing into Comments

2020-10-16 10:32:24 - [MESSAGE][PASSED] - Object '' is present

2020-10-16 10:32:24 - [MESSAGE][PASSED] - Object '' is visible

2020-10-16 10:32:25 - [MESSAGE][PASSED] - Object '' is present

2020-10-16 10:32:26 - [MESSAGE][PASSED] - Text 'Testing' is set on object ''

2020-10-16 10:32:26 - [MESSAGE][PASSED] - Quicksti.ts:Entered'Testing into Comments

2020-10-16 10:32:26 - [TEST_STEP][PASSED] - s = Integer.toString(i): null

2020-10-16 10:32:26 - [TEST_STEP][PASSED] - utilities.SafeActions.safeType(findTestObject("CERTPAY_QUICKSTI/Payment_Information_Page/MULTIBUREAU_PAY_AMOUNT2"), amountList.get(i), "Payment Amount", [pageLoadTime]): Quicksti.ts:Entered'35.00 into Payment Amount

2020-10-16 10:32:26 - [MESSAGE][PASSED] - Object 'Object Repository/CERTPAY_QUICKSTI/Payment_Information_Page/MULTIBUREAU_PAY_AMOUNT2' is present

2020-10-16 10:32:27 - [MESSAGE][PASSED] - Object 'Object Repository/CERTPAY_QUICKSTI/Payment_Information_Page/MULTIBUREAU_PAY_AMOUNT2' is visible

2020-10-16 10:32:27 - [MESSAGE][PASSED] - Object 'Object Repository/CERTPAY_QUICKSTI/Payment_Information_Page/MULTIBUREAU_PAY_AMOUNT2' is present

2020-10-16 10:32:28 - [MESSAGE][PASSED] - Text '35.00' is set on object 'Object Repository/CERTPAY_QUICKSTI/Payment_Information_Page/MULTIBUREAU_PAY_AMOUNT2'

2020-10-16 10:32:28 - [MESSAGE][PASSED] - Quicksti.ts:Entered'35.00 into Payment Amount

2020-10-16 10:32:28 - [TEST_STEP][PASSED] - pages.Quicksti.setAmountDetailsForMultiBureau(s, "Vehicles", "2", referenceList.get(i), quantityList.get(i)): Quicksti.ts:Entered'2 into Quntity

2020-10-16 10:32:29 - [MESSAGE][PASSED] - Object '' is visible

2020-10-16 10:32:29 - [MESSAGE][PASSED] - Object '' is present

2020-10-16 10:32:30 - [MESSAGE][PASSED] - Object: '' is clicked on

2020-10-16 10:32:31 - [MESSAGE][PASSED] - All options with label 'Vehicles' are selected in object ''  using regular expression

2020-10-16 10:32:31 - [MESSAGE][PASSED] - selected dropdown option by visible text  Vehiclesfrom Payment Type

2020-10-16 10:32:32 - [MESSAGE][PASSED] - Object '' is present

2020-10-16 10:32:32 - [MESSAGE][PASSED] - Object '' is visible

2020-10-16 10:32:33 - [MESSAGE][PASSED] - Object '' is present

2020-10-16 10:32:34 - [MESSAGE][PASSED] - Text '12' is set on object ''

2020-10-16 10:32:34 - [MESSAGE][PASSED] - Quicksti.ts:Entered'12 into RefrenceNumber

2020-10-16 10:32:34 - [MESSAGE][PASSED] - Object '' is present

2020-10-16 10:32:34 - [MESSAGE][PASSED] - Object '' is visible

2020-10-16 10:32:35 - [MESSAGE][PASSED] - Object '' is present

2020-10-16 10:32:36 - [MESSAGE][PASSED] - Text '2' is set on object ''

2020-10-16 10:32:36 - [MESSAGE][PASSED] - Quicksti.ts:Entered'2 into Quntity

2020-10-16 10:32:36 - [TEST_STEP][PASSED] - pages.Quicksti.setCommnets("2", s, commentsList.get(i)): Quicksti.ts:Entered'Tester into Comments

2020-10-16 10:32:37 - [MESSAGE][PASSED] - Object '' is present

2020-10-16 10:32:37 - [MESSAGE][PASSED] - Object '' is visible

2020-10-16 10:32:37 - [MESSAGE][PASSED] - Object '' is present

2020-10-16 10:32:39 - [MESSAGE][PASSED] - Text 'Tester' is set on object ''

2020-10-16 10:32:39 - [MESSAGE][PASSED] - Quicksti.ts:Entered'Tester into Comments

2020-10-16 10:32:39 - [TEST_STEP][PASSED] - s = Integer.toString(i): null

2020-10-16 10:32:39 - [TEST_STEP][PASSED] - utilities.SafeActions.safeType(findTestObject("CERTPAY_QUICKSTI/Payment_Information_Page/MULTIBUREAU_PAY_AMOUNT2"), amountList.get(i), "Payment Amount", [pageLoadTime]): Quicksti.ts:Entered'20.00 into Payment Amount

2020-10-16 10:32:39 - [MESSAGE][PASSED] - Object 'Object Repository/CERTPAY_QUICKSTI/Payment_Information_Page/MULTIBUREAU_PAY_AMOUNT2' is present

2020-10-16 10:32:39 - [MESSAGE][PASSED] - Object 'Object Repository/CERTPAY_QUICKSTI/Payment_Information_Page/MULTIBUREAU_PAY_AMOUNT2' is visible

2020-10-16 10:32:40 - [MESSAGE][PASSED] - Object 'Object Repository/CERTPAY_QUICKSTI/Payment_Information_Page/MULTIBUREAU_PAY_AMOUNT2' is present

2020-10-16 10:32:41 - [MESSAGE][PASSED] - Text '20.00' is set on object 'Object Repository/CERTPAY_QUICKSTI/Payment_Information_Page/MULTIBUREAU_PAY_AMOUNT2'

2020-10-16 10:32:41 - [MESSAGE][PASSED] - Quicksti.ts:Entered'20.00 into Payment Amount

2020-10-16 10:32:41 - [TEST_STEP][PASSED] - pages.Quicksti.setAmountDetailsForMultiBureau(s, "Vehicles", "2", referenceList.get(i), quantityList.get(i)): Quicksti.ts:Entered'2 into Quntity

2020-10-16 10:32:41 - [MESSAGE][PASSED] - Object '' is visible

2020-10-16 10:32:42 - [MESSAGE][PASSED] - Object '' is present

2020-10-16 10:32:43 - [MESSAGE][PASSED] - Object: '' is clicked on

2020-10-16 10:32:44 - [MESSAGE][PASSED] - All options with label 'Vehicles' are selected in object ''  using regular expression

2020-10-16 10:32:44 - [MESSAGE][PASSED] - selected dropdown option by visible text  Vehiclesfrom Payment Type

2020-10-16 10:32:45 - [MESSAGE][PASSED] - Object '' is present

2020-10-16 10:32:45 - [MESSAGE][PASSED] - Object '' is visible

2020-10-16 10:32:45 - [MESSAGE][PASSED] - Object '' is present

2020-10-16 10:32:47 - [MESSAGE][PASSED] - Text '13' is set on object ''

2020-10-16 10:32:47 - [MESSAGE][PASSED] - Quicksti.ts:Entered'13 into RefrenceNumber

2020-10-16 10:32:47 - [MESSAGE][PASSED] - Object '' is present

2020-10-16 10:32:47 - [MESSAGE][PASSED] - Object '' is visible

2020-10-16 10:32:48 - [MESSAGE][PASSED] - Object '' is present

2020-10-16 10:32:49 - [MESSAGE][PASSED] - Text '2' is set on object ''

2020-10-16 10:32:49 - [MESSAGE][PASSED] - Quicksti.ts:Entered'2 into Quntity

2020-10-16 10:32:49 - [TEST_STEP][PASSED] - pages.Quicksti.setCommnets("2", s, commentsList.get(i)): Quicksti.ts:Entered'Testing into Comments

2020-10-16 10:32:49 - [MESSAGE][PASSED] - Object '' is present

2020-10-16 10:32:50 - [MESSAGE][PASSED] - Object '' is visible

2020-10-16 10:32:50 - [MESSAGE][PASSED] - Object '' is present

2020-10-16 10:32:51 - [MESSAGE][PASSED] - Text 'Testing' is set on object ''

2020-10-16 10:32:51 - [MESSAGE][PASSED] - Quicksti.ts:Entered'Testing into Comments

2020-10-16 10:32:51 - [TEST_STEP][PASSED] - utilities.SafeActions.safeClick(findTestObject("CERTPAY_QUICKSTI/Payment_Information_Page/MANUAL_ENTRY_BUTTON"), "ManualEntry", [pageLoadTime]): Quicksti.ts:Clicked on the ManualEntry

2020-10-16 10:32:51 - [MESSAGE][INFO] - safeClicking

2020-10-16 10:32:52 - [MESSAGE][PASSED] - Object 'Object Repository/CERTPAY_QUICKSTI/Payment_Information_Page/MANUAL_ENTRY_BUTTON' is present

2020-10-16 10:32:52 - [MESSAGE][PASSED] - Object 'Object Repository/CERTPAY_QUICKSTI/Payment_Information_Page/MANUAL_ENTRY_BUTTON' is clickable

2020-10-16 10:33:04 - [MESSAGE][PASSED] - Object: 'Object Repository/CERTPAY_QUICKSTI/Payment_Information_Page/MANUAL_ENTRY_BUTTON' is clicked on

2020-10-16 10:33:04 - [MESSAGE][PASSED] - Quicksti.ts:Clicked on the ManualEntry

2020-10-16 10:33:04 - [TEST_STEP][PASSED] - amount_Value = pages.Quicksti.getAttributeValue(findTestObject("CERTPAY_QUICKSTI/Payment_Information_Page/SUB_TOTAL")): pages.Quicksti.getAttributeValue is PASSED

2020-10-16 10:33:04 - [MESSAGE][PASSED] - Attribute 'value' of object 'Object Repository/CERTPAY_QUICKSTI/Payment_Information_Page/SUB_TOTAL' is: '45.00'

2020-10-16 10:33:04 - [MESSAGE][PASSED] - pages.Quicksti.getAttributeValue is PASSED

2020-10-16 10:33:04 - [TEST_STEP][PASSED] - CardNumber = pages.Quicksti.setUserPaymentDetails(firstName, lastName, cardNum): Quicksti.ts:Entered'8171999900000018 into CardNum

2020-10-16 10:33:04 - [MESSAGE][PASSED] - Object 'Object Repository/CERTPAY_QUICKSTI/Payment_Information_Page/FIRST_NAME' is present

2020-10-16 10:33:05 - [MESSAGE][PASSED] - Object 'Object Repository/CERTPAY_QUICKSTI/Payment_Information_Page/FIRST_NAME' is visible

2020-10-16 10:33:05 - [MESSAGE][PASSED] - Object 'Object Repository/CERTPAY_QUICKSTI/Payment_Information_Page/FIRST_NAME' is present

2020-10-16 10:33:06 - [MESSAGE][PASSED] - Text 'Tester' is set on object 'Object Repository/CERTPAY_QUICKSTI/Payment_Information_Page/FIRST_NAME'

2020-10-16 10:33:06 - [MESSAGE][PASSED] - Quicksti.ts:Entered'Tester into FirstName

2020-10-16 10:33:07 - [MESSAGE][PASSED] - Object 'Object Repository/CERTPAY_QUICKSTI/Payment_Information_Page/LAST_NAME' is present

2020-10-16 10:33:07 - [MESSAGE][PASSED] - Object 'Object Repository/CERTPAY_QUICKSTI/Payment_Information_Page/LAST_NAME' is visible

2020-10-16 10:33:07 - [MESSAGE][PASSED] - Object 'Object Repository/CERTPAY_QUICKSTI/Payment_Information_Page/LAST_NAME' is present

2020-10-16 10:33:09 - [MESSAGE][PASSED] - Text 'Zenq1' is set on object 'Object Repository/CERTPAY_QUICKSTI/Payment_Information_Page/LAST_NAME'

2020-10-16 10:33:09 - [MESSAGE][PASSED] - Quicksti.ts:Entered'Zenq1 into LAstName

2020-10-16 10:33:09 - [MESSAGE][PASSED] - Object 'Object Repository/CERTPAY_QUICKSTI/Payment_Information_Page/CARD_NUMBER' is present

2020-10-16 10:33:09 - [MESSAGE][PASSED] - Object 'Object Repository/CERTPAY_QUICKSTI/Payment_Information_Page/CARD_NUMBER' is visible

2020-10-16 10:33:10 - [MESSAGE][PASSED] - Object 'Object Repository/CERTPAY_QUICKSTI/Payment_Information_Page/CARD_NUMBER' is present

2020-10-16 10:33:11 - [MESSAGE][PASSED] - Text '8171999900000018' is set on object 'Object Repository/CERTPAY_QUICKSTI/Payment_Information_Page/CARD_NUMBER'

2020-10-16 10:33:11 - [MESSAGE][PASSED] - Quicksti.ts:Entered'8171999900000018 into CardNum

2020-10-16 10:33:11 - [TEST_STEP][PASSED] - pages.Quicksti.setExpDate(expMonth, expYear, securityCode): Quicksti.ts:Entered'111 into securityCode

2020-10-16 10:33:11 - [MESSAGE][PASSED] - Object 'Object Repository/CERTPAY_QUICKSTI/Payment_Information_Page/EXP_MONTH' is visible

2020-10-16 10:33:12 - [MESSAGE][PASSED] - Object 'Object Repository/CERTPAY_QUICKSTI/Payment_Information_Page/EXP_MONTH' is present

2020-10-16 10:33:13 - [MESSAGE][PASSED] - Object: 'Object Repository/CERTPAY_QUICKSTI/Payment_Information_Page/EXP_MONTH' is clicked on

2020-10-16 10:33:14 - [MESSAGE][PASSED] - All options with label '04' are selected in object 'Object Repository/CERTPAY_QUICKSTI/Payment_Information_Page/EXP_MONTH'  using regular expression

2020-10-16 10:33:14 - [MESSAGE][PASSED] - selected dropdown option by visible text  04from expMonth

2020-10-16 10:33:15 - [MESSAGE][PASSED] - Object 'Object Repository/CERTPAY_QUICKSTI/Payment_Information_Page/EXP_YEAR' is visible

2020-10-16 10:33:15 - [MESSAGE][PASSED] - Object 'Object Repository/CERTPAY_QUICKSTI/Payment_Information_Page/EXP_YEAR' is present

2020-10-16 10:33:16 - [MESSAGE][PASSED] - Object: 'Object Repository/CERTPAY_QUICKSTI/Payment_Information_Page/EXP_YEAR' is clicked on

2020-10-16 10:33:18 - [MESSAGE][PASSED] - All options with label '2027' are selected in object 'Object Repository/CERTPAY_QUICKSTI/Payment_Information_Page/EXP_YEAR'  using regular expression

2020-10-16 10:33:18 - [MESSAGE][PASSED] - selected dropdown option by visible text  2027from  expYear

2020-10-16 10:33:18 - [MESSAGE][PASSED] - Object 'Object Repository/CERTPAY_QUICKSTI/Payment_Information_Page/SECURITY_CODE' is present

2020-10-16 10:33:18 - [MESSAGE][PASSED] - Object 'Object Repository/CERTPAY_QUICKSTI/Payment_Information_Page/SECURITY_CODE' is visible

2020-10-16 10:33:19 - [MESSAGE][PASSED] - Object 'Object Repository/CERTPAY_QUICKSTI/Payment_Information_Page/SECURITY_CODE' is present

2020-10-16 10:33:20 - [MESSAGE][PASSED] - Text '111' is set on object 'Object Repository/CERTPAY_QUICKSTI/Payment_Information_Page/SECURITY_CODE'

2020-10-16 10:33:20 - [MESSAGE][PASSED] - Quicksti.ts:Entered'111 into securityCode

2020-10-16 10:33:20 - [TEST_STEP][PASSED] - utilities.SafeActions.safeType(findTestObject("CERTPAY_QUICKSTI/Payment_Information_Page/ADDRESS"), address, "Address", [pageLoadTime]): Quicksti.ts:Entered'14-2 into Address

2020-10-16 10:33:20 - [MESSAGE][PASSED] - Object 'Object Repository/CERTPAY_QUICKSTI/Payment_Information_Page/ADDRESS' is present

2020-10-16 10:33:21 - [MESSAGE][PASSED] - Object 'Object Repository/CERTPAY_QUICKSTI/Payment_Information_Page/ADDRESS' is visible

2020-10-16 10:33:21 - [MESSAGE][PASSED] - Object 'Object Repository/CERTPAY_QUICKSTI/Payment_Information_Page/ADDRESS' is present

2020-10-16 10:33:22 - [MESSAGE][PASSED] - Text '14-2' is set on object 'Object Repository/CERTPAY_QUICKSTI/Payment_Information_Page/ADDRESS'

2020-10-16 10:33:22 - [MESSAGE][PASSED] - Quicksti.ts:Entered'14-2 into Address

2020-10-16 10:33:22 - [TEST_STEP][PASSED] - utilities.SafeActions.safeType(findTestObject("CERTPAY_QUICKSTI/Payment_Information_Page/ZIP_CODE"), zipCode, "zipcode", [pageLoadTime]): Quicksti.ts:Entered'76102 into zipcode

2020-10-16 10:33:23 - [MESSAGE][PASSED] - Object 'Object Repository/CERTPAY_QUICKSTI/Payment_Information_Page/ZIP_CODE' is present

2020-10-16 10:33:23 - [MESSAGE][PASSED] - Object 'Object Repository/CERTPAY_QUICKSTI/Payment_Information_Page/ZIP_CODE' is visible

2020-10-16 10:33:23 - [MESSAGE][PASSED] - Object 'Object Repository/CERTPAY_QUICKSTI/Payment_Information_Page/ZIP_CODE' is present

2020-10-16 10:33:25 - [MESSAGE][PASSED] - Text '76102' is set on object 'Object Repository/CERTPAY_QUICKSTI/Payment_Information_Page/ZIP_CODE'

2020-10-16 10:33:25 - [MESSAGE][PASSED] - Quicksti.ts:Entered'76102 into zipcode

2020-10-16 10:33:25 - [TEST_STEP][PASSED] - utilities.SafeActions.safeType(findTestObject("CERTPAY_QUICKSTI/Payment_Information_Page/TELEPHONE"), telephone, "Telephone", [pageLoadTime]): Quicksti.ts:Entered'9989897654 into Telephone

2020-10-16 10:33:25 - [MESSAGE][PASSED] - Object 'Object Repository/CERTPAY_QUICKSTI/Payment_Information_Page/TELEPHONE' is present

2020-10-16 10:33:25 - [MESSAGE][PASSED] - Object 'Object Repository/CERTPAY_QUICKSTI/Payment_Information_Page/TELEPHONE' is visible

2020-10-16 10:33:25 - [MESSAGE][PASSED] - Object 'Object Repository/CERTPAY_QUICKSTI/Payment_Information_Page/TELEPHONE' is present

2020-10-16 10:33:27 - [MESSAGE][PASSED] - Text '9989897654' is set on object 'Object Repository/CERTPAY_QUICKSTI/Payment_Information_Page/TELEPHONE'

2020-10-16 10:33:27 - [MESSAGE][PASSED] - Quicksti.ts:Entered'9989897654 into Telephone

2020-10-16 10:33:27 - [TEST_STEP][PASSED] - utilities.SafeActions.safeType(findTestObject("CERTPAY_QUICKSTI/Payment_Information_Page/EMAIL_ADDRESS"), emailAddress, "EMAIL address", [pageLoadTime]): Quicksti.ts:Entered'testing@zenq.com into EMAIL address

2020-10-16 10:33:27 - [MESSAGE][PASSED] - Object 'Object Repository/CERTPAY_QUICKSTI/Payment_Information_Page/EMAIL_ADDRESS' is present

2020-10-16 10:33:27 - [MESSAGE][PASSED] - Object 'Object Repository/CERTPAY_QUICKSTI/Payment_Information_Page/EMAIL_ADDRESS' is visible

2020-10-16 10:33:28 - [MESSAGE][PASSED] - Object 'Object Repository/CERTPAY_QUICKSTI/Payment_Information_Page/EMAIL_ADDRESS' is present

2020-10-16 10:33:29 - [MESSAGE][PASSED] - Text 'testing@zenq.com' is set on object 'Object Repository/CERTPAY_QUICKSTI/Payment_Information_Page/EMAIL_ADDRESS'

2020-10-16 10:33:29 - [MESSAGE][PASSED] - Quicksti.ts:Entered'testing@zenq.com into EMAIL address

2020-10-16 10:33:29 - [TEST_STEP][PASSED] - utilities.SafeActions.safeClick(findTestObject("CERTPAY_QUICKSTI/Payment_Information_Page/NEXT_BUTTON"), "Next", [pageLoadTime]): Quicksti.ts:Clicked on the Next

2020-10-16 10:33:29 - [MESSAGE][INFO] - safeClicking

2020-10-16 10:33:29 - [MESSAGE][PASSED] - Object 'Object Repository/CERTPAY_QUICKSTI/Payment_Information_Page/NEXT_BUTTON' is present

2020-10-16 10:33:30 - [MESSAGE][PASSED] - Object 'Object Repository/CERTPAY_QUICKSTI/Payment_Information_Page/NEXT_BUTTON' is clickable

2020-10-16 10:33:34 - [MESSAGE][PASSED] - Object: 'Object Repository/CERTPAY_QUICKSTI/Payment_Information_Page/NEXT_BUTTON' is clicked on

2020-10-16 10:33:34 - [MESSAGE][PASSED] - Quicksti.ts:Clicked on the Next

2020-10-16 10:33:34 - [TEST_STEP][PASSED] - pages.Quicksti.verifyUserPaymentDetails(amountList.get(0), firstName, lastName, CardNumber): pages.Quicksti.verifyUserPaymentDetails is PASSED

2020-10-16 10:33:34 - [MESSAGE][PASSED] - Text of object 'Object Repository/CERTPAY_QUICKSTI/Payment_Details_Verification_Page/AMOUNT' is: '$45.00'

2020-10-16 10:33:34 - [MESSAGE][PASSED] - Actual text '45.00' and expected text '45.00' are matched  using regular expression

2020-10-16 10:33:35 - [MESSAGE][PASSED] - Text of object 'Object Repository/CERTPAY_QUICKSTI/Payment_Details_Verification_Page/NAME' is: 'Tester Zenq1'

2020-10-16 10:33:35 - [MESSAGE][PASSED] - Actual text 'Tester Zenq1' and expected text 'Tester Zenq1' are matched  using regular expression

2020-10-16 10:33:35 - [MESSAGE][PASSED] - Text of object 'Object Repository/CERTPAY_QUICKSTI/Payment_Details_Verification_Page/CARD_NUMBER' is: '...0018'

2020-10-16 10:33:35 - [MESSAGE][PASSED] - Actual text '0018' and expected text '0018' are matched  using regular expression

2020-10-16 10:33:35 - [MESSAGE][PASSED] - pages.Quicksti.verifyUserPaymentDetails is PASSED

2020-10-16 10:33:35 - [TEST_STEP][PASSED] - ConvFee = getText(findTestObject("CERTPAY_QUICKSTI/Payment_Information_Page/CONV_FEE")): Text of object 'Object Repository/CERTPAY_QUICKSTI/Payment_Information_Page/CONV_FEE' is: '$1.13'

2020-10-16 10:33:35 - [MESSAGE][PASSED] - Text of object 'Object Repository/CERTPAY_QUICKSTI/Payment_Information_Page/CONV_FEE' is: '$1.13'

2020-10-16 10:33:35 - [TEST_STEP][PASSED] - scrollToElement(findTestObject("CERTPAY_QUICKSTI/Payment_Details_Verification_Page/PROCESS"), 30): Scroll to object 'Object Repository/CERTPAY_QUICKSTI/Payment_Details_Verification_Page/PROCESS' successfully

2020-10-16 10:33:36 - [MESSAGE][PASSED] - Scroll to object 'Object Repository/CERTPAY_QUICKSTI/Payment_Details_Verification_Page/PROCESS' successfully

2020-10-16 10:33:36 - [TEST_STEP][PASSED] - utilities.SafeActions.safeClick(findTestObject("CERTPAY_QUICKSTI/Payment_Details_Verification_Page/PROCESS"), "Process", [pageLoadTime]): Quicksti.ts:Clicked on the Process

2020-10-16 10:33:36 - [MESSAGE][INFO] - safeClicking

2020-10-16 10:33:36 - [MESSAGE][PASSED] - Object 'Object Repository/CERTPAY_QUICKSTI/Payment_Details_Verification_Page/PROCESS' is present

2020-10-16 10:33:36 - [MESSAGE][PASSED] - Object 'Object Repository/CERTPAY_QUICKSTI/Payment_Details_Verification_Page/PROCESS' is clickable

2020-10-16 10:33:44 - [MESSAGE][PASSED] - Object: 'Object Repository/CERTPAY_QUICKSTI/Payment_Details_Verification_Page/PROCESS' is clicked on

2020-10-16 10:33:44 - [MESSAGE][PASSED] - Quicksti.ts:Clicked on the Process

2020-10-16 10:33:44 - [TEST_STEP][PASSED] - paymentId = pages.Quicksti.verifyPaymentApproval(findTestObject("CERTPAY_QUICKSTI/Payment_Details_Verification_Page/APPROVED")): Payment is approved

2020-10-16 10:33:44 - [MESSAGE][PASSED] - Text of object 'Object Repository/CERTPAY_QUICKSTI/Payment_Details_Verification_Page/PAYMENT_ID' is: '100176129930'

2020-10-16 10:33:45 - [MESSAGE][PASSED] - Object 'Object Repository/CERTPAY_QUICKSTI/Payment_Details_Verification_Page/APPROVED' is present

2020-10-16 10:33:45 - [MESSAGE][PASSED] - Payment is approved

2020-10-16 10:33:47 - [TEST_STEP][PASSED] - navigateToUrl(Admin_url): Navigate to 'https://qa-certpayadmin.faps.net' successfully

2020-10-16 10:33:54 - [MESSAGE][PASSED] - Navigate to 'https://qa-certpayadmin.faps.net' successfully

2020-10-16 10:33:54 - [TEST_STEP][PASSED] - pages.Bureau_Login_Page.loginToAdminSite(AdminUsername, AdminPassword): Quicksti.ts:Clicked on the LOGIN

2020-10-16 10:33:54 - [MESSAGE][PASSED] - Object 'Object Repository/CERTPAY_ADMIN/USER_NAME' is present

2020-10-16 10:33:54 - [MESSAGE][PASSED] - Object 'Object Repository/CERTPAY_ADMIN/USER_NAME' is visible

2020-10-16 10:33:55 - [MESSAGE][PASSED] - Object 'Object Repository/CERTPAY_ADMIN/USER_NAME' is present

2020-10-16 10:33:56 - [MESSAGE][PASSED] - Text 'VVangiliappan' is set on object 'Object Repository/CERTPAY_ADMIN/USER_NAME'

2020-10-16 10:33:56 - [MESSAGE][PASSED] - Quicksti.ts:Entered'VVangiliappan into username

2020-10-16 10:33:56 - [MESSAGE][PASSED] - Object 'Object Repository/CERTPAY_ADMIN/PASSWORD' is present

2020-10-16 10:33:57 - [MESSAGE][PASSED] - Object 'Object Repository/CERTPAY_ADMIN/PASSWORD' is visible

2020-10-16 10:33:57 - [MESSAGE][PASSED] - Object 'Object Repository/CERTPAY_ADMIN/PASSWORD' is present

2020-10-16 10:33:58 - [MESSAGE][PASSED] - Text 'Test@123' is set on object 'Object Repository/CERTPAY_ADMIN/PASSWORD'

2020-10-16 10:33:58 - [MESSAGE][PASSED] - Quicksti.ts:Entered'Test@123 into password

2020-10-16 10:33:58 - [MESSAGE][INFO] - safeClicking

2020-10-16 10:33:59 - [MESSAGE][PASSED] - Object 'Object Repository/CERTPAY_ADMIN/LOGIN_BUTTON' is present

2020-10-16 10:33:59 - [MESSAGE][PASSED] - Object 'Object Repository/CERTPAY_ADMIN/LOGIN_BUTTON' is clickable

2020-10-16 10:34:12 - [MESSAGE][PASSED] - Object: 'Object Repository/CERTPAY_ADMIN/LOGIN_BUTTON' is clicked on

2020-10-16 10:34:12 - [MESSAGE][PASSED] - Quicksti.ts:Clicked on the LOGIN

2020-10-16 10:34:12 - [TEST_STEP][PASSED] - utilities.SafeActions.safeClick(findTestObject("CERTPAY_ADMIN/TRANSACTION_MENU"), "TransactionMenu", [pageLoadTime]): Quicksti.ts:Clicked on the TransactionMenu

2020-10-16 10:34:12 - [MESSAGE][INFO] - safeClicking

2020-10-16 10:34:13 - [MESSAGE][PASSED] - Object 'Object Repository/CERTPAY_ADMIN/TRANSACTION_MENU' is present

2020-10-16 10:34:13 - [MESSAGE][PASSED] - Object 'Object Repository/CERTPAY_ADMIN/TRANSACTION_MENU' is clickable

2020-10-16 10:34:14 - [MESSAGE][PASSED] - Object: 'Object Repository/CERTPAY_ADMIN/TRANSACTION_MENU' is clicked on

2020-10-16 10:34:14 - [MESSAGE][PASSED] - Quicksti.ts:Clicked on the TransactionMenu

2020-10-16 10:34:14 - [TEST_STEP][PASSED] - utilities.SafeActions.safeClick(findTestObject("CERTPAY_ADMIN/TRANSACTION_SEARCH"), "TransactionSearch", [pageLoadTime]): Quicksti.ts:Clicked on the TransactionSearch

2020-10-16 10:34:14 - [MESSAGE][INFO] - safeClicking

2020-10-16 10:34:15 - [MESSAGE][PASSED] - Object 'Object Repository/CERTPAY_ADMIN/TRANSACTION_SEARCH' is present

2020-10-16 10:34:15 - [MESSAGE][PASSED] - Object 'Object Repository/CERTPAY_ADMIN/TRANSACTION_SEARCH' is clickable

2020-10-16 10:34:22 - [MESSAGE][PASSED] - Object: 'Object Repository/CERTPAY_ADMIN/TRANSACTION_SEARCH' is clicked on

2020-10-16 10:34:22 - [MESSAGE][PASSED] - Quicksti.ts:Clicked on the TransactionSearch

2020-10-16 10:34:22 - [TEST_STEP][PASSED] - utilities.SafeActions.safeType(findTestObject("CERTPAY_ADMIN/PAYMENT_ID"), paymentId, "Payment id", [pageLoadTime]): Quicksti.ts:Entered'100176129930 into Payment id

2020-10-16 10:34:23 - [MESSAGE][PASSED] - Object 'Object Repository/CERTPAY_ADMIN/PAYMENT_ID' is present

2020-10-16 10:34:23 - [MESSAGE][PASSED] - Object 'Object Repository/CERTPAY_ADMIN/PAYMENT_ID' is visible

2020-10-16 10:34:23 - [MESSAGE][PASSED] - Object 'Object Repository/CERTPAY_ADMIN/PAYMENT_ID' is present

2020-10-16 10:34:25 - [MESSAGE][PASSED] - Text '100176129930' is set on object 'Object Repository/CERTPAY_ADMIN/PAYMENT_ID'

2020-10-16 10:34:25 - [MESSAGE][PASSED] - Quicksti.ts:Entered'100176129930 into Payment id

2020-10-16 10:34:25 - [TEST_STEP][PASSED] - utilities.SafeActions.safeClick(findTestObject("CERTPAY_ADMIN/GO_BUTTON"), "Go button", [pageLoadTime]): Quicksti.ts:Clicked on the Go button

2020-10-16 10:34:25 - [MESSAGE][INFO] - safeClicking

2020-10-16 10:34:25 - [MESSAGE][PASSED] - Object 'Object Repository/CERTPAY_ADMIN/GO_BUTTON' is present

2020-10-16 10:34:25 - [MESSAGE][PASSED] - Object 'Object Repository/CERTPAY_ADMIN/GO_BUTTON' is clickable

2020-10-16 10:34:30 - [MESSAGE][PASSED] - Object: 'Object Repository/CERTPAY_ADMIN/GO_BUTTON' is clicked on

2020-10-16 10:34:30 - [MESSAGE][PASSED] - Quicksti.ts:Clicked on the Go button

2020-10-16 10:34:30 - [TEST_STEP][PASSED] - delay(5): Delayed 5 second(s)

2020-10-16 10:34:35 - [MESSAGE][PASSED] - Delayed 5 second(s)

2020-10-16 10:34:35 - [TEST_STEP][PASSED] - scrollToPosition(800, 900): Browser is scrolled to position x = 800, y = 900

2020-10-16 10:34:35 - [MESSAGE][PASSED] - Browser is scrolled to position x = 800, y = 900

2020-10-16 10:34:35 - [TEST_STEP][PASSED] - pages.Search_Page.validatePaymentAmount(amountList.get(0), ConvFee): Verified payment details successfully 

2020-10-16 10:34:35 - [MESSAGE][PASSED] - Text of object 'Object Repository/CERTPAY_ADMIN/PAYMENT_AMOUNT' is: '$45.00'

2020-10-16 10:34:35 - [MESSAGE][PASSED] - Actual text '45.00' and expected text '45.00' are matched  using regular expression

2020-10-16 10:34:36 - [MESSAGE][PASSED] - Text of object 'Object Repository/CERTPAY_ADMIN/CONV_FEE' is: '$1.13'

2020-10-16 10:34:36 - [MESSAGE][PASSED] - Actual text '1.13' and expected text '1.13' are matched  using regular expression

2020-10-16 10:34:36 - [MESSAGE][PASSED] - Verified payment details successfully 

2020-10-16 10:34:36 - [TEST_STEP][PASSED] - paymentIdList.add(paymentId): null

2020-10-16 10:34:36 - [TEST_STEP][PASSED] - println(paymentIdList): null

2020-10-16 10:34:36 - [TEST_STEP][PASSED] - firstName = data.getValue("FirstName", index): null

2020-10-16 10:34:36 - [TEST_STEP][PASSED] - lastName = data.getValue("LastName", index): null

2020-10-16 10:34:36 - [TEST_STEP][PASSED] - cardNum = data.getValue("CardNumber", index): null

2020-10-16 10:34:36 - [TEST_STEP][PASSED] - expMonth = data.getValue("ExpMonth", index): null

2020-10-16 10:34:36 - [TEST_STEP][PASSED] - expYear = data.getValue("ExpYear", index): null

2020-10-16 10:34:36 - [TEST_STEP][PASSED] - securityCode = data.getValue("SecurityCode", index): null

2020-10-16 10:34:36 - [TEST_STEP][PASSED] - paymentAmount = data.getValue("PaymentAmount", index): null

2020-10-16 10:34:36 - [TEST_STEP][PASSED] - paymentType = data.getValue("PaymentType", index): null

2020-10-16 10:34:36 - [TEST_STEP][PASSED] - quantity = data.getValue("Quantity", index): null

2020-10-16 10:34:36 - [TEST_STEP][PASSED] - comments = data.getValue("Comments", index): null

2020-10-16 10:34:36 - [TEST_STEP][PASSED] - referenceNum = data.getValue("ReferenceNum", index): null

2020-10-16 10:34:36 - [TEST_STEP][PASSED] - address = data.getValue("Address", index): null

2020-10-16 10:34:36 - [TEST_STEP][PASSED] - zipCode = data.getValue("Zipcode", index): null

2020-10-16 10:34:36 - [TEST_STEP][PASSED] - telephone = data.getValue("Telephone", index): null

2020-10-16 10:34:36 - [TEST_STEP][PASSED] - emailAddress = data.getValue("EmailAddress", index): null

2020-10-16 10:34:36 - [TEST_STEP][PASSED] - cardType = data.getValue("CardType", index): null

2020-10-16 10:34:36 - [TEST_STEP][PASSED] - amountList = paymentAmount.split(","): null

2020-10-16 10:34:36 - [TEST_STEP][PASSED] - referenceList = referenceNum.split(","): null

2020-10-16 10:34:36 - [TEST_STEP][PASSED] - paymentTypeList = paymentType.split(","): null

2020-10-16 10:34:36 - [TEST_STEP][PASSED] - commentsList = comments.split(","): null

2020-10-16 10:34:36 - [TEST_STEP][PASSED] - quantityList = quantity.split(","): null

2020-10-16 10:34:36 - [TEST_STEP][PASSED] - utilities.SafeActions.openBrowser(Quicksti_Url, [pageLoadTime]): Browser launched successfully

2020-10-16 10:34:36 - [MESSAGE][INFO] - Opening Browser

2020-10-16 10:34:36 - [MESSAGE][WARNING] - A browser is already opened. Closing browser and opening a new one

2020-10-16 10:34:36 - [MESSAGE][INFO] - Starting 'Chrome' driver

2020-10-16 10:34:51 - [MESSAGE][PASSED] - Browser is opened with url: 'https://qa-certpayquicksti.faps.net/'

2020-10-16 10:34:53 - [MESSAGE][PASSED] - Current window maximized

2020-10-16 10:34:53 - [MESSAGE][PASSED] - Browser launched successfully

2020-10-16 10:34:53 - [TEST_STEP][PASSED] - utilities.SafeActions.safeCheck(findTestObject("CERTPAY_QUICKSTI/Login_ Page/MULTI_BUREAU_CHECKBOX"), "Multi Bureau", [pageLoadTime]): Quicksti.ts:Checkbox 'Multi Bureau'is selected

2020-10-16 10:34:53 - [MESSAGE][PASSED] - Object 'Object Repository/CERTPAY_QUICKSTI/Login_ Page/MULTI_BUREAU_CHECKBOX' is present

2020-10-16 10:34:54 - [MESSAGE][PASSED] - Object 'Object Repository/CERTPAY_QUICKSTI/Login_ Page/MULTI_BUREAU_CHECKBOX' is present

2020-10-16 10:34:55 - [MESSAGE][PASSED] - Object: 'Object Repository/CERTPAY_QUICKSTI/Login_ Page/MULTI_BUREAU_CHECKBOX' is clicked on

2020-10-16 10:34:55 - [MESSAGE][PASSED] - Quicksti.ts:Checkbox 'Multi Bureau'is selected

2020-10-16 10:34:55 - [TEST_STEP][PASSED] - utilities.SafeActions.safeType(findTestObject("CERTPAY_QUICKSTI/Login_ Page/TELLER_ID"), teller_id, "Bureau code", [pageLoadTime]): Quicksti.ts:Entered'zenq into Bureau code

2020-10-16 10:34:58 - [MESSAGE][PASSED] - Object 'Object Repository/CERTPAY_QUICKSTI/Login_ Page/TELLER_ID' is present

2020-10-16 10:34:58 - [MESSAGE][PASSED] - Object 'Object Repository/CERTPAY_QUICKSTI/Login_ Page/TELLER_ID' is visible

2020-10-16 10:34:58 - [MESSAGE][PASSED] - Object 'Object Repository/CERTPAY_QUICKSTI/Login_ Page/TELLER_ID' is present

2020-10-16 10:35:00 - [MESSAGE][PASSED] - Text 'zenq' is set on object 'Object Repository/CERTPAY_QUICKSTI/Login_ Page/TELLER_ID'

2020-10-16 10:35:00 - [MESSAGE][PASSED] - Quicksti.ts:Entered'zenq into Bureau code

2020-10-16 10:35:00 - [TEST_STEP][PASSED] - utilities.SafeActions.safeClick(findTestObject("CERTPAY_QUICKSTI/Login_ Page/NEXT_BUTTON"), "Next button", [pageLoadTime]): Quicksti.ts:Clicked on the Next button

2020-10-16 10:35:00 - [MESSAGE][INFO] - safeClicking

2020-10-16 10:35:00 - [MESSAGE][PASSED] - Object 'Object Repository/CERTPAY_QUICKSTI/Login_ Page/NEXT_BUTTON' is present

2020-10-16 10:35:00 - [MESSAGE][PASSED] - Object 'Object Repository/CERTPAY_QUICKSTI/Login_ Page/NEXT_BUTTON' is clickable

2020-10-16 10:35:08 - [MESSAGE][PASSED] - Object: 'Object Repository/CERTPAY_QUICKSTI/Login_ Page/NEXT_BUTTON' is clicked on

2020-10-16 10:35:08 - [MESSAGE][PASSED] - Quicksti.ts:Clicked on the Next button

2020-10-16 10:35:08 - [TEST_STEP][PASSED] - for ([i = 0, i <= amountList.size() - 1, (i++)]): Quicksti.ts:Entered'2 into Quntity

2020-10-16 10:35:08 - [TEST_STEP][PASSED] - s = Integer.toString(i): null

2020-10-16 10:35:08 - [TEST_STEP][PASSED] - pages.Quicksti.setCommnets("0", s, commentsList.get(i)): Quicksti.ts:Entered'Testing into Comments

2020-10-16 10:35:09 - [MESSAGE][PASSED] - Object '' is present

2020-10-16 10:35:09 - [MESSAGE][PASSED] - Object '' is visible

2020-10-16 10:35:09 - [MESSAGE][PASSED] - Object '' is present

2020-10-16 10:35:11 - [MESSAGE][PASSED] - Text 'Testing' is set on object ''

2020-10-16 10:35:11 - [MESSAGE][PASSED] - Quicksti.ts:Entered'Testing into Comments

2020-10-16 10:35:11 - [TEST_STEP][PASSED] - utilities.SafeActions.safeType(findTestObject("CERTPAY_QUICKSTI/Payment_Information_Page/PAYMENT_AMOUNT"), amountList.get(i), "Payment Amount", [pageLoadTime]): Quicksti.ts:Entered'45.00 into Payment Amount

2020-10-16 10:35:11 - [MESSAGE][PASSED] - Object 'Object Repository/CERTPAY_QUICKSTI/Payment_Information_Page/PAYMENT_AMOUNT' is present

2020-10-16 10:35:11 - [MESSAGE][PASSED] - Object 'Object Repository/CERTPAY_QUICKSTI/Payment_Information_Page/PAYMENT_AMOUNT' is visible

2020-10-16 10:35:12 - [MESSAGE][PASSED] - Object 'Object Repository/CERTPAY_QUICKSTI/Payment_Information_Page/PAYMENT_AMOUNT' is present

2020-10-16 10:35:13 - [MESSAGE][PASSED] - Text '45.00' is set on object 'Object Repository/CERTPAY_QUICKSTI/Payment_Information_Page/PAYMENT_AMOUNT'

2020-10-16 10:35:13 - [MESSAGE][PASSED] - Quicksti.ts:Entered'45.00 into Payment Amount

2020-10-16 10:35:13 - [TEST_STEP][PASSED] - pages.Quicksti.setAmountDetailsForMultiBureau(s, paymentTypeList.get(i), "0", referenceList.get(i), quantityList.get(i)): Quicksti.ts:Entered'1 into Quntity

2020-10-16 10:35:14 - [MESSAGE][PASSED] - Object '' is visible

2020-10-16 10:35:14 - [MESSAGE][PASSED] - Object '' is present

2020-10-16 10:35:15 - [MESSAGE][PASSED] - Object: '' is clicked on

2020-10-16 10:35:17 - [MESSAGE][PASSED] - All options with label 'Licenses' are selected in object ''  using regular expression

2020-10-16 10:35:17 - [MESSAGE][PASSED] - selected dropdown option by visible text  Licensesfrom Payment Type

2020-10-16 10:35:17 - [MESSAGE][PASSED] - Object '' is present

2020-10-16 10:35:17 - [MESSAGE][PASSED] - Object '' is visible

2020-10-16 10:35:18 - [MESSAGE][PASSED] - Object '' is present

2020-10-16 10:35:19 - [MESSAGE][PASSED] - Text '11' is set on object ''

2020-10-16 10:35:19 - [MESSAGE][PASSED] - Quicksti.ts:Entered'11 into RefrenceNumber

2020-10-16 10:35:19 - [MESSAGE][PASSED] - Object '' is present

2020-10-16 10:35:20 - [MESSAGE][PASSED] - Object '' is visible

2020-10-16 10:35:20 - [MESSAGE][PASSED] - Object '' is present

2020-10-16 10:35:21 - [MESSAGE][PASSED] - Text '1' is set on object ''

2020-10-16 10:35:21 - [MESSAGE][PASSED] - Quicksti.ts:Entered'1 into Quntity

2020-10-16 10:35:21 - [TEST_STEP][PASSED] - s = Integer.toString(i): null

2020-10-16 10:35:21 - [TEST_STEP][PASSED] - pages.Quicksti.setCommnets("0", s, commentsList.get(i)): Quicksti.ts:Entered'Tester into Comments

2020-10-16 10:35:21 - [MESSAGE][PASSED] - Object '' is present

2020-10-16 10:35:22 - [MESSAGE][PASSED] - Object '' is visible

2020-10-16 10:35:22 - [MESSAGE][PASSED] - Object '' is present

2020-10-16 10:35:23 - [MESSAGE][PASSED] - Text 'Tester' is set on object ''

2020-10-16 10:35:23 - [MESSAGE][PASSED] - Quicksti.ts:Entered'Tester into Comments

2020-10-16 10:35:23 - [TEST_STEP][PASSED] - utilities.SafeActions.safeType(findTestObject("CERTPAY_QUICKSTI/Payment_Information_Page/PAYMENT_AMOUNT"), amountList.get(i), "Payment Amount", [pageLoadTime]): Quicksti.ts:Entered'35.00 into Payment Amount

2020-10-16 10:35:24 - [MESSAGE][PASSED] - Object 'Object Repository/CERTPAY_QUICKSTI/Payment_Information_Page/PAYMENT_AMOUNT' is present

2020-10-16 10:35:24 - [MESSAGE][PASSED] - Object 'Object Repository/CERTPAY_QUICKSTI/Payment_Information_Page/PAYMENT_AMOUNT' is visible

2020-10-16 10:35:24 - [MESSAGE][PASSED] - Object 'Object Repository/CERTPAY_QUICKSTI/Payment_Information_Page/PAYMENT_AMOUNT' is present

2020-10-16 10:35:26 - [MESSAGE][PASSED] - Text '35.00' is set on object 'Object Repository/CERTPAY_QUICKSTI/Payment_Information_Page/PAYMENT_AMOUNT'

2020-10-16 10:35:26 - [MESSAGE][PASSED] - Quicksti.ts:Entered'35.00 into Payment Amount

2020-10-16 10:35:26 - [TEST_STEP][PASSED] - pages.Quicksti.setAmountDetailsForMultiBureau(s, paymentTypeList.get(i), "0", referenceList.get(i), quantityList.get(i)): Quicksti.ts:Entered'2 into Quntity

2020-10-16 10:35:26 - [MESSAGE][PASSED] - Object '' is visible

2020-10-16 10:35:27 - [MESSAGE][PASSED] - Object '' is present

2020-10-16 10:35:28 - [MESSAGE][PASSED] - Object: '' is clicked on

2020-10-16 10:35:29 - [MESSAGE][PASSED] - All options with label 'Taxes' are selected in object ''  using regular expression

2020-10-16 10:35:29 - [MESSAGE][PASSED] - selected dropdown option by visible text  Taxesfrom Payment Type

2020-10-16 10:35:30 - [MESSAGE][PASSED] - Object '' is present

2020-10-16 10:35:30 - [MESSAGE][PASSED] - Object '' is visible

2020-10-16 10:35:30 - [MESSAGE][PASSED] - Object '' is present

2020-10-16 10:35:32 - [MESSAGE][PASSED] - Text '12' is set on object ''

2020-10-16 10:35:32 - [MESSAGE][PASSED] - Quicksti.ts:Entered'12 into RefrenceNumber

2020-10-16 10:35:32 - [MESSAGE][PASSED] - Object '' is present

2020-10-16 10:35:32 - [MESSAGE][PASSED] - Object '' is visible

2020-10-16 10:35:32 - [MESSAGE][PASSED] - Object '' is present

2020-10-16 10:35:34 - [MESSAGE][PASSED] - Text '2' is set on object ''

2020-10-16 10:35:34 - [MESSAGE][PASSED] - Quicksti.ts:Entered'2 into Quntity

2020-10-16 10:35:34 - [TEST_STEP][PASSED] - s = Integer.toString(i): null

2020-10-16 10:35:34 - [TEST_STEP][PASSED] - pages.Quicksti.setCommnets("0", s, commentsList.get(i)): Quicksti.ts:Entered'Testing into Comments

2020-10-16 10:35:34 - [MESSAGE][PASSED] - Object '' is present

2020-10-16 10:35:34 - [MESSAGE][PASSED] - Object '' is visible

2020-10-16 10:35:35 - [MESSAGE][PASSED] - Object '' is present

2020-10-16 10:35:36 - [MESSAGE][PASSED] - Text 'Testing' is set on object ''

2020-10-16 10:35:36 - [MESSAGE][PASSED] - Quicksti.ts:Entered'Testing into Comments

2020-10-16 10:35:36 - [TEST_STEP][PASSED] - utilities.SafeActions.safeType(findTestObject("CERTPAY_QUICKSTI/Payment_Information_Page/PAYMENT_AMOUNT"), amountList.get(i), "Payment Amount", [pageLoadTime]): Quicksti.ts:Entered'20.00 into Payment Amount

2020-10-16 10:35:36 - [MESSAGE][PASSED] - Object 'Object Repository/CERTPAY_QUICKSTI/Payment_Information_Page/PAYMENT_AMOUNT' is present

2020-10-16 10:35:37 - [MESSAGE][PASSED] - Object 'Object Repository/CERTPAY_QUICKSTI/Payment_Information_Page/PAYMENT_AMOUNT' is visible

2020-10-16 10:35:37 - [MESSAGE][PASSED] - Object 'Object Repository/CERTPAY_QUICKSTI/Payment_Information_Page/PAYMENT_AMOUNT' is present

2020-10-16 10:35:38 - [MESSAGE][PASSED] - Text '20.00' is set on object 'Object Repository/CERTPAY_QUICKSTI/Payment_Information_Page/PAYMENT_AMOUNT'

2020-10-16 10:35:38 - [MESSAGE][PASSED] - Quicksti.ts:Entered'20.00 into Payment Amount

2020-10-16 10:35:38 - [TEST_STEP][PASSED] - pages.Quicksti.setAmountDetailsForMultiBureau(s, paymentTypeList.get(i), "0", referenceList.get(i), quantityList.get(i)): Quicksti.ts:Entered'2 into Quntity

2020-10-16 10:35:39 - [MESSAGE][PASSED] - Object '' is visible

2020-10-16 10:35:39 - [MESSAGE][PASSED] - Object '' is present

2020-10-16 10:35:41 - [MESSAGE][PASSED] - Object: '' is clicked on

2020-10-16 10:35:42 - [MESSAGE][PASSED] - All options with label 'Court Fines' are selected in object ''  using regular expression

2020-10-16 10:35:42 - [MESSAGE][PASSED] - selected dropdown option by visible text  Court Finesfrom Payment Type

2020-10-16 10:35:42 - [MESSAGE][PASSED] - Object '' is present

2020-10-16 10:35:43 - [MESSAGE][PASSED] - Object '' is visible

2020-10-16 10:35:43 - [MESSAGE][PASSED] - Object '' is present

2020-10-16 10:35:44 - [MESSAGE][PASSED] - Text '13' is set on object ''

2020-10-16 10:35:44 - [MESSAGE][PASSED] - Quicksti.ts:Entered'13 into RefrenceNumber

2020-10-16 10:35:44 - [MESSAGE][PASSED] - Object '' is present

2020-10-16 10:35:45 - [MESSAGE][PASSED] - Object '' is visible

2020-10-16 10:35:45 - [MESSAGE][PASSED] - Object '' is present

2020-10-16 10:35:46 - [MESSAGE][PASSED] - Text '2' is set on object ''

2020-10-16 10:35:46 - [MESSAGE][PASSED] - Quicksti.ts:Entered'2 into Quntity

2020-10-16 10:35:46 - [TEST_STEP][PASSED] - for ([i = 0, i <= amountList.size() - 1, (i++)]): Quicksti.ts:Entered'2 into Quntity

2020-10-16 10:35:46 - [TEST_STEP][PASSED] - s = Integer.toString(i): null

2020-10-16 10:35:46 - [TEST_STEP][PASSED] - utilities.SafeActions.safeType(findTestObject("CERTPAY_QUICKSTI/Payment_Information_Page/MULTIBUREAU_PAYMENT_AMOUNT"), amountList.get(i), "Payment Amount", [pageLoadTime]): Quicksti.ts:Entered'45.00 into Payment Amount

2020-10-16 10:35:47 - [MESSAGE][PASSED] - Object 'Object Repository/CERTPAY_QUICKSTI/Payment_Information_Page/MULTIBUREAU_PAYMENT_AMOUNT' is present

2020-10-16 10:35:47 - [MESSAGE][PASSED] - Object 'Object Repository/CERTPAY_QUICKSTI/Payment_Information_Page/MULTIBUREAU_PAYMENT_AMOUNT' is visible

2020-10-16 10:35:47 - [MESSAGE][PASSED] - Object 'Object Repository/CERTPAY_QUICKSTI/Payment_Information_Page/MULTIBUREAU_PAYMENT_AMOUNT' is present

2020-10-16 10:35:49 - [MESSAGE][PASSED] - Text '45.00' is set on object 'Object Repository/CERTPAY_QUICKSTI/Payment_Information_Page/MULTIBUREAU_PAYMENT_AMOUNT'

2020-10-16 10:35:49 - [MESSAGE][PASSED] - Quicksti.ts:Entered'45.00 into Payment Amount

2020-10-16 10:35:49 - [TEST_STEP][PASSED] - pages.Quicksti.setAmountDetailsForMultiBureau(s, "Registration Fees", "1", referenceList.get(i), quantityList.get(i)): Quicksti.ts:Entered'1 into Quntity

2020-10-16 10:35:49 - [MESSAGE][PASSED] - Object '' is visible

2020-10-16 10:35:50 - [MESSAGE][PASSED] - Object '' is present

2020-10-16 10:35:51 - [MESSAGE][PASSED] - Object: '' is clicked on

2020-10-16 10:35:52 - [MESSAGE][PASSED] - All options with label 'Registration Fees' are selected in object ''  using regular expression

2020-10-16 10:35:52 - [MESSAGE][PASSED] - selected dropdown option by visible text  Registration Feesfrom Payment Type

2020-10-16 10:35:52 - [MESSAGE][PASSED] - Object '' is present

2020-10-16 10:35:53 - [MESSAGE][PASSED] - Object '' is visible

2020-10-16 10:35:53 - [MESSAGE][PASSED] - Object '' is present

2020-10-16 10:35:54 - [MESSAGE][PASSED] - Text '11' is set on object ''

2020-10-16 10:35:54 - [MESSAGE][PASSED] - Quicksti.ts:Entered'11 into RefrenceNumber

2020-10-16 10:35:55 - [MESSAGE][PASSED] - Object '' is present

2020-10-16 10:35:55 - [MESSAGE][PASSED] - Object '' is visible

2020-10-16 10:35:55 - [MESSAGE][PASSED] - Object '' is present

2020-10-16 10:35:57 - [MESSAGE][PASSED] - Text '1' is set on object ''

2020-10-16 10:35:57 - [MESSAGE][PASSED] - Quicksti.ts:Entered'1 into Quntity

2020-10-16 10:35:57 - [TEST_STEP][PASSED] - s = Integer.toString(i): null

2020-10-16 10:35:57 - [TEST_STEP][PASSED] - utilities.SafeActions.safeType(findTestObject("CERTPAY_QUICKSTI/Payment_Information_Page/MULTIBUREAU_PAYMENT_AMOUNT"), amountList.get(i), "Payment Amount", [pageLoadTime]): Quicksti.ts:Entered'35.00 into Payment Amount

2020-10-16 10:35:57 - [MESSAGE][PASSED] - Object 'Object Repository/CERTPAY_QUICKSTI/Payment_Information_Page/MULTIBUREAU_PAYMENT_AMOUNT' is present

2020-10-16 10:35:57 - [MESSAGE][PASSED] - Object 'Object Repository/CERTPAY_QUICKSTI/Payment_Information_Page/MULTIBUREAU_PAYMENT_AMOUNT' is visible

2020-10-16 10:35:58 - [MESSAGE][PASSED] - Object 'Object Repository/CERTPAY_QUICKSTI/Payment_Information_Page/MULTIBUREAU_PAYMENT_AMOUNT' is present

2020-10-16 10:35:59 - [MESSAGE][PASSED] - Text '35.00' is set on object 'Object Repository/CERTPAY_QUICKSTI/Payment_Information_Page/MULTIBUREAU_PAYMENT_AMOUNT'

2020-10-16 10:35:59 - [MESSAGE][PASSED] - Quicksti.ts:Entered'35.00 into Payment Amount

2020-10-16 10:35:59 - [TEST_STEP][PASSED] - pages.Quicksti.setAmountDetailsForMultiBureau(s, "Registration Fees", "1", referenceList.get(i), quantityList.get(i)): Quicksti.ts:Entered'2 into Quntity

2020-10-16 10:36:00 - [MESSAGE][PASSED] - Object '' is visible

2020-10-16 10:36:00 - [MESSAGE][PASSED] - Object '' is present

2020-10-16 10:36:01 - [MESSAGE][PASSED] - Object: '' is clicked on

2020-10-16 10:36:02 - [MESSAGE][PASSED] - All options with label 'Registration Fees' are selected in object ''  using regular expression

2020-10-16 10:36:02 - [MESSAGE][PASSED] - selected dropdown option by visible text  Registration Feesfrom Payment Type

2020-10-16 10:36:03 - [MESSAGE][PASSED] - Object '' is present

2020-10-16 10:36:03 - [MESSAGE][PASSED] - Object '' is visible

2020-10-16 10:36:03 - [MESSAGE][PASSED] - Object '' is present

2020-10-16 10:36:05 - [MESSAGE][PASSED] - Text '12' is set on object ''

2020-10-16 10:36:05 - [MESSAGE][PASSED] - Quicksti.ts:Entered'12 into RefrenceNumber

2020-10-16 10:36:05 - [MESSAGE][PASSED] - Object '' is present

2020-10-16 10:36:05 - [MESSAGE][PASSED] - Object '' is visible

2020-10-16 10:36:05 - [MESSAGE][PASSED] - Object '' is present

2020-10-16 10:36:07 - [MESSAGE][PASSED] - Text '2' is set on object ''

2020-10-16 10:36:07 - [MESSAGE][PASSED] - Quicksti.ts:Entered'2 into Quntity

2020-10-16 10:36:07 - [TEST_STEP][PASSED] - s = Integer.toString(i): null

2020-10-16 10:36:07 - [TEST_STEP][PASSED] - utilities.SafeActions.safeType(findTestObject("CERTPAY_QUICKSTI/Payment_Information_Page/MULTIBUREAU_PAYMENT_AMOUNT"), amountList.get(i), "Payment Amount", [pageLoadTime]): Quicksti.ts:Entered'20.00 into Payment Amount

2020-10-16 10:36:07 - [MESSAGE][PASSED] - Object 'Object Repository/CERTPAY_QUICKSTI/Payment_Information_Page/MULTIBUREAU_PAYMENT_AMOUNT' is present

2020-10-16 10:36:08 - [MESSAGE][PASSED] - Object 'Object Repository/CERTPAY_QUICKSTI/Payment_Information_Page/MULTIBUREAU_PAYMENT_AMOUNT' is visible

2020-10-16 10:36:08 - [MESSAGE][PASSED] - Object 'Object Repository/CERTPAY_QUICKSTI/Payment_Information_Page/MULTIBUREAU_PAYMENT_AMOUNT' is present

2020-10-16 10:36:09 - [MESSAGE][PASSED] - Text '20.00' is set on object 'Object Repository/CERTPAY_QUICKSTI/Payment_Information_Page/MULTIBUREAU_PAYMENT_AMOUNT'

2020-10-16 10:36:09 - [MESSAGE][PASSED] - Quicksti.ts:Entered'20.00 into Payment Amount

2020-10-16 10:36:09 - [TEST_STEP][PASSED] - pages.Quicksti.setAmountDetailsForMultiBureau(s, "Registration Fees", "1", referenceList.get(i), quantityList.get(i)): Quicksti.ts:Entered'2 into Quntity

2020-10-16 10:36:10 - [MESSAGE][PASSED] - Object '' is visible

2020-10-16 10:36:10 - [MESSAGE][PASSED] - Object '' is present

2020-10-16 10:36:11 - [MESSAGE][PASSED] - Object: '' is clicked on

2020-10-16 10:36:12 - [MESSAGE][PASSED] - All options with label 'Registration Fees' are selected in object ''  using regular expression

2020-10-16 10:36:12 - [MESSAGE][PASSED] - selected dropdown option by visible text  Registration Feesfrom Payment Type

2020-10-16 10:36:13 - [MESSAGE][PASSED] - Object '' is present

2020-10-16 10:36:13 - [MESSAGE][PASSED] - Object '' is visible

2020-10-16 10:36:13 - [MESSAGE][PASSED] - Object '' is present

2020-10-16 10:36:15 - [MESSAGE][PASSED] - Text '13' is set on object ''

2020-10-16 10:36:15 - [MESSAGE][PASSED] - Quicksti.ts:Entered'13 into RefrenceNumber

2020-10-16 10:36:15 - [MESSAGE][PASSED] - Object '' is present

2020-10-16 10:36:15 - [MESSAGE][PASSED] - Object '' is visible

2020-10-16 10:36:16 - [MESSAGE][PASSED] - Object '' is present

2020-10-16 10:36:17 - [MESSAGE][PASSED] - Text '2' is set on object ''

2020-10-16 10:36:17 - [MESSAGE][PASSED] - Quicksti.ts:Entered'2 into Quntity

2020-10-16 10:36:17 - [TEST_STEP][PASSED] - for ([i = 0, i <= amountList.size() - 1, (i++)]): Quicksti.ts:Entered'Testing into Comments

2020-10-16 10:36:17 - [TEST_STEP][PASSED] - s = Integer.toString(i): null

2020-10-16 10:36:17 - [TEST_STEP][PASSED] - utilities.SafeActions.safeType(findTestObject("CERTPAY_QUICKSTI/Payment_Information_Page/MULTIBUREAU_PAY_AMOUNT2"), amountList.get(i), "Payment Amount", [pageLoadTime]): Quicksti.ts:Entered'45.00 into Payment Amount

2020-10-16 10:36:17 - [MESSAGE][PASSED] - Object 'Object Repository/CERTPAY_QUICKSTI/Payment_Information_Page/MULTIBUREAU_PAY_AMOUNT2' is present

2020-10-16 10:36:18 - [MESSAGE][PASSED] - Object 'Object Repository/CERTPAY_QUICKSTI/Payment_Information_Page/MULTIBUREAU_PAY_AMOUNT2' is visible

2020-10-16 10:36:18 - [MESSAGE][PASSED] - Object 'Object Repository/CERTPAY_QUICKSTI/Payment_Information_Page/MULTIBUREAU_PAY_AMOUNT2' is present

2020-10-16 10:36:19 - [MESSAGE][PASSED] - Text '45.00' is set on object 'Object Repository/CERTPAY_QUICKSTI/Payment_Information_Page/MULTIBUREAU_PAY_AMOUNT2'

2020-10-16 10:36:19 - [MESSAGE][PASSED] - Quicksti.ts:Entered'45.00 into Payment Amount

2020-10-16 10:36:19 - [TEST_STEP][PASSED] - pages.Quicksti.setAmountDetailsForMultiBureau(s, "Vehicles", "2", referenceList.get(i), quantityList.get(i)): Quicksti.ts:Entered'1 into Quntity

2020-10-16 10:36:20 - [MESSAGE][PASSED] - Object '' is visible

2020-10-16 10:36:20 - [MESSAGE][PASSED] - Object '' is present

2020-10-16 10:36:21 - [MESSAGE][PASSED] - Object: '' is clicked on

2020-10-16 10:36:23 - [MESSAGE][PASSED] - All options with label 'Vehicles' are selected in object ''  using regular expression

2020-10-16 10:36:23 - [MESSAGE][PASSED] - selected dropdown option by visible text  Vehiclesfrom Payment Type

2020-10-16 10:36:23 - [MESSAGE][PASSED] - Object '' is present

2020-10-16 10:36:23 - [MESSAGE][PASSED] - Object '' is visible

2020-10-16 10:36:24 - [MESSAGE][PASSED] - Object '' is present

2020-10-16 10:36:25 - [MESSAGE][PASSED] - Text '11' is set on object ''

2020-10-16 10:36:25 - [MESSAGE][PASSED] - Quicksti.ts:Entered'11 into RefrenceNumber

2020-10-16 10:36:25 - [MESSAGE][PASSED] - Object '' is present

2020-10-16 10:36:26 - [MESSAGE][PASSED] - Object '' is visible

2020-10-16 10:36:26 - [MESSAGE][PASSED] - Object '' is present

2020-10-16 10:36:27 - [MESSAGE][PASSED] - Text '1' is set on object ''

2020-10-16 10:36:27 - [MESSAGE][PASSED] - Quicksti.ts:Entered'1 into Quntity

2020-10-16 10:36:27 - [TEST_STEP][PASSED] - pages.Quicksti.setCommnets("2", s, commentsList.get(i)): Quicksti.ts:Entered'Testing into Comments

2020-10-16 10:36:28 - [MESSAGE][PASSED] - Object '' is present

2020-10-16 10:36:28 - [MESSAGE][PASSED] - Object '' is visible

2020-10-16 10:36:28 - [MESSAGE][PASSED] - Object '' is present

2020-10-16 10:36:30 - [MESSAGE][PASSED] - Text 'Testing' is set on object ''

2020-10-16 10:36:30 - [MESSAGE][PASSED] - Quicksti.ts:Entered'Testing into Comments

2020-10-16 10:36:30 - [TEST_STEP][PASSED] - s = Integer.toString(i): null

2020-10-16 10:36:30 - [TEST_STEP][PASSED] - utilities.SafeActions.safeType(findTestObject("CERTPAY_QUICKSTI/Payment_Information_Page/MULTIBUREAU_PAY_AMOUNT2"), amountList.get(i), "Payment Amount", [pageLoadTime]): Quicksti.ts:Entered'35.00 into Payment Amount

2020-10-16 10:36:30 - [MESSAGE][PASSED] - Object 'Object Repository/CERTPAY_QUICKSTI/Payment_Information_Page/MULTIBUREAU_PAY_AMOUNT2' is present

2020-10-16 10:36:30 - [MESSAGE][PASSED] - Object 'Object Repository/CERTPAY_QUICKSTI/Payment_Information_Page/MULTIBUREAU_PAY_AMOUNT2' is visible

2020-10-16 10:36:31 - [MESSAGE][PASSED] - Object 'Object Repository/CERTPAY_QUICKSTI/Payment_Information_Page/MULTIBUREAU_PAY_AMOUNT2' is present

2020-10-16 10:36:32 - [MESSAGE][PASSED] - Text '35.00' is set on object 'Object Repository/CERTPAY_QUICKSTI/Payment_Information_Page/MULTIBUREAU_PAY_AMOUNT2'

2020-10-16 10:36:32 - [MESSAGE][PASSED] - Quicksti.ts:Entered'35.00 into Payment Amount

2020-10-16 10:36:32 - [TEST_STEP][PASSED] - pages.Quicksti.setAmountDetailsForMultiBureau(s, "Vehicles", "2", referenceList.get(i), quantityList.get(i)): Quicksti.ts:Entered'2 into Quntity

2020-10-16 10:36:33 - [MESSAGE][PASSED] - Object '' is visible

2020-10-16 10:36:33 - [MESSAGE][PASSED] - Object '' is present

2020-10-16 10:36:34 - [MESSAGE][PASSED] - Object: '' is clicked on

2020-10-16 10:36:35 - [MESSAGE][PASSED] - All options with label 'Vehicles' are selected in object ''  using regular expression

2020-10-16 10:36:35 - [MESSAGE][PASSED] - selected dropdown option by visible text  Vehiclesfrom Payment Type

2020-10-16 10:36:36 - [MESSAGE][PASSED] - Object '' is present

2020-10-16 10:36:36 - [MESSAGE][PASSED] - Object '' is visible

2020-10-16 10:36:36 - [MESSAGE][PASSED] - Object '' is present

2020-10-16 10:36:38 - [MESSAGE][PASSED] - Text '12' is set on object ''

2020-10-16 10:36:38 - [MESSAGE][PASSED] - Quicksti.ts:Entered'12 into RefrenceNumber

2020-10-16 10:36:38 - [MESSAGE][PASSED] - Object '' is present

2020-10-16 10:36:38 - [MESSAGE][PASSED] - Object '' is visible

2020-10-16 10:36:39 - [MESSAGE][PASSED] - Object '' is present

2020-10-16 10:36:40 - [MESSAGE][PASSED] - Text '2' is set on object ''

2020-10-16 10:36:40 - [MESSAGE][PASSED] - Quicksti.ts:Entered'2 into Quntity

2020-10-16 10:36:40 - [TEST_STEP][PASSED] - pages.Quicksti.setCommnets("2", s, commentsList.get(i)): Quicksti.ts:Entered'Tester into Comments

2020-10-16 10:36:40 - [MESSAGE][PASSED] - Object '' is present

2020-10-16 10:36:41 - [MESSAGE][PASSED] - Object '' is visible

2020-10-16 10:36:41 - [MESSAGE][PASSED] - Object '' is present

2020-10-16 10:36:42 - [MESSAGE][PASSED] - Text 'Tester' is set on object ''

2020-10-16 10:36:42 - [MESSAGE][PASSED] - Quicksti.ts:Entered'Tester into Comments

2020-10-16 10:36:42 - [TEST_STEP][PASSED] - s = Integer.toString(i): null

2020-10-16 10:36:42 - [TEST_STEP][PASSED] - utilities.SafeActions.safeType(findTestObject("CERTPAY_QUICKSTI/Payment_Information_Page/MULTIBUREAU_PAY_AMOUNT2"), amountList.get(i), "Payment Amount", [pageLoadTime]): Quicksti.ts:Entered'20.00 into Payment Amount

2020-10-16 10:36:43 - [MESSAGE][PASSED] - Object 'Object Repository/CERTPAY_QUICKSTI/Payment_Information_Page/MULTIBUREAU_PAY_AMOUNT2' is present

2020-10-16 10:36:43 - [MESSAGE][PASSED] - Object 'Object Repository/CERTPAY_QUICKSTI/Payment_Information_Page/MULTIBUREAU_PAY_AMOUNT2' is visible

2020-10-16 10:36:43 - [MESSAGE][PASSED] - Object 'Object Repository/CERTPAY_QUICKSTI/Payment_Information_Page/MULTIBUREAU_PAY_AMOUNT2' is present

2020-10-16 10:36:45 - [MESSAGE][PASSED] - Text '20.00' is set on object 'Object Repository/CERTPAY_QUICKSTI/Payment_Information_Page/MULTIBUREAU_PAY_AMOUNT2'

2020-10-16 10:36:45 - [MESSAGE][PASSED] - Quicksti.ts:Entered'20.00 into Payment Amount

2020-10-16 10:36:45 - [TEST_STEP][PASSED] - pages.Quicksti.setAmountDetailsForMultiBureau(s, "Vehicles", "2", referenceList.get(i), quantityList.get(i)): Quicksti.ts:Entered'2 into Quntity

2020-10-16 10:36:45 - [MESSAGE][PASSED] - Object '' is visible

2020-10-16 10:36:46 - [MESSAGE][PASSED] - Object '' is present

2020-10-16 10:36:47 - [MESSAGE][PASSED] - Object: '' is clicked on

2020-10-16 10:36:48 - [MESSAGE][PASSED] - All options with label 'Vehicles' are selected in object ''  using regular expression

2020-10-16 10:36:48 - [MESSAGE][PASSED] - selected dropdown option by visible text  Vehiclesfrom Payment Type

2020-10-16 10:36:49 - [MESSAGE][PASSED] - Object '' is present

2020-10-16 10:36:49 - [MESSAGE][PASSED] - Object '' is visible

2020-10-16 10:36:49 - [MESSAGE][PASSED] - Object '' is present

2020-10-16 10:36:51 - [MESSAGE][PASSED] - Text '13' is set on object ''

2020-10-16 10:36:51 - [MESSAGE][PASSED] - Quicksti.ts:Entered'13 into RefrenceNumber

2020-10-16 10:36:51 - [MESSAGE][PASSED] - Object '' is present

2020-10-16 10:36:51 - [MESSAGE][PASSED] - Object '' is visible

2020-10-16 10:36:51 - [MESSAGE][PASSED] - Object '' is present

2020-10-16 10:36:53 - [MESSAGE][PASSED] - Text '2' is set on object ''

2020-10-16 10:36:53 - [MESSAGE][PASSED] - Quicksti.ts:Entered'2 into Quntity

2020-10-16 10:36:53 - [TEST_STEP][PASSED] - pages.Quicksti.setCommnets("2", s, commentsList.get(i)): Quicksti.ts:Entered'Testing into Comments

2020-10-16 10:36:53 - [MESSAGE][PASSED] - Object '' is present

2020-10-16 10:36:53 - [MESSAGE][PASSED] - Object '' is visible

2020-10-16 10:36:54 - [MESSAGE][PASSED] - Object '' is present

2020-10-16 10:36:55 - [MESSAGE][PASSED] - Text 'Testing' is set on object ''

2020-10-16 10:36:55 - [MESSAGE][PASSED] - Quicksti.ts:Entered'Testing into Comments

2020-10-16 10:36:55 - [TEST_STEP][PASSED] - utilities.SafeActions.safeClick(findTestObject("CERTPAY_QUICKSTI/Payment_Information_Page/MANUAL_ENTRY_BUTTON"), "ManualEntry", [pageLoadTime]): Quicksti.ts:Clicked on the ManualEntry

2020-10-16 10:36:55 - [MESSAGE][INFO] - safeClicking

2020-10-16 10:36:56 - [MESSAGE][PASSED] - Object 'Object Repository/CERTPAY_QUICKSTI/Payment_Information_Page/MANUAL_ENTRY_BUTTON' is present

2020-10-16 10:36:56 - [MESSAGE][PASSED] - Object 'Object Repository/CERTPAY_QUICKSTI/Payment_Information_Page/MANUAL_ENTRY_BUTTON' is clickable

2020-10-16 10:37:00 - [MESSAGE][PASSED] - Object: 'Object Repository/CERTPAY_QUICKSTI/Payment_Information_Page/MANUAL_ENTRY_BUTTON' is clicked on

2020-10-16 10:37:00 - [MESSAGE][PASSED] - Quicksti.ts:Clicked on the ManualEntry

2020-10-16 10:37:00 - [TEST_STEP][PASSED] - amount_Value = pages.Quicksti.getAttributeValue(findTestObject("CERTPAY_QUICKSTI/Payment_Information_Page/SUB_TOTAL")): pages.Quicksti.getAttributeValue is PASSED

2020-10-16 10:37:00 - [MESSAGE][PASSED] - Attribute 'value' of object 'Object Repository/CERTPAY_QUICKSTI/Payment_Information_Page/SUB_TOTAL' is: '45.00'

2020-10-16 10:37:00 - [MESSAGE][PASSED] - pages.Quicksti.getAttributeValue is PASSED

2020-10-16 10:37:00 - [TEST_STEP][PASSED] - CardNumber = pages.Quicksti.setUserPaymentDetails(firstName, lastName, cardNum): Quicksti.ts:Entered'374245003731006 into CardNum

2020-10-16 10:37:01 - [MESSAGE][PASSED] - Object 'Object Repository/CERTPAY_QUICKSTI/Payment_Information_Page/FIRST_NAME' is present

2020-10-16 10:37:01 - [MESSAGE][PASSED] - Object 'Object Repository/CERTPAY_QUICKSTI/Payment_Information_Page/FIRST_NAME' is visible

2020-10-16 10:37:01 - [MESSAGE][PASSED] - Object 'Object Repository/CERTPAY_QUICKSTI/Payment_Information_Page/FIRST_NAME' is present

2020-10-16 10:37:03 - [MESSAGE][PASSED] - Text 'Tester' is set on object 'Object Repository/CERTPAY_QUICKSTI/Payment_Information_Page/FIRST_NAME'

2020-10-16 10:37:03 - [MESSAGE][PASSED] - Quicksti.ts:Entered'Tester into FirstName

2020-10-16 10:37:03 - [MESSAGE][PASSED] - Object 'Object Repository/CERTPAY_QUICKSTI/Payment_Information_Page/LAST_NAME' is present

2020-10-16 10:37:04 - [MESSAGE][PASSED] - Object 'Object Repository/CERTPAY_QUICKSTI/Payment_Information_Page/LAST_NAME' is visible

2020-10-16 10:37:04 - [MESSAGE][PASSED] - Object 'Object Repository/CERTPAY_QUICKSTI/Payment_Information_Page/LAST_NAME' is present

2020-10-16 10:37:05 - [MESSAGE][PASSED] - Text 'Zenq1' is set on object 'Object Repository/CERTPAY_QUICKSTI/Payment_Information_Page/LAST_NAME'

2020-10-16 10:37:05 - [MESSAGE][PASSED] - Quicksti.ts:Entered'Zenq1 into LAstName

2020-10-16 10:37:05 - [MESSAGE][PASSED] - Object 'Object Repository/CERTPAY_QUICKSTI/Payment_Information_Page/CARD_NUMBER' is present

2020-10-16 10:37:06 - [MESSAGE][PASSED] - Object 'Object Repository/CERTPAY_QUICKSTI/Payment_Information_Page/CARD_NUMBER' is visible

2020-10-16 10:37:06 - [MESSAGE][PASSED] - Object 'Object Repository/CERTPAY_QUICKSTI/Payment_Information_Page/CARD_NUMBER' is present

2020-10-16 10:37:07 - [MESSAGE][PASSED] - Text '374245003731006' is set on object 'Object Repository/CERTPAY_QUICKSTI/Payment_Information_Page/CARD_NUMBER'

2020-10-16 10:37:07 - [MESSAGE][PASSED] - Quicksti.ts:Entered'374245003731006 into CardNum

2020-10-16 10:37:07 - [TEST_STEP][PASSED] - pages.Quicksti.setExpDate(expMonth, expYear, securityCode): Quicksti.ts:Entered'111 into securityCode

2020-10-16 10:37:08 - [MESSAGE][PASSED] - Object 'Object Repository/CERTPAY_QUICKSTI/Payment_Information_Page/EXP_MONTH' is visible

2020-10-16 10:37:08 - [MESSAGE][PASSED] - Object 'Object Repository/CERTPAY_QUICKSTI/Payment_Information_Page/EXP_MONTH' is present

2020-10-16 10:37:09 - [MESSAGE][PASSED] - Object: 'Object Repository/CERTPAY_QUICKSTI/Payment_Information_Page/EXP_MONTH' is clicked on

2020-10-16 10:37:11 - [MESSAGE][PASSED] - All options with label '05' are selected in object 'Object Repository/CERTPAY_QUICKSTI/Payment_Information_Page/EXP_MONTH'  using regular expression

2020-10-16 10:37:11 - [MESSAGE][PASSED] - selected dropdown option by visible text  05from expMonth

2020-10-16 10:37:11 - [MESSAGE][PASSED] - Object 'Object Repository/CERTPAY_QUICKSTI/Payment_Information_Page/EXP_YEAR' is visible

2020-10-16 10:37:11 - [MESSAGE][PASSED] - Object 'Object Repository/CERTPAY_QUICKSTI/Payment_Information_Page/EXP_YEAR' is present

2020-10-16 10:37:12 - [MESSAGE][PASSED] - Object: 'Object Repository/CERTPAY_QUICKSTI/Payment_Information_Page/EXP_YEAR' is clicked on

2020-10-16 10:37:14 - [MESSAGE][PASSED] - All options with label '2022' are selected in object 'Object Repository/CERTPAY_QUICKSTI/Payment_Information_Page/EXP_YEAR'  using regular expression

2020-10-16 10:37:14 - [MESSAGE][PASSED] - selected dropdown option by visible text  2022from  expYear

2020-10-16 10:37:14 - [MESSAGE][PASSED] - Object 'Object Repository/CERTPAY_QUICKSTI/Payment_Information_Page/SECURITY_CODE' is present

2020-10-16 10:37:15 - [MESSAGE][PASSED] - Object 'Object Repository/CERTPAY_QUICKSTI/Payment_Information_Page/SECURITY_CODE' is visible

2020-10-16 10:37:15 - [MESSAGE][PASSED] - Object 'Object Repository/CERTPAY_QUICKSTI/Payment_Information_Page/SECURITY_CODE' is present

2020-10-16 10:37:16 - [MESSAGE][PASSED] - Text '111' is set on object 'Object Repository/CERTPAY_QUICKSTI/Payment_Information_Page/SECURITY_CODE'

2020-10-16 10:37:16 - [MESSAGE][PASSED] - Quicksti.ts:Entered'111 into securityCode

2020-10-16 10:37:16 - [TEST_STEP][PASSED] - utilities.SafeActions.safeType(findTestObject("CERTPAY_QUICKSTI/Payment_Information_Page/ADDRESS"), address, "Address", [pageLoadTime]): Quicksti.ts:Entered'14-2 into Address

2020-10-16 10:37:17 - [MESSAGE][PASSED] - Object 'Object Repository/CERTPAY_QUICKSTI/Payment_Information_Page/ADDRESS' is present

2020-10-16 10:37:17 - [MESSAGE][PASSED] - Object 'Object Repository/CERTPAY_QUICKSTI/Payment_Information_Page/ADDRESS' is visible

2020-10-16 10:37:17 - [MESSAGE][PASSED] - Object 'Object Repository/CERTPAY_QUICKSTI/Payment_Information_Page/ADDRESS' is present

2020-10-16 10:37:18 - [MESSAGE][PASSED] - Text '14-2' is set on object 'Object Repository/CERTPAY_QUICKSTI/Payment_Information_Page/ADDRESS'

2020-10-16 10:37:18 - [MESSAGE][PASSED] - Quicksti.ts:Entered'14-2 into Address

2020-10-16 10:37:18 - [TEST_STEP][PASSED] - utilities.SafeActions.safeType(findTestObject("CERTPAY_QUICKSTI/Payment_Information_Page/ZIP_CODE"), zipCode, "zipcode", [pageLoadTime]): Quicksti.ts:Entered'76102 into zipcode

2020-10-16 10:37:19 - [MESSAGE][PASSED] - Object 'Object Repository/CERTPAY_QUICKSTI/Payment_Information_Page/ZIP_CODE' is present

2020-10-16 10:37:19 - [MESSAGE][PASSED] - Object 'Object Repository/CERTPAY_QUICKSTI/Payment_Information_Page/ZIP_CODE' is visible

2020-10-16 10:37:19 - [MESSAGE][PASSED] - Object 'Object Repository/CERTPAY_QUICKSTI/Payment_Information_Page/ZIP_CODE' is present

2020-10-16 10:37:21 - [MESSAGE][PASSED] - Text '76102' is set on object 'Object Repository/CERTPAY_QUICKSTI/Payment_Information_Page/ZIP_CODE'

2020-10-16 10:37:21 - [MESSAGE][PASSED] - Quicksti.ts:Entered'76102 into zipcode

2020-10-16 10:37:21 - [TEST_STEP][PASSED] - utilities.SafeActions.safeType(findTestObject("CERTPAY_QUICKSTI/Payment_Information_Page/TELEPHONE"), telephone, "Telephone", [pageLoadTime]): Quicksti.ts:Entered'9989897654 into Telephone

2020-10-16 10:37:21 - [MESSAGE][PASSED] - Object 'Object Repository/CERTPAY_QUICKSTI/Payment_Information_Page/TELEPHONE' is present

2020-10-16 10:37:21 - [MESSAGE][PASSED] - Object 'Object Repository/CERTPAY_QUICKSTI/Payment_Information_Page/TELEPHONE' is visible

2020-10-16 10:37:22 - [MESSAGE][PASSED] - Object 'Object Repository/CERTPAY_QUICKSTI/Payment_Information_Page/TELEPHONE' is present

2020-10-16 10:37:23 - [MESSAGE][PASSED] - Text '9989897654' is set on object 'Object Repository/CERTPAY_QUICKSTI/Payment_Information_Page/TELEPHONE'

2020-10-16 10:37:23 - [MESSAGE][PASSED] - Quicksti.ts:Entered'9989897654 into Telephone

2020-10-16 10:37:23 - [TEST_STEP][PASSED] - utilities.SafeActions.safeType(findTestObject("CERTPAY_QUICKSTI/Payment_Information_Page/EMAIL_ADDRESS"), emailAddress, "EMAIL address", [pageLoadTime]): Quicksti.ts:Entered'testing@zenq.com into EMAIL address

2020-10-16 10:37:23 - [MESSAGE][PASSED] - Object 'Object Repository/CERTPAY_QUICKSTI/Payment_Information_Page/EMAIL_ADDRESS' is present

2020-10-16 10:37:24 - [MESSAGE][PASSED] - Object 'Object Repository/CERTPAY_QUICKSTI/Payment_Information_Page/EMAIL_ADDRESS' is visible

2020-10-16 10:37:24 - [MESSAGE][PASSED] - Object 'Object Repository/CERTPAY_QUICKSTI/Payment_Information_Page/EMAIL_ADDRESS' is present

2020-10-16 10:37:25 - [MESSAGE][PASSED] - Text 'testing@zenq.com' is set on object 'Object Repository/CERTPAY_QUICKSTI/Payment_Information_Page/EMAIL_ADDRESS'

2020-10-16 10:37:25 - [MESSAGE][PASSED] - Quicksti.ts:Entered'testing@zenq.com into EMAIL address

2020-10-16 10:37:25 - [TEST_STEP][PASSED] - utilities.SafeActions.safeClick(findTestObject("CERTPAY_QUICKSTI/Payment_Information_Page/NEXT_BUTTON"), "Next", [pageLoadTime]): Quicksti.ts:Clicked on the Next

2020-10-16 10:37:25 - [MESSAGE][INFO] - safeClicking

2020-10-16 10:37:26 - [MESSAGE][PASSED] - Object 'Object Repository/CERTPAY_QUICKSTI/Payment_Information_Page/NEXT_BUTTON' is present

2020-10-16 10:37:26 - [MESSAGE][PASSED] - Object 'Object Repository/CERTPAY_QUICKSTI/Payment_Information_Page/NEXT_BUTTON' is clickable

2020-10-16 10:37:30 - [MESSAGE][PASSED] - Object: 'Object Repository/CERTPAY_QUICKSTI/Payment_Information_Page/NEXT_BUTTON' is clicked on

2020-10-16 10:37:30 - [MESSAGE][PASSED] - Quicksti.ts:Clicked on the Next

2020-10-16 10:37:30 - [TEST_STEP][PASSED] - pages.Quicksti.verifyUserPaymentDetails(amountList.get(0), firstName, lastName, CardNumber): pages.Quicksti.verifyUserPaymentDetails is PASSED

2020-10-16 10:37:31 - [MESSAGE][PASSED] - Text of object 'Object Repository/CERTPAY_QUICKSTI/Payment_Details_Verification_Page/AMOUNT' is: '$45.00'

2020-10-16 10:37:31 - [MESSAGE][PASSED] - Actual text '45.00' and expected text '45.00' are matched  using regular expression

2020-10-16 10:37:31 - [MESSAGE][PASSED] - Text of object 'Object Repository/CERTPAY_QUICKSTI/Payment_Details_Verification_Page/NAME' is: 'Tester Zenq1'

2020-10-16 10:37:31 - [MESSAGE][PASSED] - Actual text 'Tester Zenq1' and expected text 'Tester Zenq1' are matched  using regular expression

2020-10-16 10:37:32 - [MESSAGE][PASSED] - Text of object 'Object Repository/CERTPAY_QUICKSTI/Payment_Details_Verification_Page/CARD_NUMBER' is: '...1006'

2020-10-16 10:37:32 - [MESSAGE][PASSED] - Actual text '1006' and expected text '1006' are matched  using regular expression

2020-10-16 10:37:32 - [MESSAGE][PASSED] - pages.Quicksti.verifyUserPaymentDetails is PASSED

2020-10-16 10:37:32 - [TEST_STEP][PASSED] - ConvFee = getText(findTestObject("CERTPAY_QUICKSTI/Payment_Information_Page/CONV_FEE")): Text of object 'Object Repository/CERTPAY_QUICKSTI/Payment_Information_Page/CONV_FEE' is: '$1.13'

2020-10-16 10:37:32 - [MESSAGE][PASSED] - Text of object 'Object Repository/CERTPAY_QUICKSTI/Payment_Information_Page/CONV_FEE' is: '$1.13'

2020-10-16 10:37:32 - [TEST_STEP][PASSED] - scrollToElement(findTestObject("CERTPAY_QUICKSTI/Payment_Details_Verification_Page/PROCESS"), 30): Scroll to object 'Object Repository/CERTPAY_QUICKSTI/Payment_Details_Verification_Page/PROCESS' successfully

2020-10-16 10:37:32 - [MESSAGE][PASSED] - Scroll to object 'Object Repository/CERTPAY_QUICKSTI/Payment_Details_Verification_Page/PROCESS' successfully

2020-10-16 10:37:32 - [TEST_STEP][PASSED] - utilities.SafeActions.safeClick(findTestObject("CERTPAY_QUICKSTI/Payment_Details_Verification_Page/PROCESS"), "Process", [pageLoadTime]): Quicksti.ts:Clicked on the Process

2020-10-16 10:37:32 - [MESSAGE][INFO] - safeClicking

2020-10-16 10:37:33 - [MESSAGE][PASSED] - Object 'Object Repository/CERTPAY_QUICKSTI/Payment_Details_Verification_Page/PROCESS' is present

2020-10-16 10:37:33 - [MESSAGE][PASSED] - Object 'Object Repository/CERTPAY_QUICKSTI/Payment_Details_Verification_Page/PROCESS' is clickable

2020-10-16 10:37:39 - [MESSAGE][PASSED] - Object: 'Object Repository/CERTPAY_QUICKSTI/Payment_Details_Verification_Page/PROCESS' is clicked on

2020-10-16 10:37:39 - [MESSAGE][PASSED] - Quicksti.ts:Clicked on the Process

2020-10-16 10:37:39 - [TEST_STEP][PASSED] - paymentId = pages.Quicksti.verifyPaymentApproval(findTestObject("CERTPAY_QUICKSTI/Payment_Details_Verification_Page/APPROVED")): Payment is approved

2020-10-16 10:37:40 - [MESSAGE][PASSED] - Text of object 'Object Repository/CERTPAY_QUICKSTI/Payment_Details_Verification_Page/PAYMENT_ID' is: '100176129948'

2020-10-16 10:37:40 - [MESSAGE][PASSED] - Object 'Object Repository/CERTPAY_QUICKSTI/Payment_Details_Verification_Page/APPROVED' is present

2020-10-16 10:37:40 - [MESSAGE][PASSED] - Payment is approved

2020-10-16 10:37:42 - [TEST_STEP][PASSED] - navigateToUrl(Admin_url): Navigate to 'https://qa-certpayadmin.faps.net' successfully

2020-10-16 10:37:52 - [MESSAGE][PASSED] - Navigate to 'https://qa-certpayadmin.faps.net' successfully

2020-10-16 10:37:52 - [TEST_STEP][PASSED] - pages.Bureau_Login_Page.loginToAdminSite(AdminUsername, AdminPassword): Quicksti.ts:Clicked on the LOGIN

2020-10-16 10:37:53 - [MESSAGE][PASSED] - Object 'Object Repository/CERTPAY_ADMIN/USER_NAME' is present

2020-10-16 10:37:53 - [MESSAGE][PASSED] - Object 'Object Repository/CERTPAY_ADMIN/USER_NAME' is visible

2020-10-16 10:37:53 - [MESSAGE][PASSED] - Object 'Object Repository/CERTPAY_ADMIN/USER_NAME' is present

2020-10-16 10:37:54 - [MESSAGE][PASSED] - Text 'VVangiliappan' is set on object 'Object Repository/CERTPAY_ADMIN/USER_NAME'

2020-10-16 10:37:54 - [MESSAGE][PASSED] - Quicksti.ts:Entered'VVangiliappan into username

2020-10-16 10:37:55 - [MESSAGE][PASSED] - Object 'Object Repository/CERTPAY_ADMIN/PASSWORD' is present

2020-10-16 10:37:55 - [MESSAGE][PASSED] - Object 'Object Repository/CERTPAY_ADMIN/PASSWORD' is visible

2020-10-16 10:37:55 - [MESSAGE][PASSED] - Object 'Object Repository/CERTPAY_ADMIN/PASSWORD' is present

2020-10-16 10:37:57 - [MESSAGE][PASSED] - Text 'Test@123' is set on object 'Object Repository/CERTPAY_ADMIN/PASSWORD'

2020-10-16 10:37:57 - [MESSAGE][PASSED] - Quicksti.ts:Entered'Test@123 into password

2020-10-16 10:37:57 - [MESSAGE][INFO] - safeClicking

2020-10-16 10:37:57 - [MESSAGE][PASSED] - Object 'Object Repository/CERTPAY_ADMIN/LOGIN_BUTTON' is present

2020-10-16 10:37:57 - [MESSAGE][PASSED] - Object 'Object Repository/CERTPAY_ADMIN/LOGIN_BUTTON' is clickable

2020-10-16 10:38:21 - [MESSAGE][PASSED] - Object: 'Object Repository/CERTPAY_ADMIN/LOGIN_BUTTON' is clicked on

2020-10-16 10:38:21 - [MESSAGE][PASSED] - Quicksti.ts:Clicked on the LOGIN

2020-10-16 10:38:21 - [TEST_STEP][PASSED] - utilities.SafeActions.safeClick(findTestObject("CERTPAY_ADMIN/TRANSACTION_MENU"), "TransactionMenu", [pageLoadTime]): Quicksti.ts:Clicked on the TransactionMenu

2020-10-16 10:38:21 - [MESSAGE][INFO] - safeClicking

2020-10-16 10:38:21 - [MESSAGE][PASSED] - Object 'Object Repository/CERTPAY_ADMIN/TRANSACTION_MENU' is present

2020-10-16 10:38:22 - [MESSAGE][PASSED] - Object 'Object Repository/CERTPAY_ADMIN/TRANSACTION_MENU' is clickable

2020-10-16 10:38:23 - [MESSAGE][PASSED] - Object: 'Object Repository/CERTPAY_ADMIN/TRANSACTION_MENU' is clicked on

2020-10-16 10:38:23 - [MESSAGE][PASSED] - Quicksti.ts:Clicked on the TransactionMenu

2020-10-16 10:38:23 - [TEST_STEP][PASSED] - utilities.SafeActions.safeClick(findTestObject("CERTPAY_ADMIN/TRANSACTION_SEARCH"), "TransactionSearch", [pageLoadTime]): Quicksti.ts:Clicked on the TransactionSearch

2020-10-16 10:38:23 - [MESSAGE][INFO] - safeClicking

2020-10-16 10:38:23 - [MESSAGE][PASSED] - Object 'Object Repository/CERTPAY_ADMIN/TRANSACTION_SEARCH' is present

2020-10-16 10:38:24 - [MESSAGE][PASSED] - Object 'Object Repository/CERTPAY_ADMIN/TRANSACTION_SEARCH' is clickable

2020-10-16 10:38:46 - [MESSAGE][PASSED] - Object: 'Object Repository/CERTPAY_ADMIN/TRANSACTION_SEARCH' is clicked on

2020-10-16 10:38:46 - [MESSAGE][PASSED] - Quicksti.ts:Clicked on the TransactionSearch

2020-10-16 10:38:46 - [TEST_STEP][PASSED] - utilities.SafeActions.safeType(findTestObject("CERTPAY_ADMIN/PAYMENT_ID"), paymentId, "Payment id", [pageLoadTime]): Quicksti.ts:Entered'100176129948 into Payment id

2020-10-16 10:38:46 - [MESSAGE][PASSED] - Object 'Object Repository/CERTPAY_ADMIN/PAYMENT_ID' is present

2020-10-16 10:38:47 - [MESSAGE][PASSED] - Object 'Object Repository/CERTPAY_ADMIN/PAYMENT_ID' is visible

2020-10-16 10:38:47 - [MESSAGE][PASSED] - Object 'Object Repository/CERTPAY_ADMIN/PAYMENT_ID' is present

2020-10-16 10:38:48 - [MESSAGE][PASSED] - Text '100176129948' is set on object 'Object Repository/CERTPAY_ADMIN/PAYMENT_ID'

2020-10-16 10:38:48 - [MESSAGE][PASSED] - Quicksti.ts:Entered'100176129948 into Payment id

2020-10-16 10:38:48 - [TEST_STEP][PASSED] - utilities.SafeActions.safeClick(findTestObject("CERTPAY_ADMIN/GO_BUTTON"), "Go button", [pageLoadTime]): Quicksti.ts:Clicked on the Go button

2020-10-16 10:38:48 - [MESSAGE][INFO] - safeClicking

2020-10-16 10:38:49 - [MESSAGE][PASSED] - Object 'Object Repository/CERTPAY_ADMIN/GO_BUTTON' is present

2020-10-16 10:38:49 - [MESSAGE][PASSED] - Object 'Object Repository/CERTPAY_ADMIN/GO_BUTTON' is clickable

2020-10-16 10:38:54 - [MESSAGE][PASSED] - Object: 'Object Repository/CERTPAY_ADMIN/GO_BUTTON' is clicked on

2020-10-16 10:38:54 - [MESSAGE][PASSED] - Quicksti.ts:Clicked on the Go button

2020-10-16 10:38:54 - [TEST_STEP][PASSED] - delay(5): Delayed 5 second(s)

2020-10-16 10:38:59 - [MESSAGE][PASSED] - Delayed 5 second(s)

2020-10-16 10:38:59 - [TEST_STEP][PASSED] - scrollToPosition(800, 900): Browser is scrolled to position x = 800, y = 900

2020-10-16 10:38:59 - [MESSAGE][PASSED] - Browser is scrolled to position x = 800, y = 900

2020-10-16 10:38:59 - [TEST_STEP][PASSED] - pages.Search_Page.validatePaymentAmount(amountList.get(0), ConvFee): Verified payment details successfully 

2020-10-16 10:39:00 - [MESSAGE][PASSED] - Text of object 'Object Repository/CERTPAY_ADMIN/PAYMENT_AMOUNT' is: '$45.00'

2020-10-16 10:39:00 - [MESSAGE][PASSED] - Actual text '45.00' and expected text '45.00' are matched  using regular expression

2020-10-16 10:39:00 - [MESSAGE][PASSED] - Text of object 'Object Repository/CERTPAY_ADMIN/CONV_FEE' is: '$1.13'

2020-10-16 10:39:00 - [MESSAGE][PASSED] - Actual text '1.13' and expected text '1.13' are matched  using regular expression

2020-10-16 10:39:00 - [MESSAGE][PASSED] - Verified payment details successfully 

2020-10-16 10:39:00 - [TEST_STEP][PASSED] - paymentIdList.add(paymentId): null

2020-10-16 10:39:00 - [TEST_STEP][PASSED] - println(paymentIdList): null

2020-10-16 10:39:00 - [TEST_STEP][PASSED] - return paymentIdList: null

2020-10-16 10:39:00 - [TEST_STEP][PASSED] - Start listener action : afterTestCase: Browser is closed

2020-10-16 10:39:00 - [TEST_STEP][PASSED] - closeBrowser(): Browser is closed

2020-10-16 10:39:03 - [MESSAGE][PASSED] - Browser is closed]]></system-out>
         <system-err><![CDATA[]]></system-err>
      </testcase>
      <system-out><![CDATA[2020-10-16 10:22:08 - [TEST_SUITE][PASSED] - Quicksti: Test Cases/Certpay_Quicksti/TC_005_MultiBureauSite_MultiBureaus_MultiLinePayments]]></system-out>
      <system-err><![CDATA[]]></system-err>
   </testsuite>
</testsuites>
