<?xml version="1.0" encoding="UTF-8"?>
<testsuites name="Quicksti" time="2835.987" tests="5" failures="1" errors="2">
   <testsuite name="Quicksti" tests="5" failures="1" errors="2" time="2835.987" timestamp="2020-09-08 13:57:00" hostname="admin - SYS8" id="Test Suites/Certpay_testSuite/Quicksti">
      <properties>
         <property name="deviceName" value=""/>
         <property name="devicePlatform" value=""/>
         <property name="logFolder" value="E:\\Sush_Certpay\\Reports\\20200908_135656\\Certpay_testSuite\\Quicksti\\20200908_135656"/>
         <property name="logFiles" value="E:\\Sush_Certpay\\Reports\\20200908_135656\\Certpay_testSuite\\Quicksti\\20200908_135656\\execution0.log"/>
         <property name="attachments" value="E:\\Sush_Certpay\\Reports\\20200908_135656\\Certpay_testSuite\\Quicksti\\20200908_135656\\1599556417618.png"/>
         <property name="hostName" value="admin - SYS8"/>
         <property name="os" value="Windows 10 32bit"/>
         <property name="katalonVersion" value="7.1.2.1"/>
         <property name="browser" value="Chrome 85.0.4183.83"/>
         <property name="hostAddress" value="172.31.253.251"/>
         <property name="sessionId" value="10a61c65aba7eb9b508d326894420632"/>
         <property name="seleniumVersion" value="3.141.59"/>
         <property name="proxyInformation" value="ProxyInformation{proxyOption=NO_PROXY, proxyServerType=HTTP, password=, proxyServerAddress=, proxyServerPort=0, executionList=}"/>
         <property name="platform" value="Windows 10"/>
      </properties>
      <testcase name="Test Cases/Certpay_Quicksti/TC_001_SingleBureauSite_SingleLinePayment" time="563.936" classname="Test Cases/Certpay_Quicksti/TC_001_SingleBureauSite_SingleLinePayment" status="PASSED">
         <system-out><![CDATA[2020-09-08 13:57:00 - [TEST_CASE][PASSED] - Test Cases/Certpay_Quicksti/TC_001_SingleBureauSite_SingleLinePayment: Test Cases/Certpay_Quicksti/TC_001_SingleBureauSite_SingleLinePayment

2020-09-08 13:57:01 - [TEST_STEP][PASSED] - Start listener action : beforeTestCase: null

2020-09-08 13:57:01 - [TEST_STEP][PASSED] - data = findTestData("Data Files/Certpay/SingleBureau_SingleLine"): null

2020-09-08 13:57:02 - [TEST_STEP][PASSED] - paymentIdList = []: null

2020-09-08 13:57:02 - [TEST_STEP][PASSED] - for (def index : (1..data.getRowNumbers())): null

2020-09-08 13:57:02 - [TEST_STEP][PASSED] - firstName = data.getValue("FirstName", index): null

2020-09-08 13:57:02 - [TEST_STEP][PASSED] - lastName = data.getValue("LastName", index): null

2020-09-08 13:57:02 - [TEST_STEP][PASSED] - expMonth = data.getValue("ExpMonth", index): null

2020-09-08 13:57:02 - [TEST_STEP][PASSED] - expYear = data.getValue("ExpYear", index): null

2020-09-08 13:57:02 - [TEST_STEP][PASSED] - securityCode = data.getValue("SecurityCode", index): null

2020-09-08 13:57:02 - [TEST_STEP][PASSED] - paymentAmount = data.getValue("PaymentAmount", index): null

2020-09-08 13:57:02 - [TEST_STEP][PASSED] - paymentType = data.getValue("PaymentType", index): null

2020-09-08 13:57:02 - [TEST_STEP][PASSED] - quantity = data.getValue("Quantity", index): null

2020-09-08 13:57:02 - [TEST_STEP][PASSED] - comments = data.getValue("Comments", index): null

2020-09-08 13:57:02 - [TEST_STEP][PASSED] - referenceNum = data.getValue("ReferenceNum", index): null

2020-09-08 13:57:02 - [TEST_STEP][PASSED] - address = data.getValue("Address", index): null

2020-09-08 13:57:02 - [TEST_STEP][PASSED] - zipCode = data.getValue("Zipcode", index): null

2020-09-08 13:57:02 - [TEST_STEP][PASSED] - telephone = data.getValue("Telephone", index): null

2020-09-08 13:57:02 - [TEST_STEP][PASSED] - emailAddress = data.getValue("EmailAddress", index): null

2020-09-08 13:57:02 - [TEST_STEP][PASSED] - cardNum = data.getValue("CardNumber", index): null

2020-09-08 13:57:02 - [TEST_STEP][PASSED] - cardType = data.getValue("CardType", index): null

2020-09-08 13:57:02 - [TEST_STEP][PASSED] - utilities.SafeActions.openBrowser(Quicksti_Url, [pageLoadTime]): Browser launched successfully

2020-09-08 13:57:02 - [MESSAGE][INFO] - Opening Browser

2020-09-08 13:57:03 - [MESSAGE][INFO] - Starting 'Chrome' driver

2020-09-08 13:57:03 - [MESSAGE][INFO] - Action delay is set to 0 seconds

2020-09-08 13:57:17 - [MESSAGE][PASSED] - Browser is opened with url: 'https://qa-certpayquicksti.faps.net/'

2020-09-08 13:57:19 - [MESSAGE][PASSED] - Current window maximized

2020-09-08 13:57:19 - [MESSAGE][PASSED] - Browser launched successfully

2020-09-08 13:57:19 - [TEST_STEP][PASSED] - utilities.SafeActions.safeType(findTestObject("CERTPAY_QUICKSTI/Login_ Page/BUREAU_CODE"), bureau_code, "Bureau code", [pageLoadTime]): Quicksti.ts:Entered'6100000 into Bureau code

2020-09-08 13:57:20 - [MESSAGE][PASSED] - Object 'Object Repository/CERTPAY_QUICKSTI/Login_ Page/BUREAU_CODE' is present

2020-09-08 13:57:20 - [MESSAGE][PASSED] - Object 'Object Repository/CERTPAY_QUICKSTI/Login_ Page/BUREAU_CODE' is visible

2020-09-08 13:57:21 - [MESSAGE][PASSED] - Object 'Object Repository/CERTPAY_QUICKSTI/Login_ Page/BUREAU_CODE' is present

2020-09-08 13:57:22 - [MESSAGE][PASSED] - Text '6100000' is set on object 'Object Repository/CERTPAY_QUICKSTI/Login_ Page/BUREAU_CODE'

2020-09-08 13:57:22 - [MESSAGE][PASSED] - Quicksti.ts:Entered'6100000 into Bureau code

2020-09-08 13:57:22 - [TEST_STEP][PASSED] - utilities.SafeActions.safeType(findTestObject("CERTPAY_QUICKSTI/Login_ Page/TELLER_ID"), teller_id, "Bureau code", [pageLoadTime]): Quicksti.ts:Entered'zenq into Bureau code

2020-09-08 13:57:23 - [MESSAGE][PASSED] - Object 'Object Repository/CERTPAY_QUICKSTI/Login_ Page/TELLER_ID' is present

2020-09-08 13:57:23 - [MESSAGE][PASSED] - Object 'Object Repository/CERTPAY_QUICKSTI/Login_ Page/TELLER_ID' is visible

2020-09-08 13:57:23 - [MESSAGE][PASSED] - Object 'Object Repository/CERTPAY_QUICKSTI/Login_ Page/TELLER_ID' is present

2020-09-08 13:57:24 - [MESSAGE][PASSED] - Text 'zenq' is set on object 'Object Repository/CERTPAY_QUICKSTI/Login_ Page/TELLER_ID'

2020-09-08 13:57:24 - [MESSAGE][PASSED] - Quicksti.ts:Entered'zenq into Bureau code

2020-09-08 13:57:24 - [TEST_STEP][PASSED] - utilities.SafeActions.safeClick(findTestObject("CERTPAY_QUICKSTI/Login_ Page/NEXT_BUTTON"), "Next button", [pageLoadTime]): Quicksti.ts:Clicked on the Next button

2020-09-08 13:57:24 - [MESSAGE][INFO] - safeClicking

2020-09-08 13:57:25 - [MESSAGE][PASSED] - Object 'Object Repository/CERTPAY_QUICKSTI/Login_ Page/NEXT_BUTTON' is present

2020-09-08 13:57:25 - [MESSAGE][PASSED] - Object 'Object Repository/CERTPAY_QUICKSTI/Login_ Page/NEXT_BUTTON' is clickable

2020-09-08 13:57:30 - [MESSAGE][PASSED] - Object: 'Object Repository/CERTPAY_QUICKSTI/Login_ Page/NEXT_BUTTON' is clicked on

2020-09-08 13:57:30 - [MESSAGE][PASSED] - Quicksti.ts:Clicked on the Next button

2020-09-08 13:57:30 - [TEST_STEP][PASSED] - utilities.SafeActions.safeClick(findTestObject("CERTPAY_QUICKSTI/Payment_Information_Page/MANUAL_ENTRY_BUTTON"), "ManualEntry", [pageLoadTime]): Quicksti.ts:Clicked on the ManualEntry

2020-09-08 13:57:30 - [MESSAGE][INFO] - safeClicking

2020-09-08 13:57:30 - [MESSAGE][PASSED] - Object 'Object Repository/CERTPAY_QUICKSTI/Payment_Information_Page/MANUAL_ENTRY_BUTTON' is present

2020-09-08 13:57:31 - [MESSAGE][PASSED] - Object 'Object Repository/CERTPAY_QUICKSTI/Payment_Information_Page/MANUAL_ENTRY_BUTTON' is clickable

2020-09-08 13:57:34 - [MESSAGE][PASSED] - Object: 'Object Repository/CERTPAY_QUICKSTI/Payment_Information_Page/MANUAL_ENTRY_BUTTON' is clicked on

2020-09-08 13:57:34 - [MESSAGE][PASSED] - Quicksti.ts:Clicked on the ManualEntry

2020-09-08 13:57:34 - [TEST_STEP][PASSED] - CardNumber = pages.Quicksti.setUserPaymentDetails(firstName, lastName, cardNum): Quicksti.ts:Entered'4761739001010135 into CardNum

2020-09-08 13:57:35 - [MESSAGE][PASSED] - Object 'Object Repository/CERTPAY_QUICKSTI/Payment_Information_Page/FIRST_NAME' is present

2020-09-08 13:57:35 - [MESSAGE][PASSED] - Object 'Object Repository/CERTPAY_QUICKSTI/Payment_Information_Page/FIRST_NAME' is visible

2020-09-08 13:57:35 - [MESSAGE][PASSED] - Object 'Object Repository/CERTPAY_QUICKSTI/Payment_Information_Page/FIRST_NAME' is present

2020-09-08 13:57:37 - [MESSAGE][PASSED] - Text 'Tester' is set on object 'Object Repository/CERTPAY_QUICKSTI/Payment_Information_Page/FIRST_NAME'

2020-09-08 13:57:37 - [MESSAGE][PASSED] - Quicksti.ts:Entered'Tester into FirstName

2020-09-08 13:57:37 - [MESSAGE][PASSED] - Object 'Object Repository/CERTPAY_QUICKSTI/Payment_Information_Page/LAST_NAME' is present

2020-09-08 13:57:37 - [MESSAGE][PASSED] - Object 'Object Repository/CERTPAY_QUICKSTI/Payment_Information_Page/LAST_NAME' is visible

2020-09-08 13:57:38 - [MESSAGE][PASSED] - Object 'Object Repository/CERTPAY_QUICKSTI/Payment_Information_Page/LAST_NAME' is present

2020-09-08 13:57:39 - [MESSAGE][PASSED] - Text 'Zenq1' is set on object 'Object Repository/CERTPAY_QUICKSTI/Payment_Information_Page/LAST_NAME'

2020-09-08 13:57:39 - [MESSAGE][PASSED] - Quicksti.ts:Entered'Zenq1 into LAstName

2020-09-08 13:57:39 - [MESSAGE][PASSED] - Object 'Object Repository/CERTPAY_QUICKSTI/Payment_Information_Page/CARD_NUMBER' is present

2020-09-08 13:57:40 - [MESSAGE][PASSED] - Object 'Object Repository/CERTPAY_QUICKSTI/Payment_Information_Page/CARD_NUMBER' is visible

2020-09-08 13:57:40 - [MESSAGE][PASSED] - Object 'Object Repository/CERTPAY_QUICKSTI/Payment_Information_Page/CARD_NUMBER' is present

2020-09-08 13:57:41 - [MESSAGE][PASSED] - Text '4761739001010135' is set on object 'Object Repository/CERTPAY_QUICKSTI/Payment_Information_Page/CARD_NUMBER'

2020-09-08 13:57:41 - [MESSAGE][PASSED] - Quicksti.ts:Entered'4761739001010135 into CardNum

2020-09-08 13:57:41 - [TEST_STEP][PASSED] - utilities.SafeActions.safeSelectOptionInDropdownByVisibleText(findTestObject("CERTPAY_QUICKSTI/Payment_Information_Page/PAYMENT_TYPE"), paymentType, "paymentType", [pageLoadTime]): selected dropdown option by visible text  Taxesfrom paymentType

2020-09-08 13:57:42 - [MESSAGE][PASSED] - Object 'Object Repository/CERTPAY_QUICKSTI/Payment_Information_Page/PAYMENT_TYPE' is visible

2020-09-08 13:57:42 - [MESSAGE][PASSED] - Object 'Object Repository/CERTPAY_QUICKSTI/Payment_Information_Page/PAYMENT_TYPE' is present

2020-09-08 13:57:43 - [MESSAGE][PASSED] - Object: 'Object Repository/CERTPAY_QUICKSTI/Payment_Information_Page/PAYMENT_TYPE' is clicked on

2020-09-08 13:57:44 - [MESSAGE][PASSED] - All options with label 'Taxes' are selected in object 'Object Repository/CERTPAY_QUICKSTI/Payment_Information_Page/PAYMENT_TYPE'  using regular expression

2020-09-08 13:57:44 - [MESSAGE][PASSED] - selected dropdown option by visible text  Taxesfrom paymentType

2020-09-08 13:57:44 - [TEST_STEP][PASSED] - pages.Quicksti.setExpDate(expMonth, expYear, securityCode): Quicksti.ts:Entered'207 into securityCode

2020-09-08 13:57:45 - [MESSAGE][PASSED] - Object 'Object Repository/CERTPAY_QUICKSTI/Payment_Information_Page/EXP_MONTH' is visible

2020-09-08 13:57:45 - [MESSAGE][PASSED] - Object 'Object Repository/CERTPAY_QUICKSTI/Payment_Information_Page/EXP_MONTH' is present

2020-09-08 13:57:46 - [MESSAGE][PASSED] - Object: 'Object Repository/CERTPAY_QUICKSTI/Payment_Information_Page/EXP_MONTH' is clicked on

2020-09-08 13:57:48 - [MESSAGE][PASSED] - All options with label '03' are selected in object 'Object Repository/CERTPAY_QUICKSTI/Payment_Information_Page/EXP_MONTH'  using regular expression

2020-09-08 13:57:48 - [MESSAGE][PASSED] - selected dropdown option by visible text  03from expMonth

2020-09-08 13:57:48 - [MESSAGE][PASSED] - Object 'Object Repository/CERTPAY_QUICKSTI/Payment_Information_Page/EXP_YEAR' is visible

2020-09-08 13:57:48 - [MESSAGE][PASSED] - Object 'Object Repository/CERTPAY_QUICKSTI/Payment_Information_Page/EXP_YEAR' is present

2020-09-08 13:57:49 - [MESSAGE][PASSED] - Object: 'Object Repository/CERTPAY_QUICKSTI/Payment_Information_Page/EXP_YEAR' is clicked on

2020-09-08 13:57:51 - [MESSAGE][PASSED] - All options with label '2022' are selected in object 'Object Repository/CERTPAY_QUICKSTI/Payment_Information_Page/EXP_YEAR'  using regular expression

2020-09-08 13:57:51 - [MESSAGE][PASSED] - selected dropdown option by visible text  2022from  expYear

2020-09-08 13:57:51 - [MESSAGE][PASSED] - Object 'Object Repository/CERTPAY_QUICKSTI/Payment_Information_Page/SECURITY_CODE' is present

2020-09-08 13:57:52 - [MESSAGE][PASSED] - Object 'Object Repository/CERTPAY_QUICKSTI/Payment_Information_Page/SECURITY_CODE' is visible

2020-09-08 13:57:52 - [MESSAGE][PASSED] - Object 'Object Repository/CERTPAY_QUICKSTI/Payment_Information_Page/SECURITY_CODE' is present

2020-09-08 13:57:53 - [MESSAGE][PASSED] - Text '207' is set on object 'Object Repository/CERTPAY_QUICKSTI/Payment_Information_Page/SECURITY_CODE'

2020-09-08 13:57:53 - [MESSAGE][PASSED] - Quicksti.ts:Entered'207 into securityCode

2020-09-08 13:57:53 - [TEST_STEP][PASSED] - pages.Quicksti.setPaymentAmountDetailsForSinglePayment(paymentAmount, quantity): Quicksti.ts:Entered'1 into Quantity

2020-09-08 13:57:54 - [MESSAGE][PASSED] - Object 'Object Repository/CERTPAY_QUICKSTI/Payment_Information_Page/PAYMENT_AMOUNT' is present

2020-09-08 13:57:54 - [MESSAGE][PASSED] - Object 'Object Repository/CERTPAY_QUICKSTI/Payment_Information_Page/PAYMENT_AMOUNT' is visible

2020-09-08 13:57:54 - [MESSAGE][PASSED] - Object 'Object Repository/CERTPAY_QUICKSTI/Payment_Information_Page/PAYMENT_AMOUNT' is present

2020-09-08 13:57:56 - [MESSAGE][PASSED] - Text '20.00' is set on object 'Object Repository/CERTPAY_QUICKSTI/Payment_Information_Page/PAYMENT_AMOUNT'

2020-09-08 13:57:56 - [MESSAGE][PASSED] - Quicksti.ts:Entered'20.00 into amount

2020-09-08 13:57:56 - [MESSAGE][PASSED] - Object 'Object Repository/CERTPAY_QUICKSTI/Payment_Information_Page/QUANTITY' is present

2020-09-08 13:57:56 - [MESSAGE][PASSED] - Object 'Object Repository/CERTPAY_QUICKSTI/Payment_Information_Page/QUANTITY' is visible

2020-09-08 13:57:57 - [MESSAGE][PASSED] - Object 'Object Repository/CERTPAY_QUICKSTI/Payment_Information_Page/QUANTITY' is present

2020-09-08 13:57:58 - [MESSAGE][PASSED] - Text '1' is set on object 'Object Repository/CERTPAY_QUICKSTI/Payment_Information_Page/QUANTITY'

2020-09-08 13:57:58 - [MESSAGE][PASSED] - Quicksti.ts:Entered'1 into Quantity

2020-09-08 13:57:58 - [TEST_STEP][PASSED] - utilities.SafeActions.safeType(findTestObject("CERTPAY_QUICKSTI/Payment_Information_Page/REFRENCE_NUMBER"), referenceNum, "Reference Number", [pageLoadTime]): Quicksti.ts:Entered'11 into Reference Number

2020-09-08 13:57:58 - [MESSAGE][PASSED] - Object 'Object Repository/CERTPAY_QUICKSTI/Payment_Information_Page/REFRENCE_NUMBER' is present

2020-09-08 13:57:59 - [MESSAGE][PASSED] - Object 'Object Repository/CERTPAY_QUICKSTI/Payment_Information_Page/REFRENCE_NUMBER' is visible

2020-09-08 13:57:59 - [MESSAGE][PASSED] - Object 'Object Repository/CERTPAY_QUICKSTI/Payment_Information_Page/REFRENCE_NUMBER' is present

2020-09-08 13:58:00 - [MESSAGE][PASSED] - Text '11' is set on object 'Object Repository/CERTPAY_QUICKSTI/Payment_Information_Page/REFRENCE_NUMBER'

2020-09-08 13:58:00 - [MESSAGE][PASSED] - Quicksti.ts:Entered'11 into Reference Number

2020-09-08 13:58:00 - [TEST_STEP][PASSED] - amount_Value = pages.Quicksti.getAttributeValue(findTestObject("CERTPAY_QUICKSTI/Payment_Information_Page/SUB_TOTAL")): pages.Quicksti.getAttributeValue is PASSED

2020-09-08 13:58:01 - [MESSAGE][PASSED] - Attribute 'value' of object 'Object Repository/CERTPAY_QUICKSTI/Payment_Information_Page/SUB_TOTAL' is: '20.00'

2020-09-08 13:58:01 - [MESSAGE][PASSED] - pages.Quicksti.getAttributeValue is PASSED

2020-09-08 13:58:01 - [TEST_STEP][PASSED] - utilities.SafeActions.safeType(findTestObject("CERTPAY_QUICKSTI/Payment_Information_Page/COMMENTS"), "Testing", "Comments", [pageLoadTime]): Quicksti.ts:Entered'Testing into Comments

2020-09-08 13:58:01 - [MESSAGE][PASSED] - Object 'Object Repository/CERTPAY_QUICKSTI/Payment_Information_Page/COMMENTS' is present

2020-09-08 13:58:02 - [MESSAGE][PASSED] - Object 'Object Repository/CERTPAY_QUICKSTI/Payment_Information_Page/COMMENTS' is visible

2020-09-08 13:58:02 - [MESSAGE][PASSED] - Object 'Object Repository/CERTPAY_QUICKSTI/Payment_Information_Page/COMMENTS' is present

2020-09-08 13:58:03 - [MESSAGE][PASSED] - Text 'Testing' is set on object 'Object Repository/CERTPAY_QUICKSTI/Payment_Information_Page/COMMENTS'

2020-09-08 13:58:03 - [MESSAGE][PASSED] - Quicksti.ts:Entered'Testing into Comments

2020-09-08 13:58:03 - [TEST_STEP][PASSED] - utilities.SafeActions.safeType(findTestObject("CERTPAY_QUICKSTI/Payment_Information_Page/ADDRESS"), address, "Address", [pageLoadTime]): Quicksti.ts:Entered'14-2 into Address

2020-09-08 13:58:03 - [MESSAGE][PASSED] - Object 'Object Repository/CERTPAY_QUICKSTI/Payment_Information_Page/ADDRESS' is present

2020-09-08 13:58:04 - [MESSAGE][PASSED] - Object 'Object Repository/CERTPAY_QUICKSTI/Payment_Information_Page/ADDRESS' is visible

2020-09-08 13:58:04 - [MESSAGE][PASSED] - Object 'Object Repository/CERTPAY_QUICKSTI/Payment_Information_Page/ADDRESS' is present

2020-09-08 13:58:05 - [MESSAGE][PASSED] - Text '14-2' is set on object 'Object Repository/CERTPAY_QUICKSTI/Payment_Information_Page/ADDRESS'

2020-09-08 13:58:05 - [MESSAGE][PASSED] - Quicksti.ts:Entered'14-2 into Address

2020-09-08 13:58:05 - [TEST_STEP][PASSED] - utilities.SafeActions.safeType(findTestObject("CERTPAY_QUICKSTI/Payment_Information_Page/ZIP_CODE"), zipCode, "zipcode", [pageLoadTime]): Quicksti.ts:Entered'76102 into zipcode

2020-09-08 13:58:06 - [MESSAGE][PASSED] - Object 'Object Repository/CERTPAY_QUICKSTI/Payment_Information_Page/ZIP_CODE' is present

2020-09-08 13:58:06 - [MESSAGE][PASSED] - Object 'Object Repository/CERTPAY_QUICKSTI/Payment_Information_Page/ZIP_CODE' is visible

2020-09-08 13:58:06 - [MESSAGE][PASSED] - Object 'Object Repository/CERTPAY_QUICKSTI/Payment_Information_Page/ZIP_CODE' is present

2020-09-08 13:58:08 - [MESSAGE][PASSED] - Text '76102' is set on object 'Object Repository/CERTPAY_QUICKSTI/Payment_Information_Page/ZIP_CODE'

2020-09-08 13:58:08 - [MESSAGE][PASSED] - Quicksti.ts:Entered'76102 into zipcode

2020-09-08 13:58:08 - [TEST_STEP][PASSED] - utilities.SafeActions.safeType(findTestObject("CERTPAY_QUICKSTI/Payment_Information_Page/TELEPHONE"), telephone, "Telephone", [pageLoadTime]): Quicksti.ts:Entered'9988776655 into Telephone

2020-09-08 13:58:08 - [MESSAGE][PASSED] - Object 'Object Repository/CERTPAY_QUICKSTI/Payment_Information_Page/TELEPHONE' is present

2020-09-08 13:58:08 - [MESSAGE][PASSED] - Object 'Object Repository/CERTPAY_QUICKSTI/Payment_Information_Page/TELEPHONE' is visible

2020-09-08 13:58:09 - [MESSAGE][PASSED] - Object 'Object Repository/CERTPAY_QUICKSTI/Payment_Information_Page/TELEPHONE' is present

2020-09-08 13:58:10 - [MESSAGE][PASSED] - Text '9988776655' is set on object 'Object Repository/CERTPAY_QUICKSTI/Payment_Information_Page/TELEPHONE'

2020-09-08 13:58:10 - [MESSAGE][PASSED] - Quicksti.ts:Entered'9988776655 into Telephone

2020-09-08 13:58:10 - [TEST_STEP][PASSED] - utilities.SafeActions.safeType(findTestObject("CERTPAY_QUICKSTI/Payment_Information_Page/EMAIL_ADDRESS"), emailAddress, "EMAIL address", [pageLoadTime]): Quicksti.ts:Entered'testing@zenq.com into EMAIL address

2020-09-08 13:58:10 - [MESSAGE][PASSED] - Object 'Object Repository/CERTPAY_QUICKSTI/Payment_Information_Page/EMAIL_ADDRESS' is present

2020-09-08 13:58:11 - [MESSAGE][PASSED] - Object 'Object Repository/CERTPAY_QUICKSTI/Payment_Information_Page/EMAIL_ADDRESS' is visible

2020-09-08 13:58:11 - [MESSAGE][PASSED] - Object 'Object Repository/CERTPAY_QUICKSTI/Payment_Information_Page/EMAIL_ADDRESS' is present

2020-09-08 13:58:12 - [MESSAGE][PASSED] - Text 'testing@zenq.com' is set on object 'Object Repository/CERTPAY_QUICKSTI/Payment_Information_Page/EMAIL_ADDRESS'

2020-09-08 13:58:12 - [MESSAGE][PASSED] - Quicksti.ts:Entered'testing@zenq.com into EMAIL address

2020-09-08 13:58:12 - [TEST_STEP][PASSED] - utilities.SafeActions.safeClick(findTestObject("CERTPAY_QUICKSTI/Payment_Information_Page/NEXT_BUTTON"), "Next", [pageLoadTime]): Quicksti.ts:Clicked on the Next

2020-09-08 13:58:12 - [MESSAGE][INFO] - safeClicking

2020-09-08 13:58:13 - [MESSAGE][PASSED] - Object 'Object Repository/CERTPAY_QUICKSTI/Payment_Information_Page/NEXT_BUTTON' is present

2020-09-08 13:58:13 - [MESSAGE][PASSED] - Object 'Object Repository/CERTPAY_QUICKSTI/Payment_Information_Page/NEXT_BUTTON' is clickable

2020-09-08 13:58:18 - [MESSAGE][PASSED] - Object: 'Object Repository/CERTPAY_QUICKSTI/Payment_Information_Page/NEXT_BUTTON' is clicked on

2020-09-08 13:58:18 - [MESSAGE][PASSED] - Quicksti.ts:Clicked on the Next

2020-09-08 13:58:18 - [TEST_STEP][PASSED] - pages.Quicksti.verifyUserPaymentDetails(paymentAmount, firstName, lastName, CardNumber): pages.Quicksti.verifyUserPaymentDetails is PASSED

2020-09-08 13:58:19 - [MESSAGE][PASSED] - Text of object 'Object Repository/CERTPAY_QUICKSTI/Payment_Details_Verification_Page/AMOUNT' is: '$20.00'

2020-09-08 13:58:19 - [MESSAGE][PASSED] - Actual text '20.00' and expected text '20.00' are matched  using regular expression

2020-09-08 13:58:19 - [MESSAGE][PASSED] - Text of object 'Object Repository/CERTPAY_QUICKSTI/Payment_Details_Verification_Page/NAME' is: 'Tester Zenq1'

2020-09-08 13:58:19 - [MESSAGE][PASSED] - Actual text 'Tester Zenq1' and expected text 'Tester Zenq1' are matched  using regular expression

2020-09-08 13:58:19 - [MESSAGE][PASSED] - Text of object 'Object Repository/CERTPAY_QUICKSTI/Payment_Details_Verification_Page/CARD_NUMBER' is: '...0135'

2020-09-08 13:58:20 - [MESSAGE][PASSED] - Actual text '0135' and expected text '0135' are matched  using regular expression

2020-09-08 13:58:20 - [MESSAGE][PASSED] - pages.Quicksti.verifyUserPaymentDetails is PASSED

2020-09-08 13:58:20 - [TEST_STEP][PASSED] - delay(2): Delayed 2 second(s)

2020-09-08 13:58:22 - [MESSAGE][PASSED] - Delayed 2 second(s)

2020-09-08 13:58:22 - [TEST_STEP][PASSED] - scrollToElement(findTestObject("CERTPAY_QUICKSTI/Payment_Details_Verification_Page/PROCESS"), 0): Scroll to object 'Object Repository/CERTPAY_QUICKSTI/Payment_Details_Verification_Page/PROCESS' successfully

2020-09-08 13:58:22 - [MESSAGE][WARNING] - Timeout '0' is invalid. Using default page load timeout: '30'

2020-09-08 13:58:22 - [MESSAGE][PASSED] - Scroll to object 'Object Repository/CERTPAY_QUICKSTI/Payment_Details_Verification_Page/PROCESS' successfully

2020-09-08 13:58:22 - [TEST_STEP][PASSED] - utilities.SafeActions.safeClick(findTestObject("CERTPAY_QUICKSTI/Payment_Details_Verification_Page/PROCESS"), "Process", [pageLoadTime]): Quicksti.ts:Clicked on the Process

2020-09-08 13:58:22 - [MESSAGE][INFO] - safeClicking

2020-09-08 13:58:22 - [MESSAGE][PASSED] - Object 'Object Repository/CERTPAY_QUICKSTI/Payment_Details_Verification_Page/PROCESS' is present

2020-09-08 13:58:23 - [MESSAGE][PASSED] - Object 'Object Repository/CERTPAY_QUICKSTI/Payment_Details_Verification_Page/PROCESS' is clickable

2020-09-08 13:58:28 - [MESSAGE][PASSED] - Object: 'Object Repository/CERTPAY_QUICKSTI/Payment_Details_Verification_Page/PROCESS' is clicked on

2020-09-08 13:58:28 - [MESSAGE][PASSED] - Quicksti.ts:Clicked on the Process

2020-09-08 13:58:28 - [TEST_STEP][PASSED] - paymentId = pages.Quicksti.verifyPaymentApproval(findTestObject("CERTPAY_QUICKSTI/Payment_Details_Verification_Page/APPROVED")): Payment is approved

2020-09-08 13:58:29 - [MESSAGE][PASSED] - Text of object 'Object Repository/CERTPAY_QUICKSTI/Payment_Details_Verification_Page/PAYMENT_ID' is: '100176112066'

2020-09-08 13:58:29 - [MESSAGE][PASSED] - Object 'Object Repository/CERTPAY_QUICKSTI/Payment_Details_Verification_Page/APPROVED' is present

2020-09-08 13:58:29 - [MESSAGE][PASSED] - Payment is approved

2020-09-08 13:58:31 - [TEST_STEP][PASSED] - navigateToUrl(Admin_url): Navigate to 'https://qa-certpayadmin.faps.net' successfully

2020-09-08 13:58:39 - [MESSAGE][PASSED] - Navigate to 'https://qa-certpayadmin.faps.net' successfully

2020-09-08 13:58:39 - [TEST_STEP][PASSED] - pages.Bureau_Login_Page.loginToAdminSite(AdminUsername, AdminPassword): Quicksti.ts:Clicked on the LOGIN

2020-09-08 13:58:40 - [MESSAGE][PASSED] - Object 'Object Repository/CERTPAY_ADMIN/USER_NAME' is present

2020-09-08 13:58:40 - [MESSAGE][PASSED] - Object 'Object Repository/CERTPAY_ADMIN/USER_NAME' is visible

2020-09-08 13:58:41 - [MESSAGE][PASSED] - Object 'Object Repository/CERTPAY_ADMIN/USER_NAME' is present

2020-09-08 13:58:42 - [MESSAGE][PASSED] - Text 'VVangiliappan' is set on object 'Object Repository/CERTPAY_ADMIN/USER_NAME'

2020-09-08 13:58:42 - [MESSAGE][PASSED] - Quicksti.ts:Entered'VVangiliappan into username

2020-09-08 13:58:42 - [MESSAGE][PASSED] - Object 'Object Repository/CERTPAY_ADMIN/PASSWORD' is present

2020-09-08 13:58:43 - [MESSAGE][PASSED] - Object 'Object Repository/CERTPAY_ADMIN/PASSWORD' is visible

2020-09-08 13:58:43 - [MESSAGE][PASSED] - Object 'Object Repository/CERTPAY_ADMIN/PASSWORD' is present

2020-09-08 13:58:44 - [MESSAGE][PASSED] - Text 'Knila@12345' is set on object 'Object Repository/CERTPAY_ADMIN/PASSWORD'

2020-09-08 13:58:44 - [MESSAGE][PASSED] - Quicksti.ts:Entered'Knila@12345 into password

2020-09-08 13:58:44 - [MESSAGE][INFO] - safeClicking

2020-09-08 13:58:45 - [MESSAGE][PASSED] - Object 'Object Repository/CERTPAY_ADMIN/LOGIN_BUTTON' is present

2020-09-08 13:58:45 - [MESSAGE][PASSED] - Object 'Object Repository/CERTPAY_ADMIN/LOGIN_BUTTON' is clickable

2020-09-08 13:59:01 - [MESSAGE][PASSED] - Object: 'Object Repository/CERTPAY_ADMIN/LOGIN_BUTTON' is clicked on

2020-09-08 13:59:01 - [MESSAGE][PASSED] - Quicksti.ts:Clicked on the LOGIN

2020-09-08 13:59:01 - [TEST_STEP][PASSED] - utilities.SafeActions.safeClick(findTestObject("CERTPAY_ADMIN/TRANSACTION_SEARCH"), "TransactionSearch", [pageLoadTime]): Quicksti.ts:Clicked on the TransactionSearch

2020-09-08 13:59:01 - [MESSAGE][INFO] - safeClicking

2020-09-08 13:59:02 - [MESSAGE][PASSED] - Object 'Object Repository/CERTPAY_ADMIN/TRANSACTION_SEARCH' is present

2020-09-08 13:59:02 - [MESSAGE][PASSED] - Object 'Object Repository/CERTPAY_ADMIN/TRANSACTION_SEARCH' is clickable

2020-09-08 13:59:14 - [MESSAGE][PASSED] - Object: 'Object Repository/CERTPAY_ADMIN/TRANSACTION_SEARCH' is clicked on

2020-09-08 13:59:14 - [MESSAGE][PASSED] - Quicksti.ts:Clicked on the TransactionSearch

2020-09-08 13:59:14 - [TEST_STEP][PASSED] - utilities.SafeActions.safeType(findTestObject("CERTPAY_ADMIN/PAYMENT_ID"), paymentId, "Payment id", [pageLoadTime]): Quicksti.ts:Entered'100176112066 into Payment id

2020-09-08 13:59:15 - [MESSAGE][PASSED] - Object 'Object Repository/CERTPAY_ADMIN/PAYMENT_ID' is present

2020-09-08 13:59:15 - [MESSAGE][PASSED] - Object 'Object Repository/CERTPAY_ADMIN/PAYMENT_ID' is visible

2020-09-08 13:59:15 - [MESSAGE][PASSED] - Object 'Object Repository/CERTPAY_ADMIN/PAYMENT_ID' is present

2020-09-08 13:59:17 - [MESSAGE][PASSED] - Text '100176112066' is set on object 'Object Repository/CERTPAY_ADMIN/PAYMENT_ID'

2020-09-08 13:59:17 - [MESSAGE][PASSED] - Quicksti.ts:Entered'100176112066 into Payment id

2020-09-08 13:59:17 - [TEST_STEP][PASSED] - utilities.SafeActions.safeClick(findTestObject("CERTPAY_ADMIN/GO_BUTTON"), "Go button", [pageLoadTime]): Quicksti.ts:Clicked on the Go button

2020-09-08 13:59:17 - [MESSAGE][INFO] - safeClicking

2020-09-08 13:59:17 - [MESSAGE][PASSED] - Object 'Object Repository/CERTPAY_ADMIN/GO_BUTTON' is present

2020-09-08 13:59:17 - [MESSAGE][PASSED] - Object 'Object Repository/CERTPAY_ADMIN/GO_BUTTON' is clickable

2020-09-08 13:59:21 - [MESSAGE][PASSED] - Object: 'Object Repository/CERTPAY_ADMIN/GO_BUTTON' is clicked on

2020-09-08 13:59:21 - [MESSAGE][PASSED] - Quicksti.ts:Clicked on the Go button

2020-09-08 13:59:21 - [TEST_STEP][PASSED] - delay(5): Delayed 5 second(s)

2020-09-08 13:59:26 - [MESSAGE][PASSED] - Delayed 5 second(s)

2020-09-08 13:59:26 - [TEST_STEP][PASSED] - scrollToPosition(800, 900): Browser is scrolled to position x = 800, y = 900

2020-09-08 13:59:26 - [MESSAGE][PASSED] - Browser is scrolled to position x = 800, y = 900

2020-09-08 13:59:26 - [TEST_STEP][PASSED] - paymentIdList.add(paymentId): null

2020-09-08 13:59:26 - [TEST_STEP][PASSED] - println(paymentIdList): null

2020-09-08 13:59:26 - [TEST_STEP][PASSED] - firstName = data.getValue("FirstName", index): null

2020-09-08 13:59:26 - [TEST_STEP][PASSED] - lastName = data.getValue("LastName", index): null

2020-09-08 13:59:26 - [TEST_STEP][PASSED] - expMonth = data.getValue("ExpMonth", index): null

2020-09-08 13:59:26 - [TEST_STEP][PASSED] - expYear = data.getValue("ExpYear", index): null

2020-09-08 13:59:26 - [TEST_STEP][PASSED] - securityCode = data.getValue("SecurityCode", index): null

2020-09-08 13:59:26 - [TEST_STEP][PASSED] - paymentAmount = data.getValue("PaymentAmount", index): null

2020-09-08 13:59:26 - [TEST_STEP][PASSED] - paymentType = data.getValue("PaymentType", index): null

2020-09-08 13:59:26 - [TEST_STEP][PASSED] - quantity = data.getValue("Quantity", index): null

2020-09-08 13:59:26 - [TEST_STEP][PASSED] - comments = data.getValue("Comments", index): null

2020-09-08 13:59:26 - [TEST_STEP][PASSED] - referenceNum = data.getValue("ReferenceNum", index): null

2020-09-08 13:59:26 - [TEST_STEP][PASSED] - address = data.getValue("Address", index): null

2020-09-08 13:59:26 - [TEST_STEP][PASSED] - zipCode = data.getValue("Zipcode", index): null

2020-09-08 13:59:26 - [TEST_STEP][PASSED] - telephone = data.getValue("Telephone", index): null

2020-09-08 13:59:26 - [TEST_STEP][PASSED] - emailAddress = data.getValue("EmailAddress", index): null

2020-09-08 13:59:26 - [TEST_STEP][PASSED] - cardNum = data.getValue("CardNumber", index): null

2020-09-08 13:59:26 - [TEST_STEP][PASSED] - cardType = data.getValue("CardType", index): null

2020-09-08 13:59:26 - [TEST_STEP][PASSED] - utilities.SafeActions.openBrowser(Quicksti_Url, [pageLoadTime]): Browser launched successfully

2020-09-08 13:59:26 - [MESSAGE][INFO] - Opening Browser

2020-09-08 13:59:26 - [MESSAGE][WARNING] - A browser is already opened. Closing browser and opening a new one

2020-09-08 13:59:27 - [MESSAGE][INFO] - Starting 'Chrome' driver

2020-09-08 13:59:39 - [MESSAGE][PASSED] - Browser is opened with url: 'https://qa-certpayquicksti.faps.net/'

2020-09-08 13:59:41 - [MESSAGE][PASSED] - Current window maximized

2020-09-08 13:59:41 - [MESSAGE][PASSED] - Browser launched successfully

2020-09-08 13:59:41 - [TEST_STEP][PASSED] - utilities.SafeActions.safeType(findTestObject("CERTPAY_QUICKSTI/Login_ Page/BUREAU_CODE"), bureau_code, "Bureau code", [pageLoadTime]): Quicksti.ts:Entered'6100000 into Bureau code

2020-09-08 13:59:41 - [MESSAGE][PASSED] - Object 'Object Repository/CERTPAY_QUICKSTI/Login_ Page/BUREAU_CODE' is present

2020-09-08 13:59:42 - [MESSAGE][PASSED] - Object 'Object Repository/CERTPAY_QUICKSTI/Login_ Page/BUREAU_CODE' is visible

2020-09-08 13:59:42 - [MESSAGE][PASSED] - Object 'Object Repository/CERTPAY_QUICKSTI/Login_ Page/BUREAU_CODE' is present

2020-09-08 13:59:43 - [MESSAGE][PASSED] - Text '6100000' is set on object 'Object Repository/CERTPAY_QUICKSTI/Login_ Page/BUREAU_CODE'

2020-09-08 13:59:43 - [MESSAGE][PASSED] - Quicksti.ts:Entered'6100000 into Bureau code

2020-09-08 13:59:43 - [TEST_STEP][PASSED] - utilities.SafeActions.safeType(findTestObject("CERTPAY_QUICKSTI/Login_ Page/TELLER_ID"), teller_id, "Bureau code", [pageLoadTime]): Quicksti.ts:Entered'zenq into Bureau code

2020-09-08 13:59:44 - [MESSAGE][PASSED] - Object 'Object Repository/CERTPAY_QUICKSTI/Login_ Page/TELLER_ID' is present

2020-09-08 13:59:44 - [MESSAGE][PASSED] - Object 'Object Repository/CERTPAY_QUICKSTI/Login_ Page/TELLER_ID' is visible

2020-09-08 13:59:44 - [MESSAGE][PASSED] - Object 'Object Repository/CERTPAY_QUICKSTI/Login_ Page/TELLER_ID' is present

2020-09-08 13:59:46 - [MESSAGE][PASSED] - Text 'zenq' is set on object 'Object Repository/CERTPAY_QUICKSTI/Login_ Page/TELLER_ID'

2020-09-08 13:59:46 - [MESSAGE][PASSED] - Quicksti.ts:Entered'zenq into Bureau code

2020-09-08 13:59:46 - [TEST_STEP][PASSED] - utilities.SafeActions.safeClick(findTestObject("CERTPAY_QUICKSTI/Login_ Page/NEXT_BUTTON"), "Next button", [pageLoadTime]): Quicksti.ts:Clicked on the Next button

2020-09-08 13:59:46 - [MESSAGE][INFO] - safeClicking

2020-09-08 13:59:46 - [MESSAGE][PASSED] - Object 'Object Repository/CERTPAY_QUICKSTI/Login_ Page/NEXT_BUTTON' is present

2020-09-08 13:59:46 - [MESSAGE][PASSED] - Object 'Object Repository/CERTPAY_QUICKSTI/Login_ Page/NEXT_BUTTON' is clickable

2020-09-08 13:59:53 - [MESSAGE][PASSED] - Object: 'Object Repository/CERTPAY_QUICKSTI/Login_ Page/NEXT_BUTTON' is clicked on

2020-09-08 13:59:53 - [MESSAGE][PASSED] - Quicksti.ts:Clicked on the Next button

2020-09-08 13:59:53 - [TEST_STEP][PASSED] - utilities.SafeActions.safeClick(findTestObject("CERTPAY_QUICKSTI/Payment_Information_Page/MANUAL_ENTRY_BUTTON"), "ManualEntry", [pageLoadTime]): Quicksti.ts:Clicked on the ManualEntry

2020-09-08 13:59:53 - [MESSAGE][INFO] - safeClicking

2020-09-08 13:59:54 - [MESSAGE][PASSED] - Object 'Object Repository/CERTPAY_QUICKSTI/Payment_Information_Page/MANUAL_ENTRY_BUTTON' is present

2020-09-08 13:59:54 - [MESSAGE][PASSED] - Object 'Object Repository/CERTPAY_QUICKSTI/Payment_Information_Page/MANUAL_ENTRY_BUTTON' is clickable

2020-09-08 13:59:57 - [MESSAGE][PASSED] - Object: 'Object Repository/CERTPAY_QUICKSTI/Payment_Information_Page/MANUAL_ENTRY_BUTTON' is clicked on

2020-09-08 13:59:57 - [MESSAGE][PASSED] - Quicksti.ts:Clicked on the ManualEntry

2020-09-08 13:59:57 - [TEST_STEP][PASSED] - CardNumber = pages.Quicksti.setUserPaymentDetails(firstName, lastName, cardNum): Quicksti.ts:Entered'5154623208647646 into CardNum

2020-09-08 13:59:57 - [MESSAGE][PASSED] - Object 'Object Repository/CERTPAY_QUICKSTI/Payment_Information_Page/FIRST_NAME' is present

2020-09-08 13:59:58 - [MESSAGE][PASSED] - Object 'Object Repository/CERTPAY_QUICKSTI/Payment_Information_Page/FIRST_NAME' is visible

2020-09-08 13:59:58 - [MESSAGE][PASSED] - Object 'Object Repository/CERTPAY_QUICKSTI/Payment_Information_Page/FIRST_NAME' is present

2020-09-08 13:59:59 - [MESSAGE][PASSED] - Text 'Tester' is set on object 'Object Repository/CERTPAY_QUICKSTI/Payment_Information_Page/FIRST_NAME'

2020-09-08 13:59:59 - [MESSAGE][PASSED] - Quicksti.ts:Entered'Tester into FirstName

2020-09-08 14:00:00 - [MESSAGE][PASSED] - Object 'Object Repository/CERTPAY_QUICKSTI/Payment_Information_Page/LAST_NAME' is present

2020-09-08 14:00:00 - [MESSAGE][PASSED] - Object 'Object Repository/CERTPAY_QUICKSTI/Payment_Information_Page/LAST_NAME' is visible

2020-09-08 14:00:00 - [MESSAGE][PASSED] - Object 'Object Repository/CERTPAY_QUICKSTI/Payment_Information_Page/LAST_NAME' is present

2020-09-08 14:00:02 - [MESSAGE][PASSED] - Text 'Zenq1' is set on object 'Object Repository/CERTPAY_QUICKSTI/Payment_Information_Page/LAST_NAME'

2020-09-08 14:00:02 - [MESSAGE][PASSED] - Quicksti.ts:Entered'Zenq1 into LAstName

2020-09-08 14:00:02 - [MESSAGE][PASSED] - Object 'Object Repository/CERTPAY_QUICKSTI/Payment_Information_Page/CARD_NUMBER' is present

2020-09-08 14:00:02 - [MESSAGE][PASSED] - Object 'Object Repository/CERTPAY_QUICKSTI/Payment_Information_Page/CARD_NUMBER' is visible

2020-09-08 14:00:03 - [MESSAGE][PASSED] - Object 'Object Repository/CERTPAY_QUICKSTI/Payment_Information_Page/CARD_NUMBER' is present

2020-09-08 14:00:04 - [MESSAGE][PASSED] - Text '5154623208647646' is set on object 'Object Repository/CERTPAY_QUICKSTI/Payment_Information_Page/CARD_NUMBER'

2020-09-08 14:00:04 - [MESSAGE][PASSED] - Quicksti.ts:Entered'5154623208647646 into CardNum

2020-09-08 14:00:04 - [TEST_STEP][PASSED] - utilities.SafeActions.safeSelectOptionInDropdownByVisibleText(findTestObject("CERTPAY_QUICKSTI/Payment_Information_Page/PAYMENT_TYPE"), paymentType, "paymentType", [pageLoadTime]): selected dropdown option by visible text  Giftsfrom paymentType

2020-09-08 14:00:04 - [MESSAGE][PASSED] - Object 'Object Repository/CERTPAY_QUICKSTI/Payment_Information_Page/PAYMENT_TYPE' is visible

2020-09-08 14:00:05 - [MESSAGE][PASSED] - Object 'Object Repository/CERTPAY_QUICKSTI/Payment_Information_Page/PAYMENT_TYPE' is present

2020-09-08 14:00:06 - [MESSAGE][PASSED] - Object: 'Object Repository/CERTPAY_QUICKSTI/Payment_Information_Page/PAYMENT_TYPE' is clicked on

2020-09-08 14:00:07 - [MESSAGE][PASSED] - All options with label 'Gifts' are selected in object 'Object Repository/CERTPAY_QUICKSTI/Payment_Information_Page/PAYMENT_TYPE'  using regular expression

2020-09-08 14:00:07 - [MESSAGE][PASSED] - selected dropdown option by visible text  Giftsfrom paymentType

2020-09-08 14:00:07 - [TEST_STEP][PASSED] - pages.Quicksti.setExpDate(expMonth, expYear, securityCode): Quicksti.ts:Entered'207 into securityCode

2020-09-08 14:00:08 - [MESSAGE][PASSED] - Object 'Object Repository/CERTPAY_QUICKSTI/Payment_Information_Page/EXP_MONTH' is visible

2020-09-08 14:00:08 - [MESSAGE][PASSED] - Object 'Object Repository/CERTPAY_QUICKSTI/Payment_Information_Page/EXP_MONTH' is present

2020-09-08 14:00:09 - [MESSAGE][PASSED] - Object: 'Object Repository/CERTPAY_QUICKSTI/Payment_Information_Page/EXP_MONTH' is clicked on

2020-09-08 14:00:10 - [MESSAGE][PASSED] - All options with label '04' are selected in object 'Object Repository/CERTPAY_QUICKSTI/Payment_Information_Page/EXP_MONTH'  using regular expression

2020-09-08 14:00:10 - [MESSAGE][PASSED] - selected dropdown option by visible text  04from expMonth

2020-09-08 14:00:11 - [MESSAGE][PASSED] - Object 'Object Repository/CERTPAY_QUICKSTI/Payment_Information_Page/EXP_YEAR' is visible

2020-09-08 14:00:11 - [MESSAGE][PASSED] - Object 'Object Repository/CERTPAY_QUICKSTI/Payment_Information_Page/EXP_YEAR' is present

2020-09-08 14:00:12 - [MESSAGE][PASSED] - Object: 'Object Repository/CERTPAY_QUICKSTI/Payment_Information_Page/EXP_YEAR' is clicked on

2020-09-08 14:00:14 - [MESSAGE][PASSED] - All options with label '2023' are selected in object 'Object Repository/CERTPAY_QUICKSTI/Payment_Information_Page/EXP_YEAR'  using regular expression

2020-09-08 14:00:14 - [MESSAGE][PASSED] - selected dropdown option by visible text  2023from  expYear

2020-09-08 14:00:14 - [MESSAGE][PASSED] - Object 'Object Repository/CERTPAY_QUICKSTI/Payment_Information_Page/SECURITY_CODE' is present

2020-09-08 14:00:15 - [MESSAGE][PASSED] - Object 'Object Repository/CERTPAY_QUICKSTI/Payment_Information_Page/SECURITY_CODE' is visible

2020-09-08 14:00:15 - [MESSAGE][PASSED] - Object 'Object Repository/CERTPAY_QUICKSTI/Payment_Information_Page/SECURITY_CODE' is present

2020-09-08 14:00:16 - [MESSAGE][PASSED] - Text '207' is set on object 'Object Repository/CERTPAY_QUICKSTI/Payment_Information_Page/SECURITY_CODE'

2020-09-08 14:00:16 - [MESSAGE][PASSED] - Quicksti.ts:Entered'207 into securityCode

2020-09-08 14:00:16 - [TEST_STEP][PASSED] - pages.Quicksti.setPaymentAmountDetailsForSinglePayment(paymentAmount, quantity): Quicksti.ts:Entered'2 into Quantity

2020-09-08 14:00:17 - [MESSAGE][PASSED] - Object 'Object Repository/CERTPAY_QUICKSTI/Payment_Information_Page/PAYMENT_AMOUNT' is present

2020-09-08 14:00:17 - [MESSAGE][PASSED] - Object 'Object Repository/CERTPAY_QUICKSTI/Payment_Information_Page/PAYMENT_AMOUNT' is visible

2020-09-08 14:00:17 - [MESSAGE][PASSED] - Object 'Object Repository/CERTPAY_QUICKSTI/Payment_Information_Page/PAYMENT_AMOUNT' is present

2020-09-08 14:00:19 - [MESSAGE][PASSED] - Text '25.00' is set on object 'Object Repository/CERTPAY_QUICKSTI/Payment_Information_Page/PAYMENT_AMOUNT'

2020-09-08 14:00:19 - [MESSAGE][PASSED] - Quicksti.ts:Entered'25.00 into amount

2020-09-08 14:00:19 - [MESSAGE][PASSED] - Object 'Object Repository/CERTPAY_QUICKSTI/Payment_Information_Page/QUANTITY' is present

2020-09-08 14:00:19 - [MESSAGE][PASSED] - Object 'Object Repository/CERTPAY_QUICKSTI/Payment_Information_Page/QUANTITY' is visible

2020-09-08 14:00:20 - [MESSAGE][PASSED] - Object 'Object Repository/CERTPAY_QUICKSTI/Payment_Information_Page/QUANTITY' is present

2020-09-08 14:00:21 - [MESSAGE][PASSED] - Text '2' is set on object 'Object Repository/CERTPAY_QUICKSTI/Payment_Information_Page/QUANTITY'

2020-09-08 14:00:21 - [MESSAGE][PASSED] - Quicksti.ts:Entered'2 into Quantity

2020-09-08 14:00:21 - [TEST_STEP][PASSED] - utilities.SafeActions.safeType(findTestObject("CERTPAY_QUICKSTI/Payment_Information_Page/REFRENCE_NUMBER"), referenceNum, "Reference Number", [pageLoadTime]): Quicksti.ts:Entered'12 into Reference Number

2020-09-08 14:00:21 - [MESSAGE][PASSED] - Object 'Object Repository/CERTPAY_QUICKSTI/Payment_Information_Page/REFRENCE_NUMBER' is present

2020-09-08 14:00:22 - [MESSAGE][PASSED] - Object 'Object Repository/CERTPAY_QUICKSTI/Payment_Information_Page/REFRENCE_NUMBER' is visible

2020-09-08 14:00:22 - [MESSAGE][PASSED] - Object 'Object Repository/CERTPAY_QUICKSTI/Payment_Information_Page/REFRENCE_NUMBER' is present

2020-09-08 14:00:23 - [MESSAGE][PASSED] - Text '12' is set on object 'Object Repository/CERTPAY_QUICKSTI/Payment_Information_Page/REFRENCE_NUMBER'

2020-09-08 14:00:23 - [MESSAGE][PASSED] - Quicksti.ts:Entered'12 into Reference Number

2020-09-08 14:00:23 - [TEST_STEP][PASSED] - amount_Value = pages.Quicksti.getAttributeValue(findTestObject("CERTPAY_QUICKSTI/Payment_Information_Page/SUB_TOTAL")): pages.Quicksti.getAttributeValue is PASSED

2020-09-08 14:00:24 - [MESSAGE][PASSED] - Attribute 'value' of object 'Object Repository/CERTPAY_QUICKSTI/Payment_Information_Page/SUB_TOTAL' is: '50.00'

2020-09-08 14:00:24 - [MESSAGE][PASSED] - pages.Quicksti.getAttributeValue is PASSED

2020-09-08 14:00:24 - [TEST_STEP][PASSED] - utilities.SafeActions.safeType(findTestObject("CERTPAY_QUICKSTI/Payment_Information_Page/COMMENTS"), "Testing", "Comments", [pageLoadTime]): Quicksti.ts:Entered'Testing into Comments

2020-09-08 14:00:24 - [MESSAGE][PASSED] - Object 'Object Repository/CERTPAY_QUICKSTI/Payment_Information_Page/COMMENTS' is present

2020-09-08 14:00:24 - [MESSAGE][PASSED] - Object 'Object Repository/CERTPAY_QUICKSTI/Payment_Information_Page/COMMENTS' is visible

2020-09-08 14:00:25 - [MESSAGE][PASSED] - Object 'Object Repository/CERTPAY_QUICKSTI/Payment_Information_Page/COMMENTS' is present

2020-09-08 14:00:26 - [MESSAGE][PASSED] - Text 'Testing' is set on object 'Object Repository/CERTPAY_QUICKSTI/Payment_Information_Page/COMMENTS'

2020-09-08 14:00:26 - [MESSAGE][PASSED] - Quicksti.ts:Entered'Testing into Comments

2020-09-08 14:00:26 - [TEST_STEP][PASSED] - utilities.SafeActions.safeType(findTestObject("CERTPAY_QUICKSTI/Payment_Information_Page/ADDRESS"), address, "Address", [pageLoadTime]): Quicksti.ts:Entered'14-2 into Address

2020-09-08 14:00:26 - [MESSAGE][PASSED] - Object 'Object Repository/CERTPAY_QUICKSTI/Payment_Information_Page/ADDRESS' is present

2020-09-08 14:00:27 - [MESSAGE][PASSED] - Object 'Object Repository/CERTPAY_QUICKSTI/Payment_Information_Page/ADDRESS' is visible

2020-09-08 14:00:27 - [MESSAGE][PASSED] - Object 'Object Repository/CERTPAY_QUICKSTI/Payment_Information_Page/ADDRESS' is present

2020-09-08 14:00:28 - [MESSAGE][PASSED] - Text '14-2' is set on object 'Object Repository/CERTPAY_QUICKSTI/Payment_Information_Page/ADDRESS'

2020-09-08 14:00:28 - [MESSAGE][PASSED] - Quicksti.ts:Entered'14-2 into Address

2020-09-08 14:00:28 - [TEST_STEP][PASSED] - utilities.SafeActions.safeType(findTestObject("CERTPAY_QUICKSTI/Payment_Information_Page/ZIP_CODE"), zipCode, "zipcode", [pageLoadTime]): Quicksti.ts:Entered'76102 into zipcode

2020-09-08 14:00:29 - [MESSAGE][PASSED] - Object 'Object Repository/CERTPAY_QUICKSTI/Payment_Information_Page/ZIP_CODE' is present

2020-09-08 14:00:29 - [MESSAGE][PASSED] - Object 'Object Repository/CERTPAY_QUICKSTI/Payment_Information_Page/ZIP_CODE' is visible

2020-09-08 14:00:29 - [MESSAGE][PASSED] - Object 'Object Repository/CERTPAY_QUICKSTI/Payment_Information_Page/ZIP_CODE' is present

2020-09-08 14:00:31 - [MESSAGE][PASSED] - Text '76102' is set on object 'Object Repository/CERTPAY_QUICKSTI/Payment_Information_Page/ZIP_CODE'

2020-09-08 14:00:31 - [MESSAGE][PASSED] - Quicksti.ts:Entered'76102 into zipcode

2020-09-08 14:00:31 - [TEST_STEP][PASSED] - utilities.SafeActions.safeType(findTestObject("CERTPAY_QUICKSTI/Payment_Information_Page/TELEPHONE"), telephone, "Telephone", [pageLoadTime]): Quicksti.ts:Entered'9989897654 into Telephone

2020-09-08 14:00:31 - [MESSAGE][PASSED] - Object 'Object Repository/CERTPAY_QUICKSTI/Payment_Information_Page/TELEPHONE' is present

2020-09-08 14:00:31 - [MESSAGE][PASSED] - Object 'Object Repository/CERTPAY_QUICKSTI/Payment_Information_Page/TELEPHONE' is visible

2020-09-08 14:00:32 - [MESSAGE][PASSED] - Object 'Object Repository/CERTPAY_QUICKSTI/Payment_Information_Page/TELEPHONE' is present

2020-09-08 14:00:33 - [MESSAGE][PASSED] - Text '9989897654' is set on object 'Object Repository/CERTPAY_QUICKSTI/Payment_Information_Page/TELEPHONE'

2020-09-08 14:00:33 - [MESSAGE][PASSED] - Quicksti.ts:Entered'9989897654 into Telephone

2020-09-08 14:00:33 - [TEST_STEP][PASSED] - utilities.SafeActions.safeType(findTestObject("CERTPAY_QUICKSTI/Payment_Information_Page/EMAIL_ADDRESS"), emailAddress, "EMAIL address", [pageLoadTime]): Quicksti.ts:Entered'testing@zenq.com into EMAIL address

2020-09-08 14:00:33 - [MESSAGE][PASSED] - Object 'Object Repository/CERTPAY_QUICKSTI/Payment_Information_Page/EMAIL_ADDRESS' is present

2020-09-08 14:00:33 - [MESSAGE][PASSED] - Object 'Object Repository/CERTPAY_QUICKSTI/Payment_Information_Page/EMAIL_ADDRESS' is visible

2020-09-08 14:00:34 - [MESSAGE][PASSED] - Object 'Object Repository/CERTPAY_QUICKSTI/Payment_Information_Page/EMAIL_ADDRESS' is present

2020-09-08 14:00:35 - [MESSAGE][PASSED] - Text 'testing@zenq.com' is set on object 'Object Repository/CERTPAY_QUICKSTI/Payment_Information_Page/EMAIL_ADDRESS'

2020-09-08 14:00:35 - [MESSAGE][PASSED] - Quicksti.ts:Entered'testing@zenq.com into EMAIL address

2020-09-08 14:00:35 - [TEST_STEP][PASSED] - utilities.SafeActions.safeClick(findTestObject("CERTPAY_QUICKSTI/Payment_Information_Page/NEXT_BUTTON"), "Next", [pageLoadTime]): Quicksti.ts:Clicked on the Next

2020-09-08 14:00:35 - [MESSAGE][INFO] - safeClicking

2020-09-08 14:00:35 - [MESSAGE][PASSED] - Object 'Object Repository/CERTPAY_QUICKSTI/Payment_Information_Page/NEXT_BUTTON' is present

2020-09-08 14:00:36 - [MESSAGE][PASSED] - Object 'Object Repository/CERTPAY_QUICKSTI/Payment_Information_Page/NEXT_BUTTON' is clickable

2020-09-08 14:00:38 - [MESSAGE][PASSED] - Object: 'Object Repository/CERTPAY_QUICKSTI/Payment_Information_Page/NEXT_BUTTON' is clicked on

2020-09-08 14:00:38 - [MESSAGE][PASSED] - Quicksti.ts:Clicked on the Next

2020-09-08 14:00:38 - [TEST_STEP][PASSED] - pages.Quicksti.verifyUserPaymentDetails(paymentAmount, firstName, lastName, CardNumber): pages.Quicksti.verifyUserPaymentDetails is PASSED

2020-09-08 14:00:39 - [MESSAGE][PASSED] - Text of object 'Object Repository/CERTPAY_QUICKSTI/Payment_Details_Verification_Page/AMOUNT' is: '$25.00'

2020-09-08 14:00:39 - [MESSAGE][PASSED] - Actual text '25.00' and expected text '25.00' are matched  using regular expression

2020-09-08 14:00:39 - [MESSAGE][PASSED] - Text of object 'Object Repository/CERTPAY_QUICKSTI/Payment_Details_Verification_Page/NAME' is: 'Tester Zenq1'

2020-09-08 14:00:39 - [MESSAGE][PASSED] - Actual text 'Tester Zenq1' and expected text 'Tester Zenq1' are matched  using regular expression

2020-09-08 14:00:40 - [MESSAGE][PASSED] - Text of object 'Object Repository/CERTPAY_QUICKSTI/Payment_Details_Verification_Page/CARD_NUMBER' is: '...7646'

2020-09-08 14:00:40 - [MESSAGE][PASSED] - Actual text '7646' and expected text '7646' are matched  using regular expression

2020-09-08 14:00:40 - [MESSAGE][PASSED] - pages.Quicksti.verifyUserPaymentDetails is PASSED

2020-09-08 14:00:40 - [TEST_STEP][PASSED] - delay(2): Delayed 2 second(s)

2020-09-08 14:00:42 - [MESSAGE][PASSED] - Delayed 2 second(s)

2020-09-08 14:00:42 - [TEST_STEP][PASSED] - scrollToElement(findTestObject("CERTPAY_QUICKSTI/Payment_Details_Verification_Page/PROCESS"), 0): Scroll to object 'Object Repository/CERTPAY_QUICKSTI/Payment_Details_Verification_Page/PROCESS' successfully

2020-09-08 14:00:42 - [MESSAGE][WARNING] - Timeout '0' is invalid. Using default page load timeout: '30'

2020-09-08 14:00:42 - [MESSAGE][PASSED] - Scroll to object 'Object Repository/CERTPAY_QUICKSTI/Payment_Details_Verification_Page/PROCESS' successfully

2020-09-08 14:00:42 - [TEST_STEP][PASSED] - utilities.SafeActions.safeClick(findTestObject("CERTPAY_QUICKSTI/Payment_Details_Verification_Page/PROCESS"), "Process", [pageLoadTime]): Quicksti.ts:Clicked on the Process

2020-09-08 14:00:42 - [MESSAGE][INFO] - safeClicking

2020-09-08 14:00:42 - [MESSAGE][PASSED] - Object 'Object Repository/CERTPAY_QUICKSTI/Payment_Details_Verification_Page/PROCESS' is present

2020-09-08 14:00:43 - [MESSAGE][PASSED] - Object 'Object Repository/CERTPAY_QUICKSTI/Payment_Details_Verification_Page/PROCESS' is clickable

2020-09-08 14:00:48 - [MESSAGE][PASSED] - Object: 'Object Repository/CERTPAY_QUICKSTI/Payment_Details_Verification_Page/PROCESS' is clicked on

2020-09-08 14:00:48 - [MESSAGE][PASSED] - Quicksti.ts:Clicked on the Process

2020-09-08 14:00:48 - [TEST_STEP][PASSED] - paymentId = pages.Quicksti.verifyPaymentApproval(findTestObject("CERTPAY_QUICKSTI/Payment_Details_Verification_Page/APPROVED")): Payment is approved

2020-09-08 14:00:49 - [MESSAGE][PASSED] - Text of object 'Object Repository/CERTPAY_QUICKSTI/Payment_Details_Verification_Page/PAYMENT_ID' is: '100176112070'

2020-09-08 14:00:49 - [MESSAGE][PASSED] - Object 'Object Repository/CERTPAY_QUICKSTI/Payment_Details_Verification_Page/APPROVED' is present

2020-09-08 14:00:49 - [MESSAGE][PASSED] - Payment is approved

2020-09-08 14:00:51 - [TEST_STEP][PASSED] - navigateToUrl(Admin_url): Navigate to 'https://qa-certpayadmin.faps.net' successfully

2020-09-08 14:00:59 - [MESSAGE][PASSED] - Navigate to 'https://qa-certpayadmin.faps.net' successfully

2020-09-08 14:00:59 - [TEST_STEP][PASSED] - pages.Bureau_Login_Page.loginToAdminSite(AdminUsername, AdminPassword): Quicksti.ts:Clicked on the LOGIN

2020-09-08 14:01:00 - [MESSAGE][PASSED] - Object 'Object Repository/CERTPAY_ADMIN/USER_NAME' is present

2020-09-08 14:01:00 - [MESSAGE][PASSED] - Object 'Object Repository/CERTPAY_ADMIN/USER_NAME' is visible

2020-09-08 14:01:00 - [MESSAGE][PASSED] - Object 'Object Repository/CERTPAY_ADMIN/USER_NAME' is present

2020-09-08 14:01:02 - [MESSAGE][PASSED] - Text 'VVangiliappan' is set on object 'Object Repository/CERTPAY_ADMIN/USER_NAME'

2020-09-08 14:01:02 - [MESSAGE][PASSED] - Quicksti.ts:Entered'VVangiliappan into username

2020-09-08 14:01:02 - [MESSAGE][PASSED] - Object 'Object Repository/CERTPAY_ADMIN/PASSWORD' is present

2020-09-08 14:01:02 - [MESSAGE][PASSED] - Object 'Object Repository/CERTPAY_ADMIN/PASSWORD' is visible

2020-09-08 14:01:03 - [MESSAGE][PASSED] - Object 'Object Repository/CERTPAY_ADMIN/PASSWORD' is present

2020-09-08 14:01:04 - [MESSAGE][PASSED] - Text 'Knila@12345' is set on object 'Object Repository/CERTPAY_ADMIN/PASSWORD'

2020-09-08 14:01:04 - [MESSAGE][PASSED] - Quicksti.ts:Entered'Knila@12345 into password

2020-09-08 14:01:04 - [MESSAGE][INFO] - safeClicking

2020-09-08 14:01:04 - [MESSAGE][PASSED] - Object 'Object Repository/CERTPAY_ADMIN/LOGIN_BUTTON' is present

2020-09-08 14:01:05 - [MESSAGE][PASSED] - Object 'Object Repository/CERTPAY_ADMIN/LOGIN_BUTTON' is clickable

2020-09-08 14:01:23 - [MESSAGE][PASSED] - Object: 'Object Repository/CERTPAY_ADMIN/LOGIN_BUTTON' is clicked on

2020-09-08 14:01:23 - [MESSAGE][PASSED] - Quicksti.ts:Clicked on the LOGIN

2020-09-08 14:01:23 - [TEST_STEP][PASSED] - utilities.SafeActions.safeClick(findTestObject("CERTPAY_ADMIN/TRANSACTION_SEARCH"), "TransactionSearch", [pageLoadTime]): Quicksti.ts:Clicked on the TransactionSearch

2020-09-08 14:01:23 - [MESSAGE][INFO] - safeClicking

2020-09-08 14:01:23 - [MESSAGE][PASSED] - Object 'Object Repository/CERTPAY_ADMIN/TRANSACTION_SEARCH' is present

2020-09-08 14:01:23 - [MESSAGE][PASSED] - Object 'Object Repository/CERTPAY_ADMIN/TRANSACTION_SEARCH' is clickable

2020-09-08 14:01:28 - [MESSAGE][PASSED] - Object: 'Object Repository/CERTPAY_ADMIN/TRANSACTION_SEARCH' is clicked on

2020-09-08 14:01:28 - [MESSAGE][PASSED] - Quicksti.ts:Clicked on the TransactionSearch

2020-09-08 14:01:28 - [TEST_STEP][PASSED] - utilities.SafeActions.safeType(findTestObject("CERTPAY_ADMIN/PAYMENT_ID"), paymentId, "Payment id", [pageLoadTime]): Quicksti.ts:Entered'100176112070 into Payment id

2020-09-08 14:01:28 - [MESSAGE][PASSED] - Object 'Object Repository/CERTPAY_ADMIN/PAYMENT_ID' is present

2020-09-08 14:01:28 - [MESSAGE][PASSED] - Object 'Object Repository/CERTPAY_ADMIN/PAYMENT_ID' is visible

2020-09-08 14:01:29 - [MESSAGE][PASSED] - Object 'Object Repository/CERTPAY_ADMIN/PAYMENT_ID' is present

2020-09-08 14:01:30 - [MESSAGE][PASSED] - Text '100176112070' is set on object 'Object Repository/CERTPAY_ADMIN/PAYMENT_ID'

2020-09-08 14:01:30 - [MESSAGE][PASSED] - Quicksti.ts:Entered'100176112070 into Payment id

2020-09-08 14:01:30 - [TEST_STEP][PASSED] - utilities.SafeActions.safeClick(findTestObject("CERTPAY_ADMIN/GO_BUTTON"), "Go button", [pageLoadTime]): Quicksti.ts:Clicked on the Go button

2020-09-08 14:01:30 - [MESSAGE][INFO] - safeClicking

2020-09-08 14:01:30 - [MESSAGE][PASSED] - Object 'Object Repository/CERTPAY_ADMIN/GO_BUTTON' is present

2020-09-08 14:01:31 - [MESSAGE][PASSED] - Object 'Object Repository/CERTPAY_ADMIN/GO_BUTTON' is clickable

2020-09-08 14:01:35 - [MESSAGE][PASSED] - Object: 'Object Repository/CERTPAY_ADMIN/GO_BUTTON' is clicked on

2020-09-08 14:01:35 - [MESSAGE][PASSED] - Quicksti.ts:Clicked on the Go button

2020-09-08 14:01:35 - [TEST_STEP][PASSED] - delay(5): Delayed 5 second(s)

2020-09-08 14:01:40 - [MESSAGE][PASSED] - Delayed 5 second(s)

2020-09-08 14:01:40 - [TEST_STEP][PASSED] - scrollToPosition(800, 900): Browser is scrolled to position x = 800, y = 900

2020-09-08 14:01:40 - [MESSAGE][PASSED] - Browser is scrolled to position x = 800, y = 900

2020-09-08 14:01:40 - [TEST_STEP][PASSED] - paymentIdList.add(paymentId): null

2020-09-08 14:01:40 - [TEST_STEP][PASSED] - println(paymentIdList): null

2020-09-08 14:01:40 - [TEST_STEP][PASSED] - firstName = data.getValue("FirstName", index): null

2020-09-08 14:01:40 - [TEST_STEP][PASSED] - lastName = data.getValue("LastName", index): null

2020-09-08 14:01:40 - [TEST_STEP][PASSED] - expMonth = data.getValue("ExpMonth", index): null

2020-09-08 14:01:40 - [TEST_STEP][PASSED] - expYear = data.getValue("ExpYear", index): null

2020-09-08 14:01:40 - [TEST_STEP][PASSED] - securityCode = data.getValue("SecurityCode", index): null

2020-09-08 14:01:40 - [TEST_STEP][PASSED] - paymentAmount = data.getValue("PaymentAmount", index): null

2020-09-08 14:01:40 - [TEST_STEP][PASSED] - paymentType = data.getValue("PaymentType", index): null

2020-09-08 14:01:40 - [TEST_STEP][PASSED] - quantity = data.getValue("Quantity", index): null

2020-09-08 14:01:40 - [TEST_STEP][PASSED] - comments = data.getValue("Comments", index): null

2020-09-08 14:01:40 - [TEST_STEP][PASSED] - referenceNum = data.getValue("ReferenceNum", index): null

2020-09-08 14:01:40 - [TEST_STEP][PASSED] - address = data.getValue("Address", index): null

2020-09-08 14:01:40 - [TEST_STEP][PASSED] - zipCode = data.getValue("Zipcode", index): null

2020-09-08 14:01:40 - [TEST_STEP][PASSED] - telephone = data.getValue("Telephone", index): null

2020-09-08 14:01:40 - [TEST_STEP][PASSED] - emailAddress = data.getValue("EmailAddress", index): null

2020-09-08 14:01:40 - [TEST_STEP][PASSED] - cardNum = data.getValue("CardNumber", index): null

2020-09-08 14:01:40 - [TEST_STEP][PASSED] - cardType = data.getValue("CardType", index): null

2020-09-08 14:01:40 - [TEST_STEP][PASSED] - utilities.SafeActions.openBrowser(Quicksti_Url, [pageLoadTime]): Browser launched successfully

2020-09-08 14:01:40 - [MESSAGE][INFO] - Opening Browser

2020-09-08 14:01:40 - [MESSAGE][WARNING] - A browser is already opened. Closing browser and opening a new one

2020-09-08 14:01:41 - [MESSAGE][INFO] - Starting 'Chrome' driver

2020-09-08 14:01:49 - [MESSAGE][PASSED] - Browser is opened with url: 'https://qa-certpayquicksti.faps.net/'

2020-09-08 14:01:51 - [MESSAGE][PASSED] - Current window maximized

2020-09-08 14:01:51 - [MESSAGE][PASSED] - Browser launched successfully

2020-09-08 14:01:51 - [TEST_STEP][PASSED] - utilities.SafeActions.safeType(findTestObject("CERTPAY_QUICKSTI/Login_ Page/BUREAU_CODE"), bureau_code, "Bureau code", [pageLoadTime]): Quicksti.ts:Entered'6100000 into Bureau code

2020-09-08 14:01:51 - [MESSAGE][PASSED] - Object 'Object Repository/CERTPAY_QUICKSTI/Login_ Page/BUREAU_CODE' is present

2020-09-08 14:01:52 - [MESSAGE][PASSED] - Object 'Object Repository/CERTPAY_QUICKSTI/Login_ Page/BUREAU_CODE' is visible

2020-09-08 14:01:52 - [MESSAGE][PASSED] - Object 'Object Repository/CERTPAY_QUICKSTI/Login_ Page/BUREAU_CODE' is present

2020-09-08 14:01:53 - [MESSAGE][PASSED] - Text '6100000' is set on object 'Object Repository/CERTPAY_QUICKSTI/Login_ Page/BUREAU_CODE'

2020-09-08 14:01:53 - [MESSAGE][PASSED] - Quicksti.ts:Entered'6100000 into Bureau code

2020-09-08 14:01:53 - [TEST_STEP][PASSED] - utilities.SafeActions.safeType(findTestObject("CERTPAY_QUICKSTI/Login_ Page/TELLER_ID"), teller_id, "Bureau code", [pageLoadTime]): Quicksti.ts:Entered'zenq into Bureau code

2020-09-08 14:01:53 - [MESSAGE][PASSED] - Object 'Object Repository/CERTPAY_QUICKSTI/Login_ Page/TELLER_ID' is present

2020-09-08 14:01:54 - [MESSAGE][PASSED] - Object 'Object Repository/CERTPAY_QUICKSTI/Login_ Page/TELLER_ID' is visible

2020-09-08 14:01:54 - [MESSAGE][PASSED] - Object 'Object Repository/CERTPAY_QUICKSTI/Login_ Page/TELLER_ID' is present

2020-09-08 14:01:55 - [MESSAGE][PASSED] - Text 'zenq' is set on object 'Object Repository/CERTPAY_QUICKSTI/Login_ Page/TELLER_ID'

2020-09-08 14:01:55 - [MESSAGE][PASSED] - Quicksti.ts:Entered'zenq into Bureau code

2020-09-08 14:01:55 - [TEST_STEP][PASSED] - utilities.SafeActions.safeClick(findTestObject("CERTPAY_QUICKSTI/Login_ Page/NEXT_BUTTON"), "Next button", [pageLoadTime]): Quicksti.ts:Clicked on the Next button

2020-09-08 14:01:55 - [MESSAGE][INFO] - safeClicking

2020-09-08 14:01:55 - [MESSAGE][PASSED] - Object 'Object Repository/CERTPAY_QUICKSTI/Login_ Page/NEXT_BUTTON' is present

2020-09-08 14:01:56 - [MESSAGE][PASSED] - Object 'Object Repository/CERTPAY_QUICKSTI/Login_ Page/NEXT_BUTTON' is clickable

2020-09-08 14:02:02 - [MESSAGE][PASSED] - Object: 'Object Repository/CERTPAY_QUICKSTI/Login_ Page/NEXT_BUTTON' is clicked on

2020-09-08 14:02:02 - [MESSAGE][PASSED] - Quicksti.ts:Clicked on the Next button

2020-09-08 14:02:02 - [TEST_STEP][PASSED] - utilities.SafeActions.safeClick(findTestObject("CERTPAY_QUICKSTI/Payment_Information_Page/MANUAL_ENTRY_BUTTON"), "ManualEntry", [pageLoadTime]): Quicksti.ts:Clicked on the ManualEntry

2020-09-08 14:02:02 - [MESSAGE][INFO] - safeClicking

2020-09-08 14:02:02 - [MESSAGE][PASSED] - Object 'Object Repository/CERTPAY_QUICKSTI/Payment_Information_Page/MANUAL_ENTRY_BUTTON' is present

2020-09-08 14:02:03 - [MESSAGE][PASSED] - Object 'Object Repository/CERTPAY_QUICKSTI/Payment_Information_Page/MANUAL_ENTRY_BUTTON' is clickable

2020-09-08 14:02:08 - [MESSAGE][PASSED] - Object: 'Object Repository/CERTPAY_QUICKSTI/Payment_Information_Page/MANUAL_ENTRY_BUTTON' is clicked on

2020-09-08 14:02:08 - [MESSAGE][PASSED] - Quicksti.ts:Clicked on the ManualEntry

2020-09-08 14:02:08 - [TEST_STEP][PASSED] - CardNumber = pages.Quicksti.setUserPaymentDetails(firstName, lastName, cardNum): Quicksti.ts:Entered'8171999900000018 into CardNum

2020-09-08 14:02:08 - [MESSAGE][PASSED] - Object 'Object Repository/CERTPAY_QUICKSTI/Payment_Information_Page/FIRST_NAME' is present

2020-09-08 14:02:09 - [MESSAGE][PASSED] - Object 'Object Repository/CERTPAY_QUICKSTI/Payment_Information_Page/FIRST_NAME' is visible

2020-09-08 14:02:09 - [MESSAGE][PASSED] - Object 'Object Repository/CERTPAY_QUICKSTI/Payment_Information_Page/FIRST_NAME' is present

2020-09-08 14:02:10 - [MESSAGE][PASSED] - Text 'Tester' is set on object 'Object Repository/CERTPAY_QUICKSTI/Payment_Information_Page/FIRST_NAME'

2020-09-08 14:02:10 - [MESSAGE][PASSED] - Quicksti.ts:Entered'Tester into FirstName

2020-09-08 14:02:11 - [MESSAGE][PASSED] - Object 'Object Repository/CERTPAY_QUICKSTI/Payment_Information_Page/LAST_NAME' is present

2020-09-08 14:02:11 - [MESSAGE][PASSED] - Object 'Object Repository/CERTPAY_QUICKSTI/Payment_Information_Page/LAST_NAME' is visible

2020-09-08 14:02:11 - [MESSAGE][PASSED] - Object 'Object Repository/CERTPAY_QUICKSTI/Payment_Information_Page/LAST_NAME' is present

2020-09-08 14:02:12 - [MESSAGE][PASSED] - Text 'Zenq1' is set on object 'Object Repository/CERTPAY_QUICKSTI/Payment_Information_Page/LAST_NAME'

2020-09-08 14:02:12 - [MESSAGE][PASSED] - Quicksti.ts:Entered'Zenq1 into LAstName

2020-09-08 14:02:13 - [MESSAGE][PASSED] - Object 'Object Repository/CERTPAY_QUICKSTI/Payment_Information_Page/CARD_NUMBER' is present

2020-09-08 14:02:13 - [MESSAGE][PASSED] - Object 'Object Repository/CERTPAY_QUICKSTI/Payment_Information_Page/CARD_NUMBER' is visible

2020-09-08 14:02:13 - [MESSAGE][PASSED] - Object 'Object Repository/CERTPAY_QUICKSTI/Payment_Information_Page/CARD_NUMBER' is present

2020-09-08 14:02:15 - [MESSAGE][PASSED] - Text '8171999900000018' is set on object 'Object Repository/CERTPAY_QUICKSTI/Payment_Information_Page/CARD_NUMBER'

2020-09-08 14:02:15 - [MESSAGE][PASSED] - Quicksti.ts:Entered'8171999900000018 into CardNum

2020-09-08 14:02:15 - [TEST_STEP][PASSED] - utilities.SafeActions.safeSelectOptionInDropdownByVisibleText(findTestObject("CERTPAY_QUICKSTI/Payment_Information_Page/PAYMENT_TYPE"), paymentType, "paymentType", [pageLoadTime]): selected dropdown option by visible text  Licensesfrom paymentType

2020-09-08 14:02:15 - [MESSAGE][PASSED] - Object 'Object Repository/CERTPAY_QUICKSTI/Payment_Information_Page/PAYMENT_TYPE' is visible

2020-09-08 14:02:15 - [MESSAGE][PASSED] - Object 'Object Repository/CERTPAY_QUICKSTI/Payment_Information_Page/PAYMENT_TYPE' is present

2020-09-08 14:02:17 - [MESSAGE][PASSED] - Object: 'Object Repository/CERTPAY_QUICKSTI/Payment_Information_Page/PAYMENT_TYPE' is clicked on

2020-09-08 14:02:18 - [MESSAGE][PASSED] - All options with label 'Licenses' are selected in object 'Object Repository/CERTPAY_QUICKSTI/Payment_Information_Page/PAYMENT_TYPE'  using regular expression

2020-09-08 14:02:18 - [MESSAGE][PASSED] - selected dropdown option by visible text  Licensesfrom paymentType

2020-09-08 14:02:18 - [TEST_STEP][PASSED] - pages.Quicksti.setExpDate(expMonth, expYear, securityCode): Quicksti.ts:Entered'111 into securityCode

2020-09-08 14:02:18 - [MESSAGE][PASSED] - Object 'Object Repository/CERTPAY_QUICKSTI/Payment_Information_Page/EXP_MONTH' is visible

2020-09-08 14:02:18 - [MESSAGE][PASSED] - Object 'Object Repository/CERTPAY_QUICKSTI/Payment_Information_Page/EXP_MONTH' is present

2020-09-08 14:02:20 - [MESSAGE][PASSED] - Object: 'Object Repository/CERTPAY_QUICKSTI/Payment_Information_Page/EXP_MONTH' is clicked on

2020-09-08 14:02:21 - [MESSAGE][PASSED] - All options with label '04' are selected in object 'Object Repository/CERTPAY_QUICKSTI/Payment_Information_Page/EXP_MONTH'  using regular expression

2020-09-08 14:02:21 - [MESSAGE][PASSED] - selected dropdown option by visible text  04from expMonth

2020-09-08 14:02:21 - [MESSAGE][PASSED] - Object 'Object Repository/CERTPAY_QUICKSTI/Payment_Information_Page/EXP_YEAR' is visible

2020-09-08 14:02:21 - [MESSAGE][PASSED] - Object 'Object Repository/CERTPAY_QUICKSTI/Payment_Information_Page/EXP_YEAR' is present

2020-09-08 14:02:23 - [MESSAGE][PASSED] - Object: 'Object Repository/CERTPAY_QUICKSTI/Payment_Information_Page/EXP_YEAR' is clicked on

2020-09-08 14:02:24 - [MESSAGE][PASSED] - All options with label '2027' are selected in object 'Object Repository/CERTPAY_QUICKSTI/Payment_Information_Page/EXP_YEAR'  using regular expression

2020-09-08 14:02:24 - [MESSAGE][PASSED] - selected dropdown option by visible text  2027from  expYear

2020-09-08 14:02:25 - [MESSAGE][PASSED] - Object 'Object Repository/CERTPAY_QUICKSTI/Payment_Information_Page/SECURITY_CODE' is present

2020-09-08 14:02:25 - [MESSAGE][PASSED] - Object 'Object Repository/CERTPAY_QUICKSTI/Payment_Information_Page/SECURITY_CODE' is visible

2020-09-08 14:02:25 - [MESSAGE][PASSED] - Object 'Object Repository/CERTPAY_QUICKSTI/Payment_Information_Page/SECURITY_CODE' is present

2020-09-08 14:02:26 - [MESSAGE][PASSED] - Text '111' is set on object 'Object Repository/CERTPAY_QUICKSTI/Payment_Information_Page/SECURITY_CODE'

2020-09-08 14:02:26 - [MESSAGE][PASSED] - Quicksti.ts:Entered'111 into securityCode

2020-09-08 14:02:26 - [TEST_STEP][PASSED] - pages.Quicksti.setPaymentAmountDetailsForSinglePayment(paymentAmount, quantity): Quicksti.ts:Entered'1 into Quantity

2020-09-08 14:02:27 - [MESSAGE][PASSED] - Object 'Object Repository/CERTPAY_QUICKSTI/Payment_Information_Page/PAYMENT_AMOUNT' is present

2020-09-08 14:02:27 - [MESSAGE][PASSED] - Object 'Object Repository/CERTPAY_QUICKSTI/Payment_Information_Page/PAYMENT_AMOUNT' is visible

2020-09-08 14:02:27 - [MESSAGE][PASSED] - Object 'Object Repository/CERTPAY_QUICKSTI/Payment_Information_Page/PAYMENT_AMOUNT' is present

2020-09-08 14:02:29 - [MESSAGE][PASSED] - Text '30.00' is set on object 'Object Repository/CERTPAY_QUICKSTI/Payment_Information_Page/PAYMENT_AMOUNT'

2020-09-08 14:02:29 - [MESSAGE][PASSED] - Quicksti.ts:Entered'30.00 into amount

2020-09-08 14:02:29 - [MESSAGE][PASSED] - Object 'Object Repository/CERTPAY_QUICKSTI/Payment_Information_Page/QUANTITY' is present

2020-09-08 14:02:29 - [MESSAGE][PASSED] - Object 'Object Repository/CERTPAY_QUICKSTI/Payment_Information_Page/QUANTITY' is visible

2020-09-08 14:02:30 - [MESSAGE][PASSED] - Object 'Object Repository/CERTPAY_QUICKSTI/Payment_Information_Page/QUANTITY' is present

2020-09-08 14:02:31 - [MESSAGE][PASSED] - Text '1' is set on object 'Object Repository/CERTPAY_QUICKSTI/Payment_Information_Page/QUANTITY'

2020-09-08 14:02:31 - [MESSAGE][PASSED] - Quicksti.ts:Entered'1 into Quantity

2020-09-08 14:02:31 - [TEST_STEP][PASSED] - utilities.SafeActions.safeType(findTestObject("CERTPAY_QUICKSTI/Payment_Information_Page/REFRENCE_NUMBER"), referenceNum, "Reference Number", [pageLoadTime]): Quicksti.ts:Entered'13 into Reference Number

2020-09-08 14:02:31 - [MESSAGE][PASSED] - Object 'Object Repository/CERTPAY_QUICKSTI/Payment_Information_Page/REFRENCE_NUMBER' is present

2020-09-08 14:02:32 - [MESSAGE][PASSED] - Object 'Object Repository/CERTPAY_QUICKSTI/Payment_Information_Page/REFRENCE_NUMBER' is visible

2020-09-08 14:02:32 - [MESSAGE][PASSED] - Object 'Object Repository/CERTPAY_QUICKSTI/Payment_Information_Page/REFRENCE_NUMBER' is present

2020-09-08 14:02:33 - [MESSAGE][PASSED] - Text '13' is set on object 'Object Repository/CERTPAY_QUICKSTI/Payment_Information_Page/REFRENCE_NUMBER'

2020-09-08 14:02:33 - [MESSAGE][PASSED] - Quicksti.ts:Entered'13 into Reference Number

2020-09-08 14:02:33 - [TEST_STEP][PASSED] - amount_Value = pages.Quicksti.getAttributeValue(findTestObject("CERTPAY_QUICKSTI/Payment_Information_Page/SUB_TOTAL")): pages.Quicksti.getAttributeValue is PASSED

2020-09-08 14:02:34 - [MESSAGE][PASSED] - Attribute 'value' of object 'Object Repository/CERTPAY_QUICKSTI/Payment_Information_Page/SUB_TOTAL' is: '30.00'

2020-09-08 14:02:34 - [MESSAGE][PASSED] - pages.Quicksti.getAttributeValue is PASSED

2020-09-08 14:02:34 - [TEST_STEP][PASSED] - utilities.SafeActions.safeType(findTestObject("CERTPAY_QUICKSTI/Payment_Information_Page/COMMENTS"), "Testing", "Comments", [pageLoadTime]): Quicksti.ts:Entered'Testing into Comments

2020-09-08 14:02:34 - [MESSAGE][PASSED] - Object 'Object Repository/CERTPAY_QUICKSTI/Payment_Information_Page/COMMENTS' is present

2020-09-08 14:02:34 - [MESSAGE][PASSED] - Object 'Object Repository/CERTPAY_QUICKSTI/Payment_Information_Page/COMMENTS' is visible

2020-09-08 14:02:35 - [MESSAGE][PASSED] - Object 'Object Repository/CERTPAY_QUICKSTI/Payment_Information_Page/COMMENTS' is present

2020-09-08 14:02:36 - [MESSAGE][PASSED] - Text 'Testing' is set on object 'Object Repository/CERTPAY_QUICKSTI/Payment_Information_Page/COMMENTS'

2020-09-08 14:02:36 - [MESSAGE][PASSED] - Quicksti.ts:Entered'Testing into Comments

2020-09-08 14:02:36 - [TEST_STEP][PASSED] - utilities.SafeActions.safeType(findTestObject("CERTPAY_QUICKSTI/Payment_Information_Page/ADDRESS"), address, "Address", [pageLoadTime]): Quicksti.ts:Entered'14-2 into Address

2020-09-08 14:02:36 - [MESSAGE][PASSED] - Object 'Object Repository/CERTPAY_QUICKSTI/Payment_Information_Page/ADDRESS' is present

2020-09-08 14:02:37 - [MESSAGE][PASSED] - Object 'Object Repository/CERTPAY_QUICKSTI/Payment_Information_Page/ADDRESS' is visible

2020-09-08 14:02:37 - [MESSAGE][PASSED] - Object 'Object Repository/CERTPAY_QUICKSTI/Payment_Information_Page/ADDRESS' is present

2020-09-08 14:02:38 - [MESSAGE][PASSED] - Text '14-2' is set on object 'Object Repository/CERTPAY_QUICKSTI/Payment_Information_Page/ADDRESS'

2020-09-08 14:02:38 - [MESSAGE][PASSED] - Quicksti.ts:Entered'14-2 into Address

2020-09-08 14:02:38 - [TEST_STEP][PASSED] - utilities.SafeActions.safeType(findTestObject("CERTPAY_QUICKSTI/Payment_Information_Page/ZIP_CODE"), zipCode, "zipcode", [pageLoadTime]): Quicksti.ts:Entered'76102 into zipcode

2020-09-08 14:02:39 - [MESSAGE][PASSED] - Object 'Object Repository/CERTPAY_QUICKSTI/Payment_Information_Page/ZIP_CODE' is present

2020-09-08 14:02:39 - [MESSAGE][PASSED] - Object 'Object Repository/CERTPAY_QUICKSTI/Payment_Information_Page/ZIP_CODE' is visible

2020-09-08 14:02:39 - [MESSAGE][PASSED] - Object 'Object Repository/CERTPAY_QUICKSTI/Payment_Information_Page/ZIP_CODE' is present

2020-09-08 14:02:41 - [MESSAGE][PASSED] - Text '76102' is set on object 'Object Repository/CERTPAY_QUICKSTI/Payment_Information_Page/ZIP_CODE'

2020-09-08 14:02:41 - [MESSAGE][PASSED] - Quicksti.ts:Entered'76102 into zipcode

2020-09-08 14:02:41 - [TEST_STEP][PASSED] - utilities.SafeActions.safeType(findTestObject("CERTPAY_QUICKSTI/Payment_Information_Page/TELEPHONE"), telephone, "Telephone", [pageLoadTime]): Quicksti.ts:Entered'9989897654 into Telephone

2020-09-08 14:02:41 - [MESSAGE][PASSED] - Object 'Object Repository/CERTPAY_QUICKSTI/Payment_Information_Page/TELEPHONE' is present

2020-09-08 14:02:41 - [MESSAGE][PASSED] - Object 'Object Repository/CERTPAY_QUICKSTI/Payment_Information_Page/TELEPHONE' is visible

2020-09-08 14:02:41 - [MESSAGE][PASSED] - Object 'Object Repository/CERTPAY_QUICKSTI/Payment_Information_Page/TELEPHONE' is present

2020-09-08 14:02:43 - [MESSAGE][PASSED] - Text '9989897654' is set on object 'Object Repository/CERTPAY_QUICKSTI/Payment_Information_Page/TELEPHONE'

2020-09-08 14:02:43 - [MESSAGE][PASSED] - Quicksti.ts:Entered'9989897654 into Telephone

2020-09-08 14:02:43 - [TEST_STEP][PASSED] - utilities.SafeActions.safeType(findTestObject("CERTPAY_QUICKSTI/Payment_Information_Page/EMAIL_ADDRESS"), emailAddress, "EMAIL address", [pageLoadTime]): Quicksti.ts:Entered'testing@zenq.com into EMAIL address

2020-09-08 14:02:43 - [MESSAGE][PASSED] - Object 'Object Repository/CERTPAY_QUICKSTI/Payment_Information_Page/EMAIL_ADDRESS' is present

2020-09-08 14:02:43 - [MESSAGE][PASSED] - Object 'Object Repository/CERTPAY_QUICKSTI/Payment_Information_Page/EMAIL_ADDRESS' is visible

2020-09-08 14:02:44 - [MESSAGE][PASSED] - Object 'Object Repository/CERTPAY_QUICKSTI/Payment_Information_Page/EMAIL_ADDRESS' is present

2020-09-08 14:02:45 - [MESSAGE][PASSED] - Text 'testing@zenq.com' is set on object 'Object Repository/CERTPAY_QUICKSTI/Payment_Information_Page/EMAIL_ADDRESS'

2020-09-08 14:02:45 - [MESSAGE][PASSED] - Quicksti.ts:Entered'testing@zenq.com into EMAIL address

2020-09-08 14:02:45 - [TEST_STEP][PASSED] - utilities.SafeActions.safeClick(findTestObject("CERTPAY_QUICKSTI/Payment_Information_Page/NEXT_BUTTON"), "Next", [pageLoadTime]): Quicksti.ts:Clicked on the Next

2020-09-08 14:02:45 - [MESSAGE][INFO] - safeClicking

2020-09-08 14:02:45 - [MESSAGE][PASSED] - Object 'Object Repository/CERTPAY_QUICKSTI/Payment_Information_Page/NEXT_BUTTON' is present

2020-09-08 14:02:46 - [MESSAGE][PASSED] - Object 'Object Repository/CERTPAY_QUICKSTI/Payment_Information_Page/NEXT_BUTTON' is clickable

2020-09-08 14:02:49 - [MESSAGE][PASSED] - Object: 'Object Repository/CERTPAY_QUICKSTI/Payment_Information_Page/NEXT_BUTTON' is clicked on

2020-09-08 14:02:49 - [MESSAGE][PASSED] - Quicksti.ts:Clicked on the Next

2020-09-08 14:02:49 - [TEST_STEP][PASSED] - pages.Quicksti.verifyUserPaymentDetails(paymentAmount, firstName, lastName, CardNumber): pages.Quicksti.verifyUserPaymentDetails is PASSED

2020-09-08 14:02:49 - [MESSAGE][PASSED] - Text of object 'Object Repository/CERTPAY_QUICKSTI/Payment_Details_Verification_Page/AMOUNT' is: '$30.00'

2020-09-08 14:02:49 - [MESSAGE][PASSED] - Actual text '30.00' and expected text '30.00' are matched  using regular expression

2020-09-08 14:02:49 - [MESSAGE][PASSED] - Text of object 'Object Repository/CERTPAY_QUICKSTI/Payment_Details_Verification_Page/NAME' is: 'Tester Zenq1'

2020-09-08 14:02:49 - [MESSAGE][PASSED] - Actual text 'Tester Zenq1' and expected text 'Tester Zenq1' are matched  using regular expression

2020-09-08 14:02:50 - [MESSAGE][PASSED] - Text of object 'Object Repository/CERTPAY_QUICKSTI/Payment_Details_Verification_Page/CARD_NUMBER' is: '...0018'

2020-09-08 14:02:50 - [MESSAGE][PASSED] - Actual text '0018' and expected text '0018' are matched  using regular expression

2020-09-08 14:02:50 - [MESSAGE][PASSED] - pages.Quicksti.verifyUserPaymentDetails is PASSED

2020-09-08 14:02:50 - [TEST_STEP][PASSED] - delay(2): Delayed 2 second(s)

2020-09-08 14:02:52 - [MESSAGE][PASSED] - Delayed 2 second(s)

2020-09-08 14:02:52 - [TEST_STEP][PASSED] - scrollToElement(findTestObject("CERTPAY_QUICKSTI/Payment_Details_Verification_Page/PROCESS"), 0): Scroll to object 'Object Repository/CERTPAY_QUICKSTI/Payment_Details_Verification_Page/PROCESS' successfully

2020-09-08 14:02:52 - [MESSAGE][WARNING] - Timeout '0' is invalid. Using default page load timeout: '30'

2020-09-08 14:02:52 - [MESSAGE][PASSED] - Scroll to object 'Object Repository/CERTPAY_QUICKSTI/Payment_Details_Verification_Page/PROCESS' successfully

2020-09-08 14:02:52 - [TEST_STEP][PASSED] - utilities.SafeActions.safeClick(findTestObject("CERTPAY_QUICKSTI/Payment_Details_Verification_Page/PROCESS"), "Process", [pageLoadTime]): Quicksti.ts:Clicked on the Process

2020-09-08 14:02:52 - [MESSAGE][INFO] - safeClicking

2020-09-08 14:02:53 - [MESSAGE][PASSED] - Object 'Object Repository/CERTPAY_QUICKSTI/Payment_Details_Verification_Page/PROCESS' is present

2020-09-08 14:02:53 - [MESSAGE][PASSED] - Object 'Object Repository/CERTPAY_QUICKSTI/Payment_Details_Verification_Page/PROCESS' is clickable

2020-09-08 14:02:58 - [MESSAGE][PASSED] - Object: 'Object Repository/CERTPAY_QUICKSTI/Payment_Details_Verification_Page/PROCESS' is clicked on

2020-09-08 14:02:58 - [MESSAGE][PASSED] - Quicksti.ts:Clicked on the Process

2020-09-08 14:02:58 - [TEST_STEP][PASSED] - paymentId = pages.Quicksti.verifyPaymentApproval(findTestObject("CERTPAY_QUICKSTI/Payment_Details_Verification_Page/APPROVED")): Payment is approved

2020-09-08 14:02:59 - [MESSAGE][PASSED] - Text of object 'Object Repository/CERTPAY_QUICKSTI/Payment_Details_Verification_Page/PAYMENT_ID' is: '100176112074'

2020-09-08 14:02:59 - [MESSAGE][PASSED] - Object 'Object Repository/CERTPAY_QUICKSTI/Payment_Details_Verification_Page/APPROVED' is present

2020-09-08 14:02:59 - [MESSAGE][PASSED] - Payment is approved

2020-09-08 14:03:01 - [TEST_STEP][PASSED] - navigateToUrl(Admin_url): Navigate to 'https://qa-certpayadmin.faps.net' successfully

2020-09-08 14:03:09 - [MESSAGE][PASSED] - Navigate to 'https://qa-certpayadmin.faps.net' successfully

2020-09-08 14:03:09 - [TEST_STEP][PASSED] - pages.Bureau_Login_Page.loginToAdminSite(AdminUsername, AdminPassword): Quicksti.ts:Clicked on the LOGIN

2020-09-08 14:03:10 - [MESSAGE][PASSED] - Object 'Object Repository/CERTPAY_ADMIN/USER_NAME' is present

2020-09-08 14:03:10 - [MESSAGE][PASSED] - Object 'Object Repository/CERTPAY_ADMIN/USER_NAME' is visible

2020-09-08 14:03:10 - [MESSAGE][PASSED] - Object 'Object Repository/CERTPAY_ADMIN/USER_NAME' is present

2020-09-08 14:03:12 - [MESSAGE][PASSED] - Text 'VVangiliappan' is set on object 'Object Repository/CERTPAY_ADMIN/USER_NAME'

2020-09-08 14:03:12 - [MESSAGE][PASSED] - Quicksti.ts:Entered'VVangiliappan into username

2020-09-08 14:03:12 - [MESSAGE][PASSED] - Object 'Object Repository/CERTPAY_ADMIN/PASSWORD' is present

2020-09-08 14:03:12 - [MESSAGE][PASSED] - Object 'Object Repository/CERTPAY_ADMIN/PASSWORD' is visible

2020-09-08 14:03:13 - [MESSAGE][PASSED] - Object 'Object Repository/CERTPAY_ADMIN/PASSWORD' is present

2020-09-08 14:03:14 - [MESSAGE][PASSED] - Text 'Knila@12345' is set on object 'Object Repository/CERTPAY_ADMIN/PASSWORD'

2020-09-08 14:03:14 - [MESSAGE][PASSED] - Quicksti.ts:Entered'Knila@12345 into password

2020-09-08 14:03:14 - [MESSAGE][INFO] - safeClicking

2020-09-08 14:03:14 - [MESSAGE][PASSED] - Object 'Object Repository/CERTPAY_ADMIN/LOGIN_BUTTON' is present

2020-09-08 14:03:14 - [MESSAGE][PASSED] - Object 'Object Repository/CERTPAY_ADMIN/LOGIN_BUTTON' is clickable

2020-09-08 14:03:40 - [MESSAGE][PASSED] - Object: 'Object Repository/CERTPAY_ADMIN/LOGIN_BUTTON' is clicked on

2020-09-08 14:03:40 - [MESSAGE][PASSED] - Quicksti.ts:Clicked on the LOGIN

2020-09-08 14:03:40 - [TEST_STEP][PASSED] - utilities.SafeActions.safeClick(findTestObject("CERTPAY_ADMIN/TRANSACTION_SEARCH"), "TransactionSearch", [pageLoadTime]): Quicksti.ts:Clicked on the TransactionSearch

2020-09-08 14:03:40 - [MESSAGE][INFO] - safeClicking

2020-09-08 14:03:40 - [MESSAGE][PASSED] - Object 'Object Repository/CERTPAY_ADMIN/TRANSACTION_SEARCH' is present

2020-09-08 14:03:41 - [MESSAGE][PASSED] - Object 'Object Repository/CERTPAY_ADMIN/TRANSACTION_SEARCH' is clickable

2020-09-08 14:03:48 - [MESSAGE][PASSED] - Object: 'Object Repository/CERTPAY_ADMIN/TRANSACTION_SEARCH' is clicked on

2020-09-08 14:03:48 - [MESSAGE][PASSED] - Quicksti.ts:Clicked on the TransactionSearch

2020-09-08 14:03:48 - [TEST_STEP][PASSED] - utilities.SafeActions.safeType(findTestObject("CERTPAY_ADMIN/PAYMENT_ID"), paymentId, "Payment id", [pageLoadTime]): Quicksti.ts:Entered'100176112074 into Payment id

2020-09-08 14:03:48 - [MESSAGE][PASSED] - Object 'Object Repository/CERTPAY_ADMIN/PAYMENT_ID' is present

2020-09-08 14:03:48 - [MESSAGE][PASSED] - Object 'Object Repository/CERTPAY_ADMIN/PAYMENT_ID' is visible

2020-09-08 14:03:49 - [MESSAGE][PASSED] - Object 'Object Repository/CERTPAY_ADMIN/PAYMENT_ID' is present

2020-09-08 14:03:50 - [MESSAGE][PASSED] - Text '100176112074' is set on object 'Object Repository/CERTPAY_ADMIN/PAYMENT_ID'

2020-09-08 14:03:50 - [MESSAGE][PASSED] - Quicksti.ts:Entered'100176112074 into Payment id

2020-09-08 14:03:50 - [TEST_STEP][PASSED] - utilities.SafeActions.safeClick(findTestObject("CERTPAY_ADMIN/GO_BUTTON"), "Go button", [pageLoadTime]): Quicksti.ts:Clicked on the Go button

2020-09-08 14:03:50 - [MESSAGE][INFO] - safeClicking

2020-09-08 14:03:50 - [MESSAGE][PASSED] - Object 'Object Repository/CERTPAY_ADMIN/GO_BUTTON' is present

2020-09-08 14:03:51 - [MESSAGE][PASSED] - Object 'Object Repository/CERTPAY_ADMIN/GO_BUTTON' is clickable

2020-09-08 14:03:55 - [MESSAGE][PASSED] - Object: 'Object Repository/CERTPAY_ADMIN/GO_BUTTON' is clicked on

2020-09-08 14:03:55 - [MESSAGE][PASSED] - Quicksti.ts:Clicked on the Go button

2020-09-08 14:03:55 - [TEST_STEP][PASSED] - delay(5): Delayed 5 second(s)

2020-09-08 14:04:00 - [MESSAGE][PASSED] - Delayed 5 second(s)

2020-09-08 14:04:00 - [TEST_STEP][PASSED] - scrollToPosition(800, 900): Browser is scrolled to position x = 800, y = 900

2020-09-08 14:04:00 - [MESSAGE][PASSED] - Browser is scrolled to position x = 800, y = 900

2020-09-08 14:04:00 - [TEST_STEP][PASSED] - paymentIdList.add(paymentId): null

2020-09-08 14:04:00 - [TEST_STEP][PASSED] - println(paymentIdList): null

2020-09-08 14:04:00 - [TEST_STEP][PASSED] - firstName = data.getValue("FirstName", index): null

2020-09-08 14:04:00 - [TEST_STEP][PASSED] - lastName = data.getValue("LastName", index): null

2020-09-08 14:04:00 - [TEST_STEP][PASSED] - expMonth = data.getValue("ExpMonth", index): null

2020-09-08 14:04:00 - [TEST_STEP][PASSED] - expYear = data.getValue("ExpYear", index): null

2020-09-08 14:04:00 - [TEST_STEP][PASSED] - securityCode = data.getValue("SecurityCode", index): null

2020-09-08 14:04:00 - [TEST_STEP][PASSED] - paymentAmount = data.getValue("PaymentAmount", index): null

2020-09-08 14:04:00 - [TEST_STEP][PASSED] - paymentType = data.getValue("PaymentType", index): null

2020-09-08 14:04:00 - [TEST_STEP][PASSED] - quantity = data.getValue("Quantity", index): null

2020-09-08 14:04:00 - [TEST_STEP][PASSED] - comments = data.getValue("Comments", index): null

2020-09-08 14:04:00 - [TEST_STEP][PASSED] - referenceNum = data.getValue("ReferenceNum", index): null

2020-09-08 14:04:00 - [TEST_STEP][PASSED] - address = data.getValue("Address", index): null

2020-09-08 14:04:00 - [TEST_STEP][PASSED] - zipCode = data.getValue("Zipcode", index): null

2020-09-08 14:04:00 - [TEST_STEP][PASSED] - telephone = data.getValue("Telephone", index): null

2020-09-08 14:04:00 - [TEST_STEP][PASSED] - emailAddress = data.getValue("EmailAddress", index): null

2020-09-08 14:04:00 - [TEST_STEP][PASSED] - cardNum = data.getValue("CardNumber", index): null

2020-09-08 14:04:00 - [TEST_STEP][PASSED] - cardType = data.getValue("CardType", index): null

2020-09-08 14:04:00 - [TEST_STEP][PASSED] - utilities.SafeActions.openBrowser(Quicksti_Url, [pageLoadTime]): Browser launched successfully

2020-09-08 14:04:00 - [MESSAGE][INFO] - Opening Browser

2020-09-08 14:04:00 - [MESSAGE][WARNING] - A browser is already opened. Closing browser and opening a new one

2020-09-08 14:04:01 - [MESSAGE][INFO] - Starting 'Chrome' driver

2020-09-08 14:04:11 - [MESSAGE][PASSED] - Browser is opened with url: 'https://qa-certpayquicksti.faps.net/'

2020-09-08 14:04:13 - [MESSAGE][PASSED] - Current window maximized

2020-09-08 14:04:13 - [MESSAGE][PASSED] - Browser launched successfully

2020-09-08 14:04:13 - [TEST_STEP][PASSED] - utilities.SafeActions.safeType(findTestObject("CERTPAY_QUICKSTI/Login_ Page/BUREAU_CODE"), bureau_code, "Bureau code", [pageLoadTime]): Quicksti.ts:Entered'6100000 into Bureau code

2020-09-08 14:04:14 - [MESSAGE][PASSED] - Object 'Object Repository/CERTPAY_QUICKSTI/Login_ Page/BUREAU_CODE' is present

2020-09-08 14:04:14 - [MESSAGE][PASSED] - Object 'Object Repository/CERTPAY_QUICKSTI/Login_ Page/BUREAU_CODE' is visible

2020-09-08 14:04:14 - [MESSAGE][PASSED] - Object 'Object Repository/CERTPAY_QUICKSTI/Login_ Page/BUREAU_CODE' is present

2020-09-08 14:04:15 - [MESSAGE][PASSED] - Text '6100000' is set on object 'Object Repository/CERTPAY_QUICKSTI/Login_ Page/BUREAU_CODE'

2020-09-08 14:04:15 - [MESSAGE][PASSED] - Quicksti.ts:Entered'6100000 into Bureau code

2020-09-08 14:04:15 - [TEST_STEP][PASSED] - utilities.SafeActions.safeType(findTestObject("CERTPAY_QUICKSTI/Login_ Page/TELLER_ID"), teller_id, "Bureau code", [pageLoadTime]): Quicksti.ts:Entered'zenq into Bureau code

2020-09-08 14:04:16 - [MESSAGE][PASSED] - Object 'Object Repository/CERTPAY_QUICKSTI/Login_ Page/TELLER_ID' is present

2020-09-08 14:04:16 - [MESSAGE][PASSED] - Object 'Object Repository/CERTPAY_QUICKSTI/Login_ Page/TELLER_ID' is visible

2020-09-08 14:04:16 - [MESSAGE][PASSED] - Object 'Object Repository/CERTPAY_QUICKSTI/Login_ Page/TELLER_ID' is present

2020-09-08 14:04:18 - [MESSAGE][PASSED] - Text 'zenq' is set on object 'Object Repository/CERTPAY_QUICKSTI/Login_ Page/TELLER_ID'

2020-09-08 14:04:18 - [MESSAGE][PASSED] - Quicksti.ts:Entered'zenq into Bureau code

2020-09-08 14:04:18 - [TEST_STEP][PASSED] - utilities.SafeActions.safeClick(findTestObject("CERTPAY_QUICKSTI/Login_ Page/NEXT_BUTTON"), "Next button", [pageLoadTime]): Quicksti.ts:Clicked on the Next button

2020-09-08 14:04:18 - [MESSAGE][INFO] - safeClicking

2020-09-08 14:04:18 - [MESSAGE][PASSED] - Object 'Object Repository/CERTPAY_QUICKSTI/Login_ Page/NEXT_BUTTON' is present

2020-09-08 14:04:18 - [MESSAGE][PASSED] - Object 'Object Repository/CERTPAY_QUICKSTI/Login_ Page/NEXT_BUTTON' is clickable

2020-09-08 14:04:28 - [MESSAGE][PASSED] - Object: 'Object Repository/CERTPAY_QUICKSTI/Login_ Page/NEXT_BUTTON' is clicked on

2020-09-08 14:04:28 - [MESSAGE][PASSED] - Quicksti.ts:Clicked on the Next button

2020-09-08 14:04:28 - [TEST_STEP][PASSED] - utilities.SafeActions.safeClick(findTestObject("CERTPAY_QUICKSTI/Payment_Information_Page/MANUAL_ENTRY_BUTTON"), "ManualEntry", [pageLoadTime]): Quicksti.ts:Clicked on the ManualEntry

2020-09-08 14:04:28 - [MESSAGE][INFO] - safeClicking

2020-09-08 14:04:28 - [MESSAGE][PASSED] - Object 'Object Repository/CERTPAY_QUICKSTI/Payment_Information_Page/MANUAL_ENTRY_BUTTON' is present

2020-09-08 14:04:28 - [MESSAGE][PASSED] - Object 'Object Repository/CERTPAY_QUICKSTI/Payment_Information_Page/MANUAL_ENTRY_BUTTON' is clickable

2020-09-08 14:04:31 - [MESSAGE][PASSED] - Object: 'Object Repository/CERTPAY_QUICKSTI/Payment_Information_Page/MANUAL_ENTRY_BUTTON' is clicked on

2020-09-08 14:04:31 - [MESSAGE][PASSED] - Quicksti.ts:Clicked on the ManualEntry

2020-09-08 14:04:31 - [TEST_STEP][PASSED] - CardNumber = pages.Quicksti.setUserPaymentDetails(firstName, lastName, cardNum): Quicksti.ts:Entered'374245003731006 into CardNum

2020-09-08 14:04:31 - [MESSAGE][PASSED] - Object 'Object Repository/CERTPAY_QUICKSTI/Payment_Information_Page/FIRST_NAME' is present

2020-09-08 14:04:32 - [MESSAGE][PASSED] - Object 'Object Repository/CERTPAY_QUICKSTI/Payment_Information_Page/FIRST_NAME' is visible

2020-09-08 14:04:32 - [MESSAGE][PASSED] - Object 'Object Repository/CERTPAY_QUICKSTI/Payment_Information_Page/FIRST_NAME' is present

2020-09-08 14:04:33 - [MESSAGE][PASSED] - Text 'Tester' is set on object 'Object Repository/CERTPAY_QUICKSTI/Payment_Information_Page/FIRST_NAME'

2020-09-08 14:04:33 - [MESSAGE][PASSED] - Quicksti.ts:Entered'Tester into FirstName

2020-09-08 14:04:34 - [MESSAGE][PASSED] - Object 'Object Repository/CERTPAY_QUICKSTI/Payment_Information_Page/LAST_NAME' is present

2020-09-08 14:04:34 - [MESSAGE][PASSED] - Object 'Object Repository/CERTPAY_QUICKSTI/Payment_Information_Page/LAST_NAME' is visible

2020-09-08 14:04:34 - [MESSAGE][PASSED] - Object 'Object Repository/CERTPAY_QUICKSTI/Payment_Information_Page/LAST_NAME' is present

2020-09-08 14:04:36 - [MESSAGE][PASSED] - Text 'Zenq1' is set on object 'Object Repository/CERTPAY_QUICKSTI/Payment_Information_Page/LAST_NAME'

2020-09-08 14:04:36 - [MESSAGE][PASSED] - Quicksti.ts:Entered'Zenq1 into LAstName

2020-09-08 14:04:36 - [MESSAGE][PASSED] - Object 'Object Repository/CERTPAY_QUICKSTI/Payment_Information_Page/CARD_NUMBER' is present

2020-09-08 14:04:36 - [MESSAGE][PASSED] - Object 'Object Repository/CERTPAY_QUICKSTI/Payment_Information_Page/CARD_NUMBER' is visible

2020-09-08 14:04:37 - [MESSAGE][PASSED] - Object 'Object Repository/CERTPAY_QUICKSTI/Payment_Information_Page/CARD_NUMBER' is present

2020-09-08 14:04:38 - [MESSAGE][PASSED] - Text '374245003731006' is set on object 'Object Repository/CERTPAY_QUICKSTI/Payment_Information_Page/CARD_NUMBER'

2020-09-08 14:04:38 - [MESSAGE][PASSED] - Quicksti.ts:Entered'374245003731006 into CardNum

2020-09-08 14:04:38 - [TEST_STEP][PASSED] - utilities.SafeActions.safeSelectOptionInDropdownByVisibleText(findTestObject("CERTPAY_QUICKSTI/Payment_Information_Page/PAYMENT_TYPE"), paymentType, "paymentType", [pageLoadTime]): selected dropdown option by visible text  Taxesfrom paymentType

2020-09-08 14:04:38 - [MESSAGE][PASSED] - Object 'Object Repository/CERTPAY_QUICKSTI/Payment_Information_Page/PAYMENT_TYPE' is visible

2020-09-08 14:04:39 - [MESSAGE][PASSED] - Object 'Object Repository/CERTPAY_QUICKSTI/Payment_Information_Page/PAYMENT_TYPE' is present

2020-09-08 14:04:40 - [MESSAGE][PASSED] - Object: 'Object Repository/CERTPAY_QUICKSTI/Payment_Information_Page/PAYMENT_TYPE' is clicked on

2020-09-08 14:04:41 - [MESSAGE][PASSED] - All options with label 'Taxes' are selected in object 'Object Repository/CERTPAY_QUICKSTI/Payment_Information_Page/PAYMENT_TYPE'  using regular expression

2020-09-08 14:04:41 - [MESSAGE][PASSED] - selected dropdown option by visible text  Taxesfrom paymentType

2020-09-08 14:04:41 - [TEST_STEP][PASSED] - pages.Quicksti.setExpDate(expMonth, expYear, securityCode): Quicksti.ts:Entered'111 into securityCode

2020-09-08 14:04:41 - [MESSAGE][PASSED] - Object 'Object Repository/CERTPAY_QUICKSTI/Payment_Information_Page/EXP_MONTH' is visible

2020-09-08 14:04:42 - [MESSAGE][PASSED] - Object 'Object Repository/CERTPAY_QUICKSTI/Payment_Information_Page/EXP_MONTH' is present

2020-09-08 14:04:43 - [MESSAGE][PASSED] - Object: 'Object Repository/CERTPAY_QUICKSTI/Payment_Information_Page/EXP_MONTH' is clicked on

2020-09-08 14:04:44 - [MESSAGE][PASSED] - All options with label '05' are selected in object 'Object Repository/CERTPAY_QUICKSTI/Payment_Information_Page/EXP_MONTH'  using regular expression

2020-09-08 14:04:44 - [MESSAGE][PASSED] - selected dropdown option by visible text  05from expMonth

2020-09-08 14:04:45 - [MESSAGE][PASSED] - Object 'Object Repository/CERTPAY_QUICKSTI/Payment_Information_Page/EXP_YEAR' is visible

2020-09-08 14:04:45 - [MESSAGE][PASSED] - Object 'Object Repository/CERTPAY_QUICKSTI/Payment_Information_Page/EXP_YEAR' is present

2020-09-08 14:04:46 - [MESSAGE][PASSED] - Object: 'Object Repository/CERTPAY_QUICKSTI/Payment_Information_Page/EXP_YEAR' is clicked on

2020-09-08 14:04:48 - [MESSAGE][PASSED] - All options with label '2022' are selected in object 'Object Repository/CERTPAY_QUICKSTI/Payment_Information_Page/EXP_YEAR'  using regular expression

2020-09-08 14:04:48 - [MESSAGE][PASSED] - selected dropdown option by visible text  2022from  expYear

2020-09-08 14:04:48 - [MESSAGE][PASSED] - Object 'Object Repository/CERTPAY_QUICKSTI/Payment_Information_Page/SECURITY_CODE' is present

2020-09-08 14:04:48 - [MESSAGE][PASSED] - Object 'Object Repository/CERTPAY_QUICKSTI/Payment_Information_Page/SECURITY_CODE' is visible

2020-09-08 14:04:49 - [MESSAGE][PASSED] - Object 'Object Repository/CERTPAY_QUICKSTI/Payment_Information_Page/SECURITY_CODE' is present

2020-09-08 14:04:50 - [MESSAGE][PASSED] - Text '111' is set on object 'Object Repository/CERTPAY_QUICKSTI/Payment_Information_Page/SECURITY_CODE'

2020-09-08 14:04:50 - [MESSAGE][PASSED] - Quicksti.ts:Entered'111 into securityCode

2020-09-08 14:04:50 - [TEST_STEP][PASSED] - pages.Quicksti.setPaymentAmountDetailsForSinglePayment(paymentAmount, quantity): Quicksti.ts:Entered'1 into Quantity

2020-09-08 14:04:50 - [MESSAGE][PASSED] - Object 'Object Repository/CERTPAY_QUICKSTI/Payment_Information_Page/PAYMENT_AMOUNT' is present

2020-09-08 14:04:51 - [MESSAGE][PASSED] - Object 'Object Repository/CERTPAY_QUICKSTI/Payment_Information_Page/PAYMENT_AMOUNT' is visible

2020-09-08 14:04:51 - [MESSAGE][PASSED] - Object 'Object Repository/CERTPAY_QUICKSTI/Payment_Information_Page/PAYMENT_AMOUNT' is present

2020-09-08 14:04:52 - [MESSAGE][PASSED] - Text '35.00' is set on object 'Object Repository/CERTPAY_QUICKSTI/Payment_Information_Page/PAYMENT_AMOUNT'

2020-09-08 14:04:52 - [MESSAGE][PASSED] - Quicksti.ts:Entered'35.00 into amount

2020-09-08 14:04:53 - [MESSAGE][PASSED] - Object 'Object Repository/CERTPAY_QUICKSTI/Payment_Information_Page/QUANTITY' is present

2020-09-08 14:04:53 - [MESSAGE][PASSED] - Object 'Object Repository/CERTPAY_QUICKSTI/Payment_Information_Page/QUANTITY' is visible

2020-09-08 14:04:53 - [MESSAGE][PASSED] - Object 'Object Repository/CERTPAY_QUICKSTI/Payment_Information_Page/QUANTITY' is present

2020-09-08 14:04:55 - [MESSAGE][PASSED] - Text '1' is set on object 'Object Repository/CERTPAY_QUICKSTI/Payment_Information_Page/QUANTITY'

2020-09-08 14:04:55 - [MESSAGE][PASSED] - Quicksti.ts:Entered'1 into Quantity

2020-09-08 14:04:55 - [TEST_STEP][PASSED] - utilities.SafeActions.safeType(findTestObject("CERTPAY_QUICKSTI/Payment_Information_Page/REFRENCE_NUMBER"), referenceNum, "Reference Number", [pageLoadTime]): Quicksti.ts:Entered'11 into Reference Number

2020-09-08 14:04:55 - [MESSAGE][PASSED] - Object 'Object Repository/CERTPAY_QUICKSTI/Payment_Information_Page/REFRENCE_NUMBER' is present

2020-09-08 14:04:56 - [MESSAGE][PASSED] - Object 'Object Repository/CERTPAY_QUICKSTI/Payment_Information_Page/REFRENCE_NUMBER' is visible

2020-09-08 14:04:56 - [MESSAGE][PASSED] - Object 'Object Repository/CERTPAY_QUICKSTI/Payment_Information_Page/REFRENCE_NUMBER' is present

2020-09-08 14:04:57 - [MESSAGE][PASSED] - Text '11' is set on object 'Object Repository/CERTPAY_QUICKSTI/Payment_Information_Page/REFRENCE_NUMBER'

2020-09-08 14:04:57 - [MESSAGE][PASSED] - Quicksti.ts:Entered'11 into Reference Number

2020-09-08 14:04:57 - [TEST_STEP][PASSED] - amount_Value = pages.Quicksti.getAttributeValue(findTestObject("CERTPAY_QUICKSTI/Payment_Information_Page/SUB_TOTAL")): pages.Quicksti.getAttributeValue is PASSED

2020-09-08 14:04:58 - [MESSAGE][PASSED] - Attribute 'value' of object 'Object Repository/CERTPAY_QUICKSTI/Payment_Information_Page/SUB_TOTAL' is: '35.00'

2020-09-08 14:04:58 - [MESSAGE][PASSED] - pages.Quicksti.getAttributeValue is PASSED

2020-09-08 14:04:58 - [TEST_STEP][PASSED] - utilities.SafeActions.safeType(findTestObject("CERTPAY_QUICKSTI/Payment_Information_Page/COMMENTS"), "Testing", "Comments", [pageLoadTime]): Quicksti.ts:Entered'Testing into Comments

2020-09-08 14:04:58 - [MESSAGE][PASSED] - Object 'Object Repository/CERTPAY_QUICKSTI/Payment_Information_Page/COMMENTS' is present

2020-09-08 14:04:58 - [MESSAGE][PASSED] - Object 'Object Repository/CERTPAY_QUICKSTI/Payment_Information_Page/COMMENTS' is visible

2020-09-08 14:04:59 - [MESSAGE][PASSED] - Object 'Object Repository/CERTPAY_QUICKSTI/Payment_Information_Page/COMMENTS' is present

2020-09-08 14:05:00 - [MESSAGE][PASSED] - Text 'Testing' is set on object 'Object Repository/CERTPAY_QUICKSTI/Payment_Information_Page/COMMENTS'

2020-09-08 14:05:00 - [MESSAGE][PASSED] - Quicksti.ts:Entered'Testing into Comments

2020-09-08 14:05:00 - [TEST_STEP][PASSED] - utilities.SafeActions.safeType(findTestObject("CERTPAY_QUICKSTI/Payment_Information_Page/ADDRESS"), address, "Address", [pageLoadTime]): Quicksti.ts:Entered'14-2 into Address

2020-09-08 14:05:00 - [MESSAGE][PASSED] - Object 'Object Repository/CERTPAY_QUICKSTI/Payment_Information_Page/ADDRESS' is present

2020-09-08 14:05:00 - [MESSAGE][PASSED] - Object 'Object Repository/CERTPAY_QUICKSTI/Payment_Information_Page/ADDRESS' is visible

2020-09-08 14:05:01 - [MESSAGE][PASSED] - Object 'Object Repository/CERTPAY_QUICKSTI/Payment_Information_Page/ADDRESS' is present

2020-09-08 14:05:02 - [MESSAGE][PASSED] - Text '14-2' is set on object 'Object Repository/CERTPAY_QUICKSTI/Payment_Information_Page/ADDRESS'

2020-09-08 14:05:02 - [MESSAGE][PASSED] - Quicksti.ts:Entered'14-2 into Address

2020-09-08 14:05:02 - [TEST_STEP][PASSED] - utilities.SafeActions.safeType(findTestObject("CERTPAY_QUICKSTI/Payment_Information_Page/ZIP_CODE"), zipCode, "zipcode", [pageLoadTime]): Quicksti.ts:Entered'76102 into zipcode

2020-09-08 14:05:02 - [MESSAGE][PASSED] - Object 'Object Repository/CERTPAY_QUICKSTI/Payment_Information_Page/ZIP_CODE' is present

2020-09-08 14:05:03 - [MESSAGE][PASSED] - Object 'Object Repository/CERTPAY_QUICKSTI/Payment_Information_Page/ZIP_CODE' is visible

2020-09-08 14:05:03 - [MESSAGE][PASSED] - Object 'Object Repository/CERTPAY_QUICKSTI/Payment_Information_Page/ZIP_CODE' is present

2020-09-08 14:05:04 - [MESSAGE][PASSED] - Text '76102' is set on object 'Object Repository/CERTPAY_QUICKSTI/Payment_Information_Page/ZIP_CODE'

2020-09-08 14:05:04 - [MESSAGE][PASSED] - Quicksti.ts:Entered'76102 into zipcode

2020-09-08 14:05:04 - [TEST_STEP][PASSED] - utilities.SafeActions.safeType(findTestObject("CERTPAY_QUICKSTI/Payment_Information_Page/TELEPHONE"), telephone, "Telephone", [pageLoadTime]): Quicksti.ts:Entered'9989897654 into Telephone

2020-09-08 14:05:05 - [MESSAGE][PASSED] - Object 'Object Repository/CERTPAY_QUICKSTI/Payment_Information_Page/TELEPHONE' is present

2020-09-08 14:05:05 - [MESSAGE][PASSED] - Object 'Object Repository/CERTPAY_QUICKSTI/Payment_Information_Page/TELEPHONE' is visible

2020-09-08 14:05:05 - [MESSAGE][PASSED] - Object 'Object Repository/CERTPAY_QUICKSTI/Payment_Information_Page/TELEPHONE' is present

2020-09-08 14:05:06 - [MESSAGE][PASSED] - Text '9989897654' is set on object 'Object Repository/CERTPAY_QUICKSTI/Payment_Information_Page/TELEPHONE'

2020-09-08 14:05:06 - [MESSAGE][PASSED] - Quicksti.ts:Entered'9989897654 into Telephone

2020-09-08 14:05:06 - [TEST_STEP][PASSED] - utilities.SafeActions.safeType(findTestObject("CERTPAY_QUICKSTI/Payment_Information_Page/EMAIL_ADDRESS"), emailAddress, "EMAIL address", [pageLoadTime]): Quicksti.ts:Entered'testing@zenq.com into EMAIL address

2020-09-08 14:05:07 - [MESSAGE][PASSED] - Object 'Object Repository/CERTPAY_QUICKSTI/Payment_Information_Page/EMAIL_ADDRESS' is present

2020-09-08 14:05:07 - [MESSAGE][PASSED] - Object 'Object Repository/CERTPAY_QUICKSTI/Payment_Information_Page/EMAIL_ADDRESS' is visible

2020-09-08 14:05:07 - [MESSAGE][PASSED] - Object 'Object Repository/CERTPAY_QUICKSTI/Payment_Information_Page/EMAIL_ADDRESS' is present

2020-09-08 14:05:09 - [MESSAGE][PASSED] - Text 'testing@zenq.com' is set on object 'Object Repository/CERTPAY_QUICKSTI/Payment_Information_Page/EMAIL_ADDRESS'

2020-09-08 14:05:09 - [MESSAGE][PASSED] - Quicksti.ts:Entered'testing@zenq.com into EMAIL address

2020-09-08 14:05:09 - [TEST_STEP][PASSED] - utilities.SafeActions.safeClick(findTestObject("CERTPAY_QUICKSTI/Payment_Information_Page/NEXT_BUTTON"), "Next", [pageLoadTime]): Quicksti.ts:Clicked on the Next

2020-09-08 14:05:09 - [MESSAGE][INFO] - safeClicking

2020-09-08 14:05:09 - [MESSAGE][PASSED] - Object 'Object Repository/CERTPAY_QUICKSTI/Payment_Information_Page/NEXT_BUTTON' is present

2020-09-08 14:05:09 - [MESSAGE][PASSED] - Object 'Object Repository/CERTPAY_QUICKSTI/Payment_Information_Page/NEXT_BUTTON' is clickable

2020-09-08 14:05:14 - [MESSAGE][PASSED] - Object: 'Object Repository/CERTPAY_QUICKSTI/Payment_Information_Page/NEXT_BUTTON' is clicked on

2020-09-08 14:05:14 - [MESSAGE][PASSED] - Quicksti.ts:Clicked on the Next

2020-09-08 14:05:14 - [TEST_STEP][PASSED] - pages.Quicksti.verifyUserPaymentDetails(paymentAmount, firstName, lastName, CardNumber): pages.Quicksti.verifyUserPaymentDetails is PASSED

2020-09-08 14:05:15 - [MESSAGE][PASSED] - Text of object 'Object Repository/CERTPAY_QUICKSTI/Payment_Details_Verification_Page/AMOUNT' is: '$35.00'

2020-09-08 14:05:15 - [MESSAGE][PASSED] - Actual text '35.00' and expected text '35.00' are matched  using regular expression

2020-09-08 14:05:15 - [MESSAGE][PASSED] - Text of object 'Object Repository/CERTPAY_QUICKSTI/Payment_Details_Verification_Page/NAME' is: 'Tester Zenq1'

2020-09-08 14:05:15 - [MESSAGE][PASSED] - Actual text 'Tester Zenq1' and expected text 'Tester Zenq1' are matched  using regular expression

2020-09-08 14:05:15 - [MESSAGE][PASSED] - Text of object 'Object Repository/CERTPAY_QUICKSTI/Payment_Details_Verification_Page/CARD_NUMBER' is: '...1006'

2020-09-08 14:05:15 - [MESSAGE][PASSED] - Actual text '1006' and expected text '1006' are matched  using regular expression

2020-09-08 14:05:15 - [MESSAGE][PASSED] - pages.Quicksti.verifyUserPaymentDetails is PASSED

2020-09-08 14:05:15 - [TEST_STEP][PASSED] - delay(2): Delayed 2 second(s)

2020-09-08 14:05:17 - [MESSAGE][PASSED] - Delayed 2 second(s)

2020-09-08 14:05:17 - [TEST_STEP][PASSED] - scrollToElement(findTestObject("CERTPAY_QUICKSTI/Payment_Details_Verification_Page/PROCESS"), 0): Scroll to object 'Object Repository/CERTPAY_QUICKSTI/Payment_Details_Verification_Page/PROCESS' successfully

2020-09-08 14:05:17 - [MESSAGE][WARNING] - Timeout '0' is invalid. Using default page load timeout: '30'

2020-09-08 14:05:18 - [MESSAGE][PASSED] - Scroll to object 'Object Repository/CERTPAY_QUICKSTI/Payment_Details_Verification_Page/PROCESS' successfully

2020-09-08 14:05:18 - [TEST_STEP][PASSED] - utilities.SafeActions.safeClick(findTestObject("CERTPAY_QUICKSTI/Payment_Details_Verification_Page/PROCESS"), "Process", [pageLoadTime]): Quicksti.ts:Clicked on the Process

2020-09-08 14:05:18 - [MESSAGE][INFO] - safeClicking

2020-09-08 14:05:18 - [MESSAGE][PASSED] - Object 'Object Repository/CERTPAY_QUICKSTI/Payment_Details_Verification_Page/PROCESS' is present

2020-09-08 14:05:18 - [MESSAGE][PASSED] - Object 'Object Repository/CERTPAY_QUICKSTI/Payment_Details_Verification_Page/PROCESS' is clickable

2020-09-08 14:05:24 - [MESSAGE][PASSED] - Object: 'Object Repository/CERTPAY_QUICKSTI/Payment_Details_Verification_Page/PROCESS' is clicked on

2020-09-08 14:05:24 - [MESSAGE][PASSED] - Quicksti.ts:Clicked on the Process

2020-09-08 14:05:24 - [TEST_STEP][PASSED] - paymentId = pages.Quicksti.verifyPaymentApproval(findTestObject("CERTPAY_QUICKSTI/Payment_Details_Verification_Page/APPROVED")): Payment is approved

2020-09-08 14:05:24 - [MESSAGE][PASSED] - Text of object 'Object Repository/CERTPAY_QUICKSTI/Payment_Details_Verification_Page/PAYMENT_ID' is: '100176112078'

2020-09-08 14:05:24 - [MESSAGE][PASSED] - Object 'Object Repository/CERTPAY_QUICKSTI/Payment_Details_Verification_Page/APPROVED' is present

2020-09-08 14:05:24 - [MESSAGE][PASSED] - Payment is approved

2020-09-08 14:05:26 - [TEST_STEP][PASSED] - navigateToUrl(Admin_url): Navigate to 'https://qa-certpayadmin.faps.net' successfully

2020-09-08 14:05:33 - [MESSAGE][PASSED] - Navigate to 'https://qa-certpayadmin.faps.net' successfully

2020-09-08 14:05:33 - [TEST_STEP][PASSED] - pages.Bureau_Login_Page.loginToAdminSite(AdminUsername, AdminPassword): Quicksti.ts:Clicked on the LOGIN

2020-09-08 14:05:34 - [MESSAGE][PASSED] - Object 'Object Repository/CERTPAY_ADMIN/USER_NAME' is present

2020-09-08 14:05:34 - [MESSAGE][PASSED] - Object 'Object Repository/CERTPAY_ADMIN/USER_NAME' is visible

2020-09-08 14:05:34 - [MESSAGE][PASSED] - Object 'Object Repository/CERTPAY_ADMIN/USER_NAME' is present

2020-09-08 14:05:36 - [MESSAGE][PASSED] - Text 'VVangiliappan' is set on object 'Object Repository/CERTPAY_ADMIN/USER_NAME'

2020-09-08 14:05:36 - [MESSAGE][PASSED] - Quicksti.ts:Entered'VVangiliappan into username

2020-09-08 14:05:36 - [MESSAGE][PASSED] - Object 'Object Repository/CERTPAY_ADMIN/PASSWORD' is present

2020-09-08 14:05:36 - [MESSAGE][PASSED] - Object 'Object Repository/CERTPAY_ADMIN/PASSWORD' is visible

2020-09-08 14:05:36 - [MESSAGE][PASSED] - Object 'Object Repository/CERTPAY_ADMIN/PASSWORD' is present

2020-09-08 14:05:38 - [MESSAGE][PASSED] - Text 'Knila@12345' is set on object 'Object Repository/CERTPAY_ADMIN/PASSWORD'

2020-09-08 14:05:38 - [MESSAGE][PASSED] - Quicksti.ts:Entered'Knila@12345 into password

2020-09-08 14:05:38 - [MESSAGE][INFO] - safeClicking

2020-09-08 14:05:38 - [MESSAGE][PASSED] - Object 'Object Repository/CERTPAY_ADMIN/LOGIN_BUTTON' is present

2020-09-08 14:05:38 - [MESSAGE][PASSED] - Object 'Object Repository/CERTPAY_ADMIN/LOGIN_BUTTON' is clickable

2020-09-08 14:05:57 - [MESSAGE][PASSED] - Object: 'Object Repository/CERTPAY_ADMIN/LOGIN_BUTTON' is clicked on

2020-09-08 14:05:57 - [MESSAGE][PASSED] - Quicksti.ts:Clicked on the LOGIN

2020-09-08 14:05:57 - [TEST_STEP][PASSED] - utilities.SafeActions.safeClick(findTestObject("CERTPAY_ADMIN/TRANSACTION_SEARCH"), "TransactionSearch", [pageLoadTime]): Quicksti.ts:Clicked on the TransactionSearch

2020-09-08 14:05:57 - [MESSAGE][INFO] - safeClicking

2020-09-08 14:05:58 - [MESSAGE][PASSED] - Object 'Object Repository/CERTPAY_ADMIN/TRANSACTION_SEARCH' is present

2020-09-08 14:05:58 - [MESSAGE][PASSED] - Object 'Object Repository/CERTPAY_ADMIN/TRANSACTION_SEARCH' is clickable

2020-09-08 14:06:11 - [MESSAGE][PASSED] - Object: 'Object Repository/CERTPAY_ADMIN/TRANSACTION_SEARCH' is clicked on

2020-09-08 14:06:11 - [MESSAGE][PASSED] - Quicksti.ts:Clicked on the TransactionSearch

2020-09-08 14:06:11 - [TEST_STEP][PASSED] - utilities.SafeActions.safeType(findTestObject("CERTPAY_ADMIN/PAYMENT_ID"), paymentId, "Payment id", [pageLoadTime]): Quicksti.ts:Entered'100176112078 into Payment id

2020-09-08 14:06:12 - [MESSAGE][PASSED] - Object 'Object Repository/CERTPAY_ADMIN/PAYMENT_ID' is present

2020-09-08 14:06:12 - [MESSAGE][PASSED] - Object 'Object Repository/CERTPAY_ADMIN/PAYMENT_ID' is visible

2020-09-08 14:06:12 - [MESSAGE][PASSED] - Object 'Object Repository/CERTPAY_ADMIN/PAYMENT_ID' is present

2020-09-08 14:06:14 - [MESSAGE][PASSED] - Text '100176112078' is set on object 'Object Repository/CERTPAY_ADMIN/PAYMENT_ID'

2020-09-08 14:06:14 - [MESSAGE][PASSED] - Quicksti.ts:Entered'100176112078 into Payment id

2020-09-08 14:06:14 - [TEST_STEP][PASSED] - utilities.SafeActions.safeClick(findTestObject("CERTPAY_ADMIN/GO_BUTTON"), "Go button", [pageLoadTime]): Quicksti.ts:Clicked on the Go button

2020-09-08 14:06:14 - [MESSAGE][INFO] - safeClicking

2020-09-08 14:06:14 - [MESSAGE][PASSED] - Object 'Object Repository/CERTPAY_ADMIN/GO_BUTTON' is present

2020-09-08 14:06:14 - [MESSAGE][PASSED] - Object 'Object Repository/CERTPAY_ADMIN/GO_BUTTON' is clickable

2020-09-08 14:06:18 - [MESSAGE][PASSED] - Object: 'Object Repository/CERTPAY_ADMIN/GO_BUTTON' is clicked on

2020-09-08 14:06:18 - [MESSAGE][PASSED] - Quicksti.ts:Clicked on the Go button

2020-09-08 14:06:18 - [TEST_STEP][PASSED] - delay(5): Delayed 5 second(s)

2020-09-08 14:06:23 - [MESSAGE][PASSED] - Delayed 5 second(s)

2020-09-08 14:06:23 - [TEST_STEP][PASSED] - scrollToPosition(800, 900): Browser is scrolled to position x = 800, y = 900

2020-09-08 14:06:23 - [MESSAGE][PASSED] - Browser is scrolled to position x = 800, y = 900

2020-09-08 14:06:23 - [TEST_STEP][PASSED] - paymentIdList.add(paymentId): null

2020-09-08 14:06:23 - [TEST_STEP][PASSED] - println(paymentIdList): null

2020-09-08 14:06:23 - [TEST_STEP][PASSED] - return paymentIdList: null

2020-09-08 14:06:23 - [TEST_STEP][PASSED] - Start listener action : afterTestCase: Browser is closed

2020-09-08 14:06:23 - [TEST_STEP][PASSED] - closeBrowser(): Browser is closed

2020-09-08 14:06:24 - [MESSAGE][PASSED] - Browser is closed]]></system-out>
         <system-err><![CDATA[]]></system-err>
      </testcase>
      <testcase name="Test Cases/Certpay_Quicksti/TC_002_MultiBureauSite_SingleBureau_MultiLinePayment" time="126.825" classname="Test Cases/Certpay_Quicksti/TC_002_MultiBureauSite_SingleBureau_MultiLinePayment" status="ERROR">
         <error type="ERROR" message="Test Cases/Certpay_Quicksti/TC_002_MultiBureauSite_SingleBureau_MultiLinePayment FAILED.
Reason:
groovy.lang.MissingPropertyException: No such property: paymentId for class: Script1572261491663
	at TC_002_MultiBureauSite_SingleBureau_MultiLinePayment.run(TC_002_MultiBureauSite_SingleBureau_MultiLinePayment:144)
	at com.kms.katalon.core.main.ScriptEngine.run(ScriptEngine.java:194)
	at com.kms.katalon.core.main.ScriptEngine.runScriptAsRawText(ScriptEngine.java:119)
	at com.kms.katalon.core.main.TestCaseExecutor.runScript(TestCaseExecutor.java:337)
	at com.kms.katalon.core.main.TestCaseExecutor.doExecute(TestCaseExecutor.java:328)
	at com.kms.katalon.core.main.TestCaseExecutor.processExecutionPhase(TestCaseExecutor.java:307)
	at com.kms.katalon.core.main.TestCaseExecutor.accessMainPhase(TestCaseExecutor.java:299)
	at com.kms.katalon.core.main.TestCaseExecutor.execute(TestCaseExecutor.java:233)
	at com.kms.katalon.core.main.TestSuiteExecutor.accessTestCaseMainPhase(TestSuiteExecutor.java:169)
	at com.kms.katalon.core.main.TestSuiteExecutor.accessTestSuiteMainPhase(TestSuiteExecutor.java:142)
	at com.kms.katalon.core.main.TestSuiteExecutor.execute(TestSuiteExecutor.java:91)
	at com.kms.katalon.core.main.TestCaseMain.startTestSuite(TestCaseMain.java:157)
	at com.kms.katalon.core.main.TestCaseMain$startTestSuite$0.call(Unknown Source)
	at TempTestSuite1599553616550.run(TempTestSuite1599553616550.groovy:36)
"/>
         <system-out><![CDATA[2020-09-08 14:06:24 - [TEST_CASE][ERROR] - Test Cases/Certpay_Quicksti/TC_002_MultiBureauSite_SingleBureau_MultiLinePayment: Test Cases/Certpay_Quicksti/TC_002_MultiBureauSite_SingleBureau_MultiLinePayment FAILED.
Reason:
groovy.lang.MissingPropertyException: No such property: paymentId for class: Script1572261491663
	at TC_002_MultiBureauSite_SingleBureau_MultiLinePayment.run(TC_002_MultiBureauSite_SingleBureau_MultiLinePayment:144)
	at com.kms.katalon.core.main.ScriptEngine.run(ScriptEngine.java:194)
	at com.kms.katalon.core.main.ScriptEngine.runScriptAsRawText(ScriptEngine.java:119)
	at com.kms.katalon.core.main.TestCaseExecutor.runScript(TestCaseExecutor.java:337)
	at com.kms.katalon.core.main.TestCaseExecutor.doExecute(TestCaseExecutor.java:328)
	at com.kms.katalon.core.main.TestCaseExecutor.processExecutionPhase(TestCaseExecutor.java:307)
	at com.kms.katalon.core.main.TestCaseExecutor.accessMainPhase(TestCaseExecutor.java:299)
	at com.kms.katalon.core.main.TestCaseExecutor.execute(TestCaseExecutor.java:233)
	at com.kms.katalon.core.main.TestSuiteExecutor.accessTestCaseMainPhase(TestSuiteExecutor.java:169)
	at com.kms.katalon.core.main.TestSuiteExecutor.accessTestSuiteMainPhase(TestSuiteExecutor.java:142)
	at com.kms.katalon.core.main.TestSuiteExecutor.execute(TestSuiteExecutor.java:91)
	at com.kms.katalon.core.main.TestCaseMain.startTestSuite(TestCaseMain.java:157)
	at com.kms.katalon.core.main.TestCaseMain$startTestSuite$0.call(Unknown Source)
	at TempTestSuite1599553616550.run(TempTestSuite1599553616550.groovy:36)


2020-09-08 14:06:25 - [TEST_STEP][PASSED] - Start listener action : beforeTestCase: null

2020-09-08 14:06:25 - [TEST_STEP][PASSED] - data = findTestData("Certpay/SingleBureau_MultiLine"): null

2020-09-08 14:06:25 - [TEST_STEP][PASSED] - amountList = []: null

2020-09-08 14:06:25 - [TEST_STEP][PASSED] - referenceList = []: null

2020-09-08 14:06:25 - [TEST_STEP][PASSED] - paymentTypeList = []: null

2020-09-08 14:06:25 - [TEST_STEP][PASSED] - quantityList = []: null

2020-09-08 14:06:25 - [TEST_STEP][PASSED] - commentsList = []: null

2020-09-08 14:06:25 - [TEST_STEP][PASSED] - paymentIdList = []: null

2020-09-08 14:06:25 - [TEST_STEP][PASSED] - list = new java.util.ArrayList(): null

2020-09-08 14:06:25 - [TEST_STEP][PASSED] - for (def index : (1..data.getRowNumbers())): null

2020-09-08 14:06:25 - [TEST_STEP][PASSED] - firstName = data.getValue("FirstName", index): null

2020-09-08 14:06:25 - [TEST_STEP][PASSED] - lastName = data.getValue("LastName", index): null

2020-09-08 14:06:25 - [TEST_STEP][PASSED] - cardNum = data.getValue("CardNumber", index): null

2020-09-08 14:06:25 - [TEST_STEP][PASSED] - expMonth = data.getValue("ExpMonth", index): null

2020-09-08 14:06:25 - [TEST_STEP][PASSED] - expYear = data.getValue("ExpYear", index): null

2020-09-08 14:06:25 - [TEST_STEP][PASSED] - securityCode = data.getValue("SecurityCode", index): null

2020-09-08 14:06:25 - [TEST_STEP][PASSED] - paymentAmount = data.getValue("PaymentAmount", index): null

2020-09-08 14:06:25 - [TEST_STEP][PASSED] - paymentType = data.getValue("PaymentType", index): null

2020-09-08 14:06:25 - [TEST_STEP][PASSED] - quantity = data.getValue("Quantity", index): null

2020-09-08 14:06:25 - [TEST_STEP][PASSED] - comments = data.getValue("Comments", index): null

2020-09-08 14:06:25 - [TEST_STEP][PASSED] - referenceNum = data.getValue("ReferenceNum", index): null

2020-09-08 14:06:25 - [TEST_STEP][PASSED] - address = data.getValue("Address", index): null

2020-09-08 14:06:25 - [TEST_STEP][PASSED] - zipCode = data.getValue("Zipcode", index): null

2020-09-08 14:06:25 - [TEST_STEP][PASSED] - telephone = data.getValue("Telephone", index): null

2020-09-08 14:06:25 - [TEST_STEP][PASSED] - emailAddress = data.getValue("EmailAddress", index): null

2020-09-08 14:06:25 - [TEST_STEP][PASSED] - cardType = data.getValue("CardType", index): null

2020-09-08 14:06:25 - [TEST_STEP][PASSED] - amountList = paymentAmount.split(","): null

2020-09-08 14:06:25 - [TEST_STEP][PASSED] - referenceList = referenceNum.split(","): null

2020-09-08 14:06:25 - [TEST_STEP][PASSED] - paymentTypeList = paymentType.split(","): null

2020-09-08 14:06:25 - [TEST_STEP][PASSED] - commentsList = comments.split(","): null

2020-09-08 14:06:25 - [TEST_STEP][PASSED] - quantityList = quantity.split(","): null

2020-09-08 14:06:25 - [TEST_STEP][PASSED] - utilities.SafeActions.openBrowser(Quicksti_Url, [pageLoadTime]): Browser launched successfully

2020-09-08 14:06:25 - [MESSAGE][INFO] - Opening Browser

2020-09-08 14:06:25 - [MESSAGE][INFO] - Starting 'Chrome' driver

2020-09-08 14:06:33 - [MESSAGE][PASSED] - Browser is opened with url: 'https://qa-certpayquicksti.faps.net/'

2020-09-08 14:06:35 - [MESSAGE][PASSED] - Current window maximized

2020-09-08 14:06:35 - [MESSAGE][PASSED] - Browser launched successfully

2020-09-08 14:06:35 - [TEST_STEP][PASSED] - utilities.SafeActions.safeCheck(findTestObject("CERTPAY_QUICKSTI/Login_ Page/MULTI_BUREAU_CHECKBOX"), "Multi Bureau", [pageLoadTime]): Quicksti.ts:Checkbox 'Multi Bureau'is selected

2020-09-08 14:06:36 - [MESSAGE][PASSED] - Object 'Object Repository/CERTPAY_QUICKSTI/Login_ Page/MULTI_BUREAU_CHECKBOX' is present

2020-09-08 14:06:37 - [MESSAGE][PASSED] - Object 'Object Repository/CERTPAY_QUICKSTI/Login_ Page/MULTI_BUREAU_CHECKBOX' is present

2020-09-08 14:06:38 - [MESSAGE][PASSED] - Object: 'Object Repository/CERTPAY_QUICKSTI/Login_ Page/MULTI_BUREAU_CHECKBOX' is clicked on

2020-09-08 14:06:38 - [MESSAGE][PASSED] - Quicksti.ts:Checkbox 'Multi Bureau'is selected

2020-09-08 14:06:38 - [TEST_STEP][PASSED] - utilities.SafeActions.safeType(findTestObject("CERTPAY_QUICKSTI/Login_ Page/TELLER_ID"), teller_id, "Bureau code", [pageLoadTime]): Quicksti.ts:Entered'zenq into Bureau code

2020-09-08 14:06:39 - [MESSAGE][PASSED] - Object 'Object Repository/CERTPAY_QUICKSTI/Login_ Page/TELLER_ID' is present

2020-09-08 14:06:39 - [MESSAGE][PASSED] - Object 'Object Repository/CERTPAY_QUICKSTI/Login_ Page/TELLER_ID' is visible

2020-09-08 14:06:40 - [MESSAGE][PASSED] - Object 'Object Repository/CERTPAY_QUICKSTI/Login_ Page/TELLER_ID' is present

2020-09-08 14:06:41 - [MESSAGE][PASSED] - Text 'zenq' is set on object 'Object Repository/CERTPAY_QUICKSTI/Login_ Page/TELLER_ID'

2020-09-08 14:06:41 - [MESSAGE][PASSED] - Quicksti.ts:Entered'zenq into Bureau code

2020-09-08 14:06:41 - [TEST_STEP][PASSED] - utilities.SafeActions.safeClick(findTestObject("CERTPAY_QUICKSTI/Login_ Page/NEXT_BUTTON"), "Next button", [pageLoadTime]): Quicksti.ts:Clicked on the Next button

2020-09-08 14:06:41 - [MESSAGE][INFO] - safeClicking

2020-09-08 14:06:41 - [MESSAGE][PASSED] - Object 'Object Repository/CERTPAY_QUICKSTI/Login_ Page/NEXT_BUTTON' is present

2020-09-08 14:06:41 - [MESSAGE][PASSED] - Object 'Object Repository/CERTPAY_QUICKSTI/Login_ Page/NEXT_BUTTON' is clickable

2020-09-08 14:06:46 - [MESSAGE][PASSED] - Object: 'Object Repository/CERTPAY_QUICKSTI/Login_ Page/NEXT_BUTTON' is clicked on

2020-09-08 14:06:46 - [MESSAGE][PASSED] - Quicksti.ts:Clicked on the Next button

2020-09-08 14:06:46 - [TEST_STEP][PASSED] - for ([i = 0, i <= amountList.size() - 1, (i++)]): Quicksti.ts:Entered'2 into Quntity

2020-09-08 14:06:46 - [TEST_STEP][PASSED] - s = Integer.toString(i): null

2020-09-08 14:06:46 - [TEST_STEP][PASSED] - pages.Quicksti.setCommnets("0", s, commentsList.get(i)): Quicksti.ts:Entered'Testing into Comments

2020-09-08 14:06:46 - [MESSAGE][PASSED] - Object '' is present

2020-09-08 14:06:47 - [MESSAGE][PASSED] - Object '' is visible

2020-09-08 14:06:47 - [MESSAGE][PASSED] - Object '' is present

2020-09-08 14:06:48 - [MESSAGE][PASSED] - Text 'Testing' is set on object ''

2020-09-08 14:06:48 - [MESSAGE][PASSED] - Quicksti.ts:Entered'Testing into Comments

2020-09-08 14:06:48 - [TEST_STEP][PASSED] - utilities.SafeActions.safeType(findTestObject("CERTPAY_QUICKSTI/Payment_Information_Page/PAYMENT_AMOUNT"), amountList.get(i), "Payment Amount", [pageLoadTime]): Quicksti.ts:Entered'45.00 into Payment Amount

2020-09-08 14:06:49 - [MESSAGE][PASSED] - Object 'Object Repository/CERTPAY_QUICKSTI/Payment_Information_Page/PAYMENT_AMOUNT' is present

2020-09-08 14:06:49 - [MESSAGE][PASSED] - Object 'Object Repository/CERTPAY_QUICKSTI/Payment_Information_Page/PAYMENT_AMOUNT' is visible

2020-09-08 14:06:49 - [MESSAGE][PASSED] - Object 'Object Repository/CERTPAY_QUICKSTI/Payment_Information_Page/PAYMENT_AMOUNT' is present

2020-09-08 14:06:51 - [MESSAGE][PASSED] - Text '45.00' is set on object 'Object Repository/CERTPAY_QUICKSTI/Payment_Information_Page/PAYMENT_AMOUNT'

2020-09-08 14:06:51 - [MESSAGE][PASSED] - Quicksti.ts:Entered'45.00 into Payment Amount

2020-09-08 14:06:51 - [TEST_STEP][PASSED] - pages.Quicksti.setAmountDetailsForMultiBureau(s, paymentTypeList.get(i), "0", referenceList.get(i), quantityList.get(i)): Quicksti.ts:Entered'1 into Quntity

2020-09-08 14:06:51 - [MESSAGE][PASSED] - Object '' is visible

2020-09-08 14:06:52 - [MESSAGE][PASSED] - Object '' is present

2020-09-08 14:06:53 - [MESSAGE][PASSED] - Object: '' is clicked on

2020-09-08 14:06:54 - [MESSAGE][PASSED] - All options with label 'Licenses' are selected in object ''  using regular expression

2020-09-08 14:06:54 - [MESSAGE][PASSED] - selected dropdown option by visible text  Licensesfrom Payment Type

2020-09-08 14:06:55 - [MESSAGE][PASSED] - Object '' is present

2020-09-08 14:06:55 - [MESSAGE][PASSED] - Object '' is visible

2020-09-08 14:06:55 - [MESSAGE][PASSED] - Object '' is present

2020-09-08 14:06:57 - [MESSAGE][PASSED] - Text '11' is set on object ''

2020-09-08 14:06:57 - [MESSAGE][PASSED] - Quicksti.ts:Entered'11 into RefrenceNumber

2020-09-08 14:06:57 - [MESSAGE][PASSED] - Object '' is present

2020-09-08 14:06:57 - [MESSAGE][PASSED] - Object '' is visible

2020-09-08 14:06:57 - [MESSAGE][PASSED] - Object '' is present

2020-09-08 14:06:59 - [MESSAGE][PASSED] - Text '1' is set on object ''

2020-09-08 14:06:59 - [MESSAGE][PASSED] - Quicksti.ts:Entered'1 into Quntity

2020-09-08 14:06:59 - [TEST_STEP][PASSED] - s = Integer.toString(i): null

2020-09-08 14:06:59 - [TEST_STEP][PASSED] - pages.Quicksti.setCommnets("0", s, commentsList.get(i)): Quicksti.ts:Entered'Tester into Comments

2020-09-08 14:06:59 - [MESSAGE][PASSED] - Object '' is present

2020-09-08 14:07:00 - [MESSAGE][PASSED] - Object '' is visible

2020-09-08 14:07:00 - [MESSAGE][PASSED] - Object '' is present

2020-09-08 14:07:01 - [MESSAGE][PASSED] - Text 'Tester' is set on object ''

2020-09-08 14:07:01 - [MESSAGE][PASSED] - Quicksti.ts:Entered'Tester into Comments

2020-09-08 14:07:01 - [TEST_STEP][PASSED] - utilities.SafeActions.safeType(findTestObject("CERTPAY_QUICKSTI/Payment_Information_Page/PAYMENT_AMOUNT"), amountList.get(i), "Payment Amount", [pageLoadTime]): Quicksti.ts:Entered'35.00 into Payment Amount

2020-09-08 14:07:02 - [MESSAGE][PASSED] - Object 'Object Repository/CERTPAY_QUICKSTI/Payment_Information_Page/PAYMENT_AMOUNT' is present

2020-09-08 14:07:02 - [MESSAGE][PASSED] - Object 'Object Repository/CERTPAY_QUICKSTI/Payment_Information_Page/PAYMENT_AMOUNT' is visible

2020-09-08 14:07:02 - [MESSAGE][PASSED] - Object 'Object Repository/CERTPAY_QUICKSTI/Payment_Information_Page/PAYMENT_AMOUNT' is present

2020-09-08 14:07:04 - [MESSAGE][PASSED] - Text '35.00' is set on object 'Object Repository/CERTPAY_QUICKSTI/Payment_Information_Page/PAYMENT_AMOUNT'

2020-09-08 14:07:04 - [MESSAGE][PASSED] - Quicksti.ts:Entered'35.00 into Payment Amount

2020-09-08 14:07:04 - [TEST_STEP][PASSED] - pages.Quicksti.setAmountDetailsForMultiBureau(s, paymentTypeList.get(i), "0", referenceList.get(i), quantityList.get(i)): Quicksti.ts:Entered'2 into Quntity

2020-09-08 14:07:04 - [MESSAGE][PASSED] - Object '' is visible

2020-09-08 14:07:04 - [MESSAGE][PASSED] - Object '' is present

2020-09-08 14:07:06 - [MESSAGE][PASSED] - Object: '' is clicked on

2020-09-08 14:07:07 - [MESSAGE][PASSED] - All options with label 'Taxes' are selected in object ''  using regular expression

2020-09-08 14:07:07 - [MESSAGE][PASSED] - selected dropdown option by visible text  Taxesfrom Payment Type

2020-09-08 14:07:07 - [MESSAGE][PASSED] - Object '' is present

2020-09-08 14:07:08 - [MESSAGE][PASSED] - Object '' is visible

2020-09-08 14:07:08 - [MESSAGE][PASSED] - Object '' is present

2020-09-08 14:07:09 - [MESSAGE][PASSED] - Text '12' is set on object ''

2020-09-08 14:07:09 - [MESSAGE][PASSED] - Quicksti.ts:Entered'12 into RefrenceNumber

2020-09-08 14:07:09 - [MESSAGE][PASSED] - Object '' is present

2020-09-08 14:07:10 - [MESSAGE][PASSED] - Object '' is visible

2020-09-08 14:07:10 - [MESSAGE][PASSED] - Object '' is present

2020-09-08 14:07:11 - [MESSAGE][PASSED] - Text '2' is set on object ''

2020-09-08 14:07:11 - [MESSAGE][PASSED] - Quicksti.ts:Entered'2 into Quntity

2020-09-08 14:07:11 - [TEST_STEP][PASSED] - amount_Value = pages.Quicksti.getAttributeValue(findTestObject("CERTPAY_QUICKSTI/Payment_Information_Page/SUB_TOTAL")): pages.Quicksti.getAttributeValue is PASSED

2020-09-08 14:07:12 - [MESSAGE][PASSED] - Attribute 'value' of object 'Object Repository/CERTPAY_QUICKSTI/Payment_Information_Page/SUB_TOTAL' is: '45.00'

2020-09-08 14:07:12 - [MESSAGE][PASSED] - pages.Quicksti.getAttributeValue is PASSED

2020-09-08 14:07:12 - [TEST_STEP][PASSED] - utilities.SafeActions.safeClick(findTestObject("CERTPAY_QUICKSTI/Payment_Information_Page/MANUAL_ENTRY_BUTTON"), "ManualEntry", [pageLoadTime]): Quicksti.ts:Clicked on the ManualEntry

2020-09-08 14:07:12 - [MESSAGE][INFO] - safeClicking

2020-09-08 14:07:12 - [MESSAGE][PASSED] - Object 'Object Repository/CERTPAY_QUICKSTI/Payment_Information_Page/MANUAL_ENTRY_BUTTON' is present

2020-09-08 14:07:12 - [MESSAGE][PASSED] - Object 'Object Repository/CERTPAY_QUICKSTI/Payment_Information_Page/MANUAL_ENTRY_BUTTON' is clickable

2020-09-08 14:07:16 - [MESSAGE][PASSED] - Object: 'Object Repository/CERTPAY_QUICKSTI/Payment_Information_Page/MANUAL_ENTRY_BUTTON' is clicked on

2020-09-08 14:07:16 - [MESSAGE][PASSED] - Quicksti.ts:Clicked on the ManualEntry

2020-09-08 14:07:16 - [TEST_STEP][PASSED] - CardNumber = pages.Quicksti.setUserPaymentDetails(firstName, lastName, cardNum): Quicksti.ts:Entered'4761739001010135 into CardNum

2020-09-08 14:07:17 - [MESSAGE][PASSED] - Object 'Object Repository/CERTPAY_QUICKSTI/Payment_Information_Page/FIRST_NAME' is present

2020-09-08 14:07:17 - [MESSAGE][PASSED] - Object 'Object Repository/CERTPAY_QUICKSTI/Payment_Information_Page/FIRST_NAME' is visible

2020-09-08 14:07:17 - [MESSAGE][PASSED] - Object 'Object Repository/CERTPAY_QUICKSTI/Payment_Information_Page/FIRST_NAME' is present

2020-09-08 14:07:19 - [MESSAGE][PASSED] - Text 'Tester' is set on object 'Object Repository/CERTPAY_QUICKSTI/Payment_Information_Page/FIRST_NAME'

2020-09-08 14:07:19 - [MESSAGE][PASSED] - Quicksti.ts:Entered'Tester into FirstName

2020-09-08 14:07:19 - [MESSAGE][PASSED] - Object 'Object Repository/CERTPAY_QUICKSTI/Payment_Information_Page/LAST_NAME' is present

2020-09-08 14:07:19 - [MESSAGE][PASSED] - Object 'Object Repository/CERTPAY_QUICKSTI/Payment_Information_Page/LAST_NAME' is visible

2020-09-08 14:07:20 - [MESSAGE][PASSED] - Object 'Object Repository/CERTPAY_QUICKSTI/Payment_Information_Page/LAST_NAME' is present

2020-09-08 14:07:21 - [MESSAGE][PASSED] - Text 'Zenq1' is set on object 'Object Repository/CERTPAY_QUICKSTI/Payment_Information_Page/LAST_NAME'

2020-09-08 14:07:21 - [MESSAGE][PASSED] - Quicksti.ts:Entered'Zenq1 into LAstName

2020-09-08 14:07:21 - [MESSAGE][PASSED] - Object 'Object Repository/CERTPAY_QUICKSTI/Payment_Information_Page/CARD_NUMBER' is present

2020-09-08 14:07:22 - [MESSAGE][PASSED] - Object 'Object Repository/CERTPAY_QUICKSTI/Payment_Information_Page/CARD_NUMBER' is visible

2020-09-08 14:07:22 - [MESSAGE][PASSED] - Object 'Object Repository/CERTPAY_QUICKSTI/Payment_Information_Page/CARD_NUMBER' is present

2020-09-08 14:07:23 - [MESSAGE][PASSED] - Text '4761739001010135' is set on object 'Object Repository/CERTPAY_QUICKSTI/Payment_Information_Page/CARD_NUMBER'

2020-09-08 14:07:23 - [MESSAGE][PASSED] - Quicksti.ts:Entered'4761739001010135 into CardNum

2020-09-08 14:07:23 - [TEST_STEP][PASSED] - pages.Quicksti.setExpDate(expMonth, expYear, securityCode): Quicksti.ts:Entered'207 into securityCode

2020-09-08 14:07:24 - [MESSAGE][PASSED] - Object 'Object Repository/CERTPAY_QUICKSTI/Payment_Information_Page/EXP_MONTH' is visible

2020-09-08 14:07:24 - [MESSAGE][PASSED] - Object 'Object Repository/CERTPAY_QUICKSTI/Payment_Information_Page/EXP_MONTH' is present

2020-09-08 14:07:25 - [MESSAGE][PASSED] - Object: 'Object Repository/CERTPAY_QUICKSTI/Payment_Information_Page/EXP_MONTH' is clicked on

2020-09-08 14:07:26 - [MESSAGE][PASSED] - All options with label '03' are selected in object 'Object Repository/CERTPAY_QUICKSTI/Payment_Information_Page/EXP_MONTH'  using regular expression

2020-09-08 14:07:26 - [MESSAGE][PASSED] - selected dropdown option by visible text  03from expMonth

2020-09-08 14:07:27 - [MESSAGE][PASSED] - Object 'Object Repository/CERTPAY_QUICKSTI/Payment_Information_Page/EXP_YEAR' is visible

2020-09-08 14:07:27 - [MESSAGE][PASSED] - Object 'Object Repository/CERTPAY_QUICKSTI/Payment_Information_Page/EXP_YEAR' is present

2020-09-08 14:07:28 - [MESSAGE][PASSED] - Object: 'Object Repository/CERTPAY_QUICKSTI/Payment_Information_Page/EXP_YEAR' is clicked on

2020-09-08 14:07:30 - [MESSAGE][PASSED] - All options with label '2022' are selected in object 'Object Repository/CERTPAY_QUICKSTI/Payment_Information_Page/EXP_YEAR'  using regular expression

2020-09-08 14:07:30 - [MESSAGE][PASSED] - selected dropdown option by visible text  2022from  expYear

2020-09-08 14:07:30 - [MESSAGE][PASSED] - Object 'Object Repository/CERTPAY_QUICKSTI/Payment_Information_Page/SECURITY_CODE' is present

2020-09-08 14:07:30 - [MESSAGE][PASSED] - Object 'Object Repository/CERTPAY_QUICKSTI/Payment_Information_Page/SECURITY_CODE' is visible

2020-09-08 14:07:31 - [MESSAGE][PASSED] - Object 'Object Repository/CERTPAY_QUICKSTI/Payment_Information_Page/SECURITY_CODE' is present

2020-09-08 14:07:32 - [MESSAGE][PASSED] - Text '207' is set on object 'Object Repository/CERTPAY_QUICKSTI/Payment_Information_Page/SECURITY_CODE'

2020-09-08 14:07:32 - [MESSAGE][PASSED] - Quicksti.ts:Entered'207 into securityCode

2020-09-08 14:07:32 - [TEST_STEP][PASSED] - utilities.SafeActions.safeType(findTestObject("CERTPAY_QUICKSTI/Payment_Information_Page/ADDRESS"), address, "Address", [pageLoadTime]): Quicksti.ts:Entered'14-2 into Address

2020-09-08 14:07:32 - [MESSAGE][PASSED] - Object 'Object Repository/CERTPAY_QUICKSTI/Payment_Information_Page/ADDRESS' is present

2020-09-08 14:07:33 - [MESSAGE][PASSED] - Object 'Object Repository/CERTPAY_QUICKSTI/Payment_Information_Page/ADDRESS' is visible

2020-09-08 14:07:33 - [MESSAGE][PASSED] - Object 'Object Repository/CERTPAY_QUICKSTI/Payment_Information_Page/ADDRESS' is present

2020-09-08 14:07:34 - [MESSAGE][PASSED] - Text '14-2' is set on object 'Object Repository/CERTPAY_QUICKSTI/Payment_Information_Page/ADDRESS'

2020-09-08 14:07:34 - [MESSAGE][PASSED] - Quicksti.ts:Entered'14-2 into Address

2020-09-08 14:07:34 - [TEST_STEP][PASSED] - utilities.SafeActions.safeType(findTestObject("CERTPAY_QUICKSTI/Payment_Information_Page/ZIP_CODE"), zipCode, "zipcode", [pageLoadTime]): Quicksti.ts:Entered'76102 into zipcode

2020-09-08 14:07:35 - [MESSAGE][PASSED] - Object 'Object Repository/CERTPAY_QUICKSTI/Payment_Information_Page/ZIP_CODE' is present

2020-09-08 14:07:35 - [MESSAGE][PASSED] - Object 'Object Repository/CERTPAY_QUICKSTI/Payment_Information_Page/ZIP_CODE' is visible

2020-09-08 14:07:35 - [MESSAGE][PASSED] - Object 'Object Repository/CERTPAY_QUICKSTI/Payment_Information_Page/ZIP_CODE' is present

2020-09-08 14:07:36 - [MESSAGE][PASSED] - Text '76102' is set on object 'Object Repository/CERTPAY_QUICKSTI/Payment_Information_Page/ZIP_CODE'

2020-09-08 14:07:36 - [MESSAGE][PASSED] - Quicksti.ts:Entered'76102 into zipcode

2020-09-08 14:07:36 - [TEST_STEP][PASSED] - utilities.SafeActions.safeType(findTestObject("CERTPAY_QUICKSTI/Payment_Information_Page/TELEPHONE"), telephone, "Telephone", [pageLoadTime]): Quicksti.ts:Entered'9988776655 into Telephone

2020-09-08 14:07:37 - [MESSAGE][PASSED] - Object 'Object Repository/CERTPAY_QUICKSTI/Payment_Information_Page/TELEPHONE' is present

2020-09-08 14:07:37 - [MESSAGE][PASSED] - Object 'Object Repository/CERTPAY_QUICKSTI/Payment_Information_Page/TELEPHONE' is visible

2020-09-08 14:07:37 - [MESSAGE][PASSED] - Object 'Object Repository/CERTPAY_QUICKSTI/Payment_Information_Page/TELEPHONE' is present

2020-09-08 14:07:39 - [MESSAGE][PASSED] - Text '9988776655' is set on object 'Object Repository/CERTPAY_QUICKSTI/Payment_Information_Page/TELEPHONE'

2020-09-08 14:07:39 - [MESSAGE][PASSED] - Quicksti.ts:Entered'9988776655 into Telephone

2020-09-08 14:07:39 - [TEST_STEP][PASSED] - utilities.SafeActions.safeType(findTestObject("CERTPAY_QUICKSTI/Payment_Information_Page/EMAIL_ADDRESS"), emailAddress, "EMAIL address", [pageLoadTime]): Quicksti.ts:Entered'testing@zenq.com into EMAIL address

2020-09-08 14:07:39 - [MESSAGE][PASSED] - Object 'Object Repository/CERTPAY_QUICKSTI/Payment_Information_Page/EMAIL_ADDRESS' is present

2020-09-08 14:07:39 - [MESSAGE][PASSED] - Object 'Object Repository/CERTPAY_QUICKSTI/Payment_Information_Page/EMAIL_ADDRESS' is visible

2020-09-08 14:07:40 - [MESSAGE][PASSED] - Object 'Object Repository/CERTPAY_QUICKSTI/Payment_Information_Page/EMAIL_ADDRESS' is present

2020-09-08 14:07:41 - [MESSAGE][PASSED] - Text 'testing@zenq.com' is set on object 'Object Repository/CERTPAY_QUICKSTI/Payment_Information_Page/EMAIL_ADDRESS'

2020-09-08 14:07:41 - [MESSAGE][PASSED] - Quicksti.ts:Entered'testing@zenq.com into EMAIL address

2020-09-08 14:07:41 - [TEST_STEP][PASSED] - utilities.SafeActions.safeClick(findTestObject("CERTPAY_QUICKSTI/Payment_Information_Page/NEXT_BUTTON"), "Next", [pageLoadTime]): Quicksti.ts:Clicked on the Next

2020-09-08 14:07:41 - [MESSAGE][INFO] - safeClicking

2020-09-08 14:07:41 - [MESSAGE][PASSED] - Object 'Object Repository/CERTPAY_QUICKSTI/Payment_Information_Page/NEXT_BUTTON' is present

2020-09-08 14:07:41 - [MESSAGE][PASSED] - Object 'Object Repository/CERTPAY_QUICKSTI/Payment_Information_Page/NEXT_BUTTON' is clickable

2020-09-08 14:07:46 - [MESSAGE][PASSED] - Object: 'Object Repository/CERTPAY_QUICKSTI/Payment_Information_Page/NEXT_BUTTON' is clicked on

2020-09-08 14:07:46 - [MESSAGE][PASSED] - Quicksti.ts:Clicked on the Next

2020-09-08 14:07:46 - [TEST_STEP][PASSED] - pages.Quicksti.verifyUserPaymentDetails(amountList.get(0), firstName, lastName, CardNumber): pages.Quicksti.verifyUserPaymentDetails is PASSED

2020-09-08 14:07:47 - [MESSAGE][PASSED] - Text of object 'Object Repository/CERTPAY_QUICKSTI/Payment_Details_Verification_Page/AMOUNT' is: '$45.00'

2020-09-08 14:07:47 - [MESSAGE][PASSED] - Actual text '45.00' and expected text '45.00' are matched  using regular expression

2020-09-08 14:07:47 - [MESSAGE][PASSED] - Text of object 'Object Repository/CERTPAY_QUICKSTI/Payment_Details_Verification_Page/NAME' is: 'Tester Zenq1'

2020-09-08 14:07:47 - [MESSAGE][PASSED] - Actual text 'Tester Zenq1' and expected text 'Tester Zenq1' are matched  using regular expression

2020-09-08 14:07:47 - [MESSAGE][PASSED] - Text of object 'Object Repository/CERTPAY_QUICKSTI/Payment_Details_Verification_Page/CARD_NUMBER' is: '...0135'

2020-09-08 14:07:47 - [MESSAGE][PASSED] - Actual text '0135' and expected text '0135' are matched  using regular expression

2020-09-08 14:07:47 - [MESSAGE][PASSED] - pages.Quicksti.verifyUserPaymentDetails is PASSED

2020-09-08 14:07:47 - [TEST_STEP][PASSED] - delay(2): Delayed 2 second(s)

2020-09-08 14:07:49 - [MESSAGE][PASSED] - Delayed 2 second(s)

2020-09-08 14:07:49 - [TEST_STEP][PASSED] - scrollToElement(findTestObject("CERTPAY_QUICKSTI/Payment_Details_Verification_Page/PROCESS"), 0): Scroll to object 'Object Repository/CERTPAY_QUICKSTI/Payment_Details_Verification_Page/PROCESS' successfully

2020-09-08 14:07:50 - [MESSAGE][WARNING] - Timeout '0' is invalid. Using default page load timeout: '30'

2020-09-08 14:07:50 - [MESSAGE][PASSED] - Scroll to object 'Object Repository/CERTPAY_QUICKSTI/Payment_Details_Verification_Page/PROCESS' successfully

2020-09-08 14:07:50 - [TEST_STEP][PASSED] - utilities.SafeActions.safeClick(findTestObject("CERTPAY_QUICKSTI/Payment_Details_Verification_Page/PROCESS"), "Process", [pageLoadTime]): Quicksti.ts:Clicked on the Process

2020-09-08 14:07:50 - [MESSAGE][INFO] - safeClicking

2020-09-08 14:07:50 - [MESSAGE][PASSED] - Object 'Object Repository/CERTPAY_QUICKSTI/Payment_Details_Verification_Page/PROCESS' is present

2020-09-08 14:07:50 - [MESSAGE][PASSED] - Object 'Object Repository/CERTPAY_QUICKSTI/Payment_Details_Verification_Page/PROCESS' is clickable

2020-09-08 14:07:56 - [MESSAGE][PASSED] - Object: 'Object Repository/CERTPAY_QUICKSTI/Payment_Details_Verification_Page/PROCESS' is clicked on

2020-09-08 14:07:56 - [MESSAGE][PASSED] - Quicksti.ts:Clicked on the Process

2020-09-08 14:07:56 - [TEST_STEP][PASSED] - PaymentID = pages.Quicksti.verifyPaymentApproval(findTestObject("CERTPAY_QUICKSTI/Payment_Details_Verification_Page/APPROVED")): Payment is approved

2020-09-08 14:07:56 - [MESSAGE][PASSED] - Text of object 'Object Repository/CERTPAY_QUICKSTI/Payment_Details_Verification_Page/PAYMENT_ID' is: '100176112082'

2020-09-08 14:07:57 - [MESSAGE][PASSED] - Object 'Object Repository/CERTPAY_QUICKSTI/Payment_Details_Verification_Page/APPROVED' is present

2020-09-08 14:07:57 - [MESSAGE][PASSED] - Payment is approved

2020-09-08 14:07:59 - [TEST_STEP][PASSED] - navigateToUrl(Admin_url): Navigate to 'https://qa-certpayadmin.faps.net' successfully

2020-09-08 14:08:04 - [MESSAGE][PASSED] - Navigate to 'https://qa-certpayadmin.faps.net' successfully

2020-09-08 14:08:04 - [TEST_STEP][PASSED] - pages.Bureau_Login_Page.loginToAdminSite(AdminUsername, AdminPassword): Quicksti.ts:Clicked on the LOGIN

2020-09-08 14:08:04 - [MESSAGE][PASSED] - Object 'Object Repository/CERTPAY_ADMIN/USER_NAME' is present

2020-09-08 14:08:05 - [MESSAGE][PASSED] - Object 'Object Repository/CERTPAY_ADMIN/USER_NAME' is visible

2020-09-08 14:08:05 - [MESSAGE][PASSED] - Object 'Object Repository/CERTPAY_ADMIN/USER_NAME' is present

2020-09-08 14:08:06 - [MESSAGE][PASSED] - Text 'VVangiliappan' is set on object 'Object Repository/CERTPAY_ADMIN/USER_NAME'

2020-09-08 14:08:06 - [MESSAGE][PASSED] - Quicksti.ts:Entered'VVangiliappan into username

2020-09-08 14:08:07 - [MESSAGE][PASSED] - Object 'Object Repository/CERTPAY_ADMIN/PASSWORD' is present

2020-09-08 14:08:07 - [MESSAGE][PASSED] - Object 'Object Repository/CERTPAY_ADMIN/PASSWORD' is visible

2020-09-08 14:08:07 - [MESSAGE][PASSED] - Object 'Object Repository/CERTPAY_ADMIN/PASSWORD' is present

2020-09-08 14:08:08 - [MESSAGE][PASSED] - Text 'Knila@12345' is set on object 'Object Repository/CERTPAY_ADMIN/PASSWORD'

2020-09-08 14:08:08 - [MESSAGE][PASSED] - Quicksti.ts:Entered'Knila@12345 into password

2020-09-08 14:08:09 - [MESSAGE][INFO] - safeClicking

2020-09-08 14:08:09 - [MESSAGE][PASSED] - Object 'Object Repository/CERTPAY_ADMIN/LOGIN_BUTTON' is present

2020-09-08 14:08:09 - [MESSAGE][PASSED] - Object 'Object Repository/CERTPAY_ADMIN/LOGIN_BUTTON' is clickable

2020-09-08 14:08:23 - [MESSAGE][PASSED] - Object: 'Object Repository/CERTPAY_ADMIN/LOGIN_BUTTON' is clicked on

2020-09-08 14:08:23 - [MESSAGE][PASSED] - Quicksti.ts:Clicked on the LOGIN

2020-09-08 14:08:23 - [TEST_STEP][PASSED] - utilities.SafeActions.safeClick(findTestObject("CERTPAY_ADMIN/TRANSACTION_SEARCH"), "TransactionSearch", [pageLoadTime]): Quicksti.ts:Clicked on the TransactionSearch

2020-09-08 14:08:24 - [MESSAGE][INFO] - safeClicking

2020-09-08 14:08:24 - [MESSAGE][PASSED] - Object 'Object Repository/CERTPAY_ADMIN/TRANSACTION_SEARCH' is present

2020-09-08 14:08:24 - [MESSAGE][PASSED] - Object 'Object Repository/CERTPAY_ADMIN/TRANSACTION_SEARCH' is clickable

2020-09-08 14:08:28 - [MESSAGE][PASSED] - Object: 'Object Repository/CERTPAY_ADMIN/TRANSACTION_SEARCH' is clicked on

2020-09-08 14:08:28 - [MESSAGE][PASSED] - Quicksti.ts:Clicked on the TransactionSearch

2020-09-08 14:08:28 - [TEST_STEP][PASSED] - delay(2): Delayed 2 second(s)

2020-09-08 14:08:30 - [MESSAGE][PASSED] - Delayed 2 second(s)

2020-09-08 14:08:30 - [TEST_STEP][PASSED] - utilities.SafeActions.safeType(findTestObject("CERTPAY_ADMIN/PAYMENT_ID"), paymentId, "Payment id", [pageLoadTime]): null

2020-09-08 14:08:30 - [TEST_STEP][PASSED] - Start listener action : afterTestCase: Browser is closed

2020-09-08 14:08:30 - [TEST_STEP][PASSED] - closeBrowser(): Browser is closed

2020-09-08 14:08:31 - [MESSAGE][PASSED] - Browser is closed]]></system-out>
         <system-err><![CDATA[2020-09-08 14:06:24 - [TEST_CASE][ERROR] - Test Cases/Certpay_Quicksti/TC_002_MultiBureauSite_SingleBureau_MultiLinePayment: Test Cases/Certpay_Quicksti/TC_002_MultiBureauSite_SingleBureau_MultiLinePayment FAILED.
Reason:
groovy.lang.MissingPropertyException: No such property: paymentId for class: Script1572261491663
	at TC_002_MultiBureauSite_SingleBureau_MultiLinePayment.run(TC_002_MultiBureauSite_SingleBureau_MultiLinePayment:144)
	at com.kms.katalon.core.main.ScriptEngine.run(ScriptEngine.java:194)
	at com.kms.katalon.core.main.ScriptEngine.runScriptAsRawText(ScriptEngine.java:119)
	at com.kms.katalon.core.main.TestCaseExecutor.runScript(TestCaseExecutor.java:337)
	at com.kms.katalon.core.main.TestCaseExecutor.doExecute(TestCaseExecutor.java:328)
	at com.kms.katalon.core.main.TestCaseExecutor.processExecutionPhase(TestCaseExecutor.java:307)
	at com.kms.katalon.core.main.TestCaseExecutor.accessMainPhase(TestCaseExecutor.java:299)
	at com.kms.katalon.core.main.TestCaseExecutor.execute(TestCaseExecutor.java:233)
	at com.kms.katalon.core.main.TestSuiteExecutor.accessTestCaseMainPhase(TestSuiteExecutor.java:169)
	at com.kms.katalon.core.main.TestSuiteExecutor.accessTestSuiteMainPhase(TestSuiteExecutor.java:142)
	at com.kms.katalon.core.main.TestSuiteExecutor.execute(TestSuiteExecutor.java:91)
	at com.kms.katalon.core.main.TestCaseMain.startTestSuite(TestCaseMain.java:157)
	at com.kms.katalon.core.main.TestCaseMain$startTestSuite$0.call(Unknown Source)
	at TempTestSuite1599553616550.run(TempTestSuite1599553616550.groovy:36)]]></system-err>
      </testcase>
      <testcase name="Test Cases/Certpay_Quicksti/TC_003_MultiBureauSite_SingleBureau_SingleLinePayment" time="599.083" classname="Test Cases/Certpay_Quicksti/TC_003_MultiBureauSite_SingleBureau_SingleLinePayment" status="PASSED">
         <system-out><![CDATA[2020-09-08 14:08:31 - [TEST_CASE][PASSED] - Test Cases/Certpay_Quicksti/TC_003_MultiBureauSite_SingleBureau_SingleLinePayment: Test Cases/Certpay_Quicksti/TC_003_MultiBureauSite_SingleBureau_SingleLinePayment

2020-09-08 14:08:31 - [TEST_STEP][PASSED] - Start listener action : beforeTestCase: null

2020-09-08 14:08:32 - [TEST_STEP][PASSED] - data = findTestData("Data Files/Certpay/SingleBureau_SingleLine"): null

2020-09-08 14:08:32 - [TEST_STEP][PASSED] - paymentIdList = []: null

2020-09-08 14:08:32 - [TEST_STEP][PASSED] - for (def index : (1..data.getRowNumbers())): null

2020-09-08 14:08:32 - [TEST_STEP][PASSED] - firstName = data.getValue("FirstName", index): null

2020-09-08 14:08:32 - [TEST_STEP][PASSED] - lastName = data.getValue("LastName", index): null

2020-09-08 14:08:32 - [TEST_STEP][PASSED] - expMonth = data.getValue("ExpMonth", index): null

2020-09-08 14:08:32 - [TEST_STEP][PASSED] - expYear = data.getValue("ExpYear", index): null

2020-09-08 14:08:32 - [TEST_STEP][PASSED] - securityCode = data.getValue("SecurityCode", index): null

2020-09-08 14:08:32 - [TEST_STEP][PASSED] - paymentAmount = data.getValue("PaymentAmount", index): null

2020-09-08 14:08:32 - [TEST_STEP][PASSED] - paymentType = data.getValue("PaymentType", index): null

2020-09-08 14:08:32 - [TEST_STEP][PASSED] - quantity = data.getValue("Quantity", index): null

2020-09-08 14:08:32 - [TEST_STEP][PASSED] - comments = data.getValue("Comments", index): null

2020-09-08 14:08:32 - [TEST_STEP][PASSED] - referenceNum = data.getValue("ReferenceNum", index): null

2020-09-08 14:08:32 - [TEST_STEP][PASSED] - address = data.getValue("Address", index): null

2020-09-08 14:08:32 - [TEST_STEP][PASSED] - zipCode = data.getValue("Zipcode", index): null

2020-09-08 14:08:32 - [TEST_STEP][PASSED] - telephone = data.getValue("Telephone", index): null

2020-09-08 14:08:32 - [TEST_STEP][PASSED] - emailAddress = data.getValue("EmailAddress", index): null

2020-09-08 14:08:32 - [TEST_STEP][PASSED] - cardNum = data.getValue("CardNumber", index): null

2020-09-08 14:08:32 - [TEST_STEP][PASSED] - cardType = data.getValue("CardType", index): null

2020-09-08 14:08:32 - [TEST_STEP][PASSED] - utilities.SafeActions.openBrowser(Quicksti_Url, [pageLoadTime]): Browser launched successfully

2020-09-08 14:08:32 - [MESSAGE][INFO] - Opening Browser

2020-09-08 14:08:32 - [MESSAGE][INFO] - Starting 'Chrome' driver

2020-09-08 14:08:42 - [MESSAGE][PASSED] - Browser is opened with url: 'https://qa-certpayquicksti.faps.net/'

2020-09-08 14:08:45 - [MESSAGE][PASSED] - Current window maximized

2020-09-08 14:08:45 - [MESSAGE][PASSED] - Browser launched successfully

2020-09-08 14:08:45 - [TEST_STEP][PASSED] - utilities.SafeActions.safeCheck(findTestObject("CERTPAY_QUICKSTI/Login_ Page/MULTI_BUREAU_CHECKBOX"), "Multi Bureau", [pageLoadTime]): Quicksti.ts:Checkbox 'Multi Bureau'is selected

2020-09-08 14:08:45 - [MESSAGE][PASSED] - Object 'Object Repository/CERTPAY_QUICKSTI/Login_ Page/MULTI_BUREAU_CHECKBOX' is present

2020-09-08 14:08:46 - [MESSAGE][PASSED] - Object 'Object Repository/CERTPAY_QUICKSTI/Login_ Page/MULTI_BUREAU_CHECKBOX' is present

2020-09-08 14:08:47 - [MESSAGE][PASSED] - Object: 'Object Repository/CERTPAY_QUICKSTI/Login_ Page/MULTI_BUREAU_CHECKBOX' is clicked on

2020-09-08 14:08:47 - [MESSAGE][PASSED] - Quicksti.ts:Checkbox 'Multi Bureau'is selected

2020-09-08 14:08:47 - [TEST_STEP][PASSED] - utilities.SafeActions.safeType(findTestObject("CERTPAY_QUICKSTI/Login_ Page/TELLER_ID"), teller_id, "Bureau code", [pageLoadTime]): Quicksti.ts:Entered'zenq into Bureau code

2020-09-08 14:08:49 - [MESSAGE][PASSED] - Object 'Object Repository/CERTPAY_QUICKSTI/Login_ Page/TELLER_ID' is present

2020-09-08 14:08:50 - [MESSAGE][PASSED] - Object 'Object Repository/CERTPAY_QUICKSTI/Login_ Page/TELLER_ID' is visible

2020-09-08 14:08:50 - [MESSAGE][PASSED] - Object 'Object Repository/CERTPAY_QUICKSTI/Login_ Page/TELLER_ID' is present

2020-09-08 14:08:51 - [MESSAGE][PASSED] - Text 'zenq' is set on object 'Object Repository/CERTPAY_QUICKSTI/Login_ Page/TELLER_ID'

2020-09-08 14:08:51 - [MESSAGE][PASSED] - Quicksti.ts:Entered'zenq into Bureau code

2020-09-08 14:08:51 - [TEST_STEP][PASSED] - utilities.SafeActions.safeClick(findTestObject("CERTPAY_QUICKSTI/Login_ Page/NEXT_BUTTON"), "Next button", [pageLoadTime]): Quicksti.ts:Clicked on the Next button

2020-09-08 14:08:51 - [MESSAGE][INFO] - safeClicking

2020-09-08 14:08:51 - [MESSAGE][PASSED] - Object 'Object Repository/CERTPAY_QUICKSTI/Login_ Page/NEXT_BUTTON' is present

2020-09-08 14:08:52 - [MESSAGE][PASSED] - Object 'Object Repository/CERTPAY_QUICKSTI/Login_ Page/NEXT_BUTTON' is clickable

2020-09-08 14:08:58 - [MESSAGE][PASSED] - Object: 'Object Repository/CERTPAY_QUICKSTI/Login_ Page/NEXT_BUTTON' is clicked on

2020-09-08 14:08:58 - [MESSAGE][PASSED] - Quicksti.ts:Clicked on the Next button

2020-09-08 14:08:58 - [TEST_STEP][PASSED] - pages.Quicksti.setCommnets("0", "0", comments): Quicksti.ts:Entered'Testing into Comments

2020-09-08 14:08:58 - [MESSAGE][PASSED] - Object '' is present

2020-09-08 14:08:58 - [MESSAGE][PASSED] - Object '' is visible

2020-09-08 14:08:59 - [MESSAGE][PASSED] - Object '' is present

2020-09-08 14:09:00 - [MESSAGE][PASSED] - Text 'Testing' is set on object ''

2020-09-08 14:09:00 - [MESSAGE][PASSED] - Quicksti.ts:Entered'Testing into Comments

2020-09-08 14:09:00 - [TEST_STEP][PASSED] - utilities.SafeActions.safeType(findTestObject("CERTPAY_QUICKSTI/Payment_Information_Page/PAYMENT_AMOUNT"), paymentAmount, "Payment Amount", [pageLoadTime]): Quicksti.ts:Entered'20.00 into Payment Amount

2020-09-08 14:09:00 - [MESSAGE][PASSED] - Object 'Object Repository/CERTPAY_QUICKSTI/Payment_Information_Page/PAYMENT_AMOUNT' is present

2020-09-08 14:09:01 - [MESSAGE][PASSED] - Object 'Object Repository/CERTPAY_QUICKSTI/Payment_Information_Page/PAYMENT_AMOUNT' is visible

2020-09-08 14:09:01 - [MESSAGE][PASSED] - Object 'Object Repository/CERTPAY_QUICKSTI/Payment_Information_Page/PAYMENT_AMOUNT' is present

2020-09-08 14:09:02 - [MESSAGE][PASSED] - Text '20.00' is set on object 'Object Repository/CERTPAY_QUICKSTI/Payment_Information_Page/PAYMENT_AMOUNT'

2020-09-08 14:09:02 - [MESSAGE][PASSED] - Quicksti.ts:Entered'20.00 into Payment Amount

2020-09-08 14:09:02 - [TEST_STEP][PASSED] - pages.Quicksti.setAmountDetailsForMultiBureau("0", paymentType, "0", referenceNum, quantity): Quicksti.ts:Entered'1 into Quntity

2020-09-08 14:09:03 - [MESSAGE][PASSED] - Object '' is visible

2020-09-08 14:09:03 - [MESSAGE][PASSED] - Object '' is present

2020-09-08 14:09:04 - [MESSAGE][PASSED] - Object: '' is clicked on

2020-09-08 14:09:06 - [MESSAGE][PASSED] - All options with label 'Taxes' are selected in object ''  using regular expression

2020-09-08 14:09:06 - [MESSAGE][PASSED] - selected dropdown option by visible text  Taxesfrom Payment Type

2020-09-08 14:09:06 - [MESSAGE][PASSED] - Object '' is present

2020-09-08 14:09:07 - [MESSAGE][PASSED] - Object '' is visible

2020-09-08 14:09:07 - [MESSAGE][PASSED] - Object '' is present

2020-09-08 14:09:08 - [MESSAGE][PASSED] - Text '11' is set on object ''

2020-09-08 14:09:08 - [MESSAGE][PASSED] - Quicksti.ts:Entered'11 into RefrenceNumber

2020-09-08 14:09:08 - [MESSAGE][PASSED] - Object '' is present

2020-09-08 14:09:09 - [MESSAGE][PASSED] - Object '' is visible

2020-09-08 14:09:09 - [MESSAGE][PASSED] - Object '' is present

2020-09-08 14:09:10 - [MESSAGE][PASSED] - Text '1' is set on object ''

2020-09-08 14:09:10 - [MESSAGE][PASSED] - Quicksti.ts:Entered'1 into Quntity

2020-09-08 14:09:10 - [TEST_STEP][PASSED] - utilities.SafeActions.safeClick(findTestObject("CERTPAY_QUICKSTI/Payment_Information_Page/MANUAL_ENTRY_BUTTON"), "ManualEntry", [pageLoadTime]): Quicksti.ts:Clicked on the ManualEntry

2020-09-08 14:09:10 - [MESSAGE][INFO] - safeClicking

2020-09-08 14:09:11 - [MESSAGE][PASSED] - Object 'Object Repository/CERTPAY_QUICKSTI/Payment_Information_Page/MANUAL_ENTRY_BUTTON' is present

2020-09-08 14:09:11 - [MESSAGE][PASSED] - Object 'Object Repository/CERTPAY_QUICKSTI/Payment_Information_Page/MANUAL_ENTRY_BUTTON' is clickable

2020-09-08 14:09:15 - [MESSAGE][PASSED] - Object: 'Object Repository/CERTPAY_QUICKSTI/Payment_Information_Page/MANUAL_ENTRY_BUTTON' is clicked on

2020-09-08 14:09:15 - [MESSAGE][PASSED] - Quicksti.ts:Clicked on the ManualEntry

2020-09-08 14:09:15 - [TEST_STEP][PASSED] - amount_Value = pages.Quicksti.getAttributeValue(findTestObject("CERTPAY_QUICKSTI/Payment_Information_Page/SUB_TOTAL")): pages.Quicksti.getAttributeValue is PASSED

2020-09-08 14:09:16 - [MESSAGE][PASSED] - Attribute 'value' of object 'Object Repository/CERTPAY_QUICKSTI/Payment_Information_Page/SUB_TOTAL' is: '20.00'

2020-09-08 14:09:16 - [MESSAGE][PASSED] - pages.Quicksti.getAttributeValue is PASSED

2020-09-08 14:09:16 - [TEST_STEP][PASSED] - CardNumber = pages.Quicksti.setUserPaymentDetails(firstName, lastName, cardNum): Quicksti.ts:Entered'4761739001010135 into CardNum

2020-09-08 14:09:16 - [MESSAGE][PASSED] - Object 'Object Repository/CERTPAY_QUICKSTI/Payment_Information_Page/FIRST_NAME' is present

2020-09-08 14:09:16 - [MESSAGE][PASSED] - Object 'Object Repository/CERTPAY_QUICKSTI/Payment_Information_Page/FIRST_NAME' is visible

2020-09-08 14:09:17 - [MESSAGE][PASSED] - Object 'Object Repository/CERTPAY_QUICKSTI/Payment_Information_Page/FIRST_NAME' is present

2020-09-08 14:09:18 - [MESSAGE][PASSED] - Text 'Tester' is set on object 'Object Repository/CERTPAY_QUICKSTI/Payment_Information_Page/FIRST_NAME'

2020-09-08 14:09:18 - [MESSAGE][PASSED] - Quicksti.ts:Entered'Tester into FirstName

2020-09-08 14:09:18 - [MESSAGE][PASSED] - Object 'Object Repository/CERTPAY_QUICKSTI/Payment_Information_Page/LAST_NAME' is present

2020-09-08 14:09:19 - [MESSAGE][PASSED] - Object 'Object Repository/CERTPAY_QUICKSTI/Payment_Information_Page/LAST_NAME' is visible

2020-09-08 14:09:19 - [MESSAGE][PASSED] - Object 'Object Repository/CERTPAY_QUICKSTI/Payment_Information_Page/LAST_NAME' is present

2020-09-08 14:09:21 - [MESSAGE][PASSED] - Text 'Zenq1' is set on object 'Object Repository/CERTPAY_QUICKSTI/Payment_Information_Page/LAST_NAME'

2020-09-08 14:09:21 - [MESSAGE][PASSED] - Quicksti.ts:Entered'Zenq1 into LAstName

2020-09-08 14:09:21 - [MESSAGE][PASSED] - Object 'Object Repository/CERTPAY_QUICKSTI/Payment_Information_Page/CARD_NUMBER' is present

2020-09-08 14:09:21 - [MESSAGE][PASSED] - Object 'Object Repository/CERTPAY_QUICKSTI/Payment_Information_Page/CARD_NUMBER' is visible

2020-09-08 14:09:22 - [MESSAGE][PASSED] - Object 'Object Repository/CERTPAY_QUICKSTI/Payment_Information_Page/CARD_NUMBER' is present

2020-09-08 14:09:23 - [MESSAGE][PASSED] - Text '4761739001010135' is set on object 'Object Repository/CERTPAY_QUICKSTI/Payment_Information_Page/CARD_NUMBER'

2020-09-08 14:09:23 - [MESSAGE][PASSED] - Quicksti.ts:Entered'4761739001010135 into CardNum

2020-09-08 14:09:23 - [TEST_STEP][PASSED] - pages.Quicksti.setExpDate(expMonth, expYear, securityCode): Quicksti.ts:Entered'207 into securityCode

2020-09-08 14:09:23 - [MESSAGE][PASSED] - Object 'Object Repository/CERTPAY_QUICKSTI/Payment_Information_Page/EXP_MONTH' is visible

2020-09-08 14:09:24 - [MESSAGE][PASSED] - Object 'Object Repository/CERTPAY_QUICKSTI/Payment_Information_Page/EXP_MONTH' is present

2020-09-08 14:09:25 - [MESSAGE][PASSED] - Object: 'Object Repository/CERTPAY_QUICKSTI/Payment_Information_Page/EXP_MONTH' is clicked on

2020-09-08 14:09:26 - [MESSAGE][PASSED] - All options with label '03' are selected in object 'Object Repository/CERTPAY_QUICKSTI/Payment_Information_Page/EXP_MONTH'  using regular expression

2020-09-08 14:09:26 - [MESSAGE][PASSED] - selected dropdown option by visible text  03from expMonth

2020-09-08 14:09:26 - [MESSAGE][PASSED] - Object 'Object Repository/CERTPAY_QUICKSTI/Payment_Information_Page/EXP_YEAR' is visible

2020-09-08 14:09:26 - [MESSAGE][PASSED] - Object 'Object Repository/CERTPAY_QUICKSTI/Payment_Information_Page/EXP_YEAR' is present

2020-09-08 14:09:28 - [MESSAGE][PASSED] - Object: 'Object Repository/CERTPAY_QUICKSTI/Payment_Information_Page/EXP_YEAR' is clicked on

2020-09-08 14:09:29 - [MESSAGE][PASSED] - All options with label '2022' are selected in object 'Object Repository/CERTPAY_QUICKSTI/Payment_Information_Page/EXP_YEAR'  using regular expression

2020-09-08 14:09:29 - [MESSAGE][PASSED] - selected dropdown option by visible text  2022from  expYear

2020-09-08 14:09:29 - [MESSAGE][PASSED] - Object 'Object Repository/CERTPAY_QUICKSTI/Payment_Information_Page/SECURITY_CODE' is present

2020-09-08 14:09:30 - [MESSAGE][PASSED] - Object 'Object Repository/CERTPAY_QUICKSTI/Payment_Information_Page/SECURITY_CODE' is visible

2020-09-08 14:09:30 - [MESSAGE][PASSED] - Object 'Object Repository/CERTPAY_QUICKSTI/Payment_Information_Page/SECURITY_CODE' is present

2020-09-08 14:09:31 - [MESSAGE][PASSED] - Text '207' is set on object 'Object Repository/CERTPAY_QUICKSTI/Payment_Information_Page/SECURITY_CODE'

2020-09-08 14:09:31 - [MESSAGE][PASSED] - Quicksti.ts:Entered'207 into securityCode

2020-09-08 14:09:31 - [TEST_STEP][PASSED] - utilities.SafeActions.safeType(findTestObject("CERTPAY_QUICKSTI/Payment_Information_Page/ADDRESS"), address, "Address", [pageLoadTime]): Quicksti.ts:Entered'14-2 into Address

2020-09-08 14:09:32 - [MESSAGE][PASSED] - Object 'Object Repository/CERTPAY_QUICKSTI/Payment_Information_Page/ADDRESS' is present

2020-09-08 14:09:32 - [MESSAGE][PASSED] - Object 'Object Repository/CERTPAY_QUICKSTI/Payment_Information_Page/ADDRESS' is visible

2020-09-08 14:09:32 - [MESSAGE][PASSED] - Object 'Object Repository/CERTPAY_QUICKSTI/Payment_Information_Page/ADDRESS' is present

2020-09-08 14:09:33 - [MESSAGE][PASSED] - Text '14-2' is set on object 'Object Repository/CERTPAY_QUICKSTI/Payment_Information_Page/ADDRESS'

2020-09-08 14:09:33 - [MESSAGE][PASSED] - Quicksti.ts:Entered'14-2 into Address

2020-09-08 14:09:33 - [TEST_STEP][PASSED] - utilities.SafeActions.safeType(findTestObject("CERTPAY_QUICKSTI/Payment_Information_Page/ZIP_CODE"), zipCode, "zipcode", [pageLoadTime]): Quicksti.ts:Entered'76102 into zipcode

2020-09-08 14:09:34 - [MESSAGE][PASSED] - Object 'Object Repository/CERTPAY_QUICKSTI/Payment_Information_Page/ZIP_CODE' is present

2020-09-08 14:09:34 - [MESSAGE][PASSED] - Object 'Object Repository/CERTPAY_QUICKSTI/Payment_Information_Page/ZIP_CODE' is visible

2020-09-08 14:09:34 - [MESSAGE][PASSED] - Object 'Object Repository/CERTPAY_QUICKSTI/Payment_Information_Page/ZIP_CODE' is present

2020-09-08 14:09:36 - [MESSAGE][PASSED] - Text '76102' is set on object 'Object Repository/CERTPAY_QUICKSTI/Payment_Information_Page/ZIP_CODE'

2020-09-08 14:09:36 - [MESSAGE][PASSED] - Quicksti.ts:Entered'76102 into zipcode

2020-09-08 14:09:36 - [TEST_STEP][PASSED] - utilities.SafeActions.safeType(findTestObject("CERTPAY_QUICKSTI/Payment_Information_Page/TELEPHONE"), telephone, "Telephone", [pageLoadTime]): Quicksti.ts:Entered'9988776655 into Telephone

2020-09-08 14:09:36 - [MESSAGE][PASSED] - Object 'Object Repository/CERTPAY_QUICKSTI/Payment_Information_Page/TELEPHONE' is present

2020-09-08 14:09:36 - [MESSAGE][PASSED] - Object 'Object Repository/CERTPAY_QUICKSTI/Payment_Information_Page/TELEPHONE' is visible

2020-09-08 14:09:37 - [MESSAGE][PASSED] - Object 'Object Repository/CERTPAY_QUICKSTI/Payment_Information_Page/TELEPHONE' is present

2020-09-08 14:09:38 - [MESSAGE][PASSED] - Text '9988776655' is set on object 'Object Repository/CERTPAY_QUICKSTI/Payment_Information_Page/TELEPHONE'

2020-09-08 14:09:38 - [MESSAGE][PASSED] - Quicksti.ts:Entered'9988776655 into Telephone

2020-09-08 14:09:38 - [TEST_STEP][PASSED] - utilities.SafeActions.safeType(findTestObject("CERTPAY_QUICKSTI/Payment_Information_Page/EMAIL_ADDRESS"), emailAddress, "EMAIL address", [pageLoadTime]): Quicksti.ts:Entered'testing@zenq.com into EMAIL address

2020-09-08 14:09:38 - [MESSAGE][PASSED] - Object 'Object Repository/CERTPAY_QUICKSTI/Payment_Information_Page/EMAIL_ADDRESS' is present

2020-09-08 14:09:39 - [MESSAGE][PASSED] - Object 'Object Repository/CERTPAY_QUICKSTI/Payment_Information_Page/EMAIL_ADDRESS' is visible

2020-09-08 14:09:39 - [MESSAGE][PASSED] - Object 'Object Repository/CERTPAY_QUICKSTI/Payment_Information_Page/EMAIL_ADDRESS' is present

2020-09-08 14:09:40 - [MESSAGE][PASSED] - Text 'testing@zenq.com' is set on object 'Object Repository/CERTPAY_QUICKSTI/Payment_Information_Page/EMAIL_ADDRESS'

2020-09-08 14:09:40 - [MESSAGE][PASSED] - Quicksti.ts:Entered'testing@zenq.com into EMAIL address

2020-09-08 14:09:40 - [TEST_STEP][PASSED] - utilities.SafeActions.safeClick(findTestObject("CERTPAY_QUICKSTI/Payment_Information_Page/NEXT_BUTTON"), "Next", [pageLoadTime]): Quicksti.ts:Clicked on the Next

2020-09-08 14:09:40 - [MESSAGE][INFO] - safeClicking

2020-09-08 14:09:40 - [MESSAGE][PASSED] - Object 'Object Repository/CERTPAY_QUICKSTI/Payment_Information_Page/NEXT_BUTTON' is present

2020-09-08 14:09:41 - [MESSAGE][PASSED] - Object 'Object Repository/CERTPAY_QUICKSTI/Payment_Information_Page/NEXT_BUTTON' is clickable

2020-09-08 14:09:45 - [MESSAGE][PASSED] - Object: 'Object Repository/CERTPAY_QUICKSTI/Payment_Information_Page/NEXT_BUTTON' is clicked on

2020-09-08 14:09:45 - [MESSAGE][PASSED] - Quicksti.ts:Clicked on the Next

2020-09-08 14:09:45 - [TEST_STEP][PASSED] - pages.Quicksti.verifyUserPaymentDetails(paymentAmount, firstName, lastName, CardNumber): pages.Quicksti.verifyUserPaymentDetails is PASSED

2020-09-08 14:09:46 - [MESSAGE][PASSED] - Text of object 'Object Repository/CERTPAY_QUICKSTI/Payment_Details_Verification_Page/AMOUNT' is: '$20.00'

2020-09-08 14:09:46 - [MESSAGE][PASSED] - Actual text '20.00' and expected text '20.00' are matched  using regular expression

2020-09-08 14:09:46 - [MESSAGE][PASSED] - Text of object 'Object Repository/CERTPAY_QUICKSTI/Payment_Details_Verification_Page/NAME' is: 'Tester Zenq1'

2020-09-08 14:09:46 - [MESSAGE][PASSED] - Actual text 'Tester Zenq1' and expected text 'Tester Zenq1' are matched  using regular expression

2020-09-08 14:09:46 - [MESSAGE][PASSED] - Text of object 'Object Repository/CERTPAY_QUICKSTI/Payment_Details_Verification_Page/CARD_NUMBER' is: '...0135'

2020-09-08 14:09:46 - [MESSAGE][PASSED] - Actual text '0135' and expected text '0135' are matched  using regular expression

2020-09-08 14:09:46 - [MESSAGE][PASSED] - pages.Quicksti.verifyUserPaymentDetails is PASSED

2020-09-08 14:09:46 - [TEST_STEP][PASSED] - delay(2): Delayed 2 second(s)

2020-09-08 14:09:48 - [MESSAGE][PASSED] - Delayed 2 second(s)

2020-09-08 14:09:48 - [TEST_STEP][PASSED] - scrollToElement(findTestObject("CERTPAY_QUICKSTI/Payment_Details_Verification_Page/PROCESS"), 0): Scroll to object 'Object Repository/CERTPAY_QUICKSTI/Payment_Details_Verification_Page/PROCESS' successfully

2020-09-08 14:09:49 - [MESSAGE][WARNING] - Timeout '0' is invalid. Using default page load timeout: '30'

2020-09-08 14:09:49 - [MESSAGE][PASSED] - Scroll to object 'Object Repository/CERTPAY_QUICKSTI/Payment_Details_Verification_Page/PROCESS' successfully

2020-09-08 14:09:49 - [TEST_STEP][PASSED] - utilities.SafeActions.safeClick(findTestObject("CERTPAY_QUICKSTI/Payment_Details_Verification_Page/PROCESS"), "Process", [pageLoadTime]): Quicksti.ts:Clicked on the Process

2020-09-08 14:09:49 - [MESSAGE][INFO] - safeClicking

2020-09-08 14:09:49 - [MESSAGE][PASSED] - Object 'Object Repository/CERTPAY_QUICKSTI/Payment_Details_Verification_Page/PROCESS' is present

2020-09-08 14:09:50 - [MESSAGE][PASSED] - Object 'Object Repository/CERTPAY_QUICKSTI/Payment_Details_Verification_Page/PROCESS' is clickable

2020-09-08 14:09:56 - [MESSAGE][PASSED] - Object: 'Object Repository/CERTPAY_QUICKSTI/Payment_Details_Verification_Page/PROCESS' is clicked on

2020-09-08 14:09:56 - [MESSAGE][PASSED] - Quicksti.ts:Clicked on the Process

2020-09-08 14:09:56 - [TEST_STEP][PASSED] - paymentId = pages.Quicksti.verifyPaymentApproval(findTestObject("CERTPAY_QUICKSTI/Payment_Details_Verification_Page/APPROVED")): Payment is approved

2020-09-08 14:09:57 - [MESSAGE][PASSED] - Text of object 'Object Repository/CERTPAY_QUICKSTI/Payment_Details_Verification_Page/PAYMENT_ID' is: '100176112087'

2020-09-08 14:09:57 - [MESSAGE][PASSED] - Object 'Object Repository/CERTPAY_QUICKSTI/Payment_Details_Verification_Page/APPROVED' is present

2020-09-08 14:09:57 - [MESSAGE][PASSED] - Payment is approved

2020-09-08 14:09:59 - [TEST_STEP][PASSED] - navigateToUrl(Admin_url): Navigate to 'https://qa-certpayadmin.faps.net' successfully

2020-09-08 14:10:10 - [MESSAGE][PASSED] - Navigate to 'https://qa-certpayadmin.faps.net' successfully

2020-09-08 14:10:10 - [TEST_STEP][PASSED] - pages.Bureau_Login_Page.loginToAdminSite(AdminUsername, AdminPassword): Quicksti.ts:Clicked on the LOGIN

2020-09-08 14:10:11 - [MESSAGE][PASSED] - Object 'Object Repository/CERTPAY_ADMIN/USER_NAME' is present

2020-09-08 14:10:11 - [MESSAGE][PASSED] - Object 'Object Repository/CERTPAY_ADMIN/USER_NAME' is visible

2020-09-08 14:10:11 - [MESSAGE][PASSED] - Object 'Object Repository/CERTPAY_ADMIN/USER_NAME' is present

2020-09-08 14:10:13 - [MESSAGE][PASSED] - Text 'VVangiliappan' is set on object 'Object Repository/CERTPAY_ADMIN/USER_NAME'

2020-09-08 14:10:13 - [MESSAGE][PASSED] - Quicksti.ts:Entered'VVangiliappan into username

2020-09-08 14:10:13 - [MESSAGE][PASSED] - Object 'Object Repository/CERTPAY_ADMIN/PASSWORD' is present

2020-09-08 14:10:13 - [MESSAGE][PASSED] - Object 'Object Repository/CERTPAY_ADMIN/PASSWORD' is visible

2020-09-08 14:10:14 - [MESSAGE][PASSED] - Object 'Object Repository/CERTPAY_ADMIN/PASSWORD' is present

2020-09-08 14:10:15 - [MESSAGE][PASSED] - Text 'Knila@12345' is set on object 'Object Repository/CERTPAY_ADMIN/PASSWORD'

2020-09-08 14:10:15 - [MESSAGE][PASSED] - Quicksti.ts:Entered'Knila@12345 into password

2020-09-08 14:10:15 - [MESSAGE][INFO] - safeClicking

2020-09-08 14:10:15 - [MESSAGE][PASSED] - Object 'Object Repository/CERTPAY_ADMIN/LOGIN_BUTTON' is present

2020-09-08 14:10:16 - [MESSAGE][PASSED] - Object 'Object Repository/CERTPAY_ADMIN/LOGIN_BUTTON' is clickable

2020-09-08 14:10:39 - [MESSAGE][PASSED] - Object: 'Object Repository/CERTPAY_ADMIN/LOGIN_BUTTON' is clicked on

2020-09-08 14:10:39 - [MESSAGE][PASSED] - Quicksti.ts:Clicked on the LOGIN

2020-09-08 14:10:39 - [TEST_STEP][PASSED] - utilities.SafeActions.safeClick(findTestObject("CERTPAY_ADMIN/TRANSACTION_SEARCH"), "TransactionSearch", [pageLoadTime]): Quicksti.ts:Clicked on the TransactionSearch

2020-09-08 14:10:39 - [MESSAGE][INFO] - safeClicking

2020-09-08 14:10:39 - [MESSAGE][PASSED] - Object 'Object Repository/CERTPAY_ADMIN/TRANSACTION_SEARCH' is present

2020-09-08 14:10:39 - [MESSAGE][PASSED] - Object 'Object Repository/CERTPAY_ADMIN/TRANSACTION_SEARCH' is clickable

2020-09-08 14:10:52 - [MESSAGE][PASSED] - Object: 'Object Repository/CERTPAY_ADMIN/TRANSACTION_SEARCH' is clicked on

2020-09-08 14:10:52 - [MESSAGE][PASSED] - Quicksti.ts:Clicked on the TransactionSearch

2020-09-08 14:10:52 - [TEST_STEP][PASSED] - utilities.SafeActions.safeType(findTestObject("CERTPAY_ADMIN/PAYMENT_ID"), paymentId, "Payment id", [pageLoadTime]): Quicksti.ts:Entered'100176112087 into Payment id

2020-09-08 14:10:52 - [MESSAGE][PASSED] - Object 'Object Repository/CERTPAY_ADMIN/PAYMENT_ID' is present

2020-09-08 14:10:53 - [MESSAGE][PASSED] - Object 'Object Repository/CERTPAY_ADMIN/PAYMENT_ID' is visible

2020-09-08 14:10:53 - [MESSAGE][PASSED] - Object 'Object Repository/CERTPAY_ADMIN/PAYMENT_ID' is present

2020-09-08 14:10:54 - [MESSAGE][PASSED] - Text '100176112087' is set on object 'Object Repository/CERTPAY_ADMIN/PAYMENT_ID'

2020-09-08 14:10:54 - [MESSAGE][PASSED] - Quicksti.ts:Entered'100176112087 into Payment id

2020-09-08 14:10:54 - [TEST_STEP][PASSED] - utilities.SafeActions.safeClick(findTestObject("CERTPAY_ADMIN/GO_BUTTON"), "Go button", [pageLoadTime]): Quicksti.ts:Clicked on the Go button

2020-09-08 14:10:55 - [MESSAGE][INFO] - safeClicking

2020-09-08 14:10:55 - [MESSAGE][PASSED] - Object 'Object Repository/CERTPAY_ADMIN/GO_BUTTON' is present

2020-09-08 14:10:55 - [MESSAGE][PASSED] - Object 'Object Repository/CERTPAY_ADMIN/GO_BUTTON' is clickable

2020-09-08 14:10:59 - [MESSAGE][PASSED] - Object: 'Object Repository/CERTPAY_ADMIN/GO_BUTTON' is clicked on

2020-09-08 14:10:59 - [MESSAGE][PASSED] - Quicksti.ts:Clicked on the Go button

2020-09-08 14:10:59 - [TEST_STEP][PASSED] - delay(5): Delayed 5 second(s)

2020-09-08 14:11:05 - [MESSAGE][PASSED] - Delayed 5 second(s)

2020-09-08 14:11:05 - [TEST_STEP][PASSED] - scrollToPosition(800, 900): Browser is scrolled to position x = 800, y = 900

2020-09-08 14:11:05 - [MESSAGE][PASSED] - Browser is scrolled to position x = 800, y = 900

2020-09-08 14:11:05 - [TEST_STEP][PASSED] - paymentIdList.add(paymentId): null

2020-09-08 14:11:05 - [TEST_STEP][PASSED] - println(paymentIdList): null

2020-09-08 14:11:05 - [TEST_STEP][PASSED] - firstName = data.getValue("FirstName", index): null

2020-09-08 14:11:05 - [TEST_STEP][PASSED] - lastName = data.getValue("LastName", index): null

2020-09-08 14:11:05 - [TEST_STEP][PASSED] - expMonth = data.getValue("ExpMonth", index): null

2020-09-08 14:11:05 - [TEST_STEP][PASSED] - expYear = data.getValue("ExpYear", index): null

2020-09-08 14:11:05 - [TEST_STEP][PASSED] - securityCode = data.getValue("SecurityCode", index): null

2020-09-08 14:11:05 - [TEST_STEP][PASSED] - paymentAmount = data.getValue("PaymentAmount", index): null

2020-09-08 14:11:05 - [TEST_STEP][PASSED] - paymentType = data.getValue("PaymentType", index): null

2020-09-08 14:11:05 - [TEST_STEP][PASSED] - quantity = data.getValue("Quantity", index): null

2020-09-08 14:11:05 - [TEST_STEP][PASSED] - comments = data.getValue("Comments", index): null

2020-09-08 14:11:05 - [TEST_STEP][PASSED] - referenceNum = data.getValue("ReferenceNum", index): null

2020-09-08 14:11:05 - [TEST_STEP][PASSED] - address = data.getValue("Address", index): null

2020-09-08 14:11:05 - [TEST_STEP][PASSED] - zipCode = data.getValue("Zipcode", index): null

2020-09-08 14:11:05 - [TEST_STEP][PASSED] - telephone = data.getValue("Telephone", index): null

2020-09-08 14:11:05 - [TEST_STEP][PASSED] - emailAddress = data.getValue("EmailAddress", index): null

2020-09-08 14:11:05 - [TEST_STEP][PASSED] - cardNum = data.getValue("CardNumber", index): null

2020-09-08 14:11:05 - [TEST_STEP][PASSED] - cardType = data.getValue("CardType", index): null

2020-09-08 14:11:05 - [TEST_STEP][PASSED] - utilities.SafeActions.openBrowser(Quicksti_Url, [pageLoadTime]): Browser launched successfully

2020-09-08 14:11:05 - [MESSAGE][INFO] - Opening Browser

2020-09-08 14:11:05 - [MESSAGE][WARNING] - A browser is already opened. Closing browser and opening a new one

2020-09-08 14:11:05 - [MESSAGE][INFO] - Starting 'Chrome' driver

2020-09-08 14:11:18 - [MESSAGE][PASSED] - Browser is opened with url: 'https://qa-certpayquicksti.faps.net/'

2020-09-08 14:11:20 - [MESSAGE][PASSED] - Current window maximized

2020-09-08 14:11:20 - [MESSAGE][PASSED] - Browser launched successfully

2020-09-08 14:11:20 - [TEST_STEP][PASSED] - utilities.SafeActions.safeCheck(findTestObject("CERTPAY_QUICKSTI/Login_ Page/MULTI_BUREAU_CHECKBOX"), "Multi Bureau", [pageLoadTime]): Quicksti.ts:Checkbox 'Multi Bureau'is selected

2020-09-08 14:11:20 - [MESSAGE][PASSED] - Object 'Object Repository/CERTPAY_QUICKSTI/Login_ Page/MULTI_BUREAU_CHECKBOX' is present

2020-09-08 14:11:21 - [MESSAGE][PASSED] - Object 'Object Repository/CERTPAY_QUICKSTI/Login_ Page/MULTI_BUREAU_CHECKBOX' is present

2020-09-08 14:11:22 - [MESSAGE][PASSED] - Object: 'Object Repository/CERTPAY_QUICKSTI/Login_ Page/MULTI_BUREAU_CHECKBOX' is clicked on

2020-09-08 14:11:22 - [MESSAGE][PASSED] - Quicksti.ts:Checkbox 'Multi Bureau'is selected

2020-09-08 14:11:22 - [TEST_STEP][PASSED] - utilities.SafeActions.safeType(findTestObject("CERTPAY_QUICKSTI/Login_ Page/TELLER_ID"), teller_id, "Bureau code", [pageLoadTime]): Quicksti.ts:Entered'zenq into Bureau code

2020-09-08 14:11:26 - [MESSAGE][PASSED] - Object 'Object Repository/CERTPAY_QUICKSTI/Login_ Page/TELLER_ID' is present

2020-09-08 14:11:26 - [MESSAGE][PASSED] - Object 'Object Repository/CERTPAY_QUICKSTI/Login_ Page/TELLER_ID' is visible

2020-09-08 14:11:26 - [MESSAGE][PASSED] - Object 'Object Repository/CERTPAY_QUICKSTI/Login_ Page/TELLER_ID' is present

2020-09-08 14:11:28 - [MESSAGE][PASSED] - Text 'zenq' is set on object 'Object Repository/CERTPAY_QUICKSTI/Login_ Page/TELLER_ID'

2020-09-08 14:11:28 - [MESSAGE][PASSED] - Quicksti.ts:Entered'zenq into Bureau code

2020-09-08 14:11:28 - [TEST_STEP][PASSED] - utilities.SafeActions.safeClick(findTestObject("CERTPAY_QUICKSTI/Login_ Page/NEXT_BUTTON"), "Next button", [pageLoadTime]): Quicksti.ts:Clicked on the Next button

2020-09-08 14:11:28 - [MESSAGE][INFO] - safeClicking

2020-09-08 14:11:28 - [MESSAGE][PASSED] - Object 'Object Repository/CERTPAY_QUICKSTI/Login_ Page/NEXT_BUTTON' is present

2020-09-08 14:11:28 - [MESSAGE][PASSED] - Object 'Object Repository/CERTPAY_QUICKSTI/Login_ Page/NEXT_BUTTON' is clickable

2020-09-08 14:11:33 - [MESSAGE][PASSED] - Object: 'Object Repository/CERTPAY_QUICKSTI/Login_ Page/NEXT_BUTTON' is clicked on

2020-09-08 14:11:33 - [MESSAGE][PASSED] - Quicksti.ts:Clicked on the Next button

2020-09-08 14:11:33 - [TEST_STEP][PASSED] - pages.Quicksti.setCommnets("0", "0", comments): Quicksti.ts:Entered'Testing into Comments

2020-09-08 14:11:33 - [MESSAGE][PASSED] - Object '' is present

2020-09-08 14:11:34 - [MESSAGE][PASSED] - Object '' is visible

2020-09-08 14:11:34 - [MESSAGE][PASSED] - Object '' is present

2020-09-08 14:11:35 - [MESSAGE][PASSED] - Text 'Testing' is set on object ''

2020-09-08 14:11:35 - [MESSAGE][PASSED] - Quicksti.ts:Entered'Testing into Comments

2020-09-08 14:11:35 - [TEST_STEP][PASSED] - utilities.SafeActions.safeType(findTestObject("CERTPAY_QUICKSTI/Payment_Information_Page/PAYMENT_AMOUNT"), paymentAmount, "Payment Amount", [pageLoadTime]): Quicksti.ts:Entered'25.00 into Payment Amount

2020-09-08 14:11:36 - [MESSAGE][PASSED] - Object 'Object Repository/CERTPAY_QUICKSTI/Payment_Information_Page/PAYMENT_AMOUNT' is present

2020-09-08 14:11:36 - [MESSAGE][PASSED] - Object 'Object Repository/CERTPAY_QUICKSTI/Payment_Information_Page/PAYMENT_AMOUNT' is visible

2020-09-08 14:11:36 - [MESSAGE][PASSED] - Object 'Object Repository/CERTPAY_QUICKSTI/Payment_Information_Page/PAYMENT_AMOUNT' is present

2020-09-08 14:11:38 - [MESSAGE][PASSED] - Text '25.00' is set on object 'Object Repository/CERTPAY_QUICKSTI/Payment_Information_Page/PAYMENT_AMOUNT'

2020-09-08 14:11:38 - [MESSAGE][PASSED] - Quicksti.ts:Entered'25.00 into Payment Amount

2020-09-08 14:11:38 - [TEST_STEP][PASSED] - pages.Quicksti.setAmountDetailsForMultiBureau("0", paymentType, "0", referenceNum, quantity): Quicksti.ts:Entered'2 into Quntity

2020-09-08 14:11:38 - [MESSAGE][PASSED] - Object '' is visible

2020-09-08 14:11:38 - [MESSAGE][PASSED] - Object '' is present

2020-09-08 14:11:40 - [MESSAGE][PASSED] - Object: '' is clicked on

2020-09-08 14:11:41 - [MESSAGE][PASSED] - All options with label 'Gifts' are selected in object ''  using regular expression

2020-09-08 14:11:41 - [MESSAGE][PASSED] - selected dropdown option by visible text  Giftsfrom Payment Type

2020-09-08 14:11:42 - [MESSAGE][PASSED] - Object '' is present

2020-09-08 14:11:42 - [MESSAGE][PASSED] - Object '' is visible

2020-09-08 14:11:42 - [MESSAGE][PASSED] - Object '' is present

2020-09-08 14:11:44 - [MESSAGE][PASSED] - Text '12' is set on object ''

2020-09-08 14:11:44 - [MESSAGE][PASSED] - Quicksti.ts:Entered'12 into RefrenceNumber

2020-09-08 14:11:44 - [MESSAGE][PASSED] - Object '' is present

2020-09-08 14:11:44 - [MESSAGE][PASSED] - Object '' is visible

2020-09-08 14:11:45 - [MESSAGE][PASSED] - Object '' is present

2020-09-08 14:11:46 - [MESSAGE][PASSED] - Text '2' is set on object ''

2020-09-08 14:11:46 - [MESSAGE][PASSED] - Quicksti.ts:Entered'2 into Quntity

2020-09-08 14:11:46 - [TEST_STEP][PASSED] - utilities.SafeActions.safeClick(findTestObject("CERTPAY_QUICKSTI/Payment_Information_Page/MANUAL_ENTRY_BUTTON"), "ManualEntry", [pageLoadTime]): Quicksti.ts:Clicked on the ManualEntry

2020-09-08 14:11:46 - [MESSAGE][INFO] - safeClicking

2020-09-08 14:11:46 - [MESSAGE][PASSED] - Object 'Object Repository/CERTPAY_QUICKSTI/Payment_Information_Page/MANUAL_ENTRY_BUTTON' is present

2020-09-08 14:11:47 - [MESSAGE][PASSED] - Object 'Object Repository/CERTPAY_QUICKSTI/Payment_Information_Page/MANUAL_ENTRY_BUTTON' is clickable

2020-09-08 14:11:51 - [MESSAGE][PASSED] - Object: 'Object Repository/CERTPAY_QUICKSTI/Payment_Information_Page/MANUAL_ENTRY_BUTTON' is clicked on

2020-09-08 14:11:51 - [MESSAGE][PASSED] - Quicksti.ts:Clicked on the ManualEntry

2020-09-08 14:11:51 - [TEST_STEP][PASSED] - amount_Value = pages.Quicksti.getAttributeValue(findTestObject("CERTPAY_QUICKSTI/Payment_Information_Page/SUB_TOTAL")): pages.Quicksti.getAttributeValue is PASSED

2020-09-08 14:11:52 - [MESSAGE][PASSED] - Attribute 'value' of object 'Object Repository/CERTPAY_QUICKSTI/Payment_Information_Page/SUB_TOTAL' is: '50.00'

2020-09-08 14:11:52 - [MESSAGE][PASSED] - pages.Quicksti.getAttributeValue is PASSED

2020-09-08 14:11:52 - [TEST_STEP][PASSED] - CardNumber = pages.Quicksti.setUserPaymentDetails(firstName, lastName, cardNum): Quicksti.ts:Entered'5154623208647646 into CardNum

2020-09-08 14:11:52 - [MESSAGE][PASSED] - Object 'Object Repository/CERTPAY_QUICKSTI/Payment_Information_Page/FIRST_NAME' is present

2020-09-08 14:11:52 - [MESSAGE][PASSED] - Object 'Object Repository/CERTPAY_QUICKSTI/Payment_Information_Page/FIRST_NAME' is visible

2020-09-08 14:11:53 - [MESSAGE][PASSED] - Object 'Object Repository/CERTPAY_QUICKSTI/Payment_Information_Page/FIRST_NAME' is present

2020-09-08 14:11:54 - [MESSAGE][PASSED] - Text 'Tester' is set on object 'Object Repository/CERTPAY_QUICKSTI/Payment_Information_Page/FIRST_NAME'

2020-09-08 14:11:54 - [MESSAGE][PASSED] - Quicksti.ts:Entered'Tester into FirstName

2020-09-08 14:11:54 - [MESSAGE][PASSED] - Object 'Object Repository/CERTPAY_QUICKSTI/Payment_Information_Page/LAST_NAME' is present

2020-09-08 14:11:55 - [MESSAGE][PASSED] - Object 'Object Repository/CERTPAY_QUICKSTI/Payment_Information_Page/LAST_NAME' is visible

2020-09-08 14:11:55 - [MESSAGE][PASSED] - Object 'Object Repository/CERTPAY_QUICKSTI/Payment_Information_Page/LAST_NAME' is present

2020-09-08 14:11:56 - [MESSAGE][PASSED] - Text 'Zenq1' is set on object 'Object Repository/CERTPAY_QUICKSTI/Payment_Information_Page/LAST_NAME'

2020-09-08 14:11:56 - [MESSAGE][PASSED] - Quicksti.ts:Entered'Zenq1 into LAstName

2020-09-08 14:11:56 - [MESSAGE][PASSED] - Object 'Object Repository/CERTPAY_QUICKSTI/Payment_Information_Page/CARD_NUMBER' is present

2020-09-08 14:11:57 - [MESSAGE][PASSED] - Object 'Object Repository/CERTPAY_QUICKSTI/Payment_Information_Page/CARD_NUMBER' is visible

2020-09-08 14:11:57 - [MESSAGE][PASSED] - Object 'Object Repository/CERTPAY_QUICKSTI/Payment_Information_Page/CARD_NUMBER' is present

2020-09-08 14:11:58 - [MESSAGE][PASSED] - Text '5154623208647646' is set on object 'Object Repository/CERTPAY_QUICKSTI/Payment_Information_Page/CARD_NUMBER'

2020-09-08 14:11:58 - [MESSAGE][PASSED] - Quicksti.ts:Entered'5154623208647646 into CardNum

2020-09-08 14:11:58 - [TEST_STEP][PASSED] - pages.Quicksti.setExpDate(expMonth, expYear, securityCode): Quicksti.ts:Entered'207 into securityCode

2020-09-08 14:11:59 - [MESSAGE][PASSED] - Object 'Object Repository/CERTPAY_QUICKSTI/Payment_Information_Page/EXP_MONTH' is visible

2020-09-08 14:11:59 - [MESSAGE][PASSED] - Object 'Object Repository/CERTPAY_QUICKSTI/Payment_Information_Page/EXP_MONTH' is present

2020-09-08 14:12:00 - [MESSAGE][PASSED] - Object: 'Object Repository/CERTPAY_QUICKSTI/Payment_Information_Page/EXP_MONTH' is clicked on

2020-09-08 14:12:02 - [MESSAGE][PASSED] - All options with label '04' are selected in object 'Object Repository/CERTPAY_QUICKSTI/Payment_Information_Page/EXP_MONTH'  using regular expression

2020-09-08 14:12:02 - [MESSAGE][PASSED] - selected dropdown option by visible text  04from expMonth

2020-09-08 14:12:02 - [MESSAGE][PASSED] - Object 'Object Repository/CERTPAY_QUICKSTI/Payment_Information_Page/EXP_YEAR' is visible

2020-09-08 14:12:02 - [MESSAGE][PASSED] - Object 'Object Repository/CERTPAY_QUICKSTI/Payment_Information_Page/EXP_YEAR' is present

2020-09-08 14:12:03 - [MESSAGE][PASSED] - Object: 'Object Repository/CERTPAY_QUICKSTI/Payment_Information_Page/EXP_YEAR' is clicked on

2020-09-08 14:12:05 - [MESSAGE][PASSED] - All options with label '2023' are selected in object 'Object Repository/CERTPAY_QUICKSTI/Payment_Information_Page/EXP_YEAR'  using regular expression

2020-09-08 14:12:05 - [MESSAGE][PASSED] - selected dropdown option by visible text  2023from  expYear

2020-09-08 14:12:05 - [MESSAGE][PASSED] - Object 'Object Repository/CERTPAY_QUICKSTI/Payment_Information_Page/SECURITY_CODE' is present

2020-09-08 14:12:06 - [MESSAGE][PASSED] - Object 'Object Repository/CERTPAY_QUICKSTI/Payment_Information_Page/SECURITY_CODE' is visible

2020-09-08 14:12:06 - [MESSAGE][PASSED] - Object 'Object Repository/CERTPAY_QUICKSTI/Payment_Information_Page/SECURITY_CODE' is present

2020-09-08 14:12:07 - [MESSAGE][PASSED] - Text '207' is set on object 'Object Repository/CERTPAY_QUICKSTI/Payment_Information_Page/SECURITY_CODE'

2020-09-08 14:12:07 - [MESSAGE][PASSED] - Quicksti.ts:Entered'207 into securityCode

2020-09-08 14:12:07 - [TEST_STEP][PASSED] - utilities.SafeActions.safeType(findTestObject("CERTPAY_QUICKSTI/Payment_Information_Page/ADDRESS"), address, "Address", [pageLoadTime]): Quicksti.ts:Entered'14-2 into Address

2020-09-08 14:12:08 - [MESSAGE][PASSED] - Object 'Object Repository/CERTPAY_QUICKSTI/Payment_Information_Page/ADDRESS' is present

2020-09-08 14:12:08 - [MESSAGE][PASSED] - Object 'Object Repository/CERTPAY_QUICKSTI/Payment_Information_Page/ADDRESS' is visible

2020-09-08 14:12:08 - [MESSAGE][PASSED] - Object 'Object Repository/CERTPAY_QUICKSTI/Payment_Information_Page/ADDRESS' is present

2020-09-08 14:12:09 - [MESSAGE][PASSED] - Text '14-2' is set on object 'Object Repository/CERTPAY_QUICKSTI/Payment_Information_Page/ADDRESS'

2020-09-08 14:12:09 - [MESSAGE][PASSED] - Quicksti.ts:Entered'14-2 into Address

2020-09-08 14:12:09 - [TEST_STEP][PASSED] - utilities.SafeActions.safeType(findTestObject("CERTPAY_QUICKSTI/Payment_Information_Page/ZIP_CODE"), zipCode, "zipcode", [pageLoadTime]): Quicksti.ts:Entered'76102 into zipcode

2020-09-08 14:12:10 - [MESSAGE][PASSED] - Object 'Object Repository/CERTPAY_QUICKSTI/Payment_Information_Page/ZIP_CODE' is present

2020-09-08 14:12:10 - [MESSAGE][PASSED] - Object 'Object Repository/CERTPAY_QUICKSTI/Payment_Information_Page/ZIP_CODE' is visible

2020-09-08 14:12:10 - [MESSAGE][PASSED] - Object 'Object Repository/CERTPAY_QUICKSTI/Payment_Information_Page/ZIP_CODE' is present

2020-09-08 14:12:12 - [MESSAGE][PASSED] - Text '76102' is set on object 'Object Repository/CERTPAY_QUICKSTI/Payment_Information_Page/ZIP_CODE'

2020-09-08 14:12:12 - [MESSAGE][PASSED] - Quicksti.ts:Entered'76102 into zipcode

2020-09-08 14:12:12 - [TEST_STEP][PASSED] - utilities.SafeActions.safeType(findTestObject("CERTPAY_QUICKSTI/Payment_Information_Page/TELEPHONE"), telephone, "Telephone", [pageLoadTime]): Quicksti.ts:Entered'9989897654 into Telephone

2020-09-08 14:12:12 - [MESSAGE][PASSED] - Object 'Object Repository/CERTPAY_QUICKSTI/Payment_Information_Page/TELEPHONE' is present

2020-09-08 14:12:12 - [MESSAGE][PASSED] - Object 'Object Repository/CERTPAY_QUICKSTI/Payment_Information_Page/TELEPHONE' is visible

2020-09-08 14:12:13 - [MESSAGE][PASSED] - Object 'Object Repository/CERTPAY_QUICKSTI/Payment_Information_Page/TELEPHONE' is present

2020-09-08 14:12:14 - [MESSAGE][PASSED] - Text '9989897654' is set on object 'Object Repository/CERTPAY_QUICKSTI/Payment_Information_Page/TELEPHONE'

2020-09-08 14:12:14 - [MESSAGE][PASSED] - Quicksti.ts:Entered'9989897654 into Telephone

2020-09-08 14:12:14 - [TEST_STEP][PASSED] - utilities.SafeActions.safeType(findTestObject("CERTPAY_QUICKSTI/Payment_Information_Page/EMAIL_ADDRESS"), emailAddress, "EMAIL address", [pageLoadTime]): Quicksti.ts:Entered'testing@zenq.com into EMAIL address

2020-09-08 14:12:14 - [MESSAGE][PASSED] - Object 'Object Repository/CERTPAY_QUICKSTI/Payment_Information_Page/EMAIL_ADDRESS' is present

2020-09-08 14:12:15 - [MESSAGE][PASSED] - Object 'Object Repository/CERTPAY_QUICKSTI/Payment_Information_Page/EMAIL_ADDRESS' is visible

2020-09-08 14:12:15 - [MESSAGE][PASSED] - Object 'Object Repository/CERTPAY_QUICKSTI/Payment_Information_Page/EMAIL_ADDRESS' is present

2020-09-08 14:12:16 - [MESSAGE][PASSED] - Text 'testing@zenq.com' is set on object 'Object Repository/CERTPAY_QUICKSTI/Payment_Information_Page/EMAIL_ADDRESS'

2020-09-08 14:12:16 - [MESSAGE][PASSED] - Quicksti.ts:Entered'testing@zenq.com into EMAIL address

2020-09-08 14:12:16 - [TEST_STEP][PASSED] - utilities.SafeActions.safeClick(findTestObject("CERTPAY_QUICKSTI/Payment_Information_Page/NEXT_BUTTON"), "Next", [pageLoadTime]): Quicksti.ts:Clicked on the Next

2020-09-08 14:12:16 - [MESSAGE][INFO] - safeClicking

2020-09-08 14:12:17 - [MESSAGE][PASSED] - Object 'Object Repository/CERTPAY_QUICKSTI/Payment_Information_Page/NEXT_BUTTON' is present

2020-09-08 14:12:17 - [MESSAGE][PASSED] - Object 'Object Repository/CERTPAY_QUICKSTI/Payment_Information_Page/NEXT_BUTTON' is clickable

2020-09-08 14:12:21 - [MESSAGE][PASSED] - Object: 'Object Repository/CERTPAY_QUICKSTI/Payment_Information_Page/NEXT_BUTTON' is clicked on

2020-09-08 14:12:21 - [MESSAGE][PASSED] - Quicksti.ts:Clicked on the Next

2020-09-08 14:12:21 - [TEST_STEP][PASSED] - pages.Quicksti.verifyUserPaymentDetails(paymentAmount, firstName, lastName, CardNumber): pages.Quicksti.verifyUserPaymentDetails is PASSED

2020-09-08 14:12:23 - [MESSAGE][PASSED] - Text of object 'Object Repository/CERTPAY_QUICKSTI/Payment_Details_Verification_Page/AMOUNT' is: '$25.00'

2020-09-08 14:12:23 - [MESSAGE][PASSED] - Actual text '25.00' and expected text '25.00' are matched  using regular expression

2020-09-08 14:12:24 - [MESSAGE][PASSED] - Text of object 'Object Repository/CERTPAY_QUICKSTI/Payment_Details_Verification_Page/NAME' is: 'Tester Zenq1'

2020-09-08 14:12:24 - [MESSAGE][PASSED] - Actual text 'Tester Zenq1' and expected text 'Tester Zenq1' are matched  using regular expression

2020-09-08 14:12:24 - [MESSAGE][PASSED] - Text of object 'Object Repository/CERTPAY_QUICKSTI/Payment_Details_Verification_Page/CARD_NUMBER' is: '...7646'

2020-09-08 14:12:24 - [MESSAGE][PASSED] - Actual text '7646' and expected text '7646' are matched  using regular expression

2020-09-08 14:12:24 - [MESSAGE][PASSED] - pages.Quicksti.verifyUserPaymentDetails is PASSED

2020-09-08 14:12:24 - [TEST_STEP][PASSED] - delay(2): Delayed 2 second(s)

2020-09-08 14:12:26 - [MESSAGE][PASSED] - Delayed 2 second(s)

2020-09-08 14:12:26 - [TEST_STEP][PASSED] - scrollToElement(findTestObject("CERTPAY_QUICKSTI/Payment_Details_Verification_Page/PROCESS"), 0): Scroll to object 'Object Repository/CERTPAY_QUICKSTI/Payment_Details_Verification_Page/PROCESS' successfully

2020-09-08 14:12:26 - [MESSAGE][WARNING] - Timeout '0' is invalid. Using default page load timeout: '30'

2020-09-08 14:12:26 - [MESSAGE][PASSED] - Scroll to object 'Object Repository/CERTPAY_QUICKSTI/Payment_Details_Verification_Page/PROCESS' successfully

2020-09-08 14:12:26 - [TEST_STEP][PASSED] - utilities.SafeActions.safeClick(findTestObject("CERTPAY_QUICKSTI/Payment_Details_Verification_Page/PROCESS"), "Process", [pageLoadTime]): Quicksti.ts:Clicked on the Process

2020-09-08 14:12:27 - [MESSAGE][INFO] - safeClicking

2020-09-08 14:12:27 - [MESSAGE][PASSED] - Object 'Object Repository/CERTPAY_QUICKSTI/Payment_Details_Verification_Page/PROCESS' is present

2020-09-08 14:12:27 - [MESSAGE][PASSED] - Object 'Object Repository/CERTPAY_QUICKSTI/Payment_Details_Verification_Page/PROCESS' is clickable

2020-09-08 14:12:33 - [MESSAGE][PASSED] - Object: 'Object Repository/CERTPAY_QUICKSTI/Payment_Details_Verification_Page/PROCESS' is clicked on

2020-09-08 14:12:33 - [MESSAGE][PASSED] - Quicksti.ts:Clicked on the Process

2020-09-08 14:12:33 - [TEST_STEP][PASSED] - paymentId = pages.Quicksti.verifyPaymentApproval(findTestObject("CERTPAY_QUICKSTI/Payment_Details_Verification_Page/APPROVED")): Payment is approved

2020-09-08 14:12:33 - [MESSAGE][PASSED] - Text of object 'Object Repository/CERTPAY_QUICKSTI/Payment_Details_Verification_Page/PAYMENT_ID' is: '100176112091'

2020-09-08 14:12:34 - [MESSAGE][PASSED] - Object 'Object Repository/CERTPAY_QUICKSTI/Payment_Details_Verification_Page/APPROVED' is present

2020-09-08 14:12:34 - [MESSAGE][PASSED] - Payment is approved

2020-09-08 14:12:36 - [TEST_STEP][PASSED] - navigateToUrl(Admin_url): Navigate to 'https://qa-certpayadmin.faps.net' successfully

2020-09-08 14:12:40 - [MESSAGE][PASSED] - Navigate to 'https://qa-certpayadmin.faps.net' successfully

2020-09-08 14:12:40 - [TEST_STEP][PASSED] - pages.Bureau_Login_Page.loginToAdminSite(AdminUsername, AdminPassword): Quicksti.ts:Clicked on the LOGIN

2020-09-08 14:12:41 - [MESSAGE][PASSED] - Object 'Object Repository/CERTPAY_ADMIN/USER_NAME' is present

2020-09-08 14:12:41 - [MESSAGE][PASSED] - Object 'Object Repository/CERTPAY_ADMIN/USER_NAME' is visible

2020-09-08 14:12:41 - [MESSAGE][PASSED] - Object 'Object Repository/CERTPAY_ADMIN/USER_NAME' is present

2020-09-08 14:12:43 - [MESSAGE][PASSED] - Text 'VVangiliappan' is set on object 'Object Repository/CERTPAY_ADMIN/USER_NAME'

2020-09-08 14:12:43 - [MESSAGE][PASSED] - Quicksti.ts:Entered'VVangiliappan into username

2020-09-08 14:12:43 - [MESSAGE][PASSED] - Object 'Object Repository/CERTPAY_ADMIN/PASSWORD' is present

2020-09-08 14:12:43 - [MESSAGE][PASSED] - Object 'Object Repository/CERTPAY_ADMIN/PASSWORD' is visible

2020-09-08 14:12:44 - [MESSAGE][PASSED] - Object 'Object Repository/CERTPAY_ADMIN/PASSWORD' is present

2020-09-08 14:12:45 - [MESSAGE][PASSED] - Text 'Knila@12345' is set on object 'Object Repository/CERTPAY_ADMIN/PASSWORD'

2020-09-08 14:12:45 - [MESSAGE][PASSED] - Quicksti.ts:Entered'Knila@12345 into password

2020-09-08 14:12:45 - [MESSAGE][INFO] - safeClicking

2020-09-08 14:12:45 - [MESSAGE][PASSED] - Object 'Object Repository/CERTPAY_ADMIN/LOGIN_BUTTON' is present

2020-09-08 14:12:46 - [MESSAGE][PASSED] - Object 'Object Repository/CERTPAY_ADMIN/LOGIN_BUTTON' is clickable

2020-09-08 14:13:02 - [MESSAGE][PASSED] - Object: 'Object Repository/CERTPAY_ADMIN/LOGIN_BUTTON' is clicked on

2020-09-08 14:13:02 - [MESSAGE][PASSED] - Quicksti.ts:Clicked on the LOGIN

2020-09-08 14:13:02 - [TEST_STEP][PASSED] - utilities.SafeActions.safeClick(findTestObject("CERTPAY_ADMIN/TRANSACTION_SEARCH"), "TransactionSearch", [pageLoadTime]): Quicksti.ts:Clicked on the TransactionSearch

2020-09-08 14:13:02 - [MESSAGE][INFO] - safeClicking

2020-09-08 14:13:02 - [MESSAGE][PASSED] - Object 'Object Repository/CERTPAY_ADMIN/TRANSACTION_SEARCH' is present

2020-09-08 14:13:03 - [MESSAGE][PASSED] - Object 'Object Repository/CERTPAY_ADMIN/TRANSACTION_SEARCH' is clickable

2020-09-08 14:13:10 - [MESSAGE][PASSED] - Object: 'Object Repository/CERTPAY_ADMIN/TRANSACTION_SEARCH' is clicked on

2020-09-08 14:13:10 - [MESSAGE][PASSED] - Quicksti.ts:Clicked on the TransactionSearch

2020-09-08 14:13:10 - [TEST_STEP][PASSED] - utilities.SafeActions.safeType(findTestObject("CERTPAY_ADMIN/PAYMENT_ID"), paymentId, "Payment id", [pageLoadTime]): Quicksti.ts:Entered'100176112091 into Payment id

2020-09-08 14:13:10 - [MESSAGE][PASSED] - Object 'Object Repository/CERTPAY_ADMIN/PAYMENT_ID' is present

2020-09-08 14:13:11 - [MESSAGE][PASSED] - Object 'Object Repository/CERTPAY_ADMIN/PAYMENT_ID' is visible

2020-09-08 14:13:11 - [MESSAGE][PASSED] - Object 'Object Repository/CERTPAY_ADMIN/PAYMENT_ID' is present

2020-09-08 14:13:12 - [MESSAGE][PASSED] - Text '100176112091' is set on object 'Object Repository/CERTPAY_ADMIN/PAYMENT_ID'

2020-09-08 14:13:12 - [MESSAGE][PASSED] - Quicksti.ts:Entered'100176112091 into Payment id

2020-09-08 14:13:12 - [TEST_STEP][PASSED] - utilities.SafeActions.safeClick(findTestObject("CERTPAY_ADMIN/GO_BUTTON"), "Go button", [pageLoadTime]): Quicksti.ts:Clicked on the Go button

2020-09-08 14:13:12 - [MESSAGE][INFO] - safeClicking

2020-09-08 14:13:13 - [MESSAGE][PASSED] - Object 'Object Repository/CERTPAY_ADMIN/GO_BUTTON' is present

2020-09-08 14:13:13 - [MESSAGE][PASSED] - Object 'Object Repository/CERTPAY_ADMIN/GO_BUTTON' is clickable

2020-09-08 14:13:18 - [MESSAGE][PASSED] - Object: 'Object Repository/CERTPAY_ADMIN/GO_BUTTON' is clicked on

2020-09-08 14:13:18 - [MESSAGE][PASSED] - Quicksti.ts:Clicked on the Go button

2020-09-08 14:13:18 - [TEST_STEP][PASSED] - delay(5): Delayed 5 second(s)

2020-09-08 14:13:23 - [MESSAGE][PASSED] - Delayed 5 second(s)

2020-09-08 14:13:23 - [TEST_STEP][PASSED] - scrollToPosition(800, 900): Browser is scrolled to position x = 800, y = 900

2020-09-08 14:13:23 - [MESSAGE][PASSED] - Browser is scrolled to position x = 800, y = 900

2020-09-08 14:13:24 - [TEST_STEP][PASSED] - paymentIdList.add(paymentId): null

2020-09-08 14:13:24 - [TEST_STEP][PASSED] - println(paymentIdList): null

2020-09-08 14:13:24 - [TEST_STEP][PASSED] - firstName = data.getValue("FirstName", index): null

2020-09-08 14:13:24 - [TEST_STEP][PASSED] - lastName = data.getValue("LastName", index): null

2020-09-08 14:13:24 - [TEST_STEP][PASSED] - expMonth = data.getValue("ExpMonth", index): null

2020-09-08 14:13:24 - [TEST_STEP][PASSED] - expYear = data.getValue("ExpYear", index): null

2020-09-08 14:13:24 - [TEST_STEP][PASSED] - securityCode = data.getValue("SecurityCode", index): null

2020-09-08 14:13:24 - [TEST_STEP][PASSED] - paymentAmount = data.getValue("PaymentAmount", index): null

2020-09-08 14:13:24 - [TEST_STEP][PASSED] - paymentType = data.getValue("PaymentType", index): null

2020-09-08 14:13:24 - [TEST_STEP][PASSED] - quantity = data.getValue("Quantity", index): null

2020-09-08 14:13:24 - [TEST_STEP][PASSED] - comments = data.getValue("Comments", index): null

2020-09-08 14:13:24 - [TEST_STEP][PASSED] - referenceNum = data.getValue("ReferenceNum", index): null

2020-09-08 14:13:24 - [TEST_STEP][PASSED] - address = data.getValue("Address", index): null

2020-09-08 14:13:24 - [TEST_STEP][PASSED] - zipCode = data.getValue("Zipcode", index): null

2020-09-08 14:13:24 - [TEST_STEP][PASSED] - telephone = data.getValue("Telephone", index): null

2020-09-08 14:13:24 - [TEST_STEP][PASSED] - emailAddress = data.getValue("EmailAddress", index): null

2020-09-08 14:13:24 - [TEST_STEP][PASSED] - cardNum = data.getValue("CardNumber", index): null

2020-09-08 14:13:24 - [TEST_STEP][PASSED] - cardType = data.getValue("CardType", index): null

2020-09-08 14:13:24 - [TEST_STEP][PASSED] - utilities.SafeActions.openBrowser(Quicksti_Url, [pageLoadTime]): Browser launched successfully

2020-09-08 14:13:24 - [MESSAGE][INFO] - Opening Browser

2020-09-08 14:13:24 - [MESSAGE][WARNING] - A browser is already opened. Closing browser and opening a new one

2020-09-08 14:13:24 - [MESSAGE][INFO] - Starting 'Chrome' driver

2020-09-08 14:13:33 - [MESSAGE][PASSED] - Browser is opened with url: 'https://qa-certpayquicksti.faps.net/'

2020-09-08 14:13:35 - [MESSAGE][PASSED] - Current window maximized

2020-09-08 14:13:35 - [MESSAGE][PASSED] - Browser launched successfully

2020-09-08 14:13:35 - [TEST_STEP][PASSED] - utilities.SafeActions.safeCheck(findTestObject("CERTPAY_QUICKSTI/Login_ Page/MULTI_BUREAU_CHECKBOX"), "Multi Bureau", [pageLoadTime]): Quicksti.ts:Checkbox 'Multi Bureau'is selected

2020-09-08 14:13:36 - [MESSAGE][PASSED] - Object 'Object Repository/CERTPAY_QUICKSTI/Login_ Page/MULTI_BUREAU_CHECKBOX' is present

2020-09-08 14:13:37 - [MESSAGE][PASSED] - Object 'Object Repository/CERTPAY_QUICKSTI/Login_ Page/MULTI_BUREAU_CHECKBOX' is present

2020-09-08 14:13:38 - [MESSAGE][PASSED] - Object: 'Object Repository/CERTPAY_QUICKSTI/Login_ Page/MULTI_BUREAU_CHECKBOX' is clicked on

2020-09-08 14:13:38 - [MESSAGE][PASSED] - Quicksti.ts:Checkbox 'Multi Bureau'is selected

2020-09-08 14:13:38 - [TEST_STEP][PASSED] - utilities.SafeActions.safeType(findTestObject("CERTPAY_QUICKSTI/Login_ Page/TELLER_ID"), teller_id, "Bureau code", [pageLoadTime]): Quicksti.ts:Entered'zenq into Bureau code

2020-09-08 14:13:40 - [MESSAGE][PASSED] - Object 'Object Repository/CERTPAY_QUICKSTI/Login_ Page/TELLER_ID' is present

2020-09-08 14:13:41 - [MESSAGE][PASSED] - Object 'Object Repository/CERTPAY_QUICKSTI/Login_ Page/TELLER_ID' is visible

2020-09-08 14:13:41 - [MESSAGE][PASSED] - Object 'Object Repository/CERTPAY_QUICKSTI/Login_ Page/TELLER_ID' is present

2020-09-08 14:13:42 - [MESSAGE][PASSED] - Text 'zenq' is set on object 'Object Repository/CERTPAY_QUICKSTI/Login_ Page/TELLER_ID'

2020-09-08 14:13:42 - [MESSAGE][PASSED] - Quicksti.ts:Entered'zenq into Bureau code

2020-09-08 14:13:42 - [TEST_STEP][PASSED] - utilities.SafeActions.safeClick(findTestObject("CERTPAY_QUICKSTI/Login_ Page/NEXT_BUTTON"), "Next button", [pageLoadTime]): Quicksti.ts:Clicked on the Next button

2020-09-08 14:13:42 - [MESSAGE][INFO] - safeClicking

2020-09-08 14:13:42 - [MESSAGE][PASSED] - Object 'Object Repository/CERTPAY_QUICKSTI/Login_ Page/NEXT_BUTTON' is present

2020-09-08 14:13:43 - [MESSAGE][PASSED] - Object 'Object Repository/CERTPAY_QUICKSTI/Login_ Page/NEXT_BUTTON' is clickable

2020-09-08 14:13:49 - [MESSAGE][PASSED] - Object: 'Object Repository/CERTPAY_QUICKSTI/Login_ Page/NEXT_BUTTON' is clicked on

2020-09-08 14:13:49 - [MESSAGE][PASSED] - Quicksti.ts:Clicked on the Next button

2020-09-08 14:13:49 - [TEST_STEP][PASSED] - pages.Quicksti.setCommnets("0", "0", comments): Quicksti.ts:Entered'Testing into Comments

2020-09-08 14:13:49 - [MESSAGE][PASSED] - Object '' is present

2020-09-08 14:13:49 - [MESSAGE][PASSED] - Object '' is visible

2020-09-08 14:13:50 - [MESSAGE][PASSED] - Object '' is present

2020-09-08 14:13:51 - [MESSAGE][PASSED] - Text 'Testing' is set on object ''

2020-09-08 14:13:51 - [MESSAGE][PASSED] - Quicksti.ts:Entered'Testing into Comments

2020-09-08 14:13:51 - [TEST_STEP][PASSED] - utilities.SafeActions.safeType(findTestObject("CERTPAY_QUICKSTI/Payment_Information_Page/PAYMENT_AMOUNT"), paymentAmount, "Payment Amount", [pageLoadTime]): Quicksti.ts:Entered'30.00 into Payment Amount

2020-09-08 14:13:51 - [MESSAGE][PASSED] - Object 'Object Repository/CERTPAY_QUICKSTI/Payment_Information_Page/PAYMENT_AMOUNT' is present

2020-09-08 14:13:52 - [MESSAGE][PASSED] - Object 'Object Repository/CERTPAY_QUICKSTI/Payment_Information_Page/PAYMENT_AMOUNT' is visible

2020-09-08 14:13:52 - [MESSAGE][PASSED] - Object 'Object Repository/CERTPAY_QUICKSTI/Payment_Information_Page/PAYMENT_AMOUNT' is present

2020-09-08 14:13:53 - [MESSAGE][PASSED] - Text '30.00' is set on object 'Object Repository/CERTPAY_QUICKSTI/Payment_Information_Page/PAYMENT_AMOUNT'

2020-09-08 14:13:53 - [MESSAGE][PASSED] - Quicksti.ts:Entered'30.00 into Payment Amount

2020-09-08 14:13:53 - [TEST_STEP][PASSED] - pages.Quicksti.setAmountDetailsForMultiBureau("0", paymentType, "0", referenceNum, quantity): Quicksti.ts:Entered'1 into Quntity

2020-09-08 14:13:54 - [MESSAGE][PASSED] - Object '' is visible

2020-09-08 14:13:54 - [MESSAGE][PASSED] - Object '' is present

2020-09-08 14:13:56 - [MESSAGE][PASSED] - Object: '' is clicked on

2020-09-08 14:13:57 - [MESSAGE][PASSED] - All options with label 'Licenses' are selected in object ''  using regular expression

2020-09-08 14:13:57 - [MESSAGE][PASSED] - selected dropdown option by visible text  Licensesfrom Payment Type

2020-09-08 14:13:57 - [MESSAGE][PASSED] - Object '' is present

2020-09-08 14:13:57 - [MESSAGE][PASSED] - Object '' is visible

2020-09-08 14:13:58 - [MESSAGE][PASSED] - Object '' is present

2020-09-08 14:13:59 - [MESSAGE][PASSED] - Text '13' is set on object ''

2020-09-08 14:13:59 - [MESSAGE][PASSED] - Quicksti.ts:Entered'13 into RefrenceNumber

2020-09-08 14:13:59 - [MESSAGE][PASSED] - Object '' is present

2020-09-08 14:14:00 - [MESSAGE][PASSED] - Object '' is visible

2020-09-08 14:14:00 - [MESSAGE][PASSED] - Object '' is present

2020-09-08 14:14:01 - [MESSAGE][PASSED] - Text '1' is set on object ''

2020-09-08 14:14:01 - [MESSAGE][PASSED] - Quicksti.ts:Entered'1 into Quntity

2020-09-08 14:14:01 - [TEST_STEP][PASSED] - utilities.SafeActions.safeClick(findTestObject("CERTPAY_QUICKSTI/Payment_Information_Page/MANUAL_ENTRY_BUTTON"), "ManualEntry", [pageLoadTime]): Quicksti.ts:Clicked on the ManualEntry

2020-09-08 14:14:01 - [MESSAGE][INFO] - safeClicking

2020-09-08 14:14:02 - [MESSAGE][PASSED] - Object 'Object Repository/CERTPAY_QUICKSTI/Payment_Information_Page/MANUAL_ENTRY_BUTTON' is present

2020-09-08 14:14:02 - [MESSAGE][PASSED] - Object 'Object Repository/CERTPAY_QUICKSTI/Payment_Information_Page/MANUAL_ENTRY_BUTTON' is clickable

2020-09-08 14:14:18 - [MESSAGE][PASSED] - Object: 'Object Repository/CERTPAY_QUICKSTI/Payment_Information_Page/MANUAL_ENTRY_BUTTON' is clicked on

2020-09-08 14:14:18 - [MESSAGE][PASSED] - Quicksti.ts:Clicked on the ManualEntry

2020-09-08 14:14:18 - [TEST_STEP][PASSED] - amount_Value = pages.Quicksti.getAttributeValue(findTestObject("CERTPAY_QUICKSTI/Payment_Information_Page/SUB_TOTAL")): pages.Quicksti.getAttributeValue is PASSED

2020-09-08 14:14:18 - [MESSAGE][PASSED] - Attribute 'value' of object 'Object Repository/CERTPAY_QUICKSTI/Payment_Information_Page/SUB_TOTAL' is: '30.00'

2020-09-08 14:14:18 - [MESSAGE][PASSED] - pages.Quicksti.getAttributeValue is PASSED

2020-09-08 14:14:18 - [TEST_STEP][PASSED] - CardNumber = pages.Quicksti.setUserPaymentDetails(firstName, lastName, cardNum): Quicksti.ts:Entered'8171999900000018 into CardNum

2020-09-08 14:14:19 - [MESSAGE][PASSED] - Object 'Object Repository/CERTPAY_QUICKSTI/Payment_Information_Page/FIRST_NAME' is present

2020-09-08 14:14:19 - [MESSAGE][PASSED] - Object 'Object Repository/CERTPAY_QUICKSTI/Payment_Information_Page/FIRST_NAME' is visible

2020-09-08 14:14:19 - [MESSAGE][PASSED] - Object 'Object Repository/CERTPAY_QUICKSTI/Payment_Information_Page/FIRST_NAME' is present

2020-09-08 14:14:21 - [MESSAGE][PASSED] - Text 'Tester' is set on object 'Object Repository/CERTPAY_QUICKSTI/Payment_Information_Page/FIRST_NAME'

2020-09-08 14:14:21 - [MESSAGE][PASSED] - Quicksti.ts:Entered'Tester into FirstName

2020-09-08 14:14:21 - [MESSAGE][PASSED] - Object 'Object Repository/CERTPAY_QUICKSTI/Payment_Information_Page/LAST_NAME' is present

2020-09-08 14:14:22 - [MESSAGE][PASSED] - Object 'Object Repository/CERTPAY_QUICKSTI/Payment_Information_Page/LAST_NAME' is visible

2020-09-08 14:14:22 - [MESSAGE][PASSED] - Object 'Object Repository/CERTPAY_QUICKSTI/Payment_Information_Page/LAST_NAME' is present

2020-09-08 14:14:23 - [MESSAGE][PASSED] - Text 'Zenq1' is set on object 'Object Repository/CERTPAY_QUICKSTI/Payment_Information_Page/LAST_NAME'

2020-09-08 14:14:23 - [MESSAGE][PASSED] - Quicksti.ts:Entered'Zenq1 into LAstName

2020-09-08 14:14:24 - [MESSAGE][PASSED] - Object 'Object Repository/CERTPAY_QUICKSTI/Payment_Information_Page/CARD_NUMBER' is present

2020-09-08 14:14:24 - [MESSAGE][PASSED] - Object 'Object Repository/CERTPAY_QUICKSTI/Payment_Information_Page/CARD_NUMBER' is visible

2020-09-08 14:14:24 - [MESSAGE][PASSED] - Object 'Object Repository/CERTPAY_QUICKSTI/Payment_Information_Page/CARD_NUMBER' is present

2020-09-08 14:14:26 - [MESSAGE][PASSED] - Text '8171999900000018' is set on object 'Object Repository/CERTPAY_QUICKSTI/Payment_Information_Page/CARD_NUMBER'

2020-09-08 14:14:26 - [MESSAGE][PASSED] - Quicksti.ts:Entered'8171999900000018 into CardNum

2020-09-08 14:14:26 - [TEST_STEP][PASSED] - pages.Quicksti.setExpDate(expMonth, expYear, securityCode): Quicksti.ts:Entered'111 into securityCode

2020-09-08 14:14:26 - [MESSAGE][PASSED] - Object 'Object Repository/CERTPAY_QUICKSTI/Payment_Information_Page/EXP_MONTH' is visible

2020-09-08 14:14:26 - [MESSAGE][PASSED] - Object 'Object Repository/CERTPAY_QUICKSTI/Payment_Information_Page/EXP_MONTH' is present

2020-09-08 14:14:28 - [MESSAGE][PASSED] - Object: 'Object Repository/CERTPAY_QUICKSTI/Payment_Information_Page/EXP_MONTH' is clicked on

2020-09-08 14:14:29 - [MESSAGE][PASSED] - All options with label '04' are selected in object 'Object Repository/CERTPAY_QUICKSTI/Payment_Information_Page/EXP_MONTH'  using regular expression

2020-09-08 14:14:29 - [MESSAGE][PASSED] - selected dropdown option by visible text  04from expMonth

2020-09-08 14:14:29 - [MESSAGE][PASSED] - Object 'Object Repository/CERTPAY_QUICKSTI/Payment_Information_Page/EXP_YEAR' is visible

2020-09-08 14:14:29 - [MESSAGE][PASSED] - Object 'Object Repository/CERTPAY_QUICKSTI/Payment_Information_Page/EXP_YEAR' is present

2020-09-08 14:14:31 - [MESSAGE][PASSED] - Object: 'Object Repository/CERTPAY_QUICKSTI/Payment_Information_Page/EXP_YEAR' is clicked on

2020-09-08 14:14:32 - [MESSAGE][PASSED] - All options with label '2027' are selected in object 'Object Repository/CERTPAY_QUICKSTI/Payment_Information_Page/EXP_YEAR'  using regular expression

2020-09-08 14:14:32 - [MESSAGE][PASSED] - selected dropdown option by visible text  2027from  expYear

2020-09-08 14:14:33 - [MESSAGE][PASSED] - Object 'Object Repository/CERTPAY_QUICKSTI/Payment_Information_Page/SECURITY_CODE' is present

2020-09-08 14:14:33 - [MESSAGE][PASSED] - Object 'Object Repository/CERTPAY_QUICKSTI/Payment_Information_Page/SECURITY_CODE' is visible

2020-09-08 14:14:33 - [MESSAGE][PASSED] - Object 'Object Repository/CERTPAY_QUICKSTI/Payment_Information_Page/SECURITY_CODE' is present

2020-09-08 14:14:35 - [MESSAGE][PASSED] - Text '111' is set on object 'Object Repository/CERTPAY_QUICKSTI/Payment_Information_Page/SECURITY_CODE'

2020-09-08 14:14:35 - [MESSAGE][PASSED] - Quicksti.ts:Entered'111 into securityCode

2020-09-08 14:14:35 - [TEST_STEP][PASSED] - utilities.SafeActions.safeType(findTestObject("CERTPAY_QUICKSTI/Payment_Information_Page/ADDRESS"), address, "Address", [pageLoadTime]): Quicksti.ts:Entered'14-2 into Address

2020-09-08 14:14:35 - [MESSAGE][PASSED] - Object 'Object Repository/CERTPAY_QUICKSTI/Payment_Information_Page/ADDRESS' is present

2020-09-08 14:14:35 - [MESSAGE][PASSED] - Object 'Object Repository/CERTPAY_QUICKSTI/Payment_Information_Page/ADDRESS' is visible

2020-09-08 14:14:36 - [MESSAGE][PASSED] - Object 'Object Repository/CERTPAY_QUICKSTI/Payment_Information_Page/ADDRESS' is present

2020-09-08 14:14:37 - [MESSAGE][PASSED] - Text '14-2' is set on object 'Object Repository/CERTPAY_QUICKSTI/Payment_Information_Page/ADDRESS'

2020-09-08 14:14:37 - [MESSAGE][PASSED] - Quicksti.ts:Entered'14-2 into Address

2020-09-08 14:14:37 - [TEST_STEP][PASSED] - utilities.SafeActions.safeType(findTestObject("CERTPAY_QUICKSTI/Payment_Information_Page/ZIP_CODE"), zipCode, "zipcode", [pageLoadTime]): Quicksti.ts:Entered'76102 into zipcode

2020-09-08 14:14:37 - [MESSAGE][PASSED] - Object 'Object Repository/CERTPAY_QUICKSTI/Payment_Information_Page/ZIP_CODE' is present

2020-09-08 14:14:38 - [MESSAGE][PASSED] - Object 'Object Repository/CERTPAY_QUICKSTI/Payment_Information_Page/ZIP_CODE' is visible

2020-09-08 14:14:38 - [MESSAGE][PASSED] - Object 'Object Repository/CERTPAY_QUICKSTI/Payment_Information_Page/ZIP_CODE' is present

2020-09-08 14:14:39 - [MESSAGE][PASSED] - Text '76102' is set on object 'Object Repository/CERTPAY_QUICKSTI/Payment_Information_Page/ZIP_CODE'

2020-09-08 14:14:39 - [MESSAGE][PASSED] - Quicksti.ts:Entered'76102 into zipcode

2020-09-08 14:14:39 - [TEST_STEP][PASSED] - utilities.SafeActions.safeType(findTestObject("CERTPAY_QUICKSTI/Payment_Information_Page/TELEPHONE"), telephone, "Telephone", [pageLoadTime]): Quicksti.ts:Entered'9989897654 into Telephone

2020-09-08 14:14:40 - [MESSAGE][PASSED] - Object 'Object Repository/CERTPAY_QUICKSTI/Payment_Information_Page/TELEPHONE' is present

2020-09-08 14:14:40 - [MESSAGE][PASSED] - Object 'Object Repository/CERTPAY_QUICKSTI/Payment_Information_Page/TELEPHONE' is visible

2020-09-08 14:14:40 - [MESSAGE][PASSED] - Object 'Object Repository/CERTPAY_QUICKSTI/Payment_Information_Page/TELEPHONE' is present

2020-09-08 14:14:41 - [MESSAGE][PASSED] - Text '9989897654' is set on object 'Object Repository/CERTPAY_QUICKSTI/Payment_Information_Page/TELEPHONE'

2020-09-08 14:14:41 - [MESSAGE][PASSED] - Quicksti.ts:Entered'9989897654 into Telephone

2020-09-08 14:14:41 - [TEST_STEP][PASSED] - utilities.SafeActions.safeType(findTestObject("CERTPAY_QUICKSTI/Payment_Information_Page/EMAIL_ADDRESS"), emailAddress, "EMAIL address", [pageLoadTime]): Quicksti.ts:Entered'testing@zenq.com into EMAIL address

2020-09-08 14:14:42 - [MESSAGE][PASSED] - Object 'Object Repository/CERTPAY_QUICKSTI/Payment_Information_Page/EMAIL_ADDRESS' is present

2020-09-08 14:14:42 - [MESSAGE][PASSED] - Object 'Object Repository/CERTPAY_QUICKSTI/Payment_Information_Page/EMAIL_ADDRESS' is visible

2020-09-08 14:14:42 - [MESSAGE][PASSED] - Object 'Object Repository/CERTPAY_QUICKSTI/Payment_Information_Page/EMAIL_ADDRESS' is present

2020-09-08 14:14:44 - [MESSAGE][PASSED] - Text 'testing@zenq.com' is set on object 'Object Repository/CERTPAY_QUICKSTI/Payment_Information_Page/EMAIL_ADDRESS'

2020-09-08 14:14:44 - [MESSAGE][PASSED] - Quicksti.ts:Entered'testing@zenq.com into EMAIL address

2020-09-08 14:14:44 - [TEST_STEP][PASSED] - utilities.SafeActions.safeClick(findTestObject("CERTPAY_QUICKSTI/Payment_Information_Page/NEXT_BUTTON"), "Next", [pageLoadTime]): Quicksti.ts:Clicked on the Next

2020-09-08 14:14:44 - [MESSAGE][INFO] - safeClicking

2020-09-08 14:14:44 - [MESSAGE][PASSED] - Object 'Object Repository/CERTPAY_QUICKSTI/Payment_Information_Page/NEXT_BUTTON' is present

2020-09-08 14:14:44 - [MESSAGE][PASSED] - Object 'Object Repository/CERTPAY_QUICKSTI/Payment_Information_Page/NEXT_BUTTON' is clickable

2020-09-08 14:14:49 - [MESSAGE][PASSED] - Object: 'Object Repository/CERTPAY_QUICKSTI/Payment_Information_Page/NEXT_BUTTON' is clicked on

2020-09-08 14:14:49 - [MESSAGE][PASSED] - Quicksti.ts:Clicked on the Next

2020-09-08 14:14:49 - [TEST_STEP][PASSED] - pages.Quicksti.verifyUserPaymentDetails(paymentAmount, firstName, lastName, CardNumber): pages.Quicksti.verifyUserPaymentDetails is PASSED

2020-09-08 14:14:50 - [MESSAGE][PASSED] - Text of object 'Object Repository/CERTPAY_QUICKSTI/Payment_Details_Verification_Page/AMOUNT' is: '$30.00'

2020-09-08 14:14:50 - [MESSAGE][PASSED] - Actual text '30.00' and expected text '30.00' are matched  using regular expression

2020-09-08 14:14:50 - [MESSAGE][PASSED] - Text of object 'Object Repository/CERTPAY_QUICKSTI/Payment_Details_Verification_Page/NAME' is: 'Tester Zenq1'

2020-09-08 14:14:50 - [MESSAGE][PASSED] - Actual text 'Tester Zenq1' and expected text 'Tester Zenq1' are matched  using regular expression

2020-09-08 14:14:51 - [MESSAGE][PASSED] - Text of object 'Object Repository/CERTPAY_QUICKSTI/Payment_Details_Verification_Page/CARD_NUMBER' is: '...0018'

2020-09-08 14:14:51 - [MESSAGE][PASSED] - Actual text '0018' and expected text '0018' are matched  using regular expression

2020-09-08 14:14:51 - [MESSAGE][PASSED] - pages.Quicksti.verifyUserPaymentDetails is PASSED

2020-09-08 14:14:51 - [TEST_STEP][PASSED] - delay(2): Delayed 2 second(s)

2020-09-08 14:14:53 - [MESSAGE][PASSED] - Delayed 2 second(s)

2020-09-08 14:14:53 - [TEST_STEP][PASSED] - scrollToElement(findTestObject("CERTPAY_QUICKSTI/Payment_Details_Verification_Page/PROCESS"), 0): Scroll to object 'Object Repository/CERTPAY_QUICKSTI/Payment_Details_Verification_Page/PROCESS' successfully

2020-09-08 14:14:53 - [MESSAGE][WARNING] - Timeout '0' is invalid. Using default page load timeout: '30'

2020-09-08 14:14:53 - [MESSAGE][PASSED] - Scroll to object 'Object Repository/CERTPAY_QUICKSTI/Payment_Details_Verification_Page/PROCESS' successfully

2020-09-08 14:14:53 - [TEST_STEP][PASSED] - utilities.SafeActions.safeClick(findTestObject("CERTPAY_QUICKSTI/Payment_Details_Verification_Page/PROCESS"), "Process", [pageLoadTime]): Quicksti.ts:Clicked on the Process

2020-09-08 14:14:53 - [MESSAGE][INFO] - safeClicking

2020-09-08 14:14:53 - [MESSAGE][PASSED] - Object 'Object Repository/CERTPAY_QUICKSTI/Payment_Details_Verification_Page/PROCESS' is present

2020-09-08 14:14:54 - [MESSAGE][PASSED] - Object 'Object Repository/CERTPAY_QUICKSTI/Payment_Details_Verification_Page/PROCESS' is clickable

2020-09-08 14:15:00 - [MESSAGE][PASSED] - Object: 'Object Repository/CERTPAY_QUICKSTI/Payment_Details_Verification_Page/PROCESS' is clicked on

2020-09-08 14:15:00 - [MESSAGE][PASSED] - Quicksti.ts:Clicked on the Process

2020-09-08 14:15:00 - [TEST_STEP][PASSED] - paymentId = pages.Quicksti.verifyPaymentApproval(findTestObject("CERTPAY_QUICKSTI/Payment_Details_Verification_Page/APPROVED")): Payment is approved

2020-09-08 14:15:00 - [MESSAGE][PASSED] - Text of object 'Object Repository/CERTPAY_QUICKSTI/Payment_Details_Verification_Page/PAYMENT_ID' is: '100176112095'

2020-09-08 14:15:00 - [MESSAGE][PASSED] - Object 'Object Repository/CERTPAY_QUICKSTI/Payment_Details_Verification_Page/APPROVED' is present

2020-09-08 14:15:00 - [MESSAGE][PASSED] - Payment is approved

2020-09-08 14:15:02 - [TEST_STEP][PASSED] - navigateToUrl(Admin_url): Navigate to 'https://qa-certpayadmin.faps.net' successfully

2020-09-08 14:15:11 - [MESSAGE][PASSED] - Navigate to 'https://qa-certpayadmin.faps.net' successfully

2020-09-08 14:15:11 - [TEST_STEP][PASSED] - pages.Bureau_Login_Page.loginToAdminSite(AdminUsername, AdminPassword): Quicksti.ts:Clicked on the LOGIN

2020-09-08 14:15:11 - [MESSAGE][PASSED] - Object 'Object Repository/CERTPAY_ADMIN/USER_NAME' is present

2020-09-08 14:15:11 - [MESSAGE][PASSED] - Object 'Object Repository/CERTPAY_ADMIN/USER_NAME' is visible

2020-09-08 14:15:12 - [MESSAGE][PASSED] - Object 'Object Repository/CERTPAY_ADMIN/USER_NAME' is present

2020-09-08 14:15:13 - [MESSAGE][PASSED] - Text 'VVangiliappan' is set on object 'Object Repository/CERTPAY_ADMIN/USER_NAME'

2020-09-08 14:15:13 - [MESSAGE][PASSED] - Quicksti.ts:Entered'VVangiliappan into username

2020-09-08 14:15:13 - [MESSAGE][PASSED] - Object 'Object Repository/CERTPAY_ADMIN/PASSWORD' is present

2020-09-08 14:15:14 - [MESSAGE][PASSED] - Object 'Object Repository/CERTPAY_ADMIN/PASSWORD' is visible

2020-09-08 14:15:14 - [MESSAGE][PASSED] - Object 'Object Repository/CERTPAY_ADMIN/PASSWORD' is present

2020-09-08 14:15:15 - [MESSAGE][PASSED] - Text 'Knila@12345' is set on object 'Object Repository/CERTPAY_ADMIN/PASSWORD'

2020-09-08 14:15:15 - [MESSAGE][PASSED] - Quicksti.ts:Entered'Knila@12345 into password

2020-09-08 14:15:15 - [MESSAGE][INFO] - safeClicking

2020-09-08 14:15:16 - [MESSAGE][PASSED] - Object 'Object Repository/CERTPAY_ADMIN/LOGIN_BUTTON' is present

2020-09-08 14:15:16 - [MESSAGE][PASSED] - Object 'Object Repository/CERTPAY_ADMIN/LOGIN_BUTTON' is clickable

2020-09-08 14:15:39 - [MESSAGE][PASSED] - Object: 'Object Repository/CERTPAY_ADMIN/LOGIN_BUTTON' is clicked on

2020-09-08 14:15:39 - [MESSAGE][PASSED] - Quicksti.ts:Clicked on the LOGIN

2020-09-08 14:15:39 - [TEST_STEP][PASSED] - utilities.SafeActions.safeClick(findTestObject("CERTPAY_ADMIN/TRANSACTION_SEARCH"), "TransactionSearch", [pageLoadTime]): Quicksti.ts:Clicked on the TransactionSearch

2020-09-08 14:15:39 - [MESSAGE][INFO] - safeClicking

2020-09-08 14:15:40 - [MESSAGE][PASSED] - Object 'Object Repository/CERTPAY_ADMIN/TRANSACTION_SEARCH' is present

2020-09-08 14:15:40 - [MESSAGE][PASSED] - Object 'Object Repository/CERTPAY_ADMIN/TRANSACTION_SEARCH' is clickable

2020-09-08 14:15:48 - [MESSAGE][PASSED] - Object: 'Object Repository/CERTPAY_ADMIN/TRANSACTION_SEARCH' is clicked on

2020-09-08 14:15:48 - [MESSAGE][PASSED] - Quicksti.ts:Clicked on the TransactionSearch

2020-09-08 14:15:48 - [TEST_STEP][PASSED] - utilities.SafeActions.safeType(findTestObject("CERTPAY_ADMIN/PAYMENT_ID"), paymentId, "Payment id", [pageLoadTime]): Quicksti.ts:Entered'100176112095 into Payment id

2020-09-08 14:15:48 - [MESSAGE][PASSED] - Object 'Object Repository/CERTPAY_ADMIN/PAYMENT_ID' is present

2020-09-08 14:15:48 - [MESSAGE][PASSED] - Object 'Object Repository/CERTPAY_ADMIN/PAYMENT_ID' is visible

2020-09-08 14:15:49 - [MESSAGE][PASSED] - Object 'Object Repository/CERTPAY_ADMIN/PAYMENT_ID' is present

2020-09-08 14:15:50 - [MESSAGE][PASSED] - Text '100176112095' is set on object 'Object Repository/CERTPAY_ADMIN/PAYMENT_ID'

2020-09-08 14:15:50 - [MESSAGE][PASSED] - Quicksti.ts:Entered'100176112095 into Payment id

2020-09-08 14:15:50 - [TEST_STEP][PASSED] - utilities.SafeActions.safeClick(findTestObject("CERTPAY_ADMIN/GO_BUTTON"), "Go button", [pageLoadTime]): Quicksti.ts:Clicked on the Go button

2020-09-08 14:15:50 - [MESSAGE][INFO] - safeClicking

2020-09-08 14:15:50 - [MESSAGE][PASSED] - Object 'Object Repository/CERTPAY_ADMIN/GO_BUTTON' is present

2020-09-08 14:15:51 - [MESSAGE][PASSED] - Object 'Object Repository/CERTPAY_ADMIN/GO_BUTTON' is clickable

2020-09-08 14:15:56 - [MESSAGE][PASSED] - Object: 'Object Repository/CERTPAY_ADMIN/GO_BUTTON' is clicked on

2020-09-08 14:15:56 - [MESSAGE][PASSED] - Quicksti.ts:Clicked on the Go button

2020-09-08 14:15:56 - [TEST_STEP][PASSED] - delay(5): Delayed 5 second(s)

2020-09-08 14:16:01 - [MESSAGE][PASSED] - Delayed 5 second(s)

2020-09-08 14:16:01 - [TEST_STEP][PASSED] - scrollToPosition(800, 900): Browser is scrolled to position x = 800, y = 900

2020-09-08 14:16:01 - [MESSAGE][PASSED] - Browser is scrolled to position x = 800, y = 900

2020-09-08 14:16:01 - [TEST_STEP][PASSED] - paymentIdList.add(paymentId): null

2020-09-08 14:16:01 - [TEST_STEP][PASSED] - println(paymentIdList): null

2020-09-08 14:16:01 - [TEST_STEP][PASSED] - firstName = data.getValue("FirstName", index): null

2020-09-08 14:16:01 - [TEST_STEP][PASSED] - lastName = data.getValue("LastName", index): null

2020-09-08 14:16:01 - [TEST_STEP][PASSED] - expMonth = data.getValue("ExpMonth", index): null

2020-09-08 14:16:01 - [TEST_STEP][PASSED] - expYear = data.getValue("ExpYear", index): null

2020-09-08 14:16:01 - [TEST_STEP][PASSED] - securityCode = data.getValue("SecurityCode", index): null

2020-09-08 14:16:01 - [TEST_STEP][PASSED] - paymentAmount = data.getValue("PaymentAmount", index): null

2020-09-08 14:16:01 - [TEST_STEP][PASSED] - paymentType = data.getValue("PaymentType", index): null

2020-09-08 14:16:01 - [TEST_STEP][PASSED] - quantity = data.getValue("Quantity", index): null

2020-09-08 14:16:01 - [TEST_STEP][PASSED] - comments = data.getValue("Comments", index): null

2020-09-08 14:16:01 - [TEST_STEP][PASSED] - referenceNum = data.getValue("ReferenceNum", index): null

2020-09-08 14:16:01 - [TEST_STEP][PASSED] - address = data.getValue("Address", index): null

2020-09-08 14:16:01 - [TEST_STEP][PASSED] - zipCode = data.getValue("Zipcode", index): null

2020-09-08 14:16:01 - [TEST_STEP][PASSED] - telephone = data.getValue("Telephone", index): null

2020-09-08 14:16:01 - [TEST_STEP][PASSED] - emailAddress = data.getValue("EmailAddress", index): null

2020-09-08 14:16:01 - [TEST_STEP][PASSED] - cardNum = data.getValue("CardNumber", index): null

2020-09-08 14:16:01 - [TEST_STEP][PASSED] - cardType = data.getValue("CardType", index): null

2020-09-08 14:16:01 - [TEST_STEP][PASSED] - utilities.SafeActions.openBrowser(Quicksti_Url, [pageLoadTime]): Browser launched successfully

2020-09-08 14:16:01 - [MESSAGE][INFO] - Opening Browser

2020-09-08 14:16:01 - [MESSAGE][WARNING] - A browser is already opened. Closing browser and opening a new one

2020-09-08 14:16:02 - [MESSAGE][INFO] - Starting 'Chrome' driver

2020-09-08 14:16:10 - [MESSAGE][PASSED] - Browser is opened with url: 'https://qa-certpayquicksti.faps.net/'

2020-09-08 14:16:12 - [MESSAGE][PASSED] - Current window maximized

2020-09-08 14:16:12 - [MESSAGE][PASSED] - Browser launched successfully

2020-09-08 14:16:12 - [TEST_STEP][PASSED] - utilities.SafeActions.safeCheck(findTestObject("CERTPAY_QUICKSTI/Login_ Page/MULTI_BUREAU_CHECKBOX"), "Multi Bureau", [pageLoadTime]): Quicksti.ts:Checkbox 'Multi Bureau'is selected

2020-09-08 14:16:12 - [MESSAGE][PASSED] - Object 'Object Repository/CERTPAY_QUICKSTI/Login_ Page/MULTI_BUREAU_CHECKBOX' is present

2020-09-08 14:16:14 - [MESSAGE][PASSED] - Object 'Object Repository/CERTPAY_QUICKSTI/Login_ Page/MULTI_BUREAU_CHECKBOX' is present

2020-09-08 14:16:15 - [MESSAGE][PASSED] - Object: 'Object Repository/CERTPAY_QUICKSTI/Login_ Page/MULTI_BUREAU_CHECKBOX' is clicked on

2020-09-08 14:16:15 - [MESSAGE][PASSED] - Quicksti.ts:Checkbox 'Multi Bureau'is selected

2020-09-08 14:16:15 - [TEST_STEP][PASSED] - utilities.SafeActions.safeType(findTestObject("CERTPAY_QUICKSTI/Login_ Page/TELLER_ID"), teller_id, "Bureau code", [pageLoadTime]): Quicksti.ts:Entered'zenq into Bureau code

2020-09-08 14:16:18 - [MESSAGE][PASSED] - Object 'Object Repository/CERTPAY_QUICKSTI/Login_ Page/TELLER_ID' is present

2020-09-08 14:16:18 - [MESSAGE][PASSED] - Object 'Object Repository/CERTPAY_QUICKSTI/Login_ Page/TELLER_ID' is visible

2020-09-08 14:16:18 - [MESSAGE][PASSED] - Object 'Object Repository/CERTPAY_QUICKSTI/Login_ Page/TELLER_ID' is present

2020-09-08 14:16:19 - [MESSAGE][PASSED] - Text 'zenq' is set on object 'Object Repository/CERTPAY_QUICKSTI/Login_ Page/TELLER_ID'

2020-09-08 14:16:19 - [MESSAGE][PASSED] - Quicksti.ts:Entered'zenq into Bureau code

2020-09-08 14:16:19 - [TEST_STEP][PASSED] - utilities.SafeActions.safeClick(findTestObject("CERTPAY_QUICKSTI/Login_ Page/NEXT_BUTTON"), "Next button", [pageLoadTime]): Quicksti.ts:Clicked on the Next button

2020-09-08 14:16:19 - [MESSAGE][INFO] - safeClicking

2020-09-08 14:16:20 - [MESSAGE][PASSED] - Object 'Object Repository/CERTPAY_QUICKSTI/Login_ Page/NEXT_BUTTON' is present

2020-09-08 14:16:20 - [MESSAGE][PASSED] - Object 'Object Repository/CERTPAY_QUICKSTI/Login_ Page/NEXT_BUTTON' is clickable

2020-09-08 14:16:26 - [MESSAGE][PASSED] - Object: 'Object Repository/CERTPAY_QUICKSTI/Login_ Page/NEXT_BUTTON' is clicked on

2020-09-08 14:16:26 - [MESSAGE][PASSED] - Quicksti.ts:Clicked on the Next button

2020-09-08 14:16:26 - [TEST_STEP][PASSED] - pages.Quicksti.setCommnets("0", "0", comments): Quicksti.ts:Entered'Testing into Comments

2020-09-08 14:16:26 - [MESSAGE][PASSED] - Object '' is present

2020-09-08 14:16:27 - [MESSAGE][PASSED] - Object '' is visible

2020-09-08 14:16:27 - [MESSAGE][PASSED] - Object '' is present

2020-09-08 14:16:28 - [MESSAGE][PASSED] - Text 'Testing' is set on object ''

2020-09-08 14:16:28 - [MESSAGE][PASSED] - Quicksti.ts:Entered'Testing into Comments

2020-09-08 14:16:28 - [TEST_STEP][PASSED] - utilities.SafeActions.safeType(findTestObject("CERTPAY_QUICKSTI/Payment_Information_Page/PAYMENT_AMOUNT"), paymentAmount, "Payment Amount", [pageLoadTime]): Quicksti.ts:Entered'35.00 into Payment Amount

2020-09-08 14:16:29 - [MESSAGE][PASSED] - Object 'Object Repository/CERTPAY_QUICKSTI/Payment_Information_Page/PAYMENT_AMOUNT' is present

2020-09-08 14:16:29 - [MESSAGE][PASSED] - Object 'Object Repository/CERTPAY_QUICKSTI/Payment_Information_Page/PAYMENT_AMOUNT' is visible

2020-09-08 14:16:29 - [MESSAGE][PASSED] - Object 'Object Repository/CERTPAY_QUICKSTI/Payment_Information_Page/PAYMENT_AMOUNT' is present

2020-09-08 14:16:31 - [MESSAGE][PASSED] - Text '35.00' is set on object 'Object Repository/CERTPAY_QUICKSTI/Payment_Information_Page/PAYMENT_AMOUNT'

2020-09-08 14:16:31 - [MESSAGE][PASSED] - Quicksti.ts:Entered'35.00 into Payment Amount

2020-09-08 14:16:31 - [TEST_STEP][PASSED] - pages.Quicksti.setAmountDetailsForMultiBureau("0", paymentType, "0", referenceNum, quantity): Quicksti.ts:Entered'1 into Quntity

2020-09-08 14:16:31 - [MESSAGE][PASSED] - Object '' is visible

2020-09-08 14:16:32 - [MESSAGE][PASSED] - Object '' is present

2020-09-08 14:16:33 - [MESSAGE][PASSED] - Object: '' is clicked on

2020-09-08 14:16:34 - [MESSAGE][PASSED] - All options with label 'Taxes' are selected in object ''  using regular expression

2020-09-08 14:16:34 - [MESSAGE][PASSED] - selected dropdown option by visible text  Taxesfrom Payment Type

2020-09-08 14:16:35 - [MESSAGE][PASSED] - Object '' is present

2020-09-08 14:16:35 - [MESSAGE][PASSED] - Object '' is visible

2020-09-08 14:16:35 - [MESSAGE][PASSED] - Object '' is present

2020-09-08 14:16:37 - [MESSAGE][PASSED] - Text '11' is set on object ''

2020-09-08 14:16:37 - [MESSAGE][PASSED] - Quicksti.ts:Entered'11 into RefrenceNumber

2020-09-08 14:16:37 - [MESSAGE][PASSED] - Object '' is present

2020-09-08 14:16:37 - [MESSAGE][PASSED] - Object '' is visible

2020-09-08 14:16:38 - [MESSAGE][PASSED] - Object '' is present

2020-09-08 14:16:39 - [MESSAGE][PASSED] - Text '1' is set on object ''

2020-09-08 14:16:39 - [MESSAGE][PASSED] - Quicksti.ts:Entered'1 into Quntity

2020-09-08 14:16:39 - [TEST_STEP][PASSED] - utilities.SafeActions.safeClick(findTestObject("CERTPAY_QUICKSTI/Payment_Information_Page/MANUAL_ENTRY_BUTTON"), "ManualEntry", [pageLoadTime]): Quicksti.ts:Clicked on the ManualEntry

2020-09-08 14:16:39 - [MESSAGE][INFO] - safeClicking

2020-09-08 14:16:39 - [MESSAGE][PASSED] - Object 'Object Repository/CERTPAY_QUICKSTI/Payment_Information_Page/MANUAL_ENTRY_BUTTON' is present

2020-09-08 14:16:40 - [MESSAGE][PASSED] - Object 'Object Repository/CERTPAY_QUICKSTI/Payment_Information_Page/MANUAL_ENTRY_BUTTON' is clickable

2020-09-08 14:16:47 - [MESSAGE][PASSED] - Object: 'Object Repository/CERTPAY_QUICKSTI/Payment_Information_Page/MANUAL_ENTRY_BUTTON' is clicked on

2020-09-08 14:16:47 - [MESSAGE][PASSED] - Quicksti.ts:Clicked on the ManualEntry

2020-09-08 14:16:47 - [TEST_STEP][PASSED] - amount_Value = pages.Quicksti.getAttributeValue(findTestObject("CERTPAY_QUICKSTI/Payment_Information_Page/SUB_TOTAL")): pages.Quicksti.getAttributeValue is PASSED

2020-09-08 14:16:47 - [MESSAGE][PASSED] - Attribute 'value' of object 'Object Repository/CERTPAY_QUICKSTI/Payment_Information_Page/SUB_TOTAL' is: '35.00'

2020-09-08 14:16:47 - [MESSAGE][PASSED] - pages.Quicksti.getAttributeValue is PASSED

2020-09-08 14:16:47 - [TEST_STEP][PASSED] - CardNumber = pages.Quicksti.setUserPaymentDetails(firstName, lastName, cardNum): Quicksti.ts:Entered'374245003731006 into CardNum

2020-09-08 14:16:47 - [MESSAGE][PASSED] - Object 'Object Repository/CERTPAY_QUICKSTI/Payment_Information_Page/FIRST_NAME' is present

2020-09-08 14:16:48 - [MESSAGE][PASSED] - Object 'Object Repository/CERTPAY_QUICKSTI/Payment_Information_Page/FIRST_NAME' is visible

2020-09-08 14:16:48 - [MESSAGE][PASSED] - Object 'Object Repository/CERTPAY_QUICKSTI/Payment_Information_Page/FIRST_NAME' is present

2020-09-08 14:16:49 - [MESSAGE][PASSED] - Text 'Tester' is set on object 'Object Repository/CERTPAY_QUICKSTI/Payment_Information_Page/FIRST_NAME'

2020-09-08 14:16:49 - [MESSAGE][PASSED] - Quicksti.ts:Entered'Tester into FirstName

2020-09-08 14:16:50 - [MESSAGE][PASSED] - Object 'Object Repository/CERTPAY_QUICKSTI/Payment_Information_Page/LAST_NAME' is present

2020-09-08 14:16:50 - [MESSAGE][PASSED] - Object 'Object Repository/CERTPAY_QUICKSTI/Payment_Information_Page/LAST_NAME' is visible

2020-09-08 14:16:50 - [MESSAGE][PASSED] - Object 'Object Repository/CERTPAY_QUICKSTI/Payment_Information_Page/LAST_NAME' is present

2020-09-08 14:16:52 - [MESSAGE][PASSED] - Text 'Zenq1' is set on object 'Object Repository/CERTPAY_QUICKSTI/Payment_Information_Page/LAST_NAME'

2020-09-08 14:16:52 - [MESSAGE][PASSED] - Quicksti.ts:Entered'Zenq1 into LAstName

2020-09-08 14:16:52 - [MESSAGE][PASSED] - Object 'Object Repository/CERTPAY_QUICKSTI/Payment_Information_Page/CARD_NUMBER' is present

2020-09-08 14:16:52 - [MESSAGE][PASSED] - Object 'Object Repository/CERTPAY_QUICKSTI/Payment_Information_Page/CARD_NUMBER' is visible

2020-09-08 14:16:53 - [MESSAGE][PASSED] - Object 'Object Repository/CERTPAY_QUICKSTI/Payment_Information_Page/CARD_NUMBER' is present

2020-09-08 14:16:54 - [MESSAGE][PASSED] - Text '374245003731006' is set on object 'Object Repository/CERTPAY_QUICKSTI/Payment_Information_Page/CARD_NUMBER'

2020-09-08 14:16:54 - [MESSAGE][PASSED] - Quicksti.ts:Entered'374245003731006 into CardNum

2020-09-08 14:16:54 - [TEST_STEP][PASSED] - pages.Quicksti.setExpDate(expMonth, expYear, securityCode): Quicksti.ts:Entered'111 into securityCode

2020-09-08 14:16:54 - [MESSAGE][PASSED] - Object 'Object Repository/CERTPAY_QUICKSTI/Payment_Information_Page/EXP_MONTH' is visible

2020-09-08 14:16:55 - [MESSAGE][PASSED] - Object 'Object Repository/CERTPAY_QUICKSTI/Payment_Information_Page/EXP_MONTH' is present

2020-09-08 14:16:56 - [MESSAGE][PASSED] - Object: 'Object Repository/CERTPAY_QUICKSTI/Payment_Information_Page/EXP_MONTH' is clicked on

2020-09-08 14:16:57 - [MESSAGE][PASSED] - All options with label '05' are selected in object 'Object Repository/CERTPAY_QUICKSTI/Payment_Information_Page/EXP_MONTH'  using regular expression

2020-09-08 14:16:57 - [MESSAGE][PASSED] - selected dropdown option by visible text  05from expMonth

2020-09-08 14:16:57 - [MESSAGE][PASSED] - Object 'Object Repository/CERTPAY_QUICKSTI/Payment_Information_Page/EXP_YEAR' is visible

2020-09-08 14:16:58 - [MESSAGE][PASSED] - Object 'Object Repository/CERTPAY_QUICKSTI/Payment_Information_Page/EXP_YEAR' is present

2020-09-08 14:16:59 - [MESSAGE][PASSED] - Object: 'Object Repository/CERTPAY_QUICKSTI/Payment_Information_Page/EXP_YEAR' is clicked on

2020-09-08 14:17:00 - [MESSAGE][PASSED] - All options with label '2022' are selected in object 'Object Repository/CERTPAY_QUICKSTI/Payment_Information_Page/EXP_YEAR'  using regular expression

2020-09-08 14:17:00 - [MESSAGE][PASSED] - selected dropdown option by visible text  2022from  expYear

2020-09-08 14:17:01 - [MESSAGE][PASSED] - Object 'Object Repository/CERTPAY_QUICKSTI/Payment_Information_Page/SECURITY_CODE' is present

2020-09-08 14:17:01 - [MESSAGE][PASSED] - Object 'Object Repository/CERTPAY_QUICKSTI/Payment_Information_Page/SECURITY_CODE' is visible

2020-09-08 14:17:01 - [MESSAGE][PASSED] - Object 'Object Repository/CERTPAY_QUICKSTI/Payment_Information_Page/SECURITY_CODE' is present

2020-09-08 14:17:03 - [MESSAGE][PASSED] - Text '111' is set on object 'Object Repository/CERTPAY_QUICKSTI/Payment_Information_Page/SECURITY_CODE'

2020-09-08 14:17:03 - [MESSAGE][PASSED] - Quicksti.ts:Entered'111 into securityCode

2020-09-08 14:17:03 - [TEST_STEP][PASSED] - utilities.SafeActions.safeType(findTestObject("CERTPAY_QUICKSTI/Payment_Information_Page/ADDRESS"), address, "Address", [pageLoadTime]): Quicksti.ts:Entered'14-2 into Address

2020-09-08 14:17:03 - [MESSAGE][PASSED] - Object 'Object Repository/CERTPAY_QUICKSTI/Payment_Information_Page/ADDRESS' is present

2020-09-08 14:17:03 - [MESSAGE][PASSED] - Object 'Object Repository/CERTPAY_QUICKSTI/Payment_Information_Page/ADDRESS' is visible

2020-09-08 14:17:04 - [MESSAGE][PASSED] - Object 'Object Repository/CERTPAY_QUICKSTI/Payment_Information_Page/ADDRESS' is present

2020-09-08 14:17:05 - [MESSAGE][PASSED] - Text '14-2' is set on object 'Object Repository/CERTPAY_QUICKSTI/Payment_Information_Page/ADDRESS'

2020-09-08 14:17:05 - [MESSAGE][PASSED] - Quicksti.ts:Entered'14-2 into Address

2020-09-08 14:17:05 - [TEST_STEP][PASSED] - utilities.SafeActions.safeType(findTestObject("CERTPAY_QUICKSTI/Payment_Information_Page/ZIP_CODE"), zipCode, "zipcode", [pageLoadTime]): Quicksti.ts:Entered'76102 into zipcode

2020-09-08 14:17:05 - [MESSAGE][PASSED] - Object 'Object Repository/CERTPAY_QUICKSTI/Payment_Information_Page/ZIP_CODE' is present

2020-09-08 14:17:06 - [MESSAGE][PASSED] - Object 'Object Repository/CERTPAY_QUICKSTI/Payment_Information_Page/ZIP_CODE' is visible

2020-09-08 14:17:06 - [MESSAGE][PASSED] - Object 'Object Repository/CERTPAY_QUICKSTI/Payment_Information_Page/ZIP_CODE' is present

2020-09-08 14:17:07 - [MESSAGE][PASSED] - Text '76102' is set on object 'Object Repository/CERTPAY_QUICKSTI/Payment_Information_Page/ZIP_CODE'

2020-09-08 14:17:07 - [MESSAGE][PASSED] - Quicksti.ts:Entered'76102 into zipcode

2020-09-08 14:17:07 - [TEST_STEP][PASSED] - utilities.SafeActions.safeType(findTestObject("CERTPAY_QUICKSTI/Payment_Information_Page/TELEPHONE"), telephone, "Telephone", [pageLoadTime]): Quicksti.ts:Entered'9989897654 into Telephone

2020-09-08 14:17:07 - [MESSAGE][PASSED] - Object 'Object Repository/CERTPAY_QUICKSTI/Payment_Information_Page/TELEPHONE' is present

2020-09-08 14:17:08 - [MESSAGE][PASSED] - Object 'Object Repository/CERTPAY_QUICKSTI/Payment_Information_Page/TELEPHONE' is visible

2020-09-08 14:17:08 - [MESSAGE][PASSED] - Object 'Object Repository/CERTPAY_QUICKSTI/Payment_Information_Page/TELEPHONE' is present

2020-09-08 14:17:09 - [MESSAGE][PASSED] - Text '9989897654' is set on object 'Object Repository/CERTPAY_QUICKSTI/Payment_Information_Page/TELEPHONE'

2020-09-08 14:17:09 - [MESSAGE][PASSED] - Quicksti.ts:Entered'9989897654 into Telephone

2020-09-08 14:17:09 - [TEST_STEP][PASSED] - utilities.SafeActions.safeType(findTestObject("CERTPAY_QUICKSTI/Payment_Information_Page/EMAIL_ADDRESS"), emailAddress, "EMAIL address", [pageLoadTime]): Quicksti.ts:Entered'testing@zenq.com into EMAIL address

2020-09-08 14:17:10 - [MESSAGE][PASSED] - Object 'Object Repository/CERTPAY_QUICKSTI/Payment_Information_Page/EMAIL_ADDRESS' is present

2020-09-08 14:17:10 - [MESSAGE][PASSED] - Object 'Object Repository/CERTPAY_QUICKSTI/Payment_Information_Page/EMAIL_ADDRESS' is visible

2020-09-08 14:17:10 - [MESSAGE][PASSED] - Object 'Object Repository/CERTPAY_QUICKSTI/Payment_Information_Page/EMAIL_ADDRESS' is present

2020-09-08 14:17:12 - [MESSAGE][PASSED] - Text 'testing@zenq.com' is set on object 'Object Repository/CERTPAY_QUICKSTI/Payment_Information_Page/EMAIL_ADDRESS'

2020-09-08 14:17:12 - [MESSAGE][PASSED] - Quicksti.ts:Entered'testing@zenq.com into EMAIL address

2020-09-08 14:17:12 - [TEST_STEP][PASSED] - utilities.SafeActions.safeClick(findTestObject("CERTPAY_QUICKSTI/Payment_Information_Page/NEXT_BUTTON"), "Next", [pageLoadTime]): Quicksti.ts:Clicked on the Next

2020-09-08 14:17:12 - [MESSAGE][INFO] - safeClicking

2020-09-08 14:17:12 - [MESSAGE][PASSED] - Object 'Object Repository/CERTPAY_QUICKSTI/Payment_Information_Page/NEXT_BUTTON' is present

2020-09-08 14:17:12 - [MESSAGE][PASSED] - Object 'Object Repository/CERTPAY_QUICKSTI/Payment_Information_Page/NEXT_BUTTON' is clickable

2020-09-08 14:17:17 - [MESSAGE][PASSED] - Object: 'Object Repository/CERTPAY_QUICKSTI/Payment_Information_Page/NEXT_BUTTON' is clicked on

2020-09-08 14:17:17 - [MESSAGE][PASSED] - Quicksti.ts:Clicked on the Next

2020-09-08 14:17:17 - [TEST_STEP][PASSED] - pages.Quicksti.verifyUserPaymentDetails(paymentAmount, firstName, lastName, CardNumber): pages.Quicksti.verifyUserPaymentDetails is PASSED

2020-09-08 14:17:18 - [MESSAGE][PASSED] - Text of object 'Object Repository/CERTPAY_QUICKSTI/Payment_Details_Verification_Page/AMOUNT' is: '$35.00'

2020-09-08 14:17:18 - [MESSAGE][PASSED] - Actual text '35.00' and expected text '35.00' are matched  using regular expression

2020-09-08 14:17:18 - [MESSAGE][PASSED] - Text of object 'Object Repository/CERTPAY_QUICKSTI/Payment_Details_Verification_Page/NAME' is: 'Tester Zenq1'

2020-09-08 14:17:18 - [MESSAGE][PASSED] - Actual text 'Tester Zenq1' and expected text 'Tester Zenq1' are matched  using regular expression

2020-09-08 14:17:19 - [MESSAGE][PASSED] - Text of object 'Object Repository/CERTPAY_QUICKSTI/Payment_Details_Verification_Page/CARD_NUMBER' is: '...1006'

2020-09-08 14:17:19 - [MESSAGE][PASSED] - Actual text '1006' and expected text '1006' are matched  using regular expression

2020-09-08 14:17:19 - [MESSAGE][PASSED] - pages.Quicksti.verifyUserPaymentDetails is PASSED

2020-09-08 14:17:19 - [TEST_STEP][PASSED] - delay(2): Delayed 2 second(s)

2020-09-08 14:17:21 - [MESSAGE][PASSED] - Delayed 2 second(s)

2020-09-08 14:17:21 - [TEST_STEP][PASSED] - scrollToElement(findTestObject("CERTPAY_QUICKSTI/Payment_Details_Verification_Page/PROCESS"), 0): Scroll to object 'Object Repository/CERTPAY_QUICKSTI/Payment_Details_Verification_Page/PROCESS' successfully

2020-09-08 14:17:21 - [MESSAGE][WARNING] - Timeout '0' is invalid. Using default page load timeout: '30'

2020-09-08 14:17:21 - [MESSAGE][PASSED] - Scroll to object 'Object Repository/CERTPAY_QUICKSTI/Payment_Details_Verification_Page/PROCESS' successfully

2020-09-08 14:17:21 - [TEST_STEP][PASSED] - utilities.SafeActions.safeClick(findTestObject("CERTPAY_QUICKSTI/Payment_Details_Verification_Page/PROCESS"), "Process", [pageLoadTime]): Quicksti.ts:Clicked on the Process

2020-09-08 14:17:21 - [MESSAGE][INFO] - safeClicking

2020-09-08 14:17:22 - [MESSAGE][PASSED] - Object 'Object Repository/CERTPAY_QUICKSTI/Payment_Details_Verification_Page/PROCESS' is present

2020-09-08 14:17:22 - [MESSAGE][PASSED] - Object 'Object Repository/CERTPAY_QUICKSTI/Payment_Details_Verification_Page/PROCESS' is clickable

2020-09-08 14:17:28 - [MESSAGE][PASSED] - Object: 'Object Repository/CERTPAY_QUICKSTI/Payment_Details_Verification_Page/PROCESS' is clicked on

2020-09-08 14:17:28 - [MESSAGE][PASSED] - Quicksti.ts:Clicked on the Process

2020-09-08 14:17:28 - [TEST_STEP][PASSED] - paymentId = pages.Quicksti.verifyPaymentApproval(findTestObject("CERTPAY_QUICKSTI/Payment_Details_Verification_Page/APPROVED")): Payment is approved

2020-09-08 14:17:28 - [MESSAGE][PASSED] - Text of object 'Object Repository/CERTPAY_QUICKSTI/Payment_Details_Verification_Page/PAYMENT_ID' is: '100176112099'

2020-09-08 14:17:29 - [MESSAGE][PASSED] - Object 'Object Repository/CERTPAY_QUICKSTI/Payment_Details_Verification_Page/APPROVED' is present

2020-09-08 14:17:29 - [MESSAGE][PASSED] - Payment is approved

2020-09-08 14:17:31 - [TEST_STEP][PASSED] - navigateToUrl(Admin_url): Navigate to 'https://qa-certpayadmin.faps.net' successfully

2020-09-08 14:17:37 - [MESSAGE][PASSED] - Navigate to 'https://qa-certpayadmin.faps.net' successfully

2020-09-08 14:17:37 - [TEST_STEP][PASSED] - pages.Bureau_Login_Page.loginToAdminSite(AdminUsername, AdminPassword): Quicksti.ts:Clicked on the LOGIN

2020-09-08 14:17:38 - [MESSAGE][PASSED] - Object 'Object Repository/CERTPAY_ADMIN/USER_NAME' is present

2020-09-08 14:17:38 - [MESSAGE][PASSED] - Object 'Object Repository/CERTPAY_ADMIN/USER_NAME' is visible

2020-09-08 14:17:38 - [MESSAGE][PASSED] - Object 'Object Repository/CERTPAY_ADMIN/USER_NAME' is present

2020-09-08 14:17:40 - [MESSAGE][PASSED] - Text 'VVangiliappan' is set on object 'Object Repository/CERTPAY_ADMIN/USER_NAME'

2020-09-08 14:17:40 - [MESSAGE][PASSED] - Quicksti.ts:Entered'VVangiliappan into username

2020-09-08 14:17:40 - [MESSAGE][PASSED] - Object 'Object Repository/CERTPAY_ADMIN/PASSWORD' is present

2020-09-08 14:17:40 - [MESSAGE][PASSED] - Object 'Object Repository/CERTPAY_ADMIN/PASSWORD' is visible

2020-09-08 14:17:41 - [MESSAGE][PASSED] - Object 'Object Repository/CERTPAY_ADMIN/PASSWORD' is present

2020-09-08 14:17:42 - [MESSAGE][PASSED] - Text 'Knila@12345' is set on object 'Object Repository/CERTPAY_ADMIN/PASSWORD'

2020-09-08 14:17:42 - [MESSAGE][PASSED] - Quicksti.ts:Entered'Knila@12345 into password

2020-09-08 14:17:42 - [MESSAGE][INFO] - safeClicking

2020-09-08 14:17:42 - [MESSAGE][PASSED] - Object 'Object Repository/CERTPAY_ADMIN/LOGIN_BUTTON' is present

2020-09-08 14:17:43 - [MESSAGE][PASSED] - Object 'Object Repository/CERTPAY_ADMIN/LOGIN_BUTTON' is clickable

2020-09-08 14:18:09 - [MESSAGE][PASSED] - Object: 'Object Repository/CERTPAY_ADMIN/LOGIN_BUTTON' is clicked on

2020-09-08 14:18:09 - [MESSAGE][PASSED] - Quicksti.ts:Clicked on the LOGIN

2020-09-08 14:18:09 - [TEST_STEP][PASSED] - utilities.SafeActions.safeClick(findTestObject("CERTPAY_ADMIN/TRANSACTION_SEARCH"), "TransactionSearch", [pageLoadTime]): Quicksti.ts:Clicked on the TransactionSearch

2020-09-08 14:18:09 - [MESSAGE][INFO] - safeClicking

2020-09-08 14:18:09 - [MESSAGE][PASSED] - Object 'Object Repository/CERTPAY_ADMIN/TRANSACTION_SEARCH' is present

2020-09-08 14:18:10 - [MESSAGE][PASSED] - Object 'Object Repository/CERTPAY_ADMIN/TRANSACTION_SEARCH' is clickable

2020-09-08 14:18:14 - [MESSAGE][PASSED] - Object: 'Object Repository/CERTPAY_ADMIN/TRANSACTION_SEARCH' is clicked on

2020-09-08 14:18:14 - [MESSAGE][PASSED] - Quicksti.ts:Clicked on the TransactionSearch

2020-09-08 14:18:14 - [TEST_STEP][PASSED] - utilities.SafeActions.safeType(findTestObject("CERTPAY_ADMIN/PAYMENT_ID"), paymentId, "Payment id", [pageLoadTime]): Quicksti.ts:Entered'100176112099 into Payment id

2020-09-08 14:18:15 - [MESSAGE][PASSED] - Object 'Object Repository/CERTPAY_ADMIN/PAYMENT_ID' is present

2020-09-08 14:18:15 - [MESSAGE][PASSED] - Object 'Object Repository/CERTPAY_ADMIN/PAYMENT_ID' is visible

2020-09-08 14:18:15 - [MESSAGE][PASSED] - Object 'Object Repository/CERTPAY_ADMIN/PAYMENT_ID' is present

2020-09-08 14:18:17 - [MESSAGE][PASSED] - Text '100176112099' is set on object 'Object Repository/CERTPAY_ADMIN/PAYMENT_ID'

2020-09-08 14:18:17 - [MESSAGE][PASSED] - Quicksti.ts:Entered'100176112099 into Payment id

2020-09-08 14:18:17 - [TEST_STEP][PASSED] - utilities.SafeActions.safeClick(findTestObject("CERTPAY_ADMIN/GO_BUTTON"), "Go button", [pageLoadTime]): Quicksti.ts:Clicked on the Go button

2020-09-08 14:18:17 - [MESSAGE][INFO] - safeClicking

2020-09-08 14:18:17 - [MESSAGE][PASSED] - Object 'Object Repository/CERTPAY_ADMIN/GO_BUTTON' is present

2020-09-08 14:18:17 - [MESSAGE][PASSED] - Object 'Object Repository/CERTPAY_ADMIN/GO_BUTTON' is clickable

2020-09-08 14:18:23 - [MESSAGE][PASSED] - Object: 'Object Repository/CERTPAY_ADMIN/GO_BUTTON' is clicked on

2020-09-08 14:18:23 - [MESSAGE][PASSED] - Quicksti.ts:Clicked on the Go button

2020-09-08 14:18:23 - [TEST_STEP][PASSED] - delay(5): Delayed 5 second(s)

2020-09-08 14:18:28 - [MESSAGE][PASSED] - Delayed 5 second(s)

2020-09-08 14:18:28 - [TEST_STEP][PASSED] - scrollToPosition(800, 900): Browser is scrolled to position x = 800, y = 900

2020-09-08 14:18:28 - [MESSAGE][PASSED] - Browser is scrolled to position x = 800, y = 900

2020-09-08 14:18:28 - [TEST_STEP][PASSED] - paymentIdList.add(paymentId): null

2020-09-08 14:18:28 - [TEST_STEP][PASSED] - println(paymentIdList): null

2020-09-08 14:18:28 - [TEST_STEP][PASSED] - return paymentIdList: null

2020-09-08 14:18:28 - [TEST_STEP][PASSED] - Start listener action : afterTestCase: Browser is closed

2020-09-08 14:18:28 - [TEST_STEP][PASSED] - closeBrowser(): Browser is closed

2020-09-08 14:18:30 - [MESSAGE][PASSED] - Browser is closed]]></system-out>
         <system-err><![CDATA[]]></system-err>
      </testcase>
      <testcase name="Test Cases/Certpay_Quicksti/TC_004_MultiBureauSite_MultiBureaus_SingleLinePayment" time="183.307" classname="Test Cases/Certpay_Quicksti/TC_004_MultiBureauSite_MultiBureaus_SingleLinePayment" status="ERROR">
         <error type="ERROR" message="Test Cases/Certpay_Quicksti/TC_004_MultiBureauSite_MultiBureaus_SingleLinePayment FAILED.
Reason:
groovy.lang.MissingPropertyException: No such property: paymentId for class: Script1572264750878
	at TC_004_MultiBureauSite_MultiBureaus_SingleLinePayment.run(TC_004_MultiBureauSite_MultiBureaus_SingleLinePayment:133)
	at com.kms.katalon.core.main.ScriptEngine.run(ScriptEngine.java:194)
	at com.kms.katalon.core.main.ScriptEngine.runScriptAsRawText(ScriptEngine.java:119)
	at com.kms.katalon.core.main.TestCaseExecutor.runScript(TestCaseExecutor.java:337)
	at com.kms.katalon.core.main.TestCaseExecutor.doExecute(TestCaseExecutor.java:328)
	at com.kms.katalon.core.main.TestCaseExecutor.processExecutionPhase(TestCaseExecutor.java:307)
	at com.kms.katalon.core.main.TestCaseExecutor.accessMainPhase(TestCaseExecutor.java:299)
	at com.kms.katalon.core.main.TestCaseExecutor.execute(TestCaseExecutor.java:233)
	at com.kms.katalon.core.main.TestSuiteExecutor.accessTestCaseMainPhase(TestSuiteExecutor.java:169)
	at com.kms.katalon.core.main.TestSuiteExecutor.accessTestSuiteMainPhase(TestSuiteExecutor.java:142)
	at com.kms.katalon.core.main.TestSuiteExecutor.execute(TestSuiteExecutor.java:91)
	at com.kms.katalon.core.main.TestCaseMain.startTestSuite(TestCaseMain.java:157)
	at com.kms.katalon.core.main.TestCaseMain$startTestSuite$0.call(Unknown Source)
	at TempTestSuite1599553616550.run(TempTestSuite1599553616550.groovy:36)
"/>
         <system-out><![CDATA[2020-09-08 14:18:30 - [TEST_CASE][ERROR] - Test Cases/Certpay_Quicksti/TC_004_MultiBureauSite_MultiBureaus_SingleLinePayment: Test Cases/Certpay_Quicksti/TC_004_MultiBureauSite_MultiBureaus_SingleLinePayment FAILED.
Reason:
groovy.lang.MissingPropertyException: No such property: paymentId for class: Script1572264750878
	at TC_004_MultiBureauSite_MultiBureaus_SingleLinePayment.run(TC_004_MultiBureauSite_MultiBureaus_SingleLinePayment:133)
	at com.kms.katalon.core.main.ScriptEngine.run(ScriptEngine.java:194)
	at com.kms.katalon.core.main.ScriptEngine.runScriptAsRawText(ScriptEngine.java:119)
	at com.kms.katalon.core.main.TestCaseExecutor.runScript(TestCaseExecutor.java:337)
	at com.kms.katalon.core.main.TestCaseExecutor.doExecute(TestCaseExecutor.java:328)
	at com.kms.katalon.core.main.TestCaseExecutor.processExecutionPhase(TestCaseExecutor.java:307)
	at com.kms.katalon.core.main.TestCaseExecutor.accessMainPhase(TestCaseExecutor.java:299)
	at com.kms.katalon.core.main.TestCaseExecutor.execute(TestCaseExecutor.java:233)
	at com.kms.katalon.core.main.TestSuiteExecutor.accessTestCaseMainPhase(TestSuiteExecutor.java:169)
	at com.kms.katalon.core.main.TestSuiteExecutor.accessTestSuiteMainPhase(TestSuiteExecutor.java:142)
	at com.kms.katalon.core.main.TestSuiteExecutor.execute(TestSuiteExecutor.java:91)
	at com.kms.katalon.core.main.TestCaseMain.startTestSuite(TestCaseMain.java:157)
	at com.kms.katalon.core.main.TestCaseMain$startTestSuite$0.call(Unknown Source)
	at TempTestSuite1599553616550.run(TempTestSuite1599553616550.groovy:36)


2020-09-08 14:18:31 - [TEST_STEP][PASSED] - Start listener action : beforeTestCase: null

2020-09-08 14:18:31 - [TEST_STEP][PASSED] - data = findTestData("Data Files/Certpay/MultiBureau_SingleLine"): null

2020-09-08 14:18:31 - [TEST_STEP][PASSED] - for (def index : (1..data.getRowNumbers())): null

2020-09-08 14:18:31 - [TEST_STEP][PASSED] - firstName = data.getValue("FirstName", index): null

2020-09-08 14:18:31 - [TEST_STEP][PASSED] - lastName = data.getValue("LastName", index): null

2020-09-08 14:18:31 - [TEST_STEP][PASSED] - expMonth = data.getValue("ExpMonth", index): null

2020-09-08 14:18:31 - [TEST_STEP][PASSED] - expYear = data.getValue("ExpYear", index): null

2020-09-08 14:18:31 - [TEST_STEP][PASSED] - securityCode = data.getValue("SecurityCode", index): null

2020-09-08 14:18:31 - [TEST_STEP][PASSED] - paymentAmount = data.getValue("PaymentAmount", index): null

2020-09-08 14:18:31 - [TEST_STEP][PASSED] - paymentType = data.getValue("PaymentType", index): null

2020-09-08 14:18:31 - [TEST_STEP][PASSED] - quantity = data.getValue("Quantity", index): null

2020-09-08 14:18:31 - [TEST_STEP][PASSED] - comments = data.getValue("Comments", index): null

2020-09-08 14:18:31 - [TEST_STEP][PASSED] - referenceNum = data.getValue("ReferenceNum", index): null

2020-09-08 14:18:31 - [TEST_STEP][PASSED] - address = data.getValue("Address", index): null

2020-09-08 14:18:31 - [TEST_STEP][PASSED] - zipCode = data.getValue("Zipcode", index): null

2020-09-08 14:18:31 - [TEST_STEP][PASSED] - telephone = data.getValue("Telephone", index): null

2020-09-08 14:18:31 - [TEST_STEP][PASSED] - emailAddress = data.getValue("EmailAddress", index): null

2020-09-08 14:18:31 - [TEST_STEP][PASSED] - cardNum = data.getValue("CardNumber", index): null

2020-09-08 14:18:31 - [TEST_STEP][PASSED] - cardType = data.getValue("CardType", index): null

2020-09-08 14:18:31 - [TEST_STEP][PASSED] - utilities.SafeActions.openBrowser(Quicksti_Url, [pageLoadTime]): Browser launched successfully

2020-09-08 14:18:31 - [MESSAGE][INFO] - Opening Browser

2020-09-08 14:18:31 - [MESSAGE][INFO] - Starting 'Chrome' driver

2020-09-08 14:18:39 - [MESSAGE][PASSED] - Browser is opened with url: 'https://qa-certpayquicksti.faps.net/'

2020-09-08 14:18:41 - [MESSAGE][PASSED] - Current window maximized

2020-09-08 14:18:41 - [MESSAGE][PASSED] - Browser launched successfully

2020-09-08 14:18:41 - [TEST_STEP][PASSED] - utilities.SafeActions.safeCheck(findTestObject("CERTPAY_QUICKSTI/Login_ Page/MULTI_BUREAU_CHECKBOX"), "Multi Bureau", [pageLoadTime]): Quicksti.ts:Checkbox 'Multi Bureau'is selected

2020-09-08 14:18:41 - [MESSAGE][PASSED] - Object 'Object Repository/CERTPAY_QUICKSTI/Login_ Page/MULTI_BUREAU_CHECKBOX' is present

2020-09-08 14:18:42 - [MESSAGE][PASSED] - Object 'Object Repository/CERTPAY_QUICKSTI/Login_ Page/MULTI_BUREAU_CHECKBOX' is present

2020-09-08 14:18:44 - [MESSAGE][PASSED] - Object: 'Object Repository/CERTPAY_QUICKSTI/Login_ Page/MULTI_BUREAU_CHECKBOX' is clicked on

2020-09-08 14:18:44 - [MESSAGE][PASSED] - Quicksti.ts:Checkbox 'Multi Bureau'is selected

2020-09-08 14:18:44 - [TEST_STEP][PASSED] - utilities.SafeActions.safeType(findTestObject("CERTPAY_QUICKSTI/Login_ Page/TELLER_ID"), teller_id, "Bureau code", [pageLoadTime]): Quicksti.ts:Entered'zenq into Bureau code

2020-09-08 14:18:46 - [MESSAGE][PASSED] - Object 'Object Repository/CERTPAY_QUICKSTI/Login_ Page/TELLER_ID' is present

2020-09-08 14:18:46 - [MESSAGE][PASSED] - Object 'Object Repository/CERTPAY_QUICKSTI/Login_ Page/TELLER_ID' is visible

2020-09-08 14:18:46 - [MESSAGE][PASSED] - Object 'Object Repository/CERTPAY_QUICKSTI/Login_ Page/TELLER_ID' is present

2020-09-08 14:18:47 - [MESSAGE][PASSED] - Text 'zenq' is set on object 'Object Repository/CERTPAY_QUICKSTI/Login_ Page/TELLER_ID'

2020-09-08 14:18:47 - [MESSAGE][PASSED] - Quicksti.ts:Entered'zenq into Bureau code

2020-09-08 14:18:47 - [TEST_STEP][PASSED] - utilities.SafeActions.safeClick(findTestObject("CERTPAY_QUICKSTI/Login_ Page/NEXT_BUTTON"), "Next button", [pageLoadTime]): Quicksti.ts:Clicked on the Next button

2020-09-08 14:18:47 - [MESSAGE][INFO] - safeClicking

2020-09-08 14:18:48 - [MESSAGE][PASSED] - Object 'Object Repository/CERTPAY_QUICKSTI/Login_ Page/NEXT_BUTTON' is present

2020-09-08 14:18:48 - [MESSAGE][PASSED] - Object 'Object Repository/CERTPAY_QUICKSTI/Login_ Page/NEXT_BUTTON' is clickable

2020-09-08 14:18:55 - [MESSAGE][PASSED] - Object: 'Object Repository/CERTPAY_QUICKSTI/Login_ Page/NEXT_BUTTON' is clicked on

2020-09-08 14:18:55 - [MESSAGE][PASSED] - Quicksti.ts:Clicked on the Next button

2020-09-08 14:18:55 - [TEST_STEP][PASSED] - pages.Quicksti.setCommnets("0", "0", comments): Quicksti.ts:Entered'Testing into Comments

2020-09-08 14:18:55 - [MESSAGE][PASSED] - Object '' is present

2020-09-08 14:18:55 - [MESSAGE][PASSED] - Object '' is visible

2020-09-08 14:18:56 - [MESSAGE][PASSED] - Object '' is present

2020-09-08 14:18:57 - [MESSAGE][PASSED] - Text 'Testing' is set on object ''

2020-09-08 14:18:57 - [MESSAGE][PASSED] - Quicksti.ts:Entered'Testing into Comments

2020-09-08 14:18:57 - [TEST_STEP][PASSED] - utilities.SafeActions.safeType(findTestObject("CERTPAY_QUICKSTI/Payment_Information_Page/PAYMENT_AMOUNT"), paymentAmount, "Payment Amount", [pageLoadTime]): Quicksti.ts:Entered'20.00 into Payment Amount

2020-09-08 14:18:58 - [MESSAGE][PASSED] - Object 'Object Repository/CERTPAY_QUICKSTI/Payment_Information_Page/PAYMENT_AMOUNT' is present

2020-09-08 14:18:58 - [MESSAGE][PASSED] - Object 'Object Repository/CERTPAY_QUICKSTI/Payment_Information_Page/PAYMENT_AMOUNT' is visible

2020-09-08 14:18:58 - [MESSAGE][PASSED] - Object 'Object Repository/CERTPAY_QUICKSTI/Payment_Information_Page/PAYMENT_AMOUNT' is present

2020-09-08 14:18:59 - [MESSAGE][PASSED] - Text '20.00' is set on object 'Object Repository/CERTPAY_QUICKSTI/Payment_Information_Page/PAYMENT_AMOUNT'

2020-09-08 14:18:59 - [MESSAGE][PASSED] - Quicksti.ts:Entered'20.00 into Payment Amount

2020-09-08 14:18:59 - [TEST_STEP][PASSED] - pages.Quicksti.setAmountDetailsForMultiBureau("0", paymentType, "0", referenceNum, quantity): Quicksti.ts:Entered'1 into Quntity

2020-09-08 14:19:00 - [MESSAGE][PASSED] - Object '' is visible

2020-09-08 14:19:00 - [MESSAGE][PASSED] - Object '' is present

2020-09-08 14:19:02 - [MESSAGE][PASSED] - Object: '' is clicked on

2020-09-08 14:19:03 - [MESSAGE][PASSED] - All options with label 'Taxes' are selected in object ''  using regular expression

2020-09-08 14:19:03 - [MESSAGE][PASSED] - selected dropdown option by visible text  Taxesfrom Payment Type

2020-09-08 14:19:03 - [MESSAGE][PASSED] - Object '' is present

2020-09-08 14:19:04 - [MESSAGE][PASSED] - Object '' is visible

2020-09-08 14:19:04 - [MESSAGE][PASSED] - Object '' is present

2020-09-08 14:19:05 - [MESSAGE][PASSED] - Text '11' is set on object ''

2020-09-08 14:19:05 - [MESSAGE][PASSED] - Quicksti.ts:Entered'11 into RefrenceNumber

2020-09-08 14:19:06 - [MESSAGE][PASSED] - Object '' is present

2020-09-08 14:19:06 - [MESSAGE][PASSED] - Object '' is visible

2020-09-08 14:19:06 - [MESSAGE][PASSED] - Object '' is present

2020-09-08 14:19:07 - [MESSAGE][PASSED] - Text '1' is set on object ''

2020-09-08 14:19:07 - [MESSAGE][PASSED] - Quicksti.ts:Entered'1 into Quntity

2020-09-08 14:19:07 - [TEST_STEP][PASSED] - utilities.SafeActions.safeType(findTestObject("CERTPAY_QUICKSTI/Payment_Information_Page/MULTIBUREAU_PAYMENT_AMOUNT"), paymentAmount, "Payment Amount", [pageLoadTime]): Quicksti.ts:Entered'20.00 into Payment Amount

2020-09-08 14:19:08 - [MESSAGE][PASSED] - Object 'Object Repository/CERTPAY_QUICKSTI/Payment_Information_Page/MULTIBUREAU_PAYMENT_AMOUNT' is present

2020-09-08 14:19:08 - [MESSAGE][PASSED] - Object 'Object Repository/CERTPAY_QUICKSTI/Payment_Information_Page/MULTIBUREAU_PAYMENT_AMOUNT' is visible

2020-09-08 14:19:08 - [MESSAGE][PASSED] - Object 'Object Repository/CERTPAY_QUICKSTI/Payment_Information_Page/MULTIBUREAU_PAYMENT_AMOUNT' is present

2020-09-08 14:19:10 - [MESSAGE][PASSED] - Text '20.00' is set on object 'Object Repository/CERTPAY_QUICKSTI/Payment_Information_Page/MULTIBUREAU_PAYMENT_AMOUNT'

2020-09-08 14:19:10 - [MESSAGE][PASSED] - Quicksti.ts:Entered'20.00 into Payment Amount

2020-09-08 14:19:10 - [TEST_STEP][PASSED] - pages.Quicksti.setAmountDetailsForMultiBureau("0", "Registration Fees", "1", referenceNum, quantity): Quicksti.ts:Entered'1 into Quntity

2020-09-08 14:19:10 - [MESSAGE][PASSED] - Object '' is visible

2020-09-08 14:19:11 - [MESSAGE][PASSED] - Object '' is present

2020-09-08 14:19:12 - [MESSAGE][PASSED] - Object: '' is clicked on

2020-09-08 14:19:13 - [MESSAGE][PASSED] - All options with label 'Registration Fees' are selected in object ''  using regular expression

2020-09-08 14:19:13 - [MESSAGE][PASSED] - selected dropdown option by visible text  Registration Feesfrom Payment Type

2020-09-08 14:19:13 - [MESSAGE][PASSED] - Object '' is present

2020-09-08 14:19:13 - [MESSAGE][PASSED] - Object '' is visible

2020-09-08 14:19:14 - [MESSAGE][PASSED] - Object '' is present

2020-09-08 14:19:15 - [MESSAGE][PASSED] - Text '11' is set on object ''

2020-09-08 14:19:15 - [MESSAGE][PASSED] - Quicksti.ts:Entered'11 into RefrenceNumber

2020-09-08 14:19:15 - [MESSAGE][PASSED] - Object '' is present

2020-09-08 14:19:16 - [MESSAGE][PASSED] - Object '' is visible

2020-09-08 14:19:16 - [MESSAGE][PASSED] - Object '' is present

2020-09-08 14:19:17 - [MESSAGE][PASSED] - Text '1' is set on object ''

2020-09-08 14:19:17 - [MESSAGE][PASSED] - Quicksti.ts:Entered'1 into Quntity

2020-09-08 14:19:17 - [TEST_STEP][PASSED] - utilities.SafeActions.safeType(findTestObject("CERTPAY_QUICKSTI/Payment_Information_Page/MULTIBUREAU_PAY_AMOUNT2"), paymentAmount, "Payment Amount", [pageLoadTime]): Quicksti.ts:Entered'20.00 into Payment Amount

2020-09-08 14:19:18 - [MESSAGE][PASSED] - Object 'Object Repository/CERTPAY_QUICKSTI/Payment_Information_Page/MULTIBUREAU_PAY_AMOUNT2' is present

2020-09-08 14:19:18 - [MESSAGE][PASSED] - Object 'Object Repository/CERTPAY_QUICKSTI/Payment_Information_Page/MULTIBUREAU_PAY_AMOUNT2' is visible

2020-09-08 14:19:18 - [MESSAGE][PASSED] - Object 'Object Repository/CERTPAY_QUICKSTI/Payment_Information_Page/MULTIBUREAU_PAY_AMOUNT2' is present

2020-09-08 14:19:20 - [MESSAGE][PASSED] - Text '20.00' is set on object 'Object Repository/CERTPAY_QUICKSTI/Payment_Information_Page/MULTIBUREAU_PAY_AMOUNT2'

2020-09-08 14:19:20 - [MESSAGE][PASSED] - Quicksti.ts:Entered'20.00 into Payment Amount

2020-09-08 14:19:20 - [TEST_STEP][PASSED] - pages.Quicksti.setCommnets("2", "0", "Tester"): Quicksti.ts:Entered'Tester into Comments

2020-09-08 14:19:20 - [MESSAGE][PASSED] - Object '' is present

2020-09-08 14:19:20 - [MESSAGE][PASSED] - Object '' is visible

2020-09-08 14:19:21 - [MESSAGE][PASSED] - Object '' is present

2020-09-08 14:19:22 - [MESSAGE][PASSED] - Text 'Tester' is set on object ''

2020-09-08 14:19:22 - [MESSAGE][PASSED] - Quicksti.ts:Entered'Tester into Comments

2020-09-08 14:19:22 - [TEST_STEP][PASSED] - pages.Quicksti.setAmountDetailsForMultiBureau("0", "Vehicles", "2", referenceNum, quantity): Quicksti.ts:Entered'1 into Quntity

2020-09-08 14:19:22 - [MESSAGE][PASSED] - Object '' is visible

2020-09-08 14:19:23 - [MESSAGE][PASSED] - Object '' is present

2020-09-08 14:19:24 - [MESSAGE][PASSED] - Object: '' is clicked on

2020-09-08 14:19:25 - [MESSAGE][PASSED] - All options with label 'Vehicles' are selected in object ''  using regular expression

2020-09-08 14:19:25 - [MESSAGE][PASSED] - selected dropdown option by visible text  Vehiclesfrom Payment Type

2020-09-08 14:19:26 - [MESSAGE][PASSED] - Object '' is present

2020-09-08 14:19:26 - [MESSAGE][PASSED] - Object '' is visible

2020-09-08 14:19:26 - [MESSAGE][PASSED] - Object '' is present

2020-09-08 14:19:27 - [MESSAGE][PASSED] - Text '11' is set on object ''

2020-09-08 14:19:27 - [MESSAGE][PASSED] - Quicksti.ts:Entered'11 into RefrenceNumber

2020-09-08 14:19:28 - [MESSAGE][PASSED] - Object '' is present

2020-09-08 14:19:28 - [MESSAGE][PASSED] - Object '' is visible

2020-09-08 14:19:28 - [MESSAGE][PASSED] - Object '' is present

2020-09-08 14:19:30 - [MESSAGE][PASSED] - Text '1' is set on object ''

2020-09-08 14:19:30 - [MESSAGE][PASSED] - Quicksti.ts:Entered'1 into Quntity

2020-09-08 14:19:30 - [TEST_STEP][PASSED] - utilities.SafeActions.safeClick(findTestObject("CERTPAY_QUICKSTI/Payment_Information_Page/MANUAL_ENTRY_BUTTON"), "ManualEntry", [pageLoadTime]): Quicksti.ts:Clicked on the ManualEntry

2020-09-08 14:19:30 - [MESSAGE][INFO] - safeClicking

2020-09-08 14:19:30 - [MESSAGE][PASSED] - Object 'Object Repository/CERTPAY_QUICKSTI/Payment_Information_Page/MANUAL_ENTRY_BUTTON' is present

2020-09-08 14:19:30 - [MESSAGE][PASSED] - Object 'Object Repository/CERTPAY_QUICKSTI/Payment_Information_Page/MANUAL_ENTRY_BUTTON' is clickable

2020-09-08 14:19:38 - [MESSAGE][PASSED] - Object: 'Object Repository/CERTPAY_QUICKSTI/Payment_Information_Page/MANUAL_ENTRY_BUTTON' is clicked on

2020-09-08 14:19:38 - [MESSAGE][PASSED] - Quicksti.ts:Clicked on the ManualEntry

2020-09-08 14:19:38 - [TEST_STEP][PASSED] - amount_Value = pages.Quicksti.getAttributeValue(findTestObject("CERTPAY_QUICKSTI/Payment_Information_Page/SUB_TOTAL")): pages.Quicksti.getAttributeValue is PASSED

2020-09-08 14:19:38 - [MESSAGE][PASSED] - Attribute 'value' of object 'Object Repository/CERTPAY_QUICKSTI/Payment_Information_Page/SUB_TOTAL' is: '20.00'

2020-09-08 14:19:38 - [MESSAGE][PASSED] - pages.Quicksti.getAttributeValue is PASSED

2020-09-08 14:19:38 - [TEST_STEP][PASSED] - CardNumber = pages.Quicksti.setUserPaymentDetails(firstName, lastName, cardNum): Quicksti.ts:Entered'4761739001010135 into CardNum

2020-09-08 14:19:39 - [MESSAGE][PASSED] - Object 'Object Repository/CERTPAY_QUICKSTI/Payment_Information_Page/FIRST_NAME' is present

2020-09-08 14:19:39 - [MESSAGE][PASSED] - Object 'Object Repository/CERTPAY_QUICKSTI/Payment_Information_Page/FIRST_NAME' is visible

2020-09-08 14:19:39 - [MESSAGE][PASSED] - Object 'Object Repository/CERTPAY_QUICKSTI/Payment_Information_Page/FIRST_NAME' is present

2020-09-08 14:19:41 - [MESSAGE][PASSED] - Text 'Tester' is set on object 'Object Repository/CERTPAY_QUICKSTI/Payment_Information_Page/FIRST_NAME'

2020-09-08 14:19:41 - [MESSAGE][PASSED] - Quicksti.ts:Entered'Tester into FirstName

2020-09-08 14:19:41 - [MESSAGE][PASSED] - Object 'Object Repository/CERTPAY_QUICKSTI/Payment_Information_Page/LAST_NAME' is present

2020-09-08 14:19:41 - [MESSAGE][PASSED] - Object 'Object Repository/CERTPAY_QUICKSTI/Payment_Information_Page/LAST_NAME' is visible

2020-09-08 14:19:42 - [MESSAGE][PASSED] - Object 'Object Repository/CERTPAY_QUICKSTI/Payment_Information_Page/LAST_NAME' is present

2020-09-08 14:19:43 - [MESSAGE][PASSED] - Text 'Zenq1' is set on object 'Object Repository/CERTPAY_QUICKSTI/Payment_Information_Page/LAST_NAME'

2020-09-08 14:19:43 - [MESSAGE][PASSED] - Quicksti.ts:Entered'Zenq1 into LAstName

2020-09-08 14:19:43 - [MESSAGE][PASSED] - Object 'Object Repository/CERTPAY_QUICKSTI/Payment_Information_Page/CARD_NUMBER' is present

2020-09-08 14:19:44 - [MESSAGE][PASSED] - Object 'Object Repository/CERTPAY_QUICKSTI/Payment_Information_Page/CARD_NUMBER' is visible

2020-09-08 14:19:44 - [MESSAGE][PASSED] - Object 'Object Repository/CERTPAY_QUICKSTI/Payment_Information_Page/CARD_NUMBER' is present

2020-09-08 14:19:45 - [MESSAGE][PASSED] - Text '4761739001010135' is set on object 'Object Repository/CERTPAY_QUICKSTI/Payment_Information_Page/CARD_NUMBER'

2020-09-08 14:19:45 - [MESSAGE][PASSED] - Quicksti.ts:Entered'4761739001010135 into CardNum

2020-09-08 14:19:45 - [TEST_STEP][PASSED] - pages.Quicksti.setExpDate(expMonth, expYear, securityCode): Quicksti.ts:Entered'207 into securityCode

2020-09-08 14:19:46 - [MESSAGE][PASSED] - Object 'Object Repository/CERTPAY_QUICKSTI/Payment_Information_Page/EXP_MONTH' is visible

2020-09-08 14:19:46 - [MESSAGE][PASSED] - Object 'Object Repository/CERTPAY_QUICKSTI/Payment_Information_Page/EXP_MONTH' is present

2020-09-08 14:19:47 - [MESSAGE][PASSED] - Object: 'Object Repository/CERTPAY_QUICKSTI/Payment_Information_Page/EXP_MONTH' is clicked on

2020-09-08 14:19:49 - [MESSAGE][PASSED] - All options with label '03' are selected in object 'Object Repository/CERTPAY_QUICKSTI/Payment_Information_Page/EXP_MONTH'  using regular expression

2020-09-08 14:19:49 - [MESSAGE][PASSED] - selected dropdown option by visible text  03from expMonth

2020-09-08 14:19:49 - [MESSAGE][PASSED] - Object 'Object Repository/CERTPAY_QUICKSTI/Payment_Information_Page/EXP_YEAR' is visible

2020-09-08 14:19:49 - [MESSAGE][PASSED] - Object 'Object Repository/CERTPAY_QUICKSTI/Payment_Information_Page/EXP_YEAR' is present

2020-09-08 14:19:50 - [MESSAGE][PASSED] - Object: 'Object Repository/CERTPAY_QUICKSTI/Payment_Information_Page/EXP_YEAR' is clicked on

2020-09-08 14:19:52 - [MESSAGE][PASSED] - All options with label '2022' are selected in object 'Object Repository/CERTPAY_QUICKSTI/Payment_Information_Page/EXP_YEAR'  using regular expression

2020-09-08 14:19:52 - [MESSAGE][PASSED] - selected dropdown option by visible text  2022from  expYear

2020-09-08 14:19:52 - [MESSAGE][PASSED] - Object 'Object Repository/CERTPAY_QUICKSTI/Payment_Information_Page/SECURITY_CODE' is present

2020-09-08 14:19:52 - [MESSAGE][PASSED] - Object 'Object Repository/CERTPAY_QUICKSTI/Payment_Information_Page/SECURITY_CODE' is visible

2020-09-08 14:19:53 - [MESSAGE][PASSED] - Object 'Object Repository/CERTPAY_QUICKSTI/Payment_Information_Page/SECURITY_CODE' is present

2020-09-08 14:19:54 - [MESSAGE][PASSED] - Text '207' is set on object 'Object Repository/CERTPAY_QUICKSTI/Payment_Information_Page/SECURITY_CODE'

2020-09-08 14:19:54 - [MESSAGE][PASSED] - Quicksti.ts:Entered'207 into securityCode

2020-09-08 14:19:54 - [TEST_STEP][PASSED] - utilities.SafeActions.safeType(findTestObject("CERTPAY_QUICKSTI/Payment_Information_Page/ADDRESS"), address, "Address", [pageLoadTime]): Quicksti.ts:Entered'14-2 into Address

2020-09-08 14:19:54 - [MESSAGE][PASSED] - Object 'Object Repository/CERTPAY_QUICKSTI/Payment_Information_Page/ADDRESS' is present

2020-09-08 14:19:55 - [MESSAGE][PASSED] - Object 'Object Repository/CERTPAY_QUICKSTI/Payment_Information_Page/ADDRESS' is visible

2020-09-08 14:19:55 - [MESSAGE][PASSED] - Object 'Object Repository/CERTPAY_QUICKSTI/Payment_Information_Page/ADDRESS' is present

2020-09-08 14:19:56 - [MESSAGE][PASSED] - Text '14-2' is set on object 'Object Repository/CERTPAY_QUICKSTI/Payment_Information_Page/ADDRESS'

2020-09-08 14:19:56 - [MESSAGE][PASSED] - Quicksti.ts:Entered'14-2 into Address

2020-09-08 14:19:56 - [TEST_STEP][PASSED] - utilities.SafeActions.safeType(findTestObject("CERTPAY_QUICKSTI/Payment_Information_Page/ZIP_CODE"), zipCode, "zipcode", [pageLoadTime]): Quicksti.ts:Entered'76102 into zipcode

2020-09-08 14:19:57 - [MESSAGE][PASSED] - Object 'Object Repository/CERTPAY_QUICKSTI/Payment_Information_Page/ZIP_CODE' is present

2020-09-08 14:19:57 - [MESSAGE][PASSED] - Object 'Object Repository/CERTPAY_QUICKSTI/Payment_Information_Page/ZIP_CODE' is visible

2020-09-08 14:19:57 - [MESSAGE][PASSED] - Object 'Object Repository/CERTPAY_QUICKSTI/Payment_Information_Page/ZIP_CODE' is present

2020-09-08 14:19:59 - [MESSAGE][PASSED] - Text '76102' is set on object 'Object Repository/CERTPAY_QUICKSTI/Payment_Information_Page/ZIP_CODE'

2020-09-08 14:19:59 - [MESSAGE][PASSED] - Quicksti.ts:Entered'76102 into zipcode

2020-09-08 14:19:59 - [TEST_STEP][PASSED] - utilities.SafeActions.safeType(findTestObject("CERTPAY_QUICKSTI/Payment_Information_Page/TELEPHONE"), telephone, "Telephone", [pageLoadTime]): Quicksti.ts:Entered'9988776655 into Telephone

2020-09-08 14:19:59 - [MESSAGE][PASSED] - Object 'Object Repository/CERTPAY_QUICKSTI/Payment_Information_Page/TELEPHONE' is present

2020-09-08 14:19:59 - [MESSAGE][PASSED] - Object 'Object Repository/CERTPAY_QUICKSTI/Payment_Information_Page/TELEPHONE' is visible

2020-09-08 14:20:00 - [MESSAGE][PASSED] - Object 'Object Repository/CERTPAY_QUICKSTI/Payment_Information_Page/TELEPHONE' is present

2020-09-08 14:20:01 - [MESSAGE][PASSED] - Text '9988776655' is set on object 'Object Repository/CERTPAY_QUICKSTI/Payment_Information_Page/TELEPHONE'

2020-09-08 14:20:01 - [MESSAGE][PASSED] - Quicksti.ts:Entered'9988776655 into Telephone

2020-09-08 14:20:01 - [TEST_STEP][PASSED] - utilities.SafeActions.safeType(findTestObject("CERTPAY_QUICKSTI/Payment_Information_Page/EMAIL_ADDRESS"), emailAddress, "EMAIL address", [pageLoadTime]): Quicksti.ts:Entered'testing@zenq.com into EMAIL address

2020-09-08 14:20:01 - [MESSAGE][PASSED] - Object 'Object Repository/CERTPAY_QUICKSTI/Payment_Information_Page/EMAIL_ADDRESS' is present

2020-09-08 14:20:02 - [MESSAGE][PASSED] - Object 'Object Repository/CERTPAY_QUICKSTI/Payment_Information_Page/EMAIL_ADDRESS' is visible

2020-09-08 14:20:02 - [MESSAGE][PASSED] - Object 'Object Repository/CERTPAY_QUICKSTI/Payment_Information_Page/EMAIL_ADDRESS' is present

2020-09-08 14:20:03 - [MESSAGE][PASSED] - Text 'testing@zenq.com' is set on object 'Object Repository/CERTPAY_QUICKSTI/Payment_Information_Page/EMAIL_ADDRESS'

2020-09-08 14:20:03 - [MESSAGE][PASSED] - Quicksti.ts:Entered'testing@zenq.com into EMAIL address

2020-09-08 14:20:03 - [TEST_STEP][PASSED] - utilities.SafeActions.safeClick(findTestObject("CERTPAY_QUICKSTI/Payment_Information_Page/NEXT_BUTTON"), "Next", [pageLoadTime]): Quicksti.ts:Clicked on the Next

2020-09-08 14:20:03 - [MESSAGE][INFO] - safeClicking

2020-09-08 14:20:03 - [MESSAGE][PASSED] - Object 'Object Repository/CERTPAY_QUICKSTI/Payment_Information_Page/NEXT_BUTTON' is present

2020-09-08 14:20:04 - [MESSAGE][PASSED] - Object 'Object Repository/CERTPAY_QUICKSTI/Payment_Information_Page/NEXT_BUTTON' is clickable

2020-09-08 14:20:11 - [MESSAGE][PASSED] - Object: 'Object Repository/CERTPAY_QUICKSTI/Payment_Information_Page/NEXT_BUTTON' is clicked on

2020-09-08 14:20:11 - [MESSAGE][PASSED] - Quicksti.ts:Clicked on the Next

2020-09-08 14:20:11 - [TEST_STEP][PASSED] - pages.Quicksti.verifyUserPaymentDetails(paymentAmount, firstName, lastName, CardNumber): pages.Quicksti.verifyUserPaymentDetails is PASSED

2020-09-08 14:20:11 - [MESSAGE][PASSED] - Text of object 'Object Repository/CERTPAY_QUICKSTI/Payment_Details_Verification_Page/AMOUNT' is: '$20.00'

2020-09-08 14:20:11 - [MESSAGE][PASSED] - Actual text '20.00' and expected text '20.00' are matched  using regular expression

2020-09-08 14:20:12 - [MESSAGE][PASSED] - Text of object 'Object Repository/CERTPAY_QUICKSTI/Payment_Details_Verification_Page/NAME' is: 'Tester Zenq1'

2020-09-08 14:20:12 - [MESSAGE][PASSED] - Actual text 'Tester Zenq1' and expected text 'Tester Zenq1' are matched  using regular expression

2020-09-08 14:20:12 - [MESSAGE][PASSED] - Text of object 'Object Repository/CERTPAY_QUICKSTI/Payment_Details_Verification_Page/CARD_NUMBER' is: '...0135'

2020-09-08 14:20:12 - [MESSAGE][PASSED] - Actual text '0135' and expected text '0135' are matched  using regular expression

2020-09-08 14:20:12 - [MESSAGE][PASSED] - pages.Quicksti.verifyUserPaymentDetails is PASSED

2020-09-08 14:20:12 - [TEST_STEP][PASSED] - delay(2): Delayed 2 second(s)

2020-09-08 14:20:14 - [MESSAGE][PASSED] - Delayed 2 second(s)

2020-09-08 14:20:14 - [TEST_STEP][PASSED] - scrollToElement(findTestObject("CERTPAY_QUICKSTI/Payment_Details_Verification_Page/PROCESS"), 0): Scroll to object 'Object Repository/CERTPAY_QUICKSTI/Payment_Details_Verification_Page/PROCESS' successfully

2020-09-08 14:20:14 - [MESSAGE][WARNING] - Timeout '0' is invalid. Using default page load timeout: '30'

2020-09-08 14:20:15 - [MESSAGE][PASSED] - Scroll to object 'Object Repository/CERTPAY_QUICKSTI/Payment_Details_Verification_Page/PROCESS' successfully

2020-09-08 14:20:15 - [TEST_STEP][PASSED] - utilities.SafeActions.safeClick(findTestObject("CERTPAY_QUICKSTI/Payment_Details_Verification_Page/PROCESS"), "Process", [pageLoadTime]): Quicksti.ts:Clicked on the Process

2020-09-08 14:20:15 - [MESSAGE][INFO] - safeClicking

2020-09-08 14:20:15 - [MESSAGE][PASSED] - Object 'Object Repository/CERTPAY_QUICKSTI/Payment_Details_Verification_Page/PROCESS' is present

2020-09-08 14:20:15 - [MESSAGE][PASSED] - Object 'Object Repository/CERTPAY_QUICKSTI/Payment_Details_Verification_Page/PROCESS' is clickable

2020-09-08 14:20:22 - [MESSAGE][PASSED] - Object: 'Object Repository/CERTPAY_QUICKSTI/Payment_Details_Verification_Page/PROCESS' is clicked on

2020-09-08 14:20:22 - [MESSAGE][PASSED] - Quicksti.ts:Clicked on the Process

2020-09-08 14:20:22 - [TEST_STEP][PASSED] - PaymentId = pages.Quicksti.verifyPaymentApproval(findTestObject("CERTPAY_QUICKSTI/Payment_Details_Verification_Page/APPROVED")): Payment is approved

2020-09-08 14:20:22 - [MESSAGE][PASSED] - Text of object 'Object Repository/CERTPAY_QUICKSTI/Payment_Details_Verification_Page/PAYMENT_ID' is: '100176112103'

2020-09-08 14:20:23 - [MESSAGE][PASSED] - Object 'Object Repository/CERTPAY_QUICKSTI/Payment_Details_Verification_Page/APPROVED' is present

2020-09-08 14:20:23 - [MESSAGE][PASSED] - Payment is approved

2020-09-08 14:20:25 - [TEST_STEP][PASSED] - navigateToUrl(Admin_url): Navigate to 'https://qa-certpayadmin.faps.net' successfully

2020-09-08 14:20:45 - [MESSAGE][PASSED] - Navigate to 'https://qa-certpayadmin.faps.net' successfully

2020-09-08 14:20:45 - [TEST_STEP][PASSED] - pages.Bureau_Login_Page.loginToAdminSite(AdminUsername, AdminPassword): Quicksti.ts:Clicked on the LOGIN

2020-09-08 14:20:45 - [MESSAGE][PASSED] - Object 'Object Repository/CERTPAY_ADMIN/USER_NAME' is present

2020-09-08 14:20:46 - [MESSAGE][PASSED] - Object 'Object Repository/CERTPAY_ADMIN/USER_NAME' is visible

2020-09-08 14:20:46 - [MESSAGE][PASSED] - Object 'Object Repository/CERTPAY_ADMIN/USER_NAME' is present

2020-09-08 14:20:47 - [MESSAGE][PASSED] - Text 'VVangiliappan' is set on object 'Object Repository/CERTPAY_ADMIN/USER_NAME'

2020-09-08 14:20:47 - [MESSAGE][PASSED] - Quicksti.ts:Entered'VVangiliappan into username

2020-09-08 14:20:48 - [MESSAGE][PASSED] - Object 'Object Repository/CERTPAY_ADMIN/PASSWORD' is present

2020-09-08 14:20:48 - [MESSAGE][PASSED] - Object 'Object Repository/CERTPAY_ADMIN/PASSWORD' is visible

2020-09-08 14:20:48 - [MESSAGE][PASSED] - Object 'Object Repository/CERTPAY_ADMIN/PASSWORD' is present

2020-09-08 14:20:50 - [MESSAGE][PASSED] - Text 'Knila@12345' is set on object 'Object Repository/CERTPAY_ADMIN/PASSWORD'

2020-09-08 14:20:50 - [MESSAGE][PASSED] - Quicksti.ts:Entered'Knila@12345 into password

2020-09-08 14:20:50 - [MESSAGE][INFO] - safeClicking

2020-09-08 14:20:50 - [MESSAGE][PASSED] - Object 'Object Repository/CERTPAY_ADMIN/LOGIN_BUTTON' is present

2020-09-08 14:20:50 - [MESSAGE][PASSED] - Object 'Object Repository/CERTPAY_ADMIN/LOGIN_BUTTON' is clickable

2020-09-08 14:21:18 - [MESSAGE][PASSED] - Object: 'Object Repository/CERTPAY_ADMIN/LOGIN_BUTTON' is clicked on

2020-09-08 14:21:18 - [MESSAGE][PASSED] - Quicksti.ts:Clicked on the LOGIN

2020-09-08 14:21:18 - [TEST_STEP][PASSED] - utilities.SafeActions.safeClick(findTestObject("CERTPAY_ADMIN/TRANSACTION_SEARCH"), "TransactionSearch", [pageLoadTime]): Quicksti.ts:Clicked on the TransactionSearch

2020-09-08 14:21:18 - [MESSAGE][INFO] - safeClicking

2020-09-08 14:21:19 - [MESSAGE][PASSED] - Object 'Object Repository/CERTPAY_ADMIN/TRANSACTION_SEARCH' is present

2020-09-08 14:21:19 - [MESSAGE][PASSED] - Object 'Object Repository/CERTPAY_ADMIN/TRANSACTION_SEARCH' is clickable

2020-09-08 14:21:27 - [MESSAGE][PASSED] - Object: 'Object Repository/CERTPAY_ADMIN/TRANSACTION_SEARCH' is clicked on

2020-09-08 14:21:27 - [MESSAGE][PASSED] - Quicksti.ts:Clicked on the TransactionSearch

2020-09-08 14:21:27 - [TEST_STEP][PASSED] - utilities.SafeActions.safeType(findTestObject("CERTPAY_ADMIN/PAYMENT_ID"), paymentId, "Payment id", [pageLoadTime]): null

2020-09-08 14:21:27 - [TEST_STEP][PASSED] - Start listener action : afterTestCase: Browser is closed

2020-09-08 14:21:27 - [TEST_STEP][PASSED] - closeBrowser(): Browser is closed

2020-09-08 14:21:34 - [MESSAGE][PASSED] - Browser is closed]]></system-out>
         <system-err><![CDATA[2020-09-08 14:18:30 - [TEST_CASE][ERROR] - Test Cases/Certpay_Quicksti/TC_004_MultiBureauSite_MultiBureaus_SingleLinePayment: Test Cases/Certpay_Quicksti/TC_004_MultiBureauSite_MultiBureaus_SingleLinePayment FAILED.
Reason:
groovy.lang.MissingPropertyException: No such property: paymentId for class: Script1572264750878
	at TC_004_MultiBureauSite_MultiBureaus_SingleLinePayment.run(TC_004_MultiBureauSite_MultiBureaus_SingleLinePayment:133)
	at com.kms.katalon.core.main.ScriptEngine.run(ScriptEngine.java:194)
	at com.kms.katalon.core.main.ScriptEngine.runScriptAsRawText(ScriptEngine.java:119)
	at com.kms.katalon.core.main.TestCaseExecutor.runScript(TestCaseExecutor.java:337)
	at com.kms.katalon.core.main.TestCaseExecutor.doExecute(TestCaseExecutor.java:328)
	at com.kms.katalon.core.main.TestCaseExecutor.processExecutionPhase(TestCaseExecutor.java:307)
	at com.kms.katalon.core.main.TestCaseExecutor.accessMainPhase(TestCaseExecutor.java:299)
	at com.kms.katalon.core.main.TestCaseExecutor.execute(TestCaseExecutor.java:233)
	at com.kms.katalon.core.main.TestSuiteExecutor.accessTestCaseMainPhase(TestSuiteExecutor.java:169)
	at com.kms.katalon.core.main.TestSuiteExecutor.accessTestSuiteMainPhase(TestSuiteExecutor.java:142)
	at com.kms.katalon.core.main.TestSuiteExecutor.execute(TestSuiteExecutor.java:91)
	at com.kms.katalon.core.main.TestCaseMain.startTestSuite(TestCaseMain.java:157)
	at com.kms.katalon.core.main.TestCaseMain$startTestSuite$0.call(Unknown Source)
	at TempTestSuite1599553616550.run(TempTestSuite1599553616550.groovy:36)]]></system-err>
      </testcase>
      <testcase name="Test Cases/Certpay_Quicksti/TC_005_MultiBureauSite_MultiBureaus_MultiLinePayments" time="1361.922" classname="Test Cases/Certpay_Quicksti/TC_005_MultiBureauSite_MultiBureaus_MultiLinePayments" status="FAILED">
         <failure type="FAILED" message="Test Cases/Certpay_Quicksti/TC_005_MultiBureauSite_MultiBureaus_MultiLinePayments FAILED.
Reason:
com.kms.katalon.core.exception.StepFailedException: Unable to get text of object 'Object Repository/CERTPAY_QUICKSTI/Payment_Details_Verification_Page/AMOUNT'
	at com.kms.katalon.core.webui.keyword.internal.WebUIKeywordMain.stepFailed(WebUIKeywordMain.groovy:64)
	at com.kms.katalon.core.webui.keyword.internal.WebUIKeywordMain.runKeyword(WebUIKeywordMain.groovy:26)
	at com.kms.katalon.core.webui.keyword.builtin.GetTextKeyword.getText(GetTextKeyword.groovy:88)
	at com.kms.katalon.core.webui.keyword.builtin.GetTextKeyword.execute(GetTextKeyword.groovy:67)
	at com.kms.katalon.core.keyword.internal.KeywordExecutor.executeKeywordForPlatform(KeywordExecutor.groovy:72)
	at com.kms.katalon.core.webui.keyword.WebUiBuiltInKeywords.getText(WebUiBuiltInKeywords.groovy:888)
	at com.kms.katalon.core.webui.keyword.WebUiBuiltInKeywords$getText$10.call(Unknown Source)
	at pages.Quicksti.verifyUserPaymentDetails(Quicksti.groovy:104)
	at pages.Quicksti.invokeMethod(Quicksti.groovy)
	at com.kms.katalon.core.main.CustomKeywordDelegatingMetaClass.invokeStaticMethod(CustomKeywordDelegatingMetaClass.java:50)
	at TC_005_MultiBureauSite_MultiBureaus_MultiLinePayments.run(TC_005_MultiBureauSite_MultiBureaus_MultiLinePayments:148)
	at com.kms.katalon.core.main.ScriptEngine.run(ScriptEngine.java:194)
	at com.kms.katalon.core.main.ScriptEngine.runScriptAsRawText(ScriptEngine.java:119)
	at com.kms.katalon.core.main.TestCaseExecutor.runScript(TestCaseExecutor.java:337)
	at com.kms.katalon.core.main.TestCaseExecutor.doExecute(TestCaseExecutor.java:328)
	at com.kms.katalon.core.main.TestCaseExecutor.processExecutionPhase(TestCaseExecutor.java:307)
	at com.kms.katalon.core.main.TestCaseExecutor.accessMainPhase(TestCaseExecutor.java:299)
	at com.kms.katalon.core.main.TestCaseExecutor.execute(TestCaseExecutor.java:233)
	at com.kms.katalon.core.main.TestSuiteExecutor.accessTestCaseMainPhase(TestSuiteExecutor.java:169)
	at com.kms.katalon.core.main.TestSuiteExecutor.accessTestSuiteMainPhase(TestSuiteExecutor.java:142)
	at com.kms.katalon.core.main.TestSuiteExecutor.execute(TestSuiteExecutor.java:91)
	at com.kms.katalon.core.main.TestCaseMain.startTestSuite(TestCaseMain.java:157)
	at com.kms.katalon.core.main.TestCaseMain$startTestSuite$0.call(Unknown Source)
	at TempTestSuite1599553616550.run(TempTestSuite1599553616550.groovy:36)
Caused by: com.kms.katalon.core.webui.exception.WebElementNotFoundException: Web element with id: 'Object Repository/CERTPAY_QUICKSTI/Payment_Details_Verification_Page/AMOUNT' located by 'By.xpath: (//td[@class='invoiceAmount col-xs-12 col-sm-2 amount'])[1]' not found
	at com.kms.katalon.core.webui.common.WebUiCommonHelper.findWebElement(WebUiCommonHelper.java:1154)
	at com.kms.katalon.core.webui.keyword.internal.WebUIAbstractKeyword.findWebElement(WebUIAbstractKeyword.groovy:27)
	at com.kms.katalon.core.webui.keyword.internal.WebUIAbstractKeyword.findWebElement(WebUIAbstractKeyword.groovy:26)
	at com.kms.katalon.core.webui.keyword.builtin.GetTextKeyword$_getText_closure1.doCall(GetTextKeyword.groovy:78)
	at com.kms.katalon.core.webui.keyword.builtin.GetTextKeyword$_getText_closure1.call(GetTextKeyword.groovy)
	at com.kms.katalon.core.webui.keyword.internal.WebUIKeywordMain.runKeyword(WebUIKeywordMain.groovy:20)
	... 22 more
"/>
         <system-out><![CDATA[2020-09-08 14:21:34 - [TEST_CASE][FAILED] - Test Cases/Certpay_Quicksti/TC_005_MultiBureauSite_MultiBureaus_MultiLinePayments: Test Cases/Certpay_Quicksti/TC_005_MultiBureauSite_MultiBureaus_MultiLinePayments FAILED.
Reason:
com.kms.katalon.core.exception.StepFailedException: Unable to get text of object 'Object Repository/CERTPAY_QUICKSTI/Payment_Details_Verification_Page/AMOUNT'
	at com.kms.katalon.core.webui.keyword.internal.WebUIKeywordMain.stepFailed(WebUIKeywordMain.groovy:64)
	at com.kms.katalon.core.webui.keyword.internal.WebUIKeywordMain.runKeyword(WebUIKeywordMain.groovy:26)
	at com.kms.katalon.core.webui.keyword.builtin.GetTextKeyword.getText(GetTextKeyword.groovy:88)
	at com.kms.katalon.core.webui.keyword.builtin.GetTextKeyword.execute(GetTextKeyword.groovy:67)
	at com.kms.katalon.core.keyword.internal.KeywordExecutor.executeKeywordForPlatform(KeywordExecutor.groovy:72)
	at com.kms.katalon.core.webui.keyword.WebUiBuiltInKeywords.getText(WebUiBuiltInKeywords.groovy:888)
	at com.kms.katalon.core.webui.keyword.WebUiBuiltInKeywords$getText$10.call(Unknown Source)
	at pages.Quicksti.verifyUserPaymentDetails(Quicksti.groovy:104)
	at pages.Quicksti.invokeMethod(Quicksti.groovy)
	at com.kms.katalon.core.main.CustomKeywordDelegatingMetaClass.invokeStaticMethod(CustomKeywordDelegatingMetaClass.java:50)
	at TC_005_MultiBureauSite_MultiBureaus_MultiLinePayments.run(TC_005_MultiBureauSite_MultiBureaus_MultiLinePayments:148)
	at com.kms.katalon.core.main.ScriptEngine.run(ScriptEngine.java:194)
	at com.kms.katalon.core.main.ScriptEngine.runScriptAsRawText(ScriptEngine.java:119)
	at com.kms.katalon.core.main.TestCaseExecutor.runScript(TestCaseExecutor.java:337)
	at com.kms.katalon.core.main.TestCaseExecutor.doExecute(TestCaseExecutor.java:328)
	at com.kms.katalon.core.main.TestCaseExecutor.processExecutionPhase(TestCaseExecutor.java:307)
	at com.kms.katalon.core.main.TestCaseExecutor.accessMainPhase(TestCaseExecutor.java:299)
	at com.kms.katalon.core.main.TestCaseExecutor.execute(TestCaseExecutor.java:233)
	at com.kms.katalon.core.main.TestSuiteExecutor.accessTestCaseMainPhase(TestSuiteExecutor.java:169)
	at com.kms.katalon.core.main.TestSuiteExecutor.accessTestSuiteMainPhase(TestSuiteExecutor.java:142)
	at com.kms.katalon.core.main.TestSuiteExecutor.execute(TestSuiteExecutor.java:91)
	at com.kms.katalon.core.main.TestCaseMain.startTestSuite(TestCaseMain.java:157)
	at com.kms.katalon.core.main.TestCaseMain$startTestSuite$0.call(Unknown Source)
	at TempTestSuite1599553616550.run(TempTestSuite1599553616550.groovy:36)
Caused by: com.kms.katalon.core.webui.exception.WebElementNotFoundException: Web element with id: 'Object Repository/CERTPAY_QUICKSTI/Payment_Details_Verification_Page/AMOUNT' located by 'By.xpath: (//td[@class='invoiceAmount col-xs-12 col-sm-2 amount'])[1]' not found
	at com.kms.katalon.core.webui.common.WebUiCommonHelper.findWebElement(WebUiCommonHelper.java:1154)
	at com.kms.katalon.core.webui.keyword.internal.WebUIAbstractKeyword.findWebElement(WebUIAbstractKeyword.groovy:27)
	at com.kms.katalon.core.webui.keyword.internal.WebUIAbstractKeyword.findWebElement(WebUIAbstractKeyword.groovy:26)
	at com.kms.katalon.core.webui.keyword.builtin.GetTextKeyword$_getText_closure1.doCall(GetTextKeyword.groovy:78)
	at com.kms.katalon.core.webui.keyword.builtin.GetTextKeyword$_getText_closure1.call(GetTextKeyword.groovy)
	at com.kms.katalon.core.webui.keyword.internal.WebUIKeywordMain.runKeyword(WebUIKeywordMain.groovy:20)
	... 22 more


2020-09-08 14:21:34 - [TEST_STEP][PASSED] - Start listener action : beforeTestCase: null

2020-09-08 14:21:34 - [TEST_STEP][PASSED] - data = findTestData("Certpay/MultiBureau_MultiLine"): null

2020-09-08 14:21:35 - [TEST_STEP][PASSED] - amountList = []: null

2020-09-08 14:21:35 - [TEST_STEP][PASSED] - referenceList = []: null

2020-09-08 14:21:35 - [TEST_STEP][PASSED] - paymentTypeList = []: null

2020-09-08 14:21:35 - [TEST_STEP][PASSED] - quantityList = []: null

2020-09-08 14:21:35 - [TEST_STEP][PASSED] - commentsList = []: null

2020-09-08 14:21:35 - [TEST_STEP][PASSED] - paymentIdList = []: null

2020-09-08 14:21:35 - [TEST_STEP][PASSED] - list = new java.util.ArrayList(): null

2020-09-08 14:21:35 - [TEST_STEP][FAILED] - for (def index : (1..data.getRowNumbers())): Unable to get text of object 'Object Repository/CERTPAY_QUICKSTI/Payment_Details_Verification_Page/AMOUNT'

2020-09-08 14:21:35 - [TEST_STEP][PASSED] - firstName = data.getValue("FirstName", index): null

2020-09-08 14:21:35 - [TEST_STEP][PASSED] - lastName = data.getValue("LastName", index): null

2020-09-08 14:21:35 - [TEST_STEP][PASSED] - cardNum = data.getValue("CardNumber", index): null

2020-09-08 14:21:35 - [TEST_STEP][PASSED] - expMonth = data.getValue("ExpMonth", index): null

2020-09-08 14:21:35 - [TEST_STEP][PASSED] - expYear = data.getValue("ExpYear", index): null

2020-09-08 14:21:35 - [TEST_STEP][PASSED] - securityCode = data.getValue("SecurityCode", index): null

2020-09-08 14:21:35 - [TEST_STEP][PASSED] - paymentAmount = data.getValue("PaymentAmount", index): null

2020-09-08 14:21:35 - [TEST_STEP][PASSED] - paymentType = data.getValue("PaymentType", index): null

2020-09-08 14:21:35 - [TEST_STEP][PASSED] - quantity = data.getValue("Quantity", index): null

2020-09-08 14:21:35 - [TEST_STEP][PASSED] - comments = data.getValue("Comments", index): null

2020-09-08 14:21:35 - [TEST_STEP][PASSED] - referenceNum = data.getValue("ReferenceNum", index): null

2020-09-08 14:21:35 - [TEST_STEP][PASSED] - address = data.getValue("Address", index): null

2020-09-08 14:21:35 - [TEST_STEP][PASSED] - zipCode = data.getValue("Zipcode", index): null

2020-09-08 14:21:35 - [TEST_STEP][PASSED] - telephone = data.getValue("Telephone", index): null

2020-09-08 14:21:35 - [TEST_STEP][PASSED] - emailAddress = data.getValue("EmailAddress", index): null

2020-09-08 14:21:35 - [TEST_STEP][PASSED] - cardType = data.getValue("CardType", index): null

2020-09-08 14:21:35 - [TEST_STEP][PASSED] - amountList = paymentAmount.split(","): null

2020-09-08 14:21:35 - [TEST_STEP][PASSED] - referenceList = referenceNum.split(","): null

2020-09-08 14:21:35 - [TEST_STEP][PASSED] - paymentTypeList = paymentType.split(","): null

2020-09-08 14:21:35 - [TEST_STEP][PASSED] - commentsList = comments.split(","): null

2020-09-08 14:21:35 - [TEST_STEP][PASSED] - quantityList = quantity.split(","): null

2020-09-08 14:21:35 - [TEST_STEP][PASSED] - utilities.SafeActions.openBrowser(Quicksti_Url, [pageLoadTime]): Browser launched successfully

2020-09-08 14:21:35 - [MESSAGE][INFO] - Opening Browser

2020-09-08 14:21:35 - [MESSAGE][INFO] - Starting 'Chrome' driver

2020-09-08 14:22:01 - [MESSAGE][PASSED] - Browser is opened with url: 'https://qa-certpayquicksti.faps.net/'

2020-09-08 14:22:03 - [MESSAGE][PASSED] - Current window maximized

2020-09-08 14:22:03 - [MESSAGE][PASSED] - Browser launched successfully

2020-09-08 14:22:03 - [TEST_STEP][PASSED] - utilities.SafeActions.safeCheck(findTestObject("CERTPAY_QUICKSTI/Login_ Page/MULTI_BUREAU_CHECKBOX"), "Multi Bureau", [pageLoadTime]): Quicksti.ts:Checkbox 'Multi Bureau'is selected

2020-09-08 14:22:04 - [MESSAGE][PASSED] - Object 'Object Repository/CERTPAY_QUICKSTI/Login_ Page/MULTI_BUREAU_CHECKBOX' is present

2020-09-08 14:22:05 - [MESSAGE][PASSED] - Object 'Object Repository/CERTPAY_QUICKSTI/Login_ Page/MULTI_BUREAU_CHECKBOX' is present

2020-09-08 14:22:06 - [MESSAGE][PASSED] - Object: 'Object Repository/CERTPAY_QUICKSTI/Login_ Page/MULTI_BUREAU_CHECKBOX' is clicked on

2020-09-08 14:22:06 - [MESSAGE][PASSED] - Quicksti.ts:Checkbox 'Multi Bureau'is selected

2020-09-08 14:22:06 - [TEST_STEP][PASSED] - utilities.SafeActions.safeType(findTestObject("CERTPAY_QUICKSTI/Login_ Page/TELLER_ID"), teller_id, "Bureau code", [pageLoadTime]): Quicksti.ts:Entered'zenq into Bureau code

2020-09-08 14:22:07 - [MESSAGE][PASSED] - Object 'Object Repository/CERTPAY_QUICKSTI/Login_ Page/TELLER_ID' is present

2020-09-08 14:22:08 - [MESSAGE][PASSED] - Object 'Object Repository/CERTPAY_QUICKSTI/Login_ Page/TELLER_ID' is visible

2020-09-08 14:22:08 - [MESSAGE][PASSED] - Object 'Object Repository/CERTPAY_QUICKSTI/Login_ Page/TELLER_ID' is present

2020-09-08 14:22:09 - [MESSAGE][PASSED] - Text 'zenq' is set on object 'Object Repository/CERTPAY_QUICKSTI/Login_ Page/TELLER_ID'

2020-09-08 14:22:09 - [MESSAGE][PASSED] - Quicksti.ts:Entered'zenq into Bureau code

2020-09-08 14:22:09 - [TEST_STEP][PASSED] - utilities.SafeActions.safeClick(findTestObject("CERTPAY_QUICKSTI/Login_ Page/NEXT_BUTTON"), "Next button", [pageLoadTime]): Quicksti.ts:Clicked on the Next button

2020-09-08 14:22:09 - [MESSAGE][INFO] - safeClicking

2020-09-08 14:22:09 - [MESSAGE][PASSED] - Object 'Object Repository/CERTPAY_QUICKSTI/Login_ Page/NEXT_BUTTON' is present

2020-09-08 14:22:10 - [MESSAGE][PASSED] - Object 'Object Repository/CERTPAY_QUICKSTI/Login_ Page/NEXT_BUTTON' is clickable

2020-09-08 14:22:21 - [MESSAGE][PASSED] - Object: 'Object Repository/CERTPAY_QUICKSTI/Login_ Page/NEXT_BUTTON' is clicked on

2020-09-08 14:22:21 - [MESSAGE][PASSED] - Quicksti.ts:Clicked on the Next button

2020-09-08 14:22:21 - [TEST_STEP][PASSED] - for ([i = 0, i <= amountList.size() - 1, (i++)]): Quicksti.ts:Entered'2 into Quntity

2020-09-08 14:22:21 - [TEST_STEP][PASSED] - s = Integer.toString(i): null

2020-09-08 14:22:21 - [TEST_STEP][PASSED] - pages.Quicksti.setCommnets("0", s, commentsList.get(i)): Quicksti.ts:Entered'Testing into Comments

2020-09-08 14:22:22 - [MESSAGE][PASSED] - Object '' is present

2020-09-08 14:22:22 - [MESSAGE][PASSED] - Object '' is visible

2020-09-08 14:22:22 - [MESSAGE][PASSED] - Object '' is present

2020-09-08 14:22:24 - [MESSAGE][PASSED] - Text 'Testing' is set on object ''

2020-09-08 14:22:24 - [MESSAGE][PASSED] - Quicksti.ts:Entered'Testing into Comments

2020-09-08 14:22:24 - [TEST_STEP][PASSED] - utilities.SafeActions.safeType(findTestObject("CERTPAY_QUICKSTI/Payment_Information_Page/PAYMENT_AMOUNT"), amountList.get(i), "Payment Amount", [pageLoadTime]): Quicksti.ts:Entered'45.00 into Payment Amount

2020-09-08 14:22:24 - [MESSAGE][PASSED] - Object 'Object Repository/CERTPAY_QUICKSTI/Payment_Information_Page/PAYMENT_AMOUNT' is present

2020-09-08 14:22:25 - [MESSAGE][PASSED] - Object 'Object Repository/CERTPAY_QUICKSTI/Payment_Information_Page/PAYMENT_AMOUNT' is visible

2020-09-08 14:22:25 - [MESSAGE][PASSED] - Object 'Object Repository/CERTPAY_QUICKSTI/Payment_Information_Page/PAYMENT_AMOUNT' is present

2020-09-08 14:22:26 - [MESSAGE][PASSED] - Text '45.00' is set on object 'Object Repository/CERTPAY_QUICKSTI/Payment_Information_Page/PAYMENT_AMOUNT'

2020-09-08 14:22:26 - [MESSAGE][PASSED] - Quicksti.ts:Entered'45.00 into Payment Amount

2020-09-08 14:22:26 - [TEST_STEP][PASSED] - pages.Quicksti.setAmountDetailsForMultiBureau(s, paymentTypeList.get(i), "0", referenceList.get(i), quantityList.get(i)): Quicksti.ts:Entered'1 into Quntity

2020-09-08 14:22:27 - [MESSAGE][PASSED] - Object '' is visible

2020-09-08 14:22:27 - [MESSAGE][PASSED] - Object '' is present

2020-09-08 14:22:28 - [MESSAGE][PASSED] - Object: '' is clicked on

2020-09-08 14:22:30 - [MESSAGE][PASSED] - All options with label 'Licenses' are selected in object ''  using regular expression

2020-09-08 14:22:30 - [MESSAGE][PASSED] - selected dropdown option by visible text  Licensesfrom Payment Type

2020-09-08 14:22:30 - [MESSAGE][PASSED] - Object '' is present

2020-09-08 14:22:30 - [MESSAGE][PASSED] - Object '' is visible

2020-09-08 14:22:31 - [MESSAGE][PASSED] - Object '' is present

2020-09-08 14:22:32 - [MESSAGE][PASSED] - Text '11' is set on object ''

2020-09-08 14:22:32 - [MESSAGE][PASSED] - Quicksti.ts:Entered'11 into RefrenceNumber

2020-09-08 14:22:32 - [MESSAGE][PASSED] - Object '' is present

2020-09-08 14:22:32 - [MESSAGE][PASSED] - Object '' is visible

2020-09-08 14:22:33 - [MESSAGE][PASSED] - Object '' is present

2020-09-08 14:22:34 - [MESSAGE][PASSED] - Text '1' is set on object ''

2020-09-08 14:22:34 - [MESSAGE][PASSED] - Quicksti.ts:Entered'1 into Quntity

2020-09-08 14:22:34 - [TEST_STEP][PASSED] - s = Integer.toString(i): null

2020-09-08 14:22:34 - [TEST_STEP][PASSED] - pages.Quicksti.setCommnets("0", s, commentsList.get(i)): Quicksti.ts:Entered'Tester into Comments

2020-09-08 14:22:34 - [MESSAGE][PASSED] - Object '' is present

2020-09-08 14:22:35 - [MESSAGE][PASSED] - Object '' is visible

2020-09-08 14:22:35 - [MESSAGE][PASSED] - Object '' is present

2020-09-08 14:22:36 - [MESSAGE][PASSED] - Text 'Tester' is set on object ''

2020-09-08 14:22:36 - [MESSAGE][PASSED] - Quicksti.ts:Entered'Tester into Comments

2020-09-08 14:22:36 - [TEST_STEP][PASSED] - utilities.SafeActions.safeType(findTestObject("CERTPAY_QUICKSTI/Payment_Information_Page/PAYMENT_AMOUNT"), amountList.get(i), "Payment Amount", [pageLoadTime]): Quicksti.ts:Entered'35.00 into Payment Amount

2020-09-08 14:22:37 - [MESSAGE][PASSED] - Object 'Object Repository/CERTPAY_QUICKSTI/Payment_Information_Page/PAYMENT_AMOUNT' is present

2020-09-08 14:22:37 - [MESSAGE][PASSED] - Object 'Object Repository/CERTPAY_QUICKSTI/Payment_Information_Page/PAYMENT_AMOUNT' is visible

2020-09-08 14:22:37 - [MESSAGE][PASSED] - Object 'Object Repository/CERTPAY_QUICKSTI/Payment_Information_Page/PAYMENT_AMOUNT' is present

2020-09-08 14:22:39 - [MESSAGE][PASSED] - Text '35.00' is set on object 'Object Repository/CERTPAY_QUICKSTI/Payment_Information_Page/PAYMENT_AMOUNT'

2020-09-08 14:22:39 - [MESSAGE][PASSED] - Quicksti.ts:Entered'35.00 into Payment Amount

2020-09-08 14:22:39 - [TEST_STEP][PASSED] - pages.Quicksti.setAmountDetailsForMultiBureau(s, paymentTypeList.get(i), "0", referenceList.get(i), quantityList.get(i)): Quicksti.ts:Entered'2 into Quntity

2020-09-08 14:22:39 - [MESSAGE][PASSED] - Object '' is visible

2020-09-08 14:22:40 - [MESSAGE][PASSED] - Object '' is present

2020-09-08 14:22:41 - [MESSAGE][PASSED] - Object: '' is clicked on

2020-09-08 14:22:42 - [MESSAGE][PASSED] - All options with label 'Taxes' are selected in object ''  using regular expression

2020-09-08 14:22:42 - [MESSAGE][PASSED] - selected dropdown option by visible text  Taxesfrom Payment Type

2020-09-08 14:22:43 - [MESSAGE][PASSED] - Object '' is present

2020-09-08 14:22:43 - [MESSAGE][PASSED] - Object '' is visible

2020-09-08 14:22:43 - [MESSAGE][PASSED] - Object '' is present

2020-09-08 14:22:45 - [MESSAGE][PASSED] - Text '12' is set on object ''

2020-09-08 14:22:45 - [MESSAGE][PASSED] - Quicksti.ts:Entered'12 into RefrenceNumber

2020-09-08 14:22:45 - [MESSAGE][PASSED] - Object '' is present

2020-09-08 14:22:45 - [MESSAGE][PASSED] - Object '' is visible

2020-09-08 14:22:46 - [MESSAGE][PASSED] - Object '' is present

2020-09-08 14:22:47 - [MESSAGE][PASSED] - Text '2' is set on object ''

2020-09-08 14:22:47 - [MESSAGE][PASSED] - Quicksti.ts:Entered'2 into Quntity

2020-09-08 14:22:47 - [TEST_STEP][PASSED] - s = Integer.toString(i): null

2020-09-08 14:22:47 - [TEST_STEP][PASSED] - pages.Quicksti.setCommnets("0", s, commentsList.get(i)): Quicksti.ts:Entered'Testing into Comments

2020-09-08 14:22:47 - [MESSAGE][PASSED] - Object '' is present

2020-09-08 14:22:48 - [MESSAGE][PASSED] - Object '' is visible

2020-09-08 14:22:48 - [MESSAGE][PASSED] - Object '' is present

2020-09-08 14:22:49 - [MESSAGE][PASSED] - Text 'Testing' is set on object ''

2020-09-08 14:22:49 - [MESSAGE][PASSED] - Quicksti.ts:Entered'Testing into Comments

2020-09-08 14:22:49 - [TEST_STEP][PASSED] - utilities.SafeActions.safeType(findTestObject("CERTPAY_QUICKSTI/Payment_Information_Page/PAYMENT_AMOUNT"), amountList.get(i), "Payment Amount", [pageLoadTime]): Quicksti.ts:Entered'20.00 into Payment Amount

2020-09-08 14:22:50 - [MESSAGE][PASSED] - Object 'Object Repository/CERTPAY_QUICKSTI/Payment_Information_Page/PAYMENT_AMOUNT' is present

2020-09-08 14:22:50 - [MESSAGE][PASSED] - Object 'Object Repository/CERTPAY_QUICKSTI/Payment_Information_Page/PAYMENT_AMOUNT' is visible

2020-09-08 14:22:50 - [MESSAGE][PASSED] - Object 'Object Repository/CERTPAY_QUICKSTI/Payment_Information_Page/PAYMENT_AMOUNT' is present

2020-09-08 14:22:52 - [MESSAGE][PASSED] - Text '20.00' is set on object 'Object Repository/CERTPAY_QUICKSTI/Payment_Information_Page/PAYMENT_AMOUNT'

2020-09-08 14:22:52 - [MESSAGE][PASSED] - Quicksti.ts:Entered'20.00 into Payment Amount

2020-09-08 14:22:52 - [TEST_STEP][PASSED] - pages.Quicksti.setAmountDetailsForMultiBureau(s, paymentTypeList.get(i), "0", referenceList.get(i), quantityList.get(i)): Quicksti.ts:Entered'2 into Quntity

2020-09-08 14:22:52 - [MESSAGE][PASSED] - Object '' is visible

2020-09-08 14:22:52 - [MESSAGE][PASSED] - Object '' is present

2020-09-08 14:22:54 - [MESSAGE][PASSED] - Object: '' is clicked on

2020-09-08 14:22:55 - [MESSAGE][PASSED] - All options with label 'Court Fines' are selected in object ''  using regular expression

2020-09-08 14:22:55 - [MESSAGE][PASSED] - selected dropdown option by visible text  Court Finesfrom Payment Type

2020-09-08 14:22:55 - [MESSAGE][PASSED] - Object '' is present

2020-09-08 14:22:56 - [MESSAGE][PASSED] - Object '' is visible

2020-09-08 14:22:56 - [MESSAGE][PASSED] - Object '' is present

2020-09-08 14:22:57 - [MESSAGE][PASSED] - Text '13' is set on object ''

2020-09-08 14:22:57 - [MESSAGE][PASSED] - Quicksti.ts:Entered'13 into RefrenceNumber

2020-09-08 14:22:58 - [MESSAGE][PASSED] - Object '' is present

2020-09-08 14:22:58 - [MESSAGE][PASSED] - Object '' is visible

2020-09-08 14:22:58 - [MESSAGE][PASSED] - Object '' is present

2020-09-08 14:23:00 - [MESSAGE][PASSED] - Text '2' is set on object ''

2020-09-08 14:23:00 - [MESSAGE][PASSED] - Quicksti.ts:Entered'2 into Quntity

2020-09-08 14:23:00 - [TEST_STEP][PASSED] - for ([i = 0, i <= amountList.size() - 1, (i++)]): Quicksti.ts:Entered'2 into Quntity

2020-09-08 14:23:00 - [TEST_STEP][PASSED] - s = Integer.toString(i): null

2020-09-08 14:23:00 - [TEST_STEP][PASSED] - utilities.SafeActions.safeType(findTestObject("CERTPAY_QUICKSTI/Payment_Information_Page/MULTIBUREAU_PAYMENT_AMOUNT"), amountList.get(i), "Payment Amount", [pageLoadTime]): Quicksti.ts:Entered'45.00 into Payment Amount

2020-09-08 14:23:00 - [MESSAGE][PASSED] - Object 'Object Repository/CERTPAY_QUICKSTI/Payment_Information_Page/MULTIBUREAU_PAYMENT_AMOUNT' is present

2020-09-08 14:23:00 - [MESSAGE][PASSED] - Object 'Object Repository/CERTPAY_QUICKSTI/Payment_Information_Page/MULTIBUREAU_PAYMENT_AMOUNT' is visible

2020-09-08 14:23:01 - [MESSAGE][PASSED] - Object 'Object Repository/CERTPAY_QUICKSTI/Payment_Information_Page/MULTIBUREAU_PAYMENT_AMOUNT' is present

2020-09-08 14:23:02 - [MESSAGE][PASSED] - Text '45.00' is set on object 'Object Repository/CERTPAY_QUICKSTI/Payment_Information_Page/MULTIBUREAU_PAYMENT_AMOUNT'

2020-09-08 14:23:02 - [MESSAGE][PASSED] - Quicksti.ts:Entered'45.00 into Payment Amount

2020-09-08 14:23:02 - [TEST_STEP][PASSED] - pages.Quicksti.setAmountDetailsForMultiBureau(s, "Registration Fees", "1", referenceList.get(i), quantityList.get(i)): Quicksti.ts:Entered'1 into Quntity

2020-09-08 14:23:02 - [MESSAGE][PASSED] - Object '' is visible

2020-09-08 14:23:03 - [MESSAGE][PASSED] - Object '' is present

2020-09-08 14:23:04 - [MESSAGE][PASSED] - Object: '' is clicked on

2020-09-08 14:23:05 - [MESSAGE][PASSED] - All options with label 'Registration Fees' are selected in object ''  using regular expression

2020-09-08 14:23:05 - [MESSAGE][PASSED] - selected dropdown option by visible text  Registration Feesfrom Payment Type

2020-09-08 14:23:06 - [MESSAGE][PASSED] - Object '' is present

2020-09-08 14:23:06 - [MESSAGE][PASSED] - Object '' is visible

2020-09-08 14:23:06 - [MESSAGE][PASSED] - Object '' is present

2020-09-08 14:23:07 - [MESSAGE][PASSED] - Text '11' is set on object ''

2020-09-08 14:23:07 - [MESSAGE][PASSED] - Quicksti.ts:Entered'11 into RefrenceNumber

2020-09-08 14:23:08 - [MESSAGE][PASSED] - Object '' is present

2020-09-08 14:23:08 - [MESSAGE][PASSED] - Object '' is visible

2020-09-08 14:23:08 - [MESSAGE][PASSED] - Object '' is present

2020-09-08 14:23:10 - [MESSAGE][PASSED] - Text '1' is set on object ''

2020-09-08 14:23:10 - [MESSAGE][PASSED] - Quicksti.ts:Entered'1 into Quntity

2020-09-08 14:23:10 - [TEST_STEP][PASSED] - s = Integer.toString(i): null

2020-09-08 14:23:10 - [TEST_STEP][PASSED] - utilities.SafeActions.safeType(findTestObject("CERTPAY_QUICKSTI/Payment_Information_Page/MULTIBUREAU_PAYMENT_AMOUNT"), amountList.get(i), "Payment Amount", [pageLoadTime]): Quicksti.ts:Entered'35.00 into Payment Amount

2020-09-08 14:23:10 - [MESSAGE][PASSED] - Object 'Object Repository/CERTPAY_QUICKSTI/Payment_Information_Page/MULTIBUREAU_PAYMENT_AMOUNT' is present

2020-09-08 14:23:10 - [MESSAGE][PASSED] - Object 'Object Repository/CERTPAY_QUICKSTI/Payment_Information_Page/MULTIBUREAU_PAYMENT_AMOUNT' is visible

2020-09-08 14:23:11 - [MESSAGE][PASSED] - Object 'Object Repository/CERTPAY_QUICKSTI/Payment_Information_Page/MULTIBUREAU_PAYMENT_AMOUNT' is present

2020-09-08 14:23:12 - [MESSAGE][PASSED] - Text '35.00' is set on object 'Object Repository/CERTPAY_QUICKSTI/Payment_Information_Page/MULTIBUREAU_PAYMENT_AMOUNT'

2020-09-08 14:23:12 - [MESSAGE][PASSED] - Quicksti.ts:Entered'35.00 into Payment Amount

2020-09-08 14:23:12 - [TEST_STEP][PASSED] - pages.Quicksti.setAmountDetailsForMultiBureau(s, "Registration Fees", "1", referenceList.get(i), quantityList.get(i)): Quicksti.ts:Entered'2 into Quntity

2020-09-08 14:23:13 - [MESSAGE][PASSED] - Object '' is visible

2020-09-08 14:23:13 - [MESSAGE][PASSED] - Object '' is present

2020-09-08 14:23:14 - [MESSAGE][PASSED] - Object: '' is clicked on

2020-09-08 14:23:15 - [MESSAGE][PASSED] - All options with label 'Registration Fees' are selected in object ''  using regular expression

2020-09-08 14:23:15 - [MESSAGE][PASSED] - selected dropdown option by visible text  Registration Feesfrom Payment Type

2020-09-08 14:23:15 - [MESSAGE][PASSED] - Object '' is present

2020-09-08 14:23:16 - [MESSAGE][PASSED] - Object '' is visible

2020-09-08 14:23:16 - [MESSAGE][PASSED] - Object '' is present

2020-09-08 14:23:17 - [MESSAGE][PASSED] - Text '12' is set on object ''

2020-09-08 14:23:17 - [MESSAGE][PASSED] - Quicksti.ts:Entered'12 into RefrenceNumber

2020-09-08 14:23:18 - [MESSAGE][PASSED] - Object '' is present

2020-09-08 14:23:18 - [MESSAGE][PASSED] - Object '' is visible

2020-09-08 14:23:18 - [MESSAGE][PASSED] - Object '' is present

2020-09-08 14:23:20 - [MESSAGE][PASSED] - Text '2' is set on object ''

2020-09-08 14:23:20 - [MESSAGE][PASSED] - Quicksti.ts:Entered'2 into Quntity

2020-09-08 14:23:20 - [TEST_STEP][PASSED] - s = Integer.toString(i): null

2020-09-08 14:23:20 - [TEST_STEP][PASSED] - utilities.SafeActions.safeType(findTestObject("CERTPAY_QUICKSTI/Payment_Information_Page/MULTIBUREAU_PAYMENT_AMOUNT"), amountList.get(i), "Payment Amount", [pageLoadTime]): Quicksti.ts:Entered'20.00 into Payment Amount

2020-09-08 14:23:20 - [MESSAGE][PASSED] - Object 'Object Repository/CERTPAY_QUICKSTI/Payment_Information_Page/MULTIBUREAU_PAYMENT_AMOUNT' is present

2020-09-08 14:23:20 - [MESSAGE][PASSED] - Object 'Object Repository/CERTPAY_QUICKSTI/Payment_Information_Page/MULTIBUREAU_PAYMENT_AMOUNT' is visible

2020-09-08 14:23:21 - [MESSAGE][PASSED] - Object 'Object Repository/CERTPAY_QUICKSTI/Payment_Information_Page/MULTIBUREAU_PAYMENT_AMOUNT' is present

2020-09-08 14:23:22 - [MESSAGE][PASSED] - Text '20.00' is set on object 'Object Repository/CERTPAY_QUICKSTI/Payment_Information_Page/MULTIBUREAU_PAYMENT_AMOUNT'

2020-09-08 14:23:22 - [MESSAGE][PASSED] - Quicksti.ts:Entered'20.00 into Payment Amount

2020-09-08 14:23:22 - [TEST_STEP][PASSED] - pages.Quicksti.setAmountDetailsForMultiBureau(s, "Registration Fees", "1", referenceList.get(i), quantityList.get(i)): Quicksti.ts:Entered'2 into Quntity

2020-09-08 14:23:23 - [MESSAGE][PASSED] - Object '' is visible

2020-09-08 14:23:23 - [MESSAGE][PASSED] - Object '' is present

2020-09-08 14:23:24 - [MESSAGE][PASSED] - Object: '' is clicked on

2020-09-08 14:23:25 - [MESSAGE][PASSED] - All options with label 'Registration Fees' are selected in object ''  using regular expression

2020-09-08 14:23:25 - [MESSAGE][PASSED] - selected dropdown option by visible text  Registration Feesfrom Payment Type

2020-09-08 14:23:26 - [MESSAGE][PASSED] - Object '' is present

2020-09-08 14:23:26 - [MESSAGE][PASSED] - Object '' is visible

2020-09-08 14:23:26 - [MESSAGE][PASSED] - Object '' is present

2020-09-08 14:23:27 - [MESSAGE][PASSED] - Text '13' is set on object ''

2020-09-08 14:23:27 - [MESSAGE][PASSED] - Quicksti.ts:Entered'13 into RefrenceNumber

2020-09-08 14:23:28 - [MESSAGE][PASSED] - Object '' is present

2020-09-08 14:23:28 - [MESSAGE][PASSED] - Object '' is visible

2020-09-08 14:23:28 - [MESSAGE][PASSED] - Object '' is present

2020-09-08 14:23:30 - [MESSAGE][PASSED] - Text '2' is set on object ''

2020-09-08 14:23:30 - [MESSAGE][PASSED] - Quicksti.ts:Entered'2 into Quntity

2020-09-08 14:23:30 - [TEST_STEP][PASSED] - for ([i = 0, i <= amountList.size() - 1, (i++)]): Quicksti.ts:Entered'Testing into Comments

2020-09-08 14:23:30 - [TEST_STEP][PASSED] - s = Integer.toString(i): null

2020-09-08 14:23:30 - [TEST_STEP][PASSED] - utilities.SafeActions.safeType(findTestObject("CERTPAY_QUICKSTI/Payment_Information_Page/MULTIBUREAU_PAY_AMOUNT2"), amountList.get(i), "Payment Amount", [pageLoadTime]): Quicksti.ts:Entered'45.00 into Payment Amount

2020-09-08 14:23:30 - [MESSAGE][PASSED] - Object 'Object Repository/CERTPAY_QUICKSTI/Payment_Information_Page/MULTIBUREAU_PAY_AMOUNT2' is present

2020-09-08 14:23:30 - [MESSAGE][PASSED] - Object 'Object Repository/CERTPAY_QUICKSTI/Payment_Information_Page/MULTIBUREAU_PAY_AMOUNT2' is visible

2020-09-08 14:23:31 - [MESSAGE][PASSED] - Object 'Object Repository/CERTPAY_QUICKSTI/Payment_Information_Page/MULTIBUREAU_PAY_AMOUNT2' is present

2020-09-08 14:23:32 - [MESSAGE][PASSED] - Text '45.00' is set on object 'Object Repository/CERTPAY_QUICKSTI/Payment_Information_Page/MULTIBUREAU_PAY_AMOUNT2'

2020-09-08 14:23:32 - [MESSAGE][PASSED] - Quicksti.ts:Entered'45.00 into Payment Amount

2020-09-08 14:23:32 - [TEST_STEP][PASSED] - pages.Quicksti.setAmountDetailsForMultiBureau(s, "Vehicles", "2", referenceList.get(i), quantityList.get(i)): Quicksti.ts:Entered'1 into Quntity

2020-09-08 14:23:33 - [MESSAGE][PASSED] - Object '' is visible

2020-09-08 14:23:33 - [MESSAGE][PASSED] - Object '' is present

2020-09-08 14:23:34 - [MESSAGE][PASSED] - Object: '' is clicked on

2020-09-08 14:23:35 - [MESSAGE][PASSED] - All options with label 'Vehicles' are selected in object ''  using regular expression

2020-09-08 14:23:35 - [MESSAGE][PASSED] - selected dropdown option by visible text  Vehiclesfrom Payment Type

2020-09-08 14:23:36 - [MESSAGE][PASSED] - Object '' is present

2020-09-08 14:23:36 - [MESSAGE][PASSED] - Object '' is visible

2020-09-08 14:23:36 - [MESSAGE][PASSED] - Object '' is present

2020-09-08 14:23:38 - [MESSAGE][PASSED] - Text '11' is set on object ''

2020-09-08 14:23:38 - [MESSAGE][PASSED] - Quicksti.ts:Entered'11 into RefrenceNumber

2020-09-08 14:23:38 - [MESSAGE][PASSED] - Object '' is present

2020-09-08 14:23:38 - [MESSAGE][PASSED] - Object '' is visible

2020-09-08 14:23:38 - [MESSAGE][PASSED] - Object '' is present

2020-09-08 14:23:40 - [MESSAGE][PASSED] - Text '1' is set on object ''

2020-09-08 14:23:40 - [MESSAGE][PASSED] - Quicksti.ts:Entered'1 into Quntity

2020-09-08 14:23:40 - [TEST_STEP][PASSED] - pages.Quicksti.setCommnets("2", s, commentsList.get(i)): Quicksti.ts:Entered'Testing into Comments

2020-09-08 14:23:40 - [MESSAGE][PASSED] - Object '' is present

2020-09-08 14:23:40 - [MESSAGE][PASSED] - Object '' is visible

2020-09-08 14:23:41 - [MESSAGE][PASSED] - Object '' is present

2020-09-08 14:23:42 - [MESSAGE][PASSED] - Text 'Testing' is set on object ''

2020-09-08 14:23:42 - [MESSAGE][PASSED] - Quicksti.ts:Entered'Testing into Comments

2020-09-08 14:23:42 - [TEST_STEP][PASSED] - s = Integer.toString(i): null

2020-09-08 14:23:42 - [TEST_STEP][PASSED] - utilities.SafeActions.safeType(findTestObject("CERTPAY_QUICKSTI/Payment_Information_Page/MULTIBUREAU_PAY_AMOUNT2"), amountList.get(i), "Payment Amount", [pageLoadTime]): Quicksti.ts:Entered'35.00 into Payment Amount

2020-09-08 14:23:42 - [MESSAGE][PASSED] - Object 'Object Repository/CERTPAY_QUICKSTI/Payment_Information_Page/MULTIBUREAU_PAY_AMOUNT2' is present

2020-09-08 14:23:43 - [MESSAGE][PASSED] - Object 'Object Repository/CERTPAY_QUICKSTI/Payment_Information_Page/MULTIBUREAU_PAY_AMOUNT2' is visible

2020-09-08 14:23:43 - [MESSAGE][PASSED] - Object 'Object Repository/CERTPAY_QUICKSTI/Payment_Information_Page/MULTIBUREAU_PAY_AMOUNT2' is present

2020-09-08 14:23:44 - [MESSAGE][PASSED] - Text '35.00' is set on object 'Object Repository/CERTPAY_QUICKSTI/Payment_Information_Page/MULTIBUREAU_PAY_AMOUNT2'

2020-09-08 14:23:44 - [MESSAGE][PASSED] - Quicksti.ts:Entered'35.00 into Payment Amount

2020-09-08 14:23:44 - [TEST_STEP][PASSED] - pages.Quicksti.setAmountDetailsForMultiBureau(s, "Vehicles", "2", referenceList.get(i), quantityList.get(i)): Quicksti.ts:Entered'2 into Quntity

2020-09-08 14:23:45 - [MESSAGE][PASSED] - Object '' is visible

2020-09-08 14:23:45 - [MESSAGE][PASSED] - Object '' is present

2020-09-08 14:23:46 - [MESSAGE][PASSED] - Object: '' is clicked on

2020-09-08 14:23:48 - [MESSAGE][PASSED] - All options with label 'Vehicles' are selected in object ''  using regular expression

2020-09-08 14:23:48 - [MESSAGE][PASSED] - selected dropdown option by visible text  Vehiclesfrom Payment Type

2020-09-08 14:23:48 - [MESSAGE][PASSED] - Object '' is present

2020-09-08 14:23:48 - [MESSAGE][PASSED] - Object '' is visible

2020-09-08 14:23:49 - [MESSAGE][PASSED] - Object '' is present

2020-09-08 14:23:50 - [MESSAGE][PASSED] - Text '12' is set on object ''

2020-09-08 14:23:50 - [MESSAGE][PASSED] - Quicksti.ts:Entered'12 into RefrenceNumber

2020-09-08 14:23:50 - [MESSAGE][PASSED] - Object '' is present

2020-09-08 14:23:50 - [MESSAGE][PASSED] - Object '' is visible

2020-09-08 14:23:51 - [MESSAGE][PASSED] - Object '' is present

2020-09-08 14:23:52 - [MESSAGE][PASSED] - Text '2' is set on object ''

2020-09-08 14:23:52 - [MESSAGE][PASSED] - Quicksti.ts:Entered'2 into Quntity

2020-09-08 14:23:52 - [TEST_STEP][PASSED] - pages.Quicksti.setCommnets("2", s, commentsList.get(i)): Quicksti.ts:Entered'Tester into Comments

2020-09-08 14:23:52 - [MESSAGE][PASSED] - Object '' is present

2020-09-08 14:23:53 - [MESSAGE][PASSED] - Object '' is visible

2020-09-08 14:23:53 - [MESSAGE][PASSED] - Object '' is present

2020-09-08 14:23:54 - [MESSAGE][PASSED] - Text 'Tester' is set on object ''

2020-09-08 14:23:54 - [MESSAGE][PASSED] - Quicksti.ts:Entered'Tester into Comments

2020-09-08 14:23:54 - [TEST_STEP][PASSED] - s = Integer.toString(i): null

2020-09-08 14:23:54 - [TEST_STEP][PASSED] - utilities.SafeActions.safeType(findTestObject("CERTPAY_QUICKSTI/Payment_Information_Page/MULTIBUREAU_PAY_AMOUNT2"), amountList.get(i), "Payment Amount", [pageLoadTime]): Quicksti.ts:Entered'20.00 into Payment Amount

2020-09-08 14:23:55 - [MESSAGE][PASSED] - Object 'Object Repository/CERTPAY_QUICKSTI/Payment_Information_Page/MULTIBUREAU_PAY_AMOUNT2' is present

2020-09-08 14:23:55 - [MESSAGE][PASSED] - Object 'Object Repository/CERTPAY_QUICKSTI/Payment_Information_Page/MULTIBUREAU_PAY_AMOUNT2' is visible

2020-09-08 14:23:55 - [MESSAGE][PASSED] - Object 'Object Repository/CERTPAY_QUICKSTI/Payment_Information_Page/MULTIBUREAU_PAY_AMOUNT2' is present

2020-09-08 14:23:57 - [MESSAGE][PASSED] - Text '20.00' is set on object 'Object Repository/CERTPAY_QUICKSTI/Payment_Information_Page/MULTIBUREAU_PAY_AMOUNT2'

2020-09-08 14:23:57 - [MESSAGE][PASSED] - Quicksti.ts:Entered'20.00 into Payment Amount

2020-09-08 14:23:57 - [TEST_STEP][PASSED] - pages.Quicksti.setAmountDetailsForMultiBureau(s, "Vehicles", "2", referenceList.get(i), quantityList.get(i)): Quicksti.ts:Entered'2 into Quntity

2020-09-08 14:23:57 - [MESSAGE][PASSED] - Object '' is visible

2020-09-08 14:23:58 - [MESSAGE][PASSED] - Object '' is present

2020-09-08 14:23:59 - [MESSAGE][PASSED] - Object: '' is clicked on

2020-09-08 14:24:00 - [MESSAGE][PASSED] - All options with label 'Vehicles' are selected in object ''  using regular expression

2020-09-08 14:24:00 - [MESSAGE][PASSED] - selected dropdown option by visible text  Vehiclesfrom Payment Type

2020-09-08 14:24:01 - [MESSAGE][PASSED] - Object '' is present

2020-09-08 14:24:01 - [MESSAGE][PASSED] - Object '' is visible

2020-09-08 14:24:01 - [MESSAGE][PASSED] - Object '' is present

2020-09-08 14:24:03 - [MESSAGE][PASSED] - Text '13' is set on object ''

2020-09-08 14:24:03 - [MESSAGE][PASSED] - Quicksti.ts:Entered'13 into RefrenceNumber

2020-09-08 14:24:03 - [MESSAGE][PASSED] - Object '' is present

2020-09-08 14:24:03 - [MESSAGE][PASSED] - Object '' is visible

2020-09-08 14:24:03 - [MESSAGE][PASSED] - Object '' is present

2020-09-08 14:24:05 - [MESSAGE][PASSED] - Text '2' is set on object ''

2020-09-08 14:24:05 - [MESSAGE][PASSED] - Quicksti.ts:Entered'2 into Quntity

2020-09-08 14:24:05 - [TEST_STEP][PASSED] - pages.Quicksti.setCommnets("2", s, commentsList.get(i)): Quicksti.ts:Entered'Testing into Comments

2020-09-08 14:24:05 - [MESSAGE][PASSED] - Object '' is present

2020-09-08 14:24:06 - [MESSAGE][PASSED] - Object '' is visible

2020-09-08 14:24:06 - [MESSAGE][PASSED] - Object '' is present

2020-09-08 14:24:07 - [MESSAGE][PASSED] - Text 'Testing' is set on object ''

2020-09-08 14:24:07 - [MESSAGE][PASSED] - Quicksti.ts:Entered'Testing into Comments

2020-09-08 14:24:07 - [TEST_STEP][PASSED] - utilities.SafeActions.safeClick(findTestObject("CERTPAY_QUICKSTI/Payment_Information_Page/MANUAL_ENTRY_BUTTON"), "ManualEntry", [pageLoadTime]): Quicksti.ts:Clicked on the ManualEntry

2020-09-08 14:24:07 - [MESSAGE][INFO] - safeClicking

2020-09-08 14:24:08 - [MESSAGE][PASSED] - Object 'Object Repository/CERTPAY_QUICKSTI/Payment_Information_Page/MANUAL_ENTRY_BUTTON' is present

2020-09-08 14:24:08 - [MESSAGE][PASSED] - Object 'Object Repository/CERTPAY_QUICKSTI/Payment_Information_Page/MANUAL_ENTRY_BUTTON' is clickable

2020-09-08 14:24:20 - [MESSAGE][PASSED] - Object: 'Object Repository/CERTPAY_QUICKSTI/Payment_Information_Page/MANUAL_ENTRY_BUTTON' is clicked on

2020-09-08 14:24:20 - [MESSAGE][PASSED] - Quicksti.ts:Clicked on the ManualEntry

2020-09-08 14:24:20 - [TEST_STEP][PASSED] - amount_Value = pages.Quicksti.getAttributeValue(findTestObject("CERTPAY_QUICKSTI/Payment_Information_Page/SUB_TOTAL")): pages.Quicksti.getAttributeValue is PASSED

2020-09-08 14:24:22 - [MESSAGE][PASSED] - Attribute 'value' of object 'Object Repository/CERTPAY_QUICKSTI/Payment_Information_Page/SUB_TOTAL' is: '45.00'

2020-09-08 14:24:22 - [MESSAGE][PASSED] - pages.Quicksti.getAttributeValue is PASSED

2020-09-08 14:24:22 - [TEST_STEP][PASSED] - CardNumber = pages.Quicksti.setUserPaymentDetails(firstName, lastName, cardNum): Quicksti.ts:Entered'4761739001010135 into CardNum

2020-09-08 14:24:23 - [MESSAGE][PASSED] - Object 'Object Repository/CERTPAY_QUICKSTI/Payment_Information_Page/FIRST_NAME' is present

2020-09-08 14:24:23 - [MESSAGE][PASSED] - Object 'Object Repository/CERTPAY_QUICKSTI/Payment_Information_Page/FIRST_NAME' is visible

2020-09-08 14:24:23 - [MESSAGE][PASSED] - Object 'Object Repository/CERTPAY_QUICKSTI/Payment_Information_Page/FIRST_NAME' is present

2020-09-08 14:24:25 - [MESSAGE][PASSED] - Text 'Tester' is set on object 'Object Repository/CERTPAY_QUICKSTI/Payment_Information_Page/FIRST_NAME'

2020-09-08 14:24:25 - [MESSAGE][PASSED] - Quicksti.ts:Entered'Tester into FirstName

2020-09-08 14:24:25 - [MESSAGE][PASSED] - Object 'Object Repository/CERTPAY_QUICKSTI/Payment_Information_Page/LAST_NAME' is present

2020-09-08 14:24:25 - [MESSAGE][PASSED] - Object 'Object Repository/CERTPAY_QUICKSTI/Payment_Information_Page/LAST_NAME' is visible

2020-09-08 14:24:26 - [MESSAGE][PASSED] - Object 'Object Repository/CERTPAY_QUICKSTI/Payment_Information_Page/LAST_NAME' is present

2020-09-08 14:24:27 - [MESSAGE][PASSED] - Text 'Zenq1' is set on object 'Object Repository/CERTPAY_QUICKSTI/Payment_Information_Page/LAST_NAME'

2020-09-08 14:24:27 - [MESSAGE][PASSED] - Quicksti.ts:Entered'Zenq1 into LAstName

2020-09-08 14:24:27 - [MESSAGE][PASSED] - Object 'Object Repository/CERTPAY_QUICKSTI/Payment_Information_Page/CARD_NUMBER' is present

2020-09-08 14:24:28 - [MESSAGE][PASSED] - Object 'Object Repository/CERTPAY_QUICKSTI/Payment_Information_Page/CARD_NUMBER' is visible

2020-09-08 14:24:28 - [MESSAGE][PASSED] - Object 'Object Repository/CERTPAY_QUICKSTI/Payment_Information_Page/CARD_NUMBER' is present

2020-09-08 14:24:29 - [MESSAGE][PASSED] - Text '4761739001010135' is set on object 'Object Repository/CERTPAY_QUICKSTI/Payment_Information_Page/CARD_NUMBER'

2020-09-08 14:24:29 - [MESSAGE][PASSED] - Quicksti.ts:Entered'4761739001010135 into CardNum

2020-09-08 14:24:29 - [TEST_STEP][PASSED] - pages.Quicksti.setExpDate(expMonth, expYear, securityCode): Quicksti.ts:Entered'207 into securityCode

2020-09-08 14:24:30 - [MESSAGE][PASSED] - Object 'Object Repository/CERTPAY_QUICKSTI/Payment_Information_Page/EXP_MONTH' is visible

2020-09-08 14:24:30 - [MESSAGE][PASSED] - Object 'Object Repository/CERTPAY_QUICKSTI/Payment_Information_Page/EXP_MONTH' is present

2020-09-08 14:24:31 - [MESSAGE][PASSED] - Object: 'Object Repository/CERTPAY_QUICKSTI/Payment_Information_Page/EXP_MONTH' is clicked on

2020-09-08 14:24:33 - [MESSAGE][PASSED] - All options with label '03' are selected in object 'Object Repository/CERTPAY_QUICKSTI/Payment_Information_Page/EXP_MONTH'  using regular expression

2020-09-08 14:24:33 - [MESSAGE][PASSED] - selected dropdown option by visible text  03from expMonth

2020-09-08 14:24:33 - [MESSAGE][PASSED] - Object 'Object Repository/CERTPAY_QUICKSTI/Payment_Information_Page/EXP_YEAR' is visible

2020-09-08 14:24:33 - [MESSAGE][PASSED] - Object 'Object Repository/CERTPAY_QUICKSTI/Payment_Information_Page/EXP_YEAR' is present

2020-09-08 14:24:34 - [MESSAGE][PASSED] - Object: 'Object Repository/CERTPAY_QUICKSTI/Payment_Information_Page/EXP_YEAR' is clicked on

2020-09-08 14:24:36 - [MESSAGE][PASSED] - All options with label '2022' are selected in object 'Object Repository/CERTPAY_QUICKSTI/Payment_Information_Page/EXP_YEAR'  using regular expression

2020-09-08 14:24:36 - [MESSAGE][PASSED] - selected dropdown option by visible text  2022from  expYear

2020-09-08 14:24:36 - [MESSAGE][PASSED] - Object 'Object Repository/CERTPAY_QUICKSTI/Payment_Information_Page/SECURITY_CODE' is present

2020-09-08 14:24:37 - [MESSAGE][PASSED] - Object 'Object Repository/CERTPAY_QUICKSTI/Payment_Information_Page/SECURITY_CODE' is visible

2020-09-08 14:24:37 - [MESSAGE][PASSED] - Object 'Object Repository/CERTPAY_QUICKSTI/Payment_Information_Page/SECURITY_CODE' is present

2020-09-08 14:24:38 - [MESSAGE][PASSED] - Text '207' is set on object 'Object Repository/CERTPAY_QUICKSTI/Payment_Information_Page/SECURITY_CODE'

2020-09-08 14:24:38 - [MESSAGE][PASSED] - Quicksti.ts:Entered'207 into securityCode

2020-09-08 14:24:38 - [TEST_STEP][PASSED] - utilities.SafeActions.safeType(findTestObject("CERTPAY_QUICKSTI/Payment_Information_Page/ADDRESS"), address, "Address", [pageLoadTime]): Quicksti.ts:Entered'14-2 into Address

2020-09-08 14:24:39 - [MESSAGE][PASSED] - Object 'Object Repository/CERTPAY_QUICKSTI/Payment_Information_Page/ADDRESS' is present

2020-09-08 14:24:39 - [MESSAGE][PASSED] - Object 'Object Repository/CERTPAY_QUICKSTI/Payment_Information_Page/ADDRESS' is visible

2020-09-08 14:24:39 - [MESSAGE][PASSED] - Object 'Object Repository/CERTPAY_QUICKSTI/Payment_Information_Page/ADDRESS' is present

2020-09-08 14:24:40 - [MESSAGE][PASSED] - Text '14-2' is set on object 'Object Repository/CERTPAY_QUICKSTI/Payment_Information_Page/ADDRESS'

2020-09-08 14:24:40 - [MESSAGE][PASSED] - Quicksti.ts:Entered'14-2 into Address

2020-09-08 14:24:40 - [TEST_STEP][PASSED] - utilities.SafeActions.safeType(findTestObject("CERTPAY_QUICKSTI/Payment_Information_Page/ZIP_CODE"), zipCode, "zipcode", [pageLoadTime]): Quicksti.ts:Entered'76102 into zipcode

2020-09-08 14:24:41 - [MESSAGE][PASSED] - Object 'Object Repository/CERTPAY_QUICKSTI/Payment_Information_Page/ZIP_CODE' is present

2020-09-08 14:24:41 - [MESSAGE][PASSED] - Object 'Object Repository/CERTPAY_QUICKSTI/Payment_Information_Page/ZIP_CODE' is visible

2020-09-08 14:24:41 - [MESSAGE][PASSED] - Object 'Object Repository/CERTPAY_QUICKSTI/Payment_Information_Page/ZIP_CODE' is present

2020-09-08 14:24:43 - [MESSAGE][PASSED] - Text '76102' is set on object 'Object Repository/CERTPAY_QUICKSTI/Payment_Information_Page/ZIP_CODE'

2020-09-08 14:24:43 - [MESSAGE][PASSED] - Quicksti.ts:Entered'76102 into zipcode

2020-09-08 14:24:43 - [TEST_STEP][PASSED] - utilities.SafeActions.safeType(findTestObject("CERTPAY_QUICKSTI/Payment_Information_Page/TELEPHONE"), telephone, "Telephone", [pageLoadTime]): Quicksti.ts:Entered'9988776655 into Telephone

2020-09-08 14:24:43 - [MESSAGE][PASSED] - Object 'Object Repository/CERTPAY_QUICKSTI/Payment_Information_Page/TELEPHONE' is present

2020-09-08 14:24:43 - [MESSAGE][PASSED] - Object 'Object Repository/CERTPAY_QUICKSTI/Payment_Information_Page/TELEPHONE' is visible

2020-09-08 14:24:44 - [MESSAGE][PASSED] - Object 'Object Repository/CERTPAY_QUICKSTI/Payment_Information_Page/TELEPHONE' is present

2020-09-08 14:24:45 - [MESSAGE][PASSED] - Text '9988776655' is set on object 'Object Repository/CERTPAY_QUICKSTI/Payment_Information_Page/TELEPHONE'

2020-09-08 14:24:45 - [MESSAGE][PASSED] - Quicksti.ts:Entered'9988776655 into Telephone

2020-09-08 14:24:45 - [TEST_STEP][PASSED] - utilities.SafeActions.safeType(findTestObject("CERTPAY_QUICKSTI/Payment_Information_Page/EMAIL_ADDRESS"), emailAddress, "EMAIL address", [pageLoadTime]): Quicksti.ts:Entered'testing@zenq.com into EMAIL address

2020-09-08 14:24:45 - [MESSAGE][PASSED] - Object 'Object Repository/CERTPAY_QUICKSTI/Payment_Information_Page/EMAIL_ADDRESS' is present

2020-09-08 14:24:46 - [MESSAGE][PASSED] - Object 'Object Repository/CERTPAY_QUICKSTI/Payment_Information_Page/EMAIL_ADDRESS' is visible

2020-09-08 14:24:46 - [MESSAGE][PASSED] - Object 'Object Repository/CERTPAY_QUICKSTI/Payment_Information_Page/EMAIL_ADDRESS' is present

2020-09-08 14:24:47 - [MESSAGE][PASSED] - Text 'testing@zenq.com' is set on object 'Object Repository/CERTPAY_QUICKSTI/Payment_Information_Page/EMAIL_ADDRESS'

2020-09-08 14:24:47 - [MESSAGE][PASSED] - Quicksti.ts:Entered'testing@zenq.com into EMAIL address

2020-09-08 14:24:47 - [TEST_STEP][PASSED] - utilities.SafeActions.safeClick(findTestObject("CERTPAY_QUICKSTI/Payment_Information_Page/NEXT_BUTTON"), "Next", [pageLoadTime]): Quicksti.ts:Clicked on the Next

2020-09-08 14:24:47 - [MESSAGE][INFO] - safeClicking

2020-09-08 14:24:48 - [MESSAGE][PASSED] - Object 'Object Repository/CERTPAY_QUICKSTI/Payment_Information_Page/NEXT_BUTTON' is present

2020-09-08 14:24:48 - [MESSAGE][PASSED] - Object 'Object Repository/CERTPAY_QUICKSTI/Payment_Information_Page/NEXT_BUTTON' is clickable

2020-09-08 14:24:52 - [MESSAGE][PASSED] - Object: 'Object Repository/CERTPAY_QUICKSTI/Payment_Information_Page/NEXT_BUTTON' is clicked on

2020-09-08 14:24:52 - [MESSAGE][PASSED] - Quicksti.ts:Clicked on the Next

2020-09-08 14:24:52 - [TEST_STEP][PASSED] - pages.Quicksti.verifyUserPaymentDetails(amountList.get(0), firstName, lastName, CardNumber): pages.Quicksti.verifyUserPaymentDetails is PASSED

2020-09-08 14:24:53 - [MESSAGE][PASSED] - Text of object 'Object Repository/CERTPAY_QUICKSTI/Payment_Details_Verification_Page/AMOUNT' is: '$45.00'

2020-09-08 14:24:53 - [MESSAGE][PASSED] - Actual text '45.00' and expected text '45.00' are matched  using regular expression

2020-09-08 14:24:53 - [MESSAGE][PASSED] - Text of object 'Object Repository/CERTPAY_QUICKSTI/Payment_Details_Verification_Page/NAME' is: 'Tester Zenq1'

2020-09-08 14:24:53 - [MESSAGE][PASSED] - Actual text 'Tester Zenq1' and expected text 'Tester Zenq1' are matched  using regular expression

2020-09-08 14:24:54 - [MESSAGE][PASSED] - Text of object 'Object Repository/CERTPAY_QUICKSTI/Payment_Details_Verification_Page/CARD_NUMBER' is: '...0135'

2020-09-08 14:24:54 - [MESSAGE][PASSED] - Actual text '0135' and expected text '0135' are matched  using regular expression

2020-09-08 14:24:54 - [MESSAGE][PASSED] - pages.Quicksti.verifyUserPaymentDetails is PASSED

2020-09-08 14:24:54 - [TEST_STEP][PASSED] - scrollToElement(findTestObject("CERTPAY_QUICKSTI/Payment_Details_Verification_Page/PROCESS"), 30): Scroll to object 'Object Repository/CERTPAY_QUICKSTI/Payment_Details_Verification_Page/PROCESS' successfully

2020-09-08 14:24:54 - [MESSAGE][PASSED] - Scroll to object 'Object Repository/CERTPAY_QUICKSTI/Payment_Details_Verification_Page/PROCESS' successfully

2020-09-08 14:24:54 - [TEST_STEP][PASSED] - utilities.SafeActions.safeClick(findTestObject("CERTPAY_QUICKSTI/Payment_Details_Verification_Page/PROCESS"), "Process", [pageLoadTime]): Quicksti.ts:Clicked on the Process

2020-09-08 14:24:54 - [MESSAGE][INFO] - safeClicking

2020-09-08 14:24:54 - [MESSAGE][PASSED] - Object 'Object Repository/CERTPAY_QUICKSTI/Payment_Details_Verification_Page/PROCESS' is present

2020-09-08 14:24:55 - [MESSAGE][PASSED] - Object 'Object Repository/CERTPAY_QUICKSTI/Payment_Details_Verification_Page/PROCESS' is clickable

2020-09-08 14:25:01 - [MESSAGE][PASSED] - Object: 'Object Repository/CERTPAY_QUICKSTI/Payment_Details_Verification_Page/PROCESS' is clicked on

2020-09-08 14:25:01 - [MESSAGE][PASSED] - Quicksti.ts:Clicked on the Process

2020-09-08 14:25:01 - [TEST_STEP][PASSED] - paymentId = pages.Quicksti.verifyPaymentApproval(findTestObject("CERTPAY_QUICKSTI/Payment_Details_Verification_Page/APPROVED")): Payment is approved

2020-09-08 14:25:01 - [MESSAGE][PASSED] - Text of object 'Object Repository/CERTPAY_QUICKSTI/Payment_Details_Verification_Page/PAYMENT_ID' is: '100176112115'

2020-09-08 14:25:02 - [MESSAGE][PASSED] - Object 'Object Repository/CERTPAY_QUICKSTI/Payment_Details_Verification_Page/APPROVED' is present

2020-09-08 14:25:02 - [MESSAGE][PASSED] - Payment is approved

2020-09-08 14:25:04 - [TEST_STEP][PASSED] - navigateToUrl(Admin_url): Navigate to 'https://qa-certpayadmin.faps.net' successfully

2020-09-08 14:25:18 - [MESSAGE][PASSED] - Navigate to 'https://qa-certpayadmin.faps.net' successfully

2020-09-08 14:25:18 - [TEST_STEP][PASSED] - pages.Bureau_Login_Page.loginToAdminSite(AdminUsername, AdminPassword): Quicksti.ts:Clicked on the LOGIN

2020-09-08 14:25:19 - [MESSAGE][PASSED] - Object 'Object Repository/CERTPAY_ADMIN/USER_NAME' is present

2020-09-08 14:25:19 - [MESSAGE][PASSED] - Object 'Object Repository/CERTPAY_ADMIN/USER_NAME' is visible

2020-09-08 14:25:19 - [MESSAGE][PASSED] - Object 'Object Repository/CERTPAY_ADMIN/USER_NAME' is present

2020-09-08 14:25:21 - [MESSAGE][PASSED] - Text 'VVangiliappan' is set on object 'Object Repository/CERTPAY_ADMIN/USER_NAME'

2020-09-08 14:25:21 - [MESSAGE][PASSED] - Quicksti.ts:Entered'VVangiliappan into username

2020-09-08 14:25:21 - [MESSAGE][PASSED] - Object 'Object Repository/CERTPAY_ADMIN/PASSWORD' is present

2020-09-08 14:25:21 - [MESSAGE][PASSED] - Object 'Object Repository/CERTPAY_ADMIN/PASSWORD' is visible

2020-09-08 14:25:22 - [MESSAGE][PASSED] - Object 'Object Repository/CERTPAY_ADMIN/PASSWORD' is present

2020-09-08 14:25:23 - [MESSAGE][PASSED] - Text 'Knila@12345' is set on object 'Object Repository/CERTPAY_ADMIN/PASSWORD'

2020-09-08 14:25:23 - [MESSAGE][PASSED] - Quicksti.ts:Entered'Knila@12345 into password

2020-09-08 14:25:23 - [MESSAGE][INFO] - safeClicking

2020-09-08 14:25:23 - [MESSAGE][PASSED] - Object 'Object Repository/CERTPAY_ADMIN/LOGIN_BUTTON' is present

2020-09-08 14:25:24 - [MESSAGE][PASSED] - Object 'Object Repository/CERTPAY_ADMIN/LOGIN_BUTTON' is clickable

2020-09-08 14:25:54 - [MESSAGE][PASSED] - Object: 'Object Repository/CERTPAY_ADMIN/LOGIN_BUTTON' is clicked on

2020-09-08 14:25:54 - [MESSAGE][PASSED] - Quicksti.ts:Clicked on the LOGIN

2020-09-08 14:25:54 - [TEST_STEP][PASSED] - utilities.SafeActions.safeClick(findTestObject("CERTPAY_ADMIN/TRANSACTION_SEARCH"), "TransactionSearch", [pageLoadTime]): Quicksti.ts:Clicked on the TransactionSearch

2020-09-08 14:25:55 - [MESSAGE][INFO] - safeClicking

2020-09-08 14:25:55 - [MESSAGE][PASSED] - Object 'Object Repository/CERTPAY_ADMIN/TRANSACTION_SEARCH' is present

2020-09-08 14:25:55 - [MESSAGE][PASSED] - Object 'Object Repository/CERTPAY_ADMIN/TRANSACTION_SEARCH' is clickable

2020-09-08 14:26:05 - [MESSAGE][PASSED] - Object: 'Object Repository/CERTPAY_ADMIN/TRANSACTION_SEARCH' is clicked on

2020-09-08 14:26:05 - [MESSAGE][PASSED] - Quicksti.ts:Clicked on the TransactionSearch

2020-09-08 14:26:05 - [TEST_STEP][PASSED] - utilities.SafeActions.safeType(findTestObject("CERTPAY_ADMIN/PAYMENT_ID"), paymentId, "Payment id", [pageLoadTime]): Quicksti.ts:Entered'100176112115 into Payment id

2020-09-08 14:26:05 - [MESSAGE][PASSED] - Object 'Object Repository/CERTPAY_ADMIN/PAYMENT_ID' is present

2020-09-08 14:26:06 - [MESSAGE][PASSED] - Object 'Object Repository/CERTPAY_ADMIN/PAYMENT_ID' is visible

2020-09-08 14:26:06 - [MESSAGE][PASSED] - Object 'Object Repository/CERTPAY_ADMIN/PAYMENT_ID' is present

2020-09-08 14:26:07 - [MESSAGE][PASSED] - Text '100176112115' is set on object 'Object Repository/CERTPAY_ADMIN/PAYMENT_ID'

2020-09-08 14:26:07 - [MESSAGE][PASSED] - Quicksti.ts:Entered'100176112115 into Payment id

2020-09-08 14:26:07 - [TEST_STEP][PASSED] - utilities.SafeActions.safeClick(findTestObject("CERTPAY_ADMIN/GO_BUTTON"), "Go button", [pageLoadTime]): Quicksti.ts:Clicked on the Go button

2020-09-08 14:26:07 - [MESSAGE][INFO] - safeClicking

2020-09-08 14:26:08 - [MESSAGE][PASSED] - Object 'Object Repository/CERTPAY_ADMIN/GO_BUTTON' is present

2020-09-08 14:26:08 - [MESSAGE][PASSED] - Object 'Object Repository/CERTPAY_ADMIN/GO_BUTTON' is clickable

2020-09-08 14:26:15 - [MESSAGE][PASSED] - Object: 'Object Repository/CERTPAY_ADMIN/GO_BUTTON' is clicked on

2020-09-08 14:26:15 - [MESSAGE][PASSED] - Quicksti.ts:Clicked on the Go button

2020-09-08 14:26:15 - [TEST_STEP][PASSED] - delay(5): Delayed 5 second(s)

2020-09-08 14:26:20 - [MESSAGE][PASSED] - Delayed 5 second(s)

2020-09-08 14:26:20 - [TEST_STEP][PASSED] - scrollToPosition(800, 900): Browser is scrolled to position x = 800, y = 900

2020-09-08 14:26:20 - [MESSAGE][PASSED] - Browser is scrolled to position x = 800, y = 900

2020-09-08 14:26:20 - [TEST_STEP][PASSED] - paymentIdList.add(paymentId): null

2020-09-08 14:26:20 - [TEST_STEP][PASSED] - println(paymentIdList): null

2020-09-08 14:26:20 - [TEST_STEP][PASSED] - firstName = data.getValue("FirstName", index): null

2020-09-08 14:26:20 - [TEST_STEP][PASSED] - lastName = data.getValue("LastName", index): null

2020-09-08 14:26:20 - [TEST_STEP][PASSED] - cardNum = data.getValue("CardNumber", index): null

2020-09-08 14:26:20 - [TEST_STEP][PASSED] - expMonth = data.getValue("ExpMonth", index): null

2020-09-08 14:26:20 - [TEST_STEP][PASSED] - expYear = data.getValue("ExpYear", index): null

2020-09-08 14:26:20 - [TEST_STEP][PASSED] - securityCode = data.getValue("SecurityCode", index): null

2020-09-08 14:26:20 - [TEST_STEP][PASSED] - paymentAmount = data.getValue("PaymentAmount", index): null

2020-09-08 14:26:20 - [TEST_STEP][PASSED] - paymentType = data.getValue("PaymentType", index): null

2020-09-08 14:26:20 - [TEST_STEP][PASSED] - quantity = data.getValue("Quantity", index): null

2020-09-08 14:26:20 - [TEST_STEP][PASSED] - comments = data.getValue("Comments", index): null

2020-09-08 14:26:20 - [TEST_STEP][PASSED] - referenceNum = data.getValue("ReferenceNum", index): null

2020-09-08 14:26:20 - [TEST_STEP][PASSED] - address = data.getValue("Address", index): null

2020-09-08 14:26:20 - [TEST_STEP][PASSED] - zipCode = data.getValue("Zipcode", index): null

2020-09-08 14:26:20 - [TEST_STEP][PASSED] - telephone = data.getValue("Telephone", index): null

2020-09-08 14:26:20 - [TEST_STEP][PASSED] - emailAddress = data.getValue("EmailAddress", index): null

2020-09-08 14:26:20 - [TEST_STEP][PASSED] - cardType = data.getValue("CardType", index): null

2020-09-08 14:26:20 - [TEST_STEP][PASSED] - amountList = paymentAmount.split(","): null

2020-09-08 14:26:20 - [TEST_STEP][PASSED] - referenceList = referenceNum.split(","): null

2020-09-08 14:26:20 - [TEST_STEP][PASSED] - paymentTypeList = paymentType.split(","): null

2020-09-08 14:26:20 - [TEST_STEP][PASSED] - commentsList = comments.split(","): null

2020-09-08 14:26:20 - [TEST_STEP][PASSED] - quantityList = quantity.split(","): null

2020-09-08 14:26:20 - [TEST_STEP][PASSED] - utilities.SafeActions.openBrowser(Quicksti_Url, [pageLoadTime]): Browser launched successfully

2020-09-08 14:26:20 - [MESSAGE][INFO] - Opening Browser

2020-09-08 14:26:20 - [MESSAGE][WARNING] - A browser is already opened. Closing browser and opening a new one

2020-09-08 14:26:21 - [MESSAGE][INFO] - Starting 'Chrome' driver

2020-09-08 14:26:40 - [MESSAGE][PASSED] - Browser is opened with url: 'https://qa-certpayquicksti.faps.net/'

2020-09-08 14:26:42 - [MESSAGE][PASSED] - Current window maximized

2020-09-08 14:26:42 - [MESSAGE][PASSED] - Browser launched successfully

2020-09-08 14:26:42 - [TEST_STEP][PASSED] - utilities.SafeActions.safeCheck(findTestObject("CERTPAY_QUICKSTI/Login_ Page/MULTI_BUREAU_CHECKBOX"), "Multi Bureau", [pageLoadTime]): Quicksti.ts:Checkbox 'Multi Bureau'is selected

2020-09-08 14:26:43 - [MESSAGE][PASSED] - Object 'Object Repository/CERTPAY_QUICKSTI/Login_ Page/MULTI_BUREAU_CHECKBOX' is present

2020-09-08 14:26:44 - [MESSAGE][PASSED] - Object 'Object Repository/CERTPAY_QUICKSTI/Login_ Page/MULTI_BUREAU_CHECKBOX' is present

2020-09-08 14:26:45 - [MESSAGE][PASSED] - Object: 'Object Repository/CERTPAY_QUICKSTI/Login_ Page/MULTI_BUREAU_CHECKBOX' is clicked on

2020-09-08 14:26:45 - [MESSAGE][PASSED] - Quicksti.ts:Checkbox 'Multi Bureau'is selected

2020-09-08 14:26:45 - [TEST_STEP][PASSED] - utilities.SafeActions.safeType(findTestObject("CERTPAY_QUICKSTI/Login_ Page/TELLER_ID"), teller_id, "Bureau code", [pageLoadTime]): Quicksti.ts:Entered'zenq into Bureau code

2020-09-08 14:26:47 - [MESSAGE][PASSED] - Object 'Object Repository/CERTPAY_QUICKSTI/Login_ Page/TELLER_ID' is present

2020-09-08 14:26:48 - [MESSAGE][PASSED] - Object 'Object Repository/CERTPAY_QUICKSTI/Login_ Page/TELLER_ID' is visible

2020-09-08 14:26:48 - [MESSAGE][PASSED] - Object 'Object Repository/CERTPAY_QUICKSTI/Login_ Page/TELLER_ID' is present

2020-09-08 14:26:49 - [MESSAGE][PASSED] - Text 'zenq' is set on object 'Object Repository/CERTPAY_QUICKSTI/Login_ Page/TELLER_ID'

2020-09-08 14:26:49 - [MESSAGE][PASSED] - Quicksti.ts:Entered'zenq into Bureau code

2020-09-08 14:26:49 - [TEST_STEP][PASSED] - utilities.SafeActions.safeClick(findTestObject("CERTPAY_QUICKSTI/Login_ Page/NEXT_BUTTON"), "Next button", [pageLoadTime]): Quicksti.ts:Clicked on the Next button

2020-09-08 14:26:49 - [MESSAGE][INFO] - safeClicking

2020-09-08 14:26:49 - [MESSAGE][PASSED] - Object 'Object Repository/CERTPAY_QUICKSTI/Login_ Page/NEXT_BUTTON' is present

2020-09-08 14:26:50 - [MESSAGE][PASSED] - Object 'Object Repository/CERTPAY_QUICKSTI/Login_ Page/NEXT_BUTTON' is clickable

2020-09-08 14:26:59 - [MESSAGE][PASSED] - Object: 'Object Repository/CERTPAY_QUICKSTI/Login_ Page/NEXT_BUTTON' is clicked on

2020-09-08 14:26:59 - [MESSAGE][PASSED] - Quicksti.ts:Clicked on the Next button

2020-09-08 14:26:59 - [TEST_STEP][PASSED] - for ([i = 0, i <= amountList.size() - 1, (i++)]): Quicksti.ts:Entered'2 into Quntity

2020-09-08 14:26:59 - [TEST_STEP][PASSED] - s = Integer.toString(i): null

2020-09-08 14:26:59 - [TEST_STEP][PASSED] - pages.Quicksti.setCommnets("0", s, commentsList.get(i)): Quicksti.ts:Entered'Testing into Comments

2020-09-08 14:27:00 - [MESSAGE][PASSED] - Object '' is present

2020-09-08 14:27:00 - [MESSAGE][PASSED] - Object '' is visible

2020-09-08 14:27:00 - [MESSAGE][PASSED] - Object '' is present

2020-09-08 14:27:02 - [MESSAGE][PASSED] - Text 'Testing' is set on object ''

2020-09-08 14:27:02 - [MESSAGE][PASSED] - Quicksti.ts:Entered'Testing into Comments

2020-09-08 14:27:02 - [TEST_STEP][PASSED] - utilities.SafeActions.safeType(findTestObject("CERTPAY_QUICKSTI/Payment_Information_Page/PAYMENT_AMOUNT"), amountList.get(i), "Payment Amount", [pageLoadTime]): Quicksti.ts:Entered'45.00 into Payment Amount

2020-09-08 14:27:02 - [MESSAGE][PASSED] - Object 'Object Repository/CERTPAY_QUICKSTI/Payment_Information_Page/PAYMENT_AMOUNT' is present

2020-09-08 14:27:02 - [MESSAGE][PASSED] - Object 'Object Repository/CERTPAY_QUICKSTI/Payment_Information_Page/PAYMENT_AMOUNT' is visible

2020-09-08 14:27:03 - [MESSAGE][PASSED] - Object 'Object Repository/CERTPAY_QUICKSTI/Payment_Information_Page/PAYMENT_AMOUNT' is present

2020-09-08 14:27:04 - [MESSAGE][PASSED] - Text '45.00' is set on object 'Object Repository/CERTPAY_QUICKSTI/Payment_Information_Page/PAYMENT_AMOUNT'

2020-09-08 14:27:04 - [MESSAGE][PASSED] - Quicksti.ts:Entered'45.00 into Payment Amount

2020-09-08 14:27:04 - [TEST_STEP][PASSED] - pages.Quicksti.setAmountDetailsForMultiBureau(s, paymentTypeList.get(i), "0", referenceList.get(i), quantityList.get(i)): Quicksti.ts:Entered'1 into Quntity

2020-09-08 14:27:05 - [MESSAGE][PASSED] - Object '' is visible

2020-09-08 14:27:05 - [MESSAGE][PASSED] - Object '' is present

2020-09-08 14:27:06 - [MESSAGE][PASSED] - Object: '' is clicked on

2020-09-08 14:27:07 - [MESSAGE][PASSED] - All options with label 'Licenses' are selected in object ''  using regular expression

2020-09-08 14:27:07 - [MESSAGE][PASSED] - selected dropdown option by visible text  Licensesfrom Payment Type

2020-09-08 14:27:08 - [MESSAGE][PASSED] - Object '' is present

2020-09-08 14:27:08 - [MESSAGE][PASSED] - Object '' is visible

2020-09-08 14:27:08 - [MESSAGE][PASSED] - Object '' is present

2020-09-08 14:27:10 - [MESSAGE][PASSED] - Text '11' is set on object ''

2020-09-08 14:27:10 - [MESSAGE][PASSED] - Quicksti.ts:Entered'11 into RefrenceNumber

2020-09-08 14:27:10 - [MESSAGE][PASSED] - Object '' is present

2020-09-08 14:27:10 - [MESSAGE][PASSED] - Object '' is visible

2020-09-08 14:27:10 - [MESSAGE][PASSED] - Object '' is present

2020-09-08 14:27:12 - [MESSAGE][PASSED] - Text '1' is set on object ''

2020-09-08 14:27:12 - [MESSAGE][PASSED] - Quicksti.ts:Entered'1 into Quntity

2020-09-08 14:27:12 - [TEST_STEP][PASSED] - s = Integer.toString(i): null

2020-09-08 14:27:12 - [TEST_STEP][PASSED] - pages.Quicksti.setCommnets("0", s, commentsList.get(i)): Quicksti.ts:Entered'Tester into Comments

2020-09-08 14:27:12 - [MESSAGE][PASSED] - Object '' is present

2020-09-08 14:27:13 - [MESSAGE][PASSED] - Object '' is visible

2020-09-08 14:27:13 - [MESSAGE][PASSED] - Object '' is present

2020-09-08 14:27:14 - [MESSAGE][PASSED] - Text 'Tester' is set on object ''

2020-09-08 14:27:14 - [MESSAGE][PASSED] - Quicksti.ts:Entered'Tester into Comments

2020-09-08 14:27:14 - [TEST_STEP][PASSED] - utilities.SafeActions.safeType(findTestObject("CERTPAY_QUICKSTI/Payment_Information_Page/PAYMENT_AMOUNT"), amountList.get(i), "Payment Amount", [pageLoadTime]): Quicksti.ts:Entered'35.00 into Payment Amount

2020-09-08 14:27:15 - [MESSAGE][PASSED] - Object 'Object Repository/CERTPAY_QUICKSTI/Payment_Information_Page/PAYMENT_AMOUNT' is present

2020-09-08 14:27:15 - [MESSAGE][PASSED] - Object 'Object Repository/CERTPAY_QUICKSTI/Payment_Information_Page/PAYMENT_AMOUNT' is visible

2020-09-08 14:27:15 - [MESSAGE][PASSED] - Object 'Object Repository/CERTPAY_QUICKSTI/Payment_Information_Page/PAYMENT_AMOUNT' is present

2020-09-08 14:27:16 - [MESSAGE][PASSED] - Text '35.00' is set on object 'Object Repository/CERTPAY_QUICKSTI/Payment_Information_Page/PAYMENT_AMOUNT'

2020-09-08 14:27:16 - [MESSAGE][PASSED] - Quicksti.ts:Entered'35.00 into Payment Amount

2020-09-08 14:27:16 - [TEST_STEP][PASSED] - pages.Quicksti.setAmountDetailsForMultiBureau(s, paymentTypeList.get(i), "0", referenceList.get(i), quantityList.get(i)): Quicksti.ts:Entered'2 into Quntity

2020-09-08 14:27:17 - [MESSAGE][PASSED] - Object '' is visible

2020-09-08 14:27:17 - [MESSAGE][PASSED] - Object '' is present

2020-09-08 14:27:18 - [MESSAGE][PASSED] - Object: '' is clicked on

2020-09-08 14:27:20 - [MESSAGE][PASSED] - All options with label 'Taxes' are selected in object ''  using regular expression

2020-09-08 14:27:20 - [MESSAGE][PASSED] - selected dropdown option by visible text  Taxesfrom Payment Type

2020-09-08 14:27:20 - [MESSAGE][PASSED] - Object '' is present

2020-09-08 14:27:21 - [MESSAGE][PASSED] - Object '' is visible

2020-09-08 14:27:21 - [MESSAGE][PASSED] - Object '' is present

2020-09-08 14:27:22 - [MESSAGE][PASSED] - Text '12' is set on object ''

2020-09-08 14:27:22 - [MESSAGE][PASSED] - Quicksti.ts:Entered'12 into RefrenceNumber

2020-09-08 14:27:23 - [MESSAGE][PASSED] - Object '' is present

2020-09-08 14:27:23 - [MESSAGE][PASSED] - Object '' is visible

2020-09-08 14:27:23 - [MESSAGE][PASSED] - Object '' is present

2020-09-08 14:27:24 - [MESSAGE][PASSED] - Text '2' is set on object ''

2020-09-08 14:27:24 - [MESSAGE][PASSED] - Quicksti.ts:Entered'2 into Quntity

2020-09-08 14:27:24 - [TEST_STEP][PASSED] - s = Integer.toString(i): null

2020-09-08 14:27:24 - [TEST_STEP][PASSED] - pages.Quicksti.setCommnets("0", s, commentsList.get(i)): Quicksti.ts:Entered'Testing into Comments

2020-09-08 14:27:25 - [MESSAGE][PASSED] - Object '' is present

2020-09-08 14:27:25 - [MESSAGE][PASSED] - Object '' is visible

2020-09-08 14:27:25 - [MESSAGE][PASSED] - Object '' is present

2020-09-08 14:27:27 - [MESSAGE][PASSED] - Text 'Testing' is set on object ''

2020-09-08 14:27:27 - [MESSAGE][PASSED] - Quicksti.ts:Entered'Testing into Comments

2020-09-08 14:27:27 - [TEST_STEP][PASSED] - utilities.SafeActions.safeType(findTestObject("CERTPAY_QUICKSTI/Payment_Information_Page/PAYMENT_AMOUNT"), amountList.get(i), "Payment Amount", [pageLoadTime]): Quicksti.ts:Entered'20.00 into Payment Amount

2020-09-08 14:27:27 - [MESSAGE][PASSED] - Object 'Object Repository/CERTPAY_QUICKSTI/Payment_Information_Page/PAYMENT_AMOUNT' is present

2020-09-08 14:27:28 - [MESSAGE][PASSED] - Object 'Object Repository/CERTPAY_QUICKSTI/Payment_Information_Page/PAYMENT_AMOUNT' is visible

2020-09-08 14:27:28 - [MESSAGE][PASSED] - Object 'Object Repository/CERTPAY_QUICKSTI/Payment_Information_Page/PAYMENT_AMOUNT' is present

2020-09-08 14:27:29 - [MESSAGE][PASSED] - Text '20.00' is set on object 'Object Repository/CERTPAY_QUICKSTI/Payment_Information_Page/PAYMENT_AMOUNT'

2020-09-08 14:27:29 - [MESSAGE][PASSED] - Quicksti.ts:Entered'20.00 into Payment Amount

2020-09-08 14:27:29 - [TEST_STEP][PASSED] - pages.Quicksti.setAmountDetailsForMultiBureau(s, paymentTypeList.get(i), "0", referenceList.get(i), quantityList.get(i)): Quicksti.ts:Entered'2 into Quntity

2020-09-08 14:27:30 - [MESSAGE][PASSED] - Object '' is visible

2020-09-08 14:27:30 - [MESSAGE][PASSED] - Object '' is present

2020-09-08 14:27:31 - [MESSAGE][PASSED] - Object: '' is clicked on

2020-09-08 14:27:32 - [MESSAGE][PASSED] - All options with label 'Court Fines' are selected in object ''  using regular expression

2020-09-08 14:27:32 - [MESSAGE][PASSED] - selected dropdown option by visible text  Court Finesfrom Payment Type

2020-09-08 14:27:33 - [MESSAGE][PASSED] - Object '' is present

2020-09-08 14:27:33 - [MESSAGE][PASSED] - Object '' is visible

2020-09-08 14:27:34 - [MESSAGE][PASSED] - Object '' is present

2020-09-08 14:27:35 - [MESSAGE][PASSED] - Text '13' is set on object ''

2020-09-08 14:27:35 - [MESSAGE][PASSED] - Quicksti.ts:Entered'13 into RefrenceNumber

2020-09-08 14:27:35 - [MESSAGE][PASSED] - Object '' is present

2020-09-08 14:27:36 - [MESSAGE][PASSED] - Object '' is visible

2020-09-08 14:27:36 - [MESSAGE][PASSED] - Object '' is present

2020-09-08 14:27:37 - [MESSAGE][PASSED] - Text '2' is set on object ''

2020-09-08 14:27:37 - [MESSAGE][PASSED] - Quicksti.ts:Entered'2 into Quntity

2020-09-08 14:27:37 - [TEST_STEP][PASSED] - for ([i = 0, i <= amountList.size() - 1, (i++)]): Quicksti.ts:Entered'2 into Quntity

2020-09-08 14:27:37 - [TEST_STEP][PASSED] - s = Integer.toString(i): null

2020-09-08 14:27:37 - [TEST_STEP][PASSED] - utilities.SafeActions.safeType(findTestObject("CERTPAY_QUICKSTI/Payment_Information_Page/MULTIBUREAU_PAYMENT_AMOUNT"), amountList.get(i), "Payment Amount", [pageLoadTime]): Quicksti.ts:Entered'45.00 into Payment Amount

2020-09-08 14:27:37 - [MESSAGE][PASSED] - Object 'Object Repository/CERTPAY_QUICKSTI/Payment_Information_Page/MULTIBUREAU_PAYMENT_AMOUNT' is present

2020-09-08 14:27:38 - [MESSAGE][PASSED] - Object 'Object Repository/CERTPAY_QUICKSTI/Payment_Information_Page/MULTIBUREAU_PAYMENT_AMOUNT' is visible

2020-09-08 14:27:38 - [MESSAGE][PASSED] - Object 'Object Repository/CERTPAY_QUICKSTI/Payment_Information_Page/MULTIBUREAU_PAYMENT_AMOUNT' is present

2020-09-08 14:27:39 - [MESSAGE][PASSED] - Text '45.00' is set on object 'Object Repository/CERTPAY_QUICKSTI/Payment_Information_Page/MULTIBUREAU_PAYMENT_AMOUNT'

2020-09-08 14:27:39 - [MESSAGE][PASSED] - Quicksti.ts:Entered'45.00 into Payment Amount

2020-09-08 14:27:39 - [TEST_STEP][PASSED] - pages.Quicksti.setAmountDetailsForMultiBureau(s, "Registration Fees", "1", referenceList.get(i), quantityList.get(i)): Quicksti.ts:Entered'1 into Quntity

2020-09-08 14:27:40 - [MESSAGE][PASSED] - Object '' is visible

2020-09-08 14:27:40 - [MESSAGE][PASSED] - Object '' is present

2020-09-08 14:27:42 - [MESSAGE][PASSED] - Object: '' is clicked on

2020-09-08 14:27:43 - [MESSAGE][PASSED] - All options with label 'Registration Fees' are selected in object ''  using regular expression

2020-09-08 14:27:43 - [MESSAGE][PASSED] - selected dropdown option by visible text  Registration Feesfrom Payment Type

2020-09-08 14:27:43 - [MESSAGE][PASSED] - Object '' is present

2020-09-08 14:27:43 - [MESSAGE][PASSED] - Object '' is visible

2020-09-08 14:27:43 - [MESSAGE][PASSED] - Object '' is present

2020-09-08 14:27:45 - [MESSAGE][PASSED] - Text '11' is set on object ''

2020-09-08 14:27:45 - [MESSAGE][PASSED] - Quicksti.ts:Entered'11 into RefrenceNumber

2020-09-08 14:27:45 - [MESSAGE][PASSED] - Object '' is present

2020-09-08 14:27:45 - [MESSAGE][PASSED] - Object '' is visible

2020-09-08 14:27:46 - [MESSAGE][PASSED] - Object '' is present

2020-09-08 14:27:47 - [MESSAGE][PASSED] - Text '1' is set on object ''

2020-09-08 14:27:47 - [MESSAGE][PASSED] - Quicksti.ts:Entered'1 into Quntity

2020-09-08 14:27:47 - [TEST_STEP][PASSED] - s = Integer.toString(i): null

2020-09-08 14:27:47 - [TEST_STEP][PASSED] - utilities.SafeActions.safeType(findTestObject("CERTPAY_QUICKSTI/Payment_Information_Page/MULTIBUREAU_PAYMENT_AMOUNT"), amountList.get(i), "Payment Amount", [pageLoadTime]): Quicksti.ts:Entered'35.00 into Payment Amount

2020-09-08 14:27:48 - [MESSAGE][PASSED] - Object 'Object Repository/CERTPAY_QUICKSTI/Payment_Information_Page/MULTIBUREAU_PAYMENT_AMOUNT' is present

2020-09-08 14:27:48 - [MESSAGE][PASSED] - Object 'Object Repository/CERTPAY_QUICKSTI/Payment_Information_Page/MULTIBUREAU_PAYMENT_AMOUNT' is visible

2020-09-08 14:27:48 - [MESSAGE][PASSED] - Object 'Object Repository/CERTPAY_QUICKSTI/Payment_Information_Page/MULTIBUREAU_PAYMENT_AMOUNT' is present

2020-09-08 14:27:50 - [MESSAGE][PASSED] - Text '35.00' is set on object 'Object Repository/CERTPAY_QUICKSTI/Payment_Information_Page/MULTIBUREAU_PAYMENT_AMOUNT'

2020-09-08 14:27:50 - [MESSAGE][PASSED] - Quicksti.ts:Entered'35.00 into Payment Amount

2020-09-08 14:27:50 - [TEST_STEP][PASSED] - pages.Quicksti.setAmountDetailsForMultiBureau(s, "Registration Fees", "1", referenceList.get(i), quantityList.get(i)): Quicksti.ts:Entered'2 into Quntity

2020-09-08 14:27:50 - [MESSAGE][PASSED] - Object '' is visible

2020-09-08 14:27:50 - [MESSAGE][PASSED] - Object '' is present

2020-09-08 14:27:52 - [MESSAGE][PASSED] - Object: '' is clicked on

2020-09-08 14:27:53 - [MESSAGE][PASSED] - All options with label 'Registration Fees' are selected in object ''  using regular expression

2020-09-08 14:27:53 - [MESSAGE][PASSED] - selected dropdown option by visible text  Registration Feesfrom Payment Type

2020-09-08 14:27:53 - [MESSAGE][PASSED] - Object '' is present

2020-09-08 14:27:53 - [MESSAGE][PASSED] - Object '' is visible

2020-09-08 14:27:54 - [MESSAGE][PASSED] - Object '' is present

2020-09-08 14:27:55 - [MESSAGE][PASSED] - Text '12' is set on object ''

2020-09-08 14:27:55 - [MESSAGE][PASSED] - Quicksti.ts:Entered'12 into RefrenceNumber

2020-09-08 14:27:55 - [MESSAGE][PASSED] - Object '' is present

2020-09-08 14:27:55 - [MESSAGE][PASSED] - Object '' is visible

2020-09-08 14:27:56 - [MESSAGE][PASSED] - Object '' is present

2020-09-08 14:27:57 - [MESSAGE][PASSED] - Text '2' is set on object ''

2020-09-08 14:27:57 - [MESSAGE][PASSED] - Quicksti.ts:Entered'2 into Quntity

2020-09-08 14:27:57 - [TEST_STEP][PASSED] - s = Integer.toString(i): null

2020-09-08 14:27:57 - [TEST_STEP][PASSED] - utilities.SafeActions.safeType(findTestObject("CERTPAY_QUICKSTI/Payment_Information_Page/MULTIBUREAU_PAYMENT_AMOUNT"), amountList.get(i), "Payment Amount", [pageLoadTime]): Quicksti.ts:Entered'20.00 into Payment Amount

2020-09-08 14:27:57 - [MESSAGE][PASSED] - Object 'Object Repository/CERTPAY_QUICKSTI/Payment_Information_Page/MULTIBUREAU_PAYMENT_AMOUNT' is present

2020-09-08 14:27:58 - [MESSAGE][PASSED] - Object 'Object Repository/CERTPAY_QUICKSTI/Payment_Information_Page/MULTIBUREAU_PAYMENT_AMOUNT' is visible

2020-09-08 14:27:58 - [MESSAGE][PASSED] - Object 'Object Repository/CERTPAY_QUICKSTI/Payment_Information_Page/MULTIBUREAU_PAYMENT_AMOUNT' is present

2020-09-08 14:27:59 - [MESSAGE][PASSED] - Text '20.00' is set on object 'Object Repository/CERTPAY_QUICKSTI/Payment_Information_Page/MULTIBUREAU_PAYMENT_AMOUNT'

2020-09-08 14:27:59 - [MESSAGE][PASSED] - Quicksti.ts:Entered'20.00 into Payment Amount

2020-09-08 14:27:59 - [TEST_STEP][PASSED] - pages.Quicksti.setAmountDetailsForMultiBureau(s, "Registration Fees", "1", referenceList.get(i), quantityList.get(i)): Quicksti.ts:Entered'2 into Quntity

2020-09-08 14:28:00 - [MESSAGE][PASSED] - Object '' is visible

2020-09-08 14:28:00 - [MESSAGE][PASSED] - Object '' is present

2020-09-08 14:28:02 - [MESSAGE][PASSED] - Object: '' is clicked on

2020-09-08 14:28:03 - [MESSAGE][PASSED] - All options with label 'Registration Fees' are selected in object ''  using regular expression

2020-09-08 14:28:03 - [MESSAGE][PASSED] - selected dropdown option by visible text  Registration Feesfrom Payment Type

2020-09-08 14:28:03 - [MESSAGE][PASSED] - Object '' is present

2020-09-08 14:28:03 - [MESSAGE][PASSED] - Object '' is visible

2020-09-08 14:28:03 - [MESSAGE][PASSED] - Object '' is present

2020-09-08 14:28:05 - [MESSAGE][PASSED] - Text '13' is set on object ''

2020-09-08 14:28:05 - [MESSAGE][PASSED] - Quicksti.ts:Entered'13 into RefrenceNumber

2020-09-08 14:28:05 - [MESSAGE][PASSED] - Object '' is present

2020-09-08 14:28:05 - [MESSAGE][PASSED] - Object '' is visible

2020-09-08 14:28:06 - [MESSAGE][PASSED] - Object '' is present

2020-09-08 14:28:07 - [MESSAGE][PASSED] - Text '2' is set on object ''

2020-09-08 14:28:07 - [MESSAGE][PASSED] - Quicksti.ts:Entered'2 into Quntity

2020-09-08 14:28:07 - [TEST_STEP][PASSED] - for ([i = 0, i <= amountList.size() - 1, (i++)]): Quicksti.ts:Entered'Testing into Comments

2020-09-08 14:28:07 - [TEST_STEP][PASSED] - s = Integer.toString(i): null

2020-09-08 14:28:07 - [TEST_STEP][PASSED] - utilities.SafeActions.safeType(findTestObject("CERTPAY_QUICKSTI/Payment_Information_Page/MULTIBUREAU_PAY_AMOUNT2"), amountList.get(i), "Payment Amount", [pageLoadTime]): Quicksti.ts:Entered'45.00 into Payment Amount

2020-09-08 14:28:07 - [MESSAGE][PASSED] - Object 'Object Repository/CERTPAY_QUICKSTI/Payment_Information_Page/MULTIBUREAU_PAY_AMOUNT2' is present

2020-09-08 14:28:08 - [MESSAGE][PASSED] - Object 'Object Repository/CERTPAY_QUICKSTI/Payment_Information_Page/MULTIBUREAU_PAY_AMOUNT2' is visible

2020-09-08 14:28:08 - [MESSAGE][PASSED] - Object 'Object Repository/CERTPAY_QUICKSTI/Payment_Information_Page/MULTIBUREAU_PAY_AMOUNT2' is present

2020-09-08 14:28:09 - [MESSAGE][PASSED] - Text '45.00' is set on object 'Object Repository/CERTPAY_QUICKSTI/Payment_Information_Page/MULTIBUREAU_PAY_AMOUNT2'

2020-09-08 14:28:09 - [MESSAGE][PASSED] - Quicksti.ts:Entered'45.00 into Payment Amount

2020-09-08 14:28:09 - [TEST_STEP][PASSED] - pages.Quicksti.setAmountDetailsForMultiBureau(s, "Vehicles", "2", referenceList.get(i), quantityList.get(i)): Quicksti.ts:Entered'1 into Quntity

2020-09-08 14:28:10 - [MESSAGE][PASSED] - Object '' is visible

2020-09-08 14:28:10 - [MESSAGE][PASSED] - Object '' is present

2020-09-08 14:28:12 - [MESSAGE][PASSED] - Object: '' is clicked on

2020-09-08 14:28:13 - [MESSAGE][PASSED] - All options with label 'Vehicles' are selected in object ''  using regular expression

2020-09-08 14:28:13 - [MESSAGE][PASSED] - selected dropdown option by visible text  Vehiclesfrom Payment Type

2020-09-08 14:28:13 - [MESSAGE][PASSED] - Object '' is present

2020-09-08 14:28:14 - [MESSAGE][PASSED] - Object '' is visible

2020-09-08 14:28:14 - [MESSAGE][PASSED] - Object '' is present

2020-09-08 14:28:15 - [MESSAGE][PASSED] - Text '11' is set on object ''

2020-09-08 14:28:15 - [MESSAGE][PASSED] - Quicksti.ts:Entered'11 into RefrenceNumber

2020-09-08 14:28:16 - [MESSAGE][PASSED] - Object '' is present

2020-09-08 14:28:16 - [MESSAGE][PASSED] - Object '' is visible

2020-09-08 14:28:16 - [MESSAGE][PASSED] - Object '' is present

2020-09-08 14:28:17 - [MESSAGE][PASSED] - Text '1' is set on object ''

2020-09-08 14:28:17 - [MESSAGE][PASSED] - Quicksti.ts:Entered'1 into Quntity

2020-09-08 14:28:17 - [TEST_STEP][PASSED] - pages.Quicksti.setCommnets("2", s, commentsList.get(i)): Quicksti.ts:Entered'Testing into Comments

2020-09-08 14:28:18 - [MESSAGE][PASSED] - Object '' is present

2020-09-08 14:28:18 - [MESSAGE][PASSED] - Object '' is visible

2020-09-08 14:28:18 - [MESSAGE][PASSED] - Object '' is present

2020-09-08 14:28:20 - [MESSAGE][PASSED] - Text 'Testing' is set on object ''

2020-09-08 14:28:20 - [MESSAGE][PASSED] - Quicksti.ts:Entered'Testing into Comments

2020-09-08 14:28:20 - [TEST_STEP][PASSED] - s = Integer.toString(i): null

2020-09-08 14:28:20 - [TEST_STEP][PASSED] - utilities.SafeActions.safeType(findTestObject("CERTPAY_QUICKSTI/Payment_Information_Page/MULTIBUREAU_PAY_AMOUNT2"), amountList.get(i), "Payment Amount", [pageLoadTime]): Quicksti.ts:Entered'35.00 into Payment Amount

2020-09-08 14:28:20 - [MESSAGE][PASSED] - Object 'Object Repository/CERTPAY_QUICKSTI/Payment_Information_Page/MULTIBUREAU_PAY_AMOUNT2' is present

2020-09-08 14:28:21 - [MESSAGE][PASSED] - Object 'Object Repository/CERTPAY_QUICKSTI/Payment_Information_Page/MULTIBUREAU_PAY_AMOUNT2' is visible

2020-09-08 14:28:21 - [MESSAGE][PASSED] - Object 'Object Repository/CERTPAY_QUICKSTI/Payment_Information_Page/MULTIBUREAU_PAY_AMOUNT2' is present

2020-09-08 14:28:22 - [MESSAGE][PASSED] - Text '35.00' is set on object 'Object Repository/CERTPAY_QUICKSTI/Payment_Information_Page/MULTIBUREAU_PAY_AMOUNT2'

2020-09-08 14:28:22 - [MESSAGE][PASSED] - Quicksti.ts:Entered'35.00 into Payment Amount

2020-09-08 14:28:22 - [TEST_STEP][PASSED] - pages.Quicksti.setAmountDetailsForMultiBureau(s, "Vehicles", "2", referenceList.get(i), quantityList.get(i)): Quicksti.ts:Entered'2 into Quntity

2020-09-08 14:28:23 - [MESSAGE][PASSED] - Object '' is visible

2020-09-08 14:28:23 - [MESSAGE][PASSED] - Object '' is present

2020-09-08 14:28:24 - [MESSAGE][PASSED] - Object: '' is clicked on

2020-09-08 14:28:26 - [MESSAGE][PASSED] - All options with label 'Vehicles' are selected in object ''  using regular expression

2020-09-08 14:28:26 - [MESSAGE][PASSED] - selected dropdown option by visible text  Vehiclesfrom Payment Type

2020-09-08 14:28:26 - [MESSAGE][PASSED] - Object '' is present

2020-09-08 14:28:26 - [MESSAGE][PASSED] - Object '' is visible

2020-09-08 14:28:27 - [MESSAGE][PASSED] - Object '' is present

2020-09-08 14:28:28 - [MESSAGE][PASSED] - Text '12' is set on object ''

2020-09-08 14:28:28 - [MESSAGE][PASSED] - Quicksti.ts:Entered'12 into RefrenceNumber

2020-09-08 14:28:28 - [MESSAGE][PASSED] - Object '' is present

2020-09-08 14:28:29 - [MESSAGE][PASSED] - Object '' is visible

2020-09-08 14:28:29 - [MESSAGE][PASSED] - Object '' is present

2020-09-08 14:28:30 - [MESSAGE][PASSED] - Text '2' is set on object ''

2020-09-08 14:28:30 - [MESSAGE][PASSED] - Quicksti.ts:Entered'2 into Quntity

2020-09-08 14:28:30 - [TEST_STEP][PASSED] - pages.Quicksti.setCommnets("2", s, commentsList.get(i)): Quicksti.ts:Entered'Tester into Comments

2020-09-08 14:28:31 - [MESSAGE][PASSED] - Object '' is present

2020-09-08 14:28:31 - [MESSAGE][PASSED] - Object '' is visible

2020-09-08 14:28:31 - [MESSAGE][PASSED] - Object '' is present

2020-09-08 14:28:33 - [MESSAGE][PASSED] - Text 'Tester' is set on object ''

2020-09-08 14:28:33 - [MESSAGE][PASSED] - Quicksti.ts:Entered'Tester into Comments

2020-09-08 14:28:33 - [TEST_STEP][PASSED] - s = Integer.toString(i): null

2020-09-08 14:28:33 - [TEST_STEP][PASSED] - utilities.SafeActions.safeType(findTestObject("CERTPAY_QUICKSTI/Payment_Information_Page/MULTIBUREAU_PAY_AMOUNT2"), amountList.get(i), "Payment Amount", [pageLoadTime]): Quicksti.ts:Entered'20.00 into Payment Amount

2020-09-08 14:28:33 - [MESSAGE][PASSED] - Object 'Object Repository/CERTPAY_QUICKSTI/Payment_Information_Page/MULTIBUREAU_PAY_AMOUNT2' is present

2020-09-08 14:28:33 - [MESSAGE][PASSED] - Object 'Object Repository/CERTPAY_QUICKSTI/Payment_Information_Page/MULTIBUREAU_PAY_AMOUNT2' is visible

2020-09-08 14:28:34 - [MESSAGE][PASSED] - Object 'Object Repository/CERTPAY_QUICKSTI/Payment_Information_Page/MULTIBUREAU_PAY_AMOUNT2' is present

2020-09-08 14:28:35 - [MESSAGE][PASSED] - Text '20.00' is set on object 'Object Repository/CERTPAY_QUICKSTI/Payment_Information_Page/MULTIBUREAU_PAY_AMOUNT2'

2020-09-08 14:28:35 - [MESSAGE][PASSED] - Quicksti.ts:Entered'20.00 into Payment Amount

2020-09-08 14:28:35 - [TEST_STEP][PASSED] - pages.Quicksti.setAmountDetailsForMultiBureau(s, "Vehicles", "2", referenceList.get(i), quantityList.get(i)): Quicksti.ts:Entered'2 into Quntity

2020-09-08 14:28:36 - [MESSAGE][PASSED] - Object '' is visible

2020-09-08 14:28:36 - [MESSAGE][PASSED] - Object '' is present

2020-09-08 14:28:37 - [MESSAGE][PASSED] - Object: '' is clicked on

2020-09-08 14:28:38 - [MESSAGE][PASSED] - All options with label 'Vehicles' are selected in object ''  using regular expression

2020-09-08 14:28:38 - [MESSAGE][PASSED] - selected dropdown option by visible text  Vehiclesfrom Payment Type

2020-09-08 14:28:39 - [MESSAGE][PASSED] - Object '' is present

2020-09-08 14:28:39 - [MESSAGE][PASSED] - Object '' is visible

2020-09-08 14:28:39 - [MESSAGE][PASSED] - Object '' is present

2020-09-08 14:28:41 - [MESSAGE][PASSED] - Text '13' is set on object ''

2020-09-08 14:28:41 - [MESSAGE][PASSED] - Quicksti.ts:Entered'13 into RefrenceNumber

2020-09-08 14:28:41 - [MESSAGE][PASSED] - Object '' is present

2020-09-08 14:28:41 - [MESSAGE][PASSED] - Object '' is visible

2020-09-08 14:28:41 - [MESSAGE][PASSED] - Object '' is present

2020-09-08 14:28:43 - [MESSAGE][PASSED] - Text '2' is set on object ''

2020-09-08 14:28:43 - [MESSAGE][PASSED] - Quicksti.ts:Entered'2 into Quntity

2020-09-08 14:28:43 - [TEST_STEP][PASSED] - pages.Quicksti.setCommnets("2", s, commentsList.get(i)): Quicksti.ts:Entered'Testing into Comments

2020-09-08 14:28:43 - [MESSAGE][PASSED] - Object '' is present

2020-09-08 14:28:44 - [MESSAGE][PASSED] - Object '' is visible

2020-09-08 14:28:44 - [MESSAGE][PASSED] - Object '' is present

2020-09-08 14:28:45 - [MESSAGE][PASSED] - Text 'Testing' is set on object ''

2020-09-08 14:28:45 - [MESSAGE][PASSED] - Quicksti.ts:Entered'Testing into Comments

2020-09-08 14:28:45 - [TEST_STEP][PASSED] - utilities.SafeActions.safeClick(findTestObject("CERTPAY_QUICKSTI/Payment_Information_Page/MANUAL_ENTRY_BUTTON"), "ManualEntry", [pageLoadTime]): Quicksti.ts:Clicked on the ManualEntry

2020-09-08 14:28:45 - [MESSAGE][INFO] - safeClicking

2020-09-08 14:28:45 - [MESSAGE][PASSED] - Object 'Object Repository/CERTPAY_QUICKSTI/Payment_Information_Page/MANUAL_ENTRY_BUTTON' is present

2020-09-08 14:28:46 - [MESSAGE][PASSED] - Object 'Object Repository/CERTPAY_QUICKSTI/Payment_Information_Page/MANUAL_ENTRY_BUTTON' is clickable

2020-09-08 14:28:51 - [MESSAGE][PASSED] - Object: 'Object Repository/CERTPAY_QUICKSTI/Payment_Information_Page/MANUAL_ENTRY_BUTTON' is clicked on

2020-09-08 14:28:51 - [MESSAGE][PASSED] - Quicksti.ts:Clicked on the ManualEntry

2020-09-08 14:28:51 - [TEST_STEP][PASSED] - amount_Value = pages.Quicksti.getAttributeValue(findTestObject("CERTPAY_QUICKSTI/Payment_Information_Page/SUB_TOTAL")): pages.Quicksti.getAttributeValue is PASSED

2020-09-08 14:28:51 - [MESSAGE][PASSED] - Attribute 'value' of object 'Object Repository/CERTPAY_QUICKSTI/Payment_Information_Page/SUB_TOTAL' is: '45.00'

2020-09-08 14:28:51 - [MESSAGE][PASSED] - pages.Quicksti.getAttributeValue is PASSED

2020-09-08 14:28:51 - [TEST_STEP][PASSED] - CardNumber = pages.Quicksti.setUserPaymentDetails(firstName, lastName, cardNum): Quicksti.ts:Entered'5154623208647646 into CardNum

2020-09-08 14:28:52 - [MESSAGE][PASSED] - Object 'Object Repository/CERTPAY_QUICKSTI/Payment_Information_Page/FIRST_NAME' is present

2020-09-08 14:28:52 - [MESSAGE][PASSED] - Object 'Object Repository/CERTPAY_QUICKSTI/Payment_Information_Page/FIRST_NAME' is visible

2020-09-08 14:28:52 - [MESSAGE][PASSED] - Object 'Object Repository/CERTPAY_QUICKSTI/Payment_Information_Page/FIRST_NAME' is present

2020-09-08 14:28:54 - [MESSAGE][PASSED] - Text 'Tester' is set on object 'Object Repository/CERTPAY_QUICKSTI/Payment_Information_Page/FIRST_NAME'

2020-09-08 14:28:54 - [MESSAGE][PASSED] - Quicksti.ts:Entered'Tester into FirstName

2020-09-08 14:28:54 - [MESSAGE][PASSED] - Object 'Object Repository/CERTPAY_QUICKSTI/Payment_Information_Page/LAST_NAME' is present

2020-09-08 14:28:54 - [MESSAGE][PASSED] - Object 'Object Repository/CERTPAY_QUICKSTI/Payment_Information_Page/LAST_NAME' is visible

2020-09-08 14:28:55 - [MESSAGE][PASSED] - Object 'Object Repository/CERTPAY_QUICKSTI/Payment_Information_Page/LAST_NAME' is present

2020-09-08 14:28:56 - [MESSAGE][PASSED] - Text 'Zenq1' is set on object 'Object Repository/CERTPAY_QUICKSTI/Payment_Information_Page/LAST_NAME'

2020-09-08 14:28:56 - [MESSAGE][PASSED] - Quicksti.ts:Entered'Zenq1 into LAstName

2020-09-08 14:28:56 - [MESSAGE][PASSED] - Object 'Object Repository/CERTPAY_QUICKSTI/Payment_Information_Page/CARD_NUMBER' is present

2020-09-08 14:28:56 - [MESSAGE][PASSED] - Object 'Object Repository/CERTPAY_QUICKSTI/Payment_Information_Page/CARD_NUMBER' is visible

2020-09-08 14:28:57 - [MESSAGE][PASSED] - Object 'Object Repository/CERTPAY_QUICKSTI/Payment_Information_Page/CARD_NUMBER' is present

2020-09-08 14:28:58 - [MESSAGE][PASSED] - Text '5154623208647646' is set on object 'Object Repository/CERTPAY_QUICKSTI/Payment_Information_Page/CARD_NUMBER'

2020-09-08 14:28:58 - [MESSAGE][PASSED] - Quicksti.ts:Entered'5154623208647646 into CardNum

2020-09-08 14:28:58 - [TEST_STEP][PASSED] - pages.Quicksti.setExpDate(expMonth, expYear, securityCode): Quicksti.ts:Entered'207 into securityCode

2020-09-08 14:28:58 - [MESSAGE][PASSED] - Object 'Object Repository/CERTPAY_QUICKSTI/Payment_Information_Page/EXP_MONTH' is visible

2020-09-08 14:28:59 - [MESSAGE][PASSED] - Object 'Object Repository/CERTPAY_QUICKSTI/Payment_Information_Page/EXP_MONTH' is present

2020-09-08 14:29:00 - [MESSAGE][PASSED] - Object: 'Object Repository/CERTPAY_QUICKSTI/Payment_Information_Page/EXP_MONTH' is clicked on

2020-09-08 14:29:01 - [MESSAGE][PASSED] - All options with label '04' are selected in object 'Object Repository/CERTPAY_QUICKSTI/Payment_Information_Page/EXP_MONTH'  using regular expression

2020-09-08 14:29:01 - [MESSAGE][PASSED] - selected dropdown option by visible text  04from expMonth

2020-09-08 14:29:02 - [MESSAGE][PASSED] - Object 'Object Repository/CERTPAY_QUICKSTI/Payment_Information_Page/EXP_YEAR' is visible

2020-09-08 14:29:02 - [MESSAGE][PASSED] - Object 'Object Repository/CERTPAY_QUICKSTI/Payment_Information_Page/EXP_YEAR' is present

2020-09-08 14:29:03 - [MESSAGE][PASSED] - Object: 'Object Repository/CERTPAY_QUICKSTI/Payment_Information_Page/EXP_YEAR' is clicked on

2020-09-08 14:29:05 - [MESSAGE][PASSED] - All options with label '2023' are selected in object 'Object Repository/CERTPAY_QUICKSTI/Payment_Information_Page/EXP_YEAR'  using regular expression

2020-09-08 14:29:05 - [MESSAGE][PASSED] - selected dropdown option by visible text  2023from  expYear

2020-09-08 14:29:05 - [MESSAGE][PASSED] - Object 'Object Repository/CERTPAY_QUICKSTI/Payment_Information_Page/SECURITY_CODE' is present

2020-09-08 14:29:05 - [MESSAGE][PASSED] - Object 'Object Repository/CERTPAY_QUICKSTI/Payment_Information_Page/SECURITY_CODE' is visible

2020-09-08 14:29:05 - [MESSAGE][PASSED] - Object 'Object Repository/CERTPAY_QUICKSTI/Payment_Information_Page/SECURITY_CODE' is present

2020-09-08 14:29:07 - [MESSAGE][PASSED] - Text '207' is set on object 'Object Repository/CERTPAY_QUICKSTI/Payment_Information_Page/SECURITY_CODE'

2020-09-08 14:29:07 - [MESSAGE][PASSED] - Quicksti.ts:Entered'207 into securityCode

2020-09-08 14:29:07 - [TEST_STEP][PASSED] - utilities.SafeActions.safeType(findTestObject("CERTPAY_QUICKSTI/Payment_Information_Page/ADDRESS"), address, "Address", [pageLoadTime]): Quicksti.ts:Entered'14-2 into Address

2020-09-08 14:29:07 - [MESSAGE][PASSED] - Object 'Object Repository/CERTPAY_QUICKSTI/Payment_Information_Page/ADDRESS' is present

2020-09-08 14:29:07 - [MESSAGE][PASSED] - Object 'Object Repository/CERTPAY_QUICKSTI/Payment_Information_Page/ADDRESS' is visible

2020-09-08 14:29:08 - [MESSAGE][PASSED] - Object 'Object Repository/CERTPAY_QUICKSTI/Payment_Information_Page/ADDRESS' is present

2020-09-08 14:29:09 - [MESSAGE][PASSED] - Text '14-2' is set on object 'Object Repository/CERTPAY_QUICKSTI/Payment_Information_Page/ADDRESS'

2020-09-08 14:29:09 - [MESSAGE][PASSED] - Quicksti.ts:Entered'14-2 into Address

2020-09-08 14:29:09 - [TEST_STEP][PASSED] - utilities.SafeActions.safeType(findTestObject("CERTPAY_QUICKSTI/Payment_Information_Page/ZIP_CODE"), zipCode, "zipcode", [pageLoadTime]): Quicksti.ts:Entered'76102 into zipcode

2020-09-08 14:29:09 - [MESSAGE][PASSED] - Object 'Object Repository/CERTPAY_QUICKSTI/Payment_Information_Page/ZIP_CODE' is present

2020-09-08 14:29:09 - [MESSAGE][PASSED] - Object 'Object Repository/CERTPAY_QUICKSTI/Payment_Information_Page/ZIP_CODE' is visible

2020-09-08 14:29:10 - [MESSAGE][PASSED] - Object 'Object Repository/CERTPAY_QUICKSTI/Payment_Information_Page/ZIP_CODE' is present

2020-09-08 14:29:11 - [MESSAGE][PASSED] - Text '76102' is set on object 'Object Repository/CERTPAY_QUICKSTI/Payment_Information_Page/ZIP_CODE'

2020-09-08 14:29:11 - [MESSAGE][PASSED] - Quicksti.ts:Entered'76102 into zipcode

2020-09-08 14:29:11 - [TEST_STEP][PASSED] - utilities.SafeActions.safeType(findTestObject("CERTPAY_QUICKSTI/Payment_Information_Page/TELEPHONE"), telephone, "Telephone", [pageLoadTime]): Quicksti.ts:Entered'9989897654 into Telephone

2020-09-08 14:29:11 - [MESSAGE][PASSED] - Object 'Object Repository/CERTPAY_QUICKSTI/Payment_Information_Page/TELEPHONE' is present

2020-09-08 14:29:12 - [MESSAGE][PASSED] - Object 'Object Repository/CERTPAY_QUICKSTI/Payment_Information_Page/TELEPHONE' is visible

2020-09-08 14:29:12 - [MESSAGE][PASSED] - Object 'Object Repository/CERTPAY_QUICKSTI/Payment_Information_Page/TELEPHONE' is present

2020-09-08 14:29:13 - [MESSAGE][PASSED] - Text '9989897654' is set on object 'Object Repository/CERTPAY_QUICKSTI/Payment_Information_Page/TELEPHONE'

2020-09-08 14:29:13 - [MESSAGE][PASSED] - Quicksti.ts:Entered'9989897654 into Telephone

2020-09-08 14:29:13 - [TEST_STEP][PASSED] - utilities.SafeActions.safeType(findTestObject("CERTPAY_QUICKSTI/Payment_Information_Page/EMAIL_ADDRESS"), emailAddress, "EMAIL address", [pageLoadTime]): Quicksti.ts:Entered'testing@zenq.com into EMAIL address

2020-09-08 14:29:14 - [MESSAGE][PASSED] - Object 'Object Repository/CERTPAY_QUICKSTI/Payment_Information_Page/EMAIL_ADDRESS' is present

2020-09-08 14:29:14 - [MESSAGE][PASSED] - Object 'Object Repository/CERTPAY_QUICKSTI/Payment_Information_Page/EMAIL_ADDRESS' is visible

2020-09-08 14:29:14 - [MESSAGE][PASSED] - Object 'Object Repository/CERTPAY_QUICKSTI/Payment_Information_Page/EMAIL_ADDRESS' is present

2020-09-08 14:29:16 - [MESSAGE][PASSED] - Text 'testing@zenq.com' is set on object 'Object Repository/CERTPAY_QUICKSTI/Payment_Information_Page/EMAIL_ADDRESS'

2020-09-08 14:29:16 - [MESSAGE][PASSED] - Quicksti.ts:Entered'testing@zenq.com into EMAIL address

2020-09-08 14:29:16 - [TEST_STEP][PASSED] - utilities.SafeActions.safeClick(findTestObject("CERTPAY_QUICKSTI/Payment_Information_Page/NEXT_BUTTON"), "Next", [pageLoadTime]): Quicksti.ts:Clicked on the Next

2020-09-08 14:29:16 - [MESSAGE][INFO] - safeClicking

2020-09-08 14:29:16 - [MESSAGE][PASSED] - Object 'Object Repository/CERTPAY_QUICKSTI/Payment_Information_Page/NEXT_BUTTON' is present

2020-09-08 14:29:16 - [MESSAGE][PASSED] - Object 'Object Repository/CERTPAY_QUICKSTI/Payment_Information_Page/NEXT_BUTTON' is clickable

2020-09-08 14:29:21 - [MESSAGE][PASSED] - Object: 'Object Repository/CERTPAY_QUICKSTI/Payment_Information_Page/NEXT_BUTTON' is clicked on

2020-09-08 14:29:21 - [MESSAGE][PASSED] - Quicksti.ts:Clicked on the Next

2020-09-08 14:29:21 - [TEST_STEP][PASSED] - pages.Quicksti.verifyUserPaymentDetails(amountList.get(0), firstName, lastName, CardNumber): pages.Quicksti.verifyUserPaymentDetails is PASSED

2020-09-08 14:29:22 - [MESSAGE][PASSED] - Text of object 'Object Repository/CERTPAY_QUICKSTI/Payment_Details_Verification_Page/AMOUNT' is: '$45.00'

2020-09-08 14:29:22 - [MESSAGE][PASSED] - Actual text '45.00' and expected text '45.00' are matched  using regular expression

2020-09-08 14:29:22 - [MESSAGE][PASSED] - Text of object 'Object Repository/CERTPAY_QUICKSTI/Payment_Details_Verification_Page/NAME' is: 'Tester Zenq1'

2020-09-08 14:29:22 - [MESSAGE][PASSED] - Actual text 'Tester Zenq1' and expected text 'Tester Zenq1' are matched  using regular expression

2020-09-08 14:29:22 - [MESSAGE][PASSED] - Text of object 'Object Repository/CERTPAY_QUICKSTI/Payment_Details_Verification_Page/CARD_NUMBER' is: '...7646'

2020-09-08 14:29:22 - [MESSAGE][PASSED] - Actual text '7646' and expected text '7646' are matched  using regular expression

2020-09-08 14:29:22 - [MESSAGE][PASSED] - pages.Quicksti.verifyUserPaymentDetails is PASSED

2020-09-08 14:29:22 - [TEST_STEP][PASSED] - scrollToElement(findTestObject("CERTPAY_QUICKSTI/Payment_Details_Verification_Page/PROCESS"), 30): Scroll to object 'Object Repository/CERTPAY_QUICKSTI/Payment_Details_Verification_Page/PROCESS' successfully

2020-09-08 14:29:23 - [MESSAGE][PASSED] - Scroll to object 'Object Repository/CERTPAY_QUICKSTI/Payment_Details_Verification_Page/PROCESS' successfully

2020-09-08 14:29:23 - [TEST_STEP][PASSED] - utilities.SafeActions.safeClick(findTestObject("CERTPAY_QUICKSTI/Payment_Details_Verification_Page/PROCESS"), "Process", [pageLoadTime]): Quicksti.ts:Clicked on the Process

2020-09-08 14:29:23 - [MESSAGE][INFO] - safeClicking

2020-09-08 14:29:23 - [MESSAGE][PASSED] - Object 'Object Repository/CERTPAY_QUICKSTI/Payment_Details_Verification_Page/PROCESS' is present

2020-09-08 14:29:23 - [MESSAGE][PASSED] - Object 'Object Repository/CERTPAY_QUICKSTI/Payment_Details_Verification_Page/PROCESS' is clickable

2020-09-08 14:29:29 - [MESSAGE][PASSED] - Object: 'Object Repository/CERTPAY_QUICKSTI/Payment_Details_Verification_Page/PROCESS' is clicked on

2020-09-08 14:29:29 - [MESSAGE][PASSED] - Quicksti.ts:Clicked on the Process

2020-09-08 14:29:29 - [TEST_STEP][PASSED] - paymentId = pages.Quicksti.verifyPaymentApproval(findTestObject("CERTPAY_QUICKSTI/Payment_Details_Verification_Page/APPROVED")): Payment is approved

2020-09-08 14:29:29 - [MESSAGE][PASSED] - Text of object 'Object Repository/CERTPAY_QUICKSTI/Payment_Details_Verification_Page/PAYMENT_ID' is: '100176112133'

2020-09-08 14:29:29 - [MESSAGE][PASSED] - Object 'Object Repository/CERTPAY_QUICKSTI/Payment_Details_Verification_Page/APPROVED' is present

2020-09-08 14:29:29 - [MESSAGE][PASSED] - Payment is approved

2020-09-08 14:29:31 - [TEST_STEP][PASSED] - navigateToUrl(Admin_url): Navigate to 'https://qa-certpayadmin.faps.net' successfully

2020-09-08 14:29:39 - [MESSAGE][PASSED] - Navigate to 'https://qa-certpayadmin.faps.net' successfully

2020-09-08 14:29:39 - [TEST_STEP][PASSED] - pages.Bureau_Login_Page.loginToAdminSite(AdminUsername, AdminPassword): Quicksti.ts:Clicked on the LOGIN

2020-09-08 14:29:40 - [MESSAGE][PASSED] - Object 'Object Repository/CERTPAY_ADMIN/USER_NAME' is present

2020-09-08 14:29:40 - [MESSAGE][PASSED] - Object 'Object Repository/CERTPAY_ADMIN/USER_NAME' is visible

2020-09-08 14:29:40 - [MESSAGE][PASSED] - Object 'Object Repository/CERTPAY_ADMIN/USER_NAME' is present

2020-09-08 14:29:41 - [MESSAGE][PASSED] - Text 'VVangiliappan' is set on object 'Object Repository/CERTPAY_ADMIN/USER_NAME'

2020-09-08 14:29:41 - [MESSAGE][PASSED] - Quicksti.ts:Entered'VVangiliappan into username

2020-09-08 14:29:42 - [MESSAGE][PASSED] - Object 'Object Repository/CERTPAY_ADMIN/PASSWORD' is present

2020-09-08 14:29:42 - [MESSAGE][PASSED] - Object 'Object Repository/CERTPAY_ADMIN/PASSWORD' is visible

2020-09-08 14:29:42 - [MESSAGE][PASSED] - Object 'Object Repository/CERTPAY_ADMIN/PASSWORD' is present

2020-09-08 14:29:44 - [MESSAGE][PASSED] - Text 'Knila@12345' is set on object 'Object Repository/CERTPAY_ADMIN/PASSWORD'

2020-09-08 14:29:44 - [MESSAGE][PASSED] - Quicksti.ts:Entered'Knila@12345 into password

2020-09-08 14:29:44 - [MESSAGE][INFO] - safeClicking

2020-09-08 14:29:44 - [MESSAGE][PASSED] - Object 'Object Repository/CERTPAY_ADMIN/LOGIN_BUTTON' is present

2020-09-08 14:29:44 - [MESSAGE][PASSED] - Object 'Object Repository/CERTPAY_ADMIN/LOGIN_BUTTON' is clickable

2020-09-08 14:30:09 - [MESSAGE][PASSED] - Object: 'Object Repository/CERTPAY_ADMIN/LOGIN_BUTTON' is clicked on

2020-09-08 14:30:09 - [MESSAGE][PASSED] - Quicksti.ts:Clicked on the LOGIN

2020-09-08 14:30:09 - [TEST_STEP][PASSED] - utilities.SafeActions.safeClick(findTestObject("CERTPAY_ADMIN/TRANSACTION_SEARCH"), "TransactionSearch", [pageLoadTime]): Quicksti.ts:Clicked on the TransactionSearch

2020-09-08 14:30:09 - [MESSAGE][INFO] - safeClicking

2020-09-08 14:30:09 - [MESSAGE][PASSED] - Object 'Object Repository/CERTPAY_ADMIN/TRANSACTION_SEARCH' is present

2020-09-08 14:30:09 - [MESSAGE][PASSED] - Object 'Object Repository/CERTPAY_ADMIN/TRANSACTION_SEARCH' is clickable

2020-09-08 14:30:14 - [MESSAGE][PASSED] - Object: 'Object Repository/CERTPAY_ADMIN/TRANSACTION_SEARCH' is clicked on

2020-09-08 14:30:14 - [MESSAGE][PASSED] - Quicksti.ts:Clicked on the TransactionSearch

2020-09-08 14:30:14 - [TEST_STEP][PASSED] - utilities.SafeActions.safeType(findTestObject("CERTPAY_ADMIN/PAYMENT_ID"), paymentId, "Payment id", [pageLoadTime]): Quicksti.ts:Entered'100176112133 into Payment id

2020-09-08 14:30:14 - [MESSAGE][PASSED] - Object 'Object Repository/CERTPAY_ADMIN/PAYMENT_ID' is present

2020-09-08 14:30:14 - [MESSAGE][PASSED] - Object 'Object Repository/CERTPAY_ADMIN/PAYMENT_ID' is visible

2020-09-08 14:30:15 - [MESSAGE][PASSED] - Object 'Object Repository/CERTPAY_ADMIN/PAYMENT_ID' is present

2020-09-08 14:30:16 - [MESSAGE][PASSED] - Text '100176112133' is set on object 'Object Repository/CERTPAY_ADMIN/PAYMENT_ID'

2020-09-08 14:30:16 - [MESSAGE][PASSED] - Quicksti.ts:Entered'100176112133 into Payment id

2020-09-08 14:30:16 - [TEST_STEP][PASSED] - utilities.SafeActions.safeClick(findTestObject("CERTPAY_ADMIN/GO_BUTTON"), "Go button", [pageLoadTime]): Quicksti.ts:Clicked on the Go button

2020-09-08 14:30:16 - [MESSAGE][INFO] - safeClicking

2020-09-08 14:30:16 - [MESSAGE][PASSED] - Object 'Object Repository/CERTPAY_ADMIN/GO_BUTTON' is present

2020-09-08 14:30:17 - [MESSAGE][PASSED] - Object 'Object Repository/CERTPAY_ADMIN/GO_BUTTON' is clickable

2020-09-08 14:30:24 - [MESSAGE][PASSED] - Object: 'Object Repository/CERTPAY_ADMIN/GO_BUTTON' is clicked on

2020-09-08 14:30:24 - [MESSAGE][PASSED] - Quicksti.ts:Clicked on the Go button

2020-09-08 14:30:24 - [TEST_STEP][PASSED] - delay(5): Delayed 5 second(s)

2020-09-08 14:30:29 - [MESSAGE][PASSED] - Delayed 5 second(s)

2020-09-08 14:30:29 - [TEST_STEP][PASSED] - scrollToPosition(800, 900): Browser is scrolled to position x = 800, y = 900

2020-09-08 14:30:29 - [MESSAGE][PASSED] - Browser is scrolled to position x = 800, y = 900

2020-09-08 14:30:29 - [TEST_STEP][PASSED] - paymentIdList.add(paymentId): null

2020-09-08 14:30:29 - [TEST_STEP][PASSED] - println(paymentIdList): null

2020-09-08 14:30:29 - [TEST_STEP][PASSED] - firstName = data.getValue("FirstName", index): null

2020-09-08 14:30:29 - [TEST_STEP][PASSED] - lastName = data.getValue("LastName", index): null

2020-09-08 14:30:29 - [TEST_STEP][PASSED] - cardNum = data.getValue("CardNumber", index): null

2020-09-08 14:30:29 - [TEST_STEP][PASSED] - expMonth = data.getValue("ExpMonth", index): null

2020-09-08 14:30:29 - [TEST_STEP][PASSED] - expYear = data.getValue("ExpYear", index): null

2020-09-08 14:30:29 - [TEST_STEP][PASSED] - securityCode = data.getValue("SecurityCode", index): null

2020-09-08 14:30:29 - [TEST_STEP][PASSED] - paymentAmount = data.getValue("PaymentAmount", index): null

2020-09-08 14:30:29 - [TEST_STEP][PASSED] - paymentType = data.getValue("PaymentType", index): null

2020-09-08 14:30:29 - [TEST_STEP][PASSED] - quantity = data.getValue("Quantity", index): null

2020-09-08 14:30:29 - [TEST_STEP][PASSED] - comments = data.getValue("Comments", index): null

2020-09-08 14:30:29 - [TEST_STEP][PASSED] - referenceNum = data.getValue("ReferenceNum", index): null

2020-09-08 14:30:29 - [TEST_STEP][PASSED] - address = data.getValue("Address", index): null

2020-09-08 14:30:29 - [TEST_STEP][PASSED] - zipCode = data.getValue("Zipcode", index): null

2020-09-08 14:30:29 - [TEST_STEP][PASSED] - telephone = data.getValue("Telephone", index): null

2020-09-08 14:30:29 - [TEST_STEP][PASSED] - emailAddress = data.getValue("EmailAddress", index): null

2020-09-08 14:30:29 - [TEST_STEP][PASSED] - cardType = data.getValue("CardType", index): null

2020-09-08 14:30:29 - [TEST_STEP][PASSED] - amountList = paymentAmount.split(","): null

2020-09-08 14:30:29 - [TEST_STEP][PASSED] - referenceList = referenceNum.split(","): null

2020-09-08 14:30:29 - [TEST_STEP][PASSED] - paymentTypeList = paymentType.split(","): null

2020-09-08 14:30:29 - [TEST_STEP][PASSED] - commentsList = comments.split(","): null

2020-09-08 14:30:29 - [TEST_STEP][PASSED] - quantityList = quantity.split(","): null

2020-09-08 14:30:29 - [TEST_STEP][PASSED] - utilities.SafeActions.openBrowser(Quicksti_Url, [pageLoadTime]): Browser launched successfully

2020-09-08 14:30:29 - [MESSAGE][INFO] - Opening Browser

2020-09-08 14:30:29 - [MESSAGE][WARNING] - A browser is already opened. Closing browser and opening a new one

2020-09-08 14:30:31 - [MESSAGE][INFO] - Starting 'Chrome' driver

2020-09-08 14:30:46 - [MESSAGE][PASSED] - Browser is opened with url: 'https://qa-certpayquicksti.faps.net/'

2020-09-08 14:30:48 - [MESSAGE][PASSED] - Current window maximized

2020-09-08 14:30:48 - [MESSAGE][PASSED] - Browser launched successfully

2020-09-08 14:30:48 - [TEST_STEP][PASSED] - utilities.SafeActions.safeCheck(findTestObject("CERTPAY_QUICKSTI/Login_ Page/MULTI_BUREAU_CHECKBOX"), "Multi Bureau", [pageLoadTime]): Quicksti.ts:Checkbox 'Multi Bureau'is selected

2020-09-08 14:30:49 - [MESSAGE][PASSED] - Object 'Object Repository/CERTPAY_QUICKSTI/Login_ Page/MULTI_BUREAU_CHECKBOX' is present

2020-09-08 14:30:50 - [MESSAGE][PASSED] - Object 'Object Repository/CERTPAY_QUICKSTI/Login_ Page/MULTI_BUREAU_CHECKBOX' is present

2020-09-08 14:30:51 - [MESSAGE][PASSED] - Object: 'Object Repository/CERTPAY_QUICKSTI/Login_ Page/MULTI_BUREAU_CHECKBOX' is clicked on

2020-09-08 14:30:51 - [MESSAGE][PASSED] - Quicksti.ts:Checkbox 'Multi Bureau'is selected

2020-09-08 14:30:51 - [TEST_STEP][PASSED] - utilities.SafeActions.safeType(findTestObject("CERTPAY_QUICKSTI/Login_ Page/TELLER_ID"), teller_id, "Bureau code", [pageLoadTime]): Quicksti.ts:Entered'zenq into Bureau code

2020-09-08 14:30:54 - [MESSAGE][PASSED] - Object 'Object Repository/CERTPAY_QUICKSTI/Login_ Page/TELLER_ID' is present

2020-09-08 14:30:55 - [MESSAGE][PASSED] - Object 'Object Repository/CERTPAY_QUICKSTI/Login_ Page/TELLER_ID' is visible

2020-09-08 14:30:55 - [MESSAGE][PASSED] - Object 'Object Repository/CERTPAY_QUICKSTI/Login_ Page/TELLER_ID' is present

2020-09-08 14:30:56 - [MESSAGE][PASSED] - Text 'zenq' is set on object 'Object Repository/CERTPAY_QUICKSTI/Login_ Page/TELLER_ID'

2020-09-08 14:30:56 - [MESSAGE][PASSED] - Quicksti.ts:Entered'zenq into Bureau code

2020-09-08 14:30:56 - [TEST_STEP][PASSED] - utilities.SafeActions.safeClick(findTestObject("CERTPAY_QUICKSTI/Login_ Page/NEXT_BUTTON"), "Next button", [pageLoadTime]): Quicksti.ts:Clicked on the Next button

2020-09-08 14:30:56 - [MESSAGE][INFO] - safeClicking

2020-09-08 14:30:57 - [MESSAGE][PASSED] - Object 'Object Repository/CERTPAY_QUICKSTI/Login_ Page/NEXT_BUTTON' is present

2020-09-08 14:30:57 - [MESSAGE][PASSED] - Object 'Object Repository/CERTPAY_QUICKSTI/Login_ Page/NEXT_BUTTON' is clickable

2020-09-08 14:31:01 - [MESSAGE][PASSED] - Object: 'Object Repository/CERTPAY_QUICKSTI/Login_ Page/NEXT_BUTTON' is clicked on

2020-09-08 14:31:01 - [MESSAGE][PASSED] - Quicksti.ts:Clicked on the Next button

2020-09-08 14:31:01 - [TEST_STEP][PASSED] - for ([i = 0, i <= amountList.size() - 1, (i++)]): Quicksti.ts:Entered'2 into Quntity

2020-09-08 14:31:01 - [TEST_STEP][PASSED] - s = Integer.toString(i): null

2020-09-08 14:31:01 - [TEST_STEP][PASSED] - pages.Quicksti.setCommnets("0", s, commentsList.get(i)): Quicksti.ts:Entered'Testing into Comments

2020-09-08 14:31:01 - [MESSAGE][PASSED] - Object '' is present

2020-09-08 14:31:02 - [MESSAGE][PASSED] - Object '' is visible

2020-09-08 14:31:02 - [MESSAGE][PASSED] - Object '' is present

2020-09-08 14:31:03 - [MESSAGE][PASSED] - Text 'Testing' is set on object ''

2020-09-08 14:31:03 - [MESSAGE][PASSED] - Quicksti.ts:Entered'Testing into Comments

2020-09-08 14:31:03 - [TEST_STEP][PASSED] - utilities.SafeActions.safeType(findTestObject("CERTPAY_QUICKSTI/Payment_Information_Page/PAYMENT_AMOUNT"), amountList.get(i), "Payment Amount", [pageLoadTime]): Quicksti.ts:Entered'45.00 into Payment Amount

2020-09-08 14:31:04 - [MESSAGE][PASSED] - Object 'Object Repository/CERTPAY_QUICKSTI/Payment_Information_Page/PAYMENT_AMOUNT' is present

2020-09-08 14:31:04 - [MESSAGE][PASSED] - Object 'Object Repository/CERTPAY_QUICKSTI/Payment_Information_Page/PAYMENT_AMOUNT' is visible

2020-09-08 14:31:04 - [MESSAGE][PASSED] - Object 'Object Repository/CERTPAY_QUICKSTI/Payment_Information_Page/PAYMENT_AMOUNT' is present

2020-09-08 14:31:06 - [MESSAGE][PASSED] - Text '45.00' is set on object 'Object Repository/CERTPAY_QUICKSTI/Payment_Information_Page/PAYMENT_AMOUNT'

2020-09-08 14:31:06 - [MESSAGE][PASSED] - Quicksti.ts:Entered'45.00 into Payment Amount

2020-09-08 14:31:06 - [TEST_STEP][PASSED] - pages.Quicksti.setAmountDetailsForMultiBureau(s, paymentTypeList.get(i), "0", referenceList.get(i), quantityList.get(i)): Quicksti.ts:Entered'1 into Quntity

2020-09-08 14:31:06 - [MESSAGE][PASSED] - Object '' is visible

2020-09-08 14:31:07 - [MESSAGE][PASSED] - Object '' is present

2020-09-08 14:31:08 - [MESSAGE][PASSED] - Object: '' is clicked on

2020-09-08 14:31:09 - [MESSAGE][PASSED] - All options with label 'Licenses' are selected in object ''  using regular expression

2020-09-08 14:31:09 - [MESSAGE][PASSED] - selected dropdown option by visible text  Licensesfrom Payment Type

2020-09-08 14:31:10 - [MESSAGE][PASSED] - Object '' is present

2020-09-08 14:31:10 - [MESSAGE][PASSED] - Object '' is visible

2020-09-08 14:31:10 - [MESSAGE][PASSED] - Object '' is present

2020-09-08 14:31:12 - [MESSAGE][PASSED] - Text '11' is set on object ''

2020-09-08 14:31:12 - [MESSAGE][PASSED] - Quicksti.ts:Entered'11 into RefrenceNumber

2020-09-08 14:31:12 - [MESSAGE][PASSED] - Object '' is present

2020-09-08 14:31:12 - [MESSAGE][PASSED] - Object '' is visible

2020-09-08 14:31:13 - [MESSAGE][PASSED] - Object '' is present

2020-09-08 14:31:14 - [MESSAGE][PASSED] - Text '1' is set on object ''

2020-09-08 14:31:14 - [MESSAGE][PASSED] - Quicksti.ts:Entered'1 into Quntity

2020-09-08 14:31:14 - [TEST_STEP][PASSED] - s = Integer.toString(i): null

2020-09-08 14:31:14 - [TEST_STEP][PASSED] - pages.Quicksti.setCommnets("0", s, commentsList.get(i)): Quicksti.ts:Entered'Tester into Comments

2020-09-08 14:31:14 - [MESSAGE][PASSED] - Object '' is present

2020-09-08 14:31:15 - [MESSAGE][PASSED] - Object '' is visible

2020-09-08 14:31:15 - [MESSAGE][PASSED] - Object '' is present

2020-09-08 14:31:16 - [MESSAGE][PASSED] - Text 'Tester' is set on object ''

2020-09-08 14:31:16 - [MESSAGE][PASSED] - Quicksti.ts:Entered'Tester into Comments

2020-09-08 14:31:16 - [TEST_STEP][PASSED] - utilities.SafeActions.safeType(findTestObject("CERTPAY_QUICKSTI/Payment_Information_Page/PAYMENT_AMOUNT"), amountList.get(i), "Payment Amount", [pageLoadTime]): Quicksti.ts:Entered'35.00 into Payment Amount

2020-09-08 14:31:17 - [MESSAGE][PASSED] - Object 'Object Repository/CERTPAY_QUICKSTI/Payment_Information_Page/PAYMENT_AMOUNT' is present

2020-09-08 14:31:17 - [MESSAGE][PASSED] - Object 'Object Repository/CERTPAY_QUICKSTI/Payment_Information_Page/PAYMENT_AMOUNT' is visible

2020-09-08 14:31:17 - [MESSAGE][PASSED] - Object 'Object Repository/CERTPAY_QUICKSTI/Payment_Information_Page/PAYMENT_AMOUNT' is present

2020-09-08 14:31:19 - [MESSAGE][PASSED] - Text '35.00' is set on object 'Object Repository/CERTPAY_QUICKSTI/Payment_Information_Page/PAYMENT_AMOUNT'

2020-09-08 14:31:19 - [MESSAGE][PASSED] - Quicksti.ts:Entered'35.00 into Payment Amount

2020-09-08 14:31:19 - [TEST_STEP][PASSED] - pages.Quicksti.setAmountDetailsForMultiBureau(s, paymentTypeList.get(i), "0", referenceList.get(i), quantityList.get(i)): Quicksti.ts:Entered'2 into Quntity

2020-09-08 14:31:19 - [MESSAGE][PASSED] - Object '' is visible

2020-09-08 14:31:19 - [MESSAGE][PASSED] - Object '' is present

2020-09-08 14:31:21 - [MESSAGE][PASSED] - Object: '' is clicked on

2020-09-08 14:31:22 - [MESSAGE][PASSED] - All options with label 'Taxes' are selected in object ''  using regular expression

2020-09-08 14:31:22 - [MESSAGE][PASSED] - selected dropdown option by visible text  Taxesfrom Payment Type

2020-09-08 14:31:22 - [MESSAGE][PASSED] - Object '' is present

2020-09-08 14:31:23 - [MESSAGE][PASSED] - Object '' is visible

2020-09-08 14:31:23 - [MESSAGE][PASSED] - Object '' is present

2020-09-08 14:31:24 - [MESSAGE][PASSED] - Text '12' is set on object ''

2020-09-08 14:31:24 - [MESSAGE][PASSED] - Quicksti.ts:Entered'12 into RefrenceNumber

2020-09-08 14:31:25 - [MESSAGE][PASSED] - Object '' is present

2020-09-08 14:31:25 - [MESSAGE][PASSED] - Object '' is visible

2020-09-08 14:31:25 - [MESSAGE][PASSED] - Object '' is present

2020-09-08 14:31:26 - [MESSAGE][PASSED] - Text '2' is set on object ''

2020-09-08 14:31:26 - [MESSAGE][PASSED] - Quicksti.ts:Entered'2 into Quntity

2020-09-08 14:31:26 - [TEST_STEP][PASSED] - s = Integer.toString(i): null

2020-09-08 14:31:26 - [TEST_STEP][PASSED] - pages.Quicksti.setCommnets("0", s, commentsList.get(i)): Quicksti.ts:Entered'Testing into Comments

2020-09-08 14:31:27 - [MESSAGE][PASSED] - Object '' is present

2020-09-08 14:31:27 - [MESSAGE][PASSED] - Object '' is visible

2020-09-08 14:31:27 - [MESSAGE][PASSED] - Object '' is present

2020-09-08 14:31:29 - [MESSAGE][PASSED] - Text 'Testing' is set on object ''

2020-09-08 14:31:29 - [MESSAGE][PASSED] - Quicksti.ts:Entered'Testing into Comments

2020-09-08 14:31:29 - [TEST_STEP][PASSED] - utilities.SafeActions.safeType(findTestObject("CERTPAY_QUICKSTI/Payment_Information_Page/PAYMENT_AMOUNT"), amountList.get(i), "Payment Amount", [pageLoadTime]): Quicksti.ts:Entered'20.00 into Payment Amount

2020-09-08 14:31:29 - [MESSAGE][PASSED] - Object 'Object Repository/CERTPAY_QUICKSTI/Payment_Information_Page/PAYMENT_AMOUNT' is present

2020-09-08 14:31:29 - [MESSAGE][PASSED] - Object 'Object Repository/CERTPAY_QUICKSTI/Payment_Information_Page/PAYMENT_AMOUNT' is visible

2020-09-08 14:31:30 - [MESSAGE][PASSED] - Object 'Object Repository/CERTPAY_QUICKSTI/Payment_Information_Page/PAYMENT_AMOUNT' is present

2020-09-08 14:31:31 - [MESSAGE][PASSED] - Text '20.00' is set on object 'Object Repository/CERTPAY_QUICKSTI/Payment_Information_Page/PAYMENT_AMOUNT'

2020-09-08 14:31:31 - [MESSAGE][PASSED] - Quicksti.ts:Entered'20.00 into Payment Amount

2020-09-08 14:31:31 - [TEST_STEP][PASSED] - pages.Quicksti.setAmountDetailsForMultiBureau(s, paymentTypeList.get(i), "0", referenceList.get(i), quantityList.get(i)): Quicksti.ts:Entered'2 into Quntity

2020-09-08 14:31:32 - [MESSAGE][PASSED] - Object '' is visible

2020-09-08 14:31:32 - [MESSAGE][PASSED] - Object '' is present

2020-09-08 14:31:33 - [MESSAGE][PASSED] - Object: '' is clicked on

2020-09-08 14:31:34 - [MESSAGE][PASSED] - All options with label 'Court Fines' are selected in object ''  using regular expression

2020-09-08 14:31:34 - [MESSAGE][PASSED] - selected dropdown option by visible text  Court Finesfrom Payment Type

2020-09-08 14:31:35 - [MESSAGE][PASSED] - Object '' is present

2020-09-08 14:31:35 - [MESSAGE][PASSED] - Object '' is visible

2020-09-08 14:31:35 - [MESSAGE][PASSED] - Object '' is present

2020-09-08 14:31:37 - [MESSAGE][PASSED] - Text '13' is set on object ''

2020-09-08 14:31:37 - [MESSAGE][PASSED] - Quicksti.ts:Entered'13 into RefrenceNumber

2020-09-08 14:31:37 - [MESSAGE][PASSED] - Object '' is present

2020-09-08 14:31:37 - [MESSAGE][PASSED] - Object '' is visible

2020-09-08 14:31:38 - [MESSAGE][PASSED] - Object '' is present

2020-09-08 14:31:39 - [MESSAGE][PASSED] - Text '2' is set on object ''

2020-09-08 14:31:39 - [MESSAGE][PASSED] - Quicksti.ts:Entered'2 into Quntity

2020-09-08 14:31:39 - [TEST_STEP][PASSED] - for ([i = 0, i <= amountList.size() - 1, (i++)]): Quicksti.ts:Entered'2 into Quntity

2020-09-08 14:31:39 - [TEST_STEP][PASSED] - s = Integer.toString(i): null

2020-09-08 14:31:39 - [TEST_STEP][PASSED] - utilities.SafeActions.safeType(findTestObject("CERTPAY_QUICKSTI/Payment_Information_Page/MULTIBUREAU_PAYMENT_AMOUNT"), amountList.get(i), "Payment Amount", [pageLoadTime]): Quicksti.ts:Entered'45.00 into Payment Amount

2020-09-08 14:31:39 - [MESSAGE][PASSED] - Object 'Object Repository/CERTPAY_QUICKSTI/Payment_Information_Page/MULTIBUREAU_PAYMENT_AMOUNT' is present

2020-09-08 14:31:40 - [MESSAGE][PASSED] - Object 'Object Repository/CERTPAY_QUICKSTI/Payment_Information_Page/MULTIBUREAU_PAYMENT_AMOUNT' is visible

2020-09-08 14:31:40 - [MESSAGE][PASSED] - Object 'Object Repository/CERTPAY_QUICKSTI/Payment_Information_Page/MULTIBUREAU_PAYMENT_AMOUNT' is present

2020-09-08 14:31:41 - [MESSAGE][PASSED] - Text '45.00' is set on object 'Object Repository/CERTPAY_QUICKSTI/Payment_Information_Page/MULTIBUREAU_PAYMENT_AMOUNT'

2020-09-08 14:31:41 - [MESSAGE][PASSED] - Quicksti.ts:Entered'45.00 into Payment Amount

2020-09-08 14:31:41 - [TEST_STEP][PASSED] - pages.Quicksti.setAmountDetailsForMultiBureau(s, "Registration Fees", "1", referenceList.get(i), quantityList.get(i)): Quicksti.ts:Entered'1 into Quntity

2020-09-08 14:31:42 - [MESSAGE][PASSED] - Object '' is visible

2020-09-08 14:31:42 - [MESSAGE][PASSED] - Object '' is present

2020-09-08 14:31:43 - [MESSAGE][PASSED] - Object: '' is clicked on

2020-09-08 14:31:44 - [MESSAGE][PASSED] - All options with label 'Registration Fees' are selected in object ''  using regular expression

2020-09-08 14:31:44 - [MESSAGE][PASSED] - selected dropdown option by visible text  Registration Feesfrom Payment Type

2020-09-08 14:31:44 - [MESSAGE][PASSED] - Object '' is present

2020-09-08 14:31:45 - [MESSAGE][PASSED] - Object '' is visible

2020-09-08 14:31:45 - [MESSAGE][PASSED] - Object '' is present

2020-09-08 14:31:46 - [MESSAGE][PASSED] - Text '11' is set on object ''

2020-09-08 14:31:46 - [MESSAGE][PASSED] - Quicksti.ts:Entered'11 into RefrenceNumber

2020-09-08 14:31:47 - [MESSAGE][PASSED] - Object '' is present

2020-09-08 14:31:47 - [MESSAGE][PASSED] - Object '' is visible

2020-09-08 14:31:47 - [MESSAGE][PASSED] - Object '' is present

2020-09-08 14:31:48 - [MESSAGE][PASSED] - Text '1' is set on object ''

2020-09-08 14:31:48 - [MESSAGE][PASSED] - Quicksti.ts:Entered'1 into Quntity

2020-09-08 14:31:48 - [TEST_STEP][PASSED] - s = Integer.toString(i): null

2020-09-08 14:31:48 - [TEST_STEP][PASSED] - utilities.SafeActions.safeType(findTestObject("CERTPAY_QUICKSTI/Payment_Information_Page/MULTIBUREAU_PAYMENT_AMOUNT"), amountList.get(i), "Payment Amount", [pageLoadTime]): Quicksti.ts:Entered'35.00 into Payment Amount

2020-09-08 14:31:49 - [MESSAGE][PASSED] - Object 'Object Repository/CERTPAY_QUICKSTI/Payment_Information_Page/MULTIBUREAU_PAYMENT_AMOUNT' is present

2020-09-08 14:31:49 - [MESSAGE][PASSED] - Object 'Object Repository/CERTPAY_QUICKSTI/Payment_Information_Page/MULTIBUREAU_PAYMENT_AMOUNT' is visible

2020-09-08 14:31:49 - [MESSAGE][PASSED] - Object 'Object Repository/CERTPAY_QUICKSTI/Payment_Information_Page/MULTIBUREAU_PAYMENT_AMOUNT' is present

2020-09-08 14:31:51 - [MESSAGE][PASSED] - Text '35.00' is set on object 'Object Repository/CERTPAY_QUICKSTI/Payment_Information_Page/MULTIBUREAU_PAYMENT_AMOUNT'

2020-09-08 14:31:51 - [MESSAGE][PASSED] - Quicksti.ts:Entered'35.00 into Payment Amount

2020-09-08 14:31:51 - [TEST_STEP][PASSED] - pages.Quicksti.setAmountDetailsForMultiBureau(s, "Registration Fees", "1", referenceList.get(i), quantityList.get(i)): Quicksti.ts:Entered'2 into Quntity

2020-09-08 14:31:51 - [MESSAGE][PASSED] - Object '' is visible

2020-09-08 14:31:51 - [MESSAGE][PASSED] - Object '' is present

2020-09-08 14:31:53 - [MESSAGE][PASSED] - Object: '' is clicked on

2020-09-08 14:31:54 - [MESSAGE][PASSED] - All options with label 'Registration Fees' are selected in object ''  using regular expression

2020-09-08 14:31:54 - [MESSAGE][PASSED] - selected dropdown option by visible text  Registration Feesfrom Payment Type

2020-09-08 14:31:54 - [MESSAGE][PASSED] - Object '' is present

2020-09-08 14:31:54 - [MESSAGE][PASSED] - Object '' is visible

2020-09-08 14:31:54 - [MESSAGE][PASSED] - Object '' is present

2020-09-08 14:31:56 - [MESSAGE][PASSED] - Text '12' is set on object ''

2020-09-08 14:31:56 - [MESSAGE][PASSED] - Quicksti.ts:Entered'12 into RefrenceNumber

2020-09-08 14:31:56 - [MESSAGE][PASSED] - Object '' is present

2020-09-08 14:31:56 - [MESSAGE][PASSED] - Object '' is visible

2020-09-08 14:31:56 - [MESSAGE][PASSED] - Object '' is present

2020-09-08 14:31:58 - [MESSAGE][PASSED] - Text '2' is set on object ''

2020-09-08 14:31:58 - [MESSAGE][PASSED] - Quicksti.ts:Entered'2 into Quntity

2020-09-08 14:31:58 - [TEST_STEP][PASSED] - s = Integer.toString(i): null

2020-09-08 14:31:58 - [TEST_STEP][PASSED] - utilities.SafeActions.safeType(findTestObject("CERTPAY_QUICKSTI/Payment_Information_Page/MULTIBUREAU_PAYMENT_AMOUNT"), amountList.get(i), "Payment Amount", [pageLoadTime]): Quicksti.ts:Entered'20.00 into Payment Amount

2020-09-08 14:31:58 - [MESSAGE][PASSED] - Object 'Object Repository/CERTPAY_QUICKSTI/Payment_Information_Page/MULTIBUREAU_PAYMENT_AMOUNT' is present

2020-09-08 14:31:58 - [MESSAGE][PASSED] - Object 'Object Repository/CERTPAY_QUICKSTI/Payment_Information_Page/MULTIBUREAU_PAYMENT_AMOUNT' is visible

2020-09-08 14:31:59 - [MESSAGE][PASSED] - Object 'Object Repository/CERTPAY_QUICKSTI/Payment_Information_Page/MULTIBUREAU_PAYMENT_AMOUNT' is present

2020-09-08 14:32:00 - [MESSAGE][PASSED] - Text '20.00' is set on object 'Object Repository/CERTPAY_QUICKSTI/Payment_Information_Page/MULTIBUREAU_PAYMENT_AMOUNT'

2020-09-08 14:32:00 - [MESSAGE][PASSED] - Quicksti.ts:Entered'20.00 into Payment Amount

2020-09-08 14:32:00 - [TEST_STEP][PASSED] - pages.Quicksti.setAmountDetailsForMultiBureau(s, "Registration Fees", "1", referenceList.get(i), quantityList.get(i)): Quicksti.ts:Entered'2 into Quntity

2020-09-08 14:32:00 - [MESSAGE][PASSED] - Object '' is visible

2020-09-08 14:32:01 - [MESSAGE][PASSED] - Object '' is present

2020-09-08 14:32:02 - [MESSAGE][PASSED] - Object: '' is clicked on

2020-09-08 14:32:03 - [MESSAGE][PASSED] - All options with label 'Registration Fees' are selected in object ''  using regular expression

2020-09-08 14:32:03 - [MESSAGE][PASSED] - selected dropdown option by visible text  Registration Feesfrom Payment Type

2020-09-08 14:32:03 - [MESSAGE][PASSED] - Object '' is present

2020-09-08 14:32:03 - [MESSAGE][PASSED] - Object '' is visible

2020-09-08 14:32:04 - [MESSAGE][PASSED] - Object '' is present

2020-09-08 14:32:05 - [MESSAGE][PASSED] - Text '13' is set on object ''

2020-09-08 14:32:05 - [MESSAGE][PASSED] - Quicksti.ts:Entered'13 into RefrenceNumber

2020-09-08 14:32:05 - [MESSAGE][PASSED] - Object '' is present

2020-09-08 14:32:06 - [MESSAGE][PASSED] - Object '' is visible

2020-09-08 14:32:06 - [MESSAGE][PASSED] - Object '' is present

2020-09-08 14:32:07 - [MESSAGE][PASSED] - Text '2' is set on object ''

2020-09-08 14:32:07 - [MESSAGE][PASSED] - Quicksti.ts:Entered'2 into Quntity

2020-09-08 14:32:07 - [TEST_STEP][PASSED] - for ([i = 0, i <= amountList.size() - 1, (i++)]): Quicksti.ts:Entered'Testing into Comments

2020-09-08 14:32:07 - [TEST_STEP][PASSED] - s = Integer.toString(i): null

2020-09-08 14:32:07 - [TEST_STEP][PASSED] - utilities.SafeActions.safeType(findTestObject("CERTPAY_QUICKSTI/Payment_Information_Page/MULTIBUREAU_PAY_AMOUNT2"), amountList.get(i), "Payment Amount", [pageLoadTime]): Quicksti.ts:Entered'45.00 into Payment Amount

2020-09-08 14:32:09 - [MESSAGE][PASSED] - Object 'Object Repository/CERTPAY_QUICKSTI/Payment_Information_Page/MULTIBUREAU_PAY_AMOUNT2' is present

2020-09-08 14:32:09 - [MESSAGE][PASSED] - Object 'Object Repository/CERTPAY_QUICKSTI/Payment_Information_Page/MULTIBUREAU_PAY_AMOUNT2' is visible

2020-09-08 14:32:09 - [MESSAGE][PASSED] - Object 'Object Repository/CERTPAY_QUICKSTI/Payment_Information_Page/MULTIBUREAU_PAY_AMOUNT2' is present

2020-09-08 14:32:11 - [MESSAGE][PASSED] - Text '45.00' is set on object 'Object Repository/CERTPAY_QUICKSTI/Payment_Information_Page/MULTIBUREAU_PAY_AMOUNT2'

2020-09-08 14:32:11 - [MESSAGE][PASSED] - Quicksti.ts:Entered'45.00 into Payment Amount

2020-09-08 14:32:11 - [TEST_STEP][PASSED] - pages.Quicksti.setAmountDetailsForMultiBureau(s, "Vehicles", "2", referenceList.get(i), quantityList.get(i)): Quicksti.ts:Entered'1 into Quntity

2020-09-08 14:32:11 - [MESSAGE][PASSED] - Object '' is visible

2020-09-08 14:32:12 - [MESSAGE][PASSED] - Object '' is present

2020-09-08 14:32:13 - [MESSAGE][PASSED] - Object: '' is clicked on

2020-09-08 14:32:14 - [MESSAGE][PASSED] - All options with label 'Vehicles' are selected in object ''  using regular expression

2020-09-08 14:32:14 - [MESSAGE][PASSED] - selected dropdown option by visible text  Vehiclesfrom Payment Type

2020-09-08 14:32:15 - [MESSAGE][PASSED] - Object '' is present

2020-09-08 14:32:15 - [MESSAGE][PASSED] - Object '' is visible

2020-09-08 14:32:15 - [MESSAGE][PASSED] - Object '' is present

2020-09-08 14:32:17 - [MESSAGE][PASSED] - Text '11' is set on object ''

2020-09-08 14:32:17 - [MESSAGE][PASSED] - Quicksti.ts:Entered'11 into RefrenceNumber

2020-09-08 14:32:17 - [MESSAGE][PASSED] - Object '' is present

2020-09-08 14:32:17 - [MESSAGE][PASSED] - Object '' is visible

2020-09-08 14:32:17 - [MESSAGE][PASSED] - Object '' is present

2020-09-08 14:32:19 - [MESSAGE][PASSED] - Text '1' is set on object ''

2020-09-08 14:32:19 - [MESSAGE][PASSED] - Quicksti.ts:Entered'1 into Quntity

2020-09-08 14:32:19 - [TEST_STEP][PASSED] - pages.Quicksti.setCommnets("2", s, commentsList.get(i)): Quicksti.ts:Entered'Testing into Comments

2020-09-08 14:32:19 - [MESSAGE][PASSED] - Object '' is present

2020-09-08 14:32:19 - [MESSAGE][PASSED] - Object '' is visible

2020-09-08 14:32:20 - [MESSAGE][PASSED] - Object '' is present

2020-09-08 14:32:21 - [MESSAGE][PASSED] - Text 'Testing' is set on object ''

2020-09-08 14:32:21 - [MESSAGE][PASSED] - Quicksti.ts:Entered'Testing into Comments

2020-09-08 14:32:21 - [TEST_STEP][PASSED] - s = Integer.toString(i): null

2020-09-08 14:32:21 - [TEST_STEP][PASSED] - utilities.SafeActions.safeType(findTestObject("CERTPAY_QUICKSTI/Payment_Information_Page/MULTIBUREAU_PAY_AMOUNT2"), amountList.get(i), "Payment Amount", [pageLoadTime]): Quicksti.ts:Entered'35.00 into Payment Amount

2020-09-08 14:32:21 - [MESSAGE][PASSED] - Object 'Object Repository/CERTPAY_QUICKSTI/Payment_Information_Page/MULTIBUREAU_PAY_AMOUNT2' is present

2020-09-08 14:32:22 - [MESSAGE][PASSED] - Object 'Object Repository/CERTPAY_QUICKSTI/Payment_Information_Page/MULTIBUREAU_PAY_AMOUNT2' is visible

2020-09-08 14:32:22 - [MESSAGE][PASSED] - Object 'Object Repository/CERTPAY_QUICKSTI/Payment_Information_Page/MULTIBUREAU_PAY_AMOUNT2' is present

2020-09-08 14:32:23 - [MESSAGE][PASSED] - Text '35.00' is set on object 'Object Repository/CERTPAY_QUICKSTI/Payment_Information_Page/MULTIBUREAU_PAY_AMOUNT2'

2020-09-08 14:32:23 - [MESSAGE][PASSED] - Quicksti.ts:Entered'35.00 into Payment Amount

2020-09-08 14:32:23 - [TEST_STEP][PASSED] - pages.Quicksti.setAmountDetailsForMultiBureau(s, "Vehicles", "2", referenceList.get(i), quantityList.get(i)): Quicksti.ts:Entered'2 into Quntity

2020-09-08 14:32:24 - [MESSAGE][PASSED] - Object '' is visible

2020-09-08 14:32:24 - [MESSAGE][PASSED] - Object '' is present

2020-09-08 14:32:25 - [MESSAGE][PASSED] - Object: '' is clicked on

2020-09-08 14:32:27 - [MESSAGE][PASSED] - All options with label 'Vehicles' are selected in object ''  using regular expression

2020-09-08 14:32:27 - [MESSAGE][PASSED] - selected dropdown option by visible text  Vehiclesfrom Payment Type

2020-09-08 14:32:27 - [MESSAGE][PASSED] - Object '' is present

2020-09-08 14:32:27 - [MESSAGE][PASSED] - Object '' is visible

2020-09-08 14:32:28 - [MESSAGE][PASSED] - Object '' is present

2020-09-08 14:32:29 - [MESSAGE][PASSED] - Text '12' is set on object ''

2020-09-08 14:32:29 - [MESSAGE][PASSED] - Quicksti.ts:Entered'12 into RefrenceNumber

2020-09-08 14:32:29 - [MESSAGE][PASSED] - Object '' is present

2020-09-08 14:32:30 - [MESSAGE][PASSED] - Object '' is visible

2020-09-08 14:32:30 - [MESSAGE][PASSED] - Object '' is present

2020-09-08 14:32:31 - [MESSAGE][PASSED] - Text '2' is set on object ''

2020-09-08 14:32:31 - [MESSAGE][PASSED] - Quicksti.ts:Entered'2 into Quntity

2020-09-08 14:32:31 - [TEST_STEP][PASSED] - pages.Quicksti.setCommnets("2", s, commentsList.get(i)): Quicksti.ts:Entered'Tester into Comments

2020-09-08 14:32:32 - [MESSAGE][PASSED] - Object '' is present

2020-09-08 14:32:32 - [MESSAGE][PASSED] - Object '' is visible

2020-09-08 14:32:32 - [MESSAGE][PASSED] - Object '' is present

2020-09-08 14:32:34 - [MESSAGE][PASSED] - Text 'Tester' is set on object ''

2020-09-08 14:32:34 - [MESSAGE][PASSED] - Quicksti.ts:Entered'Tester into Comments

2020-09-08 14:32:34 - [TEST_STEP][PASSED] - s = Integer.toString(i): null

2020-09-08 14:32:34 - [TEST_STEP][PASSED] - utilities.SafeActions.safeType(findTestObject("CERTPAY_QUICKSTI/Payment_Information_Page/MULTIBUREAU_PAY_AMOUNT2"), amountList.get(i), "Payment Amount", [pageLoadTime]): Quicksti.ts:Entered'20.00 into Payment Amount

2020-09-08 14:32:34 - [MESSAGE][PASSED] - Object 'Object Repository/CERTPAY_QUICKSTI/Payment_Information_Page/MULTIBUREAU_PAY_AMOUNT2' is present

2020-09-08 14:32:35 - [MESSAGE][PASSED] - Object 'Object Repository/CERTPAY_QUICKSTI/Payment_Information_Page/MULTIBUREAU_PAY_AMOUNT2' is visible

2020-09-08 14:32:35 - [MESSAGE][PASSED] - Object 'Object Repository/CERTPAY_QUICKSTI/Payment_Information_Page/MULTIBUREAU_PAY_AMOUNT2' is present

2020-09-08 14:32:36 - [MESSAGE][PASSED] - Text '20.00' is set on object 'Object Repository/CERTPAY_QUICKSTI/Payment_Information_Page/MULTIBUREAU_PAY_AMOUNT2'

2020-09-08 14:32:36 - [MESSAGE][PASSED] - Quicksti.ts:Entered'20.00 into Payment Amount

2020-09-08 14:32:36 - [TEST_STEP][PASSED] - pages.Quicksti.setAmountDetailsForMultiBureau(s, "Vehicles", "2", referenceList.get(i), quantityList.get(i)): Quicksti.ts:Entered'2 into Quntity

2020-09-08 14:32:37 - [MESSAGE][PASSED] - Object '' is visible

2020-09-08 14:32:37 - [MESSAGE][PASSED] - Object '' is present

2020-09-08 14:32:38 - [MESSAGE][PASSED] - Object: '' is clicked on

2020-09-08 14:32:40 - [MESSAGE][PASSED] - All options with label 'Vehicles' are selected in object ''  using regular expression

2020-09-08 14:32:40 - [MESSAGE][PASSED] - selected dropdown option by visible text  Vehiclesfrom Payment Type

2020-09-08 14:32:40 - [MESSAGE][PASSED] - Object '' is present

2020-09-08 14:32:40 - [MESSAGE][PASSED] - Object '' is visible

2020-09-08 14:32:41 - [MESSAGE][PASSED] - Object '' is present

2020-09-08 14:32:42 - [MESSAGE][PASSED] - Text '13' is set on object ''

2020-09-08 14:32:42 - [MESSAGE][PASSED] - Quicksti.ts:Entered'13 into RefrenceNumber

2020-09-08 14:32:42 - [MESSAGE][PASSED] - Object '' is present

2020-09-08 14:32:43 - [MESSAGE][PASSED] - Object '' is visible

2020-09-08 14:32:43 - [MESSAGE][PASSED] - Object '' is present

2020-09-08 14:32:44 - [MESSAGE][PASSED] - Text '2' is set on object ''

2020-09-08 14:32:44 - [MESSAGE][PASSED] - Quicksti.ts:Entered'2 into Quntity

2020-09-08 14:32:44 - [TEST_STEP][PASSED] - pages.Quicksti.setCommnets("2", s, commentsList.get(i)): Quicksti.ts:Entered'Testing into Comments

2020-09-08 14:32:45 - [MESSAGE][PASSED] - Object '' is present

2020-09-08 14:32:45 - [MESSAGE][PASSED] - Object '' is visible

2020-09-08 14:32:45 - [MESSAGE][PASSED] - Object '' is present

2020-09-08 14:32:47 - [MESSAGE][PASSED] - Text 'Testing' is set on object ''

2020-09-08 14:32:47 - [MESSAGE][PASSED] - Quicksti.ts:Entered'Testing into Comments

2020-09-08 14:32:47 - [TEST_STEP][PASSED] - utilities.SafeActions.safeClick(findTestObject("CERTPAY_QUICKSTI/Payment_Information_Page/MANUAL_ENTRY_BUTTON"), "ManualEntry", [pageLoadTime]): Quicksti.ts:Clicked on the ManualEntry

2020-09-08 14:32:47 - [MESSAGE][INFO] - safeClicking

2020-09-08 14:32:47 - [MESSAGE][PASSED] - Object 'Object Repository/CERTPAY_QUICKSTI/Payment_Information_Page/MANUAL_ENTRY_BUTTON' is present

2020-09-08 14:32:47 - [MESSAGE][PASSED] - Object 'Object Repository/CERTPAY_QUICKSTI/Payment_Information_Page/MANUAL_ENTRY_BUTTON' is clickable

2020-09-08 14:32:53 - [MESSAGE][PASSED] - Object: 'Object Repository/CERTPAY_QUICKSTI/Payment_Information_Page/MANUAL_ENTRY_BUTTON' is clicked on

2020-09-08 14:32:53 - [MESSAGE][PASSED] - Quicksti.ts:Clicked on the ManualEntry

2020-09-08 14:32:53 - [TEST_STEP][PASSED] - amount_Value = pages.Quicksti.getAttributeValue(findTestObject("CERTPAY_QUICKSTI/Payment_Information_Page/SUB_TOTAL")): pages.Quicksti.getAttributeValue is PASSED

2020-09-08 14:32:53 - [MESSAGE][PASSED] - Attribute 'value' of object 'Object Repository/CERTPAY_QUICKSTI/Payment_Information_Page/SUB_TOTAL' is: '45.00'

2020-09-08 14:32:53 - [MESSAGE][PASSED] - pages.Quicksti.getAttributeValue is PASSED

2020-09-08 14:32:53 - [TEST_STEP][PASSED] - CardNumber = pages.Quicksti.setUserPaymentDetails(firstName, lastName, cardNum): Quicksti.ts:Entered'8171999900000018 into CardNum

2020-09-08 14:32:53 - [MESSAGE][PASSED] - Object 'Object Repository/CERTPAY_QUICKSTI/Payment_Information_Page/FIRST_NAME' is present

2020-09-08 14:32:54 - [MESSAGE][PASSED] - Object 'Object Repository/CERTPAY_QUICKSTI/Payment_Information_Page/FIRST_NAME' is visible

2020-09-08 14:32:54 - [MESSAGE][PASSED] - Object 'Object Repository/CERTPAY_QUICKSTI/Payment_Information_Page/FIRST_NAME' is present

2020-09-08 14:32:55 - [MESSAGE][PASSED] - Text 'Tester' is set on object 'Object Repository/CERTPAY_QUICKSTI/Payment_Information_Page/FIRST_NAME'

2020-09-08 14:32:55 - [MESSAGE][PASSED] - Quicksti.ts:Entered'Tester into FirstName

2020-09-08 14:32:56 - [MESSAGE][PASSED] - Object 'Object Repository/CERTPAY_QUICKSTI/Payment_Information_Page/LAST_NAME' is present

2020-09-08 14:32:56 - [MESSAGE][PASSED] - Object 'Object Repository/CERTPAY_QUICKSTI/Payment_Information_Page/LAST_NAME' is visible

2020-09-08 14:32:56 - [MESSAGE][PASSED] - Object 'Object Repository/CERTPAY_QUICKSTI/Payment_Information_Page/LAST_NAME' is present

2020-09-08 14:32:58 - [MESSAGE][PASSED] - Text 'Zenq1' is set on object 'Object Repository/CERTPAY_QUICKSTI/Payment_Information_Page/LAST_NAME'

2020-09-08 14:32:58 - [MESSAGE][PASSED] - Quicksti.ts:Entered'Zenq1 into LAstName

2020-09-08 14:32:58 - [MESSAGE][PASSED] - Object 'Object Repository/CERTPAY_QUICKSTI/Payment_Information_Page/CARD_NUMBER' is present

2020-09-08 14:32:58 - [MESSAGE][PASSED] - Object 'Object Repository/CERTPAY_QUICKSTI/Payment_Information_Page/CARD_NUMBER' is visible

2020-09-08 14:32:59 - [MESSAGE][PASSED] - Object 'Object Repository/CERTPAY_QUICKSTI/Payment_Information_Page/CARD_NUMBER' is present

2020-09-08 14:33:00 - [MESSAGE][PASSED] - Text '8171999900000018' is set on object 'Object Repository/CERTPAY_QUICKSTI/Payment_Information_Page/CARD_NUMBER'

2020-09-08 14:33:00 - [MESSAGE][PASSED] - Quicksti.ts:Entered'8171999900000018 into CardNum

2020-09-08 14:33:00 - [TEST_STEP][PASSED] - pages.Quicksti.setExpDate(expMonth, expYear, securityCode): Quicksti.ts:Entered'111 into securityCode

2020-09-08 14:33:01 - [MESSAGE][PASSED] - Object 'Object Repository/CERTPAY_QUICKSTI/Payment_Information_Page/EXP_MONTH' is visible

2020-09-08 14:33:01 - [MESSAGE][PASSED] - Object 'Object Repository/CERTPAY_QUICKSTI/Payment_Information_Page/EXP_MONTH' is present

2020-09-08 14:33:02 - [MESSAGE][PASSED] - Object: 'Object Repository/CERTPAY_QUICKSTI/Payment_Information_Page/EXP_MONTH' is clicked on

2020-09-08 14:33:03 - [MESSAGE][PASSED] - All options with label '04' are selected in object 'Object Repository/CERTPAY_QUICKSTI/Payment_Information_Page/EXP_MONTH'  using regular expression

2020-09-08 14:33:03 - [MESSAGE][PASSED] - selected dropdown option by visible text  04from expMonth

2020-09-08 14:33:04 - [MESSAGE][PASSED] - Object 'Object Repository/CERTPAY_QUICKSTI/Payment_Information_Page/EXP_YEAR' is visible

2020-09-08 14:33:04 - [MESSAGE][PASSED] - Object 'Object Repository/CERTPAY_QUICKSTI/Payment_Information_Page/EXP_YEAR' is present

2020-09-08 14:33:05 - [MESSAGE][PASSED] - Object: 'Object Repository/CERTPAY_QUICKSTI/Payment_Information_Page/EXP_YEAR' is clicked on

2020-09-08 14:33:07 - [MESSAGE][PASSED] - All options with label '2027' are selected in object 'Object Repository/CERTPAY_QUICKSTI/Payment_Information_Page/EXP_YEAR'  using regular expression

2020-09-08 14:33:07 - [MESSAGE][PASSED] - selected dropdown option by visible text  2027from  expYear

2020-09-08 14:33:07 - [MESSAGE][PASSED] - Object 'Object Repository/CERTPAY_QUICKSTI/Payment_Information_Page/SECURITY_CODE' is present

2020-09-08 14:33:07 - [MESSAGE][PASSED] - Object 'Object Repository/CERTPAY_QUICKSTI/Payment_Information_Page/SECURITY_CODE' is visible

2020-09-08 14:33:08 - [MESSAGE][PASSED] - Object 'Object Repository/CERTPAY_QUICKSTI/Payment_Information_Page/SECURITY_CODE' is present

2020-09-08 14:33:09 - [MESSAGE][PASSED] - Text '111' is set on object 'Object Repository/CERTPAY_QUICKSTI/Payment_Information_Page/SECURITY_CODE'

2020-09-08 14:33:09 - [MESSAGE][PASSED] - Quicksti.ts:Entered'111 into securityCode

2020-09-08 14:33:09 - [TEST_STEP][PASSED] - utilities.SafeActions.safeType(findTestObject("CERTPAY_QUICKSTI/Payment_Information_Page/ADDRESS"), address, "Address", [pageLoadTime]): Quicksti.ts:Entered'14-2 into Address

2020-09-08 14:33:09 - [MESSAGE][PASSED] - Object 'Object Repository/CERTPAY_QUICKSTI/Payment_Information_Page/ADDRESS' is present

2020-09-08 14:33:10 - [MESSAGE][PASSED] - Object 'Object Repository/CERTPAY_QUICKSTI/Payment_Information_Page/ADDRESS' is visible

2020-09-08 14:33:10 - [MESSAGE][PASSED] - Object 'Object Repository/CERTPAY_QUICKSTI/Payment_Information_Page/ADDRESS' is present

2020-09-08 14:33:11 - [MESSAGE][PASSED] - Text '14-2' is set on object 'Object Repository/CERTPAY_QUICKSTI/Payment_Information_Page/ADDRESS'

2020-09-08 14:33:11 - [MESSAGE][PASSED] - Quicksti.ts:Entered'14-2 into Address

2020-09-08 14:33:11 - [TEST_STEP][PASSED] - utilities.SafeActions.safeType(findTestObject("CERTPAY_QUICKSTI/Payment_Information_Page/ZIP_CODE"), zipCode, "zipcode", [pageLoadTime]): Quicksti.ts:Entered'76102 into zipcode

2020-09-08 14:33:12 - [MESSAGE][PASSED] - Object 'Object Repository/CERTPAY_QUICKSTI/Payment_Information_Page/ZIP_CODE' is present

2020-09-08 14:33:12 - [MESSAGE][PASSED] - Object 'Object Repository/CERTPAY_QUICKSTI/Payment_Information_Page/ZIP_CODE' is visible

2020-09-08 14:33:12 - [MESSAGE][PASSED] - Object 'Object Repository/CERTPAY_QUICKSTI/Payment_Information_Page/ZIP_CODE' is present

2020-09-08 14:33:14 - [MESSAGE][PASSED] - Text '76102' is set on object 'Object Repository/CERTPAY_QUICKSTI/Payment_Information_Page/ZIP_CODE'

2020-09-08 14:33:14 - [MESSAGE][PASSED] - Quicksti.ts:Entered'76102 into zipcode

2020-09-08 14:33:14 - [TEST_STEP][PASSED] - utilities.SafeActions.safeType(findTestObject("CERTPAY_QUICKSTI/Payment_Information_Page/TELEPHONE"), telephone, "Telephone", [pageLoadTime]): Quicksti.ts:Entered'9989897654 into Telephone

2020-09-08 14:33:14 - [MESSAGE][PASSED] - Object 'Object Repository/CERTPAY_QUICKSTI/Payment_Information_Page/TELEPHONE' is present

2020-09-08 14:33:14 - [MESSAGE][PASSED] - Object 'Object Repository/CERTPAY_QUICKSTI/Payment_Information_Page/TELEPHONE' is visible

2020-09-08 14:33:15 - [MESSAGE][PASSED] - Object 'Object Repository/CERTPAY_QUICKSTI/Payment_Information_Page/TELEPHONE' is present

2020-09-08 14:33:16 - [MESSAGE][PASSED] - Text '9989897654' is set on object 'Object Repository/CERTPAY_QUICKSTI/Payment_Information_Page/TELEPHONE'

2020-09-08 14:33:16 - [MESSAGE][PASSED] - Quicksti.ts:Entered'9989897654 into Telephone

2020-09-08 14:33:16 - [TEST_STEP][PASSED] - utilities.SafeActions.safeType(findTestObject("CERTPAY_QUICKSTI/Payment_Information_Page/EMAIL_ADDRESS"), emailAddress, "EMAIL address", [pageLoadTime]): Quicksti.ts:Entered'testing@zenq.com into EMAIL address

2020-09-08 14:33:16 - [MESSAGE][PASSED] - Object 'Object Repository/CERTPAY_QUICKSTI/Payment_Information_Page/EMAIL_ADDRESS' is present

2020-09-08 14:33:17 - [MESSAGE][PASSED] - Object 'Object Repository/CERTPAY_QUICKSTI/Payment_Information_Page/EMAIL_ADDRESS' is visible

2020-09-08 14:33:17 - [MESSAGE][PASSED] - Object 'Object Repository/CERTPAY_QUICKSTI/Payment_Information_Page/EMAIL_ADDRESS' is present

2020-09-08 14:33:18 - [MESSAGE][PASSED] - Text 'testing@zenq.com' is set on object 'Object Repository/CERTPAY_QUICKSTI/Payment_Information_Page/EMAIL_ADDRESS'

2020-09-08 14:33:18 - [MESSAGE][PASSED] - Quicksti.ts:Entered'testing@zenq.com into EMAIL address

2020-09-08 14:33:18 - [TEST_STEP][PASSED] - utilities.SafeActions.safeClick(findTestObject("CERTPAY_QUICKSTI/Payment_Information_Page/NEXT_BUTTON"), "Next", [pageLoadTime]): Quicksti.ts:Clicked on the Next

2020-09-08 14:33:18 - [MESSAGE][INFO] - safeClicking

2020-09-08 14:33:19 - [MESSAGE][PASSED] - Object 'Object Repository/CERTPAY_QUICKSTI/Payment_Information_Page/NEXT_BUTTON' is present

2020-09-08 14:33:19 - [MESSAGE][PASSED] - Object 'Object Repository/CERTPAY_QUICKSTI/Payment_Information_Page/NEXT_BUTTON' is clickable

2020-09-08 14:33:23 - [MESSAGE][PASSED] - Object: 'Object Repository/CERTPAY_QUICKSTI/Payment_Information_Page/NEXT_BUTTON' is clicked on

2020-09-08 14:33:23 - [MESSAGE][PASSED] - Quicksti.ts:Clicked on the Next

2020-09-08 14:33:23 - [TEST_STEP][PASSED] - pages.Quicksti.verifyUserPaymentDetails(amountList.get(0), firstName, lastName, CardNumber): pages.Quicksti.verifyUserPaymentDetails is PASSED

2020-09-08 14:33:23 - [MESSAGE][PASSED] - Text of object 'Object Repository/CERTPAY_QUICKSTI/Payment_Details_Verification_Page/AMOUNT' is: '$45.00'

2020-09-08 14:33:23 - [MESSAGE][PASSED] - Actual text '45.00' and expected text '45.00' are matched  using regular expression

2020-09-08 14:33:24 - [MESSAGE][PASSED] - Text of object 'Object Repository/CERTPAY_QUICKSTI/Payment_Details_Verification_Page/NAME' is: 'Tester Zenq1'

2020-09-08 14:33:24 - [MESSAGE][PASSED] - Actual text 'Tester Zenq1' and expected text 'Tester Zenq1' are matched  using regular expression

2020-09-08 14:33:24 - [MESSAGE][PASSED] - Text of object 'Object Repository/CERTPAY_QUICKSTI/Payment_Details_Verification_Page/CARD_NUMBER' is: '...0018'

2020-09-08 14:33:24 - [MESSAGE][PASSED] - Actual text '0018' and expected text '0018' are matched  using regular expression

2020-09-08 14:33:24 - [MESSAGE][PASSED] - pages.Quicksti.verifyUserPaymentDetails is PASSED

2020-09-08 14:33:24 - [TEST_STEP][PASSED] - scrollToElement(findTestObject("CERTPAY_QUICKSTI/Payment_Details_Verification_Page/PROCESS"), 30): Scroll to object 'Object Repository/CERTPAY_QUICKSTI/Payment_Details_Verification_Page/PROCESS' successfully

2020-09-08 14:33:24 - [MESSAGE][PASSED] - Scroll to object 'Object Repository/CERTPAY_QUICKSTI/Payment_Details_Verification_Page/PROCESS' successfully

2020-09-08 14:33:24 - [TEST_STEP][PASSED] - utilities.SafeActions.safeClick(findTestObject("CERTPAY_QUICKSTI/Payment_Details_Verification_Page/PROCESS"), "Process", [pageLoadTime]): Quicksti.ts:Clicked on the Process

2020-09-08 14:33:24 - [MESSAGE][INFO] - safeClicking

2020-09-08 14:33:25 - [MESSAGE][PASSED] - Object 'Object Repository/CERTPAY_QUICKSTI/Payment_Details_Verification_Page/PROCESS' is present

2020-09-08 14:33:25 - [MESSAGE][PASSED] - Object 'Object Repository/CERTPAY_QUICKSTI/Payment_Details_Verification_Page/PROCESS' is clickable

2020-09-08 14:33:30 - [MESSAGE][PASSED] - Object: 'Object Repository/CERTPAY_QUICKSTI/Payment_Details_Verification_Page/PROCESS' is clicked on

2020-09-08 14:33:30 - [MESSAGE][PASSED] - Quicksti.ts:Clicked on the Process

2020-09-08 14:33:30 - [TEST_STEP][PASSED] - paymentId = pages.Quicksti.verifyPaymentApproval(findTestObject("CERTPAY_QUICKSTI/Payment_Details_Verification_Page/APPROVED")): Payment is approved

2020-09-08 14:33:31 - [MESSAGE][PASSED] - Text of object 'Object Repository/CERTPAY_QUICKSTI/Payment_Details_Verification_Page/PAYMENT_ID' is: '100176112151'

2020-09-08 14:33:31 - [MESSAGE][PASSED] - Object 'Object Repository/CERTPAY_QUICKSTI/Payment_Details_Verification_Page/APPROVED' is present

2020-09-08 14:33:31 - [MESSAGE][PASSED] - Payment is approved

2020-09-08 14:33:33 - [TEST_STEP][PASSED] - navigateToUrl(Admin_url): Navigate to 'https://qa-certpayadmin.faps.net' successfully

2020-09-08 14:33:39 - [MESSAGE][PASSED] - Navigate to 'https://qa-certpayadmin.faps.net' successfully

2020-09-08 14:33:39 - [TEST_STEP][PASSED] - pages.Bureau_Login_Page.loginToAdminSite(AdminUsername, AdminPassword): Quicksti.ts:Clicked on the LOGIN

2020-09-08 14:33:39 - [MESSAGE][PASSED] - Object 'Object Repository/CERTPAY_ADMIN/USER_NAME' is present

2020-09-08 14:33:40 - [MESSAGE][PASSED] - Object 'Object Repository/CERTPAY_ADMIN/USER_NAME' is visible

2020-09-08 14:33:40 - [MESSAGE][PASSED] - Object 'Object Repository/CERTPAY_ADMIN/USER_NAME' is present

2020-09-08 14:33:41 - [MESSAGE][PASSED] - Text 'VVangiliappan' is set on object 'Object Repository/CERTPAY_ADMIN/USER_NAME'

2020-09-08 14:33:41 - [MESSAGE][PASSED] - Quicksti.ts:Entered'VVangiliappan into username

2020-09-08 14:33:41 - [MESSAGE][PASSED] - Object 'Object Repository/CERTPAY_ADMIN/PASSWORD' is present

2020-09-08 14:33:42 - [MESSAGE][PASSED] - Object 'Object Repository/CERTPAY_ADMIN/PASSWORD' is visible

2020-09-08 14:33:42 - [MESSAGE][PASSED] - Object 'Object Repository/CERTPAY_ADMIN/PASSWORD' is present

2020-09-08 14:33:43 - [MESSAGE][PASSED] - Text 'Knila@12345' is set on object 'Object Repository/CERTPAY_ADMIN/PASSWORD'

2020-09-08 14:33:43 - [MESSAGE][PASSED] - Quicksti.ts:Entered'Knila@12345 into password

2020-09-08 14:33:44 - [MESSAGE][INFO] - safeClicking

2020-09-08 14:33:44 - [MESSAGE][PASSED] - Object 'Object Repository/CERTPAY_ADMIN/LOGIN_BUTTON' is present

2020-09-08 14:33:44 - [MESSAGE][PASSED] - Object 'Object Repository/CERTPAY_ADMIN/LOGIN_BUTTON' is clickable

2020-09-08 14:34:24 - [MESSAGE][PASSED] - Object: 'Object Repository/CERTPAY_ADMIN/LOGIN_BUTTON' is clicked on

2020-09-08 14:34:24 - [MESSAGE][PASSED] - Quicksti.ts:Clicked on the LOGIN

2020-09-08 14:34:24 - [TEST_STEP][PASSED] - utilities.SafeActions.safeClick(findTestObject("CERTPAY_ADMIN/TRANSACTION_SEARCH"), "TransactionSearch", [pageLoadTime]): Quicksti.ts:Clicked on the TransactionSearch

2020-09-08 14:34:24 - [MESSAGE][INFO] - safeClicking

2020-09-08 14:34:25 - [MESSAGE][PASSED] - Object 'Object Repository/CERTPAY_ADMIN/TRANSACTION_SEARCH' is present

2020-09-08 14:34:25 - [MESSAGE][PASSED] - Object 'Object Repository/CERTPAY_ADMIN/TRANSACTION_SEARCH' is clickable

2020-09-08 14:34:51 - [MESSAGE][PASSED] - Object: 'Object Repository/CERTPAY_ADMIN/TRANSACTION_SEARCH' is clicked on

2020-09-08 14:34:51 - [MESSAGE][PASSED] - Quicksti.ts:Clicked on the TransactionSearch

2020-09-08 14:34:51 - [TEST_STEP][PASSED] - utilities.SafeActions.safeType(findTestObject("CERTPAY_ADMIN/PAYMENT_ID"), paymentId, "Payment id", [pageLoadTime]): Quicksti.ts:Entered'100176112151 into Payment id

2020-09-08 14:34:51 - [MESSAGE][PASSED] - Object 'Object Repository/CERTPAY_ADMIN/PAYMENT_ID' is present

2020-09-08 14:34:52 - [MESSAGE][PASSED] - Object 'Object Repository/CERTPAY_ADMIN/PAYMENT_ID' is visible

2020-09-08 14:34:52 - [MESSAGE][PASSED] - Object 'Object Repository/CERTPAY_ADMIN/PAYMENT_ID' is present

2020-09-08 14:34:53 - [MESSAGE][PASSED] - Text '100176112151' is set on object 'Object Repository/CERTPAY_ADMIN/PAYMENT_ID'

2020-09-08 14:34:53 - [MESSAGE][PASSED] - Quicksti.ts:Entered'100176112151 into Payment id

2020-09-08 14:34:53 - [TEST_STEP][PASSED] - utilities.SafeActions.safeClick(findTestObject("CERTPAY_ADMIN/GO_BUTTON"), "Go button", [pageLoadTime]): Quicksti.ts:Clicked on the Go button

2020-09-08 14:34:53 - [MESSAGE][INFO] - safeClicking

2020-09-08 14:34:54 - [MESSAGE][PASSED] - Object 'Object Repository/CERTPAY_ADMIN/GO_BUTTON' is present

2020-09-08 14:34:54 - [MESSAGE][PASSED] - Object 'Object Repository/CERTPAY_ADMIN/GO_BUTTON' is clickable

2020-09-08 14:35:03 - [MESSAGE][PASSED] - Object: 'Object Repository/CERTPAY_ADMIN/GO_BUTTON' is clicked on

2020-09-08 14:35:03 - [MESSAGE][PASSED] - Quicksti.ts:Clicked on the Go button

2020-09-08 14:35:03 - [TEST_STEP][PASSED] - delay(5): Delayed 5 second(s)

2020-09-08 14:35:08 - [MESSAGE][PASSED] - Delayed 5 second(s)

2020-09-08 14:35:08 - [TEST_STEP][PASSED] - scrollToPosition(800, 900): Browser is scrolled to position x = 800, y = 900

2020-09-08 14:35:08 - [MESSAGE][PASSED] - Browser is scrolled to position x = 800, y = 900

2020-09-08 14:35:08 - [TEST_STEP][PASSED] - paymentIdList.add(paymentId): null

2020-09-08 14:35:08 - [TEST_STEP][PASSED] - println(paymentIdList): null

2020-09-08 14:35:08 - [TEST_STEP][PASSED] - firstName = data.getValue("FirstName", index): null

2020-09-08 14:35:08 - [TEST_STEP][PASSED] - lastName = data.getValue("LastName", index): null

2020-09-08 14:35:08 - [TEST_STEP][PASSED] - cardNum = data.getValue("CardNumber", index): null

2020-09-08 14:35:08 - [TEST_STEP][PASSED] - expMonth = data.getValue("ExpMonth", index): null

2020-09-08 14:35:08 - [TEST_STEP][PASSED] - expYear = data.getValue("ExpYear", index): null

2020-09-08 14:35:08 - [TEST_STEP][PASSED] - securityCode = data.getValue("SecurityCode", index): null

2020-09-08 14:35:08 - [TEST_STEP][PASSED] - paymentAmount = data.getValue("PaymentAmount", index): null

2020-09-08 14:35:08 - [TEST_STEP][PASSED] - paymentType = data.getValue("PaymentType", index): null

2020-09-08 14:35:08 - [TEST_STEP][PASSED] - quantity = data.getValue("Quantity", index): null

2020-09-08 14:35:08 - [TEST_STEP][PASSED] - comments = data.getValue("Comments", index): null

2020-09-08 14:35:08 - [TEST_STEP][PASSED] - referenceNum = data.getValue("ReferenceNum", index): null

2020-09-08 14:35:08 - [TEST_STEP][PASSED] - address = data.getValue("Address", index): null

2020-09-08 14:35:08 - [TEST_STEP][PASSED] - zipCode = data.getValue("Zipcode", index): null

2020-09-08 14:35:08 - [TEST_STEP][PASSED] - telephone = data.getValue("Telephone", index): null

2020-09-08 14:35:08 - [TEST_STEP][PASSED] - emailAddress = data.getValue("EmailAddress", index): null

2020-09-08 14:35:08 - [TEST_STEP][PASSED] - cardType = data.getValue("CardType", index): null

2020-09-08 14:35:08 - [TEST_STEP][PASSED] - amountList = paymentAmount.split(","): null

2020-09-08 14:35:08 - [TEST_STEP][PASSED] - referenceList = referenceNum.split(","): null

2020-09-08 14:35:08 - [TEST_STEP][PASSED] - paymentTypeList = paymentType.split(","): null

2020-09-08 14:35:08 - [TEST_STEP][PASSED] - commentsList = comments.split(","): null

2020-09-08 14:35:08 - [TEST_STEP][PASSED] - quantityList = quantity.split(","): null

2020-09-08 14:35:08 - [TEST_STEP][PASSED] - utilities.SafeActions.openBrowser(Quicksti_Url, [pageLoadTime]): Browser launched successfully

2020-09-08 14:35:08 - [MESSAGE][INFO] - Opening Browser

2020-09-08 14:35:08 - [MESSAGE][WARNING] - A browser is already opened. Closing browser and opening a new one

2020-09-08 14:35:19 - [MESSAGE][INFO] - Starting 'Chrome' driver

2020-09-08 14:35:35 - [MESSAGE][PASSED] - Browser is opened with url: 'https://qa-certpayquicksti.faps.net/'

2020-09-08 14:35:37 - [MESSAGE][PASSED] - Current window maximized

2020-09-08 14:35:37 - [MESSAGE][PASSED] - Browser launched successfully

2020-09-08 14:35:37 - [TEST_STEP][PASSED] - utilities.SafeActions.safeCheck(findTestObject("CERTPAY_QUICKSTI/Login_ Page/MULTI_BUREAU_CHECKBOX"), "Multi Bureau", [pageLoadTime]): Quicksti.ts:Checkbox 'Multi Bureau'is selected

2020-09-08 14:35:38 - [MESSAGE][PASSED] - Object 'Object Repository/CERTPAY_QUICKSTI/Login_ Page/MULTI_BUREAU_CHECKBOX' is present

2020-09-08 14:35:39 - [MESSAGE][PASSED] - Object 'Object Repository/CERTPAY_QUICKSTI/Login_ Page/MULTI_BUREAU_CHECKBOX' is present

2020-09-08 14:35:40 - [MESSAGE][PASSED] - Object: 'Object Repository/CERTPAY_QUICKSTI/Login_ Page/MULTI_BUREAU_CHECKBOX' is clicked on

2020-09-08 14:35:40 - [MESSAGE][PASSED] - Quicksti.ts:Checkbox 'Multi Bureau'is selected

2020-09-08 14:35:40 - [TEST_STEP][PASSED] - utilities.SafeActions.safeType(findTestObject("CERTPAY_QUICKSTI/Login_ Page/TELLER_ID"), teller_id, "Bureau code", [pageLoadTime]): Quicksti.ts:Entered'zenq into Bureau code

2020-09-08 14:35:42 - [MESSAGE][PASSED] - Object 'Object Repository/CERTPAY_QUICKSTI/Login_ Page/TELLER_ID' is present

2020-09-08 14:35:42 - [MESSAGE][PASSED] - Object 'Object Repository/CERTPAY_QUICKSTI/Login_ Page/TELLER_ID' is visible

2020-09-08 14:35:43 - [MESSAGE][PASSED] - Object 'Object Repository/CERTPAY_QUICKSTI/Login_ Page/TELLER_ID' is present

2020-09-08 14:35:44 - [MESSAGE][PASSED] - Text 'zenq' is set on object 'Object Repository/CERTPAY_QUICKSTI/Login_ Page/TELLER_ID'

2020-09-08 14:35:44 - [MESSAGE][PASSED] - Quicksti.ts:Entered'zenq into Bureau code

2020-09-08 14:35:44 - [TEST_STEP][PASSED] - utilities.SafeActions.safeClick(findTestObject("CERTPAY_QUICKSTI/Login_ Page/NEXT_BUTTON"), "Next button", [pageLoadTime]): Quicksti.ts:Clicked on the Next button

2020-09-08 14:35:44 - [MESSAGE][INFO] - safeClicking

2020-09-08 14:35:44 - [MESSAGE][PASSED] - Object 'Object Repository/CERTPAY_QUICKSTI/Login_ Page/NEXT_BUTTON' is present

2020-09-08 14:35:45 - [MESSAGE][PASSED] - Object 'Object Repository/CERTPAY_QUICKSTI/Login_ Page/NEXT_BUTTON' is clickable

2020-09-08 14:35:49 - [MESSAGE][PASSED] - Object: 'Object Repository/CERTPAY_QUICKSTI/Login_ Page/NEXT_BUTTON' is clicked on

2020-09-08 14:35:49 - [MESSAGE][PASSED] - Quicksti.ts:Clicked on the Next button

2020-09-08 14:35:49 - [TEST_STEP][PASSED] - for ([i = 0, i <= amountList.size() - 1, (i++)]): Quicksti.ts:Entered'2 into Quntity

2020-09-08 14:35:49 - [TEST_STEP][PASSED] - s = Integer.toString(i): null

2020-09-08 14:35:49 - [TEST_STEP][PASSED] - pages.Quicksti.setCommnets("0", s, commentsList.get(i)): Quicksti.ts:Entered'Testing into Comments

2020-09-08 14:35:49 - [MESSAGE][PASSED] - Object '' is present

2020-09-08 14:35:50 - [MESSAGE][PASSED] - Object '' is visible

2020-09-08 14:35:50 - [MESSAGE][PASSED] - Object '' is present

2020-09-08 14:35:51 - [MESSAGE][PASSED] - Text 'Testing' is set on object ''

2020-09-08 14:35:51 - [MESSAGE][PASSED] - Quicksti.ts:Entered'Testing into Comments

2020-09-08 14:35:51 - [TEST_STEP][PASSED] - utilities.SafeActions.safeType(findTestObject("CERTPAY_QUICKSTI/Payment_Information_Page/PAYMENT_AMOUNT"), amountList.get(i), "Payment Amount", [pageLoadTime]): Quicksti.ts:Entered'45.00 into Payment Amount

2020-09-08 14:35:52 - [MESSAGE][PASSED] - Object 'Object Repository/CERTPAY_QUICKSTI/Payment_Information_Page/PAYMENT_AMOUNT' is present

2020-09-08 14:35:52 - [MESSAGE][PASSED] - Object 'Object Repository/CERTPAY_QUICKSTI/Payment_Information_Page/PAYMENT_AMOUNT' is visible

2020-09-08 14:35:52 - [MESSAGE][PASSED] - Object 'Object Repository/CERTPAY_QUICKSTI/Payment_Information_Page/PAYMENT_AMOUNT' is present

2020-09-08 14:35:54 - [MESSAGE][PASSED] - Text '45.00' is set on object 'Object Repository/CERTPAY_QUICKSTI/Payment_Information_Page/PAYMENT_AMOUNT'

2020-09-08 14:35:54 - [MESSAGE][PASSED] - Quicksti.ts:Entered'45.00 into Payment Amount

2020-09-08 14:35:54 - [TEST_STEP][PASSED] - pages.Quicksti.setAmountDetailsForMultiBureau(s, paymentTypeList.get(i), "0", referenceList.get(i), quantityList.get(i)): Quicksti.ts:Entered'1 into Quntity

2020-09-08 14:35:54 - [MESSAGE][PASSED] - Object '' is visible

2020-09-08 14:35:54 - [MESSAGE][PASSED] - Object '' is present

2020-09-08 14:35:56 - [MESSAGE][PASSED] - Object: '' is clicked on

2020-09-08 14:35:57 - [MESSAGE][PASSED] - All options with label 'Licenses' are selected in object ''  using regular expression

2020-09-08 14:35:57 - [MESSAGE][PASSED] - selected dropdown option by visible text  Licensesfrom Payment Type

2020-09-08 14:35:57 - [MESSAGE][PASSED] - Object '' is present

2020-09-08 14:35:58 - [MESSAGE][PASSED] - Object '' is visible

2020-09-08 14:35:58 - [MESSAGE][PASSED] - Object '' is present

2020-09-08 14:35:59 - [MESSAGE][PASSED] - Text '11' is set on object ''

2020-09-08 14:35:59 - [MESSAGE][PASSED] - Quicksti.ts:Entered'11 into RefrenceNumber

2020-09-08 14:35:59 - [MESSAGE][PASSED] - Object '' is present

2020-09-08 14:36:00 - [MESSAGE][PASSED] - Object '' is visible

2020-09-08 14:36:00 - [MESSAGE][PASSED] - Object '' is present

2020-09-08 14:36:01 - [MESSAGE][PASSED] - Text '1' is set on object ''

2020-09-08 14:36:01 - [MESSAGE][PASSED] - Quicksti.ts:Entered'1 into Quntity

2020-09-08 14:36:01 - [TEST_STEP][PASSED] - s = Integer.toString(i): null

2020-09-08 14:36:01 - [TEST_STEP][PASSED] - pages.Quicksti.setCommnets("0", s, commentsList.get(i)): Quicksti.ts:Entered'Tester into Comments

2020-09-08 14:36:02 - [MESSAGE][PASSED] - Object '' is present

2020-09-08 14:36:02 - [MESSAGE][PASSED] - Object '' is visible

2020-09-08 14:36:02 - [MESSAGE][PASSED] - Object '' is present

2020-09-08 14:36:04 - [MESSAGE][PASSED] - Text 'Tester' is set on object ''

2020-09-08 14:36:04 - [MESSAGE][PASSED] - Quicksti.ts:Entered'Tester into Comments

2020-09-08 14:36:04 - [TEST_STEP][PASSED] - utilities.SafeActions.safeType(findTestObject("CERTPAY_QUICKSTI/Payment_Information_Page/PAYMENT_AMOUNT"), amountList.get(i), "Payment Amount", [pageLoadTime]): Quicksti.ts:Entered'35.00 into Payment Amount

2020-09-08 14:36:04 - [MESSAGE][PASSED] - Object 'Object Repository/CERTPAY_QUICKSTI/Payment_Information_Page/PAYMENT_AMOUNT' is present

2020-09-08 14:36:04 - [MESSAGE][PASSED] - Object 'Object Repository/CERTPAY_QUICKSTI/Payment_Information_Page/PAYMENT_AMOUNT' is visible

2020-09-08 14:36:05 - [MESSAGE][PASSED] - Object 'Object Repository/CERTPAY_QUICKSTI/Payment_Information_Page/PAYMENT_AMOUNT' is present

2020-09-08 14:36:06 - [MESSAGE][PASSED] - Text '35.00' is set on object 'Object Repository/CERTPAY_QUICKSTI/Payment_Information_Page/PAYMENT_AMOUNT'

2020-09-08 14:36:06 - [MESSAGE][PASSED] - Quicksti.ts:Entered'35.00 into Payment Amount

2020-09-08 14:36:06 - [TEST_STEP][PASSED] - pages.Quicksti.setAmountDetailsForMultiBureau(s, paymentTypeList.get(i), "0", referenceList.get(i), quantityList.get(i)): Quicksti.ts:Entered'2 into Quntity

2020-09-08 14:36:06 - [MESSAGE][PASSED] - Object '' is visible

2020-09-08 14:36:07 - [MESSAGE][PASSED] - Object '' is present

2020-09-08 14:36:08 - [MESSAGE][PASSED] - Object: '' is clicked on

2020-09-08 14:36:09 - [MESSAGE][PASSED] - All options with label 'Taxes' are selected in object ''  using regular expression

2020-09-08 14:36:09 - [MESSAGE][PASSED] - selected dropdown option by visible text  Taxesfrom Payment Type

2020-09-08 14:36:09 - [MESSAGE][PASSED] - Object '' is present

2020-09-08 14:36:10 - [MESSAGE][PASSED] - Object '' is visible

2020-09-08 14:36:10 - [MESSAGE][PASSED] - Object '' is present

2020-09-08 14:36:11 - [MESSAGE][PASSED] - Text '12' is set on object ''

2020-09-08 14:36:11 - [MESSAGE][PASSED] - Quicksti.ts:Entered'12 into RefrenceNumber

2020-09-08 14:36:12 - [MESSAGE][PASSED] - Object '' is present

2020-09-08 14:36:12 - [MESSAGE][PASSED] - Object '' is visible

2020-09-08 14:36:12 - [MESSAGE][PASSED] - Object '' is present

2020-09-08 14:36:13 - [MESSAGE][PASSED] - Text '2' is set on object ''

2020-09-08 14:36:13 - [MESSAGE][PASSED] - Quicksti.ts:Entered'2 into Quntity

2020-09-08 14:36:13 - [TEST_STEP][PASSED] - s = Integer.toString(i): null

2020-09-08 14:36:13 - [TEST_STEP][PASSED] - pages.Quicksti.setCommnets("0", s, commentsList.get(i)): Quicksti.ts:Entered'Testing into Comments

2020-09-08 14:36:14 - [MESSAGE][PASSED] - Object '' is present

2020-09-08 14:36:14 - [MESSAGE][PASSED] - Object '' is visible

2020-09-08 14:36:14 - [MESSAGE][PASSED] - Object '' is present

2020-09-08 14:36:16 - [MESSAGE][PASSED] - Text 'Testing' is set on object ''

2020-09-08 14:36:16 - [MESSAGE][PASSED] - Quicksti.ts:Entered'Testing into Comments

2020-09-08 14:36:16 - [TEST_STEP][PASSED] - utilities.SafeActions.safeType(findTestObject("CERTPAY_QUICKSTI/Payment_Information_Page/PAYMENT_AMOUNT"), amountList.get(i), "Payment Amount", [pageLoadTime]): Quicksti.ts:Entered'20.00 into Payment Amount

2020-09-08 14:36:16 - [MESSAGE][PASSED] - Object 'Object Repository/CERTPAY_QUICKSTI/Payment_Information_Page/PAYMENT_AMOUNT' is present

2020-09-08 14:36:16 - [MESSAGE][PASSED] - Object 'Object Repository/CERTPAY_QUICKSTI/Payment_Information_Page/PAYMENT_AMOUNT' is visible

2020-09-08 14:36:17 - [MESSAGE][PASSED] - Object 'Object Repository/CERTPAY_QUICKSTI/Payment_Information_Page/PAYMENT_AMOUNT' is present

2020-09-08 14:36:18 - [MESSAGE][PASSED] - Text '20.00' is set on object 'Object Repository/CERTPAY_QUICKSTI/Payment_Information_Page/PAYMENT_AMOUNT'

2020-09-08 14:36:18 - [MESSAGE][PASSED] - Quicksti.ts:Entered'20.00 into Payment Amount

2020-09-08 14:36:18 - [TEST_STEP][PASSED] - pages.Quicksti.setAmountDetailsForMultiBureau(s, paymentTypeList.get(i), "0", referenceList.get(i), quantityList.get(i)): Quicksti.ts:Entered'2 into Quntity

2020-09-08 14:36:18 - [MESSAGE][PASSED] - Object '' is visible

2020-09-08 14:36:19 - [MESSAGE][PASSED] - Object '' is present

2020-09-08 14:36:20 - [MESSAGE][PASSED] - Object: '' is clicked on

2020-09-08 14:36:21 - [MESSAGE][PASSED] - All options with label 'Court Fines' are selected in object ''  using regular expression

2020-09-08 14:36:21 - [MESSAGE][PASSED] - selected dropdown option by visible text  Court Finesfrom Payment Type

2020-09-08 14:36:22 - [MESSAGE][PASSED] - Object '' is present

2020-09-08 14:36:22 - [MESSAGE][PASSED] - Object '' is visible

2020-09-08 14:36:22 - [MESSAGE][PASSED] - Object '' is present

2020-09-08 14:36:24 - [MESSAGE][PASSED] - Text '13' is set on object ''

2020-09-08 14:36:24 - [MESSAGE][PASSED] - Quicksti.ts:Entered'13 into RefrenceNumber

2020-09-08 14:36:24 - [MESSAGE][PASSED] - Object '' is present

2020-09-08 14:36:24 - [MESSAGE][PASSED] - Object '' is visible

2020-09-08 14:36:24 - [MESSAGE][PASSED] - Object '' is present

2020-09-08 14:36:26 - [MESSAGE][PASSED] - Text '2' is set on object ''

2020-09-08 14:36:26 - [MESSAGE][PASSED] - Quicksti.ts:Entered'2 into Quntity

2020-09-08 14:36:26 - [TEST_STEP][PASSED] - for ([i = 0, i <= amountList.size() - 1, (i++)]): Quicksti.ts:Entered'2 into Quntity

2020-09-08 14:36:26 - [TEST_STEP][PASSED] - s = Integer.toString(i): null

2020-09-08 14:36:26 - [TEST_STEP][PASSED] - utilities.SafeActions.safeType(findTestObject("CERTPAY_QUICKSTI/Payment_Information_Page/MULTIBUREAU_PAYMENT_AMOUNT"), amountList.get(i), "Payment Amount", [pageLoadTime]): Quicksti.ts:Entered'45.00 into Payment Amount

2020-09-08 14:36:26 - [MESSAGE][PASSED] - Object 'Object Repository/CERTPAY_QUICKSTI/Payment_Information_Page/MULTIBUREAU_PAYMENT_AMOUNT' is present

2020-09-08 14:36:26 - [MESSAGE][PASSED] - Object 'Object Repository/CERTPAY_QUICKSTI/Payment_Information_Page/MULTIBUREAU_PAYMENT_AMOUNT' is visible

2020-09-08 14:36:27 - [MESSAGE][PASSED] - Object 'Object Repository/CERTPAY_QUICKSTI/Payment_Information_Page/MULTIBUREAU_PAYMENT_AMOUNT' is present

2020-09-08 14:36:28 - [MESSAGE][PASSED] - Text '45.00' is set on object 'Object Repository/CERTPAY_QUICKSTI/Payment_Information_Page/MULTIBUREAU_PAYMENT_AMOUNT'

2020-09-08 14:36:28 - [MESSAGE][PASSED] - Quicksti.ts:Entered'45.00 into Payment Amount

2020-09-08 14:36:28 - [TEST_STEP][PASSED] - pages.Quicksti.setAmountDetailsForMultiBureau(s, "Registration Fees", "1", referenceList.get(i), quantityList.get(i)): Quicksti.ts:Entered'1 into Quntity

2020-09-08 14:36:29 - [MESSAGE][PASSED] - Object '' is visible

2020-09-08 14:36:29 - [MESSAGE][PASSED] - Object '' is present

2020-09-08 14:36:30 - [MESSAGE][PASSED] - Object: '' is clicked on

2020-09-08 14:36:31 - [MESSAGE][PASSED] - All options with label 'Registration Fees' are selected in object ''  using regular expression

2020-09-08 14:36:31 - [MESSAGE][PASSED] - selected dropdown option by visible text  Registration Feesfrom Payment Type

2020-09-08 14:36:32 - [MESSAGE][PASSED] - Object '' is present

2020-09-08 14:36:32 - [MESSAGE][PASSED] - Object '' is visible

2020-09-08 14:36:32 - [MESSAGE][PASSED] - Object '' is present

2020-09-08 14:36:34 - [MESSAGE][PASSED] - Text '11' is set on object ''

2020-09-08 14:36:34 - [MESSAGE][PASSED] - Quicksti.ts:Entered'11 into RefrenceNumber

2020-09-08 14:36:34 - [MESSAGE][PASSED] - Object '' is present

2020-09-08 14:36:34 - [MESSAGE][PASSED] - Object '' is visible

2020-09-08 14:36:34 - [MESSAGE][PASSED] - Object '' is present

2020-09-08 14:36:36 - [MESSAGE][PASSED] - Text '1' is set on object ''

2020-09-08 14:36:36 - [MESSAGE][PASSED] - Quicksti.ts:Entered'1 into Quntity

2020-09-08 14:36:36 - [TEST_STEP][PASSED] - s = Integer.toString(i): null

2020-09-08 14:36:36 - [TEST_STEP][PASSED] - utilities.SafeActions.safeType(findTestObject("CERTPAY_QUICKSTI/Payment_Information_Page/MULTIBUREAU_PAYMENT_AMOUNT"), amountList.get(i), "Payment Amount", [pageLoadTime]): Quicksti.ts:Entered'35.00 into Payment Amount

2020-09-08 14:36:36 - [MESSAGE][PASSED] - Object 'Object Repository/CERTPAY_QUICKSTI/Payment_Information_Page/MULTIBUREAU_PAYMENT_AMOUNT' is present

2020-09-08 14:36:36 - [MESSAGE][PASSED] - Object 'Object Repository/CERTPAY_QUICKSTI/Payment_Information_Page/MULTIBUREAU_PAYMENT_AMOUNT' is visible

2020-09-08 14:36:37 - [MESSAGE][PASSED] - Object 'Object Repository/CERTPAY_QUICKSTI/Payment_Information_Page/MULTIBUREAU_PAYMENT_AMOUNT' is present

2020-09-08 14:36:38 - [MESSAGE][PASSED] - Text '35.00' is set on object 'Object Repository/CERTPAY_QUICKSTI/Payment_Information_Page/MULTIBUREAU_PAYMENT_AMOUNT'

2020-09-08 14:36:38 - [MESSAGE][PASSED] - Quicksti.ts:Entered'35.00 into Payment Amount

2020-09-08 14:36:38 - [TEST_STEP][PASSED] - pages.Quicksti.setAmountDetailsForMultiBureau(s, "Registration Fees", "1", referenceList.get(i), quantityList.get(i)): Quicksti.ts:Entered'2 into Quntity

2020-09-08 14:36:39 - [MESSAGE][PASSED] - Object '' is visible

2020-09-08 14:36:39 - [MESSAGE][PASSED] - Object '' is present

2020-09-08 14:36:40 - [MESSAGE][PASSED] - Object: '' is clicked on

2020-09-08 14:36:41 - [MESSAGE][PASSED] - All options with label 'Registration Fees' are selected in object ''  using regular expression

2020-09-08 14:36:41 - [MESSAGE][PASSED] - selected dropdown option by visible text  Registration Feesfrom Payment Type

2020-09-08 14:36:42 - [MESSAGE][PASSED] - Object '' is present

2020-09-08 14:36:42 - [MESSAGE][PASSED] - Object '' is visible

2020-09-08 14:36:42 - [MESSAGE][PASSED] - Object '' is present

2020-09-08 14:36:44 - [MESSAGE][PASSED] - Text '12' is set on object ''

2020-09-08 14:36:44 - [MESSAGE][PASSED] - Quicksti.ts:Entered'12 into RefrenceNumber

2020-09-08 14:36:44 - [MESSAGE][PASSED] - Object '' is present

2020-09-08 14:36:44 - [MESSAGE][PASSED] - Object '' is visible

2020-09-08 14:36:45 - [MESSAGE][PASSED] - Object '' is present

2020-09-08 14:36:46 - [MESSAGE][PASSED] - Text '2' is set on object ''

2020-09-08 14:36:46 - [MESSAGE][PASSED] - Quicksti.ts:Entered'2 into Quntity

2020-09-08 14:36:46 - [TEST_STEP][PASSED] - s = Integer.toString(i): null

2020-09-08 14:36:46 - [TEST_STEP][PASSED] - utilities.SafeActions.safeType(findTestObject("CERTPAY_QUICKSTI/Payment_Information_Page/MULTIBUREAU_PAYMENT_AMOUNT"), amountList.get(i), "Payment Amount", [pageLoadTime]): Quicksti.ts:Entered'20.00 into Payment Amount

2020-09-08 14:36:46 - [MESSAGE][PASSED] - Object 'Object Repository/CERTPAY_QUICKSTI/Payment_Information_Page/MULTIBUREAU_PAYMENT_AMOUNT' is present

2020-09-08 14:36:47 - [MESSAGE][PASSED] - Object 'Object Repository/CERTPAY_QUICKSTI/Payment_Information_Page/MULTIBUREAU_PAYMENT_AMOUNT' is visible

2020-09-08 14:36:47 - [MESSAGE][PASSED] - Object 'Object Repository/CERTPAY_QUICKSTI/Payment_Information_Page/MULTIBUREAU_PAYMENT_AMOUNT' is present

2020-09-08 14:36:48 - [MESSAGE][PASSED] - Text '20.00' is set on object 'Object Repository/CERTPAY_QUICKSTI/Payment_Information_Page/MULTIBUREAU_PAYMENT_AMOUNT'

2020-09-08 14:36:48 - [MESSAGE][PASSED] - Quicksti.ts:Entered'20.00 into Payment Amount

2020-09-08 14:36:48 - [TEST_STEP][PASSED] - pages.Quicksti.setAmountDetailsForMultiBureau(s, "Registration Fees", "1", referenceList.get(i), quantityList.get(i)): Quicksti.ts:Entered'2 into Quntity

2020-09-08 14:36:49 - [MESSAGE][PASSED] - Object '' is visible

2020-09-08 14:36:49 - [MESSAGE][PASSED] - Object '' is present

2020-09-08 14:36:50 - [MESSAGE][PASSED] - Object: '' is clicked on

2020-09-08 14:36:51 - [MESSAGE][PASSED] - All options with label 'Registration Fees' are selected in object ''  using regular expression

2020-09-08 14:36:51 - [MESSAGE][PASSED] - selected dropdown option by visible text  Registration Feesfrom Payment Type

2020-09-08 14:36:52 - [MESSAGE][PASSED] - Object '' is present

2020-09-08 14:36:52 - [MESSAGE][PASSED] - Object '' is visible

2020-09-08 14:36:52 - [MESSAGE][PASSED] - Object '' is present

2020-09-08 14:36:54 - [MESSAGE][PASSED] - Text '13' is set on object ''

2020-09-08 14:36:54 - [MESSAGE][PASSED] - Quicksti.ts:Entered'13 into RefrenceNumber

2020-09-08 14:36:54 - [MESSAGE][PASSED] - Object '' is present

2020-09-08 14:36:54 - [MESSAGE][PASSED] - Object '' is visible

2020-09-08 14:36:55 - [MESSAGE][PASSED] - Object '' is present

2020-09-08 14:36:56 - [MESSAGE][PASSED] - Text '2' is set on object ''

2020-09-08 14:36:56 - [MESSAGE][PASSED] - Quicksti.ts:Entered'2 into Quntity

2020-09-08 14:36:56 - [TEST_STEP][PASSED] - for ([i = 0, i <= amountList.size() - 1, (i++)]): Quicksti.ts:Entered'Testing into Comments

2020-09-08 14:36:56 - [TEST_STEP][PASSED] - s = Integer.toString(i): null

2020-09-08 14:36:56 - [TEST_STEP][PASSED] - utilities.SafeActions.safeType(findTestObject("CERTPAY_QUICKSTI/Payment_Information_Page/MULTIBUREAU_PAY_AMOUNT2"), amountList.get(i), "Payment Amount", [pageLoadTime]): Quicksti.ts:Entered'45.00 into Payment Amount

2020-09-08 14:36:56 - [MESSAGE][PASSED] - Object 'Object Repository/CERTPAY_QUICKSTI/Payment_Information_Page/MULTIBUREAU_PAY_AMOUNT2' is present

2020-09-08 14:36:57 - [MESSAGE][PASSED] - Object 'Object Repository/CERTPAY_QUICKSTI/Payment_Information_Page/MULTIBUREAU_PAY_AMOUNT2' is visible

2020-09-08 14:36:57 - [MESSAGE][PASSED] - Object 'Object Repository/CERTPAY_QUICKSTI/Payment_Information_Page/MULTIBUREAU_PAY_AMOUNT2' is present

2020-09-08 14:36:58 - [MESSAGE][PASSED] - Text '45.00' is set on object 'Object Repository/CERTPAY_QUICKSTI/Payment_Information_Page/MULTIBUREAU_PAY_AMOUNT2'

2020-09-08 14:36:58 - [MESSAGE][PASSED] - Quicksti.ts:Entered'45.00 into Payment Amount

2020-09-08 14:36:58 - [TEST_STEP][PASSED] - pages.Quicksti.setAmountDetailsForMultiBureau(s, "Vehicles", "2", referenceList.get(i), quantityList.get(i)): Quicksti.ts:Entered'1 into Quntity

2020-09-08 14:36:59 - [MESSAGE][PASSED] - Object '' is visible

2020-09-08 14:36:59 - [MESSAGE][PASSED] - Object '' is present

2020-09-08 14:37:00 - [MESSAGE][PASSED] - Object: '' is clicked on

2020-09-08 14:37:02 - [MESSAGE][PASSED] - All options with label 'Vehicles' are selected in object ''  using regular expression

2020-09-08 14:37:02 - [MESSAGE][PASSED] - selected dropdown option by visible text  Vehiclesfrom Payment Type

2020-09-08 14:37:02 - [MESSAGE][PASSED] - Object '' is present

2020-09-08 14:37:02 - [MESSAGE][PASSED] - Object '' is visible

2020-09-08 14:37:03 - [MESSAGE][PASSED] - Object '' is present

2020-09-08 14:37:04 - [MESSAGE][PASSED] - Text '11' is set on object ''

2020-09-08 14:37:04 - [MESSAGE][PASSED] - Quicksti.ts:Entered'11 into RefrenceNumber

2020-09-08 14:37:04 - [MESSAGE][PASSED] - Object '' is present

2020-09-08 14:37:05 - [MESSAGE][PASSED] - Object '' is visible

2020-09-08 14:37:05 - [MESSAGE][PASSED] - Object '' is present

2020-09-08 14:37:06 - [MESSAGE][PASSED] - Text '1' is set on object ''

2020-09-08 14:37:06 - [MESSAGE][PASSED] - Quicksti.ts:Entered'1 into Quntity

2020-09-08 14:37:06 - [TEST_STEP][PASSED] - pages.Quicksti.setCommnets("2", s, commentsList.get(i)): Quicksti.ts:Entered'Testing into Comments

2020-09-08 14:37:07 - [MESSAGE][PASSED] - Object '' is present

2020-09-08 14:37:07 - [MESSAGE][PASSED] - Object '' is visible

2020-09-08 14:37:07 - [MESSAGE][PASSED] - Object '' is present

2020-09-08 14:37:09 - [MESSAGE][PASSED] - Text 'Testing' is set on object ''

2020-09-08 14:37:09 - [MESSAGE][PASSED] - Quicksti.ts:Entered'Testing into Comments

2020-09-08 14:37:09 - [TEST_STEP][PASSED] - s = Integer.toString(i): null

2020-09-08 14:37:09 - [TEST_STEP][PASSED] - utilities.SafeActions.safeType(findTestObject("CERTPAY_QUICKSTI/Payment_Information_Page/MULTIBUREAU_PAY_AMOUNT2"), amountList.get(i), "Payment Amount", [pageLoadTime]): Quicksti.ts:Entered'35.00 into Payment Amount

2020-09-08 14:37:09 - [MESSAGE][PASSED] - Object 'Object Repository/CERTPAY_QUICKSTI/Payment_Information_Page/MULTIBUREAU_PAY_AMOUNT2' is present

2020-09-08 14:37:09 - [MESSAGE][PASSED] - Object 'Object Repository/CERTPAY_QUICKSTI/Payment_Information_Page/MULTIBUREAU_PAY_AMOUNT2' is visible

2020-09-08 14:37:10 - [MESSAGE][PASSED] - Object 'Object Repository/CERTPAY_QUICKSTI/Payment_Information_Page/MULTIBUREAU_PAY_AMOUNT2' is present

2020-09-08 14:37:11 - [MESSAGE][PASSED] - Text '35.00' is set on object 'Object Repository/CERTPAY_QUICKSTI/Payment_Information_Page/MULTIBUREAU_PAY_AMOUNT2'

2020-09-08 14:37:11 - [MESSAGE][PASSED] - Quicksti.ts:Entered'35.00 into Payment Amount

2020-09-08 14:37:11 - [TEST_STEP][PASSED] - pages.Quicksti.setAmountDetailsForMultiBureau(s, "Vehicles", "2", referenceList.get(i), quantityList.get(i)): Quicksti.ts:Entered'2 into Quntity

2020-09-08 14:37:12 - [MESSAGE][PASSED] - Object '' is visible

2020-09-08 14:37:12 - [MESSAGE][PASSED] - Object '' is present

2020-09-08 14:37:13 - [MESSAGE][PASSED] - Object: '' is clicked on

2020-09-08 14:37:15 - [MESSAGE][PASSED] - All options with label 'Vehicles' are selected in object ''  using regular expression

2020-09-08 14:37:15 - [MESSAGE][PASSED] - selected dropdown option by visible text  Vehiclesfrom Payment Type

2020-09-08 14:37:15 - [MESSAGE][PASSED] - Object '' is present

2020-09-08 14:37:15 - [MESSAGE][PASSED] - Object '' is visible

2020-09-08 14:37:16 - [MESSAGE][PASSED] - Object '' is present

2020-09-08 14:37:17 - [MESSAGE][PASSED] - Text '12' is set on object ''

2020-09-08 14:37:17 - [MESSAGE][PASSED] - Quicksti.ts:Entered'12 into RefrenceNumber

2020-09-08 14:37:17 - [MESSAGE][PASSED] - Object '' is present

2020-09-08 14:37:18 - [MESSAGE][PASSED] - Object '' is visible

2020-09-08 14:37:18 - [MESSAGE][PASSED] - Object '' is present

2020-09-08 14:37:19 - [MESSAGE][PASSED] - Text '2' is set on object ''

2020-09-08 14:37:19 - [MESSAGE][PASSED] - Quicksti.ts:Entered'2 into Quntity

2020-09-08 14:37:19 - [TEST_STEP][PASSED] - pages.Quicksti.setCommnets("2", s, commentsList.get(i)): Quicksti.ts:Entered'Tester into Comments

2020-09-08 14:37:20 - [MESSAGE][PASSED] - Object '' is present

2020-09-08 14:37:20 - [MESSAGE][PASSED] - Object '' is visible

2020-09-08 14:37:20 - [MESSAGE][PASSED] - Object '' is present

2020-09-08 14:37:21 - [MESSAGE][PASSED] - Text 'Tester' is set on object ''

2020-09-08 14:37:21 - [MESSAGE][PASSED] - Quicksti.ts:Entered'Tester into Comments

2020-09-08 14:37:21 - [TEST_STEP][PASSED] - s = Integer.toString(i): null

2020-09-08 14:37:21 - [TEST_STEP][PASSED] - utilities.SafeActions.safeType(findTestObject("CERTPAY_QUICKSTI/Payment_Information_Page/MULTIBUREAU_PAY_AMOUNT2"), amountList.get(i), "Payment Amount", [pageLoadTime]): Quicksti.ts:Entered'20.00 into Payment Amount

2020-09-08 14:37:22 - [MESSAGE][PASSED] - Object 'Object Repository/CERTPAY_QUICKSTI/Payment_Information_Page/MULTIBUREAU_PAY_AMOUNT2' is present

2020-09-08 14:37:22 - [MESSAGE][PASSED] - Object 'Object Repository/CERTPAY_QUICKSTI/Payment_Information_Page/MULTIBUREAU_PAY_AMOUNT2' is visible

2020-09-08 14:37:23 - [MESSAGE][PASSED] - Object 'Object Repository/CERTPAY_QUICKSTI/Payment_Information_Page/MULTIBUREAU_PAY_AMOUNT2' is present

2020-09-08 14:37:24 - [MESSAGE][PASSED] - Text '20.00' is set on object 'Object Repository/CERTPAY_QUICKSTI/Payment_Information_Page/MULTIBUREAU_PAY_AMOUNT2'

2020-09-08 14:37:24 - [MESSAGE][PASSED] - Quicksti.ts:Entered'20.00 into Payment Amount

2020-09-08 14:37:24 - [TEST_STEP][PASSED] - pages.Quicksti.setAmountDetailsForMultiBureau(s, "Vehicles", "2", referenceList.get(i), quantityList.get(i)): Quicksti.ts:Entered'2 into Quntity

2020-09-08 14:37:25 - [MESSAGE][PASSED] - Object '' is visible

2020-09-08 14:37:25 - [MESSAGE][PASSED] - Object '' is present

2020-09-08 14:37:26 - [MESSAGE][PASSED] - Object: '' is clicked on

2020-09-08 14:37:27 - [MESSAGE][PASSED] - All options with label 'Vehicles' are selected in object ''  using regular expression

2020-09-08 14:37:27 - [MESSAGE][PASSED] - selected dropdown option by visible text  Vehiclesfrom Payment Type

2020-09-08 14:37:28 - [MESSAGE][PASSED] - Object '' is present

2020-09-08 14:37:28 - [MESSAGE][PASSED] - Object '' is visible

2020-09-08 14:37:28 - [MESSAGE][PASSED] - Object '' is present

2020-09-08 14:37:31 - [MESSAGE][PASSED] - Text '13' is set on object ''

2020-09-08 14:37:31 - [MESSAGE][PASSED] - Quicksti.ts:Entered'13 into RefrenceNumber

2020-09-08 14:37:32 - [MESSAGE][PASSED] - Object '' is present

2020-09-08 14:37:33 - [MESSAGE][PASSED] - Object '' is visible

2020-09-08 14:37:33 - [MESSAGE][PASSED] - Object '' is present

2020-09-08 14:37:34 - [MESSAGE][PASSED] - Text '2' is set on object ''

2020-09-08 14:37:34 - [MESSAGE][PASSED] - Quicksti.ts:Entered'2 into Quntity

2020-09-08 14:37:34 - [TEST_STEP][PASSED] - pages.Quicksti.setCommnets("2", s, commentsList.get(i)): Quicksti.ts:Entered'Testing into Comments

2020-09-08 14:37:35 - [MESSAGE][PASSED] - Object '' is present

2020-09-08 14:37:35 - [MESSAGE][PASSED] - Object '' is visible

2020-09-08 14:37:35 - [MESSAGE][PASSED] - Object '' is present

2020-09-08 14:37:36 - [MESSAGE][PASSED] - Text 'Testing' is set on object ''

2020-09-08 14:37:36 - [MESSAGE][PASSED] - Quicksti.ts:Entered'Testing into Comments

2020-09-08 14:37:36 - [TEST_STEP][PASSED] - utilities.SafeActions.safeClick(findTestObject("CERTPAY_QUICKSTI/Payment_Information_Page/MANUAL_ENTRY_BUTTON"), "ManualEntry", [pageLoadTime]): Quicksti.ts:Clicked on the ManualEntry

2020-09-08 14:37:37 - [MESSAGE][INFO] - safeClicking

2020-09-08 14:37:37 - [MESSAGE][PASSED] - Object 'Object Repository/CERTPAY_QUICKSTI/Payment_Information_Page/MANUAL_ENTRY_BUTTON' is present

2020-09-08 14:37:37 - [MESSAGE][PASSED] - Object 'Object Repository/CERTPAY_QUICKSTI/Payment_Information_Page/MANUAL_ENTRY_BUTTON' is clickable

2020-09-08 14:37:42 - [MESSAGE][PASSED] - Object: 'Object Repository/CERTPAY_QUICKSTI/Payment_Information_Page/MANUAL_ENTRY_BUTTON' is clicked on

2020-09-08 14:37:42 - [MESSAGE][PASSED] - Quicksti.ts:Clicked on the ManualEntry

2020-09-08 14:37:42 - [TEST_STEP][PASSED] - amount_Value = pages.Quicksti.getAttributeValue(findTestObject("CERTPAY_QUICKSTI/Payment_Information_Page/SUB_TOTAL")): pages.Quicksti.getAttributeValue is PASSED

2020-09-08 14:37:43 - [MESSAGE][PASSED] - Attribute 'value' of object 'Object Repository/CERTPAY_QUICKSTI/Payment_Information_Page/SUB_TOTAL' is: '45.00'

2020-09-08 14:37:43 - [MESSAGE][PASSED] - pages.Quicksti.getAttributeValue is PASSED

2020-09-08 14:37:43 - [TEST_STEP][PASSED] - CardNumber = pages.Quicksti.setUserPaymentDetails(firstName, lastName, cardNum): Quicksti.ts:Entered'374245003731006 into CardNum

2020-09-08 14:37:44 - [MESSAGE][PASSED] - Object 'Object Repository/CERTPAY_QUICKSTI/Payment_Information_Page/FIRST_NAME' is present

2020-09-08 14:37:44 - [MESSAGE][PASSED] - Object 'Object Repository/CERTPAY_QUICKSTI/Payment_Information_Page/FIRST_NAME' is visible

2020-09-08 14:37:44 - [MESSAGE][PASSED] - Object 'Object Repository/CERTPAY_QUICKSTI/Payment_Information_Page/FIRST_NAME' is present

2020-09-08 14:37:48 - [MESSAGE][PASSED] - Text 'Tester' is set on object 'Object Repository/CERTPAY_QUICKSTI/Payment_Information_Page/FIRST_NAME'

2020-09-08 14:37:48 - [MESSAGE][PASSED] - Quicksti.ts:Entered'Tester into FirstName

2020-09-08 14:37:48 - [MESSAGE][PASSED] - Object 'Object Repository/CERTPAY_QUICKSTI/Payment_Information_Page/LAST_NAME' is present

2020-09-08 14:37:48 - [MESSAGE][PASSED] - Object 'Object Repository/CERTPAY_QUICKSTI/Payment_Information_Page/LAST_NAME' is visible

2020-09-08 14:37:49 - [MESSAGE][PASSED] - Object 'Object Repository/CERTPAY_QUICKSTI/Payment_Information_Page/LAST_NAME' is present

2020-09-08 14:37:50 - [MESSAGE][PASSED] - Text 'Zenq1' is set on object 'Object Repository/CERTPAY_QUICKSTI/Payment_Information_Page/LAST_NAME'

2020-09-08 14:37:50 - [MESSAGE][PASSED] - Quicksti.ts:Entered'Zenq1 into LAstName

2020-09-08 14:37:50 - [MESSAGE][PASSED] - Object 'Object Repository/CERTPAY_QUICKSTI/Payment_Information_Page/CARD_NUMBER' is present

2020-09-08 14:37:50 - [MESSAGE][PASSED] - Object 'Object Repository/CERTPAY_QUICKSTI/Payment_Information_Page/CARD_NUMBER' is visible

2020-09-08 14:37:51 - [MESSAGE][PASSED] - Object 'Object Repository/CERTPAY_QUICKSTI/Payment_Information_Page/CARD_NUMBER' is present

2020-09-08 14:37:52 - [MESSAGE][PASSED] - Text '374245003731006' is set on object 'Object Repository/CERTPAY_QUICKSTI/Payment_Information_Page/CARD_NUMBER'

2020-09-08 14:37:52 - [MESSAGE][PASSED] - Quicksti.ts:Entered'374245003731006 into CardNum

2020-09-08 14:37:52 - [TEST_STEP][PASSED] - pages.Quicksti.setExpDate(expMonth, expYear, securityCode): Quicksti.ts:Entered'111 into securityCode

2020-09-08 14:37:52 - [MESSAGE][PASSED] - Object 'Object Repository/CERTPAY_QUICKSTI/Payment_Information_Page/EXP_MONTH' is visible

2020-09-08 14:37:53 - [MESSAGE][PASSED] - Object 'Object Repository/CERTPAY_QUICKSTI/Payment_Information_Page/EXP_MONTH' is present

2020-09-08 14:37:54 - [MESSAGE][PASSED] - Object: 'Object Repository/CERTPAY_QUICKSTI/Payment_Information_Page/EXP_MONTH' is clicked on

2020-09-08 14:37:55 - [MESSAGE][PASSED] - All options with label '05' are selected in object 'Object Repository/CERTPAY_QUICKSTI/Payment_Information_Page/EXP_MONTH'  using regular expression

2020-09-08 14:37:55 - [MESSAGE][PASSED] - selected dropdown option by visible text  05from expMonth

2020-09-08 14:37:55 - [MESSAGE][PASSED] - Object 'Object Repository/CERTPAY_QUICKSTI/Payment_Information_Page/EXP_YEAR' is visible

2020-09-08 14:37:56 - [MESSAGE][PASSED] - Object 'Object Repository/CERTPAY_QUICKSTI/Payment_Information_Page/EXP_YEAR' is present

2020-09-08 14:37:57 - [MESSAGE][PASSED] - Object: 'Object Repository/CERTPAY_QUICKSTI/Payment_Information_Page/EXP_YEAR' is clicked on

2020-09-08 14:37:58 - [MESSAGE][PASSED] - All options with label '2022' are selected in object 'Object Repository/CERTPAY_QUICKSTI/Payment_Information_Page/EXP_YEAR'  using regular expression

2020-09-08 14:37:58 - [MESSAGE][PASSED] - selected dropdown option by visible text  2022from  expYear

2020-09-08 14:37:59 - [MESSAGE][PASSED] - Object 'Object Repository/CERTPAY_QUICKSTI/Payment_Information_Page/SECURITY_CODE' is present

2020-09-08 14:37:59 - [MESSAGE][PASSED] - Object 'Object Repository/CERTPAY_QUICKSTI/Payment_Information_Page/SECURITY_CODE' is visible

2020-09-08 14:37:59 - [MESSAGE][PASSED] - Object 'Object Repository/CERTPAY_QUICKSTI/Payment_Information_Page/SECURITY_CODE' is present

2020-09-08 14:38:00 - [MESSAGE][PASSED] - Text '111' is set on object 'Object Repository/CERTPAY_QUICKSTI/Payment_Information_Page/SECURITY_CODE'

2020-09-08 14:38:00 - [MESSAGE][PASSED] - Quicksti.ts:Entered'111 into securityCode

2020-09-08 14:38:00 - [TEST_STEP][PASSED] - utilities.SafeActions.safeType(findTestObject("CERTPAY_QUICKSTI/Payment_Information_Page/ADDRESS"), address, "Address", [pageLoadTime]): Quicksti.ts:Entered'14-2 into Address

2020-09-08 14:38:01 - [MESSAGE][PASSED] - Object 'Object Repository/CERTPAY_QUICKSTI/Payment_Information_Page/ADDRESS' is present

2020-09-08 14:38:01 - [MESSAGE][PASSED] - Object 'Object Repository/CERTPAY_QUICKSTI/Payment_Information_Page/ADDRESS' is visible

2020-09-08 14:38:01 - [MESSAGE][PASSED] - Object 'Object Repository/CERTPAY_QUICKSTI/Payment_Information_Page/ADDRESS' is present

2020-09-08 14:38:03 - [MESSAGE][PASSED] - Text '14-2' is set on object 'Object Repository/CERTPAY_QUICKSTI/Payment_Information_Page/ADDRESS'

2020-09-08 14:38:03 - [MESSAGE][PASSED] - Quicksti.ts:Entered'14-2 into Address

2020-09-08 14:38:03 - [TEST_STEP][PASSED] - utilities.SafeActions.safeType(findTestObject("CERTPAY_QUICKSTI/Payment_Information_Page/ZIP_CODE"), zipCode, "zipcode", [pageLoadTime]): Quicksti.ts:Entered'76102 into zipcode

2020-09-08 14:38:03 - [MESSAGE][PASSED] - Object 'Object Repository/CERTPAY_QUICKSTI/Payment_Information_Page/ZIP_CODE' is present

2020-09-08 14:38:03 - [MESSAGE][PASSED] - Object 'Object Repository/CERTPAY_QUICKSTI/Payment_Information_Page/ZIP_CODE' is visible

2020-09-08 14:38:03 - [MESSAGE][PASSED] - Object 'Object Repository/CERTPAY_QUICKSTI/Payment_Information_Page/ZIP_CODE' is present

2020-09-08 14:38:05 - [MESSAGE][PASSED] - Text '76102' is set on object 'Object Repository/CERTPAY_QUICKSTI/Payment_Information_Page/ZIP_CODE'

2020-09-08 14:38:05 - [MESSAGE][PASSED] - Quicksti.ts:Entered'76102 into zipcode

2020-09-08 14:38:05 - [TEST_STEP][PASSED] - utilities.SafeActions.safeType(findTestObject("CERTPAY_QUICKSTI/Payment_Information_Page/TELEPHONE"), telephone, "Telephone", [pageLoadTime]): Quicksti.ts:Entered'9989897654 into Telephone

2020-09-08 14:38:05 - [MESSAGE][PASSED] - Object 'Object Repository/CERTPAY_QUICKSTI/Payment_Information_Page/TELEPHONE' is present

2020-09-08 14:38:05 - [MESSAGE][PASSED] - Object 'Object Repository/CERTPAY_QUICKSTI/Payment_Information_Page/TELEPHONE' is visible

2020-09-08 14:38:06 - [MESSAGE][PASSED] - Object 'Object Repository/CERTPAY_QUICKSTI/Payment_Information_Page/TELEPHONE' is present

2020-09-08 14:38:07 - [MESSAGE][PASSED] - Text '9989897654' is set on object 'Object Repository/CERTPAY_QUICKSTI/Payment_Information_Page/TELEPHONE'

2020-09-08 14:38:07 - [MESSAGE][PASSED] - Quicksti.ts:Entered'9989897654 into Telephone

2020-09-08 14:38:07 - [TEST_STEP][PASSED] - utilities.SafeActions.safeType(findTestObject("CERTPAY_QUICKSTI/Payment_Information_Page/EMAIL_ADDRESS"), emailAddress, "EMAIL address", [pageLoadTime]): Quicksti.ts:Entered'testing@zenq.com into EMAIL address

2020-09-08 14:38:07 - [MESSAGE][PASSED] - Object 'Object Repository/CERTPAY_QUICKSTI/Payment_Information_Page/EMAIL_ADDRESS' is present

2020-09-08 14:38:07 - [MESSAGE][PASSED] - Object 'Object Repository/CERTPAY_QUICKSTI/Payment_Information_Page/EMAIL_ADDRESS' is visible

2020-09-08 14:38:08 - [MESSAGE][PASSED] - Object 'Object Repository/CERTPAY_QUICKSTI/Payment_Information_Page/EMAIL_ADDRESS' is present

2020-09-08 14:38:09 - [MESSAGE][PASSED] - Text 'testing@zenq.com' is set on object 'Object Repository/CERTPAY_QUICKSTI/Payment_Information_Page/EMAIL_ADDRESS'

2020-09-08 14:38:09 - [MESSAGE][PASSED] - Quicksti.ts:Entered'testing@zenq.com into EMAIL address

2020-09-08 14:38:09 - [TEST_STEP][PASSED] - utilities.SafeActions.safeClick(findTestObject("CERTPAY_QUICKSTI/Payment_Information_Page/NEXT_BUTTON"), "Next", [pageLoadTime]): Quicksti.ts:Clicked on the Next

2020-09-08 14:38:09 - [MESSAGE][INFO] - safeClicking

2020-09-08 14:38:09 - [MESSAGE][PASSED] - Object 'Object Repository/CERTPAY_QUICKSTI/Payment_Information_Page/NEXT_BUTTON' is present

2020-09-08 14:38:10 - [MESSAGE][PASSED] - Object 'Object Repository/CERTPAY_QUICKSTI/Payment_Information_Page/NEXT_BUTTON' is clickable

2020-09-08 14:38:11 - [MESSAGE][PASSED] - Object: 'Object Repository/CERTPAY_QUICKSTI/Payment_Information_Page/NEXT_BUTTON' is clicked on

2020-09-08 14:38:11 - [MESSAGE][PASSED] - Quicksti.ts:Clicked on the Next

2020-09-08 14:38:11 - [TEST_STEP][FAILED] - pages.Quicksti.verifyUserPaymentDetails(amountList.get(0), firstName, lastName, CardNumber): Unable to get text of object 'Object Repository/CERTPAY_QUICKSTI/Payment_Details_Verification_Page/AMOUNT'

2020-09-08 14:43:37 - [MESSAGE][INFO] - Unable to find the element located by 'By.xpath: (//td[@class='invoiceAmount col-xs-12 col-sm-2 amount'])[1]'. Please recheck the objects properties to make sure the desired element is located. 

2020-09-08 14:43:45 - [MESSAGE][FAILED] - Unable to get text of object 'Object Repository/CERTPAY_QUICKSTI/Payment_Details_Verification_Page/AMOUNT' (Root cause: com.kms.katalon.core.exception.StepFailedException: Unable to get text of object 'Object Repository/CERTPAY_QUICKSTI/Payment_Details_Verification_Page/AMOUNT'
	at com.kms.katalon.core.webui.keyword.internal.WebUIKeywordMain.stepFailed(WebUIKeywordMain.groovy:64)
	at com.kms.katalon.core.webui.keyword.internal.WebUIKeywordMain.runKeyword(WebUIKeywordMain.groovy:26)
	at com.kms.katalon.core.webui.keyword.builtin.GetTextKeyword.getText(GetTextKeyword.groovy:88)
	at com.kms.katalon.core.webui.keyword.builtin.GetTextKeyword.execute(GetTextKeyword.groovy:67)
	at com.kms.katalon.core.keyword.internal.KeywordExecutor.executeKeywordForPlatform(KeywordExecutor.groovy:72)
	at com.kms.katalon.core.webui.keyword.WebUiBuiltInKeywords.getText(WebUiBuiltInKeywords.groovy:888)
	at com.kms.katalon.core.webui.keyword.WebUiBuiltInKeywords$getText$10.call(Unknown Source)
	at pages.Quicksti.verifyUserPaymentDetails(Quicksti.groovy:104)
	at pages.Quicksti.invokeMethod(Quicksti.groovy)
	at com.kms.katalon.core.main.CustomKeywordDelegatingMetaClass.invokeStaticMethod(CustomKeywordDelegatingMetaClass.java:50)
	at TC_005_MultiBureauSite_MultiBureaus_MultiLinePayments.run(TC_005_MultiBureauSite_MultiBureaus_MultiLinePayments:148)
	at com.kms.katalon.core.main.ScriptEngine.run(ScriptEngine.java:194)
	at com.kms.katalon.core.main.ScriptEngine.runScriptAsRawText(ScriptEngine.java:119)
	at com.kms.katalon.core.main.TestCaseExecutor.runScript(TestCaseExecutor.java:337)
	at com.kms.katalon.core.main.TestCaseExecutor.doExecute(TestCaseExecutor.java:328)
	at com.kms.katalon.core.main.TestCaseExecutor.processExecutionPhase(TestCaseExecutor.java:307)
	at com.kms.katalon.core.main.TestCaseExecutor.accessMainPhase(TestCaseExecutor.java:299)
	at com.kms.katalon.core.main.TestCaseExecutor.execute(TestCaseExecutor.java:233)
	at com.kms.katalon.core.main.TestSuiteExecutor.accessTestCaseMainPhase(TestSuiteExecutor.java:169)
	at com.kms.katalon.core.main.TestSuiteExecutor.accessTestSuiteMainPhase(TestSuiteExecutor.java:142)
	at com.kms.katalon.core.main.TestSuiteExecutor.execute(TestSuiteExecutor.java:91)
	at com.kms.katalon.core.main.TestCaseMain.startTestSuite(TestCaseMain.java:157)
	at com.kms.katalon.core.main.TestCaseMain$startTestSuite$0.call(Unknown Source)
	at TempTestSuite1599553616550.run(TempTestSuite1599553616550.groovy:36)
Caused by: com.kms.katalon.core.webui.exception.WebElementNotFoundException: Web element with id: 'Object Repository/CERTPAY_QUICKSTI/Payment_Details_Verification_Page/AMOUNT' located by 'By.xpath: (//td[@class='invoiceAmount col-xs-12 col-sm-2 amount'])[1]' not found
	at com.kms.katalon.core.webui.common.WebUiCommonHelper.findWebElement(WebUiCommonHelper.java:1154)
	at com.kms.katalon.core.webui.keyword.internal.WebUIAbstractKeyword.findWebElement(WebUIAbstractKeyword.groovy:27)
	at com.kms.katalon.core.webui.keyword.internal.WebUIAbstractKeyword.findWebElement(WebUIAbstractKeyword.groovy:26)
	at com.kms.katalon.core.webui.keyword.builtin.GetTextKeyword$_getText_closure1.doCall(GetTextKeyword.groovy:78)
	at com.kms.katalon.core.webui.keyword.builtin.GetTextKeyword$_getText_closure1.call(GetTextKeyword.groovy)
	at com.kms.katalon.core.webui.keyword.internal.WebUIKeywordMain.runKeyword(WebUIKeywordMain.groovy:20)
	at com.kms.katalon.core.webui.keyword.builtin.GetTextKeyword.getText(GetTextKeyword.groovy:88)
	at com.kms.katalon.core.webui.keyword.builtin.GetTextKeyword.execute(GetTextKeyword.groovy:67)
	at com.kms.katalon.core.keyword.internal.KeywordExecutor.executeKeywordForPlatform(KeywordExecutor.groovy:72)
	at com.kms.katalon.core.webui.keyword.WebUiBuiltInKeywords.getText(WebUiBuiltInKeywords.groovy:888)
	at com.kms.katalon.core.webui.keyword.WebUiBuiltInKeywords$getText$10.call(Unknown Source)
	at pages.Quicksti.verifyUserPaymentDetails(Quicksti.groovy:104)
	at pages.Quicksti.invokeMethod(Quicksti.groovy)
	at com.kms.katalon.core.main.CustomKeywordDelegatingMetaClass.invokeStaticMethod(CustomKeywordDelegatingMetaClass.java:50)
	at Script1572264765018.run(Script1572264765018.groovy:148)
	... 13 more
)
[[ATTACHMENT|E:\\Sush_Certpay\\Reports\\20200908_135656\\Certpay_testSuite\\Quicksti\\20200908_135656\\1599556417618.png]]

2020-09-08 14:43:45 - [MESSAGE][FAILED] - Unable to get text of object 'Object Repository/CERTPAY_QUICKSTI/Payment_Details_Verification_Page/AMOUNT'

2020-09-08 14:43:45 - [TEST_STEP][PASSED] - Start listener action : afterTestCase: Browser is closed

2020-09-08 14:43:45 - [TEST_STEP][PASSED] - closeBrowser(): Browser is closed

2020-09-08 14:44:16 - [MESSAGE][PASSED] - Browser is closed]]></system-out>
         <system-err><![CDATA[2020-09-08 14:21:34 - [TEST_CASE][FAILED] - Test Cases/Certpay_Quicksti/TC_005_MultiBureauSite_MultiBureaus_MultiLinePayments: Test Cases/Certpay_Quicksti/TC_005_MultiBureauSite_MultiBureaus_MultiLinePayments FAILED.
Reason:
com.kms.katalon.core.exception.StepFailedException: Unable to get text of object 'Object Repository/CERTPAY_QUICKSTI/Payment_Details_Verification_Page/AMOUNT'
	at com.kms.katalon.core.webui.keyword.internal.WebUIKeywordMain.stepFailed(WebUIKeywordMain.groovy:64)
	at com.kms.katalon.core.webui.keyword.internal.WebUIKeywordMain.runKeyword(WebUIKeywordMain.groovy:26)
	at com.kms.katalon.core.webui.keyword.builtin.GetTextKeyword.getText(GetTextKeyword.groovy:88)
	at com.kms.katalon.core.webui.keyword.builtin.GetTextKeyword.execute(GetTextKeyword.groovy:67)
	at com.kms.katalon.core.keyword.internal.KeywordExecutor.executeKeywordForPlatform(KeywordExecutor.groovy:72)
	at com.kms.katalon.core.webui.keyword.WebUiBuiltInKeywords.getText(WebUiBuiltInKeywords.groovy:888)
	at com.kms.katalon.core.webui.keyword.WebUiBuiltInKeywords$getText$10.call(Unknown Source)
	at pages.Quicksti.verifyUserPaymentDetails(Quicksti.groovy:104)
	at pages.Quicksti.invokeMethod(Quicksti.groovy)
	at com.kms.katalon.core.main.CustomKeywordDelegatingMetaClass.invokeStaticMethod(CustomKeywordDelegatingMetaClass.java:50)
	at TC_005_MultiBureauSite_MultiBureaus_MultiLinePayments.run(TC_005_MultiBureauSite_MultiBureaus_MultiLinePayments:148)
	at com.kms.katalon.core.main.ScriptEngine.run(ScriptEngine.java:194)
	at com.kms.katalon.core.main.ScriptEngine.runScriptAsRawText(ScriptEngine.java:119)
	at com.kms.katalon.core.main.TestCaseExecutor.runScript(TestCaseExecutor.java:337)
	at com.kms.katalon.core.main.TestCaseExecutor.doExecute(TestCaseExecutor.java:328)
	at com.kms.katalon.core.main.TestCaseExecutor.processExecutionPhase(TestCaseExecutor.java:307)
	at com.kms.katalon.core.main.TestCaseExecutor.accessMainPhase(TestCaseExecutor.java:299)
	at com.kms.katalon.core.main.TestCaseExecutor.execute(TestCaseExecutor.java:233)
	at com.kms.katalon.core.main.TestSuiteExecutor.accessTestCaseMainPhase(TestSuiteExecutor.java:169)
	at com.kms.katalon.core.main.TestSuiteExecutor.accessTestSuiteMainPhase(TestSuiteExecutor.java:142)
	at com.kms.katalon.core.main.TestSuiteExecutor.execute(TestSuiteExecutor.java:91)
	at com.kms.katalon.core.main.TestCaseMain.startTestSuite(TestCaseMain.java:157)
	at com.kms.katalon.core.main.TestCaseMain$startTestSuite$0.call(Unknown Source)
	at TempTestSuite1599553616550.run(TempTestSuite1599553616550.groovy:36)
Caused by: com.kms.katalon.core.webui.exception.WebElementNotFoundException: Web element with id: 'Object Repository/CERTPAY_QUICKSTI/Payment_Details_Verification_Page/AMOUNT' located by 'By.xpath: (//td[@class='invoiceAmount col-xs-12 col-sm-2 amount'])[1]' not found
	at com.kms.katalon.core.webui.common.WebUiCommonHelper.findWebElement(WebUiCommonHelper.java:1154)
	at com.kms.katalon.core.webui.keyword.internal.WebUIAbstractKeyword.findWebElement(WebUIAbstractKeyword.groovy:27)
	at com.kms.katalon.core.webui.keyword.internal.WebUIAbstractKeyword.findWebElement(WebUIAbstractKeyword.groovy:26)
	at com.kms.katalon.core.webui.keyword.builtin.GetTextKeyword$_getText_closure1.doCall(GetTextKeyword.groovy:78)
	at com.kms.katalon.core.webui.keyword.builtin.GetTextKeyword$_getText_closure1.call(GetTextKeyword.groovy)
	at com.kms.katalon.core.webui.keyword.internal.WebUIKeywordMain.runKeyword(WebUIKeywordMain.groovy:20)
	... 22 more]]></system-err>
      </testcase>
      <system-out><![CDATA[2020-09-08 13:57:00 - [TEST_SUITE][ERROR] - Quicksti: Test Cases/Certpay_Quicksti/TC_002_MultiBureauSite_SingleBureau_MultiLinePayment FAILED.
Reason:
groovy.lang.MissingPropertyException: No such property: paymentId for class: Script1572261491663
	at TC_002_MultiBureauSite_SingleBureau_MultiLinePayment.run(TC_002_MultiBureauSite_SingleBureau_MultiLinePayment:144)
	at com.kms.katalon.core.main.ScriptEngine.run(ScriptEngine.java:194)
	at com.kms.katalon.core.main.ScriptEngine.runScriptAsRawText(ScriptEngine.java:119)
	at com.kms.katalon.core.main.TestCaseExecutor.runScript(TestCaseExecutor.java:337)
	at com.kms.katalon.core.main.TestCaseExecutor.doExecute(TestCaseExecutor.java:328)
	at com.kms.katalon.core.main.TestCaseExecutor.processExecutionPhase(TestCaseExecutor.java:307)
	at com.kms.katalon.core.main.TestCaseExecutor.accessMainPhase(TestCaseExecutor.java:299)
	at com.kms.katalon.core.main.TestCaseExecutor.execute(TestCaseExecutor.java:233)
	at com.kms.katalon.core.main.TestSuiteExecutor.accessTestCaseMainPhase(TestSuiteExecutor.java:169)
	at com.kms.katalon.core.main.TestSuiteExecutor.accessTestSuiteMainPhase(TestSuiteExecutor.java:142)
	at com.kms.katalon.core.main.TestSuiteExecutor.execute(TestSuiteExecutor.java:91)
	at com.kms.katalon.core.main.TestCaseMain.startTestSuite(TestCaseMain.java:157)
	at com.kms.katalon.core.main.TestCaseMain$startTestSuite$0.call(Unknown Source)
	at TempTestSuite1599553616550.run(TempTestSuite1599553616550.groovy:36)]]></system-out>
      <system-err><![CDATA[2020-09-08 13:57:00 - [TEST_SUITE][ERROR] - Quicksti: Test Cases/Certpay_Quicksti/TC_002_MultiBureauSite_SingleBureau_MultiLinePayment FAILED.
Reason:
groovy.lang.MissingPropertyException: No such property: paymentId for class: Script1572261491663
	at TC_002_MultiBureauSite_SingleBureau_MultiLinePayment.run(TC_002_MultiBureauSite_SingleBureau_MultiLinePayment:144)
	at com.kms.katalon.core.main.ScriptEngine.run(ScriptEngine.java:194)
	at com.kms.katalon.core.main.ScriptEngine.runScriptAsRawText(ScriptEngine.java:119)
	at com.kms.katalon.core.main.TestCaseExecutor.runScript(TestCaseExecutor.java:337)
	at com.kms.katalon.core.main.TestCaseExecutor.doExecute(TestCaseExecutor.java:328)
	at com.kms.katalon.core.main.TestCaseExecutor.processExecutionPhase(TestCaseExecutor.java:307)
	at com.kms.katalon.core.main.TestCaseExecutor.accessMainPhase(TestCaseExecutor.java:299)
	at com.kms.katalon.core.main.TestCaseExecutor.execute(TestCaseExecutor.java:233)
	at com.kms.katalon.core.main.TestSuiteExecutor.accessTestCaseMainPhase(TestSuiteExecutor.java:169)
	at com.kms.katalon.core.main.TestSuiteExecutor.accessTestSuiteMainPhase(TestSuiteExecutor.java:142)
	at com.kms.katalon.core.main.TestSuiteExecutor.execute(TestSuiteExecutor.java:91)
	at com.kms.katalon.core.main.TestCaseMain.startTestSuite(TestCaseMain.java:157)
	at com.kms.katalon.core.main.TestCaseMain$startTestSuite$0.call(Unknown Source)
	at TempTestSuite1599553616550.run(TempTestSuite1599553616550.groovy:36)]]></system-err>
   </testsuite>
</testsuites>
