<?xml version="1.0" encoding="UTF-8"?>
<testsuites name="Quicksti_Samday_FullRefunds_Admin" time="731.126" tests="1" failures="0" errors="0">
   <testsuite name="Quicksti_Samday_FullRefunds_Admin" tests="1" failures="0" errors="0" time="731.126" timestamp="2020-10-15 16:53:41" hostname="admin - SYS8" id="Test Suites/Certpay_testSuite/Quicksti_Samday_FullRefunds_Admin">
      <properties>
         <property name="deviceName" value=""/>
         <property name="devicePlatform" value=""/>
         <property name="logFolder" value="E:\\Sush_Certpay\\Reports\\20201015_165331\\Certpay_testSuite\\Quicksti_Samday_FullRefunds_Admin\\20201015_165331"/>
         <property name="logFiles" value="E:\\Sush_Certpay\\Reports\\20201015_165331\\Certpay_testSuite\\Quicksti_Samday_FullRefunds_Admin\\20201015_165331\\execution0.log"/>
         <property name="attachments" value=""/>
         <property name="hostName" value="admin - SYS8"/>
         <property name="os" value="Windows 10 32bit"/>
         <property name="katalonVersion" value="7.1.2.1"/>
         <property name="browser" value="Chrome 86.0.4240.75"/>
         <property name="hostAddress" value="172.31.253.251"/>
         <property name="sessionId" value="a14ed845045f3350d538aa65ee3cdf45"/>
         <property name="seleniumVersion" value="3.141.59"/>
         <property name="proxyInformation" value="ProxyInformation{proxyOption=NO_PROXY, proxyServerType=HTTP, password=, proxyServerAddress=, proxyServerPort=0, executionList=}"/>
         <property name="platform" value="Windows 10"/>
      </properties>
      <testcase name="Test Cases/SameDay_Refunds_Admin/TC_003_VISA_SamedayRefund_Void" time="730.6" classname="Test Cases/SameDay_Refunds_Admin/TC_003_VISA_SamedayRefund_Void" status="PASSED">
         <system-out><![CDATA[2020-10-15 16:53:42 - [TEST_CASE][PASSED] - Test Cases/SameDay_Refunds_Admin/TC_003_VISA_SamedayRefund_Void: Test Cases/SameDay_Refunds_Admin/TC_003_VISA_SamedayRefund_Void

2020-10-15 16:53:42 - [TEST_STEP][PASSED] - Start listener action : beforeTestCase: null

2020-10-15 16:53:42 - [TEST_STEP][PASSED] - data = findTestData("Data Files/Certpay/SingleBureau_SingleLine"): null

2020-10-15 16:53:43 - [TEST_STEP][PASSED] - paymentIdList = []: null

2020-10-15 16:53:43 - [TEST_STEP][PASSED] - for (def index : (1..data.getRowNumbers())): Delayed 2 second(s)

2020-10-15 16:53:43 - [TEST_STEP][PASSED] - firstName = data.getValue("FirstName", index): null

2020-10-15 16:53:44 - [TEST_STEP][PASSED] - lastName = data.getValue("LastName", index): null

2020-10-15 16:53:44 - [TEST_STEP][PASSED] - expMonth = data.getValue("ExpMonth", index): null

2020-10-15 16:53:44 - [TEST_STEP][PASSED] - expYear = data.getValue("ExpYear", index): null

2020-10-15 16:53:44 - [TEST_STEP][PASSED] - securityCode = data.getValue("SecurityCode", index): null

2020-10-15 16:53:44 - [TEST_STEP][PASSED] - paymentAmount = data.getValue("PaymentAmount", index): null

2020-10-15 16:53:44 - [TEST_STEP][PASSED] - paymentType = data.getValue("PaymentType", index): null

2020-10-15 16:53:44 - [TEST_STEP][PASSED] - quantity = data.getValue("Quantity", index): null

2020-10-15 16:53:44 - [TEST_STEP][PASSED] - comments = data.getValue("Comments", index): null

2020-10-15 16:53:44 - [TEST_STEP][PASSED] - referenceNum = data.getValue("ReferenceNum", index): null

2020-10-15 16:53:44 - [TEST_STEP][PASSED] - address = data.getValue("Address", index): null

2020-10-15 16:53:44 - [TEST_STEP][PASSED] - zipCode = data.getValue("Zipcode", index): null

2020-10-15 16:53:44 - [TEST_STEP][PASSED] - telephone = data.getValue("Telephone", index): null

2020-10-15 16:53:44 - [TEST_STEP][PASSED] - emailAddress = data.getValue("EmailAddress", index): null

2020-10-15 16:53:44 - [TEST_STEP][PASSED] - cardNum = data.getValue("CardNumber", index): null

2020-10-15 16:53:44 - [TEST_STEP][PASSED] - cardType = data.getValue("CardType", index): null

2020-10-15 16:53:44 - [TEST_STEP][PASSED] - utilities.SafeActions.openBrowser(Quicksti_Url, [pageLoadTime]): Browser launched successfully

2020-10-15 16:53:44 - [MESSAGE][INFO] - Opening Browser

2020-10-15 16:53:45 - [MESSAGE][INFO] - Starting 'Chrome' driver

2020-10-15 16:53:45 - [MESSAGE][INFO] - Action delay is set to 0 seconds

2020-10-15 16:54:09 - [MESSAGE][PASSED] - Browser is opened with url: 'https://qa-certpayquicksti.faps.net/'

2020-10-15 16:54:11 - [MESSAGE][PASSED] - Current window maximized

2020-10-15 16:54:11 - [MESSAGE][PASSED] - Browser launched successfully

2020-10-15 16:54:11 - [TEST_STEP][PASSED] - utilities.SafeActions.safeType(findTestObject("CERTPAY_QUICKSTI/Login_ Page/BUREAU_CODE"), bureau_code, "Bureau code", [pageLoadTime]): Quicksti_Samday_FullRefunds_Admin.ts:Entered'6100000 into Bureau code

2020-10-15 16:54:12 - [MESSAGE][PASSED] - Object 'Object Repository/CERTPAY_QUICKSTI/Login_ Page/BUREAU_CODE' is present

2020-10-15 16:54:13 - [MESSAGE][PASSED] - Object 'Object Repository/CERTPAY_QUICKSTI/Login_ Page/BUREAU_CODE' is visible

2020-10-15 16:54:13 - [MESSAGE][PASSED] - Object 'Object Repository/CERTPAY_QUICKSTI/Login_ Page/BUREAU_CODE' is present

2020-10-15 16:54:15 - [MESSAGE][PASSED] - Text '6100000' is set on object 'Object Repository/CERTPAY_QUICKSTI/Login_ Page/BUREAU_CODE'

2020-10-15 16:54:15 - [MESSAGE][PASSED] - Quicksti_Samday_FullRefunds_Admin.ts:Entered'6100000 into Bureau code

2020-10-15 16:54:15 - [TEST_STEP][PASSED] - utilities.SafeActions.safeType(findTestObject("CERTPAY_QUICKSTI/Login_ Page/TELLER_ID"), teller_id, "Bureau code", [pageLoadTime]): Quicksti_Samday_FullRefunds_Admin.ts:Entered'zenq into Bureau code

2020-10-15 16:54:16 - [MESSAGE][PASSED] - Object 'Object Repository/CERTPAY_QUICKSTI/Login_ Page/TELLER_ID' is present

2020-10-15 16:54:16 - [MESSAGE][PASSED] - Object 'Object Repository/CERTPAY_QUICKSTI/Login_ Page/TELLER_ID' is visible

2020-10-15 16:54:16 - [MESSAGE][PASSED] - Object 'Object Repository/CERTPAY_QUICKSTI/Login_ Page/TELLER_ID' is present

2020-10-15 16:54:17 - [MESSAGE][PASSED] - Text 'zenq' is set on object 'Object Repository/CERTPAY_QUICKSTI/Login_ Page/TELLER_ID'

2020-10-15 16:54:17 - [MESSAGE][PASSED] - Quicksti_Samday_FullRefunds_Admin.ts:Entered'zenq into Bureau code

2020-10-15 16:54:17 - [TEST_STEP][PASSED] - utilities.SafeActions.safeClick(findTestObject("CERTPAY_QUICKSTI/Login_ Page/NEXT_BUTTON"), "Next button", [pageLoadTime]): Quicksti_Samday_FullRefunds_Admin.ts:Clicked on the Next button

2020-10-15 16:54:18 - [MESSAGE][INFO] - safeClicking

2020-10-15 16:54:18 - [MESSAGE][PASSED] - Object 'Object Repository/CERTPAY_QUICKSTI/Login_ Page/NEXT_BUTTON' is present

2020-10-15 16:54:19 - [MESSAGE][PASSED] - Object 'Object Repository/CERTPAY_QUICKSTI/Login_ Page/NEXT_BUTTON' is clickable

2020-10-15 16:54:24 - [MESSAGE][PASSED] - Object: 'Object Repository/CERTPAY_QUICKSTI/Login_ Page/NEXT_BUTTON' is clicked on

2020-10-15 16:54:24 - [MESSAGE][PASSED] - Quicksti_Samday_FullRefunds_Admin.ts:Clicked on the Next button

2020-10-15 16:54:24 - [TEST_STEP][PASSED] - utilities.SafeActions.safeClick(findTestObject("CERTPAY_QUICKSTI/Payment_Information_Page/MANUAL_ENTRY_BUTTON"), "ManualEntry", [pageLoadTime]): Quicksti_Samday_FullRefunds_Admin.ts:Clicked on the ManualEntry

2020-10-15 16:54:24 - [MESSAGE][INFO] - safeClicking

2020-10-15 16:54:24 - [MESSAGE][PASSED] - Object 'Object Repository/CERTPAY_QUICKSTI/Payment_Information_Page/MANUAL_ENTRY_BUTTON' is present

2020-10-15 16:54:24 - [MESSAGE][PASSED] - Object 'Object Repository/CERTPAY_QUICKSTI/Payment_Information_Page/MANUAL_ENTRY_BUTTON' is clickable

2020-10-15 16:54:27 - [MESSAGE][PASSED] - Object: 'Object Repository/CERTPAY_QUICKSTI/Payment_Information_Page/MANUAL_ENTRY_BUTTON' is clicked on

2020-10-15 16:54:27 - [MESSAGE][PASSED] - Quicksti_Samday_FullRefunds_Admin.ts:Clicked on the ManualEntry

2020-10-15 16:54:27 - [TEST_STEP][PASSED] - CardNumber = pages.Quicksti.setUserPaymentDetails(firstName, lastName, cardNum): Quicksti_Samday_FullRefunds_Admin.ts:Entered'4761739001010135 into CardNum

2020-10-15 16:54:27 - [MESSAGE][PASSED] - Object 'Object Repository/CERTPAY_QUICKSTI/Payment_Information_Page/FIRST_NAME' is present

2020-10-15 16:54:28 - [MESSAGE][PASSED] - Object 'Object Repository/CERTPAY_QUICKSTI/Payment_Information_Page/FIRST_NAME' is visible

2020-10-15 16:54:28 - [MESSAGE][PASSED] - Object 'Object Repository/CERTPAY_QUICKSTI/Payment_Information_Page/FIRST_NAME' is present

2020-10-15 16:54:29 - [MESSAGE][PASSED] - Text 'Tester' is set on object 'Object Repository/CERTPAY_QUICKSTI/Payment_Information_Page/FIRST_NAME'

2020-10-15 16:54:29 - [MESSAGE][PASSED] - Quicksti_Samday_FullRefunds_Admin.ts:Entered'Tester into FirstName

2020-10-15 16:54:30 - [MESSAGE][PASSED] - Object 'Object Repository/CERTPAY_QUICKSTI/Payment_Information_Page/LAST_NAME' is present

2020-10-15 16:54:30 - [MESSAGE][PASSED] - Object 'Object Repository/CERTPAY_QUICKSTI/Payment_Information_Page/LAST_NAME' is visible

2020-10-15 16:54:30 - [MESSAGE][PASSED] - Object 'Object Repository/CERTPAY_QUICKSTI/Payment_Information_Page/LAST_NAME' is present

2020-10-15 16:54:32 - [MESSAGE][PASSED] - Text 'Zenq1' is set on object 'Object Repository/CERTPAY_QUICKSTI/Payment_Information_Page/LAST_NAME'

2020-10-15 16:54:32 - [MESSAGE][PASSED] - Quicksti_Samday_FullRefunds_Admin.ts:Entered'Zenq1 into LAstName

2020-10-15 16:54:32 - [MESSAGE][PASSED] - Object 'Object Repository/CERTPAY_QUICKSTI/Payment_Information_Page/CARD_NUMBER' is present

2020-10-15 16:54:32 - [MESSAGE][PASSED] - Object 'Object Repository/CERTPAY_QUICKSTI/Payment_Information_Page/CARD_NUMBER' is visible

2020-10-15 16:54:33 - [MESSAGE][PASSED] - Object 'Object Repository/CERTPAY_QUICKSTI/Payment_Information_Page/CARD_NUMBER' is present

2020-10-15 16:54:34 - [MESSAGE][PASSED] - Text '4761739001010135' is set on object 'Object Repository/CERTPAY_QUICKSTI/Payment_Information_Page/CARD_NUMBER'

2020-10-15 16:54:34 - [MESSAGE][PASSED] - Quicksti_Samday_FullRefunds_Admin.ts:Entered'4761739001010135 into CardNum

2020-10-15 16:54:34 - [TEST_STEP][PASSED] - utilities.SafeActions.safeSelectOptionInDropdownByVisibleText(findTestObject("CERTPAY_QUICKSTI/Payment_Information_Page/PAYMENT_TYPE"), paymentType, "paymentType", [pageLoadTime]): selected dropdown option by visible text  Taxesfrom paymentType

2020-10-15 16:54:35 - [MESSAGE][PASSED] - Object 'Object Repository/CERTPAY_QUICKSTI/Payment_Information_Page/PAYMENT_TYPE' is visible

2020-10-15 16:54:35 - [MESSAGE][PASSED] - Object 'Object Repository/CERTPAY_QUICKSTI/Payment_Information_Page/PAYMENT_TYPE' is present

2020-10-15 16:54:36 - [MESSAGE][PASSED] - Object: 'Object Repository/CERTPAY_QUICKSTI/Payment_Information_Page/PAYMENT_TYPE' is clicked on

2020-10-15 16:54:37 - [MESSAGE][PASSED] - All options with label 'Taxes' are selected in object 'Object Repository/CERTPAY_QUICKSTI/Payment_Information_Page/PAYMENT_TYPE'  using regular expression

2020-10-15 16:54:37 - [MESSAGE][PASSED] - selected dropdown option by visible text  Taxesfrom paymentType

2020-10-15 16:54:37 - [TEST_STEP][PASSED] - pages.Quicksti.setExpDate(expMonth, expYear, securityCode): Quicksti_Samday_FullRefunds_Admin.ts:Entered'207 into securityCode

2020-10-15 16:54:38 - [MESSAGE][PASSED] - Object 'Object Repository/CERTPAY_QUICKSTI/Payment_Information_Page/EXP_MONTH' is visible

2020-10-15 16:54:38 - [MESSAGE][PASSED] - Object 'Object Repository/CERTPAY_QUICKSTI/Payment_Information_Page/EXP_MONTH' is present

2020-10-15 16:54:39 - [MESSAGE][PASSED] - Object: 'Object Repository/CERTPAY_QUICKSTI/Payment_Information_Page/EXP_MONTH' is clicked on

2020-10-15 16:54:41 - [MESSAGE][PASSED] - All options with label '03' are selected in object 'Object Repository/CERTPAY_QUICKSTI/Payment_Information_Page/EXP_MONTH'  using regular expression

2020-10-15 16:54:41 - [MESSAGE][PASSED] - selected dropdown option by visible text  03from expMonth

2020-10-15 16:54:41 - [MESSAGE][PASSED] - Object 'Object Repository/CERTPAY_QUICKSTI/Payment_Information_Page/EXP_YEAR' is visible

2020-10-15 16:54:41 - [MESSAGE][PASSED] - Object 'Object Repository/CERTPAY_QUICKSTI/Payment_Information_Page/EXP_YEAR' is present

2020-10-15 16:54:43 - [MESSAGE][PASSED] - Object: 'Object Repository/CERTPAY_QUICKSTI/Payment_Information_Page/EXP_YEAR' is clicked on

2020-10-15 16:54:44 - [MESSAGE][PASSED] - All options with label '2022' are selected in object 'Object Repository/CERTPAY_QUICKSTI/Payment_Information_Page/EXP_YEAR'  using regular expression

2020-10-15 16:54:44 - [MESSAGE][PASSED] - selected dropdown option by visible text  2022from  expYear

2020-10-15 16:54:45 - [MESSAGE][PASSED] - Object 'Object Repository/CERTPAY_QUICKSTI/Payment_Information_Page/SECURITY_CODE' is present

2020-10-15 16:54:45 - [MESSAGE][PASSED] - Object 'Object Repository/CERTPAY_QUICKSTI/Payment_Information_Page/SECURITY_CODE' is visible

2020-10-15 16:54:45 - [MESSAGE][PASSED] - Object 'Object Repository/CERTPAY_QUICKSTI/Payment_Information_Page/SECURITY_CODE' is present

2020-10-15 16:54:46 - [MESSAGE][PASSED] - Text '207' is set on object 'Object Repository/CERTPAY_QUICKSTI/Payment_Information_Page/SECURITY_CODE'

2020-10-15 16:54:46 - [MESSAGE][PASSED] - Quicksti_Samday_FullRefunds_Admin.ts:Entered'207 into securityCode

2020-10-15 16:54:46 - [TEST_STEP][PASSED] - pages.Quicksti.setPaymentAmountDetailsForSinglePayment(paymentAmount, quantity): Quicksti_Samday_FullRefunds_Admin.ts:Entered'1 into Quantity

2020-10-15 16:54:47 - [MESSAGE][PASSED] - Object 'Object Repository/CERTPAY_QUICKSTI/Payment_Information_Page/PAYMENT_AMOUNT' is present

2020-10-15 16:54:47 - [MESSAGE][PASSED] - Object 'Object Repository/CERTPAY_QUICKSTI/Payment_Information_Page/PAYMENT_AMOUNT' is visible

2020-10-15 16:54:47 - [MESSAGE][PASSED] - Object 'Object Repository/CERTPAY_QUICKSTI/Payment_Information_Page/PAYMENT_AMOUNT' is present

2020-10-15 16:54:49 - [MESSAGE][PASSED] - Text '20.00' is set on object 'Object Repository/CERTPAY_QUICKSTI/Payment_Information_Page/PAYMENT_AMOUNT'

2020-10-15 16:54:49 - [MESSAGE][PASSED] - Quicksti_Samday_FullRefunds_Admin.ts:Entered'20.00 into amount

2020-10-15 16:54:49 - [MESSAGE][PASSED] - Object 'Object Repository/CERTPAY_QUICKSTI/Payment_Information_Page/QUANTITY' is present

2020-10-15 16:54:49 - [MESSAGE][PASSED] - Object 'Object Repository/CERTPAY_QUICKSTI/Payment_Information_Page/QUANTITY' is visible

2020-10-15 16:54:50 - [MESSAGE][PASSED] - Object 'Object Repository/CERTPAY_QUICKSTI/Payment_Information_Page/QUANTITY' is present

2020-10-15 16:54:51 - [MESSAGE][PASSED] - Text '1' is set on object 'Object Repository/CERTPAY_QUICKSTI/Payment_Information_Page/QUANTITY'

2020-10-15 16:54:51 - [MESSAGE][PASSED] - Quicksti_Samday_FullRefunds_Admin.ts:Entered'1 into Quantity

2020-10-15 16:54:51 - [TEST_STEP][PASSED] - utilities.SafeActions.safeType(findTestObject("CERTPAY_QUICKSTI/Payment_Information_Page/REFRENCE_NUMBER"), referenceNum, "Reference Number", [pageLoadTime]): Quicksti_Samday_FullRefunds_Admin.ts:Entered'11 into Reference Number

2020-10-15 16:54:51 - [MESSAGE][PASSED] - Object 'Object Repository/CERTPAY_QUICKSTI/Payment_Information_Page/REFRENCE_NUMBER' is present

2020-10-15 16:54:52 - [MESSAGE][PASSED] - Object 'Object Repository/CERTPAY_QUICKSTI/Payment_Information_Page/REFRENCE_NUMBER' is visible

2020-10-15 16:54:52 - [MESSAGE][PASSED] - Object 'Object Repository/CERTPAY_QUICKSTI/Payment_Information_Page/REFRENCE_NUMBER' is present

2020-10-15 16:54:53 - [MESSAGE][PASSED] - Text '11' is set on object 'Object Repository/CERTPAY_QUICKSTI/Payment_Information_Page/REFRENCE_NUMBER'

2020-10-15 16:54:53 - [MESSAGE][PASSED] - Quicksti_Samday_FullRefunds_Admin.ts:Entered'11 into Reference Number

2020-10-15 16:54:53 - [TEST_STEP][PASSED] - amount_Value = pages.Quicksti.getAttributeValue(findTestObject("CERTPAY_QUICKSTI/Payment_Information_Page/SUB_TOTAL")): pages.Quicksti.getAttributeValue is PASSED

2020-10-15 16:54:54 - [MESSAGE][PASSED] - Attribute 'value' of object 'Object Repository/CERTPAY_QUICKSTI/Payment_Information_Page/SUB_TOTAL' is: '20.00'

2020-10-15 16:54:54 - [MESSAGE][PASSED] - pages.Quicksti.getAttributeValue is PASSED

2020-10-15 16:54:54 - [TEST_STEP][PASSED] - utilities.SafeActions.safeType(findTestObject("CERTPAY_QUICKSTI/Payment_Information_Page/COMMENTS"), "Testing", "Comments", [pageLoadTime]): Quicksti_Samday_FullRefunds_Admin.ts:Entered'Testing into Comments

2020-10-15 16:54:54 - [MESSAGE][PASSED] - Object 'Object Repository/CERTPAY_QUICKSTI/Payment_Information_Page/COMMENTS' is present

2020-10-15 16:54:54 - [MESSAGE][PASSED] - Object 'Object Repository/CERTPAY_QUICKSTI/Payment_Information_Page/COMMENTS' is visible

2020-10-15 16:54:55 - [MESSAGE][PASSED] - Object 'Object Repository/CERTPAY_QUICKSTI/Payment_Information_Page/COMMENTS' is present

2020-10-15 16:54:56 - [MESSAGE][PASSED] - Text 'Testing' is set on object 'Object Repository/CERTPAY_QUICKSTI/Payment_Information_Page/COMMENTS'

2020-10-15 16:54:56 - [MESSAGE][PASSED] - Quicksti_Samday_FullRefunds_Admin.ts:Entered'Testing into Comments

2020-10-15 16:54:56 - [TEST_STEP][PASSED] - utilities.SafeActions.safeType(findTestObject("CERTPAY_QUICKSTI/Payment_Information_Page/ADDRESS"), address, "Address", [pageLoadTime]): Quicksti_Samday_FullRefunds_Admin.ts:Entered'14-2 into Address

2020-10-15 16:54:56 - [MESSAGE][PASSED] - Object 'Object Repository/CERTPAY_QUICKSTI/Payment_Information_Page/ADDRESS' is present

2020-10-15 16:54:56 - [MESSAGE][PASSED] - Object 'Object Repository/CERTPAY_QUICKSTI/Payment_Information_Page/ADDRESS' is visible

2020-10-15 16:54:57 - [MESSAGE][PASSED] - Object 'Object Repository/CERTPAY_QUICKSTI/Payment_Information_Page/ADDRESS' is present

2020-10-15 16:54:58 - [MESSAGE][PASSED] - Text '14-2' is set on object 'Object Repository/CERTPAY_QUICKSTI/Payment_Information_Page/ADDRESS'

2020-10-15 16:54:58 - [MESSAGE][PASSED] - Quicksti_Samday_FullRefunds_Admin.ts:Entered'14-2 into Address

2020-10-15 16:54:58 - [TEST_STEP][PASSED] - utilities.SafeActions.safeType(findTestObject("CERTPAY_QUICKSTI/Payment_Information_Page/ZIP_CODE"), zipCode, "zipcode", [pageLoadTime]): Quicksti_Samday_FullRefunds_Admin.ts:Entered'76102 into zipcode

2020-10-15 16:54:58 - [MESSAGE][PASSED] - Object 'Object Repository/CERTPAY_QUICKSTI/Payment_Information_Page/ZIP_CODE' is present

2020-10-15 16:54:59 - [MESSAGE][PASSED] - Object 'Object Repository/CERTPAY_QUICKSTI/Payment_Information_Page/ZIP_CODE' is visible

2020-10-15 16:54:59 - [MESSAGE][PASSED] - Object 'Object Repository/CERTPAY_QUICKSTI/Payment_Information_Page/ZIP_CODE' is present

2020-10-15 16:55:00 - [MESSAGE][PASSED] - Text '76102' is set on object 'Object Repository/CERTPAY_QUICKSTI/Payment_Information_Page/ZIP_CODE'

2020-10-15 16:55:00 - [MESSAGE][PASSED] - Quicksti_Samday_FullRefunds_Admin.ts:Entered'76102 into zipcode

2020-10-15 16:55:00 - [TEST_STEP][PASSED] - utilities.SafeActions.safeType(findTestObject("CERTPAY_QUICKSTI/Payment_Information_Page/TELEPHONE"), telephone, "Telephone", [pageLoadTime]): Quicksti_Samday_FullRefunds_Admin.ts:Entered'9988776655 into Telephone

2020-10-15 16:55:00 - [MESSAGE][PASSED] - Object 'Object Repository/CERTPAY_QUICKSTI/Payment_Information_Page/TELEPHONE' is present

2020-10-15 16:55:01 - [MESSAGE][PASSED] - Object 'Object Repository/CERTPAY_QUICKSTI/Payment_Information_Page/TELEPHONE' is visible

2020-10-15 16:55:01 - [MESSAGE][PASSED] - Object 'Object Repository/CERTPAY_QUICKSTI/Payment_Information_Page/TELEPHONE' is present

2020-10-15 16:55:02 - [MESSAGE][PASSED] - Text '9988776655' is set on object 'Object Repository/CERTPAY_QUICKSTI/Payment_Information_Page/TELEPHONE'

2020-10-15 16:55:02 - [MESSAGE][PASSED] - Quicksti_Samday_FullRefunds_Admin.ts:Entered'9988776655 into Telephone

2020-10-15 16:55:02 - [TEST_STEP][PASSED] - utilities.SafeActions.safeType(findTestObject("CERTPAY_QUICKSTI/Payment_Information_Page/EMAIL_ADDRESS"), emailAddress, "EMAIL address", [pageLoadTime]): Quicksti_Samday_FullRefunds_Admin.ts:Entered'testing@zenq.com into EMAIL address

2020-10-15 16:55:03 - [MESSAGE][PASSED] - Object 'Object Repository/CERTPAY_QUICKSTI/Payment_Information_Page/EMAIL_ADDRESS' is present

2020-10-15 16:55:03 - [MESSAGE][PASSED] - Object 'Object Repository/CERTPAY_QUICKSTI/Payment_Information_Page/EMAIL_ADDRESS' is visible

2020-10-15 16:55:03 - [MESSAGE][PASSED] - Object 'Object Repository/CERTPAY_QUICKSTI/Payment_Information_Page/EMAIL_ADDRESS' is present

2020-10-15 16:55:04 - [MESSAGE][PASSED] - Text 'testing@zenq.com' is set on object 'Object Repository/CERTPAY_QUICKSTI/Payment_Information_Page/EMAIL_ADDRESS'

2020-10-15 16:55:04 - [MESSAGE][PASSED] - Quicksti_Samday_FullRefunds_Admin.ts:Entered'testing@zenq.com into EMAIL address

2020-10-15 16:55:04 - [TEST_STEP][PASSED] - utilities.SafeActions.safeClick(findTestObject("CERTPAY_QUICKSTI/Payment_Information_Page/NEXT_BUTTON"), "Next", [pageLoadTime]): Quicksti_Samday_FullRefunds_Admin.ts:Clicked on the Next

2020-10-15 16:55:04 - [MESSAGE][INFO] - safeClicking

2020-10-15 16:55:05 - [MESSAGE][PASSED] - Object 'Object Repository/CERTPAY_QUICKSTI/Payment_Information_Page/NEXT_BUTTON' is present

2020-10-15 16:55:05 - [MESSAGE][PASSED] - Object 'Object Repository/CERTPAY_QUICKSTI/Payment_Information_Page/NEXT_BUTTON' is clickable

2020-10-15 16:55:08 - [MESSAGE][PASSED] - Object: 'Object Repository/CERTPAY_QUICKSTI/Payment_Information_Page/NEXT_BUTTON' is clicked on

2020-10-15 16:55:08 - [MESSAGE][PASSED] - Quicksti_Samday_FullRefunds_Admin.ts:Clicked on the Next

2020-10-15 16:55:08 - [TEST_STEP][PASSED] - pages.Quicksti.verifyUserPaymentDetails(paymentAmount, firstName, lastName, CardNumber): pages.Quicksti.verifyUserPaymentDetails is PASSED

2020-10-15 16:55:09 - [MESSAGE][PASSED] - Text of object 'Object Repository/CERTPAY_QUICKSTI/Payment_Details_Verification_Page/AMOUNT' is: '$20.00'

2020-10-15 16:55:09 - [MESSAGE][PASSED] - Actual text '20.00' and expected text '20.00' are matched  using regular expression

2020-10-15 16:55:09 - [MESSAGE][PASSED] - Text of object 'Object Repository/CERTPAY_QUICKSTI/Payment_Details_Verification_Page/NAME' is: 'Tester Zenq1'

2020-10-15 16:55:09 - [MESSAGE][PASSED] - Actual text 'Tester Zenq1' and expected text 'Tester Zenq1' are matched  using regular expression

2020-10-15 16:55:09 - [MESSAGE][PASSED] - Text of object 'Object Repository/CERTPAY_QUICKSTI/Payment_Details_Verification_Page/CARD_NUMBER' is: '...0135'

2020-10-15 16:55:09 - [MESSAGE][PASSED] - Actual text '0135' and expected text '0135' are matched  using regular expression

2020-10-15 16:55:09 - [MESSAGE][PASSED] - pages.Quicksti.verifyUserPaymentDetails is PASSED

2020-10-15 16:55:09 - [TEST_STEP][PASSED] - delay(2): Delayed 2 second(s)

2020-10-15 16:55:11 - [MESSAGE][PASSED] - Delayed 2 second(s)

2020-10-15 16:55:11 - [TEST_STEP][PASSED] - scrollToElement(findTestObject("CERTPAY_QUICKSTI/Payment_Details_Verification_Page/PROCESS"), 30): Scroll to object 'Object Repository/CERTPAY_QUICKSTI/Payment_Details_Verification_Page/PROCESS' successfully

2020-10-15 16:55:12 - [MESSAGE][PASSED] - Scroll to object 'Object Repository/CERTPAY_QUICKSTI/Payment_Details_Verification_Page/PROCESS' successfully

2020-10-15 16:55:12 - [TEST_STEP][PASSED] - utilities.SafeActions.safeClick(findTestObject("CERTPAY_QUICKSTI/Payment_Details_Verification_Page/PROCESS"), "Process", [pageLoadTime]): Quicksti_Samday_FullRefunds_Admin.ts:Clicked on the Process

2020-10-15 16:55:12 - [MESSAGE][INFO] - safeClicking

2020-10-15 16:55:12 - [MESSAGE][PASSED] - Object 'Object Repository/CERTPAY_QUICKSTI/Payment_Details_Verification_Page/PROCESS' is present

2020-10-15 16:55:13 - [MESSAGE][PASSED] - Object 'Object Repository/CERTPAY_QUICKSTI/Payment_Details_Verification_Page/PROCESS' is clickable

2020-10-15 16:55:18 - [MESSAGE][PASSED] - Object: 'Object Repository/CERTPAY_QUICKSTI/Payment_Details_Verification_Page/PROCESS' is clicked on

2020-10-15 16:55:18 - [MESSAGE][PASSED] - Quicksti_Samday_FullRefunds_Admin.ts:Clicked on the Process

2020-10-15 16:55:18 - [TEST_STEP][PASSED] - paymentId = pages.Quicksti.verifyPaymentApproval(findTestObject("CERTPAY_QUICKSTI/Payment_Details_Verification_Page/APPROVED")): Payment is approved

2020-10-15 16:55:19 - [MESSAGE][PASSED] - Text of object 'Object Repository/CERTPAY_QUICKSTI/Payment_Details_Verification_Page/PAYMENT_ID' is: '100176129658'

2020-10-15 16:55:19 - [MESSAGE][PASSED] - Object 'Object Repository/CERTPAY_QUICKSTI/Payment_Details_Verification_Page/APPROVED' is present

2020-10-15 16:55:19 - [MESSAGE][PASSED] - Payment is approved

2020-10-15 16:55:21 - [TEST_STEP][PASSED] - navigateToUrl(Admin_url): Navigate to 'https://qa-certpayadmin.faps.net' successfully

2020-10-15 16:55:27 - [MESSAGE][PASSED] - Navigate to 'https://qa-certpayadmin.faps.net' successfully

2020-10-15 16:55:27 - [TEST_STEP][PASSED] - pages.Bureau_Login_Page.loginToAdminSite(AdminUsername, AdminPassword): Quicksti_Samday_FullRefunds_Admin.ts:Clicked on the LOGIN

2020-10-15 16:55:27 - [MESSAGE][PASSED] - Object 'Object Repository/CERTPAY_ADMIN/USER_NAME' is present

2020-10-15 16:55:28 - [MESSAGE][PASSED] - Object 'Object Repository/CERTPAY_ADMIN/USER_NAME' is visible

2020-10-15 16:55:28 - [MESSAGE][PASSED] - Object 'Object Repository/CERTPAY_ADMIN/USER_NAME' is present

2020-10-15 16:55:29 - [MESSAGE][PASSED] - Text 'VVangiliappan' is set on object 'Object Repository/CERTPAY_ADMIN/USER_NAME'

2020-10-15 16:55:29 - [MESSAGE][PASSED] - Quicksti_Samday_FullRefunds_Admin.ts:Entered'VVangiliappan into username

2020-10-15 16:55:30 - [MESSAGE][PASSED] - Object 'Object Repository/CERTPAY_ADMIN/PASSWORD' is present

2020-10-15 16:55:30 - [MESSAGE][PASSED] - Object 'Object Repository/CERTPAY_ADMIN/PASSWORD' is visible

2020-10-15 16:55:30 - [MESSAGE][PASSED] - Object 'Object Repository/CERTPAY_ADMIN/PASSWORD' is present

2020-10-15 16:55:31 - [MESSAGE][PASSED] - Text 'Test@123' is set on object 'Object Repository/CERTPAY_ADMIN/PASSWORD'

2020-10-15 16:55:31 - [MESSAGE][PASSED] - Quicksti_Samday_FullRefunds_Admin.ts:Entered'Test@123 into password

2020-10-15 16:55:31 - [MESSAGE][INFO] - safeClicking

2020-10-15 16:55:32 - [MESSAGE][PASSED] - Object 'Object Repository/CERTPAY_ADMIN/LOGIN_BUTTON' is present

2020-10-15 16:55:32 - [MESSAGE][PASSED] - Object 'Object Repository/CERTPAY_ADMIN/LOGIN_BUTTON' is clickable

2020-10-15 16:55:41 - [MESSAGE][PASSED] - Object: 'Object Repository/CERTPAY_ADMIN/LOGIN_BUTTON' is clicked on

2020-10-15 16:55:41 - [MESSAGE][PASSED] - Quicksti_Samday_FullRefunds_Admin.ts:Clicked on the LOGIN

2020-10-15 16:55:41 - [TEST_STEP][PASSED] - utilities.SafeActions.safeClick(findTestObject("CERTPAY_ADMIN/TRANSACTION_MENU"), "TransactionMenu", [pageLoadTime]): Quicksti_Samday_FullRefunds_Admin.ts:Clicked on the TransactionMenu

2020-10-15 16:55:41 - [MESSAGE][INFO] - safeClicking

2020-10-15 16:55:41 - [MESSAGE][PASSED] - Object 'Object Repository/CERTPAY_ADMIN/TRANSACTION_MENU' is present

2020-10-15 16:55:41 - [MESSAGE][PASSED] - Object 'Object Repository/CERTPAY_ADMIN/TRANSACTION_MENU' is clickable

2020-10-15 16:55:42 - [MESSAGE][PASSED] - Object: 'Object Repository/CERTPAY_ADMIN/TRANSACTION_MENU' is clicked on

2020-10-15 16:55:42 - [MESSAGE][PASSED] - Quicksti_Samday_FullRefunds_Admin.ts:Clicked on the TransactionMenu

2020-10-15 16:55:42 - [TEST_STEP][PASSED] - utilities.SafeActions.safeClick(findTestObject("CERTPAY_ADMIN/TRANSACTION_SEARCH"), "TransactionSearch", [pageLoadTime]): Quicksti_Samday_FullRefunds_Admin.ts:Clicked on the TransactionSearch

2020-10-15 16:55:42 - [MESSAGE][INFO] - safeClicking

2020-10-15 16:55:43 - [MESSAGE][PASSED] - Object 'Object Repository/CERTPAY_ADMIN/TRANSACTION_SEARCH' is present

2020-10-15 16:55:43 - [MESSAGE][PASSED] - Object 'Object Repository/CERTPAY_ADMIN/TRANSACTION_SEARCH' is clickable

2020-10-15 16:55:47 - [MESSAGE][PASSED] - Object: 'Object Repository/CERTPAY_ADMIN/TRANSACTION_SEARCH' is clicked on

2020-10-15 16:55:47 - [MESSAGE][PASSED] - Quicksti_Samday_FullRefunds_Admin.ts:Clicked on the TransactionSearch

2020-10-15 16:55:47 - [TEST_STEP][PASSED] - utilities.SafeActions.safeType(findTestObject("CERTPAY_ADMIN/PAYMENT_ID"), paymentId, "Payment id", [pageLoadTime]): Quicksti_Samday_FullRefunds_Admin.ts:Entered'100176129658 into Payment id

2020-10-15 16:55:47 - [MESSAGE][PASSED] - Object 'Object Repository/CERTPAY_ADMIN/PAYMENT_ID' is present

2020-10-15 16:55:48 - [MESSAGE][PASSED] - Object 'Object Repository/CERTPAY_ADMIN/PAYMENT_ID' is visible

2020-10-15 16:55:48 - [MESSAGE][PASSED] - Object 'Object Repository/CERTPAY_ADMIN/PAYMENT_ID' is present

2020-10-15 16:55:49 - [MESSAGE][PASSED] - Text '100176129658' is set on object 'Object Repository/CERTPAY_ADMIN/PAYMENT_ID'

2020-10-15 16:55:49 - [MESSAGE][PASSED] - Quicksti_Samday_FullRefunds_Admin.ts:Entered'100176129658 into Payment id

2020-10-15 16:55:49 - [TEST_STEP][PASSED] - utilities.SafeActions.safeClick(findTestObject("CERTPAY_ADMIN/GO_BUTTON"), "Go button", [pageLoadTime]): Quicksti_Samday_FullRefunds_Admin.ts:Clicked on the Go button

2020-10-15 16:55:49 - [MESSAGE][INFO] - safeClicking

2020-10-15 16:55:49 - [MESSAGE][PASSED] - Object 'Object Repository/CERTPAY_ADMIN/GO_BUTTON' is present

2020-10-15 16:55:50 - [MESSAGE][PASSED] - Object 'Object Repository/CERTPAY_ADMIN/GO_BUTTON' is clickable

2020-10-15 16:55:52 - [MESSAGE][PASSED] - Object: 'Object Repository/CERTPAY_ADMIN/GO_BUTTON' is clicked on

2020-10-15 16:55:52 - [MESSAGE][PASSED] - Quicksti_Samday_FullRefunds_Admin.ts:Clicked on the Go button

2020-10-15 16:55:52 - [TEST_STEP][PASSED] - delay(3): Delayed 3 second(s)

2020-10-15 16:55:55 - [MESSAGE][PASSED] - Delayed 3 second(s)

2020-10-15 16:55:55 - [TEST_STEP][PASSED] - paymentIdList.add(paymentId): null

2020-10-15 16:55:55 - [TEST_STEP][PASSED] - println(paymentIdList): null

2020-10-15 16:55:55 - [TEST_STEP][PASSED] - utilities.SafeActions.safeClick(findTestObject("CERTPAY_ADMIN/ACTIONS_BUTTON"), "Actions button", [pageLoadTime]): Quicksti_Samday_FullRefunds_Admin.ts:Clicked on the Actions button

2020-10-15 16:55:55 - [MESSAGE][INFO] - safeClicking

2020-10-15 16:55:56 - [MESSAGE][PASSED] - Object 'Object Repository/CERTPAY_ADMIN/ACTIONS_BUTTON' is present

2020-10-15 16:55:56 - [MESSAGE][PASSED] - Object 'Object Repository/CERTPAY_ADMIN/ACTIONS_BUTTON' is clickable

2020-10-15 16:55:57 - [MESSAGE][PASSED] - Object: 'Object Repository/CERTPAY_ADMIN/ACTIONS_BUTTON' is clicked on

2020-10-15 16:55:57 - [MESSAGE][PASSED] - Quicksti_Samday_FullRefunds_Admin.ts:Clicked on the Actions button

2020-10-15 16:55:57 - [TEST_STEP][PASSED] - utilities.SafeActions.safeClick(findTestObject("CERTPAY_ADMIN/REFUND_MENU"), "Refund Menu", [pageLoadTime]): Quicksti_Samday_FullRefunds_Admin.ts:Clicked on the Refund Menu

2020-10-15 16:55:57 - [MESSAGE][INFO] - safeClicking

2020-10-15 16:55:57 - [MESSAGE][PASSED] - Object 'Object Repository/CERTPAY_ADMIN/REFUND_MENU' is present

2020-10-15 16:55:58 - [MESSAGE][PASSED] - Object 'Object Repository/CERTPAY_ADMIN/REFUND_MENU' is clickable

2020-10-15 16:55:59 - [MESSAGE][PASSED] - Object: 'Object Repository/CERTPAY_ADMIN/REFUND_MENU' is clicked on

2020-10-15 16:55:59 - [MESSAGE][PASSED] - Quicksti_Samday_FullRefunds_Admin.ts:Clicked on the Refund Menu

2020-10-15 16:55:59 - [TEST_STEP][PASSED] - utilities.SafeActions.safeClick(findTestObject("CERTPAY_ADMIN/VOID_RADIO_BUTTON"), "Void", [pageLoadTime]): Quicksti_Samday_FullRefunds_Admin.ts:Clicked on the Void

2020-10-15 16:55:59 - [MESSAGE][INFO] - safeClicking

2020-10-15 16:55:59 - [MESSAGE][PASSED] - Object 'Object Repository/CERTPAY_ADMIN/VOID_RADIO_BUTTON' is present

2020-10-15 16:56:00 - [MESSAGE][PASSED] - Object 'Object Repository/CERTPAY_ADMIN/VOID_RADIO_BUTTON' is clickable

2020-10-15 16:56:01 - [MESSAGE][ERROR] - javascript error: Failed to execute 'elementsFromPoint' on 'Document': The provided double value is non-finite.
  (Session info: chrome=86.0.4240.75)
Build info: version: '3.141.59', revision: 'e82be7d358', time: '2018-11-14T08:25:53'
System info: host: 'SYS8', ip: '172.31.253.251', os.name: 'Windows 10', os.arch: 'x86', os.version: '10.0', java.version: '1.8.0_181'
Driver info: com.kms.katalon.selenium.driver.CChromeDriver
Capabilities {acceptInsecureCerts: false, browserName: chrome, browserVersion: 86.0.4240.75, chrome: {chromedriverVersion: 85.0.4183.87 (cd6713ebf92fa..., userDataDir: C:\Users\admin\AppData\Loca...}, goog:chromeOptions: {debuggerAddress: localhost:62486}, javascriptEnabled: true, networkConnectionEnabled: false, pageLoadStrategy: normal, platform: WINDOWS, platformName: WINDOWS, proxy: Proxy(), setWindowRect: true, strictFileInteractability: false, timeouts: {implicit: 0, pageLoad: 300000, script: 30000}, unhandledPromptBehavior: dismiss and notify, webauthn:virtualAuthenticators: true}
Session ID: cbebfd4c3f65d556c114b5ed988facd0

2020-10-15 16:56:31 - [MESSAGE][ERROR] - javascript error: Failed to execute 'elementsFromPoint' on 'Document': The provided double value is non-finite.
  (Session info: chrome=86.0.4240.75)
Build info: version: '3.141.59', revision: 'e82be7d358', time: '2018-11-14T08:25:53'
System info: host: 'SYS8', ip: '172.31.253.251', os.name: 'Windows 10', os.arch: 'x86', os.version: '10.0', java.version: '1.8.0_181'
Driver info: com.kms.katalon.selenium.driver.CChromeDriver
Capabilities {acceptInsecureCerts: false, browserName: chrome, browserVersion: 86.0.4240.75, chrome: {chromedriverVersion: 85.0.4183.87 (cd6713ebf92fa..., userDataDir: C:\Users\admin\AppData\Loca...}, goog:chromeOptions: {debuggerAddress: localhost:62486}, javascriptEnabled: true, networkConnectionEnabled: false, pageLoadStrategy: normal, platform: WINDOWS, platformName: WINDOWS, proxy: Proxy(), setWindowRect: true, strictFileInteractability: false, timeouts: {implicit: 0, pageLoad: 300000, script: 30000}, unhandledPromptBehavior: dismiss and notify, webauthn:virtualAuthenticators: true}
Session ID: cbebfd4c3f65d556c114b5ed988facd0

2020-10-15 16:56:31 - [MESSAGE][PASSED] - Object: 'Object Repository/CERTPAY_ADMIN/VOID_RADIO_BUTTON' is clicked on

2020-10-15 16:56:31 - [MESSAGE][PASSED] - Quicksti_Samday_FullRefunds_Admin.ts:Clicked on the Void

2020-10-15 16:56:31 - [TEST_STEP][PASSED] - utilities.SafeActions.safeClick(findTestObject("Object Repository/CERTPAY_ADMIN/PROCESS_REVERSAL"), "Process Reversal", [pageLoadTime]): Quicksti_Samday_FullRefunds_Admin.ts:Clicked on the Process Reversal

2020-10-15 16:56:31 - [MESSAGE][INFO] - safeClicking

2020-10-15 16:56:32 - [MESSAGE][PASSED] - Object 'Object Repository/CERTPAY_ADMIN/PROCESS_REVERSAL' is present

2020-10-15 16:56:32 - [MESSAGE][PASSED] - Object 'Object Repository/CERTPAY_ADMIN/PROCESS_REVERSAL' is clickable

2020-10-15 16:56:33 - [MESSAGE][ERROR] - javascript error: Failed to execute 'elementsFromPoint' on 'Document': The provided double value is non-finite.
  (Session info: chrome=86.0.4240.75)
Build info: version: '3.141.59', revision: 'e82be7d358', time: '2018-11-14T08:25:53'
System info: host: 'SYS8', ip: '172.31.253.251', os.name: 'Windows 10', os.arch: 'x86', os.version: '10.0', java.version: '1.8.0_181'
Driver info: com.kms.katalon.selenium.driver.CChromeDriver
Capabilities {acceptInsecureCerts: false, browserName: chrome, browserVersion: 86.0.4240.75, chrome: {chromedriverVersion: 85.0.4183.87 (cd6713ebf92fa..., userDataDir: C:\Users\admin\AppData\Loca...}, goog:chromeOptions: {debuggerAddress: localhost:62486}, javascriptEnabled: true, networkConnectionEnabled: false, pageLoadStrategy: normal, platform: WINDOWS, platformName: WINDOWS, proxy: Proxy(), setWindowRect: true, strictFileInteractability: false, timeouts: {implicit: 0, pageLoad: 300000, script: 30000}, unhandledPromptBehavior: dismiss and notify, webauthn:virtualAuthenticators: true}
Session ID: cbebfd4c3f65d556c114b5ed988facd0

2020-10-15 16:56:46 - [MESSAGE][PASSED] - Object: 'Object Repository/CERTPAY_ADMIN/PROCESS_REVERSAL' is clicked on

2020-10-15 16:56:46 - [MESSAGE][PASSED] - Quicksti_Samday_FullRefunds_Admin.ts:Clicked on the Process Reversal

2020-10-15 16:56:46 - [TEST_STEP][PASSED] - delay(2): Delayed 2 second(s)

2020-10-15 16:56:48 - [MESSAGE][PASSED] - Delayed 2 second(s)

2020-10-15 16:56:48 - [TEST_STEP][PASSED] - firstName = data.getValue("FirstName", index): null

2020-10-15 16:56:48 - [TEST_STEP][PASSED] - lastName = data.getValue("LastName", index): null

2020-10-15 16:56:48 - [TEST_STEP][PASSED] - expMonth = data.getValue("ExpMonth", index): null

2020-10-15 16:56:48 - [TEST_STEP][PASSED] - expYear = data.getValue("ExpYear", index): null

2020-10-15 16:56:48 - [TEST_STEP][PASSED] - securityCode = data.getValue("SecurityCode", index): null

2020-10-15 16:56:48 - [TEST_STEP][PASSED] - paymentAmount = data.getValue("PaymentAmount", index): null

2020-10-15 16:56:48 - [TEST_STEP][PASSED] - paymentType = data.getValue("PaymentType", index): null

2020-10-15 16:56:48 - [TEST_STEP][PASSED] - quantity = data.getValue("Quantity", index): null

2020-10-15 16:56:48 - [TEST_STEP][PASSED] - comments = data.getValue("Comments", index): null

2020-10-15 16:56:48 - [TEST_STEP][PASSED] - referenceNum = data.getValue("ReferenceNum", index): null

2020-10-15 16:56:48 - [TEST_STEP][PASSED] - address = data.getValue("Address", index): null

2020-10-15 16:56:48 - [TEST_STEP][PASSED] - zipCode = data.getValue("Zipcode", index): null

2020-10-15 16:56:48 - [TEST_STEP][PASSED] - telephone = data.getValue("Telephone", index): null

2020-10-15 16:56:48 - [TEST_STEP][PASSED] - emailAddress = data.getValue("EmailAddress", index): null

2020-10-15 16:56:48 - [TEST_STEP][PASSED] - cardNum = data.getValue("CardNumber", index): null

2020-10-15 16:56:48 - [TEST_STEP][PASSED] - cardType = data.getValue("CardType", index): null

2020-10-15 16:56:48 - [TEST_STEP][PASSED] - utilities.SafeActions.openBrowser(Quicksti_Url, [pageLoadTime]): Browser launched successfully

2020-10-15 16:56:48 - [MESSAGE][INFO] - Opening Browser

2020-10-15 16:56:48 - [MESSAGE][WARNING] - A browser is already opened. Closing browser and opening a new one

2020-10-15 16:56:50 - [MESSAGE][INFO] - Starting 'Chrome' driver

2020-10-15 16:57:01 - [MESSAGE][PASSED] - Browser is opened with url: 'https://qa-certpayquicksti.faps.net/'

2020-10-15 16:57:03 - [MESSAGE][PASSED] - Current window maximized

2020-10-15 16:57:03 - [MESSAGE][PASSED] - Browser launched successfully

2020-10-15 16:57:03 - [TEST_STEP][PASSED] - utilities.SafeActions.safeType(findTestObject("CERTPAY_QUICKSTI/Login_ Page/BUREAU_CODE"), bureau_code, "Bureau code", [pageLoadTime]): Quicksti_Samday_FullRefunds_Admin.ts:Entered'6100000 into Bureau code

2020-10-15 16:57:03 - [MESSAGE][PASSED] - Object 'Object Repository/CERTPAY_QUICKSTI/Login_ Page/BUREAU_CODE' is present

2020-10-15 16:57:04 - [MESSAGE][PASSED] - Object 'Object Repository/CERTPAY_QUICKSTI/Login_ Page/BUREAU_CODE' is visible

2020-10-15 16:57:04 - [MESSAGE][PASSED] - Object 'Object Repository/CERTPAY_QUICKSTI/Login_ Page/BUREAU_CODE' is present

2020-10-15 16:57:05 - [MESSAGE][PASSED] - Text '6100000' is set on object 'Object Repository/CERTPAY_QUICKSTI/Login_ Page/BUREAU_CODE'

2020-10-15 16:57:05 - [MESSAGE][PASSED] - Quicksti_Samday_FullRefunds_Admin.ts:Entered'6100000 into Bureau code

2020-10-15 16:57:05 - [TEST_STEP][PASSED] - utilities.SafeActions.safeType(findTestObject("CERTPAY_QUICKSTI/Login_ Page/TELLER_ID"), teller_id, "Bureau code", [pageLoadTime]): Quicksti_Samday_FullRefunds_Admin.ts:Entered'zenq into Bureau code

2020-10-15 16:57:05 - [MESSAGE][PASSED] - Object 'Object Repository/CERTPAY_QUICKSTI/Login_ Page/TELLER_ID' is present

2020-10-15 16:57:06 - [MESSAGE][PASSED] - Object 'Object Repository/CERTPAY_QUICKSTI/Login_ Page/TELLER_ID' is visible

2020-10-15 16:57:06 - [MESSAGE][PASSED] - Object 'Object Repository/CERTPAY_QUICKSTI/Login_ Page/TELLER_ID' is present

2020-10-15 16:57:07 - [MESSAGE][PASSED] - Text 'zenq' is set on object 'Object Repository/CERTPAY_QUICKSTI/Login_ Page/TELLER_ID'

2020-10-15 16:57:07 - [MESSAGE][PASSED] - Quicksti_Samday_FullRefunds_Admin.ts:Entered'zenq into Bureau code

2020-10-15 16:57:07 - [TEST_STEP][PASSED] - utilities.SafeActions.safeClick(findTestObject("CERTPAY_QUICKSTI/Login_ Page/NEXT_BUTTON"), "Next button", [pageLoadTime]): Quicksti_Samday_FullRefunds_Admin.ts:Clicked on the Next button

2020-10-15 16:57:07 - [MESSAGE][INFO] - safeClicking

2020-10-15 16:57:07 - [MESSAGE][PASSED] - Object 'Object Repository/CERTPAY_QUICKSTI/Login_ Page/NEXT_BUTTON' is present

2020-10-15 16:57:08 - [MESSAGE][PASSED] - Object 'Object Repository/CERTPAY_QUICKSTI/Login_ Page/NEXT_BUTTON' is clickable

2020-10-15 16:57:12 - [MESSAGE][PASSED] - Object: 'Object Repository/CERTPAY_QUICKSTI/Login_ Page/NEXT_BUTTON' is clicked on

2020-10-15 16:57:12 - [MESSAGE][PASSED] - Quicksti_Samday_FullRefunds_Admin.ts:Clicked on the Next button

2020-10-15 16:57:12 - [TEST_STEP][PASSED] - utilities.SafeActions.safeClick(findTestObject("CERTPAY_QUICKSTI/Payment_Information_Page/MANUAL_ENTRY_BUTTON"), "ManualEntry", [pageLoadTime]): Quicksti_Samday_FullRefunds_Admin.ts:Clicked on the ManualEntry

2020-10-15 16:57:12 - [MESSAGE][INFO] - safeClicking

2020-10-15 16:57:12 - [MESSAGE][PASSED] - Object 'Object Repository/CERTPAY_QUICKSTI/Payment_Information_Page/MANUAL_ENTRY_BUTTON' is present

2020-10-15 16:57:12 - [MESSAGE][PASSED] - Object 'Object Repository/CERTPAY_QUICKSTI/Payment_Information_Page/MANUAL_ENTRY_BUTTON' is clickable

2020-10-15 16:57:14 - [MESSAGE][PASSED] - Object: 'Object Repository/CERTPAY_QUICKSTI/Payment_Information_Page/MANUAL_ENTRY_BUTTON' is clicked on

2020-10-15 16:57:14 - [MESSAGE][PASSED] - Quicksti_Samday_FullRefunds_Admin.ts:Clicked on the ManualEntry

2020-10-15 16:57:14 - [TEST_STEP][PASSED] - CardNumber = pages.Quicksti.setUserPaymentDetails(firstName, lastName, cardNum): Quicksti_Samday_FullRefunds_Admin.ts:Entered'5154623208647646 into CardNum

2020-10-15 16:57:15 - [MESSAGE][PASSED] - Object 'Object Repository/CERTPAY_QUICKSTI/Payment_Information_Page/FIRST_NAME' is present

2020-10-15 16:57:15 - [MESSAGE][PASSED] - Object 'Object Repository/CERTPAY_QUICKSTI/Payment_Information_Page/FIRST_NAME' is visible

2020-10-15 16:57:15 - [MESSAGE][PASSED] - Object 'Object Repository/CERTPAY_QUICKSTI/Payment_Information_Page/FIRST_NAME' is present

2020-10-15 16:57:17 - [MESSAGE][PASSED] - Text 'Tester' is set on object 'Object Repository/CERTPAY_QUICKSTI/Payment_Information_Page/FIRST_NAME'

2020-10-15 16:57:17 - [MESSAGE][PASSED] - Quicksti_Samday_FullRefunds_Admin.ts:Entered'Tester into FirstName

2020-10-15 16:57:17 - [MESSAGE][PASSED] - Object 'Object Repository/CERTPAY_QUICKSTI/Payment_Information_Page/LAST_NAME' is present

2020-10-15 16:57:17 - [MESSAGE][PASSED] - Object 'Object Repository/CERTPAY_QUICKSTI/Payment_Information_Page/LAST_NAME' is visible

2020-10-15 16:57:18 - [MESSAGE][PASSED] - Object 'Object Repository/CERTPAY_QUICKSTI/Payment_Information_Page/LAST_NAME' is present

2020-10-15 16:57:19 - [MESSAGE][PASSED] - Text 'Zenq1' is set on object 'Object Repository/CERTPAY_QUICKSTI/Payment_Information_Page/LAST_NAME'

2020-10-15 16:57:19 - [MESSAGE][PASSED] - Quicksti_Samday_FullRefunds_Admin.ts:Entered'Zenq1 into LAstName

2020-10-15 16:57:19 - [MESSAGE][PASSED] - Object 'Object Repository/CERTPAY_QUICKSTI/Payment_Information_Page/CARD_NUMBER' is present

2020-10-15 16:57:19 - [MESSAGE][PASSED] - Object 'Object Repository/CERTPAY_QUICKSTI/Payment_Information_Page/CARD_NUMBER' is visible

2020-10-15 16:57:20 - [MESSAGE][PASSED] - Object 'Object Repository/CERTPAY_QUICKSTI/Payment_Information_Page/CARD_NUMBER' is present

2020-10-15 16:57:21 - [MESSAGE][PASSED] - Text '5154623208647646' is set on object 'Object Repository/CERTPAY_QUICKSTI/Payment_Information_Page/CARD_NUMBER'

2020-10-15 16:57:21 - [MESSAGE][PASSED] - Quicksti_Samday_FullRefunds_Admin.ts:Entered'5154623208647646 into CardNum

2020-10-15 16:57:21 - [TEST_STEP][PASSED] - utilities.SafeActions.safeSelectOptionInDropdownByVisibleText(findTestObject("CERTPAY_QUICKSTI/Payment_Information_Page/PAYMENT_TYPE"), paymentType, "paymentType", [pageLoadTime]): selected dropdown option by visible text  Giftsfrom paymentType

2020-10-15 16:57:21 - [MESSAGE][PASSED] - Object 'Object Repository/CERTPAY_QUICKSTI/Payment_Information_Page/PAYMENT_TYPE' is visible

2020-10-15 16:57:22 - [MESSAGE][PASSED] - Object 'Object Repository/CERTPAY_QUICKSTI/Payment_Information_Page/PAYMENT_TYPE' is present

2020-10-15 16:57:23 - [MESSAGE][PASSED] - Object: 'Object Repository/CERTPAY_QUICKSTI/Payment_Information_Page/PAYMENT_TYPE' is clicked on

2020-10-15 16:57:24 - [MESSAGE][PASSED] - All options with label 'Gifts' are selected in object 'Object Repository/CERTPAY_QUICKSTI/Payment_Information_Page/PAYMENT_TYPE'  using regular expression

2020-10-15 16:57:24 - [MESSAGE][PASSED] - selected dropdown option by visible text  Giftsfrom paymentType

2020-10-15 16:57:24 - [TEST_STEP][PASSED] - pages.Quicksti.setExpDate(expMonth, expYear, securityCode): Quicksti_Samday_FullRefunds_Admin.ts:Entered'207 into securityCode

2020-10-15 16:57:24 - [MESSAGE][PASSED] - Object 'Object Repository/CERTPAY_QUICKSTI/Payment_Information_Page/EXP_MONTH' is visible

2020-10-15 16:57:24 - [MESSAGE][PASSED] - Object 'Object Repository/CERTPAY_QUICKSTI/Payment_Information_Page/EXP_MONTH' is present

2020-10-15 16:57:26 - [MESSAGE][PASSED] - Object: 'Object Repository/CERTPAY_QUICKSTI/Payment_Information_Page/EXP_MONTH' is clicked on

2020-10-15 16:57:27 - [MESSAGE][PASSED] - All options with label '04' are selected in object 'Object Repository/CERTPAY_QUICKSTI/Payment_Information_Page/EXP_MONTH'  using regular expression

2020-10-15 16:57:27 - [MESSAGE][PASSED] - selected dropdown option by visible text  04from expMonth

2020-10-15 16:57:27 - [MESSAGE][PASSED] - Object 'Object Repository/CERTPAY_QUICKSTI/Payment_Information_Page/EXP_YEAR' is visible

2020-10-15 16:57:27 - [MESSAGE][PASSED] - Object 'Object Repository/CERTPAY_QUICKSTI/Payment_Information_Page/EXP_YEAR' is present

2020-10-15 16:57:29 - [MESSAGE][PASSED] - Object: 'Object Repository/CERTPAY_QUICKSTI/Payment_Information_Page/EXP_YEAR' is clicked on

2020-10-15 16:57:30 - [MESSAGE][PASSED] - All options with label '2023' are selected in object 'Object Repository/CERTPAY_QUICKSTI/Payment_Information_Page/EXP_YEAR'  using regular expression

2020-10-15 16:57:30 - [MESSAGE][PASSED] - selected dropdown option by visible text  2023from  expYear

2020-10-15 16:57:30 - [MESSAGE][PASSED] - Object 'Object Repository/CERTPAY_QUICKSTI/Payment_Information_Page/SECURITY_CODE' is present

2020-10-15 16:57:31 - [MESSAGE][PASSED] - Object 'Object Repository/CERTPAY_QUICKSTI/Payment_Information_Page/SECURITY_CODE' is visible

2020-10-15 16:57:31 - [MESSAGE][PASSED] - Object 'Object Repository/CERTPAY_QUICKSTI/Payment_Information_Page/SECURITY_CODE' is present

2020-10-15 16:57:32 - [MESSAGE][PASSED] - Text '207' is set on object 'Object Repository/CERTPAY_QUICKSTI/Payment_Information_Page/SECURITY_CODE'

2020-10-15 16:57:32 - [MESSAGE][PASSED] - Quicksti_Samday_FullRefunds_Admin.ts:Entered'207 into securityCode

2020-10-15 16:57:32 - [TEST_STEP][PASSED] - pages.Quicksti.setPaymentAmountDetailsForSinglePayment(paymentAmount, quantity): Quicksti_Samday_FullRefunds_Admin.ts:Entered'2 into Quantity

2020-10-15 16:57:32 - [MESSAGE][PASSED] - Object 'Object Repository/CERTPAY_QUICKSTI/Payment_Information_Page/PAYMENT_AMOUNT' is present

2020-10-15 16:57:33 - [MESSAGE][PASSED] - Object 'Object Repository/CERTPAY_QUICKSTI/Payment_Information_Page/PAYMENT_AMOUNT' is visible

2020-10-15 16:57:33 - [MESSAGE][PASSED] - Object 'Object Repository/CERTPAY_QUICKSTI/Payment_Information_Page/PAYMENT_AMOUNT' is present

2020-10-15 16:57:34 - [MESSAGE][PASSED] - Text '25.00' is set on object 'Object Repository/CERTPAY_QUICKSTI/Payment_Information_Page/PAYMENT_AMOUNT'

2020-10-15 16:57:34 - [MESSAGE][PASSED] - Quicksti_Samday_FullRefunds_Admin.ts:Entered'25.00 into amount

2020-10-15 16:57:35 - [MESSAGE][PASSED] - Object 'Object Repository/CERTPAY_QUICKSTI/Payment_Information_Page/QUANTITY' is present

2020-10-15 16:57:35 - [MESSAGE][PASSED] - Object 'Object Repository/CERTPAY_QUICKSTI/Payment_Information_Page/QUANTITY' is visible

2020-10-15 16:57:35 - [MESSAGE][PASSED] - Object 'Object Repository/CERTPAY_QUICKSTI/Payment_Information_Page/QUANTITY' is present

2020-10-15 16:57:36 - [MESSAGE][PASSED] - Text '2' is set on object 'Object Repository/CERTPAY_QUICKSTI/Payment_Information_Page/QUANTITY'

2020-10-15 16:57:36 - [MESSAGE][PASSED] - Quicksti_Samday_FullRefunds_Admin.ts:Entered'2 into Quantity

2020-10-15 16:57:36 - [TEST_STEP][PASSED] - utilities.SafeActions.safeType(findTestObject("CERTPAY_QUICKSTI/Payment_Information_Page/REFRENCE_NUMBER"), referenceNum, "Reference Number", [pageLoadTime]): Quicksti_Samday_FullRefunds_Admin.ts:Entered'12 into Reference Number

2020-10-15 16:57:37 - [MESSAGE][PASSED] - Object 'Object Repository/CERTPAY_QUICKSTI/Payment_Information_Page/REFRENCE_NUMBER' is present

2020-10-15 16:57:37 - [MESSAGE][PASSED] - Object 'Object Repository/CERTPAY_QUICKSTI/Payment_Information_Page/REFRENCE_NUMBER' is visible

2020-10-15 16:57:37 - [MESSAGE][PASSED] - Object 'Object Repository/CERTPAY_QUICKSTI/Payment_Information_Page/REFRENCE_NUMBER' is present

2020-10-15 16:57:39 - [MESSAGE][PASSED] - Text '12' is set on object 'Object Repository/CERTPAY_QUICKSTI/Payment_Information_Page/REFRENCE_NUMBER'

2020-10-15 16:57:39 - [MESSAGE][PASSED] - Quicksti_Samday_FullRefunds_Admin.ts:Entered'12 into Reference Number

2020-10-15 16:57:39 - [TEST_STEP][PASSED] - amount_Value = pages.Quicksti.getAttributeValue(findTestObject("CERTPAY_QUICKSTI/Payment_Information_Page/SUB_TOTAL")): pages.Quicksti.getAttributeValue is PASSED

2020-10-15 16:57:39 - [MESSAGE][PASSED] - Attribute 'value' of object 'Object Repository/CERTPAY_QUICKSTI/Payment_Information_Page/SUB_TOTAL' is: '50.00'

2020-10-15 16:57:39 - [MESSAGE][PASSED] - pages.Quicksti.getAttributeValue is PASSED

2020-10-15 16:57:39 - [TEST_STEP][PASSED] - utilities.SafeActions.safeType(findTestObject("CERTPAY_QUICKSTI/Payment_Information_Page/COMMENTS"), "Testing", "Comments", [pageLoadTime]): Quicksti_Samday_FullRefunds_Admin.ts:Entered'Testing into Comments

2020-10-15 16:57:40 - [MESSAGE][PASSED] - Object 'Object Repository/CERTPAY_QUICKSTI/Payment_Information_Page/COMMENTS' is present

2020-10-15 16:57:40 - [MESSAGE][PASSED] - Object 'Object Repository/CERTPAY_QUICKSTI/Payment_Information_Page/COMMENTS' is visible

2020-10-15 16:57:40 - [MESSAGE][PASSED] - Object 'Object Repository/CERTPAY_QUICKSTI/Payment_Information_Page/COMMENTS' is present

2020-10-15 16:57:42 - [MESSAGE][PASSED] - Text 'Testing' is set on object 'Object Repository/CERTPAY_QUICKSTI/Payment_Information_Page/COMMENTS'

2020-10-15 16:57:42 - [MESSAGE][PASSED] - Quicksti_Samday_FullRefunds_Admin.ts:Entered'Testing into Comments

2020-10-15 16:57:42 - [TEST_STEP][PASSED] - utilities.SafeActions.safeType(findTestObject("CERTPAY_QUICKSTI/Payment_Information_Page/ADDRESS"), address, "Address", [pageLoadTime]): Quicksti_Samday_FullRefunds_Admin.ts:Entered'14-2 into Address

2020-10-15 16:57:42 - [MESSAGE][PASSED] - Object 'Object Repository/CERTPAY_QUICKSTI/Payment_Information_Page/ADDRESS' is present

2020-10-15 16:57:42 - [MESSAGE][PASSED] - Object 'Object Repository/CERTPAY_QUICKSTI/Payment_Information_Page/ADDRESS' is visible

2020-10-15 16:57:42 - [MESSAGE][PASSED] - Object 'Object Repository/CERTPAY_QUICKSTI/Payment_Information_Page/ADDRESS' is present

2020-10-15 16:57:44 - [MESSAGE][PASSED] - Text '14-2' is set on object 'Object Repository/CERTPAY_QUICKSTI/Payment_Information_Page/ADDRESS'

2020-10-15 16:57:44 - [MESSAGE][PASSED] - Quicksti_Samday_FullRefunds_Admin.ts:Entered'14-2 into Address

2020-10-15 16:57:44 - [TEST_STEP][PASSED] - utilities.SafeActions.safeType(findTestObject("CERTPAY_QUICKSTI/Payment_Information_Page/ZIP_CODE"), zipCode, "zipcode", [pageLoadTime]): Quicksti_Samday_FullRefunds_Admin.ts:Entered'76102 into zipcode

2020-10-15 16:57:44 - [MESSAGE][PASSED] - Object 'Object Repository/CERTPAY_QUICKSTI/Payment_Information_Page/ZIP_CODE' is present

2020-10-15 16:57:44 - [MESSAGE][PASSED] - Object 'Object Repository/CERTPAY_QUICKSTI/Payment_Information_Page/ZIP_CODE' is visible

2020-10-15 16:57:45 - [MESSAGE][PASSED] - Object 'Object Repository/CERTPAY_QUICKSTI/Payment_Information_Page/ZIP_CODE' is present

2020-10-15 16:57:46 - [MESSAGE][PASSED] - Text '76102' is set on object 'Object Repository/CERTPAY_QUICKSTI/Payment_Information_Page/ZIP_CODE'

2020-10-15 16:57:46 - [MESSAGE][PASSED] - Quicksti_Samday_FullRefunds_Admin.ts:Entered'76102 into zipcode

2020-10-15 16:57:46 - [TEST_STEP][PASSED] - utilities.SafeActions.safeType(findTestObject("CERTPAY_QUICKSTI/Payment_Information_Page/TELEPHONE"), telephone, "Telephone", [pageLoadTime]): Quicksti_Samday_FullRefunds_Admin.ts:Entered'9989897654 into Telephone

2020-10-15 16:57:46 - [MESSAGE][PASSED] - Object 'Object Repository/CERTPAY_QUICKSTI/Payment_Information_Page/TELEPHONE' is present

2020-10-15 16:57:46 - [MESSAGE][PASSED] - Object 'Object Repository/CERTPAY_QUICKSTI/Payment_Information_Page/TELEPHONE' is visible

2020-10-15 16:57:47 - [MESSAGE][PASSED] - Object 'Object Repository/CERTPAY_QUICKSTI/Payment_Information_Page/TELEPHONE' is present

2020-10-15 16:57:48 - [MESSAGE][PASSED] - Text '9989897654' is set on object 'Object Repository/CERTPAY_QUICKSTI/Payment_Information_Page/TELEPHONE'

2020-10-15 16:57:48 - [MESSAGE][PASSED] - Quicksti_Samday_FullRefunds_Admin.ts:Entered'9989897654 into Telephone

2020-10-15 16:57:48 - [TEST_STEP][PASSED] - utilities.SafeActions.safeType(findTestObject("CERTPAY_QUICKSTI/Payment_Information_Page/EMAIL_ADDRESS"), emailAddress, "EMAIL address", [pageLoadTime]): Quicksti_Samday_FullRefunds_Admin.ts:Entered'testing@zenq.com into EMAIL address

2020-10-15 16:57:48 - [MESSAGE][PASSED] - Object 'Object Repository/CERTPAY_QUICKSTI/Payment_Information_Page/EMAIL_ADDRESS' is present

2020-10-15 16:57:48 - [MESSAGE][PASSED] - Object 'Object Repository/CERTPAY_QUICKSTI/Payment_Information_Page/EMAIL_ADDRESS' is visible

2020-10-15 16:57:49 - [MESSAGE][PASSED] - Object 'Object Repository/CERTPAY_QUICKSTI/Payment_Information_Page/EMAIL_ADDRESS' is present

2020-10-15 16:57:50 - [MESSAGE][PASSED] - Text 'testing@zenq.com' is set on object 'Object Repository/CERTPAY_QUICKSTI/Payment_Information_Page/EMAIL_ADDRESS'

2020-10-15 16:57:50 - [MESSAGE][PASSED] - Quicksti_Samday_FullRefunds_Admin.ts:Entered'testing@zenq.com into EMAIL address

2020-10-15 16:57:50 - [TEST_STEP][PASSED] - utilities.SafeActions.safeClick(findTestObject("CERTPAY_QUICKSTI/Payment_Information_Page/NEXT_BUTTON"), "Next", [pageLoadTime]): Quicksti_Samday_FullRefunds_Admin.ts:Clicked on the Next

2020-10-15 16:57:50 - [MESSAGE][INFO] - safeClicking

2020-10-15 16:57:50 - [MESSAGE][PASSED] - Object 'Object Repository/CERTPAY_QUICKSTI/Payment_Information_Page/NEXT_BUTTON' is present

2020-10-15 16:57:51 - [MESSAGE][PASSED] - Object 'Object Repository/CERTPAY_QUICKSTI/Payment_Information_Page/NEXT_BUTTON' is clickable

2020-10-15 16:57:54 - [MESSAGE][PASSED] - Object: 'Object Repository/CERTPAY_QUICKSTI/Payment_Information_Page/NEXT_BUTTON' is clicked on

2020-10-15 16:57:54 - [MESSAGE][PASSED] - Quicksti_Samday_FullRefunds_Admin.ts:Clicked on the Next

2020-10-15 16:57:54 - [TEST_STEP][PASSED] - pages.Quicksti.verifyUserPaymentDetails(paymentAmount, firstName, lastName, CardNumber): pages.Quicksti.verifyUserPaymentDetails is PASSED

2020-10-15 16:57:54 - [MESSAGE][PASSED] - Text of object 'Object Repository/CERTPAY_QUICKSTI/Payment_Details_Verification_Page/AMOUNT' is: '$25.00'

2020-10-15 16:57:54 - [MESSAGE][PASSED] - Actual text '25.00' and expected text '25.00' are matched  using regular expression

2020-10-15 16:57:54 - [MESSAGE][PASSED] - Text of object 'Object Repository/CERTPAY_QUICKSTI/Payment_Details_Verification_Page/NAME' is: 'Tester Zenq1'

2020-10-15 16:57:55 - [MESSAGE][PASSED] - Actual text 'Tester Zenq1' and expected text 'Tester Zenq1' are matched  using regular expression

2020-10-15 16:57:55 - [MESSAGE][PASSED] - Text of object 'Object Repository/CERTPAY_QUICKSTI/Payment_Details_Verification_Page/CARD_NUMBER' is: '...7646'

2020-10-15 16:57:55 - [MESSAGE][PASSED] - Actual text '7646' and expected text '7646' are matched  using regular expression

2020-10-15 16:57:55 - [MESSAGE][PASSED] - pages.Quicksti.verifyUserPaymentDetails is PASSED

2020-10-15 16:57:55 - [TEST_STEP][PASSED] - delay(2): Delayed 2 second(s)

2020-10-15 16:57:57 - [MESSAGE][PASSED] - Delayed 2 second(s)

2020-10-15 16:57:57 - [TEST_STEP][PASSED] - scrollToElement(findTestObject("CERTPAY_QUICKSTI/Payment_Details_Verification_Page/PROCESS"), 30): Scroll to object 'Object Repository/CERTPAY_QUICKSTI/Payment_Details_Verification_Page/PROCESS' successfully

2020-10-15 16:57:57 - [MESSAGE][PASSED] - Scroll to object 'Object Repository/CERTPAY_QUICKSTI/Payment_Details_Verification_Page/PROCESS' successfully

2020-10-15 16:57:57 - [TEST_STEP][PASSED] - utilities.SafeActions.safeClick(findTestObject("CERTPAY_QUICKSTI/Payment_Details_Verification_Page/PROCESS"), "Process", [pageLoadTime]): Quicksti_Samday_FullRefunds_Admin.ts:Clicked on the Process

2020-10-15 16:57:57 - [MESSAGE][INFO] - safeClicking

2020-10-15 16:57:58 - [MESSAGE][PASSED] - Object 'Object Repository/CERTPAY_QUICKSTI/Payment_Details_Verification_Page/PROCESS' is present

2020-10-15 16:57:58 - [MESSAGE][PASSED] - Object 'Object Repository/CERTPAY_QUICKSTI/Payment_Details_Verification_Page/PROCESS' is clickable

2020-10-15 16:58:01 - [MESSAGE][PASSED] - Object: 'Object Repository/CERTPAY_QUICKSTI/Payment_Details_Verification_Page/PROCESS' is clicked on

2020-10-15 16:58:01 - [MESSAGE][PASSED] - Quicksti_Samday_FullRefunds_Admin.ts:Clicked on the Process

2020-10-15 16:58:01 - [TEST_STEP][PASSED] - paymentId = pages.Quicksti.verifyPaymentApproval(findTestObject("CERTPAY_QUICKSTI/Payment_Details_Verification_Page/APPROVED")): Payment is approved

2020-10-15 16:58:02 - [MESSAGE][PASSED] - Text of object 'Object Repository/CERTPAY_QUICKSTI/Payment_Details_Verification_Page/PAYMENT_ID' is: '100176129674'

2020-10-15 16:58:02 - [MESSAGE][PASSED] - Object 'Object Repository/CERTPAY_QUICKSTI/Payment_Details_Verification_Page/APPROVED' is present

2020-10-15 16:58:02 - [MESSAGE][PASSED] - Payment is approved

2020-10-15 16:58:04 - [TEST_STEP][PASSED] - navigateToUrl(Admin_url): Navigate to 'https://qa-certpayadmin.faps.net' successfully

2020-10-15 16:58:10 - [MESSAGE][PASSED] - Navigate to 'https://qa-certpayadmin.faps.net' successfully

2020-10-15 16:58:10 - [TEST_STEP][PASSED] - pages.Bureau_Login_Page.loginToAdminSite(AdminUsername, AdminPassword): Quicksti_Samday_FullRefunds_Admin.ts:Clicked on the LOGIN

2020-10-15 16:58:10 - [MESSAGE][PASSED] - Object 'Object Repository/CERTPAY_ADMIN/USER_NAME' is present

2020-10-15 16:58:11 - [MESSAGE][PASSED] - Object 'Object Repository/CERTPAY_ADMIN/USER_NAME' is visible

2020-10-15 16:58:11 - [MESSAGE][PASSED] - Object 'Object Repository/CERTPAY_ADMIN/USER_NAME' is present

2020-10-15 16:58:12 - [MESSAGE][PASSED] - Text 'VVangiliappan' is set on object 'Object Repository/CERTPAY_ADMIN/USER_NAME'

2020-10-15 16:58:12 - [MESSAGE][PASSED] - Quicksti_Samday_FullRefunds_Admin.ts:Entered'VVangiliappan into username

2020-10-15 16:58:12 - [MESSAGE][PASSED] - Object 'Object Repository/CERTPAY_ADMIN/PASSWORD' is present

2020-10-15 16:58:13 - [MESSAGE][PASSED] - Object 'Object Repository/CERTPAY_ADMIN/PASSWORD' is visible

2020-10-15 16:58:13 - [MESSAGE][PASSED] - Object 'Object Repository/CERTPAY_ADMIN/PASSWORD' is present

2020-10-15 16:58:14 - [MESSAGE][PASSED] - Text 'Test@123' is set on object 'Object Repository/CERTPAY_ADMIN/PASSWORD'

2020-10-15 16:58:14 - [MESSAGE][PASSED] - Quicksti_Samday_FullRefunds_Admin.ts:Entered'Test@123 into password

2020-10-15 16:58:14 - [MESSAGE][INFO] - safeClicking

2020-10-15 16:58:15 - [MESSAGE][PASSED] - Object 'Object Repository/CERTPAY_ADMIN/LOGIN_BUTTON' is present

2020-10-15 16:58:15 - [MESSAGE][PASSED] - Object 'Object Repository/CERTPAY_ADMIN/LOGIN_BUTTON' is clickable

2020-10-15 16:58:23 - [MESSAGE][PASSED] - Object: 'Object Repository/CERTPAY_ADMIN/LOGIN_BUTTON' is clicked on

2020-10-15 16:58:23 - [MESSAGE][PASSED] - Quicksti_Samday_FullRefunds_Admin.ts:Clicked on the LOGIN

2020-10-15 16:58:23 - [TEST_STEP][PASSED] - utilities.SafeActions.safeClick(findTestObject("CERTPAY_ADMIN/TRANSACTION_MENU"), "TransactionMenu", [pageLoadTime]): Quicksti_Samday_FullRefunds_Admin.ts:Clicked on the TransactionMenu

2020-10-15 16:58:23 - [MESSAGE][INFO] - safeClicking

2020-10-15 16:58:23 - [MESSAGE][PASSED] - Object 'Object Repository/CERTPAY_ADMIN/TRANSACTION_MENU' is present

2020-10-15 16:58:23 - [MESSAGE][PASSED] - Object 'Object Repository/CERTPAY_ADMIN/TRANSACTION_MENU' is clickable

2020-10-15 16:58:24 - [MESSAGE][PASSED] - Object: 'Object Repository/CERTPAY_ADMIN/TRANSACTION_MENU' is clicked on

2020-10-15 16:58:24 - [MESSAGE][PASSED] - Quicksti_Samday_FullRefunds_Admin.ts:Clicked on the TransactionMenu

2020-10-15 16:58:25 - [TEST_STEP][PASSED] - utilities.SafeActions.safeClick(findTestObject("CERTPAY_ADMIN/TRANSACTION_SEARCH"), "TransactionSearch", [pageLoadTime]): Quicksti_Samday_FullRefunds_Admin.ts:Clicked on the TransactionSearch

2020-10-15 16:58:25 - [MESSAGE][INFO] - safeClicking

2020-10-15 16:58:25 - [MESSAGE][PASSED] - Object 'Object Repository/CERTPAY_ADMIN/TRANSACTION_SEARCH' is present

2020-10-15 16:58:25 - [MESSAGE][PASSED] - Object 'Object Repository/CERTPAY_ADMIN/TRANSACTION_SEARCH' is clickable

2020-10-15 16:58:29 - [MESSAGE][PASSED] - Object: 'Object Repository/CERTPAY_ADMIN/TRANSACTION_SEARCH' is clicked on

2020-10-15 16:58:29 - [MESSAGE][PASSED] - Quicksti_Samday_FullRefunds_Admin.ts:Clicked on the TransactionSearch

2020-10-15 16:58:29 - [TEST_STEP][PASSED] - utilities.SafeActions.safeType(findTestObject("CERTPAY_ADMIN/PAYMENT_ID"), paymentId, "Payment id", [pageLoadTime]): Quicksti_Samday_FullRefunds_Admin.ts:Entered'100176129674 into Payment id

2020-10-15 16:58:30 - [MESSAGE][PASSED] - Object 'Object Repository/CERTPAY_ADMIN/PAYMENT_ID' is present

2020-10-15 16:58:30 - [MESSAGE][PASSED] - Object 'Object Repository/CERTPAY_ADMIN/PAYMENT_ID' is visible

2020-10-15 16:58:30 - [MESSAGE][PASSED] - Object 'Object Repository/CERTPAY_ADMIN/PAYMENT_ID' is present

2020-10-15 16:58:31 - [MESSAGE][PASSED] - Text '100176129674' is set on object 'Object Repository/CERTPAY_ADMIN/PAYMENT_ID'

2020-10-15 16:58:31 - [MESSAGE][PASSED] - Quicksti_Samday_FullRefunds_Admin.ts:Entered'100176129674 into Payment id

2020-10-15 16:58:31 - [TEST_STEP][PASSED] - utilities.SafeActions.safeClick(findTestObject("CERTPAY_ADMIN/GO_BUTTON"), "Go button", [pageLoadTime]): Quicksti_Samday_FullRefunds_Admin.ts:Clicked on the Go button

2020-10-15 16:58:31 - [MESSAGE][INFO] - safeClicking

2020-10-15 16:58:32 - [MESSAGE][PASSED] - Object 'Object Repository/CERTPAY_ADMIN/GO_BUTTON' is present

2020-10-15 16:58:32 - [MESSAGE][PASSED] - Object 'Object Repository/CERTPAY_ADMIN/GO_BUTTON' is clickable

2020-10-15 16:58:36 - [MESSAGE][PASSED] - Object: 'Object Repository/CERTPAY_ADMIN/GO_BUTTON' is clicked on

2020-10-15 16:58:36 - [MESSAGE][PASSED] - Quicksti_Samday_FullRefunds_Admin.ts:Clicked on the Go button

2020-10-15 16:58:36 - [TEST_STEP][PASSED] - delay(3): Delayed 3 second(s)

2020-10-15 16:58:39 - [MESSAGE][PASSED] - Delayed 3 second(s)

2020-10-15 16:58:39 - [TEST_STEP][PASSED] - paymentIdList.add(paymentId): null

2020-10-15 16:58:39 - [TEST_STEP][PASSED] - println(paymentIdList): null

2020-10-15 16:58:39 - [TEST_STEP][PASSED] - utilities.SafeActions.safeClick(findTestObject("CERTPAY_ADMIN/ACTIONS_BUTTON"), "Actions button", [pageLoadTime]): Quicksti_Samday_FullRefunds_Admin.ts:Clicked on the Actions button

2020-10-15 16:58:39 - [MESSAGE][INFO] - safeClicking

2020-10-15 16:58:39 - [MESSAGE][PASSED] - Object 'Object Repository/CERTPAY_ADMIN/ACTIONS_BUTTON' is present

2020-10-15 16:58:39 - [MESSAGE][PASSED] - Object 'Object Repository/CERTPAY_ADMIN/ACTIONS_BUTTON' is clickable

2020-10-15 16:58:41 - [MESSAGE][PASSED] - Object: 'Object Repository/CERTPAY_ADMIN/ACTIONS_BUTTON' is clicked on

2020-10-15 16:58:41 - [MESSAGE][PASSED] - Quicksti_Samday_FullRefunds_Admin.ts:Clicked on the Actions button

2020-10-15 16:58:41 - [TEST_STEP][PASSED] - utilities.SafeActions.safeClick(findTestObject("CERTPAY_ADMIN/REFUND_MENU"), "Refund Menu", [pageLoadTime]): Quicksti_Samday_FullRefunds_Admin.ts:Clicked on the Refund Menu

2020-10-15 16:58:41 - [MESSAGE][INFO] - safeClicking

2020-10-15 16:58:41 - [MESSAGE][PASSED] - Object 'Object Repository/CERTPAY_ADMIN/REFUND_MENU' is present

2020-10-15 16:58:41 - [MESSAGE][PASSED] - Object 'Object Repository/CERTPAY_ADMIN/REFUND_MENU' is clickable

2020-10-15 16:58:42 - [MESSAGE][PASSED] - Object: 'Object Repository/CERTPAY_ADMIN/REFUND_MENU' is clicked on

2020-10-15 16:58:42 - [MESSAGE][PASSED] - Quicksti_Samday_FullRefunds_Admin.ts:Clicked on the Refund Menu

2020-10-15 16:58:42 - [TEST_STEP][PASSED] - utilities.SafeActions.safeClick(findTestObject("CERTPAY_ADMIN/VOID_RADIO_BUTTON"), "Void", [pageLoadTime]): Quicksti_Samday_FullRefunds_Admin.ts:Clicked on the Void

2020-10-15 16:58:43 - [MESSAGE][INFO] - safeClicking

2020-10-15 16:58:43 - [MESSAGE][PASSED] - Object 'Object Repository/CERTPAY_ADMIN/VOID_RADIO_BUTTON' is present

2020-10-15 16:58:43 - [MESSAGE][PASSED] - Object 'Object Repository/CERTPAY_ADMIN/VOID_RADIO_BUTTON' is clickable

2020-10-15 16:58:44 - [MESSAGE][ERROR] - javascript error: Failed to execute 'elementsFromPoint' on 'Document': The provided double value is non-finite.
  (Session info: chrome=86.0.4240.75)
Build info: version: '3.141.59', revision: 'e82be7d358', time: '2018-11-14T08:25:53'
System info: host: 'SYS8', ip: '172.31.253.251', os.name: 'Windows 10', os.arch: 'x86', os.version: '10.0', java.version: '1.8.0_181'
Driver info: com.kms.katalon.selenium.driver.CChromeDriver
Capabilities {acceptInsecureCerts: false, browserName: chrome, browserVersion: 86.0.4240.75, chrome: {chromedriverVersion: 85.0.4183.87 (cd6713ebf92fa..., userDataDir: C:\Users\admin\AppData\Loca...}, goog:chromeOptions: {debuggerAddress: localhost:64004}, javascriptEnabled: true, networkConnectionEnabled: false, pageLoadStrategy: normal, platform: WINDOWS, platformName: WINDOWS, proxy: Proxy(), setWindowRect: true, strictFileInteractability: false, timeouts: {implicit: 0, pageLoad: 300000, script: 30000}, unhandledPromptBehavior: dismiss and notify, webauthn:virtualAuthenticators: true}
Session ID: 6f5c98928f0cdf982f3f30592746c50a

2020-10-15 16:59:15 - [MESSAGE][ERROR] - javascript error: Failed to execute 'elementsFromPoint' on 'Document': The provided double value is non-finite.
  (Session info: chrome=86.0.4240.75)
Build info: version: '3.141.59', revision: 'e82be7d358', time: '2018-11-14T08:25:53'
System info: host: 'SYS8', ip: '172.31.253.251', os.name: 'Windows 10', os.arch: 'x86', os.version: '10.0', java.version: '1.8.0_181'
Driver info: com.kms.katalon.selenium.driver.CChromeDriver
Capabilities {acceptInsecureCerts: false, browserName: chrome, browserVersion: 86.0.4240.75, chrome: {chromedriverVersion: 85.0.4183.87 (cd6713ebf92fa..., userDataDir: C:\Users\admin\AppData\Loca...}, goog:chromeOptions: {debuggerAddress: localhost:64004}, javascriptEnabled: true, networkConnectionEnabled: false, pageLoadStrategy: normal, platform: WINDOWS, platformName: WINDOWS, proxy: Proxy(), setWindowRect: true, strictFileInteractability: false, timeouts: {implicit: 0, pageLoad: 300000, script: 30000}, unhandledPromptBehavior: dismiss and notify, webauthn:virtualAuthenticators: true}
Session ID: 6f5c98928f0cdf982f3f30592746c50a

2020-10-15 16:59:15 - [MESSAGE][PASSED] - Object: 'Object Repository/CERTPAY_ADMIN/VOID_RADIO_BUTTON' is clicked on

2020-10-15 16:59:15 - [MESSAGE][PASSED] - Quicksti_Samday_FullRefunds_Admin.ts:Clicked on the Void

2020-10-15 16:59:15 - [TEST_STEP][PASSED] - utilities.SafeActions.safeClick(findTestObject("Object Repository/CERTPAY_ADMIN/PROCESS_REVERSAL"), "Process Reversal", [pageLoadTime]): Quicksti_Samday_FullRefunds_Admin.ts:Clicked on the Process Reversal

2020-10-15 16:59:15 - [MESSAGE][INFO] - safeClicking

2020-10-15 16:59:15 - [MESSAGE][PASSED] - Object 'Object Repository/CERTPAY_ADMIN/PROCESS_REVERSAL' is present

2020-10-15 16:59:16 - [MESSAGE][PASSED] - Object 'Object Repository/CERTPAY_ADMIN/PROCESS_REVERSAL' is clickable

2020-10-15 16:59:17 - [MESSAGE][ERROR] - javascript error: Failed to execute 'elementsFromPoint' on 'Document': The provided double value is non-finite.
  (Session info: chrome=86.0.4240.75)
Build info: version: '3.141.59', revision: 'e82be7d358', time: '2018-11-14T08:25:53'
System info: host: 'SYS8', ip: '172.31.253.251', os.name: 'Windows 10', os.arch: 'x86', os.version: '10.0', java.version: '1.8.0_181'
Driver info: com.kms.katalon.selenium.driver.CChromeDriver
Capabilities {acceptInsecureCerts: false, browserName: chrome, browserVersion: 86.0.4240.75, chrome: {chromedriverVersion: 85.0.4183.87 (cd6713ebf92fa..., userDataDir: C:\Users\admin\AppData\Loca...}, goog:chromeOptions: {debuggerAddress: localhost:64004}, javascriptEnabled: true, networkConnectionEnabled: false, pageLoadStrategy: normal, platform: WINDOWS, platformName: WINDOWS, proxy: Proxy(), setWindowRect: true, strictFileInteractability: false, timeouts: {implicit: 0, pageLoad: 300000, script: 30000}, unhandledPromptBehavior: dismiss and notify, webauthn:virtualAuthenticators: true}
Session ID: 6f5c98928f0cdf982f3f30592746c50a

2020-10-15 16:59:47 - [MESSAGE][ERROR] - javascript error: Failed to execute 'elementsFromPoint' on 'Document': The provided double value is non-finite.
  (Session info: chrome=86.0.4240.75)
Build info: version: '3.141.59', revision: 'e82be7d358', time: '2018-11-14T08:25:53'
System info: host: 'SYS8', ip: '172.31.253.251', os.name: 'Windows 10', os.arch: 'x86', os.version: '10.0', java.version: '1.8.0_181'
Driver info: com.kms.katalon.selenium.driver.CChromeDriver
Capabilities {acceptInsecureCerts: false, browserName: chrome, browserVersion: 86.0.4240.75, chrome: {chromedriverVersion: 85.0.4183.87 (cd6713ebf92fa..., userDataDir: C:\Users\admin\AppData\Loca...}, goog:chromeOptions: {debuggerAddress: localhost:64004}, javascriptEnabled: true, networkConnectionEnabled: false, pageLoadStrategy: normal, platform: WINDOWS, platformName: WINDOWS, proxy: Proxy(), setWindowRect: true, strictFileInteractability: false, timeouts: {implicit: 0, pageLoad: 300000, script: 30000}, unhandledPromptBehavior: dismiss and notify, webauthn:virtualAuthenticators: true}
Session ID: 6f5c98928f0cdf982f3f30592746c50a

2020-10-15 16:59:48 - [MESSAGE][PASSED] - Object: 'Object Repository/CERTPAY_ADMIN/PROCESS_REVERSAL' is clicked on

2020-10-15 16:59:48 - [MESSAGE][PASSED] - Quicksti_Samday_FullRefunds_Admin.ts:Clicked on the Process Reversal

2020-10-15 16:59:48 - [TEST_STEP][PASSED] - delay(2): Delayed 2 second(s)

2020-10-15 16:59:50 - [MESSAGE][PASSED] - Delayed 2 second(s)

2020-10-15 16:59:50 - [TEST_STEP][PASSED] - firstName = data.getValue("FirstName", index): null

2020-10-15 16:59:50 - [TEST_STEP][PASSED] - lastName = data.getValue("LastName", index): null

2020-10-15 16:59:50 - [TEST_STEP][PASSED] - expMonth = data.getValue("ExpMonth", index): null

2020-10-15 16:59:50 - [TEST_STEP][PASSED] - expYear = data.getValue("ExpYear", index): null

2020-10-15 16:59:50 - [TEST_STEP][PASSED] - securityCode = data.getValue("SecurityCode", index): null

2020-10-15 16:59:50 - [TEST_STEP][PASSED] - paymentAmount = data.getValue("PaymentAmount", index): null

2020-10-15 16:59:50 - [TEST_STEP][PASSED] - paymentType = data.getValue("PaymentType", index): null

2020-10-15 16:59:50 - [TEST_STEP][PASSED] - quantity = data.getValue("Quantity", index): null

2020-10-15 16:59:50 - [TEST_STEP][PASSED] - comments = data.getValue("Comments", index): null

2020-10-15 16:59:50 - [TEST_STEP][PASSED] - referenceNum = data.getValue("ReferenceNum", index): null

2020-10-15 16:59:50 - [TEST_STEP][PASSED] - address = data.getValue("Address", index): null

2020-10-15 16:59:50 - [TEST_STEP][PASSED] - zipCode = data.getValue("Zipcode", index): null

2020-10-15 16:59:50 - [TEST_STEP][PASSED] - telephone = data.getValue("Telephone", index): null

2020-10-15 16:59:50 - [TEST_STEP][PASSED] - emailAddress = data.getValue("EmailAddress", index): null

2020-10-15 16:59:50 - [TEST_STEP][PASSED] - cardNum = data.getValue("CardNumber", index): null

2020-10-15 16:59:50 - [TEST_STEP][PASSED] - cardType = data.getValue("CardType", index): null

2020-10-15 16:59:50 - [TEST_STEP][PASSED] - utilities.SafeActions.openBrowser(Quicksti_Url, [pageLoadTime]): Browser launched successfully

2020-10-15 16:59:50 - [MESSAGE][INFO] - Opening Browser

2020-10-15 16:59:50 - [MESSAGE][WARNING] - A browser is already opened. Closing browser and opening a new one

2020-10-15 16:59:51 - [MESSAGE][INFO] - Starting 'Chrome' driver

2020-10-15 17:00:00 - [MESSAGE][PASSED] - Browser is opened with url: 'https://qa-certpayquicksti.faps.net/'

2020-10-15 17:00:02 - [MESSAGE][PASSED] - Current window maximized

2020-10-15 17:00:02 - [MESSAGE][PASSED] - Browser launched successfully

2020-10-15 17:00:02 - [TEST_STEP][PASSED] - utilities.SafeActions.safeType(findTestObject("CERTPAY_QUICKSTI/Login_ Page/BUREAU_CODE"), bureau_code, "Bureau code", [pageLoadTime]): Quicksti_Samday_FullRefunds_Admin.ts:Entered'6100000 into Bureau code

2020-10-15 17:00:02 - [MESSAGE][PASSED] - Object 'Object Repository/CERTPAY_QUICKSTI/Login_ Page/BUREAU_CODE' is present

2020-10-15 17:00:02 - [MESSAGE][PASSED] - Object 'Object Repository/CERTPAY_QUICKSTI/Login_ Page/BUREAU_CODE' is visible

2020-10-15 17:00:03 - [MESSAGE][PASSED] - Object 'Object Repository/CERTPAY_QUICKSTI/Login_ Page/BUREAU_CODE' is present

2020-10-15 17:00:04 - [MESSAGE][PASSED] - Text '6100000' is set on object 'Object Repository/CERTPAY_QUICKSTI/Login_ Page/BUREAU_CODE'

2020-10-15 17:00:04 - [MESSAGE][PASSED] - Quicksti_Samday_FullRefunds_Admin.ts:Entered'6100000 into Bureau code

2020-10-15 17:00:04 - [TEST_STEP][PASSED] - utilities.SafeActions.safeType(findTestObject("CERTPAY_QUICKSTI/Login_ Page/TELLER_ID"), teller_id, "Bureau code", [pageLoadTime]): Quicksti_Samday_FullRefunds_Admin.ts:Entered'zenq into Bureau code

2020-10-15 17:00:04 - [MESSAGE][PASSED] - Object 'Object Repository/CERTPAY_QUICKSTI/Login_ Page/TELLER_ID' is present

2020-10-15 17:00:04 - [MESSAGE][PASSED] - Object 'Object Repository/CERTPAY_QUICKSTI/Login_ Page/TELLER_ID' is visible

2020-10-15 17:00:05 - [MESSAGE][PASSED] - Object 'Object Repository/CERTPAY_QUICKSTI/Login_ Page/TELLER_ID' is present

2020-10-15 17:00:06 - [MESSAGE][PASSED] - Text 'zenq' is set on object 'Object Repository/CERTPAY_QUICKSTI/Login_ Page/TELLER_ID'

2020-10-15 17:00:06 - [MESSAGE][PASSED] - Quicksti_Samday_FullRefunds_Admin.ts:Entered'zenq into Bureau code

2020-10-15 17:00:06 - [TEST_STEP][PASSED] - utilities.SafeActions.safeClick(findTestObject("CERTPAY_QUICKSTI/Login_ Page/NEXT_BUTTON"), "Next button", [pageLoadTime]): Quicksti_Samday_FullRefunds_Admin.ts:Clicked on the Next button

2020-10-15 17:00:06 - [MESSAGE][INFO] - safeClicking

2020-10-15 17:00:06 - [MESSAGE][PASSED] - Object 'Object Repository/CERTPAY_QUICKSTI/Login_ Page/NEXT_BUTTON' is present

2020-10-15 17:00:06 - [MESSAGE][PASSED] - Object 'Object Repository/CERTPAY_QUICKSTI/Login_ Page/NEXT_BUTTON' is clickable

2020-10-15 17:00:10 - [MESSAGE][PASSED] - Object: 'Object Repository/CERTPAY_QUICKSTI/Login_ Page/NEXT_BUTTON' is clicked on

2020-10-15 17:00:10 - [MESSAGE][PASSED] - Quicksti_Samday_FullRefunds_Admin.ts:Clicked on the Next button

2020-10-15 17:00:10 - [TEST_STEP][PASSED] - utilities.SafeActions.safeClick(findTestObject("CERTPAY_QUICKSTI/Payment_Information_Page/MANUAL_ENTRY_BUTTON"), "ManualEntry", [pageLoadTime]): Quicksti_Samday_FullRefunds_Admin.ts:Clicked on the ManualEntry

2020-10-15 17:00:10 - [MESSAGE][INFO] - safeClicking

2020-10-15 17:00:10 - [MESSAGE][PASSED] - Object 'Object Repository/CERTPAY_QUICKSTI/Payment_Information_Page/MANUAL_ENTRY_BUTTON' is present

2020-10-15 17:00:11 - [MESSAGE][PASSED] - Object 'Object Repository/CERTPAY_QUICKSTI/Payment_Information_Page/MANUAL_ENTRY_BUTTON' is clickable

2020-10-15 17:00:12 - [MESSAGE][PASSED] - Object: 'Object Repository/CERTPAY_QUICKSTI/Payment_Information_Page/MANUAL_ENTRY_BUTTON' is clicked on

2020-10-15 17:00:12 - [MESSAGE][PASSED] - Quicksti_Samday_FullRefunds_Admin.ts:Clicked on the ManualEntry

2020-10-15 17:00:12 - [TEST_STEP][PASSED] - CardNumber = pages.Quicksti.setUserPaymentDetails(firstName, lastName, cardNum): Quicksti_Samday_FullRefunds_Admin.ts:Entered'8171999900000018 into CardNum

2020-10-15 17:00:13 - [MESSAGE][PASSED] - Object 'Object Repository/CERTPAY_QUICKSTI/Payment_Information_Page/FIRST_NAME' is present

2020-10-15 17:00:13 - [MESSAGE][PASSED] - Object 'Object Repository/CERTPAY_QUICKSTI/Payment_Information_Page/FIRST_NAME' is visible

2020-10-15 17:00:13 - [MESSAGE][PASSED] - Object 'Object Repository/CERTPAY_QUICKSTI/Payment_Information_Page/FIRST_NAME' is present

2020-10-15 17:00:15 - [MESSAGE][PASSED] - Text 'Tester' is set on object 'Object Repository/CERTPAY_QUICKSTI/Payment_Information_Page/FIRST_NAME'

2020-10-15 17:00:15 - [MESSAGE][PASSED] - Quicksti_Samday_FullRefunds_Admin.ts:Entered'Tester into FirstName

2020-10-15 17:00:15 - [MESSAGE][PASSED] - Object 'Object Repository/CERTPAY_QUICKSTI/Payment_Information_Page/LAST_NAME' is present

2020-10-15 17:00:15 - [MESSAGE][PASSED] - Object 'Object Repository/CERTPAY_QUICKSTI/Payment_Information_Page/LAST_NAME' is visible

2020-10-15 17:00:16 - [MESSAGE][PASSED] - Object 'Object Repository/CERTPAY_QUICKSTI/Payment_Information_Page/LAST_NAME' is present

2020-10-15 17:00:17 - [MESSAGE][PASSED] - Text 'Zenq1' is set on object 'Object Repository/CERTPAY_QUICKSTI/Payment_Information_Page/LAST_NAME'

2020-10-15 17:00:17 - [MESSAGE][PASSED] - Quicksti_Samday_FullRefunds_Admin.ts:Entered'Zenq1 into LAstName

2020-10-15 17:00:17 - [MESSAGE][PASSED] - Object 'Object Repository/CERTPAY_QUICKSTI/Payment_Information_Page/CARD_NUMBER' is present

2020-10-15 17:00:17 - [MESSAGE][PASSED] - Object 'Object Repository/CERTPAY_QUICKSTI/Payment_Information_Page/CARD_NUMBER' is visible

2020-10-15 17:00:18 - [MESSAGE][PASSED] - Object 'Object Repository/CERTPAY_QUICKSTI/Payment_Information_Page/CARD_NUMBER' is present

2020-10-15 17:00:19 - [MESSAGE][PASSED] - Text '8171999900000018' is set on object 'Object Repository/CERTPAY_QUICKSTI/Payment_Information_Page/CARD_NUMBER'

2020-10-15 17:00:19 - [MESSAGE][PASSED] - Quicksti_Samday_FullRefunds_Admin.ts:Entered'8171999900000018 into CardNum

2020-10-15 17:00:19 - [TEST_STEP][PASSED] - utilities.SafeActions.safeSelectOptionInDropdownByVisibleText(findTestObject("CERTPAY_QUICKSTI/Payment_Information_Page/PAYMENT_TYPE"), paymentType, "paymentType", [pageLoadTime]): selected dropdown option by visible text  Licensesfrom paymentType

2020-10-15 17:00:19 - [MESSAGE][PASSED] - Object 'Object Repository/CERTPAY_QUICKSTI/Payment_Information_Page/PAYMENT_TYPE' is visible

2020-10-15 17:00:20 - [MESSAGE][PASSED] - Object 'Object Repository/CERTPAY_QUICKSTI/Payment_Information_Page/PAYMENT_TYPE' is present

2020-10-15 17:00:21 - [MESSAGE][PASSED] - Object: 'Object Repository/CERTPAY_QUICKSTI/Payment_Information_Page/PAYMENT_TYPE' is clicked on

2020-10-15 17:00:22 - [MESSAGE][PASSED] - All options with label 'Licenses' are selected in object 'Object Repository/CERTPAY_QUICKSTI/Payment_Information_Page/PAYMENT_TYPE'  using regular expression

2020-10-15 17:00:22 - [MESSAGE][PASSED] - selected dropdown option by visible text  Licensesfrom paymentType

2020-10-15 17:00:22 - [TEST_STEP][PASSED] - pages.Quicksti.setExpDate(expMonth, expYear, securityCode): Quicksti_Samday_FullRefunds_Admin.ts:Entered'111 into securityCode

2020-10-15 17:00:22 - [MESSAGE][PASSED] - Object 'Object Repository/CERTPAY_QUICKSTI/Payment_Information_Page/EXP_MONTH' is visible

2020-10-15 17:00:22 - [MESSAGE][PASSED] - Object 'Object Repository/CERTPAY_QUICKSTI/Payment_Information_Page/EXP_MONTH' is present

2020-10-15 17:00:24 - [MESSAGE][PASSED] - Object: 'Object Repository/CERTPAY_QUICKSTI/Payment_Information_Page/EXP_MONTH' is clicked on

2020-10-15 17:00:25 - [MESSAGE][PASSED] - All options with label '04' are selected in object 'Object Repository/CERTPAY_QUICKSTI/Payment_Information_Page/EXP_MONTH'  using regular expression

2020-10-15 17:00:25 - [MESSAGE][PASSED] - selected dropdown option by visible text  04from expMonth

2020-10-15 17:00:25 - [MESSAGE][PASSED] - Object 'Object Repository/CERTPAY_QUICKSTI/Payment_Information_Page/EXP_YEAR' is visible

2020-10-15 17:00:26 - [MESSAGE][PASSED] - Object 'Object Repository/CERTPAY_QUICKSTI/Payment_Information_Page/EXP_YEAR' is present

2020-10-15 17:00:27 - [MESSAGE][PASSED] - Object: 'Object Repository/CERTPAY_QUICKSTI/Payment_Information_Page/EXP_YEAR' is clicked on

2020-10-15 17:00:28 - [MESSAGE][PASSED] - All options with label '2027' are selected in object 'Object Repository/CERTPAY_QUICKSTI/Payment_Information_Page/EXP_YEAR'  using regular expression

2020-10-15 17:00:28 - [MESSAGE][PASSED] - selected dropdown option by visible text  2027from  expYear

2020-10-15 17:00:29 - [MESSAGE][PASSED] - Object 'Object Repository/CERTPAY_QUICKSTI/Payment_Information_Page/SECURITY_CODE' is present

2020-10-15 17:00:29 - [MESSAGE][PASSED] - Object 'Object Repository/CERTPAY_QUICKSTI/Payment_Information_Page/SECURITY_CODE' is visible

2020-10-15 17:00:29 - [MESSAGE][PASSED] - Object 'Object Repository/CERTPAY_QUICKSTI/Payment_Information_Page/SECURITY_CODE' is present

2020-10-15 17:00:30 - [MESSAGE][PASSED] - Text '111' is set on object 'Object Repository/CERTPAY_QUICKSTI/Payment_Information_Page/SECURITY_CODE'

2020-10-15 17:00:30 - [MESSAGE][PASSED] - Quicksti_Samday_FullRefunds_Admin.ts:Entered'111 into securityCode

2020-10-15 17:00:30 - [TEST_STEP][PASSED] - pages.Quicksti.setPaymentAmountDetailsForSinglePayment(paymentAmount, quantity): Quicksti_Samday_FullRefunds_Admin.ts:Entered'1 into Quantity

2020-10-15 17:00:31 - [MESSAGE][PASSED] - Object 'Object Repository/CERTPAY_QUICKSTI/Payment_Information_Page/PAYMENT_AMOUNT' is present

2020-10-15 17:00:31 - [MESSAGE][PASSED] - Object 'Object Repository/CERTPAY_QUICKSTI/Payment_Information_Page/PAYMENT_AMOUNT' is visible

2020-10-15 17:00:31 - [MESSAGE][PASSED] - Object 'Object Repository/CERTPAY_QUICKSTI/Payment_Information_Page/PAYMENT_AMOUNT' is present

2020-10-15 17:00:33 - [MESSAGE][PASSED] - Text '30.00' is set on object 'Object Repository/CERTPAY_QUICKSTI/Payment_Information_Page/PAYMENT_AMOUNT'

2020-10-15 17:00:33 - [MESSAGE][PASSED] - Quicksti_Samday_FullRefunds_Admin.ts:Entered'30.00 into amount

2020-10-15 17:00:33 - [MESSAGE][PASSED] - Object 'Object Repository/CERTPAY_QUICKSTI/Payment_Information_Page/QUANTITY' is present

2020-10-15 17:00:34 - [MESSAGE][PASSED] - Object 'Object Repository/CERTPAY_QUICKSTI/Payment_Information_Page/QUANTITY' is visible

2020-10-15 17:00:34 - [MESSAGE][PASSED] - Object 'Object Repository/CERTPAY_QUICKSTI/Payment_Information_Page/QUANTITY' is present

2020-10-15 17:00:35 - [MESSAGE][PASSED] - Text '1' is set on object 'Object Repository/CERTPAY_QUICKSTI/Payment_Information_Page/QUANTITY'

2020-10-15 17:00:35 - [MESSAGE][PASSED] - Quicksti_Samday_FullRefunds_Admin.ts:Entered'1 into Quantity

2020-10-15 17:00:35 - [TEST_STEP][PASSED] - utilities.SafeActions.safeType(findTestObject("CERTPAY_QUICKSTI/Payment_Information_Page/REFRENCE_NUMBER"), referenceNum, "Reference Number", [pageLoadTime]): Quicksti_Samday_FullRefunds_Admin.ts:Entered'13 into Reference Number

2020-10-15 17:00:36 - [MESSAGE][PASSED] - Object 'Object Repository/CERTPAY_QUICKSTI/Payment_Information_Page/REFRENCE_NUMBER' is present

2020-10-15 17:00:36 - [MESSAGE][PASSED] - Object 'Object Repository/CERTPAY_QUICKSTI/Payment_Information_Page/REFRENCE_NUMBER' is visible

2020-10-15 17:00:36 - [MESSAGE][PASSED] - Object 'Object Repository/CERTPAY_QUICKSTI/Payment_Information_Page/REFRENCE_NUMBER' is present

2020-10-15 17:00:37 - [MESSAGE][PASSED] - Text '13' is set on object 'Object Repository/CERTPAY_QUICKSTI/Payment_Information_Page/REFRENCE_NUMBER'

2020-10-15 17:00:37 - [MESSAGE][PASSED] - Quicksti_Samday_FullRefunds_Admin.ts:Entered'13 into Reference Number

2020-10-15 17:00:37 - [TEST_STEP][PASSED] - amount_Value = pages.Quicksti.getAttributeValue(findTestObject("CERTPAY_QUICKSTI/Payment_Information_Page/SUB_TOTAL")): pages.Quicksti.getAttributeValue is PASSED

2020-10-15 17:00:38 - [MESSAGE][PASSED] - Attribute 'value' of object 'Object Repository/CERTPAY_QUICKSTI/Payment_Information_Page/SUB_TOTAL' is: '30.00'

2020-10-15 17:00:38 - [MESSAGE][PASSED] - pages.Quicksti.getAttributeValue is PASSED

2020-10-15 17:00:38 - [TEST_STEP][PASSED] - utilities.SafeActions.safeType(findTestObject("CERTPAY_QUICKSTI/Payment_Information_Page/COMMENTS"), "Testing", "Comments", [pageLoadTime]): Quicksti_Samday_FullRefunds_Admin.ts:Entered'Testing into Comments

2020-10-15 17:00:38 - [MESSAGE][PASSED] - Object 'Object Repository/CERTPAY_QUICKSTI/Payment_Information_Page/COMMENTS' is present

2020-10-15 17:00:39 - [MESSAGE][PASSED] - Object 'Object Repository/CERTPAY_QUICKSTI/Payment_Information_Page/COMMENTS' is visible

2020-10-15 17:00:39 - [MESSAGE][PASSED] - Object 'Object Repository/CERTPAY_QUICKSTI/Payment_Information_Page/COMMENTS' is present

2020-10-15 17:00:40 - [MESSAGE][PASSED] - Text 'Testing' is set on object 'Object Repository/CERTPAY_QUICKSTI/Payment_Information_Page/COMMENTS'

2020-10-15 17:00:40 - [MESSAGE][PASSED] - Quicksti_Samday_FullRefunds_Admin.ts:Entered'Testing into Comments

2020-10-15 17:00:40 - [TEST_STEP][PASSED] - utilities.SafeActions.safeType(findTestObject("CERTPAY_QUICKSTI/Payment_Information_Page/ADDRESS"), address, "Address", [pageLoadTime]): Quicksti_Samday_FullRefunds_Admin.ts:Entered'14-2 into Address

2020-10-15 17:00:40 - [MESSAGE][PASSED] - Object 'Object Repository/CERTPAY_QUICKSTI/Payment_Information_Page/ADDRESS' is present

2020-10-15 17:00:41 - [MESSAGE][PASSED] - Object 'Object Repository/CERTPAY_QUICKSTI/Payment_Information_Page/ADDRESS' is visible

2020-10-15 17:00:41 - [MESSAGE][PASSED] - Object 'Object Repository/CERTPAY_QUICKSTI/Payment_Information_Page/ADDRESS' is present

2020-10-15 17:00:42 - [MESSAGE][PASSED] - Text '14-2' is set on object 'Object Repository/CERTPAY_QUICKSTI/Payment_Information_Page/ADDRESS'

2020-10-15 17:00:42 - [MESSAGE][PASSED] - Quicksti_Samday_FullRefunds_Admin.ts:Entered'14-2 into Address

2020-10-15 17:00:42 - [TEST_STEP][PASSED] - utilities.SafeActions.safeType(findTestObject("CERTPAY_QUICKSTI/Payment_Information_Page/ZIP_CODE"), zipCode, "zipcode", [pageLoadTime]): Quicksti_Samday_FullRefunds_Admin.ts:Entered'76102 into zipcode

2020-10-15 17:00:42 - [MESSAGE][PASSED] - Object 'Object Repository/CERTPAY_QUICKSTI/Payment_Information_Page/ZIP_CODE' is present

2020-10-15 17:00:43 - [MESSAGE][PASSED] - Object 'Object Repository/CERTPAY_QUICKSTI/Payment_Information_Page/ZIP_CODE' is visible

2020-10-15 17:00:43 - [MESSAGE][PASSED] - Object 'Object Repository/CERTPAY_QUICKSTI/Payment_Information_Page/ZIP_CODE' is present

2020-10-15 17:00:44 - [MESSAGE][PASSED] - Text '76102' is set on object 'Object Repository/CERTPAY_QUICKSTI/Payment_Information_Page/ZIP_CODE'

2020-10-15 17:00:44 - [MESSAGE][PASSED] - Quicksti_Samday_FullRefunds_Admin.ts:Entered'76102 into zipcode

2020-10-15 17:00:44 - [TEST_STEP][PASSED] - utilities.SafeActions.safeType(findTestObject("CERTPAY_QUICKSTI/Payment_Information_Page/TELEPHONE"), telephone, "Telephone", [pageLoadTime]): Quicksti_Samday_FullRefunds_Admin.ts:Entered'9989897654 into Telephone

2020-10-15 17:00:45 - [MESSAGE][PASSED] - Object 'Object Repository/CERTPAY_QUICKSTI/Payment_Information_Page/TELEPHONE' is present

2020-10-15 17:00:45 - [MESSAGE][PASSED] - Object 'Object Repository/CERTPAY_QUICKSTI/Payment_Information_Page/TELEPHONE' is visible

2020-10-15 17:00:45 - [MESSAGE][PASSED] - Object 'Object Repository/CERTPAY_QUICKSTI/Payment_Information_Page/TELEPHONE' is present

2020-10-15 17:00:46 - [MESSAGE][PASSED] - Text '9989897654' is set on object 'Object Repository/CERTPAY_QUICKSTI/Payment_Information_Page/TELEPHONE'

2020-10-15 17:00:46 - [MESSAGE][PASSED] - Quicksti_Samday_FullRefunds_Admin.ts:Entered'9989897654 into Telephone

2020-10-15 17:00:47 - [TEST_STEP][PASSED] - utilities.SafeActions.safeType(findTestObject("CERTPAY_QUICKSTI/Payment_Information_Page/EMAIL_ADDRESS"), emailAddress, "EMAIL address", [pageLoadTime]): Quicksti_Samday_FullRefunds_Admin.ts:Entered'testing@zenq.com into EMAIL address

2020-10-15 17:00:47 - [MESSAGE][PASSED] - Object 'Object Repository/CERTPAY_QUICKSTI/Payment_Information_Page/EMAIL_ADDRESS' is present

2020-10-15 17:00:47 - [MESSAGE][PASSED] - Object 'Object Repository/CERTPAY_QUICKSTI/Payment_Information_Page/EMAIL_ADDRESS' is visible

2020-10-15 17:00:47 - [MESSAGE][PASSED] - Object 'Object Repository/CERTPAY_QUICKSTI/Payment_Information_Page/EMAIL_ADDRESS' is present

2020-10-15 17:00:49 - [MESSAGE][PASSED] - Text 'testing@zenq.com' is set on object 'Object Repository/CERTPAY_QUICKSTI/Payment_Information_Page/EMAIL_ADDRESS'

2020-10-15 17:00:49 - [MESSAGE][PASSED] - Quicksti_Samday_FullRefunds_Admin.ts:Entered'testing@zenq.com into EMAIL address

2020-10-15 17:00:49 - [TEST_STEP][PASSED] - utilities.SafeActions.safeClick(findTestObject("CERTPAY_QUICKSTI/Payment_Information_Page/NEXT_BUTTON"), "Next", [pageLoadTime]): Quicksti_Samday_FullRefunds_Admin.ts:Clicked on the Next

2020-10-15 17:00:49 - [MESSAGE][INFO] - safeClicking

2020-10-15 17:00:49 - [MESSAGE][PASSED] - Object 'Object Repository/CERTPAY_QUICKSTI/Payment_Information_Page/NEXT_BUTTON' is present

2020-10-15 17:00:49 - [MESSAGE][PASSED] - Object 'Object Repository/CERTPAY_QUICKSTI/Payment_Information_Page/NEXT_BUTTON' is clickable

2020-10-15 17:00:52 - [MESSAGE][PASSED] - Object: 'Object Repository/CERTPAY_QUICKSTI/Payment_Information_Page/NEXT_BUTTON' is clicked on

2020-10-15 17:00:52 - [MESSAGE][PASSED] - Quicksti_Samday_FullRefunds_Admin.ts:Clicked on the Next

2020-10-15 17:00:52 - [TEST_STEP][PASSED] - pages.Quicksti.verifyUserPaymentDetails(paymentAmount, firstName, lastName, CardNumber): pages.Quicksti.verifyUserPaymentDetails is PASSED

2020-10-15 17:00:53 - [MESSAGE][PASSED] - Text of object 'Object Repository/CERTPAY_QUICKSTI/Payment_Details_Verification_Page/AMOUNT' is: '$30.00'

2020-10-15 17:00:53 - [MESSAGE][PASSED] - Actual text '30.00' and expected text '30.00' are matched  using regular expression

2020-10-15 17:00:53 - [MESSAGE][PASSED] - Text of object 'Object Repository/CERTPAY_QUICKSTI/Payment_Details_Verification_Page/NAME' is: 'Tester Zenq1'

2020-10-15 17:00:53 - [MESSAGE][PASSED] - Actual text 'Tester Zenq1' and expected text 'Tester Zenq1' are matched  using regular expression

2020-10-15 17:00:53 - [MESSAGE][PASSED] - Text of object 'Object Repository/CERTPAY_QUICKSTI/Payment_Details_Verification_Page/CARD_NUMBER' is: '...0018'

2020-10-15 17:00:53 - [MESSAGE][PASSED] - Actual text '0018' and expected text '0018' are matched  using regular expression

2020-10-15 17:00:53 - [MESSAGE][PASSED] - pages.Quicksti.verifyUserPaymentDetails is PASSED

2020-10-15 17:00:53 - [TEST_STEP][PASSED] - delay(2): Delayed 2 second(s)

2020-10-15 17:00:55 - [MESSAGE][PASSED] - Delayed 2 second(s)

2020-10-15 17:00:55 - [TEST_STEP][PASSED] - scrollToElement(findTestObject("CERTPAY_QUICKSTI/Payment_Details_Verification_Page/PROCESS"), 30): Scroll to object 'Object Repository/CERTPAY_QUICKSTI/Payment_Details_Verification_Page/PROCESS' successfully

2020-10-15 17:00:56 - [MESSAGE][PASSED] - Scroll to object 'Object Repository/CERTPAY_QUICKSTI/Payment_Details_Verification_Page/PROCESS' successfully

2020-10-15 17:00:56 - [TEST_STEP][PASSED] - utilities.SafeActions.safeClick(findTestObject("CERTPAY_QUICKSTI/Payment_Details_Verification_Page/PROCESS"), "Process", [pageLoadTime]): Quicksti_Samday_FullRefunds_Admin.ts:Clicked on the Process

2020-10-15 17:00:56 - [MESSAGE][INFO] - safeClicking

2020-10-15 17:00:56 - [MESSAGE][PASSED] - Object 'Object Repository/CERTPAY_QUICKSTI/Payment_Details_Verification_Page/PROCESS' is present

2020-10-15 17:00:56 - [MESSAGE][PASSED] - Object 'Object Repository/CERTPAY_QUICKSTI/Payment_Details_Verification_Page/PROCESS' is clickable

2020-10-15 17:01:01 - [MESSAGE][PASSED] - Object: 'Object Repository/CERTPAY_QUICKSTI/Payment_Details_Verification_Page/PROCESS' is clicked on

2020-10-15 17:01:01 - [MESSAGE][PASSED] - Quicksti_Samday_FullRefunds_Admin.ts:Clicked on the Process

2020-10-15 17:01:01 - [TEST_STEP][PASSED] - paymentId = pages.Quicksti.verifyPaymentApproval(findTestObject("CERTPAY_QUICKSTI/Payment_Details_Verification_Page/APPROVED")): Payment is approved

2020-10-15 17:01:01 - [MESSAGE][PASSED] - Text of object 'Object Repository/CERTPAY_QUICKSTI/Payment_Details_Verification_Page/PAYMENT_ID' is: '100176129690'

2020-10-15 17:01:02 - [MESSAGE][PASSED] - Object 'Object Repository/CERTPAY_QUICKSTI/Payment_Details_Verification_Page/APPROVED' is present

2020-10-15 17:01:02 - [MESSAGE][PASSED] - Payment is approved

2020-10-15 17:01:04 - [TEST_STEP][PASSED] - navigateToUrl(Admin_url): Navigate to 'https://qa-certpayadmin.faps.net' successfully

2020-10-15 17:01:10 - [MESSAGE][PASSED] - Navigate to 'https://qa-certpayadmin.faps.net' successfully

2020-10-15 17:01:10 - [TEST_STEP][PASSED] - pages.Bureau_Login_Page.loginToAdminSite(AdminUsername, AdminPassword): Quicksti_Samday_FullRefunds_Admin.ts:Clicked on the LOGIN

2020-10-15 17:01:10 - [MESSAGE][PASSED] - Object 'Object Repository/CERTPAY_ADMIN/USER_NAME' is present

2020-10-15 17:01:10 - [MESSAGE][PASSED] - Object 'Object Repository/CERTPAY_ADMIN/USER_NAME' is visible

2020-10-15 17:01:11 - [MESSAGE][PASSED] - Object 'Object Repository/CERTPAY_ADMIN/USER_NAME' is present

2020-10-15 17:01:12 - [MESSAGE][PASSED] - Text 'VVangiliappan' is set on object 'Object Repository/CERTPAY_ADMIN/USER_NAME'

2020-10-15 17:01:12 - [MESSAGE][PASSED] - Quicksti_Samday_FullRefunds_Admin.ts:Entered'VVangiliappan into username

2020-10-15 17:01:12 - [MESSAGE][PASSED] - Object 'Object Repository/CERTPAY_ADMIN/PASSWORD' is present

2020-10-15 17:01:12 - [MESSAGE][PASSED] - Object 'Object Repository/CERTPAY_ADMIN/PASSWORD' is visible

2020-10-15 17:01:13 - [MESSAGE][PASSED] - Object 'Object Repository/CERTPAY_ADMIN/PASSWORD' is present

2020-10-15 17:01:14 - [MESSAGE][PASSED] - Text 'Test@123' is set on object 'Object Repository/CERTPAY_ADMIN/PASSWORD'

2020-10-15 17:01:14 - [MESSAGE][PASSED] - Quicksti_Samday_FullRefunds_Admin.ts:Entered'Test@123 into password

2020-10-15 17:01:14 - [MESSAGE][INFO] - safeClicking

2020-10-15 17:01:14 - [MESSAGE][PASSED] - Object 'Object Repository/CERTPAY_ADMIN/LOGIN_BUTTON' is present

2020-10-15 17:01:15 - [MESSAGE][PASSED] - Object 'Object Repository/CERTPAY_ADMIN/LOGIN_BUTTON' is clickable

2020-10-15 17:01:22 - [MESSAGE][PASSED] - Object: 'Object Repository/CERTPAY_ADMIN/LOGIN_BUTTON' is clicked on

2020-10-15 17:01:22 - [MESSAGE][PASSED] - Quicksti_Samday_FullRefunds_Admin.ts:Clicked on the LOGIN

2020-10-15 17:01:22 - [TEST_STEP][PASSED] - utilities.SafeActions.safeClick(findTestObject("CERTPAY_ADMIN/TRANSACTION_MENU"), "TransactionMenu", [pageLoadTime]): Quicksti_Samday_FullRefunds_Admin.ts:Clicked on the TransactionMenu

2020-10-15 17:01:23 - [MESSAGE][INFO] - safeClicking

2020-10-15 17:01:23 - [MESSAGE][PASSED] - Object 'Object Repository/CERTPAY_ADMIN/TRANSACTION_MENU' is present

2020-10-15 17:01:23 - [MESSAGE][PASSED] - Object 'Object Repository/CERTPAY_ADMIN/TRANSACTION_MENU' is clickable

2020-10-15 17:01:24 - [MESSAGE][PASSED] - Object: 'Object Repository/CERTPAY_ADMIN/TRANSACTION_MENU' is clicked on

2020-10-15 17:01:24 - [MESSAGE][PASSED] - Quicksti_Samday_FullRefunds_Admin.ts:Clicked on the TransactionMenu

2020-10-15 17:01:24 - [TEST_STEP][PASSED] - utilities.SafeActions.safeClick(findTestObject("CERTPAY_ADMIN/TRANSACTION_SEARCH"), "TransactionSearch", [pageLoadTime]): Quicksti_Samday_FullRefunds_Admin.ts:Clicked on the TransactionSearch

2020-10-15 17:01:24 - [MESSAGE][INFO] - safeClicking

2020-10-15 17:01:25 - [MESSAGE][PASSED] - Object 'Object Repository/CERTPAY_ADMIN/TRANSACTION_SEARCH' is present

2020-10-15 17:01:25 - [MESSAGE][PASSED] - Object 'Object Repository/CERTPAY_ADMIN/TRANSACTION_SEARCH' is clickable

2020-10-15 17:01:29 - [MESSAGE][PASSED] - Object: 'Object Repository/CERTPAY_ADMIN/TRANSACTION_SEARCH' is clicked on

2020-10-15 17:01:29 - [MESSAGE][PASSED] - Quicksti_Samday_FullRefunds_Admin.ts:Clicked on the TransactionSearch

2020-10-15 17:01:29 - [TEST_STEP][PASSED] - utilities.SafeActions.safeType(findTestObject("CERTPAY_ADMIN/PAYMENT_ID"), paymentId, "Payment id", [pageLoadTime]): Quicksti_Samday_FullRefunds_Admin.ts:Entered'100176129690 into Payment id

2020-10-15 17:01:29 - [MESSAGE][PASSED] - Object 'Object Repository/CERTPAY_ADMIN/PAYMENT_ID' is present

2020-10-15 17:01:30 - [MESSAGE][PASSED] - Object 'Object Repository/CERTPAY_ADMIN/PAYMENT_ID' is visible

2020-10-15 17:01:30 - [MESSAGE][PASSED] - Object 'Object Repository/CERTPAY_ADMIN/PAYMENT_ID' is present

2020-10-15 17:01:31 - [MESSAGE][PASSED] - Text '100176129690' is set on object 'Object Repository/CERTPAY_ADMIN/PAYMENT_ID'

2020-10-15 17:01:31 - [MESSAGE][PASSED] - Quicksti_Samday_FullRefunds_Admin.ts:Entered'100176129690 into Payment id

2020-10-15 17:01:31 - [TEST_STEP][PASSED] - utilities.SafeActions.safeClick(findTestObject("CERTPAY_ADMIN/GO_BUTTON"), "Go button", [pageLoadTime]): Quicksti_Samday_FullRefunds_Admin.ts:Clicked on the Go button

2020-10-15 17:01:31 - [MESSAGE][INFO] - safeClicking

2020-10-15 17:01:32 - [MESSAGE][PASSED] - Object 'Object Repository/CERTPAY_ADMIN/GO_BUTTON' is present

2020-10-15 17:01:32 - [MESSAGE][PASSED] - Object 'Object Repository/CERTPAY_ADMIN/GO_BUTTON' is clickable

2020-10-15 17:01:35 - [MESSAGE][PASSED] - Object: 'Object Repository/CERTPAY_ADMIN/GO_BUTTON' is clicked on

2020-10-15 17:01:35 - [MESSAGE][PASSED] - Quicksti_Samday_FullRefunds_Admin.ts:Clicked on the Go button

2020-10-15 17:01:35 - [TEST_STEP][PASSED] - delay(3): Delayed 3 second(s)

2020-10-15 17:01:38 - [MESSAGE][PASSED] - Delayed 3 second(s)

2020-10-15 17:01:38 - [TEST_STEP][PASSED] - paymentIdList.add(paymentId): null

2020-10-15 17:01:38 - [TEST_STEP][PASSED] - println(paymentIdList): null

2020-10-15 17:01:38 - [TEST_STEP][PASSED] - utilities.SafeActions.safeClick(findTestObject("CERTPAY_ADMIN/ACTIONS_BUTTON"), "Actions button", [pageLoadTime]): Quicksti_Samday_FullRefunds_Admin.ts:Clicked on the Actions button

2020-10-15 17:01:38 - [MESSAGE][INFO] - safeClicking

2020-10-15 17:01:38 - [MESSAGE][PASSED] - Object 'Object Repository/CERTPAY_ADMIN/ACTIONS_BUTTON' is present

2020-10-15 17:01:38 - [MESSAGE][PASSED] - Object 'Object Repository/CERTPAY_ADMIN/ACTIONS_BUTTON' is clickable

2020-10-15 17:01:40 - [MESSAGE][PASSED] - Object: 'Object Repository/CERTPAY_ADMIN/ACTIONS_BUTTON' is clicked on

2020-10-15 17:01:40 - [MESSAGE][PASSED] - Quicksti_Samday_FullRefunds_Admin.ts:Clicked on the Actions button

2020-10-15 17:01:40 - [TEST_STEP][PASSED] - utilities.SafeActions.safeClick(findTestObject("CERTPAY_ADMIN/REFUND_MENU"), "Refund Menu", [pageLoadTime]): Quicksti_Samday_FullRefunds_Admin.ts:Clicked on the Refund Menu

2020-10-15 17:01:40 - [MESSAGE][INFO] - safeClicking

2020-10-15 17:01:40 - [MESSAGE][PASSED] - Object 'Object Repository/CERTPAY_ADMIN/REFUND_MENU' is present

2020-10-15 17:01:40 - [MESSAGE][PASSED] - Object 'Object Repository/CERTPAY_ADMIN/REFUND_MENU' is clickable

2020-10-15 17:01:41 - [MESSAGE][PASSED] - Object: 'Object Repository/CERTPAY_ADMIN/REFUND_MENU' is clicked on

2020-10-15 17:01:41 - [MESSAGE][PASSED] - Quicksti_Samday_FullRefunds_Admin.ts:Clicked on the Refund Menu

2020-10-15 17:01:41 - [TEST_STEP][PASSED] - utilities.SafeActions.safeClick(findTestObject("CERTPAY_ADMIN/VOID_RADIO_BUTTON"), "Void", [pageLoadTime]): Quicksti_Samday_FullRefunds_Admin.ts:Clicked on the Void

2020-10-15 17:01:41 - [MESSAGE][INFO] - safeClicking

2020-10-15 17:01:42 - [MESSAGE][PASSED] - Object 'Object Repository/CERTPAY_ADMIN/VOID_RADIO_BUTTON' is present

2020-10-15 17:01:42 - [MESSAGE][PASSED] - Object 'Object Repository/CERTPAY_ADMIN/VOID_RADIO_BUTTON' is clickable

2020-10-15 17:01:43 - [MESSAGE][ERROR] - javascript error: Failed to execute 'elementsFromPoint' on 'Document': The provided double value is non-finite.
  (Session info: chrome=86.0.4240.75)
Build info: version: '3.141.59', revision: 'e82be7d358', time: '2018-11-14T08:25:53'
System info: host: 'SYS8', ip: '172.31.253.251', os.name: 'Windows 10', os.arch: 'x86', os.version: '10.0', java.version: '1.8.0_181'
Driver info: com.kms.katalon.selenium.driver.CChromeDriver
Capabilities {acceptInsecureCerts: false, browserName: chrome, browserVersion: 86.0.4240.75, chrome: {chromedriverVersion: 85.0.4183.87 (cd6713ebf92fa..., userDataDir: C:\Users\admin\AppData\Loca...}, goog:chromeOptions: {debuggerAddress: localhost:49251}, javascriptEnabled: true, networkConnectionEnabled: false, pageLoadStrategy: normal, platform: WINDOWS, platformName: WINDOWS, proxy: Proxy(), setWindowRect: true, strictFileInteractability: false, timeouts: {implicit: 0, pageLoad: 300000, script: 30000}, unhandledPromptBehavior: dismiss and notify, webauthn:virtualAuthenticators: true}
Session ID: b0a01295860e13119a0ebd2191a252a3

2020-10-15 17:02:14 - [MESSAGE][ERROR] - javascript error: Failed to execute 'elementsFromPoint' on 'Document': The provided double value is non-finite.
  (Session info: chrome=86.0.4240.75)
Build info: version: '3.141.59', revision: 'e82be7d358', time: '2018-11-14T08:25:53'
System info: host: 'SYS8', ip: '172.31.253.251', os.name: 'Windows 10', os.arch: 'x86', os.version: '10.0', java.version: '1.8.0_181'
Driver info: com.kms.katalon.selenium.driver.CChromeDriver
Capabilities {acceptInsecureCerts: false, browserName: chrome, browserVersion: 86.0.4240.75, chrome: {chromedriverVersion: 85.0.4183.87 (cd6713ebf92fa..., userDataDir: C:\Users\admin\AppData\Loca...}, goog:chromeOptions: {debuggerAddress: localhost:49251}, javascriptEnabled: true, networkConnectionEnabled: false, pageLoadStrategy: normal, platform: WINDOWS, platformName: WINDOWS, proxy: Proxy(), setWindowRect: true, strictFileInteractability: false, timeouts: {implicit: 0, pageLoad: 300000, script: 30000}, unhandledPromptBehavior: dismiss and notify, webauthn:virtualAuthenticators: true}
Session ID: b0a01295860e13119a0ebd2191a252a3

2020-10-15 17:02:14 - [MESSAGE][PASSED] - Object: 'Object Repository/CERTPAY_ADMIN/VOID_RADIO_BUTTON' is clicked on

2020-10-15 17:02:14 - [MESSAGE][PASSED] - Quicksti_Samday_FullRefunds_Admin.ts:Clicked on the Void

2020-10-15 17:02:14 - [TEST_STEP][PASSED] - utilities.SafeActions.safeClick(findTestObject("Object Repository/CERTPAY_ADMIN/PROCESS_REVERSAL"), "Process Reversal", [pageLoadTime]): Quicksti_Samday_FullRefunds_Admin.ts:Clicked on the Process Reversal

2020-10-15 17:02:14 - [MESSAGE][INFO] - safeClicking

2020-10-15 17:02:14 - [MESSAGE][PASSED] - Object 'Object Repository/CERTPAY_ADMIN/PROCESS_REVERSAL' is present

2020-10-15 17:02:15 - [MESSAGE][PASSED] - Object 'Object Repository/CERTPAY_ADMIN/PROCESS_REVERSAL' is clickable

2020-10-15 17:02:16 - [MESSAGE][ERROR] - javascript error: Failed to execute 'elementsFromPoint' on 'Document': The provided double value is non-finite.
  (Session info: chrome=86.0.4240.75)
Build info: version: '3.141.59', revision: 'e82be7d358', time: '2018-11-14T08:25:53'
System info: host: 'SYS8', ip: '172.31.253.251', os.name: 'Windows 10', os.arch: 'x86', os.version: '10.0', java.version: '1.8.0_181'
Driver info: com.kms.katalon.selenium.driver.CChromeDriver
Capabilities {acceptInsecureCerts: false, browserName: chrome, browserVersion: 86.0.4240.75, chrome: {chromedriverVersion: 85.0.4183.87 (cd6713ebf92fa..., userDataDir: C:\Users\admin\AppData\Loca...}, goog:chromeOptions: {debuggerAddress: localhost:49251}, javascriptEnabled: true, networkConnectionEnabled: false, pageLoadStrategy: normal, platform: WINDOWS, platformName: WINDOWS, proxy: Proxy(), setWindowRect: true, strictFileInteractability: false, timeouts: {implicit: 0, pageLoad: 300000, script: 30000}, unhandledPromptBehavior: dismiss and notify, webauthn:virtualAuthenticators: true}
Session ID: b0a01295860e13119a0ebd2191a252a3

2020-10-15 17:02:46 - [MESSAGE][ERROR] - javascript error: Failed to execute 'elementsFromPoint' on 'Document': The provided double value is non-finite.
  (Session info: chrome=86.0.4240.75)
Build info: version: '3.141.59', revision: 'e82be7d358', time: '2018-11-14T08:25:53'
System info: host: 'SYS8', ip: '172.31.253.251', os.name: 'Windows 10', os.arch: 'x86', os.version: '10.0', java.version: '1.8.0_181'
Driver info: com.kms.katalon.selenium.driver.CChromeDriver
Capabilities {acceptInsecureCerts: false, browserName: chrome, browserVersion: 86.0.4240.75, chrome: {chromedriverVersion: 85.0.4183.87 (cd6713ebf92fa..., userDataDir: C:\Users\admin\AppData\Loca...}, goog:chromeOptions: {debuggerAddress: localhost:49251}, javascriptEnabled: true, networkConnectionEnabled: false, pageLoadStrategy: normal, platform: WINDOWS, platformName: WINDOWS, proxy: Proxy(), setWindowRect: true, strictFileInteractability: false, timeouts: {implicit: 0, pageLoad: 300000, script: 30000}, unhandledPromptBehavior: dismiss and notify, webauthn:virtualAuthenticators: true}
Session ID: b0a01295860e13119a0ebd2191a252a3

2020-10-15 17:02:48 - [MESSAGE][PASSED] - Object: 'Object Repository/CERTPAY_ADMIN/PROCESS_REVERSAL' is clicked on

2020-10-15 17:02:48 - [MESSAGE][PASSED] - Quicksti_Samday_FullRefunds_Admin.ts:Clicked on the Process Reversal

2020-10-15 17:02:48 - [TEST_STEP][PASSED] - delay(2): Delayed 2 second(s)

2020-10-15 17:02:50 - [MESSAGE][PASSED] - Delayed 2 second(s)

2020-10-15 17:02:50 - [TEST_STEP][PASSED] - firstName = data.getValue("FirstName", index): null

2020-10-15 17:02:50 - [TEST_STEP][PASSED] - lastName = data.getValue("LastName", index): null

2020-10-15 17:02:50 - [TEST_STEP][PASSED] - expMonth = data.getValue("ExpMonth", index): null

2020-10-15 17:02:50 - [TEST_STEP][PASSED] - expYear = data.getValue("ExpYear", index): null

2020-10-15 17:02:50 - [TEST_STEP][PASSED] - securityCode = data.getValue("SecurityCode", index): null

2020-10-15 17:02:50 - [TEST_STEP][PASSED] - paymentAmount = data.getValue("PaymentAmount", index): null

2020-10-15 17:02:50 - [TEST_STEP][PASSED] - paymentType = data.getValue("PaymentType", index): null

2020-10-15 17:02:50 - [TEST_STEP][PASSED] - quantity = data.getValue("Quantity", index): null

2020-10-15 17:02:50 - [TEST_STEP][PASSED] - comments = data.getValue("Comments", index): null

2020-10-15 17:02:50 - [TEST_STEP][PASSED] - referenceNum = data.getValue("ReferenceNum", index): null

2020-10-15 17:02:50 - [TEST_STEP][PASSED] - address = data.getValue("Address", index): null

2020-10-15 17:02:50 - [TEST_STEP][PASSED] - zipCode = data.getValue("Zipcode", index): null

2020-10-15 17:02:50 - [TEST_STEP][PASSED] - telephone = data.getValue("Telephone", index): null

2020-10-15 17:02:50 - [TEST_STEP][PASSED] - emailAddress = data.getValue("EmailAddress", index): null

2020-10-15 17:02:50 - [TEST_STEP][PASSED] - cardNum = data.getValue("CardNumber", index): null

2020-10-15 17:02:50 - [TEST_STEP][PASSED] - cardType = data.getValue("CardType", index): null

2020-10-15 17:02:50 - [TEST_STEP][PASSED] - utilities.SafeActions.openBrowser(Quicksti_Url, [pageLoadTime]): Browser launched successfully

2020-10-15 17:02:50 - [MESSAGE][INFO] - Opening Browser

2020-10-15 17:02:50 - [MESSAGE][WARNING] - A browser is already opened. Closing browser and opening a new one

2020-10-15 17:02:51 - [MESSAGE][INFO] - Starting 'Chrome' driver

2020-10-15 17:02:58 - [MESSAGE][PASSED] - Browser is opened with url: 'https://qa-certpayquicksti.faps.net/'

2020-10-15 17:03:00 - [MESSAGE][PASSED] - Current window maximized

2020-10-15 17:03:00 - [MESSAGE][PASSED] - Browser launched successfully

2020-10-15 17:03:00 - [TEST_STEP][PASSED] - utilities.SafeActions.safeType(findTestObject("CERTPAY_QUICKSTI/Login_ Page/BUREAU_CODE"), bureau_code, "Bureau code", [pageLoadTime]): Quicksti_Samday_FullRefunds_Admin.ts:Entered'6100000 into Bureau code

2020-10-15 17:03:01 - [MESSAGE][PASSED] - Object 'Object Repository/CERTPAY_QUICKSTI/Login_ Page/BUREAU_CODE' is present

2020-10-15 17:03:01 - [MESSAGE][PASSED] - Object 'Object Repository/CERTPAY_QUICKSTI/Login_ Page/BUREAU_CODE' is visible

2020-10-15 17:03:01 - [MESSAGE][PASSED] - Object 'Object Repository/CERTPAY_QUICKSTI/Login_ Page/BUREAU_CODE' is present

2020-10-15 17:03:02 - [MESSAGE][PASSED] - Text '6100000' is set on object 'Object Repository/CERTPAY_QUICKSTI/Login_ Page/BUREAU_CODE'

2020-10-15 17:03:02 - [MESSAGE][PASSED] - Quicksti_Samday_FullRefunds_Admin.ts:Entered'6100000 into Bureau code

2020-10-15 17:03:02 - [TEST_STEP][PASSED] - utilities.SafeActions.safeType(findTestObject("CERTPAY_QUICKSTI/Login_ Page/TELLER_ID"), teller_id, "Bureau code", [pageLoadTime]): Quicksti_Samday_FullRefunds_Admin.ts:Entered'zenq into Bureau code

2020-10-15 17:03:03 - [MESSAGE][PASSED] - Object 'Object Repository/CERTPAY_QUICKSTI/Login_ Page/TELLER_ID' is present

2020-10-15 17:03:03 - [MESSAGE][PASSED] - Object 'Object Repository/CERTPAY_QUICKSTI/Login_ Page/TELLER_ID' is visible

2020-10-15 17:03:03 - [MESSAGE][PASSED] - Object 'Object Repository/CERTPAY_QUICKSTI/Login_ Page/TELLER_ID' is present

2020-10-15 17:03:04 - [MESSAGE][PASSED] - Text 'zenq' is set on object 'Object Repository/CERTPAY_QUICKSTI/Login_ Page/TELLER_ID'

2020-10-15 17:03:04 - [MESSAGE][PASSED] - Quicksti_Samday_FullRefunds_Admin.ts:Entered'zenq into Bureau code

2020-10-15 17:03:04 - [TEST_STEP][PASSED] - utilities.SafeActions.safeClick(findTestObject("CERTPAY_QUICKSTI/Login_ Page/NEXT_BUTTON"), "Next button", [pageLoadTime]): Quicksti_Samday_FullRefunds_Admin.ts:Clicked on the Next button

2020-10-15 17:03:05 - [MESSAGE][INFO] - safeClicking

2020-10-15 17:03:05 - [MESSAGE][PASSED] - Object 'Object Repository/CERTPAY_QUICKSTI/Login_ Page/NEXT_BUTTON' is present

2020-10-15 17:03:05 - [MESSAGE][PASSED] - Object 'Object Repository/CERTPAY_QUICKSTI/Login_ Page/NEXT_BUTTON' is clickable

2020-10-15 17:03:09 - [MESSAGE][PASSED] - Object: 'Object Repository/CERTPAY_QUICKSTI/Login_ Page/NEXT_BUTTON' is clicked on

2020-10-15 17:03:09 - [MESSAGE][PASSED] - Quicksti_Samday_FullRefunds_Admin.ts:Clicked on the Next button

2020-10-15 17:03:09 - [TEST_STEP][PASSED] - utilities.SafeActions.safeClick(findTestObject("CERTPAY_QUICKSTI/Payment_Information_Page/MANUAL_ENTRY_BUTTON"), "ManualEntry", [pageLoadTime]): Quicksti_Samday_FullRefunds_Admin.ts:Clicked on the ManualEntry

2020-10-15 17:03:09 - [MESSAGE][INFO] - safeClicking

2020-10-15 17:03:09 - [MESSAGE][PASSED] - Object 'Object Repository/CERTPAY_QUICKSTI/Payment_Information_Page/MANUAL_ENTRY_BUTTON' is present

2020-10-15 17:03:09 - [MESSAGE][PASSED] - Object 'Object Repository/CERTPAY_QUICKSTI/Payment_Information_Page/MANUAL_ENTRY_BUTTON' is clickable

2020-10-15 17:03:11 - [MESSAGE][PASSED] - Object: 'Object Repository/CERTPAY_QUICKSTI/Payment_Information_Page/MANUAL_ENTRY_BUTTON' is clicked on

2020-10-15 17:03:11 - [MESSAGE][PASSED] - Quicksti_Samday_FullRefunds_Admin.ts:Clicked on the ManualEntry

2020-10-15 17:03:11 - [TEST_STEP][PASSED] - CardNumber = pages.Quicksti.setUserPaymentDetails(firstName, lastName, cardNum): Quicksti_Samday_FullRefunds_Admin.ts:Entered'374245003731006 into CardNum

2020-10-15 17:03:12 - [MESSAGE][PASSED] - Object 'Object Repository/CERTPAY_QUICKSTI/Payment_Information_Page/FIRST_NAME' is present

2020-10-15 17:03:12 - [MESSAGE][PASSED] - Object 'Object Repository/CERTPAY_QUICKSTI/Payment_Information_Page/FIRST_NAME' is visible

2020-10-15 17:03:12 - [MESSAGE][PASSED] - Object 'Object Repository/CERTPAY_QUICKSTI/Payment_Information_Page/FIRST_NAME' is present

2020-10-15 17:03:13 - [MESSAGE][PASSED] - Text 'Tester' is set on object 'Object Repository/CERTPAY_QUICKSTI/Payment_Information_Page/FIRST_NAME'

2020-10-15 17:03:13 - [MESSAGE][PASSED] - Quicksti_Samday_FullRefunds_Admin.ts:Entered'Tester into FirstName

2020-10-15 17:03:14 - [MESSAGE][PASSED] - Object 'Object Repository/CERTPAY_QUICKSTI/Payment_Information_Page/LAST_NAME' is present

2020-10-15 17:03:14 - [MESSAGE][PASSED] - Object 'Object Repository/CERTPAY_QUICKSTI/Payment_Information_Page/LAST_NAME' is visible

2020-10-15 17:03:15 - [MESSAGE][PASSED] - Object 'Object Repository/CERTPAY_QUICKSTI/Payment_Information_Page/LAST_NAME' is present

2020-10-15 17:03:16 - [MESSAGE][PASSED] - Text 'Zenq1' is set on object 'Object Repository/CERTPAY_QUICKSTI/Payment_Information_Page/LAST_NAME'

2020-10-15 17:03:16 - [MESSAGE][PASSED] - Quicksti_Samday_FullRefunds_Admin.ts:Entered'Zenq1 into LAstName

2020-10-15 17:03:16 - [MESSAGE][PASSED] - Object 'Object Repository/CERTPAY_QUICKSTI/Payment_Information_Page/CARD_NUMBER' is present

2020-10-15 17:03:17 - [MESSAGE][PASSED] - Object 'Object Repository/CERTPAY_QUICKSTI/Payment_Information_Page/CARD_NUMBER' is visible

2020-10-15 17:03:17 - [MESSAGE][PASSED] - Object 'Object Repository/CERTPAY_QUICKSTI/Payment_Information_Page/CARD_NUMBER' is present

2020-10-15 17:03:18 - [MESSAGE][PASSED] - Text '374245003731006' is set on object 'Object Repository/CERTPAY_QUICKSTI/Payment_Information_Page/CARD_NUMBER'

2020-10-15 17:03:18 - [MESSAGE][PASSED] - Quicksti_Samday_FullRefunds_Admin.ts:Entered'374245003731006 into CardNum

2020-10-15 17:03:18 - [TEST_STEP][PASSED] - utilities.SafeActions.safeSelectOptionInDropdownByVisibleText(findTestObject("CERTPAY_QUICKSTI/Payment_Information_Page/PAYMENT_TYPE"), paymentType, "paymentType", [pageLoadTime]): selected dropdown option by visible text  Taxesfrom paymentType

2020-10-15 17:03:18 - [MESSAGE][PASSED] - Object 'Object Repository/CERTPAY_QUICKSTI/Payment_Information_Page/PAYMENT_TYPE' is visible

2020-10-15 17:03:19 - [MESSAGE][PASSED] - Object 'Object Repository/CERTPAY_QUICKSTI/Payment_Information_Page/PAYMENT_TYPE' is present

2020-10-15 17:03:20 - [MESSAGE][PASSED] - Object: 'Object Repository/CERTPAY_QUICKSTI/Payment_Information_Page/PAYMENT_TYPE' is clicked on

2020-10-15 17:03:21 - [MESSAGE][PASSED] - All options with label 'Taxes' are selected in object 'Object Repository/CERTPAY_QUICKSTI/Payment_Information_Page/PAYMENT_TYPE'  using regular expression

2020-10-15 17:03:21 - [MESSAGE][PASSED] - selected dropdown option by visible text  Taxesfrom paymentType

2020-10-15 17:03:21 - [TEST_STEP][PASSED] - pages.Quicksti.setExpDate(expMonth, expYear, securityCode): Quicksti_Samday_FullRefunds_Admin.ts:Entered'111 into securityCode

2020-10-15 17:03:21 - [MESSAGE][PASSED] - Object 'Object Repository/CERTPAY_QUICKSTI/Payment_Information_Page/EXP_MONTH' is visible

2020-10-15 17:03:22 - [MESSAGE][PASSED] - Object 'Object Repository/CERTPAY_QUICKSTI/Payment_Information_Page/EXP_MONTH' is present

2020-10-15 17:03:23 - [MESSAGE][PASSED] - Object: 'Object Repository/CERTPAY_QUICKSTI/Payment_Information_Page/EXP_MONTH' is clicked on

2020-10-15 17:03:24 - [MESSAGE][PASSED] - All options with label '05' are selected in object 'Object Repository/CERTPAY_QUICKSTI/Payment_Information_Page/EXP_MONTH'  using regular expression

2020-10-15 17:03:24 - [MESSAGE][PASSED] - selected dropdown option by visible text  05from expMonth

2020-10-15 17:03:25 - [MESSAGE][PASSED] - Object 'Object Repository/CERTPAY_QUICKSTI/Payment_Information_Page/EXP_YEAR' is visible

2020-10-15 17:03:25 - [MESSAGE][PASSED] - Object 'Object Repository/CERTPAY_QUICKSTI/Payment_Information_Page/EXP_YEAR' is present

2020-10-15 17:03:26 - [MESSAGE][PASSED] - Object: 'Object Repository/CERTPAY_QUICKSTI/Payment_Information_Page/EXP_YEAR' is clicked on

2020-10-15 17:03:27 - [MESSAGE][PASSED] - All options with label '2022' are selected in object 'Object Repository/CERTPAY_QUICKSTI/Payment_Information_Page/EXP_YEAR'  using regular expression

2020-10-15 17:03:27 - [MESSAGE][PASSED] - selected dropdown option by visible text  2022from  expYear

2020-10-15 17:03:28 - [MESSAGE][PASSED] - Object 'Object Repository/CERTPAY_QUICKSTI/Payment_Information_Page/SECURITY_CODE' is present

2020-10-15 17:03:28 - [MESSAGE][PASSED] - Object 'Object Repository/CERTPAY_QUICKSTI/Payment_Information_Page/SECURITY_CODE' is visible

2020-10-15 17:03:28 - [MESSAGE][PASSED] - Object 'Object Repository/CERTPAY_QUICKSTI/Payment_Information_Page/SECURITY_CODE' is present

2020-10-15 17:03:30 - [MESSAGE][PASSED] - Text '111' is set on object 'Object Repository/CERTPAY_QUICKSTI/Payment_Information_Page/SECURITY_CODE'

2020-10-15 17:03:30 - [MESSAGE][PASSED] - Quicksti_Samday_FullRefunds_Admin.ts:Entered'111 into securityCode

2020-10-15 17:03:30 - [TEST_STEP][PASSED] - pages.Quicksti.setPaymentAmountDetailsForSinglePayment(paymentAmount, quantity): Quicksti_Samday_FullRefunds_Admin.ts:Entered'1 into Quantity

2020-10-15 17:03:30 - [MESSAGE][PASSED] - Object 'Object Repository/CERTPAY_QUICKSTI/Payment_Information_Page/PAYMENT_AMOUNT' is present

2020-10-15 17:03:30 - [MESSAGE][PASSED] - Object 'Object Repository/CERTPAY_QUICKSTI/Payment_Information_Page/PAYMENT_AMOUNT' is visible

2020-10-15 17:03:31 - [MESSAGE][PASSED] - Object 'Object Repository/CERTPAY_QUICKSTI/Payment_Information_Page/PAYMENT_AMOUNT' is present

2020-10-15 17:03:32 - [MESSAGE][PASSED] - Text '35.00' is set on object 'Object Repository/CERTPAY_QUICKSTI/Payment_Information_Page/PAYMENT_AMOUNT'

2020-10-15 17:03:32 - [MESSAGE][PASSED] - Quicksti_Samday_FullRefunds_Admin.ts:Entered'35.00 into amount

2020-10-15 17:03:32 - [MESSAGE][PASSED] - Object 'Object Repository/CERTPAY_QUICKSTI/Payment_Information_Page/QUANTITY' is present

2020-10-15 17:03:33 - [MESSAGE][PASSED] - Object 'Object Repository/CERTPAY_QUICKSTI/Payment_Information_Page/QUANTITY' is visible

2020-10-15 17:03:33 - [MESSAGE][PASSED] - Object 'Object Repository/CERTPAY_QUICKSTI/Payment_Information_Page/QUANTITY' is present

2020-10-15 17:03:34 - [MESSAGE][PASSED] - Text '1' is set on object 'Object Repository/CERTPAY_QUICKSTI/Payment_Information_Page/QUANTITY'

2020-10-15 17:03:34 - [MESSAGE][PASSED] - Quicksti_Samday_FullRefunds_Admin.ts:Entered'1 into Quantity

2020-10-15 17:03:34 - [TEST_STEP][PASSED] - utilities.SafeActions.safeType(findTestObject("CERTPAY_QUICKSTI/Payment_Information_Page/REFRENCE_NUMBER"), referenceNum, "Reference Number", [pageLoadTime]): Quicksti_Samday_FullRefunds_Admin.ts:Entered'11 into Reference Number

2020-10-15 17:03:35 - [MESSAGE][PASSED] - Object 'Object Repository/CERTPAY_QUICKSTI/Payment_Information_Page/REFRENCE_NUMBER' is present

2020-10-15 17:03:35 - [MESSAGE][PASSED] - Object 'Object Repository/CERTPAY_QUICKSTI/Payment_Information_Page/REFRENCE_NUMBER' is visible

2020-10-15 17:03:35 - [MESSAGE][PASSED] - Object 'Object Repository/CERTPAY_QUICKSTI/Payment_Information_Page/REFRENCE_NUMBER' is present

2020-10-15 17:03:37 - [MESSAGE][PASSED] - Text '11' is set on object 'Object Repository/CERTPAY_QUICKSTI/Payment_Information_Page/REFRENCE_NUMBER'

2020-10-15 17:03:37 - [MESSAGE][PASSED] - Quicksti_Samday_FullRefunds_Admin.ts:Entered'11 into Reference Number

2020-10-15 17:03:37 - [TEST_STEP][PASSED] - amount_Value = pages.Quicksti.getAttributeValue(findTestObject("CERTPAY_QUICKSTI/Payment_Information_Page/SUB_TOTAL")): pages.Quicksti.getAttributeValue is PASSED

2020-10-15 17:03:37 - [MESSAGE][PASSED] - Attribute 'value' of object 'Object Repository/CERTPAY_QUICKSTI/Payment_Information_Page/SUB_TOTAL' is: '35.00'

2020-10-15 17:03:37 - [MESSAGE][PASSED] - pages.Quicksti.getAttributeValue is PASSED

2020-10-15 17:03:37 - [TEST_STEP][PASSED] - utilities.SafeActions.safeType(findTestObject("CERTPAY_QUICKSTI/Payment_Information_Page/COMMENTS"), "Testing", "Comments", [pageLoadTime]): Quicksti_Samday_FullRefunds_Admin.ts:Entered'Testing into Comments

2020-10-15 17:03:37 - [MESSAGE][PASSED] - Object 'Object Repository/CERTPAY_QUICKSTI/Payment_Information_Page/COMMENTS' is present

2020-10-15 17:03:38 - [MESSAGE][PASSED] - Object 'Object Repository/CERTPAY_QUICKSTI/Payment_Information_Page/COMMENTS' is visible

2020-10-15 17:03:38 - [MESSAGE][PASSED] - Object 'Object Repository/CERTPAY_QUICKSTI/Payment_Information_Page/COMMENTS' is present

2020-10-15 17:03:39 - [MESSAGE][PASSED] - Text 'Testing' is set on object 'Object Repository/CERTPAY_QUICKSTI/Payment_Information_Page/COMMENTS'

2020-10-15 17:03:39 - [MESSAGE][PASSED] - Quicksti_Samday_FullRefunds_Admin.ts:Entered'Testing into Comments

2020-10-15 17:03:39 - [TEST_STEP][PASSED] - utilities.SafeActions.safeType(findTestObject("CERTPAY_QUICKSTI/Payment_Information_Page/ADDRESS"), address, "Address", [pageLoadTime]): Quicksti_Samday_FullRefunds_Admin.ts:Entered'14-2 into Address

2020-10-15 17:03:40 - [MESSAGE][PASSED] - Object 'Object Repository/CERTPAY_QUICKSTI/Payment_Information_Page/ADDRESS' is present

2020-10-15 17:03:40 - [MESSAGE][PASSED] - Object 'Object Repository/CERTPAY_QUICKSTI/Payment_Information_Page/ADDRESS' is visible

2020-10-15 17:03:40 - [MESSAGE][PASSED] - Object 'Object Repository/CERTPAY_QUICKSTI/Payment_Information_Page/ADDRESS' is present

2020-10-15 17:03:41 - [MESSAGE][PASSED] - Text '14-2' is set on object 'Object Repository/CERTPAY_QUICKSTI/Payment_Information_Page/ADDRESS'

2020-10-15 17:03:41 - [MESSAGE][PASSED] - Quicksti_Samday_FullRefunds_Admin.ts:Entered'14-2 into Address

2020-10-15 17:03:41 - [TEST_STEP][PASSED] - utilities.SafeActions.safeType(findTestObject("CERTPAY_QUICKSTI/Payment_Information_Page/ZIP_CODE"), zipCode, "zipcode", [pageLoadTime]): Quicksti_Samday_FullRefunds_Admin.ts:Entered'76102 into zipcode

2020-10-15 17:03:42 - [MESSAGE][PASSED] - Object 'Object Repository/CERTPAY_QUICKSTI/Payment_Information_Page/ZIP_CODE' is present

2020-10-15 17:03:42 - [MESSAGE][PASSED] - Object 'Object Repository/CERTPAY_QUICKSTI/Payment_Information_Page/ZIP_CODE' is visible

2020-10-15 17:03:42 - [MESSAGE][PASSED] - Object 'Object Repository/CERTPAY_QUICKSTI/Payment_Information_Page/ZIP_CODE' is present

2020-10-15 17:03:44 - [MESSAGE][PASSED] - Text '76102' is set on object 'Object Repository/CERTPAY_QUICKSTI/Payment_Information_Page/ZIP_CODE'

2020-10-15 17:03:44 - [MESSAGE][PASSED] - Quicksti_Samday_FullRefunds_Admin.ts:Entered'76102 into zipcode

2020-10-15 17:03:44 - [TEST_STEP][PASSED] - utilities.SafeActions.safeType(findTestObject("CERTPAY_QUICKSTI/Payment_Information_Page/TELEPHONE"), telephone, "Telephone", [pageLoadTime]): Quicksti_Samday_FullRefunds_Admin.ts:Entered'9989897654 into Telephone

2020-10-15 17:03:44 - [MESSAGE][PASSED] - Object 'Object Repository/CERTPAY_QUICKSTI/Payment_Information_Page/TELEPHONE' is present

2020-10-15 17:03:44 - [MESSAGE][PASSED] - Object 'Object Repository/CERTPAY_QUICKSTI/Payment_Information_Page/TELEPHONE' is visible

2020-10-15 17:03:44 - [MESSAGE][PASSED] - Object 'Object Repository/CERTPAY_QUICKSTI/Payment_Information_Page/TELEPHONE' is present

2020-10-15 17:03:46 - [MESSAGE][PASSED] - Text '9989897654' is set on object 'Object Repository/CERTPAY_QUICKSTI/Payment_Information_Page/TELEPHONE'

2020-10-15 17:03:46 - [MESSAGE][PASSED] - Quicksti_Samday_FullRefunds_Admin.ts:Entered'9989897654 into Telephone

2020-10-15 17:03:46 - [TEST_STEP][PASSED] - utilities.SafeActions.safeType(findTestObject("CERTPAY_QUICKSTI/Payment_Information_Page/EMAIL_ADDRESS"), emailAddress, "EMAIL address", [pageLoadTime]): Quicksti_Samday_FullRefunds_Admin.ts:Entered'testing@zenq.com into EMAIL address

2020-10-15 17:03:46 - [MESSAGE][PASSED] - Object 'Object Repository/CERTPAY_QUICKSTI/Payment_Information_Page/EMAIL_ADDRESS' is present

2020-10-15 17:03:46 - [MESSAGE][PASSED] - Object 'Object Repository/CERTPAY_QUICKSTI/Payment_Information_Page/EMAIL_ADDRESS' is visible

2020-10-15 17:03:47 - [MESSAGE][PASSED] - Object 'Object Repository/CERTPAY_QUICKSTI/Payment_Information_Page/EMAIL_ADDRESS' is present

2020-10-15 17:03:48 - [MESSAGE][PASSED] - Text 'testing@zenq.com' is set on object 'Object Repository/CERTPAY_QUICKSTI/Payment_Information_Page/EMAIL_ADDRESS'

2020-10-15 17:03:48 - [MESSAGE][PASSED] - Quicksti_Samday_FullRefunds_Admin.ts:Entered'testing@zenq.com into EMAIL address

2020-10-15 17:03:48 - [TEST_STEP][PASSED] - utilities.SafeActions.safeClick(findTestObject("CERTPAY_QUICKSTI/Payment_Information_Page/NEXT_BUTTON"), "Next", [pageLoadTime]): Quicksti_Samday_FullRefunds_Admin.ts:Clicked on the Next

2020-10-15 17:03:48 - [MESSAGE][INFO] - safeClicking

2020-10-15 17:03:48 - [MESSAGE][PASSED] - Object 'Object Repository/CERTPAY_QUICKSTI/Payment_Information_Page/NEXT_BUTTON' is present

2020-10-15 17:03:49 - [MESSAGE][PASSED] - Object 'Object Repository/CERTPAY_QUICKSTI/Payment_Information_Page/NEXT_BUTTON' is clickable

2020-10-15 17:03:52 - [MESSAGE][PASSED] - Object: 'Object Repository/CERTPAY_QUICKSTI/Payment_Information_Page/NEXT_BUTTON' is clicked on

2020-10-15 17:03:52 - [MESSAGE][PASSED] - Quicksti_Samday_FullRefunds_Admin.ts:Clicked on the Next

2020-10-15 17:03:52 - [TEST_STEP][PASSED] - pages.Quicksti.verifyUserPaymentDetails(paymentAmount, firstName, lastName, CardNumber): pages.Quicksti.verifyUserPaymentDetails is PASSED

2020-10-15 17:03:52 - [MESSAGE][PASSED] - Text of object 'Object Repository/CERTPAY_QUICKSTI/Payment_Details_Verification_Page/AMOUNT' is: '$35.00'

2020-10-15 17:03:52 - [MESSAGE][PASSED] - Actual text '35.00' and expected text '35.00' are matched  using regular expression

2020-10-15 17:03:52 - [MESSAGE][PASSED] - Text of object 'Object Repository/CERTPAY_QUICKSTI/Payment_Details_Verification_Page/NAME' is: 'Tester Zenq1'

2020-10-15 17:03:52 - [MESSAGE][PASSED] - Actual text 'Tester Zenq1' and expected text 'Tester Zenq1' are matched  using regular expression

2020-10-15 17:03:53 - [MESSAGE][PASSED] - Text of object 'Object Repository/CERTPAY_QUICKSTI/Payment_Details_Verification_Page/CARD_NUMBER' is: '...1006'

2020-10-15 17:03:53 - [MESSAGE][PASSED] - Actual text '1006' and expected text '1006' are matched  using regular expression

2020-10-15 17:03:53 - [MESSAGE][PASSED] - pages.Quicksti.verifyUserPaymentDetails is PASSED

2020-10-15 17:03:53 - [TEST_STEP][PASSED] - delay(2): Delayed 2 second(s)

2020-10-15 17:03:55 - [MESSAGE][PASSED] - Delayed 2 second(s)

2020-10-15 17:03:55 - [TEST_STEP][PASSED] - scrollToElement(findTestObject("CERTPAY_QUICKSTI/Payment_Details_Verification_Page/PROCESS"), 30): Scroll to object 'Object Repository/CERTPAY_QUICKSTI/Payment_Details_Verification_Page/PROCESS' successfully

2020-10-15 17:03:55 - [MESSAGE][PASSED] - Scroll to object 'Object Repository/CERTPAY_QUICKSTI/Payment_Details_Verification_Page/PROCESS' successfully

2020-10-15 17:03:55 - [TEST_STEP][PASSED] - utilities.SafeActions.safeClick(findTestObject("CERTPAY_QUICKSTI/Payment_Details_Verification_Page/PROCESS"), "Process", [pageLoadTime]): Quicksti_Samday_FullRefunds_Admin.ts:Clicked on the Process

2020-10-15 17:03:55 - [MESSAGE][INFO] - safeClicking

2020-10-15 17:03:55 - [MESSAGE][PASSED] - Object 'Object Repository/CERTPAY_QUICKSTI/Payment_Details_Verification_Page/PROCESS' is present

2020-10-15 17:03:56 - [MESSAGE][PASSED] - Object 'Object Repository/CERTPAY_QUICKSTI/Payment_Details_Verification_Page/PROCESS' is clickable

2020-10-15 17:04:01 - [MESSAGE][PASSED] - Object: 'Object Repository/CERTPAY_QUICKSTI/Payment_Details_Verification_Page/PROCESS' is clicked on

2020-10-15 17:04:01 - [MESSAGE][PASSED] - Quicksti_Samday_FullRefunds_Admin.ts:Clicked on the Process

2020-10-15 17:04:01 - [TEST_STEP][PASSED] - paymentId = pages.Quicksti.verifyPaymentApproval(findTestObject("CERTPAY_QUICKSTI/Payment_Details_Verification_Page/APPROVED")): Payment is approved

2020-10-15 17:04:01 - [MESSAGE][PASSED] - Text of object 'Object Repository/CERTPAY_QUICKSTI/Payment_Details_Verification_Page/PAYMENT_ID' is: '100176129694'

2020-10-15 17:04:01 - [MESSAGE][PASSED] - Object 'Object Repository/CERTPAY_QUICKSTI/Payment_Details_Verification_Page/APPROVED' is present

2020-10-15 17:04:01 - [MESSAGE][PASSED] - Payment is approved

2020-10-15 17:04:03 - [TEST_STEP][PASSED] - navigateToUrl(Admin_url): Navigate to 'https://qa-certpayadmin.faps.net' successfully

2020-10-15 17:04:10 - [MESSAGE][PASSED] - Navigate to 'https://qa-certpayadmin.faps.net' successfully

2020-10-15 17:04:10 - [TEST_STEP][PASSED] - pages.Bureau_Login_Page.loginToAdminSite(AdminUsername, AdminPassword): Quicksti_Samday_FullRefunds_Admin.ts:Clicked on the LOGIN

2020-10-15 17:04:10 - [MESSAGE][PASSED] - Object 'Object Repository/CERTPAY_ADMIN/USER_NAME' is present

2020-10-15 17:04:10 - [MESSAGE][PASSED] - Object 'Object Repository/CERTPAY_ADMIN/USER_NAME' is visible

2020-10-15 17:04:11 - [MESSAGE][PASSED] - Object 'Object Repository/CERTPAY_ADMIN/USER_NAME' is present

2020-10-15 17:04:12 - [MESSAGE][PASSED] - Text 'VVangiliappan' is set on object 'Object Repository/CERTPAY_ADMIN/USER_NAME'

2020-10-15 17:04:12 - [MESSAGE][PASSED] - Quicksti_Samday_FullRefunds_Admin.ts:Entered'VVangiliappan into username

2020-10-15 17:04:12 - [MESSAGE][PASSED] - Object 'Object Repository/CERTPAY_ADMIN/PASSWORD' is present

2020-10-15 17:04:13 - [MESSAGE][PASSED] - Object 'Object Repository/CERTPAY_ADMIN/PASSWORD' is visible

2020-10-15 17:04:13 - [MESSAGE][PASSED] - Object 'Object Repository/CERTPAY_ADMIN/PASSWORD' is present

2020-10-15 17:04:14 - [MESSAGE][PASSED] - Text 'Test@123' is set on object 'Object Repository/CERTPAY_ADMIN/PASSWORD'

2020-10-15 17:04:14 - [MESSAGE][PASSED] - Quicksti_Samday_FullRefunds_Admin.ts:Entered'Test@123 into password

2020-10-15 17:04:14 - [MESSAGE][INFO] - safeClicking

2020-10-15 17:04:15 - [MESSAGE][PASSED] - Object 'Object Repository/CERTPAY_ADMIN/LOGIN_BUTTON' is present

2020-10-15 17:04:15 - [MESSAGE][PASSED] - Object 'Object Repository/CERTPAY_ADMIN/LOGIN_BUTTON' is clickable

2020-10-15 17:04:24 - [MESSAGE][PASSED] - Object: 'Object Repository/CERTPAY_ADMIN/LOGIN_BUTTON' is clicked on

2020-10-15 17:04:24 - [MESSAGE][PASSED] - Quicksti_Samday_FullRefunds_Admin.ts:Clicked on the LOGIN

2020-10-15 17:04:24 - [TEST_STEP][PASSED] - utilities.SafeActions.safeClick(findTestObject("CERTPAY_ADMIN/TRANSACTION_MENU"), "TransactionMenu", [pageLoadTime]): Quicksti_Samday_FullRefunds_Admin.ts:Clicked on the TransactionMenu

2020-10-15 17:04:24 - [MESSAGE][INFO] - safeClicking

2020-10-15 17:04:24 - [MESSAGE][PASSED] - Object 'Object Repository/CERTPAY_ADMIN/TRANSACTION_MENU' is present

2020-10-15 17:04:24 - [MESSAGE][PASSED] - Object 'Object Repository/CERTPAY_ADMIN/TRANSACTION_MENU' is clickable

2020-10-15 17:04:26 - [MESSAGE][PASSED] - Object: 'Object Repository/CERTPAY_ADMIN/TRANSACTION_MENU' is clicked on

2020-10-15 17:04:26 - [MESSAGE][PASSED] - Quicksti_Samday_FullRefunds_Admin.ts:Clicked on the TransactionMenu

2020-10-15 17:04:26 - [TEST_STEP][PASSED] - utilities.SafeActions.safeClick(findTestObject("CERTPAY_ADMIN/TRANSACTION_SEARCH"), "TransactionSearch", [pageLoadTime]): Quicksti_Samday_FullRefunds_Admin.ts:Clicked on the TransactionSearch

2020-10-15 17:04:26 - [MESSAGE][INFO] - safeClicking

2020-10-15 17:04:26 - [MESSAGE][PASSED] - Object 'Object Repository/CERTPAY_ADMIN/TRANSACTION_SEARCH' is present

2020-10-15 17:04:26 - [MESSAGE][PASSED] - Object 'Object Repository/CERTPAY_ADMIN/TRANSACTION_SEARCH' is clickable

2020-10-15 17:04:31 - [MESSAGE][PASSED] - Object: 'Object Repository/CERTPAY_ADMIN/TRANSACTION_SEARCH' is clicked on

2020-10-15 17:04:31 - [MESSAGE][PASSED] - Quicksti_Samday_FullRefunds_Admin.ts:Clicked on the TransactionSearch

2020-10-15 17:04:31 - [TEST_STEP][PASSED] - utilities.SafeActions.safeType(findTestObject("CERTPAY_ADMIN/PAYMENT_ID"), paymentId, "Payment id", [pageLoadTime]): Quicksti_Samday_FullRefunds_Admin.ts:Entered'100176129694 into Payment id

2020-10-15 17:04:31 - [MESSAGE][PASSED] - Object 'Object Repository/CERTPAY_ADMIN/PAYMENT_ID' is present

2020-10-15 17:04:32 - [MESSAGE][PASSED] - Object 'Object Repository/CERTPAY_ADMIN/PAYMENT_ID' is visible

2020-10-15 17:04:32 - [MESSAGE][PASSED] - Object 'Object Repository/CERTPAY_ADMIN/PAYMENT_ID' is present

2020-10-15 17:04:33 - [MESSAGE][PASSED] - Text '100176129694' is set on object 'Object Repository/CERTPAY_ADMIN/PAYMENT_ID'

2020-10-15 17:04:33 - [MESSAGE][PASSED] - Quicksti_Samday_FullRefunds_Admin.ts:Entered'100176129694 into Payment id

2020-10-15 17:04:33 - [TEST_STEP][PASSED] - utilities.SafeActions.safeClick(findTestObject("CERTPAY_ADMIN/GO_BUTTON"), "Go button", [pageLoadTime]): Quicksti_Samday_FullRefunds_Admin.ts:Clicked on the Go button

2020-10-15 17:04:33 - [MESSAGE][INFO] - safeClicking

2020-10-15 17:04:34 - [MESSAGE][PASSED] - Object 'Object Repository/CERTPAY_ADMIN/GO_BUTTON' is present

2020-10-15 17:04:34 - [MESSAGE][PASSED] - Object 'Object Repository/CERTPAY_ADMIN/GO_BUTTON' is clickable

2020-10-15 17:04:37 - [MESSAGE][PASSED] - Object: 'Object Repository/CERTPAY_ADMIN/GO_BUTTON' is clicked on

2020-10-15 17:04:37 - [MESSAGE][PASSED] - Quicksti_Samday_FullRefunds_Admin.ts:Clicked on the Go button

2020-10-15 17:04:37 - [TEST_STEP][PASSED] - delay(3): Delayed 3 second(s)

2020-10-15 17:04:40 - [MESSAGE][PASSED] - Delayed 3 second(s)

2020-10-15 17:04:40 - [TEST_STEP][PASSED] - paymentIdList.add(paymentId): null

2020-10-15 17:04:40 - [TEST_STEP][PASSED] - println(paymentIdList): null

2020-10-15 17:04:40 - [TEST_STEP][PASSED] - utilities.SafeActions.safeClick(findTestObject("CERTPAY_ADMIN/ACTIONS_BUTTON"), "Actions button", [pageLoadTime]): Quicksti_Samday_FullRefunds_Admin.ts:Clicked on the Actions button

2020-10-15 17:04:40 - [MESSAGE][INFO] - safeClicking

2020-10-15 17:04:40 - [MESSAGE][PASSED] - Object 'Object Repository/CERTPAY_ADMIN/ACTIONS_BUTTON' is present

2020-10-15 17:04:40 - [MESSAGE][PASSED] - Object 'Object Repository/CERTPAY_ADMIN/ACTIONS_BUTTON' is clickable

2020-10-15 17:04:42 - [MESSAGE][PASSED] - Object: 'Object Repository/CERTPAY_ADMIN/ACTIONS_BUTTON' is clicked on

2020-10-15 17:04:42 - [MESSAGE][PASSED] - Quicksti_Samday_FullRefunds_Admin.ts:Clicked on the Actions button

2020-10-15 17:04:42 - [TEST_STEP][PASSED] - utilities.SafeActions.safeClick(findTestObject("CERTPAY_ADMIN/REFUND_MENU"), "Refund Menu", [pageLoadTime]): Quicksti_Samday_FullRefunds_Admin.ts:Clicked on the Refund Menu

2020-10-15 17:04:42 - [MESSAGE][INFO] - safeClicking

2020-10-15 17:04:42 - [MESSAGE][PASSED] - Object 'Object Repository/CERTPAY_ADMIN/REFUND_MENU' is present

2020-10-15 17:04:42 - [MESSAGE][PASSED] - Object 'Object Repository/CERTPAY_ADMIN/REFUND_MENU' is clickable

2020-10-15 17:04:43 - [MESSAGE][PASSED] - Object: 'Object Repository/CERTPAY_ADMIN/REFUND_MENU' is clicked on

2020-10-15 17:04:43 - [MESSAGE][PASSED] - Quicksti_Samday_FullRefunds_Admin.ts:Clicked on the Refund Menu

2020-10-15 17:04:43 - [TEST_STEP][PASSED] - utilities.SafeActions.safeClick(findTestObject("CERTPAY_ADMIN/VOID_RADIO_BUTTON"), "Void", [pageLoadTime]): Quicksti_Samday_FullRefunds_Admin.ts:Clicked on the Void

2020-10-15 17:04:43 - [MESSAGE][INFO] - safeClicking

2020-10-15 17:04:44 - [MESSAGE][PASSED] - Object 'Object Repository/CERTPAY_ADMIN/VOID_RADIO_BUTTON' is present

2020-10-15 17:04:44 - [MESSAGE][PASSED] - Object 'Object Repository/CERTPAY_ADMIN/VOID_RADIO_BUTTON' is clickable

2020-10-15 17:04:45 - [MESSAGE][ERROR] - javascript error: Failed to execute 'elementsFromPoint' on 'Document': The provided double value is non-finite.
  (Session info: chrome=86.0.4240.75)
Build info: version: '3.141.59', revision: 'e82be7d358', time: '2018-11-14T08:25:53'
System info: host: 'SYS8', ip: '172.31.253.251', os.name: 'Windows 10', os.arch: 'x86', os.version: '10.0', java.version: '1.8.0_181'
Driver info: com.kms.katalon.selenium.driver.CChromeDriver
Capabilities {acceptInsecureCerts: false, browserName: chrome, browserVersion: 86.0.4240.75, chrome: {chromedriverVersion: 85.0.4183.87 (cd6713ebf92fa..., userDataDir: C:\Users\admin\AppData\Loca...}, goog:chromeOptions: {debuggerAddress: localhost:50954}, javascriptEnabled: true, networkConnectionEnabled: false, pageLoadStrategy: normal, platform: WINDOWS, platformName: WINDOWS, proxy: Proxy(), setWindowRect: true, strictFileInteractability: false, timeouts: {implicit: 0, pageLoad: 300000, script: 30000}, unhandledPromptBehavior: dismiss and notify, webauthn:virtualAuthenticators: true}
Session ID: a14ed845045f3350d538aa65ee3cdf45

2020-10-15 17:05:16 - [MESSAGE][ERROR] - javascript error: Failed to execute 'elementsFromPoint' on 'Document': The provided double value is non-finite.
  (Session info: chrome=86.0.4240.75)
Build info: version: '3.141.59', revision: 'e82be7d358', time: '2018-11-14T08:25:53'
System info: host: 'SYS8', ip: '172.31.253.251', os.name: 'Windows 10', os.arch: 'x86', os.version: '10.0', java.version: '1.8.0_181'
Driver info: com.kms.katalon.selenium.driver.CChromeDriver
Capabilities {acceptInsecureCerts: false, browserName: chrome, browserVersion: 86.0.4240.75, chrome: {chromedriverVersion: 85.0.4183.87 (cd6713ebf92fa..., userDataDir: C:\Users\admin\AppData\Loca...}, goog:chromeOptions: {debuggerAddress: localhost:50954}, javascriptEnabled: true, networkConnectionEnabled: false, pageLoadStrategy: normal, platform: WINDOWS, platformName: WINDOWS, proxy: Proxy(), setWindowRect: true, strictFileInteractability: false, timeouts: {implicit: 0, pageLoad: 300000, script: 30000}, unhandledPromptBehavior: dismiss and notify, webauthn:virtualAuthenticators: true}
Session ID: a14ed845045f3350d538aa65ee3cdf45

2020-10-15 17:05:16 - [MESSAGE][PASSED] - Object: 'Object Repository/CERTPAY_ADMIN/VOID_RADIO_BUTTON' is clicked on

2020-10-15 17:05:16 - [MESSAGE][PASSED] - Quicksti_Samday_FullRefunds_Admin.ts:Clicked on the Void

2020-10-15 17:05:16 - [TEST_STEP][PASSED] - utilities.SafeActions.safeClick(findTestObject("Object Repository/CERTPAY_ADMIN/PROCESS_REVERSAL"), "Process Reversal", [pageLoadTime]): Quicksti_Samday_FullRefunds_Admin.ts:Clicked on the Process Reversal

2020-10-15 17:05:16 - [MESSAGE][INFO] - safeClicking

2020-10-15 17:05:16 - [MESSAGE][PASSED] - Object 'Object Repository/CERTPAY_ADMIN/PROCESS_REVERSAL' is present

2020-10-15 17:05:17 - [MESSAGE][PASSED] - Object 'Object Repository/CERTPAY_ADMIN/PROCESS_REVERSAL' is clickable

2020-10-15 17:05:18 - [MESSAGE][ERROR] - javascript error: Failed to execute 'elementsFromPoint' on 'Document': The provided double value is non-finite.
  (Session info: chrome=86.0.4240.75)
Build info: version: '3.141.59', revision: 'e82be7d358', time: '2018-11-14T08:25:53'
System info: host: 'SYS8', ip: '172.31.253.251', os.name: 'Windows 10', os.arch: 'x86', os.version: '10.0', java.version: '1.8.0_181'
Driver info: com.kms.katalon.selenium.driver.CChromeDriver
Capabilities {acceptInsecureCerts: false, browserName: chrome, browserVersion: 86.0.4240.75, chrome: {chromedriverVersion: 85.0.4183.87 (cd6713ebf92fa..., userDataDir: C:\Users\admin\AppData\Loca...}, goog:chromeOptions: {debuggerAddress: localhost:50954}, javascriptEnabled: true, networkConnectionEnabled: false, pageLoadStrategy: normal, platform: WINDOWS, platformName: WINDOWS, proxy: Proxy(), setWindowRect: true, strictFileInteractability: false, timeouts: {implicit: 0, pageLoad: 300000, script: 30000}, unhandledPromptBehavior: dismiss and notify, webauthn:virtualAuthenticators: true}
Session ID: a14ed845045f3350d538aa65ee3cdf45

2020-10-15 17:05:48 - [MESSAGE][ERROR] - javascript error: Failed to execute 'elementsFromPoint' on 'Document': The provided double value is non-finite.
  (Session info: chrome=86.0.4240.75)
Build info: version: '3.141.59', revision: 'e82be7d358', time: '2018-11-14T08:25:53'
System info: host: 'SYS8', ip: '172.31.253.251', os.name: 'Windows 10', os.arch: 'x86', os.version: '10.0', java.version: '1.8.0_181'
Driver info: com.kms.katalon.selenium.driver.CChromeDriver
Capabilities {acceptInsecureCerts: false, browserName: chrome, browserVersion: 86.0.4240.75, chrome: {chromedriverVersion: 85.0.4183.87 (cd6713ebf92fa..., userDataDir: C:\Users\admin\AppData\Loca...}, goog:chromeOptions: {debuggerAddress: localhost:50954}, javascriptEnabled: true, networkConnectionEnabled: false, pageLoadStrategy: normal, platform: WINDOWS, platformName: WINDOWS, proxy: Proxy(), setWindowRect: true, strictFileInteractability: false, timeouts: {implicit: 0, pageLoad: 300000, script: 30000}, unhandledPromptBehavior: dismiss and notify, webauthn:virtualAuthenticators: true}
Session ID: a14ed845045f3350d538aa65ee3cdf45

2020-10-15 17:05:50 - [MESSAGE][PASSED] - Object: 'Object Repository/CERTPAY_ADMIN/PROCESS_REVERSAL' is clicked on

2020-10-15 17:05:50 - [MESSAGE][PASSED] - Quicksti_Samday_FullRefunds_Admin.ts:Clicked on the Process Reversal

2020-10-15 17:05:50 - [TEST_STEP][PASSED] - delay(2): Delayed 2 second(s)

2020-10-15 17:05:52 - [MESSAGE][PASSED] - Delayed 2 second(s)

2020-10-15 17:05:52 - [TEST_STEP][PASSED] - Start listener action : afterTestCase: Browser is closed

2020-10-15 17:05:52 - [TEST_STEP][PASSED] - closeBrowser(): Browser is closed

2020-10-15 17:05:52 - [MESSAGE][PASSED] - Browser is closed]]></system-out>
         <system-err><![CDATA[]]></system-err>
      </testcase>
      <system-out><![CDATA[2020-10-15 16:53:41 - [TEST_SUITE][PASSED] - Quicksti_Samday_FullRefunds_Admin: Test Cases/SameDay_Refunds_Admin/TC_003_VISA_SamedayRefund_Void]]></system-out>
      <system-err><![CDATA[]]></system-err>
   </testsuite>
</testsuites>
