<?xml version="1.0" encoding="UTF-8"?>
<testsuites name="Quicksti" time="873.806" tests="1" failures="0" errors="0">
   <testsuite name="Quicksti" tests="1" failures="0" errors="0" time="873.806" timestamp="2020-10-15 17:43:26" hostname="admin - SYS8" id="Test Suites/Certpay_testSuite/Quicksti">
      <properties>
         <property name="deviceName" value=""/>
         <property name="devicePlatform" value=""/>
         <property name="logFolder" value="E:\\Sush_Certpay\\Reports\\20201015_174314\\Certpay_testSuite\\Quicksti\\20201015_174314"/>
         <property name="logFiles" value="E:\\Sush_Certpay\\Reports\\20201015_174314\\Certpay_testSuite\\Quicksti\\20201015_174314\\execution0.log"/>
         <property name="attachments" value=""/>
         <property name="hostName" value="admin - SYS8"/>
         <property name="os" value="Windows 10 32bit"/>
         <property name="katalonVersion" value="7.1.2.1"/>
         <property name="browser" value="Chrome 86.0.4240.75"/>
         <property name="hostAddress" value="172.31.253.251"/>
         <property name="sessionId" value="bc2a27f254b9c1bc8978f69d7d622b4e"/>
         <property name="seleniumVersion" value="3.141.59"/>
         <property name="proxyInformation" value="ProxyInformation{proxyOption=NO_PROXY, proxyServerType=HTTP, password=, proxyServerAddress=, proxyServerPort=0, executionList=}"/>
         <property name="platform" value="Windows 10"/>
      </properties>
      <testcase name="Test Cases/Certpay_Quicksti/TC_005_MultiBureauSite_MultiBureaus_MultiLinePayments" time="873.123" classname="Test Cases/Certpay_Quicksti/TC_005_MultiBureauSite_MultiBureaus_MultiLinePayments" status="PASSED">
         <system-out><![CDATA[2020-10-15 17:43:26 - [TEST_CASE][PASSED] - Test Cases/Certpay_Quicksti/TC_005_MultiBureauSite_MultiBureaus_MultiLinePayments: Test Cases/Certpay_Quicksti/TC_005_MultiBureauSite_MultiBureaus_MultiLinePayments

2020-10-15 17:43:27 - [TEST_STEP][PASSED] - Start listener action : beforeTestCase: null

2020-10-15 17:43:27 - [TEST_STEP][PASSED] - data = findTestData("Certpay/MultiBureau_MultiLine"): null

2020-10-15 17:43:32 - [TEST_STEP][PASSED] - amountList = []: null

2020-10-15 17:43:32 - [TEST_STEP][PASSED] - referenceList = []: null

2020-10-15 17:43:32 - [TEST_STEP][PASSED] - paymentTypeList = []: null

2020-10-15 17:43:32 - [TEST_STEP][PASSED] - quantityList = []: null

2020-10-15 17:43:32 - [TEST_STEP][PASSED] - commentsList = []: null

2020-10-15 17:43:32 - [TEST_STEP][PASSED] - paymentIdList = []: null

2020-10-15 17:43:32 - [TEST_STEP][PASSED] - list = new java.util.ArrayList(): null

2020-10-15 17:43:32 - [TEST_STEP][PASSED] - for (def index : (1..data.getRowNumbers())): null

2020-10-15 17:43:32 - [TEST_STEP][PASSED] - firstName = data.getValue("FirstName", index): null

2020-10-15 17:43:32 - [TEST_STEP][PASSED] - lastName = data.getValue("LastName", index): null

2020-10-15 17:43:32 - [TEST_STEP][PASSED] - cardNum = data.getValue("CardNumber", index): null

2020-10-15 17:43:32 - [TEST_STEP][PASSED] - expMonth = data.getValue("ExpMonth", index): null

2020-10-15 17:43:32 - [TEST_STEP][PASSED] - expYear = data.getValue("ExpYear", index): null

2020-10-15 17:43:32 - [TEST_STEP][PASSED] - securityCode = data.getValue("SecurityCode", index): null

2020-10-15 17:43:32 - [TEST_STEP][PASSED] - paymentAmount = data.getValue("PaymentAmount", index): null

2020-10-15 17:43:32 - [TEST_STEP][PASSED] - paymentType = data.getValue("PaymentType", index): null

2020-10-15 17:43:32 - [TEST_STEP][PASSED] - quantity = data.getValue("Quantity", index): null

2020-10-15 17:43:32 - [TEST_STEP][PASSED] - comments = data.getValue("Comments", index): null

2020-10-15 17:43:32 - [TEST_STEP][PASSED] - referenceNum = data.getValue("ReferenceNum", index): null

2020-10-15 17:43:32 - [TEST_STEP][PASSED] - address = data.getValue("Address", index): null

2020-10-15 17:43:32 - [TEST_STEP][PASSED] - zipCode = data.getValue("Zipcode", index): null

2020-10-15 17:43:32 - [TEST_STEP][PASSED] - telephone = data.getValue("Telephone", index): null

2020-10-15 17:43:32 - [TEST_STEP][PASSED] - emailAddress = data.getValue("EmailAddress", index): null

2020-10-15 17:43:32 - [TEST_STEP][PASSED] - cardType = data.getValue("CardType", index): null

2020-10-15 17:43:32 - [TEST_STEP][PASSED] - amountList = paymentAmount.split(","): null

2020-10-15 17:43:32 - [TEST_STEP][PASSED] - referenceList = referenceNum.split(","): null

2020-10-15 17:43:32 - [TEST_STEP][PASSED] - paymentTypeList = paymentType.split(","): null

2020-10-15 17:43:32 - [TEST_STEP][PASSED] - commentsList = comments.split(","): null

2020-10-15 17:43:32 - [TEST_STEP][PASSED] - quantityList = quantity.split(","): null

2020-10-15 17:43:32 - [TEST_STEP][PASSED] - utilities.SafeActions.openBrowser(Quicksti_Url, [pageLoadTime]): Browser launched successfully

2020-10-15 17:43:33 - [MESSAGE][INFO] - Opening Browser

2020-10-15 17:43:34 - [MESSAGE][INFO] - Starting 'Chrome' driver

2020-10-15 17:43:36 - [MESSAGE][INFO] - Action delay is set to 0 seconds

2020-10-15 17:44:18 - [MESSAGE][PASSED] - Browser is opened with url: 'https://qa-certpayquicksti.faps.net/'

2020-10-15 17:44:20 - [MESSAGE][PASSED] - Current window maximized

2020-10-15 17:44:20 - [MESSAGE][PASSED] - Browser launched successfully

2020-10-15 17:44:20 - [TEST_STEP][PASSED] - utilities.SafeActions.safeCheck(findTestObject("CERTPAY_QUICKSTI/Login_ Page/MULTI_BUREAU_CHECKBOX"), "Multi Bureau", [pageLoadTime]): Quicksti.ts:Checkbox 'Multi Bureau'is selected

2020-10-15 17:44:21 - [MESSAGE][PASSED] - Object 'Object Repository/CERTPAY_QUICKSTI/Login_ Page/MULTI_BUREAU_CHECKBOX' is present

2020-10-15 17:44:23 - [MESSAGE][PASSED] - Object 'Object Repository/CERTPAY_QUICKSTI/Login_ Page/MULTI_BUREAU_CHECKBOX' is present

2020-10-15 17:44:24 - [MESSAGE][PASSED] - Object: 'Object Repository/CERTPAY_QUICKSTI/Login_ Page/MULTI_BUREAU_CHECKBOX' is clicked on

2020-10-15 17:44:24 - [MESSAGE][PASSED] - Quicksti.ts:Checkbox 'Multi Bureau'is selected

2020-10-15 17:44:24 - [TEST_STEP][PASSED] - utilities.SafeActions.safeType(findTestObject("CERTPAY_QUICKSTI/Login_ Page/TELLER_ID"), teller_id, "Bureau code", [pageLoadTime]): Quicksti.ts:Entered'zenq into Bureau code

2020-10-15 17:44:27 - [MESSAGE][PASSED] - Object 'Object Repository/CERTPAY_QUICKSTI/Login_ Page/TELLER_ID' is present

2020-10-15 17:44:27 - [MESSAGE][PASSED] - Object 'Object Repository/CERTPAY_QUICKSTI/Login_ Page/TELLER_ID' is visible

2020-10-15 17:44:27 - [MESSAGE][PASSED] - Object 'Object Repository/CERTPAY_QUICKSTI/Login_ Page/TELLER_ID' is present

2020-10-15 17:44:29 - [MESSAGE][PASSED] - Text 'zenq' is set on object 'Object Repository/CERTPAY_QUICKSTI/Login_ Page/TELLER_ID'

2020-10-15 17:44:29 - [MESSAGE][PASSED] - Quicksti.ts:Entered'zenq into Bureau code

2020-10-15 17:44:29 - [TEST_STEP][PASSED] - utilities.SafeActions.safeClick(findTestObject("CERTPAY_QUICKSTI/Login_ Page/NEXT_BUTTON"), "Next button", [pageLoadTime]): Quicksti.ts:Clicked on the Next button

2020-10-15 17:44:29 - [MESSAGE][INFO] - safeClicking

2020-10-15 17:44:29 - [MESSAGE][PASSED] - Object 'Object Repository/CERTPAY_QUICKSTI/Login_ Page/NEXT_BUTTON' is present

2020-10-15 17:44:32 - [MESSAGE][PASSED] - Object 'Object Repository/CERTPAY_QUICKSTI/Login_ Page/NEXT_BUTTON' is clickable

2020-10-15 17:44:37 - [MESSAGE][PASSED] - Object: 'Object Repository/CERTPAY_QUICKSTI/Login_ Page/NEXT_BUTTON' is clicked on

2020-10-15 17:44:37 - [MESSAGE][PASSED] - Quicksti.ts:Clicked on the Next button

2020-10-15 17:44:37 - [TEST_STEP][PASSED] - for ([i = 0, i <= amountList.size() - 1, (i++)]): Quicksti.ts:Entered'2 into Quntity

2020-10-15 17:44:37 - [TEST_STEP][PASSED] - s = Integer.toString(i): null

2020-10-15 17:44:37 - [TEST_STEP][PASSED] - pages.Quicksti.setCommnets("0", s, commentsList.get(i)): Quicksti.ts:Entered'Testing into Comments

2020-10-15 17:44:37 - [MESSAGE][PASSED] - Object '' is present

2020-10-15 17:44:38 - [MESSAGE][PASSED] - Object '' is visible

2020-10-15 17:44:38 - [MESSAGE][PASSED] - Object '' is present

2020-10-15 17:44:40 - [MESSAGE][PASSED] - Text 'Testing' is set on object ''

2020-10-15 17:44:40 - [MESSAGE][PASSED] - Quicksti.ts:Entered'Testing into Comments

2020-10-15 17:44:40 - [TEST_STEP][PASSED] - utilities.SafeActions.safeType(findTestObject("CERTPAY_QUICKSTI/Payment_Information_Page/PAYMENT_AMOUNT"), amountList.get(i), "Payment Amount", [pageLoadTime]): Quicksti.ts:Entered'45.00 into Payment Amount

2020-10-15 17:44:40 - [MESSAGE][PASSED] - Object 'Object Repository/CERTPAY_QUICKSTI/Payment_Information_Page/PAYMENT_AMOUNT' is present

2020-10-15 17:44:40 - [MESSAGE][PASSED] - Object 'Object Repository/CERTPAY_QUICKSTI/Payment_Information_Page/PAYMENT_AMOUNT' is visible

2020-10-15 17:44:41 - [MESSAGE][PASSED] - Object 'Object Repository/CERTPAY_QUICKSTI/Payment_Information_Page/PAYMENT_AMOUNT' is present

2020-10-15 17:44:42 - [MESSAGE][PASSED] - Text '45.00' is set on object 'Object Repository/CERTPAY_QUICKSTI/Payment_Information_Page/PAYMENT_AMOUNT'

2020-10-15 17:44:42 - [MESSAGE][PASSED] - Quicksti.ts:Entered'45.00 into Payment Amount

2020-10-15 17:44:42 - [TEST_STEP][PASSED] - pages.Quicksti.setAmountDetailsForMultiBureau(s, paymentTypeList.get(i), "0", referenceList.get(i), quantityList.get(i)): Quicksti.ts:Entered'1 into Quntity

2020-10-15 17:44:43 - [MESSAGE][PASSED] - Object '' is visible

2020-10-15 17:44:43 - [MESSAGE][PASSED] - Object '' is present

2020-10-15 17:44:44 - [MESSAGE][PASSED] - Object: '' is clicked on

2020-10-15 17:44:45 - [MESSAGE][PASSED] - All options with label 'Licenses' are selected in object ''  using regular expression

2020-10-15 17:44:45 - [MESSAGE][PASSED] - selected dropdown option by visible text  Licensesfrom Payment Type

2020-10-15 17:44:46 - [MESSAGE][PASSED] - Object '' is present

2020-10-15 17:44:46 - [MESSAGE][PASSED] - Object '' is visible

2020-10-15 17:44:46 - [MESSAGE][PASSED] - Object '' is present

2020-10-15 17:44:48 - [MESSAGE][PASSED] - Text '11' is set on object ''

2020-10-15 17:44:48 - [MESSAGE][PASSED] - Quicksti.ts:Entered'11 into RefrenceNumber

2020-10-15 17:44:48 - [MESSAGE][PASSED] - Object '' is present

2020-10-15 17:44:48 - [MESSAGE][PASSED] - Object '' is visible

2020-10-15 17:44:48 - [MESSAGE][PASSED] - Object '' is present

2020-10-15 17:44:50 - [MESSAGE][PASSED] - Text '1' is set on object ''

2020-10-15 17:44:50 - [MESSAGE][PASSED] - Quicksti.ts:Entered'1 into Quntity

2020-10-15 17:44:50 - [TEST_STEP][PASSED] - s = Integer.toString(i): null

2020-10-15 17:44:50 - [TEST_STEP][PASSED] - pages.Quicksti.setCommnets("0", s, commentsList.get(i)): Quicksti.ts:Entered'Tester into Comments

2020-10-15 17:44:50 - [MESSAGE][PASSED] - Object '' is present

2020-10-15 17:44:50 - [MESSAGE][PASSED] - Object '' is visible

2020-10-15 17:44:51 - [MESSAGE][PASSED] - Object '' is present

2020-10-15 17:44:52 - [MESSAGE][PASSED] - Text 'Tester' is set on object ''

2020-10-15 17:44:52 - [MESSAGE][PASSED] - Quicksti.ts:Entered'Tester into Comments

2020-10-15 17:44:52 - [TEST_STEP][PASSED] - utilities.SafeActions.safeType(findTestObject("CERTPAY_QUICKSTI/Payment_Information_Page/PAYMENT_AMOUNT"), amountList.get(i), "Payment Amount", [pageLoadTime]): Quicksti.ts:Entered'35.00 into Payment Amount

2020-10-15 17:44:52 - [MESSAGE][PASSED] - Object 'Object Repository/CERTPAY_QUICKSTI/Payment_Information_Page/PAYMENT_AMOUNT' is present

2020-10-15 17:44:52 - [MESSAGE][PASSED] - Object 'Object Repository/CERTPAY_QUICKSTI/Payment_Information_Page/PAYMENT_AMOUNT' is visible

2020-10-15 17:44:53 - [MESSAGE][PASSED] - Object 'Object Repository/CERTPAY_QUICKSTI/Payment_Information_Page/PAYMENT_AMOUNT' is present

2020-10-15 17:44:54 - [MESSAGE][PASSED] - Text '35.00' is set on object 'Object Repository/CERTPAY_QUICKSTI/Payment_Information_Page/PAYMENT_AMOUNT'

2020-10-15 17:44:54 - [MESSAGE][PASSED] - Quicksti.ts:Entered'35.00 into Payment Amount

2020-10-15 17:44:54 - [TEST_STEP][PASSED] - pages.Quicksti.setAmountDetailsForMultiBureau(s, paymentTypeList.get(i), "0", referenceList.get(i), quantityList.get(i)): Quicksti.ts:Entered'2 into Quntity

2020-10-15 17:44:54 - [MESSAGE][PASSED] - Object '' is visible

2020-10-15 17:44:55 - [MESSAGE][PASSED] - Object '' is present

2020-10-15 17:44:56 - [MESSAGE][PASSED] - Object: '' is clicked on

2020-10-15 17:44:57 - [MESSAGE][PASSED] - All options with label 'Taxes' are selected in object ''  using regular expression

2020-10-15 17:44:57 - [MESSAGE][PASSED] - selected dropdown option by visible text  Taxesfrom Payment Type

2020-10-15 17:44:58 - [MESSAGE][PASSED] - Object '' is present

2020-10-15 17:44:58 - [MESSAGE][PASSED] - Object '' is visible

2020-10-15 17:44:58 - [MESSAGE][PASSED] - Object '' is present

2020-10-15 17:44:59 - [MESSAGE][PASSED] - Text '12' is set on object ''

2020-10-15 17:44:59 - [MESSAGE][PASSED] - Quicksti.ts:Entered'12 into RefrenceNumber

2020-10-15 17:45:00 - [MESSAGE][PASSED] - Object '' is present

2020-10-15 17:45:00 - [MESSAGE][PASSED] - Object '' is visible

2020-10-15 17:45:00 - [MESSAGE][PASSED] - Object '' is present

2020-10-15 17:45:01 - [MESSAGE][PASSED] - Text '2' is set on object ''

2020-10-15 17:45:01 - [MESSAGE][PASSED] - Quicksti.ts:Entered'2 into Quntity

2020-10-15 17:45:01 - [TEST_STEP][PASSED] - s = Integer.toString(i): null

2020-10-15 17:45:01 - [TEST_STEP][PASSED] - pages.Quicksti.setCommnets("0", s, commentsList.get(i)): Quicksti.ts:Entered'Testing into Comments

2020-10-15 17:45:02 - [MESSAGE][PASSED] - Object '' is present

2020-10-15 17:45:02 - [MESSAGE][PASSED] - Object '' is visible

2020-10-15 17:45:02 - [MESSAGE][PASSED] - Object '' is present

2020-10-15 17:45:04 - [MESSAGE][PASSED] - Text 'Testing' is set on object ''

2020-10-15 17:45:04 - [MESSAGE][PASSED] - Quicksti.ts:Entered'Testing into Comments

2020-10-15 17:45:04 - [TEST_STEP][PASSED] - utilities.SafeActions.safeType(findTestObject("CERTPAY_QUICKSTI/Payment_Information_Page/PAYMENT_AMOUNT"), amountList.get(i), "Payment Amount", [pageLoadTime]): Quicksti.ts:Entered'20.00 into Payment Amount

2020-10-15 17:45:04 - [MESSAGE][PASSED] - Object 'Object Repository/CERTPAY_QUICKSTI/Payment_Information_Page/PAYMENT_AMOUNT' is present

2020-10-15 17:45:04 - [MESSAGE][PASSED] - Object 'Object Repository/CERTPAY_QUICKSTI/Payment_Information_Page/PAYMENT_AMOUNT' is visible

2020-10-15 17:45:05 - [MESSAGE][PASSED] - Object 'Object Repository/CERTPAY_QUICKSTI/Payment_Information_Page/PAYMENT_AMOUNT' is present

2020-10-15 17:45:06 - [MESSAGE][PASSED] - Text '20.00' is set on object 'Object Repository/CERTPAY_QUICKSTI/Payment_Information_Page/PAYMENT_AMOUNT'

2020-10-15 17:45:06 - [MESSAGE][PASSED] - Quicksti.ts:Entered'20.00 into Payment Amount

2020-10-15 17:45:06 - [TEST_STEP][PASSED] - pages.Quicksti.setAmountDetailsForMultiBureau(s, paymentTypeList.get(i), "0", referenceList.get(i), quantityList.get(i)): Quicksti.ts:Entered'2 into Quntity

2020-10-15 17:45:06 - [MESSAGE][PASSED] - Object '' is visible

2020-10-15 17:45:07 - [MESSAGE][PASSED] - Object '' is present

2020-10-15 17:45:08 - [MESSAGE][PASSED] - Object: '' is clicked on

2020-10-15 17:45:09 - [MESSAGE][PASSED] - All options with label 'Court Fines' are selected in object ''  using regular expression

2020-10-15 17:45:09 - [MESSAGE][PASSED] - selected dropdown option by visible text  Court Finesfrom Payment Type

2020-10-15 17:45:10 - [MESSAGE][PASSED] - Object '' is present

2020-10-15 17:45:10 - [MESSAGE][PASSED] - Object '' is visible

2020-10-15 17:45:10 - [MESSAGE][PASSED] - Object '' is present

2020-10-15 17:45:12 - [MESSAGE][PASSED] - Text '13' is set on object ''

2020-10-15 17:45:12 - [MESSAGE][PASSED] - Quicksti.ts:Entered'13 into RefrenceNumber

2020-10-15 17:45:12 - [MESSAGE][PASSED] - Object '' is present

2020-10-15 17:45:12 - [MESSAGE][PASSED] - Object '' is visible

2020-10-15 17:45:12 - [MESSAGE][PASSED] - Object '' is present

2020-10-15 17:45:14 - [MESSAGE][PASSED] - Text '2' is set on object ''

2020-10-15 17:45:14 - [MESSAGE][PASSED] - Quicksti.ts:Entered'2 into Quntity

2020-10-15 17:45:14 - [TEST_STEP][PASSED] - for ([i = 0, i <= amountList.size() - 1, (i++)]): Quicksti.ts:Entered'2 into Quntity

2020-10-15 17:45:14 - [TEST_STEP][PASSED] - s = Integer.toString(i): null

2020-10-15 17:45:14 - [TEST_STEP][PASSED] - utilities.SafeActions.safeType(findTestObject("CERTPAY_QUICKSTI/Payment_Information_Page/MULTIBUREAU_PAYMENT_AMOUNT"), amountList.get(i), "Payment Amount", [pageLoadTime]): Quicksti.ts:Entered'45.00 into Payment Amount

2020-10-15 17:45:14 - [MESSAGE][PASSED] - Object 'Object Repository/CERTPAY_QUICKSTI/Payment_Information_Page/MULTIBUREAU_PAYMENT_AMOUNT' is present

2020-10-15 17:45:15 - [MESSAGE][PASSED] - Object 'Object Repository/CERTPAY_QUICKSTI/Payment_Information_Page/MULTIBUREAU_PAYMENT_AMOUNT' is visible

2020-10-15 17:45:15 - [MESSAGE][PASSED] - Object 'Object Repository/CERTPAY_QUICKSTI/Payment_Information_Page/MULTIBUREAU_PAYMENT_AMOUNT' is present

2020-10-15 17:45:16 - [MESSAGE][PASSED] - Text '45.00' is set on object 'Object Repository/CERTPAY_QUICKSTI/Payment_Information_Page/MULTIBUREAU_PAYMENT_AMOUNT'

2020-10-15 17:45:16 - [MESSAGE][PASSED] - Quicksti.ts:Entered'45.00 into Payment Amount

2020-10-15 17:45:16 - [TEST_STEP][PASSED] - pages.Quicksti.setAmountDetailsForMultiBureau(s, "Registration Fees", "1", referenceList.get(i), quantityList.get(i)): Quicksti.ts:Entered'1 into Quntity

2020-10-15 17:45:17 - [MESSAGE][PASSED] - Object '' is visible

2020-10-15 17:45:17 - [MESSAGE][PASSED] - Object '' is present

2020-10-15 17:45:18 - [MESSAGE][PASSED] - Object: '' is clicked on

2020-10-15 17:45:19 - [MESSAGE][PASSED] - All options with label 'Registration Fees' are selected in object ''  using regular expression

2020-10-15 17:45:19 - [MESSAGE][PASSED] - selected dropdown option by visible text  Registration Feesfrom Payment Type

2020-10-15 17:45:20 - [MESSAGE][PASSED] - Object '' is present

2020-10-15 17:45:20 - [MESSAGE][PASSED] - Object '' is visible

2020-10-15 17:45:20 - [MESSAGE][PASSED] - Object '' is present

2020-10-15 17:45:22 - [MESSAGE][PASSED] - Text '11' is set on object ''

2020-10-15 17:45:22 - [MESSAGE][PASSED] - Quicksti.ts:Entered'11 into RefrenceNumber

2020-10-15 17:45:22 - [MESSAGE][PASSED] - Object '' is present

2020-10-15 17:45:22 - [MESSAGE][PASSED] - Object '' is visible

2020-10-15 17:45:22 - [MESSAGE][PASSED] - Object '' is present

2020-10-15 17:45:24 - [MESSAGE][PASSED] - Text '1' is set on object ''

2020-10-15 17:45:24 - [MESSAGE][PASSED] - Quicksti.ts:Entered'1 into Quntity

2020-10-15 17:45:24 - [TEST_STEP][PASSED] - s = Integer.toString(i): null

2020-10-15 17:45:24 - [TEST_STEP][PASSED] - utilities.SafeActions.safeType(findTestObject("CERTPAY_QUICKSTI/Payment_Information_Page/MULTIBUREAU_PAYMENT_AMOUNT"), amountList.get(i), "Payment Amount", [pageLoadTime]): Quicksti.ts:Entered'35.00 into Payment Amount

2020-10-15 17:45:24 - [MESSAGE][PASSED] - Object 'Object Repository/CERTPAY_QUICKSTI/Payment_Information_Page/MULTIBUREAU_PAYMENT_AMOUNT' is present

2020-10-15 17:45:24 - [MESSAGE][PASSED] - Object 'Object Repository/CERTPAY_QUICKSTI/Payment_Information_Page/MULTIBUREAU_PAYMENT_AMOUNT' is visible

2020-10-15 17:45:25 - [MESSAGE][PASSED] - Object 'Object Repository/CERTPAY_QUICKSTI/Payment_Information_Page/MULTIBUREAU_PAYMENT_AMOUNT' is present

2020-10-15 17:45:26 - [MESSAGE][PASSED] - Text '35.00' is set on object 'Object Repository/CERTPAY_QUICKSTI/Payment_Information_Page/MULTIBUREAU_PAYMENT_AMOUNT'

2020-10-15 17:45:26 - [MESSAGE][PASSED] - Quicksti.ts:Entered'35.00 into Payment Amount

2020-10-15 17:45:26 - [TEST_STEP][PASSED] - pages.Quicksti.setAmountDetailsForMultiBureau(s, "Registration Fees", "1", referenceList.get(i), quantityList.get(i)): Quicksti.ts:Entered'2 into Quntity

2020-10-15 17:45:27 - [MESSAGE][PASSED] - Object '' is visible

2020-10-15 17:45:27 - [MESSAGE][PASSED] - Object '' is present

2020-10-15 17:45:28 - [MESSAGE][PASSED] - Object: '' is clicked on

2020-10-15 17:45:29 - [MESSAGE][PASSED] - All options with label 'Registration Fees' are selected in object ''  using regular expression

2020-10-15 17:45:29 - [MESSAGE][PASSED] - selected dropdown option by visible text  Registration Feesfrom Payment Type

2020-10-15 17:45:29 - [MESSAGE][PASSED] - Object '' is present

2020-10-15 17:45:30 - [MESSAGE][PASSED] - Object '' is visible

2020-10-15 17:45:30 - [MESSAGE][PASSED] - Object '' is present

2020-10-15 17:45:31 - [MESSAGE][PASSED] - Text '12' is set on object ''

2020-10-15 17:45:31 - [MESSAGE][PASSED] - Quicksti.ts:Entered'12 into RefrenceNumber

2020-10-15 17:45:31 - [MESSAGE][PASSED] - Object '' is present

2020-10-15 17:45:32 - [MESSAGE][PASSED] - Object '' is visible

2020-10-15 17:45:32 - [MESSAGE][PASSED] - Object '' is present

2020-10-15 17:45:33 - [MESSAGE][PASSED] - Text '2' is set on object ''

2020-10-15 17:45:33 - [MESSAGE][PASSED] - Quicksti.ts:Entered'2 into Quntity

2020-10-15 17:45:33 - [TEST_STEP][PASSED] - s = Integer.toString(i): null

2020-10-15 17:45:33 - [TEST_STEP][PASSED] - utilities.SafeActions.safeType(findTestObject("CERTPAY_QUICKSTI/Payment_Information_Page/MULTIBUREAU_PAYMENT_AMOUNT"), amountList.get(i), "Payment Amount", [pageLoadTime]): Quicksti.ts:Entered'20.00 into Payment Amount

2020-10-15 17:45:34 - [MESSAGE][PASSED] - Object 'Object Repository/CERTPAY_QUICKSTI/Payment_Information_Page/MULTIBUREAU_PAYMENT_AMOUNT' is present

2020-10-15 17:45:34 - [MESSAGE][PASSED] - Object 'Object Repository/CERTPAY_QUICKSTI/Payment_Information_Page/MULTIBUREAU_PAYMENT_AMOUNT' is visible

2020-10-15 17:45:34 - [MESSAGE][PASSED] - Object 'Object Repository/CERTPAY_QUICKSTI/Payment_Information_Page/MULTIBUREAU_PAYMENT_AMOUNT' is present

2020-10-15 17:45:35 - [MESSAGE][PASSED] - Text '20.00' is set on object 'Object Repository/CERTPAY_QUICKSTI/Payment_Information_Page/MULTIBUREAU_PAYMENT_AMOUNT'

2020-10-15 17:45:35 - [MESSAGE][PASSED] - Quicksti.ts:Entered'20.00 into Payment Amount

2020-10-15 17:45:35 - [TEST_STEP][PASSED] - pages.Quicksti.setAmountDetailsForMultiBureau(s, "Registration Fees", "1", referenceList.get(i), quantityList.get(i)): Quicksti.ts:Entered'2 into Quntity

2020-10-15 17:45:36 - [MESSAGE][PASSED] - Object '' is visible

2020-10-15 17:45:36 - [MESSAGE][PASSED] - Object '' is present

2020-10-15 17:45:37 - [MESSAGE][PASSED] - Object: '' is clicked on

2020-10-15 17:45:38 - [MESSAGE][PASSED] - All options with label 'Registration Fees' are selected in object ''  using regular expression

2020-10-15 17:45:38 - [MESSAGE][PASSED] - selected dropdown option by visible text  Registration Feesfrom Payment Type

2020-10-15 17:45:39 - [MESSAGE][PASSED] - Object '' is present

2020-10-15 17:45:39 - [MESSAGE][PASSED] - Object '' is visible

2020-10-15 17:45:39 - [MESSAGE][PASSED] - Object '' is present

2020-10-15 17:45:41 - [MESSAGE][PASSED] - Text '13' is set on object ''

2020-10-15 17:45:41 - [MESSAGE][PASSED] - Quicksti.ts:Entered'13 into RefrenceNumber

2020-10-15 17:45:41 - [MESSAGE][PASSED] - Object '' is present

2020-10-15 17:45:41 - [MESSAGE][PASSED] - Object '' is visible

2020-10-15 17:45:41 - [MESSAGE][PASSED] - Object '' is present

2020-10-15 17:45:43 - [MESSAGE][PASSED] - Text '2' is set on object ''

2020-10-15 17:45:43 - [MESSAGE][PASSED] - Quicksti.ts:Entered'2 into Quntity

2020-10-15 17:45:43 - [TEST_STEP][PASSED] - for ([i = 0, i <= amountList.size() - 1, (i++)]): Quicksti.ts:Entered'Testing into Comments

2020-10-15 17:45:43 - [TEST_STEP][PASSED] - s = Integer.toString(i): null

2020-10-15 17:45:43 - [TEST_STEP][PASSED] - utilities.SafeActions.safeType(findTestObject("CERTPAY_QUICKSTI/Payment_Information_Page/MULTIBUREAU_PAY_AMOUNT2"), amountList.get(i), "Payment Amount", [pageLoadTime]): Quicksti.ts:Entered'45.00 into Payment Amount

2020-10-15 17:45:43 - [MESSAGE][PASSED] - Object 'Object Repository/CERTPAY_QUICKSTI/Payment_Information_Page/MULTIBUREAU_PAY_AMOUNT2' is present

2020-10-15 17:45:43 - [MESSAGE][PASSED] - Object 'Object Repository/CERTPAY_QUICKSTI/Payment_Information_Page/MULTIBUREAU_PAY_AMOUNT2' is visible

2020-10-15 17:45:44 - [MESSAGE][PASSED] - Object 'Object Repository/CERTPAY_QUICKSTI/Payment_Information_Page/MULTIBUREAU_PAY_AMOUNT2' is present

2020-10-15 17:45:45 - [MESSAGE][PASSED] - Text '45.00' is set on object 'Object Repository/CERTPAY_QUICKSTI/Payment_Information_Page/MULTIBUREAU_PAY_AMOUNT2'

2020-10-15 17:45:45 - [MESSAGE][PASSED] - Quicksti.ts:Entered'45.00 into Payment Amount

2020-10-15 17:45:45 - [TEST_STEP][PASSED] - pages.Quicksti.setAmountDetailsForMultiBureau(s, "Vehicles", "2", referenceList.get(i), quantityList.get(i)): Quicksti.ts:Entered'1 into Quntity

2020-10-15 17:45:45 - [MESSAGE][PASSED] - Object '' is visible

2020-10-15 17:45:46 - [MESSAGE][PASSED] - Object '' is present

2020-10-15 17:45:47 - [MESSAGE][PASSED] - Object: '' is clicked on

2020-10-15 17:45:48 - [MESSAGE][PASSED] - All options with label 'Vehicles' are selected in object ''  using regular expression

2020-10-15 17:45:48 - [MESSAGE][PASSED] - selected dropdown option by visible text  Vehiclesfrom Payment Type

2020-10-15 17:45:48 - [MESSAGE][PASSED] - Object '' is present

2020-10-15 17:45:49 - [MESSAGE][PASSED] - Object '' is visible

2020-10-15 17:45:49 - [MESSAGE][PASSED] - Object '' is present

2020-10-15 17:45:50 - [MESSAGE][PASSED] - Text '11' is set on object ''

2020-10-15 17:45:50 - [MESSAGE][PASSED] - Quicksti.ts:Entered'11 into RefrenceNumber

2020-10-15 17:45:51 - [MESSAGE][PASSED] - Object '' is present

2020-10-15 17:45:51 - [MESSAGE][PASSED] - Object '' is visible

2020-10-15 17:45:51 - [MESSAGE][PASSED] - Object '' is present

2020-10-15 17:45:52 - [MESSAGE][PASSED] - Text '1' is set on object ''

2020-10-15 17:45:52 - [MESSAGE][PASSED] - Quicksti.ts:Entered'1 into Quntity

2020-10-15 17:45:52 - [TEST_STEP][PASSED] - pages.Quicksti.setCommnets("2", s, commentsList.get(i)): Quicksti.ts:Entered'Testing into Comments

2020-10-15 17:45:53 - [MESSAGE][PASSED] - Object '' is present

2020-10-15 17:45:53 - [MESSAGE][PASSED] - Object '' is visible

2020-10-15 17:45:53 - [MESSAGE][PASSED] - Object '' is present

2020-10-15 17:45:55 - [MESSAGE][PASSED] - Text 'Testing' is set on object ''

2020-10-15 17:45:55 - [MESSAGE][PASSED] - Quicksti.ts:Entered'Testing into Comments

2020-10-15 17:45:55 - [TEST_STEP][PASSED] - s = Integer.toString(i): null

2020-10-15 17:45:55 - [TEST_STEP][PASSED] - utilities.SafeActions.safeType(findTestObject("CERTPAY_QUICKSTI/Payment_Information_Page/MULTIBUREAU_PAY_AMOUNT2"), amountList.get(i), "Payment Amount", [pageLoadTime]): Quicksti.ts:Entered'35.00 into Payment Amount

2020-10-15 17:45:55 - [MESSAGE][PASSED] - Object 'Object Repository/CERTPAY_QUICKSTI/Payment_Information_Page/MULTIBUREAU_PAY_AMOUNT2' is present

2020-10-15 17:45:55 - [MESSAGE][PASSED] - Object 'Object Repository/CERTPAY_QUICKSTI/Payment_Information_Page/MULTIBUREAU_PAY_AMOUNT2' is visible

2020-10-15 17:45:56 - [MESSAGE][PASSED] - Object 'Object Repository/CERTPAY_QUICKSTI/Payment_Information_Page/MULTIBUREAU_PAY_AMOUNT2' is present

2020-10-15 17:45:57 - [MESSAGE][PASSED] - Text '35.00' is set on object 'Object Repository/CERTPAY_QUICKSTI/Payment_Information_Page/MULTIBUREAU_PAY_AMOUNT2'

2020-10-15 17:45:57 - [MESSAGE][PASSED] - Quicksti.ts:Entered'35.00 into Payment Amount

2020-10-15 17:45:57 - [TEST_STEP][PASSED] - pages.Quicksti.setAmountDetailsForMultiBureau(s, "Vehicles", "2", referenceList.get(i), quantityList.get(i)): Quicksti.ts:Entered'2 into Quntity

2020-10-15 17:45:58 - [MESSAGE][PASSED] - Object '' is visible

2020-10-15 17:45:58 - [MESSAGE][PASSED] - Object '' is present

2020-10-15 17:45:59 - [MESSAGE][PASSED] - Object: '' is clicked on

2020-10-15 17:46:00 - [MESSAGE][PASSED] - All options with label 'Vehicles' are selected in object ''  using regular expression

2020-10-15 17:46:00 - [MESSAGE][PASSED] - selected dropdown option by visible text  Vehiclesfrom Payment Type

2020-10-15 17:46:00 - [MESSAGE][PASSED] - Object '' is present

2020-10-15 17:46:01 - [MESSAGE][PASSED] - Object '' is visible

2020-10-15 17:46:01 - [MESSAGE][PASSED] - Object '' is present

2020-10-15 17:46:02 - [MESSAGE][PASSED] - Text '12' is set on object ''

2020-10-15 17:46:02 - [MESSAGE][PASSED] - Quicksti.ts:Entered'12 into RefrenceNumber

2020-10-15 17:46:03 - [MESSAGE][PASSED] - Object '' is present

2020-10-15 17:46:03 - [MESSAGE][PASSED] - Object '' is visible

2020-10-15 17:46:03 - [MESSAGE][PASSED] - Object '' is present

2020-10-15 17:46:04 - [MESSAGE][PASSED] - Text '2' is set on object ''

2020-10-15 17:46:04 - [MESSAGE][PASSED] - Quicksti.ts:Entered'2 into Quntity

2020-10-15 17:46:04 - [TEST_STEP][PASSED] - pages.Quicksti.setCommnets("2", s, commentsList.get(i)): Quicksti.ts:Entered'Tester into Comments

2020-10-15 17:46:05 - [MESSAGE][PASSED] - Object '' is present

2020-10-15 17:46:05 - [MESSAGE][PASSED] - Object '' is visible

2020-10-15 17:46:05 - [MESSAGE][PASSED] - Object '' is present

2020-10-15 17:46:07 - [MESSAGE][PASSED] - Text 'Tester' is set on object ''

2020-10-15 17:46:07 - [MESSAGE][PASSED] - Quicksti.ts:Entered'Tester into Comments

2020-10-15 17:46:07 - [TEST_STEP][PASSED] - s = Integer.toString(i): null

2020-10-15 17:46:07 - [TEST_STEP][PASSED] - utilities.SafeActions.safeType(findTestObject("CERTPAY_QUICKSTI/Payment_Information_Page/MULTIBUREAU_PAY_AMOUNT2"), amountList.get(i), "Payment Amount", [pageLoadTime]): Quicksti.ts:Entered'20.00 into Payment Amount

2020-10-15 17:46:07 - [MESSAGE][PASSED] - Object 'Object Repository/CERTPAY_QUICKSTI/Payment_Information_Page/MULTIBUREAU_PAY_AMOUNT2' is present

2020-10-15 17:46:07 - [MESSAGE][PASSED] - Object 'Object Repository/CERTPAY_QUICKSTI/Payment_Information_Page/MULTIBUREAU_PAY_AMOUNT2' is visible

2020-10-15 17:46:08 - [MESSAGE][PASSED] - Object 'Object Repository/CERTPAY_QUICKSTI/Payment_Information_Page/MULTIBUREAU_PAY_AMOUNT2' is present

2020-10-15 17:46:09 - [MESSAGE][PASSED] - Text '20.00' is set on object 'Object Repository/CERTPAY_QUICKSTI/Payment_Information_Page/MULTIBUREAU_PAY_AMOUNT2'

2020-10-15 17:46:09 - [MESSAGE][PASSED] - Quicksti.ts:Entered'20.00 into Payment Amount

2020-10-15 17:46:09 - [TEST_STEP][PASSED] - pages.Quicksti.setAmountDetailsForMultiBureau(s, "Vehicles", "2", referenceList.get(i), quantityList.get(i)): Quicksti.ts:Entered'2 into Quntity

2020-10-15 17:46:10 - [MESSAGE][PASSED] - Object '' is visible

2020-10-15 17:46:10 - [MESSAGE][PASSED] - Object '' is present

2020-10-15 17:46:11 - [MESSAGE][PASSED] - Object: '' is clicked on

2020-10-15 17:46:12 - [MESSAGE][PASSED] - All options with label 'Vehicles' are selected in object ''  using regular expression

2020-10-15 17:46:12 - [MESSAGE][PASSED] - selected dropdown option by visible text  Vehiclesfrom Payment Type

2020-10-15 17:46:13 - [MESSAGE][PASSED] - Object '' is present

2020-10-15 17:46:13 - [MESSAGE][PASSED] - Object '' is visible

2020-10-15 17:46:13 - [MESSAGE][PASSED] - Object '' is present

2020-10-15 17:46:15 - [MESSAGE][PASSED] - Text '13' is set on object ''

2020-10-15 17:46:15 - [MESSAGE][PASSED] - Quicksti.ts:Entered'13 into RefrenceNumber

2020-10-15 17:46:15 - [MESSAGE][PASSED] - Object '' is present

2020-10-15 17:46:15 - [MESSAGE][PASSED] - Object '' is visible

2020-10-15 17:46:16 - [MESSAGE][PASSED] - Object '' is present

2020-10-15 17:46:17 - [MESSAGE][PASSED] - Text '2' is set on object ''

2020-10-15 17:46:17 - [MESSAGE][PASSED] - Quicksti.ts:Entered'2 into Quntity

2020-10-15 17:46:17 - [TEST_STEP][PASSED] - pages.Quicksti.setCommnets("2", s, commentsList.get(i)): Quicksti.ts:Entered'Testing into Comments

2020-10-15 17:46:17 - [MESSAGE][PASSED] - Object '' is present

2020-10-15 17:46:18 - [MESSAGE][PASSED] - Object '' is visible

2020-10-15 17:46:18 - [MESSAGE][PASSED] - Object '' is present

2020-10-15 17:46:19 - [MESSAGE][PASSED] - Text 'Testing' is set on object ''

2020-10-15 17:46:19 - [MESSAGE][PASSED] - Quicksti.ts:Entered'Testing into Comments

2020-10-15 17:46:19 - [TEST_STEP][PASSED] - utilities.SafeActions.safeClick(findTestObject("CERTPAY_QUICKSTI/Payment_Information_Page/MANUAL_ENTRY_BUTTON"), "ManualEntry", [pageLoadTime]): Quicksti.ts:Clicked on the ManualEntry

2020-10-15 17:46:19 - [MESSAGE][INFO] - safeClicking

2020-10-15 17:46:20 - [MESSAGE][PASSED] - Object 'Object Repository/CERTPAY_QUICKSTI/Payment_Information_Page/MANUAL_ENTRY_BUTTON' is present

2020-10-15 17:46:20 - [MESSAGE][PASSED] - Object 'Object Repository/CERTPAY_QUICKSTI/Payment_Information_Page/MANUAL_ENTRY_BUTTON' is clickable

2020-10-15 17:46:24 - [MESSAGE][PASSED] - Object: 'Object Repository/CERTPAY_QUICKSTI/Payment_Information_Page/MANUAL_ENTRY_BUTTON' is clicked on

2020-10-15 17:46:24 - [MESSAGE][PASSED] - Quicksti.ts:Clicked on the ManualEntry

2020-10-15 17:46:24 - [TEST_STEP][PASSED] - amount_Value = pages.Quicksti.getAttributeValue(findTestObject("CERTPAY_QUICKSTI/Payment_Information_Page/SUB_TOTAL")): pages.Quicksti.getAttributeValue is PASSED

2020-10-15 17:46:25 - [MESSAGE][PASSED] - Attribute 'value' of object 'Object Repository/CERTPAY_QUICKSTI/Payment_Information_Page/SUB_TOTAL' is: '45.00'

2020-10-15 17:46:25 - [MESSAGE][PASSED] - pages.Quicksti.getAttributeValue is PASSED

2020-10-15 17:46:25 - [TEST_STEP][PASSED] - CardNumber = pages.Quicksti.setUserPaymentDetails(firstName, lastName, cardNum): Quicksti.ts:Entered'4761739001010135 into CardNum

2020-10-15 17:46:25 - [MESSAGE][PASSED] - Object 'Object Repository/CERTPAY_QUICKSTI/Payment_Information_Page/FIRST_NAME' is present

2020-10-15 17:46:26 - [MESSAGE][PASSED] - Object 'Object Repository/CERTPAY_QUICKSTI/Payment_Information_Page/FIRST_NAME' is visible

2020-10-15 17:46:26 - [MESSAGE][PASSED] - Object 'Object Repository/CERTPAY_QUICKSTI/Payment_Information_Page/FIRST_NAME' is present

2020-10-15 17:46:27 - [MESSAGE][PASSED] - Text 'Tester' is set on object 'Object Repository/CERTPAY_QUICKSTI/Payment_Information_Page/FIRST_NAME'

2020-10-15 17:46:27 - [MESSAGE][PASSED] - Quicksti.ts:Entered'Tester into FirstName

2020-10-15 17:46:28 - [MESSAGE][PASSED] - Object 'Object Repository/CERTPAY_QUICKSTI/Payment_Information_Page/LAST_NAME' is present

2020-10-15 17:46:28 - [MESSAGE][PASSED] - Object 'Object Repository/CERTPAY_QUICKSTI/Payment_Information_Page/LAST_NAME' is visible

2020-10-15 17:46:28 - [MESSAGE][PASSED] - Object 'Object Repository/CERTPAY_QUICKSTI/Payment_Information_Page/LAST_NAME' is present

2020-10-15 17:46:29 - [MESSAGE][PASSED] - Text 'Zenq1' is set on object 'Object Repository/CERTPAY_QUICKSTI/Payment_Information_Page/LAST_NAME'

2020-10-15 17:46:29 - [MESSAGE][PASSED] - Quicksti.ts:Entered'Zenq1 into LAstName

2020-10-15 17:46:30 - [MESSAGE][PASSED] - Object 'Object Repository/CERTPAY_QUICKSTI/Payment_Information_Page/CARD_NUMBER' is present

2020-10-15 17:46:30 - [MESSAGE][PASSED] - Object 'Object Repository/CERTPAY_QUICKSTI/Payment_Information_Page/CARD_NUMBER' is visible

2020-10-15 17:46:30 - [MESSAGE][PASSED] - Object 'Object Repository/CERTPAY_QUICKSTI/Payment_Information_Page/CARD_NUMBER' is present

2020-10-15 17:46:32 - [MESSAGE][PASSED] - Text '4761739001010135' is set on object 'Object Repository/CERTPAY_QUICKSTI/Payment_Information_Page/CARD_NUMBER'

2020-10-15 17:46:32 - [MESSAGE][PASSED] - Quicksti.ts:Entered'4761739001010135 into CardNum

2020-10-15 17:46:32 - [TEST_STEP][PASSED] - pages.Quicksti.setExpDate(expMonth, expYear, securityCode): Quicksti.ts:Entered'207 into securityCode

2020-10-15 17:46:32 - [MESSAGE][PASSED] - Object 'Object Repository/CERTPAY_QUICKSTI/Payment_Information_Page/EXP_MONTH' is visible

2020-10-15 17:46:32 - [MESSAGE][PASSED] - Object 'Object Repository/CERTPAY_QUICKSTI/Payment_Information_Page/EXP_MONTH' is present

2020-10-15 17:46:34 - [MESSAGE][PASSED] - Object: 'Object Repository/CERTPAY_QUICKSTI/Payment_Information_Page/EXP_MONTH' is clicked on

2020-10-15 17:46:35 - [MESSAGE][PASSED] - All options with label '03' are selected in object 'Object Repository/CERTPAY_QUICKSTI/Payment_Information_Page/EXP_MONTH'  using regular expression

2020-10-15 17:46:35 - [MESSAGE][PASSED] - selected dropdown option by visible text  03from expMonth

2020-10-15 17:46:35 - [MESSAGE][PASSED] - Object 'Object Repository/CERTPAY_QUICKSTI/Payment_Information_Page/EXP_YEAR' is visible

2020-10-15 17:46:36 - [MESSAGE][PASSED] - Object 'Object Repository/CERTPAY_QUICKSTI/Payment_Information_Page/EXP_YEAR' is present

2020-10-15 17:46:37 - [MESSAGE][PASSED] - Object: 'Object Repository/CERTPAY_QUICKSTI/Payment_Information_Page/EXP_YEAR' is clicked on

2020-10-15 17:46:38 - [MESSAGE][PASSED] - All options with label '2022' are selected in object 'Object Repository/CERTPAY_QUICKSTI/Payment_Information_Page/EXP_YEAR'  using regular expression

2020-10-15 17:46:38 - [MESSAGE][PASSED] - selected dropdown option by visible text  2022from  expYear

2020-10-15 17:46:39 - [MESSAGE][PASSED] - Object 'Object Repository/CERTPAY_QUICKSTI/Payment_Information_Page/SECURITY_CODE' is present

2020-10-15 17:46:39 - [MESSAGE][PASSED] - Object 'Object Repository/CERTPAY_QUICKSTI/Payment_Information_Page/SECURITY_CODE' is visible

2020-10-15 17:46:39 - [MESSAGE][PASSED] - Object 'Object Repository/CERTPAY_QUICKSTI/Payment_Information_Page/SECURITY_CODE' is present

2020-10-15 17:46:40 - [MESSAGE][PASSED] - Text '207' is set on object 'Object Repository/CERTPAY_QUICKSTI/Payment_Information_Page/SECURITY_CODE'

2020-10-15 17:46:40 - [MESSAGE][PASSED] - Quicksti.ts:Entered'207 into securityCode

2020-10-15 17:46:40 - [TEST_STEP][PASSED] - utilities.SafeActions.safeType(findTestObject("CERTPAY_QUICKSTI/Payment_Information_Page/ADDRESS"), address, "Address", [pageLoadTime]): Quicksti.ts:Entered'14-2 into Address

2020-10-15 17:46:41 - [MESSAGE][PASSED] - Object 'Object Repository/CERTPAY_QUICKSTI/Payment_Information_Page/ADDRESS' is present

2020-10-15 17:46:41 - [MESSAGE][PASSED] - Object 'Object Repository/CERTPAY_QUICKSTI/Payment_Information_Page/ADDRESS' is visible

2020-10-15 17:46:41 - [MESSAGE][PASSED] - Object 'Object Repository/CERTPAY_QUICKSTI/Payment_Information_Page/ADDRESS' is present

2020-10-15 17:46:43 - [MESSAGE][PASSED] - Text '14-2' is set on object 'Object Repository/CERTPAY_QUICKSTI/Payment_Information_Page/ADDRESS'

2020-10-15 17:46:43 - [MESSAGE][PASSED] - Quicksti.ts:Entered'14-2 into Address

2020-10-15 17:46:43 - [TEST_STEP][PASSED] - utilities.SafeActions.safeType(findTestObject("CERTPAY_QUICKSTI/Payment_Information_Page/ZIP_CODE"), zipCode, "zipcode", [pageLoadTime]): Quicksti.ts:Entered'76102 into zipcode

2020-10-15 17:46:43 - [MESSAGE][PASSED] - Object 'Object Repository/CERTPAY_QUICKSTI/Payment_Information_Page/ZIP_CODE' is present

2020-10-15 17:46:43 - [MESSAGE][PASSED] - Object 'Object Repository/CERTPAY_QUICKSTI/Payment_Information_Page/ZIP_CODE' is visible

2020-10-15 17:46:43 - [MESSAGE][PASSED] - Object 'Object Repository/CERTPAY_QUICKSTI/Payment_Information_Page/ZIP_CODE' is present

2020-10-15 17:46:45 - [MESSAGE][PASSED] - Text '76102' is set on object 'Object Repository/CERTPAY_QUICKSTI/Payment_Information_Page/ZIP_CODE'

2020-10-15 17:46:45 - [MESSAGE][PASSED] - Quicksti.ts:Entered'76102 into zipcode

2020-10-15 17:46:45 - [TEST_STEP][PASSED] - utilities.SafeActions.safeType(findTestObject("CERTPAY_QUICKSTI/Payment_Information_Page/TELEPHONE"), telephone, "Telephone", [pageLoadTime]): Quicksti.ts:Entered'9988776655 into Telephone

2020-10-15 17:46:45 - [MESSAGE][PASSED] - Object 'Object Repository/CERTPAY_QUICKSTI/Payment_Information_Page/TELEPHONE' is present

2020-10-15 17:46:45 - [MESSAGE][PASSED] - Object 'Object Repository/CERTPAY_QUICKSTI/Payment_Information_Page/TELEPHONE' is visible

2020-10-15 17:46:46 - [MESSAGE][PASSED] - Object 'Object Repository/CERTPAY_QUICKSTI/Payment_Information_Page/TELEPHONE' is present

2020-10-15 17:46:47 - [MESSAGE][PASSED] - Text '9988776655' is set on object 'Object Repository/CERTPAY_QUICKSTI/Payment_Information_Page/TELEPHONE'

2020-10-15 17:46:47 - [MESSAGE][PASSED] - Quicksti.ts:Entered'9988776655 into Telephone

2020-10-15 17:46:47 - [TEST_STEP][PASSED] - utilities.SafeActions.safeType(findTestObject("CERTPAY_QUICKSTI/Payment_Information_Page/EMAIL_ADDRESS"), emailAddress, "EMAIL address", [pageLoadTime]): Quicksti.ts:Entered'testing@zenq.com into EMAIL address

2020-10-15 17:46:47 - [MESSAGE][PASSED] - Object 'Object Repository/CERTPAY_QUICKSTI/Payment_Information_Page/EMAIL_ADDRESS' is present

2020-10-15 17:46:48 - [MESSAGE][PASSED] - Object 'Object Repository/CERTPAY_QUICKSTI/Payment_Information_Page/EMAIL_ADDRESS' is visible

2020-10-15 17:46:48 - [MESSAGE][PASSED] - Object 'Object Repository/CERTPAY_QUICKSTI/Payment_Information_Page/EMAIL_ADDRESS' is present

2020-10-15 17:46:49 - [MESSAGE][PASSED] - Text 'testing@zenq.com' is set on object 'Object Repository/CERTPAY_QUICKSTI/Payment_Information_Page/EMAIL_ADDRESS'

2020-10-15 17:46:49 - [MESSAGE][PASSED] - Quicksti.ts:Entered'testing@zenq.com into EMAIL address

2020-10-15 17:46:49 - [TEST_STEP][PASSED] - utilities.SafeActions.safeClick(findTestObject("CERTPAY_QUICKSTI/Payment_Information_Page/NEXT_BUTTON"), "Next", [pageLoadTime]): Quicksti.ts:Clicked on the Next

2020-10-15 17:46:49 - [MESSAGE][INFO] - safeClicking

2020-10-15 17:46:50 - [MESSAGE][PASSED] - Object 'Object Repository/CERTPAY_QUICKSTI/Payment_Information_Page/NEXT_BUTTON' is present

2020-10-15 17:46:50 - [MESSAGE][PASSED] - Object 'Object Repository/CERTPAY_QUICKSTI/Payment_Information_Page/NEXT_BUTTON' is clickable

2020-10-15 17:46:54 - [MESSAGE][PASSED] - Object: 'Object Repository/CERTPAY_QUICKSTI/Payment_Information_Page/NEXT_BUTTON' is clicked on

2020-10-15 17:46:54 - [MESSAGE][PASSED] - Quicksti.ts:Clicked on the Next

2020-10-15 17:46:54 - [TEST_STEP][PASSED] - pages.Quicksti.verifyUserPaymentDetails(amountList.get(0), firstName, lastName, CardNumber): pages.Quicksti.verifyUserPaymentDetails is PASSED

2020-10-15 17:46:54 - [MESSAGE][PASSED] - Text of object 'Object Repository/CERTPAY_QUICKSTI/Payment_Details_Verification_Page/AMOUNT' is: '$45.00'

2020-10-15 17:46:54 - [MESSAGE][PASSED] - Actual text '45.00' and expected text '45.00' are matched  using regular expression

2020-10-15 17:46:55 - [MESSAGE][PASSED] - Text of object 'Object Repository/CERTPAY_QUICKSTI/Payment_Details_Verification_Page/NAME' is: 'Tester Zenq1'

2020-10-15 17:46:55 - [MESSAGE][PASSED] - Actual text 'Tester Zenq1' and expected text 'Tester Zenq1' are matched  using regular expression

2020-10-15 17:46:55 - [MESSAGE][PASSED] - Text of object 'Object Repository/CERTPAY_QUICKSTI/Payment_Details_Verification_Page/CARD_NUMBER' is: '...0135'

2020-10-15 17:46:55 - [MESSAGE][PASSED] - Actual text '0135' and expected text '0135' are matched  using regular expression

2020-10-15 17:46:55 - [MESSAGE][PASSED] - pages.Quicksti.verifyUserPaymentDetails is PASSED

2020-10-15 17:46:55 - [TEST_STEP][PASSED] - ConvFee = getText(findTestObject("CERTPAY_QUICKSTI/Payment_Information_Page/CONV_FEE")): Text of object 'Object Repository/CERTPAY_QUICKSTI/Payment_Information_Page/CONV_FEE' is: '$0.45'

2020-10-15 17:46:56 - [MESSAGE][PASSED] - Text of object 'Object Repository/CERTPAY_QUICKSTI/Payment_Information_Page/CONV_FEE' is: '$0.45'

2020-10-15 17:46:56 - [TEST_STEP][PASSED] - scrollToElement(findTestObject("CERTPAY_QUICKSTI/Payment_Details_Verification_Page/PROCESS"), 30): Scroll to object 'Object Repository/CERTPAY_QUICKSTI/Payment_Details_Verification_Page/PROCESS' successfully

2020-10-15 17:46:56 - [MESSAGE][PASSED] - Scroll to object 'Object Repository/CERTPAY_QUICKSTI/Payment_Details_Verification_Page/PROCESS' successfully

2020-10-15 17:46:56 - [TEST_STEP][PASSED] - utilities.SafeActions.safeClick(findTestObject("CERTPAY_QUICKSTI/Payment_Details_Verification_Page/PROCESS"), "Process", [pageLoadTime]): Quicksti.ts:Clicked on the Process

2020-10-15 17:46:56 - [MESSAGE][INFO] - safeClicking

2020-10-15 17:46:56 - [MESSAGE][PASSED] - Object 'Object Repository/CERTPAY_QUICKSTI/Payment_Details_Verification_Page/PROCESS' is present

2020-10-15 17:46:57 - [MESSAGE][PASSED] - Object 'Object Repository/CERTPAY_QUICKSTI/Payment_Details_Verification_Page/PROCESS' is clickable

2020-10-15 17:47:02 - [MESSAGE][PASSED] - Object: 'Object Repository/CERTPAY_QUICKSTI/Payment_Details_Verification_Page/PROCESS' is clicked on

2020-10-15 17:47:02 - [MESSAGE][PASSED] - Quicksti.ts:Clicked on the Process

2020-10-15 17:47:02 - [TEST_STEP][PASSED] - paymentId = pages.Quicksti.verifyPaymentApproval(findTestObject("CERTPAY_QUICKSTI/Payment_Details_Verification_Page/APPROVED")): Payment is approved

2020-10-15 17:47:03 - [MESSAGE][PASSED] - Text of object 'Object Repository/CERTPAY_QUICKSTI/Payment_Details_Verification_Page/PAYMENT_ID' is: '100176129746'

2020-10-15 17:47:03 - [MESSAGE][PASSED] - Object 'Object Repository/CERTPAY_QUICKSTI/Payment_Details_Verification_Page/APPROVED' is present

2020-10-15 17:47:03 - [MESSAGE][PASSED] - Payment is approved

2020-10-15 17:47:05 - [TEST_STEP][PASSED] - navigateToUrl(Admin_url): Navigate to 'https://qa-certpayadmin.faps.net' successfully

2020-10-15 17:47:12 - [MESSAGE][PASSED] - Navigate to 'https://qa-certpayadmin.faps.net' successfully

2020-10-15 17:47:12 - [TEST_STEP][PASSED] - pages.Bureau_Login_Page.loginToAdminSite(AdminUsername, AdminPassword): Quicksti.ts:Clicked on the LOGIN

2020-10-15 17:47:12 - [MESSAGE][PASSED] - Object 'Object Repository/CERTPAY_ADMIN/USER_NAME' is present

2020-10-15 17:47:12 - [MESSAGE][PASSED] - Object 'Object Repository/CERTPAY_ADMIN/USER_NAME' is visible

2020-10-15 17:47:13 - [MESSAGE][PASSED] - Object 'Object Repository/CERTPAY_ADMIN/USER_NAME' is present

2020-10-15 17:47:14 - [MESSAGE][PASSED] - Text 'VVangiliappan' is set on object 'Object Repository/CERTPAY_ADMIN/USER_NAME'

2020-10-15 17:47:14 - [MESSAGE][PASSED] - Quicksti.ts:Entered'VVangiliappan into username

2020-10-15 17:47:14 - [MESSAGE][PASSED] - Object 'Object Repository/CERTPAY_ADMIN/PASSWORD' is present

2020-10-15 17:47:15 - [MESSAGE][PASSED] - Object 'Object Repository/CERTPAY_ADMIN/PASSWORD' is visible

2020-10-15 17:47:15 - [MESSAGE][PASSED] - Object 'Object Repository/CERTPAY_ADMIN/PASSWORD' is present

2020-10-15 17:47:16 - [MESSAGE][PASSED] - Text 'Test@123' is set on object 'Object Repository/CERTPAY_ADMIN/PASSWORD'

2020-10-15 17:47:16 - [MESSAGE][PASSED] - Quicksti.ts:Entered'Test@123 into password

2020-10-15 17:47:16 - [MESSAGE][INFO] - safeClicking

2020-10-15 17:47:16 - [MESSAGE][PASSED] - Object 'Object Repository/CERTPAY_ADMIN/LOGIN_BUTTON' is present

2020-10-15 17:47:17 - [MESSAGE][PASSED] - Object 'Object Repository/CERTPAY_ADMIN/LOGIN_BUTTON' is clickable

2020-10-15 17:47:24 - [MESSAGE][PASSED] - Object: 'Object Repository/CERTPAY_ADMIN/LOGIN_BUTTON' is clicked on

2020-10-15 17:47:24 - [MESSAGE][PASSED] - Quicksti.ts:Clicked on the LOGIN

2020-10-15 17:47:24 - [TEST_STEP][PASSED] - utilities.SafeActions.safeClick(findTestObject("CERTPAY_ADMIN/TRANSACTION_MENU"), "TransactionMenu", [pageLoadTime]): Quicksti.ts:Clicked on the TransactionMenu

2020-10-15 17:47:24 - [MESSAGE][INFO] - safeClicking

2020-10-15 17:47:24 - [MESSAGE][PASSED] - Object 'Object Repository/CERTPAY_ADMIN/TRANSACTION_MENU' is present

2020-10-15 17:47:24 - [MESSAGE][PASSED] - Object 'Object Repository/CERTPAY_ADMIN/TRANSACTION_MENU' is clickable

2020-10-15 17:47:26 - [MESSAGE][PASSED] - Object: 'Object Repository/CERTPAY_ADMIN/TRANSACTION_MENU' is clicked on

2020-10-15 17:47:26 - [MESSAGE][PASSED] - Quicksti.ts:Clicked on the TransactionMenu

2020-10-15 17:47:26 - [TEST_STEP][PASSED] - utilities.SafeActions.safeClick(findTestObject("CERTPAY_ADMIN/TRANSACTION_SEARCH"), "TransactionSearch", [pageLoadTime]): Quicksti.ts:Clicked on the TransactionSearch

2020-10-15 17:47:26 - [MESSAGE][INFO] - safeClicking

2020-10-15 17:47:26 - [MESSAGE][PASSED] - Object 'Object Repository/CERTPAY_ADMIN/TRANSACTION_SEARCH' is present

2020-10-15 17:47:26 - [MESSAGE][PASSED] - Object 'Object Repository/CERTPAY_ADMIN/TRANSACTION_SEARCH' is clickable

2020-10-15 17:47:31 - [MESSAGE][PASSED] - Object: 'Object Repository/CERTPAY_ADMIN/TRANSACTION_SEARCH' is clicked on

2020-10-15 17:47:31 - [MESSAGE][PASSED] - Quicksti.ts:Clicked on the TransactionSearch

2020-10-15 17:47:31 - [TEST_STEP][PASSED] - utilities.SafeActions.safeType(findTestObject("CERTPAY_ADMIN/PAYMENT_ID"), paymentId, "Payment id", [pageLoadTime]): Quicksti.ts:Entered'100176129746 into Payment id

2020-10-15 17:47:31 - [MESSAGE][PASSED] - Object 'Object Repository/CERTPAY_ADMIN/PAYMENT_ID' is present

2020-10-15 17:47:32 - [MESSAGE][PASSED] - Object 'Object Repository/CERTPAY_ADMIN/PAYMENT_ID' is visible

2020-10-15 17:47:32 - [MESSAGE][PASSED] - Object 'Object Repository/CERTPAY_ADMIN/PAYMENT_ID' is present

2020-10-15 17:47:33 - [MESSAGE][PASSED] - Text '100176129746' is set on object 'Object Repository/CERTPAY_ADMIN/PAYMENT_ID'

2020-10-15 17:47:33 - [MESSAGE][PASSED] - Quicksti.ts:Entered'100176129746 into Payment id

2020-10-15 17:47:33 - [TEST_STEP][PASSED] - utilities.SafeActions.safeClick(findTestObject("CERTPAY_ADMIN/GO_BUTTON"), "Go button", [pageLoadTime]): Quicksti.ts:Clicked on the Go button

2020-10-15 17:47:33 - [MESSAGE][INFO] - safeClicking

2020-10-15 17:47:33 - [MESSAGE][PASSED] - Object 'Object Repository/CERTPAY_ADMIN/GO_BUTTON' is present

2020-10-15 17:47:34 - [MESSAGE][PASSED] - Object 'Object Repository/CERTPAY_ADMIN/GO_BUTTON' is clickable

2020-10-15 17:47:37 - [MESSAGE][PASSED] - Object: 'Object Repository/CERTPAY_ADMIN/GO_BUTTON' is clicked on

2020-10-15 17:47:37 - [MESSAGE][PASSED] - Quicksti.ts:Clicked on the Go button

2020-10-15 17:47:37 - [TEST_STEP][PASSED] - delay(5): Delayed 5 second(s)

2020-10-15 17:47:42 - [MESSAGE][PASSED] - Delayed 5 second(s)

2020-10-15 17:47:42 - [TEST_STEP][PASSED] - scrollToPosition(800, 900): Browser is scrolled to position x = 800, y = 900

2020-10-15 17:47:42 - [MESSAGE][PASSED] - Browser is scrolled to position x = 800, y = 900

2020-10-15 17:47:42 - [TEST_STEP][PASSED] - pages.Search_Page.validatePaymentAmount(amountList.get(0), ConvFee): Verified payment details successfully 

2020-10-15 17:47:43 - [MESSAGE][PASSED] - Text of object 'Object Repository/CERTPAY_ADMIN/PAYMENT_AMOUNT' is: '$45.00'

2020-10-15 17:47:43 - [MESSAGE][PASSED] - Actual text '45.00' and expected text '45.00' are matched  using regular expression

2020-10-15 17:47:43 - [MESSAGE][PASSED] - Text of object 'Object Repository/CERTPAY_ADMIN/CONV_FEE' is: '$0.45'

2020-10-15 17:47:43 - [MESSAGE][PASSED] - Actual text '0.45' and expected text '0.45' are matched  using regular expression

2020-10-15 17:47:43 - [MESSAGE][PASSED] - Verified payment details successfully 

2020-10-15 17:47:43 - [TEST_STEP][PASSED] - paymentIdList.add(paymentId): null

2020-10-15 17:47:43 - [TEST_STEP][PASSED] - println(paymentIdList): null

2020-10-15 17:47:43 - [TEST_STEP][PASSED] - firstName = data.getValue("FirstName", index): null

2020-10-15 17:47:43 - [TEST_STEP][PASSED] - lastName = data.getValue("LastName", index): null

2020-10-15 17:47:43 - [TEST_STEP][PASSED] - cardNum = data.getValue("CardNumber", index): null

2020-10-15 17:47:43 - [TEST_STEP][PASSED] - expMonth = data.getValue("ExpMonth", index): null

2020-10-15 17:47:43 - [TEST_STEP][PASSED] - expYear = data.getValue("ExpYear", index): null

2020-10-15 17:47:43 - [TEST_STEP][PASSED] - securityCode = data.getValue("SecurityCode", index): null

2020-10-15 17:47:43 - [TEST_STEP][PASSED] - paymentAmount = data.getValue("PaymentAmount", index): null

2020-10-15 17:47:43 - [TEST_STEP][PASSED] - paymentType = data.getValue("PaymentType", index): null

2020-10-15 17:47:43 - [TEST_STEP][PASSED] - quantity = data.getValue("Quantity", index): null

2020-10-15 17:47:43 - [TEST_STEP][PASSED] - comments = data.getValue("Comments", index): null

2020-10-15 17:47:43 - [TEST_STEP][PASSED] - referenceNum = data.getValue("ReferenceNum", index): null

2020-10-15 17:47:43 - [TEST_STEP][PASSED] - address = data.getValue("Address", index): null

2020-10-15 17:47:43 - [TEST_STEP][PASSED] - zipCode = data.getValue("Zipcode", index): null

2020-10-15 17:47:43 - [TEST_STEP][PASSED] - telephone = data.getValue("Telephone", index): null

2020-10-15 17:47:43 - [TEST_STEP][PASSED] - emailAddress = data.getValue("EmailAddress", index): null

2020-10-15 17:47:43 - [TEST_STEP][PASSED] - cardType = data.getValue("CardType", index): null

2020-10-15 17:47:43 - [TEST_STEP][PASSED] - amountList = paymentAmount.split(","): null

2020-10-15 17:47:43 - [TEST_STEP][PASSED] - referenceList = referenceNum.split(","): null

2020-10-15 17:47:43 - [TEST_STEP][PASSED] - paymentTypeList = paymentType.split(","): null

2020-10-15 17:47:43 - [TEST_STEP][PASSED] - commentsList = comments.split(","): null

2020-10-15 17:47:43 - [TEST_STEP][PASSED] - quantityList = quantity.split(","): null

2020-10-15 17:47:43 - [TEST_STEP][PASSED] - utilities.SafeActions.openBrowser(Quicksti_Url, [pageLoadTime]): Browser launched successfully

2020-10-15 17:47:43 - [MESSAGE][INFO] - Opening Browser

2020-10-15 17:47:43 - [MESSAGE][WARNING] - A browser is already opened. Closing browser and opening a new one

2020-10-15 17:47:45 - [MESSAGE][INFO] - Starting 'Chrome' driver

2020-10-15 17:47:54 - [MESSAGE][PASSED] - Browser is opened with url: 'https://qa-certpayquicksti.faps.net/'

2020-10-15 17:47:56 - [MESSAGE][PASSED] - Current window maximized

2020-10-15 17:47:56 - [MESSAGE][PASSED] - Browser launched successfully

2020-10-15 17:47:56 - [TEST_STEP][PASSED] - utilities.SafeActions.safeCheck(findTestObject("CERTPAY_QUICKSTI/Login_ Page/MULTI_BUREAU_CHECKBOX"), "Multi Bureau", [pageLoadTime]): Quicksti.ts:Checkbox 'Multi Bureau'is selected

2020-10-15 17:47:57 - [MESSAGE][PASSED] - Object 'Object Repository/CERTPAY_QUICKSTI/Login_ Page/MULTI_BUREAU_CHECKBOX' is present

2020-10-15 17:47:58 - [MESSAGE][PASSED] - Object 'Object Repository/CERTPAY_QUICKSTI/Login_ Page/MULTI_BUREAU_CHECKBOX' is present

2020-10-15 17:47:59 - [MESSAGE][PASSED] - Object: 'Object Repository/CERTPAY_QUICKSTI/Login_ Page/MULTI_BUREAU_CHECKBOX' is clicked on

2020-10-15 17:47:59 - [MESSAGE][PASSED] - Quicksti.ts:Checkbox 'Multi Bureau'is selected

2020-10-15 17:47:59 - [TEST_STEP][PASSED] - utilities.SafeActions.safeType(findTestObject("CERTPAY_QUICKSTI/Login_ Page/TELLER_ID"), teller_id, "Bureau code", [pageLoadTime]): Quicksti.ts:Entered'zenq into Bureau code

2020-10-15 17:48:00 - [MESSAGE][PASSED] - Object 'Object Repository/CERTPAY_QUICKSTI/Login_ Page/TELLER_ID' is present

2020-10-15 17:48:00 - [MESSAGE][PASSED] - Object 'Object Repository/CERTPAY_QUICKSTI/Login_ Page/TELLER_ID' is visible

2020-10-15 17:48:01 - [MESSAGE][PASSED] - Object 'Object Repository/CERTPAY_QUICKSTI/Login_ Page/TELLER_ID' is present

2020-10-15 17:48:02 - [MESSAGE][PASSED] - Text 'zenq' is set on object 'Object Repository/CERTPAY_QUICKSTI/Login_ Page/TELLER_ID'

2020-10-15 17:48:02 - [MESSAGE][PASSED] - Quicksti.ts:Entered'zenq into Bureau code

2020-10-15 17:48:02 - [TEST_STEP][PASSED] - utilities.SafeActions.safeClick(findTestObject("CERTPAY_QUICKSTI/Login_ Page/NEXT_BUTTON"), "Next button", [pageLoadTime]): Quicksti.ts:Clicked on the Next button

2020-10-15 17:48:02 - [MESSAGE][INFO] - safeClicking

2020-10-15 17:48:02 - [MESSAGE][PASSED] - Object 'Object Repository/CERTPAY_QUICKSTI/Login_ Page/NEXT_BUTTON' is present

2020-10-15 17:48:03 - [MESSAGE][PASSED] - Object 'Object Repository/CERTPAY_QUICKSTI/Login_ Page/NEXT_BUTTON' is clickable

2020-10-15 17:48:08 - [MESSAGE][PASSED] - Object: 'Object Repository/CERTPAY_QUICKSTI/Login_ Page/NEXT_BUTTON' is clicked on

2020-10-15 17:48:08 - [MESSAGE][PASSED] - Quicksti.ts:Clicked on the Next button

2020-10-15 17:48:08 - [TEST_STEP][PASSED] - for ([i = 0, i <= amountList.size() - 1, (i++)]): Quicksti.ts:Entered'2 into Quntity

2020-10-15 17:48:08 - [TEST_STEP][PASSED] - s = Integer.toString(i): null

2020-10-15 17:48:08 - [TEST_STEP][PASSED] - pages.Quicksti.setCommnets("0", s, commentsList.get(i)): Quicksti.ts:Entered'Testing into Comments

2020-10-15 17:48:08 - [MESSAGE][PASSED] - Object '' is present

2020-10-15 17:48:08 - [MESSAGE][PASSED] - Object '' is visible

2020-10-15 17:48:09 - [MESSAGE][PASSED] - Object '' is present

2020-10-15 17:48:10 - [MESSAGE][PASSED] - Text 'Testing' is set on object ''

2020-10-15 17:48:10 - [MESSAGE][PASSED] - Quicksti.ts:Entered'Testing into Comments

2020-10-15 17:48:10 - [TEST_STEP][PASSED] - utilities.SafeActions.safeType(findTestObject("CERTPAY_QUICKSTI/Payment_Information_Page/PAYMENT_AMOUNT"), amountList.get(i), "Payment Amount", [pageLoadTime]): Quicksti.ts:Entered'45.00 into Payment Amount

2020-10-15 17:48:11 - [MESSAGE][PASSED] - Object 'Object Repository/CERTPAY_QUICKSTI/Payment_Information_Page/PAYMENT_AMOUNT' is present

2020-10-15 17:48:11 - [MESSAGE][PASSED] - Object 'Object Repository/CERTPAY_QUICKSTI/Payment_Information_Page/PAYMENT_AMOUNT' is visible

2020-10-15 17:48:11 - [MESSAGE][PASSED] - Object 'Object Repository/CERTPAY_QUICKSTI/Payment_Information_Page/PAYMENT_AMOUNT' is present

2020-10-15 17:48:13 - [MESSAGE][PASSED] - Text '45.00' is set on object 'Object Repository/CERTPAY_QUICKSTI/Payment_Information_Page/PAYMENT_AMOUNT'

2020-10-15 17:48:13 - [MESSAGE][PASSED] - Quicksti.ts:Entered'45.00 into Payment Amount

2020-10-15 17:48:13 - [TEST_STEP][PASSED] - pages.Quicksti.setAmountDetailsForMultiBureau(s, paymentTypeList.get(i), "0", referenceList.get(i), quantityList.get(i)): Quicksti.ts:Entered'1 into Quntity

2020-10-15 17:48:13 - [MESSAGE][PASSED] - Object '' is visible

2020-10-15 17:48:13 - [MESSAGE][PASSED] - Object '' is present

2020-10-15 17:48:15 - [MESSAGE][PASSED] - Object: '' is clicked on

2020-10-15 17:48:16 - [MESSAGE][PASSED] - All options with label 'Licenses' are selected in object ''  using regular expression

2020-10-15 17:48:16 - [MESSAGE][PASSED] - selected dropdown option by visible text  Licensesfrom Payment Type

2020-10-15 17:48:16 - [MESSAGE][PASSED] - Object '' is present

2020-10-15 17:48:16 - [MESSAGE][PASSED] - Object '' is visible

2020-10-15 17:48:17 - [MESSAGE][PASSED] - Object '' is present

2020-10-15 17:48:18 - [MESSAGE][PASSED] - Text '11' is set on object ''

2020-10-15 17:48:18 - [MESSAGE][PASSED] - Quicksti.ts:Entered'11 into RefrenceNumber

2020-10-15 17:48:18 - [MESSAGE][PASSED] - Object '' is present

2020-10-15 17:48:19 - [MESSAGE][PASSED] - Object '' is visible

2020-10-15 17:48:19 - [MESSAGE][PASSED] - Object '' is present

2020-10-15 17:48:20 - [MESSAGE][PASSED] - Text '1' is set on object ''

2020-10-15 17:48:20 - [MESSAGE][PASSED] - Quicksti.ts:Entered'1 into Quntity

2020-10-15 17:48:20 - [TEST_STEP][PASSED] - s = Integer.toString(i): null

2020-10-15 17:48:20 - [TEST_STEP][PASSED] - pages.Quicksti.setCommnets("0", s, commentsList.get(i)): Quicksti.ts:Entered'Tester into Comments

2020-10-15 17:48:21 - [MESSAGE][PASSED] - Object '' is present

2020-10-15 17:48:21 - [MESSAGE][PASSED] - Object '' is visible

2020-10-15 17:48:21 - [MESSAGE][PASSED] - Object '' is present

2020-10-15 17:48:22 - [MESSAGE][PASSED] - Text 'Tester' is set on object ''

2020-10-15 17:48:22 - [MESSAGE][PASSED] - Quicksti.ts:Entered'Tester into Comments

2020-10-15 17:48:22 - [TEST_STEP][PASSED] - utilities.SafeActions.safeType(findTestObject("CERTPAY_QUICKSTI/Payment_Information_Page/PAYMENT_AMOUNT"), amountList.get(i), "Payment Amount", [pageLoadTime]): Quicksti.ts:Entered'35.00 into Payment Amount

2020-10-15 17:48:23 - [MESSAGE][PASSED] - Object 'Object Repository/CERTPAY_QUICKSTI/Payment_Information_Page/PAYMENT_AMOUNT' is present

2020-10-15 17:48:23 - [MESSAGE][PASSED] - Object 'Object Repository/CERTPAY_QUICKSTI/Payment_Information_Page/PAYMENT_AMOUNT' is visible

2020-10-15 17:48:23 - [MESSAGE][PASSED] - Object 'Object Repository/CERTPAY_QUICKSTI/Payment_Information_Page/PAYMENT_AMOUNT' is present

2020-10-15 17:48:25 - [MESSAGE][PASSED] - Text '35.00' is set on object 'Object Repository/CERTPAY_QUICKSTI/Payment_Information_Page/PAYMENT_AMOUNT'

2020-10-15 17:48:25 - [MESSAGE][PASSED] - Quicksti.ts:Entered'35.00 into Payment Amount

2020-10-15 17:48:25 - [TEST_STEP][PASSED] - pages.Quicksti.setAmountDetailsForMultiBureau(s, paymentTypeList.get(i), "0", referenceList.get(i), quantityList.get(i)): Quicksti.ts:Entered'2 into Quntity

2020-10-15 17:48:25 - [MESSAGE][PASSED] - Object '' is visible

2020-10-15 17:48:26 - [MESSAGE][PASSED] - Object '' is present

2020-10-15 17:48:27 - [MESSAGE][PASSED] - Object: '' is clicked on

2020-10-15 17:48:28 - [MESSAGE][PASSED] - All options with label 'Taxes' are selected in object ''  using regular expression

2020-10-15 17:48:28 - [MESSAGE][PASSED] - selected dropdown option by visible text  Taxesfrom Payment Type

2020-10-15 17:48:28 - [MESSAGE][PASSED] - Object '' is present

2020-10-15 17:48:29 - [MESSAGE][PASSED] - Object '' is visible

2020-10-15 17:48:29 - [MESSAGE][PASSED] - Object '' is present

2020-10-15 17:48:30 - [MESSAGE][PASSED] - Text '12' is set on object ''

2020-10-15 17:48:30 - [MESSAGE][PASSED] - Quicksti.ts:Entered'12 into RefrenceNumber

2020-10-15 17:48:31 - [MESSAGE][PASSED] - Object '' is present

2020-10-15 17:48:31 - [MESSAGE][PASSED] - Object '' is visible

2020-10-15 17:48:31 - [MESSAGE][PASSED] - Object '' is present

2020-10-15 17:48:32 - [MESSAGE][PASSED] - Text '2' is set on object ''

2020-10-15 17:48:32 - [MESSAGE][PASSED] - Quicksti.ts:Entered'2 into Quntity

2020-10-15 17:48:32 - [TEST_STEP][PASSED] - s = Integer.toString(i): null

2020-10-15 17:48:32 - [TEST_STEP][PASSED] - pages.Quicksti.setCommnets("0", s, commentsList.get(i)): Quicksti.ts:Entered'Testing into Comments

2020-10-15 17:48:33 - [MESSAGE][PASSED] - Object '' is present

2020-10-15 17:48:33 - [MESSAGE][PASSED] - Object '' is visible

2020-10-15 17:48:33 - [MESSAGE][PASSED] - Object '' is present

2020-10-15 17:48:35 - [MESSAGE][PASSED] - Text 'Testing' is set on object ''

2020-10-15 17:48:35 - [MESSAGE][PASSED] - Quicksti.ts:Entered'Testing into Comments

2020-10-15 17:48:35 - [TEST_STEP][PASSED] - utilities.SafeActions.safeType(findTestObject("CERTPAY_QUICKSTI/Payment_Information_Page/PAYMENT_AMOUNT"), amountList.get(i), "Payment Amount", [pageLoadTime]): Quicksti.ts:Entered'20.00 into Payment Amount

2020-10-15 17:48:35 - [MESSAGE][PASSED] - Object 'Object Repository/CERTPAY_QUICKSTI/Payment_Information_Page/PAYMENT_AMOUNT' is present

2020-10-15 17:48:35 - [MESSAGE][PASSED] - Object 'Object Repository/CERTPAY_QUICKSTI/Payment_Information_Page/PAYMENT_AMOUNT' is visible

2020-10-15 17:48:36 - [MESSAGE][PASSED] - Object 'Object Repository/CERTPAY_QUICKSTI/Payment_Information_Page/PAYMENT_AMOUNT' is present

2020-10-15 17:48:37 - [MESSAGE][PASSED] - Text '20.00' is set on object 'Object Repository/CERTPAY_QUICKSTI/Payment_Information_Page/PAYMENT_AMOUNT'

2020-10-15 17:48:37 - [MESSAGE][PASSED] - Quicksti.ts:Entered'20.00 into Payment Amount

2020-10-15 17:48:37 - [TEST_STEP][PASSED] - pages.Quicksti.setAmountDetailsForMultiBureau(s, paymentTypeList.get(i), "0", referenceList.get(i), quantityList.get(i)): Quicksti.ts:Entered'2 into Quntity

2020-10-15 17:48:37 - [MESSAGE][PASSED] - Object '' is visible

2020-10-15 17:48:38 - [MESSAGE][PASSED] - Object '' is present

2020-10-15 17:48:39 - [MESSAGE][PASSED] - Object: '' is clicked on

2020-10-15 17:48:40 - [MESSAGE][PASSED] - All options with label 'Court Fines' are selected in object ''  using regular expression

2020-10-15 17:48:40 - [MESSAGE][PASSED] - selected dropdown option by visible text  Court Finesfrom Payment Type

2020-10-15 17:48:41 - [MESSAGE][PASSED] - Object '' is present

2020-10-15 17:48:41 - [MESSAGE][PASSED] - Object '' is visible

2020-10-15 17:48:41 - [MESSAGE][PASSED] - Object '' is present

2020-10-15 17:48:43 - [MESSAGE][PASSED] - Text '13' is set on object ''

2020-10-15 17:48:43 - [MESSAGE][PASSED] - Quicksti.ts:Entered'13 into RefrenceNumber

2020-10-15 17:48:43 - [MESSAGE][PASSED] - Object '' is present

2020-10-15 17:48:43 - [MESSAGE][PASSED] - Object '' is visible

2020-10-15 17:48:43 - [MESSAGE][PASSED] - Object '' is present

2020-10-15 17:48:45 - [MESSAGE][PASSED] - Text '2' is set on object ''

2020-10-15 17:48:45 - [MESSAGE][PASSED] - Quicksti.ts:Entered'2 into Quntity

2020-10-15 17:48:45 - [TEST_STEP][PASSED] - for ([i = 0, i <= amountList.size() - 1, (i++)]): Quicksti.ts:Entered'2 into Quntity

2020-10-15 17:48:45 - [TEST_STEP][PASSED] - s = Integer.toString(i): null

2020-10-15 17:48:45 - [TEST_STEP][PASSED] - utilities.SafeActions.safeType(findTestObject("CERTPAY_QUICKSTI/Payment_Information_Page/MULTIBUREAU_PAYMENT_AMOUNT"), amountList.get(i), "Payment Amount", [pageLoadTime]): Quicksti.ts:Entered'45.00 into Payment Amount

2020-10-15 17:48:45 - [MESSAGE][PASSED] - Object 'Object Repository/CERTPAY_QUICKSTI/Payment_Information_Page/MULTIBUREAU_PAYMENT_AMOUNT' is present

2020-10-15 17:48:45 - [MESSAGE][PASSED] - Object 'Object Repository/CERTPAY_QUICKSTI/Payment_Information_Page/MULTIBUREAU_PAYMENT_AMOUNT' is visible

2020-10-15 17:48:46 - [MESSAGE][PASSED] - Object 'Object Repository/CERTPAY_QUICKSTI/Payment_Information_Page/MULTIBUREAU_PAYMENT_AMOUNT' is present

2020-10-15 17:48:47 - [MESSAGE][PASSED] - Text '45.00' is set on object 'Object Repository/CERTPAY_QUICKSTI/Payment_Information_Page/MULTIBUREAU_PAYMENT_AMOUNT'

2020-10-15 17:48:47 - [MESSAGE][PASSED] - Quicksti.ts:Entered'45.00 into Payment Amount

2020-10-15 17:48:47 - [TEST_STEP][PASSED] - pages.Quicksti.setAmountDetailsForMultiBureau(s, "Registration Fees", "1", referenceList.get(i), quantityList.get(i)): Quicksti.ts:Entered'1 into Quntity

2020-10-15 17:48:48 - [MESSAGE][PASSED] - Object '' is visible

2020-10-15 17:48:48 - [MESSAGE][PASSED] - Object '' is present

2020-10-15 17:48:49 - [MESSAGE][PASSED] - Object: '' is clicked on

2020-10-15 17:48:50 - [MESSAGE][PASSED] - All options with label 'Registration Fees' are selected in object ''  using regular expression

2020-10-15 17:48:50 - [MESSAGE][PASSED] - selected dropdown option by visible text  Registration Feesfrom Payment Type

2020-10-15 17:48:50 - [MESSAGE][PASSED] - Object '' is present

2020-10-15 17:48:51 - [MESSAGE][PASSED] - Object '' is visible

2020-10-15 17:48:51 - [MESSAGE][PASSED] - Object '' is present

2020-10-15 17:48:52 - [MESSAGE][PASSED] - Text '11' is set on object ''

2020-10-15 17:48:52 - [MESSAGE][PASSED] - Quicksti.ts:Entered'11 into RefrenceNumber

2020-10-15 17:48:53 - [MESSAGE][PASSED] - Object '' is present

2020-10-15 17:48:53 - [MESSAGE][PASSED] - Object '' is visible

2020-10-15 17:48:53 - [MESSAGE][PASSED] - Object '' is present

2020-10-15 17:48:55 - [MESSAGE][PASSED] - Text '1' is set on object ''

2020-10-15 17:48:55 - [MESSAGE][PASSED] - Quicksti.ts:Entered'1 into Quntity

2020-10-15 17:48:55 - [TEST_STEP][PASSED] - s = Integer.toString(i): null

2020-10-15 17:48:55 - [TEST_STEP][PASSED] - utilities.SafeActions.safeType(findTestObject("CERTPAY_QUICKSTI/Payment_Information_Page/MULTIBUREAU_PAYMENT_AMOUNT"), amountList.get(i), "Payment Amount", [pageLoadTime]): Quicksti.ts:Entered'35.00 into Payment Amount

2020-10-15 17:48:55 - [MESSAGE][PASSED] - Object 'Object Repository/CERTPAY_QUICKSTI/Payment_Information_Page/MULTIBUREAU_PAYMENT_AMOUNT' is present

2020-10-15 17:48:55 - [MESSAGE][PASSED] - Object 'Object Repository/CERTPAY_QUICKSTI/Payment_Information_Page/MULTIBUREAU_PAYMENT_AMOUNT' is visible

2020-10-15 17:48:55 - [MESSAGE][PASSED] - Object 'Object Repository/CERTPAY_QUICKSTI/Payment_Information_Page/MULTIBUREAU_PAYMENT_AMOUNT' is present

2020-10-15 17:48:57 - [MESSAGE][PASSED] - Text '35.00' is set on object 'Object Repository/CERTPAY_QUICKSTI/Payment_Information_Page/MULTIBUREAU_PAYMENT_AMOUNT'

2020-10-15 17:48:57 - [MESSAGE][PASSED] - Quicksti.ts:Entered'35.00 into Payment Amount

2020-10-15 17:48:57 - [TEST_STEP][PASSED] - pages.Quicksti.setAmountDetailsForMultiBureau(s, "Registration Fees", "1", referenceList.get(i), quantityList.get(i)): Quicksti.ts:Entered'2 into Quntity

2020-10-15 17:48:57 - [MESSAGE][PASSED] - Object '' is visible

2020-10-15 17:48:58 - [MESSAGE][PASSED] - Object '' is present

2020-10-15 17:48:59 - [MESSAGE][PASSED] - Object: '' is clicked on

2020-10-15 17:49:00 - [MESSAGE][PASSED] - All options with label 'Registration Fees' are selected in object ''  using regular expression

2020-10-15 17:49:00 - [MESSAGE][PASSED] - selected dropdown option by visible text  Registration Feesfrom Payment Type

2020-10-15 17:49:00 - [MESSAGE][PASSED] - Object '' is present

2020-10-15 17:49:00 - [MESSAGE][PASSED] - Object '' is visible

2020-10-15 17:49:01 - [MESSAGE][PASSED] - Object '' is present

2020-10-15 17:49:02 - [MESSAGE][PASSED] - Text '12' is set on object ''

2020-10-15 17:49:02 - [MESSAGE][PASSED] - Quicksti.ts:Entered'12 into RefrenceNumber

2020-10-15 17:49:02 - [MESSAGE][PASSED] - Object '' is present

2020-10-15 17:49:03 - [MESSAGE][PASSED] - Object '' is visible

2020-10-15 17:49:03 - [MESSAGE][PASSED] - Object '' is present

2020-10-15 17:49:04 - [MESSAGE][PASSED] - Text '2' is set on object ''

2020-10-15 17:49:04 - [MESSAGE][PASSED] - Quicksti.ts:Entered'2 into Quntity

2020-10-15 17:49:04 - [TEST_STEP][PASSED] - s = Integer.toString(i): null

2020-10-15 17:49:04 - [TEST_STEP][PASSED] - utilities.SafeActions.safeType(findTestObject("CERTPAY_QUICKSTI/Payment_Information_Page/MULTIBUREAU_PAYMENT_AMOUNT"), amountList.get(i), "Payment Amount", [pageLoadTime]): Quicksti.ts:Entered'20.00 into Payment Amount

2020-10-15 17:49:05 - [MESSAGE][PASSED] - Object 'Object Repository/CERTPAY_QUICKSTI/Payment_Information_Page/MULTIBUREAU_PAYMENT_AMOUNT' is present

2020-10-15 17:49:05 - [MESSAGE][PASSED] - Object 'Object Repository/CERTPAY_QUICKSTI/Payment_Information_Page/MULTIBUREAU_PAYMENT_AMOUNT' is visible

2020-10-15 17:49:05 - [MESSAGE][PASSED] - Object 'Object Repository/CERTPAY_QUICKSTI/Payment_Information_Page/MULTIBUREAU_PAYMENT_AMOUNT' is present

2020-10-15 17:49:07 - [MESSAGE][PASSED] - Text '20.00' is set on object 'Object Repository/CERTPAY_QUICKSTI/Payment_Information_Page/MULTIBUREAU_PAYMENT_AMOUNT'

2020-10-15 17:49:07 - [MESSAGE][PASSED] - Quicksti.ts:Entered'20.00 into Payment Amount

2020-10-15 17:49:07 - [TEST_STEP][PASSED] - pages.Quicksti.setAmountDetailsForMultiBureau(s, "Registration Fees", "1", referenceList.get(i), quantityList.get(i)): Quicksti.ts:Entered'2 into Quntity

2020-10-15 17:49:07 - [MESSAGE][PASSED] - Object '' is visible

2020-10-15 17:49:07 - [MESSAGE][PASSED] - Object '' is present

2020-10-15 17:49:09 - [MESSAGE][PASSED] - Object: '' is clicked on

2020-10-15 17:49:10 - [MESSAGE][PASSED] - All options with label 'Registration Fees' are selected in object ''  using regular expression

2020-10-15 17:49:10 - [MESSAGE][PASSED] - selected dropdown option by visible text  Registration Feesfrom Payment Type

2020-10-15 17:49:10 - [MESSAGE][PASSED] - Object '' is present

2020-10-15 17:49:10 - [MESSAGE][PASSED] - Object '' is visible

2020-10-15 17:49:11 - [MESSAGE][PASSED] - Object '' is present

2020-10-15 17:49:12 - [MESSAGE][PASSED] - Text '13' is set on object ''

2020-10-15 17:49:12 - [MESSAGE][PASSED] - Quicksti.ts:Entered'13 into RefrenceNumber

2020-10-15 17:49:12 - [MESSAGE][PASSED] - Object '' is present

2020-10-15 17:49:13 - [MESSAGE][PASSED] - Object '' is visible

2020-10-15 17:49:13 - [MESSAGE][PASSED] - Object '' is present

2020-10-15 17:49:14 - [MESSAGE][PASSED] - Text '2' is set on object ''

2020-10-15 17:49:14 - [MESSAGE][PASSED] - Quicksti.ts:Entered'2 into Quntity

2020-10-15 17:49:14 - [TEST_STEP][PASSED] - for ([i = 0, i <= amountList.size() - 1, (i++)]): Quicksti.ts:Entered'Testing into Comments

2020-10-15 17:49:14 - [TEST_STEP][PASSED] - s = Integer.toString(i): null

2020-10-15 17:49:14 - [TEST_STEP][PASSED] - utilities.SafeActions.safeType(findTestObject("CERTPAY_QUICKSTI/Payment_Information_Page/MULTIBUREAU_PAY_AMOUNT2"), amountList.get(i), "Payment Amount", [pageLoadTime]): Quicksti.ts:Entered'45.00 into Payment Amount

2020-10-15 17:49:15 - [MESSAGE][PASSED] - Object 'Object Repository/CERTPAY_QUICKSTI/Payment_Information_Page/MULTIBUREAU_PAY_AMOUNT2' is present

2020-10-15 17:49:15 - [MESSAGE][PASSED] - Object 'Object Repository/CERTPAY_QUICKSTI/Payment_Information_Page/MULTIBUREAU_PAY_AMOUNT2' is visible

2020-10-15 17:49:15 - [MESSAGE][PASSED] - Object 'Object Repository/CERTPAY_QUICKSTI/Payment_Information_Page/MULTIBUREAU_PAY_AMOUNT2' is present

2020-10-15 17:49:16 - [MESSAGE][PASSED] - Text '45.00' is set on object 'Object Repository/CERTPAY_QUICKSTI/Payment_Information_Page/MULTIBUREAU_PAY_AMOUNT2'

2020-10-15 17:49:16 - [MESSAGE][PASSED] - Quicksti.ts:Entered'45.00 into Payment Amount

2020-10-15 17:49:16 - [TEST_STEP][PASSED] - pages.Quicksti.setAmountDetailsForMultiBureau(s, "Vehicles", "2", referenceList.get(i), quantityList.get(i)): Quicksti.ts:Entered'1 into Quntity

2020-10-15 17:49:17 - [MESSAGE][PASSED] - Object '' is visible

2020-10-15 17:49:17 - [MESSAGE][PASSED] - Object '' is present

2020-10-15 17:49:19 - [MESSAGE][PASSED] - Object: '' is clicked on

2020-10-15 17:49:20 - [MESSAGE][PASSED] - All options with label 'Vehicles' are selected in object ''  using regular expression

2020-10-15 17:49:20 - [MESSAGE][PASSED] - selected dropdown option by visible text  Vehiclesfrom Payment Type

2020-10-15 17:49:20 - [MESSAGE][PASSED] - Object '' is present

2020-10-15 17:49:20 - [MESSAGE][PASSED] - Object '' is visible

2020-10-15 17:49:21 - [MESSAGE][PASSED] - Object '' is present

2020-10-15 17:49:22 - [MESSAGE][PASSED] - Text '11' is set on object ''

2020-10-15 17:49:22 - [MESSAGE][PASSED] - Quicksti.ts:Entered'11 into RefrenceNumber

2020-10-15 17:49:22 - [MESSAGE][PASSED] - Object '' is present

2020-10-15 17:49:23 - [MESSAGE][PASSED] - Object '' is visible

2020-10-15 17:49:23 - [MESSAGE][PASSED] - Object '' is present

2020-10-15 17:49:24 - [MESSAGE][PASSED] - Text '1' is set on object ''

2020-10-15 17:49:24 - [MESSAGE][PASSED] - Quicksti.ts:Entered'1 into Quntity

2020-10-15 17:49:24 - [TEST_STEP][PASSED] - pages.Quicksti.setCommnets("2", s, commentsList.get(i)): Quicksti.ts:Entered'Testing into Comments

2020-10-15 17:49:24 - [MESSAGE][PASSED] - Object '' is present

2020-10-15 17:49:25 - [MESSAGE][PASSED] - Object '' is visible

2020-10-15 17:49:25 - [MESSAGE][PASSED] - Object '' is present

2020-10-15 17:49:26 - [MESSAGE][PASSED] - Text 'Testing' is set on object ''

2020-10-15 17:49:26 - [MESSAGE][PASSED] - Quicksti.ts:Entered'Testing into Comments

2020-10-15 17:49:26 - [TEST_STEP][PASSED] - s = Integer.toString(i): null

2020-10-15 17:49:26 - [TEST_STEP][PASSED] - utilities.SafeActions.safeType(findTestObject("CERTPAY_QUICKSTI/Payment_Information_Page/MULTIBUREAU_PAY_AMOUNT2"), amountList.get(i), "Payment Amount", [pageLoadTime]): Quicksti.ts:Entered'35.00 into Payment Amount

2020-10-15 17:49:27 - [MESSAGE][PASSED] - Object 'Object Repository/CERTPAY_QUICKSTI/Payment_Information_Page/MULTIBUREAU_PAY_AMOUNT2' is present

2020-10-15 17:49:27 - [MESSAGE][PASSED] - Object 'Object Repository/CERTPAY_QUICKSTI/Payment_Information_Page/MULTIBUREAU_PAY_AMOUNT2' is visible

2020-10-15 17:49:27 - [MESSAGE][PASSED] - Object 'Object Repository/CERTPAY_QUICKSTI/Payment_Information_Page/MULTIBUREAU_PAY_AMOUNT2' is present

2020-10-15 17:49:29 - [MESSAGE][PASSED] - Text '35.00' is set on object 'Object Repository/CERTPAY_QUICKSTI/Payment_Information_Page/MULTIBUREAU_PAY_AMOUNT2'

2020-10-15 17:49:29 - [MESSAGE][PASSED] - Quicksti.ts:Entered'35.00 into Payment Amount

2020-10-15 17:49:29 - [TEST_STEP][PASSED] - pages.Quicksti.setAmountDetailsForMultiBureau(s, "Vehicles", "2", referenceList.get(i), quantityList.get(i)): Quicksti.ts:Entered'2 into Quntity

2020-10-15 17:49:29 - [MESSAGE][PASSED] - Object '' is visible

2020-10-15 17:49:29 - [MESSAGE][PASSED] - Object '' is present

2020-10-15 17:49:31 - [MESSAGE][PASSED] - Object: '' is clicked on

2020-10-15 17:49:32 - [MESSAGE][PASSED] - All options with label 'Vehicles' are selected in object ''  using regular expression

2020-10-15 17:49:32 - [MESSAGE][PASSED] - selected dropdown option by visible text  Vehiclesfrom Payment Type

2020-10-15 17:49:32 - [MESSAGE][PASSED] - Object '' is present

2020-10-15 17:49:33 - [MESSAGE][PASSED] - Object '' is visible

2020-10-15 17:49:33 - [MESSAGE][PASSED] - Object '' is present

2020-10-15 17:49:34 - [MESSAGE][PASSED] - Text '12' is set on object ''

2020-10-15 17:49:34 - [MESSAGE][PASSED] - Quicksti.ts:Entered'12 into RefrenceNumber

2020-10-15 17:49:35 - [MESSAGE][PASSED] - Object '' is present

2020-10-15 17:49:35 - [MESSAGE][PASSED] - Object '' is visible

2020-10-15 17:49:35 - [MESSAGE][PASSED] - Object '' is present

2020-10-15 17:49:36 - [MESSAGE][PASSED] - Text '2' is set on object ''

2020-10-15 17:49:36 - [MESSAGE][PASSED] - Quicksti.ts:Entered'2 into Quntity

2020-10-15 17:49:36 - [TEST_STEP][PASSED] - pages.Quicksti.setCommnets("2", s, commentsList.get(i)): Quicksti.ts:Entered'Tester into Comments

2020-10-15 17:49:37 - [MESSAGE][PASSED] - Object '' is present

2020-10-15 17:49:37 - [MESSAGE][PASSED] - Object '' is visible

2020-10-15 17:49:37 - [MESSAGE][PASSED] - Object '' is present

2020-10-15 17:49:39 - [MESSAGE][PASSED] - Text 'Tester' is set on object ''

2020-10-15 17:49:39 - [MESSAGE][PASSED] - Quicksti.ts:Entered'Tester into Comments

2020-10-15 17:49:39 - [TEST_STEP][PASSED] - s = Integer.toString(i): null

2020-10-15 17:49:39 - [TEST_STEP][PASSED] - utilities.SafeActions.safeType(findTestObject("CERTPAY_QUICKSTI/Payment_Information_Page/MULTIBUREAU_PAY_AMOUNT2"), amountList.get(i), "Payment Amount", [pageLoadTime]): Quicksti.ts:Entered'20.00 into Payment Amount

2020-10-15 17:49:39 - [MESSAGE][PASSED] - Object 'Object Repository/CERTPAY_QUICKSTI/Payment_Information_Page/MULTIBUREAU_PAY_AMOUNT2' is present

2020-10-15 17:49:39 - [MESSAGE][PASSED] - Object 'Object Repository/CERTPAY_QUICKSTI/Payment_Information_Page/MULTIBUREAU_PAY_AMOUNT2' is visible

2020-10-15 17:49:40 - [MESSAGE][PASSED] - Object 'Object Repository/CERTPAY_QUICKSTI/Payment_Information_Page/MULTIBUREAU_PAY_AMOUNT2' is present

2020-10-15 17:49:41 - [MESSAGE][PASSED] - Text '20.00' is set on object 'Object Repository/CERTPAY_QUICKSTI/Payment_Information_Page/MULTIBUREAU_PAY_AMOUNT2'

2020-10-15 17:49:41 - [MESSAGE][PASSED] - Quicksti.ts:Entered'20.00 into Payment Amount

2020-10-15 17:49:41 - [TEST_STEP][PASSED] - pages.Quicksti.setAmountDetailsForMultiBureau(s, "Vehicles", "2", referenceList.get(i), quantityList.get(i)): Quicksti.ts:Entered'2 into Quntity

2020-10-15 17:49:42 - [MESSAGE][PASSED] - Object '' is visible

2020-10-15 17:49:42 - [MESSAGE][PASSED] - Object '' is present

2020-10-15 17:49:43 - [MESSAGE][PASSED] - Object: '' is clicked on

2020-10-15 17:49:44 - [MESSAGE][PASSED] - All options with label 'Vehicles' are selected in object ''  using regular expression

2020-10-15 17:49:44 - [MESSAGE][PASSED] - selected dropdown option by visible text  Vehiclesfrom Payment Type

2020-10-15 17:49:45 - [MESSAGE][PASSED] - Object '' is present

2020-10-15 17:49:45 - [MESSAGE][PASSED] - Object '' is visible

2020-10-15 17:49:45 - [MESSAGE][PASSED] - Object '' is present

2020-10-15 17:49:47 - [MESSAGE][PASSED] - Text '13' is set on object ''

2020-10-15 17:49:47 - [MESSAGE][PASSED] - Quicksti.ts:Entered'13 into RefrenceNumber

2020-10-15 17:49:47 - [MESSAGE][PASSED] - Object '' is present

2020-10-15 17:49:47 - [MESSAGE][PASSED] - Object '' is visible

2020-10-15 17:49:47 - [MESSAGE][PASSED] - Object '' is present

2020-10-15 17:49:49 - [MESSAGE][PASSED] - Text '2' is set on object ''

2020-10-15 17:49:49 - [MESSAGE][PASSED] - Quicksti.ts:Entered'2 into Quntity

2020-10-15 17:49:49 - [TEST_STEP][PASSED] - pages.Quicksti.setCommnets("2", s, commentsList.get(i)): Quicksti.ts:Entered'Testing into Comments

2020-10-15 17:49:49 - [MESSAGE][PASSED] - Object '' is present

2020-10-15 17:49:49 - [MESSAGE][PASSED] - Object '' is visible

2020-10-15 17:49:50 - [MESSAGE][PASSED] - Object '' is present

2020-10-15 17:49:51 - [MESSAGE][PASSED] - Text 'Testing' is set on object ''

2020-10-15 17:49:51 - [MESSAGE][PASSED] - Quicksti.ts:Entered'Testing into Comments

2020-10-15 17:49:51 - [TEST_STEP][PASSED] - utilities.SafeActions.safeClick(findTestObject("CERTPAY_QUICKSTI/Payment_Information_Page/MANUAL_ENTRY_BUTTON"), "ManualEntry", [pageLoadTime]): Quicksti.ts:Clicked on the ManualEntry

2020-10-15 17:49:51 - [MESSAGE][INFO] - safeClicking

2020-10-15 17:49:51 - [MESSAGE][PASSED] - Object 'Object Repository/CERTPAY_QUICKSTI/Payment_Information_Page/MANUAL_ENTRY_BUTTON' is present

2020-10-15 17:49:52 - [MESSAGE][PASSED] - Object 'Object Repository/CERTPAY_QUICKSTI/Payment_Information_Page/MANUAL_ENTRY_BUTTON' is clickable

2020-10-15 17:49:56 - [MESSAGE][PASSED] - Object: 'Object Repository/CERTPAY_QUICKSTI/Payment_Information_Page/MANUAL_ENTRY_BUTTON' is clicked on

2020-10-15 17:49:56 - [MESSAGE][PASSED] - Quicksti.ts:Clicked on the ManualEntry

2020-10-15 17:49:56 - [TEST_STEP][PASSED] - amount_Value = pages.Quicksti.getAttributeValue(findTestObject("CERTPAY_QUICKSTI/Payment_Information_Page/SUB_TOTAL")): pages.Quicksti.getAttributeValue is PASSED

2020-10-15 17:49:56 - [MESSAGE][PASSED] - Attribute 'value' of object 'Object Repository/CERTPAY_QUICKSTI/Payment_Information_Page/SUB_TOTAL' is: '45.00'

2020-10-15 17:49:56 - [MESSAGE][PASSED] - pages.Quicksti.getAttributeValue is PASSED

2020-10-15 17:49:56 - [TEST_STEP][PASSED] - CardNumber = pages.Quicksti.setUserPaymentDetails(firstName, lastName, cardNum): Quicksti.ts:Entered'5154623208647646 into CardNum

2020-10-15 17:49:57 - [MESSAGE][PASSED] - Object 'Object Repository/CERTPAY_QUICKSTI/Payment_Information_Page/FIRST_NAME' is present

2020-10-15 17:49:57 - [MESSAGE][PASSED] - Object 'Object Repository/CERTPAY_QUICKSTI/Payment_Information_Page/FIRST_NAME' is visible

2020-10-15 17:49:57 - [MESSAGE][PASSED] - Object 'Object Repository/CERTPAY_QUICKSTI/Payment_Information_Page/FIRST_NAME' is present

2020-10-15 17:49:59 - [MESSAGE][PASSED] - Text 'Tester' is set on object 'Object Repository/CERTPAY_QUICKSTI/Payment_Information_Page/FIRST_NAME'

2020-10-15 17:49:59 - [MESSAGE][PASSED] - Quicksti.ts:Entered'Tester into FirstName

2020-10-15 17:49:59 - [MESSAGE][PASSED] - Object 'Object Repository/CERTPAY_QUICKSTI/Payment_Information_Page/LAST_NAME' is present

2020-10-15 17:49:59 - [MESSAGE][PASSED] - Object 'Object Repository/CERTPAY_QUICKSTI/Payment_Information_Page/LAST_NAME' is visible

2020-10-15 17:50:00 - [MESSAGE][PASSED] - Object 'Object Repository/CERTPAY_QUICKSTI/Payment_Information_Page/LAST_NAME' is present

2020-10-15 17:50:01 - [MESSAGE][PASSED] - Text 'Zenq1' is set on object 'Object Repository/CERTPAY_QUICKSTI/Payment_Information_Page/LAST_NAME'

2020-10-15 17:50:01 - [MESSAGE][PASSED] - Quicksti.ts:Entered'Zenq1 into LAstName

2020-10-15 17:50:01 - [MESSAGE][PASSED] - Object 'Object Repository/CERTPAY_QUICKSTI/Payment_Information_Page/CARD_NUMBER' is present

2020-10-15 17:50:02 - [MESSAGE][PASSED] - Object 'Object Repository/CERTPAY_QUICKSTI/Payment_Information_Page/CARD_NUMBER' is visible

2020-10-15 17:50:02 - [MESSAGE][PASSED] - Object 'Object Repository/CERTPAY_QUICKSTI/Payment_Information_Page/CARD_NUMBER' is present

2020-10-15 17:50:03 - [MESSAGE][PASSED] - Text '5154623208647646' is set on object 'Object Repository/CERTPAY_QUICKSTI/Payment_Information_Page/CARD_NUMBER'

2020-10-15 17:50:03 - [MESSAGE][PASSED] - Quicksti.ts:Entered'5154623208647646 into CardNum

2020-10-15 17:50:03 - [TEST_STEP][PASSED] - pages.Quicksti.setExpDate(expMonth, expYear, securityCode): Quicksti.ts:Entered'207 into securityCode

2020-10-15 17:50:04 - [MESSAGE][PASSED] - Object 'Object Repository/CERTPAY_QUICKSTI/Payment_Information_Page/EXP_MONTH' is visible

2020-10-15 17:50:04 - [MESSAGE][PASSED] - Object 'Object Repository/CERTPAY_QUICKSTI/Payment_Information_Page/EXP_MONTH' is present

2020-10-15 17:50:05 - [MESSAGE][PASSED] - Object: 'Object Repository/CERTPAY_QUICKSTI/Payment_Information_Page/EXP_MONTH' is clicked on

2020-10-15 17:50:06 - [MESSAGE][PASSED] - All options with label '04' are selected in object 'Object Repository/CERTPAY_QUICKSTI/Payment_Information_Page/EXP_MONTH'  using regular expression

2020-10-15 17:50:06 - [MESSAGE][PASSED] - selected dropdown option by visible text  04from expMonth

2020-10-15 17:50:07 - [MESSAGE][PASSED] - Object 'Object Repository/CERTPAY_QUICKSTI/Payment_Information_Page/EXP_YEAR' is visible

2020-10-15 17:50:07 - [MESSAGE][PASSED] - Object 'Object Repository/CERTPAY_QUICKSTI/Payment_Information_Page/EXP_YEAR' is present

2020-10-15 17:50:08 - [MESSAGE][PASSED] - Object: 'Object Repository/CERTPAY_QUICKSTI/Payment_Information_Page/EXP_YEAR' is clicked on

2020-10-15 17:50:10 - [MESSAGE][PASSED] - All options with label '2023' are selected in object 'Object Repository/CERTPAY_QUICKSTI/Payment_Information_Page/EXP_YEAR'  using regular expression

2020-10-15 17:50:10 - [MESSAGE][PASSED] - selected dropdown option by visible text  2023from  expYear

2020-10-15 17:50:10 - [MESSAGE][PASSED] - Object 'Object Repository/CERTPAY_QUICKSTI/Payment_Information_Page/SECURITY_CODE' is present

2020-10-15 17:50:10 - [MESSAGE][PASSED] - Object 'Object Repository/CERTPAY_QUICKSTI/Payment_Information_Page/SECURITY_CODE' is visible

2020-10-15 17:50:10 - [MESSAGE][PASSED] - Object 'Object Repository/CERTPAY_QUICKSTI/Payment_Information_Page/SECURITY_CODE' is present

2020-10-15 17:50:12 - [MESSAGE][PASSED] - Text '207' is set on object 'Object Repository/CERTPAY_QUICKSTI/Payment_Information_Page/SECURITY_CODE'

2020-10-15 17:50:12 - [MESSAGE][PASSED] - Quicksti.ts:Entered'207 into securityCode

2020-10-15 17:50:12 - [TEST_STEP][PASSED] - utilities.SafeActions.safeType(findTestObject("CERTPAY_QUICKSTI/Payment_Information_Page/ADDRESS"), address, "Address", [pageLoadTime]): Quicksti.ts:Entered'14-2 into Address

2020-10-15 17:50:12 - [MESSAGE][PASSED] - Object 'Object Repository/CERTPAY_QUICKSTI/Payment_Information_Page/ADDRESS' is present

2020-10-15 17:50:12 - [MESSAGE][PASSED] - Object 'Object Repository/CERTPAY_QUICKSTI/Payment_Information_Page/ADDRESS' is visible

2020-10-15 17:50:13 - [MESSAGE][PASSED] - Object 'Object Repository/CERTPAY_QUICKSTI/Payment_Information_Page/ADDRESS' is present

2020-10-15 17:50:14 - [MESSAGE][PASSED] - Text '14-2' is set on object 'Object Repository/CERTPAY_QUICKSTI/Payment_Information_Page/ADDRESS'

2020-10-15 17:50:14 - [MESSAGE][PASSED] - Quicksti.ts:Entered'14-2 into Address

2020-10-15 17:50:14 - [TEST_STEP][PASSED] - utilities.SafeActions.safeType(findTestObject("CERTPAY_QUICKSTI/Payment_Information_Page/ZIP_CODE"), zipCode, "zipcode", [pageLoadTime]): Quicksti.ts:Entered'76102 into zipcode

2020-10-15 17:50:14 - [MESSAGE][PASSED] - Object 'Object Repository/CERTPAY_QUICKSTI/Payment_Information_Page/ZIP_CODE' is present

2020-10-15 17:50:14 - [MESSAGE][PASSED] - Object 'Object Repository/CERTPAY_QUICKSTI/Payment_Information_Page/ZIP_CODE' is visible

2020-10-15 17:50:15 - [MESSAGE][PASSED] - Object 'Object Repository/CERTPAY_QUICKSTI/Payment_Information_Page/ZIP_CODE' is present

2020-10-15 17:50:16 - [MESSAGE][PASSED] - Text '76102' is set on object 'Object Repository/CERTPAY_QUICKSTI/Payment_Information_Page/ZIP_CODE'

2020-10-15 17:50:16 - [MESSAGE][PASSED] - Quicksti.ts:Entered'76102 into zipcode

2020-10-15 17:50:16 - [TEST_STEP][PASSED] - utilities.SafeActions.safeType(findTestObject("CERTPAY_QUICKSTI/Payment_Information_Page/TELEPHONE"), telephone, "Telephone", [pageLoadTime]): Quicksti.ts:Entered'9989897654 into Telephone

2020-10-15 17:50:16 - [MESSAGE][PASSED] - Object 'Object Repository/CERTPAY_QUICKSTI/Payment_Information_Page/TELEPHONE' is present

2020-10-15 17:50:17 - [MESSAGE][PASSED] - Object 'Object Repository/CERTPAY_QUICKSTI/Payment_Information_Page/TELEPHONE' is visible

2020-10-15 17:50:17 - [MESSAGE][PASSED] - Object 'Object Repository/CERTPAY_QUICKSTI/Payment_Information_Page/TELEPHONE' is present

2020-10-15 17:50:18 - [MESSAGE][PASSED] - Text '9989897654' is set on object 'Object Repository/CERTPAY_QUICKSTI/Payment_Information_Page/TELEPHONE'

2020-10-15 17:50:18 - [MESSAGE][PASSED] - Quicksti.ts:Entered'9989897654 into Telephone

2020-10-15 17:50:18 - [TEST_STEP][PASSED] - utilities.SafeActions.safeType(findTestObject("CERTPAY_QUICKSTI/Payment_Information_Page/EMAIL_ADDRESS"), emailAddress, "EMAIL address", [pageLoadTime]): Quicksti.ts:Entered'testing@zenq.com into EMAIL address

2020-10-15 17:50:19 - [MESSAGE][PASSED] - Object 'Object Repository/CERTPAY_QUICKSTI/Payment_Information_Page/EMAIL_ADDRESS' is present

2020-10-15 17:50:19 - [MESSAGE][PASSED] - Object 'Object Repository/CERTPAY_QUICKSTI/Payment_Information_Page/EMAIL_ADDRESS' is visible

2020-10-15 17:50:19 - [MESSAGE][PASSED] - Object 'Object Repository/CERTPAY_QUICKSTI/Payment_Information_Page/EMAIL_ADDRESS' is present

2020-10-15 17:50:21 - [MESSAGE][PASSED] - Text 'testing@zenq.com' is set on object 'Object Repository/CERTPAY_QUICKSTI/Payment_Information_Page/EMAIL_ADDRESS'

2020-10-15 17:50:21 - [MESSAGE][PASSED] - Quicksti.ts:Entered'testing@zenq.com into EMAIL address

2020-10-15 17:50:21 - [TEST_STEP][PASSED] - utilities.SafeActions.safeClick(findTestObject("CERTPAY_QUICKSTI/Payment_Information_Page/NEXT_BUTTON"), "Next", [pageLoadTime]): Quicksti.ts:Clicked on the Next

2020-10-15 17:50:21 - [MESSAGE][INFO] - safeClicking

2020-10-15 17:50:21 - [MESSAGE][PASSED] - Object 'Object Repository/CERTPAY_QUICKSTI/Payment_Information_Page/NEXT_BUTTON' is present

2020-10-15 17:50:21 - [MESSAGE][PASSED] - Object 'Object Repository/CERTPAY_QUICKSTI/Payment_Information_Page/NEXT_BUTTON' is clickable

2020-10-15 17:50:25 - [MESSAGE][PASSED] - Object: 'Object Repository/CERTPAY_QUICKSTI/Payment_Information_Page/NEXT_BUTTON' is clicked on

2020-10-15 17:50:25 - [MESSAGE][PASSED] - Quicksti.ts:Clicked on the Next

2020-10-15 17:50:25 - [TEST_STEP][PASSED] - pages.Quicksti.verifyUserPaymentDetails(amountList.get(0), firstName, lastName, CardNumber): pages.Quicksti.verifyUserPaymentDetails is PASSED

2020-10-15 17:50:26 - [MESSAGE][PASSED] - Text of object 'Object Repository/CERTPAY_QUICKSTI/Payment_Details_Verification_Page/AMOUNT' is: '$45.00'

2020-10-15 17:50:26 - [MESSAGE][PASSED] - Actual text '45.00' and expected text '45.00' are matched  using regular expression

2020-10-15 17:50:26 - [MESSAGE][PASSED] - Text of object 'Object Repository/CERTPAY_QUICKSTI/Payment_Details_Verification_Page/NAME' is: 'Tester Zenq1'

2020-10-15 17:50:26 - [MESSAGE][PASSED] - Actual text 'Tester Zenq1' and expected text 'Tester Zenq1' are matched  using regular expression

2020-10-15 17:50:26 - [MESSAGE][PASSED] - Text of object 'Object Repository/CERTPAY_QUICKSTI/Payment_Details_Verification_Page/CARD_NUMBER' is: '...7646'

2020-10-15 17:50:26 - [MESSAGE][PASSED] - Actual text '7646' and expected text '7646' are matched  using regular expression

2020-10-15 17:50:26 - [MESSAGE][PASSED] - pages.Quicksti.verifyUserPaymentDetails is PASSED

2020-10-15 17:50:26 - [TEST_STEP][PASSED] - ConvFee = getText(findTestObject("CERTPAY_QUICKSTI/Payment_Information_Page/CONV_FEE")): Text of object 'Object Repository/CERTPAY_QUICKSTI/Payment_Information_Page/CONV_FEE' is: '$0.45'

2020-10-15 17:50:27 - [MESSAGE][PASSED] - Text of object 'Object Repository/CERTPAY_QUICKSTI/Payment_Information_Page/CONV_FEE' is: '$0.45'

2020-10-15 17:50:27 - [TEST_STEP][PASSED] - scrollToElement(findTestObject("CERTPAY_QUICKSTI/Payment_Details_Verification_Page/PROCESS"), 30): Scroll to object 'Object Repository/CERTPAY_QUICKSTI/Payment_Details_Verification_Page/PROCESS' successfully

2020-10-15 17:50:27 - [MESSAGE][PASSED] - Scroll to object 'Object Repository/CERTPAY_QUICKSTI/Payment_Details_Verification_Page/PROCESS' successfully

2020-10-15 17:50:27 - [TEST_STEP][PASSED] - utilities.SafeActions.safeClick(findTestObject("CERTPAY_QUICKSTI/Payment_Details_Verification_Page/PROCESS"), "Process", [pageLoadTime]): Quicksti.ts:Clicked on the Process

2020-10-15 17:50:27 - [MESSAGE][INFO] - safeClicking

2020-10-15 17:50:27 - [MESSAGE][PASSED] - Object 'Object Repository/CERTPAY_QUICKSTI/Payment_Details_Verification_Page/PROCESS' is present

2020-10-15 17:50:28 - [MESSAGE][PASSED] - Object 'Object Repository/CERTPAY_QUICKSTI/Payment_Details_Verification_Page/PROCESS' is clickable

2020-10-15 17:50:32 - [MESSAGE][PASSED] - Object: 'Object Repository/CERTPAY_QUICKSTI/Payment_Details_Verification_Page/PROCESS' is clicked on

2020-10-15 17:50:32 - [MESSAGE][PASSED] - Quicksti.ts:Clicked on the Process

2020-10-15 17:50:32 - [TEST_STEP][PASSED] - paymentId = pages.Quicksti.verifyPaymentApproval(findTestObject("CERTPAY_QUICKSTI/Payment_Details_Verification_Page/APPROVED")): Payment is approved

2020-10-15 17:50:33 - [MESSAGE][PASSED] - Text of object 'Object Repository/CERTPAY_QUICKSTI/Payment_Details_Verification_Page/PAYMENT_ID' is: '100176129764'

2020-10-15 17:50:33 - [MESSAGE][PASSED] - Object 'Object Repository/CERTPAY_QUICKSTI/Payment_Details_Verification_Page/APPROVED' is present

2020-10-15 17:50:33 - [MESSAGE][PASSED] - Payment is approved

2020-10-15 17:50:35 - [TEST_STEP][PASSED] - navigateToUrl(Admin_url): Navigate to 'https://qa-certpayadmin.faps.net' successfully

2020-10-15 17:50:41 - [MESSAGE][PASSED] - Navigate to 'https://qa-certpayadmin.faps.net' successfully

2020-10-15 17:50:41 - [TEST_STEP][PASSED] - pages.Bureau_Login_Page.loginToAdminSite(AdminUsername, AdminPassword): Quicksti.ts:Clicked on the LOGIN

2020-10-15 17:50:42 - [MESSAGE][PASSED] - Object 'Object Repository/CERTPAY_ADMIN/USER_NAME' is present

2020-10-15 17:50:42 - [MESSAGE][PASSED] - Object 'Object Repository/CERTPAY_ADMIN/USER_NAME' is visible

2020-10-15 17:50:42 - [MESSAGE][PASSED] - Object 'Object Repository/CERTPAY_ADMIN/USER_NAME' is present

2020-10-15 17:50:43 - [MESSAGE][PASSED] - Text 'VVangiliappan' is set on object 'Object Repository/CERTPAY_ADMIN/USER_NAME'

2020-10-15 17:50:43 - [MESSAGE][PASSED] - Quicksti.ts:Entered'VVangiliappan into username

2020-10-15 17:50:44 - [MESSAGE][PASSED] - Object 'Object Repository/CERTPAY_ADMIN/PASSWORD' is present

2020-10-15 17:50:44 - [MESSAGE][PASSED] - Object 'Object Repository/CERTPAY_ADMIN/PASSWORD' is visible

2020-10-15 17:50:44 - [MESSAGE][PASSED] - Object 'Object Repository/CERTPAY_ADMIN/PASSWORD' is present

2020-10-15 17:50:45 - [MESSAGE][PASSED] - Text 'Test@123' is set on object 'Object Repository/CERTPAY_ADMIN/PASSWORD'

2020-10-15 17:50:45 - [MESSAGE][PASSED] - Quicksti.ts:Entered'Test@123 into password

2020-10-15 17:50:46 - [MESSAGE][INFO] - safeClicking

2020-10-15 17:50:46 - [MESSAGE][PASSED] - Object 'Object Repository/CERTPAY_ADMIN/LOGIN_BUTTON' is present

2020-10-15 17:50:46 - [MESSAGE][PASSED] - Object 'Object Repository/CERTPAY_ADMIN/LOGIN_BUTTON' is clickable

2020-10-15 17:50:53 - [MESSAGE][PASSED] - Object: 'Object Repository/CERTPAY_ADMIN/LOGIN_BUTTON' is clicked on

2020-10-15 17:50:53 - [MESSAGE][PASSED] - Quicksti.ts:Clicked on the LOGIN

2020-10-15 17:50:53 - [TEST_STEP][PASSED] - utilities.SafeActions.safeClick(findTestObject("CERTPAY_ADMIN/TRANSACTION_MENU"), "TransactionMenu", [pageLoadTime]): Quicksti.ts:Clicked on the TransactionMenu

2020-10-15 17:50:53 - [MESSAGE][INFO] - safeClicking

2020-10-15 17:50:53 - [MESSAGE][PASSED] - Object 'Object Repository/CERTPAY_ADMIN/TRANSACTION_MENU' is present

2020-10-15 17:50:53 - [MESSAGE][PASSED] - Object 'Object Repository/CERTPAY_ADMIN/TRANSACTION_MENU' is clickable

2020-10-15 17:50:55 - [MESSAGE][PASSED] - Object: 'Object Repository/CERTPAY_ADMIN/TRANSACTION_MENU' is clicked on

2020-10-15 17:50:55 - [MESSAGE][PASSED] - Quicksti.ts:Clicked on the TransactionMenu

2020-10-15 17:50:55 - [TEST_STEP][PASSED] - utilities.SafeActions.safeClick(findTestObject("CERTPAY_ADMIN/TRANSACTION_SEARCH"), "TransactionSearch", [pageLoadTime]): Quicksti.ts:Clicked on the TransactionSearch

2020-10-15 17:50:55 - [MESSAGE][INFO] - safeClicking

2020-10-15 17:50:55 - [MESSAGE][PASSED] - Object 'Object Repository/CERTPAY_ADMIN/TRANSACTION_SEARCH' is present

2020-10-15 17:50:55 - [MESSAGE][PASSED] - Object 'Object Repository/CERTPAY_ADMIN/TRANSACTION_SEARCH' is clickable

2020-10-15 17:50:58 - [MESSAGE][PASSED] - Object: 'Object Repository/CERTPAY_ADMIN/TRANSACTION_SEARCH' is clicked on

2020-10-15 17:50:58 - [MESSAGE][PASSED] - Quicksti.ts:Clicked on the TransactionSearch

2020-10-15 17:50:58 - [TEST_STEP][PASSED] - utilities.SafeActions.safeType(findTestObject("CERTPAY_ADMIN/PAYMENT_ID"), paymentId, "Payment id", [pageLoadTime]): Quicksti.ts:Entered'100176129764 into Payment id

2020-10-15 17:50:59 - [MESSAGE][PASSED] - Object 'Object Repository/CERTPAY_ADMIN/PAYMENT_ID' is present

2020-10-15 17:50:59 - [MESSAGE][PASSED] - Object 'Object Repository/CERTPAY_ADMIN/PAYMENT_ID' is visible

2020-10-15 17:50:59 - [MESSAGE][PASSED] - Object 'Object Repository/CERTPAY_ADMIN/PAYMENT_ID' is present

2020-10-15 17:51:00 - [MESSAGE][PASSED] - Text '100176129764' is set on object 'Object Repository/CERTPAY_ADMIN/PAYMENT_ID'

2020-10-15 17:51:00 - [MESSAGE][PASSED] - Quicksti.ts:Entered'100176129764 into Payment id

2020-10-15 17:51:00 - [TEST_STEP][PASSED] - utilities.SafeActions.safeClick(findTestObject("CERTPAY_ADMIN/GO_BUTTON"), "Go button", [pageLoadTime]): Quicksti.ts:Clicked on the Go button

2020-10-15 17:51:00 - [MESSAGE][INFO] - safeClicking

2020-10-15 17:51:01 - [MESSAGE][PASSED] - Object 'Object Repository/CERTPAY_ADMIN/GO_BUTTON' is present

2020-10-15 17:51:01 - [MESSAGE][PASSED] - Object 'Object Repository/CERTPAY_ADMIN/GO_BUTTON' is clickable

2020-10-15 17:51:03 - [MESSAGE][PASSED] - Object: 'Object Repository/CERTPAY_ADMIN/GO_BUTTON' is clicked on

2020-10-15 17:51:03 - [MESSAGE][PASSED] - Quicksti.ts:Clicked on the Go button

2020-10-15 17:51:03 - [TEST_STEP][PASSED] - delay(5): Delayed 5 second(s)

2020-10-15 17:51:08 - [MESSAGE][PASSED] - Delayed 5 second(s)

2020-10-15 17:51:08 - [TEST_STEP][PASSED] - scrollToPosition(800, 900): Browser is scrolled to position x = 800, y = 900

2020-10-15 17:51:08 - [MESSAGE][PASSED] - Browser is scrolled to position x = 800, y = 900

2020-10-15 17:51:08 - [TEST_STEP][PASSED] - pages.Search_Page.validatePaymentAmount(amountList.get(0), ConvFee): Verified payment details successfully 

2020-10-15 17:51:09 - [MESSAGE][PASSED] - Text of object 'Object Repository/CERTPAY_ADMIN/PAYMENT_AMOUNT' is: '$45.00'

2020-10-15 17:51:09 - [MESSAGE][PASSED] - Actual text '45.00' and expected text '45.00' are matched  using regular expression

2020-10-15 17:51:09 - [MESSAGE][PASSED] - Text of object 'Object Repository/CERTPAY_ADMIN/CONV_FEE' is: '$0.45'

2020-10-15 17:51:09 - [MESSAGE][PASSED] - Actual text '0.45' and expected text '0.45' are matched  using regular expression

2020-10-15 17:51:09 - [MESSAGE][PASSED] - Verified payment details successfully 

2020-10-15 17:51:09 - [TEST_STEP][PASSED] - paymentIdList.add(paymentId): null

2020-10-15 17:51:09 - [TEST_STEP][PASSED] - println(paymentIdList): null

2020-10-15 17:51:09 - [TEST_STEP][PASSED] - firstName = data.getValue("FirstName", index): null

2020-10-15 17:51:09 - [TEST_STEP][PASSED] - lastName = data.getValue("LastName", index): null

2020-10-15 17:51:09 - [TEST_STEP][PASSED] - cardNum = data.getValue("CardNumber", index): null

2020-10-15 17:51:09 - [TEST_STEP][PASSED] - expMonth = data.getValue("ExpMonth", index): null

2020-10-15 17:51:09 - [TEST_STEP][PASSED] - expYear = data.getValue("ExpYear", index): null

2020-10-15 17:51:09 - [TEST_STEP][PASSED] - securityCode = data.getValue("SecurityCode", index): null

2020-10-15 17:51:09 - [TEST_STEP][PASSED] - paymentAmount = data.getValue("PaymentAmount", index): null

2020-10-15 17:51:09 - [TEST_STEP][PASSED] - paymentType = data.getValue("PaymentType", index): null

2020-10-15 17:51:09 - [TEST_STEP][PASSED] - quantity = data.getValue("Quantity", index): null

2020-10-15 17:51:09 - [TEST_STEP][PASSED] - comments = data.getValue("Comments", index): null

2020-10-15 17:51:09 - [TEST_STEP][PASSED] - referenceNum = data.getValue("ReferenceNum", index): null

2020-10-15 17:51:09 - [TEST_STEP][PASSED] - address = data.getValue("Address", index): null

2020-10-15 17:51:09 - [TEST_STEP][PASSED] - zipCode = data.getValue("Zipcode", index): null

2020-10-15 17:51:09 - [TEST_STEP][PASSED] - telephone = data.getValue("Telephone", index): null

2020-10-15 17:51:09 - [TEST_STEP][PASSED] - emailAddress = data.getValue("EmailAddress", index): null

2020-10-15 17:51:09 - [TEST_STEP][PASSED] - cardType = data.getValue("CardType", index): null

2020-10-15 17:51:09 - [TEST_STEP][PASSED] - amountList = paymentAmount.split(","): null

2020-10-15 17:51:09 - [TEST_STEP][PASSED] - referenceList = referenceNum.split(","): null

2020-10-15 17:51:09 - [TEST_STEP][PASSED] - paymentTypeList = paymentType.split(","): null

2020-10-15 17:51:09 - [TEST_STEP][PASSED] - commentsList = comments.split(","): null

2020-10-15 17:51:09 - [TEST_STEP][PASSED] - quantityList = quantity.split(","): null

2020-10-15 17:51:09 - [TEST_STEP][PASSED] - utilities.SafeActions.openBrowser(Quicksti_Url, [pageLoadTime]): Browser launched successfully

2020-10-15 17:51:09 - [MESSAGE][INFO] - Opening Browser

2020-10-15 17:51:09 - [MESSAGE][WARNING] - A browser is already opened. Closing browser and opening a new one

2020-10-15 17:51:10 - [MESSAGE][INFO] - Starting 'Chrome' driver

2020-10-15 17:51:19 - [MESSAGE][PASSED] - Browser is opened with url: 'https://qa-certpayquicksti.faps.net/'

2020-10-15 17:51:21 - [MESSAGE][PASSED] - Current window maximized

2020-10-15 17:51:21 - [MESSAGE][PASSED] - Browser launched successfully

2020-10-15 17:51:21 - [TEST_STEP][PASSED] - utilities.SafeActions.safeCheck(findTestObject("CERTPAY_QUICKSTI/Login_ Page/MULTI_BUREAU_CHECKBOX"), "Multi Bureau", [pageLoadTime]): Quicksti.ts:Checkbox 'Multi Bureau'is selected

2020-10-15 17:51:22 - [MESSAGE][PASSED] - Object 'Object Repository/CERTPAY_QUICKSTI/Login_ Page/MULTI_BUREAU_CHECKBOX' is present

2020-10-15 17:51:23 - [MESSAGE][PASSED] - Object 'Object Repository/CERTPAY_QUICKSTI/Login_ Page/MULTI_BUREAU_CHECKBOX' is present

2020-10-15 17:51:24 - [MESSAGE][PASSED] - Object: 'Object Repository/CERTPAY_QUICKSTI/Login_ Page/MULTI_BUREAU_CHECKBOX' is clicked on

2020-10-15 17:51:24 - [MESSAGE][PASSED] - Quicksti.ts:Checkbox 'Multi Bureau'is selected

2020-10-15 17:51:24 - [TEST_STEP][PASSED] - utilities.SafeActions.safeType(findTestObject("CERTPAY_QUICKSTI/Login_ Page/TELLER_ID"), teller_id, "Bureau code", [pageLoadTime]): Quicksti.ts:Entered'zenq into Bureau code

2020-10-15 17:51:25 - [MESSAGE][PASSED] - Object 'Object Repository/CERTPAY_QUICKSTI/Login_ Page/TELLER_ID' is present

2020-10-15 17:51:26 - [MESSAGE][PASSED] - Object 'Object Repository/CERTPAY_QUICKSTI/Login_ Page/TELLER_ID' is visible

2020-10-15 17:51:26 - [MESSAGE][PASSED] - Object 'Object Repository/CERTPAY_QUICKSTI/Login_ Page/TELLER_ID' is present

2020-10-15 17:51:27 - [MESSAGE][PASSED] - Text 'zenq' is set on object 'Object Repository/CERTPAY_QUICKSTI/Login_ Page/TELLER_ID'

2020-10-15 17:51:27 - [MESSAGE][PASSED] - Quicksti.ts:Entered'zenq into Bureau code

2020-10-15 17:51:27 - [TEST_STEP][PASSED] - utilities.SafeActions.safeClick(findTestObject("CERTPAY_QUICKSTI/Login_ Page/NEXT_BUTTON"), "Next button", [pageLoadTime]): Quicksti.ts:Clicked on the Next button

2020-10-15 17:51:27 - [MESSAGE][INFO] - safeClicking

2020-10-15 17:51:27 - [MESSAGE][PASSED] - Object 'Object Repository/CERTPAY_QUICKSTI/Login_ Page/NEXT_BUTTON' is present

2020-10-15 17:51:28 - [MESSAGE][PASSED] - Object 'Object Repository/CERTPAY_QUICKSTI/Login_ Page/NEXT_BUTTON' is clickable

2020-10-15 17:51:32 - [MESSAGE][PASSED] - Object: 'Object Repository/CERTPAY_QUICKSTI/Login_ Page/NEXT_BUTTON' is clicked on

2020-10-15 17:51:32 - [MESSAGE][PASSED] - Quicksti.ts:Clicked on the Next button

2020-10-15 17:51:32 - [TEST_STEP][PASSED] - for ([i = 0, i <= amountList.size() - 1, (i++)]): Quicksti.ts:Entered'2 into Quntity

2020-10-15 17:51:32 - [TEST_STEP][PASSED] - s = Integer.toString(i): null

2020-10-15 17:51:32 - [TEST_STEP][PASSED] - pages.Quicksti.setCommnets("0", s, commentsList.get(i)): Quicksti.ts:Entered'Testing into Comments

2020-10-15 17:51:32 - [MESSAGE][PASSED] - Object '' is present

2020-10-15 17:51:33 - [MESSAGE][PASSED] - Object '' is visible

2020-10-15 17:51:33 - [MESSAGE][PASSED] - Object '' is present

2020-10-15 17:51:34 - [MESSAGE][PASSED] - Text 'Testing' is set on object ''

2020-10-15 17:51:34 - [MESSAGE][PASSED] - Quicksti.ts:Entered'Testing into Comments

2020-10-15 17:51:34 - [TEST_STEP][PASSED] - utilities.SafeActions.safeType(findTestObject("CERTPAY_QUICKSTI/Payment_Information_Page/PAYMENT_AMOUNT"), amountList.get(i), "Payment Amount", [pageLoadTime]): Quicksti.ts:Entered'45.00 into Payment Amount

2020-10-15 17:51:35 - [MESSAGE][PASSED] - Object 'Object Repository/CERTPAY_QUICKSTI/Payment_Information_Page/PAYMENT_AMOUNT' is present

2020-10-15 17:51:35 - [MESSAGE][PASSED] - Object 'Object Repository/CERTPAY_QUICKSTI/Payment_Information_Page/PAYMENT_AMOUNT' is visible

2020-10-15 17:51:35 - [MESSAGE][PASSED] - Object 'Object Repository/CERTPAY_QUICKSTI/Payment_Information_Page/PAYMENT_AMOUNT' is present

2020-10-15 17:51:37 - [MESSAGE][PASSED] - Text '45.00' is set on object 'Object Repository/CERTPAY_QUICKSTI/Payment_Information_Page/PAYMENT_AMOUNT'

2020-10-15 17:51:37 - [MESSAGE][PASSED] - Quicksti.ts:Entered'45.00 into Payment Amount

2020-10-15 17:51:37 - [TEST_STEP][PASSED] - pages.Quicksti.setAmountDetailsForMultiBureau(s, paymentTypeList.get(i), "0", referenceList.get(i), quantityList.get(i)): Quicksti.ts:Entered'1 into Quntity

2020-10-15 17:51:37 - [MESSAGE][PASSED] - Object '' is visible

2020-10-15 17:51:37 - [MESSAGE][PASSED] - Object '' is present

2020-10-15 17:51:39 - [MESSAGE][PASSED] - Object: '' is clicked on

2020-10-15 17:51:40 - [MESSAGE][PASSED] - All options with label 'Licenses' are selected in object ''  using regular expression

2020-10-15 17:51:40 - [MESSAGE][PASSED] - selected dropdown option by visible text  Licensesfrom Payment Type

2020-10-15 17:51:40 - [MESSAGE][PASSED] - Object '' is present

2020-10-15 17:51:41 - [MESSAGE][PASSED] - Object '' is visible

2020-10-15 17:51:41 - [MESSAGE][PASSED] - Object '' is present

2020-10-15 17:51:42 - [MESSAGE][PASSED] - Text '11' is set on object ''

2020-10-15 17:51:42 - [MESSAGE][PASSED] - Quicksti.ts:Entered'11 into RefrenceNumber

2020-10-15 17:51:42 - [MESSAGE][PASSED] - Object '' is present

2020-10-15 17:51:43 - [MESSAGE][PASSED] - Object '' is visible

2020-10-15 17:51:43 - [MESSAGE][PASSED] - Object '' is present

2020-10-15 17:51:44 - [MESSAGE][PASSED] - Text '1' is set on object ''

2020-10-15 17:51:44 - [MESSAGE][PASSED] - Quicksti.ts:Entered'1 into Quntity

2020-10-15 17:51:44 - [TEST_STEP][PASSED] - s = Integer.toString(i): null

2020-10-15 17:51:44 - [TEST_STEP][PASSED] - pages.Quicksti.setCommnets("0", s, commentsList.get(i)): Quicksti.ts:Entered'Tester into Comments

2020-10-15 17:51:45 - [MESSAGE][PASSED] - Object '' is present

2020-10-15 17:51:45 - [MESSAGE][PASSED] - Object '' is visible

2020-10-15 17:51:45 - [MESSAGE][PASSED] - Object '' is present

2020-10-15 17:51:46 - [MESSAGE][PASSED] - Text 'Tester' is set on object ''

2020-10-15 17:51:46 - [MESSAGE][PASSED] - Quicksti.ts:Entered'Tester into Comments

2020-10-15 17:51:46 - [TEST_STEP][PASSED] - utilities.SafeActions.safeType(findTestObject("CERTPAY_QUICKSTI/Payment_Information_Page/PAYMENT_AMOUNT"), amountList.get(i), "Payment Amount", [pageLoadTime]): Quicksti.ts:Entered'35.00 into Payment Amount

2020-10-15 17:51:47 - [MESSAGE][PASSED] - Object 'Object Repository/CERTPAY_QUICKSTI/Payment_Information_Page/PAYMENT_AMOUNT' is present

2020-10-15 17:51:47 - [MESSAGE][PASSED] - Object 'Object Repository/CERTPAY_QUICKSTI/Payment_Information_Page/PAYMENT_AMOUNT' is visible

2020-10-15 17:51:47 - [MESSAGE][PASSED] - Object 'Object Repository/CERTPAY_QUICKSTI/Payment_Information_Page/PAYMENT_AMOUNT' is present

2020-10-15 17:51:49 - [MESSAGE][PASSED] - Text '35.00' is set on object 'Object Repository/CERTPAY_QUICKSTI/Payment_Information_Page/PAYMENT_AMOUNT'

2020-10-15 17:51:49 - [MESSAGE][PASSED] - Quicksti.ts:Entered'35.00 into Payment Amount

2020-10-15 17:51:49 - [TEST_STEP][PASSED] - pages.Quicksti.setAmountDetailsForMultiBureau(s, paymentTypeList.get(i), "0", referenceList.get(i), quantityList.get(i)): Quicksti.ts:Entered'2 into Quntity

2020-10-15 17:51:49 - [MESSAGE][PASSED] - Object '' is visible

2020-10-15 17:51:50 - [MESSAGE][PASSED] - Object '' is present

2020-10-15 17:51:51 - [MESSAGE][PASSED] - Object: '' is clicked on

2020-10-15 17:51:52 - [MESSAGE][PASSED] - All options with label 'Taxes' are selected in object ''  using regular expression

2020-10-15 17:51:52 - [MESSAGE][PASSED] - selected dropdown option by visible text  Taxesfrom Payment Type

2020-10-15 17:51:52 - [MESSAGE][PASSED] - Object '' is present

2020-10-15 17:51:53 - [MESSAGE][PASSED] - Object '' is visible

2020-10-15 17:51:53 - [MESSAGE][PASSED] - Object '' is present

2020-10-15 17:51:54 - [MESSAGE][PASSED] - Text '12' is set on object ''

2020-10-15 17:51:54 - [MESSAGE][PASSED] - Quicksti.ts:Entered'12 into RefrenceNumber

2020-10-15 17:51:54 - [MESSAGE][PASSED] - Object '' is present

2020-10-15 17:51:55 - [MESSAGE][PASSED] - Object '' is visible

2020-10-15 17:51:55 - [MESSAGE][PASSED] - Object '' is present

2020-10-15 17:51:56 - [MESSAGE][PASSED] - Text '2' is set on object ''

2020-10-15 17:51:56 - [MESSAGE][PASSED] - Quicksti.ts:Entered'2 into Quntity

2020-10-15 17:51:56 - [TEST_STEP][PASSED] - s = Integer.toString(i): null

2020-10-15 17:51:56 - [TEST_STEP][PASSED] - pages.Quicksti.setCommnets("0", s, commentsList.get(i)): Quicksti.ts:Entered'Testing into Comments

2020-10-15 17:51:57 - [MESSAGE][PASSED] - Object '' is present

2020-10-15 17:51:57 - [MESSAGE][PASSED] - Object '' is visible

2020-10-15 17:51:57 - [MESSAGE][PASSED] - Object '' is present

2020-10-15 17:51:58 - [MESSAGE][PASSED] - Text 'Testing' is set on object ''

2020-10-15 17:51:58 - [MESSAGE][PASSED] - Quicksti.ts:Entered'Testing into Comments

2020-10-15 17:51:58 - [TEST_STEP][PASSED] - utilities.SafeActions.safeType(findTestObject("CERTPAY_QUICKSTI/Payment_Information_Page/PAYMENT_AMOUNT"), amountList.get(i), "Payment Amount", [pageLoadTime]): Quicksti.ts:Entered'20.00 into Payment Amount

2020-10-15 17:51:59 - [MESSAGE][PASSED] - Object 'Object Repository/CERTPAY_QUICKSTI/Payment_Information_Page/PAYMENT_AMOUNT' is present

2020-10-15 17:51:59 - [MESSAGE][PASSED] - Object 'Object Repository/CERTPAY_QUICKSTI/Payment_Information_Page/PAYMENT_AMOUNT' is visible

2020-10-15 17:51:59 - [MESSAGE][PASSED] - Object 'Object Repository/CERTPAY_QUICKSTI/Payment_Information_Page/PAYMENT_AMOUNT' is present

2020-10-15 17:52:01 - [MESSAGE][PASSED] - Text '20.00' is set on object 'Object Repository/CERTPAY_QUICKSTI/Payment_Information_Page/PAYMENT_AMOUNT'

2020-10-15 17:52:01 - [MESSAGE][PASSED] - Quicksti.ts:Entered'20.00 into Payment Amount

2020-10-15 17:52:01 - [TEST_STEP][PASSED] - pages.Quicksti.setAmountDetailsForMultiBureau(s, paymentTypeList.get(i), "0", referenceList.get(i), quantityList.get(i)): Quicksti.ts:Entered'2 into Quntity

2020-10-15 17:52:01 - [MESSAGE][PASSED] - Object '' is visible

2020-10-15 17:52:02 - [MESSAGE][PASSED] - Object '' is present

2020-10-15 17:52:03 - [MESSAGE][PASSED] - Object: '' is clicked on

2020-10-15 17:52:04 - [MESSAGE][PASSED] - All options with label 'Court Fines' are selected in object ''  using regular expression

2020-10-15 17:52:04 - [MESSAGE][PASSED] - selected dropdown option by visible text  Court Finesfrom Payment Type

2020-10-15 17:52:05 - [MESSAGE][PASSED] - Object '' is present

2020-10-15 17:52:05 - [MESSAGE][PASSED] - Object '' is visible

2020-10-15 17:52:05 - [MESSAGE][PASSED] - Object '' is present

2020-10-15 17:52:06 - [MESSAGE][PASSED] - Text '13' is set on object ''

2020-10-15 17:52:06 - [MESSAGE][PASSED] - Quicksti.ts:Entered'13 into RefrenceNumber

2020-10-15 17:52:07 - [MESSAGE][PASSED] - Object '' is present

2020-10-15 17:52:07 - [MESSAGE][PASSED] - Object '' is visible

2020-10-15 17:52:07 - [MESSAGE][PASSED] - Object '' is present

2020-10-15 17:52:09 - [MESSAGE][PASSED] - Text '2' is set on object ''

2020-10-15 17:52:09 - [MESSAGE][PASSED] - Quicksti.ts:Entered'2 into Quntity

2020-10-15 17:52:09 - [TEST_STEP][PASSED] - for ([i = 0, i <= amountList.size() - 1, (i++)]): Quicksti.ts:Entered'2 into Quntity

2020-10-15 17:52:09 - [TEST_STEP][PASSED] - s = Integer.toString(i): null

2020-10-15 17:52:09 - [TEST_STEP][PASSED] - utilities.SafeActions.safeType(findTestObject("CERTPAY_QUICKSTI/Payment_Information_Page/MULTIBUREAU_PAYMENT_AMOUNT"), amountList.get(i), "Payment Amount", [pageLoadTime]): Quicksti.ts:Entered'45.00 into Payment Amount

2020-10-15 17:52:09 - [MESSAGE][PASSED] - Object 'Object Repository/CERTPAY_QUICKSTI/Payment_Information_Page/MULTIBUREAU_PAYMENT_AMOUNT' is present

2020-10-15 17:52:09 - [MESSAGE][PASSED] - Object 'Object Repository/CERTPAY_QUICKSTI/Payment_Information_Page/MULTIBUREAU_PAYMENT_AMOUNT' is visible

2020-10-15 17:52:10 - [MESSAGE][PASSED] - Object 'Object Repository/CERTPAY_QUICKSTI/Payment_Information_Page/MULTIBUREAU_PAYMENT_AMOUNT' is present

2020-10-15 17:52:11 - [MESSAGE][PASSED] - Text '45.00' is set on object 'Object Repository/CERTPAY_QUICKSTI/Payment_Information_Page/MULTIBUREAU_PAYMENT_AMOUNT'

2020-10-15 17:52:11 - [MESSAGE][PASSED] - Quicksti.ts:Entered'45.00 into Payment Amount

2020-10-15 17:52:11 - [TEST_STEP][PASSED] - pages.Quicksti.setAmountDetailsForMultiBureau(s, "Registration Fees", "1", referenceList.get(i), quantityList.get(i)): Quicksti.ts:Entered'1 into Quntity

2020-10-15 17:52:12 - [MESSAGE][PASSED] - Object '' is visible

2020-10-15 17:52:12 - [MESSAGE][PASSED] - Object '' is present

2020-10-15 17:52:13 - [MESSAGE][PASSED] - Object: '' is clicked on

2020-10-15 17:52:14 - [MESSAGE][PASSED] - All options with label 'Registration Fees' are selected in object ''  using regular expression

2020-10-15 17:52:14 - [MESSAGE][PASSED] - selected dropdown option by visible text  Registration Feesfrom Payment Type

2020-10-15 17:52:14 - [MESSAGE][PASSED] - Object '' is present

2020-10-15 17:52:15 - [MESSAGE][PASSED] - Object '' is visible

2020-10-15 17:52:15 - [MESSAGE][PASSED] - Object '' is present

2020-10-15 17:52:16 - [MESSAGE][PASSED] - Text '11' is set on object ''

2020-10-15 17:52:16 - [MESSAGE][PASSED] - Quicksti.ts:Entered'11 into RefrenceNumber

2020-10-15 17:52:17 - [MESSAGE][PASSED] - Object '' is present

2020-10-15 17:52:17 - [MESSAGE][PASSED] - Object '' is visible

2020-10-15 17:52:17 - [MESSAGE][PASSED] - Object '' is present

2020-10-15 17:52:18 - [MESSAGE][PASSED] - Text '1' is set on object ''

2020-10-15 17:52:18 - [MESSAGE][PASSED] - Quicksti.ts:Entered'1 into Quntity

2020-10-15 17:52:18 - [TEST_STEP][PASSED] - s = Integer.toString(i): null

2020-10-15 17:52:18 - [TEST_STEP][PASSED] - utilities.SafeActions.safeType(findTestObject("CERTPAY_QUICKSTI/Payment_Information_Page/MULTIBUREAU_PAYMENT_AMOUNT"), amountList.get(i), "Payment Amount", [pageLoadTime]): Quicksti.ts:Entered'35.00 into Payment Amount

2020-10-15 17:52:19 - [MESSAGE][PASSED] - Object 'Object Repository/CERTPAY_QUICKSTI/Payment_Information_Page/MULTIBUREAU_PAYMENT_AMOUNT' is present

2020-10-15 17:52:19 - [MESSAGE][PASSED] - Object 'Object Repository/CERTPAY_QUICKSTI/Payment_Information_Page/MULTIBUREAU_PAYMENT_AMOUNT' is visible

2020-10-15 17:52:19 - [MESSAGE][PASSED] - Object 'Object Repository/CERTPAY_QUICKSTI/Payment_Information_Page/MULTIBUREAU_PAYMENT_AMOUNT' is present

2020-10-15 17:52:21 - [MESSAGE][PASSED] - Text '35.00' is set on object 'Object Repository/CERTPAY_QUICKSTI/Payment_Information_Page/MULTIBUREAU_PAYMENT_AMOUNT'

2020-10-15 17:52:21 - [MESSAGE][PASSED] - Quicksti.ts:Entered'35.00 into Payment Amount

2020-10-15 17:52:21 - [TEST_STEP][PASSED] - pages.Quicksti.setAmountDetailsForMultiBureau(s, "Registration Fees", "1", referenceList.get(i), quantityList.get(i)): Quicksti.ts:Entered'2 into Quntity

2020-10-15 17:52:21 - [MESSAGE][PASSED] - Object '' is visible

2020-10-15 17:52:21 - [MESSAGE][PASSED] - Object '' is present

2020-10-15 17:52:23 - [MESSAGE][PASSED] - Object: '' is clicked on

2020-10-15 17:52:24 - [MESSAGE][PASSED] - All options with label 'Registration Fees' are selected in object ''  using regular expression

2020-10-15 17:52:24 - [MESSAGE][PASSED] - selected dropdown option by visible text  Registration Feesfrom Payment Type

2020-10-15 17:52:24 - [MESSAGE][PASSED] - Object '' is present

2020-10-15 17:52:24 - [MESSAGE][PASSED] - Object '' is visible

2020-10-15 17:52:25 - [MESSAGE][PASSED] - Object '' is present

2020-10-15 17:52:26 - [MESSAGE][PASSED] - Text '12' is set on object ''

2020-10-15 17:52:26 - [MESSAGE][PASSED] - Quicksti.ts:Entered'12 into RefrenceNumber

2020-10-15 17:52:26 - [MESSAGE][PASSED] - Object '' is present

2020-10-15 17:52:26 - [MESSAGE][PASSED] - Object '' is visible

2020-10-15 17:52:27 - [MESSAGE][PASSED] - Object '' is present

2020-10-15 17:52:28 - [MESSAGE][PASSED] - Text '2' is set on object ''

2020-10-15 17:52:28 - [MESSAGE][PASSED] - Quicksti.ts:Entered'2 into Quntity

2020-10-15 17:52:28 - [TEST_STEP][PASSED] - s = Integer.toString(i): null

2020-10-15 17:52:28 - [TEST_STEP][PASSED] - utilities.SafeActions.safeType(findTestObject("CERTPAY_QUICKSTI/Payment_Information_Page/MULTIBUREAU_PAYMENT_AMOUNT"), amountList.get(i), "Payment Amount", [pageLoadTime]): Quicksti.ts:Entered'20.00 into Payment Amount

2020-10-15 17:52:28 - [MESSAGE][PASSED] - Object 'Object Repository/CERTPAY_QUICKSTI/Payment_Information_Page/MULTIBUREAU_PAYMENT_AMOUNT' is present

2020-10-15 17:52:29 - [MESSAGE][PASSED] - Object 'Object Repository/CERTPAY_QUICKSTI/Payment_Information_Page/MULTIBUREAU_PAYMENT_AMOUNT' is visible

2020-10-15 17:52:29 - [MESSAGE][PASSED] - Object 'Object Repository/CERTPAY_QUICKSTI/Payment_Information_Page/MULTIBUREAU_PAYMENT_AMOUNT' is present

2020-10-15 17:52:30 - [MESSAGE][PASSED] - Text '20.00' is set on object 'Object Repository/CERTPAY_QUICKSTI/Payment_Information_Page/MULTIBUREAU_PAYMENT_AMOUNT'

2020-10-15 17:52:30 - [MESSAGE][PASSED] - Quicksti.ts:Entered'20.00 into Payment Amount

2020-10-15 17:52:30 - [TEST_STEP][PASSED] - pages.Quicksti.setAmountDetailsForMultiBureau(s, "Registration Fees", "1", referenceList.get(i), quantityList.get(i)): Quicksti.ts:Entered'2 into Quntity

2020-10-15 17:52:31 - [MESSAGE][PASSED] - Object '' is visible

2020-10-15 17:52:31 - [MESSAGE][PASSED] - Object '' is present

2020-10-15 17:52:32 - [MESSAGE][PASSED] - Object: '' is clicked on

2020-10-15 17:52:33 - [MESSAGE][PASSED] - All options with label 'Registration Fees' are selected in object ''  using regular expression

2020-10-15 17:52:33 - [MESSAGE][PASSED] - selected dropdown option by visible text  Registration Feesfrom Payment Type

2020-10-15 17:52:34 - [MESSAGE][PASSED] - Object '' is present

2020-10-15 17:52:34 - [MESSAGE][PASSED] - Object '' is visible

2020-10-15 17:52:34 - [MESSAGE][PASSED] - Object '' is present

2020-10-15 17:52:36 - [MESSAGE][PASSED] - Text '13' is set on object ''

2020-10-15 17:52:36 - [MESSAGE][PASSED] - Quicksti.ts:Entered'13 into RefrenceNumber

2020-10-15 17:52:36 - [MESSAGE][PASSED] - Object '' is present

2020-10-15 17:52:36 - [MESSAGE][PASSED] - Object '' is visible

2020-10-15 17:52:36 - [MESSAGE][PASSED] - Object '' is present

2020-10-15 17:52:38 - [MESSAGE][PASSED] - Text '2' is set on object ''

2020-10-15 17:52:38 - [MESSAGE][PASSED] - Quicksti.ts:Entered'2 into Quntity

2020-10-15 17:52:38 - [TEST_STEP][PASSED] - for ([i = 0, i <= amountList.size() - 1, (i++)]): Quicksti.ts:Entered'Testing into Comments

2020-10-15 17:52:38 - [TEST_STEP][PASSED] - s = Integer.toString(i): null

2020-10-15 17:52:38 - [TEST_STEP][PASSED] - utilities.SafeActions.safeType(findTestObject("CERTPAY_QUICKSTI/Payment_Information_Page/MULTIBUREAU_PAY_AMOUNT2"), amountList.get(i), "Payment Amount", [pageLoadTime]): Quicksti.ts:Entered'45.00 into Payment Amount

2020-10-15 17:52:38 - [MESSAGE][PASSED] - Object 'Object Repository/CERTPAY_QUICKSTI/Payment_Information_Page/MULTIBUREAU_PAY_AMOUNT2' is present

2020-10-15 17:52:38 - [MESSAGE][PASSED] - Object 'Object Repository/CERTPAY_QUICKSTI/Payment_Information_Page/MULTIBUREAU_PAY_AMOUNT2' is visible

2020-10-15 17:52:39 - [MESSAGE][PASSED] - Object 'Object Repository/CERTPAY_QUICKSTI/Payment_Information_Page/MULTIBUREAU_PAY_AMOUNT2' is present

2020-10-15 17:52:40 - [MESSAGE][PASSED] - Text '45.00' is set on object 'Object Repository/CERTPAY_QUICKSTI/Payment_Information_Page/MULTIBUREAU_PAY_AMOUNT2'

2020-10-15 17:52:40 - [MESSAGE][PASSED] - Quicksti.ts:Entered'45.00 into Payment Amount

2020-10-15 17:52:40 - [TEST_STEP][PASSED] - pages.Quicksti.setAmountDetailsForMultiBureau(s, "Vehicles", "2", referenceList.get(i), quantityList.get(i)): Quicksti.ts:Entered'1 into Quntity

2020-10-15 17:52:40 - [MESSAGE][PASSED] - Object '' is visible

2020-10-15 17:52:41 - [MESSAGE][PASSED] - Object '' is present

2020-10-15 17:52:42 - [MESSAGE][PASSED] - Object: '' is clicked on

2020-10-15 17:52:43 - [MESSAGE][PASSED] - All options with label 'Vehicles' are selected in object ''  using regular expression

2020-10-15 17:52:43 - [MESSAGE][PASSED] - selected dropdown option by visible text  Vehiclesfrom Payment Type

2020-10-15 17:52:44 - [MESSAGE][PASSED] - Object '' is present

2020-10-15 17:52:44 - [MESSAGE][PASSED] - Object '' is visible

2020-10-15 17:52:44 - [MESSAGE][PASSED] - Object '' is present

2020-10-15 17:52:46 - [MESSAGE][PASSED] - Text '11' is set on object ''

2020-10-15 17:52:46 - [MESSAGE][PASSED] - Quicksti.ts:Entered'11 into RefrenceNumber

2020-10-15 17:52:46 - [MESSAGE][PASSED] - Object '' is present

2020-10-15 17:52:46 - [MESSAGE][PASSED] - Object '' is visible

2020-10-15 17:52:47 - [MESSAGE][PASSED] - Object '' is present

2020-10-15 17:52:48 - [MESSAGE][PASSED] - Text '1' is set on object ''

2020-10-15 17:52:48 - [MESSAGE][PASSED] - Quicksti.ts:Entered'1 into Quntity

2020-10-15 17:52:48 - [TEST_STEP][PASSED] - pages.Quicksti.setCommnets("2", s, commentsList.get(i)): Quicksti.ts:Entered'Testing into Comments

2020-10-15 17:52:48 - [MESSAGE][PASSED] - Object '' is present

2020-10-15 17:52:48 - [MESSAGE][PASSED] - Object '' is visible

2020-10-15 17:52:49 - [MESSAGE][PASSED] - Object '' is present

2020-10-15 17:52:50 - [MESSAGE][PASSED] - Text 'Testing' is set on object ''

2020-10-15 17:52:50 - [MESSAGE][PASSED] - Quicksti.ts:Entered'Testing into Comments

2020-10-15 17:52:50 - [TEST_STEP][PASSED] - s = Integer.toString(i): null

2020-10-15 17:52:50 - [TEST_STEP][PASSED] - utilities.SafeActions.safeType(findTestObject("CERTPAY_QUICKSTI/Payment_Information_Page/MULTIBUREAU_PAY_AMOUNT2"), amountList.get(i), "Payment Amount", [pageLoadTime]): Quicksti.ts:Entered'35.00 into Payment Amount

2020-10-15 17:52:50 - [MESSAGE][PASSED] - Object 'Object Repository/CERTPAY_QUICKSTI/Payment_Information_Page/MULTIBUREAU_PAY_AMOUNT2' is present

2020-10-15 17:52:51 - [MESSAGE][PASSED] - Object 'Object Repository/CERTPAY_QUICKSTI/Payment_Information_Page/MULTIBUREAU_PAY_AMOUNT2' is visible

2020-10-15 17:52:51 - [MESSAGE][PASSED] - Object 'Object Repository/CERTPAY_QUICKSTI/Payment_Information_Page/MULTIBUREAU_PAY_AMOUNT2' is present

2020-10-15 17:52:52 - [MESSAGE][PASSED] - Text '35.00' is set on object 'Object Repository/CERTPAY_QUICKSTI/Payment_Information_Page/MULTIBUREAU_PAY_AMOUNT2'

2020-10-15 17:52:52 - [MESSAGE][PASSED] - Quicksti.ts:Entered'35.00 into Payment Amount

2020-10-15 17:52:52 - [TEST_STEP][PASSED] - pages.Quicksti.setAmountDetailsForMultiBureau(s, "Vehicles", "2", referenceList.get(i), quantityList.get(i)): Quicksti.ts:Entered'2 into Quntity

2020-10-15 17:52:53 - [MESSAGE][PASSED] - Object '' is visible

2020-10-15 17:52:53 - [MESSAGE][PASSED] - Object '' is present

2020-10-15 17:52:55 - [MESSAGE][PASSED] - Object: '' is clicked on

2020-10-15 17:52:56 - [MESSAGE][PASSED] - All options with label 'Vehicles' are selected in object ''  using regular expression

2020-10-15 17:52:56 - [MESSAGE][PASSED] - selected dropdown option by visible text  Vehiclesfrom Payment Type

2020-10-15 17:52:56 - [MESSAGE][PASSED] - Object '' is present

2020-10-15 17:52:57 - [MESSAGE][PASSED] - Object '' is visible

2020-10-15 17:52:57 - [MESSAGE][PASSED] - Object '' is present

2020-10-15 17:52:58 - [MESSAGE][PASSED] - Text '12' is set on object ''

2020-10-15 17:52:58 - [MESSAGE][PASSED] - Quicksti.ts:Entered'12 into RefrenceNumber

2020-10-15 17:52:58 - [MESSAGE][PASSED] - Object '' is present

2020-10-15 17:52:59 - [MESSAGE][PASSED] - Object '' is visible

2020-10-15 17:52:59 - [MESSAGE][PASSED] - Object '' is present

2020-10-15 17:53:00 - [MESSAGE][PASSED] - Text '2' is set on object ''

2020-10-15 17:53:00 - [MESSAGE][PASSED] - Quicksti.ts:Entered'2 into Quntity

2020-10-15 17:53:00 - [TEST_STEP][PASSED] - pages.Quicksti.setCommnets("2", s, commentsList.get(i)): Quicksti.ts:Entered'Tester into Comments

2020-10-15 17:53:01 - [MESSAGE][PASSED] - Object '' is present

2020-10-15 17:53:01 - [MESSAGE][PASSED] - Object '' is visible

2020-10-15 17:53:01 - [MESSAGE][PASSED] - Object '' is present

2020-10-15 17:53:03 - [MESSAGE][PASSED] - Text 'Tester' is set on object ''

2020-10-15 17:53:03 - [MESSAGE][PASSED] - Quicksti.ts:Entered'Tester into Comments

2020-10-15 17:53:03 - [TEST_STEP][PASSED] - s = Integer.toString(i): null

2020-10-15 17:53:03 - [TEST_STEP][PASSED] - utilities.SafeActions.safeType(findTestObject("CERTPAY_QUICKSTI/Payment_Information_Page/MULTIBUREAU_PAY_AMOUNT2"), amountList.get(i), "Payment Amount", [pageLoadTime]): Quicksti.ts:Entered'20.00 into Payment Amount

2020-10-15 17:53:03 - [MESSAGE][PASSED] - Object 'Object Repository/CERTPAY_QUICKSTI/Payment_Information_Page/MULTIBUREAU_PAY_AMOUNT2' is present

2020-10-15 17:53:03 - [MESSAGE][PASSED] - Object 'Object Repository/CERTPAY_QUICKSTI/Payment_Information_Page/MULTIBUREAU_PAY_AMOUNT2' is visible

2020-10-15 17:53:03 - [MESSAGE][PASSED] - Object 'Object Repository/CERTPAY_QUICKSTI/Payment_Information_Page/MULTIBUREAU_PAY_AMOUNT2' is present

2020-10-15 17:53:05 - [MESSAGE][PASSED] - Text '20.00' is set on object 'Object Repository/CERTPAY_QUICKSTI/Payment_Information_Page/MULTIBUREAU_PAY_AMOUNT2'

2020-10-15 17:53:05 - [MESSAGE][PASSED] - Quicksti.ts:Entered'20.00 into Payment Amount

2020-10-15 17:53:05 - [TEST_STEP][PASSED] - pages.Quicksti.setAmountDetailsForMultiBureau(s, "Vehicles", "2", referenceList.get(i), quantityList.get(i)): Quicksti.ts:Entered'2 into Quntity

2020-10-15 17:53:05 - [MESSAGE][PASSED] - Object '' is visible

2020-10-15 17:53:06 - [MESSAGE][PASSED] - Object '' is present

2020-10-15 17:53:07 - [MESSAGE][PASSED] - Object: '' is clicked on

2020-10-15 17:53:08 - [MESSAGE][PASSED] - All options with label 'Vehicles' are selected in object ''  using regular expression

2020-10-15 17:53:08 - [MESSAGE][PASSED] - selected dropdown option by visible text  Vehiclesfrom Payment Type

2020-10-15 17:53:08 - [MESSAGE][PASSED] - Object '' is present

2020-10-15 17:53:09 - [MESSAGE][PASSED] - Object '' is visible

2020-10-15 17:53:09 - [MESSAGE][PASSED] - Object '' is present

2020-10-15 17:53:10 - [MESSAGE][PASSED] - Text '13' is set on object ''

2020-10-15 17:53:10 - [MESSAGE][PASSED] - Quicksti.ts:Entered'13 into RefrenceNumber

2020-10-15 17:53:11 - [MESSAGE][PASSED] - Object '' is present

2020-10-15 17:53:11 - [MESSAGE][PASSED] - Object '' is visible

2020-10-15 17:53:11 - [MESSAGE][PASSED] - Object '' is present

2020-10-15 17:53:12 - [MESSAGE][PASSED] - Text '2' is set on object ''

2020-10-15 17:53:12 - [MESSAGE][PASSED] - Quicksti.ts:Entered'2 into Quntity

2020-10-15 17:53:12 - [TEST_STEP][PASSED] - pages.Quicksti.setCommnets("2", s, commentsList.get(i)): Quicksti.ts:Entered'Testing into Comments

2020-10-15 17:53:13 - [MESSAGE][PASSED] - Object '' is present

2020-10-15 17:53:13 - [MESSAGE][PASSED] - Object '' is visible

2020-10-15 17:53:13 - [MESSAGE][PASSED] - Object '' is present

2020-10-15 17:53:15 - [MESSAGE][PASSED] - Text 'Testing' is set on object ''

2020-10-15 17:53:15 - [MESSAGE][PASSED] - Quicksti.ts:Entered'Testing into Comments

2020-10-15 17:53:15 - [TEST_STEP][PASSED] - utilities.SafeActions.safeClick(findTestObject("CERTPAY_QUICKSTI/Payment_Information_Page/MANUAL_ENTRY_BUTTON"), "ManualEntry", [pageLoadTime]): Quicksti.ts:Clicked on the ManualEntry

2020-10-15 17:53:15 - [MESSAGE][INFO] - safeClicking

2020-10-15 17:53:15 - [MESSAGE][PASSED] - Object 'Object Repository/CERTPAY_QUICKSTI/Payment_Information_Page/MANUAL_ENTRY_BUTTON' is present

2020-10-15 17:53:15 - [MESSAGE][PASSED] - Object 'Object Repository/CERTPAY_QUICKSTI/Payment_Information_Page/MANUAL_ENTRY_BUTTON' is clickable

2020-10-15 17:53:19 - [MESSAGE][PASSED] - Object: 'Object Repository/CERTPAY_QUICKSTI/Payment_Information_Page/MANUAL_ENTRY_BUTTON' is clicked on

2020-10-15 17:53:19 - [MESSAGE][PASSED] - Quicksti.ts:Clicked on the ManualEntry

2020-10-15 17:53:19 - [TEST_STEP][PASSED] - amount_Value = pages.Quicksti.getAttributeValue(findTestObject("CERTPAY_QUICKSTI/Payment_Information_Page/SUB_TOTAL")): pages.Quicksti.getAttributeValue is PASSED

2020-10-15 17:53:20 - [MESSAGE][PASSED] - Attribute 'value' of object 'Object Repository/CERTPAY_QUICKSTI/Payment_Information_Page/SUB_TOTAL' is: '45.00'

2020-10-15 17:53:20 - [MESSAGE][PASSED] - pages.Quicksti.getAttributeValue is PASSED

2020-10-15 17:53:20 - [TEST_STEP][PASSED] - CardNumber = pages.Quicksti.setUserPaymentDetails(firstName, lastName, cardNum): Quicksti.ts:Entered'8171999900000018 into CardNum

2020-10-15 17:53:20 - [MESSAGE][PASSED] - Object 'Object Repository/CERTPAY_QUICKSTI/Payment_Information_Page/FIRST_NAME' is present

2020-10-15 17:53:21 - [MESSAGE][PASSED] - Object 'Object Repository/CERTPAY_QUICKSTI/Payment_Information_Page/FIRST_NAME' is visible

2020-10-15 17:53:21 - [MESSAGE][PASSED] - Object 'Object Repository/CERTPAY_QUICKSTI/Payment_Information_Page/FIRST_NAME' is present

2020-10-15 17:53:22 - [MESSAGE][PASSED] - Text 'Tester' is set on object 'Object Repository/CERTPAY_QUICKSTI/Payment_Information_Page/FIRST_NAME'

2020-10-15 17:53:22 - [MESSAGE][PASSED] - Quicksti.ts:Entered'Tester into FirstName

2020-10-15 17:53:23 - [MESSAGE][PASSED] - Object 'Object Repository/CERTPAY_QUICKSTI/Payment_Information_Page/LAST_NAME' is present

2020-10-15 17:53:23 - [MESSAGE][PASSED] - Object 'Object Repository/CERTPAY_QUICKSTI/Payment_Information_Page/LAST_NAME' is visible

2020-10-15 17:53:23 - [MESSAGE][PASSED] - Object 'Object Repository/CERTPAY_QUICKSTI/Payment_Information_Page/LAST_NAME' is present

2020-10-15 17:53:24 - [MESSAGE][PASSED] - Text 'Zenq1' is set on object 'Object Repository/CERTPAY_QUICKSTI/Payment_Information_Page/LAST_NAME'

2020-10-15 17:53:24 - [MESSAGE][PASSED] - Quicksti.ts:Entered'Zenq1 into LAstName

2020-10-15 17:53:25 - [MESSAGE][PASSED] - Object 'Object Repository/CERTPAY_QUICKSTI/Payment_Information_Page/CARD_NUMBER' is present

2020-10-15 17:53:25 - [MESSAGE][PASSED] - Object 'Object Repository/CERTPAY_QUICKSTI/Payment_Information_Page/CARD_NUMBER' is visible

2020-10-15 17:53:25 - [MESSAGE][PASSED] - Object 'Object Repository/CERTPAY_QUICKSTI/Payment_Information_Page/CARD_NUMBER' is present

2020-10-15 17:53:27 - [MESSAGE][PASSED] - Text '8171999900000018' is set on object 'Object Repository/CERTPAY_QUICKSTI/Payment_Information_Page/CARD_NUMBER'

2020-10-15 17:53:27 - [MESSAGE][PASSED] - Quicksti.ts:Entered'8171999900000018 into CardNum

2020-10-15 17:53:27 - [TEST_STEP][PASSED] - pages.Quicksti.setExpDate(expMonth, expYear, securityCode): Quicksti.ts:Entered'111 into securityCode

2020-10-15 17:53:27 - [MESSAGE][PASSED] - Object 'Object Repository/CERTPAY_QUICKSTI/Payment_Information_Page/EXP_MONTH' is visible

2020-10-15 17:53:27 - [MESSAGE][PASSED] - Object 'Object Repository/CERTPAY_QUICKSTI/Payment_Information_Page/EXP_MONTH' is present

2020-10-15 17:53:28 - [MESSAGE][PASSED] - Object: 'Object Repository/CERTPAY_QUICKSTI/Payment_Information_Page/EXP_MONTH' is clicked on

2020-10-15 17:53:30 - [MESSAGE][PASSED] - All options with label '04' are selected in object 'Object Repository/CERTPAY_QUICKSTI/Payment_Information_Page/EXP_MONTH'  using regular expression

2020-10-15 17:53:30 - [MESSAGE][PASSED] - selected dropdown option by visible text  04from expMonth

2020-10-15 17:53:30 - [MESSAGE][PASSED] - Object 'Object Repository/CERTPAY_QUICKSTI/Payment_Information_Page/EXP_YEAR' is visible

2020-10-15 17:53:30 - [MESSAGE][PASSED] - Object 'Object Repository/CERTPAY_QUICKSTI/Payment_Information_Page/EXP_YEAR' is present

2020-10-15 17:53:32 - [MESSAGE][PASSED] - Object: 'Object Repository/CERTPAY_QUICKSTI/Payment_Information_Page/EXP_YEAR' is clicked on

2020-10-15 17:53:33 - [MESSAGE][PASSED] - All options with label '2027' are selected in object 'Object Repository/CERTPAY_QUICKSTI/Payment_Information_Page/EXP_YEAR'  using regular expression

2020-10-15 17:53:33 - [MESSAGE][PASSED] - selected dropdown option by visible text  2027from  expYear

2020-10-15 17:53:33 - [MESSAGE][PASSED] - Object 'Object Repository/CERTPAY_QUICKSTI/Payment_Information_Page/SECURITY_CODE' is present

2020-10-15 17:53:34 - [MESSAGE][PASSED] - Object 'Object Repository/CERTPAY_QUICKSTI/Payment_Information_Page/SECURITY_CODE' is visible

2020-10-15 17:53:34 - [MESSAGE][PASSED] - Object 'Object Repository/CERTPAY_QUICKSTI/Payment_Information_Page/SECURITY_CODE' is present

2020-10-15 17:53:35 - [MESSAGE][PASSED] - Text '111' is set on object 'Object Repository/CERTPAY_QUICKSTI/Payment_Information_Page/SECURITY_CODE'

2020-10-15 17:53:35 - [MESSAGE][PASSED] - Quicksti.ts:Entered'111 into securityCode

2020-10-15 17:53:35 - [TEST_STEP][PASSED] - utilities.SafeActions.safeType(findTestObject("CERTPAY_QUICKSTI/Payment_Information_Page/ADDRESS"), address, "Address", [pageLoadTime]): Quicksti.ts:Entered'14-2 into Address

2020-10-15 17:53:36 - [MESSAGE][PASSED] - Object 'Object Repository/CERTPAY_QUICKSTI/Payment_Information_Page/ADDRESS' is present

2020-10-15 17:53:36 - [MESSAGE][PASSED] - Object 'Object Repository/CERTPAY_QUICKSTI/Payment_Information_Page/ADDRESS' is visible

2020-10-15 17:53:36 - [MESSAGE][PASSED] - Object 'Object Repository/CERTPAY_QUICKSTI/Payment_Information_Page/ADDRESS' is present

2020-10-15 17:53:37 - [MESSAGE][PASSED] - Text '14-2' is set on object 'Object Repository/CERTPAY_QUICKSTI/Payment_Information_Page/ADDRESS'

2020-10-15 17:53:37 - [MESSAGE][PASSED] - Quicksti.ts:Entered'14-2 into Address

2020-10-15 17:53:37 - [TEST_STEP][PASSED] - utilities.SafeActions.safeType(findTestObject("CERTPAY_QUICKSTI/Payment_Information_Page/ZIP_CODE"), zipCode, "zipcode", [pageLoadTime]): Quicksti.ts:Entered'76102 into zipcode

2020-10-15 17:53:38 - [MESSAGE][PASSED] - Object 'Object Repository/CERTPAY_QUICKSTI/Payment_Information_Page/ZIP_CODE' is present

2020-10-15 17:53:38 - [MESSAGE][PASSED] - Object 'Object Repository/CERTPAY_QUICKSTI/Payment_Information_Page/ZIP_CODE' is visible

2020-10-15 17:53:38 - [MESSAGE][PASSED] - Object 'Object Repository/CERTPAY_QUICKSTI/Payment_Information_Page/ZIP_CODE' is present

2020-10-15 17:53:40 - [MESSAGE][PASSED] - Text '76102' is set on object 'Object Repository/CERTPAY_QUICKSTI/Payment_Information_Page/ZIP_CODE'

2020-10-15 17:53:40 - [MESSAGE][PASSED] - Quicksti.ts:Entered'76102 into zipcode

2020-10-15 17:53:40 - [TEST_STEP][PASSED] - utilities.SafeActions.safeType(findTestObject("CERTPAY_QUICKSTI/Payment_Information_Page/TELEPHONE"), telephone, "Telephone", [pageLoadTime]): Quicksti.ts:Entered'9989897654 into Telephone

2020-10-15 17:53:40 - [MESSAGE][PASSED] - Object 'Object Repository/CERTPAY_QUICKSTI/Payment_Information_Page/TELEPHONE' is present

2020-10-15 17:53:40 - [MESSAGE][PASSED] - Object 'Object Repository/CERTPAY_QUICKSTI/Payment_Information_Page/TELEPHONE' is visible

2020-10-15 17:53:40 - [MESSAGE][PASSED] - Object 'Object Repository/CERTPAY_QUICKSTI/Payment_Information_Page/TELEPHONE' is present

2020-10-15 17:53:42 - [MESSAGE][PASSED] - Text '9989897654' is set on object 'Object Repository/CERTPAY_QUICKSTI/Payment_Information_Page/TELEPHONE'

2020-10-15 17:53:42 - [MESSAGE][PASSED] - Quicksti.ts:Entered'9989897654 into Telephone

2020-10-15 17:53:42 - [TEST_STEP][PASSED] - utilities.SafeActions.safeType(findTestObject("CERTPAY_QUICKSTI/Payment_Information_Page/EMAIL_ADDRESS"), emailAddress, "EMAIL address", [pageLoadTime]): Quicksti.ts:Entered'testing@zenq.com into EMAIL address

2020-10-15 17:53:42 - [MESSAGE][PASSED] - Object 'Object Repository/CERTPAY_QUICKSTI/Payment_Information_Page/EMAIL_ADDRESS' is present

2020-10-15 17:53:42 - [MESSAGE][PASSED] - Object 'Object Repository/CERTPAY_QUICKSTI/Payment_Information_Page/EMAIL_ADDRESS' is visible

2020-10-15 17:53:43 - [MESSAGE][PASSED] - Object 'Object Repository/CERTPAY_QUICKSTI/Payment_Information_Page/EMAIL_ADDRESS' is present

2020-10-15 17:53:44 - [MESSAGE][PASSED] - Text 'testing@zenq.com' is set on object 'Object Repository/CERTPAY_QUICKSTI/Payment_Information_Page/EMAIL_ADDRESS'

2020-10-15 17:53:44 - [MESSAGE][PASSED] - Quicksti.ts:Entered'testing@zenq.com into EMAIL address

2020-10-15 17:53:44 - [TEST_STEP][PASSED] - utilities.SafeActions.safeClick(findTestObject("CERTPAY_QUICKSTI/Payment_Information_Page/NEXT_BUTTON"), "Next", [pageLoadTime]): Quicksti.ts:Clicked on the Next

2020-10-15 17:53:44 - [MESSAGE][INFO] - safeClicking

2020-10-15 17:53:44 - [MESSAGE][PASSED] - Object 'Object Repository/CERTPAY_QUICKSTI/Payment_Information_Page/NEXT_BUTTON' is present

2020-10-15 17:53:45 - [MESSAGE][PASSED] - Object 'Object Repository/CERTPAY_QUICKSTI/Payment_Information_Page/NEXT_BUTTON' is clickable

2020-10-15 17:53:48 - [MESSAGE][PASSED] - Object: 'Object Repository/CERTPAY_QUICKSTI/Payment_Information_Page/NEXT_BUTTON' is clicked on

2020-10-15 17:53:48 - [MESSAGE][PASSED] - Quicksti.ts:Clicked on the Next

2020-10-15 17:53:48 - [TEST_STEP][PASSED] - pages.Quicksti.verifyUserPaymentDetails(amountList.get(0), firstName, lastName, CardNumber): pages.Quicksti.verifyUserPaymentDetails is PASSED

2020-10-15 17:53:49 - [MESSAGE][PASSED] - Text of object 'Object Repository/CERTPAY_QUICKSTI/Payment_Details_Verification_Page/AMOUNT' is: '$45.00'

2020-10-15 17:53:49 - [MESSAGE][PASSED] - Actual text '45.00' and expected text '45.00' are matched  using regular expression

2020-10-15 17:53:49 - [MESSAGE][PASSED] - Text of object 'Object Repository/CERTPAY_QUICKSTI/Payment_Details_Verification_Page/NAME' is: 'Tester Zenq1'

2020-10-15 17:53:49 - [MESSAGE][PASSED] - Actual text 'Tester Zenq1' and expected text 'Tester Zenq1' are matched  using regular expression

2020-10-15 17:53:49 - [MESSAGE][PASSED] - Text of object 'Object Repository/CERTPAY_QUICKSTI/Payment_Details_Verification_Page/CARD_NUMBER' is: '...0018'

2020-10-15 17:53:49 - [MESSAGE][PASSED] - Actual text '0018' and expected text '0018' are matched  using regular expression

2020-10-15 17:53:49 - [MESSAGE][PASSED] - pages.Quicksti.verifyUserPaymentDetails is PASSED

2020-10-15 17:53:49 - [TEST_STEP][PASSED] - ConvFee = getText(findTestObject("CERTPAY_QUICKSTI/Payment_Information_Page/CONV_FEE")): Text of object 'Object Repository/CERTPAY_QUICKSTI/Payment_Information_Page/CONV_FEE' is: '$1.13'

2020-10-15 17:53:50 - [MESSAGE][PASSED] - Text of object 'Object Repository/CERTPAY_QUICKSTI/Payment_Information_Page/CONV_FEE' is: '$1.13'

2020-10-15 17:53:50 - [TEST_STEP][PASSED] - scrollToElement(findTestObject("CERTPAY_QUICKSTI/Payment_Details_Verification_Page/PROCESS"), 30): Scroll to object 'Object Repository/CERTPAY_QUICKSTI/Payment_Details_Verification_Page/PROCESS' successfully

2020-10-15 17:53:50 - [MESSAGE][PASSED] - Scroll to object 'Object Repository/CERTPAY_QUICKSTI/Payment_Details_Verification_Page/PROCESS' successfully

2020-10-15 17:53:50 - [TEST_STEP][PASSED] - utilities.SafeActions.safeClick(findTestObject("CERTPAY_QUICKSTI/Payment_Details_Verification_Page/PROCESS"), "Process", [pageLoadTime]): Quicksti.ts:Clicked on the Process

2020-10-15 17:53:50 - [MESSAGE][INFO] - safeClicking

2020-10-15 17:53:50 - [MESSAGE][PASSED] - Object 'Object Repository/CERTPAY_QUICKSTI/Payment_Details_Verification_Page/PROCESS' is present

2020-10-15 17:53:51 - [MESSAGE][PASSED] - Object 'Object Repository/CERTPAY_QUICKSTI/Payment_Details_Verification_Page/PROCESS' is clickable

2020-10-15 17:53:55 - [MESSAGE][PASSED] - Object: 'Object Repository/CERTPAY_QUICKSTI/Payment_Details_Verification_Page/PROCESS' is clicked on

2020-10-15 17:53:55 - [MESSAGE][PASSED] - Quicksti.ts:Clicked on the Process

2020-10-15 17:53:55 - [TEST_STEP][PASSED] - paymentId = pages.Quicksti.verifyPaymentApproval(findTestObject("CERTPAY_QUICKSTI/Payment_Details_Verification_Page/APPROVED")): Payment is approved

2020-10-15 17:53:56 - [MESSAGE][PASSED] - Text of object 'Object Repository/CERTPAY_QUICKSTI/Payment_Details_Verification_Page/PAYMENT_ID' is: '100176129782'

2020-10-15 17:53:56 - [MESSAGE][PASSED] - Object 'Object Repository/CERTPAY_QUICKSTI/Payment_Details_Verification_Page/APPROVED' is present

2020-10-15 17:53:56 - [MESSAGE][PASSED] - Payment is approved

2020-10-15 17:53:58 - [TEST_STEP][PASSED] - navigateToUrl(Admin_url): Navigate to 'https://qa-certpayadmin.faps.net' successfully

2020-10-15 17:54:04 - [MESSAGE][PASSED] - Navigate to 'https://qa-certpayadmin.faps.net' successfully

2020-10-15 17:54:04 - [TEST_STEP][PASSED] - pages.Bureau_Login_Page.loginToAdminSite(AdminUsername, AdminPassword): Quicksti.ts:Clicked on the LOGIN

2020-10-15 17:54:04 - [MESSAGE][PASSED] - Object 'Object Repository/CERTPAY_ADMIN/USER_NAME' is present

2020-10-15 17:54:04 - [MESSAGE][PASSED] - Object 'Object Repository/CERTPAY_ADMIN/USER_NAME' is visible

2020-10-15 17:54:05 - [MESSAGE][PASSED] - Object 'Object Repository/CERTPAY_ADMIN/USER_NAME' is present

2020-10-15 17:54:06 - [MESSAGE][PASSED] - Text 'VVangiliappan' is set on object 'Object Repository/CERTPAY_ADMIN/USER_NAME'

2020-10-15 17:54:06 - [MESSAGE][PASSED] - Quicksti.ts:Entered'VVangiliappan into username

2020-10-15 17:54:06 - [MESSAGE][PASSED] - Object 'Object Repository/CERTPAY_ADMIN/PASSWORD' is present

2020-10-15 17:54:06 - [MESSAGE][PASSED] - Object 'Object Repository/CERTPAY_ADMIN/PASSWORD' is visible

2020-10-15 17:54:07 - [MESSAGE][PASSED] - Object 'Object Repository/CERTPAY_ADMIN/PASSWORD' is present

2020-10-15 17:54:08 - [MESSAGE][PASSED] - Text 'Test@123' is set on object 'Object Repository/CERTPAY_ADMIN/PASSWORD'

2020-10-15 17:54:08 - [MESSAGE][PASSED] - Quicksti.ts:Entered'Test@123 into password

2020-10-15 17:54:08 - [MESSAGE][INFO] - safeClicking

2020-10-15 17:54:08 - [MESSAGE][PASSED] - Object 'Object Repository/CERTPAY_ADMIN/LOGIN_BUTTON' is present

2020-10-15 17:54:09 - [MESSAGE][PASSED] - Object 'Object Repository/CERTPAY_ADMIN/LOGIN_BUTTON' is clickable

2020-10-15 17:54:18 - [MESSAGE][PASSED] - Object: 'Object Repository/CERTPAY_ADMIN/LOGIN_BUTTON' is clicked on

2020-10-15 17:54:18 - [MESSAGE][PASSED] - Quicksti.ts:Clicked on the LOGIN

2020-10-15 17:54:18 - [TEST_STEP][PASSED] - utilities.SafeActions.safeClick(findTestObject("CERTPAY_ADMIN/TRANSACTION_MENU"), "TransactionMenu", [pageLoadTime]): Quicksti.ts:Clicked on the TransactionMenu

2020-10-15 17:54:18 - [MESSAGE][INFO] - safeClicking

2020-10-15 17:54:18 - [MESSAGE][PASSED] - Object 'Object Repository/CERTPAY_ADMIN/TRANSACTION_MENU' is present

2020-10-15 17:54:18 - [MESSAGE][PASSED] - Object 'Object Repository/CERTPAY_ADMIN/TRANSACTION_MENU' is clickable

2020-10-15 17:54:19 - [MESSAGE][PASSED] - Object: 'Object Repository/CERTPAY_ADMIN/TRANSACTION_MENU' is clicked on

2020-10-15 17:54:19 - [MESSAGE][PASSED] - Quicksti.ts:Clicked on the TransactionMenu

2020-10-15 17:54:19 - [TEST_STEP][PASSED] - utilities.SafeActions.safeClick(findTestObject("CERTPAY_ADMIN/TRANSACTION_SEARCH"), "TransactionSearch", [pageLoadTime]): Quicksti.ts:Clicked on the TransactionSearch

2020-10-15 17:54:20 - [MESSAGE][INFO] - safeClicking

2020-10-15 17:54:20 - [MESSAGE][PASSED] - Object 'Object Repository/CERTPAY_ADMIN/TRANSACTION_SEARCH' is present

2020-10-15 17:54:20 - [MESSAGE][PASSED] - Object 'Object Repository/CERTPAY_ADMIN/TRANSACTION_SEARCH' is clickable

2020-10-15 17:54:24 - [MESSAGE][PASSED] - Object: 'Object Repository/CERTPAY_ADMIN/TRANSACTION_SEARCH' is clicked on

2020-10-15 17:54:24 - [MESSAGE][PASSED] - Quicksti.ts:Clicked on the TransactionSearch

2020-10-15 17:54:24 - [TEST_STEP][PASSED] - utilities.SafeActions.safeType(findTestObject("CERTPAY_ADMIN/PAYMENT_ID"), paymentId, "Payment id", [pageLoadTime]): Quicksti.ts:Entered'100176129782 into Payment id

2020-10-15 17:54:24 - [MESSAGE][PASSED] - Object 'Object Repository/CERTPAY_ADMIN/PAYMENT_ID' is present

2020-10-15 17:54:24 - [MESSAGE][PASSED] - Object 'Object Repository/CERTPAY_ADMIN/PAYMENT_ID' is visible

2020-10-15 17:54:25 - [MESSAGE][PASSED] - Object 'Object Repository/CERTPAY_ADMIN/PAYMENT_ID' is present

2020-10-15 17:54:26 - [MESSAGE][PASSED] - Text '100176129782' is set on object 'Object Repository/CERTPAY_ADMIN/PAYMENT_ID'

2020-10-15 17:54:26 - [MESSAGE][PASSED] - Quicksti.ts:Entered'100176129782 into Payment id

2020-10-15 17:54:26 - [TEST_STEP][PASSED] - utilities.SafeActions.safeClick(findTestObject("CERTPAY_ADMIN/GO_BUTTON"), "Go button", [pageLoadTime]): Quicksti.ts:Clicked on the Go button

2020-10-15 17:54:26 - [MESSAGE][INFO] - safeClicking

2020-10-15 17:54:26 - [MESSAGE][PASSED] - Object 'Object Repository/CERTPAY_ADMIN/GO_BUTTON' is present

2020-10-15 17:54:27 - [MESSAGE][PASSED] - Object 'Object Repository/CERTPAY_ADMIN/GO_BUTTON' is clickable

2020-10-15 17:54:30 - [MESSAGE][PASSED] - Object: 'Object Repository/CERTPAY_ADMIN/GO_BUTTON' is clicked on

2020-10-15 17:54:30 - [MESSAGE][PASSED] - Quicksti.ts:Clicked on the Go button

2020-10-15 17:54:30 - [TEST_STEP][PASSED] - delay(5): Delayed 5 second(s)

2020-10-15 17:54:35 - [MESSAGE][PASSED] - Delayed 5 second(s)

2020-10-15 17:54:35 - [TEST_STEP][PASSED] - scrollToPosition(800, 900): Browser is scrolled to position x = 800, y = 900

2020-10-15 17:54:35 - [MESSAGE][PASSED] - Browser is scrolled to position x = 800, y = 900

2020-10-15 17:54:35 - [TEST_STEP][PASSED] - pages.Search_Page.validatePaymentAmount(amountList.get(0), ConvFee): Verified payment details successfully 

2020-10-15 17:54:36 - [MESSAGE][PASSED] - Text of object 'Object Repository/CERTPAY_ADMIN/PAYMENT_AMOUNT' is: '$45.00'

2020-10-15 17:54:36 - [MESSAGE][PASSED] - Actual text '45.00' and expected text '45.00' are matched  using regular expression

2020-10-15 17:54:36 - [MESSAGE][PASSED] - Text of object 'Object Repository/CERTPAY_ADMIN/CONV_FEE' is: '$1.13'

2020-10-15 17:54:36 - [MESSAGE][PASSED] - Actual text '1.13' and expected text '1.13' are matched  using regular expression

2020-10-15 17:54:36 - [MESSAGE][PASSED] - Verified payment details successfully 

2020-10-15 17:54:36 - [TEST_STEP][PASSED] - paymentIdList.add(paymentId): null

2020-10-15 17:54:36 - [TEST_STEP][PASSED] - println(paymentIdList): null

2020-10-15 17:54:36 - [TEST_STEP][PASSED] - firstName = data.getValue("FirstName", index): null

2020-10-15 17:54:36 - [TEST_STEP][PASSED] - lastName = data.getValue("LastName", index): null

2020-10-15 17:54:36 - [TEST_STEP][PASSED] - cardNum = data.getValue("CardNumber", index): null

2020-10-15 17:54:36 - [TEST_STEP][PASSED] - expMonth = data.getValue("ExpMonth", index): null

2020-10-15 17:54:36 - [TEST_STEP][PASSED] - expYear = data.getValue("ExpYear", index): null

2020-10-15 17:54:36 - [TEST_STEP][PASSED] - securityCode = data.getValue("SecurityCode", index): null

2020-10-15 17:54:36 - [TEST_STEP][PASSED] - paymentAmount = data.getValue("PaymentAmount", index): null

2020-10-15 17:54:36 - [TEST_STEP][PASSED] - paymentType = data.getValue("PaymentType", index): null

2020-10-15 17:54:36 - [TEST_STEP][PASSED] - quantity = data.getValue("Quantity", index): null

2020-10-15 17:54:36 - [TEST_STEP][PASSED] - comments = data.getValue("Comments", index): null

2020-10-15 17:54:36 - [TEST_STEP][PASSED] - referenceNum = data.getValue("ReferenceNum", index): null

2020-10-15 17:54:36 - [TEST_STEP][PASSED] - address = data.getValue("Address", index): null

2020-10-15 17:54:36 - [TEST_STEP][PASSED] - zipCode = data.getValue("Zipcode", index): null

2020-10-15 17:54:36 - [TEST_STEP][PASSED] - telephone = data.getValue("Telephone", index): null

2020-10-15 17:54:36 - [TEST_STEP][PASSED] - emailAddress = data.getValue("EmailAddress", index): null

2020-10-15 17:54:36 - [TEST_STEP][PASSED] - cardType = data.getValue("CardType", index): null

2020-10-15 17:54:36 - [TEST_STEP][PASSED] - amountList = paymentAmount.split(","): null

2020-10-15 17:54:36 - [TEST_STEP][PASSED] - referenceList = referenceNum.split(","): null

2020-10-15 17:54:36 - [TEST_STEP][PASSED] - paymentTypeList = paymentType.split(","): null

2020-10-15 17:54:36 - [TEST_STEP][PASSED] - commentsList = comments.split(","): null

2020-10-15 17:54:36 - [TEST_STEP][PASSED] - quantityList = quantity.split(","): null

2020-10-15 17:54:36 - [TEST_STEP][PASSED] - utilities.SafeActions.openBrowser(Quicksti_Url, [pageLoadTime]): Browser launched successfully

2020-10-15 17:54:36 - [MESSAGE][INFO] - Opening Browser

2020-10-15 17:54:36 - [MESSAGE][WARNING] - A browser is already opened. Closing browser and opening a new one

2020-10-15 17:54:37 - [MESSAGE][INFO] - Starting 'Chrome' driver

2020-10-15 17:54:44 - [MESSAGE][PASSED] - Browser is opened with url: 'https://qa-certpayquicksti.faps.net/'

2020-10-15 17:54:46 - [MESSAGE][PASSED] - Current window maximized

2020-10-15 17:54:47 - [MESSAGE][PASSED] - Browser launched successfully

2020-10-15 17:54:47 - [TEST_STEP][PASSED] - utilities.SafeActions.safeCheck(findTestObject("CERTPAY_QUICKSTI/Login_ Page/MULTI_BUREAU_CHECKBOX"), "Multi Bureau", [pageLoadTime]): Quicksti.ts:Checkbox 'Multi Bureau'is selected

2020-10-15 17:54:47 - [MESSAGE][PASSED] - Object 'Object Repository/CERTPAY_QUICKSTI/Login_ Page/MULTI_BUREAU_CHECKBOX' is present

2020-10-15 17:54:48 - [MESSAGE][PASSED] - Object 'Object Repository/CERTPAY_QUICKSTI/Login_ Page/MULTI_BUREAU_CHECKBOX' is present

2020-10-15 17:54:49 - [MESSAGE][PASSED] - Object: 'Object Repository/CERTPAY_QUICKSTI/Login_ Page/MULTI_BUREAU_CHECKBOX' is clicked on

2020-10-15 17:54:49 - [MESSAGE][PASSED] - Quicksti.ts:Checkbox 'Multi Bureau'is selected

2020-10-15 17:54:49 - [TEST_STEP][PASSED] - utilities.SafeActions.safeType(findTestObject("CERTPAY_QUICKSTI/Login_ Page/TELLER_ID"), teller_id, "Bureau code", [pageLoadTime]): Quicksti.ts:Entered'zenq into Bureau code

2020-10-15 17:54:50 - [MESSAGE][PASSED] - Object 'Object Repository/CERTPAY_QUICKSTI/Login_ Page/TELLER_ID' is present

2020-10-15 17:54:50 - [MESSAGE][PASSED] - Object 'Object Repository/CERTPAY_QUICKSTI/Login_ Page/TELLER_ID' is visible

2020-10-15 17:54:51 - [MESSAGE][PASSED] - Object 'Object Repository/CERTPAY_QUICKSTI/Login_ Page/TELLER_ID' is present

2020-10-15 17:54:52 - [MESSAGE][PASSED] - Text 'zenq' is set on object 'Object Repository/CERTPAY_QUICKSTI/Login_ Page/TELLER_ID'

2020-10-15 17:54:52 - [MESSAGE][PASSED] - Quicksti.ts:Entered'zenq into Bureau code

2020-10-15 17:54:52 - [TEST_STEP][PASSED] - utilities.SafeActions.safeClick(findTestObject("CERTPAY_QUICKSTI/Login_ Page/NEXT_BUTTON"), "Next button", [pageLoadTime]): Quicksti.ts:Clicked on the Next button

2020-10-15 17:54:52 - [MESSAGE][INFO] - safeClicking

2020-10-15 17:54:52 - [MESSAGE][PASSED] - Object 'Object Repository/CERTPAY_QUICKSTI/Login_ Page/NEXT_BUTTON' is present

2020-10-15 17:54:53 - [MESSAGE][PASSED] - Object 'Object Repository/CERTPAY_QUICKSTI/Login_ Page/NEXT_BUTTON' is clickable

2020-10-15 17:54:57 - [MESSAGE][PASSED] - Object: 'Object Repository/CERTPAY_QUICKSTI/Login_ Page/NEXT_BUTTON' is clicked on

2020-10-15 17:54:57 - [MESSAGE][PASSED] - Quicksti.ts:Clicked on the Next button

2020-10-15 17:54:57 - [TEST_STEP][PASSED] - for ([i = 0, i <= amountList.size() - 1, (i++)]): Quicksti.ts:Entered'2 into Quntity

2020-10-15 17:54:57 - [TEST_STEP][PASSED] - s = Integer.toString(i): null

2020-10-15 17:54:57 - [TEST_STEP][PASSED] - pages.Quicksti.setCommnets("0", s, commentsList.get(i)): Quicksti.ts:Entered'Testing into Comments

2020-10-15 17:54:58 - [MESSAGE][PASSED] - Object '' is present

2020-10-15 17:54:58 - [MESSAGE][PASSED] - Object '' is visible

2020-10-15 17:54:58 - [MESSAGE][PASSED] - Object '' is present

2020-10-15 17:54:59 - [MESSAGE][PASSED] - Text 'Testing' is set on object ''

2020-10-15 17:54:59 - [MESSAGE][PASSED] - Quicksti.ts:Entered'Testing into Comments

2020-10-15 17:54:59 - [TEST_STEP][PASSED] - utilities.SafeActions.safeType(findTestObject("CERTPAY_QUICKSTI/Payment_Information_Page/PAYMENT_AMOUNT"), amountList.get(i), "Payment Amount", [pageLoadTime]): Quicksti.ts:Entered'45.00 into Payment Amount

2020-10-15 17:55:00 - [MESSAGE][PASSED] - Object 'Object Repository/CERTPAY_QUICKSTI/Payment_Information_Page/PAYMENT_AMOUNT' is present

2020-10-15 17:55:00 - [MESSAGE][PASSED] - Object 'Object Repository/CERTPAY_QUICKSTI/Payment_Information_Page/PAYMENT_AMOUNT' is visible

2020-10-15 17:55:01 - [MESSAGE][PASSED] - Object 'Object Repository/CERTPAY_QUICKSTI/Payment_Information_Page/PAYMENT_AMOUNT' is present

2020-10-15 17:55:02 - [MESSAGE][PASSED] - Text '45.00' is set on object 'Object Repository/CERTPAY_QUICKSTI/Payment_Information_Page/PAYMENT_AMOUNT'

2020-10-15 17:55:02 - [MESSAGE][PASSED] - Quicksti.ts:Entered'45.00 into Payment Amount

2020-10-15 17:55:02 - [TEST_STEP][PASSED] - pages.Quicksti.setAmountDetailsForMultiBureau(s, paymentTypeList.get(i), "0", referenceList.get(i), quantityList.get(i)): Quicksti.ts:Entered'1 into Quntity

2020-10-15 17:55:02 - [MESSAGE][PASSED] - Object '' is visible

2020-10-15 17:55:03 - [MESSAGE][PASSED] - Object '' is present

2020-10-15 17:55:04 - [MESSAGE][PASSED] - Object: '' is clicked on

2020-10-15 17:55:05 - [MESSAGE][PASSED] - All options with label 'Licenses' are selected in object ''  using regular expression

2020-10-15 17:55:05 - [MESSAGE][PASSED] - selected dropdown option by visible text  Licensesfrom Payment Type

2020-10-15 17:55:06 - [MESSAGE][PASSED] - Object '' is present

2020-10-15 17:55:06 - [MESSAGE][PASSED] - Object '' is visible

2020-10-15 17:55:06 - [MESSAGE][PASSED] - Object '' is present

2020-10-15 17:55:08 - [MESSAGE][PASSED] - Text '11' is set on object ''

2020-10-15 17:55:08 - [MESSAGE][PASSED] - Quicksti.ts:Entered'11 into RefrenceNumber

2020-10-15 17:55:08 - [MESSAGE][PASSED] - Object '' is present

2020-10-15 17:55:08 - [MESSAGE][PASSED] - Object '' is visible

2020-10-15 17:55:08 - [MESSAGE][PASSED] - Object '' is present

2020-10-15 17:55:10 - [MESSAGE][PASSED] - Text '1' is set on object ''

2020-10-15 17:55:10 - [MESSAGE][PASSED] - Quicksti.ts:Entered'1 into Quntity

2020-10-15 17:55:10 - [TEST_STEP][PASSED] - s = Integer.toString(i): null

2020-10-15 17:55:10 - [TEST_STEP][PASSED] - pages.Quicksti.setCommnets("0", s, commentsList.get(i)): Quicksti.ts:Entered'Tester into Comments

2020-10-15 17:55:10 - [MESSAGE][PASSED] - Object '' is present

2020-10-15 17:55:10 - [MESSAGE][PASSED] - Object '' is visible

2020-10-15 17:55:11 - [MESSAGE][PASSED] - Object '' is present

2020-10-15 17:55:12 - [MESSAGE][PASSED] - Text 'Tester' is set on object ''

2020-10-15 17:55:12 - [MESSAGE][PASSED] - Quicksti.ts:Entered'Tester into Comments

2020-10-15 17:55:12 - [TEST_STEP][PASSED] - utilities.SafeActions.safeType(findTestObject("CERTPAY_QUICKSTI/Payment_Information_Page/PAYMENT_AMOUNT"), amountList.get(i), "Payment Amount", [pageLoadTime]): Quicksti.ts:Entered'35.00 into Payment Amount

2020-10-15 17:55:12 - [MESSAGE][PASSED] - Object 'Object Repository/CERTPAY_QUICKSTI/Payment_Information_Page/PAYMENT_AMOUNT' is present

2020-10-15 17:55:13 - [MESSAGE][PASSED] - Object 'Object Repository/CERTPAY_QUICKSTI/Payment_Information_Page/PAYMENT_AMOUNT' is visible

2020-10-15 17:55:13 - [MESSAGE][PASSED] - Object 'Object Repository/CERTPAY_QUICKSTI/Payment_Information_Page/PAYMENT_AMOUNT' is present

2020-10-15 17:55:14 - [MESSAGE][PASSED] - Text '35.00' is set on object 'Object Repository/CERTPAY_QUICKSTI/Payment_Information_Page/PAYMENT_AMOUNT'

2020-10-15 17:55:14 - [MESSAGE][PASSED] - Quicksti.ts:Entered'35.00 into Payment Amount

2020-10-15 17:55:14 - [TEST_STEP][PASSED] - pages.Quicksti.setAmountDetailsForMultiBureau(s, paymentTypeList.get(i), "0", referenceList.get(i), quantityList.get(i)): Quicksti.ts:Entered'2 into Quntity

2020-10-15 17:55:15 - [MESSAGE][PASSED] - Object '' is visible

2020-10-15 17:55:15 - [MESSAGE][PASSED] - Object '' is present

2020-10-15 17:55:16 - [MESSAGE][PASSED] - Object: '' is clicked on

2020-10-15 17:55:18 - [MESSAGE][PASSED] - All options with label 'Taxes' are selected in object ''  using regular expression

2020-10-15 17:55:18 - [MESSAGE][PASSED] - selected dropdown option by visible text  Taxesfrom Payment Type

2020-10-15 17:55:18 - [MESSAGE][PASSED] - Object '' is present

2020-10-15 17:55:18 - [MESSAGE][PASSED] - Object '' is visible

2020-10-15 17:55:18 - [MESSAGE][PASSED] - Object '' is present

2020-10-15 17:55:20 - [MESSAGE][PASSED] - Text '12' is set on object ''

2020-10-15 17:55:20 - [MESSAGE][PASSED] - Quicksti.ts:Entered'12 into RefrenceNumber

2020-10-15 17:55:20 - [MESSAGE][PASSED] - Object '' is present

2020-10-15 17:55:20 - [MESSAGE][PASSED] - Object '' is visible

2020-10-15 17:55:21 - [MESSAGE][PASSED] - Object '' is present

2020-10-15 17:55:22 - [MESSAGE][PASSED] - Text '2' is set on object ''

2020-10-15 17:55:22 - [MESSAGE][PASSED] - Quicksti.ts:Entered'2 into Quntity

2020-10-15 17:55:22 - [TEST_STEP][PASSED] - s = Integer.toString(i): null

2020-10-15 17:55:22 - [TEST_STEP][PASSED] - pages.Quicksti.setCommnets("0", s, commentsList.get(i)): Quicksti.ts:Entered'Testing into Comments

2020-10-15 17:55:22 - [MESSAGE][PASSED] - Object '' is present

2020-10-15 17:55:23 - [MESSAGE][PASSED] - Object '' is visible

2020-10-15 17:55:23 - [MESSAGE][PASSED] - Object '' is present

2020-10-15 17:55:24 - [MESSAGE][PASSED] - Text 'Testing' is set on object ''

2020-10-15 17:55:24 - [MESSAGE][PASSED] - Quicksti.ts:Entered'Testing into Comments

2020-10-15 17:55:24 - [TEST_STEP][PASSED] - utilities.SafeActions.safeType(findTestObject("CERTPAY_QUICKSTI/Payment_Information_Page/PAYMENT_AMOUNT"), amountList.get(i), "Payment Amount", [pageLoadTime]): Quicksti.ts:Entered'20.00 into Payment Amount

2020-10-15 17:55:25 - [MESSAGE][PASSED] - Object 'Object Repository/CERTPAY_QUICKSTI/Payment_Information_Page/PAYMENT_AMOUNT' is present

2020-10-15 17:55:25 - [MESSAGE][PASSED] - Object 'Object Repository/CERTPAY_QUICKSTI/Payment_Information_Page/PAYMENT_AMOUNT' is visible

2020-10-15 17:55:25 - [MESSAGE][PASSED] - Object 'Object Repository/CERTPAY_QUICKSTI/Payment_Information_Page/PAYMENT_AMOUNT' is present

2020-10-15 17:55:26 - [MESSAGE][PASSED] - Text '20.00' is set on object 'Object Repository/CERTPAY_QUICKSTI/Payment_Information_Page/PAYMENT_AMOUNT'

2020-10-15 17:55:26 - [MESSAGE][PASSED] - Quicksti.ts:Entered'20.00 into Payment Amount

2020-10-15 17:55:26 - [TEST_STEP][PASSED] - pages.Quicksti.setAmountDetailsForMultiBureau(s, paymentTypeList.get(i), "0", referenceList.get(i), quantityList.get(i)): Quicksti.ts:Entered'2 into Quntity

2020-10-15 17:55:27 - [MESSAGE][PASSED] - Object '' is visible

2020-10-15 17:55:27 - [MESSAGE][PASSED] - Object '' is present

2020-10-15 17:55:29 - [MESSAGE][PASSED] - Object: '' is clicked on

2020-10-15 17:55:30 - [MESSAGE][PASSED] - All options with label 'Court Fines' are selected in object ''  using regular expression

2020-10-15 17:55:30 - [MESSAGE][PASSED] - selected dropdown option by visible text  Court Finesfrom Payment Type

2020-10-15 17:55:30 - [MESSAGE][PASSED] - Object '' is present

2020-10-15 17:55:31 - [MESSAGE][PASSED] - Object '' is visible

2020-10-15 17:55:31 - [MESSAGE][PASSED] - Object '' is present

2020-10-15 17:55:32 - [MESSAGE][PASSED] - Text '13' is set on object ''

2020-10-15 17:55:32 - [MESSAGE][PASSED] - Quicksti.ts:Entered'13 into RefrenceNumber

2020-10-15 17:55:32 - [MESSAGE][PASSED] - Object '' is present

2020-10-15 17:55:33 - [MESSAGE][PASSED] - Object '' is visible

2020-10-15 17:55:33 - [MESSAGE][PASSED] - Object '' is present

2020-10-15 17:55:34 - [MESSAGE][PASSED] - Text '2' is set on object ''

2020-10-15 17:55:34 - [MESSAGE][PASSED] - Quicksti.ts:Entered'2 into Quntity

2020-10-15 17:55:34 - [TEST_STEP][PASSED] - for ([i = 0, i <= amountList.size() - 1, (i++)]): Quicksti.ts:Entered'2 into Quntity

2020-10-15 17:55:34 - [TEST_STEP][PASSED] - s = Integer.toString(i): null

2020-10-15 17:55:34 - [TEST_STEP][PASSED] - utilities.SafeActions.safeType(findTestObject("CERTPAY_QUICKSTI/Payment_Information_Page/MULTIBUREAU_PAYMENT_AMOUNT"), amountList.get(i), "Payment Amount", [pageLoadTime]): Quicksti.ts:Entered'45.00 into Payment Amount

2020-10-15 17:55:35 - [MESSAGE][PASSED] - Object 'Object Repository/CERTPAY_QUICKSTI/Payment_Information_Page/MULTIBUREAU_PAYMENT_AMOUNT' is present

2020-10-15 17:55:35 - [MESSAGE][PASSED] - Object 'Object Repository/CERTPAY_QUICKSTI/Payment_Information_Page/MULTIBUREAU_PAYMENT_AMOUNT' is visible

2020-10-15 17:55:35 - [MESSAGE][PASSED] - Object 'Object Repository/CERTPAY_QUICKSTI/Payment_Information_Page/MULTIBUREAU_PAYMENT_AMOUNT' is present

2020-10-15 17:55:37 - [MESSAGE][PASSED] - Text '45.00' is set on object 'Object Repository/CERTPAY_QUICKSTI/Payment_Information_Page/MULTIBUREAU_PAYMENT_AMOUNT'

2020-10-15 17:55:37 - [MESSAGE][PASSED] - Quicksti.ts:Entered'45.00 into Payment Amount

2020-10-15 17:55:37 - [TEST_STEP][PASSED] - pages.Quicksti.setAmountDetailsForMultiBureau(s, "Registration Fees", "1", referenceList.get(i), quantityList.get(i)): Quicksti.ts:Entered'1 into Quntity

2020-10-15 17:55:37 - [MESSAGE][PASSED] - Object '' is visible

2020-10-15 17:55:38 - [MESSAGE][PASSED] - Object '' is present

2020-10-15 17:55:39 - [MESSAGE][PASSED] - Object: '' is clicked on

2020-10-15 17:55:40 - [MESSAGE][PASSED] - All options with label 'Registration Fees' are selected in object ''  using regular expression

2020-10-15 17:55:40 - [MESSAGE][PASSED] - selected dropdown option by visible text  Registration Feesfrom Payment Type

2020-10-15 17:55:40 - [MESSAGE][PASSED] - Object '' is present

2020-10-15 17:55:40 - [MESSAGE][PASSED] - Object '' is visible

2020-10-15 17:55:41 - [MESSAGE][PASSED] - Object '' is present

2020-10-15 17:55:42 - [MESSAGE][PASSED] - Text '11' is set on object ''

2020-10-15 17:55:42 - [MESSAGE][PASSED] - Quicksti.ts:Entered'11 into RefrenceNumber

2020-10-15 17:55:42 - [MESSAGE][PASSED] - Object '' is present

2020-10-15 17:55:43 - [MESSAGE][PASSED] - Object '' is visible

2020-10-15 17:55:43 - [MESSAGE][PASSED] - Object '' is present

2020-10-15 17:55:44 - [MESSAGE][PASSED] - Text '1' is set on object ''

2020-10-15 17:55:44 - [MESSAGE][PASSED] - Quicksti.ts:Entered'1 into Quntity

2020-10-15 17:55:44 - [TEST_STEP][PASSED] - s = Integer.toString(i): null

2020-10-15 17:55:44 - [TEST_STEP][PASSED] - utilities.SafeActions.safeType(findTestObject("CERTPAY_QUICKSTI/Payment_Information_Page/MULTIBUREAU_PAYMENT_AMOUNT"), amountList.get(i), "Payment Amount", [pageLoadTime]): Quicksti.ts:Entered'35.00 into Payment Amount

2020-10-15 17:55:45 - [MESSAGE][PASSED] - Object 'Object Repository/CERTPAY_QUICKSTI/Payment_Information_Page/MULTIBUREAU_PAYMENT_AMOUNT' is present

2020-10-15 17:55:45 - [MESSAGE][PASSED] - Object 'Object Repository/CERTPAY_QUICKSTI/Payment_Information_Page/MULTIBUREAU_PAYMENT_AMOUNT' is visible

2020-10-15 17:55:45 - [MESSAGE][PASSED] - Object 'Object Repository/CERTPAY_QUICKSTI/Payment_Information_Page/MULTIBUREAU_PAYMENT_AMOUNT' is present

2020-10-15 17:55:46 - [MESSAGE][PASSED] - Text '35.00' is set on object 'Object Repository/CERTPAY_QUICKSTI/Payment_Information_Page/MULTIBUREAU_PAYMENT_AMOUNT'

2020-10-15 17:55:46 - [MESSAGE][PASSED] - Quicksti.ts:Entered'35.00 into Payment Amount

2020-10-15 17:55:46 - [TEST_STEP][PASSED] - pages.Quicksti.setAmountDetailsForMultiBureau(s, "Registration Fees", "1", referenceList.get(i), quantityList.get(i)): Quicksti.ts:Entered'2 into Quntity

2020-10-15 17:55:47 - [MESSAGE][PASSED] - Object '' is visible

2020-10-15 17:55:47 - [MESSAGE][PASSED] - Object '' is present

2020-10-15 17:55:48 - [MESSAGE][PASSED] - Object: '' is clicked on

2020-10-15 17:55:50 - [MESSAGE][PASSED] - All options with label 'Registration Fees' are selected in object ''  using regular expression

2020-10-15 17:55:50 - [MESSAGE][PASSED] - selected dropdown option by visible text  Registration Feesfrom Payment Type

2020-10-15 17:55:50 - [MESSAGE][PASSED] - Object '' is present

2020-10-15 17:55:50 - [MESSAGE][PASSED] - Object '' is visible

2020-10-15 17:55:50 - [MESSAGE][PASSED] - Object '' is present

2020-10-15 17:55:52 - [MESSAGE][PASSED] - Text '12' is set on object ''

2020-10-15 17:55:52 - [MESSAGE][PASSED] - Quicksti.ts:Entered'12 into RefrenceNumber

2020-10-15 17:55:52 - [MESSAGE][PASSED] - Object '' is present

2020-10-15 17:55:52 - [MESSAGE][PASSED] - Object '' is visible

2020-10-15 17:55:53 - [MESSAGE][PASSED] - Object '' is present

2020-10-15 17:55:54 - [MESSAGE][PASSED] - Text '2' is set on object ''

2020-10-15 17:55:54 - [MESSAGE][PASSED] - Quicksti.ts:Entered'2 into Quntity

2020-10-15 17:55:54 - [TEST_STEP][PASSED] - s = Integer.toString(i): null

2020-10-15 17:55:54 - [TEST_STEP][PASSED] - utilities.SafeActions.safeType(findTestObject("CERTPAY_QUICKSTI/Payment_Information_Page/MULTIBUREAU_PAYMENT_AMOUNT"), amountList.get(i), "Payment Amount", [pageLoadTime]): Quicksti.ts:Entered'20.00 into Payment Amount

2020-10-15 17:55:54 - [MESSAGE][PASSED] - Object 'Object Repository/CERTPAY_QUICKSTI/Payment_Information_Page/MULTIBUREAU_PAYMENT_AMOUNT' is present

2020-10-15 17:55:55 - [MESSAGE][PASSED] - Object 'Object Repository/CERTPAY_QUICKSTI/Payment_Information_Page/MULTIBUREAU_PAYMENT_AMOUNT' is visible

2020-10-15 17:55:55 - [MESSAGE][PASSED] - Object 'Object Repository/CERTPAY_QUICKSTI/Payment_Information_Page/MULTIBUREAU_PAYMENT_AMOUNT' is present

2020-10-15 17:55:56 - [MESSAGE][PASSED] - Text '20.00' is set on object 'Object Repository/CERTPAY_QUICKSTI/Payment_Information_Page/MULTIBUREAU_PAYMENT_AMOUNT'

2020-10-15 17:55:56 - [MESSAGE][PASSED] - Quicksti.ts:Entered'20.00 into Payment Amount

2020-10-15 17:55:56 - [TEST_STEP][PASSED] - pages.Quicksti.setAmountDetailsForMultiBureau(s, "Registration Fees", "1", referenceList.get(i), quantityList.get(i)): Quicksti.ts:Entered'2 into Quntity

2020-10-15 17:55:57 - [MESSAGE][PASSED] - Object '' is visible

2020-10-15 17:55:57 - [MESSAGE][PASSED] - Object '' is present

2020-10-15 17:55:58 - [MESSAGE][PASSED] - Object: '' is clicked on

2020-10-15 17:55:59 - [MESSAGE][PASSED] - All options with label 'Registration Fees' are selected in object ''  using regular expression

2020-10-15 17:55:59 - [MESSAGE][PASSED] - selected dropdown option by visible text  Registration Feesfrom Payment Type

2020-10-15 17:55:59 - [MESSAGE][PASSED] - Object '' is present

2020-10-15 17:56:00 - [MESSAGE][PASSED] - Object '' is visible

2020-10-15 17:56:00 - [MESSAGE][PASSED] - Object '' is present

2020-10-15 17:56:01 - [MESSAGE][PASSED] - Text '13' is set on object ''

2020-10-15 17:56:01 - [MESSAGE][PASSED] - Quicksti.ts:Entered'13 into RefrenceNumber

2020-10-15 17:56:02 - [MESSAGE][PASSED] - Object '' is present

2020-10-15 17:56:02 - [MESSAGE][PASSED] - Object '' is visible

2020-10-15 17:56:02 - [MESSAGE][PASSED] - Object '' is present

2020-10-15 17:56:03 - [MESSAGE][PASSED] - Text '2' is set on object ''

2020-10-15 17:56:03 - [MESSAGE][PASSED] - Quicksti.ts:Entered'2 into Quntity

2020-10-15 17:56:03 - [TEST_STEP][PASSED] - for ([i = 0, i <= amountList.size() - 1, (i++)]): Quicksti.ts:Entered'Testing into Comments

2020-10-15 17:56:03 - [TEST_STEP][PASSED] - s = Integer.toString(i): null

2020-10-15 17:56:03 - [TEST_STEP][PASSED] - utilities.SafeActions.safeType(findTestObject("CERTPAY_QUICKSTI/Payment_Information_Page/MULTIBUREAU_PAY_AMOUNT2"), amountList.get(i), "Payment Amount", [pageLoadTime]): Quicksti.ts:Entered'45.00 into Payment Amount

2020-10-15 17:56:04 - [MESSAGE][PASSED] - Object 'Object Repository/CERTPAY_QUICKSTI/Payment_Information_Page/MULTIBUREAU_PAY_AMOUNT2' is present

2020-10-15 17:56:04 - [MESSAGE][PASSED] - Object 'Object Repository/CERTPAY_QUICKSTI/Payment_Information_Page/MULTIBUREAU_PAY_AMOUNT2' is visible

2020-10-15 17:56:04 - [MESSAGE][PASSED] - Object 'Object Repository/CERTPAY_QUICKSTI/Payment_Information_Page/MULTIBUREAU_PAY_AMOUNT2' is present

2020-10-15 17:56:06 - [MESSAGE][PASSED] - Text '45.00' is set on object 'Object Repository/CERTPAY_QUICKSTI/Payment_Information_Page/MULTIBUREAU_PAY_AMOUNT2'

2020-10-15 17:56:06 - [MESSAGE][PASSED] - Quicksti.ts:Entered'45.00 into Payment Amount

2020-10-15 17:56:06 - [TEST_STEP][PASSED] - pages.Quicksti.setAmountDetailsForMultiBureau(s, "Vehicles", "2", referenceList.get(i), quantityList.get(i)): Quicksti.ts:Entered'1 into Quntity

2020-10-15 17:56:06 - [MESSAGE][PASSED] - Object '' is visible

2020-10-15 17:56:07 - [MESSAGE][PASSED] - Object '' is present

2020-10-15 17:56:08 - [MESSAGE][PASSED] - Object: '' is clicked on

2020-10-15 17:56:09 - [MESSAGE][PASSED] - All options with label 'Vehicles' are selected in object ''  using regular expression

2020-10-15 17:56:09 - [MESSAGE][PASSED] - selected dropdown option by visible text  Vehiclesfrom Payment Type

2020-10-15 17:56:10 - [MESSAGE][PASSED] - Object '' is present

2020-10-15 17:56:10 - [MESSAGE][PASSED] - Object '' is visible

2020-10-15 17:56:10 - [MESSAGE][PASSED] - Object '' is present

2020-10-15 17:56:11 - [MESSAGE][PASSED] - Text '11' is set on object ''

2020-10-15 17:56:11 - [MESSAGE][PASSED] - Quicksti.ts:Entered'11 into RefrenceNumber

2020-10-15 17:56:12 - [MESSAGE][PASSED] - Object '' is present

2020-10-15 17:56:12 - [MESSAGE][PASSED] - Object '' is visible

2020-10-15 17:56:12 - [MESSAGE][PASSED] - Object '' is present

2020-10-15 17:56:13 - [MESSAGE][PASSED] - Text '1' is set on object ''

2020-10-15 17:56:13 - [MESSAGE][PASSED] - Quicksti.ts:Entered'1 into Quntity

2020-10-15 17:56:13 - [TEST_STEP][PASSED] - pages.Quicksti.setCommnets("2", s, commentsList.get(i)): Quicksti.ts:Entered'Testing into Comments

2020-10-15 17:56:14 - [MESSAGE][PASSED] - Object '' is present

2020-10-15 17:56:14 - [MESSAGE][PASSED] - Object '' is visible

2020-10-15 17:56:14 - [MESSAGE][PASSED] - Object '' is present

2020-10-15 17:56:16 - [MESSAGE][PASSED] - Text 'Testing' is set on object ''

2020-10-15 17:56:16 - [MESSAGE][PASSED] - Quicksti.ts:Entered'Testing into Comments

2020-10-15 17:56:16 - [TEST_STEP][PASSED] - s = Integer.toString(i): null

2020-10-15 17:56:16 - [TEST_STEP][PASSED] - utilities.SafeActions.safeType(findTestObject("CERTPAY_QUICKSTI/Payment_Information_Page/MULTIBUREAU_PAY_AMOUNT2"), amountList.get(i), "Payment Amount", [pageLoadTime]): Quicksti.ts:Entered'35.00 into Payment Amount

2020-10-15 17:56:16 - [MESSAGE][PASSED] - Object 'Object Repository/CERTPAY_QUICKSTI/Payment_Information_Page/MULTIBUREAU_PAY_AMOUNT2' is present

2020-10-15 17:56:16 - [MESSAGE][PASSED] - Object 'Object Repository/CERTPAY_QUICKSTI/Payment_Information_Page/MULTIBUREAU_PAY_AMOUNT2' is visible

2020-10-15 17:56:17 - [MESSAGE][PASSED] - Object 'Object Repository/CERTPAY_QUICKSTI/Payment_Information_Page/MULTIBUREAU_PAY_AMOUNT2' is present

2020-10-15 17:56:18 - [MESSAGE][PASSED] - Text '35.00' is set on object 'Object Repository/CERTPAY_QUICKSTI/Payment_Information_Page/MULTIBUREAU_PAY_AMOUNT2'

2020-10-15 17:56:18 - [MESSAGE][PASSED] - Quicksti.ts:Entered'35.00 into Payment Amount

2020-10-15 17:56:18 - [TEST_STEP][PASSED] - pages.Quicksti.setAmountDetailsForMultiBureau(s, "Vehicles", "2", referenceList.get(i), quantityList.get(i)): Quicksti.ts:Entered'2 into Quntity

2020-10-15 17:56:19 - [MESSAGE][PASSED] - Object '' is visible

2020-10-15 17:56:19 - [MESSAGE][PASSED] - Object '' is present

2020-10-15 17:56:20 - [MESSAGE][PASSED] - Object: '' is clicked on

2020-10-15 17:56:21 - [MESSAGE][PASSED] - All options with label 'Vehicles' are selected in object ''  using regular expression

2020-10-15 17:56:21 - [MESSAGE][PASSED] - selected dropdown option by visible text  Vehiclesfrom Payment Type

2020-10-15 17:56:22 - [MESSAGE][PASSED] - Object '' is present

2020-10-15 17:56:22 - [MESSAGE][PASSED] - Object '' is visible

2020-10-15 17:56:22 - [MESSAGE][PASSED] - Object '' is present

2020-10-15 17:56:24 - [MESSAGE][PASSED] - Text '12' is set on object ''

2020-10-15 17:56:24 - [MESSAGE][PASSED] - Quicksti.ts:Entered'12 into RefrenceNumber

2020-10-15 17:56:24 - [MESSAGE][PASSED] - Object '' is present

2020-10-15 17:56:24 - [MESSAGE][PASSED] - Object '' is visible

2020-10-15 17:56:24 - [MESSAGE][PASSED] - Object '' is present

2020-10-15 17:56:26 - [MESSAGE][PASSED] - Text '2' is set on object ''

2020-10-15 17:56:26 - [MESSAGE][PASSED] - Quicksti.ts:Entered'2 into Quntity

2020-10-15 17:56:26 - [TEST_STEP][PASSED] - pages.Quicksti.setCommnets("2", s, commentsList.get(i)): Quicksti.ts:Entered'Tester into Comments

2020-10-15 17:56:26 - [MESSAGE][PASSED] - Object '' is present

2020-10-15 17:56:26 - [MESSAGE][PASSED] - Object '' is visible

2020-10-15 17:56:27 - [MESSAGE][PASSED] - Object '' is present

2020-10-15 17:56:28 - [MESSAGE][PASSED] - Text 'Tester' is set on object ''

2020-10-15 17:56:28 - [MESSAGE][PASSED] - Quicksti.ts:Entered'Tester into Comments

2020-10-15 17:56:28 - [TEST_STEP][PASSED] - s = Integer.toString(i): null

2020-10-15 17:56:28 - [TEST_STEP][PASSED] - utilities.SafeActions.safeType(findTestObject("CERTPAY_QUICKSTI/Payment_Information_Page/MULTIBUREAU_PAY_AMOUNT2"), amountList.get(i), "Payment Amount", [pageLoadTime]): Quicksti.ts:Entered'20.00 into Payment Amount

2020-10-15 17:56:28 - [MESSAGE][PASSED] - Object 'Object Repository/CERTPAY_QUICKSTI/Payment_Information_Page/MULTIBUREAU_PAY_AMOUNT2' is present

2020-10-15 17:56:29 - [MESSAGE][PASSED] - Object 'Object Repository/CERTPAY_QUICKSTI/Payment_Information_Page/MULTIBUREAU_PAY_AMOUNT2' is visible

2020-10-15 17:56:29 - [MESSAGE][PASSED] - Object 'Object Repository/CERTPAY_QUICKSTI/Payment_Information_Page/MULTIBUREAU_PAY_AMOUNT2' is present

2020-10-15 17:56:30 - [MESSAGE][PASSED] - Text '20.00' is set on object 'Object Repository/CERTPAY_QUICKSTI/Payment_Information_Page/MULTIBUREAU_PAY_AMOUNT2'

2020-10-15 17:56:30 - [MESSAGE][PASSED] - Quicksti.ts:Entered'20.00 into Payment Amount

2020-10-15 17:56:30 - [TEST_STEP][PASSED] - pages.Quicksti.setAmountDetailsForMultiBureau(s, "Vehicles", "2", referenceList.get(i), quantityList.get(i)): Quicksti.ts:Entered'2 into Quntity

2020-10-15 17:56:31 - [MESSAGE][PASSED] - Object '' is visible

2020-10-15 17:56:31 - [MESSAGE][PASSED] - Object '' is present

2020-10-15 17:56:32 - [MESSAGE][PASSED] - Object: '' is clicked on

2020-10-15 17:56:33 - [MESSAGE][PASSED] - All options with label 'Vehicles' are selected in object ''  using regular expression

2020-10-15 17:56:33 - [MESSAGE][PASSED] - selected dropdown option by visible text  Vehiclesfrom Payment Type

2020-10-15 17:56:34 - [MESSAGE][PASSED] - Object '' is present

2020-10-15 17:56:34 - [MESSAGE][PASSED] - Object '' is visible

2020-10-15 17:56:35 - [MESSAGE][PASSED] - Object '' is present

2020-10-15 17:56:36 - [MESSAGE][PASSED] - Text '13' is set on object ''

2020-10-15 17:56:36 - [MESSAGE][PASSED] - Quicksti.ts:Entered'13 into RefrenceNumber

2020-10-15 17:56:36 - [MESSAGE][PASSED] - Object '' is present

2020-10-15 17:56:37 - [MESSAGE][PASSED] - Object '' is visible

2020-10-15 17:56:37 - [MESSAGE][PASSED] - Object '' is present

2020-10-15 17:56:38 - [MESSAGE][PASSED] - Text '2' is set on object ''

2020-10-15 17:56:38 - [MESSAGE][PASSED] - Quicksti.ts:Entered'2 into Quntity

2020-10-15 17:56:38 - [TEST_STEP][PASSED] - pages.Quicksti.setCommnets("2", s, commentsList.get(i)): Quicksti.ts:Entered'Testing into Comments

2020-10-15 17:56:38 - [MESSAGE][PASSED] - Object '' is present

2020-10-15 17:56:39 - [MESSAGE][PASSED] - Object '' is visible

2020-10-15 17:56:39 - [MESSAGE][PASSED] - Object '' is present

2020-10-15 17:56:40 - [MESSAGE][PASSED] - Text 'Testing' is set on object ''

2020-10-15 17:56:40 - [MESSAGE][PASSED] - Quicksti.ts:Entered'Testing into Comments

2020-10-15 17:56:40 - [TEST_STEP][PASSED] - utilities.SafeActions.safeClick(findTestObject("CERTPAY_QUICKSTI/Payment_Information_Page/MANUAL_ENTRY_BUTTON"), "ManualEntry", [pageLoadTime]): Quicksti.ts:Clicked on the ManualEntry

2020-10-15 17:56:40 - [MESSAGE][INFO] - safeClicking

2020-10-15 17:56:41 - [MESSAGE][PASSED] - Object 'Object Repository/CERTPAY_QUICKSTI/Payment_Information_Page/MANUAL_ENTRY_BUTTON' is present

2020-10-15 17:56:41 - [MESSAGE][PASSED] - Object 'Object Repository/CERTPAY_QUICKSTI/Payment_Information_Page/MANUAL_ENTRY_BUTTON' is clickable

2020-10-15 17:56:45 - [MESSAGE][PASSED] - Object: 'Object Repository/CERTPAY_QUICKSTI/Payment_Information_Page/MANUAL_ENTRY_BUTTON' is clicked on

2020-10-15 17:56:45 - [MESSAGE][PASSED] - Quicksti.ts:Clicked on the ManualEntry

2020-10-15 17:56:45 - [TEST_STEP][PASSED] - amount_Value = pages.Quicksti.getAttributeValue(findTestObject("CERTPAY_QUICKSTI/Payment_Information_Page/SUB_TOTAL")): pages.Quicksti.getAttributeValue is PASSED

2020-10-15 17:56:46 - [MESSAGE][PASSED] - Attribute 'value' of object 'Object Repository/CERTPAY_QUICKSTI/Payment_Information_Page/SUB_TOTAL' is: '45.00'

2020-10-15 17:56:46 - [MESSAGE][PASSED] - pages.Quicksti.getAttributeValue is PASSED

2020-10-15 17:56:46 - [TEST_STEP][PASSED] - CardNumber = pages.Quicksti.setUserPaymentDetails(firstName, lastName, cardNum): Quicksti.ts:Entered'374245003731006 into CardNum

2020-10-15 17:56:46 - [MESSAGE][PASSED] - Object 'Object Repository/CERTPAY_QUICKSTI/Payment_Information_Page/FIRST_NAME' is present

2020-10-15 17:56:46 - [MESSAGE][PASSED] - Object 'Object Repository/CERTPAY_QUICKSTI/Payment_Information_Page/FIRST_NAME' is visible

2020-10-15 17:56:47 - [MESSAGE][PASSED] - Object 'Object Repository/CERTPAY_QUICKSTI/Payment_Information_Page/FIRST_NAME' is present

2020-10-15 17:56:48 - [MESSAGE][PASSED] - Text 'Tester' is set on object 'Object Repository/CERTPAY_QUICKSTI/Payment_Information_Page/FIRST_NAME'

2020-10-15 17:56:48 - [MESSAGE][PASSED] - Quicksti.ts:Entered'Tester into FirstName

2020-10-15 17:56:48 - [MESSAGE][PASSED] - Object 'Object Repository/CERTPAY_QUICKSTI/Payment_Information_Page/LAST_NAME' is present

2020-10-15 17:56:49 - [MESSAGE][PASSED] - Object 'Object Repository/CERTPAY_QUICKSTI/Payment_Information_Page/LAST_NAME' is visible

2020-10-15 17:56:49 - [MESSAGE][PASSED] - Object 'Object Repository/CERTPAY_QUICKSTI/Payment_Information_Page/LAST_NAME' is present

2020-10-15 17:56:50 - [MESSAGE][PASSED] - Text 'Zenq1' is set on object 'Object Repository/CERTPAY_QUICKSTI/Payment_Information_Page/LAST_NAME'

2020-10-15 17:56:50 - [MESSAGE][PASSED] - Quicksti.ts:Entered'Zenq1 into LAstName

2020-10-15 17:56:51 - [MESSAGE][PASSED] - Object 'Object Repository/CERTPAY_QUICKSTI/Payment_Information_Page/CARD_NUMBER' is present

2020-10-15 17:56:51 - [MESSAGE][PASSED] - Object 'Object Repository/CERTPAY_QUICKSTI/Payment_Information_Page/CARD_NUMBER' is visible

2020-10-15 17:56:51 - [MESSAGE][PASSED] - Object 'Object Repository/CERTPAY_QUICKSTI/Payment_Information_Page/CARD_NUMBER' is present

2020-10-15 17:56:53 - [MESSAGE][PASSED] - Text '374245003731006' is set on object 'Object Repository/CERTPAY_QUICKSTI/Payment_Information_Page/CARD_NUMBER'

2020-10-15 17:56:53 - [MESSAGE][PASSED] - Quicksti.ts:Entered'374245003731006 into CardNum

2020-10-15 17:56:53 - [TEST_STEP][PASSED] - pages.Quicksti.setExpDate(expMonth, expYear, securityCode): Quicksti.ts:Entered'111 into securityCode

2020-10-15 17:56:53 - [MESSAGE][PASSED] - Object 'Object Repository/CERTPAY_QUICKSTI/Payment_Information_Page/EXP_MONTH' is visible

2020-10-15 17:56:53 - [MESSAGE][PASSED] - Object 'Object Repository/CERTPAY_QUICKSTI/Payment_Information_Page/EXP_MONTH' is present

2020-10-15 17:56:54 - [MESSAGE][PASSED] - Object: 'Object Repository/CERTPAY_QUICKSTI/Payment_Information_Page/EXP_MONTH' is clicked on

2020-10-15 17:56:56 - [MESSAGE][PASSED] - All options with label '05' are selected in object 'Object Repository/CERTPAY_QUICKSTI/Payment_Information_Page/EXP_MONTH'  using regular expression

2020-10-15 17:56:56 - [MESSAGE][PASSED] - selected dropdown option by visible text  05from expMonth

2020-10-15 17:56:56 - [MESSAGE][PASSED] - Object 'Object Repository/CERTPAY_QUICKSTI/Payment_Information_Page/EXP_YEAR' is visible

2020-10-15 17:56:56 - [MESSAGE][PASSED] - Object 'Object Repository/CERTPAY_QUICKSTI/Payment_Information_Page/EXP_YEAR' is present

2020-10-15 17:56:57 - [MESSAGE][PASSED] - Object: 'Object Repository/CERTPAY_QUICKSTI/Payment_Information_Page/EXP_YEAR' is clicked on

2020-10-15 17:56:59 - [MESSAGE][PASSED] - All options with label '2022' are selected in object 'Object Repository/CERTPAY_QUICKSTI/Payment_Information_Page/EXP_YEAR'  using regular expression

2020-10-15 17:56:59 - [MESSAGE][PASSED] - selected dropdown option by visible text  2022from  expYear

2020-10-15 17:56:59 - [MESSAGE][PASSED] - Object 'Object Repository/CERTPAY_QUICKSTI/Payment_Information_Page/SECURITY_CODE' is present

2020-10-15 17:57:00 - [MESSAGE][PASSED] - Object 'Object Repository/CERTPAY_QUICKSTI/Payment_Information_Page/SECURITY_CODE' is visible

2020-10-15 17:57:00 - [MESSAGE][PASSED] - Object 'Object Repository/CERTPAY_QUICKSTI/Payment_Information_Page/SECURITY_CODE' is present

2020-10-15 17:57:01 - [MESSAGE][PASSED] - Text '111' is set on object 'Object Repository/CERTPAY_QUICKSTI/Payment_Information_Page/SECURITY_CODE'

2020-10-15 17:57:01 - [MESSAGE][PASSED] - Quicksti.ts:Entered'111 into securityCode

2020-10-15 17:57:01 - [TEST_STEP][PASSED] - utilities.SafeActions.safeType(findTestObject("CERTPAY_QUICKSTI/Payment_Information_Page/ADDRESS"), address, "Address", [pageLoadTime]): Quicksti.ts:Entered'14-2 into Address

2020-10-15 17:57:01 - [MESSAGE][PASSED] - Object 'Object Repository/CERTPAY_QUICKSTI/Payment_Information_Page/ADDRESS' is present

2020-10-15 17:57:02 - [MESSAGE][PASSED] - Object 'Object Repository/CERTPAY_QUICKSTI/Payment_Information_Page/ADDRESS' is visible

2020-10-15 17:57:02 - [MESSAGE][PASSED] - Object 'Object Repository/CERTPAY_QUICKSTI/Payment_Information_Page/ADDRESS' is present

2020-10-15 17:57:03 - [MESSAGE][PASSED] - Text '14-2' is set on object 'Object Repository/CERTPAY_QUICKSTI/Payment_Information_Page/ADDRESS'

2020-10-15 17:57:03 - [MESSAGE][PASSED] - Quicksti.ts:Entered'14-2 into Address

2020-10-15 17:57:03 - [TEST_STEP][PASSED] - utilities.SafeActions.safeType(findTestObject("CERTPAY_QUICKSTI/Payment_Information_Page/ZIP_CODE"), zipCode, "zipcode", [pageLoadTime]): Quicksti.ts:Entered'76102 into zipcode

2020-10-15 17:57:04 - [MESSAGE][PASSED] - Object 'Object Repository/CERTPAY_QUICKSTI/Payment_Information_Page/ZIP_CODE' is present

2020-10-15 17:57:04 - [MESSAGE][PASSED] - Object 'Object Repository/CERTPAY_QUICKSTI/Payment_Information_Page/ZIP_CODE' is visible

2020-10-15 17:57:04 - [MESSAGE][PASSED] - Object 'Object Repository/CERTPAY_QUICKSTI/Payment_Information_Page/ZIP_CODE' is present

2020-10-15 17:57:05 - [MESSAGE][PASSED] - Text '76102' is set on object 'Object Repository/CERTPAY_QUICKSTI/Payment_Information_Page/ZIP_CODE'

2020-10-15 17:57:05 - [MESSAGE][PASSED] - Quicksti.ts:Entered'76102 into zipcode

2020-10-15 17:57:05 - [TEST_STEP][PASSED] - utilities.SafeActions.safeType(findTestObject("CERTPAY_QUICKSTI/Payment_Information_Page/TELEPHONE"), telephone, "Telephone", [pageLoadTime]): Quicksti.ts:Entered'9989897654 into Telephone

2020-10-15 17:57:06 - [MESSAGE][PASSED] - Object 'Object Repository/CERTPAY_QUICKSTI/Payment_Information_Page/TELEPHONE' is present

2020-10-15 17:57:06 - [MESSAGE][PASSED] - Object 'Object Repository/CERTPAY_QUICKSTI/Payment_Information_Page/TELEPHONE' is visible

2020-10-15 17:57:06 - [MESSAGE][PASSED] - Object 'Object Repository/CERTPAY_QUICKSTI/Payment_Information_Page/TELEPHONE' is present

2020-10-15 17:57:08 - [MESSAGE][PASSED] - Text '9989897654' is set on object 'Object Repository/CERTPAY_QUICKSTI/Payment_Information_Page/TELEPHONE'

2020-10-15 17:57:08 - [MESSAGE][PASSED] - Quicksti.ts:Entered'9989897654 into Telephone

2020-10-15 17:57:08 - [TEST_STEP][PASSED] - utilities.SafeActions.safeType(findTestObject("CERTPAY_QUICKSTI/Payment_Information_Page/EMAIL_ADDRESS"), emailAddress, "EMAIL address", [pageLoadTime]): Quicksti.ts:Entered'testing@zenq.com into EMAIL address

2020-10-15 17:57:08 - [MESSAGE][PASSED] - Object 'Object Repository/CERTPAY_QUICKSTI/Payment_Information_Page/EMAIL_ADDRESS' is present

2020-10-15 17:57:08 - [MESSAGE][PASSED] - Object 'Object Repository/CERTPAY_QUICKSTI/Payment_Information_Page/EMAIL_ADDRESS' is visible

2020-10-15 17:57:09 - [MESSAGE][PASSED] - Object 'Object Repository/CERTPAY_QUICKSTI/Payment_Information_Page/EMAIL_ADDRESS' is present

2020-10-15 17:57:10 - [MESSAGE][PASSED] - Text 'testing@zenq.com' is set on object 'Object Repository/CERTPAY_QUICKSTI/Payment_Information_Page/EMAIL_ADDRESS'

2020-10-15 17:57:10 - [MESSAGE][PASSED] - Quicksti.ts:Entered'testing@zenq.com into EMAIL address

2020-10-15 17:57:10 - [TEST_STEP][PASSED] - utilities.SafeActions.safeClick(findTestObject("CERTPAY_QUICKSTI/Payment_Information_Page/NEXT_BUTTON"), "Next", [pageLoadTime]): Quicksti.ts:Clicked on the Next

2020-10-15 17:57:10 - [MESSAGE][INFO] - safeClicking

2020-10-15 17:57:10 - [MESSAGE][PASSED] - Object 'Object Repository/CERTPAY_QUICKSTI/Payment_Information_Page/NEXT_BUTTON' is present

2020-10-15 17:57:10 - [MESSAGE][PASSED] - Object 'Object Repository/CERTPAY_QUICKSTI/Payment_Information_Page/NEXT_BUTTON' is clickable

2020-10-15 17:57:14 - [MESSAGE][PASSED] - Object: 'Object Repository/CERTPAY_QUICKSTI/Payment_Information_Page/NEXT_BUTTON' is clicked on

2020-10-15 17:57:14 - [MESSAGE][PASSED] - Quicksti.ts:Clicked on the Next

2020-10-15 17:57:14 - [TEST_STEP][PASSED] - pages.Quicksti.verifyUserPaymentDetails(amountList.get(0), firstName, lastName, CardNumber): pages.Quicksti.verifyUserPaymentDetails is PASSED

2020-10-15 17:57:15 - [MESSAGE][PASSED] - Text of object 'Object Repository/CERTPAY_QUICKSTI/Payment_Details_Verification_Page/AMOUNT' is: '$45.00'

2020-10-15 17:57:15 - [MESSAGE][PASSED] - Actual text '45.00' and expected text '45.00' are matched  using regular expression

2020-10-15 17:57:15 - [MESSAGE][PASSED] - Text of object 'Object Repository/CERTPAY_QUICKSTI/Payment_Details_Verification_Page/NAME' is: 'Tester Zenq1'

2020-10-15 17:57:15 - [MESSAGE][PASSED] - Actual text 'Tester Zenq1' and expected text 'Tester Zenq1' are matched  using regular expression

2020-10-15 17:57:16 - [MESSAGE][PASSED] - Text of object 'Object Repository/CERTPAY_QUICKSTI/Payment_Details_Verification_Page/CARD_NUMBER' is: '...1006'

2020-10-15 17:57:16 - [MESSAGE][PASSED] - Actual text '1006' and expected text '1006' are matched  using regular expression

2020-10-15 17:57:16 - [MESSAGE][PASSED] - pages.Quicksti.verifyUserPaymentDetails is PASSED

2020-10-15 17:57:16 - [TEST_STEP][PASSED] - ConvFee = getText(findTestObject("CERTPAY_QUICKSTI/Payment_Information_Page/CONV_FEE")): Text of object 'Object Repository/CERTPAY_QUICKSTI/Payment_Information_Page/CONV_FEE' is: '$1.13'

2020-10-15 17:57:16 - [MESSAGE][PASSED] - Text of object 'Object Repository/CERTPAY_QUICKSTI/Payment_Information_Page/CONV_FEE' is: '$1.13'

2020-10-15 17:57:16 - [TEST_STEP][PASSED] - scrollToElement(findTestObject("CERTPAY_QUICKSTI/Payment_Details_Verification_Page/PROCESS"), 30): Scroll to object 'Object Repository/CERTPAY_QUICKSTI/Payment_Details_Verification_Page/PROCESS' successfully

2020-10-15 17:57:16 - [MESSAGE][PASSED] - Scroll to object 'Object Repository/CERTPAY_QUICKSTI/Payment_Details_Verification_Page/PROCESS' successfully

2020-10-15 17:57:16 - [TEST_STEP][PASSED] - utilities.SafeActions.safeClick(findTestObject("CERTPAY_QUICKSTI/Payment_Details_Verification_Page/PROCESS"), "Process", [pageLoadTime]): Quicksti.ts:Clicked on the Process

2020-10-15 17:57:16 - [MESSAGE][INFO] - safeClicking

2020-10-15 17:57:17 - [MESSAGE][PASSED] - Object 'Object Repository/CERTPAY_QUICKSTI/Payment_Details_Verification_Page/PROCESS' is present

2020-10-15 17:57:17 - [MESSAGE][PASSED] - Object 'Object Repository/CERTPAY_QUICKSTI/Payment_Details_Verification_Page/PROCESS' is clickable

2020-10-15 17:57:22 - [MESSAGE][PASSED] - Object: 'Object Repository/CERTPAY_QUICKSTI/Payment_Details_Verification_Page/PROCESS' is clicked on

2020-10-15 17:57:22 - [MESSAGE][PASSED] - Quicksti.ts:Clicked on the Process

2020-10-15 17:57:22 - [TEST_STEP][PASSED] - paymentId = pages.Quicksti.verifyPaymentApproval(findTestObject("CERTPAY_QUICKSTI/Payment_Details_Verification_Page/APPROVED")): Payment is approved

2020-10-15 17:57:22 - [MESSAGE][PASSED] - Text of object 'Object Repository/CERTPAY_QUICKSTI/Payment_Details_Verification_Page/PAYMENT_ID' is: '100176129800'

2020-10-15 17:57:23 - [MESSAGE][PASSED] - Object 'Object Repository/CERTPAY_QUICKSTI/Payment_Details_Verification_Page/APPROVED' is present

2020-10-15 17:57:23 - [MESSAGE][PASSED] - Payment is approved

2020-10-15 17:57:25 - [TEST_STEP][PASSED] - navigateToUrl(Admin_url): Navigate to 'https://qa-certpayadmin.faps.net' successfully

2020-10-15 17:57:30 - [MESSAGE][PASSED] - Navigate to 'https://qa-certpayadmin.faps.net' successfully

2020-10-15 17:57:30 - [TEST_STEP][PASSED] - pages.Bureau_Login_Page.loginToAdminSite(AdminUsername, AdminPassword): Quicksti.ts:Clicked on the LOGIN

2020-10-15 17:57:31 - [MESSAGE][PASSED] - Object 'Object Repository/CERTPAY_ADMIN/USER_NAME' is present

2020-10-15 17:57:31 - [MESSAGE][PASSED] - Object 'Object Repository/CERTPAY_ADMIN/USER_NAME' is visible

2020-10-15 17:57:31 - [MESSAGE][PASSED] - Object 'Object Repository/CERTPAY_ADMIN/USER_NAME' is present

2020-10-15 17:57:32 - [MESSAGE][PASSED] - Text 'VVangiliappan' is set on object 'Object Repository/CERTPAY_ADMIN/USER_NAME'

2020-10-15 17:57:32 - [MESSAGE][PASSED] - Quicksti.ts:Entered'VVangiliappan into username

2020-10-15 17:57:33 - [MESSAGE][PASSED] - Object 'Object Repository/CERTPAY_ADMIN/PASSWORD' is present

2020-10-15 17:57:33 - [MESSAGE][PASSED] - Object 'Object Repository/CERTPAY_ADMIN/PASSWORD' is visible

2020-10-15 17:57:33 - [MESSAGE][PASSED] - Object 'Object Repository/CERTPAY_ADMIN/PASSWORD' is present

2020-10-15 17:57:35 - [MESSAGE][PASSED] - Text 'Test@123' is set on object 'Object Repository/CERTPAY_ADMIN/PASSWORD'

2020-10-15 17:57:35 - [MESSAGE][PASSED] - Quicksti.ts:Entered'Test@123 into password

2020-10-15 17:57:35 - [MESSAGE][INFO] - safeClicking

2020-10-15 17:57:35 - [MESSAGE][PASSED] - Object 'Object Repository/CERTPAY_ADMIN/LOGIN_BUTTON' is present

2020-10-15 17:57:35 - [MESSAGE][PASSED] - Object 'Object Repository/CERTPAY_ADMIN/LOGIN_BUTTON' is clickable

2020-10-15 17:57:42 - [MESSAGE][PASSED] - Object: 'Object Repository/CERTPAY_ADMIN/LOGIN_BUTTON' is clicked on

2020-10-15 17:57:42 - [MESSAGE][PASSED] - Quicksti.ts:Clicked on the LOGIN

2020-10-15 17:57:42 - [TEST_STEP][PASSED] - utilities.SafeActions.safeClick(findTestObject("CERTPAY_ADMIN/TRANSACTION_MENU"), "TransactionMenu", [pageLoadTime]): Quicksti.ts:Clicked on the TransactionMenu

2020-10-15 17:57:42 - [MESSAGE][INFO] - safeClicking

2020-10-15 17:57:43 - [MESSAGE][PASSED] - Object 'Object Repository/CERTPAY_ADMIN/TRANSACTION_MENU' is present

2020-10-15 17:57:43 - [MESSAGE][PASSED] - Object 'Object Repository/CERTPAY_ADMIN/TRANSACTION_MENU' is clickable

2020-10-15 17:57:44 - [MESSAGE][PASSED] - Object: 'Object Repository/CERTPAY_ADMIN/TRANSACTION_MENU' is clicked on

2020-10-15 17:57:44 - [MESSAGE][PASSED] - Quicksti.ts:Clicked on the TransactionMenu

2020-10-15 17:57:44 - [TEST_STEP][PASSED] - utilities.SafeActions.safeClick(findTestObject("CERTPAY_ADMIN/TRANSACTION_SEARCH"), "TransactionSearch", [pageLoadTime]): Quicksti.ts:Clicked on the TransactionSearch

2020-10-15 17:57:44 - [MESSAGE][INFO] - safeClicking

2020-10-15 17:57:45 - [MESSAGE][PASSED] - Object 'Object Repository/CERTPAY_ADMIN/TRANSACTION_SEARCH' is present

2020-10-15 17:57:45 - [MESSAGE][PASSED] - Object 'Object Repository/CERTPAY_ADMIN/TRANSACTION_SEARCH' is clickable

2020-10-15 17:57:47 - [MESSAGE][PASSED] - Object: 'Object Repository/CERTPAY_ADMIN/TRANSACTION_SEARCH' is clicked on

2020-10-15 17:57:47 - [MESSAGE][PASSED] - Quicksti.ts:Clicked on the TransactionSearch

2020-10-15 17:57:47 - [TEST_STEP][PASSED] - utilities.SafeActions.safeType(findTestObject("CERTPAY_ADMIN/PAYMENT_ID"), paymentId, "Payment id", [pageLoadTime]): Quicksti.ts:Entered'100176129800 into Payment id

2020-10-15 17:57:48 - [MESSAGE][PASSED] - Object 'Object Repository/CERTPAY_ADMIN/PAYMENT_ID' is present

2020-10-15 17:57:48 - [MESSAGE][PASSED] - Object 'Object Repository/CERTPAY_ADMIN/PAYMENT_ID' is visible

2020-10-15 17:57:49 - [MESSAGE][PASSED] - Object 'Object Repository/CERTPAY_ADMIN/PAYMENT_ID' is present

2020-10-15 17:57:50 - [MESSAGE][PASSED] - Text '100176129800' is set on object 'Object Repository/CERTPAY_ADMIN/PAYMENT_ID'

2020-10-15 17:57:50 - [MESSAGE][PASSED] - Quicksti.ts:Entered'100176129800 into Payment id

2020-10-15 17:57:50 - [TEST_STEP][PASSED] - utilities.SafeActions.safeClick(findTestObject("CERTPAY_ADMIN/GO_BUTTON"), "Go button", [pageLoadTime]): Quicksti.ts:Clicked on the Go button

2020-10-15 17:57:50 - [MESSAGE][INFO] - safeClicking

2020-10-15 17:57:50 - [MESSAGE][PASSED] - Object 'Object Repository/CERTPAY_ADMIN/GO_BUTTON' is present

2020-10-15 17:57:50 - [MESSAGE][PASSED] - Object 'Object Repository/CERTPAY_ADMIN/GO_BUTTON' is clickable

2020-10-15 17:57:53 - [MESSAGE][PASSED] - Object: 'Object Repository/CERTPAY_ADMIN/GO_BUTTON' is clicked on

2020-10-15 17:57:53 - [MESSAGE][PASSED] - Quicksti.ts:Clicked on the Go button

2020-10-15 17:57:53 - [TEST_STEP][PASSED] - delay(5): Delayed 5 second(s)

2020-10-15 17:57:58 - [MESSAGE][PASSED] - Delayed 5 second(s)

2020-10-15 17:57:58 - [TEST_STEP][PASSED] - scrollToPosition(800, 900): Browser is scrolled to position x = 800, y = 900

2020-10-15 17:57:58 - [MESSAGE][PASSED] - Browser is scrolled to position x = 800, y = 900

2020-10-15 17:57:58 - [TEST_STEP][PASSED] - pages.Search_Page.validatePaymentAmount(amountList.get(0), ConvFee): Verified payment details successfully 

2020-10-15 17:57:58 - [MESSAGE][PASSED] - Text of object 'Object Repository/CERTPAY_ADMIN/PAYMENT_AMOUNT' is: '$45.00'

2020-10-15 17:57:58 - [MESSAGE][PASSED] - Actual text '45.00' and expected text '45.00' are matched  using regular expression

2020-10-15 17:57:59 - [MESSAGE][PASSED] - Text of object 'Object Repository/CERTPAY_ADMIN/CONV_FEE' is: '$1.13'

2020-10-15 17:57:59 - [MESSAGE][PASSED] - Actual text '1.13' and expected text '1.13' are matched  using regular expression

2020-10-15 17:57:59 - [MESSAGE][PASSED] - Verified payment details successfully 

2020-10-15 17:57:59 - [TEST_STEP][PASSED] - paymentIdList.add(paymentId): null

2020-10-15 17:57:59 - [TEST_STEP][PASSED] - println(paymentIdList): null

2020-10-15 17:57:59 - [TEST_STEP][PASSED] - return paymentIdList: null

2020-10-15 17:57:59 - [TEST_STEP][PASSED] - Start listener action : afterTestCase: Browser is closed

2020-10-15 17:57:59 - [TEST_STEP][PASSED] - closeBrowser(): Browser is closed

2020-10-15 17:58:00 - [MESSAGE][PASSED] - Browser is closed]]></system-out>
         <system-err><![CDATA[]]></system-err>
      </testcase>
      <system-out><![CDATA[2020-10-15 17:43:26 - [TEST_SUITE][PASSED] - Quicksti: Test Cases/Certpay_Quicksti/TC_005_MultiBureauSite_MultiBureaus_MultiLinePayments]]></system-out>
      <system-err><![CDATA[]]></system-err>
   </testsuite>
</testsuites>
