<?xml version="1.0" encoding="UTF-8"?>
<testsuites name="Quicksti" time="2400.99" tests="5" failures="5" errors="0">
   <testsuite name="Quicksti" tests="5" failures="5" errors="0" time="2400.99" timestamp="2020-08-28 12:57:31" hostname="admin - SYS8" id="Test Suites/Certpay_testSuite/Quicksti">
      <properties>
         <property name="deviceName" value=""/>
         <property name="devicePlatform" value=""/>
         <property name="logFolder" value="C:\\Users\\admin\\git\\Sush_Certpay\\Reports\\20200828_125714\\Certpay_testSuite\\Quicksti\\20200828_125715"/>
         <property name="logFiles" value="C:\\Users\\admin\\git\\Sush_Certpay\\Reports\\20200828_125714\\Certpay_testSuite\\Quicksti\\20200828_125715\\execution0.log"/>
         <property name="attachments" value="C:\\Users\\admin\\git\\Sush_Certpay\\Reports\\20200828_125714\\Certpay_testSuite\\Quicksti\\20200828_125715\\1598600174780.png, C:\\Users\\admin\\git\\Sush_Certpay\\Reports\\20200828_125714\\Certpay_testSuite\\Quicksti\\20200828_125715\\1598600175777.png, C:\\Users\\admin\\git\\Sush_Certpay\\Reports\\20200828_125714\\Certpay_testSuite\\Quicksti\\20200828_125715\\1598600356039.png, C:\\Users\\admin\\git\\Sush_Certpay\\Reports\\20200828_125714\\Certpay_testSuite\\Quicksti\\20200828_125715\\1598600796026.png, C:\\Users\\admin\\git\\Sush_Certpay\\Reports\\20200828_125714\\Certpay_testSuite\\Quicksti\\20200828_125715\\1598601042361.png, C:\\Users\\admin\\git\\Sush_Certpay\\Reports\\20200828_125714\\Certpay_testSuite\\Quicksti\\20200828_125715\\1598601042957.png, C:\\Users\\admin\\git\\Sush_Certpay\\Reports\\20200828_125714\\Certpay_testSuite\\Quicksti\\20200828_125715\\1598601274958.png, C:\\Users\\admin\\git\\Sush_Certpay\\Reports\\20200828_125714\\Certpay_testSuite\\Quicksti\\20200828_125715\\1598601686427.png, C:\\Users\\admin\\git\\Sush_Certpay\\Reports\\20200828_125714\\Certpay_testSuite\\Quicksti\\20200828_125715\\1598601687095.png, C:\\Users\\admin\\git\\Sush_Certpay\\Reports\\20200828_125714\\Certpay_testSuite\\Quicksti\\20200828_125715\\1598601946266.png"/>
         <property name="hostName" value="admin - SYS8"/>
         <property name="os" value="Windows 10 32bit"/>
         <property name="katalonVersion" value="7.1.2.1"/>
         <property name="browser" value="Chrome 84.0.4147.135"/>
         <property name="hostAddress" value="172.31.253.251"/>
         <property name="sessionId" value="faf13ce57498462576e4cda83cca4015"/>
         <property name="seleniumVersion" value="3.141.59"/>
         <property name="proxyInformation" value="ProxyInformation{proxyOption=NO_PROXY, proxyServerType=HTTP, password=, proxyServerAddress=, proxyServerPort=0, executionList=}"/>
         <property name="platform" value="Windows 10"/>
      </properties>
      <testcase name="Test Cases/Certpay_Quicksti/TC_001_SingleBureauSite_SingleLinePayment" time="526.076" classname="Test Cases/Certpay_Quicksti/TC_001_SingleBureauSite_SingleLinePayment" status="FAILED">
         <failure type="FAILED" message="Test Cases/Certpay_Quicksti/TC_001_SingleBureauSite_SingleLinePayment FAILED.
Reason:
com.kms.katalon.core.exception.StepFailedException: Unable to verify match
	at com.kms.katalon.core.util.KeywordUtil.markFailed(KeywordUtil.java:19)
	at com.kms.katalon.core.util.KeywordUtil$markFailed$1.call(Unknown Source)
	at pages.Search_Page.validateApprovedTransactionsInReports(Search_Page.groovy:106)
	at pages.Search_Page.invokeMethod(Search_Page.groovy)
	at com.kms.katalon.core.main.CustomKeywordDelegatingMetaClass.invokeStaticMethod(CustomKeywordDelegatingMetaClass.java:50)
	at TC_001_SingleBureauSite_SingleLinePayment.run(TC_001_SingleBureauSite_SingleLinePayment:140)
	at com.kms.katalon.core.main.ScriptEngine.run(ScriptEngine.java:194)
	at com.kms.katalon.core.main.ScriptEngine.runScriptAsRawText(ScriptEngine.java:119)
	at com.kms.katalon.core.main.TestCaseExecutor.runScript(TestCaseExecutor.java:337)
	at com.kms.katalon.core.main.TestCaseExecutor.doExecute(TestCaseExecutor.java:328)
	at com.kms.katalon.core.main.TestCaseExecutor.processExecutionPhase(TestCaseExecutor.java:307)
	at com.kms.katalon.core.main.TestCaseExecutor.accessMainPhase(TestCaseExecutor.java:299)
	at com.kms.katalon.core.main.TestCaseExecutor.execute(TestCaseExecutor.java:233)
	at com.kms.katalon.core.main.TestSuiteExecutor.accessTestCaseMainPhase(TestSuiteExecutor.java:169)
	at com.kms.katalon.core.main.TestSuiteExecutor.accessTestSuiteMainPhase(TestSuiteExecutor.java:142)
	at com.kms.katalon.core.main.TestSuiteExecutor.execute(TestSuiteExecutor.java:91)
	at com.kms.katalon.core.main.TestCaseMain.startTestSuite(TestCaseMain.java:157)
	at com.kms.katalon.core.main.TestCaseMain$startTestSuite$0.call(Unknown Source)
	at TempTestSuite1598599635439.run(TempTestSuite1598599635439.groovy:36)
"/>
         <system-out><![CDATA[2020-08-28 12:57:31 - [TEST_CASE][FAILED] - Test Cases/Certpay_Quicksti/TC_001_SingleBureauSite_SingleLinePayment: Test Cases/Certpay_Quicksti/TC_001_SingleBureauSite_SingleLinePayment FAILED.
Reason:
com.kms.katalon.core.exception.StepFailedException: Unable to verify match
	at com.kms.katalon.core.util.KeywordUtil.markFailed(KeywordUtil.java:19)
	at com.kms.katalon.core.util.KeywordUtil$markFailed$1.call(Unknown Source)
	at pages.Search_Page.validateApprovedTransactionsInReports(Search_Page.groovy:106)
	at pages.Search_Page.invokeMethod(Search_Page.groovy)
	at com.kms.katalon.core.main.CustomKeywordDelegatingMetaClass.invokeStaticMethod(CustomKeywordDelegatingMetaClass.java:50)
	at TC_001_SingleBureauSite_SingleLinePayment.run(TC_001_SingleBureauSite_SingleLinePayment:140)
	at com.kms.katalon.core.main.ScriptEngine.run(ScriptEngine.java:194)
	at com.kms.katalon.core.main.ScriptEngine.runScriptAsRawText(ScriptEngine.java:119)
	at com.kms.katalon.core.main.TestCaseExecutor.runScript(TestCaseExecutor.java:337)
	at com.kms.katalon.core.main.TestCaseExecutor.doExecute(TestCaseExecutor.java:328)
	at com.kms.katalon.core.main.TestCaseExecutor.processExecutionPhase(TestCaseExecutor.java:307)
	at com.kms.katalon.core.main.TestCaseExecutor.accessMainPhase(TestCaseExecutor.java:299)
	at com.kms.katalon.core.main.TestCaseExecutor.execute(TestCaseExecutor.java:233)
	at com.kms.katalon.core.main.TestSuiteExecutor.accessTestCaseMainPhase(TestSuiteExecutor.java:169)
	at com.kms.katalon.core.main.TestSuiteExecutor.accessTestSuiteMainPhase(TestSuiteExecutor.java:142)
	at com.kms.katalon.core.main.TestSuiteExecutor.execute(TestSuiteExecutor.java:91)
	at com.kms.katalon.core.main.TestCaseMain.startTestSuite(TestCaseMain.java:157)
	at com.kms.katalon.core.main.TestCaseMain$startTestSuite$0.call(Unknown Source)
	at TempTestSuite1598599635439.run(TempTestSuite1598599635439.groovy:36)


2020-08-28 12:57:32 - [TEST_STEP][PASSED] - Start listener action : beforeTestCase: null

2020-08-28 12:57:33 - [TEST_STEP][PASSED] - data = findTestData("Data Files/Certpay/SingleBureau_SingleLine"): null

2020-08-28 12:57:41 - [TEST_STEP][PASSED] - paymentIdList = []: null

2020-08-28 12:57:41 - [TEST_STEP][FAILED] - for (def index : (1..data.getRowNumbers())): null

2020-08-28 12:57:41 - [TEST_STEP][PASSED] - firstName = data.getValue("FirstName", index): null

2020-08-28 12:57:41 - [TEST_STEP][PASSED] - lastName = data.getValue("LastName", index): null

2020-08-28 12:57:41 - [TEST_STEP][PASSED] - expMonth = data.getValue("ExpMonth", index): null

2020-08-28 12:57:41 - [TEST_STEP][PASSED] - expYear = data.getValue("ExpYear", index): null

2020-08-28 12:57:41 - [TEST_STEP][PASSED] - securityCode = data.getValue("SecurityCode", index): null

2020-08-28 12:57:41 - [TEST_STEP][PASSED] - paymentAmount = data.getValue("PaymentAmount", index): null

2020-08-28 12:57:41 - [TEST_STEP][PASSED] - paymentType = data.getValue("PaymentType", index): null

2020-08-28 12:57:41 - [TEST_STEP][PASSED] - quantity = data.getValue("Quantity", index): null

2020-08-28 12:57:41 - [TEST_STEP][PASSED] - comments = data.getValue("Comments", index): null

2020-08-28 12:57:41 - [TEST_STEP][PASSED] - referenceNum = data.getValue("ReferenceNum", index): null

2020-08-28 12:57:41 - [TEST_STEP][PASSED] - address = data.getValue("Address", index): null

2020-08-28 12:57:41 - [TEST_STEP][PASSED] - zipCode = data.getValue("Zipcode", index): null

2020-08-28 12:57:41 - [TEST_STEP][PASSED] - telephone = data.getValue("Telephone", index): null

2020-08-28 12:57:41 - [TEST_STEP][PASSED] - emailAddress = data.getValue("EmailAddress", index): null

2020-08-28 12:57:41 - [TEST_STEP][PASSED] - cardNum = data.getValue("CardNumber", index): null

2020-08-28 12:57:41 - [TEST_STEP][PASSED] - cardType = data.getValue("CardType", index): null

2020-08-28 12:57:41 - [TEST_STEP][PASSED] - utilities.SafeActions.openBrowser(Quicksti_Url, [pageLoadTime]): Browser launched successfully

2020-08-28 12:57:41 - [MESSAGE][INFO] - Opening Browser

2020-08-28 12:57:42 - [MESSAGE][INFO] - Starting 'Chrome' driver

2020-08-28 12:57:44 - [MESSAGE][INFO] - Action delay is set to 0 seconds

2020-08-28 12:58:32 - [MESSAGE][PASSED] - Browser is opened with url: 'https://qa-certpayquicksti.faps.net/'

2020-08-28 12:58:35 - [MESSAGE][PASSED] - Current window maximized

2020-08-28 12:58:35 - [MESSAGE][PASSED] - Browser launched successfully

2020-08-28 12:58:35 - [TEST_STEP][PASSED] - utilities.SafeActions.safeType(findTestObject("CERTPAY_QUICKSTI/Login_ Page/BUREAU_CODE"), bureau_code, "Bureau code", [pageLoadTime]): Quicksti.ts:Entered'6100000 into Bureau code

2020-08-28 12:58:35 - [MESSAGE][PASSED] - Object 'Object Repository/CERTPAY_QUICKSTI/Login_ Page/BUREAU_CODE' is present

2020-08-28 12:58:36 - [MESSAGE][PASSED] - Object 'Object Repository/CERTPAY_QUICKSTI/Login_ Page/BUREAU_CODE' is visible

2020-08-28 12:58:36 - [MESSAGE][PASSED] - Object 'Object Repository/CERTPAY_QUICKSTI/Login_ Page/BUREAU_CODE' is present

2020-08-28 12:58:38 - [MESSAGE][PASSED] - Text '6100000' is set on object 'Object Repository/CERTPAY_QUICKSTI/Login_ Page/BUREAU_CODE'

2020-08-28 12:58:38 - [MESSAGE][PASSED] - Quicksti.ts:Entered'6100000 into Bureau code

2020-08-28 12:58:38 - [TEST_STEP][PASSED] - utilities.SafeActions.safeType(findTestObject("CERTPAY_QUICKSTI/Login_ Page/TELLER_ID"), teller_id, "Bureau code", [pageLoadTime]): Quicksti.ts:Entered'zenq into Bureau code

2020-08-28 12:58:38 - [MESSAGE][PASSED] - Object 'Object Repository/CERTPAY_QUICKSTI/Login_ Page/TELLER_ID' is present

2020-08-28 12:58:39 - [MESSAGE][PASSED] - Object 'Object Repository/CERTPAY_QUICKSTI/Login_ Page/TELLER_ID' is visible

2020-08-28 12:58:39 - [MESSAGE][PASSED] - Object 'Object Repository/CERTPAY_QUICKSTI/Login_ Page/TELLER_ID' is present

2020-08-28 12:58:40 - [MESSAGE][PASSED] - Text 'zenq' is set on object 'Object Repository/CERTPAY_QUICKSTI/Login_ Page/TELLER_ID'

2020-08-28 12:58:40 - [MESSAGE][PASSED] - Quicksti.ts:Entered'zenq into Bureau code

2020-08-28 12:58:40 - [TEST_STEP][PASSED] - utilities.SafeActions.safeClick(findTestObject("CERTPAY_QUICKSTI/Login_ Page/NEXT_BUTTON"), "Next button", [pageLoadTime]): Quicksti.ts:Clicked on the Next button

2020-08-28 12:58:40 - [MESSAGE][INFO] - safeClicking

2020-08-28 12:58:40 - [MESSAGE][PASSED] - Object 'Object Repository/CERTPAY_QUICKSTI/Login_ Page/NEXT_BUTTON' is present

2020-08-28 12:58:42 - [MESSAGE][PASSED] - Object 'Object Repository/CERTPAY_QUICKSTI/Login_ Page/NEXT_BUTTON' is clickable

2020-08-28 12:58:47 - [MESSAGE][PASSED] - Object: 'Object Repository/CERTPAY_QUICKSTI/Login_ Page/NEXT_BUTTON' is clicked on

2020-08-28 12:58:47 - [MESSAGE][PASSED] - Quicksti.ts:Clicked on the Next button

2020-08-28 12:58:47 - [TEST_STEP][PASSED] - utilities.SafeActions.safeClick(findTestObject("CERTPAY_QUICKSTI/Payment_Information_Page/MANUAL_ENTRY_BUTTON"), "ManualEntry", [pageLoadTime]): Quicksti.ts:Clicked on the ManualEntry

2020-08-28 12:58:47 - [MESSAGE][INFO] - safeClicking

2020-08-28 12:58:48 - [MESSAGE][PASSED] - Object 'Object Repository/CERTPAY_QUICKSTI/Payment_Information_Page/MANUAL_ENTRY_BUTTON' is present

2020-08-28 12:58:48 - [MESSAGE][PASSED] - Object 'Object Repository/CERTPAY_QUICKSTI/Payment_Information_Page/MANUAL_ENTRY_BUTTON' is clickable

2020-08-28 12:58:50 - [MESSAGE][PASSED] - Object: 'Object Repository/CERTPAY_QUICKSTI/Payment_Information_Page/MANUAL_ENTRY_BUTTON' is clicked on

2020-08-28 12:58:50 - [MESSAGE][PASSED] - Quicksti.ts:Clicked on the ManualEntry

2020-08-28 12:58:50 - [TEST_STEP][PASSED] - CardNumber = pages.Quicksti.setUserPaymentDetails(firstName, lastName, cardNum): Quicksti.ts:Entered'4761739001010135 into CardNum

2020-08-28 12:58:50 - [MESSAGE][PASSED] - Object 'Object Repository/CERTPAY_QUICKSTI/Payment_Information_Page/FIRST_NAME' is present

2020-08-28 12:58:51 - [MESSAGE][PASSED] - Object 'Object Repository/CERTPAY_QUICKSTI/Payment_Information_Page/FIRST_NAME' is visible

2020-08-28 12:58:51 - [MESSAGE][PASSED] - Object 'Object Repository/CERTPAY_QUICKSTI/Payment_Information_Page/FIRST_NAME' is present

2020-08-28 12:58:52 - [MESSAGE][PASSED] - Text 'Tester' is set on object 'Object Repository/CERTPAY_QUICKSTI/Payment_Information_Page/FIRST_NAME'

2020-08-28 12:58:52 - [MESSAGE][PASSED] - Quicksti.ts:Entered'Tester into FirstName

2020-08-28 12:58:53 - [MESSAGE][PASSED] - Object 'Object Repository/CERTPAY_QUICKSTI/Payment_Information_Page/LAST_NAME' is present

2020-08-28 12:58:53 - [MESSAGE][PASSED] - Object 'Object Repository/CERTPAY_QUICKSTI/Payment_Information_Page/LAST_NAME' is visible

2020-08-28 12:58:53 - [MESSAGE][PASSED] - Object 'Object Repository/CERTPAY_QUICKSTI/Payment_Information_Page/LAST_NAME' is present

2020-08-28 12:58:55 - [MESSAGE][PASSED] - Text 'Zenq1' is set on object 'Object Repository/CERTPAY_QUICKSTI/Payment_Information_Page/LAST_NAME'

2020-08-28 12:58:55 - [MESSAGE][PASSED] - Quicksti.ts:Entered'Zenq1 into LAstName

2020-08-28 12:58:55 - [MESSAGE][PASSED] - Object 'Object Repository/CERTPAY_QUICKSTI/Payment_Information_Page/CARD_NUMBER' is present

2020-08-28 12:58:55 - [MESSAGE][PASSED] - Object 'Object Repository/CERTPAY_QUICKSTI/Payment_Information_Page/CARD_NUMBER' is visible

2020-08-28 12:58:56 - [MESSAGE][PASSED] - Object 'Object Repository/CERTPAY_QUICKSTI/Payment_Information_Page/CARD_NUMBER' is present

2020-08-28 12:58:57 - [MESSAGE][PASSED] - Text '4761739001010135' is set on object 'Object Repository/CERTPAY_QUICKSTI/Payment_Information_Page/CARD_NUMBER'

2020-08-28 12:58:57 - [MESSAGE][PASSED] - Quicksti.ts:Entered'4761739001010135 into CardNum

2020-08-28 12:58:57 - [TEST_STEP][PASSED] - utilities.SafeActions.safeSelectOptionInDropdownByVisibleText(findTestObject("CERTPAY_QUICKSTI/Payment_Information_Page/PAYMENT_TYPE"), paymentType, "paymentType", [pageLoadTime]): selected dropdown option by visible text  Taxesfrom paymentType

2020-08-28 12:58:57 - [MESSAGE][PASSED] - Object 'Object Repository/CERTPAY_QUICKSTI/Payment_Information_Page/PAYMENT_TYPE' is visible

2020-08-28 12:58:58 - [MESSAGE][PASSED] - Object 'Object Repository/CERTPAY_QUICKSTI/Payment_Information_Page/PAYMENT_TYPE' is present

2020-08-28 12:58:59 - [MESSAGE][PASSED] - Object: 'Object Repository/CERTPAY_QUICKSTI/Payment_Information_Page/PAYMENT_TYPE' is clicked on

2020-08-28 12:59:00 - [MESSAGE][PASSED] - All options with label 'Taxes' are selected in object 'Object Repository/CERTPAY_QUICKSTI/Payment_Information_Page/PAYMENT_TYPE'  using regular expression

2020-08-28 12:59:00 - [MESSAGE][PASSED] - selected dropdown option by visible text  Taxesfrom paymentType

2020-08-28 12:59:00 - [TEST_STEP][PASSED] - pages.Quicksti.setExpDate(expMonth, expYear, securityCode): Quicksti.ts:Entered'207 into securityCode

2020-08-28 12:59:01 - [MESSAGE][PASSED] - Object 'Object Repository/CERTPAY_QUICKSTI/Payment_Information_Page/EXP_MONTH' is visible

2020-08-28 12:59:01 - [MESSAGE][PASSED] - Object 'Object Repository/CERTPAY_QUICKSTI/Payment_Information_Page/EXP_MONTH' is present

2020-08-28 12:59:02 - [MESSAGE][PASSED] - Object: 'Object Repository/CERTPAY_QUICKSTI/Payment_Information_Page/EXP_MONTH' is clicked on

2020-08-28 12:59:04 - [MESSAGE][PASSED] - All options with label '03' are selected in object 'Object Repository/CERTPAY_QUICKSTI/Payment_Information_Page/EXP_MONTH'  using regular expression

2020-08-28 12:59:04 - [MESSAGE][PASSED] - selected dropdown option by visible text  03from expMonth

2020-08-28 12:59:04 - [MESSAGE][PASSED] - Object 'Object Repository/CERTPAY_QUICKSTI/Payment_Information_Page/EXP_YEAR' is visible

2020-08-28 12:59:04 - [MESSAGE][PASSED] - Object 'Object Repository/CERTPAY_QUICKSTI/Payment_Information_Page/EXP_YEAR' is present

2020-08-28 12:59:06 - [MESSAGE][PASSED] - Object: 'Object Repository/CERTPAY_QUICKSTI/Payment_Information_Page/EXP_YEAR' is clicked on

2020-08-28 12:59:07 - [MESSAGE][PASSED] - All options with label '2022' are selected in object 'Object Repository/CERTPAY_QUICKSTI/Payment_Information_Page/EXP_YEAR'  using regular expression

2020-08-28 12:59:07 - [MESSAGE][PASSED] - selected dropdown option by visible text  2022from  expYear

2020-08-28 12:59:08 - [MESSAGE][PASSED] - Object 'Object Repository/CERTPAY_QUICKSTI/Payment_Information_Page/SECURITY_CODE' is present

2020-08-28 12:59:08 - [MESSAGE][PASSED] - Object 'Object Repository/CERTPAY_QUICKSTI/Payment_Information_Page/SECURITY_CODE' is visible

2020-08-28 12:59:08 - [MESSAGE][PASSED] - Object 'Object Repository/CERTPAY_QUICKSTI/Payment_Information_Page/SECURITY_CODE' is present

2020-08-28 12:59:09 - [MESSAGE][PASSED] - Text '207' is set on object 'Object Repository/CERTPAY_QUICKSTI/Payment_Information_Page/SECURITY_CODE'

2020-08-28 12:59:09 - [MESSAGE][PASSED] - Quicksti.ts:Entered'207 into securityCode

2020-08-28 12:59:09 - [TEST_STEP][PASSED] - pages.Quicksti.setPaymentAmountDetailsForSinglePayment(paymentAmount, quantity): Quicksti.ts:Entered'1 into Quantity

2020-08-28 12:59:10 - [MESSAGE][PASSED] - Object 'Object Repository/CERTPAY_QUICKSTI/Payment_Information_Page/PAYMENT_AMOUNT' is present

2020-08-28 12:59:10 - [MESSAGE][PASSED] - Object 'Object Repository/CERTPAY_QUICKSTI/Payment_Information_Page/PAYMENT_AMOUNT' is visible

2020-08-28 12:59:10 - [MESSAGE][PASSED] - Object 'Object Repository/CERTPAY_QUICKSTI/Payment_Information_Page/PAYMENT_AMOUNT' is present

2020-08-28 12:59:12 - [MESSAGE][PASSED] - Text '20.00' is set on object 'Object Repository/CERTPAY_QUICKSTI/Payment_Information_Page/PAYMENT_AMOUNT'

2020-08-28 12:59:12 - [MESSAGE][PASSED] - Quicksti.ts:Entered'20.00 into amount

2020-08-28 12:59:12 - [MESSAGE][PASSED] - Object 'Object Repository/CERTPAY_QUICKSTI/Payment_Information_Page/QUANTITY' is present

2020-08-28 12:59:13 - [MESSAGE][PASSED] - Object 'Object Repository/CERTPAY_QUICKSTI/Payment_Information_Page/QUANTITY' is visible

2020-08-28 12:59:13 - [MESSAGE][PASSED] - Object 'Object Repository/CERTPAY_QUICKSTI/Payment_Information_Page/QUANTITY' is present

2020-08-28 12:59:14 - [MESSAGE][PASSED] - Text '1' is set on object 'Object Repository/CERTPAY_QUICKSTI/Payment_Information_Page/QUANTITY'

2020-08-28 12:59:14 - [MESSAGE][PASSED] - Quicksti.ts:Entered'1 into Quantity

2020-08-28 12:59:14 - [TEST_STEP][PASSED] - utilities.SafeActions.safeType(findTestObject("CERTPAY_QUICKSTI/Payment_Information_Page/REFRENCE_NUMBER"), referenceNum, "Reference Number", [pageLoadTime]): Quicksti.ts:Entered'11 into Reference Number

2020-08-28 12:59:15 - [MESSAGE][PASSED] - Object 'Object Repository/CERTPAY_QUICKSTI/Payment_Information_Page/REFRENCE_NUMBER' is present

2020-08-28 12:59:15 - [MESSAGE][PASSED] - Object 'Object Repository/CERTPAY_QUICKSTI/Payment_Information_Page/REFRENCE_NUMBER' is visible

2020-08-28 12:59:15 - [MESSAGE][PASSED] - Object 'Object Repository/CERTPAY_QUICKSTI/Payment_Information_Page/REFRENCE_NUMBER' is present

2020-08-28 12:59:17 - [MESSAGE][PASSED] - Text '11' is set on object 'Object Repository/CERTPAY_QUICKSTI/Payment_Information_Page/REFRENCE_NUMBER'

2020-08-28 12:59:17 - [MESSAGE][PASSED] - Quicksti.ts:Entered'11 into Reference Number

2020-08-28 12:59:17 - [TEST_STEP][PASSED] - amount_Value = pages.Quicksti.getAttributeValue(findTestObject("CERTPAY_QUICKSTI/Payment_Information_Page/SUB_TOTAL")): pages.Quicksti.getAttributeValue is PASSED

2020-08-28 12:59:17 - [MESSAGE][PASSED] - Attribute 'value' of object 'Object Repository/CERTPAY_QUICKSTI/Payment_Information_Page/SUB_TOTAL' is: '20.00'

2020-08-28 12:59:17 - [MESSAGE][PASSED] - pages.Quicksti.getAttributeValue is PASSED

2020-08-28 12:59:17 - [TEST_STEP][PASSED] - utilities.SafeActions.safeType(findTestObject("CERTPAY_QUICKSTI/Payment_Information_Page/COMMENTS"), "Testing", "Comments", [pageLoadTime]): Quicksti.ts:Entered'Testing into Comments

2020-08-28 12:59:18 - [MESSAGE][PASSED] - Object 'Object Repository/CERTPAY_QUICKSTI/Payment_Information_Page/COMMENTS' is present

2020-08-28 12:59:18 - [MESSAGE][PASSED] - Object 'Object Repository/CERTPAY_QUICKSTI/Payment_Information_Page/COMMENTS' is visible

2020-08-28 12:59:18 - [MESSAGE][PASSED] - Object 'Object Repository/CERTPAY_QUICKSTI/Payment_Information_Page/COMMENTS' is present

2020-08-28 12:59:20 - [MESSAGE][PASSED] - Text 'Testing' is set on object 'Object Repository/CERTPAY_QUICKSTI/Payment_Information_Page/COMMENTS'

2020-08-28 12:59:20 - [MESSAGE][PASSED] - Quicksti.ts:Entered'Testing into Comments

2020-08-28 12:59:20 - [TEST_STEP][PASSED] - utilities.SafeActions.safeType(findTestObject("CERTPAY_QUICKSTI/Payment_Information_Page/ADDRESS"), address, "Address", [pageLoadTime]): Quicksti.ts:Entered'14-2 into Address

2020-08-28 12:59:20 - [MESSAGE][PASSED] - Object 'Object Repository/CERTPAY_QUICKSTI/Payment_Information_Page/ADDRESS' is present

2020-08-28 12:59:20 - [MESSAGE][PASSED] - Object 'Object Repository/CERTPAY_QUICKSTI/Payment_Information_Page/ADDRESS' is visible

2020-08-28 12:59:21 - [MESSAGE][PASSED] - Object 'Object Repository/CERTPAY_QUICKSTI/Payment_Information_Page/ADDRESS' is present

2020-08-28 12:59:22 - [MESSAGE][PASSED] - Text '14-2' is set on object 'Object Repository/CERTPAY_QUICKSTI/Payment_Information_Page/ADDRESS'

2020-08-28 12:59:22 - [MESSAGE][PASSED] - Quicksti.ts:Entered'14-2 into Address

2020-08-28 12:59:22 - [TEST_STEP][PASSED] - utilities.SafeActions.safeType(findTestObject("CERTPAY_QUICKSTI/Payment_Information_Page/ZIP_CODE"), zipCode, "zipcode", [pageLoadTime]): Quicksti.ts:Entered'76102 into zipcode

2020-08-28 12:59:22 - [MESSAGE][PASSED] - Object 'Object Repository/CERTPAY_QUICKSTI/Payment_Information_Page/ZIP_CODE' is present

2020-08-28 12:59:23 - [MESSAGE][PASSED] - Object 'Object Repository/CERTPAY_QUICKSTI/Payment_Information_Page/ZIP_CODE' is visible

2020-08-28 12:59:23 - [MESSAGE][PASSED] - Object 'Object Repository/CERTPAY_QUICKSTI/Payment_Information_Page/ZIP_CODE' is present

2020-08-28 12:59:24 - [MESSAGE][PASSED] - Text '76102' is set on object 'Object Repository/CERTPAY_QUICKSTI/Payment_Information_Page/ZIP_CODE'

2020-08-28 12:59:24 - [MESSAGE][PASSED] - Quicksti.ts:Entered'76102 into zipcode

2020-08-28 12:59:24 - [TEST_STEP][PASSED] - utilities.SafeActions.safeType(findTestObject("CERTPAY_QUICKSTI/Payment_Information_Page/TELEPHONE"), telephone, "Telephone", [pageLoadTime]): Quicksti.ts:Entered'9988776655 into Telephone

2020-08-28 12:59:25 - [MESSAGE][PASSED] - Object 'Object Repository/CERTPAY_QUICKSTI/Payment_Information_Page/TELEPHONE' is present

2020-08-28 12:59:25 - [MESSAGE][PASSED] - Object 'Object Repository/CERTPAY_QUICKSTI/Payment_Information_Page/TELEPHONE' is visible

2020-08-28 12:59:25 - [MESSAGE][PASSED] - Object 'Object Repository/CERTPAY_QUICKSTI/Payment_Information_Page/TELEPHONE' is present

2020-08-28 12:59:27 - [MESSAGE][PASSED] - Text '9988776655' is set on object 'Object Repository/CERTPAY_QUICKSTI/Payment_Information_Page/TELEPHONE'

2020-08-28 12:59:27 - [MESSAGE][PASSED] - Quicksti.ts:Entered'9988776655 into Telephone

2020-08-28 12:59:27 - [TEST_STEP][PASSED] - utilities.SafeActions.safeType(findTestObject("CERTPAY_QUICKSTI/Payment_Information_Page/EMAIL_ADDRESS"), emailAddress, "EMAIL address", [pageLoadTime]): Quicksti.ts:Entered'testing@zenq.com into EMAIL address

2020-08-28 12:59:27 - [MESSAGE][PASSED] - Object 'Object Repository/CERTPAY_QUICKSTI/Payment_Information_Page/EMAIL_ADDRESS' is present

2020-08-28 12:59:27 - [MESSAGE][PASSED] - Object 'Object Repository/CERTPAY_QUICKSTI/Payment_Information_Page/EMAIL_ADDRESS' is visible

2020-08-28 12:59:28 - [MESSAGE][PASSED] - Object 'Object Repository/CERTPAY_QUICKSTI/Payment_Information_Page/EMAIL_ADDRESS' is present

2020-08-28 12:59:29 - [MESSAGE][PASSED] - Text 'testing@zenq.com' is set on object 'Object Repository/CERTPAY_QUICKSTI/Payment_Information_Page/EMAIL_ADDRESS'

2020-08-28 12:59:29 - [MESSAGE][PASSED] - Quicksti.ts:Entered'testing@zenq.com into EMAIL address

2020-08-28 12:59:29 - [TEST_STEP][PASSED] - utilities.SafeActions.safeClick(findTestObject("CERTPAY_QUICKSTI/Payment_Information_Page/NEXT_BUTTON"), "Next", [pageLoadTime]): Quicksti.ts:Clicked on the Next

2020-08-28 12:59:29 - [MESSAGE][INFO] - safeClicking

2020-08-28 12:59:29 - [MESSAGE][PASSED] - Object 'Object Repository/CERTPAY_QUICKSTI/Payment_Information_Page/NEXT_BUTTON' is present

2020-08-28 12:59:30 - [MESSAGE][PASSED] - Object 'Object Repository/CERTPAY_QUICKSTI/Payment_Information_Page/NEXT_BUTTON' is clickable

2020-08-28 12:59:33 - [MESSAGE][PASSED] - Object: 'Object Repository/CERTPAY_QUICKSTI/Payment_Information_Page/NEXT_BUTTON' is clicked on

2020-08-28 12:59:33 - [MESSAGE][PASSED] - Quicksti.ts:Clicked on the Next

2020-08-28 12:59:33 - [TEST_STEP][PASSED] - pages.Quicksti.verifyUserPaymentDetails(paymentAmount, firstName, lastName, CardNumber): pages.Quicksti.verifyUserPaymentDetails is PASSED

2020-08-28 12:59:34 - [MESSAGE][PASSED] - Text of object 'Object Repository/CERTPAY_QUICKSTI/Payment_Details_Verification_Page/AMOUNT' is: '$20.00'

2020-08-28 12:59:34 - [MESSAGE][PASSED] - Actual text '20.00' and expected text '20.00' are matched  using regular expression

2020-08-28 12:59:34 - [MESSAGE][PASSED] - Text of object 'Object Repository/CERTPAY_QUICKSTI/Payment_Details_Verification_Page/NAME' is: 'Tester Zenq1'

2020-08-28 12:59:34 - [MESSAGE][PASSED] - Actual text 'Tester Zenq1' and expected text 'Tester Zenq1' are matched  using regular expression

2020-08-28 12:59:35 - [MESSAGE][PASSED] - Text of object 'Object Repository/CERTPAY_QUICKSTI/Payment_Details_Verification_Page/CARD_NUMBER' is: '...0135'

2020-08-28 12:59:35 - [MESSAGE][PASSED] - Actual text '0135' and expected text '0135' are matched  using regular expression

2020-08-28 12:59:35 - [MESSAGE][PASSED] - pages.Quicksti.verifyUserPaymentDetails is PASSED

2020-08-28 12:59:35 - [TEST_STEP][PASSED] - delay(2): Delayed 2 second(s)

2020-08-28 12:59:37 - [MESSAGE][PASSED] - Delayed 2 second(s)

2020-08-28 12:59:37 - [TEST_STEP][PASSED] - scrollToElement(findTestObject("CERTPAY_QUICKSTI/Payment_Details_Verification_Page/PROCESS"), 0): Scroll to object 'Object Repository/CERTPAY_QUICKSTI/Payment_Details_Verification_Page/PROCESS' successfully

2020-08-28 12:59:37 - [MESSAGE][WARNING] - Timeout '0' is invalid. Using default page load timeout: '30'

2020-08-28 12:59:37 - [MESSAGE][PASSED] - Scroll to object 'Object Repository/CERTPAY_QUICKSTI/Payment_Details_Verification_Page/PROCESS' successfully

2020-08-28 12:59:37 - [TEST_STEP][PASSED] - utilities.SafeActions.safeClick(findTestObject("CERTPAY_QUICKSTI/Payment_Details_Verification_Page/PROCESS"), "Process", [pageLoadTime]): Quicksti.ts:Clicked on the Process

2020-08-28 12:59:37 - [MESSAGE][INFO] - safeClicking

2020-08-28 12:59:38 - [MESSAGE][PASSED] - Object 'Object Repository/CERTPAY_QUICKSTI/Payment_Details_Verification_Page/PROCESS' is present

2020-08-28 12:59:38 - [MESSAGE][PASSED] - Object 'Object Repository/CERTPAY_QUICKSTI/Payment_Details_Verification_Page/PROCESS' is clickable

2020-08-28 12:59:44 - [MESSAGE][PASSED] - Object: 'Object Repository/CERTPAY_QUICKSTI/Payment_Details_Verification_Page/PROCESS' is clicked on

2020-08-28 12:59:44 - [MESSAGE][PASSED] - Quicksti.ts:Clicked on the Process

2020-08-28 12:59:44 - [TEST_STEP][PASSED] - paymentId = pages.Quicksti.verifyPaymentApproval(findTestObject("CERTPAY_QUICKSTI/Payment_Details_Verification_Page/APPROVED")): Payment is approved

2020-08-28 12:59:45 - [MESSAGE][PASSED] - Text of object 'Object Repository/CERTPAY_QUICKSTI/Payment_Details_Verification_Page/PAYMENT_ID' is: '100176102032'

2020-08-28 12:59:45 - [MESSAGE][PASSED] - Object 'Object Repository/CERTPAY_QUICKSTI/Payment_Details_Verification_Page/APPROVED' is present

2020-08-28 12:59:45 - [MESSAGE][PASSED] - Payment is approved

2020-08-28 12:59:47 - [TEST_STEP][PASSED] - navigateToUrl(Reports_url): Navigate to 'https://qa-certpayreports.faps.net/BureauLogin/login.aspx' successfully

2020-08-28 12:59:54 - [MESSAGE][PASSED] - Navigate to 'https://qa-certpayreports.faps.net/BureauLogin/login.aspx' successfully

2020-08-28 12:59:54 - [TEST_STEP][PASSED] - pages.Bureau_Login_Page.loginToReportsSite(userName, password, accessCode): Quicksti.ts:Clicked on the LOGIN

2020-08-28 12:59:54 - [MESSAGE][PASSED] - Object 'Object Repository/MAKE_ PAYMENT/Home_ Page/USER_NAME' is present

2020-08-28 12:59:54 - [MESSAGE][PASSED] - Object 'Object Repository/MAKE_ PAYMENT/Home_ Page/USER_NAME' is visible

2020-08-28 12:59:55 - [MESSAGE][PASSED] - Object 'Object Repository/MAKE_ PAYMENT/Home_ Page/USER_NAME' is present

2020-08-28 12:59:56 - [MESSAGE][PASSED] - Text 'ZenQ' is set on object 'Object Repository/MAKE_ PAYMENT/Home_ Page/USER_NAME'

2020-08-28 12:59:56 - [MESSAGE][PASSED] - Quicksti.ts:Entered'ZenQ into username

2020-08-28 12:59:56 - [MESSAGE][PASSED] - Object 'Object Repository/MAKE_ PAYMENT/Home_ Page/BUREAU_PASSWORD' is present

2020-08-28 12:59:57 - [MESSAGE][PASSED] - Object 'Object Repository/MAKE_ PAYMENT/Home_ Page/BUREAU_PASSWORD' is visible

2020-08-28 12:59:57 - [MESSAGE][PASSED] - Object 'Object Repository/MAKE_ PAYMENT/Home_ Page/BUREAU_PASSWORD' is present

2020-08-28 12:59:58 - [MESSAGE][PASSED] - Text 'Zenq@123' is set on object 'Object Repository/MAKE_ PAYMENT/Home_ Page/BUREAU_PASSWORD'

2020-08-28 12:59:58 - [MESSAGE][PASSED] - Quicksti.ts:Entered'Zenq@123 into password

2020-08-28 12:59:59 - [MESSAGE][PASSED] - Object 'Object Repository/MAKE_ PAYMENT/Home_ Page/BUREAU_ACCESS_CODE' is present

2020-08-28 12:59:59 - [MESSAGE][PASSED] - Object 'Object Repository/MAKE_ PAYMENT/Home_ Page/BUREAU_ACCESS_CODE' is visible

2020-08-28 12:59:59 - [MESSAGE][PASSED] - Object 'Object Repository/MAKE_ PAYMENT/Home_ Page/BUREAU_ACCESS_CODE' is present

2020-08-28 13:00:00 - [MESSAGE][PASSED] - Text 'certpaytest' is set on object 'Object Repository/MAKE_ PAYMENT/Home_ Page/BUREAU_ACCESS_CODE'

2020-08-28 13:00:00 - [MESSAGE][PASSED] - Quicksti.ts:Entered'certpaytest into AccessCode

2020-08-28 13:00:01 - [MESSAGE][INFO] - safeClicking

2020-08-28 13:00:01 - [MESSAGE][PASSED] - Object 'Object Repository/MAKE_ PAYMENT/Home_ Page/LOGIN_BUTTON' is present

2020-08-28 13:00:01 - [MESSAGE][PASSED] - Object 'Object Repository/MAKE_ PAYMENT/Home_ Page/LOGIN_BUTTON' is clickable

2020-08-28 13:00:06 - [MESSAGE][PASSED] - Object: 'Object Repository/MAKE_ PAYMENT/Home_ Page/LOGIN_BUTTON' is clicked on

2020-08-28 13:00:06 - [MESSAGE][PASSED] - Quicksti.ts:Clicked on the LOGIN

2020-08-28 13:00:06 - [TEST_STEP][PASSED] - utilities.SafeActions.safeClick(findTestObject("SEARCH_PAYMENT/REPORTING"), "Reporting", [pageLoadTime]): Quicksti.ts:Clicked on the Reporting

2020-08-28 13:00:06 - [MESSAGE][INFO] - safeClicking

2020-08-28 13:00:07 - [MESSAGE][PASSED] - Object 'Object Repository/SEARCH_PAYMENT/REPORTING' is present

2020-08-28 13:00:07 - [MESSAGE][PASSED] - Object 'Object Repository/SEARCH_PAYMENT/REPORTING' is clickable

2020-08-28 13:00:08 - [MESSAGE][PASSED] - Object: 'Object Repository/SEARCH_PAYMENT/REPORTING' is clicked on

2020-08-28 13:00:08 - [MESSAGE][PASSED] - Quicksti.ts:Clicked on the Reporting

2020-08-28 13:00:08 - [TEST_STEP][PASSED] - utilities.SafeActions.safeClick(findTestObject("SEARCH_PAYMENT/REPORTING"), "Reporting", [pageLoadTime]): Quicksti.ts:Clicked on the Reporting

2020-08-28 13:00:08 - [MESSAGE][INFO] - safeClicking

2020-08-28 13:00:09 - [MESSAGE][PASSED] - Object 'Object Repository/SEARCH_PAYMENT/REPORTING' is present

2020-08-28 13:00:09 - [MESSAGE][PASSED] - Object 'Object Repository/SEARCH_PAYMENT/REPORTING' is clickable

2020-08-28 13:00:10 - [MESSAGE][PASSED] - Object: 'Object Repository/SEARCH_PAYMENT/REPORTING' is clicked on

2020-08-28 13:00:10 - [MESSAGE][PASSED] - Quicksti.ts:Clicked on the Reporting

2020-08-28 13:00:10 - [TEST_STEP][PASSED] - utilities.SafeActions.safeClick(findTestObject("SEARCH_PAYMENT/QUICK_FIND_PAYMENT"), "Quick find payment", [pageLoadTime]): Quicksti.ts:Clicked on the Quick find payment

2020-08-28 13:00:10 - [MESSAGE][INFO] - safeClicking

2020-08-28 13:00:11 - [MESSAGE][PASSED] - Object 'Object Repository/SEARCH_PAYMENT/QUICK_FIND_PAYMENT' is present

2020-08-28 13:00:11 - [MESSAGE][PASSED] - Object 'Object Repository/SEARCH_PAYMENT/QUICK_FIND_PAYMENT' is clickable

2020-08-28 13:00:14 - [MESSAGE][PASSED] - Object: 'Object Repository/SEARCH_PAYMENT/QUICK_FIND_PAYMENT' is clicked on

2020-08-28 13:00:14 - [MESSAGE][PASSED] - Quicksti.ts:Clicked on the Quick find payment

2020-08-28 13:00:14 - [TEST_STEP][PASSED] - utilities.SafeActions.safeType(findTestObject("SEARCH_PAYMENT/PAYMENT_ID_INPUT_FIELD"), paymentId, "Payment id", [pageLoadTime]): Quicksti.ts:Entered'100176102032 into Payment id

2020-08-28 13:00:14 - [MESSAGE][PASSED] - Object 'Object Repository/SEARCH_PAYMENT/PAYMENT_ID_INPUT_FIELD' is present

2020-08-28 13:00:15 - [MESSAGE][PASSED] - Object 'Object Repository/SEARCH_PAYMENT/PAYMENT_ID_INPUT_FIELD' is visible

2020-08-28 13:00:15 - [MESSAGE][PASSED] - Object 'Object Repository/SEARCH_PAYMENT/PAYMENT_ID_INPUT_FIELD' is present

2020-08-28 13:00:16 - [MESSAGE][PASSED] - Text '100176102032' is set on object 'Object Repository/SEARCH_PAYMENT/PAYMENT_ID_INPUT_FIELD'

2020-08-28 13:00:16 - [MESSAGE][PASSED] - Quicksti.ts:Entered'100176102032 into Payment id

2020-08-28 13:00:16 - [TEST_STEP][PASSED] - utilities.SafeActions.safeClick(findTestObject("SEARCH_PAYMENT/SEARCH_BUTTON_1"), "Search button", [pageLoadTime]): Quicksti.ts:Clicked on the Search button

2020-08-28 13:00:16 - [MESSAGE][INFO] - safeClicking

2020-08-28 13:00:17 - [MESSAGE][PASSED] - Object 'Object Repository/SEARCH_PAYMENT/SEARCH_BUTTON_1' is present

2020-08-28 13:00:17 - [MESSAGE][PASSED] - Object 'Object Repository/SEARCH_PAYMENT/SEARCH_BUTTON_1' is clickable

2020-08-28 13:00:21 - [MESSAGE][PASSED] - Object: 'Object Repository/SEARCH_PAYMENT/SEARCH_BUTTON_1' is clicked on

2020-08-28 13:00:21 - [MESSAGE][PASSED] - Quicksti.ts:Clicked on the Search button

2020-08-28 13:00:21 - [TEST_STEP][PASSED] - pages.Search_Page.validateApprovedTransactionsInReports(paymentId, cardType, amount_Value): Verified payment details successfully 

2020-08-28 13:00:21 - [MESSAGE][PASSED] - Text of object 'Object Repository/SEARCH_PAYMENT/REPORTS_PAYMNET_ID' is: '100176102032'

2020-08-28 13:00:21 - [MESSAGE][PASSED] - Actual text '100176102032' and expected text '100176102032' are matched  using regular expression

2020-08-28 13:00:21 - [MESSAGE][PASSED] - Text of object 'Object Repository/SEARCH_PAYMENT/REPORTS_CARD_TYPE' is: 'Visa'

2020-08-28 13:00:21 - [MESSAGE][PASSED] - Actual text 'Visa' and expected text 'Visa' are matched  using regular expression

2020-08-28 13:00:22 - [MESSAGE][PASSED] - Text of object 'Object Repository/SEARCH_PAYMENT/REPORTS_AMOUNT' is: '$20.00'

2020-08-28 13:00:22 - [MESSAGE][PASSED] - Actual text '20.00' and expected text '20.00' are matched  using regular expression

2020-08-28 13:00:22 - [MESSAGE][PASSED] - Verified payment details successfully 

2020-08-28 13:00:22 - [TEST_STEP][PASSED] - paymentIdList.add(paymentId): null

2020-08-28 13:00:22 - [TEST_STEP][PASSED] - println(paymentIdList): null

2020-08-28 13:00:22 - [TEST_STEP][PASSED] - firstName = data.getValue("FirstName", index): null

2020-08-28 13:00:22 - [TEST_STEP][PASSED] - lastName = data.getValue("LastName", index): null

2020-08-28 13:00:22 - [TEST_STEP][PASSED] - expMonth = data.getValue("ExpMonth", index): null

2020-08-28 13:00:22 - [TEST_STEP][PASSED] - expYear = data.getValue("ExpYear", index): null

2020-08-28 13:00:22 - [TEST_STEP][PASSED] - securityCode = data.getValue("SecurityCode", index): null

2020-08-28 13:00:22 - [TEST_STEP][PASSED] - paymentAmount = data.getValue("PaymentAmount", index): null

2020-08-28 13:00:22 - [TEST_STEP][PASSED] - paymentType = data.getValue("PaymentType", index): null

2020-08-28 13:00:22 - [TEST_STEP][PASSED] - quantity = data.getValue("Quantity", index): null

2020-08-28 13:00:22 - [TEST_STEP][PASSED] - comments = data.getValue("Comments", index): null

2020-08-28 13:00:22 - [TEST_STEP][PASSED] - referenceNum = data.getValue("ReferenceNum", index): null

2020-08-28 13:00:22 - [TEST_STEP][PASSED] - address = data.getValue("Address", index): null

2020-08-28 13:00:22 - [TEST_STEP][PASSED] - zipCode = data.getValue("Zipcode", index): null

2020-08-28 13:00:22 - [TEST_STEP][PASSED] - telephone = data.getValue("Telephone", index): null

2020-08-28 13:00:22 - [TEST_STEP][PASSED] - emailAddress = data.getValue("EmailAddress", index): null

2020-08-28 13:00:22 - [TEST_STEP][PASSED] - cardNum = data.getValue("CardNumber", index): null

2020-08-28 13:00:22 - [TEST_STEP][PASSED] - cardType = data.getValue("CardType", index): null

2020-08-28 13:00:22 - [TEST_STEP][PASSED] - utilities.SafeActions.openBrowser(Quicksti_Url, [pageLoadTime]): Browser launched successfully

2020-08-28 13:00:22 - [MESSAGE][INFO] - Opening Browser

2020-08-28 13:00:22 - [MESSAGE][WARNING] - A browser is already opened. Closing browser and opening a new one

2020-08-28 13:00:23 - [MESSAGE][INFO] - Starting 'Chrome' driver

2020-08-28 13:00:34 - [MESSAGE][PASSED] - Browser is opened with url: 'https://qa-certpayquicksti.faps.net/'

2020-08-28 13:00:36 - [MESSAGE][PASSED] - Current window maximized

2020-08-28 13:00:36 - [MESSAGE][PASSED] - Browser launched successfully

2020-08-28 13:00:36 - [TEST_STEP][PASSED] - utilities.SafeActions.safeType(findTestObject("CERTPAY_QUICKSTI/Login_ Page/BUREAU_CODE"), bureau_code, "Bureau code", [pageLoadTime]): Quicksti.ts:Entered'6100000 into Bureau code

2020-08-28 13:00:36 - [MESSAGE][PASSED] - Object 'Object Repository/CERTPAY_QUICKSTI/Login_ Page/BUREAU_CODE' is present

2020-08-28 13:00:37 - [MESSAGE][PASSED] - Object 'Object Repository/CERTPAY_QUICKSTI/Login_ Page/BUREAU_CODE' is visible

2020-08-28 13:00:37 - [MESSAGE][PASSED] - Object 'Object Repository/CERTPAY_QUICKSTI/Login_ Page/BUREAU_CODE' is present

2020-08-28 13:00:38 - [MESSAGE][PASSED] - Text '6100000' is set on object 'Object Repository/CERTPAY_QUICKSTI/Login_ Page/BUREAU_CODE'

2020-08-28 13:00:38 - [MESSAGE][PASSED] - Quicksti.ts:Entered'6100000 into Bureau code

2020-08-28 13:00:38 - [TEST_STEP][PASSED] - utilities.SafeActions.safeType(findTestObject("CERTPAY_QUICKSTI/Login_ Page/TELLER_ID"), teller_id, "Bureau code", [pageLoadTime]): Quicksti.ts:Entered'zenq into Bureau code

2020-08-28 13:00:38 - [MESSAGE][PASSED] - Object 'Object Repository/CERTPAY_QUICKSTI/Login_ Page/TELLER_ID' is present

2020-08-28 13:00:39 - [MESSAGE][PASSED] - Object 'Object Repository/CERTPAY_QUICKSTI/Login_ Page/TELLER_ID' is visible

2020-08-28 13:00:39 - [MESSAGE][PASSED] - Object 'Object Repository/CERTPAY_QUICKSTI/Login_ Page/TELLER_ID' is present

2020-08-28 13:00:40 - [MESSAGE][PASSED] - Text 'zenq' is set on object 'Object Repository/CERTPAY_QUICKSTI/Login_ Page/TELLER_ID'

2020-08-28 13:00:40 - [MESSAGE][PASSED] - Quicksti.ts:Entered'zenq into Bureau code

2020-08-28 13:00:40 - [TEST_STEP][PASSED] - utilities.SafeActions.safeClick(findTestObject("CERTPAY_QUICKSTI/Login_ Page/NEXT_BUTTON"), "Next button", [pageLoadTime]): Quicksti.ts:Clicked on the Next button

2020-08-28 13:00:40 - [MESSAGE][INFO] - safeClicking

2020-08-28 13:00:41 - [MESSAGE][PASSED] - Object 'Object Repository/CERTPAY_QUICKSTI/Login_ Page/NEXT_BUTTON' is present

2020-08-28 13:00:41 - [MESSAGE][PASSED] - Object 'Object Repository/CERTPAY_QUICKSTI/Login_ Page/NEXT_BUTTON' is clickable

2020-08-28 13:00:45 - [MESSAGE][PASSED] - Object: 'Object Repository/CERTPAY_QUICKSTI/Login_ Page/NEXT_BUTTON' is clicked on

2020-08-28 13:00:45 - [MESSAGE][PASSED] - Quicksti.ts:Clicked on the Next button

2020-08-28 13:00:45 - [TEST_STEP][PASSED] - utilities.SafeActions.safeClick(findTestObject("CERTPAY_QUICKSTI/Payment_Information_Page/MANUAL_ENTRY_BUTTON"), "ManualEntry", [pageLoadTime]): Quicksti.ts:Clicked on the ManualEntry

2020-08-28 13:00:45 - [MESSAGE][INFO] - safeClicking

2020-08-28 13:00:45 - [MESSAGE][PASSED] - Object 'Object Repository/CERTPAY_QUICKSTI/Payment_Information_Page/MANUAL_ENTRY_BUTTON' is present

2020-08-28 13:00:46 - [MESSAGE][PASSED] - Object 'Object Repository/CERTPAY_QUICKSTI/Payment_Information_Page/MANUAL_ENTRY_BUTTON' is clickable

2020-08-28 13:00:48 - [MESSAGE][PASSED] - Object: 'Object Repository/CERTPAY_QUICKSTI/Payment_Information_Page/MANUAL_ENTRY_BUTTON' is clicked on

2020-08-28 13:00:48 - [MESSAGE][PASSED] - Quicksti.ts:Clicked on the ManualEntry

2020-08-28 13:00:48 - [TEST_STEP][PASSED] - CardNumber = pages.Quicksti.setUserPaymentDetails(firstName, lastName, cardNum): Quicksti.ts:Entered'5154623208647646 into CardNum

2020-08-28 13:00:48 - [MESSAGE][PASSED] - Object 'Object Repository/CERTPAY_QUICKSTI/Payment_Information_Page/FIRST_NAME' is present

2020-08-28 13:00:48 - [MESSAGE][PASSED] - Object 'Object Repository/CERTPAY_QUICKSTI/Payment_Information_Page/FIRST_NAME' is visible

2020-08-28 13:00:49 - [MESSAGE][PASSED] - Object 'Object Repository/CERTPAY_QUICKSTI/Payment_Information_Page/FIRST_NAME' is present

2020-08-28 13:00:50 - [MESSAGE][PASSED] - Text 'Tester' is set on object 'Object Repository/CERTPAY_QUICKSTI/Payment_Information_Page/FIRST_NAME'

2020-08-28 13:00:50 - [MESSAGE][PASSED] - Quicksti.ts:Entered'Tester into FirstName

2020-08-28 13:00:50 - [MESSAGE][PASSED] - Object 'Object Repository/CERTPAY_QUICKSTI/Payment_Information_Page/LAST_NAME' is present

2020-08-28 13:00:51 - [MESSAGE][PASSED] - Object 'Object Repository/CERTPAY_QUICKSTI/Payment_Information_Page/LAST_NAME' is visible

2020-08-28 13:00:51 - [MESSAGE][PASSED] - Object 'Object Repository/CERTPAY_QUICKSTI/Payment_Information_Page/LAST_NAME' is present

2020-08-28 13:00:52 - [MESSAGE][PASSED] - Text 'Zenq1' is set on object 'Object Repository/CERTPAY_QUICKSTI/Payment_Information_Page/LAST_NAME'

2020-08-28 13:00:52 - [MESSAGE][PASSED] - Quicksti.ts:Entered'Zenq1 into LAstName

2020-08-28 13:00:53 - [MESSAGE][PASSED] - Object 'Object Repository/CERTPAY_QUICKSTI/Payment_Information_Page/CARD_NUMBER' is present

2020-08-28 13:00:53 - [MESSAGE][PASSED] - Object 'Object Repository/CERTPAY_QUICKSTI/Payment_Information_Page/CARD_NUMBER' is visible

2020-08-28 13:00:53 - [MESSAGE][PASSED] - Object 'Object Repository/CERTPAY_QUICKSTI/Payment_Information_Page/CARD_NUMBER' is present

2020-08-28 13:00:55 - [MESSAGE][PASSED] - Text '5154623208647646' is set on object 'Object Repository/CERTPAY_QUICKSTI/Payment_Information_Page/CARD_NUMBER'

2020-08-28 13:00:55 - [MESSAGE][PASSED] - Quicksti.ts:Entered'5154623208647646 into CardNum

2020-08-28 13:00:55 - [TEST_STEP][PASSED] - utilities.SafeActions.safeSelectOptionInDropdownByVisibleText(findTestObject("CERTPAY_QUICKSTI/Payment_Information_Page/PAYMENT_TYPE"), paymentType, "paymentType", [pageLoadTime]): selected dropdown option by visible text  Giftsfrom paymentType

2020-08-28 13:00:55 - [MESSAGE][PASSED] - Object 'Object Repository/CERTPAY_QUICKSTI/Payment_Information_Page/PAYMENT_TYPE' is visible

2020-08-28 13:00:55 - [MESSAGE][PASSED] - Object 'Object Repository/CERTPAY_QUICKSTI/Payment_Information_Page/PAYMENT_TYPE' is present

2020-08-28 13:00:57 - [MESSAGE][PASSED] - Object: 'Object Repository/CERTPAY_QUICKSTI/Payment_Information_Page/PAYMENT_TYPE' is clicked on

2020-08-28 13:00:58 - [MESSAGE][PASSED] - All options with label 'Gifts' are selected in object 'Object Repository/CERTPAY_QUICKSTI/Payment_Information_Page/PAYMENT_TYPE'  using regular expression

2020-08-28 13:00:58 - [MESSAGE][PASSED] - selected dropdown option by visible text  Giftsfrom paymentType

2020-08-28 13:00:58 - [TEST_STEP][PASSED] - pages.Quicksti.setExpDate(expMonth, expYear, securityCode): Quicksti.ts:Entered'207 into securityCode

2020-08-28 13:00:58 - [MESSAGE][PASSED] - Object 'Object Repository/CERTPAY_QUICKSTI/Payment_Information_Page/EXP_MONTH' is visible

2020-08-28 13:00:58 - [MESSAGE][PASSED] - Object 'Object Repository/CERTPAY_QUICKSTI/Payment_Information_Page/EXP_MONTH' is present

2020-08-28 13:01:00 - [MESSAGE][PASSED] - Object: 'Object Repository/CERTPAY_QUICKSTI/Payment_Information_Page/EXP_MONTH' is clicked on

2020-08-28 13:01:01 - [MESSAGE][PASSED] - All options with label '04' are selected in object 'Object Repository/CERTPAY_QUICKSTI/Payment_Information_Page/EXP_MONTH'  using regular expression

2020-08-28 13:01:01 - [MESSAGE][PASSED] - selected dropdown option by visible text  04from expMonth

2020-08-28 13:01:01 - [MESSAGE][PASSED] - Object 'Object Repository/CERTPAY_QUICKSTI/Payment_Information_Page/EXP_YEAR' is visible

2020-08-28 13:01:02 - [MESSAGE][PASSED] - Object 'Object Repository/CERTPAY_QUICKSTI/Payment_Information_Page/EXP_YEAR' is present

2020-08-28 13:01:03 - [MESSAGE][PASSED] - Object: 'Object Repository/CERTPAY_QUICKSTI/Payment_Information_Page/EXP_YEAR' is clicked on

2020-08-28 13:01:04 - [MESSAGE][PASSED] - All options with label '2023' are selected in object 'Object Repository/CERTPAY_QUICKSTI/Payment_Information_Page/EXP_YEAR'  using regular expression

2020-08-28 13:01:04 - [MESSAGE][PASSED] - selected dropdown option by visible text  2023from  expYear

2020-08-28 13:01:05 - [MESSAGE][PASSED] - Object 'Object Repository/CERTPAY_QUICKSTI/Payment_Information_Page/SECURITY_CODE' is present

2020-08-28 13:01:05 - [MESSAGE][PASSED] - Object 'Object Repository/CERTPAY_QUICKSTI/Payment_Information_Page/SECURITY_CODE' is visible

2020-08-28 13:01:05 - [MESSAGE][PASSED] - Object 'Object Repository/CERTPAY_QUICKSTI/Payment_Information_Page/SECURITY_CODE' is present

2020-08-28 13:01:07 - [MESSAGE][PASSED] - Text '207' is set on object 'Object Repository/CERTPAY_QUICKSTI/Payment_Information_Page/SECURITY_CODE'

2020-08-28 13:01:07 - [MESSAGE][PASSED] - Quicksti.ts:Entered'207 into securityCode

2020-08-28 13:01:07 - [TEST_STEP][PASSED] - pages.Quicksti.setPaymentAmountDetailsForSinglePayment(paymentAmount, quantity): Quicksti.ts:Entered'2 into Quantity

2020-08-28 13:01:07 - [MESSAGE][PASSED] - Object 'Object Repository/CERTPAY_QUICKSTI/Payment_Information_Page/PAYMENT_AMOUNT' is present

2020-08-28 13:01:07 - [MESSAGE][PASSED] - Object 'Object Repository/CERTPAY_QUICKSTI/Payment_Information_Page/PAYMENT_AMOUNT' is visible

2020-08-28 13:01:08 - [MESSAGE][PASSED] - Object 'Object Repository/CERTPAY_QUICKSTI/Payment_Information_Page/PAYMENT_AMOUNT' is present

2020-08-28 13:01:09 - [MESSAGE][PASSED] - Text '25.00' is set on object 'Object Repository/CERTPAY_QUICKSTI/Payment_Information_Page/PAYMENT_AMOUNT'

2020-08-28 13:01:09 - [MESSAGE][PASSED] - Quicksti.ts:Entered'25.00 into amount

2020-08-28 13:01:09 - [MESSAGE][PASSED] - Object 'Object Repository/CERTPAY_QUICKSTI/Payment_Information_Page/QUANTITY' is present

2020-08-28 13:01:10 - [MESSAGE][PASSED] - Object 'Object Repository/CERTPAY_QUICKSTI/Payment_Information_Page/QUANTITY' is visible

2020-08-28 13:01:10 - [MESSAGE][PASSED] - Object 'Object Repository/CERTPAY_QUICKSTI/Payment_Information_Page/QUANTITY' is present

2020-08-28 13:01:11 - [MESSAGE][PASSED] - Text '2' is set on object 'Object Repository/CERTPAY_QUICKSTI/Payment_Information_Page/QUANTITY'

2020-08-28 13:01:11 - [MESSAGE][PASSED] - Quicksti.ts:Entered'2 into Quantity

2020-08-28 13:01:11 - [TEST_STEP][PASSED] - utilities.SafeActions.safeType(findTestObject("CERTPAY_QUICKSTI/Payment_Information_Page/REFRENCE_NUMBER"), referenceNum, "Reference Number", [pageLoadTime]): Quicksti.ts:Entered'12 into Reference Number

2020-08-28 13:01:12 - [MESSAGE][PASSED] - Object 'Object Repository/CERTPAY_QUICKSTI/Payment_Information_Page/REFRENCE_NUMBER' is present

2020-08-28 13:01:12 - [MESSAGE][PASSED] - Object 'Object Repository/CERTPAY_QUICKSTI/Payment_Information_Page/REFRENCE_NUMBER' is visible

2020-08-28 13:01:12 - [MESSAGE][PASSED] - Object 'Object Repository/CERTPAY_QUICKSTI/Payment_Information_Page/REFRENCE_NUMBER' is present

2020-08-28 13:01:13 - [MESSAGE][PASSED] - Text '12' is set on object 'Object Repository/CERTPAY_QUICKSTI/Payment_Information_Page/REFRENCE_NUMBER'

2020-08-28 13:01:13 - [MESSAGE][PASSED] - Quicksti.ts:Entered'12 into Reference Number

2020-08-28 13:01:13 - [TEST_STEP][PASSED] - amount_Value = pages.Quicksti.getAttributeValue(findTestObject("CERTPAY_QUICKSTI/Payment_Information_Page/SUB_TOTAL")): pages.Quicksti.getAttributeValue is PASSED

2020-08-28 13:01:14 - [MESSAGE][PASSED] - Attribute 'value' of object 'Object Repository/CERTPAY_QUICKSTI/Payment_Information_Page/SUB_TOTAL' is: '50.00'

2020-08-28 13:01:14 - [MESSAGE][PASSED] - pages.Quicksti.getAttributeValue is PASSED

2020-08-28 13:01:14 - [TEST_STEP][PASSED] - utilities.SafeActions.safeType(findTestObject("CERTPAY_QUICKSTI/Payment_Information_Page/COMMENTS"), "Testing", "Comments", [pageLoadTime]): Quicksti.ts:Entered'Testing into Comments

2020-08-28 13:01:14 - [MESSAGE][PASSED] - Object 'Object Repository/CERTPAY_QUICKSTI/Payment_Information_Page/COMMENTS' is present

2020-08-28 13:01:15 - [MESSAGE][PASSED] - Object 'Object Repository/CERTPAY_QUICKSTI/Payment_Information_Page/COMMENTS' is visible

2020-08-28 13:01:15 - [MESSAGE][PASSED] - Object 'Object Repository/CERTPAY_QUICKSTI/Payment_Information_Page/COMMENTS' is present

2020-08-28 13:01:16 - [MESSAGE][PASSED] - Text 'Testing' is set on object 'Object Repository/CERTPAY_QUICKSTI/Payment_Information_Page/COMMENTS'

2020-08-28 13:01:16 - [MESSAGE][PASSED] - Quicksti.ts:Entered'Testing into Comments

2020-08-28 13:01:16 - [TEST_STEP][PASSED] - utilities.SafeActions.safeType(findTestObject("CERTPAY_QUICKSTI/Payment_Information_Page/ADDRESS"), address, "Address", [pageLoadTime]): Quicksti.ts:Entered'14-2 into Address

2020-08-28 13:01:17 - [MESSAGE][PASSED] - Object 'Object Repository/CERTPAY_QUICKSTI/Payment_Information_Page/ADDRESS' is present

2020-08-28 13:01:17 - [MESSAGE][PASSED] - Object 'Object Repository/CERTPAY_QUICKSTI/Payment_Information_Page/ADDRESS' is visible

2020-08-28 13:01:17 - [MESSAGE][PASSED] - Object 'Object Repository/CERTPAY_QUICKSTI/Payment_Information_Page/ADDRESS' is present

2020-08-28 13:01:19 - [MESSAGE][PASSED] - Text '14-2' is set on object 'Object Repository/CERTPAY_QUICKSTI/Payment_Information_Page/ADDRESS'

2020-08-28 13:01:19 - [MESSAGE][PASSED] - Quicksti.ts:Entered'14-2 into Address

2020-08-28 13:01:19 - [TEST_STEP][PASSED] - utilities.SafeActions.safeType(findTestObject("CERTPAY_QUICKSTI/Payment_Information_Page/ZIP_CODE"), zipCode, "zipcode", [pageLoadTime]): Quicksti.ts:Entered'76102 into zipcode

2020-08-28 13:01:19 - [MESSAGE][PASSED] - Object 'Object Repository/CERTPAY_QUICKSTI/Payment_Information_Page/ZIP_CODE' is present

2020-08-28 13:01:20 - [MESSAGE][PASSED] - Object 'Object Repository/CERTPAY_QUICKSTI/Payment_Information_Page/ZIP_CODE' is visible

2020-08-28 13:01:20 - [MESSAGE][PASSED] - Object 'Object Repository/CERTPAY_QUICKSTI/Payment_Information_Page/ZIP_CODE' is present

2020-08-28 13:01:21 - [MESSAGE][PASSED] - Text '76102' is set on object 'Object Repository/CERTPAY_QUICKSTI/Payment_Information_Page/ZIP_CODE'

2020-08-28 13:01:21 - [MESSAGE][PASSED] - Quicksti.ts:Entered'76102 into zipcode

2020-08-28 13:01:21 - [TEST_STEP][PASSED] - utilities.SafeActions.safeType(findTestObject("CERTPAY_QUICKSTI/Payment_Information_Page/TELEPHONE"), telephone, "Telephone", [pageLoadTime]): Quicksti.ts:Entered'9989897654 into Telephone

2020-08-28 13:01:22 - [MESSAGE][PASSED] - Object 'Object Repository/CERTPAY_QUICKSTI/Payment_Information_Page/TELEPHONE' is present

2020-08-28 13:01:22 - [MESSAGE][PASSED] - Object 'Object Repository/CERTPAY_QUICKSTI/Payment_Information_Page/TELEPHONE' is visible

2020-08-28 13:01:22 - [MESSAGE][PASSED] - Object 'Object Repository/CERTPAY_QUICKSTI/Payment_Information_Page/TELEPHONE' is present

2020-08-28 13:01:24 - [MESSAGE][PASSED] - Text '9989897654' is set on object 'Object Repository/CERTPAY_QUICKSTI/Payment_Information_Page/TELEPHONE'

2020-08-28 13:01:24 - [MESSAGE][PASSED] - Quicksti.ts:Entered'9989897654 into Telephone

2020-08-28 13:01:24 - [TEST_STEP][PASSED] - utilities.SafeActions.safeType(findTestObject("CERTPAY_QUICKSTI/Payment_Information_Page/EMAIL_ADDRESS"), emailAddress, "EMAIL address", [pageLoadTime]): Quicksti.ts:Entered'testing@zenq.com into EMAIL address

2020-08-28 13:01:24 - [MESSAGE][PASSED] - Object 'Object Repository/CERTPAY_QUICKSTI/Payment_Information_Page/EMAIL_ADDRESS' is present

2020-08-28 13:01:24 - [MESSAGE][PASSED] - Object 'Object Repository/CERTPAY_QUICKSTI/Payment_Information_Page/EMAIL_ADDRESS' is visible

2020-08-28 13:01:25 - [MESSAGE][PASSED] - Object 'Object Repository/CERTPAY_QUICKSTI/Payment_Information_Page/EMAIL_ADDRESS' is present

2020-08-28 13:01:26 - [MESSAGE][PASSED] - Text 'testing@zenq.com' is set on object 'Object Repository/CERTPAY_QUICKSTI/Payment_Information_Page/EMAIL_ADDRESS'

2020-08-28 13:01:26 - [MESSAGE][PASSED] - Quicksti.ts:Entered'testing@zenq.com into EMAIL address

2020-08-28 13:01:26 - [TEST_STEP][PASSED] - utilities.SafeActions.safeClick(findTestObject("CERTPAY_QUICKSTI/Payment_Information_Page/NEXT_BUTTON"), "Next", [pageLoadTime]): Quicksti.ts:Clicked on the Next

2020-08-28 13:01:26 - [MESSAGE][INFO] - safeClicking

2020-08-28 13:01:27 - [MESSAGE][PASSED] - Object 'Object Repository/CERTPAY_QUICKSTI/Payment_Information_Page/NEXT_BUTTON' is present

2020-08-28 13:01:27 - [MESSAGE][PASSED] - Object 'Object Repository/CERTPAY_QUICKSTI/Payment_Information_Page/NEXT_BUTTON' is clickable

2020-08-28 13:01:30 - [MESSAGE][PASSED] - Object: 'Object Repository/CERTPAY_QUICKSTI/Payment_Information_Page/NEXT_BUTTON' is clicked on

2020-08-28 13:01:30 - [MESSAGE][PASSED] - Quicksti.ts:Clicked on the Next

2020-08-28 13:01:30 - [TEST_STEP][PASSED] - pages.Quicksti.verifyUserPaymentDetails(paymentAmount, firstName, lastName, CardNumber): pages.Quicksti.verifyUserPaymentDetails is PASSED

2020-08-28 13:01:30 - [MESSAGE][PASSED] - Text of object 'Object Repository/CERTPAY_QUICKSTI/Payment_Details_Verification_Page/AMOUNT' is: '$25.00'

2020-08-28 13:01:31 - [MESSAGE][PASSED] - Actual text '25.00' and expected text '25.00' are matched  using regular expression

2020-08-28 13:01:31 - [MESSAGE][PASSED] - Text of object 'Object Repository/CERTPAY_QUICKSTI/Payment_Details_Verification_Page/NAME' is: 'Tester Zenq1'

2020-08-28 13:01:31 - [MESSAGE][PASSED] - Actual text 'Tester Zenq1' and expected text 'Tester Zenq1' are matched  using regular expression

2020-08-28 13:01:31 - [MESSAGE][PASSED] - Text of object 'Object Repository/CERTPAY_QUICKSTI/Payment_Details_Verification_Page/CARD_NUMBER' is: '...7646'

2020-08-28 13:01:31 - [MESSAGE][PASSED] - Actual text '7646' and expected text '7646' are matched  using regular expression

2020-08-28 13:01:31 - [MESSAGE][PASSED] - pages.Quicksti.verifyUserPaymentDetails is PASSED

2020-08-28 13:01:31 - [TEST_STEP][PASSED] - delay(2): Delayed 2 second(s)

2020-08-28 13:01:33 - [MESSAGE][PASSED] - Delayed 2 second(s)

2020-08-28 13:01:33 - [TEST_STEP][PASSED] - scrollToElement(findTestObject("CERTPAY_QUICKSTI/Payment_Details_Verification_Page/PROCESS"), 0): Scroll to object 'Object Repository/CERTPAY_QUICKSTI/Payment_Details_Verification_Page/PROCESS' successfully

2020-08-28 13:01:33 - [MESSAGE][WARNING] - Timeout '0' is invalid. Using default page load timeout: '30'

2020-08-28 13:01:34 - [MESSAGE][PASSED] - Scroll to object 'Object Repository/CERTPAY_QUICKSTI/Payment_Details_Verification_Page/PROCESS' successfully

2020-08-28 13:01:34 - [TEST_STEP][PASSED] - utilities.SafeActions.safeClick(findTestObject("CERTPAY_QUICKSTI/Payment_Details_Verification_Page/PROCESS"), "Process", [pageLoadTime]): Quicksti.ts:Clicked on the Process

2020-08-28 13:01:34 - [MESSAGE][INFO] - safeClicking

2020-08-28 13:01:34 - [MESSAGE][PASSED] - Object 'Object Repository/CERTPAY_QUICKSTI/Payment_Details_Verification_Page/PROCESS' is present

2020-08-28 13:01:34 - [MESSAGE][PASSED] - Object 'Object Repository/CERTPAY_QUICKSTI/Payment_Details_Verification_Page/PROCESS' is clickable

2020-08-28 13:01:40 - [MESSAGE][PASSED] - Object: 'Object Repository/CERTPAY_QUICKSTI/Payment_Details_Verification_Page/PROCESS' is clicked on

2020-08-28 13:01:40 - [MESSAGE][PASSED] - Quicksti.ts:Clicked on the Process

2020-08-28 13:01:40 - [TEST_STEP][PASSED] - paymentId = pages.Quicksti.verifyPaymentApproval(findTestObject("CERTPAY_QUICKSTI/Payment_Details_Verification_Page/APPROVED")): Payment is approved

2020-08-28 13:01:40 - [MESSAGE][PASSED] - Text of object 'Object Repository/CERTPAY_QUICKSTI/Payment_Details_Verification_Page/PAYMENT_ID' is: '100176102036'

2020-08-28 13:01:40 - [MESSAGE][PASSED] - Object 'Object Repository/CERTPAY_QUICKSTI/Payment_Details_Verification_Page/APPROVED' is present

2020-08-28 13:01:40 - [MESSAGE][PASSED] - Payment is approved

2020-08-28 13:01:42 - [TEST_STEP][PASSED] - navigateToUrl(Reports_url): Navigate to 'https://qa-certpayreports.faps.net/BureauLogin/login.aspx' successfully

2020-08-28 13:01:46 - [MESSAGE][PASSED] - Navigate to 'https://qa-certpayreports.faps.net/BureauLogin/login.aspx' successfully

2020-08-28 13:01:46 - [TEST_STEP][PASSED] - pages.Bureau_Login_Page.loginToReportsSite(userName, password, accessCode): Quicksti.ts:Clicked on the LOGIN

2020-08-28 13:01:47 - [MESSAGE][PASSED] - Object 'Object Repository/MAKE_ PAYMENT/Home_ Page/USER_NAME' is present

2020-08-28 13:01:47 - [MESSAGE][PASSED] - Object 'Object Repository/MAKE_ PAYMENT/Home_ Page/USER_NAME' is visible

2020-08-28 13:01:47 - [MESSAGE][PASSED] - Object 'Object Repository/MAKE_ PAYMENT/Home_ Page/USER_NAME' is present

2020-08-28 13:01:48 - [MESSAGE][PASSED] - Text 'ZenQ' is set on object 'Object Repository/MAKE_ PAYMENT/Home_ Page/USER_NAME'

2020-08-28 13:01:48 - [MESSAGE][PASSED] - Quicksti.ts:Entered'ZenQ into username

2020-08-28 13:01:49 - [MESSAGE][PASSED] - Object 'Object Repository/MAKE_ PAYMENT/Home_ Page/BUREAU_PASSWORD' is present

2020-08-28 13:01:49 - [MESSAGE][PASSED] - Object 'Object Repository/MAKE_ PAYMENT/Home_ Page/BUREAU_PASSWORD' is visible

2020-08-28 13:01:49 - [MESSAGE][PASSED] - Object 'Object Repository/MAKE_ PAYMENT/Home_ Page/BUREAU_PASSWORD' is present

2020-08-28 13:01:51 - [MESSAGE][PASSED] - Text 'Zenq@123' is set on object 'Object Repository/MAKE_ PAYMENT/Home_ Page/BUREAU_PASSWORD'

2020-08-28 13:01:51 - [MESSAGE][PASSED] - Quicksti.ts:Entered'Zenq@123 into password

2020-08-28 13:01:51 - [MESSAGE][PASSED] - Object 'Object Repository/MAKE_ PAYMENT/Home_ Page/BUREAU_ACCESS_CODE' is present

2020-08-28 13:01:51 - [MESSAGE][PASSED] - Object 'Object Repository/MAKE_ PAYMENT/Home_ Page/BUREAU_ACCESS_CODE' is visible

2020-08-28 13:01:52 - [MESSAGE][PASSED] - Object 'Object Repository/MAKE_ PAYMENT/Home_ Page/BUREAU_ACCESS_CODE' is present

2020-08-28 13:01:53 - [MESSAGE][PASSED] - Text 'certpaytest' is set on object 'Object Repository/MAKE_ PAYMENT/Home_ Page/BUREAU_ACCESS_CODE'

2020-08-28 13:01:53 - [MESSAGE][PASSED] - Quicksti.ts:Entered'certpaytest into AccessCode

2020-08-28 13:01:53 - [MESSAGE][INFO] - safeClicking

2020-08-28 13:01:54 - [MESSAGE][PASSED] - Object 'Object Repository/MAKE_ PAYMENT/Home_ Page/LOGIN_BUTTON' is present

2020-08-28 13:01:54 - [MESSAGE][PASSED] - Object 'Object Repository/MAKE_ PAYMENT/Home_ Page/LOGIN_BUTTON' is clickable

2020-08-28 13:01:58 - [MESSAGE][PASSED] - Object: 'Object Repository/MAKE_ PAYMENT/Home_ Page/LOGIN_BUTTON' is clicked on

2020-08-28 13:01:58 - [MESSAGE][PASSED] - Quicksti.ts:Clicked on the LOGIN

2020-08-28 13:01:58 - [TEST_STEP][PASSED] - utilities.SafeActions.safeClick(findTestObject("SEARCH_PAYMENT/REPORTING"), "Reporting", [pageLoadTime]): Quicksti.ts:Clicked on the Reporting

2020-08-28 13:01:58 - [MESSAGE][INFO] - safeClicking

2020-08-28 13:01:58 - [MESSAGE][PASSED] - Object 'Object Repository/SEARCH_PAYMENT/REPORTING' is present

2020-08-28 13:01:59 - [MESSAGE][PASSED] - Object 'Object Repository/SEARCH_PAYMENT/REPORTING' is clickable

2020-08-28 13:02:00 - [MESSAGE][PASSED] - Object: 'Object Repository/SEARCH_PAYMENT/REPORTING' is clicked on

2020-08-28 13:02:00 - [MESSAGE][PASSED] - Quicksti.ts:Clicked on the Reporting

2020-08-28 13:02:00 - [TEST_STEP][PASSED] - utilities.SafeActions.safeClick(findTestObject("SEARCH_PAYMENT/REPORTING"), "Reporting", [pageLoadTime]): Quicksti.ts:Clicked on the Reporting

2020-08-28 13:02:00 - [MESSAGE][INFO] - safeClicking

2020-08-28 13:02:00 - [MESSAGE][PASSED] - Object 'Object Repository/SEARCH_PAYMENT/REPORTING' is present

2020-08-28 13:02:01 - [MESSAGE][PASSED] - Object 'Object Repository/SEARCH_PAYMENT/REPORTING' is clickable

2020-08-28 13:02:02 - [MESSAGE][PASSED] - Object: 'Object Repository/SEARCH_PAYMENT/REPORTING' is clicked on

2020-08-28 13:02:02 - [MESSAGE][PASSED] - Quicksti.ts:Clicked on the Reporting

2020-08-28 13:02:02 - [TEST_STEP][PASSED] - utilities.SafeActions.safeClick(findTestObject("SEARCH_PAYMENT/QUICK_FIND_PAYMENT"), "Quick find payment", [pageLoadTime]): Quicksti.ts:Clicked on the Quick find payment

2020-08-28 13:02:02 - [MESSAGE][INFO] - safeClicking

2020-08-28 13:02:02 - [MESSAGE][PASSED] - Object 'Object Repository/SEARCH_PAYMENT/QUICK_FIND_PAYMENT' is present

2020-08-28 13:02:02 - [MESSAGE][PASSED] - Object 'Object Repository/SEARCH_PAYMENT/QUICK_FIND_PAYMENT' is clickable

2020-08-28 13:02:05 - [MESSAGE][PASSED] - Object: 'Object Repository/SEARCH_PAYMENT/QUICK_FIND_PAYMENT' is clicked on

2020-08-28 13:02:05 - [MESSAGE][PASSED] - Quicksti.ts:Clicked on the Quick find payment

2020-08-28 13:02:05 - [TEST_STEP][PASSED] - utilities.SafeActions.safeType(findTestObject("SEARCH_PAYMENT/PAYMENT_ID_INPUT_FIELD"), paymentId, "Payment id", [pageLoadTime]): Quicksti.ts:Entered'100176102036 into Payment id

2020-08-28 13:02:06 - [MESSAGE][PASSED] - Object 'Object Repository/SEARCH_PAYMENT/PAYMENT_ID_INPUT_FIELD' is present

2020-08-28 13:02:06 - [MESSAGE][PASSED] - Object 'Object Repository/SEARCH_PAYMENT/PAYMENT_ID_INPUT_FIELD' is visible

2020-08-28 13:02:06 - [MESSAGE][PASSED] - Object 'Object Repository/SEARCH_PAYMENT/PAYMENT_ID_INPUT_FIELD' is present

2020-08-28 13:02:08 - [MESSAGE][PASSED] - Text '100176102036' is set on object 'Object Repository/SEARCH_PAYMENT/PAYMENT_ID_INPUT_FIELD'

2020-08-28 13:02:08 - [MESSAGE][PASSED] - Quicksti.ts:Entered'100176102036 into Payment id

2020-08-28 13:02:08 - [TEST_STEP][PASSED] - utilities.SafeActions.safeClick(findTestObject("SEARCH_PAYMENT/SEARCH_BUTTON_1"), "Search button", [pageLoadTime]): Quicksti.ts:Clicked on the Search button

2020-08-28 13:02:08 - [MESSAGE][INFO] - safeClicking

2020-08-28 13:02:08 - [MESSAGE][PASSED] - Object 'Object Repository/SEARCH_PAYMENT/SEARCH_BUTTON_1' is present

2020-08-28 13:02:08 - [MESSAGE][PASSED] - Object 'Object Repository/SEARCH_PAYMENT/SEARCH_BUTTON_1' is clickable

2020-08-28 13:02:11 - [MESSAGE][PASSED] - Object: 'Object Repository/SEARCH_PAYMENT/SEARCH_BUTTON_1' is clicked on

2020-08-28 13:02:11 - [MESSAGE][PASSED] - Quicksti.ts:Clicked on the Search button

2020-08-28 13:02:11 - [TEST_STEP][FAILED] - pages.Search_Page.validateApprovedTransactionsInReports(paymentId, cardType, amount_Value): com.kms.katalon.core.exception.StepFailedException: Unable to verify match

2020-08-28 13:02:12 - [MESSAGE][PASSED] - Text of object 'Object Repository/SEARCH_PAYMENT/REPORTS_PAYMNET_ID' is: '100176102036'

2020-08-28 13:02:12 - [MESSAGE][PASSED] - Actual text '100176102036' and expected text '100176102036' are matched  using regular expression

2020-08-28 13:02:12 - [MESSAGE][PASSED] - Text of object 'Object Repository/SEARCH_PAYMENT/REPORTS_CARD_TYPE' is: 'Visa'

2020-08-28 13:02:12 - [MESSAGE][FAILED] - Unable to verify match between actual text 'Visa' and expected text 'Master Card' using regular expression (Root cause: com.kms.katalon.core.exception.StepFailedException: Actual text 'Visa' and expected text 'Master Card' are not matched using regular expression
	at com.kms.katalon.core.keyword.builtin.VerifyMatchKeyword$_verifyMatch_closure1.doCall(VerifyMatchKeyword.groovy:57)
	at com.kms.katalon.core.keyword.builtin.VerifyMatchKeyword$_verifyMatch_closure1.call(VerifyMatchKeyword.groovy)
	at com.kms.katalon.core.keyword.internal.KeywordMain.runKeyword(KeywordMain.groovy:68)
	at com.kms.katalon.core.keyword.builtin.VerifyMatchKeyword.verifyMatch(VerifyMatchKeyword.groovy:60)
	at com.kms.katalon.core.keyword.builtin.VerifyMatchKeyword.execute(VerifyMatchKeyword.groovy:45)
	at com.kms.katalon.core.keyword.internal.KeywordExecutor.executeKeywordForPlatform(KeywordExecutor.groovy:72)
	at com.kms.katalon.core.keyword.BuiltinKeywords.verifyMatch(BuiltinKeywords.groovy:55)
	at pages.Search_Page.validateApprovedTransactionsInReports(Search_Page.groovy:92)
	at pages.Search_Page.invokeMethod(Search_Page.groovy)
	at com.kms.katalon.core.main.CustomKeywordDelegatingMetaClass.invokeStaticMethod(CustomKeywordDelegatingMetaClass.java:50)
	at TC_001_SingleBureauSite_SingleLinePayment.run(TC_001_SingleBureauSite_SingleLinePayment:140)
	at com.kms.katalon.core.main.ScriptEngine.run(ScriptEngine.java:194)
	at com.kms.katalon.core.main.ScriptEngine.runScriptAsRawText(ScriptEngine.java:119)
	at com.kms.katalon.core.main.TestCaseExecutor.runScript(TestCaseExecutor.java:337)
	at com.kms.katalon.core.main.TestCaseExecutor.doExecute(TestCaseExecutor.java:328)
	at com.kms.katalon.core.main.TestCaseExecutor.processExecutionPhase(TestCaseExecutor.java:307)
	at com.kms.katalon.core.main.TestCaseExecutor.accessMainPhase(TestCaseExecutor.java:299)
	at com.kms.katalon.core.main.TestCaseExecutor.execute(TestCaseExecutor.java:233)
	at com.kms.katalon.core.main.TestSuiteExecutor.accessTestCaseMainPhase(TestSuiteExecutor.java:169)
	at com.kms.katalon.core.main.TestSuiteExecutor.accessTestSuiteMainPhase(TestSuiteExecutor.java:142)
	at com.kms.katalon.core.main.TestSuiteExecutor.execute(TestSuiteExecutor.java:91)
	at com.kms.katalon.core.main.TestCaseMain.startTestSuite(TestCaseMain.java:157)
	at com.kms.katalon.core.main.TestCaseMain$startTestSuite$0.call(Unknown Source)
	at TempTestSuite1598599635439.run(TempTestSuite1598599635439.groovy:36)
)

2020-08-28 13:02:12 - [MESSAGE][FAILED] - Unable to verify match

2020-08-28 13:02:12 - [MESSAGE][FAILED] - com.kms.katalon.core.exception.StepFailedException: Unable to verify match

2020-08-28 13:02:12 - [TEST_STEP][PASSED] - paymentIdList.add(paymentId): null

2020-08-28 13:02:12 - [TEST_STEP][PASSED] - println(paymentIdList): null

2020-08-28 13:02:12 - [TEST_STEP][PASSED] - firstName = data.getValue("FirstName", index): null

2020-08-28 13:02:12 - [TEST_STEP][PASSED] - lastName = data.getValue("LastName", index): null

2020-08-28 13:02:12 - [TEST_STEP][PASSED] - expMonth = data.getValue("ExpMonth", index): null

2020-08-28 13:02:12 - [TEST_STEP][PASSED] - expYear = data.getValue("ExpYear", index): null

2020-08-28 13:02:12 - [TEST_STEP][PASSED] - securityCode = data.getValue("SecurityCode", index): null

2020-08-28 13:02:12 - [TEST_STEP][PASSED] - paymentAmount = data.getValue("PaymentAmount", index): null

2020-08-28 13:02:12 - [TEST_STEP][PASSED] - paymentType = data.getValue("PaymentType", index): null

2020-08-28 13:02:12 - [TEST_STEP][PASSED] - quantity = data.getValue("Quantity", index): null

2020-08-28 13:02:12 - [TEST_STEP][PASSED] - comments = data.getValue("Comments", index): null

2020-08-28 13:02:12 - [TEST_STEP][PASSED] - referenceNum = data.getValue("ReferenceNum", index): null

2020-08-28 13:02:12 - [TEST_STEP][PASSED] - address = data.getValue("Address", index): null

2020-08-28 13:02:12 - [TEST_STEP][PASSED] - zipCode = data.getValue("Zipcode", index): null

2020-08-28 13:02:13 - [TEST_STEP][PASSED] - telephone = data.getValue("Telephone", index): null

2020-08-28 13:02:13 - [TEST_STEP][PASSED] - emailAddress = data.getValue("EmailAddress", index): null

2020-08-28 13:02:13 - [TEST_STEP][PASSED] - cardNum = data.getValue("CardNumber", index): null

2020-08-28 13:02:13 - [TEST_STEP][PASSED] - cardType = data.getValue("CardType", index): null

2020-08-28 13:02:13 - [TEST_STEP][PASSED] - utilities.SafeActions.openBrowser(Quicksti_Url, [pageLoadTime]): Browser launched successfully

2020-08-28 13:02:13 - [MESSAGE][INFO] - Opening Browser

2020-08-28 13:02:13 - [MESSAGE][WARNING] - A browser is already opened. Closing browser and opening a new one

2020-08-28 13:02:14 - [MESSAGE][INFO] - Starting 'Chrome' driver

2020-08-28 13:02:26 - [MESSAGE][PASSED] - Browser is opened with url: 'https://qa-certpayquicksti.faps.net/'

2020-08-28 13:02:28 - [MESSAGE][PASSED] - Current window maximized

2020-08-28 13:02:28 - [MESSAGE][PASSED] - Browser launched successfully

2020-08-28 13:02:28 - [TEST_STEP][PASSED] - utilities.SafeActions.safeType(findTestObject("CERTPAY_QUICKSTI/Login_ Page/BUREAU_CODE"), bureau_code, "Bureau code", [pageLoadTime]): Quicksti.ts:Entered'6100000 into Bureau code

2020-08-28 13:02:29 - [MESSAGE][PASSED] - Object 'Object Repository/CERTPAY_QUICKSTI/Login_ Page/BUREAU_CODE' is present

2020-08-28 13:02:29 - [MESSAGE][PASSED] - Object 'Object Repository/CERTPAY_QUICKSTI/Login_ Page/BUREAU_CODE' is visible

2020-08-28 13:02:29 - [MESSAGE][PASSED] - Object 'Object Repository/CERTPAY_QUICKSTI/Login_ Page/BUREAU_CODE' is present

2020-08-28 13:02:31 - [MESSAGE][PASSED] - Text '6100000' is set on object 'Object Repository/CERTPAY_QUICKSTI/Login_ Page/BUREAU_CODE'

2020-08-28 13:02:31 - [MESSAGE][PASSED] - Quicksti.ts:Entered'6100000 into Bureau code

2020-08-28 13:02:31 - [TEST_STEP][PASSED] - utilities.SafeActions.safeType(findTestObject("CERTPAY_QUICKSTI/Login_ Page/TELLER_ID"), teller_id, "Bureau code", [pageLoadTime]): Quicksti.ts:Entered'zenq into Bureau code

2020-08-28 13:02:31 - [MESSAGE][PASSED] - Object 'Object Repository/CERTPAY_QUICKSTI/Login_ Page/TELLER_ID' is present

2020-08-28 13:02:32 - [MESSAGE][PASSED] - Object 'Object Repository/CERTPAY_QUICKSTI/Login_ Page/TELLER_ID' is visible

2020-08-28 13:02:32 - [MESSAGE][PASSED] - Object 'Object Repository/CERTPAY_QUICKSTI/Login_ Page/TELLER_ID' is present

2020-08-28 13:02:33 - [MESSAGE][PASSED] - Text 'zenq' is set on object 'Object Repository/CERTPAY_QUICKSTI/Login_ Page/TELLER_ID'

2020-08-28 13:02:33 - [MESSAGE][PASSED] - Quicksti.ts:Entered'zenq into Bureau code

2020-08-28 13:02:33 - [TEST_STEP][PASSED] - utilities.SafeActions.safeClick(findTestObject("CERTPAY_QUICKSTI/Login_ Page/NEXT_BUTTON"), "Next button", [pageLoadTime]): Quicksti.ts:Clicked on the Next button

2020-08-28 13:02:33 - [MESSAGE][INFO] - safeClicking

2020-08-28 13:02:33 - [MESSAGE][PASSED] - Object 'Object Repository/CERTPAY_QUICKSTI/Login_ Page/NEXT_BUTTON' is present

2020-08-28 13:02:34 - [MESSAGE][PASSED] - Object 'Object Repository/CERTPAY_QUICKSTI/Login_ Page/NEXT_BUTTON' is clickable

2020-08-28 13:02:37 - [MESSAGE][PASSED] - Object: 'Object Repository/CERTPAY_QUICKSTI/Login_ Page/NEXT_BUTTON' is clicked on

2020-08-28 13:02:37 - [MESSAGE][PASSED] - Quicksti.ts:Clicked on the Next button

2020-08-28 13:02:37 - [TEST_STEP][PASSED] - utilities.SafeActions.safeClick(findTestObject("CERTPAY_QUICKSTI/Payment_Information_Page/MANUAL_ENTRY_BUTTON"), "ManualEntry", [pageLoadTime]): Quicksti.ts:Clicked on the ManualEntry

2020-08-28 13:02:37 - [MESSAGE][INFO] - safeClicking

2020-08-28 13:02:38 - [MESSAGE][PASSED] - Object 'Object Repository/CERTPAY_QUICKSTI/Payment_Information_Page/MANUAL_ENTRY_BUTTON' is present

2020-08-28 13:02:38 - [MESSAGE][PASSED] - Object 'Object Repository/CERTPAY_QUICKSTI/Payment_Information_Page/MANUAL_ENTRY_BUTTON' is clickable

2020-08-28 13:02:40 - [MESSAGE][PASSED] - Object: 'Object Repository/CERTPAY_QUICKSTI/Payment_Information_Page/MANUAL_ENTRY_BUTTON' is clicked on

2020-08-28 13:02:40 - [MESSAGE][PASSED] - Quicksti.ts:Clicked on the ManualEntry

2020-08-28 13:02:40 - [TEST_STEP][PASSED] - CardNumber = pages.Quicksti.setUserPaymentDetails(firstName, lastName, cardNum): Quicksti.ts:Entered'8171999900000018 into CardNum

2020-08-28 13:02:40 - [MESSAGE][PASSED] - Object 'Object Repository/CERTPAY_QUICKSTI/Payment_Information_Page/FIRST_NAME' is present

2020-08-28 13:02:41 - [MESSAGE][PASSED] - Object 'Object Repository/CERTPAY_QUICKSTI/Payment_Information_Page/FIRST_NAME' is visible

2020-08-28 13:02:41 - [MESSAGE][PASSED] - Object 'Object Repository/CERTPAY_QUICKSTI/Payment_Information_Page/FIRST_NAME' is present

2020-08-28 13:02:42 - [MESSAGE][PASSED] - Text 'Tester' is set on object 'Object Repository/CERTPAY_QUICKSTI/Payment_Information_Page/FIRST_NAME'

2020-08-28 13:02:42 - [MESSAGE][PASSED] - Quicksti.ts:Entered'Tester into FirstName

2020-08-28 13:02:43 - [MESSAGE][PASSED] - Object 'Object Repository/CERTPAY_QUICKSTI/Payment_Information_Page/LAST_NAME' is present

2020-08-28 13:02:43 - [MESSAGE][PASSED] - Object 'Object Repository/CERTPAY_QUICKSTI/Payment_Information_Page/LAST_NAME' is visible

2020-08-28 13:02:43 - [MESSAGE][PASSED] - Object 'Object Repository/CERTPAY_QUICKSTI/Payment_Information_Page/LAST_NAME' is present

2020-08-28 13:02:45 - [MESSAGE][PASSED] - Text 'Zenq1' is set on object 'Object Repository/CERTPAY_QUICKSTI/Payment_Information_Page/LAST_NAME'

2020-08-28 13:02:45 - [MESSAGE][PASSED] - Quicksti.ts:Entered'Zenq1 into LAstName

2020-08-28 13:02:45 - [MESSAGE][PASSED] - Object 'Object Repository/CERTPAY_QUICKSTI/Payment_Information_Page/CARD_NUMBER' is present

2020-08-28 13:02:45 - [MESSAGE][PASSED] - Object 'Object Repository/CERTPAY_QUICKSTI/Payment_Information_Page/CARD_NUMBER' is visible

2020-08-28 13:02:46 - [MESSAGE][PASSED] - Object 'Object Repository/CERTPAY_QUICKSTI/Payment_Information_Page/CARD_NUMBER' is present

2020-08-28 13:02:47 - [MESSAGE][PASSED] - Text '8171999900000018' is set on object 'Object Repository/CERTPAY_QUICKSTI/Payment_Information_Page/CARD_NUMBER'

2020-08-28 13:02:47 - [MESSAGE][PASSED] - Quicksti.ts:Entered'8171999900000018 into CardNum

2020-08-28 13:02:47 - [TEST_STEP][PASSED] - utilities.SafeActions.safeSelectOptionInDropdownByVisibleText(findTestObject("CERTPAY_QUICKSTI/Payment_Information_Page/PAYMENT_TYPE"), paymentType, "paymentType", [pageLoadTime]): selected dropdown option by visible text  Licensesfrom paymentType

2020-08-28 13:02:47 - [MESSAGE][PASSED] - Object 'Object Repository/CERTPAY_QUICKSTI/Payment_Information_Page/PAYMENT_TYPE' is visible

2020-08-28 13:02:48 - [MESSAGE][PASSED] - Object 'Object Repository/CERTPAY_QUICKSTI/Payment_Information_Page/PAYMENT_TYPE' is present

2020-08-28 13:02:49 - [MESSAGE][PASSED] - Object: 'Object Repository/CERTPAY_QUICKSTI/Payment_Information_Page/PAYMENT_TYPE' is clicked on

2020-08-28 13:02:50 - [MESSAGE][PASSED] - All options with label 'Licenses' are selected in object 'Object Repository/CERTPAY_QUICKSTI/Payment_Information_Page/PAYMENT_TYPE'  using regular expression

2020-08-28 13:02:50 - [MESSAGE][PASSED] - selected dropdown option by visible text  Licensesfrom paymentType

2020-08-28 13:02:50 - [TEST_STEP][PASSED] - pages.Quicksti.setExpDate(expMonth, expYear, securityCode): Quicksti.ts:Entered'111 into securityCode

2020-08-28 13:02:50 - [MESSAGE][PASSED] - Object 'Object Repository/CERTPAY_QUICKSTI/Payment_Information_Page/EXP_MONTH' is visible

2020-08-28 13:02:51 - [MESSAGE][PASSED] - Object 'Object Repository/CERTPAY_QUICKSTI/Payment_Information_Page/EXP_MONTH' is present

2020-08-28 13:02:52 - [MESSAGE][PASSED] - Object: 'Object Repository/CERTPAY_QUICKSTI/Payment_Information_Page/EXP_MONTH' is clicked on

2020-08-28 13:02:53 - [MESSAGE][PASSED] - All options with label '04' are selected in object 'Object Repository/CERTPAY_QUICKSTI/Payment_Information_Page/EXP_MONTH'  using regular expression

2020-08-28 13:02:53 - [MESSAGE][PASSED] - selected dropdown option by visible text  04from expMonth

2020-08-28 13:02:54 - [MESSAGE][PASSED] - Object 'Object Repository/CERTPAY_QUICKSTI/Payment_Information_Page/EXP_YEAR' is visible

2020-08-28 13:02:54 - [MESSAGE][PASSED] - Object 'Object Repository/CERTPAY_QUICKSTI/Payment_Information_Page/EXP_YEAR' is present

2020-08-28 13:02:55 - [MESSAGE][PASSED] - Object: 'Object Repository/CERTPAY_QUICKSTI/Payment_Information_Page/EXP_YEAR' is clicked on

2020-08-28 13:02:57 - [MESSAGE][PASSED] - All options with label '2027' are selected in object 'Object Repository/CERTPAY_QUICKSTI/Payment_Information_Page/EXP_YEAR'  using regular expression

2020-08-28 13:02:57 - [MESSAGE][PASSED] - selected dropdown option by visible text  2027from  expYear

2020-08-28 13:02:57 - [MESSAGE][PASSED] - Object 'Object Repository/CERTPAY_QUICKSTI/Payment_Information_Page/SECURITY_CODE' is present

2020-08-28 13:02:57 - [MESSAGE][PASSED] - Object 'Object Repository/CERTPAY_QUICKSTI/Payment_Information_Page/SECURITY_CODE' is visible

2020-08-28 13:02:58 - [MESSAGE][PASSED] - Object 'Object Repository/CERTPAY_QUICKSTI/Payment_Information_Page/SECURITY_CODE' is present

2020-08-28 13:02:59 - [MESSAGE][PASSED] - Text '111' is set on object 'Object Repository/CERTPAY_QUICKSTI/Payment_Information_Page/SECURITY_CODE'

2020-08-28 13:02:59 - [MESSAGE][PASSED] - Quicksti.ts:Entered'111 into securityCode

2020-08-28 13:02:59 - [TEST_STEP][PASSED] - pages.Quicksti.setPaymentAmountDetailsForSinglePayment(paymentAmount, quantity): Quicksti.ts:Entered'1 into Quantity

2020-08-28 13:02:59 - [MESSAGE][PASSED] - Object 'Object Repository/CERTPAY_QUICKSTI/Payment_Information_Page/PAYMENT_AMOUNT' is present

2020-08-28 13:03:00 - [MESSAGE][PASSED] - Object 'Object Repository/CERTPAY_QUICKSTI/Payment_Information_Page/PAYMENT_AMOUNT' is visible

2020-08-28 13:03:00 - [MESSAGE][PASSED] - Object 'Object Repository/CERTPAY_QUICKSTI/Payment_Information_Page/PAYMENT_AMOUNT' is present

2020-08-28 13:03:01 - [MESSAGE][PASSED] - Text '30.00' is set on object 'Object Repository/CERTPAY_QUICKSTI/Payment_Information_Page/PAYMENT_AMOUNT'

2020-08-28 13:03:01 - [MESSAGE][PASSED] - Quicksti.ts:Entered'30.00 into amount

2020-08-28 13:03:02 - [MESSAGE][PASSED] - Object 'Object Repository/CERTPAY_QUICKSTI/Payment_Information_Page/QUANTITY' is present

2020-08-28 13:03:02 - [MESSAGE][PASSED] - Object 'Object Repository/CERTPAY_QUICKSTI/Payment_Information_Page/QUANTITY' is visible

2020-08-28 13:03:02 - [MESSAGE][PASSED] - Object 'Object Repository/CERTPAY_QUICKSTI/Payment_Information_Page/QUANTITY' is present

2020-08-28 13:03:04 - [MESSAGE][PASSED] - Text '1' is set on object 'Object Repository/CERTPAY_QUICKSTI/Payment_Information_Page/QUANTITY'

2020-08-28 13:03:04 - [MESSAGE][PASSED] - Quicksti.ts:Entered'1 into Quantity

2020-08-28 13:03:04 - [TEST_STEP][PASSED] - utilities.SafeActions.safeType(findTestObject("CERTPAY_QUICKSTI/Payment_Information_Page/REFRENCE_NUMBER"), referenceNum, "Reference Number", [pageLoadTime]): Quicksti.ts:Entered'13 into Reference Number

2020-08-28 13:03:04 - [MESSAGE][PASSED] - Object 'Object Repository/CERTPAY_QUICKSTI/Payment_Information_Page/REFRENCE_NUMBER' is present

2020-08-28 13:03:04 - [MESSAGE][PASSED] - Object 'Object Repository/CERTPAY_QUICKSTI/Payment_Information_Page/REFRENCE_NUMBER' is visible

2020-08-28 13:03:05 - [MESSAGE][PASSED] - Object 'Object Repository/CERTPAY_QUICKSTI/Payment_Information_Page/REFRENCE_NUMBER' is present

2020-08-28 13:03:06 - [MESSAGE][PASSED] - Text '13' is set on object 'Object Repository/CERTPAY_QUICKSTI/Payment_Information_Page/REFRENCE_NUMBER'

2020-08-28 13:03:06 - [MESSAGE][PASSED] - Quicksti.ts:Entered'13 into Reference Number

2020-08-28 13:03:06 - [TEST_STEP][PASSED] - amount_Value = pages.Quicksti.getAttributeValue(findTestObject("CERTPAY_QUICKSTI/Payment_Information_Page/SUB_TOTAL")): pages.Quicksti.getAttributeValue is PASSED

2020-08-28 13:03:06 - [MESSAGE][PASSED] - Attribute 'value' of object 'Object Repository/CERTPAY_QUICKSTI/Payment_Information_Page/SUB_TOTAL' is: '30.00'

2020-08-28 13:03:06 - [MESSAGE][PASSED] - pages.Quicksti.getAttributeValue is PASSED

2020-08-28 13:03:06 - [TEST_STEP][PASSED] - utilities.SafeActions.safeType(findTestObject("CERTPAY_QUICKSTI/Payment_Information_Page/COMMENTS"), "Testing", "Comments", [pageLoadTime]): Quicksti.ts:Entered'Testing into Comments

2020-08-28 13:03:07 - [MESSAGE][PASSED] - Object 'Object Repository/CERTPAY_QUICKSTI/Payment_Information_Page/COMMENTS' is present

2020-08-28 13:03:07 - [MESSAGE][PASSED] - Object 'Object Repository/CERTPAY_QUICKSTI/Payment_Information_Page/COMMENTS' is visible

2020-08-28 13:03:07 - [MESSAGE][PASSED] - Object 'Object Repository/CERTPAY_QUICKSTI/Payment_Information_Page/COMMENTS' is present

2020-08-28 13:03:09 - [MESSAGE][PASSED] - Text 'Testing' is set on object 'Object Repository/CERTPAY_QUICKSTI/Payment_Information_Page/COMMENTS'

2020-08-28 13:03:09 - [MESSAGE][PASSED] - Quicksti.ts:Entered'Testing into Comments

2020-08-28 13:03:09 - [TEST_STEP][PASSED] - utilities.SafeActions.safeType(findTestObject("CERTPAY_QUICKSTI/Payment_Information_Page/ADDRESS"), address, "Address", [pageLoadTime]): Quicksti.ts:Entered'14-2 into Address

2020-08-28 13:03:09 - [MESSAGE][PASSED] - Object 'Object Repository/CERTPAY_QUICKSTI/Payment_Information_Page/ADDRESS' is present

2020-08-28 13:03:09 - [MESSAGE][PASSED] - Object 'Object Repository/CERTPAY_QUICKSTI/Payment_Information_Page/ADDRESS' is visible

2020-08-28 13:03:10 - [MESSAGE][PASSED] - Object 'Object Repository/CERTPAY_QUICKSTI/Payment_Information_Page/ADDRESS' is present

2020-08-28 13:03:11 - [MESSAGE][PASSED] - Text '14-2' is set on object 'Object Repository/CERTPAY_QUICKSTI/Payment_Information_Page/ADDRESS'

2020-08-28 13:03:11 - [MESSAGE][PASSED] - Quicksti.ts:Entered'14-2 into Address

2020-08-28 13:03:11 - [TEST_STEP][PASSED] - utilities.SafeActions.safeType(findTestObject("CERTPAY_QUICKSTI/Payment_Information_Page/ZIP_CODE"), zipCode, "zipcode", [pageLoadTime]): Quicksti.ts:Entered'76102 into zipcode

2020-08-28 13:03:11 - [MESSAGE][PASSED] - Object 'Object Repository/CERTPAY_QUICKSTI/Payment_Information_Page/ZIP_CODE' is present

2020-08-28 13:03:12 - [MESSAGE][PASSED] - Object 'Object Repository/CERTPAY_QUICKSTI/Payment_Information_Page/ZIP_CODE' is visible

2020-08-28 13:03:12 - [MESSAGE][PASSED] - Object 'Object Repository/CERTPAY_QUICKSTI/Payment_Information_Page/ZIP_CODE' is present

2020-08-28 13:03:13 - [MESSAGE][PASSED] - Text '76102' is set on object 'Object Repository/CERTPAY_QUICKSTI/Payment_Information_Page/ZIP_CODE'

2020-08-28 13:03:13 - [MESSAGE][PASSED] - Quicksti.ts:Entered'76102 into zipcode

2020-08-28 13:03:13 - [TEST_STEP][PASSED] - utilities.SafeActions.safeType(findTestObject("CERTPAY_QUICKSTI/Payment_Information_Page/TELEPHONE"), telephone, "Telephone", [pageLoadTime]): Quicksti.ts:Entered'9989897654 into Telephone

2020-08-28 13:03:14 - [MESSAGE][PASSED] - Object 'Object Repository/CERTPAY_QUICKSTI/Payment_Information_Page/TELEPHONE' is present

2020-08-28 13:03:14 - [MESSAGE][PASSED] - Object 'Object Repository/CERTPAY_QUICKSTI/Payment_Information_Page/TELEPHONE' is visible

2020-08-28 13:03:14 - [MESSAGE][PASSED] - Object 'Object Repository/CERTPAY_QUICKSTI/Payment_Information_Page/TELEPHONE' is present

2020-08-28 13:03:16 - [MESSAGE][PASSED] - Text '9989897654' is set on object 'Object Repository/CERTPAY_QUICKSTI/Payment_Information_Page/TELEPHONE'

2020-08-28 13:03:16 - [MESSAGE][PASSED] - Quicksti.ts:Entered'9989897654 into Telephone

2020-08-28 13:03:16 - [TEST_STEP][PASSED] - utilities.SafeActions.safeType(findTestObject("CERTPAY_QUICKSTI/Payment_Information_Page/EMAIL_ADDRESS"), emailAddress, "EMAIL address", [pageLoadTime]): Quicksti.ts:Entered'testing@zenq.com into EMAIL address

2020-08-28 13:03:16 - [MESSAGE][PASSED] - Object 'Object Repository/CERTPAY_QUICKSTI/Payment_Information_Page/EMAIL_ADDRESS' is present

2020-08-28 13:03:17 - [MESSAGE][PASSED] - Object 'Object Repository/CERTPAY_QUICKSTI/Payment_Information_Page/EMAIL_ADDRESS' is visible

2020-08-28 13:03:17 - [MESSAGE][PASSED] - Object 'Object Repository/CERTPAY_QUICKSTI/Payment_Information_Page/EMAIL_ADDRESS' is present

2020-08-28 13:03:18 - [MESSAGE][PASSED] - Text 'testing@zenq.com' is set on object 'Object Repository/CERTPAY_QUICKSTI/Payment_Information_Page/EMAIL_ADDRESS'

2020-08-28 13:03:18 - [MESSAGE][PASSED] - Quicksti.ts:Entered'testing@zenq.com into EMAIL address

2020-08-28 13:03:18 - [TEST_STEP][PASSED] - utilities.SafeActions.safeClick(findTestObject("CERTPAY_QUICKSTI/Payment_Information_Page/NEXT_BUTTON"), "Next", [pageLoadTime]): Quicksti.ts:Clicked on the Next

2020-08-28 13:03:18 - [MESSAGE][INFO] - safeClicking

2020-08-28 13:03:19 - [MESSAGE][PASSED] - Object 'Object Repository/CERTPAY_QUICKSTI/Payment_Information_Page/NEXT_BUTTON' is present

2020-08-28 13:03:19 - [MESSAGE][PASSED] - Object 'Object Repository/CERTPAY_QUICKSTI/Payment_Information_Page/NEXT_BUTTON' is clickable

2020-08-28 13:03:22 - [MESSAGE][PASSED] - Object: 'Object Repository/CERTPAY_QUICKSTI/Payment_Information_Page/NEXT_BUTTON' is clicked on

2020-08-28 13:03:22 - [MESSAGE][PASSED] - Quicksti.ts:Clicked on the Next

2020-08-28 13:03:22 - [TEST_STEP][PASSED] - pages.Quicksti.verifyUserPaymentDetails(paymentAmount, firstName, lastName, CardNumber): pages.Quicksti.verifyUserPaymentDetails is PASSED

2020-08-28 13:03:22 - [MESSAGE][PASSED] - Text of object 'Object Repository/CERTPAY_QUICKSTI/Payment_Details_Verification_Page/AMOUNT' is: '$30.00'

2020-08-28 13:03:22 - [MESSAGE][PASSED] - Actual text '30.00' and expected text '30.00' are matched  using regular expression

2020-08-28 13:03:23 - [MESSAGE][PASSED] - Text of object 'Object Repository/CERTPAY_QUICKSTI/Payment_Details_Verification_Page/NAME' is: 'Tester Zenq1'

2020-08-28 13:03:23 - [MESSAGE][PASSED] - Actual text 'Tester Zenq1' and expected text 'Tester Zenq1' are matched  using regular expression

2020-08-28 13:03:23 - [MESSAGE][PASSED] - Text of object 'Object Repository/CERTPAY_QUICKSTI/Payment_Details_Verification_Page/CARD_NUMBER' is: '...0018'

2020-08-28 13:03:23 - [MESSAGE][PASSED] - Actual text '0018' and expected text '0018' are matched  using regular expression

2020-08-28 13:03:23 - [MESSAGE][PASSED] - pages.Quicksti.verifyUserPaymentDetails is PASSED

2020-08-28 13:03:23 - [TEST_STEP][PASSED] - delay(2): Delayed 2 second(s)

2020-08-28 13:03:25 - [MESSAGE][PASSED] - Delayed 2 second(s)

2020-08-28 13:03:25 - [TEST_STEP][PASSED] - scrollToElement(findTestObject("CERTPAY_QUICKSTI/Payment_Details_Verification_Page/PROCESS"), 0): Scroll to object 'Object Repository/CERTPAY_QUICKSTI/Payment_Details_Verification_Page/PROCESS' successfully

2020-08-28 13:03:25 - [MESSAGE][WARNING] - Timeout '0' is invalid. Using default page load timeout: '30'

2020-08-28 13:03:26 - [MESSAGE][PASSED] - Scroll to object 'Object Repository/CERTPAY_QUICKSTI/Payment_Details_Verification_Page/PROCESS' successfully

2020-08-28 13:03:26 - [TEST_STEP][PASSED] - utilities.SafeActions.safeClick(findTestObject("CERTPAY_QUICKSTI/Payment_Details_Verification_Page/PROCESS"), "Process", [pageLoadTime]): Quicksti.ts:Clicked on the Process

2020-08-28 13:03:26 - [MESSAGE][INFO] - safeClicking

2020-08-28 13:03:26 - [MESSAGE][PASSED] - Object 'Object Repository/CERTPAY_QUICKSTI/Payment_Details_Verification_Page/PROCESS' is present

2020-08-28 13:03:26 - [MESSAGE][PASSED] - Object 'Object Repository/CERTPAY_QUICKSTI/Payment_Details_Verification_Page/PROCESS' is clickable

2020-08-28 13:03:31 - [MESSAGE][PASSED] - Object: 'Object Repository/CERTPAY_QUICKSTI/Payment_Details_Verification_Page/PROCESS' is clicked on

2020-08-28 13:03:31 - [MESSAGE][PASSED] - Quicksti.ts:Clicked on the Process

2020-08-28 13:03:31 - [TEST_STEP][PASSED] - paymentId = pages.Quicksti.verifyPaymentApproval(findTestObject("CERTPAY_QUICKSTI/Payment_Details_Verification_Page/APPROVED")): Payment is approved

2020-08-28 13:03:31 - [MESSAGE][PASSED] - Text of object 'Object Repository/CERTPAY_QUICKSTI/Payment_Details_Verification_Page/PAYMENT_ID' is: '100176102040'

2020-08-28 13:03:31 - [MESSAGE][PASSED] - Object 'Object Repository/CERTPAY_QUICKSTI/Payment_Details_Verification_Page/APPROVED' is present

2020-08-28 13:03:31 - [MESSAGE][PASSED] - Payment is approved

2020-08-28 13:03:33 - [TEST_STEP][PASSED] - navigateToUrl(Reports_url): Navigate to 'https://qa-certpayreports.faps.net/BureauLogin/login.aspx' successfully

2020-08-28 13:03:37 - [MESSAGE][PASSED] - Navigate to 'https://qa-certpayreports.faps.net/BureauLogin/login.aspx' successfully

2020-08-28 13:03:37 - [TEST_STEP][PASSED] - pages.Bureau_Login_Page.loginToReportsSite(userName, password, accessCode): Quicksti.ts:Clicked on the LOGIN

2020-08-28 13:03:37 - [MESSAGE][PASSED] - Object 'Object Repository/MAKE_ PAYMENT/Home_ Page/USER_NAME' is present

2020-08-28 13:03:38 - [MESSAGE][PASSED] - Object 'Object Repository/MAKE_ PAYMENT/Home_ Page/USER_NAME' is visible

2020-08-28 13:03:38 - [MESSAGE][PASSED] - Object 'Object Repository/MAKE_ PAYMENT/Home_ Page/USER_NAME' is present

2020-08-28 13:03:39 - [MESSAGE][PASSED] - Text 'ZenQ' is set on object 'Object Repository/MAKE_ PAYMENT/Home_ Page/USER_NAME'

2020-08-28 13:03:39 - [MESSAGE][PASSED] - Quicksti.ts:Entered'ZenQ into username

2020-08-28 13:03:40 - [MESSAGE][PASSED] - Object 'Object Repository/MAKE_ PAYMENT/Home_ Page/BUREAU_PASSWORD' is present

2020-08-28 13:03:40 - [MESSAGE][PASSED] - Object 'Object Repository/MAKE_ PAYMENT/Home_ Page/BUREAU_PASSWORD' is visible

2020-08-28 13:03:40 - [MESSAGE][PASSED] - Object 'Object Repository/MAKE_ PAYMENT/Home_ Page/BUREAU_PASSWORD' is present

2020-08-28 13:03:42 - [MESSAGE][PASSED] - Text 'Zenq@123' is set on object 'Object Repository/MAKE_ PAYMENT/Home_ Page/BUREAU_PASSWORD'

2020-08-28 13:03:42 - [MESSAGE][PASSED] - Quicksti.ts:Entered'Zenq@123 into password

2020-08-28 13:03:42 - [MESSAGE][PASSED] - Object 'Object Repository/MAKE_ PAYMENT/Home_ Page/BUREAU_ACCESS_CODE' is present

2020-08-28 13:03:42 - [MESSAGE][PASSED] - Object 'Object Repository/MAKE_ PAYMENT/Home_ Page/BUREAU_ACCESS_CODE' is visible

2020-08-28 13:03:42 - [MESSAGE][PASSED] - Object 'Object Repository/MAKE_ PAYMENT/Home_ Page/BUREAU_ACCESS_CODE' is present

2020-08-28 13:03:44 - [MESSAGE][PASSED] - Text 'certpaytest' is set on object 'Object Repository/MAKE_ PAYMENT/Home_ Page/BUREAU_ACCESS_CODE'

2020-08-28 13:03:44 - [MESSAGE][PASSED] - Quicksti.ts:Entered'certpaytest into AccessCode

2020-08-28 13:03:44 - [MESSAGE][INFO] - safeClicking

2020-08-28 13:03:44 - [MESSAGE][PASSED] - Object 'Object Repository/MAKE_ PAYMENT/Home_ Page/LOGIN_BUTTON' is present

2020-08-28 13:03:45 - [MESSAGE][PASSED] - Object 'Object Repository/MAKE_ PAYMENT/Home_ Page/LOGIN_BUTTON' is clickable

2020-08-28 13:03:49 - [MESSAGE][PASSED] - Object: 'Object Repository/MAKE_ PAYMENT/Home_ Page/LOGIN_BUTTON' is clicked on

2020-08-28 13:03:49 - [MESSAGE][PASSED] - Quicksti.ts:Clicked on the LOGIN

2020-08-28 13:03:49 - [TEST_STEP][PASSED] - utilities.SafeActions.safeClick(findTestObject("SEARCH_PAYMENT/REPORTING"), "Reporting", [pageLoadTime]): Quicksti.ts:Clicked on the Reporting

2020-08-28 13:03:50 - [MESSAGE][INFO] - safeClicking

2020-08-28 13:03:50 - [MESSAGE][PASSED] - Object 'Object Repository/SEARCH_PAYMENT/REPORTING' is present

2020-08-28 13:03:50 - [MESSAGE][PASSED] - Object 'Object Repository/SEARCH_PAYMENT/REPORTING' is clickable

2020-08-28 13:03:51 - [MESSAGE][PASSED] - Object: 'Object Repository/SEARCH_PAYMENT/REPORTING' is clicked on

2020-08-28 13:03:51 - [MESSAGE][PASSED] - Quicksti.ts:Clicked on the Reporting

2020-08-28 13:03:51 - [TEST_STEP][PASSED] - utilities.SafeActions.safeClick(findTestObject("SEARCH_PAYMENT/REPORTING"), "Reporting", [pageLoadTime]): Quicksti.ts:Clicked on the Reporting

2020-08-28 13:03:51 - [MESSAGE][INFO] - safeClicking

2020-08-28 13:03:52 - [MESSAGE][PASSED] - Object 'Object Repository/SEARCH_PAYMENT/REPORTING' is present

2020-08-28 13:03:52 - [MESSAGE][PASSED] - Object 'Object Repository/SEARCH_PAYMENT/REPORTING' is clickable

2020-08-28 13:03:53 - [MESSAGE][PASSED] - Object: 'Object Repository/SEARCH_PAYMENT/REPORTING' is clicked on

2020-08-28 13:03:53 - [MESSAGE][PASSED] - Quicksti.ts:Clicked on the Reporting

2020-08-28 13:03:53 - [TEST_STEP][PASSED] - utilities.SafeActions.safeClick(findTestObject("SEARCH_PAYMENT/QUICK_FIND_PAYMENT"), "Quick find payment", [pageLoadTime]): Quicksti.ts:Clicked on the Quick find payment

2020-08-28 13:03:53 - [MESSAGE][INFO] - safeClicking

2020-08-28 13:03:54 - [MESSAGE][PASSED] - Object 'Object Repository/SEARCH_PAYMENT/QUICK_FIND_PAYMENT' is present

2020-08-28 13:03:54 - [MESSAGE][PASSED] - Object 'Object Repository/SEARCH_PAYMENT/QUICK_FIND_PAYMENT' is clickable

2020-08-28 13:03:57 - [MESSAGE][PASSED] - Object: 'Object Repository/SEARCH_PAYMENT/QUICK_FIND_PAYMENT' is clicked on

2020-08-28 13:03:57 - [MESSAGE][PASSED] - Quicksti.ts:Clicked on the Quick find payment

2020-08-28 13:03:57 - [TEST_STEP][FAILED] - utilities.SafeActions.safeType(findTestObject("SEARCH_PAYMENT/PAYMENT_ID_INPUT_FIELD"), paymentId, "Payment id", [pageLoadTime]): Unable to verify object 'Object Repository/SEARCH_PAYMENT/PAYMENT_ID_INPUT_FIELD' is visible

2020-08-28 13:05:28 - [MESSAGE][INFO] - Unable to find the element located by 'By.xpath: //input[@id='MainContent_txtPaymentID']'. Please recheck the objects properties to make sure the desired element is located. 

2020-08-28 13:05:28 - [MESSAGE][WARNING] - Object 'Object Repository/SEARCH_PAYMENT/PAYMENT_ID_INPUT_FIELD' is not present after 60 second(s)

2020-08-28 13:06:14 - [MESSAGE][INFO] - Unable to find the element located by 'By.xpath: //input[@id='MainContent_txtPaymentID']'. Please recheck the objects properties to make sure the desired element is located. 

2020-08-28 13:06:15 - [MESSAGE][FAILED] - Web element with id: 'Object Repository/SEARCH_PAYMENT/PAYMENT_ID_INPUT_FIELD' located by 'By.xpath: //input[@id='MainContent_txtPaymentID']' not found (Root cause: com.kms.katalon.core.exception.StepFailedException: Web element with id: 'Object Repository/SEARCH_PAYMENT/PAYMENT_ID_INPUT_FIELD' located by 'By.xpath: //input[@id='MainContent_txtPaymentID']' not found
	at com.kms.katalon.core.webui.keyword.internal.WebUIKeywordMain.stepFailed(WebUIKeywordMain.groovy:64)
	at com.kms.katalon.core.webui.keyword.builtin.VerifyElementVisibleKeyword$_verifyElementVisible_closure1.doCall(VerifyElementVisibleKeyword.groovy:89)
	at com.kms.katalon.core.webui.keyword.builtin.VerifyElementVisibleKeyword$_verifyElementVisible_closure1.call(VerifyElementVisibleKeyword.groovy)
	at com.kms.katalon.core.webui.keyword.internal.WebUIKeywordMain.runKeyword(WebUIKeywordMain.groovy:20)
	at com.kms.katalon.core.webui.keyword.builtin.VerifyElementVisibleKeyword.verifyElementVisible(VerifyElementVisibleKeyword.groovy:97)
	at com.kms.katalon.core.webui.keyword.builtin.VerifyElementVisibleKeyword.execute(VerifyElementVisibleKeyword.groovy:67)
	at com.kms.katalon.core.keyword.internal.KeywordExecutor.executeKeywordForPlatform(KeywordExecutor.groovy:72)
	at com.kms.katalon.core.webui.keyword.WebUiBuiltInKeywords.verifyElementVisible(WebUiBuiltInKeywords.groovy:372)
	at com.kms.katalon.core.webui.keyword.WebUiBuiltInKeywords$verifyElementVisible$2.call(Unknown Source)
	at utilities.SafeActions.safeType(SafeActions.groovy:109)
	at utilities.SafeActions.invokeMethod(SafeActions.groovy)
	at com.kms.katalon.core.main.CustomKeywordDelegatingMetaClass.invokeStaticMethod(CustomKeywordDelegatingMetaClass.java:50)
	at TC_001_SingleBureauSite_SingleLinePayment.run(TC_001_SingleBureauSite_SingleLinePayment:134)
	at com.kms.katalon.core.main.ScriptEngine.run(ScriptEngine.java:194)
	at com.kms.katalon.core.main.ScriptEngine.runScriptAsRawText(ScriptEngine.java:119)
	at com.kms.katalon.core.main.TestCaseExecutor.runScript(TestCaseExecutor.java:337)
	at com.kms.katalon.core.main.TestCaseExecutor.doExecute(TestCaseExecutor.java:328)
	at com.kms.katalon.core.main.TestCaseExecutor.processExecutionPhase(TestCaseExecutor.java:307)
	at com.kms.katalon.core.main.TestCaseExecutor.accessMainPhase(TestCaseExecutor.java:299)
	at com.kms.katalon.core.main.TestCaseExecutor.execute(TestCaseExecutor.java:233)
	at com.kms.katalon.core.main.TestSuiteExecutor.accessTestCaseMainPhase(TestSuiteExecutor.java:169)
	at com.kms.katalon.core.main.TestSuiteExecutor.accessTestSuiteMainPhase(TestSuiteExecutor.java:142)
	at com.kms.katalon.core.main.TestSuiteExecutor.execute(TestSuiteExecutor.java:91)
	at com.kms.katalon.core.main.TestCaseMain.startTestSuite(TestCaseMain.java:157)
	at com.kms.katalon.core.main.TestCaseMain$startTestSuite$0.call(Unknown Source)
	at TempTestSuite1598599635439.run(TempTestSuite1598599635439.groovy:36)
)
[[ATTACHMENT|C:\\Users\\admin\\git\\Sush_Certpay\\Reports\\20200828_125714\\Certpay_testSuite\\Quicksti\\20200828_125715\\1598600174780.png]]

2020-08-28 13:06:16 - [MESSAGE][FAILED] - Unable to verify object 'Object Repository/SEARCH_PAYMENT/PAYMENT_ID_INPUT_FIELD' is visible (Root cause: com.kms.katalon.core.exception.StepFailedException: Unable to verify object 'Object Repository/SEARCH_PAYMENT/PAYMENT_ID_INPUT_FIELD' is visible
	at com.kms.katalon.core.webui.keyword.internal.WebUIKeywordMain.stepFailed(WebUIKeywordMain.groovy:64)
	at com.kms.katalon.core.webui.keyword.internal.WebUIKeywordMain.runKeyword(WebUIKeywordMain.groovy:26)
	at com.kms.katalon.core.webui.keyword.builtin.VerifyElementVisibleKeyword.verifyElementVisible(VerifyElementVisibleKeyword.groovy:97)
	at com.kms.katalon.core.webui.keyword.builtin.VerifyElementVisibleKeyword.execute(VerifyElementVisibleKeyword.groovy:67)
	at com.kms.katalon.core.keyword.internal.KeywordExecutor.executeKeywordForPlatform(KeywordExecutor.groovy:72)
	at com.kms.katalon.core.webui.keyword.WebUiBuiltInKeywords.verifyElementVisible(WebUiBuiltInKeywords.groovy:372)
	at com.kms.katalon.core.webui.keyword.WebUiBuiltInKeywords$verifyElementVisible$2.call(Unknown Source)
	at utilities.SafeActions.safeType(SafeActions.groovy:109)
	at utilities.SafeActions.invokeMethod(SafeActions.groovy)
	at com.kms.katalon.core.main.CustomKeywordDelegatingMetaClass.invokeStaticMethod(CustomKeywordDelegatingMetaClass.java:50)
	at TC_001_SingleBureauSite_SingleLinePayment.run(TC_001_SingleBureauSite_SingleLinePayment:134)
	at com.kms.katalon.core.main.ScriptEngine.run(ScriptEngine.java:194)
	at com.kms.katalon.core.main.ScriptEngine.runScriptAsRawText(ScriptEngine.java:119)
	at com.kms.katalon.core.main.TestCaseExecutor.runScript(TestCaseExecutor.java:337)
	at com.kms.katalon.core.main.TestCaseExecutor.doExecute(TestCaseExecutor.java:328)
	at com.kms.katalon.core.main.TestCaseExecutor.processExecutionPhase(TestCaseExecutor.java:307)
	at com.kms.katalon.core.main.TestCaseExecutor.accessMainPhase(TestCaseExecutor.java:299)
	at com.kms.katalon.core.main.TestCaseExecutor.execute(TestCaseExecutor.java:233)
	at com.kms.katalon.core.main.TestSuiteExecutor.accessTestCaseMainPhase(TestSuiteExecutor.java:169)
	at com.kms.katalon.core.main.TestSuiteExecutor.accessTestSuiteMainPhase(TestSuiteExecutor.java:142)
	at com.kms.katalon.core.main.TestSuiteExecutor.execute(TestSuiteExecutor.java:91)
	at com.kms.katalon.core.main.TestCaseMain.startTestSuite(TestCaseMain.java:157)
	at com.kms.katalon.core.main.TestCaseMain$startTestSuite$0.call(Unknown Source)
	at TempTestSuite1598599635439.run(TempTestSuite1598599635439.groovy:36)
Caused by: com.kms.katalon.core.exception.StepFailedException: Web element with id: 'Object Repository/SEARCH_PAYMENT/PAYMENT_ID_INPUT_FIELD' located by 'By.xpath: //input[@id='MainContent_txtPaymentID']' not found
	at com.kms.katalon.core.webui.keyword.internal.WebUIKeywordMain.stepFailed(WebUIKeywordMain.groovy:64)
	at com.kms.katalon.core.webui.keyword.builtin.VerifyElementVisibleKeyword$_verifyElementVisible_closure1.doCall(VerifyElementVisibleKeyword.groovy:89)
	at com.kms.katalon.core.webui.keyword.builtin.VerifyElementVisibleKeyword$_verifyElementVisible_closure1.call(VerifyElementVisibleKeyword.groovy)
	at com.kms.katalon.core.webui.keyword.internal.WebUIKeywordMain.runKeyword(WebUIKeywordMain.groovy:20)
	... 22 more
)
[[ATTACHMENT|C:\\Users\\admin\\git\\Sush_Certpay\\Reports\\20200828_125714\\Certpay_testSuite\\Quicksti\\20200828_125715\\1598600175777.png]]

2020-08-28 13:06:16 - [MESSAGE][FAILED] - Unable to verify object 'Object Repository/SEARCH_PAYMENT/PAYMENT_ID_INPUT_FIELD' is visible

2020-08-28 13:06:16 - [TEST_STEP][PASSED] - Start listener action : afterTestCase: Browser is closed

2020-08-28 13:06:16 - [TEST_STEP][PASSED] - closeBrowser(): Browser is closed

2020-08-28 13:06:17 - [MESSAGE][PASSED] - Browser is closed]]></system-out>
         <system-err><![CDATA[2020-08-28 12:57:31 - [TEST_CASE][FAILED] - Test Cases/Certpay_Quicksti/TC_001_SingleBureauSite_SingleLinePayment: Test Cases/Certpay_Quicksti/TC_001_SingleBureauSite_SingleLinePayment FAILED.
Reason:
com.kms.katalon.core.exception.StepFailedException: Unable to verify match
	at com.kms.katalon.core.util.KeywordUtil.markFailed(KeywordUtil.java:19)
	at com.kms.katalon.core.util.KeywordUtil$markFailed$1.call(Unknown Source)
	at pages.Search_Page.validateApprovedTransactionsInReports(Search_Page.groovy:106)
	at pages.Search_Page.invokeMethod(Search_Page.groovy)
	at com.kms.katalon.core.main.CustomKeywordDelegatingMetaClass.invokeStaticMethod(CustomKeywordDelegatingMetaClass.java:50)
	at TC_001_SingleBureauSite_SingleLinePayment.run(TC_001_SingleBureauSite_SingleLinePayment:140)
	at com.kms.katalon.core.main.ScriptEngine.run(ScriptEngine.java:194)
	at com.kms.katalon.core.main.ScriptEngine.runScriptAsRawText(ScriptEngine.java:119)
	at com.kms.katalon.core.main.TestCaseExecutor.runScript(TestCaseExecutor.java:337)
	at com.kms.katalon.core.main.TestCaseExecutor.doExecute(TestCaseExecutor.java:328)
	at com.kms.katalon.core.main.TestCaseExecutor.processExecutionPhase(TestCaseExecutor.java:307)
	at com.kms.katalon.core.main.TestCaseExecutor.accessMainPhase(TestCaseExecutor.java:299)
	at com.kms.katalon.core.main.TestCaseExecutor.execute(TestCaseExecutor.java:233)
	at com.kms.katalon.core.main.TestSuiteExecutor.accessTestCaseMainPhase(TestSuiteExecutor.java:169)
	at com.kms.katalon.core.main.TestSuiteExecutor.accessTestSuiteMainPhase(TestSuiteExecutor.java:142)
	at com.kms.katalon.core.main.TestSuiteExecutor.execute(TestSuiteExecutor.java:91)
	at com.kms.katalon.core.main.TestCaseMain.startTestSuite(TestCaseMain.java:157)
	at com.kms.katalon.core.main.TestCaseMain$startTestSuite$0.call(Unknown Source)
	at TempTestSuite1598599635439.run(TempTestSuite1598599635439.groovy:36)]]></system-err>
      </testcase>
      <testcase name="Test Cases/Certpay_Quicksti/TC_002_MultiBureauSite_SingleBureau_MultiLinePayment" time="619.378" classname="Test Cases/Certpay_Quicksti/TC_002_MultiBureauSite_SingleBureau_MultiLinePayment" status="FAILED">
         <failure type="FAILED" message="Test Cases/Certpay_Quicksti/TC_002_MultiBureauSite_SingleBureau_MultiLinePayment FAILED.
Reason:
com.kms.katalon.core.exception.StepFailedException: Unable to verify match
	at com.kms.katalon.core.util.KeywordUtil.markFailed(KeywordUtil.java:19)
	at com.kms.katalon.core.util.KeywordUtil$markFailed$1.call(Unknown Source)
	at pages.Search_Page.validateApprovedTransactionsInReports(Search_Page.groovy:106)
	at pages.Search_Page.invokeMethod(Search_Page.groovy)
	at com.kms.katalon.core.main.CustomKeywordDelegatingMetaClass.invokeStaticMethod(CustomKeywordDelegatingMetaClass.java:50)
	at TC_002_MultiBureauSite_SingleBureau_MultiLinePayment.run(TC_002_MultiBureauSite_SingleBureau_MultiLinePayment:158)
	at com.kms.katalon.core.main.ScriptEngine.run(ScriptEngine.java:194)
	at com.kms.katalon.core.main.ScriptEngine.runScriptAsRawText(ScriptEngine.java:119)
	at com.kms.katalon.core.main.TestCaseExecutor.runScript(TestCaseExecutor.java:337)
	at com.kms.katalon.core.main.TestCaseExecutor.doExecute(TestCaseExecutor.java:328)
	at com.kms.katalon.core.main.TestCaseExecutor.processExecutionPhase(TestCaseExecutor.java:307)
	at com.kms.katalon.core.main.TestCaseExecutor.accessMainPhase(TestCaseExecutor.java:299)
	at com.kms.katalon.core.main.TestCaseExecutor.execute(TestCaseExecutor.java:233)
	at com.kms.katalon.core.main.TestSuiteExecutor.accessTestCaseMainPhase(TestSuiteExecutor.java:169)
	at com.kms.katalon.core.main.TestSuiteExecutor.accessTestSuiteMainPhase(TestSuiteExecutor.java:142)
	at com.kms.katalon.core.main.TestSuiteExecutor.execute(TestSuiteExecutor.java:91)
	at com.kms.katalon.core.main.TestCaseMain.startTestSuite(TestCaseMain.java:157)
	at com.kms.katalon.core.main.TestCaseMain$startTestSuite$0.call(Unknown Source)
	at TempTestSuite1598599635439.run(TempTestSuite1598599635439.groovy:36)
"/>
         <system-out><![CDATA[2020-08-28 13:06:18 - [TEST_CASE][FAILED] - Test Cases/Certpay_Quicksti/TC_002_MultiBureauSite_SingleBureau_MultiLinePayment: Test Cases/Certpay_Quicksti/TC_002_MultiBureauSite_SingleBureau_MultiLinePayment FAILED.
Reason:
com.kms.katalon.core.exception.StepFailedException: Unable to verify match
	at com.kms.katalon.core.util.KeywordUtil.markFailed(KeywordUtil.java:19)
	at com.kms.katalon.core.util.KeywordUtil$markFailed$1.call(Unknown Source)
	at pages.Search_Page.validateApprovedTransactionsInReports(Search_Page.groovy:106)
	at pages.Search_Page.invokeMethod(Search_Page.groovy)
	at com.kms.katalon.core.main.CustomKeywordDelegatingMetaClass.invokeStaticMethod(CustomKeywordDelegatingMetaClass.java:50)
	at TC_002_MultiBureauSite_SingleBureau_MultiLinePayment.run(TC_002_MultiBureauSite_SingleBureau_MultiLinePayment:158)
	at com.kms.katalon.core.main.ScriptEngine.run(ScriptEngine.java:194)
	at com.kms.katalon.core.main.ScriptEngine.runScriptAsRawText(ScriptEngine.java:119)
	at com.kms.katalon.core.main.TestCaseExecutor.runScript(TestCaseExecutor.java:337)
	at com.kms.katalon.core.main.TestCaseExecutor.doExecute(TestCaseExecutor.java:328)
	at com.kms.katalon.core.main.TestCaseExecutor.processExecutionPhase(TestCaseExecutor.java:307)
	at com.kms.katalon.core.main.TestCaseExecutor.accessMainPhase(TestCaseExecutor.java:299)
	at com.kms.katalon.core.main.TestCaseExecutor.execute(TestCaseExecutor.java:233)
	at com.kms.katalon.core.main.TestSuiteExecutor.accessTestCaseMainPhase(TestSuiteExecutor.java:169)
	at com.kms.katalon.core.main.TestSuiteExecutor.accessTestSuiteMainPhase(TestSuiteExecutor.java:142)
	at com.kms.katalon.core.main.TestSuiteExecutor.execute(TestSuiteExecutor.java:91)
	at com.kms.katalon.core.main.TestCaseMain.startTestSuite(TestCaseMain.java:157)
	at com.kms.katalon.core.main.TestCaseMain$startTestSuite$0.call(Unknown Source)
	at TempTestSuite1598599635439.run(TempTestSuite1598599635439.groovy:36)


2020-08-28 13:06:18 - [TEST_STEP][PASSED] - Start listener action : beforeTestCase: null

2020-08-28 13:06:19 - [TEST_STEP][PASSED] - data = findTestData("Certpay/SingleBureau_MultiLine"): null

2020-08-28 13:06:19 - [TEST_STEP][PASSED] - amountList = []: null

2020-08-28 13:06:19 - [TEST_STEP][PASSED] - referenceList = []: null

2020-08-28 13:06:19 - [TEST_STEP][PASSED] - paymentTypeList = []: null

2020-08-28 13:06:19 - [TEST_STEP][PASSED] - quantityList = []: null

2020-08-28 13:06:19 - [TEST_STEP][PASSED] - commentsList = []: null

2020-08-28 13:06:19 - [TEST_STEP][PASSED] - paymentIdList = []: null

2020-08-28 13:06:19 - [TEST_STEP][PASSED] - list = new java.util.ArrayList(): null

2020-08-28 13:06:19 - [TEST_STEP][FAILED] - for (def index : (1..data.getRowNumbers())): null

2020-08-28 13:06:19 - [TEST_STEP][PASSED] - firstName = data.getValue("FirstName", index): null

2020-08-28 13:06:19 - [TEST_STEP][PASSED] - lastName = data.getValue("LastName", index): null

2020-08-28 13:06:19 - [TEST_STEP][PASSED] - cardNum = data.getValue("CardNumber", index): null

2020-08-28 13:06:19 - [TEST_STEP][PASSED] - expMonth = data.getValue("ExpMonth", index): null

2020-08-28 13:06:19 - [TEST_STEP][PASSED] - expYear = data.getValue("ExpYear", index): null

2020-08-28 13:06:19 - [TEST_STEP][PASSED] - securityCode = data.getValue("SecurityCode", index): null

2020-08-28 13:06:19 - [TEST_STEP][PASSED] - paymentAmount = data.getValue("PaymentAmount", index): null

2020-08-28 13:06:19 - [TEST_STEP][PASSED] - paymentType = data.getValue("PaymentType", index): null

2020-08-28 13:06:19 - [TEST_STEP][PASSED] - quantity = data.getValue("Quantity", index): null

2020-08-28 13:06:19 - [TEST_STEP][PASSED] - comments = data.getValue("Comments", index): null

2020-08-28 13:06:19 - [TEST_STEP][PASSED] - referenceNum = data.getValue("ReferenceNum", index): null

2020-08-28 13:06:19 - [TEST_STEP][PASSED] - address = data.getValue("Address", index): null

2020-08-28 13:06:19 - [TEST_STEP][PASSED] - zipCode = data.getValue("Zipcode", index): null

2020-08-28 13:06:19 - [TEST_STEP][PASSED] - telephone = data.getValue("Telephone", index): null

2020-08-28 13:06:19 - [TEST_STEP][PASSED] - emailAddress = data.getValue("EmailAddress", index): null

2020-08-28 13:06:19 - [TEST_STEP][PASSED] - cardType = data.getValue("CardType", index): null

2020-08-28 13:06:19 - [TEST_STEP][PASSED] - amountList = paymentAmount.split(","): null

2020-08-28 13:06:19 - [TEST_STEP][PASSED] - referenceList = referenceNum.split(","): null

2020-08-28 13:06:19 - [TEST_STEP][PASSED] - paymentTypeList = paymentType.split(","): null

2020-08-28 13:06:19 - [TEST_STEP][PASSED] - commentsList = comments.split(","): null

2020-08-28 13:06:19 - [TEST_STEP][PASSED] - quantityList = quantity.split(","): null

2020-08-28 13:06:19 - [TEST_STEP][PASSED] - utilities.SafeActions.openBrowser(Quicksti_Url, [pageLoadTime]): Browser launched successfully

2020-08-28 13:06:19 - [MESSAGE][INFO] - Opening Browser

2020-08-28 13:06:19 - [MESSAGE][INFO] - Starting 'Chrome' driver

2020-08-28 13:06:30 - [MESSAGE][PASSED] - Browser is opened with url: 'https://qa-certpayquicksti.faps.net/'

2020-08-28 13:06:32 - [MESSAGE][PASSED] - Current window maximized

2020-08-28 13:06:32 - [MESSAGE][PASSED] - Browser launched successfully

2020-08-28 13:06:32 - [TEST_STEP][PASSED] - utilities.SafeActions.safeCheck(findTestObject("CERTPAY_QUICKSTI/Login_ Page/MULTI_BUREAU_CHECKBOX"), "Multi Bureau", [pageLoadTime]): Quicksti.ts:Checkbox 'Multi Bureau'is selected

2020-08-28 13:06:32 - [MESSAGE][PASSED] - Object 'Object Repository/CERTPAY_QUICKSTI/Login_ Page/MULTI_BUREAU_CHECKBOX' is present

2020-08-28 13:06:34 - [MESSAGE][PASSED] - Object 'Object Repository/CERTPAY_QUICKSTI/Login_ Page/MULTI_BUREAU_CHECKBOX' is present

2020-08-28 13:06:35 - [MESSAGE][PASSED] - Object: 'Object Repository/CERTPAY_QUICKSTI/Login_ Page/MULTI_BUREAU_CHECKBOX' is clicked on

2020-08-28 13:06:35 - [MESSAGE][PASSED] - Quicksti.ts:Checkbox 'Multi Bureau'is selected

2020-08-28 13:06:35 - [TEST_STEP][PASSED] - utilities.SafeActions.safeType(findTestObject("CERTPAY_QUICKSTI/Login_ Page/TELLER_ID"), teller_id, "Bureau code", [pageLoadTime]): Quicksti.ts:Entered'zenq into Bureau code

2020-08-28 13:06:36 - [MESSAGE][PASSED] - Object 'Object Repository/CERTPAY_QUICKSTI/Login_ Page/TELLER_ID' is present

2020-08-28 13:06:36 - [MESSAGE][PASSED] - Object 'Object Repository/CERTPAY_QUICKSTI/Login_ Page/TELLER_ID' is visible

2020-08-28 13:06:37 - [MESSAGE][PASSED] - Object 'Object Repository/CERTPAY_QUICKSTI/Login_ Page/TELLER_ID' is present

2020-08-28 13:06:38 - [MESSAGE][PASSED] - Text 'zenq' is set on object 'Object Repository/CERTPAY_QUICKSTI/Login_ Page/TELLER_ID'

2020-08-28 13:06:38 - [MESSAGE][PASSED] - Quicksti.ts:Entered'zenq into Bureau code

2020-08-28 13:06:38 - [TEST_STEP][PASSED] - utilities.SafeActions.safeClick(findTestObject("CERTPAY_QUICKSTI/Login_ Page/NEXT_BUTTON"), "Next button", [pageLoadTime]): Quicksti.ts:Clicked on the Next button

2020-08-28 13:06:38 - [MESSAGE][INFO] - safeClicking

2020-08-28 13:06:38 - [MESSAGE][PASSED] - Object 'Object Repository/CERTPAY_QUICKSTI/Login_ Page/NEXT_BUTTON' is present

2020-08-28 13:06:39 - [MESSAGE][PASSED] - Object 'Object Repository/CERTPAY_QUICKSTI/Login_ Page/NEXT_BUTTON' is clickable

2020-08-28 13:06:44 - [MESSAGE][PASSED] - Object: 'Object Repository/CERTPAY_QUICKSTI/Login_ Page/NEXT_BUTTON' is clicked on

2020-08-28 13:06:44 - [MESSAGE][PASSED] - Quicksti.ts:Clicked on the Next button

2020-08-28 13:06:44 - [TEST_STEP][PASSED] - for ([i = 0, i <= amountList.size() - 1, (i++)]): Quicksti.ts:Entered'2 into Quntity

2020-08-28 13:06:44 - [TEST_STEP][PASSED] - s = Integer.toString(i): null

2020-08-28 13:06:44 - [TEST_STEP][PASSED] - pages.Quicksti.setCommnets("0", s, commentsList.get(i)): Quicksti.ts:Entered'Testing into Comments

2020-08-28 13:06:44 - [MESSAGE][PASSED] - Object '' is present

2020-08-28 13:06:44 - [MESSAGE][PASSED] - Object '' is visible

2020-08-28 13:06:45 - [MESSAGE][PASSED] - Object '' is present

2020-08-28 13:06:46 - [MESSAGE][PASSED] - Text 'Testing' is set on object ''

2020-08-28 13:06:46 - [MESSAGE][PASSED] - Quicksti.ts:Entered'Testing into Comments

2020-08-28 13:06:46 - [TEST_STEP][PASSED] - utilities.SafeActions.safeType(findTestObject("CERTPAY_QUICKSTI/Payment_Information_Page/PAYMENT_AMOUNT"), amountList.get(i), "Payment Amount", [pageLoadTime]): Quicksti.ts:Entered'45.00 into Payment Amount

2020-08-28 13:06:47 - [MESSAGE][PASSED] - Object 'Object Repository/CERTPAY_QUICKSTI/Payment_Information_Page/PAYMENT_AMOUNT' is present

2020-08-28 13:06:47 - [MESSAGE][PASSED] - Object 'Object Repository/CERTPAY_QUICKSTI/Payment_Information_Page/PAYMENT_AMOUNT' is visible

2020-08-28 13:06:47 - [MESSAGE][PASSED] - Object 'Object Repository/CERTPAY_QUICKSTI/Payment_Information_Page/PAYMENT_AMOUNT' is present

2020-08-28 13:06:49 - [MESSAGE][PASSED] - Text '45.00' is set on object 'Object Repository/CERTPAY_QUICKSTI/Payment_Information_Page/PAYMENT_AMOUNT'

2020-08-28 13:06:49 - [MESSAGE][PASSED] - Quicksti.ts:Entered'45.00 into Payment Amount

2020-08-28 13:06:49 - [TEST_STEP][PASSED] - pages.Quicksti.setAmountDetailsForMultiBureau(s, paymentTypeList.get(i), "0", referenceList.get(i), quantityList.get(i)): Quicksti.ts:Entered'1 into Quntity

2020-08-28 13:06:49 - [MESSAGE][PASSED] - Object '' is visible

2020-08-28 13:06:49 - [MESSAGE][PASSED] - Object '' is present

2020-08-28 13:06:51 - [MESSAGE][PASSED] - Object: '' is clicked on

2020-08-28 13:06:52 - [MESSAGE][PASSED] - All options with label 'Licenses' are selected in object ''  using regular expression

2020-08-28 13:06:52 - [MESSAGE][PASSED] - selected dropdown option by visible text  Licensesfrom Payment Type

2020-08-28 13:06:52 - [MESSAGE][PASSED] - Object '' is present

2020-08-28 13:06:53 - [MESSAGE][PASSED] - Object '' is visible

2020-08-28 13:06:53 - [MESSAGE][PASSED] - Object '' is present

2020-08-28 13:06:54 - [MESSAGE][PASSED] - Text '11' is set on object ''

2020-08-28 13:06:54 - [MESSAGE][PASSED] - Quicksti.ts:Entered'11 into RefrenceNumber

2020-08-28 13:06:55 - [MESSAGE][PASSED] - Object '' is present

2020-08-28 13:06:55 - [MESSAGE][PASSED] - Object '' is visible

2020-08-28 13:06:55 - [MESSAGE][PASSED] - Object '' is present

2020-08-28 13:06:57 - [MESSAGE][PASSED] - Text '1' is set on object ''

2020-08-28 13:06:57 - [MESSAGE][PASSED] - Quicksti.ts:Entered'1 into Quntity

2020-08-28 13:06:57 - [TEST_STEP][PASSED] - s = Integer.toString(i): null

2020-08-28 13:06:57 - [TEST_STEP][PASSED] - pages.Quicksti.setCommnets("0", s, commentsList.get(i)): Quicksti.ts:Entered'Tester into Comments

2020-08-28 13:06:57 - [MESSAGE][PASSED] - Object '' is present

2020-08-28 13:06:57 - [MESSAGE][PASSED] - Object '' is visible

2020-08-28 13:06:58 - [MESSAGE][PASSED] - Object '' is present

2020-08-28 13:06:59 - [MESSAGE][PASSED] - Text 'Tester' is set on object ''

2020-08-28 13:06:59 - [MESSAGE][PASSED] - Quicksti.ts:Entered'Tester into Comments

2020-08-28 13:06:59 - [TEST_STEP][PASSED] - utilities.SafeActions.safeType(findTestObject("CERTPAY_QUICKSTI/Payment_Information_Page/PAYMENT_AMOUNT"), amountList.get(i), "Payment Amount", [pageLoadTime]): Quicksti.ts:Entered'35.00 into Payment Amount

2020-08-28 13:07:00 - [MESSAGE][PASSED] - Object 'Object Repository/CERTPAY_QUICKSTI/Payment_Information_Page/PAYMENT_AMOUNT' is present

2020-08-28 13:07:00 - [MESSAGE][PASSED] - Object 'Object Repository/CERTPAY_QUICKSTI/Payment_Information_Page/PAYMENT_AMOUNT' is visible

2020-08-28 13:07:00 - [MESSAGE][PASSED] - Object 'Object Repository/CERTPAY_QUICKSTI/Payment_Information_Page/PAYMENT_AMOUNT' is present

2020-08-28 13:07:02 - [MESSAGE][PASSED] - Text '35.00' is set on object 'Object Repository/CERTPAY_QUICKSTI/Payment_Information_Page/PAYMENT_AMOUNT'

2020-08-28 13:07:02 - [MESSAGE][PASSED] - Quicksti.ts:Entered'35.00 into Payment Amount

2020-08-28 13:07:02 - [TEST_STEP][PASSED] - pages.Quicksti.setAmountDetailsForMultiBureau(s, paymentTypeList.get(i), "0", referenceList.get(i), quantityList.get(i)): Quicksti.ts:Entered'2 into Quntity

2020-08-28 13:07:02 - [MESSAGE][PASSED] - Object '' is visible

2020-08-28 13:07:03 - [MESSAGE][PASSED] - Object '' is present

2020-08-28 13:07:04 - [MESSAGE][PASSED] - Object: '' is clicked on

2020-08-28 13:07:05 - [MESSAGE][PASSED] - All options with label 'Taxes' are selected in object ''  using regular expression

2020-08-28 13:07:05 - [MESSAGE][PASSED] - selected dropdown option by visible text  Taxesfrom Payment Type

2020-08-28 13:07:06 - [MESSAGE][PASSED] - Object '' is present

2020-08-28 13:07:06 - [MESSAGE][PASSED] - Object '' is visible

2020-08-28 13:07:07 - [MESSAGE][PASSED] - Object '' is present

2020-08-28 13:07:08 - [MESSAGE][PASSED] - Text '12' is set on object ''

2020-08-28 13:07:08 - [MESSAGE][PASSED] - Quicksti.ts:Entered'12 into RefrenceNumber

2020-08-28 13:07:08 - [MESSAGE][PASSED] - Object '' is present

2020-08-28 13:07:08 - [MESSAGE][PASSED] - Object '' is visible

2020-08-28 13:07:09 - [MESSAGE][PASSED] - Object '' is present

2020-08-28 13:07:10 - [MESSAGE][PASSED] - Text '2' is set on object ''

2020-08-28 13:07:10 - [MESSAGE][PASSED] - Quicksti.ts:Entered'2 into Quntity

2020-08-28 13:07:10 - [TEST_STEP][PASSED] - amount_Value = pages.Quicksti.getAttributeValue(findTestObject("CERTPAY_QUICKSTI/Payment_Information_Page/SUB_TOTAL")): pages.Quicksti.getAttributeValue is PASSED

2020-08-28 13:07:10 - [MESSAGE][PASSED] - Attribute 'value' of object 'Object Repository/CERTPAY_QUICKSTI/Payment_Information_Page/SUB_TOTAL' is: '45.00'

2020-08-28 13:07:10 - [MESSAGE][PASSED] - pages.Quicksti.getAttributeValue is PASSED

2020-08-28 13:07:10 - [TEST_STEP][PASSED] - utilities.SafeActions.safeClick(findTestObject("CERTPAY_QUICKSTI/Payment_Information_Page/MANUAL_ENTRY_BUTTON"), "ManualEntry", [pageLoadTime]): Quicksti.ts:Clicked on the ManualEntry

2020-08-28 13:07:11 - [MESSAGE][INFO] - safeClicking

2020-08-28 13:07:11 - [MESSAGE][PASSED] - Object 'Object Repository/CERTPAY_QUICKSTI/Payment_Information_Page/MANUAL_ENTRY_BUTTON' is present

2020-08-28 13:07:11 - [MESSAGE][PASSED] - Object 'Object Repository/CERTPAY_QUICKSTI/Payment_Information_Page/MANUAL_ENTRY_BUTTON' is clickable

2020-08-28 13:07:15 - [MESSAGE][PASSED] - Object: 'Object Repository/CERTPAY_QUICKSTI/Payment_Information_Page/MANUAL_ENTRY_BUTTON' is clicked on

2020-08-28 13:07:15 - [MESSAGE][PASSED] - Quicksti.ts:Clicked on the ManualEntry

2020-08-28 13:07:15 - [TEST_STEP][PASSED] - CardNumber = pages.Quicksti.setUserPaymentDetails(firstName, lastName, cardNum): Quicksti.ts:Entered'4761739001010135 into CardNum

2020-08-28 13:07:15 - [MESSAGE][PASSED] - Object 'Object Repository/CERTPAY_QUICKSTI/Payment_Information_Page/FIRST_NAME' is present

2020-08-28 13:07:16 - [MESSAGE][PASSED] - Object 'Object Repository/CERTPAY_QUICKSTI/Payment_Information_Page/FIRST_NAME' is visible

2020-08-28 13:07:16 - [MESSAGE][PASSED] - Object 'Object Repository/CERTPAY_QUICKSTI/Payment_Information_Page/FIRST_NAME' is present

2020-08-28 13:07:18 - [MESSAGE][PASSED] - Text 'Tester' is set on object 'Object Repository/CERTPAY_QUICKSTI/Payment_Information_Page/FIRST_NAME'

2020-08-28 13:07:18 - [MESSAGE][PASSED] - Quicksti.ts:Entered'Tester into FirstName

2020-08-28 13:07:18 - [MESSAGE][PASSED] - Object 'Object Repository/CERTPAY_QUICKSTI/Payment_Information_Page/LAST_NAME' is present

2020-08-28 13:07:18 - [MESSAGE][PASSED] - Object 'Object Repository/CERTPAY_QUICKSTI/Payment_Information_Page/LAST_NAME' is visible

2020-08-28 13:07:19 - [MESSAGE][PASSED] - Object 'Object Repository/CERTPAY_QUICKSTI/Payment_Information_Page/LAST_NAME' is present

2020-08-28 13:07:20 - [MESSAGE][PASSED] - Text 'Zenq1' is set on object 'Object Repository/CERTPAY_QUICKSTI/Payment_Information_Page/LAST_NAME'

2020-08-28 13:07:20 - [MESSAGE][PASSED] - Quicksti.ts:Entered'Zenq1 into LAstName

2020-08-28 13:07:20 - [MESSAGE][PASSED] - Object 'Object Repository/CERTPAY_QUICKSTI/Payment_Information_Page/CARD_NUMBER' is present

2020-08-28 13:07:21 - [MESSAGE][PASSED] - Object 'Object Repository/CERTPAY_QUICKSTI/Payment_Information_Page/CARD_NUMBER' is visible

2020-08-28 13:07:21 - [MESSAGE][PASSED] - Object 'Object Repository/CERTPAY_QUICKSTI/Payment_Information_Page/CARD_NUMBER' is present

2020-08-28 13:07:22 - [MESSAGE][PASSED] - Text '4761739001010135' is set on object 'Object Repository/CERTPAY_QUICKSTI/Payment_Information_Page/CARD_NUMBER'

2020-08-28 13:07:22 - [MESSAGE][PASSED] - Quicksti.ts:Entered'4761739001010135 into CardNum

2020-08-28 13:07:22 - [TEST_STEP][PASSED] - pages.Quicksti.setExpDate(expMonth, expYear, securityCode): Quicksti.ts:Entered'207 into securityCode

2020-08-28 13:07:23 - [MESSAGE][PASSED] - Object 'Object Repository/CERTPAY_QUICKSTI/Payment_Information_Page/EXP_MONTH' is visible

2020-08-28 13:07:23 - [MESSAGE][PASSED] - Object 'Object Repository/CERTPAY_QUICKSTI/Payment_Information_Page/EXP_MONTH' is present

2020-08-28 13:07:24 - [MESSAGE][PASSED] - Object: 'Object Repository/CERTPAY_QUICKSTI/Payment_Information_Page/EXP_MONTH' is clicked on

2020-08-28 13:07:26 - [MESSAGE][PASSED] - All options with label '03' are selected in object 'Object Repository/CERTPAY_QUICKSTI/Payment_Information_Page/EXP_MONTH'  using regular expression

2020-08-28 13:07:26 - [MESSAGE][PASSED] - selected dropdown option by visible text  03from expMonth

2020-08-28 13:07:26 - [MESSAGE][PASSED] - Object 'Object Repository/CERTPAY_QUICKSTI/Payment_Information_Page/EXP_YEAR' is visible

2020-08-28 13:07:26 - [MESSAGE][PASSED] - Object 'Object Repository/CERTPAY_QUICKSTI/Payment_Information_Page/EXP_YEAR' is present

2020-08-28 13:07:27 - [MESSAGE][PASSED] - Object: 'Object Repository/CERTPAY_QUICKSTI/Payment_Information_Page/EXP_YEAR' is clicked on

2020-08-28 13:07:29 - [MESSAGE][PASSED] - All options with label '2022' are selected in object 'Object Repository/CERTPAY_QUICKSTI/Payment_Information_Page/EXP_YEAR'  using regular expression

2020-08-28 13:07:29 - [MESSAGE][PASSED] - selected dropdown option by visible text  2022from  expYear

2020-08-28 13:07:29 - [MESSAGE][PASSED] - Object 'Object Repository/CERTPAY_QUICKSTI/Payment_Information_Page/SECURITY_CODE' is present

2020-08-28 13:07:30 - [MESSAGE][PASSED] - Object 'Object Repository/CERTPAY_QUICKSTI/Payment_Information_Page/SECURITY_CODE' is visible

2020-08-28 13:07:30 - [MESSAGE][PASSED] - Object 'Object Repository/CERTPAY_QUICKSTI/Payment_Information_Page/SECURITY_CODE' is present

2020-08-28 13:07:31 - [MESSAGE][PASSED] - Text '207' is set on object 'Object Repository/CERTPAY_QUICKSTI/Payment_Information_Page/SECURITY_CODE'

2020-08-28 13:07:31 - [MESSAGE][PASSED] - Quicksti.ts:Entered'207 into securityCode

2020-08-28 13:07:31 - [TEST_STEP][PASSED] - utilities.SafeActions.safeType(findTestObject("CERTPAY_QUICKSTI/Payment_Information_Page/ADDRESS"), address, "Address", [pageLoadTime]): Quicksti.ts:Entered'14-2 into Address

2020-08-28 13:07:32 - [MESSAGE][PASSED] - Object 'Object Repository/CERTPAY_QUICKSTI/Payment_Information_Page/ADDRESS' is present

2020-08-28 13:07:32 - [MESSAGE][PASSED] - Object 'Object Repository/CERTPAY_QUICKSTI/Payment_Information_Page/ADDRESS' is visible

2020-08-28 13:07:32 - [MESSAGE][PASSED] - Object 'Object Repository/CERTPAY_QUICKSTI/Payment_Information_Page/ADDRESS' is present

2020-08-28 13:07:34 - [MESSAGE][PASSED] - Text '14-2' is set on object 'Object Repository/CERTPAY_QUICKSTI/Payment_Information_Page/ADDRESS'

2020-08-28 13:07:34 - [MESSAGE][PASSED] - Quicksti.ts:Entered'14-2 into Address

2020-08-28 13:07:34 - [TEST_STEP][PASSED] - utilities.SafeActions.safeType(findTestObject("CERTPAY_QUICKSTI/Payment_Information_Page/ZIP_CODE"), zipCode, "zipcode", [pageLoadTime]): Quicksti.ts:Entered'76102 into zipcode

2020-08-28 13:07:34 - [MESSAGE][PASSED] - Object 'Object Repository/CERTPAY_QUICKSTI/Payment_Information_Page/ZIP_CODE' is present

2020-08-28 13:07:34 - [MESSAGE][PASSED] - Object 'Object Repository/CERTPAY_QUICKSTI/Payment_Information_Page/ZIP_CODE' is visible

2020-08-28 13:07:35 - [MESSAGE][PASSED] - Object 'Object Repository/CERTPAY_QUICKSTI/Payment_Information_Page/ZIP_CODE' is present

2020-08-28 13:07:36 - [MESSAGE][PASSED] - Text '76102' is set on object 'Object Repository/CERTPAY_QUICKSTI/Payment_Information_Page/ZIP_CODE'

2020-08-28 13:07:36 - [MESSAGE][PASSED] - Quicksti.ts:Entered'76102 into zipcode

2020-08-28 13:07:36 - [TEST_STEP][PASSED] - utilities.SafeActions.safeType(findTestObject("CERTPAY_QUICKSTI/Payment_Information_Page/TELEPHONE"), telephone, "Telephone", [pageLoadTime]): Quicksti.ts:Entered'9988776655 into Telephone

2020-08-28 13:07:37 - [MESSAGE][PASSED] - Object 'Object Repository/CERTPAY_QUICKSTI/Payment_Information_Page/TELEPHONE' is present

2020-08-28 13:07:37 - [MESSAGE][PASSED] - Object 'Object Repository/CERTPAY_QUICKSTI/Payment_Information_Page/TELEPHONE' is visible

2020-08-28 13:07:37 - [MESSAGE][PASSED] - Object 'Object Repository/CERTPAY_QUICKSTI/Payment_Information_Page/TELEPHONE' is present

2020-08-28 13:07:39 - [MESSAGE][PASSED] - Text '9988776655' is set on object 'Object Repository/CERTPAY_QUICKSTI/Payment_Information_Page/TELEPHONE'

2020-08-28 13:07:39 - [MESSAGE][PASSED] - Quicksti.ts:Entered'9988776655 into Telephone

2020-08-28 13:07:39 - [TEST_STEP][PASSED] - utilities.SafeActions.safeType(findTestObject("CERTPAY_QUICKSTI/Payment_Information_Page/EMAIL_ADDRESS"), emailAddress, "EMAIL address", [pageLoadTime]): Quicksti.ts:Entered'testing@zenq.com into EMAIL address

2020-08-28 13:07:39 - [MESSAGE][PASSED] - Object 'Object Repository/CERTPAY_QUICKSTI/Payment_Information_Page/EMAIL_ADDRESS' is present

2020-08-28 13:07:39 - [MESSAGE][PASSED] - Object 'Object Repository/CERTPAY_QUICKSTI/Payment_Information_Page/EMAIL_ADDRESS' is visible

2020-08-28 13:07:40 - [MESSAGE][PASSED] - Object 'Object Repository/CERTPAY_QUICKSTI/Payment_Information_Page/EMAIL_ADDRESS' is present

2020-08-28 13:07:41 - [MESSAGE][PASSED] - Text 'testing@zenq.com' is set on object 'Object Repository/CERTPAY_QUICKSTI/Payment_Information_Page/EMAIL_ADDRESS'

2020-08-28 13:07:41 - [MESSAGE][PASSED] - Quicksti.ts:Entered'testing@zenq.com into EMAIL address

2020-08-28 13:07:41 - [TEST_STEP][PASSED] - utilities.SafeActions.safeClick(findTestObject("CERTPAY_QUICKSTI/Payment_Information_Page/NEXT_BUTTON"), "Next", [pageLoadTime]): Quicksti.ts:Clicked on the Next

2020-08-28 13:07:41 - [MESSAGE][INFO] - safeClicking

2020-08-28 13:07:42 - [MESSAGE][PASSED] - Object 'Object Repository/CERTPAY_QUICKSTI/Payment_Information_Page/NEXT_BUTTON' is present

2020-08-28 13:07:42 - [MESSAGE][PASSED] - Object 'Object Repository/CERTPAY_QUICKSTI/Payment_Information_Page/NEXT_BUTTON' is clickable

2020-08-28 13:07:45 - [MESSAGE][PASSED] - Object: 'Object Repository/CERTPAY_QUICKSTI/Payment_Information_Page/NEXT_BUTTON' is clicked on

2020-08-28 13:07:45 - [MESSAGE][PASSED] - Quicksti.ts:Clicked on the Next

2020-08-28 13:07:45 - [TEST_STEP][PASSED] - pages.Quicksti.verifyUserPaymentDetails(amountList.get(0), firstName, lastName, CardNumber): pages.Quicksti.verifyUserPaymentDetails is PASSED

2020-08-28 13:07:46 - [MESSAGE][PASSED] - Text of object 'Object Repository/CERTPAY_QUICKSTI/Payment_Details_Verification_Page/AMOUNT' is: '$45.00'

2020-08-28 13:07:46 - [MESSAGE][PASSED] - Actual text '45.00' and expected text '45.00' are matched  using regular expression

2020-08-28 13:07:46 - [MESSAGE][PASSED] - Text of object 'Object Repository/CERTPAY_QUICKSTI/Payment_Details_Verification_Page/NAME' is: 'Tester Zenq1'

2020-08-28 13:07:46 - [MESSAGE][PASSED] - Actual text 'Tester Zenq1' and expected text 'Tester Zenq1' are matched  using regular expression

2020-08-28 13:07:47 - [MESSAGE][PASSED] - Text of object 'Object Repository/CERTPAY_QUICKSTI/Payment_Details_Verification_Page/CARD_NUMBER' is: '...0135'

2020-08-28 13:07:47 - [MESSAGE][PASSED] - Actual text '0135' and expected text '0135' are matched  using regular expression

2020-08-28 13:07:47 - [MESSAGE][PASSED] - pages.Quicksti.verifyUserPaymentDetails is PASSED

2020-08-28 13:07:47 - [TEST_STEP][PASSED] - delay(2): Delayed 2 second(s)

2020-08-28 13:07:49 - [MESSAGE][PASSED] - Delayed 2 second(s)

2020-08-28 13:07:49 - [TEST_STEP][PASSED] - scrollToElement(findTestObject("CERTPAY_QUICKSTI/Payment_Details_Verification_Page/PROCESS"), 0): Scroll to object 'Object Repository/CERTPAY_QUICKSTI/Payment_Details_Verification_Page/PROCESS' successfully

2020-08-28 13:07:49 - [MESSAGE][WARNING] - Timeout '0' is invalid. Using default page load timeout: '30'

2020-08-28 13:07:49 - [MESSAGE][PASSED] - Scroll to object 'Object Repository/CERTPAY_QUICKSTI/Payment_Details_Verification_Page/PROCESS' successfully

2020-08-28 13:07:49 - [TEST_STEP][PASSED] - utilities.SafeActions.safeClick(findTestObject("CERTPAY_QUICKSTI/Payment_Details_Verification_Page/PROCESS"), "Process", [pageLoadTime]): Quicksti.ts:Clicked on the Process

2020-08-28 13:07:49 - [MESSAGE][INFO] - safeClicking

2020-08-28 13:07:50 - [MESSAGE][PASSED] - Object 'Object Repository/CERTPAY_QUICKSTI/Payment_Details_Verification_Page/PROCESS' is present

2020-08-28 13:07:50 - [MESSAGE][PASSED] - Object 'Object Repository/CERTPAY_QUICKSTI/Payment_Details_Verification_Page/PROCESS' is clickable

2020-08-28 13:07:55 - [MESSAGE][PASSED] - Object: 'Object Repository/CERTPAY_QUICKSTI/Payment_Details_Verification_Page/PROCESS' is clicked on

2020-08-28 13:07:55 - [MESSAGE][PASSED] - Quicksti.ts:Clicked on the Process

2020-08-28 13:07:55 - [TEST_STEP][PASSED] - PaymentID = pages.Quicksti.verifyPaymentApproval(findTestObject("CERTPAY_QUICKSTI/Payment_Details_Verification_Page/APPROVED")): Payment is approved

2020-08-28 13:07:56 - [MESSAGE][PASSED] - Text of object 'Object Repository/CERTPAY_QUICKSTI/Payment_Details_Verification_Page/PAYMENT_ID' is: '100176102044'

2020-08-28 13:07:56 - [MESSAGE][PASSED] - Object 'Object Repository/CERTPAY_QUICKSTI/Payment_Details_Verification_Page/APPROVED' is present

2020-08-28 13:07:56 - [MESSAGE][PASSED] - Payment is approved

2020-08-28 13:07:58 - [TEST_STEP][PASSED] - navigateToUrl(Reports_url): Navigate to 'https://qa-certpayreports.faps.net/BureauLogin/login.aspx' successfully

2020-08-28 13:08:02 - [MESSAGE][PASSED] - Navigate to 'https://qa-certpayreports.faps.net/BureauLogin/login.aspx' successfully

2020-08-28 13:08:02 - [TEST_STEP][PASSED] - pages.Bureau_Login_Page.loginToReportsSite(userName, password, accessCode): Quicksti.ts:Clicked on the LOGIN

2020-08-28 13:08:03 - [MESSAGE][PASSED] - Object 'Object Repository/MAKE_ PAYMENT/Home_ Page/USER_NAME' is present

2020-08-28 13:08:03 - [MESSAGE][PASSED] - Object 'Object Repository/MAKE_ PAYMENT/Home_ Page/USER_NAME' is visible

2020-08-28 13:08:03 - [MESSAGE][PASSED] - Object 'Object Repository/MAKE_ PAYMENT/Home_ Page/USER_NAME' is present

2020-08-28 13:08:05 - [MESSAGE][PASSED] - Text 'ZenQ' is set on object 'Object Repository/MAKE_ PAYMENT/Home_ Page/USER_NAME'

2020-08-28 13:08:05 - [MESSAGE][PASSED] - Quicksti.ts:Entered'ZenQ into username

2020-08-28 13:08:05 - [MESSAGE][PASSED] - Object 'Object Repository/MAKE_ PAYMENT/Home_ Page/BUREAU_PASSWORD' is present

2020-08-28 13:08:05 - [MESSAGE][PASSED] - Object 'Object Repository/MAKE_ PAYMENT/Home_ Page/BUREAU_PASSWORD' is visible

2020-08-28 13:08:06 - [MESSAGE][PASSED] - Object 'Object Repository/MAKE_ PAYMENT/Home_ Page/BUREAU_PASSWORD' is present

2020-08-28 13:08:07 - [MESSAGE][PASSED] - Text 'Zenq@123' is set on object 'Object Repository/MAKE_ PAYMENT/Home_ Page/BUREAU_PASSWORD'

2020-08-28 13:08:07 - [MESSAGE][PASSED] - Quicksti.ts:Entered'Zenq@123 into password

2020-08-28 13:08:07 - [MESSAGE][PASSED] - Object 'Object Repository/MAKE_ PAYMENT/Home_ Page/BUREAU_ACCESS_CODE' is present

2020-08-28 13:08:08 - [MESSAGE][PASSED] - Object 'Object Repository/MAKE_ PAYMENT/Home_ Page/BUREAU_ACCESS_CODE' is visible

2020-08-28 13:08:08 - [MESSAGE][PASSED] - Object 'Object Repository/MAKE_ PAYMENT/Home_ Page/BUREAU_ACCESS_CODE' is present

2020-08-28 13:08:09 - [MESSAGE][PASSED] - Text 'certpaytest' is set on object 'Object Repository/MAKE_ PAYMENT/Home_ Page/BUREAU_ACCESS_CODE'

2020-08-28 13:08:09 - [MESSAGE][PASSED] - Quicksti.ts:Entered'certpaytest into AccessCode

2020-08-28 13:08:09 - [MESSAGE][INFO] - safeClicking

2020-08-28 13:08:10 - [MESSAGE][PASSED] - Object 'Object Repository/MAKE_ PAYMENT/Home_ Page/LOGIN_BUTTON' is present

2020-08-28 13:08:10 - [MESSAGE][PASSED] - Object 'Object Repository/MAKE_ PAYMENT/Home_ Page/LOGIN_BUTTON' is clickable

2020-08-28 13:08:15 - [MESSAGE][PASSED] - Object: 'Object Repository/MAKE_ PAYMENT/Home_ Page/LOGIN_BUTTON' is clicked on

2020-08-28 13:08:15 - [MESSAGE][PASSED] - Quicksti.ts:Clicked on the LOGIN

2020-08-28 13:08:15 - [TEST_STEP][NOT_RUN] - mouseOver(findTestObject("REPORTS_PAGE/REPORTING")): NOT_RUN: mouseOver(findTestObject("REPORTS_PAGE/REPORTING"))

2020-08-28 13:08:15 - [MESSAGE][NOT_RUN] - NOT_RUN: mouseOver(findTestObject("REPORTS_PAGE/REPORTING"))

2020-08-28 13:08:15 - [TEST_STEP][PASSED] - delay(1): Delayed 1 second(s)

2020-08-28 13:08:16 - [MESSAGE][PASSED] - Delayed 1 second(s)

2020-08-28 13:08:16 - [TEST_STEP][PASSED] - utilities.SafeActions.safeClick(findTestObject("REPORTS_PAGE/REPORTING"), "Reporting", [pageLoadTime]): Quicksti.ts:Clicked on the Reporting

2020-08-28 13:08:16 - [MESSAGE][INFO] - safeClicking

2020-08-28 13:08:17 - [MESSAGE][PASSED] - Object 'Object Repository/REPORTS_PAGE/REPORTING' is present

2020-08-28 13:08:17 - [MESSAGE][PASSED] - Object 'Object Repository/REPORTS_PAGE/REPORTING' is clickable

2020-08-28 13:08:18 - [MESSAGE][PASSED] - Object: 'Object Repository/REPORTS_PAGE/REPORTING' is clicked on

2020-08-28 13:08:18 - [MESSAGE][PASSED] - Quicksti.ts:Clicked on the Reporting

2020-08-28 13:08:18 - [TEST_STEP][PASSED] - utilities.SafeActions.safeClick(findTestObject("REPORTS_PAGE/REPORTING"), "Reporting", [pageLoadTime]): Quicksti.ts:Clicked on the Reporting

2020-08-28 13:08:18 - [MESSAGE][INFO] - safeClicking

2020-08-28 13:08:18 - [MESSAGE][PASSED] - Object 'Object Repository/REPORTS_PAGE/REPORTING' is present

2020-08-28 13:08:19 - [MESSAGE][PASSED] - Object 'Object Repository/REPORTS_PAGE/REPORTING' is clickable

2020-08-28 13:08:20 - [MESSAGE][PASSED] - Object: 'Object Repository/REPORTS_PAGE/REPORTING' is clicked on

2020-08-28 13:08:20 - [MESSAGE][PASSED] - Quicksti.ts:Clicked on the Reporting

2020-08-28 13:08:20 - [TEST_STEP][PASSED] - utilities.SafeActions.safeClick(findTestObject("REPORTS_PAGE/QUICK_FIND_PAYMENT"), "Quick find payment", [pageLoadTime]): Quicksti.ts:Clicked on the Quick find payment

2020-08-28 13:08:20 - [MESSAGE][INFO] - safeClicking

2020-08-28 13:08:20 - [MESSAGE][PASSED] - Object 'Object Repository/REPORTS_PAGE/QUICK_FIND_PAYMENT' is present

2020-08-28 13:08:20 - [MESSAGE][PASSED] - Object 'Object Repository/REPORTS_PAGE/QUICK_FIND_PAYMENT' is clickable

2020-08-28 13:08:23 - [MESSAGE][PASSED] - Object: 'Object Repository/REPORTS_PAGE/QUICK_FIND_PAYMENT' is clicked on

2020-08-28 13:08:23 - [MESSAGE][PASSED] - Quicksti.ts:Clicked on the Quick find payment

2020-08-28 13:08:23 - [TEST_STEP][PASSED] - utilities.SafeActions.safeType(findTestObject("SEARCH_PAYMENT/PAYMENT_ID_INPUT_FIELD"), PaymentID, "Payment id", [pageLoadTime]): Quicksti.ts:Entered'100176102044 into Payment id

2020-08-28 13:08:24 - [MESSAGE][PASSED] - Object 'Object Repository/SEARCH_PAYMENT/PAYMENT_ID_INPUT_FIELD' is present

2020-08-28 13:08:24 - [MESSAGE][PASSED] - Object 'Object Repository/SEARCH_PAYMENT/PAYMENT_ID_INPUT_FIELD' is visible

2020-08-28 13:08:25 - [MESSAGE][PASSED] - Object 'Object Repository/SEARCH_PAYMENT/PAYMENT_ID_INPUT_FIELD' is present

2020-08-28 13:08:26 - [MESSAGE][PASSED] - Text '100176102044' is set on object 'Object Repository/SEARCH_PAYMENT/PAYMENT_ID_INPUT_FIELD'

2020-08-28 13:08:26 - [MESSAGE][PASSED] - Quicksti.ts:Entered'100176102044 into Payment id

2020-08-28 13:08:26 - [TEST_STEP][PASSED] - utilities.SafeActions.safeClick(findTestObject("SEARCH_PAYMENT/SEARCH_BUTTON_1"), "Search button", [pageLoadTime]): Quicksti.ts:Clicked on the Search button

2020-08-28 13:08:26 - [MESSAGE][INFO] - safeClicking

2020-08-28 13:08:27 - [MESSAGE][PASSED] - Object 'Object Repository/SEARCH_PAYMENT/SEARCH_BUTTON_1' is present

2020-08-28 13:08:27 - [MESSAGE][PASSED] - Object 'Object Repository/SEARCH_PAYMENT/SEARCH_BUTTON_1' is clickable

2020-08-28 13:08:30 - [MESSAGE][PASSED] - Object: 'Object Repository/SEARCH_PAYMENT/SEARCH_BUTTON_1' is clicked on

2020-08-28 13:08:30 - [MESSAGE][PASSED] - Quicksti.ts:Clicked on the Search button

2020-08-28 13:08:30 - [TEST_STEP][FAILED] - pages.Search_Page.validateApprovedTransactionsInReports(PaymentID, cardType, amount_Value): com.kms.katalon.core.exception.StepFailedException: Unable to verify match

2020-08-28 13:09:16 - [MESSAGE][INFO] - Unable to find the element located by 'By.xpath: (//table[@class='payDetTable table-hover table-striped table-striped-vert'])[1]//tbody/tr[1]/td[2]'. Please recheck the objects properties to make sure the desired element is located. 

2020-08-28 13:09:16 - [MESSAGE][FAILED] - Unable to get text of object 'Object Repository/SEARCH_PAYMENT/REPORTS_PAYMNET_ID' (Root cause: com.kms.katalon.core.exception.StepFailedException: Unable to get text of object 'Object Repository/SEARCH_PAYMENT/REPORTS_PAYMNET_ID'
	at com.kms.katalon.core.webui.keyword.internal.WebUIKeywordMain.stepFailed(WebUIKeywordMain.groovy:64)
	at com.kms.katalon.core.webui.keyword.internal.WebUIKeywordMain.runKeyword(WebUIKeywordMain.groovy:26)
	at com.kms.katalon.core.webui.keyword.builtin.GetTextKeyword.getText(GetTextKeyword.groovy:88)
	at com.kms.katalon.core.webui.keyword.builtin.GetTextKeyword.execute(GetTextKeyword.groovy:67)
	at com.kms.katalon.core.keyword.internal.KeywordExecutor.executeKeywordForPlatform(KeywordExecutor.groovy:72)
	at com.kms.katalon.core.webui.keyword.WebUiBuiltInKeywords.getText(WebUiBuiltInKeywords.groovy:888)
	at com.kms.katalon.core.webui.keyword.WebUiBuiltInKeywords$getText$10.call(Unknown Source)
	at pages.Search_Page.validateApprovedTransactionsInReports(Search_Page.groovy:89)
	at pages.Search_Page.invokeMethod(Search_Page.groovy)
	at com.kms.katalon.core.main.CustomKeywordDelegatingMetaClass.invokeStaticMethod(CustomKeywordDelegatingMetaClass.java:50)
	at TC_002_MultiBureauSite_SingleBureau_MultiLinePayment.run(TC_002_MultiBureauSite_SingleBureau_MultiLinePayment:158)
	at com.kms.katalon.core.main.ScriptEngine.run(ScriptEngine.java:194)
	at com.kms.katalon.core.main.ScriptEngine.runScriptAsRawText(ScriptEngine.java:119)
	at com.kms.katalon.core.main.TestCaseExecutor.runScript(TestCaseExecutor.java:337)
	at com.kms.katalon.core.main.TestCaseExecutor.doExecute(TestCaseExecutor.java:328)
	at com.kms.katalon.core.main.TestCaseExecutor.processExecutionPhase(TestCaseExecutor.java:307)
	at com.kms.katalon.core.main.TestCaseExecutor.accessMainPhase(TestCaseExecutor.java:299)
	at com.kms.katalon.core.main.TestCaseExecutor.execute(TestCaseExecutor.java:233)
	at com.kms.katalon.core.main.TestSuiteExecutor.accessTestCaseMainPhase(TestSuiteExecutor.java:169)
	at com.kms.katalon.core.main.TestSuiteExecutor.accessTestSuiteMainPhase(TestSuiteExecutor.java:142)
	at com.kms.katalon.core.main.TestSuiteExecutor.execute(TestSuiteExecutor.java:91)
	at com.kms.katalon.core.main.TestCaseMain.startTestSuite(TestCaseMain.java:157)
	at com.kms.katalon.core.main.TestCaseMain$startTestSuite$0.call(Unknown Source)
	at TempTestSuite1598599635439.run(TempTestSuite1598599635439.groovy:36)
Caused by: com.kms.katalon.core.webui.exception.WebElementNotFoundException: Web element with id: 'Object Repository/SEARCH_PAYMENT/REPORTS_PAYMNET_ID' located by 'By.xpath: (//table[@class='payDetTable table-hover table-striped table-striped-vert'])[1]//tbody/tr[1]/td[2]' not found
	at com.kms.katalon.core.webui.common.WebUiCommonHelper.findWebElement(WebUiCommonHelper.java:1154)
	at com.kms.katalon.core.webui.keyword.internal.WebUIAbstractKeyword.findWebElement(WebUIAbstractKeyword.groovy:27)
	at com.kms.katalon.core.webui.keyword.internal.WebUIAbstractKeyword.findWebElement(WebUIAbstractKeyword.groovy:26)
	at com.kms.katalon.core.webui.keyword.builtin.GetTextKeyword$_getText_closure1.doCall(GetTextKeyword.groovy:78)
	at com.kms.katalon.core.webui.keyword.builtin.GetTextKeyword$_getText_closure1.call(GetTextKeyword.groovy)
	at com.kms.katalon.core.webui.keyword.internal.WebUIKeywordMain.runKeyword(WebUIKeywordMain.groovy:20)
	at com.kms.katalon.core.webui.keyword.builtin.GetTextKeyword.getText(GetTextKeyword.groovy:88)
	at com.kms.katalon.core.webui.keyword.builtin.GetTextKeyword.execute(GetTextKeyword.groovy:67)
	at com.kms.katalon.core.keyword.internal.KeywordExecutor.executeKeywordForPlatform(KeywordExecutor.groovy:72)
	at com.kms.katalon.core.webui.keyword.WebUiBuiltInKeywords.getText(WebUiBuiltInKeywords.groovy:888)
	at com.kms.katalon.core.webui.keyword.WebUiBuiltInKeywords$getText$10.call(Unknown Source)
	at pages.Search_Page.validateApprovedTransactionsInReports(Search_Page.groovy:89)
	at pages.Search_Page.invokeMethod(Search_Page.groovy)
	at com.kms.katalon.core.main.CustomKeywordDelegatingMetaClass.invokeStaticMethod(CustomKeywordDelegatingMetaClass.java:50)
	at Script1572261491663.run(Script1572261491663.groovy:158)
	... 13 more
)
[[ATTACHMENT|C:\\Users\\admin\\git\\Sush_Certpay\\Reports\\20200828_125714\\Certpay_testSuite\\Quicksti\\20200828_125715\\1598600356039.png]]

2020-08-28 13:09:16 - [MESSAGE][FAILED] - Unable to verify match

2020-08-28 13:09:16 - [MESSAGE][FAILED] - com.kms.katalon.core.exception.StepFailedException: Unable to verify match

2020-08-28 13:09:16 - [TEST_STEP][PASSED] - paymentIdList.add(PaymentID): null

2020-08-28 13:09:16 - [TEST_STEP][PASSED] - println(paymentIdList): null

2020-08-28 13:09:16 - [TEST_STEP][PASSED] - firstName = data.getValue("FirstName", index): null

2020-08-28 13:09:16 - [TEST_STEP][PASSED] - lastName = data.getValue("LastName", index): null

2020-08-28 13:09:16 - [TEST_STEP][PASSED] - cardNum = data.getValue("CardNumber", index): null

2020-08-28 13:09:16 - [TEST_STEP][PASSED] - expMonth = data.getValue("ExpMonth", index): null

2020-08-28 13:09:16 - [TEST_STEP][PASSED] - expYear = data.getValue("ExpYear", index): null

2020-08-28 13:09:16 - [TEST_STEP][PASSED] - securityCode = data.getValue("SecurityCode", index): null

2020-08-28 13:09:16 - [TEST_STEP][PASSED] - paymentAmount = data.getValue("PaymentAmount", index): null

2020-08-28 13:09:16 - [TEST_STEP][PASSED] - paymentType = data.getValue("PaymentType", index): null

2020-08-28 13:09:16 - [TEST_STEP][PASSED] - quantity = data.getValue("Quantity", index): null

2020-08-28 13:09:16 - [TEST_STEP][PASSED] - comments = data.getValue("Comments", index): null

2020-08-28 13:09:16 - [TEST_STEP][PASSED] - referenceNum = data.getValue("ReferenceNum", index): null

2020-08-28 13:09:16 - [TEST_STEP][PASSED] - address = data.getValue("Address", index): null

2020-08-28 13:09:16 - [TEST_STEP][PASSED] - zipCode = data.getValue("Zipcode", index): null

2020-08-28 13:09:16 - [TEST_STEP][PASSED] - telephone = data.getValue("Telephone", index): null

2020-08-28 13:09:16 - [TEST_STEP][PASSED] - emailAddress = data.getValue("EmailAddress", index): null

2020-08-28 13:09:16 - [TEST_STEP][PASSED] - cardType = data.getValue("CardType", index): null

2020-08-28 13:09:16 - [TEST_STEP][PASSED] - amountList = paymentAmount.split(","): null

2020-08-28 13:09:16 - [TEST_STEP][PASSED] - referenceList = referenceNum.split(","): null

2020-08-28 13:09:16 - [TEST_STEP][PASSED] - paymentTypeList = paymentType.split(","): null

2020-08-28 13:09:16 - [TEST_STEP][PASSED] - commentsList = comments.split(","): null

2020-08-28 13:09:16 - [TEST_STEP][PASSED] - quantityList = quantity.split(","): null

2020-08-28 13:09:16 - [TEST_STEP][PASSED] - utilities.SafeActions.openBrowser(Quicksti_Url, [pageLoadTime]): Browser launched successfully

2020-08-28 13:09:16 - [MESSAGE][INFO] - Opening Browser

2020-08-28 13:09:16 - [MESSAGE][WARNING] - A browser is already opened. Closing browser and opening a new one

2020-08-28 13:09:17 - [MESSAGE][INFO] - Starting 'Chrome' driver

2020-08-28 13:09:26 - [MESSAGE][PASSED] - Browser is opened with url: 'https://qa-certpayquicksti.faps.net/'

2020-08-28 13:09:29 - [MESSAGE][PASSED] - Current window maximized

2020-08-28 13:09:29 - [MESSAGE][PASSED] - Browser launched successfully

2020-08-28 13:09:29 - [TEST_STEP][PASSED] - utilities.SafeActions.safeCheck(findTestObject("CERTPAY_QUICKSTI/Login_ Page/MULTI_BUREAU_CHECKBOX"), "Multi Bureau", [pageLoadTime]): Quicksti.ts:Checkbox 'Multi Bureau'is selected

2020-08-28 13:09:29 - [MESSAGE][PASSED] - Object 'Object Repository/CERTPAY_QUICKSTI/Login_ Page/MULTI_BUREAU_CHECKBOX' is present

2020-08-28 13:09:30 - [MESSAGE][PASSED] - Object 'Object Repository/CERTPAY_QUICKSTI/Login_ Page/MULTI_BUREAU_CHECKBOX' is present

2020-08-28 13:09:31 - [MESSAGE][PASSED] - Object: 'Object Repository/CERTPAY_QUICKSTI/Login_ Page/MULTI_BUREAU_CHECKBOX' is clicked on

2020-08-28 13:09:31 - [MESSAGE][PASSED] - Quicksti.ts:Checkbox 'Multi Bureau'is selected

2020-08-28 13:09:31 - [TEST_STEP][PASSED] - utilities.SafeActions.safeType(findTestObject("CERTPAY_QUICKSTI/Login_ Page/TELLER_ID"), teller_id, "Bureau code", [pageLoadTime]): Quicksti.ts:Entered'zenq into Bureau code

2020-08-28 13:09:34 - [MESSAGE][PASSED] - Object 'Object Repository/CERTPAY_QUICKSTI/Login_ Page/TELLER_ID' is present

2020-08-28 13:09:34 - [MESSAGE][PASSED] - Object 'Object Repository/CERTPAY_QUICKSTI/Login_ Page/TELLER_ID' is visible

2020-08-28 13:09:35 - [MESSAGE][PASSED] - Object 'Object Repository/CERTPAY_QUICKSTI/Login_ Page/TELLER_ID' is present

2020-08-28 13:09:36 - [MESSAGE][PASSED] - Text 'zenq' is set on object 'Object Repository/CERTPAY_QUICKSTI/Login_ Page/TELLER_ID'

2020-08-28 13:09:36 - [MESSAGE][PASSED] - Quicksti.ts:Entered'zenq into Bureau code

2020-08-28 13:09:36 - [TEST_STEP][PASSED] - utilities.SafeActions.safeClick(findTestObject("CERTPAY_QUICKSTI/Login_ Page/NEXT_BUTTON"), "Next button", [pageLoadTime]): Quicksti.ts:Clicked on the Next button

2020-08-28 13:09:36 - [MESSAGE][INFO] - safeClicking

2020-08-28 13:09:36 - [MESSAGE][PASSED] - Object 'Object Repository/CERTPAY_QUICKSTI/Login_ Page/NEXT_BUTTON' is present

2020-08-28 13:09:37 - [MESSAGE][PASSED] - Object 'Object Repository/CERTPAY_QUICKSTI/Login_ Page/NEXT_BUTTON' is clickable

2020-08-28 13:09:42 - [MESSAGE][PASSED] - Object: 'Object Repository/CERTPAY_QUICKSTI/Login_ Page/NEXT_BUTTON' is clicked on

2020-08-28 13:09:42 - [MESSAGE][PASSED] - Quicksti.ts:Clicked on the Next button

2020-08-28 13:09:42 - [TEST_STEP][PASSED] - for ([i = 0, i <= amountList.size() - 1, (i++)]): Quicksti.ts:Entered'2 into Quntity

2020-08-28 13:09:42 - [TEST_STEP][PASSED] - s = Integer.toString(i): null

2020-08-28 13:09:42 - [TEST_STEP][PASSED] - pages.Quicksti.setCommnets("0", s, commentsList.get(i)): Quicksti.ts:Entered'Testing into Comments

2020-08-28 13:09:43 - [MESSAGE][PASSED] - Object '' is present

2020-08-28 13:09:43 - [MESSAGE][PASSED] - Object '' is visible

2020-08-28 13:09:43 - [MESSAGE][PASSED] - Object '' is present

2020-08-28 13:09:45 - [MESSAGE][PASSED] - Text 'Testing' is set on object ''

2020-08-28 13:09:45 - [MESSAGE][PASSED] - Quicksti.ts:Entered'Testing into Comments

2020-08-28 13:09:45 - [TEST_STEP][PASSED] - utilities.SafeActions.safeType(findTestObject("CERTPAY_QUICKSTI/Payment_Information_Page/PAYMENT_AMOUNT"), amountList.get(i), "Payment Amount", [pageLoadTime]): Quicksti.ts:Entered'35.00 into Payment Amount

2020-08-28 13:09:46 - [MESSAGE][PASSED] - Object 'Object Repository/CERTPAY_QUICKSTI/Payment_Information_Page/PAYMENT_AMOUNT' is present

2020-08-28 13:09:46 - [MESSAGE][PASSED] - Object 'Object Repository/CERTPAY_QUICKSTI/Payment_Information_Page/PAYMENT_AMOUNT' is visible

2020-08-28 13:09:47 - [MESSAGE][PASSED] - Object 'Object Repository/CERTPAY_QUICKSTI/Payment_Information_Page/PAYMENT_AMOUNT' is present

2020-08-28 13:09:48 - [MESSAGE][PASSED] - Text '35.00' is set on object 'Object Repository/CERTPAY_QUICKSTI/Payment_Information_Page/PAYMENT_AMOUNT'

2020-08-28 13:09:48 - [MESSAGE][PASSED] - Quicksti.ts:Entered'35.00 into Payment Amount

2020-08-28 13:09:48 - [TEST_STEP][PASSED] - pages.Quicksti.setAmountDetailsForMultiBureau(s, paymentTypeList.get(i), "0", referenceList.get(i), quantityList.get(i)): Quicksti.ts:Entered'1 into Quntity

2020-08-28 13:09:49 - [MESSAGE][PASSED] - Object '' is visible

2020-08-28 13:09:49 - [MESSAGE][PASSED] - Object '' is present

2020-08-28 13:09:51 - [MESSAGE][PASSED] - Object: '' is clicked on

2020-08-28 13:09:52 - [MESSAGE][PASSED] - All options with label 'Licenses' are selected in object ''  using regular expression

2020-08-28 13:09:52 - [MESSAGE][PASSED] - selected dropdown option by visible text  Licensesfrom Payment Type

2020-08-28 13:09:52 - [MESSAGE][PASSED] - Object '' is present

2020-08-28 13:09:53 - [MESSAGE][PASSED] - Object '' is visible

2020-08-28 13:09:53 - [MESSAGE][PASSED] - Object '' is present

2020-08-28 13:09:54 - [MESSAGE][PASSED] - Text '11' is set on object ''

2020-08-28 13:09:54 - [MESSAGE][PASSED] - Quicksti.ts:Entered'11 into RefrenceNumber

2020-08-28 13:09:55 - [MESSAGE][PASSED] - Object '' is present

2020-08-28 13:09:55 - [MESSAGE][PASSED] - Object '' is visible

2020-08-28 13:09:55 - [MESSAGE][PASSED] - Object '' is present

2020-08-28 13:09:57 - [MESSAGE][PASSED] - Text '1' is set on object ''

2020-08-28 13:09:57 - [MESSAGE][PASSED] - Quicksti.ts:Entered'1 into Quntity

2020-08-28 13:09:57 - [TEST_STEP][PASSED] - s = Integer.toString(i): null

2020-08-28 13:09:57 - [TEST_STEP][PASSED] - pages.Quicksti.setCommnets("0", s, commentsList.get(i)): Quicksti.ts:Entered'Tester into Comments

2020-08-28 13:09:57 - [MESSAGE][PASSED] - Object '' is present

2020-08-28 13:09:57 - [MESSAGE][PASSED] - Object '' is visible

2020-08-28 13:09:57 - [MESSAGE][PASSED] - Object '' is present

2020-08-28 13:09:59 - [MESSAGE][PASSED] - Text 'Tester' is set on object ''

2020-08-28 13:09:59 - [MESSAGE][PASSED] - Quicksti.ts:Entered'Tester into Comments

2020-08-28 13:09:59 - [TEST_STEP][PASSED] - utilities.SafeActions.safeType(findTestObject("CERTPAY_QUICKSTI/Payment_Information_Page/PAYMENT_AMOUNT"), amountList.get(i), "Payment Amount", [pageLoadTime]): Quicksti.ts:Entered'40.00 into Payment Amount

2020-08-28 13:09:59 - [MESSAGE][PASSED] - Object 'Object Repository/CERTPAY_QUICKSTI/Payment_Information_Page/PAYMENT_AMOUNT' is present

2020-08-28 13:10:00 - [MESSAGE][PASSED] - Object 'Object Repository/CERTPAY_QUICKSTI/Payment_Information_Page/PAYMENT_AMOUNT' is visible

2020-08-28 13:10:00 - [MESSAGE][PASSED] - Object 'Object Repository/CERTPAY_QUICKSTI/Payment_Information_Page/PAYMENT_AMOUNT' is present

2020-08-28 13:10:01 - [MESSAGE][PASSED] - Text '40.00' is set on object 'Object Repository/CERTPAY_QUICKSTI/Payment_Information_Page/PAYMENT_AMOUNT'

2020-08-28 13:10:01 - [MESSAGE][PASSED] - Quicksti.ts:Entered'40.00 into Payment Amount

2020-08-28 13:10:01 - [TEST_STEP][PASSED] - pages.Quicksti.setAmountDetailsForMultiBureau(s, paymentTypeList.get(i), "0", referenceList.get(i), quantityList.get(i)): Quicksti.ts:Entered'2 into Quntity

2020-08-28 13:10:02 - [MESSAGE][PASSED] - Object '' is visible

2020-08-28 13:10:02 - [MESSAGE][PASSED] - Object '' is present

2020-08-28 13:10:03 - [MESSAGE][PASSED] - Object: '' is clicked on

2020-08-28 13:10:05 - [MESSAGE][PASSED] - All options with label 'Taxes' are selected in object ''  using regular expression

2020-08-28 13:10:05 - [MESSAGE][PASSED] - selected dropdown option by visible text  Taxesfrom Payment Type

2020-08-28 13:10:05 - [MESSAGE][PASSED] - Object '' is present

2020-08-28 13:10:05 - [MESSAGE][PASSED] - Object '' is visible

2020-08-28 13:10:06 - [MESSAGE][PASSED] - Object '' is present

2020-08-28 13:10:07 - [MESSAGE][PASSED] - Text '12' is set on object ''

2020-08-28 13:10:07 - [MESSAGE][PASSED] - Quicksti.ts:Entered'12 into RefrenceNumber

2020-08-28 13:10:07 - [MESSAGE][PASSED] - Object '' is present

2020-08-28 13:10:08 - [MESSAGE][PASSED] - Object '' is visible

2020-08-28 13:10:08 - [MESSAGE][PASSED] - Object '' is present

2020-08-28 13:10:09 - [MESSAGE][PASSED] - Text '2' is set on object ''

2020-08-28 13:10:09 - [MESSAGE][PASSED] - Quicksti.ts:Entered'2 into Quntity

2020-08-28 13:10:09 - [TEST_STEP][PASSED] - amount_Value = pages.Quicksti.getAttributeValue(findTestObject("CERTPAY_QUICKSTI/Payment_Information_Page/SUB_TOTAL")): pages.Quicksti.getAttributeValue is PASSED

2020-08-28 13:10:10 - [MESSAGE][PASSED] - Attribute 'value' of object 'Object Repository/CERTPAY_QUICKSTI/Payment_Information_Page/SUB_TOTAL' is: '35.00'

2020-08-28 13:10:10 - [MESSAGE][PASSED] - pages.Quicksti.getAttributeValue is PASSED

2020-08-28 13:10:10 - [TEST_STEP][PASSED] - utilities.SafeActions.safeClick(findTestObject("CERTPAY_QUICKSTI/Payment_Information_Page/MANUAL_ENTRY_BUTTON"), "ManualEntry", [pageLoadTime]): Quicksti.ts:Clicked on the ManualEntry

2020-08-28 13:10:10 - [MESSAGE][INFO] - safeClicking

2020-08-28 13:10:10 - [MESSAGE][PASSED] - Object 'Object Repository/CERTPAY_QUICKSTI/Payment_Information_Page/MANUAL_ENTRY_BUTTON' is present

2020-08-28 13:10:10 - [MESSAGE][PASSED] - Object 'Object Repository/CERTPAY_QUICKSTI/Payment_Information_Page/MANUAL_ENTRY_BUTTON' is clickable

2020-08-28 13:10:19 - [MESSAGE][PASSED] - Object: 'Object Repository/CERTPAY_QUICKSTI/Payment_Information_Page/MANUAL_ENTRY_BUTTON' is clicked on

2020-08-28 13:10:19 - [MESSAGE][PASSED] - Quicksti.ts:Clicked on the ManualEntry

2020-08-28 13:10:19 - [TEST_STEP][PASSED] - CardNumber = pages.Quicksti.setUserPaymentDetails(firstName, lastName, cardNum): Quicksti.ts:Entered'5154623208647646 into CardNum

2020-08-28 13:10:19 - [MESSAGE][PASSED] - Object 'Object Repository/CERTPAY_QUICKSTI/Payment_Information_Page/FIRST_NAME' is present

2020-08-28 13:10:19 - [MESSAGE][PASSED] - Object 'Object Repository/CERTPAY_QUICKSTI/Payment_Information_Page/FIRST_NAME' is visible

2020-08-28 13:10:20 - [MESSAGE][PASSED] - Object 'Object Repository/CERTPAY_QUICKSTI/Payment_Information_Page/FIRST_NAME' is present

2020-08-28 13:10:21 - [MESSAGE][PASSED] - Text 'Tester' is set on object 'Object Repository/CERTPAY_QUICKSTI/Payment_Information_Page/FIRST_NAME'

2020-08-28 13:10:21 - [MESSAGE][PASSED] - Quicksti.ts:Entered'Tester into FirstName

2020-08-28 13:10:21 - [MESSAGE][PASSED] - Object 'Object Repository/CERTPAY_QUICKSTI/Payment_Information_Page/LAST_NAME' is present

2020-08-28 13:10:22 - [MESSAGE][PASSED] - Object 'Object Repository/CERTPAY_QUICKSTI/Payment_Information_Page/LAST_NAME' is visible

2020-08-28 13:10:22 - [MESSAGE][PASSED] - Object 'Object Repository/CERTPAY_QUICKSTI/Payment_Information_Page/LAST_NAME' is present

2020-08-28 13:10:23 - [MESSAGE][PASSED] - Text 'Zenq1' is set on object 'Object Repository/CERTPAY_QUICKSTI/Payment_Information_Page/LAST_NAME'

2020-08-28 13:10:23 - [MESSAGE][PASSED] - Quicksti.ts:Entered'Zenq1 into LAstName

2020-08-28 13:10:24 - [MESSAGE][PASSED] - Object 'Object Repository/CERTPAY_QUICKSTI/Payment_Information_Page/CARD_NUMBER' is present

2020-08-28 13:10:24 - [MESSAGE][PASSED] - Object 'Object Repository/CERTPAY_QUICKSTI/Payment_Information_Page/CARD_NUMBER' is visible

2020-08-28 13:10:24 - [MESSAGE][PASSED] - Object 'Object Repository/CERTPAY_QUICKSTI/Payment_Information_Page/CARD_NUMBER' is present

2020-08-28 13:10:26 - [MESSAGE][PASSED] - Text '5154623208647646' is set on object 'Object Repository/CERTPAY_QUICKSTI/Payment_Information_Page/CARD_NUMBER'

2020-08-28 13:10:26 - [MESSAGE][PASSED] - Quicksti.ts:Entered'5154623208647646 into CardNum

2020-08-28 13:10:26 - [TEST_STEP][PASSED] - pages.Quicksti.setExpDate(expMonth, expYear, securityCode): Quicksti.ts:Entered'207 into securityCode

2020-08-28 13:10:26 - [MESSAGE][PASSED] - Object 'Object Repository/CERTPAY_QUICKSTI/Payment_Information_Page/EXP_MONTH' is visible

2020-08-28 13:10:27 - [MESSAGE][PASSED] - Object 'Object Repository/CERTPAY_QUICKSTI/Payment_Information_Page/EXP_MONTH' is present

2020-08-28 13:10:28 - [MESSAGE][PASSED] - Object: 'Object Repository/CERTPAY_QUICKSTI/Payment_Information_Page/EXP_MONTH' is clicked on

2020-08-28 13:10:29 - [MESSAGE][PASSED] - All options with label '04' are selected in object 'Object Repository/CERTPAY_QUICKSTI/Payment_Information_Page/EXP_MONTH'  using regular expression

2020-08-28 13:10:29 - [MESSAGE][PASSED] - selected dropdown option by visible text  04from expMonth

2020-08-28 13:10:30 - [MESSAGE][PASSED] - Object 'Object Repository/CERTPAY_QUICKSTI/Payment_Information_Page/EXP_YEAR' is visible

2020-08-28 13:10:30 - [MESSAGE][PASSED] - Object 'Object Repository/CERTPAY_QUICKSTI/Payment_Information_Page/EXP_YEAR' is present

2020-08-28 13:10:31 - [MESSAGE][PASSED] - Object: 'Object Repository/CERTPAY_QUICKSTI/Payment_Information_Page/EXP_YEAR' is clicked on

2020-08-28 13:10:33 - [MESSAGE][PASSED] - All options with label '2023' are selected in object 'Object Repository/CERTPAY_QUICKSTI/Payment_Information_Page/EXP_YEAR'  using regular expression

2020-08-28 13:10:33 - [MESSAGE][PASSED] - selected dropdown option by visible text  2023from  expYear

2020-08-28 13:10:33 - [MESSAGE][PASSED] - Object 'Object Repository/CERTPAY_QUICKSTI/Payment_Information_Page/SECURITY_CODE' is present

2020-08-28 13:10:33 - [MESSAGE][PASSED] - Object 'Object Repository/CERTPAY_QUICKSTI/Payment_Information_Page/SECURITY_CODE' is visible

2020-08-28 13:10:34 - [MESSAGE][PASSED] - Object 'Object Repository/CERTPAY_QUICKSTI/Payment_Information_Page/SECURITY_CODE' is present

2020-08-28 13:10:35 - [MESSAGE][PASSED] - Text '207' is set on object 'Object Repository/CERTPAY_QUICKSTI/Payment_Information_Page/SECURITY_CODE'

2020-08-28 13:10:35 - [MESSAGE][PASSED] - Quicksti.ts:Entered'207 into securityCode

2020-08-28 13:10:35 - [TEST_STEP][PASSED] - utilities.SafeActions.safeType(findTestObject("CERTPAY_QUICKSTI/Payment_Information_Page/ADDRESS"), address, "Address", [pageLoadTime]): Quicksti.ts:Entered'14-2 into Address

2020-08-28 13:10:35 - [MESSAGE][PASSED] - Object 'Object Repository/CERTPAY_QUICKSTI/Payment_Information_Page/ADDRESS' is present

2020-08-28 13:10:36 - [MESSAGE][PASSED] - Object 'Object Repository/CERTPAY_QUICKSTI/Payment_Information_Page/ADDRESS' is visible

2020-08-28 13:10:36 - [MESSAGE][PASSED] - Object 'Object Repository/CERTPAY_QUICKSTI/Payment_Information_Page/ADDRESS' is present

2020-08-28 13:10:37 - [MESSAGE][PASSED] - Text '14-2' is set on object 'Object Repository/CERTPAY_QUICKSTI/Payment_Information_Page/ADDRESS'

2020-08-28 13:10:37 - [MESSAGE][PASSED] - Quicksti.ts:Entered'14-2 into Address

2020-08-28 13:10:37 - [TEST_STEP][PASSED] - utilities.SafeActions.safeType(findTestObject("CERTPAY_QUICKSTI/Payment_Information_Page/ZIP_CODE"), zipCode, "zipcode", [pageLoadTime]): Quicksti.ts:Entered'76102 into zipcode

2020-08-28 13:10:37 - [MESSAGE][PASSED] - Object 'Object Repository/CERTPAY_QUICKSTI/Payment_Information_Page/ZIP_CODE' is present

2020-08-28 13:10:38 - [MESSAGE][PASSED] - Object 'Object Repository/CERTPAY_QUICKSTI/Payment_Information_Page/ZIP_CODE' is visible

2020-08-28 13:10:38 - [MESSAGE][PASSED] - Object 'Object Repository/CERTPAY_QUICKSTI/Payment_Information_Page/ZIP_CODE' is present

2020-08-28 13:10:39 - [MESSAGE][PASSED] - Text '76102' is set on object 'Object Repository/CERTPAY_QUICKSTI/Payment_Information_Page/ZIP_CODE'

2020-08-28 13:10:39 - [MESSAGE][PASSED] - Quicksti.ts:Entered'76102 into zipcode

2020-08-28 13:10:39 - [TEST_STEP][PASSED] - utilities.SafeActions.safeType(findTestObject("CERTPAY_QUICKSTI/Payment_Information_Page/TELEPHONE"), telephone, "Telephone", [pageLoadTime]): Quicksti.ts:Entered'9989897654 into Telephone

2020-08-28 13:10:40 - [MESSAGE][PASSED] - Object 'Object Repository/CERTPAY_QUICKSTI/Payment_Information_Page/TELEPHONE' is present

2020-08-28 13:10:40 - [MESSAGE][PASSED] - Object 'Object Repository/CERTPAY_QUICKSTI/Payment_Information_Page/TELEPHONE' is visible

2020-08-28 13:10:40 - [MESSAGE][PASSED] - Object 'Object Repository/CERTPAY_QUICKSTI/Payment_Information_Page/TELEPHONE' is present

2020-08-28 13:10:42 - [MESSAGE][PASSED] - Text '9989897654' is set on object 'Object Repository/CERTPAY_QUICKSTI/Payment_Information_Page/TELEPHONE'

2020-08-28 13:10:42 - [MESSAGE][PASSED] - Quicksti.ts:Entered'9989897654 into Telephone

2020-08-28 13:10:42 - [TEST_STEP][PASSED] - utilities.SafeActions.safeType(findTestObject("CERTPAY_QUICKSTI/Payment_Information_Page/EMAIL_ADDRESS"), emailAddress, "EMAIL address", [pageLoadTime]): Quicksti.ts:Entered'testing@zenq.com into EMAIL address

2020-08-28 13:10:42 - [MESSAGE][PASSED] - Object 'Object Repository/CERTPAY_QUICKSTI/Payment_Information_Page/EMAIL_ADDRESS' is present

2020-08-28 13:10:42 - [MESSAGE][PASSED] - Object 'Object Repository/CERTPAY_QUICKSTI/Payment_Information_Page/EMAIL_ADDRESS' is visible

2020-08-28 13:10:43 - [MESSAGE][PASSED] - Object 'Object Repository/CERTPAY_QUICKSTI/Payment_Information_Page/EMAIL_ADDRESS' is present

2020-08-28 13:10:44 - [MESSAGE][PASSED] - Text 'testing@zenq.com' is set on object 'Object Repository/CERTPAY_QUICKSTI/Payment_Information_Page/EMAIL_ADDRESS'

2020-08-28 13:10:44 - [MESSAGE][PASSED] - Quicksti.ts:Entered'testing@zenq.com into EMAIL address

2020-08-28 13:10:44 - [TEST_STEP][PASSED] - utilities.SafeActions.safeClick(findTestObject("CERTPAY_QUICKSTI/Payment_Information_Page/NEXT_BUTTON"), "Next", [pageLoadTime]): Quicksti.ts:Clicked on the Next

2020-08-28 13:10:44 - [MESSAGE][INFO] - safeClicking

2020-08-28 13:10:44 - [MESSAGE][PASSED] - Object 'Object Repository/CERTPAY_QUICKSTI/Payment_Information_Page/NEXT_BUTTON' is present

2020-08-28 13:10:45 - [MESSAGE][PASSED] - Object 'Object Repository/CERTPAY_QUICKSTI/Payment_Information_Page/NEXT_BUTTON' is clickable

2020-08-28 13:10:48 - [MESSAGE][PASSED] - Object: 'Object Repository/CERTPAY_QUICKSTI/Payment_Information_Page/NEXT_BUTTON' is clicked on

2020-08-28 13:10:48 - [MESSAGE][PASSED] - Quicksti.ts:Clicked on the Next

2020-08-28 13:10:48 - [TEST_STEP][PASSED] - pages.Quicksti.verifyUserPaymentDetails(amountList.get(0), firstName, lastName, CardNumber): pages.Quicksti.verifyUserPaymentDetails is PASSED

2020-08-28 13:10:49 - [MESSAGE][PASSED] - Text of object 'Object Repository/CERTPAY_QUICKSTI/Payment_Details_Verification_Page/AMOUNT' is: '$35.00'

2020-08-28 13:10:49 - [MESSAGE][PASSED] - Actual text '35.00' and expected text '35.00' are matched  using regular expression

2020-08-28 13:10:49 - [MESSAGE][PASSED] - Text of object 'Object Repository/CERTPAY_QUICKSTI/Payment_Details_Verification_Page/NAME' is: 'Tester Zenq1'

2020-08-28 13:10:49 - [MESSAGE][PASSED] - Actual text 'Tester Zenq1' and expected text 'Tester Zenq1' are matched  using regular expression

2020-08-28 13:10:50 - [MESSAGE][PASSED] - Text of object 'Object Repository/CERTPAY_QUICKSTI/Payment_Details_Verification_Page/CARD_NUMBER' is: '...7646'

2020-08-28 13:10:50 - [MESSAGE][PASSED] - Actual text '7646' and expected text '7646' are matched  using regular expression

2020-08-28 13:10:50 - [MESSAGE][PASSED] - pages.Quicksti.verifyUserPaymentDetails is PASSED

2020-08-28 13:10:50 - [TEST_STEP][PASSED] - delay(2): Delayed 2 second(s)

2020-08-28 13:10:52 - [MESSAGE][PASSED] - Delayed 2 second(s)

2020-08-28 13:10:52 - [TEST_STEP][PASSED] - scrollToElement(findTestObject("CERTPAY_QUICKSTI/Payment_Details_Verification_Page/PROCESS"), 0): Scroll to object 'Object Repository/CERTPAY_QUICKSTI/Payment_Details_Verification_Page/PROCESS' successfully

2020-08-28 13:10:52 - [MESSAGE][WARNING] - Timeout '0' is invalid. Using default page load timeout: '30'

2020-08-28 13:10:52 - [MESSAGE][PASSED] - Scroll to object 'Object Repository/CERTPAY_QUICKSTI/Payment_Details_Verification_Page/PROCESS' successfully

2020-08-28 13:10:52 - [TEST_STEP][PASSED] - utilities.SafeActions.safeClick(findTestObject("CERTPAY_QUICKSTI/Payment_Details_Verification_Page/PROCESS"), "Process", [pageLoadTime]): Quicksti.ts:Clicked on the Process

2020-08-28 13:10:52 - [MESSAGE][INFO] - safeClicking

2020-08-28 13:10:52 - [MESSAGE][PASSED] - Object 'Object Repository/CERTPAY_QUICKSTI/Payment_Details_Verification_Page/PROCESS' is present

2020-08-28 13:10:53 - [MESSAGE][PASSED] - Object 'Object Repository/CERTPAY_QUICKSTI/Payment_Details_Verification_Page/PROCESS' is clickable

2020-08-28 13:10:58 - [MESSAGE][PASSED] - Object: 'Object Repository/CERTPAY_QUICKSTI/Payment_Details_Verification_Page/PROCESS' is clicked on

2020-08-28 13:10:58 - [MESSAGE][PASSED] - Quicksti.ts:Clicked on the Process

2020-08-28 13:10:58 - [TEST_STEP][PASSED] - PaymentID = pages.Quicksti.verifyPaymentApproval(findTestObject("CERTPAY_QUICKSTI/Payment_Details_Verification_Page/APPROVED")): Payment is approved

2020-08-28 13:10:59 - [MESSAGE][PASSED] - Text of object 'Object Repository/CERTPAY_QUICKSTI/Payment_Details_Verification_Page/PAYMENT_ID' is: '100176102049'

2020-08-28 13:10:59 - [MESSAGE][PASSED] - Object 'Object Repository/CERTPAY_QUICKSTI/Payment_Details_Verification_Page/APPROVED' is present

2020-08-28 13:10:59 - [MESSAGE][PASSED] - Payment is approved

2020-08-28 13:11:01 - [TEST_STEP][PASSED] - navigateToUrl(Reports_url): Navigate to 'https://qa-certpayreports.faps.net/BureauLogin/login.aspx' successfully

2020-08-28 13:11:05 - [MESSAGE][PASSED] - Navigate to 'https://qa-certpayreports.faps.net/BureauLogin/login.aspx' successfully

2020-08-28 13:11:05 - [TEST_STEP][PASSED] - pages.Bureau_Login_Page.loginToReportsSite(userName, password, accessCode): Quicksti.ts:Clicked on the LOGIN

2020-08-28 13:11:05 - [MESSAGE][PASSED] - Object 'Object Repository/MAKE_ PAYMENT/Home_ Page/USER_NAME' is present

2020-08-28 13:11:05 - [MESSAGE][PASSED] - Object 'Object Repository/MAKE_ PAYMENT/Home_ Page/USER_NAME' is visible

2020-08-28 13:11:06 - [MESSAGE][PASSED] - Object 'Object Repository/MAKE_ PAYMENT/Home_ Page/USER_NAME' is present

2020-08-28 13:11:07 - [MESSAGE][PASSED] - Text 'ZenQ' is set on object 'Object Repository/MAKE_ PAYMENT/Home_ Page/USER_NAME'

2020-08-28 13:11:07 - [MESSAGE][PASSED] - Quicksti.ts:Entered'ZenQ into username

2020-08-28 13:11:07 - [MESSAGE][PASSED] - Object 'Object Repository/MAKE_ PAYMENT/Home_ Page/BUREAU_PASSWORD' is present

2020-08-28 13:11:08 - [MESSAGE][PASSED] - Object 'Object Repository/MAKE_ PAYMENT/Home_ Page/BUREAU_PASSWORD' is visible

2020-08-28 13:11:08 - [MESSAGE][PASSED] - Object 'Object Repository/MAKE_ PAYMENT/Home_ Page/BUREAU_PASSWORD' is present

2020-08-28 13:11:09 - [MESSAGE][PASSED] - Text 'Zenq@123' is set on object 'Object Repository/MAKE_ PAYMENT/Home_ Page/BUREAU_PASSWORD'

2020-08-28 13:11:09 - [MESSAGE][PASSED] - Quicksti.ts:Entered'Zenq@123 into password

2020-08-28 13:11:10 - [MESSAGE][PASSED] - Object 'Object Repository/MAKE_ PAYMENT/Home_ Page/BUREAU_ACCESS_CODE' is present

2020-08-28 13:11:10 - [MESSAGE][PASSED] - Object 'Object Repository/MAKE_ PAYMENT/Home_ Page/BUREAU_ACCESS_CODE' is visible

2020-08-28 13:11:10 - [MESSAGE][PASSED] - Object 'Object Repository/MAKE_ PAYMENT/Home_ Page/BUREAU_ACCESS_CODE' is present

2020-08-28 13:11:11 - [MESSAGE][PASSED] - Text 'certpaytest' is set on object 'Object Repository/MAKE_ PAYMENT/Home_ Page/BUREAU_ACCESS_CODE'

2020-08-28 13:11:11 - [MESSAGE][PASSED] - Quicksti.ts:Entered'certpaytest into AccessCode

2020-08-28 13:11:11 - [MESSAGE][INFO] - safeClicking

2020-08-28 13:11:12 - [MESSAGE][PASSED] - Object 'Object Repository/MAKE_ PAYMENT/Home_ Page/LOGIN_BUTTON' is present

2020-08-28 13:11:12 - [MESSAGE][PASSED] - Object 'Object Repository/MAKE_ PAYMENT/Home_ Page/LOGIN_BUTTON' is clickable

2020-08-28 13:11:16 - [MESSAGE][PASSED] - Object: 'Object Repository/MAKE_ PAYMENT/Home_ Page/LOGIN_BUTTON' is clicked on

2020-08-28 13:11:16 - [MESSAGE][PASSED] - Quicksti.ts:Clicked on the LOGIN

2020-08-28 13:11:16 - [TEST_STEP][NOT_RUN] - mouseOver(findTestObject("REPORTS_PAGE/REPORTING")): NOT_RUN: mouseOver(findTestObject("REPORTS_PAGE/REPORTING"))

2020-08-28 13:11:16 - [MESSAGE][NOT_RUN] - NOT_RUN: mouseOver(findTestObject("REPORTS_PAGE/REPORTING"))

2020-08-28 13:11:16 - [TEST_STEP][PASSED] - delay(1): Delayed 1 second(s)

2020-08-28 13:11:17 - [MESSAGE][PASSED] - Delayed 1 second(s)

2020-08-28 13:11:17 - [TEST_STEP][PASSED] - utilities.SafeActions.safeClick(findTestObject("REPORTS_PAGE/REPORTING"), "Reporting", [pageLoadTime]): Quicksti.ts:Clicked on the Reporting

2020-08-28 13:11:17 - [MESSAGE][INFO] - safeClicking

2020-08-28 13:11:18 - [MESSAGE][PASSED] - Object 'Object Repository/REPORTS_PAGE/REPORTING' is present

2020-08-28 13:11:18 - [MESSAGE][PASSED] - Object 'Object Repository/REPORTS_PAGE/REPORTING' is clickable

2020-08-28 13:11:19 - [MESSAGE][PASSED] - Object: 'Object Repository/REPORTS_PAGE/REPORTING' is clicked on

2020-08-28 13:11:19 - [MESSAGE][PASSED] - Quicksti.ts:Clicked on the Reporting

2020-08-28 13:11:19 - [TEST_STEP][PASSED] - utilities.SafeActions.safeClick(findTestObject("REPORTS_PAGE/REPORTING"), "Reporting", [pageLoadTime]): Quicksti.ts:Clicked on the Reporting

2020-08-28 13:11:19 - [MESSAGE][INFO] - safeClicking

2020-08-28 13:11:20 - [MESSAGE][PASSED] - Object 'Object Repository/REPORTS_PAGE/REPORTING' is present

2020-08-28 13:11:20 - [MESSAGE][PASSED] - Object 'Object Repository/REPORTS_PAGE/REPORTING' is clickable

2020-08-28 13:11:21 - [MESSAGE][PASSED] - Object: 'Object Repository/REPORTS_PAGE/REPORTING' is clicked on

2020-08-28 13:11:21 - [MESSAGE][PASSED] - Quicksti.ts:Clicked on the Reporting

2020-08-28 13:11:21 - [TEST_STEP][PASSED] - utilities.SafeActions.safeClick(findTestObject("REPORTS_PAGE/QUICK_FIND_PAYMENT"), "Quick find payment", [pageLoadTime]): Quicksti.ts:Clicked on the Quick find payment

2020-08-28 13:11:21 - [MESSAGE][INFO] - safeClicking

2020-08-28 13:11:21 - [MESSAGE][PASSED] - Object 'Object Repository/REPORTS_PAGE/QUICK_FIND_PAYMENT' is present

2020-08-28 13:11:22 - [MESSAGE][PASSED] - Object 'Object Repository/REPORTS_PAGE/QUICK_FIND_PAYMENT' is clickable

2020-08-28 13:11:25 - [MESSAGE][PASSED] - Object: 'Object Repository/REPORTS_PAGE/QUICK_FIND_PAYMENT' is clicked on

2020-08-28 13:11:25 - [MESSAGE][PASSED] - Quicksti.ts:Clicked on the Quick find payment

2020-08-28 13:11:25 - [TEST_STEP][PASSED] - utilities.SafeActions.safeType(findTestObject("SEARCH_PAYMENT/PAYMENT_ID_INPUT_FIELD"), PaymentID, "Payment id", [pageLoadTime]): Quicksti.ts:Entered'100176102049 into Payment id

2020-08-28 13:11:25 - [MESSAGE][PASSED] - Object 'Object Repository/SEARCH_PAYMENT/PAYMENT_ID_INPUT_FIELD' is present

2020-08-28 13:11:25 - [MESSAGE][PASSED] - Object 'Object Repository/SEARCH_PAYMENT/PAYMENT_ID_INPUT_FIELD' is visible

2020-08-28 13:11:26 - [MESSAGE][PASSED] - Object 'Object Repository/SEARCH_PAYMENT/PAYMENT_ID_INPUT_FIELD' is present

2020-08-28 13:11:27 - [MESSAGE][PASSED] - Text '100176102049' is set on object 'Object Repository/SEARCH_PAYMENT/PAYMENT_ID_INPUT_FIELD'

2020-08-28 13:11:27 - [MESSAGE][PASSED] - Quicksti.ts:Entered'100176102049 into Payment id

2020-08-28 13:11:27 - [TEST_STEP][PASSED] - utilities.SafeActions.safeClick(findTestObject("SEARCH_PAYMENT/SEARCH_BUTTON_1"), "Search button", [pageLoadTime]): Quicksti.ts:Clicked on the Search button

2020-08-28 13:11:27 - [MESSAGE][INFO] - safeClicking

2020-08-28 13:11:27 - [MESSAGE][PASSED] - Object 'Object Repository/SEARCH_PAYMENT/SEARCH_BUTTON_1' is present

2020-08-28 13:11:28 - [MESSAGE][PASSED] - Object 'Object Repository/SEARCH_PAYMENT/SEARCH_BUTTON_1' is clickable

2020-08-28 13:11:31 - [MESSAGE][PASSED] - Object: 'Object Repository/SEARCH_PAYMENT/SEARCH_BUTTON_1' is clicked on

2020-08-28 13:11:31 - [MESSAGE][PASSED] - Quicksti.ts:Clicked on the Search button

2020-08-28 13:11:31 - [TEST_STEP][FAILED] - pages.Search_Page.validateApprovedTransactionsInReports(PaymentID, cardType, amount_Value): com.kms.katalon.core.exception.StepFailedException: Unable to verify match

2020-08-28 13:11:32 - [MESSAGE][PASSED] - Text of object 'Object Repository/SEARCH_PAYMENT/REPORTS_PAYMNET_ID' is: '100176102049'

2020-08-28 13:11:32 - [MESSAGE][PASSED] - Actual text '100176102049' and expected text '100176102049' are matched  using regular expression

2020-08-28 13:11:32 - [MESSAGE][PASSED] - Text of object 'Object Repository/SEARCH_PAYMENT/REPORTS_CARD_TYPE' is: 'Visa'

2020-08-28 13:11:32 - [MESSAGE][FAILED] - Unable to verify match between actual text 'Visa' and expected text 'Master Card' using regular expression (Root cause: com.kms.katalon.core.exception.StepFailedException: Actual text 'Visa' and expected text 'Master Card' are not matched using regular expression
	at com.kms.katalon.core.keyword.builtin.VerifyMatchKeyword$_verifyMatch_closure1.doCall(VerifyMatchKeyword.groovy:57)
	at com.kms.katalon.core.keyword.builtin.VerifyMatchKeyword$_verifyMatch_closure1.call(VerifyMatchKeyword.groovy)
	at com.kms.katalon.core.keyword.internal.KeywordMain.runKeyword(KeywordMain.groovy:68)
	at com.kms.katalon.core.keyword.builtin.VerifyMatchKeyword.verifyMatch(VerifyMatchKeyword.groovy:60)
	at com.kms.katalon.core.keyword.builtin.VerifyMatchKeyword.execute(VerifyMatchKeyword.groovy:45)
	at com.kms.katalon.core.keyword.internal.KeywordExecutor.executeKeywordForPlatform(KeywordExecutor.groovy:72)
	at com.kms.katalon.core.keyword.BuiltinKeywords.verifyMatch(BuiltinKeywords.groovy:55)
	at pages.Search_Page.validateApprovedTransactionsInReports(Search_Page.groovy:92)
	at pages.Search_Page.invokeMethod(Search_Page.groovy)
	at com.kms.katalon.core.main.CustomKeywordDelegatingMetaClass.invokeStaticMethod(CustomKeywordDelegatingMetaClass.java:50)
	at TC_002_MultiBureauSite_SingleBureau_MultiLinePayment.run(TC_002_MultiBureauSite_SingleBureau_MultiLinePayment:158)
	at com.kms.katalon.core.main.ScriptEngine.run(ScriptEngine.java:194)
	at com.kms.katalon.core.main.ScriptEngine.runScriptAsRawText(ScriptEngine.java:119)
	at com.kms.katalon.core.main.TestCaseExecutor.runScript(TestCaseExecutor.java:337)
	at com.kms.katalon.core.main.TestCaseExecutor.doExecute(TestCaseExecutor.java:328)
	at com.kms.katalon.core.main.TestCaseExecutor.processExecutionPhase(TestCaseExecutor.java:307)
	at com.kms.katalon.core.main.TestCaseExecutor.accessMainPhase(TestCaseExecutor.java:299)
	at com.kms.katalon.core.main.TestCaseExecutor.execute(TestCaseExecutor.java:233)
	at com.kms.katalon.core.main.TestSuiteExecutor.accessTestCaseMainPhase(TestSuiteExecutor.java:169)
	at com.kms.katalon.core.main.TestSuiteExecutor.accessTestSuiteMainPhase(TestSuiteExecutor.java:142)
	at com.kms.katalon.core.main.TestSuiteExecutor.execute(TestSuiteExecutor.java:91)
	at com.kms.katalon.core.main.TestCaseMain.startTestSuite(TestCaseMain.java:157)
	at com.kms.katalon.core.main.TestCaseMain$startTestSuite$0.call(Unknown Source)
	at TempTestSuite1598599635439.run(TempTestSuite1598599635439.groovy:36)
)

2020-08-28 13:11:32 - [MESSAGE][FAILED] - Unable to verify match

2020-08-28 13:11:32 - [MESSAGE][FAILED] - com.kms.katalon.core.exception.StepFailedException: Unable to verify match

2020-08-28 13:11:32 - [TEST_STEP][PASSED] - paymentIdList.add(PaymentID): null

2020-08-28 13:11:32 - [TEST_STEP][PASSED] - println(paymentIdList): null

2020-08-28 13:11:32 - [TEST_STEP][PASSED] - firstName = data.getValue("FirstName", index): null

2020-08-28 13:11:32 - [TEST_STEP][PASSED] - lastName = data.getValue("LastName", index): null

2020-08-28 13:11:32 - [TEST_STEP][PASSED] - cardNum = data.getValue("CardNumber", index): null

2020-08-28 13:11:32 - [TEST_STEP][PASSED] - expMonth = data.getValue("ExpMonth", index): null

2020-08-28 13:11:32 - [TEST_STEP][PASSED] - expYear = data.getValue("ExpYear", index): null

2020-08-28 13:11:32 - [TEST_STEP][PASSED] - securityCode = data.getValue("SecurityCode", index): null

2020-08-28 13:11:32 - [TEST_STEP][PASSED] - paymentAmount = data.getValue("PaymentAmount", index): null

2020-08-28 13:11:32 - [TEST_STEP][PASSED] - paymentType = data.getValue("PaymentType", index): null

2020-08-28 13:11:32 - [TEST_STEP][PASSED] - quantity = data.getValue("Quantity", index): null

2020-08-28 13:11:32 - [TEST_STEP][PASSED] - comments = data.getValue("Comments", index): null

2020-08-28 13:11:32 - [TEST_STEP][PASSED] - referenceNum = data.getValue("ReferenceNum", index): null

2020-08-28 13:11:32 - [TEST_STEP][PASSED] - address = data.getValue("Address", index): null

2020-08-28 13:11:32 - [TEST_STEP][PASSED] - zipCode = data.getValue("Zipcode", index): null

2020-08-28 13:11:32 - [TEST_STEP][PASSED] - telephone = data.getValue("Telephone", index): null

2020-08-28 13:11:32 - [TEST_STEP][PASSED] - emailAddress = data.getValue("EmailAddress", index): null

2020-08-28 13:11:32 - [TEST_STEP][PASSED] - cardType = data.getValue("CardType", index): null

2020-08-28 13:11:32 - [TEST_STEP][PASSED] - amountList = paymentAmount.split(","): null

2020-08-28 13:11:32 - [TEST_STEP][PASSED] - referenceList = referenceNum.split(","): null

2020-08-28 13:11:32 - [TEST_STEP][PASSED] - paymentTypeList = paymentType.split(","): null

2020-08-28 13:11:32 - [TEST_STEP][PASSED] - commentsList = comments.split(","): null

2020-08-28 13:11:32 - [TEST_STEP][PASSED] - quantityList = quantity.split(","): null

2020-08-28 13:11:32 - [TEST_STEP][PASSED] - utilities.SafeActions.openBrowser(Quicksti_Url, [pageLoadTime]): Browser launched successfully

2020-08-28 13:11:32 - [MESSAGE][INFO] - Opening Browser

2020-08-28 13:11:32 - [MESSAGE][WARNING] - A browser is already opened. Closing browser and opening a new one

2020-08-28 13:11:34 - [MESSAGE][INFO] - Starting 'Chrome' driver

2020-08-28 13:11:49 - [MESSAGE][PASSED] - Browser is opened with url: 'https://qa-certpayquicksti.faps.net/'

2020-08-28 13:11:51 - [MESSAGE][PASSED] - Current window maximized

2020-08-28 13:11:51 - [MESSAGE][PASSED] - Browser launched successfully

2020-08-28 13:11:51 - [TEST_STEP][PASSED] - utilities.SafeActions.safeCheck(findTestObject("CERTPAY_QUICKSTI/Login_ Page/MULTI_BUREAU_CHECKBOX"), "Multi Bureau", [pageLoadTime]): Quicksti.ts:Checkbox 'Multi Bureau'is selected

2020-08-28 13:11:52 - [MESSAGE][PASSED] - Object 'Object Repository/CERTPAY_QUICKSTI/Login_ Page/MULTI_BUREAU_CHECKBOX' is present

2020-08-28 13:11:53 - [MESSAGE][PASSED] - Object 'Object Repository/CERTPAY_QUICKSTI/Login_ Page/MULTI_BUREAU_CHECKBOX' is present

2020-08-28 13:11:54 - [MESSAGE][PASSED] - Object: 'Object Repository/CERTPAY_QUICKSTI/Login_ Page/MULTI_BUREAU_CHECKBOX' is clicked on

2020-08-28 13:11:54 - [MESSAGE][PASSED] - Quicksti.ts:Checkbox 'Multi Bureau'is selected

2020-08-28 13:11:54 - [TEST_STEP][PASSED] - utilities.SafeActions.safeType(findTestObject("CERTPAY_QUICKSTI/Login_ Page/TELLER_ID"), teller_id, "Bureau code", [pageLoadTime]): Quicksti.ts:Entered'zenq into Bureau code

2020-08-28 13:11:55 - [MESSAGE][PASSED] - Object 'Object Repository/CERTPAY_QUICKSTI/Login_ Page/TELLER_ID' is present

2020-08-28 13:11:56 - [MESSAGE][PASSED] - Object 'Object Repository/CERTPAY_QUICKSTI/Login_ Page/TELLER_ID' is visible

2020-08-28 13:11:56 - [MESSAGE][PASSED] - Object 'Object Repository/CERTPAY_QUICKSTI/Login_ Page/TELLER_ID' is present

2020-08-28 13:11:57 - [MESSAGE][PASSED] - Text 'zenq' is set on object 'Object Repository/CERTPAY_QUICKSTI/Login_ Page/TELLER_ID'

2020-08-28 13:11:57 - [MESSAGE][PASSED] - Quicksti.ts:Entered'zenq into Bureau code

2020-08-28 13:11:57 - [TEST_STEP][PASSED] - utilities.SafeActions.safeClick(findTestObject("CERTPAY_QUICKSTI/Login_ Page/NEXT_BUTTON"), "Next button", [pageLoadTime]): Quicksti.ts:Clicked on the Next button

2020-08-28 13:11:57 - [MESSAGE][INFO] - safeClicking

2020-08-28 13:11:57 - [MESSAGE][PASSED] - Object 'Object Repository/CERTPAY_QUICKSTI/Login_ Page/NEXT_BUTTON' is present

2020-08-28 13:11:58 - [MESSAGE][PASSED] - Object 'Object Repository/CERTPAY_QUICKSTI/Login_ Page/NEXT_BUTTON' is clickable

2020-08-28 13:12:02 - [MESSAGE][PASSED] - Object: 'Object Repository/CERTPAY_QUICKSTI/Login_ Page/NEXT_BUTTON' is clicked on

2020-08-28 13:12:02 - [MESSAGE][PASSED] - Quicksti.ts:Clicked on the Next button

2020-08-28 13:12:02 - [TEST_STEP][PASSED] - for ([i = 0, i <= amountList.size() - 1, (i++)]): Quicksti.ts:Entered'2 into Quntity

2020-08-28 13:12:02 - [TEST_STEP][PASSED] - s = Integer.toString(i): null

2020-08-28 13:12:02 - [TEST_STEP][PASSED] - pages.Quicksti.setCommnets("0", s, commentsList.get(i)): Quicksti.ts:Entered'Testing into Comments

2020-08-28 13:12:03 - [MESSAGE][PASSED] - Object '' is present

2020-08-28 13:12:03 - [MESSAGE][PASSED] - Object '' is visible

2020-08-28 13:12:03 - [MESSAGE][PASSED] - Object '' is present

2020-08-28 13:12:04 - [MESSAGE][PASSED] - Text 'Testing' is set on object ''

2020-08-28 13:12:04 - [MESSAGE][PASSED] - Quicksti.ts:Entered'Testing into Comments

2020-08-28 13:12:04 - [TEST_STEP][PASSED] - utilities.SafeActions.safeType(findTestObject("CERTPAY_QUICKSTI/Payment_Information_Page/PAYMENT_AMOUNT"), amountList.get(i), "Payment Amount", [pageLoadTime]): Quicksti.ts:Entered'35.00 into Payment Amount

2020-08-28 13:12:05 - [MESSAGE][PASSED] - Object 'Object Repository/CERTPAY_QUICKSTI/Payment_Information_Page/PAYMENT_AMOUNT' is present

2020-08-28 13:12:05 - [MESSAGE][PASSED] - Object 'Object Repository/CERTPAY_QUICKSTI/Payment_Information_Page/PAYMENT_AMOUNT' is visible

2020-08-28 13:12:05 - [MESSAGE][PASSED] - Object 'Object Repository/CERTPAY_QUICKSTI/Payment_Information_Page/PAYMENT_AMOUNT' is present

2020-08-28 13:12:07 - [MESSAGE][PASSED] - Text '35.00' is set on object 'Object Repository/CERTPAY_QUICKSTI/Payment_Information_Page/PAYMENT_AMOUNT'

2020-08-28 13:12:07 - [MESSAGE][PASSED] - Quicksti.ts:Entered'35.00 into Payment Amount

2020-08-28 13:12:07 - [TEST_STEP][PASSED] - pages.Quicksti.setAmountDetailsForMultiBureau(s, paymentTypeList.get(i), "0", referenceList.get(i), quantityList.get(i)): Quicksti.ts:Entered'1 into Quntity

2020-08-28 13:12:07 - [MESSAGE][PASSED] - Object '' is visible

2020-08-28 13:12:08 - [MESSAGE][PASSED] - Object '' is present

2020-08-28 13:12:09 - [MESSAGE][PASSED] - Object: '' is clicked on

2020-08-28 13:12:10 - [MESSAGE][PASSED] - All options with label 'Licenses' are selected in object ''  using regular expression

2020-08-28 13:12:10 - [MESSAGE][PASSED] - selected dropdown option by visible text  Licensesfrom Payment Type

2020-08-28 13:12:11 - [MESSAGE][PASSED] - Object '' is present

2020-08-28 13:12:11 - [MESSAGE][PASSED] - Object '' is visible

2020-08-28 13:12:11 - [MESSAGE][PASSED] - Object '' is present

2020-08-28 13:12:12 - [MESSAGE][PASSED] - Text '11' is set on object ''

2020-08-28 13:12:12 - [MESSAGE][PASSED] - Quicksti.ts:Entered'11 into RefrenceNumber

2020-08-28 13:12:13 - [MESSAGE][PASSED] - Object '' is present

2020-08-28 13:12:13 - [MESSAGE][PASSED] - Object '' is visible

2020-08-28 13:12:13 - [MESSAGE][PASSED] - Object '' is present

2020-08-28 13:12:15 - [MESSAGE][PASSED] - Text '1' is set on object ''

2020-08-28 13:12:15 - [MESSAGE][PASSED] - Quicksti.ts:Entered'1 into Quntity

2020-08-28 13:12:15 - [TEST_STEP][PASSED] - s = Integer.toString(i): null

2020-08-28 13:12:15 - [TEST_STEP][PASSED] - pages.Quicksti.setCommnets("0", s, commentsList.get(i)): Quicksti.ts:Entered'Tester into Comments

2020-08-28 13:12:15 - [MESSAGE][PASSED] - Object '' is present

2020-08-28 13:12:15 - [MESSAGE][PASSED] - Object '' is visible

2020-08-28 13:12:16 - [MESSAGE][PASSED] - Object '' is present

2020-08-28 13:12:17 - [MESSAGE][PASSED] - Text 'Tester' is set on object ''

2020-08-28 13:12:17 - [MESSAGE][PASSED] - Quicksti.ts:Entered'Tester into Comments

2020-08-28 13:12:17 - [TEST_STEP][PASSED] - utilities.SafeActions.safeType(findTestObject("CERTPAY_QUICKSTI/Payment_Information_Page/PAYMENT_AMOUNT"), amountList.get(i), "Payment Amount", [pageLoadTime]): Quicksti.ts:Entered'40.00 into Payment Amount

2020-08-28 13:12:17 - [MESSAGE][PASSED] - Object 'Object Repository/CERTPAY_QUICKSTI/Payment_Information_Page/PAYMENT_AMOUNT' is present

2020-08-28 13:12:18 - [MESSAGE][PASSED] - Object 'Object Repository/CERTPAY_QUICKSTI/Payment_Information_Page/PAYMENT_AMOUNT' is visible

2020-08-28 13:12:18 - [MESSAGE][PASSED] - Object 'Object Repository/CERTPAY_QUICKSTI/Payment_Information_Page/PAYMENT_AMOUNT' is present

2020-08-28 13:12:19 - [MESSAGE][PASSED] - Text '40.00' is set on object 'Object Repository/CERTPAY_QUICKSTI/Payment_Information_Page/PAYMENT_AMOUNT'

2020-08-28 13:12:19 - [MESSAGE][PASSED] - Quicksti.ts:Entered'40.00 into Payment Amount

2020-08-28 13:12:19 - [TEST_STEP][PASSED] - pages.Quicksti.setAmountDetailsForMultiBureau(s, paymentTypeList.get(i), "0", referenceList.get(i), quantityList.get(i)): Quicksti.ts:Entered'2 into Quntity

2020-08-28 13:12:20 - [MESSAGE][PASSED] - Object '' is visible

2020-08-28 13:12:20 - [MESSAGE][PASSED] - Object '' is present

2020-08-28 13:12:21 - [MESSAGE][PASSED] - Object: '' is clicked on

2020-08-28 13:12:23 - [MESSAGE][PASSED] - All options with label 'Taxes' are selected in object ''  using regular expression

2020-08-28 13:12:23 - [MESSAGE][PASSED] - selected dropdown option by visible text  Taxesfrom Payment Type

2020-08-28 13:12:23 - [MESSAGE][PASSED] - Object '' is present

2020-08-28 13:12:23 - [MESSAGE][PASSED] - Object '' is visible

2020-08-28 13:12:24 - [MESSAGE][PASSED] - Object '' is present

2020-08-28 13:12:25 - [MESSAGE][PASSED] - Text '12' is set on object ''

2020-08-28 13:12:25 - [MESSAGE][PASSED] - Quicksti.ts:Entered'12 into RefrenceNumber

2020-08-28 13:12:25 - [MESSAGE][PASSED] - Object '' is present

2020-08-28 13:12:26 - [MESSAGE][PASSED] - Object '' is visible

2020-08-28 13:12:26 - [MESSAGE][PASSED] - Object '' is present

2020-08-28 13:12:27 - [MESSAGE][PASSED] - Text '2' is set on object ''

2020-08-28 13:12:27 - [MESSAGE][PASSED] - Quicksti.ts:Entered'2 into Quntity

2020-08-28 13:12:27 - [TEST_STEP][PASSED] - amount_Value = pages.Quicksti.getAttributeValue(findTestObject("CERTPAY_QUICKSTI/Payment_Information_Page/SUB_TOTAL")): pages.Quicksti.getAttributeValue is PASSED

2020-08-28 13:12:28 - [MESSAGE][PASSED] - Attribute 'value' of object 'Object Repository/CERTPAY_QUICKSTI/Payment_Information_Page/SUB_TOTAL' is: '35.00'

2020-08-28 13:12:28 - [MESSAGE][PASSED] - pages.Quicksti.getAttributeValue is PASSED

2020-08-28 13:12:28 - [TEST_STEP][PASSED] - utilities.SafeActions.safeClick(findTestObject("CERTPAY_QUICKSTI/Payment_Information_Page/MANUAL_ENTRY_BUTTON"), "ManualEntry", [pageLoadTime]): Quicksti.ts:Clicked on the ManualEntry

2020-08-28 13:12:28 - [MESSAGE][INFO] - safeClicking

2020-08-28 13:12:28 - [MESSAGE][PASSED] - Object 'Object Repository/CERTPAY_QUICKSTI/Payment_Information_Page/MANUAL_ENTRY_BUTTON' is present

2020-08-28 13:12:29 - [MESSAGE][PASSED] - Object 'Object Repository/CERTPAY_QUICKSTI/Payment_Information_Page/MANUAL_ENTRY_BUTTON' is clickable

2020-08-28 13:12:33 - [MESSAGE][PASSED] - Object: 'Object Repository/CERTPAY_QUICKSTI/Payment_Information_Page/MANUAL_ENTRY_BUTTON' is clicked on

2020-08-28 13:12:33 - [MESSAGE][PASSED] - Quicksti.ts:Clicked on the ManualEntry

2020-08-28 13:12:33 - [TEST_STEP][PASSED] - CardNumber = pages.Quicksti.setUserPaymentDetails(firstName, lastName, cardNum): Quicksti.ts:Entered'8171999900000018 into CardNum

2020-08-28 13:12:33 - [MESSAGE][PASSED] - Object 'Object Repository/CERTPAY_QUICKSTI/Payment_Information_Page/FIRST_NAME' is present

2020-08-28 13:12:34 - [MESSAGE][PASSED] - Object 'Object Repository/CERTPAY_QUICKSTI/Payment_Information_Page/FIRST_NAME' is visible

2020-08-28 13:12:34 - [MESSAGE][PASSED] - Object 'Object Repository/CERTPAY_QUICKSTI/Payment_Information_Page/FIRST_NAME' is present

2020-08-28 13:12:35 - [MESSAGE][PASSED] - Text 'Tester' is set on object 'Object Repository/CERTPAY_QUICKSTI/Payment_Information_Page/FIRST_NAME'

2020-08-28 13:12:35 - [MESSAGE][PASSED] - Quicksti.ts:Entered'Tester into FirstName

2020-08-28 13:12:36 - [MESSAGE][PASSED] - Object 'Object Repository/CERTPAY_QUICKSTI/Payment_Information_Page/LAST_NAME' is present

2020-08-28 13:12:36 - [MESSAGE][PASSED] - Object 'Object Repository/CERTPAY_QUICKSTI/Payment_Information_Page/LAST_NAME' is visible

2020-08-28 13:12:36 - [MESSAGE][PASSED] - Object 'Object Repository/CERTPAY_QUICKSTI/Payment_Information_Page/LAST_NAME' is present

2020-08-28 13:12:38 - [MESSAGE][PASSED] - Text 'Zenq1' is set on object 'Object Repository/CERTPAY_QUICKSTI/Payment_Information_Page/LAST_NAME'

2020-08-28 13:12:38 - [MESSAGE][PASSED] - Quicksti.ts:Entered'Zenq1 into LAstName

2020-08-28 13:12:38 - [MESSAGE][PASSED] - Object 'Object Repository/CERTPAY_QUICKSTI/Payment_Information_Page/CARD_NUMBER' is present

2020-08-28 13:12:38 - [MESSAGE][PASSED] - Object 'Object Repository/CERTPAY_QUICKSTI/Payment_Information_Page/CARD_NUMBER' is visible

2020-08-28 13:12:39 - [MESSAGE][PASSED] - Object 'Object Repository/CERTPAY_QUICKSTI/Payment_Information_Page/CARD_NUMBER' is present

2020-08-28 13:12:40 - [MESSAGE][PASSED] - Text '8171999900000018' is set on object 'Object Repository/CERTPAY_QUICKSTI/Payment_Information_Page/CARD_NUMBER'

2020-08-28 13:12:40 - [MESSAGE][PASSED] - Quicksti.ts:Entered'8171999900000018 into CardNum

2020-08-28 13:12:40 - [TEST_STEP][PASSED] - pages.Quicksti.setExpDate(expMonth, expYear, securityCode): Quicksti.ts:Entered'111 into securityCode

2020-08-28 13:12:40 - [MESSAGE][PASSED] - Object 'Object Repository/CERTPAY_QUICKSTI/Payment_Information_Page/EXP_MONTH' is visible

2020-08-28 13:12:41 - [MESSAGE][PASSED] - Object 'Object Repository/CERTPAY_QUICKSTI/Payment_Information_Page/EXP_MONTH' is present

2020-08-28 13:12:42 - [MESSAGE][PASSED] - Object: 'Object Repository/CERTPAY_QUICKSTI/Payment_Information_Page/EXP_MONTH' is clicked on

2020-08-28 13:12:43 - [MESSAGE][PASSED] - All options with label '04' are selected in object 'Object Repository/CERTPAY_QUICKSTI/Payment_Information_Page/EXP_MONTH'  using regular expression

2020-08-28 13:12:43 - [MESSAGE][PASSED] - selected dropdown option by visible text  04from expMonth

2020-08-28 13:12:44 - [MESSAGE][PASSED] - Object 'Object Repository/CERTPAY_QUICKSTI/Payment_Information_Page/EXP_YEAR' is visible

2020-08-28 13:12:44 - [MESSAGE][PASSED] - Object 'Object Repository/CERTPAY_QUICKSTI/Payment_Information_Page/EXP_YEAR' is present

2020-08-28 13:12:45 - [MESSAGE][PASSED] - Object: 'Object Repository/CERTPAY_QUICKSTI/Payment_Information_Page/EXP_YEAR' is clicked on

2020-08-28 13:12:47 - [MESSAGE][PASSED] - All options with label '2027' are selected in object 'Object Repository/CERTPAY_QUICKSTI/Payment_Information_Page/EXP_YEAR'  using regular expression

2020-08-28 13:12:47 - [MESSAGE][PASSED] - selected dropdown option by visible text  2027from  expYear

2020-08-28 13:12:47 - [MESSAGE][PASSED] - Object 'Object Repository/CERTPAY_QUICKSTI/Payment_Information_Page/SECURITY_CODE' is present

2020-08-28 13:12:48 - [MESSAGE][PASSED] - Object 'Object Repository/CERTPAY_QUICKSTI/Payment_Information_Page/SECURITY_CODE' is visible

2020-08-28 13:12:48 - [MESSAGE][PASSED] - Object 'Object Repository/CERTPAY_QUICKSTI/Payment_Information_Page/SECURITY_CODE' is present

2020-08-28 13:12:49 - [MESSAGE][PASSED] - Text '111' is set on object 'Object Repository/CERTPAY_QUICKSTI/Payment_Information_Page/SECURITY_CODE'

2020-08-28 13:12:49 - [MESSAGE][PASSED] - Quicksti.ts:Entered'111 into securityCode

2020-08-28 13:12:49 - [TEST_STEP][PASSED] - utilities.SafeActions.safeType(findTestObject("CERTPAY_QUICKSTI/Payment_Information_Page/ADDRESS"), address, "Address", [pageLoadTime]): Quicksti.ts:Entered'14-2 into Address

2020-08-28 13:12:50 - [MESSAGE][PASSED] - Object 'Object Repository/CERTPAY_QUICKSTI/Payment_Information_Page/ADDRESS' is present

2020-08-28 13:12:50 - [MESSAGE][PASSED] - Object 'Object Repository/CERTPAY_QUICKSTI/Payment_Information_Page/ADDRESS' is visible

2020-08-28 13:12:50 - [MESSAGE][PASSED] - Object 'Object Repository/CERTPAY_QUICKSTI/Payment_Information_Page/ADDRESS' is present

2020-08-28 13:12:52 - [MESSAGE][PASSED] - Text '14-2' is set on object 'Object Repository/CERTPAY_QUICKSTI/Payment_Information_Page/ADDRESS'

2020-08-28 13:12:52 - [MESSAGE][PASSED] - Quicksti.ts:Entered'14-2 into Address

2020-08-28 13:12:52 - [TEST_STEP][PASSED] - utilities.SafeActions.safeType(findTestObject("CERTPAY_QUICKSTI/Payment_Information_Page/ZIP_CODE"), zipCode, "zipcode", [pageLoadTime]): Quicksti.ts:Entered'76102 into zipcode

2020-08-28 13:12:52 - [MESSAGE][PASSED] - Object 'Object Repository/CERTPAY_QUICKSTI/Payment_Information_Page/ZIP_CODE' is present

2020-08-28 13:12:53 - [MESSAGE][PASSED] - Object 'Object Repository/CERTPAY_QUICKSTI/Payment_Information_Page/ZIP_CODE' is visible

2020-08-28 13:12:53 - [MESSAGE][PASSED] - Object 'Object Repository/CERTPAY_QUICKSTI/Payment_Information_Page/ZIP_CODE' is present

2020-08-28 13:12:54 - [MESSAGE][PASSED] - Text '76102' is set on object 'Object Repository/CERTPAY_QUICKSTI/Payment_Information_Page/ZIP_CODE'

2020-08-28 13:12:54 - [MESSAGE][PASSED] - Quicksti.ts:Entered'76102 into zipcode

2020-08-28 13:12:54 - [TEST_STEP][PASSED] - utilities.SafeActions.safeType(findTestObject("CERTPAY_QUICKSTI/Payment_Information_Page/TELEPHONE"), telephone, "Telephone", [pageLoadTime]): Quicksti.ts:Entered'9989897654 into Telephone

2020-08-28 13:12:54 - [MESSAGE][PASSED] - Object 'Object Repository/CERTPAY_QUICKSTI/Payment_Information_Page/TELEPHONE' is present

2020-08-28 13:12:55 - [MESSAGE][PASSED] - Object 'Object Repository/CERTPAY_QUICKSTI/Payment_Information_Page/TELEPHONE' is visible

2020-08-28 13:12:55 - [MESSAGE][PASSED] - Object 'Object Repository/CERTPAY_QUICKSTI/Payment_Information_Page/TELEPHONE' is present

2020-08-28 13:12:56 - [MESSAGE][PASSED] - Text '9989897654' is set on object 'Object Repository/CERTPAY_QUICKSTI/Payment_Information_Page/TELEPHONE'

2020-08-28 13:12:56 - [MESSAGE][PASSED] - Quicksti.ts:Entered'9989897654 into Telephone

2020-08-28 13:12:56 - [TEST_STEP][PASSED] - utilities.SafeActions.safeType(findTestObject("CERTPAY_QUICKSTI/Payment_Information_Page/EMAIL_ADDRESS"), emailAddress, "EMAIL address", [pageLoadTime]): Quicksti.ts:Entered'testing@zenq.com into EMAIL address

2020-08-28 13:12:57 - [MESSAGE][PASSED] - Object 'Object Repository/CERTPAY_QUICKSTI/Payment_Information_Page/EMAIL_ADDRESS' is present

2020-08-28 13:12:57 - [MESSAGE][PASSED] - Object 'Object Repository/CERTPAY_QUICKSTI/Payment_Information_Page/EMAIL_ADDRESS' is visible

2020-08-28 13:12:57 - [MESSAGE][PASSED] - Object 'Object Repository/CERTPAY_QUICKSTI/Payment_Information_Page/EMAIL_ADDRESS' is present

2020-08-28 13:12:59 - [MESSAGE][PASSED] - Text 'testing@zenq.com' is set on object 'Object Repository/CERTPAY_QUICKSTI/Payment_Information_Page/EMAIL_ADDRESS'

2020-08-28 13:12:59 - [MESSAGE][PASSED] - Quicksti.ts:Entered'testing@zenq.com into EMAIL address

2020-08-28 13:12:59 - [TEST_STEP][PASSED] - utilities.SafeActions.safeClick(findTestObject("CERTPAY_QUICKSTI/Payment_Information_Page/NEXT_BUTTON"), "Next", [pageLoadTime]): Quicksti.ts:Clicked on the Next

2020-08-28 13:12:59 - [MESSAGE][INFO] - safeClicking

2020-08-28 13:12:59 - [MESSAGE][PASSED] - Object 'Object Repository/CERTPAY_QUICKSTI/Payment_Information_Page/NEXT_BUTTON' is present

2020-08-28 13:13:00 - [MESSAGE][PASSED] - Object 'Object Repository/CERTPAY_QUICKSTI/Payment_Information_Page/NEXT_BUTTON' is clickable

2020-08-28 13:13:03 - [MESSAGE][PASSED] - Object: 'Object Repository/CERTPAY_QUICKSTI/Payment_Information_Page/NEXT_BUTTON' is clicked on

2020-08-28 13:13:03 - [MESSAGE][PASSED] - Quicksti.ts:Clicked on the Next

2020-08-28 13:13:03 - [TEST_STEP][PASSED] - pages.Quicksti.verifyUserPaymentDetails(amountList.get(0), firstName, lastName, CardNumber): pages.Quicksti.verifyUserPaymentDetails is PASSED

2020-08-28 13:13:03 - [MESSAGE][PASSED] - Text of object 'Object Repository/CERTPAY_QUICKSTI/Payment_Details_Verification_Page/AMOUNT' is: '$35.00'

2020-08-28 13:13:03 - [MESSAGE][PASSED] - Actual text '35.00' and expected text '35.00' are matched  using regular expression

2020-08-28 13:13:04 - [MESSAGE][PASSED] - Text of object 'Object Repository/CERTPAY_QUICKSTI/Payment_Details_Verification_Page/NAME' is: 'Tester Zenq1'

2020-08-28 13:13:04 - [MESSAGE][PASSED] - Actual text 'Tester Zenq1' and expected text 'Tester Zenq1' are matched  using regular expression

2020-08-28 13:13:04 - [MESSAGE][PASSED] - Text of object 'Object Repository/CERTPAY_QUICKSTI/Payment_Details_Verification_Page/CARD_NUMBER' is: '...0018'

2020-08-28 13:13:04 - [MESSAGE][PASSED] - Actual text '0018' and expected text '0018' are matched  using regular expression

2020-08-28 13:13:04 - [MESSAGE][PASSED] - pages.Quicksti.verifyUserPaymentDetails is PASSED

2020-08-28 13:13:04 - [TEST_STEP][PASSED] - delay(2): Delayed 2 second(s)

2020-08-28 13:13:06 - [MESSAGE][PASSED] - Delayed 2 second(s)

2020-08-28 13:13:06 - [TEST_STEP][PASSED] - scrollToElement(findTestObject("CERTPAY_QUICKSTI/Payment_Details_Verification_Page/PROCESS"), 0): Scroll to object 'Object Repository/CERTPAY_QUICKSTI/Payment_Details_Verification_Page/PROCESS' successfully

2020-08-28 13:13:06 - [MESSAGE][WARNING] - Timeout '0' is invalid. Using default page load timeout: '30'

2020-08-28 13:13:07 - [MESSAGE][PASSED] - Scroll to object 'Object Repository/CERTPAY_QUICKSTI/Payment_Details_Verification_Page/PROCESS' successfully

2020-08-28 13:13:07 - [TEST_STEP][PASSED] - utilities.SafeActions.safeClick(findTestObject("CERTPAY_QUICKSTI/Payment_Details_Verification_Page/PROCESS"), "Process", [pageLoadTime]): Quicksti.ts:Clicked on the Process

2020-08-28 13:13:07 - [MESSAGE][INFO] - safeClicking

2020-08-28 13:13:07 - [MESSAGE][PASSED] - Object 'Object Repository/CERTPAY_QUICKSTI/Payment_Details_Verification_Page/PROCESS' is present

2020-08-28 13:13:07 - [MESSAGE][PASSED] - Object 'Object Repository/CERTPAY_QUICKSTI/Payment_Details_Verification_Page/PROCESS' is clickable

2020-08-28 13:13:12 - [MESSAGE][PASSED] - Object: 'Object Repository/CERTPAY_QUICKSTI/Payment_Details_Verification_Page/PROCESS' is clicked on

2020-08-28 13:13:12 - [MESSAGE][PASSED] - Quicksti.ts:Clicked on the Process

2020-08-28 13:13:12 - [TEST_STEP][PASSED] - PaymentID = pages.Quicksti.verifyPaymentApproval(findTestObject("CERTPAY_QUICKSTI/Payment_Details_Verification_Page/APPROVED")): Payment is approved

2020-08-28 13:13:13 - [MESSAGE][PASSED] - Text of object 'Object Repository/CERTPAY_QUICKSTI/Payment_Details_Verification_Page/PAYMENT_ID' is: '100176102054'

2020-08-28 13:13:13 - [MESSAGE][PASSED] - Object 'Object Repository/CERTPAY_QUICKSTI/Payment_Details_Verification_Page/APPROVED' is present

2020-08-28 13:13:13 - [MESSAGE][PASSED] - Payment is approved

2020-08-28 13:13:15 - [TEST_STEP][PASSED] - navigateToUrl(Reports_url): Navigate to 'https://qa-certpayreports.faps.net/BureauLogin/login.aspx' successfully

2020-08-28 13:13:19 - [MESSAGE][PASSED] - Navigate to 'https://qa-certpayreports.faps.net/BureauLogin/login.aspx' successfully

2020-08-28 13:13:19 - [TEST_STEP][PASSED] - pages.Bureau_Login_Page.loginToReportsSite(userName, password, accessCode): Quicksti.ts:Clicked on the LOGIN

2020-08-28 13:13:19 - [MESSAGE][PASSED] - Object 'Object Repository/MAKE_ PAYMENT/Home_ Page/USER_NAME' is present

2020-08-28 13:13:20 - [MESSAGE][PASSED] - Object 'Object Repository/MAKE_ PAYMENT/Home_ Page/USER_NAME' is visible

2020-08-28 13:13:20 - [MESSAGE][PASSED] - Object 'Object Repository/MAKE_ PAYMENT/Home_ Page/USER_NAME' is present

2020-08-28 13:13:21 - [MESSAGE][PASSED] - Text 'ZenQ' is set on object 'Object Repository/MAKE_ PAYMENT/Home_ Page/USER_NAME'

2020-08-28 13:13:21 - [MESSAGE][PASSED] - Quicksti.ts:Entered'ZenQ into username

2020-08-28 13:13:22 - [MESSAGE][PASSED] - Object 'Object Repository/MAKE_ PAYMENT/Home_ Page/BUREAU_PASSWORD' is present

2020-08-28 13:13:22 - [MESSAGE][PASSED] - Object 'Object Repository/MAKE_ PAYMENT/Home_ Page/BUREAU_PASSWORD' is visible

2020-08-28 13:13:22 - [MESSAGE][PASSED] - Object 'Object Repository/MAKE_ PAYMENT/Home_ Page/BUREAU_PASSWORD' is present

2020-08-28 13:13:23 - [MESSAGE][PASSED] - Text 'Zenq@123' is set on object 'Object Repository/MAKE_ PAYMENT/Home_ Page/BUREAU_PASSWORD'

2020-08-28 13:13:23 - [MESSAGE][PASSED] - Quicksti.ts:Entered'Zenq@123 into password

2020-08-28 13:13:24 - [MESSAGE][PASSED] - Object 'Object Repository/MAKE_ PAYMENT/Home_ Page/BUREAU_ACCESS_CODE' is present

2020-08-28 13:13:24 - [MESSAGE][PASSED] - Object 'Object Repository/MAKE_ PAYMENT/Home_ Page/BUREAU_ACCESS_CODE' is visible

2020-08-28 13:13:24 - [MESSAGE][PASSED] - Object 'Object Repository/MAKE_ PAYMENT/Home_ Page/BUREAU_ACCESS_CODE' is present

2020-08-28 13:13:26 - [MESSAGE][PASSED] - Text 'certpaytest' is set on object 'Object Repository/MAKE_ PAYMENT/Home_ Page/BUREAU_ACCESS_CODE'

2020-08-28 13:13:26 - [MESSAGE][PASSED] - Quicksti.ts:Entered'certpaytest into AccessCode

2020-08-28 13:13:26 - [MESSAGE][INFO] - safeClicking

2020-08-28 13:13:26 - [MESSAGE][PASSED] - Object 'Object Repository/MAKE_ PAYMENT/Home_ Page/LOGIN_BUTTON' is present

2020-08-28 13:13:26 - [MESSAGE][PASSED] - Object 'Object Repository/MAKE_ PAYMENT/Home_ Page/LOGIN_BUTTON' is clickable

2020-08-28 13:13:30 - [MESSAGE][PASSED] - Object: 'Object Repository/MAKE_ PAYMENT/Home_ Page/LOGIN_BUTTON' is clicked on

2020-08-28 13:13:30 - [MESSAGE][PASSED] - Quicksti.ts:Clicked on the LOGIN

2020-08-28 13:13:30 - [TEST_STEP][NOT_RUN] - mouseOver(findTestObject("REPORTS_PAGE/REPORTING")): NOT_RUN: mouseOver(findTestObject("REPORTS_PAGE/REPORTING"))

2020-08-28 13:13:30 - [MESSAGE][NOT_RUN] - NOT_RUN: mouseOver(findTestObject("REPORTS_PAGE/REPORTING"))

2020-08-28 13:13:30 - [TEST_STEP][PASSED] - delay(1): Delayed 1 second(s)

2020-08-28 13:13:31 - [MESSAGE][PASSED] - Delayed 1 second(s)

2020-08-28 13:13:31 - [TEST_STEP][PASSED] - utilities.SafeActions.safeClick(findTestObject("REPORTS_PAGE/REPORTING"), "Reporting", [pageLoadTime]): Quicksti.ts:Clicked on the Reporting

2020-08-28 13:13:32 - [MESSAGE][INFO] - safeClicking

2020-08-28 13:13:32 - [MESSAGE][PASSED] - Object 'Object Repository/REPORTS_PAGE/REPORTING' is present

2020-08-28 13:13:32 - [MESSAGE][PASSED] - Object 'Object Repository/REPORTS_PAGE/REPORTING' is clickable

2020-08-28 13:13:33 - [MESSAGE][PASSED] - Object: 'Object Repository/REPORTS_PAGE/REPORTING' is clicked on

2020-08-28 13:13:33 - [MESSAGE][PASSED] - Quicksti.ts:Clicked on the Reporting

2020-08-28 13:13:33 - [TEST_STEP][PASSED] - utilities.SafeActions.safeClick(findTestObject("REPORTS_PAGE/REPORTING"), "Reporting", [pageLoadTime]): Quicksti.ts:Clicked on the Reporting

2020-08-28 13:13:33 - [MESSAGE][INFO] - safeClicking

2020-08-28 13:13:34 - [MESSAGE][PASSED] - Object 'Object Repository/REPORTS_PAGE/REPORTING' is present

2020-08-28 13:13:34 - [MESSAGE][PASSED] - Object 'Object Repository/REPORTS_PAGE/REPORTING' is clickable

2020-08-28 13:13:35 - [MESSAGE][PASSED] - Object: 'Object Repository/REPORTS_PAGE/REPORTING' is clicked on

2020-08-28 13:13:35 - [MESSAGE][PASSED] - Quicksti.ts:Clicked on the Reporting

2020-08-28 13:13:35 - [TEST_STEP][PASSED] - utilities.SafeActions.safeClick(findTestObject("REPORTS_PAGE/QUICK_FIND_PAYMENT"), "Quick find payment", [pageLoadTime]): Quicksti.ts:Clicked on the Quick find payment

2020-08-28 13:13:35 - [MESSAGE][INFO] - safeClicking

2020-08-28 13:13:35 - [MESSAGE][PASSED] - Object 'Object Repository/REPORTS_PAGE/QUICK_FIND_PAYMENT' is present

2020-08-28 13:13:36 - [MESSAGE][PASSED] - Object 'Object Repository/REPORTS_PAGE/QUICK_FIND_PAYMENT' is clickable

2020-08-28 13:13:39 - [MESSAGE][PASSED] - Object: 'Object Repository/REPORTS_PAGE/QUICK_FIND_PAYMENT' is clicked on

2020-08-28 13:13:39 - [MESSAGE][PASSED] - Quicksti.ts:Clicked on the Quick find payment

2020-08-28 13:13:39 - [TEST_STEP][PASSED] - utilities.SafeActions.safeType(findTestObject("SEARCH_PAYMENT/PAYMENT_ID_INPUT_FIELD"), PaymentID, "Payment id", [pageLoadTime]): Quicksti.ts:Entered'100176102054 into Payment id

2020-08-28 13:13:39 - [MESSAGE][PASSED] - Object 'Object Repository/SEARCH_PAYMENT/PAYMENT_ID_INPUT_FIELD' is present

2020-08-28 13:13:39 - [MESSAGE][PASSED] - Object 'Object Repository/SEARCH_PAYMENT/PAYMENT_ID_INPUT_FIELD' is visible

2020-08-28 13:13:40 - [MESSAGE][PASSED] - Object 'Object Repository/SEARCH_PAYMENT/PAYMENT_ID_INPUT_FIELD' is present

2020-08-28 13:13:41 - [MESSAGE][PASSED] - Text '100176102054' is set on object 'Object Repository/SEARCH_PAYMENT/PAYMENT_ID_INPUT_FIELD'

2020-08-28 13:13:41 - [MESSAGE][PASSED] - Quicksti.ts:Entered'100176102054 into Payment id

2020-08-28 13:13:41 - [TEST_STEP][PASSED] - utilities.SafeActions.safeClick(findTestObject("SEARCH_PAYMENT/SEARCH_BUTTON_1"), "Search button", [pageLoadTime]): Quicksti.ts:Clicked on the Search button

2020-08-28 13:13:41 - [MESSAGE][INFO] - safeClicking

2020-08-28 13:13:41 - [MESSAGE][PASSED] - Object 'Object Repository/SEARCH_PAYMENT/SEARCH_BUTTON_1' is present

2020-08-28 13:13:42 - [MESSAGE][PASSED] - Object 'Object Repository/SEARCH_PAYMENT/SEARCH_BUTTON_1' is clickable

2020-08-28 13:13:45 - [MESSAGE][PASSED] - Object: 'Object Repository/SEARCH_PAYMENT/SEARCH_BUTTON_1' is clicked on

2020-08-28 13:13:45 - [MESSAGE][PASSED] - Quicksti.ts:Clicked on the Search button

2020-08-28 13:13:45 - [TEST_STEP][FAILED] - pages.Search_Page.validateApprovedTransactionsInReports(PaymentID, cardType, amount_Value): com.kms.katalon.core.exception.StepFailedException: Unable to verify match

2020-08-28 13:13:45 - [MESSAGE][PASSED] - Text of object 'Object Repository/SEARCH_PAYMENT/REPORTS_PAYMNET_ID' is: '100176102054'

2020-08-28 13:13:45 - [MESSAGE][PASSED] - Actual text '100176102054' and expected text '100176102054' are matched  using regular expression

2020-08-28 13:13:46 - [MESSAGE][PASSED] - Text of object 'Object Repository/SEARCH_PAYMENT/REPORTS_CARD_TYPE' is: 'Visa'

2020-08-28 13:13:46 - [MESSAGE][FAILED] - Unable to verify match between actual text 'Visa' and expected text 'Discover' using regular expression (Root cause: com.kms.katalon.core.exception.StepFailedException: Actual text 'Visa' and expected text 'Discover' are not matched using regular expression
	at com.kms.katalon.core.keyword.builtin.VerifyMatchKeyword$_verifyMatch_closure1.doCall(VerifyMatchKeyword.groovy:57)
	at com.kms.katalon.core.keyword.builtin.VerifyMatchKeyword$_verifyMatch_closure1.call(VerifyMatchKeyword.groovy)
	at com.kms.katalon.core.keyword.internal.KeywordMain.runKeyword(KeywordMain.groovy:68)
	at com.kms.katalon.core.keyword.builtin.VerifyMatchKeyword.verifyMatch(VerifyMatchKeyword.groovy:60)
	at com.kms.katalon.core.keyword.builtin.VerifyMatchKeyword.execute(VerifyMatchKeyword.groovy:45)
	at com.kms.katalon.core.keyword.internal.KeywordExecutor.executeKeywordForPlatform(KeywordExecutor.groovy:72)
	at com.kms.katalon.core.keyword.BuiltinKeywords.verifyMatch(BuiltinKeywords.groovy:55)
	at pages.Search_Page.validateApprovedTransactionsInReports(Search_Page.groovy:92)
	at pages.Search_Page.invokeMethod(Search_Page.groovy)
	at com.kms.katalon.core.main.CustomKeywordDelegatingMetaClass.invokeStaticMethod(CustomKeywordDelegatingMetaClass.java:50)
	at TC_002_MultiBureauSite_SingleBureau_MultiLinePayment.run(TC_002_MultiBureauSite_SingleBureau_MultiLinePayment:158)
	at com.kms.katalon.core.main.ScriptEngine.run(ScriptEngine.java:194)
	at com.kms.katalon.core.main.ScriptEngine.runScriptAsRawText(ScriptEngine.java:119)
	at com.kms.katalon.core.main.TestCaseExecutor.runScript(TestCaseExecutor.java:337)
	at com.kms.katalon.core.main.TestCaseExecutor.doExecute(TestCaseExecutor.java:328)
	at com.kms.katalon.core.main.TestCaseExecutor.processExecutionPhase(TestCaseExecutor.java:307)
	at com.kms.katalon.core.main.TestCaseExecutor.accessMainPhase(TestCaseExecutor.java:299)
	at com.kms.katalon.core.main.TestCaseExecutor.execute(TestCaseExecutor.java:233)
	at com.kms.katalon.core.main.TestSuiteExecutor.accessTestCaseMainPhase(TestSuiteExecutor.java:169)
	at com.kms.katalon.core.main.TestSuiteExecutor.accessTestSuiteMainPhase(TestSuiteExecutor.java:142)
	at com.kms.katalon.core.main.TestSuiteExecutor.execute(TestSuiteExecutor.java:91)
	at com.kms.katalon.core.main.TestCaseMain.startTestSuite(TestCaseMain.java:157)
	at com.kms.katalon.core.main.TestCaseMain$startTestSuite$0.call(Unknown Source)
	at TempTestSuite1598599635439.run(TempTestSuite1598599635439.groovy:36)
)

2020-08-28 13:13:46 - [MESSAGE][FAILED] - Unable to verify match

2020-08-28 13:13:46 - [MESSAGE][FAILED] - com.kms.katalon.core.exception.StepFailedException: Unable to verify match

2020-08-28 13:13:46 - [TEST_STEP][PASSED] - paymentIdList.add(PaymentID): null

2020-08-28 13:13:46 - [TEST_STEP][PASSED] - println(paymentIdList): null

2020-08-28 13:13:46 - [TEST_STEP][PASSED] - firstName = data.getValue("FirstName", index): null

2020-08-28 13:13:46 - [TEST_STEP][PASSED] - lastName = data.getValue("LastName", index): null

2020-08-28 13:13:46 - [TEST_STEP][PASSED] - cardNum = data.getValue("CardNumber", index): null

2020-08-28 13:13:46 - [TEST_STEP][PASSED] - expMonth = data.getValue("ExpMonth", index): null

2020-08-28 13:13:46 - [TEST_STEP][PASSED] - expYear = data.getValue("ExpYear", index): null

2020-08-28 13:13:46 - [TEST_STEP][PASSED] - securityCode = data.getValue("SecurityCode", index): null

2020-08-28 13:13:46 - [TEST_STEP][PASSED] - paymentAmount = data.getValue("PaymentAmount", index): null

2020-08-28 13:13:46 - [TEST_STEP][PASSED] - paymentType = data.getValue("PaymentType", index): null

2020-08-28 13:13:46 - [TEST_STEP][PASSED] - quantity = data.getValue("Quantity", index): null

2020-08-28 13:13:46 - [TEST_STEP][PASSED] - comments = data.getValue("Comments", index): null

2020-08-28 13:13:46 - [TEST_STEP][PASSED] - referenceNum = data.getValue("ReferenceNum", index): null

2020-08-28 13:13:46 - [TEST_STEP][PASSED] - address = data.getValue("Address", index): null

2020-08-28 13:13:46 - [TEST_STEP][PASSED] - zipCode = data.getValue("Zipcode", index): null

2020-08-28 13:13:46 - [TEST_STEP][PASSED] - telephone = data.getValue("Telephone", index): null

2020-08-28 13:13:46 - [TEST_STEP][PASSED] - emailAddress = data.getValue("EmailAddress", index): null

2020-08-28 13:13:46 - [TEST_STEP][PASSED] - cardType = data.getValue("CardType", index): null

2020-08-28 13:13:46 - [TEST_STEP][PASSED] - amountList = paymentAmount.split(","): null

2020-08-28 13:13:46 - [TEST_STEP][PASSED] - referenceList = referenceNum.split(","): null

2020-08-28 13:13:46 - [TEST_STEP][PASSED] - paymentTypeList = paymentType.split(","): null

2020-08-28 13:13:46 - [TEST_STEP][PASSED] - commentsList = comments.split(","): null

2020-08-28 13:13:46 - [TEST_STEP][PASSED] - quantityList = quantity.split(","): null

2020-08-28 13:13:46 - [TEST_STEP][PASSED] - utilities.SafeActions.openBrowser(Quicksti_Url, [pageLoadTime]): Browser launched successfully

2020-08-28 13:13:46 - [MESSAGE][INFO] - Opening Browser

2020-08-28 13:13:46 - [MESSAGE][WARNING] - A browser is already opened. Closing browser and opening a new one

2020-08-28 13:13:47 - [MESSAGE][INFO] - Starting 'Chrome' driver

2020-08-28 13:13:57 - [MESSAGE][PASSED] - Browser is opened with url: 'https://qa-certpayquicksti.faps.net/'

2020-08-28 13:13:59 - [MESSAGE][PASSED] - Current window maximized

2020-08-28 13:13:59 - [MESSAGE][PASSED] - Browser launched successfully

2020-08-28 13:13:59 - [TEST_STEP][PASSED] - utilities.SafeActions.safeCheck(findTestObject("CERTPAY_QUICKSTI/Login_ Page/MULTI_BUREAU_CHECKBOX"), "Multi Bureau", [pageLoadTime]): Quicksti.ts:Checkbox 'Multi Bureau'is selected

2020-08-28 13:13:59 - [MESSAGE][PASSED] - Object 'Object Repository/CERTPAY_QUICKSTI/Login_ Page/MULTI_BUREAU_CHECKBOX' is present

2020-08-28 13:14:00 - [MESSAGE][PASSED] - Object 'Object Repository/CERTPAY_QUICKSTI/Login_ Page/MULTI_BUREAU_CHECKBOX' is present

2020-08-28 13:14:01 - [MESSAGE][PASSED] - Object: 'Object Repository/CERTPAY_QUICKSTI/Login_ Page/MULTI_BUREAU_CHECKBOX' is clicked on

2020-08-28 13:14:01 - [MESSAGE][PASSED] - Quicksti.ts:Checkbox 'Multi Bureau'is selected

2020-08-28 13:14:01 - [TEST_STEP][PASSED] - utilities.SafeActions.safeType(findTestObject("CERTPAY_QUICKSTI/Login_ Page/TELLER_ID"), teller_id, "Bureau code", [pageLoadTime]): Quicksti.ts:Entered'zenq into Bureau code

2020-08-28 13:14:03 - [MESSAGE][PASSED] - Object 'Object Repository/CERTPAY_QUICKSTI/Login_ Page/TELLER_ID' is present

2020-08-28 13:14:03 - [MESSAGE][PASSED] - Object 'Object Repository/CERTPAY_QUICKSTI/Login_ Page/TELLER_ID' is visible

2020-08-28 13:14:03 - [MESSAGE][PASSED] - Object 'Object Repository/CERTPAY_QUICKSTI/Login_ Page/TELLER_ID' is present

2020-08-28 13:14:05 - [MESSAGE][PASSED] - Text 'zenq' is set on object 'Object Repository/CERTPAY_QUICKSTI/Login_ Page/TELLER_ID'

2020-08-28 13:14:05 - [MESSAGE][PASSED] - Quicksti.ts:Entered'zenq into Bureau code

2020-08-28 13:14:05 - [TEST_STEP][PASSED] - utilities.SafeActions.safeClick(findTestObject("CERTPAY_QUICKSTI/Login_ Page/NEXT_BUTTON"), "Next button", [pageLoadTime]): Quicksti.ts:Clicked on the Next button

2020-08-28 13:14:05 - [MESSAGE][INFO] - safeClicking

2020-08-28 13:14:05 - [MESSAGE][PASSED] - Object 'Object Repository/CERTPAY_QUICKSTI/Login_ Page/NEXT_BUTTON' is present

2020-08-28 13:14:05 - [MESSAGE][PASSED] - Object 'Object Repository/CERTPAY_QUICKSTI/Login_ Page/NEXT_BUTTON' is clickable

2020-08-28 13:14:09 - [MESSAGE][PASSED] - Object: 'Object Repository/CERTPAY_QUICKSTI/Login_ Page/NEXT_BUTTON' is clicked on

2020-08-28 13:14:09 - [MESSAGE][PASSED] - Quicksti.ts:Clicked on the Next button

2020-08-28 13:14:09 - [TEST_STEP][PASSED] - for ([i = 0, i <= amountList.size() - 1, (i++)]): Quicksti.ts:Entered'2 into Quntity

2020-08-28 13:14:09 - [TEST_STEP][PASSED] - s = Integer.toString(i): null

2020-08-28 13:14:09 - [TEST_STEP][PASSED] - pages.Quicksti.setCommnets("0", s, commentsList.get(i)): Quicksti.ts:Entered'Testing into Comments

2020-08-28 13:14:10 - [MESSAGE][PASSED] - Object '' is present

2020-08-28 13:14:10 - [MESSAGE][PASSED] - Object '' is visible

2020-08-28 13:14:10 - [MESSAGE][PASSED] - Object '' is present

2020-08-28 13:14:12 - [MESSAGE][PASSED] - Text 'Testing' is set on object ''

2020-08-28 13:14:12 - [MESSAGE][PASSED] - Quicksti.ts:Entered'Testing into Comments

2020-08-28 13:14:12 - [TEST_STEP][PASSED] - utilities.SafeActions.safeType(findTestObject("CERTPAY_QUICKSTI/Payment_Information_Page/PAYMENT_AMOUNT"), amountList.get(i), "Payment Amount", [pageLoadTime]): Quicksti.ts:Entered'35.00 into Payment Amount

2020-08-28 13:14:12 - [MESSAGE][PASSED] - Object 'Object Repository/CERTPAY_QUICKSTI/Payment_Information_Page/PAYMENT_AMOUNT' is present

2020-08-28 13:14:12 - [MESSAGE][PASSED] - Object 'Object Repository/CERTPAY_QUICKSTI/Payment_Information_Page/PAYMENT_AMOUNT' is visible

2020-08-28 13:14:13 - [MESSAGE][PASSED] - Object 'Object Repository/CERTPAY_QUICKSTI/Payment_Information_Page/PAYMENT_AMOUNT' is present

2020-08-28 13:14:14 - [MESSAGE][PASSED] - Text '35.00' is set on object 'Object Repository/CERTPAY_QUICKSTI/Payment_Information_Page/PAYMENT_AMOUNT'

2020-08-28 13:14:14 - [MESSAGE][PASSED] - Quicksti.ts:Entered'35.00 into Payment Amount

2020-08-28 13:14:14 - [TEST_STEP][PASSED] - pages.Quicksti.setAmountDetailsForMultiBureau(s, paymentTypeList.get(i), "0", referenceList.get(i), quantityList.get(i)): Quicksti.ts:Entered'1 into Quntity

2020-08-28 13:14:15 - [MESSAGE][PASSED] - Object '' is visible

2020-08-28 13:14:15 - [MESSAGE][PASSED] - Object '' is present

2020-08-28 13:14:16 - [MESSAGE][PASSED] - Object: '' is clicked on

2020-08-28 13:14:17 - [MESSAGE][PASSED] - All options with label 'Licenses' are selected in object ''  using regular expression

2020-08-28 13:14:17 - [MESSAGE][PASSED] - selected dropdown option by visible text  Licensesfrom Payment Type

2020-08-28 13:14:18 - [MESSAGE][PASSED] - Object '' is present

2020-08-28 13:14:18 - [MESSAGE][PASSED] - Object '' is visible

2020-08-28 13:14:18 - [MESSAGE][PASSED] - Object '' is present

2020-08-28 13:14:20 - [MESSAGE][PASSED] - Text '11' is set on object ''

2020-08-28 13:14:20 - [MESSAGE][PASSED] - Quicksti.ts:Entered'11 into RefrenceNumber

2020-08-28 13:14:20 - [MESSAGE][PASSED] - Object '' is present

2020-08-28 13:14:20 - [MESSAGE][PASSED] - Object '' is visible

2020-08-28 13:14:21 - [MESSAGE][PASSED] - Object '' is present

2020-08-28 13:14:22 - [MESSAGE][PASSED] - Text '1' is set on object ''

2020-08-28 13:14:22 - [MESSAGE][PASSED] - Quicksti.ts:Entered'1 into Quntity

2020-08-28 13:14:22 - [TEST_STEP][PASSED] - s = Integer.toString(i): null

2020-08-28 13:14:22 - [TEST_STEP][PASSED] - pages.Quicksti.setCommnets("0", s, commentsList.get(i)): Quicksti.ts:Entered'Tester into Comments

2020-08-28 13:14:22 - [MESSAGE][PASSED] - Object '' is present

2020-08-28 13:14:23 - [MESSAGE][PASSED] - Object '' is visible

2020-08-28 13:14:23 - [MESSAGE][PASSED] - Object '' is present

2020-08-28 13:14:24 - [MESSAGE][PASSED] - Text 'Tester' is set on object ''

2020-08-28 13:14:24 - [MESSAGE][PASSED] - Quicksti.ts:Entered'Tester into Comments

2020-08-28 13:14:24 - [TEST_STEP][PASSED] - utilities.SafeActions.safeType(findTestObject("CERTPAY_QUICKSTI/Payment_Information_Page/PAYMENT_AMOUNT"), amountList.get(i), "Payment Amount", [pageLoadTime]): Quicksti.ts:Entered'40.00 into Payment Amount

2020-08-28 13:14:25 - [MESSAGE][PASSED] - Object 'Object Repository/CERTPAY_QUICKSTI/Payment_Information_Page/PAYMENT_AMOUNT' is present

2020-08-28 13:14:25 - [MESSAGE][PASSED] - Object 'Object Repository/CERTPAY_QUICKSTI/Payment_Information_Page/PAYMENT_AMOUNT' is visible

2020-08-28 13:14:25 - [MESSAGE][PASSED] - Object 'Object Repository/CERTPAY_QUICKSTI/Payment_Information_Page/PAYMENT_AMOUNT' is present

2020-08-28 13:14:27 - [MESSAGE][PASSED] - Text '40.00' is set on object 'Object Repository/CERTPAY_QUICKSTI/Payment_Information_Page/PAYMENT_AMOUNT'

2020-08-28 13:14:27 - [MESSAGE][PASSED] - Quicksti.ts:Entered'40.00 into Payment Amount

2020-08-28 13:14:27 - [TEST_STEP][PASSED] - pages.Quicksti.setAmountDetailsForMultiBureau(s, paymentTypeList.get(i), "0", referenceList.get(i), quantityList.get(i)): Quicksti.ts:Entered'2 into Quntity

2020-08-28 13:14:27 - [MESSAGE][PASSED] - Object '' is visible

2020-08-28 13:14:27 - [MESSAGE][PASSED] - Object '' is present

2020-08-28 13:14:29 - [MESSAGE][PASSED] - Object: '' is clicked on

2020-08-28 13:14:30 - [MESSAGE][PASSED] - All options with label 'Taxes' are selected in object ''  using regular expression

2020-08-28 13:14:30 - [MESSAGE][PASSED] - selected dropdown option by visible text  Taxesfrom Payment Type

2020-08-28 13:14:30 - [MESSAGE][PASSED] - Object '' is present

2020-08-28 13:14:31 - [MESSAGE][PASSED] - Object '' is visible

2020-08-28 13:14:31 - [MESSAGE][PASSED] - Object '' is present

2020-08-28 13:14:32 - [MESSAGE][PASSED] - Text '12' is set on object ''

2020-08-28 13:14:32 - [MESSAGE][PASSED] - Quicksti.ts:Entered'12 into RefrenceNumber

2020-08-28 13:14:33 - [MESSAGE][PASSED] - Object '' is present

2020-08-28 13:14:33 - [MESSAGE][PASSED] - Object '' is visible

2020-08-28 13:14:33 - [MESSAGE][PASSED] - Object '' is present

2020-08-28 13:14:34 - [MESSAGE][PASSED] - Text '2' is set on object ''

2020-08-28 13:14:34 - [MESSAGE][PASSED] - Quicksti.ts:Entered'2 into Quntity

2020-08-28 13:14:34 - [TEST_STEP][PASSED] - amount_Value = pages.Quicksti.getAttributeValue(findTestObject("CERTPAY_QUICKSTI/Payment_Information_Page/SUB_TOTAL")): pages.Quicksti.getAttributeValue is PASSED

2020-08-28 13:14:35 - [MESSAGE][PASSED] - Attribute 'value' of object 'Object Repository/CERTPAY_QUICKSTI/Payment_Information_Page/SUB_TOTAL' is: '35.00'

2020-08-28 13:14:35 - [MESSAGE][PASSED] - pages.Quicksti.getAttributeValue is PASSED

2020-08-28 13:14:35 - [TEST_STEP][PASSED] - utilities.SafeActions.safeClick(findTestObject("CERTPAY_QUICKSTI/Payment_Information_Page/MANUAL_ENTRY_BUTTON"), "ManualEntry", [pageLoadTime]): Quicksti.ts:Clicked on the ManualEntry

2020-08-28 13:14:35 - [MESSAGE][INFO] - safeClicking

2020-08-28 13:14:35 - [MESSAGE][PASSED] - Object 'Object Repository/CERTPAY_QUICKSTI/Payment_Information_Page/MANUAL_ENTRY_BUTTON' is present

2020-08-28 13:14:36 - [MESSAGE][PASSED] - Object 'Object Repository/CERTPAY_QUICKSTI/Payment_Information_Page/MANUAL_ENTRY_BUTTON' is clickable

2020-08-28 13:14:39 - [MESSAGE][PASSED] - Object: 'Object Repository/CERTPAY_QUICKSTI/Payment_Information_Page/MANUAL_ENTRY_BUTTON' is clicked on

2020-08-28 13:14:39 - [MESSAGE][PASSED] - Quicksti.ts:Clicked on the ManualEntry

2020-08-28 13:14:39 - [TEST_STEP][PASSED] - CardNumber = pages.Quicksti.setUserPaymentDetails(firstName, lastName, cardNum): Quicksti.ts:Entered'374245003731006 into CardNum

2020-08-28 13:14:40 - [MESSAGE][PASSED] - Object 'Object Repository/CERTPAY_QUICKSTI/Payment_Information_Page/FIRST_NAME' is present

2020-08-28 13:14:40 - [MESSAGE][PASSED] - Object 'Object Repository/CERTPAY_QUICKSTI/Payment_Information_Page/FIRST_NAME' is visible

2020-08-28 13:14:40 - [MESSAGE][PASSED] - Object 'Object Repository/CERTPAY_QUICKSTI/Payment_Information_Page/FIRST_NAME' is present

2020-08-28 13:14:42 - [MESSAGE][PASSED] - Text 'Tester' is set on object 'Object Repository/CERTPAY_QUICKSTI/Payment_Information_Page/FIRST_NAME'

2020-08-28 13:14:42 - [MESSAGE][PASSED] - Quicksti.ts:Entered'Tester into FirstName

2020-08-28 13:14:42 - [MESSAGE][PASSED] - Object 'Object Repository/CERTPAY_QUICKSTI/Payment_Information_Page/LAST_NAME' is present

2020-08-28 13:14:42 - [MESSAGE][PASSED] - Object 'Object Repository/CERTPAY_QUICKSTI/Payment_Information_Page/LAST_NAME' is visible

2020-08-28 13:14:43 - [MESSAGE][PASSED] - Object 'Object Repository/CERTPAY_QUICKSTI/Payment_Information_Page/LAST_NAME' is present

2020-08-28 13:14:44 - [MESSAGE][PASSED] - Text 'Zenq1' is set on object 'Object Repository/CERTPAY_QUICKSTI/Payment_Information_Page/LAST_NAME'

2020-08-28 13:14:44 - [MESSAGE][PASSED] - Quicksti.ts:Entered'Zenq1 into LAstName

2020-08-28 13:14:44 - [MESSAGE][PASSED] - Object 'Object Repository/CERTPAY_QUICKSTI/Payment_Information_Page/CARD_NUMBER' is present

2020-08-28 13:14:45 - [MESSAGE][PASSED] - Object 'Object Repository/CERTPAY_QUICKSTI/Payment_Information_Page/CARD_NUMBER' is visible

2020-08-28 13:14:45 - [MESSAGE][PASSED] - Object 'Object Repository/CERTPAY_QUICKSTI/Payment_Information_Page/CARD_NUMBER' is present

2020-08-28 13:14:46 - [MESSAGE][PASSED] - Text '374245003731006' is set on object 'Object Repository/CERTPAY_QUICKSTI/Payment_Information_Page/CARD_NUMBER'

2020-08-28 13:14:46 - [MESSAGE][PASSED] - Quicksti.ts:Entered'374245003731006 into CardNum

2020-08-28 13:14:46 - [TEST_STEP][PASSED] - pages.Quicksti.setExpDate(expMonth, expYear, securityCode): Quicksti.ts:Entered'111 into securityCode

2020-08-28 13:14:47 - [MESSAGE][PASSED] - Object 'Object Repository/CERTPAY_QUICKSTI/Payment_Information_Page/EXP_MONTH' is visible

2020-08-28 13:14:47 - [MESSAGE][PASSED] - Object 'Object Repository/CERTPAY_QUICKSTI/Payment_Information_Page/EXP_MONTH' is present

2020-08-28 13:14:48 - [MESSAGE][PASSED] - Object: 'Object Repository/CERTPAY_QUICKSTI/Payment_Information_Page/EXP_MONTH' is clicked on

2020-08-28 13:14:50 - [MESSAGE][PASSED] - All options with label '05' are selected in object 'Object Repository/CERTPAY_QUICKSTI/Payment_Information_Page/EXP_MONTH'  using regular expression

2020-08-28 13:14:50 - [MESSAGE][PASSED] - selected dropdown option by visible text  05from expMonth

2020-08-28 13:14:50 - [MESSAGE][PASSED] - Object 'Object Repository/CERTPAY_QUICKSTI/Payment_Information_Page/EXP_YEAR' is visible

2020-08-28 13:14:50 - [MESSAGE][PASSED] - Object 'Object Repository/CERTPAY_QUICKSTI/Payment_Information_Page/EXP_YEAR' is present

2020-08-28 13:14:52 - [MESSAGE][PASSED] - Object: 'Object Repository/CERTPAY_QUICKSTI/Payment_Information_Page/EXP_YEAR' is clicked on

2020-08-28 13:14:53 - [MESSAGE][PASSED] - All options with label '2022' are selected in object 'Object Repository/CERTPAY_QUICKSTI/Payment_Information_Page/EXP_YEAR'  using regular expression

2020-08-28 13:14:53 - [MESSAGE][PASSED] - selected dropdown option by visible text  2022from  expYear

2020-08-28 13:14:53 - [MESSAGE][PASSED] - Object 'Object Repository/CERTPAY_QUICKSTI/Payment_Information_Page/SECURITY_CODE' is present

2020-08-28 13:14:54 - [MESSAGE][PASSED] - Object 'Object Repository/CERTPAY_QUICKSTI/Payment_Information_Page/SECURITY_CODE' is visible

2020-08-28 13:14:54 - [MESSAGE][PASSED] - Object 'Object Repository/CERTPAY_QUICKSTI/Payment_Information_Page/SECURITY_CODE' is present

2020-08-28 13:14:55 - [MESSAGE][PASSED] - Text '111' is set on object 'Object Repository/CERTPAY_QUICKSTI/Payment_Information_Page/SECURITY_CODE'

2020-08-28 13:14:55 - [MESSAGE][PASSED] - Quicksti.ts:Entered'111 into securityCode

2020-08-28 13:14:55 - [TEST_STEP][PASSED] - utilities.SafeActions.safeType(findTestObject("CERTPAY_QUICKSTI/Payment_Information_Page/ADDRESS"), address, "Address", [pageLoadTime]): Quicksti.ts:Entered'14-2 into Address

2020-08-28 13:14:56 - [MESSAGE][PASSED] - Object 'Object Repository/CERTPAY_QUICKSTI/Payment_Information_Page/ADDRESS' is present

2020-08-28 13:14:56 - [MESSAGE][PASSED] - Object 'Object Repository/CERTPAY_QUICKSTI/Payment_Information_Page/ADDRESS' is visible

2020-08-28 13:14:56 - [MESSAGE][PASSED] - Object 'Object Repository/CERTPAY_QUICKSTI/Payment_Information_Page/ADDRESS' is present

2020-08-28 13:14:57 - [MESSAGE][PASSED] - Text '14-2' is set on object 'Object Repository/CERTPAY_QUICKSTI/Payment_Information_Page/ADDRESS'

2020-08-28 13:14:57 - [MESSAGE][PASSED] - Quicksti.ts:Entered'14-2 into Address

2020-08-28 13:14:57 - [TEST_STEP][PASSED] - utilities.SafeActions.safeType(findTestObject("CERTPAY_QUICKSTI/Payment_Information_Page/ZIP_CODE"), zipCode, "zipcode", [pageLoadTime]): Quicksti.ts:Entered'76102 into zipcode

2020-08-28 13:14:58 - [MESSAGE][PASSED] - Object 'Object Repository/CERTPAY_QUICKSTI/Payment_Information_Page/ZIP_CODE' is present

2020-08-28 13:14:58 - [MESSAGE][PASSED] - Object 'Object Repository/CERTPAY_QUICKSTI/Payment_Information_Page/ZIP_CODE' is visible

2020-08-28 13:14:58 - [MESSAGE][PASSED] - Object 'Object Repository/CERTPAY_QUICKSTI/Payment_Information_Page/ZIP_CODE' is present

2020-08-28 13:15:00 - [MESSAGE][PASSED] - Text '76102' is set on object 'Object Repository/CERTPAY_QUICKSTI/Payment_Information_Page/ZIP_CODE'

2020-08-28 13:15:00 - [MESSAGE][PASSED] - Quicksti.ts:Entered'76102 into zipcode

2020-08-28 13:15:00 - [TEST_STEP][PASSED] - utilities.SafeActions.safeType(findTestObject("CERTPAY_QUICKSTI/Payment_Information_Page/TELEPHONE"), telephone, "Telephone", [pageLoadTime]): Quicksti.ts:Entered'9989897654 into Telephone

2020-08-28 13:15:00 - [MESSAGE][PASSED] - Object 'Object Repository/CERTPAY_QUICKSTI/Payment_Information_Page/TELEPHONE' is present

2020-08-28 13:15:00 - [MESSAGE][PASSED] - Object 'Object Repository/CERTPAY_QUICKSTI/Payment_Information_Page/TELEPHONE' is visible

2020-08-28 13:15:01 - [MESSAGE][PASSED] - Object 'Object Repository/CERTPAY_QUICKSTI/Payment_Information_Page/TELEPHONE' is present

2020-08-28 13:15:02 - [MESSAGE][PASSED] - Text '9989897654' is set on object 'Object Repository/CERTPAY_QUICKSTI/Payment_Information_Page/TELEPHONE'

2020-08-28 13:15:02 - [MESSAGE][PASSED] - Quicksti.ts:Entered'9989897654 into Telephone

2020-08-28 13:15:02 - [TEST_STEP][PASSED] - utilities.SafeActions.safeType(findTestObject("CERTPAY_QUICKSTI/Payment_Information_Page/EMAIL_ADDRESS"), emailAddress, "EMAIL address", [pageLoadTime]): Quicksti.ts:Entered'testing@zenq.com into EMAIL address

2020-08-28 13:15:02 - [MESSAGE][PASSED] - Object 'Object Repository/CERTPAY_QUICKSTI/Payment_Information_Page/EMAIL_ADDRESS' is present

2020-08-28 13:15:03 - [MESSAGE][PASSED] - Object 'Object Repository/CERTPAY_QUICKSTI/Payment_Information_Page/EMAIL_ADDRESS' is visible

2020-08-28 13:15:03 - [MESSAGE][PASSED] - Object 'Object Repository/CERTPAY_QUICKSTI/Payment_Information_Page/EMAIL_ADDRESS' is present

2020-08-28 13:15:04 - [MESSAGE][PASSED] - Text 'testing@zenq.com' is set on object 'Object Repository/CERTPAY_QUICKSTI/Payment_Information_Page/EMAIL_ADDRESS'

2020-08-28 13:15:04 - [MESSAGE][PASSED] - Quicksti.ts:Entered'testing@zenq.com into EMAIL address

2020-08-28 13:15:04 - [TEST_STEP][PASSED] - utilities.SafeActions.safeClick(findTestObject("CERTPAY_QUICKSTI/Payment_Information_Page/NEXT_BUTTON"), "Next", [pageLoadTime]): Quicksti.ts:Clicked on the Next

2020-08-28 13:15:05 - [MESSAGE][INFO] - safeClicking

2020-08-28 13:15:05 - [MESSAGE][PASSED] - Object 'Object Repository/CERTPAY_QUICKSTI/Payment_Information_Page/NEXT_BUTTON' is present

2020-08-28 13:15:05 - [MESSAGE][PASSED] - Object 'Object Repository/CERTPAY_QUICKSTI/Payment_Information_Page/NEXT_BUTTON' is clickable

2020-08-28 13:15:09 - [MESSAGE][PASSED] - Object: 'Object Repository/CERTPAY_QUICKSTI/Payment_Information_Page/NEXT_BUTTON' is clicked on

2020-08-28 13:15:09 - [MESSAGE][PASSED] - Quicksti.ts:Clicked on the Next

2020-08-28 13:15:09 - [TEST_STEP][PASSED] - pages.Quicksti.verifyUserPaymentDetails(amountList.get(0), firstName, lastName, CardNumber): pages.Quicksti.verifyUserPaymentDetails is PASSED

2020-08-28 13:15:09 - [MESSAGE][PASSED] - Text of object 'Object Repository/CERTPAY_QUICKSTI/Payment_Details_Verification_Page/AMOUNT' is: '$35.00'

2020-08-28 13:15:09 - [MESSAGE][PASSED] - Actual text '35.00' and expected text '35.00' are matched  using regular expression

2020-08-28 13:15:09 - [MESSAGE][PASSED] - Text of object 'Object Repository/CERTPAY_QUICKSTI/Payment_Details_Verification_Page/NAME' is: 'Tester Zenq1'

2020-08-28 13:15:09 - [MESSAGE][PASSED] - Actual text 'Tester Zenq1' and expected text 'Tester Zenq1' are matched  using regular expression

2020-08-28 13:15:10 - [MESSAGE][PASSED] - Text of object 'Object Repository/CERTPAY_QUICKSTI/Payment_Details_Verification_Page/CARD_NUMBER' is: '...1006'

2020-08-28 13:15:10 - [MESSAGE][PASSED] - Actual text '1006' and expected text '1006' are matched  using regular expression

2020-08-28 13:15:10 - [MESSAGE][PASSED] - pages.Quicksti.verifyUserPaymentDetails is PASSED

2020-08-28 13:15:10 - [TEST_STEP][PASSED] - delay(2): Delayed 2 second(s)

2020-08-28 13:15:12 - [MESSAGE][PASSED] - Delayed 2 second(s)

2020-08-28 13:15:12 - [TEST_STEP][PASSED] - scrollToElement(findTestObject("CERTPAY_QUICKSTI/Payment_Details_Verification_Page/PROCESS"), 0): Scroll to object 'Object Repository/CERTPAY_QUICKSTI/Payment_Details_Verification_Page/PROCESS' successfully

2020-08-28 13:15:12 - [MESSAGE][WARNING] - Timeout '0' is invalid. Using default page load timeout: '30'

2020-08-28 13:15:12 - [MESSAGE][PASSED] - Scroll to object 'Object Repository/CERTPAY_QUICKSTI/Payment_Details_Verification_Page/PROCESS' successfully

2020-08-28 13:15:12 - [TEST_STEP][PASSED] - utilities.SafeActions.safeClick(findTestObject("CERTPAY_QUICKSTI/Payment_Details_Verification_Page/PROCESS"), "Process", [pageLoadTime]): Quicksti.ts:Clicked on the Process

2020-08-28 13:15:12 - [MESSAGE][INFO] - safeClicking

2020-08-28 13:15:13 - [MESSAGE][PASSED] - Object 'Object Repository/CERTPAY_QUICKSTI/Payment_Details_Verification_Page/PROCESS' is present

2020-08-28 13:15:13 - [MESSAGE][PASSED] - Object 'Object Repository/CERTPAY_QUICKSTI/Payment_Details_Verification_Page/PROCESS' is clickable

2020-08-28 13:15:18 - [MESSAGE][PASSED] - Object: 'Object Repository/CERTPAY_QUICKSTI/Payment_Details_Verification_Page/PROCESS' is clicked on

2020-08-28 13:15:18 - [MESSAGE][PASSED] - Quicksti.ts:Clicked on the Process

2020-08-28 13:15:18 - [TEST_STEP][PASSED] - PaymentID = pages.Quicksti.verifyPaymentApproval(findTestObject("CERTPAY_QUICKSTI/Payment_Details_Verification_Page/APPROVED")): Payment is approved

2020-08-28 13:15:18 - [MESSAGE][PASSED] - Text of object 'Object Repository/CERTPAY_QUICKSTI/Payment_Details_Verification_Page/PAYMENT_ID' is: '100176102059'

2020-08-28 13:15:19 - [MESSAGE][PASSED] - Object 'Object Repository/CERTPAY_QUICKSTI/Payment_Details_Verification_Page/APPROVED' is present

2020-08-28 13:15:19 - [MESSAGE][PASSED] - Payment is approved

2020-08-28 13:15:21 - [TEST_STEP][PASSED] - navigateToUrl(Reports_url): Navigate to 'https://qa-certpayreports.faps.net/BureauLogin/login.aspx' successfully

2020-08-28 13:15:24 - [MESSAGE][PASSED] - Navigate to 'https://qa-certpayreports.faps.net/BureauLogin/login.aspx' successfully

2020-08-28 13:15:24 - [TEST_STEP][PASSED] - pages.Bureau_Login_Page.loginToReportsSite(userName, password, accessCode): Quicksti.ts:Clicked on the LOGIN

2020-08-28 13:15:25 - [MESSAGE][PASSED] - Object 'Object Repository/MAKE_ PAYMENT/Home_ Page/USER_NAME' is present

2020-08-28 13:15:25 - [MESSAGE][PASSED] - Object 'Object Repository/MAKE_ PAYMENT/Home_ Page/USER_NAME' is visible

2020-08-28 13:15:25 - [MESSAGE][PASSED] - Object 'Object Repository/MAKE_ PAYMENT/Home_ Page/USER_NAME' is present

2020-08-28 13:15:27 - [MESSAGE][PASSED] - Text 'ZenQ' is set on object 'Object Repository/MAKE_ PAYMENT/Home_ Page/USER_NAME'

2020-08-28 13:15:27 - [MESSAGE][PASSED] - Quicksti.ts:Entered'ZenQ into username

2020-08-28 13:15:27 - [MESSAGE][PASSED] - Object 'Object Repository/MAKE_ PAYMENT/Home_ Page/BUREAU_PASSWORD' is present

2020-08-28 13:15:27 - [MESSAGE][PASSED] - Object 'Object Repository/MAKE_ PAYMENT/Home_ Page/BUREAU_PASSWORD' is visible

2020-08-28 13:15:28 - [MESSAGE][PASSED] - Object 'Object Repository/MAKE_ PAYMENT/Home_ Page/BUREAU_PASSWORD' is present

2020-08-28 13:15:29 - [MESSAGE][PASSED] - Text 'Zenq@123' is set on object 'Object Repository/MAKE_ PAYMENT/Home_ Page/BUREAU_PASSWORD'

2020-08-28 13:15:29 - [MESSAGE][PASSED] - Quicksti.ts:Entered'Zenq@123 into password

2020-08-28 13:15:29 - [MESSAGE][PASSED] - Object 'Object Repository/MAKE_ PAYMENT/Home_ Page/BUREAU_ACCESS_CODE' is present

2020-08-28 13:15:30 - [MESSAGE][PASSED] - Object 'Object Repository/MAKE_ PAYMENT/Home_ Page/BUREAU_ACCESS_CODE' is visible

2020-08-28 13:15:30 - [MESSAGE][PASSED] - Object 'Object Repository/MAKE_ PAYMENT/Home_ Page/BUREAU_ACCESS_CODE' is present

2020-08-28 13:15:31 - [MESSAGE][PASSED] - Text 'certpaytest' is set on object 'Object Repository/MAKE_ PAYMENT/Home_ Page/BUREAU_ACCESS_CODE'

2020-08-28 13:15:31 - [MESSAGE][PASSED] - Quicksti.ts:Entered'certpaytest into AccessCode

2020-08-28 13:15:31 - [MESSAGE][INFO] - safeClicking

2020-08-28 13:15:32 - [MESSAGE][PASSED] - Object 'Object Repository/MAKE_ PAYMENT/Home_ Page/LOGIN_BUTTON' is present

2020-08-28 13:15:32 - [MESSAGE][PASSED] - Object 'Object Repository/MAKE_ PAYMENT/Home_ Page/LOGIN_BUTTON' is clickable

2020-08-28 13:15:36 - [MESSAGE][PASSED] - Object: 'Object Repository/MAKE_ PAYMENT/Home_ Page/LOGIN_BUTTON' is clicked on

2020-08-28 13:15:36 - [MESSAGE][PASSED] - Quicksti.ts:Clicked on the LOGIN

2020-08-28 13:15:36 - [TEST_STEP][NOT_RUN] - mouseOver(findTestObject("REPORTS_PAGE/REPORTING")): NOT_RUN: mouseOver(findTestObject("REPORTS_PAGE/REPORTING"))

2020-08-28 13:15:36 - [MESSAGE][NOT_RUN] - NOT_RUN: mouseOver(findTestObject("REPORTS_PAGE/REPORTING"))

2020-08-28 13:15:36 - [TEST_STEP][PASSED] - delay(1): Delayed 1 second(s)

2020-08-28 13:15:37 - [MESSAGE][PASSED] - Delayed 1 second(s)

2020-08-28 13:15:37 - [TEST_STEP][PASSED] - utilities.SafeActions.safeClick(findTestObject("REPORTS_PAGE/REPORTING"), "Reporting", [pageLoadTime]): Quicksti.ts:Clicked on the Reporting

2020-08-28 13:15:37 - [MESSAGE][INFO] - safeClicking

2020-08-28 13:15:37 - [MESSAGE][PASSED] - Object 'Object Repository/REPORTS_PAGE/REPORTING' is present

2020-08-28 13:15:37 - [MESSAGE][PASSED] - Object 'Object Repository/REPORTS_PAGE/REPORTING' is clickable

2020-08-28 13:15:39 - [MESSAGE][PASSED] - Object: 'Object Repository/REPORTS_PAGE/REPORTING' is clicked on

2020-08-28 13:15:39 - [MESSAGE][PASSED] - Quicksti.ts:Clicked on the Reporting

2020-08-28 13:15:39 - [TEST_STEP][PASSED] - utilities.SafeActions.safeClick(findTestObject("REPORTS_PAGE/REPORTING"), "Reporting", [pageLoadTime]): Quicksti.ts:Clicked on the Reporting

2020-08-28 13:15:39 - [MESSAGE][INFO] - safeClicking

2020-08-28 13:15:39 - [MESSAGE][PASSED] - Object 'Object Repository/REPORTS_PAGE/REPORTING' is present

2020-08-28 13:15:39 - [MESSAGE][PASSED] - Object 'Object Repository/REPORTS_PAGE/REPORTING' is clickable

2020-08-28 13:15:40 - [MESSAGE][PASSED] - Object: 'Object Repository/REPORTS_PAGE/REPORTING' is clicked on

2020-08-28 13:15:40 - [MESSAGE][PASSED] - Quicksti.ts:Clicked on the Reporting

2020-08-28 13:15:40 - [TEST_STEP][PASSED] - utilities.SafeActions.safeClick(findTestObject("REPORTS_PAGE/QUICK_FIND_PAYMENT"), "Quick find payment", [pageLoadTime]): Quicksti.ts:Clicked on the Quick find payment

2020-08-28 13:15:40 - [MESSAGE][INFO] - safeClicking

2020-08-28 13:15:41 - [MESSAGE][PASSED] - Object 'Object Repository/REPORTS_PAGE/QUICK_FIND_PAYMENT' is present

2020-08-28 13:15:41 - [MESSAGE][PASSED] - Object 'Object Repository/REPORTS_PAGE/QUICK_FIND_PAYMENT' is clickable

2020-08-28 13:15:44 - [MESSAGE][PASSED] - Object: 'Object Repository/REPORTS_PAGE/QUICK_FIND_PAYMENT' is clicked on

2020-08-28 13:15:44 - [MESSAGE][PASSED] - Quicksti.ts:Clicked on the Quick find payment

2020-08-28 13:15:44 - [TEST_STEP][PASSED] - utilities.SafeActions.safeType(findTestObject("SEARCH_PAYMENT/PAYMENT_ID_INPUT_FIELD"), PaymentID, "Payment id", [pageLoadTime]): Quicksti.ts:Entered'100176102059 into Payment id

2020-08-28 13:15:44 - [MESSAGE][PASSED] - Object 'Object Repository/SEARCH_PAYMENT/PAYMENT_ID_INPUT_FIELD' is present

2020-08-28 13:15:44 - [MESSAGE][PASSED] - Object 'Object Repository/SEARCH_PAYMENT/PAYMENT_ID_INPUT_FIELD' is visible

2020-08-28 13:15:45 - [MESSAGE][PASSED] - Object 'Object Repository/SEARCH_PAYMENT/PAYMENT_ID_INPUT_FIELD' is present

2020-08-28 13:15:46 - [MESSAGE][PASSED] - Text '100176102059' is set on object 'Object Repository/SEARCH_PAYMENT/PAYMENT_ID_INPUT_FIELD'

2020-08-28 13:15:46 - [MESSAGE][PASSED] - Quicksti.ts:Entered'100176102059 into Payment id

2020-08-28 13:15:46 - [TEST_STEP][PASSED] - utilities.SafeActions.safeClick(findTestObject("SEARCH_PAYMENT/SEARCH_BUTTON_1"), "Search button", [pageLoadTime]): Quicksti.ts:Clicked on the Search button

2020-08-28 13:15:46 - [MESSAGE][INFO] - safeClicking

2020-08-28 13:15:47 - [MESSAGE][PASSED] - Object 'Object Repository/SEARCH_PAYMENT/SEARCH_BUTTON_1' is present

2020-08-28 13:15:47 - [MESSAGE][PASSED] - Object 'Object Repository/SEARCH_PAYMENT/SEARCH_BUTTON_1' is clickable

2020-08-28 13:15:49 - [MESSAGE][PASSED] - Object: 'Object Repository/SEARCH_PAYMENT/SEARCH_BUTTON_1' is clicked on

2020-08-28 13:15:49 - [MESSAGE][PASSED] - Quicksti.ts:Clicked on the Search button

2020-08-28 13:15:49 - [TEST_STEP][FAILED] - pages.Search_Page.validateApprovedTransactionsInReports(PaymentID, cardType, amount_Value): com.kms.katalon.core.exception.StepFailedException: Unable to verify match

2020-08-28 13:16:36 - [MESSAGE][INFO] - Unable to find the element located by 'By.xpath: (//table[@class='payDetTable table-hover table-striped table-striped-vert'])[1]//tbody/tr[1]/td[2]'. Please recheck the objects properties to make sure the desired element is located. 

2020-08-28 13:16:36 - [MESSAGE][FAILED] - Unable to get text of object 'Object Repository/SEARCH_PAYMENT/REPORTS_PAYMNET_ID' (Root cause: com.kms.katalon.core.exception.StepFailedException: Unable to get text of object 'Object Repository/SEARCH_PAYMENT/REPORTS_PAYMNET_ID'
	at com.kms.katalon.core.webui.keyword.internal.WebUIKeywordMain.stepFailed(WebUIKeywordMain.groovy:64)
	at com.kms.katalon.core.webui.keyword.internal.WebUIKeywordMain.runKeyword(WebUIKeywordMain.groovy:26)
	at com.kms.katalon.core.webui.keyword.builtin.GetTextKeyword.getText(GetTextKeyword.groovy:88)
	at com.kms.katalon.core.webui.keyword.builtin.GetTextKeyword.execute(GetTextKeyword.groovy:67)
	at com.kms.katalon.core.keyword.internal.KeywordExecutor.executeKeywordForPlatform(KeywordExecutor.groovy:72)
	at com.kms.katalon.core.webui.keyword.WebUiBuiltInKeywords.getText(WebUiBuiltInKeywords.groovy:888)
	at com.kms.katalon.core.webui.keyword.WebUiBuiltInKeywords$getText$10.call(Unknown Source)
	at pages.Search_Page.validateApprovedTransactionsInReports(Search_Page.groovy:89)
	at pages.Search_Page.invokeMethod(Search_Page.groovy)
	at com.kms.katalon.core.main.CustomKeywordDelegatingMetaClass.invokeStaticMethod(CustomKeywordDelegatingMetaClass.java:50)
	at TC_002_MultiBureauSite_SingleBureau_MultiLinePayment.run(TC_002_MultiBureauSite_SingleBureau_MultiLinePayment:158)
	at com.kms.katalon.core.main.ScriptEngine.run(ScriptEngine.java:194)
	at com.kms.katalon.core.main.ScriptEngine.runScriptAsRawText(ScriptEngine.java:119)
	at com.kms.katalon.core.main.TestCaseExecutor.runScript(TestCaseExecutor.java:337)
	at com.kms.katalon.core.main.TestCaseExecutor.doExecute(TestCaseExecutor.java:328)
	at com.kms.katalon.core.main.TestCaseExecutor.processExecutionPhase(TestCaseExecutor.java:307)
	at com.kms.katalon.core.main.TestCaseExecutor.accessMainPhase(TestCaseExecutor.java:299)
	at com.kms.katalon.core.main.TestCaseExecutor.execute(TestCaseExecutor.java:233)
	at com.kms.katalon.core.main.TestSuiteExecutor.accessTestCaseMainPhase(TestSuiteExecutor.java:169)
	at com.kms.katalon.core.main.TestSuiteExecutor.accessTestSuiteMainPhase(TestSuiteExecutor.java:142)
	at com.kms.katalon.core.main.TestSuiteExecutor.execute(TestSuiteExecutor.java:91)
	at com.kms.katalon.core.main.TestCaseMain.startTestSuite(TestCaseMain.java:157)
	at com.kms.katalon.core.main.TestCaseMain$startTestSuite$0.call(Unknown Source)
	at TempTestSuite1598599635439.run(TempTestSuite1598599635439.groovy:36)
Caused by: com.kms.katalon.core.webui.exception.WebElementNotFoundException: Web element with id: 'Object Repository/SEARCH_PAYMENT/REPORTS_PAYMNET_ID' located by 'By.xpath: (//table[@class='payDetTable table-hover table-striped table-striped-vert'])[1]//tbody/tr[1]/td[2]' not found
	at com.kms.katalon.core.webui.common.WebUiCommonHelper.findWebElement(WebUiCommonHelper.java:1154)
	at com.kms.katalon.core.webui.keyword.internal.WebUIAbstractKeyword.findWebElement(WebUIAbstractKeyword.groovy:27)
	at com.kms.katalon.core.webui.keyword.internal.WebUIAbstractKeyword.findWebElement(WebUIAbstractKeyword.groovy:26)
	at com.kms.katalon.core.webui.keyword.builtin.GetTextKeyword$_getText_closure1.doCall(GetTextKeyword.groovy:78)
	at com.kms.katalon.core.webui.keyword.builtin.GetTextKeyword$_getText_closure1.call(GetTextKeyword.groovy)
	at com.kms.katalon.core.webui.keyword.internal.WebUIKeywordMain.runKeyword(WebUIKeywordMain.groovy:20)
	at com.kms.katalon.core.webui.keyword.builtin.GetTextKeyword.getText(GetTextKeyword.groovy:88)
	at com.kms.katalon.core.webui.keyword.builtin.GetTextKeyword.execute(GetTextKeyword.groovy:67)
	at com.kms.katalon.core.keyword.internal.KeywordExecutor.executeKeywordForPlatform(KeywordExecutor.groovy:72)
	at com.kms.katalon.core.webui.keyword.WebUiBuiltInKeywords.getText(WebUiBuiltInKeywords.groovy:888)
	at com.kms.katalon.core.webui.keyword.WebUiBuiltInKeywords$getText$10.call(Unknown Source)
	at pages.Search_Page.validateApprovedTransactionsInReports(Search_Page.groovy:89)
	at pages.Search_Page.invokeMethod(Search_Page.groovy)
	at com.kms.katalon.core.main.CustomKeywordDelegatingMetaClass.invokeStaticMethod(CustomKeywordDelegatingMetaClass.java:50)
	at Script1572261491663.run(Script1572261491663.groovy:158)
	... 13 more
)
[[ATTACHMENT|C:\\Users\\admin\\git\\Sush_Certpay\\Reports\\20200828_125714\\Certpay_testSuite\\Quicksti\\20200828_125715\\1598600796026.png]]

2020-08-28 13:16:36 - [MESSAGE][FAILED] - Unable to verify match

2020-08-28 13:16:36 - [MESSAGE][FAILED] - com.kms.katalon.core.exception.StepFailedException: Unable to verify match

2020-08-28 13:16:36 - [TEST_STEP][PASSED] - paymentIdList.add(PaymentID): null

2020-08-28 13:16:36 - [TEST_STEP][PASSED] - println(paymentIdList): null

2020-08-28 13:16:36 - [TEST_STEP][PASSED] - return paymentIdList: null

2020-08-28 13:16:36 - [TEST_STEP][PASSED] - Start listener action : afterTestCase: Browser is closed

2020-08-28 13:16:36 - [TEST_STEP][PASSED] - closeBrowser(): Browser is closed

2020-08-28 13:16:37 - [MESSAGE][PASSED] - Browser is closed]]></system-out>
         <system-err><![CDATA[2020-08-28 13:06:18 - [TEST_CASE][FAILED] - Test Cases/Certpay_Quicksti/TC_002_MultiBureauSite_SingleBureau_MultiLinePayment: Test Cases/Certpay_Quicksti/TC_002_MultiBureauSite_SingleBureau_MultiLinePayment FAILED.
Reason:
com.kms.katalon.core.exception.StepFailedException: Unable to verify match
	at com.kms.katalon.core.util.KeywordUtil.markFailed(KeywordUtil.java:19)
	at com.kms.katalon.core.util.KeywordUtil$markFailed$1.call(Unknown Source)
	at pages.Search_Page.validateApprovedTransactionsInReports(Search_Page.groovy:106)
	at pages.Search_Page.invokeMethod(Search_Page.groovy)
	at com.kms.katalon.core.main.CustomKeywordDelegatingMetaClass.invokeStaticMethod(CustomKeywordDelegatingMetaClass.java:50)
	at TC_002_MultiBureauSite_SingleBureau_MultiLinePayment.run(TC_002_MultiBureauSite_SingleBureau_MultiLinePayment:158)
	at com.kms.katalon.core.main.ScriptEngine.run(ScriptEngine.java:194)
	at com.kms.katalon.core.main.ScriptEngine.runScriptAsRawText(ScriptEngine.java:119)
	at com.kms.katalon.core.main.TestCaseExecutor.runScript(TestCaseExecutor.java:337)
	at com.kms.katalon.core.main.TestCaseExecutor.doExecute(TestCaseExecutor.java:328)
	at com.kms.katalon.core.main.TestCaseExecutor.processExecutionPhase(TestCaseExecutor.java:307)
	at com.kms.katalon.core.main.TestCaseExecutor.accessMainPhase(TestCaseExecutor.java:299)
	at com.kms.katalon.core.main.TestCaseExecutor.execute(TestCaseExecutor.java:233)
	at com.kms.katalon.core.main.TestSuiteExecutor.accessTestCaseMainPhase(TestSuiteExecutor.java:169)
	at com.kms.katalon.core.main.TestSuiteExecutor.accessTestSuiteMainPhase(TestSuiteExecutor.java:142)
	at com.kms.katalon.core.main.TestSuiteExecutor.execute(TestSuiteExecutor.java:91)
	at com.kms.katalon.core.main.TestCaseMain.startTestSuite(TestCaseMain.java:157)
	at com.kms.katalon.core.main.TestCaseMain$startTestSuite$0.call(Unknown Source)
	at TempTestSuite1598599635439.run(TempTestSuite1598599635439.groovy:36)]]></system-err>
      </testcase>
      <testcase name="Test Cases/Certpay_Quicksti/TC_003_MultiBureauSite_SingleBureau_SingleLinePayment" time="268.859" classname="Test Cases/Certpay_Quicksti/TC_003_MultiBureauSite_SingleBureau_SingleLinePayment" status="FAILED">
         <failure type="FAILED" message="Test Cases/Certpay_Quicksti/TC_003_MultiBureauSite_SingleBureau_SingleLinePayment FAILED.
Reason:
com.kms.katalon.core.exception.StepFailedException: Unable to verify object 'Object Repository/SEARCH_PAYMENT/PAYMENT_ID_INPUT_FIELD' is visible
	at com.kms.katalon.core.webui.keyword.internal.WebUIKeywordMain.stepFailed(WebUIKeywordMain.groovy:64)
	at com.kms.katalon.core.webui.keyword.internal.WebUIKeywordMain.runKeyword(WebUIKeywordMain.groovy:26)
	at com.kms.katalon.core.webui.keyword.builtin.VerifyElementVisibleKeyword.verifyElementVisible(VerifyElementVisibleKeyword.groovy:97)
	at com.kms.katalon.core.webui.keyword.builtin.VerifyElementVisibleKeyword.execute(VerifyElementVisibleKeyword.groovy:67)
	at com.kms.katalon.core.keyword.internal.KeywordExecutor.executeKeywordForPlatform(KeywordExecutor.groovy:72)
	at com.kms.katalon.core.webui.keyword.WebUiBuiltInKeywords.verifyElementVisible(WebUiBuiltInKeywords.groovy:372)
	at com.kms.katalon.core.webui.keyword.WebUiBuiltInKeywords$verifyElementVisible$2.call(Unknown Source)
	at utilities.SafeActions.safeType(SafeActions.groovy:109)
	at utilities.SafeActions.invokeMethod(SafeActions.groovy)
	at com.kms.katalon.core.main.CustomKeywordDelegatingMetaClass.invokeStaticMethod(CustomKeywordDelegatingMetaClass.java:50)
	at TC_003_MultiBureauSite_SingleBureau_SingleLinePayment.run(TC_003_MultiBureauSite_SingleBureau_SingleLinePayment:129)
	at com.kms.katalon.core.main.ScriptEngine.run(ScriptEngine.java:194)
	at com.kms.katalon.core.main.ScriptEngine.runScriptAsRawText(ScriptEngine.java:119)
	at com.kms.katalon.core.main.TestCaseExecutor.runScript(TestCaseExecutor.java:337)
	at com.kms.katalon.core.main.TestCaseExecutor.doExecute(TestCaseExecutor.java:328)
	at com.kms.katalon.core.main.TestCaseExecutor.processExecutionPhase(TestCaseExecutor.java:307)
	at com.kms.katalon.core.main.TestCaseExecutor.accessMainPhase(TestCaseExecutor.java:299)
	at com.kms.katalon.core.main.TestCaseExecutor.execute(TestCaseExecutor.java:233)
	at com.kms.katalon.core.main.TestSuiteExecutor.accessTestCaseMainPhase(TestSuiteExecutor.java:169)
	at com.kms.katalon.core.main.TestSuiteExecutor.accessTestSuiteMainPhase(TestSuiteExecutor.java:142)
	at com.kms.katalon.core.main.TestSuiteExecutor.execute(TestSuiteExecutor.java:91)
	at com.kms.katalon.core.main.TestCaseMain.startTestSuite(TestCaseMain.java:157)
	at com.kms.katalon.core.main.TestCaseMain$startTestSuite$0.call(Unknown Source)
	at TempTestSuite1598599635439.run(TempTestSuite1598599635439.groovy:36)
Caused by: com.kms.katalon.core.exception.StepFailedException: Web element with id: 'Object Repository/SEARCH_PAYMENT/PAYMENT_ID_INPUT_FIELD' located by 'By.xpath: //input[@id='MainContent_txtPaymentID']' not found
	at com.kms.katalon.core.webui.keyword.internal.WebUIKeywordMain.stepFailed(WebUIKeywordMain.groovy:64)
	at com.kms.katalon.core.webui.keyword.builtin.VerifyElementVisibleKeyword$_verifyElementVisible_closure1.doCall(VerifyElementVisibleKeyword.groovy:89)
	at com.kms.katalon.core.webui.keyword.builtin.VerifyElementVisibleKeyword$_verifyElementVisible_closure1.call(VerifyElementVisibleKeyword.groovy)
	at com.kms.katalon.core.webui.keyword.internal.WebUIKeywordMain.runKeyword(WebUIKeywordMain.groovy:20)
	... 22 more
"/>
         <system-out><![CDATA[2020-08-28 13:16:37 - [TEST_CASE][FAILED] - Test Cases/Certpay_Quicksti/TC_003_MultiBureauSite_SingleBureau_SingleLinePayment: Test Cases/Certpay_Quicksti/TC_003_MultiBureauSite_SingleBureau_SingleLinePayment FAILED.
Reason:
com.kms.katalon.core.exception.StepFailedException: Unable to verify object 'Object Repository/SEARCH_PAYMENT/PAYMENT_ID_INPUT_FIELD' is visible
	at com.kms.katalon.core.webui.keyword.internal.WebUIKeywordMain.stepFailed(WebUIKeywordMain.groovy:64)
	at com.kms.katalon.core.webui.keyword.internal.WebUIKeywordMain.runKeyword(WebUIKeywordMain.groovy:26)
	at com.kms.katalon.core.webui.keyword.builtin.VerifyElementVisibleKeyword.verifyElementVisible(VerifyElementVisibleKeyword.groovy:97)
	at com.kms.katalon.core.webui.keyword.builtin.VerifyElementVisibleKeyword.execute(VerifyElementVisibleKeyword.groovy:67)
	at com.kms.katalon.core.keyword.internal.KeywordExecutor.executeKeywordForPlatform(KeywordExecutor.groovy:72)
	at com.kms.katalon.core.webui.keyword.WebUiBuiltInKeywords.verifyElementVisible(WebUiBuiltInKeywords.groovy:372)
	at com.kms.katalon.core.webui.keyword.WebUiBuiltInKeywords$verifyElementVisible$2.call(Unknown Source)
	at utilities.SafeActions.safeType(SafeActions.groovy:109)
	at utilities.SafeActions.invokeMethod(SafeActions.groovy)
	at com.kms.katalon.core.main.CustomKeywordDelegatingMetaClass.invokeStaticMethod(CustomKeywordDelegatingMetaClass.java:50)
	at TC_003_MultiBureauSite_SingleBureau_SingleLinePayment.run(TC_003_MultiBureauSite_SingleBureau_SingleLinePayment:129)
	at com.kms.katalon.core.main.ScriptEngine.run(ScriptEngine.java:194)
	at com.kms.katalon.core.main.ScriptEngine.runScriptAsRawText(ScriptEngine.java:119)
	at com.kms.katalon.core.main.TestCaseExecutor.runScript(TestCaseExecutor.java:337)
	at com.kms.katalon.core.main.TestCaseExecutor.doExecute(TestCaseExecutor.java:328)
	at com.kms.katalon.core.main.TestCaseExecutor.processExecutionPhase(TestCaseExecutor.java:307)
	at com.kms.katalon.core.main.TestCaseExecutor.accessMainPhase(TestCaseExecutor.java:299)
	at com.kms.katalon.core.main.TestCaseExecutor.execute(TestCaseExecutor.java:233)
	at com.kms.katalon.core.main.TestSuiteExecutor.accessTestCaseMainPhase(TestSuiteExecutor.java:169)
	at com.kms.katalon.core.main.TestSuiteExecutor.accessTestSuiteMainPhase(TestSuiteExecutor.java:142)
	at com.kms.katalon.core.main.TestSuiteExecutor.execute(TestSuiteExecutor.java:91)
	at com.kms.katalon.core.main.TestCaseMain.startTestSuite(TestCaseMain.java:157)
	at com.kms.katalon.core.main.TestCaseMain$startTestSuite$0.call(Unknown Source)
	at TempTestSuite1598599635439.run(TempTestSuite1598599635439.groovy:36)
Caused by: com.kms.katalon.core.exception.StepFailedException: Web element with id: 'Object Repository/SEARCH_PAYMENT/PAYMENT_ID_INPUT_FIELD' located by 'By.xpath: //input[@id='MainContent_txtPaymentID']' not found
	at com.kms.katalon.core.webui.keyword.internal.WebUIKeywordMain.stepFailed(WebUIKeywordMain.groovy:64)
	at com.kms.katalon.core.webui.keyword.builtin.VerifyElementVisibleKeyword$_verifyElementVisible_closure1.doCall(VerifyElementVisibleKeyword.groovy:89)
	at com.kms.katalon.core.webui.keyword.builtin.VerifyElementVisibleKeyword$_verifyElementVisible_closure1.call(VerifyElementVisibleKeyword.groovy)
	at com.kms.katalon.core.webui.keyword.internal.WebUIKeywordMain.runKeyword(WebUIKeywordMain.groovy:20)
	... 22 more


2020-08-28 13:16:37 - [TEST_STEP][PASSED] - Start listener action : beforeTestCase: null

2020-08-28 13:16:38 - [TEST_STEP][PASSED] - data = findTestData("Data Files/Certpay/SingleBureau_SingleLine"): null

2020-08-28 13:16:38 - [TEST_STEP][PASSED] - paymentIdList = []: null

2020-08-28 13:16:38 - [TEST_STEP][FAILED] - for (def index : (1..data.getRowNumbers())): Unable to verify object 'Object Repository/SEARCH_PAYMENT/PAYMENT_ID_INPUT_FIELD' is visible

2020-08-28 13:16:38 - [TEST_STEP][PASSED] - firstName = data.getValue("FirstName", index): null

2020-08-28 13:16:38 - [TEST_STEP][PASSED] - lastName = data.getValue("LastName", index): null

2020-08-28 13:16:38 - [TEST_STEP][PASSED] - expMonth = data.getValue("ExpMonth", index): null

2020-08-28 13:16:38 - [TEST_STEP][PASSED] - expYear = data.getValue("ExpYear", index): null

2020-08-28 13:16:38 - [TEST_STEP][PASSED] - securityCode = data.getValue("SecurityCode", index): null

2020-08-28 13:16:38 - [TEST_STEP][PASSED] - paymentAmount = data.getValue("PaymentAmount", index): null

2020-08-28 13:16:38 - [TEST_STEP][PASSED] - paymentType = data.getValue("PaymentType", index): null

2020-08-28 13:16:38 - [TEST_STEP][PASSED] - quantity = data.getValue("Quantity", index): null

2020-08-28 13:16:38 - [TEST_STEP][PASSED] - comments = data.getValue("Comments", index): null

2020-08-28 13:16:38 - [TEST_STEP][PASSED] - referenceNum = data.getValue("ReferenceNum", index): null

2020-08-28 13:16:38 - [TEST_STEP][PASSED] - address = data.getValue("Address", index): null

2020-08-28 13:16:38 - [TEST_STEP][PASSED] - zipCode = data.getValue("Zipcode", index): null

2020-08-28 13:16:38 - [TEST_STEP][PASSED] - telephone = data.getValue("Telephone", index): null

2020-08-28 13:16:38 - [TEST_STEP][PASSED] - emailAddress = data.getValue("EmailAddress", index): null

2020-08-28 13:16:38 - [TEST_STEP][PASSED] - cardNum = data.getValue("CardNumber", index): null

2020-08-28 13:16:38 - [TEST_STEP][PASSED] - cardType = data.getValue("CardType", index): null

2020-08-28 13:16:38 - [TEST_STEP][PASSED] - utilities.SafeActions.openBrowser(Quicksti_Url, [pageLoadTime]): Browser launched successfully

2020-08-28 13:16:38 - [MESSAGE][INFO] - Opening Browser

2020-08-28 13:16:38 - [MESSAGE][INFO] - Starting 'Chrome' driver

2020-08-28 13:16:46 - [MESSAGE][PASSED] - Browser is opened with url: 'https://qa-certpayquicksti.faps.net/'

2020-08-28 13:16:49 - [MESSAGE][PASSED] - Current window maximized

2020-08-28 13:16:49 - [MESSAGE][PASSED] - Browser launched successfully

2020-08-28 13:16:49 - [TEST_STEP][PASSED] - utilities.SafeActions.safeCheck(findTestObject("CERTPAY_QUICKSTI/Login_ Page/MULTI_BUREAU_CHECKBOX"), "Multi Bureau", [pageLoadTime]): Quicksti.ts:Checkbox 'Multi Bureau'is selected

2020-08-28 13:16:49 - [MESSAGE][PASSED] - Object 'Object Repository/CERTPAY_QUICKSTI/Login_ Page/MULTI_BUREAU_CHECKBOX' is present

2020-08-28 13:16:50 - [MESSAGE][PASSED] - Object 'Object Repository/CERTPAY_QUICKSTI/Login_ Page/MULTI_BUREAU_CHECKBOX' is present

2020-08-28 13:16:51 - [MESSAGE][PASSED] - Object: 'Object Repository/CERTPAY_QUICKSTI/Login_ Page/MULTI_BUREAU_CHECKBOX' is clicked on

2020-08-28 13:16:51 - [MESSAGE][PASSED] - Quicksti.ts:Checkbox 'Multi Bureau'is selected

2020-08-28 13:16:51 - [TEST_STEP][PASSED] - utilities.SafeActions.safeType(findTestObject("CERTPAY_QUICKSTI/Login_ Page/TELLER_ID"), teller_id, "Bureau code", [pageLoadTime]): Quicksti.ts:Entered'zenq into Bureau code

2020-08-28 13:16:53 - [MESSAGE][PASSED] - Object 'Object Repository/CERTPAY_QUICKSTI/Login_ Page/TELLER_ID' is present

2020-08-28 13:16:54 - [MESSAGE][PASSED] - Object 'Object Repository/CERTPAY_QUICKSTI/Login_ Page/TELLER_ID' is visible

2020-08-28 13:16:54 - [MESSAGE][PASSED] - Object 'Object Repository/CERTPAY_QUICKSTI/Login_ Page/TELLER_ID' is present

2020-08-28 13:16:55 - [MESSAGE][PASSED] - Text 'zenq' is set on object 'Object Repository/CERTPAY_QUICKSTI/Login_ Page/TELLER_ID'

2020-08-28 13:16:55 - [MESSAGE][PASSED] - Quicksti.ts:Entered'zenq into Bureau code

2020-08-28 13:16:55 - [TEST_STEP][PASSED] - utilities.SafeActions.safeClick(findTestObject("CERTPAY_QUICKSTI/Login_ Page/NEXT_BUTTON"), "Next button", [pageLoadTime]): Quicksti.ts:Clicked on the Next button

2020-08-28 13:16:55 - [MESSAGE][INFO] - safeClicking

2020-08-28 13:16:56 - [MESSAGE][PASSED] - Object 'Object Repository/CERTPAY_QUICKSTI/Login_ Page/NEXT_BUTTON' is present

2020-08-28 13:16:56 - [MESSAGE][PASSED] - Object 'Object Repository/CERTPAY_QUICKSTI/Login_ Page/NEXT_BUTTON' is clickable

2020-08-28 13:17:01 - [MESSAGE][PASSED] - Object: 'Object Repository/CERTPAY_QUICKSTI/Login_ Page/NEXT_BUTTON' is clicked on

2020-08-28 13:17:01 - [MESSAGE][PASSED] - Quicksti.ts:Clicked on the Next button

2020-08-28 13:17:01 - [TEST_STEP][PASSED] - pages.Quicksti.setCommnets("0", "0", comments): Quicksti.ts:Entered'Testing into Comments

2020-08-28 13:17:01 - [MESSAGE][PASSED] - Object '' is present

2020-08-28 13:17:01 - [MESSAGE][PASSED] - Object '' is visible

2020-08-28 13:17:01 - [MESSAGE][PASSED] - Object '' is present

2020-08-28 13:17:03 - [MESSAGE][PASSED] - Text 'Testing' is set on object ''

2020-08-28 13:17:03 - [MESSAGE][PASSED] - Quicksti.ts:Entered'Testing into Comments

2020-08-28 13:17:03 - [TEST_STEP][PASSED] - utilities.SafeActions.safeType(findTestObject("CERTPAY_QUICKSTI/Payment_Information_Page/PAYMENT_AMOUNT"), paymentAmount, "Payment Amount", [pageLoadTime]): Quicksti.ts:Entered'20.00 into Payment Amount

2020-08-28 13:17:03 - [MESSAGE][PASSED] - Object 'Object Repository/CERTPAY_QUICKSTI/Payment_Information_Page/PAYMENT_AMOUNT' is present

2020-08-28 13:17:04 - [MESSAGE][PASSED] - Object 'Object Repository/CERTPAY_QUICKSTI/Payment_Information_Page/PAYMENT_AMOUNT' is visible

2020-08-28 13:17:04 - [MESSAGE][PASSED] - Object 'Object Repository/CERTPAY_QUICKSTI/Payment_Information_Page/PAYMENT_AMOUNT' is present

2020-08-28 13:17:05 - [MESSAGE][PASSED] - Text '20.00' is set on object 'Object Repository/CERTPAY_QUICKSTI/Payment_Information_Page/PAYMENT_AMOUNT'

2020-08-28 13:17:05 - [MESSAGE][PASSED] - Quicksti.ts:Entered'20.00 into Payment Amount

2020-08-28 13:17:05 - [TEST_STEP][PASSED] - pages.Quicksti.setAmountDetailsForMultiBureau("0", paymentType, "0", referenceNum, quantity): Quicksti.ts:Entered'1 into Quntity

2020-08-28 13:17:06 - [MESSAGE][PASSED] - Object '' is visible

2020-08-28 13:17:06 - [MESSAGE][PASSED] - Object '' is present

2020-08-28 13:17:07 - [MESSAGE][PASSED] - Object: '' is clicked on

2020-08-28 13:17:09 - [MESSAGE][PASSED] - All options with label 'Taxes' are selected in object ''  using regular expression

2020-08-28 13:17:09 - [MESSAGE][PASSED] - selected dropdown option by visible text  Taxesfrom Payment Type

2020-08-28 13:17:09 - [MESSAGE][PASSED] - Object '' is present

2020-08-28 13:17:09 - [MESSAGE][PASSED] - Object '' is visible

2020-08-28 13:17:10 - [MESSAGE][PASSED] - Object '' is present

2020-08-28 13:17:11 - [MESSAGE][PASSED] - Text '11' is set on object ''

2020-08-28 13:17:11 - [MESSAGE][PASSED] - Quicksti.ts:Entered'11 into RefrenceNumber

2020-08-28 13:17:11 - [MESSAGE][PASSED] - Object '' is present

2020-08-28 13:17:11 - [MESSAGE][PASSED] - Object '' is visible

2020-08-28 13:17:12 - [MESSAGE][PASSED] - Object '' is present

2020-08-28 13:17:13 - [MESSAGE][PASSED] - Text '1' is set on object ''

2020-08-28 13:17:13 - [MESSAGE][PASSED] - Quicksti.ts:Entered'1 into Quntity

2020-08-28 13:17:13 - [TEST_STEP][PASSED] - utilities.SafeActions.safeClick(findTestObject("CERTPAY_QUICKSTI/Payment_Information_Page/MANUAL_ENTRY_BUTTON"), "ManualEntry", [pageLoadTime]): Quicksti.ts:Clicked on the ManualEntry

2020-08-28 13:17:13 - [MESSAGE][INFO] - safeClicking

2020-08-28 13:17:13 - [MESSAGE][PASSED] - Object 'Object Repository/CERTPAY_QUICKSTI/Payment_Information_Page/MANUAL_ENTRY_BUTTON' is present

2020-08-28 13:17:14 - [MESSAGE][PASSED] - Object 'Object Repository/CERTPAY_QUICKSTI/Payment_Information_Page/MANUAL_ENTRY_BUTTON' is clickable

2020-08-28 13:17:17 - [MESSAGE][PASSED] - Object: 'Object Repository/CERTPAY_QUICKSTI/Payment_Information_Page/MANUAL_ENTRY_BUTTON' is clicked on

2020-08-28 13:17:17 - [MESSAGE][PASSED] - Quicksti.ts:Clicked on the ManualEntry

2020-08-28 13:17:17 - [TEST_STEP][PASSED] - amount_Value = pages.Quicksti.getAttributeValue(findTestObject("CERTPAY_QUICKSTI/Payment_Information_Page/SUB_TOTAL")): pages.Quicksti.getAttributeValue is PASSED

2020-08-28 13:17:18 - [MESSAGE][PASSED] - Attribute 'value' of object 'Object Repository/CERTPAY_QUICKSTI/Payment_Information_Page/SUB_TOTAL' is: '20.00'

2020-08-28 13:17:18 - [MESSAGE][PASSED] - pages.Quicksti.getAttributeValue is PASSED

2020-08-28 13:17:18 - [TEST_STEP][PASSED] - CardNumber = pages.Quicksti.setUserPaymentDetails(firstName, lastName, cardNum): Quicksti.ts:Entered'4761739001010135 into CardNum

2020-08-28 13:17:18 - [MESSAGE][PASSED] - Object 'Object Repository/CERTPAY_QUICKSTI/Payment_Information_Page/FIRST_NAME' is present

2020-08-28 13:17:19 - [MESSAGE][PASSED] - Object 'Object Repository/CERTPAY_QUICKSTI/Payment_Information_Page/FIRST_NAME' is visible

2020-08-28 13:17:19 - [MESSAGE][PASSED] - Object 'Object Repository/CERTPAY_QUICKSTI/Payment_Information_Page/FIRST_NAME' is present

2020-08-28 13:17:20 - [MESSAGE][PASSED] - Text 'Tester' is set on object 'Object Repository/CERTPAY_QUICKSTI/Payment_Information_Page/FIRST_NAME'

2020-08-28 13:17:20 - [MESSAGE][PASSED] - Quicksti.ts:Entered'Tester into FirstName

2020-08-28 13:17:21 - [MESSAGE][PASSED] - Object 'Object Repository/CERTPAY_QUICKSTI/Payment_Information_Page/LAST_NAME' is present

2020-08-28 13:17:21 - [MESSAGE][PASSED] - Object 'Object Repository/CERTPAY_QUICKSTI/Payment_Information_Page/LAST_NAME' is visible

2020-08-28 13:17:21 - [MESSAGE][PASSED] - Object 'Object Repository/CERTPAY_QUICKSTI/Payment_Information_Page/LAST_NAME' is present

2020-08-28 13:17:22 - [MESSAGE][PASSED] - Text 'Zenq1' is set on object 'Object Repository/CERTPAY_QUICKSTI/Payment_Information_Page/LAST_NAME'

2020-08-28 13:17:22 - [MESSAGE][PASSED] - Quicksti.ts:Entered'Zenq1 into LAstName

2020-08-28 13:17:23 - [MESSAGE][PASSED] - Object 'Object Repository/CERTPAY_QUICKSTI/Payment_Information_Page/CARD_NUMBER' is present

2020-08-28 13:17:23 - [MESSAGE][PASSED] - Object 'Object Repository/CERTPAY_QUICKSTI/Payment_Information_Page/CARD_NUMBER' is visible

2020-08-28 13:17:23 - [MESSAGE][PASSED] - Object 'Object Repository/CERTPAY_QUICKSTI/Payment_Information_Page/CARD_NUMBER' is present

2020-08-28 13:17:25 - [MESSAGE][PASSED] - Text '4761739001010135' is set on object 'Object Repository/CERTPAY_QUICKSTI/Payment_Information_Page/CARD_NUMBER'

2020-08-28 13:17:25 - [MESSAGE][PASSED] - Quicksti.ts:Entered'4761739001010135 into CardNum

2020-08-28 13:17:25 - [TEST_STEP][PASSED] - pages.Quicksti.setExpDate(expMonth, expYear, securityCode): Quicksti.ts:Entered'207 into securityCode

2020-08-28 13:17:25 - [MESSAGE][PASSED] - Object 'Object Repository/CERTPAY_QUICKSTI/Payment_Information_Page/EXP_MONTH' is visible

2020-08-28 13:17:26 - [MESSAGE][PASSED] - Object 'Object Repository/CERTPAY_QUICKSTI/Payment_Information_Page/EXP_MONTH' is present

2020-08-28 13:17:27 - [MESSAGE][PASSED] - Object: 'Object Repository/CERTPAY_QUICKSTI/Payment_Information_Page/EXP_MONTH' is clicked on

2020-08-28 13:17:28 - [MESSAGE][PASSED] - All options with label '03' are selected in object 'Object Repository/CERTPAY_QUICKSTI/Payment_Information_Page/EXP_MONTH'  using regular expression

2020-08-28 13:17:28 - [MESSAGE][PASSED] - selected dropdown option by visible text  03from expMonth

2020-08-28 13:17:28 - [MESSAGE][PASSED] - Object 'Object Repository/CERTPAY_QUICKSTI/Payment_Information_Page/EXP_YEAR' is visible

2020-08-28 13:17:29 - [MESSAGE][PASSED] - Object 'Object Repository/CERTPAY_QUICKSTI/Payment_Information_Page/EXP_YEAR' is present

2020-08-28 13:17:30 - [MESSAGE][PASSED] - Object: 'Object Repository/CERTPAY_QUICKSTI/Payment_Information_Page/EXP_YEAR' is clicked on

2020-08-28 13:17:31 - [MESSAGE][PASSED] - All options with label '2022' are selected in object 'Object Repository/CERTPAY_QUICKSTI/Payment_Information_Page/EXP_YEAR'  using regular expression

2020-08-28 13:17:31 - [MESSAGE][PASSED] - selected dropdown option by visible text  2022from  expYear

2020-08-28 13:17:32 - [MESSAGE][PASSED] - Object 'Object Repository/CERTPAY_QUICKSTI/Payment_Information_Page/SECURITY_CODE' is present

2020-08-28 13:17:32 - [MESSAGE][PASSED] - Object 'Object Repository/CERTPAY_QUICKSTI/Payment_Information_Page/SECURITY_CODE' is visible

2020-08-28 13:17:32 - [MESSAGE][PASSED] - Object 'Object Repository/CERTPAY_QUICKSTI/Payment_Information_Page/SECURITY_CODE' is present

2020-08-28 13:17:34 - [MESSAGE][PASSED] - Text '207' is set on object 'Object Repository/CERTPAY_QUICKSTI/Payment_Information_Page/SECURITY_CODE'

2020-08-28 13:17:34 - [MESSAGE][PASSED] - Quicksti.ts:Entered'207 into securityCode

2020-08-28 13:17:34 - [TEST_STEP][PASSED] - utilities.SafeActions.safeType(findTestObject("CERTPAY_QUICKSTI/Payment_Information_Page/ADDRESS"), address, "Address", [pageLoadTime]): Quicksti.ts:Entered'14-2 into Address

2020-08-28 13:17:34 - [MESSAGE][PASSED] - Object 'Object Repository/CERTPAY_QUICKSTI/Payment_Information_Page/ADDRESS' is present

2020-08-28 13:17:34 - [MESSAGE][PASSED] - Object 'Object Repository/CERTPAY_QUICKSTI/Payment_Information_Page/ADDRESS' is visible

2020-08-28 13:17:35 - [MESSAGE][PASSED] - Object 'Object Repository/CERTPAY_QUICKSTI/Payment_Information_Page/ADDRESS' is present

2020-08-28 13:17:36 - [MESSAGE][PASSED] - Text '14-2' is set on object 'Object Repository/CERTPAY_QUICKSTI/Payment_Information_Page/ADDRESS'

2020-08-28 13:17:36 - [MESSAGE][PASSED] - Quicksti.ts:Entered'14-2 into Address

2020-08-28 13:17:36 - [TEST_STEP][PASSED] - utilities.SafeActions.safeType(findTestObject("CERTPAY_QUICKSTI/Payment_Information_Page/ZIP_CODE"), zipCode, "zipcode", [pageLoadTime]): Quicksti.ts:Entered'76102 into zipcode

2020-08-28 13:17:36 - [MESSAGE][PASSED] - Object 'Object Repository/CERTPAY_QUICKSTI/Payment_Information_Page/ZIP_CODE' is present

2020-08-28 13:17:37 - [MESSAGE][PASSED] - Object 'Object Repository/CERTPAY_QUICKSTI/Payment_Information_Page/ZIP_CODE' is visible

2020-08-28 13:17:37 - [MESSAGE][PASSED] - Object 'Object Repository/CERTPAY_QUICKSTI/Payment_Information_Page/ZIP_CODE' is present

2020-08-28 13:17:38 - [MESSAGE][PASSED] - Text '76102' is set on object 'Object Repository/CERTPAY_QUICKSTI/Payment_Information_Page/ZIP_CODE'

2020-08-28 13:17:38 - [MESSAGE][PASSED] - Quicksti.ts:Entered'76102 into zipcode

2020-08-28 13:17:38 - [TEST_STEP][PASSED] - utilities.SafeActions.safeType(findTestObject("CERTPAY_QUICKSTI/Payment_Information_Page/TELEPHONE"), telephone, "Telephone", [pageLoadTime]): Quicksti.ts:Entered'9988776655 into Telephone

2020-08-28 13:17:39 - [MESSAGE][PASSED] - Object 'Object Repository/CERTPAY_QUICKSTI/Payment_Information_Page/TELEPHONE' is present

2020-08-28 13:17:39 - [MESSAGE][PASSED] - Object 'Object Repository/CERTPAY_QUICKSTI/Payment_Information_Page/TELEPHONE' is visible

2020-08-28 13:17:39 - [MESSAGE][PASSED] - Object 'Object Repository/CERTPAY_QUICKSTI/Payment_Information_Page/TELEPHONE' is present

2020-08-28 13:17:41 - [MESSAGE][PASSED] - Text '9988776655' is set on object 'Object Repository/CERTPAY_QUICKSTI/Payment_Information_Page/TELEPHONE'

2020-08-28 13:17:41 - [MESSAGE][PASSED] - Quicksti.ts:Entered'9988776655 into Telephone

2020-08-28 13:17:41 - [TEST_STEP][PASSED] - utilities.SafeActions.safeType(findTestObject("CERTPAY_QUICKSTI/Payment_Information_Page/EMAIL_ADDRESS"), emailAddress, "EMAIL address", [pageLoadTime]): Quicksti.ts:Entered'testing@zenq.com into EMAIL address

2020-08-28 13:17:41 - [MESSAGE][PASSED] - Object 'Object Repository/CERTPAY_QUICKSTI/Payment_Information_Page/EMAIL_ADDRESS' is present

2020-08-28 13:17:41 - [MESSAGE][PASSED] - Object 'Object Repository/CERTPAY_QUICKSTI/Payment_Information_Page/EMAIL_ADDRESS' is visible

2020-08-28 13:17:42 - [MESSAGE][PASSED] - Object 'Object Repository/CERTPAY_QUICKSTI/Payment_Information_Page/EMAIL_ADDRESS' is present

2020-08-28 13:17:43 - [MESSAGE][PASSED] - Text 'testing@zenq.com' is set on object 'Object Repository/CERTPAY_QUICKSTI/Payment_Information_Page/EMAIL_ADDRESS'

2020-08-28 13:17:43 - [MESSAGE][PASSED] - Quicksti.ts:Entered'testing@zenq.com into EMAIL address

2020-08-28 13:17:43 - [TEST_STEP][PASSED] - utilities.SafeActions.safeClick(findTestObject("CERTPAY_QUICKSTI/Payment_Information_Page/NEXT_BUTTON"), "Next", [pageLoadTime]): Quicksti.ts:Clicked on the Next

2020-08-28 13:17:43 - [MESSAGE][INFO] - safeClicking

2020-08-28 13:17:44 - [MESSAGE][PASSED] - Object 'Object Repository/CERTPAY_QUICKSTI/Payment_Information_Page/NEXT_BUTTON' is present

2020-08-28 13:17:44 - [MESSAGE][PASSED] - Object 'Object Repository/CERTPAY_QUICKSTI/Payment_Information_Page/NEXT_BUTTON' is clickable

2020-08-28 13:17:48 - [MESSAGE][PASSED] - Object: 'Object Repository/CERTPAY_QUICKSTI/Payment_Information_Page/NEXT_BUTTON' is clicked on

2020-08-28 13:17:48 - [MESSAGE][PASSED] - Quicksti.ts:Clicked on the Next

2020-08-28 13:17:48 - [TEST_STEP][PASSED] - pages.Quicksti.verifyUserPaymentDetails(paymentAmount, firstName, lastName, CardNumber): pages.Quicksti.verifyUserPaymentDetails is PASSED

2020-08-28 13:17:48 - [MESSAGE][PASSED] - Text of object 'Object Repository/CERTPAY_QUICKSTI/Payment_Details_Verification_Page/AMOUNT' is: '$20.00'

2020-08-28 13:17:48 - [MESSAGE][PASSED] - Actual text '20.00' and expected text '20.00' are matched  using regular expression

2020-08-28 13:17:49 - [MESSAGE][PASSED] - Text of object 'Object Repository/CERTPAY_QUICKSTI/Payment_Details_Verification_Page/NAME' is: 'Tester Zenq1'

2020-08-28 13:17:49 - [MESSAGE][PASSED] - Actual text 'Tester Zenq1' and expected text 'Tester Zenq1' are matched  using regular expression

2020-08-28 13:17:49 - [MESSAGE][PASSED] - Text of object 'Object Repository/CERTPAY_QUICKSTI/Payment_Details_Verification_Page/CARD_NUMBER' is: '...0135'

2020-08-28 13:17:49 - [MESSAGE][PASSED] - Actual text '0135' and expected text '0135' are matched  using regular expression

2020-08-28 13:17:49 - [MESSAGE][PASSED] - pages.Quicksti.verifyUserPaymentDetails is PASSED

2020-08-28 13:17:49 - [TEST_STEP][PASSED] - delay(2): Delayed 2 second(s)

2020-08-28 13:17:51 - [MESSAGE][PASSED] - Delayed 2 second(s)

2020-08-28 13:17:51 - [TEST_STEP][PASSED] - scrollToElement(findTestObject("CERTPAY_QUICKSTI/Payment_Details_Verification_Page/PROCESS"), 0): Scroll to object 'Object Repository/CERTPAY_QUICKSTI/Payment_Details_Verification_Page/PROCESS' successfully

2020-08-28 13:17:51 - [MESSAGE][WARNING] - Timeout '0' is invalid. Using default page load timeout: '30'

2020-08-28 13:17:51 - [MESSAGE][PASSED] - Scroll to object 'Object Repository/CERTPAY_QUICKSTI/Payment_Details_Verification_Page/PROCESS' successfully

2020-08-28 13:17:51 - [TEST_STEP][PASSED] - utilities.SafeActions.safeClick(findTestObject("CERTPAY_QUICKSTI/Payment_Details_Verification_Page/PROCESS"), "Process", [pageLoadTime]): Quicksti.ts:Clicked on the Process

2020-08-28 13:17:52 - [MESSAGE][INFO] - safeClicking

2020-08-28 13:17:52 - [MESSAGE][PASSED] - Object 'Object Repository/CERTPAY_QUICKSTI/Payment_Details_Verification_Page/PROCESS' is present

2020-08-28 13:17:52 - [MESSAGE][PASSED] - Object 'Object Repository/CERTPAY_QUICKSTI/Payment_Details_Verification_Page/PROCESS' is clickable

2020-08-28 13:17:57 - [MESSAGE][PASSED] - Object: 'Object Repository/CERTPAY_QUICKSTI/Payment_Details_Verification_Page/PROCESS' is clicked on

2020-08-28 13:17:57 - [MESSAGE][PASSED] - Quicksti.ts:Clicked on the Process

2020-08-28 13:17:57 - [TEST_STEP][PASSED] - paymentId = pages.Quicksti.verifyPaymentApproval(findTestObject("CERTPAY_QUICKSTI/Payment_Details_Verification_Page/APPROVED")): Payment is approved

2020-08-28 13:17:58 - [MESSAGE][PASSED] - Text of object 'Object Repository/CERTPAY_QUICKSTI/Payment_Details_Verification_Page/PAYMENT_ID' is: '100176102064'

2020-08-28 13:17:58 - [MESSAGE][PASSED] - Object 'Object Repository/CERTPAY_QUICKSTI/Payment_Details_Verification_Page/APPROVED' is present

2020-08-28 13:17:58 - [MESSAGE][PASSED] - Payment is approved

2020-08-28 13:18:00 - [TEST_STEP][PASSED] - navigateToUrl(Reports_url): Navigate to 'https://qa-certpayreports.faps.net/BureauLogin/login.aspx' successfully

2020-08-28 13:18:04 - [MESSAGE][PASSED] - Navigate to 'https://qa-certpayreports.faps.net/BureauLogin/login.aspx' successfully

2020-08-28 13:18:04 - [TEST_STEP][PASSED] - pages.Bureau_Login_Page.loginToReportsSite(userName, password, accessCode): Quicksti.ts:Clicked on the LOGIN

2020-08-28 13:18:04 - [MESSAGE][PASSED] - Object 'Object Repository/MAKE_ PAYMENT/Home_ Page/USER_NAME' is present

2020-08-28 13:18:04 - [MESSAGE][PASSED] - Object 'Object Repository/MAKE_ PAYMENT/Home_ Page/USER_NAME' is visible

2020-08-28 13:18:05 - [MESSAGE][PASSED] - Object 'Object Repository/MAKE_ PAYMENT/Home_ Page/USER_NAME' is present

2020-08-28 13:18:06 - [MESSAGE][PASSED] - Text 'ZenQ' is set on object 'Object Repository/MAKE_ PAYMENT/Home_ Page/USER_NAME'

2020-08-28 13:18:06 - [MESSAGE][PASSED] - Quicksti.ts:Entered'ZenQ into username

2020-08-28 13:18:06 - [MESSAGE][PASSED] - Object 'Object Repository/MAKE_ PAYMENT/Home_ Page/BUREAU_PASSWORD' is present

2020-08-28 13:18:07 - [MESSAGE][PASSED] - Object 'Object Repository/MAKE_ PAYMENT/Home_ Page/BUREAU_PASSWORD' is visible

2020-08-28 13:18:07 - [MESSAGE][PASSED] - Object 'Object Repository/MAKE_ PAYMENT/Home_ Page/BUREAU_PASSWORD' is present

2020-08-28 13:18:08 - [MESSAGE][PASSED] - Text 'Zenq@123' is set on object 'Object Repository/MAKE_ PAYMENT/Home_ Page/BUREAU_PASSWORD'

2020-08-28 13:18:08 - [MESSAGE][PASSED] - Quicksti.ts:Entered'Zenq@123 into password

2020-08-28 13:18:09 - [MESSAGE][PASSED] - Object 'Object Repository/MAKE_ PAYMENT/Home_ Page/BUREAU_ACCESS_CODE' is present

2020-08-28 13:18:09 - [MESSAGE][PASSED] - Object 'Object Repository/MAKE_ PAYMENT/Home_ Page/BUREAU_ACCESS_CODE' is visible

2020-08-28 13:18:09 - [MESSAGE][PASSED] - Object 'Object Repository/MAKE_ PAYMENT/Home_ Page/BUREAU_ACCESS_CODE' is present

2020-08-28 13:18:10 - [MESSAGE][PASSED] - Text 'certpaytest' is set on object 'Object Repository/MAKE_ PAYMENT/Home_ Page/BUREAU_ACCESS_CODE'

2020-08-28 13:18:10 - [MESSAGE][PASSED] - Quicksti.ts:Entered'certpaytest into AccessCode

2020-08-28 13:18:11 - [MESSAGE][INFO] - safeClicking

2020-08-28 13:18:11 - [MESSAGE][PASSED] - Object 'Object Repository/MAKE_ PAYMENT/Home_ Page/LOGIN_BUTTON' is present

2020-08-28 13:18:11 - [MESSAGE][PASSED] - Object 'Object Repository/MAKE_ PAYMENT/Home_ Page/LOGIN_BUTTON' is clickable

2020-08-28 13:18:15 - [MESSAGE][PASSED] - Object: 'Object Repository/MAKE_ PAYMENT/Home_ Page/LOGIN_BUTTON' is clicked on

2020-08-28 13:18:15 - [MESSAGE][PASSED] - Quicksti.ts:Clicked on the LOGIN

2020-08-28 13:18:15 - [TEST_STEP][NOT_RUN] - mouseOver(findTestObject("REPORTS_PAGE/REPORTING")): NOT_RUN: mouseOver(findTestObject("REPORTS_PAGE/REPORTING"))

2020-08-28 13:18:15 - [MESSAGE][NOT_RUN] - NOT_RUN: mouseOver(findTestObject("REPORTS_PAGE/REPORTING"))

2020-08-28 13:18:15 - [TEST_STEP][PASSED] - delay(1): Delayed 1 second(s)

2020-08-28 13:18:16 - [MESSAGE][PASSED] - Delayed 1 second(s)

2020-08-28 13:18:16 - [TEST_STEP][PASSED] - utilities.SafeActions.safeClick(findTestObject("REPORTS_PAGE/REPORTING"), "Reporting", [pageLoadTime]): Quicksti.ts:Clicked on the Reporting

2020-08-28 13:18:16 - [MESSAGE][INFO] - safeClicking

2020-08-28 13:18:17 - [MESSAGE][PASSED] - Object 'Object Repository/REPORTS_PAGE/REPORTING' is present

2020-08-28 13:18:17 - [MESSAGE][PASSED] - Object 'Object Repository/REPORTS_PAGE/REPORTING' is clickable

2020-08-28 13:18:18 - [MESSAGE][PASSED] - Object: 'Object Repository/REPORTS_PAGE/REPORTING' is clicked on

2020-08-28 13:18:18 - [MESSAGE][PASSED] - Quicksti.ts:Clicked on the Reporting

2020-08-28 13:18:18 - [TEST_STEP][PASSED] - utilities.SafeActions.safeClick(findTestObject("REPORTS_PAGE/REPORTING"), "Reporting", [pageLoadTime]): Quicksti.ts:Clicked on the Reporting

2020-08-28 13:18:18 - [MESSAGE][INFO] - safeClicking

2020-08-28 13:18:18 - [MESSAGE][PASSED] - Object 'Object Repository/REPORTS_PAGE/REPORTING' is present

2020-08-28 13:18:19 - [MESSAGE][PASSED] - Object 'Object Repository/REPORTS_PAGE/REPORTING' is clickable

2020-08-28 13:18:20 - [MESSAGE][PASSED] - Object: 'Object Repository/REPORTS_PAGE/REPORTING' is clicked on

2020-08-28 13:18:20 - [MESSAGE][PASSED] - Quicksti.ts:Clicked on the Reporting

2020-08-28 13:18:20 - [TEST_STEP][PASSED] - utilities.SafeActions.safeClick(findTestObject("REPORTS_PAGE/QUICK_FIND_PAYMENT"), "Quick find payment", [pageLoadTime]): Quicksti.ts:Clicked on the Quick find payment

2020-08-28 13:18:20 - [MESSAGE][INFO] - safeClicking

2020-08-28 13:18:20 - [MESSAGE][PASSED] - Object 'Object Repository/REPORTS_PAGE/QUICK_FIND_PAYMENT' is present

2020-08-28 13:18:20 - [MESSAGE][PASSED] - Object 'Object Repository/REPORTS_PAGE/QUICK_FIND_PAYMENT' is clickable

2020-08-28 13:18:24 - [MESSAGE][PASSED] - Object: 'Object Repository/REPORTS_PAGE/QUICK_FIND_PAYMENT' is clicked on

2020-08-28 13:18:24 - [MESSAGE][PASSED] - Quicksti.ts:Clicked on the Quick find payment

2020-08-28 13:18:24 - [TEST_STEP][FAILED] - utilities.SafeActions.safeType(findTestObject("SEARCH_PAYMENT/PAYMENT_ID_INPUT_FIELD"), paymentId, "Payment id", [pageLoadTime]): Unable to verify object 'Object Repository/SEARCH_PAYMENT/PAYMENT_ID_INPUT_FIELD' is visible

2020-08-28 13:19:56 - [MESSAGE][INFO] - Unable to find the element located by 'By.xpath: //input[@id='MainContent_txtPaymentID']'. Please recheck the objects properties to make sure the desired element is located. 

2020-08-28 13:19:56 - [MESSAGE][WARNING] - Object 'Object Repository/SEARCH_PAYMENT/PAYMENT_ID_INPUT_FIELD' is not present after 60 second(s)

2020-08-28 13:20:42 - [MESSAGE][INFO] - Unable to find the element located by 'By.xpath: //input[@id='MainContent_txtPaymentID']'. Please recheck the objects properties to make sure the desired element is located. 

2020-08-28 13:20:42 - [MESSAGE][FAILED] - Web element with id: 'Object Repository/SEARCH_PAYMENT/PAYMENT_ID_INPUT_FIELD' located by 'By.xpath: //input[@id='MainContent_txtPaymentID']' not found (Root cause: com.kms.katalon.core.exception.StepFailedException: Web element with id: 'Object Repository/SEARCH_PAYMENT/PAYMENT_ID_INPUT_FIELD' located by 'By.xpath: //input[@id='MainContent_txtPaymentID']' not found
	at com.kms.katalon.core.webui.keyword.internal.WebUIKeywordMain.stepFailed(WebUIKeywordMain.groovy:64)
	at com.kms.katalon.core.webui.keyword.builtin.VerifyElementVisibleKeyword$_verifyElementVisible_closure1.doCall(VerifyElementVisibleKeyword.groovy:89)
	at com.kms.katalon.core.webui.keyword.builtin.VerifyElementVisibleKeyword$_verifyElementVisible_closure1.call(VerifyElementVisibleKeyword.groovy)
	at com.kms.katalon.core.webui.keyword.internal.WebUIKeywordMain.runKeyword(WebUIKeywordMain.groovy:20)
	at com.kms.katalon.core.webui.keyword.builtin.VerifyElementVisibleKeyword.verifyElementVisible(VerifyElementVisibleKeyword.groovy:97)
	at com.kms.katalon.core.webui.keyword.builtin.VerifyElementVisibleKeyword.execute(VerifyElementVisibleKeyword.groovy:67)
	at com.kms.katalon.core.keyword.internal.KeywordExecutor.executeKeywordForPlatform(KeywordExecutor.groovy:72)
	at com.kms.katalon.core.webui.keyword.WebUiBuiltInKeywords.verifyElementVisible(WebUiBuiltInKeywords.groovy:372)
	at com.kms.katalon.core.webui.keyword.WebUiBuiltInKeywords$verifyElementVisible$2.call(Unknown Source)
	at utilities.SafeActions.safeType(SafeActions.groovy:109)
	at utilities.SafeActions.invokeMethod(SafeActions.groovy)
	at com.kms.katalon.core.main.CustomKeywordDelegatingMetaClass.invokeStaticMethod(CustomKeywordDelegatingMetaClass.java:50)
	at TC_003_MultiBureauSite_SingleBureau_SingleLinePayment.run(TC_003_MultiBureauSite_SingleBureau_SingleLinePayment:129)
	at com.kms.katalon.core.main.ScriptEngine.run(ScriptEngine.java:194)
	at com.kms.katalon.core.main.ScriptEngine.runScriptAsRawText(ScriptEngine.java:119)
	at com.kms.katalon.core.main.TestCaseExecutor.runScript(TestCaseExecutor.java:337)
	at com.kms.katalon.core.main.TestCaseExecutor.doExecute(TestCaseExecutor.java:328)
	at com.kms.katalon.core.main.TestCaseExecutor.processExecutionPhase(TestCaseExecutor.java:307)
	at com.kms.katalon.core.main.TestCaseExecutor.accessMainPhase(TestCaseExecutor.java:299)
	at com.kms.katalon.core.main.TestCaseExecutor.execute(TestCaseExecutor.java:233)
	at com.kms.katalon.core.main.TestSuiteExecutor.accessTestCaseMainPhase(TestSuiteExecutor.java:169)
	at com.kms.katalon.core.main.TestSuiteExecutor.accessTestSuiteMainPhase(TestSuiteExecutor.java:142)
	at com.kms.katalon.core.main.TestSuiteExecutor.execute(TestSuiteExecutor.java:91)
	at com.kms.katalon.core.main.TestCaseMain.startTestSuite(TestCaseMain.java:157)
	at com.kms.katalon.core.main.TestCaseMain$startTestSuite$0.call(Unknown Source)
	at TempTestSuite1598599635439.run(TempTestSuite1598599635439.groovy:36)
)
[[ATTACHMENT|C:\\Users\\admin\\git\\Sush_Certpay\\Reports\\20200828_125714\\Certpay_testSuite\\Quicksti\\20200828_125715\\1598601042361.png]]

2020-08-28 13:20:43 - [MESSAGE][FAILED] - Unable to verify object 'Object Repository/SEARCH_PAYMENT/PAYMENT_ID_INPUT_FIELD' is visible (Root cause: com.kms.katalon.core.exception.StepFailedException: Unable to verify object 'Object Repository/SEARCH_PAYMENT/PAYMENT_ID_INPUT_FIELD' is visible
	at com.kms.katalon.core.webui.keyword.internal.WebUIKeywordMain.stepFailed(WebUIKeywordMain.groovy:64)
	at com.kms.katalon.core.webui.keyword.internal.WebUIKeywordMain.runKeyword(WebUIKeywordMain.groovy:26)
	at com.kms.katalon.core.webui.keyword.builtin.VerifyElementVisibleKeyword.verifyElementVisible(VerifyElementVisibleKeyword.groovy:97)
	at com.kms.katalon.core.webui.keyword.builtin.VerifyElementVisibleKeyword.execute(VerifyElementVisibleKeyword.groovy:67)
	at com.kms.katalon.core.keyword.internal.KeywordExecutor.executeKeywordForPlatform(KeywordExecutor.groovy:72)
	at com.kms.katalon.core.webui.keyword.WebUiBuiltInKeywords.verifyElementVisible(WebUiBuiltInKeywords.groovy:372)
	at com.kms.katalon.core.webui.keyword.WebUiBuiltInKeywords$verifyElementVisible$2.call(Unknown Source)
	at utilities.SafeActions.safeType(SafeActions.groovy:109)
	at utilities.SafeActions.invokeMethod(SafeActions.groovy)
	at com.kms.katalon.core.main.CustomKeywordDelegatingMetaClass.invokeStaticMethod(CustomKeywordDelegatingMetaClass.java:50)
	at TC_003_MultiBureauSite_SingleBureau_SingleLinePayment.run(TC_003_MultiBureauSite_SingleBureau_SingleLinePayment:129)
	at com.kms.katalon.core.main.ScriptEngine.run(ScriptEngine.java:194)
	at com.kms.katalon.core.main.ScriptEngine.runScriptAsRawText(ScriptEngine.java:119)
	at com.kms.katalon.core.main.TestCaseExecutor.runScript(TestCaseExecutor.java:337)
	at com.kms.katalon.core.main.TestCaseExecutor.doExecute(TestCaseExecutor.java:328)
	at com.kms.katalon.core.main.TestCaseExecutor.processExecutionPhase(TestCaseExecutor.java:307)
	at com.kms.katalon.core.main.TestCaseExecutor.accessMainPhase(TestCaseExecutor.java:299)
	at com.kms.katalon.core.main.TestCaseExecutor.execute(TestCaseExecutor.java:233)
	at com.kms.katalon.core.main.TestSuiteExecutor.accessTestCaseMainPhase(TestSuiteExecutor.java:169)
	at com.kms.katalon.core.main.TestSuiteExecutor.accessTestSuiteMainPhase(TestSuiteExecutor.java:142)
	at com.kms.katalon.core.main.TestSuiteExecutor.execute(TestSuiteExecutor.java:91)
	at com.kms.katalon.core.main.TestCaseMain.startTestSuite(TestCaseMain.java:157)
	at com.kms.katalon.core.main.TestCaseMain$startTestSuite$0.call(Unknown Source)
	at TempTestSuite1598599635439.run(TempTestSuite1598599635439.groovy:36)
Caused by: com.kms.katalon.core.exception.StepFailedException: Web element with id: 'Object Repository/SEARCH_PAYMENT/PAYMENT_ID_INPUT_FIELD' located by 'By.xpath: //input[@id='MainContent_txtPaymentID']' not found
	at com.kms.katalon.core.webui.keyword.internal.WebUIKeywordMain.stepFailed(WebUIKeywordMain.groovy:64)
	at com.kms.katalon.core.webui.keyword.builtin.VerifyElementVisibleKeyword$_verifyElementVisible_closure1.doCall(VerifyElementVisibleKeyword.groovy:89)
	at com.kms.katalon.core.webui.keyword.builtin.VerifyElementVisibleKeyword$_verifyElementVisible_closure1.call(VerifyElementVisibleKeyword.groovy)
	at com.kms.katalon.core.webui.keyword.internal.WebUIKeywordMain.runKeyword(WebUIKeywordMain.groovy:20)
	... 22 more
)
[[ATTACHMENT|C:\\Users\\admin\\git\\Sush_Certpay\\Reports\\20200828_125714\\Certpay_testSuite\\Quicksti\\20200828_125715\\1598601042957.png]]

2020-08-28 13:20:43 - [MESSAGE][FAILED] - Unable to verify object 'Object Repository/SEARCH_PAYMENT/PAYMENT_ID_INPUT_FIELD' is visible

2020-08-28 13:20:43 - [TEST_STEP][PASSED] - Start listener action : afterTestCase: Browser is closed

2020-08-28 13:20:43 - [TEST_STEP][PASSED] - closeBrowser(): Browser is closed

2020-08-28 13:21:06 - [MESSAGE][PASSED] - Browser is closed]]></system-out>
         <system-err><![CDATA[2020-08-28 13:16:37 - [TEST_CASE][FAILED] - Test Cases/Certpay_Quicksti/TC_003_MultiBureauSite_SingleBureau_SingleLinePayment: Test Cases/Certpay_Quicksti/TC_003_MultiBureauSite_SingleBureau_SingleLinePayment FAILED.
Reason:
com.kms.katalon.core.exception.StepFailedException: Unable to verify object 'Object Repository/SEARCH_PAYMENT/PAYMENT_ID_INPUT_FIELD' is visible
	at com.kms.katalon.core.webui.keyword.internal.WebUIKeywordMain.stepFailed(WebUIKeywordMain.groovy:64)
	at com.kms.katalon.core.webui.keyword.internal.WebUIKeywordMain.runKeyword(WebUIKeywordMain.groovy:26)
	at com.kms.katalon.core.webui.keyword.builtin.VerifyElementVisibleKeyword.verifyElementVisible(VerifyElementVisibleKeyword.groovy:97)
	at com.kms.katalon.core.webui.keyword.builtin.VerifyElementVisibleKeyword.execute(VerifyElementVisibleKeyword.groovy:67)
	at com.kms.katalon.core.keyword.internal.KeywordExecutor.executeKeywordForPlatform(KeywordExecutor.groovy:72)
	at com.kms.katalon.core.webui.keyword.WebUiBuiltInKeywords.verifyElementVisible(WebUiBuiltInKeywords.groovy:372)
	at com.kms.katalon.core.webui.keyword.WebUiBuiltInKeywords$verifyElementVisible$2.call(Unknown Source)
	at utilities.SafeActions.safeType(SafeActions.groovy:109)
	at utilities.SafeActions.invokeMethod(SafeActions.groovy)
	at com.kms.katalon.core.main.CustomKeywordDelegatingMetaClass.invokeStaticMethod(CustomKeywordDelegatingMetaClass.java:50)
	at TC_003_MultiBureauSite_SingleBureau_SingleLinePayment.run(TC_003_MultiBureauSite_SingleBureau_SingleLinePayment:129)
	at com.kms.katalon.core.main.ScriptEngine.run(ScriptEngine.java:194)
	at com.kms.katalon.core.main.ScriptEngine.runScriptAsRawText(ScriptEngine.java:119)
	at com.kms.katalon.core.main.TestCaseExecutor.runScript(TestCaseExecutor.java:337)
	at com.kms.katalon.core.main.TestCaseExecutor.doExecute(TestCaseExecutor.java:328)
	at com.kms.katalon.core.main.TestCaseExecutor.processExecutionPhase(TestCaseExecutor.java:307)
	at com.kms.katalon.core.main.TestCaseExecutor.accessMainPhase(TestCaseExecutor.java:299)
	at com.kms.katalon.core.main.TestCaseExecutor.execute(TestCaseExecutor.java:233)
	at com.kms.katalon.core.main.TestSuiteExecutor.accessTestCaseMainPhase(TestSuiteExecutor.java:169)
	at com.kms.katalon.core.main.TestSuiteExecutor.accessTestSuiteMainPhase(TestSuiteExecutor.java:142)
	at com.kms.katalon.core.main.TestSuiteExecutor.execute(TestSuiteExecutor.java:91)
	at com.kms.katalon.core.main.TestCaseMain.startTestSuite(TestCaseMain.java:157)
	at com.kms.katalon.core.main.TestCaseMain$startTestSuite$0.call(Unknown Source)
	at TempTestSuite1598599635439.run(TempTestSuite1598599635439.groovy:36)
Caused by: com.kms.katalon.core.exception.StepFailedException: Web element with id: 'Object Repository/SEARCH_PAYMENT/PAYMENT_ID_INPUT_FIELD' located by 'By.xpath: //input[@id='MainContent_txtPaymentID']' not found
	at com.kms.katalon.core.webui.keyword.internal.WebUIKeywordMain.stepFailed(WebUIKeywordMain.groovy:64)
	at com.kms.katalon.core.webui.keyword.builtin.VerifyElementVisibleKeyword$_verifyElementVisible_closure1.doCall(VerifyElementVisibleKeyword.groovy:89)
	at com.kms.katalon.core.webui.keyword.builtin.VerifyElementVisibleKeyword$_verifyElementVisible_closure1.call(VerifyElementVisibleKeyword.groovy)
	at com.kms.katalon.core.webui.keyword.internal.WebUIKeywordMain.runKeyword(WebUIKeywordMain.groovy:20)
	... 22 more]]></system-err>
      </testcase>
      <testcase name="Test Cases/Certpay_Quicksti/TC_004_MultiBureauSite_MultiBureaus_SingleLinePayment" time="624.598" classname="Test Cases/Certpay_Quicksti/TC_004_MultiBureauSite_MultiBureaus_SingleLinePayment" status="FAILED">
         <failure type="FAILED" message="Test Cases/Certpay_Quicksti/TC_004_MultiBureauSite_MultiBureaus_SingleLinePayment FAILED.
Reason:
com.kms.katalon.core.exception.StepFailedException: Unable to verify match
	at com.kms.katalon.core.util.KeywordUtil.markFailed(KeywordUtil.java:19)
	at com.kms.katalon.core.util.KeywordUtil$markFailed$1.call(Unknown Source)
	at pages.Search_Page.validateApprovedTransactionsInReports(Search_Page.groovy:106)
	at pages.Search_Page.invokeMethod(Search_Page.groovy)
	at com.kms.katalon.core.main.CustomKeywordDelegatingMetaClass.invokeStaticMethod(CustomKeywordDelegatingMetaClass.java:50)
	at TC_004_MultiBureauSite_MultiBureaus_SingleLinePayment.run(TC_004_MultiBureauSite_MultiBureaus_SingleLinePayment:149)
	at com.kms.katalon.core.main.ScriptEngine.run(ScriptEngine.java:194)
	at com.kms.katalon.core.main.ScriptEngine.runScriptAsRawText(ScriptEngine.java:119)
	at com.kms.katalon.core.main.TestCaseExecutor.runScript(TestCaseExecutor.java:337)
	at com.kms.katalon.core.main.TestCaseExecutor.doExecute(TestCaseExecutor.java:328)
	at com.kms.katalon.core.main.TestCaseExecutor.processExecutionPhase(TestCaseExecutor.java:307)
	at com.kms.katalon.core.main.TestCaseExecutor.accessMainPhase(TestCaseExecutor.java:299)
	at com.kms.katalon.core.main.TestCaseExecutor.execute(TestCaseExecutor.java:233)
	at com.kms.katalon.core.main.TestSuiteExecutor.accessTestCaseMainPhase(TestSuiteExecutor.java:169)
	at com.kms.katalon.core.main.TestSuiteExecutor.accessTestSuiteMainPhase(TestSuiteExecutor.java:142)
	at com.kms.katalon.core.main.TestSuiteExecutor.execute(TestSuiteExecutor.java:91)
	at com.kms.katalon.core.main.TestCaseMain.startTestSuite(TestCaseMain.java:157)
	at com.kms.katalon.core.main.TestCaseMain$startTestSuite$0.call(Unknown Source)
	at TempTestSuite1598599635439.run(TempTestSuite1598599635439.groovy:36)
"/>
         <system-out><![CDATA[2020-08-28 13:21:06 - [TEST_CASE][FAILED] - Test Cases/Certpay_Quicksti/TC_004_MultiBureauSite_MultiBureaus_SingleLinePayment: Test Cases/Certpay_Quicksti/TC_004_MultiBureauSite_MultiBureaus_SingleLinePayment FAILED.
Reason:
com.kms.katalon.core.exception.StepFailedException: Unable to verify match
	at com.kms.katalon.core.util.KeywordUtil.markFailed(KeywordUtil.java:19)
	at com.kms.katalon.core.util.KeywordUtil$markFailed$1.call(Unknown Source)
	at pages.Search_Page.validateApprovedTransactionsInReports(Search_Page.groovy:106)
	at pages.Search_Page.invokeMethod(Search_Page.groovy)
	at com.kms.katalon.core.main.CustomKeywordDelegatingMetaClass.invokeStaticMethod(CustomKeywordDelegatingMetaClass.java:50)
	at TC_004_MultiBureauSite_MultiBureaus_SingleLinePayment.run(TC_004_MultiBureauSite_MultiBureaus_SingleLinePayment:149)
	at com.kms.katalon.core.main.ScriptEngine.run(ScriptEngine.java:194)
	at com.kms.katalon.core.main.ScriptEngine.runScriptAsRawText(ScriptEngine.java:119)
	at com.kms.katalon.core.main.TestCaseExecutor.runScript(TestCaseExecutor.java:337)
	at com.kms.katalon.core.main.TestCaseExecutor.doExecute(TestCaseExecutor.java:328)
	at com.kms.katalon.core.main.TestCaseExecutor.processExecutionPhase(TestCaseExecutor.java:307)
	at com.kms.katalon.core.main.TestCaseExecutor.accessMainPhase(TestCaseExecutor.java:299)
	at com.kms.katalon.core.main.TestCaseExecutor.execute(TestCaseExecutor.java:233)
	at com.kms.katalon.core.main.TestSuiteExecutor.accessTestCaseMainPhase(TestSuiteExecutor.java:169)
	at com.kms.katalon.core.main.TestSuiteExecutor.accessTestSuiteMainPhase(TestSuiteExecutor.java:142)
	at com.kms.katalon.core.main.TestSuiteExecutor.execute(TestSuiteExecutor.java:91)
	at com.kms.katalon.core.main.TestCaseMain.startTestSuite(TestCaseMain.java:157)
	at com.kms.katalon.core.main.TestCaseMain$startTestSuite$0.call(Unknown Source)
	at TempTestSuite1598599635439.run(TempTestSuite1598599635439.groovy:36)


2020-08-28 13:21:06 - [TEST_STEP][PASSED] - Start listener action : beforeTestCase: null

2020-08-28 13:21:07 - [TEST_STEP][PASSED] - data = findTestData("Data Files/Certpay/MultiBureau_SingleLine"): null

2020-08-28 13:21:07 - [TEST_STEP][FAILED] - for (def index : (1..data.getRowNumbers())): null

2020-08-28 13:21:07 - [TEST_STEP][PASSED] - firstName = data.getValue("FirstName", index): null

2020-08-28 13:21:07 - [TEST_STEP][PASSED] - lastName = data.getValue("LastName", index): null

2020-08-28 13:21:07 - [TEST_STEP][PASSED] - expMonth = data.getValue("ExpMonth", index): null

2020-08-28 13:21:07 - [TEST_STEP][PASSED] - expYear = data.getValue("ExpYear", index): null

2020-08-28 13:21:07 - [TEST_STEP][PASSED] - securityCode = data.getValue("SecurityCode", index): null

2020-08-28 13:21:07 - [TEST_STEP][PASSED] - paymentAmount = data.getValue("PaymentAmount", index): null

2020-08-28 13:21:07 - [TEST_STEP][PASSED] - paymentType = data.getValue("PaymentType", index): null

2020-08-28 13:21:07 - [TEST_STEP][PASSED] - quantity = data.getValue("Quantity", index): null

2020-08-28 13:21:07 - [TEST_STEP][PASSED] - comments = data.getValue("Comments", index): null

2020-08-28 13:21:07 - [TEST_STEP][PASSED] - referenceNum = data.getValue("ReferenceNum", index): null

2020-08-28 13:21:07 - [TEST_STEP][PASSED] - address = data.getValue("Address", index): null

2020-08-28 13:21:07 - [TEST_STEP][PASSED] - zipCode = data.getValue("Zipcode", index): null

2020-08-28 13:21:07 - [TEST_STEP][PASSED] - telephone = data.getValue("Telephone", index): null

2020-08-28 13:21:07 - [TEST_STEP][PASSED] - emailAddress = data.getValue("EmailAddress", index): null

2020-08-28 13:21:07 - [TEST_STEP][PASSED] - cardNum = data.getValue("CardNumber", index): null

2020-08-28 13:21:07 - [TEST_STEP][PASSED] - cardType = data.getValue("CardType", index): null

2020-08-28 13:21:07 - [TEST_STEP][PASSED] - utilities.SafeActions.openBrowser(Quicksti_Url, [pageLoadTime]): Browser launched successfully

2020-08-28 13:21:07 - [MESSAGE][INFO] - Opening Browser

2020-08-28 13:21:07 - [MESSAGE][INFO] - Starting 'Chrome' driver

2020-08-28 13:21:43 - [MESSAGE][PASSED] - Browser is opened with url: 'https://qa-certpayquicksti.faps.net/'

2020-08-28 13:21:46 - [MESSAGE][PASSED] - Current window maximized

2020-08-28 13:21:46 - [MESSAGE][PASSED] - Browser launched successfully

2020-08-28 13:21:46 - [TEST_STEP][PASSED] - utilities.SafeActions.safeCheck(findTestObject("CERTPAY_QUICKSTI/Login_ Page/MULTI_BUREAU_CHECKBOX"), "Multi Bureau", [pageLoadTime]): Quicksti.ts:Checkbox 'Multi Bureau'is selected

2020-08-28 13:21:46 - [MESSAGE][PASSED] - Object 'Object Repository/CERTPAY_QUICKSTI/Login_ Page/MULTI_BUREAU_CHECKBOX' is present

2020-08-28 13:21:47 - [MESSAGE][PASSED] - Object 'Object Repository/CERTPAY_QUICKSTI/Login_ Page/MULTI_BUREAU_CHECKBOX' is present

2020-08-28 13:21:48 - [MESSAGE][PASSED] - Object: 'Object Repository/CERTPAY_QUICKSTI/Login_ Page/MULTI_BUREAU_CHECKBOX' is clicked on

2020-08-28 13:21:48 - [MESSAGE][PASSED] - Quicksti.ts:Checkbox 'Multi Bureau'is selected

2020-08-28 13:21:48 - [TEST_STEP][PASSED] - utilities.SafeActions.safeType(findTestObject("CERTPAY_QUICKSTI/Login_ Page/TELLER_ID"), teller_id, "Bureau code", [pageLoadTime]): Quicksti.ts:Entered'zenq into Bureau code

2020-08-28 13:21:50 - [MESSAGE][PASSED] - Object 'Object Repository/CERTPAY_QUICKSTI/Login_ Page/TELLER_ID' is present

2020-08-28 13:21:50 - [MESSAGE][PASSED] - Object 'Object Repository/CERTPAY_QUICKSTI/Login_ Page/TELLER_ID' is visible

2020-08-28 13:21:50 - [MESSAGE][PASSED] - Object 'Object Repository/CERTPAY_QUICKSTI/Login_ Page/TELLER_ID' is present

2020-08-28 13:21:52 - [MESSAGE][PASSED] - Text 'zenq' is set on object 'Object Repository/CERTPAY_QUICKSTI/Login_ Page/TELLER_ID'

2020-08-28 13:21:52 - [MESSAGE][PASSED] - Quicksti.ts:Entered'zenq into Bureau code

2020-08-28 13:21:52 - [TEST_STEP][PASSED] - utilities.SafeActions.safeClick(findTestObject("CERTPAY_QUICKSTI/Login_ Page/NEXT_BUTTON"), "Next button", [pageLoadTime]): Quicksti.ts:Clicked on the Next button

2020-08-28 13:21:52 - [MESSAGE][INFO] - safeClicking

2020-08-28 13:21:52 - [MESSAGE][PASSED] - Object 'Object Repository/CERTPAY_QUICKSTI/Login_ Page/NEXT_BUTTON' is present

2020-08-28 13:21:52 - [MESSAGE][PASSED] - Object 'Object Repository/CERTPAY_QUICKSTI/Login_ Page/NEXT_BUTTON' is clickable

2020-08-28 13:21:56 - [MESSAGE][PASSED] - Object: 'Object Repository/CERTPAY_QUICKSTI/Login_ Page/NEXT_BUTTON' is clicked on

2020-08-28 13:21:56 - [MESSAGE][PASSED] - Quicksti.ts:Clicked on the Next button

2020-08-28 13:21:56 - [TEST_STEP][PASSED] - pages.Quicksti.setCommnets("0", "0", comments): Quicksti.ts:Entered'Testing into Comments

2020-08-28 13:21:57 - [MESSAGE][PASSED] - Object '' is present

2020-08-28 13:21:57 - [MESSAGE][PASSED] - Object '' is visible

2020-08-28 13:21:57 - [MESSAGE][PASSED] - Object '' is present

2020-08-28 13:21:59 - [MESSAGE][PASSED] - Text 'Testing' is set on object ''

2020-08-28 13:21:59 - [MESSAGE][PASSED] - Quicksti.ts:Entered'Testing into Comments

2020-08-28 13:21:59 - [TEST_STEP][PASSED] - utilities.SafeActions.safeType(findTestObject("CERTPAY_QUICKSTI/Payment_Information_Page/PAYMENT_AMOUNT"), paymentAmount, "Payment Amount", [pageLoadTime]): Quicksti.ts:Entered'20.00 into Payment Amount

2020-08-28 13:21:59 - [MESSAGE][PASSED] - Object 'Object Repository/CERTPAY_QUICKSTI/Payment_Information_Page/PAYMENT_AMOUNT' is present

2020-08-28 13:22:00 - [MESSAGE][PASSED] - Object 'Object Repository/CERTPAY_QUICKSTI/Payment_Information_Page/PAYMENT_AMOUNT' is visible

2020-08-28 13:22:00 - [MESSAGE][PASSED] - Object 'Object Repository/CERTPAY_QUICKSTI/Payment_Information_Page/PAYMENT_AMOUNT' is present

2020-08-28 13:22:01 - [MESSAGE][PASSED] - Text '20.00' is set on object 'Object Repository/CERTPAY_QUICKSTI/Payment_Information_Page/PAYMENT_AMOUNT'

2020-08-28 13:22:01 - [MESSAGE][PASSED] - Quicksti.ts:Entered'20.00 into Payment Amount

2020-08-28 13:22:01 - [TEST_STEP][PASSED] - pages.Quicksti.setAmountDetailsForMultiBureau("0", paymentType, "0", referenceNum, quantity): Quicksti.ts:Entered'1 into Quntity

2020-08-28 13:22:02 - [MESSAGE][PASSED] - Object '' is visible

2020-08-28 13:22:02 - [MESSAGE][PASSED] - Object '' is present

2020-08-28 13:22:03 - [MESSAGE][PASSED] - Object: '' is clicked on

2020-08-28 13:22:05 - [MESSAGE][PASSED] - All options with label 'Taxes' are selected in object ''  using regular expression

2020-08-28 13:22:05 - [MESSAGE][PASSED] - selected dropdown option by visible text  Taxesfrom Payment Type

2020-08-28 13:22:05 - [MESSAGE][PASSED] - Object '' is present

2020-08-28 13:22:05 - [MESSAGE][PASSED] - Object '' is visible

2020-08-28 13:22:06 - [MESSAGE][PASSED] - Object '' is present

2020-08-28 13:22:07 - [MESSAGE][PASSED] - Text '11' is set on object ''

2020-08-28 13:22:07 - [MESSAGE][PASSED] - Quicksti.ts:Entered'11 into RefrenceNumber

2020-08-28 13:22:07 - [MESSAGE][PASSED] - Object '' is present

2020-08-28 13:22:08 - [MESSAGE][PASSED] - Object '' is visible

2020-08-28 13:22:08 - [MESSAGE][PASSED] - Object '' is present

2020-08-28 13:22:09 - [MESSAGE][PASSED] - Text '1' is set on object ''

2020-08-28 13:22:09 - [MESSAGE][PASSED] - Quicksti.ts:Entered'1 into Quntity

2020-08-28 13:22:09 - [TEST_STEP][PASSED] - utilities.SafeActions.safeType(findTestObject("CERTPAY_QUICKSTI/Payment_Information_Page/MULTIBUREAU_PAYMENT_AMOUNT"), paymentAmount, "Payment Amount", [pageLoadTime]): Quicksti.ts:Entered'20.00 into Payment Amount

2020-08-28 13:22:10 - [MESSAGE][PASSED] - Object 'Object Repository/CERTPAY_QUICKSTI/Payment_Information_Page/MULTIBUREAU_PAYMENT_AMOUNT' is present

2020-08-28 13:22:10 - [MESSAGE][PASSED] - Object 'Object Repository/CERTPAY_QUICKSTI/Payment_Information_Page/MULTIBUREAU_PAYMENT_AMOUNT' is visible

2020-08-28 13:22:10 - [MESSAGE][PASSED] - Object 'Object Repository/CERTPAY_QUICKSTI/Payment_Information_Page/MULTIBUREAU_PAYMENT_AMOUNT' is present

2020-08-28 13:22:12 - [MESSAGE][PASSED] - Text '20.00' is set on object 'Object Repository/CERTPAY_QUICKSTI/Payment_Information_Page/MULTIBUREAU_PAYMENT_AMOUNT'

2020-08-28 13:22:12 - [MESSAGE][PASSED] - Quicksti.ts:Entered'20.00 into Payment Amount

2020-08-28 13:22:12 - [TEST_STEP][PASSED] - pages.Quicksti.setAmountDetailsForMultiBureau("0", "Registration Fees", "1", referenceNum, quantity): Quicksti.ts:Entered'1 into Quntity

2020-08-28 13:22:12 - [MESSAGE][PASSED] - Object '' is visible

2020-08-28 13:22:12 - [MESSAGE][PASSED] - Object '' is present

2020-08-28 13:22:14 - [MESSAGE][PASSED] - Object: '' is clicked on

2020-08-28 13:22:15 - [MESSAGE][PASSED] - All options with label 'Registration Fees' are selected in object ''  using regular expression

2020-08-28 13:22:15 - [MESSAGE][PASSED] - selected dropdown option by visible text  Registration Feesfrom Payment Type

2020-08-28 13:22:15 - [MESSAGE][PASSED] - Object '' is present

2020-08-28 13:22:15 - [MESSAGE][PASSED] - Object '' is visible

2020-08-28 13:22:15 - [MESSAGE][PASSED] - Object '' is present

2020-08-28 13:22:17 - [MESSAGE][PASSED] - Text '11' is set on object ''

2020-08-28 13:22:17 - [MESSAGE][PASSED] - Quicksti.ts:Entered'11 into RefrenceNumber

2020-08-28 13:22:17 - [MESSAGE][PASSED] - Object '' is present

2020-08-28 13:22:17 - [MESSAGE][PASSED] - Object '' is visible

2020-08-28 13:22:18 - [MESSAGE][PASSED] - Object '' is present

2020-08-28 13:22:19 - [MESSAGE][PASSED] - Text '1' is set on object ''

2020-08-28 13:22:19 - [MESSAGE][PASSED] - Quicksti.ts:Entered'1 into Quntity

2020-08-28 13:22:19 - [TEST_STEP][PASSED] - utilities.SafeActions.safeType(findTestObject("CERTPAY_QUICKSTI/Payment_Information_Page/MULTIBUREAU_PAY_AMOUNT2"), paymentAmount, "Payment Amount", [pageLoadTime]): Quicksti.ts:Entered'20.00 into Payment Amount

2020-08-28 13:22:19 - [MESSAGE][PASSED] - Object 'Object Repository/CERTPAY_QUICKSTI/Payment_Information_Page/MULTIBUREAU_PAY_AMOUNT2' is present

2020-08-28 13:22:19 - [MESSAGE][PASSED] - Object 'Object Repository/CERTPAY_QUICKSTI/Payment_Information_Page/MULTIBUREAU_PAY_AMOUNT2' is visible

2020-08-28 13:22:20 - [MESSAGE][PASSED] - Object 'Object Repository/CERTPAY_QUICKSTI/Payment_Information_Page/MULTIBUREAU_PAY_AMOUNT2' is present

2020-08-28 13:22:21 - [MESSAGE][PASSED] - Text '20.00' is set on object 'Object Repository/CERTPAY_QUICKSTI/Payment_Information_Page/MULTIBUREAU_PAY_AMOUNT2'

2020-08-28 13:22:21 - [MESSAGE][PASSED] - Quicksti.ts:Entered'20.00 into Payment Amount

2020-08-28 13:22:21 - [TEST_STEP][PASSED] - pages.Quicksti.setCommnets("2", "0", "Tester"): Quicksti.ts:Entered'Tester into Comments

2020-08-28 13:22:22 - [MESSAGE][PASSED] - Object '' is present

2020-08-28 13:22:22 - [MESSAGE][PASSED] - Object '' is visible

2020-08-28 13:22:22 - [MESSAGE][PASSED] - Object '' is present

2020-08-28 13:22:24 - [MESSAGE][PASSED] - Text 'Tester' is set on object ''

2020-08-28 13:22:24 - [MESSAGE][PASSED] - Quicksti.ts:Entered'Tester into Comments

2020-08-28 13:22:24 - [TEST_STEP][PASSED] - pages.Quicksti.setAmountDetailsForMultiBureau("0", "Vehicles", "2", referenceNum, quantity): Quicksti.ts:Entered'1 into Quntity

2020-08-28 13:22:24 - [MESSAGE][PASSED] - Object '' is visible

2020-08-28 13:22:24 - [MESSAGE][PASSED] - Object '' is present

2020-08-28 13:22:26 - [MESSAGE][PASSED] - Object: '' is clicked on

2020-08-28 13:22:27 - [MESSAGE][PASSED] - All options with label 'Vehicles' are selected in object ''  using regular expression

2020-08-28 13:22:27 - [MESSAGE][PASSED] - selected dropdown option by visible text  Vehiclesfrom Payment Type

2020-08-28 13:22:27 - [MESSAGE][PASSED] - Object '' is present

2020-08-28 13:22:28 - [MESSAGE][PASSED] - Object '' is visible

2020-08-28 13:22:28 - [MESSAGE][PASSED] - Object '' is present

2020-08-28 13:22:30 - [MESSAGE][PASSED] - Text '11' is set on object ''

2020-08-28 13:22:30 - [MESSAGE][PASSED] - Quicksti.ts:Entered'11 into RefrenceNumber

2020-08-28 13:22:30 - [MESSAGE][PASSED] - Object '' is present

2020-08-28 13:22:30 - [MESSAGE][PASSED] - Object '' is visible

2020-08-28 13:22:30 - [MESSAGE][PASSED] - Object '' is present

2020-08-28 13:22:32 - [MESSAGE][PASSED] - Text '1' is set on object ''

2020-08-28 13:22:32 - [MESSAGE][PASSED] - Quicksti.ts:Entered'1 into Quntity

2020-08-28 13:22:32 - [TEST_STEP][PASSED] - utilities.SafeActions.safeClick(findTestObject("CERTPAY_QUICKSTI/Payment_Information_Page/MANUAL_ENTRY_BUTTON"), "ManualEntry", [pageLoadTime]): Quicksti.ts:Clicked on the ManualEntry

2020-08-28 13:22:32 - [MESSAGE][INFO] - safeClicking

2020-08-28 13:22:32 - [MESSAGE][PASSED] - Object 'Object Repository/CERTPAY_QUICKSTI/Payment_Information_Page/MANUAL_ENTRY_BUTTON' is present

2020-08-28 13:22:32 - [MESSAGE][PASSED] - Object 'Object Repository/CERTPAY_QUICKSTI/Payment_Information_Page/MANUAL_ENTRY_BUTTON' is clickable

2020-08-28 13:22:36 - [MESSAGE][PASSED] - Object: 'Object Repository/CERTPAY_QUICKSTI/Payment_Information_Page/MANUAL_ENTRY_BUTTON' is clicked on

2020-08-28 13:22:36 - [MESSAGE][PASSED] - Quicksti.ts:Clicked on the ManualEntry

2020-08-28 13:22:36 - [TEST_STEP][PASSED] - amount_Value = pages.Quicksti.getAttributeValue(findTestObject("CERTPAY_QUICKSTI/Payment_Information_Page/SUB_TOTAL")): pages.Quicksti.getAttributeValue is PASSED

2020-08-28 13:22:37 - [MESSAGE][PASSED] - Attribute 'value' of object 'Object Repository/CERTPAY_QUICKSTI/Payment_Information_Page/SUB_TOTAL' is: '20.00'

2020-08-28 13:22:37 - [MESSAGE][PASSED] - pages.Quicksti.getAttributeValue is PASSED

2020-08-28 13:22:37 - [TEST_STEP][PASSED] - CardNumber = pages.Quicksti.setUserPaymentDetails(firstName, lastName, cardNum): Quicksti.ts:Entered'4761739001010135 into CardNum

2020-08-28 13:22:37 - [MESSAGE][PASSED] - Object 'Object Repository/CERTPAY_QUICKSTI/Payment_Information_Page/FIRST_NAME' is present

2020-08-28 13:22:37 - [MESSAGE][PASSED] - Object 'Object Repository/CERTPAY_QUICKSTI/Payment_Information_Page/FIRST_NAME' is visible

2020-08-28 13:22:38 - [MESSAGE][PASSED] - Object 'Object Repository/CERTPAY_QUICKSTI/Payment_Information_Page/FIRST_NAME' is present

2020-08-28 13:22:39 - [MESSAGE][PASSED] - Text 'Tester' is set on object 'Object Repository/CERTPAY_QUICKSTI/Payment_Information_Page/FIRST_NAME'

2020-08-28 13:22:39 - [MESSAGE][PASSED] - Quicksti.ts:Entered'Tester into FirstName

2020-08-28 13:22:39 - [MESSAGE][PASSED] - Object 'Object Repository/CERTPAY_QUICKSTI/Payment_Information_Page/LAST_NAME' is present

2020-08-28 13:22:40 - [MESSAGE][PASSED] - Object 'Object Repository/CERTPAY_QUICKSTI/Payment_Information_Page/LAST_NAME' is visible

2020-08-28 13:22:40 - [MESSAGE][PASSED] - Object 'Object Repository/CERTPAY_QUICKSTI/Payment_Information_Page/LAST_NAME' is present

2020-08-28 13:22:41 - [MESSAGE][PASSED] - Text 'Zenq1' is set on object 'Object Repository/CERTPAY_QUICKSTI/Payment_Information_Page/LAST_NAME'

2020-08-28 13:22:41 - [MESSAGE][PASSED] - Quicksti.ts:Entered'Zenq1 into LAstName

2020-08-28 13:22:42 - [MESSAGE][PASSED] - Object 'Object Repository/CERTPAY_QUICKSTI/Payment_Information_Page/CARD_NUMBER' is present

2020-08-28 13:22:42 - [MESSAGE][PASSED] - Object 'Object Repository/CERTPAY_QUICKSTI/Payment_Information_Page/CARD_NUMBER' is visible

2020-08-28 13:22:42 - [MESSAGE][PASSED] - Object 'Object Repository/CERTPAY_QUICKSTI/Payment_Information_Page/CARD_NUMBER' is present

2020-08-28 13:22:44 - [MESSAGE][PASSED] - Text '4761739001010135' is set on object 'Object Repository/CERTPAY_QUICKSTI/Payment_Information_Page/CARD_NUMBER'

2020-08-28 13:22:44 - [MESSAGE][PASSED] - Quicksti.ts:Entered'4761739001010135 into CardNum

2020-08-28 13:22:44 - [TEST_STEP][PASSED] - pages.Quicksti.setExpDate(expMonth, expYear, securityCode): Quicksti.ts:Entered'207 into securityCode

2020-08-28 13:22:44 - [MESSAGE][PASSED] - Object 'Object Repository/CERTPAY_QUICKSTI/Payment_Information_Page/EXP_MONTH' is visible

2020-08-28 13:22:44 - [MESSAGE][PASSED] - Object 'Object Repository/CERTPAY_QUICKSTI/Payment_Information_Page/EXP_MONTH' is present

2020-08-28 13:22:46 - [MESSAGE][PASSED] - Object: 'Object Repository/CERTPAY_QUICKSTI/Payment_Information_Page/EXP_MONTH' is clicked on

2020-08-28 13:22:47 - [MESSAGE][PASSED] - All options with label '03' are selected in object 'Object Repository/CERTPAY_QUICKSTI/Payment_Information_Page/EXP_MONTH'  using regular expression

2020-08-28 13:22:47 - [MESSAGE][PASSED] - selected dropdown option by visible text  03from expMonth

2020-08-28 13:22:47 - [MESSAGE][PASSED] - Object 'Object Repository/CERTPAY_QUICKSTI/Payment_Information_Page/EXP_YEAR' is visible

2020-08-28 13:22:48 - [MESSAGE][PASSED] - Object 'Object Repository/CERTPAY_QUICKSTI/Payment_Information_Page/EXP_YEAR' is present

2020-08-28 13:22:49 - [MESSAGE][PASSED] - Object: 'Object Repository/CERTPAY_QUICKSTI/Payment_Information_Page/EXP_YEAR' is clicked on

2020-08-28 13:22:50 - [MESSAGE][PASSED] - All options with label '2022' are selected in object 'Object Repository/CERTPAY_QUICKSTI/Payment_Information_Page/EXP_YEAR'  using regular expression

2020-08-28 13:22:50 - [MESSAGE][PASSED] - selected dropdown option by visible text  2022from  expYear

2020-08-28 13:22:51 - [MESSAGE][PASSED] - Object 'Object Repository/CERTPAY_QUICKSTI/Payment_Information_Page/SECURITY_CODE' is present

2020-08-28 13:22:51 - [MESSAGE][PASSED] - Object 'Object Repository/CERTPAY_QUICKSTI/Payment_Information_Page/SECURITY_CODE' is visible

2020-08-28 13:22:51 - [MESSAGE][PASSED] - Object 'Object Repository/CERTPAY_QUICKSTI/Payment_Information_Page/SECURITY_CODE' is present

2020-08-28 13:22:53 - [MESSAGE][PASSED] - Text '207' is set on object 'Object Repository/CERTPAY_QUICKSTI/Payment_Information_Page/SECURITY_CODE'

2020-08-28 13:22:53 - [MESSAGE][PASSED] - Quicksti.ts:Entered'207 into securityCode

2020-08-28 13:22:53 - [TEST_STEP][PASSED] - utilities.SafeActions.safeType(findTestObject("CERTPAY_QUICKSTI/Payment_Information_Page/ADDRESS"), address, "Address", [pageLoadTime]): Quicksti.ts:Entered'14-2 into Address

2020-08-28 13:22:53 - [MESSAGE][PASSED] - Object 'Object Repository/CERTPAY_QUICKSTI/Payment_Information_Page/ADDRESS' is present

2020-08-28 13:22:53 - [MESSAGE][PASSED] - Object 'Object Repository/CERTPAY_QUICKSTI/Payment_Information_Page/ADDRESS' is visible

2020-08-28 13:22:54 - [MESSAGE][PASSED] - Object 'Object Repository/CERTPAY_QUICKSTI/Payment_Information_Page/ADDRESS' is present

2020-08-28 13:22:55 - [MESSAGE][PASSED] - Text '14-2' is set on object 'Object Repository/CERTPAY_QUICKSTI/Payment_Information_Page/ADDRESS'

2020-08-28 13:22:55 - [MESSAGE][PASSED] - Quicksti.ts:Entered'14-2 into Address

2020-08-28 13:22:55 - [TEST_STEP][PASSED] - utilities.SafeActions.safeType(findTestObject("CERTPAY_QUICKSTI/Payment_Information_Page/ZIP_CODE"), zipCode, "zipcode", [pageLoadTime]): Quicksti.ts:Entered'76102 into zipcode

2020-08-28 13:22:55 - [MESSAGE][PASSED] - Object 'Object Repository/CERTPAY_QUICKSTI/Payment_Information_Page/ZIP_CODE' is present

2020-08-28 13:22:56 - [MESSAGE][PASSED] - Object 'Object Repository/CERTPAY_QUICKSTI/Payment_Information_Page/ZIP_CODE' is visible

2020-08-28 13:22:56 - [MESSAGE][PASSED] - Object 'Object Repository/CERTPAY_QUICKSTI/Payment_Information_Page/ZIP_CODE' is present

2020-08-28 13:22:57 - [MESSAGE][PASSED] - Text '76102' is set on object 'Object Repository/CERTPAY_QUICKSTI/Payment_Information_Page/ZIP_CODE'

2020-08-28 13:22:57 - [MESSAGE][PASSED] - Quicksti.ts:Entered'76102 into zipcode

2020-08-28 13:22:57 - [TEST_STEP][PASSED] - utilities.SafeActions.safeType(findTestObject("CERTPAY_QUICKSTI/Payment_Information_Page/TELEPHONE"), telephone, "Telephone", [pageLoadTime]): Quicksti.ts:Entered'9988776655 into Telephone

2020-08-28 13:22:58 - [MESSAGE][PASSED] - Object 'Object Repository/CERTPAY_QUICKSTI/Payment_Information_Page/TELEPHONE' is present

2020-08-28 13:22:58 - [MESSAGE][PASSED] - Object 'Object Repository/CERTPAY_QUICKSTI/Payment_Information_Page/TELEPHONE' is visible

2020-08-28 13:22:58 - [MESSAGE][PASSED] - Object 'Object Repository/CERTPAY_QUICKSTI/Payment_Information_Page/TELEPHONE' is present

2020-08-28 13:23:00 - [MESSAGE][PASSED] - Text '9988776655' is set on object 'Object Repository/CERTPAY_QUICKSTI/Payment_Information_Page/TELEPHONE'

2020-08-28 13:23:00 - [MESSAGE][PASSED] - Quicksti.ts:Entered'9988776655 into Telephone

2020-08-28 13:23:00 - [TEST_STEP][PASSED] - utilities.SafeActions.safeType(findTestObject("CERTPAY_QUICKSTI/Payment_Information_Page/EMAIL_ADDRESS"), emailAddress, "EMAIL address", [pageLoadTime]): Quicksti.ts:Entered'testing@zenq.com into EMAIL address

2020-08-28 13:23:00 - [MESSAGE][PASSED] - Object 'Object Repository/CERTPAY_QUICKSTI/Payment_Information_Page/EMAIL_ADDRESS' is present

2020-08-28 13:23:00 - [MESSAGE][PASSED] - Object 'Object Repository/CERTPAY_QUICKSTI/Payment_Information_Page/EMAIL_ADDRESS' is visible

2020-08-28 13:23:01 - [MESSAGE][PASSED] - Object 'Object Repository/CERTPAY_QUICKSTI/Payment_Information_Page/EMAIL_ADDRESS' is present

2020-08-28 13:23:02 - [MESSAGE][PASSED] - Text 'testing@zenq.com' is set on object 'Object Repository/CERTPAY_QUICKSTI/Payment_Information_Page/EMAIL_ADDRESS'

2020-08-28 13:23:02 - [MESSAGE][PASSED] - Quicksti.ts:Entered'testing@zenq.com into EMAIL address

2020-08-28 13:23:02 - [TEST_STEP][PASSED] - utilities.SafeActions.safeClick(findTestObject("CERTPAY_QUICKSTI/Payment_Information_Page/NEXT_BUTTON"), "Next", [pageLoadTime]): Quicksti.ts:Clicked on the Next

2020-08-28 13:23:02 - [MESSAGE][INFO] - safeClicking

2020-08-28 13:23:03 - [MESSAGE][PASSED] - Object 'Object Repository/CERTPAY_QUICKSTI/Payment_Information_Page/NEXT_BUTTON' is present

2020-08-28 13:23:03 - [MESSAGE][PASSED] - Object 'Object Repository/CERTPAY_QUICKSTI/Payment_Information_Page/NEXT_BUTTON' is clickable

2020-08-28 13:23:07 - [MESSAGE][PASSED] - Object: 'Object Repository/CERTPAY_QUICKSTI/Payment_Information_Page/NEXT_BUTTON' is clicked on

2020-08-28 13:23:07 - [MESSAGE][PASSED] - Quicksti.ts:Clicked on the Next

2020-08-28 13:23:07 - [TEST_STEP][PASSED] - pages.Quicksti.verifyUserPaymentDetails(paymentAmount, firstName, lastName, CardNumber): pages.Quicksti.verifyUserPaymentDetails is PASSED

2020-08-28 13:23:07 - [MESSAGE][PASSED] - Text of object 'Object Repository/CERTPAY_QUICKSTI/Payment_Details_Verification_Page/AMOUNT' is: '$20.00'

2020-08-28 13:23:07 - [MESSAGE][PASSED] - Actual text '20.00' and expected text '20.00' are matched  using regular expression

2020-08-28 13:23:08 - [MESSAGE][PASSED] - Text of object 'Object Repository/CERTPAY_QUICKSTI/Payment_Details_Verification_Page/NAME' is: 'Tester Zenq1'

2020-08-28 13:23:08 - [MESSAGE][PASSED] - Actual text 'Tester Zenq1' and expected text 'Tester Zenq1' are matched  using regular expression

2020-08-28 13:23:08 - [MESSAGE][PASSED] - Text of object 'Object Repository/CERTPAY_QUICKSTI/Payment_Details_Verification_Page/CARD_NUMBER' is: '...0135'

2020-08-28 13:23:08 - [MESSAGE][PASSED] - Actual text '0135' and expected text '0135' are matched  using regular expression

2020-08-28 13:23:08 - [MESSAGE][PASSED] - pages.Quicksti.verifyUserPaymentDetails is PASSED

2020-08-28 13:23:08 - [TEST_STEP][PASSED] - delay(2): Delayed 2 second(s)

2020-08-28 13:23:10 - [MESSAGE][PASSED] - Delayed 2 second(s)

2020-08-28 13:23:10 - [TEST_STEP][PASSED] - scrollToElement(findTestObject("CERTPAY_QUICKSTI/Payment_Details_Verification_Page/PROCESS"), 0): Scroll to object 'Object Repository/CERTPAY_QUICKSTI/Payment_Details_Verification_Page/PROCESS' successfully

2020-08-28 13:23:10 - [MESSAGE][WARNING] - Timeout '0' is invalid. Using default page load timeout: '30'

2020-08-28 13:23:10 - [MESSAGE][PASSED] - Scroll to object 'Object Repository/CERTPAY_QUICKSTI/Payment_Details_Verification_Page/PROCESS' successfully

2020-08-28 13:23:10 - [TEST_STEP][PASSED] - utilities.SafeActions.safeClick(findTestObject("CERTPAY_QUICKSTI/Payment_Details_Verification_Page/PROCESS"), "Process", [pageLoadTime]): Quicksti.ts:Clicked on the Process

2020-08-28 13:23:10 - [MESSAGE][INFO] - safeClicking

2020-08-28 13:23:11 - [MESSAGE][PASSED] - Object 'Object Repository/CERTPAY_QUICKSTI/Payment_Details_Verification_Page/PROCESS' is present

2020-08-28 13:23:11 - [MESSAGE][PASSED] - Object 'Object Repository/CERTPAY_QUICKSTI/Payment_Details_Verification_Page/PROCESS' is clickable

2020-08-28 13:23:17 - [MESSAGE][PASSED] - Object: 'Object Repository/CERTPAY_QUICKSTI/Payment_Details_Verification_Page/PROCESS' is clicked on

2020-08-28 13:23:17 - [MESSAGE][PASSED] - Quicksti.ts:Clicked on the Process

2020-08-28 13:23:17 - [TEST_STEP][PASSED] - PaymentId = pages.Quicksti.verifyPaymentApproval(findTestObject("CERTPAY_QUICKSTI/Payment_Details_Verification_Page/APPROVED")): Payment is approved

2020-08-28 13:23:17 - [MESSAGE][PASSED] - Text of object 'Object Repository/CERTPAY_QUICKSTI/Payment_Details_Verification_Page/PAYMENT_ID' is: '100176102068'

2020-08-28 13:23:17 - [MESSAGE][PASSED] - Object 'Object Repository/CERTPAY_QUICKSTI/Payment_Details_Verification_Page/APPROVED' is present

2020-08-28 13:23:17 - [MESSAGE][PASSED] - Payment is approved

2020-08-28 13:23:19 - [TEST_STEP][PASSED] - navigateToUrl(Reports_url): Navigate to 'https://qa-certpayreports.faps.net/BureauLogin/login.aspx' successfully

2020-08-28 13:23:23 - [MESSAGE][PASSED] - Navigate to 'https://qa-certpayreports.faps.net/BureauLogin/login.aspx' successfully

2020-08-28 13:23:23 - [TEST_STEP][PASSED] - pages.Bureau_Login_Page.loginToReportsSite(userName, password, accessCode): Quicksti.ts:Clicked on the LOGIN

2020-08-28 13:23:23 - [MESSAGE][PASSED] - Object 'Object Repository/MAKE_ PAYMENT/Home_ Page/USER_NAME' is present

2020-08-28 13:23:24 - [MESSAGE][PASSED] - Object 'Object Repository/MAKE_ PAYMENT/Home_ Page/USER_NAME' is visible

2020-08-28 13:23:24 - [MESSAGE][PASSED] - Object 'Object Repository/MAKE_ PAYMENT/Home_ Page/USER_NAME' is present

2020-08-28 13:23:25 - [MESSAGE][PASSED] - Text 'ZenQ' is set on object 'Object Repository/MAKE_ PAYMENT/Home_ Page/USER_NAME'

2020-08-28 13:23:25 - [MESSAGE][PASSED] - Quicksti.ts:Entered'ZenQ into username

2020-08-28 13:23:26 - [MESSAGE][PASSED] - Object 'Object Repository/MAKE_ PAYMENT/Home_ Page/BUREAU_PASSWORD' is present

2020-08-28 13:23:26 - [MESSAGE][PASSED] - Object 'Object Repository/MAKE_ PAYMENT/Home_ Page/BUREAU_PASSWORD' is visible

2020-08-28 13:23:26 - [MESSAGE][PASSED] - Object 'Object Repository/MAKE_ PAYMENT/Home_ Page/BUREAU_PASSWORD' is present

2020-08-28 13:23:28 - [MESSAGE][PASSED] - Text 'Zenq@123' is set on object 'Object Repository/MAKE_ PAYMENT/Home_ Page/BUREAU_PASSWORD'

2020-08-28 13:23:28 - [MESSAGE][PASSED] - Quicksti.ts:Entered'Zenq@123 into password

2020-08-28 13:23:28 - [MESSAGE][PASSED] - Object 'Object Repository/MAKE_ PAYMENT/Home_ Page/BUREAU_ACCESS_CODE' is present

2020-08-28 13:23:28 - [MESSAGE][PASSED] - Object 'Object Repository/MAKE_ PAYMENT/Home_ Page/BUREAU_ACCESS_CODE' is visible

2020-08-28 13:23:29 - [MESSAGE][PASSED] - Object 'Object Repository/MAKE_ PAYMENT/Home_ Page/BUREAU_ACCESS_CODE' is present

2020-08-28 13:23:30 - [MESSAGE][PASSED] - Text 'certpaytest' is set on object 'Object Repository/MAKE_ PAYMENT/Home_ Page/BUREAU_ACCESS_CODE'

2020-08-28 13:23:30 - [MESSAGE][PASSED] - Quicksti.ts:Entered'certpaytest into AccessCode

2020-08-28 13:23:30 - [MESSAGE][INFO] - safeClicking

2020-08-28 13:23:30 - [MESSAGE][PASSED] - Object 'Object Repository/MAKE_ PAYMENT/Home_ Page/LOGIN_BUTTON' is present

2020-08-28 13:23:31 - [MESSAGE][PASSED] - Object 'Object Repository/MAKE_ PAYMENT/Home_ Page/LOGIN_BUTTON' is clickable

2020-08-28 13:23:35 - [MESSAGE][PASSED] - Object: 'Object Repository/MAKE_ PAYMENT/Home_ Page/LOGIN_BUTTON' is clicked on

2020-08-28 13:23:35 - [MESSAGE][PASSED] - Quicksti.ts:Clicked on the LOGIN

2020-08-28 13:23:35 - [TEST_STEP][NOT_RUN] - mouseOver(findTestObject("REPORTS_PAGE/REPORTING")): NOT_RUN: mouseOver(findTestObject("REPORTS_PAGE/REPORTING"))

2020-08-28 13:23:35 - [MESSAGE][NOT_RUN] - NOT_RUN: mouseOver(findTestObject("REPORTS_PAGE/REPORTING"))

2020-08-28 13:23:35 - [TEST_STEP][PASSED] - delay(1): Delayed 1 second(s)

2020-08-28 13:23:36 - [MESSAGE][PASSED] - Delayed 1 second(s)

2020-08-28 13:23:36 - [TEST_STEP][PASSED] - utilities.SafeActions.safeClick(findTestObject("REPORTS_PAGE/REPORTING"), "Reporting", [pageLoadTime]): Quicksti.ts:Clicked on the Reporting

2020-08-28 13:23:36 - [MESSAGE][INFO] - safeClicking

2020-08-28 13:23:36 - [MESSAGE][PASSED] - Object 'Object Repository/REPORTS_PAGE/REPORTING' is present

2020-08-28 13:23:36 - [MESSAGE][PASSED] - Object 'Object Repository/REPORTS_PAGE/REPORTING' is clickable

2020-08-28 13:23:38 - [MESSAGE][PASSED] - Object: 'Object Repository/REPORTS_PAGE/REPORTING' is clicked on

2020-08-28 13:23:38 - [MESSAGE][PASSED] - Quicksti.ts:Clicked on the Reporting

2020-08-28 13:23:38 - [TEST_STEP][PASSED] - utilities.SafeActions.safeClick(findTestObject("REPORTS_PAGE/REPORTING"), "Reporting", [pageLoadTime]): Quicksti.ts:Clicked on the Reporting

2020-08-28 13:23:38 - [MESSAGE][INFO] - safeClicking

2020-08-28 13:23:38 - [MESSAGE][PASSED] - Object 'Object Repository/REPORTS_PAGE/REPORTING' is present

2020-08-28 13:23:38 - [MESSAGE][PASSED] - Object 'Object Repository/REPORTS_PAGE/REPORTING' is clickable

2020-08-28 13:23:39 - [MESSAGE][PASSED] - Object: 'Object Repository/REPORTS_PAGE/REPORTING' is clicked on

2020-08-28 13:23:39 - [MESSAGE][PASSED] - Quicksti.ts:Clicked on the Reporting

2020-08-28 13:23:39 - [TEST_STEP][PASSED] - utilities.SafeActions.safeClick(findTestObject("REPORTS_PAGE/QUICK_FIND_PAYMENT"), "Quick find payment", [pageLoadTime]): Quicksti.ts:Clicked on the Quick find payment

2020-08-28 13:23:40 - [MESSAGE][INFO] - safeClicking

2020-08-28 13:23:40 - [MESSAGE][PASSED] - Object 'Object Repository/REPORTS_PAGE/QUICK_FIND_PAYMENT' is present

2020-08-28 13:23:40 - [MESSAGE][PASSED] - Object 'Object Repository/REPORTS_PAGE/QUICK_FIND_PAYMENT' is clickable

2020-08-28 13:23:43 - [MESSAGE][PASSED] - Object: 'Object Repository/REPORTS_PAGE/QUICK_FIND_PAYMENT' is clicked on

2020-08-28 13:23:43 - [MESSAGE][PASSED] - Quicksti.ts:Clicked on the Quick find payment

2020-08-28 13:23:43 - [TEST_STEP][PASSED] - utilities.SafeActions.safeType(findTestObject("SEARCH_PAYMENT/PAYMENT_ID_INPUT_FIELD"), PaymentId, "Payment id", [pageLoadTime]): Quicksti.ts:Entered'100176102068 into Payment id

2020-08-28 13:23:44 - [MESSAGE][PASSED] - Object 'Object Repository/SEARCH_PAYMENT/PAYMENT_ID_INPUT_FIELD' is present

2020-08-28 13:23:44 - [MESSAGE][PASSED] - Object 'Object Repository/SEARCH_PAYMENT/PAYMENT_ID_INPUT_FIELD' is visible

2020-08-28 13:23:44 - [MESSAGE][PASSED] - Object 'Object Repository/SEARCH_PAYMENT/PAYMENT_ID_INPUT_FIELD' is present

2020-08-28 13:23:46 - [MESSAGE][PASSED] - Text '100176102068' is set on object 'Object Repository/SEARCH_PAYMENT/PAYMENT_ID_INPUT_FIELD'

2020-08-28 13:23:46 - [MESSAGE][PASSED] - Quicksti.ts:Entered'100176102068 into Payment id

2020-08-28 13:23:46 - [TEST_STEP][PASSED] - utilities.SafeActions.safeClick(findTestObject("SEARCH_PAYMENT/SEARCH_BUTTON_1"), "Search button", [pageLoadTime]): Quicksti.ts:Clicked on the Search button

2020-08-28 13:23:46 - [MESSAGE][INFO] - safeClicking

2020-08-28 13:23:46 - [MESSAGE][PASSED] - Object 'Object Repository/SEARCH_PAYMENT/SEARCH_BUTTON_1' is present

2020-08-28 13:23:46 - [MESSAGE][PASSED] - Object 'Object Repository/SEARCH_PAYMENT/SEARCH_BUTTON_1' is clickable

2020-08-28 13:23:48 - [MESSAGE][PASSED] - Object: 'Object Repository/SEARCH_PAYMENT/SEARCH_BUTTON_1' is clicked on

2020-08-28 13:23:48 - [MESSAGE][PASSED] - Quicksti.ts:Clicked on the Search button

2020-08-28 13:23:48 - [TEST_STEP][FAILED] - pages.Search_Page.validateApprovedTransactionsInReports(PaymentId, cardType, amount_Value): com.kms.katalon.core.exception.StepFailedException: Unable to verify match

2020-08-28 13:24:34 - [MESSAGE][INFO] - Unable to find the element located by 'By.xpath: (//table[@class='payDetTable table-hover table-striped table-striped-vert'])[1]//tbody/tr[1]/td[2]'. Please recheck the objects properties to make sure the desired element is located. 

2020-08-28 13:24:35 - [MESSAGE][FAILED] - Unable to get text of object 'Object Repository/SEARCH_PAYMENT/REPORTS_PAYMNET_ID' (Root cause: com.kms.katalon.core.exception.StepFailedException: Unable to get text of object 'Object Repository/SEARCH_PAYMENT/REPORTS_PAYMNET_ID'
	at com.kms.katalon.core.webui.keyword.internal.WebUIKeywordMain.stepFailed(WebUIKeywordMain.groovy:64)
	at com.kms.katalon.core.webui.keyword.internal.WebUIKeywordMain.runKeyword(WebUIKeywordMain.groovy:26)
	at com.kms.katalon.core.webui.keyword.builtin.GetTextKeyword.getText(GetTextKeyword.groovy:88)
	at com.kms.katalon.core.webui.keyword.builtin.GetTextKeyword.execute(GetTextKeyword.groovy:67)
	at com.kms.katalon.core.keyword.internal.KeywordExecutor.executeKeywordForPlatform(KeywordExecutor.groovy:72)
	at com.kms.katalon.core.webui.keyword.WebUiBuiltInKeywords.getText(WebUiBuiltInKeywords.groovy:888)
	at com.kms.katalon.core.webui.keyword.WebUiBuiltInKeywords$getText$10.call(Unknown Source)
	at pages.Search_Page.validateApprovedTransactionsInReports(Search_Page.groovy:89)
	at pages.Search_Page.invokeMethod(Search_Page.groovy)
	at com.kms.katalon.core.main.CustomKeywordDelegatingMetaClass.invokeStaticMethod(CustomKeywordDelegatingMetaClass.java:50)
	at TC_004_MultiBureauSite_MultiBureaus_SingleLinePayment.run(TC_004_MultiBureauSite_MultiBureaus_SingleLinePayment:149)
	at com.kms.katalon.core.main.ScriptEngine.run(ScriptEngine.java:194)
	at com.kms.katalon.core.main.ScriptEngine.runScriptAsRawText(ScriptEngine.java:119)
	at com.kms.katalon.core.main.TestCaseExecutor.runScript(TestCaseExecutor.java:337)
	at com.kms.katalon.core.main.TestCaseExecutor.doExecute(TestCaseExecutor.java:328)
	at com.kms.katalon.core.main.TestCaseExecutor.processExecutionPhase(TestCaseExecutor.java:307)
	at com.kms.katalon.core.main.TestCaseExecutor.accessMainPhase(TestCaseExecutor.java:299)
	at com.kms.katalon.core.main.TestCaseExecutor.execute(TestCaseExecutor.java:233)
	at com.kms.katalon.core.main.TestSuiteExecutor.accessTestCaseMainPhase(TestSuiteExecutor.java:169)
	at com.kms.katalon.core.main.TestSuiteExecutor.accessTestSuiteMainPhase(TestSuiteExecutor.java:142)
	at com.kms.katalon.core.main.TestSuiteExecutor.execute(TestSuiteExecutor.java:91)
	at com.kms.katalon.core.main.TestCaseMain.startTestSuite(TestCaseMain.java:157)
	at com.kms.katalon.core.main.TestCaseMain$startTestSuite$0.call(Unknown Source)
	at TempTestSuite1598599635439.run(TempTestSuite1598599635439.groovy:36)
Caused by: com.kms.katalon.core.webui.exception.WebElementNotFoundException: Web element with id: 'Object Repository/SEARCH_PAYMENT/REPORTS_PAYMNET_ID' located by 'By.xpath: (//table[@class='payDetTable table-hover table-striped table-striped-vert'])[1]//tbody/tr[1]/td[2]' not found
	at com.kms.katalon.core.webui.common.WebUiCommonHelper.findWebElement(WebUiCommonHelper.java:1154)
	at com.kms.katalon.core.webui.keyword.internal.WebUIAbstractKeyword.findWebElement(WebUIAbstractKeyword.groovy:27)
	at com.kms.katalon.core.webui.keyword.internal.WebUIAbstractKeyword.findWebElement(WebUIAbstractKeyword.groovy:26)
	at com.kms.katalon.core.webui.keyword.builtin.GetTextKeyword$_getText_closure1.doCall(GetTextKeyword.groovy:78)
	at com.kms.katalon.core.webui.keyword.builtin.GetTextKeyword$_getText_closure1.call(GetTextKeyword.groovy)
	at com.kms.katalon.core.webui.keyword.internal.WebUIKeywordMain.runKeyword(WebUIKeywordMain.groovy:20)
	at com.kms.katalon.core.webui.keyword.builtin.GetTextKeyword.getText(GetTextKeyword.groovy:88)
	at com.kms.katalon.core.webui.keyword.builtin.GetTextKeyword.execute(GetTextKeyword.groovy:67)
	at com.kms.katalon.core.keyword.internal.KeywordExecutor.executeKeywordForPlatform(KeywordExecutor.groovy:72)
	at com.kms.katalon.core.webui.keyword.WebUiBuiltInKeywords.getText(WebUiBuiltInKeywords.groovy:888)
	at com.kms.katalon.core.webui.keyword.WebUiBuiltInKeywords$getText$10.call(Unknown Source)
	at pages.Search_Page.validateApprovedTransactionsInReports(Search_Page.groovy:89)
	at pages.Search_Page.invokeMethod(Search_Page.groovy)
	at com.kms.katalon.core.main.CustomKeywordDelegatingMetaClass.invokeStaticMethod(CustomKeywordDelegatingMetaClass.java:50)
	at Script1572264750878.run(Script1572264750878.groovy:149)
	... 13 more
)
[[ATTACHMENT|C:\\Users\\admin\\git\\Sush_Certpay\\Reports\\20200828_125714\\Certpay_testSuite\\Quicksti\\20200828_125715\\1598601274958.png]]

2020-08-28 13:24:35 - [MESSAGE][FAILED] - Unable to verify match

2020-08-28 13:24:35 - [MESSAGE][FAILED] - com.kms.katalon.core.exception.StepFailedException: Unable to verify match

2020-08-28 13:24:35 - [TEST_STEP][PASSED] - firstName = data.getValue("FirstName", index): null

2020-08-28 13:24:35 - [TEST_STEP][PASSED] - lastName = data.getValue("LastName", index): null

2020-08-28 13:24:35 - [TEST_STEP][PASSED] - expMonth = data.getValue("ExpMonth", index): null

2020-08-28 13:24:35 - [TEST_STEP][PASSED] - expYear = data.getValue("ExpYear", index): null

2020-08-28 13:24:35 - [TEST_STEP][PASSED] - securityCode = data.getValue("SecurityCode", index): null

2020-08-28 13:24:35 - [TEST_STEP][PASSED] - paymentAmount = data.getValue("PaymentAmount", index): null

2020-08-28 13:24:35 - [TEST_STEP][PASSED] - paymentType = data.getValue("PaymentType", index): null

2020-08-28 13:24:35 - [TEST_STEP][PASSED] - quantity = data.getValue("Quantity", index): null

2020-08-28 13:24:35 - [TEST_STEP][PASSED] - comments = data.getValue("Comments", index): null

2020-08-28 13:24:35 - [TEST_STEP][PASSED] - referenceNum = data.getValue("ReferenceNum", index): null

2020-08-28 13:24:35 - [TEST_STEP][PASSED] - address = data.getValue("Address", index): null

2020-08-28 13:24:35 - [TEST_STEP][PASSED] - zipCode = data.getValue("Zipcode", index): null

2020-08-28 13:24:35 - [TEST_STEP][PASSED] - telephone = data.getValue("Telephone", index): null

2020-08-28 13:24:35 - [TEST_STEP][PASSED] - emailAddress = data.getValue("EmailAddress", index): null

2020-08-28 13:24:35 - [TEST_STEP][PASSED] - cardNum = data.getValue("CardNumber", index): null

2020-08-28 13:24:35 - [TEST_STEP][PASSED] - cardType = data.getValue("CardType", index): null

2020-08-28 13:24:35 - [TEST_STEP][PASSED] - utilities.SafeActions.openBrowser(Quicksti_Url, [pageLoadTime]): Browser launched successfully

2020-08-28 13:24:35 - [MESSAGE][INFO] - Opening Browser

2020-08-28 13:24:35 - [MESSAGE][WARNING] - A browser is already opened. Closing browser and opening a new one

2020-08-28 13:24:36 - [MESSAGE][INFO] - Starting 'Chrome' driver

2020-08-28 13:24:46 - [MESSAGE][PASSED] - Browser is opened with url: 'https://qa-certpayquicksti.faps.net/'

2020-08-28 13:24:48 - [MESSAGE][PASSED] - Current window maximized

2020-08-28 13:24:48 - [MESSAGE][PASSED] - Browser launched successfully

2020-08-28 13:24:48 - [TEST_STEP][PASSED] - utilities.SafeActions.safeCheck(findTestObject("CERTPAY_QUICKSTI/Login_ Page/MULTI_BUREAU_CHECKBOX"), "Multi Bureau", [pageLoadTime]): Quicksti.ts:Checkbox 'Multi Bureau'is selected

2020-08-28 13:24:48 - [MESSAGE][PASSED] - Object 'Object Repository/CERTPAY_QUICKSTI/Login_ Page/MULTI_BUREAU_CHECKBOX' is present

2020-08-28 13:24:49 - [MESSAGE][PASSED] - Object 'Object Repository/CERTPAY_QUICKSTI/Login_ Page/MULTI_BUREAU_CHECKBOX' is present

2020-08-28 13:24:51 - [MESSAGE][PASSED] - Object: 'Object Repository/CERTPAY_QUICKSTI/Login_ Page/MULTI_BUREAU_CHECKBOX' is clicked on

2020-08-28 13:24:51 - [MESSAGE][PASSED] - Quicksti.ts:Checkbox 'Multi Bureau'is selected

2020-08-28 13:24:51 - [TEST_STEP][PASSED] - utilities.SafeActions.safeType(findTestObject("CERTPAY_QUICKSTI/Login_ Page/TELLER_ID"), teller_id, "Bureau code", [pageLoadTime]): Quicksti.ts:Entered'zenq into Bureau code

2020-08-28 13:24:52 - [MESSAGE][PASSED] - Object 'Object Repository/CERTPAY_QUICKSTI/Login_ Page/TELLER_ID' is present

2020-08-28 13:24:52 - [MESSAGE][PASSED] - Object 'Object Repository/CERTPAY_QUICKSTI/Login_ Page/TELLER_ID' is visible

2020-08-28 13:24:53 - [MESSAGE][PASSED] - Object 'Object Repository/CERTPAY_QUICKSTI/Login_ Page/TELLER_ID' is present

2020-08-28 13:24:54 - [MESSAGE][PASSED] - Text 'zenq' is set on object 'Object Repository/CERTPAY_QUICKSTI/Login_ Page/TELLER_ID'

2020-08-28 13:24:54 - [MESSAGE][PASSED] - Quicksti.ts:Entered'zenq into Bureau code

2020-08-28 13:24:54 - [TEST_STEP][PASSED] - utilities.SafeActions.safeClick(findTestObject("CERTPAY_QUICKSTI/Login_ Page/NEXT_BUTTON"), "Next button", [pageLoadTime]): Quicksti.ts:Clicked on the Next button

2020-08-28 13:24:54 - [MESSAGE][INFO] - safeClicking

2020-08-28 13:24:54 - [MESSAGE][PASSED] - Object 'Object Repository/CERTPAY_QUICKSTI/Login_ Page/NEXT_BUTTON' is present

2020-08-28 13:24:54 - [MESSAGE][PASSED] - Object 'Object Repository/CERTPAY_QUICKSTI/Login_ Page/NEXT_BUTTON' is clickable

2020-08-28 13:24:59 - [MESSAGE][PASSED] - Object: 'Object Repository/CERTPAY_QUICKSTI/Login_ Page/NEXT_BUTTON' is clicked on

2020-08-28 13:24:59 - [MESSAGE][PASSED] - Quicksti.ts:Clicked on the Next button

2020-08-28 13:24:59 - [TEST_STEP][PASSED] - pages.Quicksti.setCommnets("0", "0", comments): Quicksti.ts:Entered'Testing into Comments

2020-08-28 13:25:00 - [MESSAGE][PASSED] - Object '' is present

2020-08-28 13:25:00 - [MESSAGE][PASSED] - Object '' is visible

2020-08-28 13:25:00 - [MESSAGE][PASSED] - Object '' is present

2020-08-28 13:25:02 - [MESSAGE][PASSED] - Text 'Testing' is set on object ''

2020-08-28 13:25:02 - [MESSAGE][PASSED] - Quicksti.ts:Entered'Testing into Comments

2020-08-28 13:25:02 - [TEST_STEP][PASSED] - utilities.SafeActions.safeType(findTestObject("CERTPAY_QUICKSTI/Payment_Information_Page/PAYMENT_AMOUNT"), paymentAmount, "Payment Amount", [pageLoadTime]): Quicksti.ts:Entered'25.00 into Payment Amount

2020-08-28 13:25:02 - [MESSAGE][PASSED] - Object 'Object Repository/CERTPAY_QUICKSTI/Payment_Information_Page/PAYMENT_AMOUNT' is present

2020-08-28 13:25:02 - [MESSAGE][PASSED] - Object 'Object Repository/CERTPAY_QUICKSTI/Payment_Information_Page/PAYMENT_AMOUNT' is visible

2020-08-28 13:25:03 - [MESSAGE][PASSED] - Object 'Object Repository/CERTPAY_QUICKSTI/Payment_Information_Page/PAYMENT_AMOUNT' is present

2020-08-28 13:25:04 - [MESSAGE][PASSED] - Text '25.00' is set on object 'Object Repository/CERTPAY_QUICKSTI/Payment_Information_Page/PAYMENT_AMOUNT'

2020-08-28 13:25:04 - [MESSAGE][PASSED] - Quicksti.ts:Entered'25.00 into Payment Amount

2020-08-28 13:25:04 - [TEST_STEP][PASSED] - pages.Quicksti.setAmountDetailsForMultiBureau("0", paymentType, "0", referenceNum, quantity): Quicksti.ts:Entered'2 into Quntity

2020-08-28 13:25:05 - [MESSAGE][PASSED] - Object '' is visible

2020-08-28 13:25:05 - [MESSAGE][PASSED] - Object '' is present

2020-08-28 13:25:06 - [MESSAGE][PASSED] - Object: '' is clicked on

2020-08-28 13:25:08 - [MESSAGE][PASSED] - All options with label 'Gifts' are selected in object ''  using regular expression

2020-08-28 13:25:08 - [MESSAGE][PASSED] - selected dropdown option by visible text  Giftsfrom Payment Type

2020-08-28 13:25:08 - [MESSAGE][PASSED] - Object '' is present

2020-08-28 13:25:08 - [MESSAGE][PASSED] - Object '' is visible

2020-08-28 13:25:09 - [MESSAGE][PASSED] - Object '' is present

2020-08-28 13:25:10 - [MESSAGE][PASSED] - Text '12' is set on object ''

2020-08-28 13:25:10 - [MESSAGE][PASSED] - Quicksti.ts:Entered'12 into RefrenceNumber

2020-08-28 13:25:10 - [MESSAGE][PASSED] - Object '' is present

2020-08-28 13:25:11 - [MESSAGE][PASSED] - Object '' is visible

2020-08-28 13:25:11 - [MESSAGE][PASSED] - Object '' is present

2020-08-28 13:25:12 - [MESSAGE][PASSED] - Text '2' is set on object ''

2020-08-28 13:25:12 - [MESSAGE][PASSED] - Quicksti.ts:Entered'2 into Quntity

2020-08-28 13:25:12 - [TEST_STEP][PASSED] - utilities.SafeActions.safeType(findTestObject("CERTPAY_QUICKSTI/Payment_Information_Page/MULTIBUREAU_PAYMENT_AMOUNT"), paymentAmount, "Payment Amount", [pageLoadTime]): Quicksti.ts:Entered'25.00 into Payment Amount

2020-08-28 13:25:13 - [MESSAGE][PASSED] - Object 'Object Repository/CERTPAY_QUICKSTI/Payment_Information_Page/MULTIBUREAU_PAYMENT_AMOUNT' is present

2020-08-28 13:25:13 - [MESSAGE][PASSED] - Object 'Object Repository/CERTPAY_QUICKSTI/Payment_Information_Page/MULTIBUREAU_PAYMENT_AMOUNT' is visible

2020-08-28 13:25:13 - [MESSAGE][PASSED] - Object 'Object Repository/CERTPAY_QUICKSTI/Payment_Information_Page/MULTIBUREAU_PAYMENT_AMOUNT' is present

2020-08-28 13:25:15 - [MESSAGE][PASSED] - Text '25.00' is set on object 'Object Repository/CERTPAY_QUICKSTI/Payment_Information_Page/MULTIBUREAU_PAYMENT_AMOUNT'

2020-08-28 13:25:15 - [MESSAGE][PASSED] - Quicksti.ts:Entered'25.00 into Payment Amount

2020-08-28 13:25:15 - [TEST_STEP][PASSED] - pages.Quicksti.setAmountDetailsForMultiBureau("0", "Registration Fees", "1", referenceNum, quantity): Quicksti.ts:Entered'2 into Quntity

2020-08-28 13:25:15 - [MESSAGE][PASSED] - Object '' is visible

2020-08-28 13:25:16 - [MESSAGE][PASSED] - Object '' is present

2020-08-28 13:25:17 - [MESSAGE][PASSED] - Object: '' is clicked on

2020-08-28 13:25:18 - [MESSAGE][PASSED] - All options with label 'Registration Fees' are selected in object ''  using regular expression

2020-08-28 13:25:18 - [MESSAGE][PASSED] - selected dropdown option by visible text  Registration Feesfrom Payment Type

2020-08-28 13:25:18 - [MESSAGE][PASSED] - Object '' is present

2020-08-28 13:25:19 - [MESSAGE][PASSED] - Object '' is visible

2020-08-28 13:25:19 - [MESSAGE][PASSED] - Object '' is present

2020-08-28 13:25:20 - [MESSAGE][PASSED] - Text '12' is set on object ''

2020-08-28 13:25:20 - [MESSAGE][PASSED] - Quicksti.ts:Entered'12 into RefrenceNumber

2020-08-28 13:25:21 - [MESSAGE][PASSED] - Object '' is present

2020-08-28 13:25:21 - [MESSAGE][PASSED] - Object '' is visible

2020-08-28 13:25:21 - [MESSAGE][PASSED] - Object '' is present

2020-08-28 13:25:23 - [MESSAGE][PASSED] - Text '2' is set on object ''

2020-08-28 13:25:23 - [MESSAGE][PASSED] - Quicksti.ts:Entered'2 into Quntity

2020-08-28 13:25:23 - [TEST_STEP][PASSED] - utilities.SafeActions.safeType(findTestObject("CERTPAY_QUICKSTI/Payment_Information_Page/MULTIBUREAU_PAY_AMOUNT2"), paymentAmount, "Payment Amount", [pageLoadTime]): Quicksti.ts:Entered'25.00 into Payment Amount

2020-08-28 13:25:23 - [MESSAGE][PASSED] - Object 'Object Repository/CERTPAY_QUICKSTI/Payment_Information_Page/MULTIBUREAU_PAY_AMOUNT2' is present

2020-08-28 13:25:23 - [MESSAGE][PASSED] - Object 'Object Repository/CERTPAY_QUICKSTI/Payment_Information_Page/MULTIBUREAU_PAY_AMOUNT2' is visible

2020-08-28 13:25:24 - [MESSAGE][PASSED] - Object 'Object Repository/CERTPAY_QUICKSTI/Payment_Information_Page/MULTIBUREAU_PAY_AMOUNT2' is present

2020-08-28 13:25:25 - [MESSAGE][PASSED] - Text '25.00' is set on object 'Object Repository/CERTPAY_QUICKSTI/Payment_Information_Page/MULTIBUREAU_PAY_AMOUNT2'

2020-08-28 13:25:25 - [MESSAGE][PASSED] - Quicksti.ts:Entered'25.00 into Payment Amount

2020-08-28 13:25:25 - [TEST_STEP][PASSED] - pages.Quicksti.setCommnets("2", "0", "Tester"): Quicksti.ts:Entered'Tester into Comments

2020-08-28 13:25:25 - [MESSAGE][PASSED] - Object '' is present

2020-08-28 13:25:26 - [MESSAGE][PASSED] - Object '' is visible

2020-08-28 13:25:26 - [MESSAGE][PASSED] - Object '' is present

2020-08-28 13:25:27 - [MESSAGE][PASSED] - Text 'Tester' is set on object ''

2020-08-28 13:25:27 - [MESSAGE][PASSED] - Quicksti.ts:Entered'Tester into Comments

2020-08-28 13:25:27 - [TEST_STEP][PASSED] - pages.Quicksti.setAmountDetailsForMultiBureau("0", "Vehicles", "2", referenceNum, quantity): Quicksti.ts:Entered'2 into Quntity

2020-08-28 13:25:28 - [MESSAGE][PASSED] - Object '' is visible

2020-08-28 13:25:28 - [MESSAGE][PASSED] - Object '' is present

2020-08-28 13:25:29 - [MESSAGE][PASSED] - Object: '' is clicked on

2020-08-28 13:25:30 - [MESSAGE][PASSED] - All options with label 'Vehicles' are selected in object ''  using regular expression

2020-08-28 13:25:30 - [MESSAGE][PASSED] - selected dropdown option by visible text  Vehiclesfrom Payment Type

2020-08-28 13:25:31 - [MESSAGE][PASSED] - Object '' is present

2020-08-28 13:25:31 - [MESSAGE][PASSED] - Object '' is visible

2020-08-28 13:25:31 - [MESSAGE][PASSED] - Object '' is present

2020-08-28 13:25:33 - [MESSAGE][PASSED] - Text '12' is set on object ''

2020-08-28 13:25:33 - [MESSAGE][PASSED] - Quicksti.ts:Entered'12 into RefrenceNumber

2020-08-28 13:25:33 - [MESSAGE][PASSED] - Object '' is present

2020-08-28 13:25:34 - [MESSAGE][PASSED] - Object '' is visible

2020-08-28 13:25:34 - [MESSAGE][PASSED] - Object '' is present

2020-08-28 13:25:35 - [MESSAGE][PASSED] - Text '2' is set on object ''

2020-08-28 13:25:35 - [MESSAGE][PASSED] - Quicksti.ts:Entered'2 into Quntity

2020-08-28 13:25:35 - [TEST_STEP][PASSED] - utilities.SafeActions.safeClick(findTestObject("CERTPAY_QUICKSTI/Payment_Information_Page/MANUAL_ENTRY_BUTTON"), "ManualEntry", [pageLoadTime]): Quicksti.ts:Clicked on the ManualEntry

2020-08-28 13:25:35 - [MESSAGE][INFO] - safeClicking

2020-08-28 13:25:36 - [MESSAGE][PASSED] - Object 'Object Repository/CERTPAY_QUICKSTI/Payment_Information_Page/MANUAL_ENTRY_BUTTON' is present

2020-08-28 13:25:36 - [MESSAGE][PASSED] - Object 'Object Repository/CERTPAY_QUICKSTI/Payment_Information_Page/MANUAL_ENTRY_BUTTON' is clickable

2020-08-28 13:25:41 - [MESSAGE][PASSED] - Object: 'Object Repository/CERTPAY_QUICKSTI/Payment_Information_Page/MANUAL_ENTRY_BUTTON' is clicked on

2020-08-28 13:25:41 - [MESSAGE][PASSED] - Quicksti.ts:Clicked on the ManualEntry

2020-08-28 13:25:41 - [TEST_STEP][PASSED] - amount_Value = pages.Quicksti.getAttributeValue(findTestObject("CERTPAY_QUICKSTI/Payment_Information_Page/SUB_TOTAL")): pages.Quicksti.getAttributeValue is PASSED

2020-08-28 13:25:41 - [MESSAGE][PASSED] - Attribute 'value' of object 'Object Repository/CERTPAY_QUICKSTI/Payment_Information_Page/SUB_TOTAL' is: '50.00'

2020-08-28 13:25:41 - [MESSAGE][PASSED] - pages.Quicksti.getAttributeValue is PASSED

2020-08-28 13:25:41 - [TEST_STEP][PASSED] - CardNumber = pages.Quicksti.setUserPaymentDetails(firstName, lastName, cardNum): Quicksti.ts:Entered'5154623208647646 into CardNum

2020-08-28 13:25:42 - [MESSAGE][PASSED] - Object 'Object Repository/CERTPAY_QUICKSTI/Payment_Information_Page/FIRST_NAME' is present

2020-08-28 13:25:42 - [MESSAGE][PASSED] - Object 'Object Repository/CERTPAY_QUICKSTI/Payment_Information_Page/FIRST_NAME' is visible

2020-08-28 13:25:42 - [MESSAGE][PASSED] - Object 'Object Repository/CERTPAY_QUICKSTI/Payment_Information_Page/FIRST_NAME' is present

2020-08-28 13:25:44 - [MESSAGE][PASSED] - Text 'Venkata' is set on object 'Object Repository/CERTPAY_QUICKSTI/Payment_Information_Page/FIRST_NAME'

2020-08-28 13:25:44 - [MESSAGE][PASSED] - Quicksti.ts:Entered'Venkata into FirstName

2020-08-28 13:25:44 - [MESSAGE][PASSED] - Object 'Object Repository/CERTPAY_QUICKSTI/Payment_Information_Page/LAST_NAME' is present

2020-08-28 13:25:45 - [MESSAGE][PASSED] - Object 'Object Repository/CERTPAY_QUICKSTI/Payment_Information_Page/LAST_NAME' is visible

2020-08-28 13:25:45 - [MESSAGE][PASSED] - Object 'Object Repository/CERTPAY_QUICKSTI/Payment_Information_Page/LAST_NAME' is present

2020-08-28 13:25:47 - [MESSAGE][PASSED] - Text 'Annam' is set on object 'Object Repository/CERTPAY_QUICKSTI/Payment_Information_Page/LAST_NAME'

2020-08-28 13:25:47 - [MESSAGE][PASSED] - Quicksti.ts:Entered'Annam into LAstName

2020-08-28 13:25:47 - [MESSAGE][PASSED] - Object 'Object Repository/CERTPAY_QUICKSTI/Payment_Information_Page/CARD_NUMBER' is present

2020-08-28 13:25:48 - [MESSAGE][PASSED] - Object 'Object Repository/CERTPAY_QUICKSTI/Payment_Information_Page/CARD_NUMBER' is visible

2020-08-28 13:25:48 - [MESSAGE][PASSED] - Object 'Object Repository/CERTPAY_QUICKSTI/Payment_Information_Page/CARD_NUMBER' is present

2020-08-28 13:25:50 - [MESSAGE][PASSED] - Text '5154623208647646' is set on object 'Object Repository/CERTPAY_QUICKSTI/Payment_Information_Page/CARD_NUMBER'

2020-08-28 13:25:50 - [MESSAGE][PASSED] - Quicksti.ts:Entered'5154623208647646 into CardNum

2020-08-28 13:25:50 - [TEST_STEP][PASSED] - pages.Quicksti.setExpDate(expMonth, expYear, securityCode): Quicksti.ts:Entered'207 into securityCode

2020-08-28 13:25:50 - [MESSAGE][PASSED] - Object 'Object Repository/CERTPAY_QUICKSTI/Payment_Information_Page/EXP_MONTH' is visible

2020-08-28 13:25:50 - [MESSAGE][PASSED] - Object 'Object Repository/CERTPAY_QUICKSTI/Payment_Information_Page/EXP_MONTH' is present

2020-08-28 13:25:52 - [MESSAGE][PASSED] - Object: 'Object Repository/CERTPAY_QUICKSTI/Payment_Information_Page/EXP_MONTH' is clicked on

2020-08-28 13:25:53 - [MESSAGE][PASSED] - All options with label '04' are selected in object 'Object Repository/CERTPAY_QUICKSTI/Payment_Information_Page/EXP_MONTH'  using regular expression

2020-08-28 13:25:53 - [MESSAGE][PASSED] - selected dropdown option by visible text  04from expMonth

2020-08-28 13:25:54 - [MESSAGE][PASSED] - Object 'Object Repository/CERTPAY_QUICKSTI/Payment_Information_Page/EXP_YEAR' is visible

2020-08-28 13:25:54 - [MESSAGE][PASSED] - Object 'Object Repository/CERTPAY_QUICKSTI/Payment_Information_Page/EXP_YEAR' is present

2020-08-28 13:25:55 - [MESSAGE][PASSED] - Object: 'Object Repository/CERTPAY_QUICKSTI/Payment_Information_Page/EXP_YEAR' is clicked on

2020-08-28 13:25:57 - [MESSAGE][PASSED] - All options with label '2023' are selected in object 'Object Repository/CERTPAY_QUICKSTI/Payment_Information_Page/EXP_YEAR'  using regular expression

2020-08-28 13:25:57 - [MESSAGE][PASSED] - selected dropdown option by visible text  2023from  expYear

2020-08-28 13:25:57 - [MESSAGE][PASSED] - Object 'Object Repository/CERTPAY_QUICKSTI/Payment_Information_Page/SECURITY_CODE' is present

2020-08-28 13:25:58 - [MESSAGE][PASSED] - Object 'Object Repository/CERTPAY_QUICKSTI/Payment_Information_Page/SECURITY_CODE' is visible

2020-08-28 13:25:58 - [MESSAGE][PASSED] - Object 'Object Repository/CERTPAY_QUICKSTI/Payment_Information_Page/SECURITY_CODE' is present

2020-08-28 13:25:59 - [MESSAGE][PASSED] - Text '207' is set on object 'Object Repository/CERTPAY_QUICKSTI/Payment_Information_Page/SECURITY_CODE'

2020-08-28 13:25:59 - [MESSAGE][PASSED] - Quicksti.ts:Entered'207 into securityCode

2020-08-28 13:25:59 - [TEST_STEP][PASSED] - utilities.SafeActions.safeType(findTestObject("CERTPAY_QUICKSTI/Payment_Information_Page/ADDRESS"), address, "Address", [pageLoadTime]): Quicksti.ts:Entered'14-2 into Address

2020-08-28 13:26:00 - [MESSAGE][PASSED] - Object 'Object Repository/CERTPAY_QUICKSTI/Payment_Information_Page/ADDRESS' is present

2020-08-28 13:26:00 - [MESSAGE][PASSED] - Object 'Object Repository/CERTPAY_QUICKSTI/Payment_Information_Page/ADDRESS' is visible

2020-08-28 13:26:00 - [MESSAGE][PASSED] - Object 'Object Repository/CERTPAY_QUICKSTI/Payment_Information_Page/ADDRESS' is present

2020-08-28 13:26:01 - [MESSAGE][PASSED] - Text '14-2' is set on object 'Object Repository/CERTPAY_QUICKSTI/Payment_Information_Page/ADDRESS'

2020-08-28 13:26:01 - [MESSAGE][PASSED] - Quicksti.ts:Entered'14-2 into Address

2020-08-28 13:26:01 - [TEST_STEP][PASSED] - utilities.SafeActions.safeType(findTestObject("CERTPAY_QUICKSTI/Payment_Information_Page/ZIP_CODE"), zipCode, "zipcode", [pageLoadTime]): Quicksti.ts:Entered'76102 into zipcode

2020-08-28 13:26:02 - [MESSAGE][PASSED] - Object 'Object Repository/CERTPAY_QUICKSTI/Payment_Information_Page/ZIP_CODE' is present

2020-08-28 13:26:02 - [MESSAGE][PASSED] - Object 'Object Repository/CERTPAY_QUICKSTI/Payment_Information_Page/ZIP_CODE' is visible

2020-08-28 13:26:02 - [MESSAGE][PASSED] - Object 'Object Repository/CERTPAY_QUICKSTI/Payment_Information_Page/ZIP_CODE' is present

2020-08-28 13:26:04 - [MESSAGE][PASSED] - Text '76102' is set on object 'Object Repository/CERTPAY_QUICKSTI/Payment_Information_Page/ZIP_CODE'

2020-08-28 13:26:04 - [MESSAGE][PASSED] - Quicksti.ts:Entered'76102 into zipcode

2020-08-28 13:26:04 - [TEST_STEP][PASSED] - utilities.SafeActions.safeType(findTestObject("CERTPAY_QUICKSTI/Payment_Information_Page/TELEPHONE"), telephone, "Telephone", [pageLoadTime]): Quicksti.ts:Entered'9989897654 into Telephone

2020-08-28 13:26:04 - [MESSAGE][PASSED] - Object 'Object Repository/CERTPAY_QUICKSTI/Payment_Information_Page/TELEPHONE' is present

2020-08-28 13:26:04 - [MESSAGE][PASSED] - Object 'Object Repository/CERTPAY_QUICKSTI/Payment_Information_Page/TELEPHONE' is visible

2020-08-28 13:26:05 - [MESSAGE][PASSED] - Object 'Object Repository/CERTPAY_QUICKSTI/Payment_Information_Page/TELEPHONE' is present

2020-08-28 13:26:06 - [MESSAGE][PASSED] - Text '9989897654' is set on object 'Object Repository/CERTPAY_QUICKSTI/Payment_Information_Page/TELEPHONE'

2020-08-28 13:26:06 - [MESSAGE][PASSED] - Quicksti.ts:Entered'9989897654 into Telephone

2020-08-28 13:26:06 - [TEST_STEP][PASSED] - utilities.SafeActions.safeType(findTestObject("CERTPAY_QUICKSTI/Payment_Information_Page/EMAIL_ADDRESS"), emailAddress, "EMAIL address", [pageLoadTime]): Quicksti.ts:Entered'testing@zenq.com into EMAIL address

2020-08-28 13:26:07 - [MESSAGE][PASSED] - Object 'Object Repository/CERTPAY_QUICKSTI/Payment_Information_Page/EMAIL_ADDRESS' is present

2020-08-28 13:26:07 - [MESSAGE][PASSED] - Object 'Object Repository/CERTPAY_QUICKSTI/Payment_Information_Page/EMAIL_ADDRESS' is visible

2020-08-28 13:26:07 - [MESSAGE][PASSED] - Object 'Object Repository/CERTPAY_QUICKSTI/Payment_Information_Page/EMAIL_ADDRESS' is present

2020-08-28 13:26:09 - [MESSAGE][PASSED] - Text 'testing@zenq.com' is set on object 'Object Repository/CERTPAY_QUICKSTI/Payment_Information_Page/EMAIL_ADDRESS'

2020-08-28 13:26:09 - [MESSAGE][PASSED] - Quicksti.ts:Entered'testing@zenq.com into EMAIL address

2020-08-28 13:26:09 - [TEST_STEP][PASSED] - utilities.SafeActions.safeClick(findTestObject("CERTPAY_QUICKSTI/Payment_Information_Page/NEXT_BUTTON"), "Next", [pageLoadTime]): Quicksti.ts:Clicked on the Next

2020-08-28 13:26:09 - [MESSAGE][INFO] - safeClicking

2020-08-28 13:26:09 - [MESSAGE][PASSED] - Object 'Object Repository/CERTPAY_QUICKSTI/Payment_Information_Page/NEXT_BUTTON' is present

2020-08-28 13:26:10 - [MESSAGE][PASSED] - Object 'Object Repository/CERTPAY_QUICKSTI/Payment_Information_Page/NEXT_BUTTON' is clickable

2020-08-28 13:26:13 - [MESSAGE][PASSED] - Object: 'Object Repository/CERTPAY_QUICKSTI/Payment_Information_Page/NEXT_BUTTON' is clicked on

2020-08-28 13:26:13 - [MESSAGE][PASSED] - Quicksti.ts:Clicked on the Next

2020-08-28 13:26:13 - [TEST_STEP][PASSED] - pages.Quicksti.verifyUserPaymentDetails(paymentAmount, firstName, lastName, CardNumber): pages.Quicksti.verifyUserPaymentDetails is PASSED

2020-08-28 13:26:13 - [MESSAGE][PASSED] - Text of object 'Object Repository/CERTPAY_QUICKSTI/Payment_Details_Verification_Page/AMOUNT' is: '$25.00'

2020-08-28 13:26:13 - [MESSAGE][PASSED] - Actual text '25.00' and expected text '25.00' are matched  using regular expression

2020-08-28 13:26:14 - [MESSAGE][PASSED] - Text of object 'Object Repository/CERTPAY_QUICKSTI/Payment_Details_Verification_Page/NAME' is: 'Venkata Annam'

2020-08-28 13:26:14 - [MESSAGE][PASSED] - Actual text 'Venkata Annam' and expected text 'Venkata Annam' are matched  using regular expression

2020-08-28 13:26:14 - [MESSAGE][PASSED] - Text of object 'Object Repository/CERTPAY_QUICKSTI/Payment_Details_Verification_Page/CARD_NUMBER' is: '...7646'

2020-08-28 13:26:14 - [MESSAGE][PASSED] - Actual text '7646' and expected text '7646' are matched  using regular expression

2020-08-28 13:26:14 - [MESSAGE][PASSED] - pages.Quicksti.verifyUserPaymentDetails is PASSED

2020-08-28 13:26:14 - [TEST_STEP][PASSED] - delay(2): Delayed 2 second(s)

2020-08-28 13:26:16 - [MESSAGE][PASSED] - Delayed 2 second(s)

2020-08-28 13:26:16 - [TEST_STEP][PASSED] - scrollToElement(findTestObject("CERTPAY_QUICKSTI/Payment_Details_Verification_Page/PROCESS"), 0): Scroll to object 'Object Repository/CERTPAY_QUICKSTI/Payment_Details_Verification_Page/PROCESS' successfully

2020-08-28 13:26:16 - [MESSAGE][WARNING] - Timeout '0' is invalid. Using default page load timeout: '30'

2020-08-28 13:26:17 - [MESSAGE][PASSED] - Scroll to object 'Object Repository/CERTPAY_QUICKSTI/Payment_Details_Verification_Page/PROCESS' successfully

2020-08-28 13:26:17 - [TEST_STEP][PASSED] - utilities.SafeActions.safeClick(findTestObject("CERTPAY_QUICKSTI/Payment_Details_Verification_Page/PROCESS"), "Process", [pageLoadTime]): Quicksti.ts:Clicked on the Process

2020-08-28 13:26:17 - [MESSAGE][INFO] - safeClicking

2020-08-28 13:26:17 - [MESSAGE][PASSED] - Object 'Object Repository/CERTPAY_QUICKSTI/Payment_Details_Verification_Page/PROCESS' is present

2020-08-28 13:26:17 - [MESSAGE][PASSED] - Object 'Object Repository/CERTPAY_QUICKSTI/Payment_Details_Verification_Page/PROCESS' is clickable

2020-08-28 13:26:24 - [MESSAGE][PASSED] - Object: 'Object Repository/CERTPAY_QUICKSTI/Payment_Details_Verification_Page/PROCESS' is clicked on

2020-08-28 13:26:24 - [MESSAGE][PASSED] - Quicksti.ts:Clicked on the Process

2020-08-28 13:26:24 - [TEST_STEP][PASSED] - PaymentId = pages.Quicksti.verifyPaymentApproval(findTestObject("CERTPAY_QUICKSTI/Payment_Details_Verification_Page/APPROVED")): Payment is approved

2020-08-28 13:26:24 - [MESSAGE][PASSED] - Text of object 'Object Repository/CERTPAY_QUICKSTI/Payment_Details_Verification_Page/PAYMENT_ID' is: '100176102080'

2020-08-28 13:26:25 - [MESSAGE][PASSED] - Object 'Object Repository/CERTPAY_QUICKSTI/Payment_Details_Verification_Page/APPROVED' is present

2020-08-28 13:26:25 - [MESSAGE][PASSED] - Payment is approved

2020-08-28 13:26:27 - [TEST_STEP][PASSED] - navigateToUrl(Reports_url): Navigate to 'https://qa-certpayreports.faps.net/BureauLogin/login.aspx' successfully

2020-08-28 13:26:32 - [MESSAGE][PASSED] - Navigate to 'https://qa-certpayreports.faps.net/BureauLogin/login.aspx' successfully

2020-08-28 13:26:32 - [TEST_STEP][PASSED] - pages.Bureau_Login_Page.loginToReportsSite(userName, password, accessCode): Quicksti.ts:Clicked on the LOGIN

2020-08-28 13:26:32 - [MESSAGE][PASSED] - Object 'Object Repository/MAKE_ PAYMENT/Home_ Page/USER_NAME' is present

2020-08-28 13:26:32 - [MESSAGE][PASSED] - Object 'Object Repository/MAKE_ PAYMENT/Home_ Page/USER_NAME' is visible

2020-08-28 13:26:33 - [MESSAGE][PASSED] - Object 'Object Repository/MAKE_ PAYMENT/Home_ Page/USER_NAME' is present

2020-08-28 13:26:34 - [MESSAGE][PASSED] - Text 'ZenQ' is set on object 'Object Repository/MAKE_ PAYMENT/Home_ Page/USER_NAME'

2020-08-28 13:26:34 - [MESSAGE][PASSED] - Quicksti.ts:Entered'ZenQ into username

2020-08-28 13:26:34 - [MESSAGE][PASSED] - Object 'Object Repository/MAKE_ PAYMENT/Home_ Page/BUREAU_PASSWORD' is present

2020-08-28 13:26:35 - [MESSAGE][PASSED] - Object 'Object Repository/MAKE_ PAYMENT/Home_ Page/BUREAU_PASSWORD' is visible

2020-08-28 13:26:35 - [MESSAGE][PASSED] - Object 'Object Repository/MAKE_ PAYMENT/Home_ Page/BUREAU_PASSWORD' is present

2020-08-28 13:26:36 - [MESSAGE][PASSED] - Text 'Zenq@123' is set on object 'Object Repository/MAKE_ PAYMENT/Home_ Page/BUREAU_PASSWORD'

2020-08-28 13:26:36 - [MESSAGE][PASSED] - Quicksti.ts:Entered'Zenq@123 into password

2020-08-28 13:26:37 - [MESSAGE][PASSED] - Object 'Object Repository/MAKE_ PAYMENT/Home_ Page/BUREAU_ACCESS_CODE' is present

2020-08-28 13:26:37 - [MESSAGE][PASSED] - Object 'Object Repository/MAKE_ PAYMENT/Home_ Page/BUREAU_ACCESS_CODE' is visible

2020-08-28 13:26:37 - [MESSAGE][PASSED] - Object 'Object Repository/MAKE_ PAYMENT/Home_ Page/BUREAU_ACCESS_CODE' is present

2020-08-28 13:26:38 - [MESSAGE][PASSED] - Text 'certpaytest' is set on object 'Object Repository/MAKE_ PAYMENT/Home_ Page/BUREAU_ACCESS_CODE'

2020-08-28 13:26:38 - [MESSAGE][PASSED] - Quicksti.ts:Entered'certpaytest into AccessCode

2020-08-28 13:26:38 - [MESSAGE][INFO] - safeClicking

2020-08-28 13:26:39 - [MESSAGE][PASSED] - Object 'Object Repository/MAKE_ PAYMENT/Home_ Page/LOGIN_BUTTON' is present

2020-08-28 13:26:39 - [MESSAGE][PASSED] - Object 'Object Repository/MAKE_ PAYMENT/Home_ Page/LOGIN_BUTTON' is clickable

2020-08-28 13:26:43 - [MESSAGE][PASSED] - Object: 'Object Repository/MAKE_ PAYMENT/Home_ Page/LOGIN_BUTTON' is clicked on

2020-08-28 13:26:43 - [MESSAGE][PASSED] - Quicksti.ts:Clicked on the LOGIN

2020-08-28 13:26:43 - [TEST_STEP][NOT_RUN] - mouseOver(findTestObject("REPORTS_PAGE/REPORTING")): NOT_RUN: mouseOver(findTestObject("REPORTS_PAGE/REPORTING"))

2020-08-28 13:26:43 - [MESSAGE][NOT_RUN] - NOT_RUN: mouseOver(findTestObject("REPORTS_PAGE/REPORTING"))

2020-08-28 13:26:43 - [TEST_STEP][PASSED] - delay(1): Delayed 1 second(s)

2020-08-28 13:26:44 - [MESSAGE][PASSED] - Delayed 1 second(s)

2020-08-28 13:26:44 - [TEST_STEP][PASSED] - utilities.SafeActions.safeClick(findTestObject("REPORTS_PAGE/REPORTING"), "Reporting", [pageLoadTime]): Quicksti.ts:Clicked on the Reporting

2020-08-28 13:26:44 - [MESSAGE][INFO] - safeClicking

2020-08-28 13:26:45 - [MESSAGE][PASSED] - Object 'Object Repository/REPORTS_PAGE/REPORTING' is present

2020-08-28 13:26:45 - [MESSAGE][PASSED] - Object 'Object Repository/REPORTS_PAGE/REPORTING' is clickable

2020-08-28 13:26:46 - [MESSAGE][PASSED] - Object: 'Object Repository/REPORTS_PAGE/REPORTING' is clicked on

2020-08-28 13:26:46 - [MESSAGE][PASSED] - Quicksti.ts:Clicked on the Reporting

2020-08-28 13:26:46 - [TEST_STEP][PASSED] - utilities.SafeActions.safeClick(findTestObject("REPORTS_PAGE/REPORTING"), "Reporting", [pageLoadTime]): Quicksti.ts:Clicked on the Reporting

2020-08-28 13:26:46 - [MESSAGE][INFO] - safeClicking

2020-08-28 13:26:46 - [MESSAGE][PASSED] - Object 'Object Repository/REPORTS_PAGE/REPORTING' is present

2020-08-28 13:26:47 - [MESSAGE][PASSED] - Object 'Object Repository/REPORTS_PAGE/REPORTING' is clickable

2020-08-28 13:26:48 - [MESSAGE][PASSED] - Object: 'Object Repository/REPORTS_PAGE/REPORTING' is clicked on

2020-08-28 13:26:48 - [MESSAGE][PASSED] - Quicksti.ts:Clicked on the Reporting

2020-08-28 13:26:48 - [TEST_STEP][PASSED] - utilities.SafeActions.safeClick(findTestObject("REPORTS_PAGE/QUICK_FIND_PAYMENT"), "Quick find payment", [pageLoadTime]): Quicksti.ts:Clicked on the Quick find payment

2020-08-28 13:26:48 - [MESSAGE][INFO] - safeClicking

2020-08-28 13:26:48 - [MESSAGE][PASSED] - Object 'Object Repository/REPORTS_PAGE/QUICK_FIND_PAYMENT' is present

2020-08-28 13:26:48 - [MESSAGE][PASSED] - Object 'Object Repository/REPORTS_PAGE/QUICK_FIND_PAYMENT' is clickable

2020-08-28 13:26:51 - [MESSAGE][PASSED] - Object: 'Object Repository/REPORTS_PAGE/QUICK_FIND_PAYMENT' is clicked on

2020-08-28 13:26:51 - [MESSAGE][PASSED] - Quicksti.ts:Clicked on the Quick find payment

2020-08-28 13:26:51 - [TEST_STEP][PASSED] - utilities.SafeActions.safeType(findTestObject("SEARCH_PAYMENT/PAYMENT_ID_INPUT_FIELD"), PaymentId, "Payment id", [pageLoadTime]): Quicksti.ts:Entered'100176102080 into Payment id

2020-08-28 13:26:52 - [MESSAGE][PASSED] - Object 'Object Repository/SEARCH_PAYMENT/PAYMENT_ID_INPUT_FIELD' is present

2020-08-28 13:26:52 - [MESSAGE][PASSED] - Object 'Object Repository/SEARCH_PAYMENT/PAYMENT_ID_INPUT_FIELD' is visible

2020-08-28 13:26:53 - [MESSAGE][PASSED] - Object 'Object Repository/SEARCH_PAYMENT/PAYMENT_ID_INPUT_FIELD' is present

2020-08-28 13:26:54 - [MESSAGE][PASSED] - Text '100176102080' is set on object 'Object Repository/SEARCH_PAYMENT/PAYMENT_ID_INPUT_FIELD'

2020-08-28 13:26:54 - [MESSAGE][PASSED] - Quicksti.ts:Entered'100176102080 into Payment id

2020-08-28 13:26:54 - [TEST_STEP][PASSED] - utilities.SafeActions.safeClick(findTestObject("SEARCH_PAYMENT/SEARCH_BUTTON_1"), "Search button", [pageLoadTime]): Quicksti.ts:Clicked on the Search button

2020-08-28 13:26:54 - [MESSAGE][INFO] - safeClicking

2020-08-28 13:26:54 - [MESSAGE][PASSED] - Object 'Object Repository/SEARCH_PAYMENT/SEARCH_BUTTON_1' is present

2020-08-28 13:26:55 - [MESSAGE][PASSED] - Object 'Object Repository/SEARCH_PAYMENT/SEARCH_BUTTON_1' is clickable

2020-08-28 13:26:58 - [MESSAGE][PASSED] - Object: 'Object Repository/SEARCH_PAYMENT/SEARCH_BUTTON_1' is clicked on

2020-08-28 13:26:58 - [MESSAGE][PASSED] - Quicksti.ts:Clicked on the Search button

2020-08-28 13:26:58 - [TEST_STEP][FAILED] - pages.Search_Page.validateApprovedTransactionsInReports(PaymentId, cardType, amount_Value): com.kms.katalon.core.exception.StepFailedException: Unable to verify match

2020-08-28 13:26:58 - [MESSAGE][PASSED] - Text of object 'Object Repository/SEARCH_PAYMENT/REPORTS_PAYMNET_ID' is: '100176102080'

2020-08-28 13:26:58 - [MESSAGE][PASSED] - Actual text '100176102080' and expected text '100176102080' are matched  using regular expression

2020-08-28 13:26:59 - [MESSAGE][PASSED] - Text of object 'Object Repository/SEARCH_PAYMENT/REPORTS_CARD_TYPE' is: 'Visa'

2020-08-28 13:26:59 - [MESSAGE][FAILED] - Unable to verify match between actual text 'Visa' and expected text 'Master Card' using regular expression (Root cause: com.kms.katalon.core.exception.StepFailedException: Actual text 'Visa' and expected text 'Master Card' are not matched using regular expression
	at com.kms.katalon.core.keyword.builtin.VerifyMatchKeyword$_verifyMatch_closure1.doCall(VerifyMatchKeyword.groovy:57)
	at com.kms.katalon.core.keyword.builtin.VerifyMatchKeyword$_verifyMatch_closure1.call(VerifyMatchKeyword.groovy)
	at com.kms.katalon.core.keyword.internal.KeywordMain.runKeyword(KeywordMain.groovy:68)
	at com.kms.katalon.core.keyword.builtin.VerifyMatchKeyword.verifyMatch(VerifyMatchKeyword.groovy:60)
	at com.kms.katalon.core.keyword.builtin.VerifyMatchKeyword.execute(VerifyMatchKeyword.groovy:45)
	at com.kms.katalon.core.keyword.internal.KeywordExecutor.executeKeywordForPlatform(KeywordExecutor.groovy:72)
	at com.kms.katalon.core.keyword.BuiltinKeywords.verifyMatch(BuiltinKeywords.groovy:55)
	at pages.Search_Page.validateApprovedTransactionsInReports(Search_Page.groovy:92)
	at pages.Search_Page.invokeMethod(Search_Page.groovy)
	at com.kms.katalon.core.main.CustomKeywordDelegatingMetaClass.invokeStaticMethod(CustomKeywordDelegatingMetaClass.java:50)
	at TC_004_MultiBureauSite_MultiBureaus_SingleLinePayment.run(TC_004_MultiBureauSite_MultiBureaus_SingleLinePayment:149)
	at com.kms.katalon.core.main.ScriptEngine.run(ScriptEngine.java:194)
	at com.kms.katalon.core.main.ScriptEngine.runScriptAsRawText(ScriptEngine.java:119)
	at com.kms.katalon.core.main.TestCaseExecutor.runScript(TestCaseExecutor.java:337)
	at com.kms.katalon.core.main.TestCaseExecutor.doExecute(TestCaseExecutor.java:328)
	at com.kms.katalon.core.main.TestCaseExecutor.processExecutionPhase(TestCaseExecutor.java:307)
	at com.kms.katalon.core.main.TestCaseExecutor.accessMainPhase(TestCaseExecutor.java:299)
	at com.kms.katalon.core.main.TestCaseExecutor.execute(TestCaseExecutor.java:233)
	at com.kms.katalon.core.main.TestSuiteExecutor.accessTestCaseMainPhase(TestSuiteExecutor.java:169)
	at com.kms.katalon.core.main.TestSuiteExecutor.accessTestSuiteMainPhase(TestSuiteExecutor.java:142)
	at com.kms.katalon.core.main.TestSuiteExecutor.execute(TestSuiteExecutor.java:91)
	at com.kms.katalon.core.main.TestCaseMain.startTestSuite(TestCaseMain.java:157)
	at com.kms.katalon.core.main.TestCaseMain$startTestSuite$0.call(Unknown Source)
	at TempTestSuite1598599635439.run(TempTestSuite1598599635439.groovy:36)
)

2020-08-28 13:26:59 - [MESSAGE][FAILED] - Unable to verify match

2020-08-28 13:26:59 - [MESSAGE][FAILED] - com.kms.katalon.core.exception.StepFailedException: Unable to verify match

2020-08-28 13:26:59 - [TEST_STEP][PASSED] - firstName = data.getValue("FirstName", index): null

2020-08-28 13:26:59 - [TEST_STEP][PASSED] - lastName = data.getValue("LastName", index): null

2020-08-28 13:26:59 - [TEST_STEP][PASSED] - expMonth = data.getValue("ExpMonth", index): null

2020-08-28 13:26:59 - [TEST_STEP][PASSED] - expYear = data.getValue("ExpYear", index): null

2020-08-28 13:26:59 - [TEST_STEP][PASSED] - securityCode = data.getValue("SecurityCode", index): null

2020-08-28 13:26:59 - [TEST_STEP][PASSED] - paymentAmount = data.getValue("PaymentAmount", index): null

2020-08-28 13:26:59 - [TEST_STEP][PASSED] - paymentType = data.getValue("PaymentType", index): null

2020-08-28 13:26:59 - [TEST_STEP][PASSED] - quantity = data.getValue("Quantity", index): null

2020-08-28 13:26:59 - [TEST_STEP][PASSED] - comments = data.getValue("Comments", index): null

2020-08-28 13:26:59 - [TEST_STEP][PASSED] - referenceNum = data.getValue("ReferenceNum", index): null

2020-08-28 13:26:59 - [TEST_STEP][PASSED] - address = data.getValue("Address", index): null

2020-08-28 13:26:59 - [TEST_STEP][PASSED] - zipCode = data.getValue("Zipcode", index): null

2020-08-28 13:26:59 - [TEST_STEP][PASSED] - telephone = data.getValue("Telephone", index): null

2020-08-28 13:26:59 - [TEST_STEP][PASSED] - emailAddress = data.getValue("EmailAddress", index): null

2020-08-28 13:26:59 - [TEST_STEP][PASSED] - cardNum = data.getValue("CardNumber", index): null

2020-08-28 13:26:59 - [TEST_STEP][PASSED] - cardType = data.getValue("CardType", index): null

2020-08-28 13:26:59 - [TEST_STEP][PASSED] - utilities.SafeActions.openBrowser(Quicksti_Url, [pageLoadTime]): Browser launched successfully

2020-08-28 13:26:59 - [MESSAGE][INFO] - Opening Browser

2020-08-28 13:26:59 - [MESSAGE][WARNING] - A browser is already opened. Closing browser and opening a new one

2020-08-28 13:27:00 - [MESSAGE][INFO] - Starting 'Chrome' driver

2020-08-28 13:27:09 - [MESSAGE][PASSED] - Browser is opened with url: 'https://qa-certpayquicksti.faps.net/'

2020-08-28 13:27:11 - [MESSAGE][PASSED] - Current window maximized

2020-08-28 13:27:11 - [MESSAGE][PASSED] - Browser launched successfully

2020-08-28 13:27:11 - [TEST_STEP][PASSED] - utilities.SafeActions.safeCheck(findTestObject("CERTPAY_QUICKSTI/Login_ Page/MULTI_BUREAU_CHECKBOX"), "Multi Bureau", [pageLoadTime]): Quicksti.ts:Checkbox 'Multi Bureau'is selected

2020-08-28 13:27:11 - [MESSAGE][PASSED] - Object 'Object Repository/CERTPAY_QUICKSTI/Login_ Page/MULTI_BUREAU_CHECKBOX' is present

2020-08-28 13:27:12 - [MESSAGE][PASSED] - Object 'Object Repository/CERTPAY_QUICKSTI/Login_ Page/MULTI_BUREAU_CHECKBOX' is present

2020-08-28 13:27:14 - [MESSAGE][PASSED] - Object: 'Object Repository/CERTPAY_QUICKSTI/Login_ Page/MULTI_BUREAU_CHECKBOX' is clicked on

2020-08-28 13:27:14 - [MESSAGE][PASSED] - Quicksti.ts:Checkbox 'Multi Bureau'is selected

2020-08-28 13:27:14 - [TEST_STEP][PASSED] - utilities.SafeActions.safeType(findTestObject("CERTPAY_QUICKSTI/Login_ Page/TELLER_ID"), teller_id, "Bureau code", [pageLoadTime]): Quicksti.ts:Entered'zenq into Bureau code

2020-08-28 13:27:16 - [MESSAGE][PASSED] - Object 'Object Repository/CERTPAY_QUICKSTI/Login_ Page/TELLER_ID' is present

2020-08-28 13:27:16 - [MESSAGE][PASSED] - Object 'Object Repository/CERTPAY_QUICKSTI/Login_ Page/TELLER_ID' is visible

2020-08-28 13:27:16 - [MESSAGE][PASSED] - Object 'Object Repository/CERTPAY_QUICKSTI/Login_ Page/TELLER_ID' is present

2020-08-28 13:27:17 - [MESSAGE][PASSED] - Text 'zenq' is set on object 'Object Repository/CERTPAY_QUICKSTI/Login_ Page/TELLER_ID'

2020-08-28 13:27:17 - [MESSAGE][PASSED] - Quicksti.ts:Entered'zenq into Bureau code

2020-08-28 13:27:17 - [TEST_STEP][PASSED] - utilities.SafeActions.safeClick(findTestObject("CERTPAY_QUICKSTI/Login_ Page/NEXT_BUTTON"), "Next button", [pageLoadTime]): Quicksti.ts:Clicked on the Next button

2020-08-28 13:27:17 - [MESSAGE][INFO] - safeClicking

2020-08-28 13:27:18 - [MESSAGE][PASSED] - Object 'Object Repository/CERTPAY_QUICKSTI/Login_ Page/NEXT_BUTTON' is present

2020-08-28 13:27:18 - [MESSAGE][PASSED] - Object 'Object Repository/CERTPAY_QUICKSTI/Login_ Page/NEXT_BUTTON' is clickable

2020-08-28 13:27:23 - [MESSAGE][PASSED] - Object: 'Object Repository/CERTPAY_QUICKSTI/Login_ Page/NEXT_BUTTON' is clicked on

2020-08-28 13:27:23 - [MESSAGE][PASSED] - Quicksti.ts:Clicked on the Next button

2020-08-28 13:27:23 - [TEST_STEP][PASSED] - pages.Quicksti.setCommnets("0", "0", comments): Quicksti.ts:Entered'Testing into Comments

2020-08-28 13:27:23 - [MESSAGE][PASSED] - Object '' is present

2020-08-28 13:27:23 - [MESSAGE][PASSED] - Object '' is visible

2020-08-28 13:27:24 - [MESSAGE][PASSED] - Object '' is present

2020-08-28 13:27:25 - [MESSAGE][PASSED] - Text 'Testing' is set on object ''

2020-08-28 13:27:25 - [MESSAGE][PASSED] - Quicksti.ts:Entered'Testing into Comments

2020-08-28 13:27:25 - [TEST_STEP][PASSED] - utilities.SafeActions.safeType(findTestObject("CERTPAY_QUICKSTI/Payment_Information_Page/PAYMENT_AMOUNT"), paymentAmount, "Payment Amount", [pageLoadTime]): Quicksti.ts:Entered'30.00 into Payment Amount

2020-08-28 13:27:25 - [MESSAGE][PASSED] - Object 'Object Repository/CERTPAY_QUICKSTI/Payment_Information_Page/PAYMENT_AMOUNT' is present

2020-08-28 13:27:26 - [MESSAGE][PASSED] - Object 'Object Repository/CERTPAY_QUICKSTI/Payment_Information_Page/PAYMENT_AMOUNT' is visible

2020-08-28 13:27:26 - [MESSAGE][PASSED] - Object 'Object Repository/CERTPAY_QUICKSTI/Payment_Information_Page/PAYMENT_AMOUNT' is present

2020-08-28 13:27:27 - [MESSAGE][PASSED] - Text '30.00' is set on object 'Object Repository/CERTPAY_QUICKSTI/Payment_Information_Page/PAYMENT_AMOUNT'

2020-08-28 13:27:27 - [MESSAGE][PASSED] - Quicksti.ts:Entered'30.00 into Payment Amount

2020-08-28 13:27:27 - [TEST_STEP][PASSED] - pages.Quicksti.setAmountDetailsForMultiBureau("0", paymentType, "0", referenceNum, quantity): Quicksti.ts:Entered'1 into Quntity

2020-08-28 13:27:28 - [MESSAGE][PASSED] - Object '' is visible

2020-08-28 13:27:28 - [MESSAGE][PASSED] - Object '' is present

2020-08-28 13:27:30 - [MESSAGE][PASSED] - Object: '' is clicked on

2020-08-28 13:27:31 - [MESSAGE][PASSED] - All options with label 'Licenses' are selected in object ''  using regular expression

2020-08-28 13:27:31 - [MESSAGE][PASSED] - selected dropdown option by visible text  Licensesfrom Payment Type

2020-08-28 13:27:31 - [MESSAGE][PASSED] - Object '' is present

2020-08-28 13:27:31 - [MESSAGE][PASSED] - Object '' is visible

2020-08-28 13:27:32 - [MESSAGE][PASSED] - Object '' is present

2020-08-28 13:27:33 - [MESSAGE][PASSED] - Text '13' is set on object ''

2020-08-28 13:27:33 - [MESSAGE][PASSED] - Quicksti.ts:Entered'13 into RefrenceNumber

2020-08-28 13:27:33 - [MESSAGE][PASSED] - Object '' is present

2020-08-28 13:27:34 - [MESSAGE][PASSED] - Object '' is visible

2020-08-28 13:27:34 - [MESSAGE][PASSED] - Object '' is present

2020-08-28 13:27:35 - [MESSAGE][PASSED] - Text '1' is set on object ''

2020-08-28 13:27:35 - [MESSAGE][PASSED] - Quicksti.ts:Entered'1 into Quntity

2020-08-28 13:27:35 - [TEST_STEP][PASSED] - utilities.SafeActions.safeType(findTestObject("CERTPAY_QUICKSTI/Payment_Information_Page/MULTIBUREAU_PAYMENT_AMOUNT"), paymentAmount, "Payment Amount", [pageLoadTime]): Quicksti.ts:Entered'30.00 into Payment Amount

2020-08-28 13:27:36 - [MESSAGE][PASSED] - Object 'Object Repository/CERTPAY_QUICKSTI/Payment_Information_Page/MULTIBUREAU_PAYMENT_AMOUNT' is present

2020-08-28 13:27:36 - [MESSAGE][PASSED] - Object 'Object Repository/CERTPAY_QUICKSTI/Payment_Information_Page/MULTIBUREAU_PAYMENT_AMOUNT' is visible

2020-08-28 13:27:36 - [MESSAGE][PASSED] - Object 'Object Repository/CERTPAY_QUICKSTI/Payment_Information_Page/MULTIBUREAU_PAYMENT_AMOUNT' is present

2020-08-28 13:27:38 - [MESSAGE][PASSED] - Text '30.00' is set on object 'Object Repository/CERTPAY_QUICKSTI/Payment_Information_Page/MULTIBUREAU_PAYMENT_AMOUNT'

2020-08-28 13:27:38 - [MESSAGE][PASSED] - Quicksti.ts:Entered'30.00 into Payment Amount

2020-08-28 13:27:38 - [TEST_STEP][PASSED] - pages.Quicksti.setAmountDetailsForMultiBureau("0", "Registration Fees", "1", referenceNum, quantity): Quicksti.ts:Entered'1 into Quntity

2020-08-28 13:27:38 - [MESSAGE][PASSED] - Object '' is visible

2020-08-28 13:27:38 - [MESSAGE][PASSED] - Object '' is present

2020-08-28 13:27:40 - [MESSAGE][PASSED] - Object: '' is clicked on

2020-08-28 13:27:41 - [MESSAGE][PASSED] - All options with label 'Registration Fees' are selected in object ''  using regular expression

2020-08-28 13:27:41 - [MESSAGE][PASSED] - selected dropdown option by visible text  Registration Feesfrom Payment Type

2020-08-28 13:27:41 - [MESSAGE][PASSED] - Object '' is present

2020-08-28 13:27:41 - [MESSAGE][PASSED] - Object '' is visible

2020-08-28 13:27:42 - [MESSAGE][PASSED] - Object '' is present

2020-08-28 13:27:43 - [MESSAGE][PASSED] - Text '13' is set on object ''

2020-08-28 13:27:43 - [MESSAGE][PASSED] - Quicksti.ts:Entered'13 into RefrenceNumber

2020-08-28 13:27:43 - [MESSAGE][PASSED] - Object '' is present

2020-08-28 13:27:43 - [MESSAGE][PASSED] - Object '' is visible

2020-08-28 13:27:44 - [MESSAGE][PASSED] - Object '' is present

2020-08-28 13:27:45 - [MESSAGE][PASSED] - Text '1' is set on object ''

2020-08-28 13:27:45 - [MESSAGE][PASSED] - Quicksti.ts:Entered'1 into Quntity

2020-08-28 13:27:45 - [TEST_STEP][PASSED] - utilities.SafeActions.safeType(findTestObject("CERTPAY_QUICKSTI/Payment_Information_Page/MULTIBUREAU_PAY_AMOUNT2"), paymentAmount, "Payment Amount", [pageLoadTime]): Quicksti.ts:Entered'30.00 into Payment Amount

2020-08-28 13:27:45 - [MESSAGE][PASSED] - Object 'Object Repository/CERTPAY_QUICKSTI/Payment_Information_Page/MULTIBUREAU_PAY_AMOUNT2' is present

2020-08-28 13:27:46 - [MESSAGE][PASSED] - Object 'Object Repository/CERTPAY_QUICKSTI/Payment_Information_Page/MULTIBUREAU_PAY_AMOUNT2' is visible

2020-08-28 13:27:46 - [MESSAGE][PASSED] - Object 'Object Repository/CERTPAY_QUICKSTI/Payment_Information_Page/MULTIBUREAU_PAY_AMOUNT2' is present

2020-08-28 13:27:47 - [MESSAGE][PASSED] - Text '30.00' is set on object 'Object Repository/CERTPAY_QUICKSTI/Payment_Information_Page/MULTIBUREAU_PAY_AMOUNT2'

2020-08-28 13:27:47 - [MESSAGE][PASSED] - Quicksti.ts:Entered'30.00 into Payment Amount

2020-08-28 13:27:47 - [TEST_STEP][PASSED] - pages.Quicksti.setCommnets("2", "0", "Tester"): Quicksti.ts:Entered'Tester into Comments

2020-08-28 13:27:48 - [MESSAGE][PASSED] - Object '' is present

2020-08-28 13:27:48 - [MESSAGE][PASSED] - Object '' is visible

2020-08-28 13:27:49 - [MESSAGE][PASSED] - Object '' is present

2020-08-28 13:27:50 - [MESSAGE][PASSED] - Text 'Tester' is set on object ''

2020-08-28 13:27:50 - [MESSAGE][PASSED] - Quicksti.ts:Entered'Tester into Comments

2020-08-28 13:27:50 - [TEST_STEP][PASSED] - pages.Quicksti.setAmountDetailsForMultiBureau("0", "Vehicles", "2", referenceNum, quantity): Quicksti.ts:Entered'1 into Quntity

2020-08-28 13:27:50 - [MESSAGE][PASSED] - Object '' is visible

2020-08-28 13:27:51 - [MESSAGE][PASSED] - Object '' is present

2020-08-28 13:27:52 - [MESSAGE][PASSED] - Object: '' is clicked on

2020-08-28 13:27:53 - [MESSAGE][PASSED] - All options with label 'Vehicles' are selected in object ''  using regular expression

2020-08-28 13:27:53 - [MESSAGE][PASSED] - selected dropdown option by visible text  Vehiclesfrom Payment Type

2020-08-28 13:27:53 - [MESSAGE][PASSED] - Object '' is present

2020-08-28 13:27:54 - [MESSAGE][PASSED] - Object '' is visible

2020-08-28 13:27:54 - [MESSAGE][PASSED] - Object '' is present

2020-08-28 13:27:55 - [MESSAGE][PASSED] - Text '13' is set on object ''

2020-08-28 13:27:55 - [MESSAGE][PASSED] - Quicksti.ts:Entered'13 into RefrenceNumber

2020-08-28 13:27:56 - [MESSAGE][PASSED] - Object '' is present

2020-08-28 13:27:56 - [MESSAGE][PASSED] - Object '' is visible

2020-08-28 13:27:56 - [MESSAGE][PASSED] - Object '' is present

2020-08-28 13:27:58 - [MESSAGE][PASSED] - Text '1' is set on object ''

2020-08-28 13:27:58 - [MESSAGE][PASSED] - Quicksti.ts:Entered'1 into Quntity

2020-08-28 13:27:58 - [TEST_STEP][PASSED] - utilities.SafeActions.safeClick(findTestObject("CERTPAY_QUICKSTI/Payment_Information_Page/MANUAL_ENTRY_BUTTON"), "ManualEntry", [pageLoadTime]): Quicksti.ts:Clicked on the ManualEntry

2020-08-28 13:27:58 - [MESSAGE][INFO] - safeClicking

2020-08-28 13:27:58 - [MESSAGE][PASSED] - Object 'Object Repository/CERTPAY_QUICKSTI/Payment_Information_Page/MANUAL_ENTRY_BUTTON' is present

2020-08-28 13:27:58 - [MESSAGE][PASSED] - Object 'Object Repository/CERTPAY_QUICKSTI/Payment_Information_Page/MANUAL_ENTRY_BUTTON' is clickable

2020-08-28 13:28:02 - [MESSAGE][PASSED] - Object: 'Object Repository/CERTPAY_QUICKSTI/Payment_Information_Page/MANUAL_ENTRY_BUTTON' is clicked on

2020-08-28 13:28:02 - [MESSAGE][PASSED] - Quicksti.ts:Clicked on the ManualEntry

2020-08-28 13:28:02 - [TEST_STEP][PASSED] - amount_Value = pages.Quicksti.getAttributeValue(findTestObject("CERTPAY_QUICKSTI/Payment_Information_Page/SUB_TOTAL")): pages.Quicksti.getAttributeValue is PASSED

2020-08-28 13:28:03 - [MESSAGE][PASSED] - Attribute 'value' of object 'Object Repository/CERTPAY_QUICKSTI/Payment_Information_Page/SUB_TOTAL' is: '30.00'

2020-08-28 13:28:03 - [MESSAGE][PASSED] - pages.Quicksti.getAttributeValue is PASSED

2020-08-28 13:28:03 - [TEST_STEP][PASSED] - CardNumber = pages.Quicksti.setUserPaymentDetails(firstName, lastName, cardNum): Quicksti.ts:Entered'8171999900000018 into CardNum

2020-08-28 13:28:03 - [MESSAGE][PASSED] - Object 'Object Repository/CERTPAY_QUICKSTI/Payment_Information_Page/FIRST_NAME' is present

2020-08-28 13:28:03 - [MESSAGE][PASSED] - Object 'Object Repository/CERTPAY_QUICKSTI/Payment_Information_Page/FIRST_NAME' is visible

2020-08-28 13:28:04 - [MESSAGE][PASSED] - Object 'Object Repository/CERTPAY_QUICKSTI/Payment_Information_Page/FIRST_NAME' is present

2020-08-28 13:28:05 - [MESSAGE][PASSED] - Text 'Tester' is set on object 'Object Repository/CERTPAY_QUICKSTI/Payment_Information_Page/FIRST_NAME'

2020-08-28 13:28:05 - [MESSAGE][PASSED] - Quicksti.ts:Entered'Tester into FirstName

2020-08-28 13:28:06 - [MESSAGE][PASSED] - Object 'Object Repository/CERTPAY_QUICKSTI/Payment_Information_Page/LAST_NAME' is present

2020-08-28 13:28:06 - [MESSAGE][PASSED] - Object 'Object Repository/CERTPAY_QUICKSTI/Payment_Information_Page/LAST_NAME' is visible

2020-08-28 13:28:06 - [MESSAGE][PASSED] - Object 'Object Repository/CERTPAY_QUICKSTI/Payment_Information_Page/LAST_NAME' is present

2020-08-28 13:28:08 - [MESSAGE][PASSED] - Text 'Zenq1' is set on object 'Object Repository/CERTPAY_QUICKSTI/Payment_Information_Page/LAST_NAME'

2020-08-28 13:28:08 - [MESSAGE][PASSED] - Quicksti.ts:Entered'Zenq1 into LAstName

2020-08-28 13:28:08 - [MESSAGE][PASSED] - Object 'Object Repository/CERTPAY_QUICKSTI/Payment_Information_Page/CARD_NUMBER' is present

2020-08-28 13:28:08 - [MESSAGE][PASSED] - Object 'Object Repository/CERTPAY_QUICKSTI/Payment_Information_Page/CARD_NUMBER' is visible

2020-08-28 13:28:09 - [MESSAGE][PASSED] - Object 'Object Repository/CERTPAY_QUICKSTI/Payment_Information_Page/CARD_NUMBER' is present

2020-08-28 13:28:10 - [MESSAGE][PASSED] - Text '8171999900000018' is set on object 'Object Repository/CERTPAY_QUICKSTI/Payment_Information_Page/CARD_NUMBER'

2020-08-28 13:28:10 - [MESSAGE][PASSED] - Quicksti.ts:Entered'8171999900000018 into CardNum

2020-08-28 13:28:10 - [TEST_STEP][PASSED] - pages.Quicksti.setExpDate(expMonth, expYear, securityCode): Quicksti.ts:Entered'111 into securityCode

2020-08-28 13:28:11 - [MESSAGE][PASSED] - Object 'Object Repository/CERTPAY_QUICKSTI/Payment_Information_Page/EXP_MONTH' is visible

2020-08-28 13:28:11 - [MESSAGE][PASSED] - Object 'Object Repository/CERTPAY_QUICKSTI/Payment_Information_Page/EXP_MONTH' is present

2020-08-28 13:28:12 - [MESSAGE][PASSED] - Object: 'Object Repository/CERTPAY_QUICKSTI/Payment_Information_Page/EXP_MONTH' is clicked on

2020-08-28 13:28:13 - [MESSAGE][PASSED] - All options with label '04' are selected in object 'Object Repository/CERTPAY_QUICKSTI/Payment_Information_Page/EXP_MONTH'  using regular expression

2020-08-28 13:28:13 - [MESSAGE][PASSED] - selected dropdown option by visible text  04from expMonth

2020-08-28 13:28:14 - [MESSAGE][PASSED] - Object 'Object Repository/CERTPAY_QUICKSTI/Payment_Information_Page/EXP_YEAR' is visible

2020-08-28 13:28:14 - [MESSAGE][PASSED] - Object 'Object Repository/CERTPAY_QUICKSTI/Payment_Information_Page/EXP_YEAR' is present

2020-08-28 13:28:15 - [MESSAGE][PASSED] - Object: 'Object Repository/CERTPAY_QUICKSTI/Payment_Information_Page/EXP_YEAR' is clicked on

2020-08-28 13:28:17 - [MESSAGE][PASSED] - All options with label '2027' are selected in object 'Object Repository/CERTPAY_QUICKSTI/Payment_Information_Page/EXP_YEAR'  using regular expression

2020-08-28 13:28:17 - [MESSAGE][PASSED] - selected dropdown option by visible text  2027from  expYear

2020-08-28 13:28:17 - [MESSAGE][PASSED] - Object 'Object Repository/CERTPAY_QUICKSTI/Payment_Information_Page/SECURITY_CODE' is present

2020-08-28 13:28:18 - [MESSAGE][PASSED] - Object 'Object Repository/CERTPAY_QUICKSTI/Payment_Information_Page/SECURITY_CODE' is visible

2020-08-28 13:28:18 - [MESSAGE][PASSED] - Object 'Object Repository/CERTPAY_QUICKSTI/Payment_Information_Page/SECURITY_CODE' is present

2020-08-28 13:28:19 - [MESSAGE][PASSED] - Text '111' is set on object 'Object Repository/CERTPAY_QUICKSTI/Payment_Information_Page/SECURITY_CODE'

2020-08-28 13:28:19 - [MESSAGE][PASSED] - Quicksti.ts:Entered'111 into securityCode

2020-08-28 13:28:19 - [TEST_STEP][PASSED] - utilities.SafeActions.safeType(findTestObject("CERTPAY_QUICKSTI/Payment_Information_Page/ADDRESS"), address, "Address", [pageLoadTime]): Quicksti.ts:Entered'14-2 into Address

2020-08-28 13:28:20 - [MESSAGE][PASSED] - Object 'Object Repository/CERTPAY_QUICKSTI/Payment_Information_Page/ADDRESS' is present

2020-08-28 13:28:20 - [MESSAGE][PASSED] - Object 'Object Repository/CERTPAY_QUICKSTI/Payment_Information_Page/ADDRESS' is visible

2020-08-28 13:28:20 - [MESSAGE][PASSED] - Object 'Object Repository/CERTPAY_QUICKSTI/Payment_Information_Page/ADDRESS' is present

2020-08-28 13:28:22 - [MESSAGE][PASSED] - Text '14-2' is set on object 'Object Repository/CERTPAY_QUICKSTI/Payment_Information_Page/ADDRESS'

2020-08-28 13:28:22 - [MESSAGE][PASSED] - Quicksti.ts:Entered'14-2 into Address

2020-08-28 13:28:22 - [TEST_STEP][PASSED] - utilities.SafeActions.safeType(findTestObject("CERTPAY_QUICKSTI/Payment_Information_Page/ZIP_CODE"), zipCode, "zipcode", [pageLoadTime]): Quicksti.ts:Entered'76102 into zipcode

2020-08-28 13:28:22 - [MESSAGE][PASSED] - Object 'Object Repository/CERTPAY_QUICKSTI/Payment_Information_Page/ZIP_CODE' is present

2020-08-28 13:28:22 - [MESSAGE][PASSED] - Object 'Object Repository/CERTPAY_QUICKSTI/Payment_Information_Page/ZIP_CODE' is visible

2020-08-28 13:28:23 - [MESSAGE][PASSED] - Object 'Object Repository/CERTPAY_QUICKSTI/Payment_Information_Page/ZIP_CODE' is present

2020-08-28 13:28:24 - [MESSAGE][PASSED] - Text '76102' is set on object 'Object Repository/CERTPAY_QUICKSTI/Payment_Information_Page/ZIP_CODE'

2020-08-28 13:28:24 - [MESSAGE][PASSED] - Quicksti.ts:Entered'76102 into zipcode

2020-08-28 13:28:24 - [TEST_STEP][PASSED] - utilities.SafeActions.safeType(findTestObject("CERTPAY_QUICKSTI/Payment_Information_Page/TELEPHONE"), telephone, "Telephone", [pageLoadTime]): Quicksti.ts:Entered'9989897654 into Telephone

2020-08-28 13:28:24 - [MESSAGE][PASSED] - Object 'Object Repository/CERTPAY_QUICKSTI/Payment_Information_Page/TELEPHONE' is present

2020-08-28 13:28:25 - [MESSAGE][PASSED] - Object 'Object Repository/CERTPAY_QUICKSTI/Payment_Information_Page/TELEPHONE' is visible

2020-08-28 13:28:25 - [MESSAGE][PASSED] - Object 'Object Repository/CERTPAY_QUICKSTI/Payment_Information_Page/TELEPHONE' is present

2020-08-28 13:28:26 - [MESSAGE][PASSED] - Text '9989897654' is set on object 'Object Repository/CERTPAY_QUICKSTI/Payment_Information_Page/TELEPHONE'

2020-08-28 13:28:26 - [MESSAGE][PASSED] - Quicksti.ts:Entered'9989897654 into Telephone

2020-08-28 13:28:26 - [TEST_STEP][PASSED] - utilities.SafeActions.safeType(findTestObject("CERTPAY_QUICKSTI/Payment_Information_Page/EMAIL_ADDRESS"), emailAddress, "EMAIL address", [pageLoadTime]): Quicksti.ts:Entered'testing@zenq.com into EMAIL address

2020-08-28 13:28:27 - [MESSAGE][PASSED] - Object 'Object Repository/CERTPAY_QUICKSTI/Payment_Information_Page/EMAIL_ADDRESS' is present

2020-08-28 13:28:27 - [MESSAGE][PASSED] - Object 'Object Repository/CERTPAY_QUICKSTI/Payment_Information_Page/EMAIL_ADDRESS' is visible

2020-08-28 13:28:27 - [MESSAGE][PASSED] - Object 'Object Repository/CERTPAY_QUICKSTI/Payment_Information_Page/EMAIL_ADDRESS' is present

2020-08-28 13:28:29 - [MESSAGE][PASSED] - Text 'testing@zenq.com' is set on object 'Object Repository/CERTPAY_QUICKSTI/Payment_Information_Page/EMAIL_ADDRESS'

2020-08-28 13:28:29 - [MESSAGE][PASSED] - Quicksti.ts:Entered'testing@zenq.com into EMAIL address

2020-08-28 13:28:29 - [TEST_STEP][PASSED] - utilities.SafeActions.safeClick(findTestObject("CERTPAY_QUICKSTI/Payment_Information_Page/NEXT_BUTTON"), "Next", [pageLoadTime]): Quicksti.ts:Clicked on the Next

2020-08-28 13:28:29 - [MESSAGE][INFO] - safeClicking

2020-08-28 13:28:29 - [MESSAGE][PASSED] - Object 'Object Repository/CERTPAY_QUICKSTI/Payment_Information_Page/NEXT_BUTTON' is present

2020-08-28 13:28:29 - [MESSAGE][PASSED] - Object 'Object Repository/CERTPAY_QUICKSTI/Payment_Information_Page/NEXT_BUTTON' is clickable

2020-08-28 13:28:33 - [MESSAGE][PASSED] - Object: 'Object Repository/CERTPAY_QUICKSTI/Payment_Information_Page/NEXT_BUTTON' is clicked on

2020-08-28 13:28:33 - [MESSAGE][PASSED] - Quicksti.ts:Clicked on the Next

2020-08-28 13:28:33 - [TEST_STEP][PASSED] - pages.Quicksti.verifyUserPaymentDetails(paymentAmount, firstName, lastName, CardNumber): pages.Quicksti.verifyUserPaymentDetails is PASSED

2020-08-28 13:28:33 - [MESSAGE][PASSED] - Text of object 'Object Repository/CERTPAY_QUICKSTI/Payment_Details_Verification_Page/AMOUNT' is: '$30.00'

2020-08-28 13:28:33 - [MESSAGE][PASSED] - Actual text '30.00' and expected text '30.00' are matched  using regular expression

2020-08-28 13:28:34 - [MESSAGE][PASSED] - Text of object 'Object Repository/CERTPAY_QUICKSTI/Payment_Details_Verification_Page/NAME' is: 'Tester Zenq1'

2020-08-28 13:28:34 - [MESSAGE][PASSED] - Actual text 'Tester Zenq1' and expected text 'Tester Zenq1' are matched  using regular expression

2020-08-28 13:28:34 - [MESSAGE][PASSED] - Text of object 'Object Repository/CERTPAY_QUICKSTI/Payment_Details_Verification_Page/CARD_NUMBER' is: '...0018'

2020-08-28 13:28:34 - [MESSAGE][PASSED] - Actual text '0018' and expected text '0018' are matched  using regular expression

2020-08-28 13:28:34 - [MESSAGE][PASSED] - pages.Quicksti.verifyUserPaymentDetails is PASSED

2020-08-28 13:28:34 - [TEST_STEP][PASSED] - delay(2): Delayed 2 second(s)

2020-08-28 13:28:36 - [MESSAGE][PASSED] - Delayed 2 second(s)

2020-08-28 13:28:36 - [TEST_STEP][PASSED] - scrollToElement(findTestObject("CERTPAY_QUICKSTI/Payment_Details_Verification_Page/PROCESS"), 0): Scroll to object 'Object Repository/CERTPAY_QUICKSTI/Payment_Details_Verification_Page/PROCESS' successfully

2020-08-28 13:28:36 - [MESSAGE][WARNING] - Timeout '0' is invalid. Using default page load timeout: '30'

2020-08-28 13:28:36 - [MESSAGE][PASSED] - Scroll to object 'Object Repository/CERTPAY_QUICKSTI/Payment_Details_Verification_Page/PROCESS' successfully

2020-08-28 13:28:36 - [TEST_STEP][PASSED] - utilities.SafeActions.safeClick(findTestObject("CERTPAY_QUICKSTI/Payment_Details_Verification_Page/PROCESS"), "Process", [pageLoadTime]): Quicksti.ts:Clicked on the Process

2020-08-28 13:28:36 - [MESSAGE][INFO] - safeClicking

2020-08-28 13:28:37 - [MESSAGE][PASSED] - Object 'Object Repository/CERTPAY_QUICKSTI/Payment_Details_Verification_Page/PROCESS' is present

2020-08-28 13:28:37 - [MESSAGE][PASSED] - Object 'Object Repository/CERTPAY_QUICKSTI/Payment_Details_Verification_Page/PROCESS' is clickable

2020-08-28 13:28:42 - [MESSAGE][PASSED] - Object: 'Object Repository/CERTPAY_QUICKSTI/Payment_Details_Verification_Page/PROCESS' is clicked on

2020-08-28 13:28:42 - [MESSAGE][PASSED] - Quicksti.ts:Clicked on the Process

2020-08-28 13:28:42 - [TEST_STEP][PASSED] - PaymentId = pages.Quicksti.verifyPaymentApproval(findTestObject("CERTPAY_QUICKSTI/Payment_Details_Verification_Page/APPROVED")): Payment is approved

2020-08-28 13:28:42 - [MESSAGE][PASSED] - Text of object 'Object Repository/CERTPAY_QUICKSTI/Payment_Details_Verification_Page/PAYMENT_ID' is: '100176102092'

2020-08-28 13:28:42 - [MESSAGE][PASSED] - Object 'Object Repository/CERTPAY_QUICKSTI/Payment_Details_Verification_Page/APPROVED' is present

2020-08-28 13:28:42 - [MESSAGE][PASSED] - Payment is approved

2020-08-28 13:28:44 - [TEST_STEP][PASSED] - navigateToUrl(Reports_url): Navigate to 'https://qa-certpayreports.faps.net/BureauLogin/login.aspx' successfully

2020-08-28 13:28:48 - [MESSAGE][PASSED] - Navigate to 'https://qa-certpayreports.faps.net/BureauLogin/login.aspx' successfully

2020-08-28 13:28:48 - [TEST_STEP][PASSED] - pages.Bureau_Login_Page.loginToReportsSite(userName, password, accessCode): Quicksti.ts:Clicked on the LOGIN

2020-08-28 13:28:49 - [MESSAGE][PASSED] - Object 'Object Repository/MAKE_ PAYMENT/Home_ Page/USER_NAME' is present

2020-08-28 13:28:49 - [MESSAGE][PASSED] - Object 'Object Repository/MAKE_ PAYMENT/Home_ Page/USER_NAME' is visible

2020-08-28 13:28:49 - [MESSAGE][PASSED] - Object 'Object Repository/MAKE_ PAYMENT/Home_ Page/USER_NAME' is present

2020-08-28 13:28:50 - [MESSAGE][PASSED] - Text 'ZenQ' is set on object 'Object Repository/MAKE_ PAYMENT/Home_ Page/USER_NAME'

2020-08-28 13:28:50 - [MESSAGE][PASSED] - Quicksti.ts:Entered'ZenQ into username

2020-08-28 13:28:51 - [MESSAGE][PASSED] - Object 'Object Repository/MAKE_ PAYMENT/Home_ Page/BUREAU_PASSWORD' is present

2020-08-28 13:28:51 - [MESSAGE][PASSED] - Object 'Object Repository/MAKE_ PAYMENT/Home_ Page/BUREAU_PASSWORD' is visible

2020-08-28 13:28:51 - [MESSAGE][PASSED] - Object 'Object Repository/MAKE_ PAYMENT/Home_ Page/BUREAU_PASSWORD' is present

2020-08-28 13:28:53 - [MESSAGE][PASSED] - Text 'Zenq@123' is set on object 'Object Repository/MAKE_ PAYMENT/Home_ Page/BUREAU_PASSWORD'

2020-08-28 13:28:53 - [MESSAGE][PASSED] - Quicksti.ts:Entered'Zenq@123 into password

2020-08-28 13:28:53 - [MESSAGE][PASSED] - Object 'Object Repository/MAKE_ PAYMENT/Home_ Page/BUREAU_ACCESS_CODE' is present

2020-08-28 13:28:53 - [MESSAGE][PASSED] - Object 'Object Repository/MAKE_ PAYMENT/Home_ Page/BUREAU_ACCESS_CODE' is visible

2020-08-28 13:28:54 - [MESSAGE][PASSED] - Object 'Object Repository/MAKE_ PAYMENT/Home_ Page/BUREAU_ACCESS_CODE' is present

2020-08-28 13:28:55 - [MESSAGE][PASSED] - Text 'certpaytest' is set on object 'Object Repository/MAKE_ PAYMENT/Home_ Page/BUREAU_ACCESS_CODE'

2020-08-28 13:28:55 - [MESSAGE][PASSED] - Quicksti.ts:Entered'certpaytest into AccessCode

2020-08-28 13:28:55 - [MESSAGE][INFO] - safeClicking

2020-08-28 13:28:55 - [MESSAGE][PASSED] - Object 'Object Repository/MAKE_ PAYMENT/Home_ Page/LOGIN_BUTTON' is present

2020-08-28 13:28:56 - [MESSAGE][PASSED] - Object 'Object Repository/MAKE_ PAYMENT/Home_ Page/LOGIN_BUTTON' is clickable

2020-08-28 13:29:00 - [MESSAGE][PASSED] - Object: 'Object Repository/MAKE_ PAYMENT/Home_ Page/LOGIN_BUTTON' is clicked on

2020-08-28 13:29:00 - [MESSAGE][PASSED] - Quicksti.ts:Clicked on the LOGIN

2020-08-28 13:29:00 - [TEST_STEP][NOT_RUN] - mouseOver(findTestObject("REPORTS_PAGE/REPORTING")): NOT_RUN: mouseOver(findTestObject("REPORTS_PAGE/REPORTING"))

2020-08-28 13:29:00 - [MESSAGE][NOT_RUN] - NOT_RUN: mouseOver(findTestObject("REPORTS_PAGE/REPORTING"))

2020-08-28 13:29:00 - [TEST_STEP][PASSED] - delay(1): Delayed 1 second(s)

2020-08-28 13:29:01 - [MESSAGE][PASSED] - Delayed 1 second(s)

2020-08-28 13:29:01 - [TEST_STEP][PASSED] - utilities.SafeActions.safeClick(findTestObject("REPORTS_PAGE/REPORTING"), "Reporting", [pageLoadTime]): Quicksti.ts:Clicked on the Reporting

2020-08-28 13:29:01 - [MESSAGE][INFO] - safeClicking

2020-08-28 13:29:01 - [MESSAGE][PASSED] - Object 'Object Repository/REPORTS_PAGE/REPORTING' is present

2020-08-28 13:29:01 - [MESSAGE][PASSED] - Object 'Object Repository/REPORTS_PAGE/REPORTING' is clickable

2020-08-28 13:29:03 - [MESSAGE][PASSED] - Object: 'Object Repository/REPORTS_PAGE/REPORTING' is clicked on

2020-08-28 13:29:03 - [MESSAGE][PASSED] - Quicksti.ts:Clicked on the Reporting

2020-08-28 13:29:03 - [TEST_STEP][PASSED] - utilities.SafeActions.safeClick(findTestObject("REPORTS_PAGE/REPORTING"), "Reporting", [pageLoadTime]): Quicksti.ts:Clicked on the Reporting

2020-08-28 13:29:03 - [MESSAGE][INFO] - safeClicking

2020-08-28 13:29:03 - [MESSAGE][PASSED] - Object 'Object Repository/REPORTS_PAGE/REPORTING' is present

2020-08-28 13:29:03 - [MESSAGE][PASSED] - Object 'Object Repository/REPORTS_PAGE/REPORTING' is clickable

2020-08-28 13:29:05 - [MESSAGE][PASSED] - Object: 'Object Repository/REPORTS_PAGE/REPORTING' is clicked on

2020-08-28 13:29:05 - [MESSAGE][PASSED] - Quicksti.ts:Clicked on the Reporting

2020-08-28 13:29:05 - [TEST_STEP][PASSED] - utilities.SafeActions.safeClick(findTestObject("REPORTS_PAGE/QUICK_FIND_PAYMENT"), "Quick find payment", [pageLoadTime]): Quicksti.ts:Clicked on the Quick find payment

2020-08-28 13:29:05 - [MESSAGE][INFO] - safeClicking

2020-08-28 13:29:05 - [MESSAGE][PASSED] - Object 'Object Repository/REPORTS_PAGE/QUICK_FIND_PAYMENT' is present

2020-08-28 13:29:05 - [MESSAGE][PASSED] - Object 'Object Repository/REPORTS_PAGE/QUICK_FIND_PAYMENT' is clickable

2020-08-28 13:29:08 - [MESSAGE][PASSED] - Object: 'Object Repository/REPORTS_PAGE/QUICK_FIND_PAYMENT' is clicked on

2020-08-28 13:29:08 - [MESSAGE][PASSED] - Quicksti.ts:Clicked on the Quick find payment

2020-08-28 13:29:08 - [TEST_STEP][FAILED] - utilities.SafeActions.safeType(findTestObject("SEARCH_PAYMENT/PAYMENT_ID_INPUT_FIELD"), PaymentId, "Payment id", [pageLoadTime]): Unable to verify object 'Object Repository/SEARCH_PAYMENT/PAYMENT_ID_INPUT_FIELD' is visible

2020-08-28 13:30:40 - [MESSAGE][INFO] - Unable to find the element located by 'By.xpath: //input[@id='MainContent_txtPaymentID']'. Please recheck the objects properties to make sure the desired element is located. 

2020-08-28 13:30:40 - [MESSAGE][WARNING] - Object 'Object Repository/SEARCH_PAYMENT/PAYMENT_ID_INPUT_FIELD' is not present after 60 second(s)

2020-08-28 13:31:26 - [MESSAGE][INFO] - Unable to find the element located by 'By.xpath: //input[@id='MainContent_txtPaymentID']'. Please recheck the objects properties to make sure the desired element is located. 

2020-08-28 13:31:27 - [MESSAGE][FAILED] - Web element with id: 'Object Repository/SEARCH_PAYMENT/PAYMENT_ID_INPUT_FIELD' located by 'By.xpath: //input[@id='MainContent_txtPaymentID']' not found (Root cause: com.kms.katalon.core.exception.StepFailedException: Web element with id: 'Object Repository/SEARCH_PAYMENT/PAYMENT_ID_INPUT_FIELD' located by 'By.xpath: //input[@id='MainContent_txtPaymentID']' not found
	at com.kms.katalon.core.webui.keyword.internal.WebUIKeywordMain.stepFailed(WebUIKeywordMain.groovy:64)
	at com.kms.katalon.core.webui.keyword.builtin.VerifyElementVisibleKeyword$_verifyElementVisible_closure1.doCall(VerifyElementVisibleKeyword.groovy:89)
	at com.kms.katalon.core.webui.keyword.builtin.VerifyElementVisibleKeyword$_verifyElementVisible_closure1.call(VerifyElementVisibleKeyword.groovy)
	at com.kms.katalon.core.webui.keyword.internal.WebUIKeywordMain.runKeyword(WebUIKeywordMain.groovy:20)
	at com.kms.katalon.core.webui.keyword.builtin.VerifyElementVisibleKeyword.verifyElementVisible(VerifyElementVisibleKeyword.groovy:97)
	at com.kms.katalon.core.webui.keyword.builtin.VerifyElementVisibleKeyword.execute(VerifyElementVisibleKeyword.groovy:67)
	at com.kms.katalon.core.keyword.internal.KeywordExecutor.executeKeywordForPlatform(KeywordExecutor.groovy:72)
	at com.kms.katalon.core.webui.keyword.WebUiBuiltInKeywords.verifyElementVisible(WebUiBuiltInKeywords.groovy:372)
	at com.kms.katalon.core.webui.keyword.WebUiBuiltInKeywords$verifyElementVisible$2.call(Unknown Source)
	at utilities.SafeActions.safeType(SafeActions.groovy:109)
	at utilities.SafeActions.invokeMethod(SafeActions.groovy)
	at com.kms.katalon.core.main.CustomKeywordDelegatingMetaClass.invokeStaticMethod(CustomKeywordDelegatingMetaClass.java:50)
	at TC_004_MultiBureauSite_MultiBureaus_SingleLinePayment.run(TC_004_MultiBureauSite_MultiBureaus_SingleLinePayment:143)
	at com.kms.katalon.core.main.ScriptEngine.run(ScriptEngine.java:194)
	at com.kms.katalon.core.main.ScriptEngine.runScriptAsRawText(ScriptEngine.java:119)
	at com.kms.katalon.core.main.TestCaseExecutor.runScript(TestCaseExecutor.java:337)
	at com.kms.katalon.core.main.TestCaseExecutor.doExecute(TestCaseExecutor.java:328)
	at com.kms.katalon.core.main.TestCaseExecutor.processExecutionPhase(TestCaseExecutor.java:307)
	at com.kms.katalon.core.main.TestCaseExecutor.accessMainPhase(TestCaseExecutor.java:299)
	at com.kms.katalon.core.main.TestCaseExecutor.execute(TestCaseExecutor.java:233)
	at com.kms.katalon.core.main.TestSuiteExecutor.accessTestCaseMainPhase(TestSuiteExecutor.java:169)
	at com.kms.katalon.core.main.TestSuiteExecutor.accessTestSuiteMainPhase(TestSuiteExecutor.java:142)
	at com.kms.katalon.core.main.TestSuiteExecutor.execute(TestSuiteExecutor.java:91)
	at com.kms.katalon.core.main.TestCaseMain.startTestSuite(TestCaseMain.java:157)
	at com.kms.katalon.core.main.TestCaseMain$startTestSuite$0.call(Unknown Source)
	at TempTestSuite1598599635439.run(TempTestSuite1598599635439.groovy:36)
)
[[ATTACHMENT|C:\\Users\\admin\\git\\Sush_Certpay\\Reports\\20200828_125714\\Certpay_testSuite\\Quicksti\\20200828_125715\\1598601686427.png]]

2020-08-28 13:31:27 - [MESSAGE][FAILED] - Unable to verify object 'Object Repository/SEARCH_PAYMENT/PAYMENT_ID_INPUT_FIELD' is visible (Root cause: com.kms.katalon.core.exception.StepFailedException: Unable to verify object 'Object Repository/SEARCH_PAYMENT/PAYMENT_ID_INPUT_FIELD' is visible
	at com.kms.katalon.core.webui.keyword.internal.WebUIKeywordMain.stepFailed(WebUIKeywordMain.groovy:64)
	at com.kms.katalon.core.webui.keyword.internal.WebUIKeywordMain.runKeyword(WebUIKeywordMain.groovy:26)
	at com.kms.katalon.core.webui.keyword.builtin.VerifyElementVisibleKeyword.verifyElementVisible(VerifyElementVisibleKeyword.groovy:97)
	at com.kms.katalon.core.webui.keyword.builtin.VerifyElementVisibleKeyword.execute(VerifyElementVisibleKeyword.groovy:67)
	at com.kms.katalon.core.keyword.internal.KeywordExecutor.executeKeywordForPlatform(KeywordExecutor.groovy:72)
	at com.kms.katalon.core.webui.keyword.WebUiBuiltInKeywords.verifyElementVisible(WebUiBuiltInKeywords.groovy:372)
	at com.kms.katalon.core.webui.keyword.WebUiBuiltInKeywords$verifyElementVisible$2.call(Unknown Source)
	at utilities.SafeActions.safeType(SafeActions.groovy:109)
	at utilities.SafeActions.invokeMethod(SafeActions.groovy)
	at com.kms.katalon.core.main.CustomKeywordDelegatingMetaClass.invokeStaticMethod(CustomKeywordDelegatingMetaClass.java:50)
	at TC_004_MultiBureauSite_MultiBureaus_SingleLinePayment.run(TC_004_MultiBureauSite_MultiBureaus_SingleLinePayment:143)
	at com.kms.katalon.core.main.ScriptEngine.run(ScriptEngine.java:194)
	at com.kms.katalon.core.main.ScriptEngine.runScriptAsRawText(ScriptEngine.java:119)
	at com.kms.katalon.core.main.TestCaseExecutor.runScript(TestCaseExecutor.java:337)
	at com.kms.katalon.core.main.TestCaseExecutor.doExecute(TestCaseExecutor.java:328)
	at com.kms.katalon.core.main.TestCaseExecutor.processExecutionPhase(TestCaseExecutor.java:307)
	at com.kms.katalon.core.main.TestCaseExecutor.accessMainPhase(TestCaseExecutor.java:299)
	at com.kms.katalon.core.main.TestCaseExecutor.execute(TestCaseExecutor.java:233)
	at com.kms.katalon.core.main.TestSuiteExecutor.accessTestCaseMainPhase(TestSuiteExecutor.java:169)
	at com.kms.katalon.core.main.TestSuiteExecutor.accessTestSuiteMainPhase(TestSuiteExecutor.java:142)
	at com.kms.katalon.core.main.TestSuiteExecutor.execute(TestSuiteExecutor.java:91)
	at com.kms.katalon.core.main.TestCaseMain.startTestSuite(TestCaseMain.java:157)
	at com.kms.katalon.core.main.TestCaseMain$startTestSuite$0.call(Unknown Source)
	at TempTestSuite1598599635439.run(TempTestSuite1598599635439.groovy:36)
Caused by: com.kms.katalon.core.exception.StepFailedException: Web element with id: 'Object Repository/SEARCH_PAYMENT/PAYMENT_ID_INPUT_FIELD' located by 'By.xpath: //input[@id='MainContent_txtPaymentID']' not found
	at com.kms.katalon.core.webui.keyword.internal.WebUIKeywordMain.stepFailed(WebUIKeywordMain.groovy:64)
	at com.kms.katalon.core.webui.keyword.builtin.VerifyElementVisibleKeyword$_verifyElementVisible_closure1.doCall(VerifyElementVisibleKeyword.groovy:89)
	at com.kms.katalon.core.webui.keyword.builtin.VerifyElementVisibleKeyword$_verifyElementVisible_closure1.call(VerifyElementVisibleKeyword.groovy)
	at com.kms.katalon.core.webui.keyword.internal.WebUIKeywordMain.runKeyword(WebUIKeywordMain.groovy:20)
	... 22 more
)
[[ATTACHMENT|C:\\Users\\admin\\git\\Sush_Certpay\\Reports\\20200828_125714\\Certpay_testSuite\\Quicksti\\20200828_125715\\1598601687095.png]]

2020-08-28 13:31:27 - [MESSAGE][FAILED] - Unable to verify object 'Object Repository/SEARCH_PAYMENT/PAYMENT_ID_INPUT_FIELD' is visible

2020-08-28 13:31:27 - [TEST_STEP][PASSED] - Start listener action : afterTestCase: Browser is closed

2020-08-28 13:31:27 - [TEST_STEP][PASSED] - closeBrowser(): Browser is closed

2020-08-28 13:31:31 - [MESSAGE][PASSED] - Browser is closed]]></system-out>
         <system-err><![CDATA[2020-08-28 13:21:06 - [TEST_CASE][FAILED] - Test Cases/Certpay_Quicksti/TC_004_MultiBureauSite_MultiBureaus_SingleLinePayment: Test Cases/Certpay_Quicksti/TC_004_MultiBureauSite_MultiBureaus_SingleLinePayment FAILED.
Reason:
com.kms.katalon.core.exception.StepFailedException: Unable to verify match
	at com.kms.katalon.core.util.KeywordUtil.markFailed(KeywordUtil.java:19)
	at com.kms.katalon.core.util.KeywordUtil$markFailed$1.call(Unknown Source)
	at pages.Search_Page.validateApprovedTransactionsInReports(Search_Page.groovy:106)
	at pages.Search_Page.invokeMethod(Search_Page.groovy)
	at com.kms.katalon.core.main.CustomKeywordDelegatingMetaClass.invokeStaticMethod(CustomKeywordDelegatingMetaClass.java:50)
	at TC_004_MultiBureauSite_MultiBureaus_SingleLinePayment.run(TC_004_MultiBureauSite_MultiBureaus_SingleLinePayment:149)
	at com.kms.katalon.core.main.ScriptEngine.run(ScriptEngine.java:194)
	at com.kms.katalon.core.main.ScriptEngine.runScriptAsRawText(ScriptEngine.java:119)
	at com.kms.katalon.core.main.TestCaseExecutor.runScript(TestCaseExecutor.java:337)
	at com.kms.katalon.core.main.TestCaseExecutor.doExecute(TestCaseExecutor.java:328)
	at com.kms.katalon.core.main.TestCaseExecutor.processExecutionPhase(TestCaseExecutor.java:307)
	at com.kms.katalon.core.main.TestCaseExecutor.accessMainPhase(TestCaseExecutor.java:299)
	at com.kms.katalon.core.main.TestCaseExecutor.execute(TestCaseExecutor.java:233)
	at com.kms.katalon.core.main.TestSuiteExecutor.accessTestCaseMainPhase(TestSuiteExecutor.java:169)
	at com.kms.katalon.core.main.TestSuiteExecutor.accessTestSuiteMainPhase(TestSuiteExecutor.java:142)
	at com.kms.katalon.core.main.TestSuiteExecutor.execute(TestSuiteExecutor.java:91)
	at com.kms.katalon.core.main.TestCaseMain.startTestSuite(TestCaseMain.java:157)
	at com.kms.katalon.core.main.TestCaseMain$startTestSuite$0.call(Unknown Source)
	at TempTestSuite1598599635439.run(TempTestSuite1598599635439.groovy:36)]]></system-err>
      </testcase>
      <testcase name="Test Cases/Certpay_Quicksti/TC_005_MultiBureauSite_MultiBureaus_MultiLinePayments" time="360.754" classname="Test Cases/Certpay_Quicksti/TC_005_MultiBureauSite_MultiBureaus_MultiLinePayments" status="FAILED">
         <failure type="FAILED" message="Test Cases/Certpay_Quicksti/TC_005_MultiBureauSite_MultiBureaus_MultiLinePayments FAILED.
Reason:
com.kms.katalon.core.exception.StepFailedException: Unable to verify match
	at com.kms.katalon.core.util.KeywordUtil.markFailed(KeywordUtil.java:19)
	at com.kms.katalon.core.util.KeywordUtil$markFailed$1.call(Unknown Source)
	at pages.Search_Page.validateApprovedTransactionsInReports(Search_Page.groovy:106)
	at pages.Search_Page.invokeMethod(Search_Page.groovy)
	at com.kms.katalon.core.main.CustomKeywordDelegatingMetaClass.invokeStaticMethod(CustomKeywordDelegatingMetaClass.java:50)
	at TC_005_MultiBureauSite_MultiBureaus_MultiLinePayments.run(TC_005_MultiBureauSite_MultiBureaus_MultiLinePayments:188)
	at com.kms.katalon.core.main.ScriptEngine.run(ScriptEngine.java:194)
	at com.kms.katalon.core.main.ScriptEngine.runScriptAsRawText(ScriptEngine.java:119)
	at com.kms.katalon.core.main.TestCaseExecutor.runScript(TestCaseExecutor.java:337)
	at com.kms.katalon.core.main.TestCaseExecutor.doExecute(TestCaseExecutor.java:328)
	at com.kms.katalon.core.main.TestCaseExecutor.processExecutionPhase(TestCaseExecutor.java:307)
	at com.kms.katalon.core.main.TestCaseExecutor.accessMainPhase(TestCaseExecutor.java:299)
	at com.kms.katalon.core.main.TestCaseExecutor.execute(TestCaseExecutor.java:233)
	at com.kms.katalon.core.main.TestSuiteExecutor.accessTestCaseMainPhase(TestSuiteExecutor.java:169)
	at com.kms.katalon.core.main.TestSuiteExecutor.accessTestSuiteMainPhase(TestSuiteExecutor.java:142)
	at com.kms.katalon.core.main.TestSuiteExecutor.execute(TestSuiteExecutor.java:91)
	at com.kms.katalon.core.main.TestCaseMain.startTestSuite(TestCaseMain.java:157)
	at com.kms.katalon.core.main.TestCaseMain$startTestSuite$0.call(Unknown Source)
	at TempTestSuite1598599635439.run(TempTestSuite1598599635439.groovy:36)
"/>
         <system-out><![CDATA[2020-08-28 13:31:31 - [TEST_CASE][FAILED] - Test Cases/Certpay_Quicksti/TC_005_MultiBureauSite_MultiBureaus_MultiLinePayments: Test Cases/Certpay_Quicksti/TC_005_MultiBureauSite_MultiBureaus_MultiLinePayments FAILED.
Reason:
com.kms.katalon.core.exception.StepFailedException: Unable to verify match
	at com.kms.katalon.core.util.KeywordUtil.markFailed(KeywordUtil.java:19)
	at com.kms.katalon.core.util.KeywordUtil$markFailed$1.call(Unknown Source)
	at pages.Search_Page.validateApprovedTransactionsInReports(Search_Page.groovy:106)
	at pages.Search_Page.invokeMethod(Search_Page.groovy)
	at com.kms.katalon.core.main.CustomKeywordDelegatingMetaClass.invokeStaticMethod(CustomKeywordDelegatingMetaClass.java:50)
	at TC_005_MultiBureauSite_MultiBureaus_MultiLinePayments.run(TC_005_MultiBureauSite_MultiBureaus_MultiLinePayments:188)
	at com.kms.katalon.core.main.ScriptEngine.run(ScriptEngine.java:194)
	at com.kms.katalon.core.main.ScriptEngine.runScriptAsRawText(ScriptEngine.java:119)
	at com.kms.katalon.core.main.TestCaseExecutor.runScript(TestCaseExecutor.java:337)
	at com.kms.katalon.core.main.TestCaseExecutor.doExecute(TestCaseExecutor.java:328)
	at com.kms.katalon.core.main.TestCaseExecutor.processExecutionPhase(TestCaseExecutor.java:307)
	at com.kms.katalon.core.main.TestCaseExecutor.accessMainPhase(TestCaseExecutor.java:299)
	at com.kms.katalon.core.main.TestCaseExecutor.execute(TestCaseExecutor.java:233)
	at com.kms.katalon.core.main.TestSuiteExecutor.accessTestCaseMainPhase(TestSuiteExecutor.java:169)
	at com.kms.katalon.core.main.TestSuiteExecutor.accessTestSuiteMainPhase(TestSuiteExecutor.java:142)
	at com.kms.katalon.core.main.TestSuiteExecutor.execute(TestSuiteExecutor.java:91)
	at com.kms.katalon.core.main.TestCaseMain.startTestSuite(TestCaseMain.java:157)
	at com.kms.katalon.core.main.TestCaseMain$startTestSuite$0.call(Unknown Source)
	at TempTestSuite1598599635439.run(TempTestSuite1598599635439.groovy:36)


2020-08-28 13:31:31 - [TEST_STEP][PASSED] - Start listener action : beforeTestCase: null

2020-08-28 13:31:32 - [TEST_STEP][PASSED] - data = findTestData("Certpay/MultiBureau_MultiLine"): null

2020-08-28 13:31:32 - [TEST_STEP][PASSED] - amountList = []: null

2020-08-28 13:31:32 - [TEST_STEP][PASSED] - referenceList = []: null

2020-08-28 13:31:32 - [TEST_STEP][PASSED] - paymentTypeList = []: null

2020-08-28 13:31:32 - [TEST_STEP][PASSED] - quantityList = []: null

2020-08-28 13:31:32 - [TEST_STEP][PASSED] - commentsList = []: null

2020-08-28 13:31:32 - [TEST_STEP][PASSED] - paymentIdList = []: null

2020-08-28 13:31:32 - [TEST_STEP][PASSED] - list = new java.util.ArrayList(): null

2020-08-28 13:31:32 - [TEST_STEP][FAILED] - for (def index : (1..data.getRowNumbers())): null

2020-08-28 13:31:32 - [TEST_STEP][PASSED] - firstName = data.getValue("FirstName", index): null

2020-08-28 13:31:32 - [TEST_STEP][PASSED] - lastName = data.getValue("LastName", index): null

2020-08-28 13:31:32 - [TEST_STEP][PASSED] - cardNum = data.getValue("CardNumber", index): null

2020-08-28 13:31:32 - [TEST_STEP][PASSED] - expMonth = data.getValue("ExpMonth", index): null

2020-08-28 13:31:32 - [TEST_STEP][PASSED] - expYear = data.getValue("ExpYear", index): null

2020-08-28 13:31:32 - [TEST_STEP][PASSED] - securityCode = data.getValue("SecurityCode", index): null

2020-08-28 13:31:32 - [TEST_STEP][PASSED] - paymentAmount = data.getValue("PaymentAmount", index): null

2020-08-28 13:31:32 - [TEST_STEP][PASSED] - paymentType = data.getValue("PaymentType", index): null

2020-08-28 13:31:32 - [TEST_STEP][PASSED] - quantity = data.getValue("Quantity", index): null

2020-08-28 13:31:32 - [TEST_STEP][PASSED] - comments = data.getValue("Comments", index): null

2020-08-28 13:31:32 - [TEST_STEP][PASSED] - referenceNum = data.getValue("ReferenceNum", index): null

2020-08-28 13:31:32 - [TEST_STEP][PASSED] - address = data.getValue("Address", index): null

2020-08-28 13:31:32 - [TEST_STEP][PASSED] - zipCode = data.getValue("Zipcode", index): null

2020-08-28 13:31:32 - [TEST_STEP][PASSED] - telephone = data.getValue("Telephone", index): null

2020-08-28 13:31:32 - [TEST_STEP][PASSED] - emailAddress = data.getValue("EmailAddress", index): null

2020-08-28 13:31:32 - [TEST_STEP][PASSED] - cardType = data.getValue("CardType", index): null

2020-08-28 13:31:32 - [TEST_STEP][PASSED] - amountList = paymentAmount.split(","): null

2020-08-28 13:31:32 - [TEST_STEP][PASSED] - referenceList = referenceNum.split(","): null

2020-08-28 13:31:32 - [TEST_STEP][PASSED] - paymentTypeList = paymentType.split(","): null

2020-08-28 13:31:32 - [TEST_STEP][PASSED] - commentsList = comments.split(","): null

2020-08-28 13:31:32 - [TEST_STEP][PASSED] - quantityList = quantity.split(","): null

2020-08-28 13:31:32 - [TEST_STEP][PASSED] - utilities.SafeActions.openBrowser(Quicksti_Url, [pageLoadTime]): Browser launched successfully

2020-08-28 13:31:32 - [MESSAGE][INFO] - Opening Browser

2020-08-28 13:31:32 - [MESSAGE][INFO] - Starting 'Chrome' driver

2020-08-28 13:31:44 - [MESSAGE][PASSED] - Browser is opened with url: 'https://qa-certpayquicksti.faps.net/'

2020-08-28 13:31:46 - [MESSAGE][PASSED] - Current window maximized

2020-08-28 13:31:46 - [MESSAGE][PASSED] - Browser launched successfully

2020-08-28 13:31:46 - [TEST_STEP][PASSED] - utilities.SafeActions.safeCheck(findTestObject("CERTPAY_QUICKSTI/Login_ Page/MULTI_BUREAU_CHECKBOX"), "Multi Bureau", [pageLoadTime]): Quicksti.ts:Checkbox 'Multi Bureau'is selected

2020-08-28 13:31:46 - [MESSAGE][PASSED] - Object 'Object Repository/CERTPAY_QUICKSTI/Login_ Page/MULTI_BUREAU_CHECKBOX' is present

2020-08-28 13:31:47 - [MESSAGE][PASSED] - Object 'Object Repository/CERTPAY_QUICKSTI/Login_ Page/MULTI_BUREAU_CHECKBOX' is present

2020-08-28 13:31:49 - [MESSAGE][PASSED] - Object: 'Object Repository/CERTPAY_QUICKSTI/Login_ Page/MULTI_BUREAU_CHECKBOX' is clicked on

2020-08-28 13:31:49 - [MESSAGE][PASSED] - Quicksti.ts:Checkbox 'Multi Bureau'is selected

2020-08-28 13:31:49 - [TEST_STEP][PASSED] - utilities.SafeActions.safeType(findTestObject("CERTPAY_QUICKSTI/Login_ Page/TELLER_ID"), teller_id, "Bureau code", [pageLoadTime]): Quicksti.ts:Entered'zenq into Bureau code

2020-08-28 13:31:51 - [MESSAGE][PASSED] - Object 'Object Repository/CERTPAY_QUICKSTI/Login_ Page/TELLER_ID' is present

2020-08-28 13:31:51 - [MESSAGE][PASSED] - Object 'Object Repository/CERTPAY_QUICKSTI/Login_ Page/TELLER_ID' is visible

2020-08-28 13:31:52 - [MESSAGE][PASSED] - Object 'Object Repository/CERTPAY_QUICKSTI/Login_ Page/TELLER_ID' is present

2020-08-28 13:31:53 - [MESSAGE][PASSED] - Text 'zenq' is set on object 'Object Repository/CERTPAY_QUICKSTI/Login_ Page/TELLER_ID'

2020-08-28 13:31:53 - [MESSAGE][PASSED] - Quicksti.ts:Entered'zenq into Bureau code

2020-08-28 13:31:53 - [TEST_STEP][PASSED] - utilities.SafeActions.safeClick(findTestObject("CERTPAY_QUICKSTI/Login_ Page/NEXT_BUTTON"), "Next button", [pageLoadTime]): Quicksti.ts:Clicked on the Next button

2020-08-28 13:31:53 - [MESSAGE][INFO] - safeClicking

2020-08-28 13:31:53 - [MESSAGE][PASSED] - Object 'Object Repository/CERTPAY_QUICKSTI/Login_ Page/NEXT_BUTTON' is present

2020-08-28 13:31:53 - [MESSAGE][PASSED] - Object 'Object Repository/CERTPAY_QUICKSTI/Login_ Page/NEXT_BUTTON' is clickable

2020-08-28 13:31:58 - [MESSAGE][PASSED] - Object: 'Object Repository/CERTPAY_QUICKSTI/Login_ Page/NEXT_BUTTON' is clicked on

2020-08-28 13:31:58 - [MESSAGE][PASSED] - Quicksti.ts:Clicked on the Next button

2020-08-28 13:31:58 - [TEST_STEP][PASSED] - for ([i = 0, i <= amountList.size() - 1, (i++)]): Quicksti.ts:Entered'2 into Quntity

2020-08-28 13:31:58 - [TEST_STEP][PASSED] - s = Integer.toString(i): null

2020-08-28 13:31:58 - [TEST_STEP][PASSED] - pages.Quicksti.setCommnets("0", s, commentsList.get(i)): Quicksti.ts:Entered'Testing into Comments

2020-08-28 13:31:59 - [MESSAGE][PASSED] - Object '' is present

2020-08-28 13:31:59 - [MESSAGE][PASSED] - Object '' is visible

2020-08-28 13:31:59 - [MESSAGE][PASSED] - Object '' is present

2020-08-28 13:32:01 - [MESSAGE][PASSED] - Text 'Testing' is set on object ''

2020-08-28 13:32:01 - [MESSAGE][PASSED] - Quicksti.ts:Entered'Testing into Comments

2020-08-28 13:32:01 - [TEST_STEP][PASSED] - utilities.SafeActions.safeType(findTestObject("CERTPAY_QUICKSTI/Payment_Information_Page/PAYMENT_AMOUNT"), amountList.get(i), "Payment Amount", [pageLoadTime]): Quicksti.ts:Entered'45.00 into Payment Amount

2020-08-28 13:32:01 - [MESSAGE][PASSED] - Object 'Object Repository/CERTPAY_QUICKSTI/Payment_Information_Page/PAYMENT_AMOUNT' is present

2020-08-28 13:32:01 - [MESSAGE][PASSED] - Object 'Object Repository/CERTPAY_QUICKSTI/Payment_Information_Page/PAYMENT_AMOUNT' is visible

2020-08-28 13:32:02 - [MESSAGE][PASSED] - Object 'Object Repository/CERTPAY_QUICKSTI/Payment_Information_Page/PAYMENT_AMOUNT' is present

2020-08-28 13:32:03 - [MESSAGE][PASSED] - Text '45.00' is set on object 'Object Repository/CERTPAY_QUICKSTI/Payment_Information_Page/PAYMENT_AMOUNT'

2020-08-28 13:32:03 - [MESSAGE][PASSED] - Quicksti.ts:Entered'45.00 into Payment Amount

2020-08-28 13:32:03 - [TEST_STEP][PASSED] - pages.Quicksti.setAmountDetailsForMultiBureau(s, paymentTypeList.get(i), "0", referenceList.get(i), quantityList.get(i)): Quicksti.ts:Entered'1 into Quntity

2020-08-28 13:32:04 - [MESSAGE][PASSED] - Object '' is visible

2020-08-28 13:32:04 - [MESSAGE][PASSED] - Object '' is present

2020-08-28 13:32:05 - [MESSAGE][PASSED] - Object: '' is clicked on

2020-08-28 13:32:07 - [MESSAGE][PASSED] - All options with label 'Licenses' are selected in object ''  using regular expression

2020-08-28 13:32:07 - [MESSAGE][PASSED] - selected dropdown option by visible text  Licensesfrom Payment Type

2020-08-28 13:32:07 - [MESSAGE][PASSED] - Object '' is present

2020-08-28 13:32:07 - [MESSAGE][PASSED] - Object '' is visible

2020-08-28 13:32:07 - [MESSAGE][PASSED] - Object '' is present

2020-08-28 13:32:09 - [MESSAGE][PASSED] - Text '11' is set on object ''

2020-08-28 13:32:09 - [MESSAGE][PASSED] - Quicksti.ts:Entered'11 into RefrenceNumber

2020-08-28 13:32:09 - [MESSAGE][PASSED] - Object '' is present

2020-08-28 13:32:09 - [MESSAGE][PASSED] - Object '' is visible

2020-08-28 13:32:10 - [MESSAGE][PASSED] - Object '' is present

2020-08-28 13:32:11 - [MESSAGE][PASSED] - Text '1' is set on object ''

2020-08-28 13:32:11 - [MESSAGE][PASSED] - Quicksti.ts:Entered'1 into Quntity

2020-08-28 13:32:11 - [TEST_STEP][PASSED] - s = Integer.toString(i): null

2020-08-28 13:32:11 - [TEST_STEP][PASSED] - pages.Quicksti.setCommnets("0", s, commentsList.get(i)): Quicksti.ts:Entered'Tester into Comments

2020-08-28 13:32:11 - [MESSAGE][PASSED] - Object '' is present

2020-08-28 13:32:12 - [MESSAGE][PASSED] - Object '' is visible

2020-08-28 13:32:12 - [MESSAGE][PASSED] - Object '' is present

2020-08-28 13:32:13 - [MESSAGE][PASSED] - Text 'Tester' is set on object ''

2020-08-28 13:32:13 - [MESSAGE][PASSED] - Quicksti.ts:Entered'Tester into Comments

2020-08-28 13:32:13 - [TEST_STEP][PASSED] - utilities.SafeActions.safeType(findTestObject("CERTPAY_QUICKSTI/Payment_Information_Page/PAYMENT_AMOUNT"), amountList.get(i), "Payment Amount", [pageLoadTime]): Quicksti.ts:Entered'35.00 into Payment Amount

2020-08-28 13:32:14 - [MESSAGE][PASSED] - Object 'Object Repository/CERTPAY_QUICKSTI/Payment_Information_Page/PAYMENT_AMOUNT' is present

2020-08-28 13:32:14 - [MESSAGE][PASSED] - Object 'Object Repository/CERTPAY_QUICKSTI/Payment_Information_Page/PAYMENT_AMOUNT' is visible

2020-08-28 13:32:14 - [MESSAGE][PASSED] - Object 'Object Repository/CERTPAY_QUICKSTI/Payment_Information_Page/PAYMENT_AMOUNT' is present

2020-08-28 13:32:16 - [MESSAGE][PASSED] - Text '35.00' is set on object 'Object Repository/CERTPAY_QUICKSTI/Payment_Information_Page/PAYMENT_AMOUNT'

2020-08-28 13:32:16 - [MESSAGE][PASSED] - Quicksti.ts:Entered'35.00 into Payment Amount

2020-08-28 13:32:16 - [TEST_STEP][PASSED] - pages.Quicksti.setAmountDetailsForMultiBureau(s, paymentTypeList.get(i), "0", referenceList.get(i), quantityList.get(i)): Quicksti.ts:Entered'2 into Quntity

2020-08-28 13:32:16 - [MESSAGE][PASSED] - Object '' is visible

2020-08-28 13:32:16 - [MESSAGE][PASSED] - Object '' is present

2020-08-28 13:32:18 - [MESSAGE][PASSED] - Object: '' is clicked on

2020-08-28 13:32:19 - [MESSAGE][PASSED] - All options with label 'Taxes' are selected in object ''  using regular expression

2020-08-28 13:32:19 - [MESSAGE][PASSED] - selected dropdown option by visible text  Taxesfrom Payment Type

2020-08-28 13:32:19 - [MESSAGE][PASSED] - Object '' is present

2020-08-28 13:32:20 - [MESSAGE][PASSED] - Object '' is visible

2020-08-28 13:32:20 - [MESSAGE][PASSED] - Object '' is present

2020-08-28 13:32:21 - [MESSAGE][PASSED] - Text '12' is set on object ''

2020-08-28 13:32:21 - [MESSAGE][PASSED] - Quicksti.ts:Entered'12 into RefrenceNumber

2020-08-28 13:32:21 - [MESSAGE][PASSED] - Object '' is present

2020-08-28 13:32:22 - [MESSAGE][PASSED] - Object '' is visible

2020-08-28 13:32:22 - [MESSAGE][PASSED] - Object '' is present

2020-08-28 13:32:23 - [MESSAGE][PASSED] - Text '2' is set on object ''

2020-08-28 13:32:23 - [MESSAGE][PASSED] - Quicksti.ts:Entered'2 into Quntity

2020-08-28 13:32:23 - [TEST_STEP][PASSED] - s = Integer.toString(i): null

2020-08-28 13:32:23 - [TEST_STEP][PASSED] - pages.Quicksti.setCommnets("0", s, commentsList.get(i)): Quicksti.ts:Entered'Testing into Comments

2020-08-28 13:32:24 - [MESSAGE][PASSED] - Object '' is present

2020-08-28 13:32:24 - [MESSAGE][PASSED] - Object '' is visible

2020-08-28 13:32:24 - [MESSAGE][PASSED] - Object '' is present

2020-08-28 13:32:26 - [MESSAGE][PASSED] - Text 'Testing' is set on object ''

2020-08-28 13:32:26 - [MESSAGE][PASSED] - Quicksti.ts:Entered'Testing into Comments

2020-08-28 13:32:26 - [TEST_STEP][PASSED] - utilities.SafeActions.safeType(findTestObject("CERTPAY_QUICKSTI/Payment_Information_Page/PAYMENT_AMOUNT"), amountList.get(i), "Payment Amount", [pageLoadTime]): Quicksti.ts:Entered'20.00 into Payment Amount

2020-08-28 13:32:26 - [MESSAGE][PASSED] - Object 'Object Repository/CERTPAY_QUICKSTI/Payment_Information_Page/PAYMENT_AMOUNT' is present

2020-08-28 13:32:26 - [MESSAGE][PASSED] - Object 'Object Repository/CERTPAY_QUICKSTI/Payment_Information_Page/PAYMENT_AMOUNT' is visible

2020-08-28 13:32:27 - [MESSAGE][PASSED] - Object 'Object Repository/CERTPAY_QUICKSTI/Payment_Information_Page/PAYMENT_AMOUNT' is present

2020-08-28 13:32:28 - [MESSAGE][PASSED] - Text '20.00' is set on object 'Object Repository/CERTPAY_QUICKSTI/Payment_Information_Page/PAYMENT_AMOUNT'

2020-08-28 13:32:28 - [MESSAGE][PASSED] - Quicksti.ts:Entered'20.00 into Payment Amount

2020-08-28 13:32:28 - [TEST_STEP][PASSED] - pages.Quicksti.setAmountDetailsForMultiBureau(s, paymentTypeList.get(i), "0", referenceList.get(i), quantityList.get(i)): Quicksti.ts:Entered'2 into Quntity

2020-08-28 13:32:29 - [MESSAGE][PASSED] - Object '' is visible

2020-08-28 13:32:29 - [MESSAGE][PASSED] - Object '' is present

2020-08-28 13:32:30 - [MESSAGE][PASSED] - Object: '' is clicked on

2020-08-28 13:32:32 - [MESSAGE][PASSED] - All options with label 'Court Fines' are selected in object ''  using regular expression

2020-08-28 13:32:32 - [MESSAGE][PASSED] - selected dropdown option by visible text  Court Finesfrom Payment Type

2020-08-28 13:32:32 - [MESSAGE][PASSED] - Object '' is present

2020-08-28 13:32:33 - [MESSAGE][PASSED] - Object '' is visible

2020-08-28 13:32:33 - [MESSAGE][PASSED] - Object '' is present

2020-08-28 13:32:34 - [MESSAGE][PASSED] - Text '13' is set on object ''

2020-08-28 13:32:34 - [MESSAGE][PASSED] - Quicksti.ts:Entered'13 into RefrenceNumber

2020-08-28 13:32:35 - [MESSAGE][PASSED] - Object '' is present

2020-08-28 13:32:35 - [MESSAGE][PASSED] - Object '' is visible

2020-08-28 13:32:35 - [MESSAGE][PASSED] - Object '' is present

2020-08-28 13:32:37 - [MESSAGE][PASSED] - Text '2' is set on object ''

2020-08-28 13:32:37 - [MESSAGE][PASSED] - Quicksti.ts:Entered'2 into Quntity

2020-08-28 13:32:37 - [TEST_STEP][PASSED] - for ([i = 0, i <= amountList.size() - 1, (i++)]): Quicksti.ts:Entered'2 into Quntity

2020-08-28 13:32:37 - [TEST_STEP][PASSED] - s = Integer.toString(i): null

2020-08-28 13:32:37 - [TEST_STEP][PASSED] - utilities.SafeActions.safeType(findTestObject("CERTPAY_QUICKSTI/Payment_Information_Page/MULTIBUREAU_PAYMENT_AMOUNT"), amountList.get(i), "Payment Amount", [pageLoadTime]): Quicksti.ts:Entered'45.00 into Payment Amount

2020-08-28 13:32:37 - [MESSAGE][PASSED] - Object 'Object Repository/CERTPAY_QUICKSTI/Payment_Information_Page/MULTIBUREAU_PAYMENT_AMOUNT' is present

2020-08-28 13:32:37 - [MESSAGE][PASSED] - Object 'Object Repository/CERTPAY_QUICKSTI/Payment_Information_Page/MULTIBUREAU_PAYMENT_AMOUNT' is visible

2020-08-28 13:32:38 - [MESSAGE][PASSED] - Object 'Object Repository/CERTPAY_QUICKSTI/Payment_Information_Page/MULTIBUREAU_PAYMENT_AMOUNT' is present

2020-08-28 13:32:39 - [MESSAGE][PASSED] - Text '45.00' is set on object 'Object Repository/CERTPAY_QUICKSTI/Payment_Information_Page/MULTIBUREAU_PAYMENT_AMOUNT'

2020-08-28 13:32:39 - [MESSAGE][PASSED] - Quicksti.ts:Entered'45.00 into Payment Amount

2020-08-28 13:32:39 - [TEST_STEP][PASSED] - pages.Quicksti.setAmountDetailsForMultiBureau(s, "Registration Fees", "1", referenceList.get(i), quantityList.get(i)): Quicksti.ts:Entered'1 into Quntity

2020-08-28 13:32:40 - [MESSAGE][PASSED] - Object '' is visible

2020-08-28 13:32:40 - [MESSAGE][PASSED] - Object '' is present

2020-08-28 13:32:41 - [MESSAGE][PASSED] - Object: '' is clicked on

2020-08-28 13:32:42 - [MESSAGE][PASSED] - All options with label 'Registration Fees' are selected in object ''  using regular expression

2020-08-28 13:32:42 - [MESSAGE][PASSED] - selected dropdown option by visible text  Registration Feesfrom Payment Type

2020-08-28 13:32:42 - [MESSAGE][PASSED] - Object '' is present

2020-08-28 13:32:43 - [MESSAGE][PASSED] - Object '' is visible

2020-08-28 13:32:43 - [MESSAGE][PASSED] - Object '' is present

2020-08-28 13:32:44 - [MESSAGE][PASSED] - Text '11' is set on object ''

2020-08-28 13:32:44 - [MESSAGE][PASSED] - Quicksti.ts:Entered'11 into RefrenceNumber

2020-08-28 13:32:44 - [MESSAGE][PASSED] - Object '' is present

2020-08-28 13:32:45 - [MESSAGE][PASSED] - Object '' is visible

2020-08-28 13:32:45 - [MESSAGE][PASSED] - Object '' is present

2020-08-28 13:32:46 - [MESSAGE][PASSED] - Text '1' is set on object ''

2020-08-28 13:32:46 - [MESSAGE][PASSED] - Quicksti.ts:Entered'1 into Quntity

2020-08-28 13:32:46 - [TEST_STEP][PASSED] - s = Integer.toString(i): null

2020-08-28 13:32:46 - [TEST_STEP][PASSED] - utilities.SafeActions.safeType(findTestObject("CERTPAY_QUICKSTI/Payment_Information_Page/MULTIBUREAU_PAYMENT_AMOUNT"), amountList.get(i), "Payment Amount", [pageLoadTime]): Quicksti.ts:Entered'35.00 into Payment Amount

2020-08-28 13:32:47 - [MESSAGE][PASSED] - Object 'Object Repository/CERTPAY_QUICKSTI/Payment_Information_Page/MULTIBUREAU_PAYMENT_AMOUNT' is present

2020-08-28 13:32:47 - [MESSAGE][PASSED] - Object 'Object Repository/CERTPAY_QUICKSTI/Payment_Information_Page/MULTIBUREAU_PAYMENT_AMOUNT' is visible

2020-08-28 13:32:47 - [MESSAGE][PASSED] - Object 'Object Repository/CERTPAY_QUICKSTI/Payment_Information_Page/MULTIBUREAU_PAYMENT_AMOUNT' is present

2020-08-28 13:32:49 - [MESSAGE][PASSED] - Text '35.00' is set on object 'Object Repository/CERTPAY_QUICKSTI/Payment_Information_Page/MULTIBUREAU_PAYMENT_AMOUNT'

2020-08-28 13:32:49 - [MESSAGE][PASSED] - Quicksti.ts:Entered'35.00 into Payment Amount

2020-08-28 13:32:49 - [TEST_STEP][PASSED] - pages.Quicksti.setAmountDetailsForMultiBureau(s, "Registration Fees", "1", referenceList.get(i), quantityList.get(i)): Quicksti.ts:Entered'2 into Quntity

2020-08-28 13:32:49 - [MESSAGE][PASSED] - Object '' is visible

2020-08-28 13:32:50 - [MESSAGE][PASSED] - Object '' is present

2020-08-28 13:32:51 - [MESSAGE][PASSED] - Object: '' is clicked on

2020-08-28 13:32:52 - [MESSAGE][PASSED] - All options with label 'Registration Fees' are selected in object ''  using regular expression

2020-08-28 13:32:52 - [MESSAGE][PASSED] - selected dropdown option by visible text  Registration Feesfrom Payment Type

2020-08-28 13:32:52 - [MESSAGE][PASSED] - Object '' is present

2020-08-28 13:32:53 - [MESSAGE][PASSED] - Object '' is visible

2020-08-28 13:32:53 - [MESSAGE][PASSED] - Object '' is present

2020-08-28 13:32:54 - [MESSAGE][PASSED] - Text '12' is set on object ''

2020-08-28 13:32:54 - [MESSAGE][PASSED] - Quicksti.ts:Entered'12 into RefrenceNumber

2020-08-28 13:32:55 - [MESSAGE][PASSED] - Object '' is present

2020-08-28 13:32:55 - [MESSAGE][PASSED] - Object '' is visible

2020-08-28 13:32:55 - [MESSAGE][PASSED] - Object '' is present

2020-08-28 13:32:56 - [MESSAGE][PASSED] - Text '2' is set on object ''

2020-08-28 13:32:56 - [MESSAGE][PASSED] - Quicksti.ts:Entered'2 into Quntity

2020-08-28 13:32:56 - [TEST_STEP][PASSED] - s = Integer.toString(i): null

2020-08-28 13:32:56 - [TEST_STEP][PASSED] - utilities.SafeActions.safeType(findTestObject("CERTPAY_QUICKSTI/Payment_Information_Page/MULTIBUREAU_PAYMENT_AMOUNT"), amountList.get(i), "Payment Amount", [pageLoadTime]): Quicksti.ts:Entered'20.00 into Payment Amount

2020-08-28 13:32:57 - [MESSAGE][PASSED] - Object 'Object Repository/CERTPAY_QUICKSTI/Payment_Information_Page/MULTIBUREAU_PAYMENT_AMOUNT' is present

2020-08-28 13:32:57 - [MESSAGE][PASSED] - Object 'Object Repository/CERTPAY_QUICKSTI/Payment_Information_Page/MULTIBUREAU_PAYMENT_AMOUNT' is visible

2020-08-28 13:32:57 - [MESSAGE][PASSED] - Object 'Object Repository/CERTPAY_QUICKSTI/Payment_Information_Page/MULTIBUREAU_PAYMENT_AMOUNT' is present

2020-08-28 13:32:59 - [MESSAGE][PASSED] - Text '20.00' is set on object 'Object Repository/CERTPAY_QUICKSTI/Payment_Information_Page/MULTIBUREAU_PAYMENT_AMOUNT'

2020-08-28 13:32:59 - [MESSAGE][PASSED] - Quicksti.ts:Entered'20.00 into Payment Amount

2020-08-28 13:32:59 - [TEST_STEP][PASSED] - pages.Quicksti.setAmountDetailsForMultiBureau(s, "Registration Fees", "1", referenceList.get(i), quantityList.get(i)): Quicksti.ts:Entered'2 into Quntity

2020-08-28 13:32:59 - [MESSAGE][PASSED] - Object '' is visible

2020-08-28 13:32:59 - [MESSAGE][PASSED] - Object '' is present

2020-08-28 13:33:01 - [MESSAGE][PASSED] - Object: '' is clicked on

2020-08-28 13:33:02 - [MESSAGE][PASSED] - All options with label 'Registration Fees' are selected in object ''  using regular expression

2020-08-28 13:33:02 - [MESSAGE][PASSED] - selected dropdown option by visible text  Registration Feesfrom Payment Type

2020-08-28 13:33:02 - [MESSAGE][PASSED] - Object '' is present

2020-08-28 13:33:02 - [MESSAGE][PASSED] - Object '' is visible

2020-08-28 13:33:03 - [MESSAGE][PASSED] - Object '' is present

2020-08-28 13:33:04 - [MESSAGE][PASSED] - Text '13' is set on object ''

2020-08-28 13:33:04 - [MESSAGE][PASSED] - Quicksti.ts:Entered'13 into RefrenceNumber

2020-08-28 13:33:04 - [MESSAGE][PASSED] - Object '' is present

2020-08-28 13:33:05 - [MESSAGE][PASSED] - Object '' is visible

2020-08-28 13:33:05 - [MESSAGE][PASSED] - Object '' is present

2020-08-28 13:33:06 - [MESSAGE][PASSED] - Text '2' is set on object ''

2020-08-28 13:33:06 - [MESSAGE][PASSED] - Quicksti.ts:Entered'2 into Quntity

2020-08-28 13:33:06 - [TEST_STEP][PASSED] - for ([i = 0, i <= amountList.size() - 1, (i++)]): Quicksti.ts:Entered'Testing into Comments

2020-08-28 13:33:06 - [TEST_STEP][PASSED] - s = Integer.toString(i): null

2020-08-28 13:33:06 - [TEST_STEP][PASSED] - utilities.SafeActions.safeType(findTestObject("CERTPAY_QUICKSTI/Payment_Information_Page/MULTIBUREAU_PAY_AMOUNT2"), amountList.get(i), "Payment Amount", [pageLoadTime]): Quicksti.ts:Entered'45.00 into Payment Amount

2020-08-28 13:33:06 - [MESSAGE][PASSED] - Object 'Object Repository/CERTPAY_QUICKSTI/Payment_Information_Page/MULTIBUREAU_PAY_AMOUNT2' is present

2020-08-28 13:33:07 - [MESSAGE][PASSED] - Object 'Object Repository/CERTPAY_QUICKSTI/Payment_Information_Page/MULTIBUREAU_PAY_AMOUNT2' is visible

2020-08-28 13:33:07 - [MESSAGE][PASSED] - Object 'Object Repository/CERTPAY_QUICKSTI/Payment_Information_Page/MULTIBUREAU_PAY_AMOUNT2' is present

2020-08-28 13:33:09 - [MESSAGE][PASSED] - Text '45.00' is set on object 'Object Repository/CERTPAY_QUICKSTI/Payment_Information_Page/MULTIBUREAU_PAY_AMOUNT2'

2020-08-28 13:33:09 - [MESSAGE][PASSED] - Quicksti.ts:Entered'45.00 into Payment Amount

2020-08-28 13:33:09 - [TEST_STEP][PASSED] - pages.Quicksti.setAmountDetailsForMultiBureau(s, "Vehicles", "2", referenceList.get(i), quantityList.get(i)): Quicksti.ts:Entered'1 into Quntity

2020-08-28 13:33:09 - [MESSAGE][PASSED] - Object '' is visible

2020-08-28 13:33:09 - [MESSAGE][PASSED] - Object '' is present

2020-08-28 13:33:11 - [MESSAGE][PASSED] - Object: '' is clicked on

2020-08-28 13:33:12 - [MESSAGE][PASSED] - All options with label 'Vehicles' are selected in object ''  using regular expression

2020-08-28 13:33:12 - [MESSAGE][PASSED] - selected dropdown option by visible text  Vehiclesfrom Payment Type

2020-08-28 13:33:12 - [MESSAGE][PASSED] - Object '' is present

2020-08-28 13:33:13 - [MESSAGE][PASSED] - Object '' is visible

2020-08-28 13:33:13 - [MESSAGE][PASSED] - Object '' is present

2020-08-28 13:33:14 - [MESSAGE][PASSED] - Text '11' is set on object ''

2020-08-28 13:33:14 - [MESSAGE][PASSED] - Quicksti.ts:Entered'11 into RefrenceNumber

2020-08-28 13:33:15 - [MESSAGE][PASSED] - Object '' is present

2020-08-28 13:33:15 - [MESSAGE][PASSED] - Object '' is visible

2020-08-28 13:33:15 - [MESSAGE][PASSED] - Object '' is present

2020-08-28 13:33:16 - [MESSAGE][PASSED] - Text '1' is set on object ''

2020-08-28 13:33:16 - [MESSAGE][PASSED] - Quicksti.ts:Entered'1 into Quntity

2020-08-28 13:33:16 - [TEST_STEP][PASSED] - pages.Quicksti.setCommnets("2", s, commentsList.get(i)): Quicksti.ts:Entered'Testing into Comments

2020-08-28 13:33:17 - [MESSAGE][PASSED] - Object '' is present

2020-08-28 13:33:17 - [MESSAGE][PASSED] - Object '' is visible

2020-08-28 13:33:17 - [MESSAGE][PASSED] - Object '' is present

2020-08-28 13:33:19 - [MESSAGE][PASSED] - Text 'Testing' is set on object ''

2020-08-28 13:33:19 - [MESSAGE][PASSED] - Quicksti.ts:Entered'Testing into Comments

2020-08-28 13:33:19 - [TEST_STEP][PASSED] - s = Integer.toString(i): null

2020-08-28 13:33:19 - [TEST_STEP][PASSED] - utilities.SafeActions.safeType(findTestObject("CERTPAY_QUICKSTI/Payment_Information_Page/MULTIBUREAU_PAY_AMOUNT2"), amountList.get(i), "Payment Amount", [pageLoadTime]): Quicksti.ts:Entered'35.00 into Payment Amount

2020-08-28 13:33:19 - [MESSAGE][PASSED] - Object 'Object Repository/CERTPAY_QUICKSTI/Payment_Information_Page/MULTIBUREAU_PAY_AMOUNT2' is present

2020-08-28 13:33:19 - [MESSAGE][PASSED] - Object 'Object Repository/CERTPAY_QUICKSTI/Payment_Information_Page/MULTIBUREAU_PAY_AMOUNT2' is visible

2020-08-28 13:33:20 - [MESSAGE][PASSED] - Object 'Object Repository/CERTPAY_QUICKSTI/Payment_Information_Page/MULTIBUREAU_PAY_AMOUNT2' is present

2020-08-28 13:33:21 - [MESSAGE][PASSED] - Text '35.00' is set on object 'Object Repository/CERTPAY_QUICKSTI/Payment_Information_Page/MULTIBUREAU_PAY_AMOUNT2'

2020-08-28 13:33:21 - [MESSAGE][PASSED] - Quicksti.ts:Entered'35.00 into Payment Amount

2020-08-28 13:33:21 - [TEST_STEP][PASSED] - pages.Quicksti.setAmountDetailsForMultiBureau(s, "Vehicles", "2", referenceList.get(i), quantityList.get(i)): Quicksti.ts:Entered'2 into Quntity

2020-08-28 13:33:22 - [MESSAGE][PASSED] - Object '' is visible

2020-08-28 13:33:22 - [MESSAGE][PASSED] - Object '' is present

2020-08-28 13:33:23 - [MESSAGE][PASSED] - Object: '' is clicked on

2020-08-28 13:33:25 - [MESSAGE][PASSED] - All options with label 'Vehicles' are selected in object ''  using regular expression

2020-08-28 13:33:25 - [MESSAGE][PASSED] - selected dropdown option by visible text  Vehiclesfrom Payment Type

2020-08-28 13:33:25 - [MESSAGE][PASSED] - Object '' is present

2020-08-28 13:33:25 - [MESSAGE][PASSED] - Object '' is visible

2020-08-28 13:33:26 - [MESSAGE][PASSED] - Object '' is present

2020-08-28 13:33:27 - [MESSAGE][PASSED] - Text '12' is set on object ''

2020-08-28 13:33:27 - [MESSAGE][PASSED] - Quicksti.ts:Entered'12 into RefrenceNumber

2020-08-28 13:33:27 - [MESSAGE][PASSED] - Object '' is present

2020-08-28 13:33:28 - [MESSAGE][PASSED] - Object '' is visible

2020-08-28 13:33:28 - [MESSAGE][PASSED] - Object '' is present

2020-08-28 13:33:29 - [MESSAGE][PASSED] - Text '2' is set on object ''

2020-08-28 13:33:29 - [MESSAGE][PASSED] - Quicksti.ts:Entered'2 into Quntity

2020-08-28 13:33:29 - [TEST_STEP][PASSED] - pages.Quicksti.setCommnets("2", s, commentsList.get(i)): Quicksti.ts:Entered'Tester into Comments

2020-08-28 13:33:30 - [MESSAGE][PASSED] - Object '' is present

2020-08-28 13:33:30 - [MESSAGE][PASSED] - Object '' is visible

2020-08-28 13:33:30 - [MESSAGE][PASSED] - Object '' is present

2020-08-28 13:33:32 - [MESSAGE][PASSED] - Text 'Tester' is set on object ''

2020-08-28 13:33:32 - [MESSAGE][PASSED] - Quicksti.ts:Entered'Tester into Comments

2020-08-28 13:33:32 - [TEST_STEP][PASSED] - s = Integer.toString(i): null

2020-08-28 13:33:32 - [TEST_STEP][PASSED] - utilities.SafeActions.safeType(findTestObject("CERTPAY_QUICKSTI/Payment_Information_Page/MULTIBUREAU_PAY_AMOUNT2"), amountList.get(i), "Payment Amount", [pageLoadTime]): Quicksti.ts:Entered'20.00 into Payment Amount

2020-08-28 13:33:32 - [MESSAGE][PASSED] - Object 'Object Repository/CERTPAY_QUICKSTI/Payment_Information_Page/MULTIBUREAU_PAY_AMOUNT2' is present

2020-08-28 13:33:32 - [MESSAGE][PASSED] - Object 'Object Repository/CERTPAY_QUICKSTI/Payment_Information_Page/MULTIBUREAU_PAY_AMOUNT2' is visible

2020-08-28 13:33:33 - [MESSAGE][PASSED] - Object 'Object Repository/CERTPAY_QUICKSTI/Payment_Information_Page/MULTIBUREAU_PAY_AMOUNT2' is present

2020-08-28 13:33:34 - [MESSAGE][PASSED] - Text '20.00' is set on object 'Object Repository/CERTPAY_QUICKSTI/Payment_Information_Page/MULTIBUREAU_PAY_AMOUNT2'

2020-08-28 13:33:34 - [MESSAGE][PASSED] - Quicksti.ts:Entered'20.00 into Payment Amount

2020-08-28 13:33:34 - [TEST_STEP][PASSED] - pages.Quicksti.setAmountDetailsForMultiBureau(s, "Vehicles", "2", referenceList.get(i), quantityList.get(i)): Quicksti.ts:Entered'2 into Quntity

2020-08-28 13:33:35 - [MESSAGE][PASSED] - Object '' is visible

2020-08-28 13:33:35 - [MESSAGE][PASSED] - Object '' is present

2020-08-28 13:33:36 - [MESSAGE][PASSED] - Object: '' is clicked on

2020-08-28 13:33:37 - [MESSAGE][PASSED] - All options with label 'Vehicles' are selected in object ''  using regular expression

2020-08-28 13:33:37 - [MESSAGE][PASSED] - selected dropdown option by visible text  Vehiclesfrom Payment Type

2020-08-28 13:33:38 - [MESSAGE][PASSED] - Object '' is present

2020-08-28 13:33:38 - [MESSAGE][PASSED] - Object '' is visible

2020-08-28 13:33:38 - [MESSAGE][PASSED] - Object '' is present

2020-08-28 13:33:40 - [MESSAGE][PASSED] - Text '13' is set on object ''

2020-08-28 13:33:40 - [MESSAGE][PASSED] - Quicksti.ts:Entered'13 into RefrenceNumber

2020-08-28 13:33:40 - [MESSAGE][PASSED] - Object '' is present

2020-08-28 13:33:40 - [MESSAGE][PASSED] - Object '' is visible

2020-08-28 13:33:41 - [MESSAGE][PASSED] - Object '' is present

2020-08-28 13:33:42 - [MESSAGE][PASSED] - Text '2' is set on object ''

2020-08-28 13:33:42 - [MESSAGE][PASSED] - Quicksti.ts:Entered'2 into Quntity

2020-08-28 13:33:42 - [TEST_STEP][PASSED] - pages.Quicksti.setCommnets("2", s, commentsList.get(i)): Quicksti.ts:Entered'Testing into Comments

2020-08-28 13:33:42 - [MESSAGE][PASSED] - Object '' is present

2020-08-28 13:33:43 - [MESSAGE][PASSED] - Object '' is visible

2020-08-28 13:33:43 - [MESSAGE][PASSED] - Object '' is present

2020-08-28 13:33:45 - [MESSAGE][PASSED] - Text 'Testing' is set on object ''

2020-08-28 13:33:45 - [MESSAGE][PASSED] - Quicksti.ts:Entered'Testing into Comments

2020-08-28 13:33:45 - [TEST_STEP][PASSED] - utilities.SafeActions.safeClick(findTestObject("CERTPAY_QUICKSTI/Payment_Information_Page/MANUAL_ENTRY_BUTTON"), "ManualEntry", [pageLoadTime]): Quicksti.ts:Clicked on the ManualEntry

2020-08-28 13:33:45 - [MESSAGE][INFO] - safeClicking

2020-08-28 13:33:45 - [MESSAGE][PASSED] - Object 'Object Repository/CERTPAY_QUICKSTI/Payment_Information_Page/MANUAL_ENTRY_BUTTON' is present

2020-08-28 13:33:45 - [MESSAGE][PASSED] - Object 'Object Repository/CERTPAY_QUICKSTI/Payment_Information_Page/MANUAL_ENTRY_BUTTON' is clickable

2020-08-28 13:33:50 - [MESSAGE][PASSED] - Object: 'Object Repository/CERTPAY_QUICKSTI/Payment_Information_Page/MANUAL_ENTRY_BUTTON' is clicked on

2020-08-28 13:33:50 - [MESSAGE][PASSED] - Quicksti.ts:Clicked on the ManualEntry

2020-08-28 13:33:50 - [TEST_STEP][PASSED] - amount_Value = pages.Quicksti.getAttributeValue(findTestObject("CERTPAY_QUICKSTI/Payment_Information_Page/SUB_TOTAL")): pages.Quicksti.getAttributeValue is PASSED

2020-08-28 13:33:50 - [MESSAGE][PASSED] - Attribute 'value' of object 'Object Repository/CERTPAY_QUICKSTI/Payment_Information_Page/SUB_TOTAL' is: '45.00'

2020-08-28 13:33:50 - [MESSAGE][PASSED] - pages.Quicksti.getAttributeValue is PASSED

2020-08-28 13:33:50 - [TEST_STEP][PASSED] - CardNumber = pages.Quicksti.setUserPaymentDetails(firstName, lastName, cardNum): Quicksti.ts:Entered'4761739001010135 into CardNum

2020-08-28 13:33:51 - [MESSAGE][PASSED] - Object 'Object Repository/CERTPAY_QUICKSTI/Payment_Information_Page/FIRST_NAME' is present

2020-08-28 13:33:51 - [MESSAGE][PASSED] - Object 'Object Repository/CERTPAY_QUICKSTI/Payment_Information_Page/FIRST_NAME' is visible

2020-08-28 13:33:51 - [MESSAGE][PASSED] - Object 'Object Repository/CERTPAY_QUICKSTI/Payment_Information_Page/FIRST_NAME' is present

2020-08-28 13:33:53 - [MESSAGE][PASSED] - Text 'Tester' is set on object 'Object Repository/CERTPAY_QUICKSTI/Payment_Information_Page/FIRST_NAME'

2020-08-28 13:33:53 - [MESSAGE][PASSED] - Quicksti.ts:Entered'Tester into FirstName

2020-08-28 13:33:53 - [MESSAGE][PASSED] - Object 'Object Repository/CERTPAY_QUICKSTI/Payment_Information_Page/LAST_NAME' is present

2020-08-28 13:33:53 - [MESSAGE][PASSED] - Object 'Object Repository/CERTPAY_QUICKSTI/Payment_Information_Page/LAST_NAME' is visible

2020-08-28 13:33:54 - [MESSAGE][PASSED] - Object 'Object Repository/CERTPAY_QUICKSTI/Payment_Information_Page/LAST_NAME' is present

2020-08-28 13:33:55 - [MESSAGE][PASSED] - Text 'Zenq1' is set on object 'Object Repository/CERTPAY_QUICKSTI/Payment_Information_Page/LAST_NAME'

2020-08-28 13:33:55 - [MESSAGE][PASSED] - Quicksti.ts:Entered'Zenq1 into LAstName

2020-08-28 13:33:56 - [MESSAGE][PASSED] - Object 'Object Repository/CERTPAY_QUICKSTI/Payment_Information_Page/CARD_NUMBER' is present

2020-08-28 13:33:56 - [MESSAGE][PASSED] - Object 'Object Repository/CERTPAY_QUICKSTI/Payment_Information_Page/CARD_NUMBER' is visible

2020-08-28 13:33:56 - [MESSAGE][PASSED] - Object 'Object Repository/CERTPAY_QUICKSTI/Payment_Information_Page/CARD_NUMBER' is present

2020-08-28 13:33:58 - [MESSAGE][PASSED] - Text '4761739001010135' is set on object 'Object Repository/CERTPAY_QUICKSTI/Payment_Information_Page/CARD_NUMBER'

2020-08-28 13:33:58 - [MESSAGE][PASSED] - Quicksti.ts:Entered'4761739001010135 into CardNum

2020-08-28 13:33:58 - [TEST_STEP][PASSED] - pages.Quicksti.setExpDate(expMonth, expYear, securityCode): Quicksti.ts:Entered'207 into securityCode

2020-08-28 13:33:58 - [MESSAGE][PASSED] - Object 'Object Repository/CERTPAY_QUICKSTI/Payment_Information_Page/EXP_MONTH' is visible

2020-08-28 13:33:58 - [MESSAGE][PASSED] - Object 'Object Repository/CERTPAY_QUICKSTI/Payment_Information_Page/EXP_MONTH' is present

2020-08-28 13:34:00 - [MESSAGE][PASSED] - Object: 'Object Repository/CERTPAY_QUICKSTI/Payment_Information_Page/EXP_MONTH' is clicked on

2020-08-28 13:34:01 - [MESSAGE][PASSED] - All options with label '03' are selected in object 'Object Repository/CERTPAY_QUICKSTI/Payment_Information_Page/EXP_MONTH'  using regular expression

2020-08-28 13:34:01 - [MESSAGE][PASSED] - selected dropdown option by visible text  03from expMonth

2020-08-28 13:34:01 - [MESSAGE][PASSED] - Object 'Object Repository/CERTPAY_QUICKSTI/Payment_Information_Page/EXP_YEAR' is visible

2020-08-28 13:34:02 - [MESSAGE][PASSED] - Object 'Object Repository/CERTPAY_QUICKSTI/Payment_Information_Page/EXP_YEAR' is present

2020-08-28 13:34:03 - [MESSAGE][PASSED] - Object: 'Object Repository/CERTPAY_QUICKSTI/Payment_Information_Page/EXP_YEAR' is clicked on

2020-08-28 13:34:04 - [MESSAGE][PASSED] - All options with label '2022' are selected in object 'Object Repository/CERTPAY_QUICKSTI/Payment_Information_Page/EXP_YEAR'  using regular expression

2020-08-28 13:34:04 - [MESSAGE][PASSED] - selected dropdown option by visible text  2022from  expYear

2020-08-28 13:34:05 - [MESSAGE][PASSED] - Object 'Object Repository/CERTPAY_QUICKSTI/Payment_Information_Page/SECURITY_CODE' is present

2020-08-28 13:34:05 - [MESSAGE][PASSED] - Object 'Object Repository/CERTPAY_QUICKSTI/Payment_Information_Page/SECURITY_CODE' is visible

2020-08-28 13:34:05 - [MESSAGE][PASSED] - Object 'Object Repository/CERTPAY_QUICKSTI/Payment_Information_Page/SECURITY_CODE' is present

2020-08-28 13:34:07 - [MESSAGE][PASSED] - Text '207' is set on object 'Object Repository/CERTPAY_QUICKSTI/Payment_Information_Page/SECURITY_CODE'

2020-08-28 13:34:07 - [MESSAGE][PASSED] - Quicksti.ts:Entered'207 into securityCode

2020-08-28 13:34:07 - [TEST_STEP][PASSED] - utilities.SafeActions.safeType(findTestObject("CERTPAY_QUICKSTI/Payment_Information_Page/ADDRESS"), address, "Address", [pageLoadTime]): Quicksti.ts:Entered'14-2 into Address

2020-08-28 13:34:07 - [MESSAGE][PASSED] - Object 'Object Repository/CERTPAY_QUICKSTI/Payment_Information_Page/ADDRESS' is present

2020-08-28 13:34:07 - [MESSAGE][PASSED] - Object 'Object Repository/CERTPAY_QUICKSTI/Payment_Information_Page/ADDRESS' is visible

2020-08-28 13:34:08 - [MESSAGE][PASSED] - Object 'Object Repository/CERTPAY_QUICKSTI/Payment_Information_Page/ADDRESS' is present

2020-08-28 13:34:09 - [MESSAGE][PASSED] - Text '14-2' is set on object 'Object Repository/CERTPAY_QUICKSTI/Payment_Information_Page/ADDRESS'

2020-08-28 13:34:09 - [MESSAGE][PASSED] - Quicksti.ts:Entered'14-2 into Address

2020-08-28 13:34:09 - [TEST_STEP][PASSED] - utilities.SafeActions.safeType(findTestObject("CERTPAY_QUICKSTI/Payment_Information_Page/ZIP_CODE"), zipCode, "zipcode", [pageLoadTime]): Quicksti.ts:Entered'76102 into zipcode

2020-08-28 13:34:09 - [MESSAGE][PASSED] - Object 'Object Repository/CERTPAY_QUICKSTI/Payment_Information_Page/ZIP_CODE' is present

2020-08-28 13:34:10 - [MESSAGE][PASSED] - Object 'Object Repository/CERTPAY_QUICKSTI/Payment_Information_Page/ZIP_CODE' is visible

2020-08-28 13:34:10 - [MESSAGE][PASSED] - Object 'Object Repository/CERTPAY_QUICKSTI/Payment_Information_Page/ZIP_CODE' is present

2020-08-28 13:34:11 - [MESSAGE][PASSED] - Text '76102' is set on object 'Object Repository/CERTPAY_QUICKSTI/Payment_Information_Page/ZIP_CODE'

2020-08-28 13:34:11 - [MESSAGE][PASSED] - Quicksti.ts:Entered'76102 into zipcode

2020-08-28 13:34:11 - [TEST_STEP][PASSED] - utilities.SafeActions.safeType(findTestObject("CERTPAY_QUICKSTI/Payment_Information_Page/TELEPHONE"), telephone, "Telephone", [pageLoadTime]): Quicksti.ts:Entered'9988776655 into Telephone

2020-08-28 13:34:12 - [MESSAGE][PASSED] - Object 'Object Repository/CERTPAY_QUICKSTI/Payment_Information_Page/TELEPHONE' is present

2020-08-28 13:34:12 - [MESSAGE][PASSED] - Object 'Object Repository/CERTPAY_QUICKSTI/Payment_Information_Page/TELEPHONE' is visible

2020-08-28 13:34:12 - [MESSAGE][PASSED] - Object 'Object Repository/CERTPAY_QUICKSTI/Payment_Information_Page/TELEPHONE' is present

2020-08-28 13:34:14 - [MESSAGE][PASSED] - Text '9988776655' is set on object 'Object Repository/CERTPAY_QUICKSTI/Payment_Information_Page/TELEPHONE'

2020-08-28 13:34:14 - [MESSAGE][PASSED] - Quicksti.ts:Entered'9988776655 into Telephone

2020-08-28 13:34:14 - [TEST_STEP][PASSED] - utilities.SafeActions.safeType(findTestObject("CERTPAY_QUICKSTI/Payment_Information_Page/EMAIL_ADDRESS"), emailAddress, "EMAIL address", [pageLoadTime]): Quicksti.ts:Entered'testing@zenq.com into EMAIL address

2020-08-28 13:34:14 - [MESSAGE][PASSED] - Object 'Object Repository/CERTPAY_QUICKSTI/Payment_Information_Page/EMAIL_ADDRESS' is present

2020-08-28 13:34:15 - [MESSAGE][PASSED] - Object 'Object Repository/CERTPAY_QUICKSTI/Payment_Information_Page/EMAIL_ADDRESS' is visible

2020-08-28 13:34:15 - [MESSAGE][PASSED] - Object 'Object Repository/CERTPAY_QUICKSTI/Payment_Information_Page/EMAIL_ADDRESS' is present

2020-08-28 13:34:16 - [MESSAGE][PASSED] - Text 'testing@zenq.com' is set on object 'Object Repository/CERTPAY_QUICKSTI/Payment_Information_Page/EMAIL_ADDRESS'

2020-08-28 13:34:16 - [MESSAGE][PASSED] - Quicksti.ts:Entered'testing@zenq.com into EMAIL address

2020-08-28 13:34:16 - [TEST_STEP][PASSED] - utilities.SafeActions.safeClick(findTestObject("CERTPAY_QUICKSTI/Payment_Information_Page/NEXT_BUTTON"), "Next", [pageLoadTime]): Quicksti.ts:Clicked on the Next

2020-08-28 13:34:17 - [MESSAGE][INFO] - safeClicking

2020-08-28 13:34:17 - [MESSAGE][PASSED] - Object 'Object Repository/CERTPAY_QUICKSTI/Payment_Information_Page/NEXT_BUTTON' is present

2020-08-28 13:34:17 - [MESSAGE][PASSED] - Object 'Object Repository/CERTPAY_QUICKSTI/Payment_Information_Page/NEXT_BUTTON' is clickable

2020-08-28 13:34:21 - [MESSAGE][PASSED] - Object: 'Object Repository/CERTPAY_QUICKSTI/Payment_Information_Page/NEXT_BUTTON' is clicked on

2020-08-28 13:34:21 - [MESSAGE][PASSED] - Quicksti.ts:Clicked on the Next

2020-08-28 13:34:21 - [TEST_STEP][PASSED] - pages.Quicksti.verifyUserPaymentDetails(amountList.get(0), firstName, lastName, CardNumber): pages.Quicksti.verifyUserPaymentDetails is PASSED

2020-08-28 13:34:22 - [MESSAGE][PASSED] - Text of object 'Object Repository/CERTPAY_QUICKSTI/Payment_Details_Verification_Page/AMOUNT' is: '$45.00'

2020-08-28 13:34:22 - [MESSAGE][PASSED] - Actual text '45.00' and expected text '45.00' are matched  using regular expression

2020-08-28 13:34:22 - [MESSAGE][PASSED] - Text of object 'Object Repository/CERTPAY_QUICKSTI/Payment_Details_Verification_Page/NAME' is: 'Tester Zenq1'

2020-08-28 13:34:22 - [MESSAGE][PASSED] - Actual text 'Tester Zenq1' and expected text 'Tester Zenq1' are matched  using regular expression

2020-08-28 13:34:23 - [MESSAGE][PASSED] - Text of object 'Object Repository/CERTPAY_QUICKSTI/Payment_Details_Verification_Page/CARD_NUMBER' is: '...0135'

2020-08-28 13:34:23 - [MESSAGE][PASSED] - Actual text '0135' and expected text '0135' are matched  using regular expression

2020-08-28 13:34:23 - [MESSAGE][PASSED] - pages.Quicksti.verifyUserPaymentDetails is PASSED

2020-08-28 13:34:23 - [TEST_STEP][PASSED] - scrollToElement(findTestObject("CERTPAY_QUICKSTI/Payment_Details_Verification_Page/PROCESS"), 30): Scroll to object 'Object Repository/CERTPAY_QUICKSTI/Payment_Details_Verification_Page/PROCESS' successfully

2020-08-28 13:34:23 - [MESSAGE][PASSED] - Scroll to object 'Object Repository/CERTPAY_QUICKSTI/Payment_Details_Verification_Page/PROCESS' successfully

2020-08-28 13:34:23 - [TEST_STEP][PASSED] - utilities.SafeActions.safeClick(findTestObject("CERTPAY_QUICKSTI/Payment_Details_Verification_Page/PROCESS"), "Process", [pageLoadTime]): Quicksti.ts:Clicked on the Process

2020-08-28 13:34:23 - [MESSAGE][INFO] - safeClicking

2020-08-28 13:34:23 - [MESSAGE][PASSED] - Object 'Object Repository/CERTPAY_QUICKSTI/Payment_Details_Verification_Page/PROCESS' is present

2020-08-28 13:34:24 - [MESSAGE][PASSED] - Object 'Object Repository/CERTPAY_QUICKSTI/Payment_Details_Verification_Page/PROCESS' is clickable

2020-08-28 13:34:28 - [MESSAGE][PASSED] - Object: 'Object Repository/CERTPAY_QUICKSTI/Payment_Details_Verification_Page/PROCESS' is clicked on

2020-08-28 13:34:28 - [MESSAGE][PASSED] - Quicksti.ts:Clicked on the Process

2020-08-28 13:34:28 - [TEST_STEP][PASSED] - paymentId = pages.Quicksti.verifyPaymentApproval(findTestObject("CERTPAY_QUICKSTI/Payment_Details_Verification_Page/APPROVED")): Payment is approved

2020-08-28 13:34:29 - [MESSAGE][PASSED] - Text of object 'Object Repository/CERTPAY_QUICKSTI/Payment_Details_Verification_Page/PAYMENT_ID' is: '100176102104'

2020-08-28 13:34:29 - [MESSAGE][PASSED] - Object 'Object Repository/CERTPAY_QUICKSTI/Payment_Details_Verification_Page/APPROVED' is present

2020-08-28 13:34:29 - [MESSAGE][PASSED] - Payment is approved

2020-08-28 13:34:31 - [TEST_STEP][PASSED] - navigateToUrl(Reports_url): Navigate to 'https://qa-certpayreports.faps.net/BureauLogin/login.aspx' successfully

2020-08-28 13:34:35 - [MESSAGE][PASSED] - Navigate to 'https://qa-certpayreports.faps.net/BureauLogin/login.aspx' successfully

2020-08-28 13:34:35 - [TEST_STEP][PASSED] - pages.Bureau_Login_Page.loginToReportsSite(userName, password, accessCode): Quicksti.ts:Clicked on the LOGIN

2020-08-28 13:34:36 - [MESSAGE][PASSED] - Object 'Object Repository/MAKE_ PAYMENT/Home_ Page/USER_NAME' is present

2020-08-28 13:34:36 - [MESSAGE][PASSED] - Object 'Object Repository/MAKE_ PAYMENT/Home_ Page/USER_NAME' is visible

2020-08-28 13:34:36 - [MESSAGE][PASSED] - Object 'Object Repository/MAKE_ PAYMENT/Home_ Page/USER_NAME' is present

2020-08-28 13:34:37 - [MESSAGE][PASSED] - Text 'ZenQ' is set on object 'Object Repository/MAKE_ PAYMENT/Home_ Page/USER_NAME'

2020-08-28 13:34:37 - [MESSAGE][PASSED] - Quicksti.ts:Entered'ZenQ into username

2020-08-28 13:34:38 - [MESSAGE][PASSED] - Object 'Object Repository/MAKE_ PAYMENT/Home_ Page/BUREAU_PASSWORD' is present

2020-08-28 13:34:38 - [MESSAGE][PASSED] - Object 'Object Repository/MAKE_ PAYMENT/Home_ Page/BUREAU_PASSWORD' is visible

2020-08-28 13:34:38 - [MESSAGE][PASSED] - Object 'Object Repository/MAKE_ PAYMENT/Home_ Page/BUREAU_PASSWORD' is present

2020-08-28 13:34:40 - [MESSAGE][PASSED] - Text 'Zenq@123' is set on object 'Object Repository/MAKE_ PAYMENT/Home_ Page/BUREAU_PASSWORD'

2020-08-28 13:34:40 - [MESSAGE][PASSED] - Quicksti.ts:Entered'Zenq@123 into password

2020-08-28 13:34:40 - [MESSAGE][PASSED] - Object 'Object Repository/MAKE_ PAYMENT/Home_ Page/BUREAU_ACCESS_CODE' is present

2020-08-28 13:34:40 - [MESSAGE][PASSED] - Object 'Object Repository/MAKE_ PAYMENT/Home_ Page/BUREAU_ACCESS_CODE' is visible

2020-08-28 13:34:41 - [MESSAGE][PASSED] - Object 'Object Repository/MAKE_ PAYMENT/Home_ Page/BUREAU_ACCESS_CODE' is present

2020-08-28 13:34:42 - [MESSAGE][PASSED] - Text 'certpaytest' is set on object 'Object Repository/MAKE_ PAYMENT/Home_ Page/BUREAU_ACCESS_CODE'

2020-08-28 13:34:42 - [MESSAGE][PASSED] - Quicksti.ts:Entered'certpaytest into AccessCode

2020-08-28 13:34:42 - [MESSAGE][INFO] - safeClicking

2020-08-28 13:34:42 - [MESSAGE][PASSED] - Object 'Object Repository/MAKE_ PAYMENT/Home_ Page/LOGIN_BUTTON' is present

2020-08-28 13:34:43 - [MESSAGE][PASSED] - Object 'Object Repository/MAKE_ PAYMENT/Home_ Page/LOGIN_BUTTON' is clickable

2020-08-28 13:34:46 - [MESSAGE][PASSED] - Object: 'Object Repository/MAKE_ PAYMENT/Home_ Page/LOGIN_BUTTON' is clicked on

2020-08-28 13:34:46 - [MESSAGE][PASSED] - Quicksti.ts:Clicked on the LOGIN

2020-08-28 13:34:46 - [TEST_STEP][PASSED] - delay(1): Delayed 1 second(s)

2020-08-28 13:34:47 - [MESSAGE][PASSED] - Delayed 1 second(s)

2020-08-28 13:34:47 - [TEST_STEP][PASSED] - utilities.SafeActions.safeClick(findTestObject("REPORTS_PAGE/REPORTING"), "Reporting", [pageLoadTime]): Quicksti.ts:Clicked on the Reporting

2020-08-28 13:34:47 - [MESSAGE][INFO] - safeClicking

2020-08-28 13:34:47 - [MESSAGE][PASSED] - Object 'Object Repository/REPORTS_PAGE/REPORTING' is present

2020-08-28 13:34:48 - [MESSAGE][PASSED] - Object 'Object Repository/REPORTS_PAGE/REPORTING' is clickable

2020-08-28 13:34:49 - [MESSAGE][PASSED] - Object: 'Object Repository/REPORTS_PAGE/REPORTING' is clicked on

2020-08-28 13:34:49 - [MESSAGE][PASSED] - Quicksti.ts:Clicked on the Reporting

2020-08-28 13:34:49 - [TEST_STEP][PASSED] - utilities.SafeActions.safeClick(findTestObject("REPORTS_PAGE/REPORTING"), "Reporting", [pageLoadTime]): Quicksti.ts:Clicked on the Reporting

2020-08-28 13:34:49 - [MESSAGE][INFO] - safeClicking

2020-08-28 13:34:49 - [MESSAGE][PASSED] - Object 'Object Repository/REPORTS_PAGE/REPORTING' is present

2020-08-28 13:34:50 - [MESSAGE][PASSED] - Object 'Object Repository/REPORTS_PAGE/REPORTING' is clickable

2020-08-28 13:34:51 - [MESSAGE][PASSED] - Object: 'Object Repository/REPORTS_PAGE/REPORTING' is clicked on

2020-08-28 13:34:51 - [MESSAGE][PASSED] - Quicksti.ts:Clicked on the Reporting

2020-08-28 13:34:51 - [TEST_STEP][PASSED] - utilities.SafeActions.safeClick(findTestObject("REPORTS_PAGE/QUICK_FIND_PAYMENT"), "Quick find payment", [pageLoadTime]): Quicksti.ts:Clicked on the Quick find payment

2020-08-28 13:34:51 - [MESSAGE][INFO] - safeClicking

2020-08-28 13:34:51 - [MESSAGE][PASSED] - Object 'Object Repository/REPORTS_PAGE/QUICK_FIND_PAYMENT' is present

2020-08-28 13:34:52 - [MESSAGE][PASSED] - Object 'Object Repository/REPORTS_PAGE/QUICK_FIND_PAYMENT' is clickable

2020-08-28 13:34:54 - [MESSAGE][PASSED] - Object: 'Object Repository/REPORTS_PAGE/QUICK_FIND_PAYMENT' is clicked on

2020-08-28 13:34:54 - [MESSAGE][PASSED] - Quicksti.ts:Clicked on the Quick find payment

2020-08-28 13:34:54 - [TEST_STEP][PASSED] - utilities.SafeActions.safeType(findTestObject("SEARCH_PAYMENT/PAYMENT_ID_INPUT_FIELD"), paymentId, "Payment id", [pageLoadTime]): Quicksti.ts:Entered'100176102104 into Payment id

2020-08-28 13:34:54 - [MESSAGE][PASSED] - Object 'Object Repository/SEARCH_PAYMENT/PAYMENT_ID_INPUT_FIELD' is present

2020-08-28 13:34:55 - [MESSAGE][PASSED] - Object 'Object Repository/SEARCH_PAYMENT/PAYMENT_ID_INPUT_FIELD' is visible

2020-08-28 13:34:55 - [MESSAGE][PASSED] - Object 'Object Repository/SEARCH_PAYMENT/PAYMENT_ID_INPUT_FIELD' is present

2020-08-28 13:34:56 - [MESSAGE][PASSED] - Text '100176102104' is set on object 'Object Repository/SEARCH_PAYMENT/PAYMENT_ID_INPUT_FIELD'

2020-08-28 13:34:56 - [MESSAGE][PASSED] - Quicksti.ts:Entered'100176102104 into Payment id

2020-08-28 13:34:56 - [TEST_STEP][PASSED] - utilities.SafeActions.safeClick(findTestObject("SEARCH_PAYMENT/SEARCH_BUTTON_1"), "Search button", [pageLoadTime]): Quicksti.ts:Clicked on the Search button

2020-08-28 13:34:56 - [MESSAGE][INFO] - safeClicking

2020-08-28 13:34:57 - [MESSAGE][PASSED] - Object 'Object Repository/SEARCH_PAYMENT/SEARCH_BUTTON_1' is present

2020-08-28 13:34:57 - [MESSAGE][PASSED] - Object 'Object Repository/SEARCH_PAYMENT/SEARCH_BUTTON_1' is clickable

2020-08-28 13:35:00 - [MESSAGE][PASSED] - Object: 'Object Repository/SEARCH_PAYMENT/SEARCH_BUTTON_1' is clicked on

2020-08-28 13:35:00 - [MESSAGE][PASSED] - Quicksti.ts:Clicked on the Search button

2020-08-28 13:35:00 - [TEST_STEP][FAILED] - pages.Search_Page.validateApprovedTransactionsInReports(paymentId, cardType, amount_Value): com.kms.katalon.core.exception.StepFailedException: Unable to verify match

2020-08-28 13:35:46 - [MESSAGE][INFO] - Unable to find the element located by 'By.xpath: (//table[@class='payDetTable table-hover table-striped table-striped-vert'])[1]//tbody/tr[1]/td[2]'. Please recheck the objects properties to make sure the desired element is located. 

2020-08-28 13:35:46 - [MESSAGE][FAILED] - Unable to get text of object 'Object Repository/SEARCH_PAYMENT/REPORTS_PAYMNET_ID' (Root cause: com.kms.katalon.core.exception.StepFailedException: Unable to get text of object 'Object Repository/SEARCH_PAYMENT/REPORTS_PAYMNET_ID'
	at com.kms.katalon.core.webui.keyword.internal.WebUIKeywordMain.stepFailed(WebUIKeywordMain.groovy:64)
	at com.kms.katalon.core.webui.keyword.internal.WebUIKeywordMain.runKeyword(WebUIKeywordMain.groovy:26)
	at com.kms.katalon.core.webui.keyword.builtin.GetTextKeyword.getText(GetTextKeyword.groovy:88)
	at com.kms.katalon.core.webui.keyword.builtin.GetTextKeyword.execute(GetTextKeyword.groovy:67)
	at com.kms.katalon.core.keyword.internal.KeywordExecutor.executeKeywordForPlatform(KeywordExecutor.groovy:72)
	at com.kms.katalon.core.webui.keyword.WebUiBuiltInKeywords.getText(WebUiBuiltInKeywords.groovy:888)
	at com.kms.katalon.core.webui.keyword.WebUiBuiltInKeywords$getText$10.call(Unknown Source)
	at pages.Search_Page.validateApprovedTransactionsInReports(Search_Page.groovy:89)
	at pages.Search_Page.invokeMethod(Search_Page.groovy)
	at com.kms.katalon.core.main.CustomKeywordDelegatingMetaClass.invokeStaticMethod(CustomKeywordDelegatingMetaClass.java:50)
	at TC_005_MultiBureauSite_MultiBureaus_MultiLinePayments.run(TC_005_MultiBureauSite_MultiBureaus_MultiLinePayments:188)
	at com.kms.katalon.core.main.ScriptEngine.run(ScriptEngine.java:194)
	at com.kms.katalon.core.main.ScriptEngine.runScriptAsRawText(ScriptEngine.java:119)
	at com.kms.katalon.core.main.TestCaseExecutor.runScript(TestCaseExecutor.java:337)
	at com.kms.katalon.core.main.TestCaseExecutor.doExecute(TestCaseExecutor.java:328)
	at com.kms.katalon.core.main.TestCaseExecutor.processExecutionPhase(TestCaseExecutor.java:307)
	at com.kms.katalon.core.main.TestCaseExecutor.accessMainPhase(TestCaseExecutor.java:299)
	at com.kms.katalon.core.main.TestCaseExecutor.execute(TestCaseExecutor.java:233)
	at com.kms.katalon.core.main.TestSuiteExecutor.accessTestCaseMainPhase(TestSuiteExecutor.java:169)
	at com.kms.katalon.core.main.TestSuiteExecutor.accessTestSuiteMainPhase(TestSuiteExecutor.java:142)
	at com.kms.katalon.core.main.TestSuiteExecutor.execute(TestSuiteExecutor.java:91)
	at com.kms.katalon.core.main.TestCaseMain.startTestSuite(TestCaseMain.java:157)
	at com.kms.katalon.core.main.TestCaseMain$startTestSuite$0.call(Unknown Source)
	at TempTestSuite1598599635439.run(TempTestSuite1598599635439.groovy:36)
Caused by: com.kms.katalon.core.webui.exception.WebElementNotFoundException: Web element with id: 'Object Repository/SEARCH_PAYMENT/REPORTS_PAYMNET_ID' located by 'By.xpath: (//table[@class='payDetTable table-hover table-striped table-striped-vert'])[1]//tbody/tr[1]/td[2]' not found
	at com.kms.katalon.core.webui.common.WebUiCommonHelper.findWebElement(WebUiCommonHelper.java:1154)
	at com.kms.katalon.core.webui.keyword.internal.WebUIAbstractKeyword.findWebElement(WebUIAbstractKeyword.groovy:27)
	at com.kms.katalon.core.webui.keyword.internal.WebUIAbstractKeyword.findWebElement(WebUIAbstractKeyword.groovy:26)
	at com.kms.katalon.core.webui.keyword.builtin.GetTextKeyword$_getText_closure1.doCall(GetTextKeyword.groovy:78)
	at com.kms.katalon.core.webui.keyword.builtin.GetTextKeyword$_getText_closure1.call(GetTextKeyword.groovy)
	at com.kms.katalon.core.webui.keyword.internal.WebUIKeywordMain.runKeyword(WebUIKeywordMain.groovy:20)
	at com.kms.katalon.core.webui.keyword.builtin.GetTextKeyword.getText(GetTextKeyword.groovy:88)
	at com.kms.katalon.core.webui.keyword.builtin.GetTextKeyword.execute(GetTextKeyword.groovy:67)
	at com.kms.katalon.core.keyword.internal.KeywordExecutor.executeKeywordForPlatform(KeywordExecutor.groovy:72)
	at com.kms.katalon.core.webui.keyword.WebUiBuiltInKeywords.getText(WebUiBuiltInKeywords.groovy:888)
	at com.kms.katalon.core.webui.keyword.WebUiBuiltInKeywords$getText$10.call(Unknown Source)
	at pages.Search_Page.validateApprovedTransactionsInReports(Search_Page.groovy:89)
	at pages.Search_Page.invokeMethod(Search_Page.groovy)
	at com.kms.katalon.core.main.CustomKeywordDelegatingMetaClass.invokeStaticMethod(CustomKeywordDelegatingMetaClass.java:50)
	at Script1572264765018.run(Script1572264765018.groovy:188)
	... 13 more
)
[[ATTACHMENT|C:\\Users\\admin\\git\\Sush_Certpay\\Reports\\20200828_125714\\Certpay_testSuite\\Quicksti\\20200828_125715\\1598601946266.png]]

2020-08-28 13:35:46 - [MESSAGE][FAILED] - Unable to verify match

2020-08-28 13:35:46 - [MESSAGE][FAILED] - com.kms.katalon.core.exception.StepFailedException: Unable to verify match

2020-08-28 13:35:46 - [TEST_STEP][PASSED] - paymentIdList.add(paymentId): null

2020-08-28 13:35:46 - [TEST_STEP][PASSED] - println(paymentIdList): null

2020-08-28 13:35:46 - [TEST_STEP][PASSED] - firstName = data.getValue("FirstName", index): null

2020-08-28 13:35:46 - [TEST_STEP][PASSED] - lastName = data.getValue("LastName", index): null

2020-08-28 13:35:46 - [TEST_STEP][PASSED] - cardNum = data.getValue("CardNumber", index): null

2020-08-28 13:35:46 - [TEST_STEP][PASSED] - expMonth = data.getValue("ExpMonth", index): null

2020-08-28 13:35:46 - [TEST_STEP][PASSED] - expYear = data.getValue("ExpYear", index): null

2020-08-28 13:35:46 - [TEST_STEP][PASSED] - securityCode = data.getValue("SecurityCode", index): null

2020-08-28 13:35:46 - [TEST_STEP][PASSED] - paymentAmount = data.getValue("PaymentAmount", index): null

2020-08-28 13:35:46 - [TEST_STEP][PASSED] - paymentType = data.getValue("PaymentType", index): null

2020-08-28 13:35:46 - [TEST_STEP][PASSED] - quantity = data.getValue("Quantity", index): null

2020-08-28 13:35:46 - [TEST_STEP][PASSED] - comments = data.getValue("Comments", index): null

2020-08-28 13:35:46 - [TEST_STEP][PASSED] - referenceNum = data.getValue("ReferenceNum", index): null

2020-08-28 13:35:46 - [TEST_STEP][PASSED] - address = data.getValue("Address", index): null

2020-08-28 13:35:46 - [TEST_STEP][PASSED] - zipCode = data.getValue("Zipcode", index): null

2020-08-28 13:35:46 - [TEST_STEP][PASSED] - telephone = data.getValue("Telephone", index): null

2020-08-28 13:35:46 - [TEST_STEP][PASSED] - emailAddress = data.getValue("EmailAddress", index): null

2020-08-28 13:35:46 - [TEST_STEP][PASSED] - cardType = data.getValue("CardType", index): null

2020-08-28 13:35:46 - [TEST_STEP][PASSED] - amountList = paymentAmount.split(","): null

2020-08-28 13:35:46 - [TEST_STEP][PASSED] - referenceList = referenceNum.split(","): null

2020-08-28 13:35:46 - [TEST_STEP][PASSED] - paymentTypeList = paymentType.split(","): null

2020-08-28 13:35:46 - [TEST_STEP][PASSED] - commentsList = comments.split(","): null

2020-08-28 13:35:46 - [TEST_STEP][PASSED] - quantityList = quantity.split(","): null

2020-08-28 13:35:46 - [TEST_STEP][PASSED] - utilities.SafeActions.openBrowser(Quicksti_Url, [pageLoadTime]): Browser launched successfully

2020-08-28 13:35:46 - [MESSAGE][INFO] - Opening Browser

2020-08-28 13:35:46 - [MESSAGE][WARNING] - A browser is already opened. Closing browser and opening a new one

2020-08-28 13:35:47 - [MESSAGE][INFO] - Starting 'Chrome' driver

2020-08-28 13:36:12 - [MESSAGE][PASSED] - Browser is opened with url: 'https://qa-certpayquicksti.faps.net/'

2020-08-28 13:36:14 - [MESSAGE][PASSED] - Current window maximized

2020-08-28 13:36:14 - [MESSAGE][PASSED] - Browser launched successfully

2020-08-28 13:36:14 - [TEST_STEP][ERROR] - utilities.SafeActions.safeCheck(findTestObject("CERTPAY_QUICKSTI/Login_ Page/MULTI_BUREAU_CHECKBOX"), "Multi Bureau", [pageLoadTime]): com.kms.katalon.core.webui.exception.WebElementNotFoundException: Web element with id: 'Object Repository/CERTPAY_QUICKSTI/Login_ Page/MULTI_BUREAU_CHECKBOX' located by 'By.xpath: //input[@id='chkMultiBureau']' not found

2020-08-28 13:37:20 - [MESSAGE][INFO] - Unable to find the element located by 'By.xpath: //input[@id='chkMultiBureau']'. Please recheck the objects properties to make sure the desired element is located. 

2020-08-28 13:37:20 - [MESSAGE][WARNING] - Object 'Object Repository/CERTPAY_QUICKSTI/Login_ Page/MULTI_BUREAU_CHECKBOX' is not present after 60 second(s)

2020-08-28 13:37:31 - [MESSAGE][INFO] - Unable to find the element located by 'By.xpath: //input[@id='chkMultiBureau']'. Please recheck the objects properties to make sure the desired element is located. 

2020-08-28 13:37:31 - [MESSAGE][ERROR] - com.kms.katalon.core.webui.exception.WebElementNotFoundException: Web element with id: 'Object Repository/CERTPAY_QUICKSTI/Login_ Page/MULTI_BUREAU_CHECKBOX' located by 'By.xpath: //input[@id='chkMultiBureau']' not found

2020-08-28 13:37:31 - [TEST_STEP][PASSED] - Start listener action : afterTestCase: Browser is closed

2020-08-28 13:37:31 - [TEST_STEP][PASSED] - closeBrowser(): Browser is closed

2020-08-28 13:37:31 - [MESSAGE][PASSED] - Browser is closed]]></system-out>
         <system-err><![CDATA[2020-08-28 13:31:31 - [TEST_CASE][FAILED] - Test Cases/Certpay_Quicksti/TC_005_MultiBureauSite_MultiBureaus_MultiLinePayments: Test Cases/Certpay_Quicksti/TC_005_MultiBureauSite_MultiBureaus_MultiLinePayments FAILED.
Reason:
com.kms.katalon.core.exception.StepFailedException: Unable to verify match
	at com.kms.katalon.core.util.KeywordUtil.markFailed(KeywordUtil.java:19)
	at com.kms.katalon.core.util.KeywordUtil$markFailed$1.call(Unknown Source)
	at pages.Search_Page.validateApprovedTransactionsInReports(Search_Page.groovy:106)
	at pages.Search_Page.invokeMethod(Search_Page.groovy)
	at com.kms.katalon.core.main.CustomKeywordDelegatingMetaClass.invokeStaticMethod(CustomKeywordDelegatingMetaClass.java:50)
	at TC_005_MultiBureauSite_MultiBureaus_MultiLinePayments.run(TC_005_MultiBureauSite_MultiBureaus_MultiLinePayments:188)
	at com.kms.katalon.core.main.ScriptEngine.run(ScriptEngine.java:194)
	at com.kms.katalon.core.main.ScriptEngine.runScriptAsRawText(ScriptEngine.java:119)
	at com.kms.katalon.core.main.TestCaseExecutor.runScript(TestCaseExecutor.java:337)
	at com.kms.katalon.core.main.TestCaseExecutor.doExecute(TestCaseExecutor.java:328)
	at com.kms.katalon.core.main.TestCaseExecutor.processExecutionPhase(TestCaseExecutor.java:307)
	at com.kms.katalon.core.main.TestCaseExecutor.accessMainPhase(TestCaseExecutor.java:299)
	at com.kms.katalon.core.main.TestCaseExecutor.execute(TestCaseExecutor.java:233)
	at com.kms.katalon.core.main.TestSuiteExecutor.accessTestCaseMainPhase(TestSuiteExecutor.java:169)
	at com.kms.katalon.core.main.TestSuiteExecutor.accessTestSuiteMainPhase(TestSuiteExecutor.java:142)
	at com.kms.katalon.core.main.TestSuiteExecutor.execute(TestSuiteExecutor.java:91)
	at com.kms.katalon.core.main.TestCaseMain.startTestSuite(TestCaseMain.java:157)
	at com.kms.katalon.core.main.TestCaseMain$startTestSuite$0.call(Unknown Source)
	at TempTestSuite1598599635439.run(TempTestSuite1598599635439.groovy:36)]]></system-err>
      </testcase>
      <system-out><![CDATA[2020-08-28 12:57:31 - [TEST_SUITE][FAILED] - Quicksti: Test Cases/Certpay_Quicksti/TC_001_SingleBureauSite_SingleLinePayment FAILED.
Reason:
com.kms.katalon.core.exception.StepFailedException: Unable to verify match
	at com.kms.katalon.core.util.KeywordUtil.markFailed(KeywordUtil.java:19)
	at com.kms.katalon.core.util.KeywordUtil$markFailed$1.call(Unknown Source)
	at pages.Search_Page.validateApprovedTransactionsInReports(Search_Page.groovy:106)
	at pages.Search_Page.invokeMethod(Search_Page.groovy)
	at com.kms.katalon.core.main.CustomKeywordDelegatingMetaClass.invokeStaticMethod(CustomKeywordDelegatingMetaClass.java:50)
	at TC_001_SingleBureauSite_SingleLinePayment.run(TC_001_SingleBureauSite_SingleLinePayment:140)
	at com.kms.katalon.core.main.ScriptEngine.run(ScriptEngine.java:194)
	at com.kms.katalon.core.main.ScriptEngine.runScriptAsRawText(ScriptEngine.java:119)
	at com.kms.katalon.core.main.TestCaseExecutor.runScript(TestCaseExecutor.java:337)
	at com.kms.katalon.core.main.TestCaseExecutor.doExecute(TestCaseExecutor.java:328)
	at com.kms.katalon.core.main.TestCaseExecutor.processExecutionPhase(TestCaseExecutor.java:307)
	at com.kms.katalon.core.main.TestCaseExecutor.accessMainPhase(TestCaseExecutor.java:299)
	at com.kms.katalon.core.main.TestCaseExecutor.execute(TestCaseExecutor.java:233)
	at com.kms.katalon.core.main.TestSuiteExecutor.accessTestCaseMainPhase(TestSuiteExecutor.java:169)
	at com.kms.katalon.core.main.TestSuiteExecutor.accessTestSuiteMainPhase(TestSuiteExecutor.java:142)
	at com.kms.katalon.core.main.TestSuiteExecutor.execute(TestSuiteExecutor.java:91)
	at com.kms.katalon.core.main.TestCaseMain.startTestSuite(TestCaseMain.java:157)
	at com.kms.katalon.core.main.TestCaseMain$startTestSuite$0.call(Unknown Source)
	at TempTestSuite1598599635439.run(TempTestSuite1598599635439.groovy:36)]]></system-out>
      <system-err><![CDATA[2020-08-28 12:57:31 - [TEST_SUITE][FAILED] - Quicksti: Test Cases/Certpay_Quicksti/TC_001_SingleBureauSite_SingleLinePayment FAILED.
Reason:
com.kms.katalon.core.exception.StepFailedException: Unable to verify match
	at com.kms.katalon.core.util.KeywordUtil.markFailed(KeywordUtil.java:19)
	at com.kms.katalon.core.util.KeywordUtil$markFailed$1.call(Unknown Source)
	at pages.Search_Page.validateApprovedTransactionsInReports(Search_Page.groovy:106)
	at pages.Search_Page.invokeMethod(Search_Page.groovy)
	at com.kms.katalon.core.main.CustomKeywordDelegatingMetaClass.invokeStaticMethod(CustomKeywordDelegatingMetaClass.java:50)
	at TC_001_SingleBureauSite_SingleLinePayment.run(TC_001_SingleBureauSite_SingleLinePayment:140)
	at com.kms.katalon.core.main.ScriptEngine.run(ScriptEngine.java:194)
	at com.kms.katalon.core.main.ScriptEngine.runScriptAsRawText(ScriptEngine.java:119)
	at com.kms.katalon.core.main.TestCaseExecutor.runScript(TestCaseExecutor.java:337)
	at com.kms.katalon.core.main.TestCaseExecutor.doExecute(TestCaseExecutor.java:328)
	at com.kms.katalon.core.main.TestCaseExecutor.processExecutionPhase(TestCaseExecutor.java:307)
	at com.kms.katalon.core.main.TestCaseExecutor.accessMainPhase(TestCaseExecutor.java:299)
	at com.kms.katalon.core.main.TestCaseExecutor.execute(TestCaseExecutor.java:233)
	at com.kms.katalon.core.main.TestSuiteExecutor.accessTestCaseMainPhase(TestSuiteExecutor.java:169)
	at com.kms.katalon.core.main.TestSuiteExecutor.accessTestSuiteMainPhase(TestSuiteExecutor.java:142)
	at com.kms.katalon.core.main.TestSuiteExecutor.execute(TestSuiteExecutor.java:91)
	at com.kms.katalon.core.main.TestCaseMain.startTestSuite(TestCaseMain.java:157)
	at com.kms.katalon.core.main.TestCaseMain$startTestSuite$0.call(Unknown Source)
	at TempTestSuite1598599635439.run(TempTestSuite1598599635439.groovy:36)]]></system-err>
   </testsuite>
</testsuites>
