<?xml version="1.0" encoding="UTF-8"?>
<testsuites name="Quicksti" time="117.651" tests="1" failures="0" errors="1">
   <testsuite name="Quicksti" tests="1" failures="0" errors="1" time="117.651" timestamp="2020-08-31 15:34:16" hostname="admin - SYS8" id="Test Suites/Certpay_testSuite/Quicksti">
      <properties>
         <property name="deviceName" value=""/>
         <property name="devicePlatform" value=""/>
         <property name="logFolder" value="C:\\Users\\admin\\git\\Sush_Certpay\\Reports\\20200831_153409\\Certpay_testSuite\\Quicksti\\20200831_153409"/>
         <property name="logFiles" value="C:\\Users\\admin\\git\\Sush_Certpay\\Reports\\20200831_153409\\Certpay_testSuite\\Quicksti\\20200831_153409\\execution0.log"/>
         <property name="attachments" value=""/>
         <property name="hostName" value="admin - SYS8"/>
         <property name="os" value="Windows 10 32bit"/>
         <property name="katalonVersion" value="7.1.2.1"/>
         <property name="browser" value="Chrome 84.0.4147.135"/>
         <property name="hostAddress" value="172.31.253.251"/>
         <property name="sessionId" value="a89e252330f309ace982ba65efaba557"/>
         <property name="seleniumVersion" value="3.141.59"/>
         <property name="proxyInformation" value="ProxyInformation{proxyOption=NO_PROXY, proxyServerType=HTTP, password=, proxyServerAddress=, proxyServerPort=0, executionList=}"/>
         <property name="platform" value="Windows 10"/>
      </properties>
      <testcase name="Test Cases/Certpay_Quicksti/TC_001_SingleBureauSite_SingleLinePayment" time="117.01" classname="Test Cases/Certpay_Quicksti/TC_001_SingleBureauSite_SingleLinePayment" status="ERROR">
         <error type="ERROR" message="Test Cases/Certpay_Quicksti/TC_001_SingleBureauSite_SingleLinePayment FAILED.
Reason:
org.codehaus.groovy.runtime.metaclass.MissingMethodExceptionNoStack: No signature of method: pages.Bureau_Login_Page.loginToAdminSite() is applicable for argument types: (java.lang.String, java.lang.String) values: [VVangiliappan, Knila@12345]
"/>
         <system-out><![CDATA[2020-08-31 15:34:16 - [TEST_CASE][ERROR] - Test Cases/Certpay_Quicksti/TC_001_SingleBureauSite_SingleLinePayment: Test Cases/Certpay_Quicksti/TC_001_SingleBureauSite_SingleLinePayment FAILED.
Reason:
org.codehaus.groovy.runtime.metaclass.MissingMethodExceptionNoStack: No signature of method: pages.Bureau_Login_Page.loginToAdminSite() is applicable for argument types: (java.lang.String, java.lang.String) values: [VVangiliappan, Knila@12345]


2020-08-31 15:34:17 - [TEST_STEP][PASSED] - Start listener action : beforeTestCase: null

2020-08-31 15:34:17 - [TEST_STEP][PASSED] - data = findTestData("Data Files/Certpay/SingleBureau_SingleLine"): null

2020-08-31 15:34:19 - [TEST_STEP][PASSED] - paymentIdList = []: null

2020-08-31 15:34:19 - [TEST_STEP][ERROR] - for (def index : (1..data.getRowNumbers())): No signature of method: pages.Bureau_Login_Page.loginToAdminSite() is applicable for argument types: (java.lang.String, java.lang.String) values: [VVangiliappan, Knila@12345]

2020-08-31 15:34:19 - [TEST_STEP][PASSED] - firstName = data.getValue("FirstName", index): null

2020-08-31 15:34:19 - [TEST_STEP][PASSED] - lastName = data.getValue("LastName", index): null

2020-08-31 15:34:19 - [TEST_STEP][PASSED] - expMonth = data.getValue("ExpMonth", index): null

2020-08-31 15:34:19 - [TEST_STEP][PASSED] - expYear = data.getValue("ExpYear", index): null

2020-08-31 15:34:19 - [TEST_STEP][PASSED] - securityCode = data.getValue("SecurityCode", index): null

2020-08-31 15:34:19 - [TEST_STEP][PASSED] - paymentAmount = data.getValue("PaymentAmount", index): null

2020-08-31 15:34:19 - [TEST_STEP][PASSED] - paymentType = data.getValue("PaymentType", index): null

2020-08-31 15:34:19 - [TEST_STEP][PASSED] - quantity = data.getValue("Quantity", index): null

2020-08-31 15:34:19 - [TEST_STEP][PASSED] - comments = data.getValue("Comments", index): null

2020-08-31 15:34:19 - [TEST_STEP][PASSED] - referenceNum = data.getValue("ReferenceNum", index): null

2020-08-31 15:34:19 - [TEST_STEP][PASSED] - address = data.getValue("Address", index): null

2020-08-31 15:34:19 - [TEST_STEP][PASSED] - zipCode = data.getValue("Zipcode", index): null

2020-08-31 15:34:19 - [TEST_STEP][PASSED] - telephone = data.getValue("Telephone", index): null

2020-08-31 15:34:19 - [TEST_STEP][PASSED] - emailAddress = data.getValue("EmailAddress", index): null

2020-08-31 15:34:19 - [TEST_STEP][PASSED] - cardNum = data.getValue("CardNumber", index): null

2020-08-31 15:34:19 - [TEST_STEP][PASSED] - cardType = data.getValue("CardType", index): null

2020-08-31 15:34:19 - [TEST_STEP][PASSED] - utilities.SafeActions.openBrowser(Quicksti_Url, [pageLoadTime]): Browser launched successfully

2020-08-31 15:34:19 - [MESSAGE][INFO] - Opening Browser

2020-08-31 15:34:20 - [MESSAGE][INFO] - Starting 'Chrome' driver

2020-08-31 15:34:20 - [MESSAGE][INFO] - Action delay is set to 0 seconds

2020-08-31 15:34:50 - [MESSAGE][PASSED] - Browser is opened with url: 'https://qa-certpayquicksti.faps.net/'

2020-08-31 15:34:52 - [MESSAGE][PASSED] - Current window maximized

2020-08-31 15:34:52 - [MESSAGE][PASSED] - Browser launched successfully

2020-08-31 15:34:52 - [TEST_STEP][PASSED] - utilities.SafeActions.safeType(findTestObject("CERTPAY_QUICKSTI/Login_ Page/BUREAU_CODE"), bureau_code, "Bureau code", [pageLoadTime]): Quicksti.ts:Entered'6100000 into Bureau code

2020-08-31 15:34:53 - [MESSAGE][PASSED] - Object 'Object Repository/CERTPAY_QUICKSTI/Login_ Page/BUREAU_CODE' is present

2020-08-31 15:34:54 - [MESSAGE][PASSED] - Object 'Object Repository/CERTPAY_QUICKSTI/Login_ Page/BUREAU_CODE' is visible

2020-08-31 15:34:54 - [MESSAGE][PASSED] - Object 'Object Repository/CERTPAY_QUICKSTI/Login_ Page/BUREAU_CODE' is present

2020-08-31 15:34:56 - [MESSAGE][PASSED] - Text '6100000' is set on object 'Object Repository/CERTPAY_QUICKSTI/Login_ Page/BUREAU_CODE'

2020-08-31 15:34:56 - [MESSAGE][PASSED] - Quicksti.ts:Entered'6100000 into Bureau code

2020-08-31 15:34:56 - [TEST_STEP][PASSED] - utilities.SafeActions.safeType(findTestObject("CERTPAY_QUICKSTI/Login_ Page/TELLER_ID"), teller_id, "Bureau code", [pageLoadTime]): Quicksti.ts:Entered'zenq into Bureau code

2020-08-31 15:34:56 - [MESSAGE][PASSED] - Object 'Object Repository/CERTPAY_QUICKSTI/Login_ Page/TELLER_ID' is present

2020-08-31 15:34:56 - [MESSAGE][PASSED] - Object 'Object Repository/CERTPAY_QUICKSTI/Login_ Page/TELLER_ID' is visible

2020-08-31 15:34:57 - [MESSAGE][PASSED] - Object 'Object Repository/CERTPAY_QUICKSTI/Login_ Page/TELLER_ID' is present

2020-08-31 15:34:58 - [MESSAGE][PASSED] - Text 'zenq' is set on object 'Object Repository/CERTPAY_QUICKSTI/Login_ Page/TELLER_ID'

2020-08-31 15:34:58 - [MESSAGE][PASSED] - Quicksti.ts:Entered'zenq into Bureau code

2020-08-31 15:34:58 - [TEST_STEP][PASSED] - utilities.SafeActions.safeClick(findTestObject("CERTPAY_QUICKSTI/Login_ Page/NEXT_BUTTON"), "Next button", [pageLoadTime]): Quicksti.ts:Clicked on the Next button

2020-08-31 15:34:58 - [MESSAGE][INFO] - safeClicking

2020-08-31 15:34:58 - [MESSAGE][PASSED] - Object 'Object Repository/CERTPAY_QUICKSTI/Login_ Page/NEXT_BUTTON' is present

2020-08-31 15:34:59 - [MESSAGE][PASSED] - Object 'Object Repository/CERTPAY_QUICKSTI/Login_ Page/NEXT_BUTTON' is clickable

2020-08-31 15:35:03 - [MESSAGE][PASSED] - Object: 'Object Repository/CERTPAY_QUICKSTI/Login_ Page/NEXT_BUTTON' is clicked on

2020-08-31 15:35:03 - [MESSAGE][PASSED] - Quicksti.ts:Clicked on the Next button

2020-08-31 15:35:03 - [TEST_STEP][PASSED] - utilities.SafeActions.safeClick(findTestObject("CERTPAY_QUICKSTI/Payment_Information_Page/MANUAL_ENTRY_BUTTON"), "ManualEntry", [pageLoadTime]): Quicksti.ts:Clicked on the ManualEntry

2020-08-31 15:35:03 - [MESSAGE][INFO] - safeClicking

2020-08-31 15:35:03 - [MESSAGE][PASSED] - Object 'Object Repository/CERTPAY_QUICKSTI/Payment_Information_Page/MANUAL_ENTRY_BUTTON' is present

2020-08-31 15:35:03 - [MESSAGE][PASSED] - Object 'Object Repository/CERTPAY_QUICKSTI/Payment_Information_Page/MANUAL_ENTRY_BUTTON' is clickable

2020-08-31 15:35:06 - [MESSAGE][PASSED] - Object: 'Object Repository/CERTPAY_QUICKSTI/Payment_Information_Page/MANUAL_ENTRY_BUTTON' is clicked on

2020-08-31 15:35:06 - [MESSAGE][PASSED] - Quicksti.ts:Clicked on the ManualEntry

2020-08-31 15:35:06 - [TEST_STEP][PASSED] - CardNumber = pages.Quicksti.setUserPaymentDetails(firstName, lastName, cardNum): Quicksti.ts:Entered'4761739001010135 into CardNum

2020-08-31 15:35:06 - [MESSAGE][PASSED] - Object 'Object Repository/CERTPAY_QUICKSTI/Payment_Information_Page/FIRST_NAME' is present

2020-08-31 15:35:07 - [MESSAGE][PASSED] - Object 'Object Repository/CERTPAY_QUICKSTI/Payment_Information_Page/FIRST_NAME' is visible

2020-08-31 15:35:07 - [MESSAGE][PASSED] - Object 'Object Repository/CERTPAY_QUICKSTI/Payment_Information_Page/FIRST_NAME' is present

2020-08-31 15:35:08 - [MESSAGE][PASSED] - Text 'Tester' is set on object 'Object Repository/CERTPAY_QUICKSTI/Payment_Information_Page/FIRST_NAME'

2020-08-31 15:35:08 - [MESSAGE][PASSED] - Quicksti.ts:Entered'Tester into FirstName

2020-08-31 15:35:09 - [MESSAGE][PASSED] - Object 'Object Repository/CERTPAY_QUICKSTI/Payment_Information_Page/LAST_NAME' is present

2020-08-31 15:35:09 - [MESSAGE][PASSED] - Object 'Object Repository/CERTPAY_QUICKSTI/Payment_Information_Page/LAST_NAME' is visible

2020-08-31 15:35:09 - [MESSAGE][PASSED] - Object 'Object Repository/CERTPAY_QUICKSTI/Payment_Information_Page/LAST_NAME' is present

2020-08-31 15:35:11 - [MESSAGE][PASSED] - Text 'Zenq1' is set on object 'Object Repository/CERTPAY_QUICKSTI/Payment_Information_Page/LAST_NAME'

2020-08-31 15:35:11 - [MESSAGE][PASSED] - Quicksti.ts:Entered'Zenq1 into LAstName

2020-08-31 15:35:11 - [MESSAGE][PASSED] - Object 'Object Repository/CERTPAY_QUICKSTI/Payment_Information_Page/CARD_NUMBER' is present

2020-08-31 15:35:11 - [MESSAGE][PASSED] - Object 'Object Repository/CERTPAY_QUICKSTI/Payment_Information_Page/CARD_NUMBER' is visible

2020-08-31 15:35:12 - [MESSAGE][PASSED] - Object 'Object Repository/CERTPAY_QUICKSTI/Payment_Information_Page/CARD_NUMBER' is present

2020-08-31 15:35:13 - [MESSAGE][PASSED] - Text '4761739001010135' is set on object 'Object Repository/CERTPAY_QUICKSTI/Payment_Information_Page/CARD_NUMBER'

2020-08-31 15:35:13 - [MESSAGE][PASSED] - Quicksti.ts:Entered'4761739001010135 into CardNum

2020-08-31 15:35:13 - [TEST_STEP][PASSED] - utilities.SafeActions.safeSelectOptionInDropdownByVisibleText(findTestObject("CERTPAY_QUICKSTI/Payment_Information_Page/PAYMENT_TYPE"), paymentType, "paymentType", [pageLoadTime]): selected dropdown option by visible text  Taxesfrom paymentType

2020-08-31 15:35:13 - [MESSAGE][PASSED] - Object 'Object Repository/CERTPAY_QUICKSTI/Payment_Information_Page/PAYMENT_TYPE' is visible

2020-08-31 15:35:14 - [MESSAGE][PASSED] - Object 'Object Repository/CERTPAY_QUICKSTI/Payment_Information_Page/PAYMENT_TYPE' is present

2020-08-31 15:35:15 - [MESSAGE][PASSED] - Object: 'Object Repository/CERTPAY_QUICKSTI/Payment_Information_Page/PAYMENT_TYPE' is clicked on

2020-08-31 15:35:16 - [MESSAGE][PASSED] - All options with label 'Taxes' are selected in object 'Object Repository/CERTPAY_QUICKSTI/Payment_Information_Page/PAYMENT_TYPE'  using regular expression

2020-08-31 15:35:16 - [MESSAGE][PASSED] - selected dropdown option by visible text  Taxesfrom paymentType

2020-08-31 15:35:16 - [TEST_STEP][PASSED] - pages.Quicksti.setExpDate(expMonth, expYear, securityCode): Quicksti.ts:Entered'207 into securityCode

2020-08-31 15:35:16 - [MESSAGE][PASSED] - Object 'Object Repository/CERTPAY_QUICKSTI/Payment_Information_Page/EXP_MONTH' is visible

2020-08-31 15:35:17 - [MESSAGE][PASSED] - Object 'Object Repository/CERTPAY_QUICKSTI/Payment_Information_Page/EXP_MONTH' is present

2020-08-31 15:35:18 - [MESSAGE][PASSED] - Object: 'Object Repository/CERTPAY_QUICKSTI/Payment_Information_Page/EXP_MONTH' is clicked on

2020-08-31 15:35:19 - [MESSAGE][PASSED] - All options with label '03' are selected in object 'Object Repository/CERTPAY_QUICKSTI/Payment_Information_Page/EXP_MONTH'  using regular expression

2020-08-31 15:35:19 - [MESSAGE][PASSED] - selected dropdown option by visible text  03from expMonth

2020-08-31 15:35:20 - [MESSAGE][PASSED] - Object 'Object Repository/CERTPAY_QUICKSTI/Payment_Information_Page/EXP_YEAR' is visible

2020-08-31 15:35:20 - [MESSAGE][PASSED] - Object 'Object Repository/CERTPAY_QUICKSTI/Payment_Information_Page/EXP_YEAR' is present

2020-08-31 15:35:21 - [MESSAGE][PASSED] - Object: 'Object Repository/CERTPAY_QUICKSTI/Payment_Information_Page/EXP_YEAR' is clicked on

2020-08-31 15:35:23 - [MESSAGE][PASSED] - All options with label '2022' are selected in object 'Object Repository/CERTPAY_QUICKSTI/Payment_Information_Page/EXP_YEAR'  using regular expression

2020-08-31 15:35:23 - [MESSAGE][PASSED] - selected dropdown option by visible text  2022from  expYear

2020-08-31 15:35:23 - [MESSAGE][PASSED] - Object 'Object Repository/CERTPAY_QUICKSTI/Payment_Information_Page/SECURITY_CODE' is present

2020-08-31 15:35:23 - [MESSAGE][PASSED] - Object 'Object Repository/CERTPAY_QUICKSTI/Payment_Information_Page/SECURITY_CODE' is visible

2020-08-31 15:35:24 - [MESSAGE][PASSED] - Object 'Object Repository/CERTPAY_QUICKSTI/Payment_Information_Page/SECURITY_CODE' is present

2020-08-31 15:35:25 - [MESSAGE][PASSED] - Text '207' is set on object 'Object Repository/CERTPAY_QUICKSTI/Payment_Information_Page/SECURITY_CODE'

2020-08-31 15:35:25 - [MESSAGE][PASSED] - Quicksti.ts:Entered'207 into securityCode

2020-08-31 15:35:25 - [TEST_STEP][PASSED] - pages.Quicksti.setPaymentAmountDetailsForSinglePayment(paymentAmount, quantity): Quicksti.ts:Entered'1 into Quantity

2020-08-31 15:35:25 - [MESSAGE][PASSED] - Object 'Object Repository/CERTPAY_QUICKSTI/Payment_Information_Page/PAYMENT_AMOUNT' is present

2020-08-31 15:35:26 - [MESSAGE][PASSED] - Object 'Object Repository/CERTPAY_QUICKSTI/Payment_Information_Page/PAYMENT_AMOUNT' is visible

2020-08-31 15:35:26 - [MESSAGE][PASSED] - Object 'Object Repository/CERTPAY_QUICKSTI/Payment_Information_Page/PAYMENT_AMOUNT' is present

2020-08-31 15:35:27 - [MESSAGE][PASSED] - Text '20.00' is set on object 'Object Repository/CERTPAY_QUICKSTI/Payment_Information_Page/PAYMENT_AMOUNT'

2020-08-31 15:35:27 - [MESSAGE][PASSED] - Quicksti.ts:Entered'20.00 into amount

2020-08-31 15:35:28 - [MESSAGE][PASSED] - Object 'Object Repository/CERTPAY_QUICKSTI/Payment_Information_Page/QUANTITY' is present

2020-08-31 15:35:28 - [MESSAGE][PASSED] - Object 'Object Repository/CERTPAY_QUICKSTI/Payment_Information_Page/QUANTITY' is visible

2020-08-31 15:35:28 - [MESSAGE][PASSED] - Object 'Object Repository/CERTPAY_QUICKSTI/Payment_Information_Page/QUANTITY' is present

2020-08-31 15:35:30 - [MESSAGE][PASSED] - Text '1' is set on object 'Object Repository/CERTPAY_QUICKSTI/Payment_Information_Page/QUANTITY'

2020-08-31 15:35:30 - [MESSAGE][PASSED] - Quicksti.ts:Entered'1 into Quantity

2020-08-31 15:35:30 - [TEST_STEP][PASSED] - utilities.SafeActions.safeType(findTestObject("CERTPAY_QUICKSTI/Payment_Information_Page/REFRENCE_NUMBER"), referenceNum, "Reference Number", [pageLoadTime]): Quicksti.ts:Entered'11 into Reference Number

2020-08-31 15:35:30 - [MESSAGE][PASSED] - Object 'Object Repository/CERTPAY_QUICKSTI/Payment_Information_Page/REFRENCE_NUMBER' is present

2020-08-31 15:35:30 - [MESSAGE][PASSED] - Object 'Object Repository/CERTPAY_QUICKSTI/Payment_Information_Page/REFRENCE_NUMBER' is visible

2020-08-31 15:35:31 - [MESSAGE][PASSED] - Object 'Object Repository/CERTPAY_QUICKSTI/Payment_Information_Page/REFRENCE_NUMBER' is present

2020-08-31 15:35:32 - [MESSAGE][PASSED] - Text '11' is set on object 'Object Repository/CERTPAY_QUICKSTI/Payment_Information_Page/REFRENCE_NUMBER'

2020-08-31 15:35:32 - [MESSAGE][PASSED] - Quicksti.ts:Entered'11 into Reference Number

2020-08-31 15:35:32 - [TEST_STEP][PASSED] - amount_Value = pages.Quicksti.getAttributeValue(findTestObject("CERTPAY_QUICKSTI/Payment_Information_Page/SUB_TOTAL")): pages.Quicksti.getAttributeValue is PASSED

2020-08-31 15:35:32 - [MESSAGE][PASSED] - Attribute 'value' of object 'Object Repository/CERTPAY_QUICKSTI/Payment_Information_Page/SUB_TOTAL' is: '20.00'

2020-08-31 15:35:32 - [MESSAGE][PASSED] - pages.Quicksti.getAttributeValue is PASSED

2020-08-31 15:35:33 - [TEST_STEP][PASSED] - utilities.SafeActions.safeType(findTestObject("CERTPAY_QUICKSTI/Payment_Information_Page/COMMENTS"), "Testing", "Comments", [pageLoadTime]): Quicksti.ts:Entered'Testing into Comments

2020-08-31 15:35:33 - [MESSAGE][PASSED] - Object 'Object Repository/CERTPAY_QUICKSTI/Payment_Information_Page/COMMENTS' is present

2020-08-31 15:35:33 - [MESSAGE][PASSED] - Object 'Object Repository/CERTPAY_QUICKSTI/Payment_Information_Page/COMMENTS' is visible

2020-08-31 15:35:33 - [MESSAGE][PASSED] - Object 'Object Repository/CERTPAY_QUICKSTI/Payment_Information_Page/COMMENTS' is present

2020-08-31 15:35:35 - [MESSAGE][PASSED] - Text 'Testing' is set on object 'Object Repository/CERTPAY_QUICKSTI/Payment_Information_Page/COMMENTS'

2020-08-31 15:35:35 - [MESSAGE][PASSED] - Quicksti.ts:Entered'Testing into Comments

2020-08-31 15:35:35 - [TEST_STEP][PASSED] - utilities.SafeActions.safeType(findTestObject("CERTPAY_QUICKSTI/Payment_Information_Page/ADDRESS"), address, "Address", [pageLoadTime]): Quicksti.ts:Entered'14-2 into Address

2020-08-31 15:35:35 - [MESSAGE][PASSED] - Object 'Object Repository/CERTPAY_QUICKSTI/Payment_Information_Page/ADDRESS' is present

2020-08-31 15:35:36 - [MESSAGE][PASSED] - Object 'Object Repository/CERTPAY_QUICKSTI/Payment_Information_Page/ADDRESS' is visible

2020-08-31 15:35:36 - [MESSAGE][PASSED] - Object 'Object Repository/CERTPAY_QUICKSTI/Payment_Information_Page/ADDRESS' is present

2020-08-31 15:35:37 - [MESSAGE][PASSED] - Text '14-2' is set on object 'Object Repository/CERTPAY_QUICKSTI/Payment_Information_Page/ADDRESS'

2020-08-31 15:35:37 - [MESSAGE][PASSED] - Quicksti.ts:Entered'14-2 into Address

2020-08-31 15:35:37 - [TEST_STEP][PASSED] - utilities.SafeActions.safeType(findTestObject("CERTPAY_QUICKSTI/Payment_Information_Page/ZIP_CODE"), zipCode, "zipcode", [pageLoadTime]): Quicksti.ts:Entered'76102 into zipcode

2020-08-31 15:35:38 - [MESSAGE][PASSED] - Object 'Object Repository/CERTPAY_QUICKSTI/Payment_Information_Page/ZIP_CODE' is present

2020-08-31 15:35:38 - [MESSAGE][PASSED] - Object 'Object Repository/CERTPAY_QUICKSTI/Payment_Information_Page/ZIP_CODE' is visible

2020-08-31 15:35:38 - [MESSAGE][PASSED] - Object 'Object Repository/CERTPAY_QUICKSTI/Payment_Information_Page/ZIP_CODE' is present

2020-08-31 15:35:40 - [MESSAGE][PASSED] - Text '76102' is set on object 'Object Repository/CERTPAY_QUICKSTI/Payment_Information_Page/ZIP_CODE'

2020-08-31 15:35:40 - [MESSAGE][PASSED] - Quicksti.ts:Entered'76102 into zipcode

2020-08-31 15:35:40 - [TEST_STEP][PASSED] - utilities.SafeActions.safeType(findTestObject("CERTPAY_QUICKSTI/Payment_Information_Page/TELEPHONE"), telephone, "Telephone", [pageLoadTime]): Quicksti.ts:Entered'9988776655 into Telephone

2020-08-31 15:35:40 - [MESSAGE][PASSED] - Object 'Object Repository/CERTPAY_QUICKSTI/Payment_Information_Page/TELEPHONE' is present

2020-08-31 15:35:40 - [MESSAGE][PASSED] - Object 'Object Repository/CERTPAY_QUICKSTI/Payment_Information_Page/TELEPHONE' is visible

2020-08-31 15:35:41 - [MESSAGE][PASSED] - Object 'Object Repository/CERTPAY_QUICKSTI/Payment_Information_Page/TELEPHONE' is present

2020-08-31 15:35:42 - [MESSAGE][PASSED] - Text '9988776655' is set on object 'Object Repository/CERTPAY_QUICKSTI/Payment_Information_Page/TELEPHONE'

2020-08-31 15:35:42 - [MESSAGE][PASSED] - Quicksti.ts:Entered'9988776655 into Telephone

2020-08-31 15:35:42 - [TEST_STEP][PASSED] - utilities.SafeActions.safeType(findTestObject("CERTPAY_QUICKSTI/Payment_Information_Page/EMAIL_ADDRESS"), emailAddress, "EMAIL address", [pageLoadTime]): Quicksti.ts:Entered'testing@zenq.com into EMAIL address

2020-08-31 15:35:42 - [MESSAGE][PASSED] - Object 'Object Repository/CERTPAY_QUICKSTI/Payment_Information_Page/EMAIL_ADDRESS' is present

2020-08-31 15:35:43 - [MESSAGE][PASSED] - Object 'Object Repository/CERTPAY_QUICKSTI/Payment_Information_Page/EMAIL_ADDRESS' is visible

2020-08-31 15:35:43 - [MESSAGE][PASSED] - Object 'Object Repository/CERTPAY_QUICKSTI/Payment_Information_Page/EMAIL_ADDRESS' is present

2020-08-31 15:35:44 - [MESSAGE][PASSED] - Text 'testing@zenq.com' is set on object 'Object Repository/CERTPAY_QUICKSTI/Payment_Information_Page/EMAIL_ADDRESS'

2020-08-31 15:35:44 - [MESSAGE][PASSED] - Quicksti.ts:Entered'testing@zenq.com into EMAIL address

2020-08-31 15:35:44 - [TEST_STEP][PASSED] - utilities.SafeActions.safeClick(findTestObject("CERTPAY_QUICKSTI/Payment_Information_Page/NEXT_BUTTON"), "Next", [pageLoadTime]): Quicksti.ts:Clicked on the Next

2020-08-31 15:35:44 - [MESSAGE][INFO] - safeClicking

2020-08-31 15:35:45 - [MESSAGE][PASSED] - Object 'Object Repository/CERTPAY_QUICKSTI/Payment_Information_Page/NEXT_BUTTON' is present

2020-08-31 15:35:45 - [MESSAGE][PASSED] - Object 'Object Repository/CERTPAY_QUICKSTI/Payment_Information_Page/NEXT_BUTTON' is clickable

2020-08-31 15:35:49 - [MESSAGE][PASSED] - Object: 'Object Repository/CERTPAY_QUICKSTI/Payment_Information_Page/NEXT_BUTTON' is clicked on

2020-08-31 15:35:49 - [MESSAGE][PASSED] - Quicksti.ts:Clicked on the Next

2020-08-31 15:35:49 - [TEST_STEP][PASSED] - pages.Quicksti.verifyUserPaymentDetails(paymentAmount, firstName, lastName, CardNumber): pages.Quicksti.verifyUserPaymentDetails is PASSED

2020-08-31 15:35:50 - [MESSAGE][PASSED] - Text of object 'Object Repository/CERTPAY_QUICKSTI/Payment_Details_Verification_Page/AMOUNT' is: '$20.00'

2020-08-31 15:35:50 - [MESSAGE][PASSED] - Actual text '20.00' and expected text '20.00' are matched  using regular expression

2020-08-31 15:35:50 - [MESSAGE][PASSED] - Text of object 'Object Repository/CERTPAY_QUICKSTI/Payment_Details_Verification_Page/NAME' is: 'Tester Zenq1'

2020-08-31 15:35:50 - [MESSAGE][PASSED] - Actual text 'Tester Zenq1' and expected text 'Tester Zenq1' are matched  using regular expression

2020-08-31 15:35:50 - [MESSAGE][PASSED] - Text of object 'Object Repository/CERTPAY_QUICKSTI/Payment_Details_Verification_Page/CARD_NUMBER' is: '...0135'

2020-08-31 15:35:50 - [MESSAGE][PASSED] - Actual text '0135' and expected text '0135' are matched  using regular expression

2020-08-31 15:35:50 - [MESSAGE][PASSED] - pages.Quicksti.verifyUserPaymentDetails is PASSED

2020-08-31 15:35:50 - [TEST_STEP][PASSED] - delay(2): Delayed 2 second(s)

2020-08-31 15:35:52 - [MESSAGE][PASSED] - Delayed 2 second(s)

2020-08-31 15:35:52 - [TEST_STEP][PASSED] - scrollToElement(findTestObject("CERTPAY_QUICKSTI/Payment_Details_Verification_Page/PROCESS"), 0): Scroll to object 'Object Repository/CERTPAY_QUICKSTI/Payment_Details_Verification_Page/PROCESS' successfully

2020-08-31 15:35:53 - [MESSAGE][WARNING] - Timeout '0' is invalid. Using default page load timeout: '30'

2020-08-31 15:35:53 - [MESSAGE][PASSED] - Scroll to object 'Object Repository/CERTPAY_QUICKSTI/Payment_Details_Verification_Page/PROCESS' successfully

2020-08-31 15:35:53 - [TEST_STEP][PASSED] - utilities.SafeActions.safeClick(findTestObject("CERTPAY_QUICKSTI/Payment_Details_Verification_Page/PROCESS"), "Process", [pageLoadTime]): Quicksti.ts:Clicked on the Process

2020-08-31 15:35:53 - [MESSAGE][INFO] - safeClicking

2020-08-31 15:35:53 - [MESSAGE][PASSED] - Object 'Object Repository/CERTPAY_QUICKSTI/Payment_Details_Verification_Page/PROCESS' is present

2020-08-31 15:35:53 - [MESSAGE][PASSED] - Object 'Object Repository/CERTPAY_QUICKSTI/Payment_Details_Verification_Page/PROCESS' is clickable

2020-08-31 15:36:01 - [MESSAGE][PASSED] - Object: 'Object Repository/CERTPAY_QUICKSTI/Payment_Details_Verification_Page/PROCESS' is clicked on

2020-08-31 15:36:01 - [MESSAGE][PASSED] - Quicksti.ts:Clicked on the Process

2020-08-31 15:36:01 - [TEST_STEP][PASSED] - paymentId = pages.Quicksti.verifyPaymentApproval(findTestObject("CERTPAY_QUICKSTI/Payment_Details_Verification_Page/APPROVED")): Payment is approved

2020-08-31 15:36:01 - [MESSAGE][PASSED] - Text of object 'Object Repository/CERTPAY_QUICKSTI/Payment_Details_Verification_Page/PAYMENT_ID' is: '100176102761'

2020-08-31 15:36:02 - [MESSAGE][PASSED] - Object 'Object Repository/CERTPAY_QUICKSTI/Payment_Details_Verification_Page/APPROVED' is present

2020-08-31 15:36:02 - [MESSAGE][PASSED] - Payment is approved

2020-08-31 15:36:04 - [TEST_STEP][PASSED] - navigateToUrl(Admin_url): Navigate to 'https://qa-certpayadmin.faps.net' successfully

2020-08-31 15:36:12 - [MESSAGE][PASSED] - Navigate to 'https://qa-certpayadmin.faps.net' successfully

2020-08-31 15:36:12 - [TEST_STEP][ERROR] - pages.Bureau_Login_Page.loginToAdminSite(AdminUsername, AdminPassword): No signature of method: pages.Bureau_Login_Page.loginToAdminSite() is applicable for argument types: (java.lang.String, java.lang.String) values: [VVangiliappan, Knila@12345]

2020-08-31 15:36:12 - [MESSAGE][ERROR] - No signature of method: pages.Bureau_Login_Page.loginToAdminSite() is applicable for argument types: (java.lang.String, java.lang.String) values: [VVangiliappan, Knila@12345]

2020-08-31 15:36:12 - [TEST_STEP][PASSED] - Start listener action : afterTestCase: Browser is closed

2020-08-31 15:36:12 - [TEST_STEP][PASSED] - closeBrowser(): Browser is closed

2020-08-31 15:36:13 - [MESSAGE][PASSED] - Browser is closed]]></system-out>
         <system-err><![CDATA[2020-08-31 15:34:16 - [TEST_CASE][ERROR] - Test Cases/Certpay_Quicksti/TC_001_SingleBureauSite_SingleLinePayment: Test Cases/Certpay_Quicksti/TC_001_SingleBureauSite_SingleLinePayment FAILED.
Reason:
org.codehaus.groovy.runtime.metaclass.MissingMethodExceptionNoStack: No signature of method: pages.Bureau_Login_Page.loginToAdminSite() is applicable for argument types: (java.lang.String, java.lang.String) values: [VVangiliappan, Knila@12345]]]></system-err>
      </testcase>
      <system-out><![CDATA[2020-08-31 15:34:16 - [TEST_SUITE][ERROR] - Quicksti: Test Cases/Certpay_Quicksti/TC_001_SingleBureauSite_SingleLinePayment FAILED.
Reason:
org.codehaus.groovy.runtime.metaclass.MissingMethodExceptionNoStack: No signature of method: pages.Bureau_Login_Page.loginToAdminSite() is applicable for argument types: (java.lang.String, java.lang.String) values: [VVangiliappan, Knila@12345]]]></system-out>
      <system-err><![CDATA[2020-08-31 15:34:16 - [TEST_SUITE][ERROR] - Quicksti: Test Cases/Certpay_Quicksti/TC_001_SingleBureauSite_SingleLinePayment FAILED.
Reason:
org.codehaus.groovy.runtime.metaclass.MissingMethodExceptionNoStack: No signature of method: pages.Bureau_Login_Page.loginToAdminSite() is applicable for argument types: (java.lang.String, java.lang.String) values: [VVangiliappan, Knila@12345]]]></system-err>
   </testsuite>
</testsuites>
