<?xml version="1.0" encoding="UTF-8"?>
<testsuites name="Quicksti" time="125.343" tests="1" failures="0" errors="1">
   <testsuite name="Quicksti" tests="1" failures="0" errors="1" time="125.343" timestamp="2020-10-15 15:59:07" hostname="admin - SYS8" id="Test Suites/Certpay_testSuite/Quicksti">
      <properties>
         <property name="deviceName" value=""/>
         <property name="devicePlatform" value=""/>
         <property name="logFolder" value="E:\\Sush_Certpay\\Reports\\20201015_155901\\Certpay_testSuite\\Quicksti\\20201015_155902"/>
         <property name="logFiles" value="E:\\Sush_Certpay\\Reports\\20201015_155901\\Certpay_testSuite\\Quicksti\\20201015_155902\\execution0.log"/>
         <property name="attachments" value=""/>
         <property name="hostName" value="admin - SYS8"/>
         <property name="os" value="Windows 10 32bit"/>
         <property name="katalonVersion" value="7.1.2.1"/>
         <property name="browser" value="Chrome 86.0.4240.75"/>
         <property name="hostAddress" value="172.31.253.251"/>
         <property name="sessionId" value="5434a91fc0795ac209772f643c1a72fd"/>
         <property name="seleniumVersion" value="3.141.59"/>
         <property name="proxyInformation" value="ProxyInformation{proxyOption=NO_PROXY, proxyServerType=HTTP, password=, proxyServerAddress=, proxyServerPort=0, executionList=}"/>
         <property name="platform" value="Windows 10"/>
      </properties>
      <testcase name="Test Cases/Certpay_Quicksti/TC_001_SingleBureauSite_SingleLinePayment" time="124.947" classname="Test Cases/Certpay_Quicksti/TC_001_SingleBureauSite_SingleLinePayment" status="ERROR">
         <error type="ERROR" message="Test Cases/Certpay_Quicksti/TC_001_SingleBureauSite_SingleLinePayment FAILED.
Reason:
java.lang.NumberFormatException: For input string: &quot;20.00&quot;
	at TC_001_SingleBureauSite_SingleLinePayment.run(TC_001_SingleBureauSite_SingleLinePayment:144)
	at com.kms.katalon.core.main.ScriptEngine.run(ScriptEngine.java:194)
	at com.kms.katalon.core.main.ScriptEngine.runScriptAsRawText(ScriptEngine.java:119)
	at com.kms.katalon.core.main.TestCaseExecutor.runScript(TestCaseExecutor.java:337)
	at com.kms.katalon.core.main.TestCaseExecutor.doExecute(TestCaseExecutor.java:328)
	at com.kms.katalon.core.main.TestCaseExecutor.processExecutionPhase(TestCaseExecutor.java:307)
	at com.kms.katalon.core.main.TestCaseExecutor.accessMainPhase(TestCaseExecutor.java:299)
	at com.kms.katalon.core.main.TestCaseExecutor.execute(TestCaseExecutor.java:233)
	at com.kms.katalon.core.main.TestSuiteExecutor.accessTestCaseMainPhase(TestSuiteExecutor.java:169)
	at com.kms.katalon.core.main.TestSuiteExecutor.accessTestSuiteMainPhase(TestSuiteExecutor.java:142)
	at com.kms.katalon.core.main.TestSuiteExecutor.execute(TestSuiteExecutor.java:91)
	at com.kms.katalon.core.main.TestCaseMain.startTestSuite(TestCaseMain.java:157)
	at com.kms.katalon.core.main.TestCaseMain$startTestSuite$0.call(Unknown Source)
	at TempTestSuite1602757742032.run(TempTestSuite1602757742032.groovy:36)
"/>
         <system-out><![CDATA[2020-10-15 15:59:07 - [TEST_CASE][ERROR] - Test Cases/Certpay_Quicksti/TC_001_SingleBureauSite_SingleLinePayment: Test Cases/Certpay_Quicksti/TC_001_SingleBureauSite_SingleLinePayment FAILED.
Reason:
java.lang.NumberFormatException: For input string: "20.00"
	at TC_001_SingleBureauSite_SingleLinePayment.run(TC_001_SingleBureauSite_SingleLinePayment:144)
	at com.kms.katalon.core.main.ScriptEngine.run(ScriptEngine.java:194)
	at com.kms.katalon.core.main.ScriptEngine.runScriptAsRawText(ScriptEngine.java:119)
	at com.kms.katalon.core.main.TestCaseExecutor.runScript(TestCaseExecutor.java:337)
	at com.kms.katalon.core.main.TestCaseExecutor.doExecute(TestCaseExecutor.java:328)
	at com.kms.katalon.core.main.TestCaseExecutor.processExecutionPhase(TestCaseExecutor.java:307)
	at com.kms.katalon.core.main.TestCaseExecutor.accessMainPhase(TestCaseExecutor.java:299)
	at com.kms.katalon.core.main.TestCaseExecutor.execute(TestCaseExecutor.java:233)
	at com.kms.katalon.core.main.TestSuiteExecutor.accessTestCaseMainPhase(TestSuiteExecutor.java:169)
	at com.kms.katalon.core.main.TestSuiteExecutor.accessTestSuiteMainPhase(TestSuiteExecutor.java:142)
	at com.kms.katalon.core.main.TestSuiteExecutor.execute(TestSuiteExecutor.java:91)
	at com.kms.katalon.core.main.TestCaseMain.startTestSuite(TestCaseMain.java:157)
	at com.kms.katalon.core.main.TestCaseMain$startTestSuite$0.call(Unknown Source)
	at TempTestSuite1602757742032.run(TempTestSuite1602757742032.groovy:36)


2020-10-15 15:59:08 - [TEST_STEP][PASSED] - Start listener action : beforeTestCase: null

2020-10-15 15:59:08 - [TEST_STEP][PASSED] - data = findTestData("Data Files/Certpay/SingleBureau_SingleLine"): null

2020-10-15 15:59:09 - [TEST_STEP][PASSED] - paymentIdList = []: null

2020-10-15 15:59:09 - [TEST_STEP][PASSED] - for (def index : (1..data.getRowNumbers())): null

2020-10-15 15:59:09 - [TEST_STEP][PASSED] - firstName = data.getValue("FirstName", index): null

2020-10-15 15:59:09 - [TEST_STEP][PASSED] - lastName = data.getValue("LastName", index): null

2020-10-15 15:59:09 - [TEST_STEP][PASSED] - expMonth = data.getValue("ExpMonth", index): null

2020-10-15 15:59:09 - [TEST_STEP][PASSED] - expYear = data.getValue("ExpYear", index): null

2020-10-15 15:59:09 - [TEST_STEP][PASSED] - securityCode = data.getValue("SecurityCode", index): null

2020-10-15 15:59:09 - [TEST_STEP][PASSED] - paymentAmount = data.getValue("PaymentAmount", index): null

2020-10-15 15:59:09 - [TEST_STEP][PASSED] - paymentType = data.getValue("PaymentType", index): null

2020-10-15 15:59:09 - [TEST_STEP][PASSED] - quantity = data.getValue("Quantity", index): null

2020-10-15 15:59:09 - [TEST_STEP][PASSED] - comments = data.getValue("Comments", index): null

2020-10-15 15:59:09 - [TEST_STEP][PASSED] - referenceNum = data.getValue("ReferenceNum", index): null

2020-10-15 15:59:09 - [TEST_STEP][PASSED] - address = data.getValue("Address", index): null

2020-10-15 15:59:09 - [TEST_STEP][PASSED] - zipCode = data.getValue("Zipcode", index): null

2020-10-15 15:59:09 - [TEST_STEP][PASSED] - telephone = data.getValue("Telephone", index): null

2020-10-15 15:59:09 - [TEST_STEP][PASSED] - emailAddress = data.getValue("EmailAddress", index): null

2020-10-15 15:59:09 - [TEST_STEP][PASSED] - cardNum = data.getValue("CardNumber", index): null

2020-10-15 15:59:09 - [TEST_STEP][PASSED] - cardType = data.getValue("CardType", index): null

2020-10-15 15:59:09 - [TEST_STEP][PASSED] - utilities.SafeActions.openBrowser(Quicksti_Url, [pageLoadTime]): Browser launched successfully

2020-10-15 15:59:10 - [MESSAGE][INFO] - Opening Browser

2020-10-15 15:59:10 - [MESSAGE][INFO] - Starting 'Chrome' driver

2020-10-15 15:59:10 - [MESSAGE][INFO] - Action delay is set to 0 seconds

2020-10-15 15:59:21 - [MESSAGE][PASSED] - Browser is opened with url: 'https://qa-certpayquicksti.faps.net/'

2020-10-15 15:59:23 - [MESSAGE][PASSED] - Current window maximized

2020-10-15 15:59:23 - [MESSAGE][PASSED] - Browser launched successfully

2020-10-15 15:59:23 - [TEST_STEP][PASSED] - utilities.SafeActions.safeType(findTestObject("CERTPAY_QUICKSTI/Login_ Page/BUREAU_CODE"), bureau_code, "Bureau code", [pageLoadTime]): Quicksti.ts:Entered'6100000 into Bureau code

2020-10-15 15:59:24 - [MESSAGE][PASSED] - Object 'Object Repository/CERTPAY_QUICKSTI/Login_ Page/BUREAU_CODE' is present

2020-10-15 15:59:24 - [MESSAGE][PASSED] - Object 'Object Repository/CERTPAY_QUICKSTI/Login_ Page/BUREAU_CODE' is visible

2020-10-15 15:59:24 - [MESSAGE][PASSED] - Object 'Object Repository/CERTPAY_QUICKSTI/Login_ Page/BUREAU_CODE' is present

2020-10-15 15:59:26 - [MESSAGE][PASSED] - Text '6100000' is set on object 'Object Repository/CERTPAY_QUICKSTI/Login_ Page/BUREAU_CODE'

2020-10-15 15:59:26 - [MESSAGE][PASSED] - Quicksti.ts:Entered'6100000 into Bureau code

2020-10-15 15:59:26 - [TEST_STEP][PASSED] - utilities.SafeActions.safeType(findTestObject("CERTPAY_QUICKSTI/Login_ Page/TELLER_ID"), teller_id, "Bureau code", [pageLoadTime]): Quicksti.ts:Entered'zenq into Bureau code

2020-10-15 15:59:26 - [MESSAGE][PASSED] - Object 'Object Repository/CERTPAY_QUICKSTI/Login_ Page/TELLER_ID' is present

2020-10-15 15:59:27 - [MESSAGE][PASSED] - Object 'Object Repository/CERTPAY_QUICKSTI/Login_ Page/TELLER_ID' is visible

2020-10-15 15:59:27 - [MESSAGE][PASSED] - Object 'Object Repository/CERTPAY_QUICKSTI/Login_ Page/TELLER_ID' is present

2020-10-15 15:59:28 - [MESSAGE][PASSED] - Text 'zenq' is set on object 'Object Repository/CERTPAY_QUICKSTI/Login_ Page/TELLER_ID'

2020-10-15 15:59:28 - [MESSAGE][PASSED] - Quicksti.ts:Entered'zenq into Bureau code

2020-10-15 15:59:28 - [TEST_STEP][PASSED] - utilities.SafeActions.safeClick(findTestObject("CERTPAY_QUICKSTI/Login_ Page/NEXT_BUTTON"), "Next button", [pageLoadTime]): Quicksti.ts:Clicked on the Next button

2020-10-15 15:59:28 - [MESSAGE][INFO] - safeClicking

2020-10-15 15:59:28 - [MESSAGE][PASSED] - Object 'Object Repository/CERTPAY_QUICKSTI/Login_ Page/NEXT_BUTTON' is present

2020-10-15 15:59:30 - [MESSAGE][PASSED] - Object 'Object Repository/CERTPAY_QUICKSTI/Login_ Page/NEXT_BUTTON' is clickable

2020-10-15 15:59:36 - [MESSAGE][PASSED] - Object: 'Object Repository/CERTPAY_QUICKSTI/Login_ Page/NEXT_BUTTON' is clicked on

2020-10-15 15:59:36 - [MESSAGE][PASSED] - Quicksti.ts:Clicked on the Next button

2020-10-15 15:59:36 - [TEST_STEP][PASSED] - utilities.SafeActions.safeClick(findTestObject("CERTPAY_QUICKSTI/Payment_Information_Page/MANUAL_ENTRY_BUTTON"), "ManualEntry", [pageLoadTime]): Quicksti.ts:Clicked on the ManualEntry

2020-10-15 15:59:36 - [MESSAGE][INFO] - safeClicking

2020-10-15 15:59:36 - [MESSAGE][PASSED] - Object 'Object Repository/CERTPAY_QUICKSTI/Payment_Information_Page/MANUAL_ENTRY_BUTTON' is present

2020-10-15 15:59:36 - [MESSAGE][PASSED] - Object 'Object Repository/CERTPAY_QUICKSTI/Payment_Information_Page/MANUAL_ENTRY_BUTTON' is clickable

2020-10-15 15:59:38 - [MESSAGE][PASSED] - Object: 'Object Repository/CERTPAY_QUICKSTI/Payment_Information_Page/MANUAL_ENTRY_BUTTON' is clicked on

2020-10-15 15:59:38 - [MESSAGE][PASSED] - Quicksti.ts:Clicked on the ManualEntry

2020-10-15 15:59:38 - [TEST_STEP][PASSED] - CardNumber = pages.Quicksti.setUserPaymentDetails(firstName, lastName, cardNum): Quicksti.ts:Entered'4761739001010135 into CardNum

2020-10-15 15:59:39 - [MESSAGE][PASSED] - Object 'Object Repository/CERTPAY_QUICKSTI/Payment_Information_Page/FIRST_NAME' is present

2020-10-15 15:59:39 - [MESSAGE][PASSED] - Object 'Object Repository/CERTPAY_QUICKSTI/Payment_Information_Page/FIRST_NAME' is visible

2020-10-15 15:59:40 - [MESSAGE][PASSED] - Object 'Object Repository/CERTPAY_QUICKSTI/Payment_Information_Page/FIRST_NAME' is present

2020-10-15 15:59:41 - [MESSAGE][PASSED] - Text 'Tester' is set on object 'Object Repository/CERTPAY_QUICKSTI/Payment_Information_Page/FIRST_NAME'

2020-10-15 15:59:41 - [MESSAGE][PASSED] - Quicksti.ts:Entered'Tester into FirstName

2020-10-15 15:59:41 - [MESSAGE][PASSED] - Object 'Object Repository/CERTPAY_QUICKSTI/Payment_Information_Page/LAST_NAME' is present

2020-10-15 15:59:42 - [MESSAGE][PASSED] - Object 'Object Repository/CERTPAY_QUICKSTI/Payment_Information_Page/LAST_NAME' is visible

2020-10-15 15:59:42 - [MESSAGE][PASSED] - Object 'Object Repository/CERTPAY_QUICKSTI/Payment_Information_Page/LAST_NAME' is present

2020-10-15 15:59:43 - [MESSAGE][PASSED] - Text 'Zenq1' is set on object 'Object Repository/CERTPAY_QUICKSTI/Payment_Information_Page/LAST_NAME'

2020-10-15 15:59:43 - [MESSAGE][PASSED] - Quicksti.ts:Entered'Zenq1 into LAstName

2020-10-15 15:59:43 - [MESSAGE][PASSED] - Object 'Object Repository/CERTPAY_QUICKSTI/Payment_Information_Page/CARD_NUMBER' is present

2020-10-15 15:59:44 - [MESSAGE][PASSED] - Object 'Object Repository/CERTPAY_QUICKSTI/Payment_Information_Page/CARD_NUMBER' is visible

2020-10-15 15:59:44 - [MESSAGE][PASSED] - Object 'Object Repository/CERTPAY_QUICKSTI/Payment_Information_Page/CARD_NUMBER' is present

2020-10-15 15:59:45 - [MESSAGE][PASSED] - Text '4761739001010135' is set on object 'Object Repository/CERTPAY_QUICKSTI/Payment_Information_Page/CARD_NUMBER'

2020-10-15 15:59:45 - [MESSAGE][PASSED] - Quicksti.ts:Entered'4761739001010135 into CardNum

2020-10-15 15:59:45 - [TEST_STEP][PASSED] - utilities.SafeActions.safeSelectOptionInDropdownByVisibleText(findTestObject("CERTPAY_QUICKSTI/Payment_Information_Page/PAYMENT_TYPE"), paymentType, "paymentType", [pageLoadTime]): selected dropdown option by visible text  Taxesfrom paymentType

2020-10-15 15:59:46 - [MESSAGE][PASSED] - Object 'Object Repository/CERTPAY_QUICKSTI/Payment_Information_Page/PAYMENT_TYPE' is visible

2020-10-15 15:59:46 - [MESSAGE][PASSED] - Object 'Object Repository/CERTPAY_QUICKSTI/Payment_Information_Page/PAYMENT_TYPE' is present

2020-10-15 15:59:47 - [MESSAGE][PASSED] - Object: 'Object Repository/CERTPAY_QUICKSTI/Payment_Information_Page/PAYMENT_TYPE' is clicked on

2020-10-15 15:59:48 - [MESSAGE][PASSED] - All options with label 'Taxes' are selected in object 'Object Repository/CERTPAY_QUICKSTI/Payment_Information_Page/PAYMENT_TYPE'  using regular expression

2020-10-15 15:59:48 - [MESSAGE][PASSED] - selected dropdown option by visible text  Taxesfrom paymentType

2020-10-15 15:59:48 - [TEST_STEP][PASSED] - pages.Quicksti.setExpDate(expMonth, expYear, securityCode): Quicksti.ts:Entered'207 into securityCode

2020-10-15 15:59:49 - [MESSAGE][PASSED] - Object 'Object Repository/CERTPAY_QUICKSTI/Payment_Information_Page/EXP_MONTH' is visible

2020-10-15 15:59:49 - [MESSAGE][PASSED] - Object 'Object Repository/CERTPAY_QUICKSTI/Payment_Information_Page/EXP_MONTH' is present

2020-10-15 15:59:50 - [MESSAGE][PASSED] - Object: 'Object Repository/CERTPAY_QUICKSTI/Payment_Information_Page/EXP_MONTH' is clicked on

2020-10-15 15:59:51 - [MESSAGE][PASSED] - All options with label '03' are selected in object 'Object Repository/CERTPAY_QUICKSTI/Payment_Information_Page/EXP_MONTH'  using regular expression

2020-10-15 15:59:51 - [MESSAGE][PASSED] - selected dropdown option by visible text  03from expMonth

2020-10-15 15:59:52 - [MESSAGE][PASSED] - Object 'Object Repository/CERTPAY_QUICKSTI/Payment_Information_Page/EXP_YEAR' is visible

2020-10-15 15:59:52 - [MESSAGE][PASSED] - Object 'Object Repository/CERTPAY_QUICKSTI/Payment_Information_Page/EXP_YEAR' is present

2020-10-15 15:59:53 - [MESSAGE][PASSED] - Object: 'Object Repository/CERTPAY_QUICKSTI/Payment_Information_Page/EXP_YEAR' is clicked on

2020-10-15 15:59:55 - [MESSAGE][PASSED] - All options with label '2022' are selected in object 'Object Repository/CERTPAY_QUICKSTI/Payment_Information_Page/EXP_YEAR'  using regular expression

2020-10-15 15:59:55 - [MESSAGE][PASSED] - selected dropdown option by visible text  2022from  expYear

2020-10-15 15:59:55 - [MESSAGE][PASSED] - Object 'Object Repository/CERTPAY_QUICKSTI/Payment_Information_Page/SECURITY_CODE' is present

2020-10-15 15:59:55 - [MESSAGE][PASSED] - Object 'Object Repository/CERTPAY_QUICKSTI/Payment_Information_Page/SECURITY_CODE' is visible

2020-10-15 15:59:56 - [MESSAGE][PASSED] - Object 'Object Repository/CERTPAY_QUICKSTI/Payment_Information_Page/SECURITY_CODE' is present

2020-10-15 15:59:57 - [MESSAGE][PASSED] - Text '207' is set on object 'Object Repository/CERTPAY_QUICKSTI/Payment_Information_Page/SECURITY_CODE'

2020-10-15 15:59:57 - [MESSAGE][PASSED] - Quicksti.ts:Entered'207 into securityCode

2020-10-15 15:59:57 - [TEST_STEP][PASSED] - pages.Quicksti.setPaymentAmountDetailsForSinglePayment(paymentAmount, quantity): Quicksti.ts:Entered'1 into Quantity

2020-10-15 15:59:57 - [MESSAGE][PASSED] - Object 'Object Repository/CERTPAY_QUICKSTI/Payment_Information_Page/PAYMENT_AMOUNT' is present

2020-10-15 15:59:58 - [MESSAGE][PASSED] - Object 'Object Repository/CERTPAY_QUICKSTI/Payment_Information_Page/PAYMENT_AMOUNT' is visible

2020-10-15 15:59:58 - [MESSAGE][PASSED] - Object 'Object Repository/CERTPAY_QUICKSTI/Payment_Information_Page/PAYMENT_AMOUNT' is present

2020-10-15 15:59:59 - [MESSAGE][PASSED] - Text '20.00' is set on object 'Object Repository/CERTPAY_QUICKSTI/Payment_Information_Page/PAYMENT_AMOUNT'

2020-10-15 15:59:59 - [MESSAGE][PASSED] - Quicksti.ts:Entered'20.00 into amount

2020-10-15 16:00:00 - [MESSAGE][PASSED] - Object 'Object Repository/CERTPAY_QUICKSTI/Payment_Information_Page/QUANTITY' is present

2020-10-15 16:00:00 - [MESSAGE][PASSED] - Object 'Object Repository/CERTPAY_QUICKSTI/Payment_Information_Page/QUANTITY' is visible

2020-10-15 16:00:00 - [MESSAGE][PASSED] - Object 'Object Repository/CERTPAY_QUICKSTI/Payment_Information_Page/QUANTITY' is present

2020-10-15 16:00:01 - [MESSAGE][PASSED] - Text '1' is set on object 'Object Repository/CERTPAY_QUICKSTI/Payment_Information_Page/QUANTITY'

2020-10-15 16:00:01 - [MESSAGE][PASSED] - Quicksti.ts:Entered'1 into Quantity

2020-10-15 16:00:01 - [TEST_STEP][PASSED] - utilities.SafeActions.safeType(findTestObject("CERTPAY_QUICKSTI/Payment_Information_Page/REFRENCE_NUMBER"), referenceNum, "Reference Number", [pageLoadTime]): Quicksti.ts:Entered'11 into Reference Number

2020-10-15 16:00:02 - [MESSAGE][PASSED] - Object 'Object Repository/CERTPAY_QUICKSTI/Payment_Information_Page/REFRENCE_NUMBER' is present

2020-10-15 16:00:02 - [MESSAGE][PASSED] - Object 'Object Repository/CERTPAY_QUICKSTI/Payment_Information_Page/REFRENCE_NUMBER' is visible

2020-10-15 16:00:02 - [MESSAGE][PASSED] - Object 'Object Repository/CERTPAY_QUICKSTI/Payment_Information_Page/REFRENCE_NUMBER' is present

2020-10-15 16:00:04 - [MESSAGE][PASSED] - Text '11' is set on object 'Object Repository/CERTPAY_QUICKSTI/Payment_Information_Page/REFRENCE_NUMBER'

2020-10-15 16:00:04 - [MESSAGE][PASSED] - Quicksti.ts:Entered'11 into Reference Number

2020-10-15 16:00:04 - [TEST_STEP][PASSED] - amount_Value = pages.Quicksti.getAttributeValue(findTestObject("CERTPAY_QUICKSTI/Payment_Information_Page/SUB_TOTAL")): pages.Quicksti.getAttributeValue is PASSED

2020-10-15 16:00:04 - [MESSAGE][PASSED] - Attribute 'value' of object 'Object Repository/CERTPAY_QUICKSTI/Payment_Information_Page/SUB_TOTAL' is: '20.00'

2020-10-15 16:00:04 - [MESSAGE][PASSED] - pages.Quicksti.getAttributeValue is PASSED

2020-10-15 16:00:04 - [TEST_STEP][PASSED] - utilities.SafeActions.safeType(findTestObject("CERTPAY_QUICKSTI/Payment_Information_Page/COMMENTS"), "Testing", "Comments", [pageLoadTime]): Quicksti.ts:Entered'Testing into Comments

2020-10-15 16:00:05 - [MESSAGE][PASSED] - Object 'Object Repository/CERTPAY_QUICKSTI/Payment_Information_Page/COMMENTS' is present

2020-10-15 16:00:05 - [MESSAGE][PASSED] - Object 'Object Repository/CERTPAY_QUICKSTI/Payment_Information_Page/COMMENTS' is visible

2020-10-15 16:00:05 - [MESSAGE][PASSED] - Object 'Object Repository/CERTPAY_QUICKSTI/Payment_Information_Page/COMMENTS' is present

2020-10-15 16:00:06 - [MESSAGE][PASSED] - Text 'Testing' is set on object 'Object Repository/CERTPAY_QUICKSTI/Payment_Information_Page/COMMENTS'

2020-10-15 16:00:06 - [MESSAGE][PASSED] - Quicksti.ts:Entered'Testing into Comments

2020-10-15 16:00:06 - [TEST_STEP][PASSED] - utilities.SafeActions.safeType(findTestObject("CERTPAY_QUICKSTI/Payment_Information_Page/ADDRESS"), address, "Address", [pageLoadTime]): Quicksti.ts:Entered'14-2 into Address

2020-10-15 16:00:07 - [MESSAGE][PASSED] - Object 'Object Repository/CERTPAY_QUICKSTI/Payment_Information_Page/ADDRESS' is present

2020-10-15 16:00:07 - [MESSAGE][PASSED] - Object 'Object Repository/CERTPAY_QUICKSTI/Payment_Information_Page/ADDRESS' is visible

2020-10-15 16:00:07 - [MESSAGE][PASSED] - Object 'Object Repository/CERTPAY_QUICKSTI/Payment_Information_Page/ADDRESS' is present

2020-10-15 16:00:09 - [MESSAGE][PASSED] - Text '14-2' is set on object 'Object Repository/CERTPAY_QUICKSTI/Payment_Information_Page/ADDRESS'

2020-10-15 16:00:09 - [MESSAGE][PASSED] - Quicksti.ts:Entered'14-2 into Address

2020-10-15 16:00:09 - [TEST_STEP][PASSED] - utilities.SafeActions.safeType(findTestObject("CERTPAY_QUICKSTI/Payment_Information_Page/ZIP_CODE"), zipCode, "zipcode", [pageLoadTime]): Quicksti.ts:Entered'76102 into zipcode

2020-10-15 16:00:09 - [MESSAGE][PASSED] - Object 'Object Repository/CERTPAY_QUICKSTI/Payment_Information_Page/ZIP_CODE' is present

2020-10-15 16:00:09 - [MESSAGE][PASSED] - Object 'Object Repository/CERTPAY_QUICKSTI/Payment_Information_Page/ZIP_CODE' is visible

2020-10-15 16:00:10 - [MESSAGE][PASSED] - Object 'Object Repository/CERTPAY_QUICKSTI/Payment_Information_Page/ZIP_CODE' is present

2020-10-15 16:00:11 - [MESSAGE][PASSED] - Text '76102' is set on object 'Object Repository/CERTPAY_QUICKSTI/Payment_Information_Page/ZIP_CODE'

2020-10-15 16:00:11 - [MESSAGE][PASSED] - Quicksti.ts:Entered'76102 into zipcode

2020-10-15 16:00:11 - [TEST_STEP][PASSED] - utilities.SafeActions.safeType(findTestObject("CERTPAY_QUICKSTI/Payment_Information_Page/TELEPHONE"), telephone, "Telephone", [pageLoadTime]): Quicksti.ts:Entered'9988776655 into Telephone

2020-10-15 16:00:11 - [MESSAGE][PASSED] - Object 'Object Repository/CERTPAY_QUICKSTI/Payment_Information_Page/TELEPHONE' is present

2020-10-15 16:00:11 - [MESSAGE][PASSED] - Object 'Object Repository/CERTPAY_QUICKSTI/Payment_Information_Page/TELEPHONE' is visible

2020-10-15 16:00:12 - [MESSAGE][PASSED] - Object 'Object Repository/CERTPAY_QUICKSTI/Payment_Information_Page/TELEPHONE' is present

2020-10-15 16:00:13 - [MESSAGE][PASSED] - Text '9988776655' is set on object 'Object Repository/CERTPAY_QUICKSTI/Payment_Information_Page/TELEPHONE'

2020-10-15 16:00:13 - [MESSAGE][PASSED] - Quicksti.ts:Entered'9988776655 into Telephone

2020-10-15 16:00:13 - [TEST_STEP][PASSED] - utilities.SafeActions.safeType(findTestObject("CERTPAY_QUICKSTI/Payment_Information_Page/EMAIL_ADDRESS"), emailAddress, "EMAIL address", [pageLoadTime]): Quicksti.ts:Entered'testing@zenq.com into EMAIL address

2020-10-15 16:00:13 - [MESSAGE][PASSED] - Object 'Object Repository/CERTPAY_QUICKSTI/Payment_Information_Page/EMAIL_ADDRESS' is present

2020-10-15 16:00:14 - [MESSAGE][PASSED] - Object 'Object Repository/CERTPAY_QUICKSTI/Payment_Information_Page/EMAIL_ADDRESS' is visible

2020-10-15 16:00:14 - [MESSAGE][PASSED] - Object 'Object Repository/CERTPAY_QUICKSTI/Payment_Information_Page/EMAIL_ADDRESS' is present

2020-10-15 16:00:15 - [MESSAGE][PASSED] - Text 'testing@zenq.com' is set on object 'Object Repository/CERTPAY_QUICKSTI/Payment_Information_Page/EMAIL_ADDRESS'

2020-10-15 16:00:15 - [MESSAGE][PASSED] - Quicksti.ts:Entered'testing@zenq.com into EMAIL address

2020-10-15 16:00:15 - [TEST_STEP][PASSED] - utilities.SafeActions.safeClick(findTestObject("CERTPAY_QUICKSTI/Payment_Information_Page/NEXT_BUTTON"), "Next", [pageLoadTime]): Quicksti.ts:Clicked on the Next

2020-10-15 16:00:15 - [MESSAGE][INFO] - safeClicking

2020-10-15 16:00:15 - [MESSAGE][PASSED] - Object 'Object Repository/CERTPAY_QUICKSTI/Payment_Information_Page/NEXT_BUTTON' is present

2020-10-15 16:00:16 - [MESSAGE][PASSED] - Object 'Object Repository/CERTPAY_QUICKSTI/Payment_Information_Page/NEXT_BUTTON' is clickable

2020-10-15 16:00:19 - [MESSAGE][PASSED] - Object: 'Object Repository/CERTPAY_QUICKSTI/Payment_Information_Page/NEXT_BUTTON' is clicked on

2020-10-15 16:00:19 - [MESSAGE][PASSED] - Quicksti.ts:Clicked on the Next

2020-10-15 16:00:19 - [TEST_STEP][PASSED] - pages.Quicksti.verifyUserPaymentDetails(paymentAmount, firstName, lastName, CardNumber): pages.Quicksti.verifyUserPaymentDetails is PASSED

2020-10-15 16:00:19 - [MESSAGE][PASSED] - Text of object 'Object Repository/CERTPAY_QUICKSTI/Payment_Details_Verification_Page/AMOUNT' is: '$20.00'

2020-10-15 16:00:19 - [MESSAGE][PASSED] - Actual text '20.00' and expected text '20.00' are matched  using regular expression

2020-10-15 16:00:20 - [MESSAGE][PASSED] - Text of object 'Object Repository/CERTPAY_QUICKSTI/Payment_Details_Verification_Page/NAME' is: 'Tester Zenq1'

2020-10-15 16:00:20 - [MESSAGE][PASSED] - Actual text 'Tester Zenq1' and expected text 'Tester Zenq1' are matched  using regular expression

2020-10-15 16:00:20 - [MESSAGE][PASSED] - Text of object 'Object Repository/CERTPAY_QUICKSTI/Payment_Details_Verification_Page/CARD_NUMBER' is: '...0135'

2020-10-15 16:00:20 - [MESSAGE][PASSED] - Actual text '0135' and expected text '0135' are matched  using regular expression

2020-10-15 16:00:20 - [MESSAGE][PASSED] - pages.Quicksti.verifyUserPaymentDetails is PASSED

2020-10-15 16:00:20 - [TEST_STEP][PASSED] - delay(2): Delayed 2 second(s)

2020-10-15 16:00:22 - [MESSAGE][PASSED] - Delayed 2 second(s)

2020-10-15 16:00:22 - [TEST_STEP][PASSED] - ConvFee = getText(findTestObject("CERTPAY_QUICKSTI/Payment_Information_Page/CONV_FEE")): Text of object 'Object Repository/CERTPAY_QUICKSTI/Payment_Information_Page/CONV_FEE' is: '$0.20'

2020-10-15 16:00:23 - [MESSAGE][PASSED] - Text of object 'Object Repository/CERTPAY_QUICKSTI/Payment_Information_Page/CONV_FEE' is: '$0.20'

2020-10-15 16:00:23 - [TEST_STEP][PASSED] - scrollToElement(findTestObject("CERTPAY_QUICKSTI/Payment_Details_Verification_Page/PROCESS"), 0): Scroll to object 'Object Repository/CERTPAY_QUICKSTI/Payment_Details_Verification_Page/PROCESS' successfully

2020-10-15 16:00:23 - [MESSAGE][WARNING] - Timeout '0' is invalid. Using default page load timeout: '30'

2020-10-15 16:00:23 - [MESSAGE][PASSED] - Scroll to object 'Object Repository/CERTPAY_QUICKSTI/Payment_Details_Verification_Page/PROCESS' successfully

2020-10-15 16:00:23 - [TEST_STEP][PASSED] - utilities.SafeActions.safeClick(findTestObject("CERTPAY_QUICKSTI/Payment_Details_Verification_Page/PROCESS"), "Process", [pageLoadTime]): Quicksti.ts:Clicked on the Process

2020-10-15 16:00:23 - [MESSAGE][INFO] - safeClicking

2020-10-15 16:00:23 - [MESSAGE][PASSED] - Object 'Object Repository/CERTPAY_QUICKSTI/Payment_Details_Verification_Page/PROCESS' is present

2020-10-15 16:00:24 - [MESSAGE][PASSED] - Object 'Object Repository/CERTPAY_QUICKSTI/Payment_Details_Verification_Page/PROCESS' is clickable

2020-10-15 16:00:29 - [MESSAGE][PASSED] - Object: 'Object Repository/CERTPAY_QUICKSTI/Payment_Details_Verification_Page/PROCESS' is clicked on

2020-10-15 16:00:29 - [MESSAGE][PASSED] - Quicksti.ts:Clicked on the Process

2020-10-15 16:00:29 - [TEST_STEP][PASSED] - paymentId = pages.Quicksti.verifyPaymentApproval(findTestObject("CERTPAY_QUICKSTI/Payment_Details_Verification_Page/APPROVED")): Payment is approved

2020-10-15 16:00:29 - [MESSAGE][PASSED] - Text of object 'Object Repository/CERTPAY_QUICKSTI/Payment_Details_Verification_Page/PAYMENT_ID' is: '100176129242'

2020-10-15 16:00:29 - [MESSAGE][PASSED] - Object 'Object Repository/CERTPAY_QUICKSTI/Payment_Details_Verification_Page/APPROVED' is present

2020-10-15 16:00:29 - [MESSAGE][PASSED] - Payment is approved

2020-10-15 16:00:31 - [TEST_STEP][PASSED] - navigateToUrl(Admin_url): Navigate to 'https://qa-certpayadmin.faps.net' successfully

2020-10-15 16:00:38 - [MESSAGE][PASSED] - Navigate to 'https://qa-certpayadmin.faps.net' successfully

2020-10-15 16:00:38 - [TEST_STEP][PASSED] - pages.Bureau_Login_Page.loginToAdminSite(AdminUsername, AdminPassword): Quicksti.ts:Clicked on the LOGIN

2020-10-15 16:00:39 - [MESSAGE][PASSED] - Object 'Object Repository/CERTPAY_ADMIN/USER_NAME' is present

2020-10-15 16:00:39 - [MESSAGE][PASSED] - Object 'Object Repository/CERTPAY_ADMIN/USER_NAME' is visible

2020-10-15 16:00:39 - [MESSAGE][PASSED] - Object 'Object Repository/CERTPAY_ADMIN/USER_NAME' is present

2020-10-15 16:00:40 - [MESSAGE][PASSED] - Text 'VVangiliappan' is set on object 'Object Repository/CERTPAY_ADMIN/USER_NAME'

2020-10-15 16:00:40 - [MESSAGE][PASSED] - Quicksti.ts:Entered'VVangiliappan into username

2020-10-15 16:00:41 - [MESSAGE][PASSED] - Object 'Object Repository/CERTPAY_ADMIN/PASSWORD' is present

2020-10-15 16:00:41 - [MESSAGE][PASSED] - Object 'Object Repository/CERTPAY_ADMIN/PASSWORD' is visible

2020-10-15 16:00:41 - [MESSAGE][PASSED] - Object 'Object Repository/CERTPAY_ADMIN/PASSWORD' is present

2020-10-15 16:00:43 - [MESSAGE][PASSED] - Text 'Test@123' is set on object 'Object Repository/CERTPAY_ADMIN/PASSWORD'

2020-10-15 16:00:43 - [MESSAGE][PASSED] - Quicksti.ts:Entered'Test@123 into password

2020-10-15 16:00:43 - [MESSAGE][INFO] - safeClicking

2020-10-15 16:00:43 - [MESSAGE][PASSED] - Object 'Object Repository/CERTPAY_ADMIN/LOGIN_BUTTON' is present

2020-10-15 16:00:43 - [MESSAGE][PASSED] - Object 'Object Repository/CERTPAY_ADMIN/LOGIN_BUTTON' is clickable

2020-10-15 16:00:51 - [MESSAGE][PASSED] - Object: 'Object Repository/CERTPAY_ADMIN/LOGIN_BUTTON' is clicked on

2020-10-15 16:00:51 - [MESSAGE][PASSED] - Quicksti.ts:Clicked on the LOGIN

2020-10-15 16:00:51 - [TEST_STEP][PASSED] - utilities.SafeActions.safeClick(findTestObject("CERTPAY_ADMIN/TRANSACTION_MENU"), "TransactionMenu", [pageLoadTime]): Quicksti.ts:Clicked on the TransactionMenu

2020-10-15 16:00:51 - [MESSAGE][INFO] - safeClicking

2020-10-15 16:00:51 - [MESSAGE][PASSED] - Object 'Object Repository/CERTPAY_ADMIN/TRANSACTION_MENU' is present

2020-10-15 16:00:52 - [MESSAGE][PASSED] - Object 'Object Repository/CERTPAY_ADMIN/TRANSACTION_MENU' is clickable

2020-10-15 16:00:53 - [MESSAGE][PASSED] - Object: 'Object Repository/CERTPAY_ADMIN/TRANSACTION_MENU' is clicked on

2020-10-15 16:00:53 - [MESSAGE][PASSED] - Quicksti.ts:Clicked on the TransactionMenu

2020-10-15 16:00:53 - [TEST_STEP][PASSED] - utilities.SafeActions.safeClick(findTestObject("CERTPAY_ADMIN/TRANSACTION_SEARCH"), "TransactionSearch", [pageLoadTime]): Quicksti.ts:Clicked on the TransactionSearch

2020-10-15 16:00:53 - [MESSAGE][INFO] - safeClicking

2020-10-15 16:00:53 - [MESSAGE][PASSED] - Object 'Object Repository/CERTPAY_ADMIN/TRANSACTION_SEARCH' is present

2020-10-15 16:00:53 - [MESSAGE][PASSED] - Object 'Object Repository/CERTPAY_ADMIN/TRANSACTION_SEARCH' is clickable

2020-10-15 16:00:56 - [MESSAGE][PASSED] - Object: 'Object Repository/CERTPAY_ADMIN/TRANSACTION_SEARCH' is clicked on

2020-10-15 16:00:56 - [MESSAGE][PASSED] - Quicksti.ts:Clicked on the TransactionSearch

2020-10-15 16:00:56 - [TEST_STEP][PASSED] - utilities.SafeActions.safeType(findTestObject("CERTPAY_ADMIN/PAYMENT_ID"), paymentId, "Payment id", [pageLoadTime]): Quicksti.ts:Entered'100176129242 into Payment id

2020-10-15 16:00:57 - [MESSAGE][PASSED] - Object 'Object Repository/CERTPAY_ADMIN/PAYMENT_ID' is present

2020-10-15 16:00:57 - [MESSAGE][PASSED] - Object 'Object Repository/CERTPAY_ADMIN/PAYMENT_ID' is visible

2020-10-15 16:00:57 - [MESSAGE][PASSED] - Object 'Object Repository/CERTPAY_ADMIN/PAYMENT_ID' is present

2020-10-15 16:00:59 - [MESSAGE][PASSED] - Text '100176129242' is set on object 'Object Repository/CERTPAY_ADMIN/PAYMENT_ID'

2020-10-15 16:00:59 - [MESSAGE][PASSED] - Quicksti.ts:Entered'100176129242 into Payment id

2020-10-15 16:00:59 - [TEST_STEP][PASSED] - utilities.SafeActions.safeClick(findTestObject("CERTPAY_ADMIN/GO_BUTTON"), "Go button", [pageLoadTime]): Quicksti.ts:Clicked on the Go button

2020-10-15 16:00:59 - [MESSAGE][INFO] - safeClicking

2020-10-15 16:00:59 - [MESSAGE][PASSED] - Object 'Object Repository/CERTPAY_ADMIN/GO_BUTTON' is present

2020-10-15 16:00:59 - [MESSAGE][PASSED] - Object 'Object Repository/CERTPAY_ADMIN/GO_BUTTON' is clickable

2020-10-15 16:01:04 - [MESSAGE][PASSED] - Object: 'Object Repository/CERTPAY_ADMIN/GO_BUTTON' is clicked on

2020-10-15 16:01:04 - [MESSAGE][PASSED] - Quicksti.ts:Clicked on the Go button

2020-10-15 16:01:04 - [TEST_STEP][PASSED] - delay(5): Delayed 5 second(s)

2020-10-15 16:01:09 - [MESSAGE][PASSED] - Delayed 5 second(s)

2020-10-15 16:01:09 - [TEST_STEP][PASSED] - qty = quantity.toInteger(): null

2020-10-15 16:01:09 - [TEST_STEP][PASSED] - amt = paymentAmount.toInteger(): null

2020-10-15 16:01:09 - [TEST_STEP][PASSED] - Start listener action : afterTestCase: Browser is closed

2020-10-15 16:01:09 - [TEST_STEP][PASSED] - closeBrowser(): Browser is closed

2020-10-15 16:01:12 - [MESSAGE][PASSED] - Browser is closed]]></system-out>
         <system-err><![CDATA[2020-10-15 15:59:07 - [TEST_CASE][ERROR] - Test Cases/Certpay_Quicksti/TC_001_SingleBureauSite_SingleLinePayment: Test Cases/Certpay_Quicksti/TC_001_SingleBureauSite_SingleLinePayment FAILED.
Reason:
java.lang.NumberFormatException: For input string: "20.00"
	at TC_001_SingleBureauSite_SingleLinePayment.run(TC_001_SingleBureauSite_SingleLinePayment:144)
	at com.kms.katalon.core.main.ScriptEngine.run(ScriptEngine.java:194)
	at com.kms.katalon.core.main.ScriptEngine.runScriptAsRawText(ScriptEngine.java:119)
	at com.kms.katalon.core.main.TestCaseExecutor.runScript(TestCaseExecutor.java:337)
	at com.kms.katalon.core.main.TestCaseExecutor.doExecute(TestCaseExecutor.java:328)
	at com.kms.katalon.core.main.TestCaseExecutor.processExecutionPhase(TestCaseExecutor.java:307)
	at com.kms.katalon.core.main.TestCaseExecutor.accessMainPhase(TestCaseExecutor.java:299)
	at com.kms.katalon.core.main.TestCaseExecutor.execute(TestCaseExecutor.java:233)
	at com.kms.katalon.core.main.TestSuiteExecutor.accessTestCaseMainPhase(TestSuiteExecutor.java:169)
	at com.kms.katalon.core.main.TestSuiteExecutor.accessTestSuiteMainPhase(TestSuiteExecutor.java:142)
	at com.kms.katalon.core.main.TestSuiteExecutor.execute(TestSuiteExecutor.java:91)
	at com.kms.katalon.core.main.TestCaseMain.startTestSuite(TestCaseMain.java:157)
	at com.kms.katalon.core.main.TestCaseMain$startTestSuite$0.call(Unknown Source)
	at TempTestSuite1602757742032.run(TempTestSuite1602757742032.groovy:36)]]></system-err>
      </testcase>
      <system-out><![CDATA[2020-10-15 15:59:07 - [TEST_SUITE][ERROR] - Quicksti: Test Cases/Certpay_Quicksti/TC_001_SingleBureauSite_SingleLinePayment FAILED.
Reason:
java.lang.NumberFormatException: For input string: "20.00"
	at TC_001_SingleBureauSite_SingleLinePayment.run(TC_001_SingleBureauSite_SingleLinePayment:144)
	at com.kms.katalon.core.main.ScriptEngine.run(ScriptEngine.java:194)
	at com.kms.katalon.core.main.ScriptEngine.runScriptAsRawText(ScriptEngine.java:119)
	at com.kms.katalon.core.main.TestCaseExecutor.runScript(TestCaseExecutor.java:337)
	at com.kms.katalon.core.main.TestCaseExecutor.doExecute(TestCaseExecutor.java:328)
	at com.kms.katalon.core.main.TestCaseExecutor.processExecutionPhase(TestCaseExecutor.java:307)
	at com.kms.katalon.core.main.TestCaseExecutor.accessMainPhase(TestCaseExecutor.java:299)
	at com.kms.katalon.core.main.TestCaseExecutor.execute(TestCaseExecutor.java:233)
	at com.kms.katalon.core.main.TestSuiteExecutor.accessTestCaseMainPhase(TestSuiteExecutor.java:169)
	at com.kms.katalon.core.main.TestSuiteExecutor.accessTestSuiteMainPhase(TestSuiteExecutor.java:142)
	at com.kms.katalon.core.main.TestSuiteExecutor.execute(TestSuiteExecutor.java:91)
	at com.kms.katalon.core.main.TestCaseMain.startTestSuite(TestCaseMain.java:157)
	at com.kms.katalon.core.main.TestCaseMain$startTestSuite$0.call(Unknown Source)
	at TempTestSuite1602757742032.run(TempTestSuite1602757742032.groovy:36)]]></system-out>
      <system-err><![CDATA[2020-10-15 15:59:07 - [TEST_SUITE][ERROR] - Quicksti: Test Cases/Certpay_Quicksti/TC_001_SingleBureauSite_SingleLinePayment FAILED.
Reason:
java.lang.NumberFormatException: For input string: "20.00"
	at TC_001_SingleBureauSite_SingleLinePayment.run(TC_001_SingleBureauSite_SingleLinePayment:144)
	at com.kms.katalon.core.main.ScriptEngine.run(ScriptEngine.java:194)
	at com.kms.katalon.core.main.ScriptEngine.runScriptAsRawText(ScriptEngine.java:119)
	at com.kms.katalon.core.main.TestCaseExecutor.runScript(TestCaseExecutor.java:337)
	at com.kms.katalon.core.main.TestCaseExecutor.doExecute(TestCaseExecutor.java:328)
	at com.kms.katalon.core.main.TestCaseExecutor.processExecutionPhase(TestCaseExecutor.java:307)
	at com.kms.katalon.core.main.TestCaseExecutor.accessMainPhase(TestCaseExecutor.java:299)
	at com.kms.katalon.core.main.TestCaseExecutor.execute(TestCaseExecutor.java:233)
	at com.kms.katalon.core.main.TestSuiteExecutor.accessTestCaseMainPhase(TestSuiteExecutor.java:169)
	at com.kms.katalon.core.main.TestSuiteExecutor.accessTestSuiteMainPhase(TestSuiteExecutor.java:142)
	at com.kms.katalon.core.main.TestSuiteExecutor.execute(TestSuiteExecutor.java:91)
	at com.kms.katalon.core.main.TestCaseMain.startTestSuite(TestCaseMain.java:157)
	at com.kms.katalon.core.main.TestCaseMain$startTestSuite$0.call(Unknown Source)
	at TempTestSuite1602757742032.run(TempTestSuite1602757742032.groovy:36)]]></system-err>
   </testsuite>
</testsuites>
