<?xml version="1.0" encoding="UTF-8"?>
<testsuites name="Quicksti_Sameday_Refund_Void_Admin" time="567.83" tests="1" failures="0" errors="0">
   <testsuite name="Quicksti_Sameday_Refund_Void_Admin" tests="1" failures="0" errors="0" time="567.83" timestamp="2020-10-19 10:49:28" hostname="admin - SYS8" id="Test Suites/Certpay_testSuite/Quicksti_Sameday_Refund_Void_Admin">
      <properties>
         <property name="deviceName" value=""/>
         <property name="devicePlatform" value=""/>
         <property name="logFolder" value="E:\\Sush_Certpay\\Reports\\20201019_104923\\Certpay_testSuite\\Quicksti_Sameday_Refund_Void_Admin\\20201019_104923"/>
         <property name="logFiles" value="E:\\Sush_Certpay\\Reports\\20201019_104923\\Certpay_testSuite\\Quicksti_Sameday_Refund_Void_Admin\\20201019_104923\\execution0.log"/>
         <property name="attachments" value=""/>
         <property name="hostName" value="admin - SYS8"/>
         <property name="os" value="Windows 10 32bit"/>
         <property name="katalonVersion" value="7.1.2.1"/>
         <property name="browser" value="Chrome 86.0.4240.75"/>
         <property name="hostAddress" value="172.31.253.251"/>
         <property name="sessionId" value="f24fdaea6af0daf88fd53cd051561507"/>
         <property name="seleniumVersion" value="3.141.59"/>
         <property name="proxyInformation" value="ProxyInformation{proxyOption=NO_PROXY, proxyServerType=HTTP, password=, proxyServerAddress=, proxyServerPort=0, executionList=}"/>
         <property name="platform" value="Windows 10"/>
      </properties>
      <testcase name="Test Cases/SameDay_Refunds_Admin/TC_003_VISA_SamedayRefund_Void" time="567.436" classname="Test Cases/SameDay_Refunds_Admin/TC_003_VISA_SamedayRefund_Void" status="PASSED">
         <system-out><![CDATA[2020-10-19 10:49:28 - [TEST_CASE][PASSED] - Test Cases/SameDay_Refunds_Admin/TC_003_VISA_SamedayRefund_Void: Test Cases/SameDay_Refunds_Admin/TC_003_VISA_SamedayRefund_Void

2020-10-19 10:49:28 - [TEST_STEP][PASSED] - Start listener action : beforeTestCase: null

2020-10-19 10:49:29 - [TEST_STEP][PASSED] - data = findTestData("Data Files/Certpay/SingleBureau_SingleLine"): null

2020-10-19 10:49:30 - [TEST_STEP][PASSED] - paymentIdList = []: null

2020-10-19 10:49:30 - [TEST_STEP][PASSED] - for (def index : (1..data.getRowNumbers())): Delayed 4 second(s)

2020-10-19 10:49:30 - [TEST_STEP][PASSED] - firstName = data.getValue("FirstName", index): null

2020-10-19 10:49:30 - [TEST_STEP][PASSED] - lastName = data.getValue("LastName", index): null

2020-10-19 10:49:30 - [TEST_STEP][PASSED] - expMonth = data.getValue("ExpMonth", index): null

2020-10-19 10:49:30 - [TEST_STEP][PASSED] - expYear = data.getValue("ExpYear", index): null

2020-10-19 10:49:30 - [TEST_STEP][PASSED] - securityCode = data.getValue("SecurityCode", index): null

2020-10-19 10:49:30 - [TEST_STEP][PASSED] - paymentAmount = data.getValue("PaymentAmount", index): null

2020-10-19 10:49:30 - [TEST_STEP][PASSED] - paymentType = data.getValue("PaymentType", index): null

2020-10-19 10:49:30 - [TEST_STEP][PASSED] - quantity = data.getValue("Quantity", index): null

2020-10-19 10:49:30 - [TEST_STEP][PASSED] - comments = data.getValue("Comments", index): null

2020-10-19 10:49:30 - [TEST_STEP][PASSED] - referenceNum = data.getValue("ReferenceNum", index): null

2020-10-19 10:49:30 - [TEST_STEP][PASSED] - address = data.getValue("Address", index): null

2020-10-19 10:49:30 - [TEST_STEP][PASSED] - zipCode = data.getValue("Zipcode", index): null

2020-10-19 10:49:30 - [TEST_STEP][PASSED] - telephone = data.getValue("Telephone", index): null

2020-10-19 10:49:30 - [TEST_STEP][PASSED] - emailAddress = data.getValue("EmailAddress", index): null

2020-10-19 10:49:30 - [TEST_STEP][PASSED] - cardNum = data.getValue("CardNumber", index): null

2020-10-19 10:49:30 - [TEST_STEP][PASSED] - cardType = data.getValue("CardType", index): null

2020-10-19 10:49:30 - [TEST_STEP][PASSED] - utilities.SafeActions.openBrowser(Quicksti_Url, [pageLoadTime]): Browser launched successfully

2020-10-19 10:49:30 - [MESSAGE][INFO] - Opening Browser

2020-10-19 10:49:30 - [MESSAGE][INFO] - Starting 'Chrome' driver

2020-10-19 10:49:30 - [MESSAGE][INFO] - Action delay is set to 0 seconds

2020-10-19 10:49:41 - [MESSAGE][PASSED] - Browser is opened with url: 'https://qa-certpayquicksti.faps.net/'

2020-10-19 10:49:43 - [MESSAGE][PASSED] - Current window maximized

2020-10-19 10:49:43 - [MESSAGE][PASSED] - Browser launched successfully

2020-10-19 10:49:43 - [TEST_STEP][PASSED] - utilities.SafeActions.safeType(findTestObject("CERTPAY_QUICKSTI/Login_ Page/BUREAU_CODE"), bureau_code, "Bureau code", [pageLoadTime]): Quicksti_Sameday_Refund_Void_Admin.ts:Entered'6100000 into Bureau code

2020-10-19 10:49:43 - [MESSAGE][PASSED] - Object 'Object Repository/CERTPAY_QUICKSTI/Login_ Page/BUREAU_CODE' is present

2020-10-19 10:49:44 - [MESSAGE][PASSED] - Object 'Object Repository/CERTPAY_QUICKSTI/Login_ Page/BUREAU_CODE' is visible

2020-10-19 10:49:44 - [MESSAGE][PASSED] - Object 'Object Repository/CERTPAY_QUICKSTI/Login_ Page/BUREAU_CODE' is present

2020-10-19 10:49:45 - [MESSAGE][PASSED] - Text '6100000' is set on object 'Object Repository/CERTPAY_QUICKSTI/Login_ Page/BUREAU_CODE'

2020-10-19 10:49:45 - [MESSAGE][PASSED] - Quicksti_Sameday_Refund_Void_Admin.ts:Entered'6100000 into Bureau code

2020-10-19 10:49:45 - [TEST_STEP][PASSED] - utilities.SafeActions.safeType(findTestObject("CERTPAY_QUICKSTI/Login_ Page/TELLER_ID"), teller_id, "Bureau code", [pageLoadTime]): Quicksti_Sameday_Refund_Void_Admin.ts:Entered'zenq into Bureau code

2020-10-19 10:49:46 - [MESSAGE][PASSED] - Object 'Object Repository/CERTPAY_QUICKSTI/Login_ Page/TELLER_ID' is present

2020-10-19 10:49:46 - [MESSAGE][PASSED] - Object 'Object Repository/CERTPAY_QUICKSTI/Login_ Page/TELLER_ID' is visible

2020-10-19 10:49:46 - [MESSAGE][PASSED] - Object 'Object Repository/CERTPAY_QUICKSTI/Login_ Page/TELLER_ID' is present

2020-10-19 10:49:47 - [MESSAGE][PASSED] - Text 'zenq' is set on object 'Object Repository/CERTPAY_QUICKSTI/Login_ Page/TELLER_ID'

2020-10-19 10:49:47 - [MESSAGE][PASSED] - Quicksti_Sameday_Refund_Void_Admin.ts:Entered'zenq into Bureau code

2020-10-19 10:49:47 - [TEST_STEP][PASSED] - utilities.SafeActions.safeClick(findTestObject("CERTPAY_QUICKSTI/Login_ Page/NEXT_BUTTON"), "Next button", [pageLoadTime]): Quicksti_Sameday_Refund_Void_Admin.ts:Clicked on the Next button

2020-10-19 10:49:47 - [MESSAGE][INFO] - safeClicking

2020-10-19 10:49:48 - [MESSAGE][PASSED] - Object 'Object Repository/CERTPAY_QUICKSTI/Login_ Page/NEXT_BUTTON' is present

2020-10-19 10:49:48 - [MESSAGE][PASSED] - Object 'Object Repository/CERTPAY_QUICKSTI/Login_ Page/NEXT_BUTTON' is clickable

2020-10-19 10:49:52 - [MESSAGE][PASSED] - Object: 'Object Repository/CERTPAY_QUICKSTI/Login_ Page/NEXT_BUTTON' is clicked on

2020-10-19 10:49:52 - [MESSAGE][PASSED] - Quicksti_Sameday_Refund_Void_Admin.ts:Clicked on the Next button

2020-10-19 10:49:52 - [TEST_STEP][PASSED] - utilities.SafeActions.safeClick(findTestObject("CERTPAY_QUICKSTI/Payment_Information_Page/MANUAL_ENTRY_BUTTON"), "ManualEntry", [pageLoadTime]): Quicksti_Sameday_Refund_Void_Admin.ts:Clicked on the ManualEntry

2020-10-19 10:49:52 - [MESSAGE][INFO] - safeClicking

2020-10-19 10:49:52 - [MESSAGE][PASSED] - Object 'Object Repository/CERTPAY_QUICKSTI/Payment_Information_Page/MANUAL_ENTRY_BUTTON' is present

2020-10-19 10:49:52 - [MESSAGE][PASSED] - Object 'Object Repository/CERTPAY_QUICKSTI/Payment_Information_Page/MANUAL_ENTRY_BUTTON' is clickable

2020-10-19 10:49:55 - [MESSAGE][PASSED] - Object: 'Object Repository/CERTPAY_QUICKSTI/Payment_Information_Page/MANUAL_ENTRY_BUTTON' is clicked on

2020-10-19 10:49:55 - [MESSAGE][PASSED] - Quicksti_Sameday_Refund_Void_Admin.ts:Clicked on the ManualEntry

2020-10-19 10:49:55 - [TEST_STEP][PASSED] - CardNumber = pages.Quicksti.setUserPaymentDetails(firstName, lastName, cardNum): Quicksti_Sameday_Refund_Void_Admin.ts:Entered'4761739001010135 into CardNum

2020-10-19 10:49:55 - [MESSAGE][PASSED] - Object 'Object Repository/CERTPAY_QUICKSTI/Payment_Information_Page/FIRST_NAME' is present

2020-10-19 10:49:56 - [MESSAGE][PASSED] - Object 'Object Repository/CERTPAY_QUICKSTI/Payment_Information_Page/FIRST_NAME' is visible

2020-10-19 10:49:56 - [MESSAGE][PASSED] - Object 'Object Repository/CERTPAY_QUICKSTI/Payment_Information_Page/FIRST_NAME' is present

2020-10-19 10:49:57 - [MESSAGE][PASSED] - Text 'Tester' is set on object 'Object Repository/CERTPAY_QUICKSTI/Payment_Information_Page/FIRST_NAME'

2020-10-19 10:49:57 - [MESSAGE][PASSED] - Quicksti_Sameday_Refund_Void_Admin.ts:Entered'Tester into FirstName

2020-10-19 10:49:58 - [MESSAGE][PASSED] - Object 'Object Repository/CERTPAY_QUICKSTI/Payment_Information_Page/LAST_NAME' is present

2020-10-19 10:49:58 - [MESSAGE][PASSED] - Object 'Object Repository/CERTPAY_QUICKSTI/Payment_Information_Page/LAST_NAME' is visible

2020-10-19 10:49:58 - [MESSAGE][PASSED] - Object 'Object Repository/CERTPAY_QUICKSTI/Payment_Information_Page/LAST_NAME' is present

2020-10-19 10:50:00 - [MESSAGE][PASSED] - Text 'Zenq1' is set on object 'Object Repository/CERTPAY_QUICKSTI/Payment_Information_Page/LAST_NAME'

2020-10-19 10:50:00 - [MESSAGE][PASSED] - Quicksti_Sameday_Refund_Void_Admin.ts:Entered'Zenq1 into LAstName

2020-10-19 10:50:00 - [MESSAGE][PASSED] - Object 'Object Repository/CERTPAY_QUICKSTI/Payment_Information_Page/CARD_NUMBER' is present

2020-10-19 10:50:01 - [MESSAGE][PASSED] - Object 'Object Repository/CERTPAY_QUICKSTI/Payment_Information_Page/CARD_NUMBER' is visible

2020-10-19 10:50:01 - [MESSAGE][PASSED] - Object 'Object Repository/CERTPAY_QUICKSTI/Payment_Information_Page/CARD_NUMBER' is present

2020-10-19 10:50:02 - [MESSAGE][PASSED] - Text '4761739001010135' is set on object 'Object Repository/CERTPAY_QUICKSTI/Payment_Information_Page/CARD_NUMBER'

2020-10-19 10:50:02 - [MESSAGE][PASSED] - Quicksti_Sameday_Refund_Void_Admin.ts:Entered'4761739001010135 into CardNum

2020-10-19 10:50:02 - [TEST_STEP][PASSED] - utilities.SafeActions.safeSelectOptionInDropdownByVisibleText(findTestObject("CERTPAY_QUICKSTI/Payment_Information_Page/PAYMENT_TYPE"), paymentType, "paymentType", [pageLoadTime]): selected dropdown option by visible text  Taxesfrom paymentType

2020-10-19 10:50:03 - [MESSAGE][PASSED] - Object 'Object Repository/CERTPAY_QUICKSTI/Payment_Information_Page/PAYMENT_TYPE' is visible

2020-10-19 10:50:03 - [MESSAGE][PASSED] - Object 'Object Repository/CERTPAY_QUICKSTI/Payment_Information_Page/PAYMENT_TYPE' is present

2020-10-19 10:50:04 - [MESSAGE][PASSED] - Object: 'Object Repository/CERTPAY_QUICKSTI/Payment_Information_Page/PAYMENT_TYPE' is clicked on

2020-10-19 10:50:05 - [MESSAGE][PASSED] - All options with label 'Taxes' are selected in object 'Object Repository/CERTPAY_QUICKSTI/Payment_Information_Page/PAYMENT_TYPE'  using regular expression

2020-10-19 10:50:05 - [MESSAGE][PASSED] - selected dropdown option by visible text  Taxesfrom paymentType

2020-10-19 10:50:05 - [TEST_STEP][PASSED] - pages.Quicksti.setExpDate(expMonth, expYear, securityCode): Quicksti_Sameday_Refund_Void_Admin.ts:Entered'207 into securityCode

2020-10-19 10:50:06 - [MESSAGE][PASSED] - Object 'Object Repository/CERTPAY_QUICKSTI/Payment_Information_Page/EXP_MONTH' is visible

2020-10-19 10:50:06 - [MESSAGE][PASSED] - Object 'Object Repository/CERTPAY_QUICKSTI/Payment_Information_Page/EXP_MONTH' is present

2020-10-19 10:50:07 - [MESSAGE][PASSED] - Object: 'Object Repository/CERTPAY_QUICKSTI/Payment_Information_Page/EXP_MONTH' is clicked on

2020-10-19 10:50:08 - [MESSAGE][PASSED] - All options with label '03' are selected in object 'Object Repository/CERTPAY_QUICKSTI/Payment_Information_Page/EXP_MONTH'  using regular expression

2020-10-19 10:50:08 - [MESSAGE][PASSED] - selected dropdown option by visible text  03from expMonth

2020-10-19 10:50:09 - [MESSAGE][PASSED] - Object 'Object Repository/CERTPAY_QUICKSTI/Payment_Information_Page/EXP_YEAR' is visible

2020-10-19 10:50:09 - [MESSAGE][PASSED] - Object 'Object Repository/CERTPAY_QUICKSTI/Payment_Information_Page/EXP_YEAR' is present

2020-10-19 10:50:10 - [MESSAGE][PASSED] - Object: 'Object Repository/CERTPAY_QUICKSTI/Payment_Information_Page/EXP_YEAR' is clicked on

2020-10-19 10:50:12 - [MESSAGE][PASSED] - All options with label '2022' are selected in object 'Object Repository/CERTPAY_QUICKSTI/Payment_Information_Page/EXP_YEAR'  using regular expression

2020-10-19 10:50:12 - [MESSAGE][PASSED] - selected dropdown option by visible text  2022from  expYear

2020-10-19 10:50:12 - [MESSAGE][PASSED] - Object 'Object Repository/CERTPAY_QUICKSTI/Payment_Information_Page/SECURITY_CODE' is present

2020-10-19 10:50:13 - [MESSAGE][PASSED] - Object 'Object Repository/CERTPAY_QUICKSTI/Payment_Information_Page/SECURITY_CODE' is visible

2020-10-19 10:50:13 - [MESSAGE][PASSED] - Object 'Object Repository/CERTPAY_QUICKSTI/Payment_Information_Page/SECURITY_CODE' is present

2020-10-19 10:50:14 - [MESSAGE][PASSED] - Text '207' is set on object 'Object Repository/CERTPAY_QUICKSTI/Payment_Information_Page/SECURITY_CODE'

2020-10-19 10:50:14 - [MESSAGE][PASSED] - Quicksti_Sameday_Refund_Void_Admin.ts:Entered'207 into securityCode

2020-10-19 10:50:14 - [TEST_STEP][PASSED] - pages.Quicksti.setPaymentAmountDetailsForSinglePayment(paymentAmount, quantity): Quicksti_Sameday_Refund_Void_Admin.ts:Entered'1 into Quantity

2020-10-19 10:50:14 - [MESSAGE][PASSED] - Object 'Object Repository/CERTPAY_QUICKSTI/Payment_Information_Page/PAYMENT_AMOUNT' is present

2020-10-19 10:50:15 - [MESSAGE][PASSED] - Object 'Object Repository/CERTPAY_QUICKSTI/Payment_Information_Page/PAYMENT_AMOUNT' is visible

2020-10-19 10:50:15 - [MESSAGE][PASSED] - Object 'Object Repository/CERTPAY_QUICKSTI/Payment_Information_Page/PAYMENT_AMOUNT' is present

2020-10-19 10:50:16 - [MESSAGE][PASSED] - Text '20.00' is set on object 'Object Repository/CERTPAY_QUICKSTI/Payment_Information_Page/PAYMENT_AMOUNT'

2020-10-19 10:50:16 - [MESSAGE][PASSED] - Quicksti_Sameday_Refund_Void_Admin.ts:Entered'20.00 into amount

2020-10-19 10:50:17 - [MESSAGE][PASSED] - Object 'Object Repository/CERTPAY_QUICKSTI/Payment_Information_Page/QUANTITY' is present

2020-10-19 10:50:17 - [MESSAGE][PASSED] - Object 'Object Repository/CERTPAY_QUICKSTI/Payment_Information_Page/QUANTITY' is visible

2020-10-19 10:50:18 - [MESSAGE][PASSED] - Object 'Object Repository/CERTPAY_QUICKSTI/Payment_Information_Page/QUANTITY' is present

2020-10-19 10:50:19 - [MESSAGE][PASSED] - Text '1' is set on object 'Object Repository/CERTPAY_QUICKSTI/Payment_Information_Page/QUANTITY'

2020-10-19 10:50:19 - [MESSAGE][PASSED] - Quicksti_Sameday_Refund_Void_Admin.ts:Entered'1 into Quantity

2020-10-19 10:50:19 - [TEST_STEP][PASSED] - utilities.SafeActions.safeType(findTestObject("CERTPAY_QUICKSTI/Payment_Information_Page/REFRENCE_NUMBER"), referenceNum, "Reference Number", [pageLoadTime]): Quicksti_Sameday_Refund_Void_Admin.ts:Entered'11 into Reference Number

2020-10-19 10:50:19 - [MESSAGE][PASSED] - Object 'Object Repository/CERTPAY_QUICKSTI/Payment_Information_Page/REFRENCE_NUMBER' is present

2020-10-19 10:50:20 - [MESSAGE][PASSED] - Object 'Object Repository/CERTPAY_QUICKSTI/Payment_Information_Page/REFRENCE_NUMBER' is visible

2020-10-19 10:50:20 - [MESSAGE][PASSED] - Object 'Object Repository/CERTPAY_QUICKSTI/Payment_Information_Page/REFRENCE_NUMBER' is present

2020-10-19 10:50:21 - [MESSAGE][PASSED] - Text '11' is set on object 'Object Repository/CERTPAY_QUICKSTI/Payment_Information_Page/REFRENCE_NUMBER'

2020-10-19 10:50:21 - [MESSAGE][PASSED] - Quicksti_Sameday_Refund_Void_Admin.ts:Entered'11 into Reference Number

2020-10-19 10:50:21 - [TEST_STEP][PASSED] - amount_Value = pages.Quicksti.getAttributeValue(findTestObject("CERTPAY_QUICKSTI/Payment_Information_Page/SUB_TOTAL")): pages.Quicksti.getAttributeValue is PASSED

2020-10-19 10:50:22 - [MESSAGE][PASSED] - Attribute 'value' of object 'Object Repository/CERTPAY_QUICKSTI/Payment_Information_Page/SUB_TOTAL' is: '20.00'

2020-10-19 10:50:22 - [MESSAGE][PASSED] - pages.Quicksti.getAttributeValue is PASSED

2020-10-19 10:50:22 - [TEST_STEP][PASSED] - utilities.SafeActions.safeType(findTestObject("CERTPAY_QUICKSTI/Payment_Information_Page/COMMENTS"), "Testing", "Comments", [pageLoadTime]): Quicksti_Sameday_Refund_Void_Admin.ts:Entered'Testing into Comments

2020-10-19 10:50:22 - [MESSAGE][PASSED] - Object 'Object Repository/CERTPAY_QUICKSTI/Payment_Information_Page/COMMENTS' is present

2020-10-19 10:50:22 - [MESSAGE][PASSED] - Object 'Object Repository/CERTPAY_QUICKSTI/Payment_Information_Page/COMMENTS' is visible

2020-10-19 10:50:23 - [MESSAGE][PASSED] - Object 'Object Repository/CERTPAY_QUICKSTI/Payment_Information_Page/COMMENTS' is present

2020-10-19 10:50:24 - [MESSAGE][PASSED] - Text 'Testing' is set on object 'Object Repository/CERTPAY_QUICKSTI/Payment_Information_Page/COMMENTS'

2020-10-19 10:50:24 - [MESSAGE][PASSED] - Quicksti_Sameday_Refund_Void_Admin.ts:Entered'Testing into Comments

2020-10-19 10:50:24 - [TEST_STEP][PASSED] - utilities.SafeActions.safeType(findTestObject("CERTPAY_QUICKSTI/Payment_Information_Page/ADDRESS"), address, "Address", [pageLoadTime]): Quicksti_Sameday_Refund_Void_Admin.ts:Entered'14-2 into Address

2020-10-19 10:50:24 - [MESSAGE][PASSED] - Object 'Object Repository/CERTPAY_QUICKSTI/Payment_Information_Page/ADDRESS' is present

2020-10-19 10:50:25 - [MESSAGE][PASSED] - Object 'Object Repository/CERTPAY_QUICKSTI/Payment_Information_Page/ADDRESS' is visible

2020-10-19 10:50:25 - [MESSAGE][PASSED] - Object 'Object Repository/CERTPAY_QUICKSTI/Payment_Information_Page/ADDRESS' is present

2020-10-19 10:50:26 - [MESSAGE][PASSED] - Text '14-2' is set on object 'Object Repository/CERTPAY_QUICKSTI/Payment_Information_Page/ADDRESS'

2020-10-19 10:50:26 - [MESSAGE][PASSED] - Quicksti_Sameday_Refund_Void_Admin.ts:Entered'14-2 into Address

2020-10-19 10:50:26 - [TEST_STEP][PASSED] - utilities.SafeActions.safeType(findTestObject("CERTPAY_QUICKSTI/Payment_Information_Page/ZIP_CODE"), zipCode, "zipcode", [pageLoadTime]): Quicksti_Sameday_Refund_Void_Admin.ts:Entered'76102 into zipcode

2020-10-19 10:50:27 - [MESSAGE][PASSED] - Object 'Object Repository/CERTPAY_QUICKSTI/Payment_Information_Page/ZIP_CODE' is present

2020-10-19 10:50:27 - [MESSAGE][PASSED] - Object 'Object Repository/CERTPAY_QUICKSTI/Payment_Information_Page/ZIP_CODE' is visible

2020-10-19 10:50:27 - [MESSAGE][PASSED] - Object 'Object Repository/CERTPAY_QUICKSTI/Payment_Information_Page/ZIP_CODE' is present

2020-10-19 10:50:28 - [MESSAGE][PASSED] - Text '76102' is set on object 'Object Repository/CERTPAY_QUICKSTI/Payment_Information_Page/ZIP_CODE'

2020-10-19 10:50:28 - [MESSAGE][PASSED] - Quicksti_Sameday_Refund_Void_Admin.ts:Entered'76102 into zipcode

2020-10-19 10:50:28 - [TEST_STEP][PASSED] - utilities.SafeActions.safeType(findTestObject("CERTPAY_QUICKSTI/Payment_Information_Page/TELEPHONE"), telephone, "Telephone", [pageLoadTime]): Quicksti_Sameday_Refund_Void_Admin.ts:Entered'9988776655 into Telephone

2020-10-19 10:50:29 - [MESSAGE][PASSED] - Object 'Object Repository/CERTPAY_QUICKSTI/Payment_Information_Page/TELEPHONE' is present

2020-10-19 10:50:29 - [MESSAGE][PASSED] - Object 'Object Repository/CERTPAY_QUICKSTI/Payment_Information_Page/TELEPHONE' is visible

2020-10-19 10:50:29 - [MESSAGE][PASSED] - Object 'Object Repository/CERTPAY_QUICKSTI/Payment_Information_Page/TELEPHONE' is present

2020-10-19 10:50:31 - [MESSAGE][PASSED] - Text '9988776655' is set on object 'Object Repository/CERTPAY_QUICKSTI/Payment_Information_Page/TELEPHONE'

2020-10-19 10:50:31 - [MESSAGE][PASSED] - Quicksti_Sameday_Refund_Void_Admin.ts:Entered'9988776655 into Telephone

2020-10-19 10:50:31 - [TEST_STEP][PASSED] - utilities.SafeActions.safeType(findTestObject("CERTPAY_QUICKSTI/Payment_Information_Page/EMAIL_ADDRESS"), emailAddress, "EMAIL address", [pageLoadTime]): Quicksti_Sameday_Refund_Void_Admin.ts:Entered'testing@zenq.com into EMAIL address

2020-10-19 10:50:31 - [MESSAGE][PASSED] - Object 'Object Repository/CERTPAY_QUICKSTI/Payment_Information_Page/EMAIL_ADDRESS' is present

2020-10-19 10:50:31 - [MESSAGE][PASSED] - Object 'Object Repository/CERTPAY_QUICKSTI/Payment_Information_Page/EMAIL_ADDRESS' is visible

2020-10-19 10:50:32 - [MESSAGE][PASSED] - Object 'Object Repository/CERTPAY_QUICKSTI/Payment_Information_Page/EMAIL_ADDRESS' is present

2020-10-19 10:50:33 - [MESSAGE][PASSED] - Text 'testing@zenq.com' is set on object 'Object Repository/CERTPAY_QUICKSTI/Payment_Information_Page/EMAIL_ADDRESS'

2020-10-19 10:50:33 - [MESSAGE][PASSED] - Quicksti_Sameday_Refund_Void_Admin.ts:Entered'testing@zenq.com into EMAIL address

2020-10-19 10:50:33 - [TEST_STEP][PASSED] - utilities.SafeActions.safeClick(findTestObject("CERTPAY_QUICKSTI/Payment_Information_Page/NEXT_BUTTON"), "Next", [pageLoadTime]): Quicksti_Sameday_Refund_Void_Admin.ts:Clicked on the Next

2020-10-19 10:50:33 - [MESSAGE][INFO] - safeClicking

2020-10-19 10:50:33 - [MESSAGE][PASSED] - Object 'Object Repository/CERTPAY_QUICKSTI/Payment_Information_Page/NEXT_BUTTON' is present

2020-10-19 10:50:34 - [MESSAGE][PASSED] - Object 'Object Repository/CERTPAY_QUICKSTI/Payment_Information_Page/NEXT_BUTTON' is clickable

2020-10-19 10:50:37 - [MESSAGE][PASSED] - Object: 'Object Repository/CERTPAY_QUICKSTI/Payment_Information_Page/NEXT_BUTTON' is clicked on

2020-10-19 10:50:37 - [MESSAGE][PASSED] - Quicksti_Sameday_Refund_Void_Admin.ts:Clicked on the Next

2020-10-19 10:50:37 - [TEST_STEP][PASSED] - pages.Quicksti.verifyUserPaymentDetails(paymentAmount, firstName, lastName, CardNumber): pages.Quicksti.verifyUserPaymentDetails is PASSED

2020-10-19 10:50:38 - [MESSAGE][PASSED] - Text of object 'Object Repository/CERTPAY_QUICKSTI/Payment_Details_Verification_Page/AMOUNT' is: '$20.00'

2020-10-19 10:50:38 - [MESSAGE][PASSED] - Actual text '20.00' and expected text '20.00' are matched  using regular expression

2020-10-19 10:50:38 - [MESSAGE][PASSED] - Text of object 'Object Repository/CERTPAY_QUICKSTI/Payment_Details_Verification_Page/NAME' is: 'Tester Zenq1'

2020-10-19 10:50:38 - [MESSAGE][PASSED] - Actual text 'Tester Zenq1' and expected text 'Tester Zenq1' are matched  using regular expression

2020-10-19 10:50:38 - [MESSAGE][PASSED] - Text of object 'Object Repository/CERTPAY_QUICKSTI/Payment_Details_Verification_Page/CARD_NUMBER' is: '...0135'

2020-10-19 10:50:38 - [MESSAGE][PASSED] - Actual text '0135' and expected text '0135' are matched  using regular expression

2020-10-19 10:50:38 - [MESSAGE][PASSED] - pages.Quicksti.verifyUserPaymentDetails is PASSED

2020-10-19 10:50:38 - [TEST_STEP][PASSED] - delay(2): Delayed 2 second(s)

2020-10-19 10:50:40 - [MESSAGE][PASSED] - Delayed 2 second(s)

2020-10-19 10:50:40 - [TEST_STEP][PASSED] - scrollToElement(findTestObject("CERTPAY_QUICKSTI/Payment_Details_Verification_Page/PROCESS"), 30): Scroll to object 'Object Repository/CERTPAY_QUICKSTI/Payment_Details_Verification_Page/PROCESS' successfully

2020-10-19 10:50:41 - [MESSAGE][PASSED] - Scroll to object 'Object Repository/CERTPAY_QUICKSTI/Payment_Details_Verification_Page/PROCESS' successfully

2020-10-19 10:50:41 - [TEST_STEP][PASSED] - utilities.SafeActions.safeClick(findTestObject("CERTPAY_QUICKSTI/Payment_Details_Verification_Page/PROCESS"), "Process", [pageLoadTime]): Quicksti_Sameday_Refund_Void_Admin.ts:Clicked on the Process

2020-10-19 10:50:41 - [MESSAGE][INFO] - safeClicking

2020-10-19 10:50:41 - [MESSAGE][PASSED] - Object 'Object Repository/CERTPAY_QUICKSTI/Payment_Details_Verification_Page/PROCESS' is present

2020-10-19 10:50:41 - [MESSAGE][PASSED] - Object 'Object Repository/CERTPAY_QUICKSTI/Payment_Details_Verification_Page/PROCESS' is clickable

2020-10-19 10:50:46 - [MESSAGE][PASSED] - Object: 'Object Repository/CERTPAY_QUICKSTI/Payment_Details_Verification_Page/PROCESS' is clicked on

2020-10-19 10:50:46 - [MESSAGE][PASSED] - Quicksti_Sameday_Refund_Void_Admin.ts:Clicked on the Process

2020-10-19 10:50:46 - [TEST_STEP][PASSED] - paymentId = pages.Quicksti.verifyPaymentApproval(findTestObject("CERTPAY_QUICKSTI/Payment_Details_Verification_Page/APPROVED")): Payment is approved

2020-10-19 10:50:46 - [MESSAGE][PASSED] - Text of object 'Object Repository/CERTPAY_QUICKSTI/Payment_Details_Verification_Page/PAYMENT_ID' is: '100176131528'

2020-10-19 10:50:46 - [MESSAGE][PASSED] - Object 'Object Repository/CERTPAY_QUICKSTI/Payment_Details_Verification_Page/APPROVED' is present

2020-10-19 10:50:46 - [MESSAGE][PASSED] - Payment is approved

2020-10-19 10:50:48 - [TEST_STEP][PASSED] - navigateToUrl(Admin_url): Navigate to 'https://qa-certpayadmin.faps.net' successfully

2020-10-19 10:50:56 - [MESSAGE][PASSED] - Navigate to 'https://qa-certpayadmin.faps.net' successfully

2020-10-19 10:50:56 - [TEST_STEP][PASSED] - pages.Bureau_Login_Page.loginToAdminSite(AdminUsername, AdminPassword): Quicksti_Sameday_Refund_Void_Admin.ts:Clicked on the LOGIN

2020-10-19 10:50:56 - [MESSAGE][PASSED] - Object 'Object Repository/CERTPAY_ADMIN/USER_NAME' is present

2020-10-19 10:50:57 - [MESSAGE][PASSED] - Object 'Object Repository/CERTPAY_ADMIN/USER_NAME' is visible

2020-10-19 10:50:57 - [MESSAGE][PASSED] - Object 'Object Repository/CERTPAY_ADMIN/USER_NAME' is present

2020-10-19 10:50:58 - [MESSAGE][PASSED] - Text 'VVangiliappan' is set on object 'Object Repository/CERTPAY_ADMIN/USER_NAME'

2020-10-19 10:50:58 - [MESSAGE][PASSED] - Quicksti_Sameday_Refund_Void_Admin.ts:Entered'VVangiliappan into username

2020-10-19 10:50:59 - [MESSAGE][PASSED] - Object 'Object Repository/CERTPAY_ADMIN/PASSWORD' is present

2020-10-19 10:50:59 - [MESSAGE][PASSED] - Object 'Object Repository/CERTPAY_ADMIN/PASSWORD' is visible

2020-10-19 10:50:59 - [MESSAGE][PASSED] - Object 'Object Repository/CERTPAY_ADMIN/PASSWORD' is present

2020-10-19 10:51:01 - [MESSAGE][PASSED] - Text 'Test@123' is set on object 'Object Repository/CERTPAY_ADMIN/PASSWORD'

2020-10-19 10:51:01 - [MESSAGE][PASSED] - Quicksti_Sameday_Refund_Void_Admin.ts:Entered'Test@123 into password

2020-10-19 10:51:01 - [MESSAGE][INFO] - safeClicking

2020-10-19 10:51:01 - [MESSAGE][PASSED] - Object 'Object Repository/CERTPAY_ADMIN/LOGIN_BUTTON' is present

2020-10-19 10:51:01 - [MESSAGE][PASSED] - Object 'Object Repository/CERTPAY_ADMIN/LOGIN_BUTTON' is clickable

2020-10-19 10:51:10 - [MESSAGE][PASSED] - Object: 'Object Repository/CERTPAY_ADMIN/LOGIN_BUTTON' is clicked on

2020-10-19 10:51:10 - [MESSAGE][PASSED] - Quicksti_Sameday_Refund_Void_Admin.ts:Clicked on the LOGIN

2020-10-19 10:51:10 - [TEST_STEP][PASSED] - utilities.SafeActions.safeClick(findTestObject("CERTPAY_ADMIN/TRANSACTION_MENU"), "TransactionMenu", [pageLoadTime]): Quicksti_Sameday_Refund_Void_Admin.ts:Clicked on the TransactionMenu

2020-10-19 10:51:10 - [MESSAGE][INFO] - safeClicking

2020-10-19 10:51:10 - [MESSAGE][PASSED] - Object 'Object Repository/CERTPAY_ADMIN/TRANSACTION_MENU' is present

2020-10-19 10:51:10 - [MESSAGE][PASSED] - Object 'Object Repository/CERTPAY_ADMIN/TRANSACTION_MENU' is clickable

2020-10-19 10:51:12 - [MESSAGE][PASSED] - Object: 'Object Repository/CERTPAY_ADMIN/TRANSACTION_MENU' is clicked on

2020-10-19 10:51:12 - [MESSAGE][PASSED] - Quicksti_Sameday_Refund_Void_Admin.ts:Clicked on the TransactionMenu

2020-10-19 10:51:12 - [TEST_STEP][PASSED] - utilities.SafeActions.safeClick(findTestObject("CERTPAY_ADMIN/TRANSACTION_SEARCH"), "TransactionSearch", [pageLoadTime]): Quicksti_Sameday_Refund_Void_Admin.ts:Clicked on the TransactionSearch

2020-10-19 10:51:12 - [MESSAGE][INFO] - safeClicking

2020-10-19 10:51:12 - [MESSAGE][PASSED] - Object 'Object Repository/CERTPAY_ADMIN/TRANSACTION_SEARCH' is present

2020-10-19 10:51:12 - [MESSAGE][PASSED] - Object 'Object Repository/CERTPAY_ADMIN/TRANSACTION_SEARCH' is clickable

2020-10-19 10:51:16 - [MESSAGE][PASSED] - Object: 'Object Repository/CERTPAY_ADMIN/TRANSACTION_SEARCH' is clicked on

2020-10-19 10:51:16 - [MESSAGE][PASSED] - Quicksti_Sameday_Refund_Void_Admin.ts:Clicked on the TransactionSearch

2020-10-19 10:51:16 - [TEST_STEP][PASSED] - utilities.SafeActions.safeType(findTestObject("CERTPAY_ADMIN/PAYMENT_ID"), paymentId, "Payment id", [pageLoadTime]): Quicksti_Sameday_Refund_Void_Admin.ts:Entered'100176131528 into Payment id

2020-10-19 10:51:16 - [MESSAGE][PASSED] - Object 'Object Repository/CERTPAY_ADMIN/PAYMENT_ID' is present

2020-10-19 10:51:17 - [MESSAGE][PASSED] - Object 'Object Repository/CERTPAY_ADMIN/PAYMENT_ID' is visible

2020-10-19 10:51:17 - [MESSAGE][PASSED] - Object 'Object Repository/CERTPAY_ADMIN/PAYMENT_ID' is present

2020-10-19 10:51:18 - [MESSAGE][PASSED] - Text '100176131528' is set on object 'Object Repository/CERTPAY_ADMIN/PAYMENT_ID'

2020-10-19 10:51:18 - [MESSAGE][PASSED] - Quicksti_Sameday_Refund_Void_Admin.ts:Entered'100176131528 into Payment id

2020-10-19 10:51:18 - [TEST_STEP][PASSED] - utilities.SafeActions.safeClick(findTestObject("CERTPAY_ADMIN/GO_BUTTON"), "Go button", [pageLoadTime]): Quicksti_Sameday_Refund_Void_Admin.ts:Clicked on the Go button

2020-10-19 10:51:18 - [MESSAGE][INFO] - safeClicking

2020-10-19 10:51:18 - [MESSAGE][PASSED] - Object 'Object Repository/CERTPAY_ADMIN/GO_BUTTON' is present

2020-10-19 10:51:19 - [MESSAGE][PASSED] - Object 'Object Repository/CERTPAY_ADMIN/GO_BUTTON' is clickable

2020-10-19 10:51:23 - [MESSAGE][PASSED] - Object: 'Object Repository/CERTPAY_ADMIN/GO_BUTTON' is clicked on

2020-10-19 10:51:23 - [MESSAGE][PASSED] - Quicksti_Sameday_Refund_Void_Admin.ts:Clicked on the Go button

2020-10-19 10:51:23 - [TEST_STEP][PASSED] - delay(3): Delayed 3 second(s)

2020-10-19 10:51:26 - [MESSAGE][PASSED] - Delayed 3 second(s)

2020-10-19 10:51:26 - [TEST_STEP][PASSED] - paymentIdList.add(paymentId): null

2020-10-19 10:51:26 - [TEST_STEP][PASSED] - println(paymentIdList): null

2020-10-19 10:51:26 - [TEST_STEP][PASSED] - utilities.SafeActions.safeClick(findTestObject("CERTPAY_ADMIN/ACTIONS_BUTTON"), "Actions button", [pageLoadTime]): Quicksti_Sameday_Refund_Void_Admin.ts:Clicked on the Actions button

2020-10-19 10:51:26 - [MESSAGE][INFO] - safeClicking

2020-10-19 10:51:27 - [MESSAGE][PASSED] - Object 'Object Repository/CERTPAY_ADMIN/ACTIONS_BUTTON' is present

2020-10-19 10:51:27 - [MESSAGE][PASSED] - Object 'Object Repository/CERTPAY_ADMIN/ACTIONS_BUTTON' is clickable

2020-10-19 10:51:28 - [MESSAGE][PASSED] - Object: 'Object Repository/CERTPAY_ADMIN/ACTIONS_BUTTON' is clicked on

2020-10-19 10:51:28 - [MESSAGE][PASSED] - Quicksti_Sameday_Refund_Void_Admin.ts:Clicked on the Actions button

2020-10-19 10:51:28 - [TEST_STEP][PASSED] - utilities.SafeActions.safeClick(findTestObject("CERTPAY_ADMIN/REFUND_MENU"), "Refund Menu", [pageLoadTime]): Quicksti_Sameday_Refund_Void_Admin.ts:Clicked on the Refund Menu

2020-10-19 10:51:28 - [MESSAGE][INFO] - safeClicking

2020-10-19 10:51:28 - [MESSAGE][PASSED] - Object 'Object Repository/CERTPAY_ADMIN/REFUND_MENU' is present

2020-10-19 10:51:29 - [MESSAGE][PASSED] - Object 'Object Repository/CERTPAY_ADMIN/REFUND_MENU' is clickable

2020-10-19 10:51:30 - [MESSAGE][PASSED] - Object: 'Object Repository/CERTPAY_ADMIN/REFUND_MENU' is clicked on

2020-10-19 10:51:30 - [MESSAGE][PASSED] - Quicksti_Sameday_Refund_Void_Admin.ts:Clicked on the Refund Menu

2020-10-19 10:51:30 - [TEST_STEP][PASSED] - utilities.SafeActions.safeClick(findTestObject("Object Repository/CERTPAY_ADMIN/PROCESS_REVERSAL"), "Process Reversal", [pageLoadTime]): Quicksti_Sameday_Refund_Void_Admin.ts:Clicked on the Process Reversal

2020-10-19 10:51:30 - [MESSAGE][INFO] - safeClicking

2020-10-19 10:51:31 - [MESSAGE][PASSED] - Object 'Object Repository/CERTPAY_ADMIN/PROCESS_REVERSAL' is present

2020-10-19 10:51:31 - [MESSAGE][PASSED] - Object 'Object Repository/CERTPAY_ADMIN/PROCESS_REVERSAL' is clickable

2020-10-19 10:51:32 - [MESSAGE][PASSED] - Object: 'Object Repository/CERTPAY_ADMIN/PROCESS_REVERSAL' is clicked on

2020-10-19 10:51:32 - [MESSAGE][PASSED] - Quicksti_Sameday_Refund_Void_Admin.ts:Clicked on the Process Reversal

2020-10-19 10:51:32 - [TEST_STEP][PASSED] - delay(4): Delayed 4 second(s)

2020-10-19 10:51:36 - [MESSAGE][PASSED] - Delayed 4 second(s)

2020-10-19 10:51:36 - [TEST_STEP][PASSED] - firstName = data.getValue("FirstName", index): null

2020-10-19 10:51:36 - [TEST_STEP][PASSED] - lastName = data.getValue("LastName", index): null

2020-10-19 10:51:36 - [TEST_STEP][PASSED] - expMonth = data.getValue("ExpMonth", index): null

2020-10-19 10:51:36 - [TEST_STEP][PASSED] - expYear = data.getValue("ExpYear", index): null

2020-10-19 10:51:36 - [TEST_STEP][PASSED] - securityCode = data.getValue("SecurityCode", index): null

2020-10-19 10:51:36 - [TEST_STEP][PASSED] - paymentAmount = data.getValue("PaymentAmount", index): null

2020-10-19 10:51:36 - [TEST_STEP][PASSED] - paymentType = data.getValue("PaymentType", index): null

2020-10-19 10:51:36 - [TEST_STEP][PASSED] - quantity = data.getValue("Quantity", index): null

2020-10-19 10:51:36 - [TEST_STEP][PASSED] - comments = data.getValue("Comments", index): null

2020-10-19 10:51:36 - [TEST_STEP][PASSED] - referenceNum = data.getValue("ReferenceNum", index): null

2020-10-19 10:51:36 - [TEST_STEP][PASSED] - address = data.getValue("Address", index): null

2020-10-19 10:51:36 - [TEST_STEP][PASSED] - zipCode = data.getValue("Zipcode", index): null

2020-10-19 10:51:36 - [TEST_STEP][PASSED] - telephone = data.getValue("Telephone", index): null

2020-10-19 10:51:36 - [TEST_STEP][PASSED] - emailAddress = data.getValue("EmailAddress", index): null

2020-10-19 10:51:36 - [TEST_STEP][PASSED] - cardNum = data.getValue("CardNumber", index): null

2020-10-19 10:51:36 - [TEST_STEP][PASSED] - cardType = data.getValue("CardType", index): null

2020-10-19 10:51:36 - [TEST_STEP][PASSED] - utilities.SafeActions.openBrowser(Quicksti_Url, [pageLoadTime]): Browser launched successfully

2020-10-19 10:51:36 - [MESSAGE][INFO] - Opening Browser

2020-10-19 10:51:36 - [MESSAGE][WARNING] - A browser is already opened. Closing browser and opening a new one

2020-10-19 10:51:37 - [MESSAGE][INFO] - Starting 'Chrome' driver

2020-10-19 10:51:46 - [MESSAGE][PASSED] - Browser is opened with url: 'https://qa-certpayquicksti.faps.net/'

2020-10-19 10:51:48 - [MESSAGE][PASSED] - Current window maximized

2020-10-19 10:51:48 - [MESSAGE][PASSED] - Browser launched successfully

2020-10-19 10:51:48 - [TEST_STEP][PASSED] - utilities.SafeActions.safeType(findTestObject("CERTPAY_QUICKSTI/Login_ Page/BUREAU_CODE"), bureau_code, "Bureau code", [pageLoadTime]): Quicksti_Sameday_Refund_Void_Admin.ts:Entered'6100000 into Bureau code

2020-10-19 10:51:49 - [MESSAGE][PASSED] - Object 'Object Repository/CERTPAY_QUICKSTI/Login_ Page/BUREAU_CODE' is present

2020-10-19 10:51:49 - [MESSAGE][PASSED] - Object 'Object Repository/CERTPAY_QUICKSTI/Login_ Page/BUREAU_CODE' is visible

2020-10-19 10:51:49 - [MESSAGE][PASSED] - Object 'Object Repository/CERTPAY_QUICKSTI/Login_ Page/BUREAU_CODE' is present

2020-10-19 10:51:51 - [MESSAGE][PASSED] - Text '6100000' is set on object 'Object Repository/CERTPAY_QUICKSTI/Login_ Page/BUREAU_CODE'

2020-10-19 10:51:51 - [MESSAGE][PASSED] - Quicksti_Sameday_Refund_Void_Admin.ts:Entered'6100000 into Bureau code

2020-10-19 10:51:51 - [TEST_STEP][PASSED] - utilities.SafeActions.safeType(findTestObject("CERTPAY_QUICKSTI/Login_ Page/TELLER_ID"), teller_id, "Bureau code", [pageLoadTime]): Quicksti_Sameday_Refund_Void_Admin.ts:Entered'zenq into Bureau code

2020-10-19 10:51:51 - [MESSAGE][PASSED] - Object 'Object Repository/CERTPAY_QUICKSTI/Login_ Page/TELLER_ID' is present

2020-10-19 10:51:51 - [MESSAGE][PASSED] - Object 'Object Repository/CERTPAY_QUICKSTI/Login_ Page/TELLER_ID' is visible

2020-10-19 10:51:51 - [MESSAGE][PASSED] - Object 'Object Repository/CERTPAY_QUICKSTI/Login_ Page/TELLER_ID' is present

2020-10-19 10:51:53 - [MESSAGE][PASSED] - Text 'zenq' is set on object 'Object Repository/CERTPAY_QUICKSTI/Login_ Page/TELLER_ID'

2020-10-19 10:51:53 - [MESSAGE][PASSED] - Quicksti_Sameday_Refund_Void_Admin.ts:Entered'zenq into Bureau code

2020-10-19 10:51:53 - [TEST_STEP][PASSED] - utilities.SafeActions.safeClick(findTestObject("CERTPAY_QUICKSTI/Login_ Page/NEXT_BUTTON"), "Next button", [pageLoadTime]): Quicksti_Sameday_Refund_Void_Admin.ts:Clicked on the Next button

2020-10-19 10:51:53 - [MESSAGE][INFO] - safeClicking

2020-10-19 10:51:53 - [MESSAGE][PASSED] - Object 'Object Repository/CERTPAY_QUICKSTI/Login_ Page/NEXT_BUTTON' is present

2020-10-19 10:51:53 - [MESSAGE][PASSED] - Object 'Object Repository/CERTPAY_QUICKSTI/Login_ Page/NEXT_BUTTON' is clickable

2020-10-19 10:51:58 - [MESSAGE][PASSED] - Object: 'Object Repository/CERTPAY_QUICKSTI/Login_ Page/NEXT_BUTTON' is clicked on

2020-10-19 10:51:58 - [MESSAGE][PASSED] - Quicksti_Sameday_Refund_Void_Admin.ts:Clicked on the Next button

2020-10-19 10:51:58 - [TEST_STEP][PASSED] - utilities.SafeActions.safeClick(findTestObject("CERTPAY_QUICKSTI/Payment_Information_Page/MANUAL_ENTRY_BUTTON"), "ManualEntry", [pageLoadTime]): Quicksti_Sameday_Refund_Void_Admin.ts:Clicked on the ManualEntry

2020-10-19 10:51:58 - [MESSAGE][INFO] - safeClicking

2020-10-19 10:51:58 - [MESSAGE][PASSED] - Object 'Object Repository/CERTPAY_QUICKSTI/Payment_Information_Page/MANUAL_ENTRY_BUTTON' is present

2020-10-19 10:51:58 - [MESSAGE][PASSED] - Object 'Object Repository/CERTPAY_QUICKSTI/Payment_Information_Page/MANUAL_ENTRY_BUTTON' is clickable

2020-10-19 10:52:01 - [MESSAGE][PASSED] - Object: 'Object Repository/CERTPAY_QUICKSTI/Payment_Information_Page/MANUAL_ENTRY_BUTTON' is clicked on

2020-10-19 10:52:01 - [MESSAGE][PASSED] - Quicksti_Sameday_Refund_Void_Admin.ts:Clicked on the ManualEntry

2020-10-19 10:52:01 - [TEST_STEP][PASSED] - CardNumber = pages.Quicksti.setUserPaymentDetails(firstName, lastName, cardNum): Quicksti_Sameday_Refund_Void_Admin.ts:Entered'5154623208647646 into CardNum

2020-10-19 10:52:01 - [MESSAGE][PASSED] - Object 'Object Repository/CERTPAY_QUICKSTI/Payment_Information_Page/FIRST_NAME' is present

2020-10-19 10:52:02 - [MESSAGE][PASSED] - Object 'Object Repository/CERTPAY_QUICKSTI/Payment_Information_Page/FIRST_NAME' is visible

2020-10-19 10:52:02 - [MESSAGE][PASSED] - Object 'Object Repository/CERTPAY_QUICKSTI/Payment_Information_Page/FIRST_NAME' is present

2020-10-19 10:52:03 - [MESSAGE][PASSED] - Text 'Tester' is set on object 'Object Repository/CERTPAY_QUICKSTI/Payment_Information_Page/FIRST_NAME'

2020-10-19 10:52:03 - [MESSAGE][PASSED] - Quicksti_Sameday_Refund_Void_Admin.ts:Entered'Tester into FirstName

2020-10-19 10:52:04 - [MESSAGE][PASSED] - Object 'Object Repository/CERTPAY_QUICKSTI/Payment_Information_Page/LAST_NAME' is present

2020-10-19 10:52:04 - [MESSAGE][PASSED] - Object 'Object Repository/CERTPAY_QUICKSTI/Payment_Information_Page/LAST_NAME' is visible

2020-10-19 10:52:04 - [MESSAGE][PASSED] - Object 'Object Repository/CERTPAY_QUICKSTI/Payment_Information_Page/LAST_NAME' is present

2020-10-19 10:52:05 - [MESSAGE][PASSED] - Text 'Zenq1' is set on object 'Object Repository/CERTPAY_QUICKSTI/Payment_Information_Page/LAST_NAME'

2020-10-19 10:52:05 - [MESSAGE][PASSED] - Quicksti_Sameday_Refund_Void_Admin.ts:Entered'Zenq1 into LAstName

2020-10-19 10:52:06 - [MESSAGE][PASSED] - Object 'Object Repository/CERTPAY_QUICKSTI/Payment_Information_Page/CARD_NUMBER' is present

2020-10-19 10:52:06 - [MESSAGE][PASSED] - Object 'Object Repository/CERTPAY_QUICKSTI/Payment_Information_Page/CARD_NUMBER' is visible

2020-10-19 10:52:06 - [MESSAGE][PASSED] - Object 'Object Repository/CERTPAY_QUICKSTI/Payment_Information_Page/CARD_NUMBER' is present

2020-10-19 10:52:08 - [MESSAGE][PASSED] - Text '5154623208647646' is set on object 'Object Repository/CERTPAY_QUICKSTI/Payment_Information_Page/CARD_NUMBER'

2020-10-19 10:52:08 - [MESSAGE][PASSED] - Quicksti_Sameday_Refund_Void_Admin.ts:Entered'5154623208647646 into CardNum

2020-10-19 10:52:08 - [TEST_STEP][PASSED] - utilities.SafeActions.safeSelectOptionInDropdownByVisibleText(findTestObject("CERTPAY_QUICKSTI/Payment_Information_Page/PAYMENT_TYPE"), paymentType, "paymentType", [pageLoadTime]): selected dropdown option by visible text  Giftsfrom paymentType

2020-10-19 10:52:08 - [MESSAGE][PASSED] - Object 'Object Repository/CERTPAY_QUICKSTI/Payment_Information_Page/PAYMENT_TYPE' is visible

2020-10-19 10:52:08 - [MESSAGE][PASSED] - Object 'Object Repository/CERTPAY_QUICKSTI/Payment_Information_Page/PAYMENT_TYPE' is present

2020-10-19 10:52:10 - [MESSAGE][PASSED] - Object: 'Object Repository/CERTPAY_QUICKSTI/Payment_Information_Page/PAYMENT_TYPE' is clicked on

2020-10-19 10:52:11 - [MESSAGE][PASSED] - All options with label 'Gifts' are selected in object 'Object Repository/CERTPAY_QUICKSTI/Payment_Information_Page/PAYMENT_TYPE'  using regular expression

2020-10-19 10:52:11 - [MESSAGE][PASSED] - selected dropdown option by visible text  Giftsfrom paymentType

2020-10-19 10:52:11 - [TEST_STEP][PASSED] - pages.Quicksti.setExpDate(expMonth, expYear, securityCode): Quicksti_Sameday_Refund_Void_Admin.ts:Entered'207 into securityCode

2020-10-19 10:52:11 - [MESSAGE][PASSED] - Object 'Object Repository/CERTPAY_QUICKSTI/Payment_Information_Page/EXP_MONTH' is visible

2020-10-19 10:52:11 - [MESSAGE][PASSED] - Object 'Object Repository/CERTPAY_QUICKSTI/Payment_Information_Page/EXP_MONTH' is present

2020-10-19 10:52:13 - [MESSAGE][PASSED] - Object: 'Object Repository/CERTPAY_QUICKSTI/Payment_Information_Page/EXP_MONTH' is clicked on

2020-10-19 10:52:14 - [MESSAGE][PASSED] - All options with label '04' are selected in object 'Object Repository/CERTPAY_QUICKSTI/Payment_Information_Page/EXP_MONTH'  using regular expression

2020-10-19 10:52:14 - [MESSAGE][PASSED] - selected dropdown option by visible text  04from expMonth

2020-10-19 10:52:14 - [MESSAGE][PASSED] - Object 'Object Repository/CERTPAY_QUICKSTI/Payment_Information_Page/EXP_YEAR' is visible

2020-10-19 10:52:15 - [MESSAGE][PASSED] - Object 'Object Repository/CERTPAY_QUICKSTI/Payment_Information_Page/EXP_YEAR' is present

2020-10-19 10:52:16 - [MESSAGE][PASSED] - Object: 'Object Repository/CERTPAY_QUICKSTI/Payment_Information_Page/EXP_YEAR' is clicked on

2020-10-19 10:52:18 - [MESSAGE][PASSED] - All options with label '2023' are selected in object 'Object Repository/CERTPAY_QUICKSTI/Payment_Information_Page/EXP_YEAR'  using regular expression

2020-10-19 10:52:18 - [MESSAGE][PASSED] - selected dropdown option by visible text  2023from  expYear

2020-10-19 10:52:18 - [MESSAGE][PASSED] - Object 'Object Repository/CERTPAY_QUICKSTI/Payment_Information_Page/SECURITY_CODE' is present

2020-10-19 10:52:18 - [MESSAGE][PASSED] - Object 'Object Repository/CERTPAY_QUICKSTI/Payment_Information_Page/SECURITY_CODE' is visible

2020-10-19 10:52:18 - [MESSAGE][PASSED] - Object 'Object Repository/CERTPAY_QUICKSTI/Payment_Information_Page/SECURITY_CODE' is present

2020-10-19 10:52:20 - [MESSAGE][PASSED] - Text '207' is set on object 'Object Repository/CERTPAY_QUICKSTI/Payment_Information_Page/SECURITY_CODE'

2020-10-19 10:52:20 - [MESSAGE][PASSED] - Quicksti_Sameday_Refund_Void_Admin.ts:Entered'207 into securityCode

2020-10-19 10:52:20 - [TEST_STEP][PASSED] - pages.Quicksti.setPaymentAmountDetailsForSinglePayment(paymentAmount, quantity): Quicksti_Sameday_Refund_Void_Admin.ts:Entered'2 into Quantity

2020-10-19 10:52:20 - [MESSAGE][PASSED] - Object 'Object Repository/CERTPAY_QUICKSTI/Payment_Information_Page/PAYMENT_AMOUNT' is present

2020-10-19 10:52:20 - [MESSAGE][PASSED] - Object 'Object Repository/CERTPAY_QUICKSTI/Payment_Information_Page/PAYMENT_AMOUNT' is visible

2020-10-19 10:52:21 - [MESSAGE][PASSED] - Object 'Object Repository/CERTPAY_QUICKSTI/Payment_Information_Page/PAYMENT_AMOUNT' is present

2020-10-19 10:52:22 - [MESSAGE][PASSED] - Text '25.00' is set on object 'Object Repository/CERTPAY_QUICKSTI/Payment_Information_Page/PAYMENT_AMOUNT'

2020-10-19 10:52:22 - [MESSAGE][PASSED] - Quicksti_Sameday_Refund_Void_Admin.ts:Entered'25.00 into amount

2020-10-19 10:52:23 - [MESSAGE][PASSED] - Object 'Object Repository/CERTPAY_QUICKSTI/Payment_Information_Page/QUANTITY' is present

2020-10-19 10:52:23 - [MESSAGE][PASSED] - Object 'Object Repository/CERTPAY_QUICKSTI/Payment_Information_Page/QUANTITY' is visible

2020-10-19 10:52:23 - [MESSAGE][PASSED] - Object 'Object Repository/CERTPAY_QUICKSTI/Payment_Information_Page/QUANTITY' is present

2020-10-19 10:52:24 - [MESSAGE][PASSED] - Text '2' is set on object 'Object Repository/CERTPAY_QUICKSTI/Payment_Information_Page/QUANTITY'

2020-10-19 10:52:24 - [MESSAGE][PASSED] - Quicksti_Sameday_Refund_Void_Admin.ts:Entered'2 into Quantity

2020-10-19 10:52:24 - [TEST_STEP][PASSED] - utilities.SafeActions.safeType(findTestObject("CERTPAY_QUICKSTI/Payment_Information_Page/REFRENCE_NUMBER"), referenceNum, "Reference Number", [pageLoadTime]): Quicksti_Sameday_Refund_Void_Admin.ts:Entered'12 into Reference Number

2020-10-19 10:52:25 - [MESSAGE][PASSED] - Object 'Object Repository/CERTPAY_QUICKSTI/Payment_Information_Page/REFRENCE_NUMBER' is present

2020-10-19 10:52:25 - [MESSAGE][PASSED] - Object 'Object Repository/CERTPAY_QUICKSTI/Payment_Information_Page/REFRENCE_NUMBER' is visible

2020-10-19 10:52:25 - [MESSAGE][PASSED] - Object 'Object Repository/CERTPAY_QUICKSTI/Payment_Information_Page/REFRENCE_NUMBER' is present

2020-10-19 10:52:27 - [MESSAGE][PASSED] - Text '12' is set on object 'Object Repository/CERTPAY_QUICKSTI/Payment_Information_Page/REFRENCE_NUMBER'

2020-10-19 10:52:27 - [MESSAGE][PASSED] - Quicksti_Sameday_Refund_Void_Admin.ts:Entered'12 into Reference Number

2020-10-19 10:52:27 - [TEST_STEP][PASSED] - amount_Value = pages.Quicksti.getAttributeValue(findTestObject("CERTPAY_QUICKSTI/Payment_Information_Page/SUB_TOTAL")): pages.Quicksti.getAttributeValue is PASSED

2020-10-19 10:52:27 - [MESSAGE][PASSED] - Attribute 'value' of object 'Object Repository/CERTPAY_QUICKSTI/Payment_Information_Page/SUB_TOTAL' is: '50.00'

2020-10-19 10:52:27 - [MESSAGE][PASSED] - pages.Quicksti.getAttributeValue is PASSED

2020-10-19 10:52:27 - [TEST_STEP][PASSED] - utilities.SafeActions.safeType(findTestObject("CERTPAY_QUICKSTI/Payment_Information_Page/COMMENTS"), "Testing", "Comments", [pageLoadTime]): Quicksti_Sameday_Refund_Void_Admin.ts:Entered'Testing into Comments

2020-10-19 10:52:28 - [MESSAGE][PASSED] - Object 'Object Repository/CERTPAY_QUICKSTI/Payment_Information_Page/COMMENTS' is present

2020-10-19 10:52:28 - [MESSAGE][PASSED] - Object 'Object Repository/CERTPAY_QUICKSTI/Payment_Information_Page/COMMENTS' is visible

2020-10-19 10:52:28 - [MESSAGE][PASSED] - Object 'Object Repository/CERTPAY_QUICKSTI/Payment_Information_Page/COMMENTS' is present

2020-10-19 10:52:30 - [MESSAGE][PASSED] - Text 'Testing' is set on object 'Object Repository/CERTPAY_QUICKSTI/Payment_Information_Page/COMMENTS'

2020-10-19 10:52:30 - [MESSAGE][PASSED] - Quicksti_Sameday_Refund_Void_Admin.ts:Entered'Testing into Comments

2020-10-19 10:52:30 - [TEST_STEP][PASSED] - utilities.SafeActions.safeType(findTestObject("CERTPAY_QUICKSTI/Payment_Information_Page/ADDRESS"), address, "Address", [pageLoadTime]): Quicksti_Sameday_Refund_Void_Admin.ts:Entered'14-2 into Address

2020-10-19 10:52:30 - [MESSAGE][PASSED] - Object 'Object Repository/CERTPAY_QUICKSTI/Payment_Information_Page/ADDRESS' is present

2020-10-19 10:52:30 - [MESSAGE][PASSED] - Object 'Object Repository/CERTPAY_QUICKSTI/Payment_Information_Page/ADDRESS' is visible

2020-10-19 10:52:31 - [MESSAGE][PASSED] - Object 'Object Repository/CERTPAY_QUICKSTI/Payment_Information_Page/ADDRESS' is present

2020-10-19 10:52:32 - [MESSAGE][PASSED] - Text '14-2' is set on object 'Object Repository/CERTPAY_QUICKSTI/Payment_Information_Page/ADDRESS'

2020-10-19 10:52:32 - [MESSAGE][PASSED] - Quicksti_Sameday_Refund_Void_Admin.ts:Entered'14-2 into Address

2020-10-19 10:52:32 - [TEST_STEP][PASSED] - utilities.SafeActions.safeType(findTestObject("CERTPAY_QUICKSTI/Payment_Information_Page/ZIP_CODE"), zipCode, "zipcode", [pageLoadTime]): Quicksti_Sameday_Refund_Void_Admin.ts:Entered'76102 into zipcode

2020-10-19 10:52:32 - [MESSAGE][PASSED] - Object 'Object Repository/CERTPAY_QUICKSTI/Payment_Information_Page/ZIP_CODE' is present

2020-10-19 10:52:32 - [MESSAGE][PASSED] - Object 'Object Repository/CERTPAY_QUICKSTI/Payment_Information_Page/ZIP_CODE' is visible

2020-10-19 10:52:33 - [MESSAGE][PASSED] - Object 'Object Repository/CERTPAY_QUICKSTI/Payment_Information_Page/ZIP_CODE' is present

2020-10-19 10:52:34 - [MESSAGE][PASSED] - Text '76102' is set on object 'Object Repository/CERTPAY_QUICKSTI/Payment_Information_Page/ZIP_CODE'

2020-10-19 10:52:34 - [MESSAGE][PASSED] - Quicksti_Sameday_Refund_Void_Admin.ts:Entered'76102 into zipcode

2020-10-19 10:52:34 - [TEST_STEP][PASSED] - utilities.SafeActions.safeType(findTestObject("CERTPAY_QUICKSTI/Payment_Information_Page/TELEPHONE"), telephone, "Telephone", [pageLoadTime]): Quicksti_Sameday_Refund_Void_Admin.ts:Entered'9989897654 into Telephone

2020-10-19 10:52:34 - [MESSAGE][PASSED] - Object 'Object Repository/CERTPAY_QUICKSTI/Payment_Information_Page/TELEPHONE' is present

2020-10-19 10:52:35 - [MESSAGE][PASSED] - Object 'Object Repository/CERTPAY_QUICKSTI/Payment_Information_Page/TELEPHONE' is visible

2020-10-19 10:52:35 - [MESSAGE][PASSED] - Object 'Object Repository/CERTPAY_QUICKSTI/Payment_Information_Page/TELEPHONE' is present

2020-10-19 10:52:36 - [MESSAGE][PASSED] - Text '9989897654' is set on object 'Object Repository/CERTPAY_QUICKSTI/Payment_Information_Page/TELEPHONE'

2020-10-19 10:52:36 - [MESSAGE][PASSED] - Quicksti_Sameday_Refund_Void_Admin.ts:Entered'9989897654 into Telephone

2020-10-19 10:52:36 - [TEST_STEP][PASSED] - utilities.SafeActions.safeType(findTestObject("CERTPAY_QUICKSTI/Payment_Information_Page/EMAIL_ADDRESS"), emailAddress, "EMAIL address", [pageLoadTime]): Quicksti_Sameday_Refund_Void_Admin.ts:Entered'testing@zenq.com into EMAIL address

2020-10-19 10:52:37 - [MESSAGE][PASSED] - Object 'Object Repository/CERTPAY_QUICKSTI/Payment_Information_Page/EMAIL_ADDRESS' is present

2020-10-19 10:52:37 - [MESSAGE][PASSED] - Object 'Object Repository/CERTPAY_QUICKSTI/Payment_Information_Page/EMAIL_ADDRESS' is visible

2020-10-19 10:52:37 - [MESSAGE][PASSED] - Object 'Object Repository/CERTPAY_QUICKSTI/Payment_Information_Page/EMAIL_ADDRESS' is present

2020-10-19 10:52:39 - [MESSAGE][PASSED] - Text 'testing@zenq.com' is set on object 'Object Repository/CERTPAY_QUICKSTI/Payment_Information_Page/EMAIL_ADDRESS'

2020-10-19 10:52:39 - [MESSAGE][PASSED] - Quicksti_Sameday_Refund_Void_Admin.ts:Entered'testing@zenq.com into EMAIL address

2020-10-19 10:52:39 - [TEST_STEP][PASSED] - utilities.SafeActions.safeClick(findTestObject("CERTPAY_QUICKSTI/Payment_Information_Page/NEXT_BUTTON"), "Next", [pageLoadTime]): Quicksti_Sameday_Refund_Void_Admin.ts:Clicked on the Next

2020-10-19 10:52:39 - [MESSAGE][INFO] - safeClicking

2020-10-19 10:52:39 - [MESSAGE][PASSED] - Object 'Object Repository/CERTPAY_QUICKSTI/Payment_Information_Page/NEXT_BUTTON' is present

2020-10-19 10:52:39 - [MESSAGE][PASSED] - Object 'Object Repository/CERTPAY_QUICKSTI/Payment_Information_Page/NEXT_BUTTON' is clickable

2020-10-19 10:52:42 - [MESSAGE][PASSED] - Object: 'Object Repository/CERTPAY_QUICKSTI/Payment_Information_Page/NEXT_BUTTON' is clicked on

2020-10-19 10:52:42 - [MESSAGE][PASSED] - Quicksti_Sameday_Refund_Void_Admin.ts:Clicked on the Next

2020-10-19 10:52:42 - [TEST_STEP][PASSED] - pages.Quicksti.verifyUserPaymentDetails(paymentAmount, firstName, lastName, CardNumber): pages.Quicksti.verifyUserPaymentDetails is PASSED

2020-10-19 10:52:43 - [MESSAGE][PASSED] - Text of object 'Object Repository/CERTPAY_QUICKSTI/Payment_Details_Verification_Page/AMOUNT' is: '$25.00'

2020-10-19 10:52:43 - [MESSAGE][PASSED] - Actual text '25.00' and expected text '25.00' are matched  using regular expression

2020-10-19 10:52:43 - [MESSAGE][PASSED] - Text of object 'Object Repository/CERTPAY_QUICKSTI/Payment_Details_Verification_Page/NAME' is: 'Tester Zenq1'

2020-10-19 10:52:43 - [MESSAGE][PASSED] - Actual text 'Tester Zenq1' and expected text 'Tester Zenq1' are matched  using regular expression

2020-10-19 10:52:44 - [MESSAGE][PASSED] - Text of object 'Object Repository/CERTPAY_QUICKSTI/Payment_Details_Verification_Page/CARD_NUMBER' is: '...7646'

2020-10-19 10:52:44 - [MESSAGE][PASSED] - Actual text '7646' and expected text '7646' are matched  using regular expression

2020-10-19 10:52:44 - [MESSAGE][PASSED] - pages.Quicksti.verifyUserPaymentDetails is PASSED

2020-10-19 10:52:44 - [TEST_STEP][PASSED] - delay(2): Delayed 2 second(s)

2020-10-19 10:52:46 - [MESSAGE][PASSED] - Delayed 2 second(s)

2020-10-19 10:52:46 - [TEST_STEP][PASSED] - scrollToElement(findTestObject("CERTPAY_QUICKSTI/Payment_Details_Verification_Page/PROCESS"), 30): Scroll to object 'Object Repository/CERTPAY_QUICKSTI/Payment_Details_Verification_Page/PROCESS' successfully

2020-10-19 10:52:46 - [MESSAGE][PASSED] - Scroll to object 'Object Repository/CERTPAY_QUICKSTI/Payment_Details_Verification_Page/PROCESS' successfully

2020-10-19 10:52:46 - [TEST_STEP][PASSED] - utilities.SafeActions.safeClick(findTestObject("CERTPAY_QUICKSTI/Payment_Details_Verification_Page/PROCESS"), "Process", [pageLoadTime]): Quicksti_Sameday_Refund_Void_Admin.ts:Clicked on the Process

2020-10-19 10:52:46 - [MESSAGE][INFO] - safeClicking

2020-10-19 10:52:46 - [MESSAGE][PASSED] - Object 'Object Repository/CERTPAY_QUICKSTI/Payment_Details_Verification_Page/PROCESS' is present

2020-10-19 10:52:47 - [MESSAGE][PASSED] - Object 'Object Repository/CERTPAY_QUICKSTI/Payment_Details_Verification_Page/PROCESS' is clickable

2020-10-19 10:52:50 - [MESSAGE][PASSED] - Object: 'Object Repository/CERTPAY_QUICKSTI/Payment_Details_Verification_Page/PROCESS' is clicked on

2020-10-19 10:52:50 - [MESSAGE][PASSED] - Quicksti_Sameday_Refund_Void_Admin.ts:Clicked on the Process

2020-10-19 10:52:50 - [TEST_STEP][PASSED] - paymentId = pages.Quicksti.verifyPaymentApproval(findTestObject("CERTPAY_QUICKSTI/Payment_Details_Verification_Page/APPROVED")): Payment is approved

2020-10-19 10:52:51 - [MESSAGE][PASSED] - Text of object 'Object Repository/CERTPAY_QUICKSTI/Payment_Details_Verification_Page/PAYMENT_ID' is: '100176131532'

2020-10-19 10:52:51 - [MESSAGE][PASSED] - Object 'Object Repository/CERTPAY_QUICKSTI/Payment_Details_Verification_Page/APPROVED' is present

2020-10-19 10:52:51 - [MESSAGE][PASSED] - Payment is approved

2020-10-19 10:52:53 - [TEST_STEP][PASSED] - navigateToUrl(Admin_url): Navigate to 'https://qa-certpayadmin.faps.net' successfully

2020-10-19 10:52:59 - [MESSAGE][PASSED] - Navigate to 'https://qa-certpayadmin.faps.net' successfully

2020-10-19 10:52:59 - [TEST_STEP][PASSED] - pages.Bureau_Login_Page.loginToAdminSite(AdminUsername, AdminPassword): Quicksti_Sameday_Refund_Void_Admin.ts:Clicked on the LOGIN

2020-10-19 10:53:01 - [MESSAGE][PASSED] - Object 'Object Repository/CERTPAY_ADMIN/USER_NAME' is present

2020-10-19 10:53:03 - [MESSAGE][PASSED] - Object 'Object Repository/CERTPAY_ADMIN/USER_NAME' is visible

2020-10-19 10:53:05 - [MESSAGE][PASSED] - Object 'Object Repository/CERTPAY_ADMIN/USER_NAME' is present

2020-10-19 10:53:09 - [MESSAGE][PASSED] - Text 'VVangiliappan' is set on object 'Object Repository/CERTPAY_ADMIN/USER_NAME'

2020-10-19 10:53:09 - [MESSAGE][PASSED] - Quicksti_Sameday_Refund_Void_Admin.ts:Entered'VVangiliappan into username

2020-10-19 10:53:11 - [MESSAGE][PASSED] - Object 'Object Repository/CERTPAY_ADMIN/PASSWORD' is present

2020-10-19 10:53:13 - [MESSAGE][PASSED] - Object 'Object Repository/CERTPAY_ADMIN/PASSWORD' is visible

2020-10-19 10:53:15 - [MESSAGE][PASSED] - Object 'Object Repository/CERTPAY_ADMIN/PASSWORD' is present

2020-10-19 10:53:19 - [MESSAGE][PASSED] - Text 'Test@123' is set on object 'Object Repository/CERTPAY_ADMIN/PASSWORD'

2020-10-19 10:53:19 - [MESSAGE][PASSED] - Quicksti_Sameday_Refund_Void_Admin.ts:Entered'Test@123 into password

2020-10-19 10:53:19 - [MESSAGE][INFO] - safeClicking

2020-10-19 10:53:21 - [MESSAGE][PASSED] - Object 'Object Repository/CERTPAY_ADMIN/LOGIN_BUTTON' is present

2020-10-19 10:53:23 - [MESSAGE][PASSED] - Object 'Object Repository/CERTPAY_ADMIN/LOGIN_BUTTON' is clickable

2020-10-19 10:53:36 - [MESSAGE][PASSED] - Object: 'Object Repository/CERTPAY_ADMIN/LOGIN_BUTTON' is clicked on

2020-10-19 10:53:36 - [MESSAGE][PASSED] - Quicksti_Sameday_Refund_Void_Admin.ts:Clicked on the LOGIN

2020-10-19 10:53:36 - [TEST_STEP][PASSED] - utilities.SafeActions.safeClick(findTestObject("CERTPAY_ADMIN/TRANSACTION_MENU"), "TransactionMenu", [pageLoadTime]): Quicksti_Sameday_Refund_Void_Admin.ts:Clicked on the TransactionMenu

2020-10-19 10:53:36 - [MESSAGE][INFO] - safeClicking

2020-10-19 10:53:38 - [MESSAGE][PASSED] - Object 'Object Repository/CERTPAY_ADMIN/TRANSACTION_MENU' is present

2020-10-19 10:53:40 - [MESSAGE][PASSED] - Object 'Object Repository/CERTPAY_ADMIN/TRANSACTION_MENU' is clickable

2020-10-19 10:53:44 - [MESSAGE][PASSED] - Object: 'Object Repository/CERTPAY_ADMIN/TRANSACTION_MENU' is clicked on

2020-10-19 10:53:44 - [MESSAGE][PASSED] - Quicksti_Sameday_Refund_Void_Admin.ts:Clicked on the TransactionMenu

2020-10-19 10:53:44 - [TEST_STEP][PASSED] - utilities.SafeActions.safeClick(findTestObject("CERTPAY_ADMIN/TRANSACTION_SEARCH"), "TransactionSearch", [pageLoadTime]): Quicksti_Sameday_Refund_Void_Admin.ts:Clicked on the TransactionSearch

2020-10-19 10:53:44 - [MESSAGE][INFO] - safeClicking

2020-10-19 10:53:46 - [MESSAGE][PASSED] - Object 'Object Repository/CERTPAY_ADMIN/TRANSACTION_SEARCH' is present

2020-10-19 10:53:48 - [MESSAGE][PASSED] - Object 'Object Repository/CERTPAY_ADMIN/TRANSACTION_SEARCH' is clickable

2020-10-19 10:53:56 - [MESSAGE][PASSED] - Object: 'Object Repository/CERTPAY_ADMIN/TRANSACTION_SEARCH' is clicked on

2020-10-19 10:53:56 - [MESSAGE][PASSED] - Quicksti_Sameday_Refund_Void_Admin.ts:Clicked on the TransactionSearch

2020-10-19 10:53:56 - [TEST_STEP][PASSED] - utilities.SafeActions.safeType(findTestObject("CERTPAY_ADMIN/PAYMENT_ID"), paymentId, "Payment id", [pageLoadTime]): Quicksti_Sameday_Refund_Void_Admin.ts:Entered'100176131532 into Payment id

2020-10-19 10:53:57 - [MESSAGE][PASSED] - Object 'Object Repository/CERTPAY_ADMIN/PAYMENT_ID' is present

2020-10-19 10:53:59 - [MESSAGE][PASSED] - Object 'Object Repository/CERTPAY_ADMIN/PAYMENT_ID' is visible

2020-10-19 10:54:01 - [MESSAGE][PASSED] - Object 'Object Repository/CERTPAY_ADMIN/PAYMENT_ID' is present

2020-10-19 10:54:05 - [MESSAGE][PASSED] - Text '100176131532' is set on object 'Object Repository/CERTPAY_ADMIN/PAYMENT_ID'

2020-10-19 10:54:05 - [MESSAGE][PASSED] - Quicksti_Sameday_Refund_Void_Admin.ts:Entered'100176131532 into Payment id

2020-10-19 10:54:05 - [TEST_STEP][PASSED] - utilities.SafeActions.safeClick(findTestObject("CERTPAY_ADMIN/GO_BUTTON"), "Go button", [pageLoadTime]): Quicksti_Sameday_Refund_Void_Admin.ts:Clicked on the Go button

2020-10-19 10:54:06 - [MESSAGE][INFO] - safeClicking

2020-10-19 10:54:07 - [MESSAGE][PASSED] - Object 'Object Repository/CERTPAY_ADMIN/GO_BUTTON' is present

2020-10-19 10:54:09 - [MESSAGE][PASSED] - Object 'Object Repository/CERTPAY_ADMIN/GO_BUTTON' is clickable

2020-10-19 10:54:16 - [MESSAGE][PASSED] - Object: 'Object Repository/CERTPAY_ADMIN/GO_BUTTON' is clicked on

2020-10-19 10:54:16 - [MESSAGE][PASSED] - Quicksti_Sameday_Refund_Void_Admin.ts:Clicked on the Go button

2020-10-19 10:54:16 - [TEST_STEP][PASSED] - delay(3): Delayed 3 second(s)

2020-10-19 10:54:19 - [MESSAGE][PASSED] - Delayed 3 second(s)

2020-10-19 10:54:19 - [TEST_STEP][PASSED] - paymentIdList.add(paymentId): null

2020-10-19 10:54:19 - [TEST_STEP][PASSED] - println(paymentIdList): null

2020-10-19 10:54:19 - [TEST_STEP][PASSED] - utilities.SafeActions.safeClick(findTestObject("CERTPAY_ADMIN/ACTIONS_BUTTON"), "Actions button", [pageLoadTime]): Quicksti_Sameday_Refund_Void_Admin.ts:Clicked on the Actions button

2020-10-19 10:54:19 - [MESSAGE][INFO] - safeClicking

2020-10-19 10:54:20 - [MESSAGE][PASSED] - Object 'Object Repository/CERTPAY_ADMIN/ACTIONS_BUTTON' is present

2020-10-19 10:54:22 - [MESSAGE][PASSED] - Object 'Object Repository/CERTPAY_ADMIN/ACTIONS_BUTTON' is clickable

2020-10-19 10:54:26 - [MESSAGE][PASSED] - Object: 'Object Repository/CERTPAY_ADMIN/ACTIONS_BUTTON' is clicked on

2020-10-19 10:54:26 - [MESSAGE][PASSED] - Quicksti_Sameday_Refund_Void_Admin.ts:Clicked on the Actions button

2020-10-19 10:54:26 - [TEST_STEP][PASSED] - utilities.SafeActions.safeClick(findTestObject("CERTPAY_ADMIN/REFUND_MENU"), "Refund Menu", [pageLoadTime]): Quicksti_Sameday_Refund_Void_Admin.ts:Clicked on the Refund Menu

2020-10-19 10:54:26 - [MESSAGE][INFO] - safeClicking

2020-10-19 10:54:28 - [MESSAGE][PASSED] - Object 'Object Repository/CERTPAY_ADMIN/REFUND_MENU' is present

2020-10-19 10:54:30 - [MESSAGE][PASSED] - Object 'Object Repository/CERTPAY_ADMIN/REFUND_MENU' is clickable

2020-10-19 10:54:34 - [MESSAGE][PASSED] - Object: 'Object Repository/CERTPAY_ADMIN/REFUND_MENU' is clicked on

2020-10-19 10:54:34 - [MESSAGE][PASSED] - Quicksti_Sameday_Refund_Void_Admin.ts:Clicked on the Refund Menu

2020-10-19 10:54:34 - [TEST_STEP][PASSED] - utilities.SafeActions.safeClick(findTestObject("Object Repository/CERTPAY_ADMIN/PROCESS_REVERSAL"), "Process Reversal", [pageLoadTime]): Quicksti_Sameday_Refund_Void_Admin.ts:Clicked on the Process Reversal

2020-10-19 10:54:34 - [MESSAGE][INFO] - safeClicking

2020-10-19 10:54:36 - [MESSAGE][PASSED] - Object 'Object Repository/CERTPAY_ADMIN/PROCESS_REVERSAL' is present

2020-10-19 10:54:36 - [MESSAGE][PASSED] - Object 'Object Repository/CERTPAY_ADMIN/PROCESS_REVERSAL' is clickable

2020-10-19 10:54:38 - [MESSAGE][PASSED] - Object: 'Object Repository/CERTPAY_ADMIN/PROCESS_REVERSAL' is clicked on

2020-10-19 10:54:38 - [MESSAGE][PASSED] - Quicksti_Sameday_Refund_Void_Admin.ts:Clicked on the Process Reversal

2020-10-19 10:54:38 - [TEST_STEP][PASSED] - delay(4): Delayed 4 second(s)

2020-10-19 10:54:42 - [MESSAGE][PASSED] - Delayed 4 second(s)

2020-10-19 10:54:42 - [TEST_STEP][PASSED] - firstName = data.getValue("FirstName", index): null

2020-10-19 10:54:42 - [TEST_STEP][PASSED] - lastName = data.getValue("LastName", index): null

2020-10-19 10:54:42 - [TEST_STEP][PASSED] - expMonth = data.getValue("ExpMonth", index): null

2020-10-19 10:54:42 - [TEST_STEP][PASSED] - expYear = data.getValue("ExpYear", index): null

2020-10-19 10:54:42 - [TEST_STEP][PASSED] - securityCode = data.getValue("SecurityCode", index): null

2020-10-19 10:54:42 - [TEST_STEP][PASSED] - paymentAmount = data.getValue("PaymentAmount", index): null

2020-10-19 10:54:42 - [TEST_STEP][PASSED] - paymentType = data.getValue("PaymentType", index): null

2020-10-19 10:54:42 - [TEST_STEP][PASSED] - quantity = data.getValue("Quantity", index): null

2020-10-19 10:54:42 - [TEST_STEP][PASSED] - comments = data.getValue("Comments", index): null

2020-10-19 10:54:42 - [TEST_STEP][PASSED] - referenceNum = data.getValue("ReferenceNum", index): null

2020-10-19 10:54:42 - [TEST_STEP][PASSED] - address = data.getValue("Address", index): null

2020-10-19 10:54:42 - [TEST_STEP][PASSED] - zipCode = data.getValue("Zipcode", index): null

2020-10-19 10:54:42 - [TEST_STEP][PASSED] - telephone = data.getValue("Telephone", index): null

2020-10-19 10:54:42 - [TEST_STEP][PASSED] - emailAddress = data.getValue("EmailAddress", index): null

2020-10-19 10:54:42 - [TEST_STEP][PASSED] - cardNum = data.getValue("CardNumber", index): null

2020-10-19 10:54:42 - [TEST_STEP][PASSED] - cardType = data.getValue("CardType", index): null

2020-10-19 10:54:42 - [TEST_STEP][PASSED] - utilities.SafeActions.openBrowser(Quicksti_Url, [pageLoadTime]): Browser launched successfully

2020-10-19 10:54:42 - [MESSAGE][INFO] - Opening Browser

2020-10-19 10:54:42 - [MESSAGE][WARNING] - A browser is already opened. Closing browser and opening a new one

2020-10-19 10:54:42 - [MESSAGE][INFO] - Starting 'Chrome' driver

2020-10-19 10:54:52 - [MESSAGE][PASSED] - Browser is opened with url: 'https://qa-certpayquicksti.faps.net/'

2020-10-19 10:54:54 - [MESSAGE][PASSED] - Current window maximized

2020-10-19 10:54:54 - [MESSAGE][PASSED] - Browser launched successfully

2020-10-19 10:54:54 - [TEST_STEP][PASSED] - utilities.SafeActions.safeType(findTestObject("CERTPAY_QUICKSTI/Login_ Page/BUREAU_CODE"), bureau_code, "Bureau code", [pageLoadTime]): Quicksti_Sameday_Refund_Void_Admin.ts:Entered'6100000 into Bureau code

2020-10-19 10:54:54 - [MESSAGE][PASSED] - Object 'Object Repository/CERTPAY_QUICKSTI/Login_ Page/BUREAU_CODE' is present

2020-10-19 10:54:55 - [MESSAGE][PASSED] - Object 'Object Repository/CERTPAY_QUICKSTI/Login_ Page/BUREAU_CODE' is visible

2020-10-19 10:54:55 - [MESSAGE][PASSED] - Object 'Object Repository/CERTPAY_QUICKSTI/Login_ Page/BUREAU_CODE' is present

2020-10-19 10:54:56 - [MESSAGE][PASSED] - Text '6100000' is set on object 'Object Repository/CERTPAY_QUICKSTI/Login_ Page/BUREAU_CODE'

2020-10-19 10:54:56 - [MESSAGE][PASSED] - Quicksti_Sameday_Refund_Void_Admin.ts:Entered'6100000 into Bureau code

2020-10-19 10:54:56 - [TEST_STEP][PASSED] - utilities.SafeActions.safeType(findTestObject("CERTPAY_QUICKSTI/Login_ Page/TELLER_ID"), teller_id, "Bureau code", [pageLoadTime]): Quicksti_Sameday_Refund_Void_Admin.ts:Entered'zenq into Bureau code

2020-10-19 10:54:56 - [MESSAGE][PASSED] - Object 'Object Repository/CERTPAY_QUICKSTI/Login_ Page/TELLER_ID' is present

2020-10-19 10:54:57 - [MESSAGE][PASSED] - Object 'Object Repository/CERTPAY_QUICKSTI/Login_ Page/TELLER_ID' is visible

2020-10-19 10:54:57 - [MESSAGE][PASSED] - Object 'Object Repository/CERTPAY_QUICKSTI/Login_ Page/TELLER_ID' is present

2020-10-19 10:54:58 - [MESSAGE][PASSED] - Text 'zenq' is set on object 'Object Repository/CERTPAY_QUICKSTI/Login_ Page/TELLER_ID'

2020-10-19 10:54:58 - [MESSAGE][PASSED] - Quicksti_Sameday_Refund_Void_Admin.ts:Entered'zenq into Bureau code

2020-10-19 10:54:58 - [TEST_STEP][PASSED] - utilities.SafeActions.safeClick(findTestObject("CERTPAY_QUICKSTI/Login_ Page/NEXT_BUTTON"), "Next button", [pageLoadTime]): Quicksti_Sameday_Refund_Void_Admin.ts:Clicked on the Next button

2020-10-19 10:54:58 - [MESSAGE][INFO] - safeClicking

2020-10-19 10:54:59 - [MESSAGE][PASSED] - Object 'Object Repository/CERTPAY_QUICKSTI/Login_ Page/NEXT_BUTTON' is present

2020-10-19 10:54:59 - [MESSAGE][PASSED] - Object 'Object Repository/CERTPAY_QUICKSTI/Login_ Page/NEXT_BUTTON' is clickable

2020-10-19 10:55:04 - [MESSAGE][PASSED] - Object: 'Object Repository/CERTPAY_QUICKSTI/Login_ Page/NEXT_BUTTON' is clicked on

2020-10-19 10:55:04 - [MESSAGE][PASSED] - Quicksti_Sameday_Refund_Void_Admin.ts:Clicked on the Next button

2020-10-19 10:55:04 - [TEST_STEP][PASSED] - utilities.SafeActions.safeClick(findTestObject("CERTPAY_QUICKSTI/Payment_Information_Page/MANUAL_ENTRY_BUTTON"), "ManualEntry", [pageLoadTime]): Quicksti_Sameday_Refund_Void_Admin.ts:Clicked on the ManualEntry

2020-10-19 10:55:04 - [MESSAGE][INFO] - safeClicking

2020-10-19 10:55:04 - [MESSAGE][PASSED] - Object 'Object Repository/CERTPAY_QUICKSTI/Payment_Information_Page/MANUAL_ENTRY_BUTTON' is present

2020-10-19 10:55:05 - [MESSAGE][PASSED] - Object 'Object Repository/CERTPAY_QUICKSTI/Payment_Information_Page/MANUAL_ENTRY_BUTTON' is clickable

2020-10-19 10:55:07 - [MESSAGE][PASSED] - Object: 'Object Repository/CERTPAY_QUICKSTI/Payment_Information_Page/MANUAL_ENTRY_BUTTON' is clicked on

2020-10-19 10:55:07 - [MESSAGE][PASSED] - Quicksti_Sameday_Refund_Void_Admin.ts:Clicked on the ManualEntry

2020-10-19 10:55:07 - [TEST_STEP][PASSED] - CardNumber = pages.Quicksti.setUserPaymentDetails(firstName, lastName, cardNum): Quicksti_Sameday_Refund_Void_Admin.ts:Entered'8171999900000018 into CardNum

2020-10-19 10:55:08 - [MESSAGE][PASSED] - Object 'Object Repository/CERTPAY_QUICKSTI/Payment_Information_Page/FIRST_NAME' is present

2020-10-19 10:55:08 - [MESSAGE][PASSED] - Object 'Object Repository/CERTPAY_QUICKSTI/Payment_Information_Page/FIRST_NAME' is visible

2020-10-19 10:55:08 - [MESSAGE][PASSED] - Object 'Object Repository/CERTPAY_QUICKSTI/Payment_Information_Page/FIRST_NAME' is present

2020-10-19 10:55:10 - [MESSAGE][PASSED] - Text 'Tester' is set on object 'Object Repository/CERTPAY_QUICKSTI/Payment_Information_Page/FIRST_NAME'

2020-10-19 10:55:10 - [MESSAGE][PASSED] - Quicksti_Sameday_Refund_Void_Admin.ts:Entered'Tester into FirstName

2020-10-19 10:55:10 - [MESSAGE][PASSED] - Object 'Object Repository/CERTPAY_QUICKSTI/Payment_Information_Page/LAST_NAME' is present

2020-10-19 10:55:10 - [MESSAGE][PASSED] - Object 'Object Repository/CERTPAY_QUICKSTI/Payment_Information_Page/LAST_NAME' is visible

2020-10-19 10:55:11 - [MESSAGE][PASSED] - Object 'Object Repository/CERTPAY_QUICKSTI/Payment_Information_Page/LAST_NAME' is present

2020-10-19 10:55:12 - [MESSAGE][PASSED] - Text 'Zenq1' is set on object 'Object Repository/CERTPAY_QUICKSTI/Payment_Information_Page/LAST_NAME'

2020-10-19 10:55:12 - [MESSAGE][PASSED] - Quicksti_Sameday_Refund_Void_Admin.ts:Entered'Zenq1 into LAstName

2020-10-19 10:55:12 - [MESSAGE][PASSED] - Object 'Object Repository/CERTPAY_QUICKSTI/Payment_Information_Page/CARD_NUMBER' is present

2020-10-19 10:55:13 - [MESSAGE][PASSED] - Object 'Object Repository/CERTPAY_QUICKSTI/Payment_Information_Page/CARD_NUMBER' is visible

2020-10-19 10:55:13 - [MESSAGE][PASSED] - Object 'Object Repository/CERTPAY_QUICKSTI/Payment_Information_Page/CARD_NUMBER' is present

2020-10-19 10:55:14 - [MESSAGE][PASSED] - Text '8171999900000018' is set on object 'Object Repository/CERTPAY_QUICKSTI/Payment_Information_Page/CARD_NUMBER'

2020-10-19 10:55:14 - [MESSAGE][PASSED] - Quicksti_Sameday_Refund_Void_Admin.ts:Entered'8171999900000018 into CardNum

2020-10-19 10:55:14 - [TEST_STEP][PASSED] - utilities.SafeActions.safeSelectOptionInDropdownByVisibleText(findTestObject("CERTPAY_QUICKSTI/Payment_Information_Page/PAYMENT_TYPE"), paymentType, "paymentType", [pageLoadTime]): selected dropdown option by visible text  Licensesfrom paymentType

2020-10-19 10:55:15 - [MESSAGE][PASSED] - Object 'Object Repository/CERTPAY_QUICKSTI/Payment_Information_Page/PAYMENT_TYPE' is visible

2020-10-19 10:55:15 - [MESSAGE][PASSED] - Object 'Object Repository/CERTPAY_QUICKSTI/Payment_Information_Page/PAYMENT_TYPE' is present

2020-10-19 10:55:16 - [MESSAGE][PASSED] - Object: 'Object Repository/CERTPAY_QUICKSTI/Payment_Information_Page/PAYMENT_TYPE' is clicked on

2020-10-19 10:55:17 - [MESSAGE][PASSED] - All options with label 'Licenses' are selected in object 'Object Repository/CERTPAY_QUICKSTI/Payment_Information_Page/PAYMENT_TYPE'  using regular expression

2020-10-19 10:55:17 - [MESSAGE][PASSED] - selected dropdown option by visible text  Licensesfrom paymentType

2020-10-19 10:55:17 - [TEST_STEP][PASSED] - pages.Quicksti.setExpDate(expMonth, expYear, securityCode): Quicksti_Sameday_Refund_Void_Admin.ts:Entered'111 into securityCode

2020-10-19 10:55:17 - [MESSAGE][PASSED] - Object 'Object Repository/CERTPAY_QUICKSTI/Payment_Information_Page/EXP_MONTH' is visible

2020-10-19 10:55:18 - [MESSAGE][PASSED] - Object 'Object Repository/CERTPAY_QUICKSTI/Payment_Information_Page/EXP_MONTH' is present

2020-10-19 10:55:19 - [MESSAGE][PASSED] - Object: 'Object Repository/CERTPAY_QUICKSTI/Payment_Information_Page/EXP_MONTH' is clicked on

2020-10-19 10:55:20 - [MESSAGE][PASSED] - All options with label '04' are selected in object 'Object Repository/CERTPAY_QUICKSTI/Payment_Information_Page/EXP_MONTH'  using regular expression

2020-10-19 10:55:20 - [MESSAGE][PASSED] - selected dropdown option by visible text  04from expMonth

2020-10-19 10:55:21 - [MESSAGE][PASSED] - Object 'Object Repository/CERTPAY_QUICKSTI/Payment_Information_Page/EXP_YEAR' is visible

2020-10-19 10:55:21 - [MESSAGE][PASSED] - Object 'Object Repository/CERTPAY_QUICKSTI/Payment_Information_Page/EXP_YEAR' is present

2020-10-19 10:55:22 - [MESSAGE][PASSED] - Object: 'Object Repository/CERTPAY_QUICKSTI/Payment_Information_Page/EXP_YEAR' is clicked on

2020-10-19 10:55:24 - [MESSAGE][PASSED] - All options with label '2027' are selected in object 'Object Repository/CERTPAY_QUICKSTI/Payment_Information_Page/EXP_YEAR'  using regular expression

2020-10-19 10:55:24 - [MESSAGE][PASSED] - selected dropdown option by visible text  2027from  expYear

2020-10-19 10:55:24 - [MESSAGE][PASSED] - Object 'Object Repository/CERTPAY_QUICKSTI/Payment_Information_Page/SECURITY_CODE' is present

2020-10-19 10:55:25 - [MESSAGE][PASSED] - Object 'Object Repository/CERTPAY_QUICKSTI/Payment_Information_Page/SECURITY_CODE' is visible

2020-10-19 10:55:25 - [MESSAGE][PASSED] - Object 'Object Repository/CERTPAY_QUICKSTI/Payment_Information_Page/SECURITY_CODE' is present

2020-10-19 10:55:26 - [MESSAGE][PASSED] - Text '111' is set on object 'Object Repository/CERTPAY_QUICKSTI/Payment_Information_Page/SECURITY_CODE'

2020-10-19 10:55:26 - [MESSAGE][PASSED] - Quicksti_Sameday_Refund_Void_Admin.ts:Entered'111 into securityCode

2020-10-19 10:55:26 - [TEST_STEP][PASSED] - pages.Quicksti.setPaymentAmountDetailsForSinglePayment(paymentAmount, quantity): Quicksti_Sameday_Refund_Void_Admin.ts:Entered'1 into Quantity

2020-10-19 10:55:26 - [MESSAGE][PASSED] - Object 'Object Repository/CERTPAY_QUICKSTI/Payment_Information_Page/PAYMENT_AMOUNT' is present

2020-10-19 10:55:27 - [MESSAGE][PASSED] - Object 'Object Repository/CERTPAY_QUICKSTI/Payment_Information_Page/PAYMENT_AMOUNT' is visible

2020-10-19 10:55:27 - [MESSAGE][PASSED] - Object 'Object Repository/CERTPAY_QUICKSTI/Payment_Information_Page/PAYMENT_AMOUNT' is present

2020-10-19 10:55:28 - [MESSAGE][PASSED] - Text '30.00' is set on object 'Object Repository/CERTPAY_QUICKSTI/Payment_Information_Page/PAYMENT_AMOUNT'

2020-10-19 10:55:28 - [MESSAGE][PASSED] - Quicksti_Sameday_Refund_Void_Admin.ts:Entered'30.00 into amount

2020-10-19 10:55:29 - [MESSAGE][PASSED] - Object 'Object Repository/CERTPAY_QUICKSTI/Payment_Information_Page/QUANTITY' is present

2020-10-19 10:55:29 - [MESSAGE][PASSED] - Object 'Object Repository/CERTPAY_QUICKSTI/Payment_Information_Page/QUANTITY' is visible

2020-10-19 10:55:29 - [MESSAGE][PASSED] - Object 'Object Repository/CERTPAY_QUICKSTI/Payment_Information_Page/QUANTITY' is present

2020-10-19 10:55:31 - [MESSAGE][PASSED] - Text '1' is set on object 'Object Repository/CERTPAY_QUICKSTI/Payment_Information_Page/QUANTITY'

2020-10-19 10:55:31 - [MESSAGE][PASSED] - Quicksti_Sameday_Refund_Void_Admin.ts:Entered'1 into Quantity

2020-10-19 10:55:31 - [TEST_STEP][PASSED] - utilities.SafeActions.safeType(findTestObject("CERTPAY_QUICKSTI/Payment_Information_Page/REFRENCE_NUMBER"), referenceNum, "Reference Number", [pageLoadTime]): Quicksti_Sameday_Refund_Void_Admin.ts:Entered'13 into Reference Number

2020-10-19 10:55:31 - [MESSAGE][PASSED] - Object 'Object Repository/CERTPAY_QUICKSTI/Payment_Information_Page/REFRENCE_NUMBER' is present

2020-10-19 10:55:31 - [MESSAGE][PASSED] - Object 'Object Repository/CERTPAY_QUICKSTI/Payment_Information_Page/REFRENCE_NUMBER' is visible

2020-10-19 10:55:32 - [MESSAGE][PASSED] - Object 'Object Repository/CERTPAY_QUICKSTI/Payment_Information_Page/REFRENCE_NUMBER' is present

2020-10-19 10:55:33 - [MESSAGE][PASSED] - Text '13' is set on object 'Object Repository/CERTPAY_QUICKSTI/Payment_Information_Page/REFRENCE_NUMBER'

2020-10-19 10:55:33 - [MESSAGE][PASSED] - Quicksti_Sameday_Refund_Void_Admin.ts:Entered'13 into Reference Number

2020-10-19 10:55:33 - [TEST_STEP][PASSED] - amount_Value = pages.Quicksti.getAttributeValue(findTestObject("CERTPAY_QUICKSTI/Payment_Information_Page/SUB_TOTAL")): pages.Quicksti.getAttributeValue is PASSED

2020-10-19 10:55:33 - [MESSAGE][PASSED] - Attribute 'value' of object 'Object Repository/CERTPAY_QUICKSTI/Payment_Information_Page/SUB_TOTAL' is: '30.00'

2020-10-19 10:55:33 - [MESSAGE][PASSED] - pages.Quicksti.getAttributeValue is PASSED

2020-10-19 10:55:33 - [TEST_STEP][PASSED] - utilities.SafeActions.safeType(findTestObject("CERTPAY_QUICKSTI/Payment_Information_Page/COMMENTS"), "Testing", "Comments", [pageLoadTime]): Quicksti_Sameday_Refund_Void_Admin.ts:Entered'Testing into Comments

2020-10-19 10:55:34 - [MESSAGE][PASSED] - Object 'Object Repository/CERTPAY_QUICKSTI/Payment_Information_Page/COMMENTS' is present

2020-10-19 10:55:34 - [MESSAGE][PASSED] - Object 'Object Repository/CERTPAY_QUICKSTI/Payment_Information_Page/COMMENTS' is visible

2020-10-19 10:55:34 - [MESSAGE][PASSED] - Object 'Object Repository/CERTPAY_QUICKSTI/Payment_Information_Page/COMMENTS' is present

2020-10-19 10:55:36 - [MESSAGE][PASSED] - Text 'Testing' is set on object 'Object Repository/CERTPAY_QUICKSTI/Payment_Information_Page/COMMENTS'

2020-10-19 10:55:36 - [MESSAGE][PASSED] - Quicksti_Sameday_Refund_Void_Admin.ts:Entered'Testing into Comments

2020-10-19 10:55:36 - [TEST_STEP][PASSED] - utilities.SafeActions.safeType(findTestObject("CERTPAY_QUICKSTI/Payment_Information_Page/ADDRESS"), address, "Address", [pageLoadTime]): Quicksti_Sameday_Refund_Void_Admin.ts:Entered'14-2 into Address

2020-10-19 10:55:36 - [MESSAGE][PASSED] - Object 'Object Repository/CERTPAY_QUICKSTI/Payment_Information_Page/ADDRESS' is present

2020-10-19 10:55:36 - [MESSAGE][PASSED] - Object 'Object Repository/CERTPAY_QUICKSTI/Payment_Information_Page/ADDRESS' is visible

2020-10-19 10:55:36 - [MESSAGE][PASSED] - Object 'Object Repository/CERTPAY_QUICKSTI/Payment_Information_Page/ADDRESS' is present

2020-10-19 10:55:38 - [MESSAGE][PASSED] - Text '14-2' is set on object 'Object Repository/CERTPAY_QUICKSTI/Payment_Information_Page/ADDRESS'

2020-10-19 10:55:38 - [MESSAGE][PASSED] - Quicksti_Sameday_Refund_Void_Admin.ts:Entered'14-2 into Address

2020-10-19 10:55:38 - [TEST_STEP][PASSED] - utilities.SafeActions.safeType(findTestObject("CERTPAY_QUICKSTI/Payment_Information_Page/ZIP_CODE"), zipCode, "zipcode", [pageLoadTime]): Quicksti_Sameday_Refund_Void_Admin.ts:Entered'76102 into zipcode

2020-10-19 10:55:38 - [MESSAGE][PASSED] - Object 'Object Repository/CERTPAY_QUICKSTI/Payment_Information_Page/ZIP_CODE' is present

2020-10-19 10:55:38 - [MESSAGE][PASSED] - Object 'Object Repository/CERTPAY_QUICKSTI/Payment_Information_Page/ZIP_CODE' is visible

2020-10-19 10:55:39 - [MESSAGE][PASSED] - Object 'Object Repository/CERTPAY_QUICKSTI/Payment_Information_Page/ZIP_CODE' is present

2020-10-19 10:55:40 - [MESSAGE][PASSED] - Text '76102' is set on object 'Object Repository/CERTPAY_QUICKSTI/Payment_Information_Page/ZIP_CODE'

2020-10-19 10:55:40 - [MESSAGE][PASSED] - Quicksti_Sameday_Refund_Void_Admin.ts:Entered'76102 into zipcode

2020-10-19 10:55:40 - [TEST_STEP][PASSED] - utilities.SafeActions.safeType(findTestObject("CERTPAY_QUICKSTI/Payment_Information_Page/TELEPHONE"), telephone, "Telephone", [pageLoadTime]): Quicksti_Sameday_Refund_Void_Admin.ts:Entered'9989897654 into Telephone

2020-10-19 10:55:40 - [MESSAGE][PASSED] - Object 'Object Repository/CERTPAY_QUICKSTI/Payment_Information_Page/TELEPHONE' is present

2020-10-19 10:55:41 - [MESSAGE][PASSED] - Object 'Object Repository/CERTPAY_QUICKSTI/Payment_Information_Page/TELEPHONE' is visible

2020-10-19 10:55:41 - [MESSAGE][PASSED] - Object 'Object Repository/CERTPAY_QUICKSTI/Payment_Information_Page/TELEPHONE' is present

2020-10-19 10:55:42 - [MESSAGE][PASSED] - Text '9989897654' is set on object 'Object Repository/CERTPAY_QUICKSTI/Payment_Information_Page/TELEPHONE'

2020-10-19 10:55:42 - [MESSAGE][PASSED] - Quicksti_Sameday_Refund_Void_Admin.ts:Entered'9989897654 into Telephone

2020-10-19 10:55:42 - [TEST_STEP][PASSED] - utilities.SafeActions.safeType(findTestObject("CERTPAY_QUICKSTI/Payment_Information_Page/EMAIL_ADDRESS"), emailAddress, "EMAIL address", [pageLoadTime]): Quicksti_Sameday_Refund_Void_Admin.ts:Entered'testing@zenq.com into EMAIL address

2020-10-19 10:55:42 - [MESSAGE][PASSED] - Object 'Object Repository/CERTPAY_QUICKSTI/Payment_Information_Page/EMAIL_ADDRESS' is present

2020-10-19 10:55:43 - [MESSAGE][PASSED] - Object 'Object Repository/CERTPAY_QUICKSTI/Payment_Information_Page/EMAIL_ADDRESS' is visible

2020-10-19 10:55:43 - [MESSAGE][PASSED] - Object 'Object Repository/CERTPAY_QUICKSTI/Payment_Information_Page/EMAIL_ADDRESS' is present

2020-10-19 10:55:44 - [MESSAGE][PASSED] - Text 'testing@zenq.com' is set on object 'Object Repository/CERTPAY_QUICKSTI/Payment_Information_Page/EMAIL_ADDRESS'

2020-10-19 10:55:44 - [MESSAGE][PASSED] - Quicksti_Sameday_Refund_Void_Admin.ts:Entered'testing@zenq.com into EMAIL address

2020-10-19 10:55:44 - [TEST_STEP][PASSED] - utilities.SafeActions.safeClick(findTestObject("CERTPAY_QUICKSTI/Payment_Information_Page/NEXT_BUTTON"), "Next", [pageLoadTime]): Quicksti_Sameday_Refund_Void_Admin.ts:Clicked on the Next

2020-10-19 10:55:44 - [MESSAGE][INFO] - safeClicking

2020-10-19 10:55:45 - [MESSAGE][PASSED] - Object 'Object Repository/CERTPAY_QUICKSTI/Payment_Information_Page/NEXT_BUTTON' is present

2020-10-19 10:55:45 - [MESSAGE][PASSED] - Object 'Object Repository/CERTPAY_QUICKSTI/Payment_Information_Page/NEXT_BUTTON' is clickable

2020-10-19 10:55:49 - [MESSAGE][PASSED] - Object: 'Object Repository/CERTPAY_QUICKSTI/Payment_Information_Page/NEXT_BUTTON' is clicked on

2020-10-19 10:55:49 - [MESSAGE][PASSED] - Quicksti_Sameday_Refund_Void_Admin.ts:Clicked on the Next

2020-10-19 10:55:49 - [TEST_STEP][PASSED] - pages.Quicksti.verifyUserPaymentDetails(paymentAmount, firstName, lastName, CardNumber): pages.Quicksti.verifyUserPaymentDetails is PASSED

2020-10-19 10:55:50 - [MESSAGE][PASSED] - Text of object 'Object Repository/CERTPAY_QUICKSTI/Payment_Details_Verification_Page/AMOUNT' is: '$30.00'

2020-10-19 10:55:50 - [MESSAGE][PASSED] - Actual text '30.00' and expected text '30.00' are matched  using regular expression

2020-10-19 10:55:50 - [MESSAGE][PASSED] - Text of object 'Object Repository/CERTPAY_QUICKSTI/Payment_Details_Verification_Page/NAME' is: 'Tester Zenq1'

2020-10-19 10:55:50 - [MESSAGE][PASSED] - Actual text 'Tester Zenq1' and expected text 'Tester Zenq1' are matched  using regular expression

2020-10-19 10:55:50 - [MESSAGE][PASSED] - Text of object 'Object Repository/CERTPAY_QUICKSTI/Payment_Details_Verification_Page/CARD_NUMBER' is: '...0018'

2020-10-19 10:55:50 - [MESSAGE][PASSED] - Actual text '0018' and expected text '0018' are matched  using regular expression

2020-10-19 10:55:50 - [MESSAGE][PASSED] - pages.Quicksti.verifyUserPaymentDetails is PASSED

2020-10-19 10:55:50 - [TEST_STEP][PASSED] - delay(2): Delayed 2 second(s)

2020-10-19 10:55:52 - [MESSAGE][PASSED] - Delayed 2 second(s)

2020-10-19 10:55:52 - [TEST_STEP][PASSED] - scrollToElement(findTestObject("CERTPAY_QUICKSTI/Payment_Details_Verification_Page/PROCESS"), 30): Scroll to object 'Object Repository/CERTPAY_QUICKSTI/Payment_Details_Verification_Page/PROCESS' successfully

2020-10-19 10:55:53 - [MESSAGE][PASSED] - Scroll to object 'Object Repository/CERTPAY_QUICKSTI/Payment_Details_Verification_Page/PROCESS' successfully

2020-10-19 10:55:53 - [TEST_STEP][PASSED] - utilities.SafeActions.safeClick(findTestObject("CERTPAY_QUICKSTI/Payment_Details_Verification_Page/PROCESS"), "Process", [pageLoadTime]): Quicksti_Sameday_Refund_Void_Admin.ts:Clicked on the Process

2020-10-19 10:55:53 - [MESSAGE][INFO] - safeClicking

2020-10-19 10:55:53 - [MESSAGE][PASSED] - Object 'Object Repository/CERTPAY_QUICKSTI/Payment_Details_Verification_Page/PROCESS' is present

2020-10-19 10:55:53 - [MESSAGE][PASSED] - Object 'Object Repository/CERTPAY_QUICKSTI/Payment_Details_Verification_Page/PROCESS' is clickable

2020-10-19 10:55:57 - [MESSAGE][PASSED] - Object: 'Object Repository/CERTPAY_QUICKSTI/Payment_Details_Verification_Page/PROCESS' is clicked on

2020-10-19 10:55:57 - [MESSAGE][PASSED] - Quicksti_Sameday_Refund_Void_Admin.ts:Clicked on the Process

2020-10-19 10:55:57 - [TEST_STEP][PASSED] - paymentId = pages.Quicksti.verifyPaymentApproval(findTestObject("CERTPAY_QUICKSTI/Payment_Details_Verification_Page/APPROVED")): Payment is approved

2020-10-19 10:55:58 - [MESSAGE][PASSED] - Text of object 'Object Repository/CERTPAY_QUICKSTI/Payment_Details_Verification_Page/PAYMENT_ID' is: '100176131536'

2020-10-19 10:55:58 - [MESSAGE][PASSED] - Object 'Object Repository/CERTPAY_QUICKSTI/Payment_Details_Verification_Page/APPROVED' is present

2020-10-19 10:55:58 - [MESSAGE][PASSED] - Payment is approved

2020-10-19 10:56:00 - [TEST_STEP][PASSED] - navigateToUrl(Admin_url): Navigate to 'https://qa-certpayadmin.faps.net' successfully

2020-10-19 10:56:07 - [MESSAGE][PASSED] - Navigate to 'https://qa-certpayadmin.faps.net' successfully

2020-10-19 10:56:07 - [TEST_STEP][PASSED] - pages.Bureau_Login_Page.loginToAdminSite(AdminUsername, AdminPassword): Quicksti_Sameday_Refund_Void_Admin.ts:Clicked on the LOGIN

2020-10-19 10:56:08 - [MESSAGE][PASSED] - Object 'Object Repository/CERTPAY_ADMIN/USER_NAME' is present

2020-10-19 10:56:08 - [MESSAGE][PASSED] - Object 'Object Repository/CERTPAY_ADMIN/USER_NAME' is visible

2020-10-19 10:56:08 - [MESSAGE][PASSED] - Object 'Object Repository/CERTPAY_ADMIN/USER_NAME' is present

2020-10-19 10:56:10 - [MESSAGE][PASSED] - Text 'VVangiliappan' is set on object 'Object Repository/CERTPAY_ADMIN/USER_NAME'

2020-10-19 10:56:10 - [MESSAGE][PASSED] - Quicksti_Sameday_Refund_Void_Admin.ts:Entered'VVangiliappan into username

2020-10-19 10:56:10 - [MESSAGE][PASSED] - Object 'Object Repository/CERTPAY_ADMIN/PASSWORD' is present

2020-10-19 10:56:10 - [MESSAGE][PASSED] - Object 'Object Repository/CERTPAY_ADMIN/PASSWORD' is visible

2020-10-19 10:56:10 - [MESSAGE][PASSED] - Object 'Object Repository/CERTPAY_ADMIN/PASSWORD' is present

2020-10-19 10:56:12 - [MESSAGE][PASSED] - Text 'Test@123' is set on object 'Object Repository/CERTPAY_ADMIN/PASSWORD'

2020-10-19 10:56:12 - [MESSAGE][PASSED] - Quicksti_Sameday_Refund_Void_Admin.ts:Entered'Test@123 into password

2020-10-19 10:56:12 - [MESSAGE][INFO] - safeClicking

2020-10-19 10:56:12 - [MESSAGE][PASSED] - Object 'Object Repository/CERTPAY_ADMIN/LOGIN_BUTTON' is present

2020-10-19 10:56:12 - [MESSAGE][PASSED] - Object 'Object Repository/CERTPAY_ADMIN/LOGIN_BUTTON' is clickable

2020-10-19 10:56:23 - [MESSAGE][PASSED] - Object: 'Object Repository/CERTPAY_ADMIN/LOGIN_BUTTON' is clicked on

2020-10-19 10:56:23 - [MESSAGE][PASSED] - Quicksti_Sameday_Refund_Void_Admin.ts:Clicked on the LOGIN

2020-10-19 10:56:23 - [TEST_STEP][PASSED] - utilities.SafeActions.safeClick(findTestObject("CERTPAY_ADMIN/TRANSACTION_MENU"), "TransactionMenu", [pageLoadTime]): Quicksti_Sameday_Refund_Void_Admin.ts:Clicked on the TransactionMenu

2020-10-19 10:56:23 - [MESSAGE][INFO] - safeClicking

2020-10-19 10:56:23 - [MESSAGE][PASSED] - Object 'Object Repository/CERTPAY_ADMIN/TRANSACTION_MENU' is present

2020-10-19 10:56:24 - [MESSAGE][PASSED] - Object 'Object Repository/CERTPAY_ADMIN/TRANSACTION_MENU' is clickable

2020-10-19 10:56:25 - [MESSAGE][PASSED] - Object: 'Object Repository/CERTPAY_ADMIN/TRANSACTION_MENU' is clicked on

2020-10-19 10:56:25 - [MESSAGE][PASSED] - Quicksti_Sameday_Refund_Void_Admin.ts:Clicked on the TransactionMenu

2020-10-19 10:56:25 - [TEST_STEP][PASSED] - utilities.SafeActions.safeClick(findTestObject("CERTPAY_ADMIN/TRANSACTION_SEARCH"), "TransactionSearch", [pageLoadTime]): Quicksti_Sameday_Refund_Void_Admin.ts:Clicked on the TransactionSearch

2020-10-19 10:56:25 - [MESSAGE][INFO] - safeClicking

2020-10-19 10:56:25 - [MESSAGE][PASSED] - Object 'Object Repository/CERTPAY_ADMIN/TRANSACTION_SEARCH' is present

2020-10-19 10:56:25 - [MESSAGE][PASSED] - Object 'Object Repository/CERTPAY_ADMIN/TRANSACTION_SEARCH' is clickable

2020-10-19 10:56:29 - [MESSAGE][PASSED] - Object: 'Object Repository/CERTPAY_ADMIN/TRANSACTION_SEARCH' is clicked on

2020-10-19 10:56:29 - [MESSAGE][PASSED] - Quicksti_Sameday_Refund_Void_Admin.ts:Clicked on the TransactionSearch

2020-10-19 10:56:29 - [TEST_STEP][PASSED] - utilities.SafeActions.safeType(findTestObject("CERTPAY_ADMIN/PAYMENT_ID"), paymentId, "Payment id", [pageLoadTime]): Quicksti_Sameday_Refund_Void_Admin.ts:Entered'100176131536 into Payment id

2020-10-19 10:56:30 - [MESSAGE][PASSED] - Object 'Object Repository/CERTPAY_ADMIN/PAYMENT_ID' is present

2020-10-19 10:56:30 - [MESSAGE][PASSED] - Object 'Object Repository/CERTPAY_ADMIN/PAYMENT_ID' is visible

2020-10-19 10:56:30 - [MESSAGE][PASSED] - Object 'Object Repository/CERTPAY_ADMIN/PAYMENT_ID' is present

2020-10-19 10:56:31 - [MESSAGE][PASSED] - Text '100176131536' is set on object 'Object Repository/CERTPAY_ADMIN/PAYMENT_ID'

2020-10-19 10:56:31 - [MESSAGE][PASSED] - Quicksti_Sameday_Refund_Void_Admin.ts:Entered'100176131536 into Payment id

2020-10-19 10:56:31 - [TEST_STEP][PASSED] - utilities.SafeActions.safeClick(findTestObject("CERTPAY_ADMIN/GO_BUTTON"), "Go button", [pageLoadTime]): Quicksti_Sameday_Refund_Void_Admin.ts:Clicked on the Go button

2020-10-19 10:56:32 - [MESSAGE][INFO] - safeClicking

2020-10-19 10:56:32 - [MESSAGE][PASSED] - Object 'Object Repository/CERTPAY_ADMIN/GO_BUTTON' is present

2020-10-19 10:56:32 - [MESSAGE][PASSED] - Object 'Object Repository/CERTPAY_ADMIN/GO_BUTTON' is clickable

2020-10-19 10:56:35 - [MESSAGE][PASSED] - Object: 'Object Repository/CERTPAY_ADMIN/GO_BUTTON' is clicked on

2020-10-19 10:56:35 - [MESSAGE][PASSED] - Quicksti_Sameday_Refund_Void_Admin.ts:Clicked on the Go button

2020-10-19 10:56:35 - [TEST_STEP][PASSED] - delay(3): Delayed 3 second(s)

2020-10-19 10:56:38 - [MESSAGE][PASSED] - Delayed 3 second(s)

2020-10-19 10:56:38 - [TEST_STEP][PASSED] - paymentIdList.add(paymentId): null

2020-10-19 10:56:38 - [TEST_STEP][PASSED] - println(paymentIdList): null

2020-10-19 10:56:38 - [TEST_STEP][PASSED] - utilities.SafeActions.safeClick(findTestObject("CERTPAY_ADMIN/ACTIONS_BUTTON"), "Actions button", [pageLoadTime]): Quicksti_Sameday_Refund_Void_Admin.ts:Clicked on the Actions button

2020-10-19 10:56:38 - [MESSAGE][INFO] - safeClicking

2020-10-19 10:56:38 - [MESSAGE][PASSED] - Object 'Object Repository/CERTPAY_ADMIN/ACTIONS_BUTTON' is present

2020-10-19 10:56:39 - [MESSAGE][PASSED] - Object 'Object Repository/CERTPAY_ADMIN/ACTIONS_BUTTON' is clickable

2020-10-19 10:56:40 - [MESSAGE][PASSED] - Object: 'Object Repository/CERTPAY_ADMIN/ACTIONS_BUTTON' is clicked on

2020-10-19 10:56:40 - [MESSAGE][PASSED] - Quicksti_Sameday_Refund_Void_Admin.ts:Clicked on the Actions button

2020-10-19 10:56:40 - [TEST_STEP][PASSED] - utilities.SafeActions.safeClick(findTestObject("CERTPAY_ADMIN/REFUND_MENU"), "Refund Menu", [pageLoadTime]): Quicksti_Sameday_Refund_Void_Admin.ts:Clicked on the Refund Menu

2020-10-19 10:56:40 - [MESSAGE][INFO] - safeClicking

2020-10-19 10:56:40 - [MESSAGE][PASSED] - Object 'Object Repository/CERTPAY_ADMIN/REFUND_MENU' is present

2020-10-19 10:56:40 - [MESSAGE][PASSED] - Object 'Object Repository/CERTPAY_ADMIN/REFUND_MENU' is clickable

2020-10-19 10:56:42 - [MESSAGE][PASSED] - Object: 'Object Repository/CERTPAY_ADMIN/REFUND_MENU' is clicked on

2020-10-19 10:56:42 - [MESSAGE][PASSED] - Quicksti_Sameday_Refund_Void_Admin.ts:Clicked on the Refund Menu

2020-10-19 10:56:42 - [TEST_STEP][PASSED] - utilities.SafeActions.safeClick(findTestObject("Object Repository/CERTPAY_ADMIN/PROCESS_REVERSAL"), "Process Reversal", [pageLoadTime]): Quicksti_Sameday_Refund_Void_Admin.ts:Clicked on the Process Reversal

2020-10-19 10:56:42 - [MESSAGE][INFO] - safeClicking

2020-10-19 10:56:42 - [MESSAGE][PASSED] - Object 'Object Repository/CERTPAY_ADMIN/PROCESS_REVERSAL' is present

2020-10-19 10:56:43 - [MESSAGE][PASSED] - Object 'Object Repository/CERTPAY_ADMIN/PROCESS_REVERSAL' is clickable

2020-10-19 10:56:44 - [MESSAGE][PASSED] - Object: 'Object Repository/CERTPAY_ADMIN/PROCESS_REVERSAL' is clicked on

2020-10-19 10:56:44 - [MESSAGE][PASSED] - Quicksti_Sameday_Refund_Void_Admin.ts:Clicked on the Process Reversal

2020-10-19 10:56:44 - [TEST_STEP][PASSED] - delay(4): Delayed 4 second(s)

2020-10-19 10:56:48 - [MESSAGE][PASSED] - Delayed 4 second(s)

2020-10-19 10:56:48 - [TEST_STEP][PASSED] - firstName = data.getValue("FirstName", index): null

2020-10-19 10:56:48 - [TEST_STEP][PASSED] - lastName = data.getValue("LastName", index): null

2020-10-19 10:56:48 - [TEST_STEP][PASSED] - expMonth = data.getValue("ExpMonth", index): null

2020-10-19 10:56:48 - [TEST_STEP][PASSED] - expYear = data.getValue("ExpYear", index): null

2020-10-19 10:56:48 - [TEST_STEP][PASSED] - securityCode = data.getValue("SecurityCode", index): null

2020-10-19 10:56:48 - [TEST_STEP][PASSED] - paymentAmount = data.getValue("PaymentAmount", index): null

2020-10-19 10:56:48 - [TEST_STEP][PASSED] - paymentType = data.getValue("PaymentType", index): null

2020-10-19 10:56:48 - [TEST_STEP][PASSED] - quantity = data.getValue("Quantity", index): null

2020-10-19 10:56:48 - [TEST_STEP][PASSED] - comments = data.getValue("Comments", index): null

2020-10-19 10:56:48 - [TEST_STEP][PASSED] - referenceNum = data.getValue("ReferenceNum", index): null

2020-10-19 10:56:48 - [TEST_STEP][PASSED] - address = data.getValue("Address", index): null

2020-10-19 10:56:48 - [TEST_STEP][PASSED] - zipCode = data.getValue("Zipcode", index): null

2020-10-19 10:56:48 - [TEST_STEP][PASSED] - telephone = data.getValue("Telephone", index): null

2020-10-19 10:56:48 - [TEST_STEP][PASSED] - emailAddress = data.getValue("EmailAddress", index): null

2020-10-19 10:56:48 - [TEST_STEP][PASSED] - cardNum = data.getValue("CardNumber", index): null

2020-10-19 10:56:48 - [TEST_STEP][PASSED] - cardType = data.getValue("CardType", index): null

2020-10-19 10:56:48 - [TEST_STEP][PASSED] - utilities.SafeActions.openBrowser(Quicksti_Url, [pageLoadTime]): Browser launched successfully

2020-10-19 10:56:48 - [MESSAGE][INFO] - Opening Browser

2020-10-19 10:56:48 - [MESSAGE][WARNING] - A browser is already opened. Closing browser and opening a new one

2020-10-19 10:56:49 - [MESSAGE][INFO] - Starting 'Chrome' driver

2020-10-19 10:56:58 - [MESSAGE][PASSED] - Browser is opened with url: 'https://qa-certpayquicksti.faps.net/'

2020-10-19 10:57:00 - [MESSAGE][PASSED] - Current window maximized

2020-10-19 10:57:00 - [MESSAGE][PASSED] - Browser launched successfully

2020-10-19 10:57:00 - [TEST_STEP][PASSED] - utilities.SafeActions.safeType(findTestObject("CERTPAY_QUICKSTI/Login_ Page/BUREAU_CODE"), bureau_code, "Bureau code", [pageLoadTime]): Quicksti_Sameday_Refund_Void_Admin.ts:Entered'6100000 into Bureau code

2020-10-19 10:57:01 - [MESSAGE][PASSED] - Object 'Object Repository/CERTPAY_QUICKSTI/Login_ Page/BUREAU_CODE' is present

2020-10-19 10:57:01 - [MESSAGE][PASSED] - Object 'Object Repository/CERTPAY_QUICKSTI/Login_ Page/BUREAU_CODE' is visible

2020-10-19 10:57:01 - [MESSAGE][PASSED] - Object 'Object Repository/CERTPAY_QUICKSTI/Login_ Page/BUREAU_CODE' is present

2020-10-19 10:57:02 - [MESSAGE][PASSED] - Text '6100000' is set on object 'Object Repository/CERTPAY_QUICKSTI/Login_ Page/BUREAU_CODE'

2020-10-19 10:57:02 - [MESSAGE][PASSED] - Quicksti_Sameday_Refund_Void_Admin.ts:Entered'6100000 into Bureau code

2020-10-19 10:57:02 - [TEST_STEP][PASSED] - utilities.SafeActions.safeType(findTestObject("CERTPAY_QUICKSTI/Login_ Page/TELLER_ID"), teller_id, "Bureau code", [pageLoadTime]): Quicksti_Sameday_Refund_Void_Admin.ts:Entered'zenq into Bureau code

2020-10-19 10:57:03 - [MESSAGE][PASSED] - Object 'Object Repository/CERTPAY_QUICKSTI/Login_ Page/TELLER_ID' is present

2020-10-19 10:57:03 - [MESSAGE][PASSED] - Object 'Object Repository/CERTPAY_QUICKSTI/Login_ Page/TELLER_ID' is visible

2020-10-19 10:57:03 - [MESSAGE][PASSED] - Object 'Object Repository/CERTPAY_QUICKSTI/Login_ Page/TELLER_ID' is present

2020-10-19 10:57:05 - [MESSAGE][PASSED] - Text 'zenq' is set on object 'Object Repository/CERTPAY_QUICKSTI/Login_ Page/TELLER_ID'

2020-10-19 10:57:05 - [MESSAGE][PASSED] - Quicksti_Sameday_Refund_Void_Admin.ts:Entered'zenq into Bureau code

2020-10-19 10:57:05 - [TEST_STEP][PASSED] - utilities.SafeActions.safeClick(findTestObject("CERTPAY_QUICKSTI/Login_ Page/NEXT_BUTTON"), "Next button", [pageLoadTime]): Quicksti_Sameday_Refund_Void_Admin.ts:Clicked on the Next button

2020-10-19 10:57:05 - [MESSAGE][INFO] - safeClicking

2020-10-19 10:57:05 - [MESSAGE][PASSED] - Object 'Object Repository/CERTPAY_QUICKSTI/Login_ Page/NEXT_BUTTON' is present

2020-10-19 10:57:05 - [MESSAGE][PASSED] - Object 'Object Repository/CERTPAY_QUICKSTI/Login_ Page/NEXT_BUTTON' is clickable

2020-10-19 10:57:10 - [MESSAGE][PASSED] - Object: 'Object Repository/CERTPAY_QUICKSTI/Login_ Page/NEXT_BUTTON' is clicked on

2020-10-19 10:57:10 - [MESSAGE][PASSED] - Quicksti_Sameday_Refund_Void_Admin.ts:Clicked on the Next button

2020-10-19 10:57:10 - [TEST_STEP][PASSED] - utilities.SafeActions.safeClick(findTestObject("CERTPAY_QUICKSTI/Payment_Information_Page/MANUAL_ENTRY_BUTTON"), "ManualEntry", [pageLoadTime]): Quicksti_Sameday_Refund_Void_Admin.ts:Clicked on the ManualEntry

2020-10-19 10:57:10 - [MESSAGE][INFO] - safeClicking

2020-10-19 10:57:10 - [MESSAGE][PASSED] - Object 'Object Repository/CERTPAY_QUICKSTI/Payment_Information_Page/MANUAL_ENTRY_BUTTON' is present

2020-10-19 10:57:10 - [MESSAGE][PASSED] - Object 'Object Repository/CERTPAY_QUICKSTI/Payment_Information_Page/MANUAL_ENTRY_BUTTON' is clickable

2020-10-19 10:57:13 - [MESSAGE][PASSED] - Object: 'Object Repository/CERTPAY_QUICKSTI/Payment_Information_Page/MANUAL_ENTRY_BUTTON' is clicked on

2020-10-19 10:57:13 - [MESSAGE][PASSED] - Quicksti_Sameday_Refund_Void_Admin.ts:Clicked on the ManualEntry

2020-10-19 10:57:13 - [TEST_STEP][PASSED] - CardNumber = pages.Quicksti.setUserPaymentDetails(firstName, lastName, cardNum): Quicksti_Sameday_Refund_Void_Admin.ts:Entered'374245003731006 into CardNum

2020-10-19 10:57:14 - [MESSAGE][PASSED] - Object 'Object Repository/CERTPAY_QUICKSTI/Payment_Information_Page/FIRST_NAME' is present

2020-10-19 10:57:14 - [MESSAGE][PASSED] - Object 'Object Repository/CERTPAY_QUICKSTI/Payment_Information_Page/FIRST_NAME' is visible

2020-10-19 10:57:14 - [MESSAGE][PASSED] - Object 'Object Repository/CERTPAY_QUICKSTI/Payment_Information_Page/FIRST_NAME' is present

2020-10-19 10:57:15 - [MESSAGE][PASSED] - Text 'Tester' is set on object 'Object Repository/CERTPAY_QUICKSTI/Payment_Information_Page/FIRST_NAME'

2020-10-19 10:57:15 - [MESSAGE][PASSED] - Quicksti_Sameday_Refund_Void_Admin.ts:Entered'Tester into FirstName

2020-10-19 10:57:16 - [MESSAGE][PASSED] - Object 'Object Repository/CERTPAY_QUICKSTI/Payment_Information_Page/LAST_NAME' is present

2020-10-19 10:57:16 - [MESSAGE][PASSED] - Object 'Object Repository/CERTPAY_QUICKSTI/Payment_Information_Page/LAST_NAME' is visible

2020-10-19 10:57:17 - [MESSAGE][PASSED] - Object 'Object Repository/CERTPAY_QUICKSTI/Payment_Information_Page/LAST_NAME' is present

2020-10-19 10:57:18 - [MESSAGE][PASSED] - Text 'Zenq1' is set on object 'Object Repository/CERTPAY_QUICKSTI/Payment_Information_Page/LAST_NAME'

2020-10-19 10:57:18 - [MESSAGE][PASSED] - Quicksti_Sameday_Refund_Void_Admin.ts:Entered'Zenq1 into LAstName

2020-10-19 10:57:18 - [MESSAGE][PASSED] - Object 'Object Repository/CERTPAY_QUICKSTI/Payment_Information_Page/CARD_NUMBER' is present

2020-10-19 10:57:18 - [MESSAGE][PASSED] - Object 'Object Repository/CERTPAY_QUICKSTI/Payment_Information_Page/CARD_NUMBER' is visible

2020-10-19 10:57:19 - [MESSAGE][PASSED] - Object 'Object Repository/CERTPAY_QUICKSTI/Payment_Information_Page/CARD_NUMBER' is present

2020-10-19 10:57:20 - [MESSAGE][PASSED] - Text '374245003731006' is set on object 'Object Repository/CERTPAY_QUICKSTI/Payment_Information_Page/CARD_NUMBER'

2020-10-19 10:57:20 - [MESSAGE][PASSED] - Quicksti_Sameday_Refund_Void_Admin.ts:Entered'374245003731006 into CardNum

2020-10-19 10:57:20 - [TEST_STEP][PASSED] - utilities.SafeActions.safeSelectOptionInDropdownByVisibleText(findTestObject("CERTPAY_QUICKSTI/Payment_Information_Page/PAYMENT_TYPE"), paymentType, "paymentType", [pageLoadTime]): selected dropdown option by visible text  Taxesfrom paymentType

2020-10-19 10:57:20 - [MESSAGE][PASSED] - Object 'Object Repository/CERTPAY_QUICKSTI/Payment_Information_Page/PAYMENT_TYPE' is visible

2020-10-19 10:57:21 - [MESSAGE][PASSED] - Object 'Object Repository/CERTPAY_QUICKSTI/Payment_Information_Page/PAYMENT_TYPE' is present

2020-10-19 10:57:22 - [MESSAGE][PASSED] - Object: 'Object Repository/CERTPAY_QUICKSTI/Payment_Information_Page/PAYMENT_TYPE' is clicked on

2020-10-19 10:57:23 - [MESSAGE][PASSED] - All options with label 'Taxes' are selected in object 'Object Repository/CERTPAY_QUICKSTI/Payment_Information_Page/PAYMENT_TYPE'  using regular expression

2020-10-19 10:57:23 - [MESSAGE][PASSED] - selected dropdown option by visible text  Taxesfrom paymentType

2020-10-19 10:57:23 - [TEST_STEP][PASSED] - pages.Quicksti.setExpDate(expMonth, expYear, securityCode): Quicksti_Sameday_Refund_Void_Admin.ts:Entered'111 into securityCode

2020-10-19 10:57:24 - [MESSAGE][PASSED] - Object 'Object Repository/CERTPAY_QUICKSTI/Payment_Information_Page/EXP_MONTH' is visible

2020-10-19 10:57:24 - [MESSAGE][PASSED] - Object 'Object Repository/CERTPAY_QUICKSTI/Payment_Information_Page/EXP_MONTH' is present

2020-10-19 10:57:25 - [MESSAGE][PASSED] - Object: 'Object Repository/CERTPAY_QUICKSTI/Payment_Information_Page/EXP_MONTH' is clicked on

2020-10-19 10:57:26 - [MESSAGE][PASSED] - All options with label '05' are selected in object 'Object Repository/CERTPAY_QUICKSTI/Payment_Information_Page/EXP_MONTH'  using regular expression

2020-10-19 10:57:26 - [MESSAGE][PASSED] - selected dropdown option by visible text  05from expMonth

2020-10-19 10:57:27 - [MESSAGE][PASSED] - Object 'Object Repository/CERTPAY_QUICKSTI/Payment_Information_Page/EXP_YEAR' is visible

2020-10-19 10:57:27 - [MESSAGE][PASSED] - Object 'Object Repository/CERTPAY_QUICKSTI/Payment_Information_Page/EXP_YEAR' is present

2020-10-19 10:57:28 - [MESSAGE][PASSED] - Object: 'Object Repository/CERTPAY_QUICKSTI/Payment_Information_Page/EXP_YEAR' is clicked on

2020-10-19 10:57:30 - [MESSAGE][PASSED] - All options with label '2022' are selected in object 'Object Repository/CERTPAY_QUICKSTI/Payment_Information_Page/EXP_YEAR'  using regular expression

2020-10-19 10:57:30 - [MESSAGE][PASSED] - selected dropdown option by visible text  2022from  expYear

2020-10-19 10:57:30 - [MESSAGE][PASSED] - Object 'Object Repository/CERTPAY_QUICKSTI/Payment_Information_Page/SECURITY_CODE' is present

2020-10-19 10:57:30 - [MESSAGE][PASSED] - Object 'Object Repository/CERTPAY_QUICKSTI/Payment_Information_Page/SECURITY_CODE' is visible

2020-10-19 10:57:31 - [MESSAGE][PASSED] - Object 'Object Repository/CERTPAY_QUICKSTI/Payment_Information_Page/SECURITY_CODE' is present

2020-10-19 10:57:32 - [MESSAGE][PASSED] - Text '111' is set on object 'Object Repository/CERTPAY_QUICKSTI/Payment_Information_Page/SECURITY_CODE'

2020-10-19 10:57:32 - [MESSAGE][PASSED] - Quicksti_Sameday_Refund_Void_Admin.ts:Entered'111 into securityCode

2020-10-19 10:57:32 - [TEST_STEP][PASSED] - pages.Quicksti.setPaymentAmountDetailsForSinglePayment(paymentAmount, quantity): Quicksti_Sameday_Refund_Void_Admin.ts:Entered'1 into Quantity

2020-10-19 10:57:32 - [MESSAGE][PASSED] - Object 'Object Repository/CERTPAY_QUICKSTI/Payment_Information_Page/PAYMENT_AMOUNT' is present

2020-10-19 10:57:32 - [MESSAGE][PASSED] - Object 'Object Repository/CERTPAY_QUICKSTI/Payment_Information_Page/PAYMENT_AMOUNT' is visible

2020-10-19 10:57:33 - [MESSAGE][PASSED] - Object 'Object Repository/CERTPAY_QUICKSTI/Payment_Information_Page/PAYMENT_AMOUNT' is present

2020-10-19 10:57:34 - [MESSAGE][PASSED] - Text '35.00' is set on object 'Object Repository/CERTPAY_QUICKSTI/Payment_Information_Page/PAYMENT_AMOUNT'

2020-10-19 10:57:34 - [MESSAGE][PASSED] - Quicksti_Sameday_Refund_Void_Admin.ts:Entered'35.00 into amount

2020-10-19 10:57:35 - [MESSAGE][PASSED] - Object 'Object Repository/CERTPAY_QUICKSTI/Payment_Information_Page/QUANTITY' is present

2020-10-19 10:57:35 - [MESSAGE][PASSED] - Object 'Object Repository/CERTPAY_QUICKSTI/Payment_Information_Page/QUANTITY' is visible

2020-10-19 10:57:35 - [MESSAGE][PASSED] - Object 'Object Repository/CERTPAY_QUICKSTI/Payment_Information_Page/QUANTITY' is present

2020-10-19 10:57:36 - [MESSAGE][PASSED] - Text '1' is set on object 'Object Repository/CERTPAY_QUICKSTI/Payment_Information_Page/QUANTITY'

2020-10-19 10:57:37 - [MESSAGE][PASSED] - Quicksti_Sameday_Refund_Void_Admin.ts:Entered'1 into Quantity

2020-10-19 10:57:37 - [TEST_STEP][PASSED] - utilities.SafeActions.safeType(findTestObject("CERTPAY_QUICKSTI/Payment_Information_Page/REFRENCE_NUMBER"), referenceNum, "Reference Number", [pageLoadTime]): Quicksti_Sameday_Refund_Void_Admin.ts:Entered'11 into Reference Number

2020-10-19 10:57:37 - [MESSAGE][PASSED] - Object 'Object Repository/CERTPAY_QUICKSTI/Payment_Information_Page/REFRENCE_NUMBER' is present

2020-10-19 10:57:37 - [MESSAGE][PASSED] - Object 'Object Repository/CERTPAY_QUICKSTI/Payment_Information_Page/REFRENCE_NUMBER' is visible

2020-10-19 10:57:37 - [MESSAGE][PASSED] - Object 'Object Repository/CERTPAY_QUICKSTI/Payment_Information_Page/REFRENCE_NUMBER' is present

2020-10-19 10:57:39 - [MESSAGE][PASSED] - Text '11' is set on object 'Object Repository/CERTPAY_QUICKSTI/Payment_Information_Page/REFRENCE_NUMBER'

2020-10-19 10:57:39 - [MESSAGE][PASSED] - Quicksti_Sameday_Refund_Void_Admin.ts:Entered'11 into Reference Number

2020-10-19 10:57:39 - [TEST_STEP][PASSED] - amount_Value = pages.Quicksti.getAttributeValue(findTestObject("CERTPAY_QUICKSTI/Payment_Information_Page/SUB_TOTAL")): pages.Quicksti.getAttributeValue is PASSED

2020-10-19 10:57:39 - [MESSAGE][PASSED] - Attribute 'value' of object 'Object Repository/CERTPAY_QUICKSTI/Payment_Information_Page/SUB_TOTAL' is: '35.00'

2020-10-19 10:57:39 - [MESSAGE][PASSED] - pages.Quicksti.getAttributeValue is PASSED

2020-10-19 10:57:39 - [TEST_STEP][PASSED] - utilities.SafeActions.safeType(findTestObject("CERTPAY_QUICKSTI/Payment_Information_Page/COMMENTS"), "Testing", "Comments", [pageLoadTime]): Quicksti_Sameday_Refund_Void_Admin.ts:Entered'Testing into Comments

2020-10-19 10:57:39 - [MESSAGE][PASSED] - Object 'Object Repository/CERTPAY_QUICKSTI/Payment_Information_Page/COMMENTS' is present

2020-10-19 10:57:40 - [MESSAGE][PASSED] - Object 'Object Repository/CERTPAY_QUICKSTI/Payment_Information_Page/COMMENTS' is visible

2020-10-19 10:57:40 - [MESSAGE][PASSED] - Object 'Object Repository/CERTPAY_QUICKSTI/Payment_Information_Page/COMMENTS' is present

2020-10-19 10:57:41 - [MESSAGE][PASSED] - Text 'Testing' is set on object 'Object Repository/CERTPAY_QUICKSTI/Payment_Information_Page/COMMENTS'

2020-10-19 10:57:41 - [MESSAGE][PASSED] - Quicksti_Sameday_Refund_Void_Admin.ts:Entered'Testing into Comments

2020-10-19 10:57:41 - [TEST_STEP][PASSED] - utilities.SafeActions.safeType(findTestObject("CERTPAY_QUICKSTI/Payment_Information_Page/ADDRESS"), address, "Address", [pageLoadTime]): Quicksti_Sameday_Refund_Void_Admin.ts:Entered'14-2 into Address

2020-10-19 10:57:42 - [MESSAGE][PASSED] - Object 'Object Repository/CERTPAY_QUICKSTI/Payment_Information_Page/ADDRESS' is present

2020-10-19 10:57:42 - [MESSAGE][PASSED] - Object 'Object Repository/CERTPAY_QUICKSTI/Payment_Information_Page/ADDRESS' is visible

2020-10-19 10:57:42 - [MESSAGE][PASSED] - Object 'Object Repository/CERTPAY_QUICKSTI/Payment_Information_Page/ADDRESS' is present

2020-10-19 10:57:43 - [MESSAGE][PASSED] - Text '14-2' is set on object 'Object Repository/CERTPAY_QUICKSTI/Payment_Information_Page/ADDRESS'

2020-10-19 10:57:43 - [MESSAGE][PASSED] - Quicksti_Sameday_Refund_Void_Admin.ts:Entered'14-2 into Address

2020-10-19 10:57:43 - [TEST_STEP][PASSED] - utilities.SafeActions.safeType(findTestObject("CERTPAY_QUICKSTI/Payment_Information_Page/ZIP_CODE"), zipCode, "zipcode", [pageLoadTime]): Quicksti_Sameday_Refund_Void_Admin.ts:Entered'76102 into zipcode

2020-10-19 10:57:44 - [MESSAGE][PASSED] - Object 'Object Repository/CERTPAY_QUICKSTI/Payment_Information_Page/ZIP_CODE' is present

2020-10-19 10:57:44 - [MESSAGE][PASSED] - Object 'Object Repository/CERTPAY_QUICKSTI/Payment_Information_Page/ZIP_CODE' is visible

2020-10-19 10:57:44 - [MESSAGE][PASSED] - Object 'Object Repository/CERTPAY_QUICKSTI/Payment_Information_Page/ZIP_CODE' is present

2020-10-19 10:57:46 - [MESSAGE][PASSED] - Text '76102' is set on object 'Object Repository/CERTPAY_QUICKSTI/Payment_Information_Page/ZIP_CODE'

2020-10-19 10:57:46 - [MESSAGE][PASSED] - Quicksti_Sameday_Refund_Void_Admin.ts:Entered'76102 into zipcode

2020-10-19 10:57:46 - [TEST_STEP][PASSED] - utilities.SafeActions.safeType(findTestObject("CERTPAY_QUICKSTI/Payment_Information_Page/TELEPHONE"), telephone, "Telephone", [pageLoadTime]): Quicksti_Sameday_Refund_Void_Admin.ts:Entered'9989897654 into Telephone

2020-10-19 10:57:46 - [MESSAGE][PASSED] - Object 'Object Repository/CERTPAY_QUICKSTI/Payment_Information_Page/TELEPHONE' is present

2020-10-19 10:57:46 - [MESSAGE][PASSED] - Object 'Object Repository/CERTPAY_QUICKSTI/Payment_Information_Page/TELEPHONE' is visible

2020-10-19 10:57:47 - [MESSAGE][PASSED] - Object 'Object Repository/CERTPAY_QUICKSTI/Payment_Information_Page/TELEPHONE' is present

2020-10-19 10:57:48 - [MESSAGE][PASSED] - Text '9989897654' is set on object 'Object Repository/CERTPAY_QUICKSTI/Payment_Information_Page/TELEPHONE'

2020-10-19 10:57:48 - [MESSAGE][PASSED] - Quicksti_Sameday_Refund_Void_Admin.ts:Entered'9989897654 into Telephone

2020-10-19 10:57:48 - [TEST_STEP][PASSED] - utilities.SafeActions.safeType(findTestObject("CERTPAY_QUICKSTI/Payment_Information_Page/EMAIL_ADDRESS"), emailAddress, "EMAIL address", [pageLoadTime]): Quicksti_Sameday_Refund_Void_Admin.ts:Entered'testing@zenq.com into EMAIL address

2020-10-19 10:57:48 - [MESSAGE][PASSED] - Object 'Object Repository/CERTPAY_QUICKSTI/Payment_Information_Page/EMAIL_ADDRESS' is present

2020-10-19 10:57:49 - [MESSAGE][PASSED] - Object 'Object Repository/CERTPAY_QUICKSTI/Payment_Information_Page/EMAIL_ADDRESS' is visible

2020-10-19 10:57:49 - [MESSAGE][PASSED] - Object 'Object Repository/CERTPAY_QUICKSTI/Payment_Information_Page/EMAIL_ADDRESS' is present

2020-10-19 10:57:50 - [MESSAGE][PASSED] - Text 'testing@zenq.com' is set on object 'Object Repository/CERTPAY_QUICKSTI/Payment_Information_Page/EMAIL_ADDRESS'

2020-10-19 10:57:50 - [MESSAGE][PASSED] - Quicksti_Sameday_Refund_Void_Admin.ts:Entered'testing@zenq.com into EMAIL address

2020-10-19 10:57:50 - [TEST_STEP][PASSED] - utilities.SafeActions.safeClick(findTestObject("CERTPAY_QUICKSTI/Payment_Information_Page/NEXT_BUTTON"), "Next", [pageLoadTime]): Quicksti_Sameday_Refund_Void_Admin.ts:Clicked on the Next

2020-10-19 10:57:50 - [MESSAGE][INFO] - safeClicking

2020-10-19 10:57:51 - [MESSAGE][PASSED] - Object 'Object Repository/CERTPAY_QUICKSTI/Payment_Information_Page/NEXT_BUTTON' is present

2020-10-19 10:57:51 - [MESSAGE][PASSED] - Object 'Object Repository/CERTPAY_QUICKSTI/Payment_Information_Page/NEXT_BUTTON' is clickable

2020-10-19 10:57:54 - [MESSAGE][PASSED] - Object: 'Object Repository/CERTPAY_QUICKSTI/Payment_Information_Page/NEXT_BUTTON' is clicked on

2020-10-19 10:57:54 - [MESSAGE][PASSED] - Quicksti_Sameday_Refund_Void_Admin.ts:Clicked on the Next

2020-10-19 10:57:54 - [TEST_STEP][PASSED] - pages.Quicksti.verifyUserPaymentDetails(paymentAmount, firstName, lastName, CardNumber): pages.Quicksti.verifyUserPaymentDetails is PASSED

2020-10-19 10:57:55 - [MESSAGE][PASSED] - Text of object 'Object Repository/CERTPAY_QUICKSTI/Payment_Details_Verification_Page/AMOUNT' is: '$35.00'

2020-10-19 10:57:55 - [MESSAGE][PASSED] - Actual text '35.00' and expected text '35.00' are matched  using regular expression

2020-10-19 10:57:55 - [MESSAGE][PASSED] - Text of object 'Object Repository/CERTPAY_QUICKSTI/Payment_Details_Verification_Page/NAME' is: 'Tester Zenq1'

2020-10-19 10:57:55 - [MESSAGE][PASSED] - Actual text 'Tester Zenq1' and expected text 'Tester Zenq1' are matched  using regular expression

2020-10-19 10:57:55 - [MESSAGE][PASSED] - Text of object 'Object Repository/CERTPAY_QUICKSTI/Payment_Details_Verification_Page/CARD_NUMBER' is: '...1006'

2020-10-19 10:57:55 - [MESSAGE][PASSED] - Actual text '1006' and expected text '1006' are matched  using regular expression

2020-10-19 10:57:55 - [MESSAGE][PASSED] - pages.Quicksti.verifyUserPaymentDetails is PASSED

2020-10-19 10:57:55 - [TEST_STEP][PASSED] - delay(2): Delayed 2 second(s)

2020-10-19 10:57:57 - [MESSAGE][PASSED] - Delayed 2 second(s)

2020-10-19 10:57:57 - [TEST_STEP][PASSED] - scrollToElement(findTestObject("CERTPAY_QUICKSTI/Payment_Details_Verification_Page/PROCESS"), 30): Scroll to object 'Object Repository/CERTPAY_QUICKSTI/Payment_Details_Verification_Page/PROCESS' successfully

2020-10-19 10:57:58 - [MESSAGE][PASSED] - Scroll to object 'Object Repository/CERTPAY_QUICKSTI/Payment_Details_Verification_Page/PROCESS' successfully

2020-10-19 10:57:58 - [TEST_STEP][PASSED] - utilities.SafeActions.safeClick(findTestObject("CERTPAY_QUICKSTI/Payment_Details_Verification_Page/PROCESS"), "Process", [pageLoadTime]): Quicksti_Sameday_Refund_Void_Admin.ts:Clicked on the Process

2020-10-19 10:57:58 - [MESSAGE][INFO] - safeClicking

2020-10-19 10:57:58 - [MESSAGE][PASSED] - Object 'Object Repository/CERTPAY_QUICKSTI/Payment_Details_Verification_Page/PROCESS' is present

2020-10-19 10:57:58 - [MESSAGE][PASSED] - Object 'Object Repository/CERTPAY_QUICKSTI/Payment_Details_Verification_Page/PROCESS' is clickable

2020-10-19 10:58:02 - [MESSAGE][PASSED] - Object: 'Object Repository/CERTPAY_QUICKSTI/Payment_Details_Verification_Page/PROCESS' is clicked on

2020-10-19 10:58:02 - [MESSAGE][PASSED] - Quicksti_Sameday_Refund_Void_Admin.ts:Clicked on the Process

2020-10-19 10:58:02 - [TEST_STEP][PASSED] - paymentId = pages.Quicksti.verifyPaymentApproval(findTestObject("CERTPAY_QUICKSTI/Payment_Details_Verification_Page/APPROVED")): Payment is approved

2020-10-19 10:58:03 - [MESSAGE][PASSED] - Text of object 'Object Repository/CERTPAY_QUICKSTI/Payment_Details_Verification_Page/PAYMENT_ID' is: '100176131540'

2020-10-19 10:58:03 - [MESSAGE][PASSED] - Object 'Object Repository/CERTPAY_QUICKSTI/Payment_Details_Verification_Page/APPROVED' is present

2020-10-19 10:58:03 - [MESSAGE][PASSED] - Payment is approved

2020-10-19 10:58:05 - [TEST_STEP][PASSED] - navigateToUrl(Admin_url): Navigate to 'https://qa-certpayadmin.faps.net' successfully

2020-10-19 10:58:12 - [MESSAGE][PASSED] - Navigate to 'https://qa-certpayadmin.faps.net' successfully

2020-10-19 10:58:12 - [TEST_STEP][PASSED] - pages.Bureau_Login_Page.loginToAdminSite(AdminUsername, AdminPassword): Quicksti_Sameday_Refund_Void_Admin.ts:Clicked on the LOGIN

2020-10-19 10:58:13 - [MESSAGE][PASSED] - Object 'Object Repository/CERTPAY_ADMIN/USER_NAME' is present

2020-10-19 10:58:13 - [MESSAGE][PASSED] - Object 'Object Repository/CERTPAY_ADMIN/USER_NAME' is visible

2020-10-19 10:58:13 - [MESSAGE][PASSED] - Object 'Object Repository/CERTPAY_ADMIN/USER_NAME' is present

2020-10-19 10:58:14 - [MESSAGE][PASSED] - Text 'VVangiliappan' is set on object 'Object Repository/CERTPAY_ADMIN/USER_NAME'

2020-10-19 10:58:14 - [MESSAGE][PASSED] - Quicksti_Sameday_Refund_Void_Admin.ts:Entered'VVangiliappan into username

2020-10-19 10:58:15 - [MESSAGE][PASSED] - Object 'Object Repository/CERTPAY_ADMIN/PASSWORD' is present

2020-10-19 10:58:15 - [MESSAGE][PASSED] - Object 'Object Repository/CERTPAY_ADMIN/PASSWORD' is visible

2020-10-19 10:58:15 - [MESSAGE][PASSED] - Object 'Object Repository/CERTPAY_ADMIN/PASSWORD' is present

2020-10-19 10:58:17 - [MESSAGE][PASSED] - Text 'Test@123' is set on object 'Object Repository/CERTPAY_ADMIN/PASSWORD'

2020-10-19 10:58:17 - [MESSAGE][PASSED] - Quicksti_Sameday_Refund_Void_Admin.ts:Entered'Test@123 into password

2020-10-19 10:58:17 - [MESSAGE][INFO] - safeClicking

2020-10-19 10:58:17 - [MESSAGE][PASSED] - Object 'Object Repository/CERTPAY_ADMIN/LOGIN_BUTTON' is present

2020-10-19 10:58:17 - [MESSAGE][PASSED] - Object 'Object Repository/CERTPAY_ADMIN/LOGIN_BUTTON' is clickable

2020-10-19 10:58:29 - [MESSAGE][PASSED] - Object: 'Object Repository/CERTPAY_ADMIN/LOGIN_BUTTON' is clicked on

2020-10-19 10:58:29 - [MESSAGE][PASSED] - Quicksti_Sameday_Refund_Void_Admin.ts:Clicked on the LOGIN

2020-10-19 10:58:29 - [TEST_STEP][PASSED] - utilities.SafeActions.safeClick(findTestObject("CERTPAY_ADMIN/TRANSACTION_MENU"), "TransactionMenu", [pageLoadTime]): Quicksti_Sameday_Refund_Void_Admin.ts:Clicked on the TransactionMenu

2020-10-19 10:58:29 - [MESSAGE][INFO] - safeClicking

2020-10-19 10:58:29 - [MESSAGE][PASSED] - Object 'Object Repository/CERTPAY_ADMIN/TRANSACTION_MENU' is present

2020-10-19 10:58:29 - [MESSAGE][PASSED] - Object 'Object Repository/CERTPAY_ADMIN/TRANSACTION_MENU' is clickable

2020-10-19 10:58:30 - [MESSAGE][PASSED] - Object: 'Object Repository/CERTPAY_ADMIN/TRANSACTION_MENU' is clicked on

2020-10-19 10:58:30 - [MESSAGE][PASSED] - Quicksti_Sameday_Refund_Void_Admin.ts:Clicked on the TransactionMenu

2020-10-19 10:58:30 - [TEST_STEP][PASSED] - utilities.SafeActions.safeClick(findTestObject("CERTPAY_ADMIN/TRANSACTION_SEARCH"), "TransactionSearch", [pageLoadTime]): Quicksti_Sameday_Refund_Void_Admin.ts:Clicked on the TransactionSearch

2020-10-19 10:58:30 - [MESSAGE][INFO] - safeClicking

2020-10-19 10:58:31 - [MESSAGE][PASSED] - Object 'Object Repository/CERTPAY_ADMIN/TRANSACTION_SEARCH' is present

2020-10-19 10:58:31 - [MESSAGE][PASSED] - Object 'Object Repository/CERTPAY_ADMIN/TRANSACTION_SEARCH' is clickable

2020-10-19 10:58:34 - [MESSAGE][PASSED] - Object: 'Object Repository/CERTPAY_ADMIN/TRANSACTION_SEARCH' is clicked on

2020-10-19 10:58:34 - [MESSAGE][PASSED] - Quicksti_Sameday_Refund_Void_Admin.ts:Clicked on the TransactionSearch

2020-10-19 10:58:34 - [TEST_STEP][PASSED] - utilities.SafeActions.safeType(findTestObject("CERTPAY_ADMIN/PAYMENT_ID"), paymentId, "Payment id", [pageLoadTime]): Quicksti_Sameday_Refund_Void_Admin.ts:Entered'100176131540 into Payment id

2020-10-19 10:58:35 - [MESSAGE][PASSED] - Object 'Object Repository/CERTPAY_ADMIN/PAYMENT_ID' is present

2020-10-19 10:58:35 - [MESSAGE][PASSED] - Object 'Object Repository/CERTPAY_ADMIN/PAYMENT_ID' is visible

2020-10-19 10:58:36 - [MESSAGE][PASSED] - Object 'Object Repository/CERTPAY_ADMIN/PAYMENT_ID' is present

2020-10-19 10:58:37 - [MESSAGE][PASSED] - Text '100176131540' is set on object 'Object Repository/CERTPAY_ADMIN/PAYMENT_ID'

2020-10-19 10:58:37 - [MESSAGE][PASSED] - Quicksti_Sameday_Refund_Void_Admin.ts:Entered'100176131540 into Payment id

2020-10-19 10:58:37 - [TEST_STEP][PASSED] - utilities.SafeActions.safeClick(findTestObject("CERTPAY_ADMIN/GO_BUTTON"), "Go button", [pageLoadTime]): Quicksti_Sameday_Refund_Void_Admin.ts:Clicked on the Go button

2020-10-19 10:58:37 - [MESSAGE][INFO] - safeClicking

2020-10-19 10:58:37 - [MESSAGE][PASSED] - Object 'Object Repository/CERTPAY_ADMIN/GO_BUTTON' is present

2020-10-19 10:58:38 - [MESSAGE][PASSED] - Object 'Object Repository/CERTPAY_ADMIN/GO_BUTTON' is clickable

2020-10-19 10:58:42 - [MESSAGE][PASSED] - Object: 'Object Repository/CERTPAY_ADMIN/GO_BUTTON' is clicked on

2020-10-19 10:58:42 - [MESSAGE][PASSED] - Quicksti_Sameday_Refund_Void_Admin.ts:Clicked on the Go button

2020-10-19 10:58:42 - [TEST_STEP][PASSED] - delay(3): Delayed 3 second(s)

2020-10-19 10:58:45 - [MESSAGE][PASSED] - Delayed 3 second(s)

2020-10-19 10:58:45 - [TEST_STEP][PASSED] - paymentIdList.add(paymentId): null

2020-10-19 10:58:45 - [TEST_STEP][PASSED] - println(paymentIdList): null

2020-10-19 10:58:45 - [TEST_STEP][PASSED] - utilities.SafeActions.safeClick(findTestObject("CERTPAY_ADMIN/ACTIONS_BUTTON"), "Actions button", [pageLoadTime]): Quicksti_Sameday_Refund_Void_Admin.ts:Clicked on the Actions button

2020-10-19 10:58:45 - [MESSAGE][INFO] - safeClicking

2020-10-19 10:58:45 - [MESSAGE][PASSED] - Object 'Object Repository/CERTPAY_ADMIN/ACTIONS_BUTTON' is present

2020-10-19 10:58:46 - [MESSAGE][PASSED] - Object 'Object Repository/CERTPAY_ADMIN/ACTIONS_BUTTON' is clickable

2020-10-19 10:58:47 - [MESSAGE][PASSED] - Object: 'Object Repository/CERTPAY_ADMIN/ACTIONS_BUTTON' is clicked on

2020-10-19 10:58:47 - [MESSAGE][PASSED] - Quicksti_Sameday_Refund_Void_Admin.ts:Clicked on the Actions button

2020-10-19 10:58:47 - [TEST_STEP][PASSED] - utilities.SafeActions.safeClick(findTestObject("CERTPAY_ADMIN/REFUND_MENU"), "Refund Menu", [pageLoadTime]): Quicksti_Sameday_Refund_Void_Admin.ts:Clicked on the Refund Menu

2020-10-19 10:58:47 - [MESSAGE][INFO] - safeClicking

2020-10-19 10:58:47 - [MESSAGE][PASSED] - Object 'Object Repository/CERTPAY_ADMIN/REFUND_MENU' is present

2020-10-19 10:58:48 - [MESSAGE][PASSED] - Object 'Object Repository/CERTPAY_ADMIN/REFUND_MENU' is clickable

2020-10-19 10:58:49 - [MESSAGE][PASSED] - Object: 'Object Repository/CERTPAY_ADMIN/REFUND_MENU' is clicked on

2020-10-19 10:58:49 - [MESSAGE][PASSED] - Quicksti_Sameday_Refund_Void_Admin.ts:Clicked on the Refund Menu

2020-10-19 10:58:49 - [TEST_STEP][PASSED] - utilities.SafeActions.safeClick(findTestObject("Object Repository/CERTPAY_ADMIN/PROCESS_REVERSAL"), "Process Reversal", [pageLoadTime]): Quicksti_Sameday_Refund_Void_Admin.ts:Clicked on the Process Reversal

2020-10-19 10:58:49 - [MESSAGE][INFO] - safeClicking

2020-10-19 10:58:49 - [MESSAGE][PASSED] - Object 'Object Repository/CERTPAY_ADMIN/PROCESS_REVERSAL' is present

2020-10-19 10:58:50 - [MESSAGE][PASSED] - Object 'Object Repository/CERTPAY_ADMIN/PROCESS_REVERSAL' is clickable

2020-10-19 10:58:51 - [MESSAGE][PASSED] - Object: 'Object Repository/CERTPAY_ADMIN/PROCESS_REVERSAL' is clicked on

2020-10-19 10:58:51 - [MESSAGE][PASSED] - Quicksti_Sameday_Refund_Void_Admin.ts:Clicked on the Process Reversal

2020-10-19 10:58:51 - [TEST_STEP][PASSED] - delay(4): Delayed 4 second(s)

2020-10-19 10:58:55 - [MESSAGE][PASSED] - Delayed 4 second(s)

2020-10-19 10:58:55 - [TEST_STEP][PASSED] - Start listener action : afterTestCase: Browser is closed

2020-10-19 10:58:55 - [TEST_STEP][PASSED] - closeBrowser(): Browser is closed

2020-10-19 10:58:56 - [MESSAGE][PASSED] - Browser is closed]]></system-out>
         <system-err><![CDATA[]]></system-err>
      </testcase>
      <system-out><![CDATA[2020-10-19 10:49:28 - [TEST_SUITE][PASSED] - Quicksti_Sameday_Refund_Void_Admin: Test Cases/SameDay_Refunds_Admin/TC_003_VISA_SamedayRefund_Void]]></system-out>
      <system-err><![CDATA[]]></system-err>
   </testsuite>
</testsuites>
