<?xml version="1.0" encoding="UTF-8"?>
<testsuites name="Quicksti_Visa" time="619.459" tests="1" failures="0" errors="0">
   <testsuite name="Quicksti_Visa" tests="1" failures="0" errors="0" time="619.459" timestamp="2020-11-02 13:01:45" hostname="dell - dell-PC" id="Test Suites/Certpay_testSuite_New/Quicksti_Visa">
      <properties>
         <property name="deviceName" value=""/>
         <property name="devicePlatform" value=""/>
         <property name="logFolder" value="D:\\Sush_Certpay\\Reports\\20201102_130141\\Certpay_testSuite_New\\Quicksti_Visa\\20201102_130141"/>
         <property name="logFiles" value="D:\\Sush_Certpay\\Reports\\20201102_130141\\Certpay_testSuite_New\\Quicksti_Visa\\20201102_130141\\execution0.log"/>
         <property name="attachments" value=""/>
         <property name="hostName" value="dell - dell-PC"/>
         <property name="os" value="Windows 7 64bit"/>
         <property name="katalonVersion" value="7.2.6.1"/>
         <property name="browser" value="Chrome 86.0.4240.111"/>
         <property name="hostAddress" value="172.31.253.239"/>
         <property name="sessionId" value="6e2395e07f6e5668680f20b6477d3693"/>
         <property name="seleniumVersion" value="3.141.59"/>
         <property name="proxyInformation" value="ProxyInformation{proxyOption=NO_PROXY, proxyServerType=HTTP, password=, proxyServerAddress=, proxyServerPort=0, executionList=}"/>
         <property name="platform" value="Windows 7"/>
      </properties>
      <testcase name="Test Cases/Certpay_Quicksti_New/TC_001_SingleBureauSite_SingleLinePayment_Visa" time="619.118" classname="Test Cases/Certpay_Quicksti_New/TC_001_SingleBureauSite_SingleLinePayment_Visa" status="PASSED">
         <system-out><![CDATA[2020-11-02 13:01:45 - [TEST_CASE][PASSED] - Test Cases/Certpay_Quicksti_New/TC_001_SingleBureauSite_SingleLinePayment_Visa: Test Cases/Certpay_Quicksti_New/TC_001_SingleBureauSite_SingleLinePayment_Visa

2020-11-02 13:01:46 - [TEST_STEP][PASSED] - Start listener action : beforeTestCase: null

2020-11-02 13:01:47 - [TEST_STEP][PASSED] - data = findTestData("Data Files/Certpay/SingleBureau_SingleLine_Visa"): null

2020-11-02 13:01:48 - [TEST_STEP][PASSED] - paymentIdList = []: null

2020-11-02 13:01:48 - [TEST_STEP][PASSED] - for (def index : (1..data.getRowNumbers())): null

2020-11-02 13:01:48 - [TEST_STEP][PASSED] - firstName = data.getValue("FirstName", index): null

2020-11-02 13:01:48 - [TEST_STEP][PASSED] - lastName = data.getValue("LastName", index): null

2020-11-02 13:01:48 - [TEST_STEP][PASSED] - expMonth = data.getValue("ExpMonth", index): null

2020-11-02 13:01:48 - [TEST_STEP][PASSED] - expYear = data.getValue("ExpYear", index): null

2020-11-02 13:01:48 - [TEST_STEP][PASSED] - securityCode = data.getValue("SecurityCode", index): null

2020-11-02 13:01:48 - [TEST_STEP][PASSED] - paymentAmount = data.getValue("PaymentAmount", index): null

2020-11-02 13:01:48 - [TEST_STEP][PASSED] - paymentType = data.getValue("PaymentType", index): null

2020-11-02 13:01:48 - [TEST_STEP][PASSED] - quantity = data.getValue("Quantity", index): null

2020-11-02 13:01:48 - [TEST_STEP][PASSED] - comments = data.getValue("Comments", index): null

2020-11-02 13:01:48 - [TEST_STEP][PASSED] - referenceNum = data.getValue("ReferenceNum", index): null

2020-11-02 13:01:48 - [TEST_STEP][PASSED] - address = data.getValue("Address", index): null

2020-11-02 13:01:48 - [TEST_STEP][PASSED] - zipCode = data.getValue("Zipcode", index): null

2020-11-02 13:01:48 - [TEST_STEP][PASSED] - telephone = data.getValue("Telephone", index): null

2020-11-02 13:01:48 - [TEST_STEP][PASSED] - emailAddress = data.getValue("EmailAddress", index): null

2020-11-02 13:01:48 - [TEST_STEP][PASSED] - cardNum = data.getValue("CardNumber", index): null

2020-11-02 13:01:48 - [TEST_STEP][PASSED] - cardType = data.getValue("CardType", index): null

2020-11-02 13:01:48 - [TEST_STEP][PASSED] - utilities.SafeActions.openBrowser(Quicksti_Url, [pageLoadTime]): Browser launched successfully

2020-11-02 13:01:49 - [MESSAGE][INFO] - Opening Browser

2020-11-02 13:01:49 - [MESSAGE][INFO] - Starting 'Chrome' driver

2020-11-02 13:01:49 - [MESSAGE][INFO] - Action delay is set to 0 seconds

2020-11-02 13:02:04 - [MESSAGE][PASSED] - Browser is opened with url: 'https://qa-certpayquicksti.faps.net/'

2020-11-02 13:02:05 - [MESSAGE][PASSED] - Current window maximized

2020-11-02 13:02:05 - [MESSAGE][PASSED] - Browser launched successfully

2020-11-02 13:02:05 - [TEST_STEP][PASSED] - utilities.SafeActions.safeType(findTestObject("CERTPAY_QUICKSTI/Login_ Page/BUREAU_CODE"), bureau_code, "Bureau code", [pageLoadTime]): Quicksti_Visa.ts:Entered'6100000 into Bureau code

2020-11-02 13:02:06 - [MESSAGE][PASSED] - Object 'Object Repository/CERTPAY_QUICKSTI/Login_ Page/BUREAU_CODE' is present

2020-11-02 13:02:06 - [MESSAGE][PASSED] - Object 'Object Repository/CERTPAY_QUICKSTI/Login_ Page/BUREAU_CODE' is visible

2020-11-02 13:02:07 - [MESSAGE][PASSED] - Object 'Object Repository/CERTPAY_QUICKSTI/Login_ Page/BUREAU_CODE' is present

2020-11-02 13:02:08 - [MESSAGE][PASSED] - Text '6100000' is set on object 'Object Repository/CERTPAY_QUICKSTI/Login_ Page/BUREAU_CODE'

2020-11-02 13:02:08 - [MESSAGE][PASSED] - Quicksti_Visa.ts:Entered'6100000 into Bureau code

2020-11-02 13:02:08 - [TEST_STEP][PASSED] - utilities.SafeActions.safeType(findTestObject("CERTPAY_QUICKSTI/Login_ Page/TELLER_ID"), teller_id, "Bureau code", [pageLoadTime]): Quicksti_Visa.ts:Entered'zenq into Bureau code

2020-11-02 13:02:09 - [MESSAGE][PASSED] - Object 'Object Repository/CERTPAY_QUICKSTI/Login_ Page/TELLER_ID' is present

2020-11-02 13:02:09 - [MESSAGE][PASSED] - Object 'Object Repository/CERTPAY_QUICKSTI/Login_ Page/TELLER_ID' is visible

2020-11-02 13:02:09 - [MESSAGE][PASSED] - Object 'Object Repository/CERTPAY_QUICKSTI/Login_ Page/TELLER_ID' is present

2020-11-02 13:02:10 - [MESSAGE][PASSED] - Text 'zenq' is set on object 'Object Repository/CERTPAY_QUICKSTI/Login_ Page/TELLER_ID'

2020-11-02 13:02:10 - [MESSAGE][PASSED] - Quicksti_Visa.ts:Entered'zenq into Bureau code

2020-11-02 13:02:10 - [TEST_STEP][PASSED] - utilities.SafeActions.safeClick(findTestObject("CERTPAY_QUICKSTI/Login_ Page/NEXT_BUTTON"), "Next button", [pageLoadTime]): Quicksti_Visa.ts:Clicked on the Next button

2020-11-02 13:02:11 - [MESSAGE][INFO] - safeClicking

2020-11-02 13:02:11 - [MESSAGE][PASSED] - Object 'Object Repository/CERTPAY_QUICKSTI/Login_ Page/NEXT_BUTTON' is present

2020-11-02 13:02:12 - [MESSAGE][PASSED] - Object 'Object Repository/CERTPAY_QUICKSTI/Login_ Page/NEXT_BUTTON' is clickable

2020-11-02 13:02:18 - [MESSAGE][PASSED] - Object: 'Object Repository/CERTPAY_QUICKSTI/Login_ Page/NEXT_BUTTON' is clicked on

2020-11-02 13:02:18 - [MESSAGE][PASSED] - Quicksti_Visa.ts:Clicked on the Next button

2020-11-02 13:02:18 - [TEST_STEP][PASSED] - utilities.SafeActions.safeClick(findTestObject("CERTPAY_QUICKSTI/Payment_Information_Page/MANUAL_ENTRY_BUTTON"), "ManualEntry", [pageLoadTime]): Quicksti_Visa.ts:Clicked on the ManualEntry

2020-11-02 13:02:18 - [MESSAGE][INFO] - safeClicking

2020-11-02 13:02:19 - [MESSAGE][PASSED] - Object 'Object Repository/CERTPAY_QUICKSTI/Payment_Information_Page/MANUAL_ENTRY_BUTTON' is present

2020-11-02 13:02:19 - [MESSAGE][PASSED] - Object 'Object Repository/CERTPAY_QUICKSTI/Payment_Information_Page/MANUAL_ENTRY_BUTTON' is clickable

2020-11-02 13:02:23 - [MESSAGE][PASSED] - Object: 'Object Repository/CERTPAY_QUICKSTI/Payment_Information_Page/MANUAL_ENTRY_BUTTON' is clicked on

2020-11-02 13:02:23 - [MESSAGE][PASSED] - Quicksti_Visa.ts:Clicked on the ManualEntry

2020-11-02 13:02:23 - [TEST_STEP][PASSED] - CardNumber = pages.Quicksti.setUserPaymentDetails(firstName, lastName, cardNum): Quicksti_Visa.ts:Entered'4716428411725021 into CardNum

2020-11-02 13:02:23 - [MESSAGE][PASSED] - Object 'Object Repository/CERTPAY_QUICKSTI/Payment_Information_Page/FIRST_NAME' is present

2020-11-02 13:02:24 - [MESSAGE][PASSED] - Object 'Object Repository/CERTPAY_QUICKSTI/Payment_Information_Page/FIRST_NAME' is visible

2020-11-02 13:02:24 - [MESSAGE][PASSED] - Object 'Object Repository/CERTPAY_QUICKSTI/Payment_Information_Page/FIRST_NAME' is present

2020-11-02 13:02:25 - [MESSAGE][PASSED] - Text 'Tester' is set on object 'Object Repository/CERTPAY_QUICKSTI/Payment_Information_Page/FIRST_NAME'

2020-11-02 13:02:25 - [MESSAGE][PASSED] - Quicksti_Visa.ts:Entered'Tester into FirstName

2020-11-02 13:02:25 - [MESSAGE][PASSED] - Object 'Object Repository/CERTPAY_QUICKSTI/Payment_Information_Page/LAST_NAME' is present

2020-11-02 13:02:26 - [MESSAGE][PASSED] - Object 'Object Repository/CERTPAY_QUICKSTI/Payment_Information_Page/LAST_NAME' is visible

2020-11-02 13:02:26 - [MESSAGE][PASSED] - Object 'Object Repository/CERTPAY_QUICKSTI/Payment_Information_Page/LAST_NAME' is present

2020-11-02 13:02:27 - [MESSAGE][PASSED] - Text 'Zenq1' is set on object 'Object Repository/CERTPAY_QUICKSTI/Payment_Information_Page/LAST_NAME'

2020-11-02 13:02:27 - [MESSAGE][PASSED] - Quicksti_Visa.ts:Entered'Zenq1 into LAstName

2020-11-02 13:02:27 - [MESSAGE][PASSED] - Object 'Object Repository/CERTPAY_QUICKSTI/Payment_Information_Page/CARD_NUMBER' is present

2020-11-02 13:02:28 - [MESSAGE][PASSED] - Object 'Object Repository/CERTPAY_QUICKSTI/Payment_Information_Page/CARD_NUMBER' is visible

2020-11-02 13:02:28 - [MESSAGE][PASSED] - Object 'Object Repository/CERTPAY_QUICKSTI/Payment_Information_Page/CARD_NUMBER' is present

2020-11-02 13:02:29 - [MESSAGE][PASSED] - Text '4716428411725021' is set on object 'Object Repository/CERTPAY_QUICKSTI/Payment_Information_Page/CARD_NUMBER'

2020-11-02 13:02:29 - [MESSAGE][PASSED] - Quicksti_Visa.ts:Entered'4716428411725021 into CardNum

2020-11-02 13:02:29 - [TEST_STEP][PASSED] - utilities.SafeActions.safeSelectOptionInDropdownByVisibleText(findTestObject("CERTPAY_QUICKSTI/Payment_Information_Page/PAYMENT_TYPE"), paymentType, "paymentType", [pageLoadTime]): selected dropdown option by visible text  Taxesfrom paymentType

2020-11-02 13:02:29 - [MESSAGE][PASSED] - Object 'Object Repository/CERTPAY_QUICKSTI/Payment_Information_Page/PAYMENT_TYPE' is visible

2020-11-02 13:02:30 - [MESSAGE][PASSED] - Object 'Object Repository/CERTPAY_QUICKSTI/Payment_Information_Page/PAYMENT_TYPE' is present

2020-11-02 13:02:31 - [MESSAGE][PASSED] - Object: 'Object Repository/CERTPAY_QUICKSTI/Payment_Information_Page/PAYMENT_TYPE' is clicked on

2020-11-02 13:02:32 - [MESSAGE][PASSED] - All options with label 'Taxes' are selected in object 'Object Repository/CERTPAY_QUICKSTI/Payment_Information_Page/PAYMENT_TYPE'  using regular expression

2020-11-02 13:02:32 - [MESSAGE][PASSED] - selected dropdown option by visible text  Taxesfrom paymentType

2020-11-02 13:02:32 - [TEST_STEP][PASSED] - pages.Quicksti.setExpDate(expMonth, expYear, securityCode): Quicksti_Visa.ts:Entered'207 into securityCode

2020-11-02 13:02:32 - [MESSAGE][PASSED] - Object 'Object Repository/CERTPAY_QUICKSTI/Payment_Information_Page/EXP_MONTH' is visible

2020-11-02 13:02:32 - [MESSAGE][PASSED] - Object 'Object Repository/CERTPAY_QUICKSTI/Payment_Information_Page/EXP_MONTH' is present

2020-11-02 13:02:34 - [MESSAGE][PASSED] - Object: 'Object Repository/CERTPAY_QUICKSTI/Payment_Information_Page/EXP_MONTH' is clicked on

2020-11-02 13:02:35 - [MESSAGE][PASSED] - All options with label '03' are selected in object 'Object Repository/CERTPAY_QUICKSTI/Payment_Information_Page/EXP_MONTH'  using regular expression

2020-11-02 13:02:35 - [MESSAGE][PASSED] - selected dropdown option by visible text  03from expMonth

2020-11-02 13:02:35 - [MESSAGE][PASSED] - Object 'Object Repository/CERTPAY_QUICKSTI/Payment_Information_Page/EXP_YEAR' is visible

2020-11-02 13:02:35 - [MESSAGE][PASSED] - Object 'Object Repository/CERTPAY_QUICKSTI/Payment_Information_Page/EXP_YEAR' is present

2020-11-02 13:02:36 - [MESSAGE][PASSED] - Object: 'Object Repository/CERTPAY_QUICKSTI/Payment_Information_Page/EXP_YEAR' is clicked on

2020-11-02 13:02:38 - [MESSAGE][PASSED] - All options with label '2022' are selected in object 'Object Repository/CERTPAY_QUICKSTI/Payment_Information_Page/EXP_YEAR'  using regular expression

2020-11-02 13:02:38 - [MESSAGE][PASSED] - selected dropdown option by visible text  2022from  expYear

2020-11-02 13:02:38 - [MESSAGE][PASSED] - Object 'Object Repository/CERTPAY_QUICKSTI/Payment_Information_Page/SECURITY_CODE' is present

2020-11-02 13:02:38 - [MESSAGE][PASSED] - Object 'Object Repository/CERTPAY_QUICKSTI/Payment_Information_Page/SECURITY_CODE' is visible

2020-11-02 13:02:39 - [MESSAGE][PASSED] - Object 'Object Repository/CERTPAY_QUICKSTI/Payment_Information_Page/SECURITY_CODE' is present

2020-11-02 13:02:40 - [MESSAGE][PASSED] - Text '207' is set on object 'Object Repository/CERTPAY_QUICKSTI/Payment_Information_Page/SECURITY_CODE'

2020-11-02 13:02:40 - [MESSAGE][PASSED] - Quicksti_Visa.ts:Entered'207 into securityCode

2020-11-02 13:02:40 - [TEST_STEP][PASSED] - pages.Quicksti.setPaymentAmountDetailsForSinglePayment(paymentAmount, quantity): Quicksti_Visa.ts:Entered'1 into Quantity

2020-11-02 13:02:40 - [MESSAGE][PASSED] - Object 'Object Repository/CERTPAY_QUICKSTI/Payment_Information_Page/PAYMENT_AMOUNT' is present

2020-11-02 13:02:41 - [MESSAGE][PASSED] - Object 'Object Repository/CERTPAY_QUICKSTI/Payment_Information_Page/PAYMENT_AMOUNT' is visible

2020-11-02 13:02:41 - [MESSAGE][PASSED] - Object 'Object Repository/CERTPAY_QUICKSTI/Payment_Information_Page/PAYMENT_AMOUNT' is present

2020-11-02 13:02:42 - [MESSAGE][PASSED] - Text '20.00' is set on object 'Object Repository/CERTPAY_QUICKSTI/Payment_Information_Page/PAYMENT_AMOUNT'

2020-11-02 13:02:42 - [MESSAGE][PASSED] - Quicksti_Visa.ts:Entered'20.00 into amount

2020-11-02 13:02:43 - [MESSAGE][PASSED] - Object 'Object Repository/CERTPAY_QUICKSTI/Payment_Information_Page/QUANTITY' is present

2020-11-02 13:02:43 - [MESSAGE][PASSED] - Object 'Object Repository/CERTPAY_QUICKSTI/Payment_Information_Page/QUANTITY' is visible

2020-11-02 13:02:43 - [MESSAGE][PASSED] - Object 'Object Repository/CERTPAY_QUICKSTI/Payment_Information_Page/QUANTITY' is present

2020-11-02 13:02:44 - [MESSAGE][PASSED] - Text '1' is set on object 'Object Repository/CERTPAY_QUICKSTI/Payment_Information_Page/QUANTITY'

2020-11-02 13:02:44 - [MESSAGE][PASSED] - Quicksti_Visa.ts:Entered'1 into Quantity

2020-11-02 13:02:44 - [TEST_STEP][PASSED] - utilities.SafeActions.safeType(findTestObject("CERTPAY_QUICKSTI/Payment_Information_Page/REFRENCE_NUMBER"), referenceNum, "Reference Number", [pageLoadTime]): Quicksti_Visa.ts:Entered'11 into Reference Number

2020-11-02 13:02:45 - [MESSAGE][PASSED] - Object 'Object Repository/CERTPAY_QUICKSTI/Payment_Information_Page/REFRENCE_NUMBER' is present

2020-11-02 13:02:45 - [MESSAGE][PASSED] - Object 'Object Repository/CERTPAY_QUICKSTI/Payment_Information_Page/REFRENCE_NUMBER' is visible

2020-11-02 13:02:45 - [MESSAGE][PASSED] - Object 'Object Repository/CERTPAY_QUICKSTI/Payment_Information_Page/REFRENCE_NUMBER' is present

2020-11-02 13:02:46 - [MESSAGE][PASSED] - Text '11' is set on object 'Object Repository/CERTPAY_QUICKSTI/Payment_Information_Page/REFRENCE_NUMBER'

2020-11-02 13:02:46 - [MESSAGE][PASSED] - Quicksti_Visa.ts:Entered'11 into Reference Number

2020-11-02 13:02:46 - [TEST_STEP][PASSED] - amount_Value = pages.Quicksti.getAttributeValue(findTestObject("CERTPAY_QUICKSTI/Payment_Information_Page/SUB_TOTAL")): pages.Quicksti.getAttributeValue is PASSED

2020-11-02 13:02:47 - [MESSAGE][PASSED] - Attribute 'value' of object 'Object Repository/CERTPAY_QUICKSTI/Payment_Information_Page/SUB_TOTAL' is: '20.00'

2020-11-02 13:02:47 - [MESSAGE][PASSED] - pages.Quicksti.getAttributeValue is PASSED

2020-11-02 13:02:47 - [TEST_STEP][PASSED] - utilities.SafeActions.safeType(findTestObject("CERTPAY_QUICKSTI/Payment_Information_Page/COMMENTS"), "Testing", "Comments", [pageLoadTime]): Quicksti_Visa.ts:Entered'Testing into Comments

2020-11-02 13:02:47 - [MESSAGE][PASSED] - Object 'Object Repository/CERTPAY_QUICKSTI/Payment_Information_Page/COMMENTS' is present

2020-11-02 13:02:47 - [MESSAGE][PASSED] - Object 'Object Repository/CERTPAY_QUICKSTI/Payment_Information_Page/COMMENTS' is visible

2020-11-02 13:02:48 - [MESSAGE][PASSED] - Object 'Object Repository/CERTPAY_QUICKSTI/Payment_Information_Page/COMMENTS' is present

2020-11-02 13:02:49 - [MESSAGE][PASSED] - Text 'Testing' is set on object 'Object Repository/CERTPAY_QUICKSTI/Payment_Information_Page/COMMENTS'

2020-11-02 13:02:49 - [MESSAGE][PASSED] - Quicksti_Visa.ts:Entered'Testing into Comments

2020-11-02 13:02:49 - [TEST_STEP][PASSED] - utilities.SafeActions.safeType(findTestObject("CERTPAY_QUICKSTI/Payment_Information_Page/ADDRESS"), address, "Address", [pageLoadTime]): Quicksti_Visa.ts:Entered'14-2 into Address

2020-11-02 13:02:49 - [MESSAGE][PASSED] - Object 'Object Repository/CERTPAY_QUICKSTI/Payment_Information_Page/ADDRESS' is present

2020-11-02 13:02:49 - [MESSAGE][PASSED] - Object 'Object Repository/CERTPAY_QUICKSTI/Payment_Information_Page/ADDRESS' is visible

2020-11-02 13:02:50 - [MESSAGE][PASSED] - Object 'Object Repository/CERTPAY_QUICKSTI/Payment_Information_Page/ADDRESS' is present

2020-11-02 13:02:51 - [MESSAGE][PASSED] - Text '14-2' is set on object 'Object Repository/CERTPAY_QUICKSTI/Payment_Information_Page/ADDRESS'

2020-11-02 13:02:51 - [MESSAGE][PASSED] - Quicksti_Visa.ts:Entered'14-2 into Address

2020-11-02 13:02:51 - [TEST_STEP][PASSED] - utilities.SafeActions.safeType(findTestObject("CERTPAY_QUICKSTI/Payment_Information_Page/ZIP_CODE"), zipCode, "zipcode", [pageLoadTime]): Quicksti_Visa.ts:Entered'76102 into zipcode

2020-11-02 13:02:51 - [MESSAGE][PASSED] - Object 'Object Repository/CERTPAY_QUICKSTI/Payment_Information_Page/ZIP_CODE' is present

2020-11-02 13:02:52 - [MESSAGE][PASSED] - Object 'Object Repository/CERTPAY_QUICKSTI/Payment_Information_Page/ZIP_CODE' is visible

2020-11-02 13:02:52 - [MESSAGE][PASSED] - Object 'Object Repository/CERTPAY_QUICKSTI/Payment_Information_Page/ZIP_CODE' is present

2020-11-02 13:02:53 - [MESSAGE][PASSED] - Text '76102' is set on object 'Object Repository/CERTPAY_QUICKSTI/Payment_Information_Page/ZIP_CODE'

2020-11-02 13:02:53 - [MESSAGE][PASSED] - Quicksti_Visa.ts:Entered'76102 into zipcode

2020-11-02 13:02:53 - [TEST_STEP][PASSED] - utilities.SafeActions.safeType(findTestObject("CERTPAY_QUICKSTI/Payment_Information_Page/TELEPHONE"), telephone, "Telephone", [pageLoadTime]): Quicksti_Visa.ts:Entered'9988776655 into Telephone

2020-11-02 13:02:53 - [MESSAGE][PASSED] - Object 'Object Repository/CERTPAY_QUICKSTI/Payment_Information_Page/TELEPHONE' is present

2020-11-02 13:02:54 - [MESSAGE][PASSED] - Object 'Object Repository/CERTPAY_QUICKSTI/Payment_Information_Page/TELEPHONE' is visible

2020-11-02 13:02:54 - [MESSAGE][PASSED] - Object 'Object Repository/CERTPAY_QUICKSTI/Payment_Information_Page/TELEPHONE' is present

2020-11-02 13:02:55 - [MESSAGE][PASSED] - Text '9988776655' is set on object 'Object Repository/CERTPAY_QUICKSTI/Payment_Information_Page/TELEPHONE'

2020-11-02 13:02:55 - [MESSAGE][PASSED] - Quicksti_Visa.ts:Entered'9988776655 into Telephone

2020-11-02 13:02:55 - [TEST_STEP][PASSED] - utilities.SafeActions.safeType(findTestObject("CERTPAY_QUICKSTI/Payment_Information_Page/EMAIL_ADDRESS"), emailAddress, "EMAIL address", [pageLoadTime]): Quicksti_Visa.ts:Entered'testing@zenq.com into EMAIL address

2020-11-02 13:02:56 - [MESSAGE][PASSED] - Object 'Object Repository/CERTPAY_QUICKSTI/Payment_Information_Page/EMAIL_ADDRESS' is present

2020-11-02 13:02:56 - [MESSAGE][PASSED] - Object 'Object Repository/CERTPAY_QUICKSTI/Payment_Information_Page/EMAIL_ADDRESS' is visible

2020-11-02 13:02:57 - [MESSAGE][PASSED] - Object 'Object Repository/CERTPAY_QUICKSTI/Payment_Information_Page/EMAIL_ADDRESS' is present

2020-11-02 13:02:58 - [MESSAGE][PASSED] - Text 'testing@zenq.com' is set on object 'Object Repository/CERTPAY_QUICKSTI/Payment_Information_Page/EMAIL_ADDRESS'

2020-11-02 13:02:58 - [MESSAGE][PASSED] - Quicksti_Visa.ts:Entered'testing@zenq.com into EMAIL address

2020-11-02 13:02:58 - [TEST_STEP][PASSED] - utilities.SafeActions.safeClick(findTestObject("CERTPAY_QUICKSTI/Payment_Information_Page/NEXT_BUTTON"), "Next", [pageLoadTime]): Quicksti_Visa.ts:Clicked on the Next

2020-11-02 13:02:58 - [MESSAGE][INFO] - safeClicking

2020-11-02 13:02:58 - [MESSAGE][PASSED] - Object 'Object Repository/CERTPAY_QUICKSTI/Payment_Information_Page/NEXT_BUTTON' is present

2020-11-02 13:02:59 - [MESSAGE][PASSED] - Object 'Object Repository/CERTPAY_QUICKSTI/Payment_Information_Page/NEXT_BUTTON' is clickable

2020-11-02 13:03:02 - [MESSAGE][PASSED] - Object: 'Object Repository/CERTPAY_QUICKSTI/Payment_Information_Page/NEXT_BUTTON' is clicked on

2020-11-02 13:03:02 - [MESSAGE][PASSED] - Quicksti_Visa.ts:Clicked on the Next

2020-11-02 13:03:02 - [TEST_STEP][PASSED] - pages.Quicksti.verifyUserPaymentDetails(paymentAmount, firstName, lastName, CardNumber): pages.Quicksti.verifyUserPaymentDetails is PASSED

2020-11-02 13:03:03 - [MESSAGE][PASSED] - Text of object 'Object Repository/CERTPAY_QUICKSTI/Payment_Details_Verification_Page/AMOUNT' is: '$20.00'

2020-11-02 13:03:03 - [MESSAGE][PASSED] - Actual text '20.00' and expected text '20.00' are matched  using regular expression

2020-11-02 13:03:03 - [MESSAGE][PASSED] - Text of object 'Object Repository/CERTPAY_QUICKSTI/Payment_Details_Verification_Page/NAME' is: 'Tester Zenq1'

2020-11-02 13:03:03 - [MESSAGE][PASSED] - Actual text 'Tester Zenq1' and expected text 'Tester Zenq1' are matched  using regular expression

2020-11-02 13:03:04 - [MESSAGE][PASSED] - Text of object 'Object Repository/CERTPAY_QUICKSTI/Payment_Details_Verification_Page/CARD_NUMBER' is: '...5021'

2020-11-02 13:03:04 - [MESSAGE][PASSED] - Actual text '5021' and expected text '5021' are matched  using regular expression

2020-11-02 13:03:04 - [MESSAGE][PASSED] - pages.Quicksti.verifyUserPaymentDetails is PASSED

2020-11-02 13:03:04 - [TEST_STEP][PASSED] - delay(2): Delayed 2 second(s)

2020-11-02 13:03:06 - [MESSAGE][PASSED] - Delayed 2 second(s)

2020-11-02 13:03:06 - [TEST_STEP][PASSED] - ConvFee = getText(findTestObject("CERTPAY_QUICKSTI/Payment_Information_Page/CONV_FEE")): Text of object 'Object Repository/CERTPAY_QUICKSTI/Payment_Information_Page/CONV_FEE' is: '$0.43'

2020-11-02 13:03:06 - [MESSAGE][PASSED] - Text of object 'Object Repository/CERTPAY_QUICKSTI/Payment_Information_Page/CONV_FEE' is: '$0.43'

2020-11-02 13:03:06 - [TEST_STEP][PASSED] - scrollToElement(findTestObject("CERTPAY_QUICKSTI/Payment_Details_Verification_Page/PROCESS"), 0): Scroll to object 'Object Repository/CERTPAY_QUICKSTI/Payment_Details_Verification_Page/PROCESS' successfully

2020-11-02 13:03:06 - [MESSAGE][WARNING] - Timeout '0' is invalid. Using default page load timeout: '30'

2020-11-02 13:03:06 - [MESSAGE][PASSED] - Scroll to object 'Object Repository/CERTPAY_QUICKSTI/Payment_Details_Verification_Page/PROCESS' successfully

2020-11-02 13:03:06 - [TEST_STEP][PASSED] - utilities.SafeActions.safeClick(findTestObject("CERTPAY_QUICKSTI/Payment_Details_Verification_Page/PROCESS"), "Process", [pageLoadTime]): Quicksti_Visa.ts:Clicked on the Process

2020-11-02 13:03:06 - [MESSAGE][INFO] - safeClicking

2020-11-02 13:03:07 - [MESSAGE][PASSED] - Object 'Object Repository/CERTPAY_QUICKSTI/Payment_Details_Verification_Page/PROCESS' is present

2020-11-02 13:03:07 - [MESSAGE][PASSED] - Object 'Object Repository/CERTPAY_QUICKSTI/Payment_Details_Verification_Page/PROCESS' is clickable

2020-11-02 13:03:16 - [MESSAGE][PASSED] - Object: 'Object Repository/CERTPAY_QUICKSTI/Payment_Details_Verification_Page/PROCESS' is clicked on

2020-11-02 13:03:16 - [MESSAGE][PASSED] - Quicksti_Visa.ts:Clicked on the Process

2020-11-02 13:03:16 - [TEST_STEP][PASSED] - paymentId = pages.Quicksti.verifyPaymentApproval(findTestObject("CERTPAY_QUICKSTI/Payment_Details_Verification_Page/APPROVED")): Payment is approved

2020-11-02 13:03:17 - [MESSAGE][PASSED] - Text of object 'Object Repository/CERTPAY_QUICKSTI/Payment_Details_Verification_Page/PAYMENT_ID' is: '100176132848'

2020-11-02 13:03:17 - [MESSAGE][PASSED] - Object 'Object Repository/CERTPAY_QUICKSTI/Payment_Details_Verification_Page/APPROVED' is present

2020-11-02 13:03:17 - [MESSAGE][PASSED] - Payment is approved

2020-11-02 13:03:19 - [TEST_STEP][PASSED] - navigateToUrl(Admin_url): Navigate to 'https://qa-certpayadmin.faps.net' successfully

2020-11-02 13:03:35 - [MESSAGE][PASSED] - Navigate to 'https://qa-certpayadmin.faps.net' successfully

2020-11-02 13:03:35 - [TEST_STEP][PASSED] - pages.Bureau_Login_Page.loginToAdminSite(AdminUsername, AdminPassword): Quicksti_Visa.ts:Clicked on the LOGIN

2020-11-02 13:03:35 - [MESSAGE][PASSED] - Object 'Object Repository/CERTPAY_ADMIN/USER_NAME' is present

2020-11-02 13:03:36 - [MESSAGE][PASSED] - Object 'Object Repository/CERTPAY_ADMIN/USER_NAME' is visible

2020-11-02 13:03:36 - [MESSAGE][PASSED] - Object 'Object Repository/CERTPAY_ADMIN/USER_NAME' is present

2020-11-02 13:03:37 - [MESSAGE][PASSED] - Text 'VVangiliappan' is set on object 'Object Repository/CERTPAY_ADMIN/USER_NAME'

2020-11-02 13:03:37 - [MESSAGE][PASSED] - Quicksti_Visa.ts:Entered'VVangiliappan into username

2020-11-02 13:03:37 - [MESSAGE][PASSED] - Object 'Object Repository/CERTPAY_ADMIN/PASSWORD' is present

2020-11-02 13:03:38 - [MESSAGE][PASSED] - Object 'Object Repository/CERTPAY_ADMIN/PASSWORD' is visible

2020-11-02 13:03:38 - [MESSAGE][PASSED] - Object 'Object Repository/CERTPAY_ADMIN/PASSWORD' is present

2020-11-02 13:03:39 - [MESSAGE][PASSED] - Text 'Test@123' is set on object 'Object Repository/CERTPAY_ADMIN/PASSWORD'

2020-11-02 13:03:39 - [MESSAGE][PASSED] - Quicksti_Visa.ts:Entered'Test@123 into password

2020-11-02 13:03:39 - [MESSAGE][INFO] - safeClicking

2020-11-02 13:03:39 - [MESSAGE][PASSED] - Object 'Object Repository/CERTPAY_ADMIN/LOGIN_BUTTON' is present

2020-11-02 13:03:40 - [MESSAGE][PASSED] - Object 'Object Repository/CERTPAY_ADMIN/LOGIN_BUTTON' is clickable

2020-11-02 13:04:02 - [MESSAGE][PASSED] - Object: 'Object Repository/CERTPAY_ADMIN/LOGIN_BUTTON' is clicked on

2020-11-02 13:04:02 - [MESSAGE][PASSED] - Quicksti_Visa.ts:Clicked on the LOGIN

2020-11-02 13:04:02 - [TEST_STEP][PASSED] - utilities.SafeActions.safeClick(findTestObject("CERTPAY_ADMIN/TRANSACTION_MENU"), "TransactionMenu", [pageLoadTime]): Quicksti_Visa.ts:Clicked on the TransactionMenu

2020-11-02 13:04:02 - [MESSAGE][INFO] - safeClicking

2020-11-02 13:04:02 - [MESSAGE][PASSED] - Object 'Object Repository/CERTPAY_ADMIN/TRANSACTION_MENU' is present

2020-11-02 13:04:02 - [MESSAGE][PASSED] - Object 'Object Repository/CERTPAY_ADMIN/TRANSACTION_MENU' is clickable

2020-11-02 13:04:03 - [MESSAGE][PASSED] - Object: 'Object Repository/CERTPAY_ADMIN/TRANSACTION_MENU' is clicked on

2020-11-02 13:04:03 - [MESSAGE][PASSED] - Quicksti_Visa.ts:Clicked on the TransactionMenu

2020-11-02 13:04:03 - [TEST_STEP][PASSED] - utilities.SafeActions.safeClick(findTestObject("CERTPAY_ADMIN/TRANSACTION_SEARCH"), "TransactionSearch", [pageLoadTime]): Quicksti_Visa.ts:Clicked on the TransactionSearch

2020-11-02 13:04:04 - [MESSAGE][INFO] - safeClicking

2020-11-02 13:04:04 - [MESSAGE][PASSED] - Object 'Object Repository/CERTPAY_ADMIN/TRANSACTION_SEARCH' is present

2020-11-02 13:04:04 - [MESSAGE][PASSED] - Object 'Object Repository/CERTPAY_ADMIN/TRANSACTION_SEARCH' is clickable

2020-11-02 13:04:20 - [MESSAGE][PASSED] - Object: 'Object Repository/CERTPAY_ADMIN/TRANSACTION_SEARCH' is clicked on

2020-11-02 13:04:20 - [MESSAGE][PASSED] - Quicksti_Visa.ts:Clicked on the TransactionSearch

2020-11-02 13:04:20 - [TEST_STEP][PASSED] - utilities.SafeActions.safeType(findTestObject("CERTPAY_ADMIN/PAYMENT_ID"), paymentId, "Payment id", [pageLoadTime]): Quicksti_Visa.ts:Entered'100176132848 into Payment id

2020-11-02 13:04:21 - [MESSAGE][PASSED] - Object 'Object Repository/CERTPAY_ADMIN/PAYMENT_ID' is present

2020-11-02 13:04:21 - [MESSAGE][PASSED] - Object 'Object Repository/CERTPAY_ADMIN/PAYMENT_ID' is visible

2020-11-02 13:04:21 - [MESSAGE][PASSED] - Object 'Object Repository/CERTPAY_ADMIN/PAYMENT_ID' is present

2020-11-02 13:04:23 - [MESSAGE][PASSED] - Text '100176132848' is set on object 'Object Repository/CERTPAY_ADMIN/PAYMENT_ID'

2020-11-02 13:04:23 - [MESSAGE][PASSED] - Quicksti_Visa.ts:Entered'100176132848 into Payment id

2020-11-02 13:04:23 - [TEST_STEP][PASSED] - utilities.SafeActions.safeClick(findTestObject("CERTPAY_ADMIN/GO_BUTTON"), "Go button", [pageLoadTime]): Quicksti_Visa.ts:Clicked on the Go button

2020-11-02 13:04:23 - [MESSAGE][INFO] - safeClicking

2020-11-02 13:04:23 - [MESSAGE][PASSED] - Object 'Object Repository/CERTPAY_ADMIN/GO_BUTTON' is present

2020-11-02 13:04:23 - [MESSAGE][PASSED] - Object 'Object Repository/CERTPAY_ADMIN/GO_BUTTON' is clickable

2020-11-02 13:04:34 - [MESSAGE][PASSED] - Object: 'Object Repository/CERTPAY_ADMIN/GO_BUTTON' is clicked on

2020-11-02 13:04:34 - [MESSAGE][PASSED] - Quicksti_Visa.ts:Clicked on the Go button

2020-11-02 13:04:34 - [TEST_STEP][PASSED] - delay(5): Delayed 5 second(s)

2020-11-02 13:04:39 - [MESSAGE][PASSED] - Delayed 5 second(s)

2020-11-02 13:04:39 - [TEST_STEP][PASSED] - scrollToPosition(800, 900): Browser is scrolled to position x = 800, y = 900

2020-11-02 13:04:39 - [MESSAGE][PASSED] - Browser is scrolled to position x = 800, y = 900

2020-11-02 13:04:39 - [TEST_STEP][PASSED] - pages.Search_Page.validatePaymentAmount(amount_Value, ConvFee): Verified payment details successfully 

2020-11-02 13:04:40 - [MESSAGE][PASSED] - Text of object 'Object Repository/CERTPAY_ADMIN/PAYMENT_AMOUNT' is: '$20.00'

2020-11-02 13:04:40 - [MESSAGE][PASSED] - Actual text '20.00' and expected text '20.00' are matched  using regular expression

2020-11-02 13:04:40 - [MESSAGE][PASSED] - Text of object 'Object Repository/CERTPAY_ADMIN/CONV_FEE' is: '$0.43'

2020-11-02 13:04:40 - [MESSAGE][PASSED] - Actual text '0.43' and expected text '0.43' are matched  using regular expression

2020-11-02 13:04:40 - [MESSAGE][PASSED] - Verified payment details successfully 

2020-11-02 13:04:40 - [TEST_STEP][PASSED] - paymentIdList.add(paymentId): null

2020-11-02 13:04:40 - [TEST_STEP][PASSED] - println(paymentIdList): null

2020-11-02 13:04:40 - [TEST_STEP][PASSED] - firstName = data.getValue("FirstName", index): null

2020-11-02 13:04:40 - [TEST_STEP][PASSED] - lastName = data.getValue("LastName", index): null

2020-11-02 13:04:40 - [TEST_STEP][PASSED] - expMonth = data.getValue("ExpMonth", index): null

2020-11-02 13:04:40 - [TEST_STEP][PASSED] - expYear = data.getValue("ExpYear", index): null

2020-11-02 13:04:40 - [TEST_STEP][PASSED] - securityCode = data.getValue("SecurityCode", index): null

2020-11-02 13:04:40 - [TEST_STEP][PASSED] - paymentAmount = data.getValue("PaymentAmount", index): null

2020-11-02 13:04:40 - [TEST_STEP][PASSED] - paymentType = data.getValue("PaymentType", index): null

2020-11-02 13:04:40 - [TEST_STEP][PASSED] - quantity = data.getValue("Quantity", index): null

2020-11-02 13:04:40 - [TEST_STEP][PASSED] - comments = data.getValue("Comments", index): null

2020-11-02 13:04:40 - [TEST_STEP][PASSED] - referenceNum = data.getValue("ReferenceNum", index): null

2020-11-02 13:04:40 - [TEST_STEP][PASSED] - address = data.getValue("Address", index): null

2020-11-02 13:04:40 - [TEST_STEP][PASSED] - zipCode = data.getValue("Zipcode", index): null

2020-11-02 13:04:40 - [TEST_STEP][PASSED] - telephone = data.getValue("Telephone", index): null

2020-11-02 13:04:40 - [TEST_STEP][PASSED] - emailAddress = data.getValue("EmailAddress", index): null

2020-11-02 13:04:40 - [TEST_STEP][PASSED] - cardNum = data.getValue("CardNumber", index): null

2020-11-02 13:04:40 - [TEST_STEP][PASSED] - cardType = data.getValue("CardType", index): null

2020-11-02 13:04:40 - [TEST_STEP][PASSED] - utilities.SafeActions.openBrowser(Quicksti_Url, [pageLoadTime]): Browser launched successfully

2020-11-02 13:04:40 - [MESSAGE][INFO] - Opening Browser

2020-11-02 13:04:40 - [MESSAGE][WARNING] - A browser is already opened. Closing browser and opening a new one

2020-11-02 13:04:41 - [MESSAGE][INFO] - Starting 'Chrome' driver

2020-11-02 13:04:55 - [MESSAGE][PASSED] - Browser is opened with url: 'https://qa-certpayquicksti.faps.net/'

2020-11-02 13:04:56 - [MESSAGE][PASSED] - Current window maximized

2020-11-02 13:04:56 - [MESSAGE][PASSED] - Browser launched successfully

2020-11-02 13:04:56 - [TEST_STEP][PASSED] - utilities.SafeActions.safeType(findTestObject("CERTPAY_QUICKSTI/Login_ Page/BUREAU_CODE"), bureau_code, "Bureau code", [pageLoadTime]): Quicksti_Visa.ts:Entered'6100000 into Bureau code

2020-11-02 13:04:57 - [MESSAGE][PASSED] - Object 'Object Repository/CERTPAY_QUICKSTI/Login_ Page/BUREAU_CODE' is present

2020-11-02 13:04:57 - [MESSAGE][PASSED] - Object 'Object Repository/CERTPAY_QUICKSTI/Login_ Page/BUREAU_CODE' is visible

2020-11-02 13:04:57 - [MESSAGE][PASSED] - Object 'Object Repository/CERTPAY_QUICKSTI/Login_ Page/BUREAU_CODE' is present

2020-11-02 13:04:58 - [MESSAGE][PASSED] - Text '6100000' is set on object 'Object Repository/CERTPAY_QUICKSTI/Login_ Page/BUREAU_CODE'

2020-11-02 13:04:58 - [MESSAGE][PASSED] - Quicksti_Visa.ts:Entered'6100000 into Bureau code

2020-11-02 13:04:58 - [TEST_STEP][PASSED] - utilities.SafeActions.safeType(findTestObject("CERTPAY_QUICKSTI/Login_ Page/TELLER_ID"), teller_id, "Bureau code", [pageLoadTime]): Quicksti_Visa.ts:Entered'zenq into Bureau code

2020-11-02 13:04:59 - [MESSAGE][PASSED] - Object 'Object Repository/CERTPAY_QUICKSTI/Login_ Page/TELLER_ID' is present

2020-11-02 13:04:59 - [MESSAGE][PASSED] - Object 'Object Repository/CERTPAY_QUICKSTI/Login_ Page/TELLER_ID' is visible

2020-11-02 13:04:59 - [MESSAGE][PASSED] - Object 'Object Repository/CERTPAY_QUICKSTI/Login_ Page/TELLER_ID' is present

2020-11-02 13:05:00 - [MESSAGE][PASSED] - Text 'zenq' is set on object 'Object Repository/CERTPAY_QUICKSTI/Login_ Page/TELLER_ID'

2020-11-02 13:05:00 - [MESSAGE][PASSED] - Quicksti_Visa.ts:Entered'zenq into Bureau code

2020-11-02 13:05:00 - [TEST_STEP][PASSED] - utilities.SafeActions.safeClick(findTestObject("CERTPAY_QUICKSTI/Login_ Page/NEXT_BUTTON"), "Next button", [pageLoadTime]): Quicksti_Visa.ts:Clicked on the Next button

2020-11-02 13:05:00 - [MESSAGE][INFO] - safeClicking

2020-11-02 13:05:01 - [MESSAGE][PASSED] - Object 'Object Repository/CERTPAY_QUICKSTI/Login_ Page/NEXT_BUTTON' is present

2020-11-02 13:05:01 - [MESSAGE][PASSED] - Object 'Object Repository/CERTPAY_QUICKSTI/Login_ Page/NEXT_BUTTON' is clickable

2020-11-02 13:05:06 - [MESSAGE][PASSED] - Object: 'Object Repository/CERTPAY_QUICKSTI/Login_ Page/NEXT_BUTTON' is clicked on

2020-11-02 13:05:06 - [MESSAGE][PASSED] - Quicksti_Visa.ts:Clicked on the Next button

2020-11-02 13:05:06 - [TEST_STEP][PASSED] - utilities.SafeActions.safeClick(findTestObject("CERTPAY_QUICKSTI/Payment_Information_Page/MANUAL_ENTRY_BUTTON"), "ManualEntry", [pageLoadTime]): Quicksti_Visa.ts:Clicked on the ManualEntry

2020-11-02 13:05:06 - [MESSAGE][INFO] - safeClicking

2020-11-02 13:05:06 - [MESSAGE][PASSED] - Object 'Object Repository/CERTPAY_QUICKSTI/Payment_Information_Page/MANUAL_ENTRY_BUTTON' is present

2020-11-02 13:05:07 - [MESSAGE][PASSED] - Object 'Object Repository/CERTPAY_QUICKSTI/Payment_Information_Page/MANUAL_ENTRY_BUTTON' is clickable

2020-11-02 13:05:11 - [MESSAGE][PASSED] - Object: 'Object Repository/CERTPAY_QUICKSTI/Payment_Information_Page/MANUAL_ENTRY_BUTTON' is clicked on

2020-11-02 13:05:11 - [MESSAGE][PASSED] - Quicksti_Visa.ts:Clicked on the ManualEntry

2020-11-02 13:05:11 - [TEST_STEP][PASSED] - CardNumber = pages.Quicksti.setUserPaymentDetails(firstName, lastName, cardNum): Quicksti_Visa.ts:Entered'4024007172653601 into CardNum

2020-11-02 13:05:11 - [MESSAGE][PASSED] - Object 'Object Repository/CERTPAY_QUICKSTI/Payment_Information_Page/FIRST_NAME' is present

2020-11-02 13:05:11 - [MESSAGE][PASSED] - Object 'Object Repository/CERTPAY_QUICKSTI/Payment_Information_Page/FIRST_NAME' is visible

2020-11-02 13:05:12 - [MESSAGE][PASSED] - Object 'Object Repository/CERTPAY_QUICKSTI/Payment_Information_Page/FIRST_NAME' is present

2020-11-02 13:05:13 - [MESSAGE][PASSED] - Text 'Tester' is set on object 'Object Repository/CERTPAY_QUICKSTI/Payment_Information_Page/FIRST_NAME'

2020-11-02 13:05:13 - [MESSAGE][PASSED] - Quicksti_Visa.ts:Entered'Tester into FirstName

2020-11-02 13:05:13 - [MESSAGE][PASSED] - Object 'Object Repository/CERTPAY_QUICKSTI/Payment_Information_Page/LAST_NAME' is present

2020-11-02 13:05:14 - [MESSAGE][PASSED] - Object 'Object Repository/CERTPAY_QUICKSTI/Payment_Information_Page/LAST_NAME' is visible

2020-11-02 13:05:14 - [MESSAGE][PASSED] - Object 'Object Repository/CERTPAY_QUICKSTI/Payment_Information_Page/LAST_NAME' is present

2020-11-02 13:05:15 - [MESSAGE][PASSED] - Text 'Zenq1' is set on object 'Object Repository/CERTPAY_QUICKSTI/Payment_Information_Page/LAST_NAME'

2020-11-02 13:05:15 - [MESSAGE][PASSED] - Quicksti_Visa.ts:Entered'Zenq1 into LAstName

2020-11-02 13:05:15 - [MESSAGE][PASSED] - Object 'Object Repository/CERTPAY_QUICKSTI/Payment_Information_Page/CARD_NUMBER' is present

2020-11-02 13:05:16 - [MESSAGE][PASSED] - Object 'Object Repository/CERTPAY_QUICKSTI/Payment_Information_Page/CARD_NUMBER' is visible

2020-11-02 13:05:16 - [MESSAGE][PASSED] - Object 'Object Repository/CERTPAY_QUICKSTI/Payment_Information_Page/CARD_NUMBER' is present

2020-11-02 13:05:17 - [MESSAGE][PASSED] - Text '4024007172653601' is set on object 'Object Repository/CERTPAY_QUICKSTI/Payment_Information_Page/CARD_NUMBER'

2020-11-02 13:05:17 - [MESSAGE][PASSED] - Quicksti_Visa.ts:Entered'4024007172653601 into CardNum

2020-11-02 13:05:17 - [TEST_STEP][PASSED] - utilities.SafeActions.safeSelectOptionInDropdownByVisibleText(findTestObject("CERTPAY_QUICKSTI/Payment_Information_Page/PAYMENT_TYPE"), paymentType, "paymentType", [pageLoadTime]): selected dropdown option by visible text  Giftsfrom paymentType

2020-11-02 13:05:18 - [MESSAGE][PASSED] - Object 'Object Repository/CERTPAY_QUICKSTI/Payment_Information_Page/PAYMENT_TYPE' is visible

2020-11-02 13:05:18 - [MESSAGE][PASSED] - Object 'Object Repository/CERTPAY_QUICKSTI/Payment_Information_Page/PAYMENT_TYPE' is present

2020-11-02 13:05:19 - [MESSAGE][PASSED] - Object: 'Object Repository/CERTPAY_QUICKSTI/Payment_Information_Page/PAYMENT_TYPE' is clicked on

2020-11-02 13:05:20 - [MESSAGE][PASSED] - All options with label 'Gifts' are selected in object 'Object Repository/CERTPAY_QUICKSTI/Payment_Information_Page/PAYMENT_TYPE'  using regular expression

2020-11-02 13:05:20 - [MESSAGE][PASSED] - selected dropdown option by visible text  Giftsfrom paymentType

2020-11-02 13:05:20 - [TEST_STEP][PASSED] - pages.Quicksti.setExpDate(expMonth, expYear, securityCode): Quicksti_Visa.ts:Entered'207 into securityCode

2020-11-02 13:05:20 - [MESSAGE][PASSED] - Object 'Object Repository/CERTPAY_QUICKSTI/Payment_Information_Page/EXP_MONTH' is visible

2020-11-02 13:05:21 - [MESSAGE][PASSED] - Object 'Object Repository/CERTPAY_QUICKSTI/Payment_Information_Page/EXP_MONTH' is present

2020-11-02 13:05:22 - [MESSAGE][PASSED] - Object: 'Object Repository/CERTPAY_QUICKSTI/Payment_Information_Page/EXP_MONTH' is clicked on

2020-11-02 13:05:23 - [MESSAGE][PASSED] - All options with label '04' are selected in object 'Object Repository/CERTPAY_QUICKSTI/Payment_Information_Page/EXP_MONTH'  using regular expression

2020-11-02 13:05:23 - [MESSAGE][PASSED] - selected dropdown option by visible text  04from expMonth

2020-11-02 13:05:24 - [MESSAGE][PASSED] - Object 'Object Repository/CERTPAY_QUICKSTI/Payment_Information_Page/EXP_YEAR' is visible

2020-11-02 13:05:24 - [MESSAGE][PASSED] - Object 'Object Repository/CERTPAY_QUICKSTI/Payment_Information_Page/EXP_YEAR' is present

2020-11-02 13:05:25 - [MESSAGE][PASSED] - Object: 'Object Repository/CERTPAY_QUICKSTI/Payment_Information_Page/EXP_YEAR' is clicked on

2020-11-02 13:05:26 - [MESSAGE][PASSED] - All options with label '2023' are selected in object 'Object Repository/CERTPAY_QUICKSTI/Payment_Information_Page/EXP_YEAR'  using regular expression

2020-11-02 13:05:26 - [MESSAGE][PASSED] - selected dropdown option by visible text  2023from  expYear

2020-11-02 13:05:27 - [MESSAGE][PASSED] - Object 'Object Repository/CERTPAY_QUICKSTI/Payment_Information_Page/SECURITY_CODE' is present

2020-11-02 13:05:27 - [MESSAGE][PASSED] - Object 'Object Repository/CERTPAY_QUICKSTI/Payment_Information_Page/SECURITY_CODE' is visible

2020-11-02 13:05:27 - [MESSAGE][PASSED] - Object 'Object Repository/CERTPAY_QUICKSTI/Payment_Information_Page/SECURITY_CODE' is present

2020-11-02 13:05:29 - [MESSAGE][PASSED] - Text '207' is set on object 'Object Repository/CERTPAY_QUICKSTI/Payment_Information_Page/SECURITY_CODE'

2020-11-02 13:05:29 - [MESSAGE][PASSED] - Quicksti_Visa.ts:Entered'207 into securityCode

2020-11-02 13:05:29 - [TEST_STEP][PASSED] - pages.Quicksti.setPaymentAmountDetailsForSinglePayment(paymentAmount, quantity): Quicksti_Visa.ts:Entered'2 into Quantity

2020-11-02 13:05:29 - [MESSAGE][PASSED] - Object 'Object Repository/CERTPAY_QUICKSTI/Payment_Information_Page/PAYMENT_AMOUNT' is present

2020-11-02 13:05:29 - [MESSAGE][PASSED] - Object 'Object Repository/CERTPAY_QUICKSTI/Payment_Information_Page/PAYMENT_AMOUNT' is visible

2020-11-02 13:05:30 - [MESSAGE][PASSED] - Object 'Object Repository/CERTPAY_QUICKSTI/Payment_Information_Page/PAYMENT_AMOUNT' is present

2020-11-02 13:05:31 - [MESSAGE][PASSED] - Text '25.00' is set on object 'Object Repository/CERTPAY_QUICKSTI/Payment_Information_Page/PAYMENT_AMOUNT'

2020-11-02 13:05:31 - [MESSAGE][PASSED] - Quicksti_Visa.ts:Entered'25.00 into amount

2020-11-02 13:05:31 - [MESSAGE][PASSED] - Object 'Object Repository/CERTPAY_QUICKSTI/Payment_Information_Page/QUANTITY' is present

2020-11-02 13:05:32 - [MESSAGE][PASSED] - Object 'Object Repository/CERTPAY_QUICKSTI/Payment_Information_Page/QUANTITY' is visible

2020-11-02 13:05:32 - [MESSAGE][PASSED] - Object 'Object Repository/CERTPAY_QUICKSTI/Payment_Information_Page/QUANTITY' is present

2020-11-02 13:05:33 - [MESSAGE][PASSED] - Text '2' is set on object 'Object Repository/CERTPAY_QUICKSTI/Payment_Information_Page/QUANTITY'

2020-11-02 13:05:33 - [MESSAGE][PASSED] - Quicksti_Visa.ts:Entered'2 into Quantity

2020-11-02 13:05:33 - [TEST_STEP][PASSED] - utilities.SafeActions.safeType(findTestObject("CERTPAY_QUICKSTI/Payment_Information_Page/REFRENCE_NUMBER"), referenceNum, "Reference Number", [pageLoadTime]): Quicksti_Visa.ts:Entered'12 into Reference Number

2020-11-02 13:05:34 - [MESSAGE][PASSED] - Object 'Object Repository/CERTPAY_QUICKSTI/Payment_Information_Page/REFRENCE_NUMBER' is present

2020-11-02 13:05:34 - [MESSAGE][PASSED] - Object 'Object Repository/CERTPAY_QUICKSTI/Payment_Information_Page/REFRENCE_NUMBER' is visible

2020-11-02 13:05:34 - [MESSAGE][PASSED] - Object 'Object Repository/CERTPAY_QUICKSTI/Payment_Information_Page/REFRENCE_NUMBER' is present

2020-11-02 13:05:35 - [MESSAGE][PASSED] - Text '12' is set on object 'Object Repository/CERTPAY_QUICKSTI/Payment_Information_Page/REFRENCE_NUMBER'

2020-11-02 13:05:35 - [MESSAGE][PASSED] - Quicksti_Visa.ts:Entered'12 into Reference Number

2020-11-02 13:05:35 - [TEST_STEP][PASSED] - amount_Value = pages.Quicksti.getAttributeValue(findTestObject("CERTPAY_QUICKSTI/Payment_Information_Page/SUB_TOTAL")): pages.Quicksti.getAttributeValue is PASSED

2020-11-02 13:05:36 - [MESSAGE][PASSED] - Attribute 'value' of object 'Object Repository/CERTPAY_QUICKSTI/Payment_Information_Page/SUB_TOTAL' is: '50.00'

2020-11-02 13:05:36 - [MESSAGE][PASSED] - pages.Quicksti.getAttributeValue is PASSED

2020-11-02 13:05:36 - [TEST_STEP][PASSED] - utilities.SafeActions.safeType(findTestObject("CERTPAY_QUICKSTI/Payment_Information_Page/COMMENTS"), "Testing", "Comments", [pageLoadTime]): Quicksti_Visa.ts:Entered'Testing into Comments

2020-11-02 13:05:36 - [MESSAGE][PASSED] - Object 'Object Repository/CERTPAY_QUICKSTI/Payment_Information_Page/COMMENTS' is present

2020-11-02 13:05:37 - [MESSAGE][PASSED] - Object 'Object Repository/CERTPAY_QUICKSTI/Payment_Information_Page/COMMENTS' is visible

2020-11-02 13:05:37 - [MESSAGE][PASSED] - Object 'Object Repository/CERTPAY_QUICKSTI/Payment_Information_Page/COMMENTS' is present

2020-11-02 13:05:38 - [MESSAGE][PASSED] - Text 'Testing' is set on object 'Object Repository/CERTPAY_QUICKSTI/Payment_Information_Page/COMMENTS'

2020-11-02 13:05:38 - [MESSAGE][PASSED] - Quicksti_Visa.ts:Entered'Testing into Comments

2020-11-02 13:05:38 - [TEST_STEP][PASSED] - utilities.SafeActions.safeType(findTestObject("CERTPAY_QUICKSTI/Payment_Information_Page/ADDRESS"), address, "Address", [pageLoadTime]): Quicksti_Visa.ts:Entered'14-2 into Address

2020-11-02 13:05:38 - [MESSAGE][PASSED] - Object 'Object Repository/CERTPAY_QUICKSTI/Payment_Information_Page/ADDRESS' is present

2020-11-02 13:05:39 - [MESSAGE][PASSED] - Object 'Object Repository/CERTPAY_QUICKSTI/Payment_Information_Page/ADDRESS' is visible

2020-11-02 13:05:39 - [MESSAGE][PASSED] - Object 'Object Repository/CERTPAY_QUICKSTI/Payment_Information_Page/ADDRESS' is present

2020-11-02 13:05:40 - [MESSAGE][PASSED] - Text '14-2' is set on object 'Object Repository/CERTPAY_QUICKSTI/Payment_Information_Page/ADDRESS'

2020-11-02 13:05:40 - [MESSAGE][PASSED] - Quicksti_Visa.ts:Entered'14-2 into Address

2020-11-02 13:05:40 - [TEST_STEP][PASSED] - utilities.SafeActions.safeType(findTestObject("CERTPAY_QUICKSTI/Payment_Information_Page/ZIP_CODE"), zipCode, "zipcode", [pageLoadTime]): Quicksti_Visa.ts:Entered'76102 into zipcode

2020-11-02 13:05:40 - [MESSAGE][PASSED] - Object 'Object Repository/CERTPAY_QUICKSTI/Payment_Information_Page/ZIP_CODE' is present

2020-11-02 13:05:41 - [MESSAGE][PASSED] - Object 'Object Repository/CERTPAY_QUICKSTI/Payment_Information_Page/ZIP_CODE' is visible

2020-11-02 13:05:41 - [MESSAGE][PASSED] - Object 'Object Repository/CERTPAY_QUICKSTI/Payment_Information_Page/ZIP_CODE' is present

2020-11-02 13:05:42 - [MESSAGE][PASSED] - Text '76102' is set on object 'Object Repository/CERTPAY_QUICKSTI/Payment_Information_Page/ZIP_CODE'

2020-11-02 13:05:42 - [MESSAGE][PASSED] - Quicksti_Visa.ts:Entered'76102 into zipcode

2020-11-02 13:05:42 - [TEST_STEP][PASSED] - utilities.SafeActions.safeType(findTestObject("CERTPAY_QUICKSTI/Payment_Information_Page/TELEPHONE"), telephone, "Telephone", [pageLoadTime]): Quicksti_Visa.ts:Entered'9989897654 into Telephone

2020-11-02 13:05:43 - [MESSAGE][PASSED] - Object 'Object Repository/CERTPAY_QUICKSTI/Payment_Information_Page/TELEPHONE' is present

2020-11-02 13:05:43 - [MESSAGE][PASSED] - Object 'Object Repository/CERTPAY_QUICKSTI/Payment_Information_Page/TELEPHONE' is visible

2020-11-02 13:05:43 - [MESSAGE][PASSED] - Object 'Object Repository/CERTPAY_QUICKSTI/Payment_Information_Page/TELEPHONE' is present

2020-11-02 13:05:44 - [MESSAGE][PASSED] - Text '9989897654' is set on object 'Object Repository/CERTPAY_QUICKSTI/Payment_Information_Page/TELEPHONE'

2020-11-02 13:05:44 - [MESSAGE][PASSED] - Quicksti_Visa.ts:Entered'9989897654 into Telephone

2020-11-02 13:05:44 - [TEST_STEP][PASSED] - utilities.SafeActions.safeType(findTestObject("CERTPAY_QUICKSTI/Payment_Information_Page/EMAIL_ADDRESS"), emailAddress, "EMAIL address", [pageLoadTime]): Quicksti_Visa.ts:Entered'testing@zenq.com into EMAIL address

2020-11-02 13:05:45 - [MESSAGE][PASSED] - Object 'Object Repository/CERTPAY_QUICKSTI/Payment_Information_Page/EMAIL_ADDRESS' is present

2020-11-02 13:05:45 - [MESSAGE][PASSED] - Object 'Object Repository/CERTPAY_QUICKSTI/Payment_Information_Page/EMAIL_ADDRESS' is visible

2020-11-02 13:05:45 - [MESSAGE][PASSED] - Object 'Object Repository/CERTPAY_QUICKSTI/Payment_Information_Page/EMAIL_ADDRESS' is present

2020-11-02 13:05:47 - [MESSAGE][PASSED] - Text 'testing@zenq.com' is set on object 'Object Repository/CERTPAY_QUICKSTI/Payment_Information_Page/EMAIL_ADDRESS'

2020-11-02 13:05:47 - [MESSAGE][PASSED] - Quicksti_Visa.ts:Entered'testing@zenq.com into EMAIL address

2020-11-02 13:05:47 - [TEST_STEP][PASSED] - utilities.SafeActions.safeClick(findTestObject("CERTPAY_QUICKSTI/Payment_Information_Page/NEXT_BUTTON"), "Next", [pageLoadTime]): Quicksti_Visa.ts:Clicked on the Next

2020-11-02 13:05:47 - [MESSAGE][INFO] - safeClicking

2020-11-02 13:05:47 - [MESSAGE][PASSED] - Object 'Object Repository/CERTPAY_QUICKSTI/Payment_Information_Page/NEXT_BUTTON' is present

2020-11-02 13:05:47 - [MESSAGE][PASSED] - Object 'Object Repository/CERTPAY_QUICKSTI/Payment_Information_Page/NEXT_BUTTON' is clickable

2020-11-02 13:05:51 - [MESSAGE][PASSED] - Object: 'Object Repository/CERTPAY_QUICKSTI/Payment_Information_Page/NEXT_BUTTON' is clicked on

2020-11-02 13:05:51 - [MESSAGE][PASSED] - Quicksti_Visa.ts:Clicked on the Next

2020-11-02 13:05:51 - [TEST_STEP][PASSED] - pages.Quicksti.verifyUserPaymentDetails(paymentAmount, firstName, lastName, CardNumber): pages.Quicksti.verifyUserPaymentDetails is PASSED

2020-11-02 13:05:51 - [MESSAGE][PASSED] - Text of object 'Object Repository/CERTPAY_QUICKSTI/Payment_Details_Verification_Page/AMOUNT' is: '$25.00'

2020-11-02 13:05:51 - [MESSAGE][PASSED] - Actual text '25.00' and expected text '25.00' are matched  using regular expression

2020-11-02 13:05:52 - [MESSAGE][PASSED] - Text of object 'Object Repository/CERTPAY_QUICKSTI/Payment_Details_Verification_Page/NAME' is: 'Tester Zenq1'

2020-11-02 13:05:52 - [MESSAGE][PASSED] - Actual text 'Tester Zenq1' and expected text 'Tester Zenq1' are matched  using regular expression

2020-11-02 13:05:52 - [MESSAGE][PASSED] - Text of object 'Object Repository/CERTPAY_QUICKSTI/Payment_Details_Verification_Page/CARD_NUMBER' is: '...3601'

2020-11-02 13:05:52 - [MESSAGE][PASSED] - Actual text '3601' and expected text '3601' are matched  using regular expression

2020-11-02 13:05:52 - [MESSAGE][PASSED] - pages.Quicksti.verifyUserPaymentDetails is PASSED

2020-11-02 13:05:52 - [TEST_STEP][PASSED] - delay(2): Delayed 2 second(s)

2020-11-02 13:05:54 - [MESSAGE][PASSED] - Delayed 2 second(s)

2020-11-02 13:05:54 - [TEST_STEP][PASSED] - ConvFee = getText(findTestObject("CERTPAY_QUICKSTI/Payment_Information_Page/CONV_FEE")): Text of object 'Object Repository/CERTPAY_QUICKSTI/Payment_Information_Page/CONV_FEE' is: '$1.25'

2020-11-02 13:05:54 - [MESSAGE][PASSED] - Text of object 'Object Repository/CERTPAY_QUICKSTI/Payment_Information_Page/CONV_FEE' is: '$1.25'

2020-11-02 13:05:54 - [TEST_STEP][PASSED] - scrollToElement(findTestObject("CERTPAY_QUICKSTI/Payment_Details_Verification_Page/PROCESS"), 0): Scroll to object 'Object Repository/CERTPAY_QUICKSTI/Payment_Details_Verification_Page/PROCESS' successfully

2020-11-02 13:05:55 - [MESSAGE][WARNING] - Timeout '0' is invalid. Using default page load timeout: '30'

2020-11-02 13:05:55 - [MESSAGE][PASSED] - Scroll to object 'Object Repository/CERTPAY_QUICKSTI/Payment_Details_Verification_Page/PROCESS' successfully

2020-11-02 13:05:55 - [TEST_STEP][PASSED] - utilities.SafeActions.safeClick(findTestObject("CERTPAY_QUICKSTI/Payment_Details_Verification_Page/PROCESS"), "Process", [pageLoadTime]): Quicksti_Visa.ts:Clicked on the Process

2020-11-02 13:05:55 - [MESSAGE][INFO] - safeClicking

2020-11-02 13:05:55 - [MESSAGE][PASSED] - Object 'Object Repository/CERTPAY_QUICKSTI/Payment_Details_Verification_Page/PROCESS' is present

2020-11-02 13:05:55 - [MESSAGE][PASSED] - Object 'Object Repository/CERTPAY_QUICKSTI/Payment_Details_Verification_Page/PROCESS' is clickable

2020-11-02 13:06:04 - [MESSAGE][PASSED] - Object: 'Object Repository/CERTPAY_QUICKSTI/Payment_Details_Verification_Page/PROCESS' is clicked on

2020-11-02 13:06:04 - [MESSAGE][PASSED] - Quicksti_Visa.ts:Clicked on the Process

2020-11-02 13:06:04 - [TEST_STEP][PASSED] - paymentId = pages.Quicksti.verifyPaymentApproval(findTestObject("CERTPAY_QUICKSTI/Payment_Details_Verification_Page/APPROVED")): Payment is approved

2020-11-02 13:06:06 - [MESSAGE][PASSED] - Text of object 'Object Repository/CERTPAY_QUICKSTI/Payment_Details_Verification_Page/PAYMENT_ID' is: '100176132852'

2020-11-02 13:06:06 - [MESSAGE][PASSED] - Object 'Object Repository/CERTPAY_QUICKSTI/Payment_Details_Verification_Page/APPROVED' is present

2020-11-02 13:06:06 - [MESSAGE][PASSED] - Payment is approved

2020-11-02 13:06:08 - [TEST_STEP][PASSED] - navigateToUrl(Admin_url): Navigate to 'https://qa-certpayadmin.faps.net' successfully

2020-11-02 13:06:27 - [MESSAGE][PASSED] - Navigate to 'https://qa-certpayadmin.faps.net' successfully

2020-11-02 13:06:27 - [TEST_STEP][PASSED] - pages.Bureau_Login_Page.loginToAdminSite(AdminUsername, AdminPassword): Quicksti_Visa.ts:Clicked on the LOGIN

2020-11-02 13:06:28 - [MESSAGE][PASSED] - Object 'Object Repository/CERTPAY_ADMIN/USER_NAME' is present

2020-11-02 13:06:28 - [MESSAGE][PASSED] - Object 'Object Repository/CERTPAY_ADMIN/USER_NAME' is visible

2020-11-02 13:06:28 - [MESSAGE][PASSED] - Object 'Object Repository/CERTPAY_ADMIN/USER_NAME' is present

2020-11-02 13:06:29 - [MESSAGE][PASSED] - Text 'VVangiliappan' is set on object 'Object Repository/CERTPAY_ADMIN/USER_NAME'

2020-11-02 13:06:29 - [MESSAGE][PASSED] - Quicksti_Visa.ts:Entered'VVangiliappan into username

2020-11-02 13:06:30 - [MESSAGE][PASSED] - Object 'Object Repository/CERTPAY_ADMIN/PASSWORD' is present

2020-11-02 13:06:30 - [MESSAGE][PASSED] - Object 'Object Repository/CERTPAY_ADMIN/PASSWORD' is visible

2020-11-02 13:06:30 - [MESSAGE][PASSED] - Object 'Object Repository/CERTPAY_ADMIN/PASSWORD' is present

2020-11-02 13:06:31 - [MESSAGE][PASSED] - Text 'Test@123' is set on object 'Object Repository/CERTPAY_ADMIN/PASSWORD'

2020-11-02 13:06:31 - [MESSAGE][PASSED] - Quicksti_Visa.ts:Entered'Test@123 into password

2020-11-02 13:06:32 - [MESSAGE][INFO] - safeClicking

2020-11-02 13:06:32 - [MESSAGE][PASSED] - Object 'Object Repository/CERTPAY_ADMIN/LOGIN_BUTTON' is present

2020-11-02 13:06:32 - [MESSAGE][PASSED] - Object 'Object Repository/CERTPAY_ADMIN/LOGIN_BUTTON' is clickable

2020-11-02 13:06:52 - [MESSAGE][PASSED] - Object: 'Object Repository/CERTPAY_ADMIN/LOGIN_BUTTON' is clicked on

2020-11-02 13:06:52 - [MESSAGE][PASSED] - Quicksti_Visa.ts:Clicked on the LOGIN

2020-11-02 13:06:52 - [TEST_STEP][PASSED] - utilities.SafeActions.safeClick(findTestObject("CERTPAY_ADMIN/TRANSACTION_MENU"), "TransactionMenu", [pageLoadTime]): Quicksti_Visa.ts:Clicked on the TransactionMenu

2020-11-02 13:06:52 - [MESSAGE][INFO] - safeClicking

2020-11-02 13:06:52 - [MESSAGE][PASSED] - Object 'Object Repository/CERTPAY_ADMIN/TRANSACTION_MENU' is present

2020-11-02 13:06:53 - [MESSAGE][PASSED] - Object 'Object Repository/CERTPAY_ADMIN/TRANSACTION_MENU' is clickable

2020-11-02 13:06:54 - [MESSAGE][PASSED] - Object: 'Object Repository/CERTPAY_ADMIN/TRANSACTION_MENU' is clicked on

2020-11-02 13:06:54 - [MESSAGE][PASSED] - Quicksti_Visa.ts:Clicked on the TransactionMenu

2020-11-02 13:06:54 - [TEST_STEP][PASSED] - utilities.SafeActions.safeClick(findTestObject("CERTPAY_ADMIN/TRANSACTION_SEARCH"), "TransactionSearch", [pageLoadTime]): Quicksti_Visa.ts:Clicked on the TransactionSearch

2020-11-02 13:06:54 - [MESSAGE][INFO] - safeClicking

2020-11-02 13:06:54 - [MESSAGE][PASSED] - Object 'Object Repository/CERTPAY_ADMIN/TRANSACTION_SEARCH' is present

2020-11-02 13:06:55 - [MESSAGE][PASSED] - Object 'Object Repository/CERTPAY_ADMIN/TRANSACTION_SEARCH' is clickable

2020-11-02 13:07:03 - [MESSAGE][PASSED] - Object: 'Object Repository/CERTPAY_ADMIN/TRANSACTION_SEARCH' is clicked on

2020-11-02 13:07:03 - [MESSAGE][PASSED] - Quicksti_Visa.ts:Clicked on the TransactionSearch

2020-11-02 13:07:03 - [TEST_STEP][PASSED] - utilities.SafeActions.safeType(findTestObject("CERTPAY_ADMIN/PAYMENT_ID"), paymentId, "Payment id", [pageLoadTime]): Quicksti_Visa.ts:Entered'100176132852 into Payment id

2020-11-02 13:07:04 - [MESSAGE][PASSED] - Object 'Object Repository/CERTPAY_ADMIN/PAYMENT_ID' is present

2020-11-02 13:07:04 - [MESSAGE][PASSED] - Object 'Object Repository/CERTPAY_ADMIN/PAYMENT_ID' is visible

2020-11-02 13:07:04 - [MESSAGE][PASSED] - Object 'Object Repository/CERTPAY_ADMIN/PAYMENT_ID' is present

2020-11-02 13:07:06 - [MESSAGE][PASSED] - Text '100176132852' is set on object 'Object Repository/CERTPAY_ADMIN/PAYMENT_ID'

2020-11-02 13:07:06 - [MESSAGE][PASSED] - Quicksti_Visa.ts:Entered'100176132852 into Payment id

2020-11-02 13:07:06 - [TEST_STEP][PASSED] - utilities.SafeActions.safeClick(findTestObject("CERTPAY_ADMIN/GO_BUTTON"), "Go button", [pageLoadTime]): Quicksti_Visa.ts:Clicked on the Go button

2020-11-02 13:07:06 - [MESSAGE][INFO] - safeClicking

2020-11-02 13:07:06 - [MESSAGE][PASSED] - Object 'Object Repository/CERTPAY_ADMIN/GO_BUTTON' is present

2020-11-02 13:07:06 - [MESSAGE][PASSED] - Object 'Object Repository/CERTPAY_ADMIN/GO_BUTTON' is clickable

2020-11-02 13:07:11 - [MESSAGE][PASSED] - Object: 'Object Repository/CERTPAY_ADMIN/GO_BUTTON' is clicked on

2020-11-02 13:07:11 - [MESSAGE][PASSED] - Quicksti_Visa.ts:Clicked on the Go button

2020-11-02 13:07:11 - [TEST_STEP][PASSED] - delay(5): Delayed 5 second(s)

2020-11-02 13:07:16 - [MESSAGE][PASSED] - Delayed 5 second(s)

2020-11-02 13:07:16 - [TEST_STEP][PASSED] - scrollToPosition(800, 900): Browser is scrolled to position x = 800, y = 900

2020-11-02 13:07:16 - [MESSAGE][PASSED] - Browser is scrolled to position x = 800, y = 900

2020-11-02 13:07:16 - [TEST_STEP][PASSED] - pages.Search_Page.validatePaymentAmount(amount_Value, ConvFee): Verified payment details successfully 

2020-11-02 13:07:17 - [MESSAGE][PASSED] - Text of object 'Object Repository/CERTPAY_ADMIN/PAYMENT_AMOUNT' is: '$50.00'

2020-11-02 13:07:17 - [MESSAGE][PASSED] - Actual text '50.00' and expected text '50.00' are matched  using regular expression

2020-11-02 13:07:17 - [MESSAGE][PASSED] - Text of object 'Object Repository/CERTPAY_ADMIN/CONV_FEE' is: '$1.25'

2020-11-02 13:07:17 - [MESSAGE][PASSED] - Actual text '1.25' and expected text '1.25' are matched  using regular expression

2020-11-02 13:07:17 - [MESSAGE][PASSED] - Verified payment details successfully 

2020-11-02 13:07:17 - [TEST_STEP][PASSED] - paymentIdList.add(paymentId): null

2020-11-02 13:07:17 - [TEST_STEP][PASSED] - println(paymentIdList): null

2020-11-02 13:07:17 - [TEST_STEP][PASSED] - firstName = data.getValue("FirstName", index): null

2020-11-02 13:07:17 - [TEST_STEP][PASSED] - lastName = data.getValue("LastName", index): null

2020-11-02 13:07:17 - [TEST_STEP][PASSED] - expMonth = data.getValue("ExpMonth", index): null

2020-11-02 13:07:17 - [TEST_STEP][PASSED] - expYear = data.getValue("ExpYear", index): null

2020-11-02 13:07:17 - [TEST_STEP][PASSED] - securityCode = data.getValue("SecurityCode", index): null

2020-11-02 13:07:17 - [TEST_STEP][PASSED] - paymentAmount = data.getValue("PaymentAmount", index): null

2020-11-02 13:07:17 - [TEST_STEP][PASSED] - paymentType = data.getValue("PaymentType", index): null

2020-11-02 13:07:17 - [TEST_STEP][PASSED] - quantity = data.getValue("Quantity", index): null

2020-11-02 13:07:17 - [TEST_STEP][PASSED] - comments = data.getValue("Comments", index): null

2020-11-02 13:07:17 - [TEST_STEP][PASSED] - referenceNum = data.getValue("ReferenceNum", index): null

2020-11-02 13:07:17 - [TEST_STEP][PASSED] - address = data.getValue("Address", index): null

2020-11-02 13:07:17 - [TEST_STEP][PASSED] - zipCode = data.getValue("Zipcode", index): null

2020-11-02 13:07:17 - [TEST_STEP][PASSED] - telephone = data.getValue("Telephone", index): null

2020-11-02 13:07:17 - [TEST_STEP][PASSED] - emailAddress = data.getValue("EmailAddress", index): null

2020-11-02 13:07:17 - [TEST_STEP][PASSED] - cardNum = data.getValue("CardNumber", index): null

2020-11-02 13:07:17 - [TEST_STEP][PASSED] - cardType = data.getValue("CardType", index): null

2020-11-02 13:07:17 - [TEST_STEP][PASSED] - utilities.SafeActions.openBrowser(Quicksti_Url, [pageLoadTime]): Browser launched successfully

2020-11-02 13:07:17 - [MESSAGE][INFO] - Opening Browser

2020-11-02 13:07:17 - [MESSAGE][WARNING] - A browser is already opened. Closing browser and opening a new one

2020-11-02 13:07:18 - [MESSAGE][INFO] - Starting 'Chrome' driver

2020-11-02 13:07:31 - [MESSAGE][PASSED] - Browser is opened with url: 'https://qa-certpayquicksti.faps.net/'

2020-11-02 13:07:33 - [MESSAGE][PASSED] - Current window maximized

2020-11-02 13:07:33 - [MESSAGE][PASSED] - Browser launched successfully

2020-11-02 13:07:33 - [TEST_STEP][PASSED] - utilities.SafeActions.safeType(findTestObject("CERTPAY_QUICKSTI/Login_ Page/BUREAU_CODE"), bureau_code, "Bureau code", [pageLoadTime]): Quicksti_Visa.ts:Entered'6100000 into Bureau code

2020-11-02 13:07:33 - [MESSAGE][PASSED] - Object 'Object Repository/CERTPAY_QUICKSTI/Login_ Page/BUREAU_CODE' is present

2020-11-02 13:07:33 - [MESSAGE][PASSED] - Object 'Object Repository/CERTPAY_QUICKSTI/Login_ Page/BUREAU_CODE' is visible

2020-11-02 13:07:34 - [MESSAGE][PASSED] - Object 'Object Repository/CERTPAY_QUICKSTI/Login_ Page/BUREAU_CODE' is present

2020-11-02 13:07:35 - [MESSAGE][PASSED] - Text '6100000' is set on object 'Object Repository/CERTPAY_QUICKSTI/Login_ Page/BUREAU_CODE'

2020-11-02 13:07:35 - [MESSAGE][PASSED] - Quicksti_Visa.ts:Entered'6100000 into Bureau code

2020-11-02 13:07:35 - [TEST_STEP][PASSED] - utilities.SafeActions.safeType(findTestObject("CERTPAY_QUICKSTI/Login_ Page/TELLER_ID"), teller_id, "Bureau code", [pageLoadTime]): Quicksti_Visa.ts:Entered'zenq into Bureau code

2020-11-02 13:07:35 - [MESSAGE][PASSED] - Object 'Object Repository/CERTPAY_QUICKSTI/Login_ Page/TELLER_ID' is present

2020-11-02 13:07:36 - [MESSAGE][PASSED] - Object 'Object Repository/CERTPAY_QUICKSTI/Login_ Page/TELLER_ID' is visible

2020-11-02 13:07:36 - [MESSAGE][PASSED] - Object 'Object Repository/CERTPAY_QUICKSTI/Login_ Page/TELLER_ID' is present

2020-11-02 13:07:37 - [MESSAGE][PASSED] - Text 'zenq' is set on object 'Object Repository/CERTPAY_QUICKSTI/Login_ Page/TELLER_ID'

2020-11-02 13:07:37 - [MESSAGE][PASSED] - Quicksti_Visa.ts:Entered'zenq into Bureau code

2020-11-02 13:07:37 - [TEST_STEP][PASSED] - utilities.SafeActions.safeClick(findTestObject("CERTPAY_QUICKSTI/Login_ Page/NEXT_BUTTON"), "Next button", [pageLoadTime]): Quicksti_Visa.ts:Clicked on the Next button

2020-11-02 13:07:37 - [MESSAGE][INFO] - safeClicking

2020-11-02 13:07:38 - [MESSAGE][PASSED] - Object 'Object Repository/CERTPAY_QUICKSTI/Login_ Page/NEXT_BUTTON' is present

2020-11-02 13:07:38 - [MESSAGE][PASSED] - Object 'Object Repository/CERTPAY_QUICKSTI/Login_ Page/NEXT_BUTTON' is clickable

2020-11-02 13:07:42 - [MESSAGE][PASSED] - Object: 'Object Repository/CERTPAY_QUICKSTI/Login_ Page/NEXT_BUTTON' is clicked on

2020-11-02 13:07:42 - [MESSAGE][PASSED] - Quicksti_Visa.ts:Clicked on the Next button

2020-11-02 13:07:42 - [TEST_STEP][PASSED] - utilities.SafeActions.safeClick(findTestObject("CERTPAY_QUICKSTI/Payment_Information_Page/MANUAL_ENTRY_BUTTON"), "ManualEntry", [pageLoadTime]): Quicksti_Visa.ts:Clicked on the ManualEntry

2020-11-02 13:07:42 - [MESSAGE][INFO] - safeClicking

2020-11-02 13:07:43 - [MESSAGE][PASSED] - Object 'Object Repository/CERTPAY_QUICKSTI/Payment_Information_Page/MANUAL_ENTRY_BUTTON' is present

2020-11-02 13:07:43 - [MESSAGE][PASSED] - Object 'Object Repository/CERTPAY_QUICKSTI/Payment_Information_Page/MANUAL_ENTRY_BUTTON' is clickable

2020-11-02 13:07:46 - [MESSAGE][PASSED] - Object: 'Object Repository/CERTPAY_QUICKSTI/Payment_Information_Page/MANUAL_ENTRY_BUTTON' is clicked on

2020-11-02 13:07:46 - [MESSAGE][PASSED] - Quicksti_Visa.ts:Clicked on the ManualEntry

2020-11-02 13:07:46 - [TEST_STEP][PASSED] - CardNumber = pages.Quicksti.setUserPaymentDetails(firstName, lastName, cardNum): Quicksti_Visa.ts:Entered'4485805436011991 into CardNum

2020-11-02 13:07:47 - [MESSAGE][PASSED] - Object 'Object Repository/CERTPAY_QUICKSTI/Payment_Information_Page/FIRST_NAME' is present

2020-11-02 13:07:47 - [MESSAGE][PASSED] - Object 'Object Repository/CERTPAY_QUICKSTI/Payment_Information_Page/FIRST_NAME' is visible

2020-11-02 13:07:47 - [MESSAGE][PASSED] - Object 'Object Repository/CERTPAY_QUICKSTI/Payment_Information_Page/FIRST_NAME' is present

2020-11-02 13:07:49 - [MESSAGE][PASSED] - Text 'Tester' is set on object 'Object Repository/CERTPAY_QUICKSTI/Payment_Information_Page/FIRST_NAME'

2020-11-02 13:07:49 - [MESSAGE][PASSED] - Quicksti_Visa.ts:Entered'Tester into FirstName

2020-11-02 13:07:49 - [MESSAGE][PASSED] - Object 'Object Repository/CERTPAY_QUICKSTI/Payment_Information_Page/LAST_NAME' is present

2020-11-02 13:07:49 - [MESSAGE][PASSED] - Object 'Object Repository/CERTPAY_QUICKSTI/Payment_Information_Page/LAST_NAME' is visible

2020-11-02 13:07:50 - [MESSAGE][PASSED] - Object 'Object Repository/CERTPAY_QUICKSTI/Payment_Information_Page/LAST_NAME' is present

2020-11-02 13:07:51 - [MESSAGE][PASSED] - Text 'Zenq1' is set on object 'Object Repository/CERTPAY_QUICKSTI/Payment_Information_Page/LAST_NAME'

2020-11-02 13:07:51 - [MESSAGE][PASSED] - Quicksti_Visa.ts:Entered'Zenq1 into LAstName

2020-11-02 13:07:51 - [MESSAGE][PASSED] - Object 'Object Repository/CERTPAY_QUICKSTI/Payment_Information_Page/CARD_NUMBER' is present

2020-11-02 13:07:51 - [MESSAGE][PASSED] - Object 'Object Repository/CERTPAY_QUICKSTI/Payment_Information_Page/CARD_NUMBER' is visible

2020-11-02 13:07:52 - [MESSAGE][PASSED] - Object 'Object Repository/CERTPAY_QUICKSTI/Payment_Information_Page/CARD_NUMBER' is present

2020-11-02 13:07:53 - [MESSAGE][PASSED] - Text '4485805436011991' is set on object 'Object Repository/CERTPAY_QUICKSTI/Payment_Information_Page/CARD_NUMBER'

2020-11-02 13:07:53 - [MESSAGE][PASSED] - Quicksti_Visa.ts:Entered'4485805436011991 into CardNum

2020-11-02 13:07:53 - [TEST_STEP][PASSED] - utilities.SafeActions.safeSelectOptionInDropdownByVisibleText(findTestObject("CERTPAY_QUICKSTI/Payment_Information_Page/PAYMENT_TYPE"), paymentType, "paymentType", [pageLoadTime]): selected dropdown option by visible text  Licensesfrom paymentType

2020-11-02 13:07:53 - [MESSAGE][PASSED] - Object 'Object Repository/CERTPAY_QUICKSTI/Payment_Information_Page/PAYMENT_TYPE' is visible

2020-11-02 13:07:54 - [MESSAGE][PASSED] - Object 'Object Repository/CERTPAY_QUICKSTI/Payment_Information_Page/PAYMENT_TYPE' is present

2020-11-02 13:07:55 - [MESSAGE][PASSED] - Object: 'Object Repository/CERTPAY_QUICKSTI/Payment_Information_Page/PAYMENT_TYPE' is clicked on

2020-11-02 13:07:56 - [MESSAGE][PASSED] - All options with label 'Licenses' are selected in object 'Object Repository/CERTPAY_QUICKSTI/Payment_Information_Page/PAYMENT_TYPE'  using regular expression

2020-11-02 13:07:56 - [MESSAGE][PASSED] - selected dropdown option by visible text  Licensesfrom paymentType

2020-11-02 13:07:56 - [TEST_STEP][PASSED] - pages.Quicksti.setExpDate(expMonth, expYear, securityCode): Quicksti_Visa.ts:Entered'111 into securityCode

2020-11-02 13:07:56 - [MESSAGE][PASSED] - Object 'Object Repository/CERTPAY_QUICKSTI/Payment_Information_Page/EXP_MONTH' is visible

2020-11-02 13:07:56 - [MESSAGE][PASSED] - Object 'Object Repository/CERTPAY_QUICKSTI/Payment_Information_Page/EXP_MONTH' is present

2020-11-02 13:07:58 - [MESSAGE][PASSED] - Object: 'Object Repository/CERTPAY_QUICKSTI/Payment_Information_Page/EXP_MONTH' is clicked on

2020-11-02 13:07:59 - [MESSAGE][PASSED] - All options with label '04' are selected in object 'Object Repository/CERTPAY_QUICKSTI/Payment_Information_Page/EXP_MONTH'  using regular expression

2020-11-02 13:07:59 - [MESSAGE][PASSED] - selected dropdown option by visible text  04from expMonth

2020-11-02 13:07:59 - [MESSAGE][PASSED] - Object 'Object Repository/CERTPAY_QUICKSTI/Payment_Information_Page/EXP_YEAR' is visible

2020-11-02 13:08:00 - [MESSAGE][PASSED] - Object 'Object Repository/CERTPAY_QUICKSTI/Payment_Information_Page/EXP_YEAR' is present

2020-11-02 13:08:01 - [MESSAGE][PASSED] - Object: 'Object Repository/CERTPAY_QUICKSTI/Payment_Information_Page/EXP_YEAR' is clicked on

2020-11-02 13:08:02 - [MESSAGE][PASSED] - All options with label '2027' are selected in object 'Object Repository/CERTPAY_QUICKSTI/Payment_Information_Page/EXP_YEAR'  using regular expression

2020-11-02 13:08:02 - [MESSAGE][PASSED] - selected dropdown option by visible text  2027from  expYear

2020-11-02 13:08:02 - [MESSAGE][PASSED] - Object 'Object Repository/CERTPAY_QUICKSTI/Payment_Information_Page/SECURITY_CODE' is present

2020-11-02 13:08:03 - [MESSAGE][PASSED] - Object 'Object Repository/CERTPAY_QUICKSTI/Payment_Information_Page/SECURITY_CODE' is visible

2020-11-02 13:08:03 - [MESSAGE][PASSED] - Object 'Object Repository/CERTPAY_QUICKSTI/Payment_Information_Page/SECURITY_CODE' is present

2020-11-02 13:08:04 - [MESSAGE][PASSED] - Text '111' is set on object 'Object Repository/CERTPAY_QUICKSTI/Payment_Information_Page/SECURITY_CODE'

2020-11-02 13:08:04 - [MESSAGE][PASSED] - Quicksti_Visa.ts:Entered'111 into securityCode

2020-11-02 13:08:04 - [TEST_STEP][PASSED] - pages.Quicksti.setPaymentAmountDetailsForSinglePayment(paymentAmount, quantity): Quicksti_Visa.ts:Entered'1 into Quantity

2020-11-02 13:08:04 - [MESSAGE][PASSED] - Object 'Object Repository/CERTPAY_QUICKSTI/Payment_Information_Page/PAYMENT_AMOUNT' is present

2020-11-02 13:08:05 - [MESSAGE][PASSED] - Object 'Object Repository/CERTPAY_QUICKSTI/Payment_Information_Page/PAYMENT_AMOUNT' is visible

2020-11-02 13:08:05 - [MESSAGE][PASSED] - Object 'Object Repository/CERTPAY_QUICKSTI/Payment_Information_Page/PAYMENT_AMOUNT' is present

2020-11-02 13:08:06 - [MESSAGE][PASSED] - Text '30.00' is set on object 'Object Repository/CERTPAY_QUICKSTI/Payment_Information_Page/PAYMENT_AMOUNT'

2020-11-02 13:08:06 - [MESSAGE][PASSED] - Quicksti_Visa.ts:Entered'30.00 into amount

2020-11-02 13:08:07 - [MESSAGE][PASSED] - Object 'Object Repository/CERTPAY_QUICKSTI/Payment_Information_Page/QUANTITY' is present

2020-11-02 13:08:07 - [MESSAGE][PASSED] - Object 'Object Repository/CERTPAY_QUICKSTI/Payment_Information_Page/QUANTITY' is visible

2020-11-02 13:08:07 - [MESSAGE][PASSED] - Object 'Object Repository/CERTPAY_QUICKSTI/Payment_Information_Page/QUANTITY' is present

2020-11-02 13:08:09 - [MESSAGE][PASSED] - Text '1' is set on object 'Object Repository/CERTPAY_QUICKSTI/Payment_Information_Page/QUANTITY'

2020-11-02 13:08:09 - [MESSAGE][PASSED] - Quicksti_Visa.ts:Entered'1 into Quantity

2020-11-02 13:08:09 - [TEST_STEP][PASSED] - utilities.SafeActions.safeType(findTestObject("CERTPAY_QUICKSTI/Payment_Information_Page/REFRENCE_NUMBER"), referenceNum, "Reference Number", [pageLoadTime]): Quicksti_Visa.ts:Entered'13 into Reference Number

2020-11-02 13:08:09 - [MESSAGE][PASSED] - Object 'Object Repository/CERTPAY_QUICKSTI/Payment_Information_Page/REFRENCE_NUMBER' is present

2020-11-02 13:08:09 - [MESSAGE][PASSED] - Object 'Object Repository/CERTPAY_QUICKSTI/Payment_Information_Page/REFRENCE_NUMBER' is visible

2020-11-02 13:08:10 - [MESSAGE][PASSED] - Object 'Object Repository/CERTPAY_QUICKSTI/Payment_Information_Page/REFRENCE_NUMBER' is present

2020-11-02 13:08:11 - [MESSAGE][PASSED] - Text '13' is set on object 'Object Repository/CERTPAY_QUICKSTI/Payment_Information_Page/REFRENCE_NUMBER'

2020-11-02 13:08:11 - [MESSAGE][PASSED] - Quicksti_Visa.ts:Entered'13 into Reference Number

2020-11-02 13:08:11 - [TEST_STEP][PASSED] - amount_Value = pages.Quicksti.getAttributeValue(findTestObject("CERTPAY_QUICKSTI/Payment_Information_Page/SUB_TOTAL")): pages.Quicksti.getAttributeValue is PASSED

2020-11-02 13:08:11 - [MESSAGE][PASSED] - Attribute 'value' of object 'Object Repository/CERTPAY_QUICKSTI/Payment_Information_Page/SUB_TOTAL' is: '30.00'

2020-11-02 13:08:11 - [MESSAGE][PASSED] - pages.Quicksti.getAttributeValue is PASSED

2020-11-02 13:08:11 - [TEST_STEP][PASSED] - utilities.SafeActions.safeType(findTestObject("CERTPAY_QUICKSTI/Payment_Information_Page/COMMENTS"), "Testing", "Comments", [pageLoadTime]): Quicksti_Visa.ts:Entered'Testing into Comments

2020-11-02 13:08:12 - [MESSAGE][PASSED] - Object 'Object Repository/CERTPAY_QUICKSTI/Payment_Information_Page/COMMENTS' is present

2020-11-02 13:08:12 - [MESSAGE][PASSED] - Object 'Object Repository/CERTPAY_QUICKSTI/Payment_Information_Page/COMMENTS' is visible

2020-11-02 13:08:12 - [MESSAGE][PASSED] - Object 'Object Repository/CERTPAY_QUICKSTI/Payment_Information_Page/COMMENTS' is present

2020-11-02 13:08:13 - [MESSAGE][PASSED] - Text 'Testing' is set on object 'Object Repository/CERTPAY_QUICKSTI/Payment_Information_Page/COMMENTS'

2020-11-02 13:08:13 - [MESSAGE][PASSED] - Quicksti_Visa.ts:Entered'Testing into Comments

2020-11-02 13:08:13 - [TEST_STEP][PASSED] - utilities.SafeActions.safeType(findTestObject("CERTPAY_QUICKSTI/Payment_Information_Page/ADDRESS"), address, "Address", [pageLoadTime]): Quicksti_Visa.ts:Entered'14-2 into Address

2020-11-02 13:08:14 - [MESSAGE][PASSED] - Object 'Object Repository/CERTPAY_QUICKSTI/Payment_Information_Page/ADDRESS' is present

2020-11-02 13:08:14 - [MESSAGE][PASSED] - Object 'Object Repository/CERTPAY_QUICKSTI/Payment_Information_Page/ADDRESS' is visible

2020-11-02 13:08:14 - [MESSAGE][PASSED] - Object 'Object Repository/CERTPAY_QUICKSTI/Payment_Information_Page/ADDRESS' is present

2020-11-02 13:08:16 - [MESSAGE][PASSED] - Text '14-2' is set on object 'Object Repository/CERTPAY_QUICKSTI/Payment_Information_Page/ADDRESS'

2020-11-02 13:08:16 - [MESSAGE][PASSED] - Quicksti_Visa.ts:Entered'14-2 into Address

2020-11-02 13:08:16 - [TEST_STEP][PASSED] - utilities.SafeActions.safeType(findTestObject("CERTPAY_QUICKSTI/Payment_Information_Page/ZIP_CODE"), zipCode, "zipcode", [pageLoadTime]): Quicksti_Visa.ts:Entered'76102 into zipcode

2020-11-02 13:08:16 - [MESSAGE][PASSED] - Object 'Object Repository/CERTPAY_QUICKSTI/Payment_Information_Page/ZIP_CODE' is present

2020-11-02 13:08:16 - [MESSAGE][PASSED] - Object 'Object Repository/CERTPAY_QUICKSTI/Payment_Information_Page/ZIP_CODE' is visible

2020-11-02 13:08:17 - [MESSAGE][PASSED] - Object 'Object Repository/CERTPAY_QUICKSTI/Payment_Information_Page/ZIP_CODE' is present

2020-11-02 13:08:18 - [MESSAGE][PASSED] - Text '76102' is set on object 'Object Repository/CERTPAY_QUICKSTI/Payment_Information_Page/ZIP_CODE'

2020-11-02 13:08:18 - [MESSAGE][PASSED] - Quicksti_Visa.ts:Entered'76102 into zipcode

2020-11-02 13:08:18 - [TEST_STEP][PASSED] - utilities.SafeActions.safeType(findTestObject("CERTPAY_QUICKSTI/Payment_Information_Page/TELEPHONE"), telephone, "Telephone", [pageLoadTime]): Quicksti_Visa.ts:Entered'9989897654 into Telephone

2020-11-02 13:08:18 - [MESSAGE][PASSED] - Object 'Object Repository/CERTPAY_QUICKSTI/Payment_Information_Page/TELEPHONE' is present

2020-11-02 13:08:18 - [MESSAGE][PASSED] - Object 'Object Repository/CERTPAY_QUICKSTI/Payment_Information_Page/TELEPHONE' is visible

2020-11-02 13:08:19 - [MESSAGE][PASSED] - Object 'Object Repository/CERTPAY_QUICKSTI/Payment_Information_Page/TELEPHONE' is present

2020-11-02 13:08:20 - [MESSAGE][PASSED] - Text '9989897654' is set on object 'Object Repository/CERTPAY_QUICKSTI/Payment_Information_Page/TELEPHONE'

2020-11-02 13:08:20 - [MESSAGE][PASSED] - Quicksti_Visa.ts:Entered'9989897654 into Telephone

2020-11-02 13:08:20 - [TEST_STEP][PASSED] - utilities.SafeActions.safeType(findTestObject("CERTPAY_QUICKSTI/Payment_Information_Page/EMAIL_ADDRESS"), emailAddress, "EMAIL address", [pageLoadTime]): Quicksti_Visa.ts:Entered'testing@zenq.com into EMAIL address

2020-11-02 13:08:20 - [MESSAGE][PASSED] - Object 'Object Repository/CERTPAY_QUICKSTI/Payment_Information_Page/EMAIL_ADDRESS' is present

2020-11-02 13:08:21 - [MESSAGE][PASSED] - Object 'Object Repository/CERTPAY_QUICKSTI/Payment_Information_Page/EMAIL_ADDRESS' is visible

2020-11-02 13:08:21 - [MESSAGE][PASSED] - Object 'Object Repository/CERTPAY_QUICKSTI/Payment_Information_Page/EMAIL_ADDRESS' is present

2020-11-02 13:08:22 - [MESSAGE][PASSED] - Text 'testing@zenq.com' is set on object 'Object Repository/CERTPAY_QUICKSTI/Payment_Information_Page/EMAIL_ADDRESS'

2020-11-02 13:08:22 - [MESSAGE][PASSED] - Quicksti_Visa.ts:Entered'testing@zenq.com into EMAIL address

2020-11-02 13:08:22 - [TEST_STEP][PASSED] - utilities.SafeActions.safeClick(findTestObject("CERTPAY_QUICKSTI/Payment_Information_Page/NEXT_BUTTON"), "Next", [pageLoadTime]): Quicksti_Visa.ts:Clicked on the Next

2020-11-02 13:08:22 - [MESSAGE][INFO] - safeClicking

2020-11-02 13:08:22 - [MESSAGE][PASSED] - Object 'Object Repository/CERTPAY_QUICKSTI/Payment_Information_Page/NEXT_BUTTON' is present

2020-11-02 13:08:23 - [MESSAGE][PASSED] - Object 'Object Repository/CERTPAY_QUICKSTI/Payment_Information_Page/NEXT_BUTTON' is clickable

2020-11-02 13:08:26 - [MESSAGE][PASSED] - Object: 'Object Repository/CERTPAY_QUICKSTI/Payment_Information_Page/NEXT_BUTTON' is clicked on

2020-11-02 13:08:26 - [MESSAGE][PASSED] - Quicksti_Visa.ts:Clicked on the Next

2020-11-02 13:08:26 - [TEST_STEP][PASSED] - pages.Quicksti.verifyUserPaymentDetails(paymentAmount, firstName, lastName, CardNumber): pages.Quicksti.verifyUserPaymentDetails is PASSED

2020-11-02 13:08:27 - [MESSAGE][PASSED] - Text of object 'Object Repository/CERTPAY_QUICKSTI/Payment_Details_Verification_Page/AMOUNT' is: '$30.00'

2020-11-02 13:08:27 - [MESSAGE][PASSED] - Actual text '30.00' and expected text '30.00' are matched  using regular expression

2020-11-02 13:08:28 - [MESSAGE][PASSED] - Text of object 'Object Repository/CERTPAY_QUICKSTI/Payment_Details_Verification_Page/NAME' is: 'Tester Zenq1'

2020-11-02 13:08:28 - [MESSAGE][PASSED] - Actual text 'Tester Zenq1' and expected text 'Tester Zenq1' are matched  using regular expression

2020-11-02 13:08:28 - [MESSAGE][PASSED] - Text of object 'Object Repository/CERTPAY_QUICKSTI/Payment_Details_Verification_Page/CARD_NUMBER' is: '...1991'

2020-11-02 13:08:28 - [MESSAGE][PASSED] - Actual text '1991' and expected text '1991' are matched  using regular expression

2020-11-02 13:08:28 - [MESSAGE][PASSED] - pages.Quicksti.verifyUserPaymentDetails is PASSED

2020-11-02 13:08:28 - [TEST_STEP][PASSED] - delay(2): Delayed 2 second(s)

2020-11-02 13:08:30 - [MESSAGE][PASSED] - Delayed 2 second(s)

2020-11-02 13:08:30 - [TEST_STEP][PASSED] - ConvFee = getText(findTestObject("CERTPAY_QUICKSTI/Payment_Information_Page/CONV_FEE")): Text of object 'Object Repository/CERTPAY_QUICKSTI/Payment_Information_Page/CONV_FEE' is: '$0.75'

2020-11-02 13:08:30 - [MESSAGE][PASSED] - Text of object 'Object Repository/CERTPAY_QUICKSTI/Payment_Information_Page/CONV_FEE' is: '$0.75'

2020-11-02 13:08:30 - [TEST_STEP][PASSED] - scrollToElement(findTestObject("CERTPAY_QUICKSTI/Payment_Details_Verification_Page/PROCESS"), 0): Scroll to object 'Object Repository/CERTPAY_QUICKSTI/Payment_Details_Verification_Page/PROCESS' successfully

2020-11-02 13:08:30 - [MESSAGE][WARNING] - Timeout '0' is invalid. Using default page load timeout: '30'

2020-11-02 13:08:31 - [MESSAGE][PASSED] - Scroll to object 'Object Repository/CERTPAY_QUICKSTI/Payment_Details_Verification_Page/PROCESS' successfully

2020-11-02 13:08:31 - [TEST_STEP][PASSED] - utilities.SafeActions.safeClick(findTestObject("CERTPAY_QUICKSTI/Payment_Details_Verification_Page/PROCESS"), "Process", [pageLoadTime]): Quicksti_Visa.ts:Clicked on the Process

2020-11-02 13:08:31 - [MESSAGE][INFO] - safeClicking

2020-11-02 13:08:31 - [MESSAGE][PASSED] - Object 'Object Repository/CERTPAY_QUICKSTI/Payment_Details_Verification_Page/PROCESS' is present

2020-11-02 13:08:31 - [MESSAGE][PASSED] - Object 'Object Repository/CERTPAY_QUICKSTI/Payment_Details_Verification_Page/PROCESS' is clickable

2020-11-02 13:08:37 - [MESSAGE][PASSED] - Object: 'Object Repository/CERTPAY_QUICKSTI/Payment_Details_Verification_Page/PROCESS' is clicked on

2020-11-02 13:08:37 - [MESSAGE][PASSED] - Quicksti_Visa.ts:Clicked on the Process

2020-11-02 13:08:37 - [TEST_STEP][PASSED] - paymentId = pages.Quicksti.verifyPaymentApproval(findTestObject("CERTPAY_QUICKSTI/Payment_Details_Verification_Page/APPROVED")): Payment is approved

2020-11-02 13:08:38 - [MESSAGE][PASSED] - Text of object 'Object Repository/CERTPAY_QUICKSTI/Payment_Details_Verification_Page/PAYMENT_ID' is: '100176132856'

2020-11-02 13:08:38 - [MESSAGE][PASSED] - Object 'Object Repository/CERTPAY_QUICKSTI/Payment_Details_Verification_Page/APPROVED' is present

2020-11-02 13:08:38 - [MESSAGE][PASSED] - Payment is approved

2020-11-02 13:08:40 - [TEST_STEP][PASSED] - navigateToUrl(Admin_url): Navigate to 'https://qa-certpayadmin.faps.net' successfully

2020-11-02 13:08:51 - [MESSAGE][PASSED] - Navigate to 'https://qa-certpayadmin.faps.net' successfully

2020-11-02 13:08:51 - [TEST_STEP][PASSED] - pages.Bureau_Login_Page.loginToAdminSite(AdminUsername, AdminPassword): Quicksti_Visa.ts:Clicked on the LOGIN

2020-11-02 13:08:51 - [MESSAGE][PASSED] - Object 'Object Repository/CERTPAY_ADMIN/USER_NAME' is present

2020-11-02 13:08:52 - [MESSAGE][PASSED] - Object 'Object Repository/CERTPAY_ADMIN/USER_NAME' is visible

2020-11-02 13:08:52 - [MESSAGE][PASSED] - Object 'Object Repository/CERTPAY_ADMIN/USER_NAME' is present

2020-11-02 13:08:53 - [MESSAGE][PASSED] - Text 'VVangiliappan' is set on object 'Object Repository/CERTPAY_ADMIN/USER_NAME'

2020-11-02 13:08:53 - [MESSAGE][PASSED] - Quicksti_Visa.ts:Entered'VVangiliappan into username

2020-11-02 13:08:53 - [MESSAGE][PASSED] - Object 'Object Repository/CERTPAY_ADMIN/PASSWORD' is present

2020-11-02 13:08:54 - [MESSAGE][PASSED] - Object 'Object Repository/CERTPAY_ADMIN/PASSWORD' is visible

2020-11-02 13:08:54 - [MESSAGE][PASSED] - Object 'Object Repository/CERTPAY_ADMIN/PASSWORD' is present

2020-11-02 13:08:55 - [MESSAGE][PASSED] - Text 'Test@123' is set on object 'Object Repository/CERTPAY_ADMIN/PASSWORD'

2020-11-02 13:08:55 - [MESSAGE][PASSED] - Quicksti_Visa.ts:Entered'Test@123 into password

2020-11-02 13:08:55 - [MESSAGE][INFO] - safeClicking

2020-11-02 13:08:56 - [MESSAGE][PASSED] - Object 'Object Repository/CERTPAY_ADMIN/LOGIN_BUTTON' is present

2020-11-02 13:08:56 - [MESSAGE][PASSED] - Object 'Object Repository/CERTPAY_ADMIN/LOGIN_BUTTON' is clickable

2020-11-02 13:09:15 - [MESSAGE][PASSED] - Object: 'Object Repository/CERTPAY_ADMIN/LOGIN_BUTTON' is clicked on

2020-11-02 13:09:15 - [MESSAGE][PASSED] - Quicksti_Visa.ts:Clicked on the LOGIN

2020-11-02 13:09:15 - [TEST_STEP][PASSED] - utilities.SafeActions.safeClick(findTestObject("CERTPAY_ADMIN/TRANSACTION_MENU"), "TransactionMenu", [pageLoadTime]): Quicksti_Visa.ts:Clicked on the TransactionMenu

2020-11-02 13:09:15 - [MESSAGE][INFO] - safeClicking

2020-11-02 13:09:16 - [MESSAGE][PASSED] - Object 'Object Repository/CERTPAY_ADMIN/TRANSACTION_MENU' is present

2020-11-02 13:09:16 - [MESSAGE][PASSED] - Object 'Object Repository/CERTPAY_ADMIN/TRANSACTION_MENU' is clickable

2020-11-02 13:09:17 - [MESSAGE][PASSED] - Object: 'Object Repository/CERTPAY_ADMIN/TRANSACTION_MENU' is clicked on

2020-11-02 13:09:17 - [MESSAGE][PASSED] - Quicksti_Visa.ts:Clicked on the TransactionMenu

2020-11-02 13:09:17 - [TEST_STEP][PASSED] - utilities.SafeActions.safeClick(findTestObject("CERTPAY_ADMIN/TRANSACTION_SEARCH"), "TransactionSearch", [pageLoadTime]): Quicksti_Visa.ts:Clicked on the TransactionSearch

2020-11-02 13:09:17 - [MESSAGE][INFO] - safeClicking

2020-11-02 13:09:18 - [MESSAGE][PASSED] - Object 'Object Repository/CERTPAY_ADMIN/TRANSACTION_SEARCH' is present

2020-11-02 13:09:18 - [MESSAGE][PASSED] - Object 'Object Repository/CERTPAY_ADMIN/TRANSACTION_SEARCH' is clickable

2020-11-02 13:09:29 - [MESSAGE][PASSED] - Object: 'Object Repository/CERTPAY_ADMIN/TRANSACTION_SEARCH' is clicked on

2020-11-02 13:09:29 - [MESSAGE][PASSED] - Quicksti_Visa.ts:Clicked on the TransactionSearch

2020-11-02 13:09:29 - [TEST_STEP][PASSED] - utilities.SafeActions.safeType(findTestObject("CERTPAY_ADMIN/PAYMENT_ID"), paymentId, "Payment id", [pageLoadTime]): Quicksti_Visa.ts:Entered'100176132856 into Payment id

2020-11-02 13:09:30 - [MESSAGE][PASSED] - Object 'Object Repository/CERTPAY_ADMIN/PAYMENT_ID' is present

2020-11-02 13:09:30 - [MESSAGE][PASSED] - Object 'Object Repository/CERTPAY_ADMIN/PAYMENT_ID' is visible

2020-11-02 13:09:31 - [MESSAGE][PASSED] - Object 'Object Repository/CERTPAY_ADMIN/PAYMENT_ID' is present

2020-11-02 13:09:32 - [MESSAGE][PASSED] - Text '100176132856' is set on object 'Object Repository/CERTPAY_ADMIN/PAYMENT_ID'

2020-11-02 13:09:32 - [MESSAGE][PASSED] - Quicksti_Visa.ts:Entered'100176132856 into Payment id

2020-11-02 13:09:32 - [TEST_STEP][PASSED] - utilities.SafeActions.safeClick(findTestObject("CERTPAY_ADMIN/GO_BUTTON"), "Go button", [pageLoadTime]): Quicksti_Visa.ts:Clicked on the Go button

2020-11-02 13:09:32 - [MESSAGE][INFO] - safeClicking

2020-11-02 13:09:32 - [MESSAGE][PASSED] - Object 'Object Repository/CERTPAY_ADMIN/GO_BUTTON' is present

2020-11-02 13:09:32 - [MESSAGE][PASSED] - Object 'Object Repository/CERTPAY_ADMIN/GO_BUTTON' is clickable

2020-11-02 13:09:36 - [MESSAGE][PASSED] - Object: 'Object Repository/CERTPAY_ADMIN/GO_BUTTON' is clicked on

2020-11-02 13:09:36 - [MESSAGE][PASSED] - Quicksti_Visa.ts:Clicked on the Go button

2020-11-02 13:09:36 - [TEST_STEP][PASSED] - delay(5): Delayed 5 second(s)

2020-11-02 13:09:41 - [MESSAGE][PASSED] - Delayed 5 second(s)

2020-11-02 13:09:41 - [TEST_STEP][PASSED] - scrollToPosition(800, 900): Browser is scrolled to position x = 800, y = 900

2020-11-02 13:09:42 - [MESSAGE][PASSED] - Browser is scrolled to position x = 800, y = 900

2020-11-02 13:09:42 - [TEST_STEP][PASSED] - pages.Search_Page.validatePaymentAmount(amount_Value, ConvFee): Verified payment details successfully 

2020-11-02 13:09:42 - [MESSAGE][PASSED] - Text of object 'Object Repository/CERTPAY_ADMIN/PAYMENT_AMOUNT' is: '$30.00'

2020-11-02 13:09:42 - [MESSAGE][PASSED] - Actual text '30.00' and expected text '30.00' are matched  using regular expression

2020-11-02 13:09:42 - [MESSAGE][PASSED] - Text of object 'Object Repository/CERTPAY_ADMIN/CONV_FEE' is: '$0.75'

2020-11-02 13:09:42 - [MESSAGE][PASSED] - Actual text '0.75' and expected text '0.75' are matched  using regular expression

2020-11-02 13:09:42 - [MESSAGE][PASSED] - Verified payment details successfully 

2020-11-02 13:09:42 - [TEST_STEP][PASSED] - paymentIdList.add(paymentId): null

2020-11-02 13:09:42 - [TEST_STEP][PASSED] - println(paymentIdList): null

2020-11-02 13:09:42 - [TEST_STEP][PASSED] - firstName = data.getValue("FirstName", index): null

2020-11-02 13:09:42 - [TEST_STEP][PASSED] - lastName = data.getValue("LastName", index): null

2020-11-02 13:09:42 - [TEST_STEP][PASSED] - expMonth = data.getValue("ExpMonth", index): null

2020-11-02 13:09:42 - [TEST_STEP][PASSED] - expYear = data.getValue("ExpYear", index): null

2020-11-02 13:09:42 - [TEST_STEP][PASSED] - securityCode = data.getValue("SecurityCode", index): null

2020-11-02 13:09:42 - [TEST_STEP][PASSED] - paymentAmount = data.getValue("PaymentAmount", index): null

2020-11-02 13:09:42 - [TEST_STEP][PASSED] - paymentType = data.getValue("PaymentType", index): null

2020-11-02 13:09:42 - [TEST_STEP][PASSED] - quantity = data.getValue("Quantity", index): null

2020-11-02 13:09:42 - [TEST_STEP][PASSED] - comments = data.getValue("Comments", index): null

2020-11-02 13:09:42 - [TEST_STEP][PASSED] - referenceNum = data.getValue("ReferenceNum", index): null

2020-11-02 13:09:42 - [TEST_STEP][PASSED] - address = data.getValue("Address", index): null

2020-11-02 13:09:42 - [TEST_STEP][PASSED] - zipCode = data.getValue("Zipcode", index): null

2020-11-02 13:09:42 - [TEST_STEP][PASSED] - telephone = data.getValue("Telephone", index): null

2020-11-02 13:09:42 - [TEST_STEP][PASSED] - emailAddress = data.getValue("EmailAddress", index): null

2020-11-02 13:09:42 - [TEST_STEP][PASSED] - cardNum = data.getValue("CardNumber", index): null

2020-11-02 13:09:42 - [TEST_STEP][PASSED] - cardType = data.getValue("CardType", index): null

2020-11-02 13:09:42 - [TEST_STEP][PASSED] - utilities.SafeActions.openBrowser(Quicksti_Url, [pageLoadTime]): Browser launched successfully

2020-11-02 13:09:42 - [MESSAGE][INFO] - Opening Browser

2020-11-02 13:09:42 - [MESSAGE][WARNING] - A browser is already opened. Closing browser and opening a new one

2020-11-02 13:09:44 - [MESSAGE][INFO] - Starting 'Chrome' driver

2020-11-02 13:09:57 - [MESSAGE][PASSED] - Browser is opened with url: 'https://qa-certpayquicksti.faps.net/'

2020-11-02 13:09:58 - [MESSAGE][PASSED] - Current window maximized

2020-11-02 13:09:58 - [MESSAGE][PASSED] - Browser launched successfully

2020-11-02 13:09:58 - [TEST_STEP][PASSED] - utilities.SafeActions.safeType(findTestObject("CERTPAY_QUICKSTI/Login_ Page/BUREAU_CODE"), bureau_code, "Bureau code", [pageLoadTime]): Quicksti_Visa.ts:Entered'6100000 into Bureau code

2020-11-02 13:09:59 - [MESSAGE][PASSED] - Object 'Object Repository/CERTPAY_QUICKSTI/Login_ Page/BUREAU_CODE' is present

2020-11-02 13:09:59 - [MESSAGE][PASSED] - Object 'Object Repository/CERTPAY_QUICKSTI/Login_ Page/BUREAU_CODE' is visible

2020-11-02 13:09:59 - [MESSAGE][PASSED] - Object 'Object Repository/CERTPAY_QUICKSTI/Login_ Page/BUREAU_CODE' is present

2020-11-02 13:10:00 - [MESSAGE][PASSED] - Text '6100000' is set on object 'Object Repository/CERTPAY_QUICKSTI/Login_ Page/BUREAU_CODE'

2020-11-02 13:10:00 - [MESSAGE][PASSED] - Quicksti_Visa.ts:Entered'6100000 into Bureau code

2020-11-02 13:10:00 - [TEST_STEP][PASSED] - utilities.SafeActions.safeType(findTestObject("CERTPAY_QUICKSTI/Login_ Page/TELLER_ID"), teller_id, "Bureau code", [pageLoadTime]): Quicksti_Visa.ts:Entered'zenq into Bureau code

2020-11-02 13:10:01 - [MESSAGE][PASSED] - Object 'Object Repository/CERTPAY_QUICKSTI/Login_ Page/TELLER_ID' is present

2020-11-02 13:10:01 - [MESSAGE][PASSED] - Object 'Object Repository/CERTPAY_QUICKSTI/Login_ Page/TELLER_ID' is visible

2020-11-02 13:10:01 - [MESSAGE][PASSED] - Object 'Object Repository/CERTPAY_QUICKSTI/Login_ Page/TELLER_ID' is present

2020-11-02 13:10:02 - [MESSAGE][PASSED] - Text 'zenq' is set on object 'Object Repository/CERTPAY_QUICKSTI/Login_ Page/TELLER_ID'

2020-11-02 13:10:02 - [MESSAGE][PASSED] - Quicksti_Visa.ts:Entered'zenq into Bureau code

2020-11-02 13:10:02 - [TEST_STEP][PASSED] - utilities.SafeActions.safeClick(findTestObject("CERTPAY_QUICKSTI/Login_ Page/NEXT_BUTTON"), "Next button", [pageLoadTime]): Quicksti_Visa.ts:Clicked on the Next button

2020-11-02 13:10:02 - [MESSAGE][INFO] - safeClicking

2020-11-02 13:10:03 - [MESSAGE][PASSED] - Object 'Object Repository/CERTPAY_QUICKSTI/Login_ Page/NEXT_BUTTON' is present

2020-11-02 13:10:03 - [MESSAGE][PASSED] - Object 'Object Repository/CERTPAY_QUICKSTI/Login_ Page/NEXT_BUTTON' is clickable

2020-11-02 13:10:07 - [MESSAGE][PASSED] - Object: 'Object Repository/CERTPAY_QUICKSTI/Login_ Page/NEXT_BUTTON' is clicked on

2020-11-02 13:10:07 - [MESSAGE][PASSED] - Quicksti_Visa.ts:Clicked on the Next button

2020-11-02 13:10:07 - [TEST_STEP][PASSED] - utilities.SafeActions.safeClick(findTestObject("CERTPAY_QUICKSTI/Payment_Information_Page/MANUAL_ENTRY_BUTTON"), "ManualEntry", [pageLoadTime]): Quicksti_Visa.ts:Clicked on the ManualEntry

2020-11-02 13:10:07 - [MESSAGE][INFO] - safeClicking

2020-11-02 13:10:08 - [MESSAGE][PASSED] - Object 'Object Repository/CERTPAY_QUICKSTI/Payment_Information_Page/MANUAL_ENTRY_BUTTON' is present

2020-11-02 13:10:08 - [MESSAGE][PASSED] - Object 'Object Repository/CERTPAY_QUICKSTI/Payment_Information_Page/MANUAL_ENTRY_BUTTON' is clickable

2020-11-02 13:10:11 - [MESSAGE][PASSED] - Object: 'Object Repository/CERTPAY_QUICKSTI/Payment_Information_Page/MANUAL_ENTRY_BUTTON' is clicked on

2020-11-02 13:10:11 - [MESSAGE][PASSED] - Quicksti_Visa.ts:Clicked on the ManualEntry

2020-11-02 13:10:11 - [TEST_STEP][PASSED] - CardNumber = pages.Quicksti.setUserPaymentDetails(firstName, lastName, cardNum): Quicksti_Visa.ts:Entered'4929512247971413 into CardNum

2020-11-02 13:10:12 - [MESSAGE][PASSED] - Object 'Object Repository/CERTPAY_QUICKSTI/Payment_Information_Page/FIRST_NAME' is present

2020-11-02 13:10:12 - [MESSAGE][PASSED] - Object 'Object Repository/CERTPAY_QUICKSTI/Payment_Information_Page/FIRST_NAME' is visible

2020-11-02 13:10:13 - [MESSAGE][PASSED] - Object 'Object Repository/CERTPAY_QUICKSTI/Payment_Information_Page/FIRST_NAME' is present

2020-11-02 13:10:14 - [MESSAGE][PASSED] - Text 'Tester' is set on object 'Object Repository/CERTPAY_QUICKSTI/Payment_Information_Page/FIRST_NAME'

2020-11-02 13:10:14 - [MESSAGE][PASSED] - Quicksti_Visa.ts:Entered'Tester into FirstName

2020-11-02 13:10:14 - [MESSAGE][PASSED] - Object 'Object Repository/CERTPAY_QUICKSTI/Payment_Information_Page/LAST_NAME' is present

2020-11-02 13:10:15 - [MESSAGE][PASSED] - Object 'Object Repository/CERTPAY_QUICKSTI/Payment_Information_Page/LAST_NAME' is visible

2020-11-02 13:10:15 - [MESSAGE][PASSED] - Object 'Object Repository/CERTPAY_QUICKSTI/Payment_Information_Page/LAST_NAME' is present

2020-11-02 13:10:16 - [MESSAGE][PASSED] - Text 'Zenq1' is set on object 'Object Repository/CERTPAY_QUICKSTI/Payment_Information_Page/LAST_NAME'

2020-11-02 13:10:16 - [MESSAGE][PASSED] - Quicksti_Visa.ts:Entered'Zenq1 into LAstName

2020-11-02 13:10:16 - [MESSAGE][PASSED] - Object 'Object Repository/CERTPAY_QUICKSTI/Payment_Information_Page/CARD_NUMBER' is present

2020-11-02 13:10:17 - [MESSAGE][PASSED] - Object 'Object Repository/CERTPAY_QUICKSTI/Payment_Information_Page/CARD_NUMBER' is visible

2020-11-02 13:10:17 - [MESSAGE][PASSED] - Object 'Object Repository/CERTPAY_QUICKSTI/Payment_Information_Page/CARD_NUMBER' is present

2020-11-02 13:10:18 - [MESSAGE][PASSED] - Text '4929512247971413' is set on object 'Object Repository/CERTPAY_QUICKSTI/Payment_Information_Page/CARD_NUMBER'

2020-11-02 13:10:18 - [MESSAGE][PASSED] - Quicksti_Visa.ts:Entered'4929512247971413 into CardNum

2020-11-02 13:10:18 - [TEST_STEP][PASSED] - utilities.SafeActions.safeSelectOptionInDropdownByVisibleText(findTestObject("CERTPAY_QUICKSTI/Payment_Information_Page/PAYMENT_TYPE"), paymentType, "paymentType", [pageLoadTime]): selected dropdown option by visible text  Taxesfrom paymentType

2020-11-02 13:10:19 - [MESSAGE][PASSED] - Object 'Object Repository/CERTPAY_QUICKSTI/Payment_Information_Page/PAYMENT_TYPE' is visible

2020-11-02 13:10:19 - [MESSAGE][PASSED] - Object 'Object Repository/CERTPAY_QUICKSTI/Payment_Information_Page/PAYMENT_TYPE' is present

2020-11-02 13:10:20 - [MESSAGE][PASSED] - Object: 'Object Repository/CERTPAY_QUICKSTI/Payment_Information_Page/PAYMENT_TYPE' is clicked on

2020-11-02 13:10:21 - [MESSAGE][PASSED] - All options with label 'Taxes' are selected in object 'Object Repository/CERTPAY_QUICKSTI/Payment_Information_Page/PAYMENT_TYPE'  using regular expression

2020-11-02 13:10:21 - [MESSAGE][PASSED] - selected dropdown option by visible text  Taxesfrom paymentType

2020-11-02 13:10:21 - [TEST_STEP][PASSED] - pages.Quicksti.setExpDate(expMonth, expYear, securityCode): Quicksti_Visa.ts:Entered'111 into securityCode

2020-11-02 13:10:21 - [MESSAGE][PASSED] - Object 'Object Repository/CERTPAY_QUICKSTI/Payment_Information_Page/EXP_MONTH' is visible

2020-11-02 13:10:22 - [MESSAGE][PASSED] - Object 'Object Repository/CERTPAY_QUICKSTI/Payment_Information_Page/EXP_MONTH' is present

2020-11-02 13:10:23 - [MESSAGE][PASSED] - Object: 'Object Repository/CERTPAY_QUICKSTI/Payment_Information_Page/EXP_MONTH' is clicked on

2020-11-02 13:10:24 - [MESSAGE][PASSED] - All options with label '05' are selected in object 'Object Repository/CERTPAY_QUICKSTI/Payment_Information_Page/EXP_MONTH'  using regular expression

2020-11-02 13:10:24 - [MESSAGE][PASSED] - selected dropdown option by visible text  05from expMonth

2020-11-02 13:10:25 - [MESSAGE][PASSED] - Object 'Object Repository/CERTPAY_QUICKSTI/Payment_Information_Page/EXP_YEAR' is visible

2020-11-02 13:10:25 - [MESSAGE][PASSED] - Object 'Object Repository/CERTPAY_QUICKSTI/Payment_Information_Page/EXP_YEAR' is present

2020-11-02 13:10:26 - [MESSAGE][PASSED] - Object: 'Object Repository/CERTPAY_QUICKSTI/Payment_Information_Page/EXP_YEAR' is clicked on

2020-11-02 13:10:27 - [MESSAGE][PASSED] - All options with label '2022' are selected in object 'Object Repository/CERTPAY_QUICKSTI/Payment_Information_Page/EXP_YEAR'  using regular expression

2020-11-02 13:10:27 - [MESSAGE][PASSED] - selected dropdown option by visible text  2022from  expYear

2020-11-02 13:10:28 - [MESSAGE][PASSED] - Object 'Object Repository/CERTPAY_QUICKSTI/Payment_Information_Page/SECURITY_CODE' is present

2020-11-02 13:10:28 - [MESSAGE][PASSED] - Object 'Object Repository/CERTPAY_QUICKSTI/Payment_Information_Page/SECURITY_CODE' is visible

2020-11-02 13:10:28 - [MESSAGE][PASSED] - Object 'Object Repository/CERTPAY_QUICKSTI/Payment_Information_Page/SECURITY_CODE' is present

2020-11-02 13:10:29 - [MESSAGE][PASSED] - Text '111' is set on object 'Object Repository/CERTPAY_QUICKSTI/Payment_Information_Page/SECURITY_CODE'

2020-11-02 13:10:29 - [MESSAGE][PASSED] - Quicksti_Visa.ts:Entered'111 into securityCode

2020-11-02 13:10:29 - [TEST_STEP][PASSED] - pages.Quicksti.setPaymentAmountDetailsForSinglePayment(paymentAmount, quantity): Quicksti_Visa.ts:Entered'1 into Quantity

2020-11-02 13:10:30 - [MESSAGE][PASSED] - Object 'Object Repository/CERTPAY_QUICKSTI/Payment_Information_Page/PAYMENT_AMOUNT' is present

2020-11-02 13:10:30 - [MESSAGE][PASSED] - Object 'Object Repository/CERTPAY_QUICKSTI/Payment_Information_Page/PAYMENT_AMOUNT' is visible

2020-11-02 13:10:30 - [MESSAGE][PASSED] - Object 'Object Repository/CERTPAY_QUICKSTI/Payment_Information_Page/PAYMENT_AMOUNT' is present

2020-11-02 13:10:32 - [MESSAGE][PASSED] - Text '35.00' is set on object 'Object Repository/CERTPAY_QUICKSTI/Payment_Information_Page/PAYMENT_AMOUNT'

2020-11-02 13:10:32 - [MESSAGE][PASSED] - Quicksti_Visa.ts:Entered'35.00 into amount

2020-11-02 13:10:32 - [MESSAGE][PASSED] - Object 'Object Repository/CERTPAY_QUICKSTI/Payment_Information_Page/QUANTITY' is present

2020-11-02 13:10:32 - [MESSAGE][PASSED] - Object 'Object Repository/CERTPAY_QUICKSTI/Payment_Information_Page/QUANTITY' is visible

2020-11-02 13:10:33 - [MESSAGE][PASSED] - Object 'Object Repository/CERTPAY_QUICKSTI/Payment_Information_Page/QUANTITY' is present

2020-11-02 13:10:34 - [MESSAGE][PASSED] - Text '1' is set on object 'Object Repository/CERTPAY_QUICKSTI/Payment_Information_Page/QUANTITY'

2020-11-02 13:10:34 - [MESSAGE][PASSED] - Quicksti_Visa.ts:Entered'1 into Quantity

2020-11-02 13:10:34 - [TEST_STEP][PASSED] - utilities.SafeActions.safeType(findTestObject("CERTPAY_QUICKSTI/Payment_Information_Page/REFRENCE_NUMBER"), referenceNum, "Reference Number", [pageLoadTime]): Quicksti_Visa.ts:Entered'11 into Reference Number

2020-11-02 13:10:34 - [MESSAGE][PASSED] - Object 'Object Repository/CERTPAY_QUICKSTI/Payment_Information_Page/REFRENCE_NUMBER' is present

2020-11-02 13:10:35 - [MESSAGE][PASSED] - Object 'Object Repository/CERTPAY_QUICKSTI/Payment_Information_Page/REFRENCE_NUMBER' is visible

2020-11-02 13:10:35 - [MESSAGE][PASSED] - Object 'Object Repository/CERTPAY_QUICKSTI/Payment_Information_Page/REFRENCE_NUMBER' is present

2020-11-02 13:10:36 - [MESSAGE][PASSED] - Text '11' is set on object 'Object Repository/CERTPAY_QUICKSTI/Payment_Information_Page/REFRENCE_NUMBER'

2020-11-02 13:10:36 - [MESSAGE][PASSED] - Quicksti_Visa.ts:Entered'11 into Reference Number

2020-11-02 13:10:36 - [TEST_STEP][PASSED] - amount_Value = pages.Quicksti.getAttributeValue(findTestObject("CERTPAY_QUICKSTI/Payment_Information_Page/SUB_TOTAL")): pages.Quicksti.getAttributeValue is PASSED

2020-11-02 13:10:37 - [MESSAGE][PASSED] - Attribute 'value' of object 'Object Repository/CERTPAY_QUICKSTI/Payment_Information_Page/SUB_TOTAL' is: '35.00'

2020-11-02 13:10:37 - [MESSAGE][PASSED] - pages.Quicksti.getAttributeValue is PASSED

2020-11-02 13:10:37 - [TEST_STEP][PASSED] - utilities.SafeActions.safeType(findTestObject("CERTPAY_QUICKSTI/Payment_Information_Page/COMMENTS"), "Testing", "Comments", [pageLoadTime]): Quicksti_Visa.ts:Entered'Testing into Comments

2020-11-02 13:10:37 - [MESSAGE][PASSED] - Object 'Object Repository/CERTPAY_QUICKSTI/Payment_Information_Page/COMMENTS' is present

2020-11-02 13:10:37 - [MESSAGE][PASSED] - Object 'Object Repository/CERTPAY_QUICKSTI/Payment_Information_Page/COMMENTS' is visible

2020-11-02 13:10:37 - [MESSAGE][PASSED] - Object 'Object Repository/CERTPAY_QUICKSTI/Payment_Information_Page/COMMENTS' is present

2020-11-02 13:10:39 - [MESSAGE][PASSED] - Text 'Testing' is set on object 'Object Repository/CERTPAY_QUICKSTI/Payment_Information_Page/COMMENTS'

2020-11-02 13:10:39 - [MESSAGE][PASSED] - Quicksti_Visa.ts:Entered'Testing into Comments

2020-11-02 13:10:39 - [TEST_STEP][PASSED] - utilities.SafeActions.safeType(findTestObject("CERTPAY_QUICKSTI/Payment_Information_Page/ADDRESS"), address, "Address", [pageLoadTime]): Quicksti_Visa.ts:Entered'14-2 into Address

2020-11-02 13:10:39 - [MESSAGE][PASSED] - Object 'Object Repository/CERTPAY_QUICKSTI/Payment_Information_Page/ADDRESS' is present

2020-11-02 13:10:39 - [MESSAGE][PASSED] - Object 'Object Repository/CERTPAY_QUICKSTI/Payment_Information_Page/ADDRESS' is visible

2020-11-02 13:10:40 - [MESSAGE][PASSED] - Object 'Object Repository/CERTPAY_QUICKSTI/Payment_Information_Page/ADDRESS' is present

2020-11-02 13:10:41 - [MESSAGE][PASSED] - Text '14-2' is set on object 'Object Repository/CERTPAY_QUICKSTI/Payment_Information_Page/ADDRESS'

2020-11-02 13:10:41 - [MESSAGE][PASSED] - Quicksti_Visa.ts:Entered'14-2 into Address

2020-11-02 13:10:41 - [TEST_STEP][PASSED] - utilities.SafeActions.safeType(findTestObject("CERTPAY_QUICKSTI/Payment_Information_Page/ZIP_CODE"), zipCode, "zipcode", [pageLoadTime]): Quicksti_Visa.ts:Entered'76102 into zipcode

2020-11-02 13:10:41 - [MESSAGE][PASSED] - Object 'Object Repository/CERTPAY_QUICKSTI/Payment_Information_Page/ZIP_CODE' is present

2020-11-02 13:10:41 - [MESSAGE][PASSED] - Object 'Object Repository/CERTPAY_QUICKSTI/Payment_Information_Page/ZIP_CODE' is visible

2020-11-02 13:10:42 - [MESSAGE][PASSED] - Object 'Object Repository/CERTPAY_QUICKSTI/Payment_Information_Page/ZIP_CODE' is present

2020-11-02 13:10:43 - [MESSAGE][PASSED] - Text '76102' is set on object 'Object Repository/CERTPAY_QUICKSTI/Payment_Information_Page/ZIP_CODE'

2020-11-02 13:10:43 - [MESSAGE][PASSED] - Quicksti_Visa.ts:Entered'76102 into zipcode

2020-11-02 13:10:43 - [TEST_STEP][PASSED] - utilities.SafeActions.safeType(findTestObject("CERTPAY_QUICKSTI/Payment_Information_Page/TELEPHONE"), telephone, "Telephone", [pageLoadTime]): Quicksti_Visa.ts:Entered'9989897654 into Telephone

2020-11-02 13:10:43 - [MESSAGE][PASSED] - Object 'Object Repository/CERTPAY_QUICKSTI/Payment_Information_Page/TELEPHONE' is present

2020-11-02 13:10:44 - [MESSAGE][PASSED] - Object 'Object Repository/CERTPAY_QUICKSTI/Payment_Information_Page/TELEPHONE' is visible

2020-11-02 13:10:44 - [MESSAGE][PASSED] - Object 'Object Repository/CERTPAY_QUICKSTI/Payment_Information_Page/TELEPHONE' is present

2020-11-02 13:10:45 - [MESSAGE][PASSED] - Text '9989897654' is set on object 'Object Repository/CERTPAY_QUICKSTI/Payment_Information_Page/TELEPHONE'

2020-11-02 13:10:45 - [MESSAGE][PASSED] - Quicksti_Visa.ts:Entered'9989897654 into Telephone

2020-11-02 13:10:45 - [TEST_STEP][PASSED] - utilities.SafeActions.safeType(findTestObject("CERTPAY_QUICKSTI/Payment_Information_Page/EMAIL_ADDRESS"), emailAddress, "EMAIL address", [pageLoadTime]): Quicksti_Visa.ts:Entered'testing@zenq.com into EMAIL address

2020-11-02 13:10:45 - [MESSAGE][PASSED] - Object 'Object Repository/CERTPAY_QUICKSTI/Payment_Information_Page/EMAIL_ADDRESS' is present

2020-11-02 13:10:46 - [MESSAGE][PASSED] - Object 'Object Repository/CERTPAY_QUICKSTI/Payment_Information_Page/EMAIL_ADDRESS' is visible

2020-11-02 13:10:46 - [MESSAGE][PASSED] - Object 'Object Repository/CERTPAY_QUICKSTI/Payment_Information_Page/EMAIL_ADDRESS' is present

2020-11-02 13:10:47 - [MESSAGE][PASSED] - Text 'testing@zenq.com' is set on object 'Object Repository/CERTPAY_QUICKSTI/Payment_Information_Page/EMAIL_ADDRESS'

2020-11-02 13:10:47 - [MESSAGE][PASSED] - Quicksti_Visa.ts:Entered'testing@zenq.com into EMAIL address

2020-11-02 13:10:47 - [TEST_STEP][PASSED] - utilities.SafeActions.safeClick(findTestObject("CERTPAY_QUICKSTI/Payment_Information_Page/NEXT_BUTTON"), "Next", [pageLoadTime]): Quicksti_Visa.ts:Clicked on the Next

2020-11-02 13:10:47 - [MESSAGE][INFO] - safeClicking

2020-11-02 13:10:47 - [MESSAGE][PASSED] - Object 'Object Repository/CERTPAY_QUICKSTI/Payment_Information_Page/NEXT_BUTTON' is present

2020-11-02 13:10:48 - [MESSAGE][PASSED] - Object 'Object Repository/CERTPAY_QUICKSTI/Payment_Information_Page/NEXT_BUTTON' is clickable

2020-11-02 13:10:52 - [MESSAGE][PASSED] - Object: 'Object Repository/CERTPAY_QUICKSTI/Payment_Information_Page/NEXT_BUTTON' is clicked on

2020-11-02 13:10:52 - [MESSAGE][PASSED] - Quicksti_Visa.ts:Clicked on the Next

2020-11-02 13:10:52 - [TEST_STEP][PASSED] - pages.Quicksti.verifyUserPaymentDetails(paymentAmount, firstName, lastName, CardNumber): pages.Quicksti.verifyUserPaymentDetails is PASSED

2020-11-02 13:10:52 - [MESSAGE][PASSED] - Text of object 'Object Repository/CERTPAY_QUICKSTI/Payment_Details_Verification_Page/AMOUNT' is: '$35.00'

2020-11-02 13:10:52 - [MESSAGE][PASSED] - Actual text '35.00' and expected text '35.00' are matched  using regular expression

2020-11-02 13:10:53 - [MESSAGE][PASSED] - Text of object 'Object Repository/CERTPAY_QUICKSTI/Payment_Details_Verification_Page/NAME' is: 'Tester Zenq1'

2020-11-02 13:10:53 - [MESSAGE][PASSED] - Actual text 'Tester Zenq1' and expected text 'Tester Zenq1' are matched  using regular expression

2020-11-02 13:10:53 - [MESSAGE][PASSED] - Text of object 'Object Repository/CERTPAY_QUICKSTI/Payment_Details_Verification_Page/CARD_NUMBER' is: '...1413'

2020-11-02 13:10:53 - [MESSAGE][PASSED] - Actual text '1413' and expected text '1413' are matched  using regular expression

2020-11-02 13:10:53 - [MESSAGE][PASSED] - pages.Quicksti.verifyUserPaymentDetails is PASSED

2020-11-02 13:10:53 - [TEST_STEP][PASSED] - delay(2): Delayed 2 second(s)

2020-11-02 13:10:55 - [MESSAGE][PASSED] - Delayed 2 second(s)

2020-11-02 13:10:55 - [TEST_STEP][PASSED] - ConvFee = getText(findTestObject("CERTPAY_QUICKSTI/Payment_Information_Page/CONV_FEE")): Text of object 'Object Repository/CERTPAY_QUICKSTI/Payment_Information_Page/CONV_FEE' is: '$0.75'

2020-11-02 13:10:55 - [MESSAGE][PASSED] - Text of object 'Object Repository/CERTPAY_QUICKSTI/Payment_Information_Page/CONV_FEE' is: '$0.75'

2020-11-02 13:10:55 - [TEST_STEP][PASSED] - scrollToElement(findTestObject("CERTPAY_QUICKSTI/Payment_Details_Verification_Page/PROCESS"), 0): Scroll to object 'Object Repository/CERTPAY_QUICKSTI/Payment_Details_Verification_Page/PROCESS' successfully

2020-11-02 13:10:55 - [MESSAGE][WARNING] - Timeout '0' is invalid. Using default page load timeout: '30'

2020-11-02 13:10:56 - [MESSAGE][PASSED] - Scroll to object 'Object Repository/CERTPAY_QUICKSTI/Payment_Details_Verification_Page/PROCESS' successfully

2020-11-02 13:10:56 - [TEST_STEP][PASSED] - utilities.SafeActions.safeClick(findTestObject("CERTPAY_QUICKSTI/Payment_Details_Verification_Page/PROCESS"), "Process", [pageLoadTime]): Quicksti_Visa.ts:Clicked on the Process

2020-11-02 13:10:56 - [MESSAGE][INFO] - safeClicking

2020-11-02 13:10:56 - [MESSAGE][PASSED] - Object 'Object Repository/CERTPAY_QUICKSTI/Payment_Details_Verification_Page/PROCESS' is present

2020-11-02 13:10:56 - [MESSAGE][PASSED] - Object 'Object Repository/CERTPAY_QUICKSTI/Payment_Details_Verification_Page/PROCESS' is clickable

2020-11-02 13:11:02 - [MESSAGE][PASSED] - Object: 'Object Repository/CERTPAY_QUICKSTI/Payment_Details_Verification_Page/PROCESS' is clicked on

2020-11-02 13:11:02 - [MESSAGE][PASSED] - Quicksti_Visa.ts:Clicked on the Process

2020-11-02 13:11:02 - [TEST_STEP][PASSED] - paymentId = pages.Quicksti.verifyPaymentApproval(findTestObject("CERTPAY_QUICKSTI/Payment_Details_Verification_Page/APPROVED")): Payment is approved

2020-11-02 13:11:03 - [MESSAGE][PASSED] - Text of object 'Object Repository/CERTPAY_QUICKSTI/Payment_Details_Verification_Page/PAYMENT_ID' is: '100176132860'

2020-11-02 13:11:04 - [MESSAGE][PASSED] - Object 'Object Repository/CERTPAY_QUICKSTI/Payment_Details_Verification_Page/APPROVED' is present

2020-11-02 13:11:04 - [MESSAGE][PASSED] - Payment is approved

2020-11-02 13:11:06 - [TEST_STEP][PASSED] - navigateToUrl(Admin_url): Navigate to 'https://qa-certpayadmin.faps.net' successfully

2020-11-02 13:11:13 - [MESSAGE][PASSED] - Navigate to 'https://qa-certpayadmin.faps.net' successfully

2020-11-02 13:11:13 - [TEST_STEP][PASSED] - pages.Bureau_Login_Page.loginToAdminSite(AdminUsername, AdminPassword): Quicksti_Visa.ts:Clicked on the LOGIN

2020-11-02 13:11:13 - [MESSAGE][PASSED] - Object 'Object Repository/CERTPAY_ADMIN/USER_NAME' is present

2020-11-02 13:11:13 - [MESSAGE][PASSED] - Object 'Object Repository/CERTPAY_ADMIN/USER_NAME' is visible

2020-11-02 13:11:14 - [MESSAGE][PASSED] - Object 'Object Repository/CERTPAY_ADMIN/USER_NAME' is present

2020-11-02 13:11:15 - [MESSAGE][PASSED] - Text 'VVangiliappan' is set on object 'Object Repository/CERTPAY_ADMIN/USER_NAME'

2020-11-02 13:11:15 - [MESSAGE][PASSED] - Quicksti_Visa.ts:Entered'VVangiliappan into username

2020-11-02 13:11:15 - [MESSAGE][PASSED] - Object 'Object Repository/CERTPAY_ADMIN/PASSWORD' is present

2020-11-02 13:11:15 - [MESSAGE][PASSED] - Object 'Object Repository/CERTPAY_ADMIN/PASSWORD' is visible

2020-11-02 13:11:16 - [MESSAGE][PASSED] - Object 'Object Repository/CERTPAY_ADMIN/PASSWORD' is present

2020-11-02 13:11:17 - [MESSAGE][PASSED] - Text 'Test@123' is set on object 'Object Repository/CERTPAY_ADMIN/PASSWORD'

2020-11-02 13:11:17 - [MESSAGE][PASSED] - Quicksti_Visa.ts:Entered'Test@123 into password

2020-11-02 13:11:17 - [MESSAGE][INFO] - safeClicking

2020-11-02 13:11:17 - [MESSAGE][PASSED] - Object 'Object Repository/CERTPAY_ADMIN/LOGIN_BUTTON' is present

2020-11-02 13:11:18 - [MESSAGE][PASSED] - Object 'Object Repository/CERTPAY_ADMIN/LOGIN_BUTTON' is clickable

2020-11-02 13:11:38 - [MESSAGE][PASSED] - Object: 'Object Repository/CERTPAY_ADMIN/LOGIN_BUTTON' is clicked on

2020-11-02 13:11:38 - [MESSAGE][PASSED] - Quicksti_Visa.ts:Clicked on the LOGIN

2020-11-02 13:11:38 - [TEST_STEP][PASSED] - utilities.SafeActions.safeClick(findTestObject("CERTPAY_ADMIN/TRANSACTION_MENU"), "TransactionMenu", [pageLoadTime]): Quicksti_Visa.ts:Clicked on the TransactionMenu

2020-11-02 13:11:38 - [MESSAGE][INFO] - safeClicking

2020-11-02 13:11:38 - [MESSAGE][PASSED] - Object 'Object Repository/CERTPAY_ADMIN/TRANSACTION_MENU' is present

2020-11-02 13:11:39 - [MESSAGE][PASSED] - Object 'Object Repository/CERTPAY_ADMIN/TRANSACTION_MENU' is clickable

2020-11-02 13:11:40 - [MESSAGE][PASSED] - Object: 'Object Repository/CERTPAY_ADMIN/TRANSACTION_MENU' is clicked on

2020-11-02 13:11:40 - [MESSAGE][PASSED] - Quicksti_Visa.ts:Clicked on the TransactionMenu

2020-11-02 13:11:40 - [TEST_STEP][PASSED] - utilities.SafeActions.safeClick(findTestObject("CERTPAY_ADMIN/TRANSACTION_SEARCH"), "TransactionSearch", [pageLoadTime]): Quicksti_Visa.ts:Clicked on the TransactionSearch

2020-11-02 13:11:40 - [MESSAGE][INFO] - safeClicking

2020-11-02 13:11:40 - [MESSAGE][PASSED] - Object 'Object Repository/CERTPAY_ADMIN/TRANSACTION_SEARCH' is present

2020-11-02 13:11:41 - [MESSAGE][PASSED] - Object 'Object Repository/CERTPAY_ADMIN/TRANSACTION_SEARCH' is clickable

2020-11-02 13:11:51 - [MESSAGE][PASSED] - Object: 'Object Repository/CERTPAY_ADMIN/TRANSACTION_SEARCH' is clicked on

2020-11-02 13:11:51 - [MESSAGE][PASSED] - Quicksti_Visa.ts:Clicked on the TransactionSearch

2020-11-02 13:11:51 - [TEST_STEP][PASSED] - utilities.SafeActions.safeType(findTestObject("CERTPAY_ADMIN/PAYMENT_ID"), paymentId, "Payment id", [pageLoadTime]): Quicksti_Visa.ts:Entered'100176132860 into Payment id

2020-11-02 13:11:52 - [MESSAGE][PASSED] - Object 'Object Repository/CERTPAY_ADMIN/PAYMENT_ID' is present

2020-11-02 13:11:52 - [MESSAGE][PASSED] - Object 'Object Repository/CERTPAY_ADMIN/PAYMENT_ID' is visible

2020-11-02 13:11:52 - [MESSAGE][PASSED] - Object 'Object Repository/CERTPAY_ADMIN/PAYMENT_ID' is present

2020-11-02 13:11:54 - [MESSAGE][PASSED] - Text '100176132860' is set on object 'Object Repository/CERTPAY_ADMIN/PAYMENT_ID'

2020-11-02 13:11:54 - [MESSAGE][PASSED] - Quicksti_Visa.ts:Entered'100176132860 into Payment id

2020-11-02 13:11:54 - [TEST_STEP][PASSED] - utilities.SafeActions.safeClick(findTestObject("CERTPAY_ADMIN/GO_BUTTON"), "Go button", [pageLoadTime]): Quicksti_Visa.ts:Clicked on the Go button

2020-11-02 13:11:54 - [MESSAGE][INFO] - safeClicking

2020-11-02 13:11:54 - [MESSAGE][PASSED] - Object 'Object Repository/CERTPAY_ADMIN/GO_BUTTON' is present

2020-11-02 13:11:54 - [MESSAGE][PASSED] - Object 'Object Repository/CERTPAY_ADMIN/GO_BUTTON' is clickable

2020-11-02 13:11:58 - [MESSAGE][PASSED] - Object: 'Object Repository/CERTPAY_ADMIN/GO_BUTTON' is clicked on

2020-11-02 13:11:58 - [MESSAGE][PASSED] - Quicksti_Visa.ts:Clicked on the Go button

2020-11-02 13:11:58 - [TEST_STEP][PASSED] - delay(5): Delayed 5 second(s)

2020-11-02 13:12:03 - [MESSAGE][PASSED] - Delayed 5 second(s)

2020-11-02 13:12:03 - [TEST_STEP][PASSED] - scrollToPosition(800, 900): Browser is scrolled to position x = 800, y = 900

2020-11-02 13:12:03 - [MESSAGE][PASSED] - Browser is scrolled to position x = 800, y = 900

2020-11-02 13:12:03 - [TEST_STEP][PASSED] - pages.Search_Page.validatePaymentAmount(amount_Value, ConvFee): Verified payment details successfully 

2020-11-02 13:12:03 - [MESSAGE][PASSED] - Text of object 'Object Repository/CERTPAY_ADMIN/PAYMENT_AMOUNT' is: '$35.00'

2020-11-02 13:12:03 - [MESSAGE][PASSED] - Actual text '35.00' and expected text '35.00' are matched  using regular expression

2020-11-02 13:12:04 - [MESSAGE][PASSED] - Text of object 'Object Repository/CERTPAY_ADMIN/CONV_FEE' is: '$0.75'

2020-11-02 13:12:04 - [MESSAGE][PASSED] - Actual text '0.75' and expected text '0.75' are matched  using regular expression

2020-11-02 13:12:04 - [MESSAGE][PASSED] - Verified payment details successfully 

2020-11-02 13:12:04 - [TEST_STEP][PASSED] - paymentIdList.add(paymentId): null

2020-11-02 13:12:04 - [TEST_STEP][PASSED] - println(paymentIdList): null

2020-11-02 13:12:04 - [TEST_STEP][PASSED] - return paymentIdList: null

2020-11-02 13:12:04 - [TEST_STEP][PASSED] - Start listener action : afterTestCase: Browser is closed

2020-11-02 13:12:04 - [TEST_STEP][PASSED] - closeBrowser(): Browser is closed

2020-11-02 13:12:04 - [MESSAGE][PASSED] - Browser is closed]]></system-out>
         <system-err><![CDATA[]]></system-err>
      </testcase>
      <system-out><![CDATA[2020-11-02 13:01:45 - [TEST_SUITE][PASSED] - Quicksti_Visa: Test Cases/Certpay_Quicksti_New/TC_001_SingleBureauSite_SingleLinePayment_Visa]]></system-out>
      <system-err><![CDATA[]]></system-err>
   </testsuite>
</testsuites>
