<?xml version="1.0" encoding="UTF-8"?>
<testsuites name="Consumer_Payment_Making" time="1021.862" tests="6" failures="0" errors="0">
   <testsuite name="Consumer_Payment_Making" tests="6" failures="0" errors="0" time="1021.862" timestamp="2020-10-19 13:00:37" hostname="admin - SYS8" id="Test Suites/Certpay_testSuite/Consumer_Payment_Making">
      <properties>
         <property name="deviceName" value=""/>
         <property name="devicePlatform" value=""/>
         <property name="logFolder" value="E:\\Sush_Certpay\\Reports\\20201019_130024\\Certpay_testSuite\\Consumer_Payment_Making\\20201019_130024"/>
         <property name="logFiles" value="E:\\Sush_Certpay\\Reports\\20201019_130024\\Certpay_testSuite\\Consumer_Payment_Making\\20201019_130024\\execution0.log"/>
         <property name="attachments" value="E:\\Sush_Certpay\\Reports\\20201019_130024\\Certpay_testSuite\\Consumer_Payment_Making\\20201019_130024\\1603093135382.png, E:\\Sush_Certpay\\Reports\\20201019_130024\\Certpay_testSuite\\Consumer_Payment_Making\\20201019_130024\\1603093302768.png, E:\\Sush_Certpay\\Reports\\20201019_130024\\Certpay_testSuite\\Consumer_Payment_Making\\20201019_130024\\1603093459842.png, E:\\Sush_Certpay\\Reports\\20201019_130024\\Certpay_testSuite\\Consumer_Payment_Making\\20201019_130024\\1603093624746.png"/>
         <property name="hostName" value="admin - SYS8"/>
         <property name="os" value="Windows 10 32bit"/>
         <property name="katalonVersion" value="7.1.2.1"/>
         <property name="browser" value="Chrome 86.0.4240.75"/>
         <property name="hostAddress" value="172.31.253.251"/>
         <property name="sessionId" value="53e8bd950dce77ac5fb27226e7e4dc4c"/>
         <property name="seleniumVersion" value="3.141.59"/>
         <property name="proxyInformation" value="ProxyInformation{proxyOption=NO_PROXY, proxyServerType=HTTP, password=, proxyServerAddress=, proxyServerPort=0, executionList=}"/>
         <property name="platform" value="Windows 10"/>
      </properties>
      <testcase name="Test Cases/Consumer_Make_Payment/TC_001_Credit_SingleLine_Payment" time="195.408" classname="Test Cases/Consumer_Make_Payment/TC_001_Credit_SingleLine_Payment" status="PASSED">
         <system-out><![CDATA[2020-10-19 13:00:38 - [TEST_CASE][PASSED] - Test Cases/Consumer_Make_Payment/TC_001_Credit_SingleLine_Payment: Test Cases/Consumer_Make_Payment/TC_001_Credit_SingleLine_Payment

2020-10-19 13:00:38 - [TEST_STEP][PASSED] - Start listener action : beforeTestCase: null

2020-10-19 13:00:39 - [TEST_STEP][PASSED] - utilities.SafeActions.openBrowser(certpay_url, [pageLoadTime]): Browser launched successfully

2020-10-19 13:00:39 - [MESSAGE][INFO] - Opening Browser

2020-10-19 13:00:39 - [MESSAGE][INFO] - Starting 'Chrome' driver

2020-10-19 13:00:39 - [MESSAGE][INFO] - Action delay is set to 0 seconds

2020-10-19 13:00:51 - [MESSAGE][PASSED] - Browser is opened with url: 'https://qa-certpay.faps.net/'

2020-10-19 13:00:54 - [MESSAGE][PASSED] - Current window maximized

2020-10-19 13:00:54 - [MESSAGE][PASSED] - Browser launched successfully

2020-10-19 13:00:54 - [TEST_STEP][PASSED] - utilities.SafeActions.safeType(findTestObject("MAKE_ PAYMENT/Home_ Page/BUREAU_CODE"), bureauCode, "Bureau code", [pageLoadTime]): Consumer_Payment_Making.ts:Entered'6100000 into Bureau code

2020-10-19 13:00:55 - [MESSAGE][PASSED] - Object 'Object Repository/MAKE_ PAYMENT/Home_ Page/BUREAU_CODE' is present

2020-10-19 13:00:56 - [MESSAGE][PASSED] - Object 'Object Repository/MAKE_ PAYMENT/Home_ Page/BUREAU_CODE' is visible

2020-10-19 13:00:56 - [MESSAGE][PASSED] - Object 'Object Repository/MAKE_ PAYMENT/Home_ Page/BUREAU_CODE' is present

2020-10-19 13:00:58 - [MESSAGE][PASSED] - Text '6100000' is set on object 'Object Repository/MAKE_ PAYMENT/Home_ Page/BUREAU_CODE'

2020-10-19 13:00:58 - [MESSAGE][PASSED] - Consumer_Payment_Making.ts:Entered'6100000 into Bureau code

2020-10-19 13:00:58 - [TEST_STEP][PASSED] - utilities.SafeActions.safeClick(findTestObject("MAKE_ PAYMENT/Home_ Page/BEGIN_PAYMENT"), "Begin payment", [pageLoadTime]): Consumer_Payment_Making.ts:Clicked on the Begin payment

2020-10-19 13:00:58 - [MESSAGE][INFO] - safeClicking

2020-10-19 13:00:58 - [MESSAGE][PASSED] - Object 'Object Repository/MAKE_ PAYMENT/Home_ Page/BEGIN_PAYMENT' is present

2020-10-19 13:01:00 - [MESSAGE][PASSED] - Object 'Object Repository/MAKE_ PAYMENT/Home_ Page/BEGIN_PAYMENT' is clickable

2020-10-19 13:01:04 - [MESSAGE][PASSED] - Object: 'Object Repository/MAKE_ PAYMENT/Home_ Page/BEGIN_PAYMENT' is clicked on

2020-10-19 13:01:04 - [MESSAGE][PASSED] - Consumer_Payment_Making.ts:Clicked on the Begin payment

2020-10-19 13:01:04 - [TEST_STEP][PASSED] - utilities.SafeActions.safeClick(findTestObject("MAKE_ PAYMENT/Home_ Page/CONTINUE"), "Continue", [pageLoadTime]): Consumer_Payment_Making.ts:Clicked on the Continue

2020-10-19 13:01:04 - [MESSAGE][INFO] - safeClicking

2020-10-19 13:01:05 - [MESSAGE][PASSED] - Object 'Object Repository/MAKE_ PAYMENT/Home_ Page/CONTINUE' is present

2020-10-19 13:01:05 - [MESSAGE][PASSED] - Object 'Object Repository/MAKE_ PAYMENT/Home_ Page/CONTINUE' is clickable

2020-10-19 13:01:10 - [MESSAGE][PASSED] - Object: 'Object Repository/MAKE_ PAYMENT/Home_ Page/CONTINUE' is clicked on

2020-10-19 13:01:10 - [MESSAGE][PASSED] - Consumer_Payment_Making.ts:Clicked on the Continue

2020-10-19 13:01:10 - [TEST_STEP][PASSED] - utilities.SafeActions.safeCheck(findTestObject("MAKE_ PAYMENT/Home_ Page/BANK_CARD"), "Bank card", [pageLoadTime]): Consumer_Payment_Making.ts:Checkbox 'Bank card'is selected

2020-10-19 13:01:10 - [MESSAGE][PASSED] - Object 'Object Repository/MAKE_ PAYMENT/Home_ Page/BANK_CARD' is present

2020-10-19 13:01:11 - [MESSAGE][PASSED] - Object 'Object Repository/MAKE_ PAYMENT/Home_ Page/BANK_CARD' is present

2020-10-19 13:01:12 - [MESSAGE][PASSED] - Object: 'Object Repository/MAKE_ PAYMENT/Home_ Page/BANK_CARD' is clicked on

2020-10-19 13:01:12 - [MESSAGE][PASSED] - Consumer_Payment_Making.ts:Checkbox 'Bank card'is selected

2020-10-19 13:01:12 - [TEST_STEP][PASSED] - pages.Payment_Page.setAmount("1", paymentAmount, "testing", referenceNum): Consumer_Payment_Making.ts:Entered'testing into Comments

2020-10-19 13:01:12 - [MESSAGE][PASSED] - Object '' is present

2020-10-19 13:01:13 - [MESSAGE][PASSED] - Object '' is visible

2020-10-19 13:01:13 - [MESSAGE][PASSED] - Object '' is present

2020-10-19 13:01:14 - [MESSAGE][PASSED] - Text '16.00' is set on object ''

2020-10-19 13:01:14 - [MESSAGE][PASSED] - Consumer_Payment_Making.ts:Entered'16.00 into Amount

2020-10-19 13:01:14 - [MESSAGE][PASSED] - Object '' is present

2020-10-19 13:01:15 - [MESSAGE][PASSED] - Object '' is visible

2020-10-19 13:01:15 - [MESSAGE][PASSED] - Object '' is present

2020-10-19 13:01:16 - [MESSAGE][PASSED] - Text '11' is set on object ''

2020-10-19 13:01:16 - [MESSAGE][PASSED] - Consumer_Payment_Making.ts:Entered'11 into Amount

2020-10-19 13:01:16 - [MESSAGE][PASSED] - Object '' is present

2020-10-19 13:01:17 - [MESSAGE][PASSED] - Object '' is visible

2020-10-19 13:01:17 - [MESSAGE][PASSED] - Object '' is present

2020-10-19 13:01:18 - [MESSAGE][PASSED] - Text 'testing' is set on object ''

2020-10-19 13:01:18 - [MESSAGE][PASSED] - Consumer_Payment_Making.ts:Entered'testing into Comments

2020-10-19 13:01:18 - [TEST_STEP][PASSED] - waitForPageLoad(0): Wait for page load successfully

2020-10-19 13:01:18 - [MESSAGE][WARNING] - Timeout '0' is invalid. Using default page load timeout: '30'

2020-10-19 13:01:18 - [MESSAGE][PASSED] - Wait for page load successfully

2020-10-19 13:01:18 - [TEST_STEP][PASSED] - utilities.SafeActions.safeSelectOptionInDropdownByVisibleText(findTestObject("MAKE_ PAYMENT/Home_ Page/CARD_TYPE"), CardType, "CardType", [pageLoadTime]): selected dropdown option by visible text  American Expressfrom CardType

2020-10-19 13:01:19 - [MESSAGE][PASSED] - Object 'Object Repository/MAKE_ PAYMENT/Home_ Page/CARD_TYPE' is visible

2020-10-19 13:01:19 - [MESSAGE][PASSED] - Object 'Object Repository/MAKE_ PAYMENT/Home_ Page/CARD_TYPE' is present

2020-10-19 13:01:20 - [MESSAGE][PASSED] - Object: 'Object Repository/MAKE_ PAYMENT/Home_ Page/CARD_TYPE' is clicked on

2020-10-19 13:01:21 - [MESSAGE][PASSED] - All options with label 'American Express' are selected in object 'Object Repository/MAKE_ PAYMENT/Home_ Page/CARD_TYPE'  using regular expression

2020-10-19 13:01:21 - [MESSAGE][PASSED] - selected dropdown option by visible text  American Expressfrom CardType

2020-10-19 13:01:21 - [TEST_STEP][PASSED] - utilities.SafeActions.safeSelectOptionInDropdownByVisibleText(findTestObject("MAKE_ PAYMENT/Home_ Page/PAYMENT_TYPE"), paymentType, "Payment Type", [pageLoadTime]): selected dropdown option by visible text  Taxesfrom Payment Type

2020-10-19 13:01:22 - [MESSAGE][PASSED] - Object 'Object Repository/MAKE_ PAYMENT/Home_ Page/PAYMENT_TYPE' is visible

2020-10-19 13:01:22 - [MESSAGE][PASSED] - Object 'Object Repository/MAKE_ PAYMENT/Home_ Page/PAYMENT_TYPE' is present

2020-10-19 13:01:23 - [MESSAGE][PASSED] - Object: 'Object Repository/MAKE_ PAYMENT/Home_ Page/PAYMENT_TYPE' is clicked on

2020-10-19 13:01:24 - [MESSAGE][PASSED] - All options with label 'Taxes' are selected in object 'Object Repository/MAKE_ PAYMENT/Home_ Page/PAYMENT_TYPE'  using regular expression

2020-10-19 13:01:24 - [MESSAGE][PASSED] - selected dropdown option by visible text  Taxesfrom Payment Type

2020-10-19 13:01:24 - [TEST_STEP][PASSED] - utilities.SafeActions.safeClick(findTestObject("MAKE_ PAYMENT/Home_ Page/NEXT_BUTTON"), "Continue", [pageLoadTime]): Consumer_Payment_Making.ts:Clicked on the Continue

2020-10-19 13:01:24 - [MESSAGE][INFO] - safeClicking

2020-10-19 13:01:24 - [MESSAGE][PASSED] - Object 'Object Repository/MAKE_ PAYMENT/Home_ Page/NEXT_BUTTON' is present

2020-10-19 13:01:25 - [MESSAGE][PASSED] - Object 'Object Repository/MAKE_ PAYMENT/Home_ Page/NEXT_BUTTON' is clickable

2020-10-19 13:01:29 - [MESSAGE][PASSED] - Object: 'Object Repository/MAKE_ PAYMENT/Home_ Page/NEXT_BUTTON' is clicked on

2020-10-19 13:01:29 - [MESSAGE][PASSED] - Consumer_Payment_Making.ts:Clicked on the Continue

2020-10-19 13:01:29 - [TEST_STEP][PASSED] - pages.Payment_Page.setPersonalDetails(firstName, lastName, telephone): Consumer_Payment_Making.ts:Entered'9640400667 into Telephone

2020-10-19 13:01:31 - [MESSAGE][PASSED] - Object 'Object Repository/MAKE_ PAYMENT/Consumer_Personal_ Details/FIRST_NAME' is present

2020-10-19 13:01:31 - [MESSAGE][PASSED] - Object 'Object Repository/MAKE_ PAYMENT/Consumer_Personal_ Details/FIRST_NAME' is visible

2020-10-19 13:01:31 - [MESSAGE][PASSED] - Object 'Object Repository/MAKE_ PAYMENT/Consumer_Personal_ Details/FIRST_NAME' is present

2020-10-19 13:01:33 - [MESSAGE][PASSED] - Text 'Susmitha' is set on object 'Object Repository/MAKE_ PAYMENT/Consumer_Personal_ Details/FIRST_NAME'

2020-10-19 13:01:33 - [MESSAGE][PASSED] - Consumer_Payment_Making.ts:Entered'Susmitha into FirstName

2020-10-19 13:01:33 - [MESSAGE][PASSED] - Object 'Object Repository/MAKE_ PAYMENT/Consumer_Personal_ Details/LAST_NAME' is present

2020-10-19 13:01:33 - [MESSAGE][PASSED] - Object 'Object Repository/MAKE_ PAYMENT/Consumer_Personal_ Details/LAST_NAME' is visible

2020-10-19 13:01:33 - [MESSAGE][PASSED] - Object 'Object Repository/MAKE_ PAYMENT/Consumer_Personal_ Details/LAST_NAME' is present

2020-10-19 13:01:35 - [MESSAGE][PASSED] - Text 'Angana' is set on object 'Object Repository/MAKE_ PAYMENT/Consumer_Personal_ Details/LAST_NAME'

2020-10-19 13:01:35 - [MESSAGE][PASSED] - Consumer_Payment_Making.ts:Entered'Angana into LastName

2020-10-19 13:01:35 - [MESSAGE][PASSED] - Object 'Object Repository/MAKE_ PAYMENT/Consumer_Personal_ Details/TELEPHONE' is present

2020-10-19 13:01:35 - [MESSAGE][PASSED] - Object 'Object Repository/MAKE_ PAYMENT/Consumer_Personal_ Details/TELEPHONE' is visible

2020-10-19 13:01:35 - [MESSAGE][PASSED] - Object 'Object Repository/MAKE_ PAYMENT/Consumer_Personal_ Details/TELEPHONE' is present

2020-10-19 13:01:37 - [MESSAGE][PASSED] - Text '9640400667' is set on object 'Object Repository/MAKE_ PAYMENT/Consumer_Personal_ Details/TELEPHONE'

2020-10-19 13:01:37 - [MESSAGE][PASSED] - Consumer_Payment_Making.ts:Entered'9640400667 into Telephone

2020-10-19 13:01:37 - [TEST_STEP][PASSED] - pages.Payment_Page.setLocationDetails(address, zipCode): Consumer_Payment_Making.ts:Entered'76102 into ZipCode

2020-10-19 13:01:37 - [MESSAGE][PASSED] - Object 'Object Repository/MAKE_ PAYMENT/Consumer_Personal_ Details/ADDRESS' is present

2020-10-19 13:01:37 - [MESSAGE][PASSED] - Object 'Object Repository/MAKE_ PAYMENT/Consumer_Personal_ Details/ADDRESS' is visible

2020-10-19 13:01:38 - [MESSAGE][PASSED] - Object 'Object Repository/MAKE_ PAYMENT/Consumer_Personal_ Details/ADDRESS' is present

2020-10-19 13:01:39 - [MESSAGE][PASSED] - Text '14-2' is set on object 'Object Repository/MAKE_ PAYMENT/Consumer_Personal_ Details/ADDRESS'

2020-10-19 13:01:39 - [MESSAGE][PASSED] - Consumer_Payment_Making.ts:Entered'14-2 into Address

2020-10-19 13:01:39 - [MESSAGE][PASSED] - Object 'Object Repository/MAKE_ PAYMENT/Consumer_Personal_ Details/ZIP_CODE' is present

2020-10-19 13:01:39 - [MESSAGE][PASSED] - Object 'Object Repository/MAKE_ PAYMENT/Consumer_Personal_ Details/ZIP_CODE' is visible

2020-10-19 13:01:40 - [MESSAGE][PASSED] - Object 'Object Repository/MAKE_ PAYMENT/Consumer_Personal_ Details/ZIP_CODE' is present

2020-10-19 13:01:41 - [MESSAGE][PASSED] - Text '76102' is set on object 'Object Repository/MAKE_ PAYMENT/Consumer_Personal_ Details/ZIP_CODE'

2020-10-19 13:01:41 - [MESSAGE][PASSED] - Consumer_Payment_Making.ts:Entered'76102 into ZipCode

2020-10-19 13:01:41 - [TEST_STEP][PASSED] - waitForElementClickable(findTestObject("MAKE_ PAYMENT/Home_ Page/CONTINUE"), 30): Object 'Object Repository/MAKE_ PAYMENT/Home_ Page/CONTINUE' is clickable

2020-10-19 13:01:41 - [MESSAGE][PASSED] - Object 'Object Repository/MAKE_ PAYMENT/Home_ Page/CONTINUE' is clickable

2020-10-19 13:01:41 - [TEST_STEP][PASSED] - pages.Payment_Page.clickOnElement(findTestObject("MAKE_ PAYMENT/Home_ Page/CONTINUE")): pages.Payment_Page.clickOnElement is PASSED

2020-10-19 13:01:46 - [MESSAGE][PASSED] - Execute JavaScript 'arguments[0].click()' successfully

2020-10-19 13:01:46 - [MESSAGE][PASSED] - pages.Payment_Page.clickOnElement is PASSED

2020-10-19 13:01:46 - [TEST_STEP][PASSED] - waitForElementClickable(findTestObject("MAKE_ PAYMENT/Consumer_Personal_ Details/CheckBox"), 30): Object 'Object Repository/MAKE_ PAYMENT/Consumer_Personal_ Details/CheckBox' is clickable

2020-10-19 13:01:47 - [MESSAGE][PASSED] - Object 'Object Repository/MAKE_ PAYMENT/Consumer_Personal_ Details/CheckBox' is clickable

2020-10-19 13:01:47 - [TEST_STEP][PASSED] - utilities.SafeActions.safeCheck(findTestObject("MAKE_ PAYMENT/Consumer_Personal_ Details/CheckBox"), "Billing CheckBox", [pageLoadTime]): Consumer_Payment_Making.ts:Checkbox 'Billing CheckBox'is selected

2020-10-19 13:01:48 - [MESSAGE][PASSED] - Object 'Object Repository/MAKE_ PAYMENT/Consumer_Personal_ Details/CheckBox' is present

2020-10-19 13:01:49 - [MESSAGE][PASSED] - Object 'Object Repository/MAKE_ PAYMENT/Consumer_Personal_ Details/CheckBox' is present

2020-10-19 13:01:50 - [MESSAGE][PASSED] - Object: 'Object Repository/MAKE_ PAYMENT/Consumer_Personal_ Details/CheckBox' is clicked on

2020-10-19 13:01:50 - [MESSAGE][PASSED] - Consumer_Payment_Making.ts:Checkbox 'Billing CheckBox'is selected

2020-10-19 13:01:50 - [TEST_STEP][PASSED] - waitForPageLoad(2): Wait for page load successfully

2020-10-19 13:01:53 - [MESSAGE][PASSED] - Wait for page load successfully

2020-10-19 13:01:53 - [TEST_STEP][PASSED] - utilities.SafeActions.safeClick(findTestObject("MAKE_ PAYMENT/Home_ Page/CONTINUE"), "Continue", [pageLoadTime]): Consumer_Payment_Making.ts:Clicked on the Continue

2020-10-19 13:01:53 - [MESSAGE][INFO] - safeClicking

2020-10-19 13:01:54 - [MESSAGE][PASSED] - Object 'Object Repository/MAKE_ PAYMENT/Home_ Page/CONTINUE' is present

2020-10-19 13:01:54 - [MESSAGE][PASSED] - Object 'Object Repository/MAKE_ PAYMENT/Home_ Page/CONTINUE' is clickable

2020-10-19 13:01:57 - [MESSAGE][PASSED] - Object: 'Object Repository/MAKE_ PAYMENT/Home_ Page/CONTINUE' is clicked on

2020-10-19 13:01:57 - [MESSAGE][PASSED] - Consumer_Payment_Making.ts:Clicked on the Continue

2020-10-19 13:01:57 - [TEST_STEP][PASSED] - delay(2): Delayed 2 second(s)

2020-10-19 13:01:59 - [MESSAGE][PASSED] - Delayed 2 second(s)

2020-10-19 13:01:59 - [TEST_STEP][PASSED] - pages.Payment_Page.setCardDetails(cardNum, securityCode, expYear, expMonth): Actual text '374245003731006' and expected text '374245003731006' are matched  using regular expression

2020-10-19 13:01:59 - [MESSAGE][PASSED] - Object 'Object Repository/MAKE_ PAYMENT/Consumer_Personal_ Details/CARD_NUM' is present

2020-10-19 13:02:00 - [MESSAGE][PASSED] - Object 'Object Repository/MAKE_ PAYMENT/Consumer_Personal_ Details/CARD_NUM' is visible

2020-10-19 13:02:00 - [MESSAGE][PASSED] - Object 'Object Repository/MAKE_ PAYMENT/Consumer_Personal_ Details/CARD_NUM' is present

2020-10-19 13:02:01 - [MESSAGE][PASSED] - Text '374245003731006' is set on object 'Object Repository/MAKE_ PAYMENT/Consumer_Personal_ Details/CARD_NUM'

2020-10-19 13:02:01 - [MESSAGE][PASSED] - Consumer_Payment_Making.ts:Entered'374245003731006 into CardNum

2020-10-19 13:02:02 - [MESSAGE][PASSED] - Object 'Object Repository/MAKE_ PAYMENT/Consumer_Personal_ Details/EXP_MONTH' is visible

2020-10-19 13:02:02 - [MESSAGE][PASSED] - Object 'Object Repository/MAKE_ PAYMENT/Consumer_Personal_ Details/EXP_MONTH' is present

2020-10-19 13:02:03 - [MESSAGE][PASSED] - Object: 'Object Repository/MAKE_ PAYMENT/Consumer_Personal_ Details/EXP_MONTH' is clicked on

2020-10-19 13:02:04 - [MESSAGE][PASSED] - All options with label '03' are selected in object 'Object Repository/MAKE_ PAYMENT/Consumer_Personal_ Details/EXP_MONTH'  using regular expression

2020-10-19 13:02:04 - [MESSAGE][PASSED] - selected dropdown option by visible text  03from Month

2020-10-19 13:02:04 - [MESSAGE][PASSED] - Object 'Object Repository/MAKE_ PAYMENT/Consumer_Personal_ Details/EXP_YEAR' is visible

2020-10-19 13:02:05 - [MESSAGE][PASSED] - Object 'Object Repository/MAKE_ PAYMENT/Consumer_Personal_ Details/EXP_YEAR' is present

2020-10-19 13:02:06 - [MESSAGE][PASSED] - Object: 'Object Repository/MAKE_ PAYMENT/Consumer_Personal_ Details/EXP_YEAR' is clicked on

2020-10-19 13:02:07 - [MESSAGE][PASSED] - All options with label '2025' are selected in object 'Object Repository/MAKE_ PAYMENT/Consumer_Personal_ Details/EXP_YEAR'  using regular expression

2020-10-19 13:02:07 - [MESSAGE][PASSED] - selected dropdown option by visible text  2025from year

2020-10-19 13:02:07 - [MESSAGE][PASSED] - Object 'Object Repository/MAKE_ PAYMENT/Consumer_Personal_ Details/SECURITY_CODE' is present

2020-10-19 13:02:08 - [MESSAGE][PASSED] - Object 'Object Repository/MAKE_ PAYMENT/Consumer_Personal_ Details/SECURITY_CODE' is visible

2020-10-19 13:02:08 - [MESSAGE][PASSED] - Object 'Object Repository/MAKE_ PAYMENT/Consumer_Personal_ Details/SECURITY_CODE' is present

2020-10-19 13:02:09 - [MESSAGE][PASSED] - Text '111' is set on object 'Object Repository/MAKE_ PAYMENT/Consumer_Personal_ Details/SECURITY_CODE'

2020-10-19 13:02:09 - [MESSAGE][PASSED] - Consumer_Payment_Making.ts:Entered'111 into SecurityCode

2020-10-19 13:02:09 - [MESSAGE][PASSED] - Attribute 'value' of object 'Object Repository/MAKE_ PAYMENT/Consumer_Personal_ Details/CARD_NUM' is: '374245003731006'

2020-10-19 13:02:09 - [MESSAGE][PASSED] - Actual text '374245003731006' and expected text '374245003731006' are matched  using regular expression

2020-10-19 13:02:09 - [TEST_STEP][PASSED] - utilities.SafeActions.safeType(findTestObject("MAKE_ PAYMENT/Consumer_Personal_ Details/EMAIL_ADDRESS"), emailAddress, "EmailAddress", [pageLoadTime]): Consumer_Payment_Making.ts:Entered'testing@zenq.com into EmailAddress

2020-10-19 13:02:10 - [MESSAGE][PASSED] - Object 'Object Repository/MAKE_ PAYMENT/Consumer_Personal_ Details/EMAIL_ADDRESS' is present

2020-10-19 13:02:10 - [MESSAGE][PASSED] - Object 'Object Repository/MAKE_ PAYMENT/Consumer_Personal_ Details/EMAIL_ADDRESS' is visible

2020-10-19 13:02:10 - [MESSAGE][PASSED] - Object 'Object Repository/MAKE_ PAYMENT/Consumer_Personal_ Details/EMAIL_ADDRESS' is present

2020-10-19 13:02:12 - [MESSAGE][PASSED] - Text 'testing@zenq.com' is set on object 'Object Repository/MAKE_ PAYMENT/Consumer_Personal_ Details/EMAIL_ADDRESS'

2020-10-19 13:02:12 - [MESSAGE][PASSED] - Consumer_Payment_Making.ts:Entered'testing@zenq.com into EmailAddress

2020-10-19 13:02:12 - [TEST_STEP][PASSED] - utilities.SafeActions.safeClick(findTestObject("MAKE_ PAYMENT/Home_ Page/CONTINUE"), "Continue", [pageLoadTime]): Consumer_Payment_Making.ts:Clicked on the Continue

2020-10-19 13:02:12 - [MESSAGE][INFO] - safeClicking

2020-10-19 13:02:12 - [MESSAGE][PASSED] - Object 'Object Repository/MAKE_ PAYMENT/Home_ Page/CONTINUE' is present

2020-10-19 13:02:12 - [MESSAGE][PASSED] - Object 'Object Repository/MAKE_ PAYMENT/Home_ Page/CONTINUE' is clickable

2020-10-19 13:02:16 - [MESSAGE][PASSED] - Object: 'Object Repository/MAKE_ PAYMENT/Home_ Page/CONTINUE' is clicked on

2020-10-19 13:02:16 - [MESSAGE][PASSED] - Consumer_Payment_Making.ts:Clicked on the Continue

2020-10-19 13:02:16 - [TEST_STEP][PASSED] - utilities.SafeActions.safeClick(findTestObject("MAKE_ PAYMENT/Consumer_Personal_ Details/I_AGREE"), "I agree", [pageLoadTime]): Consumer_Payment_Making.ts:Clicked on the I agree

2020-10-19 13:02:16 - [MESSAGE][INFO] - safeClicking

2020-10-19 13:02:17 - [MESSAGE][PASSED] - Object 'Object Repository/MAKE_ PAYMENT/Consumer_Personal_ Details/I_AGREE' is present

2020-10-19 13:02:18 - [MESSAGE][PASSED] - Object 'Object Repository/MAKE_ PAYMENT/Consumer_Personal_ Details/I_AGREE' is clickable

2020-10-19 13:02:22 - [MESSAGE][PASSED] - Object: 'Object Repository/MAKE_ PAYMENT/Consumer_Personal_ Details/I_AGREE' is clicked on

2020-10-19 13:02:22 - [MESSAGE][PASSED] - Consumer_Payment_Making.ts:Clicked on the I agree

2020-10-19 13:02:22 - [TEST_STEP][PASSED] - pages.Payment_Page.verifyUserDetails(firstName, lastName, emailAddress, CardType, ""): CardType matched

2020-10-19 13:02:23 - [MESSAGE][PASSED] - Scroll to object 'Object Repository/MAKE_ PAYMENT/Verification_ Details/FIRST_NAME' successfully

2020-10-19 13:02:23 - [MESSAGE][PASSED] - Text of object 'Object Repository/MAKE_ PAYMENT/Verification_ Details/FIRST_NAME' is: 'Susmitha'

2020-10-19 13:02:23 - [MESSAGE][PASSED] - Actual text 'Susmitha' and expected text 'Susmitha' are matched  using regular expression

2020-10-19 13:02:23 - [MESSAGE][PASSED] - Text of object 'Object Repository/MAKE_ PAYMENT/Verification_ Details/LAST_NAME' is: 'Angana'

2020-10-19 13:02:23 - [MESSAGE][PASSED] - Actual text 'Angana' and expected text 'Angana' are matched  using regular expression

2020-10-19 13:02:26 - [MESSAGE][PASSED] - Text of object 'Object Repository/MAKE_ PAYMENT/Verification_ Details/EMAIL_ADDRESS' is: 'testing@zenq.com'

2020-10-19 13:02:26 - [MESSAGE][PASSED] - Actual text 'testing@zenq.com' and expected text 'testing@zenq.com' are matched  using regular expression

2020-10-19 13:02:26 - [MESSAGE][PASSED] - Text of object 'Object Repository/MAKE_ PAYMENT/Verification_ Details/CARD_TYPE' is: 'American Express'

2020-10-19 13:02:26 - [MESSAGE][PASSED] - Actual text 'American Express' and expected text 'American Express' are matched  using regular expression

2020-10-19 13:02:26 - [MESSAGE][PASSED] - CardType matched

2020-10-19 13:02:26 - [TEST_STEP][PASSED] - utilities.SafeActions.safeClick(findTestObject("MAKE_ PAYMENT/Verification_ Details/PROCESS_PAYMENT"), "Process Payment", [pageLoadTime]): Consumer_Payment_Making.ts:Clicked on the Process Payment

2020-10-19 13:02:26 - [MESSAGE][INFO] - safeClicking

2020-10-19 13:02:27 - [MESSAGE][PASSED] - Object 'Object Repository/MAKE_ PAYMENT/Verification_ Details/PROCESS_PAYMENT' is present

2020-10-19 13:02:27 - [MESSAGE][PASSED] - Object 'Object Repository/MAKE_ PAYMENT/Verification_ Details/PROCESS_PAYMENT' is clickable

2020-10-19 13:02:28 - [MESSAGE][PASSED] - Object: 'Object Repository/MAKE_ PAYMENT/Verification_ Details/PROCESS_PAYMENT' is clicked on

2020-10-19 13:02:28 - [MESSAGE][PASSED] - Consumer_Payment_Making.ts:Clicked on the Process Payment

2020-10-19 13:02:28 - [TEST_STEP][PASSED] - utilities.SafeActions.safeClick(findTestObject("MAKE_ PAYMENT/Verification_ Details/YES_BUTTON"), "yes button", [pageLoadTime]): Consumer_Payment_Making.ts:Clicked on the yes button

2020-10-19 13:02:28 - [MESSAGE][INFO] - safeClicking

2020-10-19 13:02:29 - [MESSAGE][PASSED] - Object 'Object Repository/MAKE_ PAYMENT/Verification_ Details/YES_BUTTON' is present

2020-10-19 13:02:29 - [MESSAGE][PASSED] - Object 'Object Repository/MAKE_ PAYMENT/Verification_ Details/YES_BUTTON' is clickable

2020-10-19 13:03:15 - [MESSAGE][PASSED] - Object: 'Object Repository/MAKE_ PAYMENT/Verification_ Details/YES_BUTTON' is clicked on

2020-10-19 13:03:15 - [MESSAGE][PASSED] - Consumer_Payment_Making.ts:Clicked on the yes button

2020-10-19 13:03:15 - [TEST_STEP][PASSED] - PaymentId = pages.Payment_Page.verifyCardPaymentApproval(referenceNum): pages.Payment_Page.verifyCardPaymentApproval is PASSED

2020-10-19 13:03:17 - [MESSAGE][PASSED] - Text of object 'Object Repository/MAKE_ PAYMENT/Verification_ Details/PAY_ID_CARD' is: '100176131596'

2020-10-19 13:03:20 - [MESSAGE][PASSED] - Text of object 'Object Repository/MAKE_ PAYMENT/Verification_ Details/REFERENCE_NUM' is: '11'

2020-10-19 13:03:20 - [MESSAGE][PASSED] - pages.Payment_Page.verifyCardPaymentApproval is PASSED

2020-10-19 13:03:20 - [TEST_STEP][PASSED] - utilities.SafeActions.safeClick(findTestObject("SEARCH_PAYMENT/SEARCH_PAYMENT"), "Search Payment", [pageLoadTime]): Consumer_Payment_Making.ts:Clicked on the Search Payment

2020-10-19 13:03:20 - [MESSAGE][INFO] - safeClicking

2020-10-19 13:03:20 - [MESSAGE][PASSED] - Object 'Object Repository/SEARCH_PAYMENT/SEARCH_PAYMENT' is present

2020-10-19 13:03:21 - [MESSAGE][PASSED] - Object 'Object Repository/SEARCH_PAYMENT/SEARCH_PAYMENT' is clickable

2020-10-19 13:03:22 - [MESSAGE][PASSED] - Object: 'Object Repository/SEARCH_PAYMENT/SEARCH_PAYMENT' is clicked on

2020-10-19 13:03:22 - [MESSAGE][PASSED] - Consumer_Payment_Making.ts:Clicked on the Search Payment

2020-10-19 13:03:22 - [TEST_STEP][PASSED] - waitForPageLoad(10): Wait for page load successfully

2020-10-19 13:03:22 - [MESSAGE][PASSED] - Wait for page load successfully

2020-10-19 13:03:22 - [TEST_STEP][PASSED] - pages.Search_Page.switchToWindow(): pages.Search_Page.switchToWindow is PASSED

2020-10-19 13:03:24 - [MESSAGE][PASSED] - Object: 'Object Repository/SEARCH_PAYMENT/SEARCH_PAYMENT' is clicked on

2020-10-19 13:03:24 - [MESSAGE][PASSED] - Switched to window with index: '1'

2020-10-19 13:03:24 - [MESSAGE][PASSED] - pages.Search_Page.switchToWindow is PASSED

2020-10-19 13:03:24 - [TEST_STEP][PASSED] - waitForElementClickable(findTestObject("SEARCH_PAYMENT/CREDIT_OR_DEBIT_CARD"), 0): Object 'Object Repository/SEARCH_PAYMENT/CREDIT_OR_DEBIT_CARD' is clickable

2020-10-19 13:03:24 - [MESSAGE][WARNING] - Timeout '0' is invalid. Using default page load timeout: '30'

2020-10-19 13:03:28 - [MESSAGE][PASSED] - Object 'Object Repository/SEARCH_PAYMENT/CREDIT_OR_DEBIT_CARD' is clickable

2020-10-19 13:03:28 - [TEST_STEP][PASSED] - utilities.SafeActions.safeCheck(findTestObject("SEARCH_PAYMENT/CREDIT_OR_DEBIT_CARD"), "Credit card", [pageLoadTime]): Consumer_Payment_Making.ts:Checkbox 'Credit card'is selected

2020-10-19 13:03:29 - [MESSAGE][PASSED] - Object 'Object Repository/SEARCH_PAYMENT/CREDIT_OR_DEBIT_CARD' is present

2020-10-19 13:03:30 - [MESSAGE][PASSED] - Object 'Object Repository/SEARCH_PAYMENT/CREDIT_OR_DEBIT_CARD' is present

2020-10-19 13:03:31 - [MESSAGE][PASSED] - Object: 'Object Repository/SEARCH_PAYMENT/CREDIT_OR_DEBIT_CARD' is clicked on

2020-10-19 13:03:31 - [MESSAGE][PASSED] - Consumer_Payment_Making.ts:Checkbox 'Credit card'is selected

2020-10-19 13:03:31 - [TEST_STEP][PASSED] - pages.Search_Page.setSearchDetails(lastName, cardNum, accNum): Credit card is checked and cardNum is entered 

2020-10-19 13:03:31 - [MESSAGE][PASSED] - Object 'Object Repository/SEARCH_PAYMENT/BILLING_LAST_NAME' is present

2020-10-19 13:03:32 - [MESSAGE][PASSED] - Object 'Object Repository/SEARCH_PAYMENT/BILLING_LAST_NAME' is visible

2020-10-19 13:03:32 - [MESSAGE][PASSED] - Object 'Object Repository/SEARCH_PAYMENT/BILLING_LAST_NAME' is present

2020-10-19 13:03:33 - [MESSAGE][PASSED] - Text 'Angana' is set on object 'Object Repository/SEARCH_PAYMENT/BILLING_LAST_NAME'

2020-10-19 13:03:33 - [MESSAGE][PASSED] - Consumer_Payment_Making.ts:Entered'Angana into LastName

2020-10-19 13:03:33 - [MESSAGE][PASSED] - Object 'Object Repository/SEARCH_PAYMENT/CREDIT_OR_DEBIT_CARD' is checked

2020-10-19 13:03:34 - [MESSAGE][PASSED] - Object 'Object Repository/SEARCH_PAYMENT/CARD_NUMBER' is present

2020-10-19 13:03:34 - [MESSAGE][PASSED] - Object 'Object Repository/SEARCH_PAYMENT/CARD_NUMBER' is visible

2020-10-19 13:03:34 - [MESSAGE][PASSED] - Object 'Object Repository/SEARCH_PAYMENT/CARD_NUMBER' is present

2020-10-19 13:03:36 - [MESSAGE][PASSED] - Text '374245003731006' is set on object 'Object Repository/SEARCH_PAYMENT/CARD_NUMBER'

2020-10-19 13:03:36 - [MESSAGE][PASSED] - Consumer_Payment_Making.ts:Entered'374245003731006 into CArdNum

2020-10-19 13:03:36 - [MESSAGE][PASSED] - Credit card is checked and cardNum is entered 

2020-10-19 13:03:36 - [TEST_STEP][PASSED] - utilities.SafeActions.safeClick(findTestObject("SEARCH_PAYMENT/SEARCH_BUTTON"), "Search", [pageLoadTime]): Consumer_Payment_Making.ts:Clicked on the Search

2020-10-19 13:03:36 - [MESSAGE][INFO] - safeClicking

2020-10-19 13:03:36 - [MESSAGE][PASSED] - Object 'Object Repository/SEARCH_PAYMENT/SEARCH_BUTTON' is present

2020-10-19 13:03:36 - [MESSAGE][PASSED] - Object 'Object Repository/SEARCH_PAYMENT/SEARCH_BUTTON' is clickable

2020-10-19 13:03:41 - [MESSAGE][PASSED] - Object: 'Object Repository/SEARCH_PAYMENT/SEARCH_BUTTON' is clicked on

2020-10-19 13:03:41 - [MESSAGE][PASSED] - Consumer_Payment_Making.ts:Clicked on the Search

2020-10-19 13:03:41 - [TEST_STEP][PASSED] - pages.Payment_Page.verifyPaymentDetailsInReceipt(PaymentId): pages.Payment_Page.verifyPaymentDetailsInReceipt is PASSED

2020-10-19 13:03:43 - [MESSAGE][PASSED] - Text of object 'Object Repository/SEARCH_PAYMENT/REFERNCE_NUM' is: '11'

2020-10-19 13:03:43 - [MESSAGE][PASSED] - Text of object 'Object Repository/SEARCH_PAYMENT/PAYMENT_ID' is: '100176131596'

2020-10-19 13:03:43 - [MESSAGE][PASSED] - pages.Payment_Page.verifyPaymentDetailsInReceipt is PASSED

2020-10-19 13:03:43 - [TEST_STEP][PASSED] - utilities.SafeActions.safeClick(findTestObject("SEARCH_PAYMENT/SEARCH_ ICON"), "SearchIcon", [pageLoadTime]): Consumer_Payment_Making.ts:Clicked on the SearchIcon

2020-10-19 13:03:43 - [MESSAGE][INFO] - safeClicking

2020-10-19 13:03:44 - [MESSAGE][PASSED] - Object 'Object Repository/SEARCH_PAYMENT/SEARCH_ ICON' is present

2020-10-19 13:03:44 - [MESSAGE][PASSED] - Object 'Object Repository/SEARCH_PAYMENT/SEARCH_ ICON' is clickable

2020-10-19 13:03:45 - [MESSAGE][PASSED] - Object: 'Object Repository/SEARCH_PAYMENT/SEARCH_ ICON' is clicked on

2020-10-19 13:03:45 - [MESSAGE][PASSED] - Consumer_Payment_Making.ts:Clicked on the SearchIcon

2020-10-19 13:03:45 - [TEST_STEP][PASSED] - delay(2): Delayed 2 second(s)

2020-10-19 13:03:47 - [MESSAGE][PASSED] - Delayed 2 second(s)

2020-10-19 13:03:47 - [TEST_STEP][PASSED] - scrollToElement(findTestObject("SEARCH_PAYMENT/CLOSE_BUTTON"), 0): Scroll to object 'Object Repository/SEARCH_PAYMENT/CLOSE_BUTTON' successfully

2020-10-19 13:03:47 - [MESSAGE][WARNING] - Timeout '0' is invalid. Using default page load timeout: '30'

2020-10-19 13:03:48 - [MESSAGE][PASSED] - Scroll to object 'Object Repository/SEARCH_PAYMENT/CLOSE_BUTTON' successfully

2020-10-19 13:03:48 - [TEST_STEP][PASSED] - utilities.SafeActions.safeClick(findTestObject("SEARCH_PAYMENT/EMAIL_ RECEIPT"), "Email Receipt", [pageLoadTime]): Consumer_Payment_Making.ts:Clicked on the Email Receipt

2020-10-19 13:03:48 - [MESSAGE][INFO] - safeClicking

2020-10-19 13:03:48 - [MESSAGE][PASSED] - Object 'Object Repository/SEARCH_PAYMENT/EMAIL_ RECEIPT' is present

2020-10-19 13:03:48 - [MESSAGE][PASSED] - Object 'Object Repository/SEARCH_PAYMENT/EMAIL_ RECEIPT' is clickable

2020-10-19 13:03:49 - [MESSAGE][PASSED] - Object: 'Object Repository/SEARCH_PAYMENT/EMAIL_ RECEIPT' is clicked on

2020-10-19 13:03:49 - [MESSAGE][PASSED] - Consumer_Payment_Making.ts:Clicked on the Email Receipt

2020-10-19 13:03:49 - [TEST_STEP][PASSED] - utilities.SafeActions.safeClick(findTestObject("SEARCH_PAYMENT/SEND_ EMAIL_BUTTON"), "Send Email", [pageLoadTime]): Consumer_Payment_Making.ts:Clicked on the Send Email

2020-10-19 13:03:50 - [MESSAGE][INFO] - safeClicking

2020-10-19 13:03:50 - [MESSAGE][PASSED] - Object 'Object Repository/SEARCH_PAYMENT/SEND_ EMAIL_BUTTON' is present

2020-10-19 13:03:51 - [MESSAGE][PASSED] - Object 'Object Repository/SEARCH_PAYMENT/SEND_ EMAIL_BUTTON' is clickable

2020-10-19 13:03:52 - [MESSAGE][PASSED] - Object: 'Object Repository/SEARCH_PAYMENT/SEND_ EMAIL_BUTTON' is clicked on

2020-10-19 13:03:52 - [MESSAGE][PASSED] - Consumer_Payment_Making.ts:Clicked on the Send Email

2020-10-19 13:03:52 - [TEST_STEP][PASSED] - Start listener action : afterTestCase: Browser is closed

2020-10-19 13:03:52 - [TEST_STEP][PASSED] - closeBrowser(): Browser is closed

2020-10-19 13:03:53 - [MESSAGE][PASSED] - Browser is closed]]></system-out>
         <system-err><![CDATA[]]></system-err>
      </testcase>
      <testcase name="Test Cases/Consumer_Make_Payment/TC_002_Credit_MultiLine_Payment" time="166.509" classname="Test Cases/Consumer_Make_Payment/TC_002_Credit_MultiLine_Payment" status="PASSED">
         <system-out><![CDATA[2020-10-19 13:03:53 - [TEST_CASE][PASSED] - Test Cases/Consumer_Make_Payment/TC_002_Credit_MultiLine_Payment: Test Cases/Consumer_Make_Payment/TC_002_Credit_MultiLine_Payment

2020-10-19 13:03:54 - [TEST_STEP][PASSED] - Start listener action : beforeTestCase: null

2020-10-19 13:03:54 - [TEST_STEP][PASSED] - utilities.SafeActions.openBrowser(certpay_url, [pageLoadTime]): Browser launched successfully

2020-10-19 13:03:54 - [MESSAGE][INFO] - Opening Browser

2020-10-19 13:03:54 - [MESSAGE][INFO] - Starting 'Chrome' driver

2020-10-19 13:04:04 - [MESSAGE][PASSED] - Browser is opened with url: 'https://qa-certpay.faps.net/'

2020-10-19 13:04:06 - [MESSAGE][PASSED] - Current window maximized

2020-10-19 13:04:06 - [MESSAGE][PASSED] - Browser launched successfully

2020-10-19 13:04:06 - [TEST_STEP][PASSED] - utilities.SafeActions.safeType(findTestObject("MAKE_ PAYMENT/Home_ Page/BUREAU_CODE"), bureauCode, "Bureau code", [pageLoadTime]): Consumer_Payment_Making.ts:Entered'6100000 into Bureau code

2020-10-19 13:04:07 - [MESSAGE][PASSED] - Object 'Object Repository/MAKE_ PAYMENT/Home_ Page/BUREAU_CODE' is present

2020-10-19 13:04:07 - [MESSAGE][PASSED] - Object 'Object Repository/MAKE_ PAYMENT/Home_ Page/BUREAU_CODE' is visible

2020-10-19 13:04:07 - [MESSAGE][PASSED] - Object 'Object Repository/MAKE_ PAYMENT/Home_ Page/BUREAU_CODE' is present

2020-10-19 13:04:08 - [MESSAGE][PASSED] - Text '6100000' is set on object 'Object Repository/MAKE_ PAYMENT/Home_ Page/BUREAU_CODE'

2020-10-19 13:04:08 - [MESSAGE][PASSED] - Consumer_Payment_Making.ts:Entered'6100000 into Bureau code

2020-10-19 13:04:08 - [TEST_STEP][PASSED] - utilities.SafeActions.safeClick(findTestObject("MAKE_ PAYMENT/Home_ Page/BEGIN_PAYMENT"), "Begin payment", [pageLoadTime]): Consumer_Payment_Making.ts:Clicked on the Begin payment

2020-10-19 13:04:08 - [MESSAGE][INFO] - safeClicking

2020-10-19 13:04:09 - [MESSAGE][PASSED] - Object 'Object Repository/MAKE_ PAYMENT/Home_ Page/BEGIN_PAYMENT' is present

2020-10-19 13:04:09 - [MESSAGE][PASSED] - Object 'Object Repository/MAKE_ PAYMENT/Home_ Page/BEGIN_PAYMENT' is clickable

2020-10-19 13:04:12 - [MESSAGE][PASSED] - Object: 'Object Repository/MAKE_ PAYMENT/Home_ Page/BEGIN_PAYMENT' is clicked on

2020-10-19 13:04:12 - [MESSAGE][PASSED] - Consumer_Payment_Making.ts:Clicked on the Begin payment

2020-10-19 13:04:12 - [TEST_STEP][PASSED] - utilities.SafeActions.safeClick(findTestObject("MAKE_ PAYMENT/Home_ Page/CONTINUE"), "Continue", [pageLoadTime]): Consumer_Payment_Making.ts:Clicked on the Continue

2020-10-19 13:04:12 - [MESSAGE][INFO] - safeClicking

2020-10-19 13:04:14 - [MESSAGE][PASSED] - Object 'Object Repository/MAKE_ PAYMENT/Home_ Page/CONTINUE' is present

2020-10-19 13:04:14 - [MESSAGE][PASSED] - Object 'Object Repository/MAKE_ PAYMENT/Home_ Page/CONTINUE' is clickable

2020-10-19 13:04:18 - [MESSAGE][PASSED] - Object: 'Object Repository/MAKE_ PAYMENT/Home_ Page/CONTINUE' is clicked on

2020-10-19 13:04:18 - [MESSAGE][PASSED] - Consumer_Payment_Making.ts:Clicked on the Continue

2020-10-19 13:04:18 - [TEST_STEP][PASSED] - pages.Payment_Page.setAmount("1", paymentAmount, "testing", referenceNum): Consumer_Payment_Making.ts:Entered'testing into Comments

2020-10-19 13:04:18 - [MESSAGE][PASSED] - Object '' is present

2020-10-19 13:04:18 - [MESSAGE][PASSED] - Object '' is visible

2020-10-19 13:04:19 - [MESSAGE][PASSED] - Object '' is present

2020-10-19 13:04:20 - [MESSAGE][PASSED] - Text '20.00' is set on object ''

2020-10-19 13:04:20 - [MESSAGE][PASSED] - Consumer_Payment_Making.ts:Entered'20.00 into Amount

2020-10-19 13:04:20 - [MESSAGE][PASSED] - Object '' is present

2020-10-19 13:04:21 - [MESSAGE][PASSED] - Object '' is visible

2020-10-19 13:04:21 - [MESSAGE][PASSED] - Object '' is present

2020-10-19 13:04:22 - [MESSAGE][PASSED] - Text '12' is set on object ''

2020-10-19 13:04:22 - [MESSAGE][PASSED] - Consumer_Payment_Making.ts:Entered'12 into Amount

2020-10-19 13:04:23 - [MESSAGE][PASSED] - Object '' is present

2020-10-19 13:04:23 - [MESSAGE][PASSED] - Object '' is visible

2020-10-19 13:04:23 - [MESSAGE][PASSED] - Object '' is present

2020-10-19 13:04:24 - [MESSAGE][PASSED] - Text 'testing' is set on object ''

2020-10-19 13:04:24 - [MESSAGE][PASSED] - Consumer_Payment_Making.ts:Entered'testing into Comments

2020-10-19 13:04:24 - [TEST_STEP][PASSED] - utilities.SafeActions.safeClick(findTestObject("MAKE_ PAYMENT/Home_ Page/ADD_ANOTHER_PROPERTY"), "Multi-Payment", [pageLoadTime]): Consumer_Payment_Making.ts:Clicked on the Multi-Payment

2020-10-19 13:04:24 - [MESSAGE][INFO] - safeClicking

2020-10-19 13:04:25 - [MESSAGE][PASSED] - Object 'Object Repository/MAKE_ PAYMENT/Home_ Page/ADD_ANOTHER_PROPERTY' is present

2020-10-19 13:04:25 - [MESSAGE][PASSED] - Object 'Object Repository/MAKE_ PAYMENT/Home_ Page/ADD_ANOTHER_PROPERTY' is clickable

2020-10-19 13:04:29 - [MESSAGE][PASSED] - Object: 'Object Repository/MAKE_ PAYMENT/Home_ Page/ADD_ANOTHER_PROPERTY' is clicked on

2020-10-19 13:04:29 - [MESSAGE][PASSED] - Consumer_Payment_Making.ts:Clicked on the Multi-Payment

2020-10-19 13:04:29 - [TEST_STEP][PASSED] - pages.Payment_Page.setAmount("2", paymentAmount2, "Payment for testing", "22"): Consumer_Payment_Making.ts:Entered'Payment for testing into Comments

2020-10-19 13:04:30 - [MESSAGE][PASSED] - Object '' is present

2020-10-19 13:04:31 - [MESSAGE][PASSED] - Object '' is visible

2020-10-19 13:04:31 - [MESSAGE][PASSED] - Object '' is present

2020-10-19 13:04:32 - [MESSAGE][PASSED] - Text '15.00' is set on object ''

2020-10-19 13:04:32 - [MESSAGE][PASSED] - Consumer_Payment_Making.ts:Entered'15.00 into Amount

2020-10-19 13:04:32 - [MESSAGE][PASSED] - Object '' is present

2020-10-19 13:04:33 - [MESSAGE][PASSED] - Object '' is visible

2020-10-19 13:04:33 - [MESSAGE][PASSED] - Object '' is present

2020-10-19 13:04:34 - [MESSAGE][PASSED] - Text '22' is set on object ''

2020-10-19 13:04:34 - [MESSAGE][PASSED] - Consumer_Payment_Making.ts:Entered'22 into Amount

2020-10-19 13:04:35 - [MESSAGE][PASSED] - Object '' is present

2020-10-19 13:04:35 - [MESSAGE][PASSED] - Object '' is visible

2020-10-19 13:04:35 - [MESSAGE][PASSED] - Object '' is present

2020-10-19 13:04:37 - [MESSAGE][PASSED] - Text 'Payment for testing' is set on object ''

2020-10-19 13:04:37 - [MESSAGE][PASSED] - Consumer_Payment_Making.ts:Entered'Payment for testing into Comments

2020-10-19 13:04:37 - [TEST_STEP][PASSED] - utilities.SafeActions.safeCheck(findTestObject("MAKE_ PAYMENT/Home_ Page/BANK_CARD"), "Bank card", [pageLoadTime]): Consumer_Payment_Making.ts:Checkbox 'Bank card'is selected

2020-10-19 13:04:37 - [MESSAGE][PASSED] - Object 'Object Repository/MAKE_ PAYMENT/Home_ Page/BANK_CARD' is present

2020-10-19 13:04:38 - [MESSAGE][PASSED] - Object 'Object Repository/MAKE_ PAYMENT/Home_ Page/BANK_CARD' is present

2020-10-19 13:04:39 - [MESSAGE][PASSED] - Object: 'Object Repository/MAKE_ PAYMENT/Home_ Page/BANK_CARD' is clicked on

2020-10-19 13:04:39 - [MESSAGE][PASSED] - Consumer_Payment_Making.ts:Checkbox 'Bank card'is selected

2020-10-19 13:04:39 - [TEST_STEP][PASSED] - waitForPageLoad(2): Wait for page load successfully

2020-10-19 13:04:39 - [MESSAGE][PASSED] - Wait for page load successfully

2020-10-19 13:04:39 - [TEST_STEP][PASSED] - utilities.SafeActions.safeSelectOptionInDropdownByVisibleText(findTestObject("MAKE_ PAYMENT/Home_ Page/CARD_TYPE"), cardType, "CardType", [pageLoadTime]): selected dropdown option by visible text  Discoverfrom CardType

2020-10-19 13:04:40 - [MESSAGE][PASSED] - Object 'Object Repository/MAKE_ PAYMENT/Home_ Page/CARD_TYPE' is visible

2020-10-19 13:04:40 - [MESSAGE][PASSED] - Object 'Object Repository/MAKE_ PAYMENT/Home_ Page/CARD_TYPE' is present

2020-10-19 13:04:41 - [MESSAGE][PASSED] - Object: 'Object Repository/MAKE_ PAYMENT/Home_ Page/CARD_TYPE' is clicked on

2020-10-19 13:04:42 - [MESSAGE][PASSED] - All options with label 'Discover' are selected in object 'Object Repository/MAKE_ PAYMENT/Home_ Page/CARD_TYPE'  using regular expression

2020-10-19 13:04:42 - [MESSAGE][PASSED] - selected dropdown option by visible text  Discoverfrom CardType

2020-10-19 13:04:42 - [TEST_STEP][PASSED] - utilities.SafeActions.safeSelectOptionInDropdownByVisibleText(findTestObject("MAKE_ PAYMENT/Home_ Page/PAYMENT_TYPE"), paymentType, "Payment Type", [pageLoadTime]): selected dropdown option by visible text  Giftsfrom Payment Type

2020-10-19 13:04:43 - [MESSAGE][PASSED] - Object 'Object Repository/MAKE_ PAYMENT/Home_ Page/PAYMENT_TYPE' is visible

2020-10-19 13:04:43 - [MESSAGE][PASSED] - Object 'Object Repository/MAKE_ PAYMENT/Home_ Page/PAYMENT_TYPE' is present

2020-10-19 13:04:44 - [MESSAGE][PASSED] - Object: 'Object Repository/MAKE_ PAYMENT/Home_ Page/PAYMENT_TYPE' is clicked on

2020-10-19 13:04:46 - [MESSAGE][PASSED] - All options with label 'Gifts' are selected in object 'Object Repository/MAKE_ PAYMENT/Home_ Page/PAYMENT_TYPE'  using regular expression

2020-10-19 13:04:46 - [MESSAGE][PASSED] - selected dropdown option by visible text  Giftsfrom Payment Type

2020-10-19 13:04:46 - [TEST_STEP][PASSED] - utilities.SafeActions.safeClick(findTestObject("MAKE_ PAYMENT/Home_ Page/CONTINUE"), "Continue", [pageLoadTime]): Consumer_Payment_Making.ts:Clicked on the Continue

2020-10-19 13:04:46 - [MESSAGE][INFO] - safeClicking

2020-10-19 13:04:46 - [MESSAGE][PASSED] - Object 'Object Repository/MAKE_ PAYMENT/Home_ Page/CONTINUE' is present

2020-10-19 13:04:46 - [MESSAGE][PASSED] - Object 'Object Repository/MAKE_ PAYMENT/Home_ Page/CONTINUE' is clickable

2020-10-19 13:04:50 - [MESSAGE][PASSED] - Object: 'Object Repository/MAKE_ PAYMENT/Home_ Page/CONTINUE' is clicked on

2020-10-19 13:04:50 - [MESSAGE][PASSED] - Consumer_Payment_Making.ts:Clicked on the Continue

2020-10-19 13:04:50 - [TEST_STEP][PASSED] - pages.Payment_Page.setPersonalDetails(firstName, lastName, telephone): Consumer_Payment_Making.ts:Entered'9640400667 into Telephone

2020-10-19 13:04:52 - [MESSAGE][PASSED] - Object 'Object Repository/MAKE_ PAYMENT/Consumer_Personal_ Details/FIRST_NAME' is present

2020-10-19 13:04:52 - [MESSAGE][PASSED] - Object 'Object Repository/MAKE_ PAYMENT/Consumer_Personal_ Details/FIRST_NAME' is visible

2020-10-19 13:04:52 - [MESSAGE][PASSED] - Object 'Object Repository/MAKE_ PAYMENT/Consumer_Personal_ Details/FIRST_NAME' is present

2020-10-19 13:04:53 - [MESSAGE][PASSED] - Text 'Soha' is set on object 'Object Repository/MAKE_ PAYMENT/Consumer_Personal_ Details/FIRST_NAME'

2020-10-19 13:04:53 - [MESSAGE][PASSED] - Consumer_Payment_Making.ts:Entered'Soha into FirstName

2020-10-19 13:04:54 - [MESSAGE][PASSED] - Object 'Object Repository/MAKE_ PAYMENT/Consumer_Personal_ Details/LAST_NAME' is present

2020-10-19 13:04:54 - [MESSAGE][PASSED] - Object 'Object Repository/MAKE_ PAYMENT/Consumer_Personal_ Details/LAST_NAME' is visible

2020-10-19 13:04:54 - [MESSAGE][PASSED] - Object 'Object Repository/MAKE_ PAYMENT/Consumer_Personal_ Details/LAST_NAME' is present

2020-10-19 13:04:56 - [MESSAGE][PASSED] - Text 'brave' is set on object 'Object Repository/MAKE_ PAYMENT/Consumer_Personal_ Details/LAST_NAME'

2020-10-19 13:04:56 - [MESSAGE][PASSED] - Consumer_Payment_Making.ts:Entered'brave into LastName

2020-10-19 13:04:56 - [MESSAGE][PASSED] - Object 'Object Repository/MAKE_ PAYMENT/Consumer_Personal_ Details/TELEPHONE' is present

2020-10-19 13:04:56 - [MESSAGE][PASSED] - Object 'Object Repository/MAKE_ PAYMENT/Consumer_Personal_ Details/TELEPHONE' is visible

2020-10-19 13:04:57 - [MESSAGE][PASSED] - Object 'Object Repository/MAKE_ PAYMENT/Consumer_Personal_ Details/TELEPHONE' is present

2020-10-19 13:04:58 - [MESSAGE][PASSED] - Text '9640400667' is set on object 'Object Repository/MAKE_ PAYMENT/Consumer_Personal_ Details/TELEPHONE'

2020-10-19 13:04:58 - [MESSAGE][PASSED] - Consumer_Payment_Making.ts:Entered'9640400667 into Telephone

2020-10-19 13:04:58 - [TEST_STEP][PASSED] - pages.Payment_Page.setLocationDetails(address, zipCode): Consumer_Payment_Making.ts:Entered'76120 into ZipCode

2020-10-19 13:04:58 - [MESSAGE][PASSED] - Object 'Object Repository/MAKE_ PAYMENT/Consumer_Personal_ Details/ADDRESS' is present

2020-10-19 13:04:59 - [MESSAGE][PASSED] - Object 'Object Repository/MAKE_ PAYMENT/Consumer_Personal_ Details/ADDRESS' is visible

2020-10-19 13:04:59 - [MESSAGE][PASSED] - Object 'Object Repository/MAKE_ PAYMENT/Consumer_Personal_ Details/ADDRESS' is present

2020-10-19 13:05:00 - [MESSAGE][PASSED] - Text '14-2' is set on object 'Object Repository/MAKE_ PAYMENT/Consumer_Personal_ Details/ADDRESS'

2020-10-19 13:05:00 - [MESSAGE][PASSED] - Consumer_Payment_Making.ts:Entered'14-2 into Address

2020-10-19 13:05:00 - [MESSAGE][PASSED] - Object 'Object Repository/MAKE_ PAYMENT/Consumer_Personal_ Details/ZIP_CODE' is present

2020-10-19 13:05:01 - [MESSAGE][PASSED] - Object 'Object Repository/MAKE_ PAYMENT/Consumer_Personal_ Details/ZIP_CODE' is visible

2020-10-19 13:05:01 - [MESSAGE][PASSED] - Object 'Object Repository/MAKE_ PAYMENT/Consumer_Personal_ Details/ZIP_CODE' is present

2020-10-19 13:05:02 - [MESSAGE][PASSED] - Text '76120' is set on object 'Object Repository/MAKE_ PAYMENT/Consumer_Personal_ Details/ZIP_CODE'

2020-10-19 13:05:02 - [MESSAGE][PASSED] - Consumer_Payment_Making.ts:Entered'76120 into ZipCode

2020-10-19 13:05:02 - [TEST_STEP][PASSED] - waitForElementClickable(findTestObject("MAKE_ PAYMENT/Home_ Page/CONTINUE"), 30): Object 'Object Repository/MAKE_ PAYMENT/Home_ Page/CONTINUE' is clickable

2020-10-19 13:05:03 - [MESSAGE][PASSED] - Object 'Object Repository/MAKE_ PAYMENT/Home_ Page/CONTINUE' is clickable

2020-10-19 13:05:03 - [TEST_STEP][PASSED] - pages.Payment_Page.clickOnElement(findTestObject("MAKE_ PAYMENT/Home_ Page/CONTINUE")): pages.Payment_Page.clickOnElement is PASSED

2020-10-19 13:05:06 - [MESSAGE][PASSED] - Execute JavaScript 'arguments[0].click()' successfully

2020-10-19 13:05:06 - [MESSAGE][PASSED] - pages.Payment_Page.clickOnElement is PASSED

2020-10-19 13:05:06 - [TEST_STEP][PASSED] - utilities.SafeActions.safeCheck(findTestObject("MAKE_ PAYMENT/Consumer_Personal_ Details/CheckBox"), "Billing CheckBox", [pageLoadTime]): Consumer_Payment_Making.ts:Checkbox 'Billing CheckBox'is selected

2020-10-19 13:05:08 - [MESSAGE][PASSED] - Object 'Object Repository/MAKE_ PAYMENT/Consumer_Personal_ Details/CheckBox' is present

2020-10-19 13:05:09 - [MESSAGE][PASSED] - Object 'Object Repository/MAKE_ PAYMENT/Consumer_Personal_ Details/CheckBox' is present

2020-10-19 13:05:10 - [MESSAGE][PASSED] - Object: 'Object Repository/MAKE_ PAYMENT/Consumer_Personal_ Details/CheckBox' is clicked on

2020-10-19 13:05:10 - [MESSAGE][PASSED] - Consumer_Payment_Making.ts:Checkbox 'Billing CheckBox'is selected

2020-10-19 13:05:10 - [TEST_STEP][PASSED] - waitForPageLoad(0): Wait for page load successfully

2020-10-19 13:05:10 - [MESSAGE][WARNING] - Timeout '0' is invalid. Using default page load timeout: '30'

2020-10-19 13:05:13 - [MESSAGE][PASSED] - Wait for page load successfully

2020-10-19 13:05:13 - [TEST_STEP][PASSED] - utilities.SafeActions.safeClick(findTestObject("MAKE_ PAYMENT/Home_ Page/CONTINUE"), "Continue", [pageLoadTime]): Consumer_Payment_Making.ts:Clicked on the Continue

2020-10-19 13:05:13 - [MESSAGE][INFO] - safeClicking

2020-10-19 13:05:14 - [MESSAGE][PASSED] - Object 'Object Repository/MAKE_ PAYMENT/Home_ Page/CONTINUE' is present

2020-10-19 13:05:14 - [MESSAGE][PASSED] - Object 'Object Repository/MAKE_ PAYMENT/Home_ Page/CONTINUE' is clickable

2020-10-19 13:05:19 - [MESSAGE][PASSED] - Object: 'Object Repository/MAKE_ PAYMENT/Home_ Page/CONTINUE' is clicked on

2020-10-19 13:05:19 - [MESSAGE][PASSED] - Consumer_Payment_Making.ts:Clicked on the Continue

2020-10-19 13:05:19 - [TEST_STEP][PASSED] - pages.Payment_Page.setCardDetails(cardNum, securityCode, expYear, expMonth): Actual text '6510000000000133' and expected text '6510000000000133' are matched  using regular expression

2020-10-19 13:05:20 - [MESSAGE][PASSED] - Object 'Object Repository/MAKE_ PAYMENT/Consumer_Personal_ Details/CARD_NUM' is present

2020-10-19 13:05:20 - [MESSAGE][PASSED] - Object 'Object Repository/MAKE_ PAYMENT/Consumer_Personal_ Details/CARD_NUM' is visible

2020-10-19 13:05:20 - [MESSAGE][PASSED] - Object 'Object Repository/MAKE_ PAYMENT/Consumer_Personal_ Details/CARD_NUM' is present

2020-10-19 13:05:22 - [MESSAGE][PASSED] - Text '6510000000000133' is set on object 'Object Repository/MAKE_ PAYMENT/Consumer_Personal_ Details/CARD_NUM'

2020-10-19 13:05:22 - [MESSAGE][PASSED] - Consumer_Payment_Making.ts:Entered'6510000000000133 into CardNum

2020-10-19 13:05:22 - [MESSAGE][PASSED] - Object 'Object Repository/MAKE_ PAYMENT/Consumer_Personal_ Details/EXP_MONTH' is visible

2020-10-19 13:05:22 - [MESSAGE][PASSED] - Object 'Object Repository/MAKE_ PAYMENT/Consumer_Personal_ Details/EXP_MONTH' is present

2020-10-19 13:05:24 - [MESSAGE][PASSED] - Object: 'Object Repository/MAKE_ PAYMENT/Consumer_Personal_ Details/EXP_MONTH' is clicked on

2020-10-19 13:05:25 - [MESSAGE][PASSED] - All options with label '05' are selected in object 'Object Repository/MAKE_ PAYMENT/Consumer_Personal_ Details/EXP_MONTH'  using regular expression

2020-10-19 13:05:25 - [MESSAGE][PASSED] - selected dropdown option by visible text  05from Month

2020-10-19 13:05:25 - [MESSAGE][PASSED] - Object 'Object Repository/MAKE_ PAYMENT/Consumer_Personal_ Details/EXP_YEAR' is visible

2020-10-19 13:05:26 - [MESSAGE][PASSED] - Object 'Object Repository/MAKE_ PAYMENT/Consumer_Personal_ Details/EXP_YEAR' is present

2020-10-19 13:05:27 - [MESSAGE][PASSED] - Object: 'Object Repository/MAKE_ PAYMENT/Consumer_Personal_ Details/EXP_YEAR' is clicked on

2020-10-19 13:05:28 - [MESSAGE][PASSED] - All options with label '2021' are selected in object 'Object Repository/MAKE_ PAYMENT/Consumer_Personal_ Details/EXP_YEAR'  using regular expression

2020-10-19 13:05:28 - [MESSAGE][PASSED] - selected dropdown option by visible text  2021from year

2020-10-19 13:05:29 - [MESSAGE][PASSED] - Object 'Object Repository/MAKE_ PAYMENT/Consumer_Personal_ Details/SECURITY_CODE' is present

2020-10-19 13:05:29 - [MESSAGE][PASSED] - Object 'Object Repository/MAKE_ PAYMENT/Consumer_Personal_ Details/SECURITY_CODE' is visible

2020-10-19 13:05:29 - [MESSAGE][PASSED] - Object 'Object Repository/MAKE_ PAYMENT/Consumer_Personal_ Details/SECURITY_CODE' is present

2020-10-19 13:05:30 - [MESSAGE][PASSED] - Text '207' is set on object 'Object Repository/MAKE_ PAYMENT/Consumer_Personal_ Details/SECURITY_CODE'

2020-10-19 13:05:30 - [MESSAGE][PASSED] - Consumer_Payment_Making.ts:Entered'207 into SecurityCode

2020-10-19 13:05:31 - [MESSAGE][PASSED] - Attribute 'value' of object 'Object Repository/MAKE_ PAYMENT/Consumer_Personal_ Details/CARD_NUM' is: '6510000000000133'

2020-10-19 13:05:31 - [MESSAGE][PASSED] - Actual text '6510000000000133' and expected text '6510000000000133' are matched  using regular expression

2020-10-19 13:05:31 - [TEST_STEP][PASSED] - utilities.SafeActions.safeType(findTestObject("MAKE_ PAYMENT/Consumer_Personal_ Details/EMAIL_ADDRESS"), emailAddress, "EmailAddress", [pageLoadTime]): Consumer_Payment_Making.ts:Entered'testing@zenq.com into EmailAddress

2020-10-19 13:05:31 - [MESSAGE][PASSED] - Object 'Object Repository/MAKE_ PAYMENT/Consumer_Personal_ Details/EMAIL_ADDRESS' is present

2020-10-19 13:05:31 - [MESSAGE][PASSED] - Object 'Object Repository/MAKE_ PAYMENT/Consumer_Personal_ Details/EMAIL_ADDRESS' is visible

2020-10-19 13:05:32 - [MESSAGE][PASSED] - Object 'Object Repository/MAKE_ PAYMENT/Consumer_Personal_ Details/EMAIL_ADDRESS' is present

2020-10-19 13:05:33 - [MESSAGE][PASSED] - Text 'testing@zenq.com' is set on object 'Object Repository/MAKE_ PAYMENT/Consumer_Personal_ Details/EMAIL_ADDRESS'

2020-10-19 13:05:33 - [MESSAGE][PASSED] - Consumer_Payment_Making.ts:Entered'testing@zenq.com into EmailAddress

2020-10-19 13:05:33 - [TEST_STEP][PASSED] - utilities.SafeActions.safeClick(findTestObject("MAKE_ PAYMENT/Home_ Page/CONTINUE"), "Continue", [pageLoadTime]): Consumer_Payment_Making.ts:Clicked on the Continue

2020-10-19 13:05:33 - [MESSAGE][INFO] - safeClicking

2020-10-19 13:05:33 - [MESSAGE][PASSED] - Object 'Object Repository/MAKE_ PAYMENT/Home_ Page/CONTINUE' is present

2020-10-19 13:05:34 - [MESSAGE][PASSED] - Object 'Object Repository/MAKE_ PAYMENT/Home_ Page/CONTINUE' is clickable

2020-10-19 13:05:37 - [MESSAGE][PASSED] - Object: 'Object Repository/MAKE_ PAYMENT/Home_ Page/CONTINUE' is clicked on

2020-10-19 13:05:37 - [MESSAGE][PASSED] - Consumer_Payment_Making.ts:Clicked on the Continue

2020-10-19 13:05:37 - [TEST_STEP][PASSED] - utilities.SafeActions.safeClick(findTestObject("MAKE_ PAYMENT/Consumer_Personal_ Details/I_AGREE"), "I agree", [pageLoadTime]): Consumer_Payment_Making.ts:Clicked on the I agree

2020-10-19 13:05:37 - [MESSAGE][INFO] - safeClicking

2020-10-19 13:05:38 - [MESSAGE][PASSED] - Object 'Object Repository/MAKE_ PAYMENT/Consumer_Personal_ Details/I_AGREE' is present

2020-10-19 13:05:39 - [MESSAGE][PASSED] - Object 'Object Repository/MAKE_ PAYMENT/Consumer_Personal_ Details/I_AGREE' is clickable

2020-10-19 13:05:41 - [MESSAGE][PASSED] - Object: 'Object Repository/MAKE_ PAYMENT/Consumer_Personal_ Details/I_AGREE' is clicked on

2020-10-19 13:05:41 - [MESSAGE][PASSED] - Consumer_Payment_Making.ts:Clicked on the I agree

2020-10-19 13:05:41 - [TEST_STEP][PASSED] - pages.Payment_Page.verifyUserDetails(firstName, lastName, emailAddress, cardType, ""): CardType matched

2020-10-19 13:05:42 - [MESSAGE][PASSED] - Scroll to object 'Object Repository/MAKE_ PAYMENT/Verification_ Details/FIRST_NAME' successfully

2020-10-19 13:05:43 - [MESSAGE][PASSED] - Text of object 'Object Repository/MAKE_ PAYMENT/Verification_ Details/FIRST_NAME' is: 'Soha'

2020-10-19 13:05:43 - [MESSAGE][PASSED] - Actual text 'Soha' and expected text 'Soha' are matched  using regular expression

2020-10-19 13:05:43 - [MESSAGE][PASSED] - Text of object 'Object Repository/MAKE_ PAYMENT/Verification_ Details/LAST_NAME' is: 'brave'

2020-10-19 13:05:43 - [MESSAGE][PASSED] - Actual text 'brave' and expected text 'brave' are matched  using regular expression

2020-10-19 13:05:46 - [MESSAGE][PASSED] - Text of object 'Object Repository/MAKE_ PAYMENT/Verification_ Details/EMAIL_ADDRESS' is: 'testing@zenq.com'

2020-10-19 13:05:46 - [MESSAGE][PASSED] - Actual text 'testing@zenq.com' and expected text 'testing@zenq.com' are matched  using regular expression

2020-10-19 13:05:46 - [MESSAGE][PASSED] - Text of object 'Object Repository/MAKE_ PAYMENT/Verification_ Details/CARD_TYPE' is: 'Discover'

2020-10-19 13:05:46 - [MESSAGE][PASSED] - Actual text 'Discover' and expected text 'Discover' are matched  using regular expression

2020-10-19 13:05:46 - [MESSAGE][PASSED] - CardType matched

2020-10-19 13:05:46 - [TEST_STEP][PASSED] - utilities.SafeActions.safeClick(findTestObject("MAKE_ PAYMENT/Verification_ Details/PROCESS_PAYMENT"), "Process Payment", [pageLoadTime]): Consumer_Payment_Making.ts:Clicked on the Process Payment

2020-10-19 13:05:46 - [MESSAGE][INFO] - safeClicking

2020-10-19 13:05:46 - [MESSAGE][PASSED] - Object 'Object Repository/MAKE_ PAYMENT/Verification_ Details/PROCESS_PAYMENT' is present

2020-10-19 13:05:47 - [MESSAGE][PASSED] - Object 'Object Repository/MAKE_ PAYMENT/Verification_ Details/PROCESS_PAYMENT' is clickable

2020-10-19 13:05:48 - [MESSAGE][PASSED] - Object: 'Object Repository/MAKE_ PAYMENT/Verification_ Details/PROCESS_PAYMENT' is clicked on

2020-10-19 13:05:48 - [MESSAGE][PASSED] - Consumer_Payment_Making.ts:Clicked on the Process Payment

2020-10-19 13:05:48 - [TEST_STEP][PASSED] - utilities.SafeActions.safeClick(findTestObject("MAKE_ PAYMENT/Verification_ Details/YES_BUTTON"), "yes button", [pageLoadTime]): Consumer_Payment_Making.ts:Clicked on the yes button

2020-10-19 13:05:48 - [MESSAGE][INFO] - safeClicking

2020-10-19 13:05:49 - [MESSAGE][PASSED] - Object 'Object Repository/MAKE_ PAYMENT/Verification_ Details/YES_BUTTON' is present

2020-10-19 13:05:49 - [MESSAGE][PASSED] - Object 'Object Repository/MAKE_ PAYMENT/Verification_ Details/YES_BUTTON' is clickable

2020-10-19 13:05:55 - [MESSAGE][PASSED] - Object: 'Object Repository/MAKE_ PAYMENT/Verification_ Details/YES_BUTTON' is clicked on

2020-10-19 13:05:55 - [MESSAGE][PASSED] - Consumer_Payment_Making.ts:Clicked on the yes button

2020-10-19 13:05:55 - [TEST_STEP][PASSED] - PaymentID = pages.Payment_Page.verifyCardPaymentApproval(referenceNum): pages.Payment_Page.verifyCardPaymentApproval is PASSED

2020-10-19 13:05:57 - [MESSAGE][PASSED] - Text of object 'Object Repository/MAKE_ PAYMENT/Verification_ Details/PAY_ID_CARD' is: '100176131600'

2020-10-19 13:06:00 - [MESSAGE][PASSED] - Text of object 'Object Repository/MAKE_ PAYMENT/Verification_ Details/REFERENCE_NUM' is: '12'

2020-10-19 13:06:00 - [MESSAGE][PASSED] - pages.Payment_Page.verifyCardPaymentApproval is PASSED

2020-10-19 13:06:00 - [TEST_STEP][PASSED] - utilities.SafeActions.safeClick(findTestObject("SEARCH_PAYMENT/SEARCH_PAYMENT"), "Search Payment", [pageLoadTime]): Consumer_Payment_Making.ts:Clicked on the Search Payment

2020-10-19 13:06:00 - [MESSAGE][INFO] - safeClicking

2020-10-19 13:06:00 - [MESSAGE][PASSED] - Object 'Object Repository/SEARCH_PAYMENT/SEARCH_PAYMENT' is present

2020-10-19 13:06:01 - [MESSAGE][PASSED] - Object 'Object Repository/SEARCH_PAYMENT/SEARCH_PAYMENT' is clickable

2020-10-19 13:06:02 - [MESSAGE][PASSED] - Object: 'Object Repository/SEARCH_PAYMENT/SEARCH_PAYMENT' is clicked on

2020-10-19 13:06:02 - [MESSAGE][PASSED] - Consumer_Payment_Making.ts:Clicked on the Search Payment

2020-10-19 13:06:02 - [TEST_STEP][PASSED] - waitForPageLoad(10): Wait for page load successfully

2020-10-19 13:06:02 - [MESSAGE][PASSED] - Wait for page load successfully

2020-10-19 13:06:02 - [TEST_STEP][PASSED] - pages.Search_Page.switchToWindow(): pages.Search_Page.switchToWindow is PASSED

2020-10-19 13:06:04 - [MESSAGE][PASSED] - Object: 'Object Repository/SEARCH_PAYMENT/SEARCH_PAYMENT' is clicked on

2020-10-19 13:06:04 - [MESSAGE][PASSED] - Switched to window with index: '1'

2020-10-19 13:06:04 - [MESSAGE][PASSED] - pages.Search_Page.switchToWindow is PASSED

2020-10-19 13:06:04 - [TEST_STEP][PASSED] - utilities.SafeActions.safeCheck(findTestObject("SEARCH_PAYMENT/CREDIT_OR_DEBIT_CARD"), "Credit card", [pageLoadTime]): Consumer_Payment_Making.ts:Checkbox 'Credit card'is selected

2020-10-19 13:06:13 - [MESSAGE][PASSED] - Object 'Object Repository/SEARCH_PAYMENT/CREDIT_OR_DEBIT_CARD' is present

2020-10-19 13:06:14 - [MESSAGE][PASSED] - Object 'Object Repository/SEARCH_PAYMENT/CREDIT_OR_DEBIT_CARD' is present

2020-10-19 13:06:16 - [MESSAGE][PASSED] - Object: 'Object Repository/SEARCH_PAYMENT/CREDIT_OR_DEBIT_CARD' is clicked on

2020-10-19 13:06:16 - [MESSAGE][PASSED] - Consumer_Payment_Making.ts:Checkbox 'Credit card'is selected

2020-10-19 13:06:16 - [TEST_STEP][PASSED] - pages.Search_Page.setSearchDetails(lastName, cardNum, accNum): Credit card is checked and cardNum is entered 

2020-10-19 13:06:16 - [MESSAGE][PASSED] - Object 'Object Repository/SEARCH_PAYMENT/BILLING_LAST_NAME' is present

2020-10-19 13:06:16 - [MESSAGE][PASSED] - Object 'Object Repository/SEARCH_PAYMENT/BILLING_LAST_NAME' is visible

2020-10-19 13:06:17 - [MESSAGE][PASSED] - Object 'Object Repository/SEARCH_PAYMENT/BILLING_LAST_NAME' is present

2020-10-19 13:06:18 - [MESSAGE][PASSED] - Text 'brave' is set on object 'Object Repository/SEARCH_PAYMENT/BILLING_LAST_NAME'

2020-10-19 13:06:18 - [MESSAGE][PASSED] - Consumer_Payment_Making.ts:Entered'brave into LastName

2020-10-19 13:06:18 - [MESSAGE][PASSED] - Object 'Object Repository/SEARCH_PAYMENT/CREDIT_OR_DEBIT_CARD' is checked

2020-10-19 13:06:19 - [MESSAGE][PASSED] - Object 'Object Repository/SEARCH_PAYMENT/CARD_NUMBER' is present

2020-10-19 13:06:19 - [MESSAGE][PASSED] - Object 'Object Repository/SEARCH_PAYMENT/CARD_NUMBER' is visible

2020-10-19 13:06:19 - [MESSAGE][PASSED] - Object 'Object Repository/SEARCH_PAYMENT/CARD_NUMBER' is present

2020-10-19 13:06:21 - [MESSAGE][PASSED] - Text '6510000000000133' is set on object 'Object Repository/SEARCH_PAYMENT/CARD_NUMBER'

2020-10-19 13:06:21 - [MESSAGE][PASSED] - Consumer_Payment_Making.ts:Entered'6510000000000133 into CArdNum

2020-10-19 13:06:21 - [MESSAGE][PASSED] - Credit card is checked and cardNum is entered 

2020-10-19 13:06:21 - [TEST_STEP][PASSED] - utilities.SafeActions.safeClick(findTestObject("SEARCH_PAYMENT/SEARCH_BUTTON"), "Search", [pageLoadTime]): Consumer_Payment_Making.ts:Clicked on the Search

2020-10-19 13:06:21 - [MESSAGE][INFO] - safeClicking

2020-10-19 13:06:21 - [MESSAGE][PASSED] - Object 'Object Repository/SEARCH_PAYMENT/SEARCH_BUTTON' is present

2020-10-19 13:06:21 - [MESSAGE][PASSED] - Object 'Object Repository/SEARCH_PAYMENT/SEARCH_BUTTON' is clickable

2020-10-19 13:06:28 - [MESSAGE][PASSED] - Object: 'Object Repository/SEARCH_PAYMENT/SEARCH_BUTTON' is clicked on

2020-10-19 13:06:28 - [MESSAGE][PASSED] - Consumer_Payment_Making.ts:Clicked on the Search

2020-10-19 13:06:28 - [TEST_STEP][PASSED] - pages.Payment_Page.verifyPaymentDetailsInReceipt(PaymentID): pages.Payment_Page.verifyPaymentDetailsInReceipt is PASSED

2020-10-19 13:06:30 - [MESSAGE][PASSED] - Text of object 'Object Repository/SEARCH_PAYMENT/REFERNCE_NUM' is: '22'

2020-10-19 13:06:30 - [MESSAGE][PASSED] - Text of object 'Object Repository/SEARCH_PAYMENT/PAYMENT_ID' is: '100176131604'

2020-10-19 13:06:30 - [MESSAGE][PASSED] - pages.Payment_Page.verifyPaymentDetailsInReceipt is PASSED

2020-10-19 13:06:30 - [TEST_STEP][PASSED] - utilities.SafeActions.safeClick(findTestObject("SEARCH_PAYMENT/SEARCH_ ICON"), "SearchIcon", [pageLoadTime]): Consumer_Payment_Making.ts:Clicked on the SearchIcon

2020-10-19 13:06:30 - [MESSAGE][INFO] - safeClicking

2020-10-19 13:06:31 - [MESSAGE][PASSED] - Object 'Object Repository/SEARCH_PAYMENT/SEARCH_ ICON' is present

2020-10-19 13:06:31 - [MESSAGE][PASSED] - Object 'Object Repository/SEARCH_PAYMENT/SEARCH_ ICON' is clickable

2020-10-19 13:06:32 - [MESSAGE][PASSED] - Object: 'Object Repository/SEARCH_PAYMENT/SEARCH_ ICON' is clicked on

2020-10-19 13:06:32 - [MESSAGE][PASSED] - Consumer_Payment_Making.ts:Clicked on the SearchIcon

2020-10-19 13:06:32 - [TEST_STEP][PASSED] - delay(2): Delayed 2 second(s)

2020-10-19 13:06:34 - [MESSAGE][PASSED] - Delayed 2 second(s)

2020-10-19 13:06:34 - [TEST_STEP][PASSED] - scrollToElement(findTestObject("SEARCH_PAYMENT/CLOSE_BUTTON"), 0): Scroll to object 'Object Repository/SEARCH_PAYMENT/CLOSE_BUTTON' successfully

2020-10-19 13:06:34 - [MESSAGE][WARNING] - Timeout '0' is invalid. Using default page load timeout: '30'

2020-10-19 13:06:35 - [MESSAGE][PASSED] - Scroll to object 'Object Repository/SEARCH_PAYMENT/CLOSE_BUTTON' successfully

2020-10-19 13:06:35 - [TEST_STEP][PASSED] - utilities.SafeActions.safeClick(findTestObject("SEARCH_PAYMENT/EMAIL_ RECEIPT"), "Email Receipt", [pageLoadTime]): Consumer_Payment_Making.ts:Clicked on the Email Receipt

2020-10-19 13:06:35 - [MESSAGE][INFO] - safeClicking

2020-10-19 13:06:35 - [MESSAGE][PASSED] - Object 'Object Repository/SEARCH_PAYMENT/EMAIL_ RECEIPT' is present

2020-10-19 13:06:35 - [MESSAGE][PASSED] - Object 'Object Repository/SEARCH_PAYMENT/EMAIL_ RECEIPT' is clickable

2020-10-19 13:06:36 - [MESSAGE][PASSED] - Object: 'Object Repository/SEARCH_PAYMENT/EMAIL_ RECEIPT' is clicked on

2020-10-19 13:06:36 - [MESSAGE][PASSED] - Consumer_Payment_Making.ts:Clicked on the Email Receipt

2020-10-19 13:06:36 - [TEST_STEP][PASSED] - utilities.SafeActions.safeClick(findTestObject("SEARCH_PAYMENT/SEND_ EMAIL_BUTTON"), "Send Email", [pageLoadTime]): Consumer_Payment_Making.ts:Clicked on the Send Email

2020-10-19 13:06:36 - [MESSAGE][INFO] - safeClicking

2020-10-19 13:06:37 - [MESSAGE][PASSED] - Object 'Object Repository/SEARCH_PAYMENT/SEND_ EMAIL_BUTTON' is present

2020-10-19 13:06:38 - [MESSAGE][PASSED] - Object 'Object Repository/SEARCH_PAYMENT/SEND_ EMAIL_BUTTON' is clickable

2020-10-19 13:06:39 - [MESSAGE][PASSED] - Object: 'Object Repository/SEARCH_PAYMENT/SEND_ EMAIL_BUTTON' is clicked on

2020-10-19 13:06:39 - [MESSAGE][PASSED] - Consumer_Payment_Making.ts:Clicked on the Send Email

2020-10-19 13:06:39 - [TEST_STEP][PASSED] - Start listener action : afterTestCase: Browser is closed

2020-10-19 13:06:39 - [TEST_STEP][PASSED] - closeBrowser(): Browser is closed

2020-10-19 13:06:40 - [MESSAGE][PASSED] - Browser is closed]]></system-out>
         <system-err><![CDATA[]]></system-err>
      </testcase>
      <testcase name="Test Cases/Consumer_Make_Payment/TC_003_Echeck_Checking_SingleLine_Payment" time="160.895" classname="Test Cases/Consumer_Make_Payment/TC_003_Echeck_Checking_SingleLine_Payment" status="PASSED">
         <system-out><![CDATA[2020-10-19 13:06:40 - [TEST_CASE][PASSED] - Test Cases/Consumer_Make_Payment/TC_003_Echeck_Checking_SingleLine_Payment: Test Cases/Consumer_Make_Payment/TC_003_Echeck_Checking_SingleLine_Payment

2020-10-19 13:06:40 - [TEST_STEP][PASSED] - Start listener action : beforeTestCase: null

2020-10-19 13:06:40 - [TEST_STEP][PASSED] - utilities.SafeActions.openBrowser(certpay_url, [pageLoadTime]): Browser launched successfully

2020-10-19 13:06:40 - [MESSAGE][INFO] - Opening Browser

2020-10-19 13:06:40 - [MESSAGE][INFO] - Starting 'Chrome' driver

2020-10-19 13:06:50 - [MESSAGE][PASSED] - Browser is opened with url: 'https://qa-certpay.faps.net/'

2020-10-19 13:06:52 - [MESSAGE][PASSED] - Current window maximized

2020-10-19 13:06:52 - [MESSAGE][PASSED] - Browser launched successfully

2020-10-19 13:06:52 - [TEST_STEP][PASSED] - utilities.SafeActions.safeType(findTestObject("MAKE_ PAYMENT/Home_ Page/BUREAU_CODE"), bureauCode, "Bureau code", [pageLoadTime]): Consumer_Payment_Making.ts:Entered'6100000 into Bureau code

2020-10-19 13:06:53 - [MESSAGE][PASSED] - Object 'Object Repository/MAKE_ PAYMENT/Home_ Page/BUREAU_CODE' is present

2020-10-19 13:06:53 - [MESSAGE][PASSED] - Object 'Object Repository/MAKE_ PAYMENT/Home_ Page/BUREAU_CODE' is visible

2020-10-19 13:06:53 - [MESSAGE][PASSED] - Object 'Object Repository/MAKE_ PAYMENT/Home_ Page/BUREAU_CODE' is present

2020-10-19 13:06:54 - [MESSAGE][PASSED] - Text '6100000' is set on object 'Object Repository/MAKE_ PAYMENT/Home_ Page/BUREAU_CODE'

2020-10-19 13:06:54 - [MESSAGE][PASSED] - Consumer_Payment_Making.ts:Entered'6100000 into Bureau code

2020-10-19 13:06:54 - [TEST_STEP][PASSED] - utilities.SafeActions.safeClick(findTestObject("MAKE_ PAYMENT/Home_ Page/BEGIN_PAYMENT"), "Begin payment", [pageLoadTime]): Consumer_Payment_Making.ts:Clicked on the Begin payment

2020-10-19 13:06:55 - [MESSAGE][INFO] - safeClicking

2020-10-19 13:06:55 - [MESSAGE][PASSED] - Object 'Object Repository/MAKE_ PAYMENT/Home_ Page/BEGIN_PAYMENT' is present

2020-10-19 13:06:55 - [MESSAGE][PASSED] - Object 'Object Repository/MAKE_ PAYMENT/Home_ Page/BEGIN_PAYMENT' is clickable

2020-10-19 13:06:59 - [MESSAGE][PASSED] - Object: 'Object Repository/MAKE_ PAYMENT/Home_ Page/BEGIN_PAYMENT' is clicked on

2020-10-19 13:06:59 - [MESSAGE][PASSED] - Consumer_Payment_Making.ts:Clicked on the Begin payment

2020-10-19 13:06:59 - [TEST_STEP][PASSED] - utilities.SafeActions.safeClick(findTestObject("MAKE_ PAYMENT/Home_ Page/NEXT_BUTTON"), "Continue", [pageLoadTime]): Consumer_Payment_Making.ts:Clicked on the Continue

2020-10-19 13:06:59 - [MESSAGE][INFO] - safeClicking

2020-10-19 13:07:00 - [MESSAGE][PASSED] - Object 'Object Repository/MAKE_ PAYMENT/Home_ Page/NEXT_BUTTON' is present

2020-10-19 13:07:01 - [MESSAGE][PASSED] - Object 'Object Repository/MAKE_ PAYMENT/Home_ Page/NEXT_BUTTON' is clickable

2020-10-19 13:07:04 - [MESSAGE][PASSED] - Object: 'Object Repository/MAKE_ PAYMENT/Home_ Page/NEXT_BUTTON' is clicked on

2020-10-19 13:07:04 - [MESSAGE][PASSED] - Consumer_Payment_Making.ts:Clicked on the Continue

2020-10-19 13:07:04 - [TEST_STEP][PASSED] - utilities.SafeActions.safeCheck(findTestObject("MAKE_ PAYMENT/Home_ Page/ELECTRONIC_CHECK"), "Echeck", [pageLoadTime]): Consumer_Payment_Making.ts:Checkbox 'Echeck'is selected

2020-10-19 13:07:05 - [MESSAGE][PASSED] - Object 'Object Repository/MAKE_ PAYMENT/Home_ Page/ELECTRONIC_CHECK' is present

2020-10-19 13:07:06 - [MESSAGE][PASSED] - Object 'Object Repository/MAKE_ PAYMENT/Home_ Page/ELECTRONIC_CHECK' is present

2020-10-19 13:07:07 - [MESSAGE][PASSED] - Object: 'Object Repository/MAKE_ PAYMENT/Home_ Page/ELECTRONIC_CHECK' is clicked on

2020-10-19 13:07:07 - [MESSAGE][PASSED] - Consumer_Payment_Making.ts:Checkbox 'Echeck'is selected

2020-10-19 13:07:07 - [TEST_STEP][PASSED] - pages.Payment_Page.setAmount("1", paymentAmount, "testing", referenceNum): Consumer_Payment_Making.ts:Entered'testing into Comments

2020-10-19 13:07:12 - [MESSAGE][PASSED] - Object '' is present

2020-10-19 13:07:12 - [MESSAGE][PASSED] - Object '' is visible

2020-10-19 13:07:12 - [MESSAGE][PASSED] - Object '' is present

2020-10-19 13:07:14 - [MESSAGE][PASSED] - Text '30.00' is set on object ''

2020-10-19 13:07:14 - [MESSAGE][PASSED] - Consumer_Payment_Making.ts:Entered'30.00 into Amount

2020-10-19 13:07:14 - [MESSAGE][PASSED] - Object '' is present

2020-10-19 13:07:14 - [MESSAGE][PASSED] - Object '' is visible

2020-10-19 13:07:15 - [MESSAGE][PASSED] - Object '' is present

2020-10-19 13:07:16 - [MESSAGE][PASSED] - Text '13' is set on object ''

2020-10-19 13:07:16 - [MESSAGE][PASSED] - Consumer_Payment_Making.ts:Entered'13 into Amount

2020-10-19 13:07:16 - [MESSAGE][PASSED] - Object '' is present

2020-10-19 13:07:17 - [MESSAGE][PASSED] - Object '' is visible

2020-10-19 13:07:17 - [MESSAGE][PASSED] - Object '' is present

2020-10-19 13:07:18 - [MESSAGE][PASSED] - Text 'testing' is set on object ''

2020-10-19 13:07:18 - [MESSAGE][PASSED] - Consumer_Payment_Making.ts:Entered'testing into Comments

2020-10-19 13:07:18 - [TEST_STEP][PASSED] - utilities.SafeActions.safeSelectOptionInDropdownByVisibleText(findTestObject("MAKE_ PAYMENT/Home_ Page/PAYMENT_TYPE"), paymentType, "Payment Type", [pageLoadTime]): selected dropdown option by visible text  Licensesfrom Payment Type

2020-10-19 13:07:18 - [MESSAGE][PASSED] - Object 'Object Repository/MAKE_ PAYMENT/Home_ Page/PAYMENT_TYPE' is visible

2020-10-19 13:07:19 - [MESSAGE][PASSED] - Object 'Object Repository/MAKE_ PAYMENT/Home_ Page/PAYMENT_TYPE' is present

2020-10-19 13:07:20 - [MESSAGE][PASSED] - Object: 'Object Repository/MAKE_ PAYMENT/Home_ Page/PAYMENT_TYPE' is clicked on

2020-10-19 13:07:21 - [MESSAGE][PASSED] - All options with label 'Licenses' are selected in object 'Object Repository/MAKE_ PAYMENT/Home_ Page/PAYMENT_TYPE'  using regular expression

2020-10-19 13:07:21 - [MESSAGE][PASSED] - selected dropdown option by visible text  Licensesfrom Payment Type

2020-10-19 13:07:21 - [TEST_STEP][PASSED] - utilities.SafeActions.safeClick(findTestObject("MAKE_ PAYMENT/Home_ Page/CONTINUE"), "Continue", [pageLoadTime]): Consumer_Payment_Making.ts:Clicked on the Continue

2020-10-19 13:07:21 - [MESSAGE][INFO] - safeClicking

2020-10-19 13:07:21 - [MESSAGE][PASSED] - Object 'Object Repository/MAKE_ PAYMENT/Home_ Page/CONTINUE' is present

2020-10-19 13:07:22 - [MESSAGE][PASSED] - Object 'Object Repository/MAKE_ PAYMENT/Home_ Page/CONTINUE' is clickable

2020-10-19 13:07:26 - [MESSAGE][PASSED] - Object: 'Object Repository/MAKE_ PAYMENT/Home_ Page/CONTINUE' is clicked on

2020-10-19 13:07:26 - [MESSAGE][PASSED] - Consumer_Payment_Making.ts:Clicked on the Continue

2020-10-19 13:07:26 - [TEST_STEP][PASSED] - pages.Payment_Page.setPersonalDetails(firstName, lastName, telephone): Consumer_Payment_Making.ts:Entered'9898982244 into Telephone

2020-10-19 13:07:27 - [MESSAGE][PASSED] - Object 'Object Repository/MAKE_ PAYMENT/Consumer_Personal_ Details/FIRST_NAME' is present

2020-10-19 13:07:28 - [MESSAGE][PASSED] - Object 'Object Repository/MAKE_ PAYMENT/Consumer_Personal_ Details/FIRST_NAME' is visible

2020-10-19 13:07:28 - [MESSAGE][PASSED] - Object 'Object Repository/MAKE_ PAYMENT/Consumer_Personal_ Details/FIRST_NAME' is present

2020-10-19 13:07:29 - [MESSAGE][PASSED] - Text 'rema' is set on object 'Object Repository/MAKE_ PAYMENT/Consumer_Personal_ Details/FIRST_NAME'

2020-10-19 13:07:29 - [MESSAGE][PASSED] - Consumer_Payment_Making.ts:Entered'rema into FirstName

2020-10-19 13:07:30 - [MESSAGE][PASSED] - Object 'Object Repository/MAKE_ PAYMENT/Consumer_Personal_ Details/LAST_NAME' is present

2020-10-19 13:07:30 - [MESSAGE][PASSED] - Object 'Object Repository/MAKE_ PAYMENT/Consumer_Personal_ Details/LAST_NAME' is visible

2020-10-19 13:07:30 - [MESSAGE][PASSED] - Object 'Object Repository/MAKE_ PAYMENT/Consumer_Personal_ Details/LAST_NAME' is present

2020-10-19 13:07:31 - [MESSAGE][PASSED] - Text 'reiza' is set on object 'Object Repository/MAKE_ PAYMENT/Consumer_Personal_ Details/LAST_NAME'

2020-10-19 13:07:31 - [MESSAGE][PASSED] - Consumer_Payment_Making.ts:Entered'reiza into LastName

2020-10-19 13:07:32 - [MESSAGE][PASSED] - Object 'Object Repository/MAKE_ PAYMENT/Consumer_Personal_ Details/TELEPHONE' is present

2020-10-19 13:07:32 - [MESSAGE][PASSED] - Object 'Object Repository/MAKE_ PAYMENT/Consumer_Personal_ Details/TELEPHONE' is visible

2020-10-19 13:07:32 - [MESSAGE][PASSED] - Object 'Object Repository/MAKE_ PAYMENT/Consumer_Personal_ Details/TELEPHONE' is present

2020-10-19 13:07:34 - [MESSAGE][PASSED] - Text '9898982244' is set on object 'Object Repository/MAKE_ PAYMENT/Consumer_Personal_ Details/TELEPHONE'

2020-10-19 13:07:34 - [MESSAGE][PASSED] - Consumer_Payment_Making.ts:Entered'9898982244 into Telephone

2020-10-19 13:07:34 - [TEST_STEP][PASSED] - pages.Payment_Page.setLocationDetails(address, zipCode): Consumer_Payment_Making.ts:Entered'76103 into ZipCode

2020-10-19 13:07:34 - [MESSAGE][PASSED] - Object 'Object Repository/MAKE_ PAYMENT/Consumer_Personal_ Details/ADDRESS' is present

2020-10-19 13:07:34 - [MESSAGE][PASSED] - Object 'Object Repository/MAKE_ PAYMENT/Consumer_Personal_ Details/ADDRESS' is visible

2020-10-19 13:07:35 - [MESSAGE][PASSED] - Object 'Object Repository/MAKE_ PAYMENT/Consumer_Personal_ Details/ADDRESS' is present

2020-10-19 13:07:36 - [MESSAGE][PASSED] - Text '15-4' is set on object 'Object Repository/MAKE_ PAYMENT/Consumer_Personal_ Details/ADDRESS'

2020-10-19 13:07:36 - [MESSAGE][PASSED] - Consumer_Payment_Making.ts:Entered'15-4 into Address

2020-10-19 13:07:36 - [MESSAGE][PASSED] - Object 'Object Repository/MAKE_ PAYMENT/Consumer_Personal_ Details/ZIP_CODE' is present

2020-10-19 13:07:37 - [MESSAGE][PASSED] - Object 'Object Repository/MAKE_ PAYMENT/Consumer_Personal_ Details/ZIP_CODE' is visible

2020-10-19 13:07:37 - [MESSAGE][PASSED] - Object 'Object Repository/MAKE_ PAYMENT/Consumer_Personal_ Details/ZIP_CODE' is present

2020-10-19 13:07:38 - [MESSAGE][PASSED] - Text '76103' is set on object 'Object Repository/MAKE_ PAYMENT/Consumer_Personal_ Details/ZIP_CODE'

2020-10-19 13:07:38 - [MESSAGE][PASSED] - Consumer_Payment_Making.ts:Entered'76103 into ZipCode

2020-10-19 13:07:38 - [TEST_STEP][PASSED] - pages.Payment_Page.clickOnElement(findTestObject("MAKE_ PAYMENT/Home_ Page/CONTINUE")): pages.Payment_Page.clickOnElement is PASSED

2020-10-19 13:07:42 - [MESSAGE][PASSED] - Execute JavaScript 'arguments[0].click()' successfully

2020-10-19 13:07:42 - [MESSAGE][PASSED] - pages.Payment_Page.clickOnElement is PASSED

2020-10-19 13:07:42 - [TEST_STEP][PASSED] - utilities.SafeActions.safeCheck(findTestObject("MAKE_ PAYMENT/Consumer_Personal_ Details/CheckBox"), "Billing CheckBox", [pageLoadTime]): Consumer_Payment_Making.ts:Checkbox 'Billing CheckBox'is selected

2020-10-19 13:07:43 - [MESSAGE][PASSED] - Object 'Object Repository/MAKE_ PAYMENT/Consumer_Personal_ Details/CheckBox' is present

2020-10-19 13:07:44 - [MESSAGE][PASSED] - Object 'Object Repository/MAKE_ PAYMENT/Consumer_Personal_ Details/CheckBox' is present

2020-10-19 13:07:45 - [MESSAGE][PASSED] - Object: 'Object Repository/MAKE_ PAYMENT/Consumer_Personal_ Details/CheckBox' is clicked on

2020-10-19 13:07:45 - [MESSAGE][PASSED] - Consumer_Payment_Making.ts:Checkbox 'Billing CheckBox'is selected

2020-10-19 13:07:45 - [TEST_STEP][PASSED] - waitForPageLoad(2): Wait for page load successfully

2020-10-19 13:07:48 - [MESSAGE][PASSED] - Wait for page load successfully

2020-10-19 13:07:48 - [TEST_STEP][PASSED] - utilities.SafeActions.safeClick(findTestObject("MAKE_ PAYMENT/Home_ Page/CONTINUE"), "Continue", [pageLoadTime]): Consumer_Payment_Making.ts:Clicked on the Continue

2020-10-19 13:07:48 - [MESSAGE][INFO] - safeClicking

2020-10-19 13:07:49 - [MESSAGE][PASSED] - Object 'Object Repository/MAKE_ PAYMENT/Home_ Page/CONTINUE' is present

2020-10-19 13:07:50 - [MESSAGE][PASSED] - Object 'Object Repository/MAKE_ PAYMENT/Home_ Page/CONTINUE' is clickable

2020-10-19 13:07:54 - [MESSAGE][PASSED] - Object: 'Object Repository/MAKE_ PAYMENT/Home_ Page/CONTINUE' is clicked on

2020-10-19 13:07:54 - [MESSAGE][PASSED] - Consumer_Payment_Making.ts:Clicked on the Continue

2020-10-19 13:07:54 - [TEST_STEP][PASSED] - utilities.SafeActions.safeCheck(findTestObject("MAKE_ PAYMENT/Consumer_Personal_ Details/ACC_TYPE_CHECKING"), "Checking", [pageLoadTime]): Consumer_Payment_Making.ts:Checkbox 'Checking'is selected

2020-10-19 13:07:55 - [MESSAGE][PASSED] - Object 'Object Repository/MAKE_ PAYMENT/Consumer_Personal_ Details/ACC_TYPE_CHECKING' is present

2020-10-19 13:07:56 - [MESSAGE][PASSED] - Object 'Object Repository/MAKE_ PAYMENT/Consumer_Personal_ Details/ACC_TYPE_CHECKING' is present

2020-10-19 13:07:57 - [MESSAGE][PASSED] - Object: 'Object Repository/MAKE_ PAYMENT/Consumer_Personal_ Details/ACC_TYPE_CHECKING' is clicked on

2020-10-19 13:07:57 - [MESSAGE][PASSED] - Consumer_Payment_Making.ts:Checkbox 'Checking'is selected

2020-10-19 13:07:57 - [TEST_STEP][PASSED] - pages.Payment_Page.setElectronicCheckInformation(findTestObject("MAKE_ PAYMENT/Consumer_Personal_ Details/CHECKING_ACCOUNT_NUMBER"), findTestObject("MAKE_ PAYMENT/Consumer_Personal_ Details/CONFIRM_CHECKING_ACC_NUM"), routingNum, checkingAccNum): Consumer_Payment_Making.ts:Entered'123456 into ConfirmCheckAccNum

2020-10-19 13:07:58 - [MESSAGE][PASSED] - Object 'Object Repository/MAKE_ PAYMENT/Consumer_Personal_ Details/ROUTING_NUMBER' is present

2020-10-19 13:07:58 - [MESSAGE][PASSED] - Object 'Object Repository/MAKE_ PAYMENT/Consumer_Personal_ Details/ROUTING_NUMBER' is visible

2020-10-19 13:07:58 - [MESSAGE][PASSED] - Object 'Object Repository/MAKE_ PAYMENT/Consumer_Personal_ Details/ROUTING_NUMBER' is present

2020-10-19 13:08:00 - [MESSAGE][PASSED] - Text '111000025' is set on object 'Object Repository/MAKE_ PAYMENT/Consumer_Personal_ Details/ROUTING_NUMBER'

2020-10-19 13:08:00 - [MESSAGE][PASSED] - Consumer_Payment_Making.ts:Entered'111000025 into RoutingNumber

2020-10-19 13:08:00 - [MESSAGE][PASSED] - Object 'Object Repository/MAKE_ PAYMENT/Consumer_Personal_ Details/CHECKING_ACCOUNT_NUMBER' is present

2020-10-19 13:08:00 - [MESSAGE][PASSED] - Object 'Object Repository/MAKE_ PAYMENT/Consumer_Personal_ Details/CHECKING_ACCOUNT_NUMBER' is present

2020-10-19 13:08:01 - [MESSAGE][PASSED] - Object 'Object Repository/MAKE_ PAYMENT/Consumer_Personal_ Details/CHECKING_ACCOUNT_NUMBER' is visible

2020-10-19 13:08:01 - [MESSAGE][PASSED] - Object 'Object Repository/MAKE_ PAYMENT/Consumer_Personal_ Details/CHECKING_ACCOUNT_NUMBER' is present

2020-10-19 13:08:02 - [MESSAGE][PASSED] - Text '123456' is set on object 'Object Repository/MAKE_ PAYMENT/Consumer_Personal_ Details/CHECKING_ACCOUNT_NUMBER'

2020-10-19 13:08:02 - [MESSAGE][PASSED] - Consumer_Payment_Making.ts:Entered'123456 into CheckAccNum

2020-10-19 13:08:04 - [MESSAGE][PASSED] - Object 'Object Repository/MAKE_ PAYMENT/Consumer_Personal_ Details/CONFIRM_CHECKING_ACC_NUM' is present

2020-10-19 13:08:04 - [MESSAGE][PASSED] - Object 'Object Repository/MAKE_ PAYMENT/Consumer_Personal_ Details/CONFIRM_CHECKING_ACC_NUM' is visible

2020-10-19 13:08:04 - [MESSAGE][PASSED] - Object 'Object Repository/MAKE_ PAYMENT/Consumer_Personal_ Details/CONFIRM_CHECKING_ACC_NUM' is present

2020-10-19 13:08:06 - [MESSAGE][PASSED] - Text '123456' is set on object 'Object Repository/MAKE_ PAYMENT/Consumer_Personal_ Details/CONFIRM_CHECKING_ACC_NUM'

2020-10-19 13:08:06 - [MESSAGE][PASSED] - Consumer_Payment_Making.ts:Entered'123456 into ConfirmCheckAccNum

2020-10-19 13:08:06 - [TEST_STEP][PASSED] - utilities.SafeActions.safeType(findTestObject("MAKE_ PAYMENT/Consumer_Personal_ Details/EMAIL_ADDRESS"), emailAddress, "EmailAddress", [pageLoadTime]): Consumer_Payment_Making.ts:Entered'testing@zenq.com into EmailAddress

2020-10-19 13:08:06 - [MESSAGE][PASSED] - Object 'Object Repository/MAKE_ PAYMENT/Consumer_Personal_ Details/EMAIL_ADDRESS' is present

2020-10-19 13:08:06 - [MESSAGE][PASSED] - Object 'Object Repository/MAKE_ PAYMENT/Consumer_Personal_ Details/EMAIL_ADDRESS' is visible

2020-10-19 13:08:07 - [MESSAGE][PASSED] - Object 'Object Repository/MAKE_ PAYMENT/Consumer_Personal_ Details/EMAIL_ADDRESS' is present

2020-10-19 13:08:08 - [MESSAGE][PASSED] - Text 'testing@zenq.com' is set on object 'Object Repository/MAKE_ PAYMENT/Consumer_Personal_ Details/EMAIL_ADDRESS'

2020-10-19 13:08:08 - [MESSAGE][PASSED] - Consumer_Payment_Making.ts:Entered'testing@zenq.com into EmailAddress

2020-10-19 13:08:08 - [TEST_STEP][PASSED] - utilities.SafeActions.safeType(findTestObject("MAKE_ PAYMENT/Consumer_Personal_ Details/SIGNATURE"), firstName, "First name", [pageLoadTime]): Consumer_Payment_Making.ts:Entered'rema into First name

2020-10-19 13:08:08 - [MESSAGE][PASSED] - Object 'Object Repository/MAKE_ PAYMENT/Consumer_Personal_ Details/SIGNATURE' is present

2020-10-19 13:08:09 - [MESSAGE][PASSED] - Object 'Object Repository/MAKE_ PAYMENT/Consumer_Personal_ Details/SIGNATURE' is visible

2020-10-19 13:08:09 - [MESSAGE][PASSED] - Object 'Object Repository/MAKE_ PAYMENT/Consumer_Personal_ Details/SIGNATURE' is present

2020-10-19 13:08:10 - [MESSAGE][PASSED] - Text 'rema' is set on object 'Object Repository/MAKE_ PAYMENT/Consumer_Personal_ Details/SIGNATURE'

2020-10-19 13:08:10 - [MESSAGE][PASSED] - Consumer_Payment_Making.ts:Entered'rema into First name

2020-10-19 13:08:10 - [TEST_STEP][PASSED] - utilities.SafeActions.safeType(findTestObject("MAKE_ PAYMENT/Consumer_Personal_ Details/AGREEMENT"), "Yes", "Agreement", [pageLoadTime]): Consumer_Payment_Making.ts:Entered'Yes into Agreement

2020-10-19 13:08:11 - [MESSAGE][PASSED] - Object 'Object Repository/MAKE_ PAYMENT/Consumer_Personal_ Details/AGREEMENT' is present

2020-10-19 13:08:11 - [MESSAGE][PASSED] - Object 'Object Repository/MAKE_ PAYMENT/Consumer_Personal_ Details/AGREEMENT' is visible

2020-10-19 13:08:11 - [MESSAGE][PASSED] - Object 'Object Repository/MAKE_ PAYMENT/Consumer_Personal_ Details/AGREEMENT' is present

2020-10-19 13:08:12 - [MESSAGE][PASSED] - Text 'Yes' is set on object 'Object Repository/MAKE_ PAYMENT/Consumer_Personal_ Details/AGREEMENT'

2020-10-19 13:08:12 - [MESSAGE][PASSED] - Consumer_Payment_Making.ts:Entered'Yes into Agreement

2020-10-19 13:08:12 - [TEST_STEP][PASSED] - utilities.SafeActions.safeClick(findTestObject("MAKE_ PAYMENT/Home_ Page/CHECK_CONTINUE"), "Continue", [pageLoadTime]): Consumer_Payment_Making.ts:Clicked on the Continue

2020-10-19 13:08:13 - [MESSAGE][INFO] - safeClicking

2020-10-19 13:08:13 - [MESSAGE][PASSED] - Object 'Object Repository/MAKE_ PAYMENT/Home_ Page/CHECK_CONTINUE' is present

2020-10-19 13:08:13 - [MESSAGE][PASSED] - Object 'Object Repository/MAKE_ PAYMENT/Home_ Page/CHECK_CONTINUE' is clickable

2020-10-19 13:08:14 - [MESSAGE][PASSED] - Object: 'Object Repository/MAKE_ PAYMENT/Home_ Page/CHECK_CONTINUE' is clicked on

2020-10-19 13:08:14 - [MESSAGE][PASSED] - Consumer_Payment_Making.ts:Clicked on the Continue

2020-10-19 13:08:14 - [TEST_STEP][PASSED] - utilities.SafeActions.safeClick(findTestObject("MAKE_ PAYMENT/Home_ Page/CONTINUE"), "Continue", [pageLoadTime]): Consumer_Payment_Making.ts:Clicked on the Continue

2020-10-19 13:08:14 - [MESSAGE][INFO] - safeClicking

2020-10-19 13:08:15 - [MESSAGE][PASSED] - Object 'Object Repository/MAKE_ PAYMENT/Home_ Page/CONTINUE' is present

2020-10-19 13:08:15 - [MESSAGE][PASSED] - Object 'Object Repository/MAKE_ PAYMENT/Home_ Page/CONTINUE' is clickable

2020-10-19 13:08:20 - [MESSAGE][PASSED] - Object: 'Object Repository/MAKE_ PAYMENT/Home_ Page/CONTINUE' is clicked on

2020-10-19 13:08:20 - [MESSAGE][PASSED] - Consumer_Payment_Making.ts:Clicked on the Continue

2020-10-19 13:08:20 - [TEST_STEP][PASSED] - utilities.SafeActions.safeClick(findTestObject("MAKE_ PAYMENT/Consumer_Personal_ Details/I_AGREE"), "I agree", [pageLoadTime]): Consumer_Payment_Making.ts:Clicked on the I agree

2020-10-19 13:08:20 - [MESSAGE][INFO] - safeClicking

2020-10-19 13:08:21 - [MESSAGE][PASSED] - Object 'Object Repository/MAKE_ PAYMENT/Consumer_Personal_ Details/I_AGREE' is present

2020-10-19 13:08:21 - [MESSAGE][PASSED] - Object 'Object Repository/MAKE_ PAYMENT/Consumer_Personal_ Details/I_AGREE' is clickable

2020-10-19 13:08:25 - [MESSAGE][PASSED] - Object: 'Object Repository/MAKE_ PAYMENT/Consumer_Personal_ Details/I_AGREE' is clicked on

2020-10-19 13:08:25 - [MESSAGE][PASSED] - Consumer_Payment_Making.ts:Clicked on the I agree

2020-10-19 13:08:25 - [TEST_STEP][PASSED] - pages.Payment_Page.verifyUserDetails(firstName, lastName, emailAddress, "VISA", "Checking"): pages.Payment_Page.verifyUserDetails is PASSED

2020-10-19 13:08:26 - [MESSAGE][PASSED] - Scroll to object 'Object Repository/MAKE_ PAYMENT/Verification_ Details/FIRST_NAME' successfully

2020-10-19 13:08:26 - [MESSAGE][PASSED] - Text of object 'Object Repository/MAKE_ PAYMENT/Verification_ Details/FIRST_NAME' is: 'rema'

2020-10-19 13:08:26 - [MESSAGE][PASSED] - Actual text 'rema' and expected text 'rema' are matched  using regular expression

2020-10-19 13:08:26 - [MESSAGE][PASSED] - Text of object 'Object Repository/MAKE_ PAYMENT/Verification_ Details/LAST_NAME' is: 'reiza'

2020-10-19 13:08:26 - [MESSAGE][PASSED] - Actual text 'reiza' and expected text 'reiza' are matched  using regular expression

2020-10-19 13:08:29 - [MESSAGE][PASSED] - Text of object 'Object Repository/MAKE_ PAYMENT/Verification_ Details/EMAIL_ADDRESS' is: 'testing@zenq.com'

2020-10-19 13:08:29 - [MESSAGE][PASSED] - Actual text 'testing@zenq.com' and expected text 'testing@zenq.com' are matched  using regular expression

2020-10-19 13:08:29 - [MESSAGE][PASSED] - Text of object 'Object Repository/MAKE_ PAYMENT/Verification_ Details/ACH_ACC_TYPE' is: 'Checking'

2020-10-19 13:08:29 - [MESSAGE][PASSED] - Actual text 'Checking' and expected text 'Checking' are matched  using regular expression

2020-10-19 13:08:30 - [MESSAGE][PASSED] - pages.Payment_Page.verifyUserDetails is PASSED

2020-10-19 13:08:30 - [TEST_STEP][PASSED] - utilities.SafeActions.safeClick(findTestObject("MAKE_ PAYMENT/Verification_ Details/PROCESS_PAYMENT"), "Process Payment", [pageLoadTime]): Consumer_Payment_Making.ts:Clicked on the Process Payment

2020-10-19 13:08:30 - [MESSAGE][INFO] - safeClicking

2020-10-19 13:08:30 - [MESSAGE][PASSED] - Object 'Object Repository/MAKE_ PAYMENT/Verification_ Details/PROCESS_PAYMENT' is present

2020-10-19 13:08:31 - [MESSAGE][PASSED] - Object 'Object Repository/MAKE_ PAYMENT/Verification_ Details/PROCESS_PAYMENT' is clickable

2020-10-19 13:08:32 - [MESSAGE][PASSED] - Object: 'Object Repository/MAKE_ PAYMENT/Verification_ Details/PROCESS_PAYMENT' is clicked on

2020-10-19 13:08:32 - [MESSAGE][PASSED] - Consumer_Payment_Making.ts:Clicked on the Process Payment

2020-10-19 13:08:32 - [TEST_STEP][PASSED] - utilities.SafeActions.safeClick(findTestObject("MAKE_ PAYMENT/Verification_ Details/YES_BUTTON"), "yes button", [pageLoadTime]): Consumer_Payment_Making.ts:Clicked on the yes button

2020-10-19 13:08:32 - [MESSAGE][INFO] - safeClicking

2020-10-19 13:08:33 - [MESSAGE][PASSED] - Object 'Object Repository/MAKE_ PAYMENT/Verification_ Details/YES_BUTTON' is present

2020-10-19 13:08:33 - [MESSAGE][PASSED] - Object 'Object Repository/MAKE_ PAYMENT/Verification_ Details/YES_BUTTON' is clickable

2020-10-19 13:08:39 - [MESSAGE][PASSED] - Object: 'Object Repository/MAKE_ PAYMENT/Verification_ Details/YES_BUTTON' is clicked on

2020-10-19 13:08:39 - [MESSAGE][PASSED] - Consumer_Payment_Making.ts:Clicked on the yes button

2020-10-19 13:08:39 - [TEST_STEP][PASSED] - verifyElementPresent(findTestObject("MAKE_ PAYMENT/Verification_ Details/PENDING"), 30): Object 'Object Repository/MAKE_ PAYMENT/Verification_ Details/PENDING' is present

2020-10-19 13:08:40 - [MESSAGE][PASSED] - Object 'Object Repository/MAKE_ PAYMENT/Verification_ Details/PENDING' is present

2020-10-19 13:08:40 - [TEST_STEP][PASSED] - PaymentID = pages.Payment_Page.verifyECheckPaymentApproval(referenceNum): pages.Payment_Page.verifyECheckPaymentApproval is PASSED

2020-10-19 13:08:41 - [MESSAGE][PASSED] - Text of object 'Object Repository/MAKE_ PAYMENT/Verification_ Details/PAY_ID_ELECTRIC_CHECK' is: '100176131608'

2020-10-19 13:08:43 - [MESSAGE][PASSED] - Text of object 'Object Repository/MAKE_ PAYMENT/Verification_ Details/REF_NUM_E_CHECK' is: '13'

2020-10-19 13:08:43 - [MESSAGE][PASSED] - pages.Payment_Page.verifyECheckPaymentApproval is PASSED

2020-10-19 13:08:43 - [TEST_STEP][PASSED] - utilities.SafeActions.safeClick(findTestObject("SEARCH_PAYMENT/SEARCH_PAYMENT"), "Search Payment", [pageLoadTime]): Consumer_Payment_Making.ts:Clicked on the Search Payment

2020-10-19 13:08:43 - [MESSAGE][INFO] - safeClicking

2020-10-19 13:08:44 - [MESSAGE][PASSED] - Object 'Object Repository/SEARCH_PAYMENT/SEARCH_PAYMENT' is present

2020-10-19 13:08:44 - [MESSAGE][PASSED] - Object 'Object Repository/SEARCH_PAYMENT/SEARCH_PAYMENT' is clickable

2020-10-19 13:08:45 - [MESSAGE][PASSED] - Object: 'Object Repository/SEARCH_PAYMENT/SEARCH_PAYMENT' is clicked on

2020-10-19 13:08:45 - [MESSAGE][PASSED] - Consumer_Payment_Making.ts:Clicked on the Search Payment

2020-10-19 13:08:45 - [TEST_STEP][PASSED] - waitForPageLoad(10): Wait for page load successfully

2020-10-19 13:08:45 - [MESSAGE][PASSED] - Wait for page load successfully

2020-10-19 13:08:45 - [TEST_STEP][PASSED] - pages.Search_Page.switchToWindow(): pages.Search_Page.switchToWindow is PASSED

2020-10-19 13:08:47 - [MESSAGE][PASSED] - Object: 'Object Repository/SEARCH_PAYMENT/SEARCH_PAYMENT' is clicked on

2020-10-19 13:08:47 - [MESSAGE][PASSED] - Switched to window with index: '1'

2020-10-19 13:08:47 - [MESSAGE][PASSED] - pages.Search_Page.switchToWindow is PASSED

2020-10-19 13:08:47 - [TEST_STEP][PASSED] - utilities.SafeActions.safeCheck(findTestObject("SEARCH_PAYMENT/ELECTRONIC_CHECK"), "E check", [pageLoadTime]): Consumer_Payment_Making.ts:Checkbox 'E check'is selected

2020-10-19 13:08:50 - [MESSAGE][PASSED] - Object 'Object Repository/SEARCH_PAYMENT/ELECTRONIC_CHECK' is present

2020-10-19 13:08:51 - [MESSAGE][PASSED] - Object 'Object Repository/SEARCH_PAYMENT/ELECTRONIC_CHECK' is present

2020-10-19 13:08:52 - [MESSAGE][PASSED] - Object: 'Object Repository/SEARCH_PAYMENT/ELECTRONIC_CHECK' is clicked on

2020-10-19 13:08:52 - [MESSAGE][PASSED] - Consumer_Payment_Making.ts:Checkbox 'E check'is selected

2020-10-19 13:08:52 - [TEST_STEP][PASSED] - pages.Search_Page.setSearchDetails(lastName, cardNum, checkingAccNum): Acc num enterd

2020-10-19 13:08:53 - [MESSAGE][PASSED] - Object 'Object Repository/SEARCH_PAYMENT/BILLING_LAST_NAME' is present

2020-10-19 13:08:53 - [MESSAGE][PASSED] - Object 'Object Repository/SEARCH_PAYMENT/BILLING_LAST_NAME' is visible

2020-10-19 13:08:53 - [MESSAGE][PASSED] - Object 'Object Repository/SEARCH_PAYMENT/BILLING_LAST_NAME' is present

2020-10-19 13:08:55 - [MESSAGE][PASSED] - Text 'reiza' is set on object 'Object Repository/SEARCH_PAYMENT/BILLING_LAST_NAME'

2020-10-19 13:08:55 - [MESSAGE][PASSED] - Consumer_Payment_Making.ts:Entered'reiza into LastName

2020-10-19 13:08:56 - [MESSAGE][WARNING] - Object 'Object Repository/SEARCH_PAYMENT/CREDIT_OR_DEBIT_CARD' is not checked (Root cause: com.kms.katalon.core.exception.StepFailedException: Object 'Object Repository/SEARCH_PAYMENT/CREDIT_OR_DEBIT_CARD' is not checked
	at com.kms.katalon.core.webui.keyword.internal.WebUIKeywordMain.stepFailed(WebUIKeywordMain.groovy:64)
	at com.kms.katalon.core.webui.keyword.builtin.VerifyElementCheckedKeyword$_verifyElementChecked_closure1.doCall(VerifyElementCheckedKeyword.groovy:81)
	at com.kms.katalon.core.webui.keyword.builtin.VerifyElementCheckedKeyword$_verifyElementChecked_closure1.call(VerifyElementCheckedKeyword.groovy)
	at com.kms.katalon.core.webui.keyword.internal.WebUIKeywordMain.runKeyword(WebUIKeywordMain.groovy:20)
	at com.kms.katalon.core.webui.keyword.builtin.VerifyElementCheckedKeyword.verifyElementChecked(VerifyElementCheckedKeyword.groovy:92)
	at com.kms.katalon.core.webui.keyword.builtin.VerifyElementCheckedKeyword.execute(VerifyElementCheckedKeyword.groovy:68)
	at com.kms.katalon.core.keyword.internal.KeywordExecutor.executeKeywordForPlatform(KeywordExecutor.groovy:72)
	at com.kms.katalon.core.webui.keyword.WebUiBuiltInKeywords.verifyElementChecked(WebUiBuiltInKeywords.groovy:1352)
	at com.kms.katalon.core.webui.keyword.WebUiBuiltInKeywords$verifyElementChecked$15.call(Unknown Source)
	at pages.Search_Page.setSearchDetails(Search_Page.groovy:39)
	at pages.Search_Page.invokeMethod(Search_Page.groovy)
	at com.kms.katalon.core.main.CustomKeywordDelegatingMetaClass.invokeStaticMethod(CustomKeywordDelegatingMetaClass.java:50)
	at TC_003_Echeck_Checking_SingleLine_Payment.run(TC_003_Echeck_Checking_SingleLine_Payment:122)
	at com.kms.katalon.core.main.ScriptEngine.run(ScriptEngine.java:194)
	at com.kms.katalon.core.main.ScriptEngine.runScriptAsRawText(ScriptEngine.java:119)
	at com.kms.katalon.core.main.TestCaseExecutor.runScript(TestCaseExecutor.java:337)
	at com.kms.katalon.core.main.TestCaseExecutor.doExecute(TestCaseExecutor.java:328)
	at com.kms.katalon.core.main.TestCaseExecutor.processExecutionPhase(TestCaseExecutor.java:307)
	at com.kms.katalon.core.main.TestCaseExecutor.accessMainPhase(TestCaseExecutor.java:299)
	at com.kms.katalon.core.main.TestCaseExecutor.execute(TestCaseExecutor.java:233)
	at com.kms.katalon.core.main.TestSuiteExecutor.accessTestCaseMainPhase(TestSuiteExecutor.java:169)
	at com.kms.katalon.core.main.TestSuiteExecutor.accessTestSuiteMainPhase(TestSuiteExecutor.java:142)
	at com.kms.katalon.core.main.TestSuiteExecutor.execute(TestSuiteExecutor.java:91)
	at com.kms.katalon.core.main.TestCaseMain.startTestSuite(TestCaseMain.java:157)
	at com.kms.katalon.core.main.TestCaseMain$startTestSuite$0.call(Unknown Source)
	at TempTestSuite1603092624108.run(TempTestSuite1603092624108.groovy:36)
)
[[ATTACHMENT|E:\\Sush_Certpay\\Reports\\20201019_130024\\Certpay_testSuite\\Consumer_Payment_Making\\20201019_130024\\1603093135382.png]]

2020-10-19 13:08:56 - [MESSAGE][PASSED] - Object 'Object Repository/SEARCH_PAYMENT/ACC_NUMBER' is present

2020-10-19 13:08:57 - [MESSAGE][PASSED] - Object 'Object Repository/SEARCH_PAYMENT/ACC_NUMBER' is visible

2020-10-19 13:08:57 - [MESSAGE][PASSED] - Object 'Object Repository/SEARCH_PAYMENT/ACC_NUMBER' is present

2020-10-19 13:08:58 - [MESSAGE][PASSED] - Text '123456' is set on object 'Object Repository/SEARCH_PAYMENT/ACC_NUMBER'

2020-10-19 13:08:58 - [MESSAGE][PASSED] - Consumer_Payment_Making.ts:Entered'123456 into Acc num

2020-10-19 13:08:58 - [MESSAGE][PASSED] - Acc num enterd

2020-10-19 13:08:58 - [TEST_STEP][PASSED] - utilities.SafeActions.safeClick(findTestObject("SEARCH_PAYMENT/SEARCH_BUTTON"), "Search", [pageLoadTime]): Consumer_Payment_Making.ts:Clicked on the Search

2020-10-19 13:08:58 - [MESSAGE][INFO] - safeClicking

2020-10-19 13:08:59 - [MESSAGE][PASSED] - Object 'Object Repository/SEARCH_PAYMENT/SEARCH_BUTTON' is present

2020-10-19 13:08:59 - [MESSAGE][PASSED] - Object 'Object Repository/SEARCH_PAYMENT/SEARCH_BUTTON' is clickable

2020-10-19 13:09:09 - [MESSAGE][PASSED] - Object: 'Object Repository/SEARCH_PAYMENT/SEARCH_BUTTON' is clicked on

2020-10-19 13:09:09 - [MESSAGE][PASSED] - Consumer_Payment_Making.ts:Clicked on the Search

2020-10-19 13:09:09 - [TEST_STEP][PASSED] - pages.Payment_Page.verifyPaymentDetailsInReceipt(PaymentID): pages.Payment_Page.verifyPaymentDetailsInReceipt is PASSED

2020-10-19 13:09:11 - [MESSAGE][PASSED] - Text of object 'Object Repository/SEARCH_PAYMENT/REFERNCE_NUM' is: '13'

2020-10-19 13:09:11 - [MESSAGE][PASSED] - Text of object 'Object Repository/SEARCH_PAYMENT/PAYMENT_ID' is: '100176131608'

2020-10-19 13:09:11 - [MESSAGE][PASSED] - pages.Payment_Page.verifyPaymentDetailsInReceipt is PASSED

2020-10-19 13:09:11 - [TEST_STEP][PASSED] - utilities.SafeActions.safeClick(findTestObject("SEARCH_PAYMENT/SEARCH_ ICON"), "SearchIcon", [pageLoadTime]): Consumer_Payment_Making.ts:Clicked on the SearchIcon

2020-10-19 13:09:11 - [MESSAGE][INFO] - safeClicking

2020-10-19 13:09:11 - [MESSAGE][PASSED] - Object 'Object Repository/SEARCH_PAYMENT/SEARCH_ ICON' is present

2020-10-19 13:09:12 - [MESSAGE][PASSED] - Object 'Object Repository/SEARCH_PAYMENT/SEARCH_ ICON' is clickable

2020-10-19 13:09:13 - [MESSAGE][PASSED] - Object: 'Object Repository/SEARCH_PAYMENT/SEARCH_ ICON' is clicked on

2020-10-19 13:09:13 - [MESSAGE][PASSED] - Consumer_Payment_Making.ts:Clicked on the SearchIcon

2020-10-19 13:09:13 - [TEST_STEP][PASSED] - delay(2): Delayed 2 second(s)

2020-10-19 13:09:15 - [MESSAGE][PASSED] - Delayed 2 second(s)

2020-10-19 13:09:15 - [TEST_STEP][PASSED] - scrollToElement(findTestObject("SEARCH_PAYMENT/CLOSE_BUTTON"), 30): Scroll to object 'Object Repository/SEARCH_PAYMENT/CLOSE_BUTTON' successfully

2020-10-19 13:09:15 - [MESSAGE][PASSED] - Scroll to object 'Object Repository/SEARCH_PAYMENT/CLOSE_BUTTON' successfully

2020-10-19 13:09:15 - [TEST_STEP][PASSED] - utilities.SafeActions.safeClick(findTestObject("SEARCH_PAYMENT/EMAIL_ RECEIPT"), "Email Receipt", [pageLoadTime]): Consumer_Payment_Making.ts:Clicked on the Email Receipt

2020-10-19 13:09:15 - [MESSAGE][INFO] - safeClicking

2020-10-19 13:09:16 - [MESSAGE][PASSED] - Object 'Object Repository/SEARCH_PAYMENT/EMAIL_ RECEIPT' is present

2020-10-19 13:09:16 - [MESSAGE][PASSED] - Object 'Object Repository/SEARCH_PAYMENT/EMAIL_ RECEIPT' is clickable

2020-10-19 13:09:17 - [MESSAGE][PASSED] - Object: 'Object Repository/SEARCH_PAYMENT/EMAIL_ RECEIPT' is clicked on

2020-10-19 13:09:17 - [MESSAGE][PASSED] - Consumer_Payment_Making.ts:Clicked on the Email Receipt

2020-10-19 13:09:17 - [TEST_STEP][PASSED] - utilities.SafeActions.safeClick(findTestObject("SEARCH_PAYMENT/SEND_ EMAIL_BUTTON"), "Send Email", [pageLoadTime]): Consumer_Payment_Making.ts:Clicked on the Send Email

2020-10-19 13:09:17 - [MESSAGE][INFO] - safeClicking

2020-10-19 13:09:18 - [MESSAGE][PASSED] - Object 'Object Repository/SEARCH_PAYMENT/SEND_ EMAIL_BUTTON' is present

2020-10-19 13:09:18 - [MESSAGE][PASSED] - Object 'Object Repository/SEARCH_PAYMENT/SEND_ EMAIL_BUTTON' is clickable

2020-10-19 13:09:20 - [MESSAGE][PASSED] - Object: 'Object Repository/SEARCH_PAYMENT/SEND_ EMAIL_BUTTON' is clicked on

2020-10-19 13:09:20 - [MESSAGE][PASSED] - Consumer_Payment_Making.ts:Clicked on the Send Email

2020-10-19 13:09:20 - [TEST_STEP][PASSED] - Start listener action : afterTestCase: Browser is closed

2020-10-19 13:09:20 - [TEST_STEP][PASSED] - closeBrowser(): Browser is closed

2020-10-19 13:09:21 - [MESSAGE][PASSED] - Browser is closed]]></system-out>
         <system-err><![CDATA[]]></system-err>
      </testcase>
      <testcase name="Test Cases/Consumer_Make_Payment/TC_004_Echeck_Checking_MultiLine_Payment" time="167.513" classname="Test Cases/Consumer_Make_Payment/TC_004_Echeck_Checking_MultiLine_Payment" status="PASSED">
         <system-out><![CDATA[2020-10-19 13:09:21 - [TEST_CASE][PASSED] - Test Cases/Consumer_Make_Payment/TC_004_Echeck_Checking_MultiLine_Payment: Test Cases/Consumer_Make_Payment/TC_004_Echeck_Checking_MultiLine_Payment

2020-10-19 13:09:21 - [TEST_STEP][PASSED] - Start listener action : beforeTestCase: null

2020-10-19 13:09:21 - [TEST_STEP][PASSED] - utilities.SafeActions.openBrowser(certpay_url, [pageLoadTime]): Browser launched successfully

2020-10-19 13:09:21 - [MESSAGE][INFO] - Opening Browser

2020-10-19 13:09:21 - [MESSAGE][INFO] - Starting 'Chrome' driver

2020-10-19 13:09:30 - [MESSAGE][PASSED] - Browser is opened with url: 'https://qa-certpay.faps.net/'

2020-10-19 13:09:33 - [MESSAGE][PASSED] - Current window maximized

2020-10-19 13:09:33 - [MESSAGE][PASSED] - Browser launched successfully

2020-10-19 13:09:33 - [TEST_STEP][PASSED] - utilities.SafeActions.safeType(findTestObject("MAKE_ PAYMENT/Home_ Page/BUREAU_CODE"), bureauCode, "Bureau code", [pageLoadTime]): Consumer_Payment_Making.ts:Entered'6100000 into Bureau code

2020-10-19 13:09:33 - [MESSAGE][PASSED] - Object 'Object Repository/MAKE_ PAYMENT/Home_ Page/BUREAU_CODE' is present

2020-10-19 13:09:33 - [MESSAGE][PASSED] - Object 'Object Repository/MAKE_ PAYMENT/Home_ Page/BUREAU_CODE' is visible

2020-10-19 13:09:34 - [MESSAGE][PASSED] - Object 'Object Repository/MAKE_ PAYMENT/Home_ Page/BUREAU_CODE' is present

2020-10-19 13:09:35 - [MESSAGE][PASSED] - Text '6100000' is set on object 'Object Repository/MAKE_ PAYMENT/Home_ Page/BUREAU_CODE'

2020-10-19 13:09:35 - [MESSAGE][PASSED] - Consumer_Payment_Making.ts:Entered'6100000 into Bureau code

2020-10-19 13:09:35 - [TEST_STEP][PASSED] - utilities.SafeActions.safeClick(findTestObject("MAKE_ PAYMENT/Home_ Page/BEGIN_PAYMENT"), "Begin payment", [pageLoadTime]): Consumer_Payment_Making.ts:Clicked on the Begin payment

2020-10-19 13:09:35 - [MESSAGE][INFO] - safeClicking

2020-10-19 13:09:35 - [MESSAGE][PASSED] - Object 'Object Repository/MAKE_ PAYMENT/Home_ Page/BEGIN_PAYMENT' is present

2020-10-19 13:09:35 - [MESSAGE][PASSED] - Object 'Object Repository/MAKE_ PAYMENT/Home_ Page/BEGIN_PAYMENT' is clickable

2020-10-19 13:09:39 - [MESSAGE][PASSED] - Object: 'Object Repository/MAKE_ PAYMENT/Home_ Page/BEGIN_PAYMENT' is clicked on

2020-10-19 13:09:39 - [MESSAGE][PASSED] - Consumer_Payment_Making.ts:Clicked on the Begin payment

2020-10-19 13:09:39 - [TEST_STEP][PASSED] - utilities.SafeActions.safeClick(findTestObject("MAKE_ PAYMENT/Home_ Page/NEXT_BUTTON"), "Continue", [pageLoadTime]): Consumer_Payment_Making.ts:Clicked on the Continue

2020-10-19 13:09:39 - [MESSAGE][INFO] - safeClicking

2020-10-19 13:09:40 - [MESSAGE][PASSED] - Object 'Object Repository/MAKE_ PAYMENT/Home_ Page/NEXT_BUTTON' is present

2020-10-19 13:09:40 - [MESSAGE][PASSED] - Object 'Object Repository/MAKE_ PAYMENT/Home_ Page/NEXT_BUTTON' is clickable

2020-10-19 13:09:44 - [MESSAGE][PASSED] - Object: 'Object Repository/MAKE_ PAYMENT/Home_ Page/NEXT_BUTTON' is clicked on

2020-10-19 13:09:44 - [MESSAGE][PASSED] - Consumer_Payment_Making.ts:Clicked on the Continue

2020-10-19 13:09:44 - [TEST_STEP][PASSED] - utilities.SafeActions.safeCheck(findTestObject("MAKE_ PAYMENT/Home_ Page/ELECTRONIC_CHECK"), "Echeck", [pageLoadTime]): Consumer_Payment_Making.ts:Checkbox 'Echeck'is selected

2020-10-19 13:09:45 - [MESSAGE][PASSED] - Object 'Object Repository/MAKE_ PAYMENT/Home_ Page/ELECTRONIC_CHECK' is present

2020-10-19 13:09:46 - [MESSAGE][PASSED] - Object 'Object Repository/MAKE_ PAYMENT/Home_ Page/ELECTRONIC_CHECK' is present

2020-10-19 13:09:47 - [MESSAGE][PASSED] - Object: 'Object Repository/MAKE_ PAYMENT/Home_ Page/ELECTRONIC_CHECK' is clicked on

2020-10-19 13:09:47 - [MESSAGE][PASSED] - Consumer_Payment_Making.ts:Checkbox 'Echeck'is selected

2020-10-19 13:09:47 - [TEST_STEP][PASSED] - pages.Payment_Page.setAmount("1", paymentAmount, "testing", referenceNum): Consumer_Payment_Making.ts:Entered'testing into Comments

2020-10-19 13:09:49 - [MESSAGE][PASSED] - Object '' is present

2020-10-19 13:09:49 - [MESSAGE][PASSED] - Object '' is visible

2020-10-19 13:09:49 - [MESSAGE][PASSED] - Object '' is present

2020-10-19 13:09:51 - [MESSAGE][PASSED] - Text '10.00' is set on object ''

2020-10-19 13:09:51 - [MESSAGE][PASSED] - Consumer_Payment_Making.ts:Entered'10.00 into Amount

2020-10-19 13:09:51 - [MESSAGE][PASSED] - Object '' is present

2020-10-19 13:09:51 - [MESSAGE][PASSED] - Object '' is visible

2020-10-19 13:09:52 - [MESSAGE][PASSED] - Object '' is present

2020-10-19 13:09:53 - [MESSAGE][PASSED] - Text '11' is set on object ''

2020-10-19 13:09:53 - [MESSAGE][PASSED] - Consumer_Payment_Making.ts:Entered'11 into Amount

2020-10-19 13:09:53 - [MESSAGE][PASSED] - Object '' is present

2020-10-19 13:09:53 - [MESSAGE][PASSED] - Object '' is visible

2020-10-19 13:09:54 - [MESSAGE][PASSED] - Object '' is present

2020-10-19 13:09:55 - [MESSAGE][PASSED] - Text 'testing' is set on object ''

2020-10-19 13:09:55 - [MESSAGE][PASSED] - Consumer_Payment_Making.ts:Entered'testing into Comments

2020-10-19 13:09:55 - [TEST_STEP][PASSED] - utilities.SafeActions.safeClick(findTestObject("MAKE_ PAYMENT/Home_ Page/ADD_ANOTHER_PROPERTY"), "Multi-Payment", [pageLoadTime]): Consumer_Payment_Making.ts:Clicked on the Multi-Payment

2020-10-19 13:09:55 - [MESSAGE][INFO] - safeClicking

2020-10-19 13:09:55 - [MESSAGE][PASSED] - Object 'Object Repository/MAKE_ PAYMENT/Home_ Page/ADD_ANOTHER_PROPERTY' is present

2020-10-19 13:09:56 - [MESSAGE][PASSED] - Object 'Object Repository/MAKE_ PAYMENT/Home_ Page/ADD_ANOTHER_PROPERTY' is clickable

2020-10-19 13:09:59 - [MESSAGE][PASSED] - Object: 'Object Repository/MAKE_ PAYMENT/Home_ Page/ADD_ANOTHER_PROPERTY' is clicked on

2020-10-19 13:09:59 - [MESSAGE][PASSED] - Consumer_Payment_Making.ts:Clicked on the Multi-Payment

2020-10-19 13:09:59 - [TEST_STEP][PASSED] - pages.Payment_Page.setAmount("2", paymentAmount2, "Payment for testing", referenceNum): Consumer_Payment_Making.ts:Entered'Payment for testing into Comments

2020-10-19 13:10:01 - [MESSAGE][PASSED] - Object '' is present

2020-10-19 13:10:01 - [MESSAGE][PASSED] - Object '' is visible

2020-10-19 13:10:01 - [MESSAGE][PASSED] - Object '' is present

2020-10-19 13:10:03 - [MESSAGE][PASSED] - Text '35.00' is set on object ''

2020-10-19 13:10:03 - [MESSAGE][PASSED] - Consumer_Payment_Making.ts:Entered'35.00 into Amount

2020-10-19 13:10:03 - [MESSAGE][PASSED] - Object '' is present

2020-10-19 13:10:03 - [MESSAGE][PASSED] - Object '' is visible

2020-10-19 13:10:03 - [MESSAGE][PASSED] - Object '' is present

2020-10-19 13:10:05 - [MESSAGE][PASSED] - Text '11' is set on object ''

2020-10-19 13:10:05 - [MESSAGE][PASSED] - Consumer_Payment_Making.ts:Entered'11 into Amount

2020-10-19 13:10:05 - [MESSAGE][PASSED] - Object '' is present

2020-10-19 13:10:05 - [MESSAGE][PASSED] - Object '' is visible

2020-10-19 13:10:06 - [MESSAGE][PASSED] - Object '' is present

2020-10-19 13:10:07 - [MESSAGE][PASSED] - Text 'Payment for testing' is set on object ''

2020-10-19 13:10:07 - [MESSAGE][PASSED] - Consumer_Payment_Making.ts:Entered'Payment for testing into Comments

2020-10-19 13:10:07 - [TEST_STEP][PASSED] - utilities.SafeActions.safeSelectOptionInDropdownByVisibleText(findTestObject("MAKE_ PAYMENT/Home_ Page/PAYMENT_TYPE"), paymentType, "Payment Type", [pageLoadTime]): selected dropdown option by visible text  Taxesfrom Payment Type

2020-10-19 13:10:07 - [MESSAGE][PASSED] - Object 'Object Repository/MAKE_ PAYMENT/Home_ Page/PAYMENT_TYPE' is visible

2020-10-19 13:10:08 - [MESSAGE][PASSED] - Object 'Object Repository/MAKE_ PAYMENT/Home_ Page/PAYMENT_TYPE' is present

2020-10-19 13:10:09 - [MESSAGE][PASSED] - Object: 'Object Repository/MAKE_ PAYMENT/Home_ Page/PAYMENT_TYPE' is clicked on

2020-10-19 13:10:10 - [MESSAGE][PASSED] - All options with label 'Taxes' are selected in object 'Object Repository/MAKE_ PAYMENT/Home_ Page/PAYMENT_TYPE'  using regular expression

2020-10-19 13:10:10 - [MESSAGE][PASSED] - selected dropdown option by visible text  Taxesfrom Payment Type

2020-10-19 13:10:10 - [TEST_STEP][PASSED] - utilities.SafeActions.safeClick(findTestObject("MAKE_ PAYMENT/Home_ Page/CONTINUE"), "Continue", [pageLoadTime]): Consumer_Payment_Making.ts:Clicked on the Continue

2020-10-19 13:10:10 - [MESSAGE][INFO] - safeClicking

2020-10-19 13:10:10 - [MESSAGE][PASSED] - Object 'Object Repository/MAKE_ PAYMENT/Home_ Page/CONTINUE' is present

2020-10-19 13:10:11 - [MESSAGE][PASSED] - Object 'Object Repository/MAKE_ PAYMENT/Home_ Page/CONTINUE' is clickable

2020-10-19 13:10:15 - [MESSAGE][PASSED] - Object: 'Object Repository/MAKE_ PAYMENT/Home_ Page/CONTINUE' is clicked on

2020-10-19 13:10:15 - [MESSAGE][PASSED] - Consumer_Payment_Making.ts:Clicked on the Continue

2020-10-19 13:10:15 - [TEST_STEP][PASSED] - pages.Payment_Page.setPersonalDetails(firstName, lastName, telephone): Consumer_Payment_Making.ts:Entered'9988545421 into Telephone

2020-10-19 13:10:16 - [MESSAGE][PASSED] - Object 'Object Repository/MAKE_ PAYMENT/Consumer_Personal_ Details/FIRST_NAME' is present

2020-10-19 13:10:16 - [MESSAGE][PASSED] - Object 'Object Repository/MAKE_ PAYMENT/Consumer_Personal_ Details/FIRST_NAME' is visible

2020-10-19 13:10:16 - [MESSAGE][PASSED] - Object 'Object Repository/MAKE_ PAYMENT/Consumer_Personal_ Details/FIRST_NAME' is present

2020-10-19 13:10:18 - [MESSAGE][PASSED] - Text 'Chasto' is set on object 'Object Repository/MAKE_ PAYMENT/Consumer_Personal_ Details/FIRST_NAME'

2020-10-19 13:10:18 - [MESSAGE][PASSED] - Consumer_Payment_Making.ts:Entered'Chasto into FirstName

2020-10-19 13:10:18 - [MESSAGE][PASSED] - Object 'Object Repository/MAKE_ PAYMENT/Consumer_Personal_ Details/LAST_NAME' is present

2020-10-19 13:10:18 - [MESSAGE][PASSED] - Object 'Object Repository/MAKE_ PAYMENT/Consumer_Personal_ Details/LAST_NAME' is visible

2020-10-19 13:10:19 - [MESSAGE][PASSED] - Object 'Object Repository/MAKE_ PAYMENT/Consumer_Personal_ Details/LAST_NAME' is present

2020-10-19 13:10:20 - [MESSAGE][PASSED] - Text 'James' is set on object 'Object Repository/MAKE_ PAYMENT/Consumer_Personal_ Details/LAST_NAME'

2020-10-19 13:10:20 - [MESSAGE][PASSED] - Consumer_Payment_Making.ts:Entered'James into LastName

2020-10-19 13:10:20 - [MESSAGE][PASSED] - Object 'Object Repository/MAKE_ PAYMENT/Consumer_Personal_ Details/TELEPHONE' is present

2020-10-19 13:10:21 - [MESSAGE][PASSED] - Object 'Object Repository/MAKE_ PAYMENT/Consumer_Personal_ Details/TELEPHONE' is visible

2020-10-19 13:10:21 - [MESSAGE][PASSED] - Object 'Object Repository/MAKE_ PAYMENT/Consumer_Personal_ Details/TELEPHONE' is present

2020-10-19 13:10:22 - [MESSAGE][PASSED] - Text '9988545421' is set on object 'Object Repository/MAKE_ PAYMENT/Consumer_Personal_ Details/TELEPHONE'

2020-10-19 13:10:22 - [MESSAGE][PASSED] - Consumer_Payment_Making.ts:Entered'9988545421 into Telephone

2020-10-19 13:10:22 - [TEST_STEP][PASSED] - pages.Payment_Page.setLocationDetails(address, zipCode): Consumer_Payment_Making.ts:Entered'76102 into ZipCode

2020-10-19 13:10:23 - [MESSAGE][PASSED] - Object 'Object Repository/MAKE_ PAYMENT/Consumer_Personal_ Details/ADDRESS' is present

2020-10-19 13:10:23 - [MESSAGE][PASSED] - Object 'Object Repository/MAKE_ PAYMENT/Consumer_Personal_ Details/ADDRESS' is visible

2020-10-19 13:10:23 - [MESSAGE][PASSED] - Object 'Object Repository/MAKE_ PAYMENT/Consumer_Personal_ Details/ADDRESS' is present

2020-10-19 13:10:24 - [MESSAGE][PASSED] - Text '14-9' is set on object 'Object Repository/MAKE_ PAYMENT/Consumer_Personal_ Details/ADDRESS'

2020-10-19 13:10:24 - [MESSAGE][PASSED] - Consumer_Payment_Making.ts:Entered'14-9 into Address

2020-10-19 13:10:25 - [MESSAGE][PASSED] - Object 'Object Repository/MAKE_ PAYMENT/Consumer_Personal_ Details/ZIP_CODE' is present

2020-10-19 13:10:25 - [MESSAGE][PASSED] - Object 'Object Repository/MAKE_ PAYMENT/Consumer_Personal_ Details/ZIP_CODE' is visible

2020-10-19 13:10:25 - [MESSAGE][PASSED] - Object 'Object Repository/MAKE_ PAYMENT/Consumer_Personal_ Details/ZIP_CODE' is present

2020-10-19 13:10:27 - [MESSAGE][PASSED] - Text '76102' is set on object 'Object Repository/MAKE_ PAYMENT/Consumer_Personal_ Details/ZIP_CODE'

2020-10-19 13:10:27 - [MESSAGE][PASSED] - Consumer_Payment_Making.ts:Entered'76102 into ZipCode

2020-10-19 13:10:27 - [TEST_STEP][PASSED] - pages.Payment_Page.clickOnElement(findTestObject("MAKE_ PAYMENT/Home_ Page/CONTINUE")): pages.Payment_Page.clickOnElement is PASSED

2020-10-19 13:10:31 - [MESSAGE][PASSED] - Execute JavaScript 'arguments[0].click()' successfully

2020-10-19 13:10:31 - [MESSAGE][PASSED] - pages.Payment_Page.clickOnElement is PASSED

2020-10-19 13:10:31 - [TEST_STEP][PASSED] - utilities.SafeActions.safeCheck(findTestObject("MAKE_ PAYMENT/Consumer_Personal_ Details/CheckBox"), "Billing CheckBox", [pageLoadTime]): Consumer_Payment_Making.ts:Checkbox 'Billing CheckBox'is selected

2020-10-19 13:10:32 - [MESSAGE][PASSED] - Object 'Object Repository/MAKE_ PAYMENT/Consumer_Personal_ Details/CheckBox' is present

2020-10-19 13:10:33 - [MESSAGE][PASSED] - Object 'Object Repository/MAKE_ PAYMENT/Consumer_Personal_ Details/CheckBox' is present

2020-10-19 13:10:35 - [MESSAGE][PASSED] - Object: 'Object Repository/MAKE_ PAYMENT/Consumer_Personal_ Details/CheckBox' is clicked on

2020-10-19 13:10:35 - [MESSAGE][PASSED] - Consumer_Payment_Making.ts:Checkbox 'Billing CheckBox'is selected

2020-10-19 13:10:35 - [TEST_STEP][PASSED] - waitForPageLoad(2): Wait for page load successfully

2020-10-19 13:10:37 - [MESSAGE][PASSED] - Wait for page load successfully

2020-10-19 13:10:37 - [TEST_STEP][PASSED] - utilities.SafeActions.safeClick(findTestObject("MAKE_ PAYMENT/Home_ Page/CONTINUE"), "Continue", [pageLoadTime]): Consumer_Payment_Making.ts:Clicked on the Continue

2020-10-19 13:10:37 - [MESSAGE][INFO] - safeClicking

2020-10-19 13:10:37 - [MESSAGE][PASSED] - Object 'Object Repository/MAKE_ PAYMENT/Home_ Page/CONTINUE' is present

2020-10-19 13:10:38 - [MESSAGE][PASSED] - Object 'Object Repository/MAKE_ PAYMENT/Home_ Page/CONTINUE' is clickable

2020-10-19 13:10:42 - [MESSAGE][PASSED] - Object: 'Object Repository/MAKE_ PAYMENT/Home_ Page/CONTINUE' is clicked on

2020-10-19 13:10:42 - [MESSAGE][PASSED] - Consumer_Payment_Making.ts:Clicked on the Continue

2020-10-19 13:10:42 - [TEST_STEP][PASSED] - utilities.SafeActions.safeCheck(findTestObject("MAKE_ PAYMENT/Consumer_Personal_ Details/ACC_TYPE_CHECKING"), "Checking", [pageLoadTime]): Consumer_Payment_Making.ts:Checkbox 'Checking'is selected

2020-10-19 13:10:43 - [MESSAGE][PASSED] - Object 'Object Repository/MAKE_ PAYMENT/Consumer_Personal_ Details/ACC_TYPE_CHECKING' is present

2020-10-19 13:10:44 - [MESSAGE][PASSED] - Object 'Object Repository/MAKE_ PAYMENT/Consumer_Personal_ Details/ACC_TYPE_CHECKING' is present

2020-10-19 13:10:46 - [MESSAGE][PASSED] - Object: 'Object Repository/MAKE_ PAYMENT/Consumer_Personal_ Details/ACC_TYPE_CHECKING' is clicked on

2020-10-19 13:10:46 - [MESSAGE][PASSED] - Consumer_Payment_Making.ts:Checkbox 'Checking'is selected

2020-10-19 13:10:46 - [TEST_STEP][PASSED] - pages.Payment_Page.setElectronicCheckInformation(findTestObject("MAKE_ PAYMENT/Consumer_Personal_ Details/CHECKING_ACCOUNT_NUMBER"), findTestObject("MAKE_ PAYMENT/Consumer_Personal_ Details/CONFIRM_CHECKING_ACC_NUM"), routingNum, checkingAccNum): Consumer_Payment_Making.ts:Entered'123456 into ConfirmCheckAccNum

2020-10-19 13:10:46 - [MESSAGE][PASSED] - Object 'Object Repository/MAKE_ PAYMENT/Consumer_Personal_ Details/ROUTING_NUMBER' is present

2020-10-19 13:10:46 - [MESSAGE][PASSED] - Object 'Object Repository/MAKE_ PAYMENT/Consumer_Personal_ Details/ROUTING_NUMBER' is visible

2020-10-19 13:10:47 - [MESSAGE][PASSED] - Object 'Object Repository/MAKE_ PAYMENT/Consumer_Personal_ Details/ROUTING_NUMBER' is present

2020-10-19 13:10:48 - [MESSAGE][PASSED] - Text '111000025' is set on object 'Object Repository/MAKE_ PAYMENT/Consumer_Personal_ Details/ROUTING_NUMBER'

2020-10-19 13:10:48 - [MESSAGE][PASSED] - Consumer_Payment_Making.ts:Entered'111000025 into RoutingNumber

2020-10-19 13:10:48 - [MESSAGE][PASSED] - Object 'Object Repository/MAKE_ PAYMENT/Consumer_Personal_ Details/CHECKING_ACCOUNT_NUMBER' is present

2020-10-19 13:10:48 - [MESSAGE][PASSED] - Object 'Object Repository/MAKE_ PAYMENT/Consumer_Personal_ Details/CHECKING_ACCOUNT_NUMBER' is present

2020-10-19 13:10:49 - [MESSAGE][PASSED] - Object 'Object Repository/MAKE_ PAYMENT/Consumer_Personal_ Details/CHECKING_ACCOUNT_NUMBER' is visible

2020-10-19 13:10:49 - [MESSAGE][PASSED] - Object 'Object Repository/MAKE_ PAYMENT/Consumer_Personal_ Details/CHECKING_ACCOUNT_NUMBER' is present

2020-10-19 13:10:50 - [MESSAGE][PASSED] - Text '123456' is set on object 'Object Repository/MAKE_ PAYMENT/Consumer_Personal_ Details/CHECKING_ACCOUNT_NUMBER'

2020-10-19 13:10:50 - [MESSAGE][PASSED] - Consumer_Payment_Making.ts:Entered'123456 into CheckAccNum

2020-10-19 13:10:52 - [MESSAGE][PASSED] - Object 'Object Repository/MAKE_ PAYMENT/Consumer_Personal_ Details/CONFIRM_CHECKING_ACC_NUM' is present

2020-10-19 13:10:52 - [MESSAGE][PASSED] - Object 'Object Repository/MAKE_ PAYMENT/Consumer_Personal_ Details/CONFIRM_CHECKING_ACC_NUM' is visible

2020-10-19 13:10:52 - [MESSAGE][PASSED] - Object 'Object Repository/MAKE_ PAYMENT/Consumer_Personal_ Details/CONFIRM_CHECKING_ACC_NUM' is present

2020-10-19 13:10:54 - [MESSAGE][PASSED] - Text '123456' is set on object 'Object Repository/MAKE_ PAYMENT/Consumer_Personal_ Details/CONFIRM_CHECKING_ACC_NUM'

2020-10-19 13:10:54 - [MESSAGE][PASSED] - Consumer_Payment_Making.ts:Entered'123456 into ConfirmCheckAccNum

2020-10-19 13:10:54 - [TEST_STEP][PASSED] - utilities.SafeActions.safeType(findTestObject("MAKE_ PAYMENT/Consumer_Personal_ Details/EMAIL_ADDRESS"), emailAddress, "EmailAddress", [pageLoadTime]): Consumer_Payment_Making.ts:Entered'testing@zenq.com into EmailAddress

2020-10-19 13:10:54 - [MESSAGE][PASSED] - Object 'Object Repository/MAKE_ PAYMENT/Consumer_Personal_ Details/EMAIL_ADDRESS' is present

2020-10-19 13:10:54 - [MESSAGE][PASSED] - Object 'Object Repository/MAKE_ PAYMENT/Consumer_Personal_ Details/EMAIL_ADDRESS' is visible

2020-10-19 13:10:55 - [MESSAGE][PASSED] - Object 'Object Repository/MAKE_ PAYMENT/Consumer_Personal_ Details/EMAIL_ADDRESS' is present

2020-10-19 13:10:56 - [MESSAGE][PASSED] - Text 'testing@zenq.com' is set on object 'Object Repository/MAKE_ PAYMENT/Consumer_Personal_ Details/EMAIL_ADDRESS'

2020-10-19 13:10:56 - [MESSAGE][PASSED] - Consumer_Payment_Making.ts:Entered'testing@zenq.com into EmailAddress

2020-10-19 13:10:56 - [TEST_STEP][PASSED] - utilities.SafeActions.safeType(findTestObject("MAKE_ PAYMENT/Consumer_Personal_ Details/SIGNATURE"), firstName, "EmailAddress", [pageLoadTime]): Consumer_Payment_Making.ts:Entered'Chasto into EmailAddress

2020-10-19 13:10:56 - [MESSAGE][PASSED] - Object 'Object Repository/MAKE_ PAYMENT/Consumer_Personal_ Details/SIGNATURE' is present

2020-10-19 13:10:57 - [MESSAGE][PASSED] - Object 'Object Repository/MAKE_ PAYMENT/Consumer_Personal_ Details/SIGNATURE' is visible

2020-10-19 13:10:57 - [MESSAGE][PASSED] - Object 'Object Repository/MAKE_ PAYMENT/Consumer_Personal_ Details/SIGNATURE' is present

2020-10-19 13:10:58 - [MESSAGE][PASSED] - Text 'Chasto' is set on object 'Object Repository/MAKE_ PAYMENT/Consumer_Personal_ Details/SIGNATURE'

2020-10-19 13:10:58 - [MESSAGE][PASSED] - Consumer_Payment_Making.ts:Entered'Chasto into EmailAddress

2020-10-19 13:10:58 - [TEST_STEP][PASSED] - utilities.SafeActions.safeType(findTestObject("MAKE_ PAYMENT/Consumer_Personal_ Details/AGREEMENT"), "Yes", "Agreement", [pageLoadTime]): Consumer_Payment_Making.ts:Entered'Yes into Agreement

2020-10-19 13:10:59 - [MESSAGE][PASSED] - Object 'Object Repository/MAKE_ PAYMENT/Consumer_Personal_ Details/AGREEMENT' is present

2020-10-19 13:10:59 - [MESSAGE][PASSED] - Object 'Object Repository/MAKE_ PAYMENT/Consumer_Personal_ Details/AGREEMENT' is visible

2020-10-19 13:10:59 - [MESSAGE][PASSED] - Object 'Object Repository/MAKE_ PAYMENT/Consumer_Personal_ Details/AGREEMENT' is present

2020-10-19 13:11:00 - [MESSAGE][PASSED] - Text 'Yes' is set on object 'Object Repository/MAKE_ PAYMENT/Consumer_Personal_ Details/AGREEMENT'

2020-10-19 13:11:00 - [MESSAGE][PASSED] - Consumer_Payment_Making.ts:Entered'Yes into Agreement

2020-10-19 13:11:00 - [TEST_STEP][PASSED] - utilities.SafeActions.safeClick(findTestObject("MAKE_ PAYMENT/Home_ Page/CHECK_CONTINUE"), "Continue", [pageLoadTime]): Consumer_Payment_Making.ts:Clicked on the Continue

2020-10-19 13:11:00 - [MESSAGE][INFO] - safeClicking

2020-10-19 13:11:01 - [MESSAGE][PASSED] - Object 'Object Repository/MAKE_ PAYMENT/Home_ Page/CHECK_CONTINUE' is present

2020-10-19 13:11:01 - [MESSAGE][PASSED] - Object 'Object Repository/MAKE_ PAYMENT/Home_ Page/CHECK_CONTINUE' is clickable

2020-10-19 13:11:02 - [MESSAGE][PASSED] - Object: 'Object Repository/MAKE_ PAYMENT/Home_ Page/CHECK_CONTINUE' is clicked on

2020-10-19 13:11:02 - [MESSAGE][PASSED] - Consumer_Payment_Making.ts:Clicked on the Continue

2020-10-19 13:11:02 - [TEST_STEP][PASSED] - utilities.SafeActions.safeClick(findTestObject("MAKE_ PAYMENT/Home_ Page/CONTINUE"), "Continue", [pageLoadTime]): Consumer_Payment_Making.ts:Clicked on the Continue

2020-10-19 13:11:02 - [MESSAGE][INFO] - safeClicking

2020-10-19 13:11:03 - [MESSAGE][PASSED] - Object 'Object Repository/MAKE_ PAYMENT/Home_ Page/CONTINUE' is present

2020-10-19 13:11:03 - [MESSAGE][PASSED] - Object 'Object Repository/MAKE_ PAYMENT/Home_ Page/CONTINUE' is clickable

2020-10-19 13:11:06 - [MESSAGE][PASSED] - Object: 'Object Repository/MAKE_ PAYMENT/Home_ Page/CONTINUE' is clicked on

2020-10-19 13:11:07 - [MESSAGE][PASSED] - Consumer_Payment_Making.ts:Clicked on the Continue

2020-10-19 13:11:07 - [TEST_STEP][PASSED] - utilities.SafeActions.safeClick(findTestObject("MAKE_ PAYMENT/Consumer_Personal_ Details/I_AGREE"), "I agree", [pageLoadTime]): Consumer_Payment_Making.ts:Clicked on the I agree

2020-10-19 13:11:07 - [MESSAGE][INFO] - safeClicking

2020-10-19 13:11:08 - [MESSAGE][PASSED] - Object 'Object Repository/MAKE_ PAYMENT/Consumer_Personal_ Details/I_AGREE' is present

2020-10-19 13:11:08 - [MESSAGE][PASSED] - Object 'Object Repository/MAKE_ PAYMENT/Consumer_Personal_ Details/I_AGREE' is clickable

2020-10-19 13:11:13 - [MESSAGE][PASSED] - Object: 'Object Repository/MAKE_ PAYMENT/Consumer_Personal_ Details/I_AGREE' is clicked on

2020-10-19 13:11:13 - [MESSAGE][PASSED] - Consumer_Payment_Making.ts:Clicked on the I agree

2020-10-19 13:11:13 - [TEST_STEP][PASSED] - pages.Payment_Page.verifyUserDetails(firstName, lastName, emailAddress, "Discover", "Checking"): pages.Payment_Page.verifyUserDetails is PASSED

2020-10-19 13:11:14 - [MESSAGE][PASSED] - Scroll to object 'Object Repository/MAKE_ PAYMENT/Verification_ Details/FIRST_NAME' successfully

2020-10-19 13:11:14 - [MESSAGE][PASSED] - Text of object 'Object Repository/MAKE_ PAYMENT/Verification_ Details/FIRST_NAME' is: 'Chasto'

2020-10-19 13:11:14 - [MESSAGE][PASSED] - Actual text 'Chasto' and expected text 'Chasto' are matched  using regular expression

2020-10-19 13:11:15 - [MESSAGE][PASSED] - Text of object 'Object Repository/MAKE_ PAYMENT/Verification_ Details/LAST_NAME' is: 'James'

2020-10-19 13:11:15 - [MESSAGE][PASSED] - Actual text 'James' and expected text 'James' are matched  using regular expression

2020-10-19 13:11:17 - [MESSAGE][PASSED] - Text of object 'Object Repository/MAKE_ PAYMENT/Verification_ Details/EMAIL_ADDRESS' is: 'testing@zenq.com'

2020-10-19 13:11:17 - [MESSAGE][PASSED] - Actual text 'testing@zenq.com' and expected text 'testing@zenq.com' are matched  using regular expression

2020-10-19 13:11:17 - [MESSAGE][PASSED] - Text of object 'Object Repository/MAKE_ PAYMENT/Verification_ Details/ACH_ACC_TYPE' is: 'Checking'

2020-10-19 13:11:17 - [MESSAGE][PASSED] - Actual text 'Checking' and expected text 'Checking' are matched  using regular expression

2020-10-19 13:11:18 - [MESSAGE][PASSED] - pages.Payment_Page.verifyUserDetails is PASSED

2020-10-19 13:11:18 - [TEST_STEP][PASSED] - utilities.SafeActions.safeClick(findTestObject("MAKE_ PAYMENT/Verification_ Details/PROCESS_PAYMENT"), "Process Payment", [pageLoadTime]): Consumer_Payment_Making.ts:Clicked on the Process Payment

2020-10-19 13:11:18 - [MESSAGE][INFO] - safeClicking

2020-10-19 13:11:19 - [MESSAGE][PASSED] - Object 'Object Repository/MAKE_ PAYMENT/Verification_ Details/PROCESS_PAYMENT' is present

2020-10-19 13:11:19 - [MESSAGE][PASSED] - Object 'Object Repository/MAKE_ PAYMENT/Verification_ Details/PROCESS_PAYMENT' is clickable

2020-10-19 13:11:20 - [MESSAGE][PASSED] - Object: 'Object Repository/MAKE_ PAYMENT/Verification_ Details/PROCESS_PAYMENT' is clicked on

2020-10-19 13:11:20 - [MESSAGE][PASSED] - Consumer_Payment_Making.ts:Clicked on the Process Payment

2020-10-19 13:11:20 - [TEST_STEP][PASSED] - utilities.SafeActions.safeClick(findTestObject("MAKE_ PAYMENT/Verification_ Details/YES_BUTTON"), "yes button", [pageLoadTime]): Consumer_Payment_Making.ts:Clicked on the yes button

2020-10-19 13:11:20 - [MESSAGE][INFO] - safeClicking

2020-10-19 13:11:21 - [MESSAGE][PASSED] - Object 'Object Repository/MAKE_ PAYMENT/Verification_ Details/YES_BUTTON' is present

2020-10-19 13:11:21 - [MESSAGE][PASSED] - Object 'Object Repository/MAKE_ PAYMENT/Verification_ Details/YES_BUTTON' is clickable

2020-10-19 13:11:25 - [MESSAGE][PASSED] - Object: 'Object Repository/MAKE_ PAYMENT/Verification_ Details/YES_BUTTON' is clicked on

2020-10-19 13:11:25 - [MESSAGE][PASSED] - Consumer_Payment_Making.ts:Clicked on the yes button

2020-10-19 13:11:25 - [TEST_STEP][PASSED] - verifyElementPresent(findTestObject("MAKE_ PAYMENT/Verification_ Details/PENDING"), 30): Object 'Object Repository/MAKE_ PAYMENT/Verification_ Details/PENDING' is present

2020-10-19 13:11:27 - [MESSAGE][PASSED] - Object 'Object Repository/MAKE_ PAYMENT/Verification_ Details/PENDING' is present

2020-10-19 13:11:27 - [TEST_STEP][PASSED] - PaymentID = pages.Payment_Page.verifyECheckPaymentApproval(referenceNum): pages.Payment_Page.verifyECheckPaymentApproval is PASSED

2020-10-19 13:11:27 - [MESSAGE][PASSED] - Text of object 'Object Repository/MAKE_ PAYMENT/Verification_ Details/PAY_ID_ELECTRIC_CHECK' is: '100176131612'

2020-10-19 13:11:29 - [MESSAGE][PASSED] - Text of object 'Object Repository/MAKE_ PAYMENT/Verification_ Details/REF_NUM_E_CHECK' is: '11'

2020-10-19 13:11:29 - [MESSAGE][PASSED] - pages.Payment_Page.verifyECheckPaymentApproval is PASSED

2020-10-19 13:11:29 - [TEST_STEP][PASSED] - utilities.SafeActions.safeClick(findTestObject("SEARCH_PAYMENT/SEARCH_PAYMENT"), "Search Payment", [pageLoadTime]): Consumer_Payment_Making.ts:Clicked on the Search Payment

2020-10-19 13:11:29 - [MESSAGE][INFO] - safeClicking

2020-10-19 13:11:30 - [MESSAGE][PASSED] - Object 'Object Repository/SEARCH_PAYMENT/SEARCH_PAYMENT' is present

2020-10-19 13:11:30 - [MESSAGE][PASSED] - Object 'Object Repository/SEARCH_PAYMENT/SEARCH_PAYMENT' is clickable

2020-10-19 13:11:31 - [MESSAGE][PASSED] - Object: 'Object Repository/SEARCH_PAYMENT/SEARCH_PAYMENT' is clicked on

2020-10-19 13:11:31 - [MESSAGE][PASSED] - Consumer_Payment_Making.ts:Clicked on the Search Payment

2020-10-19 13:11:31 - [TEST_STEP][PASSED] - waitForPageLoad(10): Wait for page load successfully

2020-10-19 13:11:31 - [MESSAGE][PASSED] - Wait for page load successfully

2020-10-19 13:11:31 - [TEST_STEP][PASSED] - pages.Search_Page.switchToWindow(): pages.Search_Page.switchToWindow is PASSED

2020-10-19 13:11:33 - [MESSAGE][PASSED] - Object: 'Object Repository/SEARCH_PAYMENT/SEARCH_PAYMENT' is clicked on

2020-10-19 13:11:33 - [MESSAGE][PASSED] - Switched to window with index: '1'

2020-10-19 13:11:33 - [MESSAGE][PASSED] - pages.Search_Page.switchToWindow is PASSED

2020-10-19 13:11:33 - [TEST_STEP][PASSED] - utilities.SafeActions.safeCheck(findTestObject("SEARCH_PAYMENT/ELECTRONIC_CHECK"), "Echeck", [pageLoadTime]): Consumer_Payment_Making.ts:Checkbox 'Echeck'is selected

2020-10-19 13:11:37 - [MESSAGE][PASSED] - Object 'Object Repository/SEARCH_PAYMENT/ELECTRONIC_CHECK' is present

2020-10-19 13:11:38 - [MESSAGE][PASSED] - Object 'Object Repository/SEARCH_PAYMENT/ELECTRONIC_CHECK' is present

2020-10-19 13:11:40 - [MESSAGE][PASSED] - Object: 'Object Repository/SEARCH_PAYMENT/ELECTRONIC_CHECK' is clicked on

2020-10-19 13:11:40 - [MESSAGE][PASSED] - Consumer_Payment_Making.ts:Checkbox 'Echeck'is selected

2020-10-19 13:11:40 - [TEST_STEP][PASSED] - pages.Search_Page.setSearchDetails(lastName, VISA, checkingAccNum): Acc num enterd

2020-10-19 13:11:40 - [MESSAGE][PASSED] - Object 'Object Repository/SEARCH_PAYMENT/BILLING_LAST_NAME' is present

2020-10-19 13:11:40 - [MESSAGE][PASSED] - Object 'Object Repository/SEARCH_PAYMENT/BILLING_LAST_NAME' is visible

2020-10-19 13:11:41 - [MESSAGE][PASSED] - Object 'Object Repository/SEARCH_PAYMENT/BILLING_LAST_NAME' is present

2020-10-19 13:11:42 - [MESSAGE][PASSED] - Text 'James' is set on object 'Object Repository/SEARCH_PAYMENT/BILLING_LAST_NAME'

2020-10-19 13:11:42 - [MESSAGE][PASSED] - Consumer_Payment_Making.ts:Entered'James into LastName

2020-10-19 13:11:43 - [MESSAGE][WARNING] - Object 'Object Repository/SEARCH_PAYMENT/CREDIT_OR_DEBIT_CARD' is not checked (Root cause: com.kms.katalon.core.exception.StepFailedException: Object 'Object Repository/SEARCH_PAYMENT/CREDIT_OR_DEBIT_CARD' is not checked
	at com.kms.katalon.core.webui.keyword.internal.WebUIKeywordMain.stepFailed(WebUIKeywordMain.groovy:64)
	at com.kms.katalon.core.webui.keyword.builtin.VerifyElementCheckedKeyword$_verifyElementChecked_closure1.doCall(VerifyElementCheckedKeyword.groovy:81)
	at com.kms.katalon.core.webui.keyword.builtin.VerifyElementCheckedKeyword$_verifyElementChecked_closure1.call(VerifyElementCheckedKeyword.groovy)
	at com.kms.katalon.core.webui.keyword.internal.WebUIKeywordMain.runKeyword(WebUIKeywordMain.groovy:20)
	at com.kms.katalon.core.webui.keyword.builtin.VerifyElementCheckedKeyword.verifyElementChecked(VerifyElementCheckedKeyword.groovy:92)
	at com.kms.katalon.core.webui.keyword.builtin.VerifyElementCheckedKeyword.execute(VerifyElementCheckedKeyword.groovy:68)
	at com.kms.katalon.core.keyword.internal.KeywordExecutor.executeKeywordForPlatform(KeywordExecutor.groovy:72)
	at com.kms.katalon.core.webui.keyword.WebUiBuiltInKeywords.verifyElementChecked(WebUiBuiltInKeywords.groovy:1352)
	at com.kms.katalon.core.webui.keyword.WebUiBuiltInKeywords$verifyElementChecked$15.call(Unknown Source)
	at pages.Search_Page.setSearchDetails(Search_Page.groovy:39)
	at pages.Search_Page.invokeMethod(Search_Page.groovy)
	at com.kms.katalon.core.main.CustomKeywordDelegatingMetaClass.invokeStaticMethod(CustomKeywordDelegatingMetaClass.java:50)
	at TC_004_Echeck_Checking_MultiLine_Payment.run(TC_004_Echeck_Checking_MultiLine_Payment:128)
	at com.kms.katalon.core.main.ScriptEngine.run(ScriptEngine.java:194)
	at com.kms.katalon.core.main.ScriptEngine.runScriptAsRawText(ScriptEngine.java:119)
	at com.kms.katalon.core.main.TestCaseExecutor.runScript(TestCaseExecutor.java:337)
	at com.kms.katalon.core.main.TestCaseExecutor.doExecute(TestCaseExecutor.java:328)
	at com.kms.katalon.core.main.TestCaseExecutor.processExecutionPhase(TestCaseExecutor.java:307)
	at com.kms.katalon.core.main.TestCaseExecutor.accessMainPhase(TestCaseExecutor.java:299)
	at com.kms.katalon.core.main.TestCaseExecutor.execute(TestCaseExecutor.java:233)
	at com.kms.katalon.core.main.TestSuiteExecutor.accessTestCaseMainPhase(TestSuiteExecutor.java:169)
	at com.kms.katalon.core.main.TestSuiteExecutor.accessTestSuiteMainPhase(TestSuiteExecutor.java:142)
	at com.kms.katalon.core.main.TestSuiteExecutor.execute(TestSuiteExecutor.java:91)
	at com.kms.katalon.core.main.TestCaseMain.startTestSuite(TestCaseMain.java:157)
	at com.kms.katalon.core.main.TestCaseMain$startTestSuite$0.call(Unknown Source)
	at TempTestSuite1603092624108.run(TempTestSuite1603092624108.groovy:36)
)
[[ATTACHMENT|E:\\Sush_Certpay\\Reports\\20201019_130024\\Certpay_testSuite\\Consumer_Payment_Making\\20201019_130024\\1603093302768.png]]

2020-10-19 13:11:43 - [MESSAGE][PASSED] - Object 'Object Repository/SEARCH_PAYMENT/ACC_NUMBER' is present

2020-10-19 13:11:43 - [MESSAGE][PASSED] - Object 'Object Repository/SEARCH_PAYMENT/ACC_NUMBER' is visible

2020-10-19 13:11:44 - [MESSAGE][PASSED] - Object 'Object Repository/SEARCH_PAYMENT/ACC_NUMBER' is present

2020-10-19 13:11:45 - [MESSAGE][PASSED] - Text '123456' is set on object 'Object Repository/SEARCH_PAYMENT/ACC_NUMBER'

2020-10-19 13:11:45 - [MESSAGE][PASSED] - Consumer_Payment_Making.ts:Entered'123456 into Acc num

2020-10-19 13:11:45 - [MESSAGE][PASSED] - Acc num enterd

2020-10-19 13:11:45 - [TEST_STEP][PASSED] - utilities.SafeActions.safeClick(findTestObject("SEARCH_PAYMENT/SEARCH_BUTTON"), "Search", [pageLoadTime]): Consumer_Payment_Making.ts:Clicked on the Search

2020-10-19 13:11:45 - [MESSAGE][INFO] - safeClicking

2020-10-19 13:11:45 - [MESSAGE][PASSED] - Object 'Object Repository/SEARCH_PAYMENT/SEARCH_BUTTON' is present

2020-10-19 13:11:46 - [MESSAGE][PASSED] - Object 'Object Repository/SEARCH_PAYMENT/SEARCH_BUTTON' is clickable

2020-10-19 13:11:57 - [MESSAGE][PASSED] - Object: 'Object Repository/SEARCH_PAYMENT/SEARCH_BUTTON' is clicked on

2020-10-19 13:11:57 - [MESSAGE][PASSED] - Consumer_Payment_Making.ts:Clicked on the Search

2020-10-19 13:11:57 - [TEST_STEP][PASSED] - pages.Payment_Page.verifyPaymentDetailsInReceipt(PaymentID): pages.Payment_Page.verifyPaymentDetailsInReceipt is PASSED

2020-10-19 13:11:59 - [MESSAGE][PASSED] - Text of object 'Object Repository/SEARCH_PAYMENT/REFERNCE_NUM' is: '11'

2020-10-19 13:11:59 - [MESSAGE][PASSED] - Text of object 'Object Repository/SEARCH_PAYMENT/PAYMENT_ID' is: '100176131616'

2020-10-19 13:11:59 - [MESSAGE][PASSED] - pages.Payment_Page.verifyPaymentDetailsInReceipt is PASSED

2020-10-19 13:11:59 - [TEST_STEP][PASSED] - utilities.SafeActions.safeClick(findTestObject("SEARCH_PAYMENT/SEARCH_ ICON"), "SearchIcon", [pageLoadTime]): Consumer_Payment_Making.ts:Clicked on the SearchIcon

2020-10-19 13:11:59 - [MESSAGE][INFO] - safeClicking

2020-10-19 13:11:59 - [MESSAGE][PASSED] - Object 'Object Repository/SEARCH_PAYMENT/SEARCH_ ICON' is present

2020-10-19 13:12:00 - [MESSAGE][PASSED] - Object 'Object Repository/SEARCH_PAYMENT/SEARCH_ ICON' is clickable

2020-10-19 13:12:01 - [MESSAGE][PASSED] - Object: 'Object Repository/SEARCH_PAYMENT/SEARCH_ ICON' is clicked on

2020-10-19 13:12:01 - [MESSAGE][PASSED] - Consumer_Payment_Making.ts:Clicked on the SearchIcon

2020-10-19 13:12:01 - [TEST_STEP][PASSED] - scrollToElement(findTestObject("SEARCH_PAYMENT/CLOSE_BUTTON"), 0): Scroll to object 'Object Repository/SEARCH_PAYMENT/CLOSE_BUTTON' successfully

2020-10-19 13:12:01 - [MESSAGE][WARNING] - Timeout '0' is invalid. Using default page load timeout: '30'

2020-10-19 13:12:03 - [MESSAGE][PASSED] - Scroll to object 'Object Repository/SEARCH_PAYMENT/CLOSE_BUTTON' successfully

2020-10-19 13:12:03 - [TEST_STEP][PASSED] - utilities.SafeActions.safeClick(findTestObject("SEARCH_PAYMENT/EMAIL_ RECEIPT"), "Email Receipt", [pageLoadTime]): Consumer_Payment_Making.ts:Clicked on the Email Receipt

2020-10-19 13:12:03 - [MESSAGE][INFO] - safeClicking

2020-10-19 13:12:03 - [MESSAGE][PASSED] - Object 'Object Repository/SEARCH_PAYMENT/EMAIL_ RECEIPT' is present

2020-10-19 13:12:04 - [MESSAGE][PASSED] - Object 'Object Repository/SEARCH_PAYMENT/EMAIL_ RECEIPT' is clickable

2020-10-19 13:12:05 - [MESSAGE][PASSED] - Object: 'Object Repository/SEARCH_PAYMENT/EMAIL_ RECEIPT' is clicked on

2020-10-19 13:12:05 - [MESSAGE][PASSED] - Consumer_Payment_Making.ts:Clicked on the Email Receipt

2020-10-19 13:12:05 - [TEST_STEP][PASSED] - utilities.SafeActions.safeClick(findTestObject("SEARCH_PAYMENT/SEND_ EMAIL_BUTTON"), "Send Email", [pageLoadTime]): Consumer_Payment_Making.ts:Clicked on the Send Email

2020-10-19 13:12:05 - [MESSAGE][INFO] - safeClicking

2020-10-19 13:12:06 - [MESSAGE][PASSED] - Object 'Object Repository/SEARCH_PAYMENT/SEND_ EMAIL_BUTTON' is present

2020-10-19 13:12:06 - [MESSAGE][PASSED] - Object 'Object Repository/SEARCH_PAYMENT/SEND_ EMAIL_BUTTON' is clickable

2020-10-19 13:12:07 - [MESSAGE][PASSED] - Object: 'Object Repository/SEARCH_PAYMENT/SEND_ EMAIL_BUTTON' is clicked on

2020-10-19 13:12:07 - [MESSAGE][PASSED] - Consumer_Payment_Making.ts:Clicked on the Send Email

2020-10-19 13:12:07 - [TEST_STEP][PASSED] - Start listener action : afterTestCase: Browser is closed

2020-10-19 13:12:07 - [TEST_STEP][PASSED] - closeBrowser(): Browser is closed

2020-10-19 13:12:08 - [MESSAGE][PASSED] - Browser is closed]]></system-out>
         <system-err><![CDATA[]]></system-err>
      </testcase>
      <testcase name="Test Cases/Consumer_Make_Payment/TC_005_Echeck_Savings_SingleLine_Payment" time="154.838" classname="Test Cases/Consumer_Make_Payment/TC_005_Echeck_Savings_SingleLine_Payment" status="PASSED">
         <system-out><![CDATA[2020-10-19 13:12:08 - [TEST_CASE][PASSED] - Test Cases/Consumer_Make_Payment/TC_005_Echeck_Savings_SingleLine_Payment: Test Cases/Consumer_Make_Payment/TC_005_Echeck_Savings_SingleLine_Payment

2020-10-19 13:12:08 - [TEST_STEP][PASSED] - Start listener action : beforeTestCase: null

2020-10-19 13:12:09 - [TEST_STEP][PASSED] - utilities.SafeActions.openBrowser(certpay_url, [pageLoadTime]): Browser launched successfully

2020-10-19 13:12:09 - [MESSAGE][INFO] - Opening Browser

2020-10-19 13:12:09 - [MESSAGE][INFO] - Starting 'Chrome' driver

2020-10-19 13:12:18 - [MESSAGE][PASSED] - Browser is opened with url: 'https://qa-certpay.faps.net/'

2020-10-19 13:12:20 - [MESSAGE][PASSED] - Current window maximized

2020-10-19 13:12:20 - [MESSAGE][PASSED] - Browser launched successfully

2020-10-19 13:12:20 - [TEST_STEP][PASSED] - utilities.SafeActions.safeType(findTestObject("MAKE_ PAYMENT/Home_ Page/BUREAU_CODE"), bureauCode, "Bureau code", [pageLoadTime]): Consumer_Payment_Making.ts:Entered'6100000 into Bureau code

2020-10-19 13:12:20 - [MESSAGE][PASSED] - Object 'Object Repository/MAKE_ PAYMENT/Home_ Page/BUREAU_CODE' is present

2020-10-19 13:12:21 - [MESSAGE][PASSED] - Object 'Object Repository/MAKE_ PAYMENT/Home_ Page/BUREAU_CODE' is visible

2020-10-19 13:12:21 - [MESSAGE][PASSED] - Object 'Object Repository/MAKE_ PAYMENT/Home_ Page/BUREAU_CODE' is present

2020-10-19 13:12:22 - [MESSAGE][PASSED] - Text '6100000' is set on object 'Object Repository/MAKE_ PAYMENT/Home_ Page/BUREAU_CODE'

2020-10-19 13:12:22 - [MESSAGE][PASSED] - Consumer_Payment_Making.ts:Entered'6100000 into Bureau code

2020-10-19 13:12:22 - [TEST_STEP][PASSED] - utilities.SafeActions.safeClick(findTestObject("MAKE_ PAYMENT/Home_ Page/BEGIN_PAYMENT"), "Begin payment", [pageLoadTime]): Consumer_Payment_Making.ts:Clicked on the Begin payment

2020-10-19 13:12:22 - [MESSAGE][INFO] - safeClicking

2020-10-19 13:12:22 - [MESSAGE][PASSED] - Object 'Object Repository/MAKE_ PAYMENT/Home_ Page/BEGIN_PAYMENT' is present

2020-10-19 13:12:23 - [MESSAGE][PASSED] - Object 'Object Repository/MAKE_ PAYMENT/Home_ Page/BEGIN_PAYMENT' is clickable

2020-10-19 13:12:26 - [MESSAGE][PASSED] - Object: 'Object Repository/MAKE_ PAYMENT/Home_ Page/BEGIN_PAYMENT' is clicked on

2020-10-19 13:12:26 - [MESSAGE][PASSED] - Consumer_Payment_Making.ts:Clicked on the Begin payment

2020-10-19 13:12:26 - [TEST_STEP][PASSED] - utilities.SafeActions.safeClick(findTestObject("MAKE_ PAYMENT/Home_ Page/NEXT_BUTTON"), "Continue", [pageLoadTime]): Consumer_Payment_Making.ts:Clicked on the Continue

2020-10-19 13:12:26 - [MESSAGE][INFO] - safeClicking

2020-10-19 13:12:27 - [MESSAGE][PASSED] - Object 'Object Repository/MAKE_ PAYMENT/Home_ Page/NEXT_BUTTON' is present

2020-10-19 13:12:28 - [MESSAGE][PASSED] - Object 'Object Repository/MAKE_ PAYMENT/Home_ Page/NEXT_BUTTON' is clickable

2020-10-19 13:12:31 - [MESSAGE][PASSED] - Object: 'Object Repository/MAKE_ PAYMENT/Home_ Page/NEXT_BUTTON' is clicked on

2020-10-19 13:12:31 - [MESSAGE][PASSED] - Consumer_Payment_Making.ts:Clicked on the Continue

2020-10-19 13:12:31 - [TEST_STEP][PASSED] - utilities.SafeActions.safeCheck(findTestObject("MAKE_ PAYMENT/Home_ Page/ELECTRONIC_CHECK"), "Electronic check", [pageLoadTime]): Consumer_Payment_Making.ts:Checkbox 'Electronic check'is selected

2020-10-19 13:12:32 - [MESSAGE][PASSED] - Object 'Object Repository/MAKE_ PAYMENT/Home_ Page/ELECTRONIC_CHECK' is present

2020-10-19 13:12:33 - [MESSAGE][PASSED] - Object 'Object Repository/MAKE_ PAYMENT/Home_ Page/ELECTRONIC_CHECK' is present

2020-10-19 13:12:34 - [MESSAGE][PASSED] - Object: 'Object Repository/MAKE_ PAYMENT/Home_ Page/ELECTRONIC_CHECK' is clicked on

2020-10-19 13:12:34 - [MESSAGE][PASSED] - Consumer_Payment_Making.ts:Checkbox 'Electronic check'is selected

2020-10-19 13:12:34 - [TEST_STEP][PASSED] - pages.Payment_Page.setAmount("1", paymentAmount, "testing", referenceNum): Consumer_Payment_Making.ts:Entered'testing into Comments

2020-10-19 13:12:37 - [MESSAGE][PASSED] - Object '' is present

2020-10-19 13:12:37 - [MESSAGE][PASSED] - Object '' is visible

2020-10-19 13:12:38 - [MESSAGE][PASSED] - Object '' is present

2020-10-19 13:12:39 - [MESSAGE][PASSED] - Text '45.00' is set on object ''

2020-10-19 13:12:39 - [MESSAGE][PASSED] - Consumer_Payment_Making.ts:Entered'45.00 into Amount

2020-10-19 13:12:39 - [MESSAGE][PASSED] - Object '' is present

2020-10-19 13:12:40 - [MESSAGE][PASSED] - Object '' is visible

2020-10-19 13:12:40 - [MESSAGE][PASSED] - Object '' is present

2020-10-19 13:12:41 - [MESSAGE][PASSED] - Text '22' is set on object ''

2020-10-19 13:12:41 - [MESSAGE][PASSED] - Consumer_Payment_Making.ts:Entered'22 into Amount

2020-10-19 13:12:42 - [MESSAGE][PASSED] - Object '' is present

2020-10-19 13:12:42 - [MESSAGE][PASSED] - Object '' is visible

2020-10-19 13:12:42 - [MESSAGE][PASSED] - Object '' is present

2020-10-19 13:12:43 - [MESSAGE][PASSED] - Text 'testing' is set on object ''

2020-10-19 13:12:43 - [MESSAGE][PASSED] - Consumer_Payment_Making.ts:Entered'testing into Comments

2020-10-19 13:12:43 - [TEST_STEP][PASSED] - utilities.SafeActions.safeSelectOptionInDropdownByVisibleText(findTestObject("MAKE_ PAYMENT/Home_ Page/PAYMENT_TYPE"), paymentType, "Payment Type", [pageLoadTime]): selected dropdown option by visible text  Taxesfrom Payment Type

2020-10-19 13:12:44 - [MESSAGE][PASSED] - Object 'Object Repository/MAKE_ PAYMENT/Home_ Page/PAYMENT_TYPE' is visible

2020-10-19 13:12:44 - [MESSAGE][PASSED] - Object 'Object Repository/MAKE_ PAYMENT/Home_ Page/PAYMENT_TYPE' is present

2020-10-19 13:12:45 - [MESSAGE][PASSED] - Object: 'Object Repository/MAKE_ PAYMENT/Home_ Page/PAYMENT_TYPE' is clicked on

2020-10-19 13:12:46 - [MESSAGE][PASSED] - All options with label 'Taxes' are selected in object 'Object Repository/MAKE_ PAYMENT/Home_ Page/PAYMENT_TYPE'  using regular expression

2020-10-19 13:12:46 - [MESSAGE][PASSED] - selected dropdown option by visible text  Taxesfrom Payment Type

2020-10-19 13:12:46 - [TEST_STEP][PASSED] - utilities.SafeActions.safeClick(findTestObject("MAKE_ PAYMENT/Home_ Page/CONTINUE"), "Continue", [pageLoadTime]): Consumer_Payment_Making.ts:Clicked on the Continue

2020-10-19 13:12:47 - [MESSAGE][INFO] - safeClicking

2020-10-19 13:12:47 - [MESSAGE][PASSED] - Object 'Object Repository/MAKE_ PAYMENT/Home_ Page/CONTINUE' is present

2020-10-19 13:12:47 - [MESSAGE][PASSED] - Object 'Object Repository/MAKE_ PAYMENT/Home_ Page/CONTINUE' is clickable

2020-10-19 13:12:51 - [MESSAGE][PASSED] - Object: 'Object Repository/MAKE_ PAYMENT/Home_ Page/CONTINUE' is clicked on

2020-10-19 13:12:51 - [MESSAGE][PASSED] - Consumer_Payment_Making.ts:Clicked on the Continue

2020-10-19 13:12:51 - [TEST_STEP][PASSED] - pages.Payment_Page.setPersonalDetails(firstName, lastName, telephone): Consumer_Payment_Making.ts:Entered'9898767656 into Telephone

2020-10-19 13:12:52 - [MESSAGE][PASSED] - Object 'Object Repository/MAKE_ PAYMENT/Consumer_Personal_ Details/FIRST_NAME' is present

2020-10-19 13:12:53 - [MESSAGE][PASSED] - Object 'Object Repository/MAKE_ PAYMENT/Consumer_Personal_ Details/FIRST_NAME' is visible

2020-10-19 13:12:53 - [MESSAGE][PASSED] - Object 'Object Repository/MAKE_ PAYMENT/Consumer_Personal_ Details/FIRST_NAME' is present

2020-10-19 13:12:54 - [MESSAGE][PASSED] - Text 'Jackson' is set on object 'Object Repository/MAKE_ PAYMENT/Consumer_Personal_ Details/FIRST_NAME'

2020-10-19 13:12:54 - [MESSAGE][PASSED] - Consumer_Payment_Making.ts:Entered'Jackson into FirstName

2020-10-19 13:12:55 - [MESSAGE][PASSED] - Object 'Object Repository/MAKE_ PAYMENT/Consumer_Personal_ Details/LAST_NAME' is present

2020-10-19 13:12:55 - [MESSAGE][PASSED] - Object 'Object Repository/MAKE_ PAYMENT/Consumer_Personal_ Details/LAST_NAME' is visible

2020-10-19 13:12:55 - [MESSAGE][PASSED] - Object 'Object Repository/MAKE_ PAYMENT/Consumer_Personal_ Details/LAST_NAME' is present

2020-10-19 13:12:56 - [MESSAGE][PASSED] - Text 'Machael' is set on object 'Object Repository/MAKE_ PAYMENT/Consumer_Personal_ Details/LAST_NAME'

2020-10-19 13:12:56 - [MESSAGE][PASSED] - Consumer_Payment_Making.ts:Entered'Machael into LastName

2020-10-19 13:12:57 - [MESSAGE][PASSED] - Object 'Object Repository/MAKE_ PAYMENT/Consumer_Personal_ Details/TELEPHONE' is present

2020-10-19 13:12:57 - [MESSAGE][PASSED] - Object 'Object Repository/MAKE_ PAYMENT/Consumer_Personal_ Details/TELEPHONE' is visible

2020-10-19 13:12:57 - [MESSAGE][PASSED] - Object 'Object Repository/MAKE_ PAYMENT/Consumer_Personal_ Details/TELEPHONE' is present

2020-10-19 13:12:59 - [MESSAGE][PASSED] - Text '9898767656' is set on object 'Object Repository/MAKE_ PAYMENT/Consumer_Personal_ Details/TELEPHONE'

2020-10-19 13:12:59 - [MESSAGE][PASSED] - Consumer_Payment_Making.ts:Entered'9898767656 into Telephone

2020-10-19 13:12:59 - [TEST_STEP][PASSED] - pages.Payment_Page.setLocationDetails(address, zipCode): Consumer_Payment_Making.ts:Entered'76102 into ZipCode

2020-10-19 13:12:59 - [MESSAGE][PASSED] - Object 'Object Repository/MAKE_ PAYMENT/Consumer_Personal_ Details/ADDRESS' is present

2020-10-19 13:12:59 - [MESSAGE][PASSED] - Object 'Object Repository/MAKE_ PAYMENT/Consumer_Personal_ Details/ADDRESS' is visible

2020-10-19 13:13:00 - [MESSAGE][PASSED] - Object 'Object Repository/MAKE_ PAYMENT/Consumer_Personal_ Details/ADDRESS' is present

2020-10-19 13:13:01 - [MESSAGE][PASSED] - Text '14-2-6' is set on object 'Object Repository/MAKE_ PAYMENT/Consumer_Personal_ Details/ADDRESS'

2020-10-19 13:13:01 - [MESSAGE][PASSED] - Consumer_Payment_Making.ts:Entered'14-2-6 into Address

2020-10-19 13:13:01 - [MESSAGE][PASSED] - Object 'Object Repository/MAKE_ PAYMENT/Consumer_Personal_ Details/ZIP_CODE' is present

2020-10-19 13:13:02 - [MESSAGE][PASSED] - Object 'Object Repository/MAKE_ PAYMENT/Consumer_Personal_ Details/ZIP_CODE' is visible

2020-10-19 13:13:02 - [MESSAGE][PASSED] - Object 'Object Repository/MAKE_ PAYMENT/Consumer_Personal_ Details/ZIP_CODE' is present

2020-10-19 13:13:03 - [MESSAGE][PASSED] - Text '76102' is set on object 'Object Repository/MAKE_ PAYMENT/Consumer_Personal_ Details/ZIP_CODE'

2020-10-19 13:13:03 - [MESSAGE][PASSED] - Consumer_Payment_Making.ts:Entered'76102 into ZipCode

2020-10-19 13:13:03 - [TEST_STEP][PASSED] - pages.Payment_Page.clickOnElement(findTestObject("MAKE_ PAYMENT/Home_ Page/CONTINUE")): pages.Payment_Page.clickOnElement is PASSED

2020-10-19 13:13:08 - [MESSAGE][PASSED] - Execute JavaScript 'arguments[0].click()' successfully

2020-10-19 13:13:08 - [MESSAGE][PASSED] - pages.Payment_Page.clickOnElement is PASSED

2020-10-19 13:13:08 - [TEST_STEP][PASSED] - utilities.SafeActions.safeCheck(findTestObject("MAKE_ PAYMENT/Consumer_Personal_ Details/CheckBox"), "Billing CheckBox", [pageLoadTime]): Consumer_Payment_Making.ts:Checkbox 'Billing CheckBox'is selected

2020-10-19 13:13:09 - [MESSAGE][PASSED] - Object 'Object Repository/MAKE_ PAYMENT/Consumer_Personal_ Details/CheckBox' is present

2020-10-19 13:13:10 - [MESSAGE][PASSED] - Object 'Object Repository/MAKE_ PAYMENT/Consumer_Personal_ Details/CheckBox' is present

2020-10-19 13:13:11 - [MESSAGE][PASSED] - Object: 'Object Repository/MAKE_ PAYMENT/Consumer_Personal_ Details/CheckBox' is clicked on

2020-10-19 13:13:11 - [MESSAGE][PASSED] - Consumer_Payment_Making.ts:Checkbox 'Billing CheckBox'is selected

2020-10-19 13:13:11 - [TEST_STEP][PASSED] - waitForPageLoad(2): Wait for page load successfully

2020-10-19 13:13:13 - [MESSAGE][PASSED] - Wait for page load successfully

2020-10-19 13:13:13 - [TEST_STEP][PASSED] - utilities.SafeActions.safeClick(findTestObject("MAKE_ PAYMENT/Home_ Page/CONTINUE"), "Continue", [pageLoadTime]): Consumer_Payment_Making.ts:Clicked on the Continue

2020-10-19 13:13:13 - [MESSAGE][INFO] - safeClicking

2020-10-19 13:13:14 - [MESSAGE][PASSED] - Object 'Object Repository/MAKE_ PAYMENT/Home_ Page/CONTINUE' is present

2020-10-19 13:13:14 - [MESSAGE][PASSED] - Object 'Object Repository/MAKE_ PAYMENT/Home_ Page/CONTINUE' is clickable

2020-10-19 13:13:19 - [MESSAGE][PASSED] - Object: 'Object Repository/MAKE_ PAYMENT/Home_ Page/CONTINUE' is clicked on

2020-10-19 13:13:19 - [MESSAGE][PASSED] - Consumer_Payment_Making.ts:Clicked on the Continue

2020-10-19 13:13:19 - [TEST_STEP][PASSED] - utilities.SafeActions.safeCheck(findTestObject("MAKE_ PAYMENT/Consumer_Personal_ Details/ACC_TYPE_SAVINGS"), "Savings", [pageLoadTime]): Consumer_Payment_Making.ts:Checkbox 'Savings'is selected

2020-10-19 13:13:20 - [MESSAGE][PASSED] - Object 'Object Repository/MAKE_ PAYMENT/Consumer_Personal_ Details/ACC_TYPE_SAVINGS' is present

2020-10-19 13:13:22 - [MESSAGE][PASSED] - Object 'Object Repository/MAKE_ PAYMENT/Consumer_Personal_ Details/ACC_TYPE_SAVINGS' is present

2020-10-19 13:13:23 - [MESSAGE][PASSED] - Object: 'Object Repository/MAKE_ PAYMENT/Consumer_Personal_ Details/ACC_TYPE_SAVINGS' is clicked on

2020-10-19 13:13:23 - [MESSAGE][PASSED] - Consumer_Payment_Making.ts:Checkbox 'Savings'is selected

2020-10-19 13:13:23 - [TEST_STEP][PASSED] - pages.Payment_Page.setElectronicCheckInformation(findTestObject("MAKE_ PAYMENT/Consumer_Personal_ Details/CHECKING_ACCOUNT_NUMBER"), findTestObject("MAKE_ PAYMENT/Consumer_Personal_ Details/CONFIRM_CHECKING_ACC_NUM"), routingNum, checkingAccNum): Consumer_Payment_Making.ts:Entered'456789 into ConfirmCheckAccNum

2020-10-19 13:13:23 - [MESSAGE][PASSED] - Object 'Object Repository/MAKE_ PAYMENT/Consumer_Personal_ Details/ROUTING_NUMBER' is present

2020-10-19 13:13:24 - [MESSAGE][PASSED] - Object 'Object Repository/MAKE_ PAYMENT/Consumer_Personal_ Details/ROUTING_NUMBER' is visible

2020-10-19 13:13:24 - [MESSAGE][PASSED] - Object 'Object Repository/MAKE_ PAYMENT/Consumer_Personal_ Details/ROUTING_NUMBER' is present

2020-10-19 13:13:25 - [MESSAGE][PASSED] - Text '111000025' is set on object 'Object Repository/MAKE_ PAYMENT/Consumer_Personal_ Details/ROUTING_NUMBER'

2020-10-19 13:13:25 - [MESSAGE][PASSED] - Consumer_Payment_Making.ts:Entered'111000025 into RoutingNumber

2020-10-19 13:13:25 - [MESSAGE][PASSED] - Object 'Object Repository/MAKE_ PAYMENT/Consumer_Personal_ Details/CHECKING_ACCOUNT_NUMBER' is present

2020-10-19 13:13:26 - [MESSAGE][PASSED] - Object 'Object Repository/MAKE_ PAYMENT/Consumer_Personal_ Details/CHECKING_ACCOUNT_NUMBER' is present

2020-10-19 13:13:26 - [MESSAGE][PASSED] - Object 'Object Repository/MAKE_ PAYMENT/Consumer_Personal_ Details/CHECKING_ACCOUNT_NUMBER' is visible

2020-10-19 13:13:26 - [MESSAGE][PASSED] - Object 'Object Repository/MAKE_ PAYMENT/Consumer_Personal_ Details/CHECKING_ACCOUNT_NUMBER' is present

2020-10-19 13:13:28 - [MESSAGE][PASSED] - Text '456789' is set on object 'Object Repository/MAKE_ PAYMENT/Consumer_Personal_ Details/CHECKING_ACCOUNT_NUMBER'

2020-10-19 13:13:28 - [MESSAGE][PASSED] - Consumer_Payment_Making.ts:Entered'456789 into CheckAccNum

2020-10-19 13:13:29 - [MESSAGE][PASSED] - Object 'Object Repository/MAKE_ PAYMENT/Consumer_Personal_ Details/CONFIRM_CHECKING_ACC_NUM' is present

2020-10-19 13:13:29 - [MESSAGE][PASSED] - Object 'Object Repository/MAKE_ PAYMENT/Consumer_Personal_ Details/CONFIRM_CHECKING_ACC_NUM' is visible

2020-10-19 13:13:30 - [MESSAGE][PASSED] - Object 'Object Repository/MAKE_ PAYMENT/Consumer_Personal_ Details/CONFIRM_CHECKING_ACC_NUM' is present

2020-10-19 13:13:31 - [MESSAGE][PASSED] - Text '456789' is set on object 'Object Repository/MAKE_ PAYMENT/Consumer_Personal_ Details/CONFIRM_CHECKING_ACC_NUM'

2020-10-19 13:13:31 - [MESSAGE][PASSED] - Consumer_Payment_Making.ts:Entered'456789 into ConfirmCheckAccNum

2020-10-19 13:13:31 - [TEST_STEP][PASSED] - utilities.SafeActions.safeType(findTestObject("MAKE_ PAYMENT/Consumer_Personal_ Details/EMAIL_ADDRESS"), emailAddress, "EmailAddress", [pageLoadTime]): Consumer_Payment_Making.ts:Entered'testing@zenq.com into EmailAddress

2020-10-19 13:13:31 - [MESSAGE][PASSED] - Object 'Object Repository/MAKE_ PAYMENT/Consumer_Personal_ Details/EMAIL_ADDRESS' is present

2020-10-19 13:13:32 - [MESSAGE][PASSED] - Object 'Object Repository/MAKE_ PAYMENT/Consumer_Personal_ Details/EMAIL_ADDRESS' is visible

2020-10-19 13:13:32 - [MESSAGE][PASSED] - Object 'Object Repository/MAKE_ PAYMENT/Consumer_Personal_ Details/EMAIL_ADDRESS' is present

2020-10-19 13:13:33 - [MESSAGE][PASSED] - Text 'testing@zenq.com' is set on object 'Object Repository/MAKE_ PAYMENT/Consumer_Personal_ Details/EMAIL_ADDRESS'

2020-10-19 13:13:33 - [MESSAGE][PASSED] - Consumer_Payment_Making.ts:Entered'testing@zenq.com into EmailAddress

2020-10-19 13:13:33 - [TEST_STEP][PASSED] - utilities.SafeActions.safeType(findTestObject("MAKE_ PAYMENT/Consumer_Personal_ Details/SIGNATURE"), firstName, "EmailAddress", [pageLoadTime]): Consumer_Payment_Making.ts:Entered'Jackson into EmailAddress

2020-10-19 13:13:34 - [MESSAGE][PASSED] - Object 'Object Repository/MAKE_ PAYMENT/Consumer_Personal_ Details/SIGNATURE' is present

2020-10-19 13:13:34 - [MESSAGE][PASSED] - Object 'Object Repository/MAKE_ PAYMENT/Consumer_Personal_ Details/SIGNATURE' is visible

2020-10-19 13:13:34 - [MESSAGE][PASSED] - Object 'Object Repository/MAKE_ PAYMENT/Consumer_Personal_ Details/SIGNATURE' is present

2020-10-19 13:13:36 - [MESSAGE][PASSED] - Text 'Jackson' is set on object 'Object Repository/MAKE_ PAYMENT/Consumer_Personal_ Details/SIGNATURE'

2020-10-19 13:13:36 - [MESSAGE][PASSED] - Consumer_Payment_Making.ts:Entered'Jackson into EmailAddress

2020-10-19 13:13:36 - [TEST_STEP][PASSED] - utilities.SafeActions.safeType(findTestObject("MAKE_ PAYMENT/Consumer_Personal_ Details/AGREEMENT"), "Yes", "Agreement", [pageLoadTime]): Consumer_Payment_Making.ts:Entered'Yes into Agreement

2020-10-19 13:13:36 - [MESSAGE][PASSED] - Object 'Object Repository/MAKE_ PAYMENT/Consumer_Personal_ Details/AGREEMENT' is present

2020-10-19 13:13:36 - [MESSAGE][PASSED] - Object 'Object Repository/MAKE_ PAYMENT/Consumer_Personal_ Details/AGREEMENT' is visible

2020-10-19 13:13:37 - [MESSAGE][PASSED] - Object 'Object Repository/MAKE_ PAYMENT/Consumer_Personal_ Details/AGREEMENT' is present

2020-10-19 13:13:38 - [MESSAGE][PASSED] - Text 'Yes' is set on object 'Object Repository/MAKE_ PAYMENT/Consumer_Personal_ Details/AGREEMENT'

2020-10-19 13:13:38 - [MESSAGE][PASSED] - Consumer_Payment_Making.ts:Entered'Yes into Agreement

2020-10-19 13:13:38 - [TEST_STEP][PASSED] - utilities.SafeActions.safeClick(findTestObject("MAKE_ PAYMENT/Home_ Page/CHECK_CONTINUE"), "Continue", [pageLoadTime]): Consumer_Payment_Making.ts:Clicked on the Continue

2020-10-19 13:13:38 - [MESSAGE][INFO] - safeClicking

2020-10-19 13:13:38 - [MESSAGE][PASSED] - Object 'Object Repository/MAKE_ PAYMENT/Home_ Page/CHECK_CONTINUE' is present

2020-10-19 13:13:38 - [MESSAGE][PASSED] - Object 'Object Repository/MAKE_ PAYMENT/Home_ Page/CHECK_CONTINUE' is clickable

2020-10-19 13:13:40 - [MESSAGE][PASSED] - Object: 'Object Repository/MAKE_ PAYMENT/Home_ Page/CHECK_CONTINUE' is clicked on

2020-10-19 13:13:40 - [MESSAGE][PASSED] - Consumer_Payment_Making.ts:Clicked on the Continue

2020-10-19 13:13:40 - [TEST_STEP][PASSED] - utilities.SafeActions.safeClick(findTestObject("MAKE_ PAYMENT/Home_ Page/CONTINUE"), "Continue", [pageLoadTime]): Consumer_Payment_Making.ts:Clicked on the Continue

2020-10-19 13:13:40 - [MESSAGE][INFO] - safeClicking

2020-10-19 13:13:40 - [MESSAGE][PASSED] - Object 'Object Repository/MAKE_ PAYMENT/Home_ Page/CONTINUE' is present

2020-10-19 13:13:41 - [MESSAGE][PASSED] - Object 'Object Repository/MAKE_ PAYMENT/Home_ Page/CONTINUE' is clickable

2020-10-19 13:13:45 - [MESSAGE][PASSED] - Object: 'Object Repository/MAKE_ PAYMENT/Home_ Page/CONTINUE' is clicked on

2020-10-19 13:13:45 - [MESSAGE][PASSED] - Consumer_Payment_Making.ts:Clicked on the Continue

2020-10-19 13:13:45 - [TEST_STEP][PASSED] - utilities.SafeActions.safeClick(findTestObject("MAKE_ PAYMENT/Consumer_Personal_ Details/I_AGREE"), "I agree", [pageLoadTime]): Consumer_Payment_Making.ts:Clicked on the I agree

2020-10-19 13:13:45 - [MESSAGE][INFO] - safeClicking

2020-10-19 13:13:46 - [MESSAGE][PASSED] - Object 'Object Repository/MAKE_ PAYMENT/Consumer_Personal_ Details/I_AGREE' is present

2020-10-19 13:13:46 - [MESSAGE][PASSED] - Object 'Object Repository/MAKE_ PAYMENT/Consumer_Personal_ Details/I_AGREE' is clickable

2020-10-19 13:13:50 - [MESSAGE][PASSED] - Object: 'Object Repository/MAKE_ PAYMENT/Consumer_Personal_ Details/I_AGREE' is clicked on

2020-10-19 13:13:50 - [MESSAGE][PASSED] - Consumer_Payment_Making.ts:Clicked on the I agree

2020-10-19 13:13:50 - [TEST_STEP][PASSED] - pages.Payment_Page.verifyUserDetails(firstName, lastName, emailAddress, "Discover", "Savings"): pages.Payment_Page.verifyUserDetails is PASSED

2020-10-19 13:13:51 - [MESSAGE][PASSED] - Scroll to object 'Object Repository/MAKE_ PAYMENT/Verification_ Details/FIRST_NAME' successfully

2020-10-19 13:13:51 - [MESSAGE][PASSED] - Text of object 'Object Repository/MAKE_ PAYMENT/Verification_ Details/FIRST_NAME' is: 'Jackson'

2020-10-19 13:13:51 - [MESSAGE][PASSED] - Actual text 'Jackson' and expected text 'Jackson' are matched  using regular expression

2020-10-19 13:13:51 - [MESSAGE][PASSED] - Text of object 'Object Repository/MAKE_ PAYMENT/Verification_ Details/LAST_NAME' is: 'Machael'

2020-10-19 13:13:51 - [MESSAGE][PASSED] - Actual text 'Machael' and expected text 'Machael' are matched  using regular expression

2020-10-19 13:13:54 - [MESSAGE][PASSED] - Text of object 'Object Repository/MAKE_ PAYMENT/Verification_ Details/EMAIL_ADDRESS' is: 'testing@zenq.com'

2020-10-19 13:13:54 - [MESSAGE][PASSED] - Actual text 'testing@zenq.com' and expected text 'testing@zenq.com' are matched  using regular expression

2020-10-19 13:13:54 - [MESSAGE][PASSED] - Text of object 'Object Repository/MAKE_ PAYMENT/Verification_ Details/ACH_ACC_TYPE' is: 'Savings'

2020-10-19 13:13:54 - [MESSAGE][PASSED] - Actual text 'Savings' and expected text 'Savings' are matched  using regular expression

2020-10-19 13:13:55 - [MESSAGE][PASSED] - pages.Payment_Page.verifyUserDetails is PASSED

2020-10-19 13:13:55 - [TEST_STEP][PASSED] - utilities.SafeActions.safeClick(findTestObject("MAKE_ PAYMENT/Verification_ Details/PROCESS_PAYMENT"), "Process Payment", [pageLoadTime]): Consumer_Payment_Making.ts:Clicked on the Process Payment

2020-10-19 13:13:55 - [MESSAGE][INFO] - safeClicking

2020-10-19 13:13:55 - [MESSAGE][PASSED] - Object 'Object Repository/MAKE_ PAYMENT/Verification_ Details/PROCESS_PAYMENT' is present

2020-10-19 13:13:56 - [MESSAGE][PASSED] - Object 'Object Repository/MAKE_ PAYMENT/Verification_ Details/PROCESS_PAYMENT' is clickable

2020-10-19 13:13:57 - [MESSAGE][PASSED] - Object: 'Object Repository/MAKE_ PAYMENT/Verification_ Details/PROCESS_PAYMENT' is clicked on

2020-10-19 13:13:57 - [MESSAGE][PASSED] - Consumer_Payment_Making.ts:Clicked on the Process Payment

2020-10-19 13:13:57 - [TEST_STEP][PASSED] - utilities.SafeActions.safeClick(findTestObject("MAKE_ PAYMENT/Verification_ Details/YES_BUTTON"), "yes button", [pageLoadTime]): Consumer_Payment_Making.ts:Clicked on the yes button

2020-10-19 13:13:57 - [MESSAGE][INFO] - safeClicking

2020-10-19 13:13:58 - [MESSAGE][PASSED] - Object 'Object Repository/MAKE_ PAYMENT/Verification_ Details/YES_BUTTON' is present

2020-10-19 13:13:58 - [MESSAGE][PASSED] - Object 'Object Repository/MAKE_ PAYMENT/Verification_ Details/YES_BUTTON' is clickable

2020-10-19 13:14:02 - [MESSAGE][PASSED] - Object: 'Object Repository/MAKE_ PAYMENT/Verification_ Details/YES_BUTTON' is clicked on

2020-10-19 13:14:02 - [MESSAGE][PASSED] - Consumer_Payment_Making.ts:Clicked on the yes button

2020-10-19 13:14:02 - [TEST_STEP][PASSED] - verifyElementPresent(findTestObject("MAKE_ PAYMENT/Verification_ Details/PENDING"), 30): Object 'Object Repository/MAKE_ PAYMENT/Verification_ Details/PENDING' is present

2020-10-19 13:14:03 - [MESSAGE][PASSED] - Object 'Object Repository/MAKE_ PAYMENT/Verification_ Details/PENDING' is present

2020-10-19 13:14:03 - [TEST_STEP][PASSED] - PaymentID = pages.Payment_Page.verifyECheckPaymentApproval(referenceNum): pages.Payment_Page.verifyECheckPaymentApproval is PASSED

2020-10-19 13:14:04 - [MESSAGE][PASSED] - Text of object 'Object Repository/MAKE_ PAYMENT/Verification_ Details/PAY_ID_ELECTRIC_CHECK' is: '100176131620'

2020-10-19 13:14:06 - [MESSAGE][PASSED] - Text of object 'Object Repository/MAKE_ PAYMENT/Verification_ Details/REF_NUM_E_CHECK' is: '22'

2020-10-19 13:14:06 - [MESSAGE][PASSED] - pages.Payment_Page.verifyECheckPaymentApproval is PASSED

2020-10-19 13:14:06 - [TEST_STEP][PASSED] - utilities.SafeActions.safeClick(findTestObject("SEARCH_PAYMENT/SEARCH_PAYMENT"), "Search Payment", [pageLoadTime]): Consumer_Payment_Making.ts:Clicked on the Search Payment

2020-10-19 13:14:06 - [MESSAGE][INFO] - safeClicking

2020-10-19 13:14:06 - [MESSAGE][PASSED] - Object 'Object Repository/SEARCH_PAYMENT/SEARCH_PAYMENT' is present

2020-10-19 13:14:07 - [MESSAGE][PASSED] - Object 'Object Repository/SEARCH_PAYMENT/SEARCH_PAYMENT' is clickable

2020-10-19 13:14:08 - [MESSAGE][PASSED] - Object: 'Object Repository/SEARCH_PAYMENT/SEARCH_PAYMENT' is clicked on

2020-10-19 13:14:08 - [MESSAGE][PASSED] - Consumer_Payment_Making.ts:Clicked on the Search Payment

2020-10-19 13:14:08 - [TEST_STEP][PASSED] - waitForPageLoad(10): Wait for page load successfully

2020-10-19 13:14:08 - [MESSAGE][PASSED] - Wait for page load successfully

2020-10-19 13:14:08 - [TEST_STEP][PASSED] - pages.Search_Page.switchToWindow(): pages.Search_Page.switchToWindow is PASSED

2020-10-19 13:14:10 - [MESSAGE][PASSED] - Object: 'Object Repository/SEARCH_PAYMENT/SEARCH_PAYMENT' is clicked on

2020-10-19 13:14:10 - [MESSAGE][PASSED] - Switched to window with index: '1'

2020-10-19 13:14:10 - [MESSAGE][PASSED] - pages.Search_Page.switchToWindow is PASSED

2020-10-19 13:14:10 - [TEST_STEP][PASSED] - utilities.SafeActions.safeCheck(findTestObject("SEARCH_PAYMENT/ELECTRONIC_CHECK"), "Echeck", [pageLoadTime]): Consumer_Payment_Making.ts:Checkbox 'Echeck'is selected

2020-10-19 13:14:14 - [MESSAGE][PASSED] - Object 'Object Repository/SEARCH_PAYMENT/ELECTRONIC_CHECK' is present

2020-10-19 13:14:16 - [MESSAGE][PASSED] - Object 'Object Repository/SEARCH_PAYMENT/ELECTRONIC_CHECK' is present

2020-10-19 13:14:17 - [MESSAGE][PASSED] - Object: 'Object Repository/SEARCH_PAYMENT/ELECTRONIC_CHECK' is clicked on

2020-10-19 13:14:17 - [MESSAGE][PASSED] - Consumer_Payment_Making.ts:Checkbox 'Echeck'is selected

2020-10-19 13:14:17 - [TEST_STEP][PASSED] - pages.Search_Page.setSearchDetails(lastName, VISA, checkingAccNum): Acc num enterd

2020-10-19 13:14:17 - [MESSAGE][PASSED] - Object 'Object Repository/SEARCH_PAYMENT/BILLING_LAST_NAME' is present

2020-10-19 13:14:18 - [MESSAGE][PASSED] - Object 'Object Repository/SEARCH_PAYMENT/BILLING_LAST_NAME' is visible

2020-10-19 13:14:18 - [MESSAGE][PASSED] - Object 'Object Repository/SEARCH_PAYMENT/BILLING_LAST_NAME' is present

2020-10-19 13:14:19 - [MESSAGE][PASSED] - Text 'Machael' is set on object 'Object Repository/SEARCH_PAYMENT/BILLING_LAST_NAME'

2020-10-19 13:14:19 - [MESSAGE][PASSED] - Consumer_Payment_Making.ts:Entered'Machael into LastName

2020-10-19 13:14:20 - [MESSAGE][WARNING] - Object 'Object Repository/SEARCH_PAYMENT/CREDIT_OR_DEBIT_CARD' is not checked (Root cause: com.kms.katalon.core.exception.StepFailedException: Object 'Object Repository/SEARCH_PAYMENT/CREDIT_OR_DEBIT_CARD' is not checked
	at com.kms.katalon.core.webui.keyword.internal.WebUIKeywordMain.stepFailed(WebUIKeywordMain.groovy:64)
	at com.kms.katalon.core.webui.keyword.builtin.VerifyElementCheckedKeyword$_verifyElementChecked_closure1.doCall(VerifyElementCheckedKeyword.groovy:81)
	at com.kms.katalon.core.webui.keyword.builtin.VerifyElementCheckedKeyword$_verifyElementChecked_closure1.call(VerifyElementCheckedKeyword.groovy)
	at com.kms.katalon.core.webui.keyword.internal.WebUIKeywordMain.runKeyword(WebUIKeywordMain.groovy:20)
	at com.kms.katalon.core.webui.keyword.builtin.VerifyElementCheckedKeyword.verifyElementChecked(VerifyElementCheckedKeyword.groovy:92)
	at com.kms.katalon.core.webui.keyword.builtin.VerifyElementCheckedKeyword.execute(VerifyElementCheckedKeyword.groovy:68)
	at com.kms.katalon.core.keyword.internal.KeywordExecutor.executeKeywordForPlatform(KeywordExecutor.groovy:72)
	at com.kms.katalon.core.webui.keyword.WebUiBuiltInKeywords.verifyElementChecked(WebUiBuiltInKeywords.groovy:1352)
	at com.kms.katalon.core.webui.keyword.WebUiBuiltInKeywords$verifyElementChecked$15.call(Unknown Source)
	at pages.Search_Page.setSearchDetails(Search_Page.groovy:39)
	at pages.Search_Page.invokeMethod(Search_Page.groovy)
	at com.kms.katalon.core.main.CustomKeywordDelegatingMetaClass.invokeStaticMethod(CustomKeywordDelegatingMetaClass.java:50)
	at TC_005_Echeck_Savings_SingleLine_Payment.run(TC_005_Echeck_Savings_SingleLine_Payment:121)
	at com.kms.katalon.core.main.ScriptEngine.run(ScriptEngine.java:194)
	at com.kms.katalon.core.main.ScriptEngine.runScriptAsRawText(ScriptEngine.java:119)
	at com.kms.katalon.core.main.TestCaseExecutor.runScript(TestCaseExecutor.java:337)
	at com.kms.katalon.core.main.TestCaseExecutor.doExecute(TestCaseExecutor.java:328)
	at com.kms.katalon.core.main.TestCaseExecutor.processExecutionPhase(TestCaseExecutor.java:307)
	at com.kms.katalon.core.main.TestCaseExecutor.accessMainPhase(TestCaseExecutor.java:299)
	at com.kms.katalon.core.main.TestCaseExecutor.execute(TestCaseExecutor.java:233)
	at com.kms.katalon.core.main.TestSuiteExecutor.accessTestCaseMainPhase(TestSuiteExecutor.java:169)
	at com.kms.katalon.core.main.TestSuiteExecutor.accessTestSuiteMainPhase(TestSuiteExecutor.java:142)
	at com.kms.katalon.core.main.TestSuiteExecutor.execute(TestSuiteExecutor.java:91)
	at com.kms.katalon.core.main.TestCaseMain.startTestSuite(TestCaseMain.java:157)
	at com.kms.katalon.core.main.TestCaseMain$startTestSuite$0.call(Unknown Source)
	at TempTestSuite1603092624108.run(TempTestSuite1603092624108.groovy:36)
)
[[ATTACHMENT|E:\\Sush_Certpay\\Reports\\20201019_130024\\Certpay_testSuite\\Consumer_Payment_Making\\20201019_130024\\1603093459842.png]]

2020-10-19 13:14:20 - [MESSAGE][PASSED] - Object 'Object Repository/SEARCH_PAYMENT/ACC_NUMBER' is present

2020-10-19 13:14:20 - [MESSAGE][PASSED] - Object 'Object Repository/SEARCH_PAYMENT/ACC_NUMBER' is visible

2020-10-19 13:14:21 - [MESSAGE][PASSED] - Object 'Object Repository/SEARCH_PAYMENT/ACC_NUMBER' is present

2020-10-19 13:14:22 - [MESSAGE][PASSED] - Text '456789' is set on object 'Object Repository/SEARCH_PAYMENT/ACC_NUMBER'

2020-10-19 13:14:22 - [MESSAGE][PASSED] - Consumer_Payment_Making.ts:Entered'456789 into Acc num

2020-10-19 13:14:22 - [MESSAGE][PASSED] - Acc num enterd

2020-10-19 13:14:22 - [TEST_STEP][PASSED] - utilities.SafeActions.safeClick(findTestObject("SEARCH_PAYMENT/SEARCH_BUTTON"), "Search", [pageLoadTime]): Consumer_Payment_Making.ts:Clicked on the Search

2020-10-19 13:14:22 - [MESSAGE][INFO] - safeClicking

2020-10-19 13:14:22 - [MESSAGE][PASSED] - Object 'Object Repository/SEARCH_PAYMENT/SEARCH_BUTTON' is present

2020-10-19 13:14:23 - [MESSAGE][PASSED] - Object 'Object Repository/SEARCH_PAYMENT/SEARCH_BUTTON' is clickable

2020-10-19 13:14:32 - [MESSAGE][PASSED] - Object: 'Object Repository/SEARCH_PAYMENT/SEARCH_BUTTON' is clicked on

2020-10-19 13:14:32 - [MESSAGE][PASSED] - Consumer_Payment_Making.ts:Clicked on the Search

2020-10-19 13:14:32 - [TEST_STEP][PASSED] - pages.Payment_Page.verifyPaymentDetailsInReceipt(PaymentID): pages.Payment_Page.verifyPaymentDetailsInReceipt is PASSED

2020-10-19 13:14:33 - [MESSAGE][PASSED] - Text of object 'Object Repository/SEARCH_PAYMENT/REFERNCE_NUM' is: '22'

2020-10-19 13:14:34 - [MESSAGE][PASSED] - Text of object 'Object Repository/SEARCH_PAYMENT/PAYMENT_ID' is: '100176131620'

2020-10-19 13:14:34 - [MESSAGE][PASSED] - pages.Payment_Page.verifyPaymentDetailsInReceipt is PASSED

2020-10-19 13:14:34 - [TEST_STEP][PASSED] - utilities.SafeActions.safeClick(findTestObject("SEARCH_PAYMENT/SEARCH_ ICON"), "SearchIcon", [pageLoadTime]): Consumer_Payment_Making.ts:Clicked on the SearchIcon

2020-10-19 13:14:34 - [MESSAGE][INFO] - safeClicking

2020-10-19 13:14:34 - [MESSAGE][PASSED] - Object 'Object Repository/SEARCH_PAYMENT/SEARCH_ ICON' is present

2020-10-19 13:14:34 - [MESSAGE][PASSED] - Object 'Object Repository/SEARCH_PAYMENT/SEARCH_ ICON' is clickable

2020-10-19 13:14:36 - [MESSAGE][PASSED] - Object: 'Object Repository/SEARCH_PAYMENT/SEARCH_ ICON' is clicked on

2020-10-19 13:14:36 - [MESSAGE][PASSED] - Consumer_Payment_Making.ts:Clicked on the SearchIcon

2020-10-19 13:14:36 - [TEST_STEP][PASSED] - scrollToElement(findTestObject("SEARCH_PAYMENT/CLOSE_BUTTON"), 30): Scroll to object 'Object Repository/SEARCH_PAYMENT/CLOSE_BUTTON' successfully

2020-10-19 13:14:38 - [MESSAGE][PASSED] - Scroll to object 'Object Repository/SEARCH_PAYMENT/CLOSE_BUTTON' successfully

2020-10-19 13:14:38 - [TEST_STEP][PASSED] - utilities.SafeActions.safeClick(findTestObject("SEARCH_PAYMENT/EMAIL_ RECEIPT"), "Email Receipt", [pageLoadTime]): Consumer_Payment_Making.ts:Clicked on the Email Receipt

2020-10-19 13:14:38 - [MESSAGE][INFO] - safeClicking

2020-10-19 13:14:38 - [MESSAGE][PASSED] - Object 'Object Repository/SEARCH_PAYMENT/EMAIL_ RECEIPT' is present

2020-10-19 13:14:38 - [MESSAGE][PASSED] - Object 'Object Repository/SEARCH_PAYMENT/EMAIL_ RECEIPT' is clickable

2020-10-19 13:14:40 - [MESSAGE][PASSED] - Object: 'Object Repository/SEARCH_PAYMENT/EMAIL_ RECEIPT' is clicked on

2020-10-19 13:14:40 - [MESSAGE][PASSED] - Consumer_Payment_Making.ts:Clicked on the Email Receipt

2020-10-19 13:14:40 - [TEST_STEP][PASSED] - utilities.SafeActions.safeClick(findTestObject("SEARCH_PAYMENT/SEND_ EMAIL_BUTTON"), "Send Email", [pageLoadTime]): Consumer_Payment_Making.ts:Clicked on the Send Email

2020-10-19 13:14:40 - [MESSAGE][INFO] - safeClicking

2020-10-19 13:14:41 - [MESSAGE][PASSED] - Object 'Object Repository/SEARCH_PAYMENT/SEND_ EMAIL_BUTTON' is present

2020-10-19 13:14:41 - [MESSAGE][PASSED] - Object 'Object Repository/SEARCH_PAYMENT/SEND_ EMAIL_BUTTON' is clickable

2020-10-19 13:14:42 - [MESSAGE][PASSED] - Object: 'Object Repository/SEARCH_PAYMENT/SEND_ EMAIL_BUTTON' is clicked on

2020-10-19 13:14:42 - [MESSAGE][PASSED] - Consumer_Payment_Making.ts:Clicked on the Send Email

2020-10-19 13:14:42 - [TEST_STEP][PASSED] - Start listener action : afterTestCase: Browser is closed

2020-10-19 13:14:42 - [TEST_STEP][PASSED] - closeBrowser(): Browser is closed

2020-10-19 13:14:43 - [MESSAGE][PASSED] - Browser is closed]]></system-out>
         <system-err><![CDATA[]]></system-err>
      </testcase>
      <testcase name="Test Cases/Consumer_Make_Payment/TC_006_Echeck_Savings_MultiLine_Payment" time="175.963" classname="Test Cases/Consumer_Make_Payment/TC_006_Echeck_Savings_MultiLine_Payment" status="PASSED">
         <system-out><![CDATA[2020-10-19 13:14:43 - [TEST_CASE][PASSED] - Test Cases/Consumer_Make_Payment/TC_006_Echeck_Savings_MultiLine_Payment: Test Cases/Consumer_Make_Payment/TC_006_Echeck_Savings_MultiLine_Payment

2020-10-19 13:14:43 - [TEST_STEP][PASSED] - Start listener action : beforeTestCase: null

2020-10-19 13:14:44 - [TEST_STEP][PASSED] - utilities.SafeActions.openBrowser(certpay_url, [pageLoadTime]): Browser launched successfully

2020-10-19 13:14:44 - [MESSAGE][INFO] - Opening Browser

2020-10-19 13:14:44 - [MESSAGE][INFO] - Starting 'Chrome' driver

2020-10-19 13:14:53 - [MESSAGE][PASSED] - Browser is opened with url: 'https://qa-certpay.faps.net/'

2020-10-19 13:14:55 - [MESSAGE][PASSED] - Current window maximized

2020-10-19 13:14:55 - [MESSAGE][PASSED] - Browser launched successfully

2020-10-19 13:14:55 - [TEST_STEP][PASSED] - utilities.SafeActions.safeType(findTestObject("MAKE_ PAYMENT/Home_ Page/BUREAU_CODE"), bureauCode, "Bureau code", [pageLoadTime]): Consumer_Payment_Making.ts:Entered'6100000 into Bureau code

2020-10-19 13:14:55 - [MESSAGE][PASSED] - Object 'Object Repository/MAKE_ PAYMENT/Home_ Page/BUREAU_CODE' is present

2020-10-19 13:14:56 - [MESSAGE][PASSED] - Object 'Object Repository/MAKE_ PAYMENT/Home_ Page/BUREAU_CODE' is visible

2020-10-19 13:14:56 - [MESSAGE][PASSED] - Object 'Object Repository/MAKE_ PAYMENT/Home_ Page/BUREAU_CODE' is present

2020-10-19 13:14:57 - [MESSAGE][PASSED] - Text '6100000' is set on object 'Object Repository/MAKE_ PAYMENT/Home_ Page/BUREAU_CODE'

2020-10-19 13:14:57 - [MESSAGE][PASSED] - Consumer_Payment_Making.ts:Entered'6100000 into Bureau code

2020-10-19 13:14:57 - [TEST_STEP][PASSED] - utilities.SafeActions.safeClick(findTestObject("MAKE_ PAYMENT/Home_ Page/BEGIN_PAYMENT"), "Begin payment", [pageLoadTime]): Consumer_Payment_Making.ts:Clicked on the Begin payment

2020-10-19 13:14:57 - [MESSAGE][INFO] - safeClicking

2020-10-19 13:14:58 - [MESSAGE][PASSED] - Object 'Object Repository/MAKE_ PAYMENT/Home_ Page/BEGIN_PAYMENT' is present

2020-10-19 13:14:58 - [MESSAGE][PASSED] - Object 'Object Repository/MAKE_ PAYMENT/Home_ Page/BEGIN_PAYMENT' is clickable

2020-10-19 13:15:02 - [MESSAGE][PASSED] - Object: 'Object Repository/MAKE_ PAYMENT/Home_ Page/BEGIN_PAYMENT' is clicked on

2020-10-19 13:15:02 - [MESSAGE][PASSED] - Consumer_Payment_Making.ts:Clicked on the Begin payment

2020-10-19 13:15:02 - [TEST_STEP][PASSED] - utilities.SafeActions.safeClick(findTestObject("MAKE_ PAYMENT/Home_ Page/NEXT_BUTTON"), "Continue", [pageLoadTime]): Consumer_Payment_Making.ts:Clicked on the Continue

2020-10-19 13:15:02 - [MESSAGE][INFO] - safeClicking

2020-10-19 13:15:03 - [MESSAGE][PASSED] - Object 'Object Repository/MAKE_ PAYMENT/Home_ Page/NEXT_BUTTON' is present

2020-10-19 13:15:03 - [MESSAGE][PASSED] - Object 'Object Repository/MAKE_ PAYMENT/Home_ Page/NEXT_BUTTON' is clickable

2020-10-19 13:15:07 - [MESSAGE][PASSED] - Object: 'Object Repository/MAKE_ PAYMENT/Home_ Page/NEXT_BUTTON' is clicked on

2020-10-19 13:15:07 - [MESSAGE][PASSED] - Consumer_Payment_Making.ts:Clicked on the Continue

2020-10-19 13:15:07 - [TEST_STEP][PASSED] - utilities.SafeActions.safeCheck(findTestObject("MAKE_ PAYMENT/Home_ Page/ELECTRONIC_CHECK"), "Electronic check", [pageLoadTime]): Consumer_Payment_Making.ts:Checkbox 'Electronic check'is selected

2020-10-19 13:15:07 - [MESSAGE][PASSED] - Object 'Object Repository/MAKE_ PAYMENT/Home_ Page/ELECTRONIC_CHECK' is present

2020-10-19 13:15:08 - [MESSAGE][PASSED] - Object 'Object Repository/MAKE_ PAYMENT/Home_ Page/ELECTRONIC_CHECK' is present

2020-10-19 13:15:09 - [MESSAGE][PASSED] - Object: 'Object Repository/MAKE_ PAYMENT/Home_ Page/ELECTRONIC_CHECK' is clicked on

2020-10-19 13:15:09 - [MESSAGE][PASSED] - Consumer_Payment_Making.ts:Checkbox 'Electronic check'is selected

2020-10-19 13:15:09 - [TEST_STEP][PASSED] - pages.Payment_Page.setAmount("1", paymentAmount, "testing", referenceNum): Consumer_Payment_Making.ts:Entered'testing into Comments

2020-10-19 13:15:13 - [MESSAGE][PASSED] - Object '' is present

2020-10-19 13:15:14 - [MESSAGE][PASSED] - Object '' is visible

2020-10-19 13:15:14 - [MESSAGE][PASSED] - Object '' is present

2020-10-19 13:15:15 - [MESSAGE][PASSED] - Text '23.00' is set on object ''

2020-10-19 13:15:15 - [MESSAGE][PASSED] - Consumer_Payment_Making.ts:Entered'23.00 into Amount

2020-10-19 13:15:16 - [MESSAGE][PASSED] - Object '' is present

2020-10-19 13:15:16 - [MESSAGE][PASSED] - Object '' is visible

2020-10-19 13:15:16 - [MESSAGE][PASSED] - Object '' is present

2020-10-19 13:15:18 - [MESSAGE][PASSED] - Text '11' is set on object ''

2020-10-19 13:15:18 - [MESSAGE][PASSED] - Consumer_Payment_Making.ts:Entered'11 into Amount

2020-10-19 13:15:18 - [MESSAGE][PASSED] - Object '' is present

2020-10-19 13:15:18 - [MESSAGE][PASSED] - Object '' is visible

2020-10-19 13:15:18 - [MESSAGE][PASSED] - Object '' is present

2020-10-19 13:15:20 - [MESSAGE][PASSED] - Text 'testing' is set on object ''

2020-10-19 13:15:20 - [MESSAGE][PASSED] - Consumer_Payment_Making.ts:Entered'testing into Comments

2020-10-19 13:15:20 - [TEST_STEP][PASSED] - utilities.SafeActions.safeClick(findTestObject("MAKE_ PAYMENT/Home_ Page/ADD_ANOTHER_PROPERTY"), "Multi-Payment", [pageLoadTime]): Consumer_Payment_Making.ts:Clicked on the Multi-Payment

2020-10-19 13:15:20 - [MESSAGE][INFO] - safeClicking

2020-10-19 13:15:20 - [MESSAGE][PASSED] - Object 'Object Repository/MAKE_ PAYMENT/Home_ Page/ADD_ANOTHER_PROPERTY' is present

2020-10-19 13:15:20 - [MESSAGE][PASSED] - Object 'Object Repository/MAKE_ PAYMENT/Home_ Page/ADD_ANOTHER_PROPERTY' is clickable

2020-10-19 13:15:24 - [MESSAGE][PASSED] - Object: 'Object Repository/MAKE_ PAYMENT/Home_ Page/ADD_ANOTHER_PROPERTY' is clicked on

2020-10-19 13:15:24 - [MESSAGE][PASSED] - Consumer_Payment_Making.ts:Clicked on the Multi-Payment

2020-10-19 13:15:24 - [TEST_STEP][PASSED] - pages.Payment_Page.setAmount("2", paymentAmount2, "Payment for testing", referenceNum): Consumer_Payment_Making.ts:Entered'Payment for testing into Comments

2020-10-19 13:15:25 - [MESSAGE][PASSED] - Object '' is present

2020-10-19 13:15:25 - [MESSAGE][PASSED] - Object '' is visible

2020-10-19 13:15:26 - [MESSAGE][PASSED] - Object '' is present

2020-10-19 13:15:27 - [MESSAGE][PASSED] - Text '33.00' is set on object ''

2020-10-19 13:15:27 - [MESSAGE][PASSED] - Consumer_Payment_Making.ts:Entered'33.00 into Amount

2020-10-19 13:15:27 - [MESSAGE][PASSED] - Object '' is present

2020-10-19 13:15:28 - [MESSAGE][PASSED] - Object '' is visible

2020-10-19 13:15:28 - [MESSAGE][PASSED] - Object '' is present

2020-10-19 13:15:29 - [MESSAGE][PASSED] - Text '11' is set on object ''

2020-10-19 13:15:29 - [MESSAGE][PASSED] - Consumer_Payment_Making.ts:Entered'11 into Amount

2020-10-19 13:15:29 - [MESSAGE][PASSED] - Object '' is present

2020-10-19 13:15:30 - [MESSAGE][PASSED] - Object '' is visible

2020-10-19 13:15:30 - [MESSAGE][PASSED] - Object '' is present

2020-10-19 13:15:31 - [MESSAGE][PASSED] - Text 'Payment for testing' is set on object ''

2020-10-19 13:15:31 - [MESSAGE][PASSED] - Consumer_Payment_Making.ts:Entered'Payment for testing into Comments

2020-10-19 13:15:31 - [TEST_STEP][PASSED] - utilities.SafeActions.safeSelectOptionInDropdownByVisibleText(findTestObject("MAKE_ PAYMENT/Home_ Page/PAYMENT_TYPE"), paymentType, "Payment Type", [pageLoadTime]): selected dropdown option by visible text  Giftsfrom Payment Type

2020-10-19 13:15:32 - [MESSAGE][PASSED] - Object 'Object Repository/MAKE_ PAYMENT/Home_ Page/PAYMENT_TYPE' is visible

2020-10-19 13:15:32 - [MESSAGE][PASSED] - Object 'Object Repository/MAKE_ PAYMENT/Home_ Page/PAYMENT_TYPE' is present

2020-10-19 13:15:33 - [MESSAGE][PASSED] - Object: 'Object Repository/MAKE_ PAYMENT/Home_ Page/PAYMENT_TYPE' is clicked on

2020-10-19 13:15:34 - [MESSAGE][PASSED] - All options with label 'Gifts' are selected in object 'Object Repository/MAKE_ PAYMENT/Home_ Page/PAYMENT_TYPE'  using regular expression

2020-10-19 13:15:34 - [MESSAGE][PASSED] - selected dropdown option by visible text  Giftsfrom Payment Type

2020-10-19 13:15:34 - [TEST_STEP][PASSED] - utilities.SafeActions.safeClick(findTestObject("MAKE_ PAYMENT/Home_ Page/CONTINUE"), "Continue", [pageLoadTime]): Consumer_Payment_Making.ts:Clicked on the Continue

2020-10-19 13:15:34 - [MESSAGE][INFO] - safeClicking

2020-10-19 13:15:35 - [MESSAGE][PASSED] - Object 'Object Repository/MAKE_ PAYMENT/Home_ Page/CONTINUE' is present

2020-10-19 13:15:35 - [MESSAGE][PASSED] - Object 'Object Repository/MAKE_ PAYMENT/Home_ Page/CONTINUE' is clickable

2020-10-19 13:15:39 - [MESSAGE][PASSED] - Object: 'Object Repository/MAKE_ PAYMENT/Home_ Page/CONTINUE' is clicked on

2020-10-19 13:15:39 - [MESSAGE][PASSED] - Consumer_Payment_Making.ts:Clicked on the Continue

2020-10-19 13:15:39 - [TEST_STEP][PASSED] - pages.Payment_Page.setPersonalDetails(firstName, lastName, telephone): Consumer_Payment_Making.ts:Entered'9988676754 into Telephone

2020-10-19 13:15:41 - [MESSAGE][PASSED] - Object 'Object Repository/MAKE_ PAYMENT/Consumer_Personal_ Details/FIRST_NAME' is present

2020-10-19 13:15:41 - [MESSAGE][PASSED] - Object 'Object Repository/MAKE_ PAYMENT/Consumer_Personal_ Details/FIRST_NAME' is visible

2020-10-19 13:15:41 - [MESSAGE][PASSED] - Object 'Object Repository/MAKE_ PAYMENT/Consumer_Personal_ Details/FIRST_NAME' is present

2020-10-19 13:15:43 - [MESSAGE][PASSED] - Text 'Imran' is set on object 'Object Repository/MAKE_ PAYMENT/Consumer_Personal_ Details/FIRST_NAME'

2020-10-19 13:15:43 - [MESSAGE][PASSED] - Consumer_Payment_Making.ts:Entered'Imran into FirstName

2020-10-19 13:15:43 - [MESSAGE][PASSED] - Object 'Object Repository/MAKE_ PAYMENT/Consumer_Personal_ Details/LAST_NAME' is present

2020-10-19 13:15:43 - [MESSAGE][PASSED] - Object 'Object Repository/MAKE_ PAYMENT/Consumer_Personal_ Details/LAST_NAME' is visible

2020-10-19 13:15:44 - [MESSAGE][PASSED] - Object 'Object Repository/MAKE_ PAYMENT/Consumer_Personal_ Details/LAST_NAME' is present

2020-10-19 13:15:45 - [MESSAGE][PASSED] - Text 'shahi' is set on object 'Object Repository/MAKE_ PAYMENT/Consumer_Personal_ Details/LAST_NAME'

2020-10-19 13:15:45 - [MESSAGE][PASSED] - Consumer_Payment_Making.ts:Entered'shahi into LastName

2020-10-19 13:15:45 - [MESSAGE][PASSED] - Object 'Object Repository/MAKE_ PAYMENT/Consumer_Personal_ Details/TELEPHONE' is present

2020-10-19 13:15:46 - [MESSAGE][PASSED] - Object 'Object Repository/MAKE_ PAYMENT/Consumer_Personal_ Details/TELEPHONE' is visible

2020-10-19 13:15:46 - [MESSAGE][PASSED] - Object 'Object Repository/MAKE_ PAYMENT/Consumer_Personal_ Details/TELEPHONE' is present

2020-10-19 13:15:47 - [MESSAGE][PASSED] - Text '9988676754' is set on object 'Object Repository/MAKE_ PAYMENT/Consumer_Personal_ Details/TELEPHONE'

2020-10-19 13:15:47 - [MESSAGE][PASSED] - Consumer_Payment_Making.ts:Entered'9988676754 into Telephone

2020-10-19 13:15:47 - [TEST_STEP][PASSED] - pages.Payment_Page.setLocationDetails(address, zipCode): Consumer_Payment_Making.ts:Entered'76102 into ZipCode

2020-10-19 13:15:47 - [MESSAGE][PASSED] - Object 'Object Repository/MAKE_ PAYMENT/Consumer_Personal_ Details/ADDRESS' is present

2020-10-19 13:15:48 - [MESSAGE][PASSED] - Object 'Object Repository/MAKE_ PAYMENT/Consumer_Personal_ Details/ADDRESS' is visible

2020-10-19 13:15:48 - [MESSAGE][PASSED] - Object 'Object Repository/MAKE_ PAYMENT/Consumer_Personal_ Details/ADDRESS' is present

2020-10-19 13:15:49 - [MESSAGE][PASSED] - Text '14-3' is set on object 'Object Repository/MAKE_ PAYMENT/Consumer_Personal_ Details/ADDRESS'

2020-10-19 13:15:49 - [MESSAGE][PASSED] - Consumer_Payment_Making.ts:Entered'14-3 into Address

2020-10-19 13:15:50 - [MESSAGE][PASSED] - Object 'Object Repository/MAKE_ PAYMENT/Consumer_Personal_ Details/ZIP_CODE' is present

2020-10-19 13:15:50 - [MESSAGE][PASSED] - Object 'Object Repository/MAKE_ PAYMENT/Consumer_Personal_ Details/ZIP_CODE' is visible

2020-10-19 13:15:50 - [MESSAGE][PASSED] - Object 'Object Repository/MAKE_ PAYMENT/Consumer_Personal_ Details/ZIP_CODE' is present

2020-10-19 13:15:52 - [MESSAGE][PASSED] - Text '76102' is set on object 'Object Repository/MAKE_ PAYMENT/Consumer_Personal_ Details/ZIP_CODE'

2020-10-19 13:15:52 - [MESSAGE][PASSED] - Consumer_Payment_Making.ts:Entered'76102 into ZipCode

2020-10-19 13:15:52 - [TEST_STEP][PASSED] - pages.Payment_Page.clickOnElement(findTestObject("MAKE_ PAYMENT/Home_ Page/CONTINUE")): pages.Payment_Page.clickOnElement is PASSED

2020-10-19 13:15:55 - [MESSAGE][PASSED] - Execute JavaScript 'arguments[0].click()' successfully

2020-10-19 13:15:55 - [MESSAGE][PASSED] - pages.Payment_Page.clickOnElement is PASSED

2020-10-19 13:15:55 - [TEST_STEP][PASSED] - utilities.SafeActions.safeCheck(findTestObject("MAKE_ PAYMENT/Consumer_Personal_ Details/CheckBox"), "Billing CheckBox", [pageLoadTime]): Consumer_Payment_Making.ts:Checkbox 'Billing CheckBox'is selected

2020-10-19 13:15:56 - [MESSAGE][PASSED] - Object 'Object Repository/MAKE_ PAYMENT/Consumer_Personal_ Details/CheckBox' is present

2020-10-19 13:15:58 - [MESSAGE][PASSED] - Object 'Object Repository/MAKE_ PAYMENT/Consumer_Personal_ Details/CheckBox' is present

2020-10-19 13:15:59 - [MESSAGE][PASSED] - Object: 'Object Repository/MAKE_ PAYMENT/Consumer_Personal_ Details/CheckBox' is clicked on

2020-10-19 13:15:59 - [MESSAGE][PASSED] - Consumer_Payment_Making.ts:Checkbox 'Billing CheckBox'is selected

2020-10-19 13:15:59 - [TEST_STEP][PASSED] - waitForPageLoad(2): Wait for page load successfully

2020-10-19 13:16:00 - [MESSAGE][PASSED] - Wait for page load successfully

2020-10-19 13:16:00 - [TEST_STEP][PASSED] - utilities.SafeActions.safeClick(findTestObject("MAKE_ PAYMENT/Home_ Page/CONTINUE"), "Continue", [pageLoadTime]): Consumer_Payment_Making.ts:Clicked on the Continue

2020-10-19 13:16:00 - [MESSAGE][INFO] - safeClicking

2020-10-19 13:16:01 - [MESSAGE][PASSED] - Object 'Object Repository/MAKE_ PAYMENT/Home_ Page/CONTINUE' is present

2020-10-19 13:16:02 - [MESSAGE][PASSED] - Object 'Object Repository/MAKE_ PAYMENT/Home_ Page/CONTINUE' is clickable

2020-10-19 13:16:06 - [MESSAGE][PASSED] - Object: 'Object Repository/MAKE_ PAYMENT/Home_ Page/CONTINUE' is clicked on

2020-10-19 13:16:06 - [MESSAGE][PASSED] - Consumer_Payment_Making.ts:Clicked on the Continue

2020-10-19 13:16:06 - [TEST_STEP][PASSED] - utilities.SafeActions.safeCheck(findTestObject("MAKE_ PAYMENT/Consumer_Personal_ Details/ACC_TYPE_SAVINGS"), "Savings", [pageLoadTime]): Consumer_Payment_Making.ts:Checkbox 'Savings'is selected

2020-10-19 13:16:07 - [MESSAGE][PASSED] - Object 'Object Repository/MAKE_ PAYMENT/Consumer_Personal_ Details/ACC_TYPE_SAVINGS' is present

2020-10-19 13:16:08 - [MESSAGE][PASSED] - Object 'Object Repository/MAKE_ PAYMENT/Consumer_Personal_ Details/ACC_TYPE_SAVINGS' is present

2020-10-19 13:16:09 - [MESSAGE][PASSED] - Object: 'Object Repository/MAKE_ PAYMENT/Consumer_Personal_ Details/ACC_TYPE_SAVINGS' is clicked on

2020-10-19 13:16:09 - [MESSAGE][PASSED] - Consumer_Payment_Making.ts:Checkbox 'Savings'is selected

2020-10-19 13:16:09 - [TEST_STEP][PASSED] - pages.Payment_Page.setElectronicCheckInformation(findTestObject("MAKE_ PAYMENT/Consumer_Personal_ Details/CHECKING_ACCOUNT_NUMBER"), findTestObject("MAKE_ PAYMENT/Consumer_Personal_ Details/CONFIRM_CHECKING_ACC_NUM"), routingNum, checkingAccNum): Consumer_Payment_Making.ts:Entered'456789 into ConfirmCheckAccNum

2020-10-19 13:16:09 - [MESSAGE][PASSED] - Object 'Object Repository/MAKE_ PAYMENT/Consumer_Personal_ Details/ROUTING_NUMBER' is present

2020-10-19 13:16:10 - [MESSAGE][PASSED] - Object 'Object Repository/MAKE_ PAYMENT/Consumer_Personal_ Details/ROUTING_NUMBER' is visible

2020-10-19 13:16:10 - [MESSAGE][PASSED] - Object 'Object Repository/MAKE_ PAYMENT/Consumer_Personal_ Details/ROUTING_NUMBER' is present

2020-10-19 13:16:11 - [MESSAGE][PASSED] - Text '111000025' is set on object 'Object Repository/MAKE_ PAYMENT/Consumer_Personal_ Details/ROUTING_NUMBER'

2020-10-19 13:16:11 - [MESSAGE][PASSED] - Consumer_Payment_Making.ts:Entered'111000025 into RoutingNumber

2020-10-19 13:16:11 - [MESSAGE][PASSED] - Object 'Object Repository/MAKE_ PAYMENT/Consumer_Personal_ Details/CHECKING_ACCOUNT_NUMBER' is present

2020-10-19 13:16:12 - [MESSAGE][PASSED] - Object 'Object Repository/MAKE_ PAYMENT/Consumer_Personal_ Details/CHECKING_ACCOUNT_NUMBER' is present

2020-10-19 13:16:12 - [MESSAGE][PASSED] - Object 'Object Repository/MAKE_ PAYMENT/Consumer_Personal_ Details/CHECKING_ACCOUNT_NUMBER' is visible

2020-10-19 13:16:12 - [MESSAGE][PASSED] - Object 'Object Repository/MAKE_ PAYMENT/Consumer_Personal_ Details/CHECKING_ACCOUNT_NUMBER' is present

2020-10-19 13:16:14 - [MESSAGE][PASSED] - Text '456789' is set on object 'Object Repository/MAKE_ PAYMENT/Consumer_Personal_ Details/CHECKING_ACCOUNT_NUMBER'

2020-10-19 13:16:14 - [MESSAGE][PASSED] - Consumer_Payment_Making.ts:Entered'456789 into CheckAccNum

2020-10-19 13:16:15 - [MESSAGE][PASSED] - Object 'Object Repository/MAKE_ PAYMENT/Consumer_Personal_ Details/CONFIRM_CHECKING_ACC_NUM' is present

2020-10-19 13:16:15 - [MESSAGE][PASSED] - Object 'Object Repository/MAKE_ PAYMENT/Consumer_Personal_ Details/CONFIRM_CHECKING_ACC_NUM' is visible

2020-10-19 13:16:16 - [MESSAGE][PASSED] - Object 'Object Repository/MAKE_ PAYMENT/Consumer_Personal_ Details/CONFIRM_CHECKING_ACC_NUM' is present

2020-10-19 13:16:17 - [MESSAGE][PASSED] - Text '456789' is set on object 'Object Repository/MAKE_ PAYMENT/Consumer_Personal_ Details/CONFIRM_CHECKING_ACC_NUM'

2020-10-19 13:16:17 - [MESSAGE][PASSED] - Consumer_Payment_Making.ts:Entered'456789 into ConfirmCheckAccNum

2020-10-19 13:16:17 - [TEST_STEP][PASSED] - utilities.SafeActions.safeType(findTestObject("MAKE_ PAYMENT/Consumer_Personal_ Details/EMAIL_ADDRESS"), emailAddress, "EmailAddress", [pageLoadTime]): Consumer_Payment_Making.ts:Entered'testing@zenq.com into EmailAddress

2020-10-19 13:16:17 - [MESSAGE][PASSED] - Object 'Object Repository/MAKE_ PAYMENT/Consumer_Personal_ Details/EMAIL_ADDRESS' is present

2020-10-19 13:16:18 - [MESSAGE][PASSED] - Object 'Object Repository/MAKE_ PAYMENT/Consumer_Personal_ Details/EMAIL_ADDRESS' is visible

2020-10-19 13:16:18 - [MESSAGE][PASSED] - Object 'Object Repository/MAKE_ PAYMENT/Consumer_Personal_ Details/EMAIL_ADDRESS' is present

2020-10-19 13:16:19 - [MESSAGE][PASSED] - Text 'testing@zenq.com' is set on object 'Object Repository/MAKE_ PAYMENT/Consumer_Personal_ Details/EMAIL_ADDRESS'

2020-10-19 13:16:19 - [MESSAGE][PASSED] - Consumer_Payment_Making.ts:Entered'testing@zenq.com into EmailAddress

2020-10-19 13:16:19 - [TEST_STEP][PASSED] - utilities.SafeActions.safeType(findTestObject("MAKE_ PAYMENT/Consumer_Personal_ Details/SIGNATURE"), firstName, "EmailAddress", [pageLoadTime]): Consumer_Payment_Making.ts:Entered'Imran into EmailAddress

2020-10-19 13:16:20 - [MESSAGE][PASSED] - Object 'Object Repository/MAKE_ PAYMENT/Consumer_Personal_ Details/SIGNATURE' is present

2020-10-19 13:16:20 - [MESSAGE][PASSED] - Object 'Object Repository/MAKE_ PAYMENT/Consumer_Personal_ Details/SIGNATURE' is visible

2020-10-19 13:16:20 - [MESSAGE][PASSED] - Object 'Object Repository/MAKE_ PAYMENT/Consumer_Personal_ Details/SIGNATURE' is present

2020-10-19 13:16:22 - [MESSAGE][PASSED] - Text 'Imran' is set on object 'Object Repository/MAKE_ PAYMENT/Consumer_Personal_ Details/SIGNATURE'

2020-10-19 13:16:22 - [MESSAGE][PASSED] - Consumer_Payment_Making.ts:Entered'Imran into EmailAddress

2020-10-19 13:16:22 - [TEST_STEP][PASSED] - utilities.SafeActions.safeType(findTestObject("MAKE_ PAYMENT/Consumer_Personal_ Details/AGREEMENT"), "Yes", "Agreement", [pageLoadTime]): Consumer_Payment_Making.ts:Entered'Yes into Agreement

2020-10-19 13:16:22 - [MESSAGE][PASSED] - Object 'Object Repository/MAKE_ PAYMENT/Consumer_Personal_ Details/AGREEMENT' is present

2020-10-19 13:16:22 - [MESSAGE][PASSED] - Object 'Object Repository/MAKE_ PAYMENT/Consumer_Personal_ Details/AGREEMENT' is visible

2020-10-19 13:16:23 - [MESSAGE][PASSED] - Object 'Object Repository/MAKE_ PAYMENT/Consumer_Personal_ Details/AGREEMENT' is present

2020-10-19 13:16:24 - [MESSAGE][PASSED] - Text 'Yes' is set on object 'Object Repository/MAKE_ PAYMENT/Consumer_Personal_ Details/AGREEMENT'

2020-10-19 13:16:24 - [MESSAGE][PASSED] - Consumer_Payment_Making.ts:Entered'Yes into Agreement

2020-10-19 13:16:24 - [TEST_STEP][PASSED] - utilities.SafeActions.safeClick(findTestObject("MAKE_ PAYMENT/Home_ Page/CHECK_CONTINUE"), "Continue", [pageLoadTime]): Consumer_Payment_Making.ts:Clicked on the Continue

2020-10-19 13:16:24 - [MESSAGE][INFO] - safeClicking

2020-10-19 13:16:24 - [MESSAGE][PASSED] - Object 'Object Repository/MAKE_ PAYMENT/Home_ Page/CHECK_CONTINUE' is present

2020-10-19 13:16:25 - [MESSAGE][PASSED] - Object 'Object Repository/MAKE_ PAYMENT/Home_ Page/CHECK_CONTINUE' is clickable

2020-10-19 13:16:26 - [MESSAGE][PASSED] - Object: 'Object Repository/MAKE_ PAYMENT/Home_ Page/CHECK_CONTINUE' is clicked on

2020-10-19 13:16:26 - [MESSAGE][PASSED] - Consumer_Payment_Making.ts:Clicked on the Continue

2020-10-19 13:16:26 - [TEST_STEP][PASSED] - utilities.SafeActions.safeClick(findTestObject("MAKE_ PAYMENT/Home_ Page/CONTINUE"), "Continue", [pageLoadTime]): Consumer_Payment_Making.ts:Clicked on the Continue

2020-10-19 13:16:26 - [MESSAGE][INFO] - safeClicking

2020-10-19 13:16:26 - [MESSAGE][PASSED] - Object 'Object Repository/MAKE_ PAYMENT/Home_ Page/CONTINUE' is present

2020-10-19 13:16:27 - [MESSAGE][PASSED] - Object 'Object Repository/MAKE_ PAYMENT/Home_ Page/CONTINUE' is clickable

2020-10-19 13:16:31 - [MESSAGE][PASSED] - Object: 'Object Repository/MAKE_ PAYMENT/Home_ Page/CONTINUE' is clicked on

2020-10-19 13:16:31 - [MESSAGE][PASSED] - Consumer_Payment_Making.ts:Clicked on the Continue

2020-10-19 13:16:31 - [TEST_STEP][PASSED] - utilities.SafeActions.safeClick(findTestObject("MAKE_ PAYMENT/Consumer_Personal_ Details/I_AGREE"), "I agree", [pageLoadTime]): Consumer_Payment_Making.ts:Clicked on the I agree

2020-10-19 13:16:31 - [MESSAGE][INFO] - safeClicking

2020-10-19 13:16:32 - [MESSAGE][PASSED] - Object 'Object Repository/MAKE_ PAYMENT/Consumer_Personal_ Details/I_AGREE' is present

2020-10-19 13:16:33 - [MESSAGE][PASSED] - Object 'Object Repository/MAKE_ PAYMENT/Consumer_Personal_ Details/I_AGREE' is clickable

2020-10-19 13:16:36 - [MESSAGE][PASSED] - Object: 'Object Repository/MAKE_ PAYMENT/Consumer_Personal_ Details/I_AGREE' is clicked on

2020-10-19 13:16:36 - [MESSAGE][PASSED] - Consumer_Payment_Making.ts:Clicked on the I agree

2020-10-19 13:16:36 - [TEST_STEP][PASSED] - pages.Payment_Page.verifyUserDetails(firstName, lastName, emailAddress, "", "Savings"): pages.Payment_Page.verifyUserDetails is PASSED

2020-10-19 13:16:37 - [MESSAGE][PASSED] - Scroll to object 'Object Repository/MAKE_ PAYMENT/Verification_ Details/FIRST_NAME' successfully

2020-10-19 13:16:37 - [MESSAGE][PASSED] - Text of object 'Object Repository/MAKE_ PAYMENT/Verification_ Details/FIRST_NAME' is: 'Imran'

2020-10-19 13:16:37 - [MESSAGE][PASSED] - Actual text 'Imran' and expected text 'Imran' are matched  using regular expression

2020-10-19 13:16:37 - [MESSAGE][PASSED] - Text of object 'Object Repository/MAKE_ PAYMENT/Verification_ Details/LAST_NAME' is: 'shahi'

2020-10-19 13:16:37 - [MESSAGE][PASSED] - Actual text 'shahi' and expected text 'shahi' are matched  using regular expression

2020-10-19 13:16:40 - [MESSAGE][PASSED] - Text of object 'Object Repository/MAKE_ PAYMENT/Verification_ Details/EMAIL_ADDRESS' is: 'testing@zenq.com'

2020-10-19 13:16:40 - [MESSAGE][PASSED] - Actual text 'testing@zenq.com' and expected text 'testing@zenq.com' are matched  using regular expression

2020-10-19 13:16:40 - [MESSAGE][PASSED] - Text of object 'Object Repository/MAKE_ PAYMENT/Verification_ Details/ACH_ACC_TYPE' is: 'Savings'

2020-10-19 13:16:40 - [MESSAGE][PASSED] - Actual text 'Savings' and expected text 'Savings' are matched  using regular expression

2020-10-19 13:16:41 - [MESSAGE][PASSED] - pages.Payment_Page.verifyUserDetails is PASSED

2020-10-19 13:16:41 - [TEST_STEP][PASSED] - utilities.SafeActions.safeClick(findTestObject("MAKE_ PAYMENT/Verification_ Details/PROCESS_PAYMENT"), "Process Payment", [pageLoadTime]): Consumer_Payment_Making.ts:Clicked on the Process Payment

2020-10-19 13:16:41 - [MESSAGE][INFO] - safeClicking

2020-10-19 13:16:41 - [MESSAGE][PASSED] - Object 'Object Repository/MAKE_ PAYMENT/Verification_ Details/PROCESS_PAYMENT' is present

2020-10-19 13:16:42 - [MESSAGE][PASSED] - Object 'Object Repository/MAKE_ PAYMENT/Verification_ Details/PROCESS_PAYMENT' is clickable

2020-10-19 13:16:43 - [MESSAGE][PASSED] - Object: 'Object Repository/MAKE_ PAYMENT/Verification_ Details/PROCESS_PAYMENT' is clicked on

2020-10-19 13:16:43 - [MESSAGE][PASSED] - Consumer_Payment_Making.ts:Clicked on the Process Payment

2020-10-19 13:16:43 - [TEST_STEP][PASSED] - utilities.SafeActions.safeClick(findTestObject("MAKE_ PAYMENT/Verification_ Details/YES_BUTTON"), "yes button", [pageLoadTime]): Consumer_Payment_Making.ts:Clicked on the yes button

2020-10-19 13:16:43 - [MESSAGE][INFO] - safeClicking

2020-10-19 13:16:44 - [MESSAGE][PASSED] - Object 'Object Repository/MAKE_ PAYMENT/Verification_ Details/YES_BUTTON' is present

2020-10-19 13:16:44 - [MESSAGE][PASSED] - Object 'Object Repository/MAKE_ PAYMENT/Verification_ Details/YES_BUTTON' is clickable

2020-10-19 13:16:48 - [MESSAGE][PASSED] - Object: 'Object Repository/MAKE_ PAYMENT/Verification_ Details/YES_BUTTON' is clicked on

2020-10-19 13:16:48 - [MESSAGE][PASSED] - Consumer_Payment_Making.ts:Clicked on the yes button

2020-10-19 13:16:48 - [TEST_STEP][PASSED] - verifyElementPresent(findTestObject("MAKE_ PAYMENT/Verification_ Details/PENDING"), 30): Object 'Object Repository/MAKE_ PAYMENT/Verification_ Details/PENDING' is present

2020-10-19 13:16:50 - [MESSAGE][PASSED] - Object 'Object Repository/MAKE_ PAYMENT/Verification_ Details/PENDING' is present

2020-10-19 13:16:50 - [TEST_STEP][PASSED] - PaymentID = pages.Payment_Page.verifyECheckPaymentApproval(referenceNum): pages.Payment_Page.verifyECheckPaymentApproval is PASSED

2020-10-19 13:16:50 - [MESSAGE][PASSED] - Text of object 'Object Repository/MAKE_ PAYMENT/Verification_ Details/PAY_ID_ELECTRIC_CHECK' is: '100176131624'

2020-10-19 13:16:52 - [MESSAGE][PASSED] - Text of object 'Object Repository/MAKE_ PAYMENT/Verification_ Details/REF_NUM_E_CHECK' is: '11'

2020-10-19 13:16:52 - [MESSAGE][PASSED] - pages.Payment_Page.verifyECheckPaymentApproval is PASSED

2020-10-19 13:16:52 - [TEST_STEP][PASSED] - utilities.SafeActions.safeClick(findTestObject("SEARCH_PAYMENT/SEARCH_PAYMENT"), "Search Payment", [pageLoadTime]): Consumer_Payment_Making.ts:Clicked on the Search Payment

2020-10-19 13:16:52 - [MESSAGE][INFO] - safeClicking

2020-10-19 13:16:53 - [MESSAGE][PASSED] - Object 'Object Repository/SEARCH_PAYMENT/SEARCH_PAYMENT' is present

2020-10-19 13:16:53 - [MESSAGE][PASSED] - Object 'Object Repository/SEARCH_PAYMENT/SEARCH_PAYMENT' is clickable

2020-10-19 13:16:54 - [MESSAGE][PASSED] - Object: 'Object Repository/SEARCH_PAYMENT/SEARCH_PAYMENT' is clicked on

2020-10-19 13:16:54 - [MESSAGE][PASSED] - Consumer_Payment_Making.ts:Clicked on the Search Payment

2020-10-19 13:16:54 - [TEST_STEP][PASSED] - waitForPageLoad(10): Wait for page load successfully

2020-10-19 13:16:54 - [MESSAGE][PASSED] - Wait for page load successfully

2020-10-19 13:16:54 - [TEST_STEP][PASSED] - pages.Search_Page.switchToWindow(): pages.Search_Page.switchToWindow is PASSED

2020-10-19 13:16:56 - [MESSAGE][PASSED] - Object: 'Object Repository/SEARCH_PAYMENT/SEARCH_PAYMENT' is clicked on

2020-10-19 13:16:56 - [MESSAGE][PASSED] - Switched to window with index: '1'

2020-10-19 13:16:56 - [MESSAGE][PASSED] - pages.Search_Page.switchToWindow is PASSED

2020-10-19 13:16:56 - [TEST_STEP][PASSED] - utilities.SafeActions.safeCheck(findTestObject("SEARCH_PAYMENT/ELECTRONIC_CHECK"), "Echeck", [pageLoadTime]): Consumer_Payment_Making.ts:Checkbox 'Echeck'is selected

2020-10-19 13:16:59 - [MESSAGE][PASSED] - Object 'Object Repository/SEARCH_PAYMENT/ELECTRONIC_CHECK' is present

2020-10-19 13:17:00 - [MESSAGE][PASSED] - Object 'Object Repository/SEARCH_PAYMENT/ELECTRONIC_CHECK' is present

2020-10-19 13:17:02 - [MESSAGE][PASSED] - Object: 'Object Repository/SEARCH_PAYMENT/ELECTRONIC_CHECK' is clicked on

2020-10-19 13:17:02 - [MESSAGE][PASSED] - Consumer_Payment_Making.ts:Checkbox 'Echeck'is selected

2020-10-19 13:17:02 - [TEST_STEP][PASSED] - pages.Search_Page.setSearchDetails(lastName, VISA, checkingAccNum): Acc num enterd

2020-10-19 13:17:02 - [MESSAGE][PASSED] - Object 'Object Repository/SEARCH_PAYMENT/BILLING_LAST_NAME' is present

2020-10-19 13:17:02 - [MESSAGE][PASSED] - Object 'Object Repository/SEARCH_PAYMENT/BILLING_LAST_NAME' is visible

2020-10-19 13:17:03 - [MESSAGE][PASSED] - Object 'Object Repository/SEARCH_PAYMENT/BILLING_LAST_NAME' is present

2020-10-19 13:17:04 - [MESSAGE][PASSED] - Text 'shahi' is set on object 'Object Repository/SEARCH_PAYMENT/BILLING_LAST_NAME'

2020-10-19 13:17:04 - [MESSAGE][PASSED] - Consumer_Payment_Making.ts:Entered'shahi into LastName

2020-10-19 13:17:05 - [MESSAGE][WARNING] - Object 'Object Repository/SEARCH_PAYMENT/CREDIT_OR_DEBIT_CARD' is not checked (Root cause: com.kms.katalon.core.exception.StepFailedException: Object 'Object Repository/SEARCH_PAYMENT/CREDIT_OR_DEBIT_CARD' is not checked
	at com.kms.katalon.core.webui.keyword.internal.WebUIKeywordMain.stepFailed(WebUIKeywordMain.groovy:64)
	at com.kms.katalon.core.webui.keyword.builtin.VerifyElementCheckedKeyword$_verifyElementChecked_closure1.doCall(VerifyElementCheckedKeyword.groovy:81)
	at com.kms.katalon.core.webui.keyword.builtin.VerifyElementCheckedKeyword$_verifyElementChecked_closure1.call(VerifyElementCheckedKeyword.groovy)
	at com.kms.katalon.core.webui.keyword.internal.WebUIKeywordMain.runKeyword(WebUIKeywordMain.groovy:20)
	at com.kms.katalon.core.webui.keyword.builtin.VerifyElementCheckedKeyword.verifyElementChecked(VerifyElementCheckedKeyword.groovy:92)
	at com.kms.katalon.core.webui.keyword.builtin.VerifyElementCheckedKeyword.execute(VerifyElementCheckedKeyword.groovy:68)
	at com.kms.katalon.core.keyword.internal.KeywordExecutor.executeKeywordForPlatform(KeywordExecutor.groovy:72)
	at com.kms.katalon.core.webui.keyword.WebUiBuiltInKeywords.verifyElementChecked(WebUiBuiltInKeywords.groovy:1352)
	at com.kms.katalon.core.webui.keyword.WebUiBuiltInKeywords$verifyElementChecked$15.call(Unknown Source)
	at pages.Search_Page.setSearchDetails(Search_Page.groovy:39)
	at pages.Search_Page.invokeMethod(Search_Page.groovy)
	at com.kms.katalon.core.main.CustomKeywordDelegatingMetaClass.invokeStaticMethod(CustomKeywordDelegatingMetaClass.java:50)
	at TC_006_Echeck_Savings_MultiLine_Payment.run(TC_006_Echeck_Savings_MultiLine_Payment:128)
	at com.kms.katalon.core.main.ScriptEngine.run(ScriptEngine.java:194)
	at com.kms.katalon.core.main.ScriptEngine.runScriptAsRawText(ScriptEngine.java:119)
	at com.kms.katalon.core.main.TestCaseExecutor.runScript(TestCaseExecutor.java:337)
	at com.kms.katalon.core.main.TestCaseExecutor.doExecute(TestCaseExecutor.java:328)
	at com.kms.katalon.core.main.TestCaseExecutor.processExecutionPhase(TestCaseExecutor.java:307)
	at com.kms.katalon.core.main.TestCaseExecutor.accessMainPhase(TestCaseExecutor.java:299)
	at com.kms.katalon.core.main.TestCaseExecutor.execute(TestCaseExecutor.java:233)
	at com.kms.katalon.core.main.TestSuiteExecutor.accessTestCaseMainPhase(TestSuiteExecutor.java:169)
	at com.kms.katalon.core.main.TestSuiteExecutor.accessTestSuiteMainPhase(TestSuiteExecutor.java:142)
	at com.kms.katalon.core.main.TestSuiteExecutor.execute(TestSuiteExecutor.java:91)
	at com.kms.katalon.core.main.TestCaseMain.startTestSuite(TestCaseMain.java:157)
	at com.kms.katalon.core.main.TestCaseMain$startTestSuite$0.call(Unknown Source)
	at TempTestSuite1603092624108.run(TempTestSuite1603092624108.groovy:36)
)
[[ATTACHMENT|E:\\Sush_Certpay\\Reports\\20201019_130024\\Certpay_testSuite\\Consumer_Payment_Making\\20201019_130024\\1603093624746.png]]

2020-10-19 13:17:05 - [MESSAGE][PASSED] - Object 'Object Repository/SEARCH_PAYMENT/ACC_NUMBER' is present

2020-10-19 13:17:05 - [MESSAGE][PASSED] - Object 'Object Repository/SEARCH_PAYMENT/ACC_NUMBER' is visible

2020-10-19 13:17:06 - [MESSAGE][PASSED] - Object 'Object Repository/SEARCH_PAYMENT/ACC_NUMBER' is present

2020-10-19 13:17:07 - [MESSAGE][PASSED] - Text '456789' is set on object 'Object Repository/SEARCH_PAYMENT/ACC_NUMBER'

2020-10-19 13:17:07 - [MESSAGE][PASSED] - Consumer_Payment_Making.ts:Entered'456789 into Acc num

2020-10-19 13:17:07 - [MESSAGE][PASSED] - Acc num enterd

2020-10-19 13:17:07 - [TEST_STEP][PASSED] - utilities.SafeActions.safeClick(findTestObject("SEARCH_PAYMENT/SEARCH_BUTTON"), "Search", [pageLoadTime]): Consumer_Payment_Making.ts:Clicked on the Search

2020-10-19 13:17:07 - [MESSAGE][INFO] - safeClicking

2020-10-19 13:17:07 - [MESSAGE][PASSED] - Object 'Object Repository/SEARCH_PAYMENT/SEARCH_BUTTON' is present

2020-10-19 13:17:08 - [MESSAGE][PASSED] - Object 'Object Repository/SEARCH_PAYMENT/SEARCH_BUTTON' is clickable

2020-10-19 13:17:27 - [MESSAGE][PASSED] - Object: 'Object Repository/SEARCH_PAYMENT/SEARCH_BUTTON' is clicked on

2020-10-19 13:17:27 - [MESSAGE][PASSED] - Consumer_Payment_Making.ts:Clicked on the Search

2020-10-19 13:17:27 - [TEST_STEP][PASSED] - pages.Payment_Page.verifyPaymentDetailsInReceipt(PaymentID): pages.Payment_Page.verifyPaymentDetailsInReceipt is PASSED

2020-10-19 13:17:29 - [MESSAGE][PASSED] - Text of object 'Object Repository/SEARCH_PAYMENT/REFERNCE_NUM' is: '11'

2020-10-19 13:17:30 - [MESSAGE][PASSED] - Text of object 'Object Repository/SEARCH_PAYMENT/PAYMENT_ID' is: '100176131628'

2020-10-19 13:17:30 - [MESSAGE][PASSED] - pages.Payment_Page.verifyPaymentDetailsInReceipt is PASSED

2020-10-19 13:17:30 - [TEST_STEP][PASSED] - utilities.SafeActions.safeClick(findTestObject("SEARCH_PAYMENT/SEARCH_ ICON"), "SearchIcon", [pageLoadTime]): Consumer_Payment_Making.ts:Clicked on the SearchIcon

2020-10-19 13:17:30 - [MESSAGE][INFO] - safeClicking

2020-10-19 13:17:30 - [MESSAGE][PASSED] - Object 'Object Repository/SEARCH_PAYMENT/SEARCH_ ICON' is present

2020-10-19 13:17:30 - [MESSAGE][PASSED] - Object 'Object Repository/SEARCH_PAYMENT/SEARCH_ ICON' is clickable

2020-10-19 13:17:32 - [MESSAGE][PASSED] - Object: 'Object Repository/SEARCH_PAYMENT/SEARCH_ ICON' is clicked on

2020-10-19 13:17:32 - [MESSAGE][PASSED] - Consumer_Payment_Making.ts:Clicked on the SearchIcon

2020-10-19 13:17:32 - [TEST_STEP][PASSED] - delay(2): Delayed 2 second(s)

2020-10-19 13:17:34 - [MESSAGE][PASSED] - Delayed 2 second(s)

2020-10-19 13:17:34 - [TEST_STEP][PASSED] - scrollToElement(findTestObject("SEARCH_PAYMENT/CLOSE_BUTTON"), 30): Scroll to object 'Object Repository/SEARCH_PAYMENT/CLOSE_BUTTON' successfully

2020-10-19 13:17:34 - [MESSAGE][PASSED] - Scroll to object 'Object Repository/SEARCH_PAYMENT/CLOSE_BUTTON' successfully

2020-10-19 13:17:34 - [TEST_STEP][PASSED] - utilities.SafeActions.safeClick(findTestObject("SEARCH_PAYMENT/EMAIL_ RECEIPT"), "Email Receipt", [pageLoadTime]): Consumer_Payment_Making.ts:Clicked on the Email Receipt

2020-10-19 13:17:34 - [MESSAGE][INFO] - safeClicking

2020-10-19 13:17:34 - [MESSAGE][PASSED] - Object 'Object Repository/SEARCH_PAYMENT/EMAIL_ RECEIPT' is present

2020-10-19 13:17:35 - [MESSAGE][PASSED] - Object 'Object Repository/SEARCH_PAYMENT/EMAIL_ RECEIPT' is clickable

2020-10-19 13:17:36 - [MESSAGE][PASSED] - Object: 'Object Repository/SEARCH_PAYMENT/EMAIL_ RECEIPT' is clicked on

2020-10-19 13:17:36 - [MESSAGE][PASSED] - Consumer_Payment_Making.ts:Clicked on the Email Receipt

2020-10-19 13:17:36 - [TEST_STEP][PASSED] - utilities.SafeActions.safeClick(findTestObject("SEARCH_PAYMENT/SEND_ EMAIL_BUTTON"), "Send Email", [pageLoadTime]): Consumer_Payment_Making.ts:Clicked on the Send Email

2020-10-19 13:17:36 - [MESSAGE][INFO] - safeClicking

2020-10-19 13:17:37 - [MESSAGE][PASSED] - Object 'Object Repository/SEARCH_PAYMENT/SEND_ EMAIL_BUTTON' is present

2020-10-19 13:17:37 - [MESSAGE][PASSED] - Object 'Object Repository/SEARCH_PAYMENT/SEND_ EMAIL_BUTTON' is clickable

2020-10-19 13:17:38 - [MESSAGE][PASSED] - Object: 'Object Repository/SEARCH_PAYMENT/SEND_ EMAIL_BUTTON' is clicked on

2020-10-19 13:17:38 - [MESSAGE][PASSED] - Consumer_Payment_Making.ts:Clicked on the Send Email

2020-10-19 13:17:38 - [TEST_STEP][PASSED] - Start listener action : afterTestCase: Browser is closed

2020-10-19 13:17:38 - [TEST_STEP][PASSED] - closeBrowser(): Browser is closed

2020-10-19 13:17:39 - [MESSAGE][PASSED] - Browser is closed]]></system-out>
         <system-err><![CDATA[]]></system-err>
      </testcase>
      <system-out><![CDATA[2020-10-19 13:00:37 - [TEST_SUITE][PASSED] - Consumer_Payment_Making: Test Cases/Consumer_Make_Payment/TC_006_Echeck_Savings_MultiLine_Payment]]></system-out>
      <system-err><![CDATA[]]></system-err>
   </testsuite>
</testsuites>
