<?xml version="1.0" encoding="UTF-8"?>
<testsuites name="Quicksti_Master" time="417.853" tests="1" failures="1" errors="0">
   <testsuite name="Quicksti_Master" tests="1" failures="1" errors="0" time="417.853" timestamp="2020-11-02 13:54:41" hostname="dell - dell-PC" id="Test Suites/Certpay_testSuite_New/Quicksti_Master">
      <properties>
         <property name="deviceName" value=""/>
         <property name="devicePlatform" value=""/>
         <property name="logFolder" value="D:\\Sush_Certpay\\Reports\\20201102_135437\\Certpay_testSuite_New\\Quicksti_Master\\20201102_135437"/>
         <property name="logFiles" value="D:\\Sush_Certpay\\Reports\\20201102_135437\\Certpay_testSuite_New\\Quicksti_Master\\20201102_135437\\execution0.log"/>
         <property name="attachments" value=""/>
         <property name="hostName" value="dell - dell-PC"/>
         <property name="os" value="Windows 7 64bit"/>
         <property name="katalonVersion" value="7.2.6.1"/>
         <property name="browser" value="Chrome 86.0.4240.111"/>
         <property name="hostAddress" value="172.31.253.239"/>
         <property name="sessionId" value="5a97ba46425c78ddb9f8dc30582fad52"/>
         <property name="seleniumVersion" value="3.141.59"/>
         <property name="proxyInformation" value="ProxyInformation{proxyOption=NO_PROXY, proxyServerType=HTTP, password=, proxyServerAddress=, proxyServerPort=0, executionList=}"/>
         <property name="platform" value="Windows 7"/>
      </properties>
      <testcase name="Test Cases/Certpay_Quicksti_New/TC_002_SingleBureauSite_SingleLinePayment_Master" time="417.34" classname="Test Cases/Certpay_Quicksti_New/TC_002_SingleBureauSite_SingleLinePayment_Master" status="FAILED">
         <failure type="FAILED" message="Test Cases/Certpay_Quicksti_New/TC_002_SingleBureauSite_SingleLinePayment_Master FAILED.
Reason:
com.kms.katalon.core.exception.StepFailedException: Actual text 'Tester 3.79978E+14' and expected text 'Tester 3.79978E+14' are not matched using regular expression
	at com.kms.katalon.core.keyword.builtin.VerifyMatchKeyword$_verifyMatch_closure1.doCall(VerifyMatchKeyword.groovy:57)
	at com.kms.katalon.core.keyword.builtin.VerifyMatchKeyword$_verifyMatch_closure1.call(VerifyMatchKeyword.groovy)
	at com.kms.katalon.core.keyword.internal.KeywordMain.runKeyword(KeywordMain.groovy:68)
	at com.kms.katalon.core.keyword.builtin.VerifyMatchKeyword.verifyMatch(VerifyMatchKeyword.groovy:60)
	at com.kms.katalon.core.keyword.builtin.VerifyMatchKeyword.execute(VerifyMatchKeyword.groovy:45)
	at com.kms.katalon.core.keyword.internal.KeywordExecutor.executeKeywordForPlatform(KeywordExecutor.groovy:72)
	at com.kms.katalon.core.keyword.BuiltinKeywords.verifyMatch(BuiltinKeywords.groovy:55)
	at pages.Quicksti.verifyUserPaymentDetails(Quicksti.groovy:113)
	at pages.Quicksti.invokeMethod(Quicksti.groovy)
	at com.kms.katalon.core.main.CustomKeywordDelegatingMetaClass.invokeStaticMethod(CustomKeywordDelegatingMetaClass.java:50)
	at TC_002_SingleBureauSite_SingleLinePayment_Master.run(TC_002_SingleBureauSite_SingleLinePayment_Master:101)
	at com.kms.katalon.core.main.ScriptEngine.run(ScriptEngine.java:194)
	at com.kms.katalon.core.main.ScriptEngine.runScriptAsRawText(ScriptEngine.java:119)
	at com.kms.katalon.core.main.TestCaseExecutor.runScript(TestCaseExecutor.java:337)
	at com.kms.katalon.core.main.TestCaseExecutor.doExecute(TestCaseExecutor.java:328)
	at com.kms.katalon.core.main.TestCaseExecutor.processExecutionPhase(TestCaseExecutor.java:307)
	at com.kms.katalon.core.main.TestCaseExecutor.accessMainPhase(TestCaseExecutor.java:299)
	at com.kms.katalon.core.main.TestCaseExecutor.execute(TestCaseExecutor.java:233)
	at com.kms.katalon.core.main.TestSuiteExecutor.accessTestCaseMainPhase(TestSuiteExecutor.java:169)
	at com.kms.katalon.core.main.TestSuiteExecutor.accessTestSuiteMainPhase(TestSuiteExecutor.java:142)
	at com.kms.katalon.core.main.TestSuiteExecutor.execute(TestSuiteExecutor.java:91)
	at com.kms.katalon.core.main.TestCaseMain.startTestSuite(TestCaseMain.java:157)
	at com.kms.katalon.core.main.TestCaseMain$startTestSuite$0.call(Unknown Source)
	at TempTestSuite1604305477578.run(TempTestSuite1604305477578.groovy:36)
"/>
         <system-out><![CDATA[2020-11-02 13:54:41 - [TEST_CASE][FAILED] - Test Cases/Certpay_Quicksti_New/TC_002_SingleBureauSite_SingleLinePayment_Master: Test Cases/Certpay_Quicksti_New/TC_002_SingleBureauSite_SingleLinePayment_Master FAILED.
Reason:
com.kms.katalon.core.exception.StepFailedException: Actual text 'Tester 3.79978E+14' and expected text 'Tester 3.79978E+14' are not matched using regular expression
	at com.kms.katalon.core.keyword.builtin.VerifyMatchKeyword$_verifyMatch_closure1.doCall(VerifyMatchKeyword.groovy:57)
	at com.kms.katalon.core.keyword.builtin.VerifyMatchKeyword$_verifyMatch_closure1.call(VerifyMatchKeyword.groovy)
	at com.kms.katalon.core.keyword.internal.KeywordMain.runKeyword(KeywordMain.groovy:68)
	at com.kms.katalon.core.keyword.builtin.VerifyMatchKeyword.verifyMatch(VerifyMatchKeyword.groovy:60)
	at com.kms.katalon.core.keyword.builtin.VerifyMatchKeyword.execute(VerifyMatchKeyword.groovy:45)
	at com.kms.katalon.core.keyword.internal.KeywordExecutor.executeKeywordForPlatform(KeywordExecutor.groovy:72)
	at com.kms.katalon.core.keyword.BuiltinKeywords.verifyMatch(BuiltinKeywords.groovy:55)
	at pages.Quicksti.verifyUserPaymentDetails(Quicksti.groovy:113)
	at pages.Quicksti.invokeMethod(Quicksti.groovy)
	at com.kms.katalon.core.main.CustomKeywordDelegatingMetaClass.invokeStaticMethod(CustomKeywordDelegatingMetaClass.java:50)
	at TC_002_SingleBureauSite_SingleLinePayment_Master.run(TC_002_SingleBureauSite_SingleLinePayment_Master:101)
	at com.kms.katalon.core.main.ScriptEngine.run(ScriptEngine.java:194)
	at com.kms.katalon.core.main.ScriptEngine.runScriptAsRawText(ScriptEngine.java:119)
	at com.kms.katalon.core.main.TestCaseExecutor.runScript(TestCaseExecutor.java:337)
	at com.kms.katalon.core.main.TestCaseExecutor.doExecute(TestCaseExecutor.java:328)
	at com.kms.katalon.core.main.TestCaseExecutor.processExecutionPhase(TestCaseExecutor.java:307)
	at com.kms.katalon.core.main.TestCaseExecutor.accessMainPhase(TestCaseExecutor.java:299)
	at com.kms.katalon.core.main.TestCaseExecutor.execute(TestCaseExecutor.java:233)
	at com.kms.katalon.core.main.TestSuiteExecutor.accessTestCaseMainPhase(TestSuiteExecutor.java:169)
	at com.kms.katalon.core.main.TestSuiteExecutor.accessTestSuiteMainPhase(TestSuiteExecutor.java:142)
	at com.kms.katalon.core.main.TestSuiteExecutor.execute(TestSuiteExecutor.java:91)
	at com.kms.katalon.core.main.TestCaseMain.startTestSuite(TestCaseMain.java:157)
	at com.kms.katalon.core.main.TestCaseMain$startTestSuite$0.call(Unknown Source)
	at TempTestSuite1604305477578.run(TempTestSuite1604305477578.groovy:36)


2020-11-02 13:54:42 - [TEST_STEP][PASSED] - Start listener action : beforeTestCase: null

2020-11-02 13:54:43 - [TEST_STEP][PASSED] - data = findTestData("Data Files/Certpay/SingleBureau_SingleLine_Master"): null

2020-11-02 13:54:44 - [TEST_STEP][PASSED] - paymentIdList = []: null

2020-11-02 13:54:44 - [TEST_STEP][FAILED] - for (def index : (1..data.getRowNumbers())): Actual text 'Tester 3.79978E+14' and expected text 'Tester 3.79978E+14' are not matched using regular expression

2020-11-02 13:54:44 - [TEST_STEP][PASSED] - firstName = data.getValue("FirstName", index): null

2020-11-02 13:54:44 - [TEST_STEP][PASSED] - lastName = data.getValue("LastName", index): null

2020-11-02 13:54:44 - [TEST_STEP][PASSED] - expMonth = data.getValue("ExpMonth", index): null

2020-11-02 13:54:44 - [TEST_STEP][PASSED] - expYear = data.getValue("ExpYear", index): null

2020-11-02 13:54:44 - [TEST_STEP][PASSED] - securityCode = data.getValue("SecurityCode", index): null

2020-11-02 13:54:44 - [TEST_STEP][PASSED] - paymentAmount = data.getValue("PaymentAmount", index): null

2020-11-02 13:54:44 - [TEST_STEP][PASSED] - paymentType = data.getValue("PaymentType", index): null

2020-11-02 13:54:44 - [TEST_STEP][PASSED] - quantity = data.getValue("Quantity", index): null

2020-11-02 13:54:44 - [TEST_STEP][PASSED] - comments = data.getValue("Comments", index): null

2020-11-02 13:54:44 - [TEST_STEP][PASSED] - referenceNum = data.getValue("ReferenceNum", index): null

2020-11-02 13:54:44 - [TEST_STEP][PASSED] - address = data.getValue("Address", index): null

2020-11-02 13:54:44 - [TEST_STEP][PASSED] - zipCode = data.getValue("Zipcode", index): null

2020-11-02 13:54:44 - [TEST_STEP][PASSED] - telephone = data.getValue("Telephone", index): null

2020-11-02 13:54:44 - [TEST_STEP][PASSED] - emailAddress = data.getValue("EmailAddress", index): null

2020-11-02 13:54:44 - [TEST_STEP][PASSED] - cardNum = data.getValue("CardNumber", index): null

2020-11-02 13:54:44 - [TEST_STEP][PASSED] - cardType = data.getValue("CardType", index): null

2020-11-02 13:54:44 - [TEST_STEP][PASSED] - utilities.SafeActions.openBrowser(Quicksti_Url, [pageLoadTime]): Browser launched successfully

2020-11-02 13:54:44 - [MESSAGE][INFO] - Opening Browser

2020-11-02 13:54:45 - [MESSAGE][INFO] - Starting 'Chrome' driver

2020-11-02 13:54:45 - [MESSAGE][INFO] - Action delay is set to 0 seconds

2020-11-02 13:54:55 - [MESSAGE][PASSED] - Browser is opened with url: 'https://qa-certpayquicksti.faps.net/'

2020-11-02 13:54:57 - [MESSAGE][PASSED] - Current window maximized

2020-11-02 13:54:57 - [MESSAGE][PASSED] - Browser launched successfully

2020-11-02 13:54:57 - [TEST_STEP][PASSED] - utilities.SafeActions.safeType(findTestObject("CERTPAY_QUICKSTI/Login_ Page/BUREAU_CODE"), bureau_code, "Bureau code", [pageLoadTime]): Quicksti_Master.ts:Entered'6100000 into Bureau code

2020-11-02 13:54:57 - [MESSAGE][PASSED] - Object 'Object Repository/CERTPAY_QUICKSTI/Login_ Page/BUREAU_CODE' is present

2020-11-02 13:54:58 - [MESSAGE][PASSED] - Object 'Object Repository/CERTPAY_QUICKSTI/Login_ Page/BUREAU_CODE' is visible

2020-11-02 13:54:58 - [MESSAGE][PASSED] - Object 'Object Repository/CERTPAY_QUICKSTI/Login_ Page/BUREAU_CODE' is present

2020-11-02 13:54:59 - [MESSAGE][PASSED] - Text '6100000' is set on object 'Object Repository/CERTPAY_QUICKSTI/Login_ Page/BUREAU_CODE'

2020-11-02 13:54:59 - [MESSAGE][PASSED] - Quicksti_Master.ts:Entered'6100000 into Bureau code

2020-11-02 13:54:59 - [TEST_STEP][PASSED] - utilities.SafeActions.safeType(findTestObject("CERTPAY_QUICKSTI/Login_ Page/TELLER_ID"), teller_id, "Bureau code", [pageLoadTime]): Quicksti_Master.ts:Entered'zenq into Bureau code

2020-11-02 13:55:00 - [MESSAGE][PASSED] - Object 'Object Repository/CERTPAY_QUICKSTI/Login_ Page/TELLER_ID' is present

2020-11-02 13:55:00 - [MESSAGE][PASSED] - Object 'Object Repository/CERTPAY_QUICKSTI/Login_ Page/TELLER_ID' is visible

2020-11-02 13:55:00 - [MESSAGE][PASSED] - Object 'Object Repository/CERTPAY_QUICKSTI/Login_ Page/TELLER_ID' is present

2020-11-02 13:55:02 - [MESSAGE][PASSED] - Text 'zenq' is set on object 'Object Repository/CERTPAY_QUICKSTI/Login_ Page/TELLER_ID'

2020-11-02 13:55:02 - [MESSAGE][PASSED] - Quicksti_Master.ts:Entered'zenq into Bureau code

2020-11-02 13:55:02 - [TEST_STEP][PASSED] - utilities.SafeActions.safeClick(findTestObject("CERTPAY_QUICKSTI/Login_ Page/NEXT_BUTTON"), "Next button", [pageLoadTime]): Quicksti_Master.ts:Clicked on the Next button

2020-11-02 13:55:02 - [MESSAGE][INFO] - safeClicking

2020-11-02 13:55:02 - [MESSAGE][PASSED] - Object 'Object Repository/CERTPAY_QUICKSTI/Login_ Page/NEXT_BUTTON' is present

2020-11-02 13:55:02 - [MESSAGE][PASSED] - Object 'Object Repository/CERTPAY_QUICKSTI/Login_ Page/NEXT_BUTTON' is clickable

2020-11-02 13:55:06 - [MESSAGE][PASSED] - Object: 'Object Repository/CERTPAY_QUICKSTI/Login_ Page/NEXT_BUTTON' is clicked on

2020-11-02 13:55:06 - [MESSAGE][PASSED] - Quicksti_Master.ts:Clicked on the Next button

2020-11-02 13:55:06 - [TEST_STEP][PASSED] - utilities.SafeActions.safeClick(findTestObject("CERTPAY_QUICKSTI/Payment_Information_Page/MANUAL_ENTRY_BUTTON"), "ManualEntry", [pageLoadTime]): Quicksti_Master.ts:Clicked on the ManualEntry

2020-11-02 13:55:06 - [MESSAGE][INFO] - safeClicking

2020-11-02 13:55:06 - [MESSAGE][PASSED] - Object 'Object Repository/CERTPAY_QUICKSTI/Payment_Information_Page/MANUAL_ENTRY_BUTTON' is present

2020-11-02 13:55:06 - [MESSAGE][PASSED] - Object 'Object Repository/CERTPAY_QUICKSTI/Payment_Information_Page/MANUAL_ENTRY_BUTTON' is clickable

2020-11-02 13:55:09 - [MESSAGE][PASSED] - Object: 'Object Repository/CERTPAY_QUICKSTI/Payment_Information_Page/MANUAL_ENTRY_BUTTON' is clicked on

2020-11-02 13:55:09 - [MESSAGE][PASSED] - Quicksti_Master.ts:Clicked on the ManualEntry

2020-11-02 13:55:09 - [TEST_STEP][PASSED] - CardNumber = pages.Quicksti.setUserPaymentDetails(firstName, lastName, cardNum): Quicksti_Master.ts:Entered'5377890721177275 into CardNum

2020-11-02 13:55:10 - [MESSAGE][PASSED] - Object 'Object Repository/CERTPAY_QUICKSTI/Payment_Information_Page/FIRST_NAME' is present

2020-11-02 13:55:10 - [MESSAGE][PASSED] - Object 'Object Repository/CERTPAY_QUICKSTI/Payment_Information_Page/FIRST_NAME' is visible

2020-11-02 13:55:10 - [MESSAGE][PASSED] - Object 'Object Repository/CERTPAY_QUICKSTI/Payment_Information_Page/FIRST_NAME' is present

2020-11-02 13:55:11 - [MESSAGE][PASSED] - Text 'Tester' is set on object 'Object Repository/CERTPAY_QUICKSTI/Payment_Information_Page/FIRST_NAME'

2020-11-02 13:55:11 - [MESSAGE][PASSED] - Quicksti_Master.ts:Entered'Tester into FirstName

2020-11-02 13:55:12 - [MESSAGE][PASSED] - Object 'Object Repository/CERTPAY_QUICKSTI/Payment_Information_Page/LAST_NAME' is present

2020-11-02 13:55:12 - [MESSAGE][PASSED] - Object 'Object Repository/CERTPAY_QUICKSTI/Payment_Information_Page/LAST_NAME' is visible

2020-11-02 13:55:13 - [MESSAGE][PASSED] - Object 'Object Repository/CERTPAY_QUICKSTI/Payment_Information_Page/LAST_NAME' is present

2020-11-02 13:55:14 - [MESSAGE][PASSED] - Text 'Zenq1' is set on object 'Object Repository/CERTPAY_QUICKSTI/Payment_Information_Page/LAST_NAME'

2020-11-02 13:55:14 - [MESSAGE][PASSED] - Quicksti_Master.ts:Entered'Zenq1 into LAstName

2020-11-02 13:55:14 - [MESSAGE][PASSED] - Object 'Object Repository/CERTPAY_QUICKSTI/Payment_Information_Page/CARD_NUMBER' is present

2020-11-02 13:55:14 - [MESSAGE][PASSED] - Object 'Object Repository/CERTPAY_QUICKSTI/Payment_Information_Page/CARD_NUMBER' is visible

2020-11-02 13:55:15 - [MESSAGE][PASSED] - Object 'Object Repository/CERTPAY_QUICKSTI/Payment_Information_Page/CARD_NUMBER' is present

2020-11-02 13:55:16 - [MESSAGE][PASSED] - Text '5377890721177275' is set on object 'Object Repository/CERTPAY_QUICKSTI/Payment_Information_Page/CARD_NUMBER'

2020-11-02 13:55:16 - [MESSAGE][PASSED] - Quicksti_Master.ts:Entered'5377890721177275 into CardNum

2020-11-02 13:55:16 - [TEST_STEP][PASSED] - utilities.SafeActions.safeSelectOptionInDropdownByVisibleText(findTestObject("CERTPAY_QUICKSTI/Payment_Information_Page/PAYMENT_TYPE"), paymentType, "paymentType", [pageLoadTime]): selected dropdown option by visible text  Taxesfrom paymentType

2020-11-02 13:55:16 - [MESSAGE][PASSED] - Object 'Object Repository/CERTPAY_QUICKSTI/Payment_Information_Page/PAYMENT_TYPE' is visible

2020-11-02 13:55:17 - [MESSAGE][PASSED] - Object 'Object Repository/CERTPAY_QUICKSTI/Payment_Information_Page/PAYMENT_TYPE' is present

2020-11-02 13:55:18 - [MESSAGE][PASSED] - Object: 'Object Repository/CERTPAY_QUICKSTI/Payment_Information_Page/PAYMENT_TYPE' is clicked on

2020-11-02 13:55:19 - [MESSAGE][PASSED] - All options with label 'Taxes' are selected in object 'Object Repository/CERTPAY_QUICKSTI/Payment_Information_Page/PAYMENT_TYPE'  using regular expression

2020-11-02 13:55:19 - [MESSAGE][PASSED] - selected dropdown option by visible text  Taxesfrom paymentType

2020-11-02 13:55:19 - [TEST_STEP][PASSED] - pages.Quicksti.setExpDate(expMonth, expYear, securityCode): Quicksti_Master.ts:Entered'207 into securityCode

2020-11-02 13:55:19 - [MESSAGE][PASSED] - Object 'Object Repository/CERTPAY_QUICKSTI/Payment_Information_Page/EXP_MONTH' is visible

2020-11-02 13:55:19 - [MESSAGE][PASSED] - Object 'Object Repository/CERTPAY_QUICKSTI/Payment_Information_Page/EXP_MONTH' is present

2020-11-02 13:55:21 - [MESSAGE][PASSED] - Object: 'Object Repository/CERTPAY_QUICKSTI/Payment_Information_Page/EXP_MONTH' is clicked on

2020-11-02 13:55:22 - [MESSAGE][PASSED] - All options with label '03' are selected in object 'Object Repository/CERTPAY_QUICKSTI/Payment_Information_Page/EXP_MONTH'  using regular expression

2020-11-02 13:55:22 - [MESSAGE][PASSED] - selected dropdown option by visible text  03from expMonth

2020-11-02 13:55:22 - [MESSAGE][PASSED] - Object 'Object Repository/CERTPAY_QUICKSTI/Payment_Information_Page/EXP_YEAR' is visible

2020-11-02 13:55:22 - [MESSAGE][PASSED] - Object 'Object Repository/CERTPAY_QUICKSTI/Payment_Information_Page/EXP_YEAR' is present

2020-11-02 13:55:24 - [MESSAGE][PASSED] - Object: 'Object Repository/CERTPAY_QUICKSTI/Payment_Information_Page/EXP_YEAR' is clicked on

2020-11-02 13:55:25 - [MESSAGE][PASSED] - All options with label '2022' are selected in object 'Object Repository/CERTPAY_QUICKSTI/Payment_Information_Page/EXP_YEAR'  using regular expression

2020-11-02 13:55:25 - [MESSAGE][PASSED] - selected dropdown option by visible text  2022from  expYear

2020-11-02 13:55:25 - [MESSAGE][PASSED] - Object 'Object Repository/CERTPAY_QUICKSTI/Payment_Information_Page/SECURITY_CODE' is present

2020-11-02 13:55:26 - [MESSAGE][PASSED] - Object 'Object Repository/CERTPAY_QUICKSTI/Payment_Information_Page/SECURITY_CODE' is visible

2020-11-02 13:55:26 - [MESSAGE][PASSED] - Object 'Object Repository/CERTPAY_QUICKSTI/Payment_Information_Page/SECURITY_CODE' is present

2020-11-02 13:55:27 - [MESSAGE][PASSED] - Text '207' is set on object 'Object Repository/CERTPAY_QUICKSTI/Payment_Information_Page/SECURITY_CODE'

2020-11-02 13:55:27 - [MESSAGE][PASSED] - Quicksti_Master.ts:Entered'207 into securityCode

2020-11-02 13:55:27 - [TEST_STEP][PASSED] - pages.Quicksti.setPaymentAmountDetailsForSinglePayment(paymentAmount, quantity): Quicksti_Master.ts:Entered'1 into Quantity

2020-11-02 13:55:28 - [MESSAGE][PASSED] - Object 'Object Repository/CERTPAY_QUICKSTI/Payment_Information_Page/PAYMENT_AMOUNT' is present

2020-11-02 13:55:28 - [MESSAGE][PASSED] - Object 'Object Repository/CERTPAY_QUICKSTI/Payment_Information_Page/PAYMENT_AMOUNT' is visible

2020-11-02 13:55:28 - [MESSAGE][PASSED] - Object 'Object Repository/CERTPAY_QUICKSTI/Payment_Information_Page/PAYMENT_AMOUNT' is present

2020-11-02 13:55:29 - [MESSAGE][PASSED] - Text '20.00' is set on object 'Object Repository/CERTPAY_QUICKSTI/Payment_Information_Page/PAYMENT_AMOUNT'

2020-11-02 13:55:29 - [MESSAGE][PASSED] - Quicksti_Master.ts:Entered'20.00 into amount

2020-11-02 13:55:30 - [MESSAGE][PASSED] - Object 'Object Repository/CERTPAY_QUICKSTI/Payment_Information_Page/QUANTITY' is present

2020-11-02 13:55:30 - [MESSAGE][PASSED] - Object 'Object Repository/CERTPAY_QUICKSTI/Payment_Information_Page/QUANTITY' is visible

2020-11-02 13:55:31 - [MESSAGE][PASSED] - Object 'Object Repository/CERTPAY_QUICKSTI/Payment_Information_Page/QUANTITY' is present

2020-11-02 13:55:32 - [MESSAGE][PASSED] - Text '1' is set on object 'Object Repository/CERTPAY_QUICKSTI/Payment_Information_Page/QUANTITY'

2020-11-02 13:55:32 - [MESSAGE][PASSED] - Quicksti_Master.ts:Entered'1 into Quantity

2020-11-02 13:55:32 - [TEST_STEP][PASSED] - utilities.SafeActions.safeType(findTestObject("CERTPAY_QUICKSTI/Payment_Information_Page/REFRENCE_NUMBER"), referenceNum, "Reference Number", [pageLoadTime]): Quicksti_Master.ts:Entered'11 into Reference Number

2020-11-02 13:55:32 - [MESSAGE][PASSED] - Object 'Object Repository/CERTPAY_QUICKSTI/Payment_Information_Page/REFRENCE_NUMBER' is present

2020-11-02 13:55:33 - [MESSAGE][PASSED] - Object 'Object Repository/CERTPAY_QUICKSTI/Payment_Information_Page/REFRENCE_NUMBER' is visible

2020-11-02 13:55:33 - [MESSAGE][PASSED] - Object 'Object Repository/CERTPAY_QUICKSTI/Payment_Information_Page/REFRENCE_NUMBER' is present

2020-11-02 13:55:34 - [MESSAGE][PASSED] - Text '11' is set on object 'Object Repository/CERTPAY_QUICKSTI/Payment_Information_Page/REFRENCE_NUMBER'

2020-11-02 13:55:34 - [MESSAGE][PASSED] - Quicksti_Master.ts:Entered'11 into Reference Number

2020-11-02 13:55:34 - [TEST_STEP][PASSED] - amount_Value = pages.Quicksti.getAttributeValue(findTestObject("CERTPAY_QUICKSTI/Payment_Information_Page/SUB_TOTAL")): pages.Quicksti.getAttributeValue is PASSED

2020-11-02 13:55:35 - [MESSAGE][PASSED] - Attribute 'value' of object 'Object Repository/CERTPAY_QUICKSTI/Payment_Information_Page/SUB_TOTAL' is: '20.00'

2020-11-02 13:55:35 - [MESSAGE][PASSED] - pages.Quicksti.getAttributeValue is PASSED

2020-11-02 13:55:35 - [TEST_STEP][PASSED] - utilities.SafeActions.safeType(findTestObject("CERTPAY_QUICKSTI/Payment_Information_Page/COMMENTS"), "Testing", "Comments", [pageLoadTime]): Quicksti_Master.ts:Entered'Testing into Comments

2020-11-02 13:55:35 - [MESSAGE][PASSED] - Object 'Object Repository/CERTPAY_QUICKSTI/Payment_Information_Page/COMMENTS' is present

2020-11-02 13:55:35 - [MESSAGE][PASSED] - Object 'Object Repository/CERTPAY_QUICKSTI/Payment_Information_Page/COMMENTS' is visible

2020-11-02 13:55:36 - [MESSAGE][PASSED] - Object 'Object Repository/CERTPAY_QUICKSTI/Payment_Information_Page/COMMENTS' is present

2020-11-02 13:55:37 - [MESSAGE][PASSED] - Text 'Testing' is set on object 'Object Repository/CERTPAY_QUICKSTI/Payment_Information_Page/COMMENTS'

2020-11-02 13:55:37 - [MESSAGE][PASSED] - Quicksti_Master.ts:Entered'Testing into Comments

2020-11-02 13:55:37 - [TEST_STEP][PASSED] - utilities.SafeActions.safeType(findTestObject("CERTPAY_QUICKSTI/Payment_Information_Page/ADDRESS"), address, "Address", [pageLoadTime]): Quicksti_Master.ts:Entered'14-2 into Address

2020-11-02 13:55:37 - [MESSAGE][PASSED] - Object 'Object Repository/CERTPAY_QUICKSTI/Payment_Information_Page/ADDRESS' is present

2020-11-02 13:55:37 - [MESSAGE][PASSED] - Object 'Object Repository/CERTPAY_QUICKSTI/Payment_Information_Page/ADDRESS' is visible

2020-11-02 13:55:38 - [MESSAGE][PASSED] - Object 'Object Repository/CERTPAY_QUICKSTI/Payment_Information_Page/ADDRESS' is present

2020-11-02 13:55:39 - [MESSAGE][PASSED] - Text '14-2' is set on object 'Object Repository/CERTPAY_QUICKSTI/Payment_Information_Page/ADDRESS'

2020-11-02 13:55:39 - [MESSAGE][PASSED] - Quicksti_Master.ts:Entered'14-2 into Address

2020-11-02 13:55:39 - [TEST_STEP][PASSED] - utilities.SafeActions.safeType(findTestObject("CERTPAY_QUICKSTI/Payment_Information_Page/ZIP_CODE"), zipCode, "zipcode", [pageLoadTime]): Quicksti_Master.ts:Entered'76102 into zipcode

2020-11-02 13:55:39 - [MESSAGE][PASSED] - Object 'Object Repository/CERTPAY_QUICKSTI/Payment_Information_Page/ZIP_CODE' is present

2020-11-02 13:55:40 - [MESSAGE][PASSED] - Object 'Object Repository/CERTPAY_QUICKSTI/Payment_Information_Page/ZIP_CODE' is visible

2020-11-02 13:55:40 - [MESSAGE][PASSED] - Object 'Object Repository/CERTPAY_QUICKSTI/Payment_Information_Page/ZIP_CODE' is present

2020-11-02 13:55:41 - [MESSAGE][PASSED] - Text '76102' is set on object 'Object Repository/CERTPAY_QUICKSTI/Payment_Information_Page/ZIP_CODE'

2020-11-02 13:55:41 - [MESSAGE][PASSED] - Quicksti_Master.ts:Entered'76102 into zipcode

2020-11-02 13:55:41 - [TEST_STEP][PASSED] - utilities.SafeActions.safeType(findTestObject("CERTPAY_QUICKSTI/Payment_Information_Page/TELEPHONE"), telephone, "Telephone", [pageLoadTime]): Quicksti_Master.ts:Entered'9988776655 into Telephone

2020-11-02 13:55:42 - [MESSAGE][PASSED] - Object 'Object Repository/CERTPAY_QUICKSTI/Payment_Information_Page/TELEPHONE' is present

2020-11-02 13:55:42 - [MESSAGE][PASSED] - Object 'Object Repository/CERTPAY_QUICKSTI/Payment_Information_Page/TELEPHONE' is visible

2020-11-02 13:55:42 - [MESSAGE][PASSED] - Object 'Object Repository/CERTPAY_QUICKSTI/Payment_Information_Page/TELEPHONE' is present

2020-11-02 13:55:43 - [MESSAGE][PASSED] - Text '9988776655' is set on object 'Object Repository/CERTPAY_QUICKSTI/Payment_Information_Page/TELEPHONE'

2020-11-02 13:55:43 - [MESSAGE][PASSED] - Quicksti_Master.ts:Entered'9988776655 into Telephone

2020-11-02 13:55:43 - [TEST_STEP][PASSED] - utilities.SafeActions.safeType(findTestObject("CERTPAY_QUICKSTI/Payment_Information_Page/EMAIL_ADDRESS"), emailAddress, "EMAIL address", [pageLoadTime]): Quicksti_Master.ts:Entered'testing@zenq.com into EMAIL address

2020-11-02 13:55:44 - [MESSAGE][PASSED] - Object 'Object Repository/CERTPAY_QUICKSTI/Payment_Information_Page/EMAIL_ADDRESS' is present

2020-11-02 13:55:44 - [MESSAGE][PASSED] - Object 'Object Repository/CERTPAY_QUICKSTI/Payment_Information_Page/EMAIL_ADDRESS' is visible

2020-11-02 13:55:44 - [MESSAGE][PASSED] - Object 'Object Repository/CERTPAY_QUICKSTI/Payment_Information_Page/EMAIL_ADDRESS' is present

2020-11-02 13:55:46 - [MESSAGE][PASSED] - Text 'testing@zenq.com' is set on object 'Object Repository/CERTPAY_QUICKSTI/Payment_Information_Page/EMAIL_ADDRESS'

2020-11-02 13:55:46 - [MESSAGE][PASSED] - Quicksti_Master.ts:Entered'testing@zenq.com into EMAIL address

2020-11-02 13:55:46 - [TEST_STEP][PASSED] - utilities.SafeActions.safeClick(findTestObject("CERTPAY_QUICKSTI/Payment_Information_Page/NEXT_BUTTON"), "Next", [pageLoadTime]): Quicksti_Master.ts:Clicked on the Next

2020-11-02 13:55:46 - [MESSAGE][INFO] - safeClicking

2020-11-02 13:55:46 - [MESSAGE][PASSED] - Object 'Object Repository/CERTPAY_QUICKSTI/Payment_Information_Page/NEXT_BUTTON' is present

2020-11-02 13:55:46 - [MESSAGE][PASSED] - Object 'Object Repository/CERTPAY_QUICKSTI/Payment_Information_Page/NEXT_BUTTON' is clickable

2020-11-02 13:55:49 - [MESSAGE][PASSED] - Object: 'Object Repository/CERTPAY_QUICKSTI/Payment_Information_Page/NEXT_BUTTON' is clicked on

2020-11-02 13:55:49 - [MESSAGE][PASSED] - Quicksti_Master.ts:Clicked on the Next

2020-11-02 13:55:49 - [TEST_STEP][PASSED] - pages.Quicksti.verifyUserPaymentDetails(paymentAmount, firstName, lastName, CardNumber): pages.Quicksti.verifyUserPaymentDetails is PASSED

2020-11-02 13:55:50 - [MESSAGE][PASSED] - Text of object 'Object Repository/CERTPAY_QUICKSTI/Payment_Details_Verification_Page/AMOUNT' is: '$20.00'

2020-11-02 13:55:50 - [MESSAGE][PASSED] - Actual text '20.00' and expected text '20.00' are matched  using regular expression

2020-11-02 13:55:50 - [MESSAGE][PASSED] - Text of object 'Object Repository/CERTPAY_QUICKSTI/Payment_Details_Verification_Page/NAME' is: 'Tester Zenq1'

2020-11-02 13:55:50 - [MESSAGE][PASSED] - Actual text 'Tester Zenq1' and expected text 'Tester Zenq1' are matched  using regular expression

2020-11-02 13:55:50 - [MESSAGE][PASSED] - Text of object 'Object Repository/CERTPAY_QUICKSTI/Payment_Details_Verification_Page/CARD_NUMBER' is: '...7275'

2020-11-02 13:55:50 - [MESSAGE][PASSED] - Actual text '7275' and expected text '7275' are matched  using regular expression

2020-11-02 13:55:50 - [MESSAGE][PASSED] - pages.Quicksti.verifyUserPaymentDetails is PASSED

2020-11-02 13:55:50 - [TEST_STEP][PASSED] - delay(2): Delayed 2 second(s)

2020-11-02 13:55:52 - [MESSAGE][PASSED] - Delayed 2 second(s)

2020-11-02 13:55:52 - [TEST_STEP][PASSED] - ConvFee = getText(findTestObject("CERTPAY_QUICKSTI/Payment_Information_Page/CONV_FEE")): Text of object 'Object Repository/CERTPAY_QUICKSTI/Payment_Information_Page/CONV_FEE' is: '$0.43'

2020-11-02 13:55:53 - [MESSAGE][PASSED] - Text of object 'Object Repository/CERTPAY_QUICKSTI/Payment_Information_Page/CONV_FEE' is: '$0.43'

2020-11-02 13:55:53 - [TEST_STEP][PASSED] - scrollToElement(findTestObject("CERTPAY_QUICKSTI/Payment_Details_Verification_Page/PROCESS"), 0): Scroll to object 'Object Repository/CERTPAY_QUICKSTI/Payment_Details_Verification_Page/PROCESS' successfully

2020-11-02 13:55:53 - [MESSAGE][WARNING] - Timeout '0' is invalid. Using default page load timeout: '30'

2020-11-02 13:55:53 - [MESSAGE][PASSED] - Scroll to object 'Object Repository/CERTPAY_QUICKSTI/Payment_Details_Verification_Page/PROCESS' successfully

2020-11-02 13:55:53 - [TEST_STEP][PASSED] - utilities.SafeActions.safeClick(findTestObject("CERTPAY_QUICKSTI/Payment_Details_Verification_Page/PROCESS"), "Process", [pageLoadTime]): Quicksti_Master.ts:Clicked on the Process

2020-11-02 13:55:53 - [MESSAGE][INFO] - safeClicking

2020-11-02 13:55:54 - [MESSAGE][PASSED] - Object 'Object Repository/CERTPAY_QUICKSTI/Payment_Details_Verification_Page/PROCESS' is present

2020-11-02 13:55:54 - [MESSAGE][PASSED] - Object 'Object Repository/CERTPAY_QUICKSTI/Payment_Details_Verification_Page/PROCESS' is clickable

2020-11-02 13:55:59 - [MESSAGE][PASSED] - Object: 'Object Repository/CERTPAY_QUICKSTI/Payment_Details_Verification_Page/PROCESS' is clicked on

2020-11-02 13:55:59 - [MESSAGE][PASSED] - Quicksti_Master.ts:Clicked on the Process

2020-11-02 13:55:59 - [TEST_STEP][PASSED] - paymentId = pages.Quicksti.verifyPaymentApproval(findTestObject("CERTPAY_QUICKSTI/Payment_Details_Verification_Page/APPROVED")): Payment is approved

2020-11-02 13:56:00 - [MESSAGE][PASSED] - Text of object 'Object Repository/CERTPAY_QUICKSTI/Payment_Details_Verification_Page/PAYMENT_ID' is: '100176132868'

2020-11-02 13:56:00 - [MESSAGE][PASSED] - Object 'Object Repository/CERTPAY_QUICKSTI/Payment_Details_Verification_Page/APPROVED' is present

2020-11-02 13:56:00 - [MESSAGE][PASSED] - Payment is approved

2020-11-02 13:56:02 - [TEST_STEP][PASSED] - navigateToUrl(Admin_url): Navigate to 'https://qa-certpayadmin.faps.net' successfully

2020-11-02 13:56:08 - [MESSAGE][PASSED] - Navigate to 'https://qa-certpayadmin.faps.net' successfully

2020-11-02 13:56:08 - [TEST_STEP][PASSED] - pages.Bureau_Login_Page.loginToAdminSite(AdminUsername, AdminPassword): Quicksti_Master.ts:Clicked on the LOGIN

2020-11-02 13:56:08 - [MESSAGE][PASSED] - Object 'Object Repository/CERTPAY_ADMIN/USER_NAME' is present

2020-11-02 13:56:09 - [MESSAGE][PASSED] - Object 'Object Repository/CERTPAY_ADMIN/USER_NAME' is visible

2020-11-02 13:56:09 - [MESSAGE][PASSED] - Object 'Object Repository/CERTPAY_ADMIN/USER_NAME' is present

2020-11-02 13:56:10 - [MESSAGE][PASSED] - Text 'VVangiliappan' is set on object 'Object Repository/CERTPAY_ADMIN/USER_NAME'

2020-11-02 13:56:10 - [MESSAGE][PASSED] - Quicksti_Master.ts:Entered'VVangiliappan into username

2020-11-02 13:56:11 - [MESSAGE][PASSED] - Object 'Object Repository/CERTPAY_ADMIN/PASSWORD' is present

2020-11-02 13:56:11 - [MESSAGE][PASSED] - Object 'Object Repository/CERTPAY_ADMIN/PASSWORD' is visible

2020-11-02 13:56:11 - [MESSAGE][PASSED] - Object 'Object Repository/CERTPAY_ADMIN/PASSWORD' is present

2020-11-02 13:56:12 - [MESSAGE][PASSED] - Text 'Test@123' is set on object 'Object Repository/CERTPAY_ADMIN/PASSWORD'

2020-11-02 13:56:12 - [MESSAGE][PASSED] - Quicksti_Master.ts:Entered'Test@123 into password

2020-11-02 13:56:12 - [MESSAGE][INFO] - safeClicking

2020-11-02 13:56:13 - [MESSAGE][PASSED] - Object 'Object Repository/CERTPAY_ADMIN/LOGIN_BUTTON' is present

2020-11-02 13:56:13 - [MESSAGE][PASSED] - Object 'Object Repository/CERTPAY_ADMIN/LOGIN_BUTTON' is clickable

2020-11-02 13:56:21 - [MESSAGE][PASSED] - Object: 'Object Repository/CERTPAY_ADMIN/LOGIN_BUTTON' is clicked on

2020-11-02 13:56:21 - [MESSAGE][PASSED] - Quicksti_Master.ts:Clicked on the LOGIN

2020-11-02 13:56:21 - [TEST_STEP][PASSED] - utilities.SafeActions.safeClick(findTestObject("CERTPAY_ADMIN/TRANSACTION_MENU"), "TransactionMenu", [pageLoadTime]): Quicksti_Master.ts:Clicked on the TransactionMenu

2020-11-02 13:56:21 - [MESSAGE][INFO] - safeClicking

2020-11-02 13:56:21 - [MESSAGE][PASSED] - Object 'Object Repository/CERTPAY_ADMIN/TRANSACTION_MENU' is present

2020-11-02 13:56:22 - [MESSAGE][PASSED] - Object 'Object Repository/CERTPAY_ADMIN/TRANSACTION_MENU' is clickable

2020-11-02 13:56:23 - [MESSAGE][PASSED] - Object: 'Object Repository/CERTPAY_ADMIN/TRANSACTION_MENU' is clicked on

2020-11-02 13:56:23 - [MESSAGE][PASSED] - Quicksti_Master.ts:Clicked on the TransactionMenu

2020-11-02 13:56:23 - [TEST_STEP][PASSED] - utilities.SafeActions.safeClick(findTestObject("CERTPAY_ADMIN/TRANSACTION_SEARCH"), "TransactionSearch", [pageLoadTime]): Quicksti_Master.ts:Clicked on the TransactionSearch

2020-11-02 13:56:23 - [MESSAGE][INFO] - safeClicking

2020-11-02 13:56:23 - [MESSAGE][PASSED] - Object 'Object Repository/CERTPAY_ADMIN/TRANSACTION_SEARCH' is present

2020-11-02 13:56:24 - [MESSAGE][PASSED] - Object 'Object Repository/CERTPAY_ADMIN/TRANSACTION_SEARCH' is clickable

2020-11-02 13:56:26 - [MESSAGE][PASSED] - Object: 'Object Repository/CERTPAY_ADMIN/TRANSACTION_SEARCH' is clicked on

2020-11-02 13:56:26 - [MESSAGE][PASSED] - Quicksti_Master.ts:Clicked on the TransactionSearch

2020-11-02 13:56:26 - [TEST_STEP][PASSED] - utilities.SafeActions.safeType(findTestObject("CERTPAY_ADMIN/PAYMENT_ID"), paymentId, "Payment id", [pageLoadTime]): Quicksti_Master.ts:Entered'100176132868 into Payment id

2020-11-02 13:56:27 - [MESSAGE][PASSED] - Object 'Object Repository/CERTPAY_ADMIN/PAYMENT_ID' is present

2020-11-02 13:56:27 - [MESSAGE][PASSED] - Object 'Object Repository/CERTPAY_ADMIN/PAYMENT_ID' is visible

2020-11-02 13:56:27 - [MESSAGE][PASSED] - Object 'Object Repository/CERTPAY_ADMIN/PAYMENT_ID' is present

2020-11-02 13:56:29 - [MESSAGE][PASSED] - Text '100176132868' is set on object 'Object Repository/CERTPAY_ADMIN/PAYMENT_ID'

2020-11-02 13:56:29 - [MESSAGE][PASSED] - Quicksti_Master.ts:Entered'100176132868 into Payment id

2020-11-02 13:56:29 - [TEST_STEP][PASSED] - utilities.SafeActions.safeClick(findTestObject("CERTPAY_ADMIN/GO_BUTTON"), "Go button", [pageLoadTime]): Quicksti_Master.ts:Clicked on the Go button

2020-11-02 13:56:29 - [MESSAGE][INFO] - safeClicking

2020-11-02 13:56:29 - [MESSAGE][PASSED] - Object 'Object Repository/CERTPAY_ADMIN/GO_BUTTON' is present

2020-11-02 13:56:29 - [MESSAGE][PASSED] - Object 'Object Repository/CERTPAY_ADMIN/GO_BUTTON' is clickable

2020-11-02 13:56:34 - [MESSAGE][PASSED] - Object: 'Object Repository/CERTPAY_ADMIN/GO_BUTTON' is clicked on

2020-11-02 13:56:34 - [MESSAGE][PASSED] - Quicksti_Master.ts:Clicked on the Go button

2020-11-02 13:56:34 - [TEST_STEP][PASSED] - delay(5): Delayed 5 second(s)

2020-11-02 13:56:39 - [MESSAGE][PASSED] - Delayed 5 second(s)

2020-11-02 13:56:39 - [TEST_STEP][PASSED] - scrollToPosition(800, 900): Browser is scrolled to position x = 800, y = 900

2020-11-02 13:56:39 - [MESSAGE][PASSED] - Browser is scrolled to position x = 800, y = 900

2020-11-02 13:56:39 - [TEST_STEP][PASSED] - pages.Search_Page.validatePaymentAmount(amount_Value, ConvFee): Verified payment details successfully 

2020-11-02 13:56:39 - [MESSAGE][PASSED] - Text of object 'Object Repository/CERTPAY_ADMIN/PAYMENT_AMOUNT' is: '$20.00'

2020-11-02 13:56:39 - [MESSAGE][PASSED] - Actual text '20.00' and expected text '20.00' are matched  using regular expression

2020-11-02 13:56:40 - [MESSAGE][PASSED] - Text of object 'Object Repository/CERTPAY_ADMIN/CONV_FEE' is: '$0.43'

2020-11-02 13:56:40 - [MESSAGE][PASSED] - Actual text '0.43' and expected text '0.43' are matched  using regular expression

2020-11-02 13:56:40 - [MESSAGE][PASSED] - Verified payment details successfully 

2020-11-02 13:56:40 - [TEST_STEP][PASSED] - paymentIdList.add(paymentId): null

2020-11-02 13:56:40 - [TEST_STEP][PASSED] - println(paymentIdList): null

2020-11-02 13:56:40 - [TEST_STEP][PASSED] - firstName = data.getValue("FirstName", index): null

2020-11-02 13:56:40 - [TEST_STEP][PASSED] - lastName = data.getValue("LastName", index): null

2020-11-02 13:56:40 - [TEST_STEP][PASSED] - expMonth = data.getValue("ExpMonth", index): null

2020-11-02 13:56:40 - [TEST_STEP][PASSED] - expYear = data.getValue("ExpYear", index): null

2020-11-02 13:56:40 - [TEST_STEP][PASSED] - securityCode = data.getValue("SecurityCode", index): null

2020-11-02 13:56:40 - [TEST_STEP][PASSED] - paymentAmount = data.getValue("PaymentAmount", index): null

2020-11-02 13:56:40 - [TEST_STEP][PASSED] - paymentType = data.getValue("PaymentType", index): null

2020-11-02 13:56:40 - [TEST_STEP][PASSED] - quantity = data.getValue("Quantity", index): null

2020-11-02 13:56:40 - [TEST_STEP][PASSED] - comments = data.getValue("Comments", index): null

2020-11-02 13:56:40 - [TEST_STEP][PASSED] - referenceNum = data.getValue("ReferenceNum", index): null

2020-11-02 13:56:40 - [TEST_STEP][PASSED] - address = data.getValue("Address", index): null

2020-11-02 13:56:40 - [TEST_STEP][PASSED] - zipCode = data.getValue("Zipcode", index): null

2020-11-02 13:56:40 - [TEST_STEP][PASSED] - telephone = data.getValue("Telephone", index): null

2020-11-02 13:56:40 - [TEST_STEP][PASSED] - emailAddress = data.getValue("EmailAddress", index): null

2020-11-02 13:56:40 - [TEST_STEP][PASSED] - cardNum = data.getValue("CardNumber", index): null

2020-11-02 13:56:40 - [TEST_STEP][PASSED] - cardType = data.getValue("CardType", index): null

2020-11-02 13:56:40 - [TEST_STEP][PASSED] - utilities.SafeActions.openBrowser(Quicksti_Url, [pageLoadTime]): Browser launched successfully

2020-11-02 13:56:40 - [MESSAGE][INFO] - Opening Browser

2020-11-02 13:56:40 - [MESSAGE][WARNING] - A browser is already opened. Closing browser and opening a new one

2020-11-02 13:56:41 - [MESSAGE][INFO] - Starting 'Chrome' driver

2020-11-02 13:56:49 - [MESSAGE][PASSED] - Browser is opened with url: 'https://qa-certpayquicksti.faps.net/'

2020-11-02 13:56:50 - [MESSAGE][PASSED] - Current window maximized

2020-11-02 13:56:50 - [MESSAGE][PASSED] - Browser launched successfully

2020-11-02 13:56:50 - [TEST_STEP][PASSED] - utilities.SafeActions.safeType(findTestObject("CERTPAY_QUICKSTI/Login_ Page/BUREAU_CODE"), bureau_code, "Bureau code", [pageLoadTime]): Quicksti_Master.ts:Entered'6100000 into Bureau code

2020-11-02 13:56:51 - [MESSAGE][PASSED] - Object 'Object Repository/CERTPAY_QUICKSTI/Login_ Page/BUREAU_CODE' is present

2020-11-02 13:56:51 - [MESSAGE][PASSED] - Object 'Object Repository/CERTPAY_QUICKSTI/Login_ Page/BUREAU_CODE' is visible

2020-11-02 13:56:51 - [MESSAGE][PASSED] - Object 'Object Repository/CERTPAY_QUICKSTI/Login_ Page/BUREAU_CODE' is present

2020-11-02 13:56:53 - [MESSAGE][PASSED] - Text '6100000' is set on object 'Object Repository/CERTPAY_QUICKSTI/Login_ Page/BUREAU_CODE'

2020-11-02 13:56:53 - [MESSAGE][PASSED] - Quicksti_Master.ts:Entered'6100000 into Bureau code

2020-11-02 13:56:53 - [TEST_STEP][PASSED] - utilities.SafeActions.safeType(findTestObject("CERTPAY_QUICKSTI/Login_ Page/TELLER_ID"), teller_id, "Bureau code", [pageLoadTime]): Quicksti_Master.ts:Entered'zenq into Bureau code

2020-11-02 13:56:53 - [MESSAGE][PASSED] - Object 'Object Repository/CERTPAY_QUICKSTI/Login_ Page/TELLER_ID' is present

2020-11-02 13:56:53 - [MESSAGE][PASSED] - Object 'Object Repository/CERTPAY_QUICKSTI/Login_ Page/TELLER_ID' is visible

2020-11-02 13:56:54 - [MESSAGE][PASSED] - Object 'Object Repository/CERTPAY_QUICKSTI/Login_ Page/TELLER_ID' is present

2020-11-02 13:56:55 - [MESSAGE][PASSED] - Text 'zenq' is set on object 'Object Repository/CERTPAY_QUICKSTI/Login_ Page/TELLER_ID'

2020-11-02 13:56:55 - [MESSAGE][PASSED] - Quicksti_Master.ts:Entered'zenq into Bureau code

2020-11-02 13:56:55 - [TEST_STEP][PASSED] - utilities.SafeActions.safeClick(findTestObject("CERTPAY_QUICKSTI/Login_ Page/NEXT_BUTTON"), "Next button", [pageLoadTime]): Quicksti_Master.ts:Clicked on the Next button

2020-11-02 13:56:55 - [MESSAGE][INFO] - safeClicking

2020-11-02 13:56:56 - [MESSAGE][PASSED] - Object 'Object Repository/CERTPAY_QUICKSTI/Login_ Page/NEXT_BUTTON' is present

2020-11-02 13:56:56 - [MESSAGE][PASSED] - Object 'Object Repository/CERTPAY_QUICKSTI/Login_ Page/NEXT_BUTTON' is clickable

2020-11-02 13:56:59 - [MESSAGE][PASSED] - Object: 'Object Repository/CERTPAY_QUICKSTI/Login_ Page/NEXT_BUTTON' is clicked on

2020-11-02 13:56:59 - [MESSAGE][PASSED] - Quicksti_Master.ts:Clicked on the Next button

2020-11-02 13:56:59 - [TEST_STEP][PASSED] - utilities.SafeActions.safeClick(findTestObject("CERTPAY_QUICKSTI/Payment_Information_Page/MANUAL_ENTRY_BUTTON"), "ManualEntry", [pageLoadTime]): Quicksti_Master.ts:Clicked on the ManualEntry

2020-11-02 13:56:59 - [MESSAGE][INFO] - safeClicking

2020-11-02 13:57:00 - [MESSAGE][PASSED] - Object 'Object Repository/CERTPAY_QUICKSTI/Payment_Information_Page/MANUAL_ENTRY_BUTTON' is present

2020-11-02 13:57:01 - [MESSAGE][PASSED] - Object 'Object Repository/CERTPAY_QUICKSTI/Payment_Information_Page/MANUAL_ENTRY_BUTTON' is clickable

2020-11-02 13:57:04 - [MESSAGE][PASSED] - Object: 'Object Repository/CERTPAY_QUICKSTI/Payment_Information_Page/MANUAL_ENTRY_BUTTON' is clicked on

2020-11-02 13:57:04 - [MESSAGE][PASSED] - Quicksti_Master.ts:Clicked on the ManualEntry

2020-11-02 13:57:04 - [TEST_STEP][PASSED] - CardNumber = pages.Quicksti.setUserPaymentDetails(firstName, lastName, cardNum): Quicksti_Master.ts:Entered'5279203973576823 into CardNum

2020-11-02 13:57:04 - [MESSAGE][PASSED] - Object 'Object Repository/CERTPAY_QUICKSTI/Payment_Information_Page/FIRST_NAME' is present

2020-11-02 13:57:05 - [MESSAGE][PASSED] - Object 'Object Repository/CERTPAY_QUICKSTI/Payment_Information_Page/FIRST_NAME' is visible

2020-11-02 13:57:05 - [MESSAGE][PASSED] - Object 'Object Repository/CERTPAY_QUICKSTI/Payment_Information_Page/FIRST_NAME' is present

2020-11-02 13:57:06 - [MESSAGE][PASSED] - Text 'Tester' is set on object 'Object Repository/CERTPAY_QUICKSTI/Payment_Information_Page/FIRST_NAME'

2020-11-02 13:57:06 - [MESSAGE][PASSED] - Quicksti_Master.ts:Entered'Tester into FirstName

2020-11-02 13:57:07 - [MESSAGE][PASSED] - Object 'Object Repository/CERTPAY_QUICKSTI/Payment_Information_Page/LAST_NAME' is present

2020-11-02 13:57:07 - [MESSAGE][PASSED] - Object 'Object Repository/CERTPAY_QUICKSTI/Payment_Information_Page/LAST_NAME' is visible

2020-11-02 13:57:07 - [MESSAGE][PASSED] - Object 'Object Repository/CERTPAY_QUICKSTI/Payment_Information_Page/LAST_NAME' is present

2020-11-02 13:57:08 - [MESSAGE][PASSED] - Text 'Zenq1' is set on object 'Object Repository/CERTPAY_QUICKSTI/Payment_Information_Page/LAST_NAME'

2020-11-02 13:57:08 - [MESSAGE][PASSED] - Quicksti_Master.ts:Entered'Zenq1 into LAstName

2020-11-02 13:57:09 - [MESSAGE][PASSED] - Object 'Object Repository/CERTPAY_QUICKSTI/Payment_Information_Page/CARD_NUMBER' is present

2020-11-02 13:57:09 - [MESSAGE][PASSED] - Object 'Object Repository/CERTPAY_QUICKSTI/Payment_Information_Page/CARD_NUMBER' is visible

2020-11-02 13:57:09 - [MESSAGE][PASSED] - Object 'Object Repository/CERTPAY_QUICKSTI/Payment_Information_Page/CARD_NUMBER' is present

2020-11-02 13:57:11 - [MESSAGE][PASSED] - Text '5279203973576823' is set on object 'Object Repository/CERTPAY_QUICKSTI/Payment_Information_Page/CARD_NUMBER'

2020-11-02 13:57:11 - [MESSAGE][PASSED] - Quicksti_Master.ts:Entered'5279203973576823 into CardNum

2020-11-02 13:57:11 - [TEST_STEP][PASSED] - utilities.SafeActions.safeSelectOptionInDropdownByVisibleText(findTestObject("CERTPAY_QUICKSTI/Payment_Information_Page/PAYMENT_TYPE"), paymentType, "paymentType", [pageLoadTime]): selected dropdown option by visible text  Giftsfrom paymentType

2020-11-02 13:57:11 - [MESSAGE][PASSED] - Object 'Object Repository/CERTPAY_QUICKSTI/Payment_Information_Page/PAYMENT_TYPE' is visible

2020-11-02 13:57:11 - [MESSAGE][PASSED] - Object 'Object Repository/CERTPAY_QUICKSTI/Payment_Information_Page/PAYMENT_TYPE' is present

2020-11-02 13:57:12 - [MESSAGE][PASSED] - Object: 'Object Repository/CERTPAY_QUICKSTI/Payment_Information_Page/PAYMENT_TYPE' is clicked on

2020-11-02 13:57:13 - [MESSAGE][PASSED] - All options with label 'Gifts' are selected in object 'Object Repository/CERTPAY_QUICKSTI/Payment_Information_Page/PAYMENT_TYPE'  using regular expression

2020-11-02 13:57:13 - [MESSAGE][PASSED] - selected dropdown option by visible text  Giftsfrom paymentType

2020-11-02 13:57:13 - [TEST_STEP][PASSED] - pages.Quicksti.setExpDate(expMonth, expYear, securityCode): Quicksti_Master.ts:Entered'207 into securityCode

2020-11-02 13:57:14 - [MESSAGE][PASSED] - Object 'Object Repository/CERTPAY_QUICKSTI/Payment_Information_Page/EXP_MONTH' is visible

2020-11-02 13:57:14 - [MESSAGE][PASSED] - Object 'Object Repository/CERTPAY_QUICKSTI/Payment_Information_Page/EXP_MONTH' is present

2020-11-02 13:57:15 - [MESSAGE][PASSED] - Object: 'Object Repository/CERTPAY_QUICKSTI/Payment_Information_Page/EXP_MONTH' is clicked on

2020-11-02 13:57:16 - [MESSAGE][PASSED] - All options with label '04' are selected in object 'Object Repository/CERTPAY_QUICKSTI/Payment_Information_Page/EXP_MONTH'  using regular expression

2020-11-02 13:57:16 - [MESSAGE][PASSED] - selected dropdown option by visible text  04from expMonth

2020-11-02 13:57:17 - [MESSAGE][PASSED] - Object 'Object Repository/CERTPAY_QUICKSTI/Payment_Information_Page/EXP_YEAR' is visible

2020-11-02 13:57:17 - [MESSAGE][PASSED] - Object 'Object Repository/CERTPAY_QUICKSTI/Payment_Information_Page/EXP_YEAR' is present

2020-11-02 13:57:18 - [MESSAGE][PASSED] - Object: 'Object Repository/CERTPAY_QUICKSTI/Payment_Information_Page/EXP_YEAR' is clicked on

2020-11-02 13:57:20 - [MESSAGE][PASSED] - All options with label '2023' are selected in object 'Object Repository/CERTPAY_QUICKSTI/Payment_Information_Page/EXP_YEAR'  using regular expression

2020-11-02 13:57:20 - [MESSAGE][PASSED] - selected dropdown option by visible text  2023from  expYear

2020-11-02 13:57:20 - [MESSAGE][PASSED] - Object 'Object Repository/CERTPAY_QUICKSTI/Payment_Information_Page/SECURITY_CODE' is present

2020-11-02 13:57:20 - [MESSAGE][PASSED] - Object 'Object Repository/CERTPAY_QUICKSTI/Payment_Information_Page/SECURITY_CODE' is visible

2020-11-02 13:57:21 - [MESSAGE][PASSED] - Object 'Object Repository/CERTPAY_QUICKSTI/Payment_Information_Page/SECURITY_CODE' is present

2020-11-02 13:57:22 - [MESSAGE][PASSED] - Text '207' is set on object 'Object Repository/CERTPAY_QUICKSTI/Payment_Information_Page/SECURITY_CODE'

2020-11-02 13:57:22 - [MESSAGE][PASSED] - Quicksti_Master.ts:Entered'207 into securityCode

2020-11-02 13:57:22 - [TEST_STEP][PASSED] - pages.Quicksti.setPaymentAmountDetailsForSinglePayment(paymentAmount, quantity): Quicksti_Master.ts:Entered'2 into Quantity

2020-11-02 13:57:22 - [MESSAGE][PASSED] - Object 'Object Repository/CERTPAY_QUICKSTI/Payment_Information_Page/PAYMENT_AMOUNT' is present

2020-11-02 13:57:22 - [MESSAGE][PASSED] - Object 'Object Repository/CERTPAY_QUICKSTI/Payment_Information_Page/PAYMENT_AMOUNT' is visible

2020-11-02 13:57:23 - [MESSAGE][PASSED] - Object 'Object Repository/CERTPAY_QUICKSTI/Payment_Information_Page/PAYMENT_AMOUNT' is present

2020-11-02 13:57:24 - [MESSAGE][PASSED] - Text '25.00' is set on object 'Object Repository/CERTPAY_QUICKSTI/Payment_Information_Page/PAYMENT_AMOUNT'

2020-11-02 13:57:24 - [MESSAGE][PASSED] - Quicksti_Master.ts:Entered'25.00 into amount

2020-11-02 13:57:24 - [MESSAGE][PASSED] - Object 'Object Repository/CERTPAY_QUICKSTI/Payment_Information_Page/QUANTITY' is present

2020-11-02 13:57:25 - [MESSAGE][PASSED] - Object 'Object Repository/CERTPAY_QUICKSTI/Payment_Information_Page/QUANTITY' is visible

2020-11-02 13:57:25 - [MESSAGE][PASSED] - Object 'Object Repository/CERTPAY_QUICKSTI/Payment_Information_Page/QUANTITY' is present

2020-11-02 13:57:26 - [MESSAGE][PASSED] - Text '2' is set on object 'Object Repository/CERTPAY_QUICKSTI/Payment_Information_Page/QUANTITY'

2020-11-02 13:57:26 - [MESSAGE][PASSED] - Quicksti_Master.ts:Entered'2 into Quantity

2020-11-02 13:57:26 - [TEST_STEP][PASSED] - utilities.SafeActions.safeType(findTestObject("CERTPAY_QUICKSTI/Payment_Information_Page/REFRENCE_NUMBER"), referenceNum, "Reference Number", [pageLoadTime]): Quicksti_Master.ts:Entered'12 into Reference Number

2020-11-02 13:57:27 - [MESSAGE][PASSED] - Object 'Object Repository/CERTPAY_QUICKSTI/Payment_Information_Page/REFRENCE_NUMBER' is present

2020-11-02 13:57:27 - [MESSAGE][PASSED] - Object 'Object Repository/CERTPAY_QUICKSTI/Payment_Information_Page/REFRENCE_NUMBER' is visible

2020-11-02 13:57:27 - [MESSAGE][PASSED] - Object 'Object Repository/CERTPAY_QUICKSTI/Payment_Information_Page/REFRENCE_NUMBER' is present

2020-11-02 13:57:28 - [MESSAGE][PASSED] - Text '12' is set on object 'Object Repository/CERTPAY_QUICKSTI/Payment_Information_Page/REFRENCE_NUMBER'

2020-11-02 13:57:28 - [MESSAGE][PASSED] - Quicksti_Master.ts:Entered'12 into Reference Number

2020-11-02 13:57:28 - [TEST_STEP][PASSED] - amount_Value = pages.Quicksti.getAttributeValue(findTestObject("CERTPAY_QUICKSTI/Payment_Information_Page/SUB_TOTAL")): pages.Quicksti.getAttributeValue is PASSED

2020-11-02 13:57:29 - [MESSAGE][PASSED] - Attribute 'value' of object 'Object Repository/CERTPAY_QUICKSTI/Payment_Information_Page/SUB_TOTAL' is: '50.00'

2020-11-02 13:57:29 - [MESSAGE][PASSED] - pages.Quicksti.getAttributeValue is PASSED

2020-11-02 13:57:29 - [TEST_STEP][PASSED] - utilities.SafeActions.safeType(findTestObject("CERTPAY_QUICKSTI/Payment_Information_Page/COMMENTS"), "Testing", "Comments", [pageLoadTime]): Quicksti_Master.ts:Entered'Testing into Comments

2020-11-02 13:57:29 - [MESSAGE][PASSED] - Object 'Object Repository/CERTPAY_QUICKSTI/Payment_Information_Page/COMMENTS' is present

2020-11-02 13:57:30 - [MESSAGE][PASSED] - Object 'Object Repository/CERTPAY_QUICKSTI/Payment_Information_Page/COMMENTS' is visible

2020-11-02 13:57:30 - [MESSAGE][PASSED] - Object 'Object Repository/CERTPAY_QUICKSTI/Payment_Information_Page/COMMENTS' is present

2020-11-02 13:57:31 - [MESSAGE][PASSED] - Text 'Testing' is set on object 'Object Repository/CERTPAY_QUICKSTI/Payment_Information_Page/COMMENTS'

2020-11-02 13:57:31 - [MESSAGE][PASSED] - Quicksti_Master.ts:Entered'Testing into Comments

2020-11-02 13:57:31 - [TEST_STEP][PASSED] - utilities.SafeActions.safeType(findTestObject("CERTPAY_QUICKSTI/Payment_Information_Page/ADDRESS"), address, "Address", [pageLoadTime]): Quicksti_Master.ts:Entered'14-2 into Address

2020-11-02 13:57:32 - [MESSAGE][PASSED] - Object 'Object Repository/CERTPAY_QUICKSTI/Payment_Information_Page/ADDRESS' is present

2020-11-02 13:57:32 - [MESSAGE][PASSED] - Object 'Object Repository/CERTPAY_QUICKSTI/Payment_Information_Page/ADDRESS' is visible

2020-11-02 13:57:32 - [MESSAGE][PASSED] - Object 'Object Repository/CERTPAY_QUICKSTI/Payment_Information_Page/ADDRESS' is present

2020-11-02 13:57:33 - [MESSAGE][PASSED] - Text '14-2' is set on object 'Object Repository/CERTPAY_QUICKSTI/Payment_Information_Page/ADDRESS'

2020-11-02 13:57:33 - [MESSAGE][PASSED] - Quicksti_Master.ts:Entered'14-2 into Address

2020-11-02 13:57:33 - [TEST_STEP][PASSED] - utilities.SafeActions.safeType(findTestObject("CERTPAY_QUICKSTI/Payment_Information_Page/ZIP_CODE"), zipCode, "zipcode", [pageLoadTime]): Quicksti_Master.ts:Entered'76102 into zipcode

2020-11-02 13:57:34 - [MESSAGE][PASSED] - Object 'Object Repository/CERTPAY_QUICKSTI/Payment_Information_Page/ZIP_CODE' is present

2020-11-02 13:57:34 - [MESSAGE][PASSED] - Object 'Object Repository/CERTPAY_QUICKSTI/Payment_Information_Page/ZIP_CODE' is visible

2020-11-02 13:57:34 - [MESSAGE][PASSED] - Object 'Object Repository/CERTPAY_QUICKSTI/Payment_Information_Page/ZIP_CODE' is present

2020-11-02 13:57:36 - [MESSAGE][PASSED] - Text '76102' is set on object 'Object Repository/CERTPAY_QUICKSTI/Payment_Information_Page/ZIP_CODE'

2020-11-02 13:57:36 - [MESSAGE][PASSED] - Quicksti_Master.ts:Entered'76102 into zipcode

2020-11-02 13:57:36 - [TEST_STEP][PASSED] - utilities.SafeActions.safeType(findTestObject("CERTPAY_QUICKSTI/Payment_Information_Page/TELEPHONE"), telephone, "Telephone", [pageLoadTime]): Quicksti_Master.ts:Entered'9989897654 into Telephone

2020-11-02 13:57:36 - [MESSAGE][PASSED] - Object 'Object Repository/CERTPAY_QUICKSTI/Payment_Information_Page/TELEPHONE' is present

2020-11-02 13:57:36 - [MESSAGE][PASSED] - Object 'Object Repository/CERTPAY_QUICKSTI/Payment_Information_Page/TELEPHONE' is visible

2020-11-02 13:57:36 - [MESSAGE][PASSED] - Object 'Object Repository/CERTPAY_QUICKSTI/Payment_Information_Page/TELEPHONE' is present

2020-11-02 13:57:38 - [MESSAGE][PASSED] - Text '9989897654' is set on object 'Object Repository/CERTPAY_QUICKSTI/Payment_Information_Page/TELEPHONE'

2020-11-02 13:57:38 - [MESSAGE][PASSED] - Quicksti_Master.ts:Entered'9989897654 into Telephone

2020-11-02 13:57:38 - [TEST_STEP][PASSED] - utilities.SafeActions.safeType(findTestObject("CERTPAY_QUICKSTI/Payment_Information_Page/EMAIL_ADDRESS"), emailAddress, "EMAIL address", [pageLoadTime]): Quicksti_Master.ts:Entered'testing@zenq.com into EMAIL address

2020-11-02 13:57:38 - [MESSAGE][PASSED] - Object 'Object Repository/CERTPAY_QUICKSTI/Payment_Information_Page/EMAIL_ADDRESS' is present

2020-11-02 13:57:38 - [MESSAGE][PASSED] - Object 'Object Repository/CERTPAY_QUICKSTI/Payment_Information_Page/EMAIL_ADDRESS' is visible

2020-11-02 13:57:39 - [MESSAGE][PASSED] - Object 'Object Repository/CERTPAY_QUICKSTI/Payment_Information_Page/EMAIL_ADDRESS' is present

2020-11-02 13:57:40 - [MESSAGE][PASSED] - Text 'testing@zenq.com' is set on object 'Object Repository/CERTPAY_QUICKSTI/Payment_Information_Page/EMAIL_ADDRESS'

2020-11-02 13:57:40 - [MESSAGE][PASSED] - Quicksti_Master.ts:Entered'testing@zenq.com into EMAIL address

2020-11-02 13:57:40 - [TEST_STEP][PASSED] - utilities.SafeActions.safeClick(findTestObject("CERTPAY_QUICKSTI/Payment_Information_Page/NEXT_BUTTON"), "Next", [pageLoadTime]): Quicksti_Master.ts:Clicked on the Next

2020-11-02 13:57:40 - [MESSAGE][INFO] - safeClicking

2020-11-02 13:57:40 - [MESSAGE][PASSED] - Object 'Object Repository/CERTPAY_QUICKSTI/Payment_Information_Page/NEXT_BUTTON' is present

2020-11-02 13:57:40 - [MESSAGE][PASSED] - Object 'Object Repository/CERTPAY_QUICKSTI/Payment_Information_Page/NEXT_BUTTON' is clickable

2020-11-02 13:57:44 - [MESSAGE][PASSED] - Object: 'Object Repository/CERTPAY_QUICKSTI/Payment_Information_Page/NEXT_BUTTON' is clicked on

2020-11-02 13:57:44 - [MESSAGE][PASSED] - Quicksti_Master.ts:Clicked on the Next

2020-11-02 13:57:44 - [TEST_STEP][PASSED] - pages.Quicksti.verifyUserPaymentDetails(paymentAmount, firstName, lastName, CardNumber): pages.Quicksti.verifyUserPaymentDetails is PASSED

2020-11-02 13:57:45 - [MESSAGE][PASSED] - Text of object 'Object Repository/CERTPAY_QUICKSTI/Payment_Details_Verification_Page/AMOUNT' is: '$25.00'

2020-11-02 13:57:45 - [MESSAGE][PASSED] - Actual text '25.00' and expected text '25.00' are matched  using regular expression

2020-11-02 13:57:45 - [MESSAGE][PASSED] - Text of object 'Object Repository/CERTPAY_QUICKSTI/Payment_Details_Verification_Page/NAME' is: 'Tester Zenq1'

2020-11-02 13:57:45 - [MESSAGE][PASSED] - Actual text 'Tester Zenq1' and expected text 'Tester Zenq1' are matched  using regular expression

2020-11-02 13:57:46 - [MESSAGE][PASSED] - Text of object 'Object Repository/CERTPAY_QUICKSTI/Payment_Details_Verification_Page/CARD_NUMBER' is: '...6823'

2020-11-02 13:57:46 - [MESSAGE][PASSED] - Actual text '6823' and expected text '6823' are matched  using regular expression

2020-11-02 13:57:46 - [MESSAGE][PASSED] - pages.Quicksti.verifyUserPaymentDetails is PASSED

2020-11-02 13:57:46 - [TEST_STEP][PASSED] - delay(2): Delayed 2 second(s)

2020-11-02 13:57:48 - [MESSAGE][PASSED] - Delayed 2 second(s)

2020-11-02 13:57:48 - [TEST_STEP][PASSED] - ConvFee = getText(findTestObject("CERTPAY_QUICKSTI/Payment_Information_Page/CONV_FEE")): Text of object 'Object Repository/CERTPAY_QUICKSTI/Payment_Information_Page/CONV_FEE' is: '$1.08'

2020-11-02 13:57:48 - [MESSAGE][PASSED] - Text of object 'Object Repository/CERTPAY_QUICKSTI/Payment_Information_Page/CONV_FEE' is: '$1.08'

2020-11-02 13:57:48 - [TEST_STEP][PASSED] - scrollToElement(findTestObject("CERTPAY_QUICKSTI/Payment_Details_Verification_Page/PROCESS"), 0): Scroll to object 'Object Repository/CERTPAY_QUICKSTI/Payment_Details_Verification_Page/PROCESS' successfully

2020-11-02 13:57:48 - [MESSAGE][WARNING] - Timeout '0' is invalid. Using default page load timeout: '30'

2020-11-02 13:57:48 - [MESSAGE][PASSED] - Scroll to object 'Object Repository/CERTPAY_QUICKSTI/Payment_Details_Verification_Page/PROCESS' successfully

2020-11-02 13:57:48 - [TEST_STEP][PASSED] - utilities.SafeActions.safeClick(findTestObject("CERTPAY_QUICKSTI/Payment_Details_Verification_Page/PROCESS"), "Process", [pageLoadTime]): Quicksti_Master.ts:Clicked on the Process

2020-11-02 13:57:48 - [MESSAGE][INFO] - safeClicking

2020-11-02 13:57:49 - [MESSAGE][PASSED] - Object 'Object Repository/CERTPAY_QUICKSTI/Payment_Details_Verification_Page/PROCESS' is present

2020-11-02 13:57:49 - [MESSAGE][PASSED] - Object 'Object Repository/CERTPAY_QUICKSTI/Payment_Details_Verification_Page/PROCESS' is clickable

2020-11-02 13:57:54 - [MESSAGE][PASSED] - Object: 'Object Repository/CERTPAY_QUICKSTI/Payment_Details_Verification_Page/PROCESS' is clicked on

2020-11-02 13:57:54 - [MESSAGE][PASSED] - Quicksti_Master.ts:Clicked on the Process

2020-11-02 13:57:54 - [TEST_STEP][PASSED] - paymentId = pages.Quicksti.verifyPaymentApproval(findTestObject("CERTPAY_QUICKSTI/Payment_Details_Verification_Page/APPROVED")): Payment is approved

2020-11-02 13:57:56 - [MESSAGE][PASSED] - Text of object 'Object Repository/CERTPAY_QUICKSTI/Payment_Details_Verification_Page/PAYMENT_ID' is: '100176132872'

2020-11-02 13:57:56 - [MESSAGE][PASSED] - Object 'Object Repository/CERTPAY_QUICKSTI/Payment_Details_Verification_Page/APPROVED' is present

2020-11-02 13:57:56 - [MESSAGE][PASSED] - Payment is approved

2020-11-02 13:57:58 - [TEST_STEP][PASSED] - navigateToUrl(Admin_url): Navigate to 'https://qa-certpayadmin.faps.net' successfully

2020-11-02 13:58:03 - [MESSAGE][PASSED] - Navigate to 'https://qa-certpayadmin.faps.net' successfully

2020-11-02 13:58:03 - [TEST_STEP][PASSED] - pages.Bureau_Login_Page.loginToAdminSite(AdminUsername, AdminPassword): Quicksti_Master.ts:Clicked on the LOGIN

2020-11-02 13:58:04 - [MESSAGE][PASSED] - Object 'Object Repository/CERTPAY_ADMIN/USER_NAME' is present

2020-11-02 13:58:04 - [MESSAGE][PASSED] - Object 'Object Repository/CERTPAY_ADMIN/USER_NAME' is visible

2020-11-02 13:58:04 - [MESSAGE][PASSED] - Object 'Object Repository/CERTPAY_ADMIN/USER_NAME' is present

2020-11-02 13:58:06 - [MESSAGE][PASSED] - Text 'VVangiliappan' is set on object 'Object Repository/CERTPAY_ADMIN/USER_NAME'

2020-11-02 13:58:06 - [MESSAGE][PASSED] - Quicksti_Master.ts:Entered'VVangiliappan into username

2020-11-02 13:58:06 - [MESSAGE][PASSED] - Object 'Object Repository/CERTPAY_ADMIN/PASSWORD' is present

2020-11-02 13:58:06 - [MESSAGE][PASSED] - Object 'Object Repository/CERTPAY_ADMIN/PASSWORD' is visible

2020-11-02 13:58:07 - [MESSAGE][PASSED] - Object 'Object Repository/CERTPAY_ADMIN/PASSWORD' is present

2020-11-02 13:58:08 - [MESSAGE][PASSED] - Text 'Test@123' is set on object 'Object Repository/CERTPAY_ADMIN/PASSWORD'

2020-11-02 13:58:08 - [MESSAGE][PASSED] - Quicksti_Master.ts:Entered'Test@123 into password

2020-11-02 13:58:08 - [MESSAGE][INFO] - safeClicking

2020-11-02 13:58:08 - [MESSAGE][PASSED] - Object 'Object Repository/CERTPAY_ADMIN/LOGIN_BUTTON' is present

2020-11-02 13:58:09 - [MESSAGE][PASSED] - Object 'Object Repository/CERTPAY_ADMIN/LOGIN_BUTTON' is clickable

2020-11-02 13:58:17 - [MESSAGE][PASSED] - Object: 'Object Repository/CERTPAY_ADMIN/LOGIN_BUTTON' is clicked on

2020-11-02 13:58:17 - [MESSAGE][PASSED] - Quicksti_Master.ts:Clicked on the LOGIN

2020-11-02 13:58:17 - [TEST_STEP][PASSED] - utilities.SafeActions.safeClick(findTestObject("CERTPAY_ADMIN/TRANSACTION_MENU"), "TransactionMenu", [pageLoadTime]): Quicksti_Master.ts:Clicked on the TransactionMenu

2020-11-02 13:58:17 - [MESSAGE][INFO] - safeClicking

2020-11-02 13:58:17 - [MESSAGE][PASSED] - Object 'Object Repository/CERTPAY_ADMIN/TRANSACTION_MENU' is present

2020-11-02 13:58:17 - [MESSAGE][PASSED] - Object 'Object Repository/CERTPAY_ADMIN/TRANSACTION_MENU' is clickable

2020-11-02 13:58:19 - [MESSAGE][PASSED] - Object: 'Object Repository/CERTPAY_ADMIN/TRANSACTION_MENU' is clicked on

2020-11-02 13:58:19 - [MESSAGE][PASSED] - Quicksti_Master.ts:Clicked on the TransactionMenu

2020-11-02 13:58:19 - [TEST_STEP][PASSED] - utilities.SafeActions.safeClick(findTestObject("CERTPAY_ADMIN/TRANSACTION_SEARCH"), "TransactionSearch", [pageLoadTime]): Quicksti_Master.ts:Clicked on the TransactionSearch

2020-11-02 13:58:19 - [MESSAGE][INFO] - safeClicking

2020-11-02 13:58:19 - [MESSAGE][PASSED] - Object 'Object Repository/CERTPAY_ADMIN/TRANSACTION_SEARCH' is present

2020-11-02 13:58:19 - [MESSAGE][PASSED] - Object 'Object Repository/CERTPAY_ADMIN/TRANSACTION_SEARCH' is clickable

2020-11-02 13:58:22 - [MESSAGE][PASSED] - Object: 'Object Repository/CERTPAY_ADMIN/TRANSACTION_SEARCH' is clicked on

2020-11-02 13:58:22 - [MESSAGE][PASSED] - Quicksti_Master.ts:Clicked on the TransactionSearch

2020-11-02 13:58:22 - [TEST_STEP][PASSED] - utilities.SafeActions.safeType(findTestObject("CERTPAY_ADMIN/PAYMENT_ID"), paymentId, "Payment id", [pageLoadTime]): Quicksti_Master.ts:Entered'100176132872 into Payment id

2020-11-02 13:58:23 - [MESSAGE][PASSED] - Object 'Object Repository/CERTPAY_ADMIN/PAYMENT_ID' is present

2020-11-02 13:58:23 - [MESSAGE][PASSED] - Object 'Object Repository/CERTPAY_ADMIN/PAYMENT_ID' is visible

2020-11-02 13:58:23 - [MESSAGE][PASSED] - Object 'Object Repository/CERTPAY_ADMIN/PAYMENT_ID' is present

2020-11-02 13:58:25 - [MESSAGE][PASSED] - Text '100176132872' is set on object 'Object Repository/CERTPAY_ADMIN/PAYMENT_ID'

2020-11-02 13:58:25 - [MESSAGE][PASSED] - Quicksti_Master.ts:Entered'100176132872 into Payment id

2020-11-02 13:58:25 - [TEST_STEP][PASSED] - utilities.SafeActions.safeClick(findTestObject("CERTPAY_ADMIN/GO_BUTTON"), "Go button", [pageLoadTime]): Quicksti_Master.ts:Clicked on the Go button

2020-11-02 13:58:25 - [MESSAGE][INFO] - safeClicking

2020-11-02 13:58:25 - [MESSAGE][PASSED] - Object 'Object Repository/CERTPAY_ADMIN/GO_BUTTON' is present

2020-11-02 13:58:25 - [MESSAGE][PASSED] - Object 'Object Repository/CERTPAY_ADMIN/GO_BUTTON' is clickable

2020-11-02 13:58:28 - [MESSAGE][PASSED] - Object: 'Object Repository/CERTPAY_ADMIN/GO_BUTTON' is clicked on

2020-11-02 13:58:28 - [MESSAGE][PASSED] - Quicksti_Master.ts:Clicked on the Go button

2020-11-02 13:58:28 - [TEST_STEP][PASSED] - delay(5): Delayed 5 second(s)

2020-11-02 13:58:33 - [MESSAGE][PASSED] - Delayed 5 second(s)

2020-11-02 13:58:33 - [TEST_STEP][PASSED] - scrollToPosition(800, 900): Browser is scrolled to position x = 800, y = 900

2020-11-02 13:58:33 - [MESSAGE][PASSED] - Browser is scrolled to position x = 800, y = 900

2020-11-02 13:58:33 - [TEST_STEP][PASSED] - pages.Search_Page.validatePaymentAmount(amount_Value, ConvFee): Verified payment details successfully 

2020-11-02 13:58:33 - [MESSAGE][PASSED] - Text of object 'Object Repository/CERTPAY_ADMIN/PAYMENT_AMOUNT' is: '$50.00'

2020-11-02 13:58:33 - [MESSAGE][PASSED] - Actual text '50.00' and expected text '50.00' are matched  using regular expression

2020-11-02 13:58:34 - [MESSAGE][PASSED] - Text of object 'Object Repository/CERTPAY_ADMIN/CONV_FEE' is: '$1.08'

2020-11-02 13:58:34 - [MESSAGE][PASSED] - Actual text '1.08' and expected text '1.08' are matched  using regular expression

2020-11-02 13:58:34 - [MESSAGE][PASSED] - Verified payment details successfully 

2020-11-02 13:58:34 - [TEST_STEP][PASSED] - paymentIdList.add(paymentId): null

2020-11-02 13:58:34 - [TEST_STEP][PASSED] - println(paymentIdList): null

2020-11-02 13:58:34 - [TEST_STEP][PASSED] - firstName = data.getValue("FirstName", index): null

2020-11-02 13:58:34 - [TEST_STEP][PASSED] - lastName = data.getValue("LastName", index): null

2020-11-02 13:58:34 - [TEST_STEP][PASSED] - expMonth = data.getValue("ExpMonth", index): null

2020-11-02 13:58:34 - [TEST_STEP][PASSED] - expYear = data.getValue("ExpYear", index): null

2020-11-02 13:58:34 - [TEST_STEP][PASSED] - securityCode = data.getValue("SecurityCode", index): null

2020-11-02 13:58:34 - [TEST_STEP][PASSED] - paymentAmount = data.getValue("PaymentAmount", index): null

2020-11-02 13:58:34 - [TEST_STEP][PASSED] - paymentType = data.getValue("PaymentType", index): null

2020-11-02 13:58:34 - [TEST_STEP][PASSED] - quantity = data.getValue("Quantity", index): null

2020-11-02 13:58:34 - [TEST_STEP][PASSED] - comments = data.getValue("Comments", index): null

2020-11-02 13:58:34 - [TEST_STEP][PASSED] - referenceNum = data.getValue("ReferenceNum", index): null

2020-11-02 13:58:34 - [TEST_STEP][PASSED] - address = data.getValue("Address", index): null

2020-11-02 13:58:34 - [TEST_STEP][PASSED] - zipCode = data.getValue("Zipcode", index): null

2020-11-02 13:58:34 - [TEST_STEP][PASSED] - telephone = data.getValue("Telephone", index): null

2020-11-02 13:58:34 - [TEST_STEP][PASSED] - emailAddress = data.getValue("EmailAddress", index): null

2020-11-02 13:58:34 - [TEST_STEP][PASSED] - cardNum = data.getValue("CardNumber", index): null

2020-11-02 13:58:34 - [TEST_STEP][PASSED] - cardType = data.getValue("CardType", index): null

2020-11-02 13:58:34 - [TEST_STEP][PASSED] - utilities.SafeActions.openBrowser(Quicksti_Url, [pageLoadTime]): Browser launched successfully

2020-11-02 13:58:34 - [MESSAGE][INFO] - Opening Browser

2020-11-02 13:58:34 - [MESSAGE][WARNING] - A browser is already opened. Closing browser and opening a new one

2020-11-02 13:58:35 - [MESSAGE][INFO] - Starting 'Chrome' driver

2020-11-02 13:58:43 - [MESSAGE][PASSED] - Browser is opened with url: 'https://qa-certpayquicksti.faps.net/'

2020-11-02 13:58:45 - [MESSAGE][PASSED] - Current window maximized

2020-11-02 13:58:45 - [MESSAGE][PASSED] - Browser launched successfully

2020-11-02 13:58:45 - [TEST_STEP][PASSED] - utilities.SafeActions.safeType(findTestObject("CERTPAY_QUICKSTI/Login_ Page/BUREAU_CODE"), bureau_code, "Bureau code", [pageLoadTime]): Quicksti_Master.ts:Entered'6100000 into Bureau code

2020-11-02 13:58:45 - [MESSAGE][PASSED] - Object 'Object Repository/CERTPAY_QUICKSTI/Login_ Page/BUREAU_CODE' is present

2020-11-02 13:58:45 - [MESSAGE][PASSED] - Object 'Object Repository/CERTPAY_QUICKSTI/Login_ Page/BUREAU_CODE' is visible

2020-11-02 13:58:45 - [MESSAGE][PASSED] - Object 'Object Repository/CERTPAY_QUICKSTI/Login_ Page/BUREAU_CODE' is present

2020-11-02 13:58:47 - [MESSAGE][PASSED] - Text '6100000' is set on object 'Object Repository/CERTPAY_QUICKSTI/Login_ Page/BUREAU_CODE'

2020-11-02 13:58:47 - [MESSAGE][PASSED] - Quicksti_Master.ts:Entered'6100000 into Bureau code

2020-11-02 13:58:47 - [TEST_STEP][PASSED] - utilities.SafeActions.safeType(findTestObject("CERTPAY_QUICKSTI/Login_ Page/TELLER_ID"), teller_id, "Bureau code", [pageLoadTime]): Quicksti_Master.ts:Entered'zenq into Bureau code

2020-11-02 13:58:47 - [MESSAGE][PASSED] - Object 'Object Repository/CERTPAY_QUICKSTI/Login_ Page/TELLER_ID' is present

2020-11-02 13:58:47 - [MESSAGE][PASSED] - Object 'Object Repository/CERTPAY_QUICKSTI/Login_ Page/TELLER_ID' is visible

2020-11-02 13:58:48 - [MESSAGE][PASSED] - Object 'Object Repository/CERTPAY_QUICKSTI/Login_ Page/TELLER_ID' is present

2020-11-02 13:58:49 - [MESSAGE][PASSED] - Text 'zenq' is set on object 'Object Repository/CERTPAY_QUICKSTI/Login_ Page/TELLER_ID'

2020-11-02 13:58:49 - [MESSAGE][PASSED] - Quicksti_Master.ts:Entered'zenq into Bureau code

2020-11-02 13:58:49 - [TEST_STEP][PASSED] - utilities.SafeActions.safeClick(findTestObject("CERTPAY_QUICKSTI/Login_ Page/NEXT_BUTTON"), "Next button", [pageLoadTime]): Quicksti_Master.ts:Clicked on the Next button

2020-11-02 13:58:49 - [MESSAGE][INFO] - safeClicking

2020-11-02 13:58:49 - [MESSAGE][PASSED] - Object 'Object Repository/CERTPAY_QUICKSTI/Login_ Page/NEXT_BUTTON' is present

2020-11-02 13:58:49 - [MESSAGE][PASSED] - Object 'Object Repository/CERTPAY_QUICKSTI/Login_ Page/NEXT_BUTTON' is clickable

2020-11-02 13:58:54 - [MESSAGE][PASSED] - Object: 'Object Repository/CERTPAY_QUICKSTI/Login_ Page/NEXT_BUTTON' is clicked on

2020-11-02 13:58:54 - [MESSAGE][PASSED] - Quicksti_Master.ts:Clicked on the Next button

2020-11-02 13:58:54 - [TEST_STEP][PASSED] - utilities.SafeActions.safeClick(findTestObject("CERTPAY_QUICKSTI/Payment_Information_Page/MANUAL_ENTRY_BUTTON"), "ManualEntry", [pageLoadTime]): Quicksti_Master.ts:Clicked on the ManualEntry

2020-11-02 13:58:54 - [MESSAGE][INFO] - safeClicking

2020-11-02 13:58:54 - [MESSAGE][PASSED] - Object 'Object Repository/CERTPAY_QUICKSTI/Payment_Information_Page/MANUAL_ENTRY_BUTTON' is present

2020-11-02 13:58:55 - [MESSAGE][PASSED] - Object 'Object Repository/CERTPAY_QUICKSTI/Payment_Information_Page/MANUAL_ENTRY_BUTTON' is clickable

2020-11-02 13:58:57 - [MESSAGE][PASSED] - Object: 'Object Repository/CERTPAY_QUICKSTI/Payment_Information_Page/MANUAL_ENTRY_BUTTON' is clicked on

2020-11-02 13:58:57 - [MESSAGE][PASSED] - Quicksti_Master.ts:Clicked on the ManualEntry

2020-11-02 13:58:57 - [TEST_STEP][PASSED] - CardNumber = pages.Quicksti.setUserPaymentDetails(firstName, lastName, cardNum): Quicksti_Master.ts:Entered'342036735241581 into CardNum

2020-11-02 13:58:58 - [MESSAGE][PASSED] - Object 'Object Repository/CERTPAY_QUICKSTI/Payment_Information_Page/FIRST_NAME' is present

2020-11-02 13:58:58 - [MESSAGE][PASSED] - Object 'Object Repository/CERTPAY_QUICKSTI/Payment_Information_Page/FIRST_NAME' is visible

2020-11-02 13:58:58 - [MESSAGE][PASSED] - Object 'Object Repository/CERTPAY_QUICKSTI/Payment_Information_Page/FIRST_NAME' is present

2020-11-02 13:59:00 - [MESSAGE][PASSED] - Text 'Tester' is set on object 'Object Repository/CERTPAY_QUICKSTI/Payment_Information_Page/FIRST_NAME'

2020-11-02 13:59:00 - [MESSAGE][PASSED] - Quicksti_Master.ts:Entered'Tester into FirstName

2020-11-02 13:59:00 - [MESSAGE][PASSED] - Object 'Object Repository/CERTPAY_QUICKSTI/Payment_Information_Page/LAST_NAME' is present

2020-11-02 13:59:00 - [MESSAGE][PASSED] - Object 'Object Repository/CERTPAY_QUICKSTI/Payment_Information_Page/LAST_NAME' is visible

2020-11-02 13:59:01 - [MESSAGE][PASSED] - Object 'Object Repository/CERTPAY_QUICKSTI/Payment_Information_Page/LAST_NAME' is present

2020-11-02 13:59:02 - [MESSAGE][PASSED] - Text 'Zenq1' is set on object 'Object Repository/CERTPAY_QUICKSTI/Payment_Information_Page/LAST_NAME'

2020-11-02 13:59:02 - [MESSAGE][PASSED] - Quicksti_Master.ts:Entered'Zenq1 into LAstName

2020-11-02 13:59:02 - [MESSAGE][PASSED] - Object 'Object Repository/CERTPAY_QUICKSTI/Payment_Information_Page/CARD_NUMBER' is present

2020-11-02 13:59:02 - [MESSAGE][PASSED] - Object 'Object Repository/CERTPAY_QUICKSTI/Payment_Information_Page/CARD_NUMBER' is visible

2020-11-02 13:59:08 - [MESSAGE][PASSED] - Object 'Object Repository/CERTPAY_QUICKSTI/Payment_Information_Page/CARD_NUMBER' is present

2020-11-02 13:59:09 - [MESSAGE][PASSED] - Text '342036735241581' is set on object 'Object Repository/CERTPAY_QUICKSTI/Payment_Information_Page/CARD_NUMBER'

2020-11-02 13:59:09 - [MESSAGE][PASSED] - Quicksti_Master.ts:Entered'342036735241581 into CardNum

2020-11-02 13:59:09 - [TEST_STEP][PASSED] - utilities.SafeActions.safeSelectOptionInDropdownByVisibleText(findTestObject("CERTPAY_QUICKSTI/Payment_Information_Page/PAYMENT_TYPE"), paymentType, "paymentType", [pageLoadTime]): selected dropdown option by visible text  Licensesfrom paymentType

2020-11-02 13:59:09 - [MESSAGE][PASSED] - Object 'Object Repository/CERTPAY_QUICKSTI/Payment_Information_Page/PAYMENT_TYPE' is visible

2020-11-02 13:59:10 - [MESSAGE][PASSED] - Object 'Object Repository/CERTPAY_QUICKSTI/Payment_Information_Page/PAYMENT_TYPE' is present

2020-11-02 13:59:11 - [MESSAGE][PASSED] - Object: 'Object Repository/CERTPAY_QUICKSTI/Payment_Information_Page/PAYMENT_TYPE' is clicked on

2020-11-02 13:59:12 - [MESSAGE][PASSED] - All options with label 'Licenses' are selected in object 'Object Repository/CERTPAY_QUICKSTI/Payment_Information_Page/PAYMENT_TYPE'  using regular expression

2020-11-02 13:59:12 - [MESSAGE][PASSED] - selected dropdown option by visible text  Licensesfrom paymentType

2020-11-02 13:59:12 - [TEST_STEP][PASSED] - pages.Quicksti.setExpDate(expMonth, expYear, securityCode): Quicksti_Master.ts:Entered'111 into securityCode

2020-11-02 13:59:12 - [MESSAGE][PASSED] - Object 'Object Repository/CERTPAY_QUICKSTI/Payment_Information_Page/EXP_MONTH' is visible

2020-11-02 13:59:12 - [MESSAGE][PASSED] - Object 'Object Repository/CERTPAY_QUICKSTI/Payment_Information_Page/EXP_MONTH' is present

2020-11-02 13:59:14 - [MESSAGE][PASSED] - Object: 'Object Repository/CERTPAY_QUICKSTI/Payment_Information_Page/EXP_MONTH' is clicked on

2020-11-02 13:59:15 - [MESSAGE][PASSED] - All options with label '04' are selected in object 'Object Repository/CERTPAY_QUICKSTI/Payment_Information_Page/EXP_MONTH'  using regular expression

2020-11-02 13:59:15 - [MESSAGE][PASSED] - selected dropdown option by visible text  04from expMonth

2020-11-02 13:59:15 - [MESSAGE][PASSED] - Object 'Object Repository/CERTPAY_QUICKSTI/Payment_Information_Page/EXP_YEAR' is visible

2020-11-02 13:59:15 - [MESSAGE][PASSED] - Object 'Object Repository/CERTPAY_QUICKSTI/Payment_Information_Page/EXP_YEAR' is present

2020-11-02 13:59:17 - [MESSAGE][PASSED] - Object: 'Object Repository/CERTPAY_QUICKSTI/Payment_Information_Page/EXP_YEAR' is clicked on

2020-11-02 13:59:18 - [MESSAGE][PASSED] - All options with label '2027' are selected in object 'Object Repository/CERTPAY_QUICKSTI/Payment_Information_Page/EXP_YEAR'  using regular expression

2020-11-02 13:59:18 - [MESSAGE][PASSED] - selected dropdown option by visible text  2027from  expYear

2020-11-02 13:59:18 - [MESSAGE][PASSED] - Object 'Object Repository/CERTPAY_QUICKSTI/Payment_Information_Page/SECURITY_CODE' is present

2020-11-02 13:59:18 - [MESSAGE][PASSED] - Object 'Object Repository/CERTPAY_QUICKSTI/Payment_Information_Page/SECURITY_CODE' is visible

2020-11-02 13:59:19 - [MESSAGE][PASSED] - Object 'Object Repository/CERTPAY_QUICKSTI/Payment_Information_Page/SECURITY_CODE' is present

2020-11-02 13:59:20 - [MESSAGE][PASSED] - Text '111' is set on object 'Object Repository/CERTPAY_QUICKSTI/Payment_Information_Page/SECURITY_CODE'

2020-11-02 13:59:20 - [MESSAGE][PASSED] - Quicksti_Master.ts:Entered'111 into securityCode

2020-11-02 13:59:20 - [TEST_STEP][PASSED] - pages.Quicksti.setPaymentAmountDetailsForSinglePayment(paymentAmount, quantity): Quicksti_Master.ts:Entered'1 into Quantity

2020-11-02 13:59:20 - [MESSAGE][PASSED] - Object 'Object Repository/CERTPAY_QUICKSTI/Payment_Information_Page/PAYMENT_AMOUNT' is present

2020-11-02 13:59:21 - [MESSAGE][PASSED] - Object 'Object Repository/CERTPAY_QUICKSTI/Payment_Information_Page/PAYMENT_AMOUNT' is visible

2020-11-02 13:59:21 - [MESSAGE][PASSED] - Object 'Object Repository/CERTPAY_QUICKSTI/Payment_Information_Page/PAYMENT_AMOUNT' is present

2020-11-02 13:59:22 - [MESSAGE][PASSED] - Text '30.00' is set on object 'Object Repository/CERTPAY_QUICKSTI/Payment_Information_Page/PAYMENT_AMOUNT'

2020-11-02 13:59:22 - [MESSAGE][PASSED] - Quicksti_Master.ts:Entered'30.00 into amount

2020-11-02 13:59:23 - [MESSAGE][PASSED] - Object 'Object Repository/CERTPAY_QUICKSTI/Payment_Information_Page/QUANTITY' is present

2020-11-02 13:59:23 - [MESSAGE][PASSED] - Object 'Object Repository/CERTPAY_QUICKSTI/Payment_Information_Page/QUANTITY' is visible

2020-11-02 13:59:23 - [MESSAGE][PASSED] - Object 'Object Repository/CERTPAY_QUICKSTI/Payment_Information_Page/QUANTITY' is present

2020-11-02 13:59:25 - [MESSAGE][PASSED] - Text '1' is set on object 'Object Repository/CERTPAY_QUICKSTI/Payment_Information_Page/QUANTITY'

2020-11-02 13:59:25 - [MESSAGE][PASSED] - Quicksti_Master.ts:Entered'1 into Quantity

2020-11-02 13:59:25 - [TEST_STEP][PASSED] - utilities.SafeActions.safeType(findTestObject("CERTPAY_QUICKSTI/Payment_Information_Page/REFRENCE_NUMBER"), referenceNum, "Reference Number", [pageLoadTime]): Quicksti_Master.ts:Entered'13 into Reference Number

2020-11-02 13:59:25 - [MESSAGE][PASSED] - Object 'Object Repository/CERTPAY_QUICKSTI/Payment_Information_Page/REFRENCE_NUMBER' is present

2020-11-02 13:59:25 - [MESSAGE][PASSED] - Object 'Object Repository/CERTPAY_QUICKSTI/Payment_Information_Page/REFRENCE_NUMBER' is visible

2020-11-02 13:59:25 - [MESSAGE][PASSED] - Object 'Object Repository/CERTPAY_QUICKSTI/Payment_Information_Page/REFRENCE_NUMBER' is present

2020-11-02 13:59:27 - [MESSAGE][PASSED] - Text '13' is set on object 'Object Repository/CERTPAY_QUICKSTI/Payment_Information_Page/REFRENCE_NUMBER'

2020-11-02 13:59:27 - [MESSAGE][PASSED] - Quicksti_Master.ts:Entered'13 into Reference Number

2020-11-02 13:59:27 - [TEST_STEP][PASSED] - amount_Value = pages.Quicksti.getAttributeValue(findTestObject("CERTPAY_QUICKSTI/Payment_Information_Page/SUB_TOTAL")): pages.Quicksti.getAttributeValue is PASSED

2020-11-02 13:59:27 - [MESSAGE][PASSED] - Attribute 'value' of object 'Object Repository/CERTPAY_QUICKSTI/Payment_Information_Page/SUB_TOTAL' is: '30.00'

2020-11-02 13:59:27 - [MESSAGE][PASSED] - pages.Quicksti.getAttributeValue is PASSED

2020-11-02 13:59:27 - [TEST_STEP][PASSED] - utilities.SafeActions.safeType(findTestObject("CERTPAY_QUICKSTI/Payment_Information_Page/COMMENTS"), "Testing", "Comments", [pageLoadTime]): Quicksti_Master.ts:Entered'Testing into Comments

2020-11-02 13:59:27 - [MESSAGE][PASSED] - Object 'Object Repository/CERTPAY_QUICKSTI/Payment_Information_Page/COMMENTS' is present

2020-11-02 13:59:28 - [MESSAGE][PASSED] - Object 'Object Repository/CERTPAY_QUICKSTI/Payment_Information_Page/COMMENTS' is visible

2020-11-02 13:59:28 - [MESSAGE][PASSED] - Object 'Object Repository/CERTPAY_QUICKSTI/Payment_Information_Page/COMMENTS' is present

2020-11-02 13:59:29 - [MESSAGE][PASSED] - Text 'Testing' is set on object 'Object Repository/CERTPAY_QUICKSTI/Payment_Information_Page/COMMENTS'

2020-11-02 13:59:29 - [MESSAGE][PASSED] - Quicksti_Master.ts:Entered'Testing into Comments

2020-11-02 13:59:29 - [TEST_STEP][PASSED] - utilities.SafeActions.safeType(findTestObject("CERTPAY_QUICKSTI/Payment_Information_Page/ADDRESS"), address, "Address", [pageLoadTime]): Quicksti_Master.ts:Entered'14-2 into Address

2020-11-02 13:59:30 - [MESSAGE][PASSED] - Object 'Object Repository/CERTPAY_QUICKSTI/Payment_Information_Page/ADDRESS' is present

2020-11-02 13:59:30 - [MESSAGE][PASSED] - Object 'Object Repository/CERTPAY_QUICKSTI/Payment_Information_Page/ADDRESS' is visible

2020-11-02 13:59:30 - [MESSAGE][PASSED] - Object 'Object Repository/CERTPAY_QUICKSTI/Payment_Information_Page/ADDRESS' is present

2020-11-02 13:59:31 - [MESSAGE][PASSED] - Text '14-2' is set on object 'Object Repository/CERTPAY_QUICKSTI/Payment_Information_Page/ADDRESS'

2020-11-02 13:59:31 - [MESSAGE][PASSED] - Quicksti_Master.ts:Entered'14-2 into Address

2020-11-02 13:59:31 - [TEST_STEP][PASSED] - utilities.SafeActions.safeType(findTestObject("CERTPAY_QUICKSTI/Payment_Information_Page/ZIP_CODE"), zipCode, "zipcode", [pageLoadTime]): Quicksti_Master.ts:Entered'76102 into zipcode

2020-11-02 13:59:32 - [MESSAGE][PASSED] - Object 'Object Repository/CERTPAY_QUICKSTI/Payment_Information_Page/ZIP_CODE' is present

2020-11-02 13:59:32 - [MESSAGE][PASSED] - Object 'Object Repository/CERTPAY_QUICKSTI/Payment_Information_Page/ZIP_CODE' is visible

2020-11-02 13:59:32 - [MESSAGE][PASSED] - Object 'Object Repository/CERTPAY_QUICKSTI/Payment_Information_Page/ZIP_CODE' is present

2020-11-02 13:59:34 - [MESSAGE][PASSED] - Text '76102' is set on object 'Object Repository/CERTPAY_QUICKSTI/Payment_Information_Page/ZIP_CODE'

2020-11-02 13:59:34 - [MESSAGE][PASSED] - Quicksti_Master.ts:Entered'76102 into zipcode

2020-11-02 13:59:34 - [TEST_STEP][PASSED] - utilities.SafeActions.safeType(findTestObject("CERTPAY_QUICKSTI/Payment_Information_Page/TELEPHONE"), telephone, "Telephone", [pageLoadTime]): Quicksti_Master.ts:Entered'9989897654 into Telephone

2020-11-02 13:59:34 - [MESSAGE][PASSED] - Object 'Object Repository/CERTPAY_QUICKSTI/Payment_Information_Page/TELEPHONE' is present

2020-11-02 13:59:34 - [MESSAGE][PASSED] - Object 'Object Repository/CERTPAY_QUICKSTI/Payment_Information_Page/TELEPHONE' is visible

2020-11-02 13:59:34 - [MESSAGE][PASSED] - Object 'Object Repository/CERTPAY_QUICKSTI/Payment_Information_Page/TELEPHONE' is present

2020-11-02 13:59:36 - [MESSAGE][PASSED] - Text '9989897654' is set on object 'Object Repository/CERTPAY_QUICKSTI/Payment_Information_Page/TELEPHONE'

2020-11-02 13:59:36 - [MESSAGE][PASSED] - Quicksti_Master.ts:Entered'9989897654 into Telephone

2020-11-02 13:59:36 - [TEST_STEP][PASSED] - utilities.SafeActions.safeType(findTestObject("CERTPAY_QUICKSTI/Payment_Information_Page/EMAIL_ADDRESS"), emailAddress, "EMAIL address", [pageLoadTime]): Quicksti_Master.ts:Entered'testing@zenq.com into EMAIL address

2020-11-02 13:59:36 - [MESSAGE][PASSED] - Object 'Object Repository/CERTPAY_QUICKSTI/Payment_Information_Page/EMAIL_ADDRESS' is present

2020-11-02 13:59:36 - [MESSAGE][PASSED] - Object 'Object Repository/CERTPAY_QUICKSTI/Payment_Information_Page/EMAIL_ADDRESS' is visible

2020-11-02 13:59:37 - [MESSAGE][PASSED] - Object 'Object Repository/CERTPAY_QUICKSTI/Payment_Information_Page/EMAIL_ADDRESS' is present

2020-11-02 13:59:38 - [MESSAGE][PASSED] - Text 'testing@zenq.com' is set on object 'Object Repository/CERTPAY_QUICKSTI/Payment_Information_Page/EMAIL_ADDRESS'

2020-11-02 13:59:38 - [MESSAGE][PASSED] - Quicksti_Master.ts:Entered'testing@zenq.com into EMAIL address

2020-11-02 13:59:38 - [TEST_STEP][PASSED] - utilities.SafeActions.safeClick(findTestObject("CERTPAY_QUICKSTI/Payment_Information_Page/NEXT_BUTTON"), "Next", [pageLoadTime]): Quicksti_Master.ts:Clicked on the Next

2020-11-02 13:59:38 - [MESSAGE][INFO] - safeClicking

2020-11-02 13:59:38 - [MESSAGE][PASSED] - Object 'Object Repository/CERTPAY_QUICKSTI/Payment_Information_Page/NEXT_BUTTON' is present

2020-11-02 13:59:38 - [MESSAGE][PASSED] - Object 'Object Repository/CERTPAY_QUICKSTI/Payment_Information_Page/NEXT_BUTTON' is clickable

2020-11-02 13:59:42 - [MESSAGE][PASSED] - Object: 'Object Repository/CERTPAY_QUICKSTI/Payment_Information_Page/NEXT_BUTTON' is clicked on

2020-11-02 13:59:42 - [MESSAGE][PASSED] - Quicksti_Master.ts:Clicked on the Next

2020-11-02 13:59:42 - [TEST_STEP][PASSED] - pages.Quicksti.verifyUserPaymentDetails(paymentAmount, firstName, lastName, CardNumber): pages.Quicksti.verifyUserPaymentDetails is PASSED

2020-11-02 13:59:44 - [MESSAGE][PASSED] - Text of object 'Object Repository/CERTPAY_QUICKSTI/Payment_Details_Verification_Page/AMOUNT' is: '$30.00'

2020-11-02 13:59:44 - [MESSAGE][PASSED] - Actual text '30.00' and expected text '30.00' are matched  using regular expression

2020-11-02 13:59:44 - [MESSAGE][PASSED] - Text of object 'Object Repository/CERTPAY_QUICKSTI/Payment_Details_Verification_Page/NAME' is: 'Tester Zenq1'

2020-11-02 13:59:44 - [MESSAGE][PASSED] - Actual text 'Tester Zenq1' and expected text 'Tester Zenq1' are matched  using regular expression

2020-11-02 13:59:44 - [MESSAGE][PASSED] - Text of object 'Object Repository/CERTPAY_QUICKSTI/Payment_Details_Verification_Page/CARD_NUMBER' is: '...1581'

2020-11-02 13:59:44 - [MESSAGE][PASSED] - Actual text '1581' and expected text '1581' are matched  using regular expression

2020-11-02 13:59:44 - [MESSAGE][PASSED] - pages.Quicksti.verifyUserPaymentDetails is PASSED

2020-11-02 13:59:44 - [TEST_STEP][PASSED] - delay(2): Delayed 2 second(s)

2020-11-02 13:59:46 - [MESSAGE][PASSED] - Delayed 2 second(s)

2020-11-02 13:59:46 - [TEST_STEP][PASSED] - ConvFee = getText(findTestObject("CERTPAY_QUICKSTI/Payment_Information_Page/CONV_FEE")): Text of object 'Object Repository/CERTPAY_QUICKSTI/Payment_Information_Page/CONV_FEE' is: '$0.65'

2020-11-02 13:59:47 - [MESSAGE][PASSED] - Text of object 'Object Repository/CERTPAY_QUICKSTI/Payment_Information_Page/CONV_FEE' is: '$0.65'

2020-11-02 13:59:47 - [TEST_STEP][PASSED] - scrollToElement(findTestObject("CERTPAY_QUICKSTI/Payment_Details_Verification_Page/PROCESS"), 0): Scroll to object 'Object Repository/CERTPAY_QUICKSTI/Payment_Details_Verification_Page/PROCESS' successfully

2020-11-02 13:59:47 - [MESSAGE][WARNING] - Timeout '0' is invalid. Using default page load timeout: '30'

2020-11-02 13:59:47 - [MESSAGE][PASSED] - Scroll to object 'Object Repository/CERTPAY_QUICKSTI/Payment_Details_Verification_Page/PROCESS' successfully

2020-11-02 13:59:47 - [TEST_STEP][PASSED] - utilities.SafeActions.safeClick(findTestObject("CERTPAY_QUICKSTI/Payment_Details_Verification_Page/PROCESS"), "Process", [pageLoadTime]): Quicksti_Master.ts:Clicked on the Process

2020-11-02 13:59:47 - [MESSAGE][INFO] - safeClicking

2020-11-02 13:59:47 - [MESSAGE][PASSED] - Object 'Object Repository/CERTPAY_QUICKSTI/Payment_Details_Verification_Page/PROCESS' is present

2020-11-02 13:59:48 - [MESSAGE][PASSED] - Object 'Object Repository/CERTPAY_QUICKSTI/Payment_Details_Verification_Page/PROCESS' is clickable

2020-11-02 13:59:52 - [MESSAGE][PASSED] - Object: 'Object Repository/CERTPAY_QUICKSTI/Payment_Details_Verification_Page/PROCESS' is clicked on

2020-11-02 13:59:52 - [MESSAGE][PASSED] - Quicksti_Master.ts:Clicked on the Process

2020-11-02 13:59:52 - [TEST_STEP][PASSED] - paymentId = pages.Quicksti.verifyPaymentApproval(findTestObject("CERTPAY_QUICKSTI/Payment_Details_Verification_Page/APPROVED")): Payment is approved

2020-11-02 13:59:53 - [MESSAGE][PASSED] - Text of object 'Object Repository/CERTPAY_QUICKSTI/Payment_Details_Verification_Page/PAYMENT_ID' is: '100176132876'

2020-11-02 13:59:53 - [MESSAGE][PASSED] - Object 'Object Repository/CERTPAY_QUICKSTI/Payment_Details_Verification_Page/APPROVED' is present

2020-11-02 13:59:53 - [MESSAGE][PASSED] - Payment is approved

2020-11-02 13:59:55 - [TEST_STEP][PASSED] - navigateToUrl(Admin_url): Navigate to 'https://qa-certpayadmin.faps.net' successfully

2020-11-02 14:00:02 - [MESSAGE][PASSED] - Navigate to 'https://qa-certpayadmin.faps.net' successfully

2020-11-02 14:00:02 - [TEST_STEP][PASSED] - pages.Bureau_Login_Page.loginToAdminSite(AdminUsername, AdminPassword): Quicksti_Master.ts:Clicked on the LOGIN

2020-11-02 14:00:03 - [MESSAGE][PASSED] - Object 'Object Repository/CERTPAY_ADMIN/USER_NAME' is present

2020-11-02 14:00:03 - [MESSAGE][PASSED] - Object 'Object Repository/CERTPAY_ADMIN/USER_NAME' is visible

2020-11-02 14:00:03 - [MESSAGE][PASSED] - Object 'Object Repository/CERTPAY_ADMIN/USER_NAME' is present

2020-11-02 14:00:05 - [MESSAGE][PASSED] - Text 'VVangiliappan' is set on object 'Object Repository/CERTPAY_ADMIN/USER_NAME'

2020-11-02 14:00:05 - [MESSAGE][PASSED] - Quicksti_Master.ts:Entered'VVangiliappan into username

2020-11-02 14:00:05 - [MESSAGE][PASSED] - Object 'Object Repository/CERTPAY_ADMIN/PASSWORD' is present

2020-11-02 14:00:05 - [MESSAGE][PASSED] - Object 'Object Repository/CERTPAY_ADMIN/PASSWORD' is visible

2020-11-02 14:00:05 - [MESSAGE][PASSED] - Object 'Object Repository/CERTPAY_ADMIN/PASSWORD' is present

2020-11-02 14:00:07 - [MESSAGE][PASSED] - Text 'Test@123' is set on object 'Object Repository/CERTPAY_ADMIN/PASSWORD'

2020-11-02 14:00:07 - [MESSAGE][PASSED] - Quicksti_Master.ts:Entered'Test@123 into password

2020-11-02 14:00:07 - [MESSAGE][INFO] - safeClicking

2020-11-02 14:00:07 - [MESSAGE][PASSED] - Object 'Object Repository/CERTPAY_ADMIN/LOGIN_BUTTON' is present

2020-11-02 14:00:07 - [MESSAGE][PASSED] - Object 'Object Repository/CERTPAY_ADMIN/LOGIN_BUTTON' is clickable

2020-11-02 14:00:16 - [MESSAGE][PASSED] - Object: 'Object Repository/CERTPAY_ADMIN/LOGIN_BUTTON' is clicked on

2020-11-02 14:00:16 - [MESSAGE][PASSED] - Quicksti_Master.ts:Clicked on the LOGIN

2020-11-02 14:00:16 - [TEST_STEP][PASSED] - utilities.SafeActions.safeClick(findTestObject("CERTPAY_ADMIN/TRANSACTION_MENU"), "TransactionMenu", [pageLoadTime]): Quicksti_Master.ts:Clicked on the TransactionMenu

2020-11-02 14:00:16 - [MESSAGE][INFO] - safeClicking

2020-11-02 14:00:16 - [MESSAGE][PASSED] - Object 'Object Repository/CERTPAY_ADMIN/TRANSACTION_MENU' is present

2020-11-02 14:00:17 - [MESSAGE][PASSED] - Object 'Object Repository/CERTPAY_ADMIN/TRANSACTION_MENU' is clickable

2020-11-02 14:00:18 - [MESSAGE][PASSED] - Object: 'Object Repository/CERTPAY_ADMIN/TRANSACTION_MENU' is clicked on

2020-11-02 14:00:18 - [MESSAGE][PASSED] - Quicksti_Master.ts:Clicked on the TransactionMenu

2020-11-02 14:00:18 - [TEST_STEP][PASSED] - utilities.SafeActions.safeClick(findTestObject("CERTPAY_ADMIN/TRANSACTION_SEARCH"), "TransactionSearch", [pageLoadTime]): Quicksti_Master.ts:Clicked on the TransactionSearch

2020-11-02 14:00:18 - [MESSAGE][INFO] - safeClicking

2020-11-02 14:00:18 - [MESSAGE][PASSED] - Object 'Object Repository/CERTPAY_ADMIN/TRANSACTION_SEARCH' is present

2020-11-02 14:00:18 - [MESSAGE][PASSED] - Object 'Object Repository/CERTPAY_ADMIN/TRANSACTION_SEARCH' is clickable

2020-11-02 14:00:21 - [MESSAGE][PASSED] - Object: 'Object Repository/CERTPAY_ADMIN/TRANSACTION_SEARCH' is clicked on

2020-11-02 14:00:21 - [MESSAGE][PASSED] - Quicksti_Master.ts:Clicked on the TransactionSearch

2020-11-02 14:00:21 - [TEST_STEP][PASSED] - utilities.SafeActions.safeType(findTestObject("CERTPAY_ADMIN/PAYMENT_ID"), paymentId, "Payment id", [pageLoadTime]): Quicksti_Master.ts:Entered'100176132876 into Payment id

2020-11-02 14:00:22 - [MESSAGE][PASSED] - Object 'Object Repository/CERTPAY_ADMIN/PAYMENT_ID' is present

2020-11-02 14:00:22 - [MESSAGE][PASSED] - Object 'Object Repository/CERTPAY_ADMIN/PAYMENT_ID' is visible

2020-11-02 14:00:22 - [MESSAGE][PASSED] - Object 'Object Repository/CERTPAY_ADMIN/PAYMENT_ID' is present

2020-11-02 14:00:24 - [MESSAGE][PASSED] - Text '100176132876' is set on object 'Object Repository/CERTPAY_ADMIN/PAYMENT_ID'

2020-11-02 14:00:24 - [MESSAGE][PASSED] - Quicksti_Master.ts:Entered'100176132876 into Payment id

2020-11-02 14:00:24 - [TEST_STEP][PASSED] - utilities.SafeActions.safeClick(findTestObject("CERTPAY_ADMIN/GO_BUTTON"), "Go button", [pageLoadTime]): Quicksti_Master.ts:Clicked on the Go button

2020-11-02 14:00:24 - [MESSAGE][INFO] - safeClicking

2020-11-02 14:00:24 - [MESSAGE][PASSED] - Object 'Object Repository/CERTPAY_ADMIN/GO_BUTTON' is present

2020-11-02 14:00:24 - [MESSAGE][PASSED] - Object 'Object Repository/CERTPAY_ADMIN/GO_BUTTON' is clickable

2020-11-02 14:00:27 - [MESSAGE][PASSED] - Object: 'Object Repository/CERTPAY_ADMIN/GO_BUTTON' is clicked on

2020-11-02 14:00:27 - [MESSAGE][PASSED] - Quicksti_Master.ts:Clicked on the Go button

2020-11-02 14:00:27 - [TEST_STEP][PASSED] - delay(5): Delayed 5 second(s)

2020-11-02 14:00:32 - [MESSAGE][PASSED] - Delayed 5 second(s)

2020-11-02 14:00:32 - [TEST_STEP][PASSED] - scrollToPosition(800, 900): Browser is scrolled to position x = 800, y = 900

2020-11-02 14:00:32 - [MESSAGE][PASSED] - Browser is scrolled to position x = 800, y = 900

2020-11-02 14:00:32 - [TEST_STEP][PASSED] - pages.Search_Page.validatePaymentAmount(amount_Value, ConvFee): Verified payment details successfully 

2020-11-02 14:00:32 - [MESSAGE][PASSED] - Text of object 'Object Repository/CERTPAY_ADMIN/PAYMENT_AMOUNT' is: '$30.00'

2020-11-02 14:00:32 - [MESSAGE][PASSED] - Actual text '30.00' and expected text '30.00' are matched  using regular expression

2020-11-02 14:00:33 - [MESSAGE][PASSED] - Text of object 'Object Repository/CERTPAY_ADMIN/CONV_FEE' is: '$0.65'

2020-11-02 14:00:33 - [MESSAGE][PASSED] - Actual text '0.65' and expected text '0.65' are matched  using regular expression

2020-11-02 14:00:33 - [MESSAGE][PASSED] - Verified payment details successfully 

2020-11-02 14:00:33 - [TEST_STEP][PASSED] - paymentIdList.add(paymentId): null

2020-11-02 14:00:33 - [TEST_STEP][PASSED] - println(paymentIdList): null

2020-11-02 14:00:33 - [TEST_STEP][PASSED] - firstName = data.getValue("FirstName", index): null

2020-11-02 14:00:33 - [TEST_STEP][PASSED] - lastName = data.getValue("LastName", index): null

2020-11-02 14:00:33 - [TEST_STEP][PASSED] - expMonth = data.getValue("ExpMonth", index): null

2020-11-02 14:00:33 - [TEST_STEP][PASSED] - expYear = data.getValue("ExpYear", index): null

2020-11-02 14:00:33 - [TEST_STEP][PASSED] - securityCode = data.getValue("SecurityCode", index): null

2020-11-02 14:00:33 - [TEST_STEP][PASSED] - paymentAmount = data.getValue("PaymentAmount", index): null

2020-11-02 14:00:33 - [TEST_STEP][PASSED] - paymentType = data.getValue("PaymentType", index): null

2020-11-02 14:00:33 - [TEST_STEP][PASSED] - quantity = data.getValue("Quantity", index): null

2020-11-02 14:00:33 - [TEST_STEP][PASSED] - comments = data.getValue("Comments", index): null

2020-11-02 14:00:33 - [TEST_STEP][PASSED] - referenceNum = data.getValue("ReferenceNum", index): null

2020-11-02 14:00:33 - [TEST_STEP][PASSED] - address = data.getValue("Address", index): null

2020-11-02 14:00:33 - [TEST_STEP][PASSED] - zipCode = data.getValue("Zipcode", index): null

2020-11-02 14:00:33 - [TEST_STEP][PASSED] - telephone = data.getValue("Telephone", index): null

2020-11-02 14:00:33 - [TEST_STEP][PASSED] - emailAddress = data.getValue("EmailAddress", index): null

2020-11-02 14:00:33 - [TEST_STEP][PASSED] - cardNum = data.getValue("CardNumber", index): null

2020-11-02 14:00:33 - [TEST_STEP][PASSED] - cardType = data.getValue("CardType", index): null

2020-11-02 14:00:33 - [TEST_STEP][PASSED] - utilities.SafeActions.openBrowser(Quicksti_Url, [pageLoadTime]): Browser launched successfully

2020-11-02 14:00:33 - [MESSAGE][INFO] - Opening Browser

2020-11-02 14:00:33 - [MESSAGE][WARNING] - A browser is already opened. Closing browser and opening a new one

2020-11-02 14:00:34 - [MESSAGE][INFO] - Starting 'Chrome' driver

2020-11-02 14:00:43 - [MESSAGE][PASSED] - Browser is opened with url: 'https://qa-certpayquicksti.faps.net/'

2020-11-02 14:00:44 - [MESSAGE][PASSED] - Current window maximized

2020-11-02 14:00:44 - [MESSAGE][PASSED] - Browser launched successfully

2020-11-02 14:00:44 - [TEST_STEP][PASSED] - utilities.SafeActions.safeType(findTestObject("CERTPAY_QUICKSTI/Login_ Page/BUREAU_CODE"), bureau_code, "Bureau code", [pageLoadTime]): Quicksti_Master.ts:Entered'6100000 into Bureau code

2020-11-02 14:00:44 - [MESSAGE][PASSED] - Object 'Object Repository/CERTPAY_QUICKSTI/Login_ Page/BUREAU_CODE' is present

2020-11-02 14:00:45 - [MESSAGE][PASSED] - Object 'Object Repository/CERTPAY_QUICKSTI/Login_ Page/BUREAU_CODE' is visible

2020-11-02 14:00:45 - [MESSAGE][PASSED] - Object 'Object Repository/CERTPAY_QUICKSTI/Login_ Page/BUREAU_CODE' is present

2020-11-02 14:00:46 - [MESSAGE][PASSED] - Text '6100000' is set on object 'Object Repository/CERTPAY_QUICKSTI/Login_ Page/BUREAU_CODE'

2020-11-02 14:00:46 - [MESSAGE][PASSED] - Quicksti_Master.ts:Entered'6100000 into Bureau code

2020-11-02 14:00:46 - [TEST_STEP][PASSED] - utilities.SafeActions.safeType(findTestObject("CERTPAY_QUICKSTI/Login_ Page/TELLER_ID"), teller_id, "Bureau code", [pageLoadTime]): Quicksti_Master.ts:Entered'zenq into Bureau code

2020-11-02 14:00:46 - [MESSAGE][PASSED] - Object 'Object Repository/CERTPAY_QUICKSTI/Login_ Page/TELLER_ID' is present

2020-11-02 14:00:47 - [MESSAGE][PASSED] - Object 'Object Repository/CERTPAY_QUICKSTI/Login_ Page/TELLER_ID' is visible

2020-11-02 14:00:47 - [MESSAGE][PASSED] - Object 'Object Repository/CERTPAY_QUICKSTI/Login_ Page/TELLER_ID' is present

2020-11-02 14:00:48 - [MESSAGE][PASSED] - Text 'zenq' is set on object 'Object Repository/CERTPAY_QUICKSTI/Login_ Page/TELLER_ID'

2020-11-02 14:00:48 - [MESSAGE][PASSED] - Quicksti_Master.ts:Entered'zenq into Bureau code

2020-11-02 14:00:48 - [TEST_STEP][PASSED] - utilities.SafeActions.safeClick(findTestObject("CERTPAY_QUICKSTI/Login_ Page/NEXT_BUTTON"), "Next button", [pageLoadTime]): Quicksti_Master.ts:Clicked on the Next button

2020-11-02 14:00:48 - [MESSAGE][INFO] - safeClicking

2020-11-02 14:00:49 - [MESSAGE][PASSED] - Object 'Object Repository/CERTPAY_QUICKSTI/Login_ Page/NEXT_BUTTON' is present

2020-11-02 14:00:49 - [MESSAGE][PASSED] - Object 'Object Repository/CERTPAY_QUICKSTI/Login_ Page/NEXT_BUTTON' is clickable

2020-11-02 14:00:53 - [MESSAGE][PASSED] - Object: 'Object Repository/CERTPAY_QUICKSTI/Login_ Page/NEXT_BUTTON' is clicked on

2020-11-02 14:00:53 - [MESSAGE][PASSED] - Quicksti_Master.ts:Clicked on the Next button

2020-11-02 14:00:53 - [TEST_STEP][PASSED] - utilities.SafeActions.safeClick(findTestObject("CERTPAY_QUICKSTI/Payment_Information_Page/MANUAL_ENTRY_BUTTON"), "ManualEntry", [pageLoadTime]): Quicksti_Master.ts:Clicked on the ManualEntry

2020-11-02 14:00:53 - [MESSAGE][INFO] - safeClicking

2020-11-02 14:00:54 - [MESSAGE][PASSED] - Object 'Object Repository/CERTPAY_QUICKSTI/Payment_Information_Page/MANUAL_ENTRY_BUTTON' is present

2020-11-02 14:00:54 - [MESSAGE][PASSED] - Object 'Object Repository/CERTPAY_QUICKSTI/Payment_Information_Page/MANUAL_ENTRY_BUTTON' is clickable

2020-11-02 14:00:57 - [MESSAGE][PASSED] - Object: 'Object Repository/CERTPAY_QUICKSTI/Payment_Information_Page/MANUAL_ENTRY_BUTTON' is clicked on

2020-11-02 14:00:57 - [MESSAGE][PASSED] - Quicksti_Master.ts:Clicked on the ManualEntry

2020-11-02 14:00:57 - [TEST_STEP][PASSED] - CardNumber = pages.Quicksti.setUserPaymentDetails(firstName, lastName, cardNum): Quicksti_Master.ts:Entered'379977569371430 into CardNum

2020-11-02 14:00:57 - [MESSAGE][PASSED] - Object 'Object Repository/CERTPAY_QUICKSTI/Payment_Information_Page/FIRST_NAME' is present

2020-11-02 14:00:57 - [MESSAGE][PASSED] - Object 'Object Repository/CERTPAY_QUICKSTI/Payment_Information_Page/FIRST_NAME' is visible

2020-11-02 14:00:58 - [MESSAGE][PASSED] - Object 'Object Repository/CERTPAY_QUICKSTI/Payment_Information_Page/FIRST_NAME' is present

2020-11-02 14:00:59 - [MESSAGE][PASSED] - Text 'Tester' is set on object 'Object Repository/CERTPAY_QUICKSTI/Payment_Information_Page/FIRST_NAME'

2020-11-02 14:00:59 - [MESSAGE][PASSED] - Quicksti_Master.ts:Entered'Tester into FirstName

2020-11-02 14:00:59 - [MESSAGE][PASSED] - Object 'Object Repository/CERTPAY_QUICKSTI/Payment_Information_Page/LAST_NAME' is present

2020-11-02 14:01:00 - [MESSAGE][PASSED] - Object 'Object Repository/CERTPAY_QUICKSTI/Payment_Information_Page/LAST_NAME' is visible

2020-11-02 14:01:00 - [MESSAGE][PASSED] - Object 'Object Repository/CERTPAY_QUICKSTI/Payment_Information_Page/LAST_NAME' is present

2020-11-02 14:01:01 - [MESSAGE][PASSED] - Text '3.79978E+14' is set on object 'Object Repository/CERTPAY_QUICKSTI/Payment_Information_Page/LAST_NAME'

2020-11-02 14:01:01 - [MESSAGE][PASSED] - Quicksti_Master.ts:Entered'3.79978E+14 into LAstName

2020-11-02 14:01:02 - [MESSAGE][PASSED] - Object 'Object Repository/CERTPAY_QUICKSTI/Payment_Information_Page/CARD_NUMBER' is present

2020-11-02 14:01:02 - [MESSAGE][PASSED] - Object 'Object Repository/CERTPAY_QUICKSTI/Payment_Information_Page/CARD_NUMBER' is visible

2020-11-02 14:01:02 - [MESSAGE][PASSED] - Object 'Object Repository/CERTPAY_QUICKSTI/Payment_Information_Page/CARD_NUMBER' is present

2020-11-02 14:01:03 - [MESSAGE][PASSED] - Text '379977569371430' is set on object 'Object Repository/CERTPAY_QUICKSTI/Payment_Information_Page/CARD_NUMBER'

2020-11-02 14:01:03 - [MESSAGE][PASSED] - Quicksti_Master.ts:Entered'379977569371430 into CardNum

2020-11-02 14:01:03 - [TEST_STEP][PASSED] - utilities.SafeActions.safeSelectOptionInDropdownByVisibleText(findTestObject("CERTPAY_QUICKSTI/Payment_Information_Page/PAYMENT_TYPE"), paymentType, "paymentType", [pageLoadTime]): selected dropdown option by visible text  Taxesfrom paymentType

2020-11-02 14:01:04 - [MESSAGE][PASSED] - Object 'Object Repository/CERTPAY_QUICKSTI/Payment_Information_Page/PAYMENT_TYPE' is visible

2020-11-02 14:01:04 - [MESSAGE][PASSED] - Object 'Object Repository/CERTPAY_QUICKSTI/Payment_Information_Page/PAYMENT_TYPE' is present

2020-11-02 14:01:05 - [MESSAGE][PASSED] - Object: 'Object Repository/CERTPAY_QUICKSTI/Payment_Information_Page/PAYMENT_TYPE' is clicked on

2020-11-02 14:01:06 - [MESSAGE][PASSED] - All options with label 'Taxes' are selected in object 'Object Repository/CERTPAY_QUICKSTI/Payment_Information_Page/PAYMENT_TYPE'  using regular expression

2020-11-02 14:01:06 - [MESSAGE][PASSED] - selected dropdown option by visible text  Taxesfrom paymentType

2020-11-02 14:01:06 - [TEST_STEP][PASSED] - pages.Quicksti.setExpDate(expMonth, expYear, securityCode): Quicksti_Master.ts:Entered'111 into securityCode

2020-11-02 14:01:07 - [MESSAGE][PASSED] - Object 'Object Repository/CERTPAY_QUICKSTI/Payment_Information_Page/EXP_MONTH' is visible

2020-11-02 14:01:07 - [MESSAGE][PASSED] - Object 'Object Repository/CERTPAY_QUICKSTI/Payment_Information_Page/EXP_MONTH' is present

2020-11-02 14:01:08 - [MESSAGE][PASSED] - Object: 'Object Repository/CERTPAY_QUICKSTI/Payment_Information_Page/EXP_MONTH' is clicked on

2020-11-02 14:01:09 - [MESSAGE][PASSED] - All options with label '05' are selected in object 'Object Repository/CERTPAY_QUICKSTI/Payment_Information_Page/EXP_MONTH'  using regular expression

2020-11-02 14:01:09 - [MESSAGE][PASSED] - selected dropdown option by visible text  05from expMonth

2020-11-02 14:01:10 - [MESSAGE][PASSED] - Object 'Object Repository/CERTPAY_QUICKSTI/Payment_Information_Page/EXP_YEAR' is visible

2020-11-02 14:01:10 - [MESSAGE][PASSED] - Object 'Object Repository/CERTPAY_QUICKSTI/Payment_Information_Page/EXP_YEAR' is present

2020-11-02 14:01:11 - [MESSAGE][PASSED] - Object: 'Object Repository/CERTPAY_QUICKSTI/Payment_Information_Page/EXP_YEAR' is clicked on

2020-11-02 14:01:12 - [MESSAGE][PASSED] - All options with label '2022' are selected in object 'Object Repository/CERTPAY_QUICKSTI/Payment_Information_Page/EXP_YEAR'  using regular expression

2020-11-02 14:01:12 - [MESSAGE][PASSED] - selected dropdown option by visible text  2022from  expYear

2020-11-02 14:01:13 - [MESSAGE][PASSED] - Object 'Object Repository/CERTPAY_QUICKSTI/Payment_Information_Page/SECURITY_CODE' is present

2020-11-02 14:01:13 - [MESSAGE][PASSED] - Object 'Object Repository/CERTPAY_QUICKSTI/Payment_Information_Page/SECURITY_CODE' is visible

2020-11-02 14:01:13 - [MESSAGE][PASSED] - Object 'Object Repository/CERTPAY_QUICKSTI/Payment_Information_Page/SECURITY_CODE' is present

2020-11-02 14:01:15 - [MESSAGE][PASSED] - Text '111' is set on object 'Object Repository/CERTPAY_QUICKSTI/Payment_Information_Page/SECURITY_CODE'

2020-11-02 14:01:15 - [MESSAGE][PASSED] - Quicksti_Master.ts:Entered'111 into securityCode

2020-11-02 14:01:15 - [TEST_STEP][PASSED] - pages.Quicksti.setPaymentAmountDetailsForSinglePayment(paymentAmount, quantity): Quicksti_Master.ts:Entered'1 into Quantity

2020-11-02 14:01:15 - [MESSAGE][PASSED] - Object 'Object Repository/CERTPAY_QUICKSTI/Payment_Information_Page/PAYMENT_AMOUNT' is present

2020-11-02 14:01:15 - [MESSAGE][PASSED] - Object 'Object Repository/CERTPAY_QUICKSTI/Payment_Information_Page/PAYMENT_AMOUNT' is visible

2020-11-02 14:01:15 - [MESSAGE][PASSED] - Object 'Object Repository/CERTPAY_QUICKSTI/Payment_Information_Page/PAYMENT_AMOUNT' is present

2020-11-02 14:01:17 - [MESSAGE][PASSED] - Text '35.00' is set on object 'Object Repository/CERTPAY_QUICKSTI/Payment_Information_Page/PAYMENT_AMOUNT'

2020-11-02 14:01:17 - [MESSAGE][PASSED] - Quicksti_Master.ts:Entered'35.00 into amount

2020-11-02 14:01:17 - [MESSAGE][PASSED] - Object 'Object Repository/CERTPAY_QUICKSTI/Payment_Information_Page/QUANTITY' is present

2020-11-02 14:01:17 - [MESSAGE][PASSED] - Object 'Object Repository/CERTPAY_QUICKSTI/Payment_Information_Page/QUANTITY' is visible

2020-11-02 14:01:18 - [MESSAGE][PASSED] - Object 'Object Repository/CERTPAY_QUICKSTI/Payment_Information_Page/QUANTITY' is present

2020-11-02 14:01:19 - [MESSAGE][PASSED] - Text '1' is set on object 'Object Repository/CERTPAY_QUICKSTI/Payment_Information_Page/QUANTITY'

2020-11-02 14:01:19 - [MESSAGE][PASSED] - Quicksti_Master.ts:Entered'1 into Quantity

2020-11-02 14:01:19 - [TEST_STEP][PASSED] - utilities.SafeActions.safeType(findTestObject("CERTPAY_QUICKSTI/Payment_Information_Page/REFRENCE_NUMBER"), referenceNum, "Reference Number", [pageLoadTime]): Quicksti_Master.ts:Entered'11 into Reference Number

2020-11-02 14:01:19 - [MESSAGE][PASSED] - Object 'Object Repository/CERTPAY_QUICKSTI/Payment_Information_Page/REFRENCE_NUMBER' is present

2020-11-02 14:01:20 - [MESSAGE][PASSED] - Object 'Object Repository/CERTPAY_QUICKSTI/Payment_Information_Page/REFRENCE_NUMBER' is visible

2020-11-02 14:01:20 - [MESSAGE][PASSED] - Object 'Object Repository/CERTPAY_QUICKSTI/Payment_Information_Page/REFRENCE_NUMBER' is present

2020-11-02 14:01:21 - [MESSAGE][PASSED] - Text '11' is set on object 'Object Repository/CERTPAY_QUICKSTI/Payment_Information_Page/REFRENCE_NUMBER'

2020-11-02 14:01:21 - [MESSAGE][PASSED] - Quicksti_Master.ts:Entered'11 into Reference Number

2020-11-02 14:01:21 - [TEST_STEP][PASSED] - amount_Value = pages.Quicksti.getAttributeValue(findTestObject("CERTPAY_QUICKSTI/Payment_Information_Page/SUB_TOTAL")): pages.Quicksti.getAttributeValue is PASSED

2020-11-02 14:01:22 - [MESSAGE][PASSED] - Attribute 'value' of object 'Object Repository/CERTPAY_QUICKSTI/Payment_Information_Page/SUB_TOTAL' is: '35.00'

2020-11-02 14:01:22 - [MESSAGE][PASSED] - pages.Quicksti.getAttributeValue is PASSED

2020-11-02 14:01:22 - [TEST_STEP][PASSED] - utilities.SafeActions.safeType(findTestObject("CERTPAY_QUICKSTI/Payment_Information_Page/COMMENTS"), "Testing", "Comments", [pageLoadTime]): Quicksti_Master.ts:Entered'Testing into Comments

2020-11-02 14:01:22 - [MESSAGE][PASSED] - Object 'Object Repository/CERTPAY_QUICKSTI/Payment_Information_Page/COMMENTS' is present

2020-11-02 14:01:22 - [MESSAGE][PASSED] - Object 'Object Repository/CERTPAY_QUICKSTI/Payment_Information_Page/COMMENTS' is visible

2020-11-02 14:01:22 - [MESSAGE][PASSED] - Object 'Object Repository/CERTPAY_QUICKSTI/Payment_Information_Page/COMMENTS' is present

2020-11-02 14:01:24 - [MESSAGE][PASSED] - Text 'Testing' is set on object 'Object Repository/CERTPAY_QUICKSTI/Payment_Information_Page/COMMENTS'

2020-11-02 14:01:24 - [MESSAGE][PASSED] - Quicksti_Master.ts:Entered'Testing into Comments

2020-11-02 14:01:24 - [TEST_STEP][PASSED] - utilities.SafeActions.safeType(findTestObject("CERTPAY_QUICKSTI/Payment_Information_Page/ADDRESS"), address, "Address", [pageLoadTime]): Quicksti_Master.ts:Entered'14-2 into Address

2020-11-02 14:01:24 - [MESSAGE][PASSED] - Object 'Object Repository/CERTPAY_QUICKSTI/Payment_Information_Page/ADDRESS' is present

2020-11-02 14:01:24 - [MESSAGE][PASSED] - Object 'Object Repository/CERTPAY_QUICKSTI/Payment_Information_Page/ADDRESS' is visible

2020-11-02 14:01:25 - [MESSAGE][PASSED] - Object 'Object Repository/CERTPAY_QUICKSTI/Payment_Information_Page/ADDRESS' is present

2020-11-02 14:01:26 - [MESSAGE][PASSED] - Text '14-2' is set on object 'Object Repository/CERTPAY_QUICKSTI/Payment_Information_Page/ADDRESS'

2020-11-02 14:01:26 - [MESSAGE][PASSED] - Quicksti_Master.ts:Entered'14-2 into Address

2020-11-02 14:01:26 - [TEST_STEP][PASSED] - utilities.SafeActions.safeType(findTestObject("CERTPAY_QUICKSTI/Payment_Information_Page/ZIP_CODE"), zipCode, "zipcode", [pageLoadTime]): Quicksti_Master.ts:Entered'76102 into zipcode

2020-11-02 14:01:26 - [MESSAGE][PASSED] - Object 'Object Repository/CERTPAY_QUICKSTI/Payment_Information_Page/ZIP_CODE' is present

2020-11-02 14:01:26 - [MESSAGE][PASSED] - Object 'Object Repository/CERTPAY_QUICKSTI/Payment_Information_Page/ZIP_CODE' is visible

2020-11-02 14:01:27 - [MESSAGE][PASSED] - Object 'Object Repository/CERTPAY_QUICKSTI/Payment_Information_Page/ZIP_CODE' is present

2020-11-02 14:01:28 - [MESSAGE][PASSED] - Text '76102' is set on object 'Object Repository/CERTPAY_QUICKSTI/Payment_Information_Page/ZIP_CODE'

2020-11-02 14:01:28 - [MESSAGE][PASSED] - Quicksti_Master.ts:Entered'76102 into zipcode

2020-11-02 14:01:28 - [TEST_STEP][PASSED] - utilities.SafeActions.safeType(findTestObject("CERTPAY_QUICKSTI/Payment_Information_Page/TELEPHONE"), telephone, "Telephone", [pageLoadTime]): Quicksti_Master.ts:Entered'9989897654 into Telephone

2020-11-02 14:01:28 - [MESSAGE][PASSED] - Object 'Object Repository/CERTPAY_QUICKSTI/Payment_Information_Page/TELEPHONE' is present

2020-11-02 14:01:29 - [MESSAGE][PASSED] - Object 'Object Repository/CERTPAY_QUICKSTI/Payment_Information_Page/TELEPHONE' is visible

2020-11-02 14:01:29 - [MESSAGE][PASSED] - Object 'Object Repository/CERTPAY_QUICKSTI/Payment_Information_Page/TELEPHONE' is present

2020-11-02 14:01:30 - [MESSAGE][PASSED] - Text '9989897654' is set on object 'Object Repository/CERTPAY_QUICKSTI/Payment_Information_Page/TELEPHONE'

2020-11-02 14:01:30 - [MESSAGE][PASSED] - Quicksti_Master.ts:Entered'9989897654 into Telephone

2020-11-02 14:01:30 - [TEST_STEP][PASSED] - utilities.SafeActions.safeType(findTestObject("CERTPAY_QUICKSTI/Payment_Information_Page/EMAIL_ADDRESS"), emailAddress, "EMAIL address", [pageLoadTime]): Quicksti_Master.ts:Entered'testing@zenq.com into EMAIL address

2020-11-02 14:01:30 - [MESSAGE][PASSED] - Object 'Object Repository/CERTPAY_QUICKSTI/Payment_Information_Page/EMAIL_ADDRESS' is present

2020-11-02 14:01:31 - [MESSAGE][PASSED] - Object 'Object Repository/CERTPAY_QUICKSTI/Payment_Information_Page/EMAIL_ADDRESS' is visible

2020-11-02 14:01:31 - [MESSAGE][PASSED] - Object 'Object Repository/CERTPAY_QUICKSTI/Payment_Information_Page/EMAIL_ADDRESS' is present

2020-11-02 14:01:32 - [MESSAGE][PASSED] - Text 'testing@zenq.com' is set on object 'Object Repository/CERTPAY_QUICKSTI/Payment_Information_Page/EMAIL_ADDRESS'

2020-11-02 14:01:32 - [MESSAGE][PASSED] - Quicksti_Master.ts:Entered'testing@zenq.com into EMAIL address

2020-11-02 14:01:32 - [TEST_STEP][PASSED] - utilities.SafeActions.safeClick(findTestObject("CERTPAY_QUICKSTI/Payment_Information_Page/NEXT_BUTTON"), "Next", [pageLoadTime]): Quicksti_Master.ts:Clicked on the Next

2020-11-02 14:01:32 - [MESSAGE][INFO] - safeClicking

2020-11-02 14:01:33 - [MESSAGE][PASSED] - Object 'Object Repository/CERTPAY_QUICKSTI/Payment_Information_Page/NEXT_BUTTON' is present

2020-11-02 14:01:33 - [MESSAGE][PASSED] - Object 'Object Repository/CERTPAY_QUICKSTI/Payment_Information_Page/NEXT_BUTTON' is clickable

2020-11-02 14:01:36 - [MESSAGE][PASSED] - Object: 'Object Repository/CERTPAY_QUICKSTI/Payment_Information_Page/NEXT_BUTTON' is clicked on

2020-11-02 14:01:36 - [MESSAGE][PASSED] - Quicksti_Master.ts:Clicked on the Next

2020-11-02 14:01:36 - [TEST_STEP][FAILED] - pages.Quicksti.verifyUserPaymentDetails(paymentAmount, firstName, lastName, CardNumber): Actual text 'Tester 3.79978E+14' and expected text 'Tester 3.79978E+14' are not matched using regular expression

2020-11-02 14:01:37 - [MESSAGE][PASSED] - Text of object 'Object Repository/CERTPAY_QUICKSTI/Payment_Details_Verification_Page/AMOUNT' is: '$35.00'

2020-11-02 14:01:37 - [MESSAGE][PASSED] - Actual text '35.00' and expected text '35.00' are matched  using regular expression

2020-11-02 14:01:37 - [MESSAGE][PASSED] - Text of object 'Object Repository/CERTPAY_QUICKSTI/Payment_Details_Verification_Page/NAME' is: 'Tester 3.79978E+14'

2020-11-02 14:01:37 - [MESSAGE][FAILED] - Unable to verify match between actual text 'Tester 3.79978E+14' and expected text 'Tester 3.79978E+14' using regular expression (Root cause: com.kms.katalon.core.exception.StepFailedException: Actual text 'Tester 3.79978E+14' and expected text 'Tester 3.79978E+14' are not matched using regular expression
	at com.kms.katalon.core.keyword.builtin.VerifyMatchKeyword$_verifyMatch_closure1.doCall(VerifyMatchKeyword.groovy:57)
	at com.kms.katalon.core.keyword.builtin.VerifyMatchKeyword$_verifyMatch_closure1.call(VerifyMatchKeyword.groovy)
	at com.kms.katalon.core.keyword.internal.KeywordMain.runKeyword(KeywordMain.groovy:68)
	at com.kms.katalon.core.keyword.builtin.VerifyMatchKeyword.verifyMatch(VerifyMatchKeyword.groovy:60)
	at com.kms.katalon.core.keyword.builtin.VerifyMatchKeyword.execute(VerifyMatchKeyword.groovy:45)
	at com.kms.katalon.core.keyword.internal.KeywordExecutor.executeKeywordForPlatform(KeywordExecutor.groovy:72)
	at com.kms.katalon.core.keyword.BuiltinKeywords.verifyMatch(BuiltinKeywords.groovy:55)
	at pages.Quicksti.verifyUserPaymentDetails(Quicksti.groovy:113)
	at pages.Quicksti.invokeMethod(Quicksti.groovy)
	at com.kms.katalon.core.main.CustomKeywordDelegatingMetaClass.invokeStaticMethod(CustomKeywordDelegatingMetaClass.java:50)
	at TC_002_SingleBureauSite_SingleLinePayment_Master.run(TC_002_SingleBureauSite_SingleLinePayment_Master:101)
	at com.kms.katalon.core.main.ScriptEngine.run(ScriptEngine.java:194)
	at com.kms.katalon.core.main.ScriptEngine.runScriptAsRawText(ScriptEngine.java:119)
	at com.kms.katalon.core.main.TestCaseExecutor.runScript(TestCaseExecutor.java:337)
	at com.kms.katalon.core.main.TestCaseExecutor.doExecute(TestCaseExecutor.java:328)
	at com.kms.katalon.core.main.TestCaseExecutor.processExecutionPhase(TestCaseExecutor.java:307)
	at com.kms.katalon.core.main.TestCaseExecutor.accessMainPhase(TestCaseExecutor.java:299)
	at com.kms.katalon.core.main.TestCaseExecutor.execute(TestCaseExecutor.java:233)
	at com.kms.katalon.core.main.TestSuiteExecutor.accessTestCaseMainPhase(TestSuiteExecutor.java:169)
	at com.kms.katalon.core.main.TestSuiteExecutor.accessTestSuiteMainPhase(TestSuiteExecutor.java:142)
	at com.kms.katalon.core.main.TestSuiteExecutor.execute(TestSuiteExecutor.java:91)
	at com.kms.katalon.core.main.TestCaseMain.startTestSuite(TestCaseMain.java:157)
	at com.kms.katalon.core.main.TestCaseMain$startTestSuite$0.call(Unknown Source)
	at TempTestSuite1604305477578.run(TempTestSuite1604305477578.groovy:36)
)

2020-11-02 14:01:37 - [MESSAGE][FAILED] - Actual text 'Tester 3.79978E+14' and expected text 'Tester 3.79978E+14' are not matched using regular expression

2020-11-02 14:01:37 - [TEST_STEP][PASSED] - Start listener action : afterTestCase: Browser is closed

2020-11-02 14:01:37 - [TEST_STEP][PASSED] - closeBrowser(): Browser is closed

2020-11-02 14:01:39 - [MESSAGE][PASSED] - Browser is closed]]></system-out>
         <system-err><![CDATA[2020-11-02 13:54:41 - [TEST_CASE][FAILED] - Test Cases/Certpay_Quicksti_New/TC_002_SingleBureauSite_SingleLinePayment_Master: Test Cases/Certpay_Quicksti_New/TC_002_SingleBureauSite_SingleLinePayment_Master FAILED.
Reason:
com.kms.katalon.core.exception.StepFailedException: Actual text 'Tester 3.79978E+14' and expected text 'Tester 3.79978E+14' are not matched using regular expression
	at com.kms.katalon.core.keyword.builtin.VerifyMatchKeyword$_verifyMatch_closure1.doCall(VerifyMatchKeyword.groovy:57)
	at com.kms.katalon.core.keyword.builtin.VerifyMatchKeyword$_verifyMatch_closure1.call(VerifyMatchKeyword.groovy)
	at com.kms.katalon.core.keyword.internal.KeywordMain.runKeyword(KeywordMain.groovy:68)
	at com.kms.katalon.core.keyword.builtin.VerifyMatchKeyword.verifyMatch(VerifyMatchKeyword.groovy:60)
	at com.kms.katalon.core.keyword.builtin.VerifyMatchKeyword.execute(VerifyMatchKeyword.groovy:45)
	at com.kms.katalon.core.keyword.internal.KeywordExecutor.executeKeywordForPlatform(KeywordExecutor.groovy:72)
	at com.kms.katalon.core.keyword.BuiltinKeywords.verifyMatch(BuiltinKeywords.groovy:55)
	at pages.Quicksti.verifyUserPaymentDetails(Quicksti.groovy:113)
	at pages.Quicksti.invokeMethod(Quicksti.groovy)
	at com.kms.katalon.core.main.CustomKeywordDelegatingMetaClass.invokeStaticMethod(CustomKeywordDelegatingMetaClass.java:50)
	at TC_002_SingleBureauSite_SingleLinePayment_Master.run(TC_002_SingleBureauSite_SingleLinePayment_Master:101)
	at com.kms.katalon.core.main.ScriptEngine.run(ScriptEngine.java:194)
	at com.kms.katalon.core.main.ScriptEngine.runScriptAsRawText(ScriptEngine.java:119)
	at com.kms.katalon.core.main.TestCaseExecutor.runScript(TestCaseExecutor.java:337)
	at com.kms.katalon.core.main.TestCaseExecutor.doExecute(TestCaseExecutor.java:328)
	at com.kms.katalon.core.main.TestCaseExecutor.processExecutionPhase(TestCaseExecutor.java:307)
	at com.kms.katalon.core.main.TestCaseExecutor.accessMainPhase(TestCaseExecutor.java:299)
	at com.kms.katalon.core.main.TestCaseExecutor.execute(TestCaseExecutor.java:233)
	at com.kms.katalon.core.main.TestSuiteExecutor.accessTestCaseMainPhase(TestSuiteExecutor.java:169)
	at com.kms.katalon.core.main.TestSuiteExecutor.accessTestSuiteMainPhase(TestSuiteExecutor.java:142)
	at com.kms.katalon.core.main.TestSuiteExecutor.execute(TestSuiteExecutor.java:91)
	at com.kms.katalon.core.main.TestCaseMain.startTestSuite(TestCaseMain.java:157)
	at com.kms.katalon.core.main.TestCaseMain$startTestSuite$0.call(Unknown Source)
	at TempTestSuite1604305477578.run(TempTestSuite1604305477578.groovy:36)]]></system-err>
      </testcase>
      <system-out><![CDATA[2020-11-02 13:54:41 - [TEST_SUITE][FAILED] - Quicksti_Master: Test Cases/Certpay_Quicksti_New/TC_002_SingleBureauSite_SingleLinePayment_Master FAILED.
Reason:
com.kms.katalon.core.exception.StepFailedException: Actual text 'Tester 3.79978E+14' and expected text 'Tester 3.79978E+14' are not matched using regular expression
	at com.kms.katalon.core.keyword.builtin.VerifyMatchKeyword$_verifyMatch_closure1.doCall(VerifyMatchKeyword.groovy:57)
	at com.kms.katalon.core.keyword.builtin.VerifyMatchKeyword$_verifyMatch_closure1.call(VerifyMatchKeyword.groovy)
	at com.kms.katalon.core.keyword.internal.KeywordMain.runKeyword(KeywordMain.groovy:68)
	at com.kms.katalon.core.keyword.builtin.VerifyMatchKeyword.verifyMatch(VerifyMatchKeyword.groovy:60)
	at com.kms.katalon.core.keyword.builtin.VerifyMatchKeyword.execute(VerifyMatchKeyword.groovy:45)
	at com.kms.katalon.core.keyword.internal.KeywordExecutor.executeKeywordForPlatform(KeywordExecutor.groovy:72)
	at com.kms.katalon.core.keyword.BuiltinKeywords.verifyMatch(BuiltinKeywords.groovy:55)
	at pages.Quicksti.verifyUserPaymentDetails(Quicksti.groovy:113)
	at pages.Quicksti.invokeMethod(Quicksti.groovy)
	at com.kms.katalon.core.main.CustomKeywordDelegatingMetaClass.invokeStaticMethod(CustomKeywordDelegatingMetaClass.java:50)
	at TC_002_SingleBureauSite_SingleLinePayment_Master.run(TC_002_SingleBureauSite_SingleLinePayment_Master:101)
	at com.kms.katalon.core.main.ScriptEngine.run(ScriptEngine.java:194)
	at com.kms.katalon.core.main.ScriptEngine.runScriptAsRawText(ScriptEngine.java:119)
	at com.kms.katalon.core.main.TestCaseExecutor.runScript(TestCaseExecutor.java:337)
	at com.kms.katalon.core.main.TestCaseExecutor.doExecute(TestCaseExecutor.java:328)
	at com.kms.katalon.core.main.TestCaseExecutor.processExecutionPhase(TestCaseExecutor.java:307)
	at com.kms.katalon.core.main.TestCaseExecutor.accessMainPhase(TestCaseExecutor.java:299)
	at com.kms.katalon.core.main.TestCaseExecutor.execute(TestCaseExecutor.java:233)
	at com.kms.katalon.core.main.TestSuiteExecutor.accessTestCaseMainPhase(TestSuiteExecutor.java:169)
	at com.kms.katalon.core.main.TestSuiteExecutor.accessTestSuiteMainPhase(TestSuiteExecutor.java:142)
	at com.kms.katalon.core.main.TestSuiteExecutor.execute(TestSuiteExecutor.java:91)
	at com.kms.katalon.core.main.TestCaseMain.startTestSuite(TestCaseMain.java:157)
	at com.kms.katalon.core.main.TestCaseMain$startTestSuite$0.call(Unknown Source)
	at TempTestSuite1604305477578.run(TempTestSuite1604305477578.groovy:36)]]></system-out>
      <system-err><![CDATA[2020-11-02 13:54:41 - [TEST_SUITE][FAILED] - Quicksti_Master: Test Cases/Certpay_Quicksti_New/TC_002_SingleBureauSite_SingleLinePayment_Master FAILED.
Reason:
com.kms.katalon.core.exception.StepFailedException: Actual text 'Tester 3.79978E+14' and expected text 'Tester 3.79978E+14' are not matched using regular expression
	at com.kms.katalon.core.keyword.builtin.VerifyMatchKeyword$_verifyMatch_closure1.doCall(VerifyMatchKeyword.groovy:57)
	at com.kms.katalon.core.keyword.builtin.VerifyMatchKeyword$_verifyMatch_closure1.call(VerifyMatchKeyword.groovy)
	at com.kms.katalon.core.keyword.internal.KeywordMain.runKeyword(KeywordMain.groovy:68)
	at com.kms.katalon.core.keyword.builtin.VerifyMatchKeyword.verifyMatch(VerifyMatchKeyword.groovy:60)
	at com.kms.katalon.core.keyword.builtin.VerifyMatchKeyword.execute(VerifyMatchKeyword.groovy:45)
	at com.kms.katalon.core.keyword.internal.KeywordExecutor.executeKeywordForPlatform(KeywordExecutor.groovy:72)
	at com.kms.katalon.core.keyword.BuiltinKeywords.verifyMatch(BuiltinKeywords.groovy:55)
	at pages.Quicksti.verifyUserPaymentDetails(Quicksti.groovy:113)
	at pages.Quicksti.invokeMethod(Quicksti.groovy)
	at com.kms.katalon.core.main.CustomKeywordDelegatingMetaClass.invokeStaticMethod(CustomKeywordDelegatingMetaClass.java:50)
	at TC_002_SingleBureauSite_SingleLinePayment_Master.run(TC_002_SingleBureauSite_SingleLinePayment_Master:101)
	at com.kms.katalon.core.main.ScriptEngine.run(ScriptEngine.java:194)
	at com.kms.katalon.core.main.ScriptEngine.runScriptAsRawText(ScriptEngine.java:119)
	at com.kms.katalon.core.main.TestCaseExecutor.runScript(TestCaseExecutor.java:337)
	at com.kms.katalon.core.main.TestCaseExecutor.doExecute(TestCaseExecutor.java:328)
	at com.kms.katalon.core.main.TestCaseExecutor.processExecutionPhase(TestCaseExecutor.java:307)
	at com.kms.katalon.core.main.TestCaseExecutor.accessMainPhase(TestCaseExecutor.java:299)
	at com.kms.katalon.core.main.TestCaseExecutor.execute(TestCaseExecutor.java:233)
	at com.kms.katalon.core.main.TestSuiteExecutor.accessTestCaseMainPhase(TestSuiteExecutor.java:169)
	at com.kms.katalon.core.main.TestSuiteExecutor.accessTestSuiteMainPhase(TestSuiteExecutor.java:142)
	at com.kms.katalon.core.main.TestSuiteExecutor.execute(TestSuiteExecutor.java:91)
	at com.kms.katalon.core.main.TestCaseMain.startTestSuite(TestCaseMain.java:157)
	at com.kms.katalon.core.main.TestCaseMain$startTestSuite$0.call(Unknown Source)
	at TempTestSuite1604305477578.run(TempTestSuite1604305477578.groovy:36)]]></system-err>
   </testsuite>
</testsuites>
