<?xml version="1.0" encoding="UTF-8"?>
<testsuites name="Quicksti_Samday_Refunds_Admin" time="1343.73" tests="2" failures="0" errors="0">
   <testsuite name="Quicksti_Samday_Refunds_Admin" tests="2" failures="0" errors="0" time="1343.73" timestamp="2020-09-09 12:54:51" hostname="admin - SYS8" id="Test Suites/Certpay_testSuite/Quicksti_Samday_Refunds_Admin">
      <properties>
         <property name="deviceName" value=""/>
         <property name="devicePlatform" value=""/>
         <property name="logFolder" value="E:\\Sush_Certpay\\Reports\\20200909_125441\\Certpay_testSuite\\Quicksti_Samday_Refunds_Admin\\20200909_125441"/>
         <property name="logFiles" value="E:\\Sush_Certpay\\Reports\\20200909_125441\\Certpay_testSuite\\Quicksti_Samday_Refunds_Admin\\20200909_125441\\execution0.log"/>
         <property name="attachments" value=""/>
         <property name="hostName" value="admin - SYS8"/>
         <property name="os" value="Windows 10 32bit"/>
         <property name="katalonVersion" value="7.1.2.1"/>
         <property name="browser" value="Chrome 85.0.4183.83"/>
         <property name="hostAddress" value="172.31.253.251"/>
         <property name="sessionId" value="e09157702918963d66083ba05f4aa8b1"/>
         <property name="seleniumVersion" value="3.141.59"/>
         <property name="proxyInformation" value="ProxyInformation{proxyOption=NO_PROXY, proxyServerType=HTTP, password=, proxyServerAddress=, proxyServerPort=0, executionList=}"/>
         <property name="platform" value="Windows 10"/>
      </properties>
      <testcase name="Test Cases/SameDay_Refunds_Admin/TC_001_VISA_Sameday_FullRefund" time="673.504" classname="Test Cases/SameDay_Refunds_Admin/TC_001_VISA_Sameday_FullRefund" status="PASSED">
         <system-out><![CDATA[2020-09-09 12:54:52 - [TEST_CASE][PASSED] - Test Cases/SameDay_Refunds_Admin/TC_001_VISA_Sameday_FullRefund: Test Cases/SameDay_Refunds_Admin/TC_001_VISA_Sameday_FullRefund

2020-09-09 12:54:52 - [TEST_STEP][PASSED] - Start listener action : beforeTestCase: null

2020-09-09 12:54:52 - [TEST_STEP][PASSED] - data = findTestData("Data Files/Certpay/SingleBureau_SingleLine"): null

2020-09-09 12:54:53 - [TEST_STEP][PASSED] - paymentIdList = []: null

2020-09-09 12:54:53 - [TEST_STEP][PASSED] - for (def index : (1..data.getRowNumbers())): Browser is scrolled to position x = 800, y = 900

2020-09-09 12:54:53 - [TEST_STEP][PASSED] - firstName = data.getValue("FirstName", index): null

2020-09-09 12:54:53 - [TEST_STEP][PASSED] - lastName = data.getValue("LastName", index): null

2020-09-09 12:54:53 - [TEST_STEP][PASSED] - expMonth = data.getValue("ExpMonth", index): null

2020-09-09 12:54:53 - [TEST_STEP][PASSED] - expYear = data.getValue("ExpYear", index): null

2020-09-09 12:54:53 - [TEST_STEP][PASSED] - securityCode = data.getValue("SecurityCode", index): null

2020-09-09 12:54:53 - [TEST_STEP][PASSED] - paymentAmount = data.getValue("PaymentAmount", index): null

2020-09-09 12:54:53 - [TEST_STEP][PASSED] - paymentType = data.getValue("PaymentType", index): null

2020-09-09 12:54:53 - [TEST_STEP][PASSED] - quantity = data.getValue("Quantity", index): null

2020-09-09 12:54:53 - [TEST_STEP][PASSED] - comments = data.getValue("Comments", index): null

2020-09-09 12:54:53 - [TEST_STEP][PASSED] - referenceNum = data.getValue("ReferenceNum", index): null

2020-09-09 12:54:53 - [TEST_STEP][PASSED] - address = data.getValue("Address", index): null

2020-09-09 12:54:53 - [TEST_STEP][PASSED] - zipCode = data.getValue("Zipcode", index): null

2020-09-09 12:54:53 - [TEST_STEP][PASSED] - telephone = data.getValue("Telephone", index): null

2020-09-09 12:54:53 - [TEST_STEP][PASSED] - emailAddress = data.getValue("EmailAddress", index): null

2020-09-09 12:54:53 - [TEST_STEP][PASSED] - cardNum = data.getValue("CardNumber", index): null

2020-09-09 12:54:53 - [TEST_STEP][PASSED] - cardType = data.getValue("CardType", index): null

2020-09-09 12:54:53 - [TEST_STEP][PASSED] - utilities.SafeActions.openBrowser(Quicksti_Url, [pageLoadTime]): Browser launched successfully

2020-09-09 12:54:54 - [MESSAGE][INFO] - Opening Browser

2020-09-09 12:54:54 - [MESSAGE][INFO] - Starting 'Chrome' driver

2020-09-09 12:54:54 - [MESSAGE][INFO] - Action delay is set to 0 seconds

2020-09-09 12:55:07 - [MESSAGE][PASSED] - Browser is opened with url: 'https://qa-certpayquicksti.faps.net/'

2020-09-09 12:55:10 - [MESSAGE][PASSED] - Current window maximized

2020-09-09 12:55:10 - [MESSAGE][PASSED] - Browser launched successfully

2020-09-09 12:55:10 - [TEST_STEP][PASSED] - utilities.SafeActions.safeType(findTestObject("CERTPAY_QUICKSTI/Login_ Page/BUREAU_CODE"), bureau_code, "Bureau code", [pageLoadTime]): Quicksti_Samday_Refunds_Admin.ts:Entered'6100000 into Bureau code

2020-09-09 12:55:10 - [MESSAGE][PASSED] - Object 'Object Repository/CERTPAY_QUICKSTI/Login_ Page/BUREAU_CODE' is present

2020-09-09 12:55:11 - [MESSAGE][PASSED] - Object 'Object Repository/CERTPAY_QUICKSTI/Login_ Page/BUREAU_CODE' is visible

2020-09-09 12:55:11 - [MESSAGE][PASSED] - Object 'Object Repository/CERTPAY_QUICKSTI/Login_ Page/BUREAU_CODE' is present

2020-09-09 12:55:13 - [MESSAGE][PASSED] - Text '6100000' is set on object 'Object Repository/CERTPAY_QUICKSTI/Login_ Page/BUREAU_CODE'

2020-09-09 12:55:13 - [MESSAGE][PASSED] - Quicksti_Samday_Refunds_Admin.ts:Entered'6100000 into Bureau code

2020-09-09 12:55:13 - [TEST_STEP][PASSED] - utilities.SafeActions.safeType(findTestObject("CERTPAY_QUICKSTI/Login_ Page/TELLER_ID"), teller_id, "Bureau code", [pageLoadTime]): Quicksti_Samday_Refunds_Admin.ts:Entered'zenq into Bureau code

2020-09-09 12:55:13 - [MESSAGE][PASSED] - Object 'Object Repository/CERTPAY_QUICKSTI/Login_ Page/TELLER_ID' is present

2020-09-09 12:55:13 - [MESSAGE][PASSED] - Object 'Object Repository/CERTPAY_QUICKSTI/Login_ Page/TELLER_ID' is visible

2020-09-09 12:55:14 - [MESSAGE][PASSED] - Object 'Object Repository/CERTPAY_QUICKSTI/Login_ Page/TELLER_ID' is present

2020-09-09 12:55:15 - [MESSAGE][PASSED] - Text 'zenq' is set on object 'Object Repository/CERTPAY_QUICKSTI/Login_ Page/TELLER_ID'

2020-09-09 12:55:15 - [MESSAGE][PASSED] - Quicksti_Samday_Refunds_Admin.ts:Entered'zenq into Bureau code

2020-09-09 12:55:15 - [TEST_STEP][PASSED] - utilities.SafeActions.safeClick(findTestObject("CERTPAY_QUICKSTI/Login_ Page/NEXT_BUTTON"), "Next button", [pageLoadTime]): Quicksti_Samday_Refunds_Admin.ts:Clicked on the Next button

2020-09-09 12:55:15 - [MESSAGE][INFO] - safeClicking

2020-09-09 12:55:15 - [MESSAGE][PASSED] - Object 'Object Repository/CERTPAY_QUICKSTI/Login_ Page/NEXT_BUTTON' is present

2020-09-09 12:55:16 - [MESSAGE][PASSED] - Object 'Object Repository/CERTPAY_QUICKSTI/Login_ Page/NEXT_BUTTON' is clickable

2020-09-09 12:55:21 - [MESSAGE][PASSED] - Object: 'Object Repository/CERTPAY_QUICKSTI/Login_ Page/NEXT_BUTTON' is clicked on

2020-09-09 12:55:21 - [MESSAGE][PASSED] - Quicksti_Samday_Refunds_Admin.ts:Clicked on the Next button

2020-09-09 12:55:21 - [TEST_STEP][PASSED] - utilities.SafeActions.safeClick(findTestObject("CERTPAY_QUICKSTI/Payment_Information_Page/MANUAL_ENTRY_BUTTON"), "ManualEntry", [pageLoadTime]): Quicksti_Samday_Refunds_Admin.ts:Clicked on the ManualEntry

2020-09-09 12:55:21 - [MESSAGE][INFO] - safeClicking

2020-09-09 12:55:21 - [MESSAGE][PASSED] - Object 'Object Repository/CERTPAY_QUICKSTI/Payment_Information_Page/MANUAL_ENTRY_BUTTON' is present

2020-09-09 12:55:21 - [MESSAGE][PASSED] - Object 'Object Repository/CERTPAY_QUICKSTI/Payment_Information_Page/MANUAL_ENTRY_BUTTON' is clickable

2020-09-09 12:55:24 - [MESSAGE][PASSED] - Object: 'Object Repository/CERTPAY_QUICKSTI/Payment_Information_Page/MANUAL_ENTRY_BUTTON' is clicked on

2020-09-09 12:55:24 - [MESSAGE][PASSED] - Quicksti_Samday_Refunds_Admin.ts:Clicked on the ManualEntry

2020-09-09 12:55:24 - [TEST_STEP][PASSED] - CardNumber = pages.Quicksti.setUserPaymentDetails(firstName, lastName, cardNum): Quicksti_Samday_Refunds_Admin.ts:Entered'4761739001010135 into CardNum

2020-09-09 12:55:25 - [MESSAGE][PASSED] - Object 'Object Repository/CERTPAY_QUICKSTI/Payment_Information_Page/FIRST_NAME' is present

2020-09-09 12:55:25 - [MESSAGE][PASSED] - Object 'Object Repository/CERTPAY_QUICKSTI/Payment_Information_Page/FIRST_NAME' is visible

2020-09-09 12:55:25 - [MESSAGE][PASSED] - Object 'Object Repository/CERTPAY_QUICKSTI/Payment_Information_Page/FIRST_NAME' is present

2020-09-09 12:55:27 - [MESSAGE][PASSED] - Text 'Tester' is set on object 'Object Repository/CERTPAY_QUICKSTI/Payment_Information_Page/FIRST_NAME'

2020-09-09 12:55:27 - [MESSAGE][PASSED] - Quicksti_Samday_Refunds_Admin.ts:Entered'Tester into FirstName

2020-09-09 12:55:27 - [MESSAGE][PASSED] - Object 'Object Repository/CERTPAY_QUICKSTI/Payment_Information_Page/LAST_NAME' is present

2020-09-09 12:55:27 - [MESSAGE][PASSED] - Object 'Object Repository/CERTPAY_QUICKSTI/Payment_Information_Page/LAST_NAME' is visible

2020-09-09 12:55:28 - [MESSAGE][PASSED] - Object 'Object Repository/CERTPAY_QUICKSTI/Payment_Information_Page/LAST_NAME' is present

2020-09-09 12:55:29 - [MESSAGE][PASSED] - Text 'Zenq1' is set on object 'Object Repository/CERTPAY_QUICKSTI/Payment_Information_Page/LAST_NAME'

2020-09-09 12:55:29 - [MESSAGE][PASSED] - Quicksti_Samday_Refunds_Admin.ts:Entered'Zenq1 into LAstName

2020-09-09 12:55:29 - [MESSAGE][PASSED] - Object 'Object Repository/CERTPAY_QUICKSTI/Payment_Information_Page/CARD_NUMBER' is present

2020-09-09 12:55:30 - [MESSAGE][PASSED] - Object 'Object Repository/CERTPAY_QUICKSTI/Payment_Information_Page/CARD_NUMBER' is visible

2020-09-09 12:55:30 - [MESSAGE][PASSED] - Object 'Object Repository/CERTPAY_QUICKSTI/Payment_Information_Page/CARD_NUMBER' is present

2020-09-09 12:55:31 - [MESSAGE][PASSED] - Text '4761739001010135' is set on object 'Object Repository/CERTPAY_QUICKSTI/Payment_Information_Page/CARD_NUMBER'

2020-09-09 12:55:31 - [MESSAGE][PASSED] - Quicksti_Samday_Refunds_Admin.ts:Entered'4761739001010135 into CardNum

2020-09-09 12:55:31 - [TEST_STEP][PASSED] - utilities.SafeActions.safeSelectOptionInDropdownByVisibleText(findTestObject("CERTPAY_QUICKSTI/Payment_Information_Page/PAYMENT_TYPE"), paymentType, "paymentType", [pageLoadTime]): selected dropdown option by visible text  Taxesfrom paymentType

2020-09-09 12:55:32 - [MESSAGE][PASSED] - Object 'Object Repository/CERTPAY_QUICKSTI/Payment_Information_Page/PAYMENT_TYPE' is visible

2020-09-09 12:55:32 - [MESSAGE][PASSED] - Object 'Object Repository/CERTPAY_QUICKSTI/Payment_Information_Page/PAYMENT_TYPE' is present

2020-09-09 12:55:33 - [MESSAGE][PASSED] - Object: 'Object Repository/CERTPAY_QUICKSTI/Payment_Information_Page/PAYMENT_TYPE' is clicked on

2020-09-09 12:55:34 - [MESSAGE][PASSED] - All options with label 'Taxes' are selected in object 'Object Repository/CERTPAY_QUICKSTI/Payment_Information_Page/PAYMENT_TYPE'  using regular expression

2020-09-09 12:55:34 - [MESSAGE][PASSED] - selected dropdown option by visible text  Taxesfrom paymentType

2020-09-09 12:55:34 - [TEST_STEP][PASSED] - pages.Quicksti.setExpDate(expMonth, expYear, securityCode): Quicksti_Samday_Refunds_Admin.ts:Entered'207 into securityCode

2020-09-09 12:55:35 - [MESSAGE][PASSED] - Object 'Object Repository/CERTPAY_QUICKSTI/Payment_Information_Page/EXP_MONTH' is visible

2020-09-09 12:55:35 - [MESSAGE][PASSED] - Object 'Object Repository/CERTPAY_QUICKSTI/Payment_Information_Page/EXP_MONTH' is present

2020-09-09 12:55:36 - [MESSAGE][PASSED] - Object: 'Object Repository/CERTPAY_QUICKSTI/Payment_Information_Page/EXP_MONTH' is clicked on

2020-09-09 12:55:37 - [MESSAGE][PASSED] - All options with label '03' are selected in object 'Object Repository/CERTPAY_QUICKSTI/Payment_Information_Page/EXP_MONTH'  using regular expression

2020-09-09 12:55:37 - [MESSAGE][PASSED] - selected dropdown option by visible text  03from expMonth

2020-09-09 12:55:38 - [MESSAGE][PASSED] - Object 'Object Repository/CERTPAY_QUICKSTI/Payment_Information_Page/EXP_YEAR' is visible

2020-09-09 12:55:38 - [MESSAGE][PASSED] - Object 'Object Repository/CERTPAY_QUICKSTI/Payment_Information_Page/EXP_YEAR' is present

2020-09-09 12:55:39 - [MESSAGE][PASSED] - Object: 'Object Repository/CERTPAY_QUICKSTI/Payment_Information_Page/EXP_YEAR' is clicked on

2020-09-09 12:55:41 - [MESSAGE][PASSED] - All options with label '2022' are selected in object 'Object Repository/CERTPAY_QUICKSTI/Payment_Information_Page/EXP_YEAR'  using regular expression

2020-09-09 12:55:41 - [MESSAGE][PASSED] - selected dropdown option by visible text  2022from  expYear

2020-09-09 12:55:41 - [MESSAGE][PASSED] - Object 'Object Repository/CERTPAY_QUICKSTI/Payment_Information_Page/SECURITY_CODE' is present

2020-09-09 12:55:41 - [MESSAGE][PASSED] - Object 'Object Repository/CERTPAY_QUICKSTI/Payment_Information_Page/SECURITY_CODE' is visible

2020-09-09 12:55:42 - [MESSAGE][PASSED] - Object 'Object Repository/CERTPAY_QUICKSTI/Payment_Information_Page/SECURITY_CODE' is present

2020-09-09 12:55:43 - [MESSAGE][PASSED] - Text '207' is set on object 'Object Repository/CERTPAY_QUICKSTI/Payment_Information_Page/SECURITY_CODE'

2020-09-09 12:55:43 - [MESSAGE][PASSED] - Quicksti_Samday_Refunds_Admin.ts:Entered'207 into securityCode

2020-09-09 12:55:43 - [TEST_STEP][PASSED] - pages.Quicksti.setPaymentAmountDetailsForSinglePayment(paymentAmount, quantity): Quicksti_Samday_Refunds_Admin.ts:Entered'1 into Quantity

2020-09-09 12:55:43 - [MESSAGE][PASSED] - Object 'Object Repository/CERTPAY_QUICKSTI/Payment_Information_Page/PAYMENT_AMOUNT' is present

2020-09-09 12:55:44 - [MESSAGE][PASSED] - Object 'Object Repository/CERTPAY_QUICKSTI/Payment_Information_Page/PAYMENT_AMOUNT' is visible

2020-09-09 12:55:44 - [MESSAGE][PASSED] - Object 'Object Repository/CERTPAY_QUICKSTI/Payment_Information_Page/PAYMENT_AMOUNT' is present

2020-09-09 12:55:45 - [MESSAGE][PASSED] - Text '20.00' is set on object 'Object Repository/CERTPAY_QUICKSTI/Payment_Information_Page/PAYMENT_AMOUNT'

2020-09-09 12:55:45 - [MESSAGE][PASSED] - Quicksti_Samday_Refunds_Admin.ts:Entered'20.00 into amount

2020-09-09 12:55:46 - [MESSAGE][PASSED] - Object 'Object Repository/CERTPAY_QUICKSTI/Payment_Information_Page/QUANTITY' is present

2020-09-09 12:55:46 - [MESSAGE][PASSED] - Object 'Object Repository/CERTPAY_QUICKSTI/Payment_Information_Page/QUANTITY' is visible

2020-09-09 12:55:46 - [MESSAGE][PASSED] - Object 'Object Repository/CERTPAY_QUICKSTI/Payment_Information_Page/QUANTITY' is present

2020-09-09 12:55:48 - [MESSAGE][PASSED] - Text '1' is set on object 'Object Repository/CERTPAY_QUICKSTI/Payment_Information_Page/QUANTITY'

2020-09-09 12:55:48 - [MESSAGE][PASSED] - Quicksti_Samday_Refunds_Admin.ts:Entered'1 into Quantity

2020-09-09 12:55:48 - [TEST_STEP][PASSED] - utilities.SafeActions.safeType(findTestObject("CERTPAY_QUICKSTI/Payment_Information_Page/REFRENCE_NUMBER"), referenceNum, "Reference Number", [pageLoadTime]): Quicksti_Samday_Refunds_Admin.ts:Entered'11 into Reference Number

2020-09-09 12:55:48 - [MESSAGE][PASSED] - Object 'Object Repository/CERTPAY_QUICKSTI/Payment_Information_Page/REFRENCE_NUMBER' is present

2020-09-09 12:55:48 - [MESSAGE][PASSED] - Object 'Object Repository/CERTPAY_QUICKSTI/Payment_Information_Page/REFRENCE_NUMBER' is visible

2020-09-09 12:55:49 - [MESSAGE][PASSED] - Object 'Object Repository/CERTPAY_QUICKSTI/Payment_Information_Page/REFRENCE_NUMBER' is present

2020-09-09 12:55:50 - [MESSAGE][PASSED] - Text '11' is set on object 'Object Repository/CERTPAY_QUICKSTI/Payment_Information_Page/REFRENCE_NUMBER'

2020-09-09 12:55:50 - [MESSAGE][PASSED] - Quicksti_Samday_Refunds_Admin.ts:Entered'11 into Reference Number

2020-09-09 12:55:50 - [TEST_STEP][PASSED] - amount_Value = pages.Quicksti.getAttributeValue(findTestObject("CERTPAY_QUICKSTI/Payment_Information_Page/SUB_TOTAL")): pages.Quicksti.getAttributeValue is PASSED

2020-09-09 12:55:50 - [MESSAGE][PASSED] - Attribute 'value' of object 'Object Repository/CERTPAY_QUICKSTI/Payment_Information_Page/SUB_TOTAL' is: '20.00'

2020-09-09 12:55:50 - [MESSAGE][PASSED] - pages.Quicksti.getAttributeValue is PASSED

2020-09-09 12:55:50 - [TEST_STEP][PASSED] - utilities.SafeActions.safeType(findTestObject("CERTPAY_QUICKSTI/Payment_Information_Page/COMMENTS"), "Testing", "Comments", [pageLoadTime]): Quicksti_Samday_Refunds_Admin.ts:Entered'Testing into Comments

2020-09-09 12:55:51 - [MESSAGE][PASSED] - Object 'Object Repository/CERTPAY_QUICKSTI/Payment_Information_Page/COMMENTS' is present

2020-09-09 12:55:51 - [MESSAGE][PASSED] - Object 'Object Repository/CERTPAY_QUICKSTI/Payment_Information_Page/COMMENTS' is visible

2020-09-09 12:55:51 - [MESSAGE][PASSED] - Object 'Object Repository/CERTPAY_QUICKSTI/Payment_Information_Page/COMMENTS' is present

2020-09-09 12:55:52 - [MESSAGE][PASSED] - Text 'Testing' is set on object 'Object Repository/CERTPAY_QUICKSTI/Payment_Information_Page/COMMENTS'

2020-09-09 12:55:52 - [MESSAGE][PASSED] - Quicksti_Samday_Refunds_Admin.ts:Entered'Testing into Comments

2020-09-09 12:55:52 - [TEST_STEP][PASSED] - utilities.SafeActions.safeType(findTestObject("CERTPAY_QUICKSTI/Payment_Information_Page/ADDRESS"), address, "Address", [pageLoadTime]): Quicksti_Samday_Refunds_Admin.ts:Entered'14-2 into Address

2020-09-09 12:55:53 - [MESSAGE][PASSED] - Object 'Object Repository/CERTPAY_QUICKSTI/Payment_Information_Page/ADDRESS' is present

2020-09-09 12:55:53 - [MESSAGE][PASSED] - Object 'Object Repository/CERTPAY_QUICKSTI/Payment_Information_Page/ADDRESS' is visible

2020-09-09 12:55:53 - [MESSAGE][PASSED] - Object 'Object Repository/CERTPAY_QUICKSTI/Payment_Information_Page/ADDRESS' is present

2020-09-09 12:55:55 - [MESSAGE][PASSED] - Text '14-2' is set on object 'Object Repository/CERTPAY_QUICKSTI/Payment_Information_Page/ADDRESS'

2020-09-09 12:55:55 - [MESSAGE][PASSED] - Quicksti_Samday_Refunds_Admin.ts:Entered'14-2 into Address

2020-09-09 12:55:55 - [TEST_STEP][PASSED] - utilities.SafeActions.safeType(findTestObject("CERTPAY_QUICKSTI/Payment_Information_Page/ZIP_CODE"), zipCode, "zipcode", [pageLoadTime]): Quicksti_Samday_Refunds_Admin.ts:Entered'76102 into zipcode

2020-09-09 12:55:55 - [MESSAGE][PASSED] - Object 'Object Repository/CERTPAY_QUICKSTI/Payment_Information_Page/ZIP_CODE' is present

2020-09-09 12:55:55 - [MESSAGE][PASSED] - Object 'Object Repository/CERTPAY_QUICKSTI/Payment_Information_Page/ZIP_CODE' is visible

2020-09-09 12:55:56 - [MESSAGE][PASSED] - Object 'Object Repository/CERTPAY_QUICKSTI/Payment_Information_Page/ZIP_CODE' is present

2020-09-09 12:55:57 - [MESSAGE][PASSED] - Text '76102' is set on object 'Object Repository/CERTPAY_QUICKSTI/Payment_Information_Page/ZIP_CODE'

2020-09-09 12:55:57 - [MESSAGE][PASSED] - Quicksti_Samday_Refunds_Admin.ts:Entered'76102 into zipcode

2020-09-09 12:55:57 - [TEST_STEP][PASSED] - utilities.SafeActions.safeType(findTestObject("CERTPAY_QUICKSTI/Payment_Information_Page/TELEPHONE"), telephone, "Telephone", [pageLoadTime]): Quicksti_Samday_Refunds_Admin.ts:Entered'9988776655 into Telephone

2020-09-09 12:55:57 - [MESSAGE][PASSED] - Object 'Object Repository/CERTPAY_QUICKSTI/Payment_Information_Page/TELEPHONE' is present

2020-09-09 12:55:58 - [MESSAGE][PASSED] - Object 'Object Repository/CERTPAY_QUICKSTI/Payment_Information_Page/TELEPHONE' is visible

2020-09-09 12:55:58 - [MESSAGE][PASSED] - Object 'Object Repository/CERTPAY_QUICKSTI/Payment_Information_Page/TELEPHONE' is present

2020-09-09 12:55:59 - [MESSAGE][PASSED] - Text '9988776655' is set on object 'Object Repository/CERTPAY_QUICKSTI/Payment_Information_Page/TELEPHONE'

2020-09-09 12:55:59 - [MESSAGE][PASSED] - Quicksti_Samday_Refunds_Admin.ts:Entered'9988776655 into Telephone

2020-09-09 12:55:59 - [TEST_STEP][PASSED] - utilities.SafeActions.safeType(findTestObject("CERTPAY_QUICKSTI/Payment_Information_Page/EMAIL_ADDRESS"), emailAddress, "EMAIL address", [pageLoadTime]): Quicksti_Samday_Refunds_Admin.ts:Entered'testing@zenq.com into EMAIL address

2020-09-09 12:56:00 - [MESSAGE][PASSED] - Object 'Object Repository/CERTPAY_QUICKSTI/Payment_Information_Page/EMAIL_ADDRESS' is present

2020-09-09 12:56:00 - [MESSAGE][PASSED] - Object 'Object Repository/CERTPAY_QUICKSTI/Payment_Information_Page/EMAIL_ADDRESS' is visible

2020-09-09 12:56:00 - [MESSAGE][PASSED] - Object 'Object Repository/CERTPAY_QUICKSTI/Payment_Information_Page/EMAIL_ADDRESS' is present

2020-09-09 12:56:01 - [MESSAGE][PASSED] - Text 'testing@zenq.com' is set on object 'Object Repository/CERTPAY_QUICKSTI/Payment_Information_Page/EMAIL_ADDRESS'

2020-09-09 12:56:01 - [MESSAGE][PASSED] - Quicksti_Samday_Refunds_Admin.ts:Entered'testing@zenq.com into EMAIL address

2020-09-09 12:56:01 - [TEST_STEP][PASSED] - utilities.SafeActions.safeClick(findTestObject("CERTPAY_QUICKSTI/Payment_Information_Page/NEXT_BUTTON"), "Next", [pageLoadTime]): Quicksti_Samday_Refunds_Admin.ts:Clicked on the Next

2020-09-09 12:56:02 - [MESSAGE][INFO] - safeClicking

2020-09-09 12:56:02 - [MESSAGE][PASSED] - Object 'Object Repository/CERTPAY_QUICKSTI/Payment_Information_Page/NEXT_BUTTON' is present

2020-09-09 12:56:02 - [MESSAGE][PASSED] - Object 'Object Repository/CERTPAY_QUICKSTI/Payment_Information_Page/NEXT_BUTTON' is clickable

2020-09-09 12:56:05 - [MESSAGE][PASSED] - Object: 'Object Repository/CERTPAY_QUICKSTI/Payment_Information_Page/NEXT_BUTTON' is clicked on

2020-09-09 12:56:05 - [MESSAGE][PASSED] - Quicksti_Samday_Refunds_Admin.ts:Clicked on the Next

2020-09-09 12:56:05 - [TEST_STEP][PASSED] - pages.Quicksti.verifyUserPaymentDetails(paymentAmount, firstName, lastName, CardNumber): pages.Quicksti.verifyUserPaymentDetails is PASSED

2020-09-09 12:56:06 - [MESSAGE][PASSED] - Text of object 'Object Repository/CERTPAY_QUICKSTI/Payment_Details_Verification_Page/AMOUNT' is: '$20.00'

2020-09-09 12:56:06 - [MESSAGE][PASSED] - Actual text '20.00' and expected text '20.00' are matched  using regular expression

2020-09-09 12:56:06 - [MESSAGE][PASSED] - Text of object 'Object Repository/CERTPAY_QUICKSTI/Payment_Details_Verification_Page/NAME' is: 'Tester Zenq1'

2020-09-09 12:56:06 - [MESSAGE][PASSED] - Actual text 'Tester Zenq1' and expected text 'Tester Zenq1' are matched  using regular expression

2020-09-09 12:56:06 - [MESSAGE][PASSED] - Text of object 'Object Repository/CERTPAY_QUICKSTI/Payment_Details_Verification_Page/CARD_NUMBER' is: '...0135'

2020-09-09 12:56:06 - [MESSAGE][PASSED] - Actual text '0135' and expected text '0135' are matched  using regular expression

2020-09-09 12:56:06 - [MESSAGE][PASSED] - pages.Quicksti.verifyUserPaymentDetails is PASSED

2020-09-09 12:56:06 - [TEST_STEP][PASSED] - delay(2): Delayed 2 second(s)

2020-09-09 12:56:08 - [MESSAGE][PASSED] - Delayed 2 second(s)

2020-09-09 12:56:08 - [TEST_STEP][PASSED] - scrollToElement(findTestObject("CERTPAY_QUICKSTI/Payment_Details_Verification_Page/PROCESS"), 30): Scroll to object 'Object Repository/CERTPAY_QUICKSTI/Payment_Details_Verification_Page/PROCESS' successfully

2020-09-09 12:56:09 - [MESSAGE][PASSED] - Scroll to object 'Object Repository/CERTPAY_QUICKSTI/Payment_Details_Verification_Page/PROCESS' successfully

2020-09-09 12:56:09 - [TEST_STEP][PASSED] - utilities.SafeActions.safeClick(findTestObject("CERTPAY_QUICKSTI/Payment_Details_Verification_Page/PROCESS"), "Process", [pageLoadTime]): Quicksti_Samday_Refunds_Admin.ts:Clicked on the Process

2020-09-09 12:56:09 - [MESSAGE][INFO] - safeClicking

2020-09-09 12:56:09 - [MESSAGE][PASSED] - Object 'Object Repository/CERTPAY_QUICKSTI/Payment_Details_Verification_Page/PROCESS' is present

2020-09-09 12:56:09 - [MESSAGE][PASSED] - Object 'Object Repository/CERTPAY_QUICKSTI/Payment_Details_Verification_Page/PROCESS' is clickable

2020-09-09 12:56:14 - [MESSAGE][PASSED] - Object: 'Object Repository/CERTPAY_QUICKSTI/Payment_Details_Verification_Page/PROCESS' is clicked on

2020-09-09 12:56:14 - [MESSAGE][PASSED] - Quicksti_Samday_Refunds_Admin.ts:Clicked on the Process

2020-09-09 12:56:14 - [TEST_STEP][PASSED] - paymentId = pages.Quicksti.verifyPaymentApproval(findTestObject("CERTPAY_QUICKSTI/Payment_Details_Verification_Page/APPROVED")): Payment is approved

2020-09-09 12:56:14 - [MESSAGE][PASSED] - Text of object 'Object Repository/CERTPAY_QUICKSTI/Payment_Details_Verification_Page/PAYMENT_ID' is: '100176114031'

2020-09-09 12:56:15 - [MESSAGE][PASSED] - Object 'Object Repository/CERTPAY_QUICKSTI/Payment_Details_Verification_Page/APPROVED' is present

2020-09-09 12:56:15 - [MESSAGE][PASSED] - Payment is approved

2020-09-09 12:56:17 - [TEST_STEP][PASSED] - navigateToUrl(Admin_url): Navigate to 'https://qa-certpayadmin.faps.net' successfully

2020-09-09 12:56:24 - [MESSAGE][PASSED] - Navigate to 'https://qa-certpayadmin.faps.net' successfully

2020-09-09 12:56:24 - [TEST_STEP][PASSED] - pages.Bureau_Login_Page.loginToAdminSite(AdminUsername, AdminPassword): Quicksti_Samday_Refunds_Admin.ts:Clicked on the LOGIN

2020-09-09 12:56:24 - [MESSAGE][PASSED] - Object 'Object Repository/CERTPAY_ADMIN/USER_NAME' is present

2020-09-09 12:56:25 - [MESSAGE][PASSED] - Object 'Object Repository/CERTPAY_ADMIN/USER_NAME' is visible

2020-09-09 12:56:25 - [MESSAGE][PASSED] - Object 'Object Repository/CERTPAY_ADMIN/USER_NAME' is present

2020-09-09 12:56:26 - [MESSAGE][PASSED] - Text 'VVangiliappan' is set on object 'Object Repository/CERTPAY_ADMIN/USER_NAME'

2020-09-09 12:56:26 - [MESSAGE][PASSED] - Quicksti_Samday_Refunds_Admin.ts:Entered'VVangiliappan into username

2020-09-09 12:56:27 - [MESSAGE][PASSED] - Object 'Object Repository/CERTPAY_ADMIN/PASSWORD' is present

2020-09-09 12:56:27 - [MESSAGE][PASSED] - Object 'Object Repository/CERTPAY_ADMIN/PASSWORD' is visible

2020-09-09 12:56:27 - [MESSAGE][PASSED] - Object 'Object Repository/CERTPAY_ADMIN/PASSWORD' is present

2020-09-09 12:56:28 - [MESSAGE][PASSED] - Text 'Knila@12345' is set on object 'Object Repository/CERTPAY_ADMIN/PASSWORD'

2020-09-09 12:56:28 - [MESSAGE][PASSED] - Quicksti_Samday_Refunds_Admin.ts:Entered'Knila@12345 into password

2020-09-09 12:56:29 - [MESSAGE][INFO] - safeClicking

2020-09-09 12:56:29 - [MESSAGE][PASSED] - Object 'Object Repository/CERTPAY_ADMIN/LOGIN_BUTTON' is present

2020-09-09 12:56:29 - [MESSAGE][PASSED] - Object 'Object Repository/CERTPAY_ADMIN/LOGIN_BUTTON' is clickable

2020-09-09 12:56:37 - [MESSAGE][PASSED] - Object: 'Object Repository/CERTPAY_ADMIN/LOGIN_BUTTON' is clicked on

2020-09-09 12:56:37 - [MESSAGE][PASSED] - Quicksti_Samday_Refunds_Admin.ts:Clicked on the LOGIN

2020-09-09 12:56:37 - [TEST_STEP][PASSED] - utilities.SafeActions.safeClick(findTestObject("CERTPAY_ADMIN/TRANSACTION_SEARCH"), "TransactionSearch", [pageLoadTime]): Quicksti_Samday_Refunds_Admin.ts:Clicked on the TransactionSearch

2020-09-09 12:56:38 - [MESSAGE][INFO] - safeClicking

2020-09-09 12:56:38 - [MESSAGE][PASSED] - Object 'Object Repository/CERTPAY_ADMIN/TRANSACTION_SEARCH' is present

2020-09-09 12:56:38 - [MESSAGE][PASSED] - Object 'Object Repository/CERTPAY_ADMIN/TRANSACTION_SEARCH' is clickable

2020-09-09 12:56:42 - [MESSAGE][PASSED] - Object: 'Object Repository/CERTPAY_ADMIN/TRANSACTION_SEARCH' is clicked on

2020-09-09 12:56:42 - [MESSAGE][PASSED] - Quicksti_Samday_Refunds_Admin.ts:Clicked on the TransactionSearch

2020-09-09 12:56:42 - [TEST_STEP][PASSED] - utilities.SafeActions.safeType(findTestObject("CERTPAY_ADMIN/PAYMENT_ID"), paymentId, "Payment id", [pageLoadTime]): Quicksti_Samday_Refunds_Admin.ts:Entered'100176114031 into Payment id

2020-09-09 12:56:42 - [MESSAGE][PASSED] - Object 'Object Repository/CERTPAY_ADMIN/PAYMENT_ID' is present

2020-09-09 12:56:42 - [MESSAGE][PASSED] - Object 'Object Repository/CERTPAY_ADMIN/PAYMENT_ID' is visible

2020-09-09 12:56:43 - [MESSAGE][PASSED] - Object 'Object Repository/CERTPAY_ADMIN/PAYMENT_ID' is present

2020-09-09 12:56:44 - [MESSAGE][PASSED] - Text '100176114031' is set on object 'Object Repository/CERTPAY_ADMIN/PAYMENT_ID'

2020-09-09 12:56:44 - [MESSAGE][PASSED] - Quicksti_Samday_Refunds_Admin.ts:Entered'100176114031 into Payment id

2020-09-09 12:56:44 - [TEST_STEP][PASSED] - utilities.SafeActions.safeClick(findTestObject("CERTPAY_ADMIN/GO_BUTTON"), "Go button", [pageLoadTime]): Quicksti_Samday_Refunds_Admin.ts:Clicked on the Go button

2020-09-09 12:56:44 - [MESSAGE][INFO] - safeClicking

2020-09-09 12:56:44 - [MESSAGE][PASSED] - Object 'Object Repository/CERTPAY_ADMIN/GO_BUTTON' is present

2020-09-09 12:56:45 - [MESSAGE][PASSED] - Object 'Object Repository/CERTPAY_ADMIN/GO_BUTTON' is clickable

2020-09-09 12:56:47 - [MESSAGE][PASSED] - Object: 'Object Repository/CERTPAY_ADMIN/GO_BUTTON' is clicked on

2020-09-09 12:56:47 - [MESSAGE][PASSED] - Quicksti_Samday_Refunds_Admin.ts:Clicked on the Go button

2020-09-09 12:56:47 - [TEST_STEP][PASSED] - delay(5): Delayed 5 second(s)

2020-09-09 12:56:52 - [MESSAGE][PASSED] - Delayed 5 second(s)

2020-09-09 12:56:52 - [TEST_STEP][PASSED] - paymentIdList.add(paymentId): null

2020-09-09 12:56:52 - [TEST_STEP][PASSED] - println(paymentIdList): null

2020-09-09 12:56:52 - [TEST_STEP][PASSED] - utilities.SafeActions.safeClick(findTestObject("CERTPAY_ADMIN/ACTIONS_BUTTON"), "Actions button", [pageLoadTime]): Quicksti_Samday_Refunds_Admin.ts:Clicked on the Actions button

2020-09-09 12:56:53 - [MESSAGE][INFO] - safeClicking

2020-09-09 12:56:53 - [MESSAGE][PASSED] - Object 'Object Repository/CERTPAY_ADMIN/ACTIONS_BUTTON' is present

2020-09-09 12:56:53 - [MESSAGE][PASSED] - Object 'Object Repository/CERTPAY_ADMIN/ACTIONS_BUTTON' is clickable

2020-09-09 12:56:54 - [MESSAGE][PASSED] - Object: 'Object Repository/CERTPAY_ADMIN/ACTIONS_BUTTON' is clicked on

2020-09-09 12:56:54 - [MESSAGE][PASSED] - Quicksti_Samday_Refunds_Admin.ts:Clicked on the Actions button

2020-09-09 12:56:54 - [TEST_STEP][PASSED] - utilities.SafeActions.safeClick(findTestObject("CERTPAY_ADMIN/REFUND_MENU"), "Refund Menu", [pageLoadTime]): Quicksti_Samday_Refunds_Admin.ts:Clicked on the Refund Menu

2020-09-09 12:56:54 - [MESSAGE][INFO] - safeClicking

2020-09-09 12:56:55 - [MESSAGE][PASSED] - Object 'Object Repository/CERTPAY_ADMIN/REFUND_MENU' is present

2020-09-09 12:56:55 - [MESSAGE][PASSED] - Object 'Object Repository/CERTPAY_ADMIN/REFUND_MENU' is clickable

2020-09-09 12:56:56 - [MESSAGE][PASSED] - Object: 'Object Repository/CERTPAY_ADMIN/REFUND_MENU' is clicked on

2020-09-09 12:56:56 - [MESSAGE][PASSED] - Quicksti_Samday_Refunds_Admin.ts:Clicked on the Refund Menu

2020-09-09 12:56:56 - [TEST_STEP][PASSED] - delay(2): Delayed 2 second(s)

2020-09-09 12:56:58 - [MESSAGE][PASSED] - Delayed 2 second(s)

2020-09-09 12:56:58 - [TEST_STEP][PASSED] - utilities.SafeActions.safeClick(findTestObject("CERTPAY_ADMIN/CREDIT_RETURN"), "Credit Return", [pageLoadTime]): Quicksti_Samday_Refunds_Admin.ts:Clicked on the Credit Return

2020-09-09 12:56:58 - [MESSAGE][INFO] - safeClicking

2020-09-09 12:56:59 - [MESSAGE][PASSED] - Object 'Object Repository/CERTPAY_ADMIN/CREDIT_RETURN' is present

2020-09-09 12:56:59 - [MESSAGE][PASSED] - Object 'Object Repository/CERTPAY_ADMIN/CREDIT_RETURN' is clickable

2020-09-09 12:57:00 - [MESSAGE][PASSED] - Object: 'Object Repository/CERTPAY_ADMIN/CREDIT_RETURN' is clicked on

2020-09-09 12:57:00 - [MESSAGE][PASSED] - Quicksti_Samday_Refunds_Admin.ts:Clicked on the Credit Return

2020-09-09 12:57:00 - [TEST_STEP][PASSED] - utilities.SafeActions.safeClick(findTestObject("Object Repository/CERTPAY_ADMIN/FULL_REFUND_BUTTON"), "Set To Full Refund", [pageLoadTime]): Quicksti_Samday_Refunds_Admin.ts:Clicked on the Set To Full Refund

2020-09-09 12:57:00 - [MESSAGE][INFO] - safeClicking

2020-09-09 12:57:01 - [MESSAGE][PASSED] - Object 'Object Repository/CERTPAY_ADMIN/FULL_REFUND_BUTTON' is present

2020-09-09 12:57:01 - [MESSAGE][PASSED] - Object 'Object Repository/CERTPAY_ADMIN/FULL_REFUND_BUTTON' is clickable

2020-09-09 12:57:02 - [MESSAGE][PASSED] - Object: 'Object Repository/CERTPAY_ADMIN/FULL_REFUND_BUTTON' is clicked on

2020-09-09 12:57:02 - [MESSAGE][PASSED] - Quicksti_Samday_Refunds_Admin.ts:Clicked on the Set To Full Refund

2020-09-09 12:57:02 - [TEST_STEP][PASSED] - utilities.SafeActions.safeClick(findTestObject("Object Repository/CERTPAY_ADMIN/PROCESS_REVERSAL"), "Process Reversal", [pageLoadTime]): Quicksti_Samday_Refunds_Admin.ts:Clicked on the Process Reversal

2020-09-09 12:57:02 - [MESSAGE][INFO] - safeClicking

2020-09-09 12:57:02 - [MESSAGE][PASSED] - Object 'Object Repository/CERTPAY_ADMIN/PROCESS_REVERSAL' is present

2020-09-09 12:57:03 - [MESSAGE][PASSED] - Object 'Object Repository/CERTPAY_ADMIN/PROCESS_REVERSAL' is clickable

2020-09-09 12:57:04 - [MESSAGE][PASSED] - Object: 'Object Repository/CERTPAY_ADMIN/PROCESS_REVERSAL' is clicked on

2020-09-09 12:57:04 - [MESSAGE][PASSED] - Quicksti_Samday_Refunds_Admin.ts:Clicked on the Process Reversal

2020-09-09 12:57:04 - [TEST_STEP][PASSED] - delay(3): Delayed 3 second(s)

2020-09-09 12:57:07 - [MESSAGE][PASSED] - Delayed 3 second(s)

2020-09-09 12:57:07 - [TEST_STEP][PASSED] - utilities.SafeActions.safeClick(findTestObject("Object Repository/CERTPAY_ADMIN/CLOSE_BUTTON"), "Close Button", [pageLoadTime]): Quicksti_Samday_Refunds_Admin.ts:Clicked on the Close Button

2020-09-09 12:57:07 - [MESSAGE][INFO] - safeClicking

2020-09-09 12:57:07 - [MESSAGE][PASSED] - Object 'Object Repository/CERTPAY_ADMIN/CLOSE_BUTTON' is present

2020-09-09 12:57:08 - [MESSAGE][PASSED] - Object 'Object Repository/CERTPAY_ADMIN/CLOSE_BUTTON' is clickable

2020-09-09 12:57:12 - [MESSAGE][ERROR] - javascript error: Failed to execute 'elementsFromPoint' on 'Document': The provided double value is non-finite.
  (Session info: chrome=85.0.4183.83)
Build info: version: '3.141.59', revision: 'e82be7d358', time: '2018-11-14T08:25:53'
System info: host: 'SYS8', ip: '172.31.253.251', os.name: 'Windows 10', os.arch: 'x86', os.version: '10.0', java.version: '1.8.0_181'
Driver info: com.kms.katalon.selenium.driver.CChromeDriver
Capabilities {acceptInsecureCerts: false, browserName: chrome, browserVersion: 85.0.4183.83, chrome: {chromedriverVersion: 85.0.4183.87 (cd6713ebf92fa..., userDataDir: C:\Users\admin\AppData\Loca...}, goog:chromeOptions: {debuggerAddress: localhost:58756}, javascriptEnabled: true, networkConnectionEnabled: false, pageLoadStrategy: normal, platform: WINDOWS, platformName: WINDOWS, proxy: Proxy(), setWindowRect: true, strictFileInteractability: false, timeouts: {implicit: 0, pageLoad: 300000, script: 30000}, unhandledPromptBehavior: dismiss and notify, webauthn:virtualAuthenticators: true}
Session ID: 9704b0779d07992081d6f7be6867f2c3

2020-09-09 12:57:42 - [MESSAGE][ERROR] - javascript error: Failed to execute 'elementsFromPoint' on 'Document': The provided double value is non-finite.
  (Session info: chrome=85.0.4183.83)
Build info: version: '3.141.59', revision: 'e82be7d358', time: '2018-11-14T08:25:53'
System info: host: 'SYS8', ip: '172.31.253.251', os.name: 'Windows 10', os.arch: 'x86', os.version: '10.0', java.version: '1.8.0_181'
Driver info: com.kms.katalon.selenium.driver.CChromeDriver
Capabilities {acceptInsecureCerts: false, browserName: chrome, browserVersion: 85.0.4183.83, chrome: {chromedriverVersion: 85.0.4183.87 (cd6713ebf92fa..., userDataDir: C:\Users\admin\AppData\Loca...}, goog:chromeOptions: {debuggerAddress: localhost:58756}, javascriptEnabled: true, networkConnectionEnabled: false, pageLoadStrategy: normal, platform: WINDOWS, platformName: WINDOWS, proxy: Proxy(), setWindowRect: true, strictFileInteractability: false, timeouts: {implicit: 0, pageLoad: 300000, script: 30000}, unhandledPromptBehavior: dismiss and notify, webauthn:virtualAuthenticators: true}
Session ID: 9704b0779d07992081d6f7be6867f2c3

2020-09-09 12:57:44 - [MESSAGE][PASSED] - Object: 'Object Repository/CERTPAY_ADMIN/CLOSE_BUTTON' is clicked on

2020-09-09 12:57:44 - [MESSAGE][PASSED] - Quicksti_Samday_Refunds_Admin.ts:Clicked on the Close Button

2020-09-09 12:57:44 - [TEST_STEP][PASSED] - delay(3): Delayed 3 second(s)

2020-09-09 12:57:47 - [MESSAGE][PASSED] - Delayed 3 second(s)

2020-09-09 12:57:47 - [TEST_STEP][PASSED] - scrollToPosition(800, 900): Browser is scrolled to position x = 800, y = 900

2020-09-09 12:57:47 - [MESSAGE][PASSED] - Browser is scrolled to position x = 800, y = 900

2020-09-09 12:57:47 - [TEST_STEP][PASSED] - firstName = data.getValue("FirstName", index): null

2020-09-09 12:57:47 - [TEST_STEP][PASSED] - lastName = data.getValue("LastName", index): null

2020-09-09 12:57:47 - [TEST_STEP][PASSED] - expMonth = data.getValue("ExpMonth", index): null

2020-09-09 12:57:47 - [TEST_STEP][PASSED] - expYear = data.getValue("ExpYear", index): null

2020-09-09 12:57:47 - [TEST_STEP][PASSED] - securityCode = data.getValue("SecurityCode", index): null

2020-09-09 12:57:47 - [TEST_STEP][PASSED] - paymentAmount = data.getValue("PaymentAmount", index): null

2020-09-09 12:57:47 - [TEST_STEP][PASSED] - paymentType = data.getValue("PaymentType", index): null

2020-09-09 12:57:47 - [TEST_STEP][PASSED] - quantity = data.getValue("Quantity", index): null

2020-09-09 12:57:47 - [TEST_STEP][PASSED] - comments = data.getValue("Comments", index): null

2020-09-09 12:57:47 - [TEST_STEP][PASSED] - referenceNum = data.getValue("ReferenceNum", index): null

2020-09-09 12:57:47 - [TEST_STEP][PASSED] - address = data.getValue("Address", index): null

2020-09-09 12:57:47 - [TEST_STEP][PASSED] - zipCode = data.getValue("Zipcode", index): null

2020-09-09 12:57:47 - [TEST_STEP][PASSED] - telephone = data.getValue("Telephone", index): null

2020-09-09 12:57:47 - [TEST_STEP][PASSED] - emailAddress = data.getValue("EmailAddress", index): null

2020-09-09 12:57:47 - [TEST_STEP][PASSED] - cardNum = data.getValue("CardNumber", index): null

2020-09-09 12:57:47 - [TEST_STEP][PASSED] - cardType = data.getValue("CardType", index): null

2020-09-09 12:57:47 - [TEST_STEP][PASSED] - utilities.SafeActions.openBrowser(Quicksti_Url, [pageLoadTime]): Browser launched successfully

2020-09-09 12:57:47 - [MESSAGE][INFO] - Opening Browser

2020-09-09 12:57:47 - [MESSAGE][WARNING] - A browser is already opened. Closing browser and opening a new one

2020-09-09 12:57:48 - [MESSAGE][INFO] - Starting 'Chrome' driver

2020-09-09 12:57:58 - [MESSAGE][PASSED] - Browser is opened with url: 'https://qa-certpayquicksti.faps.net/'

2020-09-09 12:58:01 - [MESSAGE][PASSED] - Current window maximized

2020-09-09 12:58:01 - [MESSAGE][PASSED] - Browser launched successfully

2020-09-09 12:58:01 - [TEST_STEP][PASSED] - utilities.SafeActions.safeType(findTestObject("CERTPAY_QUICKSTI/Login_ Page/BUREAU_CODE"), bureau_code, "Bureau code", [pageLoadTime]): Quicksti_Samday_Refunds_Admin.ts:Entered'6100000 into Bureau code

2020-09-09 12:58:01 - [MESSAGE][PASSED] - Object 'Object Repository/CERTPAY_QUICKSTI/Login_ Page/BUREAU_CODE' is present

2020-09-09 12:58:01 - [MESSAGE][PASSED] - Object 'Object Repository/CERTPAY_QUICKSTI/Login_ Page/BUREAU_CODE' is visible

2020-09-09 12:58:02 - [MESSAGE][PASSED] - Object 'Object Repository/CERTPAY_QUICKSTI/Login_ Page/BUREAU_CODE' is present

2020-09-09 12:58:03 - [MESSAGE][PASSED] - Text '6100000' is set on object 'Object Repository/CERTPAY_QUICKSTI/Login_ Page/BUREAU_CODE'

2020-09-09 12:58:03 - [MESSAGE][PASSED] - Quicksti_Samday_Refunds_Admin.ts:Entered'6100000 into Bureau code

2020-09-09 12:58:03 - [TEST_STEP][PASSED] - utilities.SafeActions.safeType(findTestObject("CERTPAY_QUICKSTI/Login_ Page/TELLER_ID"), teller_id, "Bureau code", [pageLoadTime]): Quicksti_Samday_Refunds_Admin.ts:Entered'zenq into Bureau code

2020-09-09 12:58:03 - [MESSAGE][PASSED] - Object 'Object Repository/CERTPAY_QUICKSTI/Login_ Page/TELLER_ID' is present

2020-09-09 12:58:03 - [MESSAGE][PASSED] - Object 'Object Repository/CERTPAY_QUICKSTI/Login_ Page/TELLER_ID' is visible

2020-09-09 12:58:04 - [MESSAGE][PASSED] - Object 'Object Repository/CERTPAY_QUICKSTI/Login_ Page/TELLER_ID' is present

2020-09-09 12:58:05 - [MESSAGE][PASSED] - Text 'zenq' is set on object 'Object Repository/CERTPAY_QUICKSTI/Login_ Page/TELLER_ID'

2020-09-09 12:58:05 - [MESSAGE][PASSED] - Quicksti_Samday_Refunds_Admin.ts:Entered'zenq into Bureau code

2020-09-09 12:58:05 - [TEST_STEP][PASSED] - utilities.SafeActions.safeClick(findTestObject("CERTPAY_QUICKSTI/Login_ Page/NEXT_BUTTON"), "Next button", [pageLoadTime]): Quicksti_Samday_Refunds_Admin.ts:Clicked on the Next button

2020-09-09 12:58:05 - [MESSAGE][INFO] - safeClicking

2020-09-09 12:58:05 - [MESSAGE][PASSED] - Object 'Object Repository/CERTPAY_QUICKSTI/Login_ Page/NEXT_BUTTON' is present

2020-09-09 12:58:06 - [MESSAGE][PASSED] - Object 'Object Repository/CERTPAY_QUICKSTI/Login_ Page/NEXT_BUTTON' is clickable

2020-09-09 12:58:09 - [MESSAGE][PASSED] - Object: 'Object Repository/CERTPAY_QUICKSTI/Login_ Page/NEXT_BUTTON' is clicked on

2020-09-09 12:58:09 - [MESSAGE][PASSED] - Quicksti_Samday_Refunds_Admin.ts:Clicked on the Next button

2020-09-09 12:58:09 - [TEST_STEP][PASSED] - utilities.SafeActions.safeClick(findTestObject("CERTPAY_QUICKSTI/Payment_Information_Page/MANUAL_ENTRY_BUTTON"), "ManualEntry", [pageLoadTime]): Quicksti_Samday_Refunds_Admin.ts:Clicked on the ManualEntry

2020-09-09 12:58:09 - [MESSAGE][INFO] - safeClicking

2020-09-09 12:58:10 - [MESSAGE][PASSED] - Object 'Object Repository/CERTPAY_QUICKSTI/Payment_Information_Page/MANUAL_ENTRY_BUTTON' is present

2020-09-09 12:58:10 - [MESSAGE][PASSED] - Object 'Object Repository/CERTPAY_QUICKSTI/Payment_Information_Page/MANUAL_ENTRY_BUTTON' is clickable

2020-09-09 12:58:12 - [MESSAGE][PASSED] - Object: 'Object Repository/CERTPAY_QUICKSTI/Payment_Information_Page/MANUAL_ENTRY_BUTTON' is clicked on

2020-09-09 12:58:12 - [MESSAGE][PASSED] - Quicksti_Samday_Refunds_Admin.ts:Clicked on the ManualEntry

2020-09-09 12:58:12 - [TEST_STEP][PASSED] - CardNumber = pages.Quicksti.setUserPaymentDetails(firstName, lastName, cardNum): Quicksti_Samday_Refunds_Admin.ts:Entered'5154623208647646 into CardNum

2020-09-09 12:58:13 - [MESSAGE][PASSED] - Object 'Object Repository/CERTPAY_QUICKSTI/Payment_Information_Page/FIRST_NAME' is present

2020-09-09 12:58:13 - [MESSAGE][PASSED] - Object 'Object Repository/CERTPAY_QUICKSTI/Payment_Information_Page/FIRST_NAME' is visible

2020-09-09 12:58:13 - [MESSAGE][PASSED] - Object 'Object Repository/CERTPAY_QUICKSTI/Payment_Information_Page/FIRST_NAME' is present

2020-09-09 12:58:15 - [MESSAGE][PASSED] - Text 'Tester' is set on object 'Object Repository/CERTPAY_QUICKSTI/Payment_Information_Page/FIRST_NAME'

2020-09-09 12:58:15 - [MESSAGE][PASSED] - Quicksti_Samday_Refunds_Admin.ts:Entered'Tester into FirstName

2020-09-09 12:58:15 - [MESSAGE][PASSED] - Object 'Object Repository/CERTPAY_QUICKSTI/Payment_Information_Page/LAST_NAME' is present

2020-09-09 12:58:15 - [MESSAGE][PASSED] - Object 'Object Repository/CERTPAY_QUICKSTI/Payment_Information_Page/LAST_NAME' is visible

2020-09-09 12:58:16 - [MESSAGE][PASSED] - Object 'Object Repository/CERTPAY_QUICKSTI/Payment_Information_Page/LAST_NAME' is present

2020-09-09 12:58:17 - [MESSAGE][PASSED] - Text 'Zenq1' is set on object 'Object Repository/CERTPAY_QUICKSTI/Payment_Information_Page/LAST_NAME'

2020-09-09 12:58:17 - [MESSAGE][PASSED] - Quicksti_Samday_Refunds_Admin.ts:Entered'Zenq1 into LAstName

2020-09-09 12:58:17 - [MESSAGE][PASSED] - Object 'Object Repository/CERTPAY_QUICKSTI/Payment_Information_Page/CARD_NUMBER' is present

2020-09-09 12:58:18 - [MESSAGE][PASSED] - Object 'Object Repository/CERTPAY_QUICKSTI/Payment_Information_Page/CARD_NUMBER' is visible

2020-09-09 12:58:18 - [MESSAGE][PASSED] - Object 'Object Repository/CERTPAY_QUICKSTI/Payment_Information_Page/CARD_NUMBER' is present

2020-09-09 12:58:19 - [MESSAGE][PASSED] - Text '5154623208647646' is set on object 'Object Repository/CERTPAY_QUICKSTI/Payment_Information_Page/CARD_NUMBER'

2020-09-09 12:58:19 - [MESSAGE][PASSED] - Quicksti_Samday_Refunds_Admin.ts:Entered'5154623208647646 into CardNum

2020-09-09 12:58:19 - [TEST_STEP][PASSED] - utilities.SafeActions.safeSelectOptionInDropdownByVisibleText(findTestObject("CERTPAY_QUICKSTI/Payment_Information_Page/PAYMENT_TYPE"), paymentType, "paymentType", [pageLoadTime]): selected dropdown option by visible text  Giftsfrom paymentType

2020-09-09 12:58:20 - [MESSAGE][PASSED] - Object 'Object Repository/CERTPAY_QUICKSTI/Payment_Information_Page/PAYMENT_TYPE' is visible

2020-09-09 12:58:20 - [MESSAGE][PASSED] - Object 'Object Repository/CERTPAY_QUICKSTI/Payment_Information_Page/PAYMENT_TYPE' is present

2020-09-09 12:58:21 - [MESSAGE][PASSED] - Object: 'Object Repository/CERTPAY_QUICKSTI/Payment_Information_Page/PAYMENT_TYPE' is clicked on

2020-09-09 12:58:22 - [MESSAGE][PASSED] - All options with label 'Gifts' are selected in object 'Object Repository/CERTPAY_QUICKSTI/Payment_Information_Page/PAYMENT_TYPE'  using regular expression

2020-09-09 12:58:22 - [MESSAGE][PASSED] - selected dropdown option by visible text  Giftsfrom paymentType

2020-09-09 12:58:22 - [TEST_STEP][PASSED] - pages.Quicksti.setExpDate(expMonth, expYear, securityCode): Quicksti_Samday_Refunds_Admin.ts:Entered'207 into securityCode

2020-09-09 12:58:23 - [MESSAGE][PASSED] - Object 'Object Repository/CERTPAY_QUICKSTI/Payment_Information_Page/EXP_MONTH' is visible

2020-09-09 12:58:23 - [MESSAGE][PASSED] - Object 'Object Repository/CERTPAY_QUICKSTI/Payment_Information_Page/EXP_MONTH' is present

2020-09-09 12:58:24 - [MESSAGE][PASSED] - Object: 'Object Repository/CERTPAY_QUICKSTI/Payment_Information_Page/EXP_MONTH' is clicked on

2020-09-09 12:58:26 - [MESSAGE][PASSED] - All options with label '04' are selected in object 'Object Repository/CERTPAY_QUICKSTI/Payment_Information_Page/EXP_MONTH'  using regular expression

2020-09-09 12:58:26 - [MESSAGE][PASSED] - selected dropdown option by visible text  04from expMonth

2020-09-09 12:58:26 - [MESSAGE][PASSED] - Object 'Object Repository/CERTPAY_QUICKSTI/Payment_Information_Page/EXP_YEAR' is visible

2020-09-09 12:58:26 - [MESSAGE][PASSED] - Object 'Object Repository/CERTPAY_QUICKSTI/Payment_Information_Page/EXP_YEAR' is present

2020-09-09 12:58:28 - [MESSAGE][PASSED] - Object: 'Object Repository/CERTPAY_QUICKSTI/Payment_Information_Page/EXP_YEAR' is clicked on

2020-09-09 12:58:29 - [MESSAGE][PASSED] - All options with label '2023' are selected in object 'Object Repository/CERTPAY_QUICKSTI/Payment_Information_Page/EXP_YEAR'  using regular expression

2020-09-09 12:58:29 - [MESSAGE][PASSED] - selected dropdown option by visible text  2023from  expYear

2020-09-09 12:58:29 - [MESSAGE][PASSED] - Object 'Object Repository/CERTPAY_QUICKSTI/Payment_Information_Page/SECURITY_CODE' is present

2020-09-09 12:58:30 - [MESSAGE][PASSED] - Object 'Object Repository/CERTPAY_QUICKSTI/Payment_Information_Page/SECURITY_CODE' is visible

2020-09-09 12:58:30 - [MESSAGE][PASSED] - Object 'Object Repository/CERTPAY_QUICKSTI/Payment_Information_Page/SECURITY_CODE' is present

2020-09-09 12:58:31 - [MESSAGE][PASSED] - Text '207' is set on object 'Object Repository/CERTPAY_QUICKSTI/Payment_Information_Page/SECURITY_CODE'

2020-09-09 12:58:31 - [MESSAGE][PASSED] - Quicksti_Samday_Refunds_Admin.ts:Entered'207 into securityCode

2020-09-09 12:58:31 - [TEST_STEP][PASSED] - pages.Quicksti.setPaymentAmountDetailsForSinglePayment(paymentAmount, quantity): Quicksti_Samday_Refunds_Admin.ts:Entered'2 into Quantity

2020-09-09 12:58:32 - [MESSAGE][PASSED] - Object 'Object Repository/CERTPAY_QUICKSTI/Payment_Information_Page/PAYMENT_AMOUNT' is present

2020-09-09 12:58:32 - [MESSAGE][PASSED] - Object 'Object Repository/CERTPAY_QUICKSTI/Payment_Information_Page/PAYMENT_AMOUNT' is visible

2020-09-09 12:58:32 - [MESSAGE][PASSED] - Object 'Object Repository/CERTPAY_QUICKSTI/Payment_Information_Page/PAYMENT_AMOUNT' is present

2020-09-09 12:58:33 - [MESSAGE][PASSED] - Text '25.00' is set on object 'Object Repository/CERTPAY_QUICKSTI/Payment_Information_Page/PAYMENT_AMOUNT'

2020-09-09 12:58:33 - [MESSAGE][PASSED] - Quicksti_Samday_Refunds_Admin.ts:Entered'25.00 into amount

2020-09-09 12:58:34 - [MESSAGE][PASSED] - Object 'Object Repository/CERTPAY_QUICKSTI/Payment_Information_Page/QUANTITY' is present

2020-09-09 12:58:34 - [MESSAGE][PASSED] - Object 'Object Repository/CERTPAY_QUICKSTI/Payment_Information_Page/QUANTITY' is visible

2020-09-09 12:58:35 - [MESSAGE][PASSED] - Object 'Object Repository/CERTPAY_QUICKSTI/Payment_Information_Page/QUANTITY' is present

2020-09-09 12:58:36 - [MESSAGE][PASSED] - Text '2' is set on object 'Object Repository/CERTPAY_QUICKSTI/Payment_Information_Page/QUANTITY'

2020-09-09 12:58:36 - [MESSAGE][PASSED] - Quicksti_Samday_Refunds_Admin.ts:Entered'2 into Quantity

2020-09-09 12:58:36 - [TEST_STEP][PASSED] - utilities.SafeActions.safeType(findTestObject("CERTPAY_QUICKSTI/Payment_Information_Page/REFRENCE_NUMBER"), referenceNum, "Reference Number", [pageLoadTime]): Quicksti_Samday_Refunds_Admin.ts:Entered'12 into Reference Number

2020-09-09 12:58:36 - [MESSAGE][PASSED] - Object 'Object Repository/CERTPAY_QUICKSTI/Payment_Information_Page/REFRENCE_NUMBER' is present

2020-09-09 12:58:37 - [MESSAGE][PASSED] - Object 'Object Repository/CERTPAY_QUICKSTI/Payment_Information_Page/REFRENCE_NUMBER' is visible

2020-09-09 12:58:37 - [MESSAGE][PASSED] - Object 'Object Repository/CERTPAY_QUICKSTI/Payment_Information_Page/REFRENCE_NUMBER' is present

2020-09-09 12:58:38 - [MESSAGE][PASSED] - Text '12' is set on object 'Object Repository/CERTPAY_QUICKSTI/Payment_Information_Page/REFRENCE_NUMBER'

2020-09-09 12:58:38 - [MESSAGE][PASSED] - Quicksti_Samday_Refunds_Admin.ts:Entered'12 into Reference Number

2020-09-09 12:58:38 - [TEST_STEP][PASSED] - amount_Value = pages.Quicksti.getAttributeValue(findTestObject("CERTPAY_QUICKSTI/Payment_Information_Page/SUB_TOTAL")): pages.Quicksti.getAttributeValue is PASSED

2020-09-09 12:58:39 - [MESSAGE][PASSED] - Attribute 'value' of object 'Object Repository/CERTPAY_QUICKSTI/Payment_Information_Page/SUB_TOTAL' is: '50.00'

2020-09-09 12:58:39 - [MESSAGE][PASSED] - pages.Quicksti.getAttributeValue is PASSED

2020-09-09 12:58:39 - [TEST_STEP][PASSED] - utilities.SafeActions.safeType(findTestObject("CERTPAY_QUICKSTI/Payment_Information_Page/COMMENTS"), "Testing", "Comments", [pageLoadTime]): Quicksti_Samday_Refunds_Admin.ts:Entered'Testing into Comments

2020-09-09 12:58:39 - [MESSAGE][PASSED] - Object 'Object Repository/CERTPAY_QUICKSTI/Payment_Information_Page/COMMENTS' is present

2020-09-09 12:58:39 - [MESSAGE][PASSED] - Object 'Object Repository/CERTPAY_QUICKSTI/Payment_Information_Page/COMMENTS' is visible

2020-09-09 12:58:40 - [MESSAGE][PASSED] - Object 'Object Repository/CERTPAY_QUICKSTI/Payment_Information_Page/COMMENTS' is present

2020-09-09 12:58:41 - [MESSAGE][PASSED] - Text 'Testing' is set on object 'Object Repository/CERTPAY_QUICKSTI/Payment_Information_Page/COMMENTS'

2020-09-09 12:58:41 - [MESSAGE][PASSED] - Quicksti_Samday_Refunds_Admin.ts:Entered'Testing into Comments

2020-09-09 12:58:41 - [TEST_STEP][PASSED] - utilities.SafeActions.safeType(findTestObject("CERTPAY_QUICKSTI/Payment_Information_Page/ADDRESS"), address, "Address", [pageLoadTime]): Quicksti_Samday_Refunds_Admin.ts:Entered'14-2 into Address

2020-09-09 12:58:41 - [MESSAGE][PASSED] - Object 'Object Repository/CERTPAY_QUICKSTI/Payment_Information_Page/ADDRESS' is present

2020-09-09 12:58:42 - [MESSAGE][PASSED] - Object 'Object Repository/CERTPAY_QUICKSTI/Payment_Information_Page/ADDRESS' is visible

2020-09-09 12:58:42 - [MESSAGE][PASSED] - Object 'Object Repository/CERTPAY_QUICKSTI/Payment_Information_Page/ADDRESS' is present

2020-09-09 12:58:43 - [MESSAGE][PASSED] - Text '14-2' is set on object 'Object Repository/CERTPAY_QUICKSTI/Payment_Information_Page/ADDRESS'

2020-09-09 12:58:43 - [MESSAGE][PASSED] - Quicksti_Samday_Refunds_Admin.ts:Entered'14-2 into Address

2020-09-09 12:58:43 - [TEST_STEP][PASSED] - utilities.SafeActions.safeType(findTestObject("CERTPAY_QUICKSTI/Payment_Information_Page/ZIP_CODE"), zipCode, "zipcode", [pageLoadTime]): Quicksti_Samday_Refunds_Admin.ts:Entered'76102 into zipcode

2020-09-09 12:58:43 - [MESSAGE][PASSED] - Object 'Object Repository/CERTPAY_QUICKSTI/Payment_Information_Page/ZIP_CODE' is present

2020-09-09 12:58:44 - [MESSAGE][PASSED] - Object 'Object Repository/CERTPAY_QUICKSTI/Payment_Information_Page/ZIP_CODE' is visible

2020-09-09 12:58:44 - [MESSAGE][PASSED] - Object 'Object Repository/CERTPAY_QUICKSTI/Payment_Information_Page/ZIP_CODE' is present

2020-09-09 12:58:45 - [MESSAGE][PASSED] - Text '76102' is set on object 'Object Repository/CERTPAY_QUICKSTI/Payment_Information_Page/ZIP_CODE'

2020-09-09 12:58:45 - [MESSAGE][PASSED] - Quicksti_Samday_Refunds_Admin.ts:Entered'76102 into zipcode

2020-09-09 12:58:45 - [TEST_STEP][PASSED] - utilities.SafeActions.safeType(findTestObject("CERTPAY_QUICKSTI/Payment_Information_Page/TELEPHONE"), telephone, "Telephone", [pageLoadTime]): Quicksti_Samday_Refunds_Admin.ts:Entered'9989897654 into Telephone

2020-09-09 12:58:46 - [MESSAGE][PASSED] - Object 'Object Repository/CERTPAY_QUICKSTI/Payment_Information_Page/TELEPHONE' is present

2020-09-09 12:58:46 - [MESSAGE][PASSED] - Object 'Object Repository/CERTPAY_QUICKSTI/Payment_Information_Page/TELEPHONE' is visible

2020-09-09 12:58:46 - [MESSAGE][PASSED] - Object 'Object Repository/CERTPAY_QUICKSTI/Payment_Information_Page/TELEPHONE' is present

2020-09-09 12:58:48 - [MESSAGE][PASSED] - Text '9989897654' is set on object 'Object Repository/CERTPAY_QUICKSTI/Payment_Information_Page/TELEPHONE'

2020-09-09 12:58:48 - [MESSAGE][PASSED] - Quicksti_Samday_Refunds_Admin.ts:Entered'9989897654 into Telephone

2020-09-09 12:58:48 - [TEST_STEP][PASSED] - utilities.SafeActions.safeType(findTestObject("CERTPAY_QUICKSTI/Payment_Information_Page/EMAIL_ADDRESS"), emailAddress, "EMAIL address", [pageLoadTime]): Quicksti_Samday_Refunds_Admin.ts:Entered'testing@zenq.com into EMAIL address

2020-09-09 12:58:48 - [MESSAGE][PASSED] - Object 'Object Repository/CERTPAY_QUICKSTI/Payment_Information_Page/EMAIL_ADDRESS' is present

2020-09-09 12:58:48 - [MESSAGE][PASSED] - Object 'Object Repository/CERTPAY_QUICKSTI/Payment_Information_Page/EMAIL_ADDRESS' is visible

2020-09-09 12:58:49 - [MESSAGE][PASSED] - Object 'Object Repository/CERTPAY_QUICKSTI/Payment_Information_Page/EMAIL_ADDRESS' is present

2020-09-09 12:58:50 - [MESSAGE][PASSED] - Text 'testing@zenq.com' is set on object 'Object Repository/CERTPAY_QUICKSTI/Payment_Information_Page/EMAIL_ADDRESS'

2020-09-09 12:58:50 - [MESSAGE][PASSED] - Quicksti_Samday_Refunds_Admin.ts:Entered'testing@zenq.com into EMAIL address

2020-09-09 12:58:50 - [TEST_STEP][PASSED] - utilities.SafeActions.safeClick(findTestObject("CERTPAY_QUICKSTI/Payment_Information_Page/NEXT_BUTTON"), "Next", [pageLoadTime]): Quicksti_Samday_Refunds_Admin.ts:Clicked on the Next

2020-09-09 12:58:50 - [MESSAGE][INFO] - safeClicking

2020-09-09 12:58:50 - [MESSAGE][PASSED] - Object 'Object Repository/CERTPAY_QUICKSTI/Payment_Information_Page/NEXT_BUTTON' is present

2020-09-09 12:58:51 - [MESSAGE][PASSED] - Object 'Object Repository/CERTPAY_QUICKSTI/Payment_Information_Page/NEXT_BUTTON' is clickable

2020-09-09 12:58:54 - [MESSAGE][PASSED] - Object: 'Object Repository/CERTPAY_QUICKSTI/Payment_Information_Page/NEXT_BUTTON' is clicked on

2020-09-09 12:58:54 - [MESSAGE][PASSED] - Quicksti_Samday_Refunds_Admin.ts:Clicked on the Next

2020-09-09 12:58:54 - [TEST_STEP][PASSED] - pages.Quicksti.verifyUserPaymentDetails(paymentAmount, firstName, lastName, CardNumber): pages.Quicksti.verifyUserPaymentDetails is PASSED

2020-09-09 12:58:54 - [MESSAGE][PASSED] - Text of object 'Object Repository/CERTPAY_QUICKSTI/Payment_Details_Verification_Page/AMOUNT' is: '$25.00'

2020-09-09 12:58:54 - [MESSAGE][PASSED] - Actual text '25.00' and expected text '25.00' are matched  using regular expression

2020-09-09 12:58:54 - [MESSAGE][PASSED] - Text of object 'Object Repository/CERTPAY_QUICKSTI/Payment_Details_Verification_Page/NAME' is: 'Tester Zenq1'

2020-09-09 12:58:54 - [MESSAGE][PASSED] - Actual text 'Tester Zenq1' and expected text 'Tester Zenq1' are matched  using regular expression

2020-09-09 12:58:55 - [MESSAGE][PASSED] - Text of object 'Object Repository/CERTPAY_QUICKSTI/Payment_Details_Verification_Page/CARD_NUMBER' is: '...7646'

2020-09-09 12:58:55 - [MESSAGE][PASSED] - Actual text '7646' and expected text '7646' are matched  using regular expression

2020-09-09 12:58:55 - [MESSAGE][PASSED] - pages.Quicksti.verifyUserPaymentDetails is PASSED

2020-09-09 12:58:55 - [TEST_STEP][PASSED] - delay(2): Delayed 2 second(s)

2020-09-09 12:58:57 - [MESSAGE][PASSED] - Delayed 2 second(s)

2020-09-09 12:58:57 - [TEST_STEP][PASSED] - scrollToElement(findTestObject("CERTPAY_QUICKSTI/Payment_Details_Verification_Page/PROCESS"), 30): Scroll to object 'Object Repository/CERTPAY_QUICKSTI/Payment_Details_Verification_Page/PROCESS' successfully

2020-09-09 12:58:57 - [MESSAGE][PASSED] - Scroll to object 'Object Repository/CERTPAY_QUICKSTI/Payment_Details_Verification_Page/PROCESS' successfully

2020-09-09 12:58:57 - [TEST_STEP][PASSED] - utilities.SafeActions.safeClick(findTestObject("CERTPAY_QUICKSTI/Payment_Details_Verification_Page/PROCESS"), "Process", [pageLoadTime]): Quicksti_Samday_Refunds_Admin.ts:Clicked on the Process

2020-09-09 12:58:57 - [MESSAGE][INFO] - safeClicking

2020-09-09 12:58:57 - [MESSAGE][PASSED] - Object 'Object Repository/CERTPAY_QUICKSTI/Payment_Details_Verification_Page/PROCESS' is present

2020-09-09 12:58:58 - [MESSAGE][PASSED] - Object 'Object Repository/CERTPAY_QUICKSTI/Payment_Details_Verification_Page/PROCESS' is clickable

2020-09-09 12:59:03 - [MESSAGE][PASSED] - Object: 'Object Repository/CERTPAY_QUICKSTI/Payment_Details_Verification_Page/PROCESS' is clicked on

2020-09-09 12:59:03 - [MESSAGE][PASSED] - Quicksti_Samday_Refunds_Admin.ts:Clicked on the Process

2020-09-09 12:59:03 - [TEST_STEP][PASSED] - paymentId = pages.Quicksti.verifyPaymentApproval(findTestObject("CERTPAY_QUICKSTI/Payment_Details_Verification_Page/APPROVED")): Payment is approved

2020-09-09 12:59:03 - [MESSAGE][PASSED] - Text of object 'Object Repository/CERTPAY_QUICKSTI/Payment_Details_Verification_Page/PAYMENT_ID' is: '100176114035'

2020-09-09 12:59:03 - [MESSAGE][PASSED] - Object 'Object Repository/CERTPAY_QUICKSTI/Payment_Details_Verification_Page/APPROVED' is present

2020-09-09 12:59:03 - [MESSAGE][PASSED] - Payment is approved

2020-09-09 12:59:05 - [TEST_STEP][PASSED] - navigateToUrl(Admin_url): Navigate to 'https://qa-certpayadmin.faps.net' successfully

2020-09-09 12:59:13 - [MESSAGE][PASSED] - Navigate to 'https://qa-certpayadmin.faps.net' successfully

2020-09-09 12:59:13 - [TEST_STEP][PASSED] - pages.Bureau_Login_Page.loginToAdminSite(AdminUsername, AdminPassword): Quicksti_Samday_Refunds_Admin.ts:Clicked on the LOGIN

2020-09-09 12:59:13 - [MESSAGE][PASSED] - Object 'Object Repository/CERTPAY_ADMIN/USER_NAME' is present

2020-09-09 12:59:14 - [MESSAGE][PASSED] - Object 'Object Repository/CERTPAY_ADMIN/USER_NAME' is visible

2020-09-09 12:59:14 - [MESSAGE][PASSED] - Object 'Object Repository/CERTPAY_ADMIN/USER_NAME' is present

2020-09-09 12:59:15 - [MESSAGE][PASSED] - Text 'VVangiliappan' is set on object 'Object Repository/CERTPAY_ADMIN/USER_NAME'

2020-09-09 12:59:15 - [MESSAGE][PASSED] - Quicksti_Samday_Refunds_Admin.ts:Entered'VVangiliappan into username

2020-09-09 12:59:15 - [MESSAGE][PASSED] - Object 'Object Repository/CERTPAY_ADMIN/PASSWORD' is present

2020-09-09 12:59:16 - [MESSAGE][PASSED] - Object 'Object Repository/CERTPAY_ADMIN/PASSWORD' is visible

2020-09-09 12:59:16 - [MESSAGE][PASSED] - Object 'Object Repository/CERTPAY_ADMIN/PASSWORD' is present

2020-09-09 12:59:17 - [MESSAGE][PASSED] - Text 'Knila@12345' is set on object 'Object Repository/CERTPAY_ADMIN/PASSWORD'

2020-09-09 12:59:17 - [MESSAGE][PASSED] - Quicksti_Samday_Refunds_Admin.ts:Entered'Knila@12345 into password

2020-09-09 12:59:17 - [MESSAGE][INFO] - safeClicking

2020-09-09 12:59:18 - [MESSAGE][PASSED] - Object 'Object Repository/CERTPAY_ADMIN/LOGIN_BUTTON' is present

2020-09-09 12:59:18 - [MESSAGE][PASSED] - Object 'Object Repository/CERTPAY_ADMIN/LOGIN_BUTTON' is clickable

2020-09-09 12:59:25 - [MESSAGE][PASSED] - Object: 'Object Repository/CERTPAY_ADMIN/LOGIN_BUTTON' is clicked on

2020-09-09 12:59:25 - [MESSAGE][PASSED] - Quicksti_Samday_Refunds_Admin.ts:Clicked on the LOGIN

2020-09-09 12:59:25 - [TEST_STEP][PASSED] - utilities.SafeActions.safeClick(findTestObject("CERTPAY_ADMIN/TRANSACTION_SEARCH"), "TransactionSearch", [pageLoadTime]): Quicksti_Samday_Refunds_Admin.ts:Clicked on the TransactionSearch

2020-09-09 12:59:26 - [MESSAGE][INFO] - safeClicking

2020-09-09 12:59:26 - [MESSAGE][PASSED] - Object 'Object Repository/CERTPAY_ADMIN/TRANSACTION_SEARCH' is present

2020-09-09 12:59:26 - [MESSAGE][PASSED] - Object 'Object Repository/CERTPAY_ADMIN/TRANSACTION_SEARCH' is clickable

2020-09-09 12:59:29 - [MESSAGE][PASSED] - Object: 'Object Repository/CERTPAY_ADMIN/TRANSACTION_SEARCH' is clicked on

2020-09-09 12:59:29 - [MESSAGE][PASSED] - Quicksti_Samday_Refunds_Admin.ts:Clicked on the TransactionSearch

2020-09-09 12:59:29 - [TEST_STEP][PASSED] - utilities.SafeActions.safeType(findTestObject("CERTPAY_ADMIN/PAYMENT_ID"), paymentId, "Payment id", [pageLoadTime]): Quicksti_Samday_Refunds_Admin.ts:Entered'100176114035 into Payment id

2020-09-09 12:59:30 - [MESSAGE][PASSED] - Object 'Object Repository/CERTPAY_ADMIN/PAYMENT_ID' is present

2020-09-09 12:59:30 - [MESSAGE][PASSED] - Object 'Object Repository/CERTPAY_ADMIN/PAYMENT_ID' is visible

2020-09-09 12:59:30 - [MESSAGE][PASSED] - Object 'Object Repository/CERTPAY_ADMIN/PAYMENT_ID' is present

2020-09-09 12:59:32 - [MESSAGE][PASSED] - Text '100176114035' is set on object 'Object Repository/CERTPAY_ADMIN/PAYMENT_ID'

2020-09-09 12:59:32 - [MESSAGE][PASSED] - Quicksti_Samday_Refunds_Admin.ts:Entered'100176114035 into Payment id

2020-09-09 12:59:32 - [TEST_STEP][PASSED] - utilities.SafeActions.safeClick(findTestObject("CERTPAY_ADMIN/GO_BUTTON"), "Go button", [pageLoadTime]): Quicksti_Samday_Refunds_Admin.ts:Clicked on the Go button

2020-09-09 12:59:32 - [MESSAGE][INFO] - safeClicking

2020-09-09 12:59:32 - [MESSAGE][PASSED] - Object 'Object Repository/CERTPAY_ADMIN/GO_BUTTON' is present

2020-09-09 12:59:32 - [MESSAGE][PASSED] - Object 'Object Repository/CERTPAY_ADMIN/GO_BUTTON' is clickable

2020-09-09 12:59:36 - [MESSAGE][PASSED] - Object: 'Object Repository/CERTPAY_ADMIN/GO_BUTTON' is clicked on

2020-09-09 12:59:36 - [MESSAGE][PASSED] - Quicksti_Samday_Refunds_Admin.ts:Clicked on the Go button

2020-09-09 12:59:36 - [TEST_STEP][PASSED] - delay(5): Delayed 5 second(s)

2020-09-09 12:59:41 - [MESSAGE][PASSED] - Delayed 5 second(s)

2020-09-09 12:59:41 - [TEST_STEP][PASSED] - paymentIdList.add(paymentId): null

2020-09-09 12:59:41 - [TEST_STEP][PASSED] - println(paymentIdList): null

2020-09-09 12:59:41 - [TEST_STEP][PASSED] - utilities.SafeActions.safeClick(findTestObject("CERTPAY_ADMIN/ACTIONS_BUTTON"), "Actions button", [pageLoadTime]): Quicksti_Samday_Refunds_Admin.ts:Clicked on the Actions button

2020-09-09 12:59:41 - [MESSAGE][INFO] - safeClicking

2020-09-09 12:59:41 - [MESSAGE][PASSED] - Object 'Object Repository/CERTPAY_ADMIN/ACTIONS_BUTTON' is present

2020-09-09 12:59:42 - [MESSAGE][PASSED] - Object 'Object Repository/CERTPAY_ADMIN/ACTIONS_BUTTON' is clickable

2020-09-09 12:59:43 - [MESSAGE][PASSED] - Object: 'Object Repository/CERTPAY_ADMIN/ACTIONS_BUTTON' is clicked on

2020-09-09 12:59:43 - [MESSAGE][PASSED] - Quicksti_Samday_Refunds_Admin.ts:Clicked on the Actions button

2020-09-09 12:59:43 - [TEST_STEP][PASSED] - utilities.SafeActions.safeClick(findTestObject("CERTPAY_ADMIN/REFUND_MENU"), "Refund Menu", [pageLoadTime]): Quicksti_Samday_Refunds_Admin.ts:Clicked on the Refund Menu

2020-09-09 12:59:43 - [MESSAGE][INFO] - safeClicking

2020-09-09 12:59:43 - [MESSAGE][PASSED] - Object 'Object Repository/CERTPAY_ADMIN/REFUND_MENU' is present

2020-09-09 12:59:44 - [MESSAGE][PASSED] - Object 'Object Repository/CERTPAY_ADMIN/REFUND_MENU' is clickable

2020-09-09 12:59:45 - [MESSAGE][PASSED] - Object: 'Object Repository/CERTPAY_ADMIN/REFUND_MENU' is clicked on

2020-09-09 12:59:45 - [MESSAGE][PASSED] - Quicksti_Samday_Refunds_Admin.ts:Clicked on the Refund Menu

2020-09-09 12:59:45 - [TEST_STEP][PASSED] - delay(2): Delayed 2 second(s)

2020-09-09 12:59:47 - [MESSAGE][PASSED] - Delayed 2 second(s)

2020-09-09 12:59:47 - [TEST_STEP][PASSED] - utilities.SafeActions.safeClick(findTestObject("CERTPAY_ADMIN/CREDIT_RETURN"), "Credit Return", [pageLoadTime]): Quicksti_Samday_Refunds_Admin.ts:Clicked on the Credit Return

2020-09-09 12:59:47 - [MESSAGE][INFO] - safeClicking

2020-09-09 12:59:47 - [MESSAGE][PASSED] - Object 'Object Repository/CERTPAY_ADMIN/CREDIT_RETURN' is present

2020-09-09 12:59:47 - [MESSAGE][PASSED] - Object 'Object Repository/CERTPAY_ADMIN/CREDIT_RETURN' is clickable

2020-09-09 12:59:49 - [MESSAGE][PASSED] - Object: 'Object Repository/CERTPAY_ADMIN/CREDIT_RETURN' is clicked on

2020-09-09 12:59:49 - [MESSAGE][PASSED] - Quicksti_Samday_Refunds_Admin.ts:Clicked on the Credit Return

2020-09-09 12:59:49 - [TEST_STEP][PASSED] - utilities.SafeActions.safeClick(findTestObject("Object Repository/CERTPAY_ADMIN/FULL_REFUND_BUTTON"), "Set To Full Refund", [pageLoadTime]): Quicksti_Samday_Refunds_Admin.ts:Clicked on the Set To Full Refund

2020-09-09 12:59:49 - [MESSAGE][INFO] - safeClicking

2020-09-09 12:59:49 - [MESSAGE][PASSED] - Object 'Object Repository/CERTPAY_ADMIN/FULL_REFUND_BUTTON' is present

2020-09-09 12:59:49 - [MESSAGE][PASSED] - Object 'Object Repository/CERTPAY_ADMIN/FULL_REFUND_BUTTON' is clickable

2020-09-09 12:59:51 - [MESSAGE][PASSED] - Object: 'Object Repository/CERTPAY_ADMIN/FULL_REFUND_BUTTON' is clicked on

2020-09-09 12:59:51 - [MESSAGE][PASSED] - Quicksti_Samday_Refunds_Admin.ts:Clicked on the Set To Full Refund

2020-09-09 12:59:51 - [TEST_STEP][PASSED] - utilities.SafeActions.safeClick(findTestObject("Object Repository/CERTPAY_ADMIN/PROCESS_REVERSAL"), "Process Reversal", [pageLoadTime]): Quicksti_Samday_Refunds_Admin.ts:Clicked on the Process Reversal

2020-09-09 12:59:51 - [MESSAGE][INFO] - safeClicking

2020-09-09 12:59:51 - [MESSAGE][PASSED] - Object 'Object Repository/CERTPAY_ADMIN/PROCESS_REVERSAL' is present

2020-09-09 12:59:51 - [MESSAGE][PASSED] - Object 'Object Repository/CERTPAY_ADMIN/PROCESS_REVERSAL' is clickable

2020-09-09 12:59:53 - [MESSAGE][PASSED] - Object: 'Object Repository/CERTPAY_ADMIN/PROCESS_REVERSAL' is clicked on

2020-09-09 12:59:53 - [MESSAGE][PASSED] - Quicksti_Samday_Refunds_Admin.ts:Clicked on the Process Reversal

2020-09-09 12:59:53 - [TEST_STEP][PASSED] - delay(3): Delayed 3 second(s)

2020-09-09 12:59:56 - [MESSAGE][PASSED] - Delayed 3 second(s)

2020-09-09 12:59:56 - [TEST_STEP][PASSED] - utilities.SafeActions.safeClick(findTestObject("Object Repository/CERTPAY_ADMIN/CLOSE_BUTTON"), "Close Button", [pageLoadTime]): Quicksti_Samday_Refunds_Admin.ts:Clicked on the Close Button

2020-09-09 12:59:56 - [MESSAGE][INFO] - safeClicking

2020-09-09 12:59:57 - [MESSAGE][PASSED] - Object 'Object Repository/CERTPAY_ADMIN/CLOSE_BUTTON' is present

2020-09-09 12:59:57 - [MESSAGE][PASSED] - Object 'Object Repository/CERTPAY_ADMIN/CLOSE_BUTTON' is clickable

2020-09-09 12:59:59 - [MESSAGE][ERROR] - javascript error: Failed to execute 'elementsFromPoint' on 'Document': The provided double value is non-finite.
  (Session info: chrome=85.0.4183.83)
Build info: version: '3.141.59', revision: 'e82be7d358', time: '2018-11-14T08:25:53'
System info: host: 'SYS8', ip: '172.31.253.251', os.name: 'Windows 10', os.arch: 'x86', os.version: '10.0', java.version: '1.8.0_181'
Driver info: com.kms.katalon.selenium.driver.CChromeDriver
Capabilities {acceptInsecureCerts: false, browserName: chrome, browserVersion: 85.0.4183.83, chrome: {chromedriverVersion: 85.0.4183.87 (cd6713ebf92fa..., userDataDir: C:\Users\admin\AppData\Loca...}, goog:chromeOptions: {debuggerAddress: localhost:57701}, javascriptEnabled: true, networkConnectionEnabled: false, pageLoadStrategy: normal, platform: WINDOWS, platformName: WINDOWS, proxy: Proxy(), setWindowRect: true, strictFileInteractability: false, timeouts: {implicit: 0, pageLoad: 300000, script: 30000}, unhandledPromptBehavior: dismiss and notify, webauthn:virtualAuthenticators: true}
Session ID: bf5b363faab7ab3d330e45c62f387ab5

2020-09-09 13:00:29 - [MESSAGE][ERROR] - javascript error: Failed to execute 'elementsFromPoint' on 'Document': The provided double value is non-finite.
  (Session info: chrome=85.0.4183.83)
Build info: version: '3.141.59', revision: 'e82be7d358', time: '2018-11-14T08:25:53'
System info: host: 'SYS8', ip: '172.31.253.251', os.name: 'Windows 10', os.arch: 'x86', os.version: '10.0', java.version: '1.8.0_181'
Driver info: com.kms.katalon.selenium.driver.CChromeDriver
Capabilities {acceptInsecureCerts: false, browserName: chrome, browserVersion: 85.0.4183.83, chrome: {chromedriverVersion: 85.0.4183.87 (cd6713ebf92fa..., userDataDir: C:\Users\admin\AppData\Loca...}, goog:chromeOptions: {debuggerAddress: localhost:57701}, javascriptEnabled: true, networkConnectionEnabled: false, pageLoadStrategy: normal, platform: WINDOWS, platformName: WINDOWS, proxy: Proxy(), setWindowRect: true, strictFileInteractability: false, timeouts: {implicit: 0, pageLoad: 300000, script: 30000}, unhandledPromptBehavior: dismiss and notify, webauthn:virtualAuthenticators: true}
Session ID: bf5b363faab7ab3d330e45c62f387ab5

2020-09-09 13:00:31 - [MESSAGE][PASSED] - Object: 'Object Repository/CERTPAY_ADMIN/CLOSE_BUTTON' is clicked on

2020-09-09 13:00:31 - [MESSAGE][PASSED] - Quicksti_Samday_Refunds_Admin.ts:Clicked on the Close Button

2020-09-09 13:00:31 - [TEST_STEP][PASSED] - delay(3): Delayed 3 second(s)

2020-09-09 13:00:34 - [MESSAGE][PASSED] - Delayed 3 second(s)

2020-09-09 13:00:34 - [TEST_STEP][PASSED] - scrollToPosition(800, 900): Browser is scrolled to position x = 800, y = 900

2020-09-09 13:00:34 - [MESSAGE][PASSED] - Browser is scrolled to position x = 800, y = 900

2020-09-09 13:00:34 - [TEST_STEP][PASSED] - firstName = data.getValue("FirstName", index): null

2020-09-09 13:00:34 - [TEST_STEP][PASSED] - lastName = data.getValue("LastName", index): null

2020-09-09 13:00:34 - [TEST_STEP][PASSED] - expMonth = data.getValue("ExpMonth", index): null

2020-09-09 13:00:34 - [TEST_STEP][PASSED] - expYear = data.getValue("ExpYear", index): null

2020-09-09 13:00:34 - [TEST_STEP][PASSED] - securityCode = data.getValue("SecurityCode", index): null

2020-09-09 13:00:34 - [TEST_STEP][PASSED] - paymentAmount = data.getValue("PaymentAmount", index): null

2020-09-09 13:00:34 - [TEST_STEP][PASSED] - paymentType = data.getValue("PaymentType", index): null

2020-09-09 13:00:34 - [TEST_STEP][PASSED] - quantity = data.getValue("Quantity", index): null

2020-09-09 13:00:34 - [TEST_STEP][PASSED] - comments = data.getValue("Comments", index): null

2020-09-09 13:00:34 - [TEST_STEP][PASSED] - referenceNum = data.getValue("ReferenceNum", index): null

2020-09-09 13:00:34 - [TEST_STEP][PASSED] - address = data.getValue("Address", index): null

2020-09-09 13:00:34 - [TEST_STEP][PASSED] - zipCode = data.getValue("Zipcode", index): null

2020-09-09 13:00:34 - [TEST_STEP][PASSED] - telephone = data.getValue("Telephone", index): null

2020-09-09 13:00:34 - [TEST_STEP][PASSED] - emailAddress = data.getValue("EmailAddress", index): null

2020-09-09 13:00:34 - [TEST_STEP][PASSED] - cardNum = data.getValue("CardNumber", index): null

2020-09-09 13:00:34 - [TEST_STEP][PASSED] - cardType = data.getValue("CardType", index): null

2020-09-09 13:00:34 - [TEST_STEP][PASSED] - utilities.SafeActions.openBrowser(Quicksti_Url, [pageLoadTime]): Browser launched successfully

2020-09-09 13:00:34 - [MESSAGE][INFO] - Opening Browser

2020-09-09 13:00:34 - [MESSAGE][WARNING] - A browser is already opened. Closing browser and opening a new one

2020-09-09 13:00:35 - [MESSAGE][INFO] - Starting 'Chrome' driver

2020-09-09 13:00:44 - [MESSAGE][PASSED] - Browser is opened with url: 'https://qa-certpayquicksti.faps.net/'

2020-09-09 13:00:46 - [MESSAGE][PASSED] - Current window maximized

2020-09-09 13:00:46 - [MESSAGE][PASSED] - Browser launched successfully

2020-09-09 13:00:46 - [TEST_STEP][PASSED] - utilities.SafeActions.safeType(findTestObject("CERTPAY_QUICKSTI/Login_ Page/BUREAU_CODE"), bureau_code, "Bureau code", [pageLoadTime]): Quicksti_Samday_Refunds_Admin.ts:Entered'6100000 into Bureau code

2020-09-09 13:00:46 - [MESSAGE][PASSED] - Object 'Object Repository/CERTPAY_QUICKSTI/Login_ Page/BUREAU_CODE' is present

2020-09-09 13:00:46 - [MESSAGE][PASSED] - Object 'Object Repository/CERTPAY_QUICKSTI/Login_ Page/BUREAU_CODE' is visible

2020-09-09 13:00:47 - [MESSAGE][PASSED] - Object 'Object Repository/CERTPAY_QUICKSTI/Login_ Page/BUREAU_CODE' is present

2020-09-09 13:00:48 - [MESSAGE][PASSED] - Text '6100000' is set on object 'Object Repository/CERTPAY_QUICKSTI/Login_ Page/BUREAU_CODE'

2020-09-09 13:00:48 - [MESSAGE][PASSED] - Quicksti_Samday_Refunds_Admin.ts:Entered'6100000 into Bureau code

2020-09-09 13:00:48 - [TEST_STEP][PASSED] - utilities.SafeActions.safeType(findTestObject("CERTPAY_QUICKSTI/Login_ Page/TELLER_ID"), teller_id, "Bureau code", [pageLoadTime]): Quicksti_Samday_Refunds_Admin.ts:Entered'zenq into Bureau code

2020-09-09 13:00:48 - [MESSAGE][PASSED] - Object 'Object Repository/CERTPAY_QUICKSTI/Login_ Page/TELLER_ID' is present

2020-09-09 13:00:48 - [MESSAGE][PASSED] - Object 'Object Repository/CERTPAY_QUICKSTI/Login_ Page/TELLER_ID' is visible

2020-09-09 13:00:49 - [MESSAGE][PASSED] - Object 'Object Repository/CERTPAY_QUICKSTI/Login_ Page/TELLER_ID' is present

2020-09-09 13:00:50 - [MESSAGE][PASSED] - Text 'zenq' is set on object 'Object Repository/CERTPAY_QUICKSTI/Login_ Page/TELLER_ID'

2020-09-09 13:00:50 - [MESSAGE][PASSED] - Quicksti_Samday_Refunds_Admin.ts:Entered'zenq into Bureau code

2020-09-09 13:00:50 - [TEST_STEP][PASSED] - utilities.SafeActions.safeClick(findTestObject("CERTPAY_QUICKSTI/Login_ Page/NEXT_BUTTON"), "Next button", [pageLoadTime]): Quicksti_Samday_Refunds_Admin.ts:Clicked on the Next button

2020-09-09 13:00:50 - [MESSAGE][INFO] - safeClicking

2020-09-09 13:00:50 - [MESSAGE][PASSED] - Object 'Object Repository/CERTPAY_QUICKSTI/Login_ Page/NEXT_BUTTON' is present

2020-09-09 13:00:50 - [MESSAGE][PASSED] - Object 'Object Repository/CERTPAY_QUICKSTI/Login_ Page/NEXT_BUTTON' is clickable

2020-09-09 13:00:54 - [MESSAGE][PASSED] - Object: 'Object Repository/CERTPAY_QUICKSTI/Login_ Page/NEXT_BUTTON' is clicked on

2020-09-09 13:00:54 - [MESSAGE][PASSED] - Quicksti_Samday_Refunds_Admin.ts:Clicked on the Next button

2020-09-09 13:00:54 - [TEST_STEP][PASSED] - utilities.SafeActions.safeClick(findTestObject("CERTPAY_QUICKSTI/Payment_Information_Page/MANUAL_ENTRY_BUTTON"), "ManualEntry", [pageLoadTime]): Quicksti_Samday_Refunds_Admin.ts:Clicked on the ManualEntry

2020-09-09 13:00:54 - [MESSAGE][INFO] - safeClicking

2020-09-09 13:00:54 - [MESSAGE][PASSED] - Object 'Object Repository/CERTPAY_QUICKSTI/Payment_Information_Page/MANUAL_ENTRY_BUTTON' is present

2020-09-09 13:00:55 - [MESSAGE][PASSED] - Object 'Object Repository/CERTPAY_QUICKSTI/Payment_Information_Page/MANUAL_ENTRY_BUTTON' is clickable

2020-09-09 13:00:57 - [MESSAGE][PASSED] - Object: 'Object Repository/CERTPAY_QUICKSTI/Payment_Information_Page/MANUAL_ENTRY_BUTTON' is clicked on

2020-09-09 13:00:57 - [MESSAGE][PASSED] - Quicksti_Samday_Refunds_Admin.ts:Clicked on the ManualEntry

2020-09-09 13:00:57 - [TEST_STEP][PASSED] - CardNumber = pages.Quicksti.setUserPaymentDetails(firstName, lastName, cardNum): Quicksti_Samday_Refunds_Admin.ts:Entered'8171999900000018 into CardNum

2020-09-09 13:00:57 - [MESSAGE][PASSED] - Object 'Object Repository/CERTPAY_QUICKSTI/Payment_Information_Page/FIRST_NAME' is present

2020-09-09 13:00:58 - [MESSAGE][PASSED] - Object 'Object Repository/CERTPAY_QUICKSTI/Payment_Information_Page/FIRST_NAME' is visible

2020-09-09 13:00:58 - [MESSAGE][PASSED] - Object 'Object Repository/CERTPAY_QUICKSTI/Payment_Information_Page/FIRST_NAME' is present

2020-09-09 13:00:59 - [MESSAGE][PASSED] - Text 'Tester' is set on object 'Object Repository/CERTPAY_QUICKSTI/Payment_Information_Page/FIRST_NAME'

2020-09-09 13:00:59 - [MESSAGE][PASSED] - Quicksti_Samday_Refunds_Admin.ts:Entered'Tester into FirstName

2020-09-09 13:01:00 - [MESSAGE][PASSED] - Object 'Object Repository/CERTPAY_QUICKSTI/Payment_Information_Page/LAST_NAME' is present

2020-09-09 13:01:00 - [MESSAGE][PASSED] - Object 'Object Repository/CERTPAY_QUICKSTI/Payment_Information_Page/LAST_NAME' is visible

2020-09-09 13:01:00 - [MESSAGE][PASSED] - Object 'Object Repository/CERTPAY_QUICKSTI/Payment_Information_Page/LAST_NAME' is present

2020-09-09 13:01:01 - [MESSAGE][PASSED] - Text 'Zenq1' is set on object 'Object Repository/CERTPAY_QUICKSTI/Payment_Information_Page/LAST_NAME'

2020-09-09 13:01:01 - [MESSAGE][PASSED] - Quicksti_Samday_Refunds_Admin.ts:Entered'Zenq1 into LAstName

2020-09-09 13:01:02 - [MESSAGE][PASSED] - Object 'Object Repository/CERTPAY_QUICKSTI/Payment_Information_Page/CARD_NUMBER' is present

2020-09-09 13:01:02 - [MESSAGE][PASSED] - Object 'Object Repository/CERTPAY_QUICKSTI/Payment_Information_Page/CARD_NUMBER' is visible

2020-09-09 13:01:02 - [MESSAGE][PASSED] - Object 'Object Repository/CERTPAY_QUICKSTI/Payment_Information_Page/CARD_NUMBER' is present

2020-09-09 13:01:04 - [MESSAGE][PASSED] - Text '8171999900000018' is set on object 'Object Repository/CERTPAY_QUICKSTI/Payment_Information_Page/CARD_NUMBER'

2020-09-09 13:01:04 - [MESSAGE][PASSED] - Quicksti_Samday_Refunds_Admin.ts:Entered'8171999900000018 into CardNum

2020-09-09 13:01:04 - [TEST_STEP][PASSED] - utilities.SafeActions.safeSelectOptionInDropdownByVisibleText(findTestObject("CERTPAY_QUICKSTI/Payment_Information_Page/PAYMENT_TYPE"), paymentType, "paymentType", [pageLoadTime]): selected dropdown option by visible text  Licensesfrom paymentType

2020-09-09 13:01:04 - [MESSAGE][PASSED] - Object 'Object Repository/CERTPAY_QUICKSTI/Payment_Information_Page/PAYMENT_TYPE' is visible

2020-09-09 13:01:04 - [MESSAGE][PASSED] - Object 'Object Repository/CERTPAY_QUICKSTI/Payment_Information_Page/PAYMENT_TYPE' is present

2020-09-09 13:01:06 - [MESSAGE][PASSED] - Object: 'Object Repository/CERTPAY_QUICKSTI/Payment_Information_Page/PAYMENT_TYPE' is clicked on

2020-09-09 13:01:07 - [MESSAGE][PASSED] - All options with label 'Licenses' are selected in object 'Object Repository/CERTPAY_QUICKSTI/Payment_Information_Page/PAYMENT_TYPE'  using regular expression

2020-09-09 13:01:07 - [MESSAGE][PASSED] - selected dropdown option by visible text  Licensesfrom paymentType

2020-09-09 13:01:07 - [TEST_STEP][PASSED] - pages.Quicksti.setExpDate(expMonth, expYear, securityCode): Quicksti_Samday_Refunds_Admin.ts:Entered'111 into securityCode

2020-09-09 13:01:07 - [MESSAGE][PASSED] - Object 'Object Repository/CERTPAY_QUICKSTI/Payment_Information_Page/EXP_MONTH' is visible

2020-09-09 13:01:07 - [MESSAGE][PASSED] - Object 'Object Repository/CERTPAY_QUICKSTI/Payment_Information_Page/EXP_MONTH' is present

2020-09-09 13:01:09 - [MESSAGE][PASSED] - Object: 'Object Repository/CERTPAY_QUICKSTI/Payment_Information_Page/EXP_MONTH' is clicked on

2020-09-09 13:01:10 - [MESSAGE][PASSED] - All options with label '04' are selected in object 'Object Repository/CERTPAY_QUICKSTI/Payment_Information_Page/EXP_MONTH'  using regular expression

2020-09-09 13:01:10 - [MESSAGE][PASSED] - selected dropdown option by visible text  04from expMonth

2020-09-09 13:01:10 - [MESSAGE][PASSED] - Object 'Object Repository/CERTPAY_QUICKSTI/Payment_Information_Page/EXP_YEAR' is visible

2020-09-09 13:01:11 - [MESSAGE][PASSED] - Object 'Object Repository/CERTPAY_QUICKSTI/Payment_Information_Page/EXP_YEAR' is present

2020-09-09 13:01:12 - [MESSAGE][PASSED] - Object: 'Object Repository/CERTPAY_QUICKSTI/Payment_Information_Page/EXP_YEAR' is clicked on

2020-09-09 13:01:13 - [MESSAGE][PASSED] - All options with label '2027' are selected in object 'Object Repository/CERTPAY_QUICKSTI/Payment_Information_Page/EXP_YEAR'  using regular expression

2020-09-09 13:01:13 - [MESSAGE][PASSED] - selected dropdown option by visible text  2027from  expYear

2020-09-09 13:01:14 - [MESSAGE][PASSED] - Object 'Object Repository/CERTPAY_QUICKSTI/Payment_Information_Page/SECURITY_CODE' is present

2020-09-09 13:01:14 - [MESSAGE][PASSED] - Object 'Object Repository/CERTPAY_QUICKSTI/Payment_Information_Page/SECURITY_CODE' is visible

2020-09-09 13:01:14 - [MESSAGE][PASSED] - Object 'Object Repository/CERTPAY_QUICKSTI/Payment_Information_Page/SECURITY_CODE' is present

2020-09-09 13:01:16 - [MESSAGE][PASSED] - Text '111' is set on object 'Object Repository/CERTPAY_QUICKSTI/Payment_Information_Page/SECURITY_CODE'

2020-09-09 13:01:16 - [MESSAGE][PASSED] - Quicksti_Samday_Refunds_Admin.ts:Entered'111 into securityCode

2020-09-09 13:01:16 - [TEST_STEP][PASSED] - pages.Quicksti.setPaymentAmountDetailsForSinglePayment(paymentAmount, quantity): Quicksti_Samday_Refunds_Admin.ts:Entered'1 into Quantity

2020-09-09 13:01:16 - [MESSAGE][PASSED] - Object 'Object Repository/CERTPAY_QUICKSTI/Payment_Information_Page/PAYMENT_AMOUNT' is present

2020-09-09 13:01:16 - [MESSAGE][PASSED] - Object 'Object Repository/CERTPAY_QUICKSTI/Payment_Information_Page/PAYMENT_AMOUNT' is visible

2020-09-09 13:01:17 - [MESSAGE][PASSED] - Object 'Object Repository/CERTPAY_QUICKSTI/Payment_Information_Page/PAYMENT_AMOUNT' is present

2020-09-09 13:01:18 - [MESSAGE][PASSED] - Text '30.00' is set on object 'Object Repository/CERTPAY_QUICKSTI/Payment_Information_Page/PAYMENT_AMOUNT'

2020-09-09 13:01:18 - [MESSAGE][PASSED] - Quicksti_Samday_Refunds_Admin.ts:Entered'30.00 into amount

2020-09-09 13:01:19 - [MESSAGE][PASSED] - Object 'Object Repository/CERTPAY_QUICKSTI/Payment_Information_Page/QUANTITY' is present

2020-09-09 13:01:19 - [MESSAGE][PASSED] - Object 'Object Repository/CERTPAY_QUICKSTI/Payment_Information_Page/QUANTITY' is visible

2020-09-09 13:01:19 - [MESSAGE][PASSED] - Object 'Object Repository/CERTPAY_QUICKSTI/Payment_Information_Page/QUANTITY' is present

2020-09-09 13:01:20 - [MESSAGE][PASSED] - Text '1' is set on object 'Object Repository/CERTPAY_QUICKSTI/Payment_Information_Page/QUANTITY'

2020-09-09 13:01:20 - [MESSAGE][PASSED] - Quicksti_Samday_Refunds_Admin.ts:Entered'1 into Quantity

2020-09-09 13:01:20 - [TEST_STEP][PASSED] - utilities.SafeActions.safeType(findTestObject("CERTPAY_QUICKSTI/Payment_Information_Page/REFRENCE_NUMBER"), referenceNum, "Reference Number", [pageLoadTime]): Quicksti_Samday_Refunds_Admin.ts:Entered'13 into Reference Number

2020-09-09 13:01:21 - [MESSAGE][PASSED] - Object 'Object Repository/CERTPAY_QUICKSTI/Payment_Information_Page/REFRENCE_NUMBER' is present

2020-09-09 13:01:21 - [MESSAGE][PASSED] - Object 'Object Repository/CERTPAY_QUICKSTI/Payment_Information_Page/REFRENCE_NUMBER' is visible

2020-09-09 13:01:21 - [MESSAGE][PASSED] - Object 'Object Repository/CERTPAY_QUICKSTI/Payment_Information_Page/REFRENCE_NUMBER' is present

2020-09-09 13:01:23 - [MESSAGE][PASSED] - Text '13' is set on object 'Object Repository/CERTPAY_QUICKSTI/Payment_Information_Page/REFRENCE_NUMBER'

2020-09-09 13:01:23 - [MESSAGE][PASSED] - Quicksti_Samday_Refunds_Admin.ts:Entered'13 into Reference Number

2020-09-09 13:01:23 - [TEST_STEP][PASSED] - amount_Value = pages.Quicksti.getAttributeValue(findTestObject("CERTPAY_QUICKSTI/Payment_Information_Page/SUB_TOTAL")): pages.Quicksti.getAttributeValue is PASSED

2020-09-09 13:01:23 - [MESSAGE][PASSED] - Attribute 'value' of object 'Object Repository/CERTPAY_QUICKSTI/Payment_Information_Page/SUB_TOTAL' is: '30.00'

2020-09-09 13:01:23 - [MESSAGE][PASSED] - pages.Quicksti.getAttributeValue is PASSED

2020-09-09 13:01:23 - [TEST_STEP][PASSED] - utilities.SafeActions.safeType(findTestObject("CERTPAY_QUICKSTI/Payment_Information_Page/COMMENTS"), "Testing", "Comments", [pageLoadTime]): Quicksti_Samday_Refunds_Admin.ts:Entered'Testing into Comments

2020-09-09 13:01:24 - [MESSAGE][PASSED] - Object 'Object Repository/CERTPAY_QUICKSTI/Payment_Information_Page/COMMENTS' is present

2020-09-09 13:01:24 - [MESSAGE][PASSED] - Object 'Object Repository/CERTPAY_QUICKSTI/Payment_Information_Page/COMMENTS' is visible

2020-09-09 13:01:24 - [MESSAGE][PASSED] - Object 'Object Repository/CERTPAY_QUICKSTI/Payment_Information_Page/COMMENTS' is present

2020-09-09 13:01:25 - [MESSAGE][PASSED] - Text 'Testing' is set on object 'Object Repository/CERTPAY_QUICKSTI/Payment_Information_Page/COMMENTS'

2020-09-09 13:01:25 - [MESSAGE][PASSED] - Quicksti_Samday_Refunds_Admin.ts:Entered'Testing into Comments

2020-09-09 13:01:25 - [TEST_STEP][PASSED] - utilities.SafeActions.safeType(findTestObject("CERTPAY_QUICKSTI/Payment_Information_Page/ADDRESS"), address, "Address", [pageLoadTime]): Quicksti_Samday_Refunds_Admin.ts:Entered'14-2 into Address

2020-09-09 13:01:26 - [MESSAGE][PASSED] - Object 'Object Repository/CERTPAY_QUICKSTI/Payment_Information_Page/ADDRESS' is present

2020-09-09 13:01:26 - [MESSAGE][PASSED] - Object 'Object Repository/CERTPAY_QUICKSTI/Payment_Information_Page/ADDRESS' is visible

2020-09-09 13:01:26 - [MESSAGE][PASSED] - Object 'Object Repository/CERTPAY_QUICKSTI/Payment_Information_Page/ADDRESS' is present

2020-09-09 13:01:28 - [MESSAGE][PASSED] - Text '14-2' is set on object 'Object Repository/CERTPAY_QUICKSTI/Payment_Information_Page/ADDRESS'

2020-09-09 13:01:28 - [MESSAGE][PASSED] - Quicksti_Samday_Refunds_Admin.ts:Entered'14-2 into Address

2020-09-09 13:01:28 - [TEST_STEP][PASSED] - utilities.SafeActions.safeType(findTestObject("CERTPAY_QUICKSTI/Payment_Information_Page/ZIP_CODE"), zipCode, "zipcode", [pageLoadTime]): Quicksti_Samday_Refunds_Admin.ts:Entered'76102 into zipcode

2020-09-09 13:01:28 - [MESSAGE][PASSED] - Object 'Object Repository/CERTPAY_QUICKSTI/Payment_Information_Page/ZIP_CODE' is present

2020-09-09 13:01:28 - [MESSAGE][PASSED] - Object 'Object Repository/CERTPAY_QUICKSTI/Payment_Information_Page/ZIP_CODE' is visible

2020-09-09 13:01:29 - [MESSAGE][PASSED] - Object 'Object Repository/CERTPAY_QUICKSTI/Payment_Information_Page/ZIP_CODE' is present

2020-09-09 13:01:30 - [MESSAGE][PASSED] - Text '76102' is set on object 'Object Repository/CERTPAY_QUICKSTI/Payment_Information_Page/ZIP_CODE'

2020-09-09 13:01:30 - [MESSAGE][PASSED] - Quicksti_Samday_Refunds_Admin.ts:Entered'76102 into zipcode

2020-09-09 13:01:30 - [TEST_STEP][PASSED] - utilities.SafeActions.safeType(findTestObject("CERTPAY_QUICKSTI/Payment_Information_Page/TELEPHONE"), telephone, "Telephone", [pageLoadTime]): Quicksti_Samday_Refunds_Admin.ts:Entered'9989897654 into Telephone

2020-09-09 13:01:30 - [MESSAGE][PASSED] - Object 'Object Repository/CERTPAY_QUICKSTI/Payment_Information_Page/TELEPHONE' is present

2020-09-09 13:01:31 - [MESSAGE][PASSED] - Object 'Object Repository/CERTPAY_QUICKSTI/Payment_Information_Page/TELEPHONE' is visible

2020-09-09 13:01:31 - [MESSAGE][PASSED] - Object 'Object Repository/CERTPAY_QUICKSTI/Payment_Information_Page/TELEPHONE' is present

2020-09-09 13:01:32 - [MESSAGE][PASSED] - Text '9989897654' is set on object 'Object Repository/CERTPAY_QUICKSTI/Payment_Information_Page/TELEPHONE'

2020-09-09 13:01:32 - [MESSAGE][PASSED] - Quicksti_Samday_Refunds_Admin.ts:Entered'9989897654 into Telephone

2020-09-09 13:01:32 - [TEST_STEP][PASSED] - utilities.SafeActions.safeType(findTestObject("CERTPAY_QUICKSTI/Payment_Information_Page/EMAIL_ADDRESS"), emailAddress, "EMAIL address", [pageLoadTime]): Quicksti_Samday_Refunds_Admin.ts:Entered'testing@zenq.com into EMAIL address

2020-09-09 13:01:33 - [MESSAGE][PASSED] - Object 'Object Repository/CERTPAY_QUICKSTI/Payment_Information_Page/EMAIL_ADDRESS' is present

2020-09-09 13:01:33 - [MESSAGE][PASSED] - Object 'Object Repository/CERTPAY_QUICKSTI/Payment_Information_Page/EMAIL_ADDRESS' is visible

2020-09-09 13:01:33 - [MESSAGE][PASSED] - Object 'Object Repository/CERTPAY_QUICKSTI/Payment_Information_Page/EMAIL_ADDRESS' is present

2020-09-09 13:01:34 - [MESSAGE][PASSED] - Text 'testing@zenq.com' is set on object 'Object Repository/CERTPAY_QUICKSTI/Payment_Information_Page/EMAIL_ADDRESS'

2020-09-09 13:01:34 - [MESSAGE][PASSED] - Quicksti_Samday_Refunds_Admin.ts:Entered'testing@zenq.com into EMAIL address

2020-09-09 13:01:34 - [TEST_STEP][PASSED] - utilities.SafeActions.safeClick(findTestObject("CERTPAY_QUICKSTI/Payment_Information_Page/NEXT_BUTTON"), "Next", [pageLoadTime]): Quicksti_Samday_Refunds_Admin.ts:Clicked on the Next

2020-09-09 13:01:35 - [MESSAGE][INFO] - safeClicking

2020-09-09 13:01:35 - [MESSAGE][PASSED] - Object 'Object Repository/CERTPAY_QUICKSTI/Payment_Information_Page/NEXT_BUTTON' is present

2020-09-09 13:01:35 - [MESSAGE][PASSED] - Object 'Object Repository/CERTPAY_QUICKSTI/Payment_Information_Page/NEXT_BUTTON' is clickable

2020-09-09 13:01:39 - [MESSAGE][PASSED] - Object: 'Object Repository/CERTPAY_QUICKSTI/Payment_Information_Page/NEXT_BUTTON' is clicked on

2020-09-09 13:01:39 - [MESSAGE][PASSED] - Quicksti_Samday_Refunds_Admin.ts:Clicked on the Next

2020-09-09 13:01:39 - [TEST_STEP][PASSED] - pages.Quicksti.verifyUserPaymentDetails(paymentAmount, firstName, lastName, CardNumber): pages.Quicksti.verifyUserPaymentDetails is PASSED

2020-09-09 13:01:39 - [MESSAGE][PASSED] - Text of object 'Object Repository/CERTPAY_QUICKSTI/Payment_Details_Verification_Page/AMOUNT' is: '$30.00'

2020-09-09 13:01:39 - [MESSAGE][PASSED] - Actual text '30.00' and expected text '30.00' are matched  using regular expression

2020-09-09 13:01:40 - [MESSAGE][PASSED] - Text of object 'Object Repository/CERTPAY_QUICKSTI/Payment_Details_Verification_Page/NAME' is: 'Tester Zenq1'

2020-09-09 13:01:40 - [MESSAGE][PASSED] - Actual text 'Tester Zenq1' and expected text 'Tester Zenq1' are matched  using regular expression

2020-09-09 13:01:40 - [MESSAGE][PASSED] - Text of object 'Object Repository/CERTPAY_QUICKSTI/Payment_Details_Verification_Page/CARD_NUMBER' is: '...0018'

2020-09-09 13:01:40 - [MESSAGE][PASSED] - Actual text '0018' and expected text '0018' are matched  using regular expression

2020-09-09 13:01:40 - [MESSAGE][PASSED] - pages.Quicksti.verifyUserPaymentDetails is PASSED

2020-09-09 13:01:40 - [TEST_STEP][PASSED] - delay(2): Delayed 2 second(s)

2020-09-09 13:01:42 - [MESSAGE][PASSED] - Delayed 2 second(s)

2020-09-09 13:01:42 - [TEST_STEP][PASSED] - scrollToElement(findTestObject("CERTPAY_QUICKSTI/Payment_Details_Verification_Page/PROCESS"), 30): Scroll to object 'Object Repository/CERTPAY_QUICKSTI/Payment_Details_Verification_Page/PROCESS' successfully

2020-09-09 13:01:42 - [MESSAGE][PASSED] - Scroll to object 'Object Repository/CERTPAY_QUICKSTI/Payment_Details_Verification_Page/PROCESS' successfully

2020-09-09 13:01:42 - [TEST_STEP][PASSED] - utilities.SafeActions.safeClick(findTestObject("CERTPAY_QUICKSTI/Payment_Details_Verification_Page/PROCESS"), "Process", [pageLoadTime]): Quicksti_Samday_Refunds_Admin.ts:Clicked on the Process

2020-09-09 13:01:43 - [MESSAGE][INFO] - safeClicking

2020-09-09 13:01:43 - [MESSAGE][PASSED] - Object 'Object Repository/CERTPAY_QUICKSTI/Payment_Details_Verification_Page/PROCESS' is present

2020-09-09 13:01:43 - [MESSAGE][PASSED] - Object 'Object Repository/CERTPAY_QUICKSTI/Payment_Details_Verification_Page/PROCESS' is clickable

2020-09-09 13:01:47 - [MESSAGE][PASSED] - Object: 'Object Repository/CERTPAY_QUICKSTI/Payment_Details_Verification_Page/PROCESS' is clicked on

2020-09-09 13:01:47 - [MESSAGE][PASSED] - Quicksti_Samday_Refunds_Admin.ts:Clicked on the Process

2020-09-09 13:01:47 - [TEST_STEP][PASSED] - paymentId = pages.Quicksti.verifyPaymentApproval(findTestObject("CERTPAY_QUICKSTI/Payment_Details_Verification_Page/APPROVED")): Payment is approved

2020-09-09 13:01:48 - [MESSAGE][PASSED] - Text of object 'Object Repository/CERTPAY_QUICKSTI/Payment_Details_Verification_Page/PAYMENT_ID' is: '100176114039'

2020-09-09 13:01:48 - [MESSAGE][PASSED] - Object 'Object Repository/CERTPAY_QUICKSTI/Payment_Details_Verification_Page/APPROVED' is present

2020-09-09 13:01:48 - [MESSAGE][PASSED] - Payment is approved

2020-09-09 13:01:50 - [TEST_STEP][PASSED] - navigateToUrl(Admin_url): Navigate to 'https://qa-certpayadmin.faps.net' successfully

2020-09-09 13:01:56 - [MESSAGE][PASSED] - Navigate to 'https://qa-certpayadmin.faps.net' successfully

2020-09-09 13:01:56 - [TEST_STEP][PASSED] - pages.Bureau_Login_Page.loginToAdminSite(AdminUsername, AdminPassword): Quicksti_Samday_Refunds_Admin.ts:Clicked on the LOGIN

2020-09-09 13:01:57 - [MESSAGE][PASSED] - Object 'Object Repository/CERTPAY_ADMIN/USER_NAME' is present

2020-09-09 13:01:57 - [MESSAGE][PASSED] - Object 'Object Repository/CERTPAY_ADMIN/USER_NAME' is visible

2020-09-09 13:01:57 - [MESSAGE][PASSED] - Object 'Object Repository/CERTPAY_ADMIN/USER_NAME' is present

2020-09-09 13:01:59 - [MESSAGE][PASSED] - Text 'VVangiliappan' is set on object 'Object Repository/CERTPAY_ADMIN/USER_NAME'

2020-09-09 13:01:59 - [MESSAGE][PASSED] - Quicksti_Samday_Refunds_Admin.ts:Entered'VVangiliappan into username

2020-09-09 13:01:59 - [MESSAGE][PASSED] - Object 'Object Repository/CERTPAY_ADMIN/PASSWORD' is present

2020-09-09 13:01:59 - [MESSAGE][PASSED] - Object 'Object Repository/CERTPAY_ADMIN/PASSWORD' is visible

2020-09-09 13:02:00 - [MESSAGE][PASSED] - Object 'Object Repository/CERTPAY_ADMIN/PASSWORD' is present

2020-09-09 13:02:01 - [MESSAGE][PASSED] - Text 'Knila@12345' is set on object 'Object Repository/CERTPAY_ADMIN/PASSWORD'

2020-09-09 13:02:01 - [MESSAGE][PASSED] - Quicksti_Samday_Refunds_Admin.ts:Entered'Knila@12345 into password

2020-09-09 13:02:01 - [MESSAGE][INFO] - safeClicking

2020-09-09 13:02:01 - [MESSAGE][PASSED] - Object 'Object Repository/CERTPAY_ADMIN/LOGIN_BUTTON' is present

2020-09-09 13:02:01 - [MESSAGE][PASSED] - Object 'Object Repository/CERTPAY_ADMIN/LOGIN_BUTTON' is clickable

2020-09-09 13:02:10 - [MESSAGE][PASSED] - Object: 'Object Repository/CERTPAY_ADMIN/LOGIN_BUTTON' is clicked on

2020-09-09 13:02:10 - [MESSAGE][PASSED] - Quicksti_Samday_Refunds_Admin.ts:Clicked on the LOGIN

2020-09-09 13:02:10 - [TEST_STEP][PASSED] - utilities.SafeActions.safeClick(findTestObject("CERTPAY_ADMIN/TRANSACTION_SEARCH"), "TransactionSearch", [pageLoadTime]): Quicksti_Samday_Refunds_Admin.ts:Clicked on the TransactionSearch

2020-09-09 13:02:10 - [MESSAGE][INFO] - safeClicking

2020-09-09 13:02:10 - [MESSAGE][PASSED] - Object 'Object Repository/CERTPAY_ADMIN/TRANSACTION_SEARCH' is present

2020-09-09 13:02:10 - [MESSAGE][PASSED] - Object 'Object Repository/CERTPAY_ADMIN/TRANSACTION_SEARCH' is clickable

2020-09-09 13:02:15 - [MESSAGE][PASSED] - Object: 'Object Repository/CERTPAY_ADMIN/TRANSACTION_SEARCH' is clicked on

2020-09-09 13:02:15 - [MESSAGE][PASSED] - Quicksti_Samday_Refunds_Admin.ts:Clicked on the TransactionSearch

2020-09-09 13:02:15 - [TEST_STEP][PASSED] - utilities.SafeActions.safeType(findTestObject("CERTPAY_ADMIN/PAYMENT_ID"), paymentId, "Payment id", [pageLoadTime]): Quicksti_Samday_Refunds_Admin.ts:Entered'100176114039 into Payment id

2020-09-09 13:02:15 - [MESSAGE][PASSED] - Object 'Object Repository/CERTPAY_ADMIN/PAYMENT_ID' is present

2020-09-09 13:02:16 - [MESSAGE][PASSED] - Object 'Object Repository/CERTPAY_ADMIN/PAYMENT_ID' is visible

2020-09-09 13:02:16 - [MESSAGE][PASSED] - Object 'Object Repository/CERTPAY_ADMIN/PAYMENT_ID' is present

2020-09-09 13:02:17 - [MESSAGE][PASSED] - Text '100176114039' is set on object 'Object Repository/CERTPAY_ADMIN/PAYMENT_ID'

2020-09-09 13:02:17 - [MESSAGE][PASSED] - Quicksti_Samday_Refunds_Admin.ts:Entered'100176114039 into Payment id

2020-09-09 13:02:17 - [TEST_STEP][PASSED] - utilities.SafeActions.safeClick(findTestObject("CERTPAY_ADMIN/GO_BUTTON"), "Go button", [pageLoadTime]): Quicksti_Samday_Refunds_Admin.ts:Clicked on the Go button

2020-09-09 13:02:17 - [MESSAGE][INFO] - safeClicking

2020-09-09 13:02:17 - [MESSAGE][PASSED] - Object 'Object Repository/CERTPAY_ADMIN/GO_BUTTON' is present

2020-09-09 13:02:18 - [MESSAGE][PASSED] - Object 'Object Repository/CERTPAY_ADMIN/GO_BUTTON' is clickable

2020-09-09 13:02:20 - [MESSAGE][PASSED] - Object: 'Object Repository/CERTPAY_ADMIN/GO_BUTTON' is clicked on

2020-09-09 13:02:20 - [MESSAGE][PASSED] - Quicksti_Samday_Refunds_Admin.ts:Clicked on the Go button

2020-09-09 13:02:20 - [TEST_STEP][PASSED] - delay(5): Delayed 5 second(s)

2020-09-09 13:02:25 - [MESSAGE][PASSED] - Delayed 5 second(s)

2020-09-09 13:02:25 - [TEST_STEP][PASSED] - paymentIdList.add(paymentId): null

2020-09-09 13:02:25 - [TEST_STEP][PASSED] - println(paymentIdList): null

2020-09-09 13:02:25 - [TEST_STEP][PASSED] - utilities.SafeActions.safeClick(findTestObject("CERTPAY_ADMIN/ACTIONS_BUTTON"), "Actions button", [pageLoadTime]): Quicksti_Samday_Refunds_Admin.ts:Clicked on the Actions button

2020-09-09 13:02:25 - [MESSAGE][INFO] - safeClicking

2020-09-09 13:02:26 - [MESSAGE][PASSED] - Object 'Object Repository/CERTPAY_ADMIN/ACTIONS_BUTTON' is present

2020-09-09 13:02:26 - [MESSAGE][PASSED] - Object 'Object Repository/CERTPAY_ADMIN/ACTIONS_BUTTON' is clickable

2020-09-09 13:02:27 - [MESSAGE][PASSED] - Object: 'Object Repository/CERTPAY_ADMIN/ACTIONS_BUTTON' is clicked on

2020-09-09 13:02:27 - [MESSAGE][PASSED] - Quicksti_Samday_Refunds_Admin.ts:Clicked on the Actions button

2020-09-09 13:02:27 - [TEST_STEP][PASSED] - utilities.SafeActions.safeClick(findTestObject("CERTPAY_ADMIN/REFUND_MENU"), "Refund Menu", [pageLoadTime]): Quicksti_Samday_Refunds_Admin.ts:Clicked on the Refund Menu

2020-09-09 13:02:27 - [MESSAGE][INFO] - safeClicking

2020-09-09 13:02:28 - [MESSAGE][PASSED] - Object 'Object Repository/CERTPAY_ADMIN/REFUND_MENU' is present

2020-09-09 13:02:28 - [MESSAGE][PASSED] - Object 'Object Repository/CERTPAY_ADMIN/REFUND_MENU' is clickable

2020-09-09 13:02:29 - [MESSAGE][PASSED] - Object: 'Object Repository/CERTPAY_ADMIN/REFUND_MENU' is clicked on

2020-09-09 13:02:29 - [MESSAGE][PASSED] - Quicksti_Samday_Refunds_Admin.ts:Clicked on the Refund Menu

2020-09-09 13:02:29 - [TEST_STEP][PASSED] - delay(2): Delayed 2 second(s)

2020-09-09 13:02:31 - [MESSAGE][PASSED] - Delayed 2 second(s)

2020-09-09 13:02:31 - [TEST_STEP][PASSED] - utilities.SafeActions.safeClick(findTestObject("CERTPAY_ADMIN/CREDIT_RETURN"), "Credit Return", [pageLoadTime]): Quicksti_Samday_Refunds_Admin.ts:Clicked on the Credit Return

2020-09-09 13:02:31 - [MESSAGE][INFO] - safeClicking

2020-09-09 13:02:31 - [MESSAGE][PASSED] - Object 'Object Repository/CERTPAY_ADMIN/CREDIT_RETURN' is present

2020-09-09 13:02:32 - [MESSAGE][PASSED] - Object 'Object Repository/CERTPAY_ADMIN/CREDIT_RETURN' is clickable

2020-09-09 13:02:33 - [MESSAGE][PASSED] - Object: 'Object Repository/CERTPAY_ADMIN/CREDIT_RETURN' is clicked on

2020-09-09 13:02:33 - [MESSAGE][PASSED] - Quicksti_Samday_Refunds_Admin.ts:Clicked on the Credit Return

2020-09-09 13:02:33 - [TEST_STEP][PASSED] - utilities.SafeActions.safeClick(findTestObject("Object Repository/CERTPAY_ADMIN/FULL_REFUND_BUTTON"), "Set To Full Refund", [pageLoadTime]): Quicksti_Samday_Refunds_Admin.ts:Clicked on the Set To Full Refund

2020-09-09 13:02:33 - [MESSAGE][INFO] - safeClicking

2020-09-09 13:02:33 - [MESSAGE][PASSED] - Object 'Object Repository/CERTPAY_ADMIN/FULL_REFUND_BUTTON' is present

2020-09-09 13:02:34 - [MESSAGE][PASSED] - Object 'Object Repository/CERTPAY_ADMIN/FULL_REFUND_BUTTON' is clickable

2020-09-09 13:02:35 - [MESSAGE][PASSED] - Object: 'Object Repository/CERTPAY_ADMIN/FULL_REFUND_BUTTON' is clicked on

2020-09-09 13:02:35 - [MESSAGE][PASSED] - Quicksti_Samday_Refunds_Admin.ts:Clicked on the Set To Full Refund

2020-09-09 13:02:35 - [TEST_STEP][PASSED] - utilities.SafeActions.safeClick(findTestObject("Object Repository/CERTPAY_ADMIN/PROCESS_REVERSAL"), "Process Reversal", [pageLoadTime]): Quicksti_Samday_Refunds_Admin.ts:Clicked on the Process Reversal

2020-09-09 13:02:35 - [MESSAGE][INFO] - safeClicking

2020-09-09 13:02:35 - [MESSAGE][PASSED] - Object 'Object Repository/CERTPAY_ADMIN/PROCESS_REVERSAL' is present

2020-09-09 13:02:35 - [MESSAGE][PASSED] - Object 'Object Repository/CERTPAY_ADMIN/PROCESS_REVERSAL' is clickable

2020-09-09 13:02:37 - [MESSAGE][PASSED] - Object: 'Object Repository/CERTPAY_ADMIN/PROCESS_REVERSAL' is clicked on

2020-09-09 13:02:37 - [MESSAGE][PASSED] - Quicksti_Samday_Refunds_Admin.ts:Clicked on the Process Reversal

2020-09-09 13:02:37 - [TEST_STEP][PASSED] - delay(3): Delayed 3 second(s)

2020-09-09 13:02:40 - [MESSAGE][PASSED] - Delayed 3 second(s)

2020-09-09 13:02:40 - [TEST_STEP][PASSED] - utilities.SafeActions.safeClick(findTestObject("Object Repository/CERTPAY_ADMIN/CLOSE_BUTTON"), "Close Button", [pageLoadTime]): Quicksti_Samday_Refunds_Admin.ts:Clicked on the Close Button

2020-09-09 13:02:40 - [MESSAGE][INFO] - safeClicking

2020-09-09 13:02:40 - [MESSAGE][PASSED] - Object 'Object Repository/CERTPAY_ADMIN/CLOSE_BUTTON' is present

2020-09-09 13:02:42 - [MESSAGE][PASSED] - Object 'Object Repository/CERTPAY_ADMIN/CLOSE_BUTTON' is clickable

2020-09-09 13:02:43 - [MESSAGE][ERROR] - javascript error: Failed to execute 'elementsFromPoint' on 'Document': The provided double value is non-finite.
  (Session info: chrome=85.0.4183.83)
Build info: version: '3.141.59', revision: 'e82be7d358', time: '2018-11-14T08:25:53'
System info: host: 'SYS8', ip: '172.31.253.251', os.name: 'Windows 10', os.arch: 'x86', os.version: '10.0', java.version: '1.8.0_181'
Driver info: com.kms.katalon.selenium.driver.CChromeDriver
Capabilities {acceptInsecureCerts: false, browserName: chrome, browserVersion: 85.0.4183.83, chrome: {chromedriverVersion: 85.0.4183.87 (cd6713ebf92fa..., userDataDir: C:\Users\admin\AppData\Loca...}, goog:chromeOptions: {debuggerAddress: localhost:57889}, javascriptEnabled: true, networkConnectionEnabled: false, pageLoadStrategy: normal, platform: WINDOWS, platformName: WINDOWS, proxy: Proxy(), setWindowRect: true, strictFileInteractability: false, timeouts: {implicit: 0, pageLoad: 300000, script: 30000}, unhandledPromptBehavior: dismiss and notify, webauthn:virtualAuthenticators: true}
Session ID: d736e1b46453cf70a5b39d3fb10f6222

2020-09-09 13:03:13 - [MESSAGE][ERROR] - javascript error: Failed to execute 'elementsFromPoint' on 'Document': The provided double value is non-finite.
  (Session info: chrome=85.0.4183.83)
Build info: version: '3.141.59', revision: 'e82be7d358', time: '2018-11-14T08:25:53'
System info: host: 'SYS8', ip: '172.31.253.251', os.name: 'Windows 10', os.arch: 'x86', os.version: '10.0', java.version: '1.8.0_181'
Driver info: com.kms.katalon.selenium.driver.CChromeDriver
Capabilities {acceptInsecureCerts: false, browserName: chrome, browserVersion: 85.0.4183.83, chrome: {chromedriverVersion: 85.0.4183.87 (cd6713ebf92fa..., userDataDir: C:\Users\admin\AppData\Loca...}, goog:chromeOptions: {debuggerAddress: localhost:57889}, javascriptEnabled: true, networkConnectionEnabled: false, pageLoadStrategy: normal, platform: WINDOWS, platformName: WINDOWS, proxy: Proxy(), setWindowRect: true, strictFileInteractability: false, timeouts: {implicit: 0, pageLoad: 300000, script: 30000}, unhandledPromptBehavior: dismiss and notify, webauthn:virtualAuthenticators: true}
Session ID: d736e1b46453cf70a5b39d3fb10f6222

2020-09-09 13:03:15 - [MESSAGE][PASSED] - Object: 'Object Repository/CERTPAY_ADMIN/CLOSE_BUTTON' is clicked on

2020-09-09 13:03:15 - [MESSAGE][PASSED] - Quicksti_Samday_Refunds_Admin.ts:Clicked on the Close Button

2020-09-09 13:03:15 - [TEST_STEP][PASSED] - delay(3): Delayed 3 second(s)

2020-09-09 13:03:18 - [MESSAGE][PASSED] - Delayed 3 second(s)

2020-09-09 13:03:18 - [TEST_STEP][PASSED] - scrollToPosition(800, 900): Browser is scrolled to position x = 800, y = 900

2020-09-09 13:03:18 - [MESSAGE][PASSED] - Browser is scrolled to position x = 800, y = 900

2020-09-09 13:03:18 - [TEST_STEP][PASSED] - firstName = data.getValue("FirstName", index): null

2020-09-09 13:03:18 - [TEST_STEP][PASSED] - lastName = data.getValue("LastName", index): null

2020-09-09 13:03:18 - [TEST_STEP][PASSED] - expMonth = data.getValue("ExpMonth", index): null

2020-09-09 13:03:18 - [TEST_STEP][PASSED] - expYear = data.getValue("ExpYear", index): null

2020-09-09 13:03:18 - [TEST_STEP][PASSED] - securityCode = data.getValue("SecurityCode", index): null

2020-09-09 13:03:18 - [TEST_STEP][PASSED] - paymentAmount = data.getValue("PaymentAmount", index): null

2020-09-09 13:03:18 - [TEST_STEP][PASSED] - paymentType = data.getValue("PaymentType", index): null

2020-09-09 13:03:18 - [TEST_STEP][PASSED] - quantity = data.getValue("Quantity", index): null

2020-09-09 13:03:18 - [TEST_STEP][PASSED] - comments = data.getValue("Comments", index): null

2020-09-09 13:03:18 - [TEST_STEP][PASSED] - referenceNum = data.getValue("ReferenceNum", index): null

2020-09-09 13:03:18 - [TEST_STEP][PASSED] - address = data.getValue("Address", index): null

2020-09-09 13:03:18 - [TEST_STEP][PASSED] - zipCode = data.getValue("Zipcode", index): null

2020-09-09 13:03:18 - [TEST_STEP][PASSED] - telephone = data.getValue("Telephone", index): null

2020-09-09 13:03:18 - [TEST_STEP][PASSED] - emailAddress = data.getValue("EmailAddress", index): null

2020-09-09 13:03:18 - [TEST_STEP][PASSED] - cardNum = data.getValue("CardNumber", index): null

2020-09-09 13:03:18 - [TEST_STEP][PASSED] - cardType = data.getValue("CardType", index): null

2020-09-09 13:03:18 - [TEST_STEP][PASSED] - utilities.SafeActions.openBrowser(Quicksti_Url, [pageLoadTime]): Browser launched successfully

2020-09-09 13:03:18 - [MESSAGE][INFO] - Opening Browser

2020-09-09 13:03:18 - [MESSAGE][WARNING] - A browser is already opened. Closing browser and opening a new one

2020-09-09 13:03:19 - [MESSAGE][INFO] - Starting 'Chrome' driver

2020-09-09 13:03:30 - [MESSAGE][PASSED] - Browser is opened with url: 'https://qa-certpayquicksti.faps.net/'

2020-09-09 13:03:32 - [MESSAGE][PASSED] - Current window maximized

2020-09-09 13:03:32 - [MESSAGE][PASSED] - Browser launched successfully

2020-09-09 13:03:32 - [TEST_STEP][PASSED] - utilities.SafeActions.safeType(findTestObject("CERTPAY_QUICKSTI/Login_ Page/BUREAU_CODE"), bureau_code, "Bureau code", [pageLoadTime]): Quicksti_Samday_Refunds_Admin.ts:Entered'6100000 into Bureau code

2020-09-09 13:03:32 - [MESSAGE][PASSED] - Object 'Object Repository/CERTPAY_QUICKSTI/Login_ Page/BUREAU_CODE' is present

2020-09-09 13:03:32 - [MESSAGE][PASSED] - Object 'Object Repository/CERTPAY_QUICKSTI/Login_ Page/BUREAU_CODE' is visible

2020-09-09 13:03:33 - [MESSAGE][PASSED] - Object 'Object Repository/CERTPAY_QUICKSTI/Login_ Page/BUREAU_CODE' is present

2020-09-09 13:03:34 - [MESSAGE][PASSED] - Text '6100000' is set on object 'Object Repository/CERTPAY_QUICKSTI/Login_ Page/BUREAU_CODE'

2020-09-09 13:03:34 - [MESSAGE][PASSED] - Quicksti_Samday_Refunds_Admin.ts:Entered'6100000 into Bureau code

2020-09-09 13:03:34 - [TEST_STEP][PASSED] - utilities.SafeActions.safeType(findTestObject("CERTPAY_QUICKSTI/Login_ Page/TELLER_ID"), teller_id, "Bureau code", [pageLoadTime]): Quicksti_Samday_Refunds_Admin.ts:Entered'zenq into Bureau code

2020-09-09 13:03:34 - [MESSAGE][PASSED] - Object 'Object Repository/CERTPAY_QUICKSTI/Login_ Page/TELLER_ID' is present

2020-09-09 13:03:35 - [MESSAGE][PASSED] - Object 'Object Repository/CERTPAY_QUICKSTI/Login_ Page/TELLER_ID' is visible

2020-09-09 13:03:35 - [MESSAGE][PASSED] - Object 'Object Repository/CERTPAY_QUICKSTI/Login_ Page/TELLER_ID' is present

2020-09-09 13:03:36 - [MESSAGE][PASSED] - Text 'zenq' is set on object 'Object Repository/CERTPAY_QUICKSTI/Login_ Page/TELLER_ID'

2020-09-09 13:03:36 - [MESSAGE][PASSED] - Quicksti_Samday_Refunds_Admin.ts:Entered'zenq into Bureau code

2020-09-09 13:03:36 - [TEST_STEP][PASSED] - utilities.SafeActions.safeClick(findTestObject("CERTPAY_QUICKSTI/Login_ Page/NEXT_BUTTON"), "Next button", [pageLoadTime]): Quicksti_Samday_Refunds_Admin.ts:Clicked on the Next button

2020-09-09 13:03:36 - [MESSAGE][INFO] - safeClicking

2020-09-09 13:03:36 - [MESSAGE][PASSED] - Object 'Object Repository/CERTPAY_QUICKSTI/Login_ Page/NEXT_BUTTON' is present

2020-09-09 13:03:37 - [MESSAGE][PASSED] - Object 'Object Repository/CERTPAY_QUICKSTI/Login_ Page/NEXT_BUTTON' is clickable

2020-09-09 13:03:41 - [MESSAGE][PASSED] - Object: 'Object Repository/CERTPAY_QUICKSTI/Login_ Page/NEXT_BUTTON' is clicked on

2020-09-09 13:03:41 - [MESSAGE][PASSED] - Quicksti_Samday_Refunds_Admin.ts:Clicked on the Next button

2020-09-09 13:03:41 - [TEST_STEP][PASSED] - utilities.SafeActions.safeClick(findTestObject("CERTPAY_QUICKSTI/Payment_Information_Page/MANUAL_ENTRY_BUTTON"), "ManualEntry", [pageLoadTime]): Quicksti_Samday_Refunds_Admin.ts:Clicked on the ManualEntry

2020-09-09 13:03:41 - [MESSAGE][INFO] - safeClicking

2020-09-09 13:03:41 - [MESSAGE][PASSED] - Object 'Object Repository/CERTPAY_QUICKSTI/Payment_Information_Page/MANUAL_ENTRY_BUTTON' is present

2020-09-09 13:03:41 - [MESSAGE][PASSED] - Object 'Object Repository/CERTPAY_QUICKSTI/Payment_Information_Page/MANUAL_ENTRY_BUTTON' is clickable

2020-09-09 13:03:44 - [MESSAGE][PASSED] - Object: 'Object Repository/CERTPAY_QUICKSTI/Payment_Information_Page/MANUAL_ENTRY_BUTTON' is clicked on

2020-09-09 13:03:44 - [MESSAGE][PASSED] - Quicksti_Samday_Refunds_Admin.ts:Clicked on the ManualEntry

2020-09-09 13:03:44 - [TEST_STEP][PASSED] - CardNumber = pages.Quicksti.setUserPaymentDetails(firstName, lastName, cardNum): Quicksti_Samday_Refunds_Admin.ts:Entered'374245003731006 into CardNum

2020-09-09 13:03:44 - [MESSAGE][PASSED] - Object 'Object Repository/CERTPAY_QUICKSTI/Payment_Information_Page/FIRST_NAME' is present

2020-09-09 13:03:45 - [MESSAGE][PASSED] - Object 'Object Repository/CERTPAY_QUICKSTI/Payment_Information_Page/FIRST_NAME' is visible

2020-09-09 13:03:45 - [MESSAGE][PASSED] - Object 'Object Repository/CERTPAY_QUICKSTI/Payment_Information_Page/FIRST_NAME' is present

2020-09-09 13:03:46 - [MESSAGE][PASSED] - Text 'Tester' is set on object 'Object Repository/CERTPAY_QUICKSTI/Payment_Information_Page/FIRST_NAME'

2020-09-09 13:03:46 - [MESSAGE][PASSED] - Quicksti_Samday_Refunds_Admin.ts:Entered'Tester into FirstName

2020-09-09 13:03:47 - [MESSAGE][PASSED] - Object 'Object Repository/CERTPAY_QUICKSTI/Payment_Information_Page/LAST_NAME' is present

2020-09-09 13:03:47 - [MESSAGE][PASSED] - Object 'Object Repository/CERTPAY_QUICKSTI/Payment_Information_Page/LAST_NAME' is visible

2020-09-09 13:03:47 - [MESSAGE][PASSED] - Object 'Object Repository/CERTPAY_QUICKSTI/Payment_Information_Page/LAST_NAME' is present

2020-09-09 13:03:49 - [MESSAGE][PASSED] - Text 'Zenq1' is set on object 'Object Repository/CERTPAY_QUICKSTI/Payment_Information_Page/LAST_NAME'

2020-09-09 13:03:49 - [MESSAGE][PASSED] - Quicksti_Samday_Refunds_Admin.ts:Entered'Zenq1 into LAstName

2020-09-09 13:03:49 - [MESSAGE][PASSED] - Object 'Object Repository/CERTPAY_QUICKSTI/Payment_Information_Page/CARD_NUMBER' is present

2020-09-09 13:03:49 - [MESSAGE][PASSED] - Object 'Object Repository/CERTPAY_QUICKSTI/Payment_Information_Page/CARD_NUMBER' is visible

2020-09-09 13:03:50 - [MESSAGE][PASSED] - Object 'Object Repository/CERTPAY_QUICKSTI/Payment_Information_Page/CARD_NUMBER' is present

2020-09-09 13:03:51 - [MESSAGE][PASSED] - Text '374245003731006' is set on object 'Object Repository/CERTPAY_QUICKSTI/Payment_Information_Page/CARD_NUMBER'

2020-09-09 13:03:51 - [MESSAGE][PASSED] - Quicksti_Samday_Refunds_Admin.ts:Entered'374245003731006 into CardNum

2020-09-09 13:03:51 - [TEST_STEP][PASSED] - utilities.SafeActions.safeSelectOptionInDropdownByVisibleText(findTestObject("CERTPAY_QUICKSTI/Payment_Information_Page/PAYMENT_TYPE"), paymentType, "paymentType", [pageLoadTime]): selected dropdown option by visible text  Taxesfrom paymentType

2020-09-09 13:03:51 - [MESSAGE][PASSED] - Object 'Object Repository/CERTPAY_QUICKSTI/Payment_Information_Page/PAYMENT_TYPE' is visible

2020-09-09 13:03:52 - [MESSAGE][PASSED] - Object 'Object Repository/CERTPAY_QUICKSTI/Payment_Information_Page/PAYMENT_TYPE' is present

2020-09-09 13:03:53 - [MESSAGE][PASSED] - Object: 'Object Repository/CERTPAY_QUICKSTI/Payment_Information_Page/PAYMENT_TYPE' is clicked on

2020-09-09 13:03:54 - [MESSAGE][PASSED] - All options with label 'Taxes' are selected in object 'Object Repository/CERTPAY_QUICKSTI/Payment_Information_Page/PAYMENT_TYPE'  using regular expression

2020-09-09 13:03:54 - [MESSAGE][PASSED] - selected dropdown option by visible text  Taxesfrom paymentType

2020-09-09 13:03:54 - [TEST_STEP][PASSED] - pages.Quicksti.setExpDate(expMonth, expYear, securityCode): Quicksti_Samday_Refunds_Admin.ts:Entered'111 into securityCode

2020-09-09 13:03:54 - [MESSAGE][PASSED] - Object 'Object Repository/CERTPAY_QUICKSTI/Payment_Information_Page/EXP_MONTH' is visible

2020-09-09 13:03:55 - [MESSAGE][PASSED] - Object 'Object Repository/CERTPAY_QUICKSTI/Payment_Information_Page/EXP_MONTH' is present

2020-09-09 13:03:56 - [MESSAGE][PASSED] - Object: 'Object Repository/CERTPAY_QUICKSTI/Payment_Information_Page/EXP_MONTH' is clicked on

2020-09-09 13:03:57 - [MESSAGE][PASSED] - All options with label '05' are selected in object 'Object Repository/CERTPAY_QUICKSTI/Payment_Information_Page/EXP_MONTH'  using regular expression

2020-09-09 13:03:57 - [MESSAGE][PASSED] - selected dropdown option by visible text  05from expMonth

2020-09-09 13:03:58 - [MESSAGE][PASSED] - Object 'Object Repository/CERTPAY_QUICKSTI/Payment_Information_Page/EXP_YEAR' is visible

2020-09-09 13:03:58 - [MESSAGE][PASSED] - Object 'Object Repository/CERTPAY_QUICKSTI/Payment_Information_Page/EXP_YEAR' is present

2020-09-09 13:03:59 - [MESSAGE][PASSED] - Object: 'Object Repository/CERTPAY_QUICKSTI/Payment_Information_Page/EXP_YEAR' is clicked on

2020-09-09 13:04:01 - [MESSAGE][PASSED] - All options with label '2022' are selected in object 'Object Repository/CERTPAY_QUICKSTI/Payment_Information_Page/EXP_YEAR'  using regular expression

2020-09-09 13:04:01 - [MESSAGE][PASSED] - selected dropdown option by visible text  2022from  expYear

2020-09-09 13:04:01 - [MESSAGE][PASSED] - Object 'Object Repository/CERTPAY_QUICKSTI/Payment_Information_Page/SECURITY_CODE' is present

2020-09-09 13:04:01 - [MESSAGE][PASSED] - Object 'Object Repository/CERTPAY_QUICKSTI/Payment_Information_Page/SECURITY_CODE' is visible

2020-09-09 13:04:02 - [MESSAGE][PASSED] - Object 'Object Repository/CERTPAY_QUICKSTI/Payment_Information_Page/SECURITY_CODE' is present

2020-09-09 13:04:03 - [MESSAGE][PASSED] - Text '111' is set on object 'Object Repository/CERTPAY_QUICKSTI/Payment_Information_Page/SECURITY_CODE'

2020-09-09 13:04:03 - [MESSAGE][PASSED] - Quicksti_Samday_Refunds_Admin.ts:Entered'111 into securityCode

2020-09-09 13:04:03 - [TEST_STEP][PASSED] - pages.Quicksti.setPaymentAmountDetailsForSinglePayment(paymentAmount, quantity): Quicksti_Samday_Refunds_Admin.ts:Entered'1 into Quantity

2020-09-09 13:04:03 - [MESSAGE][PASSED] - Object 'Object Repository/CERTPAY_QUICKSTI/Payment_Information_Page/PAYMENT_AMOUNT' is present

2020-09-09 13:04:04 - [MESSAGE][PASSED] - Object 'Object Repository/CERTPAY_QUICKSTI/Payment_Information_Page/PAYMENT_AMOUNT' is visible

2020-09-09 13:04:04 - [MESSAGE][PASSED] - Object 'Object Repository/CERTPAY_QUICKSTI/Payment_Information_Page/PAYMENT_AMOUNT' is present

2020-09-09 13:04:05 - [MESSAGE][PASSED] - Text '35.00' is set on object 'Object Repository/CERTPAY_QUICKSTI/Payment_Information_Page/PAYMENT_AMOUNT'

2020-09-09 13:04:05 - [MESSAGE][PASSED] - Quicksti_Samday_Refunds_Admin.ts:Entered'35.00 into amount

2020-09-09 13:04:06 - [MESSAGE][PASSED] - Object 'Object Repository/CERTPAY_QUICKSTI/Payment_Information_Page/QUANTITY' is present

2020-09-09 13:04:06 - [MESSAGE][PASSED] - Object 'Object Repository/CERTPAY_QUICKSTI/Payment_Information_Page/QUANTITY' is visible

2020-09-09 13:04:06 - [MESSAGE][PASSED] - Object 'Object Repository/CERTPAY_QUICKSTI/Payment_Information_Page/QUANTITY' is present

2020-09-09 13:04:08 - [MESSAGE][PASSED] - Text '1' is set on object 'Object Repository/CERTPAY_QUICKSTI/Payment_Information_Page/QUANTITY'

2020-09-09 13:04:08 - [MESSAGE][PASSED] - Quicksti_Samday_Refunds_Admin.ts:Entered'1 into Quantity

2020-09-09 13:04:08 - [TEST_STEP][PASSED] - utilities.SafeActions.safeType(findTestObject("CERTPAY_QUICKSTI/Payment_Information_Page/REFRENCE_NUMBER"), referenceNum, "Reference Number", [pageLoadTime]): Quicksti_Samday_Refunds_Admin.ts:Entered'11 into Reference Number

2020-09-09 13:04:08 - [MESSAGE][PASSED] - Object 'Object Repository/CERTPAY_QUICKSTI/Payment_Information_Page/REFRENCE_NUMBER' is present

2020-09-09 13:04:08 - [MESSAGE][PASSED] - Object 'Object Repository/CERTPAY_QUICKSTI/Payment_Information_Page/REFRENCE_NUMBER' is visible

2020-09-09 13:04:09 - [MESSAGE][PASSED] - Object 'Object Repository/CERTPAY_QUICKSTI/Payment_Information_Page/REFRENCE_NUMBER' is present

2020-09-09 13:04:10 - [MESSAGE][PASSED] - Text '11' is set on object 'Object Repository/CERTPAY_QUICKSTI/Payment_Information_Page/REFRENCE_NUMBER'

2020-09-09 13:04:10 - [MESSAGE][PASSED] - Quicksti_Samday_Refunds_Admin.ts:Entered'11 into Reference Number

2020-09-09 13:04:10 - [TEST_STEP][PASSED] - amount_Value = pages.Quicksti.getAttributeValue(findTestObject("CERTPAY_QUICKSTI/Payment_Information_Page/SUB_TOTAL")): pages.Quicksti.getAttributeValue is PASSED

2020-09-09 13:04:10 - [MESSAGE][PASSED] - Attribute 'value' of object 'Object Repository/CERTPAY_QUICKSTI/Payment_Information_Page/SUB_TOTAL' is: '35.00'

2020-09-09 13:04:10 - [MESSAGE][PASSED] - pages.Quicksti.getAttributeValue is PASSED

2020-09-09 13:04:10 - [TEST_STEP][PASSED] - utilities.SafeActions.safeType(findTestObject("CERTPAY_QUICKSTI/Payment_Information_Page/COMMENTS"), "Testing", "Comments", [pageLoadTime]): Quicksti_Samday_Refunds_Admin.ts:Entered'Testing into Comments

2020-09-09 13:04:11 - [MESSAGE][PASSED] - Object 'Object Repository/CERTPAY_QUICKSTI/Payment_Information_Page/COMMENTS' is present

2020-09-09 13:04:11 - [MESSAGE][PASSED] - Object 'Object Repository/CERTPAY_QUICKSTI/Payment_Information_Page/COMMENTS' is visible

2020-09-09 13:04:11 - [MESSAGE][PASSED] - Object 'Object Repository/CERTPAY_QUICKSTI/Payment_Information_Page/COMMENTS' is present

2020-09-09 13:04:13 - [MESSAGE][PASSED] - Text 'Testing' is set on object 'Object Repository/CERTPAY_QUICKSTI/Payment_Information_Page/COMMENTS'

2020-09-09 13:04:13 - [MESSAGE][PASSED] - Quicksti_Samday_Refunds_Admin.ts:Entered'Testing into Comments

2020-09-09 13:04:13 - [TEST_STEP][PASSED] - utilities.SafeActions.safeType(findTestObject("CERTPAY_QUICKSTI/Payment_Information_Page/ADDRESS"), address, "Address", [pageLoadTime]): Quicksti_Samday_Refunds_Admin.ts:Entered'14-2 into Address

2020-09-09 13:04:13 - [MESSAGE][PASSED] - Object 'Object Repository/CERTPAY_QUICKSTI/Payment_Information_Page/ADDRESS' is present

2020-09-09 13:04:13 - [MESSAGE][PASSED] - Object 'Object Repository/CERTPAY_QUICKSTI/Payment_Information_Page/ADDRESS' is visible

2020-09-09 13:04:14 - [MESSAGE][PASSED] - Object 'Object Repository/CERTPAY_QUICKSTI/Payment_Information_Page/ADDRESS' is present

2020-09-09 13:04:15 - [MESSAGE][PASSED] - Text '14-2' is set on object 'Object Repository/CERTPAY_QUICKSTI/Payment_Information_Page/ADDRESS'

2020-09-09 13:04:15 - [MESSAGE][PASSED] - Quicksti_Samday_Refunds_Admin.ts:Entered'14-2 into Address

2020-09-09 13:04:15 - [TEST_STEP][PASSED] - utilities.SafeActions.safeType(findTestObject("CERTPAY_QUICKSTI/Payment_Information_Page/ZIP_CODE"), zipCode, "zipcode", [pageLoadTime]): Quicksti_Samday_Refunds_Admin.ts:Entered'76102 into zipcode

2020-09-09 13:04:15 - [MESSAGE][PASSED] - Object 'Object Repository/CERTPAY_QUICKSTI/Payment_Information_Page/ZIP_CODE' is present

2020-09-09 13:04:16 - [MESSAGE][PASSED] - Object 'Object Repository/CERTPAY_QUICKSTI/Payment_Information_Page/ZIP_CODE' is visible

2020-09-09 13:04:16 - [MESSAGE][PASSED] - Object 'Object Repository/CERTPAY_QUICKSTI/Payment_Information_Page/ZIP_CODE' is present

2020-09-09 13:04:17 - [MESSAGE][PASSED] - Text '76102' is set on object 'Object Repository/CERTPAY_QUICKSTI/Payment_Information_Page/ZIP_CODE'

2020-09-09 13:04:17 - [MESSAGE][PASSED] - Quicksti_Samday_Refunds_Admin.ts:Entered'76102 into zipcode

2020-09-09 13:04:17 - [TEST_STEP][PASSED] - utilities.SafeActions.safeType(findTestObject("CERTPAY_QUICKSTI/Payment_Information_Page/TELEPHONE"), telephone, "Telephone", [pageLoadTime]): Quicksti_Samday_Refunds_Admin.ts:Entered'9989897654 into Telephone

2020-09-09 13:04:18 - [MESSAGE][PASSED] - Object 'Object Repository/CERTPAY_QUICKSTI/Payment_Information_Page/TELEPHONE' is present

2020-09-09 13:04:18 - [MESSAGE][PASSED] - Object 'Object Repository/CERTPAY_QUICKSTI/Payment_Information_Page/TELEPHONE' is visible

2020-09-09 13:04:18 - [MESSAGE][PASSED] - Object 'Object Repository/CERTPAY_QUICKSTI/Payment_Information_Page/TELEPHONE' is present

2020-09-09 13:04:20 - [MESSAGE][PASSED] - Text '9989897654' is set on object 'Object Repository/CERTPAY_QUICKSTI/Payment_Information_Page/TELEPHONE'

2020-09-09 13:04:20 - [MESSAGE][PASSED] - Quicksti_Samday_Refunds_Admin.ts:Entered'9989897654 into Telephone

2020-09-09 13:04:20 - [TEST_STEP][PASSED] - utilities.SafeActions.safeType(findTestObject("CERTPAY_QUICKSTI/Payment_Information_Page/EMAIL_ADDRESS"), emailAddress, "EMAIL address", [pageLoadTime]): Quicksti_Samday_Refunds_Admin.ts:Entered'testing@zenq.com into EMAIL address

2020-09-09 13:04:20 - [MESSAGE][PASSED] - Object 'Object Repository/CERTPAY_QUICKSTI/Payment_Information_Page/EMAIL_ADDRESS' is present

2020-09-09 13:04:20 - [MESSAGE][PASSED] - Object 'Object Repository/CERTPAY_QUICKSTI/Payment_Information_Page/EMAIL_ADDRESS' is visible

2020-09-09 13:04:20 - [MESSAGE][PASSED] - Object 'Object Repository/CERTPAY_QUICKSTI/Payment_Information_Page/EMAIL_ADDRESS' is present

2020-09-09 13:04:22 - [MESSAGE][PASSED] - Text 'testing@zenq.com' is set on object 'Object Repository/CERTPAY_QUICKSTI/Payment_Information_Page/EMAIL_ADDRESS'

2020-09-09 13:04:22 - [MESSAGE][PASSED] - Quicksti_Samday_Refunds_Admin.ts:Entered'testing@zenq.com into EMAIL address

2020-09-09 13:04:22 - [TEST_STEP][PASSED] - utilities.SafeActions.safeClick(findTestObject("CERTPAY_QUICKSTI/Payment_Information_Page/NEXT_BUTTON"), "Next", [pageLoadTime]): Quicksti_Samday_Refunds_Admin.ts:Clicked on the Next

2020-09-09 13:04:22 - [MESSAGE][INFO] - safeClicking

2020-09-09 13:04:22 - [MESSAGE][PASSED] - Object 'Object Repository/CERTPAY_QUICKSTI/Payment_Information_Page/NEXT_BUTTON' is present

2020-09-09 13:04:22 - [MESSAGE][PASSED] - Object 'Object Repository/CERTPAY_QUICKSTI/Payment_Information_Page/NEXT_BUTTON' is clickable

2020-09-09 13:04:26 - [MESSAGE][PASSED] - Object: 'Object Repository/CERTPAY_QUICKSTI/Payment_Information_Page/NEXT_BUTTON' is clicked on

2020-09-09 13:04:26 - [MESSAGE][PASSED] - Quicksti_Samday_Refunds_Admin.ts:Clicked on the Next

2020-09-09 13:04:26 - [TEST_STEP][PASSED] - pages.Quicksti.verifyUserPaymentDetails(paymentAmount, firstName, lastName, CardNumber): pages.Quicksti.verifyUserPaymentDetails is PASSED

2020-09-09 13:04:26 - [MESSAGE][PASSED] - Text of object 'Object Repository/CERTPAY_QUICKSTI/Payment_Details_Verification_Page/AMOUNT' is: '$35.00'

2020-09-09 13:04:26 - [MESSAGE][PASSED] - Actual text '35.00' and expected text '35.00' are matched  using regular expression

2020-09-09 13:04:27 - [MESSAGE][PASSED] - Text of object 'Object Repository/CERTPAY_QUICKSTI/Payment_Details_Verification_Page/NAME' is: 'Tester Zenq1'

2020-09-09 13:04:27 - [MESSAGE][PASSED] - Actual text 'Tester Zenq1' and expected text 'Tester Zenq1' are matched  using regular expression

2020-09-09 13:04:27 - [MESSAGE][PASSED] - Text of object 'Object Repository/CERTPAY_QUICKSTI/Payment_Details_Verification_Page/CARD_NUMBER' is: '...1006'

2020-09-09 13:04:27 - [MESSAGE][PASSED] - Actual text '1006' and expected text '1006' are matched  using regular expression

2020-09-09 13:04:27 - [MESSAGE][PASSED] - pages.Quicksti.verifyUserPaymentDetails is PASSED

2020-09-09 13:04:27 - [TEST_STEP][PASSED] - delay(2): Delayed 2 second(s)

2020-09-09 13:04:29 - [MESSAGE][PASSED] - Delayed 2 second(s)

2020-09-09 13:04:29 - [TEST_STEP][PASSED] - scrollToElement(findTestObject("CERTPAY_QUICKSTI/Payment_Details_Verification_Page/PROCESS"), 30): Scroll to object 'Object Repository/CERTPAY_QUICKSTI/Payment_Details_Verification_Page/PROCESS' successfully

2020-09-09 13:04:29 - [MESSAGE][PASSED] - Scroll to object 'Object Repository/CERTPAY_QUICKSTI/Payment_Details_Verification_Page/PROCESS' successfully

2020-09-09 13:04:29 - [TEST_STEP][PASSED] - utilities.SafeActions.safeClick(findTestObject("CERTPAY_QUICKSTI/Payment_Details_Verification_Page/PROCESS"), "Process", [pageLoadTime]): Quicksti_Samday_Refunds_Admin.ts:Clicked on the Process

2020-09-09 13:04:29 - [MESSAGE][INFO] - safeClicking

2020-09-09 13:04:30 - [MESSAGE][PASSED] - Object 'Object Repository/CERTPAY_QUICKSTI/Payment_Details_Verification_Page/PROCESS' is present

2020-09-09 13:04:30 - [MESSAGE][PASSED] - Object 'Object Repository/CERTPAY_QUICKSTI/Payment_Details_Verification_Page/PROCESS' is clickable

2020-09-09 13:04:34 - [MESSAGE][PASSED] - Object: 'Object Repository/CERTPAY_QUICKSTI/Payment_Details_Verification_Page/PROCESS' is clicked on

2020-09-09 13:04:34 - [MESSAGE][PASSED] - Quicksti_Samday_Refunds_Admin.ts:Clicked on the Process

2020-09-09 13:04:34 - [TEST_STEP][PASSED] - paymentId = pages.Quicksti.verifyPaymentApproval(findTestObject("CERTPAY_QUICKSTI/Payment_Details_Verification_Page/APPROVED")): Payment is approved

2020-09-09 13:04:34 - [MESSAGE][PASSED] - Text of object 'Object Repository/CERTPAY_QUICKSTI/Payment_Details_Verification_Page/PAYMENT_ID' is: '100176114043'

2020-09-09 13:04:34 - [MESSAGE][PASSED] - Object 'Object Repository/CERTPAY_QUICKSTI/Payment_Details_Verification_Page/APPROVED' is present

2020-09-09 13:04:34 - [MESSAGE][PASSED] - Payment is approved

2020-09-09 13:04:36 - [TEST_STEP][PASSED] - navigateToUrl(Admin_url): Navigate to 'https://qa-certpayadmin.faps.net' successfully

2020-09-09 13:04:42 - [MESSAGE][PASSED] - Navigate to 'https://qa-certpayadmin.faps.net' successfully

2020-09-09 13:04:42 - [TEST_STEP][PASSED] - pages.Bureau_Login_Page.loginToAdminSite(AdminUsername, AdminPassword): Quicksti_Samday_Refunds_Admin.ts:Clicked on the LOGIN

2020-09-09 13:04:43 - [MESSAGE][PASSED] - Object 'Object Repository/CERTPAY_ADMIN/USER_NAME' is present

2020-09-09 13:04:43 - [MESSAGE][PASSED] - Object 'Object Repository/CERTPAY_ADMIN/USER_NAME' is visible

2020-09-09 13:04:43 - [MESSAGE][PASSED] - Object 'Object Repository/CERTPAY_ADMIN/USER_NAME' is present

2020-09-09 13:04:44 - [MESSAGE][PASSED] - Text 'VVangiliappan' is set on object 'Object Repository/CERTPAY_ADMIN/USER_NAME'

2020-09-09 13:04:44 - [MESSAGE][PASSED] - Quicksti_Samday_Refunds_Admin.ts:Entered'VVangiliappan into username

2020-09-09 13:04:45 - [MESSAGE][PASSED] - Object 'Object Repository/CERTPAY_ADMIN/PASSWORD' is present

2020-09-09 13:04:45 - [MESSAGE][PASSED] - Object 'Object Repository/CERTPAY_ADMIN/PASSWORD' is visible

2020-09-09 13:04:45 - [MESSAGE][PASSED] - Object 'Object Repository/CERTPAY_ADMIN/PASSWORD' is present

2020-09-09 13:04:47 - [MESSAGE][PASSED] - Text 'Knila@12345' is set on object 'Object Repository/CERTPAY_ADMIN/PASSWORD'

2020-09-09 13:04:47 - [MESSAGE][PASSED] - Quicksti_Samday_Refunds_Admin.ts:Entered'Knila@12345 into password

2020-09-09 13:04:47 - [MESSAGE][INFO] - safeClicking

2020-09-09 13:04:47 - [MESSAGE][PASSED] - Object 'Object Repository/CERTPAY_ADMIN/LOGIN_BUTTON' is present

2020-09-09 13:04:47 - [MESSAGE][PASSED] - Object 'Object Repository/CERTPAY_ADMIN/LOGIN_BUTTON' is clickable

2020-09-09 13:04:54 - [MESSAGE][PASSED] - Object: 'Object Repository/CERTPAY_ADMIN/LOGIN_BUTTON' is clicked on

2020-09-09 13:04:54 - [MESSAGE][PASSED] - Quicksti_Samday_Refunds_Admin.ts:Clicked on the LOGIN

2020-09-09 13:04:54 - [TEST_STEP][PASSED] - utilities.SafeActions.safeClick(findTestObject("CERTPAY_ADMIN/TRANSACTION_SEARCH"), "TransactionSearch", [pageLoadTime]): Quicksti_Samday_Refunds_Admin.ts:Clicked on the TransactionSearch

2020-09-09 13:04:54 - [MESSAGE][INFO] - safeClicking

2020-09-09 13:04:54 - [MESSAGE][PASSED] - Object 'Object Repository/CERTPAY_ADMIN/TRANSACTION_SEARCH' is present

2020-09-09 13:04:55 - [MESSAGE][PASSED] - Object 'Object Repository/CERTPAY_ADMIN/TRANSACTION_SEARCH' is clickable

2020-09-09 13:04:59 - [MESSAGE][PASSED] - Object: 'Object Repository/CERTPAY_ADMIN/TRANSACTION_SEARCH' is clicked on

2020-09-09 13:04:59 - [MESSAGE][PASSED] - Quicksti_Samday_Refunds_Admin.ts:Clicked on the TransactionSearch

2020-09-09 13:04:59 - [TEST_STEP][PASSED] - utilities.SafeActions.safeType(findTestObject("CERTPAY_ADMIN/PAYMENT_ID"), paymentId, "Payment id", [pageLoadTime]): Quicksti_Samday_Refunds_Admin.ts:Entered'100176114043 into Payment id

2020-09-09 13:05:00 - [MESSAGE][PASSED] - Object 'Object Repository/CERTPAY_ADMIN/PAYMENT_ID' is present

2020-09-09 13:05:00 - [MESSAGE][PASSED] - Object 'Object Repository/CERTPAY_ADMIN/PAYMENT_ID' is visible

2020-09-09 13:05:00 - [MESSAGE][PASSED] - Object 'Object Repository/CERTPAY_ADMIN/PAYMENT_ID' is present

2020-09-09 13:05:02 - [MESSAGE][PASSED] - Text '100176114043' is set on object 'Object Repository/CERTPAY_ADMIN/PAYMENT_ID'

2020-09-09 13:05:02 - [MESSAGE][PASSED] - Quicksti_Samday_Refunds_Admin.ts:Entered'100176114043 into Payment id

2020-09-09 13:05:02 - [TEST_STEP][PASSED] - utilities.SafeActions.safeClick(findTestObject("CERTPAY_ADMIN/GO_BUTTON"), "Go button", [pageLoadTime]): Quicksti_Samday_Refunds_Admin.ts:Clicked on the Go button

2020-09-09 13:05:02 - [MESSAGE][INFO] - safeClicking

2020-09-09 13:05:02 - [MESSAGE][PASSED] - Object 'Object Repository/CERTPAY_ADMIN/GO_BUTTON' is present

2020-09-09 13:05:02 - [MESSAGE][PASSED] - Object 'Object Repository/CERTPAY_ADMIN/GO_BUTTON' is clickable

2020-09-09 13:05:05 - [MESSAGE][PASSED] - Object: 'Object Repository/CERTPAY_ADMIN/GO_BUTTON' is clicked on

2020-09-09 13:05:05 - [MESSAGE][PASSED] - Quicksti_Samday_Refunds_Admin.ts:Clicked on the Go button

2020-09-09 13:05:05 - [TEST_STEP][PASSED] - delay(5): Delayed 5 second(s)

2020-09-09 13:05:10 - [MESSAGE][PASSED] - Delayed 5 second(s)

2020-09-09 13:05:10 - [TEST_STEP][PASSED] - paymentIdList.add(paymentId): null

2020-09-09 13:05:10 - [TEST_STEP][PASSED] - println(paymentIdList): null

2020-09-09 13:05:10 - [TEST_STEP][PASSED] - utilities.SafeActions.safeClick(findTestObject("CERTPAY_ADMIN/ACTIONS_BUTTON"), "Actions button", [pageLoadTime]): Quicksti_Samday_Refunds_Admin.ts:Clicked on the Actions button

2020-09-09 13:05:10 - [MESSAGE][INFO] - safeClicking

2020-09-09 13:05:11 - [MESSAGE][PASSED] - Object 'Object Repository/CERTPAY_ADMIN/ACTIONS_BUTTON' is present

2020-09-09 13:05:11 - [MESSAGE][PASSED] - Object 'Object Repository/CERTPAY_ADMIN/ACTIONS_BUTTON' is clickable

2020-09-09 13:05:12 - [MESSAGE][PASSED] - Object: 'Object Repository/CERTPAY_ADMIN/ACTIONS_BUTTON' is clicked on

2020-09-09 13:05:12 - [MESSAGE][PASSED] - Quicksti_Samday_Refunds_Admin.ts:Clicked on the Actions button

2020-09-09 13:05:12 - [TEST_STEP][PASSED] - utilities.SafeActions.safeClick(findTestObject("CERTPAY_ADMIN/REFUND_MENU"), "Refund Menu", [pageLoadTime]): Quicksti_Samday_Refunds_Admin.ts:Clicked on the Refund Menu

2020-09-09 13:05:12 - [MESSAGE][INFO] - safeClicking

2020-09-09 13:05:12 - [MESSAGE][PASSED] - Object 'Object Repository/CERTPAY_ADMIN/REFUND_MENU' is present

2020-09-09 13:05:13 - [MESSAGE][PASSED] - Object 'Object Repository/CERTPAY_ADMIN/REFUND_MENU' is clickable

2020-09-09 13:05:14 - [MESSAGE][PASSED] - Object: 'Object Repository/CERTPAY_ADMIN/REFUND_MENU' is clicked on

2020-09-09 13:05:14 - [MESSAGE][PASSED] - Quicksti_Samday_Refunds_Admin.ts:Clicked on the Refund Menu

2020-09-09 13:05:14 - [TEST_STEP][PASSED] - delay(2): Delayed 2 second(s)

2020-09-09 13:05:16 - [MESSAGE][PASSED] - Delayed 2 second(s)

2020-09-09 13:05:16 - [TEST_STEP][PASSED] - utilities.SafeActions.safeClick(findTestObject("CERTPAY_ADMIN/CREDIT_RETURN"), "Credit Return", [pageLoadTime]): Quicksti_Samday_Refunds_Admin.ts:Clicked on the Credit Return

2020-09-09 13:05:16 - [MESSAGE][INFO] - safeClicking

2020-09-09 13:05:16 - [MESSAGE][PASSED] - Object 'Object Repository/CERTPAY_ADMIN/CREDIT_RETURN' is present

2020-09-09 13:05:17 - [MESSAGE][PASSED] - Object 'Object Repository/CERTPAY_ADMIN/CREDIT_RETURN' is clickable

2020-09-09 13:05:18 - [MESSAGE][PASSED] - Object: 'Object Repository/CERTPAY_ADMIN/CREDIT_RETURN' is clicked on

2020-09-09 13:05:18 - [MESSAGE][PASSED] - Quicksti_Samday_Refunds_Admin.ts:Clicked on the Credit Return

2020-09-09 13:05:18 - [TEST_STEP][PASSED] - utilities.SafeActions.safeClick(findTestObject("Object Repository/CERTPAY_ADMIN/FULL_REFUND_BUTTON"), "Set To Full Refund", [pageLoadTime]): Quicksti_Samday_Refunds_Admin.ts:Clicked on the Set To Full Refund

2020-09-09 13:05:18 - [MESSAGE][INFO] - safeClicking

2020-09-09 13:05:18 - [MESSAGE][PASSED] - Object 'Object Repository/CERTPAY_ADMIN/FULL_REFUND_BUTTON' is present

2020-09-09 13:05:19 - [MESSAGE][PASSED] - Object 'Object Repository/CERTPAY_ADMIN/FULL_REFUND_BUTTON' is clickable

2020-09-09 13:05:20 - [MESSAGE][PASSED] - Object: 'Object Repository/CERTPAY_ADMIN/FULL_REFUND_BUTTON' is clicked on

2020-09-09 13:05:20 - [MESSAGE][PASSED] - Quicksti_Samday_Refunds_Admin.ts:Clicked on the Set To Full Refund

2020-09-09 13:05:20 - [TEST_STEP][PASSED] - utilities.SafeActions.safeClick(findTestObject("Object Repository/CERTPAY_ADMIN/PROCESS_REVERSAL"), "Process Reversal", [pageLoadTime]): Quicksti_Samday_Refunds_Admin.ts:Clicked on the Process Reversal

2020-09-09 13:05:20 - [MESSAGE][INFO] - safeClicking

2020-09-09 13:05:20 - [MESSAGE][PASSED] - Object 'Object Repository/CERTPAY_ADMIN/PROCESS_REVERSAL' is present

2020-09-09 13:05:21 - [MESSAGE][PASSED] - Object 'Object Repository/CERTPAY_ADMIN/PROCESS_REVERSAL' is clickable

2020-09-09 13:05:22 - [MESSAGE][PASSED] - Object: 'Object Repository/CERTPAY_ADMIN/PROCESS_REVERSAL' is clicked on

2020-09-09 13:05:22 - [MESSAGE][PASSED] - Quicksti_Samday_Refunds_Admin.ts:Clicked on the Process Reversal

2020-09-09 13:05:22 - [TEST_STEP][PASSED] - delay(3): Delayed 3 second(s)

2020-09-09 13:05:25 - [MESSAGE][PASSED] - Delayed 3 second(s)

2020-09-09 13:05:25 - [TEST_STEP][PASSED] - utilities.SafeActions.safeClick(findTestObject("Object Repository/CERTPAY_ADMIN/CLOSE_BUTTON"), "Close Button", [pageLoadTime]): Quicksti_Samday_Refunds_Admin.ts:Clicked on the Close Button

2020-09-09 13:05:25 - [MESSAGE][INFO] - safeClicking

2020-09-09 13:05:28 - [MESSAGE][PASSED] - Object 'Object Repository/CERTPAY_ADMIN/CLOSE_BUTTON' is present

2020-09-09 13:05:28 - [MESSAGE][PASSED] - Object 'Object Repository/CERTPAY_ADMIN/CLOSE_BUTTON' is clickable

2020-09-09 13:05:29 - [MESSAGE][ERROR] - javascript error: Failed to execute 'elementsFromPoint' on 'Document': The provided double value is non-finite.
  (Session info: chrome=85.0.4183.83)
Build info: version: '3.141.59', revision: 'e82be7d358', time: '2018-11-14T08:25:53'
System info: host: 'SYS8', ip: '172.31.253.251', os.name: 'Windows 10', os.arch: 'x86', os.version: '10.0', java.version: '1.8.0_181'
Driver info: com.kms.katalon.selenium.driver.CChromeDriver
Capabilities {acceptInsecureCerts: false, browserName: chrome, browserVersion: 85.0.4183.83, chrome: {chromedriverVersion: 85.0.4183.87 (cd6713ebf92fa..., userDataDir: C:\Users\admin\AppData\Loca...}, goog:chromeOptions: {debuggerAddress: localhost:58082}, javascriptEnabled: true, networkConnectionEnabled: false, pageLoadStrategy: normal, platform: WINDOWS, platformName: WINDOWS, proxy: Proxy(), setWindowRect: true, strictFileInteractability: false, timeouts: {implicit: 0, pageLoad: 300000, script: 30000}, unhandledPromptBehavior: dismiss and notify, webauthn:virtualAuthenticators: true}
Session ID: 7e15625df2ddcc1d53ec8f032c9d618f

2020-09-09 13:06:00 - [MESSAGE][ERROR] - javascript error: Failed to execute 'elementsFromPoint' on 'Document': The provided double value is non-finite.
  (Session info: chrome=85.0.4183.83)
Build info: version: '3.141.59', revision: 'e82be7d358', time: '2018-11-14T08:25:53'
System info: host: 'SYS8', ip: '172.31.253.251', os.name: 'Windows 10', os.arch: 'x86', os.version: '10.0', java.version: '1.8.0_181'
Driver info: com.kms.katalon.selenium.driver.CChromeDriver
Capabilities {acceptInsecureCerts: false, browserName: chrome, browserVersion: 85.0.4183.83, chrome: {chromedriverVersion: 85.0.4183.87 (cd6713ebf92fa..., userDataDir: C:\Users\admin\AppData\Loca...}, goog:chromeOptions: {debuggerAddress: localhost:58082}, javascriptEnabled: true, networkConnectionEnabled: false, pageLoadStrategy: normal, platform: WINDOWS, platformName: WINDOWS, proxy: Proxy(), setWindowRect: true, strictFileInteractability: false, timeouts: {implicit: 0, pageLoad: 300000, script: 30000}, unhandledPromptBehavior: dismiss and notify, webauthn:virtualAuthenticators: true}
Session ID: 7e15625df2ddcc1d53ec8f032c9d618f

2020-09-09 13:06:01 - [MESSAGE][PASSED] - Object: 'Object Repository/CERTPAY_ADMIN/CLOSE_BUTTON' is clicked on

2020-09-09 13:06:01 - [MESSAGE][PASSED] - Quicksti_Samday_Refunds_Admin.ts:Clicked on the Close Button

2020-09-09 13:06:01 - [TEST_STEP][PASSED] - delay(3): Delayed 3 second(s)

2020-09-09 13:06:04 - [MESSAGE][PASSED] - Delayed 3 second(s)

2020-09-09 13:06:04 - [TEST_STEP][PASSED] - scrollToPosition(800, 900): Browser is scrolled to position x = 800, y = 900

2020-09-09 13:06:04 - [MESSAGE][PASSED] - Browser is scrolled to position x = 800, y = 900

2020-09-09 13:06:04 - [TEST_STEP][PASSED] - Start listener action : afterTestCase: Browser is closed

2020-09-09 13:06:04 - [TEST_STEP][PASSED] - closeBrowser(): Browser is closed

2020-09-09 13:06:05 - [MESSAGE][PASSED] - Browser is closed]]></system-out>
         <system-err><![CDATA[]]></system-err>
      </testcase>
      <testcase name="Test Cases/SameDay_Refunds_Admin/TC_002_VISA_Sameday_PartialRefund" time="669.448" classname="Test Cases/SameDay_Refunds_Admin/TC_002_VISA_Sameday_PartialRefund" status="PASSED">
         <system-out><![CDATA[2020-09-09 13:06:05 - [TEST_CASE][PASSED] - Test Cases/SameDay_Refunds_Admin/TC_002_VISA_Sameday_PartialRefund: Test Cases/SameDay_Refunds_Admin/TC_002_VISA_Sameday_PartialRefund

2020-09-09 13:06:05 - [TEST_STEP][PASSED] - Start listener action : beforeTestCase: null

2020-09-09 13:06:06 - [TEST_STEP][PASSED] - data = findTestData("Data Files/Certpay/SingleBureau_SingleLine"): null

2020-09-09 13:06:06 - [TEST_STEP][PASSED] - paymentIdList = []: null

2020-09-09 13:06:06 - [TEST_STEP][PASSED] - for (def index : (1..data.getRowNumbers())): Browser is scrolled to position x = 800, y = 900

2020-09-09 13:06:06 - [TEST_STEP][PASSED] - firstName = data.getValue("FirstName", index): null

2020-09-09 13:06:06 - [TEST_STEP][PASSED] - lastName = data.getValue("LastName", index): null

2020-09-09 13:06:06 - [TEST_STEP][PASSED] - expMonth = data.getValue("ExpMonth", index): null

2020-09-09 13:06:06 - [TEST_STEP][PASSED] - expYear = data.getValue("ExpYear", index): null

2020-09-09 13:06:06 - [TEST_STEP][PASSED] - securityCode = data.getValue("SecurityCode", index): null

2020-09-09 13:06:06 - [TEST_STEP][PASSED] - paymentAmount = data.getValue("PaymentAmount", index): null

2020-09-09 13:06:06 - [TEST_STEP][PASSED] - paymentType = data.getValue("PaymentType", index): null

2020-09-09 13:06:06 - [TEST_STEP][PASSED] - quantity = data.getValue("Quantity", index): null

2020-09-09 13:06:06 - [TEST_STEP][PASSED] - comments = data.getValue("Comments", index): null

2020-09-09 13:06:06 - [TEST_STEP][PASSED] - referenceNum = data.getValue("ReferenceNum", index): null

2020-09-09 13:06:06 - [TEST_STEP][PASSED] - address = data.getValue("Address", index): null

2020-09-09 13:06:06 - [TEST_STEP][PASSED] - zipCode = data.getValue("Zipcode", index): null

2020-09-09 13:06:06 - [TEST_STEP][PASSED] - telephone = data.getValue("Telephone", index): null

2020-09-09 13:06:06 - [TEST_STEP][PASSED] - emailAddress = data.getValue("EmailAddress", index): null

2020-09-09 13:06:06 - [TEST_STEP][PASSED] - cardNum = data.getValue("CardNumber", index): null

2020-09-09 13:06:06 - [TEST_STEP][PASSED] - cardType = data.getValue("CardType", index): null

2020-09-09 13:06:06 - [TEST_STEP][PASSED] - RefundAmount = data.getValue("RefundAmount", index): null

2020-09-09 13:06:06 - [TEST_STEP][PASSED] - utilities.SafeActions.openBrowser(Quicksti_Url, [pageLoadTime]): Browser launched successfully

2020-09-09 13:06:06 - [MESSAGE][INFO] - Opening Browser

2020-09-09 13:06:06 - [MESSAGE][INFO] - Starting 'Chrome' driver

2020-09-09 13:06:15 - [MESSAGE][PASSED] - Browser is opened with url: 'https://qa-certpayquicksti.faps.net/'

2020-09-09 13:06:17 - [MESSAGE][PASSED] - Current window maximized

2020-09-09 13:06:17 - [MESSAGE][PASSED] - Browser launched successfully

2020-09-09 13:06:17 - [TEST_STEP][PASSED] - utilities.SafeActions.safeType(findTestObject("CERTPAY_QUICKSTI/Login_ Page/BUREAU_CODE"), bureau_code, "Bureau code", [pageLoadTime]): Quicksti_Samday_Refunds_Admin.ts:Entered'6100000 into Bureau code

2020-09-09 13:06:18 - [MESSAGE][PASSED] - Object 'Object Repository/CERTPAY_QUICKSTI/Login_ Page/BUREAU_CODE' is present

2020-09-09 13:06:18 - [MESSAGE][PASSED] - Object 'Object Repository/CERTPAY_QUICKSTI/Login_ Page/BUREAU_CODE' is visible

2020-09-09 13:06:18 - [MESSAGE][PASSED] - Object 'Object Repository/CERTPAY_QUICKSTI/Login_ Page/BUREAU_CODE' is present

2020-09-09 13:06:20 - [MESSAGE][PASSED] - Text '6100000' is set on object 'Object Repository/CERTPAY_QUICKSTI/Login_ Page/BUREAU_CODE'

2020-09-09 13:06:20 - [MESSAGE][PASSED] - Quicksti_Samday_Refunds_Admin.ts:Entered'6100000 into Bureau code

2020-09-09 13:06:20 - [TEST_STEP][PASSED] - utilities.SafeActions.safeType(findTestObject("CERTPAY_QUICKSTI/Login_ Page/TELLER_ID"), teller_id, "Bureau code", [pageLoadTime]): Quicksti_Samday_Refunds_Admin.ts:Entered'zenq into Bureau code

2020-09-09 13:06:20 - [MESSAGE][PASSED] - Object 'Object Repository/CERTPAY_QUICKSTI/Login_ Page/TELLER_ID' is present

2020-09-09 13:06:20 - [MESSAGE][PASSED] - Object 'Object Repository/CERTPAY_QUICKSTI/Login_ Page/TELLER_ID' is visible

2020-09-09 13:06:21 - [MESSAGE][PASSED] - Object 'Object Repository/CERTPAY_QUICKSTI/Login_ Page/TELLER_ID' is present

2020-09-09 13:06:22 - [MESSAGE][PASSED] - Text 'zenq' is set on object 'Object Repository/CERTPAY_QUICKSTI/Login_ Page/TELLER_ID'

2020-09-09 13:06:22 - [MESSAGE][PASSED] - Quicksti_Samday_Refunds_Admin.ts:Entered'zenq into Bureau code

2020-09-09 13:06:22 - [TEST_STEP][PASSED] - utilities.SafeActions.safeClick(findTestObject("CERTPAY_QUICKSTI/Login_ Page/NEXT_BUTTON"), "Next button", [pageLoadTime]): Quicksti_Samday_Refunds_Admin.ts:Clicked on the Next button

2020-09-09 13:06:22 - [MESSAGE][INFO] - safeClicking

2020-09-09 13:06:22 - [MESSAGE][PASSED] - Object 'Object Repository/CERTPAY_QUICKSTI/Login_ Page/NEXT_BUTTON' is present

2020-09-09 13:06:22 - [MESSAGE][PASSED] - Object 'Object Repository/CERTPAY_QUICKSTI/Login_ Page/NEXT_BUTTON' is clickable

2020-09-09 13:06:27 - [MESSAGE][PASSED] - Object: 'Object Repository/CERTPAY_QUICKSTI/Login_ Page/NEXT_BUTTON' is clicked on

2020-09-09 13:06:27 - [MESSAGE][PASSED] - Quicksti_Samday_Refunds_Admin.ts:Clicked on the Next button

2020-09-09 13:06:27 - [TEST_STEP][PASSED] - utilities.SafeActions.safeClick(findTestObject("CERTPAY_QUICKSTI/Payment_Information_Page/MANUAL_ENTRY_BUTTON"), "ManualEntry", [pageLoadTime]): Quicksti_Samday_Refunds_Admin.ts:Clicked on the ManualEntry

2020-09-09 13:06:27 - [MESSAGE][INFO] - safeClicking

2020-09-09 13:06:27 - [MESSAGE][PASSED] - Object 'Object Repository/CERTPAY_QUICKSTI/Payment_Information_Page/MANUAL_ENTRY_BUTTON' is present

2020-09-09 13:06:27 - [MESSAGE][PASSED] - Object 'Object Repository/CERTPAY_QUICKSTI/Payment_Information_Page/MANUAL_ENTRY_BUTTON' is clickable

2020-09-09 13:06:30 - [MESSAGE][PASSED] - Object: 'Object Repository/CERTPAY_QUICKSTI/Payment_Information_Page/MANUAL_ENTRY_BUTTON' is clicked on

2020-09-09 13:06:30 - [MESSAGE][PASSED] - Quicksti_Samday_Refunds_Admin.ts:Clicked on the ManualEntry

2020-09-09 13:06:30 - [TEST_STEP][PASSED] - CardNumber = pages.Quicksti.setUserPaymentDetails(firstName, lastName, cardNum): Quicksti_Samday_Refunds_Admin.ts:Entered'4761739001010135 into CardNum

2020-09-09 13:06:30 - [MESSAGE][PASSED] - Object 'Object Repository/CERTPAY_QUICKSTI/Payment_Information_Page/FIRST_NAME' is present

2020-09-09 13:06:31 - [MESSAGE][PASSED] - Object 'Object Repository/CERTPAY_QUICKSTI/Payment_Information_Page/FIRST_NAME' is visible

2020-09-09 13:06:31 - [MESSAGE][PASSED] - Object 'Object Repository/CERTPAY_QUICKSTI/Payment_Information_Page/FIRST_NAME' is present

2020-09-09 13:06:32 - [MESSAGE][PASSED] - Text 'Tester' is set on object 'Object Repository/CERTPAY_QUICKSTI/Payment_Information_Page/FIRST_NAME'

2020-09-09 13:06:32 - [MESSAGE][PASSED] - Quicksti_Samday_Refunds_Admin.ts:Entered'Tester into FirstName

2020-09-09 13:06:33 - [MESSAGE][PASSED] - Object 'Object Repository/CERTPAY_QUICKSTI/Payment_Information_Page/LAST_NAME' is present

2020-09-09 13:06:33 - [MESSAGE][PASSED] - Object 'Object Repository/CERTPAY_QUICKSTI/Payment_Information_Page/LAST_NAME' is visible

2020-09-09 13:06:33 - [MESSAGE][PASSED] - Object 'Object Repository/CERTPAY_QUICKSTI/Payment_Information_Page/LAST_NAME' is present

2020-09-09 13:06:35 - [MESSAGE][PASSED] - Text 'Zenq1' is set on object 'Object Repository/CERTPAY_QUICKSTI/Payment_Information_Page/LAST_NAME'

2020-09-09 13:06:35 - [MESSAGE][PASSED] - Quicksti_Samday_Refunds_Admin.ts:Entered'Zenq1 into LAstName

2020-09-09 13:06:35 - [MESSAGE][PASSED] - Object 'Object Repository/CERTPAY_QUICKSTI/Payment_Information_Page/CARD_NUMBER' is present

2020-09-09 13:06:35 - [MESSAGE][PASSED] - Object 'Object Repository/CERTPAY_QUICKSTI/Payment_Information_Page/CARD_NUMBER' is visible

2020-09-09 13:06:36 - [MESSAGE][PASSED] - Object 'Object Repository/CERTPAY_QUICKSTI/Payment_Information_Page/CARD_NUMBER' is present

2020-09-09 13:06:37 - [MESSAGE][PASSED] - Text '4761739001010135' is set on object 'Object Repository/CERTPAY_QUICKSTI/Payment_Information_Page/CARD_NUMBER'

2020-09-09 13:06:37 - [MESSAGE][PASSED] - Quicksti_Samday_Refunds_Admin.ts:Entered'4761739001010135 into CardNum

2020-09-09 13:06:37 - [TEST_STEP][PASSED] - utilities.SafeActions.safeSelectOptionInDropdownByVisibleText(findTestObject("CERTPAY_QUICKSTI/Payment_Information_Page/PAYMENT_TYPE"), paymentType, "paymentType", [pageLoadTime]): selected dropdown option by visible text  Taxesfrom paymentType

2020-09-09 13:06:37 - [MESSAGE][PASSED] - Object 'Object Repository/CERTPAY_QUICKSTI/Payment_Information_Page/PAYMENT_TYPE' is visible

2020-09-09 13:06:38 - [MESSAGE][PASSED] - Object 'Object Repository/CERTPAY_QUICKSTI/Payment_Information_Page/PAYMENT_TYPE' is present

2020-09-09 13:06:39 - [MESSAGE][PASSED] - Object: 'Object Repository/CERTPAY_QUICKSTI/Payment_Information_Page/PAYMENT_TYPE' is clicked on

2020-09-09 13:06:40 - [MESSAGE][PASSED] - All options with label 'Taxes' are selected in object 'Object Repository/CERTPAY_QUICKSTI/Payment_Information_Page/PAYMENT_TYPE'  using regular expression

2020-09-09 13:06:40 - [MESSAGE][PASSED] - selected dropdown option by visible text  Taxesfrom paymentType

2020-09-09 13:06:40 - [TEST_STEP][PASSED] - pages.Quicksti.setExpDate(expMonth, expYear, securityCode): Quicksti_Samday_Refunds_Admin.ts:Entered'207 into securityCode

2020-09-09 13:06:40 - [MESSAGE][PASSED] - Object 'Object Repository/CERTPAY_QUICKSTI/Payment_Information_Page/EXP_MONTH' is visible

2020-09-09 13:06:41 - [MESSAGE][PASSED] - Object 'Object Repository/CERTPAY_QUICKSTI/Payment_Information_Page/EXP_MONTH' is present

2020-09-09 13:06:42 - [MESSAGE][PASSED] - Object: 'Object Repository/CERTPAY_QUICKSTI/Payment_Information_Page/EXP_MONTH' is clicked on

2020-09-09 13:06:43 - [MESSAGE][PASSED] - All options with label '03' are selected in object 'Object Repository/CERTPAY_QUICKSTI/Payment_Information_Page/EXP_MONTH'  using regular expression

2020-09-09 13:06:43 - [MESSAGE][PASSED] - selected dropdown option by visible text  03from expMonth

2020-09-09 13:06:44 - [MESSAGE][PASSED] - Object 'Object Repository/CERTPAY_QUICKSTI/Payment_Information_Page/EXP_YEAR' is visible

2020-09-09 13:06:44 - [MESSAGE][PASSED] - Object 'Object Repository/CERTPAY_QUICKSTI/Payment_Information_Page/EXP_YEAR' is present

2020-09-09 13:06:45 - [MESSAGE][PASSED] - Object: 'Object Repository/CERTPAY_QUICKSTI/Payment_Information_Page/EXP_YEAR' is clicked on

2020-09-09 13:06:47 - [MESSAGE][PASSED] - All options with label '2022' are selected in object 'Object Repository/CERTPAY_QUICKSTI/Payment_Information_Page/EXP_YEAR'  using regular expression

2020-09-09 13:06:47 - [MESSAGE][PASSED] - selected dropdown option by visible text  2022from  expYear

2020-09-09 13:06:47 - [MESSAGE][PASSED] - Object 'Object Repository/CERTPAY_QUICKSTI/Payment_Information_Page/SECURITY_CODE' is present

2020-09-09 13:06:47 - [MESSAGE][PASSED] - Object 'Object Repository/CERTPAY_QUICKSTI/Payment_Information_Page/SECURITY_CODE' is visible

2020-09-09 13:06:47 - [MESSAGE][PASSED] - Object 'Object Repository/CERTPAY_QUICKSTI/Payment_Information_Page/SECURITY_CODE' is present

2020-09-09 13:06:49 - [MESSAGE][PASSED] - Text '207' is set on object 'Object Repository/CERTPAY_QUICKSTI/Payment_Information_Page/SECURITY_CODE'

2020-09-09 13:06:49 - [MESSAGE][PASSED] - Quicksti_Samday_Refunds_Admin.ts:Entered'207 into securityCode

2020-09-09 13:06:49 - [TEST_STEP][PASSED] - pages.Quicksti.setPaymentAmountDetailsForSinglePayment(paymentAmount, quantity): Quicksti_Samday_Refunds_Admin.ts:Entered'1 into Quantity

2020-09-09 13:06:49 - [MESSAGE][PASSED] - Object 'Object Repository/CERTPAY_QUICKSTI/Payment_Information_Page/PAYMENT_AMOUNT' is present

2020-09-09 13:06:49 - [MESSAGE][PASSED] - Object 'Object Repository/CERTPAY_QUICKSTI/Payment_Information_Page/PAYMENT_AMOUNT' is visible

2020-09-09 13:06:50 - [MESSAGE][PASSED] - Object 'Object Repository/CERTPAY_QUICKSTI/Payment_Information_Page/PAYMENT_AMOUNT' is present

2020-09-09 13:06:51 - [MESSAGE][PASSED] - Text '20.00' is set on object 'Object Repository/CERTPAY_QUICKSTI/Payment_Information_Page/PAYMENT_AMOUNT'

2020-09-09 13:06:51 - [MESSAGE][PASSED] - Quicksti_Samday_Refunds_Admin.ts:Entered'20.00 into amount

2020-09-09 13:06:52 - [MESSAGE][PASSED] - Object 'Object Repository/CERTPAY_QUICKSTI/Payment_Information_Page/QUANTITY' is present

2020-09-09 13:06:52 - [MESSAGE][PASSED] - Object 'Object Repository/CERTPAY_QUICKSTI/Payment_Information_Page/QUANTITY' is visible

2020-09-09 13:06:52 - [MESSAGE][PASSED] - Object 'Object Repository/CERTPAY_QUICKSTI/Payment_Information_Page/QUANTITY' is present

2020-09-09 13:06:53 - [MESSAGE][PASSED] - Text '1' is set on object 'Object Repository/CERTPAY_QUICKSTI/Payment_Information_Page/QUANTITY'

2020-09-09 13:06:53 - [MESSAGE][PASSED] - Quicksti_Samday_Refunds_Admin.ts:Entered'1 into Quantity

2020-09-09 13:06:53 - [TEST_STEP][PASSED] - utilities.SafeActions.safeType(findTestObject("CERTPAY_QUICKSTI/Payment_Information_Page/REFRENCE_NUMBER"), referenceNum, "Reference Number", [pageLoadTime]): Quicksti_Samday_Refunds_Admin.ts:Entered'11 into Reference Number

2020-09-09 13:06:54 - [MESSAGE][PASSED] - Object 'Object Repository/CERTPAY_QUICKSTI/Payment_Information_Page/REFRENCE_NUMBER' is present

2020-09-09 13:06:54 - [MESSAGE][PASSED] - Object 'Object Repository/CERTPAY_QUICKSTI/Payment_Information_Page/REFRENCE_NUMBER' is visible

2020-09-09 13:06:54 - [MESSAGE][PASSED] - Object 'Object Repository/CERTPAY_QUICKSTI/Payment_Information_Page/REFRENCE_NUMBER' is present

2020-09-09 13:06:56 - [MESSAGE][PASSED] - Text '11' is set on object 'Object Repository/CERTPAY_QUICKSTI/Payment_Information_Page/REFRENCE_NUMBER'

2020-09-09 13:06:56 - [MESSAGE][PASSED] - Quicksti_Samday_Refunds_Admin.ts:Entered'11 into Reference Number

2020-09-09 13:06:56 - [TEST_STEP][PASSED] - amount_Value = pages.Quicksti.getAttributeValue(findTestObject("CERTPAY_QUICKSTI/Payment_Information_Page/SUB_TOTAL")): pages.Quicksti.getAttributeValue is PASSED

2020-09-09 13:06:56 - [MESSAGE][PASSED] - Attribute 'value' of object 'Object Repository/CERTPAY_QUICKSTI/Payment_Information_Page/SUB_TOTAL' is: '20.00'

2020-09-09 13:06:56 - [MESSAGE][PASSED] - pages.Quicksti.getAttributeValue is PASSED

2020-09-09 13:06:56 - [TEST_STEP][PASSED] - utilities.SafeActions.safeType(findTestObject("CERTPAY_QUICKSTI/Payment_Information_Page/COMMENTS"), "Testing", "Comments", [pageLoadTime]): Quicksti_Samday_Refunds_Admin.ts:Entered'Testing into Comments

2020-09-09 13:06:57 - [MESSAGE][PASSED] - Object 'Object Repository/CERTPAY_QUICKSTI/Payment_Information_Page/COMMENTS' is present

2020-09-09 13:06:57 - [MESSAGE][PASSED] - Object 'Object Repository/CERTPAY_QUICKSTI/Payment_Information_Page/COMMENTS' is visible

2020-09-09 13:06:57 - [MESSAGE][PASSED] - Object 'Object Repository/CERTPAY_QUICKSTI/Payment_Information_Page/COMMENTS' is present

2020-09-09 13:06:58 - [MESSAGE][PASSED] - Text 'Testing' is set on object 'Object Repository/CERTPAY_QUICKSTI/Payment_Information_Page/COMMENTS'

2020-09-09 13:06:58 - [MESSAGE][PASSED] - Quicksti_Samday_Refunds_Admin.ts:Entered'Testing into Comments

2020-09-09 13:06:58 - [TEST_STEP][PASSED] - utilities.SafeActions.safeType(findTestObject("CERTPAY_QUICKSTI/Payment_Information_Page/ADDRESS"), address, "Address", [pageLoadTime]): Quicksti_Samday_Refunds_Admin.ts:Entered'14-2 into Address

2020-09-09 13:06:59 - [MESSAGE][PASSED] - Object 'Object Repository/CERTPAY_QUICKSTI/Payment_Information_Page/ADDRESS' is present

2020-09-09 13:06:59 - [MESSAGE][PASSED] - Object 'Object Repository/CERTPAY_QUICKSTI/Payment_Information_Page/ADDRESS' is visible

2020-09-09 13:06:59 - [MESSAGE][PASSED] - Object 'Object Repository/CERTPAY_QUICKSTI/Payment_Information_Page/ADDRESS' is present

2020-09-09 13:07:01 - [MESSAGE][PASSED] - Text '14-2' is set on object 'Object Repository/CERTPAY_QUICKSTI/Payment_Information_Page/ADDRESS'

2020-09-09 13:07:01 - [MESSAGE][PASSED] - Quicksti_Samday_Refunds_Admin.ts:Entered'14-2 into Address

2020-09-09 13:07:01 - [TEST_STEP][PASSED] - utilities.SafeActions.safeType(findTestObject("CERTPAY_QUICKSTI/Payment_Information_Page/ZIP_CODE"), zipCode, "zipcode", [pageLoadTime]): Quicksti_Samday_Refunds_Admin.ts:Entered'76102 into zipcode

2020-09-09 13:07:01 - [MESSAGE][PASSED] - Object 'Object Repository/CERTPAY_QUICKSTI/Payment_Information_Page/ZIP_CODE' is present

2020-09-09 13:07:01 - [MESSAGE][PASSED] - Object 'Object Repository/CERTPAY_QUICKSTI/Payment_Information_Page/ZIP_CODE' is visible

2020-09-09 13:07:02 - [MESSAGE][PASSED] - Object 'Object Repository/CERTPAY_QUICKSTI/Payment_Information_Page/ZIP_CODE' is present

2020-09-09 13:07:03 - [MESSAGE][PASSED] - Text '76102' is set on object 'Object Repository/CERTPAY_QUICKSTI/Payment_Information_Page/ZIP_CODE'

2020-09-09 13:07:03 - [MESSAGE][PASSED] - Quicksti_Samday_Refunds_Admin.ts:Entered'76102 into zipcode

2020-09-09 13:07:03 - [TEST_STEP][PASSED] - utilities.SafeActions.safeType(findTestObject("CERTPAY_QUICKSTI/Payment_Information_Page/TELEPHONE"), telephone, "Telephone", [pageLoadTime]): Quicksti_Samday_Refunds_Admin.ts:Entered'9988776655 into Telephone

2020-09-09 13:07:03 - [MESSAGE][PASSED] - Object 'Object Repository/CERTPAY_QUICKSTI/Payment_Information_Page/TELEPHONE' is present

2020-09-09 13:07:04 - [MESSAGE][PASSED] - Object 'Object Repository/CERTPAY_QUICKSTI/Payment_Information_Page/TELEPHONE' is visible

2020-09-09 13:07:04 - [MESSAGE][PASSED] - Object 'Object Repository/CERTPAY_QUICKSTI/Payment_Information_Page/TELEPHONE' is present

2020-09-09 13:07:05 - [MESSAGE][PASSED] - Text '9988776655' is set on object 'Object Repository/CERTPAY_QUICKSTI/Payment_Information_Page/TELEPHONE'

2020-09-09 13:07:05 - [MESSAGE][PASSED] - Quicksti_Samday_Refunds_Admin.ts:Entered'9988776655 into Telephone

2020-09-09 13:07:05 - [TEST_STEP][PASSED] - utilities.SafeActions.safeType(findTestObject("CERTPAY_QUICKSTI/Payment_Information_Page/EMAIL_ADDRESS"), emailAddress, "EMAIL address", [pageLoadTime]): Quicksti_Samday_Refunds_Admin.ts:Entered'testing@zenq.com into EMAIL address

2020-09-09 13:07:05 - [MESSAGE][PASSED] - Object 'Object Repository/CERTPAY_QUICKSTI/Payment_Information_Page/EMAIL_ADDRESS' is present

2020-09-09 13:07:06 - [MESSAGE][PASSED] - Object 'Object Repository/CERTPAY_QUICKSTI/Payment_Information_Page/EMAIL_ADDRESS' is visible

2020-09-09 13:07:06 - [MESSAGE][PASSED] - Object 'Object Repository/CERTPAY_QUICKSTI/Payment_Information_Page/EMAIL_ADDRESS' is present

2020-09-09 13:07:07 - [MESSAGE][PASSED] - Text 'testing@zenq.com' is set on object 'Object Repository/CERTPAY_QUICKSTI/Payment_Information_Page/EMAIL_ADDRESS'

2020-09-09 13:07:07 - [MESSAGE][PASSED] - Quicksti_Samday_Refunds_Admin.ts:Entered'testing@zenq.com into EMAIL address

2020-09-09 13:07:07 - [TEST_STEP][PASSED] - utilities.SafeActions.safeClick(findTestObject("CERTPAY_QUICKSTI/Payment_Information_Page/NEXT_BUTTON"), "Next", [pageLoadTime]): Quicksti_Samday_Refunds_Admin.ts:Clicked on the Next

2020-09-09 13:07:07 - [MESSAGE][INFO] - safeClicking

2020-09-09 13:07:08 - [MESSAGE][PASSED] - Object 'Object Repository/CERTPAY_QUICKSTI/Payment_Information_Page/NEXT_BUTTON' is present

2020-09-09 13:07:08 - [MESSAGE][PASSED] - Object 'Object Repository/CERTPAY_QUICKSTI/Payment_Information_Page/NEXT_BUTTON' is clickable

2020-09-09 13:07:12 - [MESSAGE][PASSED] - Object: 'Object Repository/CERTPAY_QUICKSTI/Payment_Information_Page/NEXT_BUTTON' is clicked on

2020-09-09 13:07:12 - [MESSAGE][PASSED] - Quicksti_Samday_Refunds_Admin.ts:Clicked on the Next

2020-09-09 13:07:12 - [TEST_STEP][PASSED] - pages.Quicksti.verifyUserPaymentDetails(paymentAmount, firstName, lastName, CardNumber): pages.Quicksti.verifyUserPaymentDetails is PASSED

2020-09-09 13:07:12 - [MESSAGE][PASSED] - Text of object 'Object Repository/CERTPAY_QUICKSTI/Payment_Details_Verification_Page/AMOUNT' is: '$20.00'

2020-09-09 13:07:12 - [MESSAGE][PASSED] - Actual text '20.00' and expected text '20.00' are matched  using regular expression

2020-09-09 13:07:12 - [MESSAGE][PASSED] - Text of object 'Object Repository/CERTPAY_QUICKSTI/Payment_Details_Verification_Page/NAME' is: 'Tester Zenq1'

2020-09-09 13:07:12 - [MESSAGE][PASSED] - Actual text 'Tester Zenq1' and expected text 'Tester Zenq1' are matched  using regular expression

2020-09-09 13:07:13 - [MESSAGE][PASSED] - Text of object 'Object Repository/CERTPAY_QUICKSTI/Payment_Details_Verification_Page/CARD_NUMBER' is: '...0135'

2020-09-09 13:07:13 - [MESSAGE][PASSED] - Actual text '0135' and expected text '0135' are matched  using regular expression

2020-09-09 13:07:13 - [MESSAGE][PASSED] - pages.Quicksti.verifyUserPaymentDetails is PASSED

2020-09-09 13:07:13 - [TEST_STEP][PASSED] - delay(2): Delayed 2 second(s)

2020-09-09 13:07:15 - [MESSAGE][PASSED] - Delayed 2 second(s)

2020-09-09 13:07:15 - [TEST_STEP][PASSED] - scrollToElement(findTestObject("CERTPAY_QUICKSTI/Payment_Details_Verification_Page/PROCESS"), 30): Scroll to object 'Object Repository/CERTPAY_QUICKSTI/Payment_Details_Verification_Page/PROCESS' successfully

2020-09-09 13:07:15 - [MESSAGE][PASSED] - Scroll to object 'Object Repository/CERTPAY_QUICKSTI/Payment_Details_Verification_Page/PROCESS' successfully

2020-09-09 13:07:15 - [TEST_STEP][PASSED] - utilities.SafeActions.safeClick(findTestObject("CERTPAY_QUICKSTI/Payment_Details_Verification_Page/PROCESS"), "Process", [pageLoadTime]): Quicksti_Samday_Refunds_Admin.ts:Clicked on the Process

2020-09-09 13:07:15 - [MESSAGE][INFO] - safeClicking

2020-09-09 13:07:16 - [MESSAGE][PASSED] - Object 'Object Repository/CERTPAY_QUICKSTI/Payment_Details_Verification_Page/PROCESS' is present

2020-09-09 13:07:16 - [MESSAGE][PASSED] - Object 'Object Repository/CERTPAY_QUICKSTI/Payment_Details_Verification_Page/PROCESS' is clickable

2020-09-09 13:07:20 - [MESSAGE][PASSED] - Object: 'Object Repository/CERTPAY_QUICKSTI/Payment_Details_Verification_Page/PROCESS' is clicked on

2020-09-09 13:07:20 - [MESSAGE][PASSED] - Quicksti_Samday_Refunds_Admin.ts:Clicked on the Process

2020-09-09 13:07:20 - [TEST_STEP][PASSED] - paymentId = pages.Quicksti.verifyPaymentApproval(findTestObject("CERTPAY_QUICKSTI/Payment_Details_Verification_Page/APPROVED")): Payment is approved

2020-09-09 13:07:21 - [MESSAGE][PASSED] - Text of object 'Object Repository/CERTPAY_QUICKSTI/Payment_Details_Verification_Page/PAYMENT_ID' is: '100176114047'

2020-09-09 13:07:21 - [MESSAGE][PASSED] - Object 'Object Repository/CERTPAY_QUICKSTI/Payment_Details_Verification_Page/APPROVED' is present

2020-09-09 13:07:21 - [MESSAGE][PASSED] - Payment is approved

2020-09-09 13:07:23 - [TEST_STEP][PASSED] - navigateToUrl(Admin_url): Navigate to 'https://qa-certpayadmin.faps.net' successfully

2020-09-09 13:07:34 - [MESSAGE][PASSED] - Navigate to 'https://qa-certpayadmin.faps.net' successfully

2020-09-09 13:07:34 - [TEST_STEP][PASSED] - pages.Bureau_Login_Page.loginToAdminSite(AdminUsername, AdminPassword): Quicksti_Samday_Refunds_Admin.ts:Clicked on the LOGIN

2020-09-09 13:07:34 - [MESSAGE][PASSED] - Object 'Object Repository/CERTPAY_ADMIN/USER_NAME' is present

2020-09-09 13:07:35 - [MESSAGE][PASSED] - Object 'Object Repository/CERTPAY_ADMIN/USER_NAME' is visible

2020-09-09 13:07:35 - [MESSAGE][PASSED] - Object 'Object Repository/CERTPAY_ADMIN/USER_NAME' is present

2020-09-09 13:07:36 - [MESSAGE][PASSED] - Text 'VVangiliappan' is set on object 'Object Repository/CERTPAY_ADMIN/USER_NAME'

2020-09-09 13:07:36 - [MESSAGE][PASSED] - Quicksti_Samday_Refunds_Admin.ts:Entered'VVangiliappan into username

2020-09-09 13:07:37 - [MESSAGE][PASSED] - Object 'Object Repository/CERTPAY_ADMIN/PASSWORD' is present

2020-09-09 13:07:37 - [MESSAGE][PASSED] - Object 'Object Repository/CERTPAY_ADMIN/PASSWORD' is visible

2020-09-09 13:07:37 - [MESSAGE][PASSED] - Object 'Object Repository/CERTPAY_ADMIN/PASSWORD' is present

2020-09-09 13:07:38 - [MESSAGE][PASSED] - Text 'Knila@12345' is set on object 'Object Repository/CERTPAY_ADMIN/PASSWORD'

2020-09-09 13:07:38 - [MESSAGE][PASSED] - Quicksti_Samday_Refunds_Admin.ts:Entered'Knila@12345 into password

2020-09-09 13:07:39 - [MESSAGE][INFO] - safeClicking

2020-09-09 13:07:39 - [MESSAGE][PASSED] - Object 'Object Repository/CERTPAY_ADMIN/LOGIN_BUTTON' is present

2020-09-09 13:07:39 - [MESSAGE][PASSED] - Object 'Object Repository/CERTPAY_ADMIN/LOGIN_BUTTON' is clickable

2020-09-09 13:07:47 - [MESSAGE][PASSED] - Object: 'Object Repository/CERTPAY_ADMIN/LOGIN_BUTTON' is clicked on

2020-09-09 13:07:47 - [MESSAGE][PASSED] - Quicksti_Samday_Refunds_Admin.ts:Clicked on the LOGIN

2020-09-09 13:07:47 - [TEST_STEP][PASSED] - utilities.SafeActions.safeClick(findTestObject("CERTPAY_ADMIN/TRANSACTION_SEARCH"), "TransactionSearch", [pageLoadTime]): Quicksti_Samday_Refunds_Admin.ts:Clicked on the TransactionSearch

2020-09-09 13:07:47 - [MESSAGE][INFO] - safeClicking

2020-09-09 13:07:47 - [MESSAGE][PASSED] - Object 'Object Repository/CERTPAY_ADMIN/TRANSACTION_SEARCH' is present

2020-09-09 13:07:47 - [MESSAGE][PASSED] - Object 'Object Repository/CERTPAY_ADMIN/TRANSACTION_SEARCH' is clickable

2020-09-09 13:07:50 - [MESSAGE][PASSED] - Object: 'Object Repository/CERTPAY_ADMIN/TRANSACTION_SEARCH' is clicked on

2020-09-09 13:07:50 - [MESSAGE][PASSED] - Quicksti_Samday_Refunds_Admin.ts:Clicked on the TransactionSearch

2020-09-09 13:07:50 - [TEST_STEP][PASSED] - utilities.SafeActions.safeType(findTestObject("CERTPAY_ADMIN/PAYMENT_ID"), paymentId, "Payment id", [pageLoadTime]): Quicksti_Samday_Refunds_Admin.ts:Entered'100176114047 into Payment id

2020-09-09 13:07:50 - [MESSAGE][PASSED] - Object 'Object Repository/CERTPAY_ADMIN/PAYMENT_ID' is present

2020-09-09 13:07:51 - [MESSAGE][PASSED] - Object 'Object Repository/CERTPAY_ADMIN/PAYMENT_ID' is visible

2020-09-09 13:07:51 - [MESSAGE][PASSED] - Object 'Object Repository/CERTPAY_ADMIN/PAYMENT_ID' is present

2020-09-09 13:07:52 - [MESSAGE][PASSED] - Text '100176114047' is set on object 'Object Repository/CERTPAY_ADMIN/PAYMENT_ID'

2020-09-09 13:07:52 - [MESSAGE][PASSED] - Quicksti_Samday_Refunds_Admin.ts:Entered'100176114047 into Payment id

2020-09-09 13:07:52 - [TEST_STEP][PASSED] - utilities.SafeActions.safeClick(findTestObject("CERTPAY_ADMIN/GO_BUTTON"), "Go button", [pageLoadTime]): Quicksti_Samday_Refunds_Admin.ts:Clicked on the Go button

2020-09-09 13:07:52 - [MESSAGE][INFO] - safeClicking

2020-09-09 13:07:53 - [MESSAGE][PASSED] - Object 'Object Repository/CERTPAY_ADMIN/GO_BUTTON' is present

2020-09-09 13:07:53 - [MESSAGE][PASSED] - Object 'Object Repository/CERTPAY_ADMIN/GO_BUTTON' is clickable

2020-09-09 13:07:57 - [MESSAGE][PASSED] - Object: 'Object Repository/CERTPAY_ADMIN/GO_BUTTON' is clicked on

2020-09-09 13:07:57 - [MESSAGE][PASSED] - Quicksti_Samday_Refunds_Admin.ts:Clicked on the Go button

2020-09-09 13:07:57 - [TEST_STEP][PASSED] - delay(5): Delayed 5 second(s)

2020-09-09 13:08:02 - [MESSAGE][PASSED] - Delayed 5 second(s)

2020-09-09 13:08:02 - [TEST_STEP][PASSED] - paymentIdList.add(paymentId): null

2020-09-09 13:08:02 - [TEST_STEP][PASSED] - println(paymentIdList): null

2020-09-09 13:08:02 - [TEST_STEP][PASSED] - utilities.SafeActions.safeClick(findTestObject("CERTPAY_ADMIN/ACTIONS_BUTTON"), "Actions button", [pageLoadTime]): Quicksti_Samday_Refunds_Admin.ts:Clicked on the Actions button

2020-09-09 13:08:02 - [MESSAGE][INFO] - safeClicking

2020-09-09 13:08:02 - [MESSAGE][PASSED] - Object 'Object Repository/CERTPAY_ADMIN/ACTIONS_BUTTON' is present

2020-09-09 13:08:02 - [MESSAGE][PASSED] - Object 'Object Repository/CERTPAY_ADMIN/ACTIONS_BUTTON' is clickable

2020-09-09 13:08:04 - [MESSAGE][PASSED] - Object: 'Object Repository/CERTPAY_ADMIN/ACTIONS_BUTTON' is clicked on

2020-09-09 13:08:04 - [MESSAGE][PASSED] - Quicksti_Samday_Refunds_Admin.ts:Clicked on the Actions button

2020-09-09 13:08:04 - [TEST_STEP][PASSED] - utilities.SafeActions.safeClick(findTestObject("CERTPAY_ADMIN/REFUND_MENU"), "Refund Menu", [pageLoadTime]): Quicksti_Samday_Refunds_Admin.ts:Clicked on the Refund Menu

2020-09-09 13:08:04 - [MESSAGE][INFO] - safeClicking

2020-09-09 13:08:04 - [MESSAGE][PASSED] - Object 'Object Repository/CERTPAY_ADMIN/REFUND_MENU' is present

2020-09-09 13:08:04 - [MESSAGE][PASSED] - Object 'Object Repository/CERTPAY_ADMIN/REFUND_MENU' is clickable

2020-09-09 13:08:06 - [MESSAGE][PASSED] - Object: 'Object Repository/CERTPAY_ADMIN/REFUND_MENU' is clicked on

2020-09-09 13:08:06 - [MESSAGE][PASSED] - Quicksti_Samday_Refunds_Admin.ts:Clicked on the Refund Menu

2020-09-09 13:08:06 - [TEST_STEP][PASSED] - delay(2): Delayed 2 second(s)

2020-09-09 13:08:08 - [MESSAGE][PASSED] - Delayed 2 second(s)

2020-09-09 13:08:08 - [TEST_STEP][PASSED] - utilities.SafeActions.safeClick(findTestObject("CERTPAY_ADMIN/CREDIT_RETURN"), "Credit Return", [pageLoadTime]): Quicksti_Samday_Refunds_Admin.ts:Clicked on the Credit Return

2020-09-09 13:08:08 - [MESSAGE][INFO] - safeClicking

2020-09-09 13:08:08 - [MESSAGE][PASSED] - Object 'Object Repository/CERTPAY_ADMIN/CREDIT_RETURN' is present

2020-09-09 13:08:08 - [MESSAGE][PASSED] - Object 'Object Repository/CERTPAY_ADMIN/CREDIT_RETURN' is clickable

2020-09-09 13:08:09 - [MESSAGE][PASSED] - Object: 'Object Repository/CERTPAY_ADMIN/CREDIT_RETURN' is clicked on

2020-09-09 13:08:09 - [MESSAGE][PASSED] - Quicksti_Samday_Refunds_Admin.ts:Clicked on the Credit Return

2020-09-09 13:08:09 - [TEST_STEP][PASSED] - utilities.SafeActions.safeType(findTestObject("Object Repository/CERTPAY_ADMIN/REFUND_AMOUNT"), RefundAmount, "Payment id", [pageLoadTime]): Quicksti_Samday_Refunds_Admin.ts:Entered'12.00 into Payment id

2020-09-09 13:08:10 - [MESSAGE][PASSED] - Object 'Object Repository/CERTPAY_ADMIN/REFUND_AMOUNT' is present

2020-09-09 13:08:10 - [MESSAGE][PASSED] - Object 'Object Repository/CERTPAY_ADMIN/REFUND_AMOUNT' is visible

2020-09-09 13:08:10 - [MESSAGE][PASSED] - Object 'Object Repository/CERTPAY_ADMIN/REFUND_AMOUNT' is present

2020-09-09 13:08:12 - [MESSAGE][PASSED] - Text '12.00' is set on object 'Object Repository/CERTPAY_ADMIN/REFUND_AMOUNT'

2020-09-09 13:08:12 - [MESSAGE][PASSED] - Quicksti_Samday_Refunds_Admin.ts:Entered'12.00 into Payment id

2020-09-09 13:08:12 - [TEST_STEP][PASSED] - utilities.SafeActions.safeClick(findTestObject("Object Repository/CERTPAY_ADMIN/PROCESS_REVERSAL"), "Process Reversal", [pageLoadTime]): Quicksti_Samday_Refunds_Admin.ts:Clicked on the Process Reversal

2020-09-09 13:08:12 - [MESSAGE][INFO] - safeClicking

2020-09-09 13:08:12 - [MESSAGE][PASSED] - Object 'Object Repository/CERTPAY_ADMIN/PROCESS_REVERSAL' is present

2020-09-09 13:08:12 - [MESSAGE][PASSED] - Object 'Object Repository/CERTPAY_ADMIN/PROCESS_REVERSAL' is clickable

2020-09-09 13:08:14 - [MESSAGE][PASSED] - Object: 'Object Repository/CERTPAY_ADMIN/PROCESS_REVERSAL' is clicked on

2020-09-09 13:08:14 - [MESSAGE][PASSED] - Quicksti_Samday_Refunds_Admin.ts:Clicked on the Process Reversal

2020-09-09 13:08:14 - [TEST_STEP][PASSED] - delay(3): Delayed 3 second(s)

2020-09-09 13:08:17 - [MESSAGE][PASSED] - Delayed 3 second(s)

2020-09-09 13:08:17 - [TEST_STEP][PASSED] - utilities.SafeActions.safeClick(findTestObject("Object Repository/CERTPAY_ADMIN/CLOSE_BUTTON"), "Close Button", [pageLoadTime]): Quicksti_Samday_Refunds_Admin.ts:Clicked on the Close Button

2020-09-09 13:08:17 - [MESSAGE][INFO] - safeClicking

2020-09-09 13:08:18 - [MESSAGE][PASSED] - Object 'Object Repository/CERTPAY_ADMIN/CLOSE_BUTTON' is present

2020-09-09 13:08:18 - [MESSAGE][PASSED] - Object 'Object Repository/CERTPAY_ADMIN/CLOSE_BUTTON' is clickable

2020-09-09 13:08:20 - [MESSAGE][ERROR] - javascript error: Failed to execute 'elementsFromPoint' on 'Document': The provided double value is non-finite.
  (Session info: chrome=85.0.4183.83)
Build info: version: '3.141.59', revision: 'e82be7d358', time: '2018-11-14T08:25:53'
System info: host: 'SYS8', ip: '172.31.253.251', os.name: 'Windows 10', os.arch: 'x86', os.version: '10.0', java.version: '1.8.0_181'
Driver info: com.kms.katalon.selenium.driver.CChromeDriver
Capabilities {acceptInsecureCerts: false, browserName: chrome, browserVersion: 85.0.4183.83, chrome: {chromedriverVersion: 85.0.4183.87 (cd6713ebf92fa..., userDataDir: C:\Users\admin\AppData\Loca...}, goog:chromeOptions: {debuggerAddress: localhost:58248}, javascriptEnabled: true, networkConnectionEnabled: false, pageLoadStrategy: normal, platform: WINDOWS, platformName: WINDOWS, proxy: Proxy(), setWindowRect: true, strictFileInteractability: false, timeouts: {implicit: 0, pageLoad: 300000, script: 30000}, unhandledPromptBehavior: dismiss and notify, webauthn:virtualAuthenticators: true}
Session ID: b2b91722969a63cf2c8fb724f938aa70

2020-09-09 13:08:50 - [MESSAGE][ERROR] - javascript error: Failed to execute 'elementsFromPoint' on 'Document': The provided double value is non-finite.
  (Session info: chrome=85.0.4183.83)
Build info: version: '3.141.59', revision: 'e82be7d358', time: '2018-11-14T08:25:53'
System info: host: 'SYS8', ip: '172.31.253.251', os.name: 'Windows 10', os.arch: 'x86', os.version: '10.0', java.version: '1.8.0_181'
Driver info: com.kms.katalon.selenium.driver.CChromeDriver
Capabilities {acceptInsecureCerts: false, browserName: chrome, browserVersion: 85.0.4183.83, chrome: {chromedriverVersion: 85.0.4183.87 (cd6713ebf92fa..., userDataDir: C:\Users\admin\AppData\Loca...}, goog:chromeOptions: {debuggerAddress: localhost:58248}, javascriptEnabled: true, networkConnectionEnabled: false, pageLoadStrategy: normal, platform: WINDOWS, platformName: WINDOWS, proxy: Proxy(), setWindowRect: true, strictFileInteractability: false, timeouts: {implicit: 0, pageLoad: 300000, script: 30000}, unhandledPromptBehavior: dismiss and notify, webauthn:virtualAuthenticators: true}
Session ID: b2b91722969a63cf2c8fb724f938aa70

2020-09-09 13:08:52 - [MESSAGE][PASSED] - Object: 'Object Repository/CERTPAY_ADMIN/CLOSE_BUTTON' is clicked on

2020-09-09 13:08:52 - [MESSAGE][PASSED] - Quicksti_Samday_Refunds_Admin.ts:Clicked on the Close Button

2020-09-09 13:08:52 - [TEST_STEP][PASSED] - delay(3): Delayed 3 second(s)

2020-09-09 13:08:55 - [MESSAGE][PASSED] - Delayed 3 second(s)

2020-09-09 13:08:55 - [TEST_STEP][PASSED] - scrollToPosition(800, 900): Browser is scrolled to position x = 800, y = 900

2020-09-09 13:08:55 - [MESSAGE][PASSED] - Browser is scrolled to position x = 800, y = 900

2020-09-09 13:08:55 - [TEST_STEP][PASSED] - firstName = data.getValue("FirstName", index): null

2020-09-09 13:08:55 - [TEST_STEP][PASSED] - lastName = data.getValue("LastName", index): null

2020-09-09 13:08:55 - [TEST_STEP][PASSED] - expMonth = data.getValue("ExpMonth", index): null

2020-09-09 13:08:55 - [TEST_STEP][PASSED] - expYear = data.getValue("ExpYear", index): null

2020-09-09 13:08:55 - [TEST_STEP][PASSED] - securityCode = data.getValue("SecurityCode", index): null

2020-09-09 13:08:55 - [TEST_STEP][PASSED] - paymentAmount = data.getValue("PaymentAmount", index): null

2020-09-09 13:08:55 - [TEST_STEP][PASSED] - paymentType = data.getValue("PaymentType", index): null

2020-09-09 13:08:55 - [TEST_STEP][PASSED] - quantity = data.getValue("Quantity", index): null

2020-09-09 13:08:55 - [TEST_STEP][PASSED] - comments = data.getValue("Comments", index): null

2020-09-09 13:08:55 - [TEST_STEP][PASSED] - referenceNum = data.getValue("ReferenceNum", index): null

2020-09-09 13:08:55 - [TEST_STEP][PASSED] - address = data.getValue("Address", index): null

2020-09-09 13:08:55 - [TEST_STEP][PASSED] - zipCode = data.getValue("Zipcode", index): null

2020-09-09 13:08:55 - [TEST_STEP][PASSED] - telephone = data.getValue("Telephone", index): null

2020-09-09 13:08:55 - [TEST_STEP][PASSED] - emailAddress = data.getValue("EmailAddress", index): null

2020-09-09 13:08:55 - [TEST_STEP][PASSED] - cardNum = data.getValue("CardNumber", index): null

2020-09-09 13:08:55 - [TEST_STEP][PASSED] - cardType = data.getValue("CardType", index): null

2020-09-09 13:08:55 - [TEST_STEP][PASSED] - RefundAmount = data.getValue("RefundAmount", index): null

2020-09-09 13:08:55 - [TEST_STEP][PASSED] - utilities.SafeActions.openBrowser(Quicksti_Url, [pageLoadTime]): Browser launched successfully

2020-09-09 13:08:55 - [MESSAGE][INFO] - Opening Browser

2020-09-09 13:08:55 - [MESSAGE][WARNING] - A browser is already opened. Closing browser and opening a new one

2020-09-09 13:08:56 - [MESSAGE][INFO] - Starting 'Chrome' driver

2020-09-09 13:09:06 - [MESSAGE][PASSED] - Browser is opened with url: 'https://qa-certpayquicksti.faps.net/'

2020-09-09 13:09:08 - [MESSAGE][PASSED] - Current window maximized

2020-09-09 13:09:08 - [MESSAGE][PASSED] - Browser launched successfully

2020-09-09 13:09:08 - [TEST_STEP][PASSED] - utilities.SafeActions.safeType(findTestObject("CERTPAY_QUICKSTI/Login_ Page/BUREAU_CODE"), bureau_code, "Bureau code", [pageLoadTime]): Quicksti_Samday_Refunds_Admin.ts:Entered'6100000 into Bureau code

2020-09-09 13:09:08 - [MESSAGE][PASSED] - Object 'Object Repository/CERTPAY_QUICKSTI/Login_ Page/BUREAU_CODE' is present

2020-09-09 13:09:09 - [MESSAGE][PASSED] - Object 'Object Repository/CERTPAY_QUICKSTI/Login_ Page/BUREAU_CODE' is visible

2020-09-09 13:09:09 - [MESSAGE][PASSED] - Object 'Object Repository/CERTPAY_QUICKSTI/Login_ Page/BUREAU_CODE' is present

2020-09-09 13:09:10 - [MESSAGE][PASSED] - Text '6100000' is set on object 'Object Repository/CERTPAY_QUICKSTI/Login_ Page/BUREAU_CODE'

2020-09-09 13:09:10 - [MESSAGE][PASSED] - Quicksti_Samday_Refunds_Admin.ts:Entered'6100000 into Bureau code

2020-09-09 13:09:10 - [TEST_STEP][PASSED] - utilities.SafeActions.safeType(findTestObject("CERTPAY_QUICKSTI/Login_ Page/TELLER_ID"), teller_id, "Bureau code", [pageLoadTime]): Quicksti_Samday_Refunds_Admin.ts:Entered'zenq into Bureau code

2020-09-09 13:09:10 - [MESSAGE][PASSED] - Object 'Object Repository/CERTPAY_QUICKSTI/Login_ Page/TELLER_ID' is present

2020-09-09 13:09:11 - [MESSAGE][PASSED] - Object 'Object Repository/CERTPAY_QUICKSTI/Login_ Page/TELLER_ID' is visible

2020-09-09 13:09:11 - [MESSAGE][PASSED] - Object 'Object Repository/CERTPAY_QUICKSTI/Login_ Page/TELLER_ID' is present

2020-09-09 13:09:12 - [MESSAGE][PASSED] - Text 'zenq' is set on object 'Object Repository/CERTPAY_QUICKSTI/Login_ Page/TELLER_ID'

2020-09-09 13:09:12 - [MESSAGE][PASSED] - Quicksti_Samday_Refunds_Admin.ts:Entered'zenq into Bureau code

2020-09-09 13:09:12 - [TEST_STEP][PASSED] - utilities.SafeActions.safeClick(findTestObject("CERTPAY_QUICKSTI/Login_ Page/NEXT_BUTTON"), "Next button", [pageLoadTime]): Quicksti_Samday_Refunds_Admin.ts:Clicked on the Next button

2020-09-09 13:09:12 - [MESSAGE][INFO] - safeClicking

2020-09-09 13:09:13 - [MESSAGE][PASSED] - Object 'Object Repository/CERTPAY_QUICKSTI/Login_ Page/NEXT_BUTTON' is present

2020-09-09 13:09:13 - [MESSAGE][PASSED] - Object 'Object Repository/CERTPAY_QUICKSTI/Login_ Page/NEXT_BUTTON' is clickable

2020-09-09 13:09:17 - [MESSAGE][PASSED] - Object: 'Object Repository/CERTPAY_QUICKSTI/Login_ Page/NEXT_BUTTON' is clicked on

2020-09-09 13:09:17 - [MESSAGE][PASSED] - Quicksti_Samday_Refunds_Admin.ts:Clicked on the Next button

2020-09-09 13:09:17 - [TEST_STEP][PASSED] - utilities.SafeActions.safeClick(findTestObject("CERTPAY_QUICKSTI/Payment_Information_Page/MANUAL_ENTRY_BUTTON"), "ManualEntry", [pageLoadTime]): Quicksti_Samday_Refunds_Admin.ts:Clicked on the ManualEntry

2020-09-09 13:09:17 - [MESSAGE][INFO] - safeClicking

2020-09-09 13:09:18 - [MESSAGE][PASSED] - Object 'Object Repository/CERTPAY_QUICKSTI/Payment_Information_Page/MANUAL_ENTRY_BUTTON' is present

2020-09-09 13:09:18 - [MESSAGE][PASSED] - Object 'Object Repository/CERTPAY_QUICKSTI/Payment_Information_Page/MANUAL_ENTRY_BUTTON' is clickable

2020-09-09 13:09:21 - [MESSAGE][PASSED] - Object: 'Object Repository/CERTPAY_QUICKSTI/Payment_Information_Page/MANUAL_ENTRY_BUTTON' is clicked on

2020-09-09 13:09:21 - [MESSAGE][PASSED] - Quicksti_Samday_Refunds_Admin.ts:Clicked on the ManualEntry

2020-09-09 13:09:21 - [TEST_STEP][PASSED] - CardNumber = pages.Quicksti.setUserPaymentDetails(firstName, lastName, cardNum): Quicksti_Samday_Refunds_Admin.ts:Entered'5154623208647646 into CardNum

2020-09-09 13:09:21 - [MESSAGE][PASSED] - Object 'Object Repository/CERTPAY_QUICKSTI/Payment_Information_Page/FIRST_NAME' is present

2020-09-09 13:09:21 - [MESSAGE][PASSED] - Object 'Object Repository/CERTPAY_QUICKSTI/Payment_Information_Page/FIRST_NAME' is visible

2020-09-09 13:09:21 - [MESSAGE][PASSED] - Object 'Object Repository/CERTPAY_QUICKSTI/Payment_Information_Page/FIRST_NAME' is present

2020-09-09 13:09:23 - [MESSAGE][PASSED] - Text 'Tester' is set on object 'Object Repository/CERTPAY_QUICKSTI/Payment_Information_Page/FIRST_NAME'

2020-09-09 13:09:23 - [MESSAGE][PASSED] - Quicksti_Samday_Refunds_Admin.ts:Entered'Tester into FirstName

2020-09-09 13:09:23 - [MESSAGE][PASSED] - Object 'Object Repository/CERTPAY_QUICKSTI/Payment_Information_Page/LAST_NAME' is present

2020-09-09 13:09:24 - [MESSAGE][PASSED] - Object 'Object Repository/CERTPAY_QUICKSTI/Payment_Information_Page/LAST_NAME' is visible

2020-09-09 13:09:24 - [MESSAGE][PASSED] - Object 'Object Repository/CERTPAY_QUICKSTI/Payment_Information_Page/LAST_NAME' is present

2020-09-09 13:09:25 - [MESSAGE][PASSED] - Text 'Zenq1' is set on object 'Object Repository/CERTPAY_QUICKSTI/Payment_Information_Page/LAST_NAME'

2020-09-09 13:09:25 - [MESSAGE][PASSED] - Quicksti_Samday_Refunds_Admin.ts:Entered'Zenq1 into LAstName

2020-09-09 13:09:25 - [MESSAGE][PASSED] - Object 'Object Repository/CERTPAY_QUICKSTI/Payment_Information_Page/CARD_NUMBER' is present

2020-09-09 13:09:26 - [MESSAGE][PASSED] - Object 'Object Repository/CERTPAY_QUICKSTI/Payment_Information_Page/CARD_NUMBER' is visible

2020-09-09 13:09:26 - [MESSAGE][PASSED] - Object 'Object Repository/CERTPAY_QUICKSTI/Payment_Information_Page/CARD_NUMBER' is present

2020-09-09 13:09:27 - [MESSAGE][PASSED] - Text '5154623208647646' is set on object 'Object Repository/CERTPAY_QUICKSTI/Payment_Information_Page/CARD_NUMBER'

2020-09-09 13:09:27 - [MESSAGE][PASSED] - Quicksti_Samday_Refunds_Admin.ts:Entered'5154623208647646 into CardNum

2020-09-09 13:09:27 - [TEST_STEP][PASSED] - utilities.SafeActions.safeSelectOptionInDropdownByVisibleText(findTestObject("CERTPAY_QUICKSTI/Payment_Information_Page/PAYMENT_TYPE"), paymentType, "paymentType", [pageLoadTime]): selected dropdown option by visible text  Giftsfrom paymentType

2020-09-09 13:09:28 - [MESSAGE][PASSED] - Object 'Object Repository/CERTPAY_QUICKSTI/Payment_Information_Page/PAYMENT_TYPE' is visible

2020-09-09 13:09:28 - [MESSAGE][PASSED] - Object 'Object Repository/CERTPAY_QUICKSTI/Payment_Information_Page/PAYMENT_TYPE' is present

2020-09-09 13:09:29 - [MESSAGE][PASSED] - Object: 'Object Repository/CERTPAY_QUICKSTI/Payment_Information_Page/PAYMENT_TYPE' is clicked on

2020-09-09 13:09:30 - [MESSAGE][PASSED] - All options with label 'Gifts' are selected in object 'Object Repository/CERTPAY_QUICKSTI/Payment_Information_Page/PAYMENT_TYPE'  using regular expression

2020-09-09 13:09:30 - [MESSAGE][PASSED] - selected dropdown option by visible text  Giftsfrom paymentType

2020-09-09 13:09:30 - [TEST_STEP][PASSED] - pages.Quicksti.setExpDate(expMonth, expYear, securityCode): Quicksti_Samday_Refunds_Admin.ts:Entered'207 into securityCode

2020-09-09 13:09:31 - [MESSAGE][PASSED] - Object 'Object Repository/CERTPAY_QUICKSTI/Payment_Information_Page/EXP_MONTH' is visible

2020-09-09 13:09:31 - [MESSAGE][PASSED] - Object 'Object Repository/CERTPAY_QUICKSTI/Payment_Information_Page/EXP_MONTH' is present

2020-09-09 13:09:32 - [MESSAGE][PASSED] - Object: 'Object Repository/CERTPAY_QUICKSTI/Payment_Information_Page/EXP_MONTH' is clicked on

2020-09-09 13:09:34 - [MESSAGE][PASSED] - All options with label '04' are selected in object 'Object Repository/CERTPAY_QUICKSTI/Payment_Information_Page/EXP_MONTH'  using regular expression

2020-09-09 13:09:34 - [MESSAGE][PASSED] - selected dropdown option by visible text  04from expMonth

2020-09-09 13:09:34 - [MESSAGE][PASSED] - Object 'Object Repository/CERTPAY_QUICKSTI/Payment_Information_Page/EXP_YEAR' is visible

2020-09-09 13:09:34 - [MESSAGE][PASSED] - Object 'Object Repository/CERTPAY_QUICKSTI/Payment_Information_Page/EXP_YEAR' is present

2020-09-09 13:09:35 - [MESSAGE][PASSED] - Object: 'Object Repository/CERTPAY_QUICKSTI/Payment_Information_Page/EXP_YEAR' is clicked on

2020-09-09 13:09:37 - [MESSAGE][PASSED] - All options with label '2023' are selected in object 'Object Repository/CERTPAY_QUICKSTI/Payment_Information_Page/EXP_YEAR'  using regular expression

2020-09-09 13:09:37 - [MESSAGE][PASSED] - selected dropdown option by visible text  2023from  expYear

2020-09-09 13:09:37 - [MESSAGE][PASSED] - Object 'Object Repository/CERTPAY_QUICKSTI/Payment_Information_Page/SECURITY_CODE' is present

2020-09-09 13:09:38 - [MESSAGE][PASSED] - Object 'Object Repository/CERTPAY_QUICKSTI/Payment_Information_Page/SECURITY_CODE' is visible

2020-09-09 13:09:38 - [MESSAGE][PASSED] - Object 'Object Repository/CERTPAY_QUICKSTI/Payment_Information_Page/SECURITY_CODE' is present

2020-09-09 13:09:39 - [MESSAGE][PASSED] - Text '207' is set on object 'Object Repository/CERTPAY_QUICKSTI/Payment_Information_Page/SECURITY_CODE'

2020-09-09 13:09:39 - [MESSAGE][PASSED] - Quicksti_Samday_Refunds_Admin.ts:Entered'207 into securityCode

2020-09-09 13:09:39 - [TEST_STEP][PASSED] - pages.Quicksti.setPaymentAmountDetailsForSinglePayment(paymentAmount, quantity): Quicksti_Samday_Refunds_Admin.ts:Entered'2 into Quantity

2020-09-09 13:09:40 - [MESSAGE][PASSED] - Object 'Object Repository/CERTPAY_QUICKSTI/Payment_Information_Page/PAYMENT_AMOUNT' is present

2020-09-09 13:09:40 - [MESSAGE][PASSED] - Object 'Object Repository/CERTPAY_QUICKSTI/Payment_Information_Page/PAYMENT_AMOUNT' is visible

2020-09-09 13:09:40 - [MESSAGE][PASSED] - Object 'Object Repository/CERTPAY_QUICKSTI/Payment_Information_Page/PAYMENT_AMOUNT' is present

2020-09-09 13:09:42 - [MESSAGE][PASSED] - Text '25.00' is set on object 'Object Repository/CERTPAY_QUICKSTI/Payment_Information_Page/PAYMENT_AMOUNT'

2020-09-09 13:09:42 - [MESSAGE][PASSED] - Quicksti_Samday_Refunds_Admin.ts:Entered'25.00 into amount

2020-09-09 13:09:42 - [MESSAGE][PASSED] - Object 'Object Repository/CERTPAY_QUICKSTI/Payment_Information_Page/QUANTITY' is present

2020-09-09 13:09:42 - [MESSAGE][PASSED] - Object 'Object Repository/CERTPAY_QUICKSTI/Payment_Information_Page/QUANTITY' is visible

2020-09-09 13:09:43 - [MESSAGE][PASSED] - Object 'Object Repository/CERTPAY_QUICKSTI/Payment_Information_Page/QUANTITY' is present

2020-09-09 13:09:44 - [MESSAGE][PASSED] - Text '2' is set on object 'Object Repository/CERTPAY_QUICKSTI/Payment_Information_Page/QUANTITY'

2020-09-09 13:09:44 - [MESSAGE][PASSED] - Quicksti_Samday_Refunds_Admin.ts:Entered'2 into Quantity

2020-09-09 13:09:44 - [TEST_STEP][PASSED] - utilities.SafeActions.safeType(findTestObject("CERTPAY_QUICKSTI/Payment_Information_Page/REFRENCE_NUMBER"), referenceNum, "Reference Number", [pageLoadTime]): Quicksti_Samday_Refunds_Admin.ts:Entered'12 into Reference Number

2020-09-09 13:09:44 - [MESSAGE][PASSED] - Object 'Object Repository/CERTPAY_QUICKSTI/Payment_Information_Page/REFRENCE_NUMBER' is present

2020-09-09 13:09:45 - [MESSAGE][PASSED] - Object 'Object Repository/CERTPAY_QUICKSTI/Payment_Information_Page/REFRENCE_NUMBER' is visible

2020-09-09 13:09:45 - [MESSAGE][PASSED] - Object 'Object Repository/CERTPAY_QUICKSTI/Payment_Information_Page/REFRENCE_NUMBER' is present

2020-09-09 13:09:46 - [MESSAGE][PASSED] - Text '12' is set on object 'Object Repository/CERTPAY_QUICKSTI/Payment_Information_Page/REFRENCE_NUMBER'

2020-09-09 13:09:46 - [MESSAGE][PASSED] - Quicksti_Samday_Refunds_Admin.ts:Entered'12 into Reference Number

2020-09-09 13:09:46 - [TEST_STEP][PASSED] - amount_Value = pages.Quicksti.getAttributeValue(findTestObject("CERTPAY_QUICKSTI/Payment_Information_Page/SUB_TOTAL")): pages.Quicksti.getAttributeValue is PASSED

2020-09-09 13:09:47 - [MESSAGE][PASSED] - Attribute 'value' of object 'Object Repository/CERTPAY_QUICKSTI/Payment_Information_Page/SUB_TOTAL' is: '50.00'

2020-09-09 13:09:47 - [MESSAGE][PASSED] - pages.Quicksti.getAttributeValue is PASSED

2020-09-09 13:09:47 - [TEST_STEP][PASSED] - utilities.SafeActions.safeType(findTestObject("CERTPAY_QUICKSTI/Payment_Information_Page/COMMENTS"), "Testing", "Comments", [pageLoadTime]): Quicksti_Samday_Refunds_Admin.ts:Entered'Testing into Comments

2020-09-09 13:09:47 - [MESSAGE][PASSED] - Object 'Object Repository/CERTPAY_QUICKSTI/Payment_Information_Page/COMMENTS' is present

2020-09-09 13:09:47 - [MESSAGE][PASSED] - Object 'Object Repository/CERTPAY_QUICKSTI/Payment_Information_Page/COMMENTS' is visible

2020-09-09 13:09:48 - [MESSAGE][PASSED] - Object 'Object Repository/CERTPAY_QUICKSTI/Payment_Information_Page/COMMENTS' is present

2020-09-09 13:09:49 - [MESSAGE][PASSED] - Text 'Testing' is set on object 'Object Repository/CERTPAY_QUICKSTI/Payment_Information_Page/COMMENTS'

2020-09-09 13:09:49 - [MESSAGE][PASSED] - Quicksti_Samday_Refunds_Admin.ts:Entered'Testing into Comments

2020-09-09 13:09:49 - [TEST_STEP][PASSED] - utilities.SafeActions.safeType(findTestObject("CERTPAY_QUICKSTI/Payment_Information_Page/ADDRESS"), address, "Address", [pageLoadTime]): Quicksti_Samday_Refunds_Admin.ts:Entered'14-2 into Address

2020-09-09 13:09:49 - [MESSAGE][PASSED] - Object 'Object Repository/CERTPAY_QUICKSTI/Payment_Information_Page/ADDRESS' is present

2020-09-09 13:09:50 - [MESSAGE][PASSED] - Object 'Object Repository/CERTPAY_QUICKSTI/Payment_Information_Page/ADDRESS' is visible

2020-09-09 13:09:50 - [MESSAGE][PASSED] - Object 'Object Repository/CERTPAY_QUICKSTI/Payment_Information_Page/ADDRESS' is present

2020-09-09 13:09:51 - [MESSAGE][PASSED] - Text '14-2' is set on object 'Object Repository/CERTPAY_QUICKSTI/Payment_Information_Page/ADDRESS'

2020-09-09 13:09:51 - [MESSAGE][PASSED] - Quicksti_Samday_Refunds_Admin.ts:Entered'14-2 into Address

2020-09-09 13:09:51 - [TEST_STEP][PASSED] - utilities.SafeActions.safeType(findTestObject("CERTPAY_QUICKSTI/Payment_Information_Page/ZIP_CODE"), zipCode, "zipcode", [pageLoadTime]): Quicksti_Samday_Refunds_Admin.ts:Entered'76102 into zipcode

2020-09-09 13:09:52 - [MESSAGE][PASSED] - Object 'Object Repository/CERTPAY_QUICKSTI/Payment_Information_Page/ZIP_CODE' is present

2020-09-09 13:09:52 - [MESSAGE][PASSED] - Object 'Object Repository/CERTPAY_QUICKSTI/Payment_Information_Page/ZIP_CODE' is visible

2020-09-09 13:09:52 - [MESSAGE][PASSED] - Object 'Object Repository/CERTPAY_QUICKSTI/Payment_Information_Page/ZIP_CODE' is present

2020-09-09 13:09:53 - [MESSAGE][PASSED] - Text '76102' is set on object 'Object Repository/CERTPAY_QUICKSTI/Payment_Information_Page/ZIP_CODE'

2020-09-09 13:09:53 - [MESSAGE][PASSED] - Quicksti_Samday_Refunds_Admin.ts:Entered'76102 into zipcode

2020-09-09 13:09:53 - [TEST_STEP][PASSED] - utilities.SafeActions.safeType(findTestObject("CERTPAY_QUICKSTI/Payment_Information_Page/TELEPHONE"), telephone, "Telephone", [pageLoadTime]): Quicksti_Samday_Refunds_Admin.ts:Entered'9989897654 into Telephone

2020-09-09 13:09:54 - [MESSAGE][PASSED] - Object 'Object Repository/CERTPAY_QUICKSTI/Payment_Information_Page/TELEPHONE' is present

2020-09-09 13:09:54 - [MESSAGE][PASSED] - Object 'Object Repository/CERTPAY_QUICKSTI/Payment_Information_Page/TELEPHONE' is visible

2020-09-09 13:09:54 - [MESSAGE][PASSED] - Object 'Object Repository/CERTPAY_QUICKSTI/Payment_Information_Page/TELEPHONE' is present

2020-09-09 13:09:56 - [MESSAGE][PASSED] - Text '9989897654' is set on object 'Object Repository/CERTPAY_QUICKSTI/Payment_Information_Page/TELEPHONE'

2020-09-09 13:09:56 - [MESSAGE][PASSED] - Quicksti_Samday_Refunds_Admin.ts:Entered'9989897654 into Telephone

2020-09-09 13:09:56 - [TEST_STEP][PASSED] - utilities.SafeActions.safeType(findTestObject("CERTPAY_QUICKSTI/Payment_Information_Page/EMAIL_ADDRESS"), emailAddress, "EMAIL address", [pageLoadTime]): Quicksti_Samday_Refunds_Admin.ts:Entered'testing@zenq.com into EMAIL address

2020-09-09 13:09:56 - [MESSAGE][PASSED] - Object 'Object Repository/CERTPAY_QUICKSTI/Payment_Information_Page/EMAIL_ADDRESS' is present

2020-09-09 13:09:56 - [MESSAGE][PASSED] - Object 'Object Repository/CERTPAY_QUICKSTI/Payment_Information_Page/EMAIL_ADDRESS' is visible

2020-09-09 13:09:57 - [MESSAGE][PASSED] - Object 'Object Repository/CERTPAY_QUICKSTI/Payment_Information_Page/EMAIL_ADDRESS' is present

2020-09-09 13:09:58 - [MESSAGE][PASSED] - Text 'testing@zenq.com' is set on object 'Object Repository/CERTPAY_QUICKSTI/Payment_Information_Page/EMAIL_ADDRESS'

2020-09-09 13:09:58 - [MESSAGE][PASSED] - Quicksti_Samday_Refunds_Admin.ts:Entered'testing@zenq.com into EMAIL address

2020-09-09 13:09:58 - [TEST_STEP][PASSED] - utilities.SafeActions.safeClick(findTestObject("CERTPAY_QUICKSTI/Payment_Information_Page/NEXT_BUTTON"), "Next", [pageLoadTime]): Quicksti_Samday_Refunds_Admin.ts:Clicked on the Next

2020-09-09 13:09:58 - [MESSAGE][INFO] - safeClicking

2020-09-09 13:09:58 - [MESSAGE][PASSED] - Object 'Object Repository/CERTPAY_QUICKSTI/Payment_Information_Page/NEXT_BUTTON' is present

2020-09-09 13:09:59 - [MESSAGE][PASSED] - Object 'Object Repository/CERTPAY_QUICKSTI/Payment_Information_Page/NEXT_BUTTON' is clickable

2020-09-09 13:10:02 - [MESSAGE][PASSED] - Object: 'Object Repository/CERTPAY_QUICKSTI/Payment_Information_Page/NEXT_BUTTON' is clicked on

2020-09-09 13:10:02 - [MESSAGE][PASSED] - Quicksti_Samday_Refunds_Admin.ts:Clicked on the Next

2020-09-09 13:10:02 - [TEST_STEP][PASSED] - pages.Quicksti.verifyUserPaymentDetails(paymentAmount, firstName, lastName, CardNumber): pages.Quicksti.verifyUserPaymentDetails is PASSED

2020-09-09 13:10:02 - [MESSAGE][PASSED] - Text of object 'Object Repository/CERTPAY_QUICKSTI/Payment_Details_Verification_Page/AMOUNT' is: '$25.00'

2020-09-09 13:10:02 - [MESSAGE][PASSED] - Actual text '25.00' and expected text '25.00' are matched  using regular expression

2020-09-09 13:10:03 - [MESSAGE][PASSED] - Text of object 'Object Repository/CERTPAY_QUICKSTI/Payment_Details_Verification_Page/NAME' is: 'Tester Zenq1'

2020-09-09 13:10:03 - [MESSAGE][PASSED] - Actual text 'Tester Zenq1' and expected text 'Tester Zenq1' are matched  using regular expression

2020-09-09 13:10:03 - [MESSAGE][PASSED] - Text of object 'Object Repository/CERTPAY_QUICKSTI/Payment_Details_Verification_Page/CARD_NUMBER' is: '...7646'

2020-09-09 13:10:03 - [MESSAGE][PASSED] - Actual text '7646' and expected text '7646' are matched  using regular expression

2020-09-09 13:10:03 - [MESSAGE][PASSED] - pages.Quicksti.verifyUserPaymentDetails is PASSED

2020-09-09 13:10:03 - [TEST_STEP][PASSED] - delay(2): Delayed 2 second(s)

2020-09-09 13:10:05 - [MESSAGE][PASSED] - Delayed 2 second(s)

2020-09-09 13:10:05 - [TEST_STEP][PASSED] - scrollToElement(findTestObject("CERTPAY_QUICKSTI/Payment_Details_Verification_Page/PROCESS"), 30): Scroll to object 'Object Repository/CERTPAY_QUICKSTI/Payment_Details_Verification_Page/PROCESS' successfully

2020-09-09 13:10:06 - [MESSAGE][PASSED] - Scroll to object 'Object Repository/CERTPAY_QUICKSTI/Payment_Details_Verification_Page/PROCESS' successfully

2020-09-09 13:10:06 - [TEST_STEP][PASSED] - utilities.SafeActions.safeClick(findTestObject("CERTPAY_QUICKSTI/Payment_Details_Verification_Page/PROCESS"), "Process", [pageLoadTime]): Quicksti_Samday_Refunds_Admin.ts:Clicked on the Process

2020-09-09 13:10:06 - [MESSAGE][INFO] - safeClicking

2020-09-09 13:10:06 - [MESSAGE][PASSED] - Object 'Object Repository/CERTPAY_QUICKSTI/Payment_Details_Verification_Page/PROCESS' is present

2020-09-09 13:10:06 - [MESSAGE][PASSED] - Object 'Object Repository/CERTPAY_QUICKSTI/Payment_Details_Verification_Page/PROCESS' is clickable

2020-09-09 13:10:11 - [MESSAGE][PASSED] - Object: 'Object Repository/CERTPAY_QUICKSTI/Payment_Details_Verification_Page/PROCESS' is clicked on

2020-09-09 13:10:11 - [MESSAGE][PASSED] - Quicksti_Samday_Refunds_Admin.ts:Clicked on the Process

2020-09-09 13:10:11 - [TEST_STEP][PASSED] - paymentId = pages.Quicksti.verifyPaymentApproval(findTestObject("CERTPAY_QUICKSTI/Payment_Details_Verification_Page/APPROVED")): Payment is approved

2020-09-09 13:10:12 - [MESSAGE][PASSED] - Text of object 'Object Repository/CERTPAY_QUICKSTI/Payment_Details_Verification_Page/PAYMENT_ID' is: '100176114051'

2020-09-09 13:10:12 - [MESSAGE][PASSED] - Object 'Object Repository/CERTPAY_QUICKSTI/Payment_Details_Verification_Page/APPROVED' is present

2020-09-09 13:10:12 - [MESSAGE][PASSED] - Payment is approved

2020-09-09 13:10:14 - [TEST_STEP][PASSED] - navigateToUrl(Admin_url): Navigate to 'https://qa-certpayadmin.faps.net' successfully

2020-09-09 13:10:20 - [MESSAGE][PASSED] - Navigate to 'https://qa-certpayadmin.faps.net' successfully

2020-09-09 13:10:20 - [TEST_STEP][PASSED] - pages.Bureau_Login_Page.loginToAdminSite(AdminUsername, AdminPassword): Quicksti_Samday_Refunds_Admin.ts:Clicked on the LOGIN

2020-09-09 13:10:21 - [MESSAGE][PASSED] - Object 'Object Repository/CERTPAY_ADMIN/USER_NAME' is present

2020-09-09 13:10:21 - [MESSAGE][PASSED] - Object 'Object Repository/CERTPAY_ADMIN/USER_NAME' is visible

2020-09-09 13:10:21 - [MESSAGE][PASSED] - Object 'Object Repository/CERTPAY_ADMIN/USER_NAME' is present

2020-09-09 13:10:22 - [MESSAGE][PASSED] - Text 'VVangiliappan' is set on object 'Object Repository/CERTPAY_ADMIN/USER_NAME'

2020-09-09 13:10:22 - [MESSAGE][PASSED] - Quicksti_Samday_Refunds_Admin.ts:Entered'VVangiliappan into username

2020-09-09 13:10:23 - [MESSAGE][PASSED] - Object 'Object Repository/CERTPAY_ADMIN/PASSWORD' is present

2020-09-09 13:10:23 - [MESSAGE][PASSED] - Object 'Object Repository/CERTPAY_ADMIN/PASSWORD' is visible

2020-09-09 13:10:23 - [MESSAGE][PASSED] - Object 'Object Repository/CERTPAY_ADMIN/PASSWORD' is present

2020-09-09 13:10:25 - [MESSAGE][PASSED] - Text 'Knila@12345' is set on object 'Object Repository/CERTPAY_ADMIN/PASSWORD'

2020-09-09 13:10:25 - [MESSAGE][PASSED] - Quicksti_Samday_Refunds_Admin.ts:Entered'Knila@12345 into password

2020-09-09 13:10:25 - [MESSAGE][INFO] - safeClicking

2020-09-09 13:10:25 - [MESSAGE][PASSED] - Object 'Object Repository/CERTPAY_ADMIN/LOGIN_BUTTON' is present

2020-09-09 13:10:25 - [MESSAGE][PASSED] - Object 'Object Repository/CERTPAY_ADMIN/LOGIN_BUTTON' is clickable

2020-09-09 13:10:33 - [MESSAGE][PASSED] - Object: 'Object Repository/CERTPAY_ADMIN/LOGIN_BUTTON' is clicked on

2020-09-09 13:10:33 - [MESSAGE][PASSED] - Quicksti_Samday_Refunds_Admin.ts:Clicked on the LOGIN

2020-09-09 13:10:33 - [TEST_STEP][PASSED] - utilities.SafeActions.safeClick(findTestObject("CERTPAY_ADMIN/TRANSACTION_SEARCH"), "TransactionSearch", [pageLoadTime]): Quicksti_Samday_Refunds_Admin.ts:Clicked on the TransactionSearch

2020-09-09 13:10:33 - [MESSAGE][INFO] - safeClicking

2020-09-09 13:10:34 - [MESSAGE][PASSED] - Object 'Object Repository/CERTPAY_ADMIN/TRANSACTION_SEARCH' is present

2020-09-09 13:10:34 - [MESSAGE][PASSED] - Object 'Object Repository/CERTPAY_ADMIN/TRANSACTION_SEARCH' is clickable

2020-09-09 13:10:37 - [MESSAGE][PASSED] - Object: 'Object Repository/CERTPAY_ADMIN/TRANSACTION_SEARCH' is clicked on

2020-09-09 13:10:37 - [MESSAGE][PASSED] - Quicksti_Samday_Refunds_Admin.ts:Clicked on the TransactionSearch

2020-09-09 13:10:37 - [TEST_STEP][PASSED] - utilities.SafeActions.safeType(findTestObject("CERTPAY_ADMIN/PAYMENT_ID"), paymentId, "Payment id", [pageLoadTime]): Quicksti_Samday_Refunds_Admin.ts:Entered'100176114051 into Payment id

2020-09-09 13:10:38 - [MESSAGE][PASSED] - Object 'Object Repository/CERTPAY_ADMIN/PAYMENT_ID' is present

2020-09-09 13:10:38 - [MESSAGE][PASSED] - Object 'Object Repository/CERTPAY_ADMIN/PAYMENT_ID' is visible

2020-09-09 13:10:38 - [MESSAGE][PASSED] - Object 'Object Repository/CERTPAY_ADMIN/PAYMENT_ID' is present

2020-09-09 13:10:40 - [MESSAGE][PASSED] - Text '100176114051' is set on object 'Object Repository/CERTPAY_ADMIN/PAYMENT_ID'

2020-09-09 13:10:40 - [MESSAGE][PASSED] - Quicksti_Samday_Refunds_Admin.ts:Entered'100176114051 into Payment id

2020-09-09 13:10:40 - [TEST_STEP][PASSED] - utilities.SafeActions.safeClick(findTestObject("CERTPAY_ADMIN/GO_BUTTON"), "Go button", [pageLoadTime]): Quicksti_Samday_Refunds_Admin.ts:Clicked on the Go button

2020-09-09 13:10:40 - [MESSAGE][INFO] - safeClicking

2020-09-09 13:10:40 - [MESSAGE][PASSED] - Object 'Object Repository/CERTPAY_ADMIN/GO_BUTTON' is present

2020-09-09 13:10:40 - [MESSAGE][PASSED] - Object 'Object Repository/CERTPAY_ADMIN/GO_BUTTON' is clickable

2020-09-09 13:10:43 - [MESSAGE][PASSED] - Object: 'Object Repository/CERTPAY_ADMIN/GO_BUTTON' is clicked on

2020-09-09 13:10:43 - [MESSAGE][PASSED] - Quicksti_Samday_Refunds_Admin.ts:Clicked on the Go button

2020-09-09 13:10:43 - [TEST_STEP][PASSED] - delay(5): Delayed 5 second(s)

2020-09-09 13:10:48 - [MESSAGE][PASSED] - Delayed 5 second(s)

2020-09-09 13:10:48 - [TEST_STEP][PASSED] - paymentIdList.add(paymentId): null

2020-09-09 13:10:48 - [TEST_STEP][PASSED] - println(paymentIdList): null

2020-09-09 13:10:48 - [TEST_STEP][PASSED] - utilities.SafeActions.safeClick(findTestObject("CERTPAY_ADMIN/ACTIONS_BUTTON"), "Actions button", [pageLoadTime]): Quicksti_Samday_Refunds_Admin.ts:Clicked on the Actions button

2020-09-09 13:10:48 - [MESSAGE][INFO] - safeClicking

2020-09-09 13:10:49 - [MESSAGE][PASSED] - Object 'Object Repository/CERTPAY_ADMIN/ACTIONS_BUTTON' is present

2020-09-09 13:10:49 - [MESSAGE][PASSED] - Object 'Object Repository/CERTPAY_ADMIN/ACTIONS_BUTTON' is clickable

2020-09-09 13:10:50 - [MESSAGE][PASSED] - Object: 'Object Repository/CERTPAY_ADMIN/ACTIONS_BUTTON' is clicked on

2020-09-09 13:10:50 - [MESSAGE][PASSED] - Quicksti_Samday_Refunds_Admin.ts:Clicked on the Actions button

2020-09-09 13:10:50 - [TEST_STEP][PASSED] - utilities.SafeActions.safeClick(findTestObject("CERTPAY_ADMIN/REFUND_MENU"), "Refund Menu", [pageLoadTime]): Quicksti_Samday_Refunds_Admin.ts:Clicked on the Refund Menu

2020-09-09 13:10:50 - [MESSAGE][INFO] - safeClicking

2020-09-09 13:10:51 - [MESSAGE][PASSED] - Object 'Object Repository/CERTPAY_ADMIN/REFUND_MENU' is present

2020-09-09 13:10:51 - [MESSAGE][PASSED] - Object 'Object Repository/CERTPAY_ADMIN/REFUND_MENU' is clickable

2020-09-09 13:10:52 - [MESSAGE][PASSED] - Object: 'Object Repository/CERTPAY_ADMIN/REFUND_MENU' is clicked on

2020-09-09 13:10:52 - [MESSAGE][PASSED] - Quicksti_Samday_Refunds_Admin.ts:Clicked on the Refund Menu

2020-09-09 13:10:52 - [TEST_STEP][PASSED] - delay(2): Delayed 2 second(s)

2020-09-09 13:10:54 - [MESSAGE][PASSED] - Delayed 2 second(s)

2020-09-09 13:10:54 - [TEST_STEP][PASSED] - utilities.SafeActions.safeClick(findTestObject("CERTPAY_ADMIN/CREDIT_RETURN"), "Credit Return", [pageLoadTime]): Quicksti_Samday_Refunds_Admin.ts:Clicked on the Credit Return

2020-09-09 13:10:54 - [MESSAGE][INFO] - safeClicking

2020-09-09 13:10:55 - [MESSAGE][PASSED] - Object 'Object Repository/CERTPAY_ADMIN/CREDIT_RETURN' is present

2020-09-09 13:10:55 - [MESSAGE][PASSED] - Object 'Object Repository/CERTPAY_ADMIN/CREDIT_RETURN' is clickable

2020-09-09 13:10:56 - [MESSAGE][PASSED] - Object: 'Object Repository/CERTPAY_ADMIN/CREDIT_RETURN' is clicked on

2020-09-09 13:10:56 - [MESSAGE][PASSED] - Quicksti_Samday_Refunds_Admin.ts:Clicked on the Credit Return

2020-09-09 13:10:56 - [TEST_STEP][PASSED] - utilities.SafeActions.safeType(findTestObject("Object Repository/CERTPAY_ADMIN/REFUND_AMOUNT"), RefundAmount, "Payment id", [pageLoadTime]): Quicksti_Samday_Refunds_Admin.ts:Entered'15.00 into Payment id

2020-09-09 13:10:57 - [MESSAGE][PASSED] - Object 'Object Repository/CERTPAY_ADMIN/REFUND_AMOUNT' is present

2020-09-09 13:10:57 - [MESSAGE][PASSED] - Object 'Object Repository/CERTPAY_ADMIN/REFUND_AMOUNT' is visible

2020-09-09 13:10:57 - [MESSAGE][PASSED] - Object 'Object Repository/CERTPAY_ADMIN/REFUND_AMOUNT' is present

2020-09-09 13:10:58 - [MESSAGE][PASSED] - Text '15.00' is set on object 'Object Repository/CERTPAY_ADMIN/REFUND_AMOUNT'

2020-09-09 13:10:58 - [MESSAGE][PASSED] - Quicksti_Samday_Refunds_Admin.ts:Entered'15.00 into Payment id

2020-09-09 13:10:58 - [TEST_STEP][PASSED] - utilities.SafeActions.safeClick(findTestObject("Object Repository/CERTPAY_ADMIN/PROCESS_REVERSAL"), "Process Reversal", [pageLoadTime]): Quicksti_Samday_Refunds_Admin.ts:Clicked on the Process Reversal

2020-09-09 13:10:58 - [MESSAGE][INFO] - safeClicking

2020-09-09 13:10:59 - [MESSAGE][PASSED] - Object 'Object Repository/CERTPAY_ADMIN/PROCESS_REVERSAL' is present

2020-09-09 13:10:59 - [MESSAGE][PASSED] - Object 'Object Repository/CERTPAY_ADMIN/PROCESS_REVERSAL' is clickable

2020-09-09 13:11:00 - [MESSAGE][PASSED] - Object: 'Object Repository/CERTPAY_ADMIN/PROCESS_REVERSAL' is clicked on

2020-09-09 13:11:00 - [MESSAGE][PASSED] - Quicksti_Samday_Refunds_Admin.ts:Clicked on the Process Reversal

2020-09-09 13:11:00 - [TEST_STEP][PASSED] - delay(3): Delayed 3 second(s)

2020-09-09 13:11:03 - [MESSAGE][PASSED] - Delayed 3 second(s)

2020-09-09 13:11:03 - [TEST_STEP][PASSED] - utilities.SafeActions.safeClick(findTestObject("Object Repository/CERTPAY_ADMIN/CLOSE_BUTTON"), "Close Button", [pageLoadTime]): Quicksti_Samday_Refunds_Admin.ts:Clicked on the Close Button

2020-09-09 13:11:03 - [MESSAGE][INFO] - safeClicking

2020-09-09 13:11:05 - [MESSAGE][PASSED] - Object 'Object Repository/CERTPAY_ADMIN/CLOSE_BUTTON' is present

2020-09-09 13:11:06 - [MESSAGE][PASSED] - Object 'Object Repository/CERTPAY_ADMIN/CLOSE_BUTTON' is clickable

2020-09-09 13:11:07 - [MESSAGE][ERROR] - javascript error: Failed to execute 'elementsFromPoint' on 'Document': The provided double value is non-finite.
  (Session info: chrome=85.0.4183.83)
Build info: version: '3.141.59', revision: 'e82be7d358', time: '2018-11-14T08:25:53'
System info: host: 'SYS8', ip: '172.31.253.251', os.name: 'Windows 10', os.arch: 'x86', os.version: '10.0', java.version: '1.8.0_181'
Driver info: com.kms.katalon.selenium.driver.CChromeDriver
Capabilities {acceptInsecureCerts: false, browserName: chrome, browserVersion: 85.0.4183.83, chrome: {chromedriverVersion: 85.0.4183.87 (cd6713ebf92fa..., userDataDir: C:\Users\admin\AppData\Loca...}, goog:chromeOptions: {debuggerAddress: localhost:64920}, javascriptEnabled: true, networkConnectionEnabled: false, pageLoadStrategy: normal, platform: WINDOWS, platformName: WINDOWS, proxy: Proxy(), setWindowRect: true, strictFileInteractability: false, timeouts: {implicit: 0, pageLoad: 300000, script: 30000}, unhandledPromptBehavior: dismiss and notify, webauthn:virtualAuthenticators: true}
Session ID: 192c42a77cf8bf0407f0a0c2e388b5c5

2020-09-09 13:11:37 - [MESSAGE][ERROR] - javascript error: Failed to execute 'elementsFromPoint' on 'Document': The provided double value is non-finite.
  (Session info: chrome=85.0.4183.83)
Build info: version: '3.141.59', revision: 'e82be7d358', time: '2018-11-14T08:25:53'
System info: host: 'SYS8', ip: '172.31.253.251', os.name: 'Windows 10', os.arch: 'x86', os.version: '10.0', java.version: '1.8.0_181'
Driver info: com.kms.katalon.selenium.driver.CChromeDriver
Capabilities {acceptInsecureCerts: false, browserName: chrome, browserVersion: 85.0.4183.83, chrome: {chromedriverVersion: 85.0.4183.87 (cd6713ebf92fa..., userDataDir: C:\Users\admin\AppData\Loca...}, goog:chromeOptions: {debuggerAddress: localhost:64920}, javascriptEnabled: true, networkConnectionEnabled: false, pageLoadStrategy: normal, platform: WINDOWS, platformName: WINDOWS, proxy: Proxy(), setWindowRect: true, strictFileInteractability: false, timeouts: {implicit: 0, pageLoad: 300000, script: 30000}, unhandledPromptBehavior: dismiss and notify, webauthn:virtualAuthenticators: true}
Session ID: 192c42a77cf8bf0407f0a0c2e388b5c5

2020-09-09 13:11:39 - [MESSAGE][PASSED] - Object: 'Object Repository/CERTPAY_ADMIN/CLOSE_BUTTON' is clicked on

2020-09-09 13:11:39 - [MESSAGE][PASSED] - Quicksti_Samday_Refunds_Admin.ts:Clicked on the Close Button

2020-09-09 13:11:39 - [TEST_STEP][PASSED] - delay(3): Delayed 3 second(s)

2020-09-09 13:11:42 - [MESSAGE][PASSED] - Delayed 3 second(s)

2020-09-09 13:11:42 - [TEST_STEP][PASSED] - scrollToPosition(800, 900): Browser is scrolled to position x = 800, y = 900

2020-09-09 13:11:42 - [MESSAGE][PASSED] - Browser is scrolled to position x = 800, y = 900

2020-09-09 13:11:42 - [TEST_STEP][PASSED] - firstName = data.getValue("FirstName", index): null

2020-09-09 13:11:42 - [TEST_STEP][PASSED] - lastName = data.getValue("LastName", index): null

2020-09-09 13:11:42 - [TEST_STEP][PASSED] - expMonth = data.getValue("ExpMonth", index): null

2020-09-09 13:11:42 - [TEST_STEP][PASSED] - expYear = data.getValue("ExpYear", index): null

2020-09-09 13:11:42 - [TEST_STEP][PASSED] - securityCode = data.getValue("SecurityCode", index): null

2020-09-09 13:11:42 - [TEST_STEP][PASSED] - paymentAmount = data.getValue("PaymentAmount", index): null

2020-09-09 13:11:42 - [TEST_STEP][PASSED] - paymentType = data.getValue("PaymentType", index): null

2020-09-09 13:11:42 - [TEST_STEP][PASSED] - quantity = data.getValue("Quantity", index): null

2020-09-09 13:11:42 - [TEST_STEP][PASSED] - comments = data.getValue("Comments", index): null

2020-09-09 13:11:42 - [TEST_STEP][PASSED] - referenceNum = data.getValue("ReferenceNum", index): null

2020-09-09 13:11:42 - [TEST_STEP][PASSED] - address = data.getValue("Address", index): null

2020-09-09 13:11:42 - [TEST_STEP][PASSED] - zipCode = data.getValue("Zipcode", index): null

2020-09-09 13:11:42 - [TEST_STEP][PASSED] - telephone = data.getValue("Telephone", index): null

2020-09-09 13:11:42 - [TEST_STEP][PASSED] - emailAddress = data.getValue("EmailAddress", index): null

2020-09-09 13:11:42 - [TEST_STEP][PASSED] - cardNum = data.getValue("CardNumber", index): null

2020-09-09 13:11:42 - [TEST_STEP][PASSED] - cardType = data.getValue("CardType", index): null

2020-09-09 13:11:42 - [TEST_STEP][PASSED] - RefundAmount = data.getValue("RefundAmount", index): null

2020-09-09 13:11:42 - [TEST_STEP][PASSED] - utilities.SafeActions.openBrowser(Quicksti_Url, [pageLoadTime]): Browser launched successfully

2020-09-09 13:11:42 - [MESSAGE][INFO] - Opening Browser

2020-09-09 13:11:42 - [MESSAGE][WARNING] - A browser is already opened. Closing browser and opening a new one

2020-09-09 13:11:43 - [MESSAGE][INFO] - Starting 'Chrome' driver

2020-09-09 13:11:52 - [MESSAGE][PASSED] - Browser is opened with url: 'https://qa-certpayquicksti.faps.net/'

2020-09-09 13:11:55 - [MESSAGE][PASSED] - Current window maximized

2020-09-09 13:11:55 - [MESSAGE][PASSED] - Browser launched successfully

2020-09-09 13:11:55 - [TEST_STEP][PASSED] - utilities.SafeActions.safeType(findTestObject("CERTPAY_QUICKSTI/Login_ Page/BUREAU_CODE"), bureau_code, "Bureau code", [pageLoadTime]): Quicksti_Samday_Refunds_Admin.ts:Entered'6100000 into Bureau code

2020-09-09 13:11:55 - [MESSAGE][PASSED] - Object 'Object Repository/CERTPAY_QUICKSTI/Login_ Page/BUREAU_CODE' is present

2020-09-09 13:11:55 - [MESSAGE][PASSED] - Object 'Object Repository/CERTPAY_QUICKSTI/Login_ Page/BUREAU_CODE' is visible

2020-09-09 13:11:55 - [MESSAGE][PASSED] - Object 'Object Repository/CERTPAY_QUICKSTI/Login_ Page/BUREAU_CODE' is present

2020-09-09 13:11:57 - [MESSAGE][PASSED] - Text '6100000' is set on object 'Object Repository/CERTPAY_QUICKSTI/Login_ Page/BUREAU_CODE'

2020-09-09 13:11:57 - [MESSAGE][PASSED] - Quicksti_Samday_Refunds_Admin.ts:Entered'6100000 into Bureau code

2020-09-09 13:11:57 - [TEST_STEP][PASSED] - utilities.SafeActions.safeType(findTestObject("CERTPAY_QUICKSTI/Login_ Page/TELLER_ID"), teller_id, "Bureau code", [pageLoadTime]): Quicksti_Samday_Refunds_Admin.ts:Entered'zenq into Bureau code

2020-09-09 13:11:57 - [MESSAGE][PASSED] - Object 'Object Repository/CERTPAY_QUICKSTI/Login_ Page/TELLER_ID' is present

2020-09-09 13:11:57 - [MESSAGE][PASSED] - Object 'Object Repository/CERTPAY_QUICKSTI/Login_ Page/TELLER_ID' is visible

2020-09-09 13:11:58 - [MESSAGE][PASSED] - Object 'Object Repository/CERTPAY_QUICKSTI/Login_ Page/TELLER_ID' is present

2020-09-09 13:11:59 - [MESSAGE][PASSED] - Text 'zenq' is set on object 'Object Repository/CERTPAY_QUICKSTI/Login_ Page/TELLER_ID'

2020-09-09 13:11:59 - [MESSAGE][PASSED] - Quicksti_Samday_Refunds_Admin.ts:Entered'zenq into Bureau code

2020-09-09 13:11:59 - [TEST_STEP][PASSED] - utilities.SafeActions.safeClick(findTestObject("CERTPAY_QUICKSTI/Login_ Page/NEXT_BUTTON"), "Next button", [pageLoadTime]): Quicksti_Samday_Refunds_Admin.ts:Clicked on the Next button

2020-09-09 13:11:59 - [MESSAGE][INFO] - safeClicking

2020-09-09 13:11:59 - [MESSAGE][PASSED] - Object 'Object Repository/CERTPAY_QUICKSTI/Login_ Page/NEXT_BUTTON' is present

2020-09-09 13:12:00 - [MESSAGE][PASSED] - Object 'Object Repository/CERTPAY_QUICKSTI/Login_ Page/NEXT_BUTTON' is clickable

2020-09-09 13:12:03 - [MESSAGE][PASSED] - Object: 'Object Repository/CERTPAY_QUICKSTI/Login_ Page/NEXT_BUTTON' is clicked on

2020-09-09 13:12:03 - [MESSAGE][PASSED] - Quicksti_Samday_Refunds_Admin.ts:Clicked on the Next button

2020-09-09 13:12:03 - [TEST_STEP][PASSED] - utilities.SafeActions.safeClick(findTestObject("CERTPAY_QUICKSTI/Payment_Information_Page/MANUAL_ENTRY_BUTTON"), "ManualEntry", [pageLoadTime]): Quicksti_Samday_Refunds_Admin.ts:Clicked on the ManualEntry

2020-09-09 13:12:03 - [MESSAGE][INFO] - safeClicking

2020-09-09 13:12:04 - [MESSAGE][PASSED] - Object 'Object Repository/CERTPAY_QUICKSTI/Payment_Information_Page/MANUAL_ENTRY_BUTTON' is present

2020-09-09 13:12:04 - [MESSAGE][PASSED] - Object 'Object Repository/CERTPAY_QUICKSTI/Payment_Information_Page/MANUAL_ENTRY_BUTTON' is clickable

2020-09-09 13:12:07 - [MESSAGE][PASSED] - Object: 'Object Repository/CERTPAY_QUICKSTI/Payment_Information_Page/MANUAL_ENTRY_BUTTON' is clicked on

2020-09-09 13:12:07 - [MESSAGE][PASSED] - Quicksti_Samday_Refunds_Admin.ts:Clicked on the ManualEntry

2020-09-09 13:12:07 - [TEST_STEP][PASSED] - CardNumber = pages.Quicksti.setUserPaymentDetails(firstName, lastName, cardNum): Quicksti_Samday_Refunds_Admin.ts:Entered'8171999900000018 into CardNum

2020-09-09 13:12:07 - [MESSAGE][PASSED] - Object 'Object Repository/CERTPAY_QUICKSTI/Payment_Information_Page/FIRST_NAME' is present

2020-09-09 13:12:07 - [MESSAGE][PASSED] - Object 'Object Repository/CERTPAY_QUICKSTI/Payment_Information_Page/FIRST_NAME' is visible

2020-09-09 13:12:08 - [MESSAGE][PASSED] - Object 'Object Repository/CERTPAY_QUICKSTI/Payment_Information_Page/FIRST_NAME' is present

2020-09-09 13:12:09 - [MESSAGE][PASSED] - Text 'Tester' is set on object 'Object Repository/CERTPAY_QUICKSTI/Payment_Information_Page/FIRST_NAME'

2020-09-09 13:12:09 - [MESSAGE][PASSED] - Quicksti_Samday_Refunds_Admin.ts:Entered'Tester into FirstName

2020-09-09 13:12:09 - [MESSAGE][PASSED] - Object 'Object Repository/CERTPAY_QUICKSTI/Payment_Information_Page/LAST_NAME' is present

2020-09-09 13:12:10 - [MESSAGE][PASSED] - Object 'Object Repository/CERTPAY_QUICKSTI/Payment_Information_Page/LAST_NAME' is visible

2020-09-09 13:12:10 - [MESSAGE][PASSED] - Object 'Object Repository/CERTPAY_QUICKSTI/Payment_Information_Page/LAST_NAME' is present

2020-09-09 13:12:11 - [MESSAGE][PASSED] - Text 'Zenq1' is set on object 'Object Repository/CERTPAY_QUICKSTI/Payment_Information_Page/LAST_NAME'

2020-09-09 13:12:11 - [MESSAGE][PASSED] - Quicksti_Samday_Refunds_Admin.ts:Entered'Zenq1 into LAstName

2020-09-09 13:12:12 - [MESSAGE][PASSED] - Object 'Object Repository/CERTPAY_QUICKSTI/Payment_Information_Page/CARD_NUMBER' is present

2020-09-09 13:12:12 - [MESSAGE][PASSED] - Object 'Object Repository/CERTPAY_QUICKSTI/Payment_Information_Page/CARD_NUMBER' is visible

2020-09-09 13:12:12 - [MESSAGE][PASSED] - Object 'Object Repository/CERTPAY_QUICKSTI/Payment_Information_Page/CARD_NUMBER' is present

2020-09-09 13:12:14 - [MESSAGE][PASSED] - Text '8171999900000018' is set on object 'Object Repository/CERTPAY_QUICKSTI/Payment_Information_Page/CARD_NUMBER'

2020-09-09 13:12:14 - [MESSAGE][PASSED] - Quicksti_Samday_Refunds_Admin.ts:Entered'8171999900000018 into CardNum

2020-09-09 13:12:14 - [TEST_STEP][PASSED] - utilities.SafeActions.safeSelectOptionInDropdownByVisibleText(findTestObject("CERTPAY_QUICKSTI/Payment_Information_Page/PAYMENT_TYPE"), paymentType, "paymentType", [pageLoadTime]): selected dropdown option by visible text  Licensesfrom paymentType

2020-09-09 13:12:14 - [MESSAGE][PASSED] - Object 'Object Repository/CERTPAY_QUICKSTI/Payment_Information_Page/PAYMENT_TYPE' is visible

2020-09-09 13:12:14 - [MESSAGE][PASSED] - Object 'Object Repository/CERTPAY_QUICKSTI/Payment_Information_Page/PAYMENT_TYPE' is present

2020-09-09 13:12:16 - [MESSAGE][PASSED] - Object: 'Object Repository/CERTPAY_QUICKSTI/Payment_Information_Page/PAYMENT_TYPE' is clicked on

2020-09-09 13:12:17 - [MESSAGE][PASSED] - All options with label 'Licenses' are selected in object 'Object Repository/CERTPAY_QUICKSTI/Payment_Information_Page/PAYMENT_TYPE'  using regular expression

2020-09-09 13:12:17 - [MESSAGE][PASSED] - selected dropdown option by visible text  Licensesfrom paymentType

2020-09-09 13:12:17 - [TEST_STEP][PASSED] - pages.Quicksti.setExpDate(expMonth, expYear, securityCode): Quicksti_Samday_Refunds_Admin.ts:Entered'111 into securityCode

2020-09-09 13:12:17 - [MESSAGE][PASSED] - Object 'Object Repository/CERTPAY_QUICKSTI/Payment_Information_Page/EXP_MONTH' is visible

2020-09-09 13:12:17 - [MESSAGE][PASSED] - Object 'Object Repository/CERTPAY_QUICKSTI/Payment_Information_Page/EXP_MONTH' is present

2020-09-09 13:12:19 - [MESSAGE][PASSED] - Object: 'Object Repository/CERTPAY_QUICKSTI/Payment_Information_Page/EXP_MONTH' is clicked on

2020-09-09 13:12:20 - [MESSAGE][PASSED] - All options with label '04' are selected in object 'Object Repository/CERTPAY_QUICKSTI/Payment_Information_Page/EXP_MONTH'  using regular expression

2020-09-09 13:12:20 - [MESSAGE][PASSED] - selected dropdown option by visible text  04from expMonth

2020-09-09 13:12:20 - [MESSAGE][PASSED] - Object 'Object Repository/CERTPAY_QUICKSTI/Payment_Information_Page/EXP_YEAR' is visible

2020-09-09 13:12:21 - [MESSAGE][PASSED] - Object 'Object Repository/CERTPAY_QUICKSTI/Payment_Information_Page/EXP_YEAR' is present

2020-09-09 13:12:22 - [MESSAGE][PASSED] - Object: 'Object Repository/CERTPAY_QUICKSTI/Payment_Information_Page/EXP_YEAR' is clicked on

2020-09-09 13:12:23 - [MESSAGE][PASSED] - All options with label '2027' are selected in object 'Object Repository/CERTPAY_QUICKSTI/Payment_Information_Page/EXP_YEAR'  using regular expression

2020-09-09 13:12:23 - [MESSAGE][PASSED] - selected dropdown option by visible text  2027from  expYear

2020-09-09 13:12:24 - [MESSAGE][PASSED] - Object 'Object Repository/CERTPAY_QUICKSTI/Payment_Information_Page/SECURITY_CODE' is present

2020-09-09 13:12:24 - [MESSAGE][PASSED] - Object 'Object Repository/CERTPAY_QUICKSTI/Payment_Information_Page/SECURITY_CODE' is visible

2020-09-09 13:12:24 - [MESSAGE][PASSED] - Object 'Object Repository/CERTPAY_QUICKSTI/Payment_Information_Page/SECURITY_CODE' is present

2020-09-09 13:12:26 - [MESSAGE][PASSED] - Text '111' is set on object 'Object Repository/CERTPAY_QUICKSTI/Payment_Information_Page/SECURITY_CODE'

2020-09-09 13:12:26 - [MESSAGE][PASSED] - Quicksti_Samday_Refunds_Admin.ts:Entered'111 into securityCode

2020-09-09 13:12:26 - [TEST_STEP][PASSED] - pages.Quicksti.setPaymentAmountDetailsForSinglePayment(paymentAmount, quantity): Quicksti_Samday_Refunds_Admin.ts:Entered'1 into Quantity

2020-09-09 13:12:26 - [MESSAGE][PASSED] - Object 'Object Repository/CERTPAY_QUICKSTI/Payment_Information_Page/PAYMENT_AMOUNT' is present

2020-09-09 13:12:26 - [MESSAGE][PASSED] - Object 'Object Repository/CERTPAY_QUICKSTI/Payment_Information_Page/PAYMENT_AMOUNT' is visible

2020-09-09 13:12:26 - [MESSAGE][PASSED] - Object 'Object Repository/CERTPAY_QUICKSTI/Payment_Information_Page/PAYMENT_AMOUNT' is present

2020-09-09 13:12:28 - [MESSAGE][PASSED] - Text '30.00' is set on object 'Object Repository/CERTPAY_QUICKSTI/Payment_Information_Page/PAYMENT_AMOUNT'

2020-09-09 13:12:28 - [MESSAGE][PASSED] - Quicksti_Samday_Refunds_Admin.ts:Entered'30.00 into amount

2020-09-09 13:12:28 - [MESSAGE][PASSED] - Object 'Object Repository/CERTPAY_QUICKSTI/Payment_Information_Page/QUANTITY' is present

2020-09-09 13:12:29 - [MESSAGE][PASSED] - Object 'Object Repository/CERTPAY_QUICKSTI/Payment_Information_Page/QUANTITY' is visible

2020-09-09 13:12:29 - [MESSAGE][PASSED] - Object 'Object Repository/CERTPAY_QUICKSTI/Payment_Information_Page/QUANTITY' is present

2020-09-09 13:12:30 - [MESSAGE][PASSED] - Text '1' is set on object 'Object Repository/CERTPAY_QUICKSTI/Payment_Information_Page/QUANTITY'

2020-09-09 13:12:30 - [MESSAGE][PASSED] - Quicksti_Samday_Refunds_Admin.ts:Entered'1 into Quantity

2020-09-09 13:12:30 - [TEST_STEP][PASSED] - utilities.SafeActions.safeType(findTestObject("CERTPAY_QUICKSTI/Payment_Information_Page/REFRENCE_NUMBER"), referenceNum, "Reference Number", [pageLoadTime]): Quicksti_Samday_Refunds_Admin.ts:Entered'13 into Reference Number

2020-09-09 13:12:31 - [MESSAGE][PASSED] - Object 'Object Repository/CERTPAY_QUICKSTI/Payment_Information_Page/REFRENCE_NUMBER' is present

2020-09-09 13:12:31 - [MESSAGE][PASSED] - Object 'Object Repository/CERTPAY_QUICKSTI/Payment_Information_Page/REFRENCE_NUMBER' is visible

2020-09-09 13:12:31 - [MESSAGE][PASSED] - Object 'Object Repository/CERTPAY_QUICKSTI/Payment_Information_Page/REFRENCE_NUMBER' is present

2020-09-09 13:12:32 - [MESSAGE][PASSED] - Text '13' is set on object 'Object Repository/CERTPAY_QUICKSTI/Payment_Information_Page/REFRENCE_NUMBER'

2020-09-09 13:12:32 - [MESSAGE][PASSED] - Quicksti_Samday_Refunds_Admin.ts:Entered'13 into Reference Number

2020-09-09 13:12:32 - [TEST_STEP][PASSED] - amount_Value = pages.Quicksti.getAttributeValue(findTestObject("CERTPAY_QUICKSTI/Payment_Information_Page/SUB_TOTAL")): pages.Quicksti.getAttributeValue is PASSED

2020-09-09 13:12:33 - [MESSAGE][PASSED] - Attribute 'value' of object 'Object Repository/CERTPAY_QUICKSTI/Payment_Information_Page/SUB_TOTAL' is: '30.00'

2020-09-09 13:12:33 - [MESSAGE][PASSED] - pages.Quicksti.getAttributeValue is PASSED

2020-09-09 13:12:33 - [TEST_STEP][PASSED] - utilities.SafeActions.safeType(findTestObject("CERTPAY_QUICKSTI/Payment_Information_Page/COMMENTS"), "Testing", "Comments", [pageLoadTime]): Quicksti_Samday_Refunds_Admin.ts:Entered'Testing into Comments

2020-09-09 13:12:33 - [MESSAGE][PASSED] - Object 'Object Repository/CERTPAY_QUICKSTI/Payment_Information_Page/COMMENTS' is present

2020-09-09 13:12:34 - [MESSAGE][PASSED] - Object 'Object Repository/CERTPAY_QUICKSTI/Payment_Information_Page/COMMENTS' is visible

2020-09-09 13:12:34 - [MESSAGE][PASSED] - Object 'Object Repository/CERTPAY_QUICKSTI/Payment_Information_Page/COMMENTS' is present

2020-09-09 13:12:35 - [MESSAGE][PASSED] - Text 'Testing' is set on object 'Object Repository/CERTPAY_QUICKSTI/Payment_Information_Page/COMMENTS'

2020-09-09 13:12:35 - [MESSAGE][PASSED] - Quicksti_Samday_Refunds_Admin.ts:Entered'Testing into Comments

2020-09-09 13:12:35 - [TEST_STEP][PASSED] - utilities.SafeActions.safeType(findTestObject("CERTPAY_QUICKSTI/Payment_Information_Page/ADDRESS"), address, "Address", [pageLoadTime]): Quicksti_Samday_Refunds_Admin.ts:Entered'14-2 into Address

2020-09-09 13:12:36 - [MESSAGE][PASSED] - Object 'Object Repository/CERTPAY_QUICKSTI/Payment_Information_Page/ADDRESS' is present

2020-09-09 13:12:36 - [MESSAGE][PASSED] - Object 'Object Repository/CERTPAY_QUICKSTI/Payment_Information_Page/ADDRESS' is visible

2020-09-09 13:12:36 - [MESSAGE][PASSED] - Object 'Object Repository/CERTPAY_QUICKSTI/Payment_Information_Page/ADDRESS' is present

2020-09-09 13:12:37 - [MESSAGE][PASSED] - Text '14-2' is set on object 'Object Repository/CERTPAY_QUICKSTI/Payment_Information_Page/ADDRESS'

2020-09-09 13:12:37 - [MESSAGE][PASSED] - Quicksti_Samday_Refunds_Admin.ts:Entered'14-2 into Address

2020-09-09 13:12:37 - [TEST_STEP][PASSED] - utilities.SafeActions.safeType(findTestObject("CERTPAY_QUICKSTI/Payment_Information_Page/ZIP_CODE"), zipCode, "zipcode", [pageLoadTime]): Quicksti_Samday_Refunds_Admin.ts:Entered'76102 into zipcode

2020-09-09 13:12:38 - [MESSAGE][PASSED] - Object 'Object Repository/CERTPAY_QUICKSTI/Payment_Information_Page/ZIP_CODE' is present

2020-09-09 13:12:38 - [MESSAGE][PASSED] - Object 'Object Repository/CERTPAY_QUICKSTI/Payment_Information_Page/ZIP_CODE' is visible

2020-09-09 13:12:38 - [MESSAGE][PASSED] - Object 'Object Repository/CERTPAY_QUICKSTI/Payment_Information_Page/ZIP_CODE' is present

2020-09-09 13:12:40 - [MESSAGE][PASSED] - Text '76102' is set on object 'Object Repository/CERTPAY_QUICKSTI/Payment_Information_Page/ZIP_CODE'

2020-09-09 13:12:40 - [MESSAGE][PASSED] - Quicksti_Samday_Refunds_Admin.ts:Entered'76102 into zipcode

2020-09-09 13:12:40 - [TEST_STEP][PASSED] - utilities.SafeActions.safeType(findTestObject("CERTPAY_QUICKSTI/Payment_Information_Page/TELEPHONE"), telephone, "Telephone", [pageLoadTime]): Quicksti_Samday_Refunds_Admin.ts:Entered'9989897654 into Telephone

2020-09-09 13:12:40 - [MESSAGE][PASSED] - Object 'Object Repository/CERTPAY_QUICKSTI/Payment_Information_Page/TELEPHONE' is present

2020-09-09 13:12:40 - [MESSAGE][PASSED] - Object 'Object Repository/CERTPAY_QUICKSTI/Payment_Information_Page/TELEPHONE' is visible

2020-09-09 13:12:41 - [MESSAGE][PASSED] - Object 'Object Repository/CERTPAY_QUICKSTI/Payment_Information_Page/TELEPHONE' is present

2020-09-09 13:12:42 - [MESSAGE][PASSED] - Text '9989897654' is set on object 'Object Repository/CERTPAY_QUICKSTI/Payment_Information_Page/TELEPHONE'

2020-09-09 13:12:42 - [MESSAGE][PASSED] - Quicksti_Samday_Refunds_Admin.ts:Entered'9989897654 into Telephone

2020-09-09 13:12:42 - [TEST_STEP][PASSED] - utilities.SafeActions.safeType(findTestObject("CERTPAY_QUICKSTI/Payment_Information_Page/EMAIL_ADDRESS"), emailAddress, "EMAIL address", [pageLoadTime]): Quicksti_Samday_Refunds_Admin.ts:Entered'testing@zenq.com into EMAIL address

2020-09-09 13:12:42 - [MESSAGE][PASSED] - Object 'Object Repository/CERTPAY_QUICKSTI/Payment_Information_Page/EMAIL_ADDRESS' is present

2020-09-09 13:12:43 - [MESSAGE][PASSED] - Object 'Object Repository/CERTPAY_QUICKSTI/Payment_Information_Page/EMAIL_ADDRESS' is visible

2020-09-09 13:12:43 - [MESSAGE][PASSED] - Object 'Object Repository/CERTPAY_QUICKSTI/Payment_Information_Page/EMAIL_ADDRESS' is present

2020-09-09 13:12:44 - [MESSAGE][PASSED] - Text 'testing@zenq.com' is set on object 'Object Repository/CERTPAY_QUICKSTI/Payment_Information_Page/EMAIL_ADDRESS'

2020-09-09 13:12:44 - [MESSAGE][PASSED] - Quicksti_Samday_Refunds_Admin.ts:Entered'testing@zenq.com into EMAIL address

2020-09-09 13:12:44 - [TEST_STEP][PASSED] - utilities.SafeActions.safeClick(findTestObject("CERTPAY_QUICKSTI/Payment_Information_Page/NEXT_BUTTON"), "Next", [pageLoadTime]): Quicksti_Samday_Refunds_Admin.ts:Clicked on the Next

2020-09-09 13:12:44 - [MESSAGE][INFO] - safeClicking

2020-09-09 13:12:45 - [MESSAGE][PASSED] - Object 'Object Repository/CERTPAY_QUICKSTI/Payment_Information_Page/NEXT_BUTTON' is present

2020-09-09 13:12:45 - [MESSAGE][PASSED] - Object 'Object Repository/CERTPAY_QUICKSTI/Payment_Information_Page/NEXT_BUTTON' is clickable

2020-09-09 13:12:48 - [MESSAGE][PASSED] - Object: 'Object Repository/CERTPAY_QUICKSTI/Payment_Information_Page/NEXT_BUTTON' is clicked on

2020-09-09 13:12:48 - [MESSAGE][PASSED] - Quicksti_Samday_Refunds_Admin.ts:Clicked on the Next

2020-09-09 13:12:48 - [TEST_STEP][PASSED] - pages.Quicksti.verifyUserPaymentDetails(paymentAmount, firstName, lastName, CardNumber): pages.Quicksti.verifyUserPaymentDetails is PASSED

2020-09-09 13:12:48 - [MESSAGE][PASSED] - Text of object 'Object Repository/CERTPAY_QUICKSTI/Payment_Details_Verification_Page/AMOUNT' is: '$30.00'

2020-09-09 13:12:48 - [MESSAGE][PASSED] - Actual text '30.00' and expected text '30.00' are matched  using regular expression

2020-09-09 13:12:49 - [MESSAGE][PASSED] - Text of object 'Object Repository/CERTPAY_QUICKSTI/Payment_Details_Verification_Page/NAME' is: 'Tester Zenq1'

2020-09-09 13:12:49 - [MESSAGE][PASSED] - Actual text 'Tester Zenq1' and expected text 'Tester Zenq1' are matched  using regular expression

2020-09-09 13:12:49 - [MESSAGE][PASSED] - Text of object 'Object Repository/CERTPAY_QUICKSTI/Payment_Details_Verification_Page/CARD_NUMBER' is: '...0018'

2020-09-09 13:12:49 - [MESSAGE][PASSED] - Actual text '0018' and expected text '0018' are matched  using regular expression

2020-09-09 13:12:49 - [MESSAGE][PASSED] - pages.Quicksti.verifyUserPaymentDetails is PASSED

2020-09-09 13:12:49 - [TEST_STEP][PASSED] - delay(2): Delayed 2 second(s)

2020-09-09 13:12:51 - [MESSAGE][PASSED] - Delayed 2 second(s)

2020-09-09 13:12:51 - [TEST_STEP][PASSED] - scrollToElement(findTestObject("CERTPAY_QUICKSTI/Payment_Details_Verification_Page/PROCESS"), 30): Scroll to object 'Object Repository/CERTPAY_QUICKSTI/Payment_Details_Verification_Page/PROCESS' successfully

2020-09-09 13:12:51 - [MESSAGE][PASSED] - Scroll to object 'Object Repository/CERTPAY_QUICKSTI/Payment_Details_Verification_Page/PROCESS' successfully

2020-09-09 13:12:51 - [TEST_STEP][PASSED] - utilities.SafeActions.safeClick(findTestObject("CERTPAY_QUICKSTI/Payment_Details_Verification_Page/PROCESS"), "Process", [pageLoadTime]): Quicksti_Samday_Refunds_Admin.ts:Clicked on the Process

2020-09-09 13:12:51 - [MESSAGE][INFO] - safeClicking

2020-09-09 13:12:52 - [MESSAGE][PASSED] - Object 'Object Repository/CERTPAY_QUICKSTI/Payment_Details_Verification_Page/PROCESS' is present

2020-09-09 13:12:52 - [MESSAGE][PASSED] - Object 'Object Repository/CERTPAY_QUICKSTI/Payment_Details_Verification_Page/PROCESS' is clickable

2020-09-09 13:12:56 - [MESSAGE][PASSED] - Object: 'Object Repository/CERTPAY_QUICKSTI/Payment_Details_Verification_Page/PROCESS' is clicked on

2020-09-09 13:12:57 - [MESSAGE][PASSED] - Quicksti_Samday_Refunds_Admin.ts:Clicked on the Process

2020-09-09 13:12:57 - [TEST_STEP][PASSED] - paymentId = pages.Quicksti.verifyPaymentApproval(findTestObject("CERTPAY_QUICKSTI/Payment_Details_Verification_Page/APPROVED")): Payment is approved

2020-09-09 13:12:57 - [MESSAGE][PASSED] - Text of object 'Object Repository/CERTPAY_QUICKSTI/Payment_Details_Verification_Page/PAYMENT_ID' is: '100176114055'

2020-09-09 13:12:57 - [MESSAGE][PASSED] - Object 'Object Repository/CERTPAY_QUICKSTI/Payment_Details_Verification_Page/APPROVED' is present

2020-09-09 13:12:57 - [MESSAGE][PASSED] - Payment is approved

2020-09-09 13:12:59 - [TEST_STEP][PASSED] - navigateToUrl(Admin_url): Navigate to 'https://qa-certpayadmin.faps.net' successfully

2020-09-09 13:13:06 - [MESSAGE][PASSED] - Navigate to 'https://qa-certpayadmin.faps.net' successfully

2020-09-09 13:13:06 - [TEST_STEP][PASSED] - pages.Bureau_Login_Page.loginToAdminSite(AdminUsername, AdminPassword): Quicksti_Samday_Refunds_Admin.ts:Clicked on the LOGIN

2020-09-09 13:13:07 - [MESSAGE][PASSED] - Object 'Object Repository/CERTPAY_ADMIN/USER_NAME' is present

2020-09-09 13:13:07 - [MESSAGE][PASSED] - Object 'Object Repository/CERTPAY_ADMIN/USER_NAME' is visible

2020-09-09 13:13:07 - [MESSAGE][PASSED] - Object 'Object Repository/CERTPAY_ADMIN/USER_NAME' is present

2020-09-09 13:13:09 - [MESSAGE][PASSED] - Text 'VVangiliappan' is set on object 'Object Repository/CERTPAY_ADMIN/USER_NAME'

2020-09-09 13:13:09 - [MESSAGE][PASSED] - Quicksti_Samday_Refunds_Admin.ts:Entered'VVangiliappan into username

2020-09-09 13:13:09 - [MESSAGE][PASSED] - Object 'Object Repository/CERTPAY_ADMIN/PASSWORD' is present

2020-09-09 13:13:09 - [MESSAGE][PASSED] - Object 'Object Repository/CERTPAY_ADMIN/PASSWORD' is visible

2020-09-09 13:13:10 - [MESSAGE][PASSED] - Object 'Object Repository/CERTPAY_ADMIN/PASSWORD' is present

2020-09-09 13:13:11 - [MESSAGE][PASSED] - Text 'Knila@12345' is set on object 'Object Repository/CERTPAY_ADMIN/PASSWORD'

2020-09-09 13:13:11 - [MESSAGE][PASSED] - Quicksti_Samday_Refunds_Admin.ts:Entered'Knila@12345 into password

2020-09-09 13:13:11 - [MESSAGE][INFO] - safeClicking

2020-09-09 13:13:11 - [MESSAGE][PASSED] - Object 'Object Repository/CERTPAY_ADMIN/LOGIN_BUTTON' is present

2020-09-09 13:13:12 - [MESSAGE][PASSED] - Object 'Object Repository/CERTPAY_ADMIN/LOGIN_BUTTON' is clickable

2020-09-09 13:13:20 - [MESSAGE][PASSED] - Object: 'Object Repository/CERTPAY_ADMIN/LOGIN_BUTTON' is clicked on

2020-09-09 13:13:20 - [MESSAGE][PASSED] - Quicksti_Samday_Refunds_Admin.ts:Clicked on the LOGIN

2020-09-09 13:13:20 - [TEST_STEP][PASSED] - utilities.SafeActions.safeClick(findTestObject("CERTPAY_ADMIN/TRANSACTION_SEARCH"), "TransactionSearch", [pageLoadTime]): Quicksti_Samday_Refunds_Admin.ts:Clicked on the TransactionSearch

2020-09-09 13:13:20 - [MESSAGE][INFO] - safeClicking

2020-09-09 13:13:20 - [MESSAGE][PASSED] - Object 'Object Repository/CERTPAY_ADMIN/TRANSACTION_SEARCH' is present

2020-09-09 13:13:20 - [MESSAGE][PASSED] - Object 'Object Repository/CERTPAY_ADMIN/TRANSACTION_SEARCH' is clickable

2020-09-09 13:13:23 - [MESSAGE][PASSED] - Object: 'Object Repository/CERTPAY_ADMIN/TRANSACTION_SEARCH' is clicked on

2020-09-09 13:13:23 - [MESSAGE][PASSED] - Quicksti_Samday_Refunds_Admin.ts:Clicked on the TransactionSearch

2020-09-09 13:13:23 - [TEST_STEP][PASSED] - utilities.SafeActions.safeType(findTestObject("CERTPAY_ADMIN/PAYMENT_ID"), paymentId, "Payment id", [pageLoadTime]): Quicksti_Samday_Refunds_Admin.ts:Entered'100176114055 into Payment id

2020-09-09 13:13:24 - [MESSAGE][PASSED] - Object 'Object Repository/CERTPAY_ADMIN/PAYMENT_ID' is present

2020-09-09 13:13:24 - [MESSAGE][PASSED] - Object 'Object Repository/CERTPAY_ADMIN/PAYMENT_ID' is visible

2020-09-09 13:13:24 - [MESSAGE][PASSED] - Object 'Object Repository/CERTPAY_ADMIN/PAYMENT_ID' is present

2020-09-09 13:13:26 - [MESSAGE][PASSED] - Text '100176114055' is set on object 'Object Repository/CERTPAY_ADMIN/PAYMENT_ID'

2020-09-09 13:13:26 - [MESSAGE][PASSED] - Quicksti_Samday_Refunds_Admin.ts:Entered'100176114055 into Payment id

2020-09-09 13:13:26 - [TEST_STEP][PASSED] - utilities.SafeActions.safeClick(findTestObject("CERTPAY_ADMIN/GO_BUTTON"), "Go button", [pageLoadTime]): Quicksti_Samday_Refunds_Admin.ts:Clicked on the Go button

2020-09-09 13:13:26 - [MESSAGE][INFO] - safeClicking

2020-09-09 13:13:26 - [MESSAGE][PASSED] - Object 'Object Repository/CERTPAY_ADMIN/GO_BUTTON' is present

2020-09-09 13:13:26 - [MESSAGE][PASSED] - Object 'Object Repository/CERTPAY_ADMIN/GO_BUTTON' is clickable

2020-09-09 13:13:29 - [MESSAGE][PASSED] - Object: 'Object Repository/CERTPAY_ADMIN/GO_BUTTON' is clicked on

2020-09-09 13:13:29 - [MESSAGE][PASSED] - Quicksti_Samday_Refunds_Admin.ts:Clicked on the Go button

2020-09-09 13:13:29 - [TEST_STEP][PASSED] - delay(5): Delayed 5 second(s)

2020-09-09 13:13:34 - [MESSAGE][PASSED] - Delayed 5 second(s)

2020-09-09 13:13:34 - [TEST_STEP][PASSED] - paymentIdList.add(paymentId): null

2020-09-09 13:13:34 - [TEST_STEP][PASSED] - println(paymentIdList): null

2020-09-09 13:13:34 - [TEST_STEP][PASSED] - utilities.SafeActions.safeClick(findTestObject("CERTPAY_ADMIN/ACTIONS_BUTTON"), "Actions button", [pageLoadTime]): Quicksti_Samday_Refunds_Admin.ts:Clicked on the Actions button

2020-09-09 13:13:34 - [MESSAGE][INFO] - safeClicking

2020-09-09 13:13:34 - [MESSAGE][PASSED] - Object 'Object Repository/CERTPAY_ADMIN/ACTIONS_BUTTON' is present

2020-09-09 13:13:34 - [MESSAGE][PASSED] - Object 'Object Repository/CERTPAY_ADMIN/ACTIONS_BUTTON' is clickable

2020-09-09 13:13:36 - [MESSAGE][PASSED] - Object: 'Object Repository/CERTPAY_ADMIN/ACTIONS_BUTTON' is clicked on

2020-09-09 13:13:36 - [MESSAGE][PASSED] - Quicksti_Samday_Refunds_Admin.ts:Clicked on the Actions button

2020-09-09 13:13:36 - [TEST_STEP][PASSED] - utilities.SafeActions.safeClick(findTestObject("CERTPAY_ADMIN/REFUND_MENU"), "Refund Menu", [pageLoadTime]): Quicksti_Samday_Refunds_Admin.ts:Clicked on the Refund Menu

2020-09-09 13:13:36 - [MESSAGE][INFO] - safeClicking

2020-09-09 13:13:36 - [MESSAGE][PASSED] - Object 'Object Repository/CERTPAY_ADMIN/REFUND_MENU' is present

2020-09-09 13:13:36 - [MESSAGE][PASSED] - Object 'Object Repository/CERTPAY_ADMIN/REFUND_MENU' is clickable

2020-09-09 13:13:38 - [MESSAGE][PASSED] - Object: 'Object Repository/CERTPAY_ADMIN/REFUND_MENU' is clicked on

2020-09-09 13:13:38 - [MESSAGE][PASSED] - Quicksti_Samday_Refunds_Admin.ts:Clicked on the Refund Menu

2020-09-09 13:13:38 - [TEST_STEP][PASSED] - delay(2): Delayed 2 second(s)

2020-09-09 13:13:40 - [MESSAGE][PASSED] - Delayed 2 second(s)

2020-09-09 13:13:40 - [TEST_STEP][PASSED] - utilities.SafeActions.safeClick(findTestObject("CERTPAY_ADMIN/CREDIT_RETURN"), "Credit Return", [pageLoadTime]): Quicksti_Samday_Refunds_Admin.ts:Clicked on the Credit Return

2020-09-09 13:13:40 - [MESSAGE][INFO] - safeClicking

2020-09-09 13:13:40 - [MESSAGE][PASSED] - Object 'Object Repository/CERTPAY_ADMIN/CREDIT_RETURN' is present

2020-09-09 13:13:40 - [MESSAGE][PASSED] - Object 'Object Repository/CERTPAY_ADMIN/CREDIT_RETURN' is clickable

2020-09-09 13:13:41 - [MESSAGE][PASSED] - Object: 'Object Repository/CERTPAY_ADMIN/CREDIT_RETURN' is clicked on

2020-09-09 13:13:41 - [MESSAGE][PASSED] - Quicksti_Samday_Refunds_Admin.ts:Clicked on the Credit Return

2020-09-09 13:13:41 - [TEST_STEP][PASSED] - utilities.SafeActions.safeType(findTestObject("Object Repository/CERTPAY_ADMIN/REFUND_AMOUNT"), RefundAmount, "Payment id", [pageLoadTime]): Quicksti_Samday_Refunds_Admin.ts:Entered'10.00 into Payment id

2020-09-09 13:13:42 - [MESSAGE][PASSED] - Object 'Object Repository/CERTPAY_ADMIN/REFUND_AMOUNT' is present

2020-09-09 13:13:42 - [MESSAGE][PASSED] - Object 'Object Repository/CERTPAY_ADMIN/REFUND_AMOUNT' is visible

2020-09-09 13:13:42 - [MESSAGE][PASSED] - Object 'Object Repository/CERTPAY_ADMIN/REFUND_AMOUNT' is present

2020-09-09 13:13:44 - [MESSAGE][PASSED] - Text '10.00' is set on object 'Object Repository/CERTPAY_ADMIN/REFUND_AMOUNT'

2020-09-09 13:13:44 - [MESSAGE][PASSED] - Quicksti_Samday_Refunds_Admin.ts:Entered'10.00 into Payment id

2020-09-09 13:13:44 - [TEST_STEP][PASSED] - utilities.SafeActions.safeClick(findTestObject("Object Repository/CERTPAY_ADMIN/PROCESS_REVERSAL"), "Process Reversal", [pageLoadTime]): Quicksti_Samday_Refunds_Admin.ts:Clicked on the Process Reversal

2020-09-09 13:13:44 - [MESSAGE][INFO] - safeClicking

2020-09-09 13:13:44 - [MESSAGE][PASSED] - Object 'Object Repository/CERTPAY_ADMIN/PROCESS_REVERSAL' is present

2020-09-09 13:13:44 - [MESSAGE][PASSED] - Object 'Object Repository/CERTPAY_ADMIN/PROCESS_REVERSAL' is clickable

2020-09-09 13:13:45 - [MESSAGE][PASSED] - Object: 'Object Repository/CERTPAY_ADMIN/PROCESS_REVERSAL' is clicked on

2020-09-09 13:13:45 - [MESSAGE][PASSED] - Quicksti_Samday_Refunds_Admin.ts:Clicked on the Process Reversal

2020-09-09 13:13:45 - [TEST_STEP][PASSED] - delay(3): Delayed 3 second(s)

2020-09-09 13:13:48 - [MESSAGE][PASSED] - Delayed 3 second(s)

2020-09-09 13:13:48 - [TEST_STEP][PASSED] - utilities.SafeActions.safeClick(findTestObject("Object Repository/CERTPAY_ADMIN/CLOSE_BUTTON"), "Close Button", [pageLoadTime]): Quicksti_Samday_Refunds_Admin.ts:Clicked on the Close Button

2020-09-09 13:13:49 - [MESSAGE][INFO] - safeClicking

2020-09-09 13:13:50 - [MESSAGE][PASSED] - Object 'Object Repository/CERTPAY_ADMIN/CLOSE_BUTTON' is present

2020-09-09 13:13:50 - [MESSAGE][PASSED] - Object 'Object Repository/CERTPAY_ADMIN/CLOSE_BUTTON' is clickable

2020-09-09 13:13:52 - [MESSAGE][ERROR] - javascript error: Failed to execute 'elementsFromPoint' on 'Document': The provided double value is non-finite.
  (Session info: chrome=85.0.4183.83)
Build info: version: '3.141.59', revision: 'e82be7d358', time: '2018-11-14T08:25:53'
System info: host: 'SYS8', ip: '172.31.253.251', os.name: 'Windows 10', os.arch: 'x86', os.version: '10.0', java.version: '1.8.0_181'
Driver info: com.kms.katalon.selenium.driver.CChromeDriver
Capabilities {acceptInsecureCerts: false, browserName: chrome, browserVersion: 85.0.4183.83, chrome: {chromedriverVersion: 85.0.4183.87 (cd6713ebf92fa..., userDataDir: C:\Users\admin\AppData\Loca...}, goog:chromeOptions: {debuggerAddress: localhost:65080}, javascriptEnabled: true, networkConnectionEnabled: false, pageLoadStrategy: normal, platform: WINDOWS, platformName: WINDOWS, proxy: Proxy(), setWindowRect: true, strictFileInteractability: false, timeouts: {implicit: 0, pageLoad: 300000, script: 30000}, unhandledPromptBehavior: dismiss and notify, webauthn:virtualAuthenticators: true}
Session ID: 99212f96f982691b9f0ca04ee878aec8

2020-09-09 13:14:22 - [MESSAGE][ERROR] - javascript error: Failed to execute 'elementsFromPoint' on 'Document': The provided double value is non-finite.
  (Session info: chrome=85.0.4183.83)
Build info: version: '3.141.59', revision: 'e82be7d358', time: '2018-11-14T08:25:53'
System info: host: 'SYS8', ip: '172.31.253.251', os.name: 'Windows 10', os.arch: 'x86', os.version: '10.0', java.version: '1.8.0_181'
Driver info: com.kms.katalon.selenium.driver.CChromeDriver
Capabilities {acceptInsecureCerts: false, browserName: chrome, browserVersion: 85.0.4183.83, chrome: {chromedriverVersion: 85.0.4183.87 (cd6713ebf92fa..., userDataDir: C:\Users\admin\AppData\Loca...}, goog:chromeOptions: {debuggerAddress: localhost:65080}, javascriptEnabled: true, networkConnectionEnabled: false, pageLoadStrategy: normal, platform: WINDOWS, platformName: WINDOWS, proxy: Proxy(), setWindowRect: true, strictFileInteractability: false, timeouts: {implicit: 0, pageLoad: 300000, script: 30000}, unhandledPromptBehavior: dismiss and notify, webauthn:virtualAuthenticators: true}
Session ID: 99212f96f982691b9f0ca04ee878aec8

2020-09-09 13:14:24 - [MESSAGE][PASSED] - Object: 'Object Repository/CERTPAY_ADMIN/CLOSE_BUTTON' is clicked on

2020-09-09 13:14:24 - [MESSAGE][PASSED] - Quicksti_Samday_Refunds_Admin.ts:Clicked on the Close Button

2020-09-09 13:14:24 - [TEST_STEP][PASSED] - delay(3): Delayed 3 second(s)

2020-09-09 13:14:27 - [MESSAGE][PASSED] - Delayed 3 second(s)

2020-09-09 13:14:27 - [TEST_STEP][PASSED] - scrollToPosition(800, 900): Browser is scrolled to position x = 800, y = 900

2020-09-09 13:14:27 - [MESSAGE][PASSED] - Browser is scrolled to position x = 800, y = 900

2020-09-09 13:14:27 - [TEST_STEP][PASSED] - firstName = data.getValue("FirstName", index): null

2020-09-09 13:14:27 - [TEST_STEP][PASSED] - lastName = data.getValue("LastName", index): null

2020-09-09 13:14:27 - [TEST_STEP][PASSED] - expMonth = data.getValue("ExpMonth", index): null

2020-09-09 13:14:27 - [TEST_STEP][PASSED] - expYear = data.getValue("ExpYear", index): null

2020-09-09 13:14:27 - [TEST_STEP][PASSED] - securityCode = data.getValue("SecurityCode", index): null

2020-09-09 13:14:27 - [TEST_STEP][PASSED] - paymentAmount = data.getValue("PaymentAmount", index): null

2020-09-09 13:14:27 - [TEST_STEP][PASSED] - paymentType = data.getValue("PaymentType", index): null

2020-09-09 13:14:27 - [TEST_STEP][PASSED] - quantity = data.getValue("Quantity", index): null

2020-09-09 13:14:27 - [TEST_STEP][PASSED] - comments = data.getValue("Comments", index): null

2020-09-09 13:14:27 - [TEST_STEP][PASSED] - referenceNum = data.getValue("ReferenceNum", index): null

2020-09-09 13:14:27 - [TEST_STEP][PASSED] - address = data.getValue("Address", index): null

2020-09-09 13:14:27 - [TEST_STEP][PASSED] - zipCode = data.getValue("Zipcode", index): null

2020-09-09 13:14:27 - [TEST_STEP][PASSED] - telephone = data.getValue("Telephone", index): null

2020-09-09 13:14:27 - [TEST_STEP][PASSED] - emailAddress = data.getValue("EmailAddress", index): null

2020-09-09 13:14:27 - [TEST_STEP][PASSED] - cardNum = data.getValue("CardNumber", index): null

2020-09-09 13:14:27 - [TEST_STEP][PASSED] - cardType = data.getValue("CardType", index): null

2020-09-09 13:14:27 - [TEST_STEP][PASSED] - RefundAmount = data.getValue("RefundAmount", index): null

2020-09-09 13:14:27 - [TEST_STEP][PASSED] - utilities.SafeActions.openBrowser(Quicksti_Url, [pageLoadTime]): Browser launched successfully

2020-09-09 13:14:27 - [MESSAGE][INFO] - Opening Browser

2020-09-09 13:14:27 - [MESSAGE][WARNING] - A browser is already opened. Closing browser and opening a new one

2020-09-09 13:14:28 - [MESSAGE][INFO] - Starting 'Chrome' driver

2020-09-09 13:14:39 - [MESSAGE][PASSED] - Browser is opened with url: 'https://qa-certpayquicksti.faps.net/'

2020-09-09 13:14:41 - [MESSAGE][PASSED] - Current window maximized

2020-09-09 13:14:41 - [MESSAGE][PASSED] - Browser launched successfully

2020-09-09 13:14:41 - [TEST_STEP][PASSED] - utilities.SafeActions.safeType(findTestObject("CERTPAY_QUICKSTI/Login_ Page/BUREAU_CODE"), bureau_code, "Bureau code", [pageLoadTime]): Quicksti_Samday_Refunds_Admin.ts:Entered'6100000 into Bureau code

2020-09-09 13:14:41 - [MESSAGE][PASSED] - Object 'Object Repository/CERTPAY_QUICKSTI/Login_ Page/BUREAU_CODE' is present

2020-09-09 13:14:41 - [MESSAGE][PASSED] - Object 'Object Repository/CERTPAY_QUICKSTI/Login_ Page/BUREAU_CODE' is visible

2020-09-09 13:14:42 - [MESSAGE][PASSED] - Object 'Object Repository/CERTPAY_QUICKSTI/Login_ Page/BUREAU_CODE' is present

2020-09-09 13:14:43 - [MESSAGE][PASSED] - Text '6100000' is set on object 'Object Repository/CERTPAY_QUICKSTI/Login_ Page/BUREAU_CODE'

2020-09-09 13:14:43 - [MESSAGE][PASSED] - Quicksti_Samday_Refunds_Admin.ts:Entered'6100000 into Bureau code

2020-09-09 13:14:43 - [TEST_STEP][PASSED] - utilities.SafeActions.safeType(findTestObject("CERTPAY_QUICKSTI/Login_ Page/TELLER_ID"), teller_id, "Bureau code", [pageLoadTime]): Quicksti_Samday_Refunds_Admin.ts:Entered'zenq into Bureau code

2020-09-09 13:14:43 - [MESSAGE][PASSED] - Object 'Object Repository/CERTPAY_QUICKSTI/Login_ Page/TELLER_ID' is present

2020-09-09 13:14:43 - [MESSAGE][PASSED] - Object 'Object Repository/CERTPAY_QUICKSTI/Login_ Page/TELLER_ID' is visible

2020-09-09 13:14:44 - [MESSAGE][PASSED] - Object 'Object Repository/CERTPAY_QUICKSTI/Login_ Page/TELLER_ID' is present

2020-09-09 13:14:45 - [MESSAGE][PASSED] - Text 'zenq' is set on object 'Object Repository/CERTPAY_QUICKSTI/Login_ Page/TELLER_ID'

2020-09-09 13:14:45 - [MESSAGE][PASSED] - Quicksti_Samday_Refunds_Admin.ts:Entered'zenq into Bureau code

2020-09-09 13:14:45 - [TEST_STEP][PASSED] - utilities.SafeActions.safeClick(findTestObject("CERTPAY_QUICKSTI/Login_ Page/NEXT_BUTTON"), "Next button", [pageLoadTime]): Quicksti_Samday_Refunds_Admin.ts:Clicked on the Next button

2020-09-09 13:14:45 - [MESSAGE][INFO] - safeClicking

2020-09-09 13:14:45 - [MESSAGE][PASSED] - Object 'Object Repository/CERTPAY_QUICKSTI/Login_ Page/NEXT_BUTTON' is present

2020-09-09 13:14:46 - [MESSAGE][PASSED] - Object 'Object Repository/CERTPAY_QUICKSTI/Login_ Page/NEXT_BUTTON' is clickable

2020-09-09 13:14:49 - [MESSAGE][PASSED] - Object: 'Object Repository/CERTPAY_QUICKSTI/Login_ Page/NEXT_BUTTON' is clicked on

2020-09-09 13:14:49 - [MESSAGE][PASSED] - Quicksti_Samday_Refunds_Admin.ts:Clicked on the Next button

2020-09-09 13:14:49 - [TEST_STEP][PASSED] - utilities.SafeActions.safeClick(findTestObject("CERTPAY_QUICKSTI/Payment_Information_Page/MANUAL_ENTRY_BUTTON"), "ManualEntry", [pageLoadTime]): Quicksti_Samday_Refunds_Admin.ts:Clicked on the ManualEntry

2020-09-09 13:14:50 - [MESSAGE][INFO] - safeClicking

2020-09-09 13:14:50 - [MESSAGE][PASSED] - Object 'Object Repository/CERTPAY_QUICKSTI/Payment_Information_Page/MANUAL_ENTRY_BUTTON' is present

2020-09-09 13:14:50 - [MESSAGE][PASSED] - Object 'Object Repository/CERTPAY_QUICKSTI/Payment_Information_Page/MANUAL_ENTRY_BUTTON' is clickable

2020-09-09 13:14:52 - [MESSAGE][PASSED] - Object: 'Object Repository/CERTPAY_QUICKSTI/Payment_Information_Page/MANUAL_ENTRY_BUTTON' is clicked on

2020-09-09 13:14:52 - [MESSAGE][PASSED] - Quicksti_Samday_Refunds_Admin.ts:Clicked on the ManualEntry

2020-09-09 13:14:52 - [TEST_STEP][PASSED] - CardNumber = pages.Quicksti.setUserPaymentDetails(firstName, lastName, cardNum): Quicksti_Samday_Refunds_Admin.ts:Entered'374245003731006 into CardNum

2020-09-09 13:14:53 - [MESSAGE][PASSED] - Object 'Object Repository/CERTPAY_QUICKSTI/Payment_Information_Page/FIRST_NAME' is present

2020-09-09 13:14:53 - [MESSAGE][PASSED] - Object 'Object Repository/CERTPAY_QUICKSTI/Payment_Information_Page/FIRST_NAME' is visible

2020-09-09 13:14:53 - [MESSAGE][PASSED] - Object 'Object Repository/CERTPAY_QUICKSTI/Payment_Information_Page/FIRST_NAME' is present

2020-09-09 13:14:55 - [MESSAGE][PASSED] - Text 'Tester' is set on object 'Object Repository/CERTPAY_QUICKSTI/Payment_Information_Page/FIRST_NAME'

2020-09-09 13:14:55 - [MESSAGE][PASSED] - Quicksti_Samday_Refunds_Admin.ts:Entered'Tester into FirstName

2020-09-09 13:14:55 - [MESSAGE][PASSED] - Object 'Object Repository/CERTPAY_QUICKSTI/Payment_Information_Page/LAST_NAME' is present

2020-09-09 13:14:55 - [MESSAGE][PASSED] - Object 'Object Repository/CERTPAY_QUICKSTI/Payment_Information_Page/LAST_NAME' is visible

2020-09-09 13:14:56 - [MESSAGE][PASSED] - Object 'Object Repository/CERTPAY_QUICKSTI/Payment_Information_Page/LAST_NAME' is present

2020-09-09 13:14:57 - [MESSAGE][PASSED] - Text 'Zenq1' is set on object 'Object Repository/CERTPAY_QUICKSTI/Payment_Information_Page/LAST_NAME'

2020-09-09 13:14:57 - [MESSAGE][PASSED] - Quicksti_Samday_Refunds_Admin.ts:Entered'Zenq1 into LAstName

2020-09-09 13:14:57 - [MESSAGE][PASSED] - Object 'Object Repository/CERTPAY_QUICKSTI/Payment_Information_Page/CARD_NUMBER' is present

2020-09-09 13:14:58 - [MESSAGE][PASSED] - Object 'Object Repository/CERTPAY_QUICKSTI/Payment_Information_Page/CARD_NUMBER' is visible

2020-09-09 13:14:58 - [MESSAGE][PASSED] - Object 'Object Repository/CERTPAY_QUICKSTI/Payment_Information_Page/CARD_NUMBER' is present

2020-09-09 13:14:59 - [MESSAGE][PASSED] - Text '374245003731006' is set on object 'Object Repository/CERTPAY_QUICKSTI/Payment_Information_Page/CARD_NUMBER'

2020-09-09 13:14:59 - [MESSAGE][PASSED] - Quicksti_Samday_Refunds_Admin.ts:Entered'374245003731006 into CardNum

2020-09-09 13:14:59 - [TEST_STEP][PASSED] - utilities.SafeActions.safeSelectOptionInDropdownByVisibleText(findTestObject("CERTPAY_QUICKSTI/Payment_Information_Page/PAYMENT_TYPE"), paymentType, "paymentType", [pageLoadTime]): selected dropdown option by visible text  Taxesfrom paymentType

2020-09-09 13:15:00 - [MESSAGE][PASSED] - Object 'Object Repository/CERTPAY_QUICKSTI/Payment_Information_Page/PAYMENT_TYPE' is visible

2020-09-09 13:15:00 - [MESSAGE][PASSED] - Object 'Object Repository/CERTPAY_QUICKSTI/Payment_Information_Page/PAYMENT_TYPE' is present

2020-09-09 13:15:01 - [MESSAGE][PASSED] - Object: 'Object Repository/CERTPAY_QUICKSTI/Payment_Information_Page/PAYMENT_TYPE' is clicked on

2020-09-09 13:15:02 - [MESSAGE][PASSED] - All options with label 'Taxes' are selected in object 'Object Repository/CERTPAY_QUICKSTI/Payment_Information_Page/PAYMENT_TYPE'  using regular expression

2020-09-09 13:15:02 - [MESSAGE][PASSED] - selected dropdown option by visible text  Taxesfrom paymentType

2020-09-09 13:15:02 - [TEST_STEP][PASSED] - pages.Quicksti.setExpDate(expMonth, expYear, securityCode): Quicksti_Samday_Refunds_Admin.ts:Entered'111 into securityCode

2020-09-09 13:15:03 - [MESSAGE][PASSED] - Object 'Object Repository/CERTPAY_QUICKSTI/Payment_Information_Page/EXP_MONTH' is visible

2020-09-09 13:15:03 - [MESSAGE][PASSED] - Object 'Object Repository/CERTPAY_QUICKSTI/Payment_Information_Page/EXP_MONTH' is present

2020-09-09 13:15:04 - [MESSAGE][PASSED] - Object: 'Object Repository/CERTPAY_QUICKSTI/Payment_Information_Page/EXP_MONTH' is clicked on

2020-09-09 13:15:05 - [MESSAGE][PASSED] - All options with label '05' are selected in object 'Object Repository/CERTPAY_QUICKSTI/Payment_Information_Page/EXP_MONTH'  using regular expression

2020-09-09 13:15:05 - [MESSAGE][PASSED] - selected dropdown option by visible text  05from expMonth

2020-09-09 13:15:06 - [MESSAGE][PASSED] - Object 'Object Repository/CERTPAY_QUICKSTI/Payment_Information_Page/EXP_YEAR' is visible

2020-09-09 13:15:06 - [MESSAGE][PASSED] - Object 'Object Repository/CERTPAY_QUICKSTI/Payment_Information_Page/EXP_YEAR' is present

2020-09-09 13:15:07 - [MESSAGE][PASSED] - Object: 'Object Repository/CERTPAY_QUICKSTI/Payment_Information_Page/EXP_YEAR' is clicked on

2020-09-09 13:15:09 - [MESSAGE][PASSED] - All options with label '2022' are selected in object 'Object Repository/CERTPAY_QUICKSTI/Payment_Information_Page/EXP_YEAR'  using regular expression

2020-09-09 13:15:09 - [MESSAGE][PASSED] - selected dropdown option by visible text  2022from  expYear

2020-09-09 13:15:09 - [MESSAGE][PASSED] - Object 'Object Repository/CERTPAY_QUICKSTI/Payment_Information_Page/SECURITY_CODE' is present

2020-09-09 13:15:09 - [MESSAGE][PASSED] - Object 'Object Repository/CERTPAY_QUICKSTI/Payment_Information_Page/SECURITY_CODE' is visible

2020-09-09 13:15:10 - [MESSAGE][PASSED] - Object 'Object Repository/CERTPAY_QUICKSTI/Payment_Information_Page/SECURITY_CODE' is present

2020-09-09 13:15:11 - [MESSAGE][PASSED] - Text '111' is set on object 'Object Repository/CERTPAY_QUICKSTI/Payment_Information_Page/SECURITY_CODE'

2020-09-09 13:15:11 - [MESSAGE][PASSED] - Quicksti_Samday_Refunds_Admin.ts:Entered'111 into securityCode

2020-09-09 13:15:11 - [TEST_STEP][PASSED] - pages.Quicksti.setPaymentAmountDetailsForSinglePayment(paymentAmount, quantity): Quicksti_Samday_Refunds_Admin.ts:Entered'1 into Quantity

2020-09-09 13:15:11 - [MESSAGE][PASSED] - Object 'Object Repository/CERTPAY_QUICKSTI/Payment_Information_Page/PAYMENT_AMOUNT' is present

2020-09-09 13:15:12 - [MESSAGE][PASSED] - Object 'Object Repository/CERTPAY_QUICKSTI/Payment_Information_Page/PAYMENT_AMOUNT' is visible

2020-09-09 13:15:12 - [MESSAGE][PASSED] - Object 'Object Repository/CERTPAY_QUICKSTI/Payment_Information_Page/PAYMENT_AMOUNT' is present

2020-09-09 13:15:13 - [MESSAGE][PASSED] - Text '35.00' is set on object 'Object Repository/CERTPAY_QUICKSTI/Payment_Information_Page/PAYMENT_AMOUNT'

2020-09-09 13:15:13 - [MESSAGE][PASSED] - Quicksti_Samday_Refunds_Admin.ts:Entered'35.00 into amount

2020-09-09 13:15:14 - [MESSAGE][PASSED] - Object 'Object Repository/CERTPAY_QUICKSTI/Payment_Information_Page/QUANTITY' is present

2020-09-09 13:15:14 - [MESSAGE][PASSED] - Object 'Object Repository/CERTPAY_QUICKSTI/Payment_Information_Page/QUANTITY' is visible

2020-09-09 13:15:14 - [MESSAGE][PASSED] - Object 'Object Repository/CERTPAY_QUICKSTI/Payment_Information_Page/QUANTITY' is present

2020-09-09 13:15:16 - [MESSAGE][PASSED] - Text '1' is set on object 'Object Repository/CERTPAY_QUICKSTI/Payment_Information_Page/QUANTITY'

2020-09-09 13:15:16 - [MESSAGE][PASSED] - Quicksti_Samday_Refunds_Admin.ts:Entered'1 into Quantity

2020-09-09 13:15:16 - [TEST_STEP][PASSED] - utilities.SafeActions.safeType(findTestObject("CERTPAY_QUICKSTI/Payment_Information_Page/REFRENCE_NUMBER"), referenceNum, "Reference Number", [pageLoadTime]): Quicksti_Samday_Refunds_Admin.ts:Entered'11 into Reference Number

2020-09-09 13:15:16 - [MESSAGE][PASSED] - Object 'Object Repository/CERTPAY_QUICKSTI/Payment_Information_Page/REFRENCE_NUMBER' is present

2020-09-09 13:15:17 - [MESSAGE][PASSED] - Object 'Object Repository/CERTPAY_QUICKSTI/Payment_Information_Page/REFRENCE_NUMBER' is visible

2020-09-09 13:15:17 - [MESSAGE][PASSED] - Object 'Object Repository/CERTPAY_QUICKSTI/Payment_Information_Page/REFRENCE_NUMBER' is present

2020-09-09 13:15:18 - [MESSAGE][PASSED] - Text '11' is set on object 'Object Repository/CERTPAY_QUICKSTI/Payment_Information_Page/REFRENCE_NUMBER'

2020-09-09 13:15:18 - [MESSAGE][PASSED] - Quicksti_Samday_Refunds_Admin.ts:Entered'11 into Reference Number

2020-09-09 13:15:18 - [TEST_STEP][PASSED] - amount_Value = pages.Quicksti.getAttributeValue(findTestObject("CERTPAY_QUICKSTI/Payment_Information_Page/SUB_TOTAL")): pages.Quicksti.getAttributeValue is PASSED

2020-09-09 13:15:19 - [MESSAGE][PASSED] - Attribute 'value' of object 'Object Repository/CERTPAY_QUICKSTI/Payment_Information_Page/SUB_TOTAL' is: '35.00'

2020-09-09 13:15:19 - [MESSAGE][PASSED] - pages.Quicksti.getAttributeValue is PASSED

2020-09-09 13:15:19 - [TEST_STEP][PASSED] - utilities.SafeActions.safeType(findTestObject("CERTPAY_QUICKSTI/Payment_Information_Page/COMMENTS"), "Testing", "Comments", [pageLoadTime]): Quicksti_Samday_Refunds_Admin.ts:Entered'Testing into Comments

2020-09-09 13:15:19 - [MESSAGE][PASSED] - Object 'Object Repository/CERTPAY_QUICKSTI/Payment_Information_Page/COMMENTS' is present

2020-09-09 13:15:19 - [MESSAGE][PASSED] - Object 'Object Repository/CERTPAY_QUICKSTI/Payment_Information_Page/COMMENTS' is visible

2020-09-09 13:15:20 - [MESSAGE][PASSED] - Object 'Object Repository/CERTPAY_QUICKSTI/Payment_Information_Page/COMMENTS' is present

2020-09-09 13:15:21 - [MESSAGE][PASSED] - Text 'Testing' is set on object 'Object Repository/CERTPAY_QUICKSTI/Payment_Information_Page/COMMENTS'

2020-09-09 13:15:21 - [MESSAGE][PASSED] - Quicksti_Samday_Refunds_Admin.ts:Entered'Testing into Comments

2020-09-09 13:15:21 - [TEST_STEP][PASSED] - utilities.SafeActions.safeType(findTestObject("CERTPAY_QUICKSTI/Payment_Information_Page/ADDRESS"), address, "Address", [pageLoadTime]): Quicksti_Samday_Refunds_Admin.ts:Entered'14-2 into Address

2020-09-09 13:15:21 - [MESSAGE][PASSED] - Object 'Object Repository/CERTPAY_QUICKSTI/Payment_Information_Page/ADDRESS' is present

2020-09-09 13:15:22 - [MESSAGE][PASSED] - Object 'Object Repository/CERTPAY_QUICKSTI/Payment_Information_Page/ADDRESS' is visible

2020-09-09 13:15:22 - [MESSAGE][PASSED] - Object 'Object Repository/CERTPAY_QUICKSTI/Payment_Information_Page/ADDRESS' is present

2020-09-09 13:15:23 - [MESSAGE][PASSED] - Text '14-2' is set on object 'Object Repository/CERTPAY_QUICKSTI/Payment_Information_Page/ADDRESS'

2020-09-09 13:15:23 - [MESSAGE][PASSED] - Quicksti_Samday_Refunds_Admin.ts:Entered'14-2 into Address

2020-09-09 13:15:23 - [TEST_STEP][PASSED] - utilities.SafeActions.safeType(findTestObject("CERTPAY_QUICKSTI/Payment_Information_Page/ZIP_CODE"), zipCode, "zipcode", [pageLoadTime]): Quicksti_Samday_Refunds_Admin.ts:Entered'76102 into zipcode

2020-09-09 13:15:24 - [MESSAGE][PASSED] - Object 'Object Repository/CERTPAY_QUICKSTI/Payment_Information_Page/ZIP_CODE' is present

2020-09-09 13:15:24 - [MESSAGE][PASSED] - Object 'Object Repository/CERTPAY_QUICKSTI/Payment_Information_Page/ZIP_CODE' is visible

2020-09-09 13:15:24 - [MESSAGE][PASSED] - Object 'Object Repository/CERTPAY_QUICKSTI/Payment_Information_Page/ZIP_CODE' is present

2020-09-09 13:15:25 - [MESSAGE][PASSED] - Text '76102' is set on object 'Object Repository/CERTPAY_QUICKSTI/Payment_Information_Page/ZIP_CODE'

2020-09-09 13:15:25 - [MESSAGE][PASSED] - Quicksti_Samday_Refunds_Admin.ts:Entered'76102 into zipcode

2020-09-09 13:15:25 - [TEST_STEP][PASSED] - utilities.SafeActions.safeType(findTestObject("CERTPAY_QUICKSTI/Payment_Information_Page/TELEPHONE"), telephone, "Telephone", [pageLoadTime]): Quicksti_Samday_Refunds_Admin.ts:Entered'9989897654 into Telephone

2020-09-09 13:15:26 - [MESSAGE][PASSED] - Object 'Object Repository/CERTPAY_QUICKSTI/Payment_Information_Page/TELEPHONE' is present

2020-09-09 13:15:26 - [MESSAGE][PASSED] - Object 'Object Repository/CERTPAY_QUICKSTI/Payment_Information_Page/TELEPHONE' is visible

2020-09-09 13:15:26 - [MESSAGE][PASSED] - Object 'Object Repository/CERTPAY_QUICKSTI/Payment_Information_Page/TELEPHONE' is present

2020-09-09 13:15:28 - [MESSAGE][PASSED] - Text '9989897654' is set on object 'Object Repository/CERTPAY_QUICKSTI/Payment_Information_Page/TELEPHONE'

2020-09-09 13:15:28 - [MESSAGE][PASSED] - Quicksti_Samday_Refunds_Admin.ts:Entered'9989897654 into Telephone

2020-09-09 13:15:28 - [TEST_STEP][PASSED] - utilities.SafeActions.safeType(findTestObject("CERTPAY_QUICKSTI/Payment_Information_Page/EMAIL_ADDRESS"), emailAddress, "EMAIL address", [pageLoadTime]): Quicksti_Samday_Refunds_Admin.ts:Entered'testing@zenq.com into EMAIL address

2020-09-09 13:15:28 - [MESSAGE][PASSED] - Object 'Object Repository/CERTPAY_QUICKSTI/Payment_Information_Page/EMAIL_ADDRESS' is present

2020-09-09 13:15:28 - [MESSAGE][PASSED] - Object 'Object Repository/CERTPAY_QUICKSTI/Payment_Information_Page/EMAIL_ADDRESS' is visible

2020-09-09 13:15:29 - [MESSAGE][PASSED] - Object 'Object Repository/CERTPAY_QUICKSTI/Payment_Information_Page/EMAIL_ADDRESS' is present

2020-09-09 13:15:30 - [MESSAGE][PASSED] - Text 'testing@zenq.com' is set on object 'Object Repository/CERTPAY_QUICKSTI/Payment_Information_Page/EMAIL_ADDRESS'

2020-09-09 13:15:30 - [MESSAGE][PASSED] - Quicksti_Samday_Refunds_Admin.ts:Entered'testing@zenq.com into EMAIL address

2020-09-09 13:15:30 - [TEST_STEP][PASSED] - utilities.SafeActions.safeClick(findTestObject("CERTPAY_QUICKSTI/Payment_Information_Page/NEXT_BUTTON"), "Next", [pageLoadTime]): Quicksti_Samday_Refunds_Admin.ts:Clicked on the Next

2020-09-09 13:15:30 - [MESSAGE][INFO] - safeClicking

2020-09-09 13:15:30 - [MESSAGE][PASSED] - Object 'Object Repository/CERTPAY_QUICKSTI/Payment_Information_Page/NEXT_BUTTON' is present

2020-09-09 13:15:31 - [MESSAGE][PASSED] - Object 'Object Repository/CERTPAY_QUICKSTI/Payment_Information_Page/NEXT_BUTTON' is clickable

2020-09-09 13:15:34 - [MESSAGE][PASSED] - Object: 'Object Repository/CERTPAY_QUICKSTI/Payment_Information_Page/NEXT_BUTTON' is clicked on

2020-09-09 13:15:34 - [MESSAGE][PASSED] - Quicksti_Samday_Refunds_Admin.ts:Clicked on the Next

2020-09-09 13:15:34 - [TEST_STEP][PASSED] - pages.Quicksti.verifyUserPaymentDetails(paymentAmount, firstName, lastName, CardNumber): pages.Quicksti.verifyUserPaymentDetails is PASSED

2020-09-09 13:15:34 - [MESSAGE][PASSED] - Text of object 'Object Repository/CERTPAY_QUICKSTI/Payment_Details_Verification_Page/AMOUNT' is: '$35.00'

2020-09-09 13:15:34 - [MESSAGE][PASSED] - Actual text '35.00' and expected text '35.00' are matched  using regular expression

2020-09-09 13:15:35 - [MESSAGE][PASSED] - Text of object 'Object Repository/CERTPAY_QUICKSTI/Payment_Details_Verification_Page/NAME' is: 'Tester Zenq1'

2020-09-09 13:15:35 - [MESSAGE][PASSED] - Actual text 'Tester Zenq1' and expected text 'Tester Zenq1' are matched  using regular expression

2020-09-09 13:15:35 - [MESSAGE][PASSED] - Text of object 'Object Repository/CERTPAY_QUICKSTI/Payment_Details_Verification_Page/CARD_NUMBER' is: '...1006'

2020-09-09 13:15:35 - [MESSAGE][PASSED] - Actual text '1006' and expected text '1006' are matched  using regular expression

2020-09-09 13:15:35 - [MESSAGE][PASSED] - pages.Quicksti.verifyUserPaymentDetails is PASSED

2020-09-09 13:15:35 - [TEST_STEP][PASSED] - delay(2): Delayed 2 second(s)

2020-09-09 13:15:37 - [MESSAGE][PASSED] - Delayed 2 second(s)

2020-09-09 13:15:37 - [TEST_STEP][PASSED] - scrollToElement(findTestObject("CERTPAY_QUICKSTI/Payment_Details_Verification_Page/PROCESS"), 30): Scroll to object 'Object Repository/CERTPAY_QUICKSTI/Payment_Details_Verification_Page/PROCESS' successfully

2020-09-09 13:15:37 - [MESSAGE][PASSED] - Scroll to object 'Object Repository/CERTPAY_QUICKSTI/Payment_Details_Verification_Page/PROCESS' successfully

2020-09-09 13:15:37 - [TEST_STEP][PASSED] - utilities.SafeActions.safeClick(findTestObject("CERTPAY_QUICKSTI/Payment_Details_Verification_Page/PROCESS"), "Process", [pageLoadTime]): Quicksti_Samday_Refunds_Admin.ts:Clicked on the Process

2020-09-09 13:15:37 - [MESSAGE][INFO] - safeClicking

2020-09-09 13:15:38 - [MESSAGE][PASSED] - Object 'Object Repository/CERTPAY_QUICKSTI/Payment_Details_Verification_Page/PROCESS' is present

2020-09-09 13:15:38 - [MESSAGE][PASSED] - Object 'Object Repository/CERTPAY_QUICKSTI/Payment_Details_Verification_Page/PROCESS' is clickable

2020-09-09 13:15:42 - [MESSAGE][PASSED] - Object: 'Object Repository/CERTPAY_QUICKSTI/Payment_Details_Verification_Page/PROCESS' is clicked on

2020-09-09 13:15:42 - [MESSAGE][PASSED] - Quicksti_Samday_Refunds_Admin.ts:Clicked on the Process

2020-09-09 13:15:42 - [TEST_STEP][PASSED] - paymentId = pages.Quicksti.verifyPaymentApproval(findTestObject("CERTPAY_QUICKSTI/Payment_Details_Verification_Page/APPROVED")): Payment is approved

2020-09-09 13:15:43 - [MESSAGE][PASSED] - Text of object 'Object Repository/CERTPAY_QUICKSTI/Payment_Details_Verification_Page/PAYMENT_ID' is: '100176114059'

2020-09-09 13:15:43 - [MESSAGE][PASSED] - Object 'Object Repository/CERTPAY_QUICKSTI/Payment_Details_Verification_Page/APPROVED' is present

2020-09-09 13:15:43 - [MESSAGE][PASSED] - Payment is approved

2020-09-09 13:15:45 - [TEST_STEP][PASSED] - navigateToUrl(Admin_url): Navigate to 'https://qa-certpayadmin.faps.net' successfully

2020-09-09 13:15:53 - [MESSAGE][PASSED] - Navigate to 'https://qa-certpayadmin.faps.net' successfully

2020-09-09 13:15:53 - [TEST_STEP][PASSED] - pages.Bureau_Login_Page.loginToAdminSite(AdminUsername, AdminPassword): Quicksti_Samday_Refunds_Admin.ts:Clicked on the LOGIN

2020-09-09 13:15:54 - [MESSAGE][PASSED] - Object 'Object Repository/CERTPAY_ADMIN/USER_NAME' is present

2020-09-09 13:15:54 - [MESSAGE][PASSED] - Object 'Object Repository/CERTPAY_ADMIN/USER_NAME' is visible

2020-09-09 13:15:55 - [MESSAGE][PASSED] - Object 'Object Repository/CERTPAY_ADMIN/USER_NAME' is present

2020-09-09 13:15:56 - [MESSAGE][PASSED] - Text 'VVangiliappan' is set on object 'Object Repository/CERTPAY_ADMIN/USER_NAME'

2020-09-09 13:15:56 - [MESSAGE][PASSED] - Quicksti_Samday_Refunds_Admin.ts:Entered'VVangiliappan into username

2020-09-09 13:15:56 - [MESSAGE][PASSED] - Object 'Object Repository/CERTPAY_ADMIN/PASSWORD' is present

2020-09-09 13:15:57 - [MESSAGE][PASSED] - Object 'Object Repository/CERTPAY_ADMIN/PASSWORD' is visible

2020-09-09 13:15:57 - [MESSAGE][PASSED] - Object 'Object Repository/CERTPAY_ADMIN/PASSWORD' is present

2020-09-09 13:15:58 - [MESSAGE][PASSED] - Text 'Knila@12345' is set on object 'Object Repository/CERTPAY_ADMIN/PASSWORD'

2020-09-09 13:15:58 - [MESSAGE][PASSED] - Quicksti_Samday_Refunds_Admin.ts:Entered'Knila@12345 into password

2020-09-09 13:15:58 - [MESSAGE][INFO] - safeClicking

2020-09-09 13:15:59 - [MESSAGE][PASSED] - Object 'Object Repository/CERTPAY_ADMIN/LOGIN_BUTTON' is present

2020-09-09 13:15:59 - [MESSAGE][PASSED] - Object 'Object Repository/CERTPAY_ADMIN/LOGIN_BUTTON' is clickable

2020-09-09 13:16:06 - [MESSAGE][PASSED] - Object: 'Object Repository/CERTPAY_ADMIN/LOGIN_BUTTON' is clicked on

2020-09-09 13:16:06 - [MESSAGE][PASSED] - Quicksti_Samday_Refunds_Admin.ts:Clicked on the LOGIN

2020-09-09 13:16:06 - [TEST_STEP][PASSED] - utilities.SafeActions.safeClick(findTestObject("CERTPAY_ADMIN/TRANSACTION_SEARCH"), "TransactionSearch", [pageLoadTime]): Quicksti_Samday_Refunds_Admin.ts:Clicked on the TransactionSearch

2020-09-09 13:16:06 - [MESSAGE][INFO] - safeClicking

2020-09-09 13:16:06 - [MESSAGE][PASSED] - Object 'Object Repository/CERTPAY_ADMIN/TRANSACTION_SEARCH' is present

2020-09-09 13:16:06 - [MESSAGE][PASSED] - Object 'Object Repository/CERTPAY_ADMIN/TRANSACTION_SEARCH' is clickable

2020-09-09 13:16:09 - [MESSAGE][PASSED] - Object: 'Object Repository/CERTPAY_ADMIN/TRANSACTION_SEARCH' is clicked on

2020-09-09 13:16:09 - [MESSAGE][PASSED] - Quicksti_Samday_Refunds_Admin.ts:Clicked on the TransactionSearch

2020-09-09 13:16:09 - [TEST_STEP][PASSED] - utilities.SafeActions.safeType(findTestObject("CERTPAY_ADMIN/PAYMENT_ID"), paymentId, "Payment id", [pageLoadTime]): Quicksti_Samday_Refunds_Admin.ts:Entered'100176114059 into Payment id

2020-09-09 13:16:09 - [MESSAGE][PASSED] - Object 'Object Repository/CERTPAY_ADMIN/PAYMENT_ID' is present

2020-09-09 13:16:09 - [MESSAGE][PASSED] - Object 'Object Repository/CERTPAY_ADMIN/PAYMENT_ID' is visible

2020-09-09 13:16:10 - [MESSAGE][PASSED] - Object 'Object Repository/CERTPAY_ADMIN/PAYMENT_ID' is present

2020-09-09 13:16:11 - [MESSAGE][PASSED] - Text '100176114059' is set on object 'Object Repository/CERTPAY_ADMIN/PAYMENT_ID'

2020-09-09 13:16:11 - [MESSAGE][PASSED] - Quicksti_Samday_Refunds_Admin.ts:Entered'100176114059 into Payment id

2020-09-09 13:16:11 - [TEST_STEP][PASSED] - utilities.SafeActions.safeClick(findTestObject("CERTPAY_ADMIN/GO_BUTTON"), "Go button", [pageLoadTime]): Quicksti_Samday_Refunds_Admin.ts:Clicked on the Go button

2020-09-09 13:16:11 - [MESSAGE][INFO] - safeClicking

2020-09-09 13:16:11 - [MESSAGE][PASSED] - Object 'Object Repository/CERTPAY_ADMIN/GO_BUTTON' is present

2020-09-09 13:16:12 - [MESSAGE][PASSED] - Object 'Object Repository/CERTPAY_ADMIN/GO_BUTTON' is clickable

2020-09-09 13:16:14 - [MESSAGE][PASSED] - Object: 'Object Repository/CERTPAY_ADMIN/GO_BUTTON' is clicked on

2020-09-09 13:16:14 - [MESSAGE][PASSED] - Quicksti_Samday_Refunds_Admin.ts:Clicked on the Go button

2020-09-09 13:16:14 - [TEST_STEP][PASSED] - delay(5): Delayed 5 second(s)

2020-09-09 13:16:19 - [MESSAGE][PASSED] - Delayed 5 second(s)

2020-09-09 13:16:19 - [TEST_STEP][PASSED] - paymentIdList.add(paymentId): null

2020-09-09 13:16:19 - [TEST_STEP][PASSED] - println(paymentIdList): null

2020-09-09 13:16:19 - [TEST_STEP][PASSED] - utilities.SafeActions.safeClick(findTestObject("CERTPAY_ADMIN/ACTIONS_BUTTON"), "Actions button", [pageLoadTime]): Quicksti_Samday_Refunds_Admin.ts:Clicked on the Actions button

2020-09-09 13:16:19 - [MESSAGE][INFO] - safeClicking

2020-09-09 13:16:19 - [MESSAGE][PASSED] - Object 'Object Repository/CERTPAY_ADMIN/ACTIONS_BUTTON' is present

2020-09-09 13:16:20 - [MESSAGE][PASSED] - Object 'Object Repository/CERTPAY_ADMIN/ACTIONS_BUTTON' is clickable

2020-09-09 13:16:21 - [MESSAGE][PASSED] - Object: 'Object Repository/CERTPAY_ADMIN/ACTIONS_BUTTON' is clicked on

2020-09-09 13:16:21 - [MESSAGE][PASSED] - Quicksti_Samday_Refunds_Admin.ts:Clicked on the Actions button

2020-09-09 13:16:21 - [TEST_STEP][PASSED] - utilities.SafeActions.safeClick(findTestObject("CERTPAY_ADMIN/REFUND_MENU"), "Refund Menu", [pageLoadTime]): Quicksti_Samday_Refunds_Admin.ts:Clicked on the Refund Menu

2020-09-09 13:16:21 - [MESSAGE][INFO] - safeClicking

2020-09-09 13:16:21 - [MESSAGE][PASSED] - Object 'Object Repository/CERTPAY_ADMIN/REFUND_MENU' is present

2020-09-09 13:16:22 - [MESSAGE][PASSED] - Object 'Object Repository/CERTPAY_ADMIN/REFUND_MENU' is clickable

2020-09-09 13:16:23 - [MESSAGE][PASSED] - Object: 'Object Repository/CERTPAY_ADMIN/REFUND_MENU' is clicked on

2020-09-09 13:16:23 - [MESSAGE][PASSED] - Quicksti_Samday_Refunds_Admin.ts:Clicked on the Refund Menu

2020-09-09 13:16:23 - [TEST_STEP][PASSED] - delay(2): Delayed 2 second(s)

2020-09-09 13:16:25 - [MESSAGE][PASSED] - Delayed 2 second(s)

2020-09-09 13:16:25 - [TEST_STEP][PASSED] - utilities.SafeActions.safeClick(findTestObject("CERTPAY_ADMIN/CREDIT_RETURN"), "Credit Return", [pageLoadTime]): Quicksti_Samday_Refunds_Admin.ts:Clicked on the Credit Return

2020-09-09 13:16:25 - [MESSAGE][INFO] - safeClicking

2020-09-09 13:16:25 - [MESSAGE][PASSED] - Object 'Object Repository/CERTPAY_ADMIN/CREDIT_RETURN' is present

2020-09-09 13:16:26 - [MESSAGE][PASSED] - Object 'Object Repository/CERTPAY_ADMIN/CREDIT_RETURN' is clickable

2020-09-09 13:16:27 - [MESSAGE][PASSED] - Object: 'Object Repository/CERTPAY_ADMIN/CREDIT_RETURN' is clicked on

2020-09-09 13:16:27 - [MESSAGE][PASSED] - Quicksti_Samday_Refunds_Admin.ts:Clicked on the Credit Return

2020-09-09 13:16:27 - [TEST_STEP][PASSED] - utilities.SafeActions.safeType(findTestObject("Object Repository/CERTPAY_ADMIN/REFUND_AMOUNT"), RefundAmount, "Payment id", [pageLoadTime]): Quicksti_Samday_Refunds_Admin.ts:Entered'12.00 into Payment id

2020-09-09 13:16:27 - [MESSAGE][PASSED] - Object 'Object Repository/CERTPAY_ADMIN/REFUND_AMOUNT' is present

2020-09-09 13:16:28 - [MESSAGE][PASSED] - Object 'Object Repository/CERTPAY_ADMIN/REFUND_AMOUNT' is visible

2020-09-09 13:16:28 - [MESSAGE][PASSED] - Object 'Object Repository/CERTPAY_ADMIN/REFUND_AMOUNT' is present

2020-09-09 13:16:29 - [MESSAGE][PASSED] - Text '12.00' is set on object 'Object Repository/CERTPAY_ADMIN/REFUND_AMOUNT'

2020-09-09 13:16:29 - [MESSAGE][PASSED] - Quicksti_Samday_Refunds_Admin.ts:Entered'12.00 into Payment id

2020-09-09 13:16:29 - [TEST_STEP][PASSED] - utilities.SafeActions.safeClick(findTestObject("Object Repository/CERTPAY_ADMIN/PROCESS_REVERSAL"), "Process Reversal", [pageLoadTime]): Quicksti_Samday_Refunds_Admin.ts:Clicked on the Process Reversal

2020-09-09 13:16:29 - [MESSAGE][INFO] - safeClicking

2020-09-09 13:16:30 - [MESSAGE][PASSED] - Object 'Object Repository/CERTPAY_ADMIN/PROCESS_REVERSAL' is present

2020-09-09 13:16:30 - [MESSAGE][PASSED] - Object 'Object Repository/CERTPAY_ADMIN/PROCESS_REVERSAL' is clickable

2020-09-09 13:16:31 - [MESSAGE][PASSED] - Object: 'Object Repository/CERTPAY_ADMIN/PROCESS_REVERSAL' is clicked on

2020-09-09 13:16:31 - [MESSAGE][PASSED] - Quicksti_Samday_Refunds_Admin.ts:Clicked on the Process Reversal

2020-09-09 13:16:31 - [TEST_STEP][PASSED] - delay(3): Delayed 3 second(s)

2020-09-09 13:16:34 - [MESSAGE][PASSED] - Delayed 3 second(s)

2020-09-09 13:16:34 - [TEST_STEP][PASSED] - utilities.SafeActions.safeClick(findTestObject("Object Repository/CERTPAY_ADMIN/CLOSE_BUTTON"), "Close Button", [pageLoadTime]): Quicksti_Samday_Refunds_Admin.ts:Clicked on the Close Button

2020-09-09 13:16:34 - [MESSAGE][INFO] - safeClicking

2020-09-09 13:16:37 - [MESSAGE][PASSED] - Object 'Object Repository/CERTPAY_ADMIN/CLOSE_BUTTON' is present

2020-09-09 13:16:37 - [MESSAGE][PASSED] - Object 'Object Repository/CERTPAY_ADMIN/CLOSE_BUTTON' is clickable

2020-09-09 13:16:39 - [MESSAGE][ERROR] - javascript error: Failed to execute 'elementsFromPoint' on 'Document': The provided double value is non-finite.
  (Session info: chrome=85.0.4183.83)
Build info: version: '3.141.59', revision: 'e82be7d358', time: '2018-11-14T08:25:53'
System info: host: 'SYS8', ip: '172.31.253.251', os.name: 'Windows 10', os.arch: 'x86', os.version: '10.0', java.version: '1.8.0_181'
Driver info: com.kms.katalon.selenium.driver.CChromeDriver
Capabilities {acceptInsecureCerts: false, browserName: chrome, browserVersion: 85.0.4183.83, chrome: {chromedriverVersion: 85.0.4183.87 (cd6713ebf92fa..., userDataDir: C:\Users\admin\AppData\Loca...}, goog:chromeOptions: {debuggerAddress: localhost:65213}, javascriptEnabled: true, networkConnectionEnabled: false, pageLoadStrategy: normal, platform: WINDOWS, platformName: WINDOWS, proxy: Proxy(), setWindowRect: true, strictFileInteractability: false, timeouts: {implicit: 0, pageLoad: 300000, script: 30000}, unhandledPromptBehavior: dismiss and notify, webauthn:virtualAuthenticators: true}
Session ID: e09157702918963d66083ba05f4aa8b1

2020-09-09 13:17:09 - [MESSAGE][ERROR] - javascript error: Failed to execute 'elementsFromPoint' on 'Document': The provided double value is non-finite.
  (Session info: chrome=85.0.4183.83)
Build info: version: '3.141.59', revision: 'e82be7d358', time: '2018-11-14T08:25:53'
System info: host: 'SYS8', ip: '172.31.253.251', os.name: 'Windows 10', os.arch: 'x86', os.version: '10.0', java.version: '1.8.0_181'
Driver info: com.kms.katalon.selenium.driver.CChromeDriver
Capabilities {acceptInsecureCerts: false, browserName: chrome, browserVersion: 85.0.4183.83, chrome: {chromedriverVersion: 85.0.4183.87 (cd6713ebf92fa..., userDataDir: C:\Users\admin\AppData\Loca...}, goog:chromeOptions: {debuggerAddress: localhost:65213}, javascriptEnabled: true, networkConnectionEnabled: false, pageLoadStrategy: normal, platform: WINDOWS, platformName: WINDOWS, proxy: Proxy(), setWindowRect: true, strictFileInteractability: false, timeouts: {implicit: 0, pageLoad: 300000, script: 30000}, unhandledPromptBehavior: dismiss and notify, webauthn:virtualAuthenticators: true}
Session ID: e09157702918963d66083ba05f4aa8b1

2020-09-09 13:17:11 - [MESSAGE][PASSED] - Object: 'Object Repository/CERTPAY_ADMIN/CLOSE_BUTTON' is clicked on

2020-09-09 13:17:11 - [MESSAGE][PASSED] - Quicksti_Samday_Refunds_Admin.ts:Clicked on the Close Button

2020-09-09 13:17:11 - [TEST_STEP][PASSED] - delay(3): Delayed 3 second(s)

2020-09-09 13:17:14 - [MESSAGE][PASSED] - Delayed 3 second(s)

2020-09-09 13:17:14 - [TEST_STEP][PASSED] - scrollToPosition(800, 900): Browser is scrolled to position x = 800, y = 900

2020-09-09 13:17:14 - [MESSAGE][PASSED] - Browser is scrolled to position x = 800, y = 900

2020-09-09 13:17:14 - [TEST_STEP][PASSED] - Start listener action : afterTestCase: Browser is closed

2020-09-09 13:17:14 - [TEST_STEP][PASSED] - closeBrowser(): Browser is closed

2020-09-09 13:17:15 - [MESSAGE][PASSED] - Browser is closed]]></system-out>
         <system-err><![CDATA[]]></system-err>
      </testcase>
      <system-out><![CDATA[2020-09-09 12:54:51 - [TEST_SUITE][PASSED] - Quicksti_Samday_Refunds_Admin: Test Cases/SameDay_Refunds_Admin/TC_002_VISA_Sameday_PartialRefund]]></system-out>
      <system-err><![CDATA[]]></system-err>
   </testsuite>
</testsuites>
