<?xml version="1.0" encoding="UTF-8"?>
<testsuites name="Quicksti" time="2900.232" tests="5" failures="0" errors="0">
   <testsuite name="Quicksti" tests="5" failures="0" errors="0" time="2900.232" timestamp="2020-10-13 10:43:32" hostname="admin - SYS8" id="Test Suites/Certpay_testSuite/Quicksti">
      <properties>
         <property name="deviceName" value=""/>
         <property name="devicePlatform" value=""/>
         <property name="logFolder" value="E:\\Sush_Certpay\\Reports\\20201013_104325\\Certpay_testSuite\\Quicksti\\20201013_104325"/>
         <property name="logFiles" value="E:\\Sush_Certpay\\Reports\\20201013_104325\\Certpay_testSuite\\Quicksti\\20201013_104325\\execution0.log"/>
         <property name="attachments" value=""/>
         <property name="hostName" value="admin - SYS8"/>
         <property name="os" value="Windows 10 32bit"/>
         <property name="katalonVersion" value="7.1.2.1"/>
         <property name="browser" value="Chrome 86.0.4240.75"/>
         <property name="hostAddress" value="172.31.253.251"/>
         <property name="sessionId" value="b027ea253e4045b7741abfc7d28f02c8"/>
         <property name="seleniumVersion" value="3.141.59"/>
         <property name="proxyInformation" value="ProxyInformation{proxyOption=NO_PROXY, proxyServerType=HTTP, password=, proxyServerAddress=, proxyServerPort=0, executionList=}"/>
         <property name="platform" value="Windows 10"/>
      </properties>
      <testcase name="Test Cases/Certpay_Quicksti/TC_001_SingleBureauSite_SingleLinePayment" time="467.093" classname="Test Cases/Certpay_Quicksti/TC_001_SingleBureauSite_SingleLinePayment" status="PASSED">
         <system-out><![CDATA[2020-10-13 10:43:33 - [TEST_CASE][PASSED] - Test Cases/Certpay_Quicksti/TC_001_SingleBureauSite_SingleLinePayment: Test Cases/Certpay_Quicksti/TC_001_SingleBureauSite_SingleLinePayment

2020-10-13 10:43:33 - [TEST_STEP][PASSED] - Start listener action : beforeTestCase: null

2020-10-13 10:43:33 - [TEST_STEP][PASSED] - data = findTestData("Data Files/Certpay/SingleBureau_SingleLine"): null

2020-10-13 10:43:34 - [TEST_STEP][PASSED] - paymentIdList = []: null

2020-10-13 10:43:34 - [TEST_STEP][PASSED] - for (def index : (1..data.getRowNumbers())): null

2020-10-13 10:43:34 - [TEST_STEP][PASSED] - firstName = data.getValue("FirstName", index): null

2020-10-13 10:43:34 - [TEST_STEP][PASSED] - lastName = data.getValue("LastName", index): null

2020-10-13 10:43:34 - [TEST_STEP][PASSED] - expMonth = data.getValue("ExpMonth", index): null

2020-10-13 10:43:34 - [TEST_STEP][PASSED] - expYear = data.getValue("ExpYear", index): null

2020-10-13 10:43:35 - [TEST_STEP][PASSED] - securityCode = data.getValue("SecurityCode", index): null

2020-10-13 10:43:35 - [TEST_STEP][PASSED] - paymentAmount = data.getValue("PaymentAmount", index): null

2020-10-13 10:43:35 - [TEST_STEP][PASSED] - paymentType = data.getValue("PaymentType", index): null

2020-10-13 10:43:35 - [TEST_STEP][PASSED] - quantity = data.getValue("Quantity", index): null

2020-10-13 10:43:35 - [TEST_STEP][PASSED] - comments = data.getValue("Comments", index): null

2020-10-13 10:43:35 - [TEST_STEP][PASSED] - referenceNum = data.getValue("ReferenceNum", index): null

2020-10-13 10:43:35 - [TEST_STEP][PASSED] - address = data.getValue("Address", index): null

2020-10-13 10:43:35 - [TEST_STEP][PASSED] - zipCode = data.getValue("Zipcode", index): null

2020-10-13 10:43:35 - [TEST_STEP][PASSED] - telephone = data.getValue("Telephone", index): null

2020-10-13 10:43:35 - [TEST_STEP][PASSED] - emailAddress = data.getValue("EmailAddress", index): null

2020-10-13 10:43:35 - [TEST_STEP][PASSED] - cardNum = data.getValue("CardNumber", index): null

2020-10-13 10:43:35 - [TEST_STEP][PASSED] - cardType = data.getValue("CardType", index): null

2020-10-13 10:43:35 - [TEST_STEP][PASSED] - utilities.SafeActions.openBrowser(Quicksti_Url, [pageLoadTime]): Browser launched successfully

2020-10-13 10:43:35 - [MESSAGE][INFO] - Opening Browser

2020-10-13 10:43:36 - [MESSAGE][INFO] - Starting 'Chrome' driver

2020-10-13 10:43:36 - [MESSAGE][INFO] - Action delay is set to 0 seconds

2020-10-13 10:43:53 - [MESSAGE][PASSED] - Browser is opened with url: 'https://qa-certpayquicksti.faps.net/'

2020-10-13 10:43:55 - [MESSAGE][PASSED] - Current window maximized

2020-10-13 10:43:55 - [MESSAGE][PASSED] - Browser launched successfully

2020-10-13 10:43:55 - [TEST_STEP][PASSED] - utilities.SafeActions.safeType(findTestObject("CERTPAY_QUICKSTI/Login_ Page/BUREAU_CODE"), bureau_code, "Bureau code", [pageLoadTime]): Quicksti.ts:Entered'6100000 into Bureau code

2020-10-13 10:43:56 - [MESSAGE][PASSED] - Object 'Object Repository/CERTPAY_QUICKSTI/Login_ Page/BUREAU_CODE' is present

2020-10-13 10:43:56 - [MESSAGE][PASSED] - Object 'Object Repository/CERTPAY_QUICKSTI/Login_ Page/BUREAU_CODE' is visible

2020-10-13 10:43:57 - [MESSAGE][PASSED] - Object 'Object Repository/CERTPAY_QUICKSTI/Login_ Page/BUREAU_CODE' is present

2020-10-13 10:43:58 - [MESSAGE][PASSED] - Text '6100000' is set on object 'Object Repository/CERTPAY_QUICKSTI/Login_ Page/BUREAU_CODE'

2020-10-13 10:43:58 - [MESSAGE][PASSED] - Quicksti.ts:Entered'6100000 into Bureau code

2020-10-13 10:43:58 - [TEST_STEP][PASSED] - utilities.SafeActions.safeType(findTestObject("CERTPAY_QUICKSTI/Login_ Page/TELLER_ID"), teller_id, "Bureau code", [pageLoadTime]): Quicksti.ts:Entered'zenq into Bureau code

2020-10-13 10:43:59 - [MESSAGE][PASSED] - Object 'Object Repository/CERTPAY_QUICKSTI/Login_ Page/TELLER_ID' is present

2020-10-13 10:43:59 - [MESSAGE][PASSED] - Object 'Object Repository/CERTPAY_QUICKSTI/Login_ Page/TELLER_ID' is visible

2020-10-13 10:43:59 - [MESSAGE][PASSED] - Object 'Object Repository/CERTPAY_QUICKSTI/Login_ Page/TELLER_ID' is present

2020-10-13 10:44:01 - [MESSAGE][PASSED] - Text 'zenq' is set on object 'Object Repository/CERTPAY_QUICKSTI/Login_ Page/TELLER_ID'

2020-10-13 10:44:01 - [MESSAGE][PASSED] - Quicksti.ts:Entered'zenq into Bureau code

2020-10-13 10:44:01 - [TEST_STEP][PASSED] - utilities.SafeActions.safeClick(findTestObject("CERTPAY_QUICKSTI/Login_ Page/NEXT_BUTTON"), "Next button", [pageLoadTime]): Quicksti.ts:Clicked on the Next button

2020-10-13 10:44:01 - [MESSAGE][INFO] - safeClicking

2020-10-13 10:44:01 - [MESSAGE][PASSED] - Object 'Object Repository/CERTPAY_QUICKSTI/Login_ Page/NEXT_BUTTON' is present

2020-10-13 10:44:01 - [MESSAGE][PASSED] - Object 'Object Repository/CERTPAY_QUICKSTI/Login_ Page/NEXT_BUTTON' is clickable

2020-10-13 10:44:07 - [MESSAGE][PASSED] - Object: 'Object Repository/CERTPAY_QUICKSTI/Login_ Page/NEXT_BUTTON' is clicked on

2020-10-13 10:44:07 - [MESSAGE][PASSED] - Quicksti.ts:Clicked on the Next button

2020-10-13 10:44:07 - [TEST_STEP][PASSED] - utilities.SafeActions.safeClick(findTestObject("CERTPAY_QUICKSTI/Payment_Information_Page/MANUAL_ENTRY_BUTTON"), "ManualEntry", [pageLoadTime]): Quicksti.ts:Clicked on the ManualEntry

2020-10-13 10:44:08 - [MESSAGE][INFO] - safeClicking

2020-10-13 10:44:08 - [MESSAGE][PASSED] - Object 'Object Repository/CERTPAY_QUICKSTI/Payment_Information_Page/MANUAL_ENTRY_BUTTON' is present

2020-10-13 10:44:08 - [MESSAGE][PASSED] - Object 'Object Repository/CERTPAY_QUICKSTI/Payment_Information_Page/MANUAL_ENTRY_BUTTON' is clickable

2020-10-13 10:44:10 - [MESSAGE][PASSED] - Object: 'Object Repository/CERTPAY_QUICKSTI/Payment_Information_Page/MANUAL_ENTRY_BUTTON' is clicked on

2020-10-13 10:44:10 - [MESSAGE][PASSED] - Quicksti.ts:Clicked on the ManualEntry

2020-10-13 10:44:10 - [TEST_STEP][PASSED] - CardNumber = pages.Quicksti.setUserPaymentDetails(firstName, lastName, cardNum): Quicksti.ts:Entered'4761739001010135 into CardNum

2020-10-13 10:44:10 - [MESSAGE][PASSED] - Object 'Object Repository/CERTPAY_QUICKSTI/Payment_Information_Page/FIRST_NAME' is present

2020-10-13 10:44:11 - [MESSAGE][PASSED] - Object 'Object Repository/CERTPAY_QUICKSTI/Payment_Information_Page/FIRST_NAME' is visible

2020-10-13 10:44:11 - [MESSAGE][PASSED] - Object 'Object Repository/CERTPAY_QUICKSTI/Payment_Information_Page/FIRST_NAME' is present

2020-10-13 10:44:12 - [MESSAGE][PASSED] - Text 'Tester' is set on object 'Object Repository/CERTPAY_QUICKSTI/Payment_Information_Page/FIRST_NAME'

2020-10-13 10:44:12 - [MESSAGE][PASSED] - Quicksti.ts:Entered'Tester into FirstName

2020-10-13 10:44:13 - [MESSAGE][PASSED] - Object 'Object Repository/CERTPAY_QUICKSTI/Payment_Information_Page/LAST_NAME' is present

2020-10-13 10:44:13 - [MESSAGE][PASSED] - Object 'Object Repository/CERTPAY_QUICKSTI/Payment_Information_Page/LAST_NAME' is visible

2020-10-13 10:44:13 - [MESSAGE][PASSED] - Object 'Object Repository/CERTPAY_QUICKSTI/Payment_Information_Page/LAST_NAME' is present

2020-10-13 10:44:15 - [MESSAGE][PASSED] - Text 'Zenq1' is set on object 'Object Repository/CERTPAY_QUICKSTI/Payment_Information_Page/LAST_NAME'

2020-10-13 10:44:15 - [MESSAGE][PASSED] - Quicksti.ts:Entered'Zenq1 into LAstName

2020-10-13 10:44:15 - [MESSAGE][PASSED] - Object 'Object Repository/CERTPAY_QUICKSTI/Payment_Information_Page/CARD_NUMBER' is present

2020-10-13 10:44:15 - [MESSAGE][PASSED] - Object 'Object Repository/CERTPAY_QUICKSTI/Payment_Information_Page/CARD_NUMBER' is visible

2020-10-13 10:44:15 - [MESSAGE][PASSED] - Object 'Object Repository/CERTPAY_QUICKSTI/Payment_Information_Page/CARD_NUMBER' is present

2020-10-13 10:44:17 - [MESSAGE][PASSED] - Text '4761739001010135' is set on object 'Object Repository/CERTPAY_QUICKSTI/Payment_Information_Page/CARD_NUMBER'

2020-10-13 10:44:17 - [MESSAGE][PASSED] - Quicksti.ts:Entered'4761739001010135 into CardNum

2020-10-13 10:44:17 - [TEST_STEP][PASSED] - utilities.SafeActions.safeSelectOptionInDropdownByVisibleText(findTestObject("CERTPAY_QUICKSTI/Payment_Information_Page/PAYMENT_TYPE"), paymentType, "paymentType", [pageLoadTime]): selected dropdown option by visible text  Taxesfrom paymentType

2020-10-13 10:44:17 - [MESSAGE][PASSED] - Object 'Object Repository/CERTPAY_QUICKSTI/Payment_Information_Page/PAYMENT_TYPE' is visible

2020-10-13 10:44:18 - [MESSAGE][PASSED] - Object 'Object Repository/CERTPAY_QUICKSTI/Payment_Information_Page/PAYMENT_TYPE' is present

2020-10-13 10:44:19 - [MESSAGE][PASSED] - Object: 'Object Repository/CERTPAY_QUICKSTI/Payment_Information_Page/PAYMENT_TYPE' is clicked on

2020-10-13 10:44:20 - [MESSAGE][PASSED] - All options with label 'Taxes' are selected in object 'Object Repository/CERTPAY_QUICKSTI/Payment_Information_Page/PAYMENT_TYPE'  using regular expression

2020-10-13 10:44:20 - [MESSAGE][PASSED] - selected dropdown option by visible text  Taxesfrom paymentType

2020-10-13 10:44:20 - [TEST_STEP][PASSED] - pages.Quicksti.setExpDate(expMonth, expYear, securityCode): Quicksti.ts:Entered'207 into securityCode

2020-10-13 10:44:20 - [MESSAGE][PASSED] - Object 'Object Repository/CERTPAY_QUICKSTI/Payment_Information_Page/EXP_MONTH' is visible

2020-10-13 10:44:21 - [MESSAGE][PASSED] - Object 'Object Repository/CERTPAY_QUICKSTI/Payment_Information_Page/EXP_MONTH' is present

2020-10-13 10:44:22 - [MESSAGE][PASSED] - Object: 'Object Repository/CERTPAY_QUICKSTI/Payment_Information_Page/EXP_MONTH' is clicked on

2020-10-13 10:44:23 - [MESSAGE][PASSED] - All options with label '03' are selected in object 'Object Repository/CERTPAY_QUICKSTI/Payment_Information_Page/EXP_MONTH'  using regular expression

2020-10-13 10:44:23 - [MESSAGE][PASSED] - selected dropdown option by visible text  03from expMonth

2020-10-13 10:44:23 - [MESSAGE][PASSED] - Object 'Object Repository/CERTPAY_QUICKSTI/Payment_Information_Page/EXP_YEAR' is visible

2020-10-13 10:44:24 - [MESSAGE][PASSED] - Object 'Object Repository/CERTPAY_QUICKSTI/Payment_Information_Page/EXP_YEAR' is present

2020-10-13 10:44:25 - [MESSAGE][PASSED] - Object: 'Object Repository/CERTPAY_QUICKSTI/Payment_Information_Page/EXP_YEAR' is clicked on

2020-10-13 10:44:26 - [MESSAGE][PASSED] - All options with label '2022' are selected in object 'Object Repository/CERTPAY_QUICKSTI/Payment_Information_Page/EXP_YEAR'  using regular expression

2020-10-13 10:44:26 - [MESSAGE][PASSED] - selected dropdown option by visible text  2022from  expYear

2020-10-13 10:44:27 - [MESSAGE][PASSED] - Object 'Object Repository/CERTPAY_QUICKSTI/Payment_Information_Page/SECURITY_CODE' is present

2020-10-13 10:44:27 - [MESSAGE][PASSED] - Object 'Object Repository/CERTPAY_QUICKSTI/Payment_Information_Page/SECURITY_CODE' is visible

2020-10-13 10:44:27 - [MESSAGE][PASSED] - Object 'Object Repository/CERTPAY_QUICKSTI/Payment_Information_Page/SECURITY_CODE' is present

2020-10-13 10:44:29 - [MESSAGE][PASSED] - Text '207' is set on object 'Object Repository/CERTPAY_QUICKSTI/Payment_Information_Page/SECURITY_CODE'

2020-10-13 10:44:29 - [MESSAGE][PASSED] - Quicksti.ts:Entered'207 into securityCode

2020-10-13 10:44:29 - [TEST_STEP][PASSED] - pages.Quicksti.setPaymentAmountDetailsForSinglePayment(paymentAmount, quantity): Quicksti.ts:Entered'1 into Quantity

2020-10-13 10:44:29 - [MESSAGE][PASSED] - Object 'Object Repository/CERTPAY_QUICKSTI/Payment_Information_Page/PAYMENT_AMOUNT' is present

2020-10-13 10:44:29 - [MESSAGE][PASSED] - Object 'Object Repository/CERTPAY_QUICKSTI/Payment_Information_Page/PAYMENT_AMOUNT' is visible

2020-10-13 10:44:30 - [MESSAGE][PASSED] - Object 'Object Repository/CERTPAY_QUICKSTI/Payment_Information_Page/PAYMENT_AMOUNT' is present

2020-10-13 10:44:31 - [MESSAGE][PASSED] - Text '20.00' is set on object 'Object Repository/CERTPAY_QUICKSTI/Payment_Information_Page/PAYMENT_AMOUNT'

2020-10-13 10:44:31 - [MESSAGE][PASSED] - Quicksti.ts:Entered'20.00 into amount

2020-10-13 10:44:31 - [MESSAGE][PASSED] - Object 'Object Repository/CERTPAY_QUICKSTI/Payment_Information_Page/QUANTITY' is present

2020-10-13 10:44:32 - [MESSAGE][PASSED] - Object 'Object Repository/CERTPAY_QUICKSTI/Payment_Information_Page/QUANTITY' is visible

2020-10-13 10:44:32 - [MESSAGE][PASSED] - Object 'Object Repository/CERTPAY_QUICKSTI/Payment_Information_Page/QUANTITY' is present

2020-10-13 10:44:33 - [MESSAGE][PASSED] - Text '1' is set on object 'Object Repository/CERTPAY_QUICKSTI/Payment_Information_Page/QUANTITY'

2020-10-13 10:44:33 - [MESSAGE][PASSED] - Quicksti.ts:Entered'1 into Quantity

2020-10-13 10:44:33 - [TEST_STEP][PASSED] - utilities.SafeActions.safeType(findTestObject("CERTPAY_QUICKSTI/Payment_Information_Page/REFRENCE_NUMBER"), referenceNum, "Reference Number", [pageLoadTime]): Quicksti.ts:Entered'11 into Reference Number

2020-10-13 10:44:34 - [MESSAGE][PASSED] - Object 'Object Repository/CERTPAY_QUICKSTI/Payment_Information_Page/REFRENCE_NUMBER' is present

2020-10-13 10:44:34 - [MESSAGE][PASSED] - Object 'Object Repository/CERTPAY_QUICKSTI/Payment_Information_Page/REFRENCE_NUMBER' is visible

2020-10-13 10:44:34 - [MESSAGE][PASSED] - Object 'Object Repository/CERTPAY_QUICKSTI/Payment_Information_Page/REFRENCE_NUMBER' is present

2020-10-13 10:44:35 - [MESSAGE][PASSED] - Text '11' is set on object 'Object Repository/CERTPAY_QUICKSTI/Payment_Information_Page/REFRENCE_NUMBER'

2020-10-13 10:44:35 - [MESSAGE][PASSED] - Quicksti.ts:Entered'11 into Reference Number

2020-10-13 10:44:35 - [TEST_STEP][PASSED] - amount_Value = pages.Quicksti.getAttributeValue(findTestObject("CERTPAY_QUICKSTI/Payment_Information_Page/SUB_TOTAL")): pages.Quicksti.getAttributeValue is PASSED

2020-10-13 10:44:36 - [MESSAGE][PASSED] - Attribute 'value' of object 'Object Repository/CERTPAY_QUICKSTI/Payment_Information_Page/SUB_TOTAL' is: '20.00'

2020-10-13 10:44:36 - [MESSAGE][PASSED] - pages.Quicksti.getAttributeValue is PASSED

2020-10-13 10:44:36 - [TEST_STEP][PASSED] - utilities.SafeActions.safeType(findTestObject("CERTPAY_QUICKSTI/Payment_Information_Page/COMMENTS"), "Testing", "Comments", [pageLoadTime]): Quicksti.ts:Entered'Testing into Comments

2020-10-13 10:44:36 - [MESSAGE][PASSED] - Object 'Object Repository/CERTPAY_QUICKSTI/Payment_Information_Page/COMMENTS' is present

2020-10-13 10:44:37 - [MESSAGE][PASSED] - Object 'Object Repository/CERTPAY_QUICKSTI/Payment_Information_Page/COMMENTS' is visible

2020-10-13 10:44:37 - [MESSAGE][PASSED] - Object 'Object Repository/CERTPAY_QUICKSTI/Payment_Information_Page/COMMENTS' is present

2020-10-13 10:44:38 - [MESSAGE][PASSED] - Text 'Testing' is set on object 'Object Repository/CERTPAY_QUICKSTI/Payment_Information_Page/COMMENTS'

2020-10-13 10:44:38 - [MESSAGE][PASSED] - Quicksti.ts:Entered'Testing into Comments

2020-10-13 10:44:38 - [TEST_STEP][PASSED] - utilities.SafeActions.safeType(findTestObject("CERTPAY_QUICKSTI/Payment_Information_Page/ADDRESS"), address, "Address", [pageLoadTime]): Quicksti.ts:Entered'14-2 into Address

2020-10-13 10:44:39 - [MESSAGE][PASSED] - Object 'Object Repository/CERTPAY_QUICKSTI/Payment_Information_Page/ADDRESS' is present

2020-10-13 10:44:39 - [MESSAGE][PASSED] - Object 'Object Repository/CERTPAY_QUICKSTI/Payment_Information_Page/ADDRESS' is visible

2020-10-13 10:44:39 - [MESSAGE][PASSED] - Object 'Object Repository/CERTPAY_QUICKSTI/Payment_Information_Page/ADDRESS' is present

2020-10-13 10:44:40 - [MESSAGE][PASSED] - Text '14-2' is set on object 'Object Repository/CERTPAY_QUICKSTI/Payment_Information_Page/ADDRESS'

2020-10-13 10:44:40 - [MESSAGE][PASSED] - Quicksti.ts:Entered'14-2 into Address

2020-10-13 10:44:40 - [TEST_STEP][PASSED] - utilities.SafeActions.safeType(findTestObject("CERTPAY_QUICKSTI/Payment_Information_Page/ZIP_CODE"), zipCode, "zipcode", [pageLoadTime]): Quicksti.ts:Entered'76102 into zipcode

2020-10-13 10:44:41 - [MESSAGE][PASSED] - Object 'Object Repository/CERTPAY_QUICKSTI/Payment_Information_Page/ZIP_CODE' is present

2020-10-13 10:44:41 - [MESSAGE][PASSED] - Object 'Object Repository/CERTPAY_QUICKSTI/Payment_Information_Page/ZIP_CODE' is visible

2020-10-13 10:44:41 - [MESSAGE][PASSED] - Object 'Object Repository/CERTPAY_QUICKSTI/Payment_Information_Page/ZIP_CODE' is present

2020-10-13 10:44:43 - [MESSAGE][PASSED] - Text '76102' is set on object 'Object Repository/CERTPAY_QUICKSTI/Payment_Information_Page/ZIP_CODE'

2020-10-13 10:44:43 - [MESSAGE][PASSED] - Quicksti.ts:Entered'76102 into zipcode

2020-10-13 10:44:43 - [TEST_STEP][PASSED] - utilities.SafeActions.safeType(findTestObject("CERTPAY_QUICKSTI/Payment_Information_Page/TELEPHONE"), telephone, "Telephone", [pageLoadTime]): Quicksti.ts:Entered'9988776655 into Telephone

2020-10-13 10:44:43 - [MESSAGE][PASSED] - Object 'Object Repository/CERTPAY_QUICKSTI/Payment_Information_Page/TELEPHONE' is present

2020-10-13 10:44:43 - [MESSAGE][PASSED] - Object 'Object Repository/CERTPAY_QUICKSTI/Payment_Information_Page/TELEPHONE' is visible

2020-10-13 10:44:44 - [MESSAGE][PASSED] - Object 'Object Repository/CERTPAY_QUICKSTI/Payment_Information_Page/TELEPHONE' is present

2020-10-13 10:44:45 - [MESSAGE][PASSED] - Text '9988776655' is set on object 'Object Repository/CERTPAY_QUICKSTI/Payment_Information_Page/TELEPHONE'

2020-10-13 10:44:45 - [MESSAGE][PASSED] - Quicksti.ts:Entered'9988776655 into Telephone

2020-10-13 10:44:45 - [TEST_STEP][PASSED] - utilities.SafeActions.safeType(findTestObject("CERTPAY_QUICKSTI/Payment_Information_Page/EMAIL_ADDRESS"), emailAddress, "EMAIL address", [pageLoadTime]): Quicksti.ts:Entered'testing@zenq.com into EMAIL address

2020-10-13 10:44:45 - [MESSAGE][PASSED] - Object 'Object Repository/CERTPAY_QUICKSTI/Payment_Information_Page/EMAIL_ADDRESS' is present

2020-10-13 10:44:46 - [MESSAGE][PASSED] - Object 'Object Repository/CERTPAY_QUICKSTI/Payment_Information_Page/EMAIL_ADDRESS' is visible

2020-10-13 10:44:46 - [MESSAGE][PASSED] - Object 'Object Repository/CERTPAY_QUICKSTI/Payment_Information_Page/EMAIL_ADDRESS' is present

2020-10-13 10:44:47 - [MESSAGE][PASSED] - Text 'testing@zenq.com' is set on object 'Object Repository/CERTPAY_QUICKSTI/Payment_Information_Page/EMAIL_ADDRESS'

2020-10-13 10:44:47 - [MESSAGE][PASSED] - Quicksti.ts:Entered'testing@zenq.com into EMAIL address

2020-10-13 10:44:47 - [TEST_STEP][PASSED] - utilities.SafeActions.safeClick(findTestObject("CERTPAY_QUICKSTI/Payment_Information_Page/NEXT_BUTTON"), "Next", [pageLoadTime]): Quicksti.ts:Clicked on the Next

2020-10-13 10:44:47 - [MESSAGE][INFO] - safeClicking

2020-10-13 10:44:48 - [MESSAGE][PASSED] - Object 'Object Repository/CERTPAY_QUICKSTI/Payment_Information_Page/NEXT_BUTTON' is present

2020-10-13 10:44:48 - [MESSAGE][PASSED] - Object 'Object Repository/CERTPAY_QUICKSTI/Payment_Information_Page/NEXT_BUTTON' is clickable

2020-10-13 10:44:51 - [MESSAGE][PASSED] - Object: 'Object Repository/CERTPAY_QUICKSTI/Payment_Information_Page/NEXT_BUTTON' is clicked on

2020-10-13 10:44:51 - [MESSAGE][PASSED] - Quicksti.ts:Clicked on the Next

2020-10-13 10:44:51 - [TEST_STEP][PASSED] - pages.Quicksti.verifyUserPaymentDetails(paymentAmount, firstName, lastName, CardNumber): pages.Quicksti.verifyUserPaymentDetails is PASSED

2020-10-13 10:44:51 - [MESSAGE][PASSED] - Text of object 'Object Repository/CERTPAY_QUICKSTI/Payment_Details_Verification_Page/AMOUNT' is: '$20.00'

2020-10-13 10:44:51 - [MESSAGE][PASSED] - Actual text '20.00' and expected text '20.00' are matched  using regular expression

2020-10-13 10:44:52 - [MESSAGE][PASSED] - Text of object 'Object Repository/CERTPAY_QUICKSTI/Payment_Details_Verification_Page/NAME' is: 'Tester Zenq1'

2020-10-13 10:44:52 - [MESSAGE][PASSED] - Actual text 'Tester Zenq1' and expected text 'Tester Zenq1' are matched  using regular expression

2020-10-13 10:44:52 - [MESSAGE][PASSED] - Text of object 'Object Repository/CERTPAY_QUICKSTI/Payment_Details_Verification_Page/CARD_NUMBER' is: '...0135'

2020-10-13 10:44:52 - [MESSAGE][PASSED] - Actual text '0135' and expected text '0135' are matched  using regular expression

2020-10-13 10:44:52 - [MESSAGE][PASSED] - pages.Quicksti.verifyUserPaymentDetails is PASSED

2020-10-13 10:44:52 - [TEST_STEP][PASSED] - delay(2): Delayed 2 second(s)

2020-10-13 10:44:54 - [MESSAGE][PASSED] - Delayed 2 second(s)

2020-10-13 10:44:54 - [TEST_STEP][PASSED] - scrollToElement(findTestObject("CERTPAY_QUICKSTI/Payment_Details_Verification_Page/PROCESS"), 0): Scroll to object 'Object Repository/CERTPAY_QUICKSTI/Payment_Details_Verification_Page/PROCESS' successfully

2020-10-13 10:44:54 - [MESSAGE][WARNING] - Timeout '0' is invalid. Using default page load timeout: '30'

2020-10-13 10:44:55 - [MESSAGE][PASSED] - Scroll to object 'Object Repository/CERTPAY_QUICKSTI/Payment_Details_Verification_Page/PROCESS' successfully

2020-10-13 10:44:55 - [TEST_STEP][PASSED] - utilities.SafeActions.safeClick(findTestObject("CERTPAY_QUICKSTI/Payment_Details_Verification_Page/PROCESS"), "Process", [pageLoadTime]): Quicksti.ts:Clicked on the Process

2020-10-13 10:44:55 - [MESSAGE][INFO] - safeClicking

2020-10-13 10:44:55 - [MESSAGE][PASSED] - Object 'Object Repository/CERTPAY_QUICKSTI/Payment_Details_Verification_Page/PROCESS' is present

2020-10-13 10:44:55 - [MESSAGE][PASSED] - Object 'Object Repository/CERTPAY_QUICKSTI/Payment_Details_Verification_Page/PROCESS' is clickable

2020-10-13 10:45:00 - [MESSAGE][PASSED] - Object: 'Object Repository/CERTPAY_QUICKSTI/Payment_Details_Verification_Page/PROCESS' is clicked on

2020-10-13 10:45:00 - [MESSAGE][PASSED] - Quicksti.ts:Clicked on the Process

2020-10-13 10:45:00 - [TEST_STEP][PASSED] - paymentId = pages.Quicksti.verifyPaymentApproval(findTestObject("CERTPAY_QUICKSTI/Payment_Details_Verification_Page/APPROVED")): Payment is approved

2020-10-13 10:45:01 - [MESSAGE][PASSED] - Text of object 'Object Repository/CERTPAY_QUICKSTI/Payment_Details_Verification_Page/PAYMENT_ID' is: '100176127270'

2020-10-13 10:45:01 - [MESSAGE][PASSED] - Object 'Object Repository/CERTPAY_QUICKSTI/Payment_Details_Verification_Page/APPROVED' is present

2020-10-13 10:45:01 - [MESSAGE][PASSED] - Payment is approved

2020-10-13 10:45:03 - [TEST_STEP][PASSED] - navigateToUrl(Admin_url): Navigate to 'https://qa-certpayadmin.faps.net' successfully

2020-10-13 10:45:08 - [MESSAGE][PASSED] - Navigate to 'https://qa-certpayadmin.faps.net' successfully

2020-10-13 10:45:08 - [TEST_STEP][PASSED] - pages.Bureau_Login_Page.loginToAdminSite(AdminUsername, AdminPassword): Quicksti.ts:Clicked on the LOGIN

2020-10-13 10:45:08 - [MESSAGE][PASSED] - Object 'Object Repository/CERTPAY_ADMIN/USER_NAME' is present

2020-10-13 10:45:09 - [MESSAGE][PASSED] - Object 'Object Repository/CERTPAY_ADMIN/USER_NAME' is visible

2020-10-13 10:45:09 - [MESSAGE][PASSED] - Object 'Object Repository/CERTPAY_ADMIN/USER_NAME' is present

2020-10-13 10:45:10 - [MESSAGE][PASSED] - Text 'VVangiliappan' is set on object 'Object Repository/CERTPAY_ADMIN/USER_NAME'

2020-10-13 10:45:10 - [MESSAGE][PASSED] - Quicksti.ts:Entered'VVangiliappan into username

2020-10-13 10:45:11 - [MESSAGE][PASSED] - Object 'Object Repository/CERTPAY_ADMIN/PASSWORD' is present

2020-10-13 10:45:11 - [MESSAGE][PASSED] - Object 'Object Repository/CERTPAY_ADMIN/PASSWORD' is visible

2020-10-13 10:45:11 - [MESSAGE][PASSED] - Object 'Object Repository/CERTPAY_ADMIN/PASSWORD' is present

2020-10-13 10:45:12 - [MESSAGE][PASSED] - Text 'Test@123' is set on object 'Object Repository/CERTPAY_ADMIN/PASSWORD'

2020-10-13 10:45:12 - [MESSAGE][PASSED] - Quicksti.ts:Entered'Test@123 into password

2020-10-13 10:45:13 - [MESSAGE][INFO] - safeClicking

2020-10-13 10:45:13 - [MESSAGE][PASSED] - Object 'Object Repository/CERTPAY_ADMIN/LOGIN_BUTTON' is present

2020-10-13 10:45:13 - [MESSAGE][PASSED] - Object 'Object Repository/CERTPAY_ADMIN/LOGIN_BUTTON' is clickable

2020-10-13 10:45:22 - [MESSAGE][PASSED] - Object: 'Object Repository/CERTPAY_ADMIN/LOGIN_BUTTON' is clicked on

2020-10-13 10:45:22 - [MESSAGE][PASSED] - Quicksti.ts:Clicked on the LOGIN

2020-10-13 10:45:22 - [TEST_STEP][PASSED] - utilities.SafeActions.safeClick(findTestObject("CERTPAY_ADMIN/TRANSACTION_MENU"), "TransactionMenu", [pageLoadTime]): Quicksti.ts:Clicked on the TransactionMenu

2020-10-13 10:45:22 - [MESSAGE][INFO] - safeClicking

2020-10-13 10:45:23 - [MESSAGE][PASSED] - Object 'Object Repository/CERTPAY_ADMIN/TRANSACTION_MENU' is present

2020-10-13 10:45:23 - [MESSAGE][PASSED] - Object 'Object Repository/CERTPAY_ADMIN/TRANSACTION_MENU' is clickable

2020-10-13 10:45:24 - [MESSAGE][PASSED] - Object: 'Object Repository/CERTPAY_ADMIN/TRANSACTION_MENU' is clicked on

2020-10-13 10:45:24 - [MESSAGE][PASSED] - Quicksti.ts:Clicked on the TransactionMenu

2020-10-13 10:45:24 - [TEST_STEP][PASSED] - utilities.SafeActions.safeClick(findTestObject("CERTPAY_ADMIN/TRANSACTION_SEARCH"), "TransactionSearch", [pageLoadTime]): Quicksti.ts:Clicked on the TransactionSearch

2020-10-13 10:45:24 - [MESSAGE][INFO] - safeClicking

2020-10-13 10:45:25 - [MESSAGE][PASSED] - Object 'Object Repository/CERTPAY_ADMIN/TRANSACTION_SEARCH' is present

2020-10-13 10:45:25 - [MESSAGE][PASSED] - Object 'Object Repository/CERTPAY_ADMIN/TRANSACTION_SEARCH' is clickable

2020-10-13 10:45:28 - [MESSAGE][PASSED] - Object: 'Object Repository/CERTPAY_ADMIN/TRANSACTION_SEARCH' is clicked on

2020-10-13 10:45:28 - [MESSAGE][PASSED] - Quicksti.ts:Clicked on the TransactionSearch

2020-10-13 10:45:28 - [TEST_STEP][PASSED] - utilities.SafeActions.safeType(findTestObject("CERTPAY_ADMIN/PAYMENT_ID"), paymentId, "Payment id", [pageLoadTime]): Quicksti.ts:Entered'100176127270 into Payment id

2020-10-13 10:45:29 - [MESSAGE][PASSED] - Object 'Object Repository/CERTPAY_ADMIN/PAYMENT_ID' is present

2020-10-13 10:45:29 - [MESSAGE][PASSED] - Object 'Object Repository/CERTPAY_ADMIN/PAYMENT_ID' is visible

2020-10-13 10:45:29 - [MESSAGE][PASSED] - Object 'Object Repository/CERTPAY_ADMIN/PAYMENT_ID' is present

2020-10-13 10:45:31 - [MESSAGE][PASSED] - Text '100176127270' is set on object 'Object Repository/CERTPAY_ADMIN/PAYMENT_ID'

2020-10-13 10:45:31 - [MESSAGE][PASSED] - Quicksti.ts:Entered'100176127270 into Payment id

2020-10-13 10:45:31 - [TEST_STEP][PASSED] - utilities.SafeActions.safeClick(findTestObject("CERTPAY_ADMIN/GO_BUTTON"), "Go button", [pageLoadTime]): Quicksti.ts:Clicked on the Go button

2020-10-13 10:45:31 - [MESSAGE][INFO] - safeClicking

2020-10-13 10:45:31 - [MESSAGE][PASSED] - Object 'Object Repository/CERTPAY_ADMIN/GO_BUTTON' is present

2020-10-13 10:45:31 - [MESSAGE][PASSED] - Object 'Object Repository/CERTPAY_ADMIN/GO_BUTTON' is clickable

2020-10-13 10:45:35 - [MESSAGE][PASSED] - Object: 'Object Repository/CERTPAY_ADMIN/GO_BUTTON' is clicked on

2020-10-13 10:45:35 - [MESSAGE][PASSED] - Quicksti.ts:Clicked on the Go button

2020-10-13 10:45:35 - [TEST_STEP][PASSED] - delay(5): Delayed 5 second(s)

2020-10-13 10:45:40 - [MESSAGE][PASSED] - Delayed 5 second(s)

2020-10-13 10:45:40 - [TEST_STEP][PASSED] - scrollToPosition(800, 900): Browser is scrolled to position x = 800, y = 900

2020-10-13 10:45:40 - [MESSAGE][PASSED] - Browser is scrolled to position x = 800, y = 900

2020-10-13 10:45:40 - [TEST_STEP][PASSED] - paymentIdList.add(paymentId): null

2020-10-13 10:45:40 - [TEST_STEP][PASSED] - println(paymentIdList): null

2020-10-13 10:45:40 - [TEST_STEP][PASSED] - firstName = data.getValue("FirstName", index): null

2020-10-13 10:45:40 - [TEST_STEP][PASSED] - lastName = data.getValue("LastName", index): null

2020-10-13 10:45:40 - [TEST_STEP][PASSED] - expMonth = data.getValue("ExpMonth", index): null

2020-10-13 10:45:40 - [TEST_STEP][PASSED] - expYear = data.getValue("ExpYear", index): null

2020-10-13 10:45:40 - [TEST_STEP][PASSED] - securityCode = data.getValue("SecurityCode", index): null

2020-10-13 10:45:40 - [TEST_STEP][PASSED] - paymentAmount = data.getValue("PaymentAmount", index): null

2020-10-13 10:45:40 - [TEST_STEP][PASSED] - paymentType = data.getValue("PaymentType", index): null

2020-10-13 10:45:40 - [TEST_STEP][PASSED] - quantity = data.getValue("Quantity", index): null

2020-10-13 10:45:40 - [TEST_STEP][PASSED] - comments = data.getValue("Comments", index): null

2020-10-13 10:45:40 - [TEST_STEP][PASSED] - referenceNum = data.getValue("ReferenceNum", index): null

2020-10-13 10:45:40 - [TEST_STEP][PASSED] - address = data.getValue("Address", index): null

2020-10-13 10:45:40 - [TEST_STEP][PASSED] - zipCode = data.getValue("Zipcode", index): null

2020-10-13 10:45:40 - [TEST_STEP][PASSED] - telephone = data.getValue("Telephone", index): null

2020-10-13 10:45:40 - [TEST_STEP][PASSED] - emailAddress = data.getValue("EmailAddress", index): null

2020-10-13 10:45:40 - [TEST_STEP][PASSED] - cardNum = data.getValue("CardNumber", index): null

2020-10-13 10:45:40 - [TEST_STEP][PASSED] - cardType = data.getValue("CardType", index): null

2020-10-13 10:45:40 - [TEST_STEP][PASSED] - utilities.SafeActions.openBrowser(Quicksti_Url, [pageLoadTime]): Browser launched successfully

2020-10-13 10:45:40 - [MESSAGE][INFO] - Opening Browser

2020-10-13 10:45:40 - [MESSAGE][WARNING] - A browser is already opened. Closing browser and opening a new one

2020-10-13 10:45:44 - [MESSAGE][INFO] - Starting 'Chrome' driver

2020-10-13 10:45:53 - [MESSAGE][PASSED] - Browser is opened with url: 'https://qa-certpayquicksti.faps.net/'

2020-10-13 10:45:55 - [MESSAGE][PASSED] - Current window maximized

2020-10-13 10:45:55 - [MESSAGE][PASSED] - Browser launched successfully

2020-10-13 10:45:55 - [TEST_STEP][PASSED] - utilities.SafeActions.safeType(findTestObject("CERTPAY_QUICKSTI/Login_ Page/BUREAU_CODE"), bureau_code, "Bureau code", [pageLoadTime]): Quicksti.ts:Entered'6100000 into Bureau code

2020-10-13 10:45:56 - [MESSAGE][PASSED] - Object 'Object Repository/CERTPAY_QUICKSTI/Login_ Page/BUREAU_CODE' is present

2020-10-13 10:45:56 - [MESSAGE][PASSED] - Object 'Object Repository/CERTPAY_QUICKSTI/Login_ Page/BUREAU_CODE' is visible

2020-10-13 10:45:56 - [MESSAGE][PASSED] - Object 'Object Repository/CERTPAY_QUICKSTI/Login_ Page/BUREAU_CODE' is present

2020-10-13 10:45:57 - [MESSAGE][PASSED] - Text '6100000' is set on object 'Object Repository/CERTPAY_QUICKSTI/Login_ Page/BUREAU_CODE'

2020-10-13 10:45:57 - [MESSAGE][PASSED] - Quicksti.ts:Entered'6100000 into Bureau code

2020-10-13 10:45:57 - [TEST_STEP][PASSED] - utilities.SafeActions.safeType(findTestObject("CERTPAY_QUICKSTI/Login_ Page/TELLER_ID"), teller_id, "Bureau code", [pageLoadTime]): Quicksti.ts:Entered'zenq into Bureau code

2020-10-13 10:45:58 - [MESSAGE][PASSED] - Object 'Object Repository/CERTPAY_QUICKSTI/Login_ Page/TELLER_ID' is present

2020-10-13 10:45:58 - [MESSAGE][PASSED] - Object 'Object Repository/CERTPAY_QUICKSTI/Login_ Page/TELLER_ID' is visible

2020-10-13 10:45:58 - [MESSAGE][PASSED] - Object 'Object Repository/CERTPAY_QUICKSTI/Login_ Page/TELLER_ID' is present

2020-10-13 10:46:00 - [MESSAGE][PASSED] - Text 'zenq' is set on object 'Object Repository/CERTPAY_QUICKSTI/Login_ Page/TELLER_ID'

2020-10-13 10:46:00 - [MESSAGE][PASSED] - Quicksti.ts:Entered'zenq into Bureau code

2020-10-13 10:46:00 - [TEST_STEP][PASSED] - utilities.SafeActions.safeClick(findTestObject("CERTPAY_QUICKSTI/Login_ Page/NEXT_BUTTON"), "Next button", [pageLoadTime]): Quicksti.ts:Clicked on the Next button

2020-10-13 10:46:00 - [MESSAGE][INFO] - safeClicking

2020-10-13 10:46:00 - [MESSAGE][PASSED] - Object 'Object Repository/CERTPAY_QUICKSTI/Login_ Page/NEXT_BUTTON' is present

2020-10-13 10:46:00 - [MESSAGE][PASSED] - Object 'Object Repository/CERTPAY_QUICKSTI/Login_ Page/NEXT_BUTTON' is clickable

2020-10-13 10:46:04 - [MESSAGE][PASSED] - Object: 'Object Repository/CERTPAY_QUICKSTI/Login_ Page/NEXT_BUTTON' is clicked on

2020-10-13 10:46:04 - [MESSAGE][PASSED] - Quicksti.ts:Clicked on the Next button

2020-10-13 10:46:04 - [TEST_STEP][PASSED] - utilities.SafeActions.safeClick(findTestObject("CERTPAY_QUICKSTI/Payment_Information_Page/MANUAL_ENTRY_BUTTON"), "ManualEntry", [pageLoadTime]): Quicksti.ts:Clicked on the ManualEntry

2020-10-13 10:46:04 - [MESSAGE][INFO] - safeClicking

2020-10-13 10:46:04 - [MESSAGE][PASSED] - Object 'Object Repository/CERTPAY_QUICKSTI/Payment_Information_Page/MANUAL_ENTRY_BUTTON' is present

2020-10-13 10:46:04 - [MESSAGE][PASSED] - Object 'Object Repository/CERTPAY_QUICKSTI/Payment_Information_Page/MANUAL_ENTRY_BUTTON' is clickable

2020-10-13 10:46:07 - [MESSAGE][PASSED] - Object: 'Object Repository/CERTPAY_QUICKSTI/Payment_Information_Page/MANUAL_ENTRY_BUTTON' is clicked on

2020-10-13 10:46:07 - [MESSAGE][PASSED] - Quicksti.ts:Clicked on the ManualEntry

2020-10-13 10:46:07 - [TEST_STEP][PASSED] - CardNumber = pages.Quicksti.setUserPaymentDetails(firstName, lastName, cardNum): Quicksti.ts:Entered'5154623208647646 into CardNum

2020-10-13 10:46:07 - [MESSAGE][PASSED] - Object 'Object Repository/CERTPAY_QUICKSTI/Payment_Information_Page/FIRST_NAME' is present

2020-10-13 10:46:07 - [MESSAGE][PASSED] - Object 'Object Repository/CERTPAY_QUICKSTI/Payment_Information_Page/FIRST_NAME' is visible

2020-10-13 10:46:08 - [MESSAGE][PASSED] - Object 'Object Repository/CERTPAY_QUICKSTI/Payment_Information_Page/FIRST_NAME' is present

2020-10-13 10:46:09 - [MESSAGE][PASSED] - Text 'Tester' is set on object 'Object Repository/CERTPAY_QUICKSTI/Payment_Information_Page/FIRST_NAME'

2020-10-13 10:46:09 - [MESSAGE][PASSED] - Quicksti.ts:Entered'Tester into FirstName

2020-10-13 10:46:09 - [MESSAGE][PASSED] - Object 'Object Repository/CERTPAY_QUICKSTI/Payment_Information_Page/LAST_NAME' is present

2020-10-13 10:46:10 - [MESSAGE][PASSED] - Object 'Object Repository/CERTPAY_QUICKSTI/Payment_Information_Page/LAST_NAME' is visible

2020-10-13 10:46:10 - [MESSAGE][PASSED] - Object 'Object Repository/CERTPAY_QUICKSTI/Payment_Information_Page/LAST_NAME' is present

2020-10-13 10:46:11 - [MESSAGE][PASSED] - Text 'Zenq1' is set on object 'Object Repository/CERTPAY_QUICKSTI/Payment_Information_Page/LAST_NAME'

2020-10-13 10:46:11 - [MESSAGE][PASSED] - Quicksti.ts:Entered'Zenq1 into LAstName

2020-10-13 10:46:11 - [MESSAGE][PASSED] - Object 'Object Repository/CERTPAY_QUICKSTI/Payment_Information_Page/CARD_NUMBER' is present

2020-10-13 10:46:12 - [MESSAGE][PASSED] - Object 'Object Repository/CERTPAY_QUICKSTI/Payment_Information_Page/CARD_NUMBER' is visible

2020-10-13 10:46:12 - [MESSAGE][PASSED] - Object 'Object Repository/CERTPAY_QUICKSTI/Payment_Information_Page/CARD_NUMBER' is present

2020-10-13 10:46:13 - [MESSAGE][PASSED] - Text '5154623208647646' is set on object 'Object Repository/CERTPAY_QUICKSTI/Payment_Information_Page/CARD_NUMBER'

2020-10-13 10:46:13 - [MESSAGE][PASSED] - Quicksti.ts:Entered'5154623208647646 into CardNum

2020-10-13 10:46:13 - [TEST_STEP][PASSED] - utilities.SafeActions.safeSelectOptionInDropdownByVisibleText(findTestObject("CERTPAY_QUICKSTI/Payment_Information_Page/PAYMENT_TYPE"), paymentType, "paymentType", [pageLoadTime]): selected dropdown option by visible text  Giftsfrom paymentType

2020-10-13 10:46:14 - [MESSAGE][PASSED] - Object 'Object Repository/CERTPAY_QUICKSTI/Payment_Information_Page/PAYMENT_TYPE' is visible

2020-10-13 10:46:14 - [MESSAGE][PASSED] - Object 'Object Repository/CERTPAY_QUICKSTI/Payment_Information_Page/PAYMENT_TYPE' is present

2020-10-13 10:46:15 - [MESSAGE][PASSED] - Object: 'Object Repository/CERTPAY_QUICKSTI/Payment_Information_Page/PAYMENT_TYPE' is clicked on

2020-10-13 10:46:16 - [MESSAGE][PASSED] - All options with label 'Gifts' are selected in object 'Object Repository/CERTPAY_QUICKSTI/Payment_Information_Page/PAYMENT_TYPE'  using regular expression

2020-10-13 10:46:16 - [MESSAGE][PASSED] - selected dropdown option by visible text  Giftsfrom paymentType

2020-10-13 10:46:16 - [TEST_STEP][PASSED] - pages.Quicksti.setExpDate(expMonth, expYear, securityCode): Quicksti.ts:Entered'207 into securityCode

2020-10-13 10:46:17 - [MESSAGE][PASSED] - Object 'Object Repository/CERTPAY_QUICKSTI/Payment_Information_Page/EXP_MONTH' is visible

2020-10-13 10:46:17 - [MESSAGE][PASSED] - Object 'Object Repository/CERTPAY_QUICKSTI/Payment_Information_Page/EXP_MONTH' is present

2020-10-13 10:46:18 - [MESSAGE][PASSED] - Object: 'Object Repository/CERTPAY_QUICKSTI/Payment_Information_Page/EXP_MONTH' is clicked on

2020-10-13 10:46:19 - [MESSAGE][PASSED] - All options with label '04' are selected in object 'Object Repository/CERTPAY_QUICKSTI/Payment_Information_Page/EXP_MONTH'  using regular expression

2020-10-13 10:46:19 - [MESSAGE][PASSED] - selected dropdown option by visible text  04from expMonth

2020-10-13 10:46:20 - [MESSAGE][PASSED] - Object 'Object Repository/CERTPAY_QUICKSTI/Payment_Information_Page/EXP_YEAR' is visible

2020-10-13 10:46:20 - [MESSAGE][PASSED] - Object 'Object Repository/CERTPAY_QUICKSTI/Payment_Information_Page/EXP_YEAR' is present

2020-10-13 10:46:21 - [MESSAGE][PASSED] - Object: 'Object Repository/CERTPAY_QUICKSTI/Payment_Information_Page/EXP_YEAR' is clicked on

2020-10-13 10:46:23 - [MESSAGE][PASSED] - All options with label '2023' are selected in object 'Object Repository/CERTPAY_QUICKSTI/Payment_Information_Page/EXP_YEAR'  using regular expression

2020-10-13 10:46:23 - [MESSAGE][PASSED] - selected dropdown option by visible text  2023from  expYear

2020-10-13 10:46:23 - [MESSAGE][PASSED] - Object 'Object Repository/CERTPAY_QUICKSTI/Payment_Information_Page/SECURITY_CODE' is present

2020-10-13 10:46:23 - [MESSAGE][PASSED] - Object 'Object Repository/CERTPAY_QUICKSTI/Payment_Information_Page/SECURITY_CODE' is visible

2020-10-13 10:46:24 - [MESSAGE][PASSED] - Object 'Object Repository/CERTPAY_QUICKSTI/Payment_Information_Page/SECURITY_CODE' is present

2020-10-13 10:46:25 - [MESSAGE][PASSED] - Text '207' is set on object 'Object Repository/CERTPAY_QUICKSTI/Payment_Information_Page/SECURITY_CODE'

2020-10-13 10:46:25 - [MESSAGE][PASSED] - Quicksti.ts:Entered'207 into securityCode

2020-10-13 10:46:25 - [TEST_STEP][PASSED] - pages.Quicksti.setPaymentAmountDetailsForSinglePayment(paymentAmount, quantity): Quicksti.ts:Entered'2 into Quantity

2020-10-13 10:46:25 - [MESSAGE][PASSED] - Object 'Object Repository/CERTPAY_QUICKSTI/Payment_Information_Page/PAYMENT_AMOUNT' is present

2020-10-13 10:46:26 - [MESSAGE][PASSED] - Object 'Object Repository/CERTPAY_QUICKSTI/Payment_Information_Page/PAYMENT_AMOUNT' is visible

2020-10-13 10:46:26 - [MESSAGE][PASSED] - Object 'Object Repository/CERTPAY_QUICKSTI/Payment_Information_Page/PAYMENT_AMOUNT' is present

2020-10-13 10:46:27 - [MESSAGE][PASSED] - Text '25.00' is set on object 'Object Repository/CERTPAY_QUICKSTI/Payment_Information_Page/PAYMENT_AMOUNT'

2020-10-13 10:46:27 - [MESSAGE][PASSED] - Quicksti.ts:Entered'25.00 into amount

2020-10-13 10:46:28 - [MESSAGE][PASSED] - Object 'Object Repository/CERTPAY_QUICKSTI/Payment_Information_Page/QUANTITY' is present

2020-10-13 10:46:28 - [MESSAGE][PASSED] - Object 'Object Repository/CERTPAY_QUICKSTI/Payment_Information_Page/QUANTITY' is visible

2020-10-13 10:46:28 - [MESSAGE][PASSED] - Object 'Object Repository/CERTPAY_QUICKSTI/Payment_Information_Page/QUANTITY' is present

2020-10-13 10:46:29 - [MESSAGE][PASSED] - Text '2' is set on object 'Object Repository/CERTPAY_QUICKSTI/Payment_Information_Page/QUANTITY'

2020-10-13 10:46:29 - [MESSAGE][PASSED] - Quicksti.ts:Entered'2 into Quantity

2020-10-13 10:46:29 - [TEST_STEP][PASSED] - utilities.SafeActions.safeType(findTestObject("CERTPAY_QUICKSTI/Payment_Information_Page/REFRENCE_NUMBER"), referenceNum, "Reference Number", [pageLoadTime]): Quicksti.ts:Entered'12 into Reference Number

2020-10-13 10:46:30 - [MESSAGE][PASSED] - Object 'Object Repository/CERTPAY_QUICKSTI/Payment_Information_Page/REFRENCE_NUMBER' is present

2020-10-13 10:46:30 - [MESSAGE][PASSED] - Object 'Object Repository/CERTPAY_QUICKSTI/Payment_Information_Page/REFRENCE_NUMBER' is visible

2020-10-13 10:46:30 - [MESSAGE][PASSED] - Object 'Object Repository/CERTPAY_QUICKSTI/Payment_Information_Page/REFRENCE_NUMBER' is present

2020-10-13 10:46:32 - [MESSAGE][PASSED] - Text '12' is set on object 'Object Repository/CERTPAY_QUICKSTI/Payment_Information_Page/REFRENCE_NUMBER'

2020-10-13 10:46:32 - [MESSAGE][PASSED] - Quicksti.ts:Entered'12 into Reference Number

2020-10-13 10:46:32 - [TEST_STEP][PASSED] - amount_Value = pages.Quicksti.getAttributeValue(findTestObject("CERTPAY_QUICKSTI/Payment_Information_Page/SUB_TOTAL")): pages.Quicksti.getAttributeValue is PASSED

2020-10-13 10:46:32 - [MESSAGE][PASSED] - Attribute 'value' of object 'Object Repository/CERTPAY_QUICKSTI/Payment_Information_Page/SUB_TOTAL' is: '50.00'

2020-10-13 10:46:32 - [MESSAGE][PASSED] - pages.Quicksti.getAttributeValue is PASSED

2020-10-13 10:46:32 - [TEST_STEP][PASSED] - utilities.SafeActions.safeType(findTestObject("CERTPAY_QUICKSTI/Payment_Information_Page/COMMENTS"), "Testing", "Comments", [pageLoadTime]): Quicksti.ts:Entered'Testing into Comments

2020-10-13 10:46:33 - [MESSAGE][PASSED] - Object 'Object Repository/CERTPAY_QUICKSTI/Payment_Information_Page/COMMENTS' is present

2020-10-13 10:46:33 - [MESSAGE][PASSED] - Object 'Object Repository/CERTPAY_QUICKSTI/Payment_Information_Page/COMMENTS' is visible

2020-10-13 10:46:33 - [MESSAGE][PASSED] - Object 'Object Repository/CERTPAY_QUICKSTI/Payment_Information_Page/COMMENTS' is present

2020-10-13 10:46:34 - [MESSAGE][PASSED] - Text 'Testing' is set on object 'Object Repository/CERTPAY_QUICKSTI/Payment_Information_Page/COMMENTS'

2020-10-13 10:46:35 - [MESSAGE][PASSED] - Quicksti.ts:Entered'Testing into Comments

2020-10-13 10:46:35 - [TEST_STEP][PASSED] - utilities.SafeActions.safeType(findTestObject("CERTPAY_QUICKSTI/Payment_Information_Page/ADDRESS"), address, "Address", [pageLoadTime]): Quicksti.ts:Entered'14-2 into Address

2020-10-13 10:46:35 - [MESSAGE][PASSED] - Object 'Object Repository/CERTPAY_QUICKSTI/Payment_Information_Page/ADDRESS' is present

2020-10-13 10:46:35 - [MESSAGE][PASSED] - Object 'Object Repository/CERTPAY_QUICKSTI/Payment_Information_Page/ADDRESS' is visible

2020-10-13 10:46:36 - [MESSAGE][PASSED] - Object 'Object Repository/CERTPAY_QUICKSTI/Payment_Information_Page/ADDRESS' is present

2020-10-13 10:46:37 - [MESSAGE][PASSED] - Text '14-2' is set on object 'Object Repository/CERTPAY_QUICKSTI/Payment_Information_Page/ADDRESS'

2020-10-13 10:46:37 - [MESSAGE][PASSED] - Quicksti.ts:Entered'14-2 into Address

2020-10-13 10:46:37 - [TEST_STEP][PASSED] - utilities.SafeActions.safeType(findTestObject("CERTPAY_QUICKSTI/Payment_Information_Page/ZIP_CODE"), zipCode, "zipcode", [pageLoadTime]): Quicksti.ts:Entered'76102 into zipcode

2020-10-13 10:46:37 - [MESSAGE][PASSED] - Object 'Object Repository/CERTPAY_QUICKSTI/Payment_Information_Page/ZIP_CODE' is present

2020-10-13 10:46:37 - [MESSAGE][PASSED] - Object 'Object Repository/CERTPAY_QUICKSTI/Payment_Information_Page/ZIP_CODE' is visible

2020-10-13 10:46:38 - [MESSAGE][PASSED] - Object 'Object Repository/CERTPAY_QUICKSTI/Payment_Information_Page/ZIP_CODE' is present

2020-10-13 10:46:39 - [MESSAGE][PASSED] - Text '76102' is set on object 'Object Repository/CERTPAY_QUICKSTI/Payment_Information_Page/ZIP_CODE'

2020-10-13 10:46:39 - [MESSAGE][PASSED] - Quicksti.ts:Entered'76102 into zipcode

2020-10-13 10:46:39 - [TEST_STEP][PASSED] - utilities.SafeActions.safeType(findTestObject("CERTPAY_QUICKSTI/Payment_Information_Page/TELEPHONE"), telephone, "Telephone", [pageLoadTime]): Quicksti.ts:Entered'9989897654 into Telephone

2020-10-13 10:46:39 - [MESSAGE][PASSED] - Object 'Object Repository/CERTPAY_QUICKSTI/Payment_Information_Page/TELEPHONE' is present

2020-10-13 10:46:40 - [MESSAGE][PASSED] - Object 'Object Repository/CERTPAY_QUICKSTI/Payment_Information_Page/TELEPHONE' is visible

2020-10-13 10:46:40 - [MESSAGE][PASSED] - Object 'Object Repository/CERTPAY_QUICKSTI/Payment_Information_Page/TELEPHONE' is present

2020-10-13 10:46:41 - [MESSAGE][PASSED] - Text '9989897654' is set on object 'Object Repository/CERTPAY_QUICKSTI/Payment_Information_Page/TELEPHONE'

2020-10-13 10:46:41 - [MESSAGE][PASSED] - Quicksti.ts:Entered'9989897654 into Telephone

2020-10-13 10:46:41 - [TEST_STEP][PASSED] - utilities.SafeActions.safeType(findTestObject("CERTPAY_QUICKSTI/Payment_Information_Page/EMAIL_ADDRESS"), emailAddress, "EMAIL address", [pageLoadTime]): Quicksti.ts:Entered'testing@zenq.com into EMAIL address

2020-10-13 10:46:42 - [MESSAGE][PASSED] - Object 'Object Repository/CERTPAY_QUICKSTI/Payment_Information_Page/EMAIL_ADDRESS' is present

2020-10-13 10:46:42 - [MESSAGE][PASSED] - Object 'Object Repository/CERTPAY_QUICKSTI/Payment_Information_Page/EMAIL_ADDRESS' is visible

2020-10-13 10:46:42 - [MESSAGE][PASSED] - Object 'Object Repository/CERTPAY_QUICKSTI/Payment_Information_Page/EMAIL_ADDRESS' is present

2020-10-13 10:46:43 - [MESSAGE][PASSED] - Text 'testing@zenq.com' is set on object 'Object Repository/CERTPAY_QUICKSTI/Payment_Information_Page/EMAIL_ADDRESS'

2020-10-13 10:46:43 - [MESSAGE][PASSED] - Quicksti.ts:Entered'testing@zenq.com into EMAIL address

2020-10-13 10:46:43 - [TEST_STEP][PASSED] - utilities.SafeActions.safeClick(findTestObject("CERTPAY_QUICKSTI/Payment_Information_Page/NEXT_BUTTON"), "Next", [pageLoadTime]): Quicksti.ts:Clicked on the Next

2020-10-13 10:46:44 - [MESSAGE][INFO] - safeClicking

2020-10-13 10:46:44 - [MESSAGE][PASSED] - Object 'Object Repository/CERTPAY_QUICKSTI/Payment_Information_Page/NEXT_BUTTON' is present

2020-10-13 10:46:44 - [MESSAGE][PASSED] - Object 'Object Repository/CERTPAY_QUICKSTI/Payment_Information_Page/NEXT_BUTTON' is clickable

2020-10-13 10:46:47 - [MESSAGE][PASSED] - Object: 'Object Repository/CERTPAY_QUICKSTI/Payment_Information_Page/NEXT_BUTTON' is clicked on

2020-10-13 10:46:47 - [MESSAGE][PASSED] - Quicksti.ts:Clicked on the Next

2020-10-13 10:46:47 - [TEST_STEP][PASSED] - pages.Quicksti.verifyUserPaymentDetails(paymentAmount, firstName, lastName, CardNumber): pages.Quicksti.verifyUserPaymentDetails is PASSED

2020-10-13 10:46:48 - [MESSAGE][PASSED] - Text of object 'Object Repository/CERTPAY_QUICKSTI/Payment_Details_Verification_Page/AMOUNT' is: '$25.00'

2020-10-13 10:46:48 - [MESSAGE][PASSED] - Actual text '25.00' and expected text '25.00' are matched  using regular expression

2020-10-13 10:46:48 - [MESSAGE][PASSED] - Text of object 'Object Repository/CERTPAY_QUICKSTI/Payment_Details_Verification_Page/NAME' is: 'Tester Zenq1'

2020-10-13 10:46:48 - [MESSAGE][PASSED] - Actual text 'Tester Zenq1' and expected text 'Tester Zenq1' are matched  using regular expression

2020-10-13 10:46:49 - [MESSAGE][PASSED] - Text of object 'Object Repository/CERTPAY_QUICKSTI/Payment_Details_Verification_Page/CARD_NUMBER' is: '...7646'

2020-10-13 10:46:49 - [MESSAGE][PASSED] - Actual text '7646' and expected text '7646' are matched  using regular expression

2020-10-13 10:46:49 - [MESSAGE][PASSED] - pages.Quicksti.verifyUserPaymentDetails is PASSED

2020-10-13 10:46:49 - [TEST_STEP][PASSED] - delay(2): Delayed 2 second(s)

2020-10-13 10:46:51 - [MESSAGE][PASSED] - Delayed 2 second(s)

2020-10-13 10:46:51 - [TEST_STEP][PASSED] - scrollToElement(findTestObject("CERTPAY_QUICKSTI/Payment_Details_Verification_Page/PROCESS"), 0): Scroll to object 'Object Repository/CERTPAY_QUICKSTI/Payment_Details_Verification_Page/PROCESS' successfully

2020-10-13 10:46:51 - [MESSAGE][WARNING] - Timeout '0' is invalid. Using default page load timeout: '30'

2020-10-13 10:46:51 - [MESSAGE][PASSED] - Scroll to object 'Object Repository/CERTPAY_QUICKSTI/Payment_Details_Verification_Page/PROCESS' successfully

2020-10-13 10:46:51 - [TEST_STEP][PASSED] - utilities.SafeActions.safeClick(findTestObject("CERTPAY_QUICKSTI/Payment_Details_Verification_Page/PROCESS"), "Process", [pageLoadTime]): Quicksti.ts:Clicked on the Process

2020-10-13 10:46:51 - [MESSAGE][INFO] - safeClicking

2020-10-13 10:46:51 - [MESSAGE][PASSED] - Object 'Object Repository/CERTPAY_QUICKSTI/Payment_Details_Verification_Page/PROCESS' is present

2020-10-13 10:46:51 - [MESSAGE][PASSED] - Object 'Object Repository/CERTPAY_QUICKSTI/Payment_Details_Verification_Page/PROCESS' is clickable

2020-10-13 10:46:56 - [MESSAGE][PASSED] - Object: 'Object Repository/CERTPAY_QUICKSTI/Payment_Details_Verification_Page/PROCESS' is clicked on

2020-10-13 10:46:56 - [MESSAGE][PASSED] - Quicksti.ts:Clicked on the Process

2020-10-13 10:46:56 - [TEST_STEP][PASSED] - paymentId = pages.Quicksti.verifyPaymentApproval(findTestObject("CERTPAY_QUICKSTI/Payment_Details_Verification_Page/APPROVED")): Payment is approved

2020-10-13 10:46:57 - [MESSAGE][PASSED] - Text of object 'Object Repository/CERTPAY_QUICKSTI/Payment_Details_Verification_Page/PAYMENT_ID' is: '100176127274'

2020-10-13 10:46:57 - [MESSAGE][PASSED] - Object 'Object Repository/CERTPAY_QUICKSTI/Payment_Details_Verification_Page/APPROVED' is present

2020-10-13 10:46:57 - [MESSAGE][PASSED] - Payment is approved

2020-10-13 10:46:59 - [TEST_STEP][PASSED] - navigateToUrl(Admin_url): Navigate to 'https://qa-certpayadmin.faps.net' successfully

2020-10-13 10:47:04 - [MESSAGE][PASSED] - Navigate to 'https://qa-certpayadmin.faps.net' successfully

2020-10-13 10:47:04 - [TEST_STEP][PASSED] - pages.Bureau_Login_Page.loginToAdminSite(AdminUsername, AdminPassword): Quicksti.ts:Clicked on the LOGIN

2020-10-13 10:47:04 - [MESSAGE][PASSED] - Object 'Object Repository/CERTPAY_ADMIN/USER_NAME' is present

2020-10-13 10:47:04 - [MESSAGE][PASSED] - Object 'Object Repository/CERTPAY_ADMIN/USER_NAME' is visible

2020-10-13 10:47:05 - [MESSAGE][PASSED] - Object 'Object Repository/CERTPAY_ADMIN/USER_NAME' is present

2020-10-13 10:47:06 - [MESSAGE][PASSED] - Text 'VVangiliappan' is set on object 'Object Repository/CERTPAY_ADMIN/USER_NAME'

2020-10-13 10:47:06 - [MESSAGE][PASSED] - Quicksti.ts:Entered'VVangiliappan into username

2020-10-13 10:47:06 - [MESSAGE][PASSED] - Object 'Object Repository/CERTPAY_ADMIN/PASSWORD' is present

2020-10-13 10:47:07 - [MESSAGE][PASSED] - Object 'Object Repository/CERTPAY_ADMIN/PASSWORD' is visible

2020-10-13 10:47:07 - [MESSAGE][PASSED] - Object 'Object Repository/CERTPAY_ADMIN/PASSWORD' is present

2020-10-13 10:47:08 - [MESSAGE][PASSED] - Text 'Test@123' is set on object 'Object Repository/CERTPAY_ADMIN/PASSWORD'

2020-10-13 10:47:08 - [MESSAGE][PASSED] - Quicksti.ts:Entered'Test@123 into password

2020-10-13 10:47:08 - [MESSAGE][INFO] - safeClicking

2020-10-13 10:47:09 - [MESSAGE][PASSED] - Object 'Object Repository/CERTPAY_ADMIN/LOGIN_BUTTON' is present

2020-10-13 10:47:09 - [MESSAGE][PASSED] - Object 'Object Repository/CERTPAY_ADMIN/LOGIN_BUTTON' is clickable

2020-10-13 10:47:17 - [MESSAGE][PASSED] - Object: 'Object Repository/CERTPAY_ADMIN/LOGIN_BUTTON' is clicked on

2020-10-13 10:47:17 - [MESSAGE][PASSED] - Quicksti.ts:Clicked on the LOGIN

2020-10-13 10:47:17 - [TEST_STEP][PASSED] - utilities.SafeActions.safeClick(findTestObject("CERTPAY_ADMIN/TRANSACTION_MENU"), "TransactionMenu", [pageLoadTime]): Quicksti.ts:Clicked on the TransactionMenu

2020-10-13 10:47:17 - [MESSAGE][INFO] - safeClicking

2020-10-13 10:47:17 - [MESSAGE][PASSED] - Object 'Object Repository/CERTPAY_ADMIN/TRANSACTION_MENU' is present

2020-10-13 10:47:17 - [MESSAGE][PASSED] - Object 'Object Repository/CERTPAY_ADMIN/TRANSACTION_MENU' is clickable

2020-10-13 10:47:18 - [MESSAGE][PASSED] - Object: 'Object Repository/CERTPAY_ADMIN/TRANSACTION_MENU' is clicked on

2020-10-13 10:47:18 - [MESSAGE][PASSED] - Quicksti.ts:Clicked on the TransactionMenu

2020-10-13 10:47:18 - [TEST_STEP][PASSED] - utilities.SafeActions.safeClick(findTestObject("CERTPAY_ADMIN/TRANSACTION_SEARCH"), "TransactionSearch", [pageLoadTime]): Quicksti.ts:Clicked on the TransactionSearch

2020-10-13 10:47:19 - [MESSAGE][INFO] - safeClicking

2020-10-13 10:47:19 - [MESSAGE][PASSED] - Object 'Object Repository/CERTPAY_ADMIN/TRANSACTION_SEARCH' is present

2020-10-13 10:47:19 - [MESSAGE][PASSED] - Object 'Object Repository/CERTPAY_ADMIN/TRANSACTION_SEARCH' is clickable

2020-10-13 10:47:22 - [MESSAGE][PASSED] - Object: 'Object Repository/CERTPAY_ADMIN/TRANSACTION_SEARCH' is clicked on

2020-10-13 10:47:22 - [MESSAGE][PASSED] - Quicksti.ts:Clicked on the TransactionSearch

2020-10-13 10:47:22 - [TEST_STEP][PASSED] - utilities.SafeActions.safeType(findTestObject("CERTPAY_ADMIN/PAYMENT_ID"), paymentId, "Payment id", [pageLoadTime]): Quicksti.ts:Entered'100176127274 into Payment id

2020-10-13 10:47:23 - [MESSAGE][PASSED] - Object 'Object Repository/CERTPAY_ADMIN/PAYMENT_ID' is present

2020-10-13 10:47:23 - [MESSAGE][PASSED] - Object 'Object Repository/CERTPAY_ADMIN/PAYMENT_ID' is visible

2020-10-13 10:47:24 - [MESSAGE][PASSED] - Object 'Object Repository/CERTPAY_ADMIN/PAYMENT_ID' is present

2020-10-13 10:47:25 - [MESSAGE][PASSED] - Text '100176127274' is set on object 'Object Repository/CERTPAY_ADMIN/PAYMENT_ID'

2020-10-13 10:47:25 - [MESSAGE][PASSED] - Quicksti.ts:Entered'100176127274 into Payment id

2020-10-13 10:47:25 - [TEST_STEP][PASSED] - utilities.SafeActions.safeClick(findTestObject("CERTPAY_ADMIN/GO_BUTTON"), "Go button", [pageLoadTime]): Quicksti.ts:Clicked on the Go button

2020-10-13 10:47:25 - [MESSAGE][INFO] - safeClicking

2020-10-13 10:47:25 - [MESSAGE][PASSED] - Object 'Object Repository/CERTPAY_ADMIN/GO_BUTTON' is present

2020-10-13 10:47:25 - [MESSAGE][PASSED] - Object 'Object Repository/CERTPAY_ADMIN/GO_BUTTON' is clickable

2020-10-13 10:47:29 - [MESSAGE][PASSED] - Object: 'Object Repository/CERTPAY_ADMIN/GO_BUTTON' is clicked on

2020-10-13 10:47:29 - [MESSAGE][PASSED] - Quicksti.ts:Clicked on the Go button

2020-10-13 10:47:29 - [TEST_STEP][PASSED] - delay(5): Delayed 5 second(s)

2020-10-13 10:47:34 - [MESSAGE][PASSED] - Delayed 5 second(s)

2020-10-13 10:47:34 - [TEST_STEP][PASSED] - scrollToPosition(800, 900): Browser is scrolled to position x = 800, y = 900

2020-10-13 10:47:34 - [MESSAGE][PASSED] - Browser is scrolled to position x = 800, y = 900

2020-10-13 10:47:34 - [TEST_STEP][PASSED] - paymentIdList.add(paymentId): null

2020-10-13 10:47:34 - [TEST_STEP][PASSED] - println(paymentIdList): null

2020-10-13 10:47:34 - [TEST_STEP][PASSED] - firstName = data.getValue("FirstName", index): null

2020-10-13 10:47:34 - [TEST_STEP][PASSED] - lastName = data.getValue("LastName", index): null

2020-10-13 10:47:34 - [TEST_STEP][PASSED] - expMonth = data.getValue("ExpMonth", index): null

2020-10-13 10:47:34 - [TEST_STEP][PASSED] - expYear = data.getValue("ExpYear", index): null

2020-10-13 10:47:34 - [TEST_STEP][PASSED] - securityCode = data.getValue("SecurityCode", index): null

2020-10-13 10:47:34 - [TEST_STEP][PASSED] - paymentAmount = data.getValue("PaymentAmount", index): null

2020-10-13 10:47:34 - [TEST_STEP][PASSED] - paymentType = data.getValue("PaymentType", index): null

2020-10-13 10:47:34 - [TEST_STEP][PASSED] - quantity = data.getValue("Quantity", index): null

2020-10-13 10:47:34 - [TEST_STEP][PASSED] - comments = data.getValue("Comments", index): null

2020-10-13 10:47:34 - [TEST_STEP][PASSED] - referenceNum = data.getValue("ReferenceNum", index): null

2020-10-13 10:47:34 - [TEST_STEP][PASSED] - address = data.getValue("Address", index): null

2020-10-13 10:47:34 - [TEST_STEP][PASSED] - zipCode = data.getValue("Zipcode", index): null

2020-10-13 10:47:34 - [TEST_STEP][PASSED] - telephone = data.getValue("Telephone", index): null

2020-10-13 10:47:34 - [TEST_STEP][PASSED] - emailAddress = data.getValue("EmailAddress", index): null

2020-10-13 10:47:34 - [TEST_STEP][PASSED] - cardNum = data.getValue("CardNumber", index): null

2020-10-13 10:47:34 - [TEST_STEP][PASSED] - cardType = data.getValue("CardType", index): null

2020-10-13 10:47:34 - [TEST_STEP][PASSED] - utilities.SafeActions.openBrowser(Quicksti_Url, [pageLoadTime]): Browser launched successfully

2020-10-13 10:47:34 - [MESSAGE][INFO] - Opening Browser

2020-10-13 10:47:34 - [MESSAGE][WARNING] - A browser is already opened. Closing browser and opening a new one

2020-10-13 10:47:36 - [MESSAGE][INFO] - Starting 'Chrome' driver

2020-10-13 10:47:46 - [MESSAGE][PASSED] - Browser is opened with url: 'https://qa-certpayquicksti.faps.net/'

2020-10-13 10:47:48 - [MESSAGE][PASSED] - Current window maximized

2020-10-13 10:47:48 - [MESSAGE][PASSED] - Browser launched successfully

2020-10-13 10:47:48 - [TEST_STEP][PASSED] - utilities.SafeActions.safeType(findTestObject("CERTPAY_QUICKSTI/Login_ Page/BUREAU_CODE"), bureau_code, "Bureau code", [pageLoadTime]): Quicksti.ts:Entered'6100000 into Bureau code

2020-10-13 10:47:48 - [MESSAGE][PASSED] - Object 'Object Repository/CERTPAY_QUICKSTI/Login_ Page/BUREAU_CODE' is present

2020-10-13 10:47:49 - [MESSAGE][PASSED] - Object 'Object Repository/CERTPAY_QUICKSTI/Login_ Page/BUREAU_CODE' is visible

2020-10-13 10:47:49 - [MESSAGE][PASSED] - Object 'Object Repository/CERTPAY_QUICKSTI/Login_ Page/BUREAU_CODE' is present

2020-10-13 10:47:50 - [MESSAGE][PASSED] - Text '6100000' is set on object 'Object Repository/CERTPAY_QUICKSTI/Login_ Page/BUREAU_CODE'

2020-10-13 10:47:50 - [MESSAGE][PASSED] - Quicksti.ts:Entered'6100000 into Bureau code

2020-10-13 10:47:50 - [TEST_STEP][PASSED] - utilities.SafeActions.safeType(findTestObject("CERTPAY_QUICKSTI/Login_ Page/TELLER_ID"), teller_id, "Bureau code", [pageLoadTime]): Quicksti.ts:Entered'zenq into Bureau code

2020-10-13 10:47:51 - [MESSAGE][PASSED] - Object 'Object Repository/CERTPAY_QUICKSTI/Login_ Page/TELLER_ID' is present

2020-10-13 10:47:51 - [MESSAGE][PASSED] - Object 'Object Repository/CERTPAY_QUICKSTI/Login_ Page/TELLER_ID' is visible

2020-10-13 10:47:51 - [MESSAGE][PASSED] - Object 'Object Repository/CERTPAY_QUICKSTI/Login_ Page/TELLER_ID' is present

2020-10-13 10:47:52 - [MESSAGE][PASSED] - Text 'zenq' is set on object 'Object Repository/CERTPAY_QUICKSTI/Login_ Page/TELLER_ID'

2020-10-13 10:47:52 - [MESSAGE][PASSED] - Quicksti.ts:Entered'zenq into Bureau code

2020-10-13 10:47:52 - [TEST_STEP][PASSED] - utilities.SafeActions.safeClick(findTestObject("CERTPAY_QUICKSTI/Login_ Page/NEXT_BUTTON"), "Next button", [pageLoadTime]): Quicksti.ts:Clicked on the Next button

2020-10-13 10:47:52 - [MESSAGE][INFO] - safeClicking

2020-10-13 10:47:53 - [MESSAGE][PASSED] - Object 'Object Repository/CERTPAY_QUICKSTI/Login_ Page/NEXT_BUTTON' is present

2020-10-13 10:47:53 - [MESSAGE][PASSED] - Object 'Object Repository/CERTPAY_QUICKSTI/Login_ Page/NEXT_BUTTON' is clickable

2020-10-13 10:47:57 - [MESSAGE][PASSED] - Object: 'Object Repository/CERTPAY_QUICKSTI/Login_ Page/NEXT_BUTTON' is clicked on

2020-10-13 10:47:57 - [MESSAGE][PASSED] - Quicksti.ts:Clicked on the Next button

2020-10-13 10:47:57 - [TEST_STEP][PASSED] - utilities.SafeActions.safeClick(findTestObject("CERTPAY_QUICKSTI/Payment_Information_Page/MANUAL_ENTRY_BUTTON"), "ManualEntry", [pageLoadTime]): Quicksti.ts:Clicked on the ManualEntry

2020-10-13 10:47:57 - [MESSAGE][INFO] - safeClicking

2020-10-13 10:47:57 - [MESSAGE][PASSED] - Object 'Object Repository/CERTPAY_QUICKSTI/Payment_Information_Page/MANUAL_ENTRY_BUTTON' is present

2020-10-13 10:47:57 - [MESSAGE][PASSED] - Object 'Object Repository/CERTPAY_QUICKSTI/Payment_Information_Page/MANUAL_ENTRY_BUTTON' is clickable

2020-10-13 10:48:00 - [MESSAGE][PASSED] - Object: 'Object Repository/CERTPAY_QUICKSTI/Payment_Information_Page/MANUAL_ENTRY_BUTTON' is clicked on

2020-10-13 10:48:00 - [MESSAGE][PASSED] - Quicksti.ts:Clicked on the ManualEntry

2020-10-13 10:48:00 - [TEST_STEP][PASSED] - CardNumber = pages.Quicksti.setUserPaymentDetails(firstName, lastName, cardNum): Quicksti.ts:Entered'8171999900000018 into CardNum

2020-10-13 10:48:01 - [MESSAGE][PASSED] - Object 'Object Repository/CERTPAY_QUICKSTI/Payment_Information_Page/FIRST_NAME' is present

2020-10-13 10:48:01 - [MESSAGE][PASSED] - Object 'Object Repository/CERTPAY_QUICKSTI/Payment_Information_Page/FIRST_NAME' is visible

2020-10-13 10:48:01 - [MESSAGE][PASSED] - Object 'Object Repository/CERTPAY_QUICKSTI/Payment_Information_Page/FIRST_NAME' is present

2020-10-13 10:48:03 - [MESSAGE][PASSED] - Text 'Tester' is set on object 'Object Repository/CERTPAY_QUICKSTI/Payment_Information_Page/FIRST_NAME'

2020-10-13 10:48:03 - [MESSAGE][PASSED] - Quicksti.ts:Entered'Tester into FirstName

2020-10-13 10:48:03 - [MESSAGE][PASSED] - Object 'Object Repository/CERTPAY_QUICKSTI/Payment_Information_Page/LAST_NAME' is present

2020-10-13 10:48:03 - [MESSAGE][PASSED] - Object 'Object Repository/CERTPAY_QUICKSTI/Payment_Information_Page/LAST_NAME' is visible

2020-10-13 10:48:04 - [MESSAGE][PASSED] - Object 'Object Repository/CERTPAY_QUICKSTI/Payment_Information_Page/LAST_NAME' is present

2020-10-13 10:48:05 - [MESSAGE][PASSED] - Text 'Zenq1' is set on object 'Object Repository/CERTPAY_QUICKSTI/Payment_Information_Page/LAST_NAME'

2020-10-13 10:48:05 - [MESSAGE][PASSED] - Quicksti.ts:Entered'Zenq1 into LAstName

2020-10-13 10:48:05 - [MESSAGE][PASSED] - Object 'Object Repository/CERTPAY_QUICKSTI/Payment_Information_Page/CARD_NUMBER' is present

2020-10-13 10:48:05 - [MESSAGE][PASSED] - Object 'Object Repository/CERTPAY_QUICKSTI/Payment_Information_Page/CARD_NUMBER' is visible

2020-10-13 10:48:06 - [MESSAGE][PASSED] - Object 'Object Repository/CERTPAY_QUICKSTI/Payment_Information_Page/CARD_NUMBER' is present

2020-10-13 10:48:07 - [MESSAGE][PASSED] - Text '8171999900000018' is set on object 'Object Repository/CERTPAY_QUICKSTI/Payment_Information_Page/CARD_NUMBER'

2020-10-13 10:48:07 - [MESSAGE][PASSED] - Quicksti.ts:Entered'8171999900000018 into CardNum

2020-10-13 10:48:07 - [TEST_STEP][PASSED] - utilities.SafeActions.safeSelectOptionInDropdownByVisibleText(findTestObject("CERTPAY_QUICKSTI/Payment_Information_Page/PAYMENT_TYPE"), paymentType, "paymentType", [pageLoadTime]): selected dropdown option by visible text  Licensesfrom paymentType

2020-10-13 10:48:07 - [MESSAGE][PASSED] - Object 'Object Repository/CERTPAY_QUICKSTI/Payment_Information_Page/PAYMENT_TYPE' is visible

2020-10-13 10:48:08 - [MESSAGE][PASSED] - Object 'Object Repository/CERTPAY_QUICKSTI/Payment_Information_Page/PAYMENT_TYPE' is present

2020-10-13 10:48:09 - [MESSAGE][PASSED] - Object: 'Object Repository/CERTPAY_QUICKSTI/Payment_Information_Page/PAYMENT_TYPE' is clicked on

2020-10-13 10:48:10 - [MESSAGE][PASSED] - All options with label 'Licenses' are selected in object 'Object Repository/CERTPAY_QUICKSTI/Payment_Information_Page/PAYMENT_TYPE'  using regular expression

2020-10-13 10:48:10 - [MESSAGE][PASSED] - selected dropdown option by visible text  Licensesfrom paymentType

2020-10-13 10:48:10 - [TEST_STEP][PASSED] - pages.Quicksti.setExpDate(expMonth, expYear, securityCode): Quicksti.ts:Entered'111 into securityCode

2020-10-13 10:48:10 - [MESSAGE][PASSED] - Object 'Object Repository/CERTPAY_QUICKSTI/Payment_Information_Page/EXP_MONTH' is visible

2020-10-13 10:48:11 - [MESSAGE][PASSED] - Object 'Object Repository/CERTPAY_QUICKSTI/Payment_Information_Page/EXP_MONTH' is present

2020-10-13 10:48:12 - [MESSAGE][PASSED] - Object: 'Object Repository/CERTPAY_QUICKSTI/Payment_Information_Page/EXP_MONTH' is clicked on

2020-10-13 10:48:13 - [MESSAGE][PASSED] - All options with label '04' are selected in object 'Object Repository/CERTPAY_QUICKSTI/Payment_Information_Page/EXP_MONTH'  using regular expression

2020-10-13 10:48:13 - [MESSAGE][PASSED] - selected dropdown option by visible text  04from expMonth

2020-10-13 10:48:13 - [MESSAGE][PASSED] - Object 'Object Repository/CERTPAY_QUICKSTI/Payment_Information_Page/EXP_YEAR' is visible

2020-10-13 10:48:14 - [MESSAGE][PASSED] - Object 'Object Repository/CERTPAY_QUICKSTI/Payment_Information_Page/EXP_YEAR' is present

2020-10-13 10:48:15 - [MESSAGE][PASSED] - Object: 'Object Repository/CERTPAY_QUICKSTI/Payment_Information_Page/EXP_YEAR' is clicked on

2020-10-13 10:48:16 - [MESSAGE][PASSED] - All options with label '2027' are selected in object 'Object Repository/CERTPAY_QUICKSTI/Payment_Information_Page/EXP_YEAR'  using regular expression

2020-10-13 10:48:16 - [MESSAGE][PASSED] - selected dropdown option by visible text  2027from  expYear

2020-10-13 10:48:17 - [MESSAGE][PASSED] - Object 'Object Repository/CERTPAY_QUICKSTI/Payment_Information_Page/SECURITY_CODE' is present

2020-10-13 10:48:17 - [MESSAGE][PASSED] - Object 'Object Repository/CERTPAY_QUICKSTI/Payment_Information_Page/SECURITY_CODE' is visible

2020-10-13 10:48:17 - [MESSAGE][PASSED] - Object 'Object Repository/CERTPAY_QUICKSTI/Payment_Information_Page/SECURITY_CODE' is present

2020-10-13 10:48:18 - [MESSAGE][PASSED] - Text '111' is set on object 'Object Repository/CERTPAY_QUICKSTI/Payment_Information_Page/SECURITY_CODE'

2020-10-13 10:48:18 - [MESSAGE][PASSED] - Quicksti.ts:Entered'111 into securityCode

2020-10-13 10:48:18 - [TEST_STEP][PASSED] - pages.Quicksti.setPaymentAmountDetailsForSinglePayment(paymentAmount, quantity): Quicksti.ts:Entered'1 into Quantity

2020-10-13 10:48:19 - [MESSAGE][PASSED] - Object 'Object Repository/CERTPAY_QUICKSTI/Payment_Information_Page/PAYMENT_AMOUNT' is present

2020-10-13 10:48:19 - [MESSAGE][PASSED] - Object 'Object Repository/CERTPAY_QUICKSTI/Payment_Information_Page/PAYMENT_AMOUNT' is visible

2020-10-13 10:48:19 - [MESSAGE][PASSED] - Object 'Object Repository/CERTPAY_QUICKSTI/Payment_Information_Page/PAYMENT_AMOUNT' is present

2020-10-13 10:48:21 - [MESSAGE][PASSED] - Text '30.00' is set on object 'Object Repository/CERTPAY_QUICKSTI/Payment_Information_Page/PAYMENT_AMOUNT'

2020-10-13 10:48:21 - [MESSAGE][PASSED] - Quicksti.ts:Entered'30.00 into amount

2020-10-13 10:48:21 - [MESSAGE][PASSED] - Object 'Object Repository/CERTPAY_QUICKSTI/Payment_Information_Page/QUANTITY' is present

2020-10-13 10:48:21 - [MESSAGE][PASSED] - Object 'Object Repository/CERTPAY_QUICKSTI/Payment_Information_Page/QUANTITY' is visible

2020-10-13 10:48:22 - [MESSAGE][PASSED] - Object 'Object Repository/CERTPAY_QUICKSTI/Payment_Information_Page/QUANTITY' is present

2020-10-13 10:48:23 - [MESSAGE][PASSED] - Text '1' is set on object 'Object Repository/CERTPAY_QUICKSTI/Payment_Information_Page/QUANTITY'

2020-10-13 10:48:23 - [MESSAGE][PASSED] - Quicksti.ts:Entered'1 into Quantity

2020-10-13 10:48:23 - [TEST_STEP][PASSED] - utilities.SafeActions.safeType(findTestObject("CERTPAY_QUICKSTI/Payment_Information_Page/REFRENCE_NUMBER"), referenceNum, "Reference Number", [pageLoadTime]): Quicksti.ts:Entered'13 into Reference Number

2020-10-13 10:48:23 - [MESSAGE][PASSED] - Object 'Object Repository/CERTPAY_QUICKSTI/Payment_Information_Page/REFRENCE_NUMBER' is present

2020-10-13 10:48:24 - [MESSAGE][PASSED] - Object 'Object Repository/CERTPAY_QUICKSTI/Payment_Information_Page/REFRENCE_NUMBER' is visible

2020-10-13 10:48:24 - [MESSAGE][PASSED] - Object 'Object Repository/CERTPAY_QUICKSTI/Payment_Information_Page/REFRENCE_NUMBER' is present

2020-10-13 10:48:25 - [MESSAGE][PASSED] - Text '13' is set on object 'Object Repository/CERTPAY_QUICKSTI/Payment_Information_Page/REFRENCE_NUMBER'

2020-10-13 10:48:25 - [MESSAGE][PASSED] - Quicksti.ts:Entered'13 into Reference Number

2020-10-13 10:48:25 - [TEST_STEP][PASSED] - amount_Value = pages.Quicksti.getAttributeValue(findTestObject("CERTPAY_QUICKSTI/Payment_Information_Page/SUB_TOTAL")): pages.Quicksti.getAttributeValue is PASSED

2020-10-13 10:48:26 - [MESSAGE][PASSED] - Attribute 'value' of object 'Object Repository/CERTPAY_QUICKSTI/Payment_Information_Page/SUB_TOTAL' is: '30.00'

2020-10-13 10:48:26 - [MESSAGE][PASSED] - pages.Quicksti.getAttributeValue is PASSED

2020-10-13 10:48:26 - [TEST_STEP][PASSED] - utilities.SafeActions.safeType(findTestObject("CERTPAY_QUICKSTI/Payment_Information_Page/COMMENTS"), "Testing", "Comments", [pageLoadTime]): Quicksti.ts:Entered'Testing into Comments

2020-10-13 10:48:26 - [MESSAGE][PASSED] - Object 'Object Repository/CERTPAY_QUICKSTI/Payment_Information_Page/COMMENTS' is present

2020-10-13 10:48:26 - [MESSAGE][PASSED] - Object 'Object Repository/CERTPAY_QUICKSTI/Payment_Information_Page/COMMENTS' is visible

2020-10-13 10:48:27 - [MESSAGE][PASSED] - Object 'Object Repository/CERTPAY_QUICKSTI/Payment_Information_Page/COMMENTS' is present

2020-10-13 10:48:28 - [MESSAGE][PASSED] - Text 'Testing' is set on object 'Object Repository/CERTPAY_QUICKSTI/Payment_Information_Page/COMMENTS'

2020-10-13 10:48:28 - [MESSAGE][PASSED] - Quicksti.ts:Entered'Testing into Comments

2020-10-13 10:48:28 - [TEST_STEP][PASSED] - utilities.SafeActions.safeType(findTestObject("CERTPAY_QUICKSTI/Payment_Information_Page/ADDRESS"), address, "Address", [pageLoadTime]): Quicksti.ts:Entered'14-2 into Address

2020-10-13 10:48:28 - [MESSAGE][PASSED] - Object 'Object Repository/CERTPAY_QUICKSTI/Payment_Information_Page/ADDRESS' is present

2020-10-13 10:48:29 - [MESSAGE][PASSED] - Object 'Object Repository/CERTPAY_QUICKSTI/Payment_Information_Page/ADDRESS' is visible

2020-10-13 10:48:29 - [MESSAGE][PASSED] - Object 'Object Repository/CERTPAY_QUICKSTI/Payment_Information_Page/ADDRESS' is present

2020-10-13 10:48:30 - [MESSAGE][PASSED] - Text '14-2' is set on object 'Object Repository/CERTPAY_QUICKSTI/Payment_Information_Page/ADDRESS'

2020-10-13 10:48:30 - [MESSAGE][PASSED] - Quicksti.ts:Entered'14-2 into Address

2020-10-13 10:48:30 - [TEST_STEP][PASSED] - utilities.SafeActions.safeType(findTestObject("CERTPAY_QUICKSTI/Payment_Information_Page/ZIP_CODE"), zipCode, "zipcode", [pageLoadTime]): Quicksti.ts:Entered'76102 into zipcode

2020-10-13 10:48:30 - [MESSAGE][PASSED] - Object 'Object Repository/CERTPAY_QUICKSTI/Payment_Information_Page/ZIP_CODE' is present

2020-10-13 10:48:31 - [MESSAGE][PASSED] - Object 'Object Repository/CERTPAY_QUICKSTI/Payment_Information_Page/ZIP_CODE' is visible

2020-10-13 10:48:31 - [MESSAGE][PASSED] - Object 'Object Repository/CERTPAY_QUICKSTI/Payment_Information_Page/ZIP_CODE' is present

2020-10-13 10:48:32 - [MESSAGE][PASSED] - Text '76102' is set on object 'Object Repository/CERTPAY_QUICKSTI/Payment_Information_Page/ZIP_CODE'

2020-10-13 10:48:32 - [MESSAGE][PASSED] - Quicksti.ts:Entered'76102 into zipcode

2020-10-13 10:48:32 - [TEST_STEP][PASSED] - utilities.SafeActions.safeType(findTestObject("CERTPAY_QUICKSTI/Payment_Information_Page/TELEPHONE"), telephone, "Telephone", [pageLoadTime]): Quicksti.ts:Entered'9989897654 into Telephone

2020-10-13 10:48:33 - [MESSAGE][PASSED] - Object 'Object Repository/CERTPAY_QUICKSTI/Payment_Information_Page/TELEPHONE' is present

2020-10-13 10:48:33 - [MESSAGE][PASSED] - Object 'Object Repository/CERTPAY_QUICKSTI/Payment_Information_Page/TELEPHONE' is visible

2020-10-13 10:48:33 - [MESSAGE][PASSED] - Object 'Object Repository/CERTPAY_QUICKSTI/Payment_Information_Page/TELEPHONE' is present

2020-10-13 10:48:34 - [MESSAGE][PASSED] - Text '9989897654' is set on object 'Object Repository/CERTPAY_QUICKSTI/Payment_Information_Page/TELEPHONE'

2020-10-13 10:48:34 - [MESSAGE][PASSED] - Quicksti.ts:Entered'9989897654 into Telephone

2020-10-13 10:48:34 - [TEST_STEP][PASSED] - utilities.SafeActions.safeType(findTestObject("CERTPAY_QUICKSTI/Payment_Information_Page/EMAIL_ADDRESS"), emailAddress, "EMAIL address", [pageLoadTime]): Quicksti.ts:Entered'testing@zenq.com into EMAIL address

2020-10-13 10:48:35 - [MESSAGE][PASSED] - Object 'Object Repository/CERTPAY_QUICKSTI/Payment_Information_Page/EMAIL_ADDRESS' is present

2020-10-13 10:48:35 - [MESSAGE][PASSED] - Object 'Object Repository/CERTPAY_QUICKSTI/Payment_Information_Page/EMAIL_ADDRESS' is visible

2020-10-13 10:48:35 - [MESSAGE][PASSED] - Object 'Object Repository/CERTPAY_QUICKSTI/Payment_Information_Page/EMAIL_ADDRESS' is present

2020-10-13 10:48:37 - [MESSAGE][PASSED] - Text 'testing@zenq.com' is set on object 'Object Repository/CERTPAY_QUICKSTI/Payment_Information_Page/EMAIL_ADDRESS'

2020-10-13 10:48:37 - [MESSAGE][PASSED] - Quicksti.ts:Entered'testing@zenq.com into EMAIL address

2020-10-13 10:48:37 - [TEST_STEP][PASSED] - utilities.SafeActions.safeClick(findTestObject("CERTPAY_QUICKSTI/Payment_Information_Page/NEXT_BUTTON"), "Next", [pageLoadTime]): Quicksti.ts:Clicked on the Next

2020-10-13 10:48:37 - [MESSAGE][INFO] - safeClicking

2020-10-13 10:48:37 - [MESSAGE][PASSED] - Object 'Object Repository/CERTPAY_QUICKSTI/Payment_Information_Page/NEXT_BUTTON' is present

2020-10-13 10:48:37 - [MESSAGE][PASSED] - Object 'Object Repository/CERTPAY_QUICKSTI/Payment_Information_Page/NEXT_BUTTON' is clickable

2020-10-13 10:48:41 - [MESSAGE][PASSED] - Object: 'Object Repository/CERTPAY_QUICKSTI/Payment_Information_Page/NEXT_BUTTON' is clicked on

2020-10-13 10:48:41 - [MESSAGE][PASSED] - Quicksti.ts:Clicked on the Next

2020-10-13 10:48:41 - [TEST_STEP][PASSED] - pages.Quicksti.verifyUserPaymentDetails(paymentAmount, firstName, lastName, CardNumber): pages.Quicksti.verifyUserPaymentDetails is PASSED

2020-10-13 10:48:41 - [MESSAGE][PASSED] - Text of object 'Object Repository/CERTPAY_QUICKSTI/Payment_Details_Verification_Page/AMOUNT' is: '$30.00'

2020-10-13 10:48:41 - [MESSAGE][PASSED] - Actual text '30.00' and expected text '30.00' are matched  using regular expression

2020-10-13 10:48:41 - [MESSAGE][PASSED] - Text of object 'Object Repository/CERTPAY_QUICKSTI/Payment_Details_Verification_Page/NAME' is: 'Tester Zenq1'

2020-10-13 10:48:41 - [MESSAGE][PASSED] - Actual text 'Tester Zenq1' and expected text 'Tester Zenq1' are matched  using regular expression

2020-10-13 10:48:42 - [MESSAGE][PASSED] - Text of object 'Object Repository/CERTPAY_QUICKSTI/Payment_Details_Verification_Page/CARD_NUMBER' is: '...0018'

2020-10-13 10:48:42 - [MESSAGE][PASSED] - Actual text '0018' and expected text '0018' are matched  using regular expression

2020-10-13 10:48:42 - [MESSAGE][PASSED] - pages.Quicksti.verifyUserPaymentDetails is PASSED

2020-10-13 10:48:42 - [TEST_STEP][PASSED] - delay(2): Delayed 2 second(s)

2020-10-13 10:48:44 - [MESSAGE][PASSED] - Delayed 2 second(s)

2020-10-13 10:48:44 - [TEST_STEP][PASSED] - scrollToElement(findTestObject("CERTPAY_QUICKSTI/Payment_Details_Verification_Page/PROCESS"), 0): Scroll to object 'Object Repository/CERTPAY_QUICKSTI/Payment_Details_Verification_Page/PROCESS' successfully

2020-10-13 10:48:44 - [MESSAGE][WARNING] - Timeout '0' is invalid. Using default page load timeout: '30'

2020-10-13 10:48:44 - [MESSAGE][PASSED] - Scroll to object 'Object Repository/CERTPAY_QUICKSTI/Payment_Details_Verification_Page/PROCESS' successfully

2020-10-13 10:48:44 - [TEST_STEP][PASSED] - utilities.SafeActions.safeClick(findTestObject("CERTPAY_QUICKSTI/Payment_Details_Verification_Page/PROCESS"), "Process", [pageLoadTime]): Quicksti.ts:Clicked on the Process

2020-10-13 10:48:44 - [MESSAGE][INFO] - safeClicking

2020-10-13 10:48:44 - [MESSAGE][PASSED] - Object 'Object Repository/CERTPAY_QUICKSTI/Payment_Details_Verification_Page/PROCESS' is present

2020-10-13 10:48:45 - [MESSAGE][PASSED] - Object 'Object Repository/CERTPAY_QUICKSTI/Payment_Details_Verification_Page/PROCESS' is clickable

2020-10-13 10:48:49 - [MESSAGE][PASSED] - Object: 'Object Repository/CERTPAY_QUICKSTI/Payment_Details_Verification_Page/PROCESS' is clicked on

2020-10-13 10:48:49 - [MESSAGE][PASSED] - Quicksti.ts:Clicked on the Process

2020-10-13 10:48:49 - [TEST_STEP][PASSED] - paymentId = pages.Quicksti.verifyPaymentApproval(findTestObject("CERTPAY_QUICKSTI/Payment_Details_Verification_Page/APPROVED")): Payment is approved

2020-10-13 10:48:50 - [MESSAGE][PASSED] - Text of object 'Object Repository/CERTPAY_QUICKSTI/Payment_Details_Verification_Page/PAYMENT_ID' is: '100176127278'

2020-10-13 10:48:50 - [MESSAGE][PASSED] - Object 'Object Repository/CERTPAY_QUICKSTI/Payment_Details_Verification_Page/APPROVED' is present

2020-10-13 10:48:50 - [MESSAGE][PASSED] - Payment is approved

2020-10-13 10:48:52 - [TEST_STEP][PASSED] - navigateToUrl(Admin_url): Navigate to 'https://qa-certpayadmin.faps.net' successfully

2020-10-13 10:48:57 - [MESSAGE][PASSED] - Navigate to 'https://qa-certpayadmin.faps.net' successfully

2020-10-13 10:48:57 - [TEST_STEP][PASSED] - pages.Bureau_Login_Page.loginToAdminSite(AdminUsername, AdminPassword): Quicksti.ts:Clicked on the LOGIN

2020-10-13 10:48:57 - [MESSAGE][PASSED] - Object 'Object Repository/CERTPAY_ADMIN/USER_NAME' is present

2020-10-13 10:48:57 - [MESSAGE][PASSED] - Object 'Object Repository/CERTPAY_ADMIN/USER_NAME' is visible

2020-10-13 10:48:58 - [MESSAGE][PASSED] - Object 'Object Repository/CERTPAY_ADMIN/USER_NAME' is present

2020-10-13 10:48:59 - [MESSAGE][PASSED] - Text 'VVangiliappan' is set on object 'Object Repository/CERTPAY_ADMIN/USER_NAME'

2020-10-13 10:48:59 - [MESSAGE][PASSED] - Quicksti.ts:Entered'VVangiliappan into username

2020-10-13 10:48:59 - [MESSAGE][PASSED] - Object 'Object Repository/CERTPAY_ADMIN/PASSWORD' is present

2020-10-13 10:49:00 - [MESSAGE][PASSED] - Object 'Object Repository/CERTPAY_ADMIN/PASSWORD' is visible

2020-10-13 10:49:00 - [MESSAGE][PASSED] - Object 'Object Repository/CERTPAY_ADMIN/PASSWORD' is present

2020-10-13 10:49:01 - [MESSAGE][PASSED] - Text 'Test@123' is set on object 'Object Repository/CERTPAY_ADMIN/PASSWORD'

2020-10-13 10:49:01 - [MESSAGE][PASSED] - Quicksti.ts:Entered'Test@123 into password

2020-10-13 10:49:01 - [MESSAGE][INFO] - safeClicking

2020-10-13 10:49:01 - [MESSAGE][PASSED] - Object 'Object Repository/CERTPAY_ADMIN/LOGIN_BUTTON' is present

2020-10-13 10:49:02 - [MESSAGE][PASSED] - Object 'Object Repository/CERTPAY_ADMIN/LOGIN_BUTTON' is clickable

2020-10-13 10:49:09 - [MESSAGE][PASSED] - Object: 'Object Repository/CERTPAY_ADMIN/LOGIN_BUTTON' is clicked on

2020-10-13 10:49:09 - [MESSAGE][PASSED] - Quicksti.ts:Clicked on the LOGIN

2020-10-13 10:49:09 - [TEST_STEP][PASSED] - utilities.SafeActions.safeClick(findTestObject("CERTPAY_ADMIN/TRANSACTION_MENU"), "TransactionMenu", [pageLoadTime]): Quicksti.ts:Clicked on the TransactionMenu

2020-10-13 10:49:09 - [MESSAGE][INFO] - safeClicking

2020-10-13 10:49:10 - [MESSAGE][PASSED] - Object 'Object Repository/CERTPAY_ADMIN/TRANSACTION_MENU' is present

2020-10-13 10:49:10 - [MESSAGE][PASSED] - Object 'Object Repository/CERTPAY_ADMIN/TRANSACTION_MENU' is clickable

2020-10-13 10:49:11 - [MESSAGE][PASSED] - Object: 'Object Repository/CERTPAY_ADMIN/TRANSACTION_MENU' is clicked on

2020-10-13 10:49:11 - [MESSAGE][PASSED] - Quicksti.ts:Clicked on the TransactionMenu

2020-10-13 10:49:11 - [TEST_STEP][PASSED] - utilities.SafeActions.safeClick(findTestObject("CERTPAY_ADMIN/TRANSACTION_SEARCH"), "TransactionSearch", [pageLoadTime]): Quicksti.ts:Clicked on the TransactionSearch

2020-10-13 10:49:11 - [MESSAGE][INFO] - safeClicking

2020-10-13 10:49:12 - [MESSAGE][PASSED] - Object 'Object Repository/CERTPAY_ADMIN/TRANSACTION_SEARCH' is present

2020-10-13 10:49:12 - [MESSAGE][PASSED] - Object 'Object Repository/CERTPAY_ADMIN/TRANSACTION_SEARCH' is clickable

2020-10-13 10:49:16 - [MESSAGE][PASSED] - Object: 'Object Repository/CERTPAY_ADMIN/TRANSACTION_SEARCH' is clicked on

2020-10-13 10:49:16 - [MESSAGE][PASSED] - Quicksti.ts:Clicked on the TransactionSearch

2020-10-13 10:49:16 - [TEST_STEP][PASSED] - utilities.SafeActions.safeType(findTestObject("CERTPAY_ADMIN/PAYMENT_ID"), paymentId, "Payment id", [pageLoadTime]): Quicksti.ts:Entered'100176127278 into Payment id

2020-10-13 10:49:16 - [MESSAGE][PASSED] - Object 'Object Repository/CERTPAY_ADMIN/PAYMENT_ID' is present

2020-10-13 10:49:16 - [MESSAGE][PASSED] - Object 'Object Repository/CERTPAY_ADMIN/PAYMENT_ID' is visible

2020-10-13 10:49:17 - [MESSAGE][PASSED] - Object 'Object Repository/CERTPAY_ADMIN/PAYMENT_ID' is present

2020-10-13 10:49:18 - [MESSAGE][PASSED] - Text '100176127278' is set on object 'Object Repository/CERTPAY_ADMIN/PAYMENT_ID'

2020-10-13 10:49:18 - [MESSAGE][PASSED] - Quicksti.ts:Entered'100176127278 into Payment id

2020-10-13 10:49:18 - [TEST_STEP][PASSED] - utilities.SafeActions.safeClick(findTestObject("CERTPAY_ADMIN/GO_BUTTON"), "Go button", [pageLoadTime]): Quicksti.ts:Clicked on the Go button

2020-10-13 10:49:18 - [MESSAGE][INFO] - safeClicking

2020-10-13 10:49:18 - [MESSAGE][PASSED] - Object 'Object Repository/CERTPAY_ADMIN/GO_BUTTON' is present

2020-10-13 10:49:18 - [MESSAGE][PASSED] - Object 'Object Repository/CERTPAY_ADMIN/GO_BUTTON' is clickable

2020-10-13 10:49:22 - [MESSAGE][PASSED] - Object: 'Object Repository/CERTPAY_ADMIN/GO_BUTTON' is clicked on

2020-10-13 10:49:22 - [MESSAGE][PASSED] - Quicksti.ts:Clicked on the Go button

2020-10-13 10:49:22 - [TEST_STEP][PASSED] - delay(5): Delayed 5 second(s)

2020-10-13 10:49:27 - [MESSAGE][PASSED] - Delayed 5 second(s)

2020-10-13 10:49:27 - [TEST_STEP][PASSED] - scrollToPosition(800, 900): Browser is scrolled to position x = 800, y = 900

2020-10-13 10:49:27 - [MESSAGE][PASSED] - Browser is scrolled to position x = 800, y = 900

2020-10-13 10:49:27 - [TEST_STEP][PASSED] - paymentIdList.add(paymentId): null

2020-10-13 10:49:27 - [TEST_STEP][PASSED] - println(paymentIdList): null

2020-10-13 10:49:27 - [TEST_STEP][PASSED] - firstName = data.getValue("FirstName", index): null

2020-10-13 10:49:27 - [TEST_STEP][PASSED] - lastName = data.getValue("LastName", index): null

2020-10-13 10:49:27 - [TEST_STEP][PASSED] - expMonth = data.getValue("ExpMonth", index): null

2020-10-13 10:49:27 - [TEST_STEP][PASSED] - expYear = data.getValue("ExpYear", index): null

2020-10-13 10:49:27 - [TEST_STEP][PASSED] - securityCode = data.getValue("SecurityCode", index): null

2020-10-13 10:49:27 - [TEST_STEP][PASSED] - paymentAmount = data.getValue("PaymentAmount", index): null

2020-10-13 10:49:27 - [TEST_STEP][PASSED] - paymentType = data.getValue("PaymentType", index): null

2020-10-13 10:49:27 - [TEST_STEP][PASSED] - quantity = data.getValue("Quantity", index): null

2020-10-13 10:49:27 - [TEST_STEP][PASSED] - comments = data.getValue("Comments", index): null

2020-10-13 10:49:27 - [TEST_STEP][PASSED] - referenceNum = data.getValue("ReferenceNum", index): null

2020-10-13 10:49:27 - [TEST_STEP][PASSED] - address = data.getValue("Address", index): null

2020-10-13 10:49:27 - [TEST_STEP][PASSED] - zipCode = data.getValue("Zipcode", index): null

2020-10-13 10:49:27 - [TEST_STEP][PASSED] - telephone = data.getValue("Telephone", index): null

2020-10-13 10:49:27 - [TEST_STEP][PASSED] - emailAddress = data.getValue("EmailAddress", index): null

2020-10-13 10:49:27 - [TEST_STEP][PASSED] - cardNum = data.getValue("CardNumber", index): null

2020-10-13 10:49:27 - [TEST_STEP][PASSED] - cardType = data.getValue("CardType", index): null

2020-10-13 10:49:27 - [TEST_STEP][PASSED] - utilities.SafeActions.openBrowser(Quicksti_Url, [pageLoadTime]): Browser launched successfully

2020-10-13 10:49:27 - [MESSAGE][INFO] - Opening Browser

2020-10-13 10:49:27 - [MESSAGE][WARNING] - A browser is already opened. Closing browser and opening a new one

2020-10-13 10:49:29 - [MESSAGE][INFO] - Starting 'Chrome' driver

2020-10-13 10:49:38 - [MESSAGE][PASSED] - Browser is opened with url: 'https://qa-certpayquicksti.faps.net/'

2020-10-13 10:49:40 - [MESSAGE][PASSED] - Current window maximized

2020-10-13 10:49:40 - [MESSAGE][PASSED] - Browser launched successfully

2020-10-13 10:49:40 - [TEST_STEP][PASSED] - utilities.SafeActions.safeType(findTestObject("CERTPAY_QUICKSTI/Login_ Page/BUREAU_CODE"), bureau_code, "Bureau code", [pageLoadTime]): Quicksti.ts:Entered'6100000 into Bureau code

2020-10-13 10:49:40 - [MESSAGE][PASSED] - Object 'Object Repository/CERTPAY_QUICKSTI/Login_ Page/BUREAU_CODE' is present

2020-10-13 10:49:41 - [MESSAGE][PASSED] - Object 'Object Repository/CERTPAY_QUICKSTI/Login_ Page/BUREAU_CODE' is visible

2020-10-13 10:49:41 - [MESSAGE][PASSED] - Object 'Object Repository/CERTPAY_QUICKSTI/Login_ Page/BUREAU_CODE' is present

2020-10-13 10:49:42 - [MESSAGE][PASSED] - Text '6100000' is set on object 'Object Repository/CERTPAY_QUICKSTI/Login_ Page/BUREAU_CODE'

2020-10-13 10:49:42 - [MESSAGE][PASSED] - Quicksti.ts:Entered'6100000 into Bureau code

2020-10-13 10:49:42 - [TEST_STEP][PASSED] - utilities.SafeActions.safeType(findTestObject("CERTPAY_QUICKSTI/Login_ Page/TELLER_ID"), teller_id, "Bureau code", [pageLoadTime]): Quicksti.ts:Entered'zenq into Bureau code

2020-10-13 10:49:42 - [MESSAGE][PASSED] - Object 'Object Repository/CERTPAY_QUICKSTI/Login_ Page/TELLER_ID' is present

2020-10-13 10:49:43 - [MESSAGE][PASSED] - Object 'Object Repository/CERTPAY_QUICKSTI/Login_ Page/TELLER_ID' is visible

2020-10-13 10:49:43 - [MESSAGE][PASSED] - Object 'Object Repository/CERTPAY_QUICKSTI/Login_ Page/TELLER_ID' is present

2020-10-13 10:49:44 - [MESSAGE][PASSED] - Text 'zenq' is set on object 'Object Repository/CERTPAY_QUICKSTI/Login_ Page/TELLER_ID'

2020-10-13 10:49:44 - [MESSAGE][PASSED] - Quicksti.ts:Entered'zenq into Bureau code

2020-10-13 10:49:44 - [TEST_STEP][PASSED] - utilities.SafeActions.safeClick(findTestObject("CERTPAY_QUICKSTI/Login_ Page/NEXT_BUTTON"), "Next button", [pageLoadTime]): Quicksti.ts:Clicked on the Next button

2020-10-13 10:49:44 - [MESSAGE][INFO] - safeClicking

2020-10-13 10:49:45 - [MESSAGE][PASSED] - Object 'Object Repository/CERTPAY_QUICKSTI/Login_ Page/NEXT_BUTTON' is present

2020-10-13 10:49:45 - [MESSAGE][PASSED] - Object 'Object Repository/CERTPAY_QUICKSTI/Login_ Page/NEXT_BUTTON' is clickable

2020-10-13 10:49:49 - [MESSAGE][PASSED] - Object: 'Object Repository/CERTPAY_QUICKSTI/Login_ Page/NEXT_BUTTON' is clicked on

2020-10-13 10:49:49 - [MESSAGE][PASSED] - Quicksti.ts:Clicked on the Next button

2020-10-13 10:49:49 - [TEST_STEP][PASSED] - utilities.SafeActions.safeClick(findTestObject("CERTPAY_QUICKSTI/Payment_Information_Page/MANUAL_ENTRY_BUTTON"), "ManualEntry", [pageLoadTime]): Quicksti.ts:Clicked on the ManualEntry

2020-10-13 10:49:49 - [MESSAGE][INFO] - safeClicking

2020-10-13 10:49:49 - [MESSAGE][PASSED] - Object 'Object Repository/CERTPAY_QUICKSTI/Payment_Information_Page/MANUAL_ENTRY_BUTTON' is present

2020-10-13 10:49:49 - [MESSAGE][PASSED] - Object 'Object Repository/CERTPAY_QUICKSTI/Payment_Information_Page/MANUAL_ENTRY_BUTTON' is clickable

2020-10-13 10:49:52 - [MESSAGE][PASSED] - Object: 'Object Repository/CERTPAY_QUICKSTI/Payment_Information_Page/MANUAL_ENTRY_BUTTON' is clicked on

2020-10-13 10:49:52 - [MESSAGE][PASSED] - Quicksti.ts:Clicked on the ManualEntry

2020-10-13 10:49:52 - [TEST_STEP][PASSED] - CardNumber = pages.Quicksti.setUserPaymentDetails(firstName, lastName, cardNum): Quicksti.ts:Entered'374245003731006 into CardNum

2020-10-13 10:49:52 - [MESSAGE][PASSED] - Object 'Object Repository/CERTPAY_QUICKSTI/Payment_Information_Page/FIRST_NAME' is present

2020-10-13 10:49:52 - [MESSAGE][PASSED] - Object 'Object Repository/CERTPAY_QUICKSTI/Payment_Information_Page/FIRST_NAME' is visible

2020-10-13 10:49:52 - [MESSAGE][PASSED] - Object 'Object Repository/CERTPAY_QUICKSTI/Payment_Information_Page/FIRST_NAME' is present

2020-10-13 10:49:54 - [MESSAGE][PASSED] - Text 'Tester' is set on object 'Object Repository/CERTPAY_QUICKSTI/Payment_Information_Page/FIRST_NAME'

2020-10-13 10:49:54 - [MESSAGE][PASSED] - Quicksti.ts:Entered'Tester into FirstName

2020-10-13 10:49:54 - [MESSAGE][PASSED] - Object 'Object Repository/CERTPAY_QUICKSTI/Payment_Information_Page/LAST_NAME' is present

2020-10-13 10:49:54 - [MESSAGE][PASSED] - Object 'Object Repository/CERTPAY_QUICKSTI/Payment_Information_Page/LAST_NAME' is visible

2020-10-13 10:49:55 - [MESSAGE][PASSED] - Object 'Object Repository/CERTPAY_QUICKSTI/Payment_Information_Page/LAST_NAME' is present

2020-10-13 10:49:56 - [MESSAGE][PASSED] - Text 'Zenq1' is set on object 'Object Repository/CERTPAY_QUICKSTI/Payment_Information_Page/LAST_NAME'

2020-10-13 10:49:56 - [MESSAGE][PASSED] - Quicksti.ts:Entered'Zenq1 into LAstName

2020-10-13 10:49:56 - [MESSAGE][PASSED] - Object 'Object Repository/CERTPAY_QUICKSTI/Payment_Information_Page/CARD_NUMBER' is present

2020-10-13 10:49:57 - [MESSAGE][PASSED] - Object 'Object Repository/CERTPAY_QUICKSTI/Payment_Information_Page/CARD_NUMBER' is visible

2020-10-13 10:49:57 - [MESSAGE][PASSED] - Object 'Object Repository/CERTPAY_QUICKSTI/Payment_Information_Page/CARD_NUMBER' is present

2020-10-13 10:49:58 - [MESSAGE][PASSED] - Text '374245003731006' is set on object 'Object Repository/CERTPAY_QUICKSTI/Payment_Information_Page/CARD_NUMBER'

2020-10-13 10:49:58 - [MESSAGE][PASSED] - Quicksti.ts:Entered'374245003731006 into CardNum

2020-10-13 10:49:58 - [TEST_STEP][PASSED] - utilities.SafeActions.safeSelectOptionInDropdownByVisibleText(findTestObject("CERTPAY_QUICKSTI/Payment_Information_Page/PAYMENT_TYPE"), paymentType, "paymentType", [pageLoadTime]): selected dropdown option by visible text  Taxesfrom paymentType

2020-10-13 10:49:59 - [MESSAGE][PASSED] - Object 'Object Repository/CERTPAY_QUICKSTI/Payment_Information_Page/PAYMENT_TYPE' is visible

2020-10-13 10:49:59 - [MESSAGE][PASSED] - Object 'Object Repository/CERTPAY_QUICKSTI/Payment_Information_Page/PAYMENT_TYPE' is present

2020-10-13 10:50:00 - [MESSAGE][PASSED] - Object: 'Object Repository/CERTPAY_QUICKSTI/Payment_Information_Page/PAYMENT_TYPE' is clicked on

2020-10-13 10:50:01 - [MESSAGE][PASSED] - All options with label 'Taxes' are selected in object 'Object Repository/CERTPAY_QUICKSTI/Payment_Information_Page/PAYMENT_TYPE'  using regular expression

2020-10-13 10:50:01 - [MESSAGE][PASSED] - selected dropdown option by visible text  Taxesfrom paymentType

2020-10-13 10:50:01 - [TEST_STEP][PASSED] - pages.Quicksti.setExpDate(expMonth, expYear, securityCode): Quicksti.ts:Entered'111 into securityCode

2020-10-13 10:50:02 - [MESSAGE][PASSED] - Object 'Object Repository/CERTPAY_QUICKSTI/Payment_Information_Page/EXP_MONTH' is visible

2020-10-13 10:50:02 - [MESSAGE][PASSED] - Object 'Object Repository/CERTPAY_QUICKSTI/Payment_Information_Page/EXP_MONTH' is present

2020-10-13 10:50:03 - [MESSAGE][PASSED] - Object: 'Object Repository/CERTPAY_QUICKSTI/Payment_Information_Page/EXP_MONTH' is clicked on

2020-10-13 10:50:04 - [MESSAGE][PASSED] - All options with label '05' are selected in object 'Object Repository/CERTPAY_QUICKSTI/Payment_Information_Page/EXP_MONTH'  using regular expression

2020-10-13 10:50:04 - [MESSAGE][PASSED] - selected dropdown option by visible text  05from expMonth

2020-10-13 10:50:05 - [MESSAGE][PASSED] - Object 'Object Repository/CERTPAY_QUICKSTI/Payment_Information_Page/EXP_YEAR' is visible

2020-10-13 10:50:05 - [MESSAGE][PASSED] - Object 'Object Repository/CERTPAY_QUICKSTI/Payment_Information_Page/EXP_YEAR' is present

2020-10-13 10:50:06 - [MESSAGE][PASSED] - Object: 'Object Repository/CERTPAY_QUICKSTI/Payment_Information_Page/EXP_YEAR' is clicked on

2020-10-13 10:50:08 - [MESSAGE][PASSED] - All options with label '2022' are selected in object 'Object Repository/CERTPAY_QUICKSTI/Payment_Information_Page/EXP_YEAR'  using regular expression

2020-10-13 10:50:08 - [MESSAGE][PASSED] - selected dropdown option by visible text  2022from  expYear

2020-10-13 10:50:08 - [MESSAGE][PASSED] - Object 'Object Repository/CERTPAY_QUICKSTI/Payment_Information_Page/SECURITY_CODE' is present

2020-10-13 10:50:08 - [MESSAGE][PASSED] - Object 'Object Repository/CERTPAY_QUICKSTI/Payment_Information_Page/SECURITY_CODE' is visible

2020-10-13 10:50:09 - [MESSAGE][PASSED] - Object 'Object Repository/CERTPAY_QUICKSTI/Payment_Information_Page/SECURITY_CODE' is present

2020-10-13 10:50:10 - [MESSAGE][PASSED] - Text '111' is set on object 'Object Repository/CERTPAY_QUICKSTI/Payment_Information_Page/SECURITY_CODE'

2020-10-13 10:50:10 - [MESSAGE][PASSED] - Quicksti.ts:Entered'111 into securityCode

2020-10-13 10:50:10 - [TEST_STEP][PASSED] - pages.Quicksti.setPaymentAmountDetailsForSinglePayment(paymentAmount, quantity): Quicksti.ts:Entered'1 into Quantity

2020-10-13 10:50:10 - [MESSAGE][PASSED] - Object 'Object Repository/CERTPAY_QUICKSTI/Payment_Information_Page/PAYMENT_AMOUNT' is present

2020-10-13 10:50:11 - [MESSAGE][PASSED] - Object 'Object Repository/CERTPAY_QUICKSTI/Payment_Information_Page/PAYMENT_AMOUNT' is visible

2020-10-13 10:50:11 - [MESSAGE][PASSED] - Object 'Object Repository/CERTPAY_QUICKSTI/Payment_Information_Page/PAYMENT_AMOUNT' is present

2020-10-13 10:50:12 - [MESSAGE][PASSED] - Text '35.00' is set on object 'Object Repository/CERTPAY_QUICKSTI/Payment_Information_Page/PAYMENT_AMOUNT'

2020-10-13 10:50:12 - [MESSAGE][PASSED] - Quicksti.ts:Entered'35.00 into amount

2020-10-13 10:50:13 - [MESSAGE][PASSED] - Object 'Object Repository/CERTPAY_QUICKSTI/Payment_Information_Page/QUANTITY' is present

2020-10-13 10:50:13 - [MESSAGE][PASSED] - Object 'Object Repository/CERTPAY_QUICKSTI/Payment_Information_Page/QUANTITY' is visible

2020-10-13 10:50:13 - [MESSAGE][PASSED] - Object 'Object Repository/CERTPAY_QUICKSTI/Payment_Information_Page/QUANTITY' is present

2020-10-13 10:50:15 - [MESSAGE][PASSED] - Text '1' is set on object 'Object Repository/CERTPAY_QUICKSTI/Payment_Information_Page/QUANTITY'

2020-10-13 10:50:15 - [MESSAGE][PASSED] - Quicksti.ts:Entered'1 into Quantity

2020-10-13 10:50:15 - [TEST_STEP][PASSED] - utilities.SafeActions.safeType(findTestObject("CERTPAY_QUICKSTI/Payment_Information_Page/REFRENCE_NUMBER"), referenceNum, "Reference Number", [pageLoadTime]): Quicksti.ts:Entered'11 into Reference Number

2020-10-13 10:50:15 - [MESSAGE][PASSED] - Object 'Object Repository/CERTPAY_QUICKSTI/Payment_Information_Page/REFRENCE_NUMBER' is present

2020-10-13 10:50:15 - [MESSAGE][PASSED] - Object 'Object Repository/CERTPAY_QUICKSTI/Payment_Information_Page/REFRENCE_NUMBER' is visible

2020-10-13 10:50:16 - [MESSAGE][PASSED] - Object 'Object Repository/CERTPAY_QUICKSTI/Payment_Information_Page/REFRENCE_NUMBER' is present

2020-10-13 10:50:17 - [MESSAGE][PASSED] - Text '11' is set on object 'Object Repository/CERTPAY_QUICKSTI/Payment_Information_Page/REFRENCE_NUMBER'

2020-10-13 10:50:17 - [MESSAGE][PASSED] - Quicksti.ts:Entered'11 into Reference Number

2020-10-13 10:50:17 - [TEST_STEP][PASSED] - amount_Value = pages.Quicksti.getAttributeValue(findTestObject("CERTPAY_QUICKSTI/Payment_Information_Page/SUB_TOTAL")): pages.Quicksti.getAttributeValue is PASSED

2020-10-13 10:50:17 - [MESSAGE][PASSED] - Attribute 'value' of object 'Object Repository/CERTPAY_QUICKSTI/Payment_Information_Page/SUB_TOTAL' is: '35.00'

2020-10-13 10:50:17 - [MESSAGE][PASSED] - pages.Quicksti.getAttributeValue is PASSED

2020-10-13 10:50:17 - [TEST_STEP][PASSED] - utilities.SafeActions.safeType(findTestObject("CERTPAY_QUICKSTI/Payment_Information_Page/COMMENTS"), "Testing", "Comments", [pageLoadTime]): Quicksti.ts:Entered'Testing into Comments

2020-10-13 10:50:18 - [MESSAGE][PASSED] - Object 'Object Repository/CERTPAY_QUICKSTI/Payment_Information_Page/COMMENTS' is present

2020-10-13 10:50:18 - [MESSAGE][PASSED] - Object 'Object Repository/CERTPAY_QUICKSTI/Payment_Information_Page/COMMENTS' is visible

2020-10-13 10:50:18 - [MESSAGE][PASSED] - Object 'Object Repository/CERTPAY_QUICKSTI/Payment_Information_Page/COMMENTS' is present

2020-10-13 10:50:19 - [MESSAGE][PASSED] - Text 'Testing' is set on object 'Object Repository/CERTPAY_QUICKSTI/Payment_Information_Page/COMMENTS'

2020-10-13 10:50:19 - [MESSAGE][PASSED] - Quicksti.ts:Entered'Testing into Comments

2020-10-13 10:50:19 - [TEST_STEP][PASSED] - utilities.SafeActions.safeType(findTestObject("CERTPAY_QUICKSTI/Payment_Information_Page/ADDRESS"), address, "Address", [pageLoadTime]): Quicksti.ts:Entered'14-2 into Address

2020-10-13 10:50:20 - [MESSAGE][PASSED] - Object 'Object Repository/CERTPAY_QUICKSTI/Payment_Information_Page/ADDRESS' is present

2020-10-13 10:50:20 - [MESSAGE][PASSED] - Object 'Object Repository/CERTPAY_QUICKSTI/Payment_Information_Page/ADDRESS' is visible

2020-10-13 10:50:20 - [MESSAGE][PASSED] - Object 'Object Repository/CERTPAY_QUICKSTI/Payment_Information_Page/ADDRESS' is present

2020-10-13 10:50:22 - [MESSAGE][PASSED] - Text '14-2' is set on object 'Object Repository/CERTPAY_QUICKSTI/Payment_Information_Page/ADDRESS'

2020-10-13 10:50:22 - [MESSAGE][PASSED] - Quicksti.ts:Entered'14-2 into Address

2020-10-13 10:50:22 - [TEST_STEP][PASSED] - utilities.SafeActions.safeType(findTestObject("CERTPAY_QUICKSTI/Payment_Information_Page/ZIP_CODE"), zipCode, "zipcode", [pageLoadTime]): Quicksti.ts:Entered'76102 into zipcode

2020-10-13 10:50:22 - [MESSAGE][PASSED] - Object 'Object Repository/CERTPAY_QUICKSTI/Payment_Information_Page/ZIP_CODE' is present

2020-10-13 10:50:22 - [MESSAGE][PASSED] - Object 'Object Repository/CERTPAY_QUICKSTI/Payment_Information_Page/ZIP_CODE' is visible

2020-10-13 10:50:23 - [MESSAGE][PASSED] - Object 'Object Repository/CERTPAY_QUICKSTI/Payment_Information_Page/ZIP_CODE' is present

2020-10-13 10:50:24 - [MESSAGE][PASSED] - Text '76102' is set on object 'Object Repository/CERTPAY_QUICKSTI/Payment_Information_Page/ZIP_CODE'

2020-10-13 10:50:24 - [MESSAGE][PASSED] - Quicksti.ts:Entered'76102 into zipcode

2020-10-13 10:50:24 - [TEST_STEP][PASSED] - utilities.SafeActions.safeType(findTestObject("CERTPAY_QUICKSTI/Payment_Information_Page/TELEPHONE"), telephone, "Telephone", [pageLoadTime]): Quicksti.ts:Entered'9989897654 into Telephone

2020-10-13 10:50:24 - [MESSAGE][PASSED] - Object 'Object Repository/CERTPAY_QUICKSTI/Payment_Information_Page/TELEPHONE' is present

2020-10-13 10:50:25 - [MESSAGE][PASSED] - Object 'Object Repository/CERTPAY_QUICKSTI/Payment_Information_Page/TELEPHONE' is visible

2020-10-13 10:50:25 - [MESSAGE][PASSED] - Object 'Object Repository/CERTPAY_QUICKSTI/Payment_Information_Page/TELEPHONE' is present

2020-10-13 10:50:26 - [MESSAGE][PASSED] - Text '9989897654' is set on object 'Object Repository/CERTPAY_QUICKSTI/Payment_Information_Page/TELEPHONE'

2020-10-13 10:50:26 - [MESSAGE][PASSED] - Quicksti.ts:Entered'9989897654 into Telephone

2020-10-13 10:50:26 - [TEST_STEP][PASSED] - utilities.SafeActions.safeType(findTestObject("CERTPAY_QUICKSTI/Payment_Information_Page/EMAIL_ADDRESS"), emailAddress, "EMAIL address", [pageLoadTime]): Quicksti.ts:Entered'testing@zenq.com into EMAIL address

2020-10-13 10:50:27 - [MESSAGE][PASSED] - Object 'Object Repository/CERTPAY_QUICKSTI/Payment_Information_Page/EMAIL_ADDRESS' is present

2020-10-13 10:50:27 - [MESSAGE][PASSED] - Object 'Object Repository/CERTPAY_QUICKSTI/Payment_Information_Page/EMAIL_ADDRESS' is visible

2020-10-13 10:50:27 - [MESSAGE][PASSED] - Object 'Object Repository/CERTPAY_QUICKSTI/Payment_Information_Page/EMAIL_ADDRESS' is present

2020-10-13 10:50:28 - [MESSAGE][PASSED] - Text 'testing@zenq.com' is set on object 'Object Repository/CERTPAY_QUICKSTI/Payment_Information_Page/EMAIL_ADDRESS'

2020-10-13 10:50:28 - [MESSAGE][PASSED] - Quicksti.ts:Entered'testing@zenq.com into EMAIL address

2020-10-13 10:50:28 - [TEST_STEP][PASSED] - utilities.SafeActions.safeClick(findTestObject("CERTPAY_QUICKSTI/Payment_Information_Page/NEXT_BUTTON"), "Next", [pageLoadTime]): Quicksti.ts:Clicked on the Next

2020-10-13 10:50:29 - [MESSAGE][INFO] - safeClicking

2020-10-13 10:50:29 - [MESSAGE][PASSED] - Object 'Object Repository/CERTPAY_QUICKSTI/Payment_Information_Page/NEXT_BUTTON' is present

2020-10-13 10:50:29 - [MESSAGE][PASSED] - Object 'Object Repository/CERTPAY_QUICKSTI/Payment_Information_Page/NEXT_BUTTON' is clickable

2020-10-13 10:50:32 - [MESSAGE][PASSED] - Object: 'Object Repository/CERTPAY_QUICKSTI/Payment_Information_Page/NEXT_BUTTON' is clicked on

2020-10-13 10:50:32 - [MESSAGE][PASSED] - Quicksti.ts:Clicked on the Next

2020-10-13 10:50:32 - [TEST_STEP][PASSED] - pages.Quicksti.verifyUserPaymentDetails(paymentAmount, firstName, lastName, CardNumber): pages.Quicksti.verifyUserPaymentDetails is PASSED

2020-10-13 10:50:33 - [MESSAGE][PASSED] - Text of object 'Object Repository/CERTPAY_QUICKSTI/Payment_Details_Verification_Page/AMOUNT' is: '$35.00'

2020-10-13 10:50:33 - [MESSAGE][PASSED] - Actual text '35.00' and expected text '35.00' are matched  using regular expression

2020-10-13 10:50:33 - [MESSAGE][PASSED] - Text of object 'Object Repository/CERTPAY_QUICKSTI/Payment_Details_Verification_Page/NAME' is: 'Tester Zenq1'

2020-10-13 10:50:33 - [MESSAGE][PASSED] - Actual text 'Tester Zenq1' and expected text 'Tester Zenq1' are matched  using regular expression

2020-10-13 10:50:34 - [MESSAGE][PASSED] - Text of object 'Object Repository/CERTPAY_QUICKSTI/Payment_Details_Verification_Page/CARD_NUMBER' is: '...1006'

2020-10-13 10:50:34 - [MESSAGE][PASSED] - Actual text '1006' and expected text '1006' are matched  using regular expression

2020-10-13 10:50:34 - [MESSAGE][PASSED] - pages.Quicksti.verifyUserPaymentDetails is PASSED

2020-10-13 10:50:34 - [TEST_STEP][PASSED] - delay(2): Delayed 2 second(s)

2020-10-13 10:50:36 - [MESSAGE][PASSED] - Delayed 2 second(s)

2020-10-13 10:50:36 - [TEST_STEP][PASSED] - scrollToElement(findTestObject("CERTPAY_QUICKSTI/Payment_Details_Verification_Page/PROCESS"), 0): Scroll to object 'Object Repository/CERTPAY_QUICKSTI/Payment_Details_Verification_Page/PROCESS' successfully

2020-10-13 10:50:36 - [MESSAGE][WARNING] - Timeout '0' is invalid. Using default page load timeout: '30'

2020-10-13 10:50:36 - [MESSAGE][PASSED] - Scroll to object 'Object Repository/CERTPAY_QUICKSTI/Payment_Details_Verification_Page/PROCESS' successfully

2020-10-13 10:50:36 - [TEST_STEP][PASSED] - utilities.SafeActions.safeClick(findTestObject("CERTPAY_QUICKSTI/Payment_Details_Verification_Page/PROCESS"), "Process", [pageLoadTime]): Quicksti.ts:Clicked on the Process

2020-10-13 10:50:36 - [MESSAGE][INFO] - safeClicking

2020-10-13 10:50:36 - [MESSAGE][PASSED] - Object 'Object Repository/CERTPAY_QUICKSTI/Payment_Details_Verification_Page/PROCESS' is present

2020-10-13 10:50:37 - [MESSAGE][PASSED] - Object 'Object Repository/CERTPAY_QUICKSTI/Payment_Details_Verification_Page/PROCESS' is clickable

2020-10-13 10:50:41 - [MESSAGE][PASSED] - Object: 'Object Repository/CERTPAY_QUICKSTI/Payment_Details_Verification_Page/PROCESS' is clicked on

2020-10-13 10:50:41 - [MESSAGE][PASSED] - Quicksti.ts:Clicked on the Process

2020-10-13 10:50:41 - [TEST_STEP][PASSED] - paymentId = pages.Quicksti.verifyPaymentApproval(findTestObject("CERTPAY_QUICKSTI/Payment_Details_Verification_Page/APPROVED")): Payment is approved

2020-10-13 10:50:42 - [MESSAGE][PASSED] - Text of object 'Object Repository/CERTPAY_QUICKSTI/Payment_Details_Verification_Page/PAYMENT_ID' is: '100176127282'

2020-10-13 10:50:42 - [MESSAGE][PASSED] - Object 'Object Repository/CERTPAY_QUICKSTI/Payment_Details_Verification_Page/APPROVED' is present

2020-10-13 10:50:42 - [MESSAGE][PASSED] - Payment is approved

2020-10-13 10:50:44 - [TEST_STEP][PASSED] - navigateToUrl(Admin_url): Navigate to 'https://qa-certpayadmin.faps.net' successfully

2020-10-13 10:50:48 - [MESSAGE][PASSED] - Navigate to 'https://qa-certpayadmin.faps.net' successfully

2020-10-13 10:50:48 - [TEST_STEP][PASSED] - pages.Bureau_Login_Page.loginToAdminSite(AdminUsername, AdminPassword): Quicksti.ts:Clicked on the LOGIN

2020-10-13 10:50:49 - [MESSAGE][PASSED] - Object 'Object Repository/CERTPAY_ADMIN/USER_NAME' is present

2020-10-13 10:50:49 - [MESSAGE][PASSED] - Object 'Object Repository/CERTPAY_ADMIN/USER_NAME' is visible

2020-10-13 10:50:49 - [MESSAGE][PASSED] - Object 'Object Repository/CERTPAY_ADMIN/USER_NAME' is present

2020-10-13 10:50:51 - [MESSAGE][PASSED] - Text 'VVangiliappan' is set on object 'Object Repository/CERTPAY_ADMIN/USER_NAME'

2020-10-13 10:50:51 - [MESSAGE][PASSED] - Quicksti.ts:Entered'VVangiliappan into username

2020-10-13 10:50:51 - [MESSAGE][PASSED] - Object 'Object Repository/CERTPAY_ADMIN/PASSWORD' is present

2020-10-13 10:50:52 - [MESSAGE][PASSED] - Object 'Object Repository/CERTPAY_ADMIN/PASSWORD' is visible

2020-10-13 10:50:52 - [MESSAGE][PASSED] - Object 'Object Repository/CERTPAY_ADMIN/PASSWORD' is present

2020-10-13 10:50:53 - [MESSAGE][PASSED] - Text 'Test@123' is set on object 'Object Repository/CERTPAY_ADMIN/PASSWORD'

2020-10-13 10:50:53 - [MESSAGE][PASSED] - Quicksti.ts:Entered'Test@123 into password

2020-10-13 10:50:53 - [MESSAGE][INFO] - safeClicking

2020-10-13 10:50:54 - [MESSAGE][PASSED] - Object 'Object Repository/CERTPAY_ADMIN/LOGIN_BUTTON' is present

2020-10-13 10:50:54 - [MESSAGE][PASSED] - Object 'Object Repository/CERTPAY_ADMIN/LOGIN_BUTTON' is clickable

2020-10-13 10:51:01 - [MESSAGE][PASSED] - Object: 'Object Repository/CERTPAY_ADMIN/LOGIN_BUTTON' is clicked on

2020-10-13 10:51:01 - [MESSAGE][PASSED] - Quicksti.ts:Clicked on the LOGIN

2020-10-13 10:51:01 - [TEST_STEP][PASSED] - utilities.SafeActions.safeClick(findTestObject("CERTPAY_ADMIN/TRANSACTION_MENU"), "TransactionMenu", [pageLoadTime]): Quicksti.ts:Clicked on the TransactionMenu

2020-10-13 10:51:01 - [MESSAGE][INFO] - safeClicking

2020-10-13 10:51:02 - [MESSAGE][PASSED] - Object 'Object Repository/CERTPAY_ADMIN/TRANSACTION_MENU' is present

2020-10-13 10:51:02 - [MESSAGE][PASSED] - Object 'Object Repository/CERTPAY_ADMIN/TRANSACTION_MENU' is clickable

2020-10-13 10:51:03 - [MESSAGE][PASSED] - Object: 'Object Repository/CERTPAY_ADMIN/TRANSACTION_MENU' is clicked on

2020-10-13 10:51:03 - [MESSAGE][PASSED] - Quicksti.ts:Clicked on the TransactionMenu

2020-10-13 10:51:03 - [TEST_STEP][PASSED] - utilities.SafeActions.safeClick(findTestObject("CERTPAY_ADMIN/TRANSACTION_SEARCH"), "TransactionSearch", [pageLoadTime]): Quicksti.ts:Clicked on the TransactionSearch

2020-10-13 10:51:03 - [MESSAGE][INFO] - safeClicking

2020-10-13 10:51:03 - [MESSAGE][PASSED] - Object 'Object Repository/CERTPAY_ADMIN/TRANSACTION_SEARCH' is present

2020-10-13 10:51:04 - [MESSAGE][PASSED] - Object 'Object Repository/CERTPAY_ADMIN/TRANSACTION_SEARCH' is clickable

2020-10-13 10:51:07 - [MESSAGE][PASSED] - Object: 'Object Repository/CERTPAY_ADMIN/TRANSACTION_SEARCH' is clicked on

2020-10-13 10:51:07 - [MESSAGE][PASSED] - Quicksti.ts:Clicked on the TransactionSearch

2020-10-13 10:51:07 - [TEST_STEP][PASSED] - utilities.SafeActions.safeType(findTestObject("CERTPAY_ADMIN/PAYMENT_ID"), paymentId, "Payment id", [pageLoadTime]): Quicksti.ts:Entered'100176127282 into Payment id

2020-10-13 10:51:08 - [MESSAGE][PASSED] - Object 'Object Repository/CERTPAY_ADMIN/PAYMENT_ID' is present

2020-10-13 10:51:08 - [MESSAGE][PASSED] - Object 'Object Repository/CERTPAY_ADMIN/PAYMENT_ID' is visible

2020-10-13 10:51:08 - [MESSAGE][PASSED] - Object 'Object Repository/CERTPAY_ADMIN/PAYMENT_ID' is present

2020-10-13 10:51:09 - [MESSAGE][PASSED] - Text '100176127282' is set on object 'Object Repository/CERTPAY_ADMIN/PAYMENT_ID'

2020-10-13 10:51:09 - [MESSAGE][PASSED] - Quicksti.ts:Entered'100176127282 into Payment id

2020-10-13 10:51:09 - [TEST_STEP][PASSED] - utilities.SafeActions.safeClick(findTestObject("CERTPAY_ADMIN/GO_BUTTON"), "Go button", [pageLoadTime]): Quicksti.ts:Clicked on the Go button

2020-10-13 10:51:09 - [MESSAGE][INFO] - safeClicking

2020-10-13 10:51:10 - [MESSAGE][PASSED] - Object 'Object Repository/CERTPAY_ADMIN/GO_BUTTON' is present

2020-10-13 10:51:10 - [MESSAGE][PASSED] - Object 'Object Repository/CERTPAY_ADMIN/GO_BUTTON' is clickable

2020-10-13 10:51:14 - [MESSAGE][PASSED] - Object: 'Object Repository/CERTPAY_ADMIN/GO_BUTTON' is clicked on

2020-10-13 10:51:14 - [MESSAGE][PASSED] - Quicksti.ts:Clicked on the Go button

2020-10-13 10:51:14 - [TEST_STEP][PASSED] - delay(5): Delayed 5 second(s)

2020-10-13 10:51:19 - [MESSAGE][PASSED] - Delayed 5 second(s)

2020-10-13 10:51:19 - [TEST_STEP][PASSED] - scrollToPosition(800, 900): Browser is scrolled to position x = 800, y = 900

2020-10-13 10:51:19 - [MESSAGE][PASSED] - Browser is scrolled to position x = 800, y = 900

2020-10-13 10:51:19 - [TEST_STEP][PASSED] - paymentIdList.add(paymentId): null

2020-10-13 10:51:19 - [TEST_STEP][PASSED] - println(paymentIdList): null

2020-10-13 10:51:19 - [TEST_STEP][PASSED] - return paymentIdList: null

2020-10-13 10:51:19 - [TEST_STEP][PASSED] - Start listener action : afterTestCase: Browser is closed

2020-10-13 10:51:19 - [TEST_STEP][PASSED] - closeBrowser(): Browser is closed

2020-10-13 10:51:20 - [MESSAGE][PASSED] - Browser is closed]]></system-out>
         <system-err><![CDATA[]]></system-err>
      </testcase>
      <testcase name="Test Cases/Certpay_Quicksti/TC_002_MultiBureauSite_SingleBureau_MultiLinePayment" time="538.276" classname="Test Cases/Certpay_Quicksti/TC_002_MultiBureauSite_SingleBureau_MultiLinePayment" status="PASSED">
         <system-out><![CDATA[2020-10-13 10:51:20 - [TEST_CASE][PASSED] - Test Cases/Certpay_Quicksti/TC_002_MultiBureauSite_SingleBureau_MultiLinePayment: Test Cases/Certpay_Quicksti/TC_002_MultiBureauSite_SingleBureau_MultiLinePayment

2020-10-13 10:51:20 - [TEST_STEP][PASSED] - Start listener action : beforeTestCase: null

2020-10-13 10:51:21 - [TEST_STEP][PASSED] - data = findTestData("Certpay/SingleBureau_MultiLine"): null

2020-10-13 10:51:21 - [TEST_STEP][PASSED] - amountList = []: null

2020-10-13 10:51:21 - [TEST_STEP][PASSED] - referenceList = []: null

2020-10-13 10:51:21 - [TEST_STEP][PASSED] - paymentTypeList = []: null

2020-10-13 10:51:21 - [TEST_STEP][PASSED] - quantityList = []: null

2020-10-13 10:51:21 - [TEST_STEP][PASSED] - commentsList = []: null

2020-10-13 10:51:21 - [TEST_STEP][PASSED] - paymentIdList = []: null

2020-10-13 10:51:21 - [TEST_STEP][PASSED] - list = new java.util.ArrayList(): null

2020-10-13 10:51:21 - [TEST_STEP][PASSED] - for (def index : (1..data.getRowNumbers())): null

2020-10-13 10:51:21 - [TEST_STEP][PASSED] - firstName = data.getValue("FirstName", index): null

2020-10-13 10:51:21 - [TEST_STEP][PASSED] - lastName = data.getValue("LastName", index): null

2020-10-13 10:51:21 - [TEST_STEP][PASSED] - cardNum = data.getValue("CardNumber", index): null

2020-10-13 10:51:21 - [TEST_STEP][PASSED] - expMonth = data.getValue("ExpMonth", index): null

2020-10-13 10:51:21 - [TEST_STEP][PASSED] - expYear = data.getValue("ExpYear", index): null

2020-10-13 10:51:21 - [TEST_STEP][PASSED] - securityCode = data.getValue("SecurityCode", index): null

2020-10-13 10:51:21 - [TEST_STEP][PASSED] - paymentAmount = data.getValue("PaymentAmount", index): null

2020-10-13 10:51:21 - [TEST_STEP][PASSED] - paymentType = data.getValue("PaymentType", index): null

2020-10-13 10:51:21 - [TEST_STEP][PASSED] - quantity = data.getValue("Quantity", index): null

2020-10-13 10:51:21 - [TEST_STEP][PASSED] - comments = data.getValue("Comments", index): null

2020-10-13 10:51:21 - [TEST_STEP][PASSED] - referenceNum = data.getValue("ReferenceNum", index): null

2020-10-13 10:51:21 - [TEST_STEP][PASSED] - address = data.getValue("Address", index): null

2020-10-13 10:51:21 - [TEST_STEP][PASSED] - zipCode = data.getValue("Zipcode", index): null

2020-10-13 10:51:21 - [TEST_STEP][PASSED] - telephone = data.getValue("Telephone", index): null

2020-10-13 10:51:21 - [TEST_STEP][PASSED] - emailAddress = data.getValue("EmailAddress", index): null

2020-10-13 10:51:21 - [TEST_STEP][PASSED] - cardType = data.getValue("CardType", index): null

2020-10-13 10:51:21 - [TEST_STEP][PASSED] - amountList = paymentAmount.split(","): null

2020-10-13 10:51:21 - [TEST_STEP][PASSED] - referenceList = referenceNum.split(","): null

2020-10-13 10:51:21 - [TEST_STEP][PASSED] - paymentTypeList = paymentType.split(","): null

2020-10-13 10:51:21 - [TEST_STEP][PASSED] - commentsList = comments.split(","): null

2020-10-13 10:51:21 - [TEST_STEP][PASSED] - quantityList = quantity.split(","): null

2020-10-13 10:51:21 - [TEST_STEP][PASSED] - utilities.SafeActions.openBrowser(Quicksti_Url, [pageLoadTime]): Browser launched successfully

2020-10-13 10:51:21 - [MESSAGE][INFO] - Opening Browser

2020-10-13 10:51:21 - [MESSAGE][INFO] - Starting 'Chrome' driver

2020-10-13 10:51:29 - [MESSAGE][PASSED] - Browser is opened with url: 'https://qa-certpayquicksti.faps.net/'

2020-10-13 10:51:31 - [MESSAGE][PASSED] - Current window maximized

2020-10-13 10:51:31 - [MESSAGE][PASSED] - Browser launched successfully

2020-10-13 10:51:31 - [TEST_STEP][PASSED] - utilities.SafeActions.safeCheck(findTestObject("CERTPAY_QUICKSTI/Login_ Page/MULTI_BUREAU_CHECKBOX"), "Multi Bureau", [pageLoadTime]): Quicksti.ts:Checkbox 'Multi Bureau'is selected

2020-10-13 10:51:31 - [MESSAGE][PASSED] - Object 'Object Repository/CERTPAY_QUICKSTI/Login_ Page/MULTI_BUREAU_CHECKBOX' is present

2020-10-13 10:51:33 - [MESSAGE][PASSED] - Object 'Object Repository/CERTPAY_QUICKSTI/Login_ Page/MULTI_BUREAU_CHECKBOX' is present

2020-10-13 10:51:35 - [MESSAGE][PASSED] - Object: 'Object Repository/CERTPAY_QUICKSTI/Login_ Page/MULTI_BUREAU_CHECKBOX' is clicked on

2020-10-13 10:51:35 - [MESSAGE][PASSED] - Quicksti.ts:Checkbox 'Multi Bureau'is selected

2020-10-13 10:51:35 - [TEST_STEP][PASSED] - utilities.SafeActions.safeType(findTestObject("CERTPAY_QUICKSTI/Login_ Page/TELLER_ID"), teller_id, "Bureau code", [pageLoadTime]): Quicksti.ts:Entered'zenq into Bureau code

2020-10-13 10:51:36 - [MESSAGE][PASSED] - Object 'Object Repository/CERTPAY_QUICKSTI/Login_ Page/TELLER_ID' is present

2020-10-13 10:51:36 - [MESSAGE][PASSED] - Object 'Object Repository/CERTPAY_QUICKSTI/Login_ Page/TELLER_ID' is visible

2020-10-13 10:51:36 - [MESSAGE][PASSED] - Object 'Object Repository/CERTPAY_QUICKSTI/Login_ Page/TELLER_ID' is present

2020-10-13 10:51:38 - [MESSAGE][PASSED] - Text 'zenq' is set on object 'Object Repository/CERTPAY_QUICKSTI/Login_ Page/TELLER_ID'

2020-10-13 10:51:38 - [MESSAGE][PASSED] - Quicksti.ts:Entered'zenq into Bureau code

2020-10-13 10:51:38 - [TEST_STEP][PASSED] - utilities.SafeActions.safeClick(findTestObject("CERTPAY_QUICKSTI/Login_ Page/NEXT_BUTTON"), "Next button", [pageLoadTime]): Quicksti.ts:Clicked on the Next button

2020-10-13 10:51:38 - [MESSAGE][INFO] - safeClicking

2020-10-13 10:51:38 - [MESSAGE][PASSED] - Object 'Object Repository/CERTPAY_QUICKSTI/Login_ Page/NEXT_BUTTON' is present

2020-10-13 10:51:38 - [MESSAGE][PASSED] - Object 'Object Repository/CERTPAY_QUICKSTI/Login_ Page/NEXT_BUTTON' is clickable

2020-10-13 10:51:44 - [MESSAGE][PASSED] - Object: 'Object Repository/CERTPAY_QUICKSTI/Login_ Page/NEXT_BUTTON' is clicked on

2020-10-13 10:51:44 - [MESSAGE][PASSED] - Quicksti.ts:Clicked on the Next button

2020-10-13 10:51:44 - [TEST_STEP][PASSED] - for ([i = 0, i <= amountList.size() - 1, (i++)]): Quicksti.ts:Entered'2 into Quntity

2020-10-13 10:51:44 - [TEST_STEP][PASSED] - s = Integer.toString(i): null

2020-10-13 10:51:44 - [TEST_STEP][PASSED] - pages.Quicksti.setCommnets("0", s, commentsList.get(i)): Quicksti.ts:Entered'Testing into Comments

2020-10-13 10:51:44 - [MESSAGE][PASSED] - Object '' is present

2020-10-13 10:51:44 - [MESSAGE][PASSED] - Object '' is visible

2020-10-13 10:51:45 - [MESSAGE][PASSED] - Object '' is present

2020-10-13 10:51:46 - [MESSAGE][PASSED] - Text 'Testing' is set on object ''

2020-10-13 10:51:46 - [MESSAGE][PASSED] - Quicksti.ts:Entered'Testing into Comments

2020-10-13 10:51:46 - [TEST_STEP][PASSED] - utilities.SafeActions.safeType(findTestObject("CERTPAY_QUICKSTI/Payment_Information_Page/PAYMENT_AMOUNT"), amountList.get(i), "Payment Amount", [pageLoadTime]): Quicksti.ts:Entered'45.00 into Payment Amount

2020-10-13 10:51:46 - [MESSAGE][PASSED] - Object 'Object Repository/CERTPAY_QUICKSTI/Payment_Information_Page/PAYMENT_AMOUNT' is present

2020-10-13 10:51:47 - [MESSAGE][PASSED] - Object 'Object Repository/CERTPAY_QUICKSTI/Payment_Information_Page/PAYMENT_AMOUNT' is visible

2020-10-13 10:51:47 - [MESSAGE][PASSED] - Object 'Object Repository/CERTPAY_QUICKSTI/Payment_Information_Page/PAYMENT_AMOUNT' is present

2020-10-13 10:51:48 - [MESSAGE][PASSED] - Text '45.00' is set on object 'Object Repository/CERTPAY_QUICKSTI/Payment_Information_Page/PAYMENT_AMOUNT'

2020-10-13 10:51:48 - [MESSAGE][PASSED] - Quicksti.ts:Entered'45.00 into Payment Amount

2020-10-13 10:51:48 - [TEST_STEP][PASSED] - pages.Quicksti.setAmountDetailsForMultiBureau(s, paymentTypeList.get(i), "0", referenceList.get(i), quantityList.get(i)): Quicksti.ts:Entered'1 into Quntity

2020-10-13 10:51:49 - [MESSAGE][PASSED] - Object '' is visible

2020-10-13 10:51:49 - [MESSAGE][PASSED] - Object '' is present

2020-10-13 10:51:51 - [MESSAGE][PASSED] - Object: '' is clicked on

2020-10-13 10:51:52 - [MESSAGE][PASSED] - All options with label 'Licenses' are selected in object ''  using regular expression

2020-10-13 10:51:52 - [MESSAGE][PASSED] - selected dropdown option by visible text  Licensesfrom Payment Type

2020-10-13 10:51:52 - [MESSAGE][PASSED] - Object '' is present

2020-10-13 10:51:52 - [MESSAGE][PASSED] - Object '' is visible

2020-10-13 10:51:53 - [MESSAGE][PASSED] - Object '' is present

2020-10-13 10:51:54 - [MESSAGE][PASSED] - Text '11' is set on object ''

2020-10-13 10:51:54 - [MESSAGE][PASSED] - Quicksti.ts:Entered'11 into RefrenceNumber

2020-10-13 10:51:54 - [MESSAGE][PASSED] - Object '' is present

2020-10-13 10:51:55 - [MESSAGE][PASSED] - Object '' is visible

2020-10-13 10:51:55 - [MESSAGE][PASSED] - Object '' is present

2020-10-13 10:51:56 - [MESSAGE][PASSED] - Text '1' is set on object ''

2020-10-13 10:51:56 - [MESSAGE][PASSED] - Quicksti.ts:Entered'1 into Quntity

2020-10-13 10:51:56 - [TEST_STEP][PASSED] - s = Integer.toString(i): null

2020-10-13 10:51:56 - [TEST_STEP][PASSED] - pages.Quicksti.setCommnets("0", s, commentsList.get(i)): Quicksti.ts:Entered'Tester into Comments

2020-10-13 10:51:56 - [MESSAGE][PASSED] - Object '' is present

2020-10-13 10:51:57 - [MESSAGE][PASSED] - Object '' is visible

2020-10-13 10:51:57 - [MESSAGE][PASSED] - Object '' is present

2020-10-13 10:51:58 - [MESSAGE][PASSED] - Text 'Tester' is set on object ''

2020-10-13 10:51:58 - [MESSAGE][PASSED] - Quicksti.ts:Entered'Tester into Comments

2020-10-13 10:51:58 - [TEST_STEP][PASSED] - utilities.SafeActions.safeType(findTestObject("CERTPAY_QUICKSTI/Payment_Information_Page/PAYMENT_AMOUNT"), amountList.get(i), "Payment Amount", [pageLoadTime]): Quicksti.ts:Entered'35.00 into Payment Amount

2020-10-13 10:51:59 - [MESSAGE][PASSED] - Object 'Object Repository/CERTPAY_QUICKSTI/Payment_Information_Page/PAYMENT_AMOUNT' is present

2020-10-13 10:51:59 - [MESSAGE][PASSED] - Object 'Object Repository/CERTPAY_QUICKSTI/Payment_Information_Page/PAYMENT_AMOUNT' is visible

2020-10-13 10:51:59 - [MESSAGE][PASSED] - Object 'Object Repository/CERTPAY_QUICKSTI/Payment_Information_Page/PAYMENT_AMOUNT' is present

2020-10-13 10:52:01 - [MESSAGE][PASSED] - Text '35.00' is set on object 'Object Repository/CERTPAY_QUICKSTI/Payment_Information_Page/PAYMENT_AMOUNT'

2020-10-13 10:52:01 - [MESSAGE][PASSED] - Quicksti.ts:Entered'35.00 into Payment Amount

2020-10-13 10:52:01 - [TEST_STEP][PASSED] - pages.Quicksti.setAmountDetailsForMultiBureau(s, paymentTypeList.get(i), "0", referenceList.get(i), quantityList.get(i)): Quicksti.ts:Entered'2 into Quntity

2020-10-13 10:52:01 - [MESSAGE][PASSED] - Object '' is visible

2020-10-13 10:52:01 - [MESSAGE][PASSED] - Object '' is present

2020-10-13 10:52:03 - [MESSAGE][PASSED] - Object: '' is clicked on

2020-10-13 10:52:04 - [MESSAGE][PASSED] - All options with label 'Taxes' are selected in object ''  using regular expression

2020-10-13 10:52:04 - [MESSAGE][PASSED] - selected dropdown option by visible text  Taxesfrom Payment Type

2020-10-13 10:52:04 - [MESSAGE][PASSED] - Object '' is present

2020-10-13 10:52:05 - [MESSAGE][PASSED] - Object '' is visible

2020-10-13 10:52:05 - [MESSAGE][PASSED] - Object '' is present

2020-10-13 10:52:06 - [MESSAGE][PASSED] - Text '12' is set on object ''

2020-10-13 10:52:06 - [MESSAGE][PASSED] - Quicksti.ts:Entered'12 into RefrenceNumber

2020-10-13 10:52:06 - [MESSAGE][PASSED] - Object '' is present

2020-10-13 10:52:07 - [MESSAGE][PASSED] - Object '' is visible

2020-10-13 10:52:07 - [MESSAGE][PASSED] - Object '' is present

2020-10-13 10:52:08 - [MESSAGE][PASSED] - Text '2' is set on object ''

2020-10-13 10:52:08 - [MESSAGE][PASSED] - Quicksti.ts:Entered'2 into Quntity

2020-10-13 10:52:08 - [TEST_STEP][PASSED] - amount_Value = pages.Quicksti.getAttributeValue(findTestObject("CERTPAY_QUICKSTI/Payment_Information_Page/SUB_TOTAL")): pages.Quicksti.getAttributeValue is PASSED

2020-10-13 10:52:09 - [MESSAGE][PASSED] - Attribute 'value' of object 'Object Repository/CERTPAY_QUICKSTI/Payment_Information_Page/SUB_TOTAL' is: '45.00'

2020-10-13 10:52:09 - [MESSAGE][PASSED] - pages.Quicksti.getAttributeValue is PASSED

2020-10-13 10:52:09 - [TEST_STEP][PASSED] - utilities.SafeActions.safeClick(findTestObject("CERTPAY_QUICKSTI/Payment_Information_Page/MANUAL_ENTRY_BUTTON"), "ManualEntry", [pageLoadTime]): Quicksti.ts:Clicked on the ManualEntry

2020-10-13 10:52:09 - [MESSAGE][INFO] - safeClicking

2020-10-13 10:52:09 - [MESSAGE][PASSED] - Object 'Object Repository/CERTPAY_QUICKSTI/Payment_Information_Page/MANUAL_ENTRY_BUTTON' is present

2020-10-13 10:52:09 - [MESSAGE][PASSED] - Object 'Object Repository/CERTPAY_QUICKSTI/Payment_Information_Page/MANUAL_ENTRY_BUTTON' is clickable

2020-10-13 10:52:13 - [MESSAGE][PASSED] - Object: 'Object Repository/CERTPAY_QUICKSTI/Payment_Information_Page/MANUAL_ENTRY_BUTTON' is clicked on

2020-10-13 10:52:13 - [MESSAGE][PASSED] - Quicksti.ts:Clicked on the ManualEntry

2020-10-13 10:52:13 - [TEST_STEP][PASSED] - CardNumber = pages.Quicksti.setUserPaymentDetails(firstName, lastName, cardNum): Quicksti.ts:Entered'4761739001010135 into CardNum

2020-10-13 10:52:14 - [MESSAGE][PASSED] - Object 'Object Repository/CERTPAY_QUICKSTI/Payment_Information_Page/FIRST_NAME' is present

2020-10-13 10:52:14 - [MESSAGE][PASSED] - Object 'Object Repository/CERTPAY_QUICKSTI/Payment_Information_Page/FIRST_NAME' is visible

2020-10-13 10:52:14 - [MESSAGE][PASSED] - Object 'Object Repository/CERTPAY_QUICKSTI/Payment_Information_Page/FIRST_NAME' is present

2020-10-13 10:52:16 - [MESSAGE][PASSED] - Text 'Tester' is set on object 'Object Repository/CERTPAY_QUICKSTI/Payment_Information_Page/FIRST_NAME'

2020-10-13 10:52:16 - [MESSAGE][PASSED] - Quicksti.ts:Entered'Tester into FirstName

2020-10-13 10:52:16 - [MESSAGE][PASSED] - Object 'Object Repository/CERTPAY_QUICKSTI/Payment_Information_Page/LAST_NAME' is present

2020-10-13 10:52:16 - [MESSAGE][PASSED] - Object 'Object Repository/CERTPAY_QUICKSTI/Payment_Information_Page/LAST_NAME' is visible

2020-10-13 10:52:17 - [MESSAGE][PASSED] - Object 'Object Repository/CERTPAY_QUICKSTI/Payment_Information_Page/LAST_NAME' is present

2020-10-13 10:52:18 - [MESSAGE][PASSED] - Text 'Zenq1' is set on object 'Object Repository/CERTPAY_QUICKSTI/Payment_Information_Page/LAST_NAME'

2020-10-13 10:52:18 - [MESSAGE][PASSED] - Quicksti.ts:Entered'Zenq1 into LAstName

2020-10-13 10:52:18 - [MESSAGE][PASSED] - Object 'Object Repository/CERTPAY_QUICKSTI/Payment_Information_Page/CARD_NUMBER' is present

2020-10-13 10:52:19 - [MESSAGE][PASSED] - Object 'Object Repository/CERTPAY_QUICKSTI/Payment_Information_Page/CARD_NUMBER' is visible

2020-10-13 10:52:19 - [MESSAGE][PASSED] - Object 'Object Repository/CERTPAY_QUICKSTI/Payment_Information_Page/CARD_NUMBER' is present

2020-10-13 10:52:20 - [MESSAGE][PASSED] - Text '4761739001010135' is set on object 'Object Repository/CERTPAY_QUICKSTI/Payment_Information_Page/CARD_NUMBER'

2020-10-13 10:52:20 - [MESSAGE][PASSED] - Quicksti.ts:Entered'4761739001010135 into CardNum

2020-10-13 10:52:20 - [TEST_STEP][PASSED] - pages.Quicksti.setExpDate(expMonth, expYear, securityCode): Quicksti.ts:Entered'207 into securityCode

2020-10-13 10:52:20 - [MESSAGE][PASSED] - Object 'Object Repository/CERTPAY_QUICKSTI/Payment_Information_Page/EXP_MONTH' is visible

2020-10-13 10:52:21 - [MESSAGE][PASSED] - Object 'Object Repository/CERTPAY_QUICKSTI/Payment_Information_Page/EXP_MONTH' is present

2020-10-13 10:52:22 - [MESSAGE][PASSED] - Object: 'Object Repository/CERTPAY_QUICKSTI/Payment_Information_Page/EXP_MONTH' is clicked on

2020-10-13 10:52:23 - [MESSAGE][PASSED] - All options with label '03' are selected in object 'Object Repository/CERTPAY_QUICKSTI/Payment_Information_Page/EXP_MONTH'  using regular expression

2020-10-13 10:52:23 - [MESSAGE][PASSED] - selected dropdown option by visible text  03from expMonth

2020-10-13 10:52:24 - [MESSAGE][PASSED] - Object 'Object Repository/CERTPAY_QUICKSTI/Payment_Information_Page/EXP_YEAR' is visible

2020-10-13 10:52:24 - [MESSAGE][PASSED] - Object 'Object Repository/CERTPAY_QUICKSTI/Payment_Information_Page/EXP_YEAR' is present

2020-10-13 10:52:25 - [MESSAGE][PASSED] - Object: 'Object Repository/CERTPAY_QUICKSTI/Payment_Information_Page/EXP_YEAR' is clicked on

2020-10-13 10:52:27 - [MESSAGE][PASSED] - All options with label '2022' are selected in object 'Object Repository/CERTPAY_QUICKSTI/Payment_Information_Page/EXP_YEAR'  using regular expression

2020-10-13 10:52:27 - [MESSAGE][PASSED] - selected dropdown option by visible text  2022from  expYear

2020-10-13 10:52:27 - [MESSAGE][PASSED] - Object 'Object Repository/CERTPAY_QUICKSTI/Payment_Information_Page/SECURITY_CODE' is present

2020-10-13 10:52:27 - [MESSAGE][PASSED] - Object 'Object Repository/CERTPAY_QUICKSTI/Payment_Information_Page/SECURITY_CODE' is visible

2020-10-13 10:52:28 - [MESSAGE][PASSED] - Object 'Object Repository/CERTPAY_QUICKSTI/Payment_Information_Page/SECURITY_CODE' is present

2020-10-13 10:52:29 - [MESSAGE][PASSED] - Text '207' is set on object 'Object Repository/CERTPAY_QUICKSTI/Payment_Information_Page/SECURITY_CODE'

2020-10-13 10:52:29 - [MESSAGE][PASSED] - Quicksti.ts:Entered'207 into securityCode

2020-10-13 10:52:29 - [TEST_STEP][PASSED] - utilities.SafeActions.safeType(findTestObject("CERTPAY_QUICKSTI/Payment_Information_Page/ADDRESS"), address, "Address", [pageLoadTime]): Quicksti.ts:Entered'14-2 into Address

2020-10-13 10:52:29 - [MESSAGE][PASSED] - Object 'Object Repository/CERTPAY_QUICKSTI/Payment_Information_Page/ADDRESS' is present

2020-10-13 10:52:30 - [MESSAGE][PASSED] - Object 'Object Repository/CERTPAY_QUICKSTI/Payment_Information_Page/ADDRESS' is visible

2020-10-13 10:52:30 - [MESSAGE][PASSED] - Object 'Object Repository/CERTPAY_QUICKSTI/Payment_Information_Page/ADDRESS' is present

2020-10-13 10:52:31 - [MESSAGE][PASSED] - Text '14-2' is set on object 'Object Repository/CERTPAY_QUICKSTI/Payment_Information_Page/ADDRESS'

2020-10-13 10:52:31 - [MESSAGE][PASSED] - Quicksti.ts:Entered'14-2 into Address

2020-10-13 10:52:31 - [TEST_STEP][PASSED] - utilities.SafeActions.safeType(findTestObject("CERTPAY_QUICKSTI/Payment_Information_Page/ZIP_CODE"), zipCode, "zipcode", [pageLoadTime]): Quicksti.ts:Entered'76102 into zipcode

2020-10-13 10:52:31 - [MESSAGE][PASSED] - Object 'Object Repository/CERTPAY_QUICKSTI/Payment_Information_Page/ZIP_CODE' is present

2020-10-13 10:52:32 - [MESSAGE][PASSED] - Object 'Object Repository/CERTPAY_QUICKSTI/Payment_Information_Page/ZIP_CODE' is visible

2020-10-13 10:52:32 - [MESSAGE][PASSED] - Object 'Object Repository/CERTPAY_QUICKSTI/Payment_Information_Page/ZIP_CODE' is present

2020-10-13 10:52:33 - [MESSAGE][PASSED] - Text '76102' is set on object 'Object Repository/CERTPAY_QUICKSTI/Payment_Information_Page/ZIP_CODE'

2020-10-13 10:52:33 - [MESSAGE][PASSED] - Quicksti.ts:Entered'76102 into zipcode

2020-10-13 10:52:33 - [TEST_STEP][PASSED] - utilities.SafeActions.safeType(findTestObject("CERTPAY_QUICKSTI/Payment_Information_Page/TELEPHONE"), telephone, "Telephone", [pageLoadTime]): Quicksti.ts:Entered'9988776655 into Telephone

2020-10-13 10:52:34 - [MESSAGE][PASSED] - Object 'Object Repository/CERTPAY_QUICKSTI/Payment_Information_Page/TELEPHONE' is present

2020-10-13 10:52:34 - [MESSAGE][PASSED] - Object 'Object Repository/CERTPAY_QUICKSTI/Payment_Information_Page/TELEPHONE' is visible

2020-10-13 10:52:34 - [MESSAGE][PASSED] - Object 'Object Repository/CERTPAY_QUICKSTI/Payment_Information_Page/TELEPHONE' is present

2020-10-13 10:52:36 - [MESSAGE][PASSED] - Text '9988776655' is set on object 'Object Repository/CERTPAY_QUICKSTI/Payment_Information_Page/TELEPHONE'

2020-10-13 10:52:36 - [MESSAGE][PASSED] - Quicksti.ts:Entered'9988776655 into Telephone

2020-10-13 10:52:36 - [TEST_STEP][PASSED] - utilities.SafeActions.safeType(findTestObject("CERTPAY_QUICKSTI/Payment_Information_Page/EMAIL_ADDRESS"), emailAddress, "EMAIL address", [pageLoadTime]): Quicksti.ts:Entered'testing@zenq.com into EMAIL address

2020-10-13 10:52:36 - [MESSAGE][PASSED] - Object 'Object Repository/CERTPAY_QUICKSTI/Payment_Information_Page/EMAIL_ADDRESS' is present

2020-10-13 10:52:36 - [MESSAGE][PASSED] - Object 'Object Repository/CERTPAY_QUICKSTI/Payment_Information_Page/EMAIL_ADDRESS' is visible

2020-10-13 10:52:37 - [MESSAGE][PASSED] - Object 'Object Repository/CERTPAY_QUICKSTI/Payment_Information_Page/EMAIL_ADDRESS' is present

2020-10-13 10:52:38 - [MESSAGE][PASSED] - Text 'testing@zenq.com' is set on object 'Object Repository/CERTPAY_QUICKSTI/Payment_Information_Page/EMAIL_ADDRESS'

2020-10-13 10:52:38 - [MESSAGE][PASSED] - Quicksti.ts:Entered'testing@zenq.com into EMAIL address

2020-10-13 10:52:38 - [TEST_STEP][PASSED] - utilities.SafeActions.safeClick(findTestObject("CERTPAY_QUICKSTI/Payment_Information_Page/NEXT_BUTTON"), "Next", [pageLoadTime]): Quicksti.ts:Clicked on the Next

2020-10-13 10:52:38 - [MESSAGE][INFO] - safeClicking

2020-10-13 10:52:38 - [MESSAGE][PASSED] - Object 'Object Repository/CERTPAY_QUICKSTI/Payment_Information_Page/NEXT_BUTTON' is present

2020-10-13 10:52:38 - [MESSAGE][PASSED] - Object 'Object Repository/CERTPAY_QUICKSTI/Payment_Information_Page/NEXT_BUTTON' is clickable

2020-10-13 10:52:42 - [MESSAGE][PASSED] - Object: 'Object Repository/CERTPAY_QUICKSTI/Payment_Information_Page/NEXT_BUTTON' is clicked on

2020-10-13 10:52:42 - [MESSAGE][PASSED] - Quicksti.ts:Clicked on the Next

2020-10-13 10:52:42 - [TEST_STEP][PASSED] - pages.Quicksti.verifyUserPaymentDetails(amountList.get(0), firstName, lastName, CardNumber): pages.Quicksti.verifyUserPaymentDetails is PASSED

2020-10-13 10:52:42 - [MESSAGE][PASSED] - Text of object 'Object Repository/CERTPAY_QUICKSTI/Payment_Details_Verification_Page/AMOUNT' is: '$45.00'

2020-10-13 10:52:42 - [MESSAGE][PASSED] - Actual text '45.00' and expected text '45.00' are matched  using regular expression

2020-10-13 10:52:43 - [MESSAGE][PASSED] - Text of object 'Object Repository/CERTPAY_QUICKSTI/Payment_Details_Verification_Page/NAME' is: 'Tester Zenq1'

2020-10-13 10:52:43 - [MESSAGE][PASSED] - Actual text 'Tester Zenq1' and expected text 'Tester Zenq1' are matched  using regular expression

2020-10-13 10:52:43 - [MESSAGE][PASSED] - Text of object 'Object Repository/CERTPAY_QUICKSTI/Payment_Details_Verification_Page/CARD_NUMBER' is: '...0135'

2020-10-13 10:52:43 - [MESSAGE][PASSED] - Actual text '0135' and expected text '0135' are matched  using regular expression

2020-10-13 10:52:43 - [MESSAGE][PASSED] - pages.Quicksti.verifyUserPaymentDetails is PASSED

2020-10-13 10:52:43 - [TEST_STEP][PASSED] - delay(2): Delayed 2 second(s)

2020-10-13 10:52:45 - [MESSAGE][PASSED] - Delayed 2 second(s)

2020-10-13 10:52:45 - [TEST_STEP][PASSED] - scrollToElement(findTestObject("CERTPAY_QUICKSTI/Payment_Details_Verification_Page/PROCESS"), 0): Scroll to object 'Object Repository/CERTPAY_QUICKSTI/Payment_Details_Verification_Page/PROCESS' successfully

2020-10-13 10:52:45 - [MESSAGE][WARNING] - Timeout '0' is invalid. Using default page load timeout: '30'

2020-10-13 10:52:46 - [MESSAGE][PASSED] - Scroll to object 'Object Repository/CERTPAY_QUICKSTI/Payment_Details_Verification_Page/PROCESS' successfully

2020-10-13 10:52:46 - [TEST_STEP][PASSED] - utilities.SafeActions.safeClick(findTestObject("CERTPAY_QUICKSTI/Payment_Details_Verification_Page/PROCESS"), "Process", [pageLoadTime]): Quicksti.ts:Clicked on the Process

2020-10-13 10:52:46 - [MESSAGE][INFO] - safeClicking

2020-10-13 10:52:46 - [MESSAGE][PASSED] - Object 'Object Repository/CERTPAY_QUICKSTI/Payment_Details_Verification_Page/PROCESS' is present

2020-10-13 10:52:46 - [MESSAGE][PASSED] - Object 'Object Repository/CERTPAY_QUICKSTI/Payment_Details_Verification_Page/PROCESS' is clickable

2020-10-13 10:52:50 - [MESSAGE][PASSED] - Object: 'Object Repository/CERTPAY_QUICKSTI/Payment_Details_Verification_Page/PROCESS' is clicked on

2020-10-13 10:52:50 - [MESSAGE][PASSED] - Quicksti.ts:Clicked on the Process

2020-10-13 10:52:50 - [TEST_STEP][PASSED] - PaymentID = pages.Quicksti.verifyPaymentApproval(findTestObject("CERTPAY_QUICKSTI/Payment_Details_Verification_Page/APPROVED")): Payment is approved

2020-10-13 10:52:51 - [MESSAGE][PASSED] - Text of object 'Object Repository/CERTPAY_QUICKSTI/Payment_Details_Verification_Page/PAYMENT_ID' is: '100176127286'

2020-10-13 10:52:51 - [MESSAGE][PASSED] - Object 'Object Repository/CERTPAY_QUICKSTI/Payment_Details_Verification_Page/APPROVED' is present

2020-10-13 10:52:51 - [MESSAGE][PASSED] - Payment is approved

2020-10-13 10:52:53 - [TEST_STEP][PASSED] - navigateToUrl(Admin_url): Navigate to 'https://qa-certpayadmin.faps.net' successfully

2020-10-13 10:52:58 - [MESSAGE][PASSED] - Navigate to 'https://qa-certpayadmin.faps.net' successfully

2020-10-13 10:52:58 - [TEST_STEP][PASSED] - pages.Bureau_Login_Page.loginToAdminSite(AdminUsername, AdminPassword): Quicksti.ts:Clicked on the LOGIN

2020-10-13 10:52:58 - [MESSAGE][PASSED] - Object 'Object Repository/CERTPAY_ADMIN/USER_NAME' is present

2020-10-13 10:52:59 - [MESSAGE][PASSED] - Object 'Object Repository/CERTPAY_ADMIN/USER_NAME' is visible

2020-10-13 10:52:59 - [MESSAGE][PASSED] - Object 'Object Repository/CERTPAY_ADMIN/USER_NAME' is present

2020-10-13 10:53:00 - [MESSAGE][PASSED] - Text 'VVangiliappan' is set on object 'Object Repository/CERTPAY_ADMIN/USER_NAME'

2020-10-13 10:53:00 - [MESSAGE][PASSED] - Quicksti.ts:Entered'VVangiliappan into username

2020-10-13 10:53:01 - [MESSAGE][PASSED] - Object 'Object Repository/CERTPAY_ADMIN/PASSWORD' is present

2020-10-13 10:53:01 - [MESSAGE][PASSED] - Object 'Object Repository/CERTPAY_ADMIN/PASSWORD' is visible

2020-10-13 10:53:01 - [MESSAGE][PASSED] - Object 'Object Repository/CERTPAY_ADMIN/PASSWORD' is present

2020-10-13 10:53:02 - [MESSAGE][PASSED] - Text 'Test@123' is set on object 'Object Repository/CERTPAY_ADMIN/PASSWORD'

2020-10-13 10:53:02 - [MESSAGE][PASSED] - Quicksti.ts:Entered'Test@123 into password

2020-10-13 10:53:03 - [MESSAGE][INFO] - safeClicking

2020-10-13 10:53:03 - [MESSAGE][PASSED] - Object 'Object Repository/CERTPAY_ADMIN/LOGIN_BUTTON' is present

2020-10-13 10:53:03 - [MESSAGE][PASSED] - Object 'Object Repository/CERTPAY_ADMIN/LOGIN_BUTTON' is clickable

2020-10-13 10:53:10 - [MESSAGE][PASSED] - Object: 'Object Repository/CERTPAY_ADMIN/LOGIN_BUTTON' is clicked on

2020-10-13 10:53:10 - [MESSAGE][PASSED] - Quicksti.ts:Clicked on the LOGIN

2020-10-13 10:53:10 - [TEST_STEP][PASSED] - utilities.SafeActions.safeClick(findTestObject("CERTPAY_ADMIN/TRANSACTION_MENU"), "TransactionMenu", [pageLoadTime]): Quicksti.ts:Clicked on the TransactionMenu

2020-10-13 10:53:11 - [MESSAGE][INFO] - safeClicking

2020-10-13 10:53:11 - [MESSAGE][PASSED] - Object 'Object Repository/CERTPAY_ADMIN/TRANSACTION_MENU' is present

2020-10-13 10:53:11 - [MESSAGE][PASSED] - Object 'Object Repository/CERTPAY_ADMIN/TRANSACTION_MENU' is clickable

2020-10-13 10:53:12 - [MESSAGE][PASSED] - Object: 'Object Repository/CERTPAY_ADMIN/TRANSACTION_MENU' is clicked on

2020-10-13 10:53:12 - [MESSAGE][PASSED] - Quicksti.ts:Clicked on the TransactionMenu

2020-10-13 10:53:12 - [TEST_STEP][PASSED] - utilities.SafeActions.safeClick(findTestObject("CERTPAY_ADMIN/TRANSACTION_SEARCH"), "TransactionSearch", [pageLoadTime]): Quicksti.ts:Clicked on the TransactionSearch

2020-10-13 10:53:12 - [MESSAGE][INFO] - safeClicking

2020-10-13 10:53:13 - [MESSAGE][PASSED] - Object 'Object Repository/CERTPAY_ADMIN/TRANSACTION_SEARCH' is present

2020-10-13 10:53:13 - [MESSAGE][PASSED] - Object 'Object Repository/CERTPAY_ADMIN/TRANSACTION_SEARCH' is clickable

2020-10-13 10:53:17 - [MESSAGE][PASSED] - Object: 'Object Repository/CERTPAY_ADMIN/TRANSACTION_SEARCH' is clicked on

2020-10-13 10:53:17 - [MESSAGE][PASSED] - Quicksti.ts:Clicked on the TransactionSearch

2020-10-13 10:53:17 - [TEST_STEP][PASSED] - delay(2): Delayed 2 second(s)

2020-10-13 10:53:19 - [MESSAGE][PASSED] - Delayed 2 second(s)

2020-10-13 10:53:19 - [TEST_STEP][PASSED] - utilities.SafeActions.safeType(findTestObject("CERTPAY_ADMIN/PAYMENT_ID"), PaymentID, "Payment id", [pageLoadTime]): Quicksti.ts:Entered'100176127286 into Payment id

2020-10-13 10:53:19 - [MESSAGE][PASSED] - Object 'Object Repository/CERTPAY_ADMIN/PAYMENT_ID' is present

2020-10-13 10:53:20 - [MESSAGE][PASSED] - Object 'Object Repository/CERTPAY_ADMIN/PAYMENT_ID' is visible

2020-10-13 10:53:20 - [MESSAGE][PASSED] - Object 'Object Repository/CERTPAY_ADMIN/PAYMENT_ID' is present

2020-10-13 10:53:21 - [MESSAGE][PASSED] - Text '100176127286' is set on object 'Object Repository/CERTPAY_ADMIN/PAYMENT_ID'

2020-10-13 10:53:21 - [MESSAGE][PASSED] - Quicksti.ts:Entered'100176127286 into Payment id

2020-10-13 10:53:21 - [TEST_STEP][PASSED] - utilities.SafeActions.safeClick(findTestObject("CERTPAY_ADMIN/GO_BUTTON"), "Go button", [pageLoadTime]): Quicksti.ts:Clicked on the Go button

2020-10-13 10:53:21 - [MESSAGE][INFO] - safeClicking

2020-10-13 10:53:21 - [MESSAGE][PASSED] - Object 'Object Repository/CERTPAY_ADMIN/GO_BUTTON' is present

2020-10-13 10:53:22 - [MESSAGE][PASSED] - Object 'Object Repository/CERTPAY_ADMIN/GO_BUTTON' is clickable

2020-10-13 10:53:25 - [MESSAGE][PASSED] - Object: 'Object Repository/CERTPAY_ADMIN/GO_BUTTON' is clicked on

2020-10-13 10:53:25 - [MESSAGE][PASSED] - Quicksti.ts:Clicked on the Go button

2020-10-13 10:53:25 - [TEST_STEP][PASSED] - delay(5): Delayed 5 second(s)

2020-10-13 10:53:30 - [MESSAGE][PASSED] - Delayed 5 second(s)

2020-10-13 10:53:30 - [TEST_STEP][PASSED] - scrollToPosition(800, 900): Browser is scrolled to position x = 800, y = 900

2020-10-13 10:53:30 - [MESSAGE][PASSED] - Browser is scrolled to position x = 800, y = 900

2020-10-13 10:53:30 - [TEST_STEP][PASSED] - paymentIdList.add(PaymentID): null

2020-10-13 10:53:30 - [TEST_STEP][PASSED] - println(paymentIdList): null

2020-10-13 10:53:30 - [TEST_STEP][PASSED] - firstName = data.getValue("FirstName", index): null

2020-10-13 10:53:30 - [TEST_STEP][PASSED] - lastName = data.getValue("LastName", index): null

2020-10-13 10:53:30 - [TEST_STEP][PASSED] - cardNum = data.getValue("CardNumber", index): null

2020-10-13 10:53:30 - [TEST_STEP][PASSED] - expMonth = data.getValue("ExpMonth", index): null

2020-10-13 10:53:30 - [TEST_STEP][PASSED] - expYear = data.getValue("ExpYear", index): null

2020-10-13 10:53:30 - [TEST_STEP][PASSED] - securityCode = data.getValue("SecurityCode", index): null

2020-10-13 10:53:30 - [TEST_STEP][PASSED] - paymentAmount = data.getValue("PaymentAmount", index): null

2020-10-13 10:53:30 - [TEST_STEP][PASSED] - paymentType = data.getValue("PaymentType", index): null

2020-10-13 10:53:30 - [TEST_STEP][PASSED] - quantity = data.getValue("Quantity", index): null

2020-10-13 10:53:30 - [TEST_STEP][PASSED] - comments = data.getValue("Comments", index): null

2020-10-13 10:53:30 - [TEST_STEP][PASSED] - referenceNum = data.getValue("ReferenceNum", index): null

2020-10-13 10:53:30 - [TEST_STEP][PASSED] - address = data.getValue("Address", index): null

2020-10-13 10:53:30 - [TEST_STEP][PASSED] - zipCode = data.getValue("Zipcode", index): null

2020-10-13 10:53:30 - [TEST_STEP][PASSED] - telephone = data.getValue("Telephone", index): null

2020-10-13 10:53:30 - [TEST_STEP][PASSED] - emailAddress = data.getValue("EmailAddress", index): null

2020-10-13 10:53:30 - [TEST_STEP][PASSED] - cardType = data.getValue("CardType", index): null

2020-10-13 10:53:30 - [TEST_STEP][PASSED] - amountList = paymentAmount.split(","): null

2020-10-13 10:53:30 - [TEST_STEP][PASSED] - referenceList = referenceNum.split(","): null

2020-10-13 10:53:30 - [TEST_STEP][PASSED] - paymentTypeList = paymentType.split(","): null

2020-10-13 10:53:30 - [TEST_STEP][PASSED] - commentsList = comments.split(","): null

2020-10-13 10:53:30 - [TEST_STEP][PASSED] - quantityList = quantity.split(","): null

2020-10-13 10:53:30 - [TEST_STEP][PASSED] - utilities.SafeActions.openBrowser(Quicksti_Url, [pageLoadTime]): Browser launched successfully

2020-10-13 10:53:30 - [MESSAGE][INFO] - Opening Browser

2020-10-13 10:53:30 - [MESSAGE][WARNING] - A browser is already opened. Closing browser and opening a new one

2020-10-13 10:53:34 - [MESSAGE][INFO] - Starting 'Chrome' driver

2020-10-13 10:53:45 - [MESSAGE][PASSED] - Browser is opened with url: 'https://qa-certpayquicksti.faps.net/'

2020-10-13 10:53:47 - [MESSAGE][PASSED] - Current window maximized

2020-10-13 10:53:47 - [MESSAGE][PASSED] - Browser launched successfully

2020-10-13 10:53:47 - [TEST_STEP][PASSED] - utilities.SafeActions.safeCheck(findTestObject("CERTPAY_QUICKSTI/Login_ Page/MULTI_BUREAU_CHECKBOX"), "Multi Bureau", [pageLoadTime]): Quicksti.ts:Checkbox 'Multi Bureau'is selected

2020-10-13 10:53:47 - [MESSAGE][PASSED] - Object 'Object Repository/CERTPAY_QUICKSTI/Login_ Page/MULTI_BUREAU_CHECKBOX' is present

2020-10-13 10:53:48 - [MESSAGE][PASSED] - Object 'Object Repository/CERTPAY_QUICKSTI/Login_ Page/MULTI_BUREAU_CHECKBOX' is present

2020-10-13 10:53:49 - [MESSAGE][PASSED] - Object: 'Object Repository/CERTPAY_QUICKSTI/Login_ Page/MULTI_BUREAU_CHECKBOX' is clicked on

2020-10-13 10:53:49 - [MESSAGE][PASSED] - Quicksti.ts:Checkbox 'Multi Bureau'is selected

2020-10-13 10:53:49 - [TEST_STEP][PASSED] - utilities.SafeActions.safeType(findTestObject("CERTPAY_QUICKSTI/Login_ Page/TELLER_ID"), teller_id, "Bureau code", [pageLoadTime]): Quicksti.ts:Entered'zenq into Bureau code

2020-10-13 10:53:51 - [MESSAGE][PASSED] - Object 'Object Repository/CERTPAY_QUICKSTI/Login_ Page/TELLER_ID' is present

2020-10-13 10:53:51 - [MESSAGE][PASSED] - Object 'Object Repository/CERTPAY_QUICKSTI/Login_ Page/TELLER_ID' is visible

2020-10-13 10:53:51 - [MESSAGE][PASSED] - Object 'Object Repository/CERTPAY_QUICKSTI/Login_ Page/TELLER_ID' is present

2020-10-13 10:53:53 - [MESSAGE][PASSED] - Text 'zenq' is set on object 'Object Repository/CERTPAY_QUICKSTI/Login_ Page/TELLER_ID'

2020-10-13 10:53:53 - [MESSAGE][PASSED] - Quicksti.ts:Entered'zenq into Bureau code

2020-10-13 10:53:53 - [TEST_STEP][PASSED] - utilities.SafeActions.safeClick(findTestObject("CERTPAY_QUICKSTI/Login_ Page/NEXT_BUTTON"), "Next button", [pageLoadTime]): Quicksti.ts:Clicked on the Next button

2020-10-13 10:53:53 - [MESSAGE][INFO] - safeClicking

2020-10-13 10:53:53 - [MESSAGE][PASSED] - Object 'Object Repository/CERTPAY_QUICKSTI/Login_ Page/NEXT_BUTTON' is present

2020-10-13 10:53:53 - [MESSAGE][PASSED] - Object 'Object Repository/CERTPAY_QUICKSTI/Login_ Page/NEXT_BUTTON' is clickable

2020-10-13 10:53:59 - [MESSAGE][PASSED] - Object: 'Object Repository/CERTPAY_QUICKSTI/Login_ Page/NEXT_BUTTON' is clicked on

2020-10-13 10:53:59 - [MESSAGE][PASSED] - Quicksti.ts:Clicked on the Next button

2020-10-13 10:53:59 - [TEST_STEP][PASSED] - for ([i = 0, i <= amountList.size() - 1, (i++)]): Quicksti.ts:Entered'2 into Quntity

2020-10-13 10:53:59 - [TEST_STEP][PASSED] - s = Integer.toString(i): null

2020-10-13 10:53:59 - [TEST_STEP][PASSED] - pages.Quicksti.setCommnets("0", s, commentsList.get(i)): Quicksti.ts:Entered'Testing into Comments

2020-10-13 10:54:00 - [MESSAGE][PASSED] - Object '' is present

2020-10-13 10:54:00 - [MESSAGE][PASSED] - Object '' is visible

2020-10-13 10:54:00 - [MESSAGE][PASSED] - Object '' is present

2020-10-13 10:54:01 - [MESSAGE][PASSED] - Text 'Testing' is set on object ''

2020-10-13 10:54:01 - [MESSAGE][PASSED] - Quicksti.ts:Entered'Testing into Comments

2020-10-13 10:54:01 - [TEST_STEP][PASSED] - utilities.SafeActions.safeType(findTestObject("CERTPAY_QUICKSTI/Payment_Information_Page/PAYMENT_AMOUNT"), amountList.get(i), "Payment Amount", [pageLoadTime]): Quicksti.ts:Entered'35.00 into Payment Amount

2020-10-13 10:54:02 - [MESSAGE][PASSED] - Object 'Object Repository/CERTPAY_QUICKSTI/Payment_Information_Page/PAYMENT_AMOUNT' is present

2020-10-13 10:54:02 - [MESSAGE][PASSED] - Object 'Object Repository/CERTPAY_QUICKSTI/Payment_Information_Page/PAYMENT_AMOUNT' is visible

2020-10-13 10:54:02 - [MESSAGE][PASSED] - Object 'Object Repository/CERTPAY_QUICKSTI/Payment_Information_Page/PAYMENT_AMOUNT' is present

2020-10-13 10:54:04 - [MESSAGE][PASSED] - Text '35.00' is set on object 'Object Repository/CERTPAY_QUICKSTI/Payment_Information_Page/PAYMENT_AMOUNT'

2020-10-13 10:54:04 - [MESSAGE][PASSED] - Quicksti.ts:Entered'35.00 into Payment Amount

2020-10-13 10:54:04 - [TEST_STEP][PASSED] - pages.Quicksti.setAmountDetailsForMultiBureau(s, paymentTypeList.get(i), "0", referenceList.get(i), quantityList.get(i)): Quicksti.ts:Entered'1 into Quntity

2020-10-13 10:54:04 - [MESSAGE][PASSED] - Object '' is visible

2020-10-13 10:54:05 - [MESSAGE][PASSED] - Object '' is present

2020-10-13 10:54:06 - [MESSAGE][PASSED] - Object: '' is clicked on

2020-10-13 10:54:07 - [MESSAGE][PASSED] - All options with label 'Licenses' are selected in object ''  using regular expression

2020-10-13 10:54:07 - [MESSAGE][PASSED] - selected dropdown option by visible text  Licensesfrom Payment Type

2020-10-13 10:54:07 - [MESSAGE][PASSED] - Object '' is present

2020-10-13 10:54:08 - [MESSAGE][PASSED] - Object '' is visible

2020-10-13 10:54:08 - [MESSAGE][PASSED] - Object '' is present

2020-10-13 10:54:09 - [MESSAGE][PASSED] - Text '11' is set on object ''

2020-10-13 10:54:09 - [MESSAGE][PASSED] - Quicksti.ts:Entered'11 into RefrenceNumber

2020-10-13 10:54:10 - [MESSAGE][PASSED] - Object '' is present

2020-10-13 10:54:10 - [MESSAGE][PASSED] - Object '' is visible

2020-10-13 10:54:10 - [MESSAGE][PASSED] - Object '' is present

2020-10-13 10:54:11 - [MESSAGE][PASSED] - Text '1' is set on object ''

2020-10-13 10:54:11 - [MESSAGE][PASSED] - Quicksti.ts:Entered'1 into Quntity

2020-10-13 10:54:11 - [TEST_STEP][PASSED] - s = Integer.toString(i): null

2020-10-13 10:54:11 - [TEST_STEP][PASSED] - pages.Quicksti.setCommnets("0", s, commentsList.get(i)): Quicksti.ts:Entered'Tester into Comments

2020-10-13 10:54:12 - [MESSAGE][PASSED] - Object '' is present

2020-10-13 10:54:12 - [MESSAGE][PASSED] - Object '' is visible

2020-10-13 10:54:12 - [MESSAGE][PASSED] - Object '' is present

2020-10-13 10:54:14 - [MESSAGE][PASSED] - Text 'Tester' is set on object ''

2020-10-13 10:54:14 - [MESSAGE][PASSED] - Quicksti.ts:Entered'Tester into Comments

2020-10-13 10:54:14 - [TEST_STEP][PASSED] - utilities.SafeActions.safeType(findTestObject("CERTPAY_QUICKSTI/Payment_Information_Page/PAYMENT_AMOUNT"), amountList.get(i), "Payment Amount", [pageLoadTime]): Quicksti.ts:Entered'40.00 into Payment Amount

2020-10-13 10:54:14 - [MESSAGE][PASSED] - Object 'Object Repository/CERTPAY_QUICKSTI/Payment_Information_Page/PAYMENT_AMOUNT' is present

2020-10-13 10:54:14 - [MESSAGE][PASSED] - Object 'Object Repository/CERTPAY_QUICKSTI/Payment_Information_Page/PAYMENT_AMOUNT' is visible

2020-10-13 10:54:15 - [MESSAGE][PASSED] - Object 'Object Repository/CERTPAY_QUICKSTI/Payment_Information_Page/PAYMENT_AMOUNT' is present

2020-10-13 10:54:16 - [MESSAGE][PASSED] - Text '40.00' is set on object 'Object Repository/CERTPAY_QUICKSTI/Payment_Information_Page/PAYMENT_AMOUNT'

2020-10-13 10:54:16 - [MESSAGE][PASSED] - Quicksti.ts:Entered'40.00 into Payment Amount

2020-10-13 10:54:16 - [TEST_STEP][PASSED] - pages.Quicksti.setAmountDetailsForMultiBureau(s, paymentTypeList.get(i), "0", referenceList.get(i), quantityList.get(i)): Quicksti.ts:Entered'2 into Quntity

2020-10-13 10:54:16 - [MESSAGE][PASSED] - Object '' is visible

2020-10-13 10:54:17 - [MESSAGE][PASSED] - Object '' is present

2020-10-13 10:54:18 - [MESSAGE][PASSED] - Object: '' is clicked on

2020-10-13 10:54:19 - [MESSAGE][PASSED] - All options with label 'Taxes' are selected in object ''  using regular expression

2020-10-13 10:54:19 - [MESSAGE][PASSED] - selected dropdown option by visible text  Taxesfrom Payment Type

2020-10-13 10:54:20 - [MESSAGE][PASSED] - Object '' is present

2020-10-13 10:54:20 - [MESSAGE][PASSED] - Object '' is visible

2020-10-13 10:54:20 - [MESSAGE][PASSED] - Object '' is present

2020-10-13 10:54:22 - [MESSAGE][PASSED] - Text '12' is set on object ''

2020-10-13 10:54:22 - [MESSAGE][PASSED] - Quicksti.ts:Entered'12 into RefrenceNumber

2020-10-13 10:54:22 - [MESSAGE][PASSED] - Object '' is present

2020-10-13 10:54:22 - [MESSAGE][PASSED] - Object '' is visible

2020-10-13 10:54:22 - [MESSAGE][PASSED] - Object '' is present

2020-10-13 10:54:24 - [MESSAGE][PASSED] - Text '2' is set on object ''

2020-10-13 10:54:24 - [MESSAGE][PASSED] - Quicksti.ts:Entered'2 into Quntity

2020-10-13 10:54:24 - [TEST_STEP][PASSED] - amount_Value = pages.Quicksti.getAttributeValue(findTestObject("CERTPAY_QUICKSTI/Payment_Information_Page/SUB_TOTAL")): pages.Quicksti.getAttributeValue is PASSED

2020-10-13 10:54:24 - [MESSAGE][PASSED] - Attribute 'value' of object 'Object Repository/CERTPAY_QUICKSTI/Payment_Information_Page/SUB_TOTAL' is: '35.00'

2020-10-13 10:54:24 - [MESSAGE][PASSED] - pages.Quicksti.getAttributeValue is PASSED

2020-10-13 10:54:24 - [TEST_STEP][PASSED] - utilities.SafeActions.safeClick(findTestObject("CERTPAY_QUICKSTI/Payment_Information_Page/MANUAL_ENTRY_BUTTON"), "ManualEntry", [pageLoadTime]): Quicksti.ts:Clicked on the ManualEntry

2020-10-13 10:54:24 - [MESSAGE][INFO] - safeClicking

2020-10-13 10:54:24 - [MESSAGE][PASSED] - Object 'Object Repository/CERTPAY_QUICKSTI/Payment_Information_Page/MANUAL_ENTRY_BUTTON' is present

2020-10-13 10:54:25 - [MESSAGE][PASSED] - Object 'Object Repository/CERTPAY_QUICKSTI/Payment_Information_Page/MANUAL_ENTRY_BUTTON' is clickable

2020-10-13 10:54:29 - [MESSAGE][PASSED] - Object: 'Object Repository/CERTPAY_QUICKSTI/Payment_Information_Page/MANUAL_ENTRY_BUTTON' is clicked on

2020-10-13 10:54:29 - [MESSAGE][PASSED] - Quicksti.ts:Clicked on the ManualEntry

2020-10-13 10:54:29 - [TEST_STEP][PASSED] - CardNumber = pages.Quicksti.setUserPaymentDetails(firstName, lastName, cardNum): Quicksti.ts:Entered'5154623208647646 into CardNum

2020-10-13 10:54:29 - [MESSAGE][PASSED] - Object 'Object Repository/CERTPAY_QUICKSTI/Payment_Information_Page/FIRST_NAME' is present

2020-10-13 10:54:29 - [MESSAGE][PASSED] - Object 'Object Repository/CERTPAY_QUICKSTI/Payment_Information_Page/FIRST_NAME' is visible

2020-10-13 10:54:30 - [MESSAGE][PASSED] - Object 'Object Repository/CERTPAY_QUICKSTI/Payment_Information_Page/FIRST_NAME' is present

2020-10-13 10:54:31 - [MESSAGE][PASSED] - Text 'Tester' is set on object 'Object Repository/CERTPAY_QUICKSTI/Payment_Information_Page/FIRST_NAME'

2020-10-13 10:54:31 - [MESSAGE][PASSED] - Quicksti.ts:Entered'Tester into FirstName

2020-10-13 10:54:31 - [MESSAGE][PASSED] - Object 'Object Repository/CERTPAY_QUICKSTI/Payment_Information_Page/LAST_NAME' is present

2020-10-13 10:54:32 - [MESSAGE][PASSED] - Object 'Object Repository/CERTPAY_QUICKSTI/Payment_Information_Page/LAST_NAME' is visible

2020-10-13 10:54:32 - [MESSAGE][PASSED] - Object 'Object Repository/CERTPAY_QUICKSTI/Payment_Information_Page/LAST_NAME' is present

2020-10-13 10:54:33 - [MESSAGE][PASSED] - Text 'Zenq1' is set on object 'Object Repository/CERTPAY_QUICKSTI/Payment_Information_Page/LAST_NAME'

2020-10-13 10:54:33 - [MESSAGE][PASSED] - Quicksti.ts:Entered'Zenq1 into LAstName

2020-10-13 10:54:33 - [MESSAGE][PASSED] - Object 'Object Repository/CERTPAY_QUICKSTI/Payment_Information_Page/CARD_NUMBER' is present

2020-10-13 10:54:34 - [MESSAGE][PASSED] - Object 'Object Repository/CERTPAY_QUICKSTI/Payment_Information_Page/CARD_NUMBER' is visible

2020-10-13 10:54:34 - [MESSAGE][PASSED] - Object 'Object Repository/CERTPAY_QUICKSTI/Payment_Information_Page/CARD_NUMBER' is present

2020-10-13 10:54:35 - [MESSAGE][PASSED] - Text '5154623208647646' is set on object 'Object Repository/CERTPAY_QUICKSTI/Payment_Information_Page/CARD_NUMBER'

2020-10-13 10:54:35 - [MESSAGE][PASSED] - Quicksti.ts:Entered'5154623208647646 into CardNum

2020-10-13 10:54:35 - [TEST_STEP][PASSED] - pages.Quicksti.setExpDate(expMonth, expYear, securityCode): Quicksti.ts:Entered'207 into securityCode

2020-10-13 10:54:36 - [MESSAGE][PASSED] - Object 'Object Repository/CERTPAY_QUICKSTI/Payment_Information_Page/EXP_MONTH' is visible

2020-10-13 10:54:36 - [MESSAGE][PASSED] - Object 'Object Repository/CERTPAY_QUICKSTI/Payment_Information_Page/EXP_MONTH' is present

2020-10-13 10:54:37 - [MESSAGE][PASSED] - Object: 'Object Repository/CERTPAY_QUICKSTI/Payment_Information_Page/EXP_MONTH' is clicked on

2020-10-13 10:54:39 - [MESSAGE][PASSED] - All options with label '04' are selected in object 'Object Repository/CERTPAY_QUICKSTI/Payment_Information_Page/EXP_MONTH'  using regular expression

2020-10-13 10:54:39 - [MESSAGE][PASSED] - selected dropdown option by visible text  04from expMonth

2020-10-13 10:54:39 - [MESSAGE][PASSED] - Object 'Object Repository/CERTPAY_QUICKSTI/Payment_Information_Page/EXP_YEAR' is visible

2020-10-13 10:54:39 - [MESSAGE][PASSED] - Object 'Object Repository/CERTPAY_QUICKSTI/Payment_Information_Page/EXP_YEAR' is present

2020-10-13 10:54:40 - [MESSAGE][PASSED] - Object: 'Object Repository/CERTPAY_QUICKSTI/Payment_Information_Page/EXP_YEAR' is clicked on

2020-10-13 10:54:42 - [MESSAGE][PASSED] - All options with label '2023' are selected in object 'Object Repository/CERTPAY_QUICKSTI/Payment_Information_Page/EXP_YEAR'  using regular expression

2020-10-13 10:54:42 - [MESSAGE][PASSED] - selected dropdown option by visible text  2023from  expYear

2020-10-13 10:54:42 - [MESSAGE][PASSED] - Object 'Object Repository/CERTPAY_QUICKSTI/Payment_Information_Page/SECURITY_CODE' is present

2020-10-13 10:54:43 - [MESSAGE][PASSED] - Object 'Object Repository/CERTPAY_QUICKSTI/Payment_Information_Page/SECURITY_CODE' is visible

2020-10-13 10:54:43 - [MESSAGE][PASSED] - Object 'Object Repository/CERTPAY_QUICKSTI/Payment_Information_Page/SECURITY_CODE' is present

2020-10-13 10:54:44 - [MESSAGE][PASSED] - Text '207' is set on object 'Object Repository/CERTPAY_QUICKSTI/Payment_Information_Page/SECURITY_CODE'

2020-10-13 10:54:44 - [MESSAGE][PASSED] - Quicksti.ts:Entered'207 into securityCode

2020-10-13 10:54:44 - [TEST_STEP][PASSED] - utilities.SafeActions.safeType(findTestObject("CERTPAY_QUICKSTI/Payment_Information_Page/ADDRESS"), address, "Address", [pageLoadTime]): Quicksti.ts:Entered'14-2 into Address

2020-10-13 10:54:45 - [MESSAGE][PASSED] - Object 'Object Repository/CERTPAY_QUICKSTI/Payment_Information_Page/ADDRESS' is present

2020-10-13 10:54:45 - [MESSAGE][PASSED] - Object 'Object Repository/CERTPAY_QUICKSTI/Payment_Information_Page/ADDRESS' is visible

2020-10-13 10:54:45 - [MESSAGE][PASSED] - Object 'Object Repository/CERTPAY_QUICKSTI/Payment_Information_Page/ADDRESS' is present

2020-10-13 10:54:46 - [MESSAGE][PASSED] - Text '14-2' is set on object 'Object Repository/CERTPAY_QUICKSTI/Payment_Information_Page/ADDRESS'

2020-10-13 10:54:46 - [MESSAGE][PASSED] - Quicksti.ts:Entered'14-2 into Address

2020-10-13 10:54:46 - [TEST_STEP][PASSED] - utilities.SafeActions.safeType(findTestObject("CERTPAY_QUICKSTI/Payment_Information_Page/ZIP_CODE"), zipCode, "zipcode", [pageLoadTime]): Quicksti.ts:Entered'76102 into zipcode

2020-10-13 10:54:47 - [MESSAGE][PASSED] - Object 'Object Repository/CERTPAY_QUICKSTI/Payment_Information_Page/ZIP_CODE' is present

2020-10-13 10:54:47 - [MESSAGE][PASSED] - Object 'Object Repository/CERTPAY_QUICKSTI/Payment_Information_Page/ZIP_CODE' is visible

2020-10-13 10:54:47 - [MESSAGE][PASSED] - Object 'Object Repository/CERTPAY_QUICKSTI/Payment_Information_Page/ZIP_CODE' is present

2020-10-13 10:54:48 - [MESSAGE][PASSED] - Text '76102' is set on object 'Object Repository/CERTPAY_QUICKSTI/Payment_Information_Page/ZIP_CODE'

2020-10-13 10:54:48 - [MESSAGE][PASSED] - Quicksti.ts:Entered'76102 into zipcode

2020-10-13 10:54:48 - [TEST_STEP][PASSED] - utilities.SafeActions.safeType(findTestObject("CERTPAY_QUICKSTI/Payment_Information_Page/TELEPHONE"), telephone, "Telephone", [pageLoadTime]): Quicksti.ts:Entered'9989897654 into Telephone

2020-10-13 10:54:49 - [MESSAGE][PASSED] - Object 'Object Repository/CERTPAY_QUICKSTI/Payment_Information_Page/TELEPHONE' is present

2020-10-13 10:54:49 - [MESSAGE][PASSED] - Object 'Object Repository/CERTPAY_QUICKSTI/Payment_Information_Page/TELEPHONE' is visible

2020-10-13 10:54:49 - [MESSAGE][PASSED] - Object 'Object Repository/CERTPAY_QUICKSTI/Payment_Information_Page/TELEPHONE' is present

2020-10-13 10:54:51 - [MESSAGE][PASSED] - Text '9989897654' is set on object 'Object Repository/CERTPAY_QUICKSTI/Payment_Information_Page/TELEPHONE'

2020-10-13 10:54:51 - [MESSAGE][PASSED] - Quicksti.ts:Entered'9989897654 into Telephone

2020-10-13 10:54:51 - [TEST_STEP][PASSED] - utilities.SafeActions.safeType(findTestObject("CERTPAY_QUICKSTI/Payment_Information_Page/EMAIL_ADDRESS"), emailAddress, "EMAIL address", [pageLoadTime]): Quicksti.ts:Entered'testing@zenq.com into EMAIL address

2020-10-13 10:54:51 - [MESSAGE][PASSED] - Object 'Object Repository/CERTPAY_QUICKSTI/Payment_Information_Page/EMAIL_ADDRESS' is present

2020-10-13 10:54:51 - [MESSAGE][PASSED] - Object 'Object Repository/CERTPAY_QUICKSTI/Payment_Information_Page/EMAIL_ADDRESS' is visible

2020-10-13 10:54:52 - [MESSAGE][PASSED] - Object 'Object Repository/CERTPAY_QUICKSTI/Payment_Information_Page/EMAIL_ADDRESS' is present

2020-10-13 10:54:53 - [MESSAGE][PASSED] - Text 'testing@zenq.com' is set on object 'Object Repository/CERTPAY_QUICKSTI/Payment_Information_Page/EMAIL_ADDRESS'

2020-10-13 10:54:53 - [MESSAGE][PASSED] - Quicksti.ts:Entered'testing@zenq.com into EMAIL address

2020-10-13 10:54:53 - [TEST_STEP][PASSED] - utilities.SafeActions.safeClick(findTestObject("CERTPAY_QUICKSTI/Payment_Information_Page/NEXT_BUTTON"), "Next", [pageLoadTime]): Quicksti.ts:Clicked on the Next

2020-10-13 10:54:53 - [MESSAGE][INFO] - safeClicking

2020-10-13 10:54:53 - [MESSAGE][PASSED] - Object 'Object Repository/CERTPAY_QUICKSTI/Payment_Information_Page/NEXT_BUTTON' is present

2020-10-13 10:54:54 - [MESSAGE][PASSED] - Object 'Object Repository/CERTPAY_QUICKSTI/Payment_Information_Page/NEXT_BUTTON' is clickable

2020-10-13 10:54:57 - [MESSAGE][PASSED] - Object: 'Object Repository/CERTPAY_QUICKSTI/Payment_Information_Page/NEXT_BUTTON' is clicked on

2020-10-13 10:54:57 - [MESSAGE][PASSED] - Quicksti.ts:Clicked on the Next

2020-10-13 10:54:57 - [TEST_STEP][PASSED] - pages.Quicksti.verifyUserPaymentDetails(amountList.get(0), firstName, lastName, CardNumber): pages.Quicksti.verifyUserPaymentDetails is PASSED

2020-10-13 10:54:58 - [MESSAGE][PASSED] - Text of object 'Object Repository/CERTPAY_QUICKSTI/Payment_Details_Verification_Page/AMOUNT' is: '$35.00'

2020-10-13 10:54:58 - [MESSAGE][PASSED] - Actual text '35.00' and expected text '35.00' are matched  using regular expression

2020-10-13 10:54:58 - [MESSAGE][PASSED] - Text of object 'Object Repository/CERTPAY_QUICKSTI/Payment_Details_Verification_Page/NAME' is: 'Tester Zenq1'

2020-10-13 10:54:58 - [MESSAGE][PASSED] - Actual text 'Tester Zenq1' and expected text 'Tester Zenq1' are matched  using regular expression

2020-10-13 10:54:58 - [MESSAGE][PASSED] - Text of object 'Object Repository/CERTPAY_QUICKSTI/Payment_Details_Verification_Page/CARD_NUMBER' is: '...7646'

2020-10-13 10:54:58 - [MESSAGE][PASSED] - Actual text '7646' and expected text '7646' are matched  using regular expression

2020-10-13 10:54:58 - [MESSAGE][PASSED] - pages.Quicksti.verifyUserPaymentDetails is PASSED

2020-10-13 10:54:58 - [TEST_STEP][PASSED] - delay(2): Delayed 2 second(s)

2020-10-13 10:55:00 - [MESSAGE][PASSED] - Delayed 2 second(s)

2020-10-13 10:55:00 - [TEST_STEP][PASSED] - scrollToElement(findTestObject("CERTPAY_QUICKSTI/Payment_Details_Verification_Page/PROCESS"), 0): Scroll to object 'Object Repository/CERTPAY_QUICKSTI/Payment_Details_Verification_Page/PROCESS' successfully

2020-10-13 10:55:01 - [MESSAGE][WARNING] - Timeout '0' is invalid. Using default page load timeout: '30'

2020-10-13 10:55:01 - [MESSAGE][PASSED] - Scroll to object 'Object Repository/CERTPAY_QUICKSTI/Payment_Details_Verification_Page/PROCESS' successfully

2020-10-13 10:55:01 - [TEST_STEP][PASSED] - utilities.SafeActions.safeClick(findTestObject("CERTPAY_QUICKSTI/Payment_Details_Verification_Page/PROCESS"), "Process", [pageLoadTime]): Quicksti.ts:Clicked on the Process

2020-10-13 10:55:01 - [MESSAGE][INFO] - safeClicking

2020-10-13 10:55:01 - [MESSAGE][PASSED] - Object 'Object Repository/CERTPAY_QUICKSTI/Payment_Details_Verification_Page/PROCESS' is present

2020-10-13 10:55:01 - [MESSAGE][PASSED] - Object 'Object Repository/CERTPAY_QUICKSTI/Payment_Details_Verification_Page/PROCESS' is clickable

2020-10-13 10:55:07 - [MESSAGE][PASSED] - Object: 'Object Repository/CERTPAY_QUICKSTI/Payment_Details_Verification_Page/PROCESS' is clicked on

2020-10-13 10:55:07 - [MESSAGE][PASSED] - Quicksti.ts:Clicked on the Process

2020-10-13 10:55:07 - [TEST_STEP][PASSED] - PaymentID = pages.Quicksti.verifyPaymentApproval(findTestObject("CERTPAY_QUICKSTI/Payment_Details_Verification_Page/APPROVED")): Payment is approved

2020-10-13 10:55:08 - [MESSAGE][PASSED] - Text of object 'Object Repository/CERTPAY_QUICKSTI/Payment_Details_Verification_Page/PAYMENT_ID' is: '100176127291'

2020-10-13 10:55:08 - [MESSAGE][PASSED] - Object 'Object Repository/CERTPAY_QUICKSTI/Payment_Details_Verification_Page/APPROVED' is present

2020-10-13 10:55:08 - [MESSAGE][PASSED] - Payment is approved

2020-10-13 10:55:10 - [TEST_STEP][PASSED] - navigateToUrl(Admin_url): Navigate to 'https://qa-certpayadmin.faps.net' successfully

2020-10-13 10:55:14 - [MESSAGE][PASSED] - Navigate to 'https://qa-certpayadmin.faps.net' successfully

2020-10-13 10:55:14 - [TEST_STEP][PASSED] - pages.Bureau_Login_Page.loginToAdminSite(AdminUsername, AdminPassword): Quicksti.ts:Clicked on the LOGIN

2020-10-13 10:55:15 - [MESSAGE][PASSED] - Object 'Object Repository/CERTPAY_ADMIN/USER_NAME' is present

2020-10-13 10:55:15 - [MESSAGE][PASSED] - Object 'Object Repository/CERTPAY_ADMIN/USER_NAME' is visible

2020-10-13 10:55:15 - [MESSAGE][PASSED] - Object 'Object Repository/CERTPAY_ADMIN/USER_NAME' is present

2020-10-13 10:55:16 - [MESSAGE][PASSED] - Text 'VVangiliappan' is set on object 'Object Repository/CERTPAY_ADMIN/USER_NAME'

2020-10-13 10:55:16 - [MESSAGE][PASSED] - Quicksti.ts:Entered'VVangiliappan into username

2020-10-13 10:55:17 - [MESSAGE][PASSED] - Object 'Object Repository/CERTPAY_ADMIN/PASSWORD' is present

2020-10-13 10:55:17 - [MESSAGE][PASSED] - Object 'Object Repository/CERTPAY_ADMIN/PASSWORD' is visible

2020-10-13 10:55:17 - [MESSAGE][PASSED] - Object 'Object Repository/CERTPAY_ADMIN/PASSWORD' is present

2020-10-13 10:55:19 - [MESSAGE][PASSED] - Text 'Test@123' is set on object 'Object Repository/CERTPAY_ADMIN/PASSWORD'

2020-10-13 10:55:19 - [MESSAGE][PASSED] - Quicksti.ts:Entered'Test@123 into password

2020-10-13 10:55:19 - [MESSAGE][INFO] - safeClicking

2020-10-13 10:55:19 - [MESSAGE][PASSED] - Object 'Object Repository/CERTPAY_ADMIN/LOGIN_BUTTON' is present

2020-10-13 10:55:19 - [MESSAGE][PASSED] - Object 'Object Repository/CERTPAY_ADMIN/LOGIN_BUTTON' is clickable

2020-10-13 10:55:27 - [MESSAGE][PASSED] - Object: 'Object Repository/CERTPAY_ADMIN/LOGIN_BUTTON' is clicked on

2020-10-13 10:55:27 - [MESSAGE][PASSED] - Quicksti.ts:Clicked on the LOGIN

2020-10-13 10:55:27 - [TEST_STEP][PASSED] - utilities.SafeActions.safeClick(findTestObject("CERTPAY_ADMIN/TRANSACTION_MENU"), "TransactionMenu", [pageLoadTime]): Quicksti.ts:Clicked on the TransactionMenu

2020-10-13 10:55:28 - [MESSAGE][INFO] - safeClicking

2020-10-13 10:55:28 - [MESSAGE][PASSED] - Object 'Object Repository/CERTPAY_ADMIN/TRANSACTION_MENU' is present

2020-10-13 10:55:28 - [MESSAGE][PASSED] - Object 'Object Repository/CERTPAY_ADMIN/TRANSACTION_MENU' is clickable

2020-10-13 10:55:29 - [MESSAGE][PASSED] - Object: 'Object Repository/CERTPAY_ADMIN/TRANSACTION_MENU' is clicked on

2020-10-13 10:55:29 - [MESSAGE][PASSED] - Quicksti.ts:Clicked on the TransactionMenu

2020-10-13 10:55:29 - [TEST_STEP][PASSED] - utilities.SafeActions.safeClick(findTestObject("CERTPAY_ADMIN/TRANSACTION_SEARCH"), "TransactionSearch", [pageLoadTime]): Quicksti.ts:Clicked on the TransactionSearch

2020-10-13 10:55:29 - [MESSAGE][INFO] - safeClicking

2020-10-13 10:55:30 - [MESSAGE][PASSED] - Object 'Object Repository/CERTPAY_ADMIN/TRANSACTION_SEARCH' is present

2020-10-13 10:55:30 - [MESSAGE][PASSED] - Object 'Object Repository/CERTPAY_ADMIN/TRANSACTION_SEARCH' is clickable

2020-10-13 10:55:34 - [MESSAGE][PASSED] - Object: 'Object Repository/CERTPAY_ADMIN/TRANSACTION_SEARCH' is clicked on

2020-10-13 10:55:34 - [MESSAGE][PASSED] - Quicksti.ts:Clicked on the TransactionSearch

2020-10-13 10:55:34 - [TEST_STEP][PASSED] - delay(2): Delayed 2 second(s)

2020-10-13 10:55:36 - [MESSAGE][PASSED] - Delayed 2 second(s)

2020-10-13 10:55:36 - [TEST_STEP][PASSED] - utilities.SafeActions.safeType(findTestObject("CERTPAY_ADMIN/PAYMENT_ID"), PaymentID, "Payment id", [pageLoadTime]): Quicksti.ts:Entered'100176127291 into Payment id

2020-10-13 10:55:36 - [MESSAGE][PASSED] - Object 'Object Repository/CERTPAY_ADMIN/PAYMENT_ID' is present

2020-10-13 10:55:36 - [MESSAGE][PASSED] - Object 'Object Repository/CERTPAY_ADMIN/PAYMENT_ID' is visible

2020-10-13 10:55:37 - [MESSAGE][PASSED] - Object 'Object Repository/CERTPAY_ADMIN/PAYMENT_ID' is present

2020-10-13 10:55:38 - [MESSAGE][PASSED] - Text '100176127291' is set on object 'Object Repository/CERTPAY_ADMIN/PAYMENT_ID'

2020-10-13 10:55:38 - [MESSAGE][PASSED] - Quicksti.ts:Entered'100176127291 into Payment id

2020-10-13 10:55:38 - [TEST_STEP][PASSED] - utilities.SafeActions.safeClick(findTestObject("CERTPAY_ADMIN/GO_BUTTON"), "Go button", [pageLoadTime]): Quicksti.ts:Clicked on the Go button

2020-10-13 10:55:38 - [MESSAGE][INFO] - safeClicking

2020-10-13 10:55:38 - [MESSAGE][PASSED] - Object 'Object Repository/CERTPAY_ADMIN/GO_BUTTON' is present

2020-10-13 10:55:39 - [MESSAGE][PASSED] - Object 'Object Repository/CERTPAY_ADMIN/GO_BUTTON' is clickable

2020-10-13 10:55:42 - [MESSAGE][PASSED] - Object: 'Object Repository/CERTPAY_ADMIN/GO_BUTTON' is clicked on

2020-10-13 10:55:42 - [MESSAGE][PASSED] - Quicksti.ts:Clicked on the Go button

2020-10-13 10:55:42 - [TEST_STEP][PASSED] - delay(5): Delayed 5 second(s)

2020-10-13 10:55:47 - [MESSAGE][PASSED] - Delayed 5 second(s)

2020-10-13 10:55:47 - [TEST_STEP][PASSED] - scrollToPosition(800, 900): Browser is scrolled to position x = 800, y = 900

2020-10-13 10:55:47 - [MESSAGE][PASSED] - Browser is scrolled to position x = 800, y = 900

2020-10-13 10:55:47 - [TEST_STEP][PASSED] - paymentIdList.add(PaymentID): null

2020-10-13 10:55:47 - [TEST_STEP][PASSED] - println(paymentIdList): null

2020-10-13 10:55:47 - [TEST_STEP][PASSED] - firstName = data.getValue("FirstName", index): null

2020-10-13 10:55:47 - [TEST_STEP][PASSED] - lastName = data.getValue("LastName", index): null

2020-10-13 10:55:47 - [TEST_STEP][PASSED] - cardNum = data.getValue("CardNumber", index): null

2020-10-13 10:55:47 - [TEST_STEP][PASSED] - expMonth = data.getValue("ExpMonth", index): null

2020-10-13 10:55:47 - [TEST_STEP][PASSED] - expYear = data.getValue("ExpYear", index): null

2020-10-13 10:55:47 - [TEST_STEP][PASSED] - securityCode = data.getValue("SecurityCode", index): null

2020-10-13 10:55:47 - [TEST_STEP][PASSED] - paymentAmount = data.getValue("PaymentAmount", index): null

2020-10-13 10:55:47 - [TEST_STEP][PASSED] - paymentType = data.getValue("PaymentType", index): null

2020-10-13 10:55:47 - [TEST_STEP][PASSED] - quantity = data.getValue("Quantity", index): null

2020-10-13 10:55:47 - [TEST_STEP][PASSED] - comments = data.getValue("Comments", index): null

2020-10-13 10:55:47 - [TEST_STEP][PASSED] - referenceNum = data.getValue("ReferenceNum", index): null

2020-10-13 10:55:47 - [TEST_STEP][PASSED] - address = data.getValue("Address", index): null

2020-10-13 10:55:47 - [TEST_STEP][PASSED] - zipCode = data.getValue("Zipcode", index): null

2020-10-13 10:55:47 - [TEST_STEP][PASSED] - telephone = data.getValue("Telephone", index): null

2020-10-13 10:55:47 - [TEST_STEP][PASSED] - emailAddress = data.getValue("EmailAddress", index): null

2020-10-13 10:55:47 - [TEST_STEP][PASSED] - cardType = data.getValue("CardType", index): null

2020-10-13 10:55:47 - [TEST_STEP][PASSED] - amountList = paymentAmount.split(","): null

2020-10-13 10:55:47 - [TEST_STEP][PASSED] - referenceList = referenceNum.split(","): null

2020-10-13 10:55:47 - [TEST_STEP][PASSED] - paymentTypeList = paymentType.split(","): null

2020-10-13 10:55:47 - [TEST_STEP][PASSED] - commentsList = comments.split(","): null

2020-10-13 10:55:47 - [TEST_STEP][PASSED] - quantityList = quantity.split(","): null

2020-10-13 10:55:47 - [TEST_STEP][PASSED] - utilities.SafeActions.openBrowser(Quicksti_Url, [pageLoadTime]): Browser launched successfully

2020-10-13 10:55:47 - [MESSAGE][INFO] - Opening Browser

2020-10-13 10:55:47 - [MESSAGE][WARNING] - A browser is already opened. Closing browser and opening a new one

2020-10-13 10:55:49 - [MESSAGE][INFO] - Starting 'Chrome' driver

2020-10-13 10:56:03 - [MESSAGE][PASSED] - Browser is opened with url: 'https://qa-certpayquicksti.faps.net/'

2020-10-13 10:56:05 - [MESSAGE][PASSED] - Current window maximized

2020-10-13 10:56:05 - [MESSAGE][PASSED] - Browser launched successfully

2020-10-13 10:56:05 - [TEST_STEP][PASSED] - utilities.SafeActions.safeCheck(findTestObject("CERTPAY_QUICKSTI/Login_ Page/MULTI_BUREAU_CHECKBOX"), "Multi Bureau", [pageLoadTime]): Quicksti.ts:Checkbox 'Multi Bureau'is selected

2020-10-13 10:56:05 - [MESSAGE][PASSED] - Object 'Object Repository/CERTPAY_QUICKSTI/Login_ Page/MULTI_BUREAU_CHECKBOX' is present

2020-10-13 10:56:06 - [MESSAGE][PASSED] - Object 'Object Repository/CERTPAY_QUICKSTI/Login_ Page/MULTI_BUREAU_CHECKBOX' is present

2020-10-13 10:56:07 - [MESSAGE][PASSED] - Object: 'Object Repository/CERTPAY_QUICKSTI/Login_ Page/MULTI_BUREAU_CHECKBOX' is clicked on

2020-10-13 10:56:07 - [MESSAGE][PASSED] - Quicksti.ts:Checkbox 'Multi Bureau'is selected

2020-10-13 10:56:07 - [TEST_STEP][PASSED] - utilities.SafeActions.safeType(findTestObject("CERTPAY_QUICKSTI/Login_ Page/TELLER_ID"), teller_id, "Bureau code", [pageLoadTime]): Quicksti.ts:Entered'zenq into Bureau code

2020-10-13 10:56:09 - [MESSAGE][PASSED] - Object 'Object Repository/CERTPAY_QUICKSTI/Login_ Page/TELLER_ID' is present

2020-10-13 10:56:09 - [MESSAGE][PASSED] - Object 'Object Repository/CERTPAY_QUICKSTI/Login_ Page/TELLER_ID' is visible

2020-10-13 10:56:09 - [MESSAGE][PASSED] - Object 'Object Repository/CERTPAY_QUICKSTI/Login_ Page/TELLER_ID' is present

2020-10-13 10:56:11 - [MESSAGE][PASSED] - Text 'zenq' is set on object 'Object Repository/CERTPAY_QUICKSTI/Login_ Page/TELLER_ID'

2020-10-13 10:56:11 - [MESSAGE][PASSED] - Quicksti.ts:Entered'zenq into Bureau code

2020-10-13 10:56:11 - [TEST_STEP][PASSED] - utilities.SafeActions.safeClick(findTestObject("CERTPAY_QUICKSTI/Login_ Page/NEXT_BUTTON"), "Next button", [pageLoadTime]): Quicksti.ts:Clicked on the Next button

2020-10-13 10:56:11 - [MESSAGE][INFO] - safeClicking

2020-10-13 10:56:11 - [MESSAGE][PASSED] - Object 'Object Repository/CERTPAY_QUICKSTI/Login_ Page/NEXT_BUTTON' is present

2020-10-13 10:56:11 - [MESSAGE][PASSED] - Object 'Object Repository/CERTPAY_QUICKSTI/Login_ Page/NEXT_BUTTON' is clickable

2020-10-13 10:56:16 - [MESSAGE][PASSED] - Object: 'Object Repository/CERTPAY_QUICKSTI/Login_ Page/NEXT_BUTTON' is clicked on

2020-10-13 10:56:16 - [MESSAGE][PASSED] - Quicksti.ts:Clicked on the Next button

2020-10-13 10:56:16 - [TEST_STEP][PASSED] - for ([i = 0, i <= amountList.size() - 1, (i++)]): Quicksti.ts:Entered'2 into Quntity

2020-10-13 10:56:16 - [TEST_STEP][PASSED] - s = Integer.toString(i): null

2020-10-13 10:56:16 - [TEST_STEP][PASSED] - pages.Quicksti.setCommnets("0", s, commentsList.get(i)): Quicksti.ts:Entered'Testing into Comments

2020-10-13 10:56:17 - [MESSAGE][PASSED] - Object '' is present

2020-10-13 10:56:17 - [MESSAGE][PASSED] - Object '' is visible

2020-10-13 10:56:17 - [MESSAGE][PASSED] - Object '' is present

2020-10-13 10:56:18 - [MESSAGE][PASSED] - Text 'Testing' is set on object ''

2020-10-13 10:56:18 - [MESSAGE][PASSED] - Quicksti.ts:Entered'Testing into Comments

2020-10-13 10:56:18 - [TEST_STEP][PASSED] - utilities.SafeActions.safeType(findTestObject("CERTPAY_QUICKSTI/Payment_Information_Page/PAYMENT_AMOUNT"), amountList.get(i), "Payment Amount", [pageLoadTime]): Quicksti.ts:Entered'35.00 into Payment Amount

2020-10-13 10:56:19 - [MESSAGE][PASSED] - Object 'Object Repository/CERTPAY_QUICKSTI/Payment_Information_Page/PAYMENT_AMOUNT' is present

2020-10-13 10:56:19 - [MESSAGE][PASSED] - Object 'Object Repository/CERTPAY_QUICKSTI/Payment_Information_Page/PAYMENT_AMOUNT' is visible

2020-10-13 10:56:19 - [MESSAGE][PASSED] - Object 'Object Repository/CERTPAY_QUICKSTI/Payment_Information_Page/PAYMENT_AMOUNT' is present

2020-10-13 10:56:21 - [MESSAGE][PASSED] - Text '35.00' is set on object 'Object Repository/CERTPAY_QUICKSTI/Payment_Information_Page/PAYMENT_AMOUNT'

2020-10-13 10:56:21 - [MESSAGE][PASSED] - Quicksti.ts:Entered'35.00 into Payment Amount

2020-10-13 10:56:21 - [TEST_STEP][PASSED] - pages.Quicksti.setAmountDetailsForMultiBureau(s, paymentTypeList.get(i), "0", referenceList.get(i), quantityList.get(i)): Quicksti.ts:Entered'1 into Quntity

2020-10-13 10:56:21 - [MESSAGE][PASSED] - Object '' is visible

2020-10-13 10:56:22 - [MESSAGE][PASSED] - Object '' is present

2020-10-13 10:56:23 - [MESSAGE][PASSED] - Object: '' is clicked on

2020-10-13 10:56:24 - [MESSAGE][PASSED] - All options with label 'Licenses' are selected in object ''  using regular expression

2020-10-13 10:56:24 - [MESSAGE][PASSED] - selected dropdown option by visible text  Licensesfrom Payment Type

2020-10-13 10:56:25 - [MESSAGE][PASSED] - Object '' is present

2020-10-13 10:56:25 - [MESSAGE][PASSED] - Object '' is visible

2020-10-13 10:56:25 - [MESSAGE][PASSED] - Object '' is present

2020-10-13 10:56:26 - [MESSAGE][PASSED] - Text '11' is set on object ''

2020-10-13 10:56:26 - [MESSAGE][PASSED] - Quicksti.ts:Entered'11 into RefrenceNumber

2020-10-13 10:56:27 - [MESSAGE][PASSED] - Object '' is present

2020-10-13 10:56:27 - [MESSAGE][PASSED] - Object '' is visible

2020-10-13 10:56:27 - [MESSAGE][PASSED] - Object '' is present

2020-10-13 10:56:29 - [MESSAGE][PASSED] - Text '1' is set on object ''

2020-10-13 10:56:29 - [MESSAGE][PASSED] - Quicksti.ts:Entered'1 into Quntity

2020-10-13 10:56:29 - [TEST_STEP][PASSED] - s = Integer.toString(i): null

2020-10-13 10:56:29 - [TEST_STEP][PASSED] - pages.Quicksti.setCommnets("0", s, commentsList.get(i)): Quicksti.ts:Entered'Tester into Comments

2020-10-13 10:56:29 - [MESSAGE][PASSED] - Object '' is present

2020-10-13 10:56:29 - [MESSAGE][PASSED] - Object '' is visible

2020-10-13 10:56:30 - [MESSAGE][PASSED] - Object '' is present

2020-10-13 10:56:31 - [MESSAGE][PASSED] - Text 'Tester' is set on object ''

2020-10-13 10:56:31 - [MESSAGE][PASSED] - Quicksti.ts:Entered'Tester into Comments

2020-10-13 10:56:31 - [TEST_STEP][PASSED] - utilities.SafeActions.safeType(findTestObject("CERTPAY_QUICKSTI/Payment_Information_Page/PAYMENT_AMOUNT"), amountList.get(i), "Payment Amount", [pageLoadTime]): Quicksti.ts:Entered'40.00 into Payment Amount

2020-10-13 10:56:31 - [MESSAGE][PASSED] - Object 'Object Repository/CERTPAY_QUICKSTI/Payment_Information_Page/PAYMENT_AMOUNT' is present

2020-10-13 10:56:32 - [MESSAGE][PASSED] - Object 'Object Repository/CERTPAY_QUICKSTI/Payment_Information_Page/PAYMENT_AMOUNT' is visible

2020-10-13 10:56:32 - [MESSAGE][PASSED] - Object 'Object Repository/CERTPAY_QUICKSTI/Payment_Information_Page/PAYMENT_AMOUNT' is present

2020-10-13 10:56:33 - [MESSAGE][PASSED] - Text '40.00' is set on object 'Object Repository/CERTPAY_QUICKSTI/Payment_Information_Page/PAYMENT_AMOUNT'

2020-10-13 10:56:33 - [MESSAGE][PASSED] - Quicksti.ts:Entered'40.00 into Payment Amount

2020-10-13 10:56:33 - [TEST_STEP][PASSED] - pages.Quicksti.setAmountDetailsForMultiBureau(s, paymentTypeList.get(i), "0", referenceList.get(i), quantityList.get(i)): Quicksti.ts:Entered'2 into Quntity

2020-10-13 10:56:34 - [MESSAGE][PASSED] - Object '' is visible

2020-10-13 10:56:34 - [MESSAGE][PASSED] - Object '' is present

2020-10-13 10:56:35 - [MESSAGE][PASSED] - Object: '' is clicked on

2020-10-13 10:56:37 - [MESSAGE][PASSED] - All options with label 'Taxes' are selected in object ''  using regular expression

2020-10-13 10:56:37 - [MESSAGE][PASSED] - selected dropdown option by visible text  Taxesfrom Payment Type

2020-10-13 10:56:37 - [MESSAGE][PASSED] - Object '' is present

2020-10-13 10:56:37 - [MESSAGE][PASSED] - Object '' is visible

2020-10-13 10:56:37 - [MESSAGE][PASSED] - Object '' is present

2020-10-13 10:56:39 - [MESSAGE][PASSED] - Text '12' is set on object ''

2020-10-13 10:56:39 - [MESSAGE][PASSED] - Quicksti.ts:Entered'12 into RefrenceNumber

2020-10-13 10:56:39 - [MESSAGE][PASSED] - Object '' is present

2020-10-13 10:56:39 - [MESSAGE][PASSED] - Object '' is visible

2020-10-13 10:56:40 - [MESSAGE][PASSED] - Object '' is present

2020-10-13 10:56:41 - [MESSAGE][PASSED] - Text '2' is set on object ''

2020-10-13 10:56:41 - [MESSAGE][PASSED] - Quicksti.ts:Entered'2 into Quntity

2020-10-13 10:56:41 - [TEST_STEP][PASSED] - amount_Value = pages.Quicksti.getAttributeValue(findTestObject("CERTPAY_QUICKSTI/Payment_Information_Page/SUB_TOTAL")): pages.Quicksti.getAttributeValue is PASSED

2020-10-13 10:56:41 - [MESSAGE][PASSED] - Attribute 'value' of object 'Object Repository/CERTPAY_QUICKSTI/Payment_Information_Page/SUB_TOTAL' is: '35.00'

2020-10-13 10:56:41 - [MESSAGE][PASSED] - pages.Quicksti.getAttributeValue is PASSED

2020-10-13 10:56:41 - [TEST_STEP][PASSED] - utilities.SafeActions.safeClick(findTestObject("CERTPAY_QUICKSTI/Payment_Information_Page/MANUAL_ENTRY_BUTTON"), "ManualEntry", [pageLoadTime]): Quicksti.ts:Clicked on the ManualEntry

2020-10-13 10:56:41 - [MESSAGE][INFO] - safeClicking

2020-10-13 10:56:42 - [MESSAGE][PASSED] - Object 'Object Repository/CERTPAY_QUICKSTI/Payment_Information_Page/MANUAL_ENTRY_BUTTON' is present

2020-10-13 10:56:42 - [MESSAGE][PASSED] - Object 'Object Repository/CERTPAY_QUICKSTI/Payment_Information_Page/MANUAL_ENTRY_BUTTON' is clickable

2020-10-13 10:56:46 - [MESSAGE][PASSED] - Object: 'Object Repository/CERTPAY_QUICKSTI/Payment_Information_Page/MANUAL_ENTRY_BUTTON' is clicked on

2020-10-13 10:56:46 - [MESSAGE][PASSED] - Quicksti.ts:Clicked on the ManualEntry

2020-10-13 10:56:46 - [TEST_STEP][PASSED] - CardNumber = pages.Quicksti.setUserPaymentDetails(firstName, lastName, cardNum): Quicksti.ts:Entered'8171999900000018 into CardNum

2020-10-13 10:56:46 - [MESSAGE][PASSED] - Object 'Object Repository/CERTPAY_QUICKSTI/Payment_Information_Page/FIRST_NAME' is present

2020-10-13 10:56:47 - [MESSAGE][PASSED] - Object 'Object Repository/CERTPAY_QUICKSTI/Payment_Information_Page/FIRST_NAME' is visible

2020-10-13 10:56:47 - [MESSAGE][PASSED] - Object 'Object Repository/CERTPAY_QUICKSTI/Payment_Information_Page/FIRST_NAME' is present

2020-10-13 10:56:48 - [MESSAGE][PASSED] - Text 'Tester' is set on object 'Object Repository/CERTPAY_QUICKSTI/Payment_Information_Page/FIRST_NAME'

2020-10-13 10:56:48 - [MESSAGE][PASSED] - Quicksti.ts:Entered'Tester into FirstName

2020-10-13 10:56:49 - [MESSAGE][PASSED] - Object 'Object Repository/CERTPAY_QUICKSTI/Payment_Information_Page/LAST_NAME' is present

2020-10-13 10:56:49 - [MESSAGE][PASSED] - Object 'Object Repository/CERTPAY_QUICKSTI/Payment_Information_Page/LAST_NAME' is visible

2020-10-13 10:56:49 - [MESSAGE][PASSED] - Object 'Object Repository/CERTPAY_QUICKSTI/Payment_Information_Page/LAST_NAME' is present

2020-10-13 10:56:51 - [MESSAGE][PASSED] - Text 'Zenq1' is set on object 'Object Repository/CERTPAY_QUICKSTI/Payment_Information_Page/LAST_NAME'

2020-10-13 10:56:51 - [MESSAGE][PASSED] - Quicksti.ts:Entered'Zenq1 into LAstName

2020-10-13 10:56:51 - [MESSAGE][PASSED] - Object 'Object Repository/CERTPAY_QUICKSTI/Payment_Information_Page/CARD_NUMBER' is present

2020-10-13 10:56:51 - [MESSAGE][PASSED] - Object 'Object Repository/CERTPAY_QUICKSTI/Payment_Information_Page/CARD_NUMBER' is visible

2020-10-13 10:56:52 - [MESSAGE][PASSED] - Object 'Object Repository/CERTPAY_QUICKSTI/Payment_Information_Page/CARD_NUMBER' is present

2020-10-13 10:56:53 - [MESSAGE][PASSED] - Text '8171999900000018' is set on object 'Object Repository/CERTPAY_QUICKSTI/Payment_Information_Page/CARD_NUMBER'

2020-10-13 10:56:53 - [MESSAGE][PASSED] - Quicksti.ts:Entered'8171999900000018 into CardNum

2020-10-13 10:56:53 - [TEST_STEP][PASSED] - pages.Quicksti.setExpDate(expMonth, expYear, securityCode): Quicksti.ts:Entered'111 into securityCode

2020-10-13 10:56:53 - [MESSAGE][PASSED] - Object 'Object Repository/CERTPAY_QUICKSTI/Payment_Information_Page/EXP_MONTH' is visible

2020-10-13 10:56:54 - [MESSAGE][PASSED] - Object 'Object Repository/CERTPAY_QUICKSTI/Payment_Information_Page/EXP_MONTH' is present

2020-10-13 10:56:55 - [MESSAGE][PASSED] - Object: 'Object Repository/CERTPAY_QUICKSTI/Payment_Information_Page/EXP_MONTH' is clicked on

2020-10-13 10:56:56 - [MESSAGE][PASSED] - All options with label '04' are selected in object 'Object Repository/CERTPAY_QUICKSTI/Payment_Information_Page/EXP_MONTH'  using regular expression

2020-10-13 10:56:56 - [MESSAGE][PASSED] - selected dropdown option by visible text  04from expMonth

2020-10-13 10:56:57 - [MESSAGE][PASSED] - Object 'Object Repository/CERTPAY_QUICKSTI/Payment_Information_Page/EXP_YEAR' is visible

2020-10-13 10:56:57 - [MESSAGE][PASSED] - Object 'Object Repository/CERTPAY_QUICKSTI/Payment_Information_Page/EXP_YEAR' is present

2020-10-13 10:56:58 - [MESSAGE][PASSED] - Object: 'Object Repository/CERTPAY_QUICKSTI/Payment_Information_Page/EXP_YEAR' is clicked on

2020-10-13 10:57:00 - [MESSAGE][PASSED] - All options with label '2027' are selected in object 'Object Repository/CERTPAY_QUICKSTI/Payment_Information_Page/EXP_YEAR'  using regular expression

2020-10-13 10:57:00 - [MESSAGE][PASSED] - selected dropdown option by visible text  2027from  expYear

2020-10-13 10:57:00 - [MESSAGE][PASSED] - Object 'Object Repository/CERTPAY_QUICKSTI/Payment_Information_Page/SECURITY_CODE' is present

2020-10-13 10:57:00 - [MESSAGE][PASSED] - Object 'Object Repository/CERTPAY_QUICKSTI/Payment_Information_Page/SECURITY_CODE' is visible

2020-10-13 10:57:01 - [MESSAGE][PASSED] - Object 'Object Repository/CERTPAY_QUICKSTI/Payment_Information_Page/SECURITY_CODE' is present

2020-10-13 10:57:02 - [MESSAGE][PASSED] - Text '111' is set on object 'Object Repository/CERTPAY_QUICKSTI/Payment_Information_Page/SECURITY_CODE'

2020-10-13 10:57:02 - [MESSAGE][PASSED] - Quicksti.ts:Entered'111 into securityCode

2020-10-13 10:57:02 - [TEST_STEP][PASSED] - utilities.SafeActions.safeType(findTestObject("CERTPAY_QUICKSTI/Payment_Information_Page/ADDRESS"), address, "Address", [pageLoadTime]): Quicksti.ts:Entered'14-2 into Address

2020-10-13 10:57:02 - [MESSAGE][PASSED] - Object 'Object Repository/CERTPAY_QUICKSTI/Payment_Information_Page/ADDRESS' is present

2020-10-13 10:57:03 - [MESSAGE][PASSED] - Object 'Object Repository/CERTPAY_QUICKSTI/Payment_Information_Page/ADDRESS' is visible

2020-10-13 10:57:03 - [MESSAGE][PASSED] - Object 'Object Repository/CERTPAY_QUICKSTI/Payment_Information_Page/ADDRESS' is present

2020-10-13 10:57:04 - [MESSAGE][PASSED] - Text '14-2' is set on object 'Object Repository/CERTPAY_QUICKSTI/Payment_Information_Page/ADDRESS'

2020-10-13 10:57:04 - [MESSAGE][PASSED] - Quicksti.ts:Entered'14-2 into Address

2020-10-13 10:57:04 - [TEST_STEP][PASSED] - utilities.SafeActions.safeType(findTestObject("CERTPAY_QUICKSTI/Payment_Information_Page/ZIP_CODE"), zipCode, "zipcode", [pageLoadTime]): Quicksti.ts:Entered'76102 into zipcode

2020-10-13 10:57:04 - [MESSAGE][PASSED] - Object 'Object Repository/CERTPAY_QUICKSTI/Payment_Information_Page/ZIP_CODE' is present

2020-10-13 10:57:05 - [MESSAGE][PASSED] - Object 'Object Repository/CERTPAY_QUICKSTI/Payment_Information_Page/ZIP_CODE' is visible

2020-10-13 10:57:05 - [MESSAGE][PASSED] - Object 'Object Repository/CERTPAY_QUICKSTI/Payment_Information_Page/ZIP_CODE' is present

2020-10-13 10:57:06 - [MESSAGE][PASSED] - Text '76102' is set on object 'Object Repository/CERTPAY_QUICKSTI/Payment_Information_Page/ZIP_CODE'

2020-10-13 10:57:06 - [MESSAGE][PASSED] - Quicksti.ts:Entered'76102 into zipcode

2020-10-13 10:57:06 - [TEST_STEP][PASSED] - utilities.SafeActions.safeType(findTestObject("CERTPAY_QUICKSTI/Payment_Information_Page/TELEPHONE"), telephone, "Telephone", [pageLoadTime]): Quicksti.ts:Entered'9989897654 into Telephone

2020-10-13 10:57:07 - [MESSAGE][PASSED] - Object 'Object Repository/CERTPAY_QUICKSTI/Payment_Information_Page/TELEPHONE' is present

2020-10-13 10:57:07 - [MESSAGE][PASSED] - Object 'Object Repository/CERTPAY_QUICKSTI/Payment_Information_Page/TELEPHONE' is visible

2020-10-13 10:57:07 - [MESSAGE][PASSED] - Object 'Object Repository/CERTPAY_QUICKSTI/Payment_Information_Page/TELEPHONE' is present

2020-10-13 10:57:09 - [MESSAGE][PASSED] - Text '9989897654' is set on object 'Object Repository/CERTPAY_QUICKSTI/Payment_Information_Page/TELEPHONE'

2020-10-13 10:57:09 - [MESSAGE][PASSED] - Quicksti.ts:Entered'9989897654 into Telephone

2020-10-13 10:57:09 - [TEST_STEP][PASSED] - utilities.SafeActions.safeType(findTestObject("CERTPAY_QUICKSTI/Payment_Information_Page/EMAIL_ADDRESS"), emailAddress, "EMAIL address", [pageLoadTime]): Quicksti.ts:Entered'testing@zenq.com into EMAIL address

2020-10-13 10:57:09 - [MESSAGE][PASSED] - Object 'Object Repository/CERTPAY_QUICKSTI/Payment_Information_Page/EMAIL_ADDRESS' is present

2020-10-13 10:57:09 - [MESSAGE][PASSED] - Object 'Object Repository/CERTPAY_QUICKSTI/Payment_Information_Page/EMAIL_ADDRESS' is visible

2020-10-13 10:57:09 - [MESSAGE][PASSED] - Object 'Object Repository/CERTPAY_QUICKSTI/Payment_Information_Page/EMAIL_ADDRESS' is present

2020-10-13 10:57:11 - [MESSAGE][PASSED] - Text 'testing@zenq.com' is set on object 'Object Repository/CERTPAY_QUICKSTI/Payment_Information_Page/EMAIL_ADDRESS'

2020-10-13 10:57:11 - [MESSAGE][PASSED] - Quicksti.ts:Entered'testing@zenq.com into EMAIL address

2020-10-13 10:57:11 - [TEST_STEP][PASSED] - utilities.SafeActions.safeClick(findTestObject("CERTPAY_QUICKSTI/Payment_Information_Page/NEXT_BUTTON"), "Next", [pageLoadTime]): Quicksti.ts:Clicked on the Next

2020-10-13 10:57:11 - [MESSAGE][INFO] - safeClicking

2020-10-13 10:57:11 - [MESSAGE][PASSED] - Object 'Object Repository/CERTPAY_QUICKSTI/Payment_Information_Page/NEXT_BUTTON' is present

2020-10-13 10:57:11 - [MESSAGE][PASSED] - Object 'Object Repository/CERTPAY_QUICKSTI/Payment_Information_Page/NEXT_BUTTON' is clickable

2020-10-13 10:57:15 - [MESSAGE][PASSED] - Object: 'Object Repository/CERTPAY_QUICKSTI/Payment_Information_Page/NEXT_BUTTON' is clicked on

2020-10-13 10:57:15 - [MESSAGE][PASSED] - Quicksti.ts:Clicked on the Next

2020-10-13 10:57:15 - [TEST_STEP][PASSED] - pages.Quicksti.verifyUserPaymentDetails(amountList.get(0), firstName, lastName, CardNumber): pages.Quicksti.verifyUserPaymentDetails is PASSED

2020-10-13 10:57:15 - [MESSAGE][PASSED] - Text of object 'Object Repository/CERTPAY_QUICKSTI/Payment_Details_Verification_Page/AMOUNT' is: '$35.00'

2020-10-13 10:57:15 - [MESSAGE][PASSED] - Actual text '35.00' and expected text '35.00' are matched  using regular expression

2020-10-13 10:57:16 - [MESSAGE][PASSED] - Text of object 'Object Repository/CERTPAY_QUICKSTI/Payment_Details_Verification_Page/NAME' is: 'Tester Zenq1'

2020-10-13 10:57:16 - [MESSAGE][PASSED] - Actual text 'Tester Zenq1' and expected text 'Tester Zenq1' are matched  using regular expression

2020-10-13 10:57:16 - [MESSAGE][PASSED] - Text of object 'Object Repository/CERTPAY_QUICKSTI/Payment_Details_Verification_Page/CARD_NUMBER' is: '...0018'

2020-10-13 10:57:16 - [MESSAGE][PASSED] - Actual text '0018' and expected text '0018' are matched  using regular expression

2020-10-13 10:57:16 - [MESSAGE][PASSED] - pages.Quicksti.verifyUserPaymentDetails is PASSED

2020-10-13 10:57:16 - [TEST_STEP][PASSED] - delay(2): Delayed 2 second(s)

2020-10-13 10:57:18 - [MESSAGE][PASSED] - Delayed 2 second(s)

2020-10-13 10:57:18 - [TEST_STEP][PASSED] - scrollToElement(findTestObject("CERTPAY_QUICKSTI/Payment_Details_Verification_Page/PROCESS"), 0): Scroll to object 'Object Repository/CERTPAY_QUICKSTI/Payment_Details_Verification_Page/PROCESS' successfully

2020-10-13 10:57:18 - [MESSAGE][WARNING] - Timeout '0' is invalid. Using default page load timeout: '30'

2020-10-13 10:57:19 - [MESSAGE][PASSED] - Scroll to object 'Object Repository/CERTPAY_QUICKSTI/Payment_Details_Verification_Page/PROCESS' successfully

2020-10-13 10:57:19 - [TEST_STEP][PASSED] - utilities.SafeActions.safeClick(findTestObject("CERTPAY_QUICKSTI/Payment_Details_Verification_Page/PROCESS"), "Process", [pageLoadTime]): Quicksti.ts:Clicked on the Process

2020-10-13 10:57:19 - [MESSAGE][INFO] - safeClicking

2020-10-13 10:57:19 - [MESSAGE][PASSED] - Object 'Object Repository/CERTPAY_QUICKSTI/Payment_Details_Verification_Page/PROCESS' is present

2020-10-13 10:57:19 - [MESSAGE][PASSED] - Object 'Object Repository/CERTPAY_QUICKSTI/Payment_Details_Verification_Page/PROCESS' is clickable

2020-10-13 10:57:24 - [MESSAGE][PASSED] - Object: 'Object Repository/CERTPAY_QUICKSTI/Payment_Details_Verification_Page/PROCESS' is clicked on

2020-10-13 10:57:24 - [MESSAGE][PASSED] - Quicksti.ts:Clicked on the Process

2020-10-13 10:57:24 - [TEST_STEP][PASSED] - PaymentID = pages.Quicksti.verifyPaymentApproval(findTestObject("CERTPAY_QUICKSTI/Payment_Details_Verification_Page/APPROVED")): Payment is approved

2020-10-13 10:57:25 - [MESSAGE][PASSED] - Text of object 'Object Repository/CERTPAY_QUICKSTI/Payment_Details_Verification_Page/PAYMENT_ID' is: '100176127296'

2020-10-13 10:57:25 - [MESSAGE][PASSED] - Object 'Object Repository/CERTPAY_QUICKSTI/Payment_Details_Verification_Page/APPROVED' is present

2020-10-13 10:57:25 - [MESSAGE][PASSED] - Payment is approved

2020-10-13 10:57:27 - [TEST_STEP][PASSED] - navigateToUrl(Admin_url): Navigate to 'https://qa-certpayadmin.faps.net' successfully

2020-10-13 10:57:32 - [MESSAGE][PASSED] - Navigate to 'https://qa-certpayadmin.faps.net' successfully

2020-10-13 10:57:32 - [TEST_STEP][PASSED] - pages.Bureau_Login_Page.loginToAdminSite(AdminUsername, AdminPassword): Quicksti.ts:Clicked on the LOGIN

2020-10-13 10:57:32 - [MESSAGE][PASSED] - Object 'Object Repository/CERTPAY_ADMIN/USER_NAME' is present

2020-10-13 10:57:32 - [MESSAGE][PASSED] - Object 'Object Repository/CERTPAY_ADMIN/USER_NAME' is visible

2020-10-13 10:57:33 - [MESSAGE][PASSED] - Object 'Object Repository/CERTPAY_ADMIN/USER_NAME' is present

2020-10-13 10:57:34 - [MESSAGE][PASSED] - Text 'VVangiliappan' is set on object 'Object Repository/CERTPAY_ADMIN/USER_NAME'

2020-10-13 10:57:34 - [MESSAGE][PASSED] - Quicksti.ts:Entered'VVangiliappan into username

2020-10-13 10:57:34 - [MESSAGE][PASSED] - Object 'Object Repository/CERTPAY_ADMIN/PASSWORD' is present

2020-10-13 10:57:35 - [MESSAGE][PASSED] - Object 'Object Repository/CERTPAY_ADMIN/PASSWORD' is visible

2020-10-13 10:57:35 - [MESSAGE][PASSED] - Object 'Object Repository/CERTPAY_ADMIN/PASSWORD' is present

2020-10-13 10:57:36 - [MESSAGE][PASSED] - Text 'Test@123' is set on object 'Object Repository/CERTPAY_ADMIN/PASSWORD'

2020-10-13 10:57:36 - [MESSAGE][PASSED] - Quicksti.ts:Entered'Test@123 into password

2020-10-13 10:57:36 - [MESSAGE][INFO] - safeClicking

2020-10-13 10:57:37 - [MESSAGE][PASSED] - Object 'Object Repository/CERTPAY_ADMIN/LOGIN_BUTTON' is present

2020-10-13 10:57:37 - [MESSAGE][PASSED] - Object 'Object Repository/CERTPAY_ADMIN/LOGIN_BUTTON' is clickable

2020-10-13 10:57:45 - [MESSAGE][PASSED] - Object: 'Object Repository/CERTPAY_ADMIN/LOGIN_BUTTON' is clicked on

2020-10-13 10:57:45 - [MESSAGE][PASSED] - Quicksti.ts:Clicked on the LOGIN

2020-10-13 10:57:45 - [TEST_STEP][PASSED] - utilities.SafeActions.safeClick(findTestObject("CERTPAY_ADMIN/TRANSACTION_MENU"), "TransactionMenu", [pageLoadTime]): Quicksti.ts:Clicked on the TransactionMenu

2020-10-13 10:57:45 - [MESSAGE][INFO] - safeClicking

2020-10-13 10:57:45 - [MESSAGE][PASSED] - Object 'Object Repository/CERTPAY_ADMIN/TRANSACTION_MENU' is present

2020-10-13 10:57:45 - [MESSAGE][PASSED] - Object 'Object Repository/CERTPAY_ADMIN/TRANSACTION_MENU' is clickable

2020-10-13 10:57:47 - [MESSAGE][PASSED] - Object: 'Object Repository/CERTPAY_ADMIN/TRANSACTION_MENU' is clicked on

2020-10-13 10:57:47 - [MESSAGE][PASSED] - Quicksti.ts:Clicked on the TransactionMenu

2020-10-13 10:57:47 - [TEST_STEP][PASSED] - utilities.SafeActions.safeClick(findTestObject("CERTPAY_ADMIN/TRANSACTION_SEARCH"), "TransactionSearch", [pageLoadTime]): Quicksti.ts:Clicked on the TransactionSearch

2020-10-13 10:57:47 - [MESSAGE][INFO] - safeClicking

2020-10-13 10:57:47 - [MESSAGE][PASSED] - Object 'Object Repository/CERTPAY_ADMIN/TRANSACTION_SEARCH' is present

2020-10-13 10:57:47 - [MESSAGE][PASSED] - Object 'Object Repository/CERTPAY_ADMIN/TRANSACTION_SEARCH' is clickable

2020-10-13 10:57:51 - [MESSAGE][PASSED] - Object: 'Object Repository/CERTPAY_ADMIN/TRANSACTION_SEARCH' is clicked on

2020-10-13 10:57:51 - [MESSAGE][PASSED] - Quicksti.ts:Clicked on the TransactionSearch

2020-10-13 10:57:51 - [TEST_STEP][PASSED] - delay(2): Delayed 2 second(s)

2020-10-13 10:57:53 - [MESSAGE][PASSED] - Delayed 2 second(s)

2020-10-13 10:57:53 - [TEST_STEP][PASSED] - utilities.SafeActions.safeType(findTestObject("CERTPAY_ADMIN/PAYMENT_ID"), PaymentID, "Payment id", [pageLoadTime]): Quicksti.ts:Entered'100176127296 into Payment id

2020-10-13 10:57:53 - [MESSAGE][PASSED] - Object 'Object Repository/CERTPAY_ADMIN/PAYMENT_ID' is present

2020-10-13 10:57:54 - [MESSAGE][PASSED] - Object 'Object Repository/CERTPAY_ADMIN/PAYMENT_ID' is visible

2020-10-13 10:57:54 - [MESSAGE][PASSED] - Object 'Object Repository/CERTPAY_ADMIN/PAYMENT_ID' is present

2020-10-13 10:57:55 - [MESSAGE][PASSED] - Text '100176127296' is set on object 'Object Repository/CERTPAY_ADMIN/PAYMENT_ID'

2020-10-13 10:57:55 - [MESSAGE][PASSED] - Quicksti.ts:Entered'100176127296 into Payment id

2020-10-13 10:57:55 - [TEST_STEP][PASSED] - utilities.SafeActions.safeClick(findTestObject("CERTPAY_ADMIN/GO_BUTTON"), "Go button", [pageLoadTime]): Quicksti.ts:Clicked on the Go button

2020-10-13 10:57:55 - [MESSAGE][INFO] - safeClicking

2020-10-13 10:57:55 - [MESSAGE][PASSED] - Object 'Object Repository/CERTPAY_ADMIN/GO_BUTTON' is present

2020-10-13 10:57:56 - [MESSAGE][PASSED] - Object 'Object Repository/CERTPAY_ADMIN/GO_BUTTON' is clickable

2020-10-13 10:58:00 - [MESSAGE][PASSED] - Object: 'Object Repository/CERTPAY_ADMIN/GO_BUTTON' is clicked on

2020-10-13 10:58:00 - [MESSAGE][PASSED] - Quicksti.ts:Clicked on the Go button

2020-10-13 10:58:00 - [TEST_STEP][PASSED] - delay(5): Delayed 5 second(s)

2020-10-13 10:58:05 - [MESSAGE][PASSED] - Delayed 5 second(s)

2020-10-13 10:58:05 - [TEST_STEP][PASSED] - scrollToPosition(800, 900): Browser is scrolled to position x = 800, y = 900

2020-10-13 10:58:05 - [MESSAGE][PASSED] - Browser is scrolled to position x = 800, y = 900

2020-10-13 10:58:05 - [TEST_STEP][PASSED] - paymentIdList.add(PaymentID): null

2020-10-13 10:58:05 - [TEST_STEP][PASSED] - println(paymentIdList): null

2020-10-13 10:58:05 - [TEST_STEP][PASSED] - firstName = data.getValue("FirstName", index): null

2020-10-13 10:58:05 - [TEST_STEP][PASSED] - lastName = data.getValue("LastName", index): null

2020-10-13 10:58:05 - [TEST_STEP][PASSED] - cardNum = data.getValue("CardNumber", index): null

2020-10-13 10:58:05 - [TEST_STEP][PASSED] - expMonth = data.getValue("ExpMonth", index): null

2020-10-13 10:58:05 - [TEST_STEP][PASSED] - expYear = data.getValue("ExpYear", index): null

2020-10-13 10:58:05 - [TEST_STEP][PASSED] - securityCode = data.getValue("SecurityCode", index): null

2020-10-13 10:58:05 - [TEST_STEP][PASSED] - paymentAmount = data.getValue("PaymentAmount", index): null

2020-10-13 10:58:05 - [TEST_STEP][PASSED] - paymentType = data.getValue("PaymentType", index): null

2020-10-13 10:58:05 - [TEST_STEP][PASSED] - quantity = data.getValue("Quantity", index): null

2020-10-13 10:58:05 - [TEST_STEP][PASSED] - comments = data.getValue("Comments", index): null

2020-10-13 10:58:05 - [TEST_STEP][PASSED] - referenceNum = data.getValue("ReferenceNum", index): null

2020-10-13 10:58:05 - [TEST_STEP][PASSED] - address = data.getValue("Address", index): null

2020-10-13 10:58:05 - [TEST_STEP][PASSED] - zipCode = data.getValue("Zipcode", index): null

2020-10-13 10:58:05 - [TEST_STEP][PASSED] - telephone = data.getValue("Telephone", index): null

2020-10-13 10:58:05 - [TEST_STEP][PASSED] - emailAddress = data.getValue("EmailAddress", index): null

2020-10-13 10:58:05 - [TEST_STEP][PASSED] - cardType = data.getValue("CardType", index): null

2020-10-13 10:58:05 - [TEST_STEP][PASSED] - amountList = paymentAmount.split(","): null

2020-10-13 10:58:05 - [TEST_STEP][PASSED] - referenceList = referenceNum.split(","): null

2020-10-13 10:58:05 - [TEST_STEP][PASSED] - paymentTypeList = paymentType.split(","): null

2020-10-13 10:58:05 - [TEST_STEP][PASSED] - commentsList = comments.split(","): null

2020-10-13 10:58:05 - [TEST_STEP][PASSED] - quantityList = quantity.split(","): null

2020-10-13 10:58:05 - [TEST_STEP][PASSED] - utilities.SafeActions.openBrowser(Quicksti_Url, [pageLoadTime]): Browser launched successfully

2020-10-13 10:58:05 - [MESSAGE][INFO] - Opening Browser

2020-10-13 10:58:05 - [MESSAGE][WARNING] - A browser is already opened. Closing browser and opening a new one

2020-10-13 10:58:06 - [MESSAGE][INFO] - Starting 'Chrome' driver

2020-10-13 10:58:14 - [MESSAGE][PASSED] - Browser is opened with url: 'https://qa-certpayquicksti.faps.net/'

2020-10-13 10:58:16 - [MESSAGE][PASSED] - Current window maximized

2020-10-13 10:58:16 - [MESSAGE][PASSED] - Browser launched successfully

2020-10-13 10:58:16 - [TEST_STEP][PASSED] - utilities.SafeActions.safeCheck(findTestObject("CERTPAY_QUICKSTI/Login_ Page/MULTI_BUREAU_CHECKBOX"), "Multi Bureau", [pageLoadTime]): Quicksti.ts:Checkbox 'Multi Bureau'is selected

2020-10-13 10:58:17 - [MESSAGE][PASSED] - Object 'Object Repository/CERTPAY_QUICKSTI/Login_ Page/MULTI_BUREAU_CHECKBOX' is present

2020-10-13 10:58:18 - [MESSAGE][PASSED] - Object 'Object Repository/CERTPAY_QUICKSTI/Login_ Page/MULTI_BUREAU_CHECKBOX' is present

2020-10-13 10:58:19 - [MESSAGE][PASSED] - Object: 'Object Repository/CERTPAY_QUICKSTI/Login_ Page/MULTI_BUREAU_CHECKBOX' is clicked on

2020-10-13 10:58:19 - [MESSAGE][PASSED] - Quicksti.ts:Checkbox 'Multi Bureau'is selected

2020-10-13 10:58:19 - [TEST_STEP][PASSED] - utilities.SafeActions.safeType(findTestObject("CERTPAY_QUICKSTI/Login_ Page/TELLER_ID"), teller_id, "Bureau code", [pageLoadTime]): Quicksti.ts:Entered'zenq into Bureau code

2020-10-13 10:58:21 - [MESSAGE][PASSED] - Object 'Object Repository/CERTPAY_QUICKSTI/Login_ Page/TELLER_ID' is present

2020-10-13 10:58:22 - [MESSAGE][PASSED] - Object 'Object Repository/CERTPAY_QUICKSTI/Login_ Page/TELLER_ID' is visible

2020-10-13 10:58:22 - [MESSAGE][PASSED] - Object 'Object Repository/CERTPAY_QUICKSTI/Login_ Page/TELLER_ID' is present

2020-10-13 10:58:23 - [MESSAGE][PASSED] - Text 'zenq' is set on object 'Object Repository/CERTPAY_QUICKSTI/Login_ Page/TELLER_ID'

2020-10-13 10:58:23 - [MESSAGE][PASSED] - Quicksti.ts:Entered'zenq into Bureau code

2020-10-13 10:58:23 - [TEST_STEP][PASSED] - utilities.SafeActions.safeClick(findTestObject("CERTPAY_QUICKSTI/Login_ Page/NEXT_BUTTON"), "Next button", [pageLoadTime]): Quicksti.ts:Clicked on the Next button

2020-10-13 10:58:23 - [MESSAGE][INFO] - safeClicking

2020-10-13 10:58:23 - [MESSAGE][PASSED] - Object 'Object Repository/CERTPAY_QUICKSTI/Login_ Page/NEXT_BUTTON' is present

2020-10-13 10:58:24 - [MESSAGE][PASSED] - Object 'Object Repository/CERTPAY_QUICKSTI/Login_ Page/NEXT_BUTTON' is clickable

2020-10-13 10:58:29 - [MESSAGE][PASSED] - Object: 'Object Repository/CERTPAY_QUICKSTI/Login_ Page/NEXT_BUTTON' is clicked on

2020-10-13 10:58:29 - [MESSAGE][PASSED] - Quicksti.ts:Clicked on the Next button

2020-10-13 10:58:29 - [TEST_STEP][PASSED] - for ([i = 0, i <= amountList.size() - 1, (i++)]): Quicksti.ts:Entered'2 into Quntity

2020-10-13 10:58:29 - [TEST_STEP][PASSED] - s = Integer.toString(i): null

2020-10-13 10:58:29 - [TEST_STEP][PASSED] - pages.Quicksti.setCommnets("0", s, commentsList.get(i)): Quicksti.ts:Entered'Testing into Comments

2020-10-13 10:58:29 - [MESSAGE][PASSED] - Object '' is present

2020-10-13 10:58:29 - [MESSAGE][PASSED] - Object '' is visible

2020-10-13 10:58:30 - [MESSAGE][PASSED] - Object '' is present

2020-10-13 10:58:31 - [MESSAGE][PASSED] - Text 'Testing' is set on object ''

2020-10-13 10:58:31 - [MESSAGE][PASSED] - Quicksti.ts:Entered'Testing into Comments

2020-10-13 10:58:31 - [TEST_STEP][PASSED] - utilities.SafeActions.safeType(findTestObject("CERTPAY_QUICKSTI/Payment_Information_Page/PAYMENT_AMOUNT"), amountList.get(i), "Payment Amount", [pageLoadTime]): Quicksti.ts:Entered'35.00 into Payment Amount

2020-10-13 10:58:31 - [MESSAGE][PASSED] - Object 'Object Repository/CERTPAY_QUICKSTI/Payment_Information_Page/PAYMENT_AMOUNT' is present

2020-10-13 10:58:32 - [MESSAGE][PASSED] - Object 'Object Repository/CERTPAY_QUICKSTI/Payment_Information_Page/PAYMENT_AMOUNT' is visible

2020-10-13 10:58:32 - [MESSAGE][PASSED] - Object 'Object Repository/CERTPAY_QUICKSTI/Payment_Information_Page/PAYMENT_AMOUNT' is present

2020-10-13 10:58:33 - [MESSAGE][PASSED] - Text '35.00' is set on object 'Object Repository/CERTPAY_QUICKSTI/Payment_Information_Page/PAYMENT_AMOUNT'

2020-10-13 10:58:33 - [MESSAGE][PASSED] - Quicksti.ts:Entered'35.00 into Payment Amount

2020-10-13 10:58:33 - [TEST_STEP][PASSED] - pages.Quicksti.setAmountDetailsForMultiBureau(s, paymentTypeList.get(i), "0", referenceList.get(i), quantityList.get(i)): Quicksti.ts:Entered'1 into Quntity

2020-10-13 10:58:34 - [MESSAGE][PASSED] - Object '' is visible

2020-10-13 10:58:34 - [MESSAGE][PASSED] - Object '' is present

2020-10-13 10:58:36 - [MESSAGE][PASSED] - Object: '' is clicked on

2020-10-13 10:58:37 - [MESSAGE][PASSED] - All options with label 'Licenses' are selected in object ''  using regular expression

2020-10-13 10:58:37 - [MESSAGE][PASSED] - selected dropdown option by visible text  Licensesfrom Payment Type

2020-10-13 10:58:37 - [MESSAGE][PASSED] - Object '' is present

2020-10-13 10:58:37 - [MESSAGE][PASSED] - Object '' is visible

2020-10-13 10:58:38 - [MESSAGE][PASSED] - Object '' is present

2020-10-13 10:58:39 - [MESSAGE][PASSED] - Text '11' is set on object ''

2020-10-13 10:58:39 - [MESSAGE][PASSED] - Quicksti.ts:Entered'11 into RefrenceNumber

2020-10-13 10:58:39 - [MESSAGE][PASSED] - Object '' is present

2020-10-13 10:58:40 - [MESSAGE][PASSED] - Object '' is visible

2020-10-13 10:58:40 - [MESSAGE][PASSED] - Object '' is present

2020-10-13 10:58:41 - [MESSAGE][PASSED] - Text '1' is set on object ''

2020-10-13 10:58:41 - [MESSAGE][PASSED] - Quicksti.ts:Entered'1 into Quntity

2020-10-13 10:58:41 - [TEST_STEP][PASSED] - s = Integer.toString(i): null

2020-10-13 10:58:41 - [TEST_STEP][PASSED] - pages.Quicksti.setCommnets("0", s, commentsList.get(i)): Quicksti.ts:Entered'Tester into Comments

2020-10-13 10:58:42 - [MESSAGE][PASSED] - Object '' is present

2020-10-13 10:58:42 - [MESSAGE][PASSED] - Object '' is visible

2020-10-13 10:58:42 - [MESSAGE][PASSED] - Object '' is present

2020-10-13 10:58:44 - [MESSAGE][PASSED] - Text 'Tester' is set on object ''

2020-10-13 10:58:44 - [MESSAGE][PASSED] - Quicksti.ts:Entered'Tester into Comments

2020-10-13 10:58:44 - [TEST_STEP][PASSED] - utilities.SafeActions.safeType(findTestObject("CERTPAY_QUICKSTI/Payment_Information_Page/PAYMENT_AMOUNT"), amountList.get(i), "Payment Amount", [pageLoadTime]): Quicksti.ts:Entered'40.00 into Payment Amount

2020-10-13 10:58:44 - [MESSAGE][PASSED] - Object 'Object Repository/CERTPAY_QUICKSTI/Payment_Information_Page/PAYMENT_AMOUNT' is present

2020-10-13 10:58:44 - [MESSAGE][PASSED] - Object 'Object Repository/CERTPAY_QUICKSTI/Payment_Information_Page/PAYMENT_AMOUNT' is visible

2020-10-13 10:58:45 - [MESSAGE][PASSED] - Object 'Object Repository/CERTPAY_QUICKSTI/Payment_Information_Page/PAYMENT_AMOUNT' is present

2020-10-13 10:58:46 - [MESSAGE][PASSED] - Text '40.00' is set on object 'Object Repository/CERTPAY_QUICKSTI/Payment_Information_Page/PAYMENT_AMOUNT'

2020-10-13 10:58:46 - [MESSAGE][PASSED] - Quicksti.ts:Entered'40.00 into Payment Amount

2020-10-13 10:58:46 - [TEST_STEP][PASSED] - pages.Quicksti.setAmountDetailsForMultiBureau(s, paymentTypeList.get(i), "0", referenceList.get(i), quantityList.get(i)): Quicksti.ts:Entered'2 into Quntity

2020-10-13 10:58:46 - [MESSAGE][PASSED] - Object '' is visible

2020-10-13 10:58:47 - [MESSAGE][PASSED] - Object '' is present

2020-10-13 10:58:48 - [MESSAGE][PASSED] - Object: '' is clicked on

2020-10-13 10:58:49 - [MESSAGE][PASSED] - All options with label 'Taxes' are selected in object ''  using regular expression

2020-10-13 10:58:49 - [MESSAGE][PASSED] - selected dropdown option by visible text  Taxesfrom Payment Type

2020-10-13 10:58:50 - [MESSAGE][PASSED] - Object '' is present

2020-10-13 10:58:50 - [MESSAGE][PASSED] - Object '' is visible

2020-10-13 10:58:50 - [MESSAGE][PASSED] - Object '' is present

2020-10-13 10:58:52 - [MESSAGE][PASSED] - Text '12' is set on object ''

2020-10-13 10:58:52 - [MESSAGE][PASSED] - Quicksti.ts:Entered'12 into RefrenceNumber

2020-10-13 10:58:52 - [MESSAGE][PASSED] - Object '' is present

2020-10-13 10:58:52 - [MESSAGE][PASSED] - Object '' is visible

2020-10-13 10:58:52 - [MESSAGE][PASSED] - Object '' is present

2020-10-13 10:58:54 - [MESSAGE][PASSED] - Text '2' is set on object ''

2020-10-13 10:58:54 - [MESSAGE][PASSED] - Quicksti.ts:Entered'2 into Quntity

2020-10-13 10:58:54 - [TEST_STEP][PASSED] - amount_Value = pages.Quicksti.getAttributeValue(findTestObject("CERTPAY_QUICKSTI/Payment_Information_Page/SUB_TOTAL")): pages.Quicksti.getAttributeValue is PASSED

2020-10-13 10:58:54 - [MESSAGE][PASSED] - Attribute 'value' of object 'Object Repository/CERTPAY_QUICKSTI/Payment_Information_Page/SUB_TOTAL' is: '35.00'

2020-10-13 10:58:54 - [MESSAGE][PASSED] - pages.Quicksti.getAttributeValue is PASSED

2020-10-13 10:58:54 - [TEST_STEP][PASSED] - utilities.SafeActions.safeClick(findTestObject("CERTPAY_QUICKSTI/Payment_Information_Page/MANUAL_ENTRY_BUTTON"), "ManualEntry", [pageLoadTime]): Quicksti.ts:Clicked on the ManualEntry

2020-10-13 10:58:54 - [MESSAGE][INFO] - safeClicking

2020-10-13 10:58:54 - [MESSAGE][PASSED] - Object 'Object Repository/CERTPAY_QUICKSTI/Payment_Information_Page/MANUAL_ENTRY_BUTTON' is present

2020-10-13 10:58:55 - [MESSAGE][PASSED] - Object 'Object Repository/CERTPAY_QUICKSTI/Payment_Information_Page/MANUAL_ENTRY_BUTTON' is clickable

2020-10-13 10:58:59 - [MESSAGE][PASSED] - Object: 'Object Repository/CERTPAY_QUICKSTI/Payment_Information_Page/MANUAL_ENTRY_BUTTON' is clicked on

2020-10-13 10:58:59 - [MESSAGE][PASSED] - Quicksti.ts:Clicked on the ManualEntry

2020-10-13 10:58:59 - [TEST_STEP][PASSED] - CardNumber = pages.Quicksti.setUserPaymentDetails(firstName, lastName, cardNum): Quicksti.ts:Entered'374245003731006 into CardNum

2020-10-13 10:58:59 - [MESSAGE][PASSED] - Object 'Object Repository/CERTPAY_QUICKSTI/Payment_Information_Page/FIRST_NAME' is present

2020-10-13 10:58:59 - [MESSAGE][PASSED] - Object 'Object Repository/CERTPAY_QUICKSTI/Payment_Information_Page/FIRST_NAME' is visible

2020-10-13 10:59:00 - [MESSAGE][PASSED] - Object 'Object Repository/CERTPAY_QUICKSTI/Payment_Information_Page/FIRST_NAME' is present

2020-10-13 10:59:01 - [MESSAGE][PASSED] - Text 'Tester' is set on object 'Object Repository/CERTPAY_QUICKSTI/Payment_Information_Page/FIRST_NAME'

2020-10-13 10:59:01 - [MESSAGE][PASSED] - Quicksti.ts:Entered'Tester into FirstName

2020-10-13 10:59:01 - [MESSAGE][PASSED] - Object 'Object Repository/CERTPAY_QUICKSTI/Payment_Information_Page/LAST_NAME' is present

2020-10-13 10:59:02 - [MESSAGE][PASSED] - Object 'Object Repository/CERTPAY_QUICKSTI/Payment_Information_Page/LAST_NAME' is visible

2020-10-13 10:59:02 - [MESSAGE][PASSED] - Object 'Object Repository/CERTPAY_QUICKSTI/Payment_Information_Page/LAST_NAME' is present

2020-10-13 10:59:03 - [MESSAGE][PASSED] - Text 'Zenq1' is set on object 'Object Repository/CERTPAY_QUICKSTI/Payment_Information_Page/LAST_NAME'

2020-10-13 10:59:03 - [MESSAGE][PASSED] - Quicksti.ts:Entered'Zenq1 into LAstName

2020-10-13 10:59:04 - [MESSAGE][PASSED] - Object 'Object Repository/CERTPAY_QUICKSTI/Payment_Information_Page/CARD_NUMBER' is present

2020-10-13 10:59:04 - [MESSAGE][PASSED] - Object 'Object Repository/CERTPAY_QUICKSTI/Payment_Information_Page/CARD_NUMBER' is visible

2020-10-13 10:59:04 - [MESSAGE][PASSED] - Object 'Object Repository/CERTPAY_QUICKSTI/Payment_Information_Page/CARD_NUMBER' is present

2020-10-13 10:59:06 - [MESSAGE][PASSED] - Text '374245003731006' is set on object 'Object Repository/CERTPAY_QUICKSTI/Payment_Information_Page/CARD_NUMBER'

2020-10-13 10:59:06 - [MESSAGE][PASSED] - Quicksti.ts:Entered'374245003731006 into CardNum

2020-10-13 10:59:06 - [TEST_STEP][PASSED] - pages.Quicksti.setExpDate(expMonth, expYear, securityCode): Quicksti.ts:Entered'111 into securityCode

2020-10-13 10:59:06 - [MESSAGE][PASSED] - Object 'Object Repository/CERTPAY_QUICKSTI/Payment_Information_Page/EXP_MONTH' is visible

2020-10-13 10:59:06 - [MESSAGE][PASSED] - Object 'Object Repository/CERTPAY_QUICKSTI/Payment_Information_Page/EXP_MONTH' is present

2020-10-13 10:59:08 - [MESSAGE][PASSED] - Object: 'Object Repository/CERTPAY_QUICKSTI/Payment_Information_Page/EXP_MONTH' is clicked on

2020-10-13 10:59:09 - [MESSAGE][PASSED] - All options with label '05' are selected in object 'Object Repository/CERTPAY_QUICKSTI/Payment_Information_Page/EXP_MONTH'  using regular expression

2020-10-13 10:59:09 - [MESSAGE][PASSED] - selected dropdown option by visible text  05from expMonth

2020-10-13 10:59:09 - [MESSAGE][PASSED] - Object 'Object Repository/CERTPAY_QUICKSTI/Payment_Information_Page/EXP_YEAR' is visible

2020-10-13 10:59:09 - [MESSAGE][PASSED] - Object 'Object Repository/CERTPAY_QUICKSTI/Payment_Information_Page/EXP_YEAR' is present

2020-10-13 10:59:11 - [MESSAGE][PASSED] - Object: 'Object Repository/CERTPAY_QUICKSTI/Payment_Information_Page/EXP_YEAR' is clicked on

2020-10-13 10:59:12 - [MESSAGE][PASSED] - All options with label '2022' are selected in object 'Object Repository/CERTPAY_QUICKSTI/Payment_Information_Page/EXP_YEAR'  using regular expression

2020-10-13 10:59:12 - [MESSAGE][PASSED] - selected dropdown option by visible text  2022from  expYear

2020-10-13 10:59:12 - [MESSAGE][PASSED] - Object 'Object Repository/CERTPAY_QUICKSTI/Payment_Information_Page/SECURITY_CODE' is present

2020-10-13 10:59:13 - [MESSAGE][PASSED] - Object 'Object Repository/CERTPAY_QUICKSTI/Payment_Information_Page/SECURITY_CODE' is visible

2020-10-13 10:59:13 - [MESSAGE][PASSED] - Object 'Object Repository/CERTPAY_QUICKSTI/Payment_Information_Page/SECURITY_CODE' is present

2020-10-13 10:59:14 - [MESSAGE][PASSED] - Text '111' is set on object 'Object Repository/CERTPAY_QUICKSTI/Payment_Information_Page/SECURITY_CODE'

2020-10-13 10:59:14 - [MESSAGE][PASSED] - Quicksti.ts:Entered'111 into securityCode

2020-10-13 10:59:14 - [TEST_STEP][PASSED] - utilities.SafeActions.safeType(findTestObject("CERTPAY_QUICKSTI/Payment_Information_Page/ADDRESS"), address, "Address", [pageLoadTime]): Quicksti.ts:Entered'14-2 into Address

2020-10-13 10:59:15 - [MESSAGE][PASSED] - Object 'Object Repository/CERTPAY_QUICKSTI/Payment_Information_Page/ADDRESS' is present

2020-10-13 10:59:15 - [MESSAGE][PASSED] - Object 'Object Repository/CERTPAY_QUICKSTI/Payment_Information_Page/ADDRESS' is visible

2020-10-13 10:59:15 - [MESSAGE][PASSED] - Object 'Object Repository/CERTPAY_QUICKSTI/Payment_Information_Page/ADDRESS' is present

2020-10-13 10:59:16 - [MESSAGE][PASSED] - Text '14-2' is set on object 'Object Repository/CERTPAY_QUICKSTI/Payment_Information_Page/ADDRESS'

2020-10-13 10:59:16 - [MESSAGE][PASSED] - Quicksti.ts:Entered'14-2 into Address

2020-10-13 10:59:16 - [TEST_STEP][PASSED] - utilities.SafeActions.safeType(findTestObject("CERTPAY_QUICKSTI/Payment_Information_Page/ZIP_CODE"), zipCode, "zipcode", [pageLoadTime]): Quicksti.ts:Entered'76102 into zipcode

2020-10-13 10:59:17 - [MESSAGE][PASSED] - Object 'Object Repository/CERTPAY_QUICKSTI/Payment_Information_Page/ZIP_CODE' is present

2020-10-13 10:59:17 - [MESSAGE][PASSED] - Object 'Object Repository/CERTPAY_QUICKSTI/Payment_Information_Page/ZIP_CODE' is visible

2020-10-13 10:59:17 - [MESSAGE][PASSED] - Object 'Object Repository/CERTPAY_QUICKSTI/Payment_Information_Page/ZIP_CODE' is present

2020-10-13 10:59:19 - [MESSAGE][PASSED] - Text '76102' is set on object 'Object Repository/CERTPAY_QUICKSTI/Payment_Information_Page/ZIP_CODE'

2020-10-13 10:59:19 - [MESSAGE][PASSED] - Quicksti.ts:Entered'76102 into zipcode

2020-10-13 10:59:19 - [TEST_STEP][PASSED] - utilities.SafeActions.safeType(findTestObject("CERTPAY_QUICKSTI/Payment_Information_Page/TELEPHONE"), telephone, "Telephone", [pageLoadTime]): Quicksti.ts:Entered'9989897654 into Telephone

2020-10-13 10:59:19 - [MESSAGE][PASSED] - Object 'Object Repository/CERTPAY_QUICKSTI/Payment_Information_Page/TELEPHONE' is present

2020-10-13 10:59:19 - [MESSAGE][PASSED] - Object 'Object Repository/CERTPAY_QUICKSTI/Payment_Information_Page/TELEPHONE' is visible

2020-10-13 10:59:20 - [MESSAGE][PASSED] - Object 'Object Repository/CERTPAY_QUICKSTI/Payment_Information_Page/TELEPHONE' is present

2020-10-13 10:59:21 - [MESSAGE][PASSED] - Text '9989897654' is set on object 'Object Repository/CERTPAY_QUICKSTI/Payment_Information_Page/TELEPHONE'

2020-10-13 10:59:21 - [MESSAGE][PASSED] - Quicksti.ts:Entered'9989897654 into Telephone

2020-10-13 10:59:21 - [TEST_STEP][PASSED] - utilities.SafeActions.safeType(findTestObject("CERTPAY_QUICKSTI/Payment_Information_Page/EMAIL_ADDRESS"), emailAddress, "EMAIL address", [pageLoadTime]): Quicksti.ts:Entered'testing@zenq.com into EMAIL address

2020-10-13 10:59:21 - [MESSAGE][PASSED] - Object 'Object Repository/CERTPAY_QUICKSTI/Payment_Information_Page/EMAIL_ADDRESS' is present

2020-10-13 10:59:21 - [MESSAGE][PASSED] - Object 'Object Repository/CERTPAY_QUICKSTI/Payment_Information_Page/EMAIL_ADDRESS' is visible

2020-10-13 10:59:22 - [MESSAGE][PASSED] - Object 'Object Repository/CERTPAY_QUICKSTI/Payment_Information_Page/EMAIL_ADDRESS' is present

2020-10-13 10:59:23 - [MESSAGE][PASSED] - Text 'testing@zenq.com' is set on object 'Object Repository/CERTPAY_QUICKSTI/Payment_Information_Page/EMAIL_ADDRESS'

2020-10-13 10:59:23 - [MESSAGE][PASSED] - Quicksti.ts:Entered'testing@zenq.com into EMAIL address

2020-10-13 10:59:23 - [TEST_STEP][PASSED] - utilities.SafeActions.safeClick(findTestObject("CERTPAY_QUICKSTI/Payment_Information_Page/NEXT_BUTTON"), "Next", [pageLoadTime]): Quicksti.ts:Clicked on the Next

2020-10-13 10:59:23 - [MESSAGE][INFO] - safeClicking

2020-10-13 10:59:23 - [MESSAGE][PASSED] - Object 'Object Repository/CERTPAY_QUICKSTI/Payment_Information_Page/NEXT_BUTTON' is present

2020-10-13 10:59:24 - [MESSAGE][PASSED] - Object 'Object Repository/CERTPAY_QUICKSTI/Payment_Information_Page/NEXT_BUTTON' is clickable

2020-10-13 10:59:27 - [MESSAGE][PASSED] - Object: 'Object Repository/CERTPAY_QUICKSTI/Payment_Information_Page/NEXT_BUTTON' is clicked on

2020-10-13 10:59:27 - [MESSAGE][PASSED] - Quicksti.ts:Clicked on the Next

2020-10-13 10:59:27 - [TEST_STEP][PASSED] - pages.Quicksti.verifyUserPaymentDetails(amountList.get(0), firstName, lastName, CardNumber): pages.Quicksti.verifyUserPaymentDetails is PASSED

2020-10-13 10:59:28 - [MESSAGE][PASSED] - Text of object 'Object Repository/CERTPAY_QUICKSTI/Payment_Details_Verification_Page/AMOUNT' is: '$35.00'

2020-10-13 10:59:28 - [MESSAGE][PASSED] - Actual text '35.00' and expected text '35.00' are matched  using regular expression

2020-10-13 10:59:28 - [MESSAGE][PASSED] - Text of object 'Object Repository/CERTPAY_QUICKSTI/Payment_Details_Verification_Page/NAME' is: 'Tester Zenq1'

2020-10-13 10:59:28 - [MESSAGE][PASSED] - Actual text 'Tester Zenq1' and expected text 'Tester Zenq1' are matched  using regular expression

2020-10-13 10:59:29 - [MESSAGE][PASSED] - Text of object 'Object Repository/CERTPAY_QUICKSTI/Payment_Details_Verification_Page/CARD_NUMBER' is: '...1006'

2020-10-13 10:59:29 - [MESSAGE][PASSED] - Actual text '1006' and expected text '1006' are matched  using regular expression

2020-10-13 10:59:29 - [MESSAGE][PASSED] - pages.Quicksti.verifyUserPaymentDetails is PASSED

2020-10-13 10:59:29 - [TEST_STEP][PASSED] - delay(2): Delayed 2 second(s)

2020-10-13 10:59:31 - [MESSAGE][PASSED] - Delayed 2 second(s)

2020-10-13 10:59:31 - [TEST_STEP][PASSED] - scrollToElement(findTestObject("CERTPAY_QUICKSTI/Payment_Details_Verification_Page/PROCESS"), 0): Scroll to object 'Object Repository/CERTPAY_QUICKSTI/Payment_Details_Verification_Page/PROCESS' successfully

2020-10-13 10:59:31 - [MESSAGE][WARNING] - Timeout '0' is invalid. Using default page load timeout: '30'

2020-10-13 10:59:31 - [MESSAGE][PASSED] - Scroll to object 'Object Repository/CERTPAY_QUICKSTI/Payment_Details_Verification_Page/PROCESS' successfully

2020-10-13 10:59:31 - [TEST_STEP][PASSED] - utilities.SafeActions.safeClick(findTestObject("CERTPAY_QUICKSTI/Payment_Details_Verification_Page/PROCESS"), "Process", [pageLoadTime]): Quicksti.ts:Clicked on the Process

2020-10-13 10:59:31 - [MESSAGE][INFO] - safeClicking

2020-10-13 10:59:31 - [MESSAGE][PASSED] - Object 'Object Repository/CERTPAY_QUICKSTI/Payment_Details_Verification_Page/PROCESS' is present

2020-10-13 10:59:32 - [MESSAGE][PASSED] - Object 'Object Repository/CERTPAY_QUICKSTI/Payment_Details_Verification_Page/PROCESS' is clickable

2020-10-13 10:59:37 - [MESSAGE][PASSED] - Object: 'Object Repository/CERTPAY_QUICKSTI/Payment_Details_Verification_Page/PROCESS' is clicked on

2020-10-13 10:59:37 - [MESSAGE][PASSED] - Quicksti.ts:Clicked on the Process

2020-10-13 10:59:37 - [TEST_STEP][PASSED] - PaymentID = pages.Quicksti.verifyPaymentApproval(findTestObject("CERTPAY_QUICKSTI/Payment_Details_Verification_Page/APPROVED")): Payment is approved

2020-10-13 10:59:37 - [MESSAGE][PASSED] - Text of object 'Object Repository/CERTPAY_QUICKSTI/Payment_Details_Verification_Page/PAYMENT_ID' is: '100176127301'

2020-10-13 10:59:38 - [MESSAGE][PASSED] - Object 'Object Repository/CERTPAY_QUICKSTI/Payment_Details_Verification_Page/APPROVED' is present

2020-10-13 10:59:38 - [MESSAGE][PASSED] - Payment is approved

2020-10-13 10:59:40 - [TEST_STEP][PASSED] - navigateToUrl(Admin_url): Navigate to 'https://qa-certpayadmin.faps.net' successfully

2020-10-13 10:59:46 - [MESSAGE][PASSED] - Navigate to 'https://qa-certpayadmin.faps.net' successfully

2020-10-13 10:59:46 - [TEST_STEP][PASSED] - pages.Bureau_Login_Page.loginToAdminSite(AdminUsername, AdminPassword): Quicksti.ts:Clicked on the LOGIN

2020-10-13 10:59:46 - [MESSAGE][PASSED] - Object 'Object Repository/CERTPAY_ADMIN/USER_NAME' is present

2020-10-13 10:59:46 - [MESSAGE][PASSED] - Object 'Object Repository/CERTPAY_ADMIN/USER_NAME' is visible

2020-10-13 10:59:47 - [MESSAGE][PASSED] - Object 'Object Repository/CERTPAY_ADMIN/USER_NAME' is present

2020-10-13 10:59:48 - [MESSAGE][PASSED] - Text 'VVangiliappan' is set on object 'Object Repository/CERTPAY_ADMIN/USER_NAME'

2020-10-13 10:59:48 - [MESSAGE][PASSED] - Quicksti.ts:Entered'VVangiliappan into username

2020-10-13 10:59:48 - [MESSAGE][PASSED] - Object 'Object Repository/CERTPAY_ADMIN/PASSWORD' is present

2020-10-13 10:59:49 - [MESSAGE][PASSED] - Object 'Object Repository/CERTPAY_ADMIN/PASSWORD' is visible

2020-10-13 10:59:49 - [MESSAGE][PASSED] - Object 'Object Repository/CERTPAY_ADMIN/PASSWORD' is present

2020-10-13 10:59:50 - [MESSAGE][PASSED] - Text 'Test@123' is set on object 'Object Repository/CERTPAY_ADMIN/PASSWORD'

2020-10-13 10:59:50 - [MESSAGE][PASSED] - Quicksti.ts:Entered'Test@123 into password

2020-10-13 10:59:50 - [MESSAGE][INFO] - safeClicking

2020-10-13 10:59:50 - [MESSAGE][PASSED] - Object 'Object Repository/CERTPAY_ADMIN/LOGIN_BUTTON' is present

2020-10-13 10:59:51 - [MESSAGE][PASSED] - Object 'Object Repository/CERTPAY_ADMIN/LOGIN_BUTTON' is clickable

2020-10-13 10:59:58 - [MESSAGE][PASSED] - Object: 'Object Repository/CERTPAY_ADMIN/LOGIN_BUTTON' is clicked on

2020-10-13 10:59:58 - [MESSAGE][PASSED] - Quicksti.ts:Clicked on the LOGIN

2020-10-13 10:59:58 - [TEST_STEP][PASSED] - utilities.SafeActions.safeClick(findTestObject("CERTPAY_ADMIN/TRANSACTION_MENU"), "TransactionMenu", [pageLoadTime]): Quicksti.ts:Clicked on the TransactionMenu

2020-10-13 10:59:58 - [MESSAGE][INFO] - safeClicking

2020-10-13 10:59:58 - [MESSAGE][PASSED] - Object 'Object Repository/CERTPAY_ADMIN/TRANSACTION_MENU' is present

2020-10-13 10:59:59 - [MESSAGE][PASSED] - Object 'Object Repository/CERTPAY_ADMIN/TRANSACTION_MENU' is clickable

2020-10-13 11:00:00 - [MESSAGE][PASSED] - Object: 'Object Repository/CERTPAY_ADMIN/TRANSACTION_MENU' is clicked on

2020-10-13 11:00:00 - [MESSAGE][PASSED] - Quicksti.ts:Clicked on the TransactionMenu

2020-10-13 11:00:00 - [TEST_STEP][PASSED] - utilities.SafeActions.safeClick(findTestObject("CERTPAY_ADMIN/TRANSACTION_SEARCH"), "TransactionSearch", [pageLoadTime]): Quicksti.ts:Clicked on the TransactionSearch

2020-10-13 11:00:00 - [MESSAGE][INFO] - safeClicking

2020-10-13 11:00:00 - [MESSAGE][PASSED] - Object 'Object Repository/CERTPAY_ADMIN/TRANSACTION_SEARCH' is present

2020-10-13 11:00:01 - [MESSAGE][PASSED] - Object 'Object Repository/CERTPAY_ADMIN/TRANSACTION_SEARCH' is clickable

2020-10-13 11:00:03 - [MESSAGE][PASSED] - Object: 'Object Repository/CERTPAY_ADMIN/TRANSACTION_SEARCH' is clicked on

2020-10-13 11:00:03 - [MESSAGE][PASSED] - Quicksti.ts:Clicked on the TransactionSearch

2020-10-13 11:00:03 - [TEST_STEP][PASSED] - delay(2): Delayed 2 second(s)

2020-10-13 11:00:05 - [MESSAGE][PASSED] - Delayed 2 second(s)

2020-10-13 11:00:05 - [TEST_STEP][PASSED] - utilities.SafeActions.safeType(findTestObject("CERTPAY_ADMIN/PAYMENT_ID"), PaymentID, "Payment id", [pageLoadTime]): Quicksti.ts:Entered'100176127301 into Payment id

2020-10-13 11:00:06 - [MESSAGE][PASSED] - Object 'Object Repository/CERTPAY_ADMIN/PAYMENT_ID' is present

2020-10-13 11:00:06 - [MESSAGE][PASSED] - Object 'Object Repository/CERTPAY_ADMIN/PAYMENT_ID' is visible

2020-10-13 11:00:06 - [MESSAGE][PASSED] - Object 'Object Repository/CERTPAY_ADMIN/PAYMENT_ID' is present

2020-10-13 11:00:08 - [MESSAGE][PASSED] - Text '100176127301' is set on object 'Object Repository/CERTPAY_ADMIN/PAYMENT_ID'

2020-10-13 11:00:08 - [MESSAGE][PASSED] - Quicksti.ts:Entered'100176127301 into Payment id

2020-10-13 11:00:08 - [TEST_STEP][PASSED] - utilities.SafeActions.safeClick(findTestObject("CERTPAY_ADMIN/GO_BUTTON"), "Go button", [pageLoadTime]): Quicksti.ts:Clicked on the Go button

2020-10-13 11:00:08 - [MESSAGE][INFO] - safeClicking

2020-10-13 11:00:08 - [MESSAGE][PASSED] - Object 'Object Repository/CERTPAY_ADMIN/GO_BUTTON' is present

2020-10-13 11:00:08 - [MESSAGE][PASSED] - Object 'Object Repository/CERTPAY_ADMIN/GO_BUTTON' is clickable

2020-10-13 11:00:12 - [MESSAGE][PASSED] - Object: 'Object Repository/CERTPAY_ADMIN/GO_BUTTON' is clicked on

2020-10-13 11:00:12 - [MESSAGE][PASSED] - Quicksti.ts:Clicked on the Go button

2020-10-13 11:00:12 - [TEST_STEP][PASSED] - delay(5): Delayed 5 second(s)

2020-10-13 11:00:17 - [MESSAGE][PASSED] - Delayed 5 second(s)

2020-10-13 11:00:17 - [TEST_STEP][PASSED] - scrollToPosition(800, 900): Browser is scrolled to position x = 800, y = 900

2020-10-13 11:00:17 - [MESSAGE][PASSED] - Browser is scrolled to position x = 800, y = 900

2020-10-13 11:00:17 - [TEST_STEP][PASSED] - paymentIdList.add(PaymentID): null

2020-10-13 11:00:17 - [TEST_STEP][PASSED] - println(paymentIdList): null

2020-10-13 11:00:17 - [TEST_STEP][PASSED] - return paymentIdList: null

2020-10-13 11:00:17 - [TEST_STEP][PASSED] - Start listener action : afterTestCase: Browser is closed

2020-10-13 11:00:17 - [TEST_STEP][PASSED] - closeBrowser(): Browser is closed

2020-10-13 11:00:18 - [MESSAGE][PASSED] - Browser is closed]]></system-out>
         <system-err><![CDATA[]]></system-err>
      </testcase>
      <testcase name="Test Cases/Certpay_Quicksti/TC_003_MultiBureauSite_SingleBureau_SingleLinePayment" time="472.707" classname="Test Cases/Certpay_Quicksti/TC_003_MultiBureauSite_SingleBureau_SingleLinePayment" status="PASSED">
         <system-out><![CDATA[2020-10-13 11:00:18 - [TEST_CASE][PASSED] - Test Cases/Certpay_Quicksti/TC_003_MultiBureauSite_SingleBureau_SingleLinePayment: Test Cases/Certpay_Quicksti/TC_003_MultiBureauSite_SingleBureau_SingleLinePayment

2020-10-13 11:00:19 - [TEST_STEP][PASSED] - Start listener action : beforeTestCase: null

2020-10-13 11:00:19 - [TEST_STEP][PASSED] - data = findTestData("Data Files/Certpay/SingleBureau_SingleLine"): null

2020-10-13 11:00:19 - [TEST_STEP][PASSED] - paymentIdList = []: null

2020-10-13 11:00:19 - [TEST_STEP][PASSED] - for (def index : (1..data.getRowNumbers())): null

2020-10-13 11:00:19 - [TEST_STEP][PASSED] - firstName = data.getValue("FirstName", index): null

2020-10-13 11:00:19 - [TEST_STEP][PASSED] - lastName = data.getValue("LastName", index): null

2020-10-13 11:00:19 - [TEST_STEP][PASSED] - expMonth = data.getValue("ExpMonth", index): null

2020-10-13 11:00:19 - [TEST_STEP][PASSED] - expYear = data.getValue("ExpYear", index): null

2020-10-13 11:00:19 - [TEST_STEP][PASSED] - securityCode = data.getValue("SecurityCode", index): null

2020-10-13 11:00:19 - [TEST_STEP][PASSED] - paymentAmount = data.getValue("PaymentAmount", index): null

2020-10-13 11:00:19 - [TEST_STEP][PASSED] - paymentType = data.getValue("PaymentType", index): null

2020-10-13 11:00:19 - [TEST_STEP][PASSED] - quantity = data.getValue("Quantity", index): null

2020-10-13 11:00:19 - [TEST_STEP][PASSED] - comments = data.getValue("Comments", index): null

2020-10-13 11:00:19 - [TEST_STEP][PASSED] - referenceNum = data.getValue("ReferenceNum", index): null

2020-10-13 11:00:19 - [TEST_STEP][PASSED] - address = data.getValue("Address", index): null

2020-10-13 11:00:19 - [TEST_STEP][PASSED] - zipCode = data.getValue("Zipcode", index): null

2020-10-13 11:00:19 - [TEST_STEP][PASSED] - telephone = data.getValue("Telephone", index): null

2020-10-13 11:00:19 - [TEST_STEP][PASSED] - emailAddress = data.getValue("EmailAddress", index): null

2020-10-13 11:00:19 - [TEST_STEP][PASSED] - cardNum = data.getValue("CardNumber", index): null

2020-10-13 11:00:19 - [TEST_STEP][PASSED] - cardType = data.getValue("CardType", index): null

2020-10-13 11:00:19 - [TEST_STEP][PASSED] - utilities.SafeActions.openBrowser(Quicksti_Url, [pageLoadTime]): Browser launched successfully

2020-10-13 11:00:19 - [MESSAGE][INFO] - Opening Browser

2020-10-13 11:00:19 - [MESSAGE][INFO] - Starting 'Chrome' driver

2020-10-13 11:00:29 - [MESSAGE][PASSED] - Browser is opened with url: 'https://qa-certpayquicksti.faps.net/'

2020-10-13 11:00:31 - [MESSAGE][PASSED] - Current window maximized

2020-10-13 11:00:31 - [MESSAGE][PASSED] - Browser launched successfully

2020-10-13 11:00:31 - [TEST_STEP][PASSED] - utilities.SafeActions.safeCheck(findTestObject("CERTPAY_QUICKSTI/Login_ Page/MULTI_BUREAU_CHECKBOX"), "Multi Bureau", [pageLoadTime]): Quicksti.ts:Checkbox 'Multi Bureau'is selected

2020-10-13 11:00:31 - [MESSAGE][PASSED] - Object 'Object Repository/CERTPAY_QUICKSTI/Login_ Page/MULTI_BUREAU_CHECKBOX' is present

2020-10-13 11:00:32 - [MESSAGE][PASSED] - Object 'Object Repository/CERTPAY_QUICKSTI/Login_ Page/MULTI_BUREAU_CHECKBOX' is present

2020-10-13 11:00:34 - [MESSAGE][PASSED] - Object: 'Object Repository/CERTPAY_QUICKSTI/Login_ Page/MULTI_BUREAU_CHECKBOX' is clicked on

2020-10-13 11:00:34 - [MESSAGE][PASSED] - Quicksti.ts:Checkbox 'Multi Bureau'is selected

2020-10-13 11:00:34 - [TEST_STEP][PASSED] - utilities.SafeActions.safeType(findTestObject("CERTPAY_QUICKSTI/Login_ Page/TELLER_ID"), teller_id, "Bureau code", [pageLoadTime]): Quicksti.ts:Entered'zenq into Bureau code

2020-10-13 11:00:36 - [MESSAGE][PASSED] - Object 'Object Repository/CERTPAY_QUICKSTI/Login_ Page/TELLER_ID' is present

2020-10-13 11:00:36 - [MESSAGE][PASSED] - Object 'Object Repository/CERTPAY_QUICKSTI/Login_ Page/TELLER_ID' is visible

2020-10-13 11:00:36 - [MESSAGE][PASSED] - Object 'Object Repository/CERTPAY_QUICKSTI/Login_ Page/TELLER_ID' is present

2020-10-13 11:00:38 - [MESSAGE][PASSED] - Text 'zenq' is set on object 'Object Repository/CERTPAY_QUICKSTI/Login_ Page/TELLER_ID'

2020-10-13 11:00:38 - [MESSAGE][PASSED] - Quicksti.ts:Entered'zenq into Bureau code

2020-10-13 11:00:38 - [TEST_STEP][PASSED] - utilities.SafeActions.safeClick(findTestObject("CERTPAY_QUICKSTI/Login_ Page/NEXT_BUTTON"), "Next button", [pageLoadTime]): Quicksti.ts:Clicked on the Next button

2020-10-13 11:00:38 - [MESSAGE][INFO] - safeClicking

2020-10-13 11:00:38 - [MESSAGE][PASSED] - Object 'Object Repository/CERTPAY_QUICKSTI/Login_ Page/NEXT_BUTTON' is present

2020-10-13 11:00:38 - [MESSAGE][PASSED] - Object 'Object Repository/CERTPAY_QUICKSTI/Login_ Page/NEXT_BUTTON' is clickable

2020-10-13 11:00:43 - [MESSAGE][PASSED] - Object: 'Object Repository/CERTPAY_QUICKSTI/Login_ Page/NEXT_BUTTON' is clicked on

2020-10-13 11:00:43 - [MESSAGE][PASSED] - Quicksti.ts:Clicked on the Next button

2020-10-13 11:00:43 - [TEST_STEP][PASSED] - pages.Quicksti.setCommnets("0", "0", comments): Quicksti.ts:Entered'Testing into Comments

2020-10-13 11:00:44 - [MESSAGE][PASSED] - Object '' is present

2020-10-13 11:00:44 - [MESSAGE][PASSED] - Object '' is visible

2020-10-13 11:00:44 - [MESSAGE][PASSED] - Object '' is present

2020-10-13 11:00:46 - [MESSAGE][PASSED] - Text 'Testing' is set on object ''

2020-10-13 11:00:46 - [MESSAGE][PASSED] - Quicksti.ts:Entered'Testing into Comments

2020-10-13 11:00:46 - [TEST_STEP][PASSED] - utilities.SafeActions.safeType(findTestObject("CERTPAY_QUICKSTI/Payment_Information_Page/PAYMENT_AMOUNT"), paymentAmount, "Payment Amount", [pageLoadTime]): Quicksti.ts:Entered'20.00 into Payment Amount

2020-10-13 11:00:46 - [MESSAGE][PASSED] - Object 'Object Repository/CERTPAY_QUICKSTI/Payment_Information_Page/PAYMENT_AMOUNT' is present

2020-10-13 11:00:46 - [MESSAGE][PASSED] - Object 'Object Repository/CERTPAY_QUICKSTI/Payment_Information_Page/PAYMENT_AMOUNT' is visible

2020-10-13 11:00:47 - [MESSAGE][PASSED] - Object 'Object Repository/CERTPAY_QUICKSTI/Payment_Information_Page/PAYMENT_AMOUNT' is present

2020-10-13 11:00:48 - [MESSAGE][PASSED] - Text '20.00' is set on object 'Object Repository/CERTPAY_QUICKSTI/Payment_Information_Page/PAYMENT_AMOUNT'

2020-10-13 11:00:48 - [MESSAGE][PASSED] - Quicksti.ts:Entered'20.00 into Payment Amount

2020-10-13 11:00:48 - [TEST_STEP][PASSED] - pages.Quicksti.setAmountDetailsForMultiBureau("0", paymentType, "0", referenceNum, quantity): Quicksti.ts:Entered'1 into Quntity

2020-10-13 11:00:49 - [MESSAGE][PASSED] - Object '' is visible

2020-10-13 11:00:49 - [MESSAGE][PASSED] - Object '' is present

2020-10-13 11:00:50 - [MESSAGE][PASSED] - Object: '' is clicked on

2020-10-13 11:00:51 - [MESSAGE][PASSED] - All options with label 'Taxes' are selected in object ''  using regular expression

2020-10-13 11:00:51 - [MESSAGE][PASSED] - selected dropdown option by visible text  Taxesfrom Payment Type

2020-10-13 11:00:52 - [MESSAGE][PASSED] - Object '' is present

2020-10-13 11:00:52 - [MESSAGE][PASSED] - Object '' is visible

2020-10-13 11:00:52 - [MESSAGE][PASSED] - Object '' is present

2020-10-13 11:00:54 - [MESSAGE][PASSED] - Text '11' is set on object ''

2020-10-13 11:00:54 - [MESSAGE][PASSED] - Quicksti.ts:Entered'11 into RefrenceNumber

2020-10-13 11:00:54 - [MESSAGE][PASSED] - Object '' is present

2020-10-13 11:00:54 - [MESSAGE][PASSED] - Object '' is visible

2020-10-13 11:00:54 - [MESSAGE][PASSED] - Object '' is present

2020-10-13 11:00:56 - [MESSAGE][PASSED] - Text '1' is set on object ''

2020-10-13 11:00:56 - [MESSAGE][PASSED] - Quicksti.ts:Entered'1 into Quntity

2020-10-13 11:00:56 - [TEST_STEP][PASSED] - utilities.SafeActions.safeClick(findTestObject("CERTPAY_QUICKSTI/Payment_Information_Page/MANUAL_ENTRY_BUTTON"), "ManualEntry", [pageLoadTime]): Quicksti.ts:Clicked on the ManualEntry

2020-10-13 11:00:56 - [MESSAGE][INFO] - safeClicking

2020-10-13 11:00:56 - [MESSAGE][PASSED] - Object 'Object Repository/CERTPAY_QUICKSTI/Payment_Information_Page/MANUAL_ENTRY_BUTTON' is present

2020-10-13 11:00:56 - [MESSAGE][PASSED] - Object 'Object Repository/CERTPAY_QUICKSTI/Payment_Information_Page/MANUAL_ENTRY_BUTTON' is clickable

2020-10-13 11:01:00 - [MESSAGE][PASSED] - Object: 'Object Repository/CERTPAY_QUICKSTI/Payment_Information_Page/MANUAL_ENTRY_BUTTON' is clicked on

2020-10-13 11:01:00 - [MESSAGE][PASSED] - Quicksti.ts:Clicked on the ManualEntry

2020-10-13 11:01:00 - [TEST_STEP][PASSED] - amount_Value = pages.Quicksti.getAttributeValue(findTestObject("CERTPAY_QUICKSTI/Payment_Information_Page/SUB_TOTAL")): pages.Quicksti.getAttributeValue is PASSED

2020-10-13 11:01:01 - [MESSAGE][PASSED] - Attribute 'value' of object 'Object Repository/CERTPAY_QUICKSTI/Payment_Information_Page/SUB_TOTAL' is: '20.00'

2020-10-13 11:01:01 - [MESSAGE][PASSED] - pages.Quicksti.getAttributeValue is PASSED

2020-10-13 11:01:01 - [TEST_STEP][PASSED] - CardNumber = pages.Quicksti.setUserPaymentDetails(firstName, lastName, cardNum): Quicksti.ts:Entered'4761739001010135 into CardNum

2020-10-13 11:01:01 - [MESSAGE][PASSED] - Object 'Object Repository/CERTPAY_QUICKSTI/Payment_Information_Page/FIRST_NAME' is present

2020-10-13 11:01:01 - [MESSAGE][PASSED] - Object 'Object Repository/CERTPAY_QUICKSTI/Payment_Information_Page/FIRST_NAME' is visible

2020-10-13 11:01:02 - [MESSAGE][PASSED] - Object 'Object Repository/CERTPAY_QUICKSTI/Payment_Information_Page/FIRST_NAME' is present

2020-10-13 11:01:03 - [MESSAGE][PASSED] - Text 'Tester' is set on object 'Object Repository/CERTPAY_QUICKSTI/Payment_Information_Page/FIRST_NAME'

2020-10-13 11:01:03 - [MESSAGE][PASSED] - Quicksti.ts:Entered'Tester into FirstName

2020-10-13 11:01:03 - [MESSAGE][PASSED] - Object 'Object Repository/CERTPAY_QUICKSTI/Payment_Information_Page/LAST_NAME' is present

2020-10-13 11:01:04 - [MESSAGE][PASSED] - Object 'Object Repository/CERTPAY_QUICKSTI/Payment_Information_Page/LAST_NAME' is visible

2020-10-13 11:01:04 - [MESSAGE][PASSED] - Object 'Object Repository/CERTPAY_QUICKSTI/Payment_Information_Page/LAST_NAME' is present

2020-10-13 11:01:05 - [MESSAGE][PASSED] - Text 'Zenq1' is set on object 'Object Repository/CERTPAY_QUICKSTI/Payment_Information_Page/LAST_NAME'

2020-10-13 11:01:05 - [MESSAGE][PASSED] - Quicksti.ts:Entered'Zenq1 into LAstName

2020-10-13 11:01:06 - [MESSAGE][PASSED] - Object 'Object Repository/CERTPAY_QUICKSTI/Payment_Information_Page/CARD_NUMBER' is present

2020-10-13 11:01:06 - [MESSAGE][PASSED] - Object 'Object Repository/CERTPAY_QUICKSTI/Payment_Information_Page/CARD_NUMBER' is visible

2020-10-13 11:01:06 - [MESSAGE][PASSED] - Object 'Object Repository/CERTPAY_QUICKSTI/Payment_Information_Page/CARD_NUMBER' is present

2020-10-13 11:01:08 - [MESSAGE][PASSED] - Text '4761739001010135' is set on object 'Object Repository/CERTPAY_QUICKSTI/Payment_Information_Page/CARD_NUMBER'

2020-10-13 11:01:08 - [MESSAGE][PASSED] - Quicksti.ts:Entered'4761739001010135 into CardNum

2020-10-13 11:01:08 - [TEST_STEP][PASSED] - pages.Quicksti.setExpDate(expMonth, expYear, securityCode): Quicksti.ts:Entered'207 into securityCode

2020-10-13 11:01:08 - [MESSAGE][PASSED] - Object 'Object Repository/CERTPAY_QUICKSTI/Payment_Information_Page/EXP_MONTH' is visible

2020-10-13 11:01:08 - [MESSAGE][PASSED] - Object 'Object Repository/CERTPAY_QUICKSTI/Payment_Information_Page/EXP_MONTH' is present

2020-10-13 11:01:10 - [MESSAGE][PASSED] - Object: 'Object Repository/CERTPAY_QUICKSTI/Payment_Information_Page/EXP_MONTH' is clicked on

2020-10-13 11:01:11 - [MESSAGE][PASSED] - All options with label '03' are selected in object 'Object Repository/CERTPAY_QUICKSTI/Payment_Information_Page/EXP_MONTH'  using regular expression

2020-10-13 11:01:11 - [MESSAGE][PASSED] - selected dropdown option by visible text  03from expMonth

2020-10-13 11:01:11 - [MESSAGE][PASSED] - Object 'Object Repository/CERTPAY_QUICKSTI/Payment_Information_Page/EXP_YEAR' is visible

2020-10-13 11:01:11 - [MESSAGE][PASSED] - Object 'Object Repository/CERTPAY_QUICKSTI/Payment_Information_Page/EXP_YEAR' is present

2020-10-13 11:01:13 - [MESSAGE][PASSED] - Object: 'Object Repository/CERTPAY_QUICKSTI/Payment_Information_Page/EXP_YEAR' is clicked on

2020-10-13 11:01:14 - [MESSAGE][PASSED] - All options with label '2022' are selected in object 'Object Repository/CERTPAY_QUICKSTI/Payment_Information_Page/EXP_YEAR'  using regular expression

2020-10-13 11:01:14 - [MESSAGE][PASSED] - selected dropdown option by visible text  2022from  expYear

2020-10-13 11:01:14 - [MESSAGE][PASSED] - Object 'Object Repository/CERTPAY_QUICKSTI/Payment_Information_Page/SECURITY_CODE' is present

2020-10-13 11:01:15 - [MESSAGE][PASSED] - Object 'Object Repository/CERTPAY_QUICKSTI/Payment_Information_Page/SECURITY_CODE' is visible

2020-10-13 11:01:15 - [MESSAGE][PASSED] - Object 'Object Repository/CERTPAY_QUICKSTI/Payment_Information_Page/SECURITY_CODE' is present

2020-10-13 11:01:16 - [MESSAGE][PASSED] - Text '207' is set on object 'Object Repository/CERTPAY_QUICKSTI/Payment_Information_Page/SECURITY_CODE'

2020-10-13 11:01:16 - [MESSAGE][PASSED] - Quicksti.ts:Entered'207 into securityCode

2020-10-13 11:01:16 - [TEST_STEP][PASSED] - utilities.SafeActions.safeType(findTestObject("CERTPAY_QUICKSTI/Payment_Information_Page/ADDRESS"), address, "Address", [pageLoadTime]): Quicksti.ts:Entered'14-2 into Address

2020-10-13 11:01:17 - [MESSAGE][PASSED] - Object 'Object Repository/CERTPAY_QUICKSTI/Payment_Information_Page/ADDRESS' is present

2020-10-13 11:01:17 - [MESSAGE][PASSED] - Object 'Object Repository/CERTPAY_QUICKSTI/Payment_Information_Page/ADDRESS' is visible

2020-10-13 11:01:17 - [MESSAGE][PASSED] - Object 'Object Repository/CERTPAY_QUICKSTI/Payment_Information_Page/ADDRESS' is present

2020-10-13 11:01:19 - [MESSAGE][PASSED] - Text '14-2' is set on object 'Object Repository/CERTPAY_QUICKSTI/Payment_Information_Page/ADDRESS'

2020-10-13 11:01:19 - [MESSAGE][PASSED] - Quicksti.ts:Entered'14-2 into Address

2020-10-13 11:01:19 - [TEST_STEP][PASSED] - utilities.SafeActions.safeType(findTestObject("CERTPAY_QUICKSTI/Payment_Information_Page/ZIP_CODE"), zipCode, "zipcode", [pageLoadTime]): Quicksti.ts:Entered'76102 into zipcode

2020-10-13 11:01:19 - [MESSAGE][PASSED] - Object 'Object Repository/CERTPAY_QUICKSTI/Payment_Information_Page/ZIP_CODE' is present

2020-10-13 11:01:19 - [MESSAGE][PASSED] - Object 'Object Repository/CERTPAY_QUICKSTI/Payment_Information_Page/ZIP_CODE' is visible

2020-10-13 11:01:19 - [MESSAGE][PASSED] - Object 'Object Repository/CERTPAY_QUICKSTI/Payment_Information_Page/ZIP_CODE' is present

2020-10-13 11:01:21 - [MESSAGE][PASSED] - Text '76102' is set on object 'Object Repository/CERTPAY_QUICKSTI/Payment_Information_Page/ZIP_CODE'

2020-10-13 11:01:21 - [MESSAGE][PASSED] - Quicksti.ts:Entered'76102 into zipcode

2020-10-13 11:01:21 - [TEST_STEP][PASSED] - utilities.SafeActions.safeType(findTestObject("CERTPAY_QUICKSTI/Payment_Information_Page/TELEPHONE"), telephone, "Telephone", [pageLoadTime]): Quicksti.ts:Entered'9988776655 into Telephone

2020-10-13 11:01:21 - [MESSAGE][PASSED] - Object 'Object Repository/CERTPAY_QUICKSTI/Payment_Information_Page/TELEPHONE' is present

2020-10-13 11:01:21 - [MESSAGE][PASSED] - Object 'Object Repository/CERTPAY_QUICKSTI/Payment_Information_Page/TELEPHONE' is visible

2020-10-13 11:01:22 - [MESSAGE][PASSED] - Object 'Object Repository/CERTPAY_QUICKSTI/Payment_Information_Page/TELEPHONE' is present

2020-10-13 11:01:23 - [MESSAGE][PASSED] - Text '9988776655' is set on object 'Object Repository/CERTPAY_QUICKSTI/Payment_Information_Page/TELEPHONE'

2020-10-13 11:01:23 - [MESSAGE][PASSED] - Quicksti.ts:Entered'9988776655 into Telephone

2020-10-13 11:01:23 - [TEST_STEP][PASSED] - utilities.SafeActions.safeType(findTestObject("CERTPAY_QUICKSTI/Payment_Information_Page/EMAIL_ADDRESS"), emailAddress, "EMAIL address", [pageLoadTime]): Quicksti.ts:Entered'testing@zenq.com into EMAIL address

2020-10-13 11:01:23 - [MESSAGE][PASSED] - Object 'Object Repository/CERTPAY_QUICKSTI/Payment_Information_Page/EMAIL_ADDRESS' is present

2020-10-13 11:01:24 - [MESSAGE][PASSED] - Object 'Object Repository/CERTPAY_QUICKSTI/Payment_Information_Page/EMAIL_ADDRESS' is visible

2020-10-13 11:01:24 - [MESSAGE][PASSED] - Object 'Object Repository/CERTPAY_QUICKSTI/Payment_Information_Page/EMAIL_ADDRESS' is present

2020-10-13 11:01:25 - [MESSAGE][PASSED] - Text 'testing@zenq.com' is set on object 'Object Repository/CERTPAY_QUICKSTI/Payment_Information_Page/EMAIL_ADDRESS'

2020-10-13 11:01:25 - [MESSAGE][PASSED] - Quicksti.ts:Entered'testing@zenq.com into EMAIL address

2020-10-13 11:01:25 - [TEST_STEP][PASSED] - utilities.SafeActions.safeClick(findTestObject("CERTPAY_QUICKSTI/Payment_Information_Page/NEXT_BUTTON"), "Next", [pageLoadTime]): Quicksti.ts:Clicked on the Next

2020-10-13 11:01:25 - [MESSAGE][INFO] - safeClicking

2020-10-13 11:01:25 - [MESSAGE][PASSED] - Object 'Object Repository/CERTPAY_QUICKSTI/Payment_Information_Page/NEXT_BUTTON' is present

2020-10-13 11:01:26 - [MESSAGE][PASSED] - Object 'Object Repository/CERTPAY_QUICKSTI/Payment_Information_Page/NEXT_BUTTON' is clickable

2020-10-13 11:01:29 - [MESSAGE][PASSED] - Object: 'Object Repository/CERTPAY_QUICKSTI/Payment_Information_Page/NEXT_BUTTON' is clicked on

2020-10-13 11:01:29 - [MESSAGE][PASSED] - Quicksti.ts:Clicked on the Next

2020-10-13 11:01:29 - [TEST_STEP][PASSED] - pages.Quicksti.verifyUserPaymentDetails(paymentAmount, firstName, lastName, CardNumber): pages.Quicksti.verifyUserPaymentDetails is PASSED

2020-10-13 11:01:30 - [MESSAGE][PASSED] - Text of object 'Object Repository/CERTPAY_QUICKSTI/Payment_Details_Verification_Page/AMOUNT' is: '$20.00'

2020-10-13 11:01:30 - [MESSAGE][PASSED] - Actual text '20.00' and expected text '20.00' are matched  using regular expression

2020-10-13 11:01:30 - [MESSAGE][PASSED] - Text of object 'Object Repository/CERTPAY_QUICKSTI/Payment_Details_Verification_Page/NAME' is: 'Tester Zenq1'

2020-10-13 11:01:30 - [MESSAGE][PASSED] - Actual text 'Tester Zenq1' and expected text 'Tester Zenq1' are matched  using regular expression

2020-10-13 11:01:31 - [MESSAGE][PASSED] - Text of object 'Object Repository/CERTPAY_QUICKSTI/Payment_Details_Verification_Page/CARD_NUMBER' is: '...0135'

2020-10-13 11:01:31 - [MESSAGE][PASSED] - Actual text '0135' and expected text '0135' are matched  using regular expression

2020-10-13 11:01:31 - [MESSAGE][PASSED] - pages.Quicksti.verifyUserPaymentDetails is PASSED

2020-10-13 11:01:31 - [TEST_STEP][PASSED] - delay(2): Delayed 2 second(s)

2020-10-13 11:01:33 - [MESSAGE][PASSED] - Delayed 2 second(s)

2020-10-13 11:01:33 - [TEST_STEP][PASSED] - scrollToElement(findTestObject("CERTPAY_QUICKSTI/Payment_Details_Verification_Page/PROCESS"), 0): Scroll to object 'Object Repository/CERTPAY_QUICKSTI/Payment_Details_Verification_Page/PROCESS' successfully

2020-10-13 11:01:33 - [MESSAGE][WARNING] - Timeout '0' is invalid. Using default page load timeout: '30'

2020-10-13 11:01:33 - [MESSAGE][PASSED] - Scroll to object 'Object Repository/CERTPAY_QUICKSTI/Payment_Details_Verification_Page/PROCESS' successfully

2020-10-13 11:01:33 - [TEST_STEP][PASSED] - utilities.SafeActions.safeClick(findTestObject("CERTPAY_QUICKSTI/Payment_Details_Verification_Page/PROCESS"), "Process", [pageLoadTime]): Quicksti.ts:Clicked on the Process

2020-10-13 11:01:33 - [MESSAGE][INFO] - safeClicking

2020-10-13 11:01:33 - [MESSAGE][PASSED] - Object 'Object Repository/CERTPAY_QUICKSTI/Payment_Details_Verification_Page/PROCESS' is present

2020-10-13 11:01:34 - [MESSAGE][PASSED] - Object 'Object Repository/CERTPAY_QUICKSTI/Payment_Details_Verification_Page/PROCESS' is clickable

2020-10-13 11:01:38 - [MESSAGE][PASSED] - Object: 'Object Repository/CERTPAY_QUICKSTI/Payment_Details_Verification_Page/PROCESS' is clicked on

2020-10-13 11:01:38 - [MESSAGE][PASSED] - Quicksti.ts:Clicked on the Process

2020-10-13 11:01:38 - [TEST_STEP][PASSED] - paymentId = pages.Quicksti.verifyPaymentApproval(findTestObject("CERTPAY_QUICKSTI/Payment_Details_Verification_Page/APPROVED")): Payment is approved

2020-10-13 11:01:38 - [MESSAGE][PASSED] - Text of object 'Object Repository/CERTPAY_QUICKSTI/Payment_Details_Verification_Page/PAYMENT_ID' is: '100176127306'

2020-10-13 11:01:38 - [MESSAGE][PASSED] - Object 'Object Repository/CERTPAY_QUICKSTI/Payment_Details_Verification_Page/APPROVED' is present

2020-10-13 11:01:38 - [MESSAGE][PASSED] - Payment is approved

2020-10-13 11:01:40 - [TEST_STEP][PASSED] - navigateToUrl(Admin_url): Navigate to 'https://qa-certpayadmin.faps.net' successfully

2020-10-13 11:01:45 - [MESSAGE][PASSED] - Navigate to 'https://qa-certpayadmin.faps.net' successfully

2020-10-13 11:01:45 - [TEST_STEP][PASSED] - pages.Bureau_Login_Page.loginToAdminSite(AdminUsername, AdminPassword): Quicksti.ts:Clicked on the LOGIN

2020-10-13 11:01:45 - [MESSAGE][PASSED] - Object 'Object Repository/CERTPAY_ADMIN/USER_NAME' is present

2020-10-13 11:01:46 - [MESSAGE][PASSED] - Object 'Object Repository/CERTPAY_ADMIN/USER_NAME' is visible

2020-10-13 11:01:46 - [MESSAGE][PASSED] - Object 'Object Repository/CERTPAY_ADMIN/USER_NAME' is present

2020-10-13 11:01:47 - [MESSAGE][PASSED] - Text 'VVangiliappan' is set on object 'Object Repository/CERTPAY_ADMIN/USER_NAME'

2020-10-13 11:01:47 - [MESSAGE][PASSED] - Quicksti.ts:Entered'VVangiliappan into username

2020-10-13 11:01:48 - [MESSAGE][PASSED] - Object 'Object Repository/CERTPAY_ADMIN/PASSWORD' is present

2020-10-13 11:01:48 - [MESSAGE][PASSED] - Object 'Object Repository/CERTPAY_ADMIN/PASSWORD' is visible

2020-10-13 11:01:48 - [MESSAGE][PASSED] - Object 'Object Repository/CERTPAY_ADMIN/PASSWORD' is present

2020-10-13 11:01:50 - [MESSAGE][PASSED] - Text 'Test@123' is set on object 'Object Repository/CERTPAY_ADMIN/PASSWORD'

2020-10-13 11:01:50 - [MESSAGE][PASSED] - Quicksti.ts:Entered'Test@123 into password

2020-10-13 11:01:50 - [MESSAGE][INFO] - safeClicking

2020-10-13 11:01:50 - [MESSAGE][PASSED] - Object 'Object Repository/CERTPAY_ADMIN/LOGIN_BUTTON' is present

2020-10-13 11:01:50 - [MESSAGE][PASSED] - Object 'Object Repository/CERTPAY_ADMIN/LOGIN_BUTTON' is clickable

2020-10-13 11:01:58 - [MESSAGE][PASSED] - Object: 'Object Repository/CERTPAY_ADMIN/LOGIN_BUTTON' is clicked on

2020-10-13 11:01:58 - [MESSAGE][PASSED] - Quicksti.ts:Clicked on the LOGIN

2020-10-13 11:01:58 - [TEST_STEP][PASSED] - utilities.SafeActions.safeClick(findTestObject("CERTPAY_ADMIN/TRANSACTION_MENU"), "TransactionMenu", [pageLoadTime]): Quicksti.ts:Clicked on the TransactionMenu

2020-10-13 11:01:58 - [MESSAGE][INFO] - safeClicking

2020-10-13 11:01:59 - [MESSAGE][PASSED] - Object 'Object Repository/CERTPAY_ADMIN/TRANSACTION_MENU' is present

2020-10-13 11:01:59 - [MESSAGE][PASSED] - Object 'Object Repository/CERTPAY_ADMIN/TRANSACTION_MENU' is clickable

2020-10-13 11:02:00 - [MESSAGE][PASSED] - Object: 'Object Repository/CERTPAY_ADMIN/TRANSACTION_MENU' is clicked on

2020-10-13 11:02:00 - [MESSAGE][PASSED] - Quicksti.ts:Clicked on the TransactionMenu

2020-10-13 11:02:00 - [TEST_STEP][PASSED] - utilities.SafeActions.safeClick(findTestObject("CERTPAY_ADMIN/TRANSACTION_SEARCH"), "TransactionSearch", [pageLoadTime]): Quicksti.ts:Clicked on the TransactionSearch

2020-10-13 11:02:00 - [MESSAGE][INFO] - safeClicking

2020-10-13 11:02:01 - [MESSAGE][PASSED] - Object 'Object Repository/CERTPAY_ADMIN/TRANSACTION_SEARCH' is present

2020-10-13 11:02:01 - [MESSAGE][PASSED] - Object 'Object Repository/CERTPAY_ADMIN/TRANSACTION_SEARCH' is clickable

2020-10-13 11:02:05 - [MESSAGE][PASSED] - Object: 'Object Repository/CERTPAY_ADMIN/TRANSACTION_SEARCH' is clicked on

2020-10-13 11:02:05 - [MESSAGE][PASSED] - Quicksti.ts:Clicked on the TransactionSearch

2020-10-13 11:02:05 - [TEST_STEP][PASSED] - utilities.SafeActions.safeType(findTestObject("CERTPAY_ADMIN/PAYMENT_ID"), paymentId, "Payment id", [pageLoadTime]): Quicksti.ts:Entered'100176127306 into Payment id

2020-10-13 11:02:05 - [MESSAGE][PASSED] - Object 'Object Repository/CERTPAY_ADMIN/PAYMENT_ID' is present

2020-10-13 11:02:06 - [MESSAGE][PASSED] - Object 'Object Repository/CERTPAY_ADMIN/PAYMENT_ID' is visible

2020-10-13 11:02:06 - [MESSAGE][PASSED] - Object 'Object Repository/CERTPAY_ADMIN/PAYMENT_ID' is present

2020-10-13 11:02:07 - [MESSAGE][PASSED] - Text '100176127306' is set on object 'Object Repository/CERTPAY_ADMIN/PAYMENT_ID'

2020-10-13 11:02:07 - [MESSAGE][PASSED] - Quicksti.ts:Entered'100176127306 into Payment id

2020-10-13 11:02:07 - [TEST_STEP][PASSED] - utilities.SafeActions.safeClick(findTestObject("CERTPAY_ADMIN/GO_BUTTON"), "Go button", [pageLoadTime]): Quicksti.ts:Clicked on the Go button

2020-10-13 11:02:07 - [MESSAGE][INFO] - safeClicking

2020-10-13 11:02:07 - [MESSAGE][PASSED] - Object 'Object Repository/CERTPAY_ADMIN/GO_BUTTON' is present

2020-10-13 11:02:08 - [MESSAGE][PASSED] - Object 'Object Repository/CERTPAY_ADMIN/GO_BUTTON' is clickable

2020-10-13 11:02:11 - [MESSAGE][PASSED] - Object: 'Object Repository/CERTPAY_ADMIN/GO_BUTTON' is clicked on

2020-10-13 11:02:11 - [MESSAGE][PASSED] - Quicksti.ts:Clicked on the Go button

2020-10-13 11:02:11 - [TEST_STEP][PASSED] - delay(5): Delayed 5 second(s)

2020-10-13 11:02:16 - [MESSAGE][PASSED] - Delayed 5 second(s)

2020-10-13 11:02:16 - [TEST_STEP][PASSED] - scrollToPosition(800, 900): Browser is scrolled to position x = 800, y = 900

2020-10-13 11:02:17 - [MESSAGE][PASSED] - Browser is scrolled to position x = 800, y = 900

2020-10-13 11:02:17 - [TEST_STEP][PASSED] - paymentIdList.add(paymentId): null

2020-10-13 11:02:17 - [TEST_STEP][PASSED] - println(paymentIdList): null

2020-10-13 11:02:17 - [TEST_STEP][PASSED] - firstName = data.getValue("FirstName", index): null

2020-10-13 11:02:17 - [TEST_STEP][PASSED] - lastName = data.getValue("LastName", index): null

2020-10-13 11:02:17 - [TEST_STEP][PASSED] - expMonth = data.getValue("ExpMonth", index): null

2020-10-13 11:02:17 - [TEST_STEP][PASSED] - expYear = data.getValue("ExpYear", index): null

2020-10-13 11:02:17 - [TEST_STEP][PASSED] - securityCode = data.getValue("SecurityCode", index): null

2020-10-13 11:02:17 - [TEST_STEP][PASSED] - paymentAmount = data.getValue("PaymentAmount", index): null

2020-10-13 11:02:17 - [TEST_STEP][PASSED] - paymentType = data.getValue("PaymentType", index): null

2020-10-13 11:02:17 - [TEST_STEP][PASSED] - quantity = data.getValue("Quantity", index): null

2020-10-13 11:02:17 - [TEST_STEP][PASSED] - comments = data.getValue("Comments", index): null

2020-10-13 11:02:17 - [TEST_STEP][PASSED] - referenceNum = data.getValue("ReferenceNum", index): null

2020-10-13 11:02:17 - [TEST_STEP][PASSED] - address = data.getValue("Address", index): null

2020-10-13 11:02:17 - [TEST_STEP][PASSED] - zipCode = data.getValue("Zipcode", index): null

2020-10-13 11:02:17 - [TEST_STEP][PASSED] - telephone = data.getValue("Telephone", index): null

2020-10-13 11:02:17 - [TEST_STEP][PASSED] - emailAddress = data.getValue("EmailAddress", index): null

2020-10-13 11:02:17 - [TEST_STEP][PASSED] - cardNum = data.getValue("CardNumber", index): null

2020-10-13 11:02:17 - [TEST_STEP][PASSED] - cardType = data.getValue("CardType", index): null

2020-10-13 11:02:17 - [TEST_STEP][PASSED] - utilities.SafeActions.openBrowser(Quicksti_Url, [pageLoadTime]): Browser launched successfully

2020-10-13 11:02:17 - [MESSAGE][INFO] - Opening Browser

2020-10-13 11:02:17 - [MESSAGE][WARNING] - A browser is already opened. Closing browser and opening a new one

2020-10-13 11:02:18 - [MESSAGE][INFO] - Starting 'Chrome' driver

2020-10-13 11:02:27 - [MESSAGE][PASSED] - Browser is opened with url: 'https://qa-certpayquicksti.faps.net/'

2020-10-13 11:02:29 - [MESSAGE][PASSED] - Current window maximized

2020-10-13 11:02:29 - [MESSAGE][PASSED] - Browser launched successfully

2020-10-13 11:02:29 - [TEST_STEP][PASSED] - utilities.SafeActions.safeCheck(findTestObject("CERTPAY_QUICKSTI/Login_ Page/MULTI_BUREAU_CHECKBOX"), "Multi Bureau", [pageLoadTime]): Quicksti.ts:Checkbox 'Multi Bureau'is selected

2020-10-13 11:02:30 - [MESSAGE][PASSED] - Object 'Object Repository/CERTPAY_QUICKSTI/Login_ Page/MULTI_BUREAU_CHECKBOX' is present

2020-10-13 11:02:31 - [MESSAGE][PASSED] - Object 'Object Repository/CERTPAY_QUICKSTI/Login_ Page/MULTI_BUREAU_CHECKBOX' is present

2020-10-13 11:02:32 - [MESSAGE][PASSED] - Object: 'Object Repository/CERTPAY_QUICKSTI/Login_ Page/MULTI_BUREAU_CHECKBOX' is clicked on

2020-10-13 11:02:32 - [MESSAGE][PASSED] - Quicksti.ts:Checkbox 'Multi Bureau'is selected

2020-10-13 11:02:32 - [TEST_STEP][PASSED] - utilities.SafeActions.safeType(findTestObject("CERTPAY_QUICKSTI/Login_ Page/TELLER_ID"), teller_id, "Bureau code", [pageLoadTime]): Quicksti.ts:Entered'zenq into Bureau code

2020-10-13 11:02:34 - [MESSAGE][PASSED] - Object 'Object Repository/CERTPAY_QUICKSTI/Login_ Page/TELLER_ID' is present

2020-10-13 11:02:34 - [MESSAGE][PASSED] - Object 'Object Repository/CERTPAY_QUICKSTI/Login_ Page/TELLER_ID' is visible

2020-10-13 11:02:34 - [MESSAGE][PASSED] - Object 'Object Repository/CERTPAY_QUICKSTI/Login_ Page/TELLER_ID' is present

2020-10-13 11:02:36 - [MESSAGE][PASSED] - Text 'zenq' is set on object 'Object Repository/CERTPAY_QUICKSTI/Login_ Page/TELLER_ID'

2020-10-13 11:02:36 - [MESSAGE][PASSED] - Quicksti.ts:Entered'zenq into Bureau code

2020-10-13 11:02:36 - [TEST_STEP][PASSED] - utilities.SafeActions.safeClick(findTestObject("CERTPAY_QUICKSTI/Login_ Page/NEXT_BUTTON"), "Next button", [pageLoadTime]): Quicksti.ts:Clicked on the Next button

2020-10-13 11:02:36 - [MESSAGE][INFO] - safeClicking

2020-10-13 11:02:36 - [MESSAGE][PASSED] - Object 'Object Repository/CERTPAY_QUICKSTI/Login_ Page/NEXT_BUTTON' is present

2020-10-13 11:02:36 - [MESSAGE][PASSED] - Object 'Object Repository/CERTPAY_QUICKSTI/Login_ Page/NEXT_BUTTON' is clickable

2020-10-13 11:02:41 - [MESSAGE][PASSED] - Object: 'Object Repository/CERTPAY_QUICKSTI/Login_ Page/NEXT_BUTTON' is clicked on

2020-10-13 11:02:41 - [MESSAGE][PASSED] - Quicksti.ts:Clicked on the Next button

2020-10-13 11:02:41 - [TEST_STEP][PASSED] - pages.Quicksti.setCommnets("0", "0", comments): Quicksti.ts:Entered'Testing into Comments

2020-10-13 11:02:42 - [MESSAGE][PASSED] - Object '' is present

2020-10-13 11:02:42 - [MESSAGE][PASSED] - Object '' is visible

2020-10-13 11:02:42 - [MESSAGE][PASSED] - Object '' is present

2020-10-13 11:02:44 - [MESSAGE][PASSED] - Text 'Testing' is set on object ''

2020-10-13 11:02:44 - [MESSAGE][PASSED] - Quicksti.ts:Entered'Testing into Comments

2020-10-13 11:02:44 - [TEST_STEP][PASSED] - utilities.SafeActions.safeType(findTestObject("CERTPAY_QUICKSTI/Payment_Information_Page/PAYMENT_AMOUNT"), paymentAmount, "Payment Amount", [pageLoadTime]): Quicksti.ts:Entered'25.00 into Payment Amount

2020-10-13 11:02:44 - [MESSAGE][PASSED] - Object 'Object Repository/CERTPAY_QUICKSTI/Payment_Information_Page/PAYMENT_AMOUNT' is present

2020-10-13 11:02:44 - [MESSAGE][PASSED] - Object 'Object Repository/CERTPAY_QUICKSTI/Payment_Information_Page/PAYMENT_AMOUNT' is visible

2020-10-13 11:02:45 - [MESSAGE][PASSED] - Object 'Object Repository/CERTPAY_QUICKSTI/Payment_Information_Page/PAYMENT_AMOUNT' is present

2020-10-13 11:02:46 - [MESSAGE][PASSED] - Text '25.00' is set on object 'Object Repository/CERTPAY_QUICKSTI/Payment_Information_Page/PAYMENT_AMOUNT'

2020-10-13 11:02:46 - [MESSAGE][PASSED] - Quicksti.ts:Entered'25.00 into Payment Amount

2020-10-13 11:02:46 - [TEST_STEP][PASSED] - pages.Quicksti.setAmountDetailsForMultiBureau("0", paymentType, "0", referenceNum, quantity): Quicksti.ts:Entered'2 into Quntity

2020-10-13 11:02:47 - [MESSAGE][PASSED] - Object '' is visible

2020-10-13 11:02:47 - [MESSAGE][PASSED] - Object '' is present

2020-10-13 11:02:48 - [MESSAGE][PASSED] - Object: '' is clicked on

2020-10-13 11:02:49 - [MESSAGE][PASSED] - All options with label 'Gifts' are selected in object ''  using regular expression

2020-10-13 11:02:49 - [MESSAGE][PASSED] - selected dropdown option by visible text  Giftsfrom Payment Type

2020-10-13 11:02:50 - [MESSAGE][PASSED] - Object '' is present

2020-10-13 11:02:50 - [MESSAGE][PASSED] - Object '' is visible

2020-10-13 11:02:51 - [MESSAGE][PASSED] - Object '' is present

2020-10-13 11:02:52 - [MESSAGE][PASSED] - Text '12' is set on object ''

2020-10-13 11:02:52 - [MESSAGE][PASSED] - Quicksti.ts:Entered'12 into RefrenceNumber

2020-10-13 11:02:52 - [MESSAGE][PASSED] - Object '' is present

2020-10-13 11:02:52 - [MESSAGE][PASSED] - Object '' is visible

2020-10-13 11:02:53 - [MESSAGE][PASSED] - Object '' is present

2020-10-13 11:02:54 - [MESSAGE][PASSED] - Text '2' is set on object ''

2020-10-13 11:02:54 - [MESSAGE][PASSED] - Quicksti.ts:Entered'2 into Quntity

2020-10-13 11:02:54 - [TEST_STEP][PASSED] - utilities.SafeActions.safeClick(findTestObject("CERTPAY_QUICKSTI/Payment_Information_Page/MANUAL_ENTRY_BUTTON"), "ManualEntry", [pageLoadTime]): Quicksti.ts:Clicked on the ManualEntry

2020-10-13 11:02:54 - [MESSAGE][INFO] - safeClicking

2020-10-13 11:02:54 - [MESSAGE][PASSED] - Object 'Object Repository/CERTPAY_QUICKSTI/Payment_Information_Page/MANUAL_ENTRY_BUTTON' is present

2020-10-13 11:02:55 - [MESSAGE][PASSED] - Object 'Object Repository/CERTPAY_QUICKSTI/Payment_Information_Page/MANUAL_ENTRY_BUTTON' is clickable

2020-10-13 11:02:58 - [MESSAGE][PASSED] - Object: 'Object Repository/CERTPAY_QUICKSTI/Payment_Information_Page/MANUAL_ENTRY_BUTTON' is clicked on

2020-10-13 11:02:58 - [MESSAGE][PASSED] - Quicksti.ts:Clicked on the ManualEntry

2020-10-13 11:02:58 - [TEST_STEP][PASSED] - amount_Value = pages.Quicksti.getAttributeValue(findTestObject("CERTPAY_QUICKSTI/Payment_Information_Page/SUB_TOTAL")): pages.Quicksti.getAttributeValue is PASSED

2020-10-13 11:02:59 - [MESSAGE][PASSED] - Attribute 'value' of object 'Object Repository/CERTPAY_QUICKSTI/Payment_Information_Page/SUB_TOTAL' is: '50.00'

2020-10-13 11:02:59 - [MESSAGE][PASSED] - pages.Quicksti.getAttributeValue is PASSED

2020-10-13 11:02:59 - [TEST_STEP][PASSED] - CardNumber = pages.Quicksti.setUserPaymentDetails(firstName, lastName, cardNum): Quicksti.ts:Entered'5154623208647646 into CardNum

2020-10-13 11:02:59 - [MESSAGE][PASSED] - Object 'Object Repository/CERTPAY_QUICKSTI/Payment_Information_Page/FIRST_NAME' is present

2020-10-13 11:02:59 - [MESSAGE][PASSED] - Object 'Object Repository/CERTPAY_QUICKSTI/Payment_Information_Page/FIRST_NAME' is visible

2020-10-13 11:03:00 - [MESSAGE][PASSED] - Object 'Object Repository/CERTPAY_QUICKSTI/Payment_Information_Page/FIRST_NAME' is present

2020-10-13 11:03:01 - [MESSAGE][PASSED] - Text 'Tester' is set on object 'Object Repository/CERTPAY_QUICKSTI/Payment_Information_Page/FIRST_NAME'

2020-10-13 11:03:01 - [MESSAGE][PASSED] - Quicksti.ts:Entered'Tester into FirstName

2020-10-13 11:03:02 - [MESSAGE][PASSED] - Object 'Object Repository/CERTPAY_QUICKSTI/Payment_Information_Page/LAST_NAME' is present

2020-10-13 11:03:02 - [MESSAGE][PASSED] - Object 'Object Repository/CERTPAY_QUICKSTI/Payment_Information_Page/LAST_NAME' is visible

2020-10-13 11:03:02 - [MESSAGE][PASSED] - Object 'Object Repository/CERTPAY_QUICKSTI/Payment_Information_Page/LAST_NAME' is present

2020-10-13 11:03:03 - [MESSAGE][PASSED] - Text 'Zenq1' is set on object 'Object Repository/CERTPAY_QUICKSTI/Payment_Information_Page/LAST_NAME'

2020-10-13 11:03:03 - [MESSAGE][PASSED] - Quicksti.ts:Entered'Zenq1 into LAstName

2020-10-13 11:03:04 - [MESSAGE][PASSED] - Object 'Object Repository/CERTPAY_QUICKSTI/Payment_Information_Page/CARD_NUMBER' is present

2020-10-13 11:03:04 - [MESSAGE][PASSED] - Object 'Object Repository/CERTPAY_QUICKSTI/Payment_Information_Page/CARD_NUMBER' is visible

2020-10-13 11:03:04 - [MESSAGE][PASSED] - Object 'Object Repository/CERTPAY_QUICKSTI/Payment_Information_Page/CARD_NUMBER' is present

2020-10-13 11:03:06 - [MESSAGE][PASSED] - Text '5154623208647646' is set on object 'Object Repository/CERTPAY_QUICKSTI/Payment_Information_Page/CARD_NUMBER'

2020-10-13 11:03:06 - [MESSAGE][PASSED] - Quicksti.ts:Entered'5154623208647646 into CardNum

2020-10-13 11:03:06 - [TEST_STEP][PASSED] - pages.Quicksti.setExpDate(expMonth, expYear, securityCode): Quicksti.ts:Entered'207 into securityCode

2020-10-13 11:03:06 - [MESSAGE][PASSED] - Object 'Object Repository/CERTPAY_QUICKSTI/Payment_Information_Page/EXP_MONTH' is visible

2020-10-13 11:03:06 - [MESSAGE][PASSED] - Object 'Object Repository/CERTPAY_QUICKSTI/Payment_Information_Page/EXP_MONTH' is present

2020-10-13 11:03:07 - [MESSAGE][PASSED] - Object: 'Object Repository/CERTPAY_QUICKSTI/Payment_Information_Page/EXP_MONTH' is clicked on

2020-10-13 11:03:09 - [MESSAGE][PASSED] - All options with label '04' are selected in object 'Object Repository/CERTPAY_QUICKSTI/Payment_Information_Page/EXP_MONTH'  using regular expression

2020-10-13 11:03:09 - [MESSAGE][PASSED] - selected dropdown option by visible text  04from expMonth

2020-10-13 11:03:09 - [MESSAGE][PASSED] - Object 'Object Repository/CERTPAY_QUICKSTI/Payment_Information_Page/EXP_YEAR' is visible

2020-10-13 11:03:09 - [MESSAGE][PASSED] - Object 'Object Repository/CERTPAY_QUICKSTI/Payment_Information_Page/EXP_YEAR' is present

2020-10-13 11:03:11 - [MESSAGE][PASSED] - Object: 'Object Repository/CERTPAY_QUICKSTI/Payment_Information_Page/EXP_YEAR' is clicked on

2020-10-13 11:03:12 - [MESSAGE][PASSED] - All options with label '2023' are selected in object 'Object Repository/CERTPAY_QUICKSTI/Payment_Information_Page/EXP_YEAR'  using regular expression

2020-10-13 11:03:12 - [MESSAGE][PASSED] - selected dropdown option by visible text  2023from  expYear

2020-10-13 11:03:12 - [MESSAGE][PASSED] - Object 'Object Repository/CERTPAY_QUICKSTI/Payment_Information_Page/SECURITY_CODE' is present

2020-10-13 11:03:13 - [MESSAGE][PASSED] - Object 'Object Repository/CERTPAY_QUICKSTI/Payment_Information_Page/SECURITY_CODE' is visible

2020-10-13 11:03:13 - [MESSAGE][PASSED] - Object 'Object Repository/CERTPAY_QUICKSTI/Payment_Information_Page/SECURITY_CODE' is present

2020-10-13 11:03:14 - [MESSAGE][PASSED] - Text '207' is set on object 'Object Repository/CERTPAY_QUICKSTI/Payment_Information_Page/SECURITY_CODE'

2020-10-13 11:03:14 - [MESSAGE][PASSED] - Quicksti.ts:Entered'207 into securityCode

2020-10-13 11:03:14 - [TEST_STEP][PASSED] - utilities.SafeActions.safeType(findTestObject("CERTPAY_QUICKSTI/Payment_Information_Page/ADDRESS"), address, "Address", [pageLoadTime]): Quicksti.ts:Entered'14-2 into Address

2020-10-13 11:03:15 - [MESSAGE][PASSED] - Object 'Object Repository/CERTPAY_QUICKSTI/Payment_Information_Page/ADDRESS' is present

2020-10-13 11:03:15 - [MESSAGE][PASSED] - Object 'Object Repository/CERTPAY_QUICKSTI/Payment_Information_Page/ADDRESS' is visible

2020-10-13 11:03:15 - [MESSAGE][PASSED] - Object 'Object Repository/CERTPAY_QUICKSTI/Payment_Information_Page/ADDRESS' is present

2020-10-13 11:03:17 - [MESSAGE][PASSED] - Text '14-2' is set on object 'Object Repository/CERTPAY_QUICKSTI/Payment_Information_Page/ADDRESS'

2020-10-13 11:03:17 - [MESSAGE][PASSED] - Quicksti.ts:Entered'14-2 into Address

2020-10-13 11:03:17 - [TEST_STEP][PASSED] - utilities.SafeActions.safeType(findTestObject("CERTPAY_QUICKSTI/Payment_Information_Page/ZIP_CODE"), zipCode, "zipcode", [pageLoadTime]): Quicksti.ts:Entered'76102 into zipcode

2020-10-13 11:03:17 - [MESSAGE][PASSED] - Object 'Object Repository/CERTPAY_QUICKSTI/Payment_Information_Page/ZIP_CODE' is present

2020-10-13 11:03:17 - [MESSAGE][PASSED] - Object 'Object Repository/CERTPAY_QUICKSTI/Payment_Information_Page/ZIP_CODE' is visible

2020-10-13 11:03:17 - [MESSAGE][PASSED] - Object 'Object Repository/CERTPAY_QUICKSTI/Payment_Information_Page/ZIP_CODE' is present

2020-10-13 11:03:19 - [MESSAGE][PASSED] - Text '76102' is set on object 'Object Repository/CERTPAY_QUICKSTI/Payment_Information_Page/ZIP_CODE'

2020-10-13 11:03:19 - [MESSAGE][PASSED] - Quicksti.ts:Entered'76102 into zipcode

2020-10-13 11:03:19 - [TEST_STEP][PASSED] - utilities.SafeActions.safeType(findTestObject("CERTPAY_QUICKSTI/Payment_Information_Page/TELEPHONE"), telephone, "Telephone", [pageLoadTime]): Quicksti.ts:Entered'9989897654 into Telephone

2020-10-13 11:03:19 - [MESSAGE][PASSED] - Object 'Object Repository/CERTPAY_QUICKSTI/Payment_Information_Page/TELEPHONE' is present

2020-10-13 11:03:19 - [MESSAGE][PASSED] - Object 'Object Repository/CERTPAY_QUICKSTI/Payment_Information_Page/TELEPHONE' is visible

2020-10-13 11:03:20 - [MESSAGE][PASSED] - Object 'Object Repository/CERTPAY_QUICKSTI/Payment_Information_Page/TELEPHONE' is present

2020-10-13 11:03:21 - [MESSAGE][PASSED] - Text '9989897654' is set on object 'Object Repository/CERTPAY_QUICKSTI/Payment_Information_Page/TELEPHONE'

2020-10-13 11:03:21 - [MESSAGE][PASSED] - Quicksti.ts:Entered'9989897654 into Telephone

2020-10-13 11:03:21 - [TEST_STEP][PASSED] - utilities.SafeActions.safeType(findTestObject("CERTPAY_QUICKSTI/Payment_Information_Page/EMAIL_ADDRESS"), emailAddress, "EMAIL address", [pageLoadTime]): Quicksti.ts:Entered'testing@zenq.com into EMAIL address

2020-10-13 11:03:21 - [MESSAGE][PASSED] - Object 'Object Repository/CERTPAY_QUICKSTI/Payment_Information_Page/EMAIL_ADDRESS' is present

2020-10-13 11:03:22 - [MESSAGE][PASSED] - Object 'Object Repository/CERTPAY_QUICKSTI/Payment_Information_Page/EMAIL_ADDRESS' is visible

2020-10-13 11:03:22 - [MESSAGE][PASSED] - Object 'Object Repository/CERTPAY_QUICKSTI/Payment_Information_Page/EMAIL_ADDRESS' is present

2020-10-13 11:03:23 - [MESSAGE][PASSED] - Text 'testing@zenq.com' is set on object 'Object Repository/CERTPAY_QUICKSTI/Payment_Information_Page/EMAIL_ADDRESS'

2020-10-13 11:03:23 - [MESSAGE][PASSED] - Quicksti.ts:Entered'testing@zenq.com into EMAIL address

2020-10-13 11:03:23 - [TEST_STEP][PASSED] - utilities.SafeActions.safeClick(findTestObject("CERTPAY_QUICKSTI/Payment_Information_Page/NEXT_BUTTON"), "Next", [pageLoadTime]): Quicksti.ts:Clicked on the Next

2020-10-13 11:03:23 - [MESSAGE][INFO] - safeClicking

2020-10-13 11:03:23 - [MESSAGE][PASSED] - Object 'Object Repository/CERTPAY_QUICKSTI/Payment_Information_Page/NEXT_BUTTON' is present

2020-10-13 11:03:24 - [MESSAGE][PASSED] - Object 'Object Repository/CERTPAY_QUICKSTI/Payment_Information_Page/NEXT_BUTTON' is clickable

2020-10-13 11:03:27 - [MESSAGE][PASSED] - Object: 'Object Repository/CERTPAY_QUICKSTI/Payment_Information_Page/NEXT_BUTTON' is clicked on

2020-10-13 11:03:27 - [MESSAGE][PASSED] - Quicksti.ts:Clicked on the Next

2020-10-13 11:03:27 - [TEST_STEP][PASSED] - pages.Quicksti.verifyUserPaymentDetails(paymentAmount, firstName, lastName, CardNumber): pages.Quicksti.verifyUserPaymentDetails is PASSED

2020-10-13 11:03:28 - [MESSAGE][PASSED] - Text of object 'Object Repository/CERTPAY_QUICKSTI/Payment_Details_Verification_Page/AMOUNT' is: '$25.00'

2020-10-13 11:03:28 - [MESSAGE][PASSED] - Actual text '25.00' and expected text '25.00' are matched  using regular expression

2020-10-13 11:03:28 - [MESSAGE][PASSED] - Text of object 'Object Repository/CERTPAY_QUICKSTI/Payment_Details_Verification_Page/NAME' is: 'Tester Zenq1'

2020-10-13 11:03:28 - [MESSAGE][PASSED] - Actual text 'Tester Zenq1' and expected text 'Tester Zenq1' are matched  using regular expression

2020-10-13 11:03:28 - [MESSAGE][PASSED] - Text of object 'Object Repository/CERTPAY_QUICKSTI/Payment_Details_Verification_Page/CARD_NUMBER' is: '...7646'

2020-10-13 11:03:28 - [MESSAGE][PASSED] - Actual text '7646' and expected text '7646' are matched  using regular expression

2020-10-13 11:03:28 - [MESSAGE][PASSED] - pages.Quicksti.verifyUserPaymentDetails is PASSED

2020-10-13 11:03:28 - [TEST_STEP][PASSED] - delay(2): Delayed 2 second(s)

2020-10-13 11:03:30 - [MESSAGE][PASSED] - Delayed 2 second(s)

2020-10-13 11:03:30 - [TEST_STEP][PASSED] - scrollToElement(findTestObject("CERTPAY_QUICKSTI/Payment_Details_Verification_Page/PROCESS"), 0): Scroll to object 'Object Repository/CERTPAY_QUICKSTI/Payment_Details_Verification_Page/PROCESS' successfully

2020-10-13 11:03:30 - [MESSAGE][WARNING] - Timeout '0' is invalid. Using default page load timeout: '30'

2020-10-13 11:03:31 - [MESSAGE][PASSED] - Scroll to object 'Object Repository/CERTPAY_QUICKSTI/Payment_Details_Verification_Page/PROCESS' successfully

2020-10-13 11:03:31 - [TEST_STEP][PASSED] - utilities.SafeActions.safeClick(findTestObject("CERTPAY_QUICKSTI/Payment_Details_Verification_Page/PROCESS"), "Process", [pageLoadTime]): Quicksti.ts:Clicked on the Process

2020-10-13 11:03:31 - [MESSAGE][INFO] - safeClicking

2020-10-13 11:03:31 - [MESSAGE][PASSED] - Object 'Object Repository/CERTPAY_QUICKSTI/Payment_Details_Verification_Page/PROCESS' is present

2020-10-13 11:03:31 - [MESSAGE][PASSED] - Object 'Object Repository/CERTPAY_QUICKSTI/Payment_Details_Verification_Page/PROCESS' is clickable

2020-10-13 11:03:36 - [MESSAGE][PASSED] - Object: 'Object Repository/CERTPAY_QUICKSTI/Payment_Details_Verification_Page/PROCESS' is clicked on

2020-10-13 11:03:36 - [MESSAGE][PASSED] - Quicksti.ts:Clicked on the Process

2020-10-13 11:03:36 - [TEST_STEP][PASSED] - paymentId = pages.Quicksti.verifyPaymentApproval(findTestObject("CERTPAY_QUICKSTI/Payment_Details_Verification_Page/APPROVED")): Payment is approved

2020-10-13 11:03:37 - [MESSAGE][PASSED] - Text of object 'Object Repository/CERTPAY_QUICKSTI/Payment_Details_Verification_Page/PAYMENT_ID' is: '100176127310'

2020-10-13 11:03:37 - [MESSAGE][PASSED] - Object 'Object Repository/CERTPAY_QUICKSTI/Payment_Details_Verification_Page/APPROVED' is present

2020-10-13 11:03:37 - [MESSAGE][PASSED] - Payment is approved

2020-10-13 11:03:39 - [TEST_STEP][PASSED] - navigateToUrl(Admin_url): Navigate to 'https://qa-certpayadmin.faps.net' successfully

2020-10-13 11:03:44 - [MESSAGE][PASSED] - Navigate to 'https://qa-certpayadmin.faps.net' successfully

2020-10-13 11:03:44 - [TEST_STEP][PASSED] - pages.Bureau_Login_Page.loginToAdminSite(AdminUsername, AdminPassword): Quicksti.ts:Clicked on the LOGIN

2020-10-13 11:03:44 - [MESSAGE][PASSED] - Object 'Object Repository/CERTPAY_ADMIN/USER_NAME' is present

2020-10-13 11:03:45 - [MESSAGE][PASSED] - Object 'Object Repository/CERTPAY_ADMIN/USER_NAME' is visible

2020-10-13 11:03:45 - [MESSAGE][PASSED] - Object 'Object Repository/CERTPAY_ADMIN/USER_NAME' is present

2020-10-13 11:03:46 - [MESSAGE][PASSED] - Text 'VVangiliappan' is set on object 'Object Repository/CERTPAY_ADMIN/USER_NAME'

2020-10-13 11:03:46 - [MESSAGE][PASSED] - Quicksti.ts:Entered'VVangiliappan into username

2020-10-13 11:03:46 - [MESSAGE][PASSED] - Object 'Object Repository/CERTPAY_ADMIN/PASSWORD' is present

2020-10-13 11:03:47 - [MESSAGE][PASSED] - Object 'Object Repository/CERTPAY_ADMIN/PASSWORD' is visible

2020-10-13 11:03:47 - [MESSAGE][PASSED] - Object 'Object Repository/CERTPAY_ADMIN/PASSWORD' is present

2020-10-13 11:03:48 - [MESSAGE][PASSED] - Text 'Test@123' is set on object 'Object Repository/CERTPAY_ADMIN/PASSWORD'

2020-10-13 11:03:48 - [MESSAGE][PASSED] - Quicksti.ts:Entered'Test@123 into password

2020-10-13 11:03:48 - [MESSAGE][INFO] - safeClicking

2020-10-13 11:03:49 - [MESSAGE][PASSED] - Object 'Object Repository/CERTPAY_ADMIN/LOGIN_BUTTON' is present

2020-10-13 11:03:49 - [MESSAGE][PASSED] - Object 'Object Repository/CERTPAY_ADMIN/LOGIN_BUTTON' is clickable

2020-10-13 11:03:57 - [MESSAGE][PASSED] - Object: 'Object Repository/CERTPAY_ADMIN/LOGIN_BUTTON' is clicked on

2020-10-13 11:03:57 - [MESSAGE][PASSED] - Quicksti.ts:Clicked on the LOGIN

2020-10-13 11:03:57 - [TEST_STEP][PASSED] - utilities.SafeActions.safeClick(findTestObject("CERTPAY_ADMIN/TRANSACTION_MENU"), "TransactionMenu", [pageLoadTime]): Quicksti.ts:Clicked on the TransactionMenu

2020-10-13 11:03:57 - [MESSAGE][INFO] - safeClicking

2020-10-13 11:03:57 - [MESSAGE][PASSED] - Object 'Object Repository/CERTPAY_ADMIN/TRANSACTION_MENU' is present

2020-10-13 11:03:58 - [MESSAGE][PASSED] - Object 'Object Repository/CERTPAY_ADMIN/TRANSACTION_MENU' is clickable

2020-10-13 11:03:59 - [MESSAGE][PASSED] - Object: 'Object Repository/CERTPAY_ADMIN/TRANSACTION_MENU' is clicked on

2020-10-13 11:03:59 - [MESSAGE][PASSED] - Quicksti.ts:Clicked on the TransactionMenu

2020-10-13 11:03:59 - [TEST_STEP][PASSED] - utilities.SafeActions.safeClick(findTestObject("CERTPAY_ADMIN/TRANSACTION_SEARCH"), "TransactionSearch", [pageLoadTime]): Quicksti.ts:Clicked on the TransactionSearch

2020-10-13 11:03:59 - [MESSAGE][INFO] - safeClicking

2020-10-13 11:03:59 - [MESSAGE][PASSED] - Object 'Object Repository/CERTPAY_ADMIN/TRANSACTION_SEARCH' is present

2020-10-13 11:03:59 - [MESSAGE][PASSED] - Object 'Object Repository/CERTPAY_ADMIN/TRANSACTION_SEARCH' is clickable

2020-10-13 11:04:03 - [MESSAGE][PASSED] - Object: 'Object Repository/CERTPAY_ADMIN/TRANSACTION_SEARCH' is clicked on

2020-10-13 11:04:03 - [MESSAGE][PASSED] - Quicksti.ts:Clicked on the TransactionSearch

2020-10-13 11:04:03 - [TEST_STEP][PASSED] - utilities.SafeActions.safeType(findTestObject("CERTPAY_ADMIN/PAYMENT_ID"), paymentId, "Payment id", [pageLoadTime]): Quicksti.ts:Entered'100176127310 into Payment id

2020-10-13 11:04:04 - [MESSAGE][PASSED] - Object 'Object Repository/CERTPAY_ADMIN/PAYMENT_ID' is present

2020-10-13 11:04:04 - [MESSAGE][PASSED] - Object 'Object Repository/CERTPAY_ADMIN/PAYMENT_ID' is visible

2020-10-13 11:04:04 - [MESSAGE][PASSED] - Object 'Object Repository/CERTPAY_ADMIN/PAYMENT_ID' is present

2020-10-13 11:04:05 - [MESSAGE][PASSED] - Text '100176127310' is set on object 'Object Repository/CERTPAY_ADMIN/PAYMENT_ID'

2020-10-13 11:04:05 - [MESSAGE][PASSED] - Quicksti.ts:Entered'100176127310 into Payment id

2020-10-13 11:04:05 - [TEST_STEP][PASSED] - utilities.SafeActions.safeClick(findTestObject("CERTPAY_ADMIN/GO_BUTTON"), "Go button", [pageLoadTime]): Quicksti.ts:Clicked on the Go button

2020-10-13 11:04:05 - [MESSAGE][INFO] - safeClicking

2020-10-13 11:04:06 - [MESSAGE][PASSED] - Object 'Object Repository/CERTPAY_ADMIN/GO_BUTTON' is present

2020-10-13 11:04:06 - [MESSAGE][PASSED] - Object 'Object Repository/CERTPAY_ADMIN/GO_BUTTON' is clickable

2020-10-13 11:04:10 - [MESSAGE][PASSED] - Object: 'Object Repository/CERTPAY_ADMIN/GO_BUTTON' is clicked on

2020-10-13 11:04:10 - [MESSAGE][PASSED] - Quicksti.ts:Clicked on the Go button

2020-10-13 11:04:10 - [TEST_STEP][PASSED] - delay(5): Delayed 5 second(s)

2020-10-13 11:04:15 - [MESSAGE][PASSED] - Delayed 5 second(s)

2020-10-13 11:04:15 - [TEST_STEP][PASSED] - scrollToPosition(800, 900): Browser is scrolled to position x = 800, y = 900

2020-10-13 11:04:15 - [MESSAGE][PASSED] - Browser is scrolled to position x = 800, y = 900

2020-10-13 11:04:15 - [TEST_STEP][PASSED] - paymentIdList.add(paymentId): null

2020-10-13 11:04:15 - [TEST_STEP][PASSED] - println(paymentIdList): null

2020-10-13 11:04:15 - [TEST_STEP][PASSED] - firstName = data.getValue("FirstName", index): null

2020-10-13 11:04:15 - [TEST_STEP][PASSED] - lastName = data.getValue("LastName", index): null

2020-10-13 11:04:15 - [TEST_STEP][PASSED] - expMonth = data.getValue("ExpMonth", index): null

2020-10-13 11:04:15 - [TEST_STEP][PASSED] - expYear = data.getValue("ExpYear", index): null

2020-10-13 11:04:15 - [TEST_STEP][PASSED] - securityCode = data.getValue("SecurityCode", index): null

2020-10-13 11:04:15 - [TEST_STEP][PASSED] - paymentAmount = data.getValue("PaymentAmount", index): null

2020-10-13 11:04:15 - [TEST_STEP][PASSED] - paymentType = data.getValue("PaymentType", index): null

2020-10-13 11:04:15 - [TEST_STEP][PASSED] - quantity = data.getValue("Quantity", index): null

2020-10-13 11:04:15 - [TEST_STEP][PASSED] - comments = data.getValue("Comments", index): null

2020-10-13 11:04:15 - [TEST_STEP][PASSED] - referenceNum = data.getValue("ReferenceNum", index): null

2020-10-13 11:04:15 - [TEST_STEP][PASSED] - address = data.getValue("Address", index): null

2020-10-13 11:04:15 - [TEST_STEP][PASSED] - zipCode = data.getValue("Zipcode", index): null

2020-10-13 11:04:15 - [TEST_STEP][PASSED] - telephone = data.getValue("Telephone", index): null

2020-10-13 11:04:15 - [TEST_STEP][PASSED] - emailAddress = data.getValue("EmailAddress", index): null

2020-10-13 11:04:15 - [TEST_STEP][PASSED] - cardNum = data.getValue("CardNumber", index): null

2020-10-13 11:04:15 - [TEST_STEP][PASSED] - cardType = data.getValue("CardType", index): null

2020-10-13 11:04:15 - [TEST_STEP][PASSED] - utilities.SafeActions.openBrowser(Quicksti_Url, [pageLoadTime]): Browser launched successfully

2020-10-13 11:04:15 - [MESSAGE][INFO] - Opening Browser

2020-10-13 11:04:15 - [MESSAGE][WARNING] - A browser is already opened. Closing browser and opening a new one

2020-10-13 11:04:16 - [MESSAGE][INFO] - Starting 'Chrome' driver

2020-10-13 11:04:27 - [MESSAGE][PASSED] - Browser is opened with url: 'https://qa-certpayquicksti.faps.net/'

2020-10-13 11:04:29 - [MESSAGE][PASSED] - Current window maximized

2020-10-13 11:04:29 - [MESSAGE][PASSED] - Browser launched successfully

2020-10-13 11:04:29 - [TEST_STEP][PASSED] - utilities.SafeActions.safeCheck(findTestObject("CERTPAY_QUICKSTI/Login_ Page/MULTI_BUREAU_CHECKBOX"), "Multi Bureau", [pageLoadTime]): Quicksti.ts:Checkbox 'Multi Bureau'is selected

2020-10-13 11:04:29 - [MESSAGE][PASSED] - Object 'Object Repository/CERTPAY_QUICKSTI/Login_ Page/MULTI_BUREAU_CHECKBOX' is present

2020-10-13 11:04:30 - [MESSAGE][PASSED] - Object 'Object Repository/CERTPAY_QUICKSTI/Login_ Page/MULTI_BUREAU_CHECKBOX' is present

2020-10-13 11:04:31 - [MESSAGE][PASSED] - Object: 'Object Repository/CERTPAY_QUICKSTI/Login_ Page/MULTI_BUREAU_CHECKBOX' is clicked on

2020-10-13 11:04:31 - [MESSAGE][PASSED] - Quicksti.ts:Checkbox 'Multi Bureau'is selected

2020-10-13 11:04:31 - [TEST_STEP][PASSED] - utilities.SafeActions.safeType(findTestObject("CERTPAY_QUICKSTI/Login_ Page/TELLER_ID"), teller_id, "Bureau code", [pageLoadTime]): Quicksti.ts:Entered'zenq into Bureau code

2020-10-13 11:04:34 - [MESSAGE][PASSED] - Object 'Object Repository/CERTPAY_QUICKSTI/Login_ Page/TELLER_ID' is present

2020-10-13 11:04:34 - [MESSAGE][PASSED] - Object 'Object Repository/CERTPAY_QUICKSTI/Login_ Page/TELLER_ID' is visible

2020-10-13 11:04:34 - [MESSAGE][PASSED] - Object 'Object Repository/CERTPAY_QUICKSTI/Login_ Page/TELLER_ID' is present

2020-10-13 11:04:35 - [MESSAGE][PASSED] - Text 'zenq' is set on object 'Object Repository/CERTPAY_QUICKSTI/Login_ Page/TELLER_ID'

2020-10-13 11:04:35 - [MESSAGE][PASSED] - Quicksti.ts:Entered'zenq into Bureau code

2020-10-13 11:04:35 - [TEST_STEP][PASSED] - utilities.SafeActions.safeClick(findTestObject("CERTPAY_QUICKSTI/Login_ Page/NEXT_BUTTON"), "Next button", [pageLoadTime]): Quicksti.ts:Clicked on the Next button

2020-10-13 11:04:35 - [MESSAGE][INFO] - safeClicking

2020-10-13 11:04:36 - [MESSAGE][PASSED] - Object 'Object Repository/CERTPAY_QUICKSTI/Login_ Page/NEXT_BUTTON' is present

2020-10-13 11:04:36 - [MESSAGE][PASSED] - Object 'Object Repository/CERTPAY_QUICKSTI/Login_ Page/NEXT_BUTTON' is clickable

2020-10-13 11:04:41 - [MESSAGE][PASSED] - Object: 'Object Repository/CERTPAY_QUICKSTI/Login_ Page/NEXT_BUTTON' is clicked on

2020-10-13 11:04:41 - [MESSAGE][PASSED] - Quicksti.ts:Clicked on the Next button

2020-10-13 11:04:41 - [TEST_STEP][PASSED] - pages.Quicksti.setCommnets("0", "0", comments): Quicksti.ts:Entered'Testing into Comments

2020-10-13 11:04:41 - [MESSAGE][PASSED] - Object '' is present

2020-10-13 11:04:42 - [MESSAGE][PASSED] - Object '' is visible

2020-10-13 11:04:42 - [MESSAGE][PASSED] - Object '' is present

2020-10-13 11:04:43 - [MESSAGE][PASSED] - Text 'Testing' is set on object ''

2020-10-13 11:04:43 - [MESSAGE][PASSED] - Quicksti.ts:Entered'Testing into Comments

2020-10-13 11:04:43 - [TEST_STEP][PASSED] - utilities.SafeActions.safeType(findTestObject("CERTPAY_QUICKSTI/Payment_Information_Page/PAYMENT_AMOUNT"), paymentAmount, "Payment Amount", [pageLoadTime]): Quicksti.ts:Entered'30.00 into Payment Amount

2020-10-13 11:04:44 - [MESSAGE][PASSED] - Object 'Object Repository/CERTPAY_QUICKSTI/Payment_Information_Page/PAYMENT_AMOUNT' is present

2020-10-13 11:04:44 - [MESSAGE][PASSED] - Object 'Object Repository/CERTPAY_QUICKSTI/Payment_Information_Page/PAYMENT_AMOUNT' is visible

2020-10-13 11:04:44 - [MESSAGE][PASSED] - Object 'Object Repository/CERTPAY_QUICKSTI/Payment_Information_Page/PAYMENT_AMOUNT' is present

2020-10-13 11:04:46 - [MESSAGE][PASSED] - Text '30.00' is set on object 'Object Repository/CERTPAY_QUICKSTI/Payment_Information_Page/PAYMENT_AMOUNT'

2020-10-13 11:04:46 - [MESSAGE][PASSED] - Quicksti.ts:Entered'30.00 into Payment Amount

2020-10-13 11:04:46 - [TEST_STEP][PASSED] - pages.Quicksti.setAmountDetailsForMultiBureau("0", paymentType, "0", referenceNum, quantity): Quicksti.ts:Entered'1 into Quntity

2020-10-13 11:04:46 - [MESSAGE][PASSED] - Object '' is visible

2020-10-13 11:04:47 - [MESSAGE][PASSED] - Object '' is present

2020-10-13 11:04:48 - [MESSAGE][PASSED] - Object: '' is clicked on

2020-10-13 11:04:49 - [MESSAGE][PASSED] - All options with label 'Licenses' are selected in object ''  using regular expression

2020-10-13 11:04:49 - [MESSAGE][PASSED] - selected dropdown option by visible text  Licensesfrom Payment Type

2020-10-13 11:04:49 - [MESSAGE][PASSED] - Object '' is present

2020-10-13 11:04:50 - [MESSAGE][PASSED] - Object '' is visible

2020-10-13 11:04:50 - [MESSAGE][PASSED] - Object '' is present

2020-10-13 11:04:51 - [MESSAGE][PASSED] - Text '13' is set on object ''

2020-10-13 11:04:51 - [MESSAGE][PASSED] - Quicksti.ts:Entered'13 into RefrenceNumber

2020-10-13 11:04:52 - [MESSAGE][PASSED] - Object '' is present

2020-10-13 11:04:52 - [MESSAGE][PASSED] - Object '' is visible

2020-10-13 11:04:52 - [MESSAGE][PASSED] - Object '' is present

2020-10-13 11:04:53 - [MESSAGE][PASSED] - Text '1' is set on object ''

2020-10-13 11:04:53 - [MESSAGE][PASSED] - Quicksti.ts:Entered'1 into Quntity

2020-10-13 11:04:53 - [TEST_STEP][PASSED] - utilities.SafeActions.safeClick(findTestObject("CERTPAY_QUICKSTI/Payment_Information_Page/MANUAL_ENTRY_BUTTON"), "ManualEntry", [pageLoadTime]): Quicksti.ts:Clicked on the ManualEntry

2020-10-13 11:04:53 - [MESSAGE][INFO] - safeClicking

2020-10-13 11:04:54 - [MESSAGE][PASSED] - Object 'Object Repository/CERTPAY_QUICKSTI/Payment_Information_Page/MANUAL_ENTRY_BUTTON' is present

2020-10-13 11:04:54 - [MESSAGE][PASSED] - Object 'Object Repository/CERTPAY_QUICKSTI/Payment_Information_Page/MANUAL_ENTRY_BUTTON' is clickable

2020-10-13 11:04:58 - [MESSAGE][PASSED] - Object: 'Object Repository/CERTPAY_QUICKSTI/Payment_Information_Page/MANUAL_ENTRY_BUTTON' is clicked on

2020-10-13 11:04:58 - [MESSAGE][PASSED] - Quicksti.ts:Clicked on the ManualEntry

2020-10-13 11:04:58 - [TEST_STEP][PASSED] - amount_Value = pages.Quicksti.getAttributeValue(findTestObject("CERTPAY_QUICKSTI/Payment_Information_Page/SUB_TOTAL")): pages.Quicksti.getAttributeValue is PASSED

2020-10-13 11:04:58 - [MESSAGE][PASSED] - Attribute 'value' of object 'Object Repository/CERTPAY_QUICKSTI/Payment_Information_Page/SUB_TOTAL' is: '30.00'

2020-10-13 11:04:58 - [MESSAGE][PASSED] - pages.Quicksti.getAttributeValue is PASSED

2020-10-13 11:04:58 - [TEST_STEP][PASSED] - CardNumber = pages.Quicksti.setUserPaymentDetails(firstName, lastName, cardNum): Quicksti.ts:Entered'8171999900000018 into CardNum

2020-10-13 11:04:59 - [MESSAGE][PASSED] - Object 'Object Repository/CERTPAY_QUICKSTI/Payment_Information_Page/FIRST_NAME' is present

2020-10-13 11:04:59 - [MESSAGE][PASSED] - Object 'Object Repository/CERTPAY_QUICKSTI/Payment_Information_Page/FIRST_NAME' is visible

2020-10-13 11:04:59 - [MESSAGE][PASSED] - Object 'Object Repository/CERTPAY_QUICKSTI/Payment_Information_Page/FIRST_NAME' is present

2020-10-13 11:05:01 - [MESSAGE][PASSED] - Text 'Tester' is set on object 'Object Repository/CERTPAY_QUICKSTI/Payment_Information_Page/FIRST_NAME'

2020-10-13 11:05:01 - [MESSAGE][PASSED] - Quicksti.ts:Entered'Tester into FirstName

2020-10-13 11:05:01 - [MESSAGE][PASSED] - Object 'Object Repository/CERTPAY_QUICKSTI/Payment_Information_Page/LAST_NAME' is present

2020-10-13 11:05:01 - [MESSAGE][PASSED] - Object 'Object Repository/CERTPAY_QUICKSTI/Payment_Information_Page/LAST_NAME' is visible

2020-10-13 11:05:02 - [MESSAGE][PASSED] - Object 'Object Repository/CERTPAY_QUICKSTI/Payment_Information_Page/LAST_NAME' is present

2020-10-13 11:05:03 - [MESSAGE][PASSED] - Text 'Zenq1' is set on object 'Object Repository/CERTPAY_QUICKSTI/Payment_Information_Page/LAST_NAME'

2020-10-13 11:05:03 - [MESSAGE][PASSED] - Quicksti.ts:Entered'Zenq1 into LAstName

2020-10-13 11:05:03 - [MESSAGE][PASSED] - Object 'Object Repository/CERTPAY_QUICKSTI/Payment_Information_Page/CARD_NUMBER' is present

2020-10-13 11:05:04 - [MESSAGE][PASSED] - Object 'Object Repository/CERTPAY_QUICKSTI/Payment_Information_Page/CARD_NUMBER' is visible

2020-10-13 11:05:04 - [MESSAGE][PASSED] - Object 'Object Repository/CERTPAY_QUICKSTI/Payment_Information_Page/CARD_NUMBER' is present

2020-10-13 11:05:05 - [MESSAGE][PASSED] - Text '8171999900000018' is set on object 'Object Repository/CERTPAY_QUICKSTI/Payment_Information_Page/CARD_NUMBER'

2020-10-13 11:05:05 - [MESSAGE][PASSED] - Quicksti.ts:Entered'8171999900000018 into CardNum

2020-10-13 11:05:05 - [TEST_STEP][PASSED] - pages.Quicksti.setExpDate(expMonth, expYear, securityCode): Quicksti.ts:Entered'111 into securityCode

2020-10-13 11:05:06 - [MESSAGE][PASSED] - Object 'Object Repository/CERTPAY_QUICKSTI/Payment_Information_Page/EXP_MONTH' is visible

2020-10-13 11:05:06 - [MESSAGE][PASSED] - Object 'Object Repository/CERTPAY_QUICKSTI/Payment_Information_Page/EXP_MONTH' is present

2020-10-13 11:05:07 - [MESSAGE][PASSED] - Object: 'Object Repository/CERTPAY_QUICKSTI/Payment_Information_Page/EXP_MONTH' is clicked on

2020-10-13 11:05:08 - [MESSAGE][PASSED] - All options with label '04' are selected in object 'Object Repository/CERTPAY_QUICKSTI/Payment_Information_Page/EXP_MONTH'  using regular expression

2020-10-13 11:05:08 - [MESSAGE][PASSED] - selected dropdown option by visible text  04from expMonth

2020-10-13 11:05:09 - [MESSAGE][PASSED] - Object 'Object Repository/CERTPAY_QUICKSTI/Payment_Information_Page/EXP_YEAR' is visible

2020-10-13 11:05:09 - [MESSAGE][PASSED] - Object 'Object Repository/CERTPAY_QUICKSTI/Payment_Information_Page/EXP_YEAR' is present

2020-10-13 11:05:10 - [MESSAGE][PASSED] - Object: 'Object Repository/CERTPAY_QUICKSTI/Payment_Information_Page/EXP_YEAR' is clicked on

2020-10-13 11:05:12 - [MESSAGE][PASSED] - All options with label '2027' are selected in object 'Object Repository/CERTPAY_QUICKSTI/Payment_Information_Page/EXP_YEAR'  using regular expression

2020-10-13 11:05:12 - [MESSAGE][PASSED] - selected dropdown option by visible text  2027from  expYear

2020-10-13 11:05:12 - [MESSAGE][PASSED] - Object 'Object Repository/CERTPAY_QUICKSTI/Payment_Information_Page/SECURITY_CODE' is present

2020-10-13 11:05:12 - [MESSAGE][PASSED] - Object 'Object Repository/CERTPAY_QUICKSTI/Payment_Information_Page/SECURITY_CODE' is visible

2020-10-13 11:05:13 - [MESSAGE][PASSED] - Object 'Object Repository/CERTPAY_QUICKSTI/Payment_Information_Page/SECURITY_CODE' is present

2020-10-13 11:05:14 - [MESSAGE][PASSED] - Text '111' is set on object 'Object Repository/CERTPAY_QUICKSTI/Payment_Information_Page/SECURITY_CODE'

2020-10-13 11:05:14 - [MESSAGE][PASSED] - Quicksti.ts:Entered'111 into securityCode

2020-10-13 11:05:14 - [TEST_STEP][PASSED] - utilities.SafeActions.safeType(findTestObject("CERTPAY_QUICKSTI/Payment_Information_Page/ADDRESS"), address, "Address", [pageLoadTime]): Quicksti.ts:Entered'14-2 into Address

2020-10-13 11:05:14 - [MESSAGE][PASSED] - Object 'Object Repository/CERTPAY_QUICKSTI/Payment_Information_Page/ADDRESS' is present

2020-10-13 11:05:15 - [MESSAGE][PASSED] - Object 'Object Repository/CERTPAY_QUICKSTI/Payment_Information_Page/ADDRESS' is visible

2020-10-13 11:05:15 - [MESSAGE][PASSED] - Object 'Object Repository/CERTPAY_QUICKSTI/Payment_Information_Page/ADDRESS' is present

2020-10-13 11:05:16 - [MESSAGE][PASSED] - Text '14-2' is set on object 'Object Repository/CERTPAY_QUICKSTI/Payment_Information_Page/ADDRESS'

2020-10-13 11:05:16 - [MESSAGE][PASSED] - Quicksti.ts:Entered'14-2 into Address

2020-10-13 11:05:16 - [TEST_STEP][PASSED] - utilities.SafeActions.safeType(findTestObject("CERTPAY_QUICKSTI/Payment_Information_Page/ZIP_CODE"), zipCode, "zipcode", [pageLoadTime]): Quicksti.ts:Entered'76102 into zipcode

2020-10-13 11:05:17 - [MESSAGE][PASSED] - Object 'Object Repository/CERTPAY_QUICKSTI/Payment_Information_Page/ZIP_CODE' is present

2020-10-13 11:05:17 - [MESSAGE][PASSED] - Object 'Object Repository/CERTPAY_QUICKSTI/Payment_Information_Page/ZIP_CODE' is visible

2020-10-13 11:05:17 - [MESSAGE][PASSED] - Object 'Object Repository/CERTPAY_QUICKSTI/Payment_Information_Page/ZIP_CODE' is present

2020-10-13 11:05:18 - [MESSAGE][PASSED] - Text '76102' is set on object 'Object Repository/CERTPAY_QUICKSTI/Payment_Information_Page/ZIP_CODE'

2020-10-13 11:05:18 - [MESSAGE][PASSED] - Quicksti.ts:Entered'76102 into zipcode

2020-10-13 11:05:18 - [TEST_STEP][PASSED] - utilities.SafeActions.safeType(findTestObject("CERTPAY_QUICKSTI/Payment_Information_Page/TELEPHONE"), telephone, "Telephone", [pageLoadTime]): Quicksti.ts:Entered'9989897654 into Telephone

2020-10-13 11:05:19 - [MESSAGE][PASSED] - Object 'Object Repository/CERTPAY_QUICKSTI/Payment_Information_Page/TELEPHONE' is present

2020-10-13 11:05:19 - [MESSAGE][PASSED] - Object 'Object Repository/CERTPAY_QUICKSTI/Payment_Information_Page/TELEPHONE' is visible

2020-10-13 11:05:19 - [MESSAGE][PASSED] - Object 'Object Repository/CERTPAY_QUICKSTI/Payment_Information_Page/TELEPHONE' is present

2020-10-13 11:05:21 - [MESSAGE][PASSED] - Text '9989897654' is set on object 'Object Repository/CERTPAY_QUICKSTI/Payment_Information_Page/TELEPHONE'

2020-10-13 11:05:21 - [MESSAGE][PASSED] - Quicksti.ts:Entered'9989897654 into Telephone

2020-10-13 11:05:21 - [TEST_STEP][PASSED] - utilities.SafeActions.safeType(findTestObject("CERTPAY_QUICKSTI/Payment_Information_Page/EMAIL_ADDRESS"), emailAddress, "EMAIL address", [pageLoadTime]): Quicksti.ts:Entered'testing@zenq.com into EMAIL address

2020-10-13 11:05:21 - [MESSAGE][PASSED] - Object 'Object Repository/CERTPAY_QUICKSTI/Payment_Information_Page/EMAIL_ADDRESS' is present

2020-10-13 11:05:21 - [MESSAGE][PASSED] - Object 'Object Repository/CERTPAY_QUICKSTI/Payment_Information_Page/EMAIL_ADDRESS' is visible

2020-10-13 11:05:21 - [MESSAGE][PASSED] - Object 'Object Repository/CERTPAY_QUICKSTI/Payment_Information_Page/EMAIL_ADDRESS' is present

2020-10-13 11:05:23 - [MESSAGE][PASSED] - Text 'testing@zenq.com' is set on object 'Object Repository/CERTPAY_QUICKSTI/Payment_Information_Page/EMAIL_ADDRESS'

2020-10-13 11:05:23 - [MESSAGE][PASSED] - Quicksti.ts:Entered'testing@zenq.com into EMAIL address

2020-10-13 11:05:23 - [TEST_STEP][PASSED] - utilities.SafeActions.safeClick(findTestObject("CERTPAY_QUICKSTI/Payment_Information_Page/NEXT_BUTTON"), "Next", [pageLoadTime]): Quicksti.ts:Clicked on the Next

2020-10-13 11:05:23 - [MESSAGE][INFO] - safeClicking

2020-10-13 11:05:23 - [MESSAGE][PASSED] - Object 'Object Repository/CERTPAY_QUICKSTI/Payment_Information_Page/NEXT_BUTTON' is present

2020-10-13 11:05:23 - [MESSAGE][PASSED] - Object 'Object Repository/CERTPAY_QUICKSTI/Payment_Information_Page/NEXT_BUTTON' is clickable

2020-10-13 11:05:27 - [MESSAGE][PASSED] - Object: 'Object Repository/CERTPAY_QUICKSTI/Payment_Information_Page/NEXT_BUTTON' is clicked on

2020-10-13 11:05:27 - [MESSAGE][PASSED] - Quicksti.ts:Clicked on the Next

2020-10-13 11:05:27 - [TEST_STEP][PASSED] - pages.Quicksti.verifyUserPaymentDetails(paymentAmount, firstName, lastName, CardNumber): pages.Quicksti.verifyUserPaymentDetails is PASSED

2020-10-13 11:05:27 - [MESSAGE][PASSED] - Text of object 'Object Repository/CERTPAY_QUICKSTI/Payment_Details_Verification_Page/AMOUNT' is: '$30.00'

2020-10-13 11:05:27 - [MESSAGE][PASSED] - Actual text '30.00' and expected text '30.00' are matched  using regular expression

2020-10-13 11:05:28 - [MESSAGE][PASSED] - Text of object 'Object Repository/CERTPAY_QUICKSTI/Payment_Details_Verification_Page/NAME' is: 'Tester Zenq1'

2020-10-13 11:05:28 - [MESSAGE][PASSED] - Actual text 'Tester Zenq1' and expected text 'Tester Zenq1' are matched  using regular expression

2020-10-13 11:05:28 - [MESSAGE][PASSED] - Text of object 'Object Repository/CERTPAY_QUICKSTI/Payment_Details_Verification_Page/CARD_NUMBER' is: '...0018'

2020-10-13 11:05:28 - [MESSAGE][PASSED] - Actual text '0018' and expected text '0018' are matched  using regular expression

2020-10-13 11:05:28 - [MESSAGE][PASSED] - pages.Quicksti.verifyUserPaymentDetails is PASSED

2020-10-13 11:05:28 - [TEST_STEP][PASSED] - delay(2): Delayed 2 second(s)

2020-10-13 11:05:30 - [MESSAGE][PASSED] - Delayed 2 second(s)

2020-10-13 11:05:30 - [TEST_STEP][PASSED] - scrollToElement(findTestObject("CERTPAY_QUICKSTI/Payment_Details_Verification_Page/PROCESS"), 0): Scroll to object 'Object Repository/CERTPAY_QUICKSTI/Payment_Details_Verification_Page/PROCESS' successfully

2020-10-13 11:05:30 - [MESSAGE][WARNING] - Timeout '0' is invalid. Using default page load timeout: '30'

2020-10-13 11:05:30 - [MESSAGE][PASSED] - Scroll to object 'Object Repository/CERTPAY_QUICKSTI/Payment_Details_Verification_Page/PROCESS' successfully

2020-10-13 11:05:30 - [TEST_STEP][PASSED] - utilities.SafeActions.safeClick(findTestObject("CERTPAY_QUICKSTI/Payment_Details_Verification_Page/PROCESS"), "Process", [pageLoadTime]): Quicksti.ts:Clicked on the Process

2020-10-13 11:05:31 - [MESSAGE][INFO] - safeClicking

2020-10-13 11:05:31 - [MESSAGE][PASSED] - Object 'Object Repository/CERTPAY_QUICKSTI/Payment_Details_Verification_Page/PROCESS' is present

2020-10-13 11:05:31 - [MESSAGE][PASSED] - Object 'Object Repository/CERTPAY_QUICKSTI/Payment_Details_Verification_Page/PROCESS' is clickable

2020-10-13 11:05:35 - [MESSAGE][PASSED] - Object: 'Object Repository/CERTPAY_QUICKSTI/Payment_Details_Verification_Page/PROCESS' is clicked on

2020-10-13 11:05:35 - [MESSAGE][PASSED] - Quicksti.ts:Clicked on the Process

2020-10-13 11:05:35 - [TEST_STEP][PASSED] - paymentId = pages.Quicksti.verifyPaymentApproval(findTestObject("CERTPAY_QUICKSTI/Payment_Details_Verification_Page/APPROVED")): Payment is approved

2020-10-13 11:05:36 - [MESSAGE][PASSED] - Text of object 'Object Repository/CERTPAY_QUICKSTI/Payment_Details_Verification_Page/PAYMENT_ID' is: '100176127314'

2020-10-13 11:05:36 - [MESSAGE][PASSED] - Object 'Object Repository/CERTPAY_QUICKSTI/Payment_Details_Verification_Page/APPROVED' is present

2020-10-13 11:05:36 - [MESSAGE][PASSED] - Payment is approved

2020-10-13 11:05:38 - [TEST_STEP][PASSED] - navigateToUrl(Admin_url): Navigate to 'https://qa-certpayadmin.faps.net' successfully

2020-10-13 11:05:43 - [MESSAGE][PASSED] - Navigate to 'https://qa-certpayadmin.faps.net' successfully

2020-10-13 11:05:43 - [TEST_STEP][PASSED] - pages.Bureau_Login_Page.loginToAdminSite(AdminUsername, AdminPassword): Quicksti.ts:Clicked on the LOGIN

2020-10-13 11:05:43 - [MESSAGE][PASSED] - Object 'Object Repository/CERTPAY_ADMIN/USER_NAME' is present

2020-10-13 11:05:44 - [MESSAGE][PASSED] - Object 'Object Repository/CERTPAY_ADMIN/USER_NAME' is visible

2020-10-13 11:05:44 - [MESSAGE][PASSED] - Object 'Object Repository/CERTPAY_ADMIN/USER_NAME' is present

2020-10-13 11:05:45 - [MESSAGE][PASSED] - Text 'VVangiliappan' is set on object 'Object Repository/CERTPAY_ADMIN/USER_NAME'

2020-10-13 11:05:45 - [MESSAGE][PASSED] - Quicksti.ts:Entered'VVangiliappan into username

2020-10-13 11:05:46 - [MESSAGE][PASSED] - Object 'Object Repository/CERTPAY_ADMIN/PASSWORD' is present

2020-10-13 11:05:46 - [MESSAGE][PASSED] - Object 'Object Repository/CERTPAY_ADMIN/PASSWORD' is visible

2020-10-13 11:05:46 - [MESSAGE][PASSED] - Object 'Object Repository/CERTPAY_ADMIN/PASSWORD' is present

2020-10-13 11:05:47 - [MESSAGE][PASSED] - Text 'Test@123' is set on object 'Object Repository/CERTPAY_ADMIN/PASSWORD'

2020-10-13 11:05:48 - [MESSAGE][PASSED] - Quicksti.ts:Entered'Test@123 into password

2020-10-13 11:05:48 - [MESSAGE][INFO] - safeClicking

2020-10-13 11:05:48 - [MESSAGE][PASSED] - Object 'Object Repository/CERTPAY_ADMIN/LOGIN_BUTTON' is present

2020-10-13 11:05:48 - [MESSAGE][PASSED] - Object 'Object Repository/CERTPAY_ADMIN/LOGIN_BUTTON' is clickable

2020-10-13 11:05:55 - [MESSAGE][PASSED] - Object: 'Object Repository/CERTPAY_ADMIN/LOGIN_BUTTON' is clicked on

2020-10-13 11:05:55 - [MESSAGE][PASSED] - Quicksti.ts:Clicked on the LOGIN

2020-10-13 11:05:55 - [TEST_STEP][PASSED] - utilities.SafeActions.safeClick(findTestObject("CERTPAY_ADMIN/TRANSACTION_MENU"), "TransactionMenu", [pageLoadTime]): Quicksti.ts:Clicked on the TransactionMenu

2020-10-13 11:05:55 - [MESSAGE][INFO] - safeClicking

2020-10-13 11:05:56 - [MESSAGE][PASSED] - Object 'Object Repository/CERTPAY_ADMIN/TRANSACTION_MENU' is present

2020-10-13 11:05:56 - [MESSAGE][PASSED] - Object 'Object Repository/CERTPAY_ADMIN/TRANSACTION_MENU' is clickable

2020-10-13 11:05:57 - [MESSAGE][PASSED] - Object: 'Object Repository/CERTPAY_ADMIN/TRANSACTION_MENU' is clicked on

2020-10-13 11:05:57 - [MESSAGE][PASSED] - Quicksti.ts:Clicked on the TransactionMenu

2020-10-13 11:05:57 - [TEST_STEP][PASSED] - utilities.SafeActions.safeClick(findTestObject("CERTPAY_ADMIN/TRANSACTION_SEARCH"), "TransactionSearch", [pageLoadTime]): Quicksti.ts:Clicked on the TransactionSearch

2020-10-13 11:05:57 - [MESSAGE][INFO] - safeClicking

2020-10-13 11:05:58 - [MESSAGE][PASSED] - Object 'Object Repository/CERTPAY_ADMIN/TRANSACTION_SEARCH' is present

2020-10-13 11:05:58 - [MESSAGE][PASSED] - Object 'Object Repository/CERTPAY_ADMIN/TRANSACTION_SEARCH' is clickable

2020-10-13 11:06:02 - [MESSAGE][PASSED] - Object: 'Object Repository/CERTPAY_ADMIN/TRANSACTION_SEARCH' is clicked on

2020-10-13 11:06:02 - [MESSAGE][PASSED] - Quicksti.ts:Clicked on the TransactionSearch

2020-10-13 11:06:02 - [TEST_STEP][PASSED] - utilities.SafeActions.safeType(findTestObject("CERTPAY_ADMIN/PAYMENT_ID"), paymentId, "Payment id", [pageLoadTime]): Quicksti.ts:Entered'100176127314 into Payment id

2020-10-13 11:06:02 - [MESSAGE][PASSED] - Object 'Object Repository/CERTPAY_ADMIN/PAYMENT_ID' is present

2020-10-13 11:06:02 - [MESSAGE][PASSED] - Object 'Object Repository/CERTPAY_ADMIN/PAYMENT_ID' is visible

2020-10-13 11:06:03 - [MESSAGE][PASSED] - Object 'Object Repository/CERTPAY_ADMIN/PAYMENT_ID' is present

2020-10-13 11:06:04 - [MESSAGE][PASSED] - Text '100176127314' is set on object 'Object Repository/CERTPAY_ADMIN/PAYMENT_ID'

2020-10-13 11:06:04 - [MESSAGE][PASSED] - Quicksti.ts:Entered'100176127314 into Payment id

2020-10-13 11:06:04 - [TEST_STEP][PASSED] - utilities.SafeActions.safeClick(findTestObject("CERTPAY_ADMIN/GO_BUTTON"), "Go button", [pageLoadTime]): Quicksti.ts:Clicked on the Go button

2020-10-13 11:06:04 - [MESSAGE][INFO] - safeClicking

2020-10-13 11:06:04 - [MESSAGE][PASSED] - Object 'Object Repository/CERTPAY_ADMIN/GO_BUTTON' is present

2020-10-13 11:06:05 - [MESSAGE][PASSED] - Object 'Object Repository/CERTPAY_ADMIN/GO_BUTTON' is clickable

2020-10-13 11:06:08 - [MESSAGE][PASSED] - Object: 'Object Repository/CERTPAY_ADMIN/GO_BUTTON' is clicked on

2020-10-13 11:06:08 - [MESSAGE][PASSED] - Quicksti.ts:Clicked on the Go button

2020-10-13 11:06:08 - [TEST_STEP][PASSED] - delay(5): Delayed 5 second(s)

2020-10-13 11:06:13 - [MESSAGE][PASSED] - Delayed 5 second(s)

2020-10-13 11:06:13 - [TEST_STEP][PASSED] - scrollToPosition(800, 900): Browser is scrolled to position x = 800, y = 900

2020-10-13 11:06:13 - [MESSAGE][PASSED] - Browser is scrolled to position x = 800, y = 900

2020-10-13 11:06:13 - [TEST_STEP][PASSED] - paymentIdList.add(paymentId): null

2020-10-13 11:06:13 - [TEST_STEP][PASSED] - println(paymentIdList): null

2020-10-13 11:06:13 - [TEST_STEP][PASSED] - firstName = data.getValue("FirstName", index): null

2020-10-13 11:06:13 - [TEST_STEP][PASSED] - lastName = data.getValue("LastName", index): null

2020-10-13 11:06:13 - [TEST_STEP][PASSED] - expMonth = data.getValue("ExpMonth", index): null

2020-10-13 11:06:13 - [TEST_STEP][PASSED] - expYear = data.getValue("ExpYear", index): null

2020-10-13 11:06:13 - [TEST_STEP][PASSED] - securityCode = data.getValue("SecurityCode", index): null

2020-10-13 11:06:13 - [TEST_STEP][PASSED] - paymentAmount = data.getValue("PaymentAmount", index): null

2020-10-13 11:06:13 - [TEST_STEP][PASSED] - paymentType = data.getValue("PaymentType", index): null

2020-10-13 11:06:13 - [TEST_STEP][PASSED] - quantity = data.getValue("Quantity", index): null

2020-10-13 11:06:13 - [TEST_STEP][PASSED] - comments = data.getValue("Comments", index): null

2020-10-13 11:06:13 - [TEST_STEP][PASSED] - referenceNum = data.getValue("ReferenceNum", index): null

2020-10-13 11:06:13 - [TEST_STEP][PASSED] - address = data.getValue("Address", index): null

2020-10-13 11:06:13 - [TEST_STEP][PASSED] - zipCode = data.getValue("Zipcode", index): null

2020-10-13 11:06:13 - [TEST_STEP][PASSED] - telephone = data.getValue("Telephone", index): null

2020-10-13 11:06:13 - [TEST_STEP][PASSED] - emailAddress = data.getValue("EmailAddress", index): null

2020-10-13 11:06:13 - [TEST_STEP][PASSED] - cardNum = data.getValue("CardNumber", index): null

2020-10-13 11:06:13 - [TEST_STEP][PASSED] - cardType = data.getValue("CardType", index): null

2020-10-13 11:06:13 - [TEST_STEP][PASSED] - utilities.SafeActions.openBrowser(Quicksti_Url, [pageLoadTime]): Browser launched successfully

2020-10-13 11:06:13 - [MESSAGE][INFO] - Opening Browser

2020-10-13 11:06:13 - [MESSAGE][WARNING] - A browser is already opened. Closing browser and opening a new one

2020-10-13 11:06:15 - [MESSAGE][INFO] - Starting 'Chrome' driver

2020-10-13 11:06:24 - [MESSAGE][PASSED] - Browser is opened with url: 'https://qa-certpayquicksti.faps.net/'

2020-10-13 11:06:26 - [MESSAGE][PASSED] - Current window maximized

2020-10-13 11:06:26 - [MESSAGE][PASSED] - Browser launched successfully

2020-10-13 11:06:26 - [TEST_STEP][PASSED] - utilities.SafeActions.safeCheck(findTestObject("CERTPAY_QUICKSTI/Login_ Page/MULTI_BUREAU_CHECKBOX"), "Multi Bureau", [pageLoadTime]): Quicksti.ts:Checkbox 'Multi Bureau'is selected

2020-10-13 11:06:27 - [MESSAGE][PASSED] - Object 'Object Repository/CERTPAY_QUICKSTI/Login_ Page/MULTI_BUREAU_CHECKBOX' is present

2020-10-13 11:06:28 - [MESSAGE][PASSED] - Object 'Object Repository/CERTPAY_QUICKSTI/Login_ Page/MULTI_BUREAU_CHECKBOX' is present

2020-10-13 11:06:29 - [MESSAGE][PASSED] - Object: 'Object Repository/CERTPAY_QUICKSTI/Login_ Page/MULTI_BUREAU_CHECKBOX' is clicked on

2020-10-13 11:06:29 - [MESSAGE][PASSED] - Quicksti.ts:Checkbox 'Multi Bureau'is selected

2020-10-13 11:06:29 - [TEST_STEP][PASSED] - utilities.SafeActions.safeType(findTestObject("CERTPAY_QUICKSTI/Login_ Page/TELLER_ID"), teller_id, "Bureau code", [pageLoadTime]): Quicksti.ts:Entered'zenq into Bureau code

2020-10-13 11:06:31 - [MESSAGE][PASSED] - Object 'Object Repository/CERTPAY_QUICKSTI/Login_ Page/TELLER_ID' is present

2020-10-13 11:06:31 - [MESSAGE][PASSED] - Object 'Object Repository/CERTPAY_QUICKSTI/Login_ Page/TELLER_ID' is visible

2020-10-13 11:06:32 - [MESSAGE][PASSED] - Object 'Object Repository/CERTPAY_QUICKSTI/Login_ Page/TELLER_ID' is present

2020-10-13 11:06:33 - [MESSAGE][PASSED] - Text 'zenq' is set on object 'Object Repository/CERTPAY_QUICKSTI/Login_ Page/TELLER_ID'

2020-10-13 11:06:33 - [MESSAGE][PASSED] - Quicksti.ts:Entered'zenq into Bureau code

2020-10-13 11:06:33 - [TEST_STEP][PASSED] - utilities.SafeActions.safeClick(findTestObject("CERTPAY_QUICKSTI/Login_ Page/NEXT_BUTTON"), "Next button", [pageLoadTime]): Quicksti.ts:Clicked on the Next button

2020-10-13 11:06:33 - [MESSAGE][INFO] - safeClicking

2020-10-13 11:06:33 - [MESSAGE][PASSED] - Object 'Object Repository/CERTPAY_QUICKSTI/Login_ Page/NEXT_BUTTON' is present

2020-10-13 11:06:33 - [MESSAGE][PASSED] - Object 'Object Repository/CERTPAY_QUICKSTI/Login_ Page/NEXT_BUTTON' is clickable

2020-10-13 11:06:38 - [MESSAGE][PASSED] - Object: 'Object Repository/CERTPAY_QUICKSTI/Login_ Page/NEXT_BUTTON' is clicked on

2020-10-13 11:06:38 - [MESSAGE][PASSED] - Quicksti.ts:Clicked on the Next button

2020-10-13 11:06:38 - [TEST_STEP][PASSED] - pages.Quicksti.setCommnets("0", "0", comments): Quicksti.ts:Entered'Testing into Comments

2020-10-13 11:06:38 - [MESSAGE][PASSED] - Object '' is present

2020-10-13 11:06:39 - [MESSAGE][PASSED] - Object '' is visible

2020-10-13 11:06:39 - [MESSAGE][PASSED] - Object '' is present

2020-10-13 11:06:40 - [MESSAGE][PASSED] - Text 'Testing' is set on object ''

2020-10-13 11:06:40 - [MESSAGE][PASSED] - Quicksti.ts:Entered'Testing into Comments

2020-10-13 11:06:40 - [TEST_STEP][PASSED] - utilities.SafeActions.safeType(findTestObject("CERTPAY_QUICKSTI/Payment_Information_Page/PAYMENT_AMOUNT"), paymentAmount, "Payment Amount", [pageLoadTime]): Quicksti.ts:Entered'35.00 into Payment Amount

2020-10-13 11:06:41 - [MESSAGE][PASSED] - Object 'Object Repository/CERTPAY_QUICKSTI/Payment_Information_Page/PAYMENT_AMOUNT' is present

2020-10-13 11:06:41 - [MESSAGE][PASSED] - Object 'Object Repository/CERTPAY_QUICKSTI/Payment_Information_Page/PAYMENT_AMOUNT' is visible

2020-10-13 11:06:41 - [MESSAGE][PASSED] - Object 'Object Repository/CERTPAY_QUICKSTI/Payment_Information_Page/PAYMENT_AMOUNT' is present

2020-10-13 11:06:43 - [MESSAGE][PASSED] - Text '35.00' is set on object 'Object Repository/CERTPAY_QUICKSTI/Payment_Information_Page/PAYMENT_AMOUNT'

2020-10-13 11:06:43 - [MESSAGE][PASSED] - Quicksti.ts:Entered'35.00 into Payment Amount

2020-10-13 11:06:43 - [TEST_STEP][PASSED] - pages.Quicksti.setAmountDetailsForMultiBureau("0", paymentType, "0", referenceNum, quantity): Quicksti.ts:Entered'1 into Quntity

2020-10-13 11:06:43 - [MESSAGE][PASSED] - Object '' is visible

2020-10-13 11:06:44 - [MESSAGE][PASSED] - Object '' is present

2020-10-13 11:06:45 - [MESSAGE][PASSED] - Object: '' is clicked on

2020-10-13 11:06:46 - [MESSAGE][PASSED] - All options with label 'Taxes' are selected in object ''  using regular expression

2020-10-13 11:06:46 - [MESSAGE][PASSED] - selected dropdown option by visible text  Taxesfrom Payment Type

2020-10-13 11:06:46 - [MESSAGE][PASSED] - Object '' is present

2020-10-13 11:06:47 - [MESSAGE][PASSED] - Object '' is visible

2020-10-13 11:06:47 - [MESSAGE][PASSED] - Object '' is present

2020-10-13 11:06:48 - [MESSAGE][PASSED] - Text '11' is set on object ''

2020-10-13 11:06:48 - [MESSAGE][PASSED] - Quicksti.ts:Entered'11 into RefrenceNumber

2020-10-13 11:06:49 - [MESSAGE][PASSED] - Object '' is present

2020-10-13 11:06:49 - [MESSAGE][PASSED] - Object '' is visible

2020-10-13 11:06:49 - [MESSAGE][PASSED] - Object '' is present

2020-10-13 11:06:50 - [MESSAGE][PASSED] - Text '1' is set on object ''

2020-10-13 11:06:50 - [MESSAGE][PASSED] - Quicksti.ts:Entered'1 into Quntity

2020-10-13 11:06:50 - [TEST_STEP][PASSED] - utilities.SafeActions.safeClick(findTestObject("CERTPAY_QUICKSTI/Payment_Information_Page/MANUAL_ENTRY_BUTTON"), "ManualEntry", [pageLoadTime]): Quicksti.ts:Clicked on the ManualEntry

2020-10-13 11:06:51 - [MESSAGE][INFO] - safeClicking

2020-10-13 11:06:51 - [MESSAGE][PASSED] - Object 'Object Repository/CERTPAY_QUICKSTI/Payment_Information_Page/MANUAL_ENTRY_BUTTON' is present

2020-10-13 11:06:51 - [MESSAGE][PASSED] - Object 'Object Repository/CERTPAY_QUICKSTI/Payment_Information_Page/MANUAL_ENTRY_BUTTON' is clickable

2020-10-13 11:06:55 - [MESSAGE][PASSED] - Object: 'Object Repository/CERTPAY_QUICKSTI/Payment_Information_Page/MANUAL_ENTRY_BUTTON' is clicked on

2020-10-13 11:06:55 - [MESSAGE][PASSED] - Quicksti.ts:Clicked on the ManualEntry

2020-10-13 11:06:55 - [TEST_STEP][PASSED] - amount_Value = pages.Quicksti.getAttributeValue(findTestObject("CERTPAY_QUICKSTI/Payment_Information_Page/SUB_TOTAL")): pages.Quicksti.getAttributeValue is PASSED

2020-10-13 11:06:55 - [MESSAGE][PASSED] - Attribute 'value' of object 'Object Repository/CERTPAY_QUICKSTI/Payment_Information_Page/SUB_TOTAL' is: '35.00'

2020-10-13 11:06:55 - [MESSAGE][PASSED] - pages.Quicksti.getAttributeValue is PASSED

2020-10-13 11:06:55 - [TEST_STEP][PASSED] - CardNumber = pages.Quicksti.setUserPaymentDetails(firstName, lastName, cardNum): Quicksti.ts:Entered'374245003731006 into CardNum

2020-10-13 11:06:56 - [MESSAGE][PASSED] - Object 'Object Repository/CERTPAY_QUICKSTI/Payment_Information_Page/FIRST_NAME' is present

2020-10-13 11:06:56 - [MESSAGE][PASSED] - Object 'Object Repository/CERTPAY_QUICKSTI/Payment_Information_Page/FIRST_NAME' is visible

2020-10-13 11:06:56 - [MESSAGE][PASSED] - Object 'Object Repository/CERTPAY_QUICKSTI/Payment_Information_Page/FIRST_NAME' is present

2020-10-13 11:06:57 - [MESSAGE][PASSED] - Text 'Tester' is set on object 'Object Repository/CERTPAY_QUICKSTI/Payment_Information_Page/FIRST_NAME'

2020-10-13 11:06:57 - [MESSAGE][PASSED] - Quicksti.ts:Entered'Tester into FirstName

2020-10-13 11:06:58 - [MESSAGE][PASSED] - Object 'Object Repository/CERTPAY_QUICKSTI/Payment_Information_Page/LAST_NAME' is present

2020-10-13 11:06:58 - [MESSAGE][PASSED] - Object 'Object Repository/CERTPAY_QUICKSTI/Payment_Information_Page/LAST_NAME' is visible

2020-10-13 11:06:58 - [MESSAGE][PASSED] - Object 'Object Repository/CERTPAY_QUICKSTI/Payment_Information_Page/LAST_NAME' is present

2020-10-13 11:07:00 - [MESSAGE][PASSED] - Text 'Zenq1' is set on object 'Object Repository/CERTPAY_QUICKSTI/Payment_Information_Page/LAST_NAME'

2020-10-13 11:07:00 - [MESSAGE][PASSED] - Quicksti.ts:Entered'Zenq1 into LAstName

2020-10-13 11:07:00 - [MESSAGE][PASSED] - Object 'Object Repository/CERTPAY_QUICKSTI/Payment_Information_Page/CARD_NUMBER' is present

2020-10-13 11:07:00 - [MESSAGE][PASSED] - Object 'Object Repository/CERTPAY_QUICKSTI/Payment_Information_Page/CARD_NUMBER' is visible

2020-10-13 11:07:01 - [MESSAGE][PASSED] - Object 'Object Repository/CERTPAY_QUICKSTI/Payment_Information_Page/CARD_NUMBER' is present

2020-10-13 11:07:02 - [MESSAGE][PASSED] - Text '374245003731006' is set on object 'Object Repository/CERTPAY_QUICKSTI/Payment_Information_Page/CARD_NUMBER'

2020-10-13 11:07:02 - [MESSAGE][PASSED] - Quicksti.ts:Entered'374245003731006 into CardNum

2020-10-13 11:07:02 - [TEST_STEP][PASSED] - pages.Quicksti.setExpDate(expMonth, expYear, securityCode): Quicksti.ts:Entered'111 into securityCode

2020-10-13 11:07:02 - [MESSAGE][PASSED] - Object 'Object Repository/CERTPAY_QUICKSTI/Payment_Information_Page/EXP_MONTH' is visible

2020-10-13 11:07:03 - [MESSAGE][PASSED] - Object 'Object Repository/CERTPAY_QUICKSTI/Payment_Information_Page/EXP_MONTH' is present

2020-10-13 11:07:04 - [MESSAGE][PASSED] - Object: 'Object Repository/CERTPAY_QUICKSTI/Payment_Information_Page/EXP_MONTH' is clicked on

2020-10-13 11:07:05 - [MESSAGE][PASSED] - All options with label '05' are selected in object 'Object Repository/CERTPAY_QUICKSTI/Payment_Information_Page/EXP_MONTH'  using regular expression

2020-10-13 11:07:05 - [MESSAGE][PASSED] - selected dropdown option by visible text  05from expMonth

2020-10-13 11:07:06 - [MESSAGE][PASSED] - Object 'Object Repository/CERTPAY_QUICKSTI/Payment_Information_Page/EXP_YEAR' is visible

2020-10-13 11:07:06 - [MESSAGE][PASSED] - Object 'Object Repository/CERTPAY_QUICKSTI/Payment_Information_Page/EXP_YEAR' is present

2020-10-13 11:07:07 - [MESSAGE][PASSED] - Object: 'Object Repository/CERTPAY_QUICKSTI/Payment_Information_Page/EXP_YEAR' is clicked on

2020-10-13 11:07:09 - [MESSAGE][PASSED] - All options with label '2022' are selected in object 'Object Repository/CERTPAY_QUICKSTI/Payment_Information_Page/EXP_YEAR'  using regular expression

2020-10-13 11:07:09 - [MESSAGE][PASSED] - selected dropdown option by visible text  2022from  expYear

2020-10-13 11:07:09 - [MESSAGE][PASSED] - Object 'Object Repository/CERTPAY_QUICKSTI/Payment_Information_Page/SECURITY_CODE' is present

2020-10-13 11:07:09 - [MESSAGE][PASSED] - Object 'Object Repository/CERTPAY_QUICKSTI/Payment_Information_Page/SECURITY_CODE' is visible

2020-10-13 11:07:09 - [MESSAGE][PASSED] - Object 'Object Repository/CERTPAY_QUICKSTI/Payment_Information_Page/SECURITY_CODE' is present

2020-10-13 11:07:11 - [MESSAGE][PASSED] - Text '111' is set on object 'Object Repository/CERTPAY_QUICKSTI/Payment_Information_Page/SECURITY_CODE'

2020-10-13 11:07:11 - [MESSAGE][PASSED] - Quicksti.ts:Entered'111 into securityCode

2020-10-13 11:07:11 - [TEST_STEP][PASSED] - utilities.SafeActions.safeType(findTestObject("CERTPAY_QUICKSTI/Payment_Information_Page/ADDRESS"), address, "Address", [pageLoadTime]): Quicksti.ts:Entered'14-2 into Address

2020-10-13 11:07:11 - [MESSAGE][PASSED] - Object 'Object Repository/CERTPAY_QUICKSTI/Payment_Information_Page/ADDRESS' is present

2020-10-13 11:07:11 - [MESSAGE][PASSED] - Object 'Object Repository/CERTPAY_QUICKSTI/Payment_Information_Page/ADDRESS' is visible

2020-10-13 11:07:12 - [MESSAGE][PASSED] - Object 'Object Repository/CERTPAY_QUICKSTI/Payment_Information_Page/ADDRESS' is present

2020-10-13 11:07:13 - [MESSAGE][PASSED] - Text '14-2' is set on object 'Object Repository/CERTPAY_QUICKSTI/Payment_Information_Page/ADDRESS'

2020-10-13 11:07:13 - [MESSAGE][PASSED] - Quicksti.ts:Entered'14-2 into Address

2020-10-13 11:07:13 - [TEST_STEP][PASSED] - utilities.SafeActions.safeType(findTestObject("CERTPAY_QUICKSTI/Payment_Information_Page/ZIP_CODE"), zipCode, "zipcode", [pageLoadTime]): Quicksti.ts:Entered'76102 into zipcode

2020-10-13 11:07:13 - [MESSAGE][PASSED] - Object 'Object Repository/CERTPAY_QUICKSTI/Payment_Information_Page/ZIP_CODE' is present

2020-10-13 11:07:14 - [MESSAGE][PASSED] - Object 'Object Repository/CERTPAY_QUICKSTI/Payment_Information_Page/ZIP_CODE' is visible

2020-10-13 11:07:14 - [MESSAGE][PASSED] - Object 'Object Repository/CERTPAY_QUICKSTI/Payment_Information_Page/ZIP_CODE' is present

2020-10-13 11:07:15 - [MESSAGE][PASSED] - Text '76102' is set on object 'Object Repository/CERTPAY_QUICKSTI/Payment_Information_Page/ZIP_CODE'

2020-10-13 11:07:15 - [MESSAGE][PASSED] - Quicksti.ts:Entered'76102 into zipcode

2020-10-13 11:07:15 - [TEST_STEP][PASSED] - utilities.SafeActions.safeType(findTestObject("CERTPAY_QUICKSTI/Payment_Information_Page/TELEPHONE"), telephone, "Telephone", [pageLoadTime]): Quicksti.ts:Entered'9989897654 into Telephone

2020-10-13 11:07:16 - [MESSAGE][PASSED] - Object 'Object Repository/CERTPAY_QUICKSTI/Payment_Information_Page/TELEPHONE' is present

2020-10-13 11:07:16 - [MESSAGE][PASSED] - Object 'Object Repository/CERTPAY_QUICKSTI/Payment_Information_Page/TELEPHONE' is visible

2020-10-13 11:07:16 - [MESSAGE][PASSED] - Object 'Object Repository/CERTPAY_QUICKSTI/Payment_Information_Page/TELEPHONE' is present

2020-10-13 11:07:17 - [MESSAGE][PASSED] - Text '9989897654' is set on object 'Object Repository/CERTPAY_QUICKSTI/Payment_Information_Page/TELEPHONE'

2020-10-13 11:07:17 - [MESSAGE][PASSED] - Quicksti.ts:Entered'9989897654 into Telephone

2020-10-13 11:07:17 - [TEST_STEP][PASSED] - utilities.SafeActions.safeType(findTestObject("CERTPAY_QUICKSTI/Payment_Information_Page/EMAIL_ADDRESS"), emailAddress, "EMAIL address", [pageLoadTime]): Quicksti.ts:Entered'testing@zenq.com into EMAIL address

2020-10-13 11:07:18 - [MESSAGE][PASSED] - Object 'Object Repository/CERTPAY_QUICKSTI/Payment_Information_Page/EMAIL_ADDRESS' is present

2020-10-13 11:07:18 - [MESSAGE][PASSED] - Object 'Object Repository/CERTPAY_QUICKSTI/Payment_Information_Page/EMAIL_ADDRESS' is visible

2020-10-13 11:07:18 - [MESSAGE][PASSED] - Object 'Object Repository/CERTPAY_QUICKSTI/Payment_Information_Page/EMAIL_ADDRESS' is present

2020-10-13 11:07:20 - [MESSAGE][PASSED] - Text 'testing@zenq.com' is set on object 'Object Repository/CERTPAY_QUICKSTI/Payment_Information_Page/EMAIL_ADDRESS'

2020-10-13 11:07:20 - [MESSAGE][PASSED] - Quicksti.ts:Entered'testing@zenq.com into EMAIL address

2020-10-13 11:07:20 - [TEST_STEP][PASSED] - utilities.SafeActions.safeClick(findTestObject("CERTPAY_QUICKSTI/Payment_Information_Page/NEXT_BUTTON"), "Next", [pageLoadTime]): Quicksti.ts:Clicked on the Next

2020-10-13 11:07:20 - [MESSAGE][INFO] - safeClicking

2020-10-13 11:07:20 - [MESSAGE][PASSED] - Object 'Object Repository/CERTPAY_QUICKSTI/Payment_Information_Page/NEXT_BUTTON' is present

2020-10-13 11:07:20 - [MESSAGE][PASSED] - Object 'Object Repository/CERTPAY_QUICKSTI/Payment_Information_Page/NEXT_BUTTON' is clickable

2020-10-13 11:07:24 - [MESSAGE][PASSED] - Object: 'Object Repository/CERTPAY_QUICKSTI/Payment_Information_Page/NEXT_BUTTON' is clicked on

2020-10-13 11:07:24 - [MESSAGE][PASSED] - Quicksti.ts:Clicked on the Next

2020-10-13 11:07:24 - [TEST_STEP][PASSED] - pages.Quicksti.verifyUserPaymentDetails(paymentAmount, firstName, lastName, CardNumber): pages.Quicksti.verifyUserPaymentDetails is PASSED

2020-10-13 11:07:24 - [MESSAGE][PASSED] - Text of object 'Object Repository/CERTPAY_QUICKSTI/Payment_Details_Verification_Page/AMOUNT' is: '$35.00'

2020-10-13 11:07:24 - [MESSAGE][PASSED] - Actual text '35.00' and expected text '35.00' are matched  using regular expression

2020-10-13 11:07:25 - [MESSAGE][PASSED] - Text of object 'Object Repository/CERTPAY_QUICKSTI/Payment_Details_Verification_Page/NAME' is: 'Tester Zenq1'

2020-10-13 11:07:25 - [MESSAGE][PASSED] - Actual text 'Tester Zenq1' and expected text 'Tester Zenq1' are matched  using regular expression

2020-10-13 11:07:25 - [MESSAGE][PASSED] - Text of object 'Object Repository/CERTPAY_QUICKSTI/Payment_Details_Verification_Page/CARD_NUMBER' is: '...1006'

2020-10-13 11:07:25 - [MESSAGE][PASSED] - Actual text '1006' and expected text '1006' are matched  using regular expression

2020-10-13 11:07:25 - [MESSAGE][PASSED] - pages.Quicksti.verifyUserPaymentDetails is PASSED

2020-10-13 11:07:25 - [TEST_STEP][PASSED] - delay(2): Delayed 2 second(s)

2020-10-13 11:07:27 - [MESSAGE][PASSED] - Delayed 2 second(s)

2020-10-13 11:07:27 - [TEST_STEP][PASSED] - scrollToElement(findTestObject("CERTPAY_QUICKSTI/Payment_Details_Verification_Page/PROCESS"), 0): Scroll to object 'Object Repository/CERTPAY_QUICKSTI/Payment_Details_Verification_Page/PROCESS' successfully

2020-10-13 11:07:27 - [MESSAGE][WARNING] - Timeout '0' is invalid. Using default page load timeout: '30'

2020-10-13 11:07:27 - [MESSAGE][PASSED] - Scroll to object 'Object Repository/CERTPAY_QUICKSTI/Payment_Details_Verification_Page/PROCESS' successfully

2020-10-13 11:07:27 - [TEST_STEP][PASSED] - utilities.SafeActions.safeClick(findTestObject("CERTPAY_QUICKSTI/Payment_Details_Verification_Page/PROCESS"), "Process", [pageLoadTime]): Quicksti.ts:Clicked on the Process

2020-10-13 11:07:27 - [MESSAGE][INFO] - safeClicking

2020-10-13 11:07:28 - [MESSAGE][PASSED] - Object 'Object Repository/CERTPAY_QUICKSTI/Payment_Details_Verification_Page/PROCESS' is present

2020-10-13 11:07:28 - [MESSAGE][PASSED] - Object 'Object Repository/CERTPAY_QUICKSTI/Payment_Details_Verification_Page/PROCESS' is clickable

2020-10-13 11:07:32 - [MESSAGE][PASSED] - Object: 'Object Repository/CERTPAY_QUICKSTI/Payment_Details_Verification_Page/PROCESS' is clicked on

2020-10-13 11:07:32 - [MESSAGE][PASSED] - Quicksti.ts:Clicked on the Process

2020-10-13 11:07:32 - [TEST_STEP][PASSED] - paymentId = pages.Quicksti.verifyPaymentApproval(findTestObject("CERTPAY_QUICKSTI/Payment_Details_Verification_Page/APPROVED")): Payment is approved

2020-10-13 11:07:33 - [MESSAGE][PASSED] - Text of object 'Object Repository/CERTPAY_QUICKSTI/Payment_Details_Verification_Page/PAYMENT_ID' is: '100176127318'

2020-10-13 11:07:33 - [MESSAGE][PASSED] - Object 'Object Repository/CERTPAY_QUICKSTI/Payment_Details_Verification_Page/APPROVED' is present

2020-10-13 11:07:33 - [MESSAGE][PASSED] - Payment is approved

2020-10-13 11:07:35 - [TEST_STEP][PASSED] - navigateToUrl(Admin_url): Navigate to 'https://qa-certpayadmin.faps.net' successfully

2020-10-13 11:07:40 - [MESSAGE][PASSED] - Navigate to 'https://qa-certpayadmin.faps.net' successfully

2020-10-13 11:07:40 - [TEST_STEP][PASSED] - pages.Bureau_Login_Page.loginToAdminSite(AdminUsername, AdminPassword): Quicksti.ts:Clicked on the LOGIN

2020-10-13 11:07:41 - [MESSAGE][PASSED] - Object 'Object Repository/CERTPAY_ADMIN/USER_NAME' is present

2020-10-13 11:07:41 - [MESSAGE][PASSED] - Object 'Object Repository/CERTPAY_ADMIN/USER_NAME' is visible

2020-10-13 11:07:41 - [MESSAGE][PASSED] - Object 'Object Repository/CERTPAY_ADMIN/USER_NAME' is present

2020-10-13 11:07:42 - [MESSAGE][PASSED] - Text 'VVangiliappan' is set on object 'Object Repository/CERTPAY_ADMIN/USER_NAME'

2020-10-13 11:07:42 - [MESSAGE][PASSED] - Quicksti.ts:Entered'VVangiliappan into username

2020-10-13 11:07:43 - [MESSAGE][PASSED] - Object 'Object Repository/CERTPAY_ADMIN/PASSWORD' is present

2020-10-13 11:07:43 - [MESSAGE][PASSED] - Object 'Object Repository/CERTPAY_ADMIN/PASSWORD' is visible

2020-10-13 11:07:43 - [MESSAGE][PASSED] - Object 'Object Repository/CERTPAY_ADMIN/PASSWORD' is present

2020-10-13 11:07:45 - [MESSAGE][PASSED] - Text 'Test@123' is set on object 'Object Repository/CERTPAY_ADMIN/PASSWORD'

2020-10-13 11:07:45 - [MESSAGE][PASSED] - Quicksti.ts:Entered'Test@123 into password

2020-10-13 11:07:45 - [MESSAGE][INFO] - safeClicking

2020-10-13 11:07:45 - [MESSAGE][PASSED] - Object 'Object Repository/CERTPAY_ADMIN/LOGIN_BUTTON' is present

2020-10-13 11:07:45 - [MESSAGE][PASSED] - Object 'Object Repository/CERTPAY_ADMIN/LOGIN_BUTTON' is clickable

2020-10-13 11:07:53 - [MESSAGE][PASSED] - Object: 'Object Repository/CERTPAY_ADMIN/LOGIN_BUTTON' is clicked on

2020-10-13 11:07:53 - [MESSAGE][PASSED] - Quicksti.ts:Clicked on the LOGIN

2020-10-13 11:07:53 - [TEST_STEP][PASSED] - utilities.SafeActions.safeClick(findTestObject("CERTPAY_ADMIN/TRANSACTION_MENU"), "TransactionMenu", [pageLoadTime]): Quicksti.ts:Clicked on the TransactionMenu

2020-10-13 11:07:53 - [MESSAGE][INFO] - safeClicking

2020-10-13 11:07:53 - [MESSAGE][PASSED] - Object 'Object Repository/CERTPAY_ADMIN/TRANSACTION_MENU' is present

2020-10-13 11:07:53 - [MESSAGE][PASSED] - Object 'Object Repository/CERTPAY_ADMIN/TRANSACTION_MENU' is clickable

2020-10-13 11:07:54 - [MESSAGE][PASSED] - Object: 'Object Repository/CERTPAY_ADMIN/TRANSACTION_MENU' is clicked on

2020-10-13 11:07:54 - [MESSAGE][PASSED] - Quicksti.ts:Clicked on the TransactionMenu

2020-10-13 11:07:54 - [TEST_STEP][PASSED] - utilities.SafeActions.safeClick(findTestObject("CERTPAY_ADMIN/TRANSACTION_SEARCH"), "TransactionSearch", [pageLoadTime]): Quicksti.ts:Clicked on the TransactionSearch

2020-10-13 11:07:54 - [MESSAGE][INFO] - safeClicking

2020-10-13 11:07:55 - [MESSAGE][PASSED] - Object 'Object Repository/CERTPAY_ADMIN/TRANSACTION_SEARCH' is present

2020-10-13 11:07:55 - [MESSAGE][PASSED] - Object 'Object Repository/CERTPAY_ADMIN/TRANSACTION_SEARCH' is clickable

2020-10-13 11:07:58 - [MESSAGE][PASSED] - Object: 'Object Repository/CERTPAY_ADMIN/TRANSACTION_SEARCH' is clicked on

2020-10-13 11:07:58 - [MESSAGE][PASSED] - Quicksti.ts:Clicked on the TransactionSearch

2020-10-13 11:07:58 - [TEST_STEP][PASSED] - utilities.SafeActions.safeType(findTestObject("CERTPAY_ADMIN/PAYMENT_ID"), paymentId, "Payment id", [pageLoadTime]): Quicksti.ts:Entered'100176127318 into Payment id

2020-10-13 11:07:59 - [MESSAGE][PASSED] - Object 'Object Repository/CERTPAY_ADMIN/PAYMENT_ID' is present

2020-10-13 11:07:59 - [MESSAGE][PASSED] - Object 'Object Repository/CERTPAY_ADMIN/PAYMENT_ID' is visible

2020-10-13 11:07:59 - [MESSAGE][PASSED] - Object 'Object Repository/CERTPAY_ADMIN/PAYMENT_ID' is present

2020-10-13 11:08:00 - [MESSAGE][PASSED] - Text '100176127318' is set on object 'Object Repository/CERTPAY_ADMIN/PAYMENT_ID'

2020-10-13 11:08:00 - [MESSAGE][PASSED] - Quicksti.ts:Entered'100176127318 into Payment id

2020-10-13 11:08:00 - [TEST_STEP][PASSED] - utilities.SafeActions.safeClick(findTestObject("CERTPAY_ADMIN/GO_BUTTON"), "Go button", [pageLoadTime]): Quicksti.ts:Clicked on the Go button

2020-10-13 11:08:00 - [MESSAGE][INFO] - safeClicking

2020-10-13 11:08:01 - [MESSAGE][PASSED] - Object 'Object Repository/CERTPAY_ADMIN/GO_BUTTON' is present

2020-10-13 11:08:01 - [MESSAGE][PASSED] - Object 'Object Repository/CERTPAY_ADMIN/GO_BUTTON' is clickable

2020-10-13 11:08:05 - [MESSAGE][PASSED] - Object: 'Object Repository/CERTPAY_ADMIN/GO_BUTTON' is clicked on

2020-10-13 11:08:05 - [MESSAGE][PASSED] - Quicksti.ts:Clicked on the Go button

2020-10-13 11:08:05 - [TEST_STEP][PASSED] - delay(5): Delayed 5 second(s)

2020-10-13 11:08:10 - [MESSAGE][PASSED] - Delayed 5 second(s)

2020-10-13 11:08:10 - [TEST_STEP][PASSED] - scrollToPosition(800, 900): Browser is scrolled to position x = 800, y = 900

2020-10-13 11:08:10 - [MESSAGE][PASSED] - Browser is scrolled to position x = 800, y = 900

2020-10-13 11:08:10 - [TEST_STEP][PASSED] - paymentIdList.add(paymentId): null

2020-10-13 11:08:10 - [TEST_STEP][PASSED] - println(paymentIdList): null

2020-10-13 11:08:10 - [TEST_STEP][PASSED] - return paymentIdList: null

2020-10-13 11:08:10 - [TEST_STEP][PASSED] - Start listener action : afterTestCase: Browser is closed

2020-10-13 11:08:10 - [TEST_STEP][PASSED] - closeBrowser(): Browser is closed

2020-10-13 11:08:11 - [MESSAGE][PASSED] - Browser is closed]]></system-out>
         <system-err><![CDATA[]]></system-err>
      </testcase>
      <testcase name="Test Cases/Certpay_Quicksti/TC_004_MultiBureauSite_MultiBureaus_SingleLinePayment" time="588.757" classname="Test Cases/Certpay_Quicksti/TC_004_MultiBureauSite_MultiBureaus_SingleLinePayment" status="PASSED">
         <system-out><![CDATA[2020-10-13 11:08:11 - [TEST_CASE][PASSED] - Test Cases/Certpay_Quicksti/TC_004_MultiBureauSite_MultiBureaus_SingleLinePayment: Test Cases/Certpay_Quicksti/TC_004_MultiBureauSite_MultiBureaus_SingleLinePayment

2020-10-13 11:08:11 - [TEST_STEP][PASSED] - Start listener action : beforeTestCase: null

2020-10-13 11:08:12 - [TEST_STEP][PASSED] - data = findTestData("Data Files/Certpay/MultiBureau_SingleLine"): null

2020-10-13 11:08:12 - [TEST_STEP][PASSED] - for (def index : (1..data.getRowNumbers())): Browser is scrolled to position x = 800, y = 900

2020-10-13 11:08:12 - [TEST_STEP][PASSED] - firstName = data.getValue("FirstName", index): null

2020-10-13 11:08:12 - [TEST_STEP][PASSED] - lastName = data.getValue("LastName", index): null

2020-10-13 11:08:12 - [TEST_STEP][PASSED] - expMonth = data.getValue("ExpMonth", index): null

2020-10-13 11:08:12 - [TEST_STEP][PASSED] - expYear = data.getValue("ExpYear", index): null

2020-10-13 11:08:12 - [TEST_STEP][PASSED] - securityCode = data.getValue("SecurityCode", index): null

2020-10-13 11:08:12 - [TEST_STEP][PASSED] - paymentAmount = data.getValue("PaymentAmount", index): null

2020-10-13 11:08:12 - [TEST_STEP][PASSED] - paymentType = data.getValue("PaymentType", index): null

2020-10-13 11:08:12 - [TEST_STEP][PASSED] - quantity = data.getValue("Quantity", index): null

2020-10-13 11:08:12 - [TEST_STEP][PASSED] - comments = data.getValue("Comments", index): null

2020-10-13 11:08:12 - [TEST_STEP][PASSED] - referenceNum = data.getValue("ReferenceNum", index): null

2020-10-13 11:08:12 - [TEST_STEP][PASSED] - address = data.getValue("Address", index): null

2020-10-13 11:08:12 - [TEST_STEP][PASSED] - zipCode = data.getValue("Zipcode", index): null

2020-10-13 11:08:12 - [TEST_STEP][PASSED] - telephone = data.getValue("Telephone", index): null

2020-10-13 11:08:12 - [TEST_STEP][PASSED] - emailAddress = data.getValue("EmailAddress", index): null

2020-10-13 11:08:12 - [TEST_STEP][PASSED] - cardNum = data.getValue("CardNumber", index): null

2020-10-13 11:08:12 - [TEST_STEP][PASSED] - cardType = data.getValue("CardType", index): null

2020-10-13 11:08:12 - [TEST_STEP][PASSED] - utilities.SafeActions.openBrowser(Quicksti_Url, [pageLoadTime]): Browser launched successfully

2020-10-13 11:08:12 - [MESSAGE][INFO] - Opening Browser

2020-10-13 11:08:12 - [MESSAGE][INFO] - Starting 'Chrome' driver

2020-10-13 11:08:27 - [MESSAGE][PASSED] - Browser is opened with url: 'https://qa-certpayquicksti.faps.net/'

2020-10-13 11:08:29 - [MESSAGE][PASSED] - Current window maximized

2020-10-13 11:08:29 - [MESSAGE][PASSED] - Browser launched successfully

2020-10-13 11:08:29 - [TEST_STEP][PASSED] - utilities.SafeActions.safeCheck(findTestObject("CERTPAY_QUICKSTI/Login_ Page/MULTI_BUREAU_CHECKBOX"), "Multi Bureau", [pageLoadTime]): Quicksti.ts:Checkbox 'Multi Bureau'is selected

2020-10-13 11:08:30 - [MESSAGE][PASSED] - Object 'Object Repository/CERTPAY_QUICKSTI/Login_ Page/MULTI_BUREAU_CHECKBOX' is present

2020-10-13 11:08:31 - [MESSAGE][PASSED] - Object 'Object Repository/CERTPAY_QUICKSTI/Login_ Page/MULTI_BUREAU_CHECKBOX' is present

2020-10-13 11:08:32 - [MESSAGE][PASSED] - Object: 'Object Repository/CERTPAY_QUICKSTI/Login_ Page/MULTI_BUREAU_CHECKBOX' is clicked on

2020-10-13 11:08:32 - [MESSAGE][PASSED] - Quicksti.ts:Checkbox 'Multi Bureau'is selected

2020-10-13 11:08:32 - [TEST_STEP][PASSED] - utilities.SafeActions.safeType(findTestObject("CERTPAY_QUICKSTI/Login_ Page/TELLER_ID"), teller_id, "Bureau code", [pageLoadTime]): Quicksti.ts:Entered'zenq into Bureau code

2020-10-13 11:08:34 - [MESSAGE][PASSED] - Object 'Object Repository/CERTPAY_QUICKSTI/Login_ Page/TELLER_ID' is present

2020-10-13 11:08:34 - [MESSAGE][PASSED] - Object 'Object Repository/CERTPAY_QUICKSTI/Login_ Page/TELLER_ID' is visible

2020-10-13 11:08:35 - [MESSAGE][PASSED] - Object 'Object Repository/CERTPAY_QUICKSTI/Login_ Page/TELLER_ID' is present

2020-10-13 11:08:36 - [MESSAGE][PASSED] - Text 'zenq' is set on object 'Object Repository/CERTPAY_QUICKSTI/Login_ Page/TELLER_ID'

2020-10-13 11:08:36 - [MESSAGE][PASSED] - Quicksti.ts:Entered'zenq into Bureau code

2020-10-13 11:08:36 - [TEST_STEP][PASSED] - utilities.SafeActions.safeClick(findTestObject("CERTPAY_QUICKSTI/Login_ Page/NEXT_BUTTON"), "Next button", [pageLoadTime]): Quicksti.ts:Clicked on the Next button

2020-10-13 11:08:36 - [MESSAGE][INFO] - safeClicking

2020-10-13 11:08:36 - [MESSAGE][PASSED] - Object 'Object Repository/CERTPAY_QUICKSTI/Login_ Page/NEXT_BUTTON' is present

2020-10-13 11:08:36 - [MESSAGE][PASSED] - Object 'Object Repository/CERTPAY_QUICKSTI/Login_ Page/NEXT_BUTTON' is clickable

2020-10-13 11:08:41 - [MESSAGE][PASSED] - Object: 'Object Repository/CERTPAY_QUICKSTI/Login_ Page/NEXT_BUTTON' is clicked on

2020-10-13 11:08:41 - [MESSAGE][PASSED] - Quicksti.ts:Clicked on the Next button

2020-10-13 11:08:41 - [TEST_STEP][PASSED] - pages.Quicksti.setCommnets("0", "0", comments): Quicksti.ts:Entered'Testing into Comments

2020-10-13 11:08:41 - [MESSAGE][PASSED] - Object '' is present

2020-10-13 11:08:42 - [MESSAGE][PASSED] - Object '' is visible

2020-10-13 11:08:42 - [MESSAGE][PASSED] - Object '' is present

2020-10-13 11:08:43 - [MESSAGE][PASSED] - Text 'Testing' is set on object ''

2020-10-13 11:08:43 - [MESSAGE][PASSED] - Quicksti.ts:Entered'Testing into Comments

2020-10-13 11:08:43 - [TEST_STEP][PASSED] - utilities.SafeActions.safeType(findTestObject("CERTPAY_QUICKSTI/Payment_Information_Page/PAYMENT_AMOUNT"), paymentAmount, "Payment Amount", [pageLoadTime]): Quicksti.ts:Entered'20.00 into Payment Amount

2020-10-13 11:08:44 - [MESSAGE][PASSED] - Object 'Object Repository/CERTPAY_QUICKSTI/Payment_Information_Page/PAYMENT_AMOUNT' is present

2020-10-13 11:08:44 - [MESSAGE][PASSED] - Object 'Object Repository/CERTPAY_QUICKSTI/Payment_Information_Page/PAYMENT_AMOUNT' is visible

2020-10-13 11:08:44 - [MESSAGE][PASSED] - Object 'Object Repository/CERTPAY_QUICKSTI/Payment_Information_Page/PAYMENT_AMOUNT' is present

2020-10-13 11:08:46 - [MESSAGE][PASSED] - Text '20.00' is set on object 'Object Repository/CERTPAY_QUICKSTI/Payment_Information_Page/PAYMENT_AMOUNT'

2020-10-13 11:08:46 - [MESSAGE][PASSED] - Quicksti.ts:Entered'20.00 into Payment Amount

2020-10-13 11:08:46 - [TEST_STEP][PASSED] - pages.Quicksti.setAmountDetailsForMultiBureau("0", paymentType, "0", referenceNum, quantity): Quicksti.ts:Entered'1 into Quntity

2020-10-13 11:08:46 - [MESSAGE][PASSED] - Object '' is visible

2020-10-13 11:08:46 - [MESSAGE][PASSED] - Object '' is present

2020-10-13 11:08:48 - [MESSAGE][PASSED] - Object: '' is clicked on

2020-10-13 11:08:49 - [MESSAGE][PASSED] - All options with label 'Taxes' are selected in object ''  using regular expression

2020-10-13 11:08:49 - [MESSAGE][PASSED] - selected dropdown option by visible text  Taxesfrom Payment Type

2020-10-13 11:08:49 - [MESSAGE][PASSED] - Object '' is present

2020-10-13 11:08:49 - [MESSAGE][PASSED] - Object '' is visible

2020-10-13 11:08:50 - [MESSAGE][PASSED] - Object '' is present

2020-10-13 11:08:51 - [MESSAGE][PASSED] - Text '11' is set on object ''

2020-10-13 11:08:51 - [MESSAGE][PASSED] - Quicksti.ts:Entered'11 into RefrenceNumber

2020-10-13 11:08:51 - [MESSAGE][PASSED] - Object '' is present

2020-10-13 11:08:52 - [MESSAGE][PASSED] - Object '' is visible

2020-10-13 11:08:52 - [MESSAGE][PASSED] - Object '' is present

2020-10-13 11:08:53 - [MESSAGE][PASSED] - Text '1' is set on object ''

2020-10-13 11:08:53 - [MESSAGE][PASSED] - Quicksti.ts:Entered'1 into Quntity

2020-10-13 11:08:53 - [TEST_STEP][PASSED] - utilities.SafeActions.safeType(findTestObject("CERTPAY_QUICKSTI/Payment_Information_Page/MULTIBUREAU_PAYMENT_AMOUNT"), paymentAmount, "Payment Amount", [pageLoadTime]): Quicksti.ts:Entered'20.00 into Payment Amount

2020-10-13 11:08:54 - [MESSAGE][PASSED] - Object 'Object Repository/CERTPAY_QUICKSTI/Payment_Information_Page/MULTIBUREAU_PAYMENT_AMOUNT' is present

2020-10-13 11:08:54 - [MESSAGE][PASSED] - Object 'Object Repository/CERTPAY_QUICKSTI/Payment_Information_Page/MULTIBUREAU_PAYMENT_AMOUNT' is visible

2020-10-13 11:08:54 - [MESSAGE][PASSED] - Object 'Object Repository/CERTPAY_QUICKSTI/Payment_Information_Page/MULTIBUREAU_PAYMENT_AMOUNT' is present

2020-10-13 11:08:56 - [MESSAGE][PASSED] - Text '20.00' is set on object 'Object Repository/CERTPAY_QUICKSTI/Payment_Information_Page/MULTIBUREAU_PAYMENT_AMOUNT'

2020-10-13 11:08:56 - [MESSAGE][PASSED] - Quicksti.ts:Entered'20.00 into Payment Amount

2020-10-13 11:08:56 - [TEST_STEP][PASSED] - pages.Quicksti.setAmountDetailsForMultiBureau("0", "Registration Fees", "1", referenceNum, quantity): Quicksti.ts:Entered'1 into Quntity

2020-10-13 11:08:56 - [MESSAGE][PASSED] - Object '' is visible

2020-10-13 11:08:56 - [MESSAGE][PASSED] - Object '' is present

2020-10-13 11:08:58 - [MESSAGE][PASSED] - Object: '' is clicked on

2020-10-13 11:08:59 - [MESSAGE][PASSED] - All options with label 'Registration Fees' are selected in object ''  using regular expression

2020-10-13 11:08:59 - [MESSAGE][PASSED] - selected dropdown option by visible text  Registration Feesfrom Payment Type

2020-10-13 11:08:59 - [MESSAGE][PASSED] - Object '' is present

2020-10-13 11:08:59 - [MESSAGE][PASSED] - Object '' is visible

2020-10-13 11:09:00 - [MESSAGE][PASSED] - Object '' is present

2020-10-13 11:09:01 - [MESSAGE][PASSED] - Text '11' is set on object ''

2020-10-13 11:09:01 - [MESSAGE][PASSED] - Quicksti.ts:Entered'11 into RefrenceNumber

2020-10-13 11:09:01 - [MESSAGE][PASSED] - Object '' is present

2020-10-13 11:09:01 - [MESSAGE][PASSED] - Object '' is visible

2020-10-13 11:09:02 - [MESSAGE][PASSED] - Object '' is present

2020-10-13 11:09:03 - [MESSAGE][PASSED] - Text '1' is set on object ''

2020-10-13 11:09:03 - [MESSAGE][PASSED] - Quicksti.ts:Entered'1 into Quntity

2020-10-13 11:09:03 - [TEST_STEP][PASSED] - utilities.SafeActions.safeType(findTestObject("CERTPAY_QUICKSTI/Payment_Information_Page/MULTIBUREAU_PAY_AMOUNT2"), paymentAmount, "Payment Amount", [pageLoadTime]): Quicksti.ts:Entered'20.00 into Payment Amount

2020-10-13 11:09:03 - [MESSAGE][PASSED] - Object 'Object Repository/CERTPAY_QUICKSTI/Payment_Information_Page/MULTIBUREAU_PAY_AMOUNT2' is present

2020-10-13 11:09:04 - [MESSAGE][PASSED] - Object 'Object Repository/CERTPAY_QUICKSTI/Payment_Information_Page/MULTIBUREAU_PAY_AMOUNT2' is visible

2020-10-13 11:09:04 - [MESSAGE][PASSED] - Object 'Object Repository/CERTPAY_QUICKSTI/Payment_Information_Page/MULTIBUREAU_PAY_AMOUNT2' is present

2020-10-13 11:09:05 - [MESSAGE][PASSED] - Text '20.00' is set on object 'Object Repository/CERTPAY_QUICKSTI/Payment_Information_Page/MULTIBUREAU_PAY_AMOUNT2'

2020-10-13 11:09:05 - [MESSAGE][PASSED] - Quicksti.ts:Entered'20.00 into Payment Amount

2020-10-13 11:09:05 - [TEST_STEP][PASSED] - pages.Quicksti.setCommnets("2", "0", "Tester"): Quicksti.ts:Entered'Tester into Comments

2020-10-13 11:09:06 - [MESSAGE][PASSED] - Object '' is present

2020-10-13 11:09:06 - [MESSAGE][PASSED] - Object '' is visible

2020-10-13 11:09:06 - [MESSAGE][PASSED] - Object '' is present

2020-10-13 11:09:08 - [MESSAGE][PASSED] - Text 'Tester' is set on object ''

2020-10-13 11:09:08 - [MESSAGE][PASSED] - Quicksti.ts:Entered'Tester into Comments

2020-10-13 11:09:08 - [TEST_STEP][PASSED] - pages.Quicksti.setAmountDetailsForMultiBureau("0", "Vehicles", "2", referenceNum, quantity): Quicksti.ts:Entered'1 into Quntity

2020-10-13 11:09:08 - [MESSAGE][PASSED] - Object '' is visible

2020-10-13 11:09:08 - [MESSAGE][PASSED] - Object '' is present

2020-10-13 11:09:10 - [MESSAGE][PASSED] - Object: '' is clicked on

2020-10-13 11:09:11 - [MESSAGE][PASSED] - All options with label 'Vehicles' are selected in object ''  using regular expression

2020-10-13 11:09:11 - [MESSAGE][PASSED] - selected dropdown option by visible text  Vehiclesfrom Payment Type

2020-10-13 11:09:11 - [MESSAGE][PASSED] - Object '' is present

2020-10-13 11:09:11 - [MESSAGE][PASSED] - Object '' is visible

2020-10-13 11:09:12 - [MESSAGE][PASSED] - Object '' is present

2020-10-13 11:09:13 - [MESSAGE][PASSED] - Text '11' is set on object ''

2020-10-13 11:09:13 - [MESSAGE][PASSED] - Quicksti.ts:Entered'11 into RefrenceNumber

2020-10-13 11:09:13 - [MESSAGE][PASSED] - Object '' is present

2020-10-13 11:09:14 - [MESSAGE][PASSED] - Object '' is visible

2020-10-13 11:09:14 - [MESSAGE][PASSED] - Object '' is present

2020-10-13 11:09:15 - [MESSAGE][PASSED] - Text '1' is set on object ''

2020-10-13 11:09:15 - [MESSAGE][PASSED] - Quicksti.ts:Entered'1 into Quntity

2020-10-13 11:09:15 - [TEST_STEP][PASSED] - utilities.SafeActions.safeClick(findTestObject("CERTPAY_QUICKSTI/Payment_Information_Page/MANUAL_ENTRY_BUTTON"), "ManualEntry", [pageLoadTime]): Quicksti.ts:Clicked on the ManualEntry

2020-10-13 11:09:15 - [MESSAGE][INFO] - safeClicking

2020-10-13 11:09:15 - [MESSAGE][PASSED] - Object 'Object Repository/CERTPAY_QUICKSTI/Payment_Information_Page/MANUAL_ENTRY_BUTTON' is present

2020-10-13 11:09:16 - [MESSAGE][PASSED] - Object 'Object Repository/CERTPAY_QUICKSTI/Payment_Information_Page/MANUAL_ENTRY_BUTTON' is clickable

2020-10-13 11:09:20 - [MESSAGE][PASSED] - Object: 'Object Repository/CERTPAY_QUICKSTI/Payment_Information_Page/MANUAL_ENTRY_BUTTON' is clicked on

2020-10-13 11:09:20 - [MESSAGE][PASSED] - Quicksti.ts:Clicked on the ManualEntry

2020-10-13 11:09:20 - [TEST_STEP][PASSED] - amount_Value = pages.Quicksti.getAttributeValue(findTestObject("CERTPAY_QUICKSTI/Payment_Information_Page/SUB_TOTAL")): pages.Quicksti.getAttributeValue is PASSED

2020-10-13 11:09:20 - [MESSAGE][PASSED] - Attribute 'value' of object 'Object Repository/CERTPAY_QUICKSTI/Payment_Information_Page/SUB_TOTAL' is: '20.00'

2020-10-13 11:09:20 - [MESSAGE][PASSED] - pages.Quicksti.getAttributeValue is PASSED

2020-10-13 11:09:20 - [TEST_STEP][PASSED] - CardNumber = pages.Quicksti.setUserPaymentDetails(firstName, lastName, cardNum): Quicksti.ts:Entered'4761739001010135 into CardNum

2020-10-13 11:09:20 - [MESSAGE][PASSED] - Object 'Object Repository/CERTPAY_QUICKSTI/Payment_Information_Page/FIRST_NAME' is present

2020-10-13 11:09:21 - [MESSAGE][PASSED] - Object 'Object Repository/CERTPAY_QUICKSTI/Payment_Information_Page/FIRST_NAME' is visible

2020-10-13 11:09:21 - [MESSAGE][PASSED] - Object 'Object Repository/CERTPAY_QUICKSTI/Payment_Information_Page/FIRST_NAME' is present

2020-10-13 11:09:22 - [MESSAGE][PASSED] - Text 'Tester' is set on object 'Object Repository/CERTPAY_QUICKSTI/Payment_Information_Page/FIRST_NAME'

2020-10-13 11:09:22 - [MESSAGE][PASSED] - Quicksti.ts:Entered'Tester into FirstName

2020-10-13 11:09:23 - [MESSAGE][PASSED] - Object 'Object Repository/CERTPAY_QUICKSTI/Payment_Information_Page/LAST_NAME' is present

2020-10-13 11:09:23 - [MESSAGE][PASSED] - Object 'Object Repository/CERTPAY_QUICKSTI/Payment_Information_Page/LAST_NAME' is visible

2020-10-13 11:09:23 - [MESSAGE][PASSED] - Object 'Object Repository/CERTPAY_QUICKSTI/Payment_Information_Page/LAST_NAME' is present

2020-10-13 11:09:25 - [MESSAGE][PASSED] - Text 'Zenq1' is set on object 'Object Repository/CERTPAY_QUICKSTI/Payment_Information_Page/LAST_NAME'

2020-10-13 11:09:25 - [MESSAGE][PASSED] - Quicksti.ts:Entered'Zenq1 into LAstName

2020-10-13 11:09:25 - [MESSAGE][PASSED] - Object 'Object Repository/CERTPAY_QUICKSTI/Payment_Information_Page/CARD_NUMBER' is present

2020-10-13 11:09:25 - [MESSAGE][PASSED] - Object 'Object Repository/CERTPAY_QUICKSTI/Payment_Information_Page/CARD_NUMBER' is visible

2020-10-13 11:09:26 - [MESSAGE][PASSED] - Object 'Object Repository/CERTPAY_QUICKSTI/Payment_Information_Page/CARD_NUMBER' is present

2020-10-13 11:09:27 - [MESSAGE][PASSED] - Text '4761739001010135' is set on object 'Object Repository/CERTPAY_QUICKSTI/Payment_Information_Page/CARD_NUMBER'

2020-10-13 11:09:27 - [MESSAGE][PASSED] - Quicksti.ts:Entered'4761739001010135 into CardNum

2020-10-13 11:09:27 - [TEST_STEP][PASSED] - pages.Quicksti.setExpDate(expMonth, expYear, securityCode): Quicksti.ts:Entered'207 into securityCode

2020-10-13 11:09:27 - [MESSAGE][PASSED] - Object 'Object Repository/CERTPAY_QUICKSTI/Payment_Information_Page/EXP_MONTH' is visible

2020-10-13 11:09:27 - [MESSAGE][PASSED] - Object 'Object Repository/CERTPAY_QUICKSTI/Payment_Information_Page/EXP_MONTH' is present

2020-10-13 11:09:29 - [MESSAGE][PASSED] - Object: 'Object Repository/CERTPAY_QUICKSTI/Payment_Information_Page/EXP_MONTH' is clicked on

2020-10-13 11:09:30 - [MESSAGE][PASSED] - All options with label '03' are selected in object 'Object Repository/CERTPAY_QUICKSTI/Payment_Information_Page/EXP_MONTH'  using regular expression

2020-10-13 11:09:30 - [MESSAGE][PASSED] - selected dropdown option by visible text  03from expMonth

2020-10-13 11:09:30 - [MESSAGE][PASSED] - Object 'Object Repository/CERTPAY_QUICKSTI/Payment_Information_Page/EXP_YEAR' is visible

2020-10-13 11:09:31 - [MESSAGE][PASSED] - Object 'Object Repository/CERTPAY_QUICKSTI/Payment_Information_Page/EXP_YEAR' is present

2020-10-13 11:09:32 - [MESSAGE][PASSED] - Object: 'Object Repository/CERTPAY_QUICKSTI/Payment_Information_Page/EXP_YEAR' is clicked on

2020-10-13 11:09:33 - [MESSAGE][PASSED] - All options with label '2022' are selected in object 'Object Repository/CERTPAY_QUICKSTI/Payment_Information_Page/EXP_YEAR'  using regular expression

2020-10-13 11:09:33 - [MESSAGE][PASSED] - selected dropdown option by visible text  2022from  expYear

2020-10-13 11:09:34 - [MESSAGE][PASSED] - Object 'Object Repository/CERTPAY_QUICKSTI/Payment_Information_Page/SECURITY_CODE' is present

2020-10-13 11:09:34 - [MESSAGE][PASSED] - Object 'Object Repository/CERTPAY_QUICKSTI/Payment_Information_Page/SECURITY_CODE' is visible

2020-10-13 11:09:34 - [MESSAGE][PASSED] - Object 'Object Repository/CERTPAY_QUICKSTI/Payment_Information_Page/SECURITY_CODE' is present

2020-10-13 11:09:36 - [MESSAGE][PASSED] - Text '207' is set on object 'Object Repository/CERTPAY_QUICKSTI/Payment_Information_Page/SECURITY_CODE'

2020-10-13 11:09:36 - [MESSAGE][PASSED] - Quicksti.ts:Entered'207 into securityCode

2020-10-13 11:09:36 - [TEST_STEP][PASSED] - utilities.SafeActions.safeType(findTestObject("CERTPAY_QUICKSTI/Payment_Information_Page/ADDRESS"), address, "Address", [pageLoadTime]): Quicksti.ts:Entered'14-2 into Address

2020-10-13 11:09:36 - [MESSAGE][PASSED] - Object 'Object Repository/CERTPAY_QUICKSTI/Payment_Information_Page/ADDRESS' is present

2020-10-13 11:09:36 - [MESSAGE][PASSED] - Object 'Object Repository/CERTPAY_QUICKSTI/Payment_Information_Page/ADDRESS' is visible

2020-10-13 11:09:36 - [MESSAGE][PASSED] - Object 'Object Repository/CERTPAY_QUICKSTI/Payment_Information_Page/ADDRESS' is present

2020-10-13 11:09:38 - [MESSAGE][PASSED] - Text '14-2' is set on object 'Object Repository/CERTPAY_QUICKSTI/Payment_Information_Page/ADDRESS'

2020-10-13 11:09:38 - [MESSAGE][PASSED] - Quicksti.ts:Entered'14-2 into Address

2020-10-13 11:09:38 - [TEST_STEP][PASSED] - utilities.SafeActions.safeType(findTestObject("CERTPAY_QUICKSTI/Payment_Information_Page/ZIP_CODE"), zipCode, "zipcode", [pageLoadTime]): Quicksti.ts:Entered'76102 into zipcode

2020-10-13 11:09:38 - [MESSAGE][PASSED] - Object 'Object Repository/CERTPAY_QUICKSTI/Payment_Information_Page/ZIP_CODE' is present

2020-10-13 11:09:38 - [MESSAGE][PASSED] - Object 'Object Repository/CERTPAY_QUICKSTI/Payment_Information_Page/ZIP_CODE' is visible

2020-10-13 11:09:39 - [MESSAGE][PASSED] - Object 'Object Repository/CERTPAY_QUICKSTI/Payment_Information_Page/ZIP_CODE' is present

2020-10-13 11:09:40 - [MESSAGE][PASSED] - Text '76102' is set on object 'Object Repository/CERTPAY_QUICKSTI/Payment_Information_Page/ZIP_CODE'

2020-10-13 11:09:40 - [MESSAGE][PASSED] - Quicksti.ts:Entered'76102 into zipcode

2020-10-13 11:09:40 - [TEST_STEP][PASSED] - utilities.SafeActions.safeType(findTestObject("CERTPAY_QUICKSTI/Payment_Information_Page/TELEPHONE"), telephone, "Telephone", [pageLoadTime]): Quicksti.ts:Entered'9988776655 into Telephone

2020-10-13 11:09:40 - [MESSAGE][PASSED] - Object 'Object Repository/CERTPAY_QUICKSTI/Payment_Information_Page/TELEPHONE' is present

2020-10-13 11:09:41 - [MESSAGE][PASSED] - Object 'Object Repository/CERTPAY_QUICKSTI/Payment_Information_Page/TELEPHONE' is visible

2020-10-13 11:09:41 - [MESSAGE][PASSED] - Object 'Object Repository/CERTPAY_QUICKSTI/Payment_Information_Page/TELEPHONE' is present

2020-10-13 11:09:42 - [MESSAGE][PASSED] - Text '9988776655' is set on object 'Object Repository/CERTPAY_QUICKSTI/Payment_Information_Page/TELEPHONE'

2020-10-13 11:09:42 - [MESSAGE][PASSED] - Quicksti.ts:Entered'9988776655 into Telephone

2020-10-13 11:09:42 - [TEST_STEP][PASSED] - utilities.SafeActions.safeType(findTestObject("CERTPAY_QUICKSTI/Payment_Information_Page/EMAIL_ADDRESS"), emailAddress, "EMAIL address", [pageLoadTime]): Quicksti.ts:Entered'testing@zenq.com into EMAIL address

2020-10-13 11:09:43 - [MESSAGE][PASSED] - Object 'Object Repository/CERTPAY_QUICKSTI/Payment_Information_Page/EMAIL_ADDRESS' is present

2020-10-13 11:09:43 - [MESSAGE][PASSED] - Object 'Object Repository/CERTPAY_QUICKSTI/Payment_Information_Page/EMAIL_ADDRESS' is visible

2020-10-13 11:09:43 - [MESSAGE][PASSED] - Object 'Object Repository/CERTPAY_QUICKSTI/Payment_Information_Page/EMAIL_ADDRESS' is present

2020-10-13 11:09:44 - [MESSAGE][PASSED] - Text 'testing@zenq.com' is set on object 'Object Repository/CERTPAY_QUICKSTI/Payment_Information_Page/EMAIL_ADDRESS'

2020-10-13 11:09:44 - [MESSAGE][PASSED] - Quicksti.ts:Entered'testing@zenq.com into EMAIL address

2020-10-13 11:09:44 - [TEST_STEP][PASSED] - utilities.SafeActions.safeClick(findTestObject("CERTPAY_QUICKSTI/Payment_Information_Page/NEXT_BUTTON"), "Next", [pageLoadTime]): Quicksti.ts:Clicked on the Next

2020-10-13 11:09:45 - [MESSAGE][INFO] - safeClicking

2020-10-13 11:09:45 - [MESSAGE][PASSED] - Object 'Object Repository/CERTPAY_QUICKSTI/Payment_Information_Page/NEXT_BUTTON' is present

2020-10-13 11:09:45 - [MESSAGE][PASSED] - Object 'Object Repository/CERTPAY_QUICKSTI/Payment_Information_Page/NEXT_BUTTON' is clickable

2020-10-13 11:09:48 - [MESSAGE][PASSED] - Object: 'Object Repository/CERTPAY_QUICKSTI/Payment_Information_Page/NEXT_BUTTON' is clicked on

2020-10-13 11:09:48 - [MESSAGE][PASSED] - Quicksti.ts:Clicked on the Next

2020-10-13 11:09:48 - [TEST_STEP][PASSED] - pages.Quicksti.verifyUserPaymentDetails(paymentAmount, firstName, lastName, CardNumber): pages.Quicksti.verifyUserPaymentDetails is PASSED

2020-10-13 11:09:49 - [MESSAGE][PASSED] - Text of object 'Object Repository/CERTPAY_QUICKSTI/Payment_Details_Verification_Page/AMOUNT' is: '$20.00'

2020-10-13 11:09:49 - [MESSAGE][PASSED] - Actual text '20.00' and expected text '20.00' are matched  using regular expression

2020-10-13 11:09:49 - [MESSAGE][PASSED] - Text of object 'Object Repository/CERTPAY_QUICKSTI/Payment_Details_Verification_Page/NAME' is: 'Tester Zenq1'

2020-10-13 11:09:49 - [MESSAGE][PASSED] - Actual text 'Tester Zenq1' and expected text 'Tester Zenq1' are matched  using regular expression

2020-10-13 11:09:50 - [MESSAGE][PASSED] - Text of object 'Object Repository/CERTPAY_QUICKSTI/Payment_Details_Verification_Page/CARD_NUMBER' is: '...0135'

2020-10-13 11:09:50 - [MESSAGE][PASSED] - Actual text '0135' and expected text '0135' are matched  using regular expression

2020-10-13 11:09:50 - [MESSAGE][PASSED] - pages.Quicksti.verifyUserPaymentDetails is PASSED

2020-10-13 11:09:50 - [TEST_STEP][PASSED] - delay(2): Delayed 2 second(s)

2020-10-13 11:09:52 - [MESSAGE][PASSED] - Delayed 2 second(s)

2020-10-13 11:09:52 - [TEST_STEP][PASSED] - scrollToElement(findTestObject("CERTPAY_QUICKSTI/Payment_Details_Verification_Page/PROCESS"), 0): Scroll to object 'Object Repository/CERTPAY_QUICKSTI/Payment_Details_Verification_Page/PROCESS' successfully

2020-10-13 11:09:52 - [MESSAGE][WARNING] - Timeout '0' is invalid. Using default page load timeout: '30'

2020-10-13 11:09:52 - [MESSAGE][PASSED] - Scroll to object 'Object Repository/CERTPAY_QUICKSTI/Payment_Details_Verification_Page/PROCESS' successfully

2020-10-13 11:09:52 - [TEST_STEP][PASSED] - utilities.SafeActions.safeClick(findTestObject("CERTPAY_QUICKSTI/Payment_Details_Verification_Page/PROCESS"), "Process", [pageLoadTime]): Quicksti.ts:Clicked on the Process

2020-10-13 11:09:52 - [MESSAGE][INFO] - safeClicking

2020-10-13 11:09:53 - [MESSAGE][PASSED] - Object 'Object Repository/CERTPAY_QUICKSTI/Payment_Details_Verification_Page/PROCESS' is present

2020-10-13 11:09:53 - [MESSAGE][PASSED] - Object 'Object Repository/CERTPAY_QUICKSTI/Payment_Details_Verification_Page/PROCESS' is clickable

2020-10-13 11:09:59 - [MESSAGE][PASSED] - Object: 'Object Repository/CERTPAY_QUICKSTI/Payment_Details_Verification_Page/PROCESS' is clicked on

2020-10-13 11:09:59 - [MESSAGE][PASSED] - Quicksti.ts:Clicked on the Process

2020-10-13 11:09:59 - [TEST_STEP][PASSED] - PaymentId = pages.Quicksti.verifyPaymentApproval(findTestObject("CERTPAY_QUICKSTI/Payment_Details_Verification_Page/APPROVED")): Payment is approved

2020-10-13 11:09:59 - [MESSAGE][PASSED] - Text of object 'Object Repository/CERTPAY_QUICKSTI/Payment_Details_Verification_Page/PAYMENT_ID' is: '100176127322'

2020-10-13 11:09:59 - [MESSAGE][PASSED] - Object 'Object Repository/CERTPAY_QUICKSTI/Payment_Details_Verification_Page/APPROVED' is present

2020-10-13 11:09:59 - [MESSAGE][PASSED] - Payment is approved

2020-10-13 11:10:01 - [TEST_STEP][PASSED] - navigateToUrl(Admin_url): Navigate to 'https://qa-certpayadmin.faps.net' successfully

2020-10-13 11:10:07 - [MESSAGE][PASSED] - Navigate to 'https://qa-certpayadmin.faps.net' successfully

2020-10-13 11:10:07 - [TEST_STEP][PASSED] - pages.Bureau_Login_Page.loginToAdminSite(AdminUsername, AdminPassword): Quicksti.ts:Clicked on the LOGIN

2020-10-13 11:10:07 - [MESSAGE][PASSED] - Object 'Object Repository/CERTPAY_ADMIN/USER_NAME' is present

2020-10-13 11:10:07 - [MESSAGE][PASSED] - Object 'Object Repository/CERTPAY_ADMIN/USER_NAME' is visible

2020-10-13 11:10:08 - [MESSAGE][PASSED] - Object 'Object Repository/CERTPAY_ADMIN/USER_NAME' is present

2020-10-13 11:10:09 - [MESSAGE][PASSED] - Text 'VVangiliappan' is set on object 'Object Repository/CERTPAY_ADMIN/USER_NAME'

2020-10-13 11:10:09 - [MESSAGE][PASSED] - Quicksti.ts:Entered'VVangiliappan into username

2020-10-13 11:10:09 - [MESSAGE][PASSED] - Object 'Object Repository/CERTPAY_ADMIN/PASSWORD' is present

2020-10-13 11:10:10 - [MESSAGE][PASSED] - Object 'Object Repository/CERTPAY_ADMIN/PASSWORD' is visible

2020-10-13 11:10:10 - [MESSAGE][PASSED] - Object 'Object Repository/CERTPAY_ADMIN/PASSWORD' is present

2020-10-13 11:10:11 - [MESSAGE][PASSED] - Text 'Test@123' is set on object 'Object Repository/CERTPAY_ADMIN/PASSWORD'

2020-10-13 11:10:11 - [MESSAGE][PASSED] - Quicksti.ts:Entered'Test@123 into password

2020-10-13 11:10:11 - [MESSAGE][INFO] - safeClicking

2020-10-13 11:10:12 - [MESSAGE][PASSED] - Object 'Object Repository/CERTPAY_ADMIN/LOGIN_BUTTON' is present

2020-10-13 11:10:12 - [MESSAGE][PASSED] - Object 'Object Repository/CERTPAY_ADMIN/LOGIN_BUTTON' is clickable

2020-10-13 11:10:19 - [MESSAGE][PASSED] - Object: 'Object Repository/CERTPAY_ADMIN/LOGIN_BUTTON' is clicked on

2020-10-13 11:10:19 - [MESSAGE][PASSED] - Quicksti.ts:Clicked on the LOGIN

2020-10-13 11:10:19 - [TEST_STEP][PASSED] - utilities.SafeActions.safeClick(findTestObject("CERTPAY_ADMIN/TRANSACTION_MENU"), "TransactionMenu", [pageLoadTime]): Quicksti.ts:Clicked on the TransactionMenu

2020-10-13 11:10:19 - [MESSAGE][INFO] - safeClicking

2020-10-13 11:10:19 - [MESSAGE][PASSED] - Object 'Object Repository/CERTPAY_ADMIN/TRANSACTION_MENU' is present

2020-10-13 11:10:19 - [MESSAGE][PASSED] - Object 'Object Repository/CERTPAY_ADMIN/TRANSACTION_MENU' is clickable

2020-10-13 11:10:21 - [MESSAGE][PASSED] - Object: 'Object Repository/CERTPAY_ADMIN/TRANSACTION_MENU' is clicked on

2020-10-13 11:10:21 - [MESSAGE][PASSED] - Quicksti.ts:Clicked on the TransactionMenu

2020-10-13 11:10:21 - [TEST_STEP][PASSED] - utilities.SafeActions.safeClick(findTestObject("CERTPAY_ADMIN/TRANSACTION_SEARCH"), "TransactionSearch", [pageLoadTime]): Quicksti.ts:Clicked on the TransactionSearch

2020-10-13 11:10:21 - [MESSAGE][INFO] - safeClicking

2020-10-13 11:10:21 - [MESSAGE][PASSED] - Object 'Object Repository/CERTPAY_ADMIN/TRANSACTION_SEARCH' is present

2020-10-13 11:10:21 - [MESSAGE][PASSED] - Object 'Object Repository/CERTPAY_ADMIN/TRANSACTION_SEARCH' is clickable

2020-10-13 11:10:25 - [MESSAGE][PASSED] - Object: 'Object Repository/CERTPAY_ADMIN/TRANSACTION_SEARCH' is clicked on

2020-10-13 11:10:25 - [MESSAGE][PASSED] - Quicksti.ts:Clicked on the TransactionSearch

2020-10-13 11:10:25 - [TEST_STEP][PASSED] - utilities.SafeActions.safeType(findTestObject("CERTPAY_ADMIN/PAYMENT_ID"), PaymentId, "Payment id", [pageLoadTime]): Quicksti.ts:Entered'100176127322 into Payment id

2020-10-13 11:10:26 - [MESSAGE][PASSED] - Object 'Object Repository/CERTPAY_ADMIN/PAYMENT_ID' is present

2020-10-13 11:10:26 - [MESSAGE][PASSED] - Object 'Object Repository/CERTPAY_ADMIN/PAYMENT_ID' is visible

2020-10-13 11:10:26 - [MESSAGE][PASSED] - Object 'Object Repository/CERTPAY_ADMIN/PAYMENT_ID' is present

2020-10-13 11:10:27 - [MESSAGE][PASSED] - Text '100176127322' is set on object 'Object Repository/CERTPAY_ADMIN/PAYMENT_ID'

2020-10-13 11:10:27 - [MESSAGE][PASSED] - Quicksti.ts:Entered'100176127322 into Payment id

2020-10-13 11:10:27 - [TEST_STEP][PASSED] - utilities.SafeActions.safeClick(findTestObject("CERTPAY_ADMIN/GO_BUTTON"), "Go button", [pageLoadTime]): Quicksti.ts:Clicked on the Go button

2020-10-13 11:10:27 - [MESSAGE][INFO] - safeClicking

2020-10-13 11:10:28 - [MESSAGE][PASSED] - Object 'Object Repository/CERTPAY_ADMIN/GO_BUTTON' is present

2020-10-13 11:10:28 - [MESSAGE][PASSED] - Object 'Object Repository/CERTPAY_ADMIN/GO_BUTTON' is clickable

2020-10-13 11:10:30 - [MESSAGE][PASSED] - Object: 'Object Repository/CERTPAY_ADMIN/GO_BUTTON' is clicked on

2020-10-13 11:10:30 - [MESSAGE][PASSED] - Quicksti.ts:Clicked on the Go button

2020-10-13 11:10:30 - [TEST_STEP][PASSED] - delay(5): Delayed 5 second(s)

2020-10-13 11:10:35 - [MESSAGE][PASSED] - Delayed 5 second(s)

2020-10-13 11:10:35 - [TEST_STEP][PASSED] - scrollToPosition(800, 900): Browser is scrolled to position x = 800, y = 900

2020-10-13 11:10:36 - [MESSAGE][PASSED] - Browser is scrolled to position x = 800, y = 900

2020-10-13 11:10:36 - [TEST_STEP][PASSED] - firstName = data.getValue("FirstName", index): null

2020-10-13 11:10:36 - [TEST_STEP][PASSED] - lastName = data.getValue("LastName", index): null

2020-10-13 11:10:36 - [TEST_STEP][PASSED] - expMonth = data.getValue("ExpMonth", index): null

2020-10-13 11:10:36 - [TEST_STEP][PASSED] - expYear = data.getValue("ExpYear", index): null

2020-10-13 11:10:36 - [TEST_STEP][PASSED] - securityCode = data.getValue("SecurityCode", index): null

2020-10-13 11:10:36 - [TEST_STEP][PASSED] - paymentAmount = data.getValue("PaymentAmount", index): null

2020-10-13 11:10:36 - [TEST_STEP][PASSED] - paymentType = data.getValue("PaymentType", index): null

2020-10-13 11:10:36 - [TEST_STEP][PASSED] - quantity = data.getValue("Quantity", index): null

2020-10-13 11:10:36 - [TEST_STEP][PASSED] - comments = data.getValue("Comments", index): null

2020-10-13 11:10:36 - [TEST_STEP][PASSED] - referenceNum = data.getValue("ReferenceNum", index): null

2020-10-13 11:10:36 - [TEST_STEP][PASSED] - address = data.getValue("Address", index): null

2020-10-13 11:10:36 - [TEST_STEP][PASSED] - zipCode = data.getValue("Zipcode", index): null

2020-10-13 11:10:36 - [TEST_STEP][PASSED] - telephone = data.getValue("Telephone", index): null

2020-10-13 11:10:36 - [TEST_STEP][PASSED] - emailAddress = data.getValue("EmailAddress", index): null

2020-10-13 11:10:36 - [TEST_STEP][PASSED] - cardNum = data.getValue("CardNumber", index): null

2020-10-13 11:10:36 - [TEST_STEP][PASSED] - cardType = data.getValue("CardType", index): null

2020-10-13 11:10:36 - [TEST_STEP][PASSED] - utilities.SafeActions.openBrowser(Quicksti_Url, [pageLoadTime]): Browser launched successfully

2020-10-13 11:10:36 - [MESSAGE][INFO] - Opening Browser

2020-10-13 11:10:36 - [MESSAGE][WARNING] - A browser is already opened. Closing browser and opening a new one

2020-10-13 11:10:36 - [MESSAGE][INFO] - Starting 'Chrome' driver

2020-10-13 11:10:47 - [MESSAGE][PASSED] - Browser is opened with url: 'https://qa-certpayquicksti.faps.net/'

2020-10-13 11:10:49 - [MESSAGE][PASSED] - Current window maximized

2020-10-13 11:10:49 - [MESSAGE][PASSED] - Browser launched successfully

2020-10-13 11:10:49 - [TEST_STEP][PASSED] - utilities.SafeActions.safeCheck(findTestObject("CERTPAY_QUICKSTI/Login_ Page/MULTI_BUREAU_CHECKBOX"), "Multi Bureau", [pageLoadTime]): Quicksti.ts:Checkbox 'Multi Bureau'is selected

2020-10-13 11:10:49 - [MESSAGE][PASSED] - Object 'Object Repository/CERTPAY_QUICKSTI/Login_ Page/MULTI_BUREAU_CHECKBOX' is present

2020-10-13 11:10:51 - [MESSAGE][PASSED] - Object 'Object Repository/CERTPAY_QUICKSTI/Login_ Page/MULTI_BUREAU_CHECKBOX' is present

2020-10-13 11:10:52 - [MESSAGE][PASSED] - Object: 'Object Repository/CERTPAY_QUICKSTI/Login_ Page/MULTI_BUREAU_CHECKBOX' is clicked on

2020-10-13 11:10:52 - [MESSAGE][PASSED] - Quicksti.ts:Checkbox 'Multi Bureau'is selected

2020-10-13 11:10:52 - [TEST_STEP][PASSED] - utilities.SafeActions.safeType(findTestObject("CERTPAY_QUICKSTI/Login_ Page/TELLER_ID"), teller_id, "Bureau code", [pageLoadTime]): Quicksti.ts:Entered'zenq into Bureau code

2020-10-13 11:10:53 - [MESSAGE][PASSED] - Object 'Object Repository/CERTPAY_QUICKSTI/Login_ Page/TELLER_ID' is present

2020-10-13 11:10:53 - [MESSAGE][PASSED] - Object 'Object Repository/CERTPAY_QUICKSTI/Login_ Page/TELLER_ID' is visible

2020-10-13 11:10:54 - [MESSAGE][PASSED] - Object 'Object Repository/CERTPAY_QUICKSTI/Login_ Page/TELLER_ID' is present

2020-10-13 11:10:55 - [MESSAGE][PASSED] - Text 'zenq' is set on object 'Object Repository/CERTPAY_QUICKSTI/Login_ Page/TELLER_ID'

2020-10-13 11:10:55 - [MESSAGE][PASSED] - Quicksti.ts:Entered'zenq into Bureau code

2020-10-13 11:10:55 - [TEST_STEP][PASSED] - utilities.SafeActions.safeClick(findTestObject("CERTPAY_QUICKSTI/Login_ Page/NEXT_BUTTON"), "Next button", [pageLoadTime]): Quicksti.ts:Clicked on the Next button

2020-10-13 11:10:55 - [MESSAGE][INFO] - safeClicking

2020-10-13 11:10:55 - [MESSAGE][PASSED] - Object 'Object Repository/CERTPAY_QUICKSTI/Login_ Page/NEXT_BUTTON' is present

2020-10-13 11:10:55 - [MESSAGE][PASSED] - Object 'Object Repository/CERTPAY_QUICKSTI/Login_ Page/NEXT_BUTTON' is clickable

2020-10-13 11:11:00 - [MESSAGE][PASSED] - Object: 'Object Repository/CERTPAY_QUICKSTI/Login_ Page/NEXT_BUTTON' is clicked on

2020-10-13 11:11:00 - [MESSAGE][PASSED] - Quicksti.ts:Clicked on the Next button

2020-10-13 11:11:00 - [TEST_STEP][PASSED] - pages.Quicksti.setCommnets("0", "0", comments): Quicksti.ts:Entered'Testing into Comments

2020-10-13 11:11:00 - [MESSAGE][PASSED] - Object '' is present

2020-10-13 11:11:00 - [MESSAGE][PASSED] - Object '' is visible

2020-10-13 11:11:01 - [MESSAGE][PASSED] - Object '' is present

2020-10-13 11:11:02 - [MESSAGE][PASSED] - Text 'Testing' is set on object ''

2020-10-13 11:11:02 - [MESSAGE][PASSED] - Quicksti.ts:Entered'Testing into Comments

2020-10-13 11:11:02 - [TEST_STEP][PASSED] - utilities.SafeActions.safeType(findTestObject("CERTPAY_QUICKSTI/Payment_Information_Page/PAYMENT_AMOUNT"), paymentAmount, "Payment Amount", [pageLoadTime]): Quicksti.ts:Entered'25.00 into Payment Amount

2020-10-13 11:11:02 - [MESSAGE][PASSED] - Object 'Object Repository/CERTPAY_QUICKSTI/Payment_Information_Page/PAYMENT_AMOUNT' is present

2020-10-13 11:11:02 - [MESSAGE][PASSED] - Object 'Object Repository/CERTPAY_QUICKSTI/Payment_Information_Page/PAYMENT_AMOUNT' is visible

2020-10-13 11:11:03 - [MESSAGE][PASSED] - Object 'Object Repository/CERTPAY_QUICKSTI/Payment_Information_Page/PAYMENT_AMOUNT' is present

2020-10-13 11:11:04 - [MESSAGE][PASSED] - Text '25.00' is set on object 'Object Repository/CERTPAY_QUICKSTI/Payment_Information_Page/PAYMENT_AMOUNT'

2020-10-13 11:11:04 - [MESSAGE][PASSED] - Quicksti.ts:Entered'25.00 into Payment Amount

2020-10-13 11:11:04 - [TEST_STEP][PASSED] - pages.Quicksti.setAmountDetailsForMultiBureau("0", paymentType, "0", referenceNum, quantity): Quicksti.ts:Entered'2 into Quntity

2020-10-13 11:11:05 - [MESSAGE][PASSED] - Object '' is visible

2020-10-13 11:11:05 - [MESSAGE][PASSED] - Object '' is present

2020-10-13 11:11:06 - [MESSAGE][PASSED] - Object: '' is clicked on

2020-10-13 11:11:07 - [MESSAGE][PASSED] - All options with label 'Gifts' are selected in object ''  using regular expression

2020-10-13 11:11:07 - [MESSAGE][PASSED] - selected dropdown option by visible text  Giftsfrom Payment Type

2020-10-13 11:11:08 - [MESSAGE][PASSED] - Object '' is present

2020-10-13 11:11:08 - [MESSAGE][PASSED] - Object '' is visible

2020-10-13 11:11:08 - [MESSAGE][PASSED] - Object '' is present

2020-10-13 11:11:10 - [MESSAGE][PASSED] - Text '12' is set on object ''

2020-10-13 11:11:10 - [MESSAGE][PASSED] - Quicksti.ts:Entered'12 into RefrenceNumber

2020-10-13 11:11:10 - [MESSAGE][PASSED] - Object '' is present

2020-10-13 11:11:10 - [MESSAGE][PASSED] - Object '' is visible

2020-10-13 11:11:11 - [MESSAGE][PASSED] - Object '' is present

2020-10-13 11:11:12 - [MESSAGE][PASSED] - Text '2' is set on object ''

2020-10-13 11:11:12 - [MESSAGE][PASSED] - Quicksti.ts:Entered'2 into Quntity

2020-10-13 11:11:12 - [TEST_STEP][PASSED] - utilities.SafeActions.safeType(findTestObject("CERTPAY_QUICKSTI/Payment_Information_Page/MULTIBUREAU_PAYMENT_AMOUNT"), paymentAmount, "Payment Amount", [pageLoadTime]): Quicksti.ts:Entered'25.00 into Payment Amount

2020-10-13 11:11:12 - [MESSAGE][PASSED] - Object 'Object Repository/CERTPAY_QUICKSTI/Payment_Information_Page/MULTIBUREAU_PAYMENT_AMOUNT' is present

2020-10-13 11:11:13 - [MESSAGE][PASSED] - Object 'Object Repository/CERTPAY_QUICKSTI/Payment_Information_Page/MULTIBUREAU_PAYMENT_AMOUNT' is visible

2020-10-13 11:11:13 - [MESSAGE][PASSED] - Object 'Object Repository/CERTPAY_QUICKSTI/Payment_Information_Page/MULTIBUREAU_PAYMENT_AMOUNT' is present

2020-10-13 11:11:14 - [MESSAGE][PASSED] - Text '25.00' is set on object 'Object Repository/CERTPAY_QUICKSTI/Payment_Information_Page/MULTIBUREAU_PAYMENT_AMOUNT'

2020-10-13 11:11:14 - [MESSAGE][PASSED] - Quicksti.ts:Entered'25.00 into Payment Amount

2020-10-13 11:11:14 - [TEST_STEP][PASSED] - pages.Quicksti.setAmountDetailsForMultiBureau("0", "Registration Fees", "1", referenceNum, quantity): Quicksti.ts:Entered'2 into Quntity

2020-10-13 11:11:15 - [MESSAGE][PASSED] - Object '' is visible

2020-10-13 11:11:15 - [MESSAGE][PASSED] - Object '' is present

2020-10-13 11:11:16 - [MESSAGE][PASSED] - Object: '' is clicked on

2020-10-13 11:11:17 - [MESSAGE][PASSED] - All options with label 'Registration Fees' are selected in object ''  using regular expression

2020-10-13 11:11:17 - [MESSAGE][PASSED] - selected dropdown option by visible text  Registration Feesfrom Payment Type

2020-10-13 11:11:18 - [MESSAGE][PASSED] - Object '' is present

2020-10-13 11:11:18 - [MESSAGE][PASSED] - Object '' is visible

2020-10-13 11:11:18 - [MESSAGE][PASSED] - Object '' is present

2020-10-13 11:11:19 - [MESSAGE][PASSED] - Text '12' is set on object ''

2020-10-13 11:11:19 - [MESSAGE][PASSED] - Quicksti.ts:Entered'12 into RefrenceNumber

2020-10-13 11:11:20 - [MESSAGE][PASSED] - Object '' is present

2020-10-13 11:11:20 - [MESSAGE][PASSED] - Object '' is visible

2020-10-13 11:11:20 - [MESSAGE][PASSED] - Object '' is present

2020-10-13 11:11:22 - [MESSAGE][PASSED] - Text '2' is set on object ''

2020-10-13 11:11:22 - [MESSAGE][PASSED] - Quicksti.ts:Entered'2 into Quntity

2020-10-13 11:11:22 - [TEST_STEP][PASSED] - utilities.SafeActions.safeType(findTestObject("CERTPAY_QUICKSTI/Payment_Information_Page/MULTIBUREAU_PAY_AMOUNT2"), paymentAmount, "Payment Amount", [pageLoadTime]): Quicksti.ts:Entered'25.00 into Payment Amount

2020-10-13 11:11:22 - [MESSAGE][PASSED] - Object 'Object Repository/CERTPAY_QUICKSTI/Payment_Information_Page/MULTIBUREAU_PAY_AMOUNT2' is present

2020-10-13 11:11:22 - [MESSAGE][PASSED] - Object 'Object Repository/CERTPAY_QUICKSTI/Payment_Information_Page/MULTIBUREAU_PAY_AMOUNT2' is visible

2020-10-13 11:11:23 - [MESSAGE][PASSED] - Object 'Object Repository/CERTPAY_QUICKSTI/Payment_Information_Page/MULTIBUREAU_PAY_AMOUNT2' is present

2020-10-13 11:11:24 - [MESSAGE][PASSED] - Text '25.00' is set on object 'Object Repository/CERTPAY_QUICKSTI/Payment_Information_Page/MULTIBUREAU_PAY_AMOUNT2'

2020-10-13 11:11:24 - [MESSAGE][PASSED] - Quicksti.ts:Entered'25.00 into Payment Amount

2020-10-13 11:11:24 - [TEST_STEP][PASSED] - pages.Quicksti.setCommnets("2", "0", "Tester"): Quicksti.ts:Entered'Tester into Comments

2020-10-13 11:11:24 - [MESSAGE][PASSED] - Object '' is present

2020-10-13 11:11:25 - [MESSAGE][PASSED] - Object '' is visible

2020-10-13 11:11:25 - [MESSAGE][PASSED] - Object '' is present

2020-10-13 11:11:26 - [MESSAGE][PASSED] - Text 'Tester' is set on object ''

2020-10-13 11:11:26 - [MESSAGE][PASSED] - Quicksti.ts:Entered'Tester into Comments

2020-10-13 11:11:26 - [TEST_STEP][PASSED] - pages.Quicksti.setAmountDetailsForMultiBureau("0", "Vehicles", "2", referenceNum, quantity): Quicksti.ts:Entered'2 into Quntity

2020-10-13 11:11:27 - [MESSAGE][PASSED] - Object '' is visible

2020-10-13 11:11:27 - [MESSAGE][PASSED] - Object '' is present

2020-10-13 11:11:28 - [MESSAGE][PASSED] - Object: '' is clicked on

2020-10-13 11:11:29 - [MESSAGE][PASSED] - All options with label 'Vehicles' are selected in object ''  using regular expression

2020-10-13 11:11:29 - [MESSAGE][PASSED] - selected dropdown option by visible text  Vehiclesfrom Payment Type

2020-10-13 11:11:30 - [MESSAGE][PASSED] - Object '' is present

2020-10-13 11:11:30 - [MESSAGE][PASSED] - Object '' is visible

2020-10-13 11:11:30 - [MESSAGE][PASSED] - Object '' is present

2020-10-13 11:11:32 - [MESSAGE][PASSED] - Text '12' is set on object ''

2020-10-13 11:11:32 - [MESSAGE][PASSED] - Quicksti.ts:Entered'12 into RefrenceNumber

2020-10-13 11:11:32 - [MESSAGE][PASSED] - Object '' is present

2020-10-13 11:11:32 - [MESSAGE][PASSED] - Object '' is visible

2020-10-13 11:11:32 - [MESSAGE][PASSED] - Object '' is present

2020-10-13 11:11:34 - [MESSAGE][PASSED] - Text '2' is set on object ''

2020-10-13 11:11:34 - [MESSAGE][PASSED] - Quicksti.ts:Entered'2 into Quntity

2020-10-13 11:11:34 - [TEST_STEP][PASSED] - utilities.SafeActions.safeClick(findTestObject("CERTPAY_QUICKSTI/Payment_Information_Page/MANUAL_ENTRY_BUTTON"), "ManualEntry", [pageLoadTime]): Quicksti.ts:Clicked on the ManualEntry

2020-10-13 11:11:34 - [MESSAGE][INFO] - safeClicking

2020-10-13 11:11:34 - [MESSAGE][PASSED] - Object 'Object Repository/CERTPAY_QUICKSTI/Payment_Information_Page/MANUAL_ENTRY_BUTTON' is present

2020-10-13 11:11:34 - [MESSAGE][PASSED] - Object 'Object Repository/CERTPAY_QUICKSTI/Payment_Information_Page/MANUAL_ENTRY_BUTTON' is clickable

2020-10-13 11:11:38 - [MESSAGE][PASSED] - Object: 'Object Repository/CERTPAY_QUICKSTI/Payment_Information_Page/MANUAL_ENTRY_BUTTON' is clicked on

2020-10-13 11:11:38 - [MESSAGE][PASSED] - Quicksti.ts:Clicked on the ManualEntry

2020-10-13 11:11:38 - [TEST_STEP][PASSED] - amount_Value = pages.Quicksti.getAttributeValue(findTestObject("CERTPAY_QUICKSTI/Payment_Information_Page/SUB_TOTAL")): pages.Quicksti.getAttributeValue is PASSED

2020-10-13 11:11:39 - [MESSAGE][PASSED] - Attribute 'value' of object 'Object Repository/CERTPAY_QUICKSTI/Payment_Information_Page/SUB_TOTAL' is: '50.00'

2020-10-13 11:11:39 - [MESSAGE][PASSED] - pages.Quicksti.getAttributeValue is PASSED

2020-10-13 11:11:39 - [TEST_STEP][PASSED] - CardNumber = pages.Quicksti.setUserPaymentDetails(firstName, lastName, cardNum): Quicksti.ts:Entered'5154623208647646 into CardNum

2020-10-13 11:11:39 - [MESSAGE][PASSED] - Object 'Object Repository/CERTPAY_QUICKSTI/Payment_Information_Page/FIRST_NAME' is present

2020-10-13 11:11:39 - [MESSAGE][PASSED] - Object 'Object Repository/CERTPAY_QUICKSTI/Payment_Information_Page/FIRST_NAME' is visible

2020-10-13 11:11:40 - [MESSAGE][PASSED] - Object 'Object Repository/CERTPAY_QUICKSTI/Payment_Information_Page/FIRST_NAME' is present

2020-10-13 11:11:41 - [MESSAGE][PASSED] - Text 'Venkata' is set on object 'Object Repository/CERTPAY_QUICKSTI/Payment_Information_Page/FIRST_NAME'

2020-10-13 11:11:41 - [MESSAGE][PASSED] - Quicksti.ts:Entered'Venkata into FirstName

2020-10-13 11:11:41 - [MESSAGE][PASSED] - Object 'Object Repository/CERTPAY_QUICKSTI/Payment_Information_Page/LAST_NAME' is present

2020-10-13 11:11:42 - [MESSAGE][PASSED] - Object 'Object Repository/CERTPAY_QUICKSTI/Payment_Information_Page/LAST_NAME' is visible

2020-10-13 11:11:42 - [MESSAGE][PASSED] - Object 'Object Repository/CERTPAY_QUICKSTI/Payment_Information_Page/LAST_NAME' is present

2020-10-13 11:11:43 - [MESSAGE][PASSED] - Text 'Annam' is set on object 'Object Repository/CERTPAY_QUICKSTI/Payment_Information_Page/LAST_NAME'

2020-10-13 11:11:43 - [MESSAGE][PASSED] - Quicksti.ts:Entered'Annam into LAstName

2020-10-13 11:11:44 - [MESSAGE][PASSED] - Object 'Object Repository/CERTPAY_QUICKSTI/Payment_Information_Page/CARD_NUMBER' is present

2020-10-13 11:11:44 - [MESSAGE][PASSED] - Object 'Object Repository/CERTPAY_QUICKSTI/Payment_Information_Page/CARD_NUMBER' is visible

2020-10-13 11:11:44 - [MESSAGE][PASSED] - Object 'Object Repository/CERTPAY_QUICKSTI/Payment_Information_Page/CARD_NUMBER' is present

2020-10-13 11:11:46 - [MESSAGE][PASSED] - Text '5154623208647646' is set on object 'Object Repository/CERTPAY_QUICKSTI/Payment_Information_Page/CARD_NUMBER'

2020-10-13 11:11:46 - [MESSAGE][PASSED] - Quicksti.ts:Entered'5154623208647646 into CardNum

2020-10-13 11:11:46 - [TEST_STEP][PASSED] - pages.Quicksti.setExpDate(expMonth, expYear, securityCode): Quicksti.ts:Entered'207 into securityCode

2020-10-13 11:11:46 - [MESSAGE][PASSED] - Object 'Object Repository/CERTPAY_QUICKSTI/Payment_Information_Page/EXP_MONTH' is visible

2020-10-13 11:11:46 - [MESSAGE][PASSED] - Object 'Object Repository/CERTPAY_QUICKSTI/Payment_Information_Page/EXP_MONTH' is present

2020-10-13 11:11:47 - [MESSAGE][PASSED] - Object: 'Object Repository/CERTPAY_QUICKSTI/Payment_Information_Page/EXP_MONTH' is clicked on

2020-10-13 11:11:49 - [MESSAGE][PASSED] - All options with label '04' are selected in object 'Object Repository/CERTPAY_QUICKSTI/Payment_Information_Page/EXP_MONTH'  using regular expression

2020-10-13 11:11:49 - [MESSAGE][PASSED] - selected dropdown option by visible text  04from expMonth

2020-10-13 11:11:49 - [MESSAGE][PASSED] - Object 'Object Repository/CERTPAY_QUICKSTI/Payment_Information_Page/EXP_YEAR' is visible

2020-10-13 11:11:49 - [MESSAGE][PASSED] - Object 'Object Repository/CERTPAY_QUICKSTI/Payment_Information_Page/EXP_YEAR' is present

2020-10-13 11:11:51 - [MESSAGE][PASSED] - Object: 'Object Repository/CERTPAY_QUICKSTI/Payment_Information_Page/EXP_YEAR' is clicked on

2020-10-13 11:11:52 - [MESSAGE][PASSED] - All options with label '2023' are selected in object 'Object Repository/CERTPAY_QUICKSTI/Payment_Information_Page/EXP_YEAR'  using regular expression

2020-10-13 11:11:52 - [MESSAGE][PASSED] - selected dropdown option by visible text  2023from  expYear

2020-10-13 11:11:52 - [MESSAGE][PASSED] - Object 'Object Repository/CERTPAY_QUICKSTI/Payment_Information_Page/SECURITY_CODE' is present

2020-10-13 11:11:53 - [MESSAGE][PASSED] - Object 'Object Repository/CERTPAY_QUICKSTI/Payment_Information_Page/SECURITY_CODE' is visible

2020-10-13 11:11:53 - [MESSAGE][PASSED] - Object 'Object Repository/CERTPAY_QUICKSTI/Payment_Information_Page/SECURITY_CODE' is present

2020-10-13 11:11:54 - [MESSAGE][PASSED] - Text '207' is set on object 'Object Repository/CERTPAY_QUICKSTI/Payment_Information_Page/SECURITY_CODE'

2020-10-13 11:11:54 - [MESSAGE][PASSED] - Quicksti.ts:Entered'207 into securityCode

2020-10-13 11:11:54 - [TEST_STEP][PASSED] - utilities.SafeActions.safeType(findTestObject("CERTPAY_QUICKSTI/Payment_Information_Page/ADDRESS"), address, "Address", [pageLoadTime]): Quicksti.ts:Entered'14-2 into Address

2020-10-13 11:11:55 - [MESSAGE][PASSED] - Object 'Object Repository/CERTPAY_QUICKSTI/Payment_Information_Page/ADDRESS' is present

2020-10-13 11:11:55 - [MESSAGE][PASSED] - Object 'Object Repository/CERTPAY_QUICKSTI/Payment_Information_Page/ADDRESS' is visible

2020-10-13 11:11:55 - [MESSAGE][PASSED] - Object 'Object Repository/CERTPAY_QUICKSTI/Payment_Information_Page/ADDRESS' is present

2020-10-13 11:11:56 - [MESSAGE][PASSED] - Text '14-2' is set on object 'Object Repository/CERTPAY_QUICKSTI/Payment_Information_Page/ADDRESS'

2020-10-13 11:11:56 - [MESSAGE][PASSED] - Quicksti.ts:Entered'14-2 into Address

2020-10-13 11:11:56 - [TEST_STEP][PASSED] - utilities.SafeActions.safeType(findTestObject("CERTPAY_QUICKSTI/Payment_Information_Page/ZIP_CODE"), zipCode, "zipcode", [pageLoadTime]): Quicksti.ts:Entered'76102 into zipcode

2020-10-13 11:11:57 - [MESSAGE][PASSED] - Object 'Object Repository/CERTPAY_QUICKSTI/Payment_Information_Page/ZIP_CODE' is present

2020-10-13 11:11:57 - [MESSAGE][PASSED] - Object 'Object Repository/CERTPAY_QUICKSTI/Payment_Information_Page/ZIP_CODE' is visible

2020-10-13 11:11:57 - [MESSAGE][PASSED] - Object 'Object Repository/CERTPAY_QUICKSTI/Payment_Information_Page/ZIP_CODE' is present

2020-10-13 11:11:59 - [MESSAGE][PASSED] - Text '76102' is set on object 'Object Repository/CERTPAY_QUICKSTI/Payment_Information_Page/ZIP_CODE'

2020-10-13 11:11:59 - [MESSAGE][PASSED] - Quicksti.ts:Entered'76102 into zipcode

2020-10-13 11:11:59 - [TEST_STEP][PASSED] - utilities.SafeActions.safeType(findTestObject("CERTPAY_QUICKSTI/Payment_Information_Page/TELEPHONE"), telephone, "Telephone", [pageLoadTime]): Quicksti.ts:Entered'9989897654 into Telephone

2020-10-13 11:11:59 - [MESSAGE][PASSED] - Object 'Object Repository/CERTPAY_QUICKSTI/Payment_Information_Page/TELEPHONE' is present

2020-10-13 11:11:59 - [MESSAGE][PASSED] - Object 'Object Repository/CERTPAY_QUICKSTI/Payment_Information_Page/TELEPHONE' is visible

2020-10-13 11:12:00 - [MESSAGE][PASSED] - Object 'Object Repository/CERTPAY_QUICKSTI/Payment_Information_Page/TELEPHONE' is present

2020-10-13 11:12:01 - [MESSAGE][PASSED] - Text '9989897654' is set on object 'Object Repository/CERTPAY_QUICKSTI/Payment_Information_Page/TELEPHONE'

2020-10-13 11:12:01 - [MESSAGE][PASSED] - Quicksti.ts:Entered'9989897654 into Telephone

2020-10-13 11:12:01 - [TEST_STEP][PASSED] - utilities.SafeActions.safeType(findTestObject("CERTPAY_QUICKSTI/Payment_Information_Page/EMAIL_ADDRESS"), emailAddress, "EMAIL address", [pageLoadTime]): Quicksti.ts:Entered'testing@zenq.com into EMAIL address

2020-10-13 11:12:01 - [MESSAGE][PASSED] - Object 'Object Repository/CERTPAY_QUICKSTI/Payment_Information_Page/EMAIL_ADDRESS' is present

2020-10-13 11:12:02 - [MESSAGE][PASSED] - Object 'Object Repository/CERTPAY_QUICKSTI/Payment_Information_Page/EMAIL_ADDRESS' is visible

2020-10-13 11:12:02 - [MESSAGE][PASSED] - Object 'Object Repository/CERTPAY_QUICKSTI/Payment_Information_Page/EMAIL_ADDRESS' is present

2020-10-13 11:12:03 - [MESSAGE][PASSED] - Text 'testing@zenq.com' is set on object 'Object Repository/CERTPAY_QUICKSTI/Payment_Information_Page/EMAIL_ADDRESS'

2020-10-13 11:12:03 - [MESSAGE][PASSED] - Quicksti.ts:Entered'testing@zenq.com into EMAIL address

2020-10-13 11:12:03 - [TEST_STEP][PASSED] - utilities.SafeActions.safeClick(findTestObject("CERTPAY_QUICKSTI/Payment_Information_Page/NEXT_BUTTON"), "Next", [pageLoadTime]): Quicksti.ts:Clicked on the Next

2020-10-13 11:12:03 - [MESSAGE][INFO] - safeClicking

2020-10-13 11:12:04 - [MESSAGE][PASSED] - Object 'Object Repository/CERTPAY_QUICKSTI/Payment_Information_Page/NEXT_BUTTON' is present

2020-10-13 11:12:04 - [MESSAGE][PASSED] - Object 'Object Repository/CERTPAY_QUICKSTI/Payment_Information_Page/NEXT_BUTTON' is clickable

2020-10-13 11:12:07 - [MESSAGE][PASSED] - Object: 'Object Repository/CERTPAY_QUICKSTI/Payment_Information_Page/NEXT_BUTTON' is clicked on

2020-10-13 11:12:07 - [MESSAGE][PASSED] - Quicksti.ts:Clicked on the Next

2020-10-13 11:12:07 - [TEST_STEP][PASSED] - pages.Quicksti.verifyUserPaymentDetails(paymentAmount, firstName, lastName, CardNumber): pages.Quicksti.verifyUserPaymentDetails is PASSED

2020-10-13 11:12:08 - [MESSAGE][PASSED] - Text of object 'Object Repository/CERTPAY_QUICKSTI/Payment_Details_Verification_Page/AMOUNT' is: '$25.00'

2020-10-13 11:12:08 - [MESSAGE][PASSED] - Actual text '25.00' and expected text '25.00' are matched  using regular expression

2020-10-13 11:12:08 - [MESSAGE][PASSED] - Text of object 'Object Repository/CERTPAY_QUICKSTI/Payment_Details_Verification_Page/NAME' is: 'Venkata Annam'

2020-10-13 11:12:08 - [MESSAGE][PASSED] - Actual text 'Venkata Annam' and expected text 'Venkata Annam' are matched  using regular expression

2020-10-13 11:12:08 - [MESSAGE][PASSED] - Text of object 'Object Repository/CERTPAY_QUICKSTI/Payment_Details_Verification_Page/CARD_NUMBER' is: '...7646'

2020-10-13 11:12:08 - [MESSAGE][PASSED] - Actual text '7646' and expected text '7646' are matched  using regular expression

2020-10-13 11:12:08 - [MESSAGE][PASSED] - pages.Quicksti.verifyUserPaymentDetails is PASSED

2020-10-13 11:12:08 - [TEST_STEP][PASSED] - delay(2): Delayed 2 second(s)

2020-10-13 11:12:10 - [MESSAGE][PASSED] - Delayed 2 second(s)

2020-10-13 11:12:10 - [TEST_STEP][PASSED] - scrollToElement(findTestObject("CERTPAY_QUICKSTI/Payment_Details_Verification_Page/PROCESS"), 0): Scroll to object 'Object Repository/CERTPAY_QUICKSTI/Payment_Details_Verification_Page/PROCESS' successfully

2020-10-13 11:12:11 - [MESSAGE][WARNING] - Timeout '0' is invalid. Using default page load timeout: '30'

2020-10-13 11:12:11 - [MESSAGE][PASSED] - Scroll to object 'Object Repository/CERTPAY_QUICKSTI/Payment_Details_Verification_Page/PROCESS' successfully

2020-10-13 11:12:11 - [TEST_STEP][PASSED] - utilities.SafeActions.safeClick(findTestObject("CERTPAY_QUICKSTI/Payment_Details_Verification_Page/PROCESS"), "Process", [pageLoadTime]): Quicksti.ts:Clicked on the Process

2020-10-13 11:12:11 - [MESSAGE][INFO] - safeClicking

2020-10-13 11:12:11 - [MESSAGE][PASSED] - Object 'Object Repository/CERTPAY_QUICKSTI/Payment_Details_Verification_Page/PROCESS' is present

2020-10-13 11:12:11 - [MESSAGE][PASSED] - Object 'Object Repository/CERTPAY_QUICKSTI/Payment_Details_Verification_Page/PROCESS' is clickable

2020-10-13 11:12:17 - [MESSAGE][PASSED] - Object: 'Object Repository/CERTPAY_QUICKSTI/Payment_Details_Verification_Page/PROCESS' is clicked on

2020-10-13 11:12:17 - [MESSAGE][PASSED] - Quicksti.ts:Clicked on the Process

2020-10-13 11:12:17 - [TEST_STEP][PASSED] - PaymentId = pages.Quicksti.verifyPaymentApproval(findTestObject("CERTPAY_QUICKSTI/Payment_Details_Verification_Page/APPROVED")): Payment is approved

2020-10-13 11:12:18 - [MESSAGE][PASSED] - Text of object 'Object Repository/CERTPAY_QUICKSTI/Payment_Details_Verification_Page/PAYMENT_ID' is: '100176127334'

2020-10-13 11:12:18 - [MESSAGE][PASSED] - Object 'Object Repository/CERTPAY_QUICKSTI/Payment_Details_Verification_Page/APPROVED' is present

2020-10-13 11:12:18 - [MESSAGE][PASSED] - Payment is approved

2020-10-13 11:12:20 - [TEST_STEP][PASSED] - navigateToUrl(Admin_url): Navigate to 'https://qa-certpayadmin.faps.net' successfully

2020-10-13 11:12:25 - [MESSAGE][PASSED] - Navigate to 'https://qa-certpayadmin.faps.net' successfully

2020-10-13 11:12:25 - [TEST_STEP][PASSED] - pages.Bureau_Login_Page.loginToAdminSite(AdminUsername, AdminPassword): Quicksti.ts:Clicked on the LOGIN

2020-10-13 11:12:25 - [MESSAGE][PASSED] - Object 'Object Repository/CERTPAY_ADMIN/USER_NAME' is present

2020-10-13 11:12:25 - [MESSAGE][PASSED] - Object 'Object Repository/CERTPAY_ADMIN/USER_NAME' is visible

2020-10-13 11:12:26 - [MESSAGE][PASSED] - Object 'Object Repository/CERTPAY_ADMIN/USER_NAME' is present

2020-10-13 11:12:27 - [MESSAGE][PASSED] - Text 'VVangiliappan' is set on object 'Object Repository/CERTPAY_ADMIN/USER_NAME'

2020-10-13 11:12:27 - [MESSAGE][PASSED] - Quicksti.ts:Entered'VVangiliappan into username

2020-10-13 11:12:27 - [MESSAGE][PASSED] - Object 'Object Repository/CERTPAY_ADMIN/PASSWORD' is present

2020-10-13 11:12:28 - [MESSAGE][PASSED] - Object 'Object Repository/CERTPAY_ADMIN/PASSWORD' is visible

2020-10-13 11:12:28 - [MESSAGE][PASSED] - Object 'Object Repository/CERTPAY_ADMIN/PASSWORD' is present

2020-10-13 11:12:29 - [MESSAGE][PASSED] - Text 'Test@123' is set on object 'Object Repository/CERTPAY_ADMIN/PASSWORD'

2020-10-13 11:12:29 - [MESSAGE][PASSED] - Quicksti.ts:Entered'Test@123 into password

2020-10-13 11:12:29 - [MESSAGE][INFO] - safeClicking

2020-10-13 11:12:29 - [MESSAGE][PASSED] - Object 'Object Repository/CERTPAY_ADMIN/LOGIN_BUTTON' is present

2020-10-13 11:12:30 - [MESSAGE][PASSED] - Object 'Object Repository/CERTPAY_ADMIN/LOGIN_BUTTON' is clickable

2020-10-13 11:12:41 - [MESSAGE][PASSED] - Object: 'Object Repository/CERTPAY_ADMIN/LOGIN_BUTTON' is clicked on

2020-10-13 11:12:41 - [MESSAGE][PASSED] - Quicksti.ts:Clicked on the LOGIN

2020-10-13 11:12:41 - [TEST_STEP][PASSED] - utilities.SafeActions.safeClick(findTestObject("CERTPAY_ADMIN/TRANSACTION_MENU"), "TransactionMenu", [pageLoadTime]): Quicksti.ts:Clicked on the TransactionMenu

2020-10-13 11:12:41 - [MESSAGE][INFO] - safeClicking

2020-10-13 11:12:41 - [MESSAGE][PASSED] - Object 'Object Repository/CERTPAY_ADMIN/TRANSACTION_MENU' is present

2020-10-13 11:12:42 - [MESSAGE][PASSED] - Object 'Object Repository/CERTPAY_ADMIN/TRANSACTION_MENU' is clickable

2020-10-13 11:12:43 - [MESSAGE][PASSED] - Object: 'Object Repository/CERTPAY_ADMIN/TRANSACTION_MENU' is clicked on

2020-10-13 11:12:43 - [MESSAGE][PASSED] - Quicksti.ts:Clicked on the TransactionMenu

2020-10-13 11:12:43 - [TEST_STEP][PASSED] - utilities.SafeActions.safeClick(findTestObject("CERTPAY_ADMIN/TRANSACTION_SEARCH"), "TransactionSearch", [pageLoadTime]): Quicksti.ts:Clicked on the TransactionSearch

2020-10-13 11:12:43 - [MESSAGE][INFO] - safeClicking

2020-10-13 11:12:43 - [MESSAGE][PASSED] - Object 'Object Repository/CERTPAY_ADMIN/TRANSACTION_SEARCH' is present

2020-10-13 11:12:44 - [MESSAGE][PASSED] - Object 'Object Repository/CERTPAY_ADMIN/TRANSACTION_SEARCH' is clickable

2020-10-13 11:13:06 - [MESSAGE][PASSED] - Object: 'Object Repository/CERTPAY_ADMIN/TRANSACTION_SEARCH' is clicked on

2020-10-13 11:13:06 - [MESSAGE][PASSED] - Quicksti.ts:Clicked on the TransactionSearch

2020-10-13 11:13:06 - [TEST_STEP][PASSED] - utilities.SafeActions.safeType(findTestObject("CERTPAY_ADMIN/PAYMENT_ID"), PaymentId, "Payment id", [pageLoadTime]): Quicksti.ts:Entered'100176127334 into Payment id

2020-10-13 11:13:06 - [MESSAGE][PASSED] - Object 'Object Repository/CERTPAY_ADMIN/PAYMENT_ID' is present

2020-10-13 11:13:06 - [MESSAGE][PASSED] - Object 'Object Repository/CERTPAY_ADMIN/PAYMENT_ID' is visible

2020-10-13 11:13:07 - [MESSAGE][PASSED] - Object 'Object Repository/CERTPAY_ADMIN/PAYMENT_ID' is present

2020-10-13 11:13:08 - [MESSAGE][PASSED] - Text '100176127334' is set on object 'Object Repository/CERTPAY_ADMIN/PAYMENT_ID'

2020-10-13 11:13:08 - [MESSAGE][PASSED] - Quicksti.ts:Entered'100176127334 into Payment id

2020-10-13 11:13:08 - [TEST_STEP][PASSED] - utilities.SafeActions.safeClick(findTestObject("CERTPAY_ADMIN/GO_BUTTON"), "Go button", [pageLoadTime]): Quicksti.ts:Clicked on the Go button

2020-10-13 11:13:08 - [MESSAGE][INFO] - safeClicking

2020-10-13 11:13:08 - [MESSAGE][PASSED] - Object 'Object Repository/CERTPAY_ADMIN/GO_BUTTON' is present

2020-10-13 11:13:09 - [MESSAGE][PASSED] - Object 'Object Repository/CERTPAY_ADMIN/GO_BUTTON' is clickable

2020-10-13 11:13:12 - [MESSAGE][PASSED] - Object: 'Object Repository/CERTPAY_ADMIN/GO_BUTTON' is clicked on

2020-10-13 11:13:12 - [MESSAGE][PASSED] - Quicksti.ts:Clicked on the Go button

2020-10-13 11:13:12 - [TEST_STEP][PASSED] - delay(5): Delayed 5 second(s)

2020-10-13 11:13:17 - [MESSAGE][PASSED] - Delayed 5 second(s)

2020-10-13 11:13:17 - [TEST_STEP][PASSED] - scrollToPosition(800, 900): Browser is scrolled to position x = 800, y = 900

2020-10-13 11:13:17 - [MESSAGE][PASSED] - Browser is scrolled to position x = 800, y = 900

2020-10-13 11:13:17 - [TEST_STEP][PASSED] - firstName = data.getValue("FirstName", index): null

2020-10-13 11:13:17 - [TEST_STEP][PASSED] - lastName = data.getValue("LastName", index): null

2020-10-13 11:13:17 - [TEST_STEP][PASSED] - expMonth = data.getValue("ExpMonth", index): null

2020-10-13 11:13:17 - [TEST_STEP][PASSED] - expYear = data.getValue("ExpYear", index): null

2020-10-13 11:13:17 - [TEST_STEP][PASSED] - securityCode = data.getValue("SecurityCode", index): null

2020-10-13 11:13:17 - [TEST_STEP][PASSED] - paymentAmount = data.getValue("PaymentAmount", index): null

2020-10-13 11:13:17 - [TEST_STEP][PASSED] - paymentType = data.getValue("PaymentType", index): null

2020-10-13 11:13:17 - [TEST_STEP][PASSED] - quantity = data.getValue("Quantity", index): null

2020-10-13 11:13:17 - [TEST_STEP][PASSED] - comments = data.getValue("Comments", index): null

2020-10-13 11:13:17 - [TEST_STEP][PASSED] - referenceNum = data.getValue("ReferenceNum", index): null

2020-10-13 11:13:17 - [TEST_STEP][PASSED] - address = data.getValue("Address", index): null

2020-10-13 11:13:17 - [TEST_STEP][PASSED] - zipCode = data.getValue("Zipcode", index): null

2020-10-13 11:13:17 - [TEST_STEP][PASSED] - telephone = data.getValue("Telephone", index): null

2020-10-13 11:13:17 - [TEST_STEP][PASSED] - emailAddress = data.getValue("EmailAddress", index): null

2020-10-13 11:13:17 - [TEST_STEP][PASSED] - cardNum = data.getValue("CardNumber", index): null

2020-10-13 11:13:17 - [TEST_STEP][PASSED] - cardType = data.getValue("CardType", index): null

2020-10-13 11:13:17 - [TEST_STEP][PASSED] - utilities.SafeActions.openBrowser(Quicksti_Url, [pageLoadTime]): Browser launched successfully

2020-10-13 11:13:17 - [MESSAGE][INFO] - Opening Browser

2020-10-13 11:13:17 - [MESSAGE][WARNING] - A browser is already opened. Closing browser and opening a new one

2020-10-13 11:13:18 - [MESSAGE][INFO] - Starting 'Chrome' driver

2020-10-13 11:13:30 - [MESSAGE][PASSED] - Browser is opened with url: 'https://qa-certpayquicksti.faps.net/'

2020-10-13 11:13:32 - [MESSAGE][PASSED] - Current window maximized

2020-10-13 11:13:32 - [MESSAGE][PASSED] - Browser launched successfully

2020-10-13 11:13:32 - [TEST_STEP][PASSED] - utilities.SafeActions.safeCheck(findTestObject("CERTPAY_QUICKSTI/Login_ Page/MULTI_BUREAU_CHECKBOX"), "Multi Bureau", [pageLoadTime]): Quicksti.ts:Checkbox 'Multi Bureau'is selected

2020-10-13 11:13:33 - [MESSAGE][PASSED] - Object 'Object Repository/CERTPAY_QUICKSTI/Login_ Page/MULTI_BUREAU_CHECKBOX' is present

2020-10-13 11:13:34 - [MESSAGE][PASSED] - Object 'Object Repository/CERTPAY_QUICKSTI/Login_ Page/MULTI_BUREAU_CHECKBOX' is present

2020-10-13 11:13:35 - [MESSAGE][PASSED] - Object: 'Object Repository/CERTPAY_QUICKSTI/Login_ Page/MULTI_BUREAU_CHECKBOX' is clicked on

2020-10-13 11:13:35 - [MESSAGE][PASSED] - Quicksti.ts:Checkbox 'Multi Bureau'is selected

2020-10-13 11:13:35 - [TEST_STEP][PASSED] - utilities.SafeActions.safeType(findTestObject("CERTPAY_QUICKSTI/Login_ Page/TELLER_ID"), teller_id, "Bureau code", [pageLoadTime]): Quicksti.ts:Entered'zenq into Bureau code

2020-10-13 11:13:37 - [MESSAGE][PASSED] - Object 'Object Repository/CERTPAY_QUICKSTI/Login_ Page/TELLER_ID' is present

2020-10-13 11:13:37 - [MESSAGE][PASSED] - Object 'Object Repository/CERTPAY_QUICKSTI/Login_ Page/TELLER_ID' is visible

2020-10-13 11:13:37 - [MESSAGE][PASSED] - Object 'Object Repository/CERTPAY_QUICKSTI/Login_ Page/TELLER_ID' is present

2020-10-13 11:13:39 - [MESSAGE][PASSED] - Text 'zenq' is set on object 'Object Repository/CERTPAY_QUICKSTI/Login_ Page/TELLER_ID'

2020-10-13 11:13:39 - [MESSAGE][PASSED] - Quicksti.ts:Entered'zenq into Bureau code

2020-10-13 11:13:39 - [TEST_STEP][PASSED] - utilities.SafeActions.safeClick(findTestObject("CERTPAY_QUICKSTI/Login_ Page/NEXT_BUTTON"), "Next button", [pageLoadTime]): Quicksti.ts:Clicked on the Next button

2020-10-13 11:13:39 - [MESSAGE][INFO] - safeClicking

2020-10-13 11:13:39 - [MESSAGE][PASSED] - Object 'Object Repository/CERTPAY_QUICKSTI/Login_ Page/NEXT_BUTTON' is present

2020-10-13 11:13:39 - [MESSAGE][PASSED] - Object 'Object Repository/CERTPAY_QUICKSTI/Login_ Page/NEXT_BUTTON' is clickable

2020-10-13 11:13:43 - [MESSAGE][PASSED] - Object: 'Object Repository/CERTPAY_QUICKSTI/Login_ Page/NEXT_BUTTON' is clicked on

2020-10-13 11:13:43 - [MESSAGE][PASSED] - Quicksti.ts:Clicked on the Next button

2020-10-13 11:13:43 - [TEST_STEP][PASSED] - pages.Quicksti.setCommnets("0", "0", comments): Quicksti.ts:Entered'Testing into Comments

2020-10-13 11:13:44 - [MESSAGE][PASSED] - Object '' is present

2020-10-13 11:13:44 - [MESSAGE][PASSED] - Object '' is visible

2020-10-13 11:13:44 - [MESSAGE][PASSED] - Object '' is present

2020-10-13 11:13:45 - [MESSAGE][PASSED] - Text 'Testing' is set on object ''

2020-10-13 11:13:45 - [MESSAGE][PASSED] - Quicksti.ts:Entered'Testing into Comments

2020-10-13 11:13:45 - [TEST_STEP][PASSED] - utilities.SafeActions.safeType(findTestObject("CERTPAY_QUICKSTI/Payment_Information_Page/PAYMENT_AMOUNT"), paymentAmount, "Payment Amount", [pageLoadTime]): Quicksti.ts:Entered'30.00 into Payment Amount

2020-10-13 11:13:46 - [MESSAGE][PASSED] - Object 'Object Repository/CERTPAY_QUICKSTI/Payment_Information_Page/PAYMENT_AMOUNT' is present

2020-10-13 11:13:46 - [MESSAGE][PASSED] - Object 'Object Repository/CERTPAY_QUICKSTI/Payment_Information_Page/PAYMENT_AMOUNT' is visible

2020-10-13 11:13:46 - [MESSAGE][PASSED] - Object 'Object Repository/CERTPAY_QUICKSTI/Payment_Information_Page/PAYMENT_AMOUNT' is present

2020-10-13 11:13:48 - [MESSAGE][PASSED] - Text '30.00' is set on object 'Object Repository/CERTPAY_QUICKSTI/Payment_Information_Page/PAYMENT_AMOUNT'

2020-10-13 11:13:48 - [MESSAGE][PASSED] - Quicksti.ts:Entered'30.00 into Payment Amount

2020-10-13 11:13:48 - [TEST_STEP][PASSED] - pages.Quicksti.setAmountDetailsForMultiBureau("0", paymentType, "0", referenceNum, quantity): Quicksti.ts:Entered'1 into Quntity

2020-10-13 11:13:48 - [MESSAGE][PASSED] - Object '' is visible

2020-10-13 11:13:49 - [MESSAGE][PASSED] - Object '' is present

2020-10-13 11:13:50 - [MESSAGE][PASSED] - Object: '' is clicked on

2020-10-13 11:13:51 - [MESSAGE][PASSED] - All options with label 'Licenses' are selected in object ''  using regular expression

2020-10-13 11:13:51 - [MESSAGE][PASSED] - selected dropdown option by visible text  Licensesfrom Payment Type

2020-10-13 11:13:52 - [MESSAGE][PASSED] - Object '' is present

2020-10-13 11:13:52 - [MESSAGE][PASSED] - Object '' is visible

2020-10-13 11:13:52 - [MESSAGE][PASSED] - Object '' is present

2020-10-13 11:13:53 - [MESSAGE][PASSED] - Text '13' is set on object ''

2020-10-13 11:13:54 - [MESSAGE][PASSED] - Quicksti.ts:Entered'13 into RefrenceNumber

2020-10-13 11:13:54 - [MESSAGE][PASSED] - Object '' is present

2020-10-13 11:13:54 - [MESSAGE][PASSED] - Object '' is visible

2020-10-13 11:13:54 - [MESSAGE][PASSED] - Object '' is present

2020-10-13 11:13:56 - [MESSAGE][PASSED] - Text '1' is set on object ''

2020-10-13 11:13:56 - [MESSAGE][PASSED] - Quicksti.ts:Entered'1 into Quntity

2020-10-13 11:13:56 - [TEST_STEP][PASSED] - utilities.SafeActions.safeType(findTestObject("CERTPAY_QUICKSTI/Payment_Information_Page/MULTIBUREAU_PAYMENT_AMOUNT"), paymentAmount, "Payment Amount", [pageLoadTime]): Quicksti.ts:Entered'30.00 into Payment Amount

2020-10-13 11:13:56 - [MESSAGE][PASSED] - Object 'Object Repository/CERTPAY_QUICKSTI/Payment_Information_Page/MULTIBUREAU_PAYMENT_AMOUNT' is present

2020-10-13 11:13:56 - [MESSAGE][PASSED] - Object 'Object Repository/CERTPAY_QUICKSTI/Payment_Information_Page/MULTIBUREAU_PAYMENT_AMOUNT' is visible

2020-10-13 11:13:57 - [MESSAGE][PASSED] - Object 'Object Repository/CERTPAY_QUICKSTI/Payment_Information_Page/MULTIBUREAU_PAYMENT_AMOUNT' is present

2020-10-13 11:13:58 - [MESSAGE][PASSED] - Text '30.00' is set on object 'Object Repository/CERTPAY_QUICKSTI/Payment_Information_Page/MULTIBUREAU_PAYMENT_AMOUNT'

2020-10-13 11:13:58 - [MESSAGE][PASSED] - Quicksti.ts:Entered'30.00 into Payment Amount

2020-10-13 11:13:58 - [TEST_STEP][PASSED] - pages.Quicksti.setAmountDetailsForMultiBureau("0", "Registration Fees", "1", referenceNum, quantity): Quicksti.ts:Entered'1 into Quntity

2020-10-13 11:13:58 - [MESSAGE][PASSED] - Object '' is visible

2020-10-13 11:13:59 - [MESSAGE][PASSED] - Object '' is present

2020-10-13 11:14:00 - [MESSAGE][PASSED] - Object: '' is clicked on

2020-10-13 11:14:01 - [MESSAGE][PASSED] - All options with label 'Registration Fees' are selected in object ''  using regular expression

2020-10-13 11:14:01 - [MESSAGE][PASSED] - selected dropdown option by visible text  Registration Feesfrom Payment Type

2020-10-13 11:14:01 - [MESSAGE][PASSED] - Object '' is present

2020-10-13 11:14:02 - [MESSAGE][PASSED] - Object '' is visible

2020-10-13 11:14:02 - [MESSAGE][PASSED] - Object '' is present

2020-10-13 11:14:03 - [MESSAGE][PASSED] - Text '13' is set on object ''

2020-10-13 11:14:03 - [MESSAGE][PASSED] - Quicksti.ts:Entered'13 into RefrenceNumber

2020-10-13 11:14:03 - [MESSAGE][PASSED] - Object '' is present

2020-10-13 11:14:04 - [MESSAGE][PASSED] - Object '' is visible

2020-10-13 11:14:04 - [MESSAGE][PASSED] - Object '' is present

2020-10-13 11:14:05 - [MESSAGE][PASSED] - Text '1' is set on object ''

2020-10-13 11:14:05 - [MESSAGE][PASSED] - Quicksti.ts:Entered'1 into Quntity

2020-10-13 11:14:05 - [TEST_STEP][PASSED] - utilities.SafeActions.safeType(findTestObject("CERTPAY_QUICKSTI/Payment_Information_Page/MULTIBUREAU_PAY_AMOUNT2"), paymentAmount, "Payment Amount", [pageLoadTime]): Quicksti.ts:Entered'30.00 into Payment Amount

2020-10-13 11:14:06 - [MESSAGE][PASSED] - Object 'Object Repository/CERTPAY_QUICKSTI/Payment_Information_Page/MULTIBUREAU_PAY_AMOUNT2' is present

2020-10-13 11:14:06 - [MESSAGE][PASSED] - Object 'Object Repository/CERTPAY_QUICKSTI/Payment_Information_Page/MULTIBUREAU_PAY_AMOUNT2' is visible

2020-10-13 11:14:06 - [MESSAGE][PASSED] - Object 'Object Repository/CERTPAY_QUICKSTI/Payment_Information_Page/MULTIBUREAU_PAY_AMOUNT2' is present

2020-10-13 11:14:08 - [MESSAGE][PASSED] - Text '30.00' is set on object 'Object Repository/CERTPAY_QUICKSTI/Payment_Information_Page/MULTIBUREAU_PAY_AMOUNT2'

2020-10-13 11:14:08 - [MESSAGE][PASSED] - Quicksti.ts:Entered'30.00 into Payment Amount

2020-10-13 11:14:08 - [TEST_STEP][PASSED] - pages.Quicksti.setCommnets("2", "0", "Tester"): Quicksti.ts:Entered'Tester into Comments

2020-10-13 11:14:08 - [MESSAGE][PASSED] - Object '' is present

2020-10-13 11:14:08 - [MESSAGE][PASSED] - Object '' is visible

2020-10-13 11:14:09 - [MESSAGE][PASSED] - Object '' is present

2020-10-13 11:14:10 - [MESSAGE][PASSED] - Text 'Tester' is set on object ''

2020-10-13 11:14:10 - [MESSAGE][PASSED] - Quicksti.ts:Entered'Tester into Comments

2020-10-13 11:14:10 - [TEST_STEP][PASSED] - pages.Quicksti.setAmountDetailsForMultiBureau("0", "Vehicles", "2", referenceNum, quantity): Quicksti.ts:Entered'1 into Quntity

2020-10-13 11:14:10 - [MESSAGE][PASSED] - Object '' is visible

2020-10-13 11:14:11 - [MESSAGE][PASSED] - Object '' is present

2020-10-13 11:14:12 - [MESSAGE][PASSED] - Object: '' is clicked on

2020-10-13 11:14:13 - [MESSAGE][PASSED] - All options with label 'Vehicles' are selected in object ''  using regular expression

2020-10-13 11:14:13 - [MESSAGE][PASSED] - selected dropdown option by visible text  Vehiclesfrom Payment Type

2020-10-13 11:14:13 - [MESSAGE][PASSED] - Object '' is present

2020-10-13 11:14:14 - [MESSAGE][PASSED] - Object '' is visible

2020-10-13 11:14:14 - [MESSAGE][PASSED] - Object '' is present

2020-10-13 11:14:15 - [MESSAGE][PASSED] - Text '13' is set on object ''

2020-10-13 11:14:15 - [MESSAGE][PASSED] - Quicksti.ts:Entered'13 into RefrenceNumber

2020-10-13 11:14:16 - [MESSAGE][PASSED] - Object '' is present

2020-10-13 11:14:16 - [MESSAGE][PASSED] - Object '' is visible

2020-10-13 11:14:16 - [MESSAGE][PASSED] - Object '' is present

2020-10-13 11:14:17 - [MESSAGE][PASSED] - Text '1' is set on object ''

2020-10-13 11:14:17 - [MESSAGE][PASSED] - Quicksti.ts:Entered'1 into Quntity

2020-10-13 11:14:17 - [TEST_STEP][PASSED] - utilities.SafeActions.safeClick(findTestObject("CERTPAY_QUICKSTI/Payment_Information_Page/MANUAL_ENTRY_BUTTON"), "ManualEntry", [pageLoadTime]): Quicksti.ts:Clicked on the ManualEntry

2020-10-13 11:14:17 - [MESSAGE][INFO] - safeClicking

2020-10-13 11:14:18 - [MESSAGE][PASSED] - Object 'Object Repository/CERTPAY_QUICKSTI/Payment_Information_Page/MANUAL_ENTRY_BUTTON' is present

2020-10-13 11:14:18 - [MESSAGE][PASSED] - Object 'Object Repository/CERTPAY_QUICKSTI/Payment_Information_Page/MANUAL_ENTRY_BUTTON' is clickable

2020-10-13 11:14:23 - [MESSAGE][PASSED] - Object: 'Object Repository/CERTPAY_QUICKSTI/Payment_Information_Page/MANUAL_ENTRY_BUTTON' is clicked on

2020-10-13 11:14:23 - [MESSAGE][PASSED] - Quicksti.ts:Clicked on the ManualEntry

2020-10-13 11:14:23 - [TEST_STEP][PASSED] - amount_Value = pages.Quicksti.getAttributeValue(findTestObject("CERTPAY_QUICKSTI/Payment_Information_Page/SUB_TOTAL")): pages.Quicksti.getAttributeValue is PASSED

2020-10-13 11:14:23 - [MESSAGE][PASSED] - Attribute 'value' of object 'Object Repository/CERTPAY_QUICKSTI/Payment_Information_Page/SUB_TOTAL' is: '30.00'

2020-10-13 11:14:23 - [MESSAGE][PASSED] - pages.Quicksti.getAttributeValue is PASSED

2020-10-13 11:14:23 - [TEST_STEP][PASSED] - CardNumber = pages.Quicksti.setUserPaymentDetails(firstName, lastName, cardNum): Quicksti.ts:Entered'8171999900000018 into CardNum

2020-10-13 11:14:23 - [MESSAGE][PASSED] - Object 'Object Repository/CERTPAY_QUICKSTI/Payment_Information_Page/FIRST_NAME' is present

2020-10-13 11:14:24 - [MESSAGE][PASSED] - Object 'Object Repository/CERTPAY_QUICKSTI/Payment_Information_Page/FIRST_NAME' is visible

2020-10-13 11:14:24 - [MESSAGE][PASSED] - Object 'Object Repository/CERTPAY_QUICKSTI/Payment_Information_Page/FIRST_NAME' is present

2020-10-13 11:14:25 - [MESSAGE][PASSED] - Text 'Tester' is set on object 'Object Repository/CERTPAY_QUICKSTI/Payment_Information_Page/FIRST_NAME'

2020-10-13 11:14:25 - [MESSAGE][PASSED] - Quicksti.ts:Entered'Tester into FirstName

2020-10-13 11:14:26 - [MESSAGE][PASSED] - Object 'Object Repository/CERTPAY_QUICKSTI/Payment_Information_Page/LAST_NAME' is present

2020-10-13 11:14:26 - [MESSAGE][PASSED] - Object 'Object Repository/CERTPAY_QUICKSTI/Payment_Information_Page/LAST_NAME' is visible

2020-10-13 11:14:26 - [MESSAGE][PASSED] - Object 'Object Repository/CERTPAY_QUICKSTI/Payment_Information_Page/LAST_NAME' is present

2020-10-13 11:14:27 - [MESSAGE][PASSED] - Text 'Zenq1' is set on object 'Object Repository/CERTPAY_QUICKSTI/Payment_Information_Page/LAST_NAME'

2020-10-13 11:14:27 - [MESSAGE][PASSED] - Quicksti.ts:Entered'Zenq1 into LAstName

2020-10-13 11:14:28 - [MESSAGE][PASSED] - Object 'Object Repository/CERTPAY_QUICKSTI/Payment_Information_Page/CARD_NUMBER' is present

2020-10-13 11:14:28 - [MESSAGE][PASSED] - Object 'Object Repository/CERTPAY_QUICKSTI/Payment_Information_Page/CARD_NUMBER' is visible

2020-10-13 11:14:28 - [MESSAGE][PASSED] - Object 'Object Repository/CERTPAY_QUICKSTI/Payment_Information_Page/CARD_NUMBER' is present

2020-10-13 11:14:30 - [MESSAGE][PASSED] - Text '8171999900000018' is set on object 'Object Repository/CERTPAY_QUICKSTI/Payment_Information_Page/CARD_NUMBER'

2020-10-13 11:14:30 - [MESSAGE][PASSED] - Quicksti.ts:Entered'8171999900000018 into CardNum

2020-10-13 11:14:30 - [TEST_STEP][PASSED] - pages.Quicksti.setExpDate(expMonth, expYear, securityCode): Quicksti.ts:Entered'111 into securityCode

2020-10-13 11:14:30 - [MESSAGE][PASSED] - Object 'Object Repository/CERTPAY_QUICKSTI/Payment_Information_Page/EXP_MONTH' is visible

2020-10-13 11:14:30 - [MESSAGE][PASSED] - Object 'Object Repository/CERTPAY_QUICKSTI/Payment_Information_Page/EXP_MONTH' is present

2020-10-13 11:14:31 - [MESSAGE][PASSED] - Object: 'Object Repository/CERTPAY_QUICKSTI/Payment_Information_Page/EXP_MONTH' is clicked on

2020-10-13 11:14:33 - [MESSAGE][PASSED] - All options with label '04' are selected in object 'Object Repository/CERTPAY_QUICKSTI/Payment_Information_Page/EXP_MONTH'  using regular expression

2020-10-13 11:14:33 - [MESSAGE][PASSED] - selected dropdown option by visible text  04from expMonth

2020-10-13 11:14:33 - [MESSAGE][PASSED] - Object 'Object Repository/CERTPAY_QUICKSTI/Payment_Information_Page/EXP_YEAR' is visible

2020-10-13 11:14:33 - [MESSAGE][PASSED] - Object 'Object Repository/CERTPAY_QUICKSTI/Payment_Information_Page/EXP_YEAR' is present

2020-10-13 11:14:35 - [MESSAGE][PASSED] - Object: 'Object Repository/CERTPAY_QUICKSTI/Payment_Information_Page/EXP_YEAR' is clicked on

2020-10-13 11:14:36 - [MESSAGE][PASSED] - All options with label '2027' are selected in object 'Object Repository/CERTPAY_QUICKSTI/Payment_Information_Page/EXP_YEAR'  using regular expression

2020-10-13 11:14:36 - [MESSAGE][PASSED] - selected dropdown option by visible text  2027from  expYear

2020-10-13 11:14:37 - [MESSAGE][PASSED] - Object 'Object Repository/CERTPAY_QUICKSTI/Payment_Information_Page/SECURITY_CODE' is present

2020-10-13 11:14:37 - [MESSAGE][PASSED] - Object 'Object Repository/CERTPAY_QUICKSTI/Payment_Information_Page/SECURITY_CODE' is visible

2020-10-13 11:14:37 - [MESSAGE][PASSED] - Object 'Object Repository/CERTPAY_QUICKSTI/Payment_Information_Page/SECURITY_CODE' is present

2020-10-13 11:14:38 - [MESSAGE][PASSED] - Text '111' is set on object 'Object Repository/CERTPAY_QUICKSTI/Payment_Information_Page/SECURITY_CODE'

2020-10-13 11:14:38 - [MESSAGE][PASSED] - Quicksti.ts:Entered'111 into securityCode

2020-10-13 11:14:38 - [TEST_STEP][PASSED] - utilities.SafeActions.safeType(findTestObject("CERTPAY_QUICKSTI/Payment_Information_Page/ADDRESS"), address, "Address", [pageLoadTime]): Quicksti.ts:Entered'14-2 into Address

2020-10-13 11:14:39 - [MESSAGE][PASSED] - Object 'Object Repository/CERTPAY_QUICKSTI/Payment_Information_Page/ADDRESS' is present

2020-10-13 11:14:39 - [MESSAGE][PASSED] - Object 'Object Repository/CERTPAY_QUICKSTI/Payment_Information_Page/ADDRESS' is visible

2020-10-13 11:14:39 - [MESSAGE][PASSED] - Object 'Object Repository/CERTPAY_QUICKSTI/Payment_Information_Page/ADDRESS' is present

2020-10-13 11:14:41 - [MESSAGE][PASSED] - Text '14-2' is set on object 'Object Repository/CERTPAY_QUICKSTI/Payment_Information_Page/ADDRESS'

2020-10-13 11:14:41 - [MESSAGE][PASSED] - Quicksti.ts:Entered'14-2 into Address

2020-10-13 11:14:41 - [TEST_STEP][PASSED] - utilities.SafeActions.safeType(findTestObject("CERTPAY_QUICKSTI/Payment_Information_Page/ZIP_CODE"), zipCode, "zipcode", [pageLoadTime]): Quicksti.ts:Entered'76102 into zipcode

2020-10-13 11:14:41 - [MESSAGE][PASSED] - Object 'Object Repository/CERTPAY_QUICKSTI/Payment_Information_Page/ZIP_CODE' is present

2020-10-13 11:14:41 - [MESSAGE][PASSED] - Object 'Object Repository/CERTPAY_QUICKSTI/Payment_Information_Page/ZIP_CODE' is visible

2020-10-13 11:14:42 - [MESSAGE][PASSED] - Object 'Object Repository/CERTPAY_QUICKSTI/Payment_Information_Page/ZIP_CODE' is present

2020-10-13 11:14:43 - [MESSAGE][PASSED] - Text '76102' is set on object 'Object Repository/CERTPAY_QUICKSTI/Payment_Information_Page/ZIP_CODE'

2020-10-13 11:14:43 - [MESSAGE][PASSED] - Quicksti.ts:Entered'76102 into zipcode

2020-10-13 11:14:43 - [TEST_STEP][PASSED] - utilities.SafeActions.safeType(findTestObject("CERTPAY_QUICKSTI/Payment_Information_Page/TELEPHONE"), telephone, "Telephone", [pageLoadTime]): Quicksti.ts:Entered'9989897654 into Telephone

2020-10-13 11:14:43 - [MESSAGE][PASSED] - Object 'Object Repository/CERTPAY_QUICKSTI/Payment_Information_Page/TELEPHONE' is present

2020-10-13 11:14:43 - [MESSAGE][PASSED] - Object 'Object Repository/CERTPAY_QUICKSTI/Payment_Information_Page/TELEPHONE' is visible

2020-10-13 11:14:44 - [MESSAGE][PASSED] - Object 'Object Repository/CERTPAY_QUICKSTI/Payment_Information_Page/TELEPHONE' is present

2020-10-13 11:14:45 - [MESSAGE][PASSED] - Text '9989897654' is set on object 'Object Repository/CERTPAY_QUICKSTI/Payment_Information_Page/TELEPHONE'

2020-10-13 11:14:45 - [MESSAGE][PASSED] - Quicksti.ts:Entered'9989897654 into Telephone

2020-10-13 11:14:45 - [TEST_STEP][PASSED] - utilities.SafeActions.safeType(findTestObject("CERTPAY_QUICKSTI/Payment_Information_Page/EMAIL_ADDRESS"), emailAddress, "EMAIL address", [pageLoadTime]): Quicksti.ts:Entered'testing@zenq.com into EMAIL address

2020-10-13 11:14:45 - [MESSAGE][PASSED] - Object 'Object Repository/CERTPAY_QUICKSTI/Payment_Information_Page/EMAIL_ADDRESS' is present

2020-10-13 11:14:46 - [MESSAGE][PASSED] - Object 'Object Repository/CERTPAY_QUICKSTI/Payment_Information_Page/EMAIL_ADDRESS' is visible

2020-10-13 11:14:46 - [MESSAGE][PASSED] - Object 'Object Repository/CERTPAY_QUICKSTI/Payment_Information_Page/EMAIL_ADDRESS' is present

2020-10-13 11:14:47 - [MESSAGE][PASSED] - Text 'testing@zenq.com' is set on object 'Object Repository/CERTPAY_QUICKSTI/Payment_Information_Page/EMAIL_ADDRESS'

2020-10-13 11:14:47 - [MESSAGE][PASSED] - Quicksti.ts:Entered'testing@zenq.com into EMAIL address

2020-10-13 11:14:47 - [TEST_STEP][PASSED] - utilities.SafeActions.safeClick(findTestObject("CERTPAY_QUICKSTI/Payment_Information_Page/NEXT_BUTTON"), "Next", [pageLoadTime]): Quicksti.ts:Clicked on the Next

2020-10-13 11:14:47 - [MESSAGE][INFO] - safeClicking

2020-10-13 11:14:48 - [MESSAGE][PASSED] - Object 'Object Repository/CERTPAY_QUICKSTI/Payment_Information_Page/NEXT_BUTTON' is present

2020-10-13 11:14:48 - [MESSAGE][PASSED] - Object 'Object Repository/CERTPAY_QUICKSTI/Payment_Information_Page/NEXT_BUTTON' is clickable

2020-10-13 11:14:51 - [MESSAGE][PASSED] - Object: 'Object Repository/CERTPAY_QUICKSTI/Payment_Information_Page/NEXT_BUTTON' is clicked on

2020-10-13 11:14:51 - [MESSAGE][PASSED] - Quicksti.ts:Clicked on the Next

2020-10-13 11:14:51 - [TEST_STEP][PASSED] - pages.Quicksti.verifyUserPaymentDetails(paymentAmount, firstName, lastName, CardNumber): pages.Quicksti.verifyUserPaymentDetails is PASSED

2020-10-13 11:14:52 - [MESSAGE][PASSED] - Text of object 'Object Repository/CERTPAY_QUICKSTI/Payment_Details_Verification_Page/AMOUNT' is: '$30.00'

2020-10-13 11:14:52 - [MESSAGE][PASSED] - Actual text '30.00' and expected text '30.00' are matched  using regular expression

2020-10-13 11:14:52 - [MESSAGE][PASSED] - Text of object 'Object Repository/CERTPAY_QUICKSTI/Payment_Details_Verification_Page/NAME' is: 'Tester Zenq1'

2020-10-13 11:14:52 - [MESSAGE][PASSED] - Actual text 'Tester Zenq1' and expected text 'Tester Zenq1' are matched  using regular expression

2020-10-13 11:14:52 - [MESSAGE][PASSED] - Text of object 'Object Repository/CERTPAY_QUICKSTI/Payment_Details_Verification_Page/CARD_NUMBER' is: '...0018'

2020-10-13 11:14:52 - [MESSAGE][PASSED] - Actual text '0018' and expected text '0018' are matched  using regular expression

2020-10-13 11:14:52 - [MESSAGE][PASSED] - pages.Quicksti.verifyUserPaymentDetails is PASSED

2020-10-13 11:14:52 - [TEST_STEP][PASSED] - delay(2): Delayed 2 second(s)

2020-10-13 11:14:54 - [MESSAGE][PASSED] - Delayed 2 second(s)

2020-10-13 11:14:54 - [TEST_STEP][PASSED] - scrollToElement(findTestObject("CERTPAY_QUICKSTI/Payment_Details_Verification_Page/PROCESS"), 0): Scroll to object 'Object Repository/CERTPAY_QUICKSTI/Payment_Details_Verification_Page/PROCESS' successfully

2020-10-13 11:14:55 - [MESSAGE][WARNING] - Timeout '0' is invalid. Using default page load timeout: '30'

2020-10-13 11:14:55 - [MESSAGE][PASSED] - Scroll to object 'Object Repository/CERTPAY_QUICKSTI/Payment_Details_Verification_Page/PROCESS' successfully

2020-10-13 11:14:55 - [TEST_STEP][PASSED] - utilities.SafeActions.safeClick(findTestObject("CERTPAY_QUICKSTI/Payment_Details_Verification_Page/PROCESS"), "Process", [pageLoadTime]): Quicksti.ts:Clicked on the Process

2020-10-13 11:14:55 - [MESSAGE][INFO] - safeClicking

2020-10-13 11:14:55 - [MESSAGE][PASSED] - Object 'Object Repository/CERTPAY_QUICKSTI/Payment_Details_Verification_Page/PROCESS' is present

2020-10-13 11:14:55 - [MESSAGE][PASSED] - Object 'Object Repository/CERTPAY_QUICKSTI/Payment_Details_Verification_Page/PROCESS' is clickable

2020-10-13 11:14:59 - [MESSAGE][PASSED] - Object: 'Object Repository/CERTPAY_QUICKSTI/Payment_Details_Verification_Page/PROCESS' is clicked on

2020-10-13 11:14:59 - [MESSAGE][PASSED] - Quicksti.ts:Clicked on the Process

2020-10-13 11:14:59 - [TEST_STEP][PASSED] - PaymentId = pages.Quicksti.verifyPaymentApproval(findTestObject("CERTPAY_QUICKSTI/Payment_Details_Verification_Page/APPROVED")): Payment is approved

2020-10-13 11:15:00 - [MESSAGE][PASSED] - Text of object 'Object Repository/CERTPAY_QUICKSTI/Payment_Details_Verification_Page/PAYMENT_ID' is: '100176127346'

2020-10-13 11:15:00 - [MESSAGE][PASSED] - Object 'Object Repository/CERTPAY_QUICKSTI/Payment_Details_Verification_Page/APPROVED' is present

2020-10-13 11:15:00 - [MESSAGE][PASSED] - Payment is approved

2020-10-13 11:15:02 - [TEST_STEP][PASSED] - navigateToUrl(Admin_url): Navigate to 'https://qa-certpayadmin.faps.net' successfully

2020-10-13 11:15:07 - [MESSAGE][PASSED] - Navigate to 'https://qa-certpayadmin.faps.net' successfully

2020-10-13 11:15:07 - [TEST_STEP][PASSED] - pages.Bureau_Login_Page.loginToAdminSite(AdminUsername, AdminPassword): Quicksti.ts:Clicked on the LOGIN

2020-10-13 11:15:07 - [MESSAGE][PASSED] - Object 'Object Repository/CERTPAY_ADMIN/USER_NAME' is present

2020-10-13 11:15:08 - [MESSAGE][PASSED] - Object 'Object Repository/CERTPAY_ADMIN/USER_NAME' is visible

2020-10-13 11:15:08 - [MESSAGE][PASSED] - Object 'Object Repository/CERTPAY_ADMIN/USER_NAME' is present

2020-10-13 11:15:09 - [MESSAGE][PASSED] - Text 'VVangiliappan' is set on object 'Object Repository/CERTPAY_ADMIN/USER_NAME'

2020-10-13 11:15:09 - [MESSAGE][PASSED] - Quicksti.ts:Entered'VVangiliappan into username

2020-10-13 11:15:09 - [MESSAGE][PASSED] - Object 'Object Repository/CERTPAY_ADMIN/PASSWORD' is present

2020-10-13 11:15:10 - [MESSAGE][PASSED] - Object 'Object Repository/CERTPAY_ADMIN/PASSWORD' is visible

2020-10-13 11:15:10 - [MESSAGE][PASSED] - Object 'Object Repository/CERTPAY_ADMIN/PASSWORD' is present

2020-10-13 11:15:11 - [MESSAGE][PASSED] - Text 'Test@123' is set on object 'Object Repository/CERTPAY_ADMIN/PASSWORD'

2020-10-13 11:15:11 - [MESSAGE][PASSED] - Quicksti.ts:Entered'Test@123 into password

2020-10-13 11:15:11 - [MESSAGE][INFO] - safeClicking

2020-10-13 11:15:12 - [MESSAGE][PASSED] - Object 'Object Repository/CERTPAY_ADMIN/LOGIN_BUTTON' is present

2020-10-13 11:15:12 - [MESSAGE][PASSED] - Object 'Object Repository/CERTPAY_ADMIN/LOGIN_BUTTON' is clickable

2020-10-13 11:15:19 - [MESSAGE][PASSED] - Object: 'Object Repository/CERTPAY_ADMIN/LOGIN_BUTTON' is clicked on

2020-10-13 11:15:19 - [MESSAGE][PASSED] - Quicksti.ts:Clicked on the LOGIN

2020-10-13 11:15:19 - [TEST_STEP][PASSED] - utilities.SafeActions.safeClick(findTestObject("CERTPAY_ADMIN/TRANSACTION_MENU"), "TransactionMenu", [pageLoadTime]): Quicksti.ts:Clicked on the TransactionMenu

2020-10-13 11:15:19 - [MESSAGE][INFO] - safeClicking

2020-10-13 11:15:20 - [MESSAGE][PASSED] - Object 'Object Repository/CERTPAY_ADMIN/TRANSACTION_MENU' is present

2020-10-13 11:15:20 - [MESSAGE][PASSED] - Object 'Object Repository/CERTPAY_ADMIN/TRANSACTION_MENU' is clickable

2020-10-13 11:15:21 - [MESSAGE][PASSED] - Object: 'Object Repository/CERTPAY_ADMIN/TRANSACTION_MENU' is clicked on

2020-10-13 11:15:21 - [MESSAGE][PASSED] - Quicksti.ts:Clicked on the TransactionMenu

2020-10-13 11:15:21 - [TEST_STEP][PASSED] - utilities.SafeActions.safeClick(findTestObject("CERTPAY_ADMIN/TRANSACTION_SEARCH"), "TransactionSearch", [pageLoadTime]): Quicksti.ts:Clicked on the TransactionSearch

2020-10-13 11:15:21 - [MESSAGE][INFO] - safeClicking

2020-10-13 11:15:21 - [MESSAGE][PASSED] - Object 'Object Repository/CERTPAY_ADMIN/TRANSACTION_SEARCH' is present

2020-10-13 11:15:22 - [MESSAGE][PASSED] - Object 'Object Repository/CERTPAY_ADMIN/TRANSACTION_SEARCH' is clickable

2020-10-13 11:15:24 - [MESSAGE][PASSED] - Object: 'Object Repository/CERTPAY_ADMIN/TRANSACTION_SEARCH' is clicked on

2020-10-13 11:15:24 - [MESSAGE][PASSED] - Quicksti.ts:Clicked on the TransactionSearch

2020-10-13 11:15:24 - [TEST_STEP][PASSED] - utilities.SafeActions.safeType(findTestObject("CERTPAY_ADMIN/PAYMENT_ID"), PaymentId, "Payment id", [pageLoadTime]): Quicksti.ts:Entered'100176127346 into Payment id

2020-10-13 11:15:25 - [MESSAGE][PASSED] - Object 'Object Repository/CERTPAY_ADMIN/PAYMENT_ID' is present

2020-10-13 11:15:25 - [MESSAGE][PASSED] - Object 'Object Repository/CERTPAY_ADMIN/PAYMENT_ID' is visible

2020-10-13 11:15:25 - [MESSAGE][PASSED] - Object 'Object Repository/CERTPAY_ADMIN/PAYMENT_ID' is present

2020-10-13 11:15:27 - [MESSAGE][PASSED] - Text '100176127346' is set on object 'Object Repository/CERTPAY_ADMIN/PAYMENT_ID'

2020-10-13 11:15:27 - [MESSAGE][PASSED] - Quicksti.ts:Entered'100176127346 into Payment id

2020-10-13 11:15:27 - [TEST_STEP][PASSED] - utilities.SafeActions.safeClick(findTestObject("CERTPAY_ADMIN/GO_BUTTON"), "Go button", [pageLoadTime]): Quicksti.ts:Clicked on the Go button

2020-10-13 11:15:27 - [MESSAGE][INFO] - safeClicking

2020-10-13 11:15:27 - [MESSAGE][PASSED] - Object 'Object Repository/CERTPAY_ADMIN/GO_BUTTON' is present

2020-10-13 11:15:27 - [MESSAGE][PASSED] - Object 'Object Repository/CERTPAY_ADMIN/GO_BUTTON' is clickable

2020-10-13 11:15:30 - [MESSAGE][PASSED] - Object: 'Object Repository/CERTPAY_ADMIN/GO_BUTTON' is clicked on

2020-10-13 11:15:30 - [MESSAGE][PASSED] - Quicksti.ts:Clicked on the Go button

2020-10-13 11:15:30 - [TEST_STEP][PASSED] - delay(5): Delayed 5 second(s)

2020-10-13 11:15:35 - [MESSAGE][PASSED] - Delayed 5 second(s)

2020-10-13 11:15:35 - [TEST_STEP][PASSED] - scrollToPosition(800, 900): Browser is scrolled to position x = 800, y = 900

2020-10-13 11:15:35 - [MESSAGE][PASSED] - Browser is scrolled to position x = 800, y = 900

2020-10-13 11:15:35 - [TEST_STEP][PASSED] - firstName = data.getValue("FirstName", index): null

2020-10-13 11:15:35 - [TEST_STEP][PASSED] - lastName = data.getValue("LastName", index): null

2020-10-13 11:15:35 - [TEST_STEP][PASSED] - expMonth = data.getValue("ExpMonth", index): null

2020-10-13 11:15:35 - [TEST_STEP][PASSED] - expYear = data.getValue("ExpYear", index): null

2020-10-13 11:15:35 - [TEST_STEP][PASSED] - securityCode = data.getValue("SecurityCode", index): null

2020-10-13 11:15:35 - [TEST_STEP][PASSED] - paymentAmount = data.getValue("PaymentAmount", index): null

2020-10-13 11:15:35 - [TEST_STEP][PASSED] - paymentType = data.getValue("PaymentType", index): null

2020-10-13 11:15:35 - [TEST_STEP][PASSED] - quantity = data.getValue("Quantity", index): null

2020-10-13 11:15:35 - [TEST_STEP][PASSED] - comments = data.getValue("Comments", index): null

2020-10-13 11:15:35 - [TEST_STEP][PASSED] - referenceNum = data.getValue("ReferenceNum", index): null

2020-10-13 11:15:35 - [TEST_STEP][PASSED] - address = data.getValue("Address", index): null

2020-10-13 11:15:35 - [TEST_STEP][PASSED] - zipCode = data.getValue("Zipcode", index): null

2020-10-13 11:15:35 - [TEST_STEP][PASSED] - telephone = data.getValue("Telephone", index): null

2020-10-13 11:15:35 - [TEST_STEP][PASSED] - emailAddress = data.getValue("EmailAddress", index): null

2020-10-13 11:15:35 - [TEST_STEP][PASSED] - cardNum = data.getValue("CardNumber", index): null

2020-10-13 11:15:35 - [TEST_STEP][PASSED] - cardType = data.getValue("CardType", index): null

2020-10-13 11:15:35 - [TEST_STEP][PASSED] - utilities.SafeActions.openBrowser(Quicksti_Url, [pageLoadTime]): Browser launched successfully

2020-10-13 11:15:35 - [MESSAGE][INFO] - Opening Browser

2020-10-13 11:15:35 - [MESSAGE][WARNING] - A browser is already opened. Closing browser and opening a new one

2020-10-13 11:15:36 - [MESSAGE][INFO] - Starting 'Chrome' driver

2020-10-13 11:15:48 - [MESSAGE][PASSED] - Browser is opened with url: 'https://qa-certpayquicksti.faps.net/'

2020-10-13 11:15:50 - [MESSAGE][PASSED] - Current window maximized

2020-10-13 11:15:50 - [MESSAGE][PASSED] - Browser launched successfully

2020-10-13 11:15:50 - [TEST_STEP][PASSED] - utilities.SafeActions.safeCheck(findTestObject("CERTPAY_QUICKSTI/Login_ Page/MULTI_BUREAU_CHECKBOX"), "Multi Bureau", [pageLoadTime]): Quicksti.ts:Checkbox 'Multi Bureau'is selected

2020-10-13 11:15:51 - [MESSAGE][PASSED] - Object 'Object Repository/CERTPAY_QUICKSTI/Login_ Page/MULTI_BUREAU_CHECKBOX' is present

2020-10-13 11:15:52 - [MESSAGE][PASSED] - Object 'Object Repository/CERTPAY_QUICKSTI/Login_ Page/MULTI_BUREAU_CHECKBOX' is present

2020-10-13 11:15:53 - [MESSAGE][PASSED] - Object: 'Object Repository/CERTPAY_QUICKSTI/Login_ Page/MULTI_BUREAU_CHECKBOX' is clicked on

2020-10-13 11:15:53 - [MESSAGE][PASSED] - Quicksti.ts:Checkbox 'Multi Bureau'is selected

2020-10-13 11:15:53 - [TEST_STEP][PASSED] - utilities.SafeActions.safeType(findTestObject("CERTPAY_QUICKSTI/Login_ Page/TELLER_ID"), teller_id, "Bureau code", [pageLoadTime]): Quicksti.ts:Entered'zenq into Bureau code

2020-10-13 11:15:54 - [MESSAGE][PASSED] - Object 'Object Repository/CERTPAY_QUICKSTI/Login_ Page/TELLER_ID' is present

2020-10-13 11:15:54 - [MESSAGE][PASSED] - Object 'Object Repository/CERTPAY_QUICKSTI/Login_ Page/TELLER_ID' is visible

2020-10-13 11:15:55 - [MESSAGE][PASSED] - Object 'Object Repository/CERTPAY_QUICKSTI/Login_ Page/TELLER_ID' is present

2020-10-13 11:15:56 - [MESSAGE][PASSED] - Text 'zenq' is set on object 'Object Repository/CERTPAY_QUICKSTI/Login_ Page/TELLER_ID'

2020-10-13 11:15:56 - [MESSAGE][PASSED] - Quicksti.ts:Entered'zenq into Bureau code

2020-10-13 11:15:56 - [TEST_STEP][PASSED] - utilities.SafeActions.safeClick(findTestObject("CERTPAY_QUICKSTI/Login_ Page/NEXT_BUTTON"), "Next button", [pageLoadTime]): Quicksti.ts:Clicked on the Next button

2020-10-13 11:15:56 - [MESSAGE][INFO] - safeClicking

2020-10-13 11:15:56 - [MESSAGE][PASSED] - Object 'Object Repository/CERTPAY_QUICKSTI/Login_ Page/NEXT_BUTTON' is present

2020-10-13 11:15:56 - [MESSAGE][PASSED] - Object 'Object Repository/CERTPAY_QUICKSTI/Login_ Page/NEXT_BUTTON' is clickable

2020-10-13 11:16:01 - [MESSAGE][PASSED] - Object: 'Object Repository/CERTPAY_QUICKSTI/Login_ Page/NEXT_BUTTON' is clicked on

2020-10-13 11:16:01 - [MESSAGE][PASSED] - Quicksti.ts:Clicked on the Next button

2020-10-13 11:16:01 - [TEST_STEP][PASSED] - pages.Quicksti.setCommnets("0", "0", comments): Quicksti.ts:Entered'Testing into Comments

2020-10-13 11:16:01 - [MESSAGE][PASSED] - Object '' is present

2020-10-13 11:16:01 - [MESSAGE][PASSED] - Object '' is visible

2020-10-13 11:16:02 - [MESSAGE][PASSED] - Object '' is present

2020-10-13 11:16:03 - [MESSAGE][PASSED] - Text 'Testing' is set on object ''

2020-10-13 11:16:03 - [MESSAGE][PASSED] - Quicksti.ts:Entered'Testing into Comments

2020-10-13 11:16:03 - [TEST_STEP][PASSED] - utilities.SafeActions.safeType(findTestObject("CERTPAY_QUICKSTI/Payment_Information_Page/PAYMENT_AMOUNT"), paymentAmount, "Payment Amount", [pageLoadTime]): Quicksti.ts:Entered'35.00 into Payment Amount

2020-10-13 11:16:03 - [MESSAGE][PASSED] - Object 'Object Repository/CERTPAY_QUICKSTI/Payment_Information_Page/PAYMENT_AMOUNT' is present

2020-10-13 11:16:04 - [MESSAGE][PASSED] - Object 'Object Repository/CERTPAY_QUICKSTI/Payment_Information_Page/PAYMENT_AMOUNT' is visible

2020-10-13 11:16:04 - [MESSAGE][PASSED] - Object 'Object Repository/CERTPAY_QUICKSTI/Payment_Information_Page/PAYMENT_AMOUNT' is present

2020-10-13 11:16:05 - [MESSAGE][PASSED] - Text '35.00' is set on object 'Object Repository/CERTPAY_QUICKSTI/Payment_Information_Page/PAYMENT_AMOUNT'

2020-10-13 11:16:05 - [MESSAGE][PASSED] - Quicksti.ts:Entered'35.00 into Payment Amount

2020-10-13 11:16:05 - [TEST_STEP][PASSED] - pages.Quicksti.setAmountDetailsForMultiBureau("0", paymentType, "0", referenceNum, quantity): Quicksti.ts:Entered'1 into Quntity

2020-10-13 11:16:06 - [MESSAGE][PASSED] - Object '' is visible

2020-10-13 11:16:06 - [MESSAGE][PASSED] - Object '' is present

2020-10-13 11:16:08 - [MESSAGE][PASSED] - Object: '' is clicked on

2020-10-13 11:16:09 - [MESSAGE][PASSED] - All options with label 'Taxes' are selected in object ''  using regular expression

2020-10-13 11:16:09 - [MESSAGE][PASSED] - selected dropdown option by visible text  Taxesfrom Payment Type

2020-10-13 11:16:09 - [MESSAGE][PASSED] - Object '' is present

2020-10-13 11:16:09 - [MESSAGE][PASSED] - Object '' is visible

2020-10-13 11:16:10 - [MESSAGE][PASSED] - Object '' is present

2020-10-13 11:16:11 - [MESSAGE][PASSED] - Text '11' is set on object ''

2020-10-13 11:16:11 - [MESSAGE][PASSED] - Quicksti.ts:Entered'11 into RefrenceNumber

2020-10-13 11:16:11 - [MESSAGE][PASSED] - Object '' is present

2020-10-13 11:16:12 - [MESSAGE][PASSED] - Object '' is visible

2020-10-13 11:16:12 - [MESSAGE][PASSED] - Object '' is present

2020-10-13 11:16:13 - [MESSAGE][PASSED] - Text '1' is set on object ''

2020-10-13 11:16:13 - [MESSAGE][PASSED] - Quicksti.ts:Entered'1 into Quntity

2020-10-13 11:16:13 - [TEST_STEP][PASSED] - utilities.SafeActions.safeType(findTestObject("CERTPAY_QUICKSTI/Payment_Information_Page/MULTIBUREAU_PAYMENT_AMOUNT"), paymentAmount, "Payment Amount", [pageLoadTime]): Quicksti.ts:Entered'35.00 into Payment Amount

2020-10-13 11:16:14 - [MESSAGE][PASSED] - Object 'Object Repository/CERTPAY_QUICKSTI/Payment_Information_Page/MULTIBUREAU_PAYMENT_AMOUNT' is present

2020-10-13 11:16:14 - [MESSAGE][PASSED] - Object 'Object Repository/CERTPAY_QUICKSTI/Payment_Information_Page/MULTIBUREAU_PAYMENT_AMOUNT' is visible

2020-10-13 11:16:14 - [MESSAGE][PASSED] - Object 'Object Repository/CERTPAY_QUICKSTI/Payment_Information_Page/MULTIBUREAU_PAYMENT_AMOUNT' is present

2020-10-13 11:16:16 - [MESSAGE][PASSED] - Text '35.00' is set on object 'Object Repository/CERTPAY_QUICKSTI/Payment_Information_Page/MULTIBUREAU_PAYMENT_AMOUNT'

2020-10-13 11:16:16 - [MESSAGE][PASSED] - Quicksti.ts:Entered'35.00 into Payment Amount

2020-10-13 11:16:16 - [TEST_STEP][PASSED] - pages.Quicksti.setAmountDetailsForMultiBureau("0", "Registration Fees", "1", referenceNum, quantity): Quicksti.ts:Entered'1 into Quntity

2020-10-13 11:16:16 - [MESSAGE][PASSED] - Object '' is visible

2020-10-13 11:16:17 - [MESSAGE][PASSED] - Object '' is present

2020-10-13 11:16:18 - [MESSAGE][PASSED] - Object: '' is clicked on

2020-10-13 11:16:19 - [MESSAGE][PASSED] - All options with label 'Registration Fees' are selected in object ''  using regular expression

2020-10-13 11:16:19 - [MESSAGE][PASSED] - selected dropdown option by visible text  Registration Feesfrom Payment Type

2020-10-13 11:16:19 - [MESSAGE][PASSED] - Object '' is present

2020-10-13 11:16:19 - [MESSAGE][PASSED] - Object '' is visible

2020-10-13 11:16:20 - [MESSAGE][PASSED] - Object '' is present

2020-10-13 11:16:21 - [MESSAGE][PASSED] - Text '11' is set on object ''

2020-10-13 11:16:21 - [MESSAGE][PASSED] - Quicksti.ts:Entered'11 into RefrenceNumber

2020-10-13 11:16:21 - [MESSAGE][PASSED] - Object '' is present

2020-10-13 11:16:22 - [MESSAGE][PASSED] - Object '' is visible

2020-10-13 11:16:22 - [MESSAGE][PASSED] - Object '' is present

2020-10-13 11:16:23 - [MESSAGE][PASSED] - Text '1' is set on object ''

2020-10-13 11:16:23 - [MESSAGE][PASSED] - Quicksti.ts:Entered'1 into Quntity

2020-10-13 11:16:23 - [TEST_STEP][PASSED] - utilities.SafeActions.safeType(findTestObject("CERTPAY_QUICKSTI/Payment_Information_Page/MULTIBUREAU_PAY_AMOUNT2"), paymentAmount, "Payment Amount", [pageLoadTime]): Quicksti.ts:Entered'35.00 into Payment Amount

2020-10-13 11:16:24 - [MESSAGE][PASSED] - Object 'Object Repository/CERTPAY_QUICKSTI/Payment_Information_Page/MULTIBUREAU_PAY_AMOUNT2' is present

2020-10-13 11:16:24 - [MESSAGE][PASSED] - Object 'Object Repository/CERTPAY_QUICKSTI/Payment_Information_Page/MULTIBUREAU_PAY_AMOUNT2' is visible

2020-10-13 11:16:24 - [MESSAGE][PASSED] - Object 'Object Repository/CERTPAY_QUICKSTI/Payment_Information_Page/MULTIBUREAU_PAY_AMOUNT2' is present

2020-10-13 11:16:26 - [MESSAGE][PASSED] - Text '35.00' is set on object 'Object Repository/CERTPAY_QUICKSTI/Payment_Information_Page/MULTIBUREAU_PAY_AMOUNT2'

2020-10-13 11:16:26 - [MESSAGE][PASSED] - Quicksti.ts:Entered'35.00 into Payment Amount

2020-10-13 11:16:26 - [TEST_STEP][PASSED] - pages.Quicksti.setCommnets("2", "0", "Tester"): Quicksti.ts:Entered'Tester into Comments

2020-10-13 11:16:26 - [MESSAGE][PASSED] - Object '' is present

2020-10-13 11:16:26 - [MESSAGE][PASSED] - Object '' is visible

2020-10-13 11:16:27 - [MESSAGE][PASSED] - Object '' is present

2020-10-13 11:16:28 - [MESSAGE][PASSED] - Text 'Tester' is set on object ''

2020-10-13 11:16:28 - [MESSAGE][PASSED] - Quicksti.ts:Entered'Tester into Comments

2020-10-13 11:16:28 - [TEST_STEP][PASSED] - pages.Quicksti.setAmountDetailsForMultiBureau("0", "Vehicles", "2", referenceNum, quantity): Quicksti.ts:Entered'1 into Quntity

2020-10-13 11:16:28 - [MESSAGE][PASSED] - Object '' is visible

2020-10-13 11:16:29 - [MESSAGE][PASSED] - Object '' is present

2020-10-13 11:16:30 - [MESSAGE][PASSED] - Object: '' is clicked on

2020-10-13 11:16:31 - [MESSAGE][PASSED] - All options with label 'Vehicles' are selected in object ''  using regular expression

2020-10-13 11:16:31 - [MESSAGE][PASSED] - selected dropdown option by visible text  Vehiclesfrom Payment Type

2020-10-13 11:16:32 - [MESSAGE][PASSED] - Object '' is present

2020-10-13 11:16:32 - [MESSAGE][PASSED] - Object '' is visible

2020-10-13 11:16:32 - [MESSAGE][PASSED] - Object '' is present

2020-10-13 11:16:34 - [MESSAGE][PASSED] - Text '11' is set on object ''

2020-10-13 11:16:34 - [MESSAGE][PASSED] - Quicksti.ts:Entered'11 into RefrenceNumber

2020-10-13 11:16:34 - [MESSAGE][PASSED] - Object '' is present

2020-10-13 11:16:34 - [MESSAGE][PASSED] - Object '' is visible

2020-10-13 11:16:34 - [MESSAGE][PASSED] - Object '' is present

2020-10-13 11:16:36 - [MESSAGE][PASSED] - Text '1' is set on object ''

2020-10-13 11:16:36 - [MESSAGE][PASSED] - Quicksti.ts:Entered'1 into Quntity

2020-10-13 11:16:36 - [TEST_STEP][PASSED] - utilities.SafeActions.safeClick(findTestObject("CERTPAY_QUICKSTI/Payment_Information_Page/MANUAL_ENTRY_BUTTON"), "ManualEntry", [pageLoadTime]): Quicksti.ts:Clicked on the ManualEntry

2020-10-13 11:16:36 - [MESSAGE][INFO] - safeClicking

2020-10-13 11:16:36 - [MESSAGE][PASSED] - Object 'Object Repository/CERTPAY_QUICKSTI/Payment_Information_Page/MANUAL_ENTRY_BUTTON' is present

2020-10-13 11:16:37 - [MESSAGE][PASSED] - Object 'Object Repository/CERTPAY_QUICKSTI/Payment_Information_Page/MANUAL_ENTRY_BUTTON' is clickable

2020-10-13 11:16:40 - [MESSAGE][PASSED] - Object: 'Object Repository/CERTPAY_QUICKSTI/Payment_Information_Page/MANUAL_ENTRY_BUTTON' is clicked on

2020-10-13 11:16:40 - [MESSAGE][PASSED] - Quicksti.ts:Clicked on the ManualEntry

2020-10-13 11:16:40 - [TEST_STEP][PASSED] - amount_Value = pages.Quicksti.getAttributeValue(findTestObject("CERTPAY_QUICKSTI/Payment_Information_Page/SUB_TOTAL")): pages.Quicksti.getAttributeValue is PASSED

2020-10-13 11:16:41 - [MESSAGE][PASSED] - Attribute 'value' of object 'Object Repository/CERTPAY_QUICKSTI/Payment_Information_Page/SUB_TOTAL' is: '35.00'

2020-10-13 11:16:41 - [MESSAGE][PASSED] - pages.Quicksti.getAttributeValue is PASSED

2020-10-13 11:16:41 - [TEST_STEP][PASSED] - CardNumber = pages.Quicksti.setUserPaymentDetails(firstName, lastName, cardNum): Quicksti.ts:Entered'374245003731006 into CardNum

2020-10-13 11:16:41 - [MESSAGE][PASSED] - Object 'Object Repository/CERTPAY_QUICKSTI/Payment_Information_Page/FIRST_NAME' is present

2020-10-13 11:16:41 - [MESSAGE][PASSED] - Object 'Object Repository/CERTPAY_QUICKSTI/Payment_Information_Page/FIRST_NAME' is visible

2020-10-13 11:16:42 - [MESSAGE][PASSED] - Object 'Object Repository/CERTPAY_QUICKSTI/Payment_Information_Page/FIRST_NAME' is present

2020-10-13 11:16:43 - [MESSAGE][PASSED] - Text 'Tester' is set on object 'Object Repository/CERTPAY_QUICKSTI/Payment_Information_Page/FIRST_NAME'

2020-10-13 11:16:43 - [MESSAGE][PASSED] - Quicksti.ts:Entered'Tester into FirstName

2020-10-13 11:16:43 - [MESSAGE][PASSED] - Object 'Object Repository/CERTPAY_QUICKSTI/Payment_Information_Page/LAST_NAME' is present

2020-10-13 11:16:44 - [MESSAGE][PASSED] - Object 'Object Repository/CERTPAY_QUICKSTI/Payment_Information_Page/LAST_NAME' is visible

2020-10-13 11:16:44 - [MESSAGE][PASSED] - Object 'Object Repository/CERTPAY_QUICKSTI/Payment_Information_Page/LAST_NAME' is present

2020-10-13 11:16:45 - [MESSAGE][PASSED] - Text 'Zenq1' is set on object 'Object Repository/CERTPAY_QUICKSTI/Payment_Information_Page/LAST_NAME'

2020-10-13 11:16:45 - [MESSAGE][PASSED] - Quicksti.ts:Entered'Zenq1 into LAstName

2020-10-13 11:16:46 - [MESSAGE][PASSED] - Object 'Object Repository/CERTPAY_QUICKSTI/Payment_Information_Page/CARD_NUMBER' is present

2020-10-13 11:16:46 - [MESSAGE][PASSED] - Object 'Object Repository/CERTPAY_QUICKSTI/Payment_Information_Page/CARD_NUMBER' is visible

2020-10-13 11:16:46 - [MESSAGE][PASSED] - Object 'Object Repository/CERTPAY_QUICKSTI/Payment_Information_Page/CARD_NUMBER' is present

2020-10-13 11:16:48 - [MESSAGE][PASSED] - Text '374245003731006' is set on object 'Object Repository/CERTPAY_QUICKSTI/Payment_Information_Page/CARD_NUMBER'

2020-10-13 11:16:48 - [MESSAGE][PASSED] - Quicksti.ts:Entered'374245003731006 into CardNum

2020-10-13 11:16:48 - [TEST_STEP][PASSED] - pages.Quicksti.setExpDate(expMonth, expYear, securityCode): Quicksti.ts:Entered'111 into securityCode

2020-10-13 11:16:48 - [MESSAGE][PASSED] - Object 'Object Repository/CERTPAY_QUICKSTI/Payment_Information_Page/EXP_MONTH' is visible

2020-10-13 11:16:48 - [MESSAGE][PASSED] - Object 'Object Repository/CERTPAY_QUICKSTI/Payment_Information_Page/EXP_MONTH' is present

2020-10-13 11:16:49 - [MESSAGE][PASSED] - Object: 'Object Repository/CERTPAY_QUICKSTI/Payment_Information_Page/EXP_MONTH' is clicked on

2020-10-13 11:16:51 - [MESSAGE][PASSED] - All options with label '05' are selected in object 'Object Repository/CERTPAY_QUICKSTI/Payment_Information_Page/EXP_MONTH'  using regular expression

2020-10-13 11:16:51 - [MESSAGE][PASSED] - selected dropdown option by visible text  05from expMonth

2020-10-13 11:16:51 - [MESSAGE][PASSED] - Object 'Object Repository/CERTPAY_QUICKSTI/Payment_Information_Page/EXP_YEAR' is visible

2020-10-13 11:16:51 - [MESSAGE][PASSED] - Object 'Object Repository/CERTPAY_QUICKSTI/Payment_Information_Page/EXP_YEAR' is present

2020-10-13 11:16:53 - [MESSAGE][PASSED] - Object: 'Object Repository/CERTPAY_QUICKSTI/Payment_Information_Page/EXP_YEAR' is clicked on

2020-10-13 11:16:54 - [MESSAGE][PASSED] - All options with label '2022' are selected in object 'Object Repository/CERTPAY_QUICKSTI/Payment_Information_Page/EXP_YEAR'  using regular expression

2020-10-13 11:16:54 - [MESSAGE][PASSED] - selected dropdown option by visible text  2022from  expYear

2020-10-13 11:16:54 - [MESSAGE][PASSED] - Object 'Object Repository/CERTPAY_QUICKSTI/Payment_Information_Page/SECURITY_CODE' is present

2020-10-13 11:16:55 - [MESSAGE][PASSED] - Object 'Object Repository/CERTPAY_QUICKSTI/Payment_Information_Page/SECURITY_CODE' is visible

2020-10-13 11:16:55 - [MESSAGE][PASSED] - Object 'Object Repository/CERTPAY_QUICKSTI/Payment_Information_Page/SECURITY_CODE' is present

2020-10-13 11:16:56 - [MESSAGE][PASSED] - Text '111' is set on object 'Object Repository/CERTPAY_QUICKSTI/Payment_Information_Page/SECURITY_CODE'

2020-10-13 11:16:56 - [MESSAGE][PASSED] - Quicksti.ts:Entered'111 into securityCode

2020-10-13 11:16:56 - [TEST_STEP][PASSED] - utilities.SafeActions.safeType(findTestObject("CERTPAY_QUICKSTI/Payment_Information_Page/ADDRESS"), address, "Address", [pageLoadTime]): Quicksti.ts:Entered'14-2 into Address

2020-10-13 11:16:57 - [MESSAGE][PASSED] - Object 'Object Repository/CERTPAY_QUICKSTI/Payment_Information_Page/ADDRESS' is present

2020-10-13 11:16:57 - [MESSAGE][PASSED] - Object 'Object Repository/CERTPAY_QUICKSTI/Payment_Information_Page/ADDRESS' is visible

2020-10-13 11:16:57 - [MESSAGE][PASSED] - Object 'Object Repository/CERTPAY_QUICKSTI/Payment_Information_Page/ADDRESS' is present

2020-10-13 11:16:59 - [MESSAGE][PASSED] - Text '14-2' is set on object 'Object Repository/CERTPAY_QUICKSTI/Payment_Information_Page/ADDRESS'

2020-10-13 11:16:59 - [MESSAGE][PASSED] - Quicksti.ts:Entered'14-2 into Address

2020-10-13 11:16:59 - [TEST_STEP][PASSED] - utilities.SafeActions.safeType(findTestObject("CERTPAY_QUICKSTI/Payment_Information_Page/ZIP_CODE"), zipCode, "zipcode", [pageLoadTime]): Quicksti.ts:Entered'76102 into zipcode

2020-10-13 11:16:59 - [MESSAGE][PASSED] - Object 'Object Repository/CERTPAY_QUICKSTI/Payment_Information_Page/ZIP_CODE' is present

2020-10-13 11:16:59 - [MESSAGE][PASSED] - Object 'Object Repository/CERTPAY_QUICKSTI/Payment_Information_Page/ZIP_CODE' is visible

2020-10-13 11:17:00 - [MESSAGE][PASSED] - Object 'Object Repository/CERTPAY_QUICKSTI/Payment_Information_Page/ZIP_CODE' is present

2020-10-13 11:17:01 - [MESSAGE][PASSED] - Text '76102' is set on object 'Object Repository/CERTPAY_QUICKSTI/Payment_Information_Page/ZIP_CODE'

2020-10-13 11:17:01 - [MESSAGE][PASSED] - Quicksti.ts:Entered'76102 into zipcode

2020-10-13 11:17:01 - [TEST_STEP][PASSED] - utilities.SafeActions.safeType(findTestObject("CERTPAY_QUICKSTI/Payment_Information_Page/TELEPHONE"), telephone, "Telephone", [pageLoadTime]): Quicksti.ts:Entered'9989897654 into Telephone

2020-10-13 11:17:01 - [MESSAGE][PASSED] - Object 'Object Repository/CERTPAY_QUICKSTI/Payment_Information_Page/TELEPHONE' is present

2020-10-13 11:17:02 - [MESSAGE][PASSED] - Object 'Object Repository/CERTPAY_QUICKSTI/Payment_Information_Page/TELEPHONE' is visible

2020-10-13 11:17:02 - [MESSAGE][PASSED] - Object 'Object Repository/CERTPAY_QUICKSTI/Payment_Information_Page/TELEPHONE' is present

2020-10-13 11:17:03 - [MESSAGE][PASSED] - Text '9989897654' is set on object 'Object Repository/CERTPAY_QUICKSTI/Payment_Information_Page/TELEPHONE'

2020-10-13 11:17:03 - [MESSAGE][PASSED] - Quicksti.ts:Entered'9989897654 into Telephone

2020-10-13 11:17:03 - [TEST_STEP][PASSED] - utilities.SafeActions.safeType(findTestObject("CERTPAY_QUICKSTI/Payment_Information_Page/EMAIL_ADDRESS"), emailAddress, "EMAIL address", [pageLoadTime]): Quicksti.ts:Entered'testing@zenq.com into EMAIL address

2020-10-13 11:17:04 - [MESSAGE][PASSED] - Object 'Object Repository/CERTPAY_QUICKSTI/Payment_Information_Page/EMAIL_ADDRESS' is present

2020-10-13 11:17:04 - [MESSAGE][PASSED] - Object 'Object Repository/CERTPAY_QUICKSTI/Payment_Information_Page/EMAIL_ADDRESS' is visible

2020-10-13 11:17:04 - [MESSAGE][PASSED] - Object 'Object Repository/CERTPAY_QUICKSTI/Payment_Information_Page/EMAIL_ADDRESS' is present

2020-10-13 11:17:06 - [MESSAGE][PASSED] - Text 'testing@zenq.com' is set on object 'Object Repository/CERTPAY_QUICKSTI/Payment_Information_Page/EMAIL_ADDRESS'

2020-10-13 11:17:06 - [MESSAGE][PASSED] - Quicksti.ts:Entered'testing@zenq.com into EMAIL address

2020-10-13 11:17:06 - [TEST_STEP][PASSED] - utilities.SafeActions.safeClick(findTestObject("CERTPAY_QUICKSTI/Payment_Information_Page/NEXT_BUTTON"), "Next", [pageLoadTime]): Quicksti.ts:Clicked on the Next

2020-10-13 11:17:06 - [MESSAGE][INFO] - safeClicking

2020-10-13 11:17:06 - [MESSAGE][PASSED] - Object 'Object Repository/CERTPAY_QUICKSTI/Payment_Information_Page/NEXT_BUTTON' is present

2020-10-13 11:17:06 - [MESSAGE][PASSED] - Object 'Object Repository/CERTPAY_QUICKSTI/Payment_Information_Page/NEXT_BUTTON' is clickable

2020-10-13 11:17:09 - [MESSAGE][PASSED] - Object: 'Object Repository/CERTPAY_QUICKSTI/Payment_Information_Page/NEXT_BUTTON' is clicked on

2020-10-13 11:17:09 - [MESSAGE][PASSED] - Quicksti.ts:Clicked on the Next

2020-10-13 11:17:09 - [TEST_STEP][PASSED] - pages.Quicksti.verifyUserPaymentDetails(paymentAmount, firstName, lastName, CardNumber): pages.Quicksti.verifyUserPaymentDetails is PASSED

2020-10-13 11:17:10 - [MESSAGE][PASSED] - Text of object 'Object Repository/CERTPAY_QUICKSTI/Payment_Details_Verification_Page/AMOUNT' is: '$35.00'

2020-10-13 11:17:10 - [MESSAGE][PASSED] - Actual text '35.00' and expected text '35.00' are matched  using regular expression

2020-10-13 11:17:11 - [MESSAGE][PASSED] - Text of object 'Object Repository/CERTPAY_QUICKSTI/Payment_Details_Verification_Page/NAME' is: 'Tester Zenq1'

2020-10-13 11:17:11 - [MESSAGE][PASSED] - Actual text 'Tester Zenq1' and expected text 'Tester Zenq1' are matched  using regular expression

2020-10-13 11:17:11 - [MESSAGE][PASSED] - Text of object 'Object Repository/CERTPAY_QUICKSTI/Payment_Details_Verification_Page/CARD_NUMBER' is: '...1006'

2020-10-13 11:17:11 - [MESSAGE][PASSED] - Actual text '1006' and expected text '1006' are matched  using regular expression

2020-10-13 11:17:11 - [MESSAGE][PASSED] - pages.Quicksti.verifyUserPaymentDetails is PASSED

2020-10-13 11:17:11 - [TEST_STEP][PASSED] - delay(2): Delayed 2 second(s)

2020-10-13 11:17:13 - [MESSAGE][PASSED] - Delayed 2 second(s)

2020-10-13 11:17:13 - [TEST_STEP][PASSED] - scrollToElement(findTestObject("CERTPAY_QUICKSTI/Payment_Details_Verification_Page/PROCESS"), 0): Scroll to object 'Object Repository/CERTPAY_QUICKSTI/Payment_Details_Verification_Page/PROCESS' successfully

2020-10-13 11:17:13 - [MESSAGE][WARNING] - Timeout '0' is invalid. Using default page load timeout: '30'

2020-10-13 11:17:13 - [MESSAGE][PASSED] - Scroll to object 'Object Repository/CERTPAY_QUICKSTI/Payment_Details_Verification_Page/PROCESS' successfully

2020-10-13 11:17:13 - [TEST_STEP][PASSED] - utilities.SafeActions.safeClick(findTestObject("CERTPAY_QUICKSTI/Payment_Details_Verification_Page/PROCESS"), "Process", [pageLoadTime]): Quicksti.ts:Clicked on the Process

2020-10-13 11:17:13 - [MESSAGE][INFO] - safeClicking

2020-10-13 11:17:14 - [MESSAGE][PASSED] - Object 'Object Repository/CERTPAY_QUICKSTI/Payment_Details_Verification_Page/PROCESS' is present

2020-10-13 11:17:14 - [MESSAGE][PASSED] - Object 'Object Repository/CERTPAY_QUICKSTI/Payment_Details_Verification_Page/PROCESS' is clickable

2020-10-13 11:17:20 - [MESSAGE][PASSED] - Object: 'Object Repository/CERTPAY_QUICKSTI/Payment_Details_Verification_Page/PROCESS' is clicked on

2020-10-13 11:17:20 - [MESSAGE][PASSED] - Quicksti.ts:Clicked on the Process

2020-10-13 11:17:20 - [TEST_STEP][PASSED] - PaymentId = pages.Quicksti.verifyPaymentApproval(findTestObject("CERTPAY_QUICKSTI/Payment_Details_Verification_Page/APPROVED")): Payment is approved

2020-10-13 11:17:20 - [MESSAGE][PASSED] - Text of object 'Object Repository/CERTPAY_QUICKSTI/Payment_Details_Verification_Page/PAYMENT_ID' is: '100176127358'

2020-10-13 11:17:20 - [MESSAGE][PASSED] - Object 'Object Repository/CERTPAY_QUICKSTI/Payment_Details_Verification_Page/APPROVED' is present

2020-10-13 11:17:20 - [MESSAGE][PASSED] - Payment is approved

2020-10-13 11:17:22 - [TEST_STEP][PASSED] - navigateToUrl(Admin_url): Navigate to 'https://qa-certpayadmin.faps.net' successfully

2020-10-13 11:17:29 - [MESSAGE][PASSED] - Navigate to 'https://qa-certpayadmin.faps.net' successfully

2020-10-13 11:17:29 - [TEST_STEP][PASSED] - pages.Bureau_Login_Page.loginToAdminSite(AdminUsername, AdminPassword): Quicksti.ts:Clicked on the LOGIN

2020-10-13 11:17:30 - [MESSAGE][PASSED] - Object 'Object Repository/CERTPAY_ADMIN/USER_NAME' is present

2020-10-13 11:17:30 - [MESSAGE][PASSED] - Object 'Object Repository/CERTPAY_ADMIN/USER_NAME' is visible

2020-10-13 11:17:30 - [MESSAGE][PASSED] - Object 'Object Repository/CERTPAY_ADMIN/USER_NAME' is present

2020-10-13 11:17:32 - [MESSAGE][PASSED] - Text 'VVangiliappan' is set on object 'Object Repository/CERTPAY_ADMIN/USER_NAME'

2020-10-13 11:17:32 - [MESSAGE][PASSED] - Quicksti.ts:Entered'VVangiliappan into username

2020-10-13 11:17:32 - [MESSAGE][PASSED] - Object 'Object Repository/CERTPAY_ADMIN/PASSWORD' is present

2020-10-13 11:17:32 - [MESSAGE][PASSED] - Object 'Object Repository/CERTPAY_ADMIN/PASSWORD' is visible

2020-10-13 11:17:33 - [MESSAGE][PASSED] - Object 'Object Repository/CERTPAY_ADMIN/PASSWORD' is present

2020-10-13 11:17:34 - [MESSAGE][PASSED] - Text 'Test@123' is set on object 'Object Repository/CERTPAY_ADMIN/PASSWORD'

2020-10-13 11:17:34 - [MESSAGE][PASSED] - Quicksti.ts:Entered'Test@123 into password

2020-10-13 11:17:34 - [MESSAGE][INFO] - safeClicking

2020-10-13 11:17:34 - [MESSAGE][PASSED] - Object 'Object Repository/CERTPAY_ADMIN/LOGIN_BUTTON' is present

2020-10-13 11:17:35 - [MESSAGE][PASSED] - Object 'Object Repository/CERTPAY_ADMIN/LOGIN_BUTTON' is clickable

2020-10-13 11:17:43 - [MESSAGE][PASSED] - Object: 'Object Repository/CERTPAY_ADMIN/LOGIN_BUTTON' is clicked on

2020-10-13 11:17:43 - [MESSAGE][PASSED] - Quicksti.ts:Clicked on the LOGIN

2020-10-13 11:17:43 - [TEST_STEP][PASSED] - utilities.SafeActions.safeClick(findTestObject("CERTPAY_ADMIN/TRANSACTION_MENU"), "TransactionMenu", [pageLoadTime]): Quicksti.ts:Clicked on the TransactionMenu

2020-10-13 11:17:43 - [MESSAGE][INFO] - safeClicking

2020-10-13 11:17:43 - [MESSAGE][PASSED] - Object 'Object Repository/CERTPAY_ADMIN/TRANSACTION_MENU' is present

2020-10-13 11:17:43 - [MESSAGE][PASSED] - Object 'Object Repository/CERTPAY_ADMIN/TRANSACTION_MENU' is clickable

2020-10-13 11:17:45 - [MESSAGE][PASSED] - Object: 'Object Repository/CERTPAY_ADMIN/TRANSACTION_MENU' is clicked on

2020-10-13 11:17:45 - [MESSAGE][PASSED] - Quicksti.ts:Clicked on the TransactionMenu

2020-10-13 11:17:45 - [TEST_STEP][PASSED] - utilities.SafeActions.safeClick(findTestObject("CERTPAY_ADMIN/TRANSACTION_SEARCH"), "TransactionSearch", [pageLoadTime]): Quicksti.ts:Clicked on the TransactionSearch

2020-10-13 11:17:45 - [MESSAGE][INFO] - safeClicking

2020-10-13 11:17:45 - [MESSAGE][PASSED] - Object 'Object Repository/CERTPAY_ADMIN/TRANSACTION_SEARCH' is present

2020-10-13 11:17:45 - [MESSAGE][PASSED] - Object 'Object Repository/CERTPAY_ADMIN/TRANSACTION_SEARCH' is clickable

2020-10-13 11:17:48 - [MESSAGE][PASSED] - Object: 'Object Repository/CERTPAY_ADMIN/TRANSACTION_SEARCH' is clicked on

2020-10-13 11:17:48 - [MESSAGE][PASSED] - Quicksti.ts:Clicked on the TransactionSearch

2020-10-13 11:17:48 - [TEST_STEP][PASSED] - utilities.SafeActions.safeType(findTestObject("CERTPAY_ADMIN/PAYMENT_ID"), PaymentId, "Payment id", [pageLoadTime]): Quicksti.ts:Entered'100176127358 into Payment id

2020-10-13 11:17:49 - [MESSAGE][PASSED] - Object 'Object Repository/CERTPAY_ADMIN/PAYMENT_ID' is present

2020-10-13 11:17:49 - [MESSAGE][PASSED] - Object 'Object Repository/CERTPAY_ADMIN/PAYMENT_ID' is visible

2020-10-13 11:17:49 - [MESSAGE][PASSED] - Object 'Object Repository/CERTPAY_ADMIN/PAYMENT_ID' is present

2020-10-13 11:17:51 - [MESSAGE][PASSED] - Text '100176127358' is set on object 'Object Repository/CERTPAY_ADMIN/PAYMENT_ID'

2020-10-13 11:17:51 - [MESSAGE][PASSED] - Quicksti.ts:Entered'100176127358 into Payment id

2020-10-13 11:17:51 - [TEST_STEP][PASSED] - utilities.SafeActions.safeClick(findTestObject("CERTPAY_ADMIN/GO_BUTTON"), "Go button", [pageLoadTime]): Quicksti.ts:Clicked on the Go button

2020-10-13 11:17:51 - [MESSAGE][INFO] - safeClicking

2020-10-13 11:17:51 - [MESSAGE][PASSED] - Object 'Object Repository/CERTPAY_ADMIN/GO_BUTTON' is present

2020-10-13 11:17:51 - [MESSAGE][PASSED] - Object 'Object Repository/CERTPAY_ADMIN/GO_BUTTON' is clickable

2020-10-13 11:17:54 - [MESSAGE][PASSED] - Object: 'Object Repository/CERTPAY_ADMIN/GO_BUTTON' is clicked on

2020-10-13 11:17:54 - [MESSAGE][PASSED] - Quicksti.ts:Clicked on the Go button

2020-10-13 11:17:54 - [TEST_STEP][PASSED] - delay(5): Delayed 5 second(s)

2020-10-13 11:17:59 - [MESSAGE][PASSED] - Delayed 5 second(s)

2020-10-13 11:17:59 - [TEST_STEP][PASSED] - scrollToPosition(800, 900): Browser is scrolled to position x = 800, y = 900

2020-10-13 11:17:59 - [MESSAGE][PASSED] - Browser is scrolled to position x = 800, y = 900

2020-10-13 11:17:59 - [TEST_STEP][PASSED] - Start listener action : afterTestCase: Browser is closed

2020-10-13 11:17:59 - [TEST_STEP][PASSED] - closeBrowser(): Browser is closed

2020-10-13 11:18:00 - [MESSAGE][PASSED] - Browser is closed]]></system-out>
         <system-err><![CDATA[]]></system-err>
      </testcase>
      <testcase name="Test Cases/Certpay_Quicksti/TC_005_MultiBureauSite_MultiBureaus_MultiLinePayments" time="832.439" classname="Test Cases/Certpay_Quicksti/TC_005_MultiBureauSite_MultiBureaus_MultiLinePayments" status="PASSED">
         <system-out><![CDATA[2020-10-13 11:18:00 - [TEST_CASE][PASSED] - Test Cases/Certpay_Quicksti/TC_005_MultiBureauSite_MultiBureaus_MultiLinePayments: Test Cases/Certpay_Quicksti/TC_005_MultiBureauSite_MultiBureaus_MultiLinePayments

2020-10-13 11:18:00 - [TEST_STEP][PASSED] - Start listener action : beforeTestCase: null

2020-10-13 11:18:00 - [TEST_STEP][PASSED] - data = findTestData("Certpay/MultiBureau_MultiLine"): null

2020-10-13 11:18:01 - [TEST_STEP][PASSED] - amountList = []: null

2020-10-13 11:18:01 - [TEST_STEP][PASSED] - referenceList = []: null

2020-10-13 11:18:01 - [TEST_STEP][PASSED] - paymentTypeList = []: null

2020-10-13 11:18:01 - [TEST_STEP][PASSED] - quantityList = []: null

2020-10-13 11:18:01 - [TEST_STEP][PASSED] - commentsList = []: null

2020-10-13 11:18:01 - [TEST_STEP][PASSED] - paymentIdList = []: null

2020-10-13 11:18:01 - [TEST_STEP][PASSED] - list = new java.util.ArrayList(): null

2020-10-13 11:18:01 - [TEST_STEP][PASSED] - for (def index : (1..data.getRowNumbers())): null

2020-10-13 11:18:01 - [TEST_STEP][PASSED] - firstName = data.getValue("FirstName", index): null

2020-10-13 11:18:01 - [TEST_STEP][PASSED] - lastName = data.getValue("LastName", index): null

2020-10-13 11:18:01 - [TEST_STEP][PASSED] - cardNum = data.getValue("CardNumber", index): null

2020-10-13 11:18:01 - [TEST_STEP][PASSED] - expMonth = data.getValue("ExpMonth", index): null

2020-10-13 11:18:01 - [TEST_STEP][PASSED] - expYear = data.getValue("ExpYear", index): null

2020-10-13 11:18:01 - [TEST_STEP][PASSED] - securityCode = data.getValue("SecurityCode", index): null

2020-10-13 11:18:01 - [TEST_STEP][PASSED] - paymentAmount = data.getValue("PaymentAmount", index): null

2020-10-13 11:18:01 - [TEST_STEP][PASSED] - paymentType = data.getValue("PaymentType", index): null

2020-10-13 11:18:01 - [TEST_STEP][PASSED] - quantity = data.getValue("Quantity", index): null

2020-10-13 11:18:01 - [TEST_STEP][PASSED] - comments = data.getValue("Comments", index): null

2020-10-13 11:18:01 - [TEST_STEP][PASSED] - referenceNum = data.getValue("ReferenceNum", index): null

2020-10-13 11:18:01 - [TEST_STEP][PASSED] - address = data.getValue("Address", index): null

2020-10-13 11:18:01 - [TEST_STEP][PASSED] - zipCode = data.getValue("Zipcode", index): null

2020-10-13 11:18:01 - [TEST_STEP][PASSED] - telephone = data.getValue("Telephone", index): null

2020-10-13 11:18:01 - [TEST_STEP][PASSED] - emailAddress = data.getValue("EmailAddress", index): null

2020-10-13 11:18:01 - [TEST_STEP][PASSED] - cardType = data.getValue("CardType", index): null

2020-10-13 11:18:01 - [TEST_STEP][PASSED] - amountList = paymentAmount.split(","): null

2020-10-13 11:18:01 - [TEST_STEP][PASSED] - referenceList = referenceNum.split(","): null

2020-10-13 11:18:01 - [TEST_STEP][PASSED] - paymentTypeList = paymentType.split(","): null

2020-10-13 11:18:01 - [TEST_STEP][PASSED] - commentsList = comments.split(","): null

2020-10-13 11:18:01 - [TEST_STEP][PASSED] - quantityList = quantity.split(","): null

2020-10-13 11:18:01 - [TEST_STEP][PASSED] - utilities.SafeActions.openBrowser(Quicksti_Url, [pageLoadTime]): Browser launched successfully

2020-10-13 11:18:01 - [MESSAGE][INFO] - Opening Browser

2020-10-13 11:18:01 - [MESSAGE][INFO] - Starting 'Chrome' driver

2020-10-13 11:18:09 - [MESSAGE][PASSED] - Browser is opened with url: 'https://qa-certpayquicksti.faps.net/'

2020-10-13 11:18:12 - [MESSAGE][PASSED] - Current window maximized

2020-10-13 11:18:12 - [MESSAGE][PASSED] - Browser launched successfully

2020-10-13 11:18:12 - [TEST_STEP][PASSED] - utilities.SafeActions.safeCheck(findTestObject("CERTPAY_QUICKSTI/Login_ Page/MULTI_BUREAU_CHECKBOX"), "Multi Bureau", [pageLoadTime]): Quicksti.ts:Checkbox 'Multi Bureau'is selected

2020-10-13 11:18:12 - [MESSAGE][PASSED] - Object 'Object Repository/CERTPAY_QUICKSTI/Login_ Page/MULTI_BUREAU_CHECKBOX' is present

2020-10-13 11:18:13 - [MESSAGE][PASSED] - Object 'Object Repository/CERTPAY_QUICKSTI/Login_ Page/MULTI_BUREAU_CHECKBOX' is present

2020-10-13 11:18:14 - [MESSAGE][PASSED] - Object: 'Object Repository/CERTPAY_QUICKSTI/Login_ Page/MULTI_BUREAU_CHECKBOX' is clicked on

2020-10-13 11:18:14 - [MESSAGE][PASSED] - Quicksti.ts:Checkbox 'Multi Bureau'is selected

2020-10-13 11:18:14 - [TEST_STEP][PASSED] - utilities.SafeActions.safeType(findTestObject("CERTPAY_QUICKSTI/Login_ Page/TELLER_ID"), teller_id, "Bureau code", [pageLoadTime]): Quicksti.ts:Entered'zenq into Bureau code

2020-10-13 11:18:15 - [MESSAGE][PASSED] - Object 'Object Repository/CERTPAY_QUICKSTI/Login_ Page/TELLER_ID' is present

2020-10-13 11:18:16 - [MESSAGE][PASSED] - Object 'Object Repository/CERTPAY_QUICKSTI/Login_ Page/TELLER_ID' is visible

2020-10-13 11:18:16 - [MESSAGE][PASSED] - Object 'Object Repository/CERTPAY_QUICKSTI/Login_ Page/TELLER_ID' is present

2020-10-13 11:18:17 - [MESSAGE][PASSED] - Text 'zenq' is set on object 'Object Repository/CERTPAY_QUICKSTI/Login_ Page/TELLER_ID'

2020-10-13 11:18:17 - [MESSAGE][PASSED] - Quicksti.ts:Entered'zenq into Bureau code

2020-10-13 11:18:17 - [TEST_STEP][PASSED] - utilities.SafeActions.safeClick(findTestObject("CERTPAY_QUICKSTI/Login_ Page/NEXT_BUTTON"), "Next button", [pageLoadTime]): Quicksti.ts:Clicked on the Next button

2020-10-13 11:18:17 - [MESSAGE][INFO] - safeClicking

2020-10-13 11:18:18 - [MESSAGE][PASSED] - Object 'Object Repository/CERTPAY_QUICKSTI/Login_ Page/NEXT_BUTTON' is present

2020-10-13 11:18:18 - [MESSAGE][PASSED] - Object 'Object Repository/CERTPAY_QUICKSTI/Login_ Page/NEXT_BUTTON' is clickable

2020-10-13 11:18:23 - [MESSAGE][PASSED] - Object: 'Object Repository/CERTPAY_QUICKSTI/Login_ Page/NEXT_BUTTON' is clicked on

2020-10-13 11:18:23 - [MESSAGE][PASSED] - Quicksti.ts:Clicked on the Next button

2020-10-13 11:18:23 - [TEST_STEP][PASSED] - for ([i = 0, i <= amountList.size() - 1, (i++)]): Quicksti.ts:Entered'2 into Quntity

2020-10-13 11:18:23 - [TEST_STEP][PASSED] - s = Integer.toString(i): null

2020-10-13 11:18:23 - [TEST_STEP][PASSED] - pages.Quicksti.setCommnets("0", s, commentsList.get(i)): Quicksti.ts:Entered'Testing into Comments

2020-10-13 11:18:23 - [MESSAGE][PASSED] - Object '' is present

2020-10-13 11:18:23 - [MESSAGE][PASSED] - Object '' is visible

2020-10-13 11:18:23 - [MESSAGE][PASSED] - Object '' is present

2020-10-13 11:18:25 - [MESSAGE][PASSED] - Text 'Testing' is set on object ''

2020-10-13 11:18:25 - [MESSAGE][PASSED] - Quicksti.ts:Entered'Testing into Comments

2020-10-13 11:18:25 - [TEST_STEP][PASSED] - utilities.SafeActions.safeType(findTestObject("CERTPAY_QUICKSTI/Payment_Information_Page/PAYMENT_AMOUNT"), amountList.get(i), "Payment Amount", [pageLoadTime]): Quicksti.ts:Entered'45.00 into Payment Amount

2020-10-13 11:18:25 - [MESSAGE][PASSED] - Object 'Object Repository/CERTPAY_QUICKSTI/Payment_Information_Page/PAYMENT_AMOUNT' is present

2020-10-13 11:18:25 - [MESSAGE][PASSED] - Object 'Object Repository/CERTPAY_QUICKSTI/Payment_Information_Page/PAYMENT_AMOUNT' is visible

2020-10-13 11:18:26 - [MESSAGE][PASSED] - Object 'Object Repository/CERTPAY_QUICKSTI/Payment_Information_Page/PAYMENT_AMOUNT' is present

2020-10-13 11:18:27 - [MESSAGE][PASSED] - Text '45.00' is set on object 'Object Repository/CERTPAY_QUICKSTI/Payment_Information_Page/PAYMENT_AMOUNT'

2020-10-13 11:18:27 - [MESSAGE][PASSED] - Quicksti.ts:Entered'45.00 into Payment Amount

2020-10-13 11:18:27 - [TEST_STEP][PASSED] - pages.Quicksti.setAmountDetailsForMultiBureau(s, paymentTypeList.get(i), "0", referenceList.get(i), quantityList.get(i)): Quicksti.ts:Entered'1 into Quntity

2020-10-13 11:18:28 - [MESSAGE][PASSED] - Object '' is visible

2020-10-13 11:18:28 - [MESSAGE][PASSED] - Object '' is present

2020-10-13 11:18:29 - [MESSAGE][PASSED] - Object: '' is clicked on

2020-10-13 11:18:30 - [MESSAGE][PASSED] - All options with label 'Licenses' are selected in object ''  using regular expression

2020-10-13 11:18:30 - [MESSAGE][PASSED] - selected dropdown option by visible text  Licensesfrom Payment Type

2020-10-13 11:18:31 - [MESSAGE][PASSED] - Object '' is present

2020-10-13 11:18:31 - [MESSAGE][PASSED] - Object '' is visible

2020-10-13 11:18:31 - [MESSAGE][PASSED] - Object '' is present

2020-10-13 11:18:33 - [MESSAGE][PASSED] - Text '11' is set on object ''

2020-10-13 11:18:33 - [MESSAGE][PASSED] - Quicksti.ts:Entered'11 into RefrenceNumber

2020-10-13 11:18:33 - [MESSAGE][PASSED] - Object '' is present

2020-10-13 11:18:33 - [MESSAGE][PASSED] - Object '' is visible

2020-10-13 11:18:33 - [MESSAGE][PASSED] - Object '' is present

2020-10-13 11:18:35 - [MESSAGE][PASSED] - Text '1' is set on object ''

2020-10-13 11:18:35 - [MESSAGE][PASSED] - Quicksti.ts:Entered'1 into Quntity

2020-10-13 11:18:35 - [TEST_STEP][PASSED] - s = Integer.toString(i): null

2020-10-13 11:18:35 - [TEST_STEP][PASSED] - pages.Quicksti.setCommnets("0", s, commentsList.get(i)): Quicksti.ts:Entered'Tester into Comments

2020-10-13 11:18:35 - [MESSAGE][PASSED] - Object '' is present

2020-10-13 11:18:35 - [MESSAGE][PASSED] - Object '' is visible

2020-10-13 11:18:36 - [MESSAGE][PASSED] - Object '' is present

2020-10-13 11:18:37 - [MESSAGE][PASSED] - Text 'Tester' is set on object ''

2020-10-13 11:18:37 - [MESSAGE][PASSED] - Quicksti.ts:Entered'Tester into Comments

2020-10-13 11:18:37 - [TEST_STEP][PASSED] - utilities.SafeActions.safeType(findTestObject("CERTPAY_QUICKSTI/Payment_Information_Page/PAYMENT_AMOUNT"), amountList.get(i), "Payment Amount", [pageLoadTime]): Quicksti.ts:Entered'35.00 into Payment Amount

2020-10-13 11:18:37 - [MESSAGE][PASSED] - Object 'Object Repository/CERTPAY_QUICKSTI/Payment_Information_Page/PAYMENT_AMOUNT' is present

2020-10-13 11:18:38 - [MESSAGE][PASSED] - Object 'Object Repository/CERTPAY_QUICKSTI/Payment_Information_Page/PAYMENT_AMOUNT' is visible

2020-10-13 11:18:38 - [MESSAGE][PASSED] - Object 'Object Repository/CERTPAY_QUICKSTI/Payment_Information_Page/PAYMENT_AMOUNT' is present

2020-10-13 11:18:39 - [MESSAGE][PASSED] - Text '35.00' is set on object 'Object Repository/CERTPAY_QUICKSTI/Payment_Information_Page/PAYMENT_AMOUNT'

2020-10-13 11:18:39 - [MESSAGE][PASSED] - Quicksti.ts:Entered'35.00 into Payment Amount

2020-10-13 11:18:39 - [TEST_STEP][PASSED] - pages.Quicksti.setAmountDetailsForMultiBureau(s, paymentTypeList.get(i), "0", referenceList.get(i), quantityList.get(i)): Quicksti.ts:Entered'2 into Quntity

2020-10-13 11:18:40 - [MESSAGE][PASSED] - Object '' is visible

2020-10-13 11:18:40 - [MESSAGE][PASSED] - Object '' is present

2020-10-13 11:18:42 - [MESSAGE][PASSED] - Object: '' is clicked on

2020-10-13 11:18:43 - [MESSAGE][PASSED] - All options with label 'Taxes' are selected in object ''  using regular expression

2020-10-13 11:18:43 - [MESSAGE][PASSED] - selected dropdown option by visible text  Taxesfrom Payment Type

2020-10-13 11:18:43 - [MESSAGE][PASSED] - Object '' is present

2020-10-13 11:18:43 - [MESSAGE][PASSED] - Object '' is visible

2020-10-13 11:18:44 - [MESSAGE][PASSED] - Object '' is present

2020-10-13 11:18:45 - [MESSAGE][PASSED] - Text '12' is set on object ''

2020-10-13 11:18:45 - [MESSAGE][PASSED] - Quicksti.ts:Entered'12 into RefrenceNumber

2020-10-13 11:18:45 - [MESSAGE][PASSED] - Object '' is present

2020-10-13 11:18:46 - [MESSAGE][PASSED] - Object '' is visible

2020-10-13 11:18:46 - [MESSAGE][PASSED] - Object '' is present

2020-10-13 11:18:47 - [MESSAGE][PASSED] - Text '2' is set on object ''

2020-10-13 11:18:47 - [MESSAGE][PASSED] - Quicksti.ts:Entered'2 into Quntity

2020-10-13 11:18:47 - [TEST_STEP][PASSED] - s = Integer.toString(i): null

2020-10-13 11:18:47 - [TEST_STEP][PASSED] - pages.Quicksti.setCommnets("0", s, commentsList.get(i)): Quicksti.ts:Entered'Testing into Comments

2020-10-13 11:18:47 - [MESSAGE][PASSED] - Object '' is present

2020-10-13 11:18:48 - [MESSAGE][PASSED] - Object '' is visible

2020-10-13 11:18:48 - [MESSAGE][PASSED] - Object '' is present

2020-10-13 11:18:49 - [MESSAGE][PASSED] - Text 'Testing' is set on object ''

2020-10-13 11:18:49 - [MESSAGE][PASSED] - Quicksti.ts:Entered'Testing into Comments

2020-10-13 11:18:49 - [TEST_STEP][PASSED] - utilities.SafeActions.safeType(findTestObject("CERTPAY_QUICKSTI/Payment_Information_Page/PAYMENT_AMOUNT"), amountList.get(i), "Payment Amount", [pageLoadTime]): Quicksti.ts:Entered'20.00 into Payment Amount

2020-10-13 11:18:50 - [MESSAGE][PASSED] - Object 'Object Repository/CERTPAY_QUICKSTI/Payment_Information_Page/PAYMENT_AMOUNT' is present

2020-10-13 11:18:50 - [MESSAGE][PASSED] - Object 'Object Repository/CERTPAY_QUICKSTI/Payment_Information_Page/PAYMENT_AMOUNT' is visible

2020-10-13 11:18:50 - [MESSAGE][PASSED] - Object 'Object Repository/CERTPAY_QUICKSTI/Payment_Information_Page/PAYMENT_AMOUNT' is present

2020-10-13 11:18:52 - [MESSAGE][PASSED] - Text '20.00' is set on object 'Object Repository/CERTPAY_QUICKSTI/Payment_Information_Page/PAYMENT_AMOUNT'

2020-10-13 11:18:52 - [MESSAGE][PASSED] - Quicksti.ts:Entered'20.00 into Payment Amount

2020-10-13 11:18:52 - [TEST_STEP][PASSED] - pages.Quicksti.setAmountDetailsForMultiBureau(s, paymentTypeList.get(i), "0", referenceList.get(i), quantityList.get(i)): Quicksti.ts:Entered'2 into Quntity

2020-10-13 11:18:52 - [MESSAGE][PASSED] - Object '' is visible

2020-10-13 11:18:52 - [MESSAGE][PASSED] - Object '' is present

2020-10-13 11:18:54 - [MESSAGE][PASSED] - Object: '' is clicked on

2020-10-13 11:18:55 - [MESSAGE][PASSED] - All options with label 'Court Fines' are selected in object ''  using regular expression

2020-10-13 11:18:55 - [MESSAGE][PASSED] - selected dropdown option by visible text  Court Finesfrom Payment Type

2020-10-13 11:18:56 - [MESSAGE][PASSED] - Object '' is present

2020-10-13 11:18:56 - [MESSAGE][PASSED] - Object '' is visible

2020-10-13 11:18:56 - [MESSAGE][PASSED] - Object '' is present

2020-10-13 11:18:57 - [MESSAGE][PASSED] - Text '13' is set on object ''

2020-10-13 11:18:57 - [MESSAGE][PASSED] - Quicksti.ts:Entered'13 into RefrenceNumber

2020-10-13 11:18:58 - [MESSAGE][PASSED] - Object '' is present

2020-10-13 11:18:58 - [MESSAGE][PASSED] - Object '' is visible

2020-10-13 11:18:58 - [MESSAGE][PASSED] - Object '' is present

2020-10-13 11:19:00 - [MESSAGE][PASSED] - Text '2' is set on object ''

2020-10-13 11:19:00 - [MESSAGE][PASSED] - Quicksti.ts:Entered'2 into Quntity

2020-10-13 11:19:00 - [TEST_STEP][PASSED] - for ([i = 0, i <= amountList.size() - 1, (i++)]): Quicksti.ts:Entered'2 into Quntity

2020-10-13 11:19:00 - [TEST_STEP][PASSED] - s = Integer.toString(i): null

2020-10-13 11:19:00 - [TEST_STEP][PASSED] - utilities.SafeActions.safeType(findTestObject("CERTPAY_QUICKSTI/Payment_Information_Page/MULTIBUREAU_PAYMENT_AMOUNT"), amountList.get(i), "Payment Amount", [pageLoadTime]): Quicksti.ts:Entered'45.00 into Payment Amount

2020-10-13 11:19:00 - [MESSAGE][PASSED] - Object 'Object Repository/CERTPAY_QUICKSTI/Payment_Information_Page/MULTIBUREAU_PAYMENT_AMOUNT' is present

2020-10-13 11:19:00 - [MESSAGE][PASSED] - Object 'Object Repository/CERTPAY_QUICKSTI/Payment_Information_Page/MULTIBUREAU_PAYMENT_AMOUNT' is visible

2020-10-13 11:19:01 - [MESSAGE][PASSED] - Object 'Object Repository/CERTPAY_QUICKSTI/Payment_Information_Page/MULTIBUREAU_PAYMENT_AMOUNT' is present

2020-10-13 11:19:02 - [MESSAGE][PASSED] - Text '45.00' is set on object 'Object Repository/CERTPAY_QUICKSTI/Payment_Information_Page/MULTIBUREAU_PAYMENT_AMOUNT'

2020-10-13 11:19:02 - [MESSAGE][PASSED] - Quicksti.ts:Entered'45.00 into Payment Amount

2020-10-13 11:19:02 - [TEST_STEP][PASSED] - pages.Quicksti.setAmountDetailsForMultiBureau(s, "Registration Fees", "1", referenceList.get(i), quantityList.get(i)): Quicksti.ts:Entered'1 into Quntity

2020-10-13 11:19:03 - [MESSAGE][PASSED] - Object '' is visible

2020-10-13 11:19:03 - [MESSAGE][PASSED] - Object '' is present

2020-10-13 11:19:04 - [MESSAGE][PASSED] - Object: '' is clicked on

2020-10-13 11:19:05 - [MESSAGE][PASSED] - All options with label 'Registration Fees' are selected in object ''  using regular expression

2020-10-13 11:19:05 - [MESSAGE][PASSED] - selected dropdown option by visible text  Registration Feesfrom Payment Type

2020-10-13 11:19:06 - [MESSAGE][PASSED] - Object '' is present

2020-10-13 11:19:06 - [MESSAGE][PASSED] - Object '' is visible

2020-10-13 11:19:06 - [MESSAGE][PASSED] - Object '' is present

2020-10-13 11:19:07 - [MESSAGE][PASSED] - Text '11' is set on object ''

2020-10-13 11:19:07 - [MESSAGE][PASSED] - Quicksti.ts:Entered'11 into RefrenceNumber

2020-10-13 11:19:08 - [MESSAGE][PASSED] - Object '' is present

2020-10-13 11:19:08 - [MESSAGE][PASSED] - Object '' is visible

2020-10-13 11:19:08 - [MESSAGE][PASSED] - Object '' is present

2020-10-13 11:19:10 - [MESSAGE][PASSED] - Text '1' is set on object ''

2020-10-13 11:19:10 - [MESSAGE][PASSED] - Quicksti.ts:Entered'1 into Quntity

2020-10-13 11:19:10 - [TEST_STEP][PASSED] - s = Integer.toString(i): null

2020-10-13 11:19:10 - [TEST_STEP][PASSED] - utilities.SafeActions.safeType(findTestObject("CERTPAY_QUICKSTI/Payment_Information_Page/MULTIBUREAU_PAYMENT_AMOUNT"), amountList.get(i), "Payment Amount", [pageLoadTime]): Quicksti.ts:Entered'35.00 into Payment Amount

2020-10-13 11:19:10 - [MESSAGE][PASSED] - Object 'Object Repository/CERTPAY_QUICKSTI/Payment_Information_Page/MULTIBUREAU_PAYMENT_AMOUNT' is present

2020-10-13 11:19:10 - [MESSAGE][PASSED] - Object 'Object Repository/CERTPAY_QUICKSTI/Payment_Information_Page/MULTIBUREAU_PAYMENT_AMOUNT' is visible

2020-10-13 11:19:11 - [MESSAGE][PASSED] - Object 'Object Repository/CERTPAY_QUICKSTI/Payment_Information_Page/MULTIBUREAU_PAYMENT_AMOUNT' is present

2020-10-13 11:19:12 - [MESSAGE][PASSED] - Text '35.00' is set on object 'Object Repository/CERTPAY_QUICKSTI/Payment_Information_Page/MULTIBUREAU_PAYMENT_AMOUNT'

2020-10-13 11:19:12 - [MESSAGE][PASSED] - Quicksti.ts:Entered'35.00 into Payment Amount

2020-10-13 11:19:12 - [TEST_STEP][PASSED] - pages.Quicksti.setAmountDetailsForMultiBureau(s, "Registration Fees", "1", referenceList.get(i), quantityList.get(i)): Quicksti.ts:Entered'2 into Quntity

2020-10-13 11:19:13 - [MESSAGE][PASSED] - Object '' is visible

2020-10-13 11:19:13 - [MESSAGE][PASSED] - Object '' is present

2020-10-13 11:19:14 - [MESSAGE][PASSED] - Object: '' is clicked on

2020-10-13 11:19:15 - [MESSAGE][PASSED] - All options with label 'Registration Fees' are selected in object ''  using regular expression

2020-10-13 11:19:15 - [MESSAGE][PASSED] - selected dropdown option by visible text  Registration Feesfrom Payment Type

2020-10-13 11:19:15 - [MESSAGE][PASSED] - Object '' is present

2020-10-13 11:19:16 - [MESSAGE][PASSED] - Object '' is visible

2020-10-13 11:19:16 - [MESSAGE][PASSED] - Object '' is present

2020-10-13 11:19:17 - [MESSAGE][PASSED] - Text '12' is set on object ''

2020-10-13 11:19:17 - [MESSAGE][PASSED] - Quicksti.ts:Entered'12 into RefrenceNumber

2020-10-13 11:19:18 - [MESSAGE][PASSED] - Object '' is present

2020-10-13 11:19:18 - [MESSAGE][PASSED] - Object '' is visible

2020-10-13 11:19:18 - [MESSAGE][PASSED] - Object '' is present

2020-10-13 11:19:19 - [MESSAGE][PASSED] - Text '2' is set on object ''

2020-10-13 11:19:19 - [MESSAGE][PASSED] - Quicksti.ts:Entered'2 into Quntity

2020-10-13 11:19:19 - [TEST_STEP][PASSED] - s = Integer.toString(i): null

2020-10-13 11:19:19 - [TEST_STEP][PASSED] - utilities.SafeActions.safeType(findTestObject("CERTPAY_QUICKSTI/Payment_Information_Page/MULTIBUREAU_PAYMENT_AMOUNT"), amountList.get(i), "Payment Amount", [pageLoadTime]): Quicksti.ts:Entered'20.00 into Payment Amount

2020-10-13 11:19:20 - [MESSAGE][PASSED] - Object 'Object Repository/CERTPAY_QUICKSTI/Payment_Information_Page/MULTIBUREAU_PAYMENT_AMOUNT' is present

2020-10-13 11:19:20 - [MESSAGE][PASSED] - Object 'Object Repository/CERTPAY_QUICKSTI/Payment_Information_Page/MULTIBUREAU_PAYMENT_AMOUNT' is visible

2020-10-13 11:19:20 - [MESSAGE][PASSED] - Object 'Object Repository/CERTPAY_QUICKSTI/Payment_Information_Page/MULTIBUREAU_PAYMENT_AMOUNT' is present

2020-10-13 11:19:22 - [MESSAGE][PASSED] - Text '20.00' is set on object 'Object Repository/CERTPAY_QUICKSTI/Payment_Information_Page/MULTIBUREAU_PAYMENT_AMOUNT'

2020-10-13 11:19:22 - [MESSAGE][PASSED] - Quicksti.ts:Entered'20.00 into Payment Amount

2020-10-13 11:19:22 - [TEST_STEP][PASSED] - pages.Quicksti.setAmountDetailsForMultiBureau(s, "Registration Fees", "1", referenceList.get(i), quantityList.get(i)): Quicksti.ts:Entered'2 into Quntity

2020-10-13 11:19:22 - [MESSAGE][PASSED] - Object '' is visible

2020-10-13 11:19:23 - [MESSAGE][PASSED] - Object '' is present

2020-10-13 11:19:24 - [MESSAGE][PASSED] - Object: '' is clicked on

2020-10-13 11:19:25 - [MESSAGE][PASSED] - All options with label 'Registration Fees' are selected in object ''  using regular expression

2020-10-13 11:19:25 - [MESSAGE][PASSED] - selected dropdown option by visible text  Registration Feesfrom Payment Type

2020-10-13 11:19:25 - [MESSAGE][PASSED] - Object '' is present

2020-10-13 11:19:26 - [MESSAGE][PASSED] - Object '' is visible

2020-10-13 11:19:26 - [MESSAGE][PASSED] - Object '' is present

2020-10-13 11:19:27 - [MESSAGE][PASSED] - Text '13' is set on object ''

2020-10-13 11:19:27 - [MESSAGE][PASSED] - Quicksti.ts:Entered'13 into RefrenceNumber

2020-10-13 11:19:27 - [MESSAGE][PASSED] - Object '' is present

2020-10-13 11:19:28 - [MESSAGE][PASSED] - Object '' is visible

2020-10-13 11:19:28 - [MESSAGE][PASSED] - Object '' is present

2020-10-13 11:19:29 - [MESSAGE][PASSED] - Text '2' is set on object ''

2020-10-13 11:19:29 - [MESSAGE][PASSED] - Quicksti.ts:Entered'2 into Quntity

2020-10-13 11:19:29 - [TEST_STEP][PASSED] - for ([i = 0, i <= amountList.size() - 1, (i++)]): Quicksti.ts:Entered'Testing into Comments

2020-10-13 11:19:29 - [TEST_STEP][PASSED] - s = Integer.toString(i): null

2020-10-13 11:19:29 - [TEST_STEP][PASSED] - utilities.SafeActions.safeType(findTestObject("CERTPAY_QUICKSTI/Payment_Information_Page/MULTIBUREAU_PAY_AMOUNT2"), amountList.get(i), "Payment Amount", [pageLoadTime]): Quicksti.ts:Entered'45.00 into Payment Amount

2020-10-13 11:19:30 - [MESSAGE][PASSED] - Object 'Object Repository/CERTPAY_QUICKSTI/Payment_Information_Page/MULTIBUREAU_PAY_AMOUNT2' is present

2020-10-13 11:19:30 - [MESSAGE][PASSED] - Object 'Object Repository/CERTPAY_QUICKSTI/Payment_Information_Page/MULTIBUREAU_PAY_AMOUNT2' is visible

2020-10-13 11:19:30 - [MESSAGE][PASSED] - Object 'Object Repository/CERTPAY_QUICKSTI/Payment_Information_Page/MULTIBUREAU_PAY_AMOUNT2' is present

2020-10-13 11:19:32 - [MESSAGE][PASSED] - Text '45.00' is set on object 'Object Repository/CERTPAY_QUICKSTI/Payment_Information_Page/MULTIBUREAU_PAY_AMOUNT2'

2020-10-13 11:19:32 - [MESSAGE][PASSED] - Quicksti.ts:Entered'45.00 into Payment Amount

2020-10-13 11:19:32 - [TEST_STEP][PASSED] - pages.Quicksti.setAmountDetailsForMultiBureau(s, "Vehicles", "2", referenceList.get(i), quantityList.get(i)): Quicksti.ts:Entered'1 into Quntity

2020-10-13 11:19:32 - [MESSAGE][PASSED] - Object '' is visible

2020-10-13 11:19:32 - [MESSAGE][PASSED] - Object '' is present

2020-10-13 11:19:34 - [MESSAGE][PASSED] - Object: '' is clicked on

2020-10-13 11:19:35 - [MESSAGE][PASSED] - All options with label 'Vehicles' are selected in object ''  using regular expression

2020-10-13 11:19:35 - [MESSAGE][PASSED] - selected dropdown option by visible text  Vehiclesfrom Payment Type

2020-10-13 11:19:35 - [MESSAGE][PASSED] - Object '' is present

2020-10-13 11:19:36 - [MESSAGE][PASSED] - Object '' is visible

2020-10-13 11:19:36 - [MESSAGE][PASSED] - Object '' is present

2020-10-13 11:19:37 - [MESSAGE][PASSED] - Text '11' is set on object ''

2020-10-13 11:19:37 - [MESSAGE][PASSED] - Quicksti.ts:Entered'11 into RefrenceNumber

2020-10-13 11:19:38 - [MESSAGE][PASSED] - Object '' is present

2020-10-13 11:19:38 - [MESSAGE][PASSED] - Object '' is visible

2020-10-13 11:19:38 - [MESSAGE][PASSED] - Object '' is present

2020-10-13 11:19:39 - [MESSAGE][PASSED] - Text '1' is set on object ''

2020-10-13 11:19:39 - [MESSAGE][PASSED] - Quicksti.ts:Entered'1 into Quntity

2020-10-13 11:19:39 - [TEST_STEP][PASSED] - pages.Quicksti.setCommnets("2", s, commentsList.get(i)): Quicksti.ts:Entered'Testing into Comments

2020-10-13 11:19:40 - [MESSAGE][PASSED] - Object '' is present

2020-10-13 11:19:40 - [MESSAGE][PASSED] - Object '' is visible

2020-10-13 11:19:40 - [MESSAGE][PASSED] - Object '' is present

2020-10-13 11:19:42 - [MESSAGE][PASSED] - Text 'Testing' is set on object ''

2020-10-13 11:19:42 - [MESSAGE][PASSED] - Quicksti.ts:Entered'Testing into Comments

2020-10-13 11:19:42 - [TEST_STEP][PASSED] - s = Integer.toString(i): null

2020-10-13 11:19:42 - [TEST_STEP][PASSED] - utilities.SafeActions.safeType(findTestObject("CERTPAY_QUICKSTI/Payment_Information_Page/MULTIBUREAU_PAY_AMOUNT2"), amountList.get(i), "Payment Amount", [pageLoadTime]): Quicksti.ts:Entered'35.00 into Payment Amount

2020-10-13 11:19:42 - [MESSAGE][PASSED] - Object 'Object Repository/CERTPAY_QUICKSTI/Payment_Information_Page/MULTIBUREAU_PAY_AMOUNT2' is present

2020-10-13 11:19:42 - [MESSAGE][PASSED] - Object 'Object Repository/CERTPAY_QUICKSTI/Payment_Information_Page/MULTIBUREAU_PAY_AMOUNT2' is visible

2020-10-13 11:19:43 - [MESSAGE][PASSED] - Object 'Object Repository/CERTPAY_QUICKSTI/Payment_Information_Page/MULTIBUREAU_PAY_AMOUNT2' is present

2020-10-13 11:19:44 - [MESSAGE][PASSED] - Text '35.00' is set on object 'Object Repository/CERTPAY_QUICKSTI/Payment_Information_Page/MULTIBUREAU_PAY_AMOUNT2'

2020-10-13 11:19:44 - [MESSAGE][PASSED] - Quicksti.ts:Entered'35.00 into Payment Amount

2020-10-13 11:19:44 - [TEST_STEP][PASSED] - pages.Quicksti.setAmountDetailsForMultiBureau(s, "Vehicles", "2", referenceList.get(i), quantityList.get(i)): Quicksti.ts:Entered'2 into Quntity

2020-10-13 11:19:45 - [MESSAGE][PASSED] - Object '' is visible

2020-10-13 11:19:45 - [MESSAGE][PASSED] - Object '' is present

2020-10-13 11:19:46 - [MESSAGE][PASSED] - Object: '' is clicked on

2020-10-13 11:19:47 - [MESSAGE][PASSED] - All options with label 'Vehicles' are selected in object ''  using regular expression

2020-10-13 11:19:47 - [MESSAGE][PASSED] - selected dropdown option by visible text  Vehiclesfrom Payment Type

2020-10-13 11:19:48 - [MESSAGE][PASSED] - Object '' is present

2020-10-13 11:19:48 - [MESSAGE][PASSED] - Object '' is visible

2020-10-13 11:19:48 - [MESSAGE][PASSED] - Object '' is present

2020-10-13 11:19:50 - [MESSAGE][PASSED] - Text '12' is set on object ''

2020-10-13 11:19:50 - [MESSAGE][PASSED] - Quicksti.ts:Entered'12 into RefrenceNumber

2020-10-13 11:19:50 - [MESSAGE][PASSED] - Object '' is present

2020-10-13 11:19:50 - [MESSAGE][PASSED] - Object '' is visible

2020-10-13 11:19:51 - [MESSAGE][PASSED] - Object '' is present

2020-10-13 11:19:52 - [MESSAGE][PASSED] - Text '2' is set on object ''

2020-10-13 11:19:52 - [MESSAGE][PASSED] - Quicksti.ts:Entered'2 into Quntity

2020-10-13 11:19:52 - [TEST_STEP][PASSED] - pages.Quicksti.setCommnets("2", s, commentsList.get(i)): Quicksti.ts:Entered'Tester into Comments

2020-10-13 11:19:52 - [MESSAGE][PASSED] - Object '' is present

2020-10-13 11:19:53 - [MESSAGE][PASSED] - Object '' is visible

2020-10-13 11:19:53 - [MESSAGE][PASSED] - Object '' is present

2020-10-13 11:19:54 - [MESSAGE][PASSED] - Text 'Tester' is set on object ''

2020-10-13 11:19:54 - [MESSAGE][PASSED] - Quicksti.ts:Entered'Tester into Comments

2020-10-13 11:19:54 - [TEST_STEP][PASSED] - s = Integer.toString(i): null

2020-10-13 11:19:54 - [TEST_STEP][PASSED] - utilities.SafeActions.safeType(findTestObject("CERTPAY_QUICKSTI/Payment_Information_Page/MULTIBUREAU_PAY_AMOUNT2"), amountList.get(i), "Payment Amount", [pageLoadTime]): Quicksti.ts:Entered'20.00 into Payment Amount

2020-10-13 11:19:54 - [MESSAGE][PASSED] - Object 'Object Repository/CERTPAY_QUICKSTI/Payment_Information_Page/MULTIBUREAU_PAY_AMOUNT2' is present

2020-10-13 11:19:55 - [MESSAGE][PASSED] - Object 'Object Repository/CERTPAY_QUICKSTI/Payment_Information_Page/MULTIBUREAU_PAY_AMOUNT2' is visible

2020-10-13 11:19:55 - [MESSAGE][PASSED] - Object 'Object Repository/CERTPAY_QUICKSTI/Payment_Information_Page/MULTIBUREAU_PAY_AMOUNT2' is present

2020-10-13 11:19:56 - [MESSAGE][PASSED] - Text '20.00' is set on object 'Object Repository/CERTPAY_QUICKSTI/Payment_Information_Page/MULTIBUREAU_PAY_AMOUNT2'

2020-10-13 11:19:56 - [MESSAGE][PASSED] - Quicksti.ts:Entered'20.00 into Payment Amount

2020-10-13 11:19:56 - [TEST_STEP][PASSED] - pages.Quicksti.setAmountDetailsForMultiBureau(s, "Vehicles", "2", referenceList.get(i), quantityList.get(i)): Quicksti.ts:Entered'2 into Quntity

2020-10-13 11:19:57 - [MESSAGE][PASSED] - Object '' is visible

2020-10-13 11:19:57 - [MESSAGE][PASSED] - Object '' is present

2020-10-13 11:19:59 - [MESSAGE][PASSED] - Object: '' is clicked on

2020-10-13 11:20:00 - [MESSAGE][PASSED] - All options with label 'Vehicles' are selected in object ''  using regular expression

2020-10-13 11:20:00 - [MESSAGE][PASSED] - selected dropdown option by visible text  Vehiclesfrom Payment Type

2020-10-13 11:20:00 - [MESSAGE][PASSED] - Object '' is present

2020-10-13 11:20:00 - [MESSAGE][PASSED] - Object '' is visible

2020-10-13 11:20:01 - [MESSAGE][PASSED] - Object '' is present

2020-10-13 11:20:02 - [MESSAGE][PASSED] - Text '13' is set on object ''

2020-10-13 11:20:02 - [MESSAGE][PASSED] - Quicksti.ts:Entered'13 into RefrenceNumber

2020-10-13 11:20:02 - [MESSAGE][PASSED] - Object '' is present

2020-10-13 11:20:03 - [MESSAGE][PASSED] - Object '' is visible

2020-10-13 11:20:03 - [MESSAGE][PASSED] - Object '' is present

2020-10-13 11:20:04 - [MESSAGE][PASSED] - Text '2' is set on object ''

2020-10-13 11:20:04 - [MESSAGE][PASSED] - Quicksti.ts:Entered'2 into Quntity

2020-10-13 11:20:04 - [TEST_STEP][PASSED] - pages.Quicksti.setCommnets("2", s, commentsList.get(i)): Quicksti.ts:Entered'Testing into Comments

2020-10-13 11:20:05 - [MESSAGE][PASSED] - Object '' is present

2020-10-13 11:20:05 - [MESSAGE][PASSED] - Object '' is visible

2020-10-13 11:20:05 - [MESSAGE][PASSED] - Object '' is present

2020-10-13 11:20:07 - [MESSAGE][PASSED] - Text 'Testing' is set on object ''

2020-10-13 11:20:07 - [MESSAGE][PASSED] - Quicksti.ts:Entered'Testing into Comments

2020-10-13 11:20:07 - [TEST_STEP][PASSED] - utilities.SafeActions.safeClick(findTestObject("CERTPAY_QUICKSTI/Payment_Information_Page/MANUAL_ENTRY_BUTTON"), "ManualEntry", [pageLoadTime]): Quicksti.ts:Clicked on the ManualEntry

2020-10-13 11:20:07 - [MESSAGE][INFO] - safeClicking

2020-10-13 11:20:07 - [MESSAGE][PASSED] - Object 'Object Repository/CERTPAY_QUICKSTI/Payment_Information_Page/MANUAL_ENTRY_BUTTON' is present

2020-10-13 11:20:07 - [MESSAGE][PASSED] - Object 'Object Repository/CERTPAY_QUICKSTI/Payment_Information_Page/MANUAL_ENTRY_BUTTON' is clickable

2020-10-13 11:20:11 - [MESSAGE][PASSED] - Object: 'Object Repository/CERTPAY_QUICKSTI/Payment_Information_Page/MANUAL_ENTRY_BUTTON' is clicked on

2020-10-13 11:20:11 - [MESSAGE][PASSED] - Quicksti.ts:Clicked on the ManualEntry

2020-10-13 11:20:11 - [TEST_STEP][PASSED] - amount_Value = pages.Quicksti.getAttributeValue(findTestObject("CERTPAY_QUICKSTI/Payment_Information_Page/SUB_TOTAL")): pages.Quicksti.getAttributeValue is PASSED

2020-10-13 11:20:12 - [MESSAGE][PASSED] - Attribute 'value' of object 'Object Repository/CERTPAY_QUICKSTI/Payment_Information_Page/SUB_TOTAL' is: '45.00'

2020-10-13 11:20:12 - [MESSAGE][PASSED] - pages.Quicksti.getAttributeValue is PASSED

2020-10-13 11:20:12 - [TEST_STEP][PASSED] - CardNumber = pages.Quicksti.setUserPaymentDetails(firstName, lastName, cardNum): Quicksti.ts:Entered'4761739001010135 into CardNum

2020-10-13 11:20:13 - [MESSAGE][PASSED] - Object 'Object Repository/CERTPAY_QUICKSTI/Payment_Information_Page/FIRST_NAME' is present

2020-10-13 11:20:13 - [MESSAGE][PASSED] - Object 'Object Repository/CERTPAY_QUICKSTI/Payment_Information_Page/FIRST_NAME' is visible

2020-10-13 11:20:13 - [MESSAGE][PASSED] - Object 'Object Repository/CERTPAY_QUICKSTI/Payment_Information_Page/FIRST_NAME' is present

2020-10-13 11:20:15 - [MESSAGE][PASSED] - Text 'Tester' is set on object 'Object Repository/CERTPAY_QUICKSTI/Payment_Information_Page/FIRST_NAME'

2020-10-13 11:20:15 - [MESSAGE][PASSED] - Quicksti.ts:Entered'Tester into FirstName

2020-10-13 11:20:15 - [MESSAGE][PASSED] - Object 'Object Repository/CERTPAY_QUICKSTI/Payment_Information_Page/LAST_NAME' is present

2020-10-13 11:20:15 - [MESSAGE][PASSED] - Object 'Object Repository/CERTPAY_QUICKSTI/Payment_Information_Page/LAST_NAME' is visible

2020-10-13 11:20:16 - [MESSAGE][PASSED] - Object 'Object Repository/CERTPAY_QUICKSTI/Payment_Information_Page/LAST_NAME' is present

2020-10-13 11:20:17 - [MESSAGE][PASSED] - Text 'Zenq1' is set on object 'Object Repository/CERTPAY_QUICKSTI/Payment_Information_Page/LAST_NAME'

2020-10-13 11:20:17 - [MESSAGE][PASSED] - Quicksti.ts:Entered'Zenq1 into LAstName

2020-10-13 11:20:17 - [MESSAGE][PASSED] - Object 'Object Repository/CERTPAY_QUICKSTI/Payment_Information_Page/CARD_NUMBER' is present

2020-10-13 11:20:17 - [MESSAGE][PASSED] - Object 'Object Repository/CERTPAY_QUICKSTI/Payment_Information_Page/CARD_NUMBER' is visible

2020-10-13 11:20:18 - [MESSAGE][PASSED] - Object 'Object Repository/CERTPAY_QUICKSTI/Payment_Information_Page/CARD_NUMBER' is present

2020-10-13 11:20:19 - [MESSAGE][PASSED] - Text '4761739001010135' is set on object 'Object Repository/CERTPAY_QUICKSTI/Payment_Information_Page/CARD_NUMBER'

2020-10-13 11:20:19 - [MESSAGE][PASSED] - Quicksti.ts:Entered'4761739001010135 into CardNum

2020-10-13 11:20:19 - [TEST_STEP][PASSED] - pages.Quicksti.setExpDate(expMonth, expYear, securityCode): Quicksti.ts:Entered'207 into securityCode

2020-10-13 11:20:20 - [MESSAGE][PASSED] - Object 'Object Repository/CERTPAY_QUICKSTI/Payment_Information_Page/EXP_MONTH' is visible

2020-10-13 11:20:20 - [MESSAGE][PASSED] - Object 'Object Repository/CERTPAY_QUICKSTI/Payment_Information_Page/EXP_MONTH' is present

2020-10-13 11:20:21 - [MESSAGE][PASSED] - Object: 'Object Repository/CERTPAY_QUICKSTI/Payment_Information_Page/EXP_MONTH' is clicked on

2020-10-13 11:20:22 - [MESSAGE][PASSED] - All options with label '03' are selected in object 'Object Repository/CERTPAY_QUICKSTI/Payment_Information_Page/EXP_MONTH'  using regular expression

2020-10-13 11:20:22 - [MESSAGE][PASSED] - selected dropdown option by visible text  03from expMonth

2020-10-13 11:20:23 - [MESSAGE][PASSED] - Object 'Object Repository/CERTPAY_QUICKSTI/Payment_Information_Page/EXP_YEAR' is visible

2020-10-13 11:20:23 - [MESSAGE][PASSED] - Object 'Object Repository/CERTPAY_QUICKSTI/Payment_Information_Page/EXP_YEAR' is present

2020-10-13 11:20:24 - [MESSAGE][PASSED] - Object: 'Object Repository/CERTPAY_QUICKSTI/Payment_Information_Page/EXP_YEAR' is clicked on

2020-10-13 11:20:26 - [MESSAGE][PASSED] - All options with label '2022' are selected in object 'Object Repository/CERTPAY_QUICKSTI/Payment_Information_Page/EXP_YEAR'  using regular expression

2020-10-13 11:20:26 - [MESSAGE][PASSED] - selected dropdown option by visible text  2022from  expYear

2020-10-13 11:20:26 - [MESSAGE][PASSED] - Object 'Object Repository/CERTPAY_QUICKSTI/Payment_Information_Page/SECURITY_CODE' is present

2020-10-13 11:20:26 - [MESSAGE][PASSED] - Object 'Object Repository/CERTPAY_QUICKSTI/Payment_Information_Page/SECURITY_CODE' is visible

2020-10-13 11:20:27 - [MESSAGE][PASSED] - Object 'Object Repository/CERTPAY_QUICKSTI/Payment_Information_Page/SECURITY_CODE' is present

2020-10-13 11:20:28 - [MESSAGE][PASSED] - Text '207' is set on object 'Object Repository/CERTPAY_QUICKSTI/Payment_Information_Page/SECURITY_CODE'

2020-10-13 11:20:28 - [MESSAGE][PASSED] - Quicksti.ts:Entered'207 into securityCode

2020-10-13 11:20:28 - [TEST_STEP][PASSED] - utilities.SafeActions.safeType(findTestObject("CERTPAY_QUICKSTI/Payment_Information_Page/ADDRESS"), address, "Address", [pageLoadTime]): Quicksti.ts:Entered'14-2 into Address

2020-10-13 11:20:28 - [MESSAGE][PASSED] - Object 'Object Repository/CERTPAY_QUICKSTI/Payment_Information_Page/ADDRESS' is present

2020-10-13 11:20:29 - [MESSAGE][PASSED] - Object 'Object Repository/CERTPAY_QUICKSTI/Payment_Information_Page/ADDRESS' is visible

2020-10-13 11:20:29 - [MESSAGE][PASSED] - Object 'Object Repository/CERTPAY_QUICKSTI/Payment_Information_Page/ADDRESS' is present

2020-10-13 11:20:30 - [MESSAGE][PASSED] - Text '14-2' is set on object 'Object Repository/CERTPAY_QUICKSTI/Payment_Information_Page/ADDRESS'

2020-10-13 11:20:30 - [MESSAGE][PASSED] - Quicksti.ts:Entered'14-2 into Address

2020-10-13 11:20:30 - [TEST_STEP][PASSED] - utilities.SafeActions.safeType(findTestObject("CERTPAY_QUICKSTI/Payment_Information_Page/ZIP_CODE"), zipCode, "zipcode", [pageLoadTime]): Quicksti.ts:Entered'76102 into zipcode

2020-10-13 11:20:30 - [MESSAGE][PASSED] - Object 'Object Repository/CERTPAY_QUICKSTI/Payment_Information_Page/ZIP_CODE' is present

2020-10-13 11:20:31 - [MESSAGE][PASSED] - Object 'Object Repository/CERTPAY_QUICKSTI/Payment_Information_Page/ZIP_CODE' is visible

2020-10-13 11:20:31 - [MESSAGE][PASSED] - Object 'Object Repository/CERTPAY_QUICKSTI/Payment_Information_Page/ZIP_CODE' is present

2020-10-13 11:20:32 - [MESSAGE][PASSED] - Text '76102' is set on object 'Object Repository/CERTPAY_QUICKSTI/Payment_Information_Page/ZIP_CODE'

2020-10-13 11:20:32 - [MESSAGE][PASSED] - Quicksti.ts:Entered'76102 into zipcode

2020-10-13 11:20:32 - [TEST_STEP][PASSED] - utilities.SafeActions.safeType(findTestObject("CERTPAY_QUICKSTI/Payment_Information_Page/TELEPHONE"), telephone, "Telephone", [pageLoadTime]): Quicksti.ts:Entered'9988776655 into Telephone

2020-10-13 11:20:33 - [MESSAGE][PASSED] - Object 'Object Repository/CERTPAY_QUICKSTI/Payment_Information_Page/TELEPHONE' is present

2020-10-13 11:20:33 - [MESSAGE][PASSED] - Object 'Object Repository/CERTPAY_QUICKSTI/Payment_Information_Page/TELEPHONE' is visible

2020-10-13 11:20:33 - [MESSAGE][PASSED] - Object 'Object Repository/CERTPAY_QUICKSTI/Payment_Information_Page/TELEPHONE' is present

2020-10-13 11:20:35 - [MESSAGE][PASSED] - Text '9988776655' is set on object 'Object Repository/CERTPAY_QUICKSTI/Payment_Information_Page/TELEPHONE'

2020-10-13 11:20:35 - [MESSAGE][PASSED] - Quicksti.ts:Entered'9988776655 into Telephone

2020-10-13 11:20:35 - [TEST_STEP][PASSED] - utilities.SafeActions.safeType(findTestObject("CERTPAY_QUICKSTI/Payment_Information_Page/EMAIL_ADDRESS"), emailAddress, "EMAIL address", [pageLoadTime]): Quicksti.ts:Entered'testing@zenq.com into EMAIL address

2020-10-13 11:20:35 - [MESSAGE][PASSED] - Object 'Object Repository/CERTPAY_QUICKSTI/Payment_Information_Page/EMAIL_ADDRESS' is present

2020-10-13 11:20:35 - [MESSAGE][PASSED] - Object 'Object Repository/CERTPAY_QUICKSTI/Payment_Information_Page/EMAIL_ADDRESS' is visible

2020-10-13 11:20:36 - [MESSAGE][PASSED] - Object 'Object Repository/CERTPAY_QUICKSTI/Payment_Information_Page/EMAIL_ADDRESS' is present

2020-10-13 11:20:37 - [MESSAGE][PASSED] - Text 'testing@zenq.com' is set on object 'Object Repository/CERTPAY_QUICKSTI/Payment_Information_Page/EMAIL_ADDRESS'

2020-10-13 11:20:37 - [MESSAGE][PASSED] - Quicksti.ts:Entered'testing@zenq.com into EMAIL address

2020-10-13 11:20:37 - [TEST_STEP][PASSED] - utilities.SafeActions.safeClick(findTestObject("CERTPAY_QUICKSTI/Payment_Information_Page/NEXT_BUTTON"), "Next", [pageLoadTime]): Quicksti.ts:Clicked on the Next

2020-10-13 11:20:37 - [MESSAGE][INFO] - safeClicking

2020-10-13 11:20:37 - [MESSAGE][PASSED] - Object 'Object Repository/CERTPAY_QUICKSTI/Payment_Information_Page/NEXT_BUTTON' is present

2020-10-13 11:20:38 - [MESSAGE][PASSED] - Object 'Object Repository/CERTPAY_QUICKSTI/Payment_Information_Page/NEXT_BUTTON' is clickable

2020-10-13 11:20:41 - [MESSAGE][PASSED] - Object: 'Object Repository/CERTPAY_QUICKSTI/Payment_Information_Page/NEXT_BUTTON' is clicked on

2020-10-13 11:20:41 - [MESSAGE][PASSED] - Quicksti.ts:Clicked on the Next

2020-10-13 11:20:41 - [TEST_STEP][PASSED] - pages.Quicksti.verifyUserPaymentDetails(amountList.get(0), firstName, lastName, CardNumber): pages.Quicksti.verifyUserPaymentDetails is PASSED

2020-10-13 11:20:42 - [MESSAGE][PASSED] - Text of object 'Object Repository/CERTPAY_QUICKSTI/Payment_Details_Verification_Page/AMOUNT' is: '$45.00'

2020-10-13 11:20:42 - [MESSAGE][PASSED] - Actual text '45.00' and expected text '45.00' are matched  using regular expression

2020-10-13 11:20:42 - [MESSAGE][PASSED] - Text of object 'Object Repository/CERTPAY_QUICKSTI/Payment_Details_Verification_Page/NAME' is: 'Tester Zenq1'

2020-10-13 11:20:42 - [MESSAGE][PASSED] - Actual text 'Tester Zenq1' and expected text 'Tester Zenq1' are matched  using regular expression

2020-10-13 11:20:42 - [MESSAGE][PASSED] - Text of object 'Object Repository/CERTPAY_QUICKSTI/Payment_Details_Verification_Page/CARD_NUMBER' is: '...0135'

2020-10-13 11:20:42 - [MESSAGE][PASSED] - Actual text '0135' and expected text '0135' are matched  using regular expression

2020-10-13 11:20:42 - [MESSAGE][PASSED] - pages.Quicksti.verifyUserPaymentDetails is PASSED

2020-10-13 11:20:42 - [TEST_STEP][PASSED] - scrollToElement(findTestObject("CERTPAY_QUICKSTI/Payment_Details_Verification_Page/PROCESS"), 30): Scroll to object 'Object Repository/CERTPAY_QUICKSTI/Payment_Details_Verification_Page/PROCESS' successfully

2020-10-13 11:20:43 - [MESSAGE][PASSED] - Scroll to object 'Object Repository/CERTPAY_QUICKSTI/Payment_Details_Verification_Page/PROCESS' successfully

2020-10-13 11:20:43 - [TEST_STEP][PASSED] - utilities.SafeActions.safeClick(findTestObject("CERTPAY_QUICKSTI/Payment_Details_Verification_Page/PROCESS"), "Process", [pageLoadTime]): Quicksti.ts:Clicked on the Process

2020-10-13 11:20:43 - [MESSAGE][INFO] - safeClicking

2020-10-13 11:20:43 - [MESSAGE][PASSED] - Object 'Object Repository/CERTPAY_QUICKSTI/Payment_Details_Verification_Page/PROCESS' is present

2020-10-13 11:20:43 - [MESSAGE][PASSED] - Object 'Object Repository/CERTPAY_QUICKSTI/Payment_Details_Verification_Page/PROCESS' is clickable

2020-10-13 11:20:49 - [MESSAGE][PASSED] - Object: 'Object Repository/CERTPAY_QUICKSTI/Payment_Details_Verification_Page/PROCESS' is clicked on

2020-10-13 11:20:49 - [MESSAGE][PASSED] - Quicksti.ts:Clicked on the Process

2020-10-13 11:20:49 - [TEST_STEP][PASSED] - paymentId = pages.Quicksti.verifyPaymentApproval(findTestObject("CERTPAY_QUICKSTI/Payment_Details_Verification_Page/APPROVED")): Payment is approved

2020-10-13 11:20:50 - [MESSAGE][PASSED] - Text of object 'Object Repository/CERTPAY_QUICKSTI/Payment_Details_Verification_Page/PAYMENT_ID' is: '100176127370'

2020-10-13 11:20:50 - [MESSAGE][PASSED] - Object 'Object Repository/CERTPAY_QUICKSTI/Payment_Details_Verification_Page/APPROVED' is present

2020-10-13 11:20:50 - [MESSAGE][PASSED] - Payment is approved

2020-10-13 11:20:52 - [TEST_STEP][PASSED] - navigateToUrl(Admin_url): Navigate to 'https://qa-certpayadmin.faps.net' successfully

2020-10-13 11:20:57 - [MESSAGE][PASSED] - Navigate to 'https://qa-certpayadmin.faps.net' successfully

2020-10-13 11:20:57 - [TEST_STEP][PASSED] - pages.Bureau_Login_Page.loginToAdminSite(AdminUsername, AdminPassword): Quicksti.ts:Clicked on the LOGIN

2020-10-13 11:20:57 - [MESSAGE][PASSED] - Object 'Object Repository/CERTPAY_ADMIN/USER_NAME' is present

2020-10-13 11:20:58 - [MESSAGE][PASSED] - Object 'Object Repository/CERTPAY_ADMIN/USER_NAME' is visible

2020-10-13 11:20:58 - [MESSAGE][PASSED] - Object 'Object Repository/CERTPAY_ADMIN/USER_NAME' is present

2020-10-13 11:20:59 - [MESSAGE][PASSED] - Text 'VVangiliappan' is set on object 'Object Repository/CERTPAY_ADMIN/USER_NAME'

2020-10-13 11:20:59 - [MESSAGE][PASSED] - Quicksti.ts:Entered'VVangiliappan into username

2020-10-13 11:21:00 - [MESSAGE][PASSED] - Object 'Object Repository/CERTPAY_ADMIN/PASSWORD' is present

2020-10-13 11:21:00 - [MESSAGE][PASSED] - Object 'Object Repository/CERTPAY_ADMIN/PASSWORD' is visible

2020-10-13 11:21:00 - [MESSAGE][PASSED] - Object 'Object Repository/CERTPAY_ADMIN/PASSWORD' is present

2020-10-13 11:21:01 - [MESSAGE][PASSED] - Text 'Test@123' is set on object 'Object Repository/CERTPAY_ADMIN/PASSWORD'

2020-10-13 11:21:01 - [MESSAGE][PASSED] - Quicksti.ts:Entered'Test@123 into password

2020-10-13 11:21:01 - [MESSAGE][INFO] - safeClicking

2020-10-13 11:21:02 - [MESSAGE][PASSED] - Object 'Object Repository/CERTPAY_ADMIN/LOGIN_BUTTON' is present

2020-10-13 11:21:02 - [MESSAGE][PASSED] - Object 'Object Repository/CERTPAY_ADMIN/LOGIN_BUTTON' is clickable

2020-10-13 11:21:09 - [MESSAGE][PASSED] - Object: 'Object Repository/CERTPAY_ADMIN/LOGIN_BUTTON' is clicked on

2020-10-13 11:21:09 - [MESSAGE][PASSED] - Quicksti.ts:Clicked on the LOGIN

2020-10-13 11:21:09 - [TEST_STEP][PASSED] - utilities.SafeActions.safeClick(findTestObject("CERTPAY_ADMIN/TRANSACTION_MENU"), "TransactionMenu", [pageLoadTime]): Quicksti.ts:Clicked on the TransactionMenu

2020-10-13 11:21:09 - [MESSAGE][INFO] - safeClicking

2020-10-13 11:21:10 - [MESSAGE][PASSED] - Object 'Object Repository/CERTPAY_ADMIN/TRANSACTION_MENU' is present

2020-10-13 11:21:10 - [MESSAGE][PASSED] - Object 'Object Repository/CERTPAY_ADMIN/TRANSACTION_MENU' is clickable

2020-10-13 11:21:11 - [MESSAGE][PASSED] - Object: 'Object Repository/CERTPAY_ADMIN/TRANSACTION_MENU' is clicked on

2020-10-13 11:21:11 - [MESSAGE][PASSED] - Quicksti.ts:Clicked on the TransactionMenu

2020-10-13 11:21:11 - [TEST_STEP][PASSED] - utilities.SafeActions.safeClick(findTestObject("CERTPAY_ADMIN/TRANSACTION_SEARCH"), "TransactionSearch", [pageLoadTime]): Quicksti.ts:Clicked on the TransactionSearch

2020-10-13 11:21:11 - [MESSAGE][INFO] - safeClicking

2020-10-13 11:21:12 - [MESSAGE][PASSED] - Object 'Object Repository/CERTPAY_ADMIN/TRANSACTION_SEARCH' is present

2020-10-13 11:21:12 - [MESSAGE][PASSED] - Object 'Object Repository/CERTPAY_ADMIN/TRANSACTION_SEARCH' is clickable

2020-10-13 11:21:16 - [MESSAGE][PASSED] - Object: 'Object Repository/CERTPAY_ADMIN/TRANSACTION_SEARCH' is clicked on

2020-10-13 11:21:16 - [MESSAGE][PASSED] - Quicksti.ts:Clicked on the TransactionSearch

2020-10-13 11:21:16 - [TEST_STEP][PASSED] - utilities.SafeActions.safeType(findTestObject("CERTPAY_ADMIN/PAYMENT_ID"), paymentId, "Payment id", [pageLoadTime]): Quicksti.ts:Entered'100176127370 into Payment id

2020-10-13 11:21:16 - [MESSAGE][PASSED] - Object 'Object Repository/CERTPAY_ADMIN/PAYMENT_ID' is present

2020-10-13 11:21:16 - [MESSAGE][PASSED] - Object 'Object Repository/CERTPAY_ADMIN/PAYMENT_ID' is visible

2020-10-13 11:21:17 - [MESSAGE][PASSED] - Object 'Object Repository/CERTPAY_ADMIN/PAYMENT_ID' is present

2020-10-13 11:21:18 - [MESSAGE][PASSED] - Text '100176127370' is set on object 'Object Repository/CERTPAY_ADMIN/PAYMENT_ID'

2020-10-13 11:21:18 - [MESSAGE][PASSED] - Quicksti.ts:Entered'100176127370 into Payment id

2020-10-13 11:21:18 - [TEST_STEP][PASSED] - utilities.SafeActions.safeClick(findTestObject("CERTPAY_ADMIN/GO_BUTTON"), "Go button", [pageLoadTime]): Quicksti.ts:Clicked on the Go button

2020-10-13 11:21:18 - [MESSAGE][INFO] - safeClicking

2020-10-13 11:21:18 - [MESSAGE][PASSED] - Object 'Object Repository/CERTPAY_ADMIN/GO_BUTTON' is present

2020-10-13 11:21:19 - [MESSAGE][PASSED] - Object 'Object Repository/CERTPAY_ADMIN/GO_BUTTON' is clickable

2020-10-13 11:21:22 - [MESSAGE][PASSED] - Object: 'Object Repository/CERTPAY_ADMIN/GO_BUTTON' is clicked on

2020-10-13 11:21:22 - [MESSAGE][PASSED] - Quicksti.ts:Clicked on the Go button

2020-10-13 11:21:22 - [TEST_STEP][PASSED] - delay(5): Delayed 5 second(s)

2020-10-13 11:21:27 - [MESSAGE][PASSED] - Delayed 5 second(s)

2020-10-13 11:21:27 - [TEST_STEP][PASSED] - scrollToPosition(800, 900): Browser is scrolled to position x = 800, y = 900

2020-10-13 11:21:27 - [MESSAGE][PASSED] - Browser is scrolled to position x = 800, y = 900

2020-10-13 11:21:27 - [TEST_STEP][PASSED] - paymentIdList.add(paymentId): null

2020-10-13 11:21:27 - [TEST_STEP][PASSED] - println(paymentIdList): null

2020-10-13 11:21:27 - [TEST_STEP][PASSED] - firstName = data.getValue("FirstName", index): null

2020-10-13 11:21:27 - [TEST_STEP][PASSED] - lastName = data.getValue("LastName", index): null

2020-10-13 11:21:27 - [TEST_STEP][PASSED] - cardNum = data.getValue("CardNumber", index): null

2020-10-13 11:21:27 - [TEST_STEP][PASSED] - expMonth = data.getValue("ExpMonth", index): null

2020-10-13 11:21:27 - [TEST_STEP][PASSED] - expYear = data.getValue("ExpYear", index): null

2020-10-13 11:21:27 - [TEST_STEP][PASSED] - securityCode = data.getValue("SecurityCode", index): null

2020-10-13 11:21:27 - [TEST_STEP][PASSED] - paymentAmount = data.getValue("PaymentAmount", index): null

2020-10-13 11:21:27 - [TEST_STEP][PASSED] - paymentType = data.getValue("PaymentType", index): null

2020-10-13 11:21:27 - [TEST_STEP][PASSED] - quantity = data.getValue("Quantity", index): null

2020-10-13 11:21:27 - [TEST_STEP][PASSED] - comments = data.getValue("Comments", index): null

2020-10-13 11:21:27 - [TEST_STEP][PASSED] - referenceNum = data.getValue("ReferenceNum", index): null

2020-10-13 11:21:27 - [TEST_STEP][PASSED] - address = data.getValue("Address", index): null

2020-10-13 11:21:27 - [TEST_STEP][PASSED] - zipCode = data.getValue("Zipcode", index): null

2020-10-13 11:21:27 - [TEST_STEP][PASSED] - telephone = data.getValue("Telephone", index): null

2020-10-13 11:21:27 - [TEST_STEP][PASSED] - emailAddress = data.getValue("EmailAddress", index): null

2020-10-13 11:21:27 - [TEST_STEP][PASSED] - cardType = data.getValue("CardType", index): null

2020-10-13 11:21:27 - [TEST_STEP][PASSED] - amountList = paymentAmount.split(","): null

2020-10-13 11:21:27 - [TEST_STEP][PASSED] - referenceList = referenceNum.split(","): null

2020-10-13 11:21:27 - [TEST_STEP][PASSED] - paymentTypeList = paymentType.split(","): null

2020-10-13 11:21:27 - [TEST_STEP][PASSED] - commentsList = comments.split(","): null

2020-10-13 11:21:27 - [TEST_STEP][PASSED] - quantityList = quantity.split(","): null

2020-10-13 11:21:27 - [TEST_STEP][PASSED] - utilities.SafeActions.openBrowser(Quicksti_Url, [pageLoadTime]): Browser launched successfully

2020-10-13 11:21:27 - [MESSAGE][INFO] - Opening Browser

2020-10-13 11:21:27 - [MESSAGE][WARNING] - A browser is already opened. Closing browser and opening a new one

2020-10-13 11:21:28 - [MESSAGE][INFO] - Starting 'Chrome' driver

2020-10-13 11:21:37 - [MESSAGE][PASSED] - Browser is opened with url: 'https://qa-certpayquicksti.faps.net/'

2020-10-13 11:21:39 - [MESSAGE][PASSED] - Current window maximized

2020-10-13 11:21:39 - [MESSAGE][PASSED] - Browser launched successfully

2020-10-13 11:21:39 - [TEST_STEP][PASSED] - utilities.SafeActions.safeCheck(findTestObject("CERTPAY_QUICKSTI/Login_ Page/MULTI_BUREAU_CHECKBOX"), "Multi Bureau", [pageLoadTime]): Quicksti.ts:Checkbox 'Multi Bureau'is selected

2020-10-13 11:21:39 - [MESSAGE][PASSED] - Object 'Object Repository/CERTPAY_QUICKSTI/Login_ Page/MULTI_BUREAU_CHECKBOX' is present

2020-10-13 11:21:40 - [MESSAGE][PASSED] - Object 'Object Repository/CERTPAY_QUICKSTI/Login_ Page/MULTI_BUREAU_CHECKBOX' is present

2020-10-13 11:21:41 - [MESSAGE][PASSED] - Object: 'Object Repository/CERTPAY_QUICKSTI/Login_ Page/MULTI_BUREAU_CHECKBOX' is clicked on

2020-10-13 11:21:41 - [MESSAGE][PASSED] - Quicksti.ts:Checkbox 'Multi Bureau'is selected

2020-10-13 11:21:41 - [TEST_STEP][PASSED] - utilities.SafeActions.safeType(findTestObject("CERTPAY_QUICKSTI/Login_ Page/TELLER_ID"), teller_id, "Bureau code", [pageLoadTime]): Quicksti.ts:Entered'zenq into Bureau code

2020-10-13 11:21:43 - [MESSAGE][PASSED] - Object 'Object Repository/CERTPAY_QUICKSTI/Login_ Page/TELLER_ID' is present

2020-10-13 11:21:44 - [MESSAGE][PASSED] - Object 'Object Repository/CERTPAY_QUICKSTI/Login_ Page/TELLER_ID' is visible

2020-10-13 11:21:44 - [MESSAGE][PASSED] - Object 'Object Repository/CERTPAY_QUICKSTI/Login_ Page/TELLER_ID' is present

2020-10-13 11:21:45 - [MESSAGE][PASSED] - Text 'zenq' is set on object 'Object Repository/CERTPAY_QUICKSTI/Login_ Page/TELLER_ID'

2020-10-13 11:21:45 - [MESSAGE][PASSED] - Quicksti.ts:Entered'zenq into Bureau code

2020-10-13 11:21:45 - [TEST_STEP][PASSED] - utilities.SafeActions.safeClick(findTestObject("CERTPAY_QUICKSTI/Login_ Page/NEXT_BUTTON"), "Next button", [pageLoadTime]): Quicksti.ts:Clicked on the Next button

2020-10-13 11:21:45 - [MESSAGE][INFO] - safeClicking

2020-10-13 11:21:45 - [MESSAGE][PASSED] - Object 'Object Repository/CERTPAY_QUICKSTI/Login_ Page/NEXT_BUTTON' is present

2020-10-13 11:21:46 - [MESSAGE][PASSED] - Object 'Object Repository/CERTPAY_QUICKSTI/Login_ Page/NEXT_BUTTON' is clickable

2020-10-13 11:21:52 - [MESSAGE][PASSED] - Object: 'Object Repository/CERTPAY_QUICKSTI/Login_ Page/NEXT_BUTTON' is clicked on

2020-10-13 11:21:52 - [MESSAGE][PASSED] - Quicksti.ts:Clicked on the Next button

2020-10-13 11:21:52 - [TEST_STEP][PASSED] - for ([i = 0, i <= amountList.size() - 1, (i++)]): Quicksti.ts:Entered'2 into Quntity

2020-10-13 11:21:52 - [TEST_STEP][PASSED] - s = Integer.toString(i): null

2020-10-13 11:21:52 - [TEST_STEP][PASSED] - pages.Quicksti.setCommnets("0", s, commentsList.get(i)): Quicksti.ts:Entered'Testing into Comments

2020-10-13 11:21:52 - [MESSAGE][PASSED] - Object '' is present

2020-10-13 11:21:52 - [MESSAGE][PASSED] - Object '' is visible

2020-10-13 11:21:52 - [MESSAGE][PASSED] - Object '' is present

2020-10-13 11:21:54 - [MESSAGE][PASSED] - Text 'Testing' is set on object ''

2020-10-13 11:21:54 - [MESSAGE][PASSED] - Quicksti.ts:Entered'Testing into Comments

2020-10-13 11:21:54 - [TEST_STEP][PASSED] - utilities.SafeActions.safeType(findTestObject("CERTPAY_QUICKSTI/Payment_Information_Page/PAYMENT_AMOUNT"), amountList.get(i), "Payment Amount", [pageLoadTime]): Quicksti.ts:Entered'45.00 into Payment Amount

2020-10-13 11:21:54 - [MESSAGE][PASSED] - Object 'Object Repository/CERTPAY_QUICKSTI/Payment_Information_Page/PAYMENT_AMOUNT' is present

2020-10-13 11:21:54 - [MESSAGE][PASSED] - Object 'Object Repository/CERTPAY_QUICKSTI/Payment_Information_Page/PAYMENT_AMOUNT' is visible

2020-10-13 11:21:55 - [MESSAGE][PASSED] - Object 'Object Repository/CERTPAY_QUICKSTI/Payment_Information_Page/PAYMENT_AMOUNT' is present

2020-10-13 11:21:56 - [MESSAGE][PASSED] - Text '45.00' is set on object 'Object Repository/CERTPAY_QUICKSTI/Payment_Information_Page/PAYMENT_AMOUNT'

2020-10-13 11:21:56 - [MESSAGE][PASSED] - Quicksti.ts:Entered'45.00 into Payment Amount

2020-10-13 11:21:56 - [TEST_STEP][PASSED] - pages.Quicksti.setAmountDetailsForMultiBureau(s, paymentTypeList.get(i), "0", referenceList.get(i), quantityList.get(i)): Quicksti.ts:Entered'1 into Quntity

2020-10-13 11:21:57 - [MESSAGE][PASSED] - Object '' is visible

2020-10-13 11:21:57 - [MESSAGE][PASSED] - Object '' is present

2020-10-13 11:21:58 - [MESSAGE][PASSED] - Object: '' is clicked on

2020-10-13 11:21:59 - [MESSAGE][PASSED] - All options with label 'Licenses' are selected in object ''  using regular expression

2020-10-13 11:21:59 - [MESSAGE][PASSED] - selected dropdown option by visible text  Licensesfrom Payment Type

2020-10-13 11:22:00 - [MESSAGE][PASSED] - Object '' is present

2020-10-13 11:22:00 - [MESSAGE][PASSED] - Object '' is visible

2020-10-13 11:22:00 - [MESSAGE][PASSED] - Object '' is present

2020-10-13 11:22:01 - [MESSAGE][PASSED] - Text '11' is set on object ''

2020-10-13 11:22:01 - [MESSAGE][PASSED] - Quicksti.ts:Entered'11 into RefrenceNumber

2020-10-13 11:22:02 - [MESSAGE][PASSED] - Object '' is present

2020-10-13 11:22:02 - [MESSAGE][PASSED] - Object '' is visible

2020-10-13 11:22:02 - [MESSAGE][PASSED] - Object '' is present

2020-10-13 11:22:04 - [MESSAGE][PASSED] - Text '1' is set on object ''

2020-10-13 11:22:04 - [MESSAGE][PASSED] - Quicksti.ts:Entered'1 into Quntity

2020-10-13 11:22:04 - [TEST_STEP][PASSED] - s = Integer.toString(i): null

2020-10-13 11:22:04 - [TEST_STEP][PASSED] - pages.Quicksti.setCommnets("0", s, commentsList.get(i)): Quicksti.ts:Entered'Tester into Comments

2020-10-13 11:22:04 - [MESSAGE][PASSED] - Object '' is present

2020-10-13 11:22:04 - [MESSAGE][PASSED] - Object '' is visible

2020-10-13 11:22:05 - [MESSAGE][PASSED] - Object '' is present

2020-10-13 11:22:06 - [MESSAGE][PASSED] - Text 'Tester' is set on object ''

2020-10-13 11:22:06 - [MESSAGE][PASSED] - Quicksti.ts:Entered'Tester into Comments

2020-10-13 11:22:06 - [TEST_STEP][PASSED] - utilities.SafeActions.safeType(findTestObject("CERTPAY_QUICKSTI/Payment_Information_Page/PAYMENT_AMOUNT"), amountList.get(i), "Payment Amount", [pageLoadTime]): Quicksti.ts:Entered'35.00 into Payment Amount

2020-10-13 11:22:06 - [MESSAGE][PASSED] - Object 'Object Repository/CERTPAY_QUICKSTI/Payment_Information_Page/PAYMENT_AMOUNT' is present

2020-10-13 11:22:07 - [MESSAGE][PASSED] - Object 'Object Repository/CERTPAY_QUICKSTI/Payment_Information_Page/PAYMENT_AMOUNT' is visible

2020-10-13 11:22:07 - [MESSAGE][PASSED] - Object 'Object Repository/CERTPAY_QUICKSTI/Payment_Information_Page/PAYMENT_AMOUNT' is present

2020-10-13 11:22:08 - [MESSAGE][PASSED] - Text '35.00' is set on object 'Object Repository/CERTPAY_QUICKSTI/Payment_Information_Page/PAYMENT_AMOUNT'

2020-10-13 11:22:08 - [MESSAGE][PASSED] - Quicksti.ts:Entered'35.00 into Payment Amount

2020-10-13 11:22:08 - [TEST_STEP][PASSED] - pages.Quicksti.setAmountDetailsForMultiBureau(s, paymentTypeList.get(i), "0", referenceList.get(i), quantityList.get(i)): Quicksti.ts:Entered'2 into Quntity

2020-10-13 11:22:09 - [MESSAGE][PASSED] - Object '' is visible

2020-10-13 11:22:09 - [MESSAGE][PASSED] - Object '' is present

2020-10-13 11:22:10 - [MESSAGE][PASSED] - Object: '' is clicked on

2020-10-13 11:22:11 - [MESSAGE][PASSED] - All options with label 'Taxes' are selected in object ''  using regular expression

2020-10-13 11:22:11 - [MESSAGE][PASSED] - selected dropdown option by visible text  Taxesfrom Payment Type

2020-10-13 11:22:12 - [MESSAGE][PASSED] - Object '' is present

2020-10-13 11:22:12 - [MESSAGE][PASSED] - Object '' is visible

2020-10-13 11:22:12 - [MESSAGE][PASSED] - Object '' is present

2020-10-13 11:22:14 - [MESSAGE][PASSED] - Text '12' is set on object ''

2020-10-13 11:22:14 - [MESSAGE][PASSED] - Quicksti.ts:Entered'12 into RefrenceNumber

2020-10-13 11:22:14 - [MESSAGE][PASSED] - Object '' is present

2020-10-13 11:22:14 - [MESSAGE][PASSED] - Object '' is visible

2020-10-13 11:22:15 - [MESSAGE][PASSED] - Object '' is present

2020-10-13 11:22:16 - [MESSAGE][PASSED] - Text '2' is set on object ''

2020-10-13 11:22:16 - [MESSAGE][PASSED] - Quicksti.ts:Entered'2 into Quntity

2020-10-13 11:22:16 - [TEST_STEP][PASSED] - s = Integer.toString(i): null

2020-10-13 11:22:16 - [TEST_STEP][PASSED] - pages.Quicksti.setCommnets("0", s, commentsList.get(i)): Quicksti.ts:Entered'Testing into Comments

2020-10-13 11:22:16 - [MESSAGE][PASSED] - Object '' is present

2020-10-13 11:22:17 - [MESSAGE][PASSED] - Object '' is visible

2020-10-13 11:22:17 - [MESSAGE][PASSED] - Object '' is present

2020-10-13 11:22:18 - [MESSAGE][PASSED] - Text 'Testing' is set on object ''

2020-10-13 11:22:18 - [MESSAGE][PASSED] - Quicksti.ts:Entered'Testing into Comments

2020-10-13 11:22:18 - [TEST_STEP][PASSED] - utilities.SafeActions.safeType(findTestObject("CERTPAY_QUICKSTI/Payment_Information_Page/PAYMENT_AMOUNT"), amountList.get(i), "Payment Amount", [pageLoadTime]): Quicksti.ts:Entered'20.00 into Payment Amount

2020-10-13 11:22:19 - [MESSAGE][PASSED] - Object 'Object Repository/CERTPAY_QUICKSTI/Payment_Information_Page/PAYMENT_AMOUNT' is present

2020-10-13 11:22:19 - [MESSAGE][PASSED] - Object 'Object Repository/CERTPAY_QUICKSTI/Payment_Information_Page/PAYMENT_AMOUNT' is visible

2020-10-13 11:22:19 - [MESSAGE][PASSED] - Object 'Object Repository/CERTPAY_QUICKSTI/Payment_Information_Page/PAYMENT_AMOUNT' is present

2020-10-13 11:22:20 - [MESSAGE][PASSED] - Text '20.00' is set on object 'Object Repository/CERTPAY_QUICKSTI/Payment_Information_Page/PAYMENT_AMOUNT'

2020-10-13 11:22:20 - [MESSAGE][PASSED] - Quicksti.ts:Entered'20.00 into Payment Amount

2020-10-13 11:22:20 - [TEST_STEP][PASSED] - pages.Quicksti.setAmountDetailsForMultiBureau(s, paymentTypeList.get(i), "0", referenceList.get(i), quantityList.get(i)): Quicksti.ts:Entered'2 into Quntity

2020-10-13 11:22:21 - [MESSAGE][PASSED] - Object '' is visible

2020-10-13 11:22:21 - [MESSAGE][PASSED] - Object '' is present

2020-10-13 11:22:22 - [MESSAGE][PASSED] - Object: '' is clicked on

2020-10-13 11:22:24 - [MESSAGE][PASSED] - All options with label 'Court Fines' are selected in object ''  using regular expression

2020-10-13 11:22:24 - [MESSAGE][PASSED] - selected dropdown option by visible text  Court Finesfrom Payment Type

2020-10-13 11:22:24 - [MESSAGE][PASSED] - Object '' is present

2020-10-13 11:22:24 - [MESSAGE][PASSED] - Object '' is visible

2020-10-13 11:22:25 - [MESSAGE][PASSED] - Object '' is present

2020-10-13 11:22:26 - [MESSAGE][PASSED] - Text '13' is set on object ''

2020-10-13 11:22:26 - [MESSAGE][PASSED] - Quicksti.ts:Entered'13 into RefrenceNumber

2020-10-13 11:22:26 - [MESSAGE][PASSED] - Object '' is present

2020-10-13 11:22:27 - [MESSAGE][PASSED] - Object '' is visible

2020-10-13 11:22:27 - [MESSAGE][PASSED] - Object '' is present

2020-10-13 11:22:28 - [MESSAGE][PASSED] - Text '2' is set on object ''

2020-10-13 11:22:28 - [MESSAGE][PASSED] - Quicksti.ts:Entered'2 into Quntity

2020-10-13 11:22:28 - [TEST_STEP][PASSED] - for ([i = 0, i <= amountList.size() - 1, (i++)]): Quicksti.ts:Entered'2 into Quntity

2020-10-13 11:22:28 - [TEST_STEP][PASSED] - s = Integer.toString(i): null

2020-10-13 11:22:28 - [TEST_STEP][PASSED] - utilities.SafeActions.safeType(findTestObject("CERTPAY_QUICKSTI/Payment_Information_Page/MULTIBUREAU_PAYMENT_AMOUNT"), amountList.get(i), "Payment Amount", [pageLoadTime]): Quicksti.ts:Entered'45.00 into Payment Amount

2020-10-13 11:22:29 - [MESSAGE][PASSED] - Object 'Object Repository/CERTPAY_QUICKSTI/Payment_Information_Page/MULTIBUREAU_PAYMENT_AMOUNT' is present

2020-10-13 11:22:29 - [MESSAGE][PASSED] - Object 'Object Repository/CERTPAY_QUICKSTI/Payment_Information_Page/MULTIBUREAU_PAYMENT_AMOUNT' is visible

2020-10-13 11:22:29 - [MESSAGE][PASSED] - Object 'Object Repository/CERTPAY_QUICKSTI/Payment_Information_Page/MULTIBUREAU_PAYMENT_AMOUNT' is present

2020-10-13 11:22:31 - [MESSAGE][PASSED] - Text '45.00' is set on object 'Object Repository/CERTPAY_QUICKSTI/Payment_Information_Page/MULTIBUREAU_PAYMENT_AMOUNT'

2020-10-13 11:22:31 - [MESSAGE][PASSED] - Quicksti.ts:Entered'45.00 into Payment Amount

2020-10-13 11:22:31 - [TEST_STEP][PASSED] - pages.Quicksti.setAmountDetailsForMultiBureau(s, "Registration Fees", "1", referenceList.get(i), quantityList.get(i)): Quicksti.ts:Entered'1 into Quntity

2020-10-13 11:22:31 - [MESSAGE][PASSED] - Object '' is visible

2020-10-13 11:22:31 - [MESSAGE][PASSED] - Object '' is present

2020-10-13 11:22:33 - [MESSAGE][PASSED] - Object: '' is clicked on

2020-10-13 11:22:34 - [MESSAGE][PASSED] - All options with label 'Registration Fees' are selected in object ''  using regular expression

2020-10-13 11:22:34 - [MESSAGE][PASSED] - selected dropdown option by visible text  Registration Feesfrom Payment Type

2020-10-13 11:22:34 - [MESSAGE][PASSED] - Object '' is present

2020-10-13 11:22:34 - [MESSAGE][PASSED] - Object '' is visible

2020-10-13 11:22:35 - [MESSAGE][PASSED] - Object '' is present

2020-10-13 11:22:36 - [MESSAGE][PASSED] - Text '11' is set on object ''

2020-10-13 11:22:36 - [MESSAGE][PASSED] - Quicksti.ts:Entered'11 into RefrenceNumber

2020-10-13 11:22:36 - [MESSAGE][PASSED] - Object '' is present

2020-10-13 11:22:36 - [MESSAGE][PASSED] - Object '' is visible

2020-10-13 11:22:37 - [MESSAGE][PASSED] - Object '' is present

2020-10-13 11:22:38 - [MESSAGE][PASSED] - Text '1' is set on object ''

2020-10-13 11:22:38 - [MESSAGE][PASSED] - Quicksti.ts:Entered'1 into Quntity

2020-10-13 11:22:38 - [TEST_STEP][PASSED] - s = Integer.toString(i): null

2020-10-13 11:22:38 - [TEST_STEP][PASSED] - utilities.SafeActions.safeType(findTestObject("CERTPAY_QUICKSTI/Payment_Information_Page/MULTIBUREAU_PAYMENT_AMOUNT"), amountList.get(i), "Payment Amount", [pageLoadTime]): Quicksti.ts:Entered'35.00 into Payment Amount

2020-10-13 11:22:38 - [MESSAGE][PASSED] - Object 'Object Repository/CERTPAY_QUICKSTI/Payment_Information_Page/MULTIBUREAU_PAYMENT_AMOUNT' is present

2020-10-13 11:22:39 - [MESSAGE][PASSED] - Object 'Object Repository/CERTPAY_QUICKSTI/Payment_Information_Page/MULTIBUREAU_PAYMENT_AMOUNT' is visible

2020-10-13 11:22:39 - [MESSAGE][PASSED] - Object 'Object Repository/CERTPAY_QUICKSTI/Payment_Information_Page/MULTIBUREAU_PAYMENT_AMOUNT' is present

2020-10-13 11:22:40 - [MESSAGE][PASSED] - Text '35.00' is set on object 'Object Repository/CERTPAY_QUICKSTI/Payment_Information_Page/MULTIBUREAU_PAYMENT_AMOUNT'

2020-10-13 11:22:40 - [MESSAGE][PASSED] - Quicksti.ts:Entered'35.00 into Payment Amount

2020-10-13 11:22:40 - [TEST_STEP][PASSED] - pages.Quicksti.setAmountDetailsForMultiBureau(s, "Registration Fees", "1", referenceList.get(i), quantityList.get(i)): Quicksti.ts:Entered'2 into Quntity

2020-10-13 11:22:41 - [MESSAGE][PASSED] - Object '' is visible

2020-10-13 11:22:41 - [MESSAGE][PASSED] - Object '' is present

2020-10-13 11:22:42 - [MESSAGE][PASSED] - Object: '' is clicked on

2020-10-13 11:22:43 - [MESSAGE][PASSED] - All options with label 'Registration Fees' are selected in object ''  using regular expression

2020-10-13 11:22:43 - [MESSAGE][PASSED] - selected dropdown option by visible text  Registration Feesfrom Payment Type

2020-10-13 11:22:44 - [MESSAGE][PASSED] - Object '' is present

2020-10-13 11:22:44 - [MESSAGE][PASSED] - Object '' is visible

2020-10-13 11:22:44 - [MESSAGE][PASSED] - Object '' is present

2020-10-13 11:22:46 - [MESSAGE][PASSED] - Text '12' is set on object ''

2020-10-13 11:22:46 - [MESSAGE][PASSED] - Quicksti.ts:Entered'12 into RefrenceNumber

2020-10-13 11:22:46 - [MESSAGE][PASSED] - Object '' is present

2020-10-13 11:22:46 - [MESSAGE][PASSED] - Object '' is visible

2020-10-13 11:22:46 - [MESSAGE][PASSED] - Object '' is present

2020-10-13 11:22:48 - [MESSAGE][PASSED] - Text '2' is set on object ''

2020-10-13 11:22:48 - [MESSAGE][PASSED] - Quicksti.ts:Entered'2 into Quntity

2020-10-13 11:22:48 - [TEST_STEP][PASSED] - s = Integer.toString(i): null

2020-10-13 11:22:48 - [TEST_STEP][PASSED] - utilities.SafeActions.safeType(findTestObject("CERTPAY_QUICKSTI/Payment_Information_Page/MULTIBUREAU_PAYMENT_AMOUNT"), amountList.get(i), "Payment Amount", [pageLoadTime]): Quicksti.ts:Entered'20.00 into Payment Amount

2020-10-13 11:22:48 - [MESSAGE][PASSED] - Object 'Object Repository/CERTPAY_QUICKSTI/Payment_Information_Page/MULTIBUREAU_PAYMENT_AMOUNT' is present

2020-10-13 11:22:48 - [MESSAGE][PASSED] - Object 'Object Repository/CERTPAY_QUICKSTI/Payment_Information_Page/MULTIBUREAU_PAYMENT_AMOUNT' is visible

2020-10-13 11:22:49 - [MESSAGE][PASSED] - Object 'Object Repository/CERTPAY_QUICKSTI/Payment_Information_Page/MULTIBUREAU_PAYMENT_AMOUNT' is present

2020-10-13 11:22:50 - [MESSAGE][PASSED] - Text '20.00' is set on object 'Object Repository/CERTPAY_QUICKSTI/Payment_Information_Page/MULTIBUREAU_PAYMENT_AMOUNT'

2020-10-13 11:22:50 - [MESSAGE][PASSED] - Quicksti.ts:Entered'20.00 into Payment Amount

2020-10-13 11:22:50 - [TEST_STEP][PASSED] - pages.Quicksti.setAmountDetailsForMultiBureau(s, "Registration Fees", "1", referenceList.get(i), quantityList.get(i)): Quicksti.ts:Entered'2 into Quntity

2020-10-13 11:22:51 - [MESSAGE][PASSED] - Object '' is visible

2020-10-13 11:22:51 - [MESSAGE][PASSED] - Object '' is present

2020-10-13 11:22:52 - [MESSAGE][PASSED] - Object: '' is clicked on

2020-10-13 11:22:53 - [MESSAGE][PASSED] - All options with label 'Registration Fees' are selected in object ''  using regular expression

2020-10-13 11:22:53 - [MESSAGE][PASSED] - selected dropdown option by visible text  Registration Feesfrom Payment Type

2020-10-13 11:22:53 - [MESSAGE][PASSED] - Object '' is present

2020-10-13 11:22:54 - [MESSAGE][PASSED] - Object '' is visible

2020-10-13 11:22:54 - [MESSAGE][PASSED] - Object '' is present

2020-10-13 11:22:55 - [MESSAGE][PASSED] - Text '13' is set on object ''

2020-10-13 11:22:55 - [MESSAGE][PASSED] - Quicksti.ts:Entered'13 into RefrenceNumber

2020-10-13 11:22:56 - [MESSAGE][PASSED] - Object '' is present

2020-10-13 11:22:56 - [MESSAGE][PASSED] - Object '' is visible

2020-10-13 11:22:56 - [MESSAGE][PASSED] - Object '' is present

2020-10-13 11:22:57 - [MESSAGE][PASSED] - Text '2' is set on object ''

2020-10-13 11:22:57 - [MESSAGE][PASSED] - Quicksti.ts:Entered'2 into Quntity

2020-10-13 11:22:57 - [TEST_STEP][PASSED] - for ([i = 0, i <= amountList.size() - 1, (i++)]): Quicksti.ts:Entered'Testing into Comments

2020-10-13 11:22:57 - [TEST_STEP][PASSED] - s = Integer.toString(i): null

2020-10-13 11:22:57 - [TEST_STEP][PASSED] - utilities.SafeActions.safeType(findTestObject("CERTPAY_QUICKSTI/Payment_Information_Page/MULTIBUREAU_PAY_AMOUNT2"), amountList.get(i), "Payment Amount", [pageLoadTime]): Quicksti.ts:Entered'45.00 into Payment Amount

2020-10-13 11:22:58 - [MESSAGE][PASSED] - Object 'Object Repository/CERTPAY_QUICKSTI/Payment_Information_Page/MULTIBUREAU_PAY_AMOUNT2' is present

2020-10-13 11:22:58 - [MESSAGE][PASSED] - Object 'Object Repository/CERTPAY_QUICKSTI/Payment_Information_Page/MULTIBUREAU_PAY_AMOUNT2' is visible

2020-10-13 11:22:58 - [MESSAGE][PASSED] - Object 'Object Repository/CERTPAY_QUICKSTI/Payment_Information_Page/MULTIBUREAU_PAY_AMOUNT2' is present

2020-10-13 11:23:00 - [MESSAGE][PASSED] - Text '45.00' is set on object 'Object Repository/CERTPAY_QUICKSTI/Payment_Information_Page/MULTIBUREAU_PAY_AMOUNT2'

2020-10-13 11:23:00 - [MESSAGE][PASSED] - Quicksti.ts:Entered'45.00 into Payment Amount

2020-10-13 11:23:00 - [TEST_STEP][PASSED] - pages.Quicksti.setAmountDetailsForMultiBureau(s, "Vehicles", "2", referenceList.get(i), quantityList.get(i)): Quicksti.ts:Entered'1 into Quntity

2020-10-13 11:23:00 - [MESSAGE][PASSED] - Object '' is visible

2020-10-13 11:23:01 - [MESSAGE][PASSED] - Object '' is present

2020-10-13 11:23:02 - [MESSAGE][PASSED] - Object: '' is clicked on

2020-10-13 11:23:03 - [MESSAGE][PASSED] - All options with label 'Vehicles' are selected in object ''  using regular expression

2020-10-13 11:23:03 - [MESSAGE][PASSED] - selected dropdown option by visible text  Vehiclesfrom Payment Type

2020-10-13 11:23:04 - [MESSAGE][PASSED] - Object '' is present

2020-10-13 11:23:04 - [MESSAGE][PASSED] - Object '' is visible

2020-10-13 11:23:04 - [MESSAGE][PASSED] - Object '' is present

2020-10-13 11:23:05 - [MESSAGE][PASSED] - Text '11' is set on object ''

2020-10-13 11:23:05 - [MESSAGE][PASSED] - Quicksti.ts:Entered'11 into RefrenceNumber

2020-10-13 11:23:06 - [MESSAGE][PASSED] - Object '' is present

2020-10-13 11:23:06 - [MESSAGE][PASSED] - Object '' is visible

2020-10-13 11:23:06 - [MESSAGE][PASSED] - Object '' is present

2020-10-13 11:23:08 - [MESSAGE][PASSED] - Text '1' is set on object ''

2020-10-13 11:23:08 - [MESSAGE][PASSED] - Quicksti.ts:Entered'1 into Quntity

2020-10-13 11:23:08 - [TEST_STEP][PASSED] - pages.Quicksti.setCommnets("2", s, commentsList.get(i)): Quicksti.ts:Entered'Testing into Comments

2020-10-13 11:23:08 - [MESSAGE][PASSED] - Object '' is present

2020-10-13 11:23:08 - [MESSAGE][PASSED] - Object '' is visible

2020-10-13 11:23:09 - [MESSAGE][PASSED] - Object '' is present

2020-10-13 11:23:10 - [MESSAGE][PASSED] - Text 'Testing' is set on object ''

2020-10-13 11:23:10 - [MESSAGE][PASSED] - Quicksti.ts:Entered'Testing into Comments

2020-10-13 11:23:10 - [TEST_STEP][PASSED] - s = Integer.toString(i): null

2020-10-13 11:23:10 - [TEST_STEP][PASSED] - utilities.SafeActions.safeType(findTestObject("CERTPAY_QUICKSTI/Payment_Information_Page/MULTIBUREAU_PAY_AMOUNT2"), amountList.get(i), "Payment Amount", [pageLoadTime]): Quicksti.ts:Entered'35.00 into Payment Amount

2020-10-13 11:23:10 - [MESSAGE][PASSED] - Object 'Object Repository/CERTPAY_QUICKSTI/Payment_Information_Page/MULTIBUREAU_PAY_AMOUNT2' is present

2020-10-13 11:23:11 - [MESSAGE][PASSED] - Object 'Object Repository/CERTPAY_QUICKSTI/Payment_Information_Page/MULTIBUREAU_PAY_AMOUNT2' is visible

2020-10-13 11:23:11 - [MESSAGE][PASSED] - Object 'Object Repository/CERTPAY_QUICKSTI/Payment_Information_Page/MULTIBUREAU_PAY_AMOUNT2' is present

2020-10-13 11:23:12 - [MESSAGE][PASSED] - Text '35.00' is set on object 'Object Repository/CERTPAY_QUICKSTI/Payment_Information_Page/MULTIBUREAU_PAY_AMOUNT2'

2020-10-13 11:23:12 - [MESSAGE][PASSED] - Quicksti.ts:Entered'35.00 into Payment Amount

2020-10-13 11:23:12 - [TEST_STEP][PASSED] - pages.Quicksti.setAmountDetailsForMultiBureau(s, "Vehicles", "2", referenceList.get(i), quantityList.get(i)): Quicksti.ts:Entered'2 into Quntity

2020-10-13 11:23:13 - [MESSAGE][PASSED] - Object '' is visible

2020-10-13 11:23:13 - [MESSAGE][PASSED] - Object '' is present

2020-10-13 11:23:14 - [MESSAGE][PASSED] - Object: '' is clicked on

2020-10-13 11:23:15 - [MESSAGE][PASSED] - All options with label 'Vehicles' are selected in object ''  using regular expression

2020-10-13 11:23:15 - [MESSAGE][PASSED] - selected dropdown option by visible text  Vehiclesfrom Payment Type

2020-10-13 11:23:16 - [MESSAGE][PASSED] - Object '' is present

2020-10-13 11:23:16 - [MESSAGE][PASSED] - Object '' is visible

2020-10-13 11:23:16 - [MESSAGE][PASSED] - Object '' is present

2020-10-13 11:23:18 - [MESSAGE][PASSED] - Text '12' is set on object ''

2020-10-13 11:23:18 - [MESSAGE][PASSED] - Quicksti.ts:Entered'12 into RefrenceNumber

2020-10-13 11:23:18 - [MESSAGE][PASSED] - Object '' is present

2020-10-13 11:23:18 - [MESSAGE][PASSED] - Object '' is visible

2020-10-13 11:23:18 - [MESSAGE][PASSED] - Object '' is present

2020-10-13 11:23:20 - [MESSAGE][PASSED] - Text '2' is set on object ''

2020-10-13 11:23:20 - [MESSAGE][PASSED] - Quicksti.ts:Entered'2 into Quntity

2020-10-13 11:23:20 - [TEST_STEP][PASSED] - pages.Quicksti.setCommnets("2", s, commentsList.get(i)): Quicksti.ts:Entered'Tester into Comments

2020-10-13 11:23:20 - [MESSAGE][PASSED] - Object '' is present

2020-10-13 11:23:21 - [MESSAGE][PASSED] - Object '' is visible

2020-10-13 11:23:21 - [MESSAGE][PASSED] - Object '' is present

2020-10-13 11:23:22 - [MESSAGE][PASSED] - Text 'Tester' is set on object ''

2020-10-13 11:23:22 - [MESSAGE][PASSED] - Quicksti.ts:Entered'Tester into Comments

2020-10-13 11:23:22 - [TEST_STEP][PASSED] - s = Integer.toString(i): null

2020-10-13 11:23:22 - [TEST_STEP][PASSED] - utilities.SafeActions.safeType(findTestObject("CERTPAY_QUICKSTI/Payment_Information_Page/MULTIBUREAU_PAY_AMOUNT2"), amountList.get(i), "Payment Amount", [pageLoadTime]): Quicksti.ts:Entered'20.00 into Payment Amount

2020-10-13 11:23:22 - [MESSAGE][PASSED] - Object 'Object Repository/CERTPAY_QUICKSTI/Payment_Information_Page/MULTIBUREAU_PAY_AMOUNT2' is present

2020-10-13 11:23:23 - [MESSAGE][PASSED] - Object 'Object Repository/CERTPAY_QUICKSTI/Payment_Information_Page/MULTIBUREAU_PAY_AMOUNT2' is visible

2020-10-13 11:23:23 - [MESSAGE][PASSED] - Object 'Object Repository/CERTPAY_QUICKSTI/Payment_Information_Page/MULTIBUREAU_PAY_AMOUNT2' is present

2020-10-13 11:23:24 - [MESSAGE][PASSED] - Text '20.00' is set on object 'Object Repository/CERTPAY_QUICKSTI/Payment_Information_Page/MULTIBUREAU_PAY_AMOUNT2'

2020-10-13 11:23:24 - [MESSAGE][PASSED] - Quicksti.ts:Entered'20.00 into Payment Amount

2020-10-13 11:23:24 - [TEST_STEP][PASSED] - pages.Quicksti.setAmountDetailsForMultiBureau(s, "Vehicles", "2", referenceList.get(i), quantityList.get(i)): Quicksti.ts:Entered'2 into Quntity

2020-10-13 11:23:25 - [MESSAGE][PASSED] - Object '' is visible

2020-10-13 11:23:25 - [MESSAGE][PASSED] - Object '' is present

2020-10-13 11:23:26 - [MESSAGE][PASSED] - Object: '' is clicked on

2020-10-13 11:23:28 - [MESSAGE][PASSED] - All options with label 'Vehicles' are selected in object ''  using regular expression

2020-10-13 11:23:28 - [MESSAGE][PASSED] - selected dropdown option by visible text  Vehiclesfrom Payment Type

2020-10-13 11:23:28 - [MESSAGE][PASSED] - Object '' is present

2020-10-13 11:23:28 - [MESSAGE][PASSED] - Object '' is visible

2020-10-13 11:23:29 - [MESSAGE][PASSED] - Object '' is present

2020-10-13 11:23:30 - [MESSAGE][PASSED] - Text '13' is set on object ''

2020-10-13 11:23:30 - [MESSAGE][PASSED] - Quicksti.ts:Entered'13 into RefrenceNumber

2020-10-13 11:23:30 - [MESSAGE][PASSED] - Object '' is present

2020-10-13 11:23:31 - [MESSAGE][PASSED] - Object '' is visible

2020-10-13 11:23:31 - [MESSAGE][PASSED] - Object '' is present

2020-10-13 11:23:32 - [MESSAGE][PASSED] - Text '2' is set on object ''

2020-10-13 11:23:32 - [MESSAGE][PASSED] - Quicksti.ts:Entered'2 into Quntity

2020-10-13 11:23:32 - [TEST_STEP][PASSED] - pages.Quicksti.setCommnets("2", s, commentsList.get(i)): Quicksti.ts:Entered'Testing into Comments

2020-10-13 11:23:32 - [MESSAGE][PASSED] - Object '' is present

2020-10-13 11:23:33 - [MESSAGE][PASSED] - Object '' is visible

2020-10-13 11:23:33 - [MESSAGE][PASSED] - Object '' is present

2020-10-13 11:23:34 - [MESSAGE][PASSED] - Text 'Testing' is set on object ''

2020-10-13 11:23:34 - [MESSAGE][PASSED] - Quicksti.ts:Entered'Testing into Comments

2020-10-13 11:23:34 - [TEST_STEP][PASSED] - utilities.SafeActions.safeClick(findTestObject("CERTPAY_QUICKSTI/Payment_Information_Page/MANUAL_ENTRY_BUTTON"), "ManualEntry", [pageLoadTime]): Quicksti.ts:Clicked on the ManualEntry

2020-10-13 11:23:34 - [MESSAGE][INFO] - safeClicking

2020-10-13 11:23:35 - [MESSAGE][PASSED] - Object 'Object Repository/CERTPAY_QUICKSTI/Payment_Information_Page/MANUAL_ENTRY_BUTTON' is present

2020-10-13 11:23:35 - [MESSAGE][PASSED] - Object 'Object Repository/CERTPAY_QUICKSTI/Payment_Information_Page/MANUAL_ENTRY_BUTTON' is clickable

2020-10-13 11:23:39 - [MESSAGE][PASSED] - Object: 'Object Repository/CERTPAY_QUICKSTI/Payment_Information_Page/MANUAL_ENTRY_BUTTON' is clicked on

2020-10-13 11:23:39 - [MESSAGE][PASSED] - Quicksti.ts:Clicked on the ManualEntry

2020-10-13 11:23:39 - [TEST_STEP][PASSED] - amount_Value = pages.Quicksti.getAttributeValue(findTestObject("CERTPAY_QUICKSTI/Payment_Information_Page/SUB_TOTAL")): pages.Quicksti.getAttributeValue is PASSED

2020-10-13 11:23:40 - [MESSAGE][PASSED] - Attribute 'value' of object 'Object Repository/CERTPAY_QUICKSTI/Payment_Information_Page/SUB_TOTAL' is: '45.00'

2020-10-13 11:23:40 - [MESSAGE][PASSED] - pages.Quicksti.getAttributeValue is PASSED

2020-10-13 11:23:40 - [TEST_STEP][PASSED] - CardNumber = pages.Quicksti.setUserPaymentDetails(firstName, lastName, cardNum): Quicksti.ts:Entered'5154623208647646 into CardNum

2020-10-13 11:23:40 - [MESSAGE][PASSED] - Object 'Object Repository/CERTPAY_QUICKSTI/Payment_Information_Page/FIRST_NAME' is present

2020-10-13 11:23:40 - [MESSAGE][PASSED] - Object 'Object Repository/CERTPAY_QUICKSTI/Payment_Information_Page/FIRST_NAME' is visible

2020-10-13 11:23:41 - [MESSAGE][PASSED] - Object 'Object Repository/CERTPAY_QUICKSTI/Payment_Information_Page/FIRST_NAME' is present

2020-10-13 11:23:42 - [MESSAGE][PASSED] - Text 'Tester' is set on object 'Object Repository/CERTPAY_QUICKSTI/Payment_Information_Page/FIRST_NAME'

2020-10-13 11:23:42 - [MESSAGE][PASSED] - Quicksti.ts:Entered'Tester into FirstName

2020-10-13 11:23:42 - [MESSAGE][PASSED] - Object 'Object Repository/CERTPAY_QUICKSTI/Payment_Information_Page/LAST_NAME' is present

2020-10-13 11:23:43 - [MESSAGE][PASSED] - Object 'Object Repository/CERTPAY_QUICKSTI/Payment_Information_Page/LAST_NAME' is visible

2020-10-13 11:23:43 - [MESSAGE][PASSED] - Object 'Object Repository/CERTPAY_QUICKSTI/Payment_Information_Page/LAST_NAME' is present

2020-10-13 11:23:44 - [MESSAGE][PASSED] - Text 'Zenq1' is set on object 'Object Repository/CERTPAY_QUICKSTI/Payment_Information_Page/LAST_NAME'

2020-10-13 11:23:44 - [MESSAGE][PASSED] - Quicksti.ts:Entered'Zenq1 into LAstName

2020-10-13 11:23:45 - [MESSAGE][PASSED] - Object 'Object Repository/CERTPAY_QUICKSTI/Payment_Information_Page/CARD_NUMBER' is present

2020-10-13 11:23:45 - [MESSAGE][PASSED] - Object 'Object Repository/CERTPAY_QUICKSTI/Payment_Information_Page/CARD_NUMBER' is visible

2020-10-13 11:23:45 - [MESSAGE][PASSED] - Object 'Object Repository/CERTPAY_QUICKSTI/Payment_Information_Page/CARD_NUMBER' is present

2020-10-13 11:23:47 - [MESSAGE][PASSED] - Text '5154623208647646' is set on object 'Object Repository/CERTPAY_QUICKSTI/Payment_Information_Page/CARD_NUMBER'

2020-10-13 11:23:47 - [MESSAGE][PASSED] - Quicksti.ts:Entered'5154623208647646 into CardNum

2020-10-13 11:23:47 - [TEST_STEP][PASSED] - pages.Quicksti.setExpDate(expMonth, expYear, securityCode): Quicksti.ts:Entered'207 into securityCode

2020-10-13 11:23:47 - [MESSAGE][PASSED] - Object 'Object Repository/CERTPAY_QUICKSTI/Payment_Information_Page/EXP_MONTH' is visible

2020-10-13 11:23:47 - [MESSAGE][PASSED] - Object 'Object Repository/CERTPAY_QUICKSTI/Payment_Information_Page/EXP_MONTH' is present

2020-10-13 11:23:49 - [MESSAGE][PASSED] - Object: 'Object Repository/CERTPAY_QUICKSTI/Payment_Information_Page/EXP_MONTH' is clicked on

2020-10-13 11:23:50 - [MESSAGE][PASSED] - All options with label '04' are selected in object 'Object Repository/CERTPAY_QUICKSTI/Payment_Information_Page/EXP_MONTH'  using regular expression

2020-10-13 11:23:50 - [MESSAGE][PASSED] - selected dropdown option by visible text  04from expMonth

2020-10-13 11:23:50 - [MESSAGE][PASSED] - Object 'Object Repository/CERTPAY_QUICKSTI/Payment_Information_Page/EXP_YEAR' is visible

2020-10-13 11:23:51 - [MESSAGE][PASSED] - Object 'Object Repository/CERTPAY_QUICKSTI/Payment_Information_Page/EXP_YEAR' is present

2020-10-13 11:23:52 - [MESSAGE][PASSED] - Object: 'Object Repository/CERTPAY_QUICKSTI/Payment_Information_Page/EXP_YEAR' is clicked on

2020-10-13 11:23:53 - [MESSAGE][PASSED] - All options with label '2023' are selected in object 'Object Repository/CERTPAY_QUICKSTI/Payment_Information_Page/EXP_YEAR'  using regular expression

2020-10-13 11:23:53 - [MESSAGE][PASSED] - selected dropdown option by visible text  2023from  expYear

2020-10-13 11:23:54 - [MESSAGE][PASSED] - Object 'Object Repository/CERTPAY_QUICKSTI/Payment_Information_Page/SECURITY_CODE' is present

2020-10-13 11:23:54 - [MESSAGE][PASSED] - Object 'Object Repository/CERTPAY_QUICKSTI/Payment_Information_Page/SECURITY_CODE' is visible

2020-10-13 11:23:54 - [MESSAGE][PASSED] - Object 'Object Repository/CERTPAY_QUICKSTI/Payment_Information_Page/SECURITY_CODE' is present

2020-10-13 11:23:55 - [MESSAGE][PASSED] - Text '207' is set on object 'Object Repository/CERTPAY_QUICKSTI/Payment_Information_Page/SECURITY_CODE'

2020-10-13 11:23:55 - [MESSAGE][PASSED] - Quicksti.ts:Entered'207 into securityCode

2020-10-13 11:23:55 - [TEST_STEP][PASSED] - utilities.SafeActions.safeType(findTestObject("CERTPAY_QUICKSTI/Payment_Information_Page/ADDRESS"), address, "Address", [pageLoadTime]): Quicksti.ts:Entered'14-2 into Address

2020-10-13 11:23:56 - [MESSAGE][PASSED] - Object 'Object Repository/CERTPAY_QUICKSTI/Payment_Information_Page/ADDRESS' is present

2020-10-13 11:23:56 - [MESSAGE][PASSED] - Object 'Object Repository/CERTPAY_QUICKSTI/Payment_Information_Page/ADDRESS' is visible

2020-10-13 11:23:56 - [MESSAGE][PASSED] - Object 'Object Repository/CERTPAY_QUICKSTI/Payment_Information_Page/ADDRESS' is present

2020-10-13 11:23:58 - [MESSAGE][PASSED] - Text '14-2' is set on object 'Object Repository/CERTPAY_QUICKSTI/Payment_Information_Page/ADDRESS'

2020-10-13 11:23:58 - [MESSAGE][PASSED] - Quicksti.ts:Entered'14-2 into Address

2020-10-13 11:23:58 - [TEST_STEP][PASSED] - utilities.SafeActions.safeType(findTestObject("CERTPAY_QUICKSTI/Payment_Information_Page/ZIP_CODE"), zipCode, "zipcode", [pageLoadTime]): Quicksti.ts:Entered'76102 into zipcode

2020-10-13 11:23:58 - [MESSAGE][PASSED] - Object 'Object Repository/CERTPAY_QUICKSTI/Payment_Information_Page/ZIP_CODE' is present

2020-10-13 11:23:58 - [MESSAGE][PASSED] - Object 'Object Repository/CERTPAY_QUICKSTI/Payment_Information_Page/ZIP_CODE' is visible

2020-10-13 11:23:59 - [MESSAGE][PASSED] - Object 'Object Repository/CERTPAY_QUICKSTI/Payment_Information_Page/ZIP_CODE' is present

2020-10-13 11:24:00 - [MESSAGE][PASSED] - Text '76102' is set on object 'Object Repository/CERTPAY_QUICKSTI/Payment_Information_Page/ZIP_CODE'

2020-10-13 11:24:00 - [MESSAGE][PASSED] - Quicksti.ts:Entered'76102 into zipcode

2020-10-13 11:24:00 - [TEST_STEP][PASSED] - utilities.SafeActions.safeType(findTestObject("CERTPAY_QUICKSTI/Payment_Information_Page/TELEPHONE"), telephone, "Telephone", [pageLoadTime]): Quicksti.ts:Entered'9989897654 into Telephone

2020-10-13 11:24:00 - [MESSAGE][PASSED] - Object 'Object Repository/CERTPAY_QUICKSTI/Payment_Information_Page/TELEPHONE' is present

2020-10-13 11:24:00 - [MESSAGE][PASSED] - Object 'Object Repository/CERTPAY_QUICKSTI/Payment_Information_Page/TELEPHONE' is visible

2020-10-13 11:24:01 - [MESSAGE][PASSED] - Object 'Object Repository/CERTPAY_QUICKSTI/Payment_Information_Page/TELEPHONE' is present

2020-10-13 11:24:02 - [MESSAGE][PASSED] - Text '9989897654' is set on object 'Object Repository/CERTPAY_QUICKSTI/Payment_Information_Page/TELEPHONE'

2020-10-13 11:24:02 - [MESSAGE][PASSED] - Quicksti.ts:Entered'9989897654 into Telephone

2020-10-13 11:24:02 - [TEST_STEP][PASSED] - utilities.SafeActions.safeType(findTestObject("CERTPAY_QUICKSTI/Payment_Information_Page/EMAIL_ADDRESS"), emailAddress, "EMAIL address", [pageLoadTime]): Quicksti.ts:Entered'testing@zenq.com into EMAIL address

2020-10-13 11:24:02 - [MESSAGE][PASSED] - Object 'Object Repository/CERTPAY_QUICKSTI/Payment_Information_Page/EMAIL_ADDRESS' is present

2020-10-13 11:24:03 - [MESSAGE][PASSED] - Object 'Object Repository/CERTPAY_QUICKSTI/Payment_Information_Page/EMAIL_ADDRESS' is visible

2020-10-13 11:24:03 - [MESSAGE][PASSED] - Object 'Object Repository/CERTPAY_QUICKSTI/Payment_Information_Page/EMAIL_ADDRESS' is present

2020-10-13 11:24:04 - [MESSAGE][PASSED] - Text 'testing@zenq.com' is set on object 'Object Repository/CERTPAY_QUICKSTI/Payment_Information_Page/EMAIL_ADDRESS'

2020-10-13 11:24:04 - [MESSAGE][PASSED] - Quicksti.ts:Entered'testing@zenq.com into EMAIL address

2020-10-13 11:24:04 - [TEST_STEP][PASSED] - utilities.SafeActions.safeClick(findTestObject("CERTPAY_QUICKSTI/Payment_Information_Page/NEXT_BUTTON"), "Next", [pageLoadTime]): Quicksti.ts:Clicked on the Next

2020-10-13 11:24:04 - [MESSAGE][INFO] - safeClicking

2020-10-13 11:24:05 - [MESSAGE][PASSED] - Object 'Object Repository/CERTPAY_QUICKSTI/Payment_Information_Page/NEXT_BUTTON' is present

2020-10-13 11:24:05 - [MESSAGE][PASSED] - Object 'Object Repository/CERTPAY_QUICKSTI/Payment_Information_Page/NEXT_BUTTON' is clickable

2020-10-13 11:24:09 - [MESSAGE][PASSED] - Object: 'Object Repository/CERTPAY_QUICKSTI/Payment_Information_Page/NEXT_BUTTON' is clicked on

2020-10-13 11:24:09 - [MESSAGE][PASSED] - Quicksti.ts:Clicked on the Next

2020-10-13 11:24:09 - [TEST_STEP][PASSED] - pages.Quicksti.verifyUserPaymentDetails(amountList.get(0), firstName, lastName, CardNumber): pages.Quicksti.verifyUserPaymentDetails is PASSED

2020-10-13 11:24:09 - [MESSAGE][PASSED] - Text of object 'Object Repository/CERTPAY_QUICKSTI/Payment_Details_Verification_Page/AMOUNT' is: '$45.00'

2020-10-13 11:24:09 - [MESSAGE][PASSED] - Actual text '45.00' and expected text '45.00' are matched  using regular expression

2020-10-13 11:24:09 - [MESSAGE][PASSED] - Text of object 'Object Repository/CERTPAY_QUICKSTI/Payment_Details_Verification_Page/NAME' is: 'Tester Zenq1'

2020-10-13 11:24:09 - [MESSAGE][PASSED] - Actual text 'Tester Zenq1' and expected text 'Tester Zenq1' are matched  using regular expression

2020-10-13 11:24:10 - [MESSAGE][PASSED] - Text of object 'Object Repository/CERTPAY_QUICKSTI/Payment_Details_Verification_Page/CARD_NUMBER' is: '...7646'

2020-10-13 11:24:10 - [MESSAGE][PASSED] - Actual text '7646' and expected text '7646' are matched  using regular expression

2020-10-13 11:24:10 - [MESSAGE][PASSED] - pages.Quicksti.verifyUserPaymentDetails is PASSED

2020-10-13 11:24:10 - [TEST_STEP][PASSED] - scrollToElement(findTestObject("CERTPAY_QUICKSTI/Payment_Details_Verification_Page/PROCESS"), 30): Scroll to object 'Object Repository/CERTPAY_QUICKSTI/Payment_Details_Verification_Page/PROCESS' successfully

2020-10-13 11:24:10 - [MESSAGE][PASSED] - Scroll to object 'Object Repository/CERTPAY_QUICKSTI/Payment_Details_Verification_Page/PROCESS' successfully

2020-10-13 11:24:10 - [TEST_STEP][PASSED] - utilities.SafeActions.safeClick(findTestObject("CERTPAY_QUICKSTI/Payment_Details_Verification_Page/PROCESS"), "Process", [pageLoadTime]): Quicksti.ts:Clicked on the Process

2020-10-13 11:24:10 - [MESSAGE][INFO] - safeClicking

2020-10-13 11:24:11 - [MESSAGE][PASSED] - Object 'Object Repository/CERTPAY_QUICKSTI/Payment_Details_Verification_Page/PROCESS' is present

2020-10-13 11:24:11 - [MESSAGE][PASSED] - Object 'Object Repository/CERTPAY_QUICKSTI/Payment_Details_Verification_Page/PROCESS' is clickable

2020-10-13 11:24:17 - [MESSAGE][PASSED] - Object: 'Object Repository/CERTPAY_QUICKSTI/Payment_Details_Verification_Page/PROCESS' is clicked on

2020-10-13 11:24:17 - [MESSAGE][PASSED] - Quicksti.ts:Clicked on the Process

2020-10-13 11:24:17 - [TEST_STEP][PASSED] - paymentId = pages.Quicksti.verifyPaymentApproval(findTestObject("CERTPAY_QUICKSTI/Payment_Details_Verification_Page/APPROVED")): Payment is approved

2020-10-13 11:24:17 - [MESSAGE][PASSED] - Text of object 'Object Repository/CERTPAY_QUICKSTI/Payment_Details_Verification_Page/PAYMENT_ID' is: '100176127388'

2020-10-13 11:24:17 - [MESSAGE][PASSED] - Object 'Object Repository/CERTPAY_QUICKSTI/Payment_Details_Verification_Page/APPROVED' is present

2020-10-13 11:24:17 - [MESSAGE][PASSED] - Payment is approved

2020-10-13 11:24:19 - [TEST_STEP][PASSED] - navigateToUrl(Admin_url): Navigate to 'https://qa-certpayadmin.faps.net' successfully

2020-10-13 11:24:24 - [MESSAGE][PASSED] - Navigate to 'https://qa-certpayadmin.faps.net' successfully

2020-10-13 11:24:24 - [TEST_STEP][PASSED] - pages.Bureau_Login_Page.loginToAdminSite(AdminUsername, AdminPassword): Quicksti.ts:Clicked on the LOGIN

2020-10-13 11:24:24 - [MESSAGE][PASSED] - Object 'Object Repository/CERTPAY_ADMIN/USER_NAME' is present

2020-10-13 11:24:25 - [MESSAGE][PASSED] - Object 'Object Repository/CERTPAY_ADMIN/USER_NAME' is visible

2020-10-13 11:24:25 - [MESSAGE][PASSED] - Object 'Object Repository/CERTPAY_ADMIN/USER_NAME' is present

2020-10-13 11:24:26 - [MESSAGE][PASSED] - Text 'VVangiliappan' is set on object 'Object Repository/CERTPAY_ADMIN/USER_NAME'

2020-10-13 11:24:26 - [MESSAGE][PASSED] - Quicksti.ts:Entered'VVangiliappan into username

2020-10-13 11:24:27 - [MESSAGE][PASSED] - Object 'Object Repository/CERTPAY_ADMIN/PASSWORD' is present

2020-10-13 11:24:27 - [MESSAGE][PASSED] - Object 'Object Repository/CERTPAY_ADMIN/PASSWORD' is visible

2020-10-13 11:24:27 - [MESSAGE][PASSED] - Object 'Object Repository/CERTPAY_ADMIN/PASSWORD' is present

2020-10-13 11:24:28 - [MESSAGE][PASSED] - Text 'Test@123' is set on object 'Object Repository/CERTPAY_ADMIN/PASSWORD'

2020-10-13 11:24:28 - [MESSAGE][PASSED] - Quicksti.ts:Entered'Test@123 into password

2020-10-13 11:24:29 - [MESSAGE][INFO] - safeClicking

2020-10-13 11:24:29 - [MESSAGE][PASSED] - Object 'Object Repository/CERTPAY_ADMIN/LOGIN_BUTTON' is present

2020-10-13 11:24:29 - [MESSAGE][PASSED] - Object 'Object Repository/CERTPAY_ADMIN/LOGIN_BUTTON' is clickable

2020-10-13 11:24:37 - [MESSAGE][PASSED] - Object: 'Object Repository/CERTPAY_ADMIN/LOGIN_BUTTON' is clicked on

2020-10-13 11:24:37 - [MESSAGE][PASSED] - Quicksti.ts:Clicked on the LOGIN

2020-10-13 11:24:37 - [TEST_STEP][PASSED] - utilities.SafeActions.safeClick(findTestObject("CERTPAY_ADMIN/TRANSACTION_MENU"), "TransactionMenu", [pageLoadTime]): Quicksti.ts:Clicked on the TransactionMenu

2020-10-13 11:24:37 - [MESSAGE][INFO] - safeClicking

2020-10-13 11:24:37 - [MESSAGE][PASSED] - Object 'Object Repository/CERTPAY_ADMIN/TRANSACTION_MENU' is present

2020-10-13 11:24:38 - [MESSAGE][PASSED] - Object 'Object Repository/CERTPAY_ADMIN/TRANSACTION_MENU' is clickable

2020-10-13 11:24:39 - [MESSAGE][PASSED] - Object: 'Object Repository/CERTPAY_ADMIN/TRANSACTION_MENU' is clicked on

2020-10-13 11:24:39 - [MESSAGE][PASSED] - Quicksti.ts:Clicked on the TransactionMenu

2020-10-13 11:24:39 - [TEST_STEP][PASSED] - utilities.SafeActions.safeClick(findTestObject("CERTPAY_ADMIN/TRANSACTION_SEARCH"), "TransactionSearch", [pageLoadTime]): Quicksti.ts:Clicked on the TransactionSearch

2020-10-13 11:24:39 - [MESSAGE][INFO] - safeClicking

2020-10-13 11:24:39 - [MESSAGE][PASSED] - Object 'Object Repository/CERTPAY_ADMIN/TRANSACTION_SEARCH' is present

2020-10-13 11:24:40 - [MESSAGE][PASSED] - Object 'Object Repository/CERTPAY_ADMIN/TRANSACTION_SEARCH' is clickable

2020-10-13 11:24:43 - [MESSAGE][PASSED] - Object: 'Object Repository/CERTPAY_ADMIN/TRANSACTION_SEARCH' is clicked on

2020-10-13 11:24:43 - [MESSAGE][PASSED] - Quicksti.ts:Clicked on the TransactionSearch

2020-10-13 11:24:43 - [TEST_STEP][PASSED] - utilities.SafeActions.safeType(findTestObject("CERTPAY_ADMIN/PAYMENT_ID"), paymentId, "Payment id", [pageLoadTime]): Quicksti.ts:Entered'100176127388 into Payment id

2020-10-13 11:24:44 - [MESSAGE][PASSED] - Object 'Object Repository/CERTPAY_ADMIN/PAYMENT_ID' is present

2020-10-13 11:24:44 - [MESSAGE][PASSED] - Object 'Object Repository/CERTPAY_ADMIN/PAYMENT_ID' is visible

2020-10-13 11:24:44 - [MESSAGE][PASSED] - Object 'Object Repository/CERTPAY_ADMIN/PAYMENT_ID' is present

2020-10-13 11:24:46 - [MESSAGE][PASSED] - Text '100176127388' is set on object 'Object Repository/CERTPAY_ADMIN/PAYMENT_ID'

2020-10-13 11:24:46 - [MESSAGE][PASSED] - Quicksti.ts:Entered'100176127388 into Payment id

2020-10-13 11:24:46 - [TEST_STEP][PASSED] - utilities.SafeActions.safeClick(findTestObject("CERTPAY_ADMIN/GO_BUTTON"), "Go button", [pageLoadTime]): Quicksti.ts:Clicked on the Go button

2020-10-13 11:24:46 - [MESSAGE][INFO] - safeClicking

2020-10-13 11:24:46 - [MESSAGE][PASSED] - Object 'Object Repository/CERTPAY_ADMIN/GO_BUTTON' is present

2020-10-13 11:24:46 - [MESSAGE][PASSED] - Object 'Object Repository/CERTPAY_ADMIN/GO_BUTTON' is clickable

2020-10-13 11:24:50 - [MESSAGE][PASSED] - Object: 'Object Repository/CERTPAY_ADMIN/GO_BUTTON' is clicked on

2020-10-13 11:24:50 - [MESSAGE][PASSED] - Quicksti.ts:Clicked on the Go button

2020-10-13 11:24:50 - [TEST_STEP][PASSED] - delay(5): Delayed 5 second(s)

2020-10-13 11:24:55 - [MESSAGE][PASSED] - Delayed 5 second(s)

2020-10-13 11:24:55 - [TEST_STEP][PASSED] - scrollToPosition(800, 900): Browser is scrolled to position x = 800, y = 900

2020-10-13 11:24:55 - [MESSAGE][PASSED] - Browser is scrolled to position x = 800, y = 900

2020-10-13 11:24:55 - [TEST_STEP][PASSED] - paymentIdList.add(paymentId): null

2020-10-13 11:24:55 - [TEST_STEP][PASSED] - println(paymentIdList): null

2020-10-13 11:24:55 - [TEST_STEP][PASSED] - firstName = data.getValue("FirstName", index): null

2020-10-13 11:24:55 - [TEST_STEP][PASSED] - lastName = data.getValue("LastName", index): null

2020-10-13 11:24:55 - [TEST_STEP][PASSED] - cardNum = data.getValue("CardNumber", index): null

2020-10-13 11:24:55 - [TEST_STEP][PASSED] - expMonth = data.getValue("ExpMonth", index): null

2020-10-13 11:24:55 - [TEST_STEP][PASSED] - expYear = data.getValue("ExpYear", index): null

2020-10-13 11:24:55 - [TEST_STEP][PASSED] - securityCode = data.getValue("SecurityCode", index): null

2020-10-13 11:24:55 - [TEST_STEP][PASSED] - paymentAmount = data.getValue("PaymentAmount", index): null

2020-10-13 11:24:55 - [TEST_STEP][PASSED] - paymentType = data.getValue("PaymentType", index): null

2020-10-13 11:24:55 - [TEST_STEP][PASSED] - quantity = data.getValue("Quantity", index): null

2020-10-13 11:24:55 - [TEST_STEP][PASSED] - comments = data.getValue("Comments", index): null

2020-10-13 11:24:55 - [TEST_STEP][PASSED] - referenceNum = data.getValue("ReferenceNum", index): null

2020-10-13 11:24:55 - [TEST_STEP][PASSED] - address = data.getValue("Address", index): null

2020-10-13 11:24:55 - [TEST_STEP][PASSED] - zipCode = data.getValue("Zipcode", index): null

2020-10-13 11:24:55 - [TEST_STEP][PASSED] - telephone = data.getValue("Telephone", index): null

2020-10-13 11:24:55 - [TEST_STEP][PASSED] - emailAddress = data.getValue("EmailAddress", index): null

2020-10-13 11:24:55 - [TEST_STEP][PASSED] - cardType = data.getValue("CardType", index): null

2020-10-13 11:24:55 - [TEST_STEP][PASSED] - amountList = paymentAmount.split(","): null

2020-10-13 11:24:55 - [TEST_STEP][PASSED] - referenceList = referenceNum.split(","): null

2020-10-13 11:24:55 - [TEST_STEP][PASSED] - paymentTypeList = paymentType.split(","): null

2020-10-13 11:24:55 - [TEST_STEP][PASSED] - commentsList = comments.split(","): null

2020-10-13 11:24:55 - [TEST_STEP][PASSED] - quantityList = quantity.split(","): null

2020-10-13 11:24:55 - [TEST_STEP][PASSED] - utilities.SafeActions.openBrowser(Quicksti_Url, [pageLoadTime]): Browser launched successfully

2020-10-13 11:24:55 - [MESSAGE][INFO] - Opening Browser

2020-10-13 11:24:55 - [MESSAGE][WARNING] - A browser is already opened. Closing browser and opening a new one

2020-10-13 11:24:58 - [MESSAGE][INFO] - Starting 'Chrome' driver

2020-10-13 11:25:07 - [MESSAGE][PASSED] - Browser is opened with url: 'https://qa-certpayquicksti.faps.net/'

2020-10-13 11:25:09 - [MESSAGE][PASSED] - Current window maximized

2020-10-13 11:25:09 - [MESSAGE][PASSED] - Browser launched successfully

2020-10-13 11:25:09 - [TEST_STEP][PASSED] - utilities.SafeActions.safeCheck(findTestObject("CERTPAY_QUICKSTI/Login_ Page/MULTI_BUREAU_CHECKBOX"), "Multi Bureau", [pageLoadTime]): Quicksti.ts:Checkbox 'Multi Bureau'is selected

2020-10-13 11:25:09 - [MESSAGE][PASSED] - Object 'Object Repository/CERTPAY_QUICKSTI/Login_ Page/MULTI_BUREAU_CHECKBOX' is present

2020-10-13 11:25:10 - [MESSAGE][PASSED] - Object 'Object Repository/CERTPAY_QUICKSTI/Login_ Page/MULTI_BUREAU_CHECKBOX' is present

2020-10-13 11:25:12 - [MESSAGE][PASSED] - Object: 'Object Repository/CERTPAY_QUICKSTI/Login_ Page/MULTI_BUREAU_CHECKBOX' is clicked on

2020-10-13 11:25:12 - [MESSAGE][PASSED] - Quicksti.ts:Checkbox 'Multi Bureau'is selected

2020-10-13 11:25:12 - [TEST_STEP][PASSED] - utilities.SafeActions.safeType(findTestObject("CERTPAY_QUICKSTI/Login_ Page/TELLER_ID"), teller_id, "Bureau code", [pageLoadTime]): Quicksti.ts:Entered'zenq into Bureau code

2020-10-13 11:25:13 - [MESSAGE][PASSED] - Object 'Object Repository/CERTPAY_QUICKSTI/Login_ Page/TELLER_ID' is present

2020-10-13 11:25:13 - [MESSAGE][PASSED] - Object 'Object Repository/CERTPAY_QUICKSTI/Login_ Page/TELLER_ID' is visible

2020-10-13 11:25:14 - [MESSAGE][PASSED] - Object 'Object Repository/CERTPAY_QUICKSTI/Login_ Page/TELLER_ID' is present

2020-10-13 11:25:15 - [MESSAGE][PASSED] - Text 'zenq' is set on object 'Object Repository/CERTPAY_QUICKSTI/Login_ Page/TELLER_ID'

2020-10-13 11:25:15 - [MESSAGE][PASSED] - Quicksti.ts:Entered'zenq into Bureau code

2020-10-13 11:25:15 - [TEST_STEP][PASSED] - utilities.SafeActions.safeClick(findTestObject("CERTPAY_QUICKSTI/Login_ Page/NEXT_BUTTON"), "Next button", [pageLoadTime]): Quicksti.ts:Clicked on the Next button

2020-10-13 11:25:15 - [MESSAGE][INFO] - safeClicking

2020-10-13 11:25:15 - [MESSAGE][PASSED] - Object 'Object Repository/CERTPAY_QUICKSTI/Login_ Page/NEXT_BUTTON' is present

2020-10-13 11:25:15 - [MESSAGE][PASSED] - Object 'Object Repository/CERTPAY_QUICKSTI/Login_ Page/NEXT_BUTTON' is clickable

2020-10-13 11:25:20 - [MESSAGE][PASSED] - Object: 'Object Repository/CERTPAY_QUICKSTI/Login_ Page/NEXT_BUTTON' is clicked on

2020-10-13 11:25:20 - [MESSAGE][PASSED] - Quicksti.ts:Clicked on the Next button

2020-10-13 11:25:20 - [TEST_STEP][PASSED] - for ([i = 0, i <= amountList.size() - 1, (i++)]): Quicksti.ts:Entered'2 into Quntity

2020-10-13 11:25:20 - [TEST_STEP][PASSED] - s = Integer.toString(i): null

2020-10-13 11:25:20 - [TEST_STEP][PASSED] - pages.Quicksti.setCommnets("0", s, commentsList.get(i)): Quicksti.ts:Entered'Testing into Comments

2020-10-13 11:25:21 - [MESSAGE][PASSED] - Object '' is present

2020-10-13 11:25:21 - [MESSAGE][PASSED] - Object '' is visible

2020-10-13 11:25:21 - [MESSAGE][PASSED] - Object '' is present

2020-10-13 11:25:23 - [MESSAGE][PASSED] - Text 'Testing' is set on object ''

2020-10-13 11:25:23 - [MESSAGE][PASSED] - Quicksti.ts:Entered'Testing into Comments

2020-10-13 11:25:23 - [TEST_STEP][PASSED] - utilities.SafeActions.safeType(findTestObject("CERTPAY_QUICKSTI/Payment_Information_Page/PAYMENT_AMOUNT"), amountList.get(i), "Payment Amount", [pageLoadTime]): Quicksti.ts:Entered'45.00 into Payment Amount

2020-10-13 11:25:23 - [MESSAGE][PASSED] - Object 'Object Repository/CERTPAY_QUICKSTI/Payment_Information_Page/PAYMENT_AMOUNT' is present

2020-10-13 11:25:23 - [MESSAGE][PASSED] - Object 'Object Repository/CERTPAY_QUICKSTI/Payment_Information_Page/PAYMENT_AMOUNT' is visible

2020-10-13 11:25:24 - [MESSAGE][PASSED] - Object 'Object Repository/CERTPAY_QUICKSTI/Payment_Information_Page/PAYMENT_AMOUNT' is present

2020-10-13 11:25:25 - [MESSAGE][PASSED] - Text '45.00' is set on object 'Object Repository/CERTPAY_QUICKSTI/Payment_Information_Page/PAYMENT_AMOUNT'

2020-10-13 11:25:25 - [MESSAGE][PASSED] - Quicksti.ts:Entered'45.00 into Payment Amount

2020-10-13 11:25:25 - [TEST_STEP][PASSED] - pages.Quicksti.setAmountDetailsForMultiBureau(s, paymentTypeList.get(i), "0", referenceList.get(i), quantityList.get(i)): Quicksti.ts:Entered'1 into Quntity

2020-10-13 11:25:26 - [MESSAGE][PASSED] - Object '' is visible

2020-10-13 11:25:26 - [MESSAGE][PASSED] - Object '' is present

2020-10-13 11:25:27 - [MESSAGE][PASSED] - Object: '' is clicked on

2020-10-13 11:25:28 - [MESSAGE][PASSED] - All options with label 'Licenses' are selected in object ''  using regular expression

2020-10-13 11:25:28 - [MESSAGE][PASSED] - selected dropdown option by visible text  Licensesfrom Payment Type

2020-10-13 11:25:29 - [MESSAGE][PASSED] - Object '' is present

2020-10-13 11:25:29 - [MESSAGE][PASSED] - Object '' is visible

2020-10-13 11:25:29 - [MESSAGE][PASSED] - Object '' is present

2020-10-13 11:25:31 - [MESSAGE][PASSED] - Text '11' is set on object ''

2020-10-13 11:25:31 - [MESSAGE][PASSED] - Quicksti.ts:Entered'11 into RefrenceNumber

2020-10-13 11:25:31 - [MESSAGE][PASSED] - Object '' is present

2020-10-13 11:25:31 - [MESSAGE][PASSED] - Object '' is visible

2020-10-13 11:25:31 - [MESSAGE][PASSED] - Object '' is present

2020-10-13 11:25:33 - [MESSAGE][PASSED] - Text '1' is set on object ''

2020-10-13 11:25:33 - [MESSAGE][PASSED] - Quicksti.ts:Entered'1 into Quntity

2020-10-13 11:25:33 - [TEST_STEP][PASSED] - s = Integer.toString(i): null

2020-10-13 11:25:33 - [TEST_STEP][PASSED] - pages.Quicksti.setCommnets("0", s, commentsList.get(i)): Quicksti.ts:Entered'Tester into Comments

2020-10-13 11:25:33 - [MESSAGE][PASSED] - Object '' is present

2020-10-13 11:25:33 - [MESSAGE][PASSED] - Object '' is visible

2020-10-13 11:25:34 - [MESSAGE][PASSED] - Object '' is present

2020-10-13 11:25:35 - [MESSAGE][PASSED] - Text 'Tester' is set on object ''

2020-10-13 11:25:35 - [MESSAGE][PASSED] - Quicksti.ts:Entered'Tester into Comments

2020-10-13 11:25:35 - [TEST_STEP][PASSED] - utilities.SafeActions.safeType(findTestObject("CERTPAY_QUICKSTI/Payment_Information_Page/PAYMENT_AMOUNT"), amountList.get(i), "Payment Amount", [pageLoadTime]): Quicksti.ts:Entered'35.00 into Payment Amount

2020-10-13 11:25:36 - [MESSAGE][PASSED] - Object 'Object Repository/CERTPAY_QUICKSTI/Payment_Information_Page/PAYMENT_AMOUNT' is present

2020-10-13 11:25:36 - [MESSAGE][PASSED] - Object 'Object Repository/CERTPAY_QUICKSTI/Payment_Information_Page/PAYMENT_AMOUNT' is visible

2020-10-13 11:25:36 - [MESSAGE][PASSED] - Object 'Object Repository/CERTPAY_QUICKSTI/Payment_Information_Page/PAYMENT_AMOUNT' is present

2020-10-13 11:25:37 - [MESSAGE][PASSED] - Text '35.00' is set on object 'Object Repository/CERTPAY_QUICKSTI/Payment_Information_Page/PAYMENT_AMOUNT'

2020-10-13 11:25:37 - [MESSAGE][PASSED] - Quicksti.ts:Entered'35.00 into Payment Amount

2020-10-13 11:25:37 - [TEST_STEP][PASSED] - pages.Quicksti.setAmountDetailsForMultiBureau(s, paymentTypeList.get(i), "0", referenceList.get(i), quantityList.get(i)): Quicksti.ts:Entered'2 into Quntity

2020-10-13 11:25:38 - [MESSAGE][PASSED] - Object '' is visible

2020-10-13 11:25:38 - [MESSAGE][PASSED] - Object '' is present

2020-10-13 11:25:39 - [MESSAGE][PASSED] - Object: '' is clicked on

2020-10-13 11:25:41 - [MESSAGE][PASSED] - All options with label 'Taxes' are selected in object ''  using regular expression

2020-10-13 11:25:41 - [MESSAGE][PASSED] - selected dropdown option by visible text  Taxesfrom Payment Type

2020-10-13 11:25:41 - [MESSAGE][PASSED] - Object '' is present

2020-10-13 11:25:41 - [MESSAGE][PASSED] - Object '' is visible

2020-10-13 11:25:42 - [MESSAGE][PASSED] - Object '' is present

2020-10-13 11:25:43 - [MESSAGE][PASSED] - Text '12' is set on object ''

2020-10-13 11:25:43 - [MESSAGE][PASSED] - Quicksti.ts:Entered'12 into RefrenceNumber

2020-10-13 11:25:43 - [MESSAGE][PASSED] - Object '' is present

2020-10-13 11:25:43 - [MESSAGE][PASSED] - Object '' is visible

2020-10-13 11:25:44 - [MESSAGE][PASSED] - Object '' is present

2020-10-13 11:25:45 - [MESSAGE][PASSED] - Text '2' is set on object ''

2020-10-13 11:25:45 - [MESSAGE][PASSED] - Quicksti.ts:Entered'2 into Quntity

2020-10-13 11:25:45 - [TEST_STEP][PASSED] - s = Integer.toString(i): null

2020-10-13 11:25:45 - [TEST_STEP][PASSED] - pages.Quicksti.setCommnets("0", s, commentsList.get(i)): Quicksti.ts:Entered'Testing into Comments

2020-10-13 11:25:45 - [MESSAGE][PASSED] - Object '' is present

2020-10-13 11:25:46 - [MESSAGE][PASSED] - Object '' is visible

2020-10-13 11:25:46 - [MESSAGE][PASSED] - Object '' is present

2020-10-13 11:25:47 - [MESSAGE][PASSED] - Text 'Testing' is set on object ''

2020-10-13 11:25:47 - [MESSAGE][PASSED] - Quicksti.ts:Entered'Testing into Comments

2020-10-13 11:25:47 - [TEST_STEP][PASSED] - utilities.SafeActions.safeType(findTestObject("CERTPAY_QUICKSTI/Payment_Information_Page/PAYMENT_AMOUNT"), amountList.get(i), "Payment Amount", [pageLoadTime]): Quicksti.ts:Entered'20.00 into Payment Amount

2020-10-13 11:25:48 - [MESSAGE][PASSED] - Object 'Object Repository/CERTPAY_QUICKSTI/Payment_Information_Page/PAYMENT_AMOUNT' is present

2020-10-13 11:25:48 - [MESSAGE][PASSED] - Object 'Object Repository/CERTPAY_QUICKSTI/Payment_Information_Page/PAYMENT_AMOUNT' is visible

2020-10-13 11:25:48 - [MESSAGE][PASSED] - Object 'Object Repository/CERTPAY_QUICKSTI/Payment_Information_Page/PAYMENT_AMOUNT' is present

2020-10-13 11:25:50 - [MESSAGE][PASSED] - Text '20.00' is set on object 'Object Repository/CERTPAY_QUICKSTI/Payment_Information_Page/PAYMENT_AMOUNT'

2020-10-13 11:25:50 - [MESSAGE][PASSED] - Quicksti.ts:Entered'20.00 into Payment Amount

2020-10-13 11:25:50 - [TEST_STEP][PASSED] - pages.Quicksti.setAmountDetailsForMultiBureau(s, paymentTypeList.get(i), "0", referenceList.get(i), quantityList.get(i)): Quicksti.ts:Entered'2 into Quntity

2020-10-13 11:25:50 - [MESSAGE][PASSED] - Object '' is visible

2020-10-13 11:25:50 - [MESSAGE][PASSED] - Object '' is present

2020-10-13 11:25:52 - [MESSAGE][PASSED] - Object: '' is clicked on

2020-10-13 11:25:53 - [MESSAGE][PASSED] - All options with label 'Court Fines' are selected in object ''  using regular expression

2020-10-13 11:25:53 - [MESSAGE][PASSED] - selected dropdown option by visible text  Court Finesfrom Payment Type

2020-10-13 11:25:53 - [MESSAGE][PASSED] - Object '' is present

2020-10-13 11:25:54 - [MESSAGE][PASSED] - Object '' is visible

2020-10-13 11:25:54 - [MESSAGE][PASSED] - Object '' is present

2020-10-13 11:25:55 - [MESSAGE][PASSED] - Text '13' is set on object ''

2020-10-13 11:25:55 - [MESSAGE][PASSED] - Quicksti.ts:Entered'13 into RefrenceNumber

2020-10-13 11:25:56 - [MESSAGE][PASSED] - Object '' is present

2020-10-13 11:25:56 - [MESSAGE][PASSED] - Object '' is visible

2020-10-13 11:25:56 - [MESSAGE][PASSED] - Object '' is present

2020-10-13 11:25:57 - [MESSAGE][PASSED] - Text '2' is set on object ''

2020-10-13 11:25:57 - [MESSAGE][PASSED] - Quicksti.ts:Entered'2 into Quntity

2020-10-13 11:25:57 - [TEST_STEP][PASSED] - for ([i = 0, i <= amountList.size() - 1, (i++)]): Quicksti.ts:Entered'2 into Quntity

2020-10-13 11:25:57 - [TEST_STEP][PASSED] - s = Integer.toString(i): null

2020-10-13 11:25:57 - [TEST_STEP][PASSED] - utilities.SafeActions.safeType(findTestObject("CERTPAY_QUICKSTI/Payment_Information_Page/MULTIBUREAU_PAYMENT_AMOUNT"), amountList.get(i), "Payment Amount", [pageLoadTime]): Quicksti.ts:Entered'45.00 into Payment Amount

2020-10-13 11:25:58 - [MESSAGE][PASSED] - Object 'Object Repository/CERTPAY_QUICKSTI/Payment_Information_Page/MULTIBUREAU_PAYMENT_AMOUNT' is present

2020-10-13 11:25:58 - [MESSAGE][PASSED] - Object 'Object Repository/CERTPAY_QUICKSTI/Payment_Information_Page/MULTIBUREAU_PAYMENT_AMOUNT' is visible

2020-10-13 11:25:58 - [MESSAGE][PASSED] - Object 'Object Repository/CERTPAY_QUICKSTI/Payment_Information_Page/MULTIBUREAU_PAYMENT_AMOUNT' is present

2020-10-13 11:26:00 - [MESSAGE][PASSED] - Text '45.00' is set on object 'Object Repository/CERTPAY_QUICKSTI/Payment_Information_Page/MULTIBUREAU_PAYMENT_AMOUNT'

2020-10-13 11:26:00 - [MESSAGE][PASSED] - Quicksti.ts:Entered'45.00 into Payment Amount

2020-10-13 11:26:00 - [TEST_STEP][PASSED] - pages.Quicksti.setAmountDetailsForMultiBureau(s, "Registration Fees", "1", referenceList.get(i), quantityList.get(i)): Quicksti.ts:Entered'1 into Quntity

2020-10-13 11:26:00 - [MESSAGE][PASSED] - Object '' is visible

2020-10-13 11:26:01 - [MESSAGE][PASSED] - Object '' is present

2020-10-13 11:26:02 - [MESSAGE][PASSED] - Object: '' is clicked on

2020-10-13 11:26:03 - [MESSAGE][PASSED] - All options with label 'Registration Fees' are selected in object ''  using regular expression

2020-10-13 11:26:03 - [MESSAGE][PASSED] - selected dropdown option by visible text  Registration Feesfrom Payment Type

2020-10-13 11:26:03 - [MESSAGE][PASSED] - Object '' is present

2020-10-13 11:26:03 - [MESSAGE][PASSED] - Object '' is visible

2020-10-13 11:26:04 - [MESSAGE][PASSED] - Object '' is present

2020-10-13 11:26:05 - [MESSAGE][PASSED] - Text '11' is set on object ''

2020-10-13 11:26:05 - [MESSAGE][PASSED] - Quicksti.ts:Entered'11 into RefrenceNumber

2020-10-13 11:26:05 - [MESSAGE][PASSED] - Object '' is present

2020-10-13 11:26:06 - [MESSAGE][PASSED] - Object '' is visible

2020-10-13 11:26:06 - [MESSAGE][PASSED] - Object '' is present

2020-10-13 11:26:07 - [MESSAGE][PASSED] - Text '1' is set on object ''

2020-10-13 11:26:07 - [MESSAGE][PASSED] - Quicksti.ts:Entered'1 into Quntity

2020-10-13 11:26:07 - [TEST_STEP][PASSED] - s = Integer.toString(i): null

2020-10-13 11:26:07 - [TEST_STEP][PASSED] - utilities.SafeActions.safeType(findTestObject("CERTPAY_QUICKSTI/Payment_Information_Page/MULTIBUREAU_PAYMENT_AMOUNT"), amountList.get(i), "Payment Amount", [pageLoadTime]): Quicksti.ts:Entered'35.00 into Payment Amount

2020-10-13 11:26:08 - [MESSAGE][PASSED] - Object 'Object Repository/CERTPAY_QUICKSTI/Payment_Information_Page/MULTIBUREAU_PAYMENT_AMOUNT' is present

2020-10-13 11:26:08 - [MESSAGE][PASSED] - Object 'Object Repository/CERTPAY_QUICKSTI/Payment_Information_Page/MULTIBUREAU_PAYMENT_AMOUNT' is visible

2020-10-13 11:26:08 - [MESSAGE][PASSED] - Object 'Object Repository/CERTPAY_QUICKSTI/Payment_Information_Page/MULTIBUREAU_PAYMENT_AMOUNT' is present

2020-10-13 11:26:09 - [MESSAGE][PASSED] - Text '35.00' is set on object 'Object Repository/CERTPAY_QUICKSTI/Payment_Information_Page/MULTIBUREAU_PAYMENT_AMOUNT'

2020-10-13 11:26:09 - [MESSAGE][PASSED] - Quicksti.ts:Entered'35.00 into Payment Amount

2020-10-13 11:26:09 - [TEST_STEP][PASSED] - pages.Quicksti.setAmountDetailsForMultiBureau(s, "Registration Fees", "1", referenceList.get(i), quantityList.get(i)): Quicksti.ts:Entered'2 into Quntity

2020-10-13 11:26:10 - [MESSAGE][PASSED] - Object '' is visible

2020-10-13 11:26:10 - [MESSAGE][PASSED] - Object '' is present

2020-10-13 11:26:11 - [MESSAGE][PASSED] - Object: '' is clicked on

2020-10-13 11:26:13 - [MESSAGE][PASSED] - All options with label 'Registration Fees' are selected in object ''  using regular expression

2020-10-13 11:26:13 - [MESSAGE][PASSED] - selected dropdown option by visible text  Registration Feesfrom Payment Type

2020-10-13 11:26:13 - [MESSAGE][PASSED] - Object '' is present

2020-10-13 11:26:13 - [MESSAGE][PASSED] - Object '' is visible

2020-10-13 11:26:13 - [MESSAGE][PASSED] - Object '' is present

2020-10-13 11:26:15 - [MESSAGE][PASSED] - Text '12' is set on object ''

2020-10-13 11:26:15 - [MESSAGE][PASSED] - Quicksti.ts:Entered'12 into RefrenceNumber

2020-10-13 11:26:15 - [MESSAGE][PASSED] - Object '' is present

2020-10-13 11:26:15 - [MESSAGE][PASSED] - Object '' is visible

2020-10-13 11:26:16 - [MESSAGE][PASSED] - Object '' is present

2020-10-13 11:26:17 - [MESSAGE][PASSED] - Text '2' is set on object ''

2020-10-13 11:26:17 - [MESSAGE][PASSED] - Quicksti.ts:Entered'2 into Quntity

2020-10-13 11:26:17 - [TEST_STEP][PASSED] - s = Integer.toString(i): null

2020-10-13 11:26:17 - [TEST_STEP][PASSED] - utilities.SafeActions.safeType(findTestObject("CERTPAY_QUICKSTI/Payment_Information_Page/MULTIBUREAU_PAYMENT_AMOUNT"), amountList.get(i), "Payment Amount", [pageLoadTime]): Quicksti.ts:Entered'20.00 into Payment Amount

2020-10-13 11:26:17 - [MESSAGE][PASSED] - Object 'Object Repository/CERTPAY_QUICKSTI/Payment_Information_Page/MULTIBUREAU_PAYMENT_AMOUNT' is present

2020-10-13 11:26:18 - [MESSAGE][PASSED] - Object 'Object Repository/CERTPAY_QUICKSTI/Payment_Information_Page/MULTIBUREAU_PAYMENT_AMOUNT' is visible

2020-10-13 11:26:18 - [MESSAGE][PASSED] - Object 'Object Repository/CERTPAY_QUICKSTI/Payment_Information_Page/MULTIBUREAU_PAYMENT_AMOUNT' is present

2020-10-13 11:26:19 - [MESSAGE][PASSED] - Text '20.00' is set on object 'Object Repository/CERTPAY_QUICKSTI/Payment_Information_Page/MULTIBUREAU_PAYMENT_AMOUNT'

2020-10-13 11:26:19 - [MESSAGE][PASSED] - Quicksti.ts:Entered'20.00 into Payment Amount

2020-10-13 11:26:19 - [TEST_STEP][PASSED] - pages.Quicksti.setAmountDetailsForMultiBureau(s, "Registration Fees", "1", referenceList.get(i), quantityList.get(i)): Quicksti.ts:Entered'2 into Quntity

2020-10-13 11:26:20 - [MESSAGE][PASSED] - Object '' is visible

2020-10-13 11:26:20 - [MESSAGE][PASSED] - Object '' is present

2020-10-13 11:26:21 - [MESSAGE][PASSED] - Object: '' is clicked on

2020-10-13 11:26:22 - [MESSAGE][PASSED] - All options with label 'Registration Fees' are selected in object ''  using regular expression

2020-10-13 11:26:22 - [MESSAGE][PASSED] - selected dropdown option by visible text  Registration Feesfrom Payment Type

2020-10-13 11:26:23 - [MESSAGE][PASSED] - Object '' is present

2020-10-13 11:26:23 - [MESSAGE][PASSED] - Object '' is visible

2020-10-13 11:26:23 - [MESSAGE][PASSED] - Object '' is present

2020-10-13 11:26:24 - [MESSAGE][PASSED] - Text '13' is set on object ''

2020-10-13 11:26:24 - [MESSAGE][PASSED] - Quicksti.ts:Entered'13 into RefrenceNumber

2020-10-13 11:26:25 - [MESSAGE][PASSED] - Object '' is present

2020-10-13 11:26:25 - [MESSAGE][PASSED] - Object '' is visible

2020-10-13 11:26:25 - [MESSAGE][PASSED] - Object '' is present

2020-10-13 11:26:27 - [MESSAGE][PASSED] - Text '2' is set on object ''

2020-10-13 11:26:27 - [MESSAGE][PASSED] - Quicksti.ts:Entered'2 into Quntity

2020-10-13 11:26:27 - [TEST_STEP][PASSED] - for ([i = 0, i <= amountList.size() - 1, (i++)]): Quicksti.ts:Entered'Testing into Comments

2020-10-13 11:26:27 - [TEST_STEP][PASSED] - s = Integer.toString(i): null

2020-10-13 11:26:27 - [TEST_STEP][PASSED] - utilities.SafeActions.safeType(findTestObject("CERTPAY_QUICKSTI/Payment_Information_Page/MULTIBUREAU_PAY_AMOUNT2"), amountList.get(i), "Payment Amount", [pageLoadTime]): Quicksti.ts:Entered'45.00 into Payment Amount

2020-10-13 11:26:27 - [MESSAGE][PASSED] - Object 'Object Repository/CERTPAY_QUICKSTI/Payment_Information_Page/MULTIBUREAU_PAY_AMOUNT2' is present

2020-10-13 11:26:27 - [MESSAGE][PASSED] - Object 'Object Repository/CERTPAY_QUICKSTI/Payment_Information_Page/MULTIBUREAU_PAY_AMOUNT2' is visible

2020-10-13 11:26:28 - [MESSAGE][PASSED] - Object 'Object Repository/CERTPAY_QUICKSTI/Payment_Information_Page/MULTIBUREAU_PAY_AMOUNT2' is present

2020-10-13 11:26:29 - [MESSAGE][PASSED] - Text '45.00' is set on object 'Object Repository/CERTPAY_QUICKSTI/Payment_Information_Page/MULTIBUREAU_PAY_AMOUNT2'

2020-10-13 11:26:29 - [MESSAGE][PASSED] - Quicksti.ts:Entered'45.00 into Payment Amount

2020-10-13 11:26:29 - [TEST_STEP][PASSED] - pages.Quicksti.setAmountDetailsForMultiBureau(s, "Vehicles", "2", referenceList.get(i), quantityList.get(i)): Quicksti.ts:Entered'1 into Quntity

2020-10-13 11:26:30 - [MESSAGE][PASSED] - Object '' is visible

2020-10-13 11:26:30 - [MESSAGE][PASSED] - Object '' is present

2020-10-13 11:26:31 - [MESSAGE][PASSED] - Object: '' is clicked on

2020-10-13 11:26:32 - [MESSAGE][PASSED] - All options with label 'Vehicles' are selected in object ''  using regular expression

2020-10-13 11:26:32 - [MESSAGE][PASSED] - selected dropdown option by visible text  Vehiclesfrom Payment Type

2020-10-13 11:26:33 - [MESSAGE][PASSED] - Object '' is present

2020-10-13 11:26:33 - [MESSAGE][PASSED] - Object '' is visible

2020-10-13 11:26:33 - [MESSAGE][PASSED] - Object '' is present

2020-10-13 11:26:35 - [MESSAGE][PASSED] - Text '11' is set on object ''

2020-10-13 11:26:35 - [MESSAGE][PASSED] - Quicksti.ts:Entered'11 into RefrenceNumber

2020-10-13 11:26:35 - [MESSAGE][PASSED] - Object '' is present

2020-10-13 11:26:35 - [MESSAGE][PASSED] - Object '' is visible

2020-10-13 11:26:35 - [MESSAGE][PASSED] - Object '' is present

2020-10-13 11:26:37 - [MESSAGE][PASSED] - Text '1' is set on object ''

2020-10-13 11:26:37 - [MESSAGE][PASSED] - Quicksti.ts:Entered'1 into Quntity

2020-10-13 11:26:37 - [TEST_STEP][PASSED] - pages.Quicksti.setCommnets("2", s, commentsList.get(i)): Quicksti.ts:Entered'Testing into Comments

2020-10-13 11:26:37 - [MESSAGE][PASSED] - Object '' is present

2020-10-13 11:26:37 - [MESSAGE][PASSED] - Object '' is visible

2020-10-13 11:26:38 - [MESSAGE][PASSED] - Object '' is present

2020-10-13 11:26:39 - [MESSAGE][PASSED] - Text 'Testing' is set on object ''

2020-10-13 11:26:39 - [MESSAGE][PASSED] - Quicksti.ts:Entered'Testing into Comments

2020-10-13 11:26:39 - [TEST_STEP][PASSED] - s = Integer.toString(i): null

2020-10-13 11:26:39 - [TEST_STEP][PASSED] - utilities.SafeActions.safeType(findTestObject("CERTPAY_QUICKSTI/Payment_Information_Page/MULTIBUREAU_PAY_AMOUNT2"), amountList.get(i), "Payment Amount", [pageLoadTime]): Quicksti.ts:Entered'35.00 into Payment Amount

2020-10-13 11:26:39 - [MESSAGE][PASSED] - Object 'Object Repository/CERTPAY_QUICKSTI/Payment_Information_Page/MULTIBUREAU_PAY_AMOUNT2' is present

2020-10-13 11:26:40 - [MESSAGE][PASSED] - Object 'Object Repository/CERTPAY_QUICKSTI/Payment_Information_Page/MULTIBUREAU_PAY_AMOUNT2' is visible

2020-10-13 11:26:40 - [MESSAGE][PASSED] - Object 'Object Repository/CERTPAY_QUICKSTI/Payment_Information_Page/MULTIBUREAU_PAY_AMOUNT2' is present

2020-10-13 11:26:41 - [MESSAGE][PASSED] - Text '35.00' is set on object 'Object Repository/CERTPAY_QUICKSTI/Payment_Information_Page/MULTIBUREAU_PAY_AMOUNT2'

2020-10-13 11:26:41 - [MESSAGE][PASSED] - Quicksti.ts:Entered'35.00 into Payment Amount

2020-10-13 11:26:41 - [TEST_STEP][PASSED] - pages.Quicksti.setAmountDetailsForMultiBureau(s, "Vehicles", "2", referenceList.get(i), quantityList.get(i)): Quicksti.ts:Entered'2 into Quntity

2020-10-13 11:26:42 - [MESSAGE][PASSED] - Object '' is visible

2020-10-13 11:26:42 - [MESSAGE][PASSED] - Object '' is present

2020-10-13 11:26:43 - [MESSAGE][PASSED] - Object: '' is clicked on

2020-10-13 11:26:45 - [MESSAGE][PASSED] - All options with label 'Vehicles' are selected in object ''  using regular expression

2020-10-13 11:26:45 - [MESSAGE][PASSED] - selected dropdown option by visible text  Vehiclesfrom Payment Type

2020-10-13 11:26:45 - [MESSAGE][PASSED] - Object '' is present

2020-10-13 11:26:45 - [MESSAGE][PASSED] - Object '' is visible

2020-10-13 11:26:46 - [MESSAGE][PASSED] - Object '' is present

2020-10-13 11:26:47 - [MESSAGE][PASSED] - Text '12' is set on object ''

2020-10-13 11:26:47 - [MESSAGE][PASSED] - Quicksti.ts:Entered'12 into RefrenceNumber

2020-10-13 11:26:47 - [MESSAGE][PASSED] - Object '' is present

2020-10-13 11:26:48 - [MESSAGE][PASSED] - Object '' is visible

2020-10-13 11:26:48 - [MESSAGE][PASSED] - Object '' is present

2020-10-13 11:26:49 - [MESSAGE][PASSED] - Text '2' is set on object ''

2020-10-13 11:26:49 - [MESSAGE][PASSED] - Quicksti.ts:Entered'2 into Quntity

2020-10-13 11:26:49 - [TEST_STEP][PASSED] - pages.Quicksti.setCommnets("2", s, commentsList.get(i)): Quicksti.ts:Entered'Tester into Comments

2020-10-13 11:26:50 - [MESSAGE][PASSED] - Object '' is present

2020-10-13 11:26:50 - [MESSAGE][PASSED] - Object '' is visible

2020-10-13 11:26:50 - [MESSAGE][PASSED] - Object '' is present

2020-10-13 11:26:51 - [MESSAGE][PASSED] - Text 'Tester' is set on object ''

2020-10-13 11:26:51 - [MESSAGE][PASSED] - Quicksti.ts:Entered'Tester into Comments

2020-10-13 11:26:51 - [TEST_STEP][PASSED] - s = Integer.toString(i): null

2020-10-13 11:26:51 - [TEST_STEP][PASSED] - utilities.SafeActions.safeType(findTestObject("CERTPAY_QUICKSTI/Payment_Information_Page/MULTIBUREAU_PAY_AMOUNT2"), amountList.get(i), "Payment Amount", [pageLoadTime]): Quicksti.ts:Entered'20.00 into Payment Amount

2020-10-13 11:26:52 - [MESSAGE][PASSED] - Object 'Object Repository/CERTPAY_QUICKSTI/Payment_Information_Page/MULTIBUREAU_PAY_AMOUNT2' is present

2020-10-13 11:26:52 - [MESSAGE][PASSED] - Object 'Object Repository/CERTPAY_QUICKSTI/Payment_Information_Page/MULTIBUREAU_PAY_AMOUNT2' is visible

2020-10-13 11:26:53 - [MESSAGE][PASSED] - Object 'Object Repository/CERTPAY_QUICKSTI/Payment_Information_Page/MULTIBUREAU_PAY_AMOUNT2' is present

2020-10-13 11:26:54 - [MESSAGE][PASSED] - Text '20.00' is set on object 'Object Repository/CERTPAY_QUICKSTI/Payment_Information_Page/MULTIBUREAU_PAY_AMOUNT2'

2020-10-13 11:26:54 - [MESSAGE][PASSED] - Quicksti.ts:Entered'20.00 into Payment Amount

2020-10-13 11:26:54 - [TEST_STEP][PASSED] - pages.Quicksti.setAmountDetailsForMultiBureau(s, "Vehicles", "2", referenceList.get(i), quantityList.get(i)): Quicksti.ts:Entered'2 into Quntity

2020-10-13 11:26:54 - [MESSAGE][PASSED] - Object '' is visible

2020-10-13 11:26:55 - [MESSAGE][PASSED] - Object '' is present

2020-10-13 11:26:56 - [MESSAGE][PASSED] - Object: '' is clicked on

2020-10-13 11:26:57 - [MESSAGE][PASSED] - All options with label 'Vehicles' are selected in object ''  using regular expression

2020-10-13 11:26:57 - [MESSAGE][PASSED] - selected dropdown option by visible text  Vehiclesfrom Payment Type

2020-10-13 11:26:58 - [MESSAGE][PASSED] - Object '' is present

2020-10-13 11:26:58 - [MESSAGE][PASSED] - Object '' is visible

2020-10-13 11:26:58 - [MESSAGE][PASSED] - Object '' is present

2020-10-13 11:27:00 - [MESSAGE][PASSED] - Text '13' is set on object ''

2020-10-13 11:27:00 - [MESSAGE][PASSED] - Quicksti.ts:Entered'13 into RefrenceNumber

2020-10-13 11:27:00 - [MESSAGE][PASSED] - Object '' is present

2020-10-13 11:27:00 - [MESSAGE][PASSED] - Object '' is visible

2020-10-13 11:27:00 - [MESSAGE][PASSED] - Object '' is present

2020-10-13 11:27:02 - [MESSAGE][PASSED] - Text '2' is set on object ''

2020-10-13 11:27:02 - [MESSAGE][PASSED] - Quicksti.ts:Entered'2 into Quntity

2020-10-13 11:27:02 - [TEST_STEP][PASSED] - pages.Quicksti.setCommnets("2", s, commentsList.get(i)): Quicksti.ts:Entered'Testing into Comments

2020-10-13 11:27:02 - [MESSAGE][PASSED] - Object '' is present

2020-10-13 11:27:02 - [MESSAGE][PASSED] - Object '' is visible

2020-10-13 11:27:03 - [MESSAGE][PASSED] - Object '' is present

2020-10-13 11:27:04 - [MESSAGE][PASSED] - Text 'Testing' is set on object ''

2020-10-13 11:27:04 - [MESSAGE][PASSED] - Quicksti.ts:Entered'Testing into Comments

2020-10-13 11:27:04 - [TEST_STEP][PASSED] - utilities.SafeActions.safeClick(findTestObject("CERTPAY_QUICKSTI/Payment_Information_Page/MANUAL_ENTRY_BUTTON"), "ManualEntry", [pageLoadTime]): Quicksti.ts:Clicked on the ManualEntry

2020-10-13 11:27:04 - [MESSAGE][INFO] - safeClicking

2020-10-13 11:27:04 - [MESSAGE][PASSED] - Object 'Object Repository/CERTPAY_QUICKSTI/Payment_Information_Page/MANUAL_ENTRY_BUTTON' is present

2020-10-13 11:27:05 - [MESSAGE][PASSED] - Object 'Object Repository/CERTPAY_QUICKSTI/Payment_Information_Page/MANUAL_ENTRY_BUTTON' is clickable

2020-10-13 11:27:09 - [MESSAGE][PASSED] - Object: 'Object Repository/CERTPAY_QUICKSTI/Payment_Information_Page/MANUAL_ENTRY_BUTTON' is clicked on

2020-10-13 11:27:09 - [MESSAGE][PASSED] - Quicksti.ts:Clicked on the ManualEntry

2020-10-13 11:27:09 - [TEST_STEP][PASSED] - amount_Value = pages.Quicksti.getAttributeValue(findTestObject("CERTPAY_QUICKSTI/Payment_Information_Page/SUB_TOTAL")): pages.Quicksti.getAttributeValue is PASSED

2020-10-13 11:27:10 - [MESSAGE][PASSED] - Attribute 'value' of object 'Object Repository/CERTPAY_QUICKSTI/Payment_Information_Page/SUB_TOTAL' is: '45.00'

2020-10-13 11:27:10 - [MESSAGE][PASSED] - pages.Quicksti.getAttributeValue is PASSED

2020-10-13 11:27:10 - [TEST_STEP][PASSED] - CardNumber = pages.Quicksti.setUserPaymentDetails(firstName, lastName, cardNum): Quicksti.ts:Entered'8171999900000018 into CardNum

2020-10-13 11:27:10 - [MESSAGE][PASSED] - Object 'Object Repository/CERTPAY_QUICKSTI/Payment_Information_Page/FIRST_NAME' is present

2020-10-13 11:27:10 - [MESSAGE][PASSED] - Object 'Object Repository/CERTPAY_QUICKSTI/Payment_Information_Page/FIRST_NAME' is visible

2020-10-13 11:27:10 - [MESSAGE][PASSED] - Object 'Object Repository/CERTPAY_QUICKSTI/Payment_Information_Page/FIRST_NAME' is present

2020-10-13 11:27:12 - [MESSAGE][PASSED] - Text 'Tester' is set on object 'Object Repository/CERTPAY_QUICKSTI/Payment_Information_Page/FIRST_NAME'

2020-10-13 11:27:12 - [MESSAGE][PASSED] - Quicksti.ts:Entered'Tester into FirstName

2020-10-13 11:27:12 - [MESSAGE][PASSED] - Object 'Object Repository/CERTPAY_QUICKSTI/Payment_Information_Page/LAST_NAME' is present

2020-10-13 11:27:12 - [MESSAGE][PASSED] - Object 'Object Repository/CERTPAY_QUICKSTI/Payment_Information_Page/LAST_NAME' is visible

2020-10-13 11:27:13 - [MESSAGE][PASSED] - Object 'Object Repository/CERTPAY_QUICKSTI/Payment_Information_Page/LAST_NAME' is present

2020-10-13 11:27:14 - [MESSAGE][PASSED] - Text 'Zenq1' is set on object 'Object Repository/CERTPAY_QUICKSTI/Payment_Information_Page/LAST_NAME'

2020-10-13 11:27:14 - [MESSAGE][PASSED] - Quicksti.ts:Entered'Zenq1 into LAstName

2020-10-13 11:27:14 - [MESSAGE][PASSED] - Object 'Object Repository/CERTPAY_QUICKSTI/Payment_Information_Page/CARD_NUMBER' is present

2020-10-13 11:27:15 - [MESSAGE][PASSED] - Object 'Object Repository/CERTPAY_QUICKSTI/Payment_Information_Page/CARD_NUMBER' is visible

2020-10-13 11:27:15 - [MESSAGE][PASSED] - Object 'Object Repository/CERTPAY_QUICKSTI/Payment_Information_Page/CARD_NUMBER' is present

2020-10-13 11:27:16 - [MESSAGE][PASSED] - Text '8171999900000018' is set on object 'Object Repository/CERTPAY_QUICKSTI/Payment_Information_Page/CARD_NUMBER'

2020-10-13 11:27:16 - [MESSAGE][PASSED] - Quicksti.ts:Entered'8171999900000018 into CardNum

2020-10-13 11:27:16 - [TEST_STEP][PASSED] - pages.Quicksti.setExpDate(expMonth, expYear, securityCode): Quicksti.ts:Entered'111 into securityCode

2020-10-13 11:27:17 - [MESSAGE][PASSED] - Object 'Object Repository/CERTPAY_QUICKSTI/Payment_Information_Page/EXP_MONTH' is visible

2020-10-13 11:27:17 - [MESSAGE][PASSED] - Object 'Object Repository/CERTPAY_QUICKSTI/Payment_Information_Page/EXP_MONTH' is present

2020-10-13 11:27:18 - [MESSAGE][PASSED] - Object: 'Object Repository/CERTPAY_QUICKSTI/Payment_Information_Page/EXP_MONTH' is clicked on

2020-10-13 11:27:19 - [MESSAGE][PASSED] - All options with label '04' are selected in object 'Object Repository/CERTPAY_QUICKSTI/Payment_Information_Page/EXP_MONTH'  using regular expression

2020-10-13 11:27:19 - [MESSAGE][PASSED] - selected dropdown option by visible text  04from expMonth

2020-10-13 11:27:20 - [MESSAGE][PASSED] - Object 'Object Repository/CERTPAY_QUICKSTI/Payment_Information_Page/EXP_YEAR' is visible

2020-10-13 11:27:20 - [MESSAGE][PASSED] - Object 'Object Repository/CERTPAY_QUICKSTI/Payment_Information_Page/EXP_YEAR' is present

2020-10-13 11:27:21 - [MESSAGE][PASSED] - Object: 'Object Repository/CERTPAY_QUICKSTI/Payment_Information_Page/EXP_YEAR' is clicked on

2020-10-13 11:27:23 - [MESSAGE][PASSED] - All options with label '2027' are selected in object 'Object Repository/CERTPAY_QUICKSTI/Payment_Information_Page/EXP_YEAR'  using regular expression

2020-10-13 11:27:23 - [MESSAGE][PASSED] - selected dropdown option by visible text  2027from  expYear

2020-10-13 11:27:23 - [MESSAGE][PASSED] - Object 'Object Repository/CERTPAY_QUICKSTI/Payment_Information_Page/SECURITY_CODE' is present

2020-10-13 11:27:23 - [MESSAGE][PASSED] - Object 'Object Repository/CERTPAY_QUICKSTI/Payment_Information_Page/SECURITY_CODE' is visible

2020-10-13 11:27:24 - [MESSAGE][PASSED] - Object 'Object Repository/CERTPAY_QUICKSTI/Payment_Information_Page/SECURITY_CODE' is present

2020-10-13 11:27:25 - [MESSAGE][PASSED] - Text '111' is set on object 'Object Repository/CERTPAY_QUICKSTI/Payment_Information_Page/SECURITY_CODE'

2020-10-13 11:27:25 - [MESSAGE][PASSED] - Quicksti.ts:Entered'111 into securityCode

2020-10-13 11:27:25 - [TEST_STEP][PASSED] - utilities.SafeActions.safeType(findTestObject("CERTPAY_QUICKSTI/Payment_Information_Page/ADDRESS"), address, "Address", [pageLoadTime]): Quicksti.ts:Entered'14-2 into Address

2020-10-13 11:27:25 - [MESSAGE][PASSED] - Object 'Object Repository/CERTPAY_QUICKSTI/Payment_Information_Page/ADDRESS' is present

2020-10-13 11:27:26 - [MESSAGE][PASSED] - Object 'Object Repository/CERTPAY_QUICKSTI/Payment_Information_Page/ADDRESS' is visible

2020-10-13 11:27:26 - [MESSAGE][PASSED] - Object 'Object Repository/CERTPAY_QUICKSTI/Payment_Information_Page/ADDRESS' is present

2020-10-13 11:27:27 - [MESSAGE][PASSED] - Text '14-2' is set on object 'Object Repository/CERTPAY_QUICKSTI/Payment_Information_Page/ADDRESS'

2020-10-13 11:27:27 - [MESSAGE][PASSED] - Quicksti.ts:Entered'14-2 into Address

2020-10-13 11:27:27 - [TEST_STEP][PASSED] - utilities.SafeActions.safeType(findTestObject("CERTPAY_QUICKSTI/Payment_Information_Page/ZIP_CODE"), zipCode, "zipcode", [pageLoadTime]): Quicksti.ts:Entered'76102 into zipcode

2020-10-13 11:27:28 - [MESSAGE][PASSED] - Object 'Object Repository/CERTPAY_QUICKSTI/Payment_Information_Page/ZIP_CODE' is present

2020-10-13 11:27:28 - [MESSAGE][PASSED] - Object 'Object Repository/CERTPAY_QUICKSTI/Payment_Information_Page/ZIP_CODE' is visible

2020-10-13 11:27:28 - [MESSAGE][PASSED] - Object 'Object Repository/CERTPAY_QUICKSTI/Payment_Information_Page/ZIP_CODE' is present

2020-10-13 11:27:29 - [MESSAGE][PASSED] - Text '76102' is set on object 'Object Repository/CERTPAY_QUICKSTI/Payment_Information_Page/ZIP_CODE'

2020-10-13 11:27:29 - [MESSAGE][PASSED] - Quicksti.ts:Entered'76102 into zipcode

2020-10-13 11:27:29 - [TEST_STEP][PASSED] - utilities.SafeActions.safeType(findTestObject("CERTPAY_QUICKSTI/Payment_Information_Page/TELEPHONE"), telephone, "Telephone", [pageLoadTime]): Quicksti.ts:Entered'9989897654 into Telephone

2020-10-13 11:27:30 - [MESSAGE][PASSED] - Object 'Object Repository/CERTPAY_QUICKSTI/Payment_Information_Page/TELEPHONE' is present

2020-10-13 11:27:30 - [MESSAGE][PASSED] - Object 'Object Repository/CERTPAY_QUICKSTI/Payment_Information_Page/TELEPHONE' is visible

2020-10-13 11:27:30 - [MESSAGE][PASSED] - Object 'Object Repository/CERTPAY_QUICKSTI/Payment_Information_Page/TELEPHONE' is present

2020-10-13 11:27:32 - [MESSAGE][PASSED] - Text '9989897654' is set on object 'Object Repository/CERTPAY_QUICKSTI/Payment_Information_Page/TELEPHONE'

2020-10-13 11:27:32 - [MESSAGE][PASSED] - Quicksti.ts:Entered'9989897654 into Telephone

2020-10-13 11:27:32 - [TEST_STEP][PASSED] - utilities.SafeActions.safeType(findTestObject("CERTPAY_QUICKSTI/Payment_Information_Page/EMAIL_ADDRESS"), emailAddress, "EMAIL address", [pageLoadTime]): Quicksti.ts:Entered'testing@zenq.com into EMAIL address

2020-10-13 11:27:32 - [MESSAGE][PASSED] - Object 'Object Repository/CERTPAY_QUICKSTI/Payment_Information_Page/EMAIL_ADDRESS' is present

2020-10-13 11:27:32 - [MESSAGE][PASSED] - Object 'Object Repository/CERTPAY_QUICKSTI/Payment_Information_Page/EMAIL_ADDRESS' is visible

2020-10-13 11:27:33 - [MESSAGE][PASSED] - Object 'Object Repository/CERTPAY_QUICKSTI/Payment_Information_Page/EMAIL_ADDRESS' is present

2020-10-13 11:27:34 - [MESSAGE][PASSED] - Text 'testing@zenq.com' is set on object 'Object Repository/CERTPAY_QUICKSTI/Payment_Information_Page/EMAIL_ADDRESS'

2020-10-13 11:27:34 - [MESSAGE][PASSED] - Quicksti.ts:Entered'testing@zenq.com into EMAIL address

2020-10-13 11:27:34 - [TEST_STEP][PASSED] - utilities.SafeActions.safeClick(findTestObject("CERTPAY_QUICKSTI/Payment_Information_Page/NEXT_BUTTON"), "Next", [pageLoadTime]): Quicksti.ts:Clicked on the Next

2020-10-13 11:27:34 - [MESSAGE][INFO] - safeClicking

2020-10-13 11:27:34 - [MESSAGE][PASSED] - Object 'Object Repository/CERTPAY_QUICKSTI/Payment_Information_Page/NEXT_BUTTON' is present

2020-10-13 11:27:35 - [MESSAGE][PASSED] - Object 'Object Repository/CERTPAY_QUICKSTI/Payment_Information_Page/NEXT_BUTTON' is clickable

2020-10-13 11:27:38 - [MESSAGE][PASSED] - Object: 'Object Repository/CERTPAY_QUICKSTI/Payment_Information_Page/NEXT_BUTTON' is clicked on

2020-10-13 11:27:38 - [MESSAGE][PASSED] - Quicksti.ts:Clicked on the Next

2020-10-13 11:27:38 - [TEST_STEP][PASSED] - pages.Quicksti.verifyUserPaymentDetails(amountList.get(0), firstName, lastName, CardNumber): pages.Quicksti.verifyUserPaymentDetails is PASSED

2020-10-13 11:27:39 - [MESSAGE][PASSED] - Text of object 'Object Repository/CERTPAY_QUICKSTI/Payment_Details_Verification_Page/AMOUNT' is: '$45.00'

2020-10-13 11:27:39 - [MESSAGE][PASSED] - Actual text '45.00' and expected text '45.00' are matched  using regular expression

2020-10-13 11:27:39 - [MESSAGE][PASSED] - Text of object 'Object Repository/CERTPAY_QUICKSTI/Payment_Details_Verification_Page/NAME' is: 'Tester Zenq1'

2020-10-13 11:27:39 - [MESSAGE][PASSED] - Actual text 'Tester Zenq1' and expected text 'Tester Zenq1' are matched  using regular expression

2020-10-13 11:27:39 - [MESSAGE][PASSED] - Text of object 'Object Repository/CERTPAY_QUICKSTI/Payment_Details_Verification_Page/CARD_NUMBER' is: '...0018'

2020-10-13 11:27:39 - [MESSAGE][PASSED] - Actual text '0018' and expected text '0018' are matched  using regular expression

2020-10-13 11:27:39 - [MESSAGE][PASSED] - pages.Quicksti.verifyUserPaymentDetails is PASSED

2020-10-13 11:27:39 - [TEST_STEP][PASSED] - scrollToElement(findTestObject("CERTPAY_QUICKSTI/Payment_Details_Verification_Page/PROCESS"), 30): Scroll to object 'Object Repository/CERTPAY_QUICKSTI/Payment_Details_Verification_Page/PROCESS' successfully

2020-10-13 11:27:40 - [MESSAGE][PASSED] - Scroll to object 'Object Repository/CERTPAY_QUICKSTI/Payment_Details_Verification_Page/PROCESS' successfully

2020-10-13 11:27:40 - [TEST_STEP][PASSED] - utilities.SafeActions.safeClick(findTestObject("CERTPAY_QUICKSTI/Payment_Details_Verification_Page/PROCESS"), "Process", [pageLoadTime]): Quicksti.ts:Clicked on the Process

2020-10-13 11:27:40 - [MESSAGE][INFO] - safeClicking

2020-10-13 11:27:40 - [MESSAGE][PASSED] - Object 'Object Repository/CERTPAY_QUICKSTI/Payment_Details_Verification_Page/PROCESS' is present

2020-10-13 11:27:41 - [MESSAGE][PASSED] - Object 'Object Repository/CERTPAY_QUICKSTI/Payment_Details_Verification_Page/PROCESS' is clickable

2020-10-13 11:27:46 - [MESSAGE][PASSED] - Object: 'Object Repository/CERTPAY_QUICKSTI/Payment_Details_Verification_Page/PROCESS' is clicked on

2020-10-13 11:27:46 - [MESSAGE][PASSED] - Quicksti.ts:Clicked on the Process

2020-10-13 11:27:46 - [TEST_STEP][PASSED] - paymentId = pages.Quicksti.verifyPaymentApproval(findTestObject("CERTPAY_QUICKSTI/Payment_Details_Verification_Page/APPROVED")): Payment is approved

2020-10-13 11:27:47 - [MESSAGE][PASSED] - Text of object 'Object Repository/CERTPAY_QUICKSTI/Payment_Details_Verification_Page/PAYMENT_ID' is: '100176127406'

2020-10-13 11:27:47 - [MESSAGE][PASSED] - Object 'Object Repository/CERTPAY_QUICKSTI/Payment_Details_Verification_Page/APPROVED' is present

2020-10-13 11:27:47 - [MESSAGE][PASSED] - Payment is approved

2020-10-13 11:27:49 - [TEST_STEP][PASSED] - navigateToUrl(Admin_url): Navigate to 'https://qa-certpayadmin.faps.net' successfully

2020-10-13 11:27:54 - [MESSAGE][PASSED] - Navigate to 'https://qa-certpayadmin.faps.net' successfully

2020-10-13 11:27:54 - [TEST_STEP][PASSED] - pages.Bureau_Login_Page.loginToAdminSite(AdminUsername, AdminPassword): Quicksti.ts:Clicked on the LOGIN

2020-10-13 11:27:54 - [MESSAGE][PASSED] - Object 'Object Repository/CERTPAY_ADMIN/USER_NAME' is present

2020-10-13 11:27:54 - [MESSAGE][PASSED] - Object 'Object Repository/CERTPAY_ADMIN/USER_NAME' is visible

2020-10-13 11:27:55 - [MESSAGE][PASSED] - Object 'Object Repository/CERTPAY_ADMIN/USER_NAME' is present

2020-10-13 11:27:56 - [MESSAGE][PASSED] - Text 'VVangiliappan' is set on object 'Object Repository/CERTPAY_ADMIN/USER_NAME'

2020-10-13 11:27:56 - [MESSAGE][PASSED] - Quicksti.ts:Entered'VVangiliappan into username

2020-10-13 11:27:56 - [MESSAGE][PASSED] - Object 'Object Repository/CERTPAY_ADMIN/PASSWORD' is present

2020-10-13 11:27:57 - [MESSAGE][PASSED] - Object 'Object Repository/CERTPAY_ADMIN/PASSWORD' is visible

2020-10-13 11:27:57 - [MESSAGE][PASSED] - Object 'Object Repository/CERTPAY_ADMIN/PASSWORD' is present

2020-10-13 11:27:58 - [MESSAGE][PASSED] - Text 'Test@123' is set on object 'Object Repository/CERTPAY_ADMIN/PASSWORD'

2020-10-13 11:27:58 - [MESSAGE][PASSED] - Quicksti.ts:Entered'Test@123 into password

2020-10-13 11:27:58 - [MESSAGE][INFO] - safeClicking

2020-10-13 11:27:59 - [MESSAGE][PASSED] - Object 'Object Repository/CERTPAY_ADMIN/LOGIN_BUTTON' is present

2020-10-13 11:27:59 - [MESSAGE][PASSED] - Object 'Object Repository/CERTPAY_ADMIN/LOGIN_BUTTON' is clickable

2020-10-13 11:28:06 - [MESSAGE][PASSED] - Object: 'Object Repository/CERTPAY_ADMIN/LOGIN_BUTTON' is clicked on

2020-10-13 11:28:06 - [MESSAGE][PASSED] - Quicksti.ts:Clicked on the LOGIN

2020-10-13 11:28:06 - [TEST_STEP][PASSED] - utilities.SafeActions.safeClick(findTestObject("CERTPAY_ADMIN/TRANSACTION_MENU"), "TransactionMenu", [pageLoadTime]): Quicksti.ts:Clicked on the TransactionMenu

2020-10-13 11:28:06 - [MESSAGE][INFO] - safeClicking

2020-10-13 11:28:07 - [MESSAGE][PASSED] - Object 'Object Repository/CERTPAY_ADMIN/TRANSACTION_MENU' is present

2020-10-13 11:28:07 - [MESSAGE][PASSED] - Object 'Object Repository/CERTPAY_ADMIN/TRANSACTION_MENU' is clickable

2020-10-13 11:28:08 - [MESSAGE][PASSED] - Object: 'Object Repository/CERTPAY_ADMIN/TRANSACTION_MENU' is clicked on

2020-10-13 11:28:08 - [MESSAGE][PASSED] - Quicksti.ts:Clicked on the TransactionMenu

2020-10-13 11:28:08 - [TEST_STEP][PASSED] - utilities.SafeActions.safeClick(findTestObject("CERTPAY_ADMIN/TRANSACTION_SEARCH"), "TransactionSearch", [pageLoadTime]): Quicksti.ts:Clicked on the TransactionSearch

2020-10-13 11:28:08 - [MESSAGE][INFO] - safeClicking

2020-10-13 11:28:09 - [MESSAGE][PASSED] - Object 'Object Repository/CERTPAY_ADMIN/TRANSACTION_SEARCH' is present

2020-10-13 11:28:09 - [MESSAGE][PASSED] - Object 'Object Repository/CERTPAY_ADMIN/TRANSACTION_SEARCH' is clickable

2020-10-13 11:28:12 - [MESSAGE][PASSED] - Object: 'Object Repository/CERTPAY_ADMIN/TRANSACTION_SEARCH' is clicked on

2020-10-13 11:28:12 - [MESSAGE][PASSED] - Quicksti.ts:Clicked on the TransactionSearch

2020-10-13 11:28:12 - [TEST_STEP][PASSED] - utilities.SafeActions.safeType(findTestObject("CERTPAY_ADMIN/PAYMENT_ID"), paymentId, "Payment id", [pageLoadTime]): Quicksti.ts:Entered'100176127406 into Payment id

2020-10-13 11:28:12 - [MESSAGE][PASSED] - Object 'Object Repository/CERTPAY_ADMIN/PAYMENT_ID' is present

2020-10-13 11:28:13 - [MESSAGE][PASSED] - Object 'Object Repository/CERTPAY_ADMIN/PAYMENT_ID' is visible

2020-10-13 11:28:13 - [MESSAGE][PASSED] - Object 'Object Repository/CERTPAY_ADMIN/PAYMENT_ID' is present

2020-10-13 11:28:14 - [MESSAGE][PASSED] - Text '100176127406' is set on object 'Object Repository/CERTPAY_ADMIN/PAYMENT_ID'

2020-10-13 11:28:14 - [MESSAGE][PASSED] - Quicksti.ts:Entered'100176127406 into Payment id

2020-10-13 11:28:14 - [TEST_STEP][PASSED] - utilities.SafeActions.safeClick(findTestObject("CERTPAY_ADMIN/GO_BUTTON"), "Go button", [pageLoadTime]): Quicksti.ts:Clicked on the Go button

2020-10-13 11:28:14 - [MESSAGE][INFO] - safeClicking

2020-10-13 11:28:15 - [MESSAGE][PASSED] - Object 'Object Repository/CERTPAY_ADMIN/GO_BUTTON' is present

2020-10-13 11:28:15 - [MESSAGE][PASSED] - Object 'Object Repository/CERTPAY_ADMIN/GO_BUTTON' is clickable

2020-10-13 11:28:19 - [MESSAGE][PASSED] - Object: 'Object Repository/CERTPAY_ADMIN/GO_BUTTON' is clicked on

2020-10-13 11:28:19 - [MESSAGE][PASSED] - Quicksti.ts:Clicked on the Go button

2020-10-13 11:28:19 - [TEST_STEP][PASSED] - delay(5): Delayed 5 second(s)

2020-10-13 11:28:24 - [MESSAGE][PASSED] - Delayed 5 second(s)

2020-10-13 11:28:24 - [TEST_STEP][PASSED] - scrollToPosition(800, 900): Browser is scrolled to position x = 800, y = 900

2020-10-13 11:28:24 - [MESSAGE][PASSED] - Browser is scrolled to position x = 800, y = 900

2020-10-13 11:28:24 - [TEST_STEP][PASSED] - paymentIdList.add(paymentId): null

2020-10-13 11:28:24 - [TEST_STEP][PASSED] - println(paymentIdList): null

2020-10-13 11:28:24 - [TEST_STEP][PASSED] - firstName = data.getValue("FirstName", index): null

2020-10-13 11:28:24 - [TEST_STEP][PASSED] - lastName = data.getValue("LastName", index): null

2020-10-13 11:28:24 - [TEST_STEP][PASSED] - cardNum = data.getValue("CardNumber", index): null

2020-10-13 11:28:24 - [TEST_STEP][PASSED] - expMonth = data.getValue("ExpMonth", index): null

2020-10-13 11:28:24 - [TEST_STEP][PASSED] - expYear = data.getValue("ExpYear", index): null

2020-10-13 11:28:24 - [TEST_STEP][PASSED] - securityCode = data.getValue("SecurityCode", index): null

2020-10-13 11:28:24 - [TEST_STEP][PASSED] - paymentAmount = data.getValue("PaymentAmount", index): null

2020-10-13 11:28:24 - [TEST_STEP][PASSED] - paymentType = data.getValue("PaymentType", index): null

2020-10-13 11:28:24 - [TEST_STEP][PASSED] - quantity = data.getValue("Quantity", index): null

2020-10-13 11:28:24 - [TEST_STEP][PASSED] - comments = data.getValue("Comments", index): null

2020-10-13 11:28:24 - [TEST_STEP][PASSED] - referenceNum = data.getValue("ReferenceNum", index): null

2020-10-13 11:28:24 - [TEST_STEP][PASSED] - address = data.getValue("Address", index): null

2020-10-13 11:28:24 - [TEST_STEP][PASSED] - zipCode = data.getValue("Zipcode", index): null

2020-10-13 11:28:24 - [TEST_STEP][PASSED] - telephone = data.getValue("Telephone", index): null

2020-10-13 11:28:24 - [TEST_STEP][PASSED] - emailAddress = data.getValue("EmailAddress", index): null

2020-10-13 11:28:24 - [TEST_STEP][PASSED] - cardType = data.getValue("CardType", index): null

2020-10-13 11:28:24 - [TEST_STEP][PASSED] - amountList = paymentAmount.split(","): null

2020-10-13 11:28:24 - [TEST_STEP][PASSED] - referenceList = referenceNum.split(","): null

2020-10-13 11:28:24 - [TEST_STEP][PASSED] - paymentTypeList = paymentType.split(","): null

2020-10-13 11:28:24 - [TEST_STEP][PASSED] - commentsList = comments.split(","): null

2020-10-13 11:28:24 - [TEST_STEP][PASSED] - quantityList = quantity.split(","): null

2020-10-13 11:28:24 - [TEST_STEP][PASSED] - utilities.SafeActions.openBrowser(Quicksti_Url, [pageLoadTime]): Browser launched successfully

2020-10-13 11:28:24 - [MESSAGE][INFO] - Opening Browser

2020-10-13 11:28:24 - [MESSAGE][WARNING] - A browser is already opened. Closing browser and opening a new one

2020-10-13 11:28:25 - [MESSAGE][INFO] - Starting 'Chrome' driver

2020-10-13 11:28:33 - [MESSAGE][PASSED] - Browser is opened with url: 'https://qa-certpayquicksti.faps.net/'

2020-10-13 11:28:36 - [MESSAGE][PASSED] - Current window maximized

2020-10-13 11:28:36 - [MESSAGE][PASSED] - Browser launched successfully

2020-10-13 11:28:36 - [TEST_STEP][PASSED] - utilities.SafeActions.safeCheck(findTestObject("CERTPAY_QUICKSTI/Login_ Page/MULTI_BUREAU_CHECKBOX"), "Multi Bureau", [pageLoadTime]): Quicksti.ts:Checkbox 'Multi Bureau'is selected

2020-10-13 11:28:36 - [MESSAGE][PASSED] - Object 'Object Repository/CERTPAY_QUICKSTI/Login_ Page/MULTI_BUREAU_CHECKBOX' is present

2020-10-13 11:28:37 - [MESSAGE][PASSED] - Object 'Object Repository/CERTPAY_QUICKSTI/Login_ Page/MULTI_BUREAU_CHECKBOX' is present

2020-10-13 11:28:38 - [MESSAGE][PASSED] - Object: 'Object Repository/CERTPAY_QUICKSTI/Login_ Page/MULTI_BUREAU_CHECKBOX' is clicked on

2020-10-13 11:28:38 - [MESSAGE][PASSED] - Quicksti.ts:Checkbox 'Multi Bureau'is selected

2020-10-13 11:28:38 - [TEST_STEP][PASSED] - utilities.SafeActions.safeType(findTestObject("CERTPAY_QUICKSTI/Login_ Page/TELLER_ID"), teller_id, "Bureau code", [pageLoadTime]): Quicksti.ts:Entered'zenq into Bureau code

2020-10-13 11:28:40 - [MESSAGE][PASSED] - Object 'Object Repository/CERTPAY_QUICKSTI/Login_ Page/TELLER_ID' is present

2020-10-13 11:28:40 - [MESSAGE][PASSED] - Object 'Object Repository/CERTPAY_QUICKSTI/Login_ Page/TELLER_ID' is visible

2020-10-13 11:28:40 - [MESSAGE][PASSED] - Object 'Object Repository/CERTPAY_QUICKSTI/Login_ Page/TELLER_ID' is present

2020-10-13 11:28:41 - [MESSAGE][PASSED] - Text 'zenq' is set on object 'Object Repository/CERTPAY_QUICKSTI/Login_ Page/TELLER_ID'

2020-10-13 11:28:41 - [MESSAGE][PASSED] - Quicksti.ts:Entered'zenq into Bureau code

2020-10-13 11:28:41 - [TEST_STEP][PASSED] - utilities.SafeActions.safeClick(findTestObject("CERTPAY_QUICKSTI/Login_ Page/NEXT_BUTTON"), "Next button", [pageLoadTime]): Quicksti.ts:Clicked on the Next button

2020-10-13 11:28:42 - [MESSAGE][INFO] - safeClicking

2020-10-13 11:28:42 - [MESSAGE][PASSED] - Object 'Object Repository/CERTPAY_QUICKSTI/Login_ Page/NEXT_BUTTON' is present

2020-10-13 11:28:42 - [MESSAGE][PASSED] - Object 'Object Repository/CERTPAY_QUICKSTI/Login_ Page/NEXT_BUTTON' is clickable

2020-10-13 11:28:47 - [MESSAGE][PASSED] - Object: 'Object Repository/CERTPAY_QUICKSTI/Login_ Page/NEXT_BUTTON' is clicked on

2020-10-13 11:28:47 - [MESSAGE][PASSED] - Quicksti.ts:Clicked on the Next button

2020-10-13 11:28:47 - [TEST_STEP][PASSED] - for ([i = 0, i <= amountList.size() - 1, (i++)]): Quicksti.ts:Entered'2 into Quntity

2020-10-13 11:28:47 - [TEST_STEP][PASSED] - s = Integer.toString(i): null

2020-10-13 11:28:47 - [TEST_STEP][PASSED] - pages.Quicksti.setCommnets("0", s, commentsList.get(i)): Quicksti.ts:Entered'Testing into Comments

2020-10-13 11:28:48 - [MESSAGE][PASSED] - Object '' is present

2020-10-13 11:28:48 - [MESSAGE][PASSED] - Object '' is visible

2020-10-13 11:28:48 - [MESSAGE][PASSED] - Object '' is present

2020-10-13 11:28:49 - [MESSAGE][PASSED] - Text 'Testing' is set on object ''

2020-10-13 11:28:49 - [MESSAGE][PASSED] - Quicksti.ts:Entered'Testing into Comments

2020-10-13 11:28:49 - [TEST_STEP][PASSED] - utilities.SafeActions.safeType(findTestObject("CERTPAY_QUICKSTI/Payment_Information_Page/PAYMENT_AMOUNT"), amountList.get(i), "Payment Amount", [pageLoadTime]): Quicksti.ts:Entered'45.00 into Payment Amount

2020-10-13 11:28:50 - [MESSAGE][PASSED] - Object 'Object Repository/CERTPAY_QUICKSTI/Payment_Information_Page/PAYMENT_AMOUNT' is present

2020-10-13 11:28:50 - [MESSAGE][PASSED] - Object 'Object Repository/CERTPAY_QUICKSTI/Payment_Information_Page/PAYMENT_AMOUNT' is visible

2020-10-13 11:28:50 - [MESSAGE][PASSED] - Object 'Object Repository/CERTPAY_QUICKSTI/Payment_Information_Page/PAYMENT_AMOUNT' is present

2020-10-13 11:28:52 - [MESSAGE][PASSED] - Text '45.00' is set on object 'Object Repository/CERTPAY_QUICKSTI/Payment_Information_Page/PAYMENT_AMOUNT'

2020-10-13 11:28:52 - [MESSAGE][PASSED] - Quicksti.ts:Entered'45.00 into Payment Amount

2020-10-13 11:28:52 - [TEST_STEP][PASSED] - pages.Quicksti.setAmountDetailsForMultiBureau(s, paymentTypeList.get(i), "0", referenceList.get(i), quantityList.get(i)): Quicksti.ts:Entered'1 into Quntity

2020-10-13 11:28:52 - [MESSAGE][PASSED] - Object '' is visible

2020-10-13 11:28:53 - [MESSAGE][PASSED] - Object '' is present

2020-10-13 11:28:54 - [MESSAGE][PASSED] - Object: '' is clicked on

2020-10-13 11:28:55 - [MESSAGE][PASSED] - All options with label 'Licenses' are selected in object ''  using regular expression

2020-10-13 11:28:55 - [MESSAGE][PASSED] - selected dropdown option by visible text  Licensesfrom Payment Type

2020-10-13 11:28:55 - [MESSAGE][PASSED] - Object '' is present

2020-10-13 11:28:56 - [MESSAGE][PASSED] - Object '' is visible

2020-10-13 11:28:56 - [MESSAGE][PASSED] - Object '' is present

2020-10-13 11:28:57 - [MESSAGE][PASSED] - Text '11' is set on object ''

2020-10-13 11:28:57 - [MESSAGE][PASSED] - Quicksti.ts:Entered'11 into RefrenceNumber

2020-10-13 11:28:57 - [MESSAGE][PASSED] - Object '' is present

2020-10-13 11:28:58 - [MESSAGE][PASSED] - Object '' is visible

2020-10-13 11:28:58 - [MESSAGE][PASSED] - Object '' is present

2020-10-13 11:28:59 - [MESSAGE][PASSED] - Text '1' is set on object ''

2020-10-13 11:28:59 - [MESSAGE][PASSED] - Quicksti.ts:Entered'1 into Quntity

2020-10-13 11:28:59 - [TEST_STEP][PASSED] - s = Integer.toString(i): null

2020-10-13 11:28:59 - [TEST_STEP][PASSED] - pages.Quicksti.setCommnets("0", s, commentsList.get(i)): Quicksti.ts:Entered'Tester into Comments

2020-10-13 11:29:00 - [MESSAGE][PASSED] - Object '' is present

2020-10-13 11:29:00 - [MESSAGE][PASSED] - Object '' is visible

2020-10-13 11:29:00 - [MESSAGE][PASSED] - Object '' is present

2020-10-13 11:29:02 - [MESSAGE][PASSED] - Text 'Tester' is set on object ''

2020-10-13 11:29:02 - [MESSAGE][PASSED] - Quicksti.ts:Entered'Tester into Comments

2020-10-13 11:29:02 - [TEST_STEP][PASSED] - utilities.SafeActions.safeType(findTestObject("CERTPAY_QUICKSTI/Payment_Information_Page/PAYMENT_AMOUNT"), amountList.get(i), "Payment Amount", [pageLoadTime]): Quicksti.ts:Entered'35.00 into Payment Amount

2020-10-13 11:29:02 - [MESSAGE][PASSED] - Object 'Object Repository/CERTPAY_QUICKSTI/Payment_Information_Page/PAYMENT_AMOUNT' is present

2020-10-13 11:29:02 - [MESSAGE][PASSED] - Object 'Object Repository/CERTPAY_QUICKSTI/Payment_Information_Page/PAYMENT_AMOUNT' is visible

2020-10-13 11:29:03 - [MESSAGE][PASSED] - Object 'Object Repository/CERTPAY_QUICKSTI/Payment_Information_Page/PAYMENT_AMOUNT' is present

2020-10-13 11:29:04 - [MESSAGE][PASSED] - Text '35.00' is set on object 'Object Repository/CERTPAY_QUICKSTI/Payment_Information_Page/PAYMENT_AMOUNT'

2020-10-13 11:29:04 - [MESSAGE][PASSED] - Quicksti.ts:Entered'35.00 into Payment Amount

2020-10-13 11:29:04 - [TEST_STEP][PASSED] - pages.Quicksti.setAmountDetailsForMultiBureau(s, paymentTypeList.get(i), "0", referenceList.get(i), quantityList.get(i)): Quicksti.ts:Entered'2 into Quntity

2020-10-13 11:29:04 - [MESSAGE][PASSED] - Object '' is visible

2020-10-13 11:29:05 - [MESSAGE][PASSED] - Object '' is present

2020-10-13 11:29:06 - [MESSAGE][PASSED] - Object: '' is clicked on

2020-10-13 11:29:07 - [MESSAGE][PASSED] - All options with label 'Taxes' are selected in object ''  using regular expression

2020-10-13 11:29:07 - [MESSAGE][PASSED] - selected dropdown option by visible text  Taxesfrom Payment Type

2020-10-13 11:29:08 - [MESSAGE][PASSED] - Object '' is present

2020-10-13 11:29:08 - [MESSAGE][PASSED] - Object '' is visible

2020-10-13 11:29:08 - [MESSAGE][PASSED] - Object '' is present

2020-10-13 11:29:09 - [MESSAGE][PASSED] - Text '12' is set on object ''

2020-10-13 11:29:09 - [MESSAGE][PASSED] - Quicksti.ts:Entered'12 into RefrenceNumber

2020-10-13 11:29:10 - [MESSAGE][PASSED] - Object '' is present

2020-10-13 11:29:10 - [MESSAGE][PASSED] - Object '' is visible

2020-10-13 11:29:10 - [MESSAGE][PASSED] - Object '' is present

2020-10-13 11:29:12 - [MESSAGE][PASSED] - Text '2' is set on object ''

2020-10-13 11:29:12 - [MESSAGE][PASSED] - Quicksti.ts:Entered'2 into Quntity

2020-10-13 11:29:12 - [TEST_STEP][PASSED] - s = Integer.toString(i): null

2020-10-13 11:29:12 - [TEST_STEP][PASSED] - pages.Quicksti.setCommnets("0", s, commentsList.get(i)): Quicksti.ts:Entered'Testing into Comments

2020-10-13 11:29:12 - [MESSAGE][PASSED] - Object '' is present

2020-10-13 11:29:12 - [MESSAGE][PASSED] - Object '' is visible

2020-10-13 11:29:12 - [MESSAGE][PASSED] - Object '' is present

2020-10-13 11:29:14 - [MESSAGE][PASSED] - Text 'Testing' is set on object ''

2020-10-13 11:29:14 - [MESSAGE][PASSED] - Quicksti.ts:Entered'Testing into Comments

2020-10-13 11:29:14 - [TEST_STEP][PASSED] - utilities.SafeActions.safeType(findTestObject("CERTPAY_QUICKSTI/Payment_Information_Page/PAYMENT_AMOUNT"), amountList.get(i), "Payment Amount", [pageLoadTime]): Quicksti.ts:Entered'20.00 into Payment Amount

2020-10-13 11:29:14 - [MESSAGE][PASSED] - Object 'Object Repository/CERTPAY_QUICKSTI/Payment_Information_Page/PAYMENT_AMOUNT' is present

2020-10-13 11:29:15 - [MESSAGE][PASSED] - Object 'Object Repository/CERTPAY_QUICKSTI/Payment_Information_Page/PAYMENT_AMOUNT' is visible

2020-10-13 11:29:15 - [MESSAGE][PASSED] - Object 'Object Repository/CERTPAY_QUICKSTI/Payment_Information_Page/PAYMENT_AMOUNT' is present

2020-10-13 11:29:16 - [MESSAGE][PASSED] - Text '20.00' is set on object 'Object Repository/CERTPAY_QUICKSTI/Payment_Information_Page/PAYMENT_AMOUNT'

2020-10-13 11:29:16 - [MESSAGE][PASSED] - Quicksti.ts:Entered'20.00 into Payment Amount

2020-10-13 11:29:16 - [TEST_STEP][PASSED] - pages.Quicksti.setAmountDetailsForMultiBureau(s, paymentTypeList.get(i), "0", referenceList.get(i), quantityList.get(i)): Quicksti.ts:Entered'2 into Quntity

2020-10-13 11:29:17 - [MESSAGE][PASSED] - Object '' is visible

2020-10-13 11:29:17 - [MESSAGE][PASSED] - Object '' is present

2020-10-13 11:29:18 - [MESSAGE][PASSED] - Object: '' is clicked on

2020-10-13 11:29:20 - [MESSAGE][PASSED] - All options with label 'Court Fines' are selected in object ''  using regular expression

2020-10-13 11:29:20 - [MESSAGE][PASSED] - selected dropdown option by visible text  Court Finesfrom Payment Type

2020-10-13 11:29:20 - [MESSAGE][PASSED] - Object '' is present

2020-10-13 11:29:20 - [MESSAGE][PASSED] - Object '' is visible

2020-10-13 11:29:21 - [MESSAGE][PASSED] - Object '' is present

2020-10-13 11:29:22 - [MESSAGE][PASSED] - Text '13' is set on object ''

2020-10-13 11:29:22 - [MESSAGE][PASSED] - Quicksti.ts:Entered'13 into RefrenceNumber

2020-10-13 11:29:22 - [MESSAGE][PASSED] - Object '' is present

2020-10-13 11:29:22 - [MESSAGE][PASSED] - Object '' is visible

2020-10-13 11:29:23 - [MESSAGE][PASSED] - Object '' is present

2020-10-13 11:29:24 - [MESSAGE][PASSED] - Text '2' is set on object ''

2020-10-13 11:29:24 - [MESSAGE][PASSED] - Quicksti.ts:Entered'2 into Quntity

2020-10-13 11:29:24 - [TEST_STEP][PASSED] - for ([i = 0, i <= amountList.size() - 1, (i++)]): Quicksti.ts:Entered'2 into Quntity

2020-10-13 11:29:24 - [TEST_STEP][PASSED] - s = Integer.toString(i): null

2020-10-13 11:29:24 - [TEST_STEP][PASSED] - utilities.SafeActions.safeType(findTestObject("CERTPAY_QUICKSTI/Payment_Information_Page/MULTIBUREAU_PAYMENT_AMOUNT"), amountList.get(i), "Payment Amount", [pageLoadTime]): Quicksti.ts:Entered'45.00 into Payment Amount

2020-10-13 11:29:24 - [MESSAGE][PASSED] - Object 'Object Repository/CERTPAY_QUICKSTI/Payment_Information_Page/MULTIBUREAU_PAYMENT_AMOUNT' is present

2020-10-13 11:29:25 - [MESSAGE][PASSED] - Object 'Object Repository/CERTPAY_QUICKSTI/Payment_Information_Page/MULTIBUREAU_PAYMENT_AMOUNT' is visible

2020-10-13 11:29:25 - [MESSAGE][PASSED] - Object 'Object Repository/CERTPAY_QUICKSTI/Payment_Information_Page/MULTIBUREAU_PAYMENT_AMOUNT' is present

2020-10-13 11:29:27 - [MESSAGE][PASSED] - Text '45.00' is set on object 'Object Repository/CERTPAY_QUICKSTI/Payment_Information_Page/MULTIBUREAU_PAYMENT_AMOUNT'

2020-10-13 11:29:27 - [MESSAGE][PASSED] - Quicksti.ts:Entered'45.00 into Payment Amount

2020-10-13 11:29:27 - [TEST_STEP][PASSED] - pages.Quicksti.setAmountDetailsForMultiBureau(s, "Registration Fees", "1", referenceList.get(i), quantityList.get(i)): Quicksti.ts:Entered'1 into Quntity

2020-10-13 11:29:27 - [MESSAGE][PASSED] - Object '' is visible

2020-10-13 11:29:27 - [MESSAGE][PASSED] - Object '' is present

2020-10-13 11:29:29 - [MESSAGE][PASSED] - Object: '' is clicked on

2020-10-13 11:29:30 - [MESSAGE][PASSED] - All options with label 'Registration Fees' are selected in object ''  using regular expression

2020-10-13 11:29:30 - [MESSAGE][PASSED] - selected dropdown option by visible text  Registration Feesfrom Payment Type

2020-10-13 11:29:30 - [MESSAGE][PASSED] - Object '' is present

2020-10-13 11:29:30 - [MESSAGE][PASSED] - Object '' is visible

2020-10-13 11:29:31 - [MESSAGE][PASSED] - Object '' is present

2020-10-13 11:29:32 - [MESSAGE][PASSED] - Text '11' is set on object ''

2020-10-13 11:29:32 - [MESSAGE][PASSED] - Quicksti.ts:Entered'11 into RefrenceNumber

2020-10-13 11:29:32 - [MESSAGE][PASSED] - Object '' is present

2020-10-13 11:29:32 - [MESSAGE][PASSED] - Object '' is visible

2020-10-13 11:29:33 - [MESSAGE][PASSED] - Object '' is present

2020-10-13 11:29:34 - [MESSAGE][PASSED] - Text '1' is set on object ''

2020-10-13 11:29:34 - [MESSAGE][PASSED] - Quicksti.ts:Entered'1 into Quntity

2020-10-13 11:29:34 - [TEST_STEP][PASSED] - s = Integer.toString(i): null

2020-10-13 11:29:34 - [TEST_STEP][PASSED] - utilities.SafeActions.safeType(findTestObject("CERTPAY_QUICKSTI/Payment_Information_Page/MULTIBUREAU_PAYMENT_AMOUNT"), amountList.get(i), "Payment Amount", [pageLoadTime]): Quicksti.ts:Entered'35.00 into Payment Amount

2020-10-13 11:29:34 - [MESSAGE][PASSED] - Object 'Object Repository/CERTPAY_QUICKSTI/Payment_Information_Page/MULTIBUREAU_PAYMENT_AMOUNT' is present

2020-10-13 11:29:35 - [MESSAGE][PASSED] - Object 'Object Repository/CERTPAY_QUICKSTI/Payment_Information_Page/MULTIBUREAU_PAYMENT_AMOUNT' is visible

2020-10-13 11:29:35 - [MESSAGE][PASSED] - Object 'Object Repository/CERTPAY_QUICKSTI/Payment_Information_Page/MULTIBUREAU_PAYMENT_AMOUNT' is present

2020-10-13 11:29:36 - [MESSAGE][PASSED] - Text '35.00' is set on object 'Object Repository/CERTPAY_QUICKSTI/Payment_Information_Page/MULTIBUREAU_PAYMENT_AMOUNT'

2020-10-13 11:29:36 - [MESSAGE][PASSED] - Quicksti.ts:Entered'35.00 into Payment Amount

2020-10-13 11:29:36 - [TEST_STEP][PASSED] - pages.Quicksti.setAmountDetailsForMultiBureau(s, "Registration Fees", "1", referenceList.get(i), quantityList.get(i)): Quicksti.ts:Entered'2 into Quntity

2020-10-13 11:29:37 - [MESSAGE][PASSED] - Object '' is visible

2020-10-13 11:29:37 - [MESSAGE][PASSED] - Object '' is present

2020-10-13 11:29:38 - [MESSAGE][PASSED] - Object: '' is clicked on

2020-10-13 11:29:39 - [MESSAGE][PASSED] - All options with label 'Registration Fees' are selected in object ''  using regular expression

2020-10-13 11:29:39 - [MESSAGE][PASSED] - selected dropdown option by visible text  Registration Feesfrom Payment Type

2020-10-13 11:29:40 - [MESSAGE][PASSED] - Object '' is present

2020-10-13 11:29:40 - [MESSAGE][PASSED] - Object '' is visible

2020-10-13 11:29:40 - [MESSAGE][PASSED] - Object '' is present

2020-10-13 11:29:42 - [MESSAGE][PASSED] - Text '12' is set on object ''

2020-10-13 11:29:42 - [MESSAGE][PASSED] - Quicksti.ts:Entered'12 into RefrenceNumber

2020-10-13 11:29:42 - [MESSAGE][PASSED] - Object '' is present

2020-10-13 11:29:42 - [MESSAGE][PASSED] - Object '' is visible

2020-10-13 11:29:42 - [MESSAGE][PASSED] - Object '' is present

2020-10-13 11:29:44 - [MESSAGE][PASSED] - Text '2' is set on object ''

2020-10-13 11:29:44 - [MESSAGE][PASSED] - Quicksti.ts:Entered'2 into Quntity

2020-10-13 11:29:44 - [TEST_STEP][PASSED] - s = Integer.toString(i): null

2020-10-13 11:29:44 - [TEST_STEP][PASSED] - utilities.SafeActions.safeType(findTestObject("CERTPAY_QUICKSTI/Payment_Information_Page/MULTIBUREAU_PAYMENT_AMOUNT"), amountList.get(i), "Payment Amount", [pageLoadTime]): Quicksti.ts:Entered'20.00 into Payment Amount

2020-10-13 11:29:44 - [MESSAGE][PASSED] - Object 'Object Repository/CERTPAY_QUICKSTI/Payment_Information_Page/MULTIBUREAU_PAYMENT_AMOUNT' is present

2020-10-13 11:29:44 - [MESSAGE][PASSED] - Object 'Object Repository/CERTPAY_QUICKSTI/Payment_Information_Page/MULTIBUREAU_PAYMENT_AMOUNT' is visible

2020-10-13 11:29:45 - [MESSAGE][PASSED] - Object 'Object Repository/CERTPAY_QUICKSTI/Payment_Information_Page/MULTIBUREAU_PAYMENT_AMOUNT' is present

2020-10-13 11:29:46 - [MESSAGE][PASSED] - Text '20.00' is set on object 'Object Repository/CERTPAY_QUICKSTI/Payment_Information_Page/MULTIBUREAU_PAYMENT_AMOUNT'

2020-10-13 11:29:46 - [MESSAGE][PASSED] - Quicksti.ts:Entered'20.00 into Payment Amount

2020-10-13 11:29:46 - [TEST_STEP][PASSED] - pages.Quicksti.setAmountDetailsForMultiBureau(s, "Registration Fees", "1", referenceList.get(i), quantityList.get(i)): Quicksti.ts:Entered'2 into Quntity

2020-10-13 11:29:47 - [MESSAGE][PASSED] - Object '' is visible

2020-10-13 11:29:47 - [MESSAGE][PASSED] - Object '' is present

2020-10-13 11:29:48 - [MESSAGE][PASSED] - Object: '' is clicked on

2020-10-13 11:29:49 - [MESSAGE][PASSED] - All options with label 'Registration Fees' are selected in object ''  using regular expression

2020-10-13 11:29:49 - [MESSAGE][PASSED] - selected dropdown option by visible text  Registration Feesfrom Payment Type

2020-10-13 11:29:50 - [MESSAGE][PASSED] - Object '' is present

2020-10-13 11:29:50 - [MESSAGE][PASSED] - Object '' is visible

2020-10-13 11:29:50 - [MESSAGE][PASSED] - Object '' is present

2020-10-13 11:29:52 - [MESSAGE][PASSED] - Text '13' is set on object ''

2020-10-13 11:29:52 - [MESSAGE][PASSED] - Quicksti.ts:Entered'13 into RefrenceNumber

2020-10-13 11:29:52 - [MESSAGE][PASSED] - Object '' is present

2020-10-13 11:29:52 - [MESSAGE][PASSED] - Object '' is visible

2020-10-13 11:29:53 - [MESSAGE][PASSED] - Object '' is present

2020-10-13 11:29:54 - [MESSAGE][PASSED] - Text '2' is set on object ''

2020-10-13 11:29:54 - [MESSAGE][PASSED] - Quicksti.ts:Entered'2 into Quntity

2020-10-13 11:29:54 - [TEST_STEP][PASSED] - for ([i = 0, i <= amountList.size() - 1, (i++)]): Quicksti.ts:Entered'Testing into Comments

2020-10-13 11:29:54 - [TEST_STEP][PASSED] - s = Integer.toString(i): null

2020-10-13 11:29:54 - [TEST_STEP][PASSED] - utilities.SafeActions.safeType(findTestObject("CERTPAY_QUICKSTI/Payment_Information_Page/MULTIBUREAU_PAY_AMOUNT2"), amountList.get(i), "Payment Amount", [pageLoadTime]): Quicksti.ts:Entered'45.00 into Payment Amount

2020-10-13 11:29:54 - [MESSAGE][PASSED] - Object 'Object Repository/CERTPAY_QUICKSTI/Payment_Information_Page/MULTIBUREAU_PAY_AMOUNT2' is present

2020-10-13 11:29:55 - [MESSAGE][PASSED] - Object 'Object Repository/CERTPAY_QUICKSTI/Payment_Information_Page/MULTIBUREAU_PAY_AMOUNT2' is visible

2020-10-13 11:29:55 - [MESSAGE][PASSED] - Object 'Object Repository/CERTPAY_QUICKSTI/Payment_Information_Page/MULTIBUREAU_PAY_AMOUNT2' is present

2020-10-13 11:29:56 - [MESSAGE][PASSED] - Text '45.00' is set on object 'Object Repository/CERTPAY_QUICKSTI/Payment_Information_Page/MULTIBUREAU_PAY_AMOUNT2'

2020-10-13 11:29:56 - [MESSAGE][PASSED] - Quicksti.ts:Entered'45.00 into Payment Amount

2020-10-13 11:29:56 - [TEST_STEP][PASSED] - pages.Quicksti.setAmountDetailsForMultiBureau(s, "Vehicles", "2", referenceList.get(i), quantityList.get(i)): Quicksti.ts:Entered'1 into Quntity

2020-10-13 11:29:57 - [MESSAGE][PASSED] - Object '' is visible

2020-10-13 11:29:57 - [MESSAGE][PASSED] - Object '' is present

2020-10-13 11:29:58 - [MESSAGE][PASSED] - Object: '' is clicked on

2020-10-13 11:30:00 - [MESSAGE][PASSED] - All options with label 'Vehicles' are selected in object ''  using regular expression

2020-10-13 11:30:00 - [MESSAGE][PASSED] - selected dropdown option by visible text  Vehiclesfrom Payment Type

2020-10-13 11:30:00 - [MESSAGE][PASSED] - Object '' is present

2020-10-13 11:30:00 - [MESSAGE][PASSED] - Object '' is visible

2020-10-13 11:30:01 - [MESSAGE][PASSED] - Object '' is present

2020-10-13 11:30:02 - [MESSAGE][PASSED] - Text '11' is set on object ''

2020-10-13 11:30:02 - [MESSAGE][PASSED] - Quicksti.ts:Entered'11 into RefrenceNumber

2020-10-13 11:30:02 - [MESSAGE][PASSED] - Object '' is present

2020-10-13 11:30:03 - [MESSAGE][PASSED] - Object '' is visible

2020-10-13 11:30:03 - [MESSAGE][PASSED] - Object '' is present

2020-10-13 11:30:04 - [MESSAGE][PASSED] - Text '1' is set on object ''

2020-10-13 11:30:04 - [MESSAGE][PASSED] - Quicksti.ts:Entered'1 into Quntity

2020-10-13 11:30:04 - [TEST_STEP][PASSED] - pages.Quicksti.setCommnets("2", s, commentsList.get(i)): Quicksti.ts:Entered'Testing into Comments

2020-10-13 11:30:05 - [MESSAGE][PASSED] - Object '' is present

2020-10-13 11:30:05 - [MESSAGE][PASSED] - Object '' is visible

2020-10-13 11:30:05 - [MESSAGE][PASSED] - Object '' is present

2020-10-13 11:30:06 - [MESSAGE][PASSED] - Text 'Testing' is set on object ''

2020-10-13 11:30:06 - [MESSAGE][PASSED] - Quicksti.ts:Entered'Testing into Comments

2020-10-13 11:30:06 - [TEST_STEP][PASSED] - s = Integer.toString(i): null

2020-10-13 11:30:06 - [TEST_STEP][PASSED] - utilities.SafeActions.safeType(findTestObject("CERTPAY_QUICKSTI/Payment_Information_Page/MULTIBUREAU_PAY_AMOUNT2"), amountList.get(i), "Payment Amount", [pageLoadTime]): Quicksti.ts:Entered'35.00 into Payment Amount

2020-10-13 11:30:07 - [MESSAGE][PASSED] - Object 'Object Repository/CERTPAY_QUICKSTI/Payment_Information_Page/MULTIBUREAU_PAY_AMOUNT2' is present

2020-10-13 11:30:07 - [MESSAGE][PASSED] - Object 'Object Repository/CERTPAY_QUICKSTI/Payment_Information_Page/MULTIBUREAU_PAY_AMOUNT2' is visible

2020-10-13 11:30:07 - [MESSAGE][PASSED] - Object 'Object Repository/CERTPAY_QUICKSTI/Payment_Information_Page/MULTIBUREAU_PAY_AMOUNT2' is present

2020-10-13 11:30:09 - [MESSAGE][PASSED] - Text '35.00' is set on object 'Object Repository/CERTPAY_QUICKSTI/Payment_Information_Page/MULTIBUREAU_PAY_AMOUNT2'

2020-10-13 11:30:09 - [MESSAGE][PASSED] - Quicksti.ts:Entered'35.00 into Payment Amount

2020-10-13 11:30:09 - [TEST_STEP][PASSED] - pages.Quicksti.setAmountDetailsForMultiBureau(s, "Vehicles", "2", referenceList.get(i), quantityList.get(i)): Quicksti.ts:Entered'2 into Quntity

2020-10-13 11:30:09 - [MESSAGE][PASSED] - Object '' is visible

2020-10-13 11:30:10 - [MESSAGE][PASSED] - Object '' is present

2020-10-13 11:30:11 - [MESSAGE][PASSED] - Object: '' is clicked on

2020-10-13 11:30:12 - [MESSAGE][PASSED] - All options with label 'Vehicles' are selected in object ''  using regular expression

2020-10-13 11:30:12 - [MESSAGE][PASSED] - selected dropdown option by visible text  Vehiclesfrom Payment Type

2020-10-13 11:30:13 - [MESSAGE][PASSED] - Object '' is present

2020-10-13 11:30:13 - [MESSAGE][PASSED] - Object '' is visible

2020-10-13 11:30:13 - [MESSAGE][PASSED] - Object '' is present

2020-10-13 11:30:15 - [MESSAGE][PASSED] - Text '12' is set on object ''

2020-10-13 11:30:15 - [MESSAGE][PASSED] - Quicksti.ts:Entered'12 into RefrenceNumber

2020-10-13 11:30:15 - [MESSAGE][PASSED] - Object '' is present

2020-10-13 11:30:15 - [MESSAGE][PASSED] - Object '' is visible

2020-10-13 11:30:15 - [MESSAGE][PASSED] - Object '' is present

2020-10-13 11:30:17 - [MESSAGE][PASSED] - Text '2' is set on object ''

2020-10-13 11:30:17 - [MESSAGE][PASSED] - Quicksti.ts:Entered'2 into Quntity

2020-10-13 11:30:17 - [TEST_STEP][PASSED] - pages.Quicksti.setCommnets("2", s, commentsList.get(i)): Quicksti.ts:Entered'Tester into Comments

2020-10-13 11:30:17 - [MESSAGE][PASSED] - Object '' is present

2020-10-13 11:30:17 - [MESSAGE][PASSED] - Object '' is visible

2020-10-13 11:30:18 - [MESSAGE][PASSED] - Object '' is present

2020-10-13 11:30:19 - [MESSAGE][PASSED] - Text 'Tester' is set on object ''

2020-10-13 11:30:19 - [MESSAGE][PASSED] - Quicksti.ts:Entered'Tester into Comments

2020-10-13 11:30:19 - [TEST_STEP][PASSED] - s = Integer.toString(i): null

2020-10-13 11:30:19 - [TEST_STEP][PASSED] - utilities.SafeActions.safeType(findTestObject("CERTPAY_QUICKSTI/Payment_Information_Page/MULTIBUREAU_PAY_AMOUNT2"), amountList.get(i), "Payment Amount", [pageLoadTime]): Quicksti.ts:Entered'20.00 into Payment Amount

2020-10-13 11:30:19 - [MESSAGE][PASSED] - Object 'Object Repository/CERTPAY_QUICKSTI/Payment_Information_Page/MULTIBUREAU_PAY_AMOUNT2' is present

2020-10-13 11:30:20 - [MESSAGE][PASSED] - Object 'Object Repository/CERTPAY_QUICKSTI/Payment_Information_Page/MULTIBUREAU_PAY_AMOUNT2' is visible

2020-10-13 11:30:20 - [MESSAGE][PASSED] - Object 'Object Repository/CERTPAY_QUICKSTI/Payment_Information_Page/MULTIBUREAU_PAY_AMOUNT2' is present

2020-10-13 11:30:21 - [MESSAGE][PASSED] - Text '20.00' is set on object 'Object Repository/CERTPAY_QUICKSTI/Payment_Information_Page/MULTIBUREAU_PAY_AMOUNT2'

2020-10-13 11:30:21 - [MESSAGE][PASSED] - Quicksti.ts:Entered'20.00 into Payment Amount

2020-10-13 11:30:21 - [TEST_STEP][PASSED] - pages.Quicksti.setAmountDetailsForMultiBureau(s, "Vehicles", "2", referenceList.get(i), quantityList.get(i)): Quicksti.ts:Entered'2 into Quntity

2020-10-13 11:30:22 - [MESSAGE][PASSED] - Object '' is visible

2020-10-13 11:30:22 - [MESSAGE][PASSED] - Object '' is present

2020-10-13 11:30:24 - [MESSAGE][PASSED] - Object: '' is clicked on

2020-10-13 11:30:25 - [MESSAGE][PASSED] - All options with label 'Vehicles' are selected in object ''  using regular expression

2020-10-13 11:30:25 - [MESSAGE][PASSED] - selected dropdown option by visible text  Vehiclesfrom Payment Type

2020-10-13 11:30:25 - [MESSAGE][PASSED] - Object '' is present

2020-10-13 11:30:26 - [MESSAGE][PASSED] - Object '' is visible

2020-10-13 11:30:26 - [MESSAGE][PASSED] - Object '' is present

2020-10-13 11:30:27 - [MESSAGE][PASSED] - Text '13' is set on object ''

2020-10-13 11:30:27 - [MESSAGE][PASSED] - Quicksti.ts:Entered'13 into RefrenceNumber

2020-10-13 11:30:27 - [MESSAGE][PASSED] - Object '' is present

2020-10-13 11:30:28 - [MESSAGE][PASSED] - Object '' is visible

2020-10-13 11:30:28 - [MESSAGE][PASSED] - Object '' is present

2020-10-13 11:30:29 - [MESSAGE][PASSED] - Text '2' is set on object ''

2020-10-13 11:30:29 - [MESSAGE][PASSED] - Quicksti.ts:Entered'2 into Quntity

2020-10-13 11:30:29 - [TEST_STEP][PASSED] - pages.Quicksti.setCommnets("2", s, commentsList.get(i)): Quicksti.ts:Entered'Testing into Comments

2020-10-13 11:30:30 - [MESSAGE][PASSED] - Object '' is present

2020-10-13 11:30:30 - [MESSAGE][PASSED] - Object '' is visible

2020-10-13 11:30:30 - [MESSAGE][PASSED] - Object '' is present

2020-10-13 11:30:32 - [MESSAGE][PASSED] - Text 'Testing' is set on object ''

2020-10-13 11:30:32 - [MESSAGE][PASSED] - Quicksti.ts:Entered'Testing into Comments

2020-10-13 11:30:32 - [TEST_STEP][PASSED] - utilities.SafeActions.safeClick(findTestObject("CERTPAY_QUICKSTI/Payment_Information_Page/MANUAL_ENTRY_BUTTON"), "ManualEntry", [pageLoadTime]): Quicksti.ts:Clicked on the ManualEntry

2020-10-13 11:30:32 - [MESSAGE][INFO] - safeClicking

2020-10-13 11:30:32 - [MESSAGE][PASSED] - Object 'Object Repository/CERTPAY_QUICKSTI/Payment_Information_Page/MANUAL_ENTRY_BUTTON' is present

2020-10-13 11:30:32 - [MESSAGE][PASSED] - Object 'Object Repository/CERTPAY_QUICKSTI/Payment_Information_Page/MANUAL_ENTRY_BUTTON' is clickable

2020-10-13 11:30:36 - [MESSAGE][PASSED] - Object: 'Object Repository/CERTPAY_QUICKSTI/Payment_Information_Page/MANUAL_ENTRY_BUTTON' is clicked on

2020-10-13 11:30:36 - [MESSAGE][PASSED] - Quicksti.ts:Clicked on the ManualEntry

2020-10-13 11:30:36 - [TEST_STEP][PASSED] - amount_Value = pages.Quicksti.getAttributeValue(findTestObject("CERTPAY_QUICKSTI/Payment_Information_Page/SUB_TOTAL")): pages.Quicksti.getAttributeValue is PASSED

2020-10-13 11:30:37 - [MESSAGE][PASSED] - Attribute 'value' of object 'Object Repository/CERTPAY_QUICKSTI/Payment_Information_Page/SUB_TOTAL' is: '45.00'

2020-10-13 11:30:37 - [MESSAGE][PASSED] - pages.Quicksti.getAttributeValue is PASSED

2020-10-13 11:30:37 - [TEST_STEP][PASSED] - CardNumber = pages.Quicksti.setUserPaymentDetails(firstName, lastName, cardNum): Quicksti.ts:Entered'374245003731006 into CardNum

2020-10-13 11:30:37 - [MESSAGE][PASSED] - Object 'Object Repository/CERTPAY_QUICKSTI/Payment_Information_Page/FIRST_NAME' is present

2020-10-13 11:30:38 - [MESSAGE][PASSED] - Object 'Object Repository/CERTPAY_QUICKSTI/Payment_Information_Page/FIRST_NAME' is visible

2020-10-13 11:30:38 - [MESSAGE][PASSED] - Object 'Object Repository/CERTPAY_QUICKSTI/Payment_Information_Page/FIRST_NAME' is present

2020-10-13 11:30:39 - [MESSAGE][PASSED] - Text 'Tester' is set on object 'Object Repository/CERTPAY_QUICKSTI/Payment_Information_Page/FIRST_NAME'

2020-10-13 11:30:39 - [MESSAGE][PASSED] - Quicksti.ts:Entered'Tester into FirstName

2020-10-13 11:30:40 - [MESSAGE][PASSED] - Object 'Object Repository/CERTPAY_QUICKSTI/Payment_Information_Page/LAST_NAME' is present

2020-10-13 11:30:40 - [MESSAGE][PASSED] - Object 'Object Repository/CERTPAY_QUICKSTI/Payment_Information_Page/LAST_NAME' is visible

2020-10-13 11:30:40 - [MESSAGE][PASSED] - Object 'Object Repository/CERTPAY_QUICKSTI/Payment_Information_Page/LAST_NAME' is present

2020-10-13 11:30:42 - [MESSAGE][PASSED] - Text 'Zenq1' is set on object 'Object Repository/CERTPAY_QUICKSTI/Payment_Information_Page/LAST_NAME'

2020-10-13 11:30:42 - [MESSAGE][PASSED] - Quicksti.ts:Entered'Zenq1 into LAstName

2020-10-13 11:30:42 - [MESSAGE][PASSED] - Object 'Object Repository/CERTPAY_QUICKSTI/Payment_Information_Page/CARD_NUMBER' is present

2020-10-13 11:30:42 - [MESSAGE][PASSED] - Object 'Object Repository/CERTPAY_QUICKSTI/Payment_Information_Page/CARD_NUMBER' is visible

2020-10-13 11:30:43 - [MESSAGE][PASSED] - Object 'Object Repository/CERTPAY_QUICKSTI/Payment_Information_Page/CARD_NUMBER' is present

2020-10-13 11:30:44 - [MESSAGE][PASSED] - Text '374245003731006' is set on object 'Object Repository/CERTPAY_QUICKSTI/Payment_Information_Page/CARD_NUMBER'

2020-10-13 11:30:44 - [MESSAGE][PASSED] - Quicksti.ts:Entered'374245003731006 into CardNum

2020-10-13 11:30:44 - [TEST_STEP][PASSED] - pages.Quicksti.setExpDate(expMonth, expYear, securityCode): Quicksti.ts:Entered'111 into securityCode

2020-10-13 11:30:44 - [MESSAGE][PASSED] - Object 'Object Repository/CERTPAY_QUICKSTI/Payment_Information_Page/EXP_MONTH' is visible

2020-10-13 11:30:45 - [MESSAGE][PASSED] - Object 'Object Repository/CERTPAY_QUICKSTI/Payment_Information_Page/EXP_MONTH' is present

2020-10-13 11:30:46 - [MESSAGE][PASSED] - Object: 'Object Repository/CERTPAY_QUICKSTI/Payment_Information_Page/EXP_MONTH' is clicked on

2020-10-13 11:30:47 - [MESSAGE][PASSED] - All options with label '05' are selected in object 'Object Repository/CERTPAY_QUICKSTI/Payment_Information_Page/EXP_MONTH'  using regular expression

2020-10-13 11:30:47 - [MESSAGE][PASSED] - selected dropdown option by visible text  05from expMonth

2020-10-13 11:30:48 - [MESSAGE][PASSED] - Object 'Object Repository/CERTPAY_QUICKSTI/Payment_Information_Page/EXP_YEAR' is visible

2020-10-13 11:30:48 - [MESSAGE][PASSED] - Object 'Object Repository/CERTPAY_QUICKSTI/Payment_Information_Page/EXP_YEAR' is present

2020-10-13 11:30:49 - [MESSAGE][PASSED] - Object: 'Object Repository/CERTPAY_QUICKSTI/Payment_Information_Page/EXP_YEAR' is clicked on

2020-10-13 11:30:50 - [MESSAGE][PASSED] - All options with label '2022' are selected in object 'Object Repository/CERTPAY_QUICKSTI/Payment_Information_Page/EXP_YEAR'  using regular expression

2020-10-13 11:30:50 - [MESSAGE][PASSED] - selected dropdown option by visible text  2022from  expYear

2020-10-13 11:30:51 - [MESSAGE][PASSED] - Object 'Object Repository/CERTPAY_QUICKSTI/Payment_Information_Page/SECURITY_CODE' is present

2020-10-13 11:30:51 - [MESSAGE][PASSED] - Object 'Object Repository/CERTPAY_QUICKSTI/Payment_Information_Page/SECURITY_CODE' is visible

2020-10-13 11:30:51 - [MESSAGE][PASSED] - Object 'Object Repository/CERTPAY_QUICKSTI/Payment_Information_Page/SECURITY_CODE' is present

2020-10-13 11:30:53 - [MESSAGE][PASSED] - Text '111' is set on object 'Object Repository/CERTPAY_QUICKSTI/Payment_Information_Page/SECURITY_CODE'

2020-10-13 11:30:53 - [MESSAGE][PASSED] - Quicksti.ts:Entered'111 into securityCode

2020-10-13 11:30:53 - [TEST_STEP][PASSED] - utilities.SafeActions.safeType(findTestObject("CERTPAY_QUICKSTI/Payment_Information_Page/ADDRESS"), address, "Address", [pageLoadTime]): Quicksti.ts:Entered'14-2 into Address

2020-10-13 11:30:53 - [MESSAGE][PASSED] - Object 'Object Repository/CERTPAY_QUICKSTI/Payment_Information_Page/ADDRESS' is present

2020-10-13 11:30:53 - [MESSAGE][PASSED] - Object 'Object Repository/CERTPAY_QUICKSTI/Payment_Information_Page/ADDRESS' is visible

2020-10-13 11:30:54 - [MESSAGE][PASSED] - Object 'Object Repository/CERTPAY_QUICKSTI/Payment_Information_Page/ADDRESS' is present

2020-10-13 11:30:55 - [MESSAGE][PASSED] - Text '14-2' is set on object 'Object Repository/CERTPAY_QUICKSTI/Payment_Information_Page/ADDRESS'

2020-10-13 11:30:55 - [MESSAGE][PASSED] - Quicksti.ts:Entered'14-2 into Address

2020-10-13 11:30:55 - [TEST_STEP][PASSED] - utilities.SafeActions.safeType(findTestObject("CERTPAY_QUICKSTI/Payment_Information_Page/ZIP_CODE"), zipCode, "zipcode", [pageLoadTime]): Quicksti.ts:Entered'76102 into zipcode

2020-10-13 11:30:55 - [MESSAGE][PASSED] - Object 'Object Repository/CERTPAY_QUICKSTI/Payment_Information_Page/ZIP_CODE' is present

2020-10-13 11:30:56 - [MESSAGE][PASSED] - Object 'Object Repository/CERTPAY_QUICKSTI/Payment_Information_Page/ZIP_CODE' is visible

2020-10-13 11:30:56 - [MESSAGE][PASSED] - Object 'Object Repository/CERTPAY_QUICKSTI/Payment_Information_Page/ZIP_CODE' is present

2020-10-13 11:30:57 - [MESSAGE][PASSED] - Text '76102' is set on object 'Object Repository/CERTPAY_QUICKSTI/Payment_Information_Page/ZIP_CODE'

2020-10-13 11:30:57 - [MESSAGE][PASSED] - Quicksti.ts:Entered'76102 into zipcode

2020-10-13 11:30:57 - [TEST_STEP][PASSED] - utilities.SafeActions.safeType(findTestObject("CERTPAY_QUICKSTI/Payment_Information_Page/TELEPHONE"), telephone, "Telephone", [pageLoadTime]): Quicksti.ts:Entered'9989897654 into Telephone

2020-10-13 11:30:58 - [MESSAGE][PASSED] - Object 'Object Repository/CERTPAY_QUICKSTI/Payment_Information_Page/TELEPHONE' is present

2020-10-13 11:30:58 - [MESSAGE][PASSED] - Object 'Object Repository/CERTPAY_QUICKSTI/Payment_Information_Page/TELEPHONE' is visible

2020-10-13 11:30:58 - [MESSAGE][PASSED] - Object 'Object Repository/CERTPAY_QUICKSTI/Payment_Information_Page/TELEPHONE' is present

2020-10-13 11:30:59 - [MESSAGE][PASSED] - Text '9989897654' is set on object 'Object Repository/CERTPAY_QUICKSTI/Payment_Information_Page/TELEPHONE'

2020-10-13 11:30:59 - [MESSAGE][PASSED] - Quicksti.ts:Entered'9989897654 into Telephone

2020-10-13 11:30:59 - [TEST_STEP][PASSED] - utilities.SafeActions.safeType(findTestObject("CERTPAY_QUICKSTI/Payment_Information_Page/EMAIL_ADDRESS"), emailAddress, "EMAIL address", [pageLoadTime]): Quicksti.ts:Entered'testing@zenq.com into EMAIL address

2020-10-13 11:31:00 - [MESSAGE][PASSED] - Object 'Object Repository/CERTPAY_QUICKSTI/Payment_Information_Page/EMAIL_ADDRESS' is present

2020-10-13 11:31:00 - [MESSAGE][PASSED] - Object 'Object Repository/CERTPAY_QUICKSTI/Payment_Information_Page/EMAIL_ADDRESS' is visible

2020-10-13 11:31:00 - [MESSAGE][PASSED] - Object 'Object Repository/CERTPAY_QUICKSTI/Payment_Information_Page/EMAIL_ADDRESS' is present

2020-10-13 11:31:02 - [MESSAGE][PASSED] - Text 'testing@zenq.com' is set on object 'Object Repository/CERTPAY_QUICKSTI/Payment_Information_Page/EMAIL_ADDRESS'

2020-10-13 11:31:02 - [MESSAGE][PASSED] - Quicksti.ts:Entered'testing@zenq.com into EMAIL address

2020-10-13 11:31:02 - [TEST_STEP][PASSED] - utilities.SafeActions.safeClick(findTestObject("CERTPAY_QUICKSTI/Payment_Information_Page/NEXT_BUTTON"), "Next", [pageLoadTime]): Quicksti.ts:Clicked on the Next

2020-10-13 11:31:02 - [MESSAGE][INFO] - safeClicking

2020-10-13 11:31:02 - [MESSAGE][PASSED] - Object 'Object Repository/CERTPAY_QUICKSTI/Payment_Information_Page/NEXT_BUTTON' is present

2020-10-13 11:31:02 - [MESSAGE][PASSED] - Object 'Object Repository/CERTPAY_QUICKSTI/Payment_Information_Page/NEXT_BUTTON' is clickable

2020-10-13 11:31:06 - [MESSAGE][PASSED] - Object: 'Object Repository/CERTPAY_QUICKSTI/Payment_Information_Page/NEXT_BUTTON' is clicked on

2020-10-13 11:31:06 - [MESSAGE][PASSED] - Quicksti.ts:Clicked on the Next

2020-10-13 11:31:06 - [TEST_STEP][PASSED] - pages.Quicksti.verifyUserPaymentDetails(amountList.get(0), firstName, lastName, CardNumber): pages.Quicksti.verifyUserPaymentDetails is PASSED

2020-10-13 11:31:06 - [MESSAGE][PASSED] - Text of object 'Object Repository/CERTPAY_QUICKSTI/Payment_Details_Verification_Page/AMOUNT' is: '$45.00'

2020-10-13 11:31:06 - [MESSAGE][PASSED] - Actual text '45.00' and expected text '45.00' are matched  using regular expression

2020-10-13 11:31:07 - [MESSAGE][PASSED] - Text of object 'Object Repository/CERTPAY_QUICKSTI/Payment_Details_Verification_Page/NAME' is: 'Tester Zenq1'

2020-10-13 11:31:07 - [MESSAGE][PASSED] - Actual text 'Tester Zenq1' and expected text 'Tester Zenq1' are matched  using regular expression

2020-10-13 11:31:07 - [MESSAGE][PASSED] - Text of object 'Object Repository/CERTPAY_QUICKSTI/Payment_Details_Verification_Page/CARD_NUMBER' is: '...1006'

2020-10-13 11:31:07 - [MESSAGE][PASSED] - Actual text '1006' and expected text '1006' are matched  using regular expression

2020-10-13 11:31:07 - [MESSAGE][PASSED] - pages.Quicksti.verifyUserPaymentDetails is PASSED

2020-10-13 11:31:07 - [TEST_STEP][PASSED] - scrollToElement(findTestObject("CERTPAY_QUICKSTI/Payment_Details_Verification_Page/PROCESS"), 30): Scroll to object 'Object Repository/CERTPAY_QUICKSTI/Payment_Details_Verification_Page/PROCESS' successfully

2020-10-13 11:31:07 - [MESSAGE][PASSED] - Scroll to object 'Object Repository/CERTPAY_QUICKSTI/Payment_Details_Verification_Page/PROCESS' successfully

2020-10-13 11:31:07 - [TEST_STEP][PASSED] - utilities.SafeActions.safeClick(findTestObject("CERTPAY_QUICKSTI/Payment_Details_Verification_Page/PROCESS"), "Process", [pageLoadTime]): Quicksti.ts:Clicked on the Process

2020-10-13 11:31:07 - [MESSAGE][INFO] - safeClicking

2020-10-13 11:31:08 - [MESSAGE][PASSED] - Object 'Object Repository/CERTPAY_QUICKSTI/Payment_Details_Verification_Page/PROCESS' is present

2020-10-13 11:31:08 - [MESSAGE][PASSED] - Object 'Object Repository/CERTPAY_QUICKSTI/Payment_Details_Verification_Page/PROCESS' is clickable

2020-10-13 11:31:14 - [MESSAGE][PASSED] - Object: 'Object Repository/CERTPAY_QUICKSTI/Payment_Details_Verification_Page/PROCESS' is clicked on

2020-10-13 11:31:14 - [MESSAGE][PASSED] - Quicksti.ts:Clicked on the Process

2020-10-13 11:31:14 - [TEST_STEP][PASSED] - paymentId = pages.Quicksti.verifyPaymentApproval(findTestObject("CERTPAY_QUICKSTI/Payment_Details_Verification_Page/APPROVED")): Payment is approved

2020-10-13 11:31:14 - [MESSAGE][PASSED] - Text of object 'Object Repository/CERTPAY_QUICKSTI/Payment_Details_Verification_Page/PAYMENT_ID' is: '100176127424'

2020-10-13 11:31:14 - [MESSAGE][PASSED] - Object 'Object Repository/CERTPAY_QUICKSTI/Payment_Details_Verification_Page/APPROVED' is present

2020-10-13 11:31:14 - [MESSAGE][PASSED] - Payment is approved

2020-10-13 11:31:16 - [TEST_STEP][PASSED] - navigateToUrl(Admin_url): Navigate to 'https://qa-certpayadmin.faps.net' successfully

2020-10-13 11:31:21 - [MESSAGE][PASSED] - Navigate to 'https://qa-certpayadmin.faps.net' successfully

2020-10-13 11:31:21 - [TEST_STEP][PASSED] - pages.Bureau_Login_Page.loginToAdminSite(AdminUsername, AdminPassword): Quicksti.ts:Clicked on the LOGIN

2020-10-13 11:31:22 - [MESSAGE][PASSED] - Object 'Object Repository/CERTPAY_ADMIN/USER_NAME' is present

2020-10-13 11:31:22 - [MESSAGE][PASSED] - Object 'Object Repository/CERTPAY_ADMIN/USER_NAME' is visible

2020-10-13 11:31:22 - [MESSAGE][PASSED] - Object 'Object Repository/CERTPAY_ADMIN/USER_NAME' is present

2020-10-13 11:31:24 - [MESSAGE][PASSED] - Text 'VVangiliappan' is set on object 'Object Repository/CERTPAY_ADMIN/USER_NAME'

2020-10-13 11:31:24 - [MESSAGE][PASSED] - Quicksti.ts:Entered'VVangiliappan into username

2020-10-13 11:31:24 - [MESSAGE][PASSED] - Object 'Object Repository/CERTPAY_ADMIN/PASSWORD' is present

2020-10-13 11:31:24 - [MESSAGE][PASSED] - Object 'Object Repository/CERTPAY_ADMIN/PASSWORD' is visible

2020-10-13 11:31:25 - [MESSAGE][PASSED] - Object 'Object Repository/CERTPAY_ADMIN/PASSWORD' is present

2020-10-13 11:31:26 - [MESSAGE][PASSED] - Text 'Test@123' is set on object 'Object Repository/CERTPAY_ADMIN/PASSWORD'

2020-10-13 11:31:26 - [MESSAGE][PASSED] - Quicksti.ts:Entered'Test@123 into password

2020-10-13 11:31:26 - [MESSAGE][INFO] - safeClicking

2020-10-13 11:31:26 - [MESSAGE][PASSED] - Object 'Object Repository/CERTPAY_ADMIN/LOGIN_BUTTON' is present

2020-10-13 11:31:27 - [MESSAGE][PASSED] - Object 'Object Repository/CERTPAY_ADMIN/LOGIN_BUTTON' is clickable

2020-10-13 11:31:35 - [MESSAGE][PASSED] - Object: 'Object Repository/CERTPAY_ADMIN/LOGIN_BUTTON' is clicked on

2020-10-13 11:31:35 - [MESSAGE][PASSED] - Quicksti.ts:Clicked on the LOGIN

2020-10-13 11:31:35 - [TEST_STEP][PASSED] - utilities.SafeActions.safeClick(findTestObject("CERTPAY_ADMIN/TRANSACTION_MENU"), "TransactionMenu", [pageLoadTime]): Quicksti.ts:Clicked on the TransactionMenu

2020-10-13 11:31:35 - [MESSAGE][INFO] - safeClicking

2020-10-13 11:31:35 - [MESSAGE][PASSED] - Object 'Object Repository/CERTPAY_ADMIN/TRANSACTION_MENU' is present

2020-10-13 11:31:35 - [MESSAGE][PASSED] - Object 'Object Repository/CERTPAY_ADMIN/TRANSACTION_MENU' is clickable

2020-10-13 11:31:37 - [MESSAGE][PASSED] - Object: 'Object Repository/CERTPAY_ADMIN/TRANSACTION_MENU' is clicked on

2020-10-13 11:31:37 - [MESSAGE][PASSED] - Quicksti.ts:Clicked on the TransactionMenu

2020-10-13 11:31:37 - [TEST_STEP][PASSED] - utilities.SafeActions.safeClick(findTestObject("CERTPAY_ADMIN/TRANSACTION_SEARCH"), "TransactionSearch", [pageLoadTime]): Quicksti.ts:Clicked on the TransactionSearch

2020-10-13 11:31:37 - [MESSAGE][INFO] - safeClicking

2020-10-13 11:31:37 - [MESSAGE][PASSED] - Object 'Object Repository/CERTPAY_ADMIN/TRANSACTION_SEARCH' is present

2020-10-13 11:31:37 - [MESSAGE][PASSED] - Object 'Object Repository/CERTPAY_ADMIN/TRANSACTION_SEARCH' is clickable

2020-10-13 11:31:41 - [MESSAGE][PASSED] - Object: 'Object Repository/CERTPAY_ADMIN/TRANSACTION_SEARCH' is clicked on

2020-10-13 11:31:41 - [MESSAGE][PASSED] - Quicksti.ts:Clicked on the TransactionSearch

2020-10-13 11:31:41 - [TEST_STEP][PASSED] - utilities.SafeActions.safeType(findTestObject("CERTPAY_ADMIN/PAYMENT_ID"), paymentId, "Payment id", [pageLoadTime]): Quicksti.ts:Entered'100176127424 into Payment id

2020-10-13 11:31:41 - [MESSAGE][PASSED] - Object 'Object Repository/CERTPAY_ADMIN/PAYMENT_ID' is present

2020-10-13 11:31:42 - [MESSAGE][PASSED] - Object 'Object Repository/CERTPAY_ADMIN/PAYMENT_ID' is visible

2020-10-13 11:31:42 - [MESSAGE][PASSED] - Object 'Object Repository/CERTPAY_ADMIN/PAYMENT_ID' is present

2020-10-13 11:31:43 - [MESSAGE][PASSED] - Text '100176127424' is set on object 'Object Repository/CERTPAY_ADMIN/PAYMENT_ID'

2020-10-13 11:31:43 - [MESSAGE][PASSED] - Quicksti.ts:Entered'100176127424 into Payment id

2020-10-13 11:31:43 - [TEST_STEP][PASSED] - utilities.SafeActions.safeClick(findTestObject("CERTPAY_ADMIN/GO_BUTTON"), "Go button", [pageLoadTime]): Quicksti.ts:Clicked on the Go button

2020-10-13 11:31:43 - [MESSAGE][INFO] - safeClicking

2020-10-13 11:31:44 - [MESSAGE][PASSED] - Object 'Object Repository/CERTPAY_ADMIN/GO_BUTTON' is present

2020-10-13 11:31:44 - [MESSAGE][PASSED] - Object 'Object Repository/CERTPAY_ADMIN/GO_BUTTON' is clickable

2020-10-13 11:31:46 - [MESSAGE][PASSED] - Object: 'Object Repository/CERTPAY_ADMIN/GO_BUTTON' is clicked on

2020-10-13 11:31:46 - [MESSAGE][PASSED] - Quicksti.ts:Clicked on the Go button

2020-10-13 11:31:46 - [TEST_STEP][PASSED] - delay(5): Delayed 5 second(s)

2020-10-13 11:31:51 - [MESSAGE][PASSED] - Delayed 5 second(s)

2020-10-13 11:31:51 - [TEST_STEP][PASSED] - scrollToPosition(800, 900): Browser is scrolled to position x = 800, y = 900

2020-10-13 11:31:51 - [MESSAGE][PASSED] - Browser is scrolled to position x = 800, y = 900

2020-10-13 11:31:51 - [TEST_STEP][PASSED] - paymentIdList.add(paymentId): null

2020-10-13 11:31:51 - [TEST_STEP][PASSED] - println(paymentIdList): null

2020-10-13 11:31:51 - [TEST_STEP][PASSED] - return paymentIdList: null

2020-10-13 11:31:51 - [TEST_STEP][PASSED] - Start listener action : afterTestCase: Browser is closed

2020-10-13 11:31:51 - [TEST_STEP][PASSED] - closeBrowser(): Browser is closed

2020-10-13 11:31:52 - [MESSAGE][PASSED] - Browser is closed]]></system-out>
         <system-err><![CDATA[]]></system-err>
      </testcase>
      <system-out><![CDATA[2020-10-13 10:43:32 - [TEST_SUITE][PASSED] - Quicksti: Test Cases/Certpay_Quicksti/TC_005_MultiBureauSite_MultiBureaus_MultiLinePayments]]></system-out>
      <system-err><![CDATA[]]></system-err>
   </testsuite>
</testsuites>
