<?xml version="1.0" encoding="UTF-8"?>
<testsuites name="Quicksti" time="294.113" tests="1" failures="1" errors="0">
   <testsuite name="Quicksti" tests="1" failures="1" errors="0" time="294.113" timestamp="2020-10-16 16:40:18" hostname="admin - SYS8" id="Test Suites/Certpay_testSuite/Quicksti">
      <properties>
         <property name="deviceName" value=""/>
         <property name="devicePlatform" value=""/>
         <property name="logFolder" value="E:\\Sush_Certpay\\Reports\\20201016_164011\\Certpay_testSuite\\Quicksti\\20201016_164012"/>
         <property name="logFiles" value="E:\\Sush_Certpay\\Reports\\20201016_164011\\Certpay_testSuite\\Quicksti\\20201016_164012\\execution0.log"/>
         <property name="attachments" value="E:\\Sush_Certpay\\Reports\\20201016_164011\\Certpay_testSuite\\Quicksti\\20201016_164012\\1602846910305.png"/>
         <property name="hostName" value="admin - SYS8"/>
         <property name="os" value="Windows 10 32bit"/>
         <property name="katalonVersion" value="7.1.2.1"/>
         <property name="browser" value="Chrome 86.0.4240.75"/>
         <property name="hostAddress" value="172.31.253.251"/>
         <property name="sessionId" value="41d89061e0106e101eafec67c05a2d4f"/>
         <property name="seleniumVersion" value="3.141.59"/>
         <property name="proxyInformation" value="ProxyInformation{proxyOption=NO_PROXY, proxyServerType=HTTP, password=, proxyServerAddress=, proxyServerPort=0, executionList=}"/>
         <property name="platform" value="Windows 10"/>
      </properties>
      <testcase name="Test Cases/Certpay_Quicksti/TC_001_SingleBureauSite_SingleLinePayment" time="293.323" classname="Test Cases/Certpay_Quicksti/TC_001_SingleBureauSite_SingleLinePayment" status="FAILED">
         <failure type="FAILED" message="Test Cases/Certpay_Quicksti/TC_001_SingleBureauSite_SingleLinePayment FAILED.
Reason:
com.kms.katalon.core.exception.StepFailedException: Unable to get text of object 'Object Repository/CERTPAY_QUICKSTI/Payment_Details_Verification_Page/PAYMENT_ID'
	at com.kms.katalon.core.webui.keyword.internal.WebUIKeywordMain.stepFailed(WebUIKeywordMain.groovy:64)
	at com.kms.katalon.core.webui.keyword.internal.WebUIKeywordMain.runKeyword(WebUIKeywordMain.groovy:26)
	at com.kms.katalon.core.webui.keyword.builtin.GetTextKeyword.getText(GetTextKeyword.groovy:88)
	at com.kms.katalon.core.webui.keyword.builtin.GetTextKeyword.execute(GetTextKeyword.groovy:67)
	at com.kms.katalon.core.keyword.internal.KeywordExecutor.executeKeywordForPlatform(KeywordExecutor.groovy:72)
	at com.kms.katalon.core.webui.keyword.WebUiBuiltInKeywords.getText(WebUiBuiltInKeywords.groovy:888)
	at com.kms.katalon.core.webui.keyword.WebUiBuiltInKeywords$getText$10.call(Unknown Source)
	at pages.Quicksti.verifyPaymentApproval(Quicksti.groovy:162)
	at pages.Quicksti.invokeMethod(Quicksti.groovy)
	at com.kms.katalon.core.main.CustomKeywordDelegatingMetaClass.invokeStaticMethod(CustomKeywordDelegatingMetaClass.java:50)
	at TC_001_SingleBureauSite_SingleLinePayment.run(TC_001_SingleBureauSite_SingleLinePayment:117)
	at com.kms.katalon.core.main.ScriptEngine.run(ScriptEngine.java:194)
	at com.kms.katalon.core.main.ScriptEngine.runScriptAsRawText(ScriptEngine.java:119)
	at com.kms.katalon.core.main.TestCaseExecutor.runScript(TestCaseExecutor.java:337)
	at com.kms.katalon.core.main.TestCaseExecutor.doExecute(TestCaseExecutor.java:328)
	at com.kms.katalon.core.main.TestCaseExecutor.processExecutionPhase(TestCaseExecutor.java:307)
	at com.kms.katalon.core.main.TestCaseExecutor.accessMainPhase(TestCaseExecutor.java:299)
	at com.kms.katalon.core.main.TestCaseExecutor.execute(TestCaseExecutor.java:233)
	at com.kms.katalon.core.main.TestSuiteExecutor.accessTestCaseMainPhase(TestSuiteExecutor.java:169)
	at com.kms.katalon.core.main.TestSuiteExecutor.accessTestSuiteMainPhase(TestSuiteExecutor.java:142)
	at com.kms.katalon.core.main.TestSuiteExecutor.execute(TestSuiteExecutor.java:91)
	at com.kms.katalon.core.main.TestCaseMain.startTestSuite(TestCaseMain.java:157)
	at com.kms.katalon.core.main.TestCaseMain$startTestSuite$0.call(Unknown Source)
	at TempTestSuite1602846612046.run(TempTestSuite1602846612046.groovy:36)
Caused by: com.kms.katalon.core.webui.exception.WebElementNotFoundException: Web element with id: 'Object Repository/CERTPAY_QUICKSTI/Payment_Details_Verification_Page/PAYMENT_ID' located by 'By.xpath: //*[@id=&quot;BureauTable000&quot;]/tbody/tr[3]/td[1]/span[5]' not found
	at com.kms.katalon.core.webui.common.WebUiCommonHelper.findWebElement(WebUiCommonHelper.java:1154)
	at com.kms.katalon.core.webui.keyword.internal.WebUIAbstractKeyword.findWebElement(WebUIAbstractKeyword.groovy:27)
	at com.kms.katalon.core.webui.keyword.internal.WebUIAbstractKeyword.findWebElement(WebUIAbstractKeyword.groovy:26)
	at com.kms.katalon.core.webui.keyword.builtin.GetTextKeyword$_getText_closure1.doCall(GetTextKeyword.groovy:78)
	at com.kms.katalon.core.webui.keyword.builtin.GetTextKeyword$_getText_closure1.call(GetTextKeyword.groovy)
	at com.kms.katalon.core.webui.keyword.internal.WebUIKeywordMain.runKeyword(WebUIKeywordMain.groovy:20)
	... 22 more
"/>
         <system-out><![CDATA[2020-10-16 16:40:18 - [TEST_CASE][FAILED] - Test Cases/Certpay_Quicksti/TC_001_SingleBureauSite_SingleLinePayment: Test Cases/Certpay_Quicksti/TC_001_SingleBureauSite_SingleLinePayment FAILED.
Reason:
com.kms.katalon.core.exception.StepFailedException: Unable to get text of object 'Object Repository/CERTPAY_QUICKSTI/Payment_Details_Verification_Page/PAYMENT_ID'
	at com.kms.katalon.core.webui.keyword.internal.WebUIKeywordMain.stepFailed(WebUIKeywordMain.groovy:64)
	at com.kms.katalon.core.webui.keyword.internal.WebUIKeywordMain.runKeyword(WebUIKeywordMain.groovy:26)
	at com.kms.katalon.core.webui.keyword.builtin.GetTextKeyword.getText(GetTextKeyword.groovy:88)
	at com.kms.katalon.core.webui.keyword.builtin.GetTextKeyword.execute(GetTextKeyword.groovy:67)
	at com.kms.katalon.core.keyword.internal.KeywordExecutor.executeKeywordForPlatform(KeywordExecutor.groovy:72)
	at com.kms.katalon.core.webui.keyword.WebUiBuiltInKeywords.getText(WebUiBuiltInKeywords.groovy:888)
	at com.kms.katalon.core.webui.keyword.WebUiBuiltInKeywords$getText$10.call(Unknown Source)
	at pages.Quicksti.verifyPaymentApproval(Quicksti.groovy:162)
	at pages.Quicksti.invokeMethod(Quicksti.groovy)
	at com.kms.katalon.core.main.CustomKeywordDelegatingMetaClass.invokeStaticMethod(CustomKeywordDelegatingMetaClass.java:50)
	at TC_001_SingleBureauSite_SingleLinePayment.run(TC_001_SingleBureauSite_SingleLinePayment:117)
	at com.kms.katalon.core.main.ScriptEngine.run(ScriptEngine.java:194)
	at com.kms.katalon.core.main.ScriptEngine.runScriptAsRawText(ScriptEngine.java:119)
	at com.kms.katalon.core.main.TestCaseExecutor.runScript(TestCaseExecutor.java:337)
	at com.kms.katalon.core.main.TestCaseExecutor.doExecute(TestCaseExecutor.java:328)
	at com.kms.katalon.core.main.TestCaseExecutor.processExecutionPhase(TestCaseExecutor.java:307)
	at com.kms.katalon.core.main.TestCaseExecutor.accessMainPhase(TestCaseExecutor.java:299)
	at com.kms.katalon.core.main.TestCaseExecutor.execute(TestCaseExecutor.java:233)
	at com.kms.katalon.core.main.TestSuiteExecutor.accessTestCaseMainPhase(TestSuiteExecutor.java:169)
	at com.kms.katalon.core.main.TestSuiteExecutor.accessTestSuiteMainPhase(TestSuiteExecutor.java:142)
	at com.kms.katalon.core.main.TestSuiteExecutor.execute(TestSuiteExecutor.java:91)
	at com.kms.katalon.core.main.TestCaseMain.startTestSuite(TestCaseMain.java:157)
	at com.kms.katalon.core.main.TestCaseMain$startTestSuite$0.call(Unknown Source)
	at TempTestSuite1602846612046.run(TempTestSuite1602846612046.groovy:36)
Caused by: com.kms.katalon.core.webui.exception.WebElementNotFoundException: Web element with id: 'Object Repository/CERTPAY_QUICKSTI/Payment_Details_Verification_Page/PAYMENT_ID' located by 'By.xpath: //*[@id="BureauTable000"]/tbody/tr[3]/td[1]/span[5]' not found
	at com.kms.katalon.core.webui.common.WebUiCommonHelper.findWebElement(WebUiCommonHelper.java:1154)
	at com.kms.katalon.core.webui.keyword.internal.WebUIAbstractKeyword.findWebElement(WebUIAbstractKeyword.groovy:27)
	at com.kms.katalon.core.webui.keyword.internal.WebUIAbstractKeyword.findWebElement(WebUIAbstractKeyword.groovy:26)
	at com.kms.katalon.core.webui.keyword.builtin.GetTextKeyword$_getText_closure1.doCall(GetTextKeyword.groovy:78)
	at com.kms.katalon.core.webui.keyword.builtin.GetTextKeyword$_getText_closure1.call(GetTextKeyword.groovy)
	at com.kms.katalon.core.webui.keyword.internal.WebUIKeywordMain.runKeyword(WebUIKeywordMain.groovy:20)
	... 22 more


2020-10-16 16:40:18 - [TEST_STEP][PASSED] - Start listener action : beforeTestCase: null

2020-10-16 16:40:19 - [TEST_STEP][PASSED] - data = findTestData("Data Files/Certpay/SingleBureau_SingleLine"): null

2020-10-16 16:40:20 - [TEST_STEP][PASSED] - paymentIdList = []: null

2020-10-16 16:40:20 - [TEST_STEP][FAILED] - for (def index : (1..data.getRowNumbers())): Unable to get text of object 'Object Repository/CERTPAY_QUICKSTI/Payment_Details_Verification_Page/PAYMENT_ID'

2020-10-16 16:40:20 - [TEST_STEP][PASSED] - firstName = data.getValue("FirstName", index): null

2020-10-16 16:40:20 - [TEST_STEP][PASSED] - lastName = data.getValue("LastName", index): null

2020-10-16 16:40:20 - [TEST_STEP][PASSED] - expMonth = data.getValue("ExpMonth", index): null

2020-10-16 16:40:20 - [TEST_STEP][PASSED] - expYear = data.getValue("ExpYear", index): null

2020-10-16 16:40:20 - [TEST_STEP][PASSED] - securityCode = data.getValue("SecurityCode", index): null

2020-10-16 16:40:20 - [TEST_STEP][PASSED] - paymentAmount = data.getValue("PaymentAmount", index): null

2020-10-16 16:40:20 - [TEST_STEP][PASSED] - paymentType = data.getValue("PaymentType", index): null

2020-10-16 16:40:20 - [TEST_STEP][PASSED] - quantity = data.getValue("Quantity", index): null

2020-10-16 16:40:20 - [TEST_STEP][PASSED] - comments = data.getValue("Comments", index): null

2020-10-16 16:40:20 - [TEST_STEP][PASSED] - referenceNum = data.getValue("ReferenceNum", index): null

2020-10-16 16:40:20 - [TEST_STEP][PASSED] - address = data.getValue("Address", index): null

2020-10-16 16:40:20 - [TEST_STEP][PASSED] - zipCode = data.getValue("Zipcode", index): null

2020-10-16 16:40:20 - [TEST_STEP][PASSED] - telephone = data.getValue("Telephone", index): null

2020-10-16 16:40:20 - [TEST_STEP][PASSED] - emailAddress = data.getValue("EmailAddress", index): null

2020-10-16 16:40:20 - [TEST_STEP][PASSED] - cardNum = data.getValue("CardNumber", index): null

2020-10-16 16:40:20 - [TEST_STEP][PASSED] - cardType = data.getValue("CardType", index): null

2020-10-16 16:40:20 - [TEST_STEP][PASSED] - utilities.SafeActions.openBrowser(Quicksti_Url, [pageLoadTime]): Browser launched successfully

2020-10-16 16:40:21 - [MESSAGE][INFO] - Opening Browser

2020-10-16 16:40:21 - [MESSAGE][INFO] - Starting 'Chrome' driver

2020-10-16 16:40:21 - [MESSAGE][INFO] - Action delay is set to 0 seconds

2020-10-16 16:40:36 - [MESSAGE][PASSED] - Browser is opened with url: 'https://qa-certpayquicksti.faps.net/'

2020-10-16 16:40:38 - [MESSAGE][PASSED] - Current window maximized

2020-10-16 16:40:38 - [MESSAGE][PASSED] - Browser launched successfully

2020-10-16 16:40:38 - [TEST_STEP][PASSED] - utilities.SafeActions.safeType(findTestObject("CERTPAY_QUICKSTI/Login_ Page/BUREAU_CODE"), bureau_code, "Bureau code", [pageLoadTime]): Quicksti.ts:Entered'6100000 into Bureau code

2020-10-16 16:40:39 - [MESSAGE][PASSED] - Object 'Object Repository/CERTPAY_QUICKSTI/Login_ Page/BUREAU_CODE' is present

2020-10-16 16:40:39 - [MESSAGE][PASSED] - Object 'Object Repository/CERTPAY_QUICKSTI/Login_ Page/BUREAU_CODE' is visible

2020-10-16 16:40:40 - [MESSAGE][PASSED] - Object 'Object Repository/CERTPAY_QUICKSTI/Login_ Page/BUREAU_CODE' is present

2020-10-16 16:40:41 - [MESSAGE][PASSED] - Text '6100000' is set on object 'Object Repository/CERTPAY_QUICKSTI/Login_ Page/BUREAU_CODE'

2020-10-16 16:40:41 - [MESSAGE][PASSED] - Quicksti.ts:Entered'6100000 into Bureau code

2020-10-16 16:40:41 - [TEST_STEP][PASSED] - utilities.SafeActions.safeType(findTestObject("CERTPAY_QUICKSTI/Login_ Page/TELLER_ID"), teller_id, "Bureau code", [pageLoadTime]): Quicksti.ts:Entered'zenq into Bureau code

2020-10-16 16:40:41 - [MESSAGE][PASSED] - Object 'Object Repository/CERTPAY_QUICKSTI/Login_ Page/TELLER_ID' is present

2020-10-16 16:40:42 - [MESSAGE][PASSED] - Object 'Object Repository/CERTPAY_QUICKSTI/Login_ Page/TELLER_ID' is visible

2020-10-16 16:40:42 - [MESSAGE][PASSED] - Object 'Object Repository/CERTPAY_QUICKSTI/Login_ Page/TELLER_ID' is present

2020-10-16 16:40:43 - [MESSAGE][PASSED] - Text 'zenq' is set on object 'Object Repository/CERTPAY_QUICKSTI/Login_ Page/TELLER_ID'

2020-10-16 16:40:43 - [MESSAGE][PASSED] - Quicksti.ts:Entered'zenq into Bureau code

2020-10-16 16:40:43 - [TEST_STEP][PASSED] - utilities.SafeActions.safeClick(findTestObject("CERTPAY_QUICKSTI/Login_ Page/NEXT_BUTTON"), "Next button", [pageLoadTime]): Quicksti.ts:Clicked on the Next button

2020-10-16 16:40:43 - [MESSAGE][INFO] - safeClicking

2020-10-16 16:40:43 - [MESSAGE][PASSED] - Object 'Object Repository/CERTPAY_QUICKSTI/Login_ Page/NEXT_BUTTON' is present

2020-10-16 16:40:45 - [MESSAGE][PASSED] - Object 'Object Repository/CERTPAY_QUICKSTI/Login_ Page/NEXT_BUTTON' is clickable

2020-10-16 16:40:50 - [MESSAGE][PASSED] - Object: 'Object Repository/CERTPAY_QUICKSTI/Login_ Page/NEXT_BUTTON' is clicked on

2020-10-16 16:40:50 - [MESSAGE][PASSED] - Quicksti.ts:Clicked on the Next button

2020-10-16 16:40:50 - [TEST_STEP][PASSED] - utilities.SafeActions.safeClick(findTestObject("CERTPAY_QUICKSTI/Payment_Information_Page/MANUAL_ENTRY_BUTTON"), "ManualEntry", [pageLoadTime]): Quicksti.ts:Clicked on the ManualEntry

2020-10-16 16:40:50 - [MESSAGE][INFO] - safeClicking

2020-10-16 16:40:50 - [MESSAGE][PASSED] - Object 'Object Repository/CERTPAY_QUICKSTI/Payment_Information_Page/MANUAL_ENTRY_BUTTON' is present

2020-10-16 16:40:51 - [MESSAGE][PASSED] - Object 'Object Repository/CERTPAY_QUICKSTI/Payment_Information_Page/MANUAL_ENTRY_BUTTON' is clickable

2020-10-16 16:40:54 - [MESSAGE][PASSED] - Object: 'Object Repository/CERTPAY_QUICKSTI/Payment_Information_Page/MANUAL_ENTRY_BUTTON' is clicked on

2020-10-16 16:40:54 - [MESSAGE][PASSED] - Quicksti.ts:Clicked on the ManualEntry

2020-10-16 16:40:54 - [TEST_STEP][PASSED] - CardNumber = pages.Quicksti.setUserPaymentDetails(firstName, lastName, cardNum): Quicksti.ts:Entered'4761739001010135 into CardNum

2020-10-16 16:40:54 - [MESSAGE][PASSED] - Object 'Object Repository/CERTPAY_QUICKSTI/Payment_Information_Page/FIRST_NAME' is present

2020-10-16 16:40:55 - [MESSAGE][PASSED] - Object 'Object Repository/CERTPAY_QUICKSTI/Payment_Information_Page/FIRST_NAME' is visible

2020-10-16 16:40:55 - [MESSAGE][PASSED] - Object 'Object Repository/CERTPAY_QUICKSTI/Payment_Information_Page/FIRST_NAME' is present

2020-10-16 16:40:56 - [MESSAGE][PASSED] - Text 'Tester' is set on object 'Object Repository/CERTPAY_QUICKSTI/Payment_Information_Page/FIRST_NAME'

2020-10-16 16:40:56 - [MESSAGE][PASSED] - Quicksti.ts:Entered'Tester into FirstName

2020-10-16 16:40:57 - [MESSAGE][PASSED] - Object 'Object Repository/CERTPAY_QUICKSTI/Payment_Information_Page/LAST_NAME' is present

2020-10-16 16:40:57 - [MESSAGE][PASSED] - Object 'Object Repository/CERTPAY_QUICKSTI/Payment_Information_Page/LAST_NAME' is visible

2020-10-16 16:40:57 - [MESSAGE][PASSED] - Object 'Object Repository/CERTPAY_QUICKSTI/Payment_Information_Page/LAST_NAME' is present

2020-10-16 16:40:58 - [MESSAGE][PASSED] - Text 'Zenq1' is set on object 'Object Repository/CERTPAY_QUICKSTI/Payment_Information_Page/LAST_NAME'

2020-10-16 16:40:58 - [MESSAGE][PASSED] - Quicksti.ts:Entered'Zenq1 into LAstName

2020-10-16 16:40:59 - [MESSAGE][PASSED] - Object 'Object Repository/CERTPAY_QUICKSTI/Payment_Information_Page/CARD_NUMBER' is present

2020-10-16 16:40:59 - [MESSAGE][PASSED] - Object 'Object Repository/CERTPAY_QUICKSTI/Payment_Information_Page/CARD_NUMBER' is visible

2020-10-16 16:41:00 - [MESSAGE][PASSED] - Object 'Object Repository/CERTPAY_QUICKSTI/Payment_Information_Page/CARD_NUMBER' is present

2020-10-16 16:41:01 - [MESSAGE][PASSED] - Text '4761739001010135' is set on object 'Object Repository/CERTPAY_QUICKSTI/Payment_Information_Page/CARD_NUMBER'

2020-10-16 16:41:01 - [MESSAGE][PASSED] - Quicksti.ts:Entered'4761739001010135 into CardNum

2020-10-16 16:41:01 - [TEST_STEP][PASSED] - utilities.SafeActions.safeSelectOptionInDropdownByVisibleText(findTestObject("CERTPAY_QUICKSTI/Payment_Information_Page/PAYMENT_TYPE"), paymentType, "paymentType", [pageLoadTime]): selected dropdown option by visible text  Taxesfrom paymentType

2020-10-16 16:41:01 - [MESSAGE][PASSED] - Object 'Object Repository/CERTPAY_QUICKSTI/Payment_Information_Page/PAYMENT_TYPE' is visible

2020-10-16 16:41:02 - [MESSAGE][PASSED] - Object 'Object Repository/CERTPAY_QUICKSTI/Payment_Information_Page/PAYMENT_TYPE' is present

2020-10-16 16:41:03 - [MESSAGE][PASSED] - Object: 'Object Repository/CERTPAY_QUICKSTI/Payment_Information_Page/PAYMENT_TYPE' is clicked on

2020-10-16 16:41:04 - [MESSAGE][PASSED] - All options with label 'Taxes' are selected in object 'Object Repository/CERTPAY_QUICKSTI/Payment_Information_Page/PAYMENT_TYPE'  using regular expression

2020-10-16 16:41:04 - [MESSAGE][PASSED] - selected dropdown option by visible text  Taxesfrom paymentType

2020-10-16 16:41:04 - [TEST_STEP][PASSED] - pages.Quicksti.setExpDate(expMonth, expYear, securityCode): Quicksti.ts:Entered'207 into securityCode

2020-10-16 16:41:05 - [MESSAGE][PASSED] - Object 'Object Repository/CERTPAY_QUICKSTI/Payment_Information_Page/EXP_MONTH' is visible

2020-10-16 16:41:05 - [MESSAGE][PASSED] - Object 'Object Repository/CERTPAY_QUICKSTI/Payment_Information_Page/EXP_MONTH' is present

2020-10-16 16:41:06 - [MESSAGE][PASSED] - Object: 'Object Repository/CERTPAY_QUICKSTI/Payment_Information_Page/EXP_MONTH' is clicked on

2020-10-16 16:41:08 - [MESSAGE][PASSED] - All options with label '03' are selected in object 'Object Repository/CERTPAY_QUICKSTI/Payment_Information_Page/EXP_MONTH'  using regular expression

2020-10-16 16:41:08 - [MESSAGE][PASSED] - selected dropdown option by visible text  03from expMonth

2020-10-16 16:41:08 - [MESSAGE][PASSED] - Object 'Object Repository/CERTPAY_QUICKSTI/Payment_Information_Page/EXP_YEAR' is visible

2020-10-16 16:41:08 - [MESSAGE][PASSED] - Object 'Object Repository/CERTPAY_QUICKSTI/Payment_Information_Page/EXP_YEAR' is present

2020-10-16 16:41:10 - [MESSAGE][PASSED] - Object: 'Object Repository/CERTPAY_QUICKSTI/Payment_Information_Page/EXP_YEAR' is clicked on

2020-10-16 16:41:11 - [MESSAGE][PASSED] - All options with label '2022' are selected in object 'Object Repository/CERTPAY_QUICKSTI/Payment_Information_Page/EXP_YEAR'  using regular expression

2020-10-16 16:41:11 - [MESSAGE][PASSED] - selected dropdown option by visible text  2022from  expYear

2020-10-16 16:41:12 - [MESSAGE][PASSED] - Object 'Object Repository/CERTPAY_QUICKSTI/Payment_Information_Page/SECURITY_CODE' is present

2020-10-16 16:41:12 - [MESSAGE][PASSED] - Object 'Object Repository/CERTPAY_QUICKSTI/Payment_Information_Page/SECURITY_CODE' is visible

2020-10-16 16:41:12 - [MESSAGE][PASSED] - Object 'Object Repository/CERTPAY_QUICKSTI/Payment_Information_Page/SECURITY_CODE' is present

2020-10-16 16:41:13 - [MESSAGE][PASSED] - Text '207' is set on object 'Object Repository/CERTPAY_QUICKSTI/Payment_Information_Page/SECURITY_CODE'

2020-10-16 16:41:13 - [MESSAGE][PASSED] - Quicksti.ts:Entered'207 into securityCode

2020-10-16 16:41:13 - [TEST_STEP][PASSED] - pages.Quicksti.setPaymentAmountDetailsForSinglePayment(paymentAmount, quantity): Quicksti.ts:Entered'1 into Quantity

2020-10-16 16:41:14 - [MESSAGE][PASSED] - Object 'Object Repository/CERTPAY_QUICKSTI/Payment_Information_Page/PAYMENT_AMOUNT' is present

2020-10-16 16:41:14 - [MESSAGE][PASSED] - Object 'Object Repository/CERTPAY_QUICKSTI/Payment_Information_Page/PAYMENT_AMOUNT' is visible

2020-10-16 16:41:14 - [MESSAGE][PASSED] - Object 'Object Repository/CERTPAY_QUICKSTI/Payment_Information_Page/PAYMENT_AMOUNT' is present

2020-10-16 16:41:16 - [MESSAGE][PASSED] - Text '20.00' is set on object 'Object Repository/CERTPAY_QUICKSTI/Payment_Information_Page/PAYMENT_AMOUNT'

2020-10-16 16:41:16 - [MESSAGE][PASSED] - Quicksti.ts:Entered'20.00 into amount

2020-10-16 16:41:16 - [MESSAGE][PASSED] - Object 'Object Repository/CERTPAY_QUICKSTI/Payment_Information_Page/QUANTITY' is present

2020-10-16 16:41:17 - [MESSAGE][PASSED] - Object 'Object Repository/CERTPAY_QUICKSTI/Payment_Information_Page/QUANTITY' is visible

2020-10-16 16:41:17 - [MESSAGE][PASSED] - Object 'Object Repository/CERTPAY_QUICKSTI/Payment_Information_Page/QUANTITY' is present

2020-10-16 16:41:18 - [MESSAGE][PASSED] - Text '1' is set on object 'Object Repository/CERTPAY_QUICKSTI/Payment_Information_Page/QUANTITY'

2020-10-16 16:41:18 - [MESSAGE][PASSED] - Quicksti.ts:Entered'1 into Quantity

2020-10-16 16:41:18 - [TEST_STEP][PASSED] - utilities.SafeActions.safeType(findTestObject("CERTPAY_QUICKSTI/Payment_Information_Page/REFRENCE_NUMBER"), referenceNum, "Reference Number", [pageLoadTime]): Quicksti.ts:Entered'11 into Reference Number

2020-10-16 16:41:19 - [MESSAGE][PASSED] - Object 'Object Repository/CERTPAY_QUICKSTI/Payment_Information_Page/REFRENCE_NUMBER' is present

2020-10-16 16:41:19 - [MESSAGE][PASSED] - Object 'Object Repository/CERTPAY_QUICKSTI/Payment_Information_Page/REFRENCE_NUMBER' is visible

2020-10-16 16:41:19 - [MESSAGE][PASSED] - Object 'Object Repository/CERTPAY_QUICKSTI/Payment_Information_Page/REFRENCE_NUMBER' is present

2020-10-16 16:41:20 - [MESSAGE][PASSED] - Text '11' is set on object 'Object Repository/CERTPAY_QUICKSTI/Payment_Information_Page/REFRENCE_NUMBER'

2020-10-16 16:41:20 - [MESSAGE][PASSED] - Quicksti.ts:Entered'11 into Reference Number

2020-10-16 16:41:20 - [TEST_STEP][PASSED] - amount_Value = pages.Quicksti.getAttributeValue(findTestObject("CERTPAY_QUICKSTI/Payment_Information_Page/SUB_TOTAL")): pages.Quicksti.getAttributeValue is PASSED

2020-10-16 16:41:21 - [MESSAGE][PASSED] - Attribute 'value' of object 'Object Repository/CERTPAY_QUICKSTI/Payment_Information_Page/SUB_TOTAL' is: '20.00'

2020-10-16 16:41:21 - [MESSAGE][PASSED] - pages.Quicksti.getAttributeValue is PASSED

2020-10-16 16:41:21 - [TEST_STEP][PASSED] - utilities.SafeActions.safeType(findTestObject("CERTPAY_QUICKSTI/Payment_Information_Page/COMMENTS"), "Testing", "Comments", [pageLoadTime]): Quicksti.ts:Entered'Testing into Comments

2020-10-16 16:41:21 - [MESSAGE][PASSED] - Object 'Object Repository/CERTPAY_QUICKSTI/Payment_Information_Page/COMMENTS' is present

2020-10-16 16:41:22 - [MESSAGE][PASSED] - Object 'Object Repository/CERTPAY_QUICKSTI/Payment_Information_Page/COMMENTS' is visible

2020-10-16 16:41:22 - [MESSAGE][PASSED] - Object 'Object Repository/CERTPAY_QUICKSTI/Payment_Information_Page/COMMENTS' is present

2020-10-16 16:41:23 - [MESSAGE][PASSED] - Text 'Testing' is set on object 'Object Repository/CERTPAY_QUICKSTI/Payment_Information_Page/COMMENTS'

2020-10-16 16:41:23 - [MESSAGE][PASSED] - Quicksti.ts:Entered'Testing into Comments

2020-10-16 16:41:23 - [TEST_STEP][PASSED] - utilities.SafeActions.safeType(findTestObject("CERTPAY_QUICKSTI/Payment_Information_Page/ADDRESS"), address, "Address", [pageLoadTime]): Quicksti.ts:Entered'14-2 into Address

2020-10-16 16:41:24 - [MESSAGE][PASSED] - Object 'Object Repository/CERTPAY_QUICKSTI/Payment_Information_Page/ADDRESS' is present

2020-10-16 16:41:24 - [MESSAGE][PASSED] - Object 'Object Repository/CERTPAY_QUICKSTI/Payment_Information_Page/ADDRESS' is visible

2020-10-16 16:41:24 - [MESSAGE][PASSED] - Object 'Object Repository/CERTPAY_QUICKSTI/Payment_Information_Page/ADDRESS' is present

2020-10-16 16:41:25 - [MESSAGE][PASSED] - Text '14-2' is set on object 'Object Repository/CERTPAY_QUICKSTI/Payment_Information_Page/ADDRESS'

2020-10-16 16:41:25 - [MESSAGE][PASSED] - Quicksti.ts:Entered'14-2 into Address

2020-10-16 16:41:25 - [TEST_STEP][PASSED] - utilities.SafeActions.safeType(findTestObject("CERTPAY_QUICKSTI/Payment_Information_Page/ZIP_CODE"), zipCode, "zipcode", [pageLoadTime]): Quicksti.ts:Entered'76102 into zipcode

2020-10-16 16:41:26 - [MESSAGE][PASSED] - Object 'Object Repository/CERTPAY_QUICKSTI/Payment_Information_Page/ZIP_CODE' is present

2020-10-16 16:41:26 - [MESSAGE][PASSED] - Object 'Object Repository/CERTPAY_QUICKSTI/Payment_Information_Page/ZIP_CODE' is visible

2020-10-16 16:41:26 - [MESSAGE][PASSED] - Object 'Object Repository/CERTPAY_QUICKSTI/Payment_Information_Page/ZIP_CODE' is present

2020-10-16 16:41:28 - [MESSAGE][PASSED] - Text '76102' is set on object 'Object Repository/CERTPAY_QUICKSTI/Payment_Information_Page/ZIP_CODE'

2020-10-16 16:41:28 - [MESSAGE][PASSED] - Quicksti.ts:Entered'76102 into zipcode

2020-10-16 16:41:28 - [TEST_STEP][PASSED] - utilities.SafeActions.safeType(findTestObject("CERTPAY_QUICKSTI/Payment_Information_Page/TELEPHONE"), telephone, "Telephone", [pageLoadTime]): Quicksti.ts:Entered'9988776655 into Telephone

2020-10-16 16:41:28 - [MESSAGE][PASSED] - Object 'Object Repository/CERTPAY_QUICKSTI/Payment_Information_Page/TELEPHONE' is present

2020-10-16 16:41:28 - [MESSAGE][PASSED] - Object 'Object Repository/CERTPAY_QUICKSTI/Payment_Information_Page/TELEPHONE' is visible

2020-10-16 16:41:29 - [MESSAGE][PASSED] - Object 'Object Repository/CERTPAY_QUICKSTI/Payment_Information_Page/TELEPHONE' is present

2020-10-16 16:41:30 - [MESSAGE][PASSED] - Text '9988776655' is set on object 'Object Repository/CERTPAY_QUICKSTI/Payment_Information_Page/TELEPHONE'

2020-10-16 16:41:30 - [MESSAGE][PASSED] - Quicksti.ts:Entered'9988776655 into Telephone

2020-10-16 16:41:30 - [TEST_STEP][PASSED] - utilities.SafeActions.safeType(findTestObject("CERTPAY_QUICKSTI/Payment_Information_Page/EMAIL_ADDRESS"), emailAddress, "EMAIL address", [pageLoadTime]): Quicksti.ts:Entered'testing@zenq.com into EMAIL address

2020-10-16 16:41:30 - [MESSAGE][PASSED] - Object 'Object Repository/CERTPAY_QUICKSTI/Payment_Information_Page/EMAIL_ADDRESS' is present

2020-10-16 16:41:31 - [MESSAGE][PASSED] - Object 'Object Repository/CERTPAY_QUICKSTI/Payment_Information_Page/EMAIL_ADDRESS' is visible

2020-10-16 16:41:31 - [MESSAGE][PASSED] - Object 'Object Repository/CERTPAY_QUICKSTI/Payment_Information_Page/EMAIL_ADDRESS' is present

2020-10-16 16:41:32 - [MESSAGE][PASSED] - Text 'testing@zenq.com' is set on object 'Object Repository/CERTPAY_QUICKSTI/Payment_Information_Page/EMAIL_ADDRESS'

2020-10-16 16:41:32 - [MESSAGE][PASSED] - Quicksti.ts:Entered'testing@zenq.com into EMAIL address

2020-10-16 16:41:32 - [TEST_STEP][PASSED] - utilities.SafeActions.safeClick(findTestObject("CERTPAY_QUICKSTI/Payment_Information_Page/NEXT_BUTTON"), "Next", [pageLoadTime]): Quicksti.ts:Clicked on the Next

2020-10-16 16:41:32 - [MESSAGE][INFO] - safeClicking

2020-10-16 16:41:33 - [MESSAGE][PASSED] - Object 'Object Repository/CERTPAY_QUICKSTI/Payment_Information_Page/NEXT_BUTTON' is present

2020-10-16 16:41:33 - [MESSAGE][PASSED] - Object 'Object Repository/CERTPAY_QUICKSTI/Payment_Information_Page/NEXT_BUTTON' is clickable

2020-10-16 16:41:36 - [MESSAGE][PASSED] - Object: 'Object Repository/CERTPAY_QUICKSTI/Payment_Information_Page/NEXT_BUTTON' is clicked on

2020-10-16 16:41:36 - [MESSAGE][PASSED] - Quicksti.ts:Clicked on the Next

2020-10-16 16:41:36 - [TEST_STEP][PASSED] - pages.Quicksti.verifyUserPaymentDetails(paymentAmount, firstName, lastName, CardNumber): pages.Quicksti.verifyUserPaymentDetails is PASSED

2020-10-16 16:41:36 - [MESSAGE][PASSED] - Text of object 'Object Repository/CERTPAY_QUICKSTI/Payment_Details_Verification_Page/AMOUNT' is: '$20.00'

2020-10-16 16:41:37 - [MESSAGE][PASSED] - Actual text '20.00' and expected text '20.00' are matched  using regular expression

2020-10-16 16:41:37 - [MESSAGE][PASSED] - Text of object 'Object Repository/CERTPAY_QUICKSTI/Payment_Details_Verification_Page/NAME' is: 'Tester Zenq1'

2020-10-16 16:41:37 - [MESSAGE][PASSED] - Actual text 'Tester Zenq1' and expected text 'Tester Zenq1' are matched  using regular expression

2020-10-16 16:41:37 - [MESSAGE][PASSED] - Text of object 'Object Repository/CERTPAY_QUICKSTI/Payment_Details_Verification_Page/CARD_NUMBER' is: '...0135'

2020-10-16 16:41:37 - [MESSAGE][PASSED] - Actual text '0135' and expected text '0135' are matched  using regular expression

2020-10-16 16:41:37 - [MESSAGE][PASSED] - pages.Quicksti.verifyUserPaymentDetails is PASSED

2020-10-16 16:41:37 - [TEST_STEP][PASSED] - delay(2): Delayed 2 second(s)

2020-10-16 16:41:39 - [MESSAGE][PASSED] - Delayed 2 second(s)

2020-10-16 16:41:39 - [TEST_STEP][PASSED] - ConvFee = getText(findTestObject("CERTPAY_QUICKSTI/Payment_Information_Page/CONV_FEE")): Text of object 'Object Repository/CERTPAY_QUICKSTI/Payment_Information_Page/CONV_FEE' is: '$4.95'

2020-10-16 16:41:40 - [MESSAGE][PASSED] - Text of object 'Object Repository/CERTPAY_QUICKSTI/Payment_Information_Page/CONV_FEE' is: '$4.95'

2020-10-16 16:41:40 - [TEST_STEP][PASSED] - scrollToElement(findTestObject("CERTPAY_QUICKSTI/Payment_Details_Verification_Page/PROCESS"), 0): Scroll to object 'Object Repository/CERTPAY_QUICKSTI/Payment_Details_Verification_Page/PROCESS' successfully

2020-10-16 16:41:40 - [MESSAGE][WARNING] - Timeout '0' is invalid. Using default page load timeout: '30'

2020-10-16 16:41:40 - [MESSAGE][PASSED] - Scroll to object 'Object Repository/CERTPAY_QUICKSTI/Payment_Details_Verification_Page/PROCESS' successfully

2020-10-16 16:41:40 - [TEST_STEP][PASSED] - utilities.SafeActions.safeClick(findTestObject("CERTPAY_QUICKSTI/Payment_Details_Verification_Page/PROCESS"), "Process", [pageLoadTime]): Quicksti.ts:Clicked on the Process

2020-10-16 16:41:40 - [MESSAGE][INFO] - safeClicking

2020-10-16 16:41:41 - [MESSAGE][PASSED] - Object 'Object Repository/CERTPAY_QUICKSTI/Payment_Details_Verification_Page/PROCESS' is present

2020-10-16 16:41:41 - [MESSAGE][PASSED] - Object 'Object Repository/CERTPAY_QUICKSTI/Payment_Details_Verification_Page/PROCESS' is clickable

2020-10-16 16:41:46 - [MESSAGE][PASSED] - Object: 'Object Repository/CERTPAY_QUICKSTI/Payment_Details_Verification_Page/PROCESS' is clicked on

2020-10-16 16:41:46 - [MESSAGE][PASSED] - Quicksti.ts:Clicked on the Process

2020-10-16 16:41:46 - [TEST_STEP][PASSED] - paymentId = pages.Quicksti.verifyPaymentApproval(findTestObject("CERTPAY_QUICKSTI/Payment_Details_Verification_Page/APPROVED")): Payment is approved

2020-10-16 16:41:46 - [MESSAGE][PASSED] - Text of object 'Object Repository/CERTPAY_QUICKSTI/Payment_Details_Verification_Page/PAYMENT_ID' is: '100176130495'

2020-10-16 16:41:46 - [MESSAGE][PASSED] - Object 'Object Repository/CERTPAY_QUICKSTI/Payment_Details_Verification_Page/APPROVED' is present

2020-10-16 16:41:46 - [MESSAGE][PASSED] - Payment is approved

2020-10-16 16:41:48 - [TEST_STEP][PASSED] - navigateToUrl(Admin_url): Navigate to 'https://qa-certpayadmin.faps.net' successfully

2020-10-16 16:41:57 - [MESSAGE][PASSED] - Navigate to 'https://qa-certpayadmin.faps.net' successfully

2020-10-16 16:41:57 - [TEST_STEP][PASSED] - pages.Bureau_Login_Page.loginToAdminSite(AdminUsername, AdminPassword): Quicksti.ts:Clicked on the LOGIN

2020-10-16 16:41:58 - [MESSAGE][PASSED] - Object 'Object Repository/CERTPAY_ADMIN/USER_NAME' is present

2020-10-16 16:41:58 - [MESSAGE][PASSED] - Object 'Object Repository/CERTPAY_ADMIN/USER_NAME' is visible

2020-10-16 16:41:58 - [MESSAGE][PASSED] - Object 'Object Repository/CERTPAY_ADMIN/USER_NAME' is present

2020-10-16 16:42:00 - [MESSAGE][PASSED] - Text 'VVangiliappan' is set on object 'Object Repository/CERTPAY_ADMIN/USER_NAME'

2020-10-16 16:42:00 - [MESSAGE][PASSED] - Quicksti.ts:Entered'VVangiliappan into username

2020-10-16 16:42:00 - [MESSAGE][PASSED] - Object 'Object Repository/CERTPAY_ADMIN/PASSWORD' is present

2020-10-16 16:42:00 - [MESSAGE][PASSED] - Object 'Object Repository/CERTPAY_ADMIN/PASSWORD' is visible

2020-10-16 16:42:01 - [MESSAGE][PASSED] - Object 'Object Repository/CERTPAY_ADMIN/PASSWORD' is present

2020-10-16 16:42:02 - [MESSAGE][PASSED] - Text 'Test@123' is set on object 'Object Repository/CERTPAY_ADMIN/PASSWORD'

2020-10-16 16:42:02 - [MESSAGE][PASSED] - Quicksti.ts:Entered'Test@123 into password

2020-10-16 16:42:02 - [MESSAGE][INFO] - safeClicking

2020-10-16 16:42:02 - [MESSAGE][PASSED] - Object 'Object Repository/CERTPAY_ADMIN/LOGIN_BUTTON' is present

2020-10-16 16:42:03 - [MESSAGE][PASSED] - Object 'Object Repository/CERTPAY_ADMIN/LOGIN_BUTTON' is clickable

2020-10-16 16:42:14 - [MESSAGE][PASSED] - Object: 'Object Repository/CERTPAY_ADMIN/LOGIN_BUTTON' is clicked on

2020-10-16 16:42:14 - [MESSAGE][PASSED] - Quicksti.ts:Clicked on the LOGIN

2020-10-16 16:42:14 - [TEST_STEP][PASSED] - utilities.SafeActions.safeClick(findTestObject("CERTPAY_ADMIN/TRANSACTION_MENU"), "TransactionMenu", [pageLoadTime]): Quicksti.ts:Clicked on the TransactionMenu

2020-10-16 16:42:14 - [MESSAGE][INFO] - safeClicking

2020-10-16 16:42:14 - [MESSAGE][PASSED] - Object 'Object Repository/CERTPAY_ADMIN/TRANSACTION_MENU' is present

2020-10-16 16:42:14 - [MESSAGE][PASSED] - Object 'Object Repository/CERTPAY_ADMIN/TRANSACTION_MENU' is clickable

2020-10-16 16:42:16 - [MESSAGE][PASSED] - Object: 'Object Repository/CERTPAY_ADMIN/TRANSACTION_MENU' is clicked on

2020-10-16 16:42:16 - [MESSAGE][PASSED] - Quicksti.ts:Clicked on the TransactionMenu

2020-10-16 16:42:16 - [TEST_STEP][PASSED] - utilities.SafeActions.safeClick(findTestObject("CERTPAY_ADMIN/TRANSACTION_SEARCH"), "TransactionSearch", [pageLoadTime]): Quicksti.ts:Clicked on the TransactionSearch

2020-10-16 16:42:16 - [MESSAGE][INFO] - safeClicking

2020-10-16 16:42:16 - [MESSAGE][PASSED] - Object 'Object Repository/CERTPAY_ADMIN/TRANSACTION_SEARCH' is present

2020-10-16 16:42:16 - [MESSAGE][PASSED] - Object 'Object Repository/CERTPAY_ADMIN/TRANSACTION_SEARCH' is clickable

2020-10-16 16:42:23 - [MESSAGE][PASSED] - Object: 'Object Repository/CERTPAY_ADMIN/TRANSACTION_SEARCH' is clicked on

2020-10-16 16:42:23 - [MESSAGE][PASSED] - Quicksti.ts:Clicked on the TransactionSearch

2020-10-16 16:42:23 - [TEST_STEP][PASSED] - utilities.SafeActions.safeType(findTestObject("CERTPAY_ADMIN/PAYMENT_ID"), paymentId, "Payment id", [pageLoadTime]): Quicksti.ts:Entered'100176130495 into Payment id

2020-10-16 16:42:23 - [MESSAGE][PASSED] - Object 'Object Repository/CERTPAY_ADMIN/PAYMENT_ID' is present

2020-10-16 16:42:24 - [MESSAGE][PASSED] - Object 'Object Repository/CERTPAY_ADMIN/PAYMENT_ID' is visible

2020-10-16 16:42:24 - [MESSAGE][PASSED] - Object 'Object Repository/CERTPAY_ADMIN/PAYMENT_ID' is present

2020-10-16 16:42:25 - [MESSAGE][PASSED] - Text '100176130495' is set on object 'Object Repository/CERTPAY_ADMIN/PAYMENT_ID'

2020-10-16 16:42:25 - [MESSAGE][PASSED] - Quicksti.ts:Entered'100176130495 into Payment id

2020-10-16 16:42:25 - [TEST_STEP][PASSED] - utilities.SafeActions.safeClick(findTestObject("CERTPAY_ADMIN/GO_BUTTON"), "Go button", [pageLoadTime]): Quicksti.ts:Clicked on the Go button

2020-10-16 16:42:25 - [MESSAGE][INFO] - safeClicking

2020-10-16 16:42:26 - [MESSAGE][PASSED] - Object 'Object Repository/CERTPAY_ADMIN/GO_BUTTON' is present

2020-10-16 16:42:26 - [MESSAGE][PASSED] - Object 'Object Repository/CERTPAY_ADMIN/GO_BUTTON' is clickable

2020-10-16 16:42:32 - [MESSAGE][PASSED] - Object: 'Object Repository/CERTPAY_ADMIN/GO_BUTTON' is clicked on

2020-10-16 16:42:32 - [MESSAGE][PASSED] - Quicksti.ts:Clicked on the Go button

2020-10-16 16:42:32 - [TEST_STEP][PASSED] - delay(5): Delayed 5 second(s)

2020-10-16 16:42:37 - [MESSAGE][PASSED] - Delayed 5 second(s)

2020-10-16 16:42:37 - [TEST_STEP][PASSED] - scrollToPosition(800, 900): Browser is scrolled to position x = 800, y = 900

2020-10-16 16:42:37 - [MESSAGE][PASSED] - Browser is scrolled to position x = 800, y = 900

2020-10-16 16:42:37 - [TEST_STEP][PASSED] - pages.Search_Page.validatePaymentAmount(amount_Value, ConvFee): Verified payment details successfully 

2020-10-16 16:42:37 - [MESSAGE][PASSED] - Text of object 'Object Repository/CERTPAY_ADMIN/PAYMENT_AMOUNT' is: '$20.00'

2020-10-16 16:42:37 - [MESSAGE][PASSED] - Actual text '20.00' and expected text '20.00' are matched  using regular expression

2020-10-16 16:42:38 - [MESSAGE][PASSED] - Text of object 'Object Repository/CERTPAY_ADMIN/CONV_FEE' is: '$4.95'

2020-10-16 16:42:38 - [MESSAGE][PASSED] - Actual text '4.95' and expected text '4.95' are matched  using regular expression

2020-10-16 16:42:38 - [MESSAGE][PASSED] - Verified payment details successfully 

2020-10-16 16:42:38 - [TEST_STEP][PASSED] - paymentIdList.add(paymentId): null

2020-10-16 16:42:38 - [TEST_STEP][PASSED] - println(paymentIdList): null

2020-10-16 16:42:38 - [TEST_STEP][PASSED] - firstName = data.getValue("FirstName", index): null

2020-10-16 16:42:38 - [TEST_STEP][PASSED] - lastName = data.getValue("LastName", index): null

2020-10-16 16:42:38 - [TEST_STEP][PASSED] - expMonth = data.getValue("ExpMonth", index): null

2020-10-16 16:42:38 - [TEST_STEP][PASSED] - expYear = data.getValue("ExpYear", index): null

2020-10-16 16:42:38 - [TEST_STEP][PASSED] - securityCode = data.getValue("SecurityCode", index): null

2020-10-16 16:42:38 - [TEST_STEP][PASSED] - paymentAmount = data.getValue("PaymentAmount", index): null

2020-10-16 16:42:38 - [TEST_STEP][PASSED] - paymentType = data.getValue("PaymentType", index): null

2020-10-16 16:42:38 - [TEST_STEP][PASSED] - quantity = data.getValue("Quantity", index): null

2020-10-16 16:42:38 - [TEST_STEP][PASSED] - comments = data.getValue("Comments", index): null

2020-10-16 16:42:38 - [TEST_STEP][PASSED] - referenceNum = data.getValue("ReferenceNum", index): null

2020-10-16 16:42:38 - [TEST_STEP][PASSED] - address = data.getValue("Address", index): null

2020-10-16 16:42:38 - [TEST_STEP][PASSED] - zipCode = data.getValue("Zipcode", index): null

2020-10-16 16:42:38 - [TEST_STEP][PASSED] - telephone = data.getValue("Telephone", index): null

2020-10-16 16:42:38 - [TEST_STEP][PASSED] - emailAddress = data.getValue("EmailAddress", index): null

2020-10-16 16:42:38 - [TEST_STEP][PASSED] - cardNum = data.getValue("CardNumber", index): null

2020-10-16 16:42:38 - [TEST_STEP][PASSED] - cardType = data.getValue("CardType", index): null

2020-10-16 16:42:38 - [TEST_STEP][PASSED] - utilities.SafeActions.openBrowser(Quicksti_Url, [pageLoadTime]): Browser launched successfully

2020-10-16 16:42:38 - [MESSAGE][INFO] - Opening Browser

2020-10-16 16:42:38 - [MESSAGE][WARNING] - A browser is already opened. Closing browser and opening a new one

2020-10-16 16:42:42 - [MESSAGE][INFO] - Starting 'Chrome' driver

2020-10-16 16:42:54 - [MESSAGE][PASSED] - Browser is opened with url: 'https://qa-certpayquicksti.faps.net/'

2020-10-16 16:42:56 - [MESSAGE][PASSED] - Current window maximized

2020-10-16 16:42:56 - [MESSAGE][PASSED] - Browser launched successfully

2020-10-16 16:42:56 - [TEST_STEP][PASSED] - utilities.SafeActions.safeType(findTestObject("CERTPAY_QUICKSTI/Login_ Page/BUREAU_CODE"), bureau_code, "Bureau code", [pageLoadTime]): Quicksti.ts:Entered'6100000 into Bureau code

2020-10-16 16:42:57 - [MESSAGE][PASSED] - Object 'Object Repository/CERTPAY_QUICKSTI/Login_ Page/BUREAU_CODE' is present

2020-10-16 16:42:57 - [MESSAGE][PASSED] - Object 'Object Repository/CERTPAY_QUICKSTI/Login_ Page/BUREAU_CODE' is visible

2020-10-16 16:42:57 - [MESSAGE][PASSED] - Object 'Object Repository/CERTPAY_QUICKSTI/Login_ Page/BUREAU_CODE' is present

2020-10-16 16:42:59 - [MESSAGE][PASSED] - Text '6100000' is set on object 'Object Repository/CERTPAY_QUICKSTI/Login_ Page/BUREAU_CODE'

2020-10-16 16:42:59 - [MESSAGE][PASSED] - Quicksti.ts:Entered'6100000 into Bureau code

2020-10-16 16:42:59 - [TEST_STEP][PASSED] - utilities.SafeActions.safeType(findTestObject("CERTPAY_QUICKSTI/Login_ Page/TELLER_ID"), teller_id, "Bureau code", [pageLoadTime]): Quicksti.ts:Entered'zenq into Bureau code

2020-10-16 16:42:59 - [MESSAGE][PASSED] - Object 'Object Repository/CERTPAY_QUICKSTI/Login_ Page/TELLER_ID' is present

2020-10-16 16:42:59 - [MESSAGE][PASSED] - Object 'Object Repository/CERTPAY_QUICKSTI/Login_ Page/TELLER_ID' is visible

2020-10-16 16:43:00 - [MESSAGE][PASSED] - Object 'Object Repository/CERTPAY_QUICKSTI/Login_ Page/TELLER_ID' is present

2020-10-16 16:43:01 - [MESSAGE][PASSED] - Text 'zenq' is set on object 'Object Repository/CERTPAY_QUICKSTI/Login_ Page/TELLER_ID'

2020-10-16 16:43:01 - [MESSAGE][PASSED] - Quicksti.ts:Entered'zenq into Bureau code

2020-10-16 16:43:01 - [TEST_STEP][PASSED] - utilities.SafeActions.safeClick(findTestObject("CERTPAY_QUICKSTI/Login_ Page/NEXT_BUTTON"), "Next button", [pageLoadTime]): Quicksti.ts:Clicked on the Next button

2020-10-16 16:43:01 - [MESSAGE][INFO] - safeClicking

2020-10-16 16:43:01 - [MESSAGE][PASSED] - Object 'Object Repository/CERTPAY_QUICKSTI/Login_ Page/NEXT_BUTTON' is present

2020-10-16 16:43:02 - [MESSAGE][PASSED] - Object 'Object Repository/CERTPAY_QUICKSTI/Login_ Page/NEXT_BUTTON' is clickable

2020-10-16 16:43:06 - [MESSAGE][PASSED] - Object: 'Object Repository/CERTPAY_QUICKSTI/Login_ Page/NEXT_BUTTON' is clicked on

2020-10-16 16:43:06 - [MESSAGE][PASSED] - Quicksti.ts:Clicked on the Next button

2020-10-16 16:43:06 - [TEST_STEP][PASSED] - utilities.SafeActions.safeClick(findTestObject("CERTPAY_QUICKSTI/Payment_Information_Page/MANUAL_ENTRY_BUTTON"), "ManualEntry", [pageLoadTime]): Quicksti.ts:Clicked on the ManualEntry

2020-10-16 16:43:06 - [MESSAGE][INFO] - safeClicking

2020-10-16 16:43:07 - [MESSAGE][PASSED] - Object 'Object Repository/CERTPAY_QUICKSTI/Payment_Information_Page/MANUAL_ENTRY_BUTTON' is present

2020-10-16 16:43:07 - [MESSAGE][PASSED] - Object 'Object Repository/CERTPAY_QUICKSTI/Payment_Information_Page/MANUAL_ENTRY_BUTTON' is clickable

2020-10-16 16:43:09 - [MESSAGE][PASSED] - Object: 'Object Repository/CERTPAY_QUICKSTI/Payment_Information_Page/MANUAL_ENTRY_BUTTON' is clicked on

2020-10-16 16:43:09 - [MESSAGE][PASSED] - Quicksti.ts:Clicked on the ManualEntry

2020-10-16 16:43:09 - [TEST_STEP][PASSED] - CardNumber = pages.Quicksti.setUserPaymentDetails(firstName, lastName, cardNum): Quicksti.ts:Entered'5154623208647646 into CardNum

2020-10-16 16:43:10 - [MESSAGE][PASSED] - Object 'Object Repository/CERTPAY_QUICKSTI/Payment_Information_Page/FIRST_NAME' is present

2020-10-16 16:43:10 - [MESSAGE][PASSED] - Object 'Object Repository/CERTPAY_QUICKSTI/Payment_Information_Page/FIRST_NAME' is visible

2020-10-16 16:43:11 - [MESSAGE][PASSED] - Object 'Object Repository/CERTPAY_QUICKSTI/Payment_Information_Page/FIRST_NAME' is present

2020-10-16 16:43:12 - [MESSAGE][PASSED] - Text 'Tester' is set on object 'Object Repository/CERTPAY_QUICKSTI/Payment_Information_Page/FIRST_NAME'

2020-10-16 16:43:12 - [MESSAGE][PASSED] - Quicksti.ts:Entered'Tester into FirstName

2020-10-16 16:43:13 - [MESSAGE][PASSED] - Object 'Object Repository/CERTPAY_QUICKSTI/Payment_Information_Page/LAST_NAME' is present

2020-10-16 16:43:13 - [MESSAGE][PASSED] - Object 'Object Repository/CERTPAY_QUICKSTI/Payment_Information_Page/LAST_NAME' is visible

2020-10-16 16:43:13 - [MESSAGE][PASSED] - Object 'Object Repository/CERTPAY_QUICKSTI/Payment_Information_Page/LAST_NAME' is present

2020-10-16 16:43:15 - [MESSAGE][PASSED] - Text 'Zenq1' is set on object 'Object Repository/CERTPAY_QUICKSTI/Payment_Information_Page/LAST_NAME'

2020-10-16 16:43:15 - [MESSAGE][PASSED] - Quicksti.ts:Entered'Zenq1 into LAstName

2020-10-16 16:43:15 - [MESSAGE][PASSED] - Object 'Object Repository/CERTPAY_QUICKSTI/Payment_Information_Page/CARD_NUMBER' is present

2020-10-16 16:43:16 - [MESSAGE][PASSED] - Object 'Object Repository/CERTPAY_QUICKSTI/Payment_Information_Page/CARD_NUMBER' is visible

2020-10-16 16:43:16 - [MESSAGE][PASSED] - Object 'Object Repository/CERTPAY_QUICKSTI/Payment_Information_Page/CARD_NUMBER' is present

2020-10-16 16:43:17 - [MESSAGE][PASSED] - Text '5154623208647646' is set on object 'Object Repository/CERTPAY_QUICKSTI/Payment_Information_Page/CARD_NUMBER'

2020-10-16 16:43:17 - [MESSAGE][PASSED] - Quicksti.ts:Entered'5154623208647646 into CardNum

2020-10-16 16:43:17 - [TEST_STEP][PASSED] - utilities.SafeActions.safeSelectOptionInDropdownByVisibleText(findTestObject("CERTPAY_QUICKSTI/Payment_Information_Page/PAYMENT_TYPE"), paymentType, "paymentType", [pageLoadTime]): selected dropdown option by visible text  Giftsfrom paymentType

2020-10-16 16:43:17 - [MESSAGE][PASSED] - Object 'Object Repository/CERTPAY_QUICKSTI/Payment_Information_Page/PAYMENT_TYPE' is visible

2020-10-16 16:43:18 - [MESSAGE][PASSED] - Object 'Object Repository/CERTPAY_QUICKSTI/Payment_Information_Page/PAYMENT_TYPE' is present

2020-10-16 16:43:19 - [MESSAGE][PASSED] - Object: 'Object Repository/CERTPAY_QUICKSTI/Payment_Information_Page/PAYMENT_TYPE' is clicked on

2020-10-16 16:43:22 - [MESSAGE][PASSED] - All options with label 'Gifts' are selected in object 'Object Repository/CERTPAY_QUICKSTI/Payment_Information_Page/PAYMENT_TYPE'  using regular expression

2020-10-16 16:43:22 - [MESSAGE][PASSED] - selected dropdown option by visible text  Giftsfrom paymentType

2020-10-16 16:43:22 - [TEST_STEP][PASSED] - pages.Quicksti.setExpDate(expMonth, expYear, securityCode): Quicksti.ts:Entered'207 into securityCode

2020-10-16 16:43:23 - [MESSAGE][PASSED] - Object 'Object Repository/CERTPAY_QUICKSTI/Payment_Information_Page/EXP_MONTH' is visible

2020-10-16 16:43:23 - [MESSAGE][PASSED] - Object 'Object Repository/CERTPAY_QUICKSTI/Payment_Information_Page/EXP_MONTH' is present

2020-10-16 16:43:24 - [MESSAGE][PASSED] - Object: 'Object Repository/CERTPAY_QUICKSTI/Payment_Information_Page/EXP_MONTH' is clicked on

2020-10-16 16:43:26 - [MESSAGE][PASSED] - All options with label '04' are selected in object 'Object Repository/CERTPAY_QUICKSTI/Payment_Information_Page/EXP_MONTH'  using regular expression

2020-10-16 16:43:26 - [MESSAGE][PASSED] - selected dropdown option by visible text  04from expMonth

2020-10-16 16:43:27 - [MESSAGE][PASSED] - Object 'Object Repository/CERTPAY_QUICKSTI/Payment_Information_Page/EXP_YEAR' is visible

2020-10-16 16:43:27 - [MESSAGE][PASSED] - Object 'Object Repository/CERTPAY_QUICKSTI/Payment_Information_Page/EXP_YEAR' is present

2020-10-16 16:43:28 - [MESSAGE][PASSED] - Object: 'Object Repository/CERTPAY_QUICKSTI/Payment_Information_Page/EXP_YEAR' is clicked on

2020-10-16 16:43:30 - [MESSAGE][PASSED] - All options with label '2023' are selected in object 'Object Repository/CERTPAY_QUICKSTI/Payment_Information_Page/EXP_YEAR'  using regular expression

2020-10-16 16:43:30 - [MESSAGE][PASSED] - selected dropdown option by visible text  2023from  expYear

2020-10-16 16:43:30 - [MESSAGE][PASSED] - Object 'Object Repository/CERTPAY_QUICKSTI/Payment_Information_Page/SECURITY_CODE' is present

2020-10-16 16:43:31 - [MESSAGE][PASSED] - Object 'Object Repository/CERTPAY_QUICKSTI/Payment_Information_Page/SECURITY_CODE' is visible

2020-10-16 16:43:31 - [MESSAGE][PASSED] - Object 'Object Repository/CERTPAY_QUICKSTI/Payment_Information_Page/SECURITY_CODE' is present

2020-10-16 16:43:32 - [MESSAGE][PASSED] - Text '207' is set on object 'Object Repository/CERTPAY_QUICKSTI/Payment_Information_Page/SECURITY_CODE'

2020-10-16 16:43:32 - [MESSAGE][PASSED] - Quicksti.ts:Entered'207 into securityCode

2020-10-16 16:43:32 - [TEST_STEP][PASSED] - pages.Quicksti.setPaymentAmountDetailsForSinglePayment(paymentAmount, quantity): Quicksti.ts:Entered'2 into Quantity

2020-10-16 16:43:33 - [MESSAGE][PASSED] - Object 'Object Repository/CERTPAY_QUICKSTI/Payment_Information_Page/PAYMENT_AMOUNT' is present

2020-10-16 16:43:33 - [MESSAGE][PASSED] - Object 'Object Repository/CERTPAY_QUICKSTI/Payment_Information_Page/PAYMENT_AMOUNT' is visible

2020-10-16 16:43:33 - [MESSAGE][PASSED] - Object 'Object Repository/CERTPAY_QUICKSTI/Payment_Information_Page/PAYMENT_AMOUNT' is present

2020-10-16 16:43:35 - [MESSAGE][PASSED] - Text '25.00' is set on object 'Object Repository/CERTPAY_QUICKSTI/Payment_Information_Page/PAYMENT_AMOUNT'

2020-10-16 16:43:35 - [MESSAGE][PASSED] - Quicksti.ts:Entered'25.00 into amount

2020-10-16 16:43:35 - [MESSAGE][PASSED] - Object 'Object Repository/CERTPAY_QUICKSTI/Payment_Information_Page/QUANTITY' is present

2020-10-16 16:43:36 - [MESSAGE][PASSED] - Object 'Object Repository/CERTPAY_QUICKSTI/Payment_Information_Page/QUANTITY' is visible

2020-10-16 16:43:36 - [MESSAGE][PASSED] - Object 'Object Repository/CERTPAY_QUICKSTI/Payment_Information_Page/QUANTITY' is present

2020-10-16 16:43:37 - [MESSAGE][PASSED] - Text '2' is set on object 'Object Repository/CERTPAY_QUICKSTI/Payment_Information_Page/QUANTITY'

2020-10-16 16:43:37 - [MESSAGE][PASSED] - Quicksti.ts:Entered'2 into Quantity

2020-10-16 16:43:37 - [TEST_STEP][PASSED] - utilities.SafeActions.safeType(findTestObject("CERTPAY_QUICKSTI/Payment_Information_Page/REFRENCE_NUMBER"), referenceNum, "Reference Number", [pageLoadTime]): Quicksti.ts:Entered'12 into Reference Number

2020-10-16 16:43:38 - [MESSAGE][PASSED] - Object 'Object Repository/CERTPAY_QUICKSTI/Payment_Information_Page/REFRENCE_NUMBER' is present

2020-10-16 16:43:38 - [MESSAGE][PASSED] - Object 'Object Repository/CERTPAY_QUICKSTI/Payment_Information_Page/REFRENCE_NUMBER' is visible

2020-10-16 16:43:38 - [MESSAGE][PASSED] - Object 'Object Repository/CERTPAY_QUICKSTI/Payment_Information_Page/REFRENCE_NUMBER' is present

2020-10-16 16:43:39 - [MESSAGE][PASSED] - Text '12' is set on object 'Object Repository/CERTPAY_QUICKSTI/Payment_Information_Page/REFRENCE_NUMBER'

2020-10-16 16:43:39 - [MESSAGE][PASSED] - Quicksti.ts:Entered'12 into Reference Number

2020-10-16 16:43:39 - [TEST_STEP][PASSED] - amount_Value = pages.Quicksti.getAttributeValue(findTestObject("CERTPAY_QUICKSTI/Payment_Information_Page/SUB_TOTAL")): pages.Quicksti.getAttributeValue is PASSED

2020-10-16 16:43:40 - [MESSAGE][PASSED] - Attribute 'value' of object 'Object Repository/CERTPAY_QUICKSTI/Payment_Information_Page/SUB_TOTAL' is: '50.00'

2020-10-16 16:43:40 - [MESSAGE][PASSED] - pages.Quicksti.getAttributeValue is PASSED

2020-10-16 16:43:40 - [TEST_STEP][PASSED] - utilities.SafeActions.safeType(findTestObject("CERTPAY_QUICKSTI/Payment_Information_Page/COMMENTS"), "Testing", "Comments", [pageLoadTime]): Quicksti.ts:Entered'Testing into Comments

2020-10-16 16:43:40 - [MESSAGE][PASSED] - Object 'Object Repository/CERTPAY_QUICKSTI/Payment_Information_Page/COMMENTS' is present

2020-10-16 16:43:41 - [MESSAGE][PASSED] - Object 'Object Repository/CERTPAY_QUICKSTI/Payment_Information_Page/COMMENTS' is visible

2020-10-16 16:43:41 - [MESSAGE][PASSED] - Object 'Object Repository/CERTPAY_QUICKSTI/Payment_Information_Page/COMMENTS' is present

2020-10-16 16:43:42 - [MESSAGE][PASSED] - Text 'Testing' is set on object 'Object Repository/CERTPAY_QUICKSTI/Payment_Information_Page/COMMENTS'

2020-10-16 16:43:42 - [MESSAGE][PASSED] - Quicksti.ts:Entered'Testing into Comments

2020-10-16 16:43:42 - [TEST_STEP][PASSED] - utilities.SafeActions.safeType(findTestObject("CERTPAY_QUICKSTI/Payment_Information_Page/ADDRESS"), address, "Address", [pageLoadTime]): Quicksti.ts:Entered'14-2 into Address

2020-10-16 16:43:43 - [MESSAGE][PASSED] - Object 'Object Repository/CERTPAY_QUICKSTI/Payment_Information_Page/ADDRESS' is present

2020-10-16 16:43:43 - [MESSAGE][PASSED] - Object 'Object Repository/CERTPAY_QUICKSTI/Payment_Information_Page/ADDRESS' is visible

2020-10-16 16:43:43 - [MESSAGE][PASSED] - Object 'Object Repository/CERTPAY_QUICKSTI/Payment_Information_Page/ADDRESS' is present

2020-10-16 16:43:44 - [MESSAGE][PASSED] - Text '14-2' is set on object 'Object Repository/CERTPAY_QUICKSTI/Payment_Information_Page/ADDRESS'

2020-10-16 16:43:44 - [MESSAGE][PASSED] - Quicksti.ts:Entered'14-2 into Address

2020-10-16 16:43:44 - [TEST_STEP][PASSED] - utilities.SafeActions.safeType(findTestObject("CERTPAY_QUICKSTI/Payment_Information_Page/ZIP_CODE"), zipCode, "zipcode", [pageLoadTime]): Quicksti.ts:Entered'76102 into zipcode

2020-10-16 16:43:45 - [MESSAGE][PASSED] - Object 'Object Repository/CERTPAY_QUICKSTI/Payment_Information_Page/ZIP_CODE' is present

2020-10-16 16:43:45 - [MESSAGE][PASSED] - Object 'Object Repository/CERTPAY_QUICKSTI/Payment_Information_Page/ZIP_CODE' is visible

2020-10-16 16:43:45 - [MESSAGE][PASSED] - Object 'Object Repository/CERTPAY_QUICKSTI/Payment_Information_Page/ZIP_CODE' is present

2020-10-16 16:43:47 - [MESSAGE][PASSED] - Text '76102' is set on object 'Object Repository/CERTPAY_QUICKSTI/Payment_Information_Page/ZIP_CODE'

2020-10-16 16:43:47 - [MESSAGE][PASSED] - Quicksti.ts:Entered'76102 into zipcode

2020-10-16 16:43:47 - [TEST_STEP][PASSED] - utilities.SafeActions.safeType(findTestObject("CERTPAY_QUICKSTI/Payment_Information_Page/TELEPHONE"), telephone, "Telephone", [pageLoadTime]): Quicksti.ts:Entered'9989897654 into Telephone

2020-10-16 16:43:47 - [MESSAGE][PASSED] - Object 'Object Repository/CERTPAY_QUICKSTI/Payment_Information_Page/TELEPHONE' is present

2020-10-16 16:43:47 - [MESSAGE][PASSED] - Object 'Object Repository/CERTPAY_QUICKSTI/Payment_Information_Page/TELEPHONE' is visible

2020-10-16 16:43:48 - [MESSAGE][PASSED] - Object 'Object Repository/CERTPAY_QUICKSTI/Payment_Information_Page/TELEPHONE' is present

2020-10-16 16:43:49 - [MESSAGE][PASSED] - Text '9989897654' is set on object 'Object Repository/CERTPAY_QUICKSTI/Payment_Information_Page/TELEPHONE'

2020-10-16 16:43:49 - [MESSAGE][PASSED] - Quicksti.ts:Entered'9989897654 into Telephone

2020-10-16 16:43:49 - [TEST_STEP][PASSED] - utilities.SafeActions.safeType(findTestObject("CERTPAY_QUICKSTI/Payment_Information_Page/EMAIL_ADDRESS"), emailAddress, "EMAIL address", [pageLoadTime]): Quicksti.ts:Entered'testing@zenq.com into EMAIL address

2020-10-16 16:43:49 - [MESSAGE][PASSED] - Object 'Object Repository/CERTPAY_QUICKSTI/Payment_Information_Page/EMAIL_ADDRESS' is present

2020-10-16 16:43:50 - [MESSAGE][PASSED] - Object 'Object Repository/CERTPAY_QUICKSTI/Payment_Information_Page/EMAIL_ADDRESS' is visible

2020-10-16 16:43:56 - [MESSAGE][PASSED] - Object 'Object Repository/CERTPAY_QUICKSTI/Payment_Information_Page/EMAIL_ADDRESS' is present

2020-10-16 16:44:01 - [MESSAGE][PASSED] - Text 'testing@zenq.com' is set on object 'Object Repository/CERTPAY_QUICKSTI/Payment_Information_Page/EMAIL_ADDRESS'

2020-10-16 16:44:01 - [MESSAGE][PASSED] - Quicksti.ts:Entered'testing@zenq.com into EMAIL address

2020-10-16 16:44:01 - [TEST_STEP][PASSED] - utilities.SafeActions.safeClick(findTestObject("CERTPAY_QUICKSTI/Payment_Information_Page/NEXT_BUTTON"), "Next", [pageLoadTime]): Quicksti.ts:Clicked on the Next

2020-10-16 16:44:01 - [MESSAGE][INFO] - safeClicking

2020-10-16 16:44:02 - [MESSAGE][PASSED] - Object 'Object Repository/CERTPAY_QUICKSTI/Payment_Information_Page/NEXT_BUTTON' is present

2020-10-16 16:44:04 - [MESSAGE][PASSED] - Object 'Object Repository/CERTPAY_QUICKSTI/Payment_Information_Page/NEXT_BUTTON' is clickable

2020-10-16 16:44:10 - [MESSAGE][PASSED] - Object: 'Object Repository/CERTPAY_QUICKSTI/Payment_Information_Page/NEXT_BUTTON' is clicked on

2020-10-16 16:44:10 - [MESSAGE][PASSED] - Quicksti.ts:Clicked on the Next

2020-10-16 16:44:10 - [TEST_STEP][PASSED] - pages.Quicksti.verifyUserPaymentDetails(paymentAmount, firstName, lastName, CardNumber): pages.Quicksti.verifyUserPaymentDetails is PASSED

2020-10-16 16:44:11 - [MESSAGE][PASSED] - Text of object 'Object Repository/CERTPAY_QUICKSTI/Payment_Details_Verification_Page/AMOUNT' is: '$25.00'

2020-10-16 16:44:11 - [MESSAGE][PASSED] - Actual text '25.00' and expected text '25.00' are matched  using regular expression

2020-10-16 16:44:13 - [MESSAGE][PASSED] - Text of object 'Object Repository/CERTPAY_QUICKSTI/Payment_Details_Verification_Page/NAME' is: 'Tester Zenq1'

2020-10-16 16:44:13 - [MESSAGE][PASSED] - Actual text 'Tester Zenq1' and expected text 'Tester Zenq1' are matched  using regular expression

2020-10-16 16:44:15 - [MESSAGE][PASSED] - Text of object 'Object Repository/CERTPAY_QUICKSTI/Payment_Details_Verification_Page/CARD_NUMBER' is: '...7646'

2020-10-16 16:44:15 - [MESSAGE][PASSED] - Actual text '7646' and expected text '7646' are matched  using regular expression

2020-10-16 16:44:15 - [MESSAGE][PASSED] - pages.Quicksti.verifyUserPaymentDetails is PASSED

2020-10-16 16:44:15 - [TEST_STEP][PASSED] - delay(2): Delayed 2 second(s)

2020-10-16 16:44:17 - [MESSAGE][PASSED] - Delayed 2 second(s)

2020-10-16 16:44:17 - [TEST_STEP][PASSED] - ConvFee = getText(findTestObject("CERTPAY_QUICKSTI/Payment_Information_Page/CONV_FEE")): Text of object 'Object Repository/CERTPAY_QUICKSTI/Payment_Information_Page/CONV_FEE' is: '$4.95'

2020-10-16 16:44:19 - [MESSAGE][PASSED] - Text of object 'Object Repository/CERTPAY_QUICKSTI/Payment_Information_Page/CONV_FEE' is: '$4.95'

2020-10-16 16:44:19 - [TEST_STEP][PASSED] - scrollToElement(findTestObject("CERTPAY_QUICKSTI/Payment_Details_Verification_Page/PROCESS"), 0): Scroll to object 'Object Repository/CERTPAY_QUICKSTI/Payment_Details_Verification_Page/PROCESS' successfully

2020-10-16 16:44:19 - [MESSAGE][WARNING] - Timeout '0' is invalid. Using default page load timeout: '30'

2020-10-16 16:44:21 - [MESSAGE][PASSED] - Scroll to object 'Object Repository/CERTPAY_QUICKSTI/Payment_Details_Verification_Page/PROCESS' successfully

2020-10-16 16:44:21 - [TEST_STEP][PASSED] - utilities.SafeActions.safeClick(findTestObject("CERTPAY_QUICKSTI/Payment_Details_Verification_Page/PROCESS"), "Process", [pageLoadTime]): Quicksti.ts:Clicked on the Process

2020-10-16 16:44:21 - [MESSAGE][INFO] - safeClicking

2020-10-16 16:44:23 - [MESSAGE][PASSED] - Object 'Object Repository/CERTPAY_QUICKSTI/Payment_Details_Verification_Page/PROCESS' is present

2020-10-16 16:44:25 - [MESSAGE][PASSED] - Object 'Object Repository/CERTPAY_QUICKSTI/Payment_Details_Verification_Page/PROCESS' is clickable

2020-10-16 16:44:29 - [MESSAGE][PASSED] - Object: 'Object Repository/CERTPAY_QUICKSTI/Payment_Details_Verification_Page/PROCESS' is clicked on

2020-10-16 16:44:29 - [MESSAGE][PASSED] - Quicksti.ts:Clicked on the Process

2020-10-16 16:44:29 - [TEST_STEP][FAILED] - paymentId = pages.Quicksti.verifyPaymentApproval(findTestObject("CERTPAY_QUICKSTI/Payment_Details_Verification_Page/APPROVED")): Unable to get text of object 'Object Repository/CERTPAY_QUICKSTI/Payment_Details_Verification_Page/PAYMENT_ID'

2020-10-16 16:45:10 - [MESSAGE][INFO] - Unable to find the element located by 'By.xpath: //*[@id="BureauTable000"]/tbody/tr[3]/td[1]/span[5]'. Please recheck the objects properties to make sure the desired element is located. 

2020-10-16 16:45:11 - [MESSAGE][FAILED] - Unable to get text of object 'Object Repository/CERTPAY_QUICKSTI/Payment_Details_Verification_Page/PAYMENT_ID' (Root cause: com.kms.katalon.core.exception.StepFailedException: Unable to get text of object 'Object Repository/CERTPAY_QUICKSTI/Payment_Details_Verification_Page/PAYMENT_ID'
	at com.kms.katalon.core.webui.keyword.internal.WebUIKeywordMain.stepFailed(WebUIKeywordMain.groovy:64)
	at com.kms.katalon.core.webui.keyword.internal.WebUIKeywordMain.runKeyword(WebUIKeywordMain.groovy:26)
	at com.kms.katalon.core.webui.keyword.builtin.GetTextKeyword.getText(GetTextKeyword.groovy:88)
	at com.kms.katalon.core.webui.keyword.builtin.GetTextKeyword.execute(GetTextKeyword.groovy:67)
	at com.kms.katalon.core.keyword.internal.KeywordExecutor.executeKeywordForPlatform(KeywordExecutor.groovy:72)
	at com.kms.katalon.core.webui.keyword.WebUiBuiltInKeywords.getText(WebUiBuiltInKeywords.groovy:888)
	at com.kms.katalon.core.webui.keyword.WebUiBuiltInKeywords$getText$10.call(Unknown Source)
	at pages.Quicksti.verifyPaymentApproval(Quicksti.groovy:162)
	at pages.Quicksti.invokeMethod(Quicksti.groovy)
	at com.kms.katalon.core.main.CustomKeywordDelegatingMetaClass.invokeStaticMethod(CustomKeywordDelegatingMetaClass.java:50)
	at TC_001_SingleBureauSite_SingleLinePayment.run(TC_001_SingleBureauSite_SingleLinePayment:117)
	at com.kms.katalon.core.main.ScriptEngine.run(ScriptEngine.java:194)
	at com.kms.katalon.core.main.ScriptEngine.runScriptAsRawText(ScriptEngine.java:119)
	at com.kms.katalon.core.main.TestCaseExecutor.runScript(TestCaseExecutor.java:337)
	at com.kms.katalon.core.main.TestCaseExecutor.doExecute(TestCaseExecutor.java:328)
	at com.kms.katalon.core.main.TestCaseExecutor.processExecutionPhase(TestCaseExecutor.java:307)
	at com.kms.katalon.core.main.TestCaseExecutor.accessMainPhase(TestCaseExecutor.java:299)
	at com.kms.katalon.core.main.TestCaseExecutor.execute(TestCaseExecutor.java:233)
	at com.kms.katalon.core.main.TestSuiteExecutor.accessTestCaseMainPhase(TestSuiteExecutor.java:169)
	at com.kms.katalon.core.main.TestSuiteExecutor.accessTestSuiteMainPhase(TestSuiteExecutor.java:142)
	at com.kms.katalon.core.main.TestSuiteExecutor.execute(TestSuiteExecutor.java:91)
	at com.kms.katalon.core.main.TestCaseMain.startTestSuite(TestCaseMain.java:157)
	at com.kms.katalon.core.main.TestCaseMain$startTestSuite$0.call(Unknown Source)
	at TempTestSuite1602846612046.run(TempTestSuite1602846612046.groovy:36)
Caused by: com.kms.katalon.core.webui.exception.WebElementNotFoundException: Web element with id: 'Object Repository/CERTPAY_QUICKSTI/Payment_Details_Verification_Page/PAYMENT_ID' located by 'By.xpath: //*[@id="BureauTable000"]/tbody/tr[3]/td[1]/span[5]' not found
	at com.kms.katalon.core.webui.common.WebUiCommonHelper.findWebElement(WebUiCommonHelper.java:1154)
	at com.kms.katalon.core.webui.keyword.internal.WebUIAbstractKeyword.findWebElement(WebUIAbstractKeyword.groovy:27)
	at com.kms.katalon.core.webui.keyword.internal.WebUIAbstractKeyword.findWebElement(WebUIAbstractKeyword.groovy:26)
	at com.kms.katalon.core.webui.keyword.builtin.GetTextKeyword$_getText_closure1.doCall(GetTextKeyword.groovy:78)
	at com.kms.katalon.core.webui.keyword.builtin.GetTextKeyword$_getText_closure1.call(GetTextKeyword.groovy)
	at com.kms.katalon.core.webui.keyword.internal.WebUIKeywordMain.runKeyword(WebUIKeywordMain.groovy:20)
	at com.kms.katalon.core.webui.keyword.builtin.GetTextKeyword.getText(GetTextKeyword.groovy:88)
	at com.kms.katalon.core.webui.keyword.builtin.GetTextKeyword.execute(GetTextKeyword.groovy:67)
	at com.kms.katalon.core.keyword.internal.KeywordExecutor.executeKeywordForPlatform(KeywordExecutor.groovy:72)
	at com.kms.katalon.core.webui.keyword.WebUiBuiltInKeywords.getText(WebUiBuiltInKeywords.groovy:888)
	at com.kms.katalon.core.webui.keyword.WebUiBuiltInKeywords$getText$10.call(Unknown Source)
	at pages.Quicksti.verifyPaymentApproval(Quicksti.groovy:162)
	at pages.Quicksti.invokeMethod(Quicksti.groovy)
	at com.kms.katalon.core.main.CustomKeywordDelegatingMetaClass.invokeStaticMethod(CustomKeywordDelegatingMetaClass.java:50)
	at Script1572264684393.run(Script1572264684393.groovy:117)
	... 13 more
)
[[ATTACHMENT|E:\\Sush_Certpay\\Reports\\20201016_164011\\Certpay_testSuite\\Quicksti\\20201016_164012\\1602846910305.png]]

2020-10-16 16:45:11 - [MESSAGE][FAILED] - Unable to get text of object 'Object Repository/CERTPAY_QUICKSTI/Payment_Details_Verification_Page/PAYMENT_ID'

2020-10-16 16:45:11 - [TEST_STEP][PASSED] - Start listener action : afterTestCase: Browser is closed

2020-10-16 16:45:11 - [TEST_STEP][PASSED] - closeBrowser(): Browser is closed

2020-10-16 16:45:11 - [MESSAGE][PASSED] - Browser is closed]]></system-out>
         <system-err><![CDATA[2020-10-16 16:40:18 - [TEST_CASE][FAILED] - Test Cases/Certpay_Quicksti/TC_001_SingleBureauSite_SingleLinePayment: Test Cases/Certpay_Quicksti/TC_001_SingleBureauSite_SingleLinePayment FAILED.
Reason:
com.kms.katalon.core.exception.StepFailedException: Unable to get text of object 'Object Repository/CERTPAY_QUICKSTI/Payment_Details_Verification_Page/PAYMENT_ID'
	at com.kms.katalon.core.webui.keyword.internal.WebUIKeywordMain.stepFailed(WebUIKeywordMain.groovy:64)
	at com.kms.katalon.core.webui.keyword.internal.WebUIKeywordMain.runKeyword(WebUIKeywordMain.groovy:26)
	at com.kms.katalon.core.webui.keyword.builtin.GetTextKeyword.getText(GetTextKeyword.groovy:88)
	at com.kms.katalon.core.webui.keyword.builtin.GetTextKeyword.execute(GetTextKeyword.groovy:67)
	at com.kms.katalon.core.keyword.internal.KeywordExecutor.executeKeywordForPlatform(KeywordExecutor.groovy:72)
	at com.kms.katalon.core.webui.keyword.WebUiBuiltInKeywords.getText(WebUiBuiltInKeywords.groovy:888)
	at com.kms.katalon.core.webui.keyword.WebUiBuiltInKeywords$getText$10.call(Unknown Source)
	at pages.Quicksti.verifyPaymentApproval(Quicksti.groovy:162)
	at pages.Quicksti.invokeMethod(Quicksti.groovy)
	at com.kms.katalon.core.main.CustomKeywordDelegatingMetaClass.invokeStaticMethod(CustomKeywordDelegatingMetaClass.java:50)
	at TC_001_SingleBureauSite_SingleLinePayment.run(TC_001_SingleBureauSite_SingleLinePayment:117)
	at com.kms.katalon.core.main.ScriptEngine.run(ScriptEngine.java:194)
	at com.kms.katalon.core.main.ScriptEngine.runScriptAsRawText(ScriptEngine.java:119)
	at com.kms.katalon.core.main.TestCaseExecutor.runScript(TestCaseExecutor.java:337)
	at com.kms.katalon.core.main.TestCaseExecutor.doExecute(TestCaseExecutor.java:328)
	at com.kms.katalon.core.main.TestCaseExecutor.processExecutionPhase(TestCaseExecutor.java:307)
	at com.kms.katalon.core.main.TestCaseExecutor.accessMainPhase(TestCaseExecutor.java:299)
	at com.kms.katalon.core.main.TestCaseExecutor.execute(TestCaseExecutor.java:233)
	at com.kms.katalon.core.main.TestSuiteExecutor.accessTestCaseMainPhase(TestSuiteExecutor.java:169)
	at com.kms.katalon.core.main.TestSuiteExecutor.accessTestSuiteMainPhase(TestSuiteExecutor.java:142)
	at com.kms.katalon.core.main.TestSuiteExecutor.execute(TestSuiteExecutor.java:91)
	at com.kms.katalon.core.main.TestCaseMain.startTestSuite(TestCaseMain.java:157)
	at com.kms.katalon.core.main.TestCaseMain$startTestSuite$0.call(Unknown Source)
	at TempTestSuite1602846612046.run(TempTestSuite1602846612046.groovy:36)
Caused by: com.kms.katalon.core.webui.exception.WebElementNotFoundException: Web element with id: 'Object Repository/CERTPAY_QUICKSTI/Payment_Details_Verification_Page/PAYMENT_ID' located by 'By.xpath: //*[@id="BureauTable000"]/tbody/tr[3]/td[1]/span[5]' not found
	at com.kms.katalon.core.webui.common.WebUiCommonHelper.findWebElement(WebUiCommonHelper.java:1154)
	at com.kms.katalon.core.webui.keyword.internal.WebUIAbstractKeyword.findWebElement(WebUIAbstractKeyword.groovy:27)
	at com.kms.katalon.core.webui.keyword.internal.WebUIAbstractKeyword.findWebElement(WebUIAbstractKeyword.groovy:26)
	at com.kms.katalon.core.webui.keyword.builtin.GetTextKeyword$_getText_closure1.doCall(GetTextKeyword.groovy:78)
	at com.kms.katalon.core.webui.keyword.builtin.GetTextKeyword$_getText_closure1.call(GetTextKeyword.groovy)
	at com.kms.katalon.core.webui.keyword.internal.WebUIKeywordMain.runKeyword(WebUIKeywordMain.groovy:20)
	... 22 more]]></system-err>
      </testcase>
      <system-out><![CDATA[2020-10-16 16:40:18 - [TEST_SUITE][FAILED] - Quicksti: Test Cases/Certpay_Quicksti/TC_001_SingleBureauSite_SingleLinePayment FAILED.
Reason:
com.kms.katalon.core.exception.StepFailedException: Unable to get text of object 'Object Repository/CERTPAY_QUICKSTI/Payment_Details_Verification_Page/PAYMENT_ID'
	at com.kms.katalon.core.webui.keyword.internal.WebUIKeywordMain.stepFailed(WebUIKeywordMain.groovy:64)
	at com.kms.katalon.core.webui.keyword.internal.WebUIKeywordMain.runKeyword(WebUIKeywordMain.groovy:26)
	at com.kms.katalon.core.webui.keyword.builtin.GetTextKeyword.getText(GetTextKeyword.groovy:88)
	at com.kms.katalon.core.webui.keyword.builtin.GetTextKeyword.execute(GetTextKeyword.groovy:67)
	at com.kms.katalon.core.keyword.internal.KeywordExecutor.executeKeywordForPlatform(KeywordExecutor.groovy:72)
	at com.kms.katalon.core.webui.keyword.WebUiBuiltInKeywords.getText(WebUiBuiltInKeywords.groovy:888)
	at com.kms.katalon.core.webui.keyword.WebUiBuiltInKeywords$getText$10.call(Unknown Source)
	at pages.Quicksti.verifyPaymentApproval(Quicksti.groovy:162)
	at pages.Quicksti.invokeMethod(Quicksti.groovy)
	at com.kms.katalon.core.main.CustomKeywordDelegatingMetaClass.invokeStaticMethod(CustomKeywordDelegatingMetaClass.java:50)
	at TC_001_SingleBureauSite_SingleLinePayment.run(TC_001_SingleBureauSite_SingleLinePayment:117)
	at com.kms.katalon.core.main.ScriptEngine.run(ScriptEngine.java:194)
	at com.kms.katalon.core.main.ScriptEngine.runScriptAsRawText(ScriptEngine.java:119)
	at com.kms.katalon.core.main.TestCaseExecutor.runScript(TestCaseExecutor.java:337)
	at com.kms.katalon.core.main.TestCaseExecutor.doExecute(TestCaseExecutor.java:328)
	at com.kms.katalon.core.main.TestCaseExecutor.processExecutionPhase(TestCaseExecutor.java:307)
	at com.kms.katalon.core.main.TestCaseExecutor.accessMainPhase(TestCaseExecutor.java:299)
	at com.kms.katalon.core.main.TestCaseExecutor.execute(TestCaseExecutor.java:233)
	at com.kms.katalon.core.main.TestSuiteExecutor.accessTestCaseMainPhase(TestSuiteExecutor.java:169)
	at com.kms.katalon.core.main.TestSuiteExecutor.accessTestSuiteMainPhase(TestSuiteExecutor.java:142)
	at com.kms.katalon.core.main.TestSuiteExecutor.execute(TestSuiteExecutor.java:91)
	at com.kms.katalon.core.main.TestCaseMain.startTestSuite(TestCaseMain.java:157)
	at com.kms.katalon.core.main.TestCaseMain$startTestSuite$0.call(Unknown Source)
	at TempTestSuite1602846612046.run(TempTestSuite1602846612046.groovy:36)
Caused by: com.kms.katalon.core.webui.exception.WebElementNotFoundException: Web element with id: 'Object Repository/CERTPAY_QUICKSTI/Payment_Details_Verification_Page/PAYMENT_ID' located by 'By.xpath: //*[@id="BureauTable000"]/tbody/tr[3]/td[1]/span[5]' not found
	at com.kms.katalon.core.webui.common.WebUiCommonHelper.findWebElement(WebUiCommonHelper.java:1154)
	at com.kms.katalon.core.webui.keyword.internal.WebUIAbstractKeyword.findWebElement(WebUIAbstractKeyword.groovy:27)
	at com.kms.katalon.core.webui.keyword.internal.WebUIAbstractKeyword.findWebElement(WebUIAbstractKeyword.groovy:26)
	at com.kms.katalon.core.webui.keyword.builtin.GetTextKeyword$_getText_closure1.doCall(GetTextKeyword.groovy:78)
	at com.kms.katalon.core.webui.keyword.builtin.GetTextKeyword$_getText_closure1.call(GetTextKeyword.groovy)
	at com.kms.katalon.core.webui.keyword.internal.WebUIKeywordMain.runKeyword(WebUIKeywordMain.groovy:20)
	... 22 more]]></system-out>
      <system-err><![CDATA[2020-10-16 16:40:18 - [TEST_SUITE][FAILED] - Quicksti: Test Cases/Certpay_Quicksti/TC_001_SingleBureauSite_SingleLinePayment FAILED.
Reason:
com.kms.katalon.core.exception.StepFailedException: Unable to get text of object 'Object Repository/CERTPAY_QUICKSTI/Payment_Details_Verification_Page/PAYMENT_ID'
	at com.kms.katalon.core.webui.keyword.internal.WebUIKeywordMain.stepFailed(WebUIKeywordMain.groovy:64)
	at com.kms.katalon.core.webui.keyword.internal.WebUIKeywordMain.runKeyword(WebUIKeywordMain.groovy:26)
	at com.kms.katalon.core.webui.keyword.builtin.GetTextKeyword.getText(GetTextKeyword.groovy:88)
	at com.kms.katalon.core.webui.keyword.builtin.GetTextKeyword.execute(GetTextKeyword.groovy:67)
	at com.kms.katalon.core.keyword.internal.KeywordExecutor.executeKeywordForPlatform(KeywordExecutor.groovy:72)
	at com.kms.katalon.core.webui.keyword.WebUiBuiltInKeywords.getText(WebUiBuiltInKeywords.groovy:888)
	at com.kms.katalon.core.webui.keyword.WebUiBuiltInKeywords$getText$10.call(Unknown Source)
	at pages.Quicksti.verifyPaymentApproval(Quicksti.groovy:162)
	at pages.Quicksti.invokeMethod(Quicksti.groovy)
	at com.kms.katalon.core.main.CustomKeywordDelegatingMetaClass.invokeStaticMethod(CustomKeywordDelegatingMetaClass.java:50)
	at TC_001_SingleBureauSite_SingleLinePayment.run(TC_001_SingleBureauSite_SingleLinePayment:117)
	at com.kms.katalon.core.main.ScriptEngine.run(ScriptEngine.java:194)
	at com.kms.katalon.core.main.ScriptEngine.runScriptAsRawText(ScriptEngine.java:119)
	at com.kms.katalon.core.main.TestCaseExecutor.runScript(TestCaseExecutor.java:337)
	at com.kms.katalon.core.main.TestCaseExecutor.doExecute(TestCaseExecutor.java:328)
	at com.kms.katalon.core.main.TestCaseExecutor.processExecutionPhase(TestCaseExecutor.java:307)
	at com.kms.katalon.core.main.TestCaseExecutor.accessMainPhase(TestCaseExecutor.java:299)
	at com.kms.katalon.core.main.TestCaseExecutor.execute(TestCaseExecutor.java:233)
	at com.kms.katalon.core.main.TestSuiteExecutor.accessTestCaseMainPhase(TestSuiteExecutor.java:169)
	at com.kms.katalon.core.main.TestSuiteExecutor.accessTestSuiteMainPhase(TestSuiteExecutor.java:142)
	at com.kms.katalon.core.main.TestSuiteExecutor.execute(TestSuiteExecutor.java:91)
	at com.kms.katalon.core.main.TestCaseMain.startTestSuite(TestCaseMain.java:157)
	at com.kms.katalon.core.main.TestCaseMain$startTestSuite$0.call(Unknown Source)
	at TempTestSuite1602846612046.run(TempTestSuite1602846612046.groovy:36)
Caused by: com.kms.katalon.core.webui.exception.WebElementNotFoundException: Web element with id: 'Object Repository/CERTPAY_QUICKSTI/Payment_Details_Verification_Page/PAYMENT_ID' located by 'By.xpath: //*[@id="BureauTable000"]/tbody/tr[3]/td[1]/span[5]' not found
	at com.kms.katalon.core.webui.common.WebUiCommonHelper.findWebElement(WebUiCommonHelper.java:1154)
	at com.kms.katalon.core.webui.keyword.internal.WebUIAbstractKeyword.findWebElement(WebUIAbstractKeyword.groovy:27)
	at com.kms.katalon.core.webui.keyword.internal.WebUIAbstractKeyword.findWebElement(WebUIAbstractKeyword.groovy:26)
	at com.kms.katalon.core.webui.keyword.builtin.GetTextKeyword$_getText_closure1.doCall(GetTextKeyword.groovy:78)
	at com.kms.katalon.core.webui.keyword.builtin.GetTextKeyword$_getText_closure1.call(GetTextKeyword.groovy)
	at com.kms.katalon.core.webui.keyword.internal.WebUIKeywordMain.runKeyword(WebUIKeywordMain.groovy:20)
	... 22 more]]></system-err>
   </testsuite>
</testsuites>
