<?xml version="1.0" encoding="UTF-8"?>
<testsuites name="Quicksti_Samday_FullRefunds_Admin" time="513.32" tests="1" failures="0" errors="0">
   <testsuite name="Quicksti_Samday_FullRefunds_Admin" tests="1" failures="0" errors="0" time="513.32" timestamp="2020-10-13 13:56:51" hostname="admin - SYS8" id="Test Suites/Certpay_testSuite/Quicksti_Samday_FullRefunds_Admin">
      <properties>
         <property name="deviceName" value=""/>
         <property name="devicePlatform" value=""/>
         <property name="logFolder" value="E:\\Sush_Certpay\\Reports\\20201013_135638\\Certpay_testSuite\\Quicksti_Samday_FullRefunds_Admin\\20201013_135638"/>
         <property name="logFiles" value="E:\\Sush_Certpay\\Reports\\20201013_135638\\Certpay_testSuite\\Quicksti_Samday_FullRefunds_Admin\\20201013_135638\\execution0.log"/>
         <property name="attachments" value=""/>
         <property name="hostName" value="admin - SYS8"/>
         <property name="os" value="Windows 10 32bit"/>
         <property name="katalonVersion" value="7.1.2.1"/>
         <property name="browser" value="Chrome 86.0.4240.75"/>
         <property name="hostAddress" value="172.31.253.251"/>
         <property name="sessionId" value="444984a78677e3baf9d720ddb690df04"/>
         <property name="seleniumVersion" value="3.141.59"/>
         <property name="proxyInformation" value="ProxyInformation{proxyOption=NO_PROXY, proxyServerType=HTTP, password=, proxyServerAddress=, proxyServerPort=0, executionList=}"/>
         <property name="platform" value="Windows 10"/>
      </properties>
      <testcase name="Test Cases/SameDay_Refunds_Admin/TC_001_VISA_Sameday_FullRefund" time="512.727" classname="Test Cases/SameDay_Refunds_Admin/TC_001_VISA_Sameday_FullRefund" status="PASSED">
         <system-out><![CDATA[2020-10-13 13:56:51 - [TEST_CASE][PASSED] - Test Cases/SameDay_Refunds_Admin/TC_001_VISA_Sameday_FullRefund: Test Cases/SameDay_Refunds_Admin/TC_001_VISA_Sameday_FullRefund

2020-10-13 13:56:51 - [TEST_STEP][PASSED] - Start listener action : beforeTestCase: null

2020-10-13 13:56:51 - [TEST_STEP][PASSED] - data = findTestData("Data Files/Certpay/SingleBureau_SingleLine"): null

2020-10-13 13:56:52 - [TEST_STEP][PASSED] - paymentIdList = []: null

2020-10-13 13:56:52 - [TEST_STEP][PASSED] - for (def index : (1..data.getRowNumbers())): Delayed 2 second(s)

2020-10-13 13:56:52 - [TEST_STEP][PASSED] - firstName = data.getValue("FirstName", index): null

2020-10-13 13:56:52 - [TEST_STEP][PASSED] - lastName = data.getValue("LastName", index): null

2020-10-13 13:56:52 - [TEST_STEP][PASSED] - expMonth = data.getValue("ExpMonth", index): null

2020-10-13 13:56:52 - [TEST_STEP][PASSED] - expYear = data.getValue("ExpYear", index): null

2020-10-13 13:56:52 - [TEST_STEP][PASSED] - securityCode = data.getValue("SecurityCode", index): null

2020-10-13 13:56:52 - [TEST_STEP][PASSED] - paymentAmount = data.getValue("PaymentAmount", index): null

2020-10-13 13:56:52 - [TEST_STEP][PASSED] - paymentType = data.getValue("PaymentType", index): null

2020-10-13 13:56:52 - [TEST_STEP][PASSED] - quantity = data.getValue("Quantity", index): null

2020-10-13 13:56:52 - [TEST_STEP][PASSED] - comments = data.getValue("Comments", index): null

2020-10-13 13:56:52 - [TEST_STEP][PASSED] - referenceNum = data.getValue("ReferenceNum", index): null

2020-10-13 13:56:52 - [TEST_STEP][PASSED] - address = data.getValue("Address", index): null

2020-10-13 13:56:52 - [TEST_STEP][PASSED] - zipCode = data.getValue("Zipcode", index): null

2020-10-13 13:56:52 - [TEST_STEP][PASSED] - telephone = data.getValue("Telephone", index): null

2020-10-13 13:56:52 - [TEST_STEP][PASSED] - emailAddress = data.getValue("EmailAddress", index): null

2020-10-13 13:56:52 - [TEST_STEP][PASSED] - cardNum = data.getValue("CardNumber", index): null

2020-10-13 13:56:52 - [TEST_STEP][PASSED] - cardType = data.getValue("CardType", index): null

2020-10-13 13:56:52 - [TEST_STEP][PASSED] - utilities.SafeActions.openBrowser(Quicksti_Url, [pageLoadTime]): Browser launched successfully

2020-10-13 13:56:53 - [MESSAGE][INFO] - Opening Browser

2020-10-13 13:56:53 - [MESSAGE][INFO] - Starting 'Chrome' driver

2020-10-13 13:56:53 - [MESSAGE][INFO] - Action delay is set to 0 seconds

2020-10-13 13:57:08 - [MESSAGE][PASSED] - Browser is opened with url: 'https://qa-certpayquicksti.faps.net/'

2020-10-13 13:57:10 - [MESSAGE][PASSED] - Current window maximized

2020-10-13 13:57:10 - [MESSAGE][PASSED] - Browser launched successfully

2020-10-13 13:57:10 - [TEST_STEP][PASSED] - utilities.SafeActions.safeType(findTestObject("CERTPAY_QUICKSTI/Login_ Page/BUREAU_CODE"), bureau_code, "Bureau code", [pageLoadTime]): Quicksti_Samday_FullRefunds_Admin.ts:Entered'6100000 into Bureau code

2020-10-13 13:57:11 - [MESSAGE][PASSED] - Object 'Object Repository/CERTPAY_QUICKSTI/Login_ Page/BUREAU_CODE' is present

2020-10-13 13:57:11 - [MESSAGE][PASSED] - Object 'Object Repository/CERTPAY_QUICKSTI/Login_ Page/BUREAU_CODE' is visible

2020-10-13 13:57:12 - [MESSAGE][PASSED] - Object 'Object Repository/CERTPAY_QUICKSTI/Login_ Page/BUREAU_CODE' is present

2020-10-13 13:57:13 - [MESSAGE][PASSED] - Text '6100000' is set on object 'Object Repository/CERTPAY_QUICKSTI/Login_ Page/BUREAU_CODE'

2020-10-13 13:57:13 - [MESSAGE][PASSED] - Quicksti_Samday_FullRefunds_Admin.ts:Entered'6100000 into Bureau code

2020-10-13 13:57:13 - [TEST_STEP][PASSED] - utilities.SafeActions.safeType(findTestObject("CERTPAY_QUICKSTI/Login_ Page/TELLER_ID"), teller_id, "Bureau code", [pageLoadTime]): Quicksti_Samday_FullRefunds_Admin.ts:Entered'zenq into Bureau code

2020-10-13 13:57:14 - [MESSAGE][PASSED] - Object 'Object Repository/CERTPAY_QUICKSTI/Login_ Page/TELLER_ID' is present

2020-10-13 13:57:14 - [MESSAGE][PASSED] - Object 'Object Repository/CERTPAY_QUICKSTI/Login_ Page/TELLER_ID' is visible

2020-10-13 13:57:14 - [MESSAGE][PASSED] - Object 'Object Repository/CERTPAY_QUICKSTI/Login_ Page/TELLER_ID' is present

2020-10-13 13:57:16 - [MESSAGE][PASSED] - Text 'zenq' is set on object 'Object Repository/CERTPAY_QUICKSTI/Login_ Page/TELLER_ID'

2020-10-13 13:57:16 - [MESSAGE][PASSED] - Quicksti_Samday_FullRefunds_Admin.ts:Entered'zenq into Bureau code

2020-10-13 13:57:16 - [TEST_STEP][PASSED] - utilities.SafeActions.safeClick(findTestObject("CERTPAY_QUICKSTI/Login_ Page/NEXT_BUTTON"), "Next button", [pageLoadTime]): Quicksti_Samday_FullRefunds_Admin.ts:Clicked on the Next button

2020-10-13 13:57:16 - [MESSAGE][INFO] - safeClicking

2020-10-13 13:57:16 - [MESSAGE][PASSED] - Object 'Object Repository/CERTPAY_QUICKSTI/Login_ Page/NEXT_BUTTON' is present

2020-10-13 13:57:17 - [MESSAGE][PASSED] - Object 'Object Repository/CERTPAY_QUICKSTI/Login_ Page/NEXT_BUTTON' is clickable

2020-10-13 13:57:21 - [MESSAGE][PASSED] - Object: 'Object Repository/CERTPAY_QUICKSTI/Login_ Page/NEXT_BUTTON' is clicked on

2020-10-13 13:57:21 - [MESSAGE][PASSED] - Quicksti_Samday_FullRefunds_Admin.ts:Clicked on the Next button

2020-10-13 13:57:21 - [TEST_STEP][PASSED] - utilities.SafeActions.safeClick(findTestObject("CERTPAY_QUICKSTI/Payment_Information_Page/MANUAL_ENTRY_BUTTON"), "ManualEntry", [pageLoadTime]): Quicksti_Samday_FullRefunds_Admin.ts:Clicked on the ManualEntry

2020-10-13 13:57:21 - [MESSAGE][INFO] - safeClicking

2020-10-13 13:57:21 - [MESSAGE][PASSED] - Object 'Object Repository/CERTPAY_QUICKSTI/Payment_Information_Page/MANUAL_ENTRY_BUTTON' is present

2020-10-13 13:57:21 - [MESSAGE][PASSED] - Object 'Object Repository/CERTPAY_QUICKSTI/Payment_Information_Page/MANUAL_ENTRY_BUTTON' is clickable

2020-10-13 13:57:23 - [MESSAGE][PASSED] - Object: 'Object Repository/CERTPAY_QUICKSTI/Payment_Information_Page/MANUAL_ENTRY_BUTTON' is clicked on

2020-10-13 13:57:23 - [MESSAGE][PASSED] - Quicksti_Samday_FullRefunds_Admin.ts:Clicked on the ManualEntry

2020-10-13 13:57:23 - [TEST_STEP][PASSED] - CardNumber = pages.Quicksti.setUserPaymentDetails(firstName, lastName, cardNum): Quicksti_Samday_FullRefunds_Admin.ts:Entered'4761739001010135 into CardNum

2020-10-13 13:57:24 - [MESSAGE][PASSED] - Object 'Object Repository/CERTPAY_QUICKSTI/Payment_Information_Page/FIRST_NAME' is present

2020-10-13 13:57:24 - [MESSAGE][PASSED] - Object 'Object Repository/CERTPAY_QUICKSTI/Payment_Information_Page/FIRST_NAME' is visible

2020-10-13 13:57:24 - [MESSAGE][PASSED] - Object 'Object Repository/CERTPAY_QUICKSTI/Payment_Information_Page/FIRST_NAME' is present

2020-10-13 13:57:26 - [MESSAGE][PASSED] - Text 'Tester' is set on object 'Object Repository/CERTPAY_QUICKSTI/Payment_Information_Page/FIRST_NAME'

2020-10-13 13:57:26 - [MESSAGE][PASSED] - Quicksti_Samday_FullRefunds_Admin.ts:Entered'Tester into FirstName

2020-10-13 13:57:26 - [MESSAGE][PASSED] - Object 'Object Repository/CERTPAY_QUICKSTI/Payment_Information_Page/LAST_NAME' is present

2020-10-13 13:57:26 - [MESSAGE][PASSED] - Object 'Object Repository/CERTPAY_QUICKSTI/Payment_Information_Page/LAST_NAME' is visible

2020-10-13 13:57:27 - [MESSAGE][PASSED] - Object 'Object Repository/CERTPAY_QUICKSTI/Payment_Information_Page/LAST_NAME' is present

2020-10-13 13:57:28 - [MESSAGE][PASSED] - Text 'Zenq1' is set on object 'Object Repository/CERTPAY_QUICKSTI/Payment_Information_Page/LAST_NAME'

2020-10-13 13:57:28 - [MESSAGE][PASSED] - Quicksti_Samday_FullRefunds_Admin.ts:Entered'Zenq1 into LAstName

2020-10-13 13:57:28 - [MESSAGE][PASSED] - Object 'Object Repository/CERTPAY_QUICKSTI/Payment_Information_Page/CARD_NUMBER' is present

2020-10-13 13:57:28 - [MESSAGE][PASSED] - Object 'Object Repository/CERTPAY_QUICKSTI/Payment_Information_Page/CARD_NUMBER' is visible

2020-10-13 13:57:29 - [MESSAGE][PASSED] - Object 'Object Repository/CERTPAY_QUICKSTI/Payment_Information_Page/CARD_NUMBER' is present

2020-10-13 13:57:30 - [MESSAGE][PASSED] - Text '4761739001010135' is set on object 'Object Repository/CERTPAY_QUICKSTI/Payment_Information_Page/CARD_NUMBER'

2020-10-13 13:57:30 - [MESSAGE][PASSED] - Quicksti_Samday_FullRefunds_Admin.ts:Entered'4761739001010135 into CardNum

2020-10-13 13:57:30 - [TEST_STEP][PASSED] - utilities.SafeActions.safeSelectOptionInDropdownByVisibleText(findTestObject("CERTPAY_QUICKSTI/Payment_Information_Page/PAYMENT_TYPE"), paymentType, "paymentType", [pageLoadTime]): selected dropdown option by visible text  Taxesfrom paymentType

2020-10-13 13:57:30 - [MESSAGE][PASSED] - Object 'Object Repository/CERTPAY_QUICKSTI/Payment_Information_Page/PAYMENT_TYPE' is visible

2020-10-13 13:57:31 - [MESSAGE][PASSED] - Object 'Object Repository/CERTPAY_QUICKSTI/Payment_Information_Page/PAYMENT_TYPE' is present

2020-10-13 13:57:32 - [MESSAGE][PASSED] - Object: 'Object Repository/CERTPAY_QUICKSTI/Payment_Information_Page/PAYMENT_TYPE' is clicked on

2020-10-13 13:57:33 - [MESSAGE][PASSED] - All options with label 'Taxes' are selected in object 'Object Repository/CERTPAY_QUICKSTI/Payment_Information_Page/PAYMENT_TYPE'  using regular expression

2020-10-13 13:57:33 - [MESSAGE][PASSED] - selected dropdown option by visible text  Taxesfrom paymentType

2020-10-13 13:57:33 - [TEST_STEP][PASSED] - pages.Quicksti.setExpDate(expMonth, expYear, securityCode): Quicksti_Samday_FullRefunds_Admin.ts:Entered'207 into securityCode

2020-10-13 13:57:34 - [MESSAGE][PASSED] - Object 'Object Repository/CERTPAY_QUICKSTI/Payment_Information_Page/EXP_MONTH' is visible

2020-10-13 13:57:34 - [MESSAGE][PASSED] - Object 'Object Repository/CERTPAY_QUICKSTI/Payment_Information_Page/EXP_MONTH' is present

2020-10-13 13:57:36 - [MESSAGE][PASSED] - Object: 'Object Repository/CERTPAY_QUICKSTI/Payment_Information_Page/EXP_MONTH' is clicked on

2020-10-13 13:57:37 - [MESSAGE][PASSED] - All options with label '03' are selected in object 'Object Repository/CERTPAY_QUICKSTI/Payment_Information_Page/EXP_MONTH'  using regular expression

2020-10-13 13:57:37 - [MESSAGE][PASSED] - selected dropdown option by visible text  03from expMonth

2020-10-13 13:57:37 - [MESSAGE][PASSED] - Object 'Object Repository/CERTPAY_QUICKSTI/Payment_Information_Page/EXP_YEAR' is visible

2020-10-13 13:57:38 - [MESSAGE][PASSED] - Object 'Object Repository/CERTPAY_QUICKSTI/Payment_Information_Page/EXP_YEAR' is present

2020-10-13 13:57:39 - [MESSAGE][PASSED] - Object: 'Object Repository/CERTPAY_QUICKSTI/Payment_Information_Page/EXP_YEAR' is clicked on

2020-10-13 13:57:40 - [MESSAGE][PASSED] - All options with label '2022' are selected in object 'Object Repository/CERTPAY_QUICKSTI/Payment_Information_Page/EXP_YEAR'  using regular expression

2020-10-13 13:57:40 - [MESSAGE][PASSED] - selected dropdown option by visible text  2022from  expYear

2020-10-13 13:57:41 - [MESSAGE][PASSED] - Object 'Object Repository/CERTPAY_QUICKSTI/Payment_Information_Page/SECURITY_CODE' is present

2020-10-13 13:57:41 - [MESSAGE][PASSED] - Object 'Object Repository/CERTPAY_QUICKSTI/Payment_Information_Page/SECURITY_CODE' is visible

2020-10-13 13:57:41 - [MESSAGE][PASSED] - Object 'Object Repository/CERTPAY_QUICKSTI/Payment_Information_Page/SECURITY_CODE' is present

2020-10-13 13:57:42 - [MESSAGE][PASSED] - Text '207' is set on object 'Object Repository/CERTPAY_QUICKSTI/Payment_Information_Page/SECURITY_CODE'

2020-10-13 13:57:42 - [MESSAGE][PASSED] - Quicksti_Samday_FullRefunds_Admin.ts:Entered'207 into securityCode

2020-10-13 13:57:42 - [TEST_STEP][PASSED] - pages.Quicksti.setPaymentAmountDetailsForSinglePayment(paymentAmount, quantity): Quicksti_Samday_FullRefunds_Admin.ts:Entered'1 into Quantity

2020-10-13 13:57:43 - [MESSAGE][PASSED] - Object 'Object Repository/CERTPAY_QUICKSTI/Payment_Information_Page/PAYMENT_AMOUNT' is present

2020-10-13 13:57:43 - [MESSAGE][PASSED] - Object 'Object Repository/CERTPAY_QUICKSTI/Payment_Information_Page/PAYMENT_AMOUNT' is visible

2020-10-13 13:57:43 - [MESSAGE][PASSED] - Object 'Object Repository/CERTPAY_QUICKSTI/Payment_Information_Page/PAYMENT_AMOUNT' is present

2020-10-13 13:57:45 - [MESSAGE][PASSED] - Text '20.00' is set on object 'Object Repository/CERTPAY_QUICKSTI/Payment_Information_Page/PAYMENT_AMOUNT'

2020-10-13 13:57:45 - [MESSAGE][PASSED] - Quicksti_Samday_FullRefunds_Admin.ts:Entered'20.00 into amount

2020-10-13 13:57:45 - [MESSAGE][PASSED] - Object 'Object Repository/CERTPAY_QUICKSTI/Payment_Information_Page/QUANTITY' is present

2020-10-13 13:57:46 - [MESSAGE][PASSED] - Object 'Object Repository/CERTPAY_QUICKSTI/Payment_Information_Page/QUANTITY' is visible

2020-10-13 13:57:46 - [MESSAGE][PASSED] - Object 'Object Repository/CERTPAY_QUICKSTI/Payment_Information_Page/QUANTITY' is present

2020-10-13 13:57:47 - [MESSAGE][PASSED] - Text '1' is set on object 'Object Repository/CERTPAY_QUICKSTI/Payment_Information_Page/QUANTITY'

2020-10-13 13:57:47 - [MESSAGE][PASSED] - Quicksti_Samday_FullRefunds_Admin.ts:Entered'1 into Quantity

2020-10-13 13:57:47 - [TEST_STEP][PASSED] - utilities.SafeActions.safeType(findTestObject("CERTPAY_QUICKSTI/Payment_Information_Page/REFRENCE_NUMBER"), referenceNum, "Reference Number", [pageLoadTime]): Quicksti_Samday_FullRefunds_Admin.ts:Entered'11 into Reference Number

2020-10-13 13:57:47 - [MESSAGE][PASSED] - Object 'Object Repository/CERTPAY_QUICKSTI/Payment_Information_Page/REFRENCE_NUMBER' is present

2020-10-13 13:57:48 - [MESSAGE][PASSED] - Object 'Object Repository/CERTPAY_QUICKSTI/Payment_Information_Page/REFRENCE_NUMBER' is visible

2020-10-13 13:57:48 - [MESSAGE][PASSED] - Object 'Object Repository/CERTPAY_QUICKSTI/Payment_Information_Page/REFRENCE_NUMBER' is present

2020-10-13 13:57:49 - [MESSAGE][PASSED] - Text '11' is set on object 'Object Repository/CERTPAY_QUICKSTI/Payment_Information_Page/REFRENCE_NUMBER'

2020-10-13 13:57:49 - [MESSAGE][PASSED] - Quicksti_Samday_FullRefunds_Admin.ts:Entered'11 into Reference Number

2020-10-13 13:57:49 - [TEST_STEP][PASSED] - amount_Value = pages.Quicksti.getAttributeValue(findTestObject("CERTPAY_QUICKSTI/Payment_Information_Page/SUB_TOTAL")): pages.Quicksti.getAttributeValue is PASSED

2020-10-13 13:57:50 - [MESSAGE][PASSED] - Attribute 'value' of object 'Object Repository/CERTPAY_QUICKSTI/Payment_Information_Page/SUB_TOTAL' is: '20.00'

2020-10-13 13:57:50 - [MESSAGE][PASSED] - pages.Quicksti.getAttributeValue is PASSED

2020-10-13 13:57:50 - [TEST_STEP][PASSED] - utilities.SafeActions.safeType(findTestObject("CERTPAY_QUICKSTI/Payment_Information_Page/COMMENTS"), "Testing", "Comments", [pageLoadTime]): Quicksti_Samday_FullRefunds_Admin.ts:Entered'Testing into Comments

2020-10-13 13:57:50 - [MESSAGE][PASSED] - Object 'Object Repository/CERTPAY_QUICKSTI/Payment_Information_Page/COMMENTS' is present

2020-10-13 13:57:51 - [MESSAGE][PASSED] - Object 'Object Repository/CERTPAY_QUICKSTI/Payment_Information_Page/COMMENTS' is visible

2020-10-13 13:57:51 - [MESSAGE][PASSED] - Object 'Object Repository/CERTPAY_QUICKSTI/Payment_Information_Page/COMMENTS' is present

2020-10-13 13:57:52 - [MESSAGE][PASSED] - Text 'Testing' is set on object 'Object Repository/CERTPAY_QUICKSTI/Payment_Information_Page/COMMENTS'

2020-10-13 13:57:52 - [MESSAGE][PASSED] - Quicksti_Samday_FullRefunds_Admin.ts:Entered'Testing into Comments

2020-10-13 13:57:52 - [TEST_STEP][PASSED] - utilities.SafeActions.safeType(findTestObject("CERTPAY_QUICKSTI/Payment_Information_Page/ADDRESS"), address, "Address", [pageLoadTime]): Quicksti_Samday_FullRefunds_Admin.ts:Entered'14-2 into Address

2020-10-13 13:57:53 - [MESSAGE][PASSED] - Object 'Object Repository/CERTPAY_QUICKSTI/Payment_Information_Page/ADDRESS' is present

2020-10-13 13:57:53 - [MESSAGE][PASSED] - Object 'Object Repository/CERTPAY_QUICKSTI/Payment_Information_Page/ADDRESS' is visible

2020-10-13 13:57:53 - [MESSAGE][PASSED] - Object 'Object Repository/CERTPAY_QUICKSTI/Payment_Information_Page/ADDRESS' is present

2020-10-13 13:57:54 - [MESSAGE][PASSED] - Text '14-2' is set on object 'Object Repository/CERTPAY_QUICKSTI/Payment_Information_Page/ADDRESS'

2020-10-13 13:57:54 - [MESSAGE][PASSED] - Quicksti_Samday_FullRefunds_Admin.ts:Entered'14-2 into Address

2020-10-13 13:57:54 - [TEST_STEP][PASSED] - utilities.SafeActions.safeType(findTestObject("CERTPAY_QUICKSTI/Payment_Information_Page/ZIP_CODE"), zipCode, "zipcode", [pageLoadTime]): Quicksti_Samday_FullRefunds_Admin.ts:Entered'76102 into zipcode

2020-10-13 13:57:55 - [MESSAGE][PASSED] - Object 'Object Repository/CERTPAY_QUICKSTI/Payment_Information_Page/ZIP_CODE' is present

2020-10-13 13:57:55 - [MESSAGE][PASSED] - Object 'Object Repository/CERTPAY_QUICKSTI/Payment_Information_Page/ZIP_CODE' is visible

2020-10-13 13:57:55 - [MESSAGE][PASSED] - Object 'Object Repository/CERTPAY_QUICKSTI/Payment_Information_Page/ZIP_CODE' is present

2020-10-13 13:57:56 - [MESSAGE][PASSED] - Text '76102' is set on object 'Object Repository/CERTPAY_QUICKSTI/Payment_Information_Page/ZIP_CODE'

2020-10-13 13:57:56 - [MESSAGE][PASSED] - Quicksti_Samday_FullRefunds_Admin.ts:Entered'76102 into zipcode

2020-10-13 13:57:56 - [TEST_STEP][PASSED] - utilities.SafeActions.safeType(findTestObject("CERTPAY_QUICKSTI/Payment_Information_Page/TELEPHONE"), telephone, "Telephone", [pageLoadTime]): Quicksti_Samday_FullRefunds_Admin.ts:Entered'9988776655 into Telephone

2020-10-13 13:57:57 - [MESSAGE][PASSED] - Object 'Object Repository/CERTPAY_QUICKSTI/Payment_Information_Page/TELEPHONE' is present

2020-10-13 13:57:57 - [MESSAGE][PASSED] - Object 'Object Repository/CERTPAY_QUICKSTI/Payment_Information_Page/TELEPHONE' is visible

2020-10-13 13:57:57 - [MESSAGE][PASSED] - Object 'Object Repository/CERTPAY_QUICKSTI/Payment_Information_Page/TELEPHONE' is present

2020-10-13 13:57:59 - [MESSAGE][PASSED] - Text '9988776655' is set on object 'Object Repository/CERTPAY_QUICKSTI/Payment_Information_Page/TELEPHONE'

2020-10-13 13:57:59 - [MESSAGE][PASSED] - Quicksti_Samday_FullRefunds_Admin.ts:Entered'9988776655 into Telephone

2020-10-13 13:57:59 - [TEST_STEP][PASSED] - utilities.SafeActions.safeType(findTestObject("CERTPAY_QUICKSTI/Payment_Information_Page/EMAIL_ADDRESS"), emailAddress, "EMAIL address", [pageLoadTime]): Quicksti_Samday_FullRefunds_Admin.ts:Entered'testing@zenq.com into EMAIL address

2020-10-13 13:57:59 - [MESSAGE][PASSED] - Object 'Object Repository/CERTPAY_QUICKSTI/Payment_Information_Page/EMAIL_ADDRESS' is present

2020-10-13 13:57:59 - [MESSAGE][PASSED] - Object 'Object Repository/CERTPAY_QUICKSTI/Payment_Information_Page/EMAIL_ADDRESS' is visible

2020-10-13 13:58:00 - [MESSAGE][PASSED] - Object 'Object Repository/CERTPAY_QUICKSTI/Payment_Information_Page/EMAIL_ADDRESS' is present

2020-10-13 13:58:01 - [MESSAGE][PASSED] - Text 'testing@zenq.com' is set on object 'Object Repository/CERTPAY_QUICKSTI/Payment_Information_Page/EMAIL_ADDRESS'

2020-10-13 13:58:01 - [MESSAGE][PASSED] - Quicksti_Samday_FullRefunds_Admin.ts:Entered'testing@zenq.com into EMAIL address

2020-10-13 13:58:01 - [TEST_STEP][PASSED] - utilities.SafeActions.safeClick(findTestObject("CERTPAY_QUICKSTI/Payment_Information_Page/NEXT_BUTTON"), "Next", [pageLoadTime]): Quicksti_Samday_FullRefunds_Admin.ts:Clicked on the Next

2020-10-13 13:58:01 - [MESSAGE][INFO] - safeClicking

2020-10-13 13:58:01 - [MESSAGE][PASSED] - Object 'Object Repository/CERTPAY_QUICKSTI/Payment_Information_Page/NEXT_BUTTON' is present

2020-10-13 13:58:02 - [MESSAGE][PASSED] - Object 'Object Repository/CERTPAY_QUICKSTI/Payment_Information_Page/NEXT_BUTTON' is clickable

2020-10-13 13:58:05 - [MESSAGE][PASSED] - Object: 'Object Repository/CERTPAY_QUICKSTI/Payment_Information_Page/NEXT_BUTTON' is clicked on

2020-10-13 13:58:05 - [MESSAGE][PASSED] - Quicksti_Samday_FullRefunds_Admin.ts:Clicked on the Next

2020-10-13 13:58:05 - [TEST_STEP][PASSED] - pages.Quicksti.verifyUserPaymentDetails(paymentAmount, firstName, lastName, CardNumber): pages.Quicksti.verifyUserPaymentDetails is PASSED

2020-10-13 13:58:05 - [MESSAGE][PASSED] - Text of object 'Object Repository/CERTPAY_QUICKSTI/Payment_Details_Verification_Page/AMOUNT' is: '$20.00'

2020-10-13 13:58:05 - [MESSAGE][PASSED] - Actual text '20.00' and expected text '20.00' are matched  using regular expression

2020-10-13 13:58:06 - [MESSAGE][PASSED] - Text of object 'Object Repository/CERTPAY_QUICKSTI/Payment_Details_Verification_Page/NAME' is: 'Tester Zenq1'

2020-10-13 13:58:06 - [MESSAGE][PASSED] - Actual text 'Tester Zenq1' and expected text 'Tester Zenq1' are matched  using regular expression

2020-10-13 13:58:06 - [MESSAGE][PASSED] - Text of object 'Object Repository/CERTPAY_QUICKSTI/Payment_Details_Verification_Page/CARD_NUMBER' is: '...0135'

2020-10-13 13:58:06 - [MESSAGE][PASSED] - Actual text '0135' and expected text '0135' are matched  using regular expression

2020-10-13 13:58:06 - [MESSAGE][PASSED] - pages.Quicksti.verifyUserPaymentDetails is PASSED

2020-10-13 13:58:06 - [TEST_STEP][PASSED] - delay(2): Delayed 2 second(s)

2020-10-13 13:58:08 - [MESSAGE][PASSED] - Delayed 2 second(s)

2020-10-13 13:58:08 - [TEST_STEP][PASSED] - scrollToElement(findTestObject("CERTPAY_QUICKSTI/Payment_Details_Verification_Page/PROCESS"), 30): Scroll to object 'Object Repository/CERTPAY_QUICKSTI/Payment_Details_Verification_Page/PROCESS' successfully

2020-10-13 13:58:09 - [MESSAGE][PASSED] - Scroll to object 'Object Repository/CERTPAY_QUICKSTI/Payment_Details_Verification_Page/PROCESS' successfully

2020-10-13 13:58:09 - [TEST_STEP][PASSED] - utilities.SafeActions.safeClick(findTestObject("CERTPAY_QUICKSTI/Payment_Details_Verification_Page/PROCESS"), "Process", [pageLoadTime]): Quicksti_Samday_FullRefunds_Admin.ts:Clicked on the Process

2020-10-13 13:58:09 - [MESSAGE][INFO] - safeClicking

2020-10-13 13:58:09 - [MESSAGE][PASSED] - Object 'Object Repository/CERTPAY_QUICKSTI/Payment_Details_Verification_Page/PROCESS' is present

2020-10-13 13:58:09 - [MESSAGE][PASSED] - Object 'Object Repository/CERTPAY_QUICKSTI/Payment_Details_Verification_Page/PROCESS' is clickable

2020-10-13 13:58:14 - [MESSAGE][PASSED] - Object: 'Object Repository/CERTPAY_QUICKSTI/Payment_Details_Verification_Page/PROCESS' is clicked on

2020-10-13 13:58:14 - [MESSAGE][PASSED] - Quicksti_Samday_FullRefunds_Admin.ts:Clicked on the Process

2020-10-13 13:58:14 - [TEST_STEP][PASSED] - paymentId = pages.Quicksti.verifyPaymentApproval(findTestObject("CERTPAY_QUICKSTI/Payment_Details_Verification_Page/APPROVED")): Payment is approved

2020-10-13 13:58:14 - [MESSAGE][PASSED] - Text of object 'Object Repository/CERTPAY_QUICKSTI/Payment_Details_Verification_Page/PAYMENT_ID' is: '100176127546'

2020-10-13 13:58:14 - [MESSAGE][PASSED] - Object 'Object Repository/CERTPAY_QUICKSTI/Payment_Details_Verification_Page/APPROVED' is present

2020-10-13 13:58:14 - [MESSAGE][PASSED] - Payment is approved

2020-10-13 13:58:16 - [TEST_STEP][PASSED] - navigateToUrl(Admin_url): Navigate to 'https://qa-certpayadmin.faps.net' successfully

2020-10-13 13:58:24 - [MESSAGE][PASSED] - Navigate to 'https://qa-certpayadmin.faps.net' successfully

2020-10-13 13:58:24 - [TEST_STEP][PASSED] - pages.Bureau_Login_Page.loginToAdminSite(AdminUsername, AdminPassword): Quicksti_Samday_FullRefunds_Admin.ts:Clicked on the LOGIN

2020-10-13 13:58:24 - [MESSAGE][PASSED] - Object 'Object Repository/CERTPAY_ADMIN/USER_NAME' is present

2020-10-13 13:58:24 - [MESSAGE][PASSED] - Object 'Object Repository/CERTPAY_ADMIN/USER_NAME' is visible

2020-10-13 13:58:25 - [MESSAGE][PASSED] - Object 'Object Repository/CERTPAY_ADMIN/USER_NAME' is present

2020-10-13 13:58:26 - [MESSAGE][PASSED] - Text 'VVangiliappan' is set on object 'Object Repository/CERTPAY_ADMIN/USER_NAME'

2020-10-13 13:58:26 - [MESSAGE][PASSED] - Quicksti_Samday_FullRefunds_Admin.ts:Entered'VVangiliappan into username

2020-10-13 13:58:26 - [MESSAGE][PASSED] - Object 'Object Repository/CERTPAY_ADMIN/PASSWORD' is present

2020-10-13 13:58:27 - [MESSAGE][PASSED] - Object 'Object Repository/CERTPAY_ADMIN/PASSWORD' is visible

2020-10-13 13:58:27 - [MESSAGE][PASSED] - Object 'Object Repository/CERTPAY_ADMIN/PASSWORD' is present

2020-10-13 13:58:28 - [MESSAGE][PASSED] - Text 'Test@123' is set on object 'Object Repository/CERTPAY_ADMIN/PASSWORD'

2020-10-13 13:58:28 - [MESSAGE][PASSED] - Quicksti_Samday_FullRefunds_Admin.ts:Entered'Test@123 into password

2020-10-13 13:58:28 - [MESSAGE][INFO] - safeClicking

2020-10-13 13:58:29 - [MESSAGE][PASSED] - Object 'Object Repository/CERTPAY_ADMIN/LOGIN_BUTTON' is present

2020-10-13 13:58:29 - [MESSAGE][PASSED] - Object 'Object Repository/CERTPAY_ADMIN/LOGIN_BUTTON' is clickable

2020-10-13 13:58:37 - [MESSAGE][PASSED] - Object: 'Object Repository/CERTPAY_ADMIN/LOGIN_BUTTON' is clicked on

2020-10-13 13:58:37 - [MESSAGE][PASSED] - Quicksti_Samday_FullRefunds_Admin.ts:Clicked on the LOGIN

2020-10-13 13:58:37 - [TEST_STEP][PASSED] - utilities.SafeActions.safeClick(findTestObject("CERTPAY_ADMIN/TRANSACTION_MENU"), "TransactionMenu", [pageLoadTime]): Quicksti_Samday_FullRefunds_Admin.ts:Clicked on the TransactionMenu

2020-10-13 13:58:37 - [MESSAGE][INFO] - safeClicking

2020-10-13 13:58:37 - [MESSAGE][PASSED] - Object 'Object Repository/CERTPAY_ADMIN/TRANSACTION_MENU' is present

2020-10-13 13:58:37 - [MESSAGE][PASSED] - Object 'Object Repository/CERTPAY_ADMIN/TRANSACTION_MENU' is clickable

2020-10-13 13:58:39 - [MESSAGE][PASSED] - Object: 'Object Repository/CERTPAY_ADMIN/TRANSACTION_MENU' is clicked on

2020-10-13 13:58:39 - [MESSAGE][PASSED] - Quicksti_Samday_FullRefunds_Admin.ts:Clicked on the TransactionMenu

2020-10-13 13:58:39 - [TEST_STEP][PASSED] - utilities.SafeActions.safeClick(findTestObject("CERTPAY_ADMIN/TRANSACTION_SEARCH"), "TransactionSearch", [pageLoadTime]): Quicksti_Samday_FullRefunds_Admin.ts:Clicked on the TransactionSearch

2020-10-13 13:58:39 - [MESSAGE][INFO] - safeClicking

2020-10-13 13:58:39 - [MESSAGE][PASSED] - Object 'Object Repository/CERTPAY_ADMIN/TRANSACTION_SEARCH' is present

2020-10-13 13:58:39 - [MESSAGE][PASSED] - Object 'Object Repository/CERTPAY_ADMIN/TRANSACTION_SEARCH' is clickable

2020-10-13 13:58:45 - [MESSAGE][PASSED] - Object: 'Object Repository/CERTPAY_ADMIN/TRANSACTION_SEARCH' is clicked on

2020-10-13 13:58:45 - [MESSAGE][PASSED] - Quicksti_Samday_FullRefunds_Admin.ts:Clicked on the TransactionSearch

2020-10-13 13:58:45 - [TEST_STEP][PASSED] - utilities.SafeActions.safeType(findTestObject("CERTPAY_ADMIN/PAYMENT_ID"), paymentId, "Payment id", [pageLoadTime]): Quicksti_Samday_FullRefunds_Admin.ts:Entered'100176127546 into Payment id

2020-10-13 13:58:45 - [MESSAGE][PASSED] - Object 'Object Repository/CERTPAY_ADMIN/PAYMENT_ID' is present

2020-10-13 13:58:46 - [MESSAGE][PASSED] - Object 'Object Repository/CERTPAY_ADMIN/PAYMENT_ID' is visible

2020-10-13 13:58:46 - [MESSAGE][PASSED] - Object 'Object Repository/CERTPAY_ADMIN/PAYMENT_ID' is present

2020-10-13 13:58:47 - [MESSAGE][PASSED] - Text '100176127546' is set on object 'Object Repository/CERTPAY_ADMIN/PAYMENT_ID'

2020-10-13 13:58:47 - [MESSAGE][PASSED] - Quicksti_Samday_FullRefunds_Admin.ts:Entered'100176127546 into Payment id

2020-10-13 13:58:47 - [TEST_STEP][PASSED] - utilities.SafeActions.safeClick(findTestObject("CERTPAY_ADMIN/GO_BUTTON"), "Go button", [pageLoadTime]): Quicksti_Samday_FullRefunds_Admin.ts:Clicked on the Go button

2020-10-13 13:58:47 - [MESSAGE][INFO] - safeClicking

2020-10-13 13:58:48 - [MESSAGE][PASSED] - Object 'Object Repository/CERTPAY_ADMIN/GO_BUTTON' is present

2020-10-13 13:58:48 - [MESSAGE][PASSED] - Object 'Object Repository/CERTPAY_ADMIN/GO_BUTTON' is clickable

2020-10-13 13:58:52 - [MESSAGE][PASSED] - Object: 'Object Repository/CERTPAY_ADMIN/GO_BUTTON' is clicked on

2020-10-13 13:58:52 - [MESSAGE][PASSED] - Quicksti_Samday_FullRefunds_Admin.ts:Clicked on the Go button

2020-10-13 13:58:52 - [TEST_STEP][PASSED] - delay(3): Delayed 3 second(s)

2020-10-13 13:58:55 - [MESSAGE][PASSED] - Delayed 3 second(s)

2020-10-13 13:58:55 - [TEST_STEP][PASSED] - paymentIdList.add(paymentId): null

2020-10-13 13:58:55 - [TEST_STEP][PASSED] - println(paymentIdList): null

2020-10-13 13:58:55 - [TEST_STEP][PASSED] - utilities.SafeActions.safeClick(findTestObject("CERTPAY_ADMIN/ACTIONS_BUTTON"), "Actions button", [pageLoadTime]): Quicksti_Samday_FullRefunds_Admin.ts:Clicked on the Actions button

2020-10-13 13:58:55 - [MESSAGE][INFO] - safeClicking

2020-10-13 13:58:56 - [MESSAGE][PASSED] - Object 'Object Repository/CERTPAY_ADMIN/ACTIONS_BUTTON' is present

2020-10-13 13:58:56 - [MESSAGE][PASSED] - Object 'Object Repository/CERTPAY_ADMIN/ACTIONS_BUTTON' is clickable

2020-10-13 13:58:57 - [MESSAGE][PASSED] - Object: 'Object Repository/CERTPAY_ADMIN/ACTIONS_BUTTON' is clicked on

2020-10-13 13:58:57 - [MESSAGE][PASSED] - Quicksti_Samday_FullRefunds_Admin.ts:Clicked on the Actions button

2020-10-13 13:58:57 - [TEST_STEP][PASSED] - utilities.SafeActions.safeClick(findTestObject("CERTPAY_ADMIN/REFUND_MENU"), "Refund Menu", [pageLoadTime]): Quicksti_Samday_FullRefunds_Admin.ts:Clicked on the Refund Menu

2020-10-13 13:58:57 - [MESSAGE][INFO] - safeClicking

2020-10-13 13:58:57 - [MESSAGE][PASSED] - Object 'Object Repository/CERTPAY_ADMIN/REFUND_MENU' is present

2020-10-13 13:58:58 - [MESSAGE][PASSED] - Object 'Object Repository/CERTPAY_ADMIN/REFUND_MENU' is clickable

2020-10-13 13:58:59 - [MESSAGE][PASSED] - Object: 'Object Repository/CERTPAY_ADMIN/REFUND_MENU' is clicked on

2020-10-13 13:58:59 - [MESSAGE][PASSED] - Quicksti_Samday_FullRefunds_Admin.ts:Clicked on the Refund Menu

2020-10-13 13:58:59 - [TEST_STEP][PASSED] - delay(2): Delayed 2 second(s)

2020-10-13 13:59:01 - [MESSAGE][PASSED] - Delayed 2 second(s)

2020-10-13 13:59:01 - [TEST_STEP][PASSED] - utilities.SafeActions.safeClick(findTestObject("CERTPAY_ADMIN/CREDIT_RETURN"), "Credit Return", [pageLoadTime]): Quicksti_Samday_FullRefunds_Admin.ts:Clicked on the Credit Return

2020-10-13 13:59:01 - [MESSAGE][INFO] - safeClicking

2020-10-13 13:59:01 - [MESSAGE][PASSED] - Object 'Object Repository/CERTPAY_ADMIN/CREDIT_RETURN' is present

2020-10-13 13:59:02 - [MESSAGE][PASSED] - Object 'Object Repository/CERTPAY_ADMIN/CREDIT_RETURN' is clickable

2020-10-13 13:59:03 - [MESSAGE][PASSED] - Object: 'Object Repository/CERTPAY_ADMIN/CREDIT_RETURN' is clicked on

2020-10-13 13:59:03 - [MESSAGE][PASSED] - Quicksti_Samday_FullRefunds_Admin.ts:Clicked on the Credit Return

2020-10-13 13:59:03 - [TEST_STEP][PASSED] - utilities.SafeActions.safeClick(findTestObject("Object Repository/CERTPAY_ADMIN/FULL_REFUND_BUTTON"), "Set To Full Refund", [pageLoadTime]): Quicksti_Samday_FullRefunds_Admin.ts:Clicked on the Set To Full Refund

2020-10-13 13:59:03 - [MESSAGE][INFO] - safeClicking

2020-10-13 13:59:03 - [MESSAGE][PASSED] - Object 'Object Repository/CERTPAY_ADMIN/FULL_REFUND_BUTTON' is present

2020-10-13 13:59:04 - [MESSAGE][PASSED] - Object 'Object Repository/CERTPAY_ADMIN/FULL_REFUND_BUTTON' is clickable

2020-10-13 13:59:05 - [MESSAGE][PASSED] - Object: 'Object Repository/CERTPAY_ADMIN/FULL_REFUND_BUTTON' is clicked on

2020-10-13 13:59:05 - [MESSAGE][PASSED] - Quicksti_Samday_FullRefunds_Admin.ts:Clicked on the Set To Full Refund

2020-10-13 13:59:05 - [TEST_STEP][PASSED] - utilities.SafeActions.safeClick(findTestObject("Object Repository/CERTPAY_ADMIN/PROCESS_REVERSAL"), "Process Reversal", [pageLoadTime]): Quicksti_Samday_FullRefunds_Admin.ts:Clicked on the Process Reversal

2020-10-13 13:59:05 - [MESSAGE][INFO] - safeClicking

2020-10-13 13:59:05 - [MESSAGE][PASSED] - Object 'Object Repository/CERTPAY_ADMIN/PROCESS_REVERSAL' is present

2020-10-13 13:59:05 - [MESSAGE][PASSED] - Object 'Object Repository/CERTPAY_ADMIN/PROCESS_REVERSAL' is clickable

2020-10-13 13:59:07 - [MESSAGE][PASSED] - Object: 'Object Repository/CERTPAY_ADMIN/PROCESS_REVERSAL' is clicked on

2020-10-13 13:59:07 - [MESSAGE][PASSED] - Quicksti_Samday_FullRefunds_Admin.ts:Clicked on the Process Reversal

2020-10-13 13:59:07 - [TEST_STEP][PASSED] - delay(2): Delayed 2 second(s)

2020-10-13 13:59:09 - [MESSAGE][PASSED] - Delayed 2 second(s)

2020-10-13 13:59:09 - [TEST_STEP][PASSED] - firstName = data.getValue("FirstName", index): null

2020-10-13 13:59:09 - [TEST_STEP][PASSED] - lastName = data.getValue("LastName", index): null

2020-10-13 13:59:09 - [TEST_STEP][PASSED] - expMonth = data.getValue("ExpMonth", index): null

2020-10-13 13:59:09 - [TEST_STEP][PASSED] - expYear = data.getValue("ExpYear", index): null

2020-10-13 13:59:09 - [TEST_STEP][PASSED] - securityCode = data.getValue("SecurityCode", index): null

2020-10-13 13:59:09 - [TEST_STEP][PASSED] - paymentAmount = data.getValue("PaymentAmount", index): null

2020-10-13 13:59:09 - [TEST_STEP][PASSED] - paymentType = data.getValue("PaymentType", index): null

2020-10-13 13:59:09 - [TEST_STEP][PASSED] - quantity = data.getValue("Quantity", index): null

2020-10-13 13:59:09 - [TEST_STEP][PASSED] - comments = data.getValue("Comments", index): null

2020-10-13 13:59:09 - [TEST_STEP][PASSED] - referenceNum = data.getValue("ReferenceNum", index): null

2020-10-13 13:59:09 - [TEST_STEP][PASSED] - address = data.getValue("Address", index): null

2020-10-13 13:59:09 - [TEST_STEP][PASSED] - zipCode = data.getValue("Zipcode", index): null

2020-10-13 13:59:09 - [TEST_STEP][PASSED] - telephone = data.getValue("Telephone", index): null

2020-10-13 13:59:09 - [TEST_STEP][PASSED] - emailAddress = data.getValue("EmailAddress", index): null

2020-10-13 13:59:09 - [TEST_STEP][PASSED] - cardNum = data.getValue("CardNumber", index): null

2020-10-13 13:59:09 - [TEST_STEP][PASSED] - cardType = data.getValue("CardType", index): null

2020-10-13 13:59:09 - [TEST_STEP][PASSED] - utilities.SafeActions.openBrowser(Quicksti_Url, [pageLoadTime]): Browser launched successfully

2020-10-13 13:59:09 - [MESSAGE][INFO] - Opening Browser

2020-10-13 13:59:09 - [MESSAGE][WARNING] - A browser is already opened. Closing browser and opening a new one

2020-10-13 13:59:13 - [MESSAGE][INFO] - Starting 'Chrome' driver

2020-10-13 13:59:22 - [MESSAGE][PASSED] - Browser is opened with url: 'https://qa-certpayquicksti.faps.net/'

2020-10-13 13:59:24 - [MESSAGE][PASSED] - Current window maximized

2020-10-13 13:59:24 - [MESSAGE][PASSED] - Browser launched successfully

2020-10-13 13:59:24 - [TEST_STEP][PASSED] - utilities.SafeActions.safeType(findTestObject("CERTPAY_QUICKSTI/Login_ Page/BUREAU_CODE"), bureau_code, "Bureau code", [pageLoadTime]): Quicksti_Samday_FullRefunds_Admin.ts:Entered'6100000 into Bureau code

2020-10-13 13:59:24 - [MESSAGE][PASSED] - Object 'Object Repository/CERTPAY_QUICKSTI/Login_ Page/BUREAU_CODE' is present

2020-10-13 13:59:24 - [MESSAGE][PASSED] - Object 'Object Repository/CERTPAY_QUICKSTI/Login_ Page/BUREAU_CODE' is visible

2020-10-13 13:59:25 - [MESSAGE][PASSED] - Object 'Object Repository/CERTPAY_QUICKSTI/Login_ Page/BUREAU_CODE' is present

2020-10-13 13:59:26 - [MESSAGE][PASSED] - Text '6100000' is set on object 'Object Repository/CERTPAY_QUICKSTI/Login_ Page/BUREAU_CODE'

2020-10-13 13:59:26 - [MESSAGE][PASSED] - Quicksti_Samday_FullRefunds_Admin.ts:Entered'6100000 into Bureau code

2020-10-13 13:59:26 - [TEST_STEP][PASSED] - utilities.SafeActions.safeType(findTestObject("CERTPAY_QUICKSTI/Login_ Page/TELLER_ID"), teller_id, "Bureau code", [pageLoadTime]): Quicksti_Samday_FullRefunds_Admin.ts:Entered'zenq into Bureau code

2020-10-13 13:59:26 - [MESSAGE][PASSED] - Object 'Object Repository/CERTPAY_QUICKSTI/Login_ Page/TELLER_ID' is present

2020-10-13 13:59:26 - [MESSAGE][PASSED] - Object 'Object Repository/CERTPAY_QUICKSTI/Login_ Page/TELLER_ID' is visible

2020-10-13 13:59:27 - [MESSAGE][PASSED] - Object 'Object Repository/CERTPAY_QUICKSTI/Login_ Page/TELLER_ID' is present

2020-10-13 13:59:28 - [MESSAGE][PASSED] - Text 'zenq' is set on object 'Object Repository/CERTPAY_QUICKSTI/Login_ Page/TELLER_ID'

2020-10-13 13:59:28 - [MESSAGE][PASSED] - Quicksti_Samday_FullRefunds_Admin.ts:Entered'zenq into Bureau code

2020-10-13 13:59:28 - [TEST_STEP][PASSED] - utilities.SafeActions.safeClick(findTestObject("CERTPAY_QUICKSTI/Login_ Page/NEXT_BUTTON"), "Next button", [pageLoadTime]): Quicksti_Samday_FullRefunds_Admin.ts:Clicked on the Next button

2020-10-13 13:59:28 - [MESSAGE][INFO] - safeClicking

2020-10-13 13:59:28 - [MESSAGE][PASSED] - Object 'Object Repository/CERTPAY_QUICKSTI/Login_ Page/NEXT_BUTTON' is present

2020-10-13 13:59:28 - [MESSAGE][PASSED] - Object 'Object Repository/CERTPAY_QUICKSTI/Login_ Page/NEXT_BUTTON' is clickable

2020-10-13 13:59:32 - [MESSAGE][PASSED] - Object: 'Object Repository/CERTPAY_QUICKSTI/Login_ Page/NEXT_BUTTON' is clicked on

2020-10-13 13:59:32 - [MESSAGE][PASSED] - Quicksti_Samday_FullRefunds_Admin.ts:Clicked on the Next button

2020-10-13 13:59:32 - [TEST_STEP][PASSED] - utilities.SafeActions.safeClick(findTestObject("CERTPAY_QUICKSTI/Payment_Information_Page/MANUAL_ENTRY_BUTTON"), "ManualEntry", [pageLoadTime]): Quicksti_Samday_FullRefunds_Admin.ts:Clicked on the ManualEntry

2020-10-13 13:59:32 - [MESSAGE][INFO] - safeClicking

2020-10-13 13:59:33 - [MESSAGE][PASSED] - Object 'Object Repository/CERTPAY_QUICKSTI/Payment_Information_Page/MANUAL_ENTRY_BUTTON' is present

2020-10-13 13:59:33 - [MESSAGE][PASSED] - Object 'Object Repository/CERTPAY_QUICKSTI/Payment_Information_Page/MANUAL_ENTRY_BUTTON' is clickable

2020-10-13 13:59:35 - [MESSAGE][PASSED] - Object: 'Object Repository/CERTPAY_QUICKSTI/Payment_Information_Page/MANUAL_ENTRY_BUTTON' is clicked on

2020-10-13 13:59:35 - [MESSAGE][PASSED] - Quicksti_Samday_FullRefunds_Admin.ts:Clicked on the ManualEntry

2020-10-13 13:59:35 - [TEST_STEP][PASSED] - CardNumber = pages.Quicksti.setUserPaymentDetails(firstName, lastName, cardNum): Quicksti_Samday_FullRefunds_Admin.ts:Entered'5154623208647646 into CardNum

2020-10-13 13:59:35 - [MESSAGE][PASSED] - Object 'Object Repository/CERTPAY_QUICKSTI/Payment_Information_Page/FIRST_NAME' is present

2020-10-13 13:59:35 - [MESSAGE][PASSED] - Object 'Object Repository/CERTPAY_QUICKSTI/Payment_Information_Page/FIRST_NAME' is visible

2020-10-13 13:59:36 - [MESSAGE][PASSED] - Object 'Object Repository/CERTPAY_QUICKSTI/Payment_Information_Page/FIRST_NAME' is present

2020-10-13 13:59:37 - [MESSAGE][PASSED] - Text 'Tester' is set on object 'Object Repository/CERTPAY_QUICKSTI/Payment_Information_Page/FIRST_NAME'

2020-10-13 13:59:37 - [MESSAGE][PASSED] - Quicksti_Samday_FullRefunds_Admin.ts:Entered'Tester into FirstName

2020-10-13 13:59:37 - [MESSAGE][PASSED] - Object 'Object Repository/CERTPAY_QUICKSTI/Payment_Information_Page/LAST_NAME' is present

2020-10-13 13:59:38 - [MESSAGE][PASSED] - Object 'Object Repository/CERTPAY_QUICKSTI/Payment_Information_Page/LAST_NAME' is visible

2020-10-13 13:59:38 - [MESSAGE][PASSED] - Object 'Object Repository/CERTPAY_QUICKSTI/Payment_Information_Page/LAST_NAME' is present

2020-10-13 13:59:39 - [MESSAGE][PASSED] - Text 'Zenq1' is set on object 'Object Repository/CERTPAY_QUICKSTI/Payment_Information_Page/LAST_NAME'

2020-10-13 13:59:39 - [MESSAGE][PASSED] - Quicksti_Samday_FullRefunds_Admin.ts:Entered'Zenq1 into LAstName

2020-10-13 13:59:40 - [MESSAGE][PASSED] - Object 'Object Repository/CERTPAY_QUICKSTI/Payment_Information_Page/CARD_NUMBER' is present

2020-10-13 13:59:40 - [MESSAGE][PASSED] - Object 'Object Repository/CERTPAY_QUICKSTI/Payment_Information_Page/CARD_NUMBER' is visible

2020-10-13 13:59:40 - [MESSAGE][PASSED] - Object 'Object Repository/CERTPAY_QUICKSTI/Payment_Information_Page/CARD_NUMBER' is present

2020-10-13 13:59:42 - [MESSAGE][PASSED] - Text '5154623208647646' is set on object 'Object Repository/CERTPAY_QUICKSTI/Payment_Information_Page/CARD_NUMBER'

2020-10-13 13:59:42 - [MESSAGE][PASSED] - Quicksti_Samday_FullRefunds_Admin.ts:Entered'5154623208647646 into CardNum

2020-10-13 13:59:42 - [TEST_STEP][PASSED] - utilities.SafeActions.safeSelectOptionInDropdownByVisibleText(findTestObject("CERTPAY_QUICKSTI/Payment_Information_Page/PAYMENT_TYPE"), paymentType, "paymentType", [pageLoadTime]): selected dropdown option by visible text  Giftsfrom paymentType

2020-10-13 13:59:42 - [MESSAGE][PASSED] - Object 'Object Repository/CERTPAY_QUICKSTI/Payment_Information_Page/PAYMENT_TYPE' is visible

2020-10-13 13:59:42 - [MESSAGE][PASSED] - Object 'Object Repository/CERTPAY_QUICKSTI/Payment_Information_Page/PAYMENT_TYPE' is present

2020-10-13 13:59:44 - [MESSAGE][PASSED] - Object: 'Object Repository/CERTPAY_QUICKSTI/Payment_Information_Page/PAYMENT_TYPE' is clicked on

2020-10-13 13:59:45 - [MESSAGE][PASSED] - All options with label 'Gifts' are selected in object 'Object Repository/CERTPAY_QUICKSTI/Payment_Information_Page/PAYMENT_TYPE'  using regular expression

2020-10-13 13:59:45 - [MESSAGE][PASSED] - selected dropdown option by visible text  Giftsfrom paymentType

2020-10-13 13:59:45 - [TEST_STEP][PASSED] - pages.Quicksti.setExpDate(expMonth, expYear, securityCode): Quicksti_Samday_FullRefunds_Admin.ts:Entered'207 into securityCode

2020-10-13 13:59:45 - [MESSAGE][PASSED] - Object 'Object Repository/CERTPAY_QUICKSTI/Payment_Information_Page/EXP_MONTH' is visible

2020-10-13 13:59:45 - [MESSAGE][PASSED] - Object 'Object Repository/CERTPAY_QUICKSTI/Payment_Information_Page/EXP_MONTH' is present

2020-10-13 13:59:47 - [MESSAGE][PASSED] - Object: 'Object Repository/CERTPAY_QUICKSTI/Payment_Information_Page/EXP_MONTH' is clicked on

2020-10-13 13:59:48 - [MESSAGE][PASSED] - All options with label '04' are selected in object 'Object Repository/CERTPAY_QUICKSTI/Payment_Information_Page/EXP_MONTH'  using regular expression

2020-10-13 13:59:48 - [MESSAGE][PASSED] - selected dropdown option by visible text  04from expMonth

2020-10-13 13:59:48 - [MESSAGE][PASSED] - Object 'Object Repository/CERTPAY_QUICKSTI/Payment_Information_Page/EXP_YEAR' is visible

2020-10-13 13:59:49 - [MESSAGE][PASSED] - Object 'Object Repository/CERTPAY_QUICKSTI/Payment_Information_Page/EXP_YEAR' is present

2020-10-13 13:59:50 - [MESSAGE][PASSED] - Object: 'Object Repository/CERTPAY_QUICKSTI/Payment_Information_Page/EXP_YEAR' is clicked on

2020-10-13 13:59:51 - [MESSAGE][PASSED] - All options with label '2023' are selected in object 'Object Repository/CERTPAY_QUICKSTI/Payment_Information_Page/EXP_YEAR'  using regular expression

2020-10-13 13:59:51 - [MESSAGE][PASSED] - selected dropdown option by visible text  2023from  expYear

2020-10-13 13:59:52 - [MESSAGE][PASSED] - Object 'Object Repository/CERTPAY_QUICKSTI/Payment_Information_Page/SECURITY_CODE' is present

2020-10-13 13:59:52 - [MESSAGE][PASSED] - Object 'Object Repository/CERTPAY_QUICKSTI/Payment_Information_Page/SECURITY_CODE' is visible

2020-10-13 13:59:52 - [MESSAGE][PASSED] - Object 'Object Repository/CERTPAY_QUICKSTI/Payment_Information_Page/SECURITY_CODE' is present

2020-10-13 13:59:54 - [MESSAGE][PASSED] - Text '207' is set on object 'Object Repository/CERTPAY_QUICKSTI/Payment_Information_Page/SECURITY_CODE'

2020-10-13 13:59:54 - [MESSAGE][PASSED] - Quicksti_Samday_FullRefunds_Admin.ts:Entered'207 into securityCode

2020-10-13 13:59:54 - [TEST_STEP][PASSED] - pages.Quicksti.setPaymentAmountDetailsForSinglePayment(paymentAmount, quantity): Quicksti_Samday_FullRefunds_Admin.ts:Entered'2 into Quantity

2020-10-13 13:59:54 - [MESSAGE][PASSED] - Object 'Object Repository/CERTPAY_QUICKSTI/Payment_Information_Page/PAYMENT_AMOUNT' is present

2020-10-13 13:59:54 - [MESSAGE][PASSED] - Object 'Object Repository/CERTPAY_QUICKSTI/Payment_Information_Page/PAYMENT_AMOUNT' is visible

2020-10-13 13:59:55 - [MESSAGE][PASSED] - Object 'Object Repository/CERTPAY_QUICKSTI/Payment_Information_Page/PAYMENT_AMOUNT' is present

2020-10-13 13:59:56 - [MESSAGE][PASSED] - Text '25.00' is set on object 'Object Repository/CERTPAY_QUICKSTI/Payment_Information_Page/PAYMENT_AMOUNT'

2020-10-13 13:59:56 - [MESSAGE][PASSED] - Quicksti_Samday_FullRefunds_Admin.ts:Entered'25.00 into amount

2020-10-13 13:59:56 - [MESSAGE][PASSED] - Object 'Object Repository/CERTPAY_QUICKSTI/Payment_Information_Page/QUANTITY' is present

2020-10-13 13:59:57 - [MESSAGE][PASSED] - Object 'Object Repository/CERTPAY_QUICKSTI/Payment_Information_Page/QUANTITY' is visible

2020-10-13 13:59:57 - [MESSAGE][PASSED] - Object 'Object Repository/CERTPAY_QUICKSTI/Payment_Information_Page/QUANTITY' is present

2020-10-13 13:59:58 - [MESSAGE][PASSED] - Text '2' is set on object 'Object Repository/CERTPAY_QUICKSTI/Payment_Information_Page/QUANTITY'

2020-10-13 13:59:58 - [MESSAGE][PASSED] - Quicksti_Samday_FullRefunds_Admin.ts:Entered'2 into Quantity

2020-10-13 13:59:58 - [TEST_STEP][PASSED] - utilities.SafeActions.safeType(findTestObject("CERTPAY_QUICKSTI/Payment_Information_Page/REFRENCE_NUMBER"), referenceNum, "Reference Number", [pageLoadTime]): Quicksti_Samday_FullRefunds_Admin.ts:Entered'12 into Reference Number

2020-10-13 13:59:59 - [MESSAGE][PASSED] - Object 'Object Repository/CERTPAY_QUICKSTI/Payment_Information_Page/REFRENCE_NUMBER' is present

2020-10-13 13:59:59 - [MESSAGE][PASSED] - Object 'Object Repository/CERTPAY_QUICKSTI/Payment_Information_Page/REFRENCE_NUMBER' is visible

2020-10-13 13:59:59 - [MESSAGE][PASSED] - Object 'Object Repository/CERTPAY_QUICKSTI/Payment_Information_Page/REFRENCE_NUMBER' is present

2020-10-13 14:00:01 - [MESSAGE][PASSED] - Text '12' is set on object 'Object Repository/CERTPAY_QUICKSTI/Payment_Information_Page/REFRENCE_NUMBER'

2020-10-13 14:00:01 - [MESSAGE][PASSED] - Quicksti_Samday_FullRefunds_Admin.ts:Entered'12 into Reference Number

2020-10-13 14:00:01 - [TEST_STEP][PASSED] - amount_Value = pages.Quicksti.getAttributeValue(findTestObject("CERTPAY_QUICKSTI/Payment_Information_Page/SUB_TOTAL")): pages.Quicksti.getAttributeValue is PASSED

2020-10-13 14:00:01 - [MESSAGE][PASSED] - Attribute 'value' of object 'Object Repository/CERTPAY_QUICKSTI/Payment_Information_Page/SUB_TOTAL' is: '50.00'

2020-10-13 14:00:01 - [MESSAGE][PASSED] - pages.Quicksti.getAttributeValue is PASSED

2020-10-13 14:00:01 - [TEST_STEP][PASSED] - utilities.SafeActions.safeType(findTestObject("CERTPAY_QUICKSTI/Payment_Information_Page/COMMENTS"), "Testing", "Comments", [pageLoadTime]): Quicksti_Samday_FullRefunds_Admin.ts:Entered'Testing into Comments

2020-10-13 14:00:01 - [MESSAGE][PASSED] - Object 'Object Repository/CERTPAY_QUICKSTI/Payment_Information_Page/COMMENTS' is present

2020-10-13 14:00:02 - [MESSAGE][PASSED] - Object 'Object Repository/CERTPAY_QUICKSTI/Payment_Information_Page/COMMENTS' is visible

2020-10-13 14:00:02 - [MESSAGE][PASSED] - Object 'Object Repository/CERTPAY_QUICKSTI/Payment_Information_Page/COMMENTS' is present

2020-10-13 14:00:03 - [MESSAGE][PASSED] - Text 'Testing' is set on object 'Object Repository/CERTPAY_QUICKSTI/Payment_Information_Page/COMMENTS'

2020-10-13 14:00:03 - [MESSAGE][PASSED] - Quicksti_Samday_FullRefunds_Admin.ts:Entered'Testing into Comments

2020-10-13 14:00:03 - [TEST_STEP][PASSED] - utilities.SafeActions.safeType(findTestObject("CERTPAY_QUICKSTI/Payment_Information_Page/ADDRESS"), address, "Address", [pageLoadTime]): Quicksti_Samday_FullRefunds_Admin.ts:Entered'14-2 into Address

2020-10-13 14:00:04 - [MESSAGE][PASSED] - Object 'Object Repository/CERTPAY_QUICKSTI/Payment_Information_Page/ADDRESS' is present

2020-10-13 14:00:04 - [MESSAGE][PASSED] - Object 'Object Repository/CERTPAY_QUICKSTI/Payment_Information_Page/ADDRESS' is visible

2020-10-13 14:00:04 - [MESSAGE][PASSED] - Object 'Object Repository/CERTPAY_QUICKSTI/Payment_Information_Page/ADDRESS' is present

2020-10-13 14:00:06 - [MESSAGE][PASSED] - Text '14-2' is set on object 'Object Repository/CERTPAY_QUICKSTI/Payment_Information_Page/ADDRESS'

2020-10-13 14:00:06 - [MESSAGE][PASSED] - Quicksti_Samday_FullRefunds_Admin.ts:Entered'14-2 into Address

2020-10-13 14:00:06 - [TEST_STEP][PASSED] - utilities.SafeActions.safeType(findTestObject("CERTPAY_QUICKSTI/Payment_Information_Page/ZIP_CODE"), zipCode, "zipcode", [pageLoadTime]): Quicksti_Samday_FullRefunds_Admin.ts:Entered'76102 into zipcode

2020-10-13 14:00:06 - [MESSAGE][PASSED] - Object 'Object Repository/CERTPAY_QUICKSTI/Payment_Information_Page/ZIP_CODE' is present

2020-10-13 14:00:06 - [MESSAGE][PASSED] - Object 'Object Repository/CERTPAY_QUICKSTI/Payment_Information_Page/ZIP_CODE' is visible

2020-10-13 14:00:07 - [MESSAGE][PASSED] - Object 'Object Repository/CERTPAY_QUICKSTI/Payment_Information_Page/ZIP_CODE' is present

2020-10-13 14:00:08 - [MESSAGE][PASSED] - Text '76102' is set on object 'Object Repository/CERTPAY_QUICKSTI/Payment_Information_Page/ZIP_CODE'

2020-10-13 14:00:08 - [MESSAGE][PASSED] - Quicksti_Samday_FullRefunds_Admin.ts:Entered'76102 into zipcode

2020-10-13 14:00:08 - [TEST_STEP][PASSED] - utilities.SafeActions.safeType(findTestObject("CERTPAY_QUICKSTI/Payment_Information_Page/TELEPHONE"), telephone, "Telephone", [pageLoadTime]): Quicksti_Samday_FullRefunds_Admin.ts:Entered'9989897654 into Telephone

2020-10-13 14:00:08 - [MESSAGE][PASSED] - Object 'Object Repository/CERTPAY_QUICKSTI/Payment_Information_Page/TELEPHONE' is present

2020-10-13 14:00:09 - [MESSAGE][PASSED] - Object 'Object Repository/CERTPAY_QUICKSTI/Payment_Information_Page/TELEPHONE' is visible

2020-10-13 14:00:09 - [MESSAGE][PASSED] - Object 'Object Repository/CERTPAY_QUICKSTI/Payment_Information_Page/TELEPHONE' is present

2020-10-13 14:00:10 - [MESSAGE][PASSED] - Text '9989897654' is set on object 'Object Repository/CERTPAY_QUICKSTI/Payment_Information_Page/TELEPHONE'

2020-10-13 14:00:10 - [MESSAGE][PASSED] - Quicksti_Samday_FullRefunds_Admin.ts:Entered'9989897654 into Telephone

2020-10-13 14:00:10 - [TEST_STEP][PASSED] - utilities.SafeActions.safeType(findTestObject("CERTPAY_QUICKSTI/Payment_Information_Page/EMAIL_ADDRESS"), emailAddress, "EMAIL address", [pageLoadTime]): Quicksti_Samday_FullRefunds_Admin.ts:Entered'testing@zenq.com into EMAIL address

2020-10-13 14:00:10 - [MESSAGE][PASSED] - Object 'Object Repository/CERTPAY_QUICKSTI/Payment_Information_Page/EMAIL_ADDRESS' is present

2020-10-13 14:00:11 - [MESSAGE][PASSED] - Object 'Object Repository/CERTPAY_QUICKSTI/Payment_Information_Page/EMAIL_ADDRESS' is visible

2020-10-13 14:00:11 - [MESSAGE][PASSED] - Object 'Object Repository/CERTPAY_QUICKSTI/Payment_Information_Page/EMAIL_ADDRESS' is present

2020-10-13 14:00:12 - [MESSAGE][PASSED] - Text 'testing@zenq.com' is set on object 'Object Repository/CERTPAY_QUICKSTI/Payment_Information_Page/EMAIL_ADDRESS'

2020-10-13 14:00:12 - [MESSAGE][PASSED] - Quicksti_Samday_FullRefunds_Admin.ts:Entered'testing@zenq.com into EMAIL address

2020-10-13 14:00:12 - [TEST_STEP][PASSED] - utilities.SafeActions.safeClick(findTestObject("CERTPAY_QUICKSTI/Payment_Information_Page/NEXT_BUTTON"), "Next", [pageLoadTime]): Quicksti_Samday_FullRefunds_Admin.ts:Clicked on the Next

2020-10-13 14:00:12 - [MESSAGE][INFO] - safeClicking

2020-10-13 14:00:13 - [MESSAGE][PASSED] - Object 'Object Repository/CERTPAY_QUICKSTI/Payment_Information_Page/NEXT_BUTTON' is present

2020-10-13 14:00:13 - [MESSAGE][PASSED] - Object 'Object Repository/CERTPAY_QUICKSTI/Payment_Information_Page/NEXT_BUTTON' is clickable

2020-10-13 14:00:17 - [MESSAGE][PASSED] - Object: 'Object Repository/CERTPAY_QUICKSTI/Payment_Information_Page/NEXT_BUTTON' is clicked on

2020-10-13 14:00:17 - [MESSAGE][PASSED] - Quicksti_Samday_FullRefunds_Admin.ts:Clicked on the Next

2020-10-13 14:00:17 - [TEST_STEP][PASSED] - pages.Quicksti.verifyUserPaymentDetails(paymentAmount, firstName, lastName, CardNumber): pages.Quicksti.verifyUserPaymentDetails is PASSED

2020-10-13 14:00:17 - [MESSAGE][PASSED] - Text of object 'Object Repository/CERTPAY_QUICKSTI/Payment_Details_Verification_Page/AMOUNT' is: '$25.00'

2020-10-13 14:00:17 - [MESSAGE][PASSED] - Actual text '25.00' and expected text '25.00' are matched  using regular expression

2020-10-13 14:00:17 - [MESSAGE][PASSED] - Text of object 'Object Repository/CERTPAY_QUICKSTI/Payment_Details_Verification_Page/NAME' is: 'Tester Zenq1'

2020-10-13 14:00:17 - [MESSAGE][PASSED] - Actual text 'Tester Zenq1' and expected text 'Tester Zenq1' are matched  using regular expression

2020-10-13 14:00:18 - [MESSAGE][PASSED] - Text of object 'Object Repository/CERTPAY_QUICKSTI/Payment_Details_Verification_Page/CARD_NUMBER' is: '...7646'

2020-10-13 14:00:18 - [MESSAGE][PASSED] - Actual text '7646' and expected text '7646' are matched  using regular expression

2020-10-13 14:00:18 - [MESSAGE][PASSED] - pages.Quicksti.verifyUserPaymentDetails is PASSED

2020-10-13 14:00:18 - [TEST_STEP][PASSED] - delay(2): Delayed 2 second(s)

2020-10-13 14:00:20 - [MESSAGE][PASSED] - Delayed 2 second(s)

2020-10-13 14:00:20 - [TEST_STEP][PASSED] - scrollToElement(findTestObject("CERTPAY_QUICKSTI/Payment_Details_Verification_Page/PROCESS"), 30): Scroll to object 'Object Repository/CERTPAY_QUICKSTI/Payment_Details_Verification_Page/PROCESS' successfully

2020-10-13 14:00:20 - [MESSAGE][PASSED] - Scroll to object 'Object Repository/CERTPAY_QUICKSTI/Payment_Details_Verification_Page/PROCESS' successfully

2020-10-13 14:00:20 - [TEST_STEP][PASSED] - utilities.SafeActions.safeClick(findTestObject("CERTPAY_QUICKSTI/Payment_Details_Verification_Page/PROCESS"), "Process", [pageLoadTime]): Quicksti_Samday_FullRefunds_Admin.ts:Clicked on the Process

2020-10-13 14:00:20 - [MESSAGE][INFO] - safeClicking

2020-10-13 14:00:20 - [MESSAGE][PASSED] - Object 'Object Repository/CERTPAY_QUICKSTI/Payment_Details_Verification_Page/PROCESS' is present

2020-10-13 14:00:21 - [MESSAGE][PASSED] - Object 'Object Repository/CERTPAY_QUICKSTI/Payment_Details_Verification_Page/PROCESS' is clickable

2020-10-13 14:00:25 - [MESSAGE][PASSED] - Object: 'Object Repository/CERTPAY_QUICKSTI/Payment_Details_Verification_Page/PROCESS' is clicked on

2020-10-13 14:00:25 - [MESSAGE][PASSED] - Quicksti_Samday_FullRefunds_Admin.ts:Clicked on the Process

2020-10-13 14:00:25 - [TEST_STEP][PASSED] - paymentId = pages.Quicksti.verifyPaymentApproval(findTestObject("CERTPAY_QUICKSTI/Payment_Details_Verification_Page/APPROVED")): Payment is approved

2020-10-13 14:00:25 - [MESSAGE][PASSED] - Text of object 'Object Repository/CERTPAY_QUICKSTI/Payment_Details_Verification_Page/PAYMENT_ID' is: '100176127550'

2020-10-13 14:00:26 - [MESSAGE][PASSED] - Object 'Object Repository/CERTPAY_QUICKSTI/Payment_Details_Verification_Page/APPROVED' is present

2020-10-13 14:00:26 - [MESSAGE][PASSED] - Payment is approved

2020-10-13 14:00:28 - [TEST_STEP][PASSED] - navigateToUrl(Admin_url): Navigate to 'https://qa-certpayadmin.faps.net' successfully

2020-10-13 14:00:32 - [MESSAGE][PASSED] - Navigate to 'https://qa-certpayadmin.faps.net' successfully

2020-10-13 14:00:32 - [TEST_STEP][PASSED] - pages.Bureau_Login_Page.loginToAdminSite(AdminUsername, AdminPassword): Quicksti_Samday_FullRefunds_Admin.ts:Clicked on the LOGIN

2020-10-13 14:00:32 - [MESSAGE][PASSED] - Object 'Object Repository/CERTPAY_ADMIN/USER_NAME' is present

2020-10-13 14:00:33 - [MESSAGE][PASSED] - Object 'Object Repository/CERTPAY_ADMIN/USER_NAME' is visible

2020-10-13 14:00:33 - [MESSAGE][PASSED] - Object 'Object Repository/CERTPAY_ADMIN/USER_NAME' is present

2020-10-13 14:00:34 - [MESSAGE][PASSED] - Text 'VVangiliappan' is set on object 'Object Repository/CERTPAY_ADMIN/USER_NAME'

2020-10-13 14:00:34 - [MESSAGE][PASSED] - Quicksti_Samday_FullRefunds_Admin.ts:Entered'VVangiliappan into username

2020-10-13 14:00:35 - [MESSAGE][PASSED] - Object 'Object Repository/CERTPAY_ADMIN/PASSWORD' is present

2020-10-13 14:00:35 - [MESSAGE][PASSED] - Object 'Object Repository/CERTPAY_ADMIN/PASSWORD' is visible

2020-10-13 14:00:35 - [MESSAGE][PASSED] - Object 'Object Repository/CERTPAY_ADMIN/PASSWORD' is present

2020-10-13 14:00:36 - [MESSAGE][PASSED] - Text 'Test@123' is set on object 'Object Repository/CERTPAY_ADMIN/PASSWORD'

2020-10-13 14:00:36 - [MESSAGE][PASSED] - Quicksti_Samday_FullRefunds_Admin.ts:Entered'Test@123 into password

2020-10-13 14:00:36 - [MESSAGE][INFO] - safeClicking

2020-10-13 14:00:37 - [MESSAGE][PASSED] - Object 'Object Repository/CERTPAY_ADMIN/LOGIN_BUTTON' is present

2020-10-13 14:00:37 - [MESSAGE][PASSED] - Object 'Object Repository/CERTPAY_ADMIN/LOGIN_BUTTON' is clickable

2020-10-13 14:00:46 - [MESSAGE][PASSED] - Object: 'Object Repository/CERTPAY_ADMIN/LOGIN_BUTTON' is clicked on

2020-10-13 14:00:46 - [MESSAGE][PASSED] - Quicksti_Samday_FullRefunds_Admin.ts:Clicked on the LOGIN

2020-10-13 14:00:46 - [TEST_STEP][PASSED] - utilities.SafeActions.safeClick(findTestObject("CERTPAY_ADMIN/TRANSACTION_MENU"), "TransactionMenu", [pageLoadTime]): Quicksti_Samday_FullRefunds_Admin.ts:Clicked on the TransactionMenu

2020-10-13 14:00:46 - [MESSAGE][INFO] - safeClicking

2020-10-13 14:00:47 - [MESSAGE][PASSED] - Object 'Object Repository/CERTPAY_ADMIN/TRANSACTION_MENU' is present

2020-10-13 14:00:47 - [MESSAGE][PASSED] - Object 'Object Repository/CERTPAY_ADMIN/TRANSACTION_MENU' is clickable

2020-10-13 14:00:48 - [MESSAGE][PASSED] - Object: 'Object Repository/CERTPAY_ADMIN/TRANSACTION_MENU' is clicked on

2020-10-13 14:00:48 - [MESSAGE][PASSED] - Quicksti_Samday_FullRefunds_Admin.ts:Clicked on the TransactionMenu

2020-10-13 14:00:48 - [TEST_STEP][PASSED] - utilities.SafeActions.safeClick(findTestObject("CERTPAY_ADMIN/TRANSACTION_SEARCH"), "TransactionSearch", [pageLoadTime]): Quicksti_Samday_FullRefunds_Admin.ts:Clicked on the TransactionSearch

2020-10-13 14:00:48 - [MESSAGE][INFO] - safeClicking

2020-10-13 14:00:49 - [MESSAGE][PASSED] - Object 'Object Repository/CERTPAY_ADMIN/TRANSACTION_SEARCH' is present

2020-10-13 14:00:49 - [MESSAGE][PASSED] - Object 'Object Repository/CERTPAY_ADMIN/TRANSACTION_SEARCH' is clickable

2020-10-13 14:00:53 - [MESSAGE][PASSED] - Object: 'Object Repository/CERTPAY_ADMIN/TRANSACTION_SEARCH' is clicked on

2020-10-13 14:00:53 - [MESSAGE][PASSED] - Quicksti_Samday_FullRefunds_Admin.ts:Clicked on the TransactionSearch

2020-10-13 14:00:53 - [TEST_STEP][PASSED] - utilities.SafeActions.safeType(findTestObject("CERTPAY_ADMIN/PAYMENT_ID"), paymentId, "Payment id", [pageLoadTime]): Quicksti_Samday_FullRefunds_Admin.ts:Entered'100176127550 into Payment id

2020-10-13 14:00:53 - [MESSAGE][PASSED] - Object 'Object Repository/CERTPAY_ADMIN/PAYMENT_ID' is present

2020-10-13 14:00:54 - [MESSAGE][PASSED] - Object 'Object Repository/CERTPAY_ADMIN/PAYMENT_ID' is visible

2020-10-13 14:00:54 - [MESSAGE][PASSED] - Object 'Object Repository/CERTPAY_ADMIN/PAYMENT_ID' is present

2020-10-13 14:00:55 - [MESSAGE][PASSED] - Text '100176127550' is set on object 'Object Repository/CERTPAY_ADMIN/PAYMENT_ID'

2020-10-13 14:00:55 - [MESSAGE][PASSED] - Quicksti_Samday_FullRefunds_Admin.ts:Entered'100176127550 into Payment id

2020-10-13 14:00:55 - [TEST_STEP][PASSED] - utilities.SafeActions.safeClick(findTestObject("CERTPAY_ADMIN/GO_BUTTON"), "Go button", [pageLoadTime]): Quicksti_Samday_FullRefunds_Admin.ts:Clicked on the Go button

2020-10-13 14:00:55 - [MESSAGE][INFO] - safeClicking

2020-10-13 14:00:56 - [MESSAGE][PASSED] - Object 'Object Repository/CERTPAY_ADMIN/GO_BUTTON' is present

2020-10-13 14:00:56 - [MESSAGE][PASSED] - Object 'Object Repository/CERTPAY_ADMIN/GO_BUTTON' is clickable

2020-10-13 14:00:59 - [MESSAGE][PASSED] - Object: 'Object Repository/CERTPAY_ADMIN/GO_BUTTON' is clicked on

2020-10-13 14:00:59 - [MESSAGE][PASSED] - Quicksti_Samday_FullRefunds_Admin.ts:Clicked on the Go button

2020-10-13 14:00:59 - [TEST_STEP][PASSED] - delay(3): Delayed 3 second(s)

2020-10-13 14:01:02 - [MESSAGE][PASSED] - Delayed 3 second(s)

2020-10-13 14:01:02 - [TEST_STEP][PASSED] - paymentIdList.add(paymentId): null

2020-10-13 14:01:02 - [TEST_STEP][PASSED] - println(paymentIdList): null

2020-10-13 14:01:02 - [TEST_STEP][PASSED] - utilities.SafeActions.safeClick(findTestObject("CERTPAY_ADMIN/ACTIONS_BUTTON"), "Actions button", [pageLoadTime]): Quicksti_Samday_FullRefunds_Admin.ts:Clicked on the Actions button

2020-10-13 14:01:02 - [MESSAGE][INFO] - safeClicking

2020-10-13 14:01:02 - [MESSAGE][PASSED] - Object 'Object Repository/CERTPAY_ADMIN/ACTIONS_BUTTON' is present

2020-10-13 14:01:03 - [MESSAGE][PASSED] - Object 'Object Repository/CERTPAY_ADMIN/ACTIONS_BUTTON' is clickable

2020-10-13 14:01:04 - [MESSAGE][PASSED] - Object: 'Object Repository/CERTPAY_ADMIN/ACTIONS_BUTTON' is clicked on

2020-10-13 14:01:04 - [MESSAGE][PASSED] - Quicksti_Samday_FullRefunds_Admin.ts:Clicked on the Actions button

2020-10-13 14:01:04 - [TEST_STEP][PASSED] - utilities.SafeActions.safeClick(findTestObject("CERTPAY_ADMIN/REFUND_MENU"), "Refund Menu", [pageLoadTime]): Quicksti_Samday_FullRefunds_Admin.ts:Clicked on the Refund Menu

2020-10-13 14:01:04 - [MESSAGE][INFO] - safeClicking

2020-10-13 14:01:04 - [MESSAGE][PASSED] - Object 'Object Repository/CERTPAY_ADMIN/REFUND_MENU' is present

2020-10-13 14:01:05 - [MESSAGE][PASSED] - Object 'Object Repository/CERTPAY_ADMIN/REFUND_MENU' is clickable

2020-10-13 14:01:06 - [MESSAGE][PASSED] - Object: 'Object Repository/CERTPAY_ADMIN/REFUND_MENU' is clicked on

2020-10-13 14:01:06 - [MESSAGE][PASSED] - Quicksti_Samday_FullRefunds_Admin.ts:Clicked on the Refund Menu

2020-10-13 14:01:06 - [TEST_STEP][PASSED] - delay(2): Delayed 2 second(s)

2020-10-13 14:01:08 - [MESSAGE][PASSED] - Delayed 2 second(s)

2020-10-13 14:01:08 - [TEST_STEP][PASSED] - utilities.SafeActions.safeClick(findTestObject("CERTPAY_ADMIN/CREDIT_RETURN"), "Credit Return", [pageLoadTime]): Quicksti_Samday_FullRefunds_Admin.ts:Clicked on the Credit Return

2020-10-13 14:01:08 - [MESSAGE][INFO] - safeClicking

2020-10-13 14:01:08 - [MESSAGE][PASSED] - Object 'Object Repository/CERTPAY_ADMIN/CREDIT_RETURN' is present

2020-10-13 14:01:09 - [MESSAGE][PASSED] - Object 'Object Repository/CERTPAY_ADMIN/CREDIT_RETURN' is clickable

2020-10-13 14:01:10 - [MESSAGE][PASSED] - Object: 'Object Repository/CERTPAY_ADMIN/CREDIT_RETURN' is clicked on

2020-10-13 14:01:10 - [MESSAGE][PASSED] - Quicksti_Samday_FullRefunds_Admin.ts:Clicked on the Credit Return

2020-10-13 14:01:10 - [TEST_STEP][PASSED] - utilities.SafeActions.safeClick(findTestObject("Object Repository/CERTPAY_ADMIN/FULL_REFUND_BUTTON"), "Set To Full Refund", [pageLoadTime]): Quicksti_Samday_FullRefunds_Admin.ts:Clicked on the Set To Full Refund

2020-10-13 14:01:10 - [MESSAGE][INFO] - safeClicking

2020-10-13 14:01:10 - [MESSAGE][PASSED] - Object 'Object Repository/CERTPAY_ADMIN/FULL_REFUND_BUTTON' is present

2020-10-13 14:01:11 - [MESSAGE][PASSED] - Object 'Object Repository/CERTPAY_ADMIN/FULL_REFUND_BUTTON' is clickable

2020-10-13 14:01:12 - [MESSAGE][PASSED] - Object: 'Object Repository/CERTPAY_ADMIN/FULL_REFUND_BUTTON' is clicked on

2020-10-13 14:01:12 - [MESSAGE][PASSED] - Quicksti_Samday_FullRefunds_Admin.ts:Clicked on the Set To Full Refund

2020-10-13 14:01:12 - [TEST_STEP][PASSED] - utilities.SafeActions.safeClick(findTestObject("Object Repository/CERTPAY_ADMIN/PROCESS_REVERSAL"), "Process Reversal", [pageLoadTime]): Quicksti_Samday_FullRefunds_Admin.ts:Clicked on the Process Reversal

2020-10-13 14:01:12 - [MESSAGE][INFO] - safeClicking

2020-10-13 14:01:12 - [MESSAGE][PASSED] - Object 'Object Repository/CERTPAY_ADMIN/PROCESS_REVERSAL' is present

2020-10-13 14:01:12 - [MESSAGE][PASSED] - Object 'Object Repository/CERTPAY_ADMIN/PROCESS_REVERSAL' is clickable

2020-10-13 14:01:14 - [MESSAGE][PASSED] - Object: 'Object Repository/CERTPAY_ADMIN/PROCESS_REVERSAL' is clicked on

2020-10-13 14:01:14 - [MESSAGE][PASSED] - Quicksti_Samday_FullRefunds_Admin.ts:Clicked on the Process Reversal

2020-10-13 14:01:14 - [TEST_STEP][PASSED] - delay(2): Delayed 2 second(s)

2020-10-13 14:01:16 - [MESSAGE][PASSED] - Delayed 2 second(s)

2020-10-13 14:01:16 - [TEST_STEP][PASSED] - firstName = data.getValue("FirstName", index): null

2020-10-13 14:01:16 - [TEST_STEP][PASSED] - lastName = data.getValue("LastName", index): null

2020-10-13 14:01:16 - [TEST_STEP][PASSED] - expMonth = data.getValue("ExpMonth", index): null

2020-10-13 14:01:16 - [TEST_STEP][PASSED] - expYear = data.getValue("ExpYear", index): null

2020-10-13 14:01:16 - [TEST_STEP][PASSED] - securityCode = data.getValue("SecurityCode", index): null

2020-10-13 14:01:16 - [TEST_STEP][PASSED] - paymentAmount = data.getValue("PaymentAmount", index): null

2020-10-13 14:01:16 - [TEST_STEP][PASSED] - paymentType = data.getValue("PaymentType", index): null

2020-10-13 14:01:16 - [TEST_STEP][PASSED] - quantity = data.getValue("Quantity", index): null

2020-10-13 14:01:16 - [TEST_STEP][PASSED] - comments = data.getValue("Comments", index): null

2020-10-13 14:01:16 - [TEST_STEP][PASSED] - referenceNum = data.getValue("ReferenceNum", index): null

2020-10-13 14:01:16 - [TEST_STEP][PASSED] - address = data.getValue("Address", index): null

2020-10-13 14:01:16 - [TEST_STEP][PASSED] - zipCode = data.getValue("Zipcode", index): null

2020-10-13 14:01:16 - [TEST_STEP][PASSED] - telephone = data.getValue("Telephone", index): null

2020-10-13 14:01:16 - [TEST_STEP][PASSED] - emailAddress = data.getValue("EmailAddress", index): null

2020-10-13 14:01:16 - [TEST_STEP][PASSED] - cardNum = data.getValue("CardNumber", index): null

2020-10-13 14:01:16 - [TEST_STEP][PASSED] - cardType = data.getValue("CardType", index): null

2020-10-13 14:01:16 - [TEST_STEP][PASSED] - utilities.SafeActions.openBrowser(Quicksti_Url, [pageLoadTime]): Browser launched successfully

2020-10-13 14:01:16 - [MESSAGE][INFO] - Opening Browser

2020-10-13 14:01:16 - [MESSAGE][WARNING] - A browser is already opened. Closing browser and opening a new one

2020-10-13 14:01:18 - [MESSAGE][INFO] - Starting 'Chrome' driver

2020-10-13 14:01:27 - [MESSAGE][PASSED] - Browser is opened with url: 'https://qa-certpayquicksti.faps.net/'

2020-10-13 14:01:29 - [MESSAGE][PASSED] - Current window maximized

2020-10-13 14:01:29 - [MESSAGE][PASSED] - Browser launched successfully

2020-10-13 14:01:29 - [TEST_STEP][PASSED] - utilities.SafeActions.safeType(findTestObject("CERTPAY_QUICKSTI/Login_ Page/BUREAU_CODE"), bureau_code, "Bureau code", [pageLoadTime]): Quicksti_Samday_FullRefunds_Admin.ts:Entered'6100000 into Bureau code

2020-10-13 14:01:29 - [MESSAGE][PASSED] - Object 'Object Repository/CERTPAY_QUICKSTI/Login_ Page/BUREAU_CODE' is present

2020-10-13 14:01:29 - [MESSAGE][PASSED] - Object 'Object Repository/CERTPAY_QUICKSTI/Login_ Page/BUREAU_CODE' is visible

2020-10-13 14:01:30 - [MESSAGE][PASSED] - Object 'Object Repository/CERTPAY_QUICKSTI/Login_ Page/BUREAU_CODE' is present

2020-10-13 14:01:31 - [MESSAGE][PASSED] - Text '6100000' is set on object 'Object Repository/CERTPAY_QUICKSTI/Login_ Page/BUREAU_CODE'

2020-10-13 14:01:31 - [MESSAGE][PASSED] - Quicksti_Samday_FullRefunds_Admin.ts:Entered'6100000 into Bureau code

2020-10-13 14:01:31 - [TEST_STEP][PASSED] - utilities.SafeActions.safeType(findTestObject("CERTPAY_QUICKSTI/Login_ Page/TELLER_ID"), teller_id, "Bureau code", [pageLoadTime]): Quicksti_Samday_FullRefunds_Admin.ts:Entered'zenq into Bureau code

2020-10-13 14:01:31 - [MESSAGE][PASSED] - Object 'Object Repository/CERTPAY_QUICKSTI/Login_ Page/TELLER_ID' is present

2020-10-13 14:01:32 - [MESSAGE][PASSED] - Object 'Object Repository/CERTPAY_QUICKSTI/Login_ Page/TELLER_ID' is visible

2020-10-13 14:01:32 - [MESSAGE][PASSED] - Object 'Object Repository/CERTPAY_QUICKSTI/Login_ Page/TELLER_ID' is present

2020-10-13 14:01:33 - [MESSAGE][PASSED] - Text 'zenq' is set on object 'Object Repository/CERTPAY_QUICKSTI/Login_ Page/TELLER_ID'

2020-10-13 14:01:33 - [MESSAGE][PASSED] - Quicksti_Samday_FullRefunds_Admin.ts:Entered'zenq into Bureau code

2020-10-13 14:01:33 - [TEST_STEP][PASSED] - utilities.SafeActions.safeClick(findTestObject("CERTPAY_QUICKSTI/Login_ Page/NEXT_BUTTON"), "Next button", [pageLoadTime]): Quicksti_Samday_FullRefunds_Admin.ts:Clicked on the Next button

2020-10-13 14:01:33 - [MESSAGE][INFO] - safeClicking

2020-10-13 14:01:33 - [MESSAGE][PASSED] - Object 'Object Repository/CERTPAY_QUICKSTI/Login_ Page/NEXT_BUTTON' is present

2020-10-13 14:01:34 - [MESSAGE][PASSED] - Object 'Object Repository/CERTPAY_QUICKSTI/Login_ Page/NEXT_BUTTON' is clickable

2020-10-13 14:01:37 - [MESSAGE][PASSED] - Object: 'Object Repository/CERTPAY_QUICKSTI/Login_ Page/NEXT_BUTTON' is clicked on

2020-10-13 14:01:37 - [MESSAGE][PASSED] - Quicksti_Samday_FullRefunds_Admin.ts:Clicked on the Next button

2020-10-13 14:01:37 - [TEST_STEP][PASSED] - utilities.SafeActions.safeClick(findTestObject("CERTPAY_QUICKSTI/Payment_Information_Page/MANUAL_ENTRY_BUTTON"), "ManualEntry", [pageLoadTime]): Quicksti_Samday_FullRefunds_Admin.ts:Clicked on the ManualEntry

2020-10-13 14:01:37 - [MESSAGE][INFO] - safeClicking

2020-10-13 14:01:38 - [MESSAGE][PASSED] - Object 'Object Repository/CERTPAY_QUICKSTI/Payment_Information_Page/MANUAL_ENTRY_BUTTON' is present

2020-10-13 14:01:38 - [MESSAGE][PASSED] - Object 'Object Repository/CERTPAY_QUICKSTI/Payment_Information_Page/MANUAL_ENTRY_BUTTON' is clickable

2020-10-13 14:01:40 - [MESSAGE][PASSED] - Object: 'Object Repository/CERTPAY_QUICKSTI/Payment_Information_Page/MANUAL_ENTRY_BUTTON' is clicked on

2020-10-13 14:01:40 - [MESSAGE][PASSED] - Quicksti_Samday_FullRefunds_Admin.ts:Clicked on the ManualEntry

2020-10-13 14:01:40 - [TEST_STEP][PASSED] - CardNumber = pages.Quicksti.setUserPaymentDetails(firstName, lastName, cardNum): Quicksti_Samday_FullRefunds_Admin.ts:Entered'8171999900000018 into CardNum

2020-10-13 14:01:41 - [MESSAGE][PASSED] - Object 'Object Repository/CERTPAY_QUICKSTI/Payment_Information_Page/FIRST_NAME' is present

2020-10-13 14:01:41 - [MESSAGE][PASSED] - Object 'Object Repository/CERTPAY_QUICKSTI/Payment_Information_Page/FIRST_NAME' is visible

2020-10-13 14:01:41 - [MESSAGE][PASSED] - Object 'Object Repository/CERTPAY_QUICKSTI/Payment_Information_Page/FIRST_NAME' is present

2020-10-13 14:01:43 - [MESSAGE][PASSED] - Text 'Tester' is set on object 'Object Repository/CERTPAY_QUICKSTI/Payment_Information_Page/FIRST_NAME'

2020-10-13 14:01:43 - [MESSAGE][PASSED] - Quicksti_Samday_FullRefunds_Admin.ts:Entered'Tester into FirstName

2020-10-13 14:01:43 - [MESSAGE][PASSED] - Object 'Object Repository/CERTPAY_QUICKSTI/Payment_Information_Page/LAST_NAME' is present

2020-10-13 14:01:43 - [MESSAGE][PASSED] - Object 'Object Repository/CERTPAY_QUICKSTI/Payment_Information_Page/LAST_NAME' is visible

2020-10-13 14:01:44 - [MESSAGE][PASSED] - Object 'Object Repository/CERTPAY_QUICKSTI/Payment_Information_Page/LAST_NAME' is present

2020-10-13 14:01:45 - [MESSAGE][PASSED] - Text 'Zenq1' is set on object 'Object Repository/CERTPAY_QUICKSTI/Payment_Information_Page/LAST_NAME'

2020-10-13 14:01:45 - [MESSAGE][PASSED] - Quicksti_Samday_FullRefunds_Admin.ts:Entered'Zenq1 into LAstName

2020-10-13 14:01:45 - [MESSAGE][PASSED] - Object 'Object Repository/CERTPAY_QUICKSTI/Payment_Information_Page/CARD_NUMBER' is present

2020-10-13 14:01:46 - [MESSAGE][PASSED] - Object 'Object Repository/CERTPAY_QUICKSTI/Payment_Information_Page/CARD_NUMBER' is visible

2020-10-13 14:01:46 - [MESSAGE][PASSED] - Object 'Object Repository/CERTPAY_QUICKSTI/Payment_Information_Page/CARD_NUMBER' is present

2020-10-13 14:01:47 - [MESSAGE][PASSED] - Text '8171999900000018' is set on object 'Object Repository/CERTPAY_QUICKSTI/Payment_Information_Page/CARD_NUMBER'

2020-10-13 14:01:47 - [MESSAGE][PASSED] - Quicksti_Samday_FullRefunds_Admin.ts:Entered'8171999900000018 into CardNum

2020-10-13 14:01:47 - [TEST_STEP][PASSED] - utilities.SafeActions.safeSelectOptionInDropdownByVisibleText(findTestObject("CERTPAY_QUICKSTI/Payment_Information_Page/PAYMENT_TYPE"), paymentType, "paymentType", [pageLoadTime]): selected dropdown option by visible text  Licensesfrom paymentType

2020-10-13 14:01:48 - [MESSAGE][PASSED] - Object 'Object Repository/CERTPAY_QUICKSTI/Payment_Information_Page/PAYMENT_TYPE' is visible

2020-10-13 14:01:48 - [MESSAGE][PASSED] - Object 'Object Repository/CERTPAY_QUICKSTI/Payment_Information_Page/PAYMENT_TYPE' is present

2020-10-13 14:01:49 - [MESSAGE][PASSED] - Object: 'Object Repository/CERTPAY_QUICKSTI/Payment_Information_Page/PAYMENT_TYPE' is clicked on

2020-10-13 14:01:50 - [MESSAGE][PASSED] - All options with label 'Licenses' are selected in object 'Object Repository/CERTPAY_QUICKSTI/Payment_Information_Page/PAYMENT_TYPE'  using regular expression

2020-10-13 14:01:50 - [MESSAGE][PASSED] - selected dropdown option by visible text  Licensesfrom paymentType

2020-10-13 14:01:50 - [TEST_STEP][PASSED] - pages.Quicksti.setExpDate(expMonth, expYear, securityCode): Quicksti_Samday_FullRefunds_Admin.ts:Entered'111 into securityCode

2020-10-13 14:01:51 - [MESSAGE][PASSED] - Object 'Object Repository/CERTPAY_QUICKSTI/Payment_Information_Page/EXP_MONTH' is visible

2020-10-13 14:01:51 - [MESSAGE][PASSED] - Object 'Object Repository/CERTPAY_QUICKSTI/Payment_Information_Page/EXP_MONTH' is present

2020-10-13 14:01:52 - [MESSAGE][PASSED] - Object: 'Object Repository/CERTPAY_QUICKSTI/Payment_Information_Page/EXP_MONTH' is clicked on

2020-10-13 14:01:53 - [MESSAGE][PASSED] - All options with label '04' are selected in object 'Object Repository/CERTPAY_QUICKSTI/Payment_Information_Page/EXP_MONTH'  using regular expression

2020-10-13 14:01:53 - [MESSAGE][PASSED] - selected dropdown option by visible text  04from expMonth

2020-10-13 14:01:54 - [MESSAGE][PASSED] - Object 'Object Repository/CERTPAY_QUICKSTI/Payment_Information_Page/EXP_YEAR' is visible

2020-10-13 14:01:54 - [MESSAGE][PASSED] - Object 'Object Repository/CERTPAY_QUICKSTI/Payment_Information_Page/EXP_YEAR' is present

2020-10-13 14:01:55 - [MESSAGE][PASSED] - Object: 'Object Repository/CERTPAY_QUICKSTI/Payment_Information_Page/EXP_YEAR' is clicked on

2020-10-13 14:01:57 - [MESSAGE][PASSED] - All options with label '2027' are selected in object 'Object Repository/CERTPAY_QUICKSTI/Payment_Information_Page/EXP_YEAR'  using regular expression

2020-10-13 14:01:57 - [MESSAGE][PASSED] - selected dropdown option by visible text  2027from  expYear

2020-10-13 14:01:57 - [MESSAGE][PASSED] - Object 'Object Repository/CERTPAY_QUICKSTI/Payment_Information_Page/SECURITY_CODE' is present

2020-10-13 14:01:57 - [MESSAGE][PASSED] - Object 'Object Repository/CERTPAY_QUICKSTI/Payment_Information_Page/SECURITY_CODE' is visible

2020-10-13 14:01:58 - [MESSAGE][PASSED] - Object 'Object Repository/CERTPAY_QUICKSTI/Payment_Information_Page/SECURITY_CODE' is present

2020-10-13 14:01:59 - [MESSAGE][PASSED] - Text '111' is set on object 'Object Repository/CERTPAY_QUICKSTI/Payment_Information_Page/SECURITY_CODE'

2020-10-13 14:01:59 - [MESSAGE][PASSED] - Quicksti_Samday_FullRefunds_Admin.ts:Entered'111 into securityCode

2020-10-13 14:01:59 - [TEST_STEP][PASSED] - pages.Quicksti.setPaymentAmountDetailsForSinglePayment(paymentAmount, quantity): Quicksti_Samday_FullRefunds_Admin.ts:Entered'1 into Quantity

2020-10-13 14:01:59 - [MESSAGE][PASSED] - Object 'Object Repository/CERTPAY_QUICKSTI/Payment_Information_Page/PAYMENT_AMOUNT' is present

2020-10-13 14:02:00 - [MESSAGE][PASSED] - Object 'Object Repository/CERTPAY_QUICKSTI/Payment_Information_Page/PAYMENT_AMOUNT' is visible

2020-10-13 14:02:00 - [MESSAGE][PASSED] - Object 'Object Repository/CERTPAY_QUICKSTI/Payment_Information_Page/PAYMENT_AMOUNT' is present

2020-10-13 14:02:01 - [MESSAGE][PASSED] - Text '30.00' is set on object 'Object Repository/CERTPAY_QUICKSTI/Payment_Information_Page/PAYMENT_AMOUNT'

2020-10-13 14:02:01 - [MESSAGE][PASSED] - Quicksti_Samday_FullRefunds_Admin.ts:Entered'30.00 into amount

2020-10-13 14:02:02 - [MESSAGE][PASSED] - Object 'Object Repository/CERTPAY_QUICKSTI/Payment_Information_Page/QUANTITY' is present

2020-10-13 14:02:02 - [MESSAGE][PASSED] - Object 'Object Repository/CERTPAY_QUICKSTI/Payment_Information_Page/QUANTITY' is visible

2020-10-13 14:02:03 - [MESSAGE][PASSED] - Object 'Object Repository/CERTPAY_QUICKSTI/Payment_Information_Page/QUANTITY' is present

2020-10-13 14:02:04 - [MESSAGE][PASSED] - Text '1' is set on object 'Object Repository/CERTPAY_QUICKSTI/Payment_Information_Page/QUANTITY'

2020-10-13 14:02:04 - [MESSAGE][PASSED] - Quicksti_Samday_FullRefunds_Admin.ts:Entered'1 into Quantity

2020-10-13 14:02:04 - [TEST_STEP][PASSED] - utilities.SafeActions.safeType(findTestObject("CERTPAY_QUICKSTI/Payment_Information_Page/REFRENCE_NUMBER"), referenceNum, "Reference Number", [pageLoadTime]): Quicksti_Samday_FullRefunds_Admin.ts:Entered'13 into Reference Number

2020-10-13 14:02:04 - [MESSAGE][PASSED] - Object 'Object Repository/CERTPAY_QUICKSTI/Payment_Information_Page/REFRENCE_NUMBER' is present

2020-10-13 14:02:05 - [MESSAGE][PASSED] - Object 'Object Repository/CERTPAY_QUICKSTI/Payment_Information_Page/REFRENCE_NUMBER' is visible

2020-10-13 14:02:05 - [MESSAGE][PASSED] - Object 'Object Repository/CERTPAY_QUICKSTI/Payment_Information_Page/REFRENCE_NUMBER' is present

2020-10-13 14:02:06 - [MESSAGE][PASSED] - Text '13' is set on object 'Object Repository/CERTPAY_QUICKSTI/Payment_Information_Page/REFRENCE_NUMBER'

2020-10-13 14:02:06 - [MESSAGE][PASSED] - Quicksti_Samday_FullRefunds_Admin.ts:Entered'13 into Reference Number

2020-10-13 14:02:06 - [TEST_STEP][PASSED] - amount_Value = pages.Quicksti.getAttributeValue(findTestObject("CERTPAY_QUICKSTI/Payment_Information_Page/SUB_TOTAL")): pages.Quicksti.getAttributeValue is PASSED

2020-10-13 14:02:07 - [MESSAGE][PASSED] - Attribute 'value' of object 'Object Repository/CERTPAY_QUICKSTI/Payment_Information_Page/SUB_TOTAL' is: '30.00'

2020-10-13 14:02:07 - [MESSAGE][PASSED] - pages.Quicksti.getAttributeValue is PASSED

2020-10-13 14:02:07 - [TEST_STEP][PASSED] - utilities.SafeActions.safeType(findTestObject("CERTPAY_QUICKSTI/Payment_Information_Page/COMMENTS"), "Testing", "Comments", [pageLoadTime]): Quicksti_Samday_FullRefunds_Admin.ts:Entered'Testing into Comments

2020-10-13 14:02:07 - [MESSAGE][PASSED] - Object 'Object Repository/CERTPAY_QUICKSTI/Payment_Information_Page/COMMENTS' is present

2020-10-13 14:02:07 - [MESSAGE][PASSED] - Object 'Object Repository/CERTPAY_QUICKSTI/Payment_Information_Page/COMMENTS' is visible

2020-10-13 14:02:08 - [MESSAGE][PASSED] - Object 'Object Repository/CERTPAY_QUICKSTI/Payment_Information_Page/COMMENTS' is present

2020-10-13 14:02:09 - [MESSAGE][PASSED] - Text 'Testing' is set on object 'Object Repository/CERTPAY_QUICKSTI/Payment_Information_Page/COMMENTS'

2020-10-13 14:02:09 - [MESSAGE][PASSED] - Quicksti_Samday_FullRefunds_Admin.ts:Entered'Testing into Comments

2020-10-13 14:02:09 - [TEST_STEP][PASSED] - utilities.SafeActions.safeType(findTestObject("CERTPAY_QUICKSTI/Payment_Information_Page/ADDRESS"), address, "Address", [pageLoadTime]): Quicksti_Samday_FullRefunds_Admin.ts:Entered'14-2 into Address

2020-10-13 14:02:09 - [MESSAGE][PASSED] - Object 'Object Repository/CERTPAY_QUICKSTI/Payment_Information_Page/ADDRESS' is present

2020-10-13 14:02:10 - [MESSAGE][PASSED] - Object 'Object Repository/CERTPAY_QUICKSTI/Payment_Information_Page/ADDRESS' is visible

2020-10-13 14:02:10 - [MESSAGE][PASSED] - Object 'Object Repository/CERTPAY_QUICKSTI/Payment_Information_Page/ADDRESS' is present

2020-10-13 14:02:11 - [MESSAGE][PASSED] - Text '14-2' is set on object 'Object Repository/CERTPAY_QUICKSTI/Payment_Information_Page/ADDRESS'

2020-10-13 14:02:11 - [MESSAGE][PASSED] - Quicksti_Samday_FullRefunds_Admin.ts:Entered'14-2 into Address

2020-10-13 14:02:11 - [TEST_STEP][PASSED] - utilities.SafeActions.safeType(findTestObject("CERTPAY_QUICKSTI/Payment_Information_Page/ZIP_CODE"), zipCode, "zipcode", [pageLoadTime]): Quicksti_Samday_FullRefunds_Admin.ts:Entered'76102 into zipcode

2020-10-13 14:02:11 - [MESSAGE][PASSED] - Object 'Object Repository/CERTPAY_QUICKSTI/Payment_Information_Page/ZIP_CODE' is present

2020-10-13 14:02:12 - [MESSAGE][PASSED] - Object 'Object Repository/CERTPAY_QUICKSTI/Payment_Information_Page/ZIP_CODE' is visible

2020-10-13 14:02:12 - [MESSAGE][PASSED] - Object 'Object Repository/CERTPAY_QUICKSTI/Payment_Information_Page/ZIP_CODE' is present

2020-10-13 14:02:13 - [MESSAGE][PASSED] - Text '76102' is set on object 'Object Repository/CERTPAY_QUICKSTI/Payment_Information_Page/ZIP_CODE'

2020-10-13 14:02:13 - [MESSAGE][PASSED] - Quicksti_Samday_FullRefunds_Admin.ts:Entered'76102 into zipcode

2020-10-13 14:02:13 - [TEST_STEP][PASSED] - utilities.SafeActions.safeType(findTestObject("CERTPAY_QUICKSTI/Payment_Information_Page/TELEPHONE"), telephone, "Telephone", [pageLoadTime]): Quicksti_Samday_FullRefunds_Admin.ts:Entered'9989897654 into Telephone

2020-10-13 14:02:14 - [MESSAGE][PASSED] - Object 'Object Repository/CERTPAY_QUICKSTI/Payment_Information_Page/TELEPHONE' is present

2020-10-13 14:02:14 - [MESSAGE][PASSED] - Object 'Object Repository/CERTPAY_QUICKSTI/Payment_Information_Page/TELEPHONE' is visible

2020-10-13 14:02:14 - [MESSAGE][PASSED] - Object 'Object Repository/CERTPAY_QUICKSTI/Payment_Information_Page/TELEPHONE' is present

2020-10-13 14:02:16 - [MESSAGE][PASSED] - Text '9989897654' is set on object 'Object Repository/CERTPAY_QUICKSTI/Payment_Information_Page/TELEPHONE'

2020-10-13 14:02:16 - [MESSAGE][PASSED] - Quicksti_Samday_FullRefunds_Admin.ts:Entered'9989897654 into Telephone

2020-10-13 14:02:16 - [TEST_STEP][PASSED] - utilities.SafeActions.safeType(findTestObject("CERTPAY_QUICKSTI/Payment_Information_Page/EMAIL_ADDRESS"), emailAddress, "EMAIL address", [pageLoadTime]): Quicksti_Samday_FullRefunds_Admin.ts:Entered'testing@zenq.com into EMAIL address

2020-10-13 14:02:16 - [MESSAGE][PASSED] - Object 'Object Repository/CERTPAY_QUICKSTI/Payment_Information_Page/EMAIL_ADDRESS' is present

2020-10-13 14:02:16 - [MESSAGE][PASSED] - Object 'Object Repository/CERTPAY_QUICKSTI/Payment_Information_Page/EMAIL_ADDRESS' is visible

2020-10-13 14:02:17 - [MESSAGE][PASSED] - Object 'Object Repository/CERTPAY_QUICKSTI/Payment_Information_Page/EMAIL_ADDRESS' is present

2020-10-13 14:02:18 - [MESSAGE][PASSED] - Text 'testing@zenq.com' is set on object 'Object Repository/CERTPAY_QUICKSTI/Payment_Information_Page/EMAIL_ADDRESS'

2020-10-13 14:02:18 - [MESSAGE][PASSED] - Quicksti_Samday_FullRefunds_Admin.ts:Entered'testing@zenq.com into EMAIL address

2020-10-13 14:02:18 - [TEST_STEP][PASSED] - utilities.SafeActions.safeClick(findTestObject("CERTPAY_QUICKSTI/Payment_Information_Page/NEXT_BUTTON"), "Next", [pageLoadTime]): Quicksti_Samday_FullRefunds_Admin.ts:Clicked on the Next

2020-10-13 14:02:18 - [MESSAGE][INFO] - safeClicking

2020-10-13 14:02:18 - [MESSAGE][PASSED] - Object 'Object Repository/CERTPAY_QUICKSTI/Payment_Information_Page/NEXT_BUTTON' is present

2020-10-13 14:02:19 - [MESSAGE][PASSED] - Object 'Object Repository/CERTPAY_QUICKSTI/Payment_Information_Page/NEXT_BUTTON' is clickable

2020-10-13 14:02:22 - [MESSAGE][PASSED] - Object: 'Object Repository/CERTPAY_QUICKSTI/Payment_Information_Page/NEXT_BUTTON' is clicked on

2020-10-13 14:02:22 - [MESSAGE][PASSED] - Quicksti_Samday_FullRefunds_Admin.ts:Clicked on the Next

2020-10-13 14:02:22 - [TEST_STEP][PASSED] - pages.Quicksti.verifyUserPaymentDetails(paymentAmount, firstName, lastName, CardNumber): pages.Quicksti.verifyUserPaymentDetails is PASSED

2020-10-13 14:02:22 - [MESSAGE][PASSED] - Text of object 'Object Repository/CERTPAY_QUICKSTI/Payment_Details_Verification_Page/AMOUNT' is: '$30.00'

2020-10-13 14:02:22 - [MESSAGE][PASSED] - Actual text '30.00' and expected text '30.00' are matched  using regular expression

2020-10-13 14:02:23 - [MESSAGE][PASSED] - Text of object 'Object Repository/CERTPAY_QUICKSTI/Payment_Details_Verification_Page/NAME' is: 'Tester Zenq1'

2020-10-13 14:02:23 - [MESSAGE][PASSED] - Actual text 'Tester Zenq1' and expected text 'Tester Zenq1' are matched  using regular expression

2020-10-13 14:02:23 - [MESSAGE][PASSED] - Text of object 'Object Repository/CERTPAY_QUICKSTI/Payment_Details_Verification_Page/CARD_NUMBER' is: '...0018'

2020-10-13 14:02:23 - [MESSAGE][PASSED] - Actual text '0018' and expected text '0018' are matched  using regular expression

2020-10-13 14:02:23 - [MESSAGE][PASSED] - pages.Quicksti.verifyUserPaymentDetails is PASSED

2020-10-13 14:02:23 - [TEST_STEP][PASSED] - delay(2): Delayed 2 second(s)

2020-10-13 14:02:25 - [MESSAGE][PASSED] - Delayed 2 second(s)

2020-10-13 14:02:25 - [TEST_STEP][PASSED] - scrollToElement(findTestObject("CERTPAY_QUICKSTI/Payment_Details_Verification_Page/PROCESS"), 30): Scroll to object 'Object Repository/CERTPAY_QUICKSTI/Payment_Details_Verification_Page/PROCESS' successfully

2020-10-13 14:02:25 - [MESSAGE][PASSED] - Scroll to object 'Object Repository/CERTPAY_QUICKSTI/Payment_Details_Verification_Page/PROCESS' successfully

2020-10-13 14:02:25 - [TEST_STEP][PASSED] - utilities.SafeActions.safeClick(findTestObject("CERTPAY_QUICKSTI/Payment_Details_Verification_Page/PROCESS"), "Process", [pageLoadTime]): Quicksti_Samday_FullRefunds_Admin.ts:Clicked on the Process

2020-10-13 14:02:25 - [MESSAGE][INFO] - safeClicking

2020-10-13 14:02:26 - [MESSAGE][PASSED] - Object 'Object Repository/CERTPAY_QUICKSTI/Payment_Details_Verification_Page/PROCESS' is present

2020-10-13 14:02:26 - [MESSAGE][PASSED] - Object 'Object Repository/CERTPAY_QUICKSTI/Payment_Details_Verification_Page/PROCESS' is clickable

2020-10-13 14:02:30 - [MESSAGE][PASSED] - Object: 'Object Repository/CERTPAY_QUICKSTI/Payment_Details_Verification_Page/PROCESS' is clicked on

2020-10-13 14:02:30 - [MESSAGE][PASSED] - Quicksti_Samday_FullRefunds_Admin.ts:Clicked on the Process

2020-10-13 14:02:30 - [TEST_STEP][PASSED] - paymentId = pages.Quicksti.verifyPaymentApproval(findTestObject("CERTPAY_QUICKSTI/Payment_Details_Verification_Page/APPROVED")): Payment is approved

2020-10-13 14:02:30 - [MESSAGE][PASSED] - Text of object 'Object Repository/CERTPAY_QUICKSTI/Payment_Details_Verification_Page/PAYMENT_ID' is: '100176127554'

2020-10-13 14:02:31 - [MESSAGE][PASSED] - Object 'Object Repository/CERTPAY_QUICKSTI/Payment_Details_Verification_Page/APPROVED' is present

2020-10-13 14:02:31 - [MESSAGE][PASSED] - Payment is approved

2020-10-13 14:02:33 - [TEST_STEP][PASSED] - navigateToUrl(Admin_url): Navigate to 'https://qa-certpayadmin.faps.net' successfully

2020-10-13 14:02:38 - [MESSAGE][PASSED] - Navigate to 'https://qa-certpayadmin.faps.net' successfully

2020-10-13 14:02:38 - [TEST_STEP][PASSED] - pages.Bureau_Login_Page.loginToAdminSite(AdminUsername, AdminPassword): Quicksti_Samday_FullRefunds_Admin.ts:Clicked on the LOGIN

2020-10-13 14:02:39 - [MESSAGE][PASSED] - Object 'Object Repository/CERTPAY_ADMIN/USER_NAME' is present

2020-10-13 14:02:39 - [MESSAGE][PASSED] - Object 'Object Repository/CERTPAY_ADMIN/USER_NAME' is visible

2020-10-13 14:02:39 - [MESSAGE][PASSED] - Object 'Object Repository/CERTPAY_ADMIN/USER_NAME' is present

2020-10-13 14:02:41 - [MESSAGE][PASSED] - Text 'VVangiliappan' is set on object 'Object Repository/CERTPAY_ADMIN/USER_NAME'

2020-10-13 14:02:41 - [MESSAGE][PASSED] - Quicksti_Samday_FullRefunds_Admin.ts:Entered'VVangiliappan into username

2020-10-13 14:02:41 - [MESSAGE][PASSED] - Object 'Object Repository/CERTPAY_ADMIN/PASSWORD' is present

2020-10-13 14:02:41 - [MESSAGE][PASSED] - Object 'Object Repository/CERTPAY_ADMIN/PASSWORD' is visible

2020-10-13 14:02:42 - [MESSAGE][PASSED] - Object 'Object Repository/CERTPAY_ADMIN/PASSWORD' is present

2020-10-13 14:02:43 - [MESSAGE][PASSED] - Text 'Test@123' is set on object 'Object Repository/CERTPAY_ADMIN/PASSWORD'

2020-10-13 14:02:43 - [MESSAGE][PASSED] - Quicksti_Samday_FullRefunds_Admin.ts:Entered'Test@123 into password

2020-10-13 14:02:43 - [MESSAGE][INFO] - safeClicking

2020-10-13 14:02:43 - [MESSAGE][PASSED] - Object 'Object Repository/CERTPAY_ADMIN/LOGIN_BUTTON' is present

2020-10-13 14:02:44 - [MESSAGE][PASSED] - Object 'Object Repository/CERTPAY_ADMIN/LOGIN_BUTTON' is clickable

2020-10-13 14:02:50 - [MESSAGE][PASSED] - Object: 'Object Repository/CERTPAY_ADMIN/LOGIN_BUTTON' is clicked on

2020-10-13 14:02:50 - [MESSAGE][PASSED] - Quicksti_Samday_FullRefunds_Admin.ts:Clicked on the LOGIN

2020-10-13 14:02:50 - [TEST_STEP][PASSED] - utilities.SafeActions.safeClick(findTestObject("CERTPAY_ADMIN/TRANSACTION_MENU"), "TransactionMenu", [pageLoadTime]): Quicksti_Samday_FullRefunds_Admin.ts:Clicked on the TransactionMenu

2020-10-13 14:02:50 - [MESSAGE][INFO] - safeClicking

2020-10-13 14:02:51 - [MESSAGE][PASSED] - Object 'Object Repository/CERTPAY_ADMIN/TRANSACTION_MENU' is present

2020-10-13 14:02:51 - [MESSAGE][PASSED] - Object 'Object Repository/CERTPAY_ADMIN/TRANSACTION_MENU' is clickable

2020-10-13 14:02:52 - [MESSAGE][PASSED] - Object: 'Object Repository/CERTPAY_ADMIN/TRANSACTION_MENU' is clicked on

2020-10-13 14:02:52 - [MESSAGE][PASSED] - Quicksti_Samday_FullRefunds_Admin.ts:Clicked on the TransactionMenu

2020-10-13 14:02:52 - [TEST_STEP][PASSED] - utilities.SafeActions.safeClick(findTestObject("CERTPAY_ADMIN/TRANSACTION_SEARCH"), "TransactionSearch", [pageLoadTime]): Quicksti_Samday_FullRefunds_Admin.ts:Clicked on the TransactionSearch

2020-10-13 14:02:52 - [MESSAGE][INFO] - safeClicking

2020-10-13 14:02:53 - [MESSAGE][PASSED] - Object 'Object Repository/CERTPAY_ADMIN/TRANSACTION_SEARCH' is present

2020-10-13 14:02:53 - [MESSAGE][PASSED] - Object 'Object Repository/CERTPAY_ADMIN/TRANSACTION_SEARCH' is clickable

2020-10-13 14:02:56 - [MESSAGE][PASSED] - Object: 'Object Repository/CERTPAY_ADMIN/TRANSACTION_SEARCH' is clicked on

2020-10-13 14:02:56 - [MESSAGE][PASSED] - Quicksti_Samday_FullRefunds_Admin.ts:Clicked on the TransactionSearch

2020-10-13 14:02:56 - [TEST_STEP][PASSED] - utilities.SafeActions.safeType(findTestObject("CERTPAY_ADMIN/PAYMENT_ID"), paymentId, "Payment id", [pageLoadTime]): Quicksti_Samday_FullRefunds_Admin.ts:Entered'100176127554 into Payment id

2020-10-13 14:02:57 - [MESSAGE][PASSED] - Object 'Object Repository/CERTPAY_ADMIN/PAYMENT_ID' is present

2020-10-13 14:02:57 - [MESSAGE][PASSED] - Object 'Object Repository/CERTPAY_ADMIN/PAYMENT_ID' is visible

2020-10-13 14:02:57 - [MESSAGE][PASSED] - Object 'Object Repository/CERTPAY_ADMIN/PAYMENT_ID' is present

2020-10-13 14:02:59 - [MESSAGE][PASSED] - Text '100176127554' is set on object 'Object Repository/CERTPAY_ADMIN/PAYMENT_ID'

2020-10-13 14:02:59 - [MESSAGE][PASSED] - Quicksti_Samday_FullRefunds_Admin.ts:Entered'100176127554 into Payment id

2020-10-13 14:02:59 - [TEST_STEP][PASSED] - utilities.SafeActions.safeClick(findTestObject("CERTPAY_ADMIN/GO_BUTTON"), "Go button", [pageLoadTime]): Quicksti_Samday_FullRefunds_Admin.ts:Clicked on the Go button

2020-10-13 14:02:59 - [MESSAGE][INFO] - safeClicking

2020-10-13 14:02:59 - [MESSAGE][PASSED] - Object 'Object Repository/CERTPAY_ADMIN/GO_BUTTON' is present

2020-10-13 14:02:59 - [MESSAGE][PASSED] - Object 'Object Repository/CERTPAY_ADMIN/GO_BUTTON' is clickable

2020-10-13 14:03:02 - [MESSAGE][PASSED] - Object: 'Object Repository/CERTPAY_ADMIN/GO_BUTTON' is clicked on

2020-10-13 14:03:02 - [MESSAGE][PASSED] - Quicksti_Samday_FullRefunds_Admin.ts:Clicked on the Go button

2020-10-13 14:03:02 - [TEST_STEP][PASSED] - delay(3): Delayed 3 second(s)

2020-10-13 14:03:05 - [MESSAGE][PASSED] - Delayed 3 second(s)

2020-10-13 14:03:05 - [TEST_STEP][PASSED] - paymentIdList.add(paymentId): null

2020-10-13 14:03:05 - [TEST_STEP][PASSED] - println(paymentIdList): null

2020-10-13 14:03:05 - [TEST_STEP][PASSED] - utilities.SafeActions.safeClick(findTestObject("CERTPAY_ADMIN/ACTIONS_BUTTON"), "Actions button", [pageLoadTime]): Quicksti_Samday_FullRefunds_Admin.ts:Clicked on the Actions button

2020-10-13 14:03:06 - [MESSAGE][INFO] - safeClicking

2020-10-13 14:03:06 - [MESSAGE][PASSED] - Object 'Object Repository/CERTPAY_ADMIN/ACTIONS_BUTTON' is present

2020-10-13 14:03:06 - [MESSAGE][PASSED] - Object 'Object Repository/CERTPAY_ADMIN/ACTIONS_BUTTON' is clickable

2020-10-13 14:03:07 - [MESSAGE][PASSED] - Object: 'Object Repository/CERTPAY_ADMIN/ACTIONS_BUTTON' is clicked on

2020-10-13 14:03:07 - [MESSAGE][PASSED] - Quicksti_Samday_FullRefunds_Admin.ts:Clicked on the Actions button

2020-10-13 14:03:07 - [TEST_STEP][PASSED] - utilities.SafeActions.safeClick(findTestObject("CERTPAY_ADMIN/REFUND_MENU"), "Refund Menu", [pageLoadTime]): Quicksti_Samday_FullRefunds_Admin.ts:Clicked on the Refund Menu

2020-10-13 14:03:07 - [MESSAGE][INFO] - safeClicking

2020-10-13 14:03:08 - [MESSAGE][PASSED] - Object 'Object Repository/CERTPAY_ADMIN/REFUND_MENU' is present

2020-10-13 14:03:08 - [MESSAGE][PASSED] - Object 'Object Repository/CERTPAY_ADMIN/REFUND_MENU' is clickable

2020-10-13 14:03:09 - [MESSAGE][PASSED] - Object: 'Object Repository/CERTPAY_ADMIN/REFUND_MENU' is clicked on

2020-10-13 14:03:09 - [MESSAGE][PASSED] - Quicksti_Samday_FullRefunds_Admin.ts:Clicked on the Refund Menu

2020-10-13 14:03:09 - [TEST_STEP][PASSED] - delay(2): Delayed 2 second(s)

2020-10-13 14:03:11 - [MESSAGE][PASSED] - Delayed 2 second(s)

2020-10-13 14:03:11 - [TEST_STEP][PASSED] - utilities.SafeActions.safeClick(findTestObject("CERTPAY_ADMIN/CREDIT_RETURN"), "Credit Return", [pageLoadTime]): Quicksti_Samday_FullRefunds_Admin.ts:Clicked on the Credit Return

2020-10-13 14:03:11 - [MESSAGE][INFO] - safeClicking

2020-10-13 14:03:12 - [MESSAGE][PASSED] - Object 'Object Repository/CERTPAY_ADMIN/CREDIT_RETURN' is present

2020-10-13 14:03:12 - [MESSAGE][PASSED] - Object 'Object Repository/CERTPAY_ADMIN/CREDIT_RETURN' is clickable

2020-10-13 14:03:13 - [MESSAGE][PASSED] - Object: 'Object Repository/CERTPAY_ADMIN/CREDIT_RETURN' is clicked on

2020-10-13 14:03:13 - [MESSAGE][PASSED] - Quicksti_Samday_FullRefunds_Admin.ts:Clicked on the Credit Return

2020-10-13 14:03:13 - [TEST_STEP][PASSED] - utilities.SafeActions.safeClick(findTestObject("Object Repository/CERTPAY_ADMIN/FULL_REFUND_BUTTON"), "Set To Full Refund", [pageLoadTime]): Quicksti_Samday_FullRefunds_Admin.ts:Clicked on the Set To Full Refund

2020-10-13 14:03:13 - [MESSAGE][INFO] - safeClicking

2020-10-13 14:03:13 - [MESSAGE][PASSED] - Object 'Object Repository/CERTPAY_ADMIN/FULL_REFUND_BUTTON' is present

2020-10-13 14:03:14 - [MESSAGE][PASSED] - Object 'Object Repository/CERTPAY_ADMIN/FULL_REFUND_BUTTON' is clickable

2020-10-13 14:03:15 - [MESSAGE][PASSED] - Object: 'Object Repository/CERTPAY_ADMIN/FULL_REFUND_BUTTON' is clicked on

2020-10-13 14:03:15 - [MESSAGE][PASSED] - Quicksti_Samday_FullRefunds_Admin.ts:Clicked on the Set To Full Refund

2020-10-13 14:03:15 - [TEST_STEP][PASSED] - utilities.SafeActions.safeClick(findTestObject("Object Repository/CERTPAY_ADMIN/PROCESS_REVERSAL"), "Process Reversal", [pageLoadTime]): Quicksti_Samday_FullRefunds_Admin.ts:Clicked on the Process Reversal

2020-10-13 14:03:15 - [MESSAGE][INFO] - safeClicking

2020-10-13 14:03:15 - [MESSAGE][PASSED] - Object 'Object Repository/CERTPAY_ADMIN/PROCESS_REVERSAL' is present

2020-10-13 14:03:16 - [MESSAGE][PASSED] - Object 'Object Repository/CERTPAY_ADMIN/PROCESS_REVERSAL' is clickable

2020-10-13 14:03:17 - [MESSAGE][PASSED] - Object: 'Object Repository/CERTPAY_ADMIN/PROCESS_REVERSAL' is clicked on

2020-10-13 14:03:17 - [MESSAGE][PASSED] - Quicksti_Samday_FullRefunds_Admin.ts:Clicked on the Process Reversal

2020-10-13 14:03:17 - [TEST_STEP][PASSED] - delay(2): Delayed 2 second(s)

2020-10-13 14:03:19 - [MESSAGE][PASSED] - Delayed 2 second(s)

2020-10-13 14:03:19 - [TEST_STEP][PASSED] - firstName = data.getValue("FirstName", index): null

2020-10-13 14:03:19 - [TEST_STEP][PASSED] - lastName = data.getValue("LastName", index): null

2020-10-13 14:03:19 - [TEST_STEP][PASSED] - expMonth = data.getValue("ExpMonth", index): null

2020-10-13 14:03:19 - [TEST_STEP][PASSED] - expYear = data.getValue("ExpYear", index): null

2020-10-13 14:03:19 - [TEST_STEP][PASSED] - securityCode = data.getValue("SecurityCode", index): null

2020-10-13 14:03:19 - [TEST_STEP][PASSED] - paymentAmount = data.getValue("PaymentAmount", index): null

2020-10-13 14:03:19 - [TEST_STEP][PASSED] - paymentType = data.getValue("PaymentType", index): null

2020-10-13 14:03:19 - [TEST_STEP][PASSED] - quantity = data.getValue("Quantity", index): null

2020-10-13 14:03:19 - [TEST_STEP][PASSED] - comments = data.getValue("Comments", index): null

2020-10-13 14:03:19 - [TEST_STEP][PASSED] - referenceNum = data.getValue("ReferenceNum", index): null

2020-10-13 14:03:19 - [TEST_STEP][PASSED] - address = data.getValue("Address", index): null

2020-10-13 14:03:19 - [TEST_STEP][PASSED] - zipCode = data.getValue("Zipcode", index): null

2020-10-13 14:03:19 - [TEST_STEP][PASSED] - telephone = data.getValue("Telephone", index): null

2020-10-13 14:03:19 - [TEST_STEP][PASSED] - emailAddress = data.getValue("EmailAddress", index): null

2020-10-13 14:03:19 - [TEST_STEP][PASSED] - cardNum = data.getValue("CardNumber", index): null

2020-10-13 14:03:19 - [TEST_STEP][PASSED] - cardType = data.getValue("CardType", index): null

2020-10-13 14:03:19 - [TEST_STEP][PASSED] - utilities.SafeActions.openBrowser(Quicksti_Url, [pageLoadTime]): Browser launched successfully

2020-10-13 14:03:19 - [MESSAGE][INFO] - Opening Browser

2020-10-13 14:03:19 - [MESSAGE][WARNING] - A browser is already opened. Closing browser and opening a new one

2020-10-13 14:03:20 - [MESSAGE][INFO] - Starting 'Chrome' driver

2020-10-13 14:03:30 - [MESSAGE][PASSED] - Browser is opened with url: 'https://qa-certpayquicksti.faps.net/'

2020-10-13 14:03:32 - [MESSAGE][PASSED] - Current window maximized

2020-10-13 14:03:32 - [MESSAGE][PASSED] - Browser launched successfully

2020-10-13 14:03:32 - [TEST_STEP][PASSED] - utilities.SafeActions.safeType(findTestObject("CERTPAY_QUICKSTI/Login_ Page/BUREAU_CODE"), bureau_code, "Bureau code", [pageLoadTime]): Quicksti_Samday_FullRefunds_Admin.ts:Entered'6100000 into Bureau code

2020-10-13 14:03:32 - [MESSAGE][PASSED] - Object 'Object Repository/CERTPAY_QUICKSTI/Login_ Page/BUREAU_CODE' is present

2020-10-13 14:03:33 - [MESSAGE][PASSED] - Object 'Object Repository/CERTPAY_QUICKSTI/Login_ Page/BUREAU_CODE' is visible

2020-10-13 14:03:33 - [MESSAGE][PASSED] - Object 'Object Repository/CERTPAY_QUICKSTI/Login_ Page/BUREAU_CODE' is present

2020-10-13 14:03:34 - [MESSAGE][PASSED] - Text '6100000' is set on object 'Object Repository/CERTPAY_QUICKSTI/Login_ Page/BUREAU_CODE'

2020-10-13 14:03:34 - [MESSAGE][PASSED] - Quicksti_Samday_FullRefunds_Admin.ts:Entered'6100000 into Bureau code

2020-10-13 14:03:34 - [TEST_STEP][PASSED] - utilities.SafeActions.safeType(findTestObject("CERTPAY_QUICKSTI/Login_ Page/TELLER_ID"), teller_id, "Bureau code", [pageLoadTime]): Quicksti_Samday_FullRefunds_Admin.ts:Entered'zenq into Bureau code

2020-10-13 14:03:34 - [MESSAGE][PASSED] - Object 'Object Repository/CERTPAY_QUICKSTI/Login_ Page/TELLER_ID' is present

2020-10-13 14:03:35 - [MESSAGE][PASSED] - Object 'Object Repository/CERTPAY_QUICKSTI/Login_ Page/TELLER_ID' is visible

2020-10-13 14:03:35 - [MESSAGE][PASSED] - Object 'Object Repository/CERTPAY_QUICKSTI/Login_ Page/TELLER_ID' is present

2020-10-13 14:03:36 - [MESSAGE][PASSED] - Text 'zenq' is set on object 'Object Repository/CERTPAY_QUICKSTI/Login_ Page/TELLER_ID'

2020-10-13 14:03:36 - [MESSAGE][PASSED] - Quicksti_Samday_FullRefunds_Admin.ts:Entered'zenq into Bureau code

2020-10-13 14:03:36 - [TEST_STEP][PASSED] - utilities.SafeActions.safeClick(findTestObject("CERTPAY_QUICKSTI/Login_ Page/NEXT_BUTTON"), "Next button", [pageLoadTime]): Quicksti_Samday_FullRefunds_Admin.ts:Clicked on the Next button

2020-10-13 14:03:36 - [MESSAGE][INFO] - safeClicking

2020-10-13 14:03:37 - [MESSAGE][PASSED] - Object 'Object Repository/CERTPAY_QUICKSTI/Login_ Page/NEXT_BUTTON' is present

2020-10-13 14:03:37 - [MESSAGE][PASSED] - Object 'Object Repository/CERTPAY_QUICKSTI/Login_ Page/NEXT_BUTTON' is clickable

2020-10-13 14:03:41 - [MESSAGE][PASSED] - Object: 'Object Repository/CERTPAY_QUICKSTI/Login_ Page/NEXT_BUTTON' is clicked on

2020-10-13 14:03:41 - [MESSAGE][PASSED] - Quicksti_Samday_FullRefunds_Admin.ts:Clicked on the Next button

2020-10-13 14:03:41 - [TEST_STEP][PASSED] - utilities.SafeActions.safeClick(findTestObject("CERTPAY_QUICKSTI/Payment_Information_Page/MANUAL_ENTRY_BUTTON"), "ManualEntry", [pageLoadTime]): Quicksti_Samday_FullRefunds_Admin.ts:Clicked on the ManualEntry

2020-10-13 14:03:41 - [MESSAGE][INFO] - safeClicking

2020-10-13 14:03:41 - [MESSAGE][PASSED] - Object 'Object Repository/CERTPAY_QUICKSTI/Payment_Information_Page/MANUAL_ENTRY_BUTTON' is present

2020-10-13 14:03:42 - [MESSAGE][PASSED] - Object 'Object Repository/CERTPAY_QUICKSTI/Payment_Information_Page/MANUAL_ENTRY_BUTTON' is clickable

2020-10-13 14:03:44 - [MESSAGE][PASSED] - Object: 'Object Repository/CERTPAY_QUICKSTI/Payment_Information_Page/MANUAL_ENTRY_BUTTON' is clicked on

2020-10-13 14:03:44 - [MESSAGE][PASSED] - Quicksti_Samday_FullRefunds_Admin.ts:Clicked on the ManualEntry

2020-10-13 14:03:44 - [TEST_STEP][PASSED] - CardNumber = pages.Quicksti.setUserPaymentDetails(firstName, lastName, cardNum): Quicksti_Samday_FullRefunds_Admin.ts:Entered'374245003731006 into CardNum

2020-10-13 14:03:44 - [MESSAGE][PASSED] - Object 'Object Repository/CERTPAY_QUICKSTI/Payment_Information_Page/FIRST_NAME' is present

2020-10-13 14:03:45 - [MESSAGE][PASSED] - Object 'Object Repository/CERTPAY_QUICKSTI/Payment_Information_Page/FIRST_NAME' is visible

2020-10-13 14:03:45 - [MESSAGE][PASSED] - Object 'Object Repository/CERTPAY_QUICKSTI/Payment_Information_Page/FIRST_NAME' is present

2020-10-13 14:03:46 - [MESSAGE][PASSED] - Text 'Tester' is set on object 'Object Repository/CERTPAY_QUICKSTI/Payment_Information_Page/FIRST_NAME'

2020-10-13 14:03:46 - [MESSAGE][PASSED] - Quicksti_Samday_FullRefunds_Admin.ts:Entered'Tester into FirstName

2020-10-13 14:03:47 - [MESSAGE][PASSED] - Object 'Object Repository/CERTPAY_QUICKSTI/Payment_Information_Page/LAST_NAME' is present

2020-10-13 14:03:47 - [MESSAGE][PASSED] - Object 'Object Repository/CERTPAY_QUICKSTI/Payment_Information_Page/LAST_NAME' is visible

2020-10-13 14:03:47 - [MESSAGE][PASSED] - Object 'Object Repository/CERTPAY_QUICKSTI/Payment_Information_Page/LAST_NAME' is present

2020-10-13 14:03:49 - [MESSAGE][PASSED] - Text 'Zenq1' is set on object 'Object Repository/CERTPAY_QUICKSTI/Payment_Information_Page/LAST_NAME'

2020-10-13 14:03:49 - [MESSAGE][PASSED] - Quicksti_Samday_FullRefunds_Admin.ts:Entered'Zenq1 into LAstName

2020-10-13 14:03:49 - [MESSAGE][PASSED] - Object 'Object Repository/CERTPAY_QUICKSTI/Payment_Information_Page/CARD_NUMBER' is present

2020-10-13 14:03:49 - [MESSAGE][PASSED] - Object 'Object Repository/CERTPAY_QUICKSTI/Payment_Information_Page/CARD_NUMBER' is visible

2020-10-13 14:03:49 - [MESSAGE][PASSED] - Object 'Object Repository/CERTPAY_QUICKSTI/Payment_Information_Page/CARD_NUMBER' is present

2020-10-13 14:03:51 - [MESSAGE][PASSED] - Text '374245003731006' is set on object 'Object Repository/CERTPAY_QUICKSTI/Payment_Information_Page/CARD_NUMBER'

2020-10-13 14:03:51 - [MESSAGE][PASSED] - Quicksti_Samday_FullRefunds_Admin.ts:Entered'374245003731006 into CardNum

2020-10-13 14:03:51 - [TEST_STEP][PASSED] - utilities.SafeActions.safeSelectOptionInDropdownByVisibleText(findTestObject("CERTPAY_QUICKSTI/Payment_Information_Page/PAYMENT_TYPE"), paymentType, "paymentType", [pageLoadTime]): selected dropdown option by visible text  Taxesfrom paymentType

2020-10-13 14:03:51 - [MESSAGE][PASSED] - Object 'Object Repository/CERTPAY_QUICKSTI/Payment_Information_Page/PAYMENT_TYPE' is visible

2020-10-13 14:03:51 - [MESSAGE][PASSED] - Object 'Object Repository/CERTPAY_QUICKSTI/Payment_Information_Page/PAYMENT_TYPE' is present

2020-10-13 14:03:53 - [MESSAGE][PASSED] - Object: 'Object Repository/CERTPAY_QUICKSTI/Payment_Information_Page/PAYMENT_TYPE' is clicked on

2020-10-13 14:03:54 - [MESSAGE][PASSED] - All options with label 'Taxes' are selected in object 'Object Repository/CERTPAY_QUICKSTI/Payment_Information_Page/PAYMENT_TYPE'  using regular expression

2020-10-13 14:03:54 - [MESSAGE][PASSED] - selected dropdown option by visible text  Taxesfrom paymentType

2020-10-13 14:03:54 - [TEST_STEP][PASSED] - pages.Quicksti.setExpDate(expMonth, expYear, securityCode): Quicksti_Samday_FullRefunds_Admin.ts:Entered'111 into securityCode

2020-10-13 14:03:54 - [MESSAGE][PASSED] - Object 'Object Repository/CERTPAY_QUICKSTI/Payment_Information_Page/EXP_MONTH' is visible

2020-10-13 14:03:55 - [MESSAGE][PASSED] - Object 'Object Repository/CERTPAY_QUICKSTI/Payment_Information_Page/EXP_MONTH' is present

2020-10-13 14:03:56 - [MESSAGE][PASSED] - Object: 'Object Repository/CERTPAY_QUICKSTI/Payment_Information_Page/EXP_MONTH' is clicked on

2020-10-13 14:03:57 - [MESSAGE][PASSED] - All options with label '05' are selected in object 'Object Repository/CERTPAY_QUICKSTI/Payment_Information_Page/EXP_MONTH'  using regular expression

2020-10-13 14:03:57 - [MESSAGE][PASSED] - selected dropdown option by visible text  05from expMonth

2020-10-13 14:03:58 - [MESSAGE][PASSED] - Object 'Object Repository/CERTPAY_QUICKSTI/Payment_Information_Page/EXP_YEAR' is visible

2020-10-13 14:03:58 - [MESSAGE][PASSED] - Object 'Object Repository/CERTPAY_QUICKSTI/Payment_Information_Page/EXP_YEAR' is present

2020-10-13 14:03:59 - [MESSAGE][PASSED] - Object: 'Object Repository/CERTPAY_QUICKSTI/Payment_Information_Page/EXP_YEAR' is clicked on

2020-10-13 14:04:01 - [MESSAGE][PASSED] - All options with label '2022' are selected in object 'Object Repository/CERTPAY_QUICKSTI/Payment_Information_Page/EXP_YEAR'  using regular expression

2020-10-13 14:04:01 - [MESSAGE][PASSED] - selected dropdown option by visible text  2022from  expYear

2020-10-13 14:04:01 - [MESSAGE][PASSED] - Object 'Object Repository/CERTPAY_QUICKSTI/Payment_Information_Page/SECURITY_CODE' is present

2020-10-13 14:04:01 - [MESSAGE][PASSED] - Object 'Object Repository/CERTPAY_QUICKSTI/Payment_Information_Page/SECURITY_CODE' is visible

2020-10-13 14:04:02 - [MESSAGE][PASSED] - Object 'Object Repository/CERTPAY_QUICKSTI/Payment_Information_Page/SECURITY_CODE' is present

2020-10-13 14:04:03 - [MESSAGE][PASSED] - Text '111' is set on object 'Object Repository/CERTPAY_QUICKSTI/Payment_Information_Page/SECURITY_CODE'

2020-10-13 14:04:03 - [MESSAGE][PASSED] - Quicksti_Samday_FullRefunds_Admin.ts:Entered'111 into securityCode

2020-10-13 14:04:03 - [TEST_STEP][PASSED] - pages.Quicksti.setPaymentAmountDetailsForSinglePayment(paymentAmount, quantity): Quicksti_Samday_FullRefunds_Admin.ts:Entered'1 into Quantity

2020-10-13 14:04:03 - [MESSAGE][PASSED] - Object 'Object Repository/CERTPAY_QUICKSTI/Payment_Information_Page/PAYMENT_AMOUNT' is present

2020-10-13 14:04:04 - [MESSAGE][PASSED] - Object 'Object Repository/CERTPAY_QUICKSTI/Payment_Information_Page/PAYMENT_AMOUNT' is visible

2020-10-13 14:04:04 - [MESSAGE][PASSED] - Object 'Object Repository/CERTPAY_QUICKSTI/Payment_Information_Page/PAYMENT_AMOUNT' is present

2020-10-13 14:04:05 - [MESSAGE][PASSED] - Text '35.00' is set on object 'Object Repository/CERTPAY_QUICKSTI/Payment_Information_Page/PAYMENT_AMOUNT'

2020-10-13 14:04:05 - [MESSAGE][PASSED] - Quicksti_Samday_FullRefunds_Admin.ts:Entered'35.00 into amount

2020-10-13 14:04:06 - [MESSAGE][PASSED] - Object 'Object Repository/CERTPAY_QUICKSTI/Payment_Information_Page/QUANTITY' is present

2020-10-13 14:04:06 - [MESSAGE][PASSED] - Object 'Object Repository/CERTPAY_QUICKSTI/Payment_Information_Page/QUANTITY' is visible

2020-10-13 14:04:06 - [MESSAGE][PASSED] - Object 'Object Repository/CERTPAY_QUICKSTI/Payment_Information_Page/QUANTITY' is present

2020-10-13 14:04:08 - [MESSAGE][PASSED] - Text '1' is set on object 'Object Repository/CERTPAY_QUICKSTI/Payment_Information_Page/QUANTITY'

2020-10-13 14:04:08 - [MESSAGE][PASSED] - Quicksti_Samday_FullRefunds_Admin.ts:Entered'1 into Quantity

2020-10-13 14:04:08 - [TEST_STEP][PASSED] - utilities.SafeActions.safeType(findTestObject("CERTPAY_QUICKSTI/Payment_Information_Page/REFRENCE_NUMBER"), referenceNum, "Reference Number", [pageLoadTime]): Quicksti_Samday_FullRefunds_Admin.ts:Entered'11 into Reference Number

2020-10-13 14:04:08 - [MESSAGE][PASSED] - Object 'Object Repository/CERTPAY_QUICKSTI/Payment_Information_Page/REFRENCE_NUMBER' is present

2020-10-13 14:04:08 - [MESSAGE][PASSED] - Object 'Object Repository/CERTPAY_QUICKSTI/Payment_Information_Page/REFRENCE_NUMBER' is visible

2020-10-13 14:04:09 - [MESSAGE][PASSED] - Object 'Object Repository/CERTPAY_QUICKSTI/Payment_Information_Page/REFRENCE_NUMBER' is present

2020-10-13 14:04:10 - [MESSAGE][PASSED] - Text '11' is set on object 'Object Repository/CERTPAY_QUICKSTI/Payment_Information_Page/REFRENCE_NUMBER'

2020-10-13 14:04:10 - [MESSAGE][PASSED] - Quicksti_Samday_FullRefunds_Admin.ts:Entered'11 into Reference Number

2020-10-13 14:04:10 - [TEST_STEP][PASSED] - amount_Value = pages.Quicksti.getAttributeValue(findTestObject("CERTPAY_QUICKSTI/Payment_Information_Page/SUB_TOTAL")): pages.Quicksti.getAttributeValue is PASSED

2020-10-13 14:04:10 - [MESSAGE][PASSED] - Attribute 'value' of object 'Object Repository/CERTPAY_QUICKSTI/Payment_Information_Page/SUB_TOTAL' is: '35.00'

2020-10-13 14:04:10 - [MESSAGE][PASSED] - pages.Quicksti.getAttributeValue is PASSED

2020-10-13 14:04:10 - [TEST_STEP][PASSED] - utilities.SafeActions.safeType(findTestObject("CERTPAY_QUICKSTI/Payment_Information_Page/COMMENTS"), "Testing", "Comments", [pageLoadTime]): Quicksti_Samday_FullRefunds_Admin.ts:Entered'Testing into Comments

2020-10-13 14:04:11 - [MESSAGE][PASSED] - Object 'Object Repository/CERTPAY_QUICKSTI/Payment_Information_Page/COMMENTS' is present

2020-10-13 14:04:11 - [MESSAGE][PASSED] - Object 'Object Repository/CERTPAY_QUICKSTI/Payment_Information_Page/COMMENTS' is visible

2020-10-13 14:04:11 - [MESSAGE][PASSED] - Object 'Object Repository/CERTPAY_QUICKSTI/Payment_Information_Page/COMMENTS' is present

2020-10-13 14:04:13 - [MESSAGE][PASSED] - Text 'Testing' is set on object 'Object Repository/CERTPAY_QUICKSTI/Payment_Information_Page/COMMENTS'

2020-10-13 14:04:13 - [MESSAGE][PASSED] - Quicksti_Samday_FullRefunds_Admin.ts:Entered'Testing into Comments

2020-10-13 14:04:13 - [TEST_STEP][PASSED] - utilities.SafeActions.safeType(findTestObject("CERTPAY_QUICKSTI/Payment_Information_Page/ADDRESS"), address, "Address", [pageLoadTime]): Quicksti_Samday_FullRefunds_Admin.ts:Entered'14-2 into Address

2020-10-13 14:04:13 - [MESSAGE][PASSED] - Object 'Object Repository/CERTPAY_QUICKSTI/Payment_Information_Page/ADDRESS' is present

2020-10-13 14:04:13 - [MESSAGE][PASSED] - Object 'Object Repository/CERTPAY_QUICKSTI/Payment_Information_Page/ADDRESS' is visible

2020-10-13 14:04:14 - [MESSAGE][PASSED] - Object 'Object Repository/CERTPAY_QUICKSTI/Payment_Information_Page/ADDRESS' is present

2020-10-13 14:04:15 - [MESSAGE][PASSED] - Text '14-2' is set on object 'Object Repository/CERTPAY_QUICKSTI/Payment_Information_Page/ADDRESS'

2020-10-13 14:04:15 - [MESSAGE][PASSED] - Quicksti_Samday_FullRefunds_Admin.ts:Entered'14-2 into Address

2020-10-13 14:04:15 - [TEST_STEP][PASSED] - utilities.SafeActions.safeType(findTestObject("CERTPAY_QUICKSTI/Payment_Information_Page/ZIP_CODE"), zipCode, "zipcode", [pageLoadTime]): Quicksti_Samday_FullRefunds_Admin.ts:Entered'76102 into zipcode

2020-10-13 14:04:15 - [MESSAGE][PASSED] - Object 'Object Repository/CERTPAY_QUICKSTI/Payment_Information_Page/ZIP_CODE' is present

2020-10-13 14:04:16 - [MESSAGE][PASSED] - Object 'Object Repository/CERTPAY_QUICKSTI/Payment_Information_Page/ZIP_CODE' is visible

2020-10-13 14:04:16 - [MESSAGE][PASSED] - Object 'Object Repository/CERTPAY_QUICKSTI/Payment_Information_Page/ZIP_CODE' is present

2020-10-13 14:04:17 - [MESSAGE][PASSED] - Text '76102' is set on object 'Object Repository/CERTPAY_QUICKSTI/Payment_Information_Page/ZIP_CODE'

2020-10-13 14:04:17 - [MESSAGE][PASSED] - Quicksti_Samday_FullRefunds_Admin.ts:Entered'76102 into zipcode

2020-10-13 14:04:17 - [TEST_STEP][PASSED] - utilities.SafeActions.safeType(findTestObject("CERTPAY_QUICKSTI/Payment_Information_Page/TELEPHONE"), telephone, "Telephone", [pageLoadTime]): Quicksti_Samday_FullRefunds_Admin.ts:Entered'9989897654 into Telephone

2020-10-13 14:04:17 - [MESSAGE][PASSED] - Object 'Object Repository/CERTPAY_QUICKSTI/Payment_Information_Page/TELEPHONE' is present

2020-10-13 14:04:18 - [MESSAGE][PASSED] - Object 'Object Repository/CERTPAY_QUICKSTI/Payment_Information_Page/TELEPHONE' is visible

2020-10-13 14:04:18 - [MESSAGE][PASSED] - Object 'Object Repository/CERTPAY_QUICKSTI/Payment_Information_Page/TELEPHONE' is present

2020-10-13 14:04:19 - [MESSAGE][PASSED] - Text '9989897654' is set on object 'Object Repository/CERTPAY_QUICKSTI/Payment_Information_Page/TELEPHONE'

2020-10-13 14:04:19 - [MESSAGE][PASSED] - Quicksti_Samday_FullRefunds_Admin.ts:Entered'9989897654 into Telephone

2020-10-13 14:04:19 - [TEST_STEP][PASSED] - utilities.SafeActions.safeType(findTestObject("CERTPAY_QUICKSTI/Payment_Information_Page/EMAIL_ADDRESS"), emailAddress, "EMAIL address", [pageLoadTime]): Quicksti_Samday_FullRefunds_Admin.ts:Entered'testing@zenq.com into EMAIL address

2020-10-13 14:04:20 - [MESSAGE][PASSED] - Object 'Object Repository/CERTPAY_QUICKSTI/Payment_Information_Page/EMAIL_ADDRESS' is present

2020-10-13 14:04:20 - [MESSAGE][PASSED] - Object 'Object Repository/CERTPAY_QUICKSTI/Payment_Information_Page/EMAIL_ADDRESS' is visible

2020-10-13 14:04:20 - [MESSAGE][PASSED] - Object 'Object Repository/CERTPAY_QUICKSTI/Payment_Information_Page/EMAIL_ADDRESS' is present

2020-10-13 14:04:22 - [MESSAGE][PASSED] - Text 'testing@zenq.com' is set on object 'Object Repository/CERTPAY_QUICKSTI/Payment_Information_Page/EMAIL_ADDRESS'

2020-10-13 14:04:22 - [MESSAGE][PASSED] - Quicksti_Samday_FullRefunds_Admin.ts:Entered'testing@zenq.com into EMAIL address

2020-10-13 14:04:22 - [TEST_STEP][PASSED] - utilities.SafeActions.safeClick(findTestObject("CERTPAY_QUICKSTI/Payment_Information_Page/NEXT_BUTTON"), "Next", [pageLoadTime]): Quicksti_Samday_FullRefunds_Admin.ts:Clicked on the Next

2020-10-13 14:04:22 - [MESSAGE][INFO] - safeClicking

2020-10-13 14:04:22 - [MESSAGE][PASSED] - Object 'Object Repository/CERTPAY_QUICKSTI/Payment_Information_Page/NEXT_BUTTON' is present

2020-10-13 14:04:22 - [MESSAGE][PASSED] - Object 'Object Repository/CERTPAY_QUICKSTI/Payment_Information_Page/NEXT_BUTTON' is clickable

2020-10-13 14:04:26 - [MESSAGE][PASSED] - Object: 'Object Repository/CERTPAY_QUICKSTI/Payment_Information_Page/NEXT_BUTTON' is clicked on

2020-10-13 14:04:26 - [MESSAGE][PASSED] - Quicksti_Samday_FullRefunds_Admin.ts:Clicked on the Next

2020-10-13 14:04:26 - [TEST_STEP][PASSED] - pages.Quicksti.verifyUserPaymentDetails(paymentAmount, firstName, lastName, CardNumber): pages.Quicksti.verifyUserPaymentDetails is PASSED

2020-10-13 14:04:26 - [MESSAGE][PASSED] - Text of object 'Object Repository/CERTPAY_QUICKSTI/Payment_Details_Verification_Page/AMOUNT' is: '$35.00'

2020-10-13 14:04:26 - [MESSAGE][PASSED] - Actual text '35.00' and expected text '35.00' are matched  using regular expression

2020-10-13 14:04:26 - [MESSAGE][PASSED] - Text of object 'Object Repository/CERTPAY_QUICKSTI/Payment_Details_Verification_Page/NAME' is: 'Tester Zenq1'

2020-10-13 14:04:26 - [MESSAGE][PASSED] - Actual text 'Tester Zenq1' and expected text 'Tester Zenq1' are matched  using regular expression

2020-10-13 14:04:27 - [MESSAGE][PASSED] - Text of object 'Object Repository/CERTPAY_QUICKSTI/Payment_Details_Verification_Page/CARD_NUMBER' is: '...1006'

2020-10-13 14:04:27 - [MESSAGE][PASSED] - Actual text '1006' and expected text '1006' are matched  using regular expression

2020-10-13 14:04:27 - [MESSAGE][PASSED] - pages.Quicksti.verifyUserPaymentDetails is PASSED

2020-10-13 14:04:27 - [TEST_STEP][PASSED] - delay(2): Delayed 2 second(s)

2020-10-13 14:04:29 - [MESSAGE][PASSED] - Delayed 2 second(s)

2020-10-13 14:04:29 - [TEST_STEP][PASSED] - scrollToElement(findTestObject("CERTPAY_QUICKSTI/Payment_Details_Verification_Page/PROCESS"), 30): Scroll to object 'Object Repository/CERTPAY_QUICKSTI/Payment_Details_Verification_Page/PROCESS' successfully

2020-10-13 14:04:29 - [MESSAGE][PASSED] - Scroll to object 'Object Repository/CERTPAY_QUICKSTI/Payment_Details_Verification_Page/PROCESS' successfully

2020-10-13 14:04:29 - [TEST_STEP][PASSED] - utilities.SafeActions.safeClick(findTestObject("CERTPAY_QUICKSTI/Payment_Details_Verification_Page/PROCESS"), "Process", [pageLoadTime]): Quicksti_Samday_FullRefunds_Admin.ts:Clicked on the Process

2020-10-13 14:04:29 - [MESSAGE][INFO] - safeClicking

2020-10-13 14:04:30 - [MESSAGE][PASSED] - Object 'Object Repository/CERTPAY_QUICKSTI/Payment_Details_Verification_Page/PROCESS' is present

2020-10-13 14:04:30 - [MESSAGE][PASSED] - Object 'Object Repository/CERTPAY_QUICKSTI/Payment_Details_Verification_Page/PROCESS' is clickable

2020-10-13 14:04:34 - [MESSAGE][PASSED] - Object: 'Object Repository/CERTPAY_QUICKSTI/Payment_Details_Verification_Page/PROCESS' is clicked on

2020-10-13 14:04:34 - [MESSAGE][PASSED] - Quicksti_Samday_FullRefunds_Admin.ts:Clicked on the Process

2020-10-13 14:04:34 - [TEST_STEP][PASSED] - paymentId = pages.Quicksti.verifyPaymentApproval(findTestObject("CERTPAY_QUICKSTI/Payment_Details_Verification_Page/APPROVED")): Payment is approved

2020-10-13 14:04:34 - [MESSAGE][PASSED] - Text of object 'Object Repository/CERTPAY_QUICKSTI/Payment_Details_Verification_Page/PAYMENT_ID' is: '100176127558'

2020-10-13 14:04:34 - [MESSAGE][PASSED] - Object 'Object Repository/CERTPAY_QUICKSTI/Payment_Details_Verification_Page/APPROVED' is present

2020-10-13 14:04:34 - [MESSAGE][PASSED] - Payment is approved

2020-10-13 14:04:36 - [TEST_STEP][PASSED] - navigateToUrl(Admin_url): Navigate to 'https://qa-certpayadmin.faps.net' successfully

2020-10-13 14:04:41 - [MESSAGE][PASSED] - Navigate to 'https://qa-certpayadmin.faps.net' successfully

2020-10-13 14:04:41 - [TEST_STEP][PASSED] - pages.Bureau_Login_Page.loginToAdminSite(AdminUsername, AdminPassword): Quicksti_Samday_FullRefunds_Admin.ts:Clicked on the LOGIN

2020-10-13 14:04:41 - [MESSAGE][PASSED] - Object 'Object Repository/CERTPAY_ADMIN/USER_NAME' is present

2020-10-13 14:04:42 - [MESSAGE][PASSED] - Object 'Object Repository/CERTPAY_ADMIN/USER_NAME' is visible

2020-10-13 14:04:42 - [MESSAGE][PASSED] - Object 'Object Repository/CERTPAY_ADMIN/USER_NAME' is present

2020-10-13 14:04:43 - [MESSAGE][PASSED] - Text 'VVangiliappan' is set on object 'Object Repository/CERTPAY_ADMIN/USER_NAME'

2020-10-13 14:04:43 - [MESSAGE][PASSED] - Quicksti_Samday_FullRefunds_Admin.ts:Entered'VVangiliappan into username

2020-10-13 14:04:44 - [MESSAGE][PASSED] - Object 'Object Repository/CERTPAY_ADMIN/PASSWORD' is present

2020-10-13 14:04:44 - [MESSAGE][PASSED] - Object 'Object Repository/CERTPAY_ADMIN/PASSWORD' is visible

2020-10-13 14:04:44 - [MESSAGE][PASSED] - Object 'Object Repository/CERTPAY_ADMIN/PASSWORD' is present

2020-10-13 14:04:45 - [MESSAGE][PASSED] - Text 'Test@123' is set on object 'Object Repository/CERTPAY_ADMIN/PASSWORD'

2020-10-13 14:04:45 - [MESSAGE][PASSED] - Quicksti_Samday_FullRefunds_Admin.ts:Entered'Test@123 into password

2020-10-13 14:04:45 - [MESSAGE][INFO] - safeClicking

2020-10-13 14:04:46 - [MESSAGE][PASSED] - Object 'Object Repository/CERTPAY_ADMIN/LOGIN_BUTTON' is present

2020-10-13 14:04:46 - [MESSAGE][PASSED] - Object 'Object Repository/CERTPAY_ADMIN/LOGIN_BUTTON' is clickable

2020-10-13 14:04:54 - [MESSAGE][PASSED] - Object: 'Object Repository/CERTPAY_ADMIN/LOGIN_BUTTON' is clicked on

2020-10-13 14:04:54 - [MESSAGE][PASSED] - Quicksti_Samday_FullRefunds_Admin.ts:Clicked on the LOGIN

2020-10-13 14:04:54 - [TEST_STEP][PASSED] - utilities.SafeActions.safeClick(findTestObject("CERTPAY_ADMIN/TRANSACTION_MENU"), "TransactionMenu", [pageLoadTime]): Quicksti_Samday_FullRefunds_Admin.ts:Clicked on the TransactionMenu

2020-10-13 14:04:54 - [MESSAGE][INFO] - safeClicking

2020-10-13 14:04:54 - [MESSAGE][PASSED] - Object 'Object Repository/CERTPAY_ADMIN/TRANSACTION_MENU' is present

2020-10-13 14:04:54 - [MESSAGE][PASSED] - Object 'Object Repository/CERTPAY_ADMIN/TRANSACTION_MENU' is clickable

2020-10-13 14:04:55 - [MESSAGE][PASSED] - Object: 'Object Repository/CERTPAY_ADMIN/TRANSACTION_MENU' is clicked on

2020-10-13 14:04:55 - [MESSAGE][PASSED] - Quicksti_Samday_FullRefunds_Admin.ts:Clicked on the TransactionMenu

2020-10-13 14:04:55 - [TEST_STEP][PASSED] - utilities.SafeActions.safeClick(findTestObject("CERTPAY_ADMIN/TRANSACTION_SEARCH"), "TransactionSearch", [pageLoadTime]): Quicksti_Samday_FullRefunds_Admin.ts:Clicked on the TransactionSearch

2020-10-13 14:04:56 - [MESSAGE][INFO] - safeClicking

2020-10-13 14:04:56 - [MESSAGE][PASSED] - Object 'Object Repository/CERTPAY_ADMIN/TRANSACTION_SEARCH' is present

2020-10-13 14:04:56 - [MESSAGE][PASSED] - Object 'Object Repository/CERTPAY_ADMIN/TRANSACTION_SEARCH' is clickable

2020-10-13 14:05:00 - [MESSAGE][PASSED] - Object: 'Object Repository/CERTPAY_ADMIN/TRANSACTION_SEARCH' is clicked on

2020-10-13 14:05:00 - [MESSAGE][PASSED] - Quicksti_Samday_FullRefunds_Admin.ts:Clicked on the TransactionSearch

2020-10-13 14:05:00 - [TEST_STEP][PASSED] - utilities.SafeActions.safeType(findTestObject("CERTPAY_ADMIN/PAYMENT_ID"), paymentId, "Payment id", [pageLoadTime]): Quicksti_Samday_FullRefunds_Admin.ts:Entered'100176127558 into Payment id

2020-10-13 14:05:00 - [MESSAGE][PASSED] - Object 'Object Repository/CERTPAY_ADMIN/PAYMENT_ID' is present

2020-10-13 14:05:01 - [MESSAGE][PASSED] - Object 'Object Repository/CERTPAY_ADMIN/PAYMENT_ID' is visible

2020-10-13 14:05:01 - [MESSAGE][PASSED] - Object 'Object Repository/CERTPAY_ADMIN/PAYMENT_ID' is present

2020-10-13 14:05:02 - [MESSAGE][PASSED] - Text '100176127558' is set on object 'Object Repository/CERTPAY_ADMIN/PAYMENT_ID'

2020-10-13 14:05:02 - [MESSAGE][PASSED] - Quicksti_Samday_FullRefunds_Admin.ts:Entered'100176127558 into Payment id

2020-10-13 14:05:02 - [TEST_STEP][PASSED] - utilities.SafeActions.safeClick(findTestObject("CERTPAY_ADMIN/GO_BUTTON"), "Go button", [pageLoadTime]): Quicksti_Samday_FullRefunds_Admin.ts:Clicked on the Go button

2020-10-13 14:05:02 - [MESSAGE][INFO] - safeClicking

2020-10-13 14:05:03 - [MESSAGE][PASSED] - Object 'Object Repository/CERTPAY_ADMIN/GO_BUTTON' is present

2020-10-13 14:05:03 - [MESSAGE][PASSED] - Object 'Object Repository/CERTPAY_ADMIN/GO_BUTTON' is clickable

2020-10-13 14:05:06 - [MESSAGE][PASSED] - Object: 'Object Repository/CERTPAY_ADMIN/GO_BUTTON' is clicked on

2020-10-13 14:05:06 - [MESSAGE][PASSED] - Quicksti_Samday_FullRefunds_Admin.ts:Clicked on the Go button

2020-10-13 14:05:06 - [TEST_STEP][PASSED] - delay(3): Delayed 3 second(s)

2020-10-13 14:05:09 - [MESSAGE][PASSED] - Delayed 3 second(s)

2020-10-13 14:05:09 - [TEST_STEP][PASSED] - paymentIdList.add(paymentId): null

2020-10-13 14:05:09 - [TEST_STEP][PASSED] - println(paymentIdList): null

2020-10-13 14:05:09 - [TEST_STEP][PASSED] - utilities.SafeActions.safeClick(findTestObject("CERTPAY_ADMIN/ACTIONS_BUTTON"), "Actions button", [pageLoadTime]): Quicksti_Samday_FullRefunds_Admin.ts:Clicked on the Actions button

2020-10-13 14:05:09 - [MESSAGE][INFO] - safeClicking

2020-10-13 14:05:09 - [MESSAGE][PASSED] - Object 'Object Repository/CERTPAY_ADMIN/ACTIONS_BUTTON' is present

2020-10-13 14:05:10 - [MESSAGE][PASSED] - Object 'Object Repository/CERTPAY_ADMIN/ACTIONS_BUTTON' is clickable

2020-10-13 14:05:11 - [MESSAGE][PASSED] - Object: 'Object Repository/CERTPAY_ADMIN/ACTIONS_BUTTON' is clicked on

2020-10-13 14:05:11 - [MESSAGE][PASSED] - Quicksti_Samday_FullRefunds_Admin.ts:Clicked on the Actions button

2020-10-13 14:05:11 - [TEST_STEP][PASSED] - utilities.SafeActions.safeClick(findTestObject("CERTPAY_ADMIN/REFUND_MENU"), "Refund Menu", [pageLoadTime]): Quicksti_Samday_FullRefunds_Admin.ts:Clicked on the Refund Menu

2020-10-13 14:05:11 - [MESSAGE][INFO] - safeClicking

2020-10-13 14:05:11 - [MESSAGE][PASSED] - Object 'Object Repository/CERTPAY_ADMIN/REFUND_MENU' is present

2020-10-13 14:05:12 - [MESSAGE][PASSED] - Object 'Object Repository/CERTPAY_ADMIN/REFUND_MENU' is clickable

2020-10-13 14:05:13 - [MESSAGE][PASSED] - Object: 'Object Repository/CERTPAY_ADMIN/REFUND_MENU' is clicked on

2020-10-13 14:05:13 - [MESSAGE][PASSED] - Quicksti_Samday_FullRefunds_Admin.ts:Clicked on the Refund Menu

2020-10-13 14:05:13 - [TEST_STEP][PASSED] - delay(2): Delayed 2 second(s)

2020-10-13 14:05:15 - [MESSAGE][PASSED] - Delayed 2 second(s)

2020-10-13 14:05:15 - [TEST_STEP][PASSED] - utilities.SafeActions.safeClick(findTestObject("CERTPAY_ADMIN/CREDIT_RETURN"), "Credit Return", [pageLoadTime]): Quicksti_Samday_FullRefunds_Admin.ts:Clicked on the Credit Return

2020-10-13 14:05:15 - [MESSAGE][INFO] - safeClicking

2020-10-13 14:05:15 - [MESSAGE][PASSED] - Object 'Object Repository/CERTPAY_ADMIN/CREDIT_RETURN' is present

2020-10-13 14:05:16 - [MESSAGE][PASSED] - Object 'Object Repository/CERTPAY_ADMIN/CREDIT_RETURN' is clickable

2020-10-13 14:05:17 - [MESSAGE][PASSED] - Object: 'Object Repository/CERTPAY_ADMIN/CREDIT_RETURN' is clicked on

2020-10-13 14:05:17 - [MESSAGE][PASSED] - Quicksti_Samday_FullRefunds_Admin.ts:Clicked on the Credit Return

2020-10-13 14:05:17 - [TEST_STEP][PASSED] - utilities.SafeActions.safeClick(findTestObject("Object Repository/CERTPAY_ADMIN/FULL_REFUND_BUTTON"), "Set To Full Refund", [pageLoadTime]): Quicksti_Samday_FullRefunds_Admin.ts:Clicked on the Set To Full Refund

2020-10-13 14:05:17 - [MESSAGE][INFO] - safeClicking

2020-10-13 14:05:17 - [MESSAGE][PASSED] - Object 'Object Repository/CERTPAY_ADMIN/FULL_REFUND_BUTTON' is present

2020-10-13 14:05:18 - [MESSAGE][PASSED] - Object 'Object Repository/CERTPAY_ADMIN/FULL_REFUND_BUTTON' is clickable

2020-10-13 14:05:19 - [MESSAGE][PASSED] - Object: 'Object Repository/CERTPAY_ADMIN/FULL_REFUND_BUTTON' is clicked on

2020-10-13 14:05:19 - [MESSAGE][PASSED] - Quicksti_Samday_FullRefunds_Admin.ts:Clicked on the Set To Full Refund

2020-10-13 14:05:19 - [TEST_STEP][PASSED] - utilities.SafeActions.safeClick(findTestObject("Object Repository/CERTPAY_ADMIN/PROCESS_REVERSAL"), "Process Reversal", [pageLoadTime]): Quicksti_Samday_FullRefunds_Admin.ts:Clicked on the Process Reversal

2020-10-13 14:05:19 - [MESSAGE][INFO] - safeClicking

2020-10-13 14:05:19 - [MESSAGE][PASSED] - Object 'Object Repository/CERTPAY_ADMIN/PROCESS_REVERSAL' is present

2020-10-13 14:05:20 - [MESSAGE][PASSED] - Object 'Object Repository/CERTPAY_ADMIN/PROCESS_REVERSAL' is clickable

2020-10-13 14:05:21 - [MESSAGE][PASSED] - Object: 'Object Repository/CERTPAY_ADMIN/PROCESS_REVERSAL' is clicked on

2020-10-13 14:05:21 - [MESSAGE][PASSED] - Quicksti_Samday_FullRefunds_Admin.ts:Clicked on the Process Reversal

2020-10-13 14:05:21 - [TEST_STEP][PASSED] - delay(2): Delayed 2 second(s)

2020-10-13 14:05:23 - [MESSAGE][PASSED] - Delayed 2 second(s)

2020-10-13 14:05:23 - [TEST_STEP][PASSED] - Start listener action : afterTestCase: Browser is closed

2020-10-13 14:05:23 - [TEST_STEP][PASSED] - closeBrowser(): Browser is closed

2020-10-13 14:05:24 - [MESSAGE][PASSED] - Browser is closed]]></system-out>
         <system-err><![CDATA[]]></system-err>
      </testcase>
      <system-out><![CDATA[2020-10-13 13:56:51 - [TEST_SUITE][PASSED] - Quicksti_Samday_FullRefunds_Admin: Test Cases/SameDay_Refunds_Admin/TC_001_VISA_Sameday_FullRefund]]></system-out>
      <system-err><![CDATA[]]></system-err>
   </testsuite>
</testsuites>
